<?xml version="1.0" encoding="UTF-8"?>
<testsuite xmlns:xsi="http://www.w3.org/2001/XMLSchema-instance" xsi:noNamespaceSchemaLocation="https://maven.apache.org/surefire/maven-failsafe-plugin/xsd/failsafe-test-report.xsd" version="3.0.2" name="io.apicurio.tests.serdes.apicurio.ProtobufSerdeIT" time="65.159" tests="17" errors="1" skipped="0" failures="0">
  <properties>
    <property name="java.specification.version" value="17"/>
    <property name="sun.jnu.encoding" value="UTF-8"/>
    <property name="java.class.path" value="/home/runner/work/apicurio-testing/apicurio-testing/clusters/ci419/namespaces/pg17/tests/integration/apicurio-registry/integration-tests/target/test-classes:/home/runner/work/apicurio-testing/apicurio-testing/clusters/ci419/namespaces/pg17/tests/integration/apicurio-registry/integration-tests/target/apicurio-registry-integration-tests-3.0.12-SNAPSHOT.jar:/home/runner/.m2/repository/io/quarkus/quarkus-junit5/3.20.2/quarkus-junit5-3.20.2.jar:/home/runner/.m2/repository/io/quarkus/quarkus-bootstrap-core/3.20.2/quarkus-bootstrap-core-3.20.2.jar:/home/runner/.m2/repository/io/quarkus/quarkus-classloader-commons/3.20.2/quarkus-classloader-commons-3.20.2.jar:/home/runner/.m2/repository/io/quarkus/quarkus-bootstrap-app-model/3.20.2/quarkus-bootstrap-app-model-3.20.2.jar:/home/runner/.m2/repository/io/smallrye/common/smallrye-common-io/2.12.0/smallrye-common-io-2.12.0.jar:/home/runner/.m2/repository/org/eclipse/sisu/org.eclipse.sisu.inject/0.9.0.M3/org.eclipse.sisu.inject-0.9.0.M3.jar:/home/runner/.m2/repository/io/quarkus/quarkus-test-common/3.20.2/quarkus-test-common-3.20.2.jar:/home/runner/.m2/repository/io/quarkus/quarkus-core-deployment/3.20.2/quarkus-core-deployment-3.20.2.jar:/home/runner/.m2/repository/org/aesh/readline/2.6/readline-2.6.jar:/home/runner/.m2/repository/org/fusesource/jansi/jansi/2.4.0/jansi-2.4.0.jar:/home/runner/.m2/repository/org/aesh/aesh/2.8.2/aesh-2.8.2.jar:/home/runner/.m2/repository/io/quarkus/gizmo/gizmo/1.8.0/gizmo-1.8.0.jar:/home/runner/.m2/repository/org/ow2/asm/asm-util/9.7.1/asm-util-9.7.1.jar:/home/runner/.m2/repository/org/ow2/asm/asm-analysis/9.7.1/asm-analysis-9.7.1.jar:/home/runner/.m2/repository/org/ow2/asm/asm-commons/9.7.1/asm-commons-9.7.1.jar:/home/runner/.m2/repository/org/ow2/asm/asm-tree/9.7.1/asm-tree-9.7.1.jar:/home/runner/.m2/repository/io/quarkus/quarkus-hibernate-validator-spi/3.20.2/quarkus-hibernate-validator-spi-3.20.2.jar:/home/runner/.m2/repository/io/quarkus/quarkus-class-change-agent/3.20.2/quarkus-class-change-agent-3.20.2.jar:/home/runner/.m2/repository/io/quarkus/quarkus-devtools-utilities/3.20.2/quarkus-devtools-utilities-3.20.2.jar:/home/runner/.m2/repository/io/quarkus/quarkus-builder/3.20.2/quarkus-builder-3.20.2.jar:/home/runner/.m2/repository/org/graalvm/sdk/nativeimage/23.1.2/nativeimage-23.1.2.jar:/home/runner/.m2/repository/org/graalvm/sdk/word/23.1.2/word-23.1.2.jar:/home/runner/.m2/repository/io/quarkus/quarkus-bootstrap-maven-resolver/3.20.2/quarkus-bootstrap-maven-resolver-3.20.2.jar:/home/runner/.m2/repository/io/smallrye/beanbag/smallrye-beanbag-maven/1.5.2/smallrye-beanbag-maven-1.5.2.jar:/home/runner/.m2/repository/io/smallrye/beanbag/smallrye-beanbag-sisu/1.5.2/smallrye-beanbag-sisu-1.5.2.jar:/home/runner/.m2/repository/io/smallrye/beanbag/smallrye-beanbag/1.5.2/smallrye-beanbag-1.5.2.jar:/home/runner/.m2/repository/javax/inject/javax.inject/1/javax.inject-1.jar:/home/runner/.m2/repository/org/apache/maven/maven-artifact/3.9.9/maven-artifact-3.9.9.jar:/home/runner/.m2/repository/org/apache/maven/maven-builder-support/3.9.9/maven-builder-support-3.9.9.jar:/home/runner/.m2/repository/org/apache/maven/maven-model/3.9.9/maven-model-3.9.9.jar:/home/runner/.m2/repository/org/apache/maven/maven-model-builder/3.9.9/maven-model-builder-3.9.9.jar:/home/runner/.m2/repository/org/apache/maven/maven-repository-metadata/3.9.9/maven-repository-metadata-3.9.9.jar:/home/runner/.m2/repository/org/apache/maven/maven-settings/3.9.9/maven-settings-3.9.9.jar:/home/runner/.m2/repository/org/apache/maven/resolver/maven-resolver-api/1.9.22/maven-resolver-api-1.9.22.jar:/home/runner/.m2/repository/org/apache/maven/resolver/maven-resolver-impl/1.9.22/maven-resolver-impl-1.9.22.jar:/home/runner/.m2/repository/org/apache/maven/resolver/maven-resolver-named-locks/1.9.22/maven-resolver-named-locks-1.9.22.jar:/home/runner/.m2/repository/org/apache/maven/resolver/maven-resolver-spi/1.9.22/maven-resolver-spi-1.9.22.jar:/home/runner/.m2/repository/org/apache/maven/resolver/maven-resolver-util/1.9.22/maven-resolver-util-1.9.22.jar:/home/runner/.m2/repository/org/apache/maven/resolver/maven-resolver-transport-http/1.9.20/maven-resolver-transport-http-1.9.20.jar:/home/runner/.m2/repository/org/apache/maven/wagon/wagon-provider-api/3.5.3/wagon-provider-api-3.5.3.jar:/home/runner/.m2/repository/org/apache/maven/wagon/wagon-http-shared/3.5.3/wagon-http-shared-3.5.3.jar:/home/runner/.m2/repository/org/codehaus/plexus/plexus-interpolation/1.26/plexus-interpolation-1.26.jar:/home/runner/.m2/repository/org/codehaus/plexus/plexus-utils/3.5.1/plexus-utils-3.5.1.jar:/home/runner/.m2/repository/org/codehaus/plexus/plexus-xml/4.0.1/plexus-xml-4.0.1.jar:/home/runner/.m2/repository/org/apache/maven/maven-xml-impl/4.0.0-alpha-5/maven-xml-impl-4.0.0-alpha-5.jar:/home/runner/.m2/repository/org/apache/maven/maven-api-xml/4.0.0-alpha-5/maven-api-xml-4.0.0-alpha-5.jar:/home/runner/.m2/repository/org/apache/maven/maven-api-meta/4.0.0-alpha-5/maven-api-meta-4.0.0-alpha-5.jar:/home/runner/.m2/repository/org/codehaus/plexus/plexus-cipher/2.0/plexus-cipher-2.0.jar:/home/runner/.m2/repository/org/codehaus/plexus/plexus-sec-dispatcher/2.0/plexus-sec-dispatcher-2.0.jar:/home/runner/.m2/repository/org/apache/maven/maven-embedder/3.9.9/maven-embedder-3.9.9.jar:/home/runner/.m2/repository/org/apache/maven/maven-core/3.9.9/maven-core-3.9.9.jar:/home/runner/.m2/repository/org/codehaus/plexus/plexus-component-annotations/2.1.0/plexus-component-annotations-2.1.0.jar:/home/runner/.m2/repository/org/apache/maven/maven-plugin-api/3.9.9/maven-plugin-api-3.9.9.jar:/home/runner/.m2/repository/org/apache/maven/shared/maven-shared-utils/3.4.2/maven-shared-utils-3.4.2.jar:/home/runner/.m2/repository/com/google/inject/guice/5.1.0/guice-5.1.0.jar:/home/runner/.m2/repository/aopalliance/aopalliance/1.0/aopalliance-1.0.jar:/home/runner/.m2/repository/org/codehaus/plexus/plexus-classworlds/2.6.0/plexus-classworlds-2.6.0.jar:/home/runner/.m2/repository/commons-cli/commons-cli/1.8.0/commons-cli-1.8.0.jar:/home/runner/.m2/repository/org/eclipse/sisu/org.eclipse.sisu.plexus/0.9.0.M3/org.eclipse.sisu.plexus-0.9.0.M3.jar:/home/runner/.m2/repository/org/apache/maven/maven-settings-builder/3.9.9/maven-settings-builder-3.9.9.jar:/home/runner/.m2/repository/org/apache/maven/maven-resolver-provider/3.9.9/maven-resolver-provider-3.9.9.jar:/home/runner/.m2/repository/org/apache/maven/resolver/maven-resolver-connector-basic/1.9.22/maven-resolver-connector-basic-1.9.22.jar:/home/runner/.m2/repository/org/apache/maven/resolver/maven-resolver-transport-wagon/1.9.22/maven-resolver-transport-wagon-1.9.22.jar:/home/runner/.m2/repository/org/apache/maven/wagon/wagon-http/3.5.3/wagon-http-3.5.3.jar:/home/runner/.m2/repository/org/apache/maven/wagon/wagon-file/3.5.3/wagon-file-3.5.3.jar:/home/runner/.m2/repository/io/quarkus/quarkus-bootstrap-gradle-resolver/3.20.2/quarkus-bootstrap-gradle-resolver-3.20.2.jar:/home/runner/.m2/repository/io/smallrye/jandex/3.3.0/jandex-3.3.0.jar:/home/runner/.m2/repository/org/jboss/logging/commons-logging-jboss-logging/1.0.0.Final/commons-logging-jboss-logging-1.0.0.Final.jar:/home/runner/.m2/repository/io/quarkus/quarkus-junit5-config/3.20.2/quarkus-junit5-config-3.20.2.jar:/home/runner/.m2/repository/org/junit/jupiter/junit-jupiter-api/5.12.1/junit-jupiter-api-5.12.1.jar:/home/runner/.m2/repository/io/smallrye/config/smallrye-config/3.11.4/smallrye-config-3.11.4.jar:/home/runner/.m2/repository/io/smallrye/config/smallrye-config-core/3.11.4/smallrye-config-core-3.11.4.jar:/home/runner/.m2/repository/io/smallrye/common/smallrye-common-classloader/2.12.0/smallrye-common-classloader-2.12.0.jar:/home/runner/.m2/repository/io/smallrye/config/smallrye-config-common/3.11.4/smallrye-config-common-3.11.4.jar:/home/runner/.m2/repository/org/junit/jupiter/junit-jupiter/5.12.1/junit-jupiter-5.12.1.jar:/home/runner/.m2/repository/org/junit/jupiter/junit-jupiter-params/5.12.1/junit-jupiter-params-5.12.1.jar:/home/runner/.m2/repository/org/junit/jupiter/junit-jupiter-engine/5.12.1/junit-jupiter-engine-5.12.1.jar:/home/runner/.m2/repository/io/quarkus/quarkus-core/3.20.2/quarkus-core-3.20.2.jar:/home/runner/.m2/repository/jakarta/enterprise/jakarta.enterprise.cdi-api/4.1.0/jakarta.enterprise.cdi-api-4.1.0.jar:/home/runner/.m2/repository/jakarta/enterprise/jakarta.enterprise.lang-model/4.1.0/jakarta.enterprise.lang-model-4.1.0.jar:/home/runner/.m2/repository/jakarta/el/jakarta.el-api/5.0.1/jakarta.el-api-5.0.1.jar:/home/runner/.m2/repository/jakarta/interceptor/jakarta.interceptor-api/2.2.0/jakarta.interceptor-api-2.2.0.jar:/home/runner/.m2/repository/jakarta/inject/jakarta.inject-api/2.0.1/jakarta.inject-api-2.0.1.jar:/home/runner/.m2/repository/io/smallrye/common/smallrye-common-os/2.12.0/smallrye-common-os-2.12.0.jar:/home/runner/.m2/repository/io/quarkus/quarkus-ide-launcher/3.20.2/quarkus-ide-launcher-3.20.2.jar:/home/runner/.m2/repository/io/quarkus/quarkus-development-mode-spi/3.20.2/quarkus-development-mode-spi-3.20.2.jar:/home/runner/.m2/repository/org/jboss/logging/jboss-logging/3.6.1.Final/jboss-logging-3.6.1.Final.jar:/home/runner/.m2/repository/org/jboss/logmanager/jboss-logmanager/3.1.2.Final/jboss-logmanager-3.1.2.Final.jar:/home/runner/.m2/repository/io/smallrye/common/smallrye-common-constraint/2.12.0/smallrye-common-constraint-2.12.0.jar:/home/runner/.m2/repository/io/smallrye/common/smallrye-common-cpu/2.12.0/smallrye-common-cpu-2.12.0.jar:/home/runner/.m2/repository/io/smallrye/common/smallrye-common-expression/2.12.0/smallrye-common-expression-2.12.0.jar:/home/runner/.m2/repository/io/smallrye/common/smallrye-common-net/2.12.0/smallrye-common-net-2.12.0.jar:/home/runner/.m2/repository/io/smallrye/common/smallrye-common-ref/2.12.0/smallrye-common-ref-2.12.0.jar:/home/runner/.m2/repository/jakarta/json/jakarta.json-api/2.1.3/jakarta.json-api-2.1.3.jar:/home/runner/.m2/repository/org/eclipse/parsson/parsson/1.1.7/parsson-1.1.7.jar:/home/runner/.m2/repository/org/jboss/logging/jboss-logging-annotations/3.0.4.Final/jboss-logging-annotations-3.0.4.Final.jar:/home/runner/.m2/repository/org/jboss/threads/jboss-threads/3.8.0.Final/jboss-threads-3.8.0.Final.jar:/home/runner/.m2/repository/io/smallrye/common/smallrye-common-annotation/2.12.0/smallrye-common-annotation-2.12.0.jar:/home/runner/.m2/repository/io/smallrye/common/smallrye-common-function/2.12.0/smallrye-common-function-2.12.0.jar:/home/runner/.m2/repository/org/jboss/slf4j/slf4j-jboss-logmanager/2.0.0.Final/slf4j-jboss-logmanager-2.0.0.Final.jar:/home/runner/.m2/repository/org/wildfly/common/wildfly-common/2.0.1/wildfly-common-2.0.1.jar:/home/runner/.m2/repository/io/quarkus/quarkus-bootstrap-runner/3.20.2/quarkus-bootstrap-runner-3.20.2.jar:/home/runner/.m2/repository/io/github/crac/org-crac/0.1.3/org-crac-0.1.3.jar:/home/runner/.m2/repository/io/quarkus/quarkus-fs-util/0.0.10/quarkus-fs-util-0.0.10.jar:/home/runner/.m2/repository/org/jboss/marshalling/jboss-marshalling/2.2.2.Final/jboss-marshalling-2.2.2.Final.jar:/home/runner/.m2/repository/io/fabric8/kubernetes-client/7.1.0/kubernetes-client-7.1.0.jar:/home/runner/.m2/repository/io/fabric8/kubernetes-client-api/7.1.0/kubernetes-client-api-7.1.0.jar:/home/runner/.m2/repository/io/fabric8/kubernetes-model-core/7.1.0/kubernetes-model-core-7.1.0.jar:/home/runner/.m2/repository/io/fabric8/kubernetes-model-common/7.1.0/kubernetes-model-common-7.1.0.jar:/home/runner/.m2/repository/javax/annotation/javax.annotation-api/1.3.2/javax.annotation-api-1.3.2.jar:/home/runner/.m2/repository/io/fabric8/kubernetes-model-gatewayapi/7.1.0/kubernetes-model-gatewayapi-7.1.0.jar:/home/runner/.m2/repository/io/fabric8/kubernetes-model-resource/7.1.0/kubernetes-model-resource-7.1.0.jar:/home/runner/.m2/repository/io/fabric8/kubernetes-model-rbac/7.1.0/kubernetes-model-rbac-7.1.0.jar:/home/runner/.m2/repository/io/fabric8/kubernetes-model-admissionregistration/7.1.0/kubernetes-model-admissionregistration-7.1.0.jar:/home/runner/.m2/repository/io/fabric8/kubernetes-model-apps/7.1.0/kubernetes-model-apps-7.1.0.jar:/home/runner/.m2/repository/io/fabric8/kubernetes-model-autoscaling/7.1.0/kubernetes-model-autoscaling-7.1.0.jar:/home/runner/.m2/repository/io/fabric8/kubernetes-model-apiextensions/7.1.0/kubernetes-model-apiextensions-7.1.0.jar:/home/runner/.m2/repository/io/fabric8/kubernetes-model-batch/7.1.0/kubernetes-model-batch-7.1.0.jar:/home/runner/.m2/repository/io/fabric8/kubernetes-model-certificates/7.1.0/kubernetes-model-certificates-7.1.0.jar:/home/runner/.m2/repository/io/fabric8/kubernetes-model-coordination/7.1.0/kubernetes-model-coordination-7.1.0.jar:/home/runner/.m2/repository/io/fabric8/kubernetes-model-discovery/7.1.0/kubernetes-model-discovery-7.1.0.jar:/home/runner/.m2/repository/io/fabric8/kubernetes-model-events/7.1.0/kubernetes-model-events-7.1.0.jar:/home/runner/.m2/repository/io/fabric8/kubernetes-model-extensions/7.1.0/kubernetes-model-extensions-7.1.0.jar:/home/runner/.m2/repository/io/fabric8/kubernetes-model-flowcontrol/7.1.0/kubernetes-model-flowcontrol-7.1.0.jar:/home/runner/.m2/repository/io/fabric8/kubernetes-model-networking/7.1.0/kubernetes-model-networking-7.1.0.jar:/home/runner/.m2/repository/io/fabric8/kubernetes-model-metrics/7.1.0/kubernetes-model-metrics-7.1.0.jar:/home/runner/.m2/repository/io/fabric8/kubernetes-model-policy/7.1.0/kubernetes-model-policy-7.1.0.jar:/home/runner/.m2/repository/io/fabric8/kubernetes-model-scheduling/7.1.0/kubernetes-model-scheduling-7.1.0.jar:/home/runner/.m2/repository/io/fabric8/kubernetes-model-storageclass/7.1.0/kubernetes-model-storageclass-7.1.0.jar:/home/runner/.m2/repository/io/fabric8/kubernetes-model-node/7.1.0/kubernetes-model-node-7.1.0.jar:/home/runner/.m2/repository/org/snakeyaml/snakeyaml-engine/2.9/snakeyaml-engine-2.9.jar:/home/runner/.m2/repository/com/fasterxml/jackson/dataformat/jackson-dataformat-yaml/2.18.2/jackson-dataformat-yaml-2.18.2.jar:/home/runner/.m2/repository/com/fasterxml/jackson/datatype/jackson-datatype-jsr310/2.18.2/jackson-datatype-jsr310-2.18.2.jar:/home/runner/.m2/repository/io/fabric8/zjsonpatch/7.1.0/zjsonpatch-7.1.0.jar:/home/runner/.m2/repository/io/fabric8/kubernetes-httpclient-vertx/7.1.0/kubernetes-httpclient-vertx-7.1.0.jar:/home/runner/.m2/repository/io/vertx/vertx-web-client/4.5.16/vertx-web-client-4.5.16.jar:/home/runner/.m2/repository/io/vertx/vertx-web-common/4.5.16/vertx-web-common-4.5.16.jar:/home/runner/.m2/repository/io/vertx/vertx-auth-common/4.5.16/vertx-auth-common-4.5.16.jar:/home/runner/.m2/repository/io/vertx/vertx-uri-template/4.5.16/vertx-uri-template-4.5.16.jar:/home/runner/.m2/repository/io/fabric8/openshift-client/7.1.0/openshift-client-7.1.0.jar:/home/runner/.m2/repository/io/fabric8/openshift-client-api/7.1.0/openshift-client-api-7.1.0.jar:/home/runner/.m2/repository/io/fabric8/openshift-model/7.1.0/openshift-model-7.1.0.jar:/home/runner/.m2/repository/io/fabric8/openshift-model-autoscaling/7.1.0/openshift-model-autoscaling-7.1.0.jar:/home/runner/.m2/repository/io/fabric8/openshift-model-operator/7.1.0/openshift-model-operator-7.1.0.jar:/home/runner/.m2/repository/io/fabric8/openshift-model-operatorhub/7.1.0/openshift-model-operatorhub-7.1.0.jar:/home/runner/.m2/repository/io/fabric8/openshift-model-machine/7.1.0/openshift-model-machine-7.1.0.jar:/home/runner/.m2/repository/io/fabric8/openshift-model-whereabouts/7.1.0/openshift-model-whereabouts-7.1.0.jar:/home/runner/.m2/repository/io/fabric8/openshift-model-monitoring/7.1.0/openshift-model-monitoring-7.1.0.jar:/home/runner/.m2/repository/io/fabric8/openshift-model-storageversionmigrator/7.1.0/openshift-model-storageversionmigrator-7.1.0.jar:/home/runner/.m2/repository/io/fabric8/openshift-model-tuned/7.1.0/openshift-model-tuned-7.1.0.jar:/home/runner/.m2/repository/io/fabric8/openshift-model-console/7.1.0/openshift-model-console-7.1.0.jar:/home/runner/.m2/repository/io/fabric8/openshift-model-config/7.1.0/openshift-model-config-7.1.0.jar:/home/runner/.m2/repository/io/fabric8/openshift-model-machineconfiguration/7.1.0/openshift-model-machineconfiguration-7.1.0.jar:/home/runner/.m2/repository/io/fabric8/openshift-model-miscellaneous/7.1.0/openshift-model-miscellaneous-7.1.0.jar:/home/runner/.m2/repository/io/fabric8/openshift-model-hive/7.1.0/openshift-model-hive-7.1.0.jar:/home/runner/.m2/repository/io/fabric8/openshift-model-installer/7.1.0/openshift-model-installer-7.1.0.jar:/home/runner/.m2/repository/org/junit/platform/junit-platform-launcher/1.12.1/junit-platform-launcher-1.12.1.jar:/home/runner/.m2/repository/org/junit/platform/junit-platform-engine/1.12.1/junit-platform-engine-1.12.1.jar:/home/runner/.m2/repository/org/opentest4j/opentest4j/1.3.0/opentest4j-1.3.0.jar:/home/runner/.m2/repository/org/junit/platform/junit-platform-commons/1.12.1/junit-platform-commons-1.12.1.jar:/home/runner/.m2/repository/org/apiguardian/apiguardian-api/1.1.2/apiguardian-api-1.1.2.jar:/home/runner/.m2/repository/jakarta/ws/rs/jakarta.ws.rs-api/3.1.0/jakarta.ws.rs-api-3.1.0.jar:/home/runner/work/apicurio-testing/apicurio-testing/clusters/ci419/namespaces/pg17/tests/integration/apicurio-registry/java-sdk/target/apicurio-registry-java-sdk-3.0.12-SNAPSHOT.jar:/home/runner/.m2/repository/com/microsoft/kiota/microsoft-kiota-abstractions/1.8.8/microsoft-kiota-abstractions-1.8.8.jar:/home/runner/.m2/repository/io/github/std-uritemplate/std-uritemplate/2.0.0/std-uritemplate-2.0.0.jar:/home/runner/.m2/repository/io/kiota/kiota-http-jdk/0.0.29/kiota-http-jdk-0.0.29.jar:/home/runner/.m2/repository/io/kiota/kiota-http-vertx/0.0.29/kiota-http-vertx-0.0.29.jar:/home/runner/.m2/repository/io/kiota/kiota-serialization-jackson/0.0.29/kiota-serialization-jackson-0.0.29.jar:/home/runner/.m2/repository/com/microsoft/kiota/microsoft-kiota-serialization-text/1.8.8/microsoft-kiota-serialization-text-1.8.8.jar:/home/runner/.m2/repository/com/microsoft/kiota/microsoft-kiota-serialization-form/1.8.8/microsoft-kiota-serialization-form-1.8.8.jar:/home/runner/.m2/repository/com/microsoft/kiota/microsoft-kiota-serialization-multipart/1.8.8/microsoft-kiota-serialization-multipart-1.8.8.jar:/home/runner/.m2/repository/jakarta/annotation/jakarta.annotation-api/3.0.0/jakarta.annotation-api-3.0.0.jar:/home/runner/.m2/repository/io/vertx/vertx-auth-oauth2/4.5.16/vertx-auth-oauth2-4.5.16.jar:/home/runner/work/apicurio-testing/apicurio-testing/clusters/ci419/namespaces/pg17/tests/integration/apicurio-registry/java-sdk-v2/target/apicurio-registry-v2-java-sdk-3.0.12-SNAPSHOT.jar:/home/runner/work/apicurio-testing/apicurio-testing/clusters/ci419/namespaces/pg17/tests/integration/apicurio-registry/utils/kafka/target/apicurio-registry-utils-kafka-3.0.12-SNAPSHOT-tests.jar:/home/runner/.m2/repository/org/eclipse/microprofile/config/microprofile-config-api/3.1/microprofile-config-api-3.1.jar:/home/runner/.m2/repository/org/apache/kafka/kafka-clients/3.9.1/kafka-clients-3.9.1.jar:/home/runner/.m2/repository/com/github/luben/zstd-jni/1.5.6-4/zstd-jni-1.5.6-4.jar:/home/runner/.m2/repository/org/lz4/lz4-java/1.8.0/lz4-java-1.8.0.jar:/home/runner/.m2/repository/org/xerial/snappy/snappy-java/1.1.10.5/snappy-java-1.1.10.5.jar:/home/runner/.m2/repository/org/slf4j/slf4j-api/2.0.6/slf4j-api-2.0.6.jar:/home/runner/work/apicurio-testing/apicurio-testing/clusters/ci419/namespaces/pg17/tests/integration/apicurio-registry/utils/tests/target/apicurio-registry-utils-tests-3.0.12-SNAPSHOT.jar:/home/runner/work/apicurio-testing/apicurio-testing/clusters/ci419/namespaces/pg17/tests/integration/apicurio-registry/common/target/apicurio-registry-common-3.0.12-SNAPSHOT.jar:/home/runner/.m2/repository/jakarta/validation/jakarta.validation-api/3.0.2/jakarta.validation-api-3.0.2.jar:/home/runner/.m2/repository/com/github/dasniko/testcontainers-keycloak/3.8.0/testcontainers-keycloak-3.8.0.jar:/home/runner/.m2/repository/org/testcontainers/testcontainers/1.20.6/testcontainers-1.20.6.jar:/home/runner/.m2/repository/org/rnorth/duct-tape/duct-tape/1.0.8/duct-tape-1.0.8.jar:/home/runner/.m2/repository/com/github/docker-java/docker-java-transport-zerodep/3.4.1/docker-java-transport-zerodep-3.4.1.jar:/home/runner/.m2/repository/com/github/docker-java/docker-java-transport/3.4.1/docker-java-transport-3.4.1.jar:/home/runner/.m2/repository/net/java/dev/jna/jna/5.8.0/jna-5.8.0.jar:/home/runner/.m2/repository/io/quarkus/quarkus-junit4-mock/3.20.2/quarkus-junit4-mock-3.20.2.jar:/home/runner/.m2/repository/org/jboss/shrinkwrap/shrinkwrap-api/2.0.0-beta-2/shrinkwrap-api-2.0.0-beta-2.jar:/home/runner/.m2/repository/org/jboss/shrinkwrap/shrinkwrap-impl-base/2.0.0-beta-2/shrinkwrap-impl-base-2.0.0-beta-2.jar:/home/runner/.m2/repository/org/jboss/shrinkwrap/shrinkwrap-spi/2.0.0-beta-2/shrinkwrap-spi-2.0.0-beta-2.jar:/home/runner/.m2/repository/org/keycloak/keycloak-admin-client/26.0.4/keycloak-admin-client-26.0.4.jar:/home/runner/.m2/repository/org/keycloak/keycloak-client-common-synced/26.0.4/keycloak-client-common-synced-26.0.4.jar:/home/runner/.m2/repository/jakarta/activation/jakarta.activation-api/2.1.3/jakarta.activation-api-2.1.3.jar:/home/runner/.m2/repository/org/eclipse/microprofile/openapi/microprofile-openapi-api/4.0.2/microprofile-openapi-api-4.0.2.jar:/home/runner/.m2/repository/org/jboss/resteasy/resteasy-client/6.2.12.Final/resteasy-client-6.2.12.Final.jar:/home/runner/.m2/repository/org/jboss/resteasy/resteasy-client-api/6.2.12.Final/resteasy-client-api-6.2.12.Final.jar:/home/runner/.m2/repository/org/jboss/resteasy/resteasy-core-spi/6.2.12.Final/resteasy-core-spi-6.2.12.Final.jar:/home/runner/.m2/repository/org/jboss/resteasy/resteasy-core/6.2.12.Final/resteasy-core-6.2.12.Final.jar:/home/runner/.m2/repository/org/eclipse/angus/angus-activation/2.0.2/angus-activation-2.0.2.jar:/home/runner/.m2/repository/com/ibm/async/asyncutil/0.1.0/asyncutil-0.1.0.jar:/home/runner/.m2/repository/org/reactivestreams/reactive-streams/1.0.4/reactive-streams-1.0.4.jar:/home/runner/.m2/repository/org/jboss/resteasy/resteasy-multipart-provider/6.2.12.Final/resteasy-multipart-provider-6.2.12.Final.jar:/home/runner/.m2/repository/jakarta/mail/jakarta.mail-api/2.1.3/jakarta.mail-api-2.1.3.jar:/home/runner/.m2/repository/org/eclipse/angus/angus-mail/2.0.3/angus-mail-2.0.3.jar:/home/runner/.m2/repository/org/apache/james/apache-mime4j-dom/0.8.12/apache-mime4j-dom-0.8.12.jar:/home/runner/.m2/repository/org/apache/james/apache-mime4j-core/0.8.12/apache-mime4j-core-0.8.12.jar:/home/runner/.m2/repository/org/apache/james/apache-mime4j-storage/0.8.12/apache-mime4j-storage-0.8.12.jar:/home/runner/.m2/repository/org/jboss/resteasy/resteasy-jackson2-provider/6.2.12.Final/resteasy-jackson2-provider-6.2.12.Final.jar:/home/runner/.m2/repository/com/fasterxml/jackson/jakarta/rs/jackson-jakarta-rs-base/2.18.2/jackson-jakarta-rs-base-2.18.2.jar:/home/runner/.m2/repository/com/fasterxml/jackson/jakarta/rs/jackson-jakarta-rs-json-provider/2.18.2/jackson-jakarta-rs-json-provider-2.18.2.jar:/home/runner/.m2/repository/com/fasterxml/jackson/module/jackson-module-jakarta-xmlbind-annotations/2.18.2/jackson-module-jakarta-xmlbind-annotations-2.18.2.jar:/home/runner/.m2/repository/com/github/java-json-tools/json-patch/1.13/json-patch-1.13.jar:/home/runner/.m2/repository/com/github/java-json-tools/msg-simple/1.2/msg-simple-1.2.jar:/home/runner/.m2/repository/com/github/java-json-tools/btf/1.3/btf-1.3.jar:/home/runner/.m2/repository/com/github/java-json-tools/jackson-coreutils/2.0/jackson-coreutils-2.0.jar:/home/runner/.m2/repository/org/jboss/resteasy/resteasy-jaxb-provider/6.2.12.Final/resteasy-jaxb-provider-6.2.12.Final.jar:/home/runner/.m2/repository/org/glassfish/jaxb/codemodel/4.0.5/codemodel-4.0.5.jar:/home/runner/.m2/repository/org/glassfish/jaxb/jaxb-core/4.0.5/jaxb-core-4.0.5.jar:/home/runner/.m2/repository/org/glassfish/jaxb/jaxb-jxc/4.0.5/jaxb-jxc-4.0.5.jar:/home/runner/.m2/repository/org/glassfish/jaxb/jaxb-runtime/4.0.5/jaxb-runtime-4.0.5.jar:/home/runner/.m2/repository/org/glassfish/jaxb/txw2/4.0.5/txw2-4.0.5.jar:/home/runner/.m2/repository/org/glassfish/jaxb/jaxb-xjc/4.0.5/jaxb-xjc-4.0.5.jar:/home/runner/.m2/repository/org/glassfish/jaxb/xsom/4.0.5/xsom-4.0.5.jar:/home/runner/.m2/repository/com/sun/istack/istack-commons-runtime/4.1.2/istack-commons-runtime-4.1.2.jar:/home/runner/.m2/repository/com/sun/istack/istack-commons-tools/4.1.2/istack-commons-tools-4.1.2.jar:/home/runner/.m2/repository/com/sun/xml/bind/external/relaxng-datatype/4.0.5/relaxng-datatype-4.0.5.jar:/home/runner/.m2/repository/com/sun/xml/bind/external/rngom/4.0.5/rngom-4.0.5.jar:/home/runner/.m2/repository/org/testcontainers/mssqlserver/1.20.6/mssqlserver-1.20.6.jar:/home/runner/.m2/repository/org/testcontainers/jdbc/1.20.6/jdbc-1.20.6.jar:/home/runner/.m2/repository/org/testcontainers/database-commons/1.20.6/database-commons-1.20.6.jar:/home/runner/.m2/repository/org/testcontainers/mysql/1.20.6/mysql-1.20.6.jar:/home/runner/.m2/repository/io/strimzi/strimzi-test-container/0.111.0/strimzi-test-container-0.111.0.jar:/home/runner/.m2/repository/org/testcontainers/toxiproxy/1.20.6/toxiproxy-1.20.6.jar:/home/runner/.m2/repository/com/github/docker-java/docker-java-api/3.4.1/docker-java-api-3.4.1.jar:/home/runner/.m2/repository/org/apache/logging/log4j/log4j-slf4j-impl/2.19.0/log4j-slf4j-impl-2.19.0.jar:/home/runner/.m2/repository/org/apache/logging/log4j/log4j-api/2.24.3/log4j-api-2.24.3.jar:/home/runner/.m2/repository/org/apache/logging/log4j/log4j-core/2.19.0/log4j-core-2.19.0.jar:/home/runner/.m2/repository/eu/rekawek/toxiproxy/toxiproxy-java/2.1.7/toxiproxy-java-2.1.7.jar:/home/runner/.m2/repository/org/testcontainers/pulsar/1.21.3/pulsar-1.21.3.jar:/home/runner/.m2/repository/io/debezium/debezium-testing-testcontainers/2.7.4.Final/debezium-testing-testcontainers-2.7.4.Final.jar:/home/runner/.m2/repository/org/testcontainers/kafka/1.20.6/kafka-1.20.6.jar:/home/runner/.m2/repository/com/squareup/okhttp3/okhttp/4.8.1/okhttp-4.8.1.jar:/home/runner/.m2/repository/com/squareup/okio/okio/3.10.2/okio-3.10.2.jar:/home/runner/.m2/repository/com/squareup/okio/okio-jvm/3.10.2/okio-jvm-3.10.2.jar:/home/runner/.m2/repository/org/jetbrains/kotlin/kotlin-stdlib/2.0.21/kotlin-stdlib-2.0.21.jar:/home/runner/.m2/repository/org/awaitility/awaitility/4.3.0/awaitility-4.3.0.jar:/home/runner/.m2/repository/org/testcontainers/mongodb/1.20.6/mongodb-1.20.6.jar:/home/runner/.m2/repository/org/testcontainers/mariadb/1.20.6/mariadb-1.20.6.jar:/home/runner/.m2/repository/org/testcontainers/oracle-xe/1.20.6/oracle-xe-1.20.6.jar:/home/runner/.m2/repository/org/testcontainers/postgresql/1.20.6/postgresql-1.20.6.jar:/home/runner/.m2/repository/org/wiremock/wiremock/3.0.1/wiremock-3.0.1.jar:/home/runner/.m2/repository/org/eclipse/jetty/jetty-server/11.0.15/jetty-server-11.0.15.jar:/home/runner/.m2/repository/org/eclipse/jetty/toolchain/jetty-jakarta-servlet-api/5.0.2/jetty-jakarta-servlet-api-5.0.2.jar:/home/runner/.m2/repository/org/eclipse/jetty/jetty-http/11.0.15/jetty-http-11.0.15.jar:/home/runner/.m2/repository/org/eclipse/jetty/jetty-io/11.0.15/jetty-io-11.0.15.jar:/home/runner/.m2/repository/org/eclipse/jetty/jetty-servlet/11.0.15/jetty-servlet-11.0.15.jar:/home/runner/.m2/repository/org/eclipse/jetty/jetty-security/11.0.15/jetty-security-11.0.15.jar:/home/runner/.m2/repository/org/eclipse/jetty/jetty-servlets/11.0.15/jetty-servlets-11.0.15.jar:/home/runner/.m2/repository/org/eclipse/jetty/jetty-util/11.0.15/jetty-util-11.0.15.jar:/home/runner/.m2/repository/org/eclipse/jetty/jetty-webapp/11.0.15/jetty-webapp-11.0.15.jar:/home/runner/.m2/repository/org/eclipse/jetty/jetty-xml/11.0.15/jetty-xml-11.0.15.jar:/home/runner/.m2/repository/org/eclipse/jetty/jetty-proxy/11.0.15/jetty-proxy-11.0.15.jar:/home/runner/.m2/repository/org/eclipse/jetty/jetty-client/11.0.15/jetty-client-11.0.15.jar:/home/runner/.m2/repository/org/eclipse/jetty/http2/http2-server/11.0.15/http2-server-11.0.15.jar:/home/runner/.m2/repository/org/eclipse/jetty/http2/http2-common/11.0.15/http2-common-11.0.15.jar:/home/runner/.m2/repository/org/eclipse/jetty/http2/http2-hpack/11.0.15/http2-hpack-11.0.15.jar:/home/runner/.m2/repository/org/eclipse/jetty/jetty-alpn-server/11.0.15/jetty-alpn-server-11.0.15.jar:/home/runner/.m2/repository/org/eclipse/jetty/jetty-alpn-java-server/11.0.15/jetty-alpn-java-server-11.0.15.jar:/home/runner/.m2/repository/org/eclipse/jetty/jetty-alpn-java-client/11.0.15/jetty-alpn-java-client-11.0.15.jar:/home/runner/.m2/repository/org/eclipse/jetty/jetty-alpn-client/11.0.15/jetty-alpn-client-11.0.15.jar:/home/runner/.m2/repository/org/apache/httpcomponents/client5/httpclient5/5.2.1/httpclient5-5.2.1.jar:/home/runner/.m2/repository/org/apache/httpcomponents/core5/httpcore5/5.2/httpcore5-5.2.jar:/home/runner/.m2/repository/org/apache/httpcomponents/core5/httpcore5-h2/5.2/httpcore5-h2-5.2.jar:/home/runner/.m2/repository/org/xmlunit/xmlunit-core/2.9.1/xmlunit-core-2.9.1.jar:/home/runner/.m2/repository/jakarta/xml/bind/jakarta.xml.bind-api/4.0.2/jakarta.xml.bind-api-4.0.2.jar:/home/runner/.m2/repository/org/xmlunit/xmlunit-legacy/2.9.1/xmlunit-legacy-2.9.1.jar:/home/runner/.m2/repository/org/xmlunit/xmlunit-placeholders/2.9.1/xmlunit-placeholders-2.9.1.jar:/home/runner/.m2/repository/net/javacrumbs/json-unit/json-unit-core/2.38.0/json-unit-core-2.38.0.jar:/home/runner/.m2/repository/org/hamcrest/hamcrest-core/2.2/hamcrest-core-2.2.jar:/home/runner/.m2/repository/com/jayway/jsonpath/json-path/2.8.0/json-path-2.8.0.jar:/home/runner/.m2/repository/net/minidev/json-smart/2.4.10/json-smart-2.4.10.jar:/home/runner/.m2/repository/net/minidev/accessors-smart/2.4.9/accessors-smart-2.4.9.jar:/home/runner/.m2/repository/org/ow2/asm/asm/9.7.1/asm-9.7.1.jar:/home/runner/.m2/repository/net/sf/jopt-simple/jopt-simple/5.0.4/jopt-simple-5.0.4.jar:/home/runner/.m2/repository/com/github/jknack/handlebars/4.3.1/handlebars-4.3.1.jar:/home/runner/.m2/repository/com/github/jknack/handlebars-helpers/4.3.1/handlebars-helpers-4.3.1.jar:/home/runner/.m2/repository/commons-fileupload/commons-fileupload/1.5/commons-fileupload-1.5.jar:/home/runner/.m2/repository/com/networknt/json-schema-validator/1.5.8/json-schema-validator-1.5.8.jar:/home/runner/.m2/repository/com/ethlo/time/itu/1.10.3/itu-1.10.3.jar:/home/runner/.m2/repository/io/quarkus/quarkus-smallrye-jwt-build/3.20.2/quarkus-smallrye-jwt-build-3.20.2.jar:/home/runner/.m2/repository/io/smallrye/smallrye-jwt-build/4.6.2/smallrye-jwt-build-4.6.2.jar:/home/runner/.m2/repository/org/eclipse/microprofile/jwt/microprofile-jwt-auth-api/2.1/microprofile-jwt-auth-api-2.1.jar:/home/runner/.m2/repository/org/bitbucket/b_c/jose4j/0.9.6/jose4j-0.9.6.jar:/home/runner/.m2/repository/io/smallrye/smallrye-jwt-common/4.6.2/smallrye-jwt-common-4.6.2.jar:/home/runner/.m2/repository/io/quarkus/quarkus-jsonp/3.20.2/quarkus-jsonp-3.20.2.jar:/home/runner/.m2/repository/io/quarkus/quarkus-arc/3.20.2/quarkus-arc-3.20.2.jar:/home/runner/.m2/repository/io/quarkus/arc/arc/3.20.2/arc-3.20.2.jar:/home/runner/.m2/repository/jakarta/transaction/jakarta.transaction-api/2.0.1/jakarta.transaction-api-2.0.1.jar:/home/runner/.m2/repository/io/smallrye/reactive/mutiny/2.9.2/mutiny-2.9.2.jar:/home/runner/.m2/repository/org/jctools/jctools-core/4.0.5/jctools-core-4.0.5.jar:/home/runner/.m2/repository/org/eclipse/microprofile/context-propagation/microprofile-context-propagation-api/1.3/microprofile-context-propagation-api-1.3.jar:/home/runner/.m2/repository/io/apicurio/apicurio-common-rest-client-common/0.1.18.Final/apicurio-common-rest-client-common-0.1.18.Final.jar:/home/runner/work/apicurio-testing/apicurio-testing/clusters/ci419/namespaces/pg17/tests/integration/apicurio-registry/utils/maven-plugin/target/apicurio-registry-maven-plugin-3.0.12-SNAPSHOT.jar:/home/runner/.m2/repository/com/fasterxml/jackson/core/jackson-databind/2.18.2/jackson-databind-2.18.2.jar:/home/runner/.m2/repository/org/apache/avro/avro/1.12.0/avro-1.12.0.jar:/home/runner/.m2/repository/com/google/protobuf/protobuf-java/4.31.1/protobuf-java-4.31.1.jar:/home/runner/.m2/repository/com/google/protobuf/protobuf-java-util/4.31.1/protobuf-java-util-4.31.1.jar:/home/runner/.m2/repository/com/google/code/findbugs/jsr305/3.0.2/jsr305-3.0.2.jar:/home/runner/.m2/repository/com/google/code/gson/gson/2.12.1/gson-2.12.1.jar:/home/runner/.m2/repository/com/google/errorprone/error_prone_annotations/2.36.0/error_prone_annotations-2.36.0.jar:/home/runner/.m2/repository/com/google/j2objc/j2objc-annotations/2.8/j2objc-annotations-2.8.jar:/home/runner/work/apicurio-testing/apicurio-testing/clusters/ci419/namespaces/pg17/tests/integration/apicurio-registry/schema-util/util-provider/target/apicurio-registry-schema-util-provider-3.0.12-SNAPSHOT.jar:/home/runner/work/apicurio-testing/apicurio-testing/clusters/ci419/namespaces/pg17/tests/integration/apicurio-registry/schema-util/common/target/apicurio-registry-schema-util-common-3.0.12-SNAPSHOT.jar:/home/runner/.m2/repository/com/fasterxml/jackson/module/jackson-module-parameter-names/2.18.2/jackson-module-parameter-names-2.18.2.jar:/home/runner/.m2/repository/com/fasterxml/jackson/datatype/jackson-datatype-json-org/2.18.2/jackson-datatype-json-org-2.18.2.jar:/home/runner/work/apicurio-testing/apicurio-testing/clusters/ci419/namespaces/pg17/tests/integration/apicurio-registry/schema-util/json/target/apicurio-registry-schema-util-json-3.0.12-SNAPSHOT.jar:/home/runner/.m2/repository/com/github/erosb/everit-json-schema/1.14.5/everit-json-schema-1.14.5.jar:/home/runner/.m2/repository/commons-validator/commons-validator/1.9.0/commons-validator-1.9.0.jar:/home/runner/.m2/repository/commons-digester/commons-digester/2.1/commons-digester-2.1.jar:/home/runner/.m2/repository/commons-collections/commons-collections/3.2.2/commons-collections-3.2.2.jar:/home/runner/.m2/repository/com/damnhandy/handy-uri-templates/2.1.8/handy-uri-templates-2.1.8.jar:/home/runner/.m2/repository/joda-time/joda-time/2.10.2/joda-time-2.10.2.jar:/home/runner/.m2/repository/com/github/erosb/json-sKema/0.20.0/json-sKema-0.20.0.jar:/home/runner/.m2/repository/io/vertx/vertx-json-schema/4.5.16/vertx-json-schema-4.5.16.jar:/home/runner/work/apicurio-testing/apicurio-testing/clusters/ci419/namespaces/pg17/tests/integration/apicurio-registry/schema-util/protobuf/target/apicurio-registry-schema-util-protobuf-3.0.12-SNAPSHOT.jar:/home/runner/work/apicurio-testing/apicurio-testing/clusters/ci419/namespaces/pg17/tests/integration/apicurio-registry/utils/protobuf-schema-utilities/target/apicurio-registry-protobuf-schema-utilities-3.0.12-SNAPSHOT.jar:/home/runner/.m2/repository/com/google/api/grpc/proto-google-common-protos/2.52.0/proto-google-common-protos-2.52.0.jar:/home/runner/.m2/repository/com/squareup/wire/wire-schema-jvm/5.3.3/wire-schema-jvm-5.3.3.jar:/home/runner/.m2/repository/com/palantir/javapoet/javapoet/0.6.0/javapoet-0.6.0.jar:/home/runner/.m2/repository/com/squareup/kotlinpoet-jvm/2.0.0/kotlinpoet-jvm-2.0.0.jar:/home/runner/.m2/repository/org/jetbrains/kotlin/kotlin-reflect/2.0.21/kotlin-reflect-2.0.21.jar:/home/runner/.m2/repository/com/squareup/wire/wire-runtime-jvm/5.3.3/wire-runtime-jvm-5.3.3.jar:/home/runner/.m2/repository/com/ibm/icu/icu4j/76.1/icu4j-76.1.jar:/home/runner/.m2/repository/com/squareup/okio/okio-fakefilesystem/3.10.2/okio-fakefilesystem-3.10.2.jar:/home/runner/.m2/repository/com/squareup/okio/okio-fakefilesystem-jvm/3.10.2/okio-fakefilesystem-jvm-3.10.2.jar:/home/runner/.m2/repository/org/jetbrains/kotlinx/kotlinx-datetime-jvm/0.6.1/kotlinx-datetime-jvm-0.6.1.jar:/home/runner/work/apicurio-testing/apicurio-testing/clusters/ci419/namespaces/pg17/tests/integration/apicurio-registry/schema-util/asyncapi/target/apicurio-registry-schema-util-asyncapi-3.0.12-SNAPSHOT.jar:/home/runner/work/apicurio-testing/apicurio-testing/clusters/ci419/namespaces/pg17/tests/integration/apicurio-registry/schema-util/avro/target/apicurio-registry-schema-util-avro-3.0.12-SNAPSHOT.jar:/home/runner/work/apicurio-testing/apicurio-testing/clusters/ci419/namespaces/pg17/tests/integration/apicurio-registry/schema-util/graphql/target/apicurio-registry-schema-util-graphql-3.0.12-SNAPSHOT.jar:/home/runner/.m2/repository/com/graphql-java/graphql-java/22.4/graphql-java-22.4.jar:/home/runner/.m2/repository/com/graphql-java/java-dataloader/3.3.0/java-dataloader-3.3.0.jar:/home/runner/work/apicurio-testing/apicurio-testing/clusters/ci419/namespaces/pg17/tests/integration/apicurio-registry/schema-util/kconnect/target/apicurio-registry-schema-util-kconnect-3.0.12-SNAPSHOT.jar:/home/runner/work/apicurio-testing/apicurio-testing/clusters/ci419/namespaces/pg17/tests/integration/apicurio-registry/schema-util/openapi/target/apicurio-registry-schema-util-openapi-3.0.12-SNAPSHOT.jar:/home/runner/.m2/repository/io/apicurio/apicurio-data-models/2.2.2/apicurio-data-models-2.2.2.jar:/home/runner/.m2/repository/org/openapitools/openapidiff/openapi-diff-core/2.1.2/openapi-diff-core-2.1.2.jar:/home/runner/.m2/repository/io/swagger/parser/v3/swagger-parser/2.1.28/swagger-parser-2.1.28.jar:/home/runner/.m2/repository/io/swagger/parser/v3/swagger-parser-v2-converter/2.1.28/swagger-parser-v2-converter-2.1.28.jar:/home/runner/.m2/repository/io/swagger/swagger-core/1.6.16/swagger-core-1.6.16.jar:/home/runner/.m2/repository/io/swagger/swagger-models/1.6.16/swagger-models-1.6.16.jar:/home/runner/.m2/repository/io/swagger/swagger-annotations/1.6.16/swagger-annotations-1.6.16.jar:/home/runner/.m2/repository/io/swagger/swagger-parser/1.0.75/swagger-parser-1.0.75.jar:/home/runner/.m2/repository/io/swagger/swagger-parser-safe-url-resolver/1.0.75/swagger-parser-safe-url-resolver-1.0.75.jar:/home/runner/.m2/repository/io/swagger/swagger-compat-spec-parser/1.0.75/swagger-compat-spec-parser-1.0.75.jar:/home/runner/.m2/repository/com/github/java-json-tools/json-schema-validator/2.2.14/json-schema-validator-2.2.14.jar:/home/runner/.m2/repository/com/github/java-json-tools/jackson-coreutils-equivalence/1.0/jackson-coreutils-equivalence-1.0.jar:/home/runner/.m2/repository/com/github/java-json-tools/json-schema-core/1.2.14/json-schema-core-1.2.14.jar:/home/runner/.m2/repository/com/github/java-json-tools/uri-template/0.10/uri-template-0.10.jar:/home/runner/.m2/repository/com/googlecode/libphonenumber/libphonenumber/8.11.1/libphonenumber-8.11.1.jar:/home/runner/.m2/repository/com/j2html/j2html/1.6.0/j2html-1.6.0.jar:/home/runner/.m2/repository/org/apache/commons/commons-collections4/4.5.0/commons-collections4-4.5.0.jar:/home/runner/.m2/repository/org/slf4j/jcl-over-slf4j/2.0.17/jcl-over-slf4j-2.0.17.jar:/home/runner/.m2/repository/io/swagger/parser/v3/swagger-parser-v3/2.1.31/swagger-parser-v3-2.1.31.jar:/home/runner/.m2/repository/io/swagger/core/v3/swagger-models/2.2.34/swagger-models-2.2.34.jar:/home/runner/.m2/repository/io/swagger/core/v3/swagger-core/2.2.34/swagger-core-2.2.34.jar:/home/runner/.m2/repository/io/swagger/parser/v3/swagger-parser-core/2.1.31/swagger-parser-core-2.1.31.jar:/home/runner/.m2/repository/io/swagger/parser/v3/swagger-parser-safe-url-resolver/2.1.31/swagger-parser-safe-url-resolver-2.1.31.jar:/home/runner/work/apicurio-testing/apicurio-testing/clusters/ci419/namespaces/pg17/tests/integration/apicurio-registry/schema-util/wsdl/target/apicurio-registry-schema-util-wsdl-3.0.12-SNAPSHOT.jar:/home/runner/.m2/repository/wsdl4j/wsdl4j/1.6.3/wsdl4j-1.6.3.jar:/home/runner/work/apicurio-testing/apicurio-testing/clusters/ci419/namespaces/pg17/tests/integration/apicurio-registry/schema-util/xml/target/apicurio-registry-schema-util-xml-3.0.12-SNAPSHOT.jar:/home/runner/.m2/repository/org/apache/santuario/xmlsec/4.0.4/xmlsec-4.0.4.jar:/home/runner/.m2/repository/com/fasterxml/woodstox/woodstox-core/7.1.1/woodstox-core-7.1.1.jar:/home/runner/.m2/repository/org/codehaus/woodstox/stax2-api/4.2.2/stax2-api-4.2.2.jar:/home/runner/work/apicurio-testing/apicurio-testing/clusters/ci419/namespaces/pg17/tests/integration/apicurio-registry/schema-util/xsd/target/apicurio-registry-schema-util-xsd-3.0.12-SNAPSHOT.jar:/home/runner/work/apicurio-testing/apicurio-testing/clusters/ci419/namespaces/pg17/tests/integration/apicurio-registry/serdes/kafka/jsonschema-serde/target/apicurio-registry-jsonschema-serde-kafka-3.0.12-SNAPSHOT.jar:/home/runner/work/apicurio-testing/apicurio-testing/clusters/ci419/namespaces/pg17/tests/integration/apicurio-registry/serdes/kafka/serde-kafka-common/target/apicurio-registry-serde-kafka-common-3.0.12-SNAPSHOT.jar:/home/runner/work/apicurio-testing/apicurio-testing/clusters/ci419/namespaces/pg17/tests/integration/apicurio-registry/serdes/generic/serde-common/target/apicurio-registry-serde-common-3.0.12-SNAPSHOT.jar:/home/runner/work/apicurio-testing/apicurio-testing/clusters/ci419/namespaces/pg17/tests/integration/apicurio-registry/serdes/generic/serde-common-jsonschema/target/apicurio-registry-serde-common-jsonschema-3.0.12-SNAPSHOT.jar:/home/runner/.m2/repository/org/json/json/20250107/json-20250107.jar:/home/runner/work/apicurio-testing/apicurio-testing/clusters/ci419/namespaces/pg17/tests/integration/apicurio-registry/serdes/kafka/avro-serde/target/apicurio-registry-avro-serde-kafka-3.0.12-SNAPSHOT.jar:/home/runner/work/apicurio-testing/apicurio-testing/clusters/ci419/namespaces/pg17/tests/integration/apicurio-registry/serdes/generic/serde-common-avro/target/apicurio-registry-serde-common-avro-3.0.12-SNAPSHOT.jar:/home/runner/work/apicurio-testing/apicurio-testing/clusters/ci419/namespaces/pg17/tests/integration/apicurio-registry/serdes/kafka/protobuf-serde/target/apicurio-registry-protobuf-serde-kafka-3.0.12-SNAPSHOT.jar:/home/runner/work/apicurio-testing/apicurio-testing/clusters/ci419/namespaces/pg17/tests/integration/apicurio-registry/serdes/generic/serde-common-protobuf/target/apicurio-registry-serde-common-protobuf-3.0.12-SNAPSHOT.jar:/home/runner/.m2/repository/com/squareup/wire/wire-schema/5.3.3/wire-schema-5.3.3.jar:/home/runner/.m2/repository/com/squareup/wire/wire-runtime/5.3.3/wire-runtime-5.3.3.jar:/home/runner/work/apicurio-testing/apicurio-testing/clusters/ci419/namespaces/pg17/tests/integration/apicurio-registry/serdes/pulsar/avro-serde/target/apicurio-registry-avro-serde-pulsar-3.0.12-SNAPSHOT.jar:/home/runner/.m2/repository/org/apache/pulsar/pulsar-functions-api/3.3.8/pulsar-functions-api-3.3.8.jar:/home/runner/work/apicurio-testing/apicurio-testing/clusters/ci419/namespaces/pg17/tests/integration/apicurio-registry/serdes/nats/avro-serde/target/apicurio-registry-avro-serde-nats-3.0.12-SNAPSHOT.jar:/home/runner/.m2/repository/io/nats/jnats/2.21.4/jnats-2.21.4.jar:/home/runner/.m2/repository/org/bouncycastle/bcprov-lts8on/2.73.7/bcprov-lts8on-2.73.7.jar:/home/runner/.m2/repository/org/jetbrains/annotations/26.0.2/annotations-26.0.2.jar:/home/runner/work/apicurio-testing/apicurio-testing/clusters/ci419/namespaces/pg17/tests/integration/apicurio-registry/utils/converter/target/apicurio-registry-utils-converter-3.0.12-SNAPSHOT.jar:/home/runner/work/apicurio-testing/apicurio-testing/clusters/ci419/namespaces/pg17/tests/integration/apicurio-registry/schema-resolver/target/apicurio-registry-schema-resolver-3.0.12-SNAPSHOT.jar:/home/runner/.m2/repository/org/apache/kafka/connect-api/3.9.1/connect-api-3.9.1.jar:/home/runner/.m2/repository/javax/ws/rs/javax.ws.rs-api/2.1.1/javax.ws.rs-api-2.1.1.jar:/home/runner/.m2/repository/org/apache/kafka/connect-json/3.9.1/connect-json-3.9.1.jar:/home/runner/.m2/repository/com/fasterxml/jackson/datatype/jackson-datatype-jdk8/2.18.2/jackson-datatype-jdk8-2.18.2.jar:/home/runner/.m2/repository/com/fasterxml/jackson/module/jackson-module-afterburner/2.18.2/jackson-module-afterburner-2.18.2.jar:/home/runner/work/apicurio-testing/apicurio-testing/clusters/ci419/namespaces/pg17/tests/integration/apicurio-registry/utils/kafka/target/apicurio-registry-utils-kafka-3.0.12-SNAPSHOT.jar:/home/runner/.m2/repository/org/apache/pulsar/pulsar-client/3.3.8/pulsar-client-3.3.8.jar:/home/runner/.m2/repository/org/apache/pulsar/pulsar-client-api/3.3.8/pulsar-client-api-3.3.8.jar:/home/runner/.m2/repository/org/apache/pulsar/pulsar-client-admin-api/3.3.8/pulsar-client-admin-api-3.3.8.jar:/home/runner/.m2/repository/org/apache/pulsar/bouncy-castle-bc/3.3.8/bouncy-castle-bc-3.3.8-pkg.jar:/home/runner/.m2/repository/org/bouncycastle/bcpkix-jdk18on/1.81/bcpkix-jdk18on-1.81.jar:/home/runner/.m2/repository/org/bouncycastle/bcutil-jdk18on/1.81/bcutil-jdk18on-1.81.jar:/home/runner/.m2/repository/org/bouncycastle/bcprov-jdk18on/1.81/bcprov-jdk18on-1.81.jar:/home/runner/.m2/repository/io/opentelemetry/opentelemetry-api/1.44.1/opentelemetry-api-1.44.1.jar:/home/runner/.m2/repository/io/opentelemetry/opentelemetry-context/1.44.1/opentelemetry-context-1.44.1.jar:/home/runner/.m2/repository/io/opentelemetry/opentelemetry-api-incubator/1.44.1-alpha/opentelemetry-api-incubator-1.44.1-alpha.jar:/home/runner/.m2/repository/com/fasterxml/jackson/core/jackson-annotations/2.18.2/jackson-annotations-2.18.2.jar:/home/runner/.m2/repository/javax/validation/validation-api/1.1.0.Final/validation-api-1.1.0.Final.jar:/home/runner/.m2/repository/org/jspecify/jspecify/1.0.0/jspecify-1.0.0.jar:/home/runner/.m2/repository/org/apache/commons/commons-configuration2/2.12.0/commons-configuration2-2.12.0.jar:/home/runner/.m2/repository/commons-logging/commons-logging/1.3.5/commons-logging-1.3.5.jar:/home/runner/.m2/repository/org/apache/commons/commons-text/1.13.0/commons-text-1.13.0.jar:/home/runner/.m2/repository/io/confluent/kafka-avro-serializer/8.0.0/kafka-avro-serializer-8.0.0.jar:/home/runner/.m2/repository/org/apache/commons/commons-compress/1.27.1/commons-compress-1.27.1.jar:/home/runner/.m2/repository/io/confluent/kafka-schema-serializer/8.0.0/kafka-schema-serializer-8.0.0.jar:/home/runner/.m2/repository/com/fasterxml/jackson/dataformat/jackson-dataformat-csv/2.18.2/jackson-dataformat-csv-2.18.2.jar:/home/runner/.m2/repository/io/confluent/kafka-schema-registry-client/8.0.0/kafka-schema-registry-client-8.0.0.jar:/home/runner/.m2/repository/org/yaml/snakeyaml/2.3/snakeyaml-2.3.jar:/home/runner/.m2/repository/io/swagger/core/v3/swagger-annotations/2.2.29/swagger-annotations-2.2.29.jar:/home/runner/.m2/repository/com/google/guava/guava/33.4.0-jre/guava-33.4.0-jre.jar:/home/runner/.m2/repository/com/google/guava/failureaccess/1.0.1/failureaccess-1.0.1.jar:/home/runner/.m2/repository/org/checkerframework/checker-qual/3.49.0/checker-qual-3.49.0.jar:/home/runner/.m2/repository/io/confluent/logredactor/1.0.13/logredactor-1.0.13.jar:/home/runner/.m2/repository/com/google/re2j/re2j/1.6/re2j-1.6.jar:/home/runner/.m2/repository/io/confluent/logredactor-metrics/1.0.13/logredactor-metrics-1.0.13.jar:/home/runner/.m2/repository/com/eclipsesource/minimal-json/minimal-json/0.9.5/minimal-json-0.9.5.jar:/home/runner/.m2/repository/io/confluent/common-utils/8.0.0/common-utils-8.0.0.jar:/home/runner/.m2/repository/io/confluent/kafka-connect-avro-converter/8.0.0/kafka-connect-avro-converter-8.0.0.jar:/home/runner/.m2/repository/io/confluent/kafka-connect-avro-data/8.0.0/kafka-connect-avro-data-8.0.0.jar:/home/runner/.m2/repository/io/confluent/kafka-schema-converter/8.0.0/kafka-schema-converter-8.0.0.jar:/home/runner/.m2/repository/io/rest-assured/rest-assured/5.5.1/rest-assured-5.5.1.jar:/home/runner/.m2/repository/org/apache/groovy/groovy/4.0.22/groovy-4.0.22.jar:/home/runner/.m2/repository/org/apache/groovy/groovy-xml/4.0.22/groovy-xml-4.0.22.jar:/home/runner/.m2/repository/org/apache/httpcomponents/httpclient/4.5.14/httpclient-4.5.14.jar:/home/runner/.m2/repository/org/apache/httpcomponents/httpcore/4.4.16/httpcore-4.4.16.jar:/home/runner/.m2/repository/org/apache/httpcomponents/httpmime/4.5.14/httpmime-4.5.14.jar:/home/runner/.m2/repository/org/hamcrest/hamcrest/2.2/hamcrest-2.2.jar:/home/runner/.m2/repository/org/ccil/cowan/tagsoup/tagsoup/1.2.1/tagsoup-1.2.1.jar:/home/runner/.m2/repository/io/rest-assured/json-path/5.5.1/json-path-5.5.1.jar:/home/runner/.m2/repository/org/apache/groovy/groovy-json/4.0.22/groovy-json-4.0.22.jar:/home/runner/.m2/repository/io/rest-assured/rest-assured-common/5.5.1/rest-assured-common-5.5.1.jar:/home/runner/.m2/repository/io/rest-assured/xml-path/5.5.1/xml-path-5.5.1.jar:/home/runner/.m2/repository/io/zonky/test/embedded-postgres/2.1.0/embedded-postgres-2.1.0.jar:/home/runner/.m2/repository/io/zonky/test/postgres/embedded-postgres-binaries-windows-amd64/14.15.0/embedded-postgres-binaries-windows-amd64-14.15.0.jar:/home/runner/.m2/repository/io/zonky/test/postgres/embedded-postgres-binaries-darwin-amd64/14.15.0/embedded-postgres-binaries-darwin-amd64-14.15.0.jar:/home/runner/.m2/repository/io/zonky/test/postgres/embedded-postgres-binaries-linux-amd64/14.15.0/embedded-postgres-binaries-linux-amd64-14.15.0.jar:/home/runner/.m2/repository/io/zonky/test/postgres/embedded-postgres-binaries-linux-amd64-alpine/14.15.0/embedded-postgres-binaries-linux-amd64-alpine-14.15.0.jar:/home/runner/.m2/repository/org/apache/commons/commons-lang3/3.17.0/commons-lang3-3.17.0.jar:/home/runner/.m2/repository/org/tukaani/xz/1.10/xz-1.10.jar:/home/runner/.m2/repository/commons-codec/commons-codec/1.19.0/commons-codec-1.19.0.jar:/home/runner/.m2/repository/org/postgresql/postgresql/42.7.7/postgresql-42.7.7.jar:/home/runner/.m2/repository/commons-io/commons-io/2.18.0/commons-io-2.18.0.jar:/home/runner/work/apicurio-testing/apicurio-testing/clusters/ci419/namespaces/pg17/tests/integration/apicurio-registry/utils/importexport/target/apicurio-registry-utils-import-export-3.0.12-SNAPSHOT.jar:/home/runner/.m2/repository/io/vertx/vertx-core/4.5.16/vertx-core-4.5.16.jar:/home/runner/.m2/repository/io/netty/netty-common/4.1.121.Final/netty-common-4.1.121.Final.jar:/home/runner/.m2/repository/io/netty/netty-buffer/4.1.121.Final/netty-buffer-4.1.121.Final.jar:/home/runner/.m2/repository/io/netty/netty-transport/4.1.121.Final/netty-transport-4.1.121.Final.jar:/home/runner/.m2/repository/io/netty/netty-handler/4.1.121.Final/netty-handler-4.1.121.Final.jar:/home/runner/.m2/repository/io/netty/netty-transport-native-unix-common/4.1.121.Final/netty-transport-native-unix-common-4.1.121.Final.jar:/home/runner/.m2/repository/io/netty/netty-codec/4.1.121.Final/netty-codec-4.1.121.Final.jar:/home/runner/.m2/repository/io/netty/netty-handler-proxy/4.1.121.Final/netty-handler-proxy-4.1.121.Final.jar:/home/runner/.m2/repository/io/netty/netty-codec-socks/4.1.121.Final/netty-codec-socks-4.1.121.Final.jar:/home/runner/.m2/repository/io/netty/netty-codec-http/4.1.121.Final/netty-codec-http-4.1.121.Final.jar:/home/runner/.m2/repository/io/netty/netty-codec-http2/4.1.121.Final/netty-codec-http2-4.1.121.Final.jar:/home/runner/.m2/repository/io/netty/netty-resolver/4.1.121.Final/netty-resolver-4.1.121.Final.jar:/home/runner/.m2/repository/io/netty/netty-resolver-dns/4.1.121.Final/netty-resolver-dns-4.1.121.Final.jar:/home/runner/.m2/repository/io/netty/netty-codec-dns/4.1.121.Final/netty-codec-dns-4.1.121.Final.jar:/home/runner/.m2/repository/com/fasterxml/jackson/core/jackson-core/2.18.2/jackson-core-2.18.2.jar:"/>
    <property name="java.vm.vendor" value="Eclipse Adoptium"/>
    <property name="maven.javadoc.skip" value="true"/>
    <property name="sun.arch.data.model" value="64"/>
    <property name="java.vendor.url" value="https://adoptium.net/"/>
    <property name="user.timezone" value="Etc/UTC"/>
    <property name="os.name" value="Linux"/>
    <property name="java.vm.specification.version" value="17"/>
    <property name="sun.java.launcher" value="SUN_STANDARD"/>
    <property name="quarkus.http.test-port" value="80"/>
    <property name="sun.boot.library.path" value="/usr/lib/jvm/temurin-17-jdk-amd64/lib"/>
    <property name="sun.java.command" value="/home/runner/work/apicurio-testing/apicurio-testing/clusters/ci419/namespaces/pg17/tests/integration/apicurio-registry/integration-tests/target/surefire/surefirebooter-20250807122237933_3.jar /home/runner/work/apicurio-testing/apicurio-testing/clusters/ci419/namespaces/pg17/tests/integration/apicurio-registry/integration-tests/target/surefire 2025-08-07T12-22-37_841-jvmRun1 surefire-20250807122237933_1tmp surefire_0-20250807122237933_2tmp"/>
    <property name="maven.home" value="/home/runner/.m2/wrapper/dists/apache-maven-3.9.8-bin/4fnp1ql35bgk2a0p7m31ovbgb0/apache-maven-3.9.8"/>
    <property name="jdk.debug" value="release"/>
    <property name="surefire.test.class.path" value="/home/runner/work/apicurio-testing/apicurio-testing/clusters/ci419/namespaces/pg17/tests/integration/apicurio-registry/integration-tests/target/test-classes:/home/runner/work/apicurio-testing/apicurio-testing/clusters/ci419/namespaces/pg17/tests/integration/apicurio-registry/integration-tests/target/apicurio-registry-integration-tests-3.0.12-SNAPSHOT.jar:/home/runner/.m2/repository/io/quarkus/quarkus-junit5/3.20.2/quarkus-junit5-3.20.2.jar:/home/runner/.m2/repository/io/quarkus/quarkus-bootstrap-core/3.20.2/quarkus-bootstrap-core-3.20.2.jar:/home/runner/.m2/repository/io/quarkus/quarkus-classloader-commons/3.20.2/quarkus-classloader-commons-3.20.2.jar:/home/runner/.m2/repository/io/quarkus/quarkus-bootstrap-app-model/3.20.2/quarkus-bootstrap-app-model-3.20.2.jar:/home/runner/.m2/repository/io/smallrye/common/smallrye-common-io/2.12.0/smallrye-common-io-2.12.0.jar:/home/runner/.m2/repository/org/eclipse/sisu/org.eclipse.sisu.inject/0.9.0.M3/org.eclipse.sisu.inject-0.9.0.M3.jar:/home/runner/.m2/repository/io/quarkus/quarkus-test-common/3.20.2/quarkus-test-common-3.20.2.jar:/home/runner/.m2/repository/io/quarkus/quarkus-core-deployment/3.20.2/quarkus-core-deployment-3.20.2.jar:/home/runner/.m2/repository/org/aesh/readline/2.6/readline-2.6.jar:/home/runner/.m2/repository/org/fusesource/jansi/jansi/2.4.0/jansi-2.4.0.jar:/home/runner/.m2/repository/org/aesh/aesh/2.8.2/aesh-2.8.2.jar:/home/runner/.m2/repository/io/quarkus/gizmo/gizmo/1.8.0/gizmo-1.8.0.jar:/home/runner/.m2/repository/org/ow2/asm/asm-util/9.7.1/asm-util-9.7.1.jar:/home/runner/.m2/repository/org/ow2/asm/asm-analysis/9.7.1/asm-analysis-9.7.1.jar:/home/runner/.m2/repository/org/ow2/asm/asm-commons/9.7.1/asm-commons-9.7.1.jar:/home/runner/.m2/repository/org/ow2/asm/asm-tree/9.7.1/asm-tree-9.7.1.jar:/home/runner/.m2/repository/io/quarkus/quarkus-hibernate-validator-spi/3.20.2/quarkus-hibernate-validator-spi-3.20.2.jar:/home/runner/.m2/repository/io/quarkus/quarkus-class-change-agent/3.20.2/quarkus-class-change-agent-3.20.2.jar:/home/runner/.m2/repository/io/quarkus/quarkus-devtools-utilities/3.20.2/quarkus-devtools-utilities-3.20.2.jar:/home/runner/.m2/repository/io/quarkus/quarkus-builder/3.20.2/quarkus-builder-3.20.2.jar:/home/runner/.m2/repository/org/graalvm/sdk/nativeimage/23.1.2/nativeimage-23.1.2.jar:/home/runner/.m2/repository/org/graalvm/sdk/word/23.1.2/word-23.1.2.jar:/home/runner/.m2/repository/io/quarkus/quarkus-bootstrap-maven-resolver/3.20.2/quarkus-bootstrap-maven-resolver-3.20.2.jar:/home/runner/.m2/repository/io/smallrye/beanbag/smallrye-beanbag-maven/1.5.2/smallrye-beanbag-maven-1.5.2.jar:/home/runner/.m2/repository/io/smallrye/beanbag/smallrye-beanbag-sisu/1.5.2/smallrye-beanbag-sisu-1.5.2.jar:/home/runner/.m2/repository/io/smallrye/beanbag/smallrye-beanbag/1.5.2/smallrye-beanbag-1.5.2.jar:/home/runner/.m2/repository/javax/inject/javax.inject/1/javax.inject-1.jar:/home/runner/.m2/repository/org/apache/maven/maven-artifact/3.9.9/maven-artifact-3.9.9.jar:/home/runner/.m2/repository/org/apache/maven/maven-builder-support/3.9.9/maven-builder-support-3.9.9.jar:/home/runner/.m2/repository/org/apache/maven/maven-model/3.9.9/maven-model-3.9.9.jar:/home/runner/.m2/repository/org/apache/maven/maven-model-builder/3.9.9/maven-model-builder-3.9.9.jar:/home/runner/.m2/repository/org/apache/maven/maven-repository-metadata/3.9.9/maven-repository-metadata-3.9.9.jar:/home/runner/.m2/repository/org/apache/maven/maven-settings/3.9.9/maven-settings-3.9.9.jar:/home/runner/.m2/repository/org/apache/maven/resolver/maven-resolver-api/1.9.22/maven-resolver-api-1.9.22.jar:/home/runner/.m2/repository/org/apache/maven/resolver/maven-resolver-impl/1.9.22/maven-resolver-impl-1.9.22.jar:/home/runner/.m2/repository/org/apache/maven/resolver/maven-resolver-named-locks/1.9.22/maven-resolver-named-locks-1.9.22.jar:/home/runner/.m2/repository/org/apache/maven/resolver/maven-resolver-spi/1.9.22/maven-resolver-spi-1.9.22.jar:/home/runner/.m2/repository/org/apache/maven/resolver/maven-resolver-util/1.9.22/maven-resolver-util-1.9.22.jar:/home/runner/.m2/repository/org/apache/maven/resolver/maven-resolver-transport-http/1.9.20/maven-resolver-transport-http-1.9.20.jar:/home/runner/.m2/repository/org/apache/maven/wagon/wagon-provider-api/3.5.3/wagon-provider-api-3.5.3.jar:/home/runner/.m2/repository/org/apache/maven/wagon/wagon-http-shared/3.5.3/wagon-http-shared-3.5.3.jar:/home/runner/.m2/repository/org/codehaus/plexus/plexus-interpolation/1.26/plexus-interpolation-1.26.jar:/home/runner/.m2/repository/org/codehaus/plexus/plexus-utils/3.5.1/plexus-utils-3.5.1.jar:/home/runner/.m2/repository/org/codehaus/plexus/plexus-xml/4.0.1/plexus-xml-4.0.1.jar:/home/runner/.m2/repository/org/apache/maven/maven-xml-impl/4.0.0-alpha-5/maven-xml-impl-4.0.0-alpha-5.jar:/home/runner/.m2/repository/org/apache/maven/maven-api-xml/4.0.0-alpha-5/maven-api-xml-4.0.0-alpha-5.jar:/home/runner/.m2/repository/org/apache/maven/maven-api-meta/4.0.0-alpha-5/maven-api-meta-4.0.0-alpha-5.jar:/home/runner/.m2/repository/org/codehaus/plexus/plexus-cipher/2.0/plexus-cipher-2.0.jar:/home/runner/.m2/repository/org/codehaus/plexus/plexus-sec-dispatcher/2.0/plexus-sec-dispatcher-2.0.jar:/home/runner/.m2/repository/org/apache/maven/maven-embedder/3.9.9/maven-embedder-3.9.9.jar:/home/runner/.m2/repository/org/apache/maven/maven-core/3.9.9/maven-core-3.9.9.jar:/home/runner/.m2/repository/org/codehaus/plexus/plexus-component-annotations/2.1.0/plexus-component-annotations-2.1.0.jar:/home/runner/.m2/repository/org/apache/maven/maven-plugin-api/3.9.9/maven-plugin-api-3.9.9.jar:/home/runner/.m2/repository/org/apache/maven/shared/maven-shared-utils/3.4.2/maven-shared-utils-3.4.2.jar:/home/runner/.m2/repository/com/google/inject/guice/5.1.0/guice-5.1.0.jar:/home/runner/.m2/repository/aopalliance/aopalliance/1.0/aopalliance-1.0.jar:/home/runner/.m2/repository/org/codehaus/plexus/plexus-classworlds/2.6.0/plexus-classworlds-2.6.0.jar:/home/runner/.m2/repository/commons-cli/commons-cli/1.8.0/commons-cli-1.8.0.jar:/home/runner/.m2/repository/org/eclipse/sisu/org.eclipse.sisu.plexus/0.9.0.M3/org.eclipse.sisu.plexus-0.9.0.M3.jar:/home/runner/.m2/repository/org/apache/maven/maven-settings-builder/3.9.9/maven-settings-builder-3.9.9.jar:/home/runner/.m2/repository/org/apache/maven/maven-resolver-provider/3.9.9/maven-resolver-provider-3.9.9.jar:/home/runner/.m2/repository/org/apache/maven/resolver/maven-resolver-connector-basic/1.9.22/maven-resolver-connector-basic-1.9.22.jar:/home/runner/.m2/repository/org/apache/maven/resolver/maven-resolver-transport-wagon/1.9.22/maven-resolver-transport-wagon-1.9.22.jar:/home/runner/.m2/repository/org/apache/maven/wagon/wagon-http/3.5.3/wagon-http-3.5.3.jar:/home/runner/.m2/repository/org/apache/maven/wagon/wagon-file/3.5.3/wagon-file-3.5.3.jar:/home/runner/.m2/repository/io/quarkus/quarkus-bootstrap-gradle-resolver/3.20.2/quarkus-bootstrap-gradle-resolver-3.20.2.jar:/home/runner/.m2/repository/io/smallrye/jandex/3.3.0/jandex-3.3.0.jar:/home/runner/.m2/repository/org/jboss/logging/commons-logging-jboss-logging/1.0.0.Final/commons-logging-jboss-logging-1.0.0.Final.jar:/home/runner/.m2/repository/io/quarkus/quarkus-junit5-config/3.20.2/quarkus-junit5-config-3.20.2.jar:/home/runner/.m2/repository/org/junit/jupiter/junit-jupiter-api/5.12.1/junit-jupiter-api-5.12.1.jar:/home/runner/.m2/repository/io/smallrye/config/smallrye-config/3.11.4/smallrye-config-3.11.4.jar:/home/runner/.m2/repository/io/smallrye/config/smallrye-config-core/3.11.4/smallrye-config-core-3.11.4.jar:/home/runner/.m2/repository/io/smallrye/common/smallrye-common-classloader/2.12.0/smallrye-common-classloader-2.12.0.jar:/home/runner/.m2/repository/io/smallrye/config/smallrye-config-common/3.11.4/smallrye-config-common-3.11.4.jar:/home/runner/.m2/repository/org/junit/jupiter/junit-jupiter/5.12.1/junit-jupiter-5.12.1.jar:/home/runner/.m2/repository/org/junit/jupiter/junit-jupiter-params/5.12.1/junit-jupiter-params-5.12.1.jar:/home/runner/.m2/repository/org/junit/jupiter/junit-jupiter-engine/5.12.1/junit-jupiter-engine-5.12.1.jar:/home/runner/.m2/repository/io/quarkus/quarkus-core/3.20.2/quarkus-core-3.20.2.jar:/home/runner/.m2/repository/jakarta/enterprise/jakarta.enterprise.cdi-api/4.1.0/jakarta.enterprise.cdi-api-4.1.0.jar:/home/runner/.m2/repository/jakarta/enterprise/jakarta.enterprise.lang-model/4.1.0/jakarta.enterprise.lang-model-4.1.0.jar:/home/runner/.m2/repository/jakarta/el/jakarta.el-api/5.0.1/jakarta.el-api-5.0.1.jar:/home/runner/.m2/repository/jakarta/interceptor/jakarta.interceptor-api/2.2.0/jakarta.interceptor-api-2.2.0.jar:/home/runner/.m2/repository/jakarta/inject/jakarta.inject-api/2.0.1/jakarta.inject-api-2.0.1.jar:/home/runner/.m2/repository/io/smallrye/common/smallrye-common-os/2.12.0/smallrye-common-os-2.12.0.jar:/home/runner/.m2/repository/io/quarkus/quarkus-ide-launcher/3.20.2/quarkus-ide-launcher-3.20.2.jar:/home/runner/.m2/repository/io/quarkus/quarkus-development-mode-spi/3.20.2/quarkus-development-mode-spi-3.20.2.jar:/home/runner/.m2/repository/org/jboss/logging/jboss-logging/3.6.1.Final/jboss-logging-3.6.1.Final.jar:/home/runner/.m2/repository/org/jboss/logmanager/jboss-logmanager/3.1.2.Final/jboss-logmanager-3.1.2.Final.jar:/home/runner/.m2/repository/io/smallrye/common/smallrye-common-constraint/2.12.0/smallrye-common-constraint-2.12.0.jar:/home/runner/.m2/repository/io/smallrye/common/smallrye-common-cpu/2.12.0/smallrye-common-cpu-2.12.0.jar:/home/runner/.m2/repository/io/smallrye/common/smallrye-common-expression/2.12.0/smallrye-common-expression-2.12.0.jar:/home/runner/.m2/repository/io/smallrye/common/smallrye-common-net/2.12.0/smallrye-common-net-2.12.0.jar:/home/runner/.m2/repository/io/smallrye/common/smallrye-common-ref/2.12.0/smallrye-common-ref-2.12.0.jar:/home/runner/.m2/repository/jakarta/json/jakarta.json-api/2.1.3/jakarta.json-api-2.1.3.jar:/home/runner/.m2/repository/org/eclipse/parsson/parsson/1.1.7/parsson-1.1.7.jar:/home/runner/.m2/repository/org/jboss/logging/jboss-logging-annotations/3.0.4.Final/jboss-logging-annotations-3.0.4.Final.jar:/home/runner/.m2/repository/org/jboss/threads/jboss-threads/3.8.0.Final/jboss-threads-3.8.0.Final.jar:/home/runner/.m2/repository/io/smallrye/common/smallrye-common-annotation/2.12.0/smallrye-common-annotation-2.12.0.jar:/home/runner/.m2/repository/io/smallrye/common/smallrye-common-function/2.12.0/smallrye-common-function-2.12.0.jar:/home/runner/.m2/repository/org/jboss/slf4j/slf4j-jboss-logmanager/2.0.0.Final/slf4j-jboss-logmanager-2.0.0.Final.jar:/home/runner/.m2/repository/org/wildfly/common/wildfly-common/2.0.1/wildfly-common-2.0.1.jar:/home/runner/.m2/repository/io/quarkus/quarkus-bootstrap-runner/3.20.2/quarkus-bootstrap-runner-3.20.2.jar:/home/runner/.m2/repository/io/github/crac/org-crac/0.1.3/org-crac-0.1.3.jar:/home/runner/.m2/repository/io/quarkus/quarkus-fs-util/0.0.10/quarkus-fs-util-0.0.10.jar:/home/runner/.m2/repository/org/jboss/marshalling/jboss-marshalling/2.2.2.Final/jboss-marshalling-2.2.2.Final.jar:/home/runner/.m2/repository/io/fabric8/kubernetes-client/7.1.0/kubernetes-client-7.1.0.jar:/home/runner/.m2/repository/io/fabric8/kubernetes-client-api/7.1.0/kubernetes-client-api-7.1.0.jar:/home/runner/.m2/repository/io/fabric8/kubernetes-model-core/7.1.0/kubernetes-model-core-7.1.0.jar:/home/runner/.m2/repository/io/fabric8/kubernetes-model-common/7.1.0/kubernetes-model-common-7.1.0.jar:/home/runner/.m2/repository/javax/annotation/javax.annotation-api/1.3.2/javax.annotation-api-1.3.2.jar:/home/runner/.m2/repository/io/fabric8/kubernetes-model-gatewayapi/7.1.0/kubernetes-model-gatewayapi-7.1.0.jar:/home/runner/.m2/repository/io/fabric8/kubernetes-model-resource/7.1.0/kubernetes-model-resource-7.1.0.jar:/home/runner/.m2/repository/io/fabric8/kubernetes-model-rbac/7.1.0/kubernetes-model-rbac-7.1.0.jar:/home/runner/.m2/repository/io/fabric8/kubernetes-model-admissionregistration/7.1.0/kubernetes-model-admissionregistration-7.1.0.jar:/home/runner/.m2/repository/io/fabric8/kubernetes-model-apps/7.1.0/kubernetes-model-apps-7.1.0.jar:/home/runner/.m2/repository/io/fabric8/kubernetes-model-autoscaling/7.1.0/kubernetes-model-autoscaling-7.1.0.jar:/home/runner/.m2/repository/io/fabric8/kubernetes-model-apiextensions/7.1.0/kubernetes-model-apiextensions-7.1.0.jar:/home/runner/.m2/repository/io/fabric8/kubernetes-model-batch/7.1.0/kubernetes-model-batch-7.1.0.jar:/home/runner/.m2/repository/io/fabric8/kubernetes-model-certificates/7.1.0/kubernetes-model-certificates-7.1.0.jar:/home/runner/.m2/repository/io/fabric8/kubernetes-model-coordination/7.1.0/kubernetes-model-coordination-7.1.0.jar:/home/runner/.m2/repository/io/fabric8/kubernetes-model-discovery/7.1.0/kubernetes-model-discovery-7.1.0.jar:/home/runner/.m2/repository/io/fabric8/kubernetes-model-events/7.1.0/kubernetes-model-events-7.1.0.jar:/home/runner/.m2/repository/io/fabric8/kubernetes-model-extensions/7.1.0/kubernetes-model-extensions-7.1.0.jar:/home/runner/.m2/repository/io/fabric8/kubernetes-model-flowcontrol/7.1.0/kubernetes-model-flowcontrol-7.1.0.jar:/home/runner/.m2/repository/io/fabric8/kubernetes-model-networking/7.1.0/kubernetes-model-networking-7.1.0.jar:/home/runner/.m2/repository/io/fabric8/kubernetes-model-metrics/7.1.0/kubernetes-model-metrics-7.1.0.jar:/home/runner/.m2/repository/io/fabric8/kubernetes-model-policy/7.1.0/kubernetes-model-policy-7.1.0.jar:/home/runner/.m2/repository/io/fabric8/kubernetes-model-scheduling/7.1.0/kubernetes-model-scheduling-7.1.0.jar:/home/runner/.m2/repository/io/fabric8/kubernetes-model-storageclass/7.1.0/kubernetes-model-storageclass-7.1.0.jar:/home/runner/.m2/repository/io/fabric8/kubernetes-model-node/7.1.0/kubernetes-model-node-7.1.0.jar:/home/runner/.m2/repository/org/snakeyaml/snakeyaml-engine/2.9/snakeyaml-engine-2.9.jar:/home/runner/.m2/repository/com/fasterxml/jackson/dataformat/jackson-dataformat-yaml/2.18.2/jackson-dataformat-yaml-2.18.2.jar:/home/runner/.m2/repository/com/fasterxml/jackson/datatype/jackson-datatype-jsr310/2.18.2/jackson-datatype-jsr310-2.18.2.jar:/home/runner/.m2/repository/io/fabric8/zjsonpatch/7.1.0/zjsonpatch-7.1.0.jar:/home/runner/.m2/repository/io/fabric8/kubernetes-httpclient-vertx/7.1.0/kubernetes-httpclient-vertx-7.1.0.jar:/home/runner/.m2/repository/io/vertx/vertx-web-client/4.5.16/vertx-web-client-4.5.16.jar:/home/runner/.m2/repository/io/vertx/vertx-web-common/4.5.16/vertx-web-common-4.5.16.jar:/home/runner/.m2/repository/io/vertx/vertx-auth-common/4.5.16/vertx-auth-common-4.5.16.jar:/home/runner/.m2/repository/io/vertx/vertx-uri-template/4.5.16/vertx-uri-template-4.5.16.jar:/home/runner/.m2/repository/io/fabric8/openshift-client/7.1.0/openshift-client-7.1.0.jar:/home/runner/.m2/repository/io/fabric8/openshift-client-api/7.1.0/openshift-client-api-7.1.0.jar:/home/runner/.m2/repository/io/fabric8/openshift-model/7.1.0/openshift-model-7.1.0.jar:/home/runner/.m2/repository/io/fabric8/openshift-model-autoscaling/7.1.0/openshift-model-autoscaling-7.1.0.jar:/home/runner/.m2/repository/io/fabric8/openshift-model-operator/7.1.0/openshift-model-operator-7.1.0.jar:/home/runner/.m2/repository/io/fabric8/openshift-model-operatorhub/7.1.0/openshift-model-operatorhub-7.1.0.jar:/home/runner/.m2/repository/io/fabric8/openshift-model-machine/7.1.0/openshift-model-machine-7.1.0.jar:/home/runner/.m2/repository/io/fabric8/openshift-model-whereabouts/7.1.0/openshift-model-whereabouts-7.1.0.jar:/home/runner/.m2/repository/io/fabric8/openshift-model-monitoring/7.1.0/openshift-model-monitoring-7.1.0.jar:/home/runner/.m2/repository/io/fabric8/openshift-model-storageversionmigrator/7.1.0/openshift-model-storageversionmigrator-7.1.0.jar:/home/runner/.m2/repository/io/fabric8/openshift-model-tuned/7.1.0/openshift-model-tuned-7.1.0.jar:/home/runner/.m2/repository/io/fabric8/openshift-model-console/7.1.0/openshift-model-console-7.1.0.jar:/home/runner/.m2/repository/io/fabric8/openshift-model-config/7.1.0/openshift-model-config-7.1.0.jar:/home/runner/.m2/repository/io/fabric8/openshift-model-machineconfiguration/7.1.0/openshift-model-machineconfiguration-7.1.0.jar:/home/runner/.m2/repository/io/fabric8/openshift-model-miscellaneous/7.1.0/openshift-model-miscellaneous-7.1.0.jar:/home/runner/.m2/repository/io/fabric8/openshift-model-hive/7.1.0/openshift-model-hive-7.1.0.jar:/home/runner/.m2/repository/io/fabric8/openshift-model-installer/7.1.0/openshift-model-installer-7.1.0.jar:/home/runner/.m2/repository/org/junit/platform/junit-platform-launcher/1.12.1/junit-platform-launcher-1.12.1.jar:/home/runner/.m2/repository/org/junit/platform/junit-platform-engine/1.12.1/junit-platform-engine-1.12.1.jar:/home/runner/.m2/repository/org/opentest4j/opentest4j/1.3.0/opentest4j-1.3.0.jar:/home/runner/.m2/repository/org/junit/platform/junit-platform-commons/1.12.1/junit-platform-commons-1.12.1.jar:/home/runner/.m2/repository/org/apiguardian/apiguardian-api/1.1.2/apiguardian-api-1.1.2.jar:/home/runner/.m2/repository/jakarta/ws/rs/jakarta.ws.rs-api/3.1.0/jakarta.ws.rs-api-3.1.0.jar:/home/runner/work/apicurio-testing/apicurio-testing/clusters/ci419/namespaces/pg17/tests/integration/apicurio-registry/java-sdk/target/apicurio-registry-java-sdk-3.0.12-SNAPSHOT.jar:/home/runner/.m2/repository/com/microsoft/kiota/microsoft-kiota-abstractions/1.8.8/microsoft-kiota-abstractions-1.8.8.jar:/home/runner/.m2/repository/io/github/std-uritemplate/std-uritemplate/2.0.0/std-uritemplate-2.0.0.jar:/home/runner/.m2/repository/io/kiota/kiota-http-jdk/0.0.29/kiota-http-jdk-0.0.29.jar:/home/runner/.m2/repository/io/kiota/kiota-http-vertx/0.0.29/kiota-http-vertx-0.0.29.jar:/home/runner/.m2/repository/io/kiota/kiota-serialization-jackson/0.0.29/kiota-serialization-jackson-0.0.29.jar:/home/runner/.m2/repository/com/microsoft/kiota/microsoft-kiota-serialization-text/1.8.8/microsoft-kiota-serialization-text-1.8.8.jar:/home/runner/.m2/repository/com/microsoft/kiota/microsoft-kiota-serialization-form/1.8.8/microsoft-kiota-serialization-form-1.8.8.jar:/home/runner/.m2/repository/com/microsoft/kiota/microsoft-kiota-serialization-multipart/1.8.8/microsoft-kiota-serialization-multipart-1.8.8.jar:/home/runner/.m2/repository/jakarta/annotation/jakarta.annotation-api/3.0.0/jakarta.annotation-api-3.0.0.jar:/home/runner/.m2/repository/io/vertx/vertx-auth-oauth2/4.5.16/vertx-auth-oauth2-4.5.16.jar:/home/runner/work/apicurio-testing/apicurio-testing/clusters/ci419/namespaces/pg17/tests/integration/apicurio-registry/java-sdk-v2/target/apicurio-registry-v2-java-sdk-3.0.12-SNAPSHOT.jar:/home/runner/work/apicurio-testing/apicurio-testing/clusters/ci419/namespaces/pg17/tests/integration/apicurio-registry/utils/kafka/target/apicurio-registry-utils-kafka-3.0.12-SNAPSHOT-tests.jar:/home/runner/.m2/repository/org/eclipse/microprofile/config/microprofile-config-api/3.1/microprofile-config-api-3.1.jar:/home/runner/.m2/repository/org/apache/kafka/kafka-clients/3.9.1/kafka-clients-3.9.1.jar:/home/runner/.m2/repository/com/github/luben/zstd-jni/1.5.6-4/zstd-jni-1.5.6-4.jar:/home/runner/.m2/repository/org/lz4/lz4-java/1.8.0/lz4-java-1.8.0.jar:/home/runner/.m2/repository/org/xerial/snappy/snappy-java/1.1.10.5/snappy-java-1.1.10.5.jar:/home/runner/.m2/repository/org/slf4j/slf4j-api/2.0.6/slf4j-api-2.0.6.jar:/home/runner/work/apicurio-testing/apicurio-testing/clusters/ci419/namespaces/pg17/tests/integration/apicurio-registry/utils/tests/target/apicurio-registry-utils-tests-3.0.12-SNAPSHOT.jar:/home/runner/work/apicurio-testing/apicurio-testing/clusters/ci419/namespaces/pg17/tests/integration/apicurio-registry/common/target/apicurio-registry-common-3.0.12-SNAPSHOT.jar:/home/runner/.m2/repository/jakarta/validation/jakarta.validation-api/3.0.2/jakarta.validation-api-3.0.2.jar:/home/runner/.m2/repository/com/github/dasniko/testcontainers-keycloak/3.8.0/testcontainers-keycloak-3.8.0.jar:/home/runner/.m2/repository/org/testcontainers/testcontainers/1.20.6/testcontainers-1.20.6.jar:/home/runner/.m2/repository/org/rnorth/duct-tape/duct-tape/1.0.8/duct-tape-1.0.8.jar:/home/runner/.m2/repository/com/github/docker-java/docker-java-transport-zerodep/3.4.1/docker-java-transport-zerodep-3.4.1.jar:/home/runner/.m2/repository/com/github/docker-java/docker-java-transport/3.4.1/docker-java-transport-3.4.1.jar:/home/runner/.m2/repository/net/java/dev/jna/jna/5.8.0/jna-5.8.0.jar:/home/runner/.m2/repository/io/quarkus/quarkus-junit4-mock/3.20.2/quarkus-junit4-mock-3.20.2.jar:/home/runner/.m2/repository/org/jboss/shrinkwrap/shrinkwrap-api/2.0.0-beta-2/shrinkwrap-api-2.0.0-beta-2.jar:/home/runner/.m2/repository/org/jboss/shrinkwrap/shrinkwrap-impl-base/2.0.0-beta-2/shrinkwrap-impl-base-2.0.0-beta-2.jar:/home/runner/.m2/repository/org/jboss/shrinkwrap/shrinkwrap-spi/2.0.0-beta-2/shrinkwrap-spi-2.0.0-beta-2.jar:/home/runner/.m2/repository/org/keycloak/keycloak-admin-client/26.0.4/keycloak-admin-client-26.0.4.jar:/home/runner/.m2/repository/org/keycloak/keycloak-client-common-synced/26.0.4/keycloak-client-common-synced-26.0.4.jar:/home/runner/.m2/repository/jakarta/activation/jakarta.activation-api/2.1.3/jakarta.activation-api-2.1.3.jar:/home/runner/.m2/repository/org/eclipse/microprofile/openapi/microprofile-openapi-api/4.0.2/microprofile-openapi-api-4.0.2.jar:/home/runner/.m2/repository/org/jboss/resteasy/resteasy-client/6.2.12.Final/resteasy-client-6.2.12.Final.jar:/home/runner/.m2/repository/org/jboss/resteasy/resteasy-client-api/6.2.12.Final/resteasy-client-api-6.2.12.Final.jar:/home/runner/.m2/repository/org/jboss/resteasy/resteasy-core-spi/6.2.12.Final/resteasy-core-spi-6.2.12.Final.jar:/home/runner/.m2/repository/org/jboss/resteasy/resteasy-core/6.2.12.Final/resteasy-core-6.2.12.Final.jar:/home/runner/.m2/repository/org/eclipse/angus/angus-activation/2.0.2/angus-activation-2.0.2.jar:/home/runner/.m2/repository/com/ibm/async/asyncutil/0.1.0/asyncutil-0.1.0.jar:/home/runner/.m2/repository/org/reactivestreams/reactive-streams/1.0.4/reactive-streams-1.0.4.jar:/home/runner/.m2/repository/org/jboss/resteasy/resteasy-multipart-provider/6.2.12.Final/resteasy-multipart-provider-6.2.12.Final.jar:/home/runner/.m2/repository/jakarta/mail/jakarta.mail-api/2.1.3/jakarta.mail-api-2.1.3.jar:/home/runner/.m2/repository/org/eclipse/angus/angus-mail/2.0.3/angus-mail-2.0.3.jar:/home/runner/.m2/repository/org/apache/james/apache-mime4j-dom/0.8.12/apache-mime4j-dom-0.8.12.jar:/home/runner/.m2/repository/org/apache/james/apache-mime4j-core/0.8.12/apache-mime4j-core-0.8.12.jar:/home/runner/.m2/repository/org/apache/james/apache-mime4j-storage/0.8.12/apache-mime4j-storage-0.8.12.jar:/home/runner/.m2/repository/org/jboss/resteasy/resteasy-jackson2-provider/6.2.12.Final/resteasy-jackson2-provider-6.2.12.Final.jar:/home/runner/.m2/repository/com/fasterxml/jackson/jakarta/rs/jackson-jakarta-rs-base/2.18.2/jackson-jakarta-rs-base-2.18.2.jar:/home/runner/.m2/repository/com/fasterxml/jackson/jakarta/rs/jackson-jakarta-rs-json-provider/2.18.2/jackson-jakarta-rs-json-provider-2.18.2.jar:/home/runner/.m2/repository/com/fasterxml/jackson/module/jackson-module-jakarta-xmlbind-annotations/2.18.2/jackson-module-jakarta-xmlbind-annotations-2.18.2.jar:/home/runner/.m2/repository/com/github/java-json-tools/json-patch/1.13/json-patch-1.13.jar:/home/runner/.m2/repository/com/github/java-json-tools/msg-simple/1.2/msg-simple-1.2.jar:/home/runner/.m2/repository/com/github/java-json-tools/btf/1.3/btf-1.3.jar:/home/runner/.m2/repository/com/github/java-json-tools/jackson-coreutils/2.0/jackson-coreutils-2.0.jar:/home/runner/.m2/repository/org/jboss/resteasy/resteasy-jaxb-provider/6.2.12.Final/resteasy-jaxb-provider-6.2.12.Final.jar:/home/runner/.m2/repository/org/glassfish/jaxb/codemodel/4.0.5/codemodel-4.0.5.jar:/home/runner/.m2/repository/org/glassfish/jaxb/jaxb-core/4.0.5/jaxb-core-4.0.5.jar:/home/runner/.m2/repository/org/glassfish/jaxb/jaxb-jxc/4.0.5/jaxb-jxc-4.0.5.jar:/home/runner/.m2/repository/org/glassfish/jaxb/jaxb-runtime/4.0.5/jaxb-runtime-4.0.5.jar:/home/runner/.m2/repository/org/glassfish/jaxb/txw2/4.0.5/txw2-4.0.5.jar:/home/runner/.m2/repository/org/glassfish/jaxb/jaxb-xjc/4.0.5/jaxb-xjc-4.0.5.jar:/home/runner/.m2/repository/org/glassfish/jaxb/xsom/4.0.5/xsom-4.0.5.jar:/home/runner/.m2/repository/com/sun/istack/istack-commons-runtime/4.1.2/istack-commons-runtime-4.1.2.jar:/home/runner/.m2/repository/com/sun/istack/istack-commons-tools/4.1.2/istack-commons-tools-4.1.2.jar:/home/runner/.m2/repository/com/sun/xml/bind/external/relaxng-datatype/4.0.5/relaxng-datatype-4.0.5.jar:/home/runner/.m2/repository/com/sun/xml/bind/external/rngom/4.0.5/rngom-4.0.5.jar:/home/runner/.m2/repository/org/testcontainers/mssqlserver/1.20.6/mssqlserver-1.20.6.jar:/home/runner/.m2/repository/org/testcontainers/jdbc/1.20.6/jdbc-1.20.6.jar:/home/runner/.m2/repository/org/testcontainers/database-commons/1.20.6/database-commons-1.20.6.jar:/home/runner/.m2/repository/org/testcontainers/mysql/1.20.6/mysql-1.20.6.jar:/home/runner/.m2/repository/io/strimzi/strimzi-test-container/0.111.0/strimzi-test-container-0.111.0.jar:/home/runner/.m2/repository/org/testcontainers/toxiproxy/1.20.6/toxiproxy-1.20.6.jar:/home/runner/.m2/repository/com/github/docker-java/docker-java-api/3.4.1/docker-java-api-3.4.1.jar:/home/runner/.m2/repository/org/apache/logging/log4j/log4j-slf4j-impl/2.19.0/log4j-slf4j-impl-2.19.0.jar:/home/runner/.m2/repository/org/apache/logging/log4j/log4j-api/2.24.3/log4j-api-2.24.3.jar:/home/runner/.m2/repository/org/apache/logging/log4j/log4j-core/2.19.0/log4j-core-2.19.0.jar:/home/runner/.m2/repository/eu/rekawek/toxiproxy/toxiproxy-java/2.1.7/toxiproxy-java-2.1.7.jar:/home/runner/.m2/repository/org/testcontainers/pulsar/1.21.3/pulsar-1.21.3.jar:/home/runner/.m2/repository/io/debezium/debezium-testing-testcontainers/2.7.4.Final/debezium-testing-testcontainers-2.7.4.Final.jar:/home/runner/.m2/repository/org/testcontainers/kafka/1.20.6/kafka-1.20.6.jar:/home/runner/.m2/repository/com/squareup/okhttp3/okhttp/4.8.1/okhttp-4.8.1.jar:/home/runner/.m2/repository/com/squareup/okio/okio/3.10.2/okio-3.10.2.jar:/home/runner/.m2/repository/com/squareup/okio/okio-jvm/3.10.2/okio-jvm-3.10.2.jar:/home/runner/.m2/repository/org/jetbrains/kotlin/kotlin-stdlib/2.0.21/kotlin-stdlib-2.0.21.jar:/home/runner/.m2/repository/org/awaitility/awaitility/4.3.0/awaitility-4.3.0.jar:/home/runner/.m2/repository/org/testcontainers/mongodb/1.20.6/mongodb-1.20.6.jar:/home/runner/.m2/repository/org/testcontainers/mariadb/1.20.6/mariadb-1.20.6.jar:/home/runner/.m2/repository/org/testcontainers/oracle-xe/1.20.6/oracle-xe-1.20.6.jar:/home/runner/.m2/repository/org/testcontainers/postgresql/1.20.6/postgresql-1.20.6.jar:/home/runner/.m2/repository/org/wiremock/wiremock/3.0.1/wiremock-3.0.1.jar:/home/runner/.m2/repository/org/eclipse/jetty/jetty-server/11.0.15/jetty-server-11.0.15.jar:/home/runner/.m2/repository/org/eclipse/jetty/toolchain/jetty-jakarta-servlet-api/5.0.2/jetty-jakarta-servlet-api-5.0.2.jar:/home/runner/.m2/repository/org/eclipse/jetty/jetty-http/11.0.15/jetty-http-11.0.15.jar:/home/runner/.m2/repository/org/eclipse/jetty/jetty-io/11.0.15/jetty-io-11.0.15.jar:/home/runner/.m2/repository/org/eclipse/jetty/jetty-servlet/11.0.15/jetty-servlet-11.0.15.jar:/home/runner/.m2/repository/org/eclipse/jetty/jetty-security/11.0.15/jetty-security-11.0.15.jar:/home/runner/.m2/repository/org/eclipse/jetty/jetty-servlets/11.0.15/jetty-servlets-11.0.15.jar:/home/runner/.m2/repository/org/eclipse/jetty/jetty-util/11.0.15/jetty-util-11.0.15.jar:/home/runner/.m2/repository/org/eclipse/jetty/jetty-webapp/11.0.15/jetty-webapp-11.0.15.jar:/home/runner/.m2/repository/org/eclipse/jetty/jetty-xml/11.0.15/jetty-xml-11.0.15.jar:/home/runner/.m2/repository/org/eclipse/jetty/jetty-proxy/11.0.15/jetty-proxy-11.0.15.jar:/home/runner/.m2/repository/org/eclipse/jetty/jetty-client/11.0.15/jetty-client-11.0.15.jar:/home/runner/.m2/repository/org/eclipse/jetty/http2/http2-server/11.0.15/http2-server-11.0.15.jar:/home/runner/.m2/repository/org/eclipse/jetty/http2/http2-common/11.0.15/http2-common-11.0.15.jar:/home/runner/.m2/repository/org/eclipse/jetty/http2/http2-hpack/11.0.15/http2-hpack-11.0.15.jar:/home/runner/.m2/repository/org/eclipse/jetty/jetty-alpn-server/11.0.15/jetty-alpn-server-11.0.15.jar:/home/runner/.m2/repository/org/eclipse/jetty/jetty-alpn-java-server/11.0.15/jetty-alpn-java-server-11.0.15.jar:/home/runner/.m2/repository/org/eclipse/jetty/jetty-alpn-java-client/11.0.15/jetty-alpn-java-client-11.0.15.jar:/home/runner/.m2/repository/org/eclipse/jetty/jetty-alpn-client/11.0.15/jetty-alpn-client-11.0.15.jar:/home/runner/.m2/repository/org/apache/httpcomponents/client5/httpclient5/5.2.1/httpclient5-5.2.1.jar:/home/runner/.m2/repository/org/apache/httpcomponents/core5/httpcore5/5.2/httpcore5-5.2.jar:/home/runner/.m2/repository/org/apache/httpcomponents/core5/httpcore5-h2/5.2/httpcore5-h2-5.2.jar:/home/runner/.m2/repository/org/xmlunit/xmlunit-core/2.9.1/xmlunit-core-2.9.1.jar:/home/runner/.m2/repository/jakarta/xml/bind/jakarta.xml.bind-api/4.0.2/jakarta.xml.bind-api-4.0.2.jar:/home/runner/.m2/repository/org/xmlunit/xmlunit-legacy/2.9.1/xmlunit-legacy-2.9.1.jar:/home/runner/.m2/repository/org/xmlunit/xmlunit-placeholders/2.9.1/xmlunit-placeholders-2.9.1.jar:/home/runner/.m2/repository/net/javacrumbs/json-unit/json-unit-core/2.38.0/json-unit-core-2.38.0.jar:/home/runner/.m2/repository/org/hamcrest/hamcrest-core/2.2/hamcrest-core-2.2.jar:/home/runner/.m2/repository/com/jayway/jsonpath/json-path/2.8.0/json-path-2.8.0.jar:/home/runner/.m2/repository/net/minidev/json-smart/2.4.10/json-smart-2.4.10.jar:/home/runner/.m2/repository/net/minidev/accessors-smart/2.4.9/accessors-smart-2.4.9.jar:/home/runner/.m2/repository/org/ow2/asm/asm/9.7.1/asm-9.7.1.jar:/home/runner/.m2/repository/net/sf/jopt-simple/jopt-simple/5.0.4/jopt-simple-5.0.4.jar:/home/runner/.m2/repository/com/github/jknack/handlebars/4.3.1/handlebars-4.3.1.jar:/home/runner/.m2/repository/com/github/jknack/handlebars-helpers/4.3.1/handlebars-helpers-4.3.1.jar:/home/runner/.m2/repository/commons-fileupload/commons-fileupload/1.5/commons-fileupload-1.5.jar:/home/runner/.m2/repository/com/networknt/json-schema-validator/1.5.8/json-schema-validator-1.5.8.jar:/home/runner/.m2/repository/com/ethlo/time/itu/1.10.3/itu-1.10.3.jar:/home/runner/.m2/repository/io/quarkus/quarkus-smallrye-jwt-build/3.20.2/quarkus-smallrye-jwt-build-3.20.2.jar:/home/runner/.m2/repository/io/smallrye/smallrye-jwt-build/4.6.2/smallrye-jwt-build-4.6.2.jar:/home/runner/.m2/repository/org/eclipse/microprofile/jwt/microprofile-jwt-auth-api/2.1/microprofile-jwt-auth-api-2.1.jar:/home/runner/.m2/repository/org/bitbucket/b_c/jose4j/0.9.6/jose4j-0.9.6.jar:/home/runner/.m2/repository/io/smallrye/smallrye-jwt-common/4.6.2/smallrye-jwt-common-4.6.2.jar:/home/runner/.m2/repository/io/quarkus/quarkus-jsonp/3.20.2/quarkus-jsonp-3.20.2.jar:/home/runner/.m2/repository/io/quarkus/quarkus-arc/3.20.2/quarkus-arc-3.20.2.jar:/home/runner/.m2/repository/io/quarkus/arc/arc/3.20.2/arc-3.20.2.jar:/home/runner/.m2/repository/jakarta/transaction/jakarta.transaction-api/2.0.1/jakarta.transaction-api-2.0.1.jar:/home/runner/.m2/repository/io/smallrye/reactive/mutiny/2.9.2/mutiny-2.9.2.jar:/home/runner/.m2/repository/org/jctools/jctools-core/4.0.5/jctools-core-4.0.5.jar:/home/runner/.m2/repository/org/eclipse/microprofile/context-propagation/microprofile-context-propagation-api/1.3/microprofile-context-propagation-api-1.3.jar:/home/runner/.m2/repository/io/apicurio/apicurio-common-rest-client-common/0.1.18.Final/apicurio-common-rest-client-common-0.1.18.Final.jar:/home/runner/work/apicurio-testing/apicurio-testing/clusters/ci419/namespaces/pg17/tests/integration/apicurio-registry/utils/maven-plugin/target/apicurio-registry-maven-plugin-3.0.12-SNAPSHOT.jar:/home/runner/.m2/repository/com/fasterxml/jackson/core/jackson-databind/2.18.2/jackson-databind-2.18.2.jar:/home/runner/.m2/repository/org/apache/avro/avro/1.12.0/avro-1.12.0.jar:/home/runner/.m2/repository/com/google/protobuf/protobuf-java/4.31.1/protobuf-java-4.31.1.jar:/home/runner/.m2/repository/com/google/protobuf/protobuf-java-util/4.31.1/protobuf-java-util-4.31.1.jar:/home/runner/.m2/repository/com/google/code/findbugs/jsr305/3.0.2/jsr305-3.0.2.jar:/home/runner/.m2/repository/com/google/code/gson/gson/2.12.1/gson-2.12.1.jar:/home/runner/.m2/repository/com/google/errorprone/error_prone_annotations/2.36.0/error_prone_annotations-2.36.0.jar:/home/runner/.m2/repository/com/google/j2objc/j2objc-annotations/2.8/j2objc-annotations-2.8.jar:/home/runner/work/apicurio-testing/apicurio-testing/clusters/ci419/namespaces/pg17/tests/integration/apicurio-registry/schema-util/util-provider/target/apicurio-registry-schema-util-provider-3.0.12-SNAPSHOT.jar:/home/runner/work/apicurio-testing/apicurio-testing/clusters/ci419/namespaces/pg17/tests/integration/apicurio-registry/schema-util/common/target/apicurio-registry-schema-util-common-3.0.12-SNAPSHOT.jar:/home/runner/.m2/repository/com/fasterxml/jackson/module/jackson-module-parameter-names/2.18.2/jackson-module-parameter-names-2.18.2.jar:/home/runner/.m2/repository/com/fasterxml/jackson/datatype/jackson-datatype-json-org/2.18.2/jackson-datatype-json-org-2.18.2.jar:/home/runner/work/apicurio-testing/apicurio-testing/clusters/ci419/namespaces/pg17/tests/integration/apicurio-registry/schema-util/json/target/apicurio-registry-schema-util-json-3.0.12-SNAPSHOT.jar:/home/runner/.m2/repository/com/github/erosb/everit-json-schema/1.14.5/everit-json-schema-1.14.5.jar:/home/runner/.m2/repository/commons-validator/commons-validator/1.9.0/commons-validator-1.9.0.jar:/home/runner/.m2/repository/commons-digester/commons-digester/2.1/commons-digester-2.1.jar:/home/runner/.m2/repository/commons-collections/commons-collections/3.2.2/commons-collections-3.2.2.jar:/home/runner/.m2/repository/com/damnhandy/handy-uri-templates/2.1.8/handy-uri-templates-2.1.8.jar:/home/runner/.m2/repository/joda-time/joda-time/2.10.2/joda-time-2.10.2.jar:/home/runner/.m2/repository/com/github/erosb/json-sKema/0.20.0/json-sKema-0.20.0.jar:/home/runner/.m2/repository/io/vertx/vertx-json-schema/4.5.16/vertx-json-schema-4.5.16.jar:/home/runner/work/apicurio-testing/apicurio-testing/clusters/ci419/namespaces/pg17/tests/integration/apicurio-registry/schema-util/protobuf/target/apicurio-registry-schema-util-protobuf-3.0.12-SNAPSHOT.jar:/home/runner/work/apicurio-testing/apicurio-testing/clusters/ci419/namespaces/pg17/tests/integration/apicurio-registry/utils/protobuf-schema-utilities/target/apicurio-registry-protobuf-schema-utilities-3.0.12-SNAPSHOT.jar:/home/runner/.m2/repository/com/google/api/grpc/proto-google-common-protos/2.52.0/proto-google-common-protos-2.52.0.jar:/home/runner/.m2/repository/com/squareup/wire/wire-schema-jvm/5.3.3/wire-schema-jvm-5.3.3.jar:/home/runner/.m2/repository/com/palantir/javapoet/javapoet/0.6.0/javapoet-0.6.0.jar:/home/runner/.m2/repository/com/squareup/kotlinpoet-jvm/2.0.0/kotlinpoet-jvm-2.0.0.jar:/home/runner/.m2/repository/org/jetbrains/kotlin/kotlin-reflect/2.0.21/kotlin-reflect-2.0.21.jar:/home/runner/.m2/repository/com/squareup/wire/wire-runtime-jvm/5.3.3/wire-runtime-jvm-5.3.3.jar:/home/runner/.m2/repository/com/ibm/icu/icu4j/76.1/icu4j-76.1.jar:/home/runner/.m2/repository/com/squareup/okio/okio-fakefilesystem/3.10.2/okio-fakefilesystem-3.10.2.jar:/home/runner/.m2/repository/com/squareup/okio/okio-fakefilesystem-jvm/3.10.2/okio-fakefilesystem-jvm-3.10.2.jar:/home/runner/.m2/repository/org/jetbrains/kotlinx/kotlinx-datetime-jvm/0.6.1/kotlinx-datetime-jvm-0.6.1.jar:/home/runner/work/apicurio-testing/apicurio-testing/clusters/ci419/namespaces/pg17/tests/integration/apicurio-registry/schema-util/asyncapi/target/apicurio-registry-schema-util-asyncapi-3.0.12-SNAPSHOT.jar:/home/runner/work/apicurio-testing/apicurio-testing/clusters/ci419/namespaces/pg17/tests/integration/apicurio-registry/schema-util/avro/target/apicurio-registry-schema-util-avro-3.0.12-SNAPSHOT.jar:/home/runner/work/apicurio-testing/apicurio-testing/clusters/ci419/namespaces/pg17/tests/integration/apicurio-registry/schema-util/graphql/target/apicurio-registry-schema-util-graphql-3.0.12-SNAPSHOT.jar:/home/runner/.m2/repository/com/graphql-java/graphql-java/22.4/graphql-java-22.4.jar:/home/runner/.m2/repository/com/graphql-java/java-dataloader/3.3.0/java-dataloader-3.3.0.jar:/home/runner/work/apicurio-testing/apicurio-testing/clusters/ci419/namespaces/pg17/tests/integration/apicurio-registry/schema-util/kconnect/target/apicurio-registry-schema-util-kconnect-3.0.12-SNAPSHOT.jar:/home/runner/work/apicurio-testing/apicurio-testing/clusters/ci419/namespaces/pg17/tests/integration/apicurio-registry/schema-util/openapi/target/apicurio-registry-schema-util-openapi-3.0.12-SNAPSHOT.jar:/home/runner/.m2/repository/io/apicurio/apicurio-data-models/2.2.2/apicurio-data-models-2.2.2.jar:/home/runner/.m2/repository/org/openapitools/openapidiff/openapi-diff-core/2.1.2/openapi-diff-core-2.1.2.jar:/home/runner/.m2/repository/io/swagger/parser/v3/swagger-parser/2.1.28/swagger-parser-2.1.28.jar:/home/runner/.m2/repository/io/swagger/parser/v3/swagger-parser-v2-converter/2.1.28/swagger-parser-v2-converter-2.1.28.jar:/home/runner/.m2/repository/io/swagger/swagger-core/1.6.16/swagger-core-1.6.16.jar:/home/runner/.m2/repository/io/swagger/swagger-models/1.6.16/swagger-models-1.6.16.jar:/home/runner/.m2/repository/io/swagger/swagger-annotations/1.6.16/swagger-annotations-1.6.16.jar:/home/runner/.m2/repository/io/swagger/swagger-parser/1.0.75/swagger-parser-1.0.75.jar:/home/runner/.m2/repository/io/swagger/swagger-parser-safe-url-resolver/1.0.75/swagger-parser-safe-url-resolver-1.0.75.jar:/home/runner/.m2/repository/io/swagger/swagger-compat-spec-parser/1.0.75/swagger-compat-spec-parser-1.0.75.jar:/home/runner/.m2/repository/com/github/java-json-tools/json-schema-validator/2.2.14/json-schema-validator-2.2.14.jar:/home/runner/.m2/repository/com/github/java-json-tools/jackson-coreutils-equivalence/1.0/jackson-coreutils-equivalence-1.0.jar:/home/runner/.m2/repository/com/github/java-json-tools/json-schema-core/1.2.14/json-schema-core-1.2.14.jar:/home/runner/.m2/repository/com/github/java-json-tools/uri-template/0.10/uri-template-0.10.jar:/home/runner/.m2/repository/com/googlecode/libphonenumber/libphonenumber/8.11.1/libphonenumber-8.11.1.jar:/home/runner/.m2/repository/com/j2html/j2html/1.6.0/j2html-1.6.0.jar:/home/runner/.m2/repository/org/apache/commons/commons-collections4/4.5.0/commons-collections4-4.5.0.jar:/home/runner/.m2/repository/org/slf4j/jcl-over-slf4j/2.0.17/jcl-over-slf4j-2.0.17.jar:/home/runner/.m2/repository/io/swagger/parser/v3/swagger-parser-v3/2.1.31/swagger-parser-v3-2.1.31.jar:/home/runner/.m2/repository/io/swagger/core/v3/swagger-models/2.2.34/swagger-models-2.2.34.jar:/home/runner/.m2/repository/io/swagger/core/v3/swagger-core/2.2.34/swagger-core-2.2.34.jar:/home/runner/.m2/repository/io/swagger/parser/v3/swagger-parser-core/2.1.31/swagger-parser-core-2.1.31.jar:/home/runner/.m2/repository/io/swagger/parser/v3/swagger-parser-safe-url-resolver/2.1.31/swagger-parser-safe-url-resolver-2.1.31.jar:/home/runner/work/apicurio-testing/apicurio-testing/clusters/ci419/namespaces/pg17/tests/integration/apicurio-registry/schema-util/wsdl/target/apicurio-registry-schema-util-wsdl-3.0.12-SNAPSHOT.jar:/home/runner/.m2/repository/wsdl4j/wsdl4j/1.6.3/wsdl4j-1.6.3.jar:/home/runner/work/apicurio-testing/apicurio-testing/clusters/ci419/namespaces/pg17/tests/integration/apicurio-registry/schema-util/xml/target/apicurio-registry-schema-util-xml-3.0.12-SNAPSHOT.jar:/home/runner/.m2/repository/org/apache/santuario/xmlsec/4.0.4/xmlsec-4.0.4.jar:/home/runner/.m2/repository/com/fasterxml/woodstox/woodstox-core/7.1.1/woodstox-core-7.1.1.jar:/home/runner/.m2/repository/org/codehaus/woodstox/stax2-api/4.2.2/stax2-api-4.2.2.jar:/home/runner/work/apicurio-testing/apicurio-testing/clusters/ci419/namespaces/pg17/tests/integration/apicurio-registry/schema-util/xsd/target/apicurio-registry-schema-util-xsd-3.0.12-SNAPSHOT.jar:/home/runner/work/apicurio-testing/apicurio-testing/clusters/ci419/namespaces/pg17/tests/integration/apicurio-registry/serdes/kafka/jsonschema-serde/target/apicurio-registry-jsonschema-serde-kafka-3.0.12-SNAPSHOT.jar:/home/runner/work/apicurio-testing/apicurio-testing/clusters/ci419/namespaces/pg17/tests/integration/apicurio-registry/serdes/kafka/serde-kafka-common/target/apicurio-registry-serde-kafka-common-3.0.12-SNAPSHOT.jar:/home/runner/work/apicurio-testing/apicurio-testing/clusters/ci419/namespaces/pg17/tests/integration/apicurio-registry/serdes/generic/serde-common/target/apicurio-registry-serde-common-3.0.12-SNAPSHOT.jar:/home/runner/work/apicurio-testing/apicurio-testing/clusters/ci419/namespaces/pg17/tests/integration/apicurio-registry/serdes/generic/serde-common-jsonschema/target/apicurio-registry-serde-common-jsonschema-3.0.12-SNAPSHOT.jar:/home/runner/.m2/repository/org/json/json/20250107/json-20250107.jar:/home/runner/work/apicurio-testing/apicurio-testing/clusters/ci419/namespaces/pg17/tests/integration/apicurio-registry/serdes/kafka/avro-serde/target/apicurio-registry-avro-serde-kafka-3.0.12-SNAPSHOT.jar:/home/runner/work/apicurio-testing/apicurio-testing/clusters/ci419/namespaces/pg17/tests/integration/apicurio-registry/serdes/generic/serde-common-avro/target/apicurio-registry-serde-common-avro-3.0.12-SNAPSHOT.jar:/home/runner/work/apicurio-testing/apicurio-testing/clusters/ci419/namespaces/pg17/tests/integration/apicurio-registry/serdes/kafka/protobuf-serde/target/apicurio-registry-protobuf-serde-kafka-3.0.12-SNAPSHOT.jar:/home/runner/work/apicurio-testing/apicurio-testing/clusters/ci419/namespaces/pg17/tests/integration/apicurio-registry/serdes/generic/serde-common-protobuf/target/apicurio-registry-serde-common-protobuf-3.0.12-SNAPSHOT.jar:/home/runner/.m2/repository/com/squareup/wire/wire-schema/5.3.3/wire-schema-5.3.3.jar:/home/runner/.m2/repository/com/squareup/wire/wire-runtime/5.3.3/wire-runtime-5.3.3.jar:/home/runner/work/apicurio-testing/apicurio-testing/clusters/ci419/namespaces/pg17/tests/integration/apicurio-registry/serdes/pulsar/avro-serde/target/apicurio-registry-avro-serde-pulsar-3.0.12-SNAPSHOT.jar:/home/runner/.m2/repository/org/apache/pulsar/pulsar-functions-api/3.3.8/pulsar-functions-api-3.3.8.jar:/home/runner/work/apicurio-testing/apicurio-testing/clusters/ci419/namespaces/pg17/tests/integration/apicurio-registry/serdes/nats/avro-serde/target/apicurio-registry-avro-serde-nats-3.0.12-SNAPSHOT.jar:/home/runner/.m2/repository/io/nats/jnats/2.21.4/jnats-2.21.4.jar:/home/runner/.m2/repository/org/bouncycastle/bcprov-lts8on/2.73.7/bcprov-lts8on-2.73.7.jar:/home/runner/.m2/repository/org/jetbrains/annotations/26.0.2/annotations-26.0.2.jar:/home/runner/work/apicurio-testing/apicurio-testing/clusters/ci419/namespaces/pg17/tests/integration/apicurio-registry/utils/converter/target/apicurio-registry-utils-converter-3.0.12-SNAPSHOT.jar:/home/runner/work/apicurio-testing/apicurio-testing/clusters/ci419/namespaces/pg17/tests/integration/apicurio-registry/schema-resolver/target/apicurio-registry-schema-resolver-3.0.12-SNAPSHOT.jar:/home/runner/.m2/repository/org/apache/kafka/connect-api/3.9.1/connect-api-3.9.1.jar:/home/runner/.m2/repository/javax/ws/rs/javax.ws.rs-api/2.1.1/javax.ws.rs-api-2.1.1.jar:/home/runner/.m2/repository/org/apache/kafka/connect-json/3.9.1/connect-json-3.9.1.jar:/home/runner/.m2/repository/com/fasterxml/jackson/datatype/jackson-datatype-jdk8/2.18.2/jackson-datatype-jdk8-2.18.2.jar:/home/runner/.m2/repository/com/fasterxml/jackson/module/jackson-module-afterburner/2.18.2/jackson-module-afterburner-2.18.2.jar:/home/runner/work/apicurio-testing/apicurio-testing/clusters/ci419/namespaces/pg17/tests/integration/apicurio-registry/utils/kafka/target/apicurio-registry-utils-kafka-3.0.12-SNAPSHOT.jar:/home/runner/.m2/repository/org/apache/pulsar/pulsar-client/3.3.8/pulsar-client-3.3.8.jar:/home/runner/.m2/repository/org/apache/pulsar/pulsar-client-api/3.3.8/pulsar-client-api-3.3.8.jar:/home/runner/.m2/repository/org/apache/pulsar/pulsar-client-admin-api/3.3.8/pulsar-client-admin-api-3.3.8.jar:/home/runner/.m2/repository/org/apache/pulsar/bouncy-castle-bc/3.3.8/bouncy-castle-bc-3.3.8-pkg.jar:/home/runner/.m2/repository/org/bouncycastle/bcpkix-jdk18on/1.81/bcpkix-jdk18on-1.81.jar:/home/runner/.m2/repository/org/bouncycastle/bcutil-jdk18on/1.81/bcutil-jdk18on-1.81.jar:/home/runner/.m2/repository/org/bouncycastle/bcprov-jdk18on/1.81/bcprov-jdk18on-1.81.jar:/home/runner/.m2/repository/io/opentelemetry/opentelemetry-api/1.44.1/opentelemetry-api-1.44.1.jar:/home/runner/.m2/repository/io/opentelemetry/opentelemetry-context/1.44.1/opentelemetry-context-1.44.1.jar:/home/runner/.m2/repository/io/opentelemetry/opentelemetry-api-incubator/1.44.1-alpha/opentelemetry-api-incubator-1.44.1-alpha.jar:/home/runner/.m2/repository/com/fasterxml/jackson/core/jackson-annotations/2.18.2/jackson-annotations-2.18.2.jar:/home/runner/.m2/repository/javax/validation/validation-api/1.1.0.Final/validation-api-1.1.0.Final.jar:/home/runner/.m2/repository/org/jspecify/jspecify/1.0.0/jspecify-1.0.0.jar:/home/runner/.m2/repository/org/apache/commons/commons-configuration2/2.12.0/commons-configuration2-2.12.0.jar:/home/runner/.m2/repository/commons-logging/commons-logging/1.3.5/commons-logging-1.3.5.jar:/home/runner/.m2/repository/org/apache/commons/commons-text/1.13.0/commons-text-1.13.0.jar:/home/runner/.m2/repository/io/confluent/kafka-avro-serializer/8.0.0/kafka-avro-serializer-8.0.0.jar:/home/runner/.m2/repository/org/apache/commons/commons-compress/1.27.1/commons-compress-1.27.1.jar:/home/runner/.m2/repository/io/confluent/kafka-schema-serializer/8.0.0/kafka-schema-serializer-8.0.0.jar:/home/runner/.m2/repository/com/fasterxml/jackson/dataformat/jackson-dataformat-csv/2.18.2/jackson-dataformat-csv-2.18.2.jar:/home/runner/.m2/repository/io/confluent/kafka-schema-registry-client/8.0.0/kafka-schema-registry-client-8.0.0.jar:/home/runner/.m2/repository/org/yaml/snakeyaml/2.3/snakeyaml-2.3.jar:/home/runner/.m2/repository/io/swagger/core/v3/swagger-annotations/2.2.29/swagger-annotations-2.2.29.jar:/home/runner/.m2/repository/com/google/guava/guava/33.4.0-jre/guava-33.4.0-jre.jar:/home/runner/.m2/repository/com/google/guava/failureaccess/1.0.1/failureaccess-1.0.1.jar:/home/runner/.m2/repository/org/checkerframework/checker-qual/3.49.0/checker-qual-3.49.0.jar:/home/runner/.m2/repository/io/confluent/logredactor/1.0.13/logredactor-1.0.13.jar:/home/runner/.m2/repository/com/google/re2j/re2j/1.6/re2j-1.6.jar:/home/runner/.m2/repository/io/confluent/logredactor-metrics/1.0.13/logredactor-metrics-1.0.13.jar:/home/runner/.m2/repository/com/eclipsesource/minimal-json/minimal-json/0.9.5/minimal-json-0.9.5.jar:/home/runner/.m2/repository/io/confluent/common-utils/8.0.0/common-utils-8.0.0.jar:/home/runner/.m2/repository/io/confluent/kafka-connect-avro-converter/8.0.0/kafka-connect-avro-converter-8.0.0.jar:/home/runner/.m2/repository/io/confluent/kafka-connect-avro-data/8.0.0/kafka-connect-avro-data-8.0.0.jar:/home/runner/.m2/repository/io/confluent/kafka-schema-converter/8.0.0/kafka-schema-converter-8.0.0.jar:/home/runner/.m2/repository/io/rest-assured/rest-assured/5.5.1/rest-assured-5.5.1.jar:/home/runner/.m2/repository/org/apache/groovy/groovy/4.0.22/groovy-4.0.22.jar:/home/runner/.m2/repository/org/apache/groovy/groovy-xml/4.0.22/groovy-xml-4.0.22.jar:/home/runner/.m2/repository/org/apache/httpcomponents/httpclient/4.5.14/httpclient-4.5.14.jar:/home/runner/.m2/repository/org/apache/httpcomponents/httpcore/4.4.16/httpcore-4.4.16.jar:/home/runner/.m2/repository/org/apache/httpcomponents/httpmime/4.5.14/httpmime-4.5.14.jar:/home/runner/.m2/repository/org/hamcrest/hamcrest/2.2/hamcrest-2.2.jar:/home/runner/.m2/repository/org/ccil/cowan/tagsoup/tagsoup/1.2.1/tagsoup-1.2.1.jar:/home/runner/.m2/repository/io/rest-assured/json-path/5.5.1/json-path-5.5.1.jar:/home/runner/.m2/repository/org/apache/groovy/groovy-json/4.0.22/groovy-json-4.0.22.jar:/home/runner/.m2/repository/io/rest-assured/rest-assured-common/5.5.1/rest-assured-common-5.5.1.jar:/home/runner/.m2/repository/io/rest-assured/xml-path/5.5.1/xml-path-5.5.1.jar:/home/runner/.m2/repository/io/zonky/test/embedded-postgres/2.1.0/embedded-postgres-2.1.0.jar:/home/runner/.m2/repository/io/zonky/test/postgres/embedded-postgres-binaries-windows-amd64/14.15.0/embedded-postgres-binaries-windows-amd64-14.15.0.jar:/home/runner/.m2/repository/io/zonky/test/postgres/embedded-postgres-binaries-darwin-amd64/14.15.0/embedded-postgres-binaries-darwin-amd64-14.15.0.jar:/home/runner/.m2/repository/io/zonky/test/postgres/embedded-postgres-binaries-linux-amd64/14.15.0/embedded-postgres-binaries-linux-amd64-14.15.0.jar:/home/runner/.m2/repository/io/zonky/test/postgres/embedded-postgres-binaries-linux-amd64-alpine/14.15.0/embedded-postgres-binaries-linux-amd64-alpine-14.15.0.jar:/home/runner/.m2/repository/org/apache/commons/commons-lang3/3.17.0/commons-lang3-3.17.0.jar:/home/runner/.m2/repository/org/tukaani/xz/1.10/xz-1.10.jar:/home/runner/.m2/repository/commons-codec/commons-codec/1.19.0/commons-codec-1.19.0.jar:/home/runner/.m2/repository/org/postgresql/postgresql/42.7.7/postgresql-42.7.7.jar:/home/runner/.m2/repository/commons-io/commons-io/2.18.0/commons-io-2.18.0.jar:/home/runner/work/apicurio-testing/apicurio-testing/clusters/ci419/namespaces/pg17/tests/integration/apicurio-registry/utils/importexport/target/apicurio-registry-utils-import-export-3.0.12-SNAPSHOT.jar:/home/runner/.m2/repository/io/vertx/vertx-core/4.5.16/vertx-core-4.5.16.jar:/home/runner/.m2/repository/io/netty/netty-common/4.1.121.Final/netty-common-4.1.121.Final.jar:/home/runner/.m2/repository/io/netty/netty-buffer/4.1.121.Final/netty-buffer-4.1.121.Final.jar:/home/runner/.m2/repository/io/netty/netty-transport/4.1.121.Final/netty-transport-4.1.121.Final.jar:/home/runner/.m2/repository/io/netty/netty-handler/4.1.121.Final/netty-handler-4.1.121.Final.jar:/home/runner/.m2/repository/io/netty/netty-transport-native-unix-common/4.1.121.Final/netty-transport-native-unix-common-4.1.121.Final.jar:/home/runner/.m2/repository/io/netty/netty-codec/4.1.121.Final/netty-codec-4.1.121.Final.jar:/home/runner/.m2/repository/io/netty/netty-handler-proxy/4.1.121.Final/netty-handler-proxy-4.1.121.Final.jar:/home/runner/.m2/repository/io/netty/netty-codec-socks/4.1.121.Final/netty-codec-socks-4.1.121.Final.jar:/home/runner/.m2/repository/io/netty/netty-codec-http/4.1.121.Final/netty-codec-http-4.1.121.Final.jar:/home/runner/.m2/repository/io/netty/netty-codec-http2/4.1.121.Final/netty-codec-http2-4.1.121.Final.jar:/home/runner/.m2/repository/io/netty/netty-resolver/4.1.121.Final/netty-resolver-4.1.121.Final.jar:/home/runner/.m2/repository/io/netty/netty-resolver-dns/4.1.121.Final/netty-resolver-dns-4.1.121.Final.jar:/home/runner/.m2/repository/io/netty/netty-codec-dns/4.1.121.Final/netty-codec-dns-4.1.121.Final.jar:/home/runner/.m2/repository/com/fasterxml/jackson/core/jackson-core/2.18.2/jackson-core-2.18.2.jar:"/>
    <property name="sun.cpu.endian" value="little"/>
    <property name="user.home" value="/home/runner"/>
    <property name="user.language" value="en"/>
    <property name="jboss.log-version" value="false"/>
    <property name="java.specification.vendor" value="Oracle Corporation"/>
    <property name="java.version.date" value="2025-07-15"/>
    <property name="java.home" value="/usr/lib/jvm/temurin-17-jdk-amd64"/>
    <property name="file.separator" value="/"/>
    <property name="basedir" value="/home/runner/work/apicurio-testing/apicurio-testing/clusters/ci419/namespaces/pg17/tests/integration/apicurio-registry/integration-tests"/>
    <property name="java.vm.compressedOopsMode" value="32-bit"/>
    <property name="line.separator" value="&#10;"/>
    <property name="java.specification.name" value="Java Platform API Specification"/>
    <property name="java.vm.specification.vendor" value="Oracle Corporation"/>
    <property name="quarkus.http.test-host" value="registry-app-pg17.apps.ci419.apicurio-testing.org"/>
    <property name="surefire.real.class.path" value="/home/runner/work/apicurio-testing/apicurio-testing/clusters/ci419/namespaces/pg17/tests/integration/apicurio-registry/integration-tests/target/surefire/surefirebooter-20250807122237933_3.jar"/>
    <property name="sun.management.compiler" value="HotSpot 64-Bit Tiered Compilers"/>
    <property name="org.eclipse.jetty.http.HttpGenerator.STRICT" value="true"/>
    <property name="java.runtime.version" value="17.0.16+8"/>
    <property name="user.name" value="runner"/>
    <property name="path.separator" value=":"/>
    <property name="os.version" value="6.8.0-1031-azure"/>
    <property name="java.runtime.name" value="OpenJDK Runtime Environment"/>
    <property name="file.encoding" value="UTF-8"/>
    <property name="jnidispatch.path" value="/home/runner/.cache/JNA/temp/jna6279810741445299594.tmp"/>
    <property name="java.vm.name" value="OpenJDK 64-Bit Server VM"/>
    <property name="jna.platform.library.path" value="/usr/lib/x86_64-linux-gnu:/lib/x86_64-linux-gnu:/usr/lib64:/lib64:/usr/lib:/lib:/lib32:/usr/local/lib:/usr/lib/x86_64-linux-gnu/libfakeroot"/>
    <property name="java.vendor.version" value="Temurin-17.0.16+8"/>
    <property name="quarkus.oidc.token-path" value="https://keycloak-pg17.apps.ci419.apicurio-testing.org/realms/registry/protocol/openid-connect/token"/>
    <property name="quarkus.http.host" value="registry-app-pg17.apps.ci419.apicurio-testing.org"/>
    <property name="localRepository" value="/home/runner/.m2/repository"/>
    <property name="javax.xml.xpath.XPathFactory:http://java.sun.com/jaxp/xpath/dom" value="com.sun.org.apache.xpath.internal.jaxp.XPathFactoryImpl"/>
    <property name="jna.loaded" value="true"/>
    <property name="java.vendor.url.bug" value="https://github.com/adoptium/adoptium-support/issues"/>
    <property name="jetty.git.hash" value="5bc5e562c8d05c5862505aebe5cf83a61bdbcb96"/>
    <property name="java.io.tmpdir" value="/tmp"/>
    <property name="quarkus.http.test-protocol" value="http"/>
    <property name="java.version" value="17.0.16"/>
    <property name="user.dir" value="/home/runner/work/apicurio-testing/apicurio-testing/clusters/ci419/namespaces/pg17/tests/integration/apicurio-registry/integration-tests"/>
    <property name="os.arch" value="amd64"/>
    <property name="groups" value="( smoke | serdes | acceptance | ui)"/>
    <property name="java.vm.specification.name" value="Java Virtual Machine Specification"/>
    <property name="native.encoding" value="UTF-8"/>
    <property name="java.util.logging.manager" value="org.jboss.logmanager.LogManager"/>
    <property name="java.library.path" value="/usr/java/packages/lib:/usr/lib64:/lib64:/lib:/usr/lib"/>
    <property name="jdk.console" value="java.base"/>
    <property name="java.vm.info" value="mixed mode, sharing"/>
    <property name="java.vendor" value="Eclipse Adoptium"/>
    <property name="java.vm.version" value="17.0.16+8"/>
    <property name="java.specification.maintenance.version" value="1"/>
    <property name="sun.io.unicode.encoding" value="UnicodeLittle"/>
    <property name="javax.xml.transform.TransformerFactory" value="com.sun.org.apache.xalan.internal.xsltc.trax.TransformerFactoryImpl"/>
    <property name="java.class.version" value="61.0"/>
  </properties>
  <testcase name="testSimpleTopicIdStrategyFindLatest" classname="io.apicurio.tests.serdes.apicurio.ProtobufSerdeIT" time="1.513">
    <system-out><![CDATA[**** Registry Base URL: http://registry-app-pg17.apps.ci419.apicurio-testing.org:80
**** Registry Base URL: http://registry-app-pg17.apps.ci419.apicurio-testing.org:80
2025-08-07 12:25:15,176 INFO  [io.api.tes.ser.api.ProtobufSerdeIT] (main) RestAssured configured with http://registry-app-pg17.apps.ci419.apicurio-testing.org:80/apis/registry/v3
2025-08-07 12:25:15,354 INFO  [io.api.tes.uti.KafkaFacade] (main) Skipping deployment of kafka, because it's already deployed
2025-08-07 12:25:15,356 INFO  [io.api.tes.uti.TestSeparator] (main) ############################################################################
2025-08-07 12:25:15,356 INFO  [io.api.tes.uti.TestSeparator] (main) io.apicurio.tests.serdes.apicurio.ProtobufSerdeIT.testSimpleTopicIdStrategyFindLatest-STARTED
2025-08-07 12:25:15,356 INFO  [org.apa.kaf.cli.adm.AdminClientConfig] (main) AdminClientConfig values: 
	auto.include.jmx.reporter = true
	bootstrap.controllers = []
	bootstrap.servers = [PLAINTEXT://localhost:32769]
	client.dns.lookup = use_all_dns_ips
	client.id = 
	connections.max.idle.ms = 10000
	default.api.timeout.ms = 60000
	enable.metrics.push = true
	metadata.max.age.ms = 300000
	metadata.recovery.strategy = none
	metric.reporters = []
	metrics.num.samples = 2
	metrics.recording.level = INFO
	metrics.sample.window.ms = 30000
	receive.buffer.bytes = 65536
	reconnect.backoff.max.ms = 1000
	reconnect.backoff.ms = 50
	request.timeout.ms = 5000
	retries = 2147483647
	retry.backoff.max.ms = 1000
	retry.backoff.ms = 100
	sasl.client.callback.handler.class = null
	sasl.jaas.config = null
	sasl.kerberos.kinit.cmd = /usr/bin/kinit
	sasl.kerberos.min.time.before.relogin = 60000
	sasl.kerberos.service.name = null
	sasl.kerberos.ticket.renew.jitter = 0.05
	sasl.kerberos.ticket.renew.window.factor = 0.8
	sasl.login.callback.handler.class = null
	sasl.login.class = null
	sasl.login.connect.timeout.ms = null
	sasl.login.read.timeout.ms = null
	sasl.login.refresh.buffer.seconds = 300
	sasl.login.refresh.min.period.seconds = 60
	sasl.login.refresh.window.factor = 0.8
	sasl.login.refresh.window.jitter = 0.05
	sasl.login.retry.backoff.max.ms = 10000
	sasl.login.retry.backoff.ms = 100
	sasl.mechanism = GSSAPI
	sasl.oauthbearer.clock.skew.seconds = 30
	sasl.oauthbearer.expected.audience = null
	sasl.oauthbearer.expected.issuer = null
	sasl.oauthbearer.header.urlencode = false
	sasl.oauthbearer.jwks.endpoint.refresh.ms = 3600000
	sasl.oauthbearer.jwks.endpoint.retry.backoff.max.ms = 10000
	sasl.oauthbearer.jwks.endpoint.retry.backoff.ms = 100
	sasl.oauthbearer.jwks.endpoint.url = null
	sasl.oauthbearer.scope.claim.name = scope
	sasl.oauthbearer.sub.claim.name = sub
	sasl.oauthbearer.token.endpoint.url = null
	security.protocol = PLAINTEXT
	security.providers = null
	send.buffer.bytes = 131072
	socket.connection.setup.timeout.max.ms = 30000
	socket.connection.setup.timeout.ms = 10000
	ssl.cipher.suites = null
	ssl.enabled.protocols = [TLSv1.2, TLSv1.3]
	ssl.endpoint.identification.algorithm = https
	ssl.engine.factory.class = null
	ssl.key.password = null
	ssl.keymanager.algorithm = SunX509
	ssl.keystore.certificate.chain = null
	ssl.keystore.key = null
	ssl.keystore.location = null
	ssl.keystore.password = null
	ssl.keystore.type = JKS
	ssl.protocol = TLSv1.3
	ssl.provider = null
	ssl.secure.random.implementation = null
	ssl.trustmanager.algorithm = PKIX
	ssl.truststore.certificates = null
	ssl.truststore.location = null
	ssl.truststore.password = null
	ssl.truststore.type = JKS

2025-08-07 12:25:15,357 INFO  [org.apa.kaf.com.uti.AppInfoParser] (main) Kafka version: 3.9.1
2025-08-07 12:25:15,357 INFO  [org.apa.kaf.com.uti.AppInfoParser] (main) Kafka commitId: f745dfdcee2b9851
2025-08-07 12:25:15,357 INFO  [org.apa.kaf.com.uti.AppInfoParser] (main) Kafka startTimeMs: 1754569515357
2025-08-07 12:25:16,868 INFO  [io.api.tes.uti.TestSeparator] (main) io.apicurio.tests.serdes.apicurio.ProtobufSerdeIT.testSimpleTopicIdStrategyFindLatest-FINISHED
2025-08-07 12:25:16,868 INFO  [io.api.tes.uti.TestSeparator] (main) ############################################################################
Test passed: testSimpleTopicIdStrategyFindLatest
]]></system-out>
  </testcase>
  <testcase name="testFindLatestDeriveClassProtobufTypeTopicIdStrategy" classname="io.apicurio.tests.serdes.apicurio.ProtobufSerdeIT" time="1.258">
    <system-out><![CDATA[2025-08-07 12:25:16,870 INFO  [io.api.tes.uti.TestSeparator] (main) ############################################################################
2025-08-07 12:25:16,870 INFO  [io.api.tes.uti.TestSeparator] (main) io.apicurio.tests.serdes.apicurio.ProtobufSerdeIT.testFindLatestDeriveClassProtobufTypeTopicIdStrategy-STARTED
2025-08-07 12:25:18,127 INFO  [io.api.tes.uti.TestSeparator] (main) io.apicurio.tests.serdes.apicurio.ProtobufSerdeIT.testFindLatestDeriveClassProtobufTypeTopicIdStrategy-FINISHED
2025-08-07 12:25:18,127 INFO  [io.api.tes.uti.TestSeparator] (main) ############################################################################
Test passed: testFindLatestDeriveClassProtobufTypeTopicIdStrategy
]]></system-out>
  </testcase>
  <testcase name="testWrongSchema" classname="io.apicurio.tests.serdes.apicurio.ProtobufSerdeIT" time="1.187">
    <system-out><![CDATA[2025-08-07 12:25:18,128 INFO  [io.api.tes.uti.TestSeparator] (main) ############################################################################
2025-08-07 12:25:18,129 INFO  [io.api.tes.uti.TestSeparator] (main) io.apicurio.tests.serdes.apicurio.ProtobufSerdeIT.testWrongSchema-STARTED
2025-08-07 12:25:19,314 INFO  [io.api.tes.uti.TestSeparator] (main) io.apicurio.tests.serdes.apicurio.ProtobufSerdeIT.testWrongSchema-FINISHED
2025-08-07 12:25:19,314 INFO  [io.api.tes.uti.TestSeparator] (main) ############################################################################
Test passed: testWrongSchema
]]></system-out>
  </testcase>
  <testcase name="testTopicIdStrategyAutoRegister" classname="io.apicurio.tests.serdes.apicurio.ProtobufSerdeIT" time="5.882">
    <system-out><![CDATA[2025-08-07 12:25:19,316 INFO  [io.api.tes.uti.TestSeparator] (main) ############################################################################
2025-08-07 12:25:19,316 INFO  [io.api.tes.uti.TestSeparator] (main) io.apicurio.tests.serdes.apicurio.ProtobufSerdeIT.testTopicIdStrategyAutoRegister-STARTED
**** Registry Base URL: http://registry-app-pg17.apps.ci419.apicurio-testing.org:80
2025-08-07 12:25:19,319 INFO  [org.apa.kaf.cli.pro.ProducerConfig] (main) ProducerConfig values: 
	acks = -1
	auto.include.jmx.reporter = true
	batch.size = 16384
	bootstrap.servers = [PLAINTEXT://localhost:32769]
	buffer.memory = 33554432
	client.dns.lookup = use_all_dns_ips
	client.id = Producer-topic-87ed17a6_d44a_44d7_8ea6_3c0c5918ab81
	compression.gzip.level = -1
	compression.lz4.level = 9
	compression.type = none
	compression.zstd.level = 3
	connections.max.idle.ms = 10000
	delivery.timeout.ms = 120000
	enable.idempotence = true
	enable.metrics.push = true
	interceptor.classes = []
	key.serializer = class org.apache.kafka.common.serialization.StringSerializer
	linger.ms = 0
	max.block.ms = 60000
	max.in.flight.requests.per.connection = 5
	max.request.size = 1048576
	metadata.max.age.ms = 300000
	metadata.max.idle.ms = 300000
	metadata.recovery.strategy = none
	metric.reporters = []
	metrics.num.samples = 2
	metrics.recording.level = INFO
	metrics.sample.window.ms = 30000
	partitioner.adaptive.partitioning.enable = true
	partitioner.availability.timeout.ms = 0
	partitioner.class = null
	partitioner.ignore.keys = false
	receive.buffer.bytes = 32768
	reconnect.backoff.max.ms = 1000
	reconnect.backoff.ms = 50
	request.timeout.ms = 5000
	retries = 2147483647
	retry.backoff.max.ms = 1000
	retry.backoff.ms = 100
	sasl.client.callback.handler.class = null
	sasl.jaas.config = null
	sasl.kerberos.kinit.cmd = /usr/bin/kinit
	sasl.kerberos.min.time.before.relogin = 60000
	sasl.kerberos.service.name = null
	sasl.kerberos.ticket.renew.jitter = 0.05
	sasl.kerberos.ticket.renew.window.factor = 0.8
	sasl.login.callback.handler.class = null
	sasl.login.class = null
	sasl.login.connect.timeout.ms = null
	sasl.login.read.timeout.ms = null
	sasl.login.refresh.buffer.seconds = 300
	sasl.login.refresh.min.period.seconds = 60
	sasl.login.refresh.window.factor = 0.8
	sasl.login.refresh.window.jitter = 0.05
	sasl.login.retry.backoff.max.ms = 10000
	sasl.login.retry.backoff.ms = 100
	sasl.mechanism = GSSAPI
	sasl.oauthbearer.clock.skew.seconds = 30
	sasl.oauthbearer.expected.audience = null
	sasl.oauthbearer.expected.issuer = null
	sasl.oauthbearer.header.urlencode = false
	sasl.oauthbearer.jwks.endpoint.refresh.ms = 3600000
	sasl.oauthbearer.jwks.endpoint.retry.backoff.max.ms = 10000
	sasl.oauthbearer.jwks.endpoint.retry.backoff.ms = 100
	sasl.oauthbearer.jwks.endpoint.url = null
	sasl.oauthbearer.scope.claim.name = scope
	sasl.oauthbearer.sub.claim.name = sub
	sasl.oauthbearer.token.endpoint.url = null
	security.protocol = PLAINTEXT
	security.providers = null
	send.buffer.bytes = 131072
	socket.connection.setup.timeout.max.ms = 30000
	socket.connection.setup.timeout.ms = 10000
	ssl.cipher.suites = null
	ssl.enabled.protocols = [TLSv1.2, TLSv1.3]
	ssl.endpoint.identification.algorithm = https
	ssl.engine.factory.class = null
	ssl.key.password = null
	ssl.keymanager.algorithm = SunX509
	ssl.keystore.certificate.chain = null
	ssl.keystore.key = null
	ssl.keystore.location = null
	ssl.keystore.password = null
	ssl.keystore.type = JKS
	ssl.protocol = TLSv1.3
	ssl.provider = null
	ssl.secure.random.implementation = null
	ssl.trustmanager.algorithm = PKIX
	ssl.truststore.certificates = null
	ssl.truststore.location = null
	ssl.truststore.password = null
	ssl.truststore.type = JKS
	transaction.timeout.ms = 60000
	transactional.id = null
	value.serializer = class io.apicurio.registry.serde.protobuf.ProtobufKafkaSerializer

2025-08-07 12:25:19,319 INFO  [org.apa.kaf.com.tel.int.KafkaMetricsCollector] (main) initializing Kafka metrics collector
2025-08-07 12:25:19,324 INFO  [org.apa.kaf.cli.pro.KafkaProducer] (main) [Producer clientId=Producer-topic-87ed17a6_d44a_44d7_8ea6_3c0c5918ab81] Instantiated an idempotent producer.
2025-08-07 12:25:19,326 INFO  [org.apa.kaf.cli.pro.ProducerConfig] (main) These configurations '[apicurio.registry.url, apicurio.registry.headers.enabled, apicurio.registry.auto-register, apicurio.registry.artifact-resolver-strategy]' were supplied but are not used yet.
2025-08-07 12:25:19,326 INFO  [org.apa.kaf.com.uti.AppInfoParser] (main) Kafka version: 3.9.1
2025-08-07 12:25:19,326 INFO  [org.apa.kaf.com.uti.AppInfoParser] (main) Kafka commitId: f745dfdcee2b9851
2025-08-07 12:25:19,326 INFO  [org.apa.kaf.com.uti.AppInfoParser] (main) Kafka startTimeMs: 1754569519326
2025-08-07 12:25:19,326 INFO  [io.api.tes.ser.api.SimpleSerdesTesterBuilder$SimpleSerdesTester] (main) Using producer configuration: {apicurio.registry.url=http://registry-app-pg17.apps.ci419.apicurio-testing.org:80/apis/registry/v3, apicurio.registry.headers.enabled=true, apicurio.registry.auto-register=true, apicurio.registry.artifact-resolver-strategy=io.apicurio.registry.serde.strategy.TopicIdStrategy, value.serializer=io.apicurio.registry.serde.protobuf.ProtobufKafkaSerializer, request.timeout.ms=5000, acks=all, bootstrap.servers=PLAINTEXT://localhost:32769, connections.max.idle.ms=10000, key.serializer=org.apache.kafka.common.serialization.StringSerializer, client.id=Producer-topic-87ed17a6_d44a_44d7_8ea6_3c0c5918ab81}
2025-08-07 12:25:19,326 INFO  [io.api.tes.ser.api.SimpleSerdesTesterBuilder$SimpleSerdesTester] (main) Using consumer configuration: {apicurio.registry.headers.enabled=true}
2025-08-07 12:25:19,333 INFO  [org.apa.kaf.cli.Metadata] (kafka-producer-network-thread | Producer-topic-87ed17a6_d44a_44d7_8ea6_3c0c5918ab81) [Producer clientId=Producer-topic-87ed17a6_d44a_44d7_8ea6_3c0c5918ab81] Cluster ID: ewOXMZdKQImtr4eZTn3eAw
2025-08-07 12:25:19,333 INFO  [org.apa.kaf.cli.pro.int.TransactionManager] (kafka-producer-network-thread | Producer-topic-87ed17a6_d44a_44d7_8ea6_3c0c5918ab81) [Producer clientId=Producer-topic-87ed17a6_d44a_44d7_8ea6_3c0c5918ab81] ProducerId set to 32 with epoch 0
2025-08-07 12:25:19,477 INFO  [io.api.tes.ser.api.KafkaSerdesTester] (Thread-779) Sending message header {
  time {
  }
}
d1: 1.754569519328E12
s1: "a"
i1: 123
bi1: 1
point {
  longitude: 22.0
  latitude: 22.0
  altitude: 1.0
}
 to topic topic-87ed17a6_d44a_44d7_8ea6_3c0c5918ab81
2025-08-07 12:25:19,870 INFO  [io.api.tes.ser.api.KafkaSerdesTester] (Thread-779) Sending message header {
  time {
  }
}
d1: 1.754569519869E12
s1: "a"
i1: 123
bi1: 1
point {
  longitude: 22.0
  latitude: 22.0
  altitude: 1.0
}
 to topic topic-87ed17a6_d44a_44d7_8ea6_3c0c5918ab81
2025-08-07 12:25:19,975 INFO  [io.api.tes.ser.api.KafkaSerdesTester] (Thread-779) Sending message header {
  time {
  }
}
d1: 1.754569519975E12
s1: "a"
i1: 123
bi1: 1
point {
  longitude: 22.0
  latitude: 22.0
  altitude: 1.0
}
 to topic topic-87ed17a6_d44a_44d7_8ea6_3c0c5918ab81
2025-08-07 12:25:20,078 INFO  [io.api.tes.ser.api.KafkaSerdesTester] (Thread-779) Sending message header {
  time {
  }
}
d1: 1.754569520077E12
s1: "a"
i1: 123
bi1: 1
point {
  longitude: 22.0
  latitude: 22.0
  altitude: 1.0
}
 to topic topic-87ed17a6_d44a_44d7_8ea6_3c0c5918ab81
2025-08-07 12:25:20,177 INFO  [io.api.tes.ser.api.KafkaSerdesTester] (Thread-779) Sending message header {
  time {
  }
}
d1: 1.754569520177E12
s1: "a"
i1: 123
bi1: 1
point {
  longitude: 22.0
  latitude: 22.0
  altitude: 1.0
}
 to topic topic-87ed17a6_d44a_44d7_8ea6_3c0c5918ab81
2025-08-07 12:25:20,284 INFO  [io.api.tes.ser.api.KafkaSerdesTester] (Thread-779) Sending message header {
  time {
  }
}
d1: 1.754569520283E12
s1: "a"
i1: 123
bi1: 1
point {
  longitude: 22.0
  latitude: 22.0
  altitude: 1.0
}
 to topic topic-87ed17a6_d44a_44d7_8ea6_3c0c5918ab81
2025-08-07 12:25:20,391 INFO  [io.api.tes.ser.api.KafkaSerdesTester] (Thread-779) Sending message header {
  time {
  }
}
d1: 1.754569520391E12
s1: "a"
i1: 123
bi1: 1
point {
  longitude: 22.0
  latitude: 22.0
  altitude: 1.0
}
 to topic topic-87ed17a6_d44a_44d7_8ea6_3c0c5918ab81
2025-08-07 12:25:20,495 INFO  [io.api.tes.ser.api.KafkaSerdesTester] (Thread-779) Sending message header {
  time {
  }
}
d1: 1.754569520494E12
s1: "a"
i1: 123
bi1: 1
point {
  longitude: 22.0
  latitude: 22.0
  altitude: 1.0
}
 to topic topic-87ed17a6_d44a_44d7_8ea6_3c0c5918ab81
2025-08-07 12:25:20,600 INFO  [io.api.tes.ser.api.KafkaSerdesTester] (Thread-779) Sending message header {
  time {
  }
}
d1: 1.7545695206E12
s1: "a"
i1: 123
bi1: 1
point {
  longitude: 22.0
  latitude: 22.0
  altitude: 1.0
}
 to topic topic-87ed17a6_d44a_44d7_8ea6_3c0c5918ab81
2025-08-07 12:25:20,705 INFO  [io.api.tes.ser.api.KafkaSerdesTester] (Thread-779) Sending message header {
  time {
  }
}
d1: 1.754569520705E12
s1: "a"
i1: 123
bi1: 1
point {
  longitude: 22.0
  latitude: 22.0
  altitude: 1.0
}
 to topic topic-87ed17a6_d44a_44d7_8ea6_3c0c5918ab81
2025-08-07 12:25:20,814 INFO  [io.api.tes.ser.api.KafkaSerdesTester] (Thread-779) Produced 10 messages
2025-08-07 12:25:20,814 INFO  [org.apa.kaf.cli.pro.KafkaProducer] (Thread-779) [Producer clientId=Producer-topic-87ed17a6_d44a_44d7_8ea6_3c0c5918ab81] Closing the Kafka producer with timeoutMillis = 9223372036854775807 ms.
2025-08-07 12:25:20,815 INFO  [org.apa.kaf.com.met.Metrics] (Thread-779) Metrics scheduler closed
2025-08-07 12:25:20,815 INFO  [org.apa.kaf.com.met.Metrics] (Thread-779) Closing reporter org.apache.kafka.common.metrics.JmxReporter
2025-08-07 12:25:20,816 INFO  [org.apa.kaf.com.met.Metrics] (Thread-779) Closing reporter org.apache.kafka.common.telemetry.internals.ClientTelemetryReporter
2025-08-07 12:25:20,816 INFO  [org.apa.kaf.com.met.Metrics] (Thread-779) Metrics reporters closed
2025-08-07 12:25:20,816 INFO  [org.apa.kaf.com.uti.AppInfoParser] (Thread-779) App info kafka.producer for Producer-topic-87ed17a6_d44a_44d7_8ea6_3c0c5918ab81 unregistered
**** Registry Base URL: http://registry-app-pg17.apps.ci419.apicurio-testing.org:80
2025-08-07 12:25:20,986 INFO  [org.apa.kaf.cli.con.ConsumerConfig] (main) ConsumerConfig values: 
	allow.auto.create.topics = true
	auto.commit.interval.ms = 500
	auto.include.jmx.reporter = true
	auto.offset.reset = earliest
	bootstrap.servers = [PLAINTEXT://localhost:32769]
	check.crcs = true
	client.dns.lookup = use_all_dns_ips
	client.id = consumer-Consumer-topic-87ed17a6_d44a_44d7_8ea6_3c0c5918ab81-23
	client.rack = 
	connections.max.idle.ms = 10000
	default.api.timeout.ms = 60000
	enable.auto.commit = true
	enable.metrics.push = true
	exclude.internal.topics = true
	fetch.max.bytes = 52428800
	fetch.max.wait.ms = 500
	fetch.min.bytes = 1
	group.id = Consumer-topic-87ed17a6_d44a_44d7_8ea6_3c0c5918ab81
	group.instance.id = null
	group.protocol = classic
	group.remote.assignor = null
	heartbeat.interval.ms = 3000
	interceptor.classes = []
	internal.leave.group.on.close = true
	internal.throw.on.fetch.stable.offset.unsupported = false
	isolation.level = read_uncommitted
	key.deserializer = class org.apache.kafka.common.serialization.StringDeserializer
	max.partition.fetch.bytes = 1048576
	max.poll.interval.ms = 300000
	max.poll.records = 500
	metadata.max.age.ms = 300000
	metadata.recovery.strategy = none
	metric.reporters = []
	metrics.num.samples = 2
	metrics.recording.level = INFO
	metrics.sample.window.ms = 30000
	partition.assignment.strategy = [class org.apache.kafka.clients.consumer.RangeAssignor, class org.apache.kafka.clients.consumer.CooperativeStickyAssignor]
	receive.buffer.bytes = 65536
	reconnect.backoff.max.ms = 1000
	reconnect.backoff.ms = 50
	request.timeout.ms = 5000
	retry.backoff.max.ms = 1000
	retry.backoff.ms = 100
	sasl.client.callback.handler.class = null
	sasl.jaas.config = null
	sasl.kerberos.kinit.cmd = /usr/bin/kinit
	sasl.kerberos.min.time.before.relogin = 60000
	sasl.kerberos.service.name = null
	sasl.kerberos.ticket.renew.jitter = 0.05
	sasl.kerberos.ticket.renew.window.factor = 0.8
	sasl.login.callback.handler.class = null
	sasl.login.class = null
	sasl.login.connect.timeout.ms = null
	sasl.login.read.timeout.ms = null
	sasl.login.refresh.buffer.seconds = 300
	sasl.login.refresh.min.period.seconds = 60
	sasl.login.refresh.window.factor = 0.8
	sasl.login.refresh.window.jitter = 0.05
	sasl.login.retry.backoff.max.ms = 10000
	sasl.login.retry.backoff.ms = 100
	sasl.mechanism = GSSAPI
	sasl.oauthbearer.clock.skew.seconds = 30
	sasl.oauthbearer.expected.audience = null
	sasl.oauthbearer.expected.issuer = null
	sasl.oauthbearer.header.urlencode = false
	sasl.oauthbearer.jwks.endpoint.refresh.ms = 3600000
	sasl.oauthbearer.jwks.endpoint.retry.backoff.max.ms = 10000
	sasl.oauthbearer.jwks.endpoint.retry.backoff.ms = 100
	sasl.oauthbearer.jwks.endpoint.url = null
	sasl.oauthbearer.scope.claim.name = scope
	sasl.oauthbearer.sub.claim.name = sub
	sasl.oauthbearer.token.endpoint.url = null
	security.protocol = PLAINTEXT
	security.providers = null
	send.buffer.bytes = 131072
	session.timeout.ms = 45000
	socket.connection.setup.timeout.max.ms = 30000
	socket.connection.setup.timeout.ms = 10000
	ssl.cipher.suites = null
	ssl.enabled.protocols = [TLSv1.2, TLSv1.3]
	ssl.endpoint.identification.algorithm = https
	ssl.engine.factory.class = null
	ssl.key.password = null
	ssl.keymanager.algorithm = SunX509
	ssl.keystore.certificate.chain = null
	ssl.keystore.key = null
	ssl.keystore.location = null
	ssl.keystore.password = null
	ssl.keystore.type = JKS
	ssl.protocol = TLSv1.3
	ssl.provider = null
	ssl.secure.random.implementation = null
	ssl.trustmanager.algorithm = PKIX
	ssl.truststore.certificates = null
	ssl.truststore.location = null
	ssl.truststore.password = null
	ssl.truststore.type = JKS
	value.deserializer = class io.apicurio.registry.serde.protobuf.ProtobufKafkaDeserializer

2025-08-07 12:25:20,987 INFO  [org.apa.kaf.com.tel.int.KafkaMetricsCollector] (main) initializing Kafka metrics collector
2025-08-07 12:25:20,992 INFO  [org.apa.kaf.cli.con.ConsumerConfig] (main) These configurations '[apicurio.registry.url, apicurio.registry.headers.enabled]' were supplied but are not used yet.
2025-08-07 12:25:20,992 INFO  [org.apa.kaf.com.uti.AppInfoParser] (main) Kafka version: 3.9.1
2025-08-07 12:25:20,992 INFO  [org.apa.kaf.com.uti.AppInfoParser] (main) Kafka commitId: f745dfdcee2b9851
2025-08-07 12:25:20,992 INFO  [org.apa.kaf.com.uti.AppInfoParser] (main) Kafka startTimeMs: 1754569520992
2025-08-07 12:25:20,992 INFO  [org.apa.kaf.cli.con.int.ClassicKafkaConsumer] (Thread-782) [Consumer clientId=consumer-Consumer-topic-87ed17a6_d44a_44d7_8ea6_3c0c5918ab81-23, groupId=Consumer-topic-87ed17a6_d44a_44d7_8ea6_3c0c5918ab81] Subscribed to topic(s): topic-87ed17a6_d44a_44d7_8ea6_3c0c5918ab81
2025-08-07 12:25:20,995 INFO  [org.apa.kaf.cli.Metadata] (Thread-782) [Consumer clientId=consumer-Consumer-topic-87ed17a6_d44a_44d7_8ea6_3c0c5918ab81-23, groupId=Consumer-topic-87ed17a6_d44a_44d7_8ea6_3c0c5918ab81] Cluster ID: ewOXMZdKQImtr4eZTn3eAw
2025-08-07 12:25:20,997 INFO  [org.apa.kaf.cli.con.int.ConsumerCoordinator] (Thread-782) [Consumer clientId=consumer-Consumer-topic-87ed17a6_d44a_44d7_8ea6_3c0c5918ab81-23, groupId=Consumer-topic-87ed17a6_d44a_44d7_8ea6_3c0c5918ab81] Discovered group coordinator localhost:32769 (id: 2147483647 rack: null)
2025-08-07 12:25:20,998 INFO  [org.apa.kaf.cli.con.int.ConsumerCoordinator] (Thread-782) [Consumer clientId=consumer-Consumer-topic-87ed17a6_d44a_44d7_8ea6_3c0c5918ab81-23, groupId=Consumer-topic-87ed17a6_d44a_44d7_8ea6_3c0c5918ab81] (Re-)joining group
2025-08-07 12:25:20,999 INFO  [org.apa.kaf.cli.con.int.ConsumerCoordinator] (Thread-782) [Consumer clientId=consumer-Consumer-topic-87ed17a6_d44a_44d7_8ea6_3c0c5918ab81-23, groupId=Consumer-topic-87ed17a6_d44a_44d7_8ea6_3c0c5918ab81] Request joining group due to: need to re-join with the given member-id: consumer-Consumer-topic-87ed17a6_d44a_44d7_8ea6_3c0c5918ab81-23-12c44ab7-fb3f-4d8a-8b2d-0bcadb5bb133
2025-08-07 12:25:20,999 INFO  [org.apa.kaf.cli.con.int.ConsumerCoordinator] (Thread-782) [Consumer clientId=consumer-Consumer-topic-87ed17a6_d44a_44d7_8ea6_3c0c5918ab81-23, groupId=Consumer-topic-87ed17a6_d44a_44d7_8ea6_3c0c5918ab81] (Re-)joining group
2025-08-07 12:25:21,993 INFO  [io.api.tes.ser.api.KafkaSerdesTester] (Thread-782) None found
2025-08-07 12:25:22,993 INFO  [io.api.tes.ser.api.KafkaSerdesTester] (Thread-782) None found
2025-08-07 12:25:23,993 INFO  [io.api.tes.ser.api.KafkaSerdesTester] (Thread-782) None found
2025-08-07 12:25:24,001 INFO  [org.apa.kaf.cli.con.int.ConsumerCoordinator] (Thread-782) [Consumer clientId=consumer-Consumer-topic-87ed17a6_d44a_44d7_8ea6_3c0c5918ab81-23, groupId=Consumer-topic-87ed17a6_d44a_44d7_8ea6_3c0c5918ab81] Successfully joined group with generation Generation{generationId=1, memberId='consumer-Consumer-topic-87ed17a6_d44a_44d7_8ea6_3c0c5918ab81-23-12c44ab7-fb3f-4d8a-8b2d-0bcadb5bb133', protocol='range'}
2025-08-07 12:25:24,001 INFO  [org.apa.kaf.cli.con.int.ConsumerCoordinator] (Thread-782) [Consumer clientId=consumer-Consumer-topic-87ed17a6_d44a_44d7_8ea6_3c0c5918ab81-23, groupId=Consumer-topic-87ed17a6_d44a_44d7_8ea6_3c0c5918ab81] Finished assignment for group at generation 1: {consumer-Consumer-topic-87ed17a6_d44a_44d7_8ea6_3c0c5918ab81-23-12c44ab7-fb3f-4d8a-8b2d-0bcadb5bb133=Assignment(partitions=[topic-87ed17a6_d44a_44d7_8ea6_3c0c5918ab81-0])}
2025-08-07 12:25:24,007 INFO  [org.apa.kaf.cli.con.int.ConsumerCoordinator] (Thread-782) [Consumer clientId=consumer-Consumer-topic-87ed17a6_d44a_44d7_8ea6_3c0c5918ab81-23, groupId=Consumer-topic-87ed17a6_d44a_44d7_8ea6_3c0c5918ab81] Successfully synced group in generation Generation{generationId=1, memberId='consumer-Consumer-topic-87ed17a6_d44a_44d7_8ea6_3c0c5918ab81-23-12c44ab7-fb3f-4d8a-8b2d-0bcadb5bb133', protocol='range'}
2025-08-07 12:25:24,008 INFO  [org.apa.kaf.cli.con.int.ConsumerCoordinator] (Thread-782) [Consumer clientId=consumer-Consumer-topic-87ed17a6_d44a_44d7_8ea6_3c0c5918ab81-23, groupId=Consumer-topic-87ed17a6_d44a_44d7_8ea6_3c0c5918ab81] Notifying assignor about the new Assignment(partitions=[topic-87ed17a6_d44a_44d7_8ea6_3c0c5918ab81-0])
2025-08-07 12:25:24,008 INFO  [org.apa.kaf.cli.con.int.ConsumerRebalanceListenerInvoker] (Thread-782) [Consumer clientId=consumer-Consumer-topic-87ed17a6_d44a_44d7_8ea6_3c0c5918ab81-23, groupId=Consumer-topic-87ed17a6_d44a_44d7_8ea6_3c0c5918ab81] Adding newly assigned partitions: topic-87ed17a6_d44a_44d7_8ea6_3c0c5918ab81-0
2025-08-07 12:25:24,008 INFO  [org.apa.kaf.cli.con.int.ConsumerCoordinator] (Thread-782) [Consumer clientId=consumer-Consumer-topic-87ed17a6_d44a_44d7_8ea6_3c0c5918ab81-23, groupId=Consumer-topic-87ed17a6_d44a_44d7_8ea6_3c0c5918ab81] Found no committed offset for partition topic-87ed17a6_d44a_44d7_8ea6_3c0c5918ab81-0
2025-08-07 12:25:24,011 INFO  [org.apa.kaf.cli.con.int.SubscriptionState] (Thread-782) [Consumer clientId=consumer-Consumer-topic-87ed17a6_d44a_44d7_8ea6_3c0c5918ab81-23, groupId=Consumer-topic-87ed17a6_d44a_44d7_8ea6_3c0c5918ab81] Resetting offset for partition topic-87ed17a6_d44a_44d7_8ea6_3c0c5918ab81-0 to position FetchPosition{offset=0, offsetEpoch=Optional.empty, currentLeader=LeaderAndEpoch{leader=Optional[localhost:32769 (id: 0 rack: null)], epoch=0}}.
2025-08-07 12:25:24,516 INFO  [io.api.tes.ser.api.KafkaSerdesTester] (Thread-782) topic-87ed17a6_d44a_44d7_8ea6_3c0c5918ab81 0 0 header {
  time {
  }
}
d1: 1.754569519328E12
s1: "a"
i1: 123
bi1: 1
point {
  longitude: 22.0
  latitude: 22.0
  altitude: 1.0
}

2025-08-07 12:25:24,517 INFO  [io.api.tes.ser.api.KafkaSerdesTester] (Thread-782) topic-87ed17a6_d44a_44d7_8ea6_3c0c5918ab81 0 1 header {
  time {
  }
}
d1: 1.754569519869E12
s1: "a"
i1: 123
bi1: 1
point {
  longitude: 22.0
  latitude: 22.0
  altitude: 1.0
}

2025-08-07 12:25:24,517 INFO  [io.api.tes.ser.api.KafkaSerdesTester] (Thread-782) topic-87ed17a6_d44a_44d7_8ea6_3c0c5918ab81 0 2 header {
  time {
  }
}
d1: 1.754569519975E12
s1: "a"
i1: 123
bi1: 1
point {
  longitude: 22.0
  latitude: 22.0
  altitude: 1.0
}

2025-08-07 12:25:24,517 INFO  [io.api.tes.ser.api.KafkaSerdesTester] (Thread-782) topic-87ed17a6_d44a_44d7_8ea6_3c0c5918ab81 0 3 header {
  time {
  }
}
d1: 1.754569520077E12
s1: "a"
i1: 123
bi1: 1
point {
  longitude: 22.0
  latitude: 22.0
  altitude: 1.0
}

2025-08-07 12:25:24,518 INFO  [io.api.tes.ser.api.KafkaSerdesTester] (Thread-782) topic-87ed17a6_d44a_44d7_8ea6_3c0c5918ab81 0 4 header {
  time {
  }
}
d1: 1.754569520177E12
s1: "a"
i1: 123
bi1: 1
point {
  longitude: 22.0
  latitude: 22.0
  altitude: 1.0
}

2025-08-07 12:25:24,520 INFO  [io.api.tes.ser.api.KafkaSerdesTester] (Thread-782) topic-87ed17a6_d44a_44d7_8ea6_3c0c5918ab81 0 5 header {
  time {
  }
}
d1: 1.754569520283E12
s1: "a"
i1: 123
bi1: 1
point {
  longitude: 22.0
  latitude: 22.0
  altitude: 1.0
}

2025-08-07 12:25:24,520 INFO  [io.api.tes.ser.api.KafkaSerdesTester] (Thread-782) topic-87ed17a6_d44a_44d7_8ea6_3c0c5918ab81 0 6 header {
  time {
  }
}
d1: 1.754569520391E12
s1: "a"
i1: 123
bi1: 1
point {
  longitude: 22.0
  latitude: 22.0
  altitude: 1.0
}

2025-08-07 12:25:24,520 INFO  [io.api.tes.ser.api.KafkaSerdesTester] (Thread-782) topic-87ed17a6_d44a_44d7_8ea6_3c0c5918ab81 0 7 header {
  time {
  }
}
d1: 1.754569520494E12
s1: "a"
i1: 123
bi1: 1
point {
  longitude: 22.0
  latitude: 22.0
  altitude: 1.0
}

2025-08-07 12:25:24,521 INFO  [io.api.tes.ser.api.KafkaSerdesTester] (Thread-782) topic-87ed17a6_d44a_44d7_8ea6_3c0c5918ab81 0 8 header {
  time {
  }
}
d1: 1.7545695206E12
s1: "a"
i1: 123
bi1: 1
point {
  longitude: 22.0
  latitude: 22.0
  altitude: 1.0
}

2025-08-07 12:25:24,521 INFO  [io.api.tes.ser.api.KafkaSerdesTester] (Thread-782) topic-87ed17a6_d44a_44d7_8ea6_3c0c5918ab81 0 9 header {
  time {
  }
}
d1: 1.754569520705E12
s1: "a"
i1: 123
bi1: 1
point {
  longitude: 22.0
  latitude: 22.0
  altitude: 1.0
}

2025-08-07 12:25:24,521 INFO  [io.api.tes.ser.api.KafkaSerdesTester] (Thread-782) Consumed 10 messages
2025-08-07 12:25:24,528 INFO  [org.apa.kaf.cli.con.int.ConsumerRebalanceListenerInvoker] (Thread-782) [Consumer clientId=consumer-Consumer-topic-87ed17a6_d44a_44d7_8ea6_3c0c5918ab81-23, groupId=Consumer-topic-87ed17a6_d44a_44d7_8ea6_3c0c5918ab81] Revoke previously assigned partitions topic-87ed17a6_d44a_44d7_8ea6_3c0c5918ab81-0
2025-08-07 12:25:24,528 INFO  [org.apa.kaf.cli.con.int.ConsumerCoordinator] (Thread-782) [Consumer clientId=consumer-Consumer-topic-87ed17a6_d44a_44d7_8ea6_3c0c5918ab81-23, groupId=Consumer-topic-87ed17a6_d44a_44d7_8ea6_3c0c5918ab81] Member consumer-Consumer-topic-87ed17a6_d44a_44d7_8ea6_3c0c5918ab81-23-12c44ab7-fb3f-4d8a-8b2d-0bcadb5bb133 sending LeaveGroup request to coordinator localhost:32769 (id: 2147483647 rack: null) due to the consumer is being closed
2025-08-07 12:25:24,528 INFO  [org.apa.kaf.cli.con.int.ConsumerCoordinator] (Thread-782) [Consumer clientId=consumer-Consumer-topic-87ed17a6_d44a_44d7_8ea6_3c0c5918ab81-23, groupId=Consumer-topic-87ed17a6_d44a_44d7_8ea6_3c0c5918ab81] Resetting generation and member id due to: consumer pro-actively leaving the group
2025-08-07 12:25:24,528 INFO  [org.apa.kaf.cli.con.int.ConsumerCoordinator] (Thread-782) [Consumer clientId=consumer-Consumer-topic-87ed17a6_d44a_44d7_8ea6_3c0c5918ab81-23, groupId=Consumer-topic-87ed17a6_d44a_44d7_8ea6_3c0c5918ab81] Request joining group due to: consumer pro-actively leaving the group
2025-08-07 12:25:25,019 INFO  [org.apa.kaf.com.met.Metrics] (Thread-782) Metrics scheduler closed
2025-08-07 12:25:25,019 INFO  [org.apa.kaf.com.met.Metrics] (Thread-782) Closing reporter org.apache.kafka.common.metrics.JmxReporter
2025-08-07 12:25:25,019 INFO  [org.apa.kaf.com.met.Metrics] (Thread-782) Closing reporter org.apache.kafka.common.telemetry.internals.ClientTelemetryReporter
2025-08-07 12:25:25,019 INFO  [org.apa.kaf.com.met.Metrics] (Thread-782) Metrics reporters closed
2025-08-07 12:25:25,021 INFO  [org.apa.kaf.com.uti.AppInfoParser] (Thread-782) App info kafka.consumer for consumer-Consumer-topic-87ed17a6_d44a_44d7_8ea6_3c0c5918ab81-23 unregistered
2025-08-07 12:25:25,197 INFO  [io.api.tes.uti.TestSeparator] (main) io.apicurio.tests.serdes.apicurio.ProtobufSerdeIT.testTopicIdStrategyAutoRegister-FINISHED
2025-08-07 12:25:25,197 INFO  [io.api.tes.uti.TestSeparator] (main) ############################################################################
Test passed: testTopicIdStrategyAutoRegister
]]></system-out>
  </testcase>
  <testcase name="testAutoRegisterAndUseBody" classname="io.apicurio.tests.serdes.apicurio.ProtobufSerdeIT" time="1.158">
    <error message="java.lang.RuntimeException: java.lang.RuntimeException: java.util.concurrent.ExecutionException: io.vertx.core.http.HttpClosedException: Connection was closed" type="java.util.concurrent.ExecutionException"><![CDATA[java.util.concurrent.ExecutionException: java.lang.RuntimeException: java.lang.RuntimeException: java.util.concurrent.ExecutionException: io.vertx.core.http.HttpClosedException: Connection was closed
	at java.base/java.util.concurrent.CompletableFuture.reportGet(CompletableFuture.java:396)
	at java.base/java.util.concurrent.CompletableFuture.get(CompletableFuture.java:2096)
	at io.apicurio.tests.serdes.apicurio.KafkaSerdesTester.produceMessages(KafkaSerdesTester.java:160)
	at io.apicurio.tests.serdes.apicurio.KafkaSerdesTester.produceMessages(KafkaSerdesTester.java:123)
	at io.apicurio.tests.serdes.apicurio.SimpleSerdesTesterBuilder$SimpleSerdesTester.test(SimpleSerdesTesterBuilder.java:139)
	at io.apicurio.tests.serdes.apicurio.ProtobufSerdeIT.testAutoRegisterAndUseBody(ProtobufSerdeIT.java:448)
	at java.base/java.lang.reflect.Method.invoke(Method.java:569)
	at java.base/java.util.ArrayList.forEach(ArrayList.java:1511)
	at java.base/java.util.ArrayList.forEach(ArrayList.java:1511)
Caused by: java.lang.RuntimeException: java.lang.RuntimeException: java.util.concurrent.ExecutionException: io.vertx.core.http.HttpClosedException: Connection was closed
	at io.apicurio.registry.resolver.cache.ERCache.retry(ERCache.java:242)
	at io.apicurio.registry.resolver.cache.ERCache.getValue(ERCache.java:173)
	at io.apicurio.registry.resolver.cache.ERCache.getByContent(ERCache.java:147)
	at io.apicurio.registry.resolver.DefaultSchemaResolver.handleAutoCreateArtifact(DefaultSchemaResolver.java:295)
	at io.apicurio.registry.resolver.DefaultSchemaResolver.getSchemaFromRegistry(DefaultSchemaResolver.java:120)
	at io.apicurio.registry.resolver.DefaultSchemaResolver.lambda$resolveSchema$0(DefaultSchemaResolver.java:84)
	at java.base/java.util.Optional.orElseGet(Optional.java:364)
	at io.apicurio.registry.resolver.DefaultSchemaResolver.resolveSchema(DefaultSchemaResolver.java:84)
	at io.apicurio.registry.serde.AbstractSerializer.serializeData(AbstractSerializer.java:62)
	at io.apicurio.registry.serde.KafkaSerializer.serialize(KafkaSerializer.java:77)
	at org.apache.kafka.clients.producer.KafkaProducer.doSend(KafkaProducer.java:1046)
	at org.apache.kafka.clients.producer.KafkaProducer.send(KafkaProducer.java:993)
	at org.apache.kafka.clients.producer.KafkaProducer.send(KafkaProducer.java:875)
	at io.apicurio.tests.serdes.apicurio.KafkaSerdesTester.lambda$produceMessages$3(KafkaSerdesTester.java:138)
	at java.base/java.util.concurrent.CompletableFuture$AsyncSupply.run(CompletableFuture.java:1768)
	at java.base/java.lang.Thread.run(Thread.java:840)
Caused by: java.lang.RuntimeException: java.util.concurrent.ExecutionException: io.vertx.core.http.HttpClosedException: Connection was closed
	at io.kiota.http.vertx.VertXRequestAdapter.getHttpResponseMessage(VertXRequestAdapter.java:437)
	at io.kiota.http.vertx.VertXRequestAdapter.send(VertXRequestAdapter.java:167)
	at io.apicurio.registry.rest.client.groups.item.artifacts.ArtifactsRequestBuilder.post(ArtifactsRequestBuilder.java:130)
	at io.apicurio.registry.resolver.client.RegistryClientFacadeImpl.createSchema(RegistryClientFacadeImpl.java:144)
	at io.apicurio.registry.resolver.DefaultSchemaResolver.lambda$handleAutoCreateArtifact$4(DefaultSchemaResolver.java:307)
	at io.apicurio.registry.resolver.cache.ERCache.lambda$getValue$0(ERCache.java:174)
	at io.apicurio.registry.resolver.cache.ERCache.retry(ERCache.java:227)
	... 15 more
Caused by: java.util.concurrent.ExecutionException: io.vertx.core.http.HttpClosedException: Connection was closed
	at java.base/java.util.concurrent.CompletableFuture.reportGet(CompletableFuture.java:396)
	at java.base/java.util.concurrent.CompletableFuture.get(CompletableFuture.java:2073)
	at io.kiota.http.vertx.VertXRequestAdapter.getHttpResponseMessage(VertXRequestAdapter.java:431)
	... 21 more
Caused by: io.vertx.core.http.HttpClosedException: Connection was closed
]]></error>
    <system-out><![CDATA[2025-08-07 12:25:25,198 INFO  [io.api.tes.uti.TestSeparator] (main) ############################################################################
2025-08-07 12:25:25,198 INFO  [io.api.tes.uti.TestSeparator] (main) io.apicurio.tests.serdes.apicurio.ProtobufSerdeIT.testAutoRegisterAndUseBody-STARTED
**** Registry Base URL: http://registry-app-pg17.apps.ci419.apicurio-testing.org:80
2025-08-07 12:25:25,200 INFO  [org.apa.kaf.cli.pro.ProducerConfig] (main) ProducerConfig values: 
	acks = -1
	auto.include.jmx.reporter = true
	batch.size = 16384
	bootstrap.servers = [PLAINTEXT://localhost:32769]
	buffer.memory = 33554432
	client.dns.lookup = use_all_dns_ips
	client.id = Producer-topic-35febc41_9f14_4703_9be3_423509954080
	compression.gzip.level = -1
	compression.lz4.level = 9
	compression.type = none
	compression.zstd.level = 3
	connections.max.idle.ms = 10000
	delivery.timeout.ms = 120000
	enable.idempotence = true
	enable.metrics.push = true
	interceptor.classes = []
	key.serializer = class org.apache.kafka.common.serialization.StringSerializer
	linger.ms = 0
	max.block.ms = 60000
	max.in.flight.requests.per.connection = 5
	max.request.size = 1048576
	metadata.max.age.ms = 300000
	metadata.max.idle.ms = 300000
	metadata.recovery.strategy = none
	metric.reporters = []
	metrics.num.samples = 2
	metrics.recording.level = INFO
	metrics.sample.window.ms = 30000
	partitioner.adaptive.partitioning.enable = true
	partitioner.availability.timeout.ms = 0
	partitioner.class = null
	partitioner.ignore.keys = false
	receive.buffer.bytes = 32768
	reconnect.backoff.max.ms = 1000
	reconnect.backoff.ms = 50
	request.timeout.ms = 5000
	retries = 2147483647
	retry.backoff.max.ms = 1000
	retry.backoff.ms = 100
	sasl.client.callback.handler.class = null
	sasl.jaas.config = null
	sasl.kerberos.kinit.cmd = /usr/bin/kinit
	sasl.kerberos.min.time.before.relogin = 60000
	sasl.kerberos.service.name = null
	sasl.kerberos.ticket.renew.jitter = 0.05
	sasl.kerberos.ticket.renew.window.factor = 0.8
	sasl.login.callback.handler.class = null
	sasl.login.class = null
	sasl.login.connect.timeout.ms = null
	sasl.login.read.timeout.ms = null
	sasl.login.refresh.buffer.seconds = 300
	sasl.login.refresh.min.period.seconds = 60
	sasl.login.refresh.window.factor = 0.8
	sasl.login.refresh.window.jitter = 0.05
	sasl.login.retry.backoff.max.ms = 10000
	sasl.login.retry.backoff.ms = 100
	sasl.mechanism = GSSAPI
	sasl.oauthbearer.clock.skew.seconds = 30
	sasl.oauthbearer.expected.audience = null
	sasl.oauthbearer.expected.issuer = null
	sasl.oauthbearer.header.urlencode = false
	sasl.oauthbearer.jwks.endpoint.refresh.ms = 3600000
	sasl.oauthbearer.jwks.endpoint.retry.backoff.max.ms = 10000
	sasl.oauthbearer.jwks.endpoint.retry.backoff.ms = 100
	sasl.oauthbearer.jwks.endpoint.url = null
	sasl.oauthbearer.scope.claim.name = scope
	sasl.oauthbearer.sub.claim.name = sub
	sasl.oauthbearer.token.endpoint.url = null
	security.protocol = PLAINTEXT
	security.providers = null
	send.buffer.bytes = 131072
	socket.connection.setup.timeout.max.ms = 30000
	socket.connection.setup.timeout.ms = 10000
	ssl.cipher.suites = null
	ssl.enabled.protocols = [TLSv1.2, TLSv1.3]
	ssl.endpoint.identification.algorithm = https
	ssl.engine.factory.class = null
	ssl.key.password = null
	ssl.keymanager.algorithm = SunX509
	ssl.keystore.certificate.chain = null
	ssl.keystore.key = null
	ssl.keystore.location = null
	ssl.keystore.password = null
	ssl.keystore.type = JKS
	ssl.protocol = TLSv1.3
	ssl.provider = null
	ssl.secure.random.implementation = null
	ssl.trustmanager.algorithm = PKIX
	ssl.truststore.certificates = null
	ssl.truststore.location = null
	ssl.truststore.password = null
	ssl.truststore.type = JKS
	transaction.timeout.ms = 60000
	transactional.id = null
	value.serializer = class io.apicurio.registry.serde.protobuf.ProtobufKafkaSerializer

2025-08-07 12:25:25,200 INFO  [org.apa.kaf.com.tel.int.KafkaMetricsCollector] (main) initializing Kafka metrics collector
2025-08-07 12:25:25,204 INFO  [org.apa.kaf.cli.pro.KafkaProducer] (main) [Producer clientId=Producer-topic-35febc41_9f14_4703_9be3_423509954080] Instantiated an idempotent producer.
2025-08-07 12:25:25,206 INFO  [org.apa.kaf.cli.pro.ProducerConfig] (main) These configurations '[apicurio.registry.url, apicurio.registry.auto-register, apicurio.registry.artifact-resolver-strategy]' were supplied but are not used yet.
2025-08-07 12:25:25,206 INFO  [org.apa.kaf.com.uti.AppInfoParser] (main) Kafka version: 3.9.1
2025-08-07 12:25:25,206 INFO  [org.apa.kaf.com.uti.AppInfoParser] (main) Kafka commitId: f745dfdcee2b9851
2025-08-07 12:25:25,206 INFO  [org.apa.kaf.com.uti.AppInfoParser] (main) Kafka startTimeMs: 1754569525206
2025-08-07 12:25:25,207 INFO  [io.api.tes.ser.api.SimpleSerdesTesterBuilder$SimpleSerdesTester] (main) Using producer configuration: {apicurio.registry.url=http://registry-app-pg17.apps.ci419.apicurio-testing.org:80/apis/registry/v3, apicurio.registry.auto-register=true, apicurio.registry.artifact-resolver-strategy=io.apicurio.registry.serde.strategy.TopicIdStrategy, value.serializer=io.apicurio.registry.serde.protobuf.ProtobufKafkaSerializer, request.timeout.ms=5000, acks=all, bootstrap.servers=PLAINTEXT://localhost:32769, connections.max.idle.ms=10000, key.serializer=org.apache.kafka.common.serialization.StringSerializer, client.id=Producer-topic-35febc41_9f14_4703_9be3_423509954080}
2025-08-07 12:25:25,207 INFO  [io.api.tes.ser.api.SimpleSerdesTesterBuilder$SimpleSerdesTester] (main) Using consumer configuration: {apicurio.protobuf.derive.class=true}
2025-08-07 12:25:25,208 INFO  [io.api.tes.ser.api.KafkaSerdesTester] (Thread-785) Sending message header {
  time {
  }
}
d1: 1.754569525207E12
s1: "a"
i1: 123
bi1: 1
point {
  longitude: 22.0
  latitude: 22.0
  altitude: 1.0
}
 to topic topic-35febc41_9f14_4703_9be3_423509954080
2025-08-07 12:25:25,211 WARN  [org.apa.kaf.cli.NetworkClient] (kafka-producer-network-thread | Producer-topic-35febc41_9f14_4703_9be3_423509954080) [Producer clientId=Producer-topic-35febc41_9f14_4703_9be3_423509954080] The metadata response from the cluster reported a recoverable issue with correlation id 1 : {topic-35febc41_9f14_4703_9be3_423509954080=UNKNOWN_TOPIC_OR_PARTITION}
2025-08-07 12:25:25,211 INFO  [org.apa.kaf.cli.Metadata] (kafka-producer-network-thread | Producer-topic-35febc41_9f14_4703_9be3_423509954080) [Producer clientId=Producer-topic-35febc41_9f14_4703_9be3_423509954080] Cluster ID: ewOXMZdKQImtr4eZTn3eAw
2025-08-07 12:25:25,211 INFO  [org.apa.kaf.cli.pro.int.TransactionManager] (kafka-producer-network-thread | Producer-topic-35febc41_9f14_4703_9be3_423509954080) [Producer clientId=Producer-topic-35febc41_9f14_4703_9be3_423509954080] ProducerId set to 33 with epoch 0
2025-08-07 12:25:25,617 INFO  [io.api.tes.ser.api.KafkaSerdesTester] (Thread-785) Sending message header {
  time {
  }
}
d1: 1.754569525617E12
s1: "a"
i1: 123
bi1: 1
point {
  longitude: 22.0
  latitude: 22.0
  altitude: 1.0
}
 to topic topic-35febc41_9f14_4703_9be3_423509954080
2025-08-07 12:25:25,718 INFO  [io.api.tes.ser.api.KafkaSerdesTester] (Thread-785) Sending message header {
  time {
  }
}
d1: 1.754569525718E12
s1: "a"
i1: 123
bi1: 1
point {
  longitude: 22.0
  latitude: 22.0
  altitude: 1.0
}
 to topic topic-35febc41_9f14_4703_9be3_423509954080
2025-08-07 12:25:25,821 INFO  [io.api.tes.ser.api.KafkaSerdesTester] (Thread-785) Sending message header {
  time {
  }
}
d1: 1.754569525821E12
s1: "a"
i1: 123
bi1: 1
point {
  longitude: 22.0
  latitude: 22.0
  altitude: 1.0
}
 to topic topic-35febc41_9f14_4703_9be3_423509954080
2025-08-07 12:25:25,924 INFO  [io.api.tes.ser.api.KafkaSerdesTester] (Thread-785) Sending message header {
  time {
  }
}
d1: 1.754569525924E12
s1: "a"
i1: 123
bi1: 1
point {
  longitude: 22.0
  latitude: 22.0
  altitude: 1.0
}
 to topic topic-35febc41_9f14_4703_9be3_423509954080
2025-08-07 12:25:26,026 INFO  [io.api.tes.ser.api.KafkaSerdesTester] (Thread-785) Sending message header {
  time {
  }
}
d1: 1.754569526026E12
s1: "a"
i1: 123
bi1: 1
point {
  longitude: 22.0
  latitude: 22.0
  altitude: 1.0
}
 to topic topic-35febc41_9f14_4703_9be3_423509954080
2025-08-07 12:25:26,128 INFO  [io.api.tes.ser.api.KafkaSerdesTester] (Thread-785) Sending message header {
  time {
  }
}
d1: 1.754569526127E12
s1: "a"
i1: 123
bi1: 1
point {
  longitude: 22.0
  latitude: 22.0
  altitude: 1.0
}
 to topic topic-35febc41_9f14_4703_9be3_423509954080
2025-08-07 12:25:26,229 INFO  [io.api.tes.ser.api.KafkaSerdesTester] (Thread-785) Sending message header {
  time {
  }
}
d1: 1.754569526229E12
s1: "a"
i1: 123
bi1: 1
point {
  longitude: 22.0
  latitude: 22.0
  altitude: 1.0
}
 to topic topic-35febc41_9f14_4703_9be3_423509954080
2025-08-07 12:25:26,332 INFO  [io.api.tes.ser.api.KafkaSerdesTester] (Thread-785) Sending message header {
  time {
  }
}
d1: 1.754569526331E12
s1: "a"
i1: 123
bi1: 1
point {
  longitude: 22.0
  latitude: 22.0
  altitude: 1.0
}
 to topic topic-35febc41_9f14_4703_9be3_423509954080
2025-08-07 12:25:26,344 INFO  [org.apa.kaf.cli.pro.KafkaProducer] (Thread-785) [Producer clientId=Producer-topic-35febc41_9f14_4703_9be3_423509954080] Closing the Kafka producer with timeoutMillis = 9223372036854775807 ms.
2025-08-07 12:25:26,346 INFO  [org.apa.kaf.com.met.Metrics] (Thread-785) Metrics scheduler closed
2025-08-07 12:25:26,346 INFO  [org.apa.kaf.com.met.Metrics] (Thread-785) Closing reporter org.apache.kafka.common.metrics.JmxReporter
2025-08-07 12:25:26,346 INFO  [org.apa.kaf.com.met.Metrics] (Thread-785) Closing reporter org.apache.kafka.common.telemetry.internals.ClientTelemetryReporter
2025-08-07 12:25:26,346 INFO  [org.apa.kaf.com.met.Metrics] (Thread-785) Metrics reporters closed
2025-08-07 12:25:26,347 INFO  [org.apa.kaf.com.uti.AppInfoParser] (Thread-785) App info kafka.producer for Producer-topic-35febc41_9f14_4703_9be3_423509954080 unregistered
2025-08-07 12:25:26,351 INFO  [io.api.tes.uti.TestSeparator] (main) io.apicurio.tests.serdes.apicurio.ProtobufSerdeIT.testAutoRegisterAndUseBody-FINISHED
2025-08-07 12:25:26,351 INFO  [io.api.tes.uti.TestSeparator] (main) ############################################################################
2025-08-07 12:25:26,352 ERROR [io.api.reg.uti.tes.TestUtils] (main) === TEST FAILED ===
2025-08-07 12:25:26,353 ERROR [io.api.reg.uti.tes.TestUtils] (main) Class: class io.apicurio.tests.serdes.apicurio.ProtobufSerdeIT
2025-08-07 12:25:26,353 ERROR [io.api.reg.uti.tes.TestUtils] (main) Test:  testAutoRegisterAndUseBody
2025-08-07 12:25:26,353 ERROR [io.api.reg.uti.tes.TestUtils] (main) ID:    [engine:junit-jupiter]/[class:io.apicurio.tests.serdes.apicurio.ProtobufSerdeIT]/[method:testAutoRegisterAndUseBody()]
2025-08-07 12:25:26,353 ERROR [io.api.reg.uti.tes.TestUtils] (main) Error: ExecutionException - java.lang.RuntimeException: java.lang.RuntimeException: java.util.concurrent.ExecutionException: io.vertx.core.http.HttpClosedException: Connection was closed
2025-08-07 12:25:26,353 ERROR [io.api.reg.uti.tes.TestUtils] (main) Root Cause: io.vertx.core.http.HttpClosedException: Connection was closed

2025-08-07 12:25:26,354 ERROR [io.api.reg.uti.tes.TestUtils] (main) === =========== ===
]]></system-out>
    <system-err><![CDATA[java.lang.RuntimeException: java.util.concurrent.ExecutionException: io.vertx.core.http.HttpClosedException: Connection was closed
	at io.kiota.http.vertx.VertXRequestAdapter.getHttpResponseMessage(VertXRequestAdapter.java:437)
	at io.kiota.http.vertx.VertXRequestAdapter.send(VertXRequestAdapter.java:167)
	at io.apicurio.registry.rest.client.groups.item.artifacts.ArtifactsRequestBuilder.post(ArtifactsRequestBuilder.java:130)
	at io.apicurio.registry.resolver.client.RegistryClientFacadeImpl.createSchema(RegistryClientFacadeImpl.java:144)
	at io.apicurio.registry.resolver.DefaultSchemaResolver.lambda$handleAutoCreateArtifact$4(DefaultSchemaResolver.java:307)
	at io.apicurio.registry.resolver.cache.ERCache.lambda$getValue$0(ERCache.java:174)
	at io.apicurio.registry.resolver.cache.ERCache.retry(ERCache.java:227)
	at io.apicurio.registry.resolver.cache.ERCache.getValue(ERCache.java:173)
	at io.apicurio.registry.resolver.cache.ERCache.getByContent(ERCache.java:147)
	at io.apicurio.registry.resolver.DefaultSchemaResolver.handleAutoCreateArtifact(DefaultSchemaResolver.java:295)
	at io.apicurio.registry.resolver.DefaultSchemaResolver.getSchemaFromRegistry(DefaultSchemaResolver.java:120)
	at io.apicurio.registry.resolver.DefaultSchemaResolver.lambda$resolveSchema$0(DefaultSchemaResolver.java:84)
	at java.base/java.util.Optional.orElseGet(Optional.java:364)
	at io.apicurio.registry.resolver.DefaultSchemaResolver.resolveSchema(DefaultSchemaResolver.java:84)
	at io.apicurio.registry.serde.AbstractSerializer.serializeData(AbstractSerializer.java:62)
	at io.apicurio.registry.serde.KafkaSerializer.serialize(KafkaSerializer.java:77)
	at org.apache.kafka.clients.producer.KafkaProducer.doSend(KafkaProducer.java:1046)
	at org.apache.kafka.clients.producer.KafkaProducer.send(KafkaProducer.java:993)
	at org.apache.kafka.clients.producer.KafkaProducer.send(KafkaProducer.java:875)
	at io.apicurio.tests.serdes.apicurio.KafkaSerdesTester.lambda$produceMessages$3(KafkaSerdesTester.java:138)
	at java.base/java.util.concurrent.CompletableFuture$AsyncSupply.run(CompletableFuture.java:1768)
	at java.base/java.lang.Thread.run(Thread.java:840)
Caused by: java.util.concurrent.ExecutionException: io.vertx.core.http.HttpClosedException: Connection was closed
	at java.base/java.util.concurrent.CompletableFuture.reportGet(CompletableFuture.java:396)
	at java.base/java.util.concurrent.CompletableFuture.get(CompletableFuture.java:2073)
	at io.kiota.http.vertx.VertXRequestAdapter.getHttpResponseMessage(VertXRequestAdapter.java:431)
	... 21 more
Caused by: io.vertx.core.http.HttpClosedException: Connection was closed
]]></system-err>
  </testcase>
  <testcase name="testValidation" classname="io.apicurio.tests.serdes.apicurio.ProtobufSerdeIT" time="24.452">
    <system-out><![CDATA[2025-08-07 12:25:26,360 INFO  [io.api.tes.uti.TestSeparator] (main) ############################################################################
2025-08-07 12:25:26,360 INFO  [io.api.tes.uti.TestSeparator] (main) io.apicurio.tests.serdes.apicurio.ProtobufSerdeIT.testValidation-STARTED
**** Registry Base URL: http://registry-app-pg17.apps.ci419.apicurio-testing.org:80
2025-08-07 12:25:28,808 INFO  [org.apa.kaf.cli.pro.ProducerConfig] (main) ProducerConfig values: 
	acks = -1
	auto.include.jmx.reporter = true
	batch.size = 16384
	bootstrap.servers = [PLAINTEXT://localhost:32769]
	buffer.memory = 33554432
	client.dns.lookup = use_all_dns_ips
	client.id = Producer-sfd97a42fx307cx42d9x909ax0415e088370b
	compression.gzip.level = -1
	compression.lz4.level = 9
	compression.type = none
	compression.zstd.level = 3
	connections.max.idle.ms = 10000
	delivery.timeout.ms = 120000
	enable.idempotence = true
	enable.metrics.push = true
	interceptor.classes = []
	key.serializer = class org.apache.kafka.common.serialization.StringSerializer
	linger.ms = 0
	max.block.ms = 60000
	max.in.flight.requests.per.connection = 5
	max.request.size = 1048576
	metadata.max.age.ms = 300000
	metadata.max.idle.ms = 300000
	metadata.recovery.strategy = none
	metric.reporters = []
	metrics.num.samples = 2
	metrics.recording.level = INFO
	metrics.sample.window.ms = 30000
	partitioner.adaptive.partitioning.enable = true
	partitioner.availability.timeout.ms = 0
	partitioner.class = null
	partitioner.ignore.keys = false
	receive.buffer.bytes = 32768
	reconnect.backoff.max.ms = 1000
	reconnect.backoff.ms = 50
	request.timeout.ms = 5000
	retries = 2147483647
	retry.backoff.max.ms = 1000
	retry.backoff.ms = 100
	sasl.client.callback.handler.class = null
	sasl.jaas.config = null
	sasl.kerberos.kinit.cmd = /usr/bin/kinit
	sasl.kerberos.min.time.before.relogin = 60000
	sasl.kerberos.service.name = null
	sasl.kerberos.ticket.renew.jitter = 0.05
	sasl.kerberos.ticket.renew.window.factor = 0.8
	sasl.login.callback.handler.class = null
	sasl.login.class = null
	sasl.login.connect.timeout.ms = null
	sasl.login.read.timeout.ms = null
	sasl.login.refresh.buffer.seconds = 300
	sasl.login.refresh.min.period.seconds = 60
	sasl.login.refresh.window.factor = 0.8
	sasl.login.refresh.window.jitter = 0.05
	sasl.login.retry.backoff.max.ms = 10000
	sasl.login.retry.backoff.ms = 100
	sasl.mechanism = GSSAPI
	sasl.oauthbearer.clock.skew.seconds = 30
	sasl.oauthbearer.expected.audience = null
	sasl.oauthbearer.expected.issuer = null
	sasl.oauthbearer.header.urlencode = false
	sasl.oauthbearer.jwks.endpoint.refresh.ms = 3600000
	sasl.oauthbearer.jwks.endpoint.retry.backoff.max.ms = 10000
	sasl.oauthbearer.jwks.endpoint.retry.backoff.ms = 100
	sasl.oauthbearer.jwks.endpoint.url = null
	sasl.oauthbearer.scope.claim.name = scope
	sasl.oauthbearer.sub.claim.name = sub
	sasl.oauthbearer.token.endpoint.url = null
	security.protocol = PLAINTEXT
	security.providers = null
	send.buffer.bytes = 131072
	socket.connection.setup.timeout.max.ms = 30000
	socket.connection.setup.timeout.ms = 10000
	ssl.cipher.suites = null
	ssl.enabled.protocols = [TLSv1.2, TLSv1.3]
	ssl.endpoint.identification.algorithm = https
	ssl.engine.factory.class = null
	ssl.key.password = null
	ssl.keymanager.algorithm = SunX509
	ssl.keystore.certificate.chain = null
	ssl.keystore.key = null
	ssl.keystore.location = null
	ssl.keystore.password = null
	ssl.keystore.type = JKS
	ssl.protocol = TLSv1.3
	ssl.provider = null
	ssl.secure.random.implementation = null
	ssl.trustmanager.algorithm = PKIX
	ssl.truststore.certificates = null
	ssl.truststore.location = null
	ssl.truststore.password = null
	ssl.truststore.type = JKS
	transaction.timeout.ms = 60000
	transactional.id = null
	value.serializer = class io.apicurio.registry.serde.protobuf.ProtobufKafkaSerializer

2025-08-07 12:25:28,809 INFO  [org.apa.kaf.com.tel.int.KafkaMetricsCollector] (main) initializing Kafka metrics collector
2025-08-07 12:25:28,811 INFO  [org.apa.kaf.cli.pro.KafkaProducer] (main) [Producer clientId=Producer-sfd97a42fx307cx42d9x909ax0415e088370b] Instantiated an idempotent producer.
2025-08-07 12:25:28,812 INFO  [org.apa.kaf.cli.pro.ProducerConfig] (main) These configurations '[apicurio.registry.headers.enabled, apicurio.registry.find-latest, apicurio.registry.url, apicurio.registry.artifact-resolver-strategy, apicurio.registry.artifact.version]' were supplied but are not used yet.
2025-08-07 12:25:28,813 INFO  [org.apa.kaf.com.uti.AppInfoParser] (main) Kafka version: 3.9.1
2025-08-07 12:25:28,813 INFO  [org.apa.kaf.com.uti.AppInfoParser] (main) Kafka commitId: f745dfdcee2b9851
2025-08-07 12:25:28,813 INFO  [org.apa.kaf.com.uti.AppInfoParser] (main) Kafka startTimeMs: 1754569528813
2025-08-07 12:25:28,813 INFO  [io.api.tes.ser.api.SimpleSerdesTesterBuilder$SimpleSerdesTester] (main) Using producer configuration: {apicurio.registry.headers.enabled=true, request.timeout.ms=5000, acks=all, bootstrap.servers=PLAINTEXT://localhost:32769, key.serializer=org.apache.kafka.common.serialization.StringSerializer, apicurio.registry.find-latest=false, apicurio.registry.url=http://registry-app-pg17.apps.ci419.apicurio-testing.org:80/apis/registry/v3, apicurio.registry.artifact-resolver-strategy=io.apicurio.registry.serde.strategy.TopicIdStrategy, value.serializer=io.apicurio.registry.serde.protobuf.ProtobufKafkaSerializer, connections.max.idle.ms=10000, apicurio.registry.artifact.version=1, client.id=Producer-sfd97a42fx307cx42d9x909ax0415e088370b}
2025-08-07 12:25:28,813 INFO  [io.api.tes.ser.api.SimpleSerdesTesterBuilder$SimpleSerdesTester] (main) Using consumer configuration: {apicurio.registry.headers.enabled=true}
2025-08-07 12:25:28,813 INFO  [io.api.tes.ser.api.KafkaSerdesTester] (Thread-788) Sending message header {
  time {
  }
}
d1: 1.754569528813E12
s1: "a"
i1: 123
bi1: 1
point {
  longitude: 22.0
  latitude: 22.0
  altitude: 1.0
}
 to topic sfd97a42fx307cx42d9x909ax0415e088370b
2025-08-07 12:25:28,816 INFO  [org.apa.kaf.cli.Metadata] (kafka-producer-network-thread | Producer-sfd97a42fx307cx42d9x909ax0415e088370b) [Producer clientId=Producer-sfd97a42fx307cx42d9x909ax0415e088370b] Cluster ID: ewOXMZdKQImtr4eZTn3eAw
2025-08-07 12:25:28,816 INFO  [org.apa.kaf.cli.pro.int.TransactionManager] (kafka-producer-network-thread | Producer-sfd97a42fx307cx42d9x909ax0415e088370b) [Producer clientId=Producer-sfd97a42fx307cx42d9x909ax0415e088370b] ProducerId set to 34 with epoch 0
2025-08-07 12:25:30,179 INFO  [io.api.tes.ser.api.KafkaSerdesTester] (Thread-788) Sending message header {
  time {
  }
}
d1: 1.754569530179E12
s1: "a"
i1: 123
bi1: 1
point {
  longitude: 22.0
  latitude: 22.0
  altitude: 1.0
}
 to topic sfd97a42fx307cx42d9x909ax0415e088370b
2025-08-07 12:25:30,184 INFO  [io.api.tes.ser.api.KafkaSerdesTester] (Thread-788) Sending message header {
  time {
  }
}
d1: 1.754569530184E12
s1: "a"
i1: 123
bi1: 1
point {
  longitude: 22.0
  latitude: 22.0
  altitude: 1.0
}
 to topic sfd97a42fx307cx42d9x909ax0415e088370b
2025-08-07 12:25:30,186 INFO  [io.api.tes.ser.api.KafkaSerdesTester] (Thread-788) Sending message header {
  time {
  }
}
d1: 1.754569530186E12
s1: "a"
i1: 123
bi1: 1
point {
  longitude: 22.0
  latitude: 22.0
  altitude: 1.0
}
 to topic sfd97a42fx307cx42d9x909ax0415e088370b
2025-08-07 12:25:30,188 INFO  [io.api.tes.ser.api.KafkaSerdesTester] (Thread-788) Sending message header {
  time {
  }
}
d1: 1.754569530188E12
s1: "a"
i1: 123
bi1: 1
point {
  longitude: 22.0
  latitude: 22.0
  altitude: 1.0
}
 to topic sfd97a42fx307cx42d9x909ax0415e088370b
2025-08-07 12:25:30,190 INFO  [io.api.tes.ser.api.KafkaSerdesTester] (Thread-788) Sending message header {
  time {
  }
}
d1: 1.75456953019E12
s1: "a"
i1: 123
bi1: 1
point {
  longitude: 22.0
  latitude: 22.0
  altitude: 1.0
}
 to topic sfd97a42fx307cx42d9x909ax0415e088370b
2025-08-07 12:25:30,194 INFO  [io.api.tes.ser.api.KafkaSerdesTester] (Thread-788) Sending message header {
  time {
  }
}
d1: 1.754569530194E12
s1: "a"
i1: 123
bi1: 1
point {
  longitude: 22.0
  latitude: 22.0
  altitude: 1.0
}
 to topic sfd97a42fx307cx42d9x909ax0415e088370b
2025-08-07 12:25:30,195 INFO  [io.api.tes.ser.api.KafkaSerdesTester] (Thread-788) Sending message header {
  time {
  }
}
d1: 1.754569530195E12
s1: "a"
i1: 123
bi1: 1
point {
  longitude: 22.0
  latitude: 22.0
  altitude: 1.0
}
 to topic sfd97a42fx307cx42d9x909ax0415e088370b
2025-08-07 12:25:30,200 INFO  [io.api.tes.ser.api.KafkaSerdesTester] (Thread-788) Sending message header {
  time {
  }
}
d1: 1.7545695302E12
s1: "a"
i1: 123
bi1: 1
point {
  longitude: 22.0
  latitude: 22.0
  altitude: 1.0
}
 to topic sfd97a42fx307cx42d9x909ax0415e088370b
2025-08-07 12:25:30,203 INFO  [io.api.tes.ser.api.KafkaSerdesTester] (Thread-788) Sending message header {
  time {
  }
}
d1: 1.754569530203E12
s1: "a"
i1: 123
bi1: 1
point {
  longitude: 22.0
  latitude: 22.0
  altitude: 1.0
}
 to topic sfd97a42fx307cx42d9x909ax0415e088370b
2025-08-07 12:25:30,207 INFO  [io.api.tes.ser.api.KafkaSerdesTester] (Thread-788) Produced 10 messages
2025-08-07 12:25:30,207 INFO  [org.apa.kaf.cli.pro.KafkaProducer] (Thread-788) [Producer clientId=Producer-sfd97a42fx307cx42d9x909ax0415e088370b] Closing the Kafka producer with timeoutMillis = 9223372036854775807 ms.
2025-08-07 12:25:30,209 INFO  [org.apa.kaf.com.met.Metrics] (Thread-788) Metrics scheduler closed
2025-08-07 12:25:30,209 INFO  [org.apa.kaf.com.met.Metrics] (Thread-788) Closing reporter org.apache.kafka.common.metrics.JmxReporter
2025-08-07 12:25:30,209 INFO  [org.apa.kaf.com.met.Metrics] (Thread-788) Closing reporter org.apache.kafka.common.telemetry.internals.ClientTelemetryReporter
2025-08-07 12:25:30,209 INFO  [org.apa.kaf.com.met.Metrics] (Thread-788) Metrics reporters closed
2025-08-07 12:25:30,209 INFO  [org.apa.kaf.com.uti.AppInfoParser] (Thread-788) App info kafka.producer for Producer-sfd97a42fx307cx42d9x909ax0415e088370b unregistered
**** Registry Base URL: http://registry-app-pg17.apps.ci419.apicurio-testing.org:80
2025-08-07 12:25:30,212 INFO  [org.apa.kaf.cli.con.ConsumerConfig] (main) ConsumerConfig values: 
	allow.auto.create.topics = true
	auto.commit.interval.ms = 500
	auto.include.jmx.reporter = true
	auto.offset.reset = earliest
	bootstrap.servers = [PLAINTEXT://localhost:32769]
	check.crcs = true
	client.dns.lookup = use_all_dns_ips
	client.id = consumer-Consumer-sfd97a42fx307cx42d9x909ax0415e088370b-24
	client.rack = 
	connections.max.idle.ms = 10000
	default.api.timeout.ms = 60000
	enable.auto.commit = true
	enable.metrics.push = true
	exclude.internal.topics = true
	fetch.max.bytes = 52428800
	fetch.max.wait.ms = 500
	fetch.min.bytes = 1
	group.id = Consumer-sfd97a42fx307cx42d9x909ax0415e088370b
	group.instance.id = null
	group.protocol = classic
	group.remote.assignor = null
	heartbeat.interval.ms = 3000
	interceptor.classes = []
	internal.leave.group.on.close = true
	internal.throw.on.fetch.stable.offset.unsupported = false
	isolation.level = read_uncommitted
	key.deserializer = class org.apache.kafka.common.serialization.StringDeserializer
	max.partition.fetch.bytes = 1048576
	max.poll.interval.ms = 300000
	max.poll.records = 500
	metadata.max.age.ms = 300000
	metadata.recovery.strategy = none
	metric.reporters = []
	metrics.num.samples = 2
	metrics.recording.level = INFO
	metrics.sample.window.ms = 30000
	partition.assignment.strategy = [class org.apache.kafka.clients.consumer.RangeAssignor, class org.apache.kafka.clients.consumer.CooperativeStickyAssignor]
	receive.buffer.bytes = 65536
	reconnect.backoff.max.ms = 1000
	reconnect.backoff.ms = 50
	request.timeout.ms = 5000
	retry.backoff.max.ms = 1000
	retry.backoff.ms = 100
	sasl.client.callback.handler.class = null
	sasl.jaas.config = null
	sasl.kerberos.kinit.cmd = /usr/bin/kinit
	sasl.kerberos.min.time.before.relogin = 60000
	sasl.kerberos.service.name = null
	sasl.kerberos.ticket.renew.jitter = 0.05
	sasl.kerberos.ticket.renew.window.factor = 0.8
	sasl.login.callback.handler.class = null
	sasl.login.class = null
	sasl.login.connect.timeout.ms = null
	sasl.login.read.timeout.ms = null
	sasl.login.refresh.buffer.seconds = 300
	sasl.login.refresh.min.period.seconds = 60
	sasl.login.refresh.window.factor = 0.8
	sasl.login.refresh.window.jitter = 0.05
	sasl.login.retry.backoff.max.ms = 10000
	sasl.login.retry.backoff.ms = 100
	sasl.mechanism = GSSAPI
	sasl.oauthbearer.clock.skew.seconds = 30
	sasl.oauthbearer.expected.audience = null
	sasl.oauthbearer.expected.issuer = null
	sasl.oauthbearer.header.urlencode = false
	sasl.oauthbearer.jwks.endpoint.refresh.ms = 3600000
	sasl.oauthbearer.jwks.endpoint.retry.backoff.max.ms = 10000
	sasl.oauthbearer.jwks.endpoint.retry.backoff.ms = 100
	sasl.oauthbearer.jwks.endpoint.url = null
	sasl.oauthbearer.scope.claim.name = scope
	sasl.oauthbearer.sub.claim.name = sub
	sasl.oauthbearer.token.endpoint.url = null
	security.protocol = PLAINTEXT
	security.providers = null
	send.buffer.bytes = 131072
	session.timeout.ms = 45000
	socket.connection.setup.timeout.max.ms = 30000
	socket.connection.setup.timeout.ms = 10000
	ssl.cipher.suites = null
	ssl.enabled.protocols = [TLSv1.2, TLSv1.3]
	ssl.endpoint.identification.algorithm = https
	ssl.engine.factory.class = null
	ssl.key.password = null
	ssl.keymanager.algorithm = SunX509
	ssl.keystore.certificate.chain = null
	ssl.keystore.key = null
	ssl.keystore.location = null
	ssl.keystore.password = null
	ssl.keystore.type = JKS
	ssl.protocol = TLSv1.3
	ssl.provider = null
	ssl.secure.random.implementation = null
	ssl.trustmanager.algorithm = PKIX
	ssl.truststore.certificates = null
	ssl.truststore.location = null
	ssl.truststore.password = null
	ssl.truststore.type = JKS
	value.deserializer = class io.apicurio.registry.serde.protobuf.ProtobufKafkaDeserializer

2025-08-07 12:25:30,212 INFO  [org.apa.kaf.com.tel.int.KafkaMetricsCollector] (main) initializing Kafka metrics collector
2025-08-07 12:25:30,227 INFO  [org.apa.kaf.cli.con.ConsumerConfig] (main) These configurations '[apicurio.registry.url, apicurio.registry.headers.enabled]' were supplied but are not used yet.
2025-08-07 12:25:30,227 INFO  [org.apa.kaf.com.uti.AppInfoParser] (main) Kafka version: 3.9.1
2025-08-07 12:25:30,227 INFO  [org.apa.kaf.com.uti.AppInfoParser] (main) Kafka commitId: f745dfdcee2b9851
2025-08-07 12:25:30,227 INFO  [org.apa.kaf.com.uti.AppInfoParser] (main) Kafka startTimeMs: 1754569530227
2025-08-07 12:25:30,227 INFO  [org.apa.kaf.cli.con.int.ClassicKafkaConsumer] (Thread-791) [Consumer clientId=consumer-Consumer-sfd97a42fx307cx42d9x909ax0415e088370b-24, groupId=Consumer-sfd97a42fx307cx42d9x909ax0415e088370b] Subscribed to topic(s): sfd97a42fx307cx42d9x909ax0415e088370b
2025-08-07 12:25:30,231 INFO  [org.apa.kaf.cli.Metadata] (Thread-791) [Consumer clientId=consumer-Consumer-sfd97a42fx307cx42d9x909ax0415e088370b-24, groupId=Consumer-sfd97a42fx307cx42d9x909ax0415e088370b] Cluster ID: ewOXMZdKQImtr4eZTn3eAw
2025-08-07 12:25:30,232 INFO  [org.apa.kaf.cli.con.int.ConsumerCoordinator] (Thread-791) [Consumer clientId=consumer-Consumer-sfd97a42fx307cx42d9x909ax0415e088370b-24, groupId=Consumer-sfd97a42fx307cx42d9x909ax0415e088370b] Discovered group coordinator localhost:32769 (id: 2147483647 rack: null)
2025-08-07 12:25:30,233 INFO  [org.apa.kaf.cli.con.int.ConsumerCoordinator] (Thread-791) [Consumer clientId=consumer-Consumer-sfd97a42fx307cx42d9x909ax0415e088370b-24, groupId=Consumer-sfd97a42fx307cx42d9x909ax0415e088370b] (Re-)joining group
2025-08-07 12:25:30,236 INFO  [org.apa.kaf.cli.con.int.ConsumerCoordinator] (Thread-791) [Consumer clientId=consumer-Consumer-sfd97a42fx307cx42d9x909ax0415e088370b-24, groupId=Consumer-sfd97a42fx307cx42d9x909ax0415e088370b] Request joining group due to: need to re-join with the given member-id: consumer-Consumer-sfd97a42fx307cx42d9x909ax0415e088370b-24-ecf0da97-6a98-4b6d-bb66-60a9582bb4bf
2025-08-07 12:25:30,236 INFO  [org.apa.kaf.cli.con.int.ConsumerCoordinator] (Thread-791) [Consumer clientId=consumer-Consumer-sfd97a42fx307cx42d9x909ax0415e088370b-24, groupId=Consumer-sfd97a42fx307cx42d9x909ax0415e088370b] (Re-)joining group
2025-08-07 12:25:31,227 INFO  [io.api.tes.ser.api.KafkaSerdesTester] (Thread-791) None found
2025-08-07 12:25:32,227 INFO  [io.api.tes.ser.api.KafkaSerdesTester] (Thread-791) None found
2025-08-07 12:25:33,228 INFO  [io.api.tes.ser.api.KafkaSerdesTester] (Thread-791) None found
2025-08-07 12:25:33,242 INFO  [org.apa.kaf.cli.con.int.ConsumerCoordinator] (Thread-791) [Consumer clientId=consumer-Consumer-sfd97a42fx307cx42d9x909ax0415e088370b-24, groupId=Consumer-sfd97a42fx307cx42d9x909ax0415e088370b] Successfully joined group with generation Generation{generationId=1, memberId='consumer-Consumer-sfd97a42fx307cx42d9x909ax0415e088370b-24-ecf0da97-6a98-4b6d-bb66-60a9582bb4bf', protocol='range'}
2025-08-07 12:25:33,242 INFO  [org.apa.kaf.cli.con.int.ConsumerCoordinator] (Thread-791) [Consumer clientId=consumer-Consumer-sfd97a42fx307cx42d9x909ax0415e088370b-24, groupId=Consumer-sfd97a42fx307cx42d9x909ax0415e088370b] Finished assignment for group at generation 1: {consumer-Consumer-sfd97a42fx307cx42d9x909ax0415e088370b-24-ecf0da97-6a98-4b6d-bb66-60a9582bb4bf=Assignment(partitions=[sfd97a42fx307cx42d9x909ax0415e088370b-0])}
2025-08-07 12:25:33,249 INFO  [org.apa.kaf.cli.con.int.ConsumerCoordinator] (Thread-791) [Consumer clientId=consumer-Consumer-sfd97a42fx307cx42d9x909ax0415e088370b-24, groupId=Consumer-sfd97a42fx307cx42d9x909ax0415e088370b] Successfully synced group in generation Generation{generationId=1, memberId='consumer-Consumer-sfd97a42fx307cx42d9x909ax0415e088370b-24-ecf0da97-6a98-4b6d-bb66-60a9582bb4bf', protocol='range'}
2025-08-07 12:25:33,249 INFO  [org.apa.kaf.cli.con.int.ConsumerCoordinator] (Thread-791) [Consumer clientId=consumer-Consumer-sfd97a42fx307cx42d9x909ax0415e088370b-24, groupId=Consumer-sfd97a42fx307cx42d9x909ax0415e088370b] Notifying assignor about the new Assignment(partitions=[sfd97a42fx307cx42d9x909ax0415e088370b-0])
2025-08-07 12:25:33,249 INFO  [org.apa.kaf.cli.con.int.ConsumerRebalanceListenerInvoker] (Thread-791) [Consumer clientId=consumer-Consumer-sfd97a42fx307cx42d9x909ax0415e088370b-24, groupId=Consumer-sfd97a42fx307cx42d9x909ax0415e088370b] Adding newly assigned partitions: sfd97a42fx307cx42d9x909ax0415e088370b-0
2025-08-07 12:25:33,250 INFO  [org.apa.kaf.cli.con.int.ConsumerCoordinator] (Thread-791) [Consumer clientId=consumer-Consumer-sfd97a42fx307cx42d9x909ax0415e088370b-24, groupId=Consumer-sfd97a42fx307cx42d9x909ax0415e088370b] Found no committed offset for partition sfd97a42fx307cx42d9x909ax0415e088370b-0
2025-08-07 12:25:33,256 INFO  [org.apa.kaf.cli.con.int.SubscriptionState] (Thread-791) [Consumer clientId=consumer-Consumer-sfd97a42fx307cx42d9x909ax0415e088370b-24, groupId=Consumer-sfd97a42fx307cx42d9x909ax0415e088370b] Resetting offset for partition sfd97a42fx307cx42d9x909ax0415e088370b-0 to position FetchPosition{offset=0, offsetEpoch=Optional.empty, currentLeader=LeaderAndEpoch{leader=Optional[localhost:32769 (id: 0 rack: null)], epoch=0}}.
2025-08-07 12:25:33,579 INFO  [io.api.tes.ser.api.KafkaSerdesTester] (Thread-791) sfd97a42fx307cx42d9x909ax0415e088370b 0 0 header {
  time {
  }
}
d1: 1.754569528813E12
s1: "a"
i1: 123
bi1: 1
point {
  longitude: 22.0
  latitude: 22.0
  altitude: 1.0
}

2025-08-07 12:25:33,579 INFO  [io.api.tes.ser.api.KafkaSerdesTester] (Thread-791) sfd97a42fx307cx42d9x909ax0415e088370b 0 1 header {
  time {
  }
}
d1: 1.754569530179E12
s1: "a"
i1: 123
bi1: 1
point {
  longitude: 22.0
  latitude: 22.0
  altitude: 1.0
}

2025-08-07 12:25:33,580 INFO  [io.api.tes.ser.api.KafkaSerdesTester] (Thread-791) sfd97a42fx307cx42d9x909ax0415e088370b 0 2 header {
  time {
  }
}
d1: 1.754569530184E12
s1: "a"
i1: 123
bi1: 1
point {
  longitude: 22.0
  latitude: 22.0
  altitude: 1.0
}

2025-08-07 12:25:33,580 INFO  [io.api.tes.ser.api.KafkaSerdesTester] (Thread-791) sfd97a42fx307cx42d9x909ax0415e088370b 0 3 header {
  time {
  }
}
d1: 1.754569530186E12
s1: "a"
i1: 123
bi1: 1
point {
  longitude: 22.0
  latitude: 22.0
  altitude: 1.0
}

2025-08-07 12:25:33,580 INFO  [io.api.tes.ser.api.KafkaSerdesTester] (Thread-791) sfd97a42fx307cx42d9x909ax0415e088370b 0 4 header {
  time {
  }
}
d1: 1.754569530188E12
s1: "a"
i1: 123
bi1: 1
point {
  longitude: 22.0
  latitude: 22.0
  altitude: 1.0
}

2025-08-07 12:25:33,580 INFO  [io.api.tes.ser.api.KafkaSerdesTester] (Thread-791) sfd97a42fx307cx42d9x909ax0415e088370b 0 5 header {
  time {
  }
}
d1: 1.75456953019E12
s1: "a"
i1: 123
bi1: 1
point {
  longitude: 22.0
  latitude: 22.0
  altitude: 1.0
}

2025-08-07 12:25:33,580 INFO  [io.api.tes.ser.api.KafkaSerdesTester] (Thread-791) sfd97a42fx307cx42d9x909ax0415e088370b 0 6 header {
  time {
  }
}
d1: 1.754569530194E12
s1: "a"
i1: 123
bi1: 1
point {
  longitude: 22.0
  latitude: 22.0
  altitude: 1.0
}

2025-08-07 12:25:33,581 INFO  [io.api.tes.ser.api.KafkaSerdesTester] (Thread-791) sfd97a42fx307cx42d9x909ax0415e088370b 0 7 header {
  time {
  }
}
d1: 1.754569530195E12
s1: "a"
i1: 123
bi1: 1
point {
  longitude: 22.0
  latitude: 22.0
  altitude: 1.0
}

2025-08-07 12:25:33,581 INFO  [io.api.tes.ser.api.KafkaSerdesTester] (Thread-791) sfd97a42fx307cx42d9x909ax0415e088370b 0 8 header {
  time {
  }
}
d1: 1.7545695302E12
s1: "a"
i1: 123
bi1: 1
point {
  longitude: 22.0
  latitude: 22.0
  altitude: 1.0
}

2025-08-07 12:25:33,581 INFO  [io.api.tes.ser.api.KafkaSerdesTester] (Thread-791) sfd97a42fx307cx42d9x909ax0415e088370b 0 9 header {
  time {
  }
}
d1: 1.754569530203E12
s1: "a"
i1: 123
bi1: 1
point {
  longitude: 22.0
  latitude: 22.0
  altitude: 1.0
}

2025-08-07 12:25:33,581 INFO  [io.api.tes.ser.api.KafkaSerdesTester] (Thread-791) Consumed 10 messages
2025-08-07 12:25:33,587 INFO  [org.apa.kaf.cli.con.int.ConsumerRebalanceListenerInvoker] (Thread-791) [Consumer clientId=consumer-Consumer-sfd97a42fx307cx42d9x909ax0415e088370b-24, groupId=Consumer-sfd97a42fx307cx42d9x909ax0415e088370b] Revoke previously assigned partitions sfd97a42fx307cx42d9x909ax0415e088370b-0
2025-08-07 12:25:33,587 INFO  [org.apa.kaf.cli.con.int.ConsumerCoordinator] (Thread-791) [Consumer clientId=consumer-Consumer-sfd97a42fx307cx42d9x909ax0415e088370b-24, groupId=Consumer-sfd97a42fx307cx42d9x909ax0415e088370b] Member consumer-Consumer-sfd97a42fx307cx42d9x909ax0415e088370b-24-ecf0da97-6a98-4b6d-bb66-60a9582bb4bf sending LeaveGroup request to coordinator localhost:32769 (id: 2147483647 rack: null) due to the consumer is being closed
2025-08-07 12:25:33,587 INFO  [org.apa.kaf.cli.con.int.ConsumerCoordinator] (Thread-791) [Consumer clientId=consumer-Consumer-sfd97a42fx307cx42d9x909ax0415e088370b-24, groupId=Consumer-sfd97a42fx307cx42d9x909ax0415e088370b] Resetting generation and member id due to: consumer pro-actively leaving the group
2025-08-07 12:25:33,587 INFO  [org.apa.kaf.cli.con.int.ConsumerCoordinator] (Thread-791) [Consumer clientId=consumer-Consumer-sfd97a42fx307cx42d9x909ax0415e088370b-24, groupId=Consumer-sfd97a42fx307cx42d9x909ax0415e088370b] Request joining group due to: consumer pro-actively leaving the group
2025-08-07 12:25:34,081 INFO  [org.apa.kaf.com.met.Metrics] (Thread-791) Metrics scheduler closed
2025-08-07 12:25:34,081 INFO  [org.apa.kaf.com.met.Metrics] (Thread-791) Closing reporter org.apache.kafka.common.metrics.JmxReporter
2025-08-07 12:25:34,081 INFO  [org.apa.kaf.com.met.Metrics] (Thread-791) Closing reporter org.apache.kafka.common.telemetry.internals.ClientTelemetryReporter
2025-08-07 12:25:34,081 INFO  [org.apa.kaf.com.met.Metrics] (Thread-791) Metrics reporters closed
2025-08-07 12:25:34,083 INFO  [org.apa.kaf.com.uti.AppInfoParser] (Thread-791) App info kafka.consumer for consumer-Consumer-sfd97a42fx307cx42d9x909ax0415e088370b-24 unregistered
**** Registry Base URL: http://registry-app-pg17.apps.ci419.apicurio-testing.org:80
2025-08-07 12:25:34,084 INFO  [org.apa.kaf.cli.pro.ProducerConfig] (main) ProducerConfig values: 
	acks = -1
	auto.include.jmx.reporter = true
	batch.size = 16384
	bootstrap.servers = [PLAINTEXT://localhost:32769]
	buffer.memory = 33554432
	client.dns.lookup = use_all_dns_ips
	client.id = Producer-sfd97a42fx307cx42d9x909ax0415e088370b
	compression.gzip.level = -1
	compression.lz4.level = 9
	compression.type = none
	compression.zstd.level = 3
	connections.max.idle.ms = 10000
	delivery.timeout.ms = 120000
	enable.idempotence = true
	enable.metrics.push = true
	interceptor.classes = []
	key.serializer = class org.apache.kafka.common.serialization.StringSerializer
	linger.ms = 0
	max.block.ms = 60000
	max.in.flight.requests.per.connection = 5
	max.request.size = 1048576
	metadata.max.age.ms = 300000
	metadata.max.idle.ms = 300000
	metadata.recovery.strategy = none
	metric.reporters = []
	metrics.num.samples = 2
	metrics.recording.level = INFO
	metrics.sample.window.ms = 30000
	partitioner.adaptive.partitioning.enable = true
	partitioner.availability.timeout.ms = 0
	partitioner.class = null
	partitioner.ignore.keys = false
	receive.buffer.bytes = 32768
	reconnect.backoff.max.ms = 1000
	reconnect.backoff.ms = 50
	request.timeout.ms = 5000
	retries = 2147483647
	retry.backoff.max.ms = 1000
	retry.backoff.ms = 100
	sasl.client.callback.handler.class = null
	sasl.jaas.config = null
	sasl.kerberos.kinit.cmd = /usr/bin/kinit
	sasl.kerberos.min.time.before.relogin = 60000
	sasl.kerberos.service.name = null
	sasl.kerberos.ticket.renew.jitter = 0.05
	sasl.kerberos.ticket.renew.window.factor = 0.8
	sasl.login.callback.handler.class = null
	sasl.login.class = null
	sasl.login.connect.timeout.ms = null
	sasl.login.read.timeout.ms = null
	sasl.login.refresh.buffer.seconds = 300
	sasl.login.refresh.min.period.seconds = 60
	sasl.login.refresh.window.factor = 0.8
	sasl.login.refresh.window.jitter = 0.05
	sasl.login.retry.backoff.max.ms = 10000
	sasl.login.retry.backoff.ms = 100
	sasl.mechanism = GSSAPI
	sasl.oauthbearer.clock.skew.seconds = 30
	sasl.oauthbearer.expected.audience = null
	sasl.oauthbearer.expected.issuer = null
	sasl.oauthbearer.header.urlencode = false
	sasl.oauthbearer.jwks.endpoint.refresh.ms = 3600000
	sasl.oauthbearer.jwks.endpoint.retry.backoff.max.ms = 10000
	sasl.oauthbearer.jwks.endpoint.retry.backoff.ms = 100
	sasl.oauthbearer.jwks.endpoint.url = null
	sasl.oauthbearer.scope.claim.name = scope
	sasl.oauthbearer.sub.claim.name = sub
	sasl.oauthbearer.token.endpoint.url = null
	security.protocol = PLAINTEXT
	security.providers = null
	send.buffer.bytes = 131072
	socket.connection.setup.timeout.max.ms = 30000
	socket.connection.setup.timeout.ms = 10000
	ssl.cipher.suites = null
	ssl.enabled.protocols = [TLSv1.2, TLSv1.3]
	ssl.endpoint.identification.algorithm = https
	ssl.engine.factory.class = null
	ssl.key.password = null
	ssl.keymanager.algorithm = SunX509
	ssl.keystore.certificate.chain = null
	ssl.keystore.key = null
	ssl.keystore.location = null
	ssl.keystore.password = null
	ssl.keystore.type = JKS
	ssl.protocol = TLSv1.3
	ssl.provider = null
	ssl.secure.random.implementation = null
	ssl.trustmanager.algorithm = PKIX
	ssl.truststore.certificates = null
	ssl.truststore.location = null
	ssl.truststore.password = null
	ssl.truststore.type = JKS
	transaction.timeout.ms = 60000
	transactional.id = null
	value.serializer = class io.apicurio.registry.serde.protobuf.ProtobufKafkaSerializer

2025-08-07 12:25:34,084 INFO  [org.apa.kaf.com.tel.int.KafkaMetricsCollector] (main) initializing Kafka metrics collector
2025-08-07 12:25:34,088 INFO  [org.apa.kaf.cli.pro.KafkaProducer] (main) [Producer clientId=Producer-sfd97a42fx307cx42d9x909ax0415e088370b] Instantiated an idempotent producer.
2025-08-07 12:25:34,090 INFO  [org.apa.kaf.cli.pro.ProducerConfig] (main) These configurations '[apicurio.registry.find-latest, apicurio.registry.url, apicurio.registry.headers.enabled, apicurio.registry.artifact-resolver-strategy]' were supplied but are not used yet.
2025-08-07 12:25:34,090 INFO  [org.apa.kaf.com.uti.AppInfoParser] (main) Kafka version: 3.9.1
2025-08-07 12:25:34,090 INFO  [org.apa.kaf.com.uti.AppInfoParser] (main) Kafka commitId: f745dfdcee2b9851
2025-08-07 12:25:34,090 INFO  [org.apa.kaf.com.uti.AppInfoParser] (main) Kafka startTimeMs: 1754569534090
2025-08-07 12:25:34,090 INFO  [io.api.tes.ser.api.SimpleSerdesTesterBuilder$SimpleSerdesTester] (main) Using producer configuration: {apicurio.registry.find-latest=false, apicurio.registry.url=http://registry-app-pg17.apps.ci419.apicurio-testing.org:80/apis/registry/v3, apicurio.registry.headers.enabled=true, apicurio.registry.artifact-resolver-strategy=io.apicurio.registry.serde.strategy.TopicIdStrategy, value.serializer=io.apicurio.registry.serde.protobuf.ProtobufKafkaSerializer, request.timeout.ms=5000, acks=all, bootstrap.servers=PLAINTEXT://localhost:32769, connections.max.idle.ms=10000, key.serializer=org.apache.kafka.common.serialization.StringSerializer, client.id=Producer-sfd97a42fx307cx42d9x909ax0415e088370b}
2025-08-07 12:25:34,090 INFO  [io.api.tes.ser.api.SimpleSerdesTesterBuilder$SimpleSerdesTester] (main) Using consumer configuration: {apicurio.registry.headers.enabled=true}
2025-08-07 12:25:34,091 INFO  [io.api.tes.ser.api.KafkaSerdesTester] (Thread-794) Sending message header {
  time {
  }
}
d1: 1.754569534091E12
s1: "a"
i1: 123
bi1: 1
point {
  longitude: 22.0
  latitude: 22.0
  altitude: 1.0
}
 to topic sfd97a42fx307cx42d9x909ax0415e088370b
2025-08-07 12:25:34,093 INFO  [org.apa.kaf.cli.Metadata] (kafka-producer-network-thread | Producer-sfd97a42fx307cx42d9x909ax0415e088370b) [Producer clientId=Producer-sfd97a42fx307cx42d9x909ax0415e088370b] Cluster ID: ewOXMZdKQImtr4eZTn3eAw
2025-08-07 12:25:34,093 INFO  [org.apa.kaf.cli.pro.int.TransactionManager] (kafka-producer-network-thread | Producer-sfd97a42fx307cx42d9x909ax0415e088370b) [Producer clientId=Producer-sfd97a42fx307cx42d9x909ax0415e088370b] ProducerId set to 35 with epoch 0
2025-08-07 12:25:34,094 INFO  [DefaultSchemaResolver] (Thread-794) Retrieving schema content using string: // Proto schema formatted by Wire, do not edit.
// Source: 

syntax = "proto3";

package io.apicurio.tests.protobuf;

import "google/protobuf/timestamp.proto";

option java_multiple_files = true;

message ProtobufTestMessage {
  .io.apicurio.tests.protobuf.Header header = 1;

  double d1 = 2;

  string s1 = 4;

  int32 i1 = 7;

  int64 bi1 = 12;

  .google.protobuf.Timestamp state_time = 22;

  .io.apicurio.tests.protobuf.Point point = 30;
}

message Header {
  .google.protobuf.Timestamp time = 1;

  string source = 2;

  string destination = 3;

  string uuid = 4;

  repeated string source_uuids = 5;

  string message_type_id = 6;

  string raw_message = 7;
}

message Point {
  oneof longitude_oneof {
    double longitude = 1;
  }

  oneof latitude_oneof {
    double latitude = 2;
  }

  oneof altitude_oneof {
    double altitude = 3;
  }
}

2025-08-07 12:25:34,288 INFO  [io.api.tes.ser.api.KafkaSerdesTester] (Thread-794) Sending message header {
  time {
  }
}
d1: 1.754569534288E12
s1: "a"
i1: 123
bi1: 1
point {
  longitude: 22.0
  latitude: 22.0
  altitude: 1.0
}
 to topic sfd97a42fx307cx42d9x909ax0415e088370b
2025-08-07 12:25:34,293 INFO  [io.api.tes.ser.api.KafkaSerdesTester] (Thread-794) Sending message header {
  time {
  }
}
d1: 1.754569534293E12
s1: "a"
i1: 123
bi1: 1
point {
  longitude: 22.0
  latitude: 22.0
  altitude: 1.0
}
 to topic sfd97a42fx307cx42d9x909ax0415e088370b
2025-08-07 12:25:34,296 INFO  [io.api.tes.ser.api.KafkaSerdesTester] (Thread-794) Sending message header {
  time {
  }
}
d1: 1.754569534296E12
s1: "a"
i1: 123
bi1: 1
point {
  longitude: 22.0
  latitude: 22.0
  altitude: 1.0
}
 to topic sfd97a42fx307cx42d9x909ax0415e088370b
2025-08-07 12:25:34,298 INFO  [io.api.tes.ser.api.KafkaSerdesTester] (Thread-794) Sending message header {
  time {
  }
}
d1: 1.754569534298E12
s1: "a"
i1: 123
bi1: 1
point {
  longitude: 22.0
  latitude: 22.0
  altitude: 1.0
}
 to topic sfd97a42fx307cx42d9x909ax0415e088370b
2025-08-07 12:25:34,300 INFO  [io.api.tes.ser.api.KafkaSerdesTester] (Thread-794) Sending message header {
  time {
  }
}
d1: 1.7545695343E12
s1: "a"
i1: 123
bi1: 1
point {
  longitude: 22.0
  latitude: 22.0
  altitude: 1.0
}
 to topic sfd97a42fx307cx42d9x909ax0415e088370b
2025-08-07 12:25:34,302 INFO  [io.api.tes.ser.api.KafkaSerdesTester] (Thread-794) Sending message header {
  time {
  }
}
d1: 1.754569534302E12
s1: "a"
i1: 123
bi1: 1
point {
  longitude: 22.0
  latitude: 22.0
  altitude: 1.0
}
 to topic sfd97a42fx307cx42d9x909ax0415e088370b
2025-08-07 12:25:34,304 INFO  [io.api.tes.ser.api.KafkaSerdesTester] (Thread-794) Sending message header {
  time {
  }
}
d1: 1.754569534304E12
s1: "a"
i1: 123
bi1: 1
point {
  longitude: 22.0
  latitude: 22.0
  altitude: 1.0
}
 to topic sfd97a42fx307cx42d9x909ax0415e088370b
2025-08-07 12:25:34,305 INFO  [io.api.tes.ser.api.KafkaSerdesTester] (Thread-794) Sending message header {
  time {
  }
}
d1: 1.754569534305E12
s1: "a"
i1: 123
bi1: 1
point {
  longitude: 22.0
  latitude: 22.0
  altitude: 1.0
}
 to topic sfd97a42fx307cx42d9x909ax0415e088370b
2025-08-07 12:25:34,307 INFO  [io.api.tes.ser.api.KafkaSerdesTester] (Thread-794) Sending message header {
  time {
  }
}
d1: 1.754569534307E12
s1: "a"
i1: 123
bi1: 1
point {
  longitude: 22.0
  latitude: 22.0
  altitude: 1.0
}
 to topic sfd97a42fx307cx42d9x909ax0415e088370b
2025-08-07 12:25:34,310 INFO  [io.api.tes.ser.api.KafkaSerdesTester] (Thread-794) Produced 10 messages
2025-08-07 12:25:34,310 INFO  [org.apa.kaf.cli.pro.KafkaProducer] (Thread-794) [Producer clientId=Producer-sfd97a42fx307cx42d9x909ax0415e088370b] Closing the Kafka producer with timeoutMillis = 9223372036854775807 ms.
2025-08-07 12:25:34,313 INFO  [org.apa.kaf.com.met.Metrics] (Thread-794) Metrics scheduler closed
2025-08-07 12:25:34,313 INFO  [org.apa.kaf.com.met.Metrics] (Thread-794) Closing reporter org.apache.kafka.common.metrics.JmxReporter
2025-08-07 12:25:34,313 INFO  [org.apa.kaf.com.met.Metrics] (Thread-794) Closing reporter org.apache.kafka.common.telemetry.internals.ClientTelemetryReporter
2025-08-07 12:25:34,313 INFO  [org.apa.kaf.com.met.Metrics] (Thread-794) Metrics reporters closed
2025-08-07 12:25:34,313 INFO  [org.apa.kaf.com.uti.AppInfoParser] (Thread-794) App info kafka.producer for Producer-sfd97a42fx307cx42d9x909ax0415e088370b unregistered
**** Registry Base URL: http://registry-app-pg17.apps.ci419.apicurio-testing.org:80
2025-08-07 12:25:34,314 INFO  [org.apa.kaf.cli.con.ConsumerConfig] (main) ConsumerConfig values: 
	allow.auto.create.topics = true
	auto.commit.interval.ms = 500
	auto.include.jmx.reporter = true
	auto.offset.reset = earliest
	bootstrap.servers = [PLAINTEXT://localhost:32769]
	check.crcs = true
	client.dns.lookup = use_all_dns_ips
	client.id = consumer-Consumer-sfd97a42fx307cx42d9x909ax0415e088370b-25
	client.rack = 
	connections.max.idle.ms = 10000
	default.api.timeout.ms = 60000
	enable.auto.commit = true
	enable.metrics.push = true
	exclude.internal.topics = true
	fetch.max.bytes = 52428800
	fetch.max.wait.ms = 500
	fetch.min.bytes = 1
	group.id = Consumer-sfd97a42fx307cx42d9x909ax0415e088370b
	group.instance.id = null
	group.protocol = classic
	group.remote.assignor = null
	heartbeat.interval.ms = 3000
	interceptor.classes = []
	internal.leave.group.on.close = true
	internal.throw.on.fetch.stable.offset.unsupported = false
	isolation.level = read_uncommitted
	key.deserializer = class org.apache.kafka.common.serialization.StringDeserializer
	max.partition.fetch.bytes = 1048576
	max.poll.interval.ms = 300000
	max.poll.records = 500
	metadata.max.age.ms = 300000
	metadata.recovery.strategy = none
	metric.reporters = []
	metrics.num.samples = 2
	metrics.recording.level = INFO
	metrics.sample.window.ms = 30000
	partition.assignment.strategy = [class org.apache.kafka.clients.consumer.RangeAssignor, class org.apache.kafka.clients.consumer.CooperativeStickyAssignor]
	receive.buffer.bytes = 65536
	reconnect.backoff.max.ms = 1000
	reconnect.backoff.ms = 50
	request.timeout.ms = 5000
	retry.backoff.max.ms = 1000
	retry.backoff.ms = 100
	sasl.client.callback.handler.class = null
	sasl.jaas.config = null
	sasl.kerberos.kinit.cmd = /usr/bin/kinit
	sasl.kerberos.min.time.before.relogin = 60000
	sasl.kerberos.service.name = null
	sasl.kerberos.ticket.renew.jitter = 0.05
	sasl.kerberos.ticket.renew.window.factor = 0.8
	sasl.login.callback.handler.class = null
	sasl.login.class = null
	sasl.login.connect.timeout.ms = null
	sasl.login.read.timeout.ms = null
	sasl.login.refresh.buffer.seconds = 300
	sasl.login.refresh.min.period.seconds = 60
	sasl.login.refresh.window.factor = 0.8
	sasl.login.refresh.window.jitter = 0.05
	sasl.login.retry.backoff.max.ms = 10000
	sasl.login.retry.backoff.ms = 100
	sasl.mechanism = GSSAPI
	sasl.oauthbearer.clock.skew.seconds = 30
	sasl.oauthbearer.expected.audience = null
	sasl.oauthbearer.expected.issuer = null
	sasl.oauthbearer.header.urlencode = false
	sasl.oauthbearer.jwks.endpoint.refresh.ms = 3600000
	sasl.oauthbearer.jwks.endpoint.retry.backoff.max.ms = 10000
	sasl.oauthbearer.jwks.endpoint.retry.backoff.ms = 100
	sasl.oauthbearer.jwks.endpoint.url = null
	sasl.oauthbearer.scope.claim.name = scope
	sasl.oauthbearer.sub.claim.name = sub
	sasl.oauthbearer.token.endpoint.url = null
	security.protocol = PLAINTEXT
	security.providers = null
	send.buffer.bytes = 131072
	session.timeout.ms = 45000
	socket.connection.setup.timeout.max.ms = 30000
	socket.connection.setup.timeout.ms = 10000
	ssl.cipher.suites = null
	ssl.enabled.protocols = [TLSv1.2, TLSv1.3]
	ssl.endpoint.identification.algorithm = https
	ssl.engine.factory.class = null
	ssl.key.password = null
	ssl.keymanager.algorithm = SunX509
	ssl.keystore.certificate.chain = null
	ssl.keystore.key = null
	ssl.keystore.location = null
	ssl.keystore.password = null
	ssl.keystore.type = JKS
	ssl.protocol = TLSv1.3
	ssl.provider = null
	ssl.secure.random.implementation = null
	ssl.trustmanager.algorithm = PKIX
	ssl.truststore.certificates = null
	ssl.truststore.location = null
	ssl.truststore.password = null
	ssl.truststore.type = JKS
	value.deserializer = class io.apicurio.registry.serde.protobuf.ProtobufKafkaDeserializer

2025-08-07 12:25:34,314 INFO  [org.apa.kaf.com.tel.int.KafkaMetricsCollector] (main) initializing Kafka metrics collector
2025-08-07 12:25:34,320 INFO  [org.apa.kaf.cli.con.ConsumerConfig] (main) These configurations '[apicurio.registry.url, apicurio.registry.headers.enabled]' were supplied but are not used yet.
2025-08-07 12:25:34,320 INFO  [org.apa.kaf.com.uti.AppInfoParser] (main) Kafka version: 3.9.1
2025-08-07 12:25:34,320 INFO  [org.apa.kaf.com.uti.AppInfoParser] (main) Kafka commitId: f745dfdcee2b9851
2025-08-07 12:25:34,321 INFO  [org.apa.kaf.com.uti.AppInfoParser] (main) Kafka startTimeMs: 1754569534320
2025-08-07 12:25:34,321 INFO  [org.apa.kaf.cli.con.int.ClassicKafkaConsumer] (Thread-797) [Consumer clientId=consumer-Consumer-sfd97a42fx307cx42d9x909ax0415e088370b-25, groupId=Consumer-sfd97a42fx307cx42d9x909ax0415e088370b] Subscribed to topic(s): sfd97a42fx307cx42d9x909ax0415e088370b
2025-08-07 12:25:34,324 INFO  [org.apa.kaf.cli.Metadata] (Thread-797) [Consumer clientId=consumer-Consumer-sfd97a42fx307cx42d9x909ax0415e088370b-25, groupId=Consumer-sfd97a42fx307cx42d9x909ax0415e088370b] Cluster ID: ewOXMZdKQImtr4eZTn3eAw
2025-08-07 12:25:34,325 INFO  [org.apa.kaf.cli.con.int.ConsumerCoordinator] (Thread-797) [Consumer clientId=consumer-Consumer-sfd97a42fx307cx42d9x909ax0415e088370b-25, groupId=Consumer-sfd97a42fx307cx42d9x909ax0415e088370b] Discovered group coordinator localhost:32769 (id: 2147483647 rack: null)
2025-08-07 12:25:34,326 INFO  [org.apa.kaf.cli.con.int.ConsumerCoordinator] (Thread-797) [Consumer clientId=consumer-Consumer-sfd97a42fx307cx42d9x909ax0415e088370b-25, groupId=Consumer-sfd97a42fx307cx42d9x909ax0415e088370b] (Re-)joining group
2025-08-07 12:25:34,327 INFO  [org.apa.kaf.cli.con.int.ConsumerCoordinator] (Thread-797) [Consumer clientId=consumer-Consumer-sfd97a42fx307cx42d9x909ax0415e088370b-25, groupId=Consumer-sfd97a42fx307cx42d9x909ax0415e088370b] Request joining group due to: need to re-join with the given member-id: consumer-Consumer-sfd97a42fx307cx42d9x909ax0415e088370b-25-1201776c-c78a-4e7e-8e5f-2c18fefc7264
2025-08-07 12:25:34,327 INFO  [org.apa.kaf.cli.con.int.ConsumerCoordinator] (Thread-797) [Consumer clientId=consumer-Consumer-sfd97a42fx307cx42d9x909ax0415e088370b-25, groupId=Consumer-sfd97a42fx307cx42d9x909ax0415e088370b] (Re-)joining group
2025-08-07 12:25:35,321 INFO  [io.api.tes.ser.api.KafkaSerdesTester] (Thread-797) None found
2025-08-07 12:25:36,321 INFO  [io.api.tes.ser.api.KafkaSerdesTester] (Thread-797) None found
2025-08-07 12:25:37,322 INFO  [io.api.tes.ser.api.KafkaSerdesTester] (Thread-797) None found
2025-08-07 12:25:37,329 INFO  [org.apa.kaf.cli.con.int.ConsumerCoordinator] (Thread-797) [Consumer clientId=consumer-Consumer-sfd97a42fx307cx42d9x909ax0415e088370b-25, groupId=Consumer-sfd97a42fx307cx42d9x909ax0415e088370b] Successfully joined group with generation Generation{generationId=3, memberId='consumer-Consumer-sfd97a42fx307cx42d9x909ax0415e088370b-25-1201776c-c78a-4e7e-8e5f-2c18fefc7264', protocol='range'}
2025-08-07 12:25:37,330 INFO  [org.apa.kaf.cli.con.int.ConsumerCoordinator] (Thread-797) [Consumer clientId=consumer-Consumer-sfd97a42fx307cx42d9x909ax0415e088370b-25, groupId=Consumer-sfd97a42fx307cx42d9x909ax0415e088370b] Finished assignment for group at generation 3: {consumer-Consumer-sfd97a42fx307cx42d9x909ax0415e088370b-25-1201776c-c78a-4e7e-8e5f-2c18fefc7264=Assignment(partitions=[sfd97a42fx307cx42d9x909ax0415e088370b-0])}
2025-08-07 12:25:37,335 INFO  [org.apa.kaf.cli.con.int.ConsumerCoordinator] (Thread-797) [Consumer clientId=consumer-Consumer-sfd97a42fx307cx42d9x909ax0415e088370b-25, groupId=Consumer-sfd97a42fx307cx42d9x909ax0415e088370b] Successfully synced group in generation Generation{generationId=3, memberId='consumer-Consumer-sfd97a42fx307cx42d9x909ax0415e088370b-25-1201776c-c78a-4e7e-8e5f-2c18fefc7264', protocol='range'}
2025-08-07 12:25:37,336 INFO  [org.apa.kaf.cli.con.int.ConsumerCoordinator] (Thread-797) [Consumer clientId=consumer-Consumer-sfd97a42fx307cx42d9x909ax0415e088370b-25, groupId=Consumer-sfd97a42fx307cx42d9x909ax0415e088370b] Notifying assignor about the new Assignment(partitions=[sfd97a42fx307cx42d9x909ax0415e088370b-0])
2025-08-07 12:25:37,336 INFO  [org.apa.kaf.cli.con.int.ConsumerRebalanceListenerInvoker] (Thread-797) [Consumer clientId=consumer-Consumer-sfd97a42fx307cx42d9x909ax0415e088370b-25, groupId=Consumer-sfd97a42fx307cx42d9x909ax0415e088370b] Adding newly assigned partitions: sfd97a42fx307cx42d9x909ax0415e088370b-0
2025-08-07 12:25:37,336 INFO  [org.apa.kaf.cli.con.int.ConsumerUtils] (Thread-797) Setting offset for partition sfd97a42fx307cx42d9x909ax0415e088370b-0 to the committed offset FetchPosition{offset=10, offsetEpoch=Optional[0], currentLeader=LeaderAndEpoch{leader=Optional[localhost:32769 (id: 0 rack: null)], epoch=0}}
2025-08-07 12:25:37,639 INFO  [io.api.tes.ser.api.KafkaSerdesTester] (Thread-797) sfd97a42fx307cx42d9x909ax0415e088370b 0 10 header {
  time {
  }
}
d1: 1.754569534091E12
s1: "a"
i1: 123
bi1: 1
point {
  longitude: 22.0
  latitude: 22.0
  altitude: 1.0
}

2025-08-07 12:25:37,639 INFO  [io.api.tes.ser.api.KafkaSerdesTester] (Thread-797) sfd97a42fx307cx42d9x909ax0415e088370b 0 11 header {
  time {
  }
}
d1: 1.754569534288E12
s1: "a"
i1: 123
bi1: 1
point {
  longitude: 22.0
  latitude: 22.0
  altitude: 1.0
}

2025-08-07 12:25:37,639 INFO  [io.api.tes.ser.api.KafkaSerdesTester] (Thread-797) sfd97a42fx307cx42d9x909ax0415e088370b 0 12 header {
  time {
  }
}
d1: 1.754569534293E12
s1: "a"
i1: 123
bi1: 1
point {
  longitude: 22.0
  latitude: 22.0
  altitude: 1.0
}

2025-08-07 12:25:37,639 INFO  [io.api.tes.ser.api.KafkaSerdesTester] (Thread-797) sfd97a42fx307cx42d9x909ax0415e088370b 0 13 header {
  time {
  }
}
d1: 1.754569534296E12
s1: "a"
i1: 123
bi1: 1
point {
  longitude: 22.0
  latitude: 22.0
  altitude: 1.0
}

2025-08-07 12:25:37,639 INFO  [io.api.tes.ser.api.KafkaSerdesTester] (Thread-797) sfd97a42fx307cx42d9x909ax0415e088370b 0 14 header {
  time {
  }
}
d1: 1.754569534298E12
s1: "a"
i1: 123
bi1: 1
point {
  longitude: 22.0
  latitude: 22.0
  altitude: 1.0
}

2025-08-07 12:25:37,639 INFO  [io.api.tes.ser.api.KafkaSerdesTester] (Thread-797) sfd97a42fx307cx42d9x909ax0415e088370b 0 15 header {
  time {
  }
}
d1: 1.7545695343E12
s1: "a"
i1: 123
bi1: 1
point {
  longitude: 22.0
  latitude: 22.0
  altitude: 1.0
}

2025-08-07 12:25:37,639 INFO  [io.api.tes.ser.api.KafkaSerdesTester] (Thread-797) sfd97a42fx307cx42d9x909ax0415e088370b 0 16 header {
  time {
  }
}
d1: 1.754569534302E12
s1: "a"
i1: 123
bi1: 1
point {
  longitude: 22.0
  latitude: 22.0
  altitude: 1.0
}

2025-08-07 12:25:37,640 INFO  [io.api.tes.ser.api.KafkaSerdesTester] (Thread-797) sfd97a42fx307cx42d9x909ax0415e088370b 0 17 header {
  time {
  }
}
d1: 1.754569534304E12
s1: "a"
i1: 123
bi1: 1
point {
  longitude: 22.0
  latitude: 22.0
  altitude: 1.0
}

2025-08-07 12:25:37,642 INFO  [io.api.tes.ser.api.KafkaSerdesTester] (Thread-797) sfd97a42fx307cx42d9x909ax0415e088370b 0 18 header {
  time {
  }
}
d1: 1.754569534305E12
s1: "a"
i1: 123
bi1: 1
point {
  longitude: 22.0
  latitude: 22.0
  altitude: 1.0
}

2025-08-07 12:25:37,642 INFO  [io.api.tes.ser.api.KafkaSerdesTester] (Thread-797) sfd97a42fx307cx42d9x909ax0415e088370b 0 19 header {
  time {
  }
}
d1: 1.754569534307E12
s1: "a"
i1: 123
bi1: 1
point {
  longitude: 22.0
  latitude: 22.0
  altitude: 1.0
}

2025-08-07 12:25:37,642 INFO  [io.api.tes.ser.api.KafkaSerdesTester] (Thread-797) Consumed 10 messages
2025-08-07 12:25:37,652 INFO  [org.apa.kaf.cli.con.int.ConsumerRebalanceListenerInvoker] (Thread-797) [Consumer clientId=consumer-Consumer-sfd97a42fx307cx42d9x909ax0415e088370b-25, groupId=Consumer-sfd97a42fx307cx42d9x909ax0415e088370b] Revoke previously assigned partitions sfd97a42fx307cx42d9x909ax0415e088370b-0
2025-08-07 12:25:37,652 INFO  [org.apa.kaf.cli.con.int.ConsumerCoordinator] (Thread-797) [Consumer clientId=consumer-Consumer-sfd97a42fx307cx42d9x909ax0415e088370b-25, groupId=Consumer-sfd97a42fx307cx42d9x909ax0415e088370b] Member consumer-Consumer-sfd97a42fx307cx42d9x909ax0415e088370b-25-1201776c-c78a-4e7e-8e5f-2c18fefc7264 sending LeaveGroup request to coordinator localhost:32769 (id: 2147483647 rack: null) due to the consumer is being closed
2025-08-07 12:25:37,652 INFO  [org.apa.kaf.cli.con.int.ConsumerCoordinator] (Thread-797) [Consumer clientId=consumer-Consumer-sfd97a42fx307cx42d9x909ax0415e088370b-25, groupId=Consumer-sfd97a42fx307cx42d9x909ax0415e088370b] Resetting generation and member id due to: consumer pro-actively leaving the group
2025-08-07 12:25:37,652 INFO  [org.apa.kaf.cli.con.int.ConsumerCoordinator] (Thread-797) [Consumer clientId=consumer-Consumer-sfd97a42fx307cx42d9x909ax0415e088370b-25, groupId=Consumer-sfd97a42fx307cx42d9x909ax0415e088370b] Request joining group due to: consumer pro-actively leaving the group
2025-08-07 12:25:38,139 INFO  [org.apa.kaf.com.met.Metrics] (Thread-797) Metrics scheduler closed
2025-08-07 12:25:38,139 INFO  [org.apa.kaf.com.met.Metrics] (Thread-797) Closing reporter org.apache.kafka.common.metrics.JmxReporter
2025-08-07 12:25:38,139 INFO  [org.apa.kaf.com.met.Metrics] (Thread-797) Closing reporter org.apache.kafka.common.telemetry.internals.ClientTelemetryReporter
2025-08-07 12:25:38,139 INFO  [org.apa.kaf.com.met.Metrics] (Thread-797) Metrics reporters closed
2025-08-07 12:25:38,141 INFO  [org.apa.kaf.com.uti.AppInfoParser] (Thread-797) App info kafka.consumer for consumer-Consumer-sfd97a42fx307cx42d9x909ax0415e088370b-25 unregistered
**** Registry Base URL: http://registry-app-pg17.apps.ci419.apicurio-testing.org:80
2025-08-07 12:25:38,143 INFO  [org.apa.kaf.cli.pro.ProducerConfig] (main) ProducerConfig values: 
	acks = -1
	auto.include.jmx.reporter = true
	batch.size = 16384
	bootstrap.servers = [PLAINTEXT://localhost:32769]
	buffer.memory = 33554432
	client.dns.lookup = use_all_dns_ips
	client.id = Producer-sfd97a42fx307cx42d9x909ax0415e088370b
	compression.gzip.level = -1
	compression.lz4.level = 9
	compression.type = none
	compression.zstd.level = 3
	connections.max.idle.ms = 10000
	delivery.timeout.ms = 120000
	enable.idempotence = true
	enable.metrics.push = true
	interceptor.classes = []
	key.serializer = class org.apache.kafka.common.serialization.StringSerializer
	linger.ms = 0
	max.block.ms = 60000
	max.in.flight.requests.per.connection = 5
	max.request.size = 1048576
	metadata.max.age.ms = 300000
	metadata.max.idle.ms = 300000
	metadata.recovery.strategy = none
	metric.reporters = []
	metrics.num.samples = 2
	metrics.recording.level = INFO
	metrics.sample.window.ms = 30000
	partitioner.adaptive.partitioning.enable = true
	partitioner.availability.timeout.ms = 0
	partitioner.class = null
	partitioner.ignore.keys = false
	receive.buffer.bytes = 32768
	reconnect.backoff.max.ms = 1000
	reconnect.backoff.ms = 50
	request.timeout.ms = 5000
	retries = 2147483647
	retry.backoff.max.ms = 1000
	retry.backoff.ms = 100
	sasl.client.callback.handler.class = null
	sasl.jaas.config = null
	sasl.kerberos.kinit.cmd = /usr/bin/kinit
	sasl.kerberos.min.time.before.relogin = 60000
	sasl.kerberos.service.name = null
	sasl.kerberos.ticket.renew.jitter = 0.05
	sasl.kerberos.ticket.renew.window.factor = 0.8
	sasl.login.callback.handler.class = null
	sasl.login.class = null
	sasl.login.connect.timeout.ms = null
	sasl.login.read.timeout.ms = null
	sasl.login.refresh.buffer.seconds = 300
	sasl.login.refresh.min.period.seconds = 60
	sasl.login.refresh.window.factor = 0.8
	sasl.login.refresh.window.jitter = 0.05
	sasl.login.retry.backoff.max.ms = 10000
	sasl.login.retry.backoff.ms = 100
	sasl.mechanism = GSSAPI
	sasl.oauthbearer.clock.skew.seconds = 30
	sasl.oauthbearer.expected.audience = null
	sasl.oauthbearer.expected.issuer = null
	sasl.oauthbearer.header.urlencode = false
	sasl.oauthbearer.jwks.endpoint.refresh.ms = 3600000
	sasl.oauthbearer.jwks.endpoint.retry.backoff.max.ms = 10000
	sasl.oauthbearer.jwks.endpoint.retry.backoff.ms = 100
	sasl.oauthbearer.jwks.endpoint.url = null
	sasl.oauthbearer.scope.claim.name = scope
	sasl.oauthbearer.sub.claim.name = sub
	sasl.oauthbearer.token.endpoint.url = null
	security.protocol = PLAINTEXT
	security.providers = null
	send.buffer.bytes = 131072
	socket.connection.setup.timeout.max.ms = 30000
	socket.connection.setup.timeout.ms = 10000
	ssl.cipher.suites = null
	ssl.enabled.protocols = [TLSv1.2, TLSv1.3]
	ssl.endpoint.identification.algorithm = https
	ssl.engine.factory.class = null
	ssl.key.password = null
	ssl.keymanager.algorithm = SunX509
	ssl.keystore.certificate.chain = null
	ssl.keystore.key = null
	ssl.keystore.location = null
	ssl.keystore.password = null
	ssl.keystore.type = JKS
	ssl.protocol = TLSv1.3
	ssl.provider = null
	ssl.secure.random.implementation = null
	ssl.trustmanager.algorithm = PKIX
	ssl.truststore.certificates = null
	ssl.truststore.location = null
	ssl.truststore.password = null
	ssl.truststore.type = JKS
	transaction.timeout.ms = 60000
	transactional.id = null
	value.serializer = class io.apicurio.registry.serde.protobuf.ProtobufKafkaSerializer

2025-08-07 12:25:38,143 INFO  [org.apa.kaf.com.tel.int.KafkaMetricsCollector] (main) initializing Kafka metrics collector
2025-08-07 12:25:38,148 INFO  [org.apa.kaf.cli.pro.KafkaProducer] (main) [Producer clientId=Producer-sfd97a42fx307cx42d9x909ax0415e088370b] Instantiated an idempotent producer.
2025-08-07 12:25:38,150 INFO  [org.apa.kaf.cli.pro.ProducerConfig] (main) These configurations '[apicurio.registry.url, apicurio.registry.headers.enabled, apicurio.registry.artifact-resolver-strategy]' were supplied but are not used yet.
2025-08-07 12:25:38,150 INFO  [org.apa.kaf.com.uti.AppInfoParser] (main) Kafka version: 3.9.1
2025-08-07 12:25:38,150 INFO  [org.apa.kaf.com.uti.AppInfoParser] (main) Kafka commitId: f745dfdcee2b9851
2025-08-07 12:25:38,150 INFO  [org.apa.kaf.com.uti.AppInfoParser] (main) Kafka startTimeMs: 1754569538150
2025-08-07 12:25:38,150 INFO  [io.api.tes.ser.api.SimpleSerdesTesterBuilder$SimpleSerdesTester] (main) Using producer configuration: {apicurio.registry.url=http://registry-app-pg17.apps.ci419.apicurio-testing.org:80/apis/registry/v3, apicurio.registry.headers.enabled=true, apicurio.registry.artifact-resolver-strategy=io.apicurio.registry.serde.strategy.TopicIdStrategy, value.serializer=io.apicurio.registry.serde.protobuf.ProtobufKafkaSerializer, request.timeout.ms=5000, acks=all, bootstrap.servers=PLAINTEXT://localhost:32769, connections.max.idle.ms=10000, key.serializer=org.apache.kafka.common.serialization.StringSerializer, client.id=Producer-sfd97a42fx307cx42d9x909ax0415e088370b}
2025-08-07 12:25:38,150 INFO  [io.api.tes.ser.api.SimpleSerdesTesterBuilder$SimpleSerdesTester] (main) Using consumer configuration: {apicurio.registry.headers.enabled=true}
2025-08-07 12:25:38,151 INFO  [io.api.tes.ser.api.KafkaSerdesTester] (Thread-800) Sending message msb: 1754569538151
lsb: 321
 to topic sfd97a42fx307cx42d9x909ax0415e088370b
2025-08-07 12:25:38,155 INFO  [org.apa.kaf.cli.Metadata] (kafka-producer-network-thread | Producer-sfd97a42fx307cx42d9x909ax0415e088370b) [Producer clientId=Producer-sfd97a42fx307cx42d9x909ax0415e088370b] Cluster ID: ewOXMZdKQImtr4eZTn3eAw
2025-08-07 12:25:38,156 INFO  [DefaultSchemaResolver] (Thread-800) Retrieving schema content using string: // Proto schema formatted by Wire, do not edit.
// Source: 

syntax = "proto3";

package io.apicurio.registry.common.proto;

option java_package = "io.apicurio.registry.common.proto";
option java_outer_classname = "Cmmn";

message UUID {
  fixed64 msb = 1;

  fixed64 lsb = 2;
}

2025-08-07 12:25:38,158 INFO  [org.apa.kaf.cli.pro.int.TransactionManager] (kafka-producer-network-thread | Producer-sfd97a42fx307cx42d9x909ax0415e088370b) [Producer clientId=Producer-sfd97a42fx307cx42d9x909ax0415e088370b] ProducerId set to 36 with epoch 0
2025-08-07 12:25:38,346 INFO  [io.api.tes.ser.api.KafkaSerdesTester] (Thread-800) Sending message msb: 1754569538345
lsb: 321
 to topic sfd97a42fx307cx42d9x909ax0415e088370b
2025-08-07 12:25:38,351 INFO  [io.api.tes.ser.api.KafkaSerdesTester] (Thread-800) Sending message msb: 1754569538351
lsb: 321
 to topic sfd97a42fx307cx42d9x909ax0415e088370b
2025-08-07 12:25:38,353 INFO  [io.api.tes.ser.api.KafkaSerdesTester] (Thread-800) Sending message msb: 1754569538353
lsb: 321
 to topic sfd97a42fx307cx42d9x909ax0415e088370b
2025-08-07 12:25:38,355 INFO  [io.api.tes.ser.api.KafkaSerdesTester] (Thread-800) Sending message msb: 1754569538355
lsb: 321
 to topic sfd97a42fx307cx42d9x909ax0415e088370b
2025-08-07 12:25:38,356 INFO  [io.api.tes.ser.api.KafkaSerdesTester] (Thread-800) Sending message msb: 1754569538356
lsb: 321
 to topic sfd97a42fx307cx42d9x909ax0415e088370b
2025-08-07 12:25:38,357 INFO  [io.api.tes.ser.api.KafkaSerdesTester] (Thread-800) Sending message msb: 1754569538357
lsb: 321
 to topic sfd97a42fx307cx42d9x909ax0415e088370b
2025-08-07 12:25:38,359 INFO  [io.api.tes.ser.api.KafkaSerdesTester] (Thread-800) Sending message msb: 1754569538358
lsb: 321
 to topic sfd97a42fx307cx42d9x909ax0415e088370b
2025-08-07 12:25:38,366 INFO  [io.api.tes.ser.api.KafkaSerdesTester] (Thread-800) Sending message msb: 1754569538366
lsb: 321
 to topic sfd97a42fx307cx42d9x909ax0415e088370b
2025-08-07 12:25:38,368 INFO  [io.api.tes.ser.api.KafkaSerdesTester] (Thread-800) Sending message msb: 1754569538368
lsb: 321
 to topic sfd97a42fx307cx42d9x909ax0415e088370b
2025-08-07 12:25:38,370 INFO  [io.api.tes.ser.api.KafkaSerdesTester] (Thread-800) Produced 10 messages
2025-08-07 12:25:38,370 INFO  [org.apa.kaf.cli.pro.KafkaProducer] (Thread-800) [Producer clientId=Producer-sfd97a42fx307cx42d9x909ax0415e088370b] Closing the Kafka producer with timeoutMillis = 9223372036854775807 ms.
2025-08-07 12:25:38,374 INFO  [org.apa.kaf.com.met.Metrics] (Thread-800) Metrics scheduler closed
2025-08-07 12:25:38,374 INFO  [org.apa.kaf.com.met.Metrics] (Thread-800) Closing reporter org.apache.kafka.common.metrics.JmxReporter
2025-08-07 12:25:38,374 INFO  [org.apa.kaf.com.met.Metrics] (Thread-800) Closing reporter org.apache.kafka.common.telemetry.internals.ClientTelemetryReporter
2025-08-07 12:25:38,374 INFO  [org.apa.kaf.com.met.Metrics] (Thread-800) Metrics reporters closed
2025-08-07 12:25:38,374 INFO  [org.apa.kaf.com.uti.AppInfoParser] (Thread-800) App info kafka.producer for Producer-sfd97a42fx307cx42d9x909ax0415e088370b unregistered
**** Registry Base URL: http://registry-app-pg17.apps.ci419.apicurio-testing.org:80
2025-08-07 12:25:38,375 INFO  [org.apa.kaf.cli.con.ConsumerConfig] (main) ConsumerConfig values: 
	allow.auto.create.topics = true
	auto.commit.interval.ms = 500
	auto.include.jmx.reporter = true
	auto.offset.reset = earliest
	bootstrap.servers = [PLAINTEXT://localhost:32769]
	check.crcs = true
	client.dns.lookup = use_all_dns_ips
	client.id = consumer-Consumer-sfd97a42fx307cx42d9x909ax0415e088370b-26
	client.rack = 
	connections.max.idle.ms = 10000
	default.api.timeout.ms = 60000
	enable.auto.commit = true
	enable.metrics.push = true
	exclude.internal.topics = true
	fetch.max.bytes = 52428800
	fetch.max.wait.ms = 500
	fetch.min.bytes = 1
	group.id = Consumer-sfd97a42fx307cx42d9x909ax0415e088370b
	group.instance.id = null
	group.protocol = classic
	group.remote.assignor = null
	heartbeat.interval.ms = 3000
	interceptor.classes = []
	internal.leave.group.on.close = true
	internal.throw.on.fetch.stable.offset.unsupported = false
	isolation.level = read_uncommitted
	key.deserializer = class org.apache.kafka.common.serialization.StringDeserializer
	max.partition.fetch.bytes = 1048576
	max.poll.interval.ms = 300000
	max.poll.records = 500
	metadata.max.age.ms = 300000
	metadata.recovery.strategy = none
	metric.reporters = []
	metrics.num.samples = 2
	metrics.recording.level = INFO
	metrics.sample.window.ms = 30000
	partition.assignment.strategy = [class org.apache.kafka.clients.consumer.RangeAssignor, class org.apache.kafka.clients.consumer.CooperativeStickyAssignor]
	receive.buffer.bytes = 65536
	reconnect.backoff.max.ms = 1000
	reconnect.backoff.ms = 50
	request.timeout.ms = 5000
	retry.backoff.max.ms = 1000
	retry.backoff.ms = 100
	sasl.client.callback.handler.class = null
	sasl.jaas.config = null
	sasl.kerberos.kinit.cmd = /usr/bin/kinit
	sasl.kerberos.min.time.before.relogin = 60000
	sasl.kerberos.service.name = null
	sasl.kerberos.ticket.renew.jitter = 0.05
	sasl.kerberos.ticket.renew.window.factor = 0.8
	sasl.login.callback.handler.class = null
	sasl.login.class = null
	sasl.login.connect.timeout.ms = null
	sasl.login.read.timeout.ms = null
	sasl.login.refresh.buffer.seconds = 300
	sasl.login.refresh.min.period.seconds = 60
	sasl.login.refresh.window.factor = 0.8
	sasl.login.refresh.window.jitter = 0.05
	sasl.login.retry.backoff.max.ms = 10000
	sasl.login.retry.backoff.ms = 100
	sasl.mechanism = GSSAPI
	sasl.oauthbearer.clock.skew.seconds = 30
	sasl.oauthbearer.expected.audience = null
	sasl.oauthbearer.expected.issuer = null
	sasl.oauthbearer.header.urlencode = false
	sasl.oauthbearer.jwks.endpoint.refresh.ms = 3600000
	sasl.oauthbearer.jwks.endpoint.retry.backoff.max.ms = 10000
	sasl.oauthbearer.jwks.endpoint.retry.backoff.ms = 100
	sasl.oauthbearer.jwks.endpoint.url = null
	sasl.oauthbearer.scope.claim.name = scope
	sasl.oauthbearer.sub.claim.name = sub
	sasl.oauthbearer.token.endpoint.url = null
	security.protocol = PLAINTEXT
	security.providers = null
	send.buffer.bytes = 131072
	session.timeout.ms = 45000
	socket.connection.setup.timeout.max.ms = 30000
	socket.connection.setup.timeout.ms = 10000
	ssl.cipher.suites = null
	ssl.enabled.protocols = [TLSv1.2, TLSv1.3]
	ssl.endpoint.identification.algorithm = https
	ssl.engine.factory.class = null
	ssl.key.password = null
	ssl.keymanager.algorithm = SunX509
	ssl.keystore.certificate.chain = null
	ssl.keystore.key = null
	ssl.keystore.location = null
	ssl.keystore.password = null
	ssl.keystore.type = JKS
	ssl.protocol = TLSv1.3
	ssl.provider = null
	ssl.secure.random.implementation = null
	ssl.trustmanager.algorithm = PKIX
	ssl.truststore.certificates = null
	ssl.truststore.location = null
	ssl.truststore.password = null
	ssl.truststore.type = JKS
	value.deserializer = class io.apicurio.registry.serde.protobuf.ProtobufKafkaDeserializer

2025-08-07 12:25:38,375 INFO  [org.apa.kaf.com.tel.int.KafkaMetricsCollector] (main) initializing Kafka metrics collector
2025-08-07 12:25:38,388 INFO  [org.apa.kaf.cli.con.ConsumerConfig] (main) These configurations '[apicurio.registry.url, apicurio.registry.headers.enabled]' were supplied but are not used yet.
2025-08-07 12:25:38,388 INFO  [org.apa.kaf.com.uti.AppInfoParser] (main) Kafka version: 3.9.1
2025-08-07 12:25:38,388 INFO  [org.apa.kaf.com.uti.AppInfoParser] (main) Kafka commitId: f745dfdcee2b9851
2025-08-07 12:25:38,388 INFO  [org.apa.kaf.com.uti.AppInfoParser] (main) Kafka startTimeMs: 1754569538388
2025-08-07 12:25:38,389 INFO  [org.apa.kaf.cli.con.int.ClassicKafkaConsumer] (Thread-803) [Consumer clientId=consumer-Consumer-sfd97a42fx307cx42d9x909ax0415e088370b-26, groupId=Consumer-sfd97a42fx307cx42d9x909ax0415e088370b] Subscribed to topic(s): sfd97a42fx307cx42d9x909ax0415e088370b
2025-08-07 12:25:38,395 INFO  [org.apa.kaf.cli.Metadata] (Thread-803) [Consumer clientId=consumer-Consumer-sfd97a42fx307cx42d9x909ax0415e088370b-26, groupId=Consumer-sfd97a42fx307cx42d9x909ax0415e088370b] Cluster ID: ewOXMZdKQImtr4eZTn3eAw
2025-08-07 12:25:38,396 INFO  [org.apa.kaf.cli.con.int.ConsumerCoordinator] (Thread-803) [Consumer clientId=consumer-Consumer-sfd97a42fx307cx42d9x909ax0415e088370b-26, groupId=Consumer-sfd97a42fx307cx42d9x909ax0415e088370b] Discovered group coordinator localhost:32769 (id: 2147483647 rack: null)
2025-08-07 12:25:38,397 INFO  [org.apa.kaf.cli.con.int.ConsumerCoordinator] (Thread-803) [Consumer clientId=consumer-Consumer-sfd97a42fx307cx42d9x909ax0415e088370b-26, groupId=Consumer-sfd97a42fx307cx42d9x909ax0415e088370b] (Re-)joining group
2025-08-07 12:25:38,398 INFO  [org.apa.kaf.cli.con.int.ConsumerCoordinator] (Thread-803) [Consumer clientId=consumer-Consumer-sfd97a42fx307cx42d9x909ax0415e088370b-26, groupId=Consumer-sfd97a42fx307cx42d9x909ax0415e088370b] Request joining group due to: need to re-join with the given member-id: consumer-Consumer-sfd97a42fx307cx42d9x909ax0415e088370b-26-2efad34e-ac34-4628-bada-cfa4a4a39ecd
2025-08-07 12:25:38,398 INFO  [org.apa.kaf.cli.con.int.ConsumerCoordinator] (Thread-803) [Consumer clientId=consumer-Consumer-sfd97a42fx307cx42d9x909ax0415e088370b-26, groupId=Consumer-sfd97a42fx307cx42d9x909ax0415e088370b] (Re-)joining group
2025-08-07 12:25:39,389 INFO  [io.api.tes.ser.api.KafkaSerdesTester] (Thread-803) None found
2025-08-07 12:25:40,389 INFO  [io.api.tes.ser.api.KafkaSerdesTester] (Thread-803) None found
2025-08-07 12:25:41,390 INFO  [io.api.tes.ser.api.KafkaSerdesTester] (Thread-803) None found
2025-08-07 12:25:41,400 INFO  [org.apa.kaf.cli.con.int.ConsumerCoordinator] (Thread-803) [Consumer clientId=consumer-Consumer-sfd97a42fx307cx42d9x909ax0415e088370b-26, groupId=Consumer-sfd97a42fx307cx42d9x909ax0415e088370b] Successfully joined group with generation Generation{generationId=5, memberId='consumer-Consumer-sfd97a42fx307cx42d9x909ax0415e088370b-26-2efad34e-ac34-4628-bada-cfa4a4a39ecd', protocol='range'}
2025-08-07 12:25:41,401 INFO  [org.apa.kaf.cli.con.int.ConsumerCoordinator] (Thread-803) [Consumer clientId=consumer-Consumer-sfd97a42fx307cx42d9x909ax0415e088370b-26, groupId=Consumer-sfd97a42fx307cx42d9x909ax0415e088370b] Finished assignment for group at generation 5: {consumer-Consumer-sfd97a42fx307cx42d9x909ax0415e088370b-26-2efad34e-ac34-4628-bada-cfa4a4a39ecd=Assignment(partitions=[sfd97a42fx307cx42d9x909ax0415e088370b-0])}
2025-08-07 12:25:41,408 INFO  [org.apa.kaf.cli.con.int.ConsumerCoordinator] (Thread-803) [Consumer clientId=consumer-Consumer-sfd97a42fx307cx42d9x909ax0415e088370b-26, groupId=Consumer-sfd97a42fx307cx42d9x909ax0415e088370b] Successfully synced group in generation Generation{generationId=5, memberId='consumer-Consumer-sfd97a42fx307cx42d9x909ax0415e088370b-26-2efad34e-ac34-4628-bada-cfa4a4a39ecd', protocol='range'}
2025-08-07 12:25:41,408 INFO  [org.apa.kaf.cli.con.int.ConsumerCoordinator] (Thread-803) [Consumer clientId=consumer-Consumer-sfd97a42fx307cx42d9x909ax0415e088370b-26, groupId=Consumer-sfd97a42fx307cx42d9x909ax0415e088370b] Notifying assignor about the new Assignment(partitions=[sfd97a42fx307cx42d9x909ax0415e088370b-0])
2025-08-07 12:25:41,408 INFO  [org.apa.kaf.cli.con.int.ConsumerRebalanceListenerInvoker] (Thread-803) [Consumer clientId=consumer-Consumer-sfd97a42fx307cx42d9x909ax0415e088370b-26, groupId=Consumer-sfd97a42fx307cx42d9x909ax0415e088370b] Adding newly assigned partitions: sfd97a42fx307cx42d9x909ax0415e088370b-0
2025-08-07 12:25:41,409 INFO  [org.apa.kaf.cli.con.int.ConsumerUtils] (Thread-803) Setting offset for partition sfd97a42fx307cx42d9x909ax0415e088370b-0 to the committed offset FetchPosition{offset=20, offsetEpoch=Optional[0], currentLeader=LeaderAndEpoch{leader=Optional[localhost:32769 (id: 0 rack: null)], epoch=0}}
2025-08-07 12:25:41,695 INFO  [io.api.tes.ser.api.KafkaSerdesTester] (Thread-803) sfd97a42fx307cx42d9x909ax0415e088370b 0 20 msb: 1754569538151
lsb: 321

2025-08-07 12:25:41,695 INFO  [io.api.tes.ser.api.KafkaSerdesTester] (Thread-803) sfd97a42fx307cx42d9x909ax0415e088370b 0 21 msb: 1754569538345
lsb: 321

2025-08-07 12:25:41,695 INFO  [io.api.tes.ser.api.KafkaSerdesTester] (Thread-803) sfd97a42fx307cx42d9x909ax0415e088370b 0 22 msb: 1754569538351
lsb: 321

2025-08-07 12:25:41,695 INFO  [io.api.tes.ser.api.KafkaSerdesTester] (Thread-803) sfd97a42fx307cx42d9x909ax0415e088370b 0 23 msb: 1754569538353
lsb: 321

2025-08-07 12:25:41,695 INFO  [io.api.tes.ser.api.KafkaSerdesTester] (Thread-803) sfd97a42fx307cx42d9x909ax0415e088370b 0 24 msb: 1754569538355
lsb: 321

2025-08-07 12:25:41,696 INFO  [io.api.tes.ser.api.KafkaSerdesTester] (Thread-803) sfd97a42fx307cx42d9x909ax0415e088370b 0 25 msb: 1754569538356
lsb: 321

2025-08-07 12:25:41,696 INFO  [io.api.tes.ser.api.KafkaSerdesTester] (Thread-803) sfd97a42fx307cx42d9x909ax0415e088370b 0 26 msb: 1754569538357
lsb: 321

2025-08-07 12:25:41,696 INFO  [io.api.tes.ser.api.KafkaSerdesTester] (Thread-803) sfd97a42fx307cx42d9x909ax0415e088370b 0 27 msb: 1754569538358
lsb: 321

2025-08-07 12:25:41,696 INFO  [io.api.tes.ser.api.KafkaSerdesTester] (Thread-803) sfd97a42fx307cx42d9x909ax0415e088370b 0 28 msb: 1754569538366
lsb: 321

2025-08-07 12:25:41,696 INFO  [io.api.tes.ser.api.KafkaSerdesTester] (Thread-803) sfd97a42fx307cx42d9x909ax0415e088370b 0 29 msb: 1754569538368
lsb: 321

2025-08-07 12:25:41,696 INFO  [io.api.tes.ser.api.KafkaSerdesTester] (Thread-803) Consumed 10 messages
2025-08-07 12:25:41,702 INFO  [org.apa.kaf.cli.con.int.ConsumerRebalanceListenerInvoker] (Thread-803) [Consumer clientId=consumer-Consumer-sfd97a42fx307cx42d9x909ax0415e088370b-26, groupId=Consumer-sfd97a42fx307cx42d9x909ax0415e088370b] Revoke previously assigned partitions sfd97a42fx307cx42d9x909ax0415e088370b-0
2025-08-07 12:25:41,702 INFO  [org.apa.kaf.cli.con.int.ConsumerCoordinator] (Thread-803) [Consumer clientId=consumer-Consumer-sfd97a42fx307cx42d9x909ax0415e088370b-26, groupId=Consumer-sfd97a42fx307cx42d9x909ax0415e088370b] Member consumer-Consumer-sfd97a42fx307cx42d9x909ax0415e088370b-26-2efad34e-ac34-4628-bada-cfa4a4a39ecd sending LeaveGroup request to coordinator localhost:32769 (id: 2147483647 rack: null) due to the consumer is being closed
2025-08-07 12:25:41,703 INFO  [org.apa.kaf.cli.con.int.ConsumerCoordinator] (Thread-803) [Consumer clientId=consumer-Consumer-sfd97a42fx307cx42d9x909ax0415e088370b-26, groupId=Consumer-sfd97a42fx307cx42d9x909ax0415e088370b] Resetting generation and member id due to: consumer pro-actively leaving the group
2025-08-07 12:25:41,703 INFO  [org.apa.kaf.cli.con.int.ConsumerCoordinator] (Thread-803) [Consumer clientId=consumer-Consumer-sfd97a42fx307cx42d9x909ax0415e088370b-26, groupId=Consumer-sfd97a42fx307cx42d9x909ax0415e088370b] Request joining group due to: consumer pro-actively leaving the group
2025-08-07 12:25:42,198 INFO  [org.apa.kaf.com.met.Metrics] (Thread-803) Metrics scheduler closed
2025-08-07 12:25:42,198 INFO  [org.apa.kaf.com.met.Metrics] (Thread-803) Closing reporter org.apache.kafka.common.metrics.JmxReporter
2025-08-07 12:25:42,198 INFO  [org.apa.kaf.com.met.Metrics] (Thread-803) Closing reporter org.apache.kafka.common.telemetry.internals.ClientTelemetryReporter
2025-08-07 12:25:42,199 INFO  [org.apa.kaf.com.met.Metrics] (Thread-803) Metrics reporters closed
2025-08-07 12:25:42,201 INFO  [org.apa.kaf.com.uti.AppInfoParser] (Thread-803) App info kafka.consumer for consumer-Consumer-sfd97a42fx307cx42d9x909ax0415e088370b-26 unregistered
**** Registry Base URL: http://registry-app-pg17.apps.ci419.apicurio-testing.org:80
2025-08-07 12:25:42,202 INFO  [org.apa.kaf.cli.pro.ProducerConfig] (main) ProducerConfig values: 
	acks = -1
	auto.include.jmx.reporter = true
	batch.size = 16384
	bootstrap.servers = [PLAINTEXT://localhost:32769]
	buffer.memory = 33554432
	client.dns.lookup = use_all_dns_ips
	client.id = Producer-sfd97a42fx307cx42d9x909ax0415e088370b
	compression.gzip.level = -1
	compression.lz4.level = 9
	compression.type = none
	compression.zstd.level = 3
	connections.max.idle.ms = 10000
	delivery.timeout.ms = 120000
	enable.idempotence = true
	enable.metrics.push = true
	interceptor.classes = []
	key.serializer = class org.apache.kafka.common.serialization.StringSerializer
	linger.ms = 0
	max.block.ms = 60000
	max.in.flight.requests.per.connection = 5
	max.request.size = 1048576
	metadata.max.age.ms = 300000
	metadata.max.idle.ms = 300000
	metadata.recovery.strategy = none
	metric.reporters = []
	metrics.num.samples = 2
	metrics.recording.level = INFO
	metrics.sample.window.ms = 30000
	partitioner.adaptive.partitioning.enable = true
	partitioner.availability.timeout.ms = 0
	partitioner.class = null
	partitioner.ignore.keys = false
	receive.buffer.bytes = 32768
	reconnect.backoff.max.ms = 1000
	reconnect.backoff.ms = 50
	request.timeout.ms = 5000
	retries = 2147483647
	retry.backoff.max.ms = 1000
	retry.backoff.ms = 100
	sasl.client.callback.handler.class = null
	sasl.jaas.config = null
	sasl.kerberos.kinit.cmd = /usr/bin/kinit
	sasl.kerberos.min.time.before.relogin = 60000
	sasl.kerberos.service.name = null
	sasl.kerberos.ticket.renew.jitter = 0.05
	sasl.kerberos.ticket.renew.window.factor = 0.8
	sasl.login.callback.handler.class = null
	sasl.login.class = null
	sasl.login.connect.timeout.ms = null
	sasl.login.read.timeout.ms = null
	sasl.login.refresh.buffer.seconds = 300
	sasl.login.refresh.min.period.seconds = 60
	sasl.login.refresh.window.factor = 0.8
	sasl.login.refresh.window.jitter = 0.05
	sasl.login.retry.backoff.max.ms = 10000
	sasl.login.retry.backoff.ms = 100
	sasl.mechanism = GSSAPI
	sasl.oauthbearer.clock.skew.seconds = 30
	sasl.oauthbearer.expected.audience = null
	sasl.oauthbearer.expected.issuer = null
	sasl.oauthbearer.header.urlencode = false
	sasl.oauthbearer.jwks.endpoint.refresh.ms = 3600000
	sasl.oauthbearer.jwks.endpoint.retry.backoff.max.ms = 10000
	sasl.oauthbearer.jwks.endpoint.retry.backoff.ms = 100
	sasl.oauthbearer.jwks.endpoint.url = null
	sasl.oauthbearer.scope.claim.name = scope
	sasl.oauthbearer.sub.claim.name = sub
	sasl.oauthbearer.token.endpoint.url = null
	security.protocol = PLAINTEXT
	security.providers = null
	send.buffer.bytes = 131072
	socket.connection.setup.timeout.max.ms = 30000
	socket.connection.setup.timeout.ms = 10000
	ssl.cipher.suites = null
	ssl.enabled.protocols = [TLSv1.2, TLSv1.3]
	ssl.endpoint.identification.algorithm = https
	ssl.engine.factory.class = null
	ssl.key.password = null
	ssl.keymanager.algorithm = SunX509
	ssl.keystore.certificate.chain = null
	ssl.keystore.key = null
	ssl.keystore.location = null
	ssl.keystore.password = null
	ssl.keystore.type = JKS
	ssl.protocol = TLSv1.3
	ssl.provider = null
	ssl.secure.random.implementation = null
	ssl.trustmanager.algorithm = PKIX
	ssl.truststore.certificates = null
	ssl.truststore.location = null
	ssl.truststore.password = null
	ssl.truststore.type = JKS
	transaction.timeout.ms = 60000
	transactional.id = null
	value.serializer = class io.apicurio.registry.serde.protobuf.ProtobufKafkaSerializer

2025-08-07 12:25:42,202 INFO  [org.apa.kaf.com.tel.int.KafkaMetricsCollector] (main) initializing Kafka metrics collector
2025-08-07 12:25:42,207 INFO  [org.apa.kaf.cli.pro.KafkaProducer] (main) [Producer clientId=Producer-sfd97a42fx307cx42d9x909ax0415e088370b] Instantiated an idempotent producer.
2025-08-07 12:25:42,211 INFO  [org.apa.kaf.cli.pro.ProducerConfig] (main) These configurations '[apicurio.registry.find-latest, apicurio.registry.url, apicurio.registry.artifact-resolver-strategy]' were supplied but are not used yet.
2025-08-07 12:25:42,211 INFO  [org.apa.kaf.com.uti.AppInfoParser] (main) Kafka version: 3.9.1
2025-08-07 12:25:42,211 INFO  [org.apa.kaf.com.uti.AppInfoParser] (main) Kafka commitId: f745dfdcee2b9851
2025-08-07 12:25:42,211 INFO  [org.apa.kaf.com.uti.AppInfoParser] (main) Kafka startTimeMs: 1754569542211
2025-08-07 12:25:42,212 INFO  [org.apa.kaf.cli.Metadata] (kafka-producer-network-thread | Producer-sfd97a42fx307cx42d9x909ax0415e088370b) [Producer clientId=Producer-sfd97a42fx307cx42d9x909ax0415e088370b] Cluster ID: ewOXMZdKQImtr4eZTn3eAw
2025-08-07 12:25:42,212 INFO  [org.apa.kaf.cli.pro.int.TransactionManager] (kafka-producer-network-thread | Producer-sfd97a42fx307cx42d9x909ax0415e088370b) [Producer clientId=Producer-sfd97a42fx307cx42d9x909ax0415e088370b] ProducerId set to 37 with epoch 0
2025-08-07 12:25:42,212 INFO  [io.api.tes.ser.api.KafkaSerdesTester] (Thread-806) Sending message header {
  time {
  }
}
d1: 1.754569542212E12
s1: "a"
i1: 123
bi1: 1
point {
  longitude: 22.0
  latitude: 22.0
  altitude: 1.0
}
 to topic sfd97a42fx307cx42d9x909ax0415e088370b
2025-08-07 12:25:42,542 INFO  [org.apa.kaf.cli.pro.KafkaProducer] (Thread-806) [Producer clientId=Producer-sfd97a42fx307cx42d9x909ax0415e088370b] Closing the Kafka producer with timeoutMillis = 9223372036854775807 ms.
2025-08-07 12:25:42,544 INFO  [org.apa.kaf.com.met.Metrics] (Thread-806) Metrics scheduler closed
2025-08-07 12:25:42,544 INFO  [org.apa.kaf.com.met.Metrics] (Thread-806) Closing reporter org.apache.kafka.common.metrics.JmxReporter
2025-08-07 12:25:42,544 INFO  [org.apa.kaf.com.met.Metrics] (Thread-806) Closing reporter org.apache.kafka.common.telemetry.internals.ClientTelemetryReporter
2025-08-07 12:25:42,544 INFO  [org.apa.kaf.com.met.Metrics] (Thread-806) Metrics reporters closed
2025-08-07 12:25:42,544 INFO  [org.apa.kaf.com.uti.AppInfoParser] (Thread-806) App info kafka.producer for Producer-sfd97a42fx307cx42d9x909ax0415e088370b unregistered
**** Registry Base URL: http://registry-app-pg17.apps.ci419.apicurio-testing.org:80
2025-08-07 12:25:42,545 INFO  [org.apa.kaf.cli.pro.ProducerConfig] (main) ProducerConfig values: 
	acks = -1
	auto.include.jmx.reporter = true
	batch.size = 16384
	bootstrap.servers = [PLAINTEXT://localhost:32769]
	buffer.memory = 33554432
	client.dns.lookup = use_all_dns_ips
	client.id = Producer-sfd97a42fx307cx42d9x909ax0415e088370b
	compression.gzip.level = -1
	compression.lz4.level = 9
	compression.type = none
	compression.zstd.level = 3
	connections.max.idle.ms = 10000
	delivery.timeout.ms = 120000
	enable.idempotence = true
	enable.metrics.push = true
	interceptor.classes = []
	key.serializer = class org.apache.kafka.common.serialization.StringSerializer
	linger.ms = 0
	max.block.ms = 60000
	max.in.flight.requests.per.connection = 5
	max.request.size = 1048576
	metadata.max.age.ms = 300000
	metadata.max.idle.ms = 300000
	metadata.recovery.strategy = none
	metric.reporters = []
	metrics.num.samples = 2
	metrics.recording.level = INFO
	metrics.sample.window.ms = 30000
	partitioner.adaptive.partitioning.enable = true
	partitioner.availability.timeout.ms = 0
	partitioner.class = null
	partitioner.ignore.keys = false
	receive.buffer.bytes = 32768
	reconnect.backoff.max.ms = 1000
	reconnect.backoff.ms = 50
	request.timeout.ms = 5000
	retries = 2147483647
	retry.backoff.max.ms = 1000
	retry.backoff.ms = 100
	sasl.client.callback.handler.class = null
	sasl.jaas.config = null
	sasl.kerberos.kinit.cmd = /usr/bin/kinit
	sasl.kerberos.min.time.before.relogin = 60000
	sasl.kerberos.service.name = null
	sasl.kerberos.ticket.renew.jitter = 0.05
	sasl.kerberos.ticket.renew.window.factor = 0.8
	sasl.login.callback.handler.class = null
	sasl.login.class = null
	sasl.login.connect.timeout.ms = null
	sasl.login.read.timeout.ms = null
	sasl.login.refresh.buffer.seconds = 300
	sasl.login.refresh.min.period.seconds = 60
	sasl.login.refresh.window.factor = 0.8
	sasl.login.refresh.window.jitter = 0.05
	sasl.login.retry.backoff.max.ms = 10000
	sasl.login.retry.backoff.ms = 100
	sasl.mechanism = GSSAPI
	sasl.oauthbearer.clock.skew.seconds = 30
	sasl.oauthbearer.expected.audience = null
	sasl.oauthbearer.expected.issuer = null
	sasl.oauthbearer.header.urlencode = false
	sasl.oauthbearer.jwks.endpoint.refresh.ms = 3600000
	sasl.oauthbearer.jwks.endpoint.retry.backoff.max.ms = 10000
	sasl.oauthbearer.jwks.endpoint.retry.backoff.ms = 100
	sasl.oauthbearer.jwks.endpoint.url = null
	sasl.oauthbearer.scope.claim.name = scope
	sasl.oauthbearer.sub.claim.name = sub
	sasl.oauthbearer.token.endpoint.url = null
	security.protocol = PLAINTEXT
	security.providers = null
	send.buffer.bytes = 131072
	socket.connection.setup.timeout.max.ms = 30000
	socket.connection.setup.timeout.ms = 10000
	ssl.cipher.suites = null
	ssl.enabled.protocols = [TLSv1.2, TLSv1.3]
	ssl.endpoint.identification.algorithm = https
	ssl.engine.factory.class = null
	ssl.key.password = null
	ssl.keymanager.algorithm = SunX509
	ssl.keystore.certificate.chain = null
	ssl.keystore.key = null
	ssl.keystore.location = null
	ssl.keystore.password = null
	ssl.keystore.type = JKS
	ssl.protocol = TLSv1.3
	ssl.provider = null
	ssl.secure.random.implementation = null
	ssl.trustmanager.algorithm = PKIX
	ssl.truststore.certificates = null
	ssl.truststore.location = null
	ssl.truststore.password = null
	ssl.truststore.type = JKS
	transaction.timeout.ms = 60000
	transactional.id = null
	value.serializer = class io.apicurio.registry.serde.protobuf.ProtobufKafkaSerializer

2025-08-07 12:25:42,545 INFO  [org.apa.kaf.com.tel.int.KafkaMetricsCollector] (main) initializing Kafka metrics collector
2025-08-07 12:25:42,550 INFO  [org.apa.kaf.cli.pro.KafkaProducer] (main) [Producer clientId=Producer-sfd97a42fx307cx42d9x909ax0415e088370b] Instantiated an idempotent producer.
2025-08-07 12:25:42,551 INFO  [org.apa.kaf.cli.pro.ProducerConfig] (main) These configurations '[apicurio.registry.find-latest, apicurio.registry.url, apicurio.registry.headers.enabled, apicurio.registry.artifact-resolver-strategy]' were supplied but are not used yet.
2025-08-07 12:25:42,551 INFO  [org.apa.kaf.com.uti.AppInfoParser] (main) Kafka version: 3.9.1
2025-08-07 12:25:42,551 INFO  [org.apa.kaf.com.uti.AppInfoParser] (main) Kafka commitId: f745dfdcee2b9851
2025-08-07 12:25:42,551 INFO  [org.apa.kaf.com.uti.AppInfoParser] (main) Kafka startTimeMs: 1754569542551
2025-08-07 12:25:42,551 INFO  [io.api.tes.ser.api.SimpleSerdesTesterBuilder$SimpleSerdesTester] (main) Using producer configuration: {apicurio.registry.find-latest=true, apicurio.registry.url=http://registry-app-pg17.apps.ci419.apicurio-testing.org:80/apis/registry/v3, apicurio.registry.headers.enabled=true, apicurio.registry.artifact-resolver-strategy=io.apicurio.registry.serde.strategy.TopicIdStrategy, value.serializer=io.apicurio.registry.serde.protobuf.ProtobufKafkaSerializer, request.timeout.ms=5000, acks=all, bootstrap.servers=PLAINTEXT://localhost:32769, connections.max.idle.ms=10000, key.serializer=org.apache.kafka.common.serialization.StringSerializer, client.id=Producer-sfd97a42fx307cx42d9x909ax0415e088370b}
2025-08-07 12:25:42,552 INFO  [io.api.tes.ser.api.SimpleSerdesTesterBuilder$SimpleSerdesTester] (main) Using consumer configuration: {apicurio.registry.headers.enabled=true}
2025-08-07 12:25:42,554 INFO  [io.api.tes.ser.api.KafkaSerdesTester] (Thread-809) Sending message msb: 1754569542553
lsb: 321
 to topic sfd97a42fx307cx42d9x909ax0415e088370b
2025-08-07 12:25:42,556 INFO  [org.apa.kaf.cli.Metadata] (kafka-producer-network-thread | Producer-sfd97a42fx307cx42d9x909ax0415e088370b) [Producer clientId=Producer-sfd97a42fx307cx42d9x909ax0415e088370b] Cluster ID: ewOXMZdKQImtr4eZTn3eAw
2025-08-07 12:25:42,556 INFO  [org.apa.kaf.cli.pro.int.TransactionManager] (kafka-producer-network-thread | Producer-sfd97a42fx307cx42d9x909ax0415e088370b) [Producer clientId=Producer-sfd97a42fx307cx42d9x909ax0415e088370b] ProducerId set to 38 with epoch 0
2025-08-07 12:25:42,885 INFO  [io.api.tes.ser.api.KafkaSerdesTester] (Thread-809) Sending message msb: 1754569542885
lsb: 321
 to topic sfd97a42fx307cx42d9x909ax0415e088370b
2025-08-07 12:25:42,886 INFO  [io.api.tes.ser.api.KafkaSerdesTester] (Thread-809) Sending message msb: 1754569542886
lsb: 321
 to topic sfd97a42fx307cx42d9x909ax0415e088370b
2025-08-07 12:25:42,888 INFO  [io.api.tes.ser.api.KafkaSerdesTester] (Thread-809) Sending message msb: 1754569542888
lsb: 321
 to topic sfd97a42fx307cx42d9x909ax0415e088370b
2025-08-07 12:25:42,889 INFO  [io.api.tes.ser.api.KafkaSerdesTester] (Thread-809) Sending message msb: 1754569542889
lsb: 321
 to topic sfd97a42fx307cx42d9x909ax0415e088370b
2025-08-07 12:25:42,890 INFO  [io.api.tes.ser.api.KafkaSerdesTester] (Thread-809) Sending message msb: 1754569542890
lsb: 321
 to topic sfd97a42fx307cx42d9x909ax0415e088370b
2025-08-07 12:25:42,892 INFO  [io.api.tes.ser.api.KafkaSerdesTester] (Thread-809) Sending message msb: 1754569542892
lsb: 321
 to topic sfd97a42fx307cx42d9x909ax0415e088370b
2025-08-07 12:25:42,894 INFO  [io.api.tes.ser.api.KafkaSerdesTester] (Thread-809) Sending message msb: 1754569542894
lsb: 321
 to topic sfd97a42fx307cx42d9x909ax0415e088370b
2025-08-07 12:25:42,895 INFO  [io.api.tes.ser.api.KafkaSerdesTester] (Thread-809) Sending message msb: 1754569542895
lsb: 321
 to topic sfd97a42fx307cx42d9x909ax0415e088370b
2025-08-07 12:25:42,896 INFO  [io.api.tes.ser.api.KafkaSerdesTester] (Thread-809) Sending message msb: 1754569542896
lsb: 321
 to topic sfd97a42fx307cx42d9x909ax0415e088370b
2025-08-07 12:25:42,897 INFO  [io.api.tes.ser.api.KafkaSerdesTester] (Thread-809) Produced 10 messages
2025-08-07 12:25:42,898 INFO  [org.apa.kaf.cli.pro.KafkaProducer] (Thread-809) [Producer clientId=Producer-sfd97a42fx307cx42d9x909ax0415e088370b] Closing the Kafka producer with timeoutMillis = 9223372036854775807 ms.
2025-08-07 12:25:42,900 INFO  [org.apa.kaf.com.met.Metrics] (Thread-809) Metrics scheduler closed
2025-08-07 12:25:42,900 INFO  [org.apa.kaf.com.met.Metrics] (Thread-809) Closing reporter org.apache.kafka.common.metrics.JmxReporter
2025-08-07 12:25:42,900 INFO  [org.apa.kaf.com.met.Metrics] (Thread-809) Closing reporter org.apache.kafka.common.telemetry.internals.ClientTelemetryReporter
2025-08-07 12:25:42,900 INFO  [org.apa.kaf.com.met.Metrics] (Thread-809) Metrics reporters closed
2025-08-07 12:25:42,900 INFO  [org.apa.kaf.com.uti.AppInfoParser] (Thread-809) App info kafka.producer for Producer-sfd97a42fx307cx42d9x909ax0415e088370b unregistered
**** Registry Base URL: http://registry-app-pg17.apps.ci419.apicurio-testing.org:80
2025-08-07 12:25:42,901 INFO  [org.apa.kaf.cli.con.ConsumerConfig] (main) ConsumerConfig values: 
	allow.auto.create.topics = true
	auto.commit.interval.ms = 500
	auto.include.jmx.reporter = true
	auto.offset.reset = earliest
	bootstrap.servers = [PLAINTEXT://localhost:32769]
	check.crcs = true
	client.dns.lookup = use_all_dns_ips
	client.id = consumer-Consumer-sfd97a42fx307cx42d9x909ax0415e088370b-27
	client.rack = 
	connections.max.idle.ms = 10000
	default.api.timeout.ms = 60000
	enable.auto.commit = true
	enable.metrics.push = true
	exclude.internal.topics = true
	fetch.max.bytes = 52428800
	fetch.max.wait.ms = 500
	fetch.min.bytes = 1
	group.id = Consumer-sfd97a42fx307cx42d9x909ax0415e088370b
	group.instance.id = null
	group.protocol = classic
	group.remote.assignor = null
	heartbeat.interval.ms = 3000
	interceptor.classes = []
	internal.leave.group.on.close = true
	internal.throw.on.fetch.stable.offset.unsupported = false
	isolation.level = read_uncommitted
	key.deserializer = class org.apache.kafka.common.serialization.StringDeserializer
	max.partition.fetch.bytes = 1048576
	max.poll.interval.ms = 300000
	max.poll.records = 500
	metadata.max.age.ms = 300000
	metadata.recovery.strategy = none
	metric.reporters = []
	metrics.num.samples = 2
	metrics.recording.level = INFO
	metrics.sample.window.ms = 30000
	partition.assignment.strategy = [class org.apache.kafka.clients.consumer.RangeAssignor, class org.apache.kafka.clients.consumer.CooperativeStickyAssignor]
	receive.buffer.bytes = 65536
	reconnect.backoff.max.ms = 1000
	reconnect.backoff.ms = 50
	request.timeout.ms = 5000
	retry.backoff.max.ms = 1000
	retry.backoff.ms = 100
	sasl.client.callback.handler.class = null
	sasl.jaas.config = null
	sasl.kerberos.kinit.cmd = /usr/bin/kinit
	sasl.kerberos.min.time.before.relogin = 60000
	sasl.kerberos.service.name = null
	sasl.kerberos.ticket.renew.jitter = 0.05
	sasl.kerberos.ticket.renew.window.factor = 0.8
	sasl.login.callback.handler.class = null
	sasl.login.class = null
	sasl.login.connect.timeout.ms = null
	sasl.login.read.timeout.ms = null
	sasl.login.refresh.buffer.seconds = 300
	sasl.login.refresh.min.period.seconds = 60
	sasl.login.refresh.window.factor = 0.8
	sasl.login.refresh.window.jitter = 0.05
	sasl.login.retry.backoff.max.ms = 10000
	sasl.login.retry.backoff.ms = 100
	sasl.mechanism = GSSAPI
	sasl.oauthbearer.clock.skew.seconds = 30
	sasl.oauthbearer.expected.audience = null
	sasl.oauthbearer.expected.issuer = null
	sasl.oauthbearer.header.urlencode = false
	sasl.oauthbearer.jwks.endpoint.refresh.ms = 3600000
	sasl.oauthbearer.jwks.endpoint.retry.backoff.max.ms = 10000
	sasl.oauthbearer.jwks.endpoint.retry.backoff.ms = 100
	sasl.oauthbearer.jwks.endpoint.url = null
	sasl.oauthbearer.scope.claim.name = scope
	sasl.oauthbearer.sub.claim.name = sub
	sasl.oauthbearer.token.endpoint.url = null
	security.protocol = PLAINTEXT
	security.providers = null
	send.buffer.bytes = 131072
	session.timeout.ms = 45000
	socket.connection.setup.timeout.max.ms = 30000
	socket.connection.setup.timeout.ms = 10000
	ssl.cipher.suites = null
	ssl.enabled.protocols = [TLSv1.2, TLSv1.3]
	ssl.endpoint.identification.algorithm = https
	ssl.engine.factory.class = null
	ssl.key.password = null
	ssl.keymanager.algorithm = SunX509
	ssl.keystore.certificate.chain = null
	ssl.keystore.key = null
	ssl.keystore.location = null
	ssl.keystore.password = null
	ssl.keystore.type = JKS
	ssl.protocol = TLSv1.3
	ssl.provider = null
	ssl.secure.random.implementation = null
	ssl.trustmanager.algorithm = PKIX
	ssl.truststore.certificates = null
	ssl.truststore.location = null
	ssl.truststore.password = null
	ssl.truststore.type = JKS
	value.deserializer = class io.apicurio.registry.serde.protobuf.ProtobufKafkaDeserializer

2025-08-07 12:25:42,901 INFO  [org.apa.kaf.com.tel.int.KafkaMetricsCollector] (main) initializing Kafka metrics collector
2025-08-07 12:25:42,905 INFO  [org.apa.kaf.cli.con.ConsumerConfig] (main) These configurations '[apicurio.registry.url, apicurio.registry.headers.enabled]' were supplied but are not used yet.
2025-08-07 12:25:42,905 INFO  [org.apa.kaf.com.uti.AppInfoParser] (main) Kafka version: 3.9.1
2025-08-07 12:25:42,906 INFO  [org.apa.kaf.com.uti.AppInfoParser] (main) Kafka commitId: f745dfdcee2b9851
2025-08-07 12:25:42,906 INFO  [org.apa.kaf.com.uti.AppInfoParser] (main) Kafka startTimeMs: 1754569542905
2025-08-07 12:25:42,906 INFO  [org.apa.kaf.cli.con.int.ClassicKafkaConsumer] (Thread-812) [Consumer clientId=consumer-Consumer-sfd97a42fx307cx42d9x909ax0415e088370b-27, groupId=Consumer-sfd97a42fx307cx42d9x909ax0415e088370b] Subscribed to topic(s): sfd97a42fx307cx42d9x909ax0415e088370b
2025-08-07 12:25:42,909 INFO  [org.apa.kaf.cli.Metadata] (Thread-812) [Consumer clientId=consumer-Consumer-sfd97a42fx307cx42d9x909ax0415e088370b-27, groupId=Consumer-sfd97a42fx307cx42d9x909ax0415e088370b] Cluster ID: ewOXMZdKQImtr4eZTn3eAw
2025-08-07 12:25:42,909 INFO  [org.apa.kaf.cli.con.int.ConsumerCoordinator] (Thread-812) [Consumer clientId=consumer-Consumer-sfd97a42fx307cx42d9x909ax0415e088370b-27, groupId=Consumer-sfd97a42fx307cx42d9x909ax0415e088370b] Discovered group coordinator localhost:32769 (id: 2147483647 rack: null)
2025-08-07 12:25:42,910 INFO  [org.apa.kaf.cli.con.int.ConsumerCoordinator] (Thread-812) [Consumer clientId=consumer-Consumer-sfd97a42fx307cx42d9x909ax0415e088370b-27, groupId=Consumer-sfd97a42fx307cx42d9x909ax0415e088370b] (Re-)joining group
2025-08-07 12:25:42,911 INFO  [org.apa.kaf.cli.con.int.ConsumerCoordinator] (Thread-812) [Consumer clientId=consumer-Consumer-sfd97a42fx307cx42d9x909ax0415e088370b-27, groupId=Consumer-sfd97a42fx307cx42d9x909ax0415e088370b] Request joining group due to: need to re-join with the given member-id: consumer-Consumer-sfd97a42fx307cx42d9x909ax0415e088370b-27-68af2bee-7a07-45ce-a672-deed62e004ee
2025-08-07 12:25:42,912 INFO  [org.apa.kaf.cli.con.int.ConsumerCoordinator] (Thread-812) [Consumer clientId=consumer-Consumer-sfd97a42fx307cx42d9x909ax0415e088370b-27, groupId=Consumer-sfd97a42fx307cx42d9x909ax0415e088370b] (Re-)joining group
2025-08-07 12:25:43,906 INFO  [io.api.tes.ser.api.KafkaSerdesTester] (Thread-812) None found
2025-08-07 12:25:44,906 INFO  [io.api.tes.ser.api.KafkaSerdesTester] (Thread-812) None found
2025-08-07 12:25:45,907 INFO  [io.api.tes.ser.api.KafkaSerdesTester] (Thread-812) None found
2025-08-07 12:25:45,913 INFO  [org.apa.kaf.cli.con.int.ConsumerCoordinator] (Thread-812) [Consumer clientId=consumer-Consumer-sfd97a42fx307cx42d9x909ax0415e088370b-27, groupId=Consumer-sfd97a42fx307cx42d9x909ax0415e088370b] Successfully joined group with generation Generation{generationId=7, memberId='consumer-Consumer-sfd97a42fx307cx42d9x909ax0415e088370b-27-68af2bee-7a07-45ce-a672-deed62e004ee', protocol='range'}
2025-08-07 12:25:45,913 INFO  [org.apa.kaf.cli.con.int.ConsumerCoordinator] (Thread-812) [Consumer clientId=consumer-Consumer-sfd97a42fx307cx42d9x909ax0415e088370b-27, groupId=Consumer-sfd97a42fx307cx42d9x909ax0415e088370b] Finished assignment for group at generation 7: {consumer-Consumer-sfd97a42fx307cx42d9x909ax0415e088370b-27-68af2bee-7a07-45ce-a672-deed62e004ee=Assignment(partitions=[sfd97a42fx307cx42d9x909ax0415e088370b-0])}
2025-08-07 12:25:45,920 INFO  [org.apa.kaf.cli.con.int.ConsumerCoordinator] (Thread-812) [Consumer clientId=consumer-Consumer-sfd97a42fx307cx42d9x909ax0415e088370b-27, groupId=Consumer-sfd97a42fx307cx42d9x909ax0415e088370b] Successfully synced group in generation Generation{generationId=7, memberId='consumer-Consumer-sfd97a42fx307cx42d9x909ax0415e088370b-27-68af2bee-7a07-45ce-a672-deed62e004ee', protocol='range'}
2025-08-07 12:25:45,920 INFO  [org.apa.kaf.cli.con.int.ConsumerCoordinator] (Thread-812) [Consumer clientId=consumer-Consumer-sfd97a42fx307cx42d9x909ax0415e088370b-27, groupId=Consumer-sfd97a42fx307cx42d9x909ax0415e088370b] Notifying assignor about the new Assignment(partitions=[sfd97a42fx307cx42d9x909ax0415e088370b-0])
2025-08-07 12:25:45,920 INFO  [org.apa.kaf.cli.con.int.ConsumerRebalanceListenerInvoker] (Thread-812) [Consumer clientId=consumer-Consumer-sfd97a42fx307cx42d9x909ax0415e088370b-27, groupId=Consumer-sfd97a42fx307cx42d9x909ax0415e088370b] Adding newly assigned partitions: sfd97a42fx307cx42d9x909ax0415e088370b-0
2025-08-07 12:25:45,921 INFO  [org.apa.kaf.cli.con.int.ConsumerUtils] (Thread-812) Setting offset for partition sfd97a42fx307cx42d9x909ax0415e088370b-0 to the committed offset FetchPosition{offset=30, offsetEpoch=Optional[0], currentLeader=LeaderAndEpoch{leader=Optional[localhost:32769 (id: 0 rack: null)], epoch=0}}
2025-08-07 12:25:46,176 INFO  [io.api.tes.ser.api.KafkaSerdesTester] (Thread-812) sfd97a42fx307cx42d9x909ax0415e088370b 0 30 msb: 1754569542553
lsb: 321

2025-08-07 12:25:46,176 INFO  [io.api.tes.ser.api.KafkaSerdesTester] (Thread-812) sfd97a42fx307cx42d9x909ax0415e088370b 0 31 msb: 1754569542885
lsb: 321

2025-08-07 12:25:46,176 INFO  [io.api.tes.ser.api.KafkaSerdesTester] (Thread-812) sfd97a42fx307cx42d9x909ax0415e088370b 0 32 msb: 1754569542886
lsb: 321

2025-08-07 12:25:46,176 INFO  [io.api.tes.ser.api.KafkaSerdesTester] (Thread-812) sfd97a42fx307cx42d9x909ax0415e088370b 0 33 msb: 1754569542888
lsb: 321

2025-08-07 12:25:46,176 INFO  [io.api.tes.ser.api.KafkaSerdesTester] (Thread-812) sfd97a42fx307cx42d9x909ax0415e088370b 0 34 msb: 1754569542889
lsb: 321

2025-08-07 12:25:46,176 INFO  [io.api.tes.ser.api.KafkaSerdesTester] (Thread-812) sfd97a42fx307cx42d9x909ax0415e088370b 0 35 msb: 1754569542890
lsb: 321

2025-08-07 12:25:46,176 INFO  [io.api.tes.ser.api.KafkaSerdesTester] (Thread-812) sfd97a42fx307cx42d9x909ax0415e088370b 0 36 msb: 1754569542892
lsb: 321

2025-08-07 12:25:46,176 INFO  [io.api.tes.ser.api.KafkaSerdesTester] (Thread-812) sfd97a42fx307cx42d9x909ax0415e088370b 0 37 msb: 1754569542894
lsb: 321

2025-08-07 12:25:46,176 INFO  [io.api.tes.ser.api.KafkaSerdesTester] (Thread-812) sfd97a42fx307cx42d9x909ax0415e088370b 0 38 msb: 1754569542895
lsb: 321

2025-08-07 12:25:46,176 INFO  [io.api.tes.ser.api.KafkaSerdesTester] (Thread-812) sfd97a42fx307cx42d9x909ax0415e088370b 0 39 msb: 1754569542896
lsb: 321

2025-08-07 12:25:46,176 INFO  [io.api.tes.ser.api.KafkaSerdesTester] (Thread-812) Consumed 10 messages
2025-08-07 12:25:46,183 INFO  [org.apa.kaf.cli.con.int.ConsumerRebalanceListenerInvoker] (Thread-812) [Consumer clientId=consumer-Consumer-sfd97a42fx307cx42d9x909ax0415e088370b-27, groupId=Consumer-sfd97a42fx307cx42d9x909ax0415e088370b] Revoke previously assigned partitions sfd97a42fx307cx42d9x909ax0415e088370b-0
2025-08-07 12:25:46,183 INFO  [org.apa.kaf.cli.con.int.ConsumerCoordinator] (Thread-812) [Consumer clientId=consumer-Consumer-sfd97a42fx307cx42d9x909ax0415e088370b-27, groupId=Consumer-sfd97a42fx307cx42d9x909ax0415e088370b] Member consumer-Consumer-sfd97a42fx307cx42d9x909ax0415e088370b-27-68af2bee-7a07-45ce-a672-deed62e004ee sending LeaveGroup request to coordinator localhost:32769 (id: 2147483647 rack: null) due to the consumer is being closed
2025-08-07 12:25:46,184 INFO  [org.apa.kaf.cli.con.int.ConsumerCoordinator] (Thread-812) [Consumer clientId=consumer-Consumer-sfd97a42fx307cx42d9x909ax0415e088370b-27, groupId=Consumer-sfd97a42fx307cx42d9x909ax0415e088370b] Resetting generation and member id due to: consumer pro-actively leaving the group
2025-08-07 12:25:46,184 INFO  [org.apa.kaf.cli.con.int.ConsumerCoordinator] (Thread-812) [Consumer clientId=consumer-Consumer-sfd97a42fx307cx42d9x909ax0415e088370b-27, groupId=Consumer-sfd97a42fx307cx42d9x909ax0415e088370b] Request joining group due to: consumer pro-actively leaving the group
2025-08-07 12:25:46,679 INFO  [org.apa.kaf.com.met.Metrics] (Thread-812) Metrics scheduler closed
2025-08-07 12:25:46,679 INFO  [org.apa.kaf.com.met.Metrics] (Thread-812) Closing reporter org.apache.kafka.common.metrics.JmxReporter
2025-08-07 12:25:46,679 INFO  [org.apa.kaf.com.met.Metrics] (Thread-812) Closing reporter org.apache.kafka.common.telemetry.internals.ClientTelemetryReporter
2025-08-07 12:25:46,679 INFO  [org.apa.kaf.com.met.Metrics] (Thread-812) Metrics reporters closed
2025-08-07 12:25:46,681 INFO  [org.apa.kaf.com.uti.AppInfoParser] (Thread-812) App info kafka.consumer for consumer-Consumer-sfd97a42fx307cx42d9x909ax0415e088370b-27 unregistered
**** Registry Base URL: http://registry-app-pg17.apps.ci419.apicurio-testing.org:80
2025-08-07 12:25:46,682 INFO  [org.apa.kaf.cli.pro.ProducerConfig] (main) ProducerConfig values: 
	acks = -1
	auto.include.jmx.reporter = true
	batch.size = 16384
	bootstrap.servers = [PLAINTEXT://localhost:32769]
	buffer.memory = 33554432
	client.dns.lookup = use_all_dns_ips
	client.id = Producer-sfd97a42fx307cx42d9x909ax0415e088370b
	compression.gzip.level = -1
	compression.lz4.level = 9
	compression.type = none
	compression.zstd.level = 3
	connections.max.idle.ms = 10000
	delivery.timeout.ms = 120000
	enable.idempotence = true
	enable.metrics.push = true
	interceptor.classes = []
	key.serializer = class org.apache.kafka.common.serialization.StringSerializer
	linger.ms = 0
	max.block.ms = 60000
	max.in.flight.requests.per.connection = 5
	max.request.size = 1048576
	metadata.max.age.ms = 300000
	metadata.max.idle.ms = 300000
	metadata.recovery.strategy = none
	metric.reporters = []
	metrics.num.samples = 2
	metrics.recording.level = INFO
	metrics.sample.window.ms = 30000
	partitioner.adaptive.partitioning.enable = true
	partitioner.availability.timeout.ms = 0
	partitioner.class = null
	partitioner.ignore.keys = false
	receive.buffer.bytes = 32768
	reconnect.backoff.max.ms = 1000
	reconnect.backoff.ms = 50
	request.timeout.ms = 5000
	retries = 2147483647
	retry.backoff.max.ms = 1000
	retry.backoff.ms = 100
	sasl.client.callback.handler.class = null
	sasl.jaas.config = null
	sasl.kerberos.kinit.cmd = /usr/bin/kinit
	sasl.kerberos.min.time.before.relogin = 60000
	sasl.kerberos.service.name = null
	sasl.kerberos.ticket.renew.jitter = 0.05
	sasl.kerberos.ticket.renew.window.factor = 0.8
	sasl.login.callback.handler.class = null
	sasl.login.class = null
	sasl.login.connect.timeout.ms = null
	sasl.login.read.timeout.ms = null
	sasl.login.refresh.buffer.seconds = 300
	sasl.login.refresh.min.period.seconds = 60
	sasl.login.refresh.window.factor = 0.8
	sasl.login.refresh.window.jitter = 0.05
	sasl.login.retry.backoff.max.ms = 10000
	sasl.login.retry.backoff.ms = 100
	sasl.mechanism = GSSAPI
	sasl.oauthbearer.clock.skew.seconds = 30
	sasl.oauthbearer.expected.audience = null
	sasl.oauthbearer.expected.issuer = null
	sasl.oauthbearer.header.urlencode = false
	sasl.oauthbearer.jwks.endpoint.refresh.ms = 3600000
	sasl.oauthbearer.jwks.endpoint.retry.backoff.max.ms = 10000
	sasl.oauthbearer.jwks.endpoint.retry.backoff.ms = 100
	sasl.oauthbearer.jwks.endpoint.url = null
	sasl.oauthbearer.scope.claim.name = scope
	sasl.oauthbearer.sub.claim.name = sub
	sasl.oauthbearer.token.endpoint.url = null
	security.protocol = PLAINTEXT
	security.providers = null
	send.buffer.bytes = 131072
	socket.connection.setup.timeout.max.ms = 30000
	socket.connection.setup.timeout.ms = 10000
	ssl.cipher.suites = null
	ssl.enabled.protocols = [TLSv1.2, TLSv1.3]
	ssl.endpoint.identification.algorithm = https
	ssl.engine.factory.class = null
	ssl.key.password = null
	ssl.keymanager.algorithm = SunX509
	ssl.keystore.certificate.chain = null
	ssl.keystore.key = null
	ssl.keystore.location = null
	ssl.keystore.password = null
	ssl.keystore.type = JKS
	ssl.protocol = TLSv1.3
	ssl.provider = null
	ssl.secure.random.implementation = null
	ssl.trustmanager.algorithm = PKIX
	ssl.truststore.certificates = null
	ssl.truststore.location = null
	ssl.truststore.password = null
	ssl.truststore.type = JKS
	transaction.timeout.ms = 60000
	transactional.id = null
	value.serializer = class io.apicurio.registry.serde.protobuf.ProtobufKafkaSerializer

2025-08-07 12:25:46,682 INFO  [org.apa.kaf.com.tel.int.KafkaMetricsCollector] (main) initializing Kafka metrics collector
2025-08-07 12:25:46,686 INFO  [org.apa.kaf.cli.pro.KafkaProducer] (main) [Producer clientId=Producer-sfd97a42fx307cx42d9x909ax0415e088370b] Instantiated an idempotent producer.
2025-08-07 12:25:46,688 INFO  [org.apa.kaf.cli.pro.ProducerConfig] (main) These configurations '[apicurio.registry.url, apicurio.registry.headers.enabled, apicurio.registry.artifact-resolver-strategy, apicurio.registry.artifact.version]' were supplied but are not used yet.
2025-08-07 12:25:46,688 INFO  [org.apa.kaf.com.uti.AppInfoParser] (main) Kafka version: 3.9.1
2025-08-07 12:25:46,688 INFO  [org.apa.kaf.com.uti.AppInfoParser] (main) Kafka commitId: f745dfdcee2b9851
2025-08-07 12:25:46,688 INFO  [org.apa.kaf.com.uti.AppInfoParser] (main) Kafka startTimeMs: 1754569546688
2025-08-07 12:25:46,688 INFO  [io.api.tes.ser.api.SimpleSerdesTesterBuilder$SimpleSerdesTester] (main) Using producer configuration: {apicurio.registry.url=http://registry-app-pg17.apps.ci419.apicurio-testing.org:80/apis/registry/v3, apicurio.registry.headers.enabled=true, apicurio.registry.artifact-resolver-strategy=io.apicurio.registry.serde.strategy.TopicIdStrategy, value.serializer=io.apicurio.registry.serde.protobuf.ProtobufKafkaSerializer, request.timeout.ms=5000, acks=all, bootstrap.servers=PLAINTEXT://localhost:32769, connections.max.idle.ms=10000, apicurio.registry.artifact.version=2, key.serializer=org.apache.kafka.common.serialization.StringSerializer, client.id=Producer-sfd97a42fx307cx42d9x909ax0415e088370b}
2025-08-07 12:25:46,688 INFO  [io.api.tes.ser.api.SimpleSerdesTesterBuilder$SimpleSerdesTester] (main) Using consumer configuration: {apicurio.registry.headers.enabled=true}
2025-08-07 12:25:46,689 INFO  [io.api.tes.ser.api.KafkaSerdesTester] (Thread-815) Sending message msb: 1754569546689
lsb: 321
 to topic sfd97a42fx307cx42d9x909ax0415e088370b
2025-08-07 12:25:46,691 INFO  [org.apa.kaf.cli.Metadata] (kafka-producer-network-thread | Producer-sfd97a42fx307cx42d9x909ax0415e088370b) [Producer clientId=Producer-sfd97a42fx307cx42d9x909ax0415e088370b] Cluster ID: ewOXMZdKQImtr4eZTn3eAw
2025-08-07 12:25:46,692 INFO  [org.apa.kaf.cli.pro.int.TransactionManager] (kafka-producer-network-thread | Producer-sfd97a42fx307cx42d9x909ax0415e088370b) [Producer clientId=Producer-sfd97a42fx307cx42d9x909ax0415e088370b] ProducerId set to 39 with epoch 0
2025-08-07 12:25:47,022 INFO  [io.api.tes.ser.api.KafkaSerdesTester] (Thread-815) Sending message msb: 1754569547022
lsb: 321
 to topic sfd97a42fx307cx42d9x909ax0415e088370b
2025-08-07 12:25:47,023 INFO  [io.api.tes.ser.api.KafkaSerdesTester] (Thread-815) Sending message msb: 1754569547023
lsb: 321
 to topic sfd97a42fx307cx42d9x909ax0415e088370b
2025-08-07 12:25:47,024 INFO  [io.api.tes.ser.api.KafkaSerdesTester] (Thread-815) Sending message msb: 1754569547024
lsb: 321
 to topic sfd97a42fx307cx42d9x909ax0415e088370b
2025-08-07 12:25:47,026 INFO  [io.api.tes.ser.api.KafkaSerdesTester] (Thread-815) Sending message msb: 1754569547026
lsb: 321
 to topic sfd97a42fx307cx42d9x909ax0415e088370b
2025-08-07 12:25:47,027 INFO  [io.api.tes.ser.api.KafkaSerdesTester] (Thread-815) Sending message msb: 1754569547027
lsb: 321
 to topic sfd97a42fx307cx42d9x909ax0415e088370b
2025-08-07 12:25:47,028 INFO  [io.api.tes.ser.api.KafkaSerdesTester] (Thread-815) Sending message msb: 1754569547028
lsb: 321
 to topic sfd97a42fx307cx42d9x909ax0415e088370b
2025-08-07 12:25:47,030 INFO  [io.api.tes.ser.api.KafkaSerdesTester] (Thread-815) Sending message msb: 1754569547029
lsb: 321
 to topic sfd97a42fx307cx42d9x909ax0415e088370b
2025-08-07 12:25:47,031 INFO  [io.api.tes.ser.api.KafkaSerdesTester] (Thread-815) Sending message msb: 1754569547031
lsb: 321
 to topic sfd97a42fx307cx42d9x909ax0415e088370b
2025-08-07 12:25:47,034 INFO  [io.api.tes.ser.api.KafkaSerdesTester] (Thread-815) Sending message msb: 1754569547034
lsb: 321
 to topic sfd97a42fx307cx42d9x909ax0415e088370b
2025-08-07 12:25:47,035 INFO  [io.api.tes.ser.api.KafkaSerdesTester] (Thread-815) Produced 10 messages
2025-08-07 12:25:47,035 INFO  [org.apa.kaf.cli.pro.KafkaProducer] (Thread-815) [Producer clientId=Producer-sfd97a42fx307cx42d9x909ax0415e088370b] Closing the Kafka producer with timeoutMillis = 9223372036854775807 ms.
2025-08-07 12:25:47,037 INFO  [org.apa.kaf.com.met.Metrics] (Thread-815) Metrics scheduler closed
2025-08-07 12:25:47,037 INFO  [org.apa.kaf.com.met.Metrics] (Thread-815) Closing reporter org.apache.kafka.common.metrics.JmxReporter
2025-08-07 12:25:47,037 INFO  [org.apa.kaf.com.met.Metrics] (Thread-815) Closing reporter org.apache.kafka.common.telemetry.internals.ClientTelemetryReporter
2025-08-07 12:25:47,037 INFO  [org.apa.kaf.com.met.Metrics] (Thread-815) Metrics reporters closed
2025-08-07 12:25:47,037 INFO  [org.apa.kaf.com.uti.AppInfoParser] (Thread-815) App info kafka.producer for Producer-sfd97a42fx307cx42d9x909ax0415e088370b unregistered
**** Registry Base URL: http://registry-app-pg17.apps.ci419.apicurio-testing.org:80
2025-08-07 12:25:47,037 INFO  [org.apa.kaf.cli.con.ConsumerConfig] (main) ConsumerConfig values: 
	allow.auto.create.topics = true
	auto.commit.interval.ms = 500
	auto.include.jmx.reporter = true
	auto.offset.reset = earliest
	bootstrap.servers = [PLAINTEXT://localhost:32769]
	check.crcs = true
	client.dns.lookup = use_all_dns_ips
	client.id = consumer-Consumer-sfd97a42fx307cx42d9x909ax0415e088370b-28
	client.rack = 
	connections.max.idle.ms = 10000
	default.api.timeout.ms = 60000
	enable.auto.commit = true
	enable.metrics.push = true
	exclude.internal.topics = true
	fetch.max.bytes = 52428800
	fetch.max.wait.ms = 500
	fetch.min.bytes = 1
	group.id = Consumer-sfd97a42fx307cx42d9x909ax0415e088370b
	group.instance.id = null
	group.protocol = classic
	group.remote.assignor = null
	heartbeat.interval.ms = 3000
	interceptor.classes = []
	internal.leave.group.on.close = true
	internal.throw.on.fetch.stable.offset.unsupported = false
	isolation.level = read_uncommitted
	key.deserializer = class org.apache.kafka.common.serialization.StringDeserializer
	max.partition.fetch.bytes = 1048576
	max.poll.interval.ms = 300000
	max.poll.records = 500
	metadata.max.age.ms = 300000
	metadata.recovery.strategy = none
	metric.reporters = []
	metrics.num.samples = 2
	metrics.recording.level = INFO
	metrics.sample.window.ms = 30000
	partition.assignment.strategy = [class org.apache.kafka.clients.consumer.RangeAssignor, class org.apache.kafka.clients.consumer.CooperativeStickyAssignor]
	receive.buffer.bytes = 65536
	reconnect.backoff.max.ms = 1000
	reconnect.backoff.ms = 50
	request.timeout.ms = 5000
	retry.backoff.max.ms = 1000
	retry.backoff.ms = 100
	sasl.client.callback.handler.class = null
	sasl.jaas.config = null
	sasl.kerberos.kinit.cmd = /usr/bin/kinit
	sasl.kerberos.min.time.before.relogin = 60000
	sasl.kerberos.service.name = null
	sasl.kerberos.ticket.renew.jitter = 0.05
	sasl.kerberos.ticket.renew.window.factor = 0.8
	sasl.login.callback.handler.class = null
	sasl.login.class = null
	sasl.login.connect.timeout.ms = null
	sasl.login.read.timeout.ms = null
	sasl.login.refresh.buffer.seconds = 300
	sasl.login.refresh.min.period.seconds = 60
	sasl.login.refresh.window.factor = 0.8
	sasl.login.refresh.window.jitter = 0.05
	sasl.login.retry.backoff.max.ms = 10000
	sasl.login.retry.backoff.ms = 100
	sasl.mechanism = GSSAPI
	sasl.oauthbearer.clock.skew.seconds = 30
	sasl.oauthbearer.expected.audience = null
	sasl.oauthbearer.expected.issuer = null
	sasl.oauthbearer.header.urlencode = false
	sasl.oauthbearer.jwks.endpoint.refresh.ms = 3600000
	sasl.oauthbearer.jwks.endpoint.retry.backoff.max.ms = 10000
	sasl.oauthbearer.jwks.endpoint.retry.backoff.ms = 100
	sasl.oauthbearer.jwks.endpoint.url = null
	sasl.oauthbearer.scope.claim.name = scope
	sasl.oauthbearer.sub.claim.name = sub
	sasl.oauthbearer.token.endpoint.url = null
	security.protocol = PLAINTEXT
	security.providers = null
	send.buffer.bytes = 131072
	session.timeout.ms = 45000
	socket.connection.setup.timeout.max.ms = 30000
	socket.connection.setup.timeout.ms = 10000
	ssl.cipher.suites = null
	ssl.enabled.protocols = [TLSv1.2, TLSv1.3]
	ssl.endpoint.identification.algorithm = https
	ssl.engine.factory.class = null
	ssl.key.password = null
	ssl.keymanager.algorithm = SunX509
	ssl.keystore.certificate.chain = null
	ssl.keystore.key = null
	ssl.keystore.location = null
	ssl.keystore.password = null
	ssl.keystore.type = JKS
	ssl.protocol = TLSv1.3
	ssl.provider = null
	ssl.secure.random.implementation = null
	ssl.trustmanager.algorithm = PKIX
	ssl.truststore.certificates = null
	ssl.truststore.location = null
	ssl.truststore.password = null
	ssl.truststore.type = JKS
	value.deserializer = class io.apicurio.registry.serde.protobuf.ProtobufKafkaDeserializer

2025-08-07 12:25:47,038 INFO  [org.apa.kaf.com.tel.int.KafkaMetricsCollector] (main) initializing Kafka metrics collector
2025-08-07 12:25:47,042 INFO  [org.apa.kaf.cli.con.ConsumerConfig] (main) These configurations '[apicurio.registry.url, apicurio.registry.headers.enabled]' were supplied but are not used yet.
2025-08-07 12:25:47,042 INFO  [org.apa.kaf.com.uti.AppInfoParser] (main) Kafka version: 3.9.1
2025-08-07 12:25:47,042 INFO  [org.apa.kaf.com.uti.AppInfoParser] (main) Kafka commitId: f745dfdcee2b9851
2025-08-07 12:25:47,042 INFO  [org.apa.kaf.com.uti.AppInfoParser] (main) Kafka startTimeMs: 1754569547042
2025-08-07 12:25:47,043 INFO  [org.apa.kaf.cli.con.int.ClassicKafkaConsumer] (Thread-818) [Consumer clientId=consumer-Consumer-sfd97a42fx307cx42d9x909ax0415e088370b-28, groupId=Consumer-sfd97a42fx307cx42d9x909ax0415e088370b] Subscribed to topic(s): sfd97a42fx307cx42d9x909ax0415e088370b
2025-08-07 12:25:47,046 INFO  [org.apa.kaf.cli.Metadata] (Thread-818) [Consumer clientId=consumer-Consumer-sfd97a42fx307cx42d9x909ax0415e088370b-28, groupId=Consumer-sfd97a42fx307cx42d9x909ax0415e088370b] Cluster ID: ewOXMZdKQImtr4eZTn3eAw
2025-08-07 12:25:47,047 INFO  [org.apa.kaf.cli.con.int.ConsumerCoordinator] (Thread-818) [Consumer clientId=consumer-Consumer-sfd97a42fx307cx42d9x909ax0415e088370b-28, groupId=Consumer-sfd97a42fx307cx42d9x909ax0415e088370b] Discovered group coordinator localhost:32769 (id: 2147483647 rack: null)
2025-08-07 12:25:47,048 INFO  [org.apa.kaf.cli.con.int.ConsumerCoordinator] (Thread-818) [Consumer clientId=consumer-Consumer-sfd97a42fx307cx42d9x909ax0415e088370b-28, groupId=Consumer-sfd97a42fx307cx42d9x909ax0415e088370b] (Re-)joining group
2025-08-07 12:25:47,050 INFO  [org.apa.kaf.cli.con.int.ConsumerCoordinator] (Thread-818) [Consumer clientId=consumer-Consumer-sfd97a42fx307cx42d9x909ax0415e088370b-28, groupId=Consumer-sfd97a42fx307cx42d9x909ax0415e088370b] Request joining group due to: need to re-join with the given member-id: consumer-Consumer-sfd97a42fx307cx42d9x909ax0415e088370b-28-563144a6-c6a5-436f-bc43-45a011c78c20
2025-08-07 12:25:47,050 INFO  [org.apa.kaf.cli.con.int.ConsumerCoordinator] (Thread-818) [Consumer clientId=consumer-Consumer-sfd97a42fx307cx42d9x909ax0415e088370b-28, groupId=Consumer-sfd97a42fx307cx42d9x909ax0415e088370b] (Re-)joining group
2025-08-07 12:25:48,043 INFO  [io.api.tes.ser.api.KafkaSerdesTester] (Thread-818) None found
2025-08-07 12:25:49,044 INFO  [io.api.tes.ser.api.KafkaSerdesTester] (Thread-818) None found
2025-08-07 12:25:50,044 INFO  [io.api.tes.ser.api.KafkaSerdesTester] (Thread-818) None found
2025-08-07 12:25:50,052 INFO  [org.apa.kaf.cli.con.int.ConsumerCoordinator] (Thread-818) [Consumer clientId=consumer-Consumer-sfd97a42fx307cx42d9x909ax0415e088370b-28, groupId=Consumer-sfd97a42fx307cx42d9x909ax0415e088370b] Successfully joined group with generation Generation{generationId=9, memberId='consumer-Consumer-sfd97a42fx307cx42d9x909ax0415e088370b-28-563144a6-c6a5-436f-bc43-45a011c78c20', protocol='range'}
2025-08-07 12:25:50,053 INFO  [org.apa.kaf.cli.con.int.ConsumerCoordinator] (Thread-818) [Consumer clientId=consumer-Consumer-sfd97a42fx307cx42d9x909ax0415e088370b-28, groupId=Consumer-sfd97a42fx307cx42d9x909ax0415e088370b] Finished assignment for group at generation 9: {consumer-Consumer-sfd97a42fx307cx42d9x909ax0415e088370b-28-563144a6-c6a5-436f-bc43-45a011c78c20=Assignment(partitions=[sfd97a42fx307cx42d9x909ax0415e088370b-0])}
2025-08-07 12:25:50,059 INFO  [org.apa.kaf.cli.con.int.ConsumerCoordinator] (Thread-818) [Consumer clientId=consumer-Consumer-sfd97a42fx307cx42d9x909ax0415e088370b-28, groupId=Consumer-sfd97a42fx307cx42d9x909ax0415e088370b] Successfully synced group in generation Generation{generationId=9, memberId='consumer-Consumer-sfd97a42fx307cx42d9x909ax0415e088370b-28-563144a6-c6a5-436f-bc43-45a011c78c20', protocol='range'}
2025-08-07 12:25:50,059 INFO  [org.apa.kaf.cli.con.int.ConsumerCoordinator] (Thread-818) [Consumer clientId=consumer-Consumer-sfd97a42fx307cx42d9x909ax0415e088370b-28, groupId=Consumer-sfd97a42fx307cx42d9x909ax0415e088370b] Notifying assignor about the new Assignment(partitions=[sfd97a42fx307cx42d9x909ax0415e088370b-0])
2025-08-07 12:25:50,059 INFO  [org.apa.kaf.cli.con.int.ConsumerRebalanceListenerInvoker] (Thread-818) [Consumer clientId=consumer-Consumer-sfd97a42fx307cx42d9x909ax0415e088370b-28, groupId=Consumer-sfd97a42fx307cx42d9x909ax0415e088370b] Adding newly assigned partitions: sfd97a42fx307cx42d9x909ax0415e088370b-0
2025-08-07 12:25:50,060 INFO  [org.apa.kaf.cli.con.int.ConsumerUtils] (Thread-818) Setting offset for partition sfd97a42fx307cx42d9x909ax0415e088370b-0 to the committed offset FetchPosition{offset=40, offsetEpoch=Optional[0], currentLeader=LeaderAndEpoch{leader=Optional[localhost:32769 (id: 0 rack: null)], epoch=0}}
2025-08-07 12:25:50,306 INFO  [io.api.tes.ser.api.KafkaSerdesTester] (Thread-818) sfd97a42fx307cx42d9x909ax0415e088370b 0 40 msb: 1754569546689
lsb: 321

2025-08-07 12:25:50,306 INFO  [io.api.tes.ser.api.KafkaSerdesTester] (Thread-818) sfd97a42fx307cx42d9x909ax0415e088370b 0 41 msb: 1754569547022
lsb: 321

2025-08-07 12:25:50,306 INFO  [io.api.tes.ser.api.KafkaSerdesTester] (Thread-818) sfd97a42fx307cx42d9x909ax0415e088370b 0 42 msb: 1754569547023
lsb: 321

2025-08-07 12:25:50,306 INFO  [io.api.tes.ser.api.KafkaSerdesTester] (Thread-818) sfd97a42fx307cx42d9x909ax0415e088370b 0 43 msb: 1754569547024
lsb: 321

2025-08-07 12:25:50,306 INFO  [io.api.tes.ser.api.KafkaSerdesTester] (Thread-818) sfd97a42fx307cx42d9x909ax0415e088370b 0 44 msb: 1754569547026
lsb: 321

2025-08-07 12:25:50,306 INFO  [io.api.tes.ser.api.KafkaSerdesTester] (Thread-818) sfd97a42fx307cx42d9x909ax0415e088370b 0 45 msb: 1754569547027
lsb: 321

2025-08-07 12:25:50,306 INFO  [io.api.tes.ser.api.KafkaSerdesTester] (Thread-818) sfd97a42fx307cx42d9x909ax0415e088370b 0 46 msb: 1754569547028
lsb: 321

2025-08-07 12:25:50,306 INFO  [io.api.tes.ser.api.KafkaSerdesTester] (Thread-818) sfd97a42fx307cx42d9x909ax0415e088370b 0 47 msb: 1754569547029
lsb: 321

2025-08-07 12:25:50,306 INFO  [io.api.tes.ser.api.KafkaSerdesTester] (Thread-818) sfd97a42fx307cx42d9x909ax0415e088370b 0 48 msb: 1754569547031
lsb: 321

2025-08-07 12:25:50,306 INFO  [io.api.tes.ser.api.KafkaSerdesTester] (Thread-818) sfd97a42fx307cx42d9x909ax0415e088370b 0 49 msb: 1754569547034
lsb: 321

2025-08-07 12:25:50,306 INFO  [io.api.tes.ser.api.KafkaSerdesTester] (Thread-818) Consumed 10 messages
2025-08-07 12:25:50,313 INFO  [org.apa.kaf.cli.con.int.ConsumerRebalanceListenerInvoker] (Thread-818) [Consumer clientId=consumer-Consumer-sfd97a42fx307cx42d9x909ax0415e088370b-28, groupId=Consumer-sfd97a42fx307cx42d9x909ax0415e088370b] Revoke previously assigned partitions sfd97a42fx307cx42d9x909ax0415e088370b-0
2025-08-07 12:25:50,313 INFO  [org.apa.kaf.cli.con.int.ConsumerCoordinator] (Thread-818) [Consumer clientId=consumer-Consumer-sfd97a42fx307cx42d9x909ax0415e088370b-28, groupId=Consumer-sfd97a42fx307cx42d9x909ax0415e088370b] Member consumer-Consumer-sfd97a42fx307cx42d9x909ax0415e088370b-28-563144a6-c6a5-436f-bc43-45a011c78c20 sending LeaveGroup request to coordinator localhost:32769 (id: 2147483647 rack: null) due to the consumer is being closed
2025-08-07 12:25:50,313 INFO  [org.apa.kaf.cli.con.int.ConsumerCoordinator] (Thread-818) [Consumer clientId=consumer-Consumer-sfd97a42fx307cx42d9x909ax0415e088370b-28, groupId=Consumer-sfd97a42fx307cx42d9x909ax0415e088370b] Resetting generation and member id due to: consumer pro-actively leaving the group
2025-08-07 12:25:50,313 INFO  [org.apa.kaf.cli.con.int.ConsumerCoordinator] (Thread-818) [Consumer clientId=consumer-Consumer-sfd97a42fx307cx42d9x909ax0415e088370b-28, groupId=Consumer-sfd97a42fx307cx42d9x909ax0415e088370b] Request joining group due to: consumer pro-actively leaving the group
2025-08-07 12:25:50,808 INFO  [org.apa.kaf.com.met.Metrics] (Thread-818) Metrics scheduler closed
2025-08-07 12:25:50,808 INFO  [org.apa.kaf.com.met.Metrics] (Thread-818) Closing reporter org.apache.kafka.common.metrics.JmxReporter
2025-08-07 12:25:50,808 INFO  [org.apa.kaf.com.met.Metrics] (Thread-818) Closing reporter org.apache.kafka.common.telemetry.internals.ClientTelemetryReporter
2025-08-07 12:25:50,808 INFO  [org.apa.kaf.com.met.Metrics] (Thread-818) Metrics reporters closed
2025-08-07 12:25:50,810 INFO  [org.apa.kaf.com.uti.AppInfoParser] (Thread-818) App info kafka.consumer for consumer-Consumer-sfd97a42fx307cx42d9x909ax0415e088370b-28 unregistered
2025-08-07 12:25:50,811 INFO  [io.api.tes.uti.TestSeparator] (main) io.apicurio.tests.serdes.apicurio.ProtobufSerdeIT.testValidation-FINISHED
2025-08-07 12:25:50,811 INFO  [io.api.tes.uti.TestSeparator] (main) ############################################################################
Test passed: testValidation
]]></system-out>
  </testcase>
  <testcase name="testArtifactNotFound" classname="io.apicurio.tests.serdes.apicurio.ProtobufSerdeIT" time="0.003">
    <system-out><![CDATA[2025-08-07 12:25:50,813 INFO  [io.api.tes.uti.TestSeparator] (main) ############################################################################
2025-08-07 12:25:50,813 INFO  [io.api.tes.uti.TestSeparator] (main) io.apicurio.tests.serdes.apicurio.ProtobufSerdeIT.testArtifactNotFound-STARTED
2025-08-07 12:25:50,814 INFO  [io.api.tes.uti.TestSeparator] (main) io.apicurio.tests.serdes.apicurio.ProtobufSerdeIT.testArtifactNotFound-FINISHED
2025-08-07 12:25:50,814 INFO  [io.api.tes.uti.TestSeparator] (main) ############################################################################
Test passed: testArtifactNotFound
]]></system-out>
  </testcase>
  <testcase name="testTopicIdStrategyFindLatest" classname="io.apicurio.tests.serdes.apicurio.ProtobufSerdeIT" time="1.298">
    <system-out><![CDATA[2025-08-07 12:25:50,815 INFO  [io.api.tes.uti.TestSeparator] (main) ############################################################################
2025-08-07 12:25:50,815 INFO  [io.api.tes.uti.TestSeparator] (main) io.apicurio.tests.serdes.apicurio.ProtobufSerdeIT.testTopicIdStrategyFindLatest-STARTED
2025-08-07 12:25:52,111 INFO  [io.api.tes.uti.TestSeparator] (main) io.apicurio.tests.serdes.apicurio.ProtobufSerdeIT.testTopicIdStrategyFindLatest-FINISHED
2025-08-07 12:25:52,111 INFO  [io.api.tes.uti.TestSeparator] (main) ############################################################################
Test passed: testTopicIdStrategyFindLatest
]]></system-out>
  </testcase>
  <testcase name="testWrongSchemaFindLatest" classname="io.apicurio.tests.serdes.apicurio.ProtobufSerdeIT" time="1.204">
    <system-out><![CDATA[2025-08-07 12:25:52,113 INFO  [io.api.tes.uti.TestSeparator] (main) ############################################################################
2025-08-07 12:25:52,113 INFO  [io.api.tes.uti.TestSeparator] (main) io.apicurio.tests.serdes.apicurio.ProtobufSerdeIT.testWrongSchemaFindLatest-STARTED
2025-08-07 12:25:53,316 INFO  [io.api.tes.uti.TestSeparator] (main) io.apicurio.tests.serdes.apicurio.ProtobufSerdeIT.testWrongSchemaFindLatest-FINISHED
2025-08-07 12:25:53,316 INFO  [io.api.tes.uti.TestSeparator] (main) ############################################################################
Test passed: testWrongSchemaFindLatest
]]></system-out>
  </testcase>
  <testcase name="testAutoRegisterDeriveClassProtobufType" classname="io.apicurio.tests.serdes.apicurio.ProtobufSerdeIT" time="5.673">
    <system-out><![CDATA[2025-08-07 12:25:53,317 INFO  [io.api.tes.uti.TestSeparator] (main) ############################################################################
2025-08-07 12:25:53,318 INFO  [io.api.tes.uti.TestSeparator] (main) io.apicurio.tests.serdes.apicurio.ProtobufSerdeIT.testAutoRegisterDeriveClassProtobufType-STARTED
**** Registry Base URL: http://registry-app-pg17.apps.ci419.apicurio-testing.org:80
2025-08-07 12:25:53,319 INFO  [org.apa.kaf.cli.pro.ProducerConfig] (main) ProducerConfig values: 
	acks = -1
	auto.include.jmx.reporter = true
	batch.size = 16384
	bootstrap.servers = [PLAINTEXT://localhost:32769]
	buffer.memory = 33554432
	client.dns.lookup = use_all_dns_ips
	client.id = Producer-topic-d0d6cac0_53b5_49c9_aafd_0f580bc83060
	compression.gzip.level = -1
	compression.lz4.level = 9
	compression.type = none
	compression.zstd.level = 3
	connections.max.idle.ms = 10000
	delivery.timeout.ms = 120000
	enable.idempotence = true
	enable.metrics.push = true
	interceptor.classes = []
	key.serializer = class org.apache.kafka.common.serialization.StringSerializer
	linger.ms = 0
	max.block.ms = 60000
	max.in.flight.requests.per.connection = 5
	max.request.size = 1048576
	metadata.max.age.ms = 300000
	metadata.max.idle.ms = 300000
	metadata.recovery.strategy = none
	metric.reporters = []
	metrics.num.samples = 2
	metrics.recording.level = INFO
	metrics.sample.window.ms = 30000
	partitioner.adaptive.partitioning.enable = true
	partitioner.availability.timeout.ms = 0
	partitioner.class = null
	partitioner.ignore.keys = false
	receive.buffer.bytes = 32768
	reconnect.backoff.max.ms = 1000
	reconnect.backoff.ms = 50
	request.timeout.ms = 5000
	retries = 2147483647
	retry.backoff.max.ms = 1000
	retry.backoff.ms = 100
	sasl.client.callback.handler.class = null
	sasl.jaas.config = null
	sasl.kerberos.kinit.cmd = /usr/bin/kinit
	sasl.kerberos.min.time.before.relogin = 60000
	sasl.kerberos.service.name = null
	sasl.kerberos.ticket.renew.jitter = 0.05
	sasl.kerberos.ticket.renew.window.factor = 0.8
	sasl.login.callback.handler.class = null
	sasl.login.class = null
	sasl.login.connect.timeout.ms = null
	sasl.login.read.timeout.ms = null
	sasl.login.refresh.buffer.seconds = 300
	sasl.login.refresh.min.period.seconds = 60
	sasl.login.refresh.window.factor = 0.8
	sasl.login.refresh.window.jitter = 0.05
	sasl.login.retry.backoff.max.ms = 10000
	sasl.login.retry.backoff.ms = 100
	sasl.mechanism = GSSAPI
	sasl.oauthbearer.clock.skew.seconds = 30
	sasl.oauthbearer.expected.audience = null
	sasl.oauthbearer.expected.issuer = null
	sasl.oauthbearer.header.urlencode = false
	sasl.oauthbearer.jwks.endpoint.refresh.ms = 3600000
	sasl.oauthbearer.jwks.endpoint.retry.backoff.max.ms = 10000
	sasl.oauthbearer.jwks.endpoint.retry.backoff.ms = 100
	sasl.oauthbearer.jwks.endpoint.url = null
	sasl.oauthbearer.scope.claim.name = scope
	sasl.oauthbearer.sub.claim.name = sub
	sasl.oauthbearer.token.endpoint.url = null
	security.protocol = PLAINTEXT
	security.providers = null
	send.buffer.bytes = 131072
	socket.connection.setup.timeout.max.ms = 30000
	socket.connection.setup.timeout.ms = 10000
	ssl.cipher.suites = null
	ssl.enabled.protocols = [TLSv1.2, TLSv1.3]
	ssl.endpoint.identification.algorithm = https
	ssl.engine.factory.class = null
	ssl.key.password = null
	ssl.keymanager.algorithm = SunX509
	ssl.keystore.certificate.chain = null
	ssl.keystore.key = null
	ssl.keystore.location = null
	ssl.keystore.password = null
	ssl.keystore.type = JKS
	ssl.protocol = TLSv1.3
	ssl.provider = null
	ssl.secure.random.implementation = null
	ssl.trustmanager.algorithm = PKIX
	ssl.truststore.certificates = null
	ssl.truststore.location = null
	ssl.truststore.password = null
	ssl.truststore.type = JKS
	transaction.timeout.ms = 60000
	transactional.id = null
	value.serializer = class io.apicurio.registry.serde.protobuf.ProtobufKafkaSerializer

2025-08-07 12:25:53,320 INFO  [org.apa.kaf.com.tel.int.KafkaMetricsCollector] (main) initializing Kafka metrics collector
2025-08-07 12:25:53,324 INFO  [org.apa.kaf.cli.pro.KafkaProducer] (main) [Producer clientId=Producer-topic-d0d6cac0_53b5_49c9_aafd_0f580bc83060] Instantiated an idempotent producer.
2025-08-07 12:25:53,326 INFO  [org.apa.kaf.cli.pro.ProducerConfig] (main) These configurations '[apicurio.registry.url, apicurio.registry.auto-register, apicurio.registry.artifact-resolver-strategy]' were supplied but are not used yet.
2025-08-07 12:25:53,326 INFO  [org.apa.kaf.com.uti.AppInfoParser] (main) Kafka version: 3.9.1
2025-08-07 12:25:53,326 INFO  [org.apa.kaf.com.uti.AppInfoParser] (main) Kafka commitId: f745dfdcee2b9851
2025-08-07 12:25:53,326 INFO  [org.apa.kaf.com.uti.AppInfoParser] (main) Kafka startTimeMs: 1754569553326
2025-08-07 12:25:53,326 INFO  [io.api.tes.ser.api.SimpleSerdesTesterBuilder$SimpleSerdesTester] (main) Using producer configuration: {apicurio.registry.url=http://registry-app-pg17.apps.ci419.apicurio-testing.org:80/apis/registry/v3, apicurio.registry.auto-register=true, apicurio.registry.artifact-resolver-strategy=io.apicurio.registry.serde.strategy.TopicIdStrategy, value.serializer=io.apicurio.registry.serde.protobuf.ProtobufKafkaSerializer, request.timeout.ms=5000, acks=all, bootstrap.servers=PLAINTEXT://localhost:32769, connections.max.idle.ms=10000, key.serializer=org.apache.kafka.common.serialization.StringSerializer, client.id=Producer-topic-d0d6cac0_53b5_49c9_aafd_0f580bc83060}
2025-08-07 12:25:53,326 INFO  [io.api.tes.ser.api.SimpleSerdesTesterBuilder$SimpleSerdesTester] (main) Using consumer configuration: {apicurio.protobuf.derive.class=true}
2025-08-07 12:25:53,328 INFO  [io.api.tes.ser.api.KafkaSerdesTester] (Thread-821) Sending message header {
  time {
  }
}
d1: 1.754569553327E12
s1: "a"
i1: 123
bi1: 1
point {
  longitude: 22.0
  latitude: 22.0
  altitude: 1.0
}
 to topic topic-d0d6cac0_53b5_49c9_aafd_0f580bc83060
2025-08-07 12:25:53,330 WARN  [org.apa.kaf.cli.NetworkClient] (kafka-producer-network-thread | Producer-topic-d0d6cac0_53b5_49c9_aafd_0f580bc83060) [Producer clientId=Producer-topic-d0d6cac0_53b5_49c9_aafd_0f580bc83060] The metadata response from the cluster reported a recoverable issue with correlation id 1 : {topic-d0d6cac0_53b5_49c9_aafd_0f580bc83060=UNKNOWN_TOPIC_OR_PARTITION}
2025-08-07 12:25:53,330 INFO  [org.apa.kaf.cli.Metadata] (kafka-producer-network-thread | Producer-topic-d0d6cac0_53b5_49c9_aafd_0f580bc83060) [Producer clientId=Producer-topic-d0d6cac0_53b5_49c9_aafd_0f580bc83060] Cluster ID: ewOXMZdKQImtr4eZTn3eAw
2025-08-07 12:25:53,330 INFO  [org.apa.kaf.cli.pro.int.TransactionManager] (kafka-producer-network-thread | Producer-topic-d0d6cac0_53b5_49c9_aafd_0f580bc83060) [Producer clientId=Producer-topic-d0d6cac0_53b5_49c9_aafd_0f580bc83060] ProducerId set to 40 with epoch 0
2025-08-07 12:25:53,758 INFO  [io.api.tes.ser.api.KafkaSerdesTester] (Thread-821) Sending message header {
  time {
  }
}
d1: 1.754569553757E12
s1: "a"
i1: 123
bi1: 1
point {
  longitude: 22.0
  latitude: 22.0
  altitude: 1.0
}
 to topic topic-d0d6cac0_53b5_49c9_aafd_0f580bc83060
2025-08-07 12:25:53,878 INFO  [io.api.tes.ser.api.KafkaSerdesTester] (Thread-821) Sending message header {
  time {
  }
}
d1: 1.754569553878E12
s1: "a"
i1: 123
bi1: 1
point {
  longitude: 22.0
  latitude: 22.0
  altitude: 1.0
}
 to topic topic-d0d6cac0_53b5_49c9_aafd_0f580bc83060
2025-08-07 12:25:53,985 INFO  [io.api.tes.ser.api.KafkaSerdesTester] (Thread-821) Sending message header {
  time {
  }
}
d1: 1.754569553985E12
s1: "a"
i1: 123
bi1: 1
point {
  longitude: 22.0
  latitude: 22.0
  altitude: 1.0
}
 to topic topic-d0d6cac0_53b5_49c9_aafd_0f580bc83060
2025-08-07 12:25:54,096 INFO  [io.api.tes.ser.api.KafkaSerdesTester] (Thread-821) Sending message header {
  time {
  }
}
d1: 1.754569554096E12
s1: "a"
i1: 123
bi1: 1
point {
  longitude: 22.0
  latitude: 22.0
  altitude: 1.0
}
 to topic topic-d0d6cac0_53b5_49c9_aafd_0f580bc83060
2025-08-07 12:25:54,203 INFO  [io.api.tes.ser.api.KafkaSerdesTester] (Thread-821) Sending message header {
  time {
  }
}
d1: 1.754569554203E12
s1: "a"
i1: 123
bi1: 1
point {
  longitude: 22.0
  latitude: 22.0
  altitude: 1.0
}
 to topic topic-d0d6cac0_53b5_49c9_aafd_0f580bc83060
2025-08-07 12:25:54,312 INFO  [io.api.tes.ser.api.KafkaSerdesTester] (Thread-821) Sending message header {
  time {
  }
}
d1: 1.754569554312E12
s1: "a"
i1: 123
bi1: 1
point {
  longitude: 22.0
  latitude: 22.0
  altitude: 1.0
}
 to topic topic-d0d6cac0_53b5_49c9_aafd_0f580bc83060
2025-08-07 12:25:54,420 INFO  [io.api.tes.ser.api.KafkaSerdesTester] (Thread-821) Sending message header {
  time {
  }
}
d1: 1.75456955442E12
s1: "a"
i1: 123
bi1: 1
point {
  longitude: 22.0
  latitude: 22.0
  altitude: 1.0
}
 to topic topic-d0d6cac0_53b5_49c9_aafd_0f580bc83060
2025-08-07 12:25:54,529 INFO  [io.api.tes.ser.api.KafkaSerdesTester] (Thread-821) Sending message header {
  time {
  }
}
d1: 1.754569554528E12
s1: "a"
i1: 123
bi1: 1
point {
  longitude: 22.0
  latitude: 22.0
  altitude: 1.0
}
 to topic topic-d0d6cac0_53b5_49c9_aafd_0f580bc83060
2025-08-07 12:25:54,636 INFO  [io.api.tes.ser.api.KafkaSerdesTester] (Thread-821) Sending message header {
  time {
  }
}
d1: 1.754569554636E12
s1: "a"
i1: 123
bi1: 1
point {
  longitude: 22.0
  latitude: 22.0
  altitude: 1.0
}
 to topic topic-d0d6cac0_53b5_49c9_aafd_0f580bc83060
2025-08-07 12:25:54,742 INFO  [io.api.tes.ser.api.KafkaSerdesTester] (Thread-821) Produced 10 messages
2025-08-07 12:25:54,743 INFO  [org.apa.kaf.cli.pro.KafkaProducer] (Thread-821) [Producer clientId=Producer-topic-d0d6cac0_53b5_49c9_aafd_0f580bc83060] Closing the Kafka producer with timeoutMillis = 9223372036854775807 ms.
2025-08-07 12:25:54,744 INFO  [org.apa.kaf.com.met.Metrics] (Thread-821) Metrics scheduler closed
2025-08-07 12:25:54,744 INFO  [org.apa.kaf.com.met.Metrics] (Thread-821) Closing reporter org.apache.kafka.common.metrics.JmxReporter
2025-08-07 12:25:54,744 INFO  [org.apa.kaf.com.met.Metrics] (Thread-821) Closing reporter org.apache.kafka.common.telemetry.internals.ClientTelemetryReporter
2025-08-07 12:25:54,744 INFO  [org.apa.kaf.com.met.Metrics] (Thread-821) Metrics reporters closed
2025-08-07 12:25:54,744 INFO  [org.apa.kaf.com.uti.AppInfoParser] (Thread-821) App info kafka.producer for Producer-topic-d0d6cac0_53b5_49c9_aafd_0f580bc83060 unregistered
**** Registry Base URL: http://registry-app-pg17.apps.ci419.apicurio-testing.org:80
2025-08-07 12:25:54,938 INFO  [org.apa.kaf.cli.con.ConsumerConfig] (main) ConsumerConfig values: 
	allow.auto.create.topics = true
	auto.commit.interval.ms = 500
	auto.include.jmx.reporter = true
	auto.offset.reset = earliest
	bootstrap.servers = [PLAINTEXT://localhost:32769]
	check.crcs = true
	client.dns.lookup = use_all_dns_ips
	client.id = consumer-Consumer-topic-d0d6cac0_53b5_49c9_aafd_0f580bc83060-29
	client.rack = 
	connections.max.idle.ms = 10000
	default.api.timeout.ms = 60000
	enable.auto.commit = true
	enable.metrics.push = true
	exclude.internal.topics = true
	fetch.max.bytes = 52428800
	fetch.max.wait.ms = 500
	fetch.min.bytes = 1
	group.id = Consumer-topic-d0d6cac0_53b5_49c9_aafd_0f580bc83060
	group.instance.id = null
	group.protocol = classic
	group.remote.assignor = null
	heartbeat.interval.ms = 3000
	interceptor.classes = []
	internal.leave.group.on.close = true
	internal.throw.on.fetch.stable.offset.unsupported = false
	isolation.level = read_uncommitted
	key.deserializer = class org.apache.kafka.common.serialization.StringDeserializer
	max.partition.fetch.bytes = 1048576
	max.poll.interval.ms = 300000
	max.poll.records = 500
	metadata.max.age.ms = 300000
	metadata.recovery.strategy = none
	metric.reporters = []
	metrics.num.samples = 2
	metrics.recording.level = INFO
	metrics.sample.window.ms = 30000
	partition.assignment.strategy = [class org.apache.kafka.clients.consumer.RangeAssignor, class org.apache.kafka.clients.consumer.CooperativeStickyAssignor]
	receive.buffer.bytes = 65536
	reconnect.backoff.max.ms = 1000
	reconnect.backoff.ms = 50
	request.timeout.ms = 5000
	retry.backoff.max.ms = 1000
	retry.backoff.ms = 100
	sasl.client.callback.handler.class = null
	sasl.jaas.config = null
	sasl.kerberos.kinit.cmd = /usr/bin/kinit
	sasl.kerberos.min.time.before.relogin = 60000
	sasl.kerberos.service.name = null
	sasl.kerberos.ticket.renew.jitter = 0.05
	sasl.kerberos.ticket.renew.window.factor = 0.8
	sasl.login.callback.handler.class = null
	sasl.login.class = null
	sasl.login.connect.timeout.ms = null
	sasl.login.read.timeout.ms = null
	sasl.login.refresh.buffer.seconds = 300
	sasl.login.refresh.min.period.seconds = 60
	sasl.login.refresh.window.factor = 0.8
	sasl.login.refresh.window.jitter = 0.05
	sasl.login.retry.backoff.max.ms = 10000
	sasl.login.retry.backoff.ms = 100
	sasl.mechanism = GSSAPI
	sasl.oauthbearer.clock.skew.seconds = 30
	sasl.oauthbearer.expected.audience = null
	sasl.oauthbearer.expected.issuer = null
	sasl.oauthbearer.header.urlencode = false
	sasl.oauthbearer.jwks.endpoint.refresh.ms = 3600000
	sasl.oauthbearer.jwks.endpoint.retry.backoff.max.ms = 10000
	sasl.oauthbearer.jwks.endpoint.retry.backoff.ms = 100
	sasl.oauthbearer.jwks.endpoint.url = null
	sasl.oauthbearer.scope.claim.name = scope
	sasl.oauthbearer.sub.claim.name = sub
	sasl.oauthbearer.token.endpoint.url = null
	security.protocol = PLAINTEXT
	security.providers = null
	send.buffer.bytes = 131072
	session.timeout.ms = 45000
	socket.connection.setup.timeout.max.ms = 30000
	socket.connection.setup.timeout.ms = 10000
	ssl.cipher.suites = null
	ssl.enabled.protocols = [TLSv1.2, TLSv1.3]
	ssl.endpoint.identification.algorithm = https
	ssl.engine.factory.class = null
	ssl.key.password = null
	ssl.keymanager.algorithm = SunX509
	ssl.keystore.certificate.chain = null
	ssl.keystore.key = null
	ssl.keystore.location = null
	ssl.keystore.password = null
	ssl.keystore.type = JKS
	ssl.protocol = TLSv1.3
	ssl.provider = null
	ssl.secure.random.implementation = null
	ssl.trustmanager.algorithm = PKIX
	ssl.truststore.certificates = null
	ssl.truststore.location = null
	ssl.truststore.password = null
	ssl.truststore.type = JKS
	value.deserializer = class io.apicurio.registry.serde.protobuf.ProtobufKafkaDeserializer

2025-08-07 12:25:54,938 INFO  [org.apa.kaf.com.tel.int.KafkaMetricsCollector] (main) initializing Kafka metrics collector
2025-08-07 12:25:54,942 INFO  [org.apa.kaf.cli.con.ConsumerConfig] (main) These configurations '[apicurio.registry.url, apicurio.protobuf.derive.class]' were supplied but are not used yet.
2025-08-07 12:25:54,942 INFO  [org.apa.kaf.com.uti.AppInfoParser] (main) Kafka version: 3.9.1
2025-08-07 12:25:54,942 INFO  [org.apa.kaf.com.uti.AppInfoParser] (main) Kafka commitId: f745dfdcee2b9851
2025-08-07 12:25:54,942 INFO  [org.apa.kaf.com.uti.AppInfoParser] (main) Kafka startTimeMs: 1754569554942
2025-08-07 12:25:54,942 INFO  [org.apa.kaf.cli.con.int.ClassicKafkaConsumer] (Thread-824) [Consumer clientId=consumer-Consumer-topic-d0d6cac0_53b5_49c9_aafd_0f580bc83060-29, groupId=Consumer-topic-d0d6cac0_53b5_49c9_aafd_0f580bc83060] Subscribed to topic(s): topic-d0d6cac0_53b5_49c9_aafd_0f580bc83060
2025-08-07 12:25:54,945 INFO  [org.apa.kaf.cli.Metadata] (Thread-824) [Consumer clientId=consumer-Consumer-topic-d0d6cac0_53b5_49c9_aafd_0f580bc83060-29, groupId=Consumer-topic-d0d6cac0_53b5_49c9_aafd_0f580bc83060] Cluster ID: ewOXMZdKQImtr4eZTn3eAw
2025-08-07 12:25:54,946 INFO  [org.apa.kaf.cli.con.int.ConsumerCoordinator] (Thread-824) [Consumer clientId=consumer-Consumer-topic-d0d6cac0_53b5_49c9_aafd_0f580bc83060-29, groupId=Consumer-topic-d0d6cac0_53b5_49c9_aafd_0f580bc83060] Discovered group coordinator localhost:32769 (id: 2147483647 rack: null)
2025-08-07 12:25:54,947 INFO  [org.apa.kaf.cli.con.int.ConsumerCoordinator] (Thread-824) [Consumer clientId=consumer-Consumer-topic-d0d6cac0_53b5_49c9_aafd_0f580bc83060-29, groupId=Consumer-topic-d0d6cac0_53b5_49c9_aafd_0f580bc83060] (Re-)joining group
2025-08-07 12:25:54,949 INFO  [org.apa.kaf.cli.con.int.ConsumerCoordinator] (Thread-824) [Consumer clientId=consumer-Consumer-topic-d0d6cac0_53b5_49c9_aafd_0f580bc83060-29, groupId=Consumer-topic-d0d6cac0_53b5_49c9_aafd_0f580bc83060] Request joining group due to: need to re-join with the given member-id: consumer-Consumer-topic-d0d6cac0_53b5_49c9_aafd_0f580bc83060-29-f5480d8c-920e-4e96-9517-7073b8eacb16
2025-08-07 12:25:54,949 INFO  [org.apa.kaf.cli.con.int.ConsumerCoordinator] (Thread-824) [Consumer clientId=consumer-Consumer-topic-d0d6cac0_53b5_49c9_aafd_0f580bc83060-29, groupId=Consumer-topic-d0d6cac0_53b5_49c9_aafd_0f580bc83060] (Re-)joining group
2025-08-07 12:25:55,942 INFO  [io.api.tes.ser.api.KafkaSerdesTester] (Thread-824) None found
2025-08-07 12:25:56,943 INFO  [io.api.tes.ser.api.KafkaSerdesTester] (Thread-824) None found
2025-08-07 12:25:57,943 INFO  [io.api.tes.ser.api.KafkaSerdesTester] (Thread-824) None found
2025-08-07 12:25:57,950 INFO  [org.apa.kaf.cli.con.int.ConsumerCoordinator] (Thread-824) [Consumer clientId=consumer-Consumer-topic-d0d6cac0_53b5_49c9_aafd_0f580bc83060-29, groupId=Consumer-topic-d0d6cac0_53b5_49c9_aafd_0f580bc83060] Successfully joined group with generation Generation{generationId=1, memberId='consumer-Consumer-topic-d0d6cac0_53b5_49c9_aafd_0f580bc83060-29-f5480d8c-920e-4e96-9517-7073b8eacb16', protocol='range'}
2025-08-07 12:25:57,950 INFO  [org.apa.kaf.cli.con.int.ConsumerCoordinator] (Thread-824) [Consumer clientId=consumer-Consumer-topic-d0d6cac0_53b5_49c9_aafd_0f580bc83060-29, groupId=Consumer-topic-d0d6cac0_53b5_49c9_aafd_0f580bc83060] Finished assignment for group at generation 1: {consumer-Consumer-topic-d0d6cac0_53b5_49c9_aafd_0f580bc83060-29-f5480d8c-920e-4e96-9517-7073b8eacb16=Assignment(partitions=[topic-d0d6cac0_53b5_49c9_aafd_0f580bc83060-0])}
2025-08-07 12:25:57,957 INFO  [org.apa.kaf.cli.con.int.ConsumerCoordinator] (Thread-824) [Consumer clientId=consumer-Consumer-topic-d0d6cac0_53b5_49c9_aafd_0f580bc83060-29, groupId=Consumer-topic-d0d6cac0_53b5_49c9_aafd_0f580bc83060] Successfully synced group in generation Generation{generationId=1, memberId='consumer-Consumer-topic-d0d6cac0_53b5_49c9_aafd_0f580bc83060-29-f5480d8c-920e-4e96-9517-7073b8eacb16', protocol='range'}
2025-08-07 12:25:57,957 INFO  [org.apa.kaf.cli.con.int.ConsumerCoordinator] (Thread-824) [Consumer clientId=consumer-Consumer-topic-d0d6cac0_53b5_49c9_aafd_0f580bc83060-29, groupId=Consumer-topic-d0d6cac0_53b5_49c9_aafd_0f580bc83060] Notifying assignor about the new Assignment(partitions=[topic-d0d6cac0_53b5_49c9_aafd_0f580bc83060-0])
2025-08-07 12:25:57,957 INFO  [org.apa.kaf.cli.con.int.ConsumerRebalanceListenerInvoker] (Thread-824) [Consumer clientId=consumer-Consumer-topic-d0d6cac0_53b5_49c9_aafd_0f580bc83060-29, groupId=Consumer-topic-d0d6cac0_53b5_49c9_aafd_0f580bc83060] Adding newly assigned partitions: topic-d0d6cac0_53b5_49c9_aafd_0f580bc83060-0
2025-08-07 12:25:57,957 INFO  [org.apa.kaf.cli.con.int.ConsumerCoordinator] (Thread-824) [Consumer clientId=consumer-Consumer-topic-d0d6cac0_53b5_49c9_aafd_0f580bc83060-29, groupId=Consumer-topic-d0d6cac0_53b5_49c9_aafd_0f580bc83060] Found no committed offset for partition topic-d0d6cac0_53b5_49c9_aafd_0f580bc83060-0
2025-08-07 12:25:57,960 INFO  [org.apa.kaf.cli.con.int.SubscriptionState] (Thread-824) [Consumer clientId=consumer-Consumer-topic-d0d6cac0_53b5_49c9_aafd_0f580bc83060-29, groupId=Consumer-topic-d0d6cac0_53b5_49c9_aafd_0f580bc83060] Resetting offset for partition topic-d0d6cac0_53b5_49c9_aafd_0f580bc83060-0 to position FetchPosition{offset=0, offsetEpoch=Optional.empty, currentLeader=LeaderAndEpoch{leader=Optional[localhost:32769 (id: 0 rack: null)], epoch=0}}.
2025-08-07 12:25:58,388 INFO  [io.api.tes.ser.api.KafkaSerdesTester] (Thread-824) topic-d0d6cac0_53b5_49c9_aafd_0f580bc83060 0 0 header {
  time {
  }
}
d1: 1.754569553327E12
s1: "a"
i1: 123
bi1: 1
point {
  longitude: 22.0
  latitude: 22.0
  altitude: 1.0
}

2025-08-07 12:25:58,388 INFO  [io.api.tes.ser.api.KafkaSerdesTester] (Thread-824) topic-d0d6cac0_53b5_49c9_aafd_0f580bc83060 0 1 header {
  time {
  }
}
d1: 1.754569553757E12
s1: "a"
i1: 123
bi1: 1
point {
  longitude: 22.0
  latitude: 22.0
  altitude: 1.0
}

2025-08-07 12:25:58,388 INFO  [io.api.tes.ser.api.KafkaSerdesTester] (Thread-824) topic-d0d6cac0_53b5_49c9_aafd_0f580bc83060 0 2 header {
  time {
  }
}
d1: 1.754569553878E12
s1: "a"
i1: 123
bi1: 1
point {
  longitude: 22.0
  latitude: 22.0
  altitude: 1.0
}

2025-08-07 12:25:58,388 INFO  [io.api.tes.ser.api.KafkaSerdesTester] (Thread-824) topic-d0d6cac0_53b5_49c9_aafd_0f580bc83060 0 3 header {
  time {
  }
}
d1: 1.754569553985E12
s1: "a"
i1: 123
bi1: 1
point {
  longitude: 22.0
  latitude: 22.0
  altitude: 1.0
}

2025-08-07 12:25:58,388 INFO  [io.api.tes.ser.api.KafkaSerdesTester] (Thread-824) topic-d0d6cac0_53b5_49c9_aafd_0f580bc83060 0 4 header {
  time {
  }
}
d1: 1.754569554096E12
s1: "a"
i1: 123
bi1: 1
point {
  longitude: 22.0
  latitude: 22.0
  altitude: 1.0
}

2025-08-07 12:25:58,388 INFO  [io.api.tes.ser.api.KafkaSerdesTester] (Thread-824) topic-d0d6cac0_53b5_49c9_aafd_0f580bc83060 0 5 header {
  time {
  }
}
d1: 1.754569554203E12
s1: "a"
i1: 123
bi1: 1
point {
  longitude: 22.0
  latitude: 22.0
  altitude: 1.0
}

2025-08-07 12:25:58,388 INFO  [io.api.tes.ser.api.KafkaSerdesTester] (Thread-824) topic-d0d6cac0_53b5_49c9_aafd_0f580bc83060 0 6 header {
  time {
  }
}
d1: 1.754569554312E12
s1: "a"
i1: 123
bi1: 1
point {
  longitude: 22.0
  latitude: 22.0
  altitude: 1.0
}

2025-08-07 12:25:58,388 INFO  [io.api.tes.ser.api.KafkaSerdesTester] (Thread-824) topic-d0d6cac0_53b5_49c9_aafd_0f580bc83060 0 7 header {
  time {
  }
}
d1: 1.75456955442E12
s1: "a"
i1: 123
bi1: 1
point {
  longitude: 22.0
  latitude: 22.0
  altitude: 1.0
}

2025-08-07 12:25:58,388 INFO  [io.api.tes.ser.api.KafkaSerdesTester] (Thread-824) topic-d0d6cac0_53b5_49c9_aafd_0f580bc83060 0 8 header {
  time {
  }
}
d1: 1.754569554528E12
s1: "a"
i1: 123
bi1: 1
point {
  longitude: 22.0
  latitude: 22.0
  altitude: 1.0
}

2025-08-07 12:25:58,388 INFO  [io.api.tes.ser.api.KafkaSerdesTester] (Thread-824) topic-d0d6cac0_53b5_49c9_aafd_0f580bc83060 0 9 header {
  time {
  }
}
d1: 1.754569554636E12
s1: "a"
i1: 123
bi1: 1
point {
  longitude: 22.0
  latitude: 22.0
  altitude: 1.0
}

2025-08-07 12:25:58,388 INFO  [io.api.tes.ser.api.KafkaSerdesTester] (Thread-824) Consumed 10 messages
2025-08-07 12:25:58,397 INFO  [org.apa.kaf.cli.con.int.ConsumerRebalanceListenerInvoker] (Thread-824) [Consumer clientId=consumer-Consumer-topic-d0d6cac0_53b5_49c9_aafd_0f580bc83060-29, groupId=Consumer-topic-d0d6cac0_53b5_49c9_aafd_0f580bc83060] Revoke previously assigned partitions topic-d0d6cac0_53b5_49c9_aafd_0f580bc83060-0
2025-08-07 12:25:58,397 INFO  [org.apa.kaf.cli.con.int.ConsumerCoordinator] (Thread-824) [Consumer clientId=consumer-Consumer-topic-d0d6cac0_53b5_49c9_aafd_0f580bc83060-29, groupId=Consumer-topic-d0d6cac0_53b5_49c9_aafd_0f580bc83060] Member consumer-Consumer-topic-d0d6cac0_53b5_49c9_aafd_0f580bc83060-29-f5480d8c-920e-4e96-9517-7073b8eacb16 sending LeaveGroup request to coordinator localhost:32769 (id: 2147483647 rack: null) due to the consumer is being closed
2025-08-07 12:25:58,398 INFO  [org.apa.kaf.cli.con.int.ConsumerCoordinator] (Thread-824) [Consumer clientId=consumer-Consumer-topic-d0d6cac0_53b5_49c9_aafd_0f580bc83060-29, groupId=Consumer-topic-d0d6cac0_53b5_49c9_aafd_0f580bc83060] Resetting generation and member id due to: consumer pro-actively leaving the group
2025-08-07 12:25:58,398 INFO  [org.apa.kaf.cli.con.int.ConsumerCoordinator] (Thread-824) [Consumer clientId=consumer-Consumer-topic-d0d6cac0_53b5_49c9_aafd_0f580bc83060-29, groupId=Consumer-topic-d0d6cac0_53b5_49c9_aafd_0f580bc83060] Request joining group due to: consumer pro-actively leaving the group
2025-08-07 12:25:58,890 INFO  [org.apa.kaf.com.met.Metrics] (Thread-824) Metrics scheduler closed
2025-08-07 12:25:58,890 INFO  [org.apa.kaf.com.met.Metrics] (Thread-824) Closing reporter org.apache.kafka.common.metrics.JmxReporter
2025-08-07 12:25:58,890 INFO  [org.apa.kaf.com.met.Metrics] (Thread-824) Closing reporter org.apache.kafka.common.telemetry.internals.ClientTelemetryReporter
2025-08-07 12:25:58,890 INFO  [org.apa.kaf.com.met.Metrics] (Thread-824) Metrics reporters closed
2025-08-07 12:25:58,892 INFO  [org.apa.kaf.com.uti.AppInfoParser] (Thread-824) App info kafka.consumer for consumer-Consumer-topic-d0d6cac0_53b5_49c9_aafd_0f580bc83060-29 unregistered
2025-08-07 12:25:58,990 INFO  [io.api.tes.uti.TestSeparator] (main) io.apicurio.tests.serdes.apicurio.ProtobufSerdeIT.testAutoRegisterDeriveClassProtobufType-FINISHED
2025-08-07 12:25:58,990 INFO  [io.api.tes.uti.TestSeparator] (main) ############################################################################
Test passed: testAutoRegisterDeriveClassProtobufType
]]></system-out>
  </testcase>
  <testcase name="testConsumeReturnSpecificClass" classname="io.apicurio.tests.serdes.apicurio.ProtobufSerdeIT" time="1.207">
    <system-out><![CDATA[2025-08-07 12:25:58,991 INFO  [io.api.tes.uti.TestSeparator] (main) ############################################################################
2025-08-07 12:25:58,991 INFO  [io.api.tes.uti.TestSeparator] (main) io.apicurio.tests.serdes.apicurio.ProtobufSerdeIT.testConsumeReturnSpecificClass-STARTED
2025-08-07 12:26:00,197 INFO  [io.api.tes.uti.TestSeparator] (main) io.apicurio.tests.serdes.apicurio.ProtobufSerdeIT.testConsumeReturnSpecificClass-FINISHED
2025-08-07 12:26:00,198 INFO  [io.api.tes.uti.TestSeparator] (main) ############################################################################
Test passed: testConsumeReturnSpecificClass
]]></system-out>
  </testcase>
  <testcase name="testFindLatestSpecificProtobufType" classname="io.apicurio.tests.serdes.apicurio.ProtobufSerdeIT" time="1.21">
    <system-out><![CDATA[2025-08-07 12:26:00,199 INFO  [io.api.tes.uti.TestSeparator] (main) ############################################################################
2025-08-07 12:26:00,199 INFO  [io.api.tes.uti.TestSeparator] (main) io.apicurio.tests.serdes.apicurio.ProtobufSerdeIT.testFindLatestSpecificProtobufType-STARTED
2025-08-07 12:26:01,407 INFO  [io.api.tes.uti.TestSeparator] (main) io.apicurio.tests.serdes.apicurio.ProtobufSerdeIT.testFindLatestSpecificProtobufType-FINISHED
2025-08-07 12:26:01,408 INFO  [io.api.tes.uti.TestSeparator] (main) ############################################################################
Test passed: testFindLatestSpecificProtobufType
]]></system-out>
  </testcase>
  <testcase name="testFindLatestDynamicMessageProtobufType" classname="io.apicurio.tests.serdes.apicurio.ProtobufSerdeIT" time="5.458">
    <system-out><![CDATA[2025-08-07 12:26:01,409 INFO  [io.api.tes.uti.TestSeparator] (main) ############################################################################
2025-08-07 12:26:01,409 INFO  [io.api.tes.uti.TestSeparator] (main) io.apicurio.tests.serdes.apicurio.ProtobufSerdeIT.testFindLatestDynamicMessageProtobufType-STARTED
**** Registry Base URL: http://registry-app-pg17.apps.ci419.apicurio-testing.org:80
2025-08-07 12:26:02,611 INFO  [org.apa.kaf.cli.pro.ProducerConfig] (main) ProducerConfig values: 
	acks = -1
	auto.include.jmx.reporter = true
	batch.size = 16384
	bootstrap.servers = [PLAINTEXT://localhost:32769]
	buffer.memory = 33554432
	client.dns.lookup = use_all_dns_ips
	client.id = Producer-topic-62118e22_b878_40b1_af7f_868a455502d3
	compression.gzip.level = -1
	compression.lz4.level = 9
	compression.type = none
	compression.zstd.level = 3
	connections.max.idle.ms = 10000
	delivery.timeout.ms = 120000
	enable.idempotence = true
	enable.metrics.push = true
	interceptor.classes = []
	key.serializer = class org.apache.kafka.common.serialization.StringSerializer
	linger.ms = 0
	max.block.ms = 60000
	max.in.flight.requests.per.connection = 5
	max.request.size = 1048576
	metadata.max.age.ms = 300000
	metadata.max.idle.ms = 300000
	metadata.recovery.strategy = none
	metric.reporters = []
	metrics.num.samples = 2
	metrics.recording.level = INFO
	metrics.sample.window.ms = 30000
	partitioner.adaptive.partitioning.enable = true
	partitioner.availability.timeout.ms = 0
	partitioner.class = null
	partitioner.ignore.keys = false
	receive.buffer.bytes = 32768
	reconnect.backoff.max.ms = 1000
	reconnect.backoff.ms = 50
	request.timeout.ms = 5000
	retries = 2147483647
	retry.backoff.max.ms = 1000
	retry.backoff.ms = 100
	sasl.client.callback.handler.class = null
	sasl.jaas.config = null
	sasl.kerberos.kinit.cmd = /usr/bin/kinit
	sasl.kerberos.min.time.before.relogin = 60000
	sasl.kerberos.service.name = null
	sasl.kerberos.ticket.renew.jitter = 0.05
	sasl.kerberos.ticket.renew.window.factor = 0.8
	sasl.login.callback.handler.class = null
	sasl.login.class = null
	sasl.login.connect.timeout.ms = null
	sasl.login.read.timeout.ms = null
	sasl.login.refresh.buffer.seconds = 300
	sasl.login.refresh.min.period.seconds = 60
	sasl.login.refresh.window.factor = 0.8
	sasl.login.refresh.window.jitter = 0.05
	sasl.login.retry.backoff.max.ms = 10000
	sasl.login.retry.backoff.ms = 100
	sasl.mechanism = GSSAPI
	sasl.oauthbearer.clock.skew.seconds = 30
	sasl.oauthbearer.expected.audience = null
	sasl.oauthbearer.expected.issuer = null
	sasl.oauthbearer.header.urlencode = false
	sasl.oauthbearer.jwks.endpoint.refresh.ms = 3600000
	sasl.oauthbearer.jwks.endpoint.retry.backoff.max.ms = 10000
	sasl.oauthbearer.jwks.endpoint.retry.backoff.ms = 100
	sasl.oauthbearer.jwks.endpoint.url = null
	sasl.oauthbearer.scope.claim.name = scope
	sasl.oauthbearer.sub.claim.name = sub
	sasl.oauthbearer.token.endpoint.url = null
	security.protocol = PLAINTEXT
	security.providers = null
	send.buffer.bytes = 131072
	socket.connection.setup.timeout.max.ms = 30000
	socket.connection.setup.timeout.ms = 10000
	ssl.cipher.suites = null
	ssl.enabled.protocols = [TLSv1.2, TLSv1.3]
	ssl.endpoint.identification.algorithm = https
	ssl.engine.factory.class = null
	ssl.key.password = null
	ssl.keymanager.algorithm = SunX509
	ssl.keystore.certificate.chain = null
	ssl.keystore.key = null
	ssl.keystore.location = null
	ssl.keystore.password = null
	ssl.keystore.type = JKS
	ssl.protocol = TLSv1.3
	ssl.provider = null
	ssl.secure.random.implementation = null
	ssl.trustmanager.algorithm = PKIX
	ssl.truststore.certificates = null
	ssl.truststore.location = null
	ssl.truststore.password = null
	ssl.truststore.type = JKS
	transaction.timeout.ms = 60000
	transactional.id = null
	value.serializer = class io.apicurio.registry.serde.protobuf.ProtobufKafkaSerializer

2025-08-07 12:26:02,612 INFO  [org.apa.kaf.com.tel.int.KafkaMetricsCollector] (main) initializing Kafka metrics collector
2025-08-07 12:26:02,614 INFO  [org.apa.kaf.cli.pro.KafkaProducer] (main) [Producer clientId=Producer-topic-62118e22_b878_40b1_af7f_868a455502d3] Instantiated an idempotent producer.
2025-08-07 12:26:02,616 INFO  [org.apa.kaf.cli.pro.ProducerConfig] (main) These configurations '[apicurio.registry.find-latest, apicurio.registry.url, apicurio.registry.artifact-resolver-strategy]' were supplied but are not used yet.
2025-08-07 12:26:02,616 INFO  [org.apa.kaf.com.uti.AppInfoParser] (main) Kafka version: 3.9.1
2025-08-07 12:26:02,616 INFO  [org.apa.kaf.com.uti.AppInfoParser] (main) Kafka commitId: f745dfdcee2b9851
2025-08-07 12:26:02,616 INFO  [org.apa.kaf.com.uti.AppInfoParser] (main) Kafka startTimeMs: 1754569562616
2025-08-07 12:26:02,616 INFO  [io.api.tes.ser.api.SimpleSerdesTesterBuilder$SimpleSerdesTester] (main) Using producer configuration: {apicurio.registry.find-latest=true, apicurio.registry.url=http://registry-app-pg17.apps.ci419.apicurio-testing.org:80/apis/registry/v3, apicurio.registry.artifact-resolver-strategy=io.apicurio.registry.serde.strategy.SimpleTopicIdStrategy, value.serializer=io.apicurio.registry.serde.protobuf.ProtobufKafkaSerializer, request.timeout.ms=5000, acks=all, bootstrap.servers=PLAINTEXT://localhost:32769, connections.max.idle.ms=10000, key.serializer=org.apache.kafka.common.serialization.StringSerializer, client.id=Producer-topic-62118e22_b878_40b1_af7f_868a455502d3}
2025-08-07 12:26:02,616 INFO  [io.api.tes.ser.api.SimpleSerdesTesterBuilder$SimpleSerdesTester] (main) Using consumer configuration: {apicurio.registry.deserializer.value.return-class=com.google.protobuf.DynamicMessage}
2025-08-07 12:26:02,617 INFO  [io.api.tes.ser.api.KafkaSerdesTester] (Thread-827) Sending message header {
  time {
  }
}
d1: 1.754569562616E12
s1: "a"
i1: 123
bi1: 1
point {
  longitude: 22.0
  latitude: 22.0
  altitude: 1.0
}
 to topic topic-62118e22_b878_40b1_af7f_868a455502d3
2025-08-07 12:26:02,619 INFO  [org.apa.kaf.cli.Metadata] (kafka-producer-network-thread | Producer-topic-62118e22_b878_40b1_af7f_868a455502d3) [Producer clientId=Producer-topic-62118e22_b878_40b1_af7f_868a455502d3] Cluster ID: ewOXMZdKQImtr4eZTn3eAw
2025-08-07 12:26:02,619 INFO  [org.apa.kaf.cli.pro.int.TransactionManager] (kafka-producer-network-thread | Producer-topic-62118e22_b878_40b1_af7f_868a455502d3) [Producer clientId=Producer-topic-62118e22_b878_40b1_af7f_868a455502d3] ProducerId set to 41 with epoch 0
2025-08-07 12:26:02,984 INFO  [io.api.tes.ser.api.KafkaSerdesTester] (Thread-827) Sending message header {
  time {
  }
}
d1: 1.754569562983E12
s1: "a"
i1: 123
bi1: 1
point {
  longitude: 22.0
  latitude: 22.0
  altitude: 1.0
}
 to topic topic-62118e22_b878_40b1_af7f_868a455502d3
2025-08-07 12:26:02,985 INFO  [io.api.tes.ser.api.KafkaSerdesTester] (Thread-827) Sending message header {
  time {
  }
}
d1: 1.754569562985E12
s1: "a"
i1: 123
bi1: 1
point {
  longitude: 22.0
  latitude: 22.0
  altitude: 1.0
}
 to topic topic-62118e22_b878_40b1_af7f_868a455502d3
2025-08-07 12:26:02,988 INFO  [io.api.tes.ser.api.KafkaSerdesTester] (Thread-827) Sending message header {
  time {
  }
}
d1: 1.754569562988E12
s1: "a"
i1: 123
bi1: 1
point {
  longitude: 22.0
  latitude: 22.0
  altitude: 1.0
}
 to topic topic-62118e22_b878_40b1_af7f_868a455502d3
2025-08-07 12:26:02,992 INFO  [io.api.tes.ser.api.KafkaSerdesTester] (Thread-827) Sending message header {
  time {
  }
}
d1: 1.754569562992E12
s1: "a"
i1: 123
bi1: 1
point {
  longitude: 22.0
  latitude: 22.0
  altitude: 1.0
}
 to topic topic-62118e22_b878_40b1_af7f_868a455502d3
2025-08-07 12:26:02,995 INFO  [io.api.tes.ser.api.KafkaSerdesTester] (Thread-827) Sending message header {
  time {
  }
}
d1: 1.754569562995E12
s1: "a"
i1: 123
bi1: 1
point {
  longitude: 22.0
  latitude: 22.0
  altitude: 1.0
}
 to topic topic-62118e22_b878_40b1_af7f_868a455502d3
2025-08-07 12:26:03,000 INFO  [io.api.tes.ser.api.KafkaSerdesTester] (Thread-827) Sending message header {
  time {
  }
}
d1: 1.754569563E12
s1: "a"
i1: 123
bi1: 1
point {
  longitude: 22.0
  latitude: 22.0
  altitude: 1.0
}
 to topic topic-62118e22_b878_40b1_af7f_868a455502d3
2025-08-07 12:26:03,005 INFO  [io.api.tes.ser.api.KafkaSerdesTester] (Thread-827) Sending message header {
  time {
  }
}
d1: 1.754569563005E12
s1: "a"
i1: 123
bi1: 1
point {
  longitude: 22.0
  latitude: 22.0
  altitude: 1.0
}
 to topic topic-62118e22_b878_40b1_af7f_868a455502d3
2025-08-07 12:26:03,006 INFO  [io.api.tes.ser.api.KafkaSerdesTester] (Thread-827) Sending message header {
  time {
  }
}
d1: 1.754569563006E12
s1: "a"
i1: 123
bi1: 1
point {
  longitude: 22.0
  latitude: 22.0
  altitude: 1.0
}
 to topic topic-62118e22_b878_40b1_af7f_868a455502d3
2025-08-07 12:26:03,008 INFO  [io.api.tes.ser.api.KafkaSerdesTester] (Thread-827) Sending message header {
  time {
  }
}
d1: 1.754569563008E12
s1: "a"
i1: 123
bi1: 1
point {
  longitude: 22.0
  latitude: 22.0
  altitude: 1.0
}
 to topic topic-62118e22_b878_40b1_af7f_868a455502d3
2025-08-07 12:26:03,009 INFO  [io.api.tes.ser.api.KafkaSerdesTester] (Thread-827) Produced 10 messages
2025-08-07 12:26:03,010 INFO  [org.apa.kaf.cli.pro.KafkaProducer] (Thread-827) [Producer clientId=Producer-topic-62118e22_b878_40b1_af7f_868a455502d3] Closing the Kafka producer with timeoutMillis = 9223372036854775807 ms.
2025-08-07 12:26:03,012 INFO  [org.apa.kaf.com.met.Metrics] (Thread-827) Metrics scheduler closed
2025-08-07 12:26:03,012 INFO  [org.apa.kaf.com.met.Metrics] (Thread-827) Closing reporter org.apache.kafka.common.metrics.JmxReporter
2025-08-07 12:26:03,012 INFO  [org.apa.kaf.com.met.Metrics] (Thread-827) Closing reporter org.apache.kafka.common.telemetry.internals.ClientTelemetryReporter
2025-08-07 12:26:03,012 INFO  [org.apa.kaf.com.met.Metrics] (Thread-827) Metrics reporters closed
2025-08-07 12:26:03,012 INFO  [org.apa.kaf.com.uti.AppInfoParser] (Thread-827) App info kafka.producer for Producer-topic-62118e22_b878_40b1_af7f_868a455502d3 unregistered
**** Registry Base URL: http://registry-app-pg17.apps.ci419.apicurio-testing.org:80
2025-08-07 12:26:03,013 INFO  [org.apa.kaf.cli.con.ConsumerConfig] (main) ConsumerConfig values: 
	allow.auto.create.topics = true
	auto.commit.interval.ms = 500
	auto.include.jmx.reporter = true
	auto.offset.reset = earliest
	bootstrap.servers = [PLAINTEXT://localhost:32769]
	check.crcs = true
	client.dns.lookup = use_all_dns_ips
	client.id = consumer-Consumer-topic-62118e22_b878_40b1_af7f_868a455502d3-30
	client.rack = 
	connections.max.idle.ms = 10000
	default.api.timeout.ms = 60000
	enable.auto.commit = true
	enable.metrics.push = true
	exclude.internal.topics = true
	fetch.max.bytes = 52428800
	fetch.max.wait.ms = 500
	fetch.min.bytes = 1
	group.id = Consumer-topic-62118e22_b878_40b1_af7f_868a455502d3
	group.instance.id = null
	group.protocol = classic
	group.remote.assignor = null
	heartbeat.interval.ms = 3000
	interceptor.classes = []
	internal.leave.group.on.close = true
	internal.throw.on.fetch.stable.offset.unsupported = false
	isolation.level = read_uncommitted
	key.deserializer = class org.apache.kafka.common.serialization.StringDeserializer
	max.partition.fetch.bytes = 1048576
	max.poll.interval.ms = 300000
	max.poll.records = 500
	metadata.max.age.ms = 300000
	metadata.recovery.strategy = none
	metric.reporters = []
	metrics.num.samples = 2
	metrics.recording.level = INFO
	metrics.sample.window.ms = 30000
	partition.assignment.strategy = [class org.apache.kafka.clients.consumer.RangeAssignor, class org.apache.kafka.clients.consumer.CooperativeStickyAssignor]
	receive.buffer.bytes = 65536
	reconnect.backoff.max.ms = 1000
	reconnect.backoff.ms = 50
	request.timeout.ms = 5000
	retry.backoff.max.ms = 1000
	retry.backoff.ms = 100
	sasl.client.callback.handler.class = null
	sasl.jaas.config = null
	sasl.kerberos.kinit.cmd = /usr/bin/kinit
	sasl.kerberos.min.time.before.relogin = 60000
	sasl.kerberos.service.name = null
	sasl.kerberos.ticket.renew.jitter = 0.05
	sasl.kerberos.ticket.renew.window.factor = 0.8
	sasl.login.callback.handler.class = null
	sasl.login.class = null
	sasl.login.connect.timeout.ms = null
	sasl.login.read.timeout.ms = null
	sasl.login.refresh.buffer.seconds = 300
	sasl.login.refresh.min.period.seconds = 60
	sasl.login.refresh.window.factor = 0.8
	sasl.login.refresh.window.jitter = 0.05
	sasl.login.retry.backoff.max.ms = 10000
	sasl.login.retry.backoff.ms = 100
	sasl.mechanism = GSSAPI
	sasl.oauthbearer.clock.skew.seconds = 30
	sasl.oauthbearer.expected.audience = null
	sasl.oauthbearer.expected.issuer = null
	sasl.oauthbearer.header.urlencode = false
	sasl.oauthbearer.jwks.endpoint.refresh.ms = 3600000
	sasl.oauthbearer.jwks.endpoint.retry.backoff.max.ms = 10000
	sasl.oauthbearer.jwks.endpoint.retry.backoff.ms = 100
	sasl.oauthbearer.jwks.endpoint.url = null
	sasl.oauthbearer.scope.claim.name = scope
	sasl.oauthbearer.sub.claim.name = sub
	sasl.oauthbearer.token.endpoint.url = null
	security.protocol = PLAINTEXT
	security.providers = null
	send.buffer.bytes = 131072
	session.timeout.ms = 45000
	socket.connection.setup.timeout.max.ms = 30000
	socket.connection.setup.timeout.ms = 10000
	ssl.cipher.suites = null
	ssl.enabled.protocols = [TLSv1.2, TLSv1.3]
	ssl.endpoint.identification.algorithm = https
	ssl.engine.factory.class = null
	ssl.key.password = null
	ssl.keymanager.algorithm = SunX509
	ssl.keystore.certificate.chain = null
	ssl.keystore.key = null
	ssl.keystore.location = null
	ssl.keystore.password = null
	ssl.keystore.type = JKS
	ssl.protocol = TLSv1.3
	ssl.provider = null
	ssl.secure.random.implementation = null
	ssl.trustmanager.algorithm = PKIX
	ssl.truststore.certificates = null
	ssl.truststore.location = null
	ssl.truststore.password = null
	ssl.truststore.type = JKS
	value.deserializer = class io.apicurio.registry.serde.protobuf.ProtobufKafkaDeserializer

2025-08-07 12:26:03,014 INFO  [org.apa.kaf.com.tel.int.KafkaMetricsCollector] (main) initializing Kafka metrics collector
2025-08-07 12:26:03,025 INFO  [org.apa.kaf.cli.con.ConsumerConfig] (main) These configurations '[apicurio.registry.deserializer.value.return-class, apicurio.registry.url]' were supplied but are not used yet.
2025-08-07 12:26:03,025 INFO  [org.apa.kaf.com.uti.AppInfoParser] (main) Kafka version: 3.9.1
2025-08-07 12:26:03,025 INFO  [org.apa.kaf.com.uti.AppInfoParser] (main) Kafka commitId: f745dfdcee2b9851
2025-08-07 12:26:03,025 INFO  [org.apa.kaf.com.uti.AppInfoParser] (main) Kafka startTimeMs: 1754569563025
2025-08-07 12:26:03,025 INFO  [org.apa.kaf.cli.con.int.ClassicKafkaConsumer] (Thread-830) [Consumer clientId=consumer-Consumer-topic-62118e22_b878_40b1_af7f_868a455502d3-30, groupId=Consumer-topic-62118e22_b878_40b1_af7f_868a455502d3] Subscribed to topic(s): topic-62118e22_b878_40b1_af7f_868a455502d3
2025-08-07 12:26:03,030 INFO  [org.apa.kaf.cli.Metadata] (Thread-830) [Consumer clientId=consumer-Consumer-topic-62118e22_b878_40b1_af7f_868a455502d3-30, groupId=Consumer-topic-62118e22_b878_40b1_af7f_868a455502d3] Cluster ID: ewOXMZdKQImtr4eZTn3eAw
2025-08-07 12:26:03,031 INFO  [org.apa.kaf.cli.con.int.ConsumerCoordinator] (Thread-830) [Consumer clientId=consumer-Consumer-topic-62118e22_b878_40b1_af7f_868a455502d3-30, groupId=Consumer-topic-62118e22_b878_40b1_af7f_868a455502d3] Discovered group coordinator localhost:32769 (id: 2147483647 rack: null)
2025-08-07 12:26:03,032 INFO  [org.apa.kaf.cli.con.int.ConsumerCoordinator] (Thread-830) [Consumer clientId=consumer-Consumer-topic-62118e22_b878_40b1_af7f_868a455502d3-30, groupId=Consumer-topic-62118e22_b878_40b1_af7f_868a455502d3] (Re-)joining group
2025-08-07 12:26:03,035 INFO  [org.apa.kaf.cli.con.int.ConsumerCoordinator] (Thread-830) [Consumer clientId=consumer-Consumer-topic-62118e22_b878_40b1_af7f_868a455502d3-30, groupId=Consumer-topic-62118e22_b878_40b1_af7f_868a455502d3] Request joining group due to: need to re-join with the given member-id: consumer-Consumer-topic-62118e22_b878_40b1_af7f_868a455502d3-30-3a3478c7-e8fa-4c38-844d-93de2b6af1e7
2025-08-07 12:26:03,035 INFO  [org.apa.kaf.cli.con.int.ConsumerCoordinator] (Thread-830) [Consumer clientId=consumer-Consumer-topic-62118e22_b878_40b1_af7f_868a455502d3-30, groupId=Consumer-topic-62118e22_b878_40b1_af7f_868a455502d3] (Re-)joining group
2025-08-07 12:26:04,025 INFO  [io.api.tes.ser.api.KafkaSerdesTester] (Thread-830) None found
2025-08-07 12:26:05,026 INFO  [io.api.tes.ser.api.KafkaSerdesTester] (Thread-830) None found
2025-08-07 12:26:06,026 INFO  [io.api.tes.ser.api.KafkaSerdesTester] (Thread-830) None found
2025-08-07 12:26:06,037 INFO  [org.apa.kaf.cli.con.int.ConsumerCoordinator] (Thread-830) [Consumer clientId=consumer-Consumer-topic-62118e22_b878_40b1_af7f_868a455502d3-30, groupId=Consumer-topic-62118e22_b878_40b1_af7f_868a455502d3] Successfully joined group with generation Generation{generationId=1, memberId='consumer-Consumer-topic-62118e22_b878_40b1_af7f_868a455502d3-30-3a3478c7-e8fa-4c38-844d-93de2b6af1e7', protocol='range'}
2025-08-07 12:26:06,037 INFO  [org.apa.kaf.cli.con.int.ConsumerCoordinator] (Thread-830) [Consumer clientId=consumer-Consumer-topic-62118e22_b878_40b1_af7f_868a455502d3-30, groupId=Consumer-topic-62118e22_b878_40b1_af7f_868a455502d3] Finished assignment for group at generation 1: {consumer-Consumer-topic-62118e22_b878_40b1_af7f_868a455502d3-30-3a3478c7-e8fa-4c38-844d-93de2b6af1e7=Assignment(partitions=[topic-62118e22_b878_40b1_af7f_868a455502d3-0])}
2025-08-07 12:26:06,044 INFO  [org.apa.kaf.cli.con.int.ConsumerCoordinator] (Thread-830) [Consumer clientId=consumer-Consumer-topic-62118e22_b878_40b1_af7f_868a455502d3-30, groupId=Consumer-topic-62118e22_b878_40b1_af7f_868a455502d3] Successfully synced group in generation Generation{generationId=1, memberId='consumer-Consumer-topic-62118e22_b878_40b1_af7f_868a455502d3-30-3a3478c7-e8fa-4c38-844d-93de2b6af1e7', protocol='range'}
2025-08-07 12:26:06,044 INFO  [org.apa.kaf.cli.con.int.ConsumerCoordinator] (Thread-830) [Consumer clientId=consumer-Consumer-topic-62118e22_b878_40b1_af7f_868a455502d3-30, groupId=Consumer-topic-62118e22_b878_40b1_af7f_868a455502d3] Notifying assignor about the new Assignment(partitions=[topic-62118e22_b878_40b1_af7f_868a455502d3-0])
2025-08-07 12:26:06,044 INFO  [org.apa.kaf.cli.con.int.ConsumerRebalanceListenerInvoker] (Thread-830) [Consumer clientId=consumer-Consumer-topic-62118e22_b878_40b1_af7f_868a455502d3-30, groupId=Consumer-topic-62118e22_b878_40b1_af7f_868a455502d3] Adding newly assigned partitions: topic-62118e22_b878_40b1_af7f_868a455502d3-0
2025-08-07 12:26:06,045 INFO  [org.apa.kaf.cli.con.int.ConsumerCoordinator] (Thread-830) [Consumer clientId=consumer-Consumer-topic-62118e22_b878_40b1_af7f_868a455502d3-30, groupId=Consumer-topic-62118e22_b878_40b1_af7f_868a455502d3] Found no committed offset for partition topic-62118e22_b878_40b1_af7f_868a455502d3-0
2025-08-07 12:26:06,046 INFO  [org.apa.kaf.cli.con.int.SubscriptionState] (Thread-830) [Consumer clientId=consumer-Consumer-topic-62118e22_b878_40b1_af7f_868a455502d3-30, groupId=Consumer-topic-62118e22_b878_40b1_af7f_868a455502d3] Resetting offset for partition topic-62118e22_b878_40b1_af7f_868a455502d3-0 to position FetchPosition{offset=0, offsetEpoch=Optional.empty, currentLeader=LeaderAndEpoch{leader=Optional[localhost:32769 (id: 0 rack: null)], epoch=0}}.
2025-08-07 12:26:06,359 INFO  [io.api.tes.ser.api.KafkaSerdesTester] (Thread-830) topic-62118e22_b878_40b1_af7f_868a455502d3 0 0 header {
  time {
  }
}
d1: 1.754569562616E12
s1: "a"
i1: 123
bi1: 1
point {
  longitude: 22.0
  latitude: 22.0
  altitude: 1.0
}

2025-08-07 12:26:06,359 INFO  [io.api.tes.ser.api.KafkaSerdesTester] (Thread-830) topic-62118e22_b878_40b1_af7f_868a455502d3 0 1 header {
  time {
  }
}
d1: 1.754569562983E12
s1: "a"
i1: 123
bi1: 1
point {
  longitude: 22.0
  latitude: 22.0
  altitude: 1.0
}

2025-08-07 12:26:06,359 INFO  [io.api.tes.ser.api.KafkaSerdesTester] (Thread-830) topic-62118e22_b878_40b1_af7f_868a455502d3 0 2 header {
  time {
  }
}
d1: 1.754569562985E12
s1: "a"
i1: 123
bi1: 1
point {
  longitude: 22.0
  latitude: 22.0
  altitude: 1.0
}

2025-08-07 12:26:06,359 INFO  [io.api.tes.ser.api.KafkaSerdesTester] (Thread-830) topic-62118e22_b878_40b1_af7f_868a455502d3 0 3 header {
  time {
  }
}
d1: 1.754569562988E12
s1: "a"
i1: 123
bi1: 1
point {
  longitude: 22.0
  latitude: 22.0
  altitude: 1.0
}

2025-08-07 12:26:06,359 INFO  [io.api.tes.ser.api.KafkaSerdesTester] (Thread-830) topic-62118e22_b878_40b1_af7f_868a455502d3 0 4 header {
  time {
  }
}
d1: 1.754569562992E12
s1: "a"
i1: 123
bi1: 1
point {
  longitude: 22.0
  latitude: 22.0
  altitude: 1.0
}

2025-08-07 12:26:06,359 INFO  [io.api.tes.ser.api.KafkaSerdesTester] (Thread-830) topic-62118e22_b878_40b1_af7f_868a455502d3 0 5 header {
  time {
  }
}
d1: 1.754569562995E12
s1: "a"
i1: 123
bi1: 1
point {
  longitude: 22.0
  latitude: 22.0
  altitude: 1.0
}

2025-08-07 12:26:06,359 INFO  [io.api.tes.ser.api.KafkaSerdesTester] (Thread-830) topic-62118e22_b878_40b1_af7f_868a455502d3 0 6 header {
  time {
  }
}
d1: 1.754569563E12
s1: "a"
i1: 123
bi1: 1
point {
  longitude: 22.0
  latitude: 22.0
  altitude: 1.0
}

2025-08-07 12:26:06,359 INFO  [io.api.tes.ser.api.KafkaSerdesTester] (Thread-830) topic-62118e22_b878_40b1_af7f_868a455502d3 0 7 header {
  time {
  }
}
d1: 1.754569563005E12
s1: "a"
i1: 123
bi1: 1
point {
  longitude: 22.0
  latitude: 22.0
  altitude: 1.0
}

2025-08-07 12:26:06,359 INFO  [io.api.tes.ser.api.KafkaSerdesTester] (Thread-830) topic-62118e22_b878_40b1_af7f_868a455502d3 0 8 header {
  time {
  }
}
d1: 1.754569563006E12
s1: "a"
i1: 123
bi1: 1
point {
  longitude: 22.0
  latitude: 22.0
  altitude: 1.0
}

2025-08-07 12:26:06,359 INFO  [io.api.tes.ser.api.KafkaSerdesTester] (Thread-830) topic-62118e22_b878_40b1_af7f_868a455502d3 0 9 header {
  time {
  }
}
d1: 1.754569563008E12
s1: "a"
i1: 123
bi1: 1
point {
  longitude: 22.0
  latitude: 22.0
  altitude: 1.0
}

2025-08-07 12:26:06,359 INFO  [io.api.tes.ser.api.KafkaSerdesTester] (Thread-830) Consumed 10 messages
2025-08-07 12:26:06,372 INFO  [org.apa.kaf.cli.con.int.ConsumerRebalanceListenerInvoker] (Thread-830) [Consumer clientId=consumer-Consumer-topic-62118e22_b878_40b1_af7f_868a455502d3-30, groupId=Consumer-topic-62118e22_b878_40b1_af7f_868a455502d3] Revoke previously assigned partitions topic-62118e22_b878_40b1_af7f_868a455502d3-0
2025-08-07 12:26:06,372 INFO  [org.apa.kaf.cli.con.int.ConsumerCoordinator] (Thread-830) [Consumer clientId=consumer-Consumer-topic-62118e22_b878_40b1_af7f_868a455502d3-30, groupId=Consumer-topic-62118e22_b878_40b1_af7f_868a455502d3] Member consumer-Consumer-topic-62118e22_b878_40b1_af7f_868a455502d3-30-3a3478c7-e8fa-4c38-844d-93de2b6af1e7 sending LeaveGroup request to coordinator localhost:32769 (id: 2147483647 rack: null) due to the consumer is being closed
2025-08-07 12:26:06,372 INFO  [org.apa.kaf.cli.con.int.ConsumerCoordinator] (Thread-830) [Consumer clientId=consumer-Consumer-topic-62118e22_b878_40b1_af7f_868a455502d3-30, groupId=Consumer-topic-62118e22_b878_40b1_af7f_868a455502d3] Resetting generation and member id due to: consumer pro-actively leaving the group
2025-08-07 12:26:06,372 INFO  [org.apa.kaf.cli.con.int.ConsumerCoordinator] (Thread-830) [Consumer clientId=consumer-Consumer-topic-62118e22_b878_40b1_af7f_868a455502d3-30, groupId=Consumer-topic-62118e22_b878_40b1_af7f_868a455502d3] Request joining group due to: consumer pro-actively leaving the group
2025-08-07 12:26:06,862 INFO  [org.apa.kaf.com.met.Metrics] (Thread-830) Metrics scheduler closed
2025-08-07 12:26:06,863 INFO  [org.apa.kaf.com.met.Metrics] (Thread-830) Closing reporter org.apache.kafka.common.metrics.JmxReporter
2025-08-07 12:26:06,863 INFO  [org.apa.kaf.com.met.Metrics] (Thread-830) Closing reporter org.apache.kafka.common.telemetry.internals.ClientTelemetryReporter
2025-08-07 12:26:06,863 INFO  [org.apa.kaf.com.met.Metrics] (Thread-830) Metrics reporters closed
2025-08-07 12:26:06,864 INFO  [org.apa.kaf.com.uti.AppInfoParser] (Thread-830) App info kafka.consumer for consumer-Consumer-topic-62118e22_b878_40b1_af7f_868a455502d3-30 unregistered
2025-08-07 12:26:06,865 INFO  [io.api.tes.uti.TestSeparator] (main) io.apicurio.tests.serdes.apicurio.ProtobufSerdeIT.testFindLatestDynamicMessageProtobufType-FINISHED
2025-08-07 12:26:06,866 INFO  [io.api.tes.uti.TestSeparator] (main) ############################################################################
Test passed: testFindLatestDynamicMessageProtobufType
]]></system-out>
  </testcase>
  <testcase name="testFindLatestDeriveClassProtobufTypeSimpleTopicIdStrategy" classname="io.apicurio.tests.serdes.apicurio.ProtobufSerdeIT" time="1.206">
    <system-out><![CDATA[2025-08-07 12:26:06,867 INFO  [io.api.tes.uti.TestSeparator] (main) ############################################################################
2025-08-07 12:26:06,867 INFO  [io.api.tes.uti.TestSeparator] (main) io.apicurio.tests.serdes.apicurio.ProtobufSerdeIT.testFindLatestDeriveClassProtobufTypeSimpleTopicIdStrategy-STARTED
2025-08-07 12:26:08,072 INFO  [io.api.tes.uti.TestSeparator] (main) io.apicurio.tests.serdes.apicurio.ProtobufSerdeIT.testFindLatestDeriveClassProtobufTypeSimpleTopicIdStrategy-FINISHED
2025-08-07 12:26:08,072 INFO  [io.api.tes.uti.TestSeparator] (main) ############################################################################
Test passed: testFindLatestDeriveClassProtobufTypeSimpleTopicIdStrategy
]]></system-out>
  </testcase>
  <testcase name="testFindLatestAndUseBody" classname="io.apicurio.tests.serdes.apicurio.ProtobufSerdeIT" time="5.451">
    <system-out><![CDATA[2025-08-07 12:26:08,073 INFO  [io.api.tes.uti.TestSeparator] (main) ############################################################################
2025-08-07 12:26:08,073 INFO  [io.api.tes.uti.TestSeparator] (main) io.apicurio.tests.serdes.apicurio.ProtobufSerdeIT.testFindLatestAndUseBody-STARTED
**** Registry Base URL: http://registry-app-pg17.apps.ci419.apicurio-testing.org:80
2025-08-07 12:26:09,278 INFO  [org.apa.kaf.cli.pro.ProducerConfig] (main) ProducerConfig values: 
	acks = -1
	auto.include.jmx.reporter = true
	batch.size = 16384
	bootstrap.servers = [PLAINTEXT://localhost:32769]
	buffer.memory = 33554432
	client.dns.lookup = use_all_dns_ips
	client.id = Producer-topic-1a659f3f_d763_4e3a_bc04_c65de8fa684e
	compression.gzip.level = -1
	compression.lz4.level = 9
	compression.type = none
	compression.zstd.level = 3
	connections.max.idle.ms = 10000
	delivery.timeout.ms = 120000
	enable.idempotence = true
	enable.metrics.push = true
	interceptor.classes = []
	key.serializer = class org.apache.kafka.common.serialization.StringSerializer
	linger.ms = 0
	max.block.ms = 60000
	max.in.flight.requests.per.connection = 5
	max.request.size = 1048576
	metadata.max.age.ms = 300000
	metadata.max.idle.ms = 300000
	metadata.recovery.strategy = none
	metric.reporters = []
	metrics.num.samples = 2
	metrics.recording.level = INFO
	metrics.sample.window.ms = 30000
	partitioner.adaptive.partitioning.enable = true
	partitioner.availability.timeout.ms = 0
	partitioner.class = null
	partitioner.ignore.keys = false
	receive.buffer.bytes = 32768
	reconnect.backoff.max.ms = 1000
	reconnect.backoff.ms = 50
	request.timeout.ms = 5000
	retries = 2147483647
	retry.backoff.max.ms = 1000
	retry.backoff.ms = 100
	sasl.client.callback.handler.class = null
	sasl.jaas.config = null
	sasl.kerberos.kinit.cmd = /usr/bin/kinit
	sasl.kerberos.min.time.before.relogin = 60000
	sasl.kerberos.service.name = null
	sasl.kerberos.ticket.renew.jitter = 0.05
	sasl.kerberos.ticket.renew.window.factor = 0.8
	sasl.login.callback.handler.class = null
	sasl.login.class = null
	sasl.login.connect.timeout.ms = null
	sasl.login.read.timeout.ms = null
	sasl.login.refresh.buffer.seconds = 300
	sasl.login.refresh.min.period.seconds = 60
	sasl.login.refresh.window.factor = 0.8
	sasl.login.refresh.window.jitter = 0.05
	sasl.login.retry.backoff.max.ms = 10000
	sasl.login.retry.backoff.ms = 100
	sasl.mechanism = GSSAPI
	sasl.oauthbearer.clock.skew.seconds = 30
	sasl.oauthbearer.expected.audience = null
	sasl.oauthbearer.expected.issuer = null
	sasl.oauthbearer.header.urlencode = false
	sasl.oauthbearer.jwks.endpoint.refresh.ms = 3600000
	sasl.oauthbearer.jwks.endpoint.retry.backoff.max.ms = 10000
	sasl.oauthbearer.jwks.endpoint.retry.backoff.ms = 100
	sasl.oauthbearer.jwks.endpoint.url = null
	sasl.oauthbearer.scope.claim.name = scope
	sasl.oauthbearer.sub.claim.name = sub
	sasl.oauthbearer.token.endpoint.url = null
	security.protocol = PLAINTEXT
	security.providers = null
	send.buffer.bytes = 131072
	socket.connection.setup.timeout.max.ms = 30000
	socket.connection.setup.timeout.ms = 10000
	ssl.cipher.suites = null
	ssl.enabled.protocols = [TLSv1.2, TLSv1.3]
	ssl.endpoint.identification.algorithm = https
	ssl.engine.factory.class = null
	ssl.key.password = null
	ssl.keymanager.algorithm = SunX509
	ssl.keystore.certificate.chain = null
	ssl.keystore.key = null
	ssl.keystore.location = null
	ssl.keystore.password = null
	ssl.keystore.type = JKS
	ssl.protocol = TLSv1.3
	ssl.provider = null
	ssl.secure.random.implementation = null
	ssl.trustmanager.algorithm = PKIX
	ssl.truststore.certificates = null
	ssl.truststore.location = null
	ssl.truststore.password = null
	ssl.truststore.type = JKS
	transaction.timeout.ms = 60000
	transactional.id = null
	value.serializer = class io.apicurio.registry.serde.protobuf.ProtobufKafkaSerializer

2025-08-07 12:26:09,278 INFO  [org.apa.kaf.com.tel.int.KafkaMetricsCollector] (main) initializing Kafka metrics collector
2025-08-07 12:26:09,280 INFO  [org.apa.kaf.cli.pro.KafkaProducer] (main) [Producer clientId=Producer-topic-1a659f3f_d763_4e3a_bc04_c65de8fa684e] Instantiated an idempotent producer.
2025-08-07 12:26:09,281 INFO  [org.apa.kaf.cli.pro.ProducerConfig] (main) These configurations '[apicurio.registry.find-latest, apicurio.registry.url, apicurio.registry.artifact-resolver-strategy]' were supplied but are not used yet.
2025-08-07 12:26:09,281 INFO  [org.apa.kaf.com.uti.AppInfoParser] (main) Kafka version: 3.9.1
2025-08-07 12:26:09,281 INFO  [org.apa.kaf.com.uti.AppInfoParser] (main) Kafka commitId: f745dfdcee2b9851
2025-08-07 12:26:09,281 INFO  [org.apa.kaf.com.uti.AppInfoParser] (main) Kafka startTimeMs: 1754569569281
2025-08-07 12:26:09,282 INFO  [io.api.tes.ser.api.SimpleSerdesTesterBuilder$SimpleSerdesTester] (main) Using producer configuration: {apicurio.registry.find-latest=true, apicurio.registry.url=http://registry-app-pg17.apps.ci419.apicurio-testing.org:80/apis/registry/v3, apicurio.registry.artifact-resolver-strategy=io.apicurio.registry.serde.strategy.TopicIdStrategy, value.serializer=io.apicurio.registry.serde.protobuf.ProtobufKafkaSerializer, request.timeout.ms=5000, acks=all, bootstrap.servers=PLAINTEXT://localhost:32769, connections.max.idle.ms=10000, key.serializer=org.apache.kafka.common.serialization.StringSerializer, client.id=Producer-topic-1a659f3f_d763_4e3a_bc04_c65de8fa684e}
2025-08-07 12:26:09,282 INFO  [io.api.tes.ser.api.SimpleSerdesTesterBuilder$SimpleSerdesTester] (main) Using consumer configuration: {}
2025-08-07 12:26:09,282 INFO  [io.api.tes.ser.api.KafkaSerdesTester] (Thread-833) Sending message header {
  time {
  }
}
d1: 1.754569569282E12
s1: "a"
i1: 123
bi1: 1
point {
  longitude: 22.0
  latitude: 22.0
  altitude: 1.0
}
 to topic topic-1a659f3f_d763_4e3a_bc04_c65de8fa684e
2025-08-07 12:26:09,284 INFO  [org.apa.kaf.cli.Metadata] (kafka-producer-network-thread | Producer-topic-1a659f3f_d763_4e3a_bc04_c65de8fa684e) [Producer clientId=Producer-topic-1a659f3f_d763_4e3a_bc04_c65de8fa684e] Cluster ID: ewOXMZdKQImtr4eZTn3eAw
2025-08-07 12:26:09,285 INFO  [org.apa.kaf.cli.pro.int.TransactionManager] (kafka-producer-network-thread | Producer-topic-1a659f3f_d763_4e3a_bc04_c65de8fa684e) [Producer clientId=Producer-topic-1a659f3f_d763_4e3a_bc04_c65de8fa684e] ProducerId set to 42 with epoch 0
2025-08-07 12:26:09,648 INFO  [io.api.tes.ser.api.KafkaSerdesTester] (Thread-833) Sending message header {
  time {
  }
}
d1: 1.754569569648E12
s1: "a"
i1: 123
bi1: 1
point {
  longitude: 22.0
  latitude: 22.0
  altitude: 1.0
}
 to topic topic-1a659f3f_d763_4e3a_bc04_c65de8fa684e
2025-08-07 12:26:09,651 INFO  [io.api.tes.ser.api.KafkaSerdesTester] (Thread-833) Sending message header {
  time {
  }
}
d1: 1.754569569651E12
s1: "a"
i1: 123
bi1: 1
point {
  longitude: 22.0
  latitude: 22.0
  altitude: 1.0
}
 to topic topic-1a659f3f_d763_4e3a_bc04_c65de8fa684e
2025-08-07 12:26:09,652 INFO  [io.api.tes.ser.api.KafkaSerdesTester] (Thread-833) Sending message header {
  time {
  }
}
d1: 1.754569569652E12
s1: "a"
i1: 123
bi1: 1
point {
  longitude: 22.0
  latitude: 22.0
  altitude: 1.0
}
 to topic topic-1a659f3f_d763_4e3a_bc04_c65de8fa684e
2025-08-07 12:26:09,654 INFO  [io.api.tes.ser.api.KafkaSerdesTester] (Thread-833) Sending message header {
  time {
  }
}
d1: 1.754569569654E12
s1: "a"
i1: 123
bi1: 1
point {
  longitude: 22.0
  latitude: 22.0
  altitude: 1.0
}
 to topic topic-1a659f3f_d763_4e3a_bc04_c65de8fa684e
2025-08-07 12:26:09,656 INFO  [io.api.tes.ser.api.KafkaSerdesTester] (Thread-833) Sending message header {
  time {
  }
}
d1: 1.754569569656E12
s1: "a"
i1: 123
bi1: 1
point {
  longitude: 22.0
  latitude: 22.0
  altitude: 1.0
}
 to topic topic-1a659f3f_d763_4e3a_bc04_c65de8fa684e
2025-08-07 12:26:09,658 INFO  [io.api.tes.ser.api.KafkaSerdesTester] (Thread-833) Sending message header {
  time {
  }
}
d1: 1.754569569657E12
s1: "a"
i1: 123
bi1: 1
point {
  longitude: 22.0
  latitude: 22.0
  altitude: 1.0
}
 to topic topic-1a659f3f_d763_4e3a_bc04_c65de8fa684e
2025-08-07 12:26:09,659 INFO  [io.api.tes.ser.api.KafkaSerdesTester] (Thread-833) Sending message header {
  time {
  }
}
d1: 1.754569569659E12
s1: "a"
i1: 123
bi1: 1
point {
  longitude: 22.0
  latitude: 22.0
  altitude: 1.0
}
 to topic topic-1a659f3f_d763_4e3a_bc04_c65de8fa684e
2025-08-07 12:26:09,662 INFO  [io.api.tes.ser.api.KafkaSerdesTester] (Thread-833) Sending message header {
  time {
  }
}
d1: 1.754569569662E12
s1: "a"
i1: 123
bi1: 1
point {
  longitude: 22.0
  latitude: 22.0
  altitude: 1.0
}
 to topic topic-1a659f3f_d763_4e3a_bc04_c65de8fa684e
2025-08-07 12:26:09,666 INFO  [io.api.tes.ser.api.KafkaSerdesTester] (Thread-833) Sending message header {
  time {
  }
}
d1: 1.754569569664E12
s1: "a"
i1: 123
bi1: 1
point {
  longitude: 22.0
  latitude: 22.0
  altitude: 1.0
}
 to topic topic-1a659f3f_d763_4e3a_bc04_c65de8fa684e
2025-08-07 12:26:09,668 INFO  [io.api.tes.ser.api.KafkaSerdesTester] (Thread-833) Produced 10 messages
2025-08-07 12:26:09,668 INFO  [org.apa.kaf.cli.pro.KafkaProducer] (Thread-833) [Producer clientId=Producer-topic-1a659f3f_d763_4e3a_bc04_c65de8fa684e] Closing the Kafka producer with timeoutMillis = 9223372036854775807 ms.
2025-08-07 12:26:09,673 INFO  [org.apa.kaf.com.met.Metrics] (Thread-833) Metrics scheduler closed
2025-08-07 12:26:09,673 INFO  [org.apa.kaf.com.met.Metrics] (Thread-833) Closing reporter org.apache.kafka.common.metrics.JmxReporter
2025-08-07 12:26:09,673 INFO  [org.apa.kaf.com.met.Metrics] (Thread-833) Closing reporter org.apache.kafka.common.telemetry.internals.ClientTelemetryReporter
2025-08-07 12:26:09,673 INFO  [org.apa.kaf.com.met.Metrics] (Thread-833) Metrics reporters closed
2025-08-07 12:26:09,673 INFO  [org.apa.kaf.com.uti.AppInfoParser] (Thread-833) App info kafka.producer for Producer-topic-1a659f3f_d763_4e3a_bc04_c65de8fa684e unregistered
**** Registry Base URL: http://registry-app-pg17.apps.ci419.apicurio-testing.org:80
2025-08-07 12:26:09,675 INFO  [org.apa.kaf.cli.con.ConsumerConfig] (main) ConsumerConfig values: 
	allow.auto.create.topics = true
	auto.commit.interval.ms = 500
	auto.include.jmx.reporter = true
	auto.offset.reset = earliest
	bootstrap.servers = [PLAINTEXT://localhost:32769]
	check.crcs = true
	client.dns.lookup = use_all_dns_ips
	client.id = consumer-Consumer-topic-1a659f3f_d763_4e3a_bc04_c65de8fa684e-31
	client.rack = 
	connections.max.idle.ms = 10000
	default.api.timeout.ms = 60000
	enable.auto.commit = true
	enable.metrics.push = true
	exclude.internal.topics = true
	fetch.max.bytes = 52428800
	fetch.max.wait.ms = 500
	fetch.min.bytes = 1
	group.id = Consumer-topic-1a659f3f_d763_4e3a_bc04_c65de8fa684e
	group.instance.id = null
	group.protocol = classic
	group.remote.assignor = null
	heartbeat.interval.ms = 3000
	interceptor.classes = []
	internal.leave.group.on.close = true
	internal.throw.on.fetch.stable.offset.unsupported = false
	isolation.level = read_uncommitted
	key.deserializer = class org.apache.kafka.common.serialization.StringDeserializer
	max.partition.fetch.bytes = 1048576
	max.poll.interval.ms = 300000
	max.poll.records = 500
	metadata.max.age.ms = 300000
	metadata.recovery.strategy = none
	metric.reporters = []
	metrics.num.samples = 2
	metrics.recording.level = INFO
	metrics.sample.window.ms = 30000
	partition.assignment.strategy = [class org.apache.kafka.clients.consumer.RangeAssignor, class org.apache.kafka.clients.consumer.CooperativeStickyAssignor]
	receive.buffer.bytes = 65536
	reconnect.backoff.max.ms = 1000
	reconnect.backoff.ms = 50
	request.timeout.ms = 5000
	retry.backoff.max.ms = 1000
	retry.backoff.ms = 100
	sasl.client.callback.handler.class = null
	sasl.jaas.config = null
	sasl.kerberos.kinit.cmd = /usr/bin/kinit
	sasl.kerberos.min.time.before.relogin = 60000
	sasl.kerberos.service.name = null
	sasl.kerberos.ticket.renew.jitter = 0.05
	sasl.kerberos.ticket.renew.window.factor = 0.8
	sasl.login.callback.handler.class = null
	sasl.login.class = null
	sasl.login.connect.timeout.ms = null
	sasl.login.read.timeout.ms = null
	sasl.login.refresh.buffer.seconds = 300
	sasl.login.refresh.min.period.seconds = 60
	sasl.login.refresh.window.factor = 0.8
	sasl.login.refresh.window.jitter = 0.05
	sasl.login.retry.backoff.max.ms = 10000
	sasl.login.retry.backoff.ms = 100
	sasl.mechanism = GSSAPI
	sasl.oauthbearer.clock.skew.seconds = 30
	sasl.oauthbearer.expected.audience = null
	sasl.oauthbearer.expected.issuer = null
	sasl.oauthbearer.header.urlencode = false
	sasl.oauthbearer.jwks.endpoint.refresh.ms = 3600000
	sasl.oauthbearer.jwks.endpoint.retry.backoff.max.ms = 10000
	sasl.oauthbearer.jwks.endpoint.retry.backoff.ms = 100
	sasl.oauthbearer.jwks.endpoint.url = null
	sasl.oauthbearer.scope.claim.name = scope
	sasl.oauthbearer.sub.claim.name = sub
	sasl.oauthbearer.token.endpoint.url = null
	security.protocol = PLAINTEXT
	security.providers = null
	send.buffer.bytes = 131072
	session.timeout.ms = 45000
	socket.connection.setup.timeout.max.ms = 30000
	socket.connection.setup.timeout.ms = 10000
	ssl.cipher.suites = null
	ssl.enabled.protocols = [TLSv1.2, TLSv1.3]
	ssl.endpoint.identification.algorithm = https
	ssl.engine.factory.class = null
	ssl.key.password = null
	ssl.keymanager.algorithm = SunX509
	ssl.keystore.certificate.chain = null
	ssl.keystore.key = null
	ssl.keystore.location = null
	ssl.keystore.password = null
	ssl.keystore.type = JKS
	ssl.protocol = TLSv1.3
	ssl.provider = null
	ssl.secure.random.implementation = null
	ssl.trustmanager.algorithm = PKIX
	ssl.truststore.certificates = null
	ssl.truststore.location = null
	ssl.truststore.password = null
	ssl.truststore.type = JKS
	value.deserializer = class io.apicurio.registry.serde.protobuf.ProtobufKafkaDeserializer

2025-08-07 12:26:09,676 INFO  [org.apa.kaf.com.tel.int.KafkaMetricsCollector] (main) initializing Kafka metrics collector
2025-08-07 12:26:09,687 INFO  [org.apa.kaf.cli.con.ConsumerConfig] (main) These configurations '[apicurio.registry.url]' were supplied but are not used yet.
2025-08-07 12:26:09,687 INFO  [org.apa.kaf.com.uti.AppInfoParser] (main) Kafka version: 3.9.1
2025-08-07 12:26:09,687 INFO  [org.apa.kaf.com.uti.AppInfoParser] (main) Kafka commitId: f745dfdcee2b9851
2025-08-07 12:26:09,687 INFO  [org.apa.kaf.com.uti.AppInfoParser] (main) Kafka startTimeMs: 1754569569687
2025-08-07 12:26:09,691 INFO  [org.apa.kaf.cli.con.int.ClassicKafkaConsumer] (Thread-836) [Consumer clientId=consumer-Consumer-topic-1a659f3f_d763_4e3a_bc04_c65de8fa684e-31, groupId=Consumer-topic-1a659f3f_d763_4e3a_bc04_c65de8fa684e] Subscribed to topic(s): topic-1a659f3f_d763_4e3a_bc04_c65de8fa684e
2025-08-07 12:26:09,695 INFO  [org.apa.kaf.cli.Metadata] (Thread-836) [Consumer clientId=consumer-Consumer-topic-1a659f3f_d763_4e3a_bc04_c65de8fa684e-31, groupId=Consumer-topic-1a659f3f_d763_4e3a_bc04_c65de8fa684e] Cluster ID: ewOXMZdKQImtr4eZTn3eAw
2025-08-07 12:26:09,695 INFO  [org.apa.kaf.cli.con.int.ConsumerCoordinator] (Thread-836) [Consumer clientId=consumer-Consumer-topic-1a659f3f_d763_4e3a_bc04_c65de8fa684e-31, groupId=Consumer-topic-1a659f3f_d763_4e3a_bc04_c65de8fa684e] Discovered group coordinator localhost:32769 (id: 2147483647 rack: null)
2025-08-07 12:26:09,698 INFO  [org.apa.kaf.cli.con.int.ConsumerCoordinator] (Thread-836) [Consumer clientId=consumer-Consumer-topic-1a659f3f_d763_4e3a_bc04_c65de8fa684e-31, groupId=Consumer-topic-1a659f3f_d763_4e3a_bc04_c65de8fa684e] (Re-)joining group
2025-08-07 12:26:09,700 INFO  [org.apa.kaf.cli.con.int.ConsumerCoordinator] (Thread-836) [Consumer clientId=consumer-Consumer-topic-1a659f3f_d763_4e3a_bc04_c65de8fa684e-31, groupId=Consumer-topic-1a659f3f_d763_4e3a_bc04_c65de8fa684e] Request joining group due to: need to re-join with the given member-id: consumer-Consumer-topic-1a659f3f_d763_4e3a_bc04_c65de8fa684e-31-aeac5f23-d693-4ba4-a366-f10157078718
2025-08-07 12:26:09,700 INFO  [org.apa.kaf.cli.con.int.ConsumerCoordinator] (Thread-836) [Consumer clientId=consumer-Consumer-topic-1a659f3f_d763_4e3a_bc04_c65de8fa684e-31, groupId=Consumer-topic-1a659f3f_d763_4e3a_bc04_c65de8fa684e] (Re-)joining group
2025-08-07 12:26:10,692 INFO  [io.api.tes.ser.api.KafkaSerdesTester] (Thread-836) None found
2025-08-07 12:26:11,692 INFO  [io.api.tes.ser.api.KafkaSerdesTester] (Thread-836) None found
2025-08-07 12:26:12,692 INFO  [io.api.tes.ser.api.KafkaSerdesTester] (Thread-836) None found
2025-08-07 12:26:12,702 INFO  [org.apa.kaf.cli.con.int.ConsumerCoordinator] (Thread-836) [Consumer clientId=consumer-Consumer-topic-1a659f3f_d763_4e3a_bc04_c65de8fa684e-31, groupId=Consumer-topic-1a659f3f_d763_4e3a_bc04_c65de8fa684e] Successfully joined group with generation Generation{generationId=1, memberId='consumer-Consumer-topic-1a659f3f_d763_4e3a_bc04_c65de8fa684e-31-aeac5f23-d693-4ba4-a366-f10157078718', protocol='range'}
2025-08-07 12:26:12,702 INFO  [org.apa.kaf.cli.con.int.ConsumerCoordinator] (Thread-836) [Consumer clientId=consumer-Consumer-topic-1a659f3f_d763_4e3a_bc04_c65de8fa684e-31, groupId=Consumer-topic-1a659f3f_d763_4e3a_bc04_c65de8fa684e] Finished assignment for group at generation 1: {consumer-Consumer-topic-1a659f3f_d763_4e3a_bc04_c65de8fa684e-31-aeac5f23-d693-4ba4-a366-f10157078718=Assignment(partitions=[topic-1a659f3f_d763_4e3a_bc04_c65de8fa684e-0])}
2025-08-07 12:26:12,709 INFO  [org.apa.kaf.cli.con.int.ConsumerCoordinator] (Thread-836) [Consumer clientId=consumer-Consumer-topic-1a659f3f_d763_4e3a_bc04_c65de8fa684e-31, groupId=Consumer-topic-1a659f3f_d763_4e3a_bc04_c65de8fa684e] Successfully synced group in generation Generation{generationId=1, memberId='consumer-Consumer-topic-1a659f3f_d763_4e3a_bc04_c65de8fa684e-31-aeac5f23-d693-4ba4-a366-f10157078718', protocol='range'}
2025-08-07 12:26:12,709 INFO  [org.apa.kaf.cli.con.int.ConsumerCoordinator] (Thread-836) [Consumer clientId=consumer-Consumer-topic-1a659f3f_d763_4e3a_bc04_c65de8fa684e-31, groupId=Consumer-topic-1a659f3f_d763_4e3a_bc04_c65de8fa684e] Notifying assignor about the new Assignment(partitions=[topic-1a659f3f_d763_4e3a_bc04_c65de8fa684e-0])
2025-08-07 12:26:12,709 INFO  [org.apa.kaf.cli.con.int.ConsumerRebalanceListenerInvoker] (Thread-836) [Consumer clientId=consumer-Consumer-topic-1a659f3f_d763_4e3a_bc04_c65de8fa684e-31, groupId=Consumer-topic-1a659f3f_d763_4e3a_bc04_c65de8fa684e] Adding newly assigned partitions: topic-1a659f3f_d763_4e3a_bc04_c65de8fa684e-0
2025-08-07 12:26:12,709 INFO  [org.apa.kaf.cli.con.int.ConsumerCoordinator] (Thread-836) [Consumer clientId=consumer-Consumer-topic-1a659f3f_d763_4e3a_bc04_c65de8fa684e-31, groupId=Consumer-topic-1a659f3f_d763_4e3a_bc04_c65de8fa684e] Found no committed offset for partition topic-1a659f3f_d763_4e3a_bc04_c65de8fa684e-0
2025-08-07 12:26:12,712 INFO  [org.apa.kaf.cli.con.int.SubscriptionState] (Thread-836) [Consumer clientId=consumer-Consumer-topic-1a659f3f_d763_4e3a_bc04_c65de8fa684e-31, groupId=Consumer-topic-1a659f3f_d763_4e3a_bc04_c65de8fa684e] Resetting offset for partition topic-1a659f3f_d763_4e3a_bc04_c65de8fa684e-0 to position FetchPosition{offset=0, offsetEpoch=Optional.empty, currentLeader=LeaderAndEpoch{leader=Optional[localhost:32769 (id: 0 rack: null)], epoch=0}}.
2025-08-07 12:26:13,020 INFO  [io.api.tes.ser.api.KafkaSerdesTester] (Thread-836) topic-1a659f3f_d763_4e3a_bc04_c65de8fa684e 0 0 header {
  time {
  }
}
d1: 1.754569569282E12
s1: "a"
i1: 123
bi1: 1
point {
  longitude: 22.0
  latitude: 22.0
  altitude: 1.0
}

2025-08-07 12:26:13,020 INFO  [io.api.tes.ser.api.KafkaSerdesTester] (Thread-836) topic-1a659f3f_d763_4e3a_bc04_c65de8fa684e 0 1 header {
  time {
  }
}
d1: 1.754569569648E12
s1: "a"
i1: 123
bi1: 1
point {
  longitude: 22.0
  latitude: 22.0
  altitude: 1.0
}

2025-08-07 12:26:13,020 INFO  [io.api.tes.ser.api.KafkaSerdesTester] (Thread-836) topic-1a659f3f_d763_4e3a_bc04_c65de8fa684e 0 2 header {
  time {
  }
}
d1: 1.754569569651E12
s1: "a"
i1: 123
bi1: 1
point {
  longitude: 22.0
  latitude: 22.0
  altitude: 1.0
}

2025-08-07 12:26:13,020 INFO  [io.api.tes.ser.api.KafkaSerdesTester] (Thread-836) topic-1a659f3f_d763_4e3a_bc04_c65de8fa684e 0 3 header {
  time {
  }
}
d1: 1.754569569652E12
s1: "a"
i1: 123
bi1: 1
point {
  longitude: 22.0
  latitude: 22.0
  altitude: 1.0
}

2025-08-07 12:26:13,020 INFO  [io.api.tes.ser.api.KafkaSerdesTester] (Thread-836) topic-1a659f3f_d763_4e3a_bc04_c65de8fa684e 0 4 header {
  time {
  }
}
d1: 1.754569569654E12
s1: "a"
i1: 123
bi1: 1
point {
  longitude: 22.0
  latitude: 22.0
  altitude: 1.0
}

2025-08-07 12:26:13,020 INFO  [io.api.tes.ser.api.KafkaSerdesTester] (Thread-836) topic-1a659f3f_d763_4e3a_bc04_c65de8fa684e 0 5 header {
  time {
  }
}
d1: 1.754569569656E12
s1: "a"
i1: 123
bi1: 1
point {
  longitude: 22.0
  latitude: 22.0
  altitude: 1.0
}

2025-08-07 12:26:13,020 INFO  [io.api.tes.ser.api.KafkaSerdesTester] (Thread-836) topic-1a659f3f_d763_4e3a_bc04_c65de8fa684e 0 6 header {
  time {
  }
}
d1: 1.754569569657E12
s1: "a"
i1: 123
bi1: 1
point {
  longitude: 22.0
  latitude: 22.0
  altitude: 1.0
}

2025-08-07 12:26:13,020 INFO  [io.api.tes.ser.api.KafkaSerdesTester] (Thread-836) topic-1a659f3f_d763_4e3a_bc04_c65de8fa684e 0 7 header {
  time {
  }
}
d1: 1.754569569659E12
s1: "a"
i1: 123
bi1: 1
point {
  longitude: 22.0
  latitude: 22.0
  altitude: 1.0
}

2025-08-07 12:26:13,020 INFO  [io.api.tes.ser.api.KafkaSerdesTester] (Thread-836) topic-1a659f3f_d763_4e3a_bc04_c65de8fa684e 0 8 header {
  time {
  }
}
d1: 1.754569569662E12
s1: "a"
i1: 123
bi1: 1
point {
  longitude: 22.0
  latitude: 22.0
  altitude: 1.0
}

2025-08-07 12:26:13,020 INFO  [io.api.tes.ser.api.KafkaSerdesTester] (Thread-836) topic-1a659f3f_d763_4e3a_bc04_c65de8fa684e 0 9 header {
  time {
  }
}
d1: 1.754569569664E12
s1: "a"
i1: 123
bi1: 1
point {
  longitude: 22.0
  latitude: 22.0
  altitude: 1.0
}

2025-08-07 12:26:13,020 INFO  [io.api.tes.ser.api.KafkaSerdesTester] (Thread-836) Consumed 10 messages
2025-08-07 12:26:13,027 INFO  [org.apa.kaf.cli.con.int.ConsumerRebalanceListenerInvoker] (Thread-836) [Consumer clientId=consumer-Consumer-topic-1a659f3f_d763_4e3a_bc04_c65de8fa684e-31, groupId=Consumer-topic-1a659f3f_d763_4e3a_bc04_c65de8fa684e] Revoke previously assigned partitions topic-1a659f3f_d763_4e3a_bc04_c65de8fa684e-0
2025-08-07 12:26:13,027 INFO  [org.apa.kaf.cli.con.int.ConsumerCoordinator] (Thread-836) [Consumer clientId=consumer-Consumer-topic-1a659f3f_d763_4e3a_bc04_c65de8fa684e-31, groupId=Consumer-topic-1a659f3f_d763_4e3a_bc04_c65de8fa684e] Member consumer-Consumer-topic-1a659f3f_d763_4e3a_bc04_c65de8fa684e-31-aeac5f23-d693-4ba4-a366-f10157078718 sending LeaveGroup request to coordinator localhost:32769 (id: 2147483647 rack: null) due to the consumer is being closed
2025-08-07 12:26:13,028 INFO  [org.apa.kaf.cli.con.int.ConsumerCoordinator] (Thread-836) [Consumer clientId=consumer-Consumer-topic-1a659f3f_d763_4e3a_bc04_c65de8fa684e-31, groupId=Consumer-topic-1a659f3f_d763_4e3a_bc04_c65de8fa684e] Resetting generation and member id due to: consumer pro-actively leaving the group
2025-08-07 12:26:13,028 INFO  [org.apa.kaf.cli.con.int.ConsumerCoordinator] (Thread-836) [Consumer clientId=consumer-Consumer-topic-1a659f3f_d763_4e3a_bc04_c65de8fa684e-31, groupId=Consumer-topic-1a659f3f_d763_4e3a_bc04_c65de8fa684e] Request joining group due to: consumer pro-actively leaving the group
2025-08-07 12:26:13,520 INFO  [org.apa.kaf.com.met.Metrics] (Thread-836) Metrics scheduler closed
2025-08-07 12:26:13,520 INFO  [org.apa.kaf.com.met.Metrics] (Thread-836) Closing reporter org.apache.kafka.common.metrics.JmxReporter
2025-08-07 12:26:13,520 INFO  [org.apa.kaf.com.met.Metrics] (Thread-836) Closing reporter org.apache.kafka.common.telemetry.internals.ClientTelemetryReporter
2025-08-07 12:26:13,520 INFO  [org.apa.kaf.com.met.Metrics] (Thread-836) Metrics reporters closed
2025-08-07 12:26:13,523 INFO  [org.apa.kaf.com.uti.AppInfoParser] (Thread-836) App info kafka.consumer for consumer-Consumer-topic-1a659f3f_d763_4e3a_bc04_c65de8fa684e-31 unregistered
2025-08-07 12:26:13,524 INFO  [io.api.tes.uti.TestSeparator] (main) io.apicurio.tests.serdes.apicurio.ProtobufSerdeIT.testFindLatestAndUseBody-FINISHED
2025-08-07 12:26:13,524 INFO  [io.api.tes.uti.TestSeparator] (main) ############################################################################
Test passed: testFindLatestAndUseBody
]]></system-out>
  </testcase>
  <testcase name="testConsumeDynamicMessage" classname="io.apicurio.tests.serdes.apicurio.ProtobufSerdeIT" time="1.204">
    <system-out><![CDATA[2025-08-07 12:26:13,525 INFO  [io.api.tes.uti.TestSeparator] (main) ############################################################################
2025-08-07 12:26:13,525 INFO  [io.api.tes.uti.TestSeparator] (main) io.apicurio.tests.serdes.apicurio.ProtobufSerdeIT.testConsumeDynamicMessage-STARTED
2025-08-07 12:26:14,729 INFO  [io.api.tes.uti.TestSeparator] (main) io.apicurio.tests.serdes.apicurio.ProtobufSerdeIT.testConsumeDynamicMessage-FINISHED
2025-08-07 12:26:14,729 INFO  [io.api.tes.uti.TestSeparator] (main) ############################################################################
Test passed: testConsumeDynamicMessage
]]></system-out>
  </testcase>
  <testcase name="testAutoRegisterDynamicMessageProtobufType" classname="io.apicurio.tests.serdes.apicurio.ProtobufSerdeIT" time="5.544">
    <system-out><![CDATA[2025-08-07 12:26:14,730 INFO  [io.api.tes.uti.TestSeparator] (main) ############################################################################
2025-08-07 12:26:14,730 INFO  [io.api.tes.uti.TestSeparator] (main) io.apicurio.tests.serdes.apicurio.ProtobufSerdeIT.testAutoRegisterDynamicMessageProtobufType-STARTED
**** Registry Base URL: http://registry-app-pg17.apps.ci419.apicurio-testing.org:80
2025-08-07 12:26:14,731 INFO  [org.apa.kaf.cli.pro.ProducerConfig] (main) ProducerConfig values: 
	acks = -1
	auto.include.jmx.reporter = true
	batch.size = 16384
	bootstrap.servers = [PLAINTEXT://localhost:32769]
	buffer.memory = 33554432
	client.dns.lookup = use_all_dns_ips
	client.id = Producer-topic-8d891c12_e1f8_4eea_ab13_c9c6066a55ab
	compression.gzip.level = -1
	compression.lz4.level = 9
	compression.type = none
	compression.zstd.level = 3
	connections.max.idle.ms = 10000
	delivery.timeout.ms = 120000
	enable.idempotence = true
	enable.metrics.push = true
	interceptor.classes = []
	key.serializer = class org.apache.kafka.common.serialization.StringSerializer
	linger.ms = 0
	max.block.ms = 60000
	max.in.flight.requests.per.connection = 5
	max.request.size = 1048576
	metadata.max.age.ms = 300000
	metadata.max.idle.ms = 300000
	metadata.recovery.strategy = none
	metric.reporters = []
	metrics.num.samples = 2
	metrics.recording.level = INFO
	metrics.sample.window.ms = 30000
	partitioner.adaptive.partitioning.enable = true
	partitioner.availability.timeout.ms = 0
	partitioner.class = null
	partitioner.ignore.keys = false
	receive.buffer.bytes = 32768
	reconnect.backoff.max.ms = 1000
	reconnect.backoff.ms = 50
	request.timeout.ms = 5000
	retries = 2147483647
	retry.backoff.max.ms = 1000
	retry.backoff.ms = 100
	sasl.client.callback.handler.class = null
	sasl.jaas.config = null
	sasl.kerberos.kinit.cmd = /usr/bin/kinit
	sasl.kerberos.min.time.before.relogin = 60000
	sasl.kerberos.service.name = null
	sasl.kerberos.ticket.renew.jitter = 0.05
	sasl.kerberos.ticket.renew.window.factor = 0.8
	sasl.login.callback.handler.class = null
	sasl.login.class = null
	sasl.login.connect.timeout.ms = null
	sasl.login.read.timeout.ms = null
	sasl.login.refresh.buffer.seconds = 300
	sasl.login.refresh.min.period.seconds = 60
	sasl.login.refresh.window.factor = 0.8
	sasl.login.refresh.window.jitter = 0.05
	sasl.login.retry.backoff.max.ms = 10000
	sasl.login.retry.backoff.ms = 100
	sasl.mechanism = GSSAPI
	sasl.oauthbearer.clock.skew.seconds = 30
	sasl.oauthbearer.expected.audience = null
	sasl.oauthbearer.expected.issuer = null
	sasl.oauthbearer.header.urlencode = false
	sasl.oauthbearer.jwks.endpoint.refresh.ms = 3600000
	sasl.oauthbearer.jwks.endpoint.retry.backoff.max.ms = 10000
	sasl.oauthbearer.jwks.endpoint.retry.backoff.ms = 100
	sasl.oauthbearer.jwks.endpoint.url = null
	sasl.oauthbearer.scope.claim.name = scope
	sasl.oauthbearer.sub.claim.name = sub
	sasl.oauthbearer.token.endpoint.url = null
	security.protocol = PLAINTEXT
	security.providers = null
	send.buffer.bytes = 131072
	socket.connection.setup.timeout.max.ms = 30000
	socket.connection.setup.timeout.ms = 10000
	ssl.cipher.suites = null
	ssl.enabled.protocols = [TLSv1.2, TLSv1.3]
	ssl.endpoint.identification.algorithm = https
	ssl.engine.factory.class = null
	ssl.key.password = null
	ssl.keymanager.algorithm = SunX509
	ssl.keystore.certificate.chain = null
	ssl.keystore.key = null
	ssl.keystore.location = null
	ssl.keystore.password = null
	ssl.keystore.type = JKS
	ssl.protocol = TLSv1.3
	ssl.provider = null
	ssl.secure.random.implementation = null
	ssl.trustmanager.algorithm = PKIX
	ssl.truststore.certificates = null
	ssl.truststore.location = null
	ssl.truststore.password = null
	ssl.truststore.type = JKS
	transaction.timeout.ms = 60000
	transactional.id = null
	value.serializer = class io.apicurio.registry.serde.protobuf.ProtobufKafkaSerializer

2025-08-07 12:26:14,731 INFO  [org.apa.kaf.com.tel.int.KafkaMetricsCollector] (main) initializing Kafka metrics collector
2025-08-07 12:26:14,735 INFO  [org.apa.kaf.cli.pro.KafkaProducer] (main) [Producer clientId=Producer-topic-8d891c12_e1f8_4eea_ab13_c9c6066a55ab] Instantiated an idempotent producer.
2025-08-07 12:26:14,736 INFO  [org.apa.kaf.cli.pro.ProducerConfig] (main) These configurations '[apicurio.registry.url, apicurio.registry.auto-register, apicurio.registry.artifact-resolver-strategy]' were supplied but are not used yet.
2025-08-07 12:26:14,736 INFO  [org.apa.kaf.com.uti.AppInfoParser] (main) Kafka version: 3.9.1
2025-08-07 12:26:14,736 INFO  [org.apa.kaf.com.uti.AppInfoParser] (main) Kafka commitId: f745dfdcee2b9851
2025-08-07 12:26:14,736 INFO  [org.apa.kaf.com.uti.AppInfoParser] (main) Kafka startTimeMs: 1754569574736
2025-08-07 12:26:14,737 INFO  [io.api.tes.ser.api.SimpleSerdesTesterBuilder$SimpleSerdesTester] (main) Using producer configuration: {apicurio.registry.url=http://registry-app-pg17.apps.ci419.apicurio-testing.org:80/apis/registry/v3, apicurio.registry.auto-register=true, apicurio.registry.artifact-resolver-strategy=io.apicurio.registry.serde.strategy.TopicIdStrategy, value.serializer=io.apicurio.registry.serde.protobuf.ProtobufKafkaSerializer, request.timeout.ms=5000, acks=all, bootstrap.servers=PLAINTEXT://localhost:32769, connections.max.idle.ms=10000, key.serializer=org.apache.kafka.common.serialization.StringSerializer, client.id=Producer-topic-8d891c12_e1f8_4eea_ab13_c9c6066a55ab}
2025-08-07 12:26:14,737 INFO  [io.api.tes.ser.api.SimpleSerdesTesterBuilder$SimpleSerdesTester] (main) Using consumer configuration: {apicurio.registry.deserializer.value.return-class=com.google.protobuf.DynamicMessage}
2025-08-07 12:26:14,738 INFO  [io.api.tes.ser.api.KafkaSerdesTester] (Thread-839) Sending message header {
  time {
  }
}
d1: 1.754569574738E12
s1: "a"
i1: 123
bi1: 1
point {
  longitude: 22.0
  latitude: 22.0
  altitude: 1.0
}
 to topic topic-8d891c12_e1f8_4eea_ab13_c9c6066a55ab
2025-08-07 12:26:14,741 WARN  [org.apa.kaf.cli.NetworkClient] (kafka-producer-network-thread | Producer-topic-8d891c12_e1f8_4eea_ab13_c9c6066a55ab) [Producer clientId=Producer-topic-8d891c12_e1f8_4eea_ab13_c9c6066a55ab] The metadata response from the cluster reported a recoverable issue with correlation id 1 : {topic-8d891c12_e1f8_4eea_ab13_c9c6066a55ab=UNKNOWN_TOPIC_OR_PARTITION}
2025-08-07 12:26:14,741 INFO  [org.apa.kaf.cli.Metadata] (kafka-producer-network-thread | Producer-topic-8d891c12_e1f8_4eea_ab13_c9c6066a55ab) [Producer clientId=Producer-topic-8d891c12_e1f8_4eea_ab13_c9c6066a55ab] Cluster ID: ewOXMZdKQImtr4eZTn3eAw
2025-08-07 12:26:14,741 INFO  [org.apa.kaf.cli.pro.int.TransactionManager] (kafka-producer-network-thread | Producer-topic-8d891c12_e1f8_4eea_ab13_c9c6066a55ab) [Producer clientId=Producer-topic-8d891c12_e1f8_4eea_ab13_c9c6066a55ab] ProducerId set to 43 with epoch 0
2025-08-07 12:26:15,127 INFO  [io.api.tes.ser.api.KafkaSerdesTester] (Thread-839) Sending message header {
  time {
  }
}
d1: 1.754569575127E12
s1: "a"
i1: 123
bi1: 1
point {
  longitude: 22.0
  latitude: 22.0
  altitude: 1.0
}
 to topic topic-8d891c12_e1f8_4eea_ab13_c9c6066a55ab
2025-08-07 12:26:15,230 INFO  [io.api.tes.ser.api.KafkaSerdesTester] (Thread-839) Sending message header {
  time {
  }
}
d1: 1.75456957523E12
s1: "a"
i1: 123
bi1: 1
point {
  longitude: 22.0
  latitude: 22.0
  altitude: 1.0
}
 to topic topic-8d891c12_e1f8_4eea_ab13_c9c6066a55ab
2025-08-07 12:26:15,333 INFO  [io.api.tes.ser.api.KafkaSerdesTester] (Thread-839) Sending message header {
  time {
  }
}
d1: 1.754569575332E12
s1: "a"
i1: 123
bi1: 1
point {
  longitude: 22.0
  latitude: 22.0
  altitude: 1.0
}
 to topic topic-8d891c12_e1f8_4eea_ab13_c9c6066a55ab
2025-08-07 12:26:15,438 INFO  [io.api.tes.ser.api.KafkaSerdesTester] (Thread-839) Sending message header {
  time {
  }
}
d1: 1.754569575437E12
s1: "a"
i1: 123
bi1: 1
point {
  longitude: 22.0
  latitude: 22.0
  altitude: 1.0
}
 to topic topic-8d891c12_e1f8_4eea_ab13_c9c6066a55ab
2025-08-07 12:26:15,539 INFO  [io.api.tes.ser.api.KafkaSerdesTester] (Thread-839) Sending message header {
  time {
  }
}
d1: 1.754569575539E12
s1: "a"
i1: 123
bi1: 1
point {
  longitude: 22.0
  latitude: 22.0
  altitude: 1.0
}
 to topic topic-8d891c12_e1f8_4eea_ab13_c9c6066a55ab
2025-08-07 12:26:15,638 INFO  [io.api.tes.ser.api.KafkaSerdesTester] (Thread-839) Sending message header {
  time {
  }
}
d1: 1.754569575638E12
s1: "a"
i1: 123
bi1: 1
point {
  longitude: 22.0
  latitude: 22.0
  altitude: 1.0
}
 to topic topic-8d891c12_e1f8_4eea_ab13_c9c6066a55ab
2025-08-07 12:26:15,737 INFO  [io.api.tes.ser.api.KafkaSerdesTester] (Thread-839) Sending message header {
  time {
  }
}
d1: 1.754569575737E12
s1: "a"
i1: 123
bi1: 1
point {
  longitude: 22.0
  latitude: 22.0
  altitude: 1.0
}
 to topic topic-8d891c12_e1f8_4eea_ab13_c9c6066a55ab
2025-08-07 12:26:15,838 INFO  [io.api.tes.ser.api.KafkaSerdesTester] (Thread-839) Sending message header {
  time {
  }
}
d1: 1.754569575838E12
s1: "a"
i1: 123
bi1: 1
point {
  longitude: 22.0
  latitude: 22.0
  altitude: 1.0
}
 to topic topic-8d891c12_e1f8_4eea_ab13_c9c6066a55ab
2025-08-07 12:26:15,937 INFO  [io.api.tes.ser.api.KafkaSerdesTester] (Thread-839) Sending message header {
  time {
  }
}
d1: 1.754569575937E12
s1: "a"
i1: 123
bi1: 1
point {
  longitude: 22.0
  latitude: 22.0
  altitude: 1.0
}
 to topic topic-8d891c12_e1f8_4eea_ab13_c9c6066a55ab
2025-08-07 12:26:16,038 INFO  [io.api.tes.ser.api.KafkaSerdesTester] (Thread-839) Produced 10 messages
2025-08-07 12:26:16,038 INFO  [org.apa.kaf.cli.pro.KafkaProducer] (Thread-839) [Producer clientId=Producer-topic-8d891c12_e1f8_4eea_ab13_c9c6066a55ab] Closing the Kafka producer with timeoutMillis = 9223372036854775807 ms.
2025-08-07 12:26:16,040 INFO  [org.apa.kaf.com.met.Metrics] (Thread-839) Metrics scheduler closed
2025-08-07 12:26:16,040 INFO  [org.apa.kaf.com.met.Metrics] (Thread-839) Closing reporter org.apache.kafka.common.metrics.JmxReporter
2025-08-07 12:26:16,040 INFO  [org.apa.kaf.com.met.Metrics] (Thread-839) Closing reporter org.apache.kafka.common.telemetry.internals.ClientTelemetryReporter
2025-08-07 12:26:16,040 INFO  [org.apa.kaf.com.met.Metrics] (Thread-839) Metrics reporters closed
2025-08-07 12:26:16,041 INFO  [org.apa.kaf.com.uti.AppInfoParser] (Thread-839) App info kafka.producer for Producer-topic-8d891c12_e1f8_4eea_ab13_c9c6066a55ab unregistered
**** Registry Base URL: http://registry-app-pg17.apps.ci419.apicurio-testing.org:80
2025-08-07 12:26:16,230 INFO  [org.apa.kaf.cli.con.ConsumerConfig] (main) ConsumerConfig values: 
	allow.auto.create.topics = true
	auto.commit.interval.ms = 500
	auto.include.jmx.reporter = true
	auto.offset.reset = earliest
	bootstrap.servers = [PLAINTEXT://localhost:32769]
	check.crcs = true
	client.dns.lookup = use_all_dns_ips
	client.id = consumer-Consumer-topic-8d891c12_e1f8_4eea_ab13_c9c6066a55ab-32
	client.rack = 
	connections.max.idle.ms = 10000
	default.api.timeout.ms = 60000
	enable.auto.commit = true
	enable.metrics.push = true
	exclude.internal.topics = true
	fetch.max.bytes = 52428800
	fetch.max.wait.ms = 500
	fetch.min.bytes = 1
	group.id = Consumer-topic-8d891c12_e1f8_4eea_ab13_c9c6066a55ab
	group.instance.id = null
	group.protocol = classic
	group.remote.assignor = null
	heartbeat.interval.ms = 3000
	interceptor.classes = []
	internal.leave.group.on.close = true
	internal.throw.on.fetch.stable.offset.unsupported = false
	isolation.level = read_uncommitted
	key.deserializer = class org.apache.kafka.common.serialization.StringDeserializer
	max.partition.fetch.bytes = 1048576
	max.poll.interval.ms = 300000
	max.poll.records = 500
	metadata.max.age.ms = 300000
	metadata.recovery.strategy = none
	metric.reporters = []
	metrics.num.samples = 2
	metrics.recording.level = INFO
	metrics.sample.window.ms = 30000
	partition.assignment.strategy = [class org.apache.kafka.clients.consumer.RangeAssignor, class org.apache.kafka.clients.consumer.CooperativeStickyAssignor]
	receive.buffer.bytes = 65536
	reconnect.backoff.max.ms = 1000
	reconnect.backoff.ms = 50
	request.timeout.ms = 5000
	retry.backoff.max.ms = 1000
	retry.backoff.ms = 100
	sasl.client.callback.handler.class = null
	sasl.jaas.config = null
	sasl.kerberos.kinit.cmd = /usr/bin/kinit
	sasl.kerberos.min.time.before.relogin = 60000
	sasl.kerberos.service.name = null
	sasl.kerberos.ticket.renew.jitter = 0.05
	sasl.kerberos.ticket.renew.window.factor = 0.8
	sasl.login.callback.handler.class = null
	sasl.login.class = null
	sasl.login.connect.timeout.ms = null
	sasl.login.read.timeout.ms = null
	sasl.login.refresh.buffer.seconds = 300
	sasl.login.refresh.min.period.seconds = 60
	sasl.login.refresh.window.factor = 0.8
	sasl.login.refresh.window.jitter = 0.05
	sasl.login.retry.backoff.max.ms = 10000
	sasl.login.retry.backoff.ms = 100
	sasl.mechanism = GSSAPI
	sasl.oauthbearer.clock.skew.seconds = 30
	sasl.oauthbearer.expected.audience = null
	sasl.oauthbearer.expected.issuer = null
	sasl.oauthbearer.header.urlencode = false
	sasl.oauthbearer.jwks.endpoint.refresh.ms = 3600000
	sasl.oauthbearer.jwks.endpoint.retry.backoff.max.ms = 10000
	sasl.oauthbearer.jwks.endpoint.retry.backoff.ms = 100
	sasl.oauthbearer.jwks.endpoint.url = null
	sasl.oauthbearer.scope.claim.name = scope
	sasl.oauthbearer.sub.claim.name = sub
	sasl.oauthbearer.token.endpoint.url = null
	security.protocol = PLAINTEXT
	security.providers = null
	send.buffer.bytes = 131072
	session.timeout.ms = 45000
	socket.connection.setup.timeout.max.ms = 30000
	socket.connection.setup.timeout.ms = 10000
	ssl.cipher.suites = null
	ssl.enabled.protocols = [TLSv1.2, TLSv1.3]
	ssl.endpoint.identification.algorithm = https
	ssl.engine.factory.class = null
	ssl.key.password = null
	ssl.keymanager.algorithm = SunX509
	ssl.keystore.certificate.chain = null
	ssl.keystore.key = null
	ssl.keystore.location = null
	ssl.keystore.password = null
	ssl.keystore.type = JKS
	ssl.protocol = TLSv1.3
	ssl.provider = null
	ssl.secure.random.implementation = null
	ssl.trustmanager.algorithm = PKIX
	ssl.truststore.certificates = null
	ssl.truststore.location = null
	ssl.truststore.password = null
	ssl.truststore.type = JKS
	value.deserializer = class io.apicurio.registry.serde.protobuf.ProtobufKafkaDeserializer

2025-08-07 12:26:16,230 INFO  [org.apa.kaf.com.tel.int.KafkaMetricsCollector] (main) initializing Kafka metrics collector
2025-08-07 12:26:16,235 INFO  [org.apa.kaf.cli.con.ConsumerConfig] (main) These configurations '[apicurio.registry.deserializer.value.return-class, apicurio.registry.url]' were supplied but are not used yet.
2025-08-07 12:26:16,235 INFO  [org.apa.kaf.com.uti.AppInfoParser] (main) Kafka version: 3.9.1
2025-08-07 12:26:16,235 INFO  [org.apa.kaf.com.uti.AppInfoParser] (main) Kafka commitId: f745dfdcee2b9851
2025-08-07 12:26:16,235 INFO  [org.apa.kaf.com.uti.AppInfoParser] (main) Kafka startTimeMs: 1754569576235
2025-08-07 12:26:16,235 INFO  [org.apa.kaf.cli.con.int.ClassicKafkaConsumer] (Thread-842) [Consumer clientId=consumer-Consumer-topic-8d891c12_e1f8_4eea_ab13_c9c6066a55ab-32, groupId=Consumer-topic-8d891c12_e1f8_4eea_ab13_c9c6066a55ab] Subscribed to topic(s): topic-8d891c12_e1f8_4eea_ab13_c9c6066a55ab
2025-08-07 12:26:16,238 INFO  [org.apa.kaf.cli.Metadata] (Thread-842) [Consumer clientId=consumer-Consumer-topic-8d891c12_e1f8_4eea_ab13_c9c6066a55ab-32, groupId=Consumer-topic-8d891c12_e1f8_4eea_ab13_c9c6066a55ab] Cluster ID: ewOXMZdKQImtr4eZTn3eAw
2025-08-07 12:26:16,238 INFO  [org.apa.kaf.cli.con.int.ConsumerCoordinator] (Thread-842) [Consumer clientId=consumer-Consumer-topic-8d891c12_e1f8_4eea_ab13_c9c6066a55ab-32, groupId=Consumer-topic-8d891c12_e1f8_4eea_ab13_c9c6066a55ab] Discovered group coordinator localhost:32769 (id: 2147483647 rack: null)
2025-08-07 12:26:16,239 INFO  [org.apa.kaf.cli.con.int.ConsumerCoordinator] (Thread-842) [Consumer clientId=consumer-Consumer-topic-8d891c12_e1f8_4eea_ab13_c9c6066a55ab-32, groupId=Consumer-topic-8d891c12_e1f8_4eea_ab13_c9c6066a55ab] (Re-)joining group
2025-08-07 12:26:16,241 INFO  [org.apa.kaf.cli.con.int.ConsumerCoordinator] (Thread-842) [Consumer clientId=consumer-Consumer-topic-8d891c12_e1f8_4eea_ab13_c9c6066a55ab-32, groupId=Consumer-topic-8d891c12_e1f8_4eea_ab13_c9c6066a55ab] Request joining group due to: need to re-join with the given member-id: consumer-Consumer-topic-8d891c12_e1f8_4eea_ab13_c9c6066a55ab-32-4df8f849-aa8b-4c8f-bb43-bff507ded6e1
2025-08-07 12:26:16,241 INFO  [org.apa.kaf.cli.con.int.ConsumerCoordinator] (Thread-842) [Consumer clientId=consumer-Consumer-topic-8d891c12_e1f8_4eea_ab13_c9c6066a55ab-32, groupId=Consumer-topic-8d891c12_e1f8_4eea_ab13_c9c6066a55ab] (Re-)joining group
2025-08-07 12:26:17,235 INFO  [io.api.tes.ser.api.KafkaSerdesTester] (Thread-842) None found
2025-08-07 12:26:18,236 INFO  [io.api.tes.ser.api.KafkaSerdesTester] (Thread-842) None found
2025-08-07 12:26:19,236 INFO  [io.api.tes.ser.api.KafkaSerdesTester] (Thread-842) None found
2025-08-07 12:26:19,242 INFO  [org.apa.kaf.cli.con.int.ConsumerCoordinator] (Thread-842) [Consumer clientId=consumer-Consumer-topic-8d891c12_e1f8_4eea_ab13_c9c6066a55ab-32, groupId=Consumer-topic-8d891c12_e1f8_4eea_ab13_c9c6066a55ab] Successfully joined group with generation Generation{generationId=1, memberId='consumer-Consumer-topic-8d891c12_e1f8_4eea_ab13_c9c6066a55ab-32-4df8f849-aa8b-4c8f-bb43-bff507ded6e1', protocol='range'}
2025-08-07 12:26:19,243 INFO  [org.apa.kaf.cli.con.int.ConsumerCoordinator] (Thread-842) [Consumer clientId=consumer-Consumer-topic-8d891c12_e1f8_4eea_ab13_c9c6066a55ab-32, groupId=Consumer-topic-8d891c12_e1f8_4eea_ab13_c9c6066a55ab] Finished assignment for group at generation 1: {consumer-Consumer-topic-8d891c12_e1f8_4eea_ab13_c9c6066a55ab-32-4df8f849-aa8b-4c8f-bb43-bff507ded6e1=Assignment(partitions=[topic-8d891c12_e1f8_4eea_ab13_c9c6066a55ab-0])}
2025-08-07 12:26:19,250 INFO  [org.apa.kaf.cli.con.int.ConsumerCoordinator] (Thread-842) [Consumer clientId=consumer-Consumer-topic-8d891c12_e1f8_4eea_ab13_c9c6066a55ab-32, groupId=Consumer-topic-8d891c12_e1f8_4eea_ab13_c9c6066a55ab] Successfully synced group in generation Generation{generationId=1, memberId='consumer-Consumer-topic-8d891c12_e1f8_4eea_ab13_c9c6066a55ab-32-4df8f849-aa8b-4c8f-bb43-bff507ded6e1', protocol='range'}
2025-08-07 12:26:19,250 INFO  [org.apa.kaf.cli.con.int.ConsumerCoordinator] (Thread-842) [Consumer clientId=consumer-Consumer-topic-8d891c12_e1f8_4eea_ab13_c9c6066a55ab-32, groupId=Consumer-topic-8d891c12_e1f8_4eea_ab13_c9c6066a55ab] Notifying assignor about the new Assignment(partitions=[topic-8d891c12_e1f8_4eea_ab13_c9c6066a55ab-0])
2025-08-07 12:26:19,250 INFO  [org.apa.kaf.cli.con.int.ConsumerRebalanceListenerInvoker] (Thread-842) [Consumer clientId=consumer-Consumer-topic-8d891c12_e1f8_4eea_ab13_c9c6066a55ab-32, groupId=Consumer-topic-8d891c12_e1f8_4eea_ab13_c9c6066a55ab] Adding newly assigned partitions: topic-8d891c12_e1f8_4eea_ab13_c9c6066a55ab-0
2025-08-07 12:26:19,251 INFO  [org.apa.kaf.cli.con.int.ConsumerCoordinator] (Thread-842) [Consumer clientId=consumer-Consumer-topic-8d891c12_e1f8_4eea_ab13_c9c6066a55ab-32, groupId=Consumer-topic-8d891c12_e1f8_4eea_ab13_c9c6066a55ab] Found no committed offset for partition topic-8d891c12_e1f8_4eea_ab13_c9c6066a55ab-0
2025-08-07 12:26:19,254 INFO  [org.apa.kaf.cli.con.int.SubscriptionState] (Thread-842) [Consumer clientId=consumer-Consumer-topic-8d891c12_e1f8_4eea_ab13_c9c6066a55ab-32, groupId=Consumer-topic-8d891c12_e1f8_4eea_ab13_c9c6066a55ab] Resetting offset for partition topic-8d891c12_e1f8_4eea_ab13_c9c6066a55ab-0 to position FetchPosition{offset=0, offsetEpoch=Optional.empty, currentLeader=LeaderAndEpoch{leader=Optional[localhost:32769 (id: 0 rack: null)], epoch=0}}.
2025-08-07 12:26:19,670 INFO  [io.api.tes.ser.api.KafkaSerdesTester] (Thread-842) topic-8d891c12_e1f8_4eea_ab13_c9c6066a55ab 0 0 header {
  time {
  }
}
d1: 1.754569574738E12
s1: "a"
i1: 123
bi1: 1
point {
  longitude: 22.0
  latitude: 22.0
  altitude: 1.0
}

2025-08-07 12:26:19,670 INFO  [io.api.tes.ser.api.KafkaSerdesTester] (Thread-842) topic-8d891c12_e1f8_4eea_ab13_c9c6066a55ab 0 1 header {
  time {
  }
}
d1: 1.754569575127E12
s1: "a"
i1: 123
bi1: 1
point {
  longitude: 22.0
  latitude: 22.0
  altitude: 1.0
}

2025-08-07 12:26:19,670 INFO  [io.api.tes.ser.api.KafkaSerdesTester] (Thread-842) topic-8d891c12_e1f8_4eea_ab13_c9c6066a55ab 0 2 header {
  time {
  }
}
d1: 1.75456957523E12
s1: "a"
i1: 123
bi1: 1
point {
  longitude: 22.0
  latitude: 22.0
  altitude: 1.0
}

2025-08-07 12:26:19,670 INFO  [io.api.tes.ser.api.KafkaSerdesTester] (Thread-842) topic-8d891c12_e1f8_4eea_ab13_c9c6066a55ab 0 3 header {
  time {
  }
}
d1: 1.754569575332E12
s1: "a"
i1: 123
bi1: 1
point {
  longitude: 22.0
  latitude: 22.0
  altitude: 1.0
}

2025-08-07 12:26:19,670 INFO  [io.api.tes.ser.api.KafkaSerdesTester] (Thread-842) topic-8d891c12_e1f8_4eea_ab13_c9c6066a55ab 0 4 header {
  time {
  }
}
d1: 1.754569575437E12
s1: "a"
i1: 123
bi1: 1
point {
  longitude: 22.0
  latitude: 22.0
  altitude: 1.0
}

2025-08-07 12:26:19,670 INFO  [io.api.tes.ser.api.KafkaSerdesTester] (Thread-842) topic-8d891c12_e1f8_4eea_ab13_c9c6066a55ab 0 5 header {
  time {
  }
}
d1: 1.754569575539E12
s1: "a"
i1: 123
bi1: 1
point {
  longitude: 22.0
  latitude: 22.0
  altitude: 1.0
}

2025-08-07 12:26:19,671 INFO  [io.api.tes.ser.api.KafkaSerdesTester] (Thread-842) topic-8d891c12_e1f8_4eea_ab13_c9c6066a55ab 0 6 header {
  time {
  }
}
d1: 1.754569575638E12
s1: "a"
i1: 123
bi1: 1
point {
  longitude: 22.0
  latitude: 22.0
  altitude: 1.0
}

2025-08-07 12:26:19,671 INFO  [io.api.tes.ser.api.KafkaSerdesTester] (Thread-842) topic-8d891c12_e1f8_4eea_ab13_c9c6066a55ab 0 7 header {
  time {
  }
}
d1: 1.754569575737E12
s1: "a"
i1: 123
bi1: 1
point {
  longitude: 22.0
  latitude: 22.0
  altitude: 1.0
}

2025-08-07 12:26:19,671 INFO  [io.api.tes.ser.api.KafkaSerdesTester] (Thread-842) topic-8d891c12_e1f8_4eea_ab13_c9c6066a55ab 0 8 header {
  time {
  }
}
d1: 1.754569575838E12
s1: "a"
i1: 123
bi1: 1
point {
  longitude: 22.0
  latitude: 22.0
  altitude: 1.0
}

2025-08-07 12:26:19,671 INFO  [io.api.tes.ser.api.KafkaSerdesTester] (Thread-842) topic-8d891c12_e1f8_4eea_ab13_c9c6066a55ab 0 9 header {
  time {
  }
}
d1: 1.754569575937E12
s1: "a"
i1: 123
bi1: 1
point {
  longitude: 22.0
  latitude: 22.0
  altitude: 1.0
}

2025-08-07 12:26:19,671 INFO  [io.api.tes.ser.api.KafkaSerdesTester] (Thread-842) Consumed 10 messages
2025-08-07 12:26:19,678 INFO  [org.apa.kaf.cli.con.int.ConsumerRebalanceListenerInvoker] (Thread-842) [Consumer clientId=consumer-Consumer-topic-8d891c12_e1f8_4eea_ab13_c9c6066a55ab-32, groupId=Consumer-topic-8d891c12_e1f8_4eea_ab13_c9c6066a55ab] Revoke previously assigned partitions topic-8d891c12_e1f8_4eea_ab13_c9c6066a55ab-0
2025-08-07 12:26:19,678 INFO  [org.apa.kaf.cli.con.int.ConsumerCoordinator] (Thread-842) [Consumer clientId=consumer-Consumer-topic-8d891c12_e1f8_4eea_ab13_c9c6066a55ab-32, groupId=Consumer-topic-8d891c12_e1f8_4eea_ab13_c9c6066a55ab] Member consumer-Consumer-topic-8d891c12_e1f8_4eea_ab13_c9c6066a55ab-32-4df8f849-aa8b-4c8f-bb43-bff507ded6e1 sending LeaveGroup request to coordinator localhost:32769 (id: 2147483647 rack: null) due to the consumer is being closed
2025-08-07 12:26:19,678 INFO  [org.apa.kaf.cli.con.int.ConsumerCoordinator] (Thread-842) [Consumer clientId=consumer-Consumer-topic-8d891c12_e1f8_4eea_ab13_c9c6066a55ab-32, groupId=Consumer-topic-8d891c12_e1f8_4eea_ab13_c9c6066a55ab] Resetting generation and member id due to: consumer pro-actively leaving the group
2025-08-07 12:26:19,678 INFO  [org.apa.kaf.cli.con.int.ConsumerCoordinator] (Thread-842) [Consumer clientId=consumer-Consumer-topic-8d891c12_e1f8_4eea_ab13_c9c6066a55ab-32, groupId=Consumer-topic-8d891c12_e1f8_4eea_ab13_c9c6066a55ab] Request joining group due to: consumer pro-actively leaving the group
2025-08-07 12:26:20,173 INFO  [org.apa.kaf.com.met.Metrics] (Thread-842) Metrics scheduler closed
2025-08-07 12:26:20,173 INFO  [org.apa.kaf.com.met.Metrics] (Thread-842) Closing reporter org.apache.kafka.common.metrics.JmxReporter
2025-08-07 12:26:20,173 INFO  [org.apa.kaf.com.met.Metrics] (Thread-842) Closing reporter org.apache.kafka.common.telemetry.internals.ClientTelemetryReporter
2025-08-07 12:26:20,173 INFO  [org.apa.kaf.com.met.Metrics] (Thread-842) Metrics reporters closed
2025-08-07 12:26:20,175 INFO  [org.apa.kaf.com.uti.AppInfoParser] (Thread-842) App info kafka.consumer for consumer-Consumer-topic-8d891c12_e1f8_4eea_ab13_c9c6066a55ab-32 unregistered
2025-08-07 12:26:20,272 INFO  [io.api.tes.uti.TestSeparator] (main) io.apicurio.tests.serdes.apicurio.ProtobufSerdeIT.testAutoRegisterDynamicMessageProtobufType-FINISHED
2025-08-07 12:26:20,272 INFO  [io.api.tes.uti.TestSeparator] (main) ############################################################################
Test passed: testAutoRegisterDynamicMessageProtobufType
]]></system-out>
  </testcase>
</testsuite>