<?xml version="1.0" encoding="UTF-8"?>
<testsuite xmlns:xsi="http://www.w3.org/2001/XMLSchema-instance" xsi:noNamespaceSchemaLocation="https://maven.apache.org/surefire/maven-failsafe-plugin/xsd/failsafe-test-report.xsd" version="3.0.2" name="io.apicurio.tests.serdes.apicurio.AvroSerdeIT" time="102.735" tests="21" errors="0" skipped="2" failures="0">
  <properties>
    <property name="java.specification.version" value="17"/>
    <property name="sun.jnu.encoding" value="UTF-8"/>
    <property name="java.class.path" value="/home/runner/work/apicurio-testing/apicurio-testing/clusters/ci419/namespaces/ksql043/tests/integration/apicurio-registry/integration-tests/target/test-classes:/home/runner/work/apicurio-testing/apicurio-testing/clusters/ci419/namespaces/ksql043/tests/integration/apicurio-registry/integration-tests/target/apicurio-registry-integration-tests-3.0.12-SNAPSHOT.jar:/home/runner/.m2/repository/io/quarkus/quarkus-junit5/3.20.2/quarkus-junit5-3.20.2.jar:/home/runner/.m2/repository/io/quarkus/quarkus-bootstrap-core/3.20.2/quarkus-bootstrap-core-3.20.2.jar:/home/runner/.m2/repository/io/quarkus/quarkus-classloader-commons/3.20.2/quarkus-classloader-commons-3.20.2.jar:/home/runner/.m2/repository/io/quarkus/quarkus-bootstrap-app-model/3.20.2/quarkus-bootstrap-app-model-3.20.2.jar:/home/runner/.m2/repository/io/smallrye/common/smallrye-common-io/2.12.0/smallrye-common-io-2.12.0.jar:/home/runner/.m2/repository/org/eclipse/sisu/org.eclipse.sisu.inject/0.9.0.M3/org.eclipse.sisu.inject-0.9.0.M3.jar:/home/runner/.m2/repository/io/quarkus/quarkus-test-common/3.20.2/quarkus-test-common-3.20.2.jar:/home/runner/.m2/repository/io/quarkus/quarkus-core-deployment/3.20.2/quarkus-core-deployment-3.20.2.jar:/home/runner/.m2/repository/org/aesh/readline/2.6/readline-2.6.jar:/home/runner/.m2/repository/org/fusesource/jansi/jansi/2.4.0/jansi-2.4.0.jar:/home/runner/.m2/repository/org/aesh/aesh/2.8.2/aesh-2.8.2.jar:/home/runner/.m2/repository/io/quarkus/gizmo/gizmo/1.8.0/gizmo-1.8.0.jar:/home/runner/.m2/repository/org/ow2/asm/asm-util/9.7.1/asm-util-9.7.1.jar:/home/runner/.m2/repository/org/ow2/asm/asm-analysis/9.7.1/asm-analysis-9.7.1.jar:/home/runner/.m2/repository/org/ow2/asm/asm-commons/9.7.1/asm-commons-9.7.1.jar:/home/runner/.m2/repository/org/ow2/asm/asm-tree/9.7.1/asm-tree-9.7.1.jar:/home/runner/.m2/repository/io/quarkus/quarkus-hibernate-validator-spi/3.20.2/quarkus-hibernate-validator-spi-3.20.2.jar:/home/runner/.m2/repository/io/quarkus/quarkus-class-change-agent/3.20.2/quarkus-class-change-agent-3.20.2.jar:/home/runner/.m2/repository/io/quarkus/quarkus-devtools-utilities/3.20.2/quarkus-devtools-utilities-3.20.2.jar:/home/runner/.m2/repository/io/quarkus/quarkus-builder/3.20.2/quarkus-builder-3.20.2.jar:/home/runner/.m2/repository/org/graalvm/sdk/nativeimage/23.1.2/nativeimage-23.1.2.jar:/home/runner/.m2/repository/org/graalvm/sdk/word/23.1.2/word-23.1.2.jar:/home/runner/.m2/repository/io/quarkus/quarkus-bootstrap-maven-resolver/3.20.2/quarkus-bootstrap-maven-resolver-3.20.2.jar:/home/runner/.m2/repository/io/smallrye/beanbag/smallrye-beanbag-maven/1.5.2/smallrye-beanbag-maven-1.5.2.jar:/home/runner/.m2/repository/io/smallrye/beanbag/smallrye-beanbag-sisu/1.5.2/smallrye-beanbag-sisu-1.5.2.jar:/home/runner/.m2/repository/io/smallrye/beanbag/smallrye-beanbag/1.5.2/smallrye-beanbag-1.5.2.jar:/home/runner/.m2/repository/javax/inject/javax.inject/1/javax.inject-1.jar:/home/runner/.m2/repository/org/apache/maven/maven-artifact/3.9.9/maven-artifact-3.9.9.jar:/home/runner/.m2/repository/org/apache/maven/maven-builder-support/3.9.9/maven-builder-support-3.9.9.jar:/home/runner/.m2/repository/org/apache/maven/maven-model/3.9.9/maven-model-3.9.9.jar:/home/runner/.m2/repository/org/apache/maven/maven-model-builder/3.9.9/maven-model-builder-3.9.9.jar:/home/runner/.m2/repository/org/apache/maven/maven-repository-metadata/3.9.9/maven-repository-metadata-3.9.9.jar:/home/runner/.m2/repository/org/apache/maven/maven-settings/3.9.9/maven-settings-3.9.9.jar:/home/runner/.m2/repository/org/apache/maven/resolver/maven-resolver-api/1.9.22/maven-resolver-api-1.9.22.jar:/home/runner/.m2/repository/org/apache/maven/resolver/maven-resolver-impl/1.9.22/maven-resolver-impl-1.9.22.jar:/home/runner/.m2/repository/org/apache/maven/resolver/maven-resolver-named-locks/1.9.22/maven-resolver-named-locks-1.9.22.jar:/home/runner/.m2/repository/org/apache/maven/resolver/maven-resolver-spi/1.9.22/maven-resolver-spi-1.9.22.jar:/home/runner/.m2/repository/org/apache/maven/resolver/maven-resolver-util/1.9.22/maven-resolver-util-1.9.22.jar:/home/runner/.m2/repository/org/apache/maven/resolver/maven-resolver-transport-http/1.9.20/maven-resolver-transport-http-1.9.20.jar:/home/runner/.m2/repository/org/apache/maven/wagon/wagon-provider-api/3.5.3/wagon-provider-api-3.5.3.jar:/home/runner/.m2/repository/org/apache/maven/wagon/wagon-http-shared/3.5.3/wagon-http-shared-3.5.3.jar:/home/runner/.m2/repository/org/codehaus/plexus/plexus-interpolation/1.26/plexus-interpolation-1.26.jar:/home/runner/.m2/repository/org/codehaus/plexus/plexus-utils/3.5.1/plexus-utils-3.5.1.jar:/home/runner/.m2/repository/org/codehaus/plexus/plexus-xml/4.0.1/plexus-xml-4.0.1.jar:/home/runner/.m2/repository/org/apache/maven/maven-xml-impl/4.0.0-alpha-5/maven-xml-impl-4.0.0-alpha-5.jar:/home/runner/.m2/repository/org/apache/maven/maven-api-xml/4.0.0-alpha-5/maven-api-xml-4.0.0-alpha-5.jar:/home/runner/.m2/repository/org/apache/maven/maven-api-meta/4.0.0-alpha-5/maven-api-meta-4.0.0-alpha-5.jar:/home/runner/.m2/repository/org/codehaus/plexus/plexus-cipher/2.0/plexus-cipher-2.0.jar:/home/runner/.m2/repository/org/codehaus/plexus/plexus-sec-dispatcher/2.0/plexus-sec-dispatcher-2.0.jar:/home/runner/.m2/repository/org/apache/maven/maven-embedder/3.9.9/maven-embedder-3.9.9.jar:/home/runner/.m2/repository/org/apache/maven/maven-core/3.9.9/maven-core-3.9.9.jar:/home/runner/.m2/repository/org/codehaus/plexus/plexus-component-annotations/2.1.0/plexus-component-annotations-2.1.0.jar:/home/runner/.m2/repository/org/apache/maven/maven-plugin-api/3.9.9/maven-plugin-api-3.9.9.jar:/home/runner/.m2/repository/org/apache/maven/shared/maven-shared-utils/3.4.2/maven-shared-utils-3.4.2.jar:/home/runner/.m2/repository/com/google/inject/guice/5.1.0/guice-5.1.0.jar:/home/runner/.m2/repository/aopalliance/aopalliance/1.0/aopalliance-1.0.jar:/home/runner/.m2/repository/org/codehaus/plexus/plexus-classworlds/2.6.0/plexus-classworlds-2.6.0.jar:/home/runner/.m2/repository/commons-cli/commons-cli/1.8.0/commons-cli-1.8.0.jar:/home/runner/.m2/repository/org/eclipse/sisu/org.eclipse.sisu.plexus/0.9.0.M3/org.eclipse.sisu.plexus-0.9.0.M3.jar:/home/runner/.m2/repository/org/apache/maven/maven-settings-builder/3.9.9/maven-settings-builder-3.9.9.jar:/home/runner/.m2/repository/org/apache/maven/maven-resolver-provider/3.9.9/maven-resolver-provider-3.9.9.jar:/home/runner/.m2/repository/org/apache/maven/resolver/maven-resolver-connector-basic/1.9.22/maven-resolver-connector-basic-1.9.22.jar:/home/runner/.m2/repository/org/apache/maven/resolver/maven-resolver-transport-wagon/1.9.22/maven-resolver-transport-wagon-1.9.22.jar:/home/runner/.m2/repository/org/apache/maven/wagon/wagon-http/3.5.3/wagon-http-3.5.3.jar:/home/runner/.m2/repository/org/apache/maven/wagon/wagon-file/3.5.3/wagon-file-3.5.3.jar:/home/runner/.m2/repository/io/quarkus/quarkus-bootstrap-gradle-resolver/3.20.2/quarkus-bootstrap-gradle-resolver-3.20.2.jar:/home/runner/.m2/repository/io/smallrye/jandex/3.3.0/jandex-3.3.0.jar:/home/runner/.m2/repository/org/jboss/logging/commons-logging-jboss-logging/1.0.0.Final/commons-logging-jboss-logging-1.0.0.Final.jar:/home/runner/.m2/repository/io/quarkus/quarkus-junit5-config/3.20.2/quarkus-junit5-config-3.20.2.jar:/home/runner/.m2/repository/org/junit/jupiter/junit-jupiter-api/5.12.1/junit-jupiter-api-5.12.1.jar:/home/runner/.m2/repository/io/smallrye/config/smallrye-config/3.11.4/smallrye-config-3.11.4.jar:/home/runner/.m2/repository/io/smallrye/config/smallrye-config-core/3.11.4/smallrye-config-core-3.11.4.jar:/home/runner/.m2/repository/io/smallrye/common/smallrye-common-classloader/2.12.0/smallrye-common-classloader-2.12.0.jar:/home/runner/.m2/repository/io/smallrye/config/smallrye-config-common/3.11.4/smallrye-config-common-3.11.4.jar:/home/runner/.m2/repository/org/junit/jupiter/junit-jupiter/5.12.1/junit-jupiter-5.12.1.jar:/home/runner/.m2/repository/org/junit/jupiter/junit-jupiter-params/5.12.1/junit-jupiter-params-5.12.1.jar:/home/runner/.m2/repository/org/junit/jupiter/junit-jupiter-engine/5.12.1/junit-jupiter-engine-5.12.1.jar:/home/runner/.m2/repository/io/quarkus/quarkus-core/3.20.2/quarkus-core-3.20.2.jar:/home/runner/.m2/repository/jakarta/enterprise/jakarta.enterprise.cdi-api/4.1.0/jakarta.enterprise.cdi-api-4.1.0.jar:/home/runner/.m2/repository/jakarta/enterprise/jakarta.enterprise.lang-model/4.1.0/jakarta.enterprise.lang-model-4.1.0.jar:/home/runner/.m2/repository/jakarta/el/jakarta.el-api/5.0.1/jakarta.el-api-5.0.1.jar:/home/runner/.m2/repository/jakarta/interceptor/jakarta.interceptor-api/2.2.0/jakarta.interceptor-api-2.2.0.jar:/home/runner/.m2/repository/jakarta/inject/jakarta.inject-api/2.0.1/jakarta.inject-api-2.0.1.jar:/home/runner/.m2/repository/io/smallrye/common/smallrye-common-os/2.12.0/smallrye-common-os-2.12.0.jar:/home/runner/.m2/repository/io/quarkus/quarkus-ide-launcher/3.20.2/quarkus-ide-launcher-3.20.2.jar:/home/runner/.m2/repository/io/quarkus/quarkus-development-mode-spi/3.20.2/quarkus-development-mode-spi-3.20.2.jar:/home/runner/.m2/repository/org/jboss/logging/jboss-logging/3.6.1.Final/jboss-logging-3.6.1.Final.jar:/home/runner/.m2/repository/org/jboss/logmanager/jboss-logmanager/3.1.2.Final/jboss-logmanager-3.1.2.Final.jar:/home/runner/.m2/repository/io/smallrye/common/smallrye-common-constraint/2.12.0/smallrye-common-constraint-2.12.0.jar:/home/runner/.m2/repository/io/smallrye/common/smallrye-common-cpu/2.12.0/smallrye-common-cpu-2.12.0.jar:/home/runner/.m2/repository/io/smallrye/common/smallrye-common-expression/2.12.0/smallrye-common-expression-2.12.0.jar:/home/runner/.m2/repository/io/smallrye/common/smallrye-common-net/2.12.0/smallrye-common-net-2.12.0.jar:/home/runner/.m2/repository/io/smallrye/common/smallrye-common-ref/2.12.0/smallrye-common-ref-2.12.0.jar:/home/runner/.m2/repository/jakarta/json/jakarta.json-api/2.1.3/jakarta.json-api-2.1.3.jar:/home/runner/.m2/repository/org/eclipse/parsson/parsson/1.1.7/parsson-1.1.7.jar:/home/runner/.m2/repository/org/jboss/logging/jboss-logging-annotations/3.0.4.Final/jboss-logging-annotations-3.0.4.Final.jar:/home/runner/.m2/repository/org/jboss/threads/jboss-threads/3.8.0.Final/jboss-threads-3.8.0.Final.jar:/home/runner/.m2/repository/io/smallrye/common/smallrye-common-annotation/2.12.0/smallrye-common-annotation-2.12.0.jar:/home/runner/.m2/repository/io/smallrye/common/smallrye-common-function/2.12.0/smallrye-common-function-2.12.0.jar:/home/runner/.m2/repository/org/jboss/slf4j/slf4j-jboss-logmanager/2.0.0.Final/slf4j-jboss-logmanager-2.0.0.Final.jar:/home/runner/.m2/repository/org/wildfly/common/wildfly-common/2.0.1/wildfly-common-2.0.1.jar:/home/runner/.m2/repository/io/quarkus/quarkus-bootstrap-runner/3.20.2/quarkus-bootstrap-runner-3.20.2.jar:/home/runner/.m2/repository/io/github/crac/org-crac/0.1.3/org-crac-0.1.3.jar:/home/runner/.m2/repository/io/quarkus/quarkus-fs-util/0.0.10/quarkus-fs-util-0.0.10.jar:/home/runner/.m2/repository/org/jboss/marshalling/jboss-marshalling/2.2.2.Final/jboss-marshalling-2.2.2.Final.jar:/home/runner/.m2/repository/io/fabric8/kubernetes-client/7.1.0/kubernetes-client-7.1.0.jar:/home/runner/.m2/repository/io/fabric8/kubernetes-client-api/7.1.0/kubernetes-client-api-7.1.0.jar:/home/runner/.m2/repository/io/fabric8/kubernetes-model-core/7.1.0/kubernetes-model-core-7.1.0.jar:/home/runner/.m2/repository/io/fabric8/kubernetes-model-common/7.1.0/kubernetes-model-common-7.1.0.jar:/home/runner/.m2/repository/javax/annotation/javax.annotation-api/1.3.2/javax.annotation-api-1.3.2.jar:/home/runner/.m2/repository/io/fabric8/kubernetes-model-gatewayapi/7.1.0/kubernetes-model-gatewayapi-7.1.0.jar:/home/runner/.m2/repository/io/fabric8/kubernetes-model-resource/7.1.0/kubernetes-model-resource-7.1.0.jar:/home/runner/.m2/repository/io/fabric8/kubernetes-model-rbac/7.1.0/kubernetes-model-rbac-7.1.0.jar:/home/runner/.m2/repository/io/fabric8/kubernetes-model-admissionregistration/7.1.0/kubernetes-model-admissionregistration-7.1.0.jar:/home/runner/.m2/repository/io/fabric8/kubernetes-model-apps/7.1.0/kubernetes-model-apps-7.1.0.jar:/home/runner/.m2/repository/io/fabric8/kubernetes-model-autoscaling/7.1.0/kubernetes-model-autoscaling-7.1.0.jar:/home/runner/.m2/repository/io/fabric8/kubernetes-model-apiextensions/7.1.0/kubernetes-model-apiextensions-7.1.0.jar:/home/runner/.m2/repository/io/fabric8/kubernetes-model-batch/7.1.0/kubernetes-model-batch-7.1.0.jar:/home/runner/.m2/repository/io/fabric8/kubernetes-model-certificates/7.1.0/kubernetes-model-certificates-7.1.0.jar:/home/runner/.m2/repository/io/fabric8/kubernetes-model-coordination/7.1.0/kubernetes-model-coordination-7.1.0.jar:/home/runner/.m2/repository/io/fabric8/kubernetes-model-discovery/7.1.0/kubernetes-model-discovery-7.1.0.jar:/home/runner/.m2/repository/io/fabric8/kubernetes-model-events/7.1.0/kubernetes-model-events-7.1.0.jar:/home/runner/.m2/repository/io/fabric8/kubernetes-model-extensions/7.1.0/kubernetes-model-extensions-7.1.0.jar:/home/runner/.m2/repository/io/fabric8/kubernetes-model-flowcontrol/7.1.0/kubernetes-model-flowcontrol-7.1.0.jar:/home/runner/.m2/repository/io/fabric8/kubernetes-model-networking/7.1.0/kubernetes-model-networking-7.1.0.jar:/home/runner/.m2/repository/io/fabric8/kubernetes-model-metrics/7.1.0/kubernetes-model-metrics-7.1.0.jar:/home/runner/.m2/repository/io/fabric8/kubernetes-model-policy/7.1.0/kubernetes-model-policy-7.1.0.jar:/home/runner/.m2/repository/io/fabric8/kubernetes-model-scheduling/7.1.0/kubernetes-model-scheduling-7.1.0.jar:/home/runner/.m2/repository/io/fabric8/kubernetes-model-storageclass/7.1.0/kubernetes-model-storageclass-7.1.0.jar:/home/runner/.m2/repository/io/fabric8/kubernetes-model-node/7.1.0/kubernetes-model-node-7.1.0.jar:/home/runner/.m2/repository/org/snakeyaml/snakeyaml-engine/2.9/snakeyaml-engine-2.9.jar:/home/runner/.m2/repository/com/fasterxml/jackson/dataformat/jackson-dataformat-yaml/2.18.2/jackson-dataformat-yaml-2.18.2.jar:/home/runner/.m2/repository/com/fasterxml/jackson/datatype/jackson-datatype-jsr310/2.18.2/jackson-datatype-jsr310-2.18.2.jar:/home/runner/.m2/repository/io/fabric8/zjsonpatch/7.1.0/zjsonpatch-7.1.0.jar:/home/runner/.m2/repository/io/fabric8/kubernetes-httpclient-vertx/7.1.0/kubernetes-httpclient-vertx-7.1.0.jar:/home/runner/.m2/repository/io/vertx/vertx-web-client/4.5.16/vertx-web-client-4.5.16.jar:/home/runner/.m2/repository/io/vertx/vertx-web-common/4.5.16/vertx-web-common-4.5.16.jar:/home/runner/.m2/repository/io/vertx/vertx-auth-common/4.5.16/vertx-auth-common-4.5.16.jar:/home/runner/.m2/repository/io/vertx/vertx-uri-template/4.5.16/vertx-uri-template-4.5.16.jar:/home/runner/.m2/repository/io/fabric8/openshift-client/7.1.0/openshift-client-7.1.0.jar:/home/runner/.m2/repository/io/fabric8/openshift-client-api/7.1.0/openshift-client-api-7.1.0.jar:/home/runner/.m2/repository/io/fabric8/openshift-model/7.1.0/openshift-model-7.1.0.jar:/home/runner/.m2/repository/io/fabric8/openshift-model-autoscaling/7.1.0/openshift-model-autoscaling-7.1.0.jar:/home/runner/.m2/repository/io/fabric8/openshift-model-operator/7.1.0/openshift-model-operator-7.1.0.jar:/home/runner/.m2/repository/io/fabric8/openshift-model-operatorhub/7.1.0/openshift-model-operatorhub-7.1.0.jar:/home/runner/.m2/repository/io/fabric8/openshift-model-machine/7.1.0/openshift-model-machine-7.1.0.jar:/home/runner/.m2/repository/io/fabric8/openshift-model-whereabouts/7.1.0/openshift-model-whereabouts-7.1.0.jar:/home/runner/.m2/repository/io/fabric8/openshift-model-monitoring/7.1.0/openshift-model-monitoring-7.1.0.jar:/home/runner/.m2/repository/io/fabric8/openshift-model-storageversionmigrator/7.1.0/openshift-model-storageversionmigrator-7.1.0.jar:/home/runner/.m2/repository/io/fabric8/openshift-model-tuned/7.1.0/openshift-model-tuned-7.1.0.jar:/home/runner/.m2/repository/io/fabric8/openshift-model-console/7.1.0/openshift-model-console-7.1.0.jar:/home/runner/.m2/repository/io/fabric8/openshift-model-config/7.1.0/openshift-model-config-7.1.0.jar:/home/runner/.m2/repository/io/fabric8/openshift-model-machineconfiguration/7.1.0/openshift-model-machineconfiguration-7.1.0.jar:/home/runner/.m2/repository/io/fabric8/openshift-model-miscellaneous/7.1.0/openshift-model-miscellaneous-7.1.0.jar:/home/runner/.m2/repository/io/fabric8/openshift-model-hive/7.1.0/openshift-model-hive-7.1.0.jar:/home/runner/.m2/repository/io/fabric8/openshift-model-installer/7.1.0/openshift-model-installer-7.1.0.jar:/home/runner/.m2/repository/org/junit/platform/junit-platform-launcher/1.12.1/junit-platform-launcher-1.12.1.jar:/home/runner/.m2/repository/org/junit/platform/junit-platform-engine/1.12.1/junit-platform-engine-1.12.1.jar:/home/runner/.m2/repository/org/opentest4j/opentest4j/1.3.0/opentest4j-1.3.0.jar:/home/runner/.m2/repository/org/junit/platform/junit-platform-commons/1.12.1/junit-platform-commons-1.12.1.jar:/home/runner/.m2/repository/org/apiguardian/apiguardian-api/1.1.2/apiguardian-api-1.1.2.jar:/home/runner/.m2/repository/jakarta/ws/rs/jakarta.ws.rs-api/3.1.0/jakarta.ws.rs-api-3.1.0.jar:/home/runner/work/apicurio-testing/apicurio-testing/clusters/ci419/namespaces/ksql043/tests/integration/apicurio-registry/java-sdk/target/apicurio-registry-java-sdk-3.0.12-SNAPSHOT.jar:/home/runner/.m2/repository/com/microsoft/kiota/microsoft-kiota-abstractions/1.8.9/microsoft-kiota-abstractions-1.8.9.jar:/home/runner/.m2/repository/io/github/std-uritemplate/std-uritemplate/2.0.0/std-uritemplate-2.0.0.jar:/home/runner/.m2/repository/io/kiota/kiota-http-jdk/0.0.29/kiota-http-jdk-0.0.29.jar:/home/runner/.m2/repository/io/kiota/kiota-http-vertx/0.0.29/kiota-http-vertx-0.0.29.jar:/home/runner/.m2/repository/io/kiota/kiota-serialization-jackson/0.0.29/kiota-serialization-jackson-0.0.29.jar:/home/runner/.m2/repository/com/microsoft/kiota/microsoft-kiota-serialization-text/1.8.9/microsoft-kiota-serialization-text-1.8.9.jar:/home/runner/.m2/repository/com/microsoft/kiota/microsoft-kiota-serialization-form/1.8.9/microsoft-kiota-serialization-form-1.8.9.jar:/home/runner/.m2/repository/com/microsoft/kiota/microsoft-kiota-serialization-multipart/1.8.9/microsoft-kiota-serialization-multipart-1.8.9.jar:/home/runner/.m2/repository/jakarta/annotation/jakarta.annotation-api/3.0.0/jakarta.annotation-api-3.0.0.jar:/home/runner/.m2/repository/io/vertx/vertx-auth-oauth2/4.5.16/vertx-auth-oauth2-4.5.16.jar:/home/runner/work/apicurio-testing/apicurio-testing/clusters/ci419/namespaces/ksql043/tests/integration/apicurio-registry/java-sdk-v2/target/apicurio-registry-v2-java-sdk-3.0.12-SNAPSHOT.jar:/home/runner/work/apicurio-testing/apicurio-testing/clusters/ci419/namespaces/ksql043/tests/integration/apicurio-registry/utils/kafka/target/apicurio-registry-utils-kafka-3.0.12-SNAPSHOT-tests.jar:/home/runner/.m2/repository/org/eclipse/microprofile/config/microprofile-config-api/3.1/microprofile-config-api-3.1.jar:/home/runner/.m2/repository/org/apache/kafka/kafka-clients/3.9.1/kafka-clients-3.9.1.jar:/home/runner/.m2/repository/com/github/luben/zstd-jni/1.5.6-4/zstd-jni-1.5.6-4.jar:/home/runner/.m2/repository/org/lz4/lz4-java/1.8.0/lz4-java-1.8.0.jar:/home/runner/.m2/repository/org/xerial/snappy/snappy-java/1.1.10.5/snappy-java-1.1.10.5.jar:/home/runner/.m2/repository/org/slf4j/slf4j-api/2.0.6/slf4j-api-2.0.6.jar:/home/runner/work/apicurio-testing/apicurio-testing/clusters/ci419/namespaces/ksql043/tests/integration/apicurio-registry/utils/tests/target/apicurio-registry-utils-tests-3.0.12-SNAPSHOT.jar:/home/runner/work/apicurio-testing/apicurio-testing/clusters/ci419/namespaces/ksql043/tests/integration/apicurio-registry/common/target/apicurio-registry-common-3.0.12-SNAPSHOT.jar:/home/runner/.m2/repository/jakarta/validation/jakarta.validation-api/3.0.2/jakarta.validation-api-3.0.2.jar:/home/runner/.m2/repository/com/github/dasniko/testcontainers-keycloak/3.8.0/testcontainers-keycloak-3.8.0.jar:/home/runner/.m2/repository/org/testcontainers/testcontainers/1.20.6/testcontainers-1.20.6.jar:/home/runner/.m2/repository/org/rnorth/duct-tape/duct-tape/1.0.8/duct-tape-1.0.8.jar:/home/runner/.m2/repository/com/github/docker-java/docker-java-transport-zerodep/3.4.1/docker-java-transport-zerodep-3.4.1.jar:/home/runner/.m2/repository/com/github/docker-java/docker-java-transport/3.4.1/docker-java-transport-3.4.1.jar:/home/runner/.m2/repository/net/java/dev/jna/jna/5.8.0/jna-5.8.0.jar:/home/runner/.m2/repository/io/quarkus/quarkus-junit4-mock/3.20.2/quarkus-junit4-mock-3.20.2.jar:/home/runner/.m2/repository/org/jboss/shrinkwrap/shrinkwrap-api/2.0.0-beta-2/shrinkwrap-api-2.0.0-beta-2.jar:/home/runner/.m2/repository/org/jboss/shrinkwrap/shrinkwrap-impl-base/2.0.0-beta-2/shrinkwrap-impl-base-2.0.0-beta-2.jar:/home/runner/.m2/repository/org/jboss/shrinkwrap/shrinkwrap-spi/2.0.0-beta-2/shrinkwrap-spi-2.0.0-beta-2.jar:/home/runner/.m2/repository/org/keycloak/keycloak-admin-client/26.0.4/keycloak-admin-client-26.0.4.jar:/home/runner/.m2/repository/org/keycloak/keycloak-client-common-synced/26.0.4/keycloak-client-common-synced-26.0.4.jar:/home/runner/.m2/repository/jakarta/activation/jakarta.activation-api/2.1.3/jakarta.activation-api-2.1.3.jar:/home/runner/.m2/repository/org/eclipse/microprofile/openapi/microprofile-openapi-api/4.0.2/microprofile-openapi-api-4.0.2.jar:/home/runner/.m2/repository/org/jboss/resteasy/resteasy-client/6.2.12.Final/resteasy-client-6.2.12.Final.jar:/home/runner/.m2/repository/org/jboss/resteasy/resteasy-client-api/6.2.12.Final/resteasy-client-api-6.2.12.Final.jar:/home/runner/.m2/repository/org/jboss/resteasy/resteasy-core-spi/6.2.12.Final/resteasy-core-spi-6.2.12.Final.jar:/home/runner/.m2/repository/org/jboss/resteasy/resteasy-core/6.2.12.Final/resteasy-core-6.2.12.Final.jar:/home/runner/.m2/repository/org/eclipse/angus/angus-activation/2.0.2/angus-activation-2.0.2.jar:/home/runner/.m2/repository/com/ibm/async/asyncutil/0.1.0/asyncutil-0.1.0.jar:/home/runner/.m2/repository/org/reactivestreams/reactive-streams/1.0.4/reactive-streams-1.0.4.jar:/home/runner/.m2/repository/org/jboss/resteasy/resteasy-multipart-provider/6.2.12.Final/resteasy-multipart-provider-6.2.12.Final.jar:/home/runner/.m2/repository/jakarta/mail/jakarta.mail-api/2.1.3/jakarta.mail-api-2.1.3.jar:/home/runner/.m2/repository/org/eclipse/angus/angus-mail/2.0.3/angus-mail-2.0.3.jar:/home/runner/.m2/repository/org/apache/james/apache-mime4j-dom/0.8.12/apache-mime4j-dom-0.8.12.jar:/home/runner/.m2/repository/org/apache/james/apache-mime4j-core/0.8.12/apache-mime4j-core-0.8.12.jar:/home/runner/.m2/repository/org/apache/james/apache-mime4j-storage/0.8.12/apache-mime4j-storage-0.8.12.jar:/home/runner/.m2/repository/org/jboss/resteasy/resteasy-jackson2-provider/6.2.12.Final/resteasy-jackson2-provider-6.2.12.Final.jar:/home/runner/.m2/repository/com/fasterxml/jackson/jakarta/rs/jackson-jakarta-rs-base/2.18.2/jackson-jakarta-rs-base-2.18.2.jar:/home/runner/.m2/repository/com/fasterxml/jackson/jakarta/rs/jackson-jakarta-rs-json-provider/2.18.2/jackson-jakarta-rs-json-provider-2.18.2.jar:/home/runner/.m2/repository/com/fasterxml/jackson/module/jackson-module-jakarta-xmlbind-annotations/2.18.2/jackson-module-jakarta-xmlbind-annotations-2.18.2.jar:/home/runner/.m2/repository/com/github/java-json-tools/json-patch/1.13/json-patch-1.13.jar:/home/runner/.m2/repository/com/github/java-json-tools/msg-simple/1.2/msg-simple-1.2.jar:/home/runner/.m2/repository/com/github/java-json-tools/btf/1.3/btf-1.3.jar:/home/runner/.m2/repository/com/github/java-json-tools/jackson-coreutils/2.0/jackson-coreutils-2.0.jar:/home/runner/.m2/repository/org/jboss/resteasy/resteasy-jaxb-provider/6.2.12.Final/resteasy-jaxb-provider-6.2.12.Final.jar:/home/runner/.m2/repository/org/glassfish/jaxb/codemodel/4.0.5/codemodel-4.0.5.jar:/home/runner/.m2/repository/org/glassfish/jaxb/jaxb-core/4.0.5/jaxb-core-4.0.5.jar:/home/runner/.m2/repository/org/glassfish/jaxb/jaxb-jxc/4.0.5/jaxb-jxc-4.0.5.jar:/home/runner/.m2/repository/org/glassfish/jaxb/jaxb-runtime/4.0.5/jaxb-runtime-4.0.5.jar:/home/runner/.m2/repository/org/glassfish/jaxb/txw2/4.0.5/txw2-4.0.5.jar:/home/runner/.m2/repository/org/glassfish/jaxb/jaxb-xjc/4.0.5/jaxb-xjc-4.0.5.jar:/home/runner/.m2/repository/org/glassfish/jaxb/xsom/4.0.5/xsom-4.0.5.jar:/home/runner/.m2/repository/com/sun/istack/istack-commons-runtime/4.1.2/istack-commons-runtime-4.1.2.jar:/home/runner/.m2/repository/com/sun/istack/istack-commons-tools/4.1.2/istack-commons-tools-4.1.2.jar:/home/runner/.m2/repository/com/sun/xml/bind/external/relaxng-datatype/4.0.5/relaxng-datatype-4.0.5.jar:/home/runner/.m2/repository/com/sun/xml/bind/external/rngom/4.0.5/rngom-4.0.5.jar:/home/runner/.m2/repository/org/testcontainers/mssqlserver/1.20.6/mssqlserver-1.20.6.jar:/home/runner/.m2/repository/org/testcontainers/jdbc/1.20.6/jdbc-1.20.6.jar:/home/runner/.m2/repository/org/testcontainers/database-commons/1.20.6/database-commons-1.20.6.jar:/home/runner/.m2/repository/org/testcontainers/mysql/1.20.6/mysql-1.20.6.jar:/home/runner/.m2/repository/io/strimzi/strimzi-test-container/0.111.0/strimzi-test-container-0.111.0.jar:/home/runner/.m2/repository/org/testcontainers/toxiproxy/1.20.6/toxiproxy-1.20.6.jar:/home/runner/.m2/repository/com/github/docker-java/docker-java-api/3.4.1/docker-java-api-3.4.1.jar:/home/runner/.m2/repository/org/apache/logging/log4j/log4j-slf4j-impl/2.19.0/log4j-slf4j-impl-2.19.0.jar:/home/runner/.m2/repository/org/apache/logging/log4j/log4j-api/2.24.3/log4j-api-2.24.3.jar:/home/runner/.m2/repository/org/apache/logging/log4j/log4j-core/2.19.0/log4j-core-2.19.0.jar:/home/runner/.m2/repository/eu/rekawek/toxiproxy/toxiproxy-java/2.1.7/toxiproxy-java-2.1.7.jar:/home/runner/.m2/repository/org/testcontainers/pulsar/1.21.3/pulsar-1.21.3.jar:/home/runner/.m2/repository/io/debezium/debezium-testing-testcontainers/2.7.4.Final/debezium-testing-testcontainers-2.7.4.Final.jar:/home/runner/.m2/repository/org/testcontainers/kafka/1.20.6/kafka-1.20.6.jar:/home/runner/.m2/repository/com/squareup/okhttp3/okhttp/4.8.1/okhttp-4.8.1.jar:/home/runner/.m2/repository/com/squareup/okio/okio/3.10.2/okio-3.10.2.jar:/home/runner/.m2/repository/com/squareup/okio/okio-jvm/3.10.2/okio-jvm-3.10.2.jar:/home/runner/.m2/repository/org/jetbrains/kotlin/kotlin-stdlib/2.0.21/kotlin-stdlib-2.0.21.jar:/home/runner/.m2/repository/org/awaitility/awaitility/4.3.0/awaitility-4.3.0.jar:/home/runner/.m2/repository/org/testcontainers/mongodb/1.20.6/mongodb-1.20.6.jar:/home/runner/.m2/repository/org/testcontainers/mariadb/1.20.6/mariadb-1.20.6.jar:/home/runner/.m2/repository/org/testcontainers/oracle-xe/1.20.6/oracle-xe-1.20.6.jar:/home/runner/.m2/repository/org/testcontainers/postgresql/1.20.6/postgresql-1.20.6.jar:/home/runner/.m2/repository/org/wiremock/wiremock/3.0.1/wiremock-3.0.1.jar:/home/runner/.m2/repository/org/eclipse/jetty/jetty-server/11.0.15/jetty-server-11.0.15.jar:/home/runner/.m2/repository/org/eclipse/jetty/toolchain/jetty-jakarta-servlet-api/5.0.2/jetty-jakarta-servlet-api-5.0.2.jar:/home/runner/.m2/repository/org/eclipse/jetty/jetty-http/11.0.15/jetty-http-11.0.15.jar:/home/runner/.m2/repository/org/eclipse/jetty/jetty-io/11.0.15/jetty-io-11.0.15.jar:/home/runner/.m2/repository/org/eclipse/jetty/jetty-servlet/11.0.15/jetty-servlet-11.0.15.jar:/home/runner/.m2/repository/org/eclipse/jetty/jetty-security/11.0.15/jetty-security-11.0.15.jar:/home/runner/.m2/repository/org/eclipse/jetty/jetty-servlets/11.0.15/jetty-servlets-11.0.15.jar:/home/runner/.m2/repository/org/eclipse/jetty/jetty-util/11.0.15/jetty-util-11.0.15.jar:/home/runner/.m2/repository/org/eclipse/jetty/jetty-webapp/11.0.15/jetty-webapp-11.0.15.jar:/home/runner/.m2/repository/org/eclipse/jetty/jetty-xml/11.0.15/jetty-xml-11.0.15.jar:/home/runner/.m2/repository/org/eclipse/jetty/jetty-proxy/11.0.15/jetty-proxy-11.0.15.jar:/home/runner/.m2/repository/org/eclipse/jetty/jetty-client/11.0.15/jetty-client-11.0.15.jar:/home/runner/.m2/repository/org/eclipse/jetty/http2/http2-server/11.0.15/http2-server-11.0.15.jar:/home/runner/.m2/repository/org/eclipse/jetty/http2/http2-common/11.0.15/http2-common-11.0.15.jar:/home/runner/.m2/repository/org/eclipse/jetty/http2/http2-hpack/11.0.15/http2-hpack-11.0.15.jar:/home/runner/.m2/repository/org/eclipse/jetty/jetty-alpn-server/11.0.15/jetty-alpn-server-11.0.15.jar:/home/runner/.m2/repository/org/eclipse/jetty/jetty-alpn-java-server/11.0.15/jetty-alpn-java-server-11.0.15.jar:/home/runner/.m2/repository/org/eclipse/jetty/jetty-alpn-java-client/11.0.15/jetty-alpn-java-client-11.0.15.jar:/home/runner/.m2/repository/org/eclipse/jetty/jetty-alpn-client/11.0.15/jetty-alpn-client-11.0.15.jar:/home/runner/.m2/repository/org/apache/httpcomponents/client5/httpclient5/5.2.1/httpclient5-5.2.1.jar:/home/runner/.m2/repository/org/apache/httpcomponents/core5/httpcore5/5.2/httpcore5-5.2.jar:/home/runner/.m2/repository/org/apache/httpcomponents/core5/httpcore5-h2/5.2/httpcore5-h2-5.2.jar:/home/runner/.m2/repository/org/xmlunit/xmlunit-core/2.9.1/xmlunit-core-2.9.1.jar:/home/runner/.m2/repository/jakarta/xml/bind/jakarta.xml.bind-api/4.0.2/jakarta.xml.bind-api-4.0.2.jar:/home/runner/.m2/repository/org/xmlunit/xmlunit-legacy/2.9.1/xmlunit-legacy-2.9.1.jar:/home/runner/.m2/repository/org/xmlunit/xmlunit-placeholders/2.9.1/xmlunit-placeholders-2.9.1.jar:/home/runner/.m2/repository/net/javacrumbs/json-unit/json-unit-core/2.38.0/json-unit-core-2.38.0.jar:/home/runner/.m2/repository/org/hamcrest/hamcrest-core/2.2/hamcrest-core-2.2.jar:/home/runner/.m2/repository/com/jayway/jsonpath/json-path/2.8.0/json-path-2.8.0.jar:/home/runner/.m2/repository/net/minidev/json-smart/2.4.10/json-smart-2.4.10.jar:/home/runner/.m2/repository/net/minidev/accessors-smart/2.4.9/accessors-smart-2.4.9.jar:/home/runner/.m2/repository/org/ow2/asm/asm/9.7.1/asm-9.7.1.jar:/home/runner/.m2/repository/net/sf/jopt-simple/jopt-simple/5.0.4/jopt-simple-5.0.4.jar:/home/runner/.m2/repository/com/github/jknack/handlebars/4.3.1/handlebars-4.3.1.jar:/home/runner/.m2/repository/com/github/jknack/handlebars-helpers/4.3.1/handlebars-helpers-4.3.1.jar:/home/runner/.m2/repository/commons-fileupload/commons-fileupload/1.5/commons-fileupload-1.5.jar:/home/runner/.m2/repository/com/networknt/json-schema-validator/1.5.8/json-schema-validator-1.5.8.jar:/home/runner/.m2/repository/com/ethlo/time/itu/1.10.3/itu-1.10.3.jar:/home/runner/.m2/repository/io/quarkus/quarkus-smallrye-jwt-build/3.20.2/quarkus-smallrye-jwt-build-3.20.2.jar:/home/runner/.m2/repository/io/smallrye/smallrye-jwt-build/4.6.2/smallrye-jwt-build-4.6.2.jar:/home/runner/.m2/repository/org/eclipse/microprofile/jwt/microprofile-jwt-auth-api/2.1/microprofile-jwt-auth-api-2.1.jar:/home/runner/.m2/repository/org/bitbucket/b_c/jose4j/0.9.6/jose4j-0.9.6.jar:/home/runner/.m2/repository/io/smallrye/smallrye-jwt-common/4.6.2/smallrye-jwt-common-4.6.2.jar:/home/runner/.m2/repository/io/quarkus/quarkus-jsonp/3.20.2/quarkus-jsonp-3.20.2.jar:/home/runner/.m2/repository/io/quarkus/quarkus-arc/3.20.2/quarkus-arc-3.20.2.jar:/home/runner/.m2/repository/io/quarkus/arc/arc/3.20.2/arc-3.20.2.jar:/home/runner/.m2/repository/jakarta/transaction/jakarta.transaction-api/2.0.1/jakarta.transaction-api-2.0.1.jar:/home/runner/.m2/repository/io/smallrye/reactive/mutiny/2.9.2/mutiny-2.9.2.jar:/home/runner/.m2/repository/org/jctools/jctools-core/4.0.5/jctools-core-4.0.5.jar:/home/runner/.m2/repository/org/eclipse/microprofile/context-propagation/microprofile-context-propagation-api/1.3/microprofile-context-propagation-api-1.3.jar:/home/runner/.m2/repository/io/apicurio/apicurio-common-rest-client-common/0.1.18.Final/apicurio-common-rest-client-common-0.1.18.Final.jar:/home/runner/work/apicurio-testing/apicurio-testing/clusters/ci419/namespaces/ksql043/tests/integration/apicurio-registry/utils/maven-plugin/target/apicurio-registry-maven-plugin-3.0.12-SNAPSHOT.jar:/home/runner/.m2/repository/com/fasterxml/jackson/core/jackson-databind/2.18.2/jackson-databind-2.18.2.jar:/home/runner/.m2/repository/org/apache/avro/avro/1.12.0/avro-1.12.0.jar:/home/runner/.m2/repository/com/google/protobuf/protobuf-java/4.31.1/protobuf-java-4.31.1.jar:/home/runner/.m2/repository/com/google/protobuf/protobuf-java-util/4.31.1/protobuf-java-util-4.31.1.jar:/home/runner/.m2/repository/com/google/code/findbugs/jsr305/3.0.2/jsr305-3.0.2.jar:/home/runner/.m2/repository/com/google/code/gson/gson/2.12.1/gson-2.12.1.jar:/home/runner/.m2/repository/com/google/errorprone/error_prone_annotations/2.36.0/error_prone_annotations-2.36.0.jar:/home/runner/.m2/repository/com/google/j2objc/j2objc-annotations/2.8/j2objc-annotations-2.8.jar:/home/runner/work/apicurio-testing/apicurio-testing/clusters/ci419/namespaces/ksql043/tests/integration/apicurio-registry/schema-util/util-provider/target/apicurio-registry-schema-util-provider-3.0.12-SNAPSHOT.jar:/home/runner/work/apicurio-testing/apicurio-testing/clusters/ci419/namespaces/ksql043/tests/integration/apicurio-registry/schema-util/common/target/apicurio-registry-schema-util-common-3.0.12-SNAPSHOT.jar:/home/runner/.m2/repository/com/fasterxml/jackson/module/jackson-module-parameter-names/2.18.2/jackson-module-parameter-names-2.18.2.jar:/home/runner/.m2/repository/com/fasterxml/jackson/datatype/jackson-datatype-json-org/2.18.2/jackson-datatype-json-org-2.18.2.jar:/home/runner/work/apicurio-testing/apicurio-testing/clusters/ci419/namespaces/ksql043/tests/integration/apicurio-registry/schema-util/json/target/apicurio-registry-schema-util-json-3.0.12-SNAPSHOT.jar:/home/runner/.m2/repository/com/github/erosb/everit-json-schema/1.14.5/everit-json-schema-1.14.5.jar:/home/runner/.m2/repository/commons-validator/commons-validator/1.9.0/commons-validator-1.9.0.jar:/home/runner/.m2/repository/commons-digester/commons-digester/2.1/commons-digester-2.1.jar:/home/runner/.m2/repository/commons-collections/commons-collections/3.2.2/commons-collections-3.2.2.jar:/home/runner/.m2/repository/com/damnhandy/handy-uri-templates/2.1.8/handy-uri-templates-2.1.8.jar:/home/runner/.m2/repository/joda-time/joda-time/2.10.2/joda-time-2.10.2.jar:/home/runner/.m2/repository/com/github/erosb/json-sKema/0.20.0/json-sKema-0.20.0.jar:/home/runner/.m2/repository/io/vertx/vertx-json-schema/4.5.16/vertx-json-schema-4.5.16.jar:/home/runner/work/apicurio-testing/apicurio-testing/clusters/ci419/namespaces/ksql043/tests/integration/apicurio-registry/schema-util/protobuf/target/apicurio-registry-schema-util-protobuf-3.0.12-SNAPSHOT.jar:/home/runner/work/apicurio-testing/apicurio-testing/clusters/ci419/namespaces/ksql043/tests/integration/apicurio-registry/utils/protobuf-schema-utilities/target/apicurio-registry-protobuf-schema-utilities-3.0.12-SNAPSHOT.jar:/home/runner/.m2/repository/com/google/api/grpc/proto-google-common-protos/2.52.0/proto-google-common-protos-2.52.0.jar:/home/runner/.m2/repository/com/squareup/wire/wire-schema-jvm/5.3.3/wire-schema-jvm-5.3.3.jar:/home/runner/.m2/repository/com/palantir/javapoet/javapoet/0.6.0/javapoet-0.6.0.jar:/home/runner/.m2/repository/com/squareup/kotlinpoet-jvm/2.0.0/kotlinpoet-jvm-2.0.0.jar:/home/runner/.m2/repository/org/jetbrains/kotlin/kotlin-reflect/2.0.21/kotlin-reflect-2.0.21.jar:/home/runner/.m2/repository/com/squareup/wire/wire-runtime-jvm/5.3.3/wire-runtime-jvm-5.3.3.jar:/home/runner/.m2/repository/com/ibm/icu/icu4j/76.1/icu4j-76.1.jar:/home/runner/.m2/repository/com/squareup/okio/okio-fakefilesystem/3.10.2/okio-fakefilesystem-3.10.2.jar:/home/runner/.m2/repository/com/squareup/okio/okio-fakefilesystem-jvm/3.10.2/okio-fakefilesystem-jvm-3.10.2.jar:/home/runner/.m2/repository/org/jetbrains/kotlinx/kotlinx-datetime-jvm/0.6.1/kotlinx-datetime-jvm-0.6.1.jar:/home/runner/work/apicurio-testing/apicurio-testing/clusters/ci419/namespaces/ksql043/tests/integration/apicurio-registry/schema-util/asyncapi/target/apicurio-registry-schema-util-asyncapi-3.0.12-SNAPSHOT.jar:/home/runner/work/apicurio-testing/apicurio-testing/clusters/ci419/namespaces/ksql043/tests/integration/apicurio-registry/schema-util/avro/target/apicurio-registry-schema-util-avro-3.0.12-SNAPSHOT.jar:/home/runner/work/apicurio-testing/apicurio-testing/clusters/ci419/namespaces/ksql043/tests/integration/apicurio-registry/schema-util/graphql/target/apicurio-registry-schema-util-graphql-3.0.12-SNAPSHOT.jar:/home/runner/.m2/repository/com/graphql-java/graphql-java/22.4/graphql-java-22.4.jar:/home/runner/.m2/repository/com/graphql-java/java-dataloader/3.3.0/java-dataloader-3.3.0.jar:/home/runner/work/apicurio-testing/apicurio-testing/clusters/ci419/namespaces/ksql043/tests/integration/apicurio-registry/schema-util/kconnect/target/apicurio-registry-schema-util-kconnect-3.0.12-SNAPSHOT.jar:/home/runner/work/apicurio-testing/apicurio-testing/clusters/ci419/namespaces/ksql043/tests/integration/apicurio-registry/schema-util/openapi/target/apicurio-registry-schema-util-openapi-3.0.12-SNAPSHOT.jar:/home/runner/.m2/repository/io/apicurio/apicurio-data-models/2.2.2/apicurio-data-models-2.2.2.jar:/home/runner/.m2/repository/org/openapitools/openapidiff/openapi-diff-core/2.1.2/openapi-diff-core-2.1.2.jar:/home/runner/.m2/repository/io/swagger/parser/v3/swagger-parser/2.1.28/swagger-parser-2.1.28.jar:/home/runner/.m2/repository/io/swagger/parser/v3/swagger-parser-v2-converter/2.1.28/swagger-parser-v2-converter-2.1.28.jar:/home/runner/.m2/repository/io/swagger/swagger-core/1.6.16/swagger-core-1.6.16.jar:/home/runner/.m2/repository/io/swagger/swagger-models/1.6.16/swagger-models-1.6.16.jar:/home/runner/.m2/repository/io/swagger/swagger-annotations/1.6.16/swagger-annotations-1.6.16.jar:/home/runner/.m2/repository/io/swagger/swagger-parser/1.0.75/swagger-parser-1.0.75.jar:/home/runner/.m2/repository/io/swagger/swagger-parser-safe-url-resolver/1.0.75/swagger-parser-safe-url-resolver-1.0.75.jar:/home/runner/.m2/repository/io/swagger/swagger-compat-spec-parser/1.0.75/swagger-compat-spec-parser-1.0.75.jar:/home/runner/.m2/repository/com/github/java-json-tools/json-schema-validator/2.2.14/json-schema-validator-2.2.14.jar:/home/runner/.m2/repository/com/github/java-json-tools/jackson-coreutils-equivalence/1.0/jackson-coreutils-equivalence-1.0.jar:/home/runner/.m2/repository/com/github/java-json-tools/json-schema-core/1.2.14/json-schema-core-1.2.14.jar:/home/runner/.m2/repository/com/github/java-json-tools/uri-template/0.10/uri-template-0.10.jar:/home/runner/.m2/repository/com/googlecode/libphonenumber/libphonenumber/8.11.1/libphonenumber-8.11.1.jar:/home/runner/.m2/repository/com/j2html/j2html/1.6.0/j2html-1.6.0.jar:/home/runner/.m2/repository/org/apache/commons/commons-collections4/4.5.0/commons-collections4-4.5.0.jar:/home/runner/.m2/repository/org/slf4j/jcl-over-slf4j/2.0.17/jcl-over-slf4j-2.0.17.jar:/home/runner/.m2/repository/io/swagger/parser/v3/swagger-parser-v3/2.1.31/swagger-parser-v3-2.1.31.jar:/home/runner/.m2/repository/io/swagger/core/v3/swagger-models/2.2.34/swagger-models-2.2.34.jar:/home/runner/.m2/repository/io/swagger/core/v3/swagger-core/2.2.34/swagger-core-2.2.34.jar:/home/runner/.m2/repository/io/swagger/parser/v3/swagger-parser-core/2.1.31/swagger-parser-core-2.1.31.jar:/home/runner/.m2/repository/io/swagger/parser/v3/swagger-parser-safe-url-resolver/2.1.31/swagger-parser-safe-url-resolver-2.1.31.jar:/home/runner/work/apicurio-testing/apicurio-testing/clusters/ci419/namespaces/ksql043/tests/integration/apicurio-registry/schema-util/wsdl/target/apicurio-registry-schema-util-wsdl-3.0.12-SNAPSHOT.jar:/home/runner/.m2/repository/wsdl4j/wsdl4j/1.6.3/wsdl4j-1.6.3.jar:/home/runner/work/apicurio-testing/apicurio-testing/clusters/ci419/namespaces/ksql043/tests/integration/apicurio-registry/schema-util/xml/target/apicurio-registry-schema-util-xml-3.0.12-SNAPSHOT.jar:/home/runner/.m2/repository/org/apache/santuario/xmlsec/4.0.4/xmlsec-4.0.4.jar:/home/runner/.m2/repository/com/fasterxml/woodstox/woodstox-core/7.1.1/woodstox-core-7.1.1.jar:/home/runner/.m2/repository/org/codehaus/woodstox/stax2-api/4.2.2/stax2-api-4.2.2.jar:/home/runner/work/apicurio-testing/apicurio-testing/clusters/ci419/namespaces/ksql043/tests/integration/apicurio-registry/schema-util/xsd/target/apicurio-registry-schema-util-xsd-3.0.12-SNAPSHOT.jar:/home/runner/work/apicurio-testing/apicurio-testing/clusters/ci419/namespaces/ksql043/tests/integration/apicurio-registry/serdes/kafka/jsonschema-serde/target/apicurio-registry-jsonschema-serde-kafka-3.0.12-SNAPSHOT.jar:/home/runner/work/apicurio-testing/apicurio-testing/clusters/ci419/namespaces/ksql043/tests/integration/apicurio-registry/serdes/kafka/serde-kafka-common/target/apicurio-registry-serde-kafka-common-3.0.12-SNAPSHOT.jar:/home/runner/work/apicurio-testing/apicurio-testing/clusters/ci419/namespaces/ksql043/tests/integration/apicurio-registry/serdes/generic/serde-common/target/apicurio-registry-serde-common-3.0.12-SNAPSHOT.jar:/home/runner/work/apicurio-testing/apicurio-testing/clusters/ci419/namespaces/ksql043/tests/integration/apicurio-registry/serdes/generic/serde-common-jsonschema/target/apicurio-registry-serde-common-jsonschema-3.0.12-SNAPSHOT.jar:/home/runner/.m2/repository/org/json/json/20250107/json-20250107.jar:/home/runner/work/apicurio-testing/apicurio-testing/clusters/ci419/namespaces/ksql043/tests/integration/apicurio-registry/serdes/kafka/avro-serde/target/apicurio-registry-avro-serde-kafka-3.0.12-SNAPSHOT.jar:/home/runner/work/apicurio-testing/apicurio-testing/clusters/ci419/namespaces/ksql043/tests/integration/apicurio-registry/serdes/generic/serde-common-avro/target/apicurio-registry-serde-common-avro-3.0.12-SNAPSHOT.jar:/home/runner/work/apicurio-testing/apicurio-testing/clusters/ci419/namespaces/ksql043/tests/integration/apicurio-registry/serdes/kafka/protobuf-serde/target/apicurio-registry-protobuf-serde-kafka-3.0.12-SNAPSHOT.jar:/home/runner/work/apicurio-testing/apicurio-testing/clusters/ci419/namespaces/ksql043/tests/integration/apicurio-registry/serdes/generic/serde-common-protobuf/target/apicurio-registry-serde-common-protobuf-3.0.12-SNAPSHOT.jar:/home/runner/.m2/repository/com/squareup/wire/wire-schema/5.3.3/wire-schema-5.3.3.jar:/home/runner/.m2/repository/com/squareup/wire/wire-runtime/5.3.3/wire-runtime-5.3.3.jar:/home/runner/work/apicurio-testing/apicurio-testing/clusters/ci419/namespaces/ksql043/tests/integration/apicurio-registry/serdes/pulsar/avro-serde/target/apicurio-registry-avro-serde-pulsar-3.0.12-SNAPSHOT.jar:/home/runner/.m2/repository/org/apache/pulsar/pulsar-functions-api/3.3.8/pulsar-functions-api-3.3.8.jar:/home/runner/work/apicurio-testing/apicurio-testing/clusters/ci419/namespaces/ksql043/tests/integration/apicurio-registry/serdes/nats/avro-serde/target/apicurio-registry-avro-serde-nats-3.0.12-SNAPSHOT.jar:/home/runner/.m2/repository/io/nats/jnats/2.21.4/jnats-2.21.4.jar:/home/runner/.m2/repository/org/bouncycastle/bcprov-lts8on/2.73.7/bcprov-lts8on-2.73.7.jar:/home/runner/.m2/repository/org/jetbrains/annotations/26.0.2/annotations-26.0.2.jar:/home/runner/work/apicurio-testing/apicurio-testing/clusters/ci419/namespaces/ksql043/tests/integration/apicurio-registry/utils/converter/target/apicurio-registry-utils-converter-3.0.12-SNAPSHOT.jar:/home/runner/work/apicurio-testing/apicurio-testing/clusters/ci419/namespaces/ksql043/tests/integration/apicurio-registry/schema-resolver/target/apicurio-registry-schema-resolver-3.0.12-SNAPSHOT.jar:/home/runner/.m2/repository/org/apache/kafka/connect-api/3.9.1/connect-api-3.9.1.jar:/home/runner/.m2/repository/javax/ws/rs/javax.ws.rs-api/2.1.1/javax.ws.rs-api-2.1.1.jar:/home/runner/.m2/repository/org/apache/kafka/connect-json/3.9.1/connect-json-3.9.1.jar:/home/runner/.m2/repository/com/fasterxml/jackson/datatype/jackson-datatype-jdk8/2.18.2/jackson-datatype-jdk8-2.18.2.jar:/home/runner/.m2/repository/com/fasterxml/jackson/module/jackson-module-afterburner/2.18.2/jackson-module-afterburner-2.18.2.jar:/home/runner/work/apicurio-testing/apicurio-testing/clusters/ci419/namespaces/ksql043/tests/integration/apicurio-registry/utils/kafka/target/apicurio-registry-utils-kafka-3.0.12-SNAPSHOT.jar:/home/runner/.m2/repository/org/apache/pulsar/pulsar-client/3.3.8/pulsar-client-3.3.8.jar:/home/runner/.m2/repository/org/apache/pulsar/pulsar-client-api/3.3.8/pulsar-client-api-3.3.8.jar:/home/runner/.m2/repository/org/apache/pulsar/pulsar-client-admin-api/3.3.8/pulsar-client-admin-api-3.3.8.jar:/home/runner/.m2/repository/org/apache/pulsar/bouncy-castle-bc/3.3.8/bouncy-castle-bc-3.3.8-pkg.jar:/home/runner/.m2/repository/org/bouncycastle/bcpkix-jdk18on/1.81/bcpkix-jdk18on-1.81.jar:/home/runner/.m2/repository/org/bouncycastle/bcutil-jdk18on/1.81/bcutil-jdk18on-1.81.jar:/home/runner/.m2/repository/org/bouncycastle/bcprov-jdk18on/1.81/bcprov-jdk18on-1.81.jar:/home/runner/.m2/repository/io/opentelemetry/opentelemetry-api/1.44.1/opentelemetry-api-1.44.1.jar:/home/runner/.m2/repository/io/opentelemetry/opentelemetry-context/1.44.1/opentelemetry-context-1.44.1.jar:/home/runner/.m2/repository/io/opentelemetry/opentelemetry-api-incubator/1.44.1-alpha/opentelemetry-api-incubator-1.44.1-alpha.jar:/home/runner/.m2/repository/com/fasterxml/jackson/core/jackson-annotations/2.18.2/jackson-annotations-2.18.2.jar:/home/runner/.m2/repository/javax/validation/validation-api/1.1.0.Final/validation-api-1.1.0.Final.jar:/home/runner/.m2/repository/org/jspecify/jspecify/1.0.0/jspecify-1.0.0.jar:/home/runner/.m2/repository/org/apache/commons/commons-configuration2/2.12.0/commons-configuration2-2.12.0.jar:/home/runner/.m2/repository/commons-logging/commons-logging/1.3.5/commons-logging-1.3.5.jar:/home/runner/.m2/repository/org/apache/commons/commons-text/1.13.0/commons-text-1.13.0.jar:/home/runner/.m2/repository/io/confluent/kafka-avro-serializer/8.0.0/kafka-avro-serializer-8.0.0.jar:/home/runner/.m2/repository/org/apache/commons/commons-compress/1.27.1/commons-compress-1.27.1.jar:/home/runner/.m2/repository/io/confluent/kafka-schema-serializer/8.0.0/kafka-schema-serializer-8.0.0.jar:/home/runner/.m2/repository/com/fasterxml/jackson/dataformat/jackson-dataformat-csv/2.18.2/jackson-dataformat-csv-2.18.2.jar:/home/runner/.m2/repository/io/confluent/kafka-schema-registry-client/8.0.0/kafka-schema-registry-client-8.0.0.jar:/home/runner/.m2/repository/org/yaml/snakeyaml/2.3/snakeyaml-2.3.jar:/home/runner/.m2/repository/io/swagger/core/v3/swagger-annotations/2.2.29/swagger-annotations-2.2.29.jar:/home/runner/.m2/repository/com/google/guava/guava/33.4.0-jre/guava-33.4.0-jre.jar:/home/runner/.m2/repository/com/google/guava/failureaccess/1.0.1/failureaccess-1.0.1.jar:/home/runner/.m2/repository/org/checkerframework/checker-qual/3.49.0/checker-qual-3.49.0.jar:/home/runner/.m2/repository/io/confluent/logredactor/1.0.13/logredactor-1.0.13.jar:/home/runner/.m2/repository/com/google/re2j/re2j/1.6/re2j-1.6.jar:/home/runner/.m2/repository/io/confluent/logredactor-metrics/1.0.13/logredactor-metrics-1.0.13.jar:/home/runner/.m2/repository/com/eclipsesource/minimal-json/minimal-json/0.9.5/minimal-json-0.9.5.jar:/home/runner/.m2/repository/io/confluent/common-utils/8.0.0/common-utils-8.0.0.jar:/home/runner/.m2/repository/io/confluent/kafka-connect-avro-converter/8.0.0/kafka-connect-avro-converter-8.0.0.jar:/home/runner/.m2/repository/io/confluent/kafka-connect-avro-data/8.0.0/kafka-connect-avro-data-8.0.0.jar:/home/runner/.m2/repository/io/confluent/kafka-schema-converter/8.0.0/kafka-schema-converter-8.0.0.jar:/home/runner/.m2/repository/io/rest-assured/rest-assured/5.5.1/rest-assured-5.5.1.jar:/home/runner/.m2/repository/org/apache/groovy/groovy/4.0.22/groovy-4.0.22.jar:/home/runner/.m2/repository/org/apache/groovy/groovy-xml/4.0.22/groovy-xml-4.0.22.jar:/home/runner/.m2/repository/org/apache/httpcomponents/httpclient/4.5.14/httpclient-4.5.14.jar:/home/runner/.m2/repository/org/apache/httpcomponents/httpcore/4.4.16/httpcore-4.4.16.jar:/home/runner/.m2/repository/org/apache/httpcomponents/httpmime/4.5.14/httpmime-4.5.14.jar:/home/runner/.m2/repository/org/hamcrest/hamcrest/2.2/hamcrest-2.2.jar:/home/runner/.m2/repository/org/ccil/cowan/tagsoup/tagsoup/1.2.1/tagsoup-1.2.1.jar:/home/runner/.m2/repository/io/rest-assured/json-path/5.5.1/json-path-5.5.1.jar:/home/runner/.m2/repository/org/apache/groovy/groovy-json/4.0.22/groovy-json-4.0.22.jar:/home/runner/.m2/repository/io/rest-assured/rest-assured-common/5.5.1/rest-assured-common-5.5.1.jar:/home/runner/.m2/repository/io/rest-assured/xml-path/5.5.1/xml-path-5.5.1.jar:/home/runner/.m2/repository/io/zonky/test/embedded-postgres/2.1.0/embedded-postgres-2.1.0.jar:/home/runner/.m2/repository/io/zonky/test/postgres/embedded-postgres-binaries-windows-amd64/14.15.0/embedded-postgres-binaries-windows-amd64-14.15.0.jar:/home/runner/.m2/repository/io/zonky/test/postgres/embedded-postgres-binaries-darwin-amd64/14.15.0/embedded-postgres-binaries-darwin-amd64-14.15.0.jar:/home/runner/.m2/repository/io/zonky/test/postgres/embedded-postgres-binaries-linux-amd64/14.15.0/embedded-postgres-binaries-linux-amd64-14.15.0.jar:/home/runner/.m2/repository/io/zonky/test/postgres/embedded-postgres-binaries-linux-amd64-alpine/14.15.0/embedded-postgres-binaries-linux-amd64-alpine-14.15.0.jar:/home/runner/.m2/repository/org/apache/commons/commons-lang3/3.17.0/commons-lang3-3.17.0.jar:/home/runner/.m2/repository/org/tukaani/xz/1.10/xz-1.10.jar:/home/runner/.m2/repository/commons-codec/commons-codec/1.19.0/commons-codec-1.19.0.jar:/home/runner/.m2/repository/org/postgresql/postgresql/42.7.7/postgresql-42.7.7.jar:/home/runner/.m2/repository/commons-io/commons-io/2.18.0/commons-io-2.18.0.jar:/home/runner/work/apicurio-testing/apicurio-testing/clusters/ci419/namespaces/ksql043/tests/integration/apicurio-registry/utils/importexport/target/apicurio-registry-utils-import-export-3.0.12-SNAPSHOT.jar:/home/runner/.m2/repository/io/vertx/vertx-core/4.5.16/vertx-core-4.5.16.jar:/home/runner/.m2/repository/io/netty/netty-common/4.1.121.Final/netty-common-4.1.121.Final.jar:/home/runner/.m2/repository/io/netty/netty-buffer/4.1.121.Final/netty-buffer-4.1.121.Final.jar:/home/runner/.m2/repository/io/netty/netty-transport/4.1.121.Final/netty-transport-4.1.121.Final.jar:/home/runner/.m2/repository/io/netty/netty-handler/4.1.121.Final/netty-handler-4.1.121.Final.jar:/home/runner/.m2/repository/io/netty/netty-transport-native-unix-common/4.1.121.Final/netty-transport-native-unix-common-4.1.121.Final.jar:/home/runner/.m2/repository/io/netty/netty-codec/4.1.121.Final/netty-codec-4.1.121.Final.jar:/home/runner/.m2/repository/io/netty/netty-handler-proxy/4.1.121.Final/netty-handler-proxy-4.1.121.Final.jar:/home/runner/.m2/repository/io/netty/netty-codec-socks/4.1.121.Final/netty-codec-socks-4.1.121.Final.jar:/home/runner/.m2/repository/io/netty/netty-codec-http/4.1.121.Final/netty-codec-http-4.1.121.Final.jar:/home/runner/.m2/repository/io/netty/netty-codec-http2/4.1.121.Final/netty-codec-http2-4.1.121.Final.jar:/home/runner/.m2/repository/io/netty/netty-resolver/4.1.121.Final/netty-resolver-4.1.121.Final.jar:/home/runner/.m2/repository/io/netty/netty-resolver-dns/4.1.121.Final/netty-resolver-dns-4.1.121.Final.jar:/home/runner/.m2/repository/io/netty/netty-codec-dns/4.1.121.Final/netty-codec-dns-4.1.121.Final.jar:/home/runner/.m2/repository/com/fasterxml/jackson/core/jackson-core/2.18.2/jackson-core-2.18.2.jar:"/>
    <property name="java.vm.vendor" value="Eclipse Adoptium"/>
    <property name="maven.javadoc.skip" value="true"/>
    <property name="sun.arch.data.model" value="64"/>
    <property name="java.vendor.url" value="https://adoptium.net/"/>
    <property name="user.timezone" value="Etc/UTC"/>
    <property name="os.name" value="Linux"/>
    <property name="java.vm.specification.version" value="17"/>
    <property name="sun.java.launcher" value="SUN_STANDARD"/>
    <property name="quarkus.http.test-port" value="80"/>
    <property name="sun.boot.library.path" value="/usr/lib/jvm/temurin-17-jdk-amd64/lib"/>
    <property name="sun.java.command" value="/home/runner/work/apicurio-testing/apicurio-testing/clusters/ci419/namespaces/ksql043/tests/integration/apicurio-registry/integration-tests/target/surefire/surefirebooter-20250813022114595_3.jar /home/runner/work/apicurio-testing/apicurio-testing/clusters/ci419/namespaces/ksql043/tests/integration/apicurio-registry/integration-tests/target/surefire 2025-08-13T02-21-14_489-jvmRun1 surefire-20250813022114595_1tmp surefire_0-20250813022114595_2tmp"/>
    <property name="maven.home" value="/home/runner/.m2/wrapper/dists/apache-maven-3.9.8-bin/4fnp1ql35bgk2a0p7m31ovbgb0/apache-maven-3.9.8"/>
    <property name="jdk.debug" value="release"/>
    <property name="surefire.test.class.path" value="/home/runner/work/apicurio-testing/apicurio-testing/clusters/ci419/namespaces/ksql043/tests/integration/apicurio-registry/integration-tests/target/test-classes:/home/runner/work/apicurio-testing/apicurio-testing/clusters/ci419/namespaces/ksql043/tests/integration/apicurio-registry/integration-tests/target/apicurio-registry-integration-tests-3.0.12-SNAPSHOT.jar:/home/runner/.m2/repository/io/quarkus/quarkus-junit5/3.20.2/quarkus-junit5-3.20.2.jar:/home/runner/.m2/repository/io/quarkus/quarkus-bootstrap-core/3.20.2/quarkus-bootstrap-core-3.20.2.jar:/home/runner/.m2/repository/io/quarkus/quarkus-classloader-commons/3.20.2/quarkus-classloader-commons-3.20.2.jar:/home/runner/.m2/repository/io/quarkus/quarkus-bootstrap-app-model/3.20.2/quarkus-bootstrap-app-model-3.20.2.jar:/home/runner/.m2/repository/io/smallrye/common/smallrye-common-io/2.12.0/smallrye-common-io-2.12.0.jar:/home/runner/.m2/repository/org/eclipse/sisu/org.eclipse.sisu.inject/0.9.0.M3/org.eclipse.sisu.inject-0.9.0.M3.jar:/home/runner/.m2/repository/io/quarkus/quarkus-test-common/3.20.2/quarkus-test-common-3.20.2.jar:/home/runner/.m2/repository/io/quarkus/quarkus-core-deployment/3.20.2/quarkus-core-deployment-3.20.2.jar:/home/runner/.m2/repository/org/aesh/readline/2.6/readline-2.6.jar:/home/runner/.m2/repository/org/fusesource/jansi/jansi/2.4.0/jansi-2.4.0.jar:/home/runner/.m2/repository/org/aesh/aesh/2.8.2/aesh-2.8.2.jar:/home/runner/.m2/repository/io/quarkus/gizmo/gizmo/1.8.0/gizmo-1.8.0.jar:/home/runner/.m2/repository/org/ow2/asm/asm-util/9.7.1/asm-util-9.7.1.jar:/home/runner/.m2/repository/org/ow2/asm/asm-analysis/9.7.1/asm-analysis-9.7.1.jar:/home/runner/.m2/repository/org/ow2/asm/asm-commons/9.7.1/asm-commons-9.7.1.jar:/home/runner/.m2/repository/org/ow2/asm/asm-tree/9.7.1/asm-tree-9.7.1.jar:/home/runner/.m2/repository/io/quarkus/quarkus-hibernate-validator-spi/3.20.2/quarkus-hibernate-validator-spi-3.20.2.jar:/home/runner/.m2/repository/io/quarkus/quarkus-class-change-agent/3.20.2/quarkus-class-change-agent-3.20.2.jar:/home/runner/.m2/repository/io/quarkus/quarkus-devtools-utilities/3.20.2/quarkus-devtools-utilities-3.20.2.jar:/home/runner/.m2/repository/io/quarkus/quarkus-builder/3.20.2/quarkus-builder-3.20.2.jar:/home/runner/.m2/repository/org/graalvm/sdk/nativeimage/23.1.2/nativeimage-23.1.2.jar:/home/runner/.m2/repository/org/graalvm/sdk/word/23.1.2/word-23.1.2.jar:/home/runner/.m2/repository/io/quarkus/quarkus-bootstrap-maven-resolver/3.20.2/quarkus-bootstrap-maven-resolver-3.20.2.jar:/home/runner/.m2/repository/io/smallrye/beanbag/smallrye-beanbag-maven/1.5.2/smallrye-beanbag-maven-1.5.2.jar:/home/runner/.m2/repository/io/smallrye/beanbag/smallrye-beanbag-sisu/1.5.2/smallrye-beanbag-sisu-1.5.2.jar:/home/runner/.m2/repository/io/smallrye/beanbag/smallrye-beanbag/1.5.2/smallrye-beanbag-1.5.2.jar:/home/runner/.m2/repository/javax/inject/javax.inject/1/javax.inject-1.jar:/home/runner/.m2/repository/org/apache/maven/maven-artifact/3.9.9/maven-artifact-3.9.9.jar:/home/runner/.m2/repository/org/apache/maven/maven-builder-support/3.9.9/maven-builder-support-3.9.9.jar:/home/runner/.m2/repository/org/apache/maven/maven-model/3.9.9/maven-model-3.9.9.jar:/home/runner/.m2/repository/org/apache/maven/maven-model-builder/3.9.9/maven-model-builder-3.9.9.jar:/home/runner/.m2/repository/org/apache/maven/maven-repository-metadata/3.9.9/maven-repository-metadata-3.9.9.jar:/home/runner/.m2/repository/org/apache/maven/maven-settings/3.9.9/maven-settings-3.9.9.jar:/home/runner/.m2/repository/org/apache/maven/resolver/maven-resolver-api/1.9.22/maven-resolver-api-1.9.22.jar:/home/runner/.m2/repository/org/apache/maven/resolver/maven-resolver-impl/1.9.22/maven-resolver-impl-1.9.22.jar:/home/runner/.m2/repository/org/apache/maven/resolver/maven-resolver-named-locks/1.9.22/maven-resolver-named-locks-1.9.22.jar:/home/runner/.m2/repository/org/apache/maven/resolver/maven-resolver-spi/1.9.22/maven-resolver-spi-1.9.22.jar:/home/runner/.m2/repository/org/apache/maven/resolver/maven-resolver-util/1.9.22/maven-resolver-util-1.9.22.jar:/home/runner/.m2/repository/org/apache/maven/resolver/maven-resolver-transport-http/1.9.20/maven-resolver-transport-http-1.9.20.jar:/home/runner/.m2/repository/org/apache/maven/wagon/wagon-provider-api/3.5.3/wagon-provider-api-3.5.3.jar:/home/runner/.m2/repository/org/apache/maven/wagon/wagon-http-shared/3.5.3/wagon-http-shared-3.5.3.jar:/home/runner/.m2/repository/org/codehaus/plexus/plexus-interpolation/1.26/plexus-interpolation-1.26.jar:/home/runner/.m2/repository/org/codehaus/plexus/plexus-utils/3.5.1/plexus-utils-3.5.1.jar:/home/runner/.m2/repository/org/codehaus/plexus/plexus-xml/4.0.1/plexus-xml-4.0.1.jar:/home/runner/.m2/repository/org/apache/maven/maven-xml-impl/4.0.0-alpha-5/maven-xml-impl-4.0.0-alpha-5.jar:/home/runner/.m2/repository/org/apache/maven/maven-api-xml/4.0.0-alpha-5/maven-api-xml-4.0.0-alpha-5.jar:/home/runner/.m2/repository/org/apache/maven/maven-api-meta/4.0.0-alpha-5/maven-api-meta-4.0.0-alpha-5.jar:/home/runner/.m2/repository/org/codehaus/plexus/plexus-cipher/2.0/plexus-cipher-2.0.jar:/home/runner/.m2/repository/org/codehaus/plexus/plexus-sec-dispatcher/2.0/plexus-sec-dispatcher-2.0.jar:/home/runner/.m2/repository/org/apache/maven/maven-embedder/3.9.9/maven-embedder-3.9.9.jar:/home/runner/.m2/repository/org/apache/maven/maven-core/3.9.9/maven-core-3.9.9.jar:/home/runner/.m2/repository/org/codehaus/plexus/plexus-component-annotations/2.1.0/plexus-component-annotations-2.1.0.jar:/home/runner/.m2/repository/org/apache/maven/maven-plugin-api/3.9.9/maven-plugin-api-3.9.9.jar:/home/runner/.m2/repository/org/apache/maven/shared/maven-shared-utils/3.4.2/maven-shared-utils-3.4.2.jar:/home/runner/.m2/repository/com/google/inject/guice/5.1.0/guice-5.1.0.jar:/home/runner/.m2/repository/aopalliance/aopalliance/1.0/aopalliance-1.0.jar:/home/runner/.m2/repository/org/codehaus/plexus/plexus-classworlds/2.6.0/plexus-classworlds-2.6.0.jar:/home/runner/.m2/repository/commons-cli/commons-cli/1.8.0/commons-cli-1.8.0.jar:/home/runner/.m2/repository/org/eclipse/sisu/org.eclipse.sisu.plexus/0.9.0.M3/org.eclipse.sisu.plexus-0.9.0.M3.jar:/home/runner/.m2/repository/org/apache/maven/maven-settings-builder/3.9.9/maven-settings-builder-3.9.9.jar:/home/runner/.m2/repository/org/apache/maven/maven-resolver-provider/3.9.9/maven-resolver-provider-3.9.9.jar:/home/runner/.m2/repository/org/apache/maven/resolver/maven-resolver-connector-basic/1.9.22/maven-resolver-connector-basic-1.9.22.jar:/home/runner/.m2/repository/org/apache/maven/resolver/maven-resolver-transport-wagon/1.9.22/maven-resolver-transport-wagon-1.9.22.jar:/home/runner/.m2/repository/org/apache/maven/wagon/wagon-http/3.5.3/wagon-http-3.5.3.jar:/home/runner/.m2/repository/org/apache/maven/wagon/wagon-file/3.5.3/wagon-file-3.5.3.jar:/home/runner/.m2/repository/io/quarkus/quarkus-bootstrap-gradle-resolver/3.20.2/quarkus-bootstrap-gradle-resolver-3.20.2.jar:/home/runner/.m2/repository/io/smallrye/jandex/3.3.0/jandex-3.3.0.jar:/home/runner/.m2/repository/org/jboss/logging/commons-logging-jboss-logging/1.0.0.Final/commons-logging-jboss-logging-1.0.0.Final.jar:/home/runner/.m2/repository/io/quarkus/quarkus-junit5-config/3.20.2/quarkus-junit5-config-3.20.2.jar:/home/runner/.m2/repository/org/junit/jupiter/junit-jupiter-api/5.12.1/junit-jupiter-api-5.12.1.jar:/home/runner/.m2/repository/io/smallrye/config/smallrye-config/3.11.4/smallrye-config-3.11.4.jar:/home/runner/.m2/repository/io/smallrye/config/smallrye-config-core/3.11.4/smallrye-config-core-3.11.4.jar:/home/runner/.m2/repository/io/smallrye/common/smallrye-common-classloader/2.12.0/smallrye-common-classloader-2.12.0.jar:/home/runner/.m2/repository/io/smallrye/config/smallrye-config-common/3.11.4/smallrye-config-common-3.11.4.jar:/home/runner/.m2/repository/org/junit/jupiter/junit-jupiter/5.12.1/junit-jupiter-5.12.1.jar:/home/runner/.m2/repository/org/junit/jupiter/junit-jupiter-params/5.12.1/junit-jupiter-params-5.12.1.jar:/home/runner/.m2/repository/org/junit/jupiter/junit-jupiter-engine/5.12.1/junit-jupiter-engine-5.12.1.jar:/home/runner/.m2/repository/io/quarkus/quarkus-core/3.20.2/quarkus-core-3.20.2.jar:/home/runner/.m2/repository/jakarta/enterprise/jakarta.enterprise.cdi-api/4.1.0/jakarta.enterprise.cdi-api-4.1.0.jar:/home/runner/.m2/repository/jakarta/enterprise/jakarta.enterprise.lang-model/4.1.0/jakarta.enterprise.lang-model-4.1.0.jar:/home/runner/.m2/repository/jakarta/el/jakarta.el-api/5.0.1/jakarta.el-api-5.0.1.jar:/home/runner/.m2/repository/jakarta/interceptor/jakarta.interceptor-api/2.2.0/jakarta.interceptor-api-2.2.0.jar:/home/runner/.m2/repository/jakarta/inject/jakarta.inject-api/2.0.1/jakarta.inject-api-2.0.1.jar:/home/runner/.m2/repository/io/smallrye/common/smallrye-common-os/2.12.0/smallrye-common-os-2.12.0.jar:/home/runner/.m2/repository/io/quarkus/quarkus-ide-launcher/3.20.2/quarkus-ide-launcher-3.20.2.jar:/home/runner/.m2/repository/io/quarkus/quarkus-development-mode-spi/3.20.2/quarkus-development-mode-spi-3.20.2.jar:/home/runner/.m2/repository/org/jboss/logging/jboss-logging/3.6.1.Final/jboss-logging-3.6.1.Final.jar:/home/runner/.m2/repository/org/jboss/logmanager/jboss-logmanager/3.1.2.Final/jboss-logmanager-3.1.2.Final.jar:/home/runner/.m2/repository/io/smallrye/common/smallrye-common-constraint/2.12.0/smallrye-common-constraint-2.12.0.jar:/home/runner/.m2/repository/io/smallrye/common/smallrye-common-cpu/2.12.0/smallrye-common-cpu-2.12.0.jar:/home/runner/.m2/repository/io/smallrye/common/smallrye-common-expression/2.12.0/smallrye-common-expression-2.12.0.jar:/home/runner/.m2/repository/io/smallrye/common/smallrye-common-net/2.12.0/smallrye-common-net-2.12.0.jar:/home/runner/.m2/repository/io/smallrye/common/smallrye-common-ref/2.12.0/smallrye-common-ref-2.12.0.jar:/home/runner/.m2/repository/jakarta/json/jakarta.json-api/2.1.3/jakarta.json-api-2.1.3.jar:/home/runner/.m2/repository/org/eclipse/parsson/parsson/1.1.7/parsson-1.1.7.jar:/home/runner/.m2/repository/org/jboss/logging/jboss-logging-annotations/3.0.4.Final/jboss-logging-annotations-3.0.4.Final.jar:/home/runner/.m2/repository/org/jboss/threads/jboss-threads/3.8.0.Final/jboss-threads-3.8.0.Final.jar:/home/runner/.m2/repository/io/smallrye/common/smallrye-common-annotation/2.12.0/smallrye-common-annotation-2.12.0.jar:/home/runner/.m2/repository/io/smallrye/common/smallrye-common-function/2.12.0/smallrye-common-function-2.12.0.jar:/home/runner/.m2/repository/org/jboss/slf4j/slf4j-jboss-logmanager/2.0.0.Final/slf4j-jboss-logmanager-2.0.0.Final.jar:/home/runner/.m2/repository/org/wildfly/common/wildfly-common/2.0.1/wildfly-common-2.0.1.jar:/home/runner/.m2/repository/io/quarkus/quarkus-bootstrap-runner/3.20.2/quarkus-bootstrap-runner-3.20.2.jar:/home/runner/.m2/repository/io/github/crac/org-crac/0.1.3/org-crac-0.1.3.jar:/home/runner/.m2/repository/io/quarkus/quarkus-fs-util/0.0.10/quarkus-fs-util-0.0.10.jar:/home/runner/.m2/repository/org/jboss/marshalling/jboss-marshalling/2.2.2.Final/jboss-marshalling-2.2.2.Final.jar:/home/runner/.m2/repository/io/fabric8/kubernetes-client/7.1.0/kubernetes-client-7.1.0.jar:/home/runner/.m2/repository/io/fabric8/kubernetes-client-api/7.1.0/kubernetes-client-api-7.1.0.jar:/home/runner/.m2/repository/io/fabric8/kubernetes-model-core/7.1.0/kubernetes-model-core-7.1.0.jar:/home/runner/.m2/repository/io/fabric8/kubernetes-model-common/7.1.0/kubernetes-model-common-7.1.0.jar:/home/runner/.m2/repository/javax/annotation/javax.annotation-api/1.3.2/javax.annotation-api-1.3.2.jar:/home/runner/.m2/repository/io/fabric8/kubernetes-model-gatewayapi/7.1.0/kubernetes-model-gatewayapi-7.1.0.jar:/home/runner/.m2/repository/io/fabric8/kubernetes-model-resource/7.1.0/kubernetes-model-resource-7.1.0.jar:/home/runner/.m2/repository/io/fabric8/kubernetes-model-rbac/7.1.0/kubernetes-model-rbac-7.1.0.jar:/home/runner/.m2/repository/io/fabric8/kubernetes-model-admissionregistration/7.1.0/kubernetes-model-admissionregistration-7.1.0.jar:/home/runner/.m2/repository/io/fabric8/kubernetes-model-apps/7.1.0/kubernetes-model-apps-7.1.0.jar:/home/runner/.m2/repository/io/fabric8/kubernetes-model-autoscaling/7.1.0/kubernetes-model-autoscaling-7.1.0.jar:/home/runner/.m2/repository/io/fabric8/kubernetes-model-apiextensions/7.1.0/kubernetes-model-apiextensions-7.1.0.jar:/home/runner/.m2/repository/io/fabric8/kubernetes-model-batch/7.1.0/kubernetes-model-batch-7.1.0.jar:/home/runner/.m2/repository/io/fabric8/kubernetes-model-certificates/7.1.0/kubernetes-model-certificates-7.1.0.jar:/home/runner/.m2/repository/io/fabric8/kubernetes-model-coordination/7.1.0/kubernetes-model-coordination-7.1.0.jar:/home/runner/.m2/repository/io/fabric8/kubernetes-model-discovery/7.1.0/kubernetes-model-discovery-7.1.0.jar:/home/runner/.m2/repository/io/fabric8/kubernetes-model-events/7.1.0/kubernetes-model-events-7.1.0.jar:/home/runner/.m2/repository/io/fabric8/kubernetes-model-extensions/7.1.0/kubernetes-model-extensions-7.1.0.jar:/home/runner/.m2/repository/io/fabric8/kubernetes-model-flowcontrol/7.1.0/kubernetes-model-flowcontrol-7.1.0.jar:/home/runner/.m2/repository/io/fabric8/kubernetes-model-networking/7.1.0/kubernetes-model-networking-7.1.0.jar:/home/runner/.m2/repository/io/fabric8/kubernetes-model-metrics/7.1.0/kubernetes-model-metrics-7.1.0.jar:/home/runner/.m2/repository/io/fabric8/kubernetes-model-policy/7.1.0/kubernetes-model-policy-7.1.0.jar:/home/runner/.m2/repository/io/fabric8/kubernetes-model-scheduling/7.1.0/kubernetes-model-scheduling-7.1.0.jar:/home/runner/.m2/repository/io/fabric8/kubernetes-model-storageclass/7.1.0/kubernetes-model-storageclass-7.1.0.jar:/home/runner/.m2/repository/io/fabric8/kubernetes-model-node/7.1.0/kubernetes-model-node-7.1.0.jar:/home/runner/.m2/repository/org/snakeyaml/snakeyaml-engine/2.9/snakeyaml-engine-2.9.jar:/home/runner/.m2/repository/com/fasterxml/jackson/dataformat/jackson-dataformat-yaml/2.18.2/jackson-dataformat-yaml-2.18.2.jar:/home/runner/.m2/repository/com/fasterxml/jackson/datatype/jackson-datatype-jsr310/2.18.2/jackson-datatype-jsr310-2.18.2.jar:/home/runner/.m2/repository/io/fabric8/zjsonpatch/7.1.0/zjsonpatch-7.1.0.jar:/home/runner/.m2/repository/io/fabric8/kubernetes-httpclient-vertx/7.1.0/kubernetes-httpclient-vertx-7.1.0.jar:/home/runner/.m2/repository/io/vertx/vertx-web-client/4.5.16/vertx-web-client-4.5.16.jar:/home/runner/.m2/repository/io/vertx/vertx-web-common/4.5.16/vertx-web-common-4.5.16.jar:/home/runner/.m2/repository/io/vertx/vertx-auth-common/4.5.16/vertx-auth-common-4.5.16.jar:/home/runner/.m2/repository/io/vertx/vertx-uri-template/4.5.16/vertx-uri-template-4.5.16.jar:/home/runner/.m2/repository/io/fabric8/openshift-client/7.1.0/openshift-client-7.1.0.jar:/home/runner/.m2/repository/io/fabric8/openshift-client-api/7.1.0/openshift-client-api-7.1.0.jar:/home/runner/.m2/repository/io/fabric8/openshift-model/7.1.0/openshift-model-7.1.0.jar:/home/runner/.m2/repository/io/fabric8/openshift-model-autoscaling/7.1.0/openshift-model-autoscaling-7.1.0.jar:/home/runner/.m2/repository/io/fabric8/openshift-model-operator/7.1.0/openshift-model-operator-7.1.0.jar:/home/runner/.m2/repository/io/fabric8/openshift-model-operatorhub/7.1.0/openshift-model-operatorhub-7.1.0.jar:/home/runner/.m2/repository/io/fabric8/openshift-model-machine/7.1.0/openshift-model-machine-7.1.0.jar:/home/runner/.m2/repository/io/fabric8/openshift-model-whereabouts/7.1.0/openshift-model-whereabouts-7.1.0.jar:/home/runner/.m2/repository/io/fabric8/openshift-model-monitoring/7.1.0/openshift-model-monitoring-7.1.0.jar:/home/runner/.m2/repository/io/fabric8/openshift-model-storageversionmigrator/7.1.0/openshift-model-storageversionmigrator-7.1.0.jar:/home/runner/.m2/repository/io/fabric8/openshift-model-tuned/7.1.0/openshift-model-tuned-7.1.0.jar:/home/runner/.m2/repository/io/fabric8/openshift-model-console/7.1.0/openshift-model-console-7.1.0.jar:/home/runner/.m2/repository/io/fabric8/openshift-model-config/7.1.0/openshift-model-config-7.1.0.jar:/home/runner/.m2/repository/io/fabric8/openshift-model-machineconfiguration/7.1.0/openshift-model-machineconfiguration-7.1.0.jar:/home/runner/.m2/repository/io/fabric8/openshift-model-miscellaneous/7.1.0/openshift-model-miscellaneous-7.1.0.jar:/home/runner/.m2/repository/io/fabric8/openshift-model-hive/7.1.0/openshift-model-hive-7.1.0.jar:/home/runner/.m2/repository/io/fabric8/openshift-model-installer/7.1.0/openshift-model-installer-7.1.0.jar:/home/runner/.m2/repository/org/junit/platform/junit-platform-launcher/1.12.1/junit-platform-launcher-1.12.1.jar:/home/runner/.m2/repository/org/junit/platform/junit-platform-engine/1.12.1/junit-platform-engine-1.12.1.jar:/home/runner/.m2/repository/org/opentest4j/opentest4j/1.3.0/opentest4j-1.3.0.jar:/home/runner/.m2/repository/org/junit/platform/junit-platform-commons/1.12.1/junit-platform-commons-1.12.1.jar:/home/runner/.m2/repository/org/apiguardian/apiguardian-api/1.1.2/apiguardian-api-1.1.2.jar:/home/runner/.m2/repository/jakarta/ws/rs/jakarta.ws.rs-api/3.1.0/jakarta.ws.rs-api-3.1.0.jar:/home/runner/work/apicurio-testing/apicurio-testing/clusters/ci419/namespaces/ksql043/tests/integration/apicurio-registry/java-sdk/target/apicurio-registry-java-sdk-3.0.12-SNAPSHOT.jar:/home/runner/.m2/repository/com/microsoft/kiota/microsoft-kiota-abstractions/1.8.9/microsoft-kiota-abstractions-1.8.9.jar:/home/runner/.m2/repository/io/github/std-uritemplate/std-uritemplate/2.0.0/std-uritemplate-2.0.0.jar:/home/runner/.m2/repository/io/kiota/kiota-http-jdk/0.0.29/kiota-http-jdk-0.0.29.jar:/home/runner/.m2/repository/io/kiota/kiota-http-vertx/0.0.29/kiota-http-vertx-0.0.29.jar:/home/runner/.m2/repository/io/kiota/kiota-serialization-jackson/0.0.29/kiota-serialization-jackson-0.0.29.jar:/home/runner/.m2/repository/com/microsoft/kiota/microsoft-kiota-serialization-text/1.8.9/microsoft-kiota-serialization-text-1.8.9.jar:/home/runner/.m2/repository/com/microsoft/kiota/microsoft-kiota-serialization-form/1.8.9/microsoft-kiota-serialization-form-1.8.9.jar:/home/runner/.m2/repository/com/microsoft/kiota/microsoft-kiota-serialization-multipart/1.8.9/microsoft-kiota-serialization-multipart-1.8.9.jar:/home/runner/.m2/repository/jakarta/annotation/jakarta.annotation-api/3.0.0/jakarta.annotation-api-3.0.0.jar:/home/runner/.m2/repository/io/vertx/vertx-auth-oauth2/4.5.16/vertx-auth-oauth2-4.5.16.jar:/home/runner/work/apicurio-testing/apicurio-testing/clusters/ci419/namespaces/ksql043/tests/integration/apicurio-registry/java-sdk-v2/target/apicurio-registry-v2-java-sdk-3.0.12-SNAPSHOT.jar:/home/runner/work/apicurio-testing/apicurio-testing/clusters/ci419/namespaces/ksql043/tests/integration/apicurio-registry/utils/kafka/target/apicurio-registry-utils-kafka-3.0.12-SNAPSHOT-tests.jar:/home/runner/.m2/repository/org/eclipse/microprofile/config/microprofile-config-api/3.1/microprofile-config-api-3.1.jar:/home/runner/.m2/repository/org/apache/kafka/kafka-clients/3.9.1/kafka-clients-3.9.1.jar:/home/runner/.m2/repository/com/github/luben/zstd-jni/1.5.6-4/zstd-jni-1.5.6-4.jar:/home/runner/.m2/repository/org/lz4/lz4-java/1.8.0/lz4-java-1.8.0.jar:/home/runner/.m2/repository/org/xerial/snappy/snappy-java/1.1.10.5/snappy-java-1.1.10.5.jar:/home/runner/.m2/repository/org/slf4j/slf4j-api/2.0.6/slf4j-api-2.0.6.jar:/home/runner/work/apicurio-testing/apicurio-testing/clusters/ci419/namespaces/ksql043/tests/integration/apicurio-registry/utils/tests/target/apicurio-registry-utils-tests-3.0.12-SNAPSHOT.jar:/home/runner/work/apicurio-testing/apicurio-testing/clusters/ci419/namespaces/ksql043/tests/integration/apicurio-registry/common/target/apicurio-registry-common-3.0.12-SNAPSHOT.jar:/home/runner/.m2/repository/jakarta/validation/jakarta.validation-api/3.0.2/jakarta.validation-api-3.0.2.jar:/home/runner/.m2/repository/com/github/dasniko/testcontainers-keycloak/3.8.0/testcontainers-keycloak-3.8.0.jar:/home/runner/.m2/repository/org/testcontainers/testcontainers/1.20.6/testcontainers-1.20.6.jar:/home/runner/.m2/repository/org/rnorth/duct-tape/duct-tape/1.0.8/duct-tape-1.0.8.jar:/home/runner/.m2/repository/com/github/docker-java/docker-java-transport-zerodep/3.4.1/docker-java-transport-zerodep-3.4.1.jar:/home/runner/.m2/repository/com/github/docker-java/docker-java-transport/3.4.1/docker-java-transport-3.4.1.jar:/home/runner/.m2/repository/net/java/dev/jna/jna/5.8.0/jna-5.8.0.jar:/home/runner/.m2/repository/io/quarkus/quarkus-junit4-mock/3.20.2/quarkus-junit4-mock-3.20.2.jar:/home/runner/.m2/repository/org/jboss/shrinkwrap/shrinkwrap-api/2.0.0-beta-2/shrinkwrap-api-2.0.0-beta-2.jar:/home/runner/.m2/repository/org/jboss/shrinkwrap/shrinkwrap-impl-base/2.0.0-beta-2/shrinkwrap-impl-base-2.0.0-beta-2.jar:/home/runner/.m2/repository/org/jboss/shrinkwrap/shrinkwrap-spi/2.0.0-beta-2/shrinkwrap-spi-2.0.0-beta-2.jar:/home/runner/.m2/repository/org/keycloak/keycloak-admin-client/26.0.4/keycloak-admin-client-26.0.4.jar:/home/runner/.m2/repository/org/keycloak/keycloak-client-common-synced/26.0.4/keycloak-client-common-synced-26.0.4.jar:/home/runner/.m2/repository/jakarta/activation/jakarta.activation-api/2.1.3/jakarta.activation-api-2.1.3.jar:/home/runner/.m2/repository/org/eclipse/microprofile/openapi/microprofile-openapi-api/4.0.2/microprofile-openapi-api-4.0.2.jar:/home/runner/.m2/repository/org/jboss/resteasy/resteasy-client/6.2.12.Final/resteasy-client-6.2.12.Final.jar:/home/runner/.m2/repository/org/jboss/resteasy/resteasy-client-api/6.2.12.Final/resteasy-client-api-6.2.12.Final.jar:/home/runner/.m2/repository/org/jboss/resteasy/resteasy-core-spi/6.2.12.Final/resteasy-core-spi-6.2.12.Final.jar:/home/runner/.m2/repository/org/jboss/resteasy/resteasy-core/6.2.12.Final/resteasy-core-6.2.12.Final.jar:/home/runner/.m2/repository/org/eclipse/angus/angus-activation/2.0.2/angus-activation-2.0.2.jar:/home/runner/.m2/repository/com/ibm/async/asyncutil/0.1.0/asyncutil-0.1.0.jar:/home/runner/.m2/repository/org/reactivestreams/reactive-streams/1.0.4/reactive-streams-1.0.4.jar:/home/runner/.m2/repository/org/jboss/resteasy/resteasy-multipart-provider/6.2.12.Final/resteasy-multipart-provider-6.2.12.Final.jar:/home/runner/.m2/repository/jakarta/mail/jakarta.mail-api/2.1.3/jakarta.mail-api-2.1.3.jar:/home/runner/.m2/repository/org/eclipse/angus/angus-mail/2.0.3/angus-mail-2.0.3.jar:/home/runner/.m2/repository/org/apache/james/apache-mime4j-dom/0.8.12/apache-mime4j-dom-0.8.12.jar:/home/runner/.m2/repository/org/apache/james/apache-mime4j-core/0.8.12/apache-mime4j-core-0.8.12.jar:/home/runner/.m2/repository/org/apache/james/apache-mime4j-storage/0.8.12/apache-mime4j-storage-0.8.12.jar:/home/runner/.m2/repository/org/jboss/resteasy/resteasy-jackson2-provider/6.2.12.Final/resteasy-jackson2-provider-6.2.12.Final.jar:/home/runner/.m2/repository/com/fasterxml/jackson/jakarta/rs/jackson-jakarta-rs-base/2.18.2/jackson-jakarta-rs-base-2.18.2.jar:/home/runner/.m2/repository/com/fasterxml/jackson/jakarta/rs/jackson-jakarta-rs-json-provider/2.18.2/jackson-jakarta-rs-json-provider-2.18.2.jar:/home/runner/.m2/repository/com/fasterxml/jackson/module/jackson-module-jakarta-xmlbind-annotations/2.18.2/jackson-module-jakarta-xmlbind-annotations-2.18.2.jar:/home/runner/.m2/repository/com/github/java-json-tools/json-patch/1.13/json-patch-1.13.jar:/home/runner/.m2/repository/com/github/java-json-tools/msg-simple/1.2/msg-simple-1.2.jar:/home/runner/.m2/repository/com/github/java-json-tools/btf/1.3/btf-1.3.jar:/home/runner/.m2/repository/com/github/java-json-tools/jackson-coreutils/2.0/jackson-coreutils-2.0.jar:/home/runner/.m2/repository/org/jboss/resteasy/resteasy-jaxb-provider/6.2.12.Final/resteasy-jaxb-provider-6.2.12.Final.jar:/home/runner/.m2/repository/org/glassfish/jaxb/codemodel/4.0.5/codemodel-4.0.5.jar:/home/runner/.m2/repository/org/glassfish/jaxb/jaxb-core/4.0.5/jaxb-core-4.0.5.jar:/home/runner/.m2/repository/org/glassfish/jaxb/jaxb-jxc/4.0.5/jaxb-jxc-4.0.5.jar:/home/runner/.m2/repository/org/glassfish/jaxb/jaxb-runtime/4.0.5/jaxb-runtime-4.0.5.jar:/home/runner/.m2/repository/org/glassfish/jaxb/txw2/4.0.5/txw2-4.0.5.jar:/home/runner/.m2/repository/org/glassfish/jaxb/jaxb-xjc/4.0.5/jaxb-xjc-4.0.5.jar:/home/runner/.m2/repository/org/glassfish/jaxb/xsom/4.0.5/xsom-4.0.5.jar:/home/runner/.m2/repository/com/sun/istack/istack-commons-runtime/4.1.2/istack-commons-runtime-4.1.2.jar:/home/runner/.m2/repository/com/sun/istack/istack-commons-tools/4.1.2/istack-commons-tools-4.1.2.jar:/home/runner/.m2/repository/com/sun/xml/bind/external/relaxng-datatype/4.0.5/relaxng-datatype-4.0.5.jar:/home/runner/.m2/repository/com/sun/xml/bind/external/rngom/4.0.5/rngom-4.0.5.jar:/home/runner/.m2/repository/org/testcontainers/mssqlserver/1.20.6/mssqlserver-1.20.6.jar:/home/runner/.m2/repository/org/testcontainers/jdbc/1.20.6/jdbc-1.20.6.jar:/home/runner/.m2/repository/org/testcontainers/database-commons/1.20.6/database-commons-1.20.6.jar:/home/runner/.m2/repository/org/testcontainers/mysql/1.20.6/mysql-1.20.6.jar:/home/runner/.m2/repository/io/strimzi/strimzi-test-container/0.111.0/strimzi-test-container-0.111.0.jar:/home/runner/.m2/repository/org/testcontainers/toxiproxy/1.20.6/toxiproxy-1.20.6.jar:/home/runner/.m2/repository/com/github/docker-java/docker-java-api/3.4.1/docker-java-api-3.4.1.jar:/home/runner/.m2/repository/org/apache/logging/log4j/log4j-slf4j-impl/2.19.0/log4j-slf4j-impl-2.19.0.jar:/home/runner/.m2/repository/org/apache/logging/log4j/log4j-api/2.24.3/log4j-api-2.24.3.jar:/home/runner/.m2/repository/org/apache/logging/log4j/log4j-core/2.19.0/log4j-core-2.19.0.jar:/home/runner/.m2/repository/eu/rekawek/toxiproxy/toxiproxy-java/2.1.7/toxiproxy-java-2.1.7.jar:/home/runner/.m2/repository/org/testcontainers/pulsar/1.21.3/pulsar-1.21.3.jar:/home/runner/.m2/repository/io/debezium/debezium-testing-testcontainers/2.7.4.Final/debezium-testing-testcontainers-2.7.4.Final.jar:/home/runner/.m2/repository/org/testcontainers/kafka/1.20.6/kafka-1.20.6.jar:/home/runner/.m2/repository/com/squareup/okhttp3/okhttp/4.8.1/okhttp-4.8.1.jar:/home/runner/.m2/repository/com/squareup/okio/okio/3.10.2/okio-3.10.2.jar:/home/runner/.m2/repository/com/squareup/okio/okio-jvm/3.10.2/okio-jvm-3.10.2.jar:/home/runner/.m2/repository/org/jetbrains/kotlin/kotlin-stdlib/2.0.21/kotlin-stdlib-2.0.21.jar:/home/runner/.m2/repository/org/awaitility/awaitility/4.3.0/awaitility-4.3.0.jar:/home/runner/.m2/repository/org/testcontainers/mongodb/1.20.6/mongodb-1.20.6.jar:/home/runner/.m2/repository/org/testcontainers/mariadb/1.20.6/mariadb-1.20.6.jar:/home/runner/.m2/repository/org/testcontainers/oracle-xe/1.20.6/oracle-xe-1.20.6.jar:/home/runner/.m2/repository/org/testcontainers/postgresql/1.20.6/postgresql-1.20.6.jar:/home/runner/.m2/repository/org/wiremock/wiremock/3.0.1/wiremock-3.0.1.jar:/home/runner/.m2/repository/org/eclipse/jetty/jetty-server/11.0.15/jetty-server-11.0.15.jar:/home/runner/.m2/repository/org/eclipse/jetty/toolchain/jetty-jakarta-servlet-api/5.0.2/jetty-jakarta-servlet-api-5.0.2.jar:/home/runner/.m2/repository/org/eclipse/jetty/jetty-http/11.0.15/jetty-http-11.0.15.jar:/home/runner/.m2/repository/org/eclipse/jetty/jetty-io/11.0.15/jetty-io-11.0.15.jar:/home/runner/.m2/repository/org/eclipse/jetty/jetty-servlet/11.0.15/jetty-servlet-11.0.15.jar:/home/runner/.m2/repository/org/eclipse/jetty/jetty-security/11.0.15/jetty-security-11.0.15.jar:/home/runner/.m2/repository/org/eclipse/jetty/jetty-servlets/11.0.15/jetty-servlets-11.0.15.jar:/home/runner/.m2/repository/org/eclipse/jetty/jetty-util/11.0.15/jetty-util-11.0.15.jar:/home/runner/.m2/repository/org/eclipse/jetty/jetty-webapp/11.0.15/jetty-webapp-11.0.15.jar:/home/runner/.m2/repository/org/eclipse/jetty/jetty-xml/11.0.15/jetty-xml-11.0.15.jar:/home/runner/.m2/repository/org/eclipse/jetty/jetty-proxy/11.0.15/jetty-proxy-11.0.15.jar:/home/runner/.m2/repository/org/eclipse/jetty/jetty-client/11.0.15/jetty-client-11.0.15.jar:/home/runner/.m2/repository/org/eclipse/jetty/http2/http2-server/11.0.15/http2-server-11.0.15.jar:/home/runner/.m2/repository/org/eclipse/jetty/http2/http2-common/11.0.15/http2-common-11.0.15.jar:/home/runner/.m2/repository/org/eclipse/jetty/http2/http2-hpack/11.0.15/http2-hpack-11.0.15.jar:/home/runner/.m2/repository/org/eclipse/jetty/jetty-alpn-server/11.0.15/jetty-alpn-server-11.0.15.jar:/home/runner/.m2/repository/org/eclipse/jetty/jetty-alpn-java-server/11.0.15/jetty-alpn-java-server-11.0.15.jar:/home/runner/.m2/repository/org/eclipse/jetty/jetty-alpn-java-client/11.0.15/jetty-alpn-java-client-11.0.15.jar:/home/runner/.m2/repository/org/eclipse/jetty/jetty-alpn-client/11.0.15/jetty-alpn-client-11.0.15.jar:/home/runner/.m2/repository/org/apache/httpcomponents/client5/httpclient5/5.2.1/httpclient5-5.2.1.jar:/home/runner/.m2/repository/org/apache/httpcomponents/core5/httpcore5/5.2/httpcore5-5.2.jar:/home/runner/.m2/repository/org/apache/httpcomponents/core5/httpcore5-h2/5.2/httpcore5-h2-5.2.jar:/home/runner/.m2/repository/org/xmlunit/xmlunit-core/2.9.1/xmlunit-core-2.9.1.jar:/home/runner/.m2/repository/jakarta/xml/bind/jakarta.xml.bind-api/4.0.2/jakarta.xml.bind-api-4.0.2.jar:/home/runner/.m2/repository/org/xmlunit/xmlunit-legacy/2.9.1/xmlunit-legacy-2.9.1.jar:/home/runner/.m2/repository/org/xmlunit/xmlunit-placeholders/2.9.1/xmlunit-placeholders-2.9.1.jar:/home/runner/.m2/repository/net/javacrumbs/json-unit/json-unit-core/2.38.0/json-unit-core-2.38.0.jar:/home/runner/.m2/repository/org/hamcrest/hamcrest-core/2.2/hamcrest-core-2.2.jar:/home/runner/.m2/repository/com/jayway/jsonpath/json-path/2.8.0/json-path-2.8.0.jar:/home/runner/.m2/repository/net/minidev/json-smart/2.4.10/json-smart-2.4.10.jar:/home/runner/.m2/repository/net/minidev/accessors-smart/2.4.9/accessors-smart-2.4.9.jar:/home/runner/.m2/repository/org/ow2/asm/asm/9.7.1/asm-9.7.1.jar:/home/runner/.m2/repository/net/sf/jopt-simple/jopt-simple/5.0.4/jopt-simple-5.0.4.jar:/home/runner/.m2/repository/com/github/jknack/handlebars/4.3.1/handlebars-4.3.1.jar:/home/runner/.m2/repository/com/github/jknack/handlebars-helpers/4.3.1/handlebars-helpers-4.3.1.jar:/home/runner/.m2/repository/commons-fileupload/commons-fileupload/1.5/commons-fileupload-1.5.jar:/home/runner/.m2/repository/com/networknt/json-schema-validator/1.5.8/json-schema-validator-1.5.8.jar:/home/runner/.m2/repository/com/ethlo/time/itu/1.10.3/itu-1.10.3.jar:/home/runner/.m2/repository/io/quarkus/quarkus-smallrye-jwt-build/3.20.2/quarkus-smallrye-jwt-build-3.20.2.jar:/home/runner/.m2/repository/io/smallrye/smallrye-jwt-build/4.6.2/smallrye-jwt-build-4.6.2.jar:/home/runner/.m2/repository/org/eclipse/microprofile/jwt/microprofile-jwt-auth-api/2.1/microprofile-jwt-auth-api-2.1.jar:/home/runner/.m2/repository/org/bitbucket/b_c/jose4j/0.9.6/jose4j-0.9.6.jar:/home/runner/.m2/repository/io/smallrye/smallrye-jwt-common/4.6.2/smallrye-jwt-common-4.6.2.jar:/home/runner/.m2/repository/io/quarkus/quarkus-jsonp/3.20.2/quarkus-jsonp-3.20.2.jar:/home/runner/.m2/repository/io/quarkus/quarkus-arc/3.20.2/quarkus-arc-3.20.2.jar:/home/runner/.m2/repository/io/quarkus/arc/arc/3.20.2/arc-3.20.2.jar:/home/runner/.m2/repository/jakarta/transaction/jakarta.transaction-api/2.0.1/jakarta.transaction-api-2.0.1.jar:/home/runner/.m2/repository/io/smallrye/reactive/mutiny/2.9.2/mutiny-2.9.2.jar:/home/runner/.m2/repository/org/jctools/jctools-core/4.0.5/jctools-core-4.0.5.jar:/home/runner/.m2/repository/org/eclipse/microprofile/context-propagation/microprofile-context-propagation-api/1.3/microprofile-context-propagation-api-1.3.jar:/home/runner/.m2/repository/io/apicurio/apicurio-common-rest-client-common/0.1.18.Final/apicurio-common-rest-client-common-0.1.18.Final.jar:/home/runner/work/apicurio-testing/apicurio-testing/clusters/ci419/namespaces/ksql043/tests/integration/apicurio-registry/utils/maven-plugin/target/apicurio-registry-maven-plugin-3.0.12-SNAPSHOT.jar:/home/runner/.m2/repository/com/fasterxml/jackson/core/jackson-databind/2.18.2/jackson-databind-2.18.2.jar:/home/runner/.m2/repository/org/apache/avro/avro/1.12.0/avro-1.12.0.jar:/home/runner/.m2/repository/com/google/protobuf/protobuf-java/4.31.1/protobuf-java-4.31.1.jar:/home/runner/.m2/repository/com/google/protobuf/protobuf-java-util/4.31.1/protobuf-java-util-4.31.1.jar:/home/runner/.m2/repository/com/google/code/findbugs/jsr305/3.0.2/jsr305-3.0.2.jar:/home/runner/.m2/repository/com/google/code/gson/gson/2.12.1/gson-2.12.1.jar:/home/runner/.m2/repository/com/google/errorprone/error_prone_annotations/2.36.0/error_prone_annotations-2.36.0.jar:/home/runner/.m2/repository/com/google/j2objc/j2objc-annotations/2.8/j2objc-annotations-2.8.jar:/home/runner/work/apicurio-testing/apicurio-testing/clusters/ci419/namespaces/ksql043/tests/integration/apicurio-registry/schema-util/util-provider/target/apicurio-registry-schema-util-provider-3.0.12-SNAPSHOT.jar:/home/runner/work/apicurio-testing/apicurio-testing/clusters/ci419/namespaces/ksql043/tests/integration/apicurio-registry/schema-util/common/target/apicurio-registry-schema-util-common-3.0.12-SNAPSHOT.jar:/home/runner/.m2/repository/com/fasterxml/jackson/module/jackson-module-parameter-names/2.18.2/jackson-module-parameter-names-2.18.2.jar:/home/runner/.m2/repository/com/fasterxml/jackson/datatype/jackson-datatype-json-org/2.18.2/jackson-datatype-json-org-2.18.2.jar:/home/runner/work/apicurio-testing/apicurio-testing/clusters/ci419/namespaces/ksql043/tests/integration/apicurio-registry/schema-util/json/target/apicurio-registry-schema-util-json-3.0.12-SNAPSHOT.jar:/home/runner/.m2/repository/com/github/erosb/everit-json-schema/1.14.5/everit-json-schema-1.14.5.jar:/home/runner/.m2/repository/commons-validator/commons-validator/1.9.0/commons-validator-1.9.0.jar:/home/runner/.m2/repository/commons-digester/commons-digester/2.1/commons-digester-2.1.jar:/home/runner/.m2/repository/commons-collections/commons-collections/3.2.2/commons-collections-3.2.2.jar:/home/runner/.m2/repository/com/damnhandy/handy-uri-templates/2.1.8/handy-uri-templates-2.1.8.jar:/home/runner/.m2/repository/joda-time/joda-time/2.10.2/joda-time-2.10.2.jar:/home/runner/.m2/repository/com/github/erosb/json-sKema/0.20.0/json-sKema-0.20.0.jar:/home/runner/.m2/repository/io/vertx/vertx-json-schema/4.5.16/vertx-json-schema-4.5.16.jar:/home/runner/work/apicurio-testing/apicurio-testing/clusters/ci419/namespaces/ksql043/tests/integration/apicurio-registry/schema-util/protobuf/target/apicurio-registry-schema-util-protobuf-3.0.12-SNAPSHOT.jar:/home/runner/work/apicurio-testing/apicurio-testing/clusters/ci419/namespaces/ksql043/tests/integration/apicurio-registry/utils/protobuf-schema-utilities/target/apicurio-registry-protobuf-schema-utilities-3.0.12-SNAPSHOT.jar:/home/runner/.m2/repository/com/google/api/grpc/proto-google-common-protos/2.52.0/proto-google-common-protos-2.52.0.jar:/home/runner/.m2/repository/com/squareup/wire/wire-schema-jvm/5.3.3/wire-schema-jvm-5.3.3.jar:/home/runner/.m2/repository/com/palantir/javapoet/javapoet/0.6.0/javapoet-0.6.0.jar:/home/runner/.m2/repository/com/squareup/kotlinpoet-jvm/2.0.0/kotlinpoet-jvm-2.0.0.jar:/home/runner/.m2/repository/org/jetbrains/kotlin/kotlin-reflect/2.0.21/kotlin-reflect-2.0.21.jar:/home/runner/.m2/repository/com/squareup/wire/wire-runtime-jvm/5.3.3/wire-runtime-jvm-5.3.3.jar:/home/runner/.m2/repository/com/ibm/icu/icu4j/76.1/icu4j-76.1.jar:/home/runner/.m2/repository/com/squareup/okio/okio-fakefilesystem/3.10.2/okio-fakefilesystem-3.10.2.jar:/home/runner/.m2/repository/com/squareup/okio/okio-fakefilesystem-jvm/3.10.2/okio-fakefilesystem-jvm-3.10.2.jar:/home/runner/.m2/repository/org/jetbrains/kotlinx/kotlinx-datetime-jvm/0.6.1/kotlinx-datetime-jvm-0.6.1.jar:/home/runner/work/apicurio-testing/apicurio-testing/clusters/ci419/namespaces/ksql043/tests/integration/apicurio-registry/schema-util/asyncapi/target/apicurio-registry-schema-util-asyncapi-3.0.12-SNAPSHOT.jar:/home/runner/work/apicurio-testing/apicurio-testing/clusters/ci419/namespaces/ksql043/tests/integration/apicurio-registry/schema-util/avro/target/apicurio-registry-schema-util-avro-3.0.12-SNAPSHOT.jar:/home/runner/work/apicurio-testing/apicurio-testing/clusters/ci419/namespaces/ksql043/tests/integration/apicurio-registry/schema-util/graphql/target/apicurio-registry-schema-util-graphql-3.0.12-SNAPSHOT.jar:/home/runner/.m2/repository/com/graphql-java/graphql-java/22.4/graphql-java-22.4.jar:/home/runner/.m2/repository/com/graphql-java/java-dataloader/3.3.0/java-dataloader-3.3.0.jar:/home/runner/work/apicurio-testing/apicurio-testing/clusters/ci419/namespaces/ksql043/tests/integration/apicurio-registry/schema-util/kconnect/target/apicurio-registry-schema-util-kconnect-3.0.12-SNAPSHOT.jar:/home/runner/work/apicurio-testing/apicurio-testing/clusters/ci419/namespaces/ksql043/tests/integration/apicurio-registry/schema-util/openapi/target/apicurio-registry-schema-util-openapi-3.0.12-SNAPSHOT.jar:/home/runner/.m2/repository/io/apicurio/apicurio-data-models/2.2.2/apicurio-data-models-2.2.2.jar:/home/runner/.m2/repository/org/openapitools/openapidiff/openapi-diff-core/2.1.2/openapi-diff-core-2.1.2.jar:/home/runner/.m2/repository/io/swagger/parser/v3/swagger-parser/2.1.28/swagger-parser-2.1.28.jar:/home/runner/.m2/repository/io/swagger/parser/v3/swagger-parser-v2-converter/2.1.28/swagger-parser-v2-converter-2.1.28.jar:/home/runner/.m2/repository/io/swagger/swagger-core/1.6.16/swagger-core-1.6.16.jar:/home/runner/.m2/repository/io/swagger/swagger-models/1.6.16/swagger-models-1.6.16.jar:/home/runner/.m2/repository/io/swagger/swagger-annotations/1.6.16/swagger-annotations-1.6.16.jar:/home/runner/.m2/repository/io/swagger/swagger-parser/1.0.75/swagger-parser-1.0.75.jar:/home/runner/.m2/repository/io/swagger/swagger-parser-safe-url-resolver/1.0.75/swagger-parser-safe-url-resolver-1.0.75.jar:/home/runner/.m2/repository/io/swagger/swagger-compat-spec-parser/1.0.75/swagger-compat-spec-parser-1.0.75.jar:/home/runner/.m2/repository/com/github/java-json-tools/json-schema-validator/2.2.14/json-schema-validator-2.2.14.jar:/home/runner/.m2/repository/com/github/java-json-tools/jackson-coreutils-equivalence/1.0/jackson-coreutils-equivalence-1.0.jar:/home/runner/.m2/repository/com/github/java-json-tools/json-schema-core/1.2.14/json-schema-core-1.2.14.jar:/home/runner/.m2/repository/com/github/java-json-tools/uri-template/0.10/uri-template-0.10.jar:/home/runner/.m2/repository/com/googlecode/libphonenumber/libphonenumber/8.11.1/libphonenumber-8.11.1.jar:/home/runner/.m2/repository/com/j2html/j2html/1.6.0/j2html-1.6.0.jar:/home/runner/.m2/repository/org/apache/commons/commons-collections4/4.5.0/commons-collections4-4.5.0.jar:/home/runner/.m2/repository/org/slf4j/jcl-over-slf4j/2.0.17/jcl-over-slf4j-2.0.17.jar:/home/runner/.m2/repository/io/swagger/parser/v3/swagger-parser-v3/2.1.31/swagger-parser-v3-2.1.31.jar:/home/runner/.m2/repository/io/swagger/core/v3/swagger-models/2.2.34/swagger-models-2.2.34.jar:/home/runner/.m2/repository/io/swagger/core/v3/swagger-core/2.2.34/swagger-core-2.2.34.jar:/home/runner/.m2/repository/io/swagger/parser/v3/swagger-parser-core/2.1.31/swagger-parser-core-2.1.31.jar:/home/runner/.m2/repository/io/swagger/parser/v3/swagger-parser-safe-url-resolver/2.1.31/swagger-parser-safe-url-resolver-2.1.31.jar:/home/runner/work/apicurio-testing/apicurio-testing/clusters/ci419/namespaces/ksql043/tests/integration/apicurio-registry/schema-util/wsdl/target/apicurio-registry-schema-util-wsdl-3.0.12-SNAPSHOT.jar:/home/runner/.m2/repository/wsdl4j/wsdl4j/1.6.3/wsdl4j-1.6.3.jar:/home/runner/work/apicurio-testing/apicurio-testing/clusters/ci419/namespaces/ksql043/tests/integration/apicurio-registry/schema-util/xml/target/apicurio-registry-schema-util-xml-3.0.12-SNAPSHOT.jar:/home/runner/.m2/repository/org/apache/santuario/xmlsec/4.0.4/xmlsec-4.0.4.jar:/home/runner/.m2/repository/com/fasterxml/woodstox/woodstox-core/7.1.1/woodstox-core-7.1.1.jar:/home/runner/.m2/repository/org/codehaus/woodstox/stax2-api/4.2.2/stax2-api-4.2.2.jar:/home/runner/work/apicurio-testing/apicurio-testing/clusters/ci419/namespaces/ksql043/tests/integration/apicurio-registry/schema-util/xsd/target/apicurio-registry-schema-util-xsd-3.0.12-SNAPSHOT.jar:/home/runner/work/apicurio-testing/apicurio-testing/clusters/ci419/namespaces/ksql043/tests/integration/apicurio-registry/serdes/kafka/jsonschema-serde/target/apicurio-registry-jsonschema-serde-kafka-3.0.12-SNAPSHOT.jar:/home/runner/work/apicurio-testing/apicurio-testing/clusters/ci419/namespaces/ksql043/tests/integration/apicurio-registry/serdes/kafka/serde-kafka-common/target/apicurio-registry-serde-kafka-common-3.0.12-SNAPSHOT.jar:/home/runner/work/apicurio-testing/apicurio-testing/clusters/ci419/namespaces/ksql043/tests/integration/apicurio-registry/serdes/generic/serde-common/target/apicurio-registry-serde-common-3.0.12-SNAPSHOT.jar:/home/runner/work/apicurio-testing/apicurio-testing/clusters/ci419/namespaces/ksql043/tests/integration/apicurio-registry/serdes/generic/serde-common-jsonschema/target/apicurio-registry-serde-common-jsonschema-3.0.12-SNAPSHOT.jar:/home/runner/.m2/repository/org/json/json/20250107/json-20250107.jar:/home/runner/work/apicurio-testing/apicurio-testing/clusters/ci419/namespaces/ksql043/tests/integration/apicurio-registry/serdes/kafka/avro-serde/target/apicurio-registry-avro-serde-kafka-3.0.12-SNAPSHOT.jar:/home/runner/work/apicurio-testing/apicurio-testing/clusters/ci419/namespaces/ksql043/tests/integration/apicurio-registry/serdes/generic/serde-common-avro/target/apicurio-registry-serde-common-avro-3.0.12-SNAPSHOT.jar:/home/runner/work/apicurio-testing/apicurio-testing/clusters/ci419/namespaces/ksql043/tests/integration/apicurio-registry/serdes/kafka/protobuf-serde/target/apicurio-registry-protobuf-serde-kafka-3.0.12-SNAPSHOT.jar:/home/runner/work/apicurio-testing/apicurio-testing/clusters/ci419/namespaces/ksql043/tests/integration/apicurio-registry/serdes/generic/serde-common-protobuf/target/apicurio-registry-serde-common-protobuf-3.0.12-SNAPSHOT.jar:/home/runner/.m2/repository/com/squareup/wire/wire-schema/5.3.3/wire-schema-5.3.3.jar:/home/runner/.m2/repository/com/squareup/wire/wire-runtime/5.3.3/wire-runtime-5.3.3.jar:/home/runner/work/apicurio-testing/apicurio-testing/clusters/ci419/namespaces/ksql043/tests/integration/apicurio-registry/serdes/pulsar/avro-serde/target/apicurio-registry-avro-serde-pulsar-3.0.12-SNAPSHOT.jar:/home/runner/.m2/repository/org/apache/pulsar/pulsar-functions-api/3.3.8/pulsar-functions-api-3.3.8.jar:/home/runner/work/apicurio-testing/apicurio-testing/clusters/ci419/namespaces/ksql043/tests/integration/apicurio-registry/serdes/nats/avro-serde/target/apicurio-registry-avro-serde-nats-3.0.12-SNAPSHOT.jar:/home/runner/.m2/repository/io/nats/jnats/2.21.4/jnats-2.21.4.jar:/home/runner/.m2/repository/org/bouncycastle/bcprov-lts8on/2.73.7/bcprov-lts8on-2.73.7.jar:/home/runner/.m2/repository/org/jetbrains/annotations/26.0.2/annotations-26.0.2.jar:/home/runner/work/apicurio-testing/apicurio-testing/clusters/ci419/namespaces/ksql043/tests/integration/apicurio-registry/utils/converter/target/apicurio-registry-utils-converter-3.0.12-SNAPSHOT.jar:/home/runner/work/apicurio-testing/apicurio-testing/clusters/ci419/namespaces/ksql043/tests/integration/apicurio-registry/schema-resolver/target/apicurio-registry-schema-resolver-3.0.12-SNAPSHOT.jar:/home/runner/.m2/repository/org/apache/kafka/connect-api/3.9.1/connect-api-3.9.1.jar:/home/runner/.m2/repository/javax/ws/rs/javax.ws.rs-api/2.1.1/javax.ws.rs-api-2.1.1.jar:/home/runner/.m2/repository/org/apache/kafka/connect-json/3.9.1/connect-json-3.9.1.jar:/home/runner/.m2/repository/com/fasterxml/jackson/datatype/jackson-datatype-jdk8/2.18.2/jackson-datatype-jdk8-2.18.2.jar:/home/runner/.m2/repository/com/fasterxml/jackson/module/jackson-module-afterburner/2.18.2/jackson-module-afterburner-2.18.2.jar:/home/runner/work/apicurio-testing/apicurio-testing/clusters/ci419/namespaces/ksql043/tests/integration/apicurio-registry/utils/kafka/target/apicurio-registry-utils-kafka-3.0.12-SNAPSHOT.jar:/home/runner/.m2/repository/org/apache/pulsar/pulsar-client/3.3.8/pulsar-client-3.3.8.jar:/home/runner/.m2/repository/org/apache/pulsar/pulsar-client-api/3.3.8/pulsar-client-api-3.3.8.jar:/home/runner/.m2/repository/org/apache/pulsar/pulsar-client-admin-api/3.3.8/pulsar-client-admin-api-3.3.8.jar:/home/runner/.m2/repository/org/apache/pulsar/bouncy-castle-bc/3.3.8/bouncy-castle-bc-3.3.8-pkg.jar:/home/runner/.m2/repository/org/bouncycastle/bcpkix-jdk18on/1.81/bcpkix-jdk18on-1.81.jar:/home/runner/.m2/repository/org/bouncycastle/bcutil-jdk18on/1.81/bcutil-jdk18on-1.81.jar:/home/runner/.m2/repository/org/bouncycastle/bcprov-jdk18on/1.81/bcprov-jdk18on-1.81.jar:/home/runner/.m2/repository/io/opentelemetry/opentelemetry-api/1.44.1/opentelemetry-api-1.44.1.jar:/home/runner/.m2/repository/io/opentelemetry/opentelemetry-context/1.44.1/opentelemetry-context-1.44.1.jar:/home/runner/.m2/repository/io/opentelemetry/opentelemetry-api-incubator/1.44.1-alpha/opentelemetry-api-incubator-1.44.1-alpha.jar:/home/runner/.m2/repository/com/fasterxml/jackson/core/jackson-annotations/2.18.2/jackson-annotations-2.18.2.jar:/home/runner/.m2/repository/javax/validation/validation-api/1.1.0.Final/validation-api-1.1.0.Final.jar:/home/runner/.m2/repository/org/jspecify/jspecify/1.0.0/jspecify-1.0.0.jar:/home/runner/.m2/repository/org/apache/commons/commons-configuration2/2.12.0/commons-configuration2-2.12.0.jar:/home/runner/.m2/repository/commons-logging/commons-logging/1.3.5/commons-logging-1.3.5.jar:/home/runner/.m2/repository/org/apache/commons/commons-text/1.13.0/commons-text-1.13.0.jar:/home/runner/.m2/repository/io/confluent/kafka-avro-serializer/8.0.0/kafka-avro-serializer-8.0.0.jar:/home/runner/.m2/repository/org/apache/commons/commons-compress/1.27.1/commons-compress-1.27.1.jar:/home/runner/.m2/repository/io/confluent/kafka-schema-serializer/8.0.0/kafka-schema-serializer-8.0.0.jar:/home/runner/.m2/repository/com/fasterxml/jackson/dataformat/jackson-dataformat-csv/2.18.2/jackson-dataformat-csv-2.18.2.jar:/home/runner/.m2/repository/io/confluent/kafka-schema-registry-client/8.0.0/kafka-schema-registry-client-8.0.0.jar:/home/runner/.m2/repository/org/yaml/snakeyaml/2.3/snakeyaml-2.3.jar:/home/runner/.m2/repository/io/swagger/core/v3/swagger-annotations/2.2.29/swagger-annotations-2.2.29.jar:/home/runner/.m2/repository/com/google/guava/guava/33.4.0-jre/guava-33.4.0-jre.jar:/home/runner/.m2/repository/com/google/guava/failureaccess/1.0.1/failureaccess-1.0.1.jar:/home/runner/.m2/repository/org/checkerframework/checker-qual/3.49.0/checker-qual-3.49.0.jar:/home/runner/.m2/repository/io/confluent/logredactor/1.0.13/logredactor-1.0.13.jar:/home/runner/.m2/repository/com/google/re2j/re2j/1.6/re2j-1.6.jar:/home/runner/.m2/repository/io/confluent/logredactor-metrics/1.0.13/logredactor-metrics-1.0.13.jar:/home/runner/.m2/repository/com/eclipsesource/minimal-json/minimal-json/0.9.5/minimal-json-0.9.5.jar:/home/runner/.m2/repository/io/confluent/common-utils/8.0.0/common-utils-8.0.0.jar:/home/runner/.m2/repository/io/confluent/kafka-connect-avro-converter/8.0.0/kafka-connect-avro-converter-8.0.0.jar:/home/runner/.m2/repository/io/confluent/kafka-connect-avro-data/8.0.0/kafka-connect-avro-data-8.0.0.jar:/home/runner/.m2/repository/io/confluent/kafka-schema-converter/8.0.0/kafka-schema-converter-8.0.0.jar:/home/runner/.m2/repository/io/rest-assured/rest-assured/5.5.1/rest-assured-5.5.1.jar:/home/runner/.m2/repository/org/apache/groovy/groovy/4.0.22/groovy-4.0.22.jar:/home/runner/.m2/repository/org/apache/groovy/groovy-xml/4.0.22/groovy-xml-4.0.22.jar:/home/runner/.m2/repository/org/apache/httpcomponents/httpclient/4.5.14/httpclient-4.5.14.jar:/home/runner/.m2/repository/org/apache/httpcomponents/httpcore/4.4.16/httpcore-4.4.16.jar:/home/runner/.m2/repository/org/apache/httpcomponents/httpmime/4.5.14/httpmime-4.5.14.jar:/home/runner/.m2/repository/org/hamcrest/hamcrest/2.2/hamcrest-2.2.jar:/home/runner/.m2/repository/org/ccil/cowan/tagsoup/tagsoup/1.2.1/tagsoup-1.2.1.jar:/home/runner/.m2/repository/io/rest-assured/json-path/5.5.1/json-path-5.5.1.jar:/home/runner/.m2/repository/org/apache/groovy/groovy-json/4.0.22/groovy-json-4.0.22.jar:/home/runner/.m2/repository/io/rest-assured/rest-assured-common/5.5.1/rest-assured-common-5.5.1.jar:/home/runner/.m2/repository/io/rest-assured/xml-path/5.5.1/xml-path-5.5.1.jar:/home/runner/.m2/repository/io/zonky/test/embedded-postgres/2.1.0/embedded-postgres-2.1.0.jar:/home/runner/.m2/repository/io/zonky/test/postgres/embedded-postgres-binaries-windows-amd64/14.15.0/embedded-postgres-binaries-windows-amd64-14.15.0.jar:/home/runner/.m2/repository/io/zonky/test/postgres/embedded-postgres-binaries-darwin-amd64/14.15.0/embedded-postgres-binaries-darwin-amd64-14.15.0.jar:/home/runner/.m2/repository/io/zonky/test/postgres/embedded-postgres-binaries-linux-amd64/14.15.0/embedded-postgres-binaries-linux-amd64-14.15.0.jar:/home/runner/.m2/repository/io/zonky/test/postgres/embedded-postgres-binaries-linux-amd64-alpine/14.15.0/embedded-postgres-binaries-linux-amd64-alpine-14.15.0.jar:/home/runner/.m2/repository/org/apache/commons/commons-lang3/3.17.0/commons-lang3-3.17.0.jar:/home/runner/.m2/repository/org/tukaani/xz/1.10/xz-1.10.jar:/home/runner/.m2/repository/commons-codec/commons-codec/1.19.0/commons-codec-1.19.0.jar:/home/runner/.m2/repository/org/postgresql/postgresql/42.7.7/postgresql-42.7.7.jar:/home/runner/.m2/repository/commons-io/commons-io/2.18.0/commons-io-2.18.0.jar:/home/runner/work/apicurio-testing/apicurio-testing/clusters/ci419/namespaces/ksql043/tests/integration/apicurio-registry/utils/importexport/target/apicurio-registry-utils-import-export-3.0.12-SNAPSHOT.jar:/home/runner/.m2/repository/io/vertx/vertx-core/4.5.16/vertx-core-4.5.16.jar:/home/runner/.m2/repository/io/netty/netty-common/4.1.121.Final/netty-common-4.1.121.Final.jar:/home/runner/.m2/repository/io/netty/netty-buffer/4.1.121.Final/netty-buffer-4.1.121.Final.jar:/home/runner/.m2/repository/io/netty/netty-transport/4.1.121.Final/netty-transport-4.1.121.Final.jar:/home/runner/.m2/repository/io/netty/netty-handler/4.1.121.Final/netty-handler-4.1.121.Final.jar:/home/runner/.m2/repository/io/netty/netty-transport-native-unix-common/4.1.121.Final/netty-transport-native-unix-common-4.1.121.Final.jar:/home/runner/.m2/repository/io/netty/netty-codec/4.1.121.Final/netty-codec-4.1.121.Final.jar:/home/runner/.m2/repository/io/netty/netty-handler-proxy/4.1.121.Final/netty-handler-proxy-4.1.121.Final.jar:/home/runner/.m2/repository/io/netty/netty-codec-socks/4.1.121.Final/netty-codec-socks-4.1.121.Final.jar:/home/runner/.m2/repository/io/netty/netty-codec-http/4.1.121.Final/netty-codec-http-4.1.121.Final.jar:/home/runner/.m2/repository/io/netty/netty-codec-http2/4.1.121.Final/netty-codec-http2-4.1.121.Final.jar:/home/runner/.m2/repository/io/netty/netty-resolver/4.1.121.Final/netty-resolver-4.1.121.Final.jar:/home/runner/.m2/repository/io/netty/netty-resolver-dns/4.1.121.Final/netty-resolver-dns-4.1.121.Final.jar:/home/runner/.m2/repository/io/netty/netty-codec-dns/4.1.121.Final/netty-codec-dns-4.1.121.Final.jar:/home/runner/.m2/repository/com/fasterxml/jackson/core/jackson-core/2.18.2/jackson-core-2.18.2.jar:"/>
    <property name="sun.cpu.endian" value="little"/>
    <property name="user.home" value="/home/runner"/>
    <property name="user.language" value="en"/>
    <property name="jboss.log-version" value="false"/>
    <property name="java.specification.vendor" value="Oracle Corporation"/>
    <property name="java.version.date" value="2025-07-15"/>
    <property name="java.home" value="/usr/lib/jvm/temurin-17-jdk-amd64"/>
    <property name="file.separator" value="/"/>
    <property name="basedir" value="/home/runner/work/apicurio-testing/apicurio-testing/clusters/ci419/namespaces/ksql043/tests/integration/apicurio-registry/integration-tests"/>
    <property name="java.vm.compressedOopsMode" value="32-bit"/>
    <property name="line.separator" value="&#10;"/>
    <property name="java.specification.name" value="Java Platform API Specification"/>
    <property name="java.vm.specification.vendor" value="Oracle Corporation"/>
    <property name="quarkus.http.test-host" value="registry-app-ksql043.apps.ci419.apicurio-testing.org"/>
    <property name="surefire.real.class.path" value="/home/runner/work/apicurio-testing/apicurio-testing/clusters/ci419/namespaces/ksql043/tests/integration/apicurio-registry/integration-tests/target/surefire/surefirebooter-20250813022114595_3.jar"/>
    <property name="sun.management.compiler" value="HotSpot 64-Bit Tiered Compilers"/>
    <property name="org.eclipse.jetty.http.HttpGenerator.STRICT" value="true"/>
    <property name="java.runtime.version" value="17.0.16+8"/>
    <property name="user.name" value="runner"/>
    <property name="path.separator" value=":"/>
    <property name="os.version" value="6.8.0-1031-azure"/>
    <property name="java.runtime.name" value="OpenJDK Runtime Environment"/>
    <property name="file.encoding" value="UTF-8"/>
    <property name="jnidispatch.path" value="/home/runner/.cache/JNA/temp/jna5802212142002176894.tmp"/>
    <property name="java.vm.name" value="OpenJDK 64-Bit Server VM"/>
    <property name="jna.platform.library.path" value="/usr/lib/x86_64-linux-gnu:/lib/x86_64-linux-gnu:/usr/lib64:/lib64:/usr/lib:/lib:/lib32:/usr/local/lib:/usr/lib/x86_64-linux-gnu/libfakeroot"/>
    <property name="java.vendor.version" value="Temurin-17.0.16+8"/>
    <property name="quarkus.oidc.token-path" value="https://keycloak-ksql043.apps.ci419.apicurio-testing.org/realms/registry/protocol/openid-connect/token"/>
    <property name="quarkus.http.host" value="registry-app-ksql043.apps.ci419.apicurio-testing.org"/>
    <property name="localRepository" value="/home/runner/.m2/repository"/>
    <property name="javax.xml.xpath.XPathFactory:http://java.sun.com/jaxp/xpath/dom" value="com.sun.org.apache.xpath.internal.jaxp.XPathFactoryImpl"/>
    <property name="jna.loaded" value="true"/>
    <property name="java.vendor.url.bug" value="https://github.com/adoptium/adoptium-support/issues"/>
    <property name="jetty.git.hash" value="5bc5e562c8d05c5862505aebe5cf83a61bdbcb96"/>
    <property name="java.io.tmpdir" value="/tmp"/>
    <property name="quarkus.http.test-protocol" value="http"/>
    <property name="java.version" value="17.0.16"/>
    <property name="user.dir" value="/home/runner/work/apicurio-testing/apicurio-testing/clusters/ci419/namespaces/ksql043/tests/integration/apicurio-registry/integration-tests"/>
    <property name="os.arch" value="amd64"/>
    <property name="groups" value="( smoke | serdes | acceptance | ui)"/>
    <property name="java.vm.specification.name" value="Java Virtual Machine Specification"/>
    <property name="native.encoding" value="UTF-8"/>
    <property name="java.util.logging.manager" value="org.jboss.logmanager.LogManager"/>
    <property name="java.library.path" value="/usr/java/packages/lib:/usr/lib64:/lib64:/lib:/usr/lib"/>
    <property name="jdk.console" value="java.base"/>
    <property name="java.vm.info" value="mixed mode, sharing"/>
    <property name="java.vendor" value="Eclipse Adoptium"/>
    <property name="java.vm.version" value="17.0.16+8"/>
    <property name="java.specification.maintenance.version" value="1"/>
    <property name="sun.io.unicode.encoding" value="UnicodeLittle"/>
    <property name="javax.xml.transform.TransformerFactory" value="com.sun.org.apache.xalan.internal.xsltc.trax.TransformerFactoryImpl"/>
    <property name="java.class.version" value="61.0"/>
  </properties>
  <testcase name="testGlobalIdInHeaders" classname="io.apicurio.tests.serdes.apicurio.AvroSerdeIT" time="5.747">
    <system-out><![CDATA[**** Registry Base URL: http://registry-app-ksql043.apps.ci419.apicurio-testing.org:80
**** Registry Base URL: http://registry-app-ksql043.apps.ci419.apicurio-testing.org:80
2025-08-13 02:21:26,111 INFO  [io.api.tes.ser.api.AvroSerdeIT] (main) RestAssured configured with http://registry-app-ksql043.apps.ci419.apicurio-testing.org:80/apis/registry/v3
2025-08-13 02:21:26,140 INFO  [io.api.tes.uti.KafkaFacade] (main) Starting kafka container
2025-08-13 02:21:26,180 INFO  [org.tes.ima.PullPolicy] (main) Image pull policy will be performed by: DefaultPullPolicy()
2025-08-13 02:21:26,182 INFO  [org.tes.uti.ImageNameSubstitutor] (main) Image name substitution will be performed by: DefaultImageNameSubstitutor (composite of 'ConfigurationFileImageNameSubstitutor' and 'PrefixingImageNameSubstitutor')
2025-08-13 02:21:26,192 INFO  [org.tes.DockerClientFactory] (main) Testcontainers version: 1.20.6
2025-08-13 02:21:26,821 INFO  [org.tes.doc.DockerClientProviderStrategy] (main) Found Docker environment with local Unix socket (unix:///var/run/docker.sock)
2025-08-13 02:21:26,830 INFO  [org.tes.DockerClientFactory] (main) Docker host IP address is localhost
2025-08-13 02:21:26,852 INFO  [org.tes.DockerClientFactory] (main) Connected to docker: 
  Server Version: 28.0.4
  API Version: 1.48
  Operating System: Ubuntu 22.04.5 LTS
  Total Memory: 7944 MB
2025-08-13 02:21:26,910 INFO  [tc.tes.11.0] (main) Pulling docker image: testcontainers/ryuk:0.11.0. Please be patient; this may take some time but only needs to be done once.
2025-08-13 02:21:27,303 INFO  [tc.tes.11.0] (docker-java-stream--1295187651) Starting to pull image
2025-08-13 02:21:27,323 INFO  [tc.tes.11.0] (docker-java-stream--1295187651) Pulling image layers:  0 pending,  0 downloaded,  0 extracted, (0 bytes/0 bytes)
2025-08-13 02:21:27,439 INFO  [tc.tes.11.0] (docker-java-stream--1295187651) Pulling image layers:  2 pending,  1 downloaded,  0 extracted, (44 KB/? MB)
2025-08-13 02:21:27,475 INFO  [tc.tes.11.0] (docker-java-stream--1295187651) Pulling image layers:  1 pending,  2 downloaded,  0 extracted, (117 KB/? MB)
2025-08-13 02:21:27,477 INFO  [tc.tes.11.0] (docker-java-stream--1295187651) Pulling image layers:  0 pending,  3 downloaded,  0 extracted, (117 KB/10 MB)
2025-08-13 02:21:27,697 INFO  [tc.tes.11.0] (docker-java-stream--1295187651) Pulling image layers:  0 pending,  3 downloaded,  1 extracted, (3 MB/10 MB)
2025-08-13 02:21:28,692 INFO  [tc.tes.11.0] (docker-java-stream--1295187651) Pulling image layers:  0 pending,  3 downloaded,  2 extracted, (4 MB/10 MB)
2025-08-13 02:21:28,735 INFO  [tc.tes.11.0] (docker-java-stream--1295187651) Pulling image layers:  0 pending,  3 downloaded,  3 extracted, (10 MB/10 MB)
2025-08-13 02:21:28,742 INFO  [tc.tes.11.0] (docker-java-stream--1295187651) Pull complete. 3 layers, pulled in 1s (downloaded 10 MB at 10 MB/s)
2025-08-13 02:21:28,742 INFO  [tc.tes.11.0] (main) Image testcontainers/ryuk:0.11.0 pull took PT1.831196811S
2025-08-13 02:21:28,764 INFO  [tc.tes.11.0] (main) Creating container for image: testcontainers/ryuk:0.11.0
2025-08-13 02:21:28,848 INFO  [tc.tes.11.0] (main) Container testcontainers/ryuk:0.11.0 is starting: 357852c1a643147d22c1b6eec9c11e46787332415778ed59696d9638f344dc8d
2025-08-13 02:21:30,020 INFO  [tc.tes.11.0] (main) Container testcontainers/ryuk:0.11.0 started in PT1.256427084S
2025-08-13 02:21:30,025 INFO  [org.tes.uti.RyukResourceReaper] (main) Ryuk started - will monitor and terminate Testcontainers containers on JVM exit
2025-08-13 02:21:30,025 INFO  [org.tes.DockerClientFactory] (main) Checking the system...
2025-08-13 02:21:30,026 INFO  [org.tes.DockerClientFactory] (main) ✔︎ Docker server version should be at least 1.6.0
2025-08-13 02:21:30,029 INFO  [io.str.tes.con.KafkaVersionService] (main) Latest release of Kafka is:LogicalKafkaVersionEntity{version='4.0.0', image='quay.io/strimzi-test-container/test-container:0.111.0-kafka-4.0.0'}
2025-08-13 02:21:30,029 INFO  [io.str.tes.con.KafkaVersionService] (main) Latest release of Kafka is:LogicalKafkaVersionEntity{version='4.0.0', image='quay.io/strimzi-test-container/test-container:0.111.0-kafka-4.0.0'}
2025-08-13 02:21:30,029 INFO  [io.str.tes.con.KafkaVersionService] (main) No Kafka version specified. Using latest release: 4.0.0
2025-08-13 02:21:30,038 INFO  [tc.qua.io/.111.0-k.0.0] (main) Pulling docker image: quay.io/strimzi-test-container/test-container:0.111.0-kafka-4.0.0. Please be patient; this may take some time but only needs to be done once.
2025-08-13 02:21:30,385 INFO  [tc.qua.io/.111.0-k.0.0] (docker-java-stream--29267298) Starting to pull image
2025-08-13 02:21:30,386 INFO  [tc.qua.io/.111.0-k.0.0] (docker-java-stream--29267298) Pulling image layers:  0 pending,  0 downloaded,  0 extracted, (0 bytes/0 bytes)
2025-08-13 02:21:30,863 INFO  [tc.qua.io/.111.0-k.0.0] (docker-java-stream--29267298) Pulling image layers:  6 pending,  1 downloaded,  0 extracted, (3 MB/? MB)
2025-08-13 02:21:31,034 INFO  [tc.qua.io/.111.0-k.0.0] (docker-java-stream--29267298) Pulling image layers:  5 pending,  2 downloaded,  0 extracted, (37 MB/? MB)
2025-08-13 02:21:31,208 INFO  [tc.qua.io/.111.0-k.0.0] (docker-java-stream--29267298) Pulling image layers:  4 pending,  3 downloaded,  0 extracted, (56 MB/? MB)
2025-08-13 02:21:31,518 INFO  [tc.qua.io/.111.0-k.0.0] (docker-java-stream--29267298) Pulling image layers:  3 pending,  4 downloaded,  0 extracted, (98 MB/? MB)
2025-08-13 02:21:31,717 INFO  [tc.qua.io/.111.0-k.0.0] (docker-java-stream--29267298) Pulling image layers:  2 pending,  5 downloaded,  0 extracted, (133 MB/? MB)
2025-08-13 02:21:31,848 INFO  [tc.qua.io/.111.0-k.0.0] (docker-java-stream--29267298) Pulling image layers:  1 pending,  6 downloaded,  0 extracted, (138 MB/? MB)
2025-08-13 02:21:32,368 INFO  [tc.qua.io/.111.0-k.0.0] (docker-java-stream--29267298) Pulling image layers:  1 pending,  6 downloaded,  1 extracted, (184 MB/? MB)
2025-08-13 02:21:33,039 INFO  [tc.qua.io/.111.0-k.0.0] (docker-java-stream--29267298) Pulling image layers:  0 pending,  7 downloaded,  1 extracted, (235 MB/249 MB)
2025-08-13 02:21:36,229 INFO  [tc.qua.io/.111.0-k.0.0] (docker-java-stream--29267298) Pulling image layers:  0 pending,  7 downloaded,  2 extracted, (244 MB/249 MB)
2025-08-13 02:21:36,267 INFO  [tc.qua.io/.111.0-k.0.0] (docker-java-stream--29267298) Pulling image layers:  0 pending,  7 downloaded,  3 extracted, (244 MB/249 MB)
2025-08-13 02:21:36,285 INFO  [tc.qua.io/.111.0-k.0.0] (docker-java-stream--29267298) Pulling image layers:  0 pending,  7 downloaded,  4 extracted, (244 MB/249 MB)
2025-08-13 02:21:37,399 INFO  [tc.qua.io/.111.0-k.0.0] (docker-java-stream--29267298) Pulling image layers:  0 pending,  7 downloaded,  5 extracted, (249 MB/249 MB)
2025-08-13 02:21:37,437 INFO  [tc.qua.io/.111.0-k.0.0] (docker-java-stream--29267298) Pulling image layers:  0 pending,  7 downloaded,  6 extracted, (249 MB/249 MB)
2025-08-13 02:21:37,454 INFO  [tc.qua.io/.111.0-k.0.0] (docker-java-stream--29267298) Pulling image layers:  0 pending,  7 downloaded,  7 extracted, (249 MB/249 MB)
2025-08-13 02:21:37,461 INFO  [tc.qua.io/.111.0-k.0.0] (docker-java-stream--29267298) Pull complete. 7 layers, pulled in 7s (downloaded 249 MB at 35 MB/s)
2025-08-13 02:21:37,461 INFO  [tc.qua.io/.111.0-k.0.0] (main) Image quay.io/strimzi-test-container/test-container:0.111.0-kafka-4.0.0 pull took PT7.423180597S
2025-08-13 02:21:37,464 INFO  [tc.qua.io/.111.0-k.0.0] (main) Creating container for image: quay.io/strimzi-test-container/test-container:0.111.0-kafka-4.0.0
2025-08-13 02:21:37,535 INFO  [tc.qua.io/.111.0-k.0.0] (main) Container quay.io/strimzi-test-container/test-container:0.111.0-kafka-4.0.0 is starting: 2e601e6bbfea4619a4dd317488be3978a1cf797c9e0917a5a501c790aec3eeac
2025-08-13 02:21:37,735 INFO  [io.str.tes.con.StrimziKafkaContainer] (main) Mapped port: 32769
2025-08-13 02:21:37,735 WARN  [io.str.tes.con.StrimziKafkaContainer] (main) Node ID is not set. Using broker ID 0 as the default node ID.
2025-08-13 02:21:37,736 INFO  [io.str.tes.con.StrimziKafkaContainer] (main) This is all advertised listeners for Kafka PLAINTEXT://localhost:32769,BROKER1://172.18.0.2:9091,CONTROLLER://broker-0:9094
2025-08-13 02:21:37,764 INFO  [io.str.tes.con.StrimziKafkaContainer] (main) New `cluster.id` has been generated: pj3cISz0Q0OVF0qikwHveQ
2025-08-13 02:21:37,765 INFO  [io.str.tes.con.StrimziKafkaContainer] (main) Copying command to 'STARTER_SCRIPT' script.
2025-08-13 02:21:43,010 INFO  [tc.qua.io/.111.0-k.0.0] (main) Container quay.io/strimzi-test-container/test-container:0.111.0-kafka-4.0.0 started in PT5.545484251S
2025-08-13 02:21:43,012 INFO  [io.api.tes.uti.TestSeparator] (main) ############################################################################
2025-08-13 02:21:43,012 INFO  [io.api.tes.uti.TestSeparator] (main) io.apicurio.tests.serdes.apicurio.AvroSerdeIT.testGlobalIdInHeaders-STARTED
2025-08-13 02:21:43,023 INFO  [org.apa.kaf.cli.adm.AdminClientConfig] (main) AdminClientConfig values: 
	auto.include.jmx.reporter = true
	bootstrap.controllers = []
	bootstrap.servers = [PLAINTEXT://localhost:32769]
	client.dns.lookup = use_all_dns_ips
	client.id = 
	connections.max.idle.ms = 10000
	default.api.timeout.ms = 60000
	enable.metrics.push = true
	metadata.max.age.ms = 300000
	metadata.recovery.strategy = none
	metric.reporters = []
	metrics.num.samples = 2
	metrics.recording.level = INFO
	metrics.sample.window.ms = 30000
	receive.buffer.bytes = 65536
	reconnect.backoff.max.ms = 1000
	reconnect.backoff.ms = 50
	request.timeout.ms = 5000
	retries = 2147483647
	retry.backoff.max.ms = 1000
	retry.backoff.ms = 100
	sasl.client.callback.handler.class = null
	sasl.jaas.config = null
	sasl.kerberos.kinit.cmd = /usr/bin/kinit
	sasl.kerberos.min.time.before.relogin = 60000
	sasl.kerberos.service.name = null
	sasl.kerberos.ticket.renew.jitter = 0.05
	sasl.kerberos.ticket.renew.window.factor = 0.8
	sasl.login.callback.handler.class = null
	sasl.login.class = null
	sasl.login.connect.timeout.ms = null
	sasl.login.read.timeout.ms = null
	sasl.login.refresh.buffer.seconds = 300
	sasl.login.refresh.min.period.seconds = 60
	sasl.login.refresh.window.factor = 0.8
	sasl.login.refresh.window.jitter = 0.05
	sasl.login.retry.backoff.max.ms = 10000
	sasl.login.retry.backoff.ms = 100
	sasl.mechanism = GSSAPI
	sasl.oauthbearer.clock.skew.seconds = 30
	sasl.oauthbearer.expected.audience = null
	sasl.oauthbearer.expected.issuer = null
	sasl.oauthbearer.header.urlencode = false
	sasl.oauthbearer.jwks.endpoint.refresh.ms = 3600000
	sasl.oauthbearer.jwks.endpoint.retry.backoff.max.ms = 10000
	sasl.oauthbearer.jwks.endpoint.retry.backoff.ms = 100
	sasl.oauthbearer.jwks.endpoint.url = null
	sasl.oauthbearer.scope.claim.name = scope
	sasl.oauthbearer.sub.claim.name = sub
	sasl.oauthbearer.token.endpoint.url = null
	security.protocol = PLAINTEXT
	security.providers = null
	send.buffer.bytes = 131072
	socket.connection.setup.timeout.max.ms = 30000
	socket.connection.setup.timeout.ms = 10000
	ssl.cipher.suites = null
	ssl.enabled.protocols = [TLSv1.2, TLSv1.3]
	ssl.endpoint.identification.algorithm = https
	ssl.engine.factory.class = null
	ssl.key.password = null
	ssl.keymanager.algorithm = SunX509
	ssl.keystore.certificate.chain = null
	ssl.keystore.key = null
	ssl.keystore.location = null
	ssl.keystore.password = null
	ssl.keystore.type = JKS
	ssl.protocol = TLSv1.3
	ssl.provider = null
	ssl.secure.random.implementation = null
	ssl.trustmanager.algorithm = PKIX
	ssl.truststore.certificates = null
	ssl.truststore.location = null
	ssl.truststore.password = null
	ssl.truststore.type = JKS

2025-08-13 02:21:43,266 INFO  [org.apa.kaf.com.uti.AppInfoParser] (main) Kafka version: 3.9.1
2025-08-13 02:21:43,266 INFO  [org.apa.kaf.com.uti.AppInfoParser] (main) Kafka commitId: f745dfdcee2b9851
2025-08-13 02:21:43,267 INFO  [org.apa.kaf.com.uti.AppInfoParser] (main) Kafka startTimeMs: 1755051703264
**** Registry Base URL: http://registry-app-ksql043.apps.ci419.apicurio-testing.org:80
2025-08-13 02:21:43,327 INFO  [org.apa.kaf.cli.pro.ProducerConfig] (main) ProducerConfig values: 
	acks = -1
	auto.include.jmx.reporter = true
	batch.size = 16384
	bootstrap.servers = [PLAINTEXT://localhost:32769]
	buffer.memory = 33554432
	client.dns.lookup = use_all_dns_ips
	client.id = Producer-topic-02b43620_ccdd_46bc_af4c_a5d1ed3c6703
	compression.gzip.level = -1
	compression.lz4.level = 9
	compression.type = none
	compression.zstd.level = 3
	connections.max.idle.ms = 10000
	delivery.timeout.ms = 120000
	enable.idempotence = true
	enable.metrics.push = true
	interceptor.classes = []
	key.serializer = class org.apache.kafka.common.serialization.StringSerializer
	linger.ms = 0
	max.block.ms = 60000
	max.in.flight.requests.per.connection = 5
	max.request.size = 1048576
	metadata.max.age.ms = 300000
	metadata.max.idle.ms = 300000
	metadata.recovery.strategy = none
	metric.reporters = []
	metrics.num.samples = 2
	metrics.recording.level = INFO
	metrics.sample.window.ms = 30000
	partitioner.adaptive.partitioning.enable = true
	partitioner.availability.timeout.ms = 0
	partitioner.class = null
	partitioner.ignore.keys = false
	receive.buffer.bytes = 32768
	reconnect.backoff.max.ms = 1000
	reconnect.backoff.ms = 50
	request.timeout.ms = 5000
	retries = 2147483647
	retry.backoff.max.ms = 1000
	retry.backoff.ms = 100
	sasl.client.callback.handler.class = null
	sasl.jaas.config = null
	sasl.kerberos.kinit.cmd = /usr/bin/kinit
	sasl.kerberos.min.time.before.relogin = 60000
	sasl.kerberos.service.name = null
	sasl.kerberos.ticket.renew.jitter = 0.05
	sasl.kerberos.ticket.renew.window.factor = 0.8
	sasl.login.callback.handler.class = null
	sasl.login.class = null
	sasl.login.connect.timeout.ms = null
	sasl.login.read.timeout.ms = null
	sasl.login.refresh.buffer.seconds = 300
	sasl.login.refresh.min.period.seconds = 60
	sasl.login.refresh.window.factor = 0.8
	sasl.login.refresh.window.jitter = 0.05
	sasl.login.retry.backoff.max.ms = 10000
	sasl.login.retry.backoff.ms = 100
	sasl.mechanism = GSSAPI
	sasl.oauthbearer.clock.skew.seconds = 30
	sasl.oauthbearer.expected.audience = null
	sasl.oauthbearer.expected.issuer = null
	sasl.oauthbearer.header.urlencode = false
	sasl.oauthbearer.jwks.endpoint.refresh.ms = 3600000
	sasl.oauthbearer.jwks.endpoint.retry.backoff.max.ms = 10000
	sasl.oauthbearer.jwks.endpoint.retry.backoff.ms = 100
	sasl.oauthbearer.jwks.endpoint.url = null
	sasl.oauthbearer.scope.claim.name = scope
	sasl.oauthbearer.sub.claim.name = sub
	sasl.oauthbearer.token.endpoint.url = null
	security.protocol = PLAINTEXT
	security.providers = null
	send.buffer.bytes = 131072
	socket.connection.setup.timeout.max.ms = 30000
	socket.connection.setup.timeout.ms = 10000
	ssl.cipher.suites = null
	ssl.enabled.protocols = [TLSv1.2, TLSv1.3]
	ssl.endpoint.identification.algorithm = https
	ssl.engine.factory.class = null
	ssl.key.password = null
	ssl.keymanager.algorithm = SunX509
	ssl.keystore.certificate.chain = null
	ssl.keystore.key = null
	ssl.keystore.location = null
	ssl.keystore.password = null
	ssl.keystore.type = JKS
	ssl.protocol = TLSv1.3
	ssl.provider = null
	ssl.secure.random.implementation = null
	ssl.trustmanager.algorithm = PKIX
	ssl.truststore.certificates = null
	ssl.truststore.location = null
	ssl.truststore.password = null
	ssl.truststore.type = JKS
	transaction.timeout.ms = 60000
	transactional.id = null
	value.serializer = class io.apicurio.registry.serde.avro.AvroKafkaSerializer

2025-08-13 02:21:43,375 INFO  [org.apa.kaf.com.tel.int.KafkaMetricsCollector] (main) initializing Kafka metrics collector
2025-08-13 02:21:43,400 INFO  [org.apa.kaf.cli.pro.KafkaProducer] (main) [Producer clientId=Producer-topic-02b43620_ccdd_46bc_af4c_a5d1ed3c6703] Instantiated an idempotent producer.
2025-08-13 02:21:43,442 INFO  [org.apa.kaf.cli.pro.ProducerConfig] (main) These configurations '[apicurio.registry.url, apicurio.registry.auto-register, apicurio.registry.use-id, apicurio.registry.artifact-resolver-strategy]' were supplied but are not used yet.
2025-08-13 02:21:43,442 INFO  [org.apa.kaf.com.uti.AppInfoParser] (main) Kafka version: 3.9.1
2025-08-13 02:21:43,442 INFO  [org.apa.kaf.com.uti.AppInfoParser] (main) Kafka commitId: f745dfdcee2b9851
2025-08-13 02:21:43,442 INFO  [org.apa.kaf.com.uti.AppInfoParser] (main) Kafka startTimeMs: 1755051703442
2025-08-13 02:21:43,443 INFO  [io.api.tes.ser.api.SimpleSerdesTesterBuilder$SimpleSerdesTester] (main) Using producer configuration: {apicurio.registry.url=http://registry-app-ksql043.apps.ci419.apicurio-testing.org:80/apis/registry/v3, apicurio.registry.auto-register=true, apicurio.registry.use-id=globalId, apicurio.registry.artifact-resolver-strategy=io.apicurio.registry.serde.strategy.TopicIdStrategy, value.serializer=io.apicurio.registry.serde.avro.AvroKafkaSerializer, request.timeout.ms=5000, acks=all, bootstrap.servers=PLAINTEXT://localhost:32769, connections.max.idle.ms=10000, key.serializer=org.apache.kafka.common.serialization.StringSerializer, client.id=Producer-topic-02b43620_ccdd_46bc_af4c_a5d1ed3c6703}
2025-08-13 02:21:43,443 INFO  [io.api.tes.ser.api.SimpleSerdesTesterBuilder$SimpleSerdesTester] (main) Using consumer configuration: {apicurio.registry.use-id=globalId}
2025-08-13 02:21:43,450 INFO  [io.api.tes.ser.api.KafkaSerdesTester] (Thread-600) Sending message {"key11755051703297": "value-0"} to topic topic-02b43620_ccdd_46bc_af4c_a5d1ed3c6703
2025-08-13 02:21:43,738 WARN  [org.apa.kaf.cli.NetworkClient] (kafka-producer-network-thread | Producer-topic-02b43620_ccdd_46bc_af4c_a5d1ed3c6703) [Producer clientId=Producer-topic-02b43620_ccdd_46bc_af4c_a5d1ed3c6703] The metadata response from the cluster reported a recoverable issue with correlation id 1 : {topic-02b43620_ccdd_46bc_af4c_a5d1ed3c6703=UNKNOWN_TOPIC_OR_PARTITION}
2025-08-13 02:21:43,739 INFO  [org.apa.kaf.cli.Metadata] (kafka-producer-network-thread | Producer-topic-02b43620_ccdd_46bc_af4c_a5d1ed3c6703) [Producer clientId=Producer-topic-02b43620_ccdd_46bc_af4c_a5d1ed3c6703] Cluster ID: pj3cISz0Q0OVF0qikwHveQ
2025-08-13 02:21:43,861 INFO  [org.apa.kaf.cli.pro.int.TransactionManager] (kafka-producer-network-thread | Producer-topic-02b43620_ccdd_46bc_af4c_a5d1ed3c6703) [Producer clientId=Producer-topic-02b43620_ccdd_46bc_af4c_a5d1ed3c6703] ProducerId set to 0 with epoch 0
2025-08-13 02:21:44,010 INFO  [io.api.tes.ser.api.KafkaSerdesTester] (Thread-600) Sending message {"key11755051703297": "value-1"} to topic topic-02b43620_ccdd_46bc_af4c_a5d1ed3c6703
2025-08-13 02:21:44,021 INFO  [io.api.tes.ser.api.KafkaSerdesTester] (Thread-600) Sending message {"key11755051703297": "value-2"} to topic topic-02b43620_ccdd_46bc_af4c_a5d1ed3c6703
2025-08-13 02:21:44,029 INFO  [io.api.tes.ser.api.KafkaSerdesTester] (Thread-600) Sending message {"key11755051703297": "value-3"} to topic topic-02b43620_ccdd_46bc_af4c_a5d1ed3c6703
2025-08-13 02:21:44,036 INFO  [io.api.tes.ser.api.KafkaSerdesTester] (Thread-600) Sending message {"key11755051703297": "value-4"} to topic topic-02b43620_ccdd_46bc_af4c_a5d1ed3c6703
2025-08-13 02:21:44,042 INFO  [io.api.tes.ser.api.KafkaSerdesTester] (Thread-600) Sending message {"key11755051703297": "value-5"} to topic topic-02b43620_ccdd_46bc_af4c_a5d1ed3c6703
2025-08-13 02:21:44,048 INFO  [io.api.tes.ser.api.KafkaSerdesTester] (Thread-600) Sending message {"key11755051703297": "value-6"} to topic topic-02b43620_ccdd_46bc_af4c_a5d1ed3c6703
2025-08-13 02:21:44,054 INFO  [io.api.tes.ser.api.KafkaSerdesTester] (Thread-600) Sending message {"key11755051703297": "value-7"} to topic topic-02b43620_ccdd_46bc_af4c_a5d1ed3c6703
2025-08-13 02:21:44,058 INFO  [io.api.tes.ser.api.KafkaSerdesTester] (Thread-600) Sending message {"key11755051703297": "value-8"} to topic topic-02b43620_ccdd_46bc_af4c_a5d1ed3c6703
2025-08-13 02:21:44,064 INFO  [io.api.tes.ser.api.KafkaSerdesTester] (Thread-600) Sending message {"key11755051703297": "value-9"} to topic topic-02b43620_ccdd_46bc_af4c_a5d1ed3c6703
2025-08-13 02:21:44,068 INFO  [io.api.tes.ser.api.KafkaSerdesTester] (Thread-600) Produced 10 messages
2025-08-13 02:21:44,068 INFO  [org.apa.kaf.cli.pro.KafkaProducer] (Thread-600) [Producer clientId=Producer-topic-02b43620_ccdd_46bc_af4c_a5d1ed3c6703] Closing the Kafka producer with timeoutMillis = 9223372036854775807 ms.
2025-08-13 02:21:44,090 INFO  [org.apa.kaf.com.met.Metrics] (Thread-600) Metrics scheduler closed
2025-08-13 02:21:44,090 INFO  [org.apa.kaf.com.met.Metrics] (Thread-600) Closing reporter org.apache.kafka.common.metrics.JmxReporter
2025-08-13 02:21:44,090 INFO  [org.apa.kaf.com.met.Metrics] (Thread-600) Closing reporter org.apache.kafka.common.telemetry.internals.ClientTelemetryReporter
2025-08-13 02:21:44,090 INFO  [org.apa.kaf.com.met.Metrics] (Thread-600) Metrics reporters closed
2025-08-13 02:21:44,091 INFO  [org.apa.kaf.com.uti.AppInfoParser] (Thread-600) App info kafka.producer for Producer-topic-02b43620_ccdd_46bc_af4c_a5d1ed3c6703 unregistered
**** Registry Base URL: http://registry-app-ksql043.apps.ci419.apicurio-testing.org:80
2025-08-13 02:21:44,149 INFO  [org.apa.kaf.cli.con.ConsumerConfig] (main) ConsumerConfig values: 
	allow.auto.create.topics = true
	auto.commit.interval.ms = 500
	auto.include.jmx.reporter = true
	auto.offset.reset = earliest
	bootstrap.servers = [PLAINTEXT://localhost:32769]
	check.crcs = true
	client.dns.lookup = use_all_dns_ips
	client.id = consumer-Consumer-topic-02b43620_ccdd_46bc_af4c_a5d1ed3c6703-1
	client.rack = 
	connections.max.idle.ms = 10000
	default.api.timeout.ms = 60000
	enable.auto.commit = true
	enable.metrics.push = true
	exclude.internal.topics = true
	fetch.max.bytes = 52428800
	fetch.max.wait.ms = 500
	fetch.min.bytes = 1
	group.id = Consumer-topic-02b43620_ccdd_46bc_af4c_a5d1ed3c6703
	group.instance.id = null
	group.protocol = classic
	group.remote.assignor = null
	heartbeat.interval.ms = 3000
	interceptor.classes = []
	internal.leave.group.on.close = true
	internal.throw.on.fetch.stable.offset.unsupported = false
	isolation.level = read_uncommitted
	key.deserializer = class org.apache.kafka.common.serialization.StringDeserializer
	max.partition.fetch.bytes = 1048576
	max.poll.interval.ms = 300000
	max.poll.records = 500
	metadata.max.age.ms = 300000
	metadata.recovery.strategy = none
	metric.reporters = []
	metrics.num.samples = 2
	metrics.recording.level = INFO
	metrics.sample.window.ms = 30000
	partition.assignment.strategy = [class org.apache.kafka.clients.consumer.RangeAssignor, class org.apache.kafka.clients.consumer.CooperativeStickyAssignor]
	receive.buffer.bytes = 65536
	reconnect.backoff.max.ms = 1000
	reconnect.backoff.ms = 50
	request.timeout.ms = 5000
	retry.backoff.max.ms = 1000
	retry.backoff.ms = 100
	sasl.client.callback.handler.class = null
	sasl.jaas.config = null
	sasl.kerberos.kinit.cmd = /usr/bin/kinit
	sasl.kerberos.min.time.before.relogin = 60000
	sasl.kerberos.service.name = null
	sasl.kerberos.ticket.renew.jitter = 0.05
	sasl.kerberos.ticket.renew.window.factor = 0.8
	sasl.login.callback.handler.class = null
	sasl.login.class = null
	sasl.login.connect.timeout.ms = null
	sasl.login.read.timeout.ms = null
	sasl.login.refresh.buffer.seconds = 300
	sasl.login.refresh.min.period.seconds = 60
	sasl.login.refresh.window.factor = 0.8
	sasl.login.refresh.window.jitter = 0.05
	sasl.login.retry.backoff.max.ms = 10000
	sasl.login.retry.backoff.ms = 100
	sasl.mechanism = GSSAPI
	sasl.oauthbearer.clock.skew.seconds = 30
	sasl.oauthbearer.expected.audience = null
	sasl.oauthbearer.expected.issuer = null
	sasl.oauthbearer.header.urlencode = false
	sasl.oauthbearer.jwks.endpoint.refresh.ms = 3600000
	sasl.oauthbearer.jwks.endpoint.retry.backoff.max.ms = 10000
	sasl.oauthbearer.jwks.endpoint.retry.backoff.ms = 100
	sasl.oauthbearer.jwks.endpoint.url = null
	sasl.oauthbearer.scope.claim.name = scope
	sasl.oauthbearer.sub.claim.name = sub
	sasl.oauthbearer.token.endpoint.url = null
	security.protocol = PLAINTEXT
	security.providers = null
	send.buffer.bytes = 131072
	session.timeout.ms = 45000
	socket.connection.setup.timeout.max.ms = 30000
	socket.connection.setup.timeout.ms = 10000
	ssl.cipher.suites = null
	ssl.enabled.protocols = [TLSv1.2, TLSv1.3]
	ssl.endpoint.identification.algorithm = https
	ssl.engine.factory.class = null
	ssl.key.password = null
	ssl.keymanager.algorithm = SunX509
	ssl.keystore.certificate.chain = null
	ssl.keystore.key = null
	ssl.keystore.location = null
	ssl.keystore.password = null
	ssl.keystore.type = JKS
	ssl.protocol = TLSv1.3
	ssl.provider = null
	ssl.secure.random.implementation = null
	ssl.trustmanager.algorithm = PKIX
	ssl.truststore.certificates = null
	ssl.truststore.location = null
	ssl.truststore.password = null
	ssl.truststore.type = JKS
	value.deserializer = class io.apicurio.registry.serde.avro.AvroKafkaDeserializer

2025-08-13 02:21:44,175 INFO  [org.apa.kaf.com.tel.int.KafkaMetricsCollector] (main) initializing Kafka metrics collector
2025-08-13 02:21:44,266 INFO  [org.apa.kaf.cli.con.ConsumerConfig] (main) These configurations '[apicurio.registry.url, apicurio.registry.use-id]' were supplied but are not used yet.
2025-08-13 02:21:44,267 INFO  [org.apa.kaf.com.uti.AppInfoParser] (main) Kafka version: 3.9.1
2025-08-13 02:21:44,267 INFO  [org.apa.kaf.com.uti.AppInfoParser] (main) Kafka commitId: f745dfdcee2b9851
2025-08-13 02:21:44,268 INFO  [org.apa.kaf.com.uti.AppInfoParser] (main) Kafka startTimeMs: 1755051704267
2025-08-13 02:21:44,270 INFO  [org.apa.kaf.cli.con.int.ClassicKafkaConsumer] (Thread-603) [Consumer clientId=consumer-Consumer-topic-02b43620_ccdd_46bc_af4c_a5d1ed3c6703-1, groupId=Consumer-topic-02b43620_ccdd_46bc_af4c_a5d1ed3c6703] Subscribed to topic(s): topic-02b43620_ccdd_46bc_af4c_a5d1ed3c6703
2025-08-13 02:21:44,282 INFO  [org.apa.kaf.cli.Metadata] (Thread-603) [Consumer clientId=consumer-Consumer-topic-02b43620_ccdd_46bc_af4c_a5d1ed3c6703-1, groupId=Consumer-topic-02b43620_ccdd_46bc_af4c_a5d1ed3c6703] Cluster ID: pj3cISz0Q0OVF0qikwHveQ
2025-08-13 02:21:44,406 INFO  [org.apa.kaf.cli.con.int.ConsumerCoordinator] (Thread-603) [Consumer clientId=consumer-Consumer-topic-02b43620_ccdd_46bc_af4c_a5d1ed3c6703-1, groupId=Consumer-topic-02b43620_ccdd_46bc_af4c_a5d1ed3c6703] Discovered group coordinator localhost:32769 (id: 2147483647 rack: null)
2025-08-13 02:21:44,426 INFO  [org.apa.kaf.cli.con.int.ConsumerCoordinator] (Thread-603) [Consumer clientId=consumer-Consumer-topic-02b43620_ccdd_46bc_af4c_a5d1ed3c6703-1, groupId=Consumer-topic-02b43620_ccdd_46bc_af4c_a5d1ed3c6703] (Re-)joining group
2025-08-13 02:21:44,463 INFO  [org.apa.kaf.cli.con.int.ConsumerCoordinator] (Thread-603) [Consumer clientId=consumer-Consumer-topic-02b43620_ccdd_46bc_af4c_a5d1ed3c6703-1, groupId=Consumer-topic-02b43620_ccdd_46bc_af4c_a5d1ed3c6703] Group coordinator localhost:32769 (id: 2147483647 rack: null) is unavailable or invalid due to cause: error response NOT_COORDINATOR. isDisconnected: false. Rediscovery will be attempted.
2025-08-13 02:21:44,463 INFO  [org.apa.kaf.cli.con.int.ConsumerCoordinator] (Thread-603) [Consumer clientId=consumer-Consumer-topic-02b43620_ccdd_46bc_af4c_a5d1ed3c6703-1, groupId=Consumer-topic-02b43620_ccdd_46bc_af4c_a5d1ed3c6703] Requesting disconnect from last known coordinator localhost:32769 (id: 2147483647 rack: null)
2025-08-13 02:21:44,464 INFO  [org.apa.kaf.cli.con.int.ConsumerCoordinator] (Thread-603) [Consumer clientId=consumer-Consumer-topic-02b43620_ccdd_46bc_af4c_a5d1ed3c6703-1, groupId=Consumer-topic-02b43620_ccdd_46bc_af4c_a5d1ed3c6703] JoinGroup failed: This is not the correct coordinator. Marking coordinator unknown. Sent generation was Generation{generationId=-1, memberId='', protocol='null'}
2025-08-13 02:21:44,464 INFO  [org.apa.kaf.cli.NetworkClient] (Thread-603) [Consumer clientId=consumer-Consumer-topic-02b43620_ccdd_46bc_af4c_a5d1ed3c6703-1, groupId=Consumer-topic-02b43620_ccdd_46bc_af4c_a5d1ed3c6703] Client requested disconnect from node 2147483647
2025-08-13 02:21:44,477 INFO  [org.apa.kaf.cli.con.int.ConsumerCoordinator] (Thread-603) [Consumer clientId=consumer-Consumer-topic-02b43620_ccdd_46bc_af4c_a5d1ed3c6703-1, groupId=Consumer-topic-02b43620_ccdd_46bc_af4c_a5d1ed3c6703] Discovered group coordinator localhost:32769 (id: 2147483647 rack: null)
2025-08-13 02:21:44,477 INFO  [org.apa.kaf.cli.con.int.ConsumerCoordinator] (Thread-603) [Consumer clientId=consumer-Consumer-topic-02b43620_ccdd_46bc_af4c_a5d1ed3c6703-1, groupId=Consumer-topic-02b43620_ccdd_46bc_af4c_a5d1ed3c6703] Group coordinator localhost:32769 (id: 2147483647 rack: null) is unavailable or invalid due to cause: coordinator unavailable. isDisconnected: false. Rediscovery will be attempted.
2025-08-13 02:21:44,477 INFO  [org.apa.kaf.cli.con.int.ConsumerCoordinator] (Thread-603) [Consumer clientId=consumer-Consumer-topic-02b43620_ccdd_46bc_af4c_a5d1ed3c6703-1, groupId=Consumer-topic-02b43620_ccdd_46bc_af4c_a5d1ed3c6703] Requesting disconnect from last known coordinator localhost:32769 (id: 2147483647 rack: null)
2025-08-13 02:21:44,586 INFO  [org.apa.kaf.cli.con.int.ConsumerCoordinator] (Thread-603) [Consumer clientId=consumer-Consumer-topic-02b43620_ccdd_46bc_af4c_a5d1ed3c6703-1, groupId=Consumer-topic-02b43620_ccdd_46bc_af4c_a5d1ed3c6703] Discovered group coordinator localhost:32769 (id: 2147483647 rack: null)
2025-08-13 02:21:44,587 INFO  [org.apa.kaf.cli.con.int.ConsumerCoordinator] (Thread-603) [Consumer clientId=consumer-Consumer-topic-02b43620_ccdd_46bc_af4c_a5d1ed3c6703-1, groupId=Consumer-topic-02b43620_ccdd_46bc_af4c_a5d1ed3c6703] Request joining group due to: rebalance failed due to 'This is not the correct coordinator.' (NotCoordinatorException)
2025-08-13 02:21:44,588 INFO  [org.apa.kaf.cli.con.int.ConsumerCoordinator] (Thread-603) [Consumer clientId=consumer-Consumer-topic-02b43620_ccdd_46bc_af4c_a5d1ed3c6703-1, groupId=Consumer-topic-02b43620_ccdd_46bc_af4c_a5d1ed3c6703] (Re-)joining group
2025-08-13 02:21:44,597 INFO  [org.apa.kaf.cli.con.int.ConsumerCoordinator] (Thread-603) [Consumer clientId=consumer-Consumer-topic-02b43620_ccdd_46bc_af4c_a5d1ed3c6703-1, groupId=Consumer-topic-02b43620_ccdd_46bc_af4c_a5d1ed3c6703] Group coordinator localhost:32769 (id: 2147483647 rack: null) is unavailable or invalid due to cause: error response NOT_COORDINATOR. isDisconnected: false. Rediscovery will be attempted.
2025-08-13 02:21:44,597 INFO  [org.apa.kaf.cli.con.int.ConsumerCoordinator] (Thread-603) [Consumer clientId=consumer-Consumer-topic-02b43620_ccdd_46bc_af4c_a5d1ed3c6703-1, groupId=Consumer-topic-02b43620_ccdd_46bc_af4c_a5d1ed3c6703] Requesting disconnect from last known coordinator localhost:32769 (id: 2147483647 rack: null)
2025-08-13 02:21:44,597 INFO  [org.apa.kaf.cli.con.int.ConsumerCoordinator] (Thread-603) [Consumer clientId=consumer-Consumer-topic-02b43620_ccdd_46bc_af4c_a5d1ed3c6703-1, groupId=Consumer-topic-02b43620_ccdd_46bc_af4c_a5d1ed3c6703] JoinGroup failed: This is not the correct coordinator. Marking coordinator unknown. Sent generation was Generation{generationId=-1, memberId='', protocol='null'}
2025-08-13 02:21:44,597 INFO  [org.apa.kaf.cli.NetworkClient] (Thread-603) [Consumer clientId=consumer-Consumer-topic-02b43620_ccdd_46bc_af4c_a5d1ed3c6703-1, groupId=Consumer-topic-02b43620_ccdd_46bc_af4c_a5d1ed3c6703] Client requested disconnect from node 2147483647
2025-08-13 02:21:44,599 INFO  [org.apa.kaf.cli.con.int.ConsumerCoordinator] (Thread-603) [Consumer clientId=consumer-Consumer-topic-02b43620_ccdd_46bc_af4c_a5d1ed3c6703-1, groupId=Consumer-topic-02b43620_ccdd_46bc_af4c_a5d1ed3c6703] Discovered group coordinator localhost:32769 (id: 2147483647 rack: null)
2025-08-13 02:21:44,600 INFO  [org.apa.kaf.cli.con.int.ConsumerCoordinator] (Thread-603) [Consumer clientId=consumer-Consumer-topic-02b43620_ccdd_46bc_af4c_a5d1ed3c6703-1, groupId=Consumer-topic-02b43620_ccdd_46bc_af4c_a5d1ed3c6703] Group coordinator localhost:32769 (id: 2147483647 rack: null) is unavailable or invalid due to cause: coordinator unavailable. isDisconnected: false. Rediscovery will be attempted.
2025-08-13 02:21:44,600 INFO  [org.apa.kaf.cli.con.int.ConsumerCoordinator] (Thread-603) [Consumer clientId=consumer-Consumer-topic-02b43620_ccdd_46bc_af4c_a5d1ed3c6703-1, groupId=Consumer-topic-02b43620_ccdd_46bc_af4c_a5d1ed3c6703] Requesting disconnect from last known coordinator localhost:32769 (id: 2147483647 rack: null)
2025-08-13 02:21:44,689 INFO  [org.apa.kaf.cli.con.int.ConsumerCoordinator] (Thread-603) [Consumer clientId=consumer-Consumer-topic-02b43620_ccdd_46bc_af4c_a5d1ed3c6703-1, groupId=Consumer-topic-02b43620_ccdd_46bc_af4c_a5d1ed3c6703] Discovered group coordinator localhost:32769 (id: 2147483647 rack: null)
2025-08-13 02:21:44,692 INFO  [org.apa.kaf.cli.con.int.ConsumerCoordinator] (Thread-603) [Consumer clientId=consumer-Consumer-topic-02b43620_ccdd_46bc_af4c_a5d1ed3c6703-1, groupId=Consumer-topic-02b43620_ccdd_46bc_af4c_a5d1ed3c6703] Request joining group due to: rebalance failed due to 'This is not the correct coordinator.' (NotCoordinatorException)
2025-08-13 02:21:44,692 INFO  [org.apa.kaf.cli.con.int.ConsumerCoordinator] (Thread-603) [Consumer clientId=consumer-Consumer-topic-02b43620_ccdd_46bc_af4c_a5d1ed3c6703-1, groupId=Consumer-topic-02b43620_ccdd_46bc_af4c_a5d1ed3c6703] (Re-)joining group
2025-08-13 02:21:44,701 INFO  [org.apa.kaf.cli.con.int.ConsumerCoordinator] (Thread-603) [Consumer clientId=consumer-Consumer-topic-02b43620_ccdd_46bc_af4c_a5d1ed3c6703-1, groupId=Consumer-topic-02b43620_ccdd_46bc_af4c_a5d1ed3c6703] Group coordinator localhost:32769 (id: 2147483647 rack: null) is unavailable or invalid due to cause: error response NOT_COORDINATOR. isDisconnected: false. Rediscovery will be attempted.
2025-08-13 02:21:44,701 INFO  [org.apa.kaf.cli.con.int.ConsumerCoordinator] (Thread-603) [Consumer clientId=consumer-Consumer-topic-02b43620_ccdd_46bc_af4c_a5d1ed3c6703-1, groupId=Consumer-topic-02b43620_ccdd_46bc_af4c_a5d1ed3c6703] Requesting disconnect from last known coordinator localhost:32769 (id: 2147483647 rack: null)
2025-08-13 02:21:44,702 INFO  [org.apa.kaf.cli.con.int.ConsumerCoordinator] (Thread-603) [Consumer clientId=consumer-Consumer-topic-02b43620_ccdd_46bc_af4c_a5d1ed3c6703-1, groupId=Consumer-topic-02b43620_ccdd_46bc_af4c_a5d1ed3c6703] JoinGroup failed: This is not the correct coordinator. Marking coordinator unknown. Sent generation was Generation{generationId=-1, memberId='', protocol='null'}
2025-08-13 02:21:44,702 INFO  [org.apa.kaf.cli.NetworkClient] (Thread-603) [Consumer clientId=consumer-Consumer-topic-02b43620_ccdd_46bc_af4c_a5d1ed3c6703-1, groupId=Consumer-topic-02b43620_ccdd_46bc_af4c_a5d1ed3c6703] Client requested disconnect from node 2147483647
2025-08-13 02:21:44,709 INFO  [org.apa.kaf.cli.con.int.ConsumerCoordinator] (Thread-603) [Consumer clientId=consumer-Consumer-topic-02b43620_ccdd_46bc_af4c_a5d1ed3c6703-1, groupId=Consumer-topic-02b43620_ccdd_46bc_af4c_a5d1ed3c6703] Discovered group coordinator localhost:32769 (id: 2147483647 rack: null)
2025-08-13 02:21:44,709 INFO  [org.apa.kaf.cli.con.int.ConsumerCoordinator] (Thread-603) [Consumer clientId=consumer-Consumer-topic-02b43620_ccdd_46bc_af4c_a5d1ed3c6703-1, groupId=Consumer-topic-02b43620_ccdd_46bc_af4c_a5d1ed3c6703] Group coordinator localhost:32769 (id: 2147483647 rack: null) is unavailable or invalid due to cause: coordinator unavailable. isDisconnected: false. Rediscovery will be attempted.
2025-08-13 02:21:44,710 INFO  [org.apa.kaf.cli.con.int.ConsumerCoordinator] (Thread-603) [Consumer clientId=consumer-Consumer-topic-02b43620_ccdd_46bc_af4c_a5d1ed3c6703-1, groupId=Consumer-topic-02b43620_ccdd_46bc_af4c_a5d1ed3c6703] Requesting disconnect from last known coordinator localhost:32769 (id: 2147483647 rack: null)
2025-08-13 02:21:44,803 INFO  [org.apa.kaf.cli.con.int.ConsumerCoordinator] (Thread-603) [Consumer clientId=consumer-Consumer-topic-02b43620_ccdd_46bc_af4c_a5d1ed3c6703-1, groupId=Consumer-topic-02b43620_ccdd_46bc_af4c_a5d1ed3c6703] Discovered group coordinator localhost:32769 (id: 2147483647 rack: null)
2025-08-13 02:21:44,803 INFO  [org.apa.kaf.cli.con.int.ConsumerCoordinator] (Thread-603) [Consumer clientId=consumer-Consumer-topic-02b43620_ccdd_46bc_af4c_a5d1ed3c6703-1, groupId=Consumer-topic-02b43620_ccdd_46bc_af4c_a5d1ed3c6703] Request joining group due to: rebalance failed due to 'This is not the correct coordinator.' (NotCoordinatorException)
2025-08-13 02:21:44,805 INFO  [org.apa.kaf.cli.con.int.ConsumerCoordinator] (Thread-603) [Consumer clientId=consumer-Consumer-topic-02b43620_ccdd_46bc_af4c_a5d1ed3c6703-1, groupId=Consumer-topic-02b43620_ccdd_46bc_af4c_a5d1ed3c6703] (Re-)joining group
2025-08-13 02:21:44,813 INFO  [org.apa.kaf.cli.con.int.ConsumerCoordinator] (Thread-603) [Consumer clientId=consumer-Consumer-topic-02b43620_ccdd_46bc_af4c_a5d1ed3c6703-1, groupId=Consumer-topic-02b43620_ccdd_46bc_af4c_a5d1ed3c6703] Group coordinator localhost:32769 (id: 2147483647 rack: null) is unavailable or invalid due to cause: error response NOT_COORDINATOR. isDisconnected: false. Rediscovery will be attempted.
2025-08-13 02:21:44,814 INFO  [org.apa.kaf.cli.con.int.ConsumerCoordinator] (Thread-603) [Consumer clientId=consumer-Consumer-topic-02b43620_ccdd_46bc_af4c_a5d1ed3c6703-1, groupId=Consumer-topic-02b43620_ccdd_46bc_af4c_a5d1ed3c6703] Requesting disconnect from last known coordinator localhost:32769 (id: 2147483647 rack: null)
2025-08-13 02:21:44,814 INFO  [org.apa.kaf.cli.con.int.ConsumerCoordinator] (Thread-603) [Consumer clientId=consumer-Consumer-topic-02b43620_ccdd_46bc_af4c_a5d1ed3c6703-1, groupId=Consumer-topic-02b43620_ccdd_46bc_af4c_a5d1ed3c6703] JoinGroup failed: This is not the correct coordinator. Marking coordinator unknown. Sent generation was Generation{generationId=-1, memberId='', protocol='null'}
2025-08-13 02:21:44,814 INFO  [org.apa.kaf.cli.NetworkClient] (Thread-603) [Consumer clientId=consumer-Consumer-topic-02b43620_ccdd_46bc_af4c_a5d1ed3c6703-1, groupId=Consumer-topic-02b43620_ccdd_46bc_af4c_a5d1ed3c6703] Client requested disconnect from node 2147483647
2025-08-13 02:21:44,820 INFO  [org.apa.kaf.cli.con.int.ConsumerCoordinator] (Thread-603) [Consumer clientId=consumer-Consumer-topic-02b43620_ccdd_46bc_af4c_a5d1ed3c6703-1, groupId=Consumer-topic-02b43620_ccdd_46bc_af4c_a5d1ed3c6703] Discovered group coordinator localhost:32769 (id: 2147483647 rack: null)
2025-08-13 02:21:44,820 INFO  [org.apa.kaf.cli.con.int.ConsumerCoordinator] (Thread-603) [Consumer clientId=consumer-Consumer-topic-02b43620_ccdd_46bc_af4c_a5d1ed3c6703-1, groupId=Consumer-topic-02b43620_ccdd_46bc_af4c_a5d1ed3c6703] Group coordinator localhost:32769 (id: 2147483647 rack: null) is unavailable or invalid due to cause: coordinator unavailable. isDisconnected: false. Rediscovery will be attempted.
2025-08-13 02:21:44,820 INFO  [org.apa.kaf.cli.con.int.ConsumerCoordinator] (Thread-603) [Consumer clientId=consumer-Consumer-topic-02b43620_ccdd_46bc_af4c_a5d1ed3c6703-1, groupId=Consumer-topic-02b43620_ccdd_46bc_af4c_a5d1ed3c6703] Requesting disconnect from last known coordinator localhost:32769 (id: 2147483647 rack: null)
2025-08-13 02:21:44,909 INFO  [org.apa.kaf.cli.con.int.ConsumerCoordinator] (Thread-603) [Consumer clientId=consumer-Consumer-topic-02b43620_ccdd_46bc_af4c_a5d1ed3c6703-1, groupId=Consumer-topic-02b43620_ccdd_46bc_af4c_a5d1ed3c6703] Discovered group coordinator localhost:32769 (id: 2147483647 rack: null)
2025-08-13 02:21:44,910 INFO  [org.apa.kaf.cli.con.int.ConsumerCoordinator] (Thread-603) [Consumer clientId=consumer-Consumer-topic-02b43620_ccdd_46bc_af4c_a5d1ed3c6703-1, groupId=Consumer-topic-02b43620_ccdd_46bc_af4c_a5d1ed3c6703] Request joining group due to: rebalance failed due to 'This is not the correct coordinator.' (NotCoordinatorException)
2025-08-13 02:21:44,910 INFO  [org.apa.kaf.cli.con.int.ConsumerCoordinator] (Thread-603) [Consumer clientId=consumer-Consumer-topic-02b43620_ccdd_46bc_af4c_a5d1ed3c6703-1, groupId=Consumer-topic-02b43620_ccdd_46bc_af4c_a5d1ed3c6703] (Re-)joining group
2025-08-13 02:21:44,945 INFO  [org.apa.kaf.cli.con.int.ConsumerCoordinator] (Thread-603) [Consumer clientId=consumer-Consumer-topic-02b43620_ccdd_46bc_af4c_a5d1ed3c6703-1, groupId=Consumer-topic-02b43620_ccdd_46bc_af4c_a5d1ed3c6703] JoinGroup failed: Coordinator localhost:32769 (id: 2147483647 rack: null) is loading the group.
2025-08-13 02:21:44,946 INFO  [org.apa.kaf.cli.con.int.ConsumerCoordinator] (Thread-603) [Consumer clientId=consumer-Consumer-topic-02b43620_ccdd_46bc_af4c_a5d1ed3c6703-1, groupId=Consumer-topic-02b43620_ccdd_46bc_af4c_a5d1ed3c6703] Request joining group due to: rebalance failed due to 'The coordinator is loading and hence can't process requests.' (CoordinatorLoadInProgressException)
2025-08-13 02:21:45,046 INFO  [org.apa.kaf.cli.con.int.ConsumerCoordinator] (Thread-603) [Consumer clientId=consumer-Consumer-topic-02b43620_ccdd_46bc_af4c_a5d1ed3c6703-1, groupId=Consumer-topic-02b43620_ccdd_46bc_af4c_a5d1ed3c6703] (Re-)joining group
2025-08-13 02:21:45,053 INFO  [org.apa.kaf.cli.con.int.ConsumerCoordinator] (Thread-603) [Consumer clientId=consumer-Consumer-topic-02b43620_ccdd_46bc_af4c_a5d1ed3c6703-1, groupId=Consumer-topic-02b43620_ccdd_46bc_af4c_a5d1ed3c6703] Request joining group due to: need to re-join with the given member-id: consumer-Consumer-topic-02b43620_ccdd_46bc_af4c_a5d1ed3c6703-1-ea3a43f3-1819-4515-b50e-e4ac188c5569
2025-08-13 02:21:45,054 INFO  [org.apa.kaf.cli.con.int.ConsumerCoordinator] (Thread-603) [Consumer clientId=consumer-Consumer-topic-02b43620_ccdd_46bc_af4c_a5d1ed3c6703-1, groupId=Consumer-topic-02b43620_ccdd_46bc_af4c_a5d1ed3c6703] (Re-)joining group
2025-08-13 02:21:45,271 INFO  [io.api.tes.ser.api.KafkaSerdesTester] (Thread-603) None found
2025-08-13 02:21:46,271 INFO  [io.api.tes.ser.api.KafkaSerdesTester] (Thread-603) None found
2025-08-13 02:21:47,271 INFO  [io.api.tes.ser.api.KafkaSerdesTester] (Thread-603) None found
2025-08-13 02:21:48,071 INFO  [org.apa.kaf.cli.con.int.ConsumerCoordinator] (Thread-603) [Consumer clientId=consumer-Consumer-topic-02b43620_ccdd_46bc_af4c_a5d1ed3c6703-1, groupId=Consumer-topic-02b43620_ccdd_46bc_af4c_a5d1ed3c6703] Successfully joined group with generation Generation{generationId=1, memberId='consumer-Consumer-topic-02b43620_ccdd_46bc_af4c_a5d1ed3c6703-1-ea3a43f3-1819-4515-b50e-e4ac188c5569', protocol='range'}
2025-08-13 02:21:48,088 INFO  [org.apa.kaf.cli.con.int.ConsumerCoordinator] (Thread-603) [Consumer clientId=consumer-Consumer-topic-02b43620_ccdd_46bc_af4c_a5d1ed3c6703-1, groupId=Consumer-topic-02b43620_ccdd_46bc_af4c_a5d1ed3c6703] Finished assignment for group at generation 1: {consumer-Consumer-topic-02b43620_ccdd_46bc_af4c_a5d1ed3c6703-1-ea3a43f3-1819-4515-b50e-e4ac188c5569=Assignment(partitions=[topic-02b43620_ccdd_46bc_af4c_a5d1ed3c6703-0])}
2025-08-13 02:21:48,105 INFO  [org.apa.kaf.cli.con.int.ConsumerCoordinator] (kafka-coordinator-heartbeat-thread | Consumer-topic-02b43620_ccdd_46bc_af4c_a5d1ed3c6703) [Consumer clientId=consumer-Consumer-topic-02b43620_ccdd_46bc_af4c_a5d1ed3c6703-1, groupId=Consumer-topic-02b43620_ccdd_46bc_af4c_a5d1ed3c6703] Successfully synced group in generation Generation{generationId=1, memberId='consumer-Consumer-topic-02b43620_ccdd_46bc_af4c_a5d1ed3c6703-1-ea3a43f3-1819-4515-b50e-e4ac188c5569', protocol='range'}
2025-08-13 02:21:48,105 INFO  [org.apa.kaf.cli.con.int.ConsumerCoordinator] (Thread-603) [Consumer clientId=consumer-Consumer-topic-02b43620_ccdd_46bc_af4c_a5d1ed3c6703-1, groupId=Consumer-topic-02b43620_ccdd_46bc_af4c_a5d1ed3c6703] Notifying assignor about the new Assignment(partitions=[topic-02b43620_ccdd_46bc_af4c_a5d1ed3c6703-0])
2025-08-13 02:21:48,110 INFO  [org.apa.kaf.cli.con.int.ConsumerRebalanceListenerInvoker] (Thread-603) [Consumer clientId=consumer-Consumer-topic-02b43620_ccdd_46bc_af4c_a5d1ed3c6703-1, groupId=Consumer-topic-02b43620_ccdd_46bc_af4c_a5d1ed3c6703] Adding newly assigned partitions: topic-02b43620_ccdd_46bc_af4c_a5d1ed3c6703-0
2025-08-13 02:21:48,128 INFO  [org.apa.kaf.cli.con.int.ConsumerCoordinator] (Thread-603) [Consumer clientId=consumer-Consumer-topic-02b43620_ccdd_46bc_af4c_a5d1ed3c6703-1, groupId=Consumer-topic-02b43620_ccdd_46bc_af4c_a5d1ed3c6703] Found no committed offset for partition topic-02b43620_ccdd_46bc_af4c_a5d1ed3c6703-0
2025-08-13 02:21:48,149 INFO  [org.apa.kaf.cli.con.int.SubscriptionState] (Thread-603) [Consumer clientId=consumer-Consumer-topic-02b43620_ccdd_46bc_af4c_a5d1ed3c6703-1, groupId=Consumer-topic-02b43620_ccdd_46bc_af4c_a5d1ed3c6703] Resetting offset for partition topic-02b43620_ccdd_46bc_af4c_a5d1ed3c6703-0 to position FetchPosition{offset=0, offsetEpoch=Optional.empty, currentLeader=LeaderAndEpoch{leader=Optional[localhost:32769 (id: 0 rack: null)], epoch=0}}.
2025-08-13 02:21:48,230 INFO  [io.api.tes.ser.api.KafkaSerdesTester] (Thread-603) topic-02b43620_ccdd_46bc_af4c_a5d1ed3c6703 0 0 {"key11755051703297": "value-0"}
2025-08-13 02:21:48,233 INFO  [io.api.tes.ser.api.KafkaSerdesTester] (Thread-603) topic-02b43620_ccdd_46bc_af4c_a5d1ed3c6703 0 1 {"key11755051703297": "value-1"}
2025-08-13 02:21:48,234 INFO  [io.api.tes.ser.api.KafkaSerdesTester] (Thread-603) topic-02b43620_ccdd_46bc_af4c_a5d1ed3c6703 0 2 {"key11755051703297": "value-2"}
2025-08-13 02:21:48,235 INFO  [io.api.tes.ser.api.KafkaSerdesTester] (Thread-603) topic-02b43620_ccdd_46bc_af4c_a5d1ed3c6703 0 3 {"key11755051703297": "value-3"}
2025-08-13 02:21:48,235 INFO  [io.api.tes.ser.api.KafkaSerdesTester] (Thread-603) topic-02b43620_ccdd_46bc_af4c_a5d1ed3c6703 0 4 {"key11755051703297": "value-4"}
2025-08-13 02:21:48,235 INFO  [io.api.tes.ser.api.KafkaSerdesTester] (Thread-603) topic-02b43620_ccdd_46bc_af4c_a5d1ed3c6703 0 5 {"key11755051703297": "value-5"}
2025-08-13 02:21:48,235 INFO  [io.api.tes.ser.api.KafkaSerdesTester] (Thread-603) topic-02b43620_ccdd_46bc_af4c_a5d1ed3c6703 0 6 {"key11755051703297": "value-6"}
2025-08-13 02:21:48,235 INFO  [io.api.tes.ser.api.KafkaSerdesTester] (Thread-603) topic-02b43620_ccdd_46bc_af4c_a5d1ed3c6703 0 7 {"key11755051703297": "value-7"}
2025-08-13 02:21:48,235 INFO  [io.api.tes.ser.api.KafkaSerdesTester] (Thread-603) topic-02b43620_ccdd_46bc_af4c_a5d1ed3c6703 0 8 {"key11755051703297": "value-8"}
2025-08-13 02:21:48,239 INFO  [io.api.tes.ser.api.KafkaSerdesTester] (Thread-603) topic-02b43620_ccdd_46bc_af4c_a5d1ed3c6703 0 9 {"key11755051703297": "value-9"}
2025-08-13 02:21:48,239 INFO  [io.api.tes.ser.api.KafkaSerdesTester] (Thread-603) Consumed 10 messages
2025-08-13 02:21:48,264 INFO  [org.apa.kaf.cli.con.int.ConsumerRebalanceListenerInvoker] (Thread-603) [Consumer clientId=consumer-Consumer-topic-02b43620_ccdd_46bc_af4c_a5d1ed3c6703-1, groupId=Consumer-topic-02b43620_ccdd_46bc_af4c_a5d1ed3c6703] Revoke previously assigned partitions topic-02b43620_ccdd_46bc_af4c_a5d1ed3c6703-0
2025-08-13 02:21:48,264 INFO  [org.apa.kaf.cli.con.int.ConsumerCoordinator] (Thread-603) [Consumer clientId=consumer-Consumer-topic-02b43620_ccdd_46bc_af4c_a5d1ed3c6703-1, groupId=Consumer-topic-02b43620_ccdd_46bc_af4c_a5d1ed3c6703] Member consumer-Consumer-topic-02b43620_ccdd_46bc_af4c_a5d1ed3c6703-1-ea3a43f3-1819-4515-b50e-e4ac188c5569 sending LeaveGroup request to coordinator localhost:32769 (id: 2147483647 rack: null) due to the consumer is being closed
2025-08-13 02:21:48,269 INFO  [org.apa.kaf.cli.con.int.ConsumerCoordinator] (Thread-603) [Consumer clientId=consumer-Consumer-topic-02b43620_ccdd_46bc_af4c_a5d1ed3c6703-1, groupId=Consumer-topic-02b43620_ccdd_46bc_af4c_a5d1ed3c6703] Resetting generation and member id due to: consumer pro-actively leaving the group
2025-08-13 02:21:48,269 INFO  [org.apa.kaf.cli.con.int.ConsumerCoordinator] (Thread-603) [Consumer clientId=consumer-Consumer-topic-02b43620_ccdd_46bc_af4c_a5d1ed3c6703-1, groupId=Consumer-topic-02b43620_ccdd_46bc_af4c_a5d1ed3c6703] Request joining group due to: consumer pro-actively leaving the group
2025-08-13 02:21:48,749 INFO  [org.apa.kaf.com.met.Metrics] (Thread-603) Metrics scheduler closed
2025-08-13 02:21:48,749 INFO  [org.apa.kaf.com.met.Metrics] (Thread-603) Closing reporter org.apache.kafka.common.metrics.JmxReporter
2025-08-13 02:21:48,750 INFO  [org.apa.kaf.com.met.Metrics] (Thread-603) Closing reporter org.apache.kafka.common.telemetry.internals.ClientTelemetryReporter
2025-08-13 02:21:48,750 INFO  [org.apa.kaf.com.met.Metrics] (Thread-603) Metrics reporters closed
2025-08-13 02:21:48,756 INFO  [org.apa.kaf.com.uti.AppInfoParser] (Thread-603) App info kafka.consumer for consumer-Consumer-topic-02b43620_ccdd_46bc_af4c_a5d1ed3c6703-1 unregistered
2025-08-13 02:21:48,757 INFO  [io.api.tes.uti.TestSeparator] (main) io.apicurio.tests.serdes.apicurio.AvroSerdeIT.testGlobalIdInHeaders-FINISHED
2025-08-13 02:21:48,757 INFO  [io.api.tes.uti.TestSeparator] (main) ############################################################################
Test passed: testGlobalIdInHeaders
]]></system-out>
  </testcase>
  <testcase name="testSimpleTopicIdStrategyFindLatest" classname="io.apicurio.tests.serdes.apicurio.AvroSerdeIT" time="4.802">
    <system-out><![CDATA[2025-08-13 02:21:48,761 INFO  [io.api.tes.uti.TestSeparator] (main) ############################################################################
2025-08-13 02:21:48,761 INFO  [io.api.tes.uti.TestSeparator] (main) io.apicurio.tests.serdes.apicurio.AvroSerdeIT.testSimpleTopicIdStrategyFindLatest-STARTED
2025-08-13 02:21:48,762 INFO  [io.api.tes.ser.api.AvroSerdeIT] (main) Registering Avro Schema: {"type":"record","name":"myrecordapicurio1","fields":[{"name":"key11755051708761","type":"string"}]}
**** Registry Base URL: http://registry-app-ksql043.apps.ci419.apicurio-testing.org:80
2025-08-13 02:21:49,839 INFO  [org.apa.kaf.cli.pro.ProducerConfig] (main) ProducerConfig values: 
	acks = -1
	auto.include.jmx.reporter = true
	batch.size = 16384
	bootstrap.servers = [PLAINTEXT://localhost:32769]
	buffer.memory = 33554432
	client.dns.lookup = use_all_dns_ips
	client.id = Producer-topic-387be446_31d1_4264_b552_9c38545591e3
	compression.gzip.level = -1
	compression.lz4.level = 9
	compression.type = none
	compression.zstd.level = 3
	connections.max.idle.ms = 10000
	delivery.timeout.ms = 120000
	enable.idempotence = true
	enable.metrics.push = true
	interceptor.classes = []
	key.serializer = class org.apache.kafka.common.serialization.StringSerializer
	linger.ms = 0
	max.block.ms = 60000
	max.in.flight.requests.per.connection = 5
	max.request.size = 1048576
	metadata.max.age.ms = 300000
	metadata.max.idle.ms = 300000
	metadata.recovery.strategy = none
	metric.reporters = []
	metrics.num.samples = 2
	metrics.recording.level = INFO
	metrics.sample.window.ms = 30000
	partitioner.adaptive.partitioning.enable = true
	partitioner.availability.timeout.ms = 0
	partitioner.class = null
	partitioner.ignore.keys = false
	receive.buffer.bytes = 32768
	reconnect.backoff.max.ms = 1000
	reconnect.backoff.ms = 50
	request.timeout.ms = 5000
	retries = 2147483647
	retry.backoff.max.ms = 1000
	retry.backoff.ms = 100
	sasl.client.callback.handler.class = null
	sasl.jaas.config = null
	sasl.kerberos.kinit.cmd = /usr/bin/kinit
	sasl.kerberos.min.time.before.relogin = 60000
	sasl.kerberos.service.name = null
	sasl.kerberos.ticket.renew.jitter = 0.05
	sasl.kerberos.ticket.renew.window.factor = 0.8
	sasl.login.callback.handler.class = null
	sasl.login.class = null
	sasl.login.connect.timeout.ms = null
	sasl.login.read.timeout.ms = null
	sasl.login.refresh.buffer.seconds = 300
	sasl.login.refresh.min.period.seconds = 60
	sasl.login.refresh.window.factor = 0.8
	sasl.login.refresh.window.jitter = 0.05
	sasl.login.retry.backoff.max.ms = 10000
	sasl.login.retry.backoff.ms = 100
	sasl.mechanism = GSSAPI
	sasl.oauthbearer.clock.skew.seconds = 30
	sasl.oauthbearer.expected.audience = null
	sasl.oauthbearer.expected.issuer = null
	sasl.oauthbearer.header.urlencode = false
	sasl.oauthbearer.jwks.endpoint.refresh.ms = 3600000
	sasl.oauthbearer.jwks.endpoint.retry.backoff.max.ms = 10000
	sasl.oauthbearer.jwks.endpoint.retry.backoff.ms = 100
	sasl.oauthbearer.jwks.endpoint.url = null
	sasl.oauthbearer.scope.claim.name = scope
	sasl.oauthbearer.sub.claim.name = sub
	sasl.oauthbearer.token.endpoint.url = null
	security.protocol = PLAINTEXT
	security.providers = null
	send.buffer.bytes = 131072
	socket.connection.setup.timeout.max.ms = 30000
	socket.connection.setup.timeout.ms = 10000
	ssl.cipher.suites = null
	ssl.enabled.protocols = [TLSv1.2, TLSv1.3]
	ssl.endpoint.identification.algorithm = https
	ssl.engine.factory.class = null
	ssl.key.password = null
	ssl.keymanager.algorithm = SunX509
	ssl.keystore.certificate.chain = null
	ssl.keystore.key = null
	ssl.keystore.location = null
	ssl.keystore.password = null
	ssl.keystore.type = JKS
	ssl.protocol = TLSv1.3
	ssl.provider = null
	ssl.secure.random.implementation = null
	ssl.trustmanager.algorithm = PKIX
	ssl.truststore.certificates = null
	ssl.truststore.location = null
	ssl.truststore.password = null
	ssl.truststore.type = JKS
	transaction.timeout.ms = 60000
	transactional.id = null
	value.serializer = class io.apicurio.registry.serde.avro.AvroKafkaSerializer

2025-08-13 02:21:49,842 INFO  [org.apa.kaf.com.tel.int.KafkaMetricsCollector] (main) initializing Kafka metrics collector
2025-08-13 02:21:49,847 INFO  [org.apa.kaf.cli.pro.KafkaProducer] (main) [Producer clientId=Producer-topic-387be446_31d1_4264_b552_9c38545591e3] Instantiated an idempotent producer.
2025-08-13 02:21:49,851 INFO  [org.apa.kaf.cli.pro.ProducerConfig] (main) These configurations '[apicurio.registry.find-latest, apicurio.registry.artifact.group-id, apicurio.registry.url, apicurio.registry.artifact-resolver-strategy]' were supplied but are not used yet.
2025-08-13 02:21:49,852 INFO  [org.apa.kaf.com.uti.AppInfoParser] (main) Kafka version: 3.9.1
2025-08-13 02:21:49,852 INFO  [org.apa.kaf.com.uti.AppInfoParser] (main) Kafka commitId: f745dfdcee2b9851
2025-08-13 02:21:49,852 INFO  [org.apa.kaf.com.uti.AppInfoParser] (main) Kafka startTimeMs: 1755051709852
2025-08-13 02:21:49,855 INFO  [io.api.tes.ser.api.SimpleSerdesTesterBuilder$SimpleSerdesTester] (main) Using producer configuration: {apicurio.registry.find-latest=true, apicurio.registry.artifact.group-id=topic-387be446_31d1_4264_b552_9c38545591e3, apicurio.registry.url=http://registry-app-ksql043.apps.ci419.apicurio-testing.org:80/apis/registry/v3, apicurio.registry.artifact-resolver-strategy=io.apicurio.registry.serde.strategy.SimpleTopicIdStrategy, value.serializer=io.apicurio.registry.serde.avro.AvroKafkaSerializer, request.timeout.ms=5000, acks=all, bootstrap.servers=PLAINTEXT://localhost:32769, connections.max.idle.ms=10000, key.serializer=org.apache.kafka.common.serialization.StringSerializer, client.id=Producer-topic-387be446_31d1_4264_b552_9c38545591e3}
2025-08-13 02:21:49,855 INFO  [io.api.tes.ser.api.SimpleSerdesTesterBuilder$SimpleSerdesTester] (main) Using consumer configuration: {}
2025-08-13 02:21:49,856 INFO  [io.api.tes.ser.api.KafkaSerdesTester] (Thread-606) Sending message {"key11755051708761": "value-0"} to topic topic-387be446_31d1_4264_b552_9c38545591e3
2025-08-13 02:21:49,860 INFO  [org.apa.kaf.cli.Metadata] (kafka-producer-network-thread | Producer-topic-387be446_31d1_4264_b552_9c38545591e3) [Producer clientId=Producer-topic-387be446_31d1_4264_b552_9c38545591e3] Cluster ID: pj3cISz0Q0OVF0qikwHveQ
2025-08-13 02:21:49,864 INFO  [org.apa.kaf.cli.pro.int.TransactionManager] (kafka-producer-network-thread | Producer-topic-387be446_31d1_4264_b552_9c38545591e3) [Producer clientId=Producer-topic-387be446_31d1_4264_b552_9c38545591e3] ProducerId set to 1 with epoch 0
2025-08-13 02:21:49,913 INFO  [io.api.tes.ser.api.KafkaSerdesTester] (Thread-606) Sending message {"key11755051708761": "value-1"} to topic topic-387be446_31d1_4264_b552_9c38545591e3
2025-08-13 02:21:49,920 INFO  [io.api.tes.ser.api.KafkaSerdesTester] (Thread-606) Sending message {"key11755051708761": "value-2"} to topic topic-387be446_31d1_4264_b552_9c38545591e3
2025-08-13 02:21:49,923 INFO  [io.api.tes.ser.api.KafkaSerdesTester] (Thread-606) Sending message {"key11755051708761": "value-3"} to topic topic-387be446_31d1_4264_b552_9c38545591e3
2025-08-13 02:21:49,926 INFO  [io.api.tes.ser.api.KafkaSerdesTester] (Thread-606) Sending message {"key11755051708761": "value-4"} to topic topic-387be446_31d1_4264_b552_9c38545591e3
2025-08-13 02:21:49,929 INFO  [io.api.tes.ser.api.KafkaSerdesTester] (Thread-606) Sending message {"key11755051708761": "value-5"} to topic topic-387be446_31d1_4264_b552_9c38545591e3
2025-08-13 02:21:49,933 INFO  [io.api.tes.ser.api.KafkaSerdesTester] (Thread-606) Sending message {"key11755051708761": "value-6"} to topic topic-387be446_31d1_4264_b552_9c38545591e3
2025-08-13 02:21:49,937 INFO  [io.api.tes.ser.api.KafkaSerdesTester] (Thread-606) Sending message {"key11755051708761": "value-7"} to topic topic-387be446_31d1_4264_b552_9c38545591e3
2025-08-13 02:21:49,941 INFO  [io.api.tes.ser.api.KafkaSerdesTester] (Thread-606) Sending message {"key11755051708761": "value-8"} to topic topic-387be446_31d1_4264_b552_9c38545591e3
2025-08-13 02:21:49,943 INFO  [io.api.tes.ser.api.KafkaSerdesTester] (Thread-606) Sending message {"key11755051708761": "value-9"} to topic topic-387be446_31d1_4264_b552_9c38545591e3
2025-08-13 02:21:49,946 INFO  [io.api.tes.ser.api.KafkaSerdesTester] (Thread-606) Produced 10 messages
2025-08-13 02:21:49,947 INFO  [org.apa.kaf.cli.pro.KafkaProducer] (Thread-606) [Producer clientId=Producer-topic-387be446_31d1_4264_b552_9c38545591e3] Closing the Kafka producer with timeoutMillis = 9223372036854775807 ms.
2025-08-13 02:21:49,952 INFO  [org.apa.kaf.com.met.Metrics] (Thread-606) Metrics scheduler closed
2025-08-13 02:21:49,952 INFO  [org.apa.kaf.com.met.Metrics] (Thread-606) Closing reporter org.apache.kafka.common.metrics.JmxReporter
2025-08-13 02:21:49,952 INFO  [org.apa.kaf.com.met.Metrics] (Thread-606) Closing reporter org.apache.kafka.common.telemetry.internals.ClientTelemetryReporter
2025-08-13 02:21:49,952 INFO  [org.apa.kaf.com.met.Metrics] (Thread-606) Metrics reporters closed
2025-08-13 02:21:49,953 INFO  [org.apa.kaf.com.uti.AppInfoParser] (Thread-606) App info kafka.producer for Producer-topic-387be446_31d1_4264_b552_9c38545591e3 unregistered
**** Registry Base URL: http://registry-app-ksql043.apps.ci419.apicurio-testing.org:80
2025-08-13 02:21:49,958 INFO  [org.apa.kaf.cli.con.ConsumerConfig] (main) ConsumerConfig values: 
	allow.auto.create.topics = true
	auto.commit.interval.ms = 500
	auto.include.jmx.reporter = true
	auto.offset.reset = earliest
	bootstrap.servers = [PLAINTEXT://localhost:32769]
	check.crcs = true
	client.dns.lookup = use_all_dns_ips
	client.id = consumer-Consumer-topic-387be446_31d1_4264_b552_9c38545591e3-2
	client.rack = 
	connections.max.idle.ms = 10000
	default.api.timeout.ms = 60000
	enable.auto.commit = true
	enable.metrics.push = true
	exclude.internal.topics = true
	fetch.max.bytes = 52428800
	fetch.max.wait.ms = 500
	fetch.min.bytes = 1
	group.id = Consumer-topic-387be446_31d1_4264_b552_9c38545591e3
	group.instance.id = null
	group.protocol = classic
	group.remote.assignor = null
	heartbeat.interval.ms = 3000
	interceptor.classes = []
	internal.leave.group.on.close = true
	internal.throw.on.fetch.stable.offset.unsupported = false
	isolation.level = read_uncommitted
	key.deserializer = class org.apache.kafka.common.serialization.StringDeserializer
	max.partition.fetch.bytes = 1048576
	max.poll.interval.ms = 300000
	max.poll.records = 500
	metadata.max.age.ms = 300000
	metadata.recovery.strategy = none
	metric.reporters = []
	metrics.num.samples = 2
	metrics.recording.level = INFO
	metrics.sample.window.ms = 30000
	partition.assignment.strategy = [class org.apache.kafka.clients.consumer.RangeAssignor, class org.apache.kafka.clients.consumer.CooperativeStickyAssignor]
	receive.buffer.bytes = 65536
	reconnect.backoff.max.ms = 1000
	reconnect.backoff.ms = 50
	request.timeout.ms = 5000
	retry.backoff.max.ms = 1000
	retry.backoff.ms = 100
	sasl.client.callback.handler.class = null
	sasl.jaas.config = null
	sasl.kerberos.kinit.cmd = /usr/bin/kinit
	sasl.kerberos.min.time.before.relogin = 60000
	sasl.kerberos.service.name = null
	sasl.kerberos.ticket.renew.jitter = 0.05
	sasl.kerberos.ticket.renew.window.factor = 0.8
	sasl.login.callback.handler.class = null
	sasl.login.class = null
	sasl.login.connect.timeout.ms = null
	sasl.login.read.timeout.ms = null
	sasl.login.refresh.buffer.seconds = 300
	sasl.login.refresh.min.period.seconds = 60
	sasl.login.refresh.window.factor = 0.8
	sasl.login.refresh.window.jitter = 0.05
	sasl.login.retry.backoff.max.ms = 10000
	sasl.login.retry.backoff.ms = 100
	sasl.mechanism = GSSAPI
	sasl.oauthbearer.clock.skew.seconds = 30
	sasl.oauthbearer.expected.audience = null
	sasl.oauthbearer.expected.issuer = null
	sasl.oauthbearer.header.urlencode = false
	sasl.oauthbearer.jwks.endpoint.refresh.ms = 3600000
	sasl.oauthbearer.jwks.endpoint.retry.backoff.max.ms = 10000
	sasl.oauthbearer.jwks.endpoint.retry.backoff.ms = 100
	sasl.oauthbearer.jwks.endpoint.url = null
	sasl.oauthbearer.scope.claim.name = scope
	sasl.oauthbearer.sub.claim.name = sub
	sasl.oauthbearer.token.endpoint.url = null
	security.protocol = PLAINTEXT
	security.providers = null
	send.buffer.bytes = 131072
	session.timeout.ms = 45000
	socket.connection.setup.timeout.max.ms = 30000
	socket.connection.setup.timeout.ms = 10000
	ssl.cipher.suites = null
	ssl.enabled.protocols = [TLSv1.2, TLSv1.3]
	ssl.endpoint.identification.algorithm = https
	ssl.engine.factory.class = null
	ssl.key.password = null
	ssl.keymanager.algorithm = SunX509
	ssl.keystore.certificate.chain = null
	ssl.keystore.key = null
	ssl.keystore.location = null
	ssl.keystore.password = null
	ssl.keystore.type = JKS
	ssl.protocol = TLSv1.3
	ssl.provider = null
	ssl.secure.random.implementation = null
	ssl.trustmanager.algorithm = PKIX
	ssl.truststore.certificates = null
	ssl.truststore.location = null
	ssl.truststore.password = null
	ssl.truststore.type = JKS
	value.deserializer = class io.apicurio.registry.serde.avro.AvroKafkaDeserializer

2025-08-13 02:21:49,958 INFO  [org.apa.kaf.com.tel.int.KafkaMetricsCollector] (main) initializing Kafka metrics collector
2025-08-13 02:21:49,969 INFO  [org.apa.kaf.cli.con.ConsumerConfig] (main) These configurations '[apicurio.registry.url]' were supplied but are not used yet.
2025-08-13 02:21:49,969 INFO  [org.apa.kaf.com.uti.AppInfoParser] (main) Kafka version: 3.9.1
2025-08-13 02:21:49,969 INFO  [org.apa.kaf.com.uti.AppInfoParser] (main) Kafka commitId: f745dfdcee2b9851
2025-08-13 02:21:49,969 INFO  [org.apa.kaf.com.uti.AppInfoParser] (main) Kafka startTimeMs: 1755051709969
2025-08-13 02:21:49,971 INFO  [org.apa.kaf.cli.con.int.ClassicKafkaConsumer] (Thread-609) [Consumer clientId=consumer-Consumer-topic-387be446_31d1_4264_b552_9c38545591e3-2, groupId=Consumer-topic-387be446_31d1_4264_b552_9c38545591e3] Subscribed to topic(s): topic-387be446_31d1_4264_b552_9c38545591e3
2025-08-13 02:21:49,977 INFO  [org.apa.kaf.cli.Metadata] (Thread-609) [Consumer clientId=consumer-Consumer-topic-387be446_31d1_4264_b552_9c38545591e3-2, groupId=Consumer-topic-387be446_31d1_4264_b552_9c38545591e3] Cluster ID: pj3cISz0Q0OVF0qikwHveQ
2025-08-13 02:21:49,983 INFO  [org.apa.kaf.cli.con.int.ConsumerCoordinator] (Thread-609) [Consumer clientId=consumer-Consumer-topic-387be446_31d1_4264_b552_9c38545591e3-2, groupId=Consumer-topic-387be446_31d1_4264_b552_9c38545591e3] Discovered group coordinator localhost:32769 (id: 2147483647 rack: null)
2025-08-13 02:21:49,986 INFO  [org.apa.kaf.cli.con.int.ConsumerCoordinator] (Thread-609) [Consumer clientId=consumer-Consumer-topic-387be446_31d1_4264_b552_9c38545591e3-2, groupId=Consumer-topic-387be446_31d1_4264_b552_9c38545591e3] (Re-)joining group
2025-08-13 02:21:49,993 INFO  [org.apa.kaf.cli.con.int.ConsumerCoordinator] (Thread-609) [Consumer clientId=consumer-Consumer-topic-387be446_31d1_4264_b552_9c38545591e3-2, groupId=Consumer-topic-387be446_31d1_4264_b552_9c38545591e3] Request joining group due to: need to re-join with the given member-id: consumer-Consumer-topic-387be446_31d1_4264_b552_9c38545591e3-2-551e7590-49b5-4097-bdd4-2d8a7fa6be71
2025-08-13 02:21:49,993 INFO  [org.apa.kaf.cli.con.int.ConsumerCoordinator] (Thread-609) [Consumer clientId=consumer-Consumer-topic-387be446_31d1_4264_b552_9c38545591e3-2, groupId=Consumer-topic-387be446_31d1_4264_b552_9c38545591e3] (Re-)joining group
2025-08-13 02:21:50,972 INFO  [io.api.tes.ser.api.KafkaSerdesTester] (Thread-609) None found
2025-08-13 02:21:51,972 INFO  [io.api.tes.ser.api.KafkaSerdesTester] (Thread-609) None found
2025-08-13 02:21:52,972 INFO  [io.api.tes.ser.api.KafkaSerdesTester] (Thread-609) None found
2025-08-13 02:21:52,996 INFO  [org.apa.kaf.cli.con.int.ConsumerCoordinator] (Thread-609) [Consumer clientId=consumer-Consumer-topic-387be446_31d1_4264_b552_9c38545591e3-2, groupId=Consumer-topic-387be446_31d1_4264_b552_9c38545591e3] Successfully joined group with generation Generation{generationId=1, memberId='consumer-Consumer-topic-387be446_31d1_4264_b552_9c38545591e3-2-551e7590-49b5-4097-bdd4-2d8a7fa6be71', protocol='range'}
2025-08-13 02:21:52,996 INFO  [org.apa.kaf.cli.con.int.ConsumerCoordinator] (Thread-609) [Consumer clientId=consumer-Consumer-topic-387be446_31d1_4264_b552_9c38545591e3-2, groupId=Consumer-topic-387be446_31d1_4264_b552_9c38545591e3] Finished assignment for group at generation 1: {consumer-Consumer-topic-387be446_31d1_4264_b552_9c38545591e3-2-551e7590-49b5-4097-bdd4-2d8a7fa6be71=Assignment(partitions=[topic-387be446_31d1_4264_b552_9c38545591e3-0])}
2025-08-13 02:21:53,003 INFO  [org.apa.kaf.cli.con.int.ConsumerCoordinator] (Thread-609) [Consumer clientId=consumer-Consumer-topic-387be446_31d1_4264_b552_9c38545591e3-2, groupId=Consumer-topic-387be446_31d1_4264_b552_9c38545591e3] Successfully synced group in generation Generation{generationId=1, memberId='consumer-Consumer-topic-387be446_31d1_4264_b552_9c38545591e3-2-551e7590-49b5-4097-bdd4-2d8a7fa6be71', protocol='range'}
2025-08-13 02:21:53,003 INFO  [org.apa.kaf.cli.con.int.ConsumerCoordinator] (Thread-609) [Consumer clientId=consumer-Consumer-topic-387be446_31d1_4264_b552_9c38545591e3-2, groupId=Consumer-topic-387be446_31d1_4264_b552_9c38545591e3] Notifying assignor about the new Assignment(partitions=[topic-387be446_31d1_4264_b552_9c38545591e3-0])
2025-08-13 02:21:53,003 INFO  [org.apa.kaf.cli.con.int.ConsumerRebalanceListenerInvoker] (Thread-609) [Consumer clientId=consumer-Consumer-topic-387be446_31d1_4264_b552_9c38545591e3-2, groupId=Consumer-topic-387be446_31d1_4264_b552_9c38545591e3] Adding newly assigned partitions: topic-387be446_31d1_4264_b552_9c38545591e3-0
2025-08-13 02:21:53,007 INFO  [org.apa.kaf.cli.con.int.ConsumerCoordinator] (Thread-609) [Consumer clientId=consumer-Consumer-topic-387be446_31d1_4264_b552_9c38545591e3-2, groupId=Consumer-topic-387be446_31d1_4264_b552_9c38545591e3] Found no committed offset for partition topic-387be446_31d1_4264_b552_9c38545591e3-0
2025-08-13 02:21:53,014 INFO  [org.apa.kaf.cli.con.int.SubscriptionState] (Thread-609) [Consumer clientId=consumer-Consumer-topic-387be446_31d1_4264_b552_9c38545591e3-2, groupId=Consumer-topic-387be446_31d1_4264_b552_9c38545591e3] Resetting offset for partition topic-387be446_31d1_4264_b552_9c38545591e3-0 to position FetchPosition{offset=0, offsetEpoch=Optional.empty, currentLeader=LeaderAndEpoch{leader=Optional[localhost:32769 (id: 0 rack: null)], epoch=0}}.
2025-08-13 02:21:53,047 INFO  [io.api.tes.ser.api.KafkaSerdesTester] (Thread-609) topic-387be446_31d1_4264_b552_9c38545591e3 0 0 {"key11755051708761": "value-0"}
2025-08-13 02:21:53,047 INFO  [io.api.tes.ser.api.KafkaSerdesTester] (Thread-609) topic-387be446_31d1_4264_b552_9c38545591e3 0 1 {"key11755051708761": "value-1"}
2025-08-13 02:21:53,047 INFO  [io.api.tes.ser.api.KafkaSerdesTester] (Thread-609) topic-387be446_31d1_4264_b552_9c38545591e3 0 2 {"key11755051708761": "value-2"}
2025-08-13 02:21:53,047 INFO  [io.api.tes.ser.api.KafkaSerdesTester] (Thread-609) topic-387be446_31d1_4264_b552_9c38545591e3 0 3 {"key11755051708761": "value-3"}
2025-08-13 02:21:53,048 INFO  [io.api.tes.ser.api.KafkaSerdesTester] (Thread-609) topic-387be446_31d1_4264_b552_9c38545591e3 0 4 {"key11755051708761": "value-4"}
2025-08-13 02:21:53,048 INFO  [io.api.tes.ser.api.KafkaSerdesTester] (Thread-609) topic-387be446_31d1_4264_b552_9c38545591e3 0 5 {"key11755051708761": "value-5"}
2025-08-13 02:21:53,048 INFO  [io.api.tes.ser.api.KafkaSerdesTester] (Thread-609) topic-387be446_31d1_4264_b552_9c38545591e3 0 6 {"key11755051708761": "value-6"}
2025-08-13 02:21:53,048 INFO  [io.api.tes.ser.api.KafkaSerdesTester] (Thread-609) topic-387be446_31d1_4264_b552_9c38545591e3 0 7 {"key11755051708761": "value-7"}
2025-08-13 02:21:53,048 INFO  [io.api.tes.ser.api.KafkaSerdesTester] (Thread-609) topic-387be446_31d1_4264_b552_9c38545591e3 0 8 {"key11755051708761": "value-8"}
2025-08-13 02:21:53,048 INFO  [io.api.tes.ser.api.KafkaSerdesTester] (Thread-609) topic-387be446_31d1_4264_b552_9c38545591e3 0 9 {"key11755051708761": "value-9"}
2025-08-13 02:21:53,048 INFO  [io.api.tes.ser.api.KafkaSerdesTester] (Thread-609) Consumed 10 messages
2025-08-13 02:21:53,056 INFO  [org.apa.kaf.cli.con.int.ConsumerRebalanceListenerInvoker] (Thread-609) [Consumer clientId=consumer-Consumer-topic-387be446_31d1_4264_b552_9c38545591e3-2, groupId=Consumer-topic-387be446_31d1_4264_b552_9c38545591e3] Revoke previously assigned partitions topic-387be446_31d1_4264_b552_9c38545591e3-0
2025-08-13 02:21:53,057 INFO  [org.apa.kaf.cli.con.int.ConsumerCoordinator] (Thread-609) [Consumer clientId=consumer-Consumer-topic-387be446_31d1_4264_b552_9c38545591e3-2, groupId=Consumer-topic-387be446_31d1_4264_b552_9c38545591e3] Member consumer-Consumer-topic-387be446_31d1_4264_b552_9c38545591e3-2-551e7590-49b5-4097-bdd4-2d8a7fa6be71 sending LeaveGroup request to coordinator localhost:32769 (id: 2147483647 rack: null) due to the consumer is being closed
2025-08-13 02:21:53,057 INFO  [org.apa.kaf.cli.con.int.ConsumerCoordinator] (Thread-609) [Consumer clientId=consumer-Consumer-topic-387be446_31d1_4264_b552_9c38545591e3-2, groupId=Consumer-topic-387be446_31d1_4264_b552_9c38545591e3] Resetting generation and member id due to: consumer pro-actively leaving the group
2025-08-13 02:21:53,057 INFO  [org.apa.kaf.cli.con.int.ConsumerCoordinator] (Thread-609) [Consumer clientId=consumer-Consumer-topic-387be446_31d1_4264_b552_9c38545591e3-2, groupId=Consumer-topic-387be446_31d1_4264_b552_9c38545591e3] Request joining group due to: consumer pro-actively leaving the group
2025-08-13 02:21:53,555 INFO  [org.apa.kaf.com.met.Metrics] (Thread-609) Metrics scheduler closed
2025-08-13 02:21:53,555 INFO  [org.apa.kaf.com.met.Metrics] (Thread-609) Closing reporter org.apache.kafka.common.metrics.JmxReporter
2025-08-13 02:21:53,555 INFO  [org.apa.kaf.com.met.Metrics] (Thread-609) Closing reporter org.apache.kafka.common.telemetry.internals.ClientTelemetryReporter
2025-08-13 02:21:53,555 INFO  [org.apa.kaf.com.met.Metrics] (Thread-609) Metrics reporters closed
2025-08-13 02:21:53,561 INFO  [org.apa.kaf.com.uti.AppInfoParser] (Thread-609) App info kafka.consumer for consumer-Consumer-topic-387be446_31d1_4264_b552_9c38545591e3-2 unregistered
2025-08-13 02:21:53,562 INFO  [io.api.tes.uti.TestSeparator] (main) io.apicurio.tests.serdes.apicurio.AvroSerdeIT.testSimpleTopicIdStrategyFindLatest-FINISHED
2025-08-13 02:21:53,562 INFO  [io.api.tes.uti.TestSeparator] (main) ############################################################################
Test passed: testSimpleTopicIdStrategyFindLatest
]]></system-out>
  </testcase>
  <testcase name="testWrongSchema" classname="io.apicurio.tests.serdes.apicurio.AvroSerdeIT" time="1.156">
    <system-out><![CDATA[2025-08-13 02:21:53,567 INFO  [io.api.tes.uti.TestSeparator] (main) ############################################################################
2025-08-13 02:21:53,567 INFO  [io.api.tes.uti.TestSeparator] (main) io.apicurio.tests.serdes.apicurio.AvroSerdeIT.testWrongSchema-STARTED
**** Registry Base URL: http://registry-app-ksql043.apps.ci419.apicurio-testing.org:80
2025-08-13 02:21:54,647 INFO  [org.apa.kaf.cli.pro.ProducerConfig] (main) ProducerConfig values: 
	acks = -1
	auto.include.jmx.reporter = true
	batch.size = 16384
	bootstrap.servers = [PLAINTEXT://localhost:32769]
	buffer.memory = 33554432
	client.dns.lookup = use_all_dns_ips
	client.id = Producer-s44e77d8fx8c02x409bxae17x3392d3341b25
	compression.gzip.level = -1
	compression.lz4.level = 9
	compression.type = none
	compression.zstd.level = 3
	connections.max.idle.ms = 10000
	delivery.timeout.ms = 120000
	enable.idempotence = true
	enable.metrics.push = true
	interceptor.classes = []
	key.serializer = class org.apache.kafka.common.serialization.StringSerializer
	linger.ms = 0
	max.block.ms = 60000
	max.in.flight.requests.per.connection = 5
	max.request.size = 1048576
	metadata.max.age.ms = 300000
	metadata.max.idle.ms = 300000
	metadata.recovery.strategy = none
	metric.reporters = []
	metrics.num.samples = 2
	metrics.recording.level = INFO
	metrics.sample.window.ms = 30000
	partitioner.adaptive.partitioning.enable = true
	partitioner.availability.timeout.ms = 0
	partitioner.class = null
	partitioner.ignore.keys = false
	receive.buffer.bytes = 32768
	reconnect.backoff.max.ms = 1000
	reconnect.backoff.ms = 50
	request.timeout.ms = 5000
	retries = 2147483647
	retry.backoff.max.ms = 1000
	retry.backoff.ms = 100
	sasl.client.callback.handler.class = null
	sasl.jaas.config = null
	sasl.kerberos.kinit.cmd = /usr/bin/kinit
	sasl.kerberos.min.time.before.relogin = 60000
	sasl.kerberos.service.name = null
	sasl.kerberos.ticket.renew.jitter = 0.05
	sasl.kerberos.ticket.renew.window.factor = 0.8
	sasl.login.callback.handler.class = null
	sasl.login.class = null
	sasl.login.connect.timeout.ms = null
	sasl.login.read.timeout.ms = null
	sasl.login.refresh.buffer.seconds = 300
	sasl.login.refresh.min.period.seconds = 60
	sasl.login.refresh.window.factor = 0.8
	sasl.login.refresh.window.jitter = 0.05
	sasl.login.retry.backoff.max.ms = 10000
	sasl.login.retry.backoff.ms = 100
	sasl.mechanism = GSSAPI
	sasl.oauthbearer.clock.skew.seconds = 30
	sasl.oauthbearer.expected.audience = null
	sasl.oauthbearer.expected.issuer = null
	sasl.oauthbearer.header.urlencode = false
	sasl.oauthbearer.jwks.endpoint.refresh.ms = 3600000
	sasl.oauthbearer.jwks.endpoint.retry.backoff.max.ms = 10000
	sasl.oauthbearer.jwks.endpoint.retry.backoff.ms = 100
	sasl.oauthbearer.jwks.endpoint.url = null
	sasl.oauthbearer.scope.claim.name = scope
	sasl.oauthbearer.sub.claim.name = sub
	sasl.oauthbearer.token.endpoint.url = null
	security.protocol = PLAINTEXT
	security.providers = null
	send.buffer.bytes = 131072
	socket.connection.setup.timeout.max.ms = 30000
	socket.connection.setup.timeout.ms = 10000
	ssl.cipher.suites = null
	ssl.enabled.protocols = [TLSv1.2, TLSv1.3]
	ssl.endpoint.identification.algorithm = https
	ssl.engine.factory.class = null
	ssl.key.password = null
	ssl.keymanager.algorithm = SunX509
	ssl.keystore.certificate.chain = null
	ssl.keystore.key = null
	ssl.keystore.location = null
	ssl.keystore.password = null
	ssl.keystore.type = JKS
	ssl.protocol = TLSv1.3
	ssl.provider = null
	ssl.secure.random.implementation = null
	ssl.trustmanager.algorithm = PKIX
	ssl.truststore.certificates = null
	ssl.truststore.location = null
	ssl.truststore.password = null
	ssl.truststore.type = JKS
	transaction.timeout.ms = 60000
	transactional.id = null
	value.serializer = class io.apicurio.registry.serde.avro.AvroKafkaSerializer

2025-08-13 02:21:54,648 INFO  [org.apa.kaf.com.tel.int.KafkaMetricsCollector] (main) initializing Kafka metrics collector
2025-08-13 02:21:54,652 INFO  [org.apa.kaf.cli.pro.KafkaProducer] (main) [Producer clientId=Producer-s44e77d8fx8c02x409bxae17x3392d3341b25] Instantiated an idempotent producer.
2025-08-13 02:21:54,659 INFO  [org.apa.kaf.cli.pro.ProducerConfig] (main) These configurations '[apicurio.registry.find-latest, apicurio.registry.url, apicurio.registry.artifact-resolver-strategy]' were supplied but are not used yet.
2025-08-13 02:21:54,659 INFO  [org.apa.kaf.com.uti.AppInfoParser] (main) Kafka version: 3.9.1
2025-08-13 02:21:54,659 INFO  [org.apa.kaf.com.uti.AppInfoParser] (main) Kafka commitId: f745dfdcee2b9851
2025-08-13 02:21:54,659 INFO  [org.apa.kaf.com.uti.AppInfoParser] (main) Kafka startTimeMs: 1755051714659
2025-08-13 02:21:54,663 INFO  [io.api.tes.ser.api.KafkaSerdesTester] (Thread-612) Sending message {"keyB": "value-0"} to topic s44e77d8fx8c02x409bxae17x3392d3341b25
2025-08-13 02:21:54,665 INFO  [org.apa.kaf.cli.Metadata] (kafka-producer-network-thread | Producer-s44e77d8fx8c02x409bxae17x3392d3341b25) [Producer clientId=Producer-s44e77d8fx8c02x409bxae17x3392d3341b25] Cluster ID: pj3cISz0Q0OVF0qikwHveQ
2025-08-13 02:21:54,666 INFO  [org.apa.kaf.cli.pro.int.TransactionManager] (kafka-producer-network-thread | Producer-s44e77d8fx8c02x409bxae17x3392d3341b25) [Producer clientId=Producer-s44e77d8fx8c02x409bxae17x3392d3341b25] ProducerId set to 2 with epoch 0
2025-08-13 02:21:54,713 INFO  [org.apa.kaf.cli.pro.KafkaProducer] (Thread-612) [Producer clientId=Producer-s44e77d8fx8c02x409bxae17x3392d3341b25] Closing the Kafka producer with timeoutMillis = 9223372036854775807 ms.
2025-08-13 02:21:54,718 INFO  [org.apa.kaf.com.met.Metrics] (Thread-612) Metrics scheduler closed
2025-08-13 02:21:54,718 INFO  [org.apa.kaf.com.met.Metrics] (Thread-612) Closing reporter org.apache.kafka.common.metrics.JmxReporter
2025-08-13 02:21:54,718 INFO  [org.apa.kaf.com.met.Metrics] (Thread-612) Closing reporter org.apache.kafka.common.telemetry.internals.ClientTelemetryReporter
2025-08-13 02:21:54,718 INFO  [org.apa.kaf.com.met.Metrics] (Thread-612) Metrics reporters closed
2025-08-13 02:21:54,719 INFO  [org.apa.kaf.com.uti.AppInfoParser] (Thread-612) App info kafka.producer for Producer-s44e77d8fx8c02x409bxae17x3392d3341b25 unregistered
2025-08-13 02:21:54,719 INFO  [io.api.tes.uti.TestSeparator] (main) io.apicurio.tests.serdes.apicurio.AvroSerdeIT.testWrongSchema-FINISHED
2025-08-13 02:21:54,719 INFO  [io.api.tes.uti.TestSeparator] (main) ############################################################################
Test passed: testWrongSchema
]]></system-out>
    <system-err><![CDATA[io.apicurio.registry.rest.client.models.ProblemDetails
	at io.apicurio.registry.rest.client.models.ProblemDetails.createFromDiscriminatorValue(ProblemDetails.java:58)
	at io.kiota.serialization.json.JsonParseNode.getObjectValue(JsonParseNode.java:247)
	at io.kiota.http.vertx.VertXRequestAdapter.lambda$throwIfFailedResponse$0(VertXRequestAdapter.java:400)
	at com.microsoft.kiota.ApiExceptionBuilder.<init>(ApiExceptionBuilder.java:26)
	at io.kiota.http.vertx.VertXRequestAdapter.throwIfFailedResponse(VertXRequestAdapter.java:399)
	at io.kiota.http.vertx.VertXRequestAdapter.send(VertXRequestAdapter.java:170)
	at io.apicurio.registry.rest.client.groups.item.artifacts.item.versions.item.WithVersionExpressionItemRequestBuilder.get(WithVersionExpressionItemRequestBuilder.java:128)
	at io.apicurio.registry.rest.client.groups.item.artifacts.item.versions.item.WithVersionExpressionItemRequestBuilder.get(WithVersionExpressionItemRequestBuilder.java:111)
	at io.apicurio.registry.resolver.client.RegistryClientFacadeImpl.getVersionCoordinatesByGAV(RegistryClientFacadeImpl.java:159)
	at io.apicurio.registry.resolver.DefaultSchemaResolver.resolveByCoordinates(DefaultSchemaResolver.java:352)
	at io.apicurio.registry.resolver.DefaultSchemaResolver.lambda$resolveSchemaByArtifactReferenceCached$6(DefaultSchemaResolver.java:340)
	at io.apicurio.registry.resolver.cache.ERCache.lambda$getValue$0(ERCache.java:174)
	at io.apicurio.registry.resolver.cache.ERCache.retry(ERCache.java:227)
	at io.apicurio.registry.resolver.cache.ERCache.getValue(ERCache.java:173)
	at io.apicurio.registry.resolver.cache.ERCache.getByArtifactCoordinates(ERCache.java:158)
	at io.apicurio.registry.resolver.DefaultSchemaResolver.resolveSchemaByArtifactReferenceCached(DefaultSchemaResolver.java:338)
	at io.apicurio.registry.resolver.DefaultSchemaResolver.resolveSchemaByCoordinates(DefaultSchemaResolver.java:193)
	at io.apicurio.registry.resolver.DefaultSchemaResolver.getSchemaFromRegistry(DefaultSchemaResolver.java:130)
	at io.apicurio.registry.resolver.DefaultSchemaResolver.lambda$resolveSchema$0(DefaultSchemaResolver.java:84)
	at java.base/java.util.Optional.orElseGet(Optional.java:364)
	at io.apicurio.registry.resolver.DefaultSchemaResolver.resolveSchema(DefaultSchemaResolver.java:84)
	at io.apicurio.registry.serde.AbstractSerializer.serializeData(AbstractSerializer.java:62)
	at io.apicurio.registry.serde.KafkaSerializer.serialize(KafkaSerializer.java:77)
	at org.apache.kafka.clients.producer.KafkaProducer.doSend(KafkaProducer.java:1046)
	at org.apache.kafka.clients.producer.KafkaProducer.send(KafkaProducer.java:993)
	at org.apache.kafka.clients.producer.KafkaProducer.send(KafkaProducer.java:875)
	at io.apicurio.tests.serdes.apicurio.KafkaSerdesTester.lambda$produceMessages$3(KafkaSerdesTester.java:138)
	at java.base/java.util.concurrent.CompletableFuture$AsyncSupply.run(CompletableFuture.java:1768)
	at java.base/java.lang.Thread.run(Thread.java:840)
]]></system-err>
  </testcase>
  <testcase name="testAvroJSON" classname="io.apicurio.tests.serdes.apicurio.AvroSerdeIT" time="3.875">
    <system-out><![CDATA[2025-08-13 02:21:54,723 INFO  [io.api.tes.uti.TestSeparator] (main) ############################################################################
2025-08-13 02:21:54,723 INFO  [io.api.tes.uti.TestSeparator] (main) io.apicurio.tests.serdes.apicurio.AvroSerdeIT.testAvroJSON-STARTED
**** Registry Base URL: http://registry-app-ksql043.apps.ci419.apicurio-testing.org:80
2025-08-13 02:21:54,737 INFO  [org.apa.kaf.cli.pro.ProducerConfig] (main) ProducerConfig values: 
	acks = -1
	auto.include.jmx.reporter = true
	batch.size = 16384
	bootstrap.servers = [PLAINTEXT://localhost:32769]
	buffer.memory = 33554432
	client.dns.lookup = use_all_dns_ips
	client.id = Producer-topic-9f0dd77d_a76a_492e_8bd7_6328f7a6e562
	compression.gzip.level = -1
	compression.lz4.level = 9
	compression.type = none
	compression.zstd.level = 3
	connections.max.idle.ms = 10000
	delivery.timeout.ms = 120000
	enable.idempotence = true
	enable.metrics.push = true
	interceptor.classes = []
	key.serializer = class org.apache.kafka.common.serialization.StringSerializer
	linger.ms = 0
	max.block.ms = 60000
	max.in.flight.requests.per.connection = 5
	max.request.size = 1048576
	metadata.max.age.ms = 300000
	metadata.max.idle.ms = 300000
	metadata.recovery.strategy = none
	metric.reporters = []
	metrics.num.samples = 2
	metrics.recording.level = INFO
	metrics.sample.window.ms = 30000
	partitioner.adaptive.partitioning.enable = true
	partitioner.availability.timeout.ms = 0
	partitioner.class = null
	partitioner.ignore.keys = false
	receive.buffer.bytes = 32768
	reconnect.backoff.max.ms = 1000
	reconnect.backoff.ms = 50
	request.timeout.ms = 5000
	retries = 2147483647
	retry.backoff.max.ms = 1000
	retry.backoff.ms = 100
	sasl.client.callback.handler.class = null
	sasl.jaas.config = null
	sasl.kerberos.kinit.cmd = /usr/bin/kinit
	sasl.kerberos.min.time.before.relogin = 60000
	sasl.kerberos.service.name = null
	sasl.kerberos.ticket.renew.jitter = 0.05
	sasl.kerberos.ticket.renew.window.factor = 0.8
	sasl.login.callback.handler.class = null
	sasl.login.class = null
	sasl.login.connect.timeout.ms = null
	sasl.login.read.timeout.ms = null
	sasl.login.refresh.buffer.seconds = 300
	sasl.login.refresh.min.period.seconds = 60
	sasl.login.refresh.window.factor = 0.8
	sasl.login.refresh.window.jitter = 0.05
	sasl.login.retry.backoff.max.ms = 10000
	sasl.login.retry.backoff.ms = 100
	sasl.mechanism = GSSAPI
	sasl.oauthbearer.clock.skew.seconds = 30
	sasl.oauthbearer.expected.audience = null
	sasl.oauthbearer.expected.issuer = null
	sasl.oauthbearer.header.urlencode = false
	sasl.oauthbearer.jwks.endpoint.refresh.ms = 3600000
	sasl.oauthbearer.jwks.endpoint.retry.backoff.max.ms = 10000
	sasl.oauthbearer.jwks.endpoint.retry.backoff.ms = 100
	sasl.oauthbearer.jwks.endpoint.url = null
	sasl.oauthbearer.scope.claim.name = scope
	sasl.oauthbearer.sub.claim.name = sub
	sasl.oauthbearer.token.endpoint.url = null
	security.protocol = PLAINTEXT
	security.providers = null
	send.buffer.bytes = 131072
	socket.connection.setup.timeout.max.ms = 30000
	socket.connection.setup.timeout.ms = 10000
	ssl.cipher.suites = null
	ssl.enabled.protocols = [TLSv1.2, TLSv1.3]
	ssl.endpoint.identification.algorithm = https
	ssl.engine.factory.class = null
	ssl.key.password = null
	ssl.keymanager.algorithm = SunX509
	ssl.keystore.certificate.chain = null
	ssl.keystore.key = null
	ssl.keystore.location = null
	ssl.keystore.password = null
	ssl.keystore.type = JKS
	ssl.protocol = TLSv1.3
	ssl.provider = null
	ssl.secure.random.implementation = null
	ssl.trustmanager.algorithm = PKIX
	ssl.truststore.certificates = null
	ssl.truststore.location = null
	ssl.truststore.password = null
	ssl.truststore.type = JKS
	transaction.timeout.ms = 60000
	transactional.id = null
	value.serializer = class io.apicurio.registry.serde.avro.AvroKafkaSerializer

2025-08-13 02:21:54,738 INFO  [org.apa.kaf.com.tel.int.KafkaMetricsCollector] (main) initializing Kafka metrics collector
2025-08-13 02:21:54,744 INFO  [org.apa.kaf.cli.pro.KafkaProducer] (main) [Producer clientId=Producer-topic-9f0dd77d_a76a_492e_8bd7_6328f7a6e562] Instantiated an idempotent producer.
2025-08-13 02:21:54,750 INFO  [org.apa.kaf.cli.pro.ProducerConfig] (main) These configurations '[apicurio.registry.avro.encoding, apicurio.registry.url, apicurio.registry.auto-register, apicurio.registry.artifact-resolver-strategy]' were supplied but are not used yet.
2025-08-13 02:21:54,750 INFO  [org.apa.kaf.com.uti.AppInfoParser] (main) Kafka version: 3.9.1
2025-08-13 02:21:54,750 INFO  [org.apa.kaf.com.uti.AppInfoParser] (main) Kafka commitId: f745dfdcee2b9851
2025-08-13 02:21:54,750 INFO  [org.apa.kaf.com.uti.AppInfoParser] (main) Kafka startTimeMs: 1755051714750
2025-08-13 02:21:54,750 INFO  [io.api.tes.ser.api.SimpleSerdesTesterBuilder$SimpleSerdesTester] (main) Using producer configuration: {apicurio.registry.avro.encoding=JSON, apicurio.registry.url=http://registry-app-ksql043.apps.ci419.apicurio-testing.org:80/apis/registry/v3, apicurio.registry.auto-register=true, apicurio.registry.artifact-resolver-strategy=io.apicurio.registry.serde.strategy.TopicIdStrategy, value.serializer=io.apicurio.registry.serde.avro.AvroKafkaSerializer, request.timeout.ms=5000, acks=all, bootstrap.servers=PLAINTEXT://localhost:32769, connections.max.idle.ms=10000, key.serializer=org.apache.kafka.common.serialization.StringSerializer, client.id=Producer-topic-9f0dd77d_a76a_492e_8bd7_6328f7a6e562}
2025-08-13 02:21:54,750 INFO  [io.api.tes.ser.api.SimpleSerdesTesterBuilder$SimpleSerdesTester] (main) Using consumer configuration: {apicurio.registry.avro.encoding=JSON}
2025-08-13 02:21:54,751 INFO  [io.api.tes.ser.api.KafkaSerdesTester] (Thread-615) Sending message {"bar": "value-0"} to topic topic-9f0dd77d_a76a_492e_8bd7_6328f7a6e562
2025-08-13 02:21:54,760 WARN  [org.apa.kaf.cli.NetworkClient] (kafka-producer-network-thread | Producer-topic-9f0dd77d_a76a_492e_8bd7_6328f7a6e562) [Producer clientId=Producer-topic-9f0dd77d_a76a_492e_8bd7_6328f7a6e562] The metadata response from the cluster reported a recoverable issue with correlation id 1 : {topic-9f0dd77d_a76a_492e_8bd7_6328f7a6e562=UNKNOWN_TOPIC_OR_PARTITION}
2025-08-13 02:21:54,760 INFO  [org.apa.kaf.cli.Metadata] (kafka-producer-network-thread | Producer-topic-9f0dd77d_a76a_492e_8bd7_6328f7a6e562) [Producer clientId=Producer-topic-9f0dd77d_a76a_492e_8bd7_6328f7a6e562] Cluster ID: pj3cISz0Q0OVF0qikwHveQ
2025-08-13 02:21:54,761 INFO  [org.apa.kaf.cli.pro.int.TransactionManager] (kafka-producer-network-thread | Producer-topic-9f0dd77d_a76a_492e_8bd7_6328f7a6e562) [Producer clientId=Producer-topic-9f0dd77d_a76a_492e_8bd7_6328f7a6e562] ProducerId set to 3 with epoch 0
2025-08-13 02:21:54,948 INFO  [io.api.tes.ser.api.KafkaSerdesTester] (Thread-615) Sending message {"bar": "value-1"} to topic topic-9f0dd77d_a76a_492e_8bd7_6328f7a6e562
2025-08-13 02:21:54,951 INFO  [io.api.tes.ser.api.KafkaSerdesTester] (Thread-615) Sending message {"bar": "value-2"} to topic topic-9f0dd77d_a76a_492e_8bd7_6328f7a6e562
2025-08-13 02:21:54,954 INFO  [io.api.tes.ser.api.KafkaSerdesTester] (Thread-615) Sending message {"bar": "value-3"} to topic topic-9f0dd77d_a76a_492e_8bd7_6328f7a6e562
2025-08-13 02:21:54,957 INFO  [io.api.tes.ser.api.KafkaSerdesTester] (Thread-615) Sending message {"bar": "value-4"} to topic topic-9f0dd77d_a76a_492e_8bd7_6328f7a6e562
2025-08-13 02:21:54,960 INFO  [io.api.tes.ser.api.KafkaSerdesTester] (Thread-615) Sending message {"bar": "value-5"} to topic topic-9f0dd77d_a76a_492e_8bd7_6328f7a6e562
2025-08-13 02:21:54,965 INFO  [io.api.tes.ser.api.KafkaSerdesTester] (Thread-615) Sending message {"bar": "value-6"} to topic topic-9f0dd77d_a76a_492e_8bd7_6328f7a6e562
2025-08-13 02:21:54,967 INFO  [io.api.tes.ser.api.KafkaSerdesTester] (Thread-615) Sending message {"bar": "value-7"} to topic topic-9f0dd77d_a76a_492e_8bd7_6328f7a6e562
2025-08-13 02:21:54,970 INFO  [io.api.tes.ser.api.KafkaSerdesTester] (Thread-615) Sending message {"bar": "value-8"} to topic topic-9f0dd77d_a76a_492e_8bd7_6328f7a6e562
2025-08-13 02:21:54,974 INFO  [io.api.tes.ser.api.KafkaSerdesTester] (Thread-615) Sending message {"bar": "value-9"} to topic topic-9f0dd77d_a76a_492e_8bd7_6328f7a6e562
2025-08-13 02:21:54,979 INFO  [io.api.tes.ser.api.KafkaSerdesTester] (Thread-615) Produced 10 messages
2025-08-13 02:21:54,979 INFO  [org.apa.kaf.cli.pro.KafkaProducer] (Thread-615) [Producer clientId=Producer-topic-9f0dd77d_a76a_492e_8bd7_6328f7a6e562] Closing the Kafka producer with timeoutMillis = 9223372036854775807 ms.
2025-08-13 02:21:54,983 INFO  [org.apa.kaf.com.met.Metrics] (Thread-615) Metrics scheduler closed
2025-08-13 02:21:54,983 INFO  [org.apa.kaf.com.met.Metrics] (Thread-615) Closing reporter org.apache.kafka.common.metrics.JmxReporter
2025-08-13 02:21:54,983 INFO  [org.apa.kaf.com.met.Metrics] (Thread-615) Closing reporter org.apache.kafka.common.telemetry.internals.ClientTelemetryReporter
2025-08-13 02:21:54,983 INFO  [org.apa.kaf.com.met.Metrics] (Thread-615) Metrics reporters closed
2025-08-13 02:21:54,984 INFO  [org.apa.kaf.com.uti.AppInfoParser] (Thread-615) App info kafka.producer for Producer-topic-9f0dd77d_a76a_492e_8bd7_6328f7a6e562 unregistered
**** Registry Base URL: http://registry-app-ksql043.apps.ci419.apicurio-testing.org:80
2025-08-13 02:21:55,005 INFO  [org.apa.kaf.cli.con.ConsumerConfig] (main) ConsumerConfig values: 
	allow.auto.create.topics = true
	auto.commit.interval.ms = 500
	auto.include.jmx.reporter = true
	auto.offset.reset = earliest
	bootstrap.servers = [PLAINTEXT://localhost:32769]
	check.crcs = true
	client.dns.lookup = use_all_dns_ips
	client.id = consumer-Consumer-topic-9f0dd77d_a76a_492e_8bd7_6328f7a6e562-3
	client.rack = 
	connections.max.idle.ms = 10000
	default.api.timeout.ms = 60000
	enable.auto.commit = true
	enable.metrics.push = true
	exclude.internal.topics = true
	fetch.max.bytes = 52428800
	fetch.max.wait.ms = 500
	fetch.min.bytes = 1
	group.id = Consumer-topic-9f0dd77d_a76a_492e_8bd7_6328f7a6e562
	group.instance.id = null
	group.protocol = classic
	group.remote.assignor = null
	heartbeat.interval.ms = 3000
	interceptor.classes = []
	internal.leave.group.on.close = true
	internal.throw.on.fetch.stable.offset.unsupported = false
	isolation.level = read_uncommitted
	key.deserializer = class org.apache.kafka.common.serialization.StringDeserializer
	max.partition.fetch.bytes = 1048576
	max.poll.interval.ms = 300000
	max.poll.records = 500
	metadata.max.age.ms = 300000
	metadata.recovery.strategy = none
	metric.reporters = []
	metrics.num.samples = 2
	metrics.recording.level = INFO
	metrics.sample.window.ms = 30000
	partition.assignment.strategy = [class org.apache.kafka.clients.consumer.RangeAssignor, class org.apache.kafka.clients.consumer.CooperativeStickyAssignor]
	receive.buffer.bytes = 65536
	reconnect.backoff.max.ms = 1000
	reconnect.backoff.ms = 50
	request.timeout.ms = 5000
	retry.backoff.max.ms = 1000
	retry.backoff.ms = 100
	sasl.client.callback.handler.class = null
	sasl.jaas.config = null
	sasl.kerberos.kinit.cmd = /usr/bin/kinit
	sasl.kerberos.min.time.before.relogin = 60000
	sasl.kerberos.service.name = null
	sasl.kerberos.ticket.renew.jitter = 0.05
	sasl.kerberos.ticket.renew.window.factor = 0.8
	sasl.login.callback.handler.class = null
	sasl.login.class = null
	sasl.login.connect.timeout.ms = null
	sasl.login.read.timeout.ms = null
	sasl.login.refresh.buffer.seconds = 300
	sasl.login.refresh.min.period.seconds = 60
	sasl.login.refresh.window.factor = 0.8
	sasl.login.refresh.window.jitter = 0.05
	sasl.login.retry.backoff.max.ms = 10000
	sasl.login.retry.backoff.ms = 100
	sasl.mechanism = GSSAPI
	sasl.oauthbearer.clock.skew.seconds = 30
	sasl.oauthbearer.expected.audience = null
	sasl.oauthbearer.expected.issuer = null
	sasl.oauthbearer.header.urlencode = false
	sasl.oauthbearer.jwks.endpoint.refresh.ms = 3600000
	sasl.oauthbearer.jwks.endpoint.retry.backoff.max.ms = 10000
	sasl.oauthbearer.jwks.endpoint.retry.backoff.ms = 100
	sasl.oauthbearer.jwks.endpoint.url = null
	sasl.oauthbearer.scope.claim.name = scope
	sasl.oauthbearer.sub.claim.name = sub
	sasl.oauthbearer.token.endpoint.url = null
	security.protocol = PLAINTEXT
	security.providers = null
	send.buffer.bytes = 131072
	session.timeout.ms = 45000
	socket.connection.setup.timeout.max.ms = 30000
	socket.connection.setup.timeout.ms = 10000
	ssl.cipher.suites = null
	ssl.enabled.protocols = [TLSv1.2, TLSv1.3]
	ssl.endpoint.identification.algorithm = https
	ssl.engine.factory.class = null
	ssl.key.password = null
	ssl.keymanager.algorithm = SunX509
	ssl.keystore.certificate.chain = null
	ssl.keystore.key = null
	ssl.keystore.location = null
	ssl.keystore.password = null
	ssl.keystore.type = JKS
	ssl.protocol = TLSv1.3
	ssl.provider = null
	ssl.secure.random.implementation = null
	ssl.trustmanager.algorithm = PKIX
	ssl.truststore.certificates = null
	ssl.truststore.location = null
	ssl.truststore.password = null
	ssl.truststore.type = JKS
	value.deserializer = class io.apicurio.registry.serde.avro.AvroKafkaDeserializer

2025-08-13 02:21:55,005 INFO  [org.apa.kaf.com.tel.int.KafkaMetricsCollector] (main) initializing Kafka metrics collector
2025-08-13 02:21:55,012 INFO  [org.apa.kaf.cli.con.ConsumerConfig] (main) These configurations '[apicurio.registry.avro.encoding, apicurio.registry.url]' were supplied but are not used yet.
2025-08-13 02:21:55,012 INFO  [org.apa.kaf.com.uti.AppInfoParser] (main) Kafka version: 3.9.1
2025-08-13 02:21:55,012 INFO  [org.apa.kaf.com.uti.AppInfoParser] (main) Kafka commitId: f745dfdcee2b9851
2025-08-13 02:21:55,012 INFO  [org.apa.kaf.com.uti.AppInfoParser] (main) Kafka startTimeMs: 1755051715012
2025-08-13 02:21:55,014 INFO  [org.apa.kaf.cli.con.int.ClassicKafkaConsumer] (Thread-618) [Consumer clientId=consumer-Consumer-topic-9f0dd77d_a76a_492e_8bd7_6328f7a6e562-3, groupId=Consumer-topic-9f0dd77d_a76a_492e_8bd7_6328f7a6e562] Subscribed to topic(s): topic-9f0dd77d_a76a_492e_8bd7_6328f7a6e562
2025-08-13 02:21:55,022 INFO  [org.apa.kaf.cli.Metadata] (Thread-618) [Consumer clientId=consumer-Consumer-topic-9f0dd77d_a76a_492e_8bd7_6328f7a6e562-3, groupId=Consumer-topic-9f0dd77d_a76a_492e_8bd7_6328f7a6e562] Cluster ID: pj3cISz0Q0OVF0qikwHveQ
2025-08-13 02:21:55,024 INFO  [org.apa.kaf.cli.con.int.ConsumerCoordinator] (Thread-618) [Consumer clientId=consumer-Consumer-topic-9f0dd77d_a76a_492e_8bd7_6328f7a6e562-3, groupId=Consumer-topic-9f0dd77d_a76a_492e_8bd7_6328f7a6e562] Discovered group coordinator localhost:32769 (id: 2147483647 rack: null)
2025-08-13 02:21:55,026 INFO  [org.apa.kaf.cli.con.int.ConsumerCoordinator] (Thread-618) [Consumer clientId=consumer-Consumer-topic-9f0dd77d_a76a_492e_8bd7_6328f7a6e562-3, groupId=Consumer-topic-9f0dd77d_a76a_492e_8bd7_6328f7a6e562] (Re-)joining group
2025-08-13 02:21:55,032 INFO  [org.apa.kaf.cli.con.int.ConsumerCoordinator] (Thread-618) [Consumer clientId=consumer-Consumer-topic-9f0dd77d_a76a_492e_8bd7_6328f7a6e562-3, groupId=Consumer-topic-9f0dd77d_a76a_492e_8bd7_6328f7a6e562] Request joining group due to: need to re-join with the given member-id: consumer-Consumer-topic-9f0dd77d_a76a_492e_8bd7_6328f7a6e562-3-5b384b34-8195-4283-ac65-46f9e60a931c
2025-08-13 02:21:55,032 INFO  [org.apa.kaf.cli.con.int.ConsumerCoordinator] (Thread-618) [Consumer clientId=consumer-Consumer-topic-9f0dd77d_a76a_492e_8bd7_6328f7a6e562-3, groupId=Consumer-topic-9f0dd77d_a76a_492e_8bd7_6328f7a6e562] (Re-)joining group
2025-08-13 02:21:56,014 INFO  [io.api.tes.ser.api.KafkaSerdesTester] (Thread-618) None found
2025-08-13 02:21:57,015 INFO  [io.api.tes.ser.api.KafkaSerdesTester] (Thread-618) None found
2025-08-13 02:21:58,015 INFO  [io.api.tes.ser.api.KafkaSerdesTester] (Thread-618) None found
2025-08-13 02:21:58,034 INFO  [org.apa.kaf.cli.con.int.ConsumerCoordinator] (Thread-618) [Consumer clientId=consumer-Consumer-topic-9f0dd77d_a76a_492e_8bd7_6328f7a6e562-3, groupId=Consumer-topic-9f0dd77d_a76a_492e_8bd7_6328f7a6e562] Successfully joined group with generation Generation{generationId=1, memberId='consumer-Consumer-topic-9f0dd77d_a76a_492e_8bd7_6328f7a6e562-3-5b384b34-8195-4283-ac65-46f9e60a931c', protocol='range'}
2025-08-13 02:21:58,035 INFO  [org.apa.kaf.cli.con.int.ConsumerCoordinator] (Thread-618) [Consumer clientId=consumer-Consumer-topic-9f0dd77d_a76a_492e_8bd7_6328f7a6e562-3, groupId=Consumer-topic-9f0dd77d_a76a_492e_8bd7_6328f7a6e562] Finished assignment for group at generation 1: {consumer-Consumer-topic-9f0dd77d_a76a_492e_8bd7_6328f7a6e562-3-5b384b34-8195-4283-ac65-46f9e60a931c=Assignment(partitions=[topic-9f0dd77d_a76a_492e_8bd7_6328f7a6e562-0])}
2025-08-13 02:21:58,042 INFO  [org.apa.kaf.cli.con.int.ConsumerCoordinator] (Thread-618) [Consumer clientId=consumer-Consumer-topic-9f0dd77d_a76a_492e_8bd7_6328f7a6e562-3, groupId=Consumer-topic-9f0dd77d_a76a_492e_8bd7_6328f7a6e562] Successfully synced group in generation Generation{generationId=1, memberId='consumer-Consumer-topic-9f0dd77d_a76a_492e_8bd7_6328f7a6e562-3-5b384b34-8195-4283-ac65-46f9e60a931c', protocol='range'}
2025-08-13 02:21:58,042 INFO  [org.apa.kaf.cli.con.int.ConsumerCoordinator] (Thread-618) [Consumer clientId=consumer-Consumer-topic-9f0dd77d_a76a_492e_8bd7_6328f7a6e562-3, groupId=Consumer-topic-9f0dd77d_a76a_492e_8bd7_6328f7a6e562] Notifying assignor about the new Assignment(partitions=[topic-9f0dd77d_a76a_492e_8bd7_6328f7a6e562-0])
2025-08-13 02:21:58,042 INFO  [org.apa.kaf.cli.con.int.ConsumerRebalanceListenerInvoker] (Thread-618) [Consumer clientId=consumer-Consumer-topic-9f0dd77d_a76a_492e_8bd7_6328f7a6e562-3, groupId=Consumer-topic-9f0dd77d_a76a_492e_8bd7_6328f7a6e562] Adding newly assigned partitions: topic-9f0dd77d_a76a_492e_8bd7_6328f7a6e562-0
2025-08-13 02:21:58,045 INFO  [org.apa.kaf.cli.con.int.ConsumerCoordinator] (Thread-618) [Consumer clientId=consumer-Consumer-topic-9f0dd77d_a76a_492e_8bd7_6328f7a6e562-3, groupId=Consumer-topic-9f0dd77d_a76a_492e_8bd7_6328f7a6e562] Found no committed offset for partition topic-9f0dd77d_a76a_492e_8bd7_6328f7a6e562-0
2025-08-13 02:21:58,052 INFO  [org.apa.kaf.cli.con.int.SubscriptionState] (Thread-618) [Consumer clientId=consumer-Consumer-topic-9f0dd77d_a76a_492e_8bd7_6328f7a6e562-3, groupId=Consumer-topic-9f0dd77d_a76a_492e_8bd7_6328f7a6e562] Resetting offset for partition topic-9f0dd77d_a76a_492e_8bd7_6328f7a6e562-0 to position FetchPosition{offset=0, offsetEpoch=Optional.empty, currentLeader=LeaderAndEpoch{leader=Optional[localhost:32769 (id: 0 rack: null)], epoch=0}}.
2025-08-13 02:21:58,087 INFO  [io.api.tes.ser.api.KafkaSerdesTester] (Thread-618) topic-9f0dd77d_a76a_492e_8bd7_6328f7a6e562 0 0 {"bar": "value-0"}
2025-08-13 02:21:58,087 INFO  [io.api.tes.ser.api.KafkaSerdesTester] (Thread-618) topic-9f0dd77d_a76a_492e_8bd7_6328f7a6e562 0 1 {"bar": "value-1"}
2025-08-13 02:21:58,089 INFO  [io.api.tes.ser.api.KafkaSerdesTester] (Thread-618) topic-9f0dd77d_a76a_492e_8bd7_6328f7a6e562 0 2 {"bar": "value-2"}
2025-08-13 02:21:58,089 INFO  [io.api.tes.ser.api.KafkaSerdesTester] (Thread-618) topic-9f0dd77d_a76a_492e_8bd7_6328f7a6e562 0 3 {"bar": "value-3"}
2025-08-13 02:21:58,089 INFO  [io.api.tes.ser.api.KafkaSerdesTester] (Thread-618) topic-9f0dd77d_a76a_492e_8bd7_6328f7a6e562 0 4 {"bar": "value-4"}
2025-08-13 02:21:58,089 INFO  [io.api.tes.ser.api.KafkaSerdesTester] (Thread-618) topic-9f0dd77d_a76a_492e_8bd7_6328f7a6e562 0 5 {"bar": "value-5"}
2025-08-13 02:21:58,090 INFO  [io.api.tes.ser.api.KafkaSerdesTester] (Thread-618) topic-9f0dd77d_a76a_492e_8bd7_6328f7a6e562 0 6 {"bar": "value-6"}
2025-08-13 02:21:58,090 INFO  [io.api.tes.ser.api.KafkaSerdesTester] (Thread-618) topic-9f0dd77d_a76a_492e_8bd7_6328f7a6e562 0 7 {"bar": "value-7"}
2025-08-13 02:21:58,090 INFO  [io.api.tes.ser.api.KafkaSerdesTester] (Thread-618) topic-9f0dd77d_a76a_492e_8bd7_6328f7a6e562 0 8 {"bar": "value-8"}
2025-08-13 02:21:58,090 INFO  [io.api.tes.ser.api.KafkaSerdesTester] (Thread-618) topic-9f0dd77d_a76a_492e_8bd7_6328f7a6e562 0 9 {"bar": "value-9"}
2025-08-13 02:21:58,090 INFO  [io.api.tes.ser.api.KafkaSerdesTester] (Thread-618) Consumed 10 messages
2025-08-13 02:21:58,099 INFO  [org.apa.kaf.cli.con.int.ConsumerRebalanceListenerInvoker] (Thread-618) [Consumer clientId=consumer-Consumer-topic-9f0dd77d_a76a_492e_8bd7_6328f7a6e562-3, groupId=Consumer-topic-9f0dd77d_a76a_492e_8bd7_6328f7a6e562] Revoke previously assigned partitions topic-9f0dd77d_a76a_492e_8bd7_6328f7a6e562-0
2025-08-13 02:21:58,099 INFO  [org.apa.kaf.cli.con.int.ConsumerCoordinator] (Thread-618) [Consumer clientId=consumer-Consumer-topic-9f0dd77d_a76a_492e_8bd7_6328f7a6e562-3, groupId=Consumer-topic-9f0dd77d_a76a_492e_8bd7_6328f7a6e562] Member consumer-Consumer-topic-9f0dd77d_a76a_492e_8bd7_6328f7a6e562-3-5b384b34-8195-4283-ac65-46f9e60a931c sending LeaveGroup request to coordinator localhost:32769 (id: 2147483647 rack: null) due to the consumer is being closed
2025-08-13 02:21:58,099 INFO  [org.apa.kaf.cli.con.int.ConsumerCoordinator] (Thread-618) [Consumer clientId=consumer-Consumer-topic-9f0dd77d_a76a_492e_8bd7_6328f7a6e562-3, groupId=Consumer-topic-9f0dd77d_a76a_492e_8bd7_6328f7a6e562] Resetting generation and member id due to: consumer pro-actively leaving the group
2025-08-13 02:21:58,099 INFO  [org.apa.kaf.cli.con.int.ConsumerCoordinator] (Thread-618) [Consumer clientId=consumer-Consumer-topic-9f0dd77d_a76a_492e_8bd7_6328f7a6e562-3, groupId=Consumer-topic-9f0dd77d_a76a_492e_8bd7_6328f7a6e562] Request joining group due to: consumer pro-actively leaving the group
2025-08-13 02:21:58,589 INFO  [org.apa.kaf.com.met.Metrics] (Thread-618) Metrics scheduler closed
2025-08-13 02:21:58,589 INFO  [org.apa.kaf.com.met.Metrics] (Thread-618) Closing reporter org.apache.kafka.common.metrics.JmxReporter
2025-08-13 02:21:58,589 INFO  [org.apa.kaf.com.met.Metrics] (Thread-618) Closing reporter org.apache.kafka.common.telemetry.internals.ClientTelemetryReporter
2025-08-13 02:21:58,589 INFO  [org.apa.kaf.com.met.Metrics] (Thread-618) Metrics reporters closed
2025-08-13 02:21:58,594 INFO  [org.apa.kaf.com.uti.AppInfoParser] (Thread-618) App info kafka.consumer for consumer-Consumer-topic-9f0dd77d_a76a_492e_8bd7_6328f7a6e562-3 unregistered
2025-08-13 02:21:58,595 INFO  [io.api.tes.uti.TestSeparator] (main) io.apicurio.tests.serdes.apicurio.AvroSerdeIT.testAvroJSON-FINISHED
2025-08-13 02:21:58,595 INFO  [io.api.tes.uti.TestSeparator] (main) ############################################################################
Test passed: testAvroJSON
]]></system-out>
  </testcase>
  <testcase name="testTopicIdStrategyAutoRegister" classname="io.apicurio.tests.serdes.apicurio.AvroSerdeIT" time="3.865">
    <system-out><![CDATA[2025-08-13 02:21:58,596 INFO  [io.api.tes.uti.TestSeparator] (main) ############################################################################
2025-08-13 02:21:58,596 INFO  [io.api.tes.uti.TestSeparator] (main) io.apicurio.tests.serdes.apicurio.AvroSerdeIT.testTopicIdStrategyAutoRegister-STARTED
**** Registry Base URL: http://registry-app-ksql043.apps.ci419.apicurio-testing.org:80
2025-08-13 02:21:58,603 INFO  [org.apa.kaf.cli.pro.ProducerConfig] (main) ProducerConfig values: 
	acks = -1
	auto.include.jmx.reporter = true
	batch.size = 16384
	bootstrap.servers = [PLAINTEXT://localhost:32769]
	buffer.memory = 33554432
	client.dns.lookup = use_all_dns_ips
	client.id = Producer-topic-b371b521_e595_4a5d_98a8_9b83e97a4e01
	compression.gzip.level = -1
	compression.lz4.level = 9
	compression.type = none
	compression.zstd.level = 3
	connections.max.idle.ms = 10000
	delivery.timeout.ms = 120000
	enable.idempotence = true
	enable.metrics.push = true
	interceptor.classes = []
	key.serializer = class org.apache.kafka.common.serialization.StringSerializer
	linger.ms = 0
	max.block.ms = 60000
	max.in.flight.requests.per.connection = 5
	max.request.size = 1048576
	metadata.max.age.ms = 300000
	metadata.max.idle.ms = 300000
	metadata.recovery.strategy = none
	metric.reporters = []
	metrics.num.samples = 2
	metrics.recording.level = INFO
	metrics.sample.window.ms = 30000
	partitioner.adaptive.partitioning.enable = true
	partitioner.availability.timeout.ms = 0
	partitioner.class = null
	partitioner.ignore.keys = false
	receive.buffer.bytes = 32768
	reconnect.backoff.max.ms = 1000
	reconnect.backoff.ms = 50
	request.timeout.ms = 5000
	retries = 2147483647
	retry.backoff.max.ms = 1000
	retry.backoff.ms = 100
	sasl.client.callback.handler.class = null
	sasl.jaas.config = null
	sasl.kerberos.kinit.cmd = /usr/bin/kinit
	sasl.kerberos.min.time.before.relogin = 60000
	sasl.kerberos.service.name = null
	sasl.kerberos.ticket.renew.jitter = 0.05
	sasl.kerberos.ticket.renew.window.factor = 0.8
	sasl.login.callback.handler.class = null
	sasl.login.class = null
	sasl.login.connect.timeout.ms = null
	sasl.login.read.timeout.ms = null
	sasl.login.refresh.buffer.seconds = 300
	sasl.login.refresh.min.period.seconds = 60
	sasl.login.refresh.window.factor = 0.8
	sasl.login.refresh.window.jitter = 0.05
	sasl.login.retry.backoff.max.ms = 10000
	sasl.login.retry.backoff.ms = 100
	sasl.mechanism = GSSAPI
	sasl.oauthbearer.clock.skew.seconds = 30
	sasl.oauthbearer.expected.audience = null
	sasl.oauthbearer.expected.issuer = null
	sasl.oauthbearer.header.urlencode = false
	sasl.oauthbearer.jwks.endpoint.refresh.ms = 3600000
	sasl.oauthbearer.jwks.endpoint.retry.backoff.max.ms = 10000
	sasl.oauthbearer.jwks.endpoint.retry.backoff.ms = 100
	sasl.oauthbearer.jwks.endpoint.url = null
	sasl.oauthbearer.scope.claim.name = scope
	sasl.oauthbearer.sub.claim.name = sub
	sasl.oauthbearer.token.endpoint.url = null
	security.protocol = PLAINTEXT
	security.providers = null
	send.buffer.bytes = 131072
	socket.connection.setup.timeout.max.ms = 30000
	socket.connection.setup.timeout.ms = 10000
	ssl.cipher.suites = null
	ssl.enabled.protocols = [TLSv1.2, TLSv1.3]
	ssl.endpoint.identification.algorithm = https
	ssl.engine.factory.class = null
	ssl.key.password = null
	ssl.keymanager.algorithm = SunX509
	ssl.keystore.certificate.chain = null
	ssl.keystore.key = null
	ssl.keystore.location = null
	ssl.keystore.password = null
	ssl.keystore.type = JKS
	ssl.protocol = TLSv1.3
	ssl.provider = null
	ssl.secure.random.implementation = null
	ssl.trustmanager.algorithm = PKIX
	ssl.truststore.certificates = null
	ssl.truststore.location = null
	ssl.truststore.password = null
	ssl.truststore.type = JKS
	transaction.timeout.ms = 60000
	transactional.id = null
	value.serializer = class io.apicurio.registry.serde.avro.AvroKafkaSerializer

2025-08-13 02:21:58,603 INFO  [org.apa.kaf.com.tel.int.KafkaMetricsCollector] (main) initializing Kafka metrics collector
2025-08-13 02:21:58,610 INFO  [org.apa.kaf.cli.pro.KafkaProducer] (main) [Producer clientId=Producer-topic-b371b521_e595_4a5d_98a8_9b83e97a4e01] Instantiated an idempotent producer.
2025-08-13 02:21:58,612 INFO  [org.apa.kaf.cli.pro.ProducerConfig] (main) These configurations '[apicurio.registry.url, apicurio.registry.auto-register, apicurio.registry.artifact-resolver-strategy]' were supplied but are not used yet.
2025-08-13 02:21:58,612 INFO  [org.apa.kaf.com.uti.AppInfoParser] (main) Kafka version: 3.9.1
2025-08-13 02:21:58,612 INFO  [org.apa.kaf.com.uti.AppInfoParser] (main) Kafka commitId: f745dfdcee2b9851
2025-08-13 02:21:58,612 INFO  [org.apa.kaf.com.uti.AppInfoParser] (main) Kafka startTimeMs: 1755051718612
2025-08-13 02:21:58,613 INFO  [io.api.tes.ser.api.SimpleSerdesTesterBuilder$SimpleSerdesTester] (main) Using producer configuration: {apicurio.registry.url=http://registry-app-ksql043.apps.ci419.apicurio-testing.org:80/apis/registry/v3, apicurio.registry.auto-register=true, apicurio.registry.artifact-resolver-strategy=io.apicurio.registry.serde.strategy.TopicIdStrategy, value.serializer=io.apicurio.registry.serde.avro.AvroKafkaSerializer, request.timeout.ms=5000, acks=all, bootstrap.servers=PLAINTEXT://localhost:32769, connections.max.idle.ms=10000, key.serializer=org.apache.kafka.common.serialization.StringSerializer, client.id=Producer-topic-b371b521_e595_4a5d_98a8_9b83e97a4e01}
2025-08-13 02:21:58,613 INFO  [io.api.tes.ser.api.SimpleSerdesTesterBuilder$SimpleSerdesTester] (main) Using consumer configuration: {}
2025-08-13 02:21:58,617 INFO  [io.api.tes.ser.api.KafkaSerdesTester] (Thread-621) Sending message {"key11755051718596": "value-0"} to topic topic-b371b521_e595_4a5d_98a8_9b83e97a4e01
2025-08-13 02:21:58,620 WARN  [org.apa.kaf.cli.NetworkClient] (kafka-producer-network-thread | Producer-topic-b371b521_e595_4a5d_98a8_9b83e97a4e01) [Producer clientId=Producer-topic-b371b521_e595_4a5d_98a8_9b83e97a4e01] The metadata response from the cluster reported a recoverable issue with correlation id 1 : {topic-b371b521_e595_4a5d_98a8_9b83e97a4e01=UNKNOWN_TOPIC_OR_PARTITION}
2025-08-13 02:21:58,620 INFO  [org.apa.kaf.cli.Metadata] (kafka-producer-network-thread | Producer-topic-b371b521_e595_4a5d_98a8_9b83e97a4e01) [Producer clientId=Producer-topic-b371b521_e595_4a5d_98a8_9b83e97a4e01] Cluster ID: pj3cISz0Q0OVF0qikwHveQ
2025-08-13 02:21:58,620 INFO  [org.apa.kaf.cli.pro.int.TransactionManager] (kafka-producer-network-thread | Producer-topic-b371b521_e595_4a5d_98a8_9b83e97a4e01) [Producer clientId=Producer-topic-b371b521_e595_4a5d_98a8_9b83e97a4e01] ProducerId set to 4 with epoch 0
2025-08-13 02:21:58,807 INFO  [io.api.tes.ser.api.KafkaSerdesTester] (Thread-621) Sending message {"key11755051718596": "value-1"} to topic topic-b371b521_e595_4a5d_98a8_9b83e97a4e01
2025-08-13 02:21:58,811 INFO  [io.api.tes.ser.api.KafkaSerdesTester] (Thread-621) Sending message {"key11755051718596": "value-2"} to topic topic-b371b521_e595_4a5d_98a8_9b83e97a4e01
2025-08-13 02:21:58,813 INFO  [io.api.tes.ser.api.KafkaSerdesTester] (Thread-621) Sending message {"key11755051718596": "value-3"} to topic topic-b371b521_e595_4a5d_98a8_9b83e97a4e01
2025-08-13 02:21:58,816 INFO  [io.api.tes.ser.api.KafkaSerdesTester] (Thread-621) Sending message {"key11755051718596": "value-4"} to topic topic-b371b521_e595_4a5d_98a8_9b83e97a4e01
2025-08-13 02:21:58,818 INFO  [io.api.tes.ser.api.KafkaSerdesTester] (Thread-621) Sending message {"key11755051718596": "value-5"} to topic topic-b371b521_e595_4a5d_98a8_9b83e97a4e01
2025-08-13 02:21:58,821 INFO  [io.api.tes.ser.api.KafkaSerdesTester] (Thread-621) Sending message {"key11755051718596": "value-6"} to topic topic-b371b521_e595_4a5d_98a8_9b83e97a4e01
2025-08-13 02:21:58,823 INFO  [io.api.tes.ser.api.KafkaSerdesTester] (Thread-621) Sending message {"key11755051718596": "value-7"} to topic topic-b371b521_e595_4a5d_98a8_9b83e97a4e01
2025-08-13 02:21:58,825 INFO  [io.api.tes.ser.api.KafkaSerdesTester] (Thread-621) Sending message {"key11755051718596": "value-8"} to topic topic-b371b521_e595_4a5d_98a8_9b83e97a4e01
2025-08-13 02:21:58,828 INFO  [io.api.tes.ser.api.KafkaSerdesTester] (Thread-621) Sending message {"key11755051718596": "value-9"} to topic topic-b371b521_e595_4a5d_98a8_9b83e97a4e01
2025-08-13 02:21:58,831 INFO  [io.api.tes.ser.api.KafkaSerdesTester] (Thread-621) Produced 10 messages
2025-08-13 02:21:58,831 INFO  [org.apa.kaf.cli.pro.KafkaProducer] (Thread-621) [Producer clientId=Producer-topic-b371b521_e595_4a5d_98a8_9b83e97a4e01] Closing the Kafka producer with timeoutMillis = 9223372036854775807 ms.
2025-08-13 02:21:58,835 INFO  [org.apa.kaf.com.met.Metrics] (Thread-621) Metrics scheduler closed
2025-08-13 02:21:58,835 INFO  [org.apa.kaf.com.met.Metrics] (Thread-621) Closing reporter org.apache.kafka.common.metrics.JmxReporter
2025-08-13 02:21:58,835 INFO  [org.apa.kaf.com.met.Metrics] (Thread-621) Closing reporter org.apache.kafka.common.telemetry.internals.ClientTelemetryReporter
2025-08-13 02:21:58,835 INFO  [org.apa.kaf.com.met.Metrics] (Thread-621) Metrics reporters closed
2025-08-13 02:21:58,836 INFO  [org.apa.kaf.com.uti.AppInfoParser] (Thread-621) App info kafka.producer for Producer-topic-b371b521_e595_4a5d_98a8_9b83e97a4e01 unregistered
**** Registry Base URL: http://registry-app-ksql043.apps.ci419.apicurio-testing.org:80
2025-08-13 02:21:58,865 INFO  [org.apa.kaf.cli.con.ConsumerConfig] (main) ConsumerConfig values: 
	allow.auto.create.topics = true
	auto.commit.interval.ms = 500
	auto.include.jmx.reporter = true
	auto.offset.reset = earliest
	bootstrap.servers = [PLAINTEXT://localhost:32769]
	check.crcs = true
	client.dns.lookup = use_all_dns_ips
	client.id = consumer-Consumer-topic-b371b521_e595_4a5d_98a8_9b83e97a4e01-4
	client.rack = 
	connections.max.idle.ms = 10000
	default.api.timeout.ms = 60000
	enable.auto.commit = true
	enable.metrics.push = true
	exclude.internal.topics = true
	fetch.max.bytes = 52428800
	fetch.max.wait.ms = 500
	fetch.min.bytes = 1
	group.id = Consumer-topic-b371b521_e595_4a5d_98a8_9b83e97a4e01
	group.instance.id = null
	group.protocol = classic
	group.remote.assignor = null
	heartbeat.interval.ms = 3000
	interceptor.classes = []
	internal.leave.group.on.close = true
	internal.throw.on.fetch.stable.offset.unsupported = false
	isolation.level = read_uncommitted
	key.deserializer = class org.apache.kafka.common.serialization.StringDeserializer
	max.partition.fetch.bytes = 1048576
	max.poll.interval.ms = 300000
	max.poll.records = 500
	metadata.max.age.ms = 300000
	metadata.recovery.strategy = none
	metric.reporters = []
	metrics.num.samples = 2
	metrics.recording.level = INFO
	metrics.sample.window.ms = 30000
	partition.assignment.strategy = [class org.apache.kafka.clients.consumer.RangeAssignor, class org.apache.kafka.clients.consumer.CooperativeStickyAssignor]
	receive.buffer.bytes = 65536
	reconnect.backoff.max.ms = 1000
	reconnect.backoff.ms = 50
	request.timeout.ms = 5000
	retry.backoff.max.ms = 1000
	retry.backoff.ms = 100
	sasl.client.callback.handler.class = null
	sasl.jaas.config = null
	sasl.kerberos.kinit.cmd = /usr/bin/kinit
	sasl.kerberos.min.time.before.relogin = 60000
	sasl.kerberos.service.name = null
	sasl.kerberos.ticket.renew.jitter = 0.05
	sasl.kerberos.ticket.renew.window.factor = 0.8
	sasl.login.callback.handler.class = null
	sasl.login.class = null
	sasl.login.connect.timeout.ms = null
	sasl.login.read.timeout.ms = null
	sasl.login.refresh.buffer.seconds = 300
	sasl.login.refresh.min.period.seconds = 60
	sasl.login.refresh.window.factor = 0.8
	sasl.login.refresh.window.jitter = 0.05
	sasl.login.retry.backoff.max.ms = 10000
	sasl.login.retry.backoff.ms = 100
	sasl.mechanism = GSSAPI
	sasl.oauthbearer.clock.skew.seconds = 30
	sasl.oauthbearer.expected.audience = null
	sasl.oauthbearer.expected.issuer = null
	sasl.oauthbearer.header.urlencode = false
	sasl.oauthbearer.jwks.endpoint.refresh.ms = 3600000
	sasl.oauthbearer.jwks.endpoint.retry.backoff.max.ms = 10000
	sasl.oauthbearer.jwks.endpoint.retry.backoff.ms = 100
	sasl.oauthbearer.jwks.endpoint.url = null
	sasl.oauthbearer.scope.claim.name = scope
	sasl.oauthbearer.sub.claim.name = sub
	sasl.oauthbearer.token.endpoint.url = null
	security.protocol = PLAINTEXT
	security.providers = null
	send.buffer.bytes = 131072
	session.timeout.ms = 45000
	socket.connection.setup.timeout.max.ms = 30000
	socket.connection.setup.timeout.ms = 10000
	ssl.cipher.suites = null
	ssl.enabled.protocols = [TLSv1.2, TLSv1.3]
	ssl.endpoint.identification.algorithm = https
	ssl.engine.factory.class = null
	ssl.key.password = null
	ssl.keymanager.algorithm = SunX509
	ssl.keystore.certificate.chain = null
	ssl.keystore.key = null
	ssl.keystore.location = null
	ssl.keystore.password = null
	ssl.keystore.type = JKS
	ssl.protocol = TLSv1.3
	ssl.provider = null
	ssl.secure.random.implementation = null
	ssl.trustmanager.algorithm = PKIX
	ssl.truststore.certificates = null
	ssl.truststore.location = null
	ssl.truststore.password = null
	ssl.truststore.type = JKS
	value.deserializer = class io.apicurio.registry.serde.avro.AvroKafkaDeserializer

2025-08-13 02:21:58,866 INFO  [org.apa.kaf.com.tel.int.KafkaMetricsCollector] (main) initializing Kafka metrics collector
2025-08-13 02:21:58,872 INFO  [org.apa.kaf.cli.con.ConsumerConfig] (main) These configurations '[apicurio.registry.url]' were supplied but are not used yet.
2025-08-13 02:21:58,872 INFO  [org.apa.kaf.com.uti.AppInfoParser] (main) Kafka version: 3.9.1
2025-08-13 02:21:58,872 INFO  [org.apa.kaf.com.uti.AppInfoParser] (main) Kafka commitId: f745dfdcee2b9851
2025-08-13 02:21:58,872 INFO  [org.apa.kaf.com.uti.AppInfoParser] (main) Kafka startTimeMs: 1755051718872
2025-08-13 02:21:58,872 INFO  [org.apa.kaf.cli.con.int.ClassicKafkaConsumer] (Thread-624) [Consumer clientId=consumer-Consumer-topic-b371b521_e595_4a5d_98a8_9b83e97a4e01-4, groupId=Consumer-topic-b371b521_e595_4a5d_98a8_9b83e97a4e01] Subscribed to topic(s): topic-b371b521_e595_4a5d_98a8_9b83e97a4e01
2025-08-13 02:21:58,880 INFO  [org.apa.kaf.cli.Metadata] (Thread-624) [Consumer clientId=consumer-Consumer-topic-b371b521_e595_4a5d_98a8_9b83e97a4e01-4, groupId=Consumer-topic-b371b521_e595_4a5d_98a8_9b83e97a4e01] Cluster ID: pj3cISz0Q0OVF0qikwHveQ
2025-08-13 02:21:58,881 INFO  [org.apa.kaf.cli.con.int.ConsumerCoordinator] (Thread-624) [Consumer clientId=consumer-Consumer-topic-b371b521_e595_4a5d_98a8_9b83e97a4e01-4, groupId=Consumer-topic-b371b521_e595_4a5d_98a8_9b83e97a4e01] Discovered group coordinator localhost:32769 (id: 2147483647 rack: null)
2025-08-13 02:21:58,887 INFO  [org.apa.kaf.cli.con.int.ConsumerCoordinator] (Thread-624) [Consumer clientId=consumer-Consumer-topic-b371b521_e595_4a5d_98a8_9b83e97a4e01-4, groupId=Consumer-topic-b371b521_e595_4a5d_98a8_9b83e97a4e01] (Re-)joining group
2025-08-13 02:21:58,889 INFO  [org.apa.kaf.cli.con.int.ConsumerCoordinator] (Thread-624) [Consumer clientId=consumer-Consumer-topic-b371b521_e595_4a5d_98a8_9b83e97a4e01-4, groupId=Consumer-topic-b371b521_e595_4a5d_98a8_9b83e97a4e01] Request joining group due to: need to re-join with the given member-id: consumer-Consumer-topic-b371b521_e595_4a5d_98a8_9b83e97a4e01-4-ba8610ac-6421-4952-9792-1434c958a19d
2025-08-13 02:21:58,889 INFO  [org.apa.kaf.cli.con.int.ConsumerCoordinator] (Thread-624) [Consumer clientId=consumer-Consumer-topic-b371b521_e595_4a5d_98a8_9b83e97a4e01-4, groupId=Consumer-topic-b371b521_e595_4a5d_98a8_9b83e97a4e01] (Re-)joining group
2025-08-13 02:21:59,872 INFO  [io.api.tes.ser.api.KafkaSerdesTester] (Thread-624) None found
2025-08-13 02:22:00,873 INFO  [io.api.tes.ser.api.KafkaSerdesTester] (Thread-624) None found
2025-08-13 02:22:01,873 INFO  [io.api.tes.ser.api.KafkaSerdesTester] (Thread-624) None found
2025-08-13 02:22:01,892 INFO  [org.apa.kaf.cli.con.int.ConsumerCoordinator] (Thread-624) [Consumer clientId=consumer-Consumer-topic-b371b521_e595_4a5d_98a8_9b83e97a4e01-4, groupId=Consumer-topic-b371b521_e595_4a5d_98a8_9b83e97a4e01] Successfully joined group with generation Generation{generationId=1, memberId='consumer-Consumer-topic-b371b521_e595_4a5d_98a8_9b83e97a4e01-4-ba8610ac-6421-4952-9792-1434c958a19d', protocol='range'}
2025-08-13 02:22:01,893 INFO  [org.apa.kaf.cli.con.int.ConsumerCoordinator] (Thread-624) [Consumer clientId=consumer-Consumer-topic-b371b521_e595_4a5d_98a8_9b83e97a4e01-4, groupId=Consumer-topic-b371b521_e595_4a5d_98a8_9b83e97a4e01] Finished assignment for group at generation 1: {consumer-Consumer-topic-b371b521_e595_4a5d_98a8_9b83e97a4e01-4-ba8610ac-6421-4952-9792-1434c958a19d=Assignment(partitions=[topic-b371b521_e595_4a5d_98a8_9b83e97a4e01-0])}
2025-08-13 02:22:01,901 INFO  [org.apa.kaf.cli.con.int.ConsumerCoordinator] (Thread-624) [Consumer clientId=consumer-Consumer-topic-b371b521_e595_4a5d_98a8_9b83e97a4e01-4, groupId=Consumer-topic-b371b521_e595_4a5d_98a8_9b83e97a4e01] Successfully synced group in generation Generation{generationId=1, memberId='consumer-Consumer-topic-b371b521_e595_4a5d_98a8_9b83e97a4e01-4-ba8610ac-6421-4952-9792-1434c958a19d', protocol='range'}
2025-08-13 02:22:01,901 INFO  [org.apa.kaf.cli.con.int.ConsumerCoordinator] (Thread-624) [Consumer clientId=consumer-Consumer-topic-b371b521_e595_4a5d_98a8_9b83e97a4e01-4, groupId=Consumer-topic-b371b521_e595_4a5d_98a8_9b83e97a4e01] Notifying assignor about the new Assignment(partitions=[topic-b371b521_e595_4a5d_98a8_9b83e97a4e01-0])
2025-08-13 02:22:01,901 INFO  [org.apa.kaf.cli.con.int.ConsumerRebalanceListenerInvoker] (Thread-624) [Consumer clientId=consumer-Consumer-topic-b371b521_e595_4a5d_98a8_9b83e97a4e01-4, groupId=Consumer-topic-b371b521_e595_4a5d_98a8_9b83e97a4e01] Adding newly assigned partitions: topic-b371b521_e595_4a5d_98a8_9b83e97a4e01-0
2025-08-13 02:22:01,902 INFO  [org.apa.kaf.cli.con.int.ConsumerCoordinator] (Thread-624) [Consumer clientId=consumer-Consumer-topic-b371b521_e595_4a5d_98a8_9b83e97a4e01-4, groupId=Consumer-topic-b371b521_e595_4a5d_98a8_9b83e97a4e01] Found no committed offset for partition topic-b371b521_e595_4a5d_98a8_9b83e97a4e01-0
2025-08-13 02:22:01,907 INFO  [org.apa.kaf.cli.con.int.SubscriptionState] (Thread-624) [Consumer clientId=consumer-Consumer-topic-b371b521_e595_4a5d_98a8_9b83e97a4e01-4, groupId=Consumer-topic-b371b521_e595_4a5d_98a8_9b83e97a4e01] Resetting offset for partition topic-b371b521_e595_4a5d_98a8_9b83e97a4e01-0 to position FetchPosition{offset=0, offsetEpoch=Optional.empty, currentLeader=LeaderAndEpoch{leader=Optional[localhost:32769 (id: 0 rack: null)], epoch=0}}.
2025-08-13 02:22:01,935 INFO  [io.api.tes.ser.api.KafkaSerdesTester] (Thread-624) topic-b371b521_e595_4a5d_98a8_9b83e97a4e01 0 0 {"key11755051718596": "value-0"}
2025-08-13 02:22:01,935 INFO  [io.api.tes.ser.api.KafkaSerdesTester] (Thread-624) topic-b371b521_e595_4a5d_98a8_9b83e97a4e01 0 1 {"key11755051718596": "value-1"}
2025-08-13 02:22:01,935 INFO  [io.api.tes.ser.api.KafkaSerdesTester] (Thread-624) topic-b371b521_e595_4a5d_98a8_9b83e97a4e01 0 2 {"key11755051718596": "value-2"}
2025-08-13 02:22:01,935 INFO  [io.api.tes.ser.api.KafkaSerdesTester] (Thread-624) topic-b371b521_e595_4a5d_98a8_9b83e97a4e01 0 3 {"key11755051718596": "value-3"}
2025-08-13 02:22:01,935 INFO  [io.api.tes.ser.api.KafkaSerdesTester] (Thread-624) topic-b371b521_e595_4a5d_98a8_9b83e97a4e01 0 4 {"key11755051718596": "value-4"}
2025-08-13 02:22:01,935 INFO  [io.api.tes.ser.api.KafkaSerdesTester] (Thread-624) topic-b371b521_e595_4a5d_98a8_9b83e97a4e01 0 5 {"key11755051718596": "value-5"}
2025-08-13 02:22:01,936 INFO  [io.api.tes.ser.api.KafkaSerdesTester] (Thread-624) topic-b371b521_e595_4a5d_98a8_9b83e97a4e01 0 6 {"key11755051718596": "value-6"}
2025-08-13 02:22:01,936 INFO  [io.api.tes.ser.api.KafkaSerdesTester] (Thread-624) topic-b371b521_e595_4a5d_98a8_9b83e97a4e01 0 7 {"key11755051718596": "value-7"}
2025-08-13 02:22:01,936 INFO  [io.api.tes.ser.api.KafkaSerdesTester] (Thread-624) topic-b371b521_e595_4a5d_98a8_9b83e97a4e01 0 8 {"key11755051718596": "value-8"}
2025-08-13 02:22:01,936 INFO  [io.api.tes.ser.api.KafkaSerdesTester] (Thread-624) topic-b371b521_e595_4a5d_98a8_9b83e97a4e01 0 9 {"key11755051718596": "value-9"}
2025-08-13 02:22:01,936 INFO  [io.api.tes.ser.api.KafkaSerdesTester] (Thread-624) Consumed 10 messages
2025-08-13 02:22:01,944 INFO  [org.apa.kaf.cli.con.int.ConsumerRebalanceListenerInvoker] (Thread-624) [Consumer clientId=consumer-Consumer-topic-b371b521_e595_4a5d_98a8_9b83e97a4e01-4, groupId=Consumer-topic-b371b521_e595_4a5d_98a8_9b83e97a4e01] Revoke previously assigned partitions topic-b371b521_e595_4a5d_98a8_9b83e97a4e01-0
2025-08-13 02:22:01,944 INFO  [org.apa.kaf.cli.con.int.ConsumerCoordinator] (Thread-624) [Consumer clientId=consumer-Consumer-topic-b371b521_e595_4a5d_98a8_9b83e97a4e01-4, groupId=Consumer-topic-b371b521_e595_4a5d_98a8_9b83e97a4e01] Member consumer-Consumer-topic-b371b521_e595_4a5d_98a8_9b83e97a4e01-4-ba8610ac-6421-4952-9792-1434c958a19d sending LeaveGroup request to coordinator localhost:32769 (id: 2147483647 rack: null) due to the consumer is being closed
2025-08-13 02:22:01,944 INFO  [org.apa.kaf.cli.con.int.ConsumerCoordinator] (Thread-624) [Consumer clientId=consumer-Consumer-topic-b371b521_e595_4a5d_98a8_9b83e97a4e01-4, groupId=Consumer-topic-b371b521_e595_4a5d_98a8_9b83e97a4e01] Resetting generation and member id due to: consumer pro-actively leaving the group
2025-08-13 02:22:01,944 INFO  [org.apa.kaf.cli.con.int.ConsumerCoordinator] (Thread-624) [Consumer clientId=consumer-Consumer-topic-b371b521_e595_4a5d_98a8_9b83e97a4e01-4, groupId=Consumer-topic-b371b521_e595_4a5d_98a8_9b83e97a4e01] Request joining group due to: consumer pro-actively leaving the group
2025-08-13 02:22:02,437 INFO  [org.apa.kaf.com.met.Metrics] (Thread-624) Metrics scheduler closed
2025-08-13 02:22:02,437 INFO  [org.apa.kaf.com.met.Metrics] (Thread-624) Closing reporter org.apache.kafka.common.metrics.JmxReporter
2025-08-13 02:22:02,437 INFO  [org.apa.kaf.com.met.Metrics] (Thread-624) Closing reporter org.apache.kafka.common.telemetry.internals.ClientTelemetryReporter
2025-08-13 02:22:02,437 INFO  [org.apa.kaf.com.met.Metrics] (Thread-624) Metrics reporters closed
2025-08-13 02:22:02,440 INFO  [org.apa.kaf.com.uti.AppInfoParser] (Thread-624) App info kafka.consumer for consumer-Consumer-topic-b371b521_e595_4a5d_98a8_9b83e97a4e01-4 unregistered
2025-08-13 02:22:02,460 INFO  [io.api.tes.uti.TestSeparator] (main) io.apicurio.tests.serdes.apicurio.AvroSerdeIT.testTopicIdStrategyAutoRegister-FINISHED
2025-08-13 02:22:02,460 INFO  [io.api.tes.uti.TestSeparator] (main) ############################################################################
Test passed: testTopicIdStrategyAutoRegister
]]></system-out>
  </testcase>
  <testcase name="testRecordIdStrategydFindLatest" classname="io.apicurio.tests.serdes.apicurio.AvroSerdeIT" time="4.745">
    <system-out><![CDATA[2025-08-13 02:22:02,461 INFO  [io.api.tes.uti.TestSeparator] (main) ############################################################################
2025-08-13 02:22:02,461 INFO  [io.api.tes.uti.TestSeparator] (main) io.apicurio.tests.serdes.apicurio.AvroSerdeIT.testRecordIdStrategydFindLatest-STARTED
2025-08-13 02:22:02,464 INFO  [io.api.tes.ser.api.AvroSerdeIT] (main) Registering Avro Schema: {"type":"record","name":"se767131fxed21x40e4x9df9xc757ab4ac43b","namespace":"s3bbb3c84x6359x42c1xb5bexe26aa7f7b935","fields":[{"name":"key11755051722463","type":"string"}]}
**** Registry Base URL: http://registry-app-ksql043.apps.ci419.apicurio-testing.org:80
2025-08-13 02:22:03,532 INFO  [org.apa.kaf.cli.pro.ProducerConfig] (main) ProducerConfig values: 
	acks = -1
	auto.include.jmx.reporter = true
	batch.size = 16384
	bootstrap.servers = [PLAINTEXT://localhost:32769]
	buffer.memory = 33554432
	client.dns.lookup = use_all_dns_ips
	client.id = Producer-topic-6c64405e_8d80_4bb8_94a4_1fdf799cfc38
	compression.gzip.level = -1
	compression.lz4.level = 9
	compression.type = none
	compression.zstd.level = 3
	connections.max.idle.ms = 10000
	delivery.timeout.ms = 120000
	enable.idempotence = true
	enable.metrics.push = true
	interceptor.classes = []
	key.serializer = class org.apache.kafka.common.serialization.StringSerializer
	linger.ms = 0
	max.block.ms = 60000
	max.in.flight.requests.per.connection = 5
	max.request.size = 1048576
	metadata.max.age.ms = 300000
	metadata.max.idle.ms = 300000
	metadata.recovery.strategy = none
	metric.reporters = []
	metrics.num.samples = 2
	metrics.recording.level = INFO
	metrics.sample.window.ms = 30000
	partitioner.adaptive.partitioning.enable = true
	partitioner.availability.timeout.ms = 0
	partitioner.class = null
	partitioner.ignore.keys = false
	receive.buffer.bytes = 32768
	reconnect.backoff.max.ms = 1000
	reconnect.backoff.ms = 50
	request.timeout.ms = 5000
	retries = 2147483647
	retry.backoff.max.ms = 1000
	retry.backoff.ms = 100
	sasl.client.callback.handler.class = null
	sasl.jaas.config = null
	sasl.kerberos.kinit.cmd = /usr/bin/kinit
	sasl.kerberos.min.time.before.relogin = 60000
	sasl.kerberos.service.name = null
	sasl.kerberos.ticket.renew.jitter = 0.05
	sasl.kerberos.ticket.renew.window.factor = 0.8
	sasl.login.callback.handler.class = null
	sasl.login.class = null
	sasl.login.connect.timeout.ms = null
	sasl.login.read.timeout.ms = null
	sasl.login.refresh.buffer.seconds = 300
	sasl.login.refresh.min.period.seconds = 60
	sasl.login.refresh.window.factor = 0.8
	sasl.login.refresh.window.jitter = 0.05
	sasl.login.retry.backoff.max.ms = 10000
	sasl.login.retry.backoff.ms = 100
	sasl.mechanism = GSSAPI
	sasl.oauthbearer.clock.skew.seconds = 30
	sasl.oauthbearer.expected.audience = null
	sasl.oauthbearer.expected.issuer = null
	sasl.oauthbearer.header.urlencode = false
	sasl.oauthbearer.jwks.endpoint.refresh.ms = 3600000
	sasl.oauthbearer.jwks.endpoint.retry.backoff.max.ms = 10000
	sasl.oauthbearer.jwks.endpoint.retry.backoff.ms = 100
	sasl.oauthbearer.jwks.endpoint.url = null
	sasl.oauthbearer.scope.claim.name = scope
	sasl.oauthbearer.sub.claim.name = sub
	sasl.oauthbearer.token.endpoint.url = null
	security.protocol = PLAINTEXT
	security.providers = null
	send.buffer.bytes = 131072
	socket.connection.setup.timeout.max.ms = 30000
	socket.connection.setup.timeout.ms = 10000
	ssl.cipher.suites = null
	ssl.enabled.protocols = [TLSv1.2, TLSv1.3]
	ssl.endpoint.identification.algorithm = https
	ssl.engine.factory.class = null
	ssl.key.password = null
	ssl.keymanager.algorithm = SunX509
	ssl.keystore.certificate.chain = null
	ssl.keystore.key = null
	ssl.keystore.location = null
	ssl.keystore.password = null
	ssl.keystore.type = JKS
	ssl.protocol = TLSv1.3
	ssl.provider = null
	ssl.secure.random.implementation = null
	ssl.trustmanager.algorithm = PKIX
	ssl.truststore.certificates = null
	ssl.truststore.location = null
	ssl.truststore.password = null
	ssl.truststore.type = JKS
	transaction.timeout.ms = 60000
	transactional.id = null
	value.serializer = class io.apicurio.registry.serde.avro.AvroKafkaSerializer

2025-08-13 02:22:03,533 INFO  [org.apa.kaf.com.tel.int.KafkaMetricsCollector] (main) initializing Kafka metrics collector
2025-08-13 02:22:03,536 INFO  [org.apa.kaf.cli.pro.KafkaProducer] (main) [Producer clientId=Producer-topic-6c64405e_8d80_4bb8_94a4_1fdf799cfc38] Instantiated an idempotent producer.
2025-08-13 02:22:03,539 INFO  [org.apa.kaf.cli.pro.ProducerConfig] (main) These configurations '[apicurio.registry.find-latest, apicurio.registry.url, apicurio.registry.artifact-resolver-strategy]' were supplied but are not used yet.
2025-08-13 02:22:03,539 INFO  [org.apa.kaf.com.uti.AppInfoParser] (main) Kafka version: 3.9.1
2025-08-13 02:22:03,539 INFO  [org.apa.kaf.com.uti.AppInfoParser] (main) Kafka commitId: f745dfdcee2b9851
2025-08-13 02:22:03,539 INFO  [org.apa.kaf.com.uti.AppInfoParser] (main) Kafka startTimeMs: 1755051723539
2025-08-13 02:22:03,539 INFO  [io.api.tes.ser.api.SimpleSerdesTesterBuilder$SimpleSerdesTester] (main) Using producer configuration: {apicurio.registry.find-latest=true, apicurio.registry.url=http://registry-app-ksql043.apps.ci419.apicurio-testing.org:80/apis/registry/v3, apicurio.registry.artifact-resolver-strategy=io.apicurio.registry.serde.avro.strategy.RecordIdStrategy, value.serializer=io.apicurio.registry.serde.avro.AvroKafkaSerializer, request.timeout.ms=5000, acks=all, bootstrap.servers=PLAINTEXT://localhost:32769, connections.max.idle.ms=10000, key.serializer=org.apache.kafka.common.serialization.StringSerializer, client.id=Producer-topic-6c64405e_8d80_4bb8_94a4_1fdf799cfc38}
2025-08-13 02:22:03,539 INFO  [io.api.tes.ser.api.SimpleSerdesTesterBuilder$SimpleSerdesTester] (main) Using consumer configuration: {}
2025-08-13 02:22:03,541 INFO  [io.api.tes.ser.api.KafkaSerdesTester] (Thread-627) Sending message {"key11755051722463": "value-0"} to topic topic-6c64405e_8d80_4bb8_94a4_1fdf799cfc38
2025-08-13 02:22:03,544 INFO  [org.apa.kaf.cli.Metadata] (kafka-producer-network-thread | Producer-topic-6c64405e_8d80_4bb8_94a4_1fdf799cfc38) [Producer clientId=Producer-topic-6c64405e_8d80_4bb8_94a4_1fdf799cfc38] Cluster ID: pj3cISz0Q0OVF0qikwHveQ
2025-08-13 02:22:03,544 INFO  [org.apa.kaf.cli.pro.int.TransactionManager] (kafka-producer-network-thread | Producer-topic-6c64405e_8d80_4bb8_94a4_1fdf799cfc38) [Producer clientId=Producer-topic-6c64405e_8d80_4bb8_94a4_1fdf799cfc38] ProducerId set to 5 with epoch 0
2025-08-13 02:22:03,582 INFO  [io.api.tes.ser.api.KafkaSerdesTester] (Thread-627) Sending message {"key11755051722463": "value-1"} to topic topic-6c64405e_8d80_4bb8_94a4_1fdf799cfc38
2025-08-13 02:22:03,585 INFO  [io.api.tes.ser.api.KafkaSerdesTester] (Thread-627) Sending message {"key11755051722463": "value-2"} to topic topic-6c64405e_8d80_4bb8_94a4_1fdf799cfc38
2025-08-13 02:22:03,588 INFO  [io.api.tes.ser.api.KafkaSerdesTester] (Thread-627) Sending message {"key11755051722463": "value-3"} to topic topic-6c64405e_8d80_4bb8_94a4_1fdf799cfc38
2025-08-13 02:22:03,591 INFO  [io.api.tes.ser.api.KafkaSerdesTester] (Thread-627) Sending message {"key11755051722463": "value-4"} to topic topic-6c64405e_8d80_4bb8_94a4_1fdf799cfc38
2025-08-13 02:22:03,600 INFO  [io.api.tes.ser.api.KafkaSerdesTester] (Thread-627) Sending message {"key11755051722463": "value-5"} to topic topic-6c64405e_8d80_4bb8_94a4_1fdf799cfc38
2025-08-13 02:22:03,602 INFO  [io.api.tes.ser.api.KafkaSerdesTester] (Thread-627) Sending message {"key11755051722463": "value-6"} to topic topic-6c64405e_8d80_4bb8_94a4_1fdf799cfc38
2025-08-13 02:22:03,604 INFO  [io.api.tes.ser.api.KafkaSerdesTester] (Thread-627) Sending message {"key11755051722463": "value-7"} to topic topic-6c64405e_8d80_4bb8_94a4_1fdf799cfc38
2025-08-13 02:22:03,607 INFO  [io.api.tes.ser.api.KafkaSerdesTester] (Thread-627) Sending message {"key11755051722463": "value-8"} to topic topic-6c64405e_8d80_4bb8_94a4_1fdf799cfc38
2025-08-13 02:22:03,611 INFO  [io.api.tes.ser.api.KafkaSerdesTester] (Thread-627) Sending message {"key11755051722463": "value-9"} to topic topic-6c64405e_8d80_4bb8_94a4_1fdf799cfc38
2025-08-13 02:22:03,613 INFO  [io.api.tes.ser.api.KafkaSerdesTester] (Thread-627) Produced 10 messages
2025-08-13 02:22:03,613 INFO  [org.apa.kaf.cli.pro.KafkaProducer] (Thread-627) [Producer clientId=Producer-topic-6c64405e_8d80_4bb8_94a4_1fdf799cfc38] Closing the Kafka producer with timeoutMillis = 9223372036854775807 ms.
2025-08-13 02:22:03,616 INFO  [org.apa.kaf.com.met.Metrics] (Thread-627) Metrics scheduler closed
2025-08-13 02:22:03,616 INFO  [org.apa.kaf.com.met.Metrics] (Thread-627) Closing reporter org.apache.kafka.common.metrics.JmxReporter
2025-08-13 02:22:03,616 INFO  [org.apa.kaf.com.met.Metrics] (Thread-627) Closing reporter org.apache.kafka.common.telemetry.internals.ClientTelemetryReporter
2025-08-13 02:22:03,616 INFO  [org.apa.kaf.com.met.Metrics] (Thread-627) Metrics reporters closed
2025-08-13 02:22:03,617 INFO  [org.apa.kaf.com.uti.AppInfoParser] (Thread-627) App info kafka.producer for Producer-topic-6c64405e_8d80_4bb8_94a4_1fdf799cfc38 unregistered
**** Registry Base URL: http://registry-app-ksql043.apps.ci419.apicurio-testing.org:80
2025-08-13 02:22:03,617 INFO  [org.apa.kaf.cli.con.ConsumerConfig] (main) ConsumerConfig values: 
	allow.auto.create.topics = true
	auto.commit.interval.ms = 500
	auto.include.jmx.reporter = true
	auto.offset.reset = earliest
	bootstrap.servers = [PLAINTEXT://localhost:32769]
	check.crcs = true
	client.dns.lookup = use_all_dns_ips
	client.id = consumer-Consumer-topic-6c64405e_8d80_4bb8_94a4_1fdf799cfc38-5
	client.rack = 
	connections.max.idle.ms = 10000
	default.api.timeout.ms = 60000
	enable.auto.commit = true
	enable.metrics.push = true
	exclude.internal.topics = true
	fetch.max.bytes = 52428800
	fetch.max.wait.ms = 500
	fetch.min.bytes = 1
	group.id = Consumer-topic-6c64405e_8d80_4bb8_94a4_1fdf799cfc38
	group.instance.id = null
	group.protocol = classic
	group.remote.assignor = null
	heartbeat.interval.ms = 3000
	interceptor.classes = []
	internal.leave.group.on.close = true
	internal.throw.on.fetch.stable.offset.unsupported = false
	isolation.level = read_uncommitted
	key.deserializer = class org.apache.kafka.common.serialization.StringDeserializer
	max.partition.fetch.bytes = 1048576
	max.poll.interval.ms = 300000
	max.poll.records = 500
	metadata.max.age.ms = 300000
	metadata.recovery.strategy = none
	metric.reporters = []
	metrics.num.samples = 2
	metrics.recording.level = INFO
	metrics.sample.window.ms = 30000
	partition.assignment.strategy = [class org.apache.kafka.clients.consumer.RangeAssignor, class org.apache.kafka.clients.consumer.CooperativeStickyAssignor]
	receive.buffer.bytes = 65536
	reconnect.backoff.max.ms = 1000
	reconnect.backoff.ms = 50
	request.timeout.ms = 5000
	retry.backoff.max.ms = 1000
	retry.backoff.ms = 100
	sasl.client.callback.handler.class = null
	sasl.jaas.config = null
	sasl.kerberos.kinit.cmd = /usr/bin/kinit
	sasl.kerberos.min.time.before.relogin = 60000
	sasl.kerberos.service.name = null
	sasl.kerberos.ticket.renew.jitter = 0.05
	sasl.kerberos.ticket.renew.window.factor = 0.8
	sasl.login.callback.handler.class = null
	sasl.login.class = null
	sasl.login.connect.timeout.ms = null
	sasl.login.read.timeout.ms = null
	sasl.login.refresh.buffer.seconds = 300
	sasl.login.refresh.min.period.seconds = 60
	sasl.login.refresh.window.factor = 0.8
	sasl.login.refresh.window.jitter = 0.05
	sasl.login.retry.backoff.max.ms = 10000
	sasl.login.retry.backoff.ms = 100
	sasl.mechanism = GSSAPI
	sasl.oauthbearer.clock.skew.seconds = 30
	sasl.oauthbearer.expected.audience = null
	sasl.oauthbearer.expected.issuer = null
	sasl.oauthbearer.header.urlencode = false
	sasl.oauthbearer.jwks.endpoint.refresh.ms = 3600000
	sasl.oauthbearer.jwks.endpoint.retry.backoff.max.ms = 10000
	sasl.oauthbearer.jwks.endpoint.retry.backoff.ms = 100
	sasl.oauthbearer.jwks.endpoint.url = null
	sasl.oauthbearer.scope.claim.name = scope
	sasl.oauthbearer.sub.claim.name = sub
	sasl.oauthbearer.token.endpoint.url = null
	security.protocol = PLAINTEXT
	security.providers = null
	send.buffer.bytes = 131072
	session.timeout.ms = 45000
	socket.connection.setup.timeout.max.ms = 30000
	socket.connection.setup.timeout.ms = 10000
	ssl.cipher.suites = null
	ssl.enabled.protocols = [TLSv1.2, TLSv1.3]
	ssl.endpoint.identification.algorithm = https
	ssl.engine.factory.class = null
	ssl.key.password = null
	ssl.keymanager.algorithm = SunX509
	ssl.keystore.certificate.chain = null
	ssl.keystore.key = null
	ssl.keystore.location = null
	ssl.keystore.password = null
	ssl.keystore.type = JKS
	ssl.protocol = TLSv1.3
	ssl.provider = null
	ssl.secure.random.implementation = null
	ssl.trustmanager.algorithm = PKIX
	ssl.truststore.certificates = null
	ssl.truststore.location = null
	ssl.truststore.password = null
	ssl.truststore.type = JKS
	value.deserializer = class io.apicurio.registry.serde.avro.AvroKafkaDeserializer

2025-08-13 02:22:03,618 INFO  [org.apa.kaf.com.tel.int.KafkaMetricsCollector] (main) initializing Kafka metrics collector
2025-08-13 02:22:03,627 INFO  [org.apa.kaf.cli.con.ConsumerConfig] (main) These configurations '[apicurio.registry.url]' were supplied but are not used yet.
2025-08-13 02:22:03,627 INFO  [org.apa.kaf.com.uti.AppInfoParser] (main) Kafka version: 3.9.1
2025-08-13 02:22:03,627 INFO  [org.apa.kaf.com.uti.AppInfoParser] (main) Kafka commitId: f745dfdcee2b9851
2025-08-13 02:22:03,627 INFO  [org.apa.kaf.com.uti.AppInfoParser] (main) Kafka startTimeMs: 1755051723627
2025-08-13 02:22:03,629 INFO  [org.apa.kaf.cli.con.int.ClassicKafkaConsumer] (Thread-630) [Consumer clientId=consumer-Consumer-topic-6c64405e_8d80_4bb8_94a4_1fdf799cfc38-5, groupId=Consumer-topic-6c64405e_8d80_4bb8_94a4_1fdf799cfc38] Subscribed to topic(s): topic-6c64405e_8d80_4bb8_94a4_1fdf799cfc38
2025-08-13 02:22:03,635 INFO  [org.apa.kaf.cli.Metadata] (Thread-630) [Consumer clientId=consumer-Consumer-topic-6c64405e_8d80_4bb8_94a4_1fdf799cfc38-5, groupId=Consumer-topic-6c64405e_8d80_4bb8_94a4_1fdf799cfc38] Cluster ID: pj3cISz0Q0OVF0qikwHveQ
2025-08-13 02:22:03,638 INFO  [org.apa.kaf.cli.con.int.ConsumerCoordinator] (Thread-630) [Consumer clientId=consumer-Consumer-topic-6c64405e_8d80_4bb8_94a4_1fdf799cfc38-5, groupId=Consumer-topic-6c64405e_8d80_4bb8_94a4_1fdf799cfc38] Discovered group coordinator localhost:32769 (id: 2147483647 rack: null)
2025-08-13 02:22:03,639 INFO  [org.apa.kaf.cli.con.int.ConsumerCoordinator] (Thread-630) [Consumer clientId=consumer-Consumer-topic-6c64405e_8d80_4bb8_94a4_1fdf799cfc38-5, groupId=Consumer-topic-6c64405e_8d80_4bb8_94a4_1fdf799cfc38] (Re-)joining group
2025-08-13 02:22:03,645 INFO  [org.apa.kaf.cli.con.int.ConsumerCoordinator] (Thread-630) [Consumer clientId=consumer-Consumer-topic-6c64405e_8d80_4bb8_94a4_1fdf799cfc38-5, groupId=Consumer-topic-6c64405e_8d80_4bb8_94a4_1fdf799cfc38] Request joining group due to: need to re-join with the given member-id: consumer-Consumer-topic-6c64405e_8d80_4bb8_94a4_1fdf799cfc38-5-39106b29-14d7-4f5a-8c03-9633dba2316a
2025-08-13 02:22:03,645 INFO  [org.apa.kaf.cli.con.int.ConsumerCoordinator] (Thread-630) [Consumer clientId=consumer-Consumer-topic-6c64405e_8d80_4bb8_94a4_1fdf799cfc38-5, groupId=Consumer-topic-6c64405e_8d80_4bb8_94a4_1fdf799cfc38] (Re-)joining group
2025-08-13 02:22:04,629 INFO  [io.api.tes.ser.api.KafkaSerdesTester] (Thread-630) None found
2025-08-13 02:22:05,630 INFO  [io.api.tes.ser.api.KafkaSerdesTester] (Thread-630) None found
2025-08-13 02:22:06,630 INFO  [io.api.tes.ser.api.KafkaSerdesTester] (Thread-630) None found
2025-08-13 02:22:06,648 INFO  [org.apa.kaf.cli.con.int.ConsumerCoordinator] (Thread-630) [Consumer clientId=consumer-Consumer-topic-6c64405e_8d80_4bb8_94a4_1fdf799cfc38-5, groupId=Consumer-topic-6c64405e_8d80_4bb8_94a4_1fdf799cfc38] Successfully joined group with generation Generation{generationId=1, memberId='consumer-Consumer-topic-6c64405e_8d80_4bb8_94a4_1fdf799cfc38-5-39106b29-14d7-4f5a-8c03-9633dba2316a', protocol='range'}
2025-08-13 02:22:06,648 INFO  [org.apa.kaf.cli.con.int.ConsumerCoordinator] (Thread-630) [Consumer clientId=consumer-Consumer-topic-6c64405e_8d80_4bb8_94a4_1fdf799cfc38-5, groupId=Consumer-topic-6c64405e_8d80_4bb8_94a4_1fdf799cfc38] Finished assignment for group at generation 1: {consumer-Consumer-topic-6c64405e_8d80_4bb8_94a4_1fdf799cfc38-5-39106b29-14d7-4f5a-8c03-9633dba2316a=Assignment(partitions=[topic-6c64405e_8d80_4bb8_94a4_1fdf799cfc38-0])}
2025-08-13 02:22:06,656 INFO  [org.apa.kaf.cli.con.int.ConsumerCoordinator] (Thread-630) [Consumer clientId=consumer-Consumer-topic-6c64405e_8d80_4bb8_94a4_1fdf799cfc38-5, groupId=Consumer-topic-6c64405e_8d80_4bb8_94a4_1fdf799cfc38] Successfully synced group in generation Generation{generationId=1, memberId='consumer-Consumer-topic-6c64405e_8d80_4bb8_94a4_1fdf799cfc38-5-39106b29-14d7-4f5a-8c03-9633dba2316a', protocol='range'}
2025-08-13 02:22:06,657 INFO  [org.apa.kaf.cli.con.int.ConsumerCoordinator] (Thread-630) [Consumer clientId=consumer-Consumer-topic-6c64405e_8d80_4bb8_94a4_1fdf799cfc38-5, groupId=Consumer-topic-6c64405e_8d80_4bb8_94a4_1fdf799cfc38] Notifying assignor about the new Assignment(partitions=[topic-6c64405e_8d80_4bb8_94a4_1fdf799cfc38-0])
2025-08-13 02:22:06,657 INFO  [org.apa.kaf.cli.con.int.ConsumerRebalanceListenerInvoker] (Thread-630) [Consumer clientId=consumer-Consumer-topic-6c64405e_8d80_4bb8_94a4_1fdf799cfc38-5, groupId=Consumer-topic-6c64405e_8d80_4bb8_94a4_1fdf799cfc38] Adding newly assigned partitions: topic-6c64405e_8d80_4bb8_94a4_1fdf799cfc38-0
2025-08-13 02:22:06,658 INFO  [org.apa.kaf.cli.con.int.ConsumerCoordinator] (Thread-630) [Consumer clientId=consumer-Consumer-topic-6c64405e_8d80_4bb8_94a4_1fdf799cfc38-5, groupId=Consumer-topic-6c64405e_8d80_4bb8_94a4_1fdf799cfc38] Found no committed offset for partition topic-6c64405e_8d80_4bb8_94a4_1fdf799cfc38-0
2025-08-13 02:22:06,663 INFO  [org.apa.kaf.cli.con.int.SubscriptionState] (Thread-630) [Consumer clientId=consumer-Consumer-topic-6c64405e_8d80_4bb8_94a4_1fdf799cfc38-5, groupId=Consumer-topic-6c64405e_8d80_4bb8_94a4_1fdf799cfc38] Resetting offset for partition topic-6c64405e_8d80_4bb8_94a4_1fdf799cfc38-0 to position FetchPosition{offset=0, offsetEpoch=Optional.empty, currentLeader=LeaderAndEpoch{leader=Optional[localhost:32769 (id: 0 rack: null)], epoch=0}}.
2025-08-13 02:22:06,695 INFO  [io.api.tes.ser.api.KafkaSerdesTester] (Thread-630) topic-6c64405e_8d80_4bb8_94a4_1fdf799cfc38 0 0 {"key11755051722463": "value-0"}
2025-08-13 02:22:06,696 INFO  [io.api.tes.ser.api.KafkaSerdesTester] (Thread-630) topic-6c64405e_8d80_4bb8_94a4_1fdf799cfc38 0 1 {"key11755051722463": "value-1"}
2025-08-13 02:22:06,696 INFO  [io.api.tes.ser.api.KafkaSerdesTester] (Thread-630) topic-6c64405e_8d80_4bb8_94a4_1fdf799cfc38 0 2 {"key11755051722463": "value-2"}
2025-08-13 02:22:06,696 INFO  [io.api.tes.ser.api.KafkaSerdesTester] (Thread-630) topic-6c64405e_8d80_4bb8_94a4_1fdf799cfc38 0 3 {"key11755051722463": "value-3"}
2025-08-13 02:22:06,696 INFO  [io.api.tes.ser.api.KafkaSerdesTester] (Thread-630) topic-6c64405e_8d80_4bb8_94a4_1fdf799cfc38 0 4 {"key11755051722463": "value-4"}
2025-08-13 02:22:06,696 INFO  [io.api.tes.ser.api.KafkaSerdesTester] (Thread-630) topic-6c64405e_8d80_4bb8_94a4_1fdf799cfc38 0 5 {"key11755051722463": "value-5"}
2025-08-13 02:22:06,696 INFO  [io.api.tes.ser.api.KafkaSerdesTester] (Thread-630) topic-6c64405e_8d80_4bb8_94a4_1fdf799cfc38 0 6 {"key11755051722463": "value-6"}
2025-08-13 02:22:06,696 INFO  [io.api.tes.ser.api.KafkaSerdesTester] (Thread-630) topic-6c64405e_8d80_4bb8_94a4_1fdf799cfc38 0 7 {"key11755051722463": "value-7"}
2025-08-13 02:22:06,696 INFO  [io.api.tes.ser.api.KafkaSerdesTester] (Thread-630) topic-6c64405e_8d80_4bb8_94a4_1fdf799cfc38 0 8 {"key11755051722463": "value-8"}
2025-08-13 02:22:06,696 INFO  [io.api.tes.ser.api.KafkaSerdesTester] (Thread-630) topic-6c64405e_8d80_4bb8_94a4_1fdf799cfc38 0 9 {"key11755051722463": "value-9"}
2025-08-13 02:22:06,696 INFO  [io.api.tes.ser.api.KafkaSerdesTester] (Thread-630) Consumed 10 messages
2025-08-13 02:22:06,704 INFO  [org.apa.kaf.cli.con.int.ConsumerRebalanceListenerInvoker] (Thread-630) [Consumer clientId=consumer-Consumer-topic-6c64405e_8d80_4bb8_94a4_1fdf799cfc38-5, groupId=Consumer-topic-6c64405e_8d80_4bb8_94a4_1fdf799cfc38] Revoke previously assigned partitions topic-6c64405e_8d80_4bb8_94a4_1fdf799cfc38-0
2025-08-13 02:22:06,704 INFO  [org.apa.kaf.cli.con.int.ConsumerCoordinator] (Thread-630) [Consumer clientId=consumer-Consumer-topic-6c64405e_8d80_4bb8_94a4_1fdf799cfc38-5, groupId=Consumer-topic-6c64405e_8d80_4bb8_94a4_1fdf799cfc38] Member consumer-Consumer-topic-6c64405e_8d80_4bb8_94a4_1fdf799cfc38-5-39106b29-14d7-4f5a-8c03-9633dba2316a sending LeaveGroup request to coordinator localhost:32769 (id: 2147483647 rack: null) due to the consumer is being closed
2025-08-13 02:22:06,705 INFO  [org.apa.kaf.cli.con.int.ConsumerCoordinator] (Thread-630) [Consumer clientId=consumer-Consumer-topic-6c64405e_8d80_4bb8_94a4_1fdf799cfc38-5, groupId=Consumer-topic-6c64405e_8d80_4bb8_94a4_1fdf799cfc38] Resetting generation and member id due to: consumer pro-actively leaving the group
2025-08-13 02:22:06,705 INFO  [org.apa.kaf.cli.con.int.ConsumerCoordinator] (Thread-630) [Consumer clientId=consumer-Consumer-topic-6c64405e_8d80_4bb8_94a4_1fdf799cfc38-5, groupId=Consumer-topic-6c64405e_8d80_4bb8_94a4_1fdf799cfc38] Request joining group due to: consumer pro-actively leaving the group
2025-08-13 02:22:07,198 INFO  [org.apa.kaf.com.met.Metrics] (Thread-630) Metrics scheduler closed
2025-08-13 02:22:07,198 INFO  [org.apa.kaf.com.met.Metrics] (Thread-630) Closing reporter org.apache.kafka.common.metrics.JmxReporter
2025-08-13 02:22:07,198 INFO  [org.apa.kaf.com.met.Metrics] (Thread-630) Closing reporter org.apache.kafka.common.telemetry.internals.ClientTelemetryReporter
2025-08-13 02:22:07,198 INFO  [org.apa.kaf.com.met.Metrics] (Thread-630) Metrics reporters closed
2025-08-13 02:22:07,201 INFO  [org.apa.kaf.com.uti.AppInfoParser] (Thread-630) App info kafka.consumer for consumer-Consumer-topic-6c64405e_8d80_4bb8_94a4_1fdf799cfc38-5 unregistered
2025-08-13 02:22:07,204 INFO  [io.api.tes.uti.TestSeparator] (main) io.apicurio.tests.serdes.apicurio.AvroSerdeIT.testRecordIdStrategydFindLatest-FINISHED
2025-08-13 02:22:07,204 INFO  [io.api.tes.uti.TestSeparator] (main) ############################################################################
Test passed: testRecordIdStrategydFindLatest
]]></system-out>
  </testcase>
  <testcase name="testReflectAutoRegister" classname="io.apicurio.tests.serdes.apicurio.AvroSerdeIT" time="3.911">
    <system-out><![CDATA[2025-08-13 02:22:07,207 INFO  [io.api.tes.uti.TestSeparator] (main) ############################################################################
2025-08-13 02:22:07,207 INFO  [io.api.tes.uti.TestSeparator] (main) io.apicurio.tests.serdes.apicurio.AvroSerdeIT.testReflectAutoRegister-STARTED
**** Registry Base URL: http://registry-app-ksql043.apps.ci419.apicurio-testing.org:80
2025-08-13 02:22:07,210 INFO  [org.apa.kaf.cli.pro.ProducerConfig] (main) ProducerConfig values: 
	acks = -1
	auto.include.jmx.reporter = true
	batch.size = 16384
	bootstrap.servers = [PLAINTEXT://localhost:32769]
	buffer.memory = 33554432
	client.dns.lookup = use_all_dns_ips
	client.id = Producer-topic-99dc16f9_99b2_4d2b_8d72_a9f5e3fffb1d
	compression.gzip.level = -1
	compression.lz4.level = 9
	compression.type = none
	compression.zstd.level = 3
	connections.max.idle.ms = 10000
	delivery.timeout.ms = 120000
	enable.idempotence = true
	enable.metrics.push = true
	interceptor.classes = []
	key.serializer = class org.apache.kafka.common.serialization.StringSerializer
	linger.ms = 0
	max.block.ms = 60000
	max.in.flight.requests.per.connection = 5
	max.request.size = 1048576
	metadata.max.age.ms = 300000
	metadata.max.idle.ms = 300000
	metadata.recovery.strategy = none
	metric.reporters = []
	metrics.num.samples = 2
	metrics.recording.level = INFO
	metrics.sample.window.ms = 30000
	partitioner.adaptive.partitioning.enable = true
	partitioner.availability.timeout.ms = 0
	partitioner.class = null
	partitioner.ignore.keys = false
	receive.buffer.bytes = 32768
	reconnect.backoff.max.ms = 1000
	reconnect.backoff.ms = 50
	request.timeout.ms = 5000
	retries = 2147483647
	retry.backoff.max.ms = 1000
	retry.backoff.ms = 100
	sasl.client.callback.handler.class = null
	sasl.jaas.config = null
	sasl.kerberos.kinit.cmd = /usr/bin/kinit
	sasl.kerberos.min.time.before.relogin = 60000
	sasl.kerberos.service.name = null
	sasl.kerberos.ticket.renew.jitter = 0.05
	sasl.kerberos.ticket.renew.window.factor = 0.8
	sasl.login.callback.handler.class = null
	sasl.login.class = null
	sasl.login.connect.timeout.ms = null
	sasl.login.read.timeout.ms = null
	sasl.login.refresh.buffer.seconds = 300
	sasl.login.refresh.min.period.seconds = 60
	sasl.login.refresh.window.factor = 0.8
	sasl.login.refresh.window.jitter = 0.05
	sasl.login.retry.backoff.max.ms = 10000
	sasl.login.retry.backoff.ms = 100
	sasl.mechanism = GSSAPI
	sasl.oauthbearer.clock.skew.seconds = 30
	sasl.oauthbearer.expected.audience = null
	sasl.oauthbearer.expected.issuer = null
	sasl.oauthbearer.header.urlencode = false
	sasl.oauthbearer.jwks.endpoint.refresh.ms = 3600000
	sasl.oauthbearer.jwks.endpoint.retry.backoff.max.ms = 10000
	sasl.oauthbearer.jwks.endpoint.retry.backoff.ms = 100
	sasl.oauthbearer.jwks.endpoint.url = null
	sasl.oauthbearer.scope.claim.name = scope
	sasl.oauthbearer.sub.claim.name = sub
	sasl.oauthbearer.token.endpoint.url = null
	security.protocol = PLAINTEXT
	security.providers = null
	send.buffer.bytes = 131072
	socket.connection.setup.timeout.max.ms = 30000
	socket.connection.setup.timeout.ms = 10000
	ssl.cipher.suites = null
	ssl.enabled.protocols = [TLSv1.2, TLSv1.3]
	ssl.endpoint.identification.algorithm = https
	ssl.engine.factory.class = null
	ssl.key.password = null
	ssl.keymanager.algorithm = SunX509
	ssl.keystore.certificate.chain = null
	ssl.keystore.key = null
	ssl.keystore.location = null
	ssl.keystore.password = null
	ssl.keystore.type = JKS
	ssl.protocol = TLSv1.3
	ssl.provider = null
	ssl.secure.random.implementation = null
	ssl.trustmanager.algorithm = PKIX
	ssl.truststore.certificates = null
	ssl.truststore.location = null
	ssl.truststore.password = null
	ssl.truststore.type = JKS
	transaction.timeout.ms = 60000
	transactional.id = null
	value.serializer = class io.apicurio.registry.serde.avro.AvroKafkaSerializer

2025-08-13 02:22:07,210 INFO  [org.apa.kaf.com.tel.int.KafkaMetricsCollector] (main) initializing Kafka metrics collector
2025-08-13 02:22:07,221 INFO  [org.apa.kaf.cli.pro.KafkaProducer] (main) [Producer clientId=Producer-topic-99dc16f9_99b2_4d2b_8d72_a9f5e3fffb1d] Instantiated an idempotent producer.
2025-08-13 02:22:07,226 INFO  [org.apa.kaf.cli.pro.ProducerConfig] (main) These configurations '[apicurio.registry.url, apicurio.registry.auto-register, apicurio.registry.artifact-resolver-strategy, apicurio.registry.avro-datum-provider]' were supplied but are not used yet.
2025-08-13 02:22:07,226 INFO  [org.apa.kaf.com.uti.AppInfoParser] (main) Kafka version: 3.9.1
2025-08-13 02:22:07,226 INFO  [org.apa.kaf.com.uti.AppInfoParser] (main) Kafka commitId: f745dfdcee2b9851
2025-08-13 02:22:07,226 INFO  [org.apa.kaf.com.uti.AppInfoParser] (main) Kafka startTimeMs: 1755051727226
2025-08-13 02:22:07,227 INFO  [io.api.tes.ser.api.SimpleSerdesTesterBuilder$SimpleSerdesTester] (main) Using producer configuration: {apicurio.registry.url=http://registry-app-ksql043.apps.ci419.apicurio-testing.org:80/apis/registry/v3, apicurio.registry.auto-register=true, apicurio.registry.artifact-resolver-strategy=io.apicurio.registry.serde.strategy.TopicIdStrategy, value.serializer=io.apicurio.registry.serde.avro.AvroKafkaSerializer, request.timeout.ms=5000, acks=all, bootstrap.servers=PLAINTEXT://localhost:32769, connections.max.idle.ms=10000, key.serializer=org.apache.kafka.common.serialization.StringSerializer, apicurio.registry.avro-datum-provider=io.apicurio.registry.serde.avro.ReflectAvroDatumProvider, client.id=Producer-topic-99dc16f9_99b2_4d2b_8d72_a9f5e3fffb1d}
2025-08-13 02:22:07,227 INFO  [io.api.tes.ser.api.SimpleSerdesTesterBuilder$SimpleSerdesTester] (main) Using consumer configuration: {apicurio.registry.avro-datum-provider=io.apicurio.registry.serde.avro.ReflectAvroDatumProvider}
2025-08-13 02:22:07,227 INFO  [io.api.tes.ser.api.KafkaSerdesTester] (Thread-633) Sending message io.apicurio.tests.common.serdes.TestObject@3dbd29cb to topic topic-99dc16f9_99b2_4d2b_8d72_a9f5e3fffb1d
2025-08-13 02:22:07,231 WARN  [org.apa.kaf.cli.NetworkClient] (kafka-producer-network-thread | Producer-topic-99dc16f9_99b2_4d2b_8d72_a9f5e3fffb1d) [Producer clientId=Producer-topic-99dc16f9_99b2_4d2b_8d72_a9f5e3fffb1d] The metadata response from the cluster reported a recoverable issue with correlation id 1 : {topic-99dc16f9_99b2_4d2b_8d72_a9f5e3fffb1d=UNKNOWN_TOPIC_OR_PARTITION}
2025-08-13 02:22:07,231 INFO  [org.apa.kaf.cli.Metadata] (kafka-producer-network-thread | Producer-topic-99dc16f9_99b2_4d2b_8d72_a9f5e3fffb1d) [Producer clientId=Producer-topic-99dc16f9_99b2_4d2b_8d72_a9f5e3fffb1d] Cluster ID: pj3cISz0Q0OVF0qikwHveQ
2025-08-13 02:22:07,232 INFO  [org.apa.kaf.cli.pro.int.TransactionManager] (kafka-producer-network-thread | Producer-topic-99dc16f9_99b2_4d2b_8d72_a9f5e3fffb1d) [Producer clientId=Producer-topic-99dc16f9_99b2_4d2b_8d72_a9f5e3fffb1d] ProducerId set to 6 with epoch 0
2025-08-13 02:22:07,446 INFO  [io.api.tes.ser.api.KafkaSerdesTester] (Thread-633) Sending message io.apicurio.tests.common.serdes.TestObject@3dbd29cb to topic topic-99dc16f9_99b2_4d2b_8d72_a9f5e3fffb1d
2025-08-13 02:22:07,448 INFO  [io.api.tes.ser.api.KafkaSerdesTester] (Thread-633) Sending message io.apicurio.tests.common.serdes.TestObject@3dbd29cb to topic topic-99dc16f9_99b2_4d2b_8d72_a9f5e3fffb1d
2025-08-13 02:22:07,450 INFO  [io.api.tes.ser.api.KafkaSerdesTester] (Thread-633) Sending message io.apicurio.tests.common.serdes.TestObject@3dbd29cb to topic topic-99dc16f9_99b2_4d2b_8d72_a9f5e3fffb1d
2025-08-13 02:22:07,454 INFO  [io.api.tes.ser.api.KafkaSerdesTester] (Thread-633) Sending message io.apicurio.tests.common.serdes.TestObject@3dbd29cb to topic topic-99dc16f9_99b2_4d2b_8d72_a9f5e3fffb1d
2025-08-13 02:22:07,458 INFO  [io.api.tes.ser.api.KafkaSerdesTester] (Thread-633) Sending message io.apicurio.tests.common.serdes.TestObject@3dbd29cb to topic topic-99dc16f9_99b2_4d2b_8d72_a9f5e3fffb1d
2025-08-13 02:22:07,463 INFO  [io.api.tes.ser.api.KafkaSerdesTester] (Thread-633) Sending message io.apicurio.tests.common.serdes.TestObject@3dbd29cb to topic topic-99dc16f9_99b2_4d2b_8d72_a9f5e3fffb1d
2025-08-13 02:22:07,466 INFO  [io.api.tes.ser.api.KafkaSerdesTester] (Thread-633) Sending message io.apicurio.tests.common.serdes.TestObject@3dbd29cb to topic topic-99dc16f9_99b2_4d2b_8d72_a9f5e3fffb1d
2025-08-13 02:22:07,470 INFO  [io.api.tes.ser.api.KafkaSerdesTester] (Thread-633) Sending message io.apicurio.tests.common.serdes.TestObject@3dbd29cb to topic topic-99dc16f9_99b2_4d2b_8d72_a9f5e3fffb1d
2025-08-13 02:22:07,473 INFO  [io.api.tes.ser.api.KafkaSerdesTester] (Thread-633) Sending message io.apicurio.tests.common.serdes.TestObject@3dbd29cb to topic topic-99dc16f9_99b2_4d2b_8d72_a9f5e3fffb1d
2025-08-13 02:22:07,476 INFO  [io.api.tes.ser.api.KafkaSerdesTester] (Thread-633) Produced 10 messages
2025-08-13 02:22:07,476 INFO  [org.apa.kaf.cli.pro.KafkaProducer] (Thread-633) [Producer clientId=Producer-topic-99dc16f9_99b2_4d2b_8d72_a9f5e3fffb1d] Closing the Kafka producer with timeoutMillis = 9223372036854775807 ms.
2025-08-13 02:22:07,480 INFO  [org.apa.kaf.com.met.Metrics] (Thread-633) Metrics scheduler closed
2025-08-13 02:22:07,480 INFO  [org.apa.kaf.com.met.Metrics] (Thread-633) Closing reporter org.apache.kafka.common.metrics.JmxReporter
2025-08-13 02:22:07,480 INFO  [org.apa.kaf.com.met.Metrics] (Thread-633) Closing reporter org.apache.kafka.common.telemetry.internals.ClientTelemetryReporter
2025-08-13 02:22:07,480 INFO  [org.apa.kaf.com.met.Metrics] (Thread-633) Metrics reporters closed
2025-08-13 02:22:07,480 INFO  [org.apa.kaf.com.uti.AppInfoParser] (Thread-633) App info kafka.producer for Producer-topic-99dc16f9_99b2_4d2b_8d72_a9f5e3fffb1d unregistered
**** Registry Base URL: http://registry-app-ksql043.apps.ci419.apicurio-testing.org:80
2025-08-13 02:22:07,505 INFO  [org.apa.kaf.cli.con.ConsumerConfig] (main) ConsumerConfig values: 
	allow.auto.create.topics = true
	auto.commit.interval.ms = 500
	auto.include.jmx.reporter = true
	auto.offset.reset = earliest
	bootstrap.servers = [PLAINTEXT://localhost:32769]
	check.crcs = true
	client.dns.lookup = use_all_dns_ips
	client.id = consumer-Consumer-topic-99dc16f9_99b2_4d2b_8d72_a9f5e3fffb1d-6
	client.rack = 
	connections.max.idle.ms = 10000
	default.api.timeout.ms = 60000
	enable.auto.commit = true
	enable.metrics.push = true
	exclude.internal.topics = true
	fetch.max.bytes = 52428800
	fetch.max.wait.ms = 500
	fetch.min.bytes = 1
	group.id = Consumer-topic-99dc16f9_99b2_4d2b_8d72_a9f5e3fffb1d
	group.instance.id = null
	group.protocol = classic
	group.remote.assignor = null
	heartbeat.interval.ms = 3000
	interceptor.classes = []
	internal.leave.group.on.close = true
	internal.throw.on.fetch.stable.offset.unsupported = false
	isolation.level = read_uncommitted
	key.deserializer = class org.apache.kafka.common.serialization.StringDeserializer
	max.partition.fetch.bytes = 1048576
	max.poll.interval.ms = 300000
	max.poll.records = 500
	metadata.max.age.ms = 300000
	metadata.recovery.strategy = none
	metric.reporters = []
	metrics.num.samples = 2
	metrics.recording.level = INFO
	metrics.sample.window.ms = 30000
	partition.assignment.strategy = [class org.apache.kafka.clients.consumer.RangeAssignor, class org.apache.kafka.clients.consumer.CooperativeStickyAssignor]
	receive.buffer.bytes = 65536
	reconnect.backoff.max.ms = 1000
	reconnect.backoff.ms = 50
	request.timeout.ms = 5000
	retry.backoff.max.ms = 1000
	retry.backoff.ms = 100
	sasl.client.callback.handler.class = null
	sasl.jaas.config = null
	sasl.kerberos.kinit.cmd = /usr/bin/kinit
	sasl.kerberos.min.time.before.relogin = 60000
	sasl.kerberos.service.name = null
	sasl.kerberos.ticket.renew.jitter = 0.05
	sasl.kerberos.ticket.renew.window.factor = 0.8
	sasl.login.callback.handler.class = null
	sasl.login.class = null
	sasl.login.connect.timeout.ms = null
	sasl.login.read.timeout.ms = null
	sasl.login.refresh.buffer.seconds = 300
	sasl.login.refresh.min.period.seconds = 60
	sasl.login.refresh.window.factor = 0.8
	sasl.login.refresh.window.jitter = 0.05
	sasl.login.retry.backoff.max.ms = 10000
	sasl.login.retry.backoff.ms = 100
	sasl.mechanism = GSSAPI
	sasl.oauthbearer.clock.skew.seconds = 30
	sasl.oauthbearer.expected.audience = null
	sasl.oauthbearer.expected.issuer = null
	sasl.oauthbearer.header.urlencode = false
	sasl.oauthbearer.jwks.endpoint.refresh.ms = 3600000
	sasl.oauthbearer.jwks.endpoint.retry.backoff.max.ms = 10000
	sasl.oauthbearer.jwks.endpoint.retry.backoff.ms = 100
	sasl.oauthbearer.jwks.endpoint.url = null
	sasl.oauthbearer.scope.claim.name = scope
	sasl.oauthbearer.sub.claim.name = sub
	sasl.oauthbearer.token.endpoint.url = null
	security.protocol = PLAINTEXT
	security.providers = null
	send.buffer.bytes = 131072
	session.timeout.ms = 45000
	socket.connection.setup.timeout.max.ms = 30000
	socket.connection.setup.timeout.ms = 10000
	ssl.cipher.suites = null
	ssl.enabled.protocols = [TLSv1.2, TLSv1.3]
	ssl.endpoint.identification.algorithm = https
	ssl.engine.factory.class = null
	ssl.key.password = null
	ssl.keymanager.algorithm = SunX509
	ssl.keystore.certificate.chain = null
	ssl.keystore.key = null
	ssl.keystore.location = null
	ssl.keystore.password = null
	ssl.keystore.type = JKS
	ssl.protocol = TLSv1.3
	ssl.provider = null
	ssl.secure.random.implementation = null
	ssl.trustmanager.algorithm = PKIX
	ssl.truststore.certificates = null
	ssl.truststore.location = null
	ssl.truststore.password = null
	ssl.truststore.type = JKS
	value.deserializer = class io.apicurio.registry.serde.avro.AvroKafkaDeserializer

2025-08-13 02:22:07,505 INFO  [org.apa.kaf.com.tel.int.KafkaMetricsCollector] (main) initializing Kafka metrics collector
2025-08-13 02:22:07,533 INFO  [org.apa.kaf.cli.con.ConsumerConfig] (main) These configurations '[apicurio.registry.url, apicurio.registry.avro-datum-provider]' were supplied but are not used yet.
2025-08-13 02:22:07,533 INFO  [org.apa.kaf.com.uti.AppInfoParser] (main) Kafka version: 3.9.1
2025-08-13 02:22:07,533 INFO  [org.apa.kaf.com.uti.AppInfoParser] (main) Kafka commitId: f745dfdcee2b9851
2025-08-13 02:22:07,533 INFO  [org.apa.kaf.com.uti.AppInfoParser] (main) Kafka startTimeMs: 1755051727533
2025-08-13 02:22:07,537 INFO  [org.apa.kaf.cli.con.int.ClassicKafkaConsumer] (Thread-636) [Consumer clientId=consumer-Consumer-topic-99dc16f9_99b2_4d2b_8d72_a9f5e3fffb1d-6, groupId=Consumer-topic-99dc16f9_99b2_4d2b_8d72_a9f5e3fffb1d] Subscribed to topic(s): topic-99dc16f9_99b2_4d2b_8d72_a9f5e3fffb1d
2025-08-13 02:22:07,550 INFO  [org.apa.kaf.cli.Metadata] (Thread-636) [Consumer clientId=consumer-Consumer-topic-99dc16f9_99b2_4d2b_8d72_a9f5e3fffb1d-6, groupId=Consumer-topic-99dc16f9_99b2_4d2b_8d72_a9f5e3fffb1d] Cluster ID: pj3cISz0Q0OVF0qikwHveQ
2025-08-13 02:22:07,551 INFO  [org.apa.kaf.cli.con.int.ConsumerCoordinator] (Thread-636) [Consumer clientId=consumer-Consumer-topic-99dc16f9_99b2_4d2b_8d72_a9f5e3fffb1d-6, groupId=Consumer-topic-99dc16f9_99b2_4d2b_8d72_a9f5e3fffb1d] Discovered group coordinator localhost:32769 (id: 2147483647 rack: null)
2025-08-13 02:22:07,553 INFO  [org.apa.kaf.cli.con.int.ConsumerCoordinator] (Thread-636) [Consumer clientId=consumer-Consumer-topic-99dc16f9_99b2_4d2b_8d72_a9f5e3fffb1d-6, groupId=Consumer-topic-99dc16f9_99b2_4d2b_8d72_a9f5e3fffb1d] (Re-)joining group
2025-08-13 02:22:07,563 INFO  [org.apa.kaf.cli.con.int.ConsumerCoordinator] (Thread-636) [Consumer clientId=consumer-Consumer-topic-99dc16f9_99b2_4d2b_8d72_a9f5e3fffb1d-6, groupId=Consumer-topic-99dc16f9_99b2_4d2b_8d72_a9f5e3fffb1d] Request joining group due to: need to re-join with the given member-id: consumer-Consumer-topic-99dc16f9_99b2_4d2b_8d72_a9f5e3fffb1d-6-3ce8a46a-3f2c-46fe-8a25-642e5b8cd9cb
2025-08-13 02:22:07,563 INFO  [org.apa.kaf.cli.con.int.ConsumerCoordinator] (Thread-636) [Consumer clientId=consumer-Consumer-topic-99dc16f9_99b2_4d2b_8d72_a9f5e3fffb1d-6, groupId=Consumer-topic-99dc16f9_99b2_4d2b_8d72_a9f5e3fffb1d] (Re-)joining group
2025-08-13 02:22:08,538 INFO  [io.api.tes.ser.api.KafkaSerdesTester] (Thread-636) None found
2025-08-13 02:22:09,538 INFO  [io.api.tes.ser.api.KafkaSerdesTester] (Thread-636) None found
2025-08-13 02:22:10,538 INFO  [io.api.tes.ser.api.KafkaSerdesTester] (Thread-636) None found
2025-08-13 02:22:10,565 INFO  [org.apa.kaf.cli.con.int.ConsumerCoordinator] (Thread-636) [Consumer clientId=consumer-Consumer-topic-99dc16f9_99b2_4d2b_8d72_a9f5e3fffb1d-6, groupId=Consumer-topic-99dc16f9_99b2_4d2b_8d72_a9f5e3fffb1d] Successfully joined group with generation Generation{generationId=1, memberId='consumer-Consumer-topic-99dc16f9_99b2_4d2b_8d72_a9f5e3fffb1d-6-3ce8a46a-3f2c-46fe-8a25-642e5b8cd9cb', protocol='range'}
2025-08-13 02:22:10,566 INFO  [org.apa.kaf.cli.con.int.ConsumerCoordinator] (Thread-636) [Consumer clientId=consumer-Consumer-topic-99dc16f9_99b2_4d2b_8d72_a9f5e3fffb1d-6, groupId=Consumer-topic-99dc16f9_99b2_4d2b_8d72_a9f5e3fffb1d] Finished assignment for group at generation 1: {consumer-Consumer-topic-99dc16f9_99b2_4d2b_8d72_a9f5e3fffb1d-6-3ce8a46a-3f2c-46fe-8a25-642e5b8cd9cb=Assignment(partitions=[topic-99dc16f9_99b2_4d2b_8d72_a9f5e3fffb1d-0])}
2025-08-13 02:22:10,573 INFO  [org.apa.kaf.cli.con.int.ConsumerCoordinator] (Thread-636) [Consumer clientId=consumer-Consumer-topic-99dc16f9_99b2_4d2b_8d72_a9f5e3fffb1d-6, groupId=Consumer-topic-99dc16f9_99b2_4d2b_8d72_a9f5e3fffb1d] Successfully synced group in generation Generation{generationId=1, memberId='consumer-Consumer-topic-99dc16f9_99b2_4d2b_8d72_a9f5e3fffb1d-6-3ce8a46a-3f2c-46fe-8a25-642e5b8cd9cb', protocol='range'}
2025-08-13 02:22:10,573 INFO  [org.apa.kaf.cli.con.int.ConsumerCoordinator] (Thread-636) [Consumer clientId=consumer-Consumer-topic-99dc16f9_99b2_4d2b_8d72_a9f5e3fffb1d-6, groupId=Consumer-topic-99dc16f9_99b2_4d2b_8d72_a9f5e3fffb1d] Notifying assignor about the new Assignment(partitions=[topic-99dc16f9_99b2_4d2b_8d72_a9f5e3fffb1d-0])
2025-08-13 02:22:10,573 INFO  [org.apa.kaf.cli.con.int.ConsumerRebalanceListenerInvoker] (Thread-636) [Consumer clientId=consumer-Consumer-topic-99dc16f9_99b2_4d2b_8d72_a9f5e3fffb1d-6, groupId=Consumer-topic-99dc16f9_99b2_4d2b_8d72_a9f5e3fffb1d] Adding newly assigned partitions: topic-99dc16f9_99b2_4d2b_8d72_a9f5e3fffb1d-0
2025-08-13 02:22:10,574 INFO  [org.apa.kaf.cli.con.int.ConsumerCoordinator] (Thread-636) [Consumer clientId=consumer-Consumer-topic-99dc16f9_99b2_4d2b_8d72_a9f5e3fffb1d-6, groupId=Consumer-topic-99dc16f9_99b2_4d2b_8d72_a9f5e3fffb1d] Found no committed offset for partition topic-99dc16f9_99b2_4d2b_8d72_a9f5e3fffb1d-0
2025-08-13 02:22:10,580 INFO  [org.apa.kaf.cli.con.int.SubscriptionState] (Thread-636) [Consumer clientId=consumer-Consumer-topic-99dc16f9_99b2_4d2b_8d72_a9f5e3fffb1d-6, groupId=Consumer-topic-99dc16f9_99b2_4d2b_8d72_a9f5e3fffb1d] Resetting offset for partition topic-99dc16f9_99b2_4d2b_8d72_a9f5e3fffb1d-0 to position FetchPosition{offset=0, offsetEpoch=Optional.empty, currentLeader=LeaderAndEpoch{leader=Optional[localhost:32769 (id: 0 rack: null)], epoch=0}}.
2025-08-13 02:22:10,610 INFO  [io.api.tes.ser.api.KafkaSerdesTester] (Thread-636) topic-99dc16f9_99b2_4d2b_8d72_a9f5e3fffb1d 0 0 io.apicurio.tests.common.serdes.TestObject@3dbd29cb
2025-08-13 02:22:10,610 INFO  [io.api.tes.ser.api.KafkaSerdesTester] (Thread-636) topic-99dc16f9_99b2_4d2b_8d72_a9f5e3fffb1d 0 1 io.apicurio.tests.common.serdes.TestObject@3dbd29cb
2025-08-13 02:22:10,610 INFO  [io.api.tes.ser.api.KafkaSerdesTester] (Thread-636) topic-99dc16f9_99b2_4d2b_8d72_a9f5e3fffb1d 0 2 io.apicurio.tests.common.serdes.TestObject@3dbd29cb
2025-08-13 02:22:10,610 INFO  [io.api.tes.ser.api.KafkaSerdesTester] (Thread-636) topic-99dc16f9_99b2_4d2b_8d72_a9f5e3fffb1d 0 3 io.apicurio.tests.common.serdes.TestObject@3dbd29cb
2025-08-13 02:22:10,610 INFO  [io.api.tes.ser.api.KafkaSerdesTester] (Thread-636) topic-99dc16f9_99b2_4d2b_8d72_a9f5e3fffb1d 0 4 io.apicurio.tests.common.serdes.TestObject@3dbd29cb
2025-08-13 02:22:10,610 INFO  [io.api.tes.ser.api.KafkaSerdesTester] (Thread-636) topic-99dc16f9_99b2_4d2b_8d72_a9f5e3fffb1d 0 5 io.apicurio.tests.common.serdes.TestObject@3dbd29cb
2025-08-13 02:22:10,611 INFO  [io.api.tes.ser.api.KafkaSerdesTester] (Thread-636) topic-99dc16f9_99b2_4d2b_8d72_a9f5e3fffb1d 0 6 io.apicurio.tests.common.serdes.TestObject@3dbd29cb
2025-08-13 02:22:10,611 INFO  [io.api.tes.ser.api.KafkaSerdesTester] (Thread-636) topic-99dc16f9_99b2_4d2b_8d72_a9f5e3fffb1d 0 7 io.apicurio.tests.common.serdes.TestObject@3dbd29cb
2025-08-13 02:22:10,611 INFO  [io.api.tes.ser.api.KafkaSerdesTester] (Thread-636) topic-99dc16f9_99b2_4d2b_8d72_a9f5e3fffb1d 0 8 io.apicurio.tests.common.serdes.TestObject@3dbd29cb
2025-08-13 02:22:10,611 INFO  [io.api.tes.ser.api.KafkaSerdesTester] (Thread-636) topic-99dc16f9_99b2_4d2b_8d72_a9f5e3fffb1d 0 9 io.apicurio.tests.common.serdes.TestObject@3dbd29cb
2025-08-13 02:22:10,612 INFO  [io.api.tes.ser.api.KafkaSerdesTester] (Thread-636) Consumed 10 messages
2025-08-13 02:22:10,619 INFO  [org.apa.kaf.cli.con.int.ConsumerRebalanceListenerInvoker] (Thread-636) [Consumer clientId=consumer-Consumer-topic-99dc16f9_99b2_4d2b_8d72_a9f5e3fffb1d-6, groupId=Consumer-topic-99dc16f9_99b2_4d2b_8d72_a9f5e3fffb1d] Revoke previously assigned partitions topic-99dc16f9_99b2_4d2b_8d72_a9f5e3fffb1d-0
2025-08-13 02:22:10,619 INFO  [org.apa.kaf.cli.con.int.ConsumerCoordinator] (Thread-636) [Consumer clientId=consumer-Consumer-topic-99dc16f9_99b2_4d2b_8d72_a9f5e3fffb1d-6, groupId=Consumer-topic-99dc16f9_99b2_4d2b_8d72_a9f5e3fffb1d] Member consumer-Consumer-topic-99dc16f9_99b2_4d2b_8d72_a9f5e3fffb1d-6-3ce8a46a-3f2c-46fe-8a25-642e5b8cd9cb sending LeaveGroup request to coordinator localhost:32769 (id: 2147483647 rack: null) due to the consumer is being closed
2025-08-13 02:22:10,619 INFO  [org.apa.kaf.cli.con.int.ConsumerCoordinator] (Thread-636) [Consumer clientId=consumer-Consumer-topic-99dc16f9_99b2_4d2b_8d72_a9f5e3fffb1d-6, groupId=Consumer-topic-99dc16f9_99b2_4d2b_8d72_a9f5e3fffb1d] Resetting generation and member id due to: consumer pro-actively leaving the group
2025-08-13 02:22:10,620 INFO  [org.apa.kaf.cli.con.int.ConsumerCoordinator] (Thread-636) [Consumer clientId=consumer-Consumer-topic-99dc16f9_99b2_4d2b_8d72_a9f5e3fffb1d-6, groupId=Consumer-topic-99dc16f9_99b2_4d2b_8d72_a9f5e3fffb1d] Request joining group due to: consumer pro-actively leaving the group
2025-08-13 02:22:11,113 INFO  [org.apa.kaf.com.met.Metrics] (Thread-636) Metrics scheduler closed
2025-08-13 02:22:11,113 INFO  [org.apa.kaf.com.met.Metrics] (Thread-636) Closing reporter org.apache.kafka.common.metrics.JmxReporter
2025-08-13 02:22:11,113 INFO  [org.apa.kaf.com.met.Metrics] (Thread-636) Closing reporter org.apache.kafka.common.telemetry.internals.ClientTelemetryReporter
2025-08-13 02:22:11,113 INFO  [org.apa.kaf.com.met.Metrics] (Thread-636) Metrics reporters closed
2025-08-13 02:22:11,115 INFO  [org.apa.kaf.com.uti.AppInfoParser] (Thread-636) App info kafka.consumer for consumer-Consumer-topic-99dc16f9_99b2_4d2b_8d72_a9f5e3fffb1d-6 unregistered
2025-08-13 02:22:11,116 INFO  [io.api.tes.uti.TestSeparator] (main) io.apicurio.tests.serdes.apicurio.AvroSerdeIT.testReflectAutoRegister-FINISHED
2025-08-13 02:22:11,116 INFO  [io.api.tes.uti.TestSeparator] (main) ############################################################################
Test passed: testReflectAutoRegister
]]></system-out>
  </testcase>
  <testcase name="testArtifactNotFound" classname="io.apicurio.tests.serdes.apicurio.AvroSerdeIT" time="0.176">
    <system-out><![CDATA[2025-08-13 02:22:11,119 INFO  [io.api.tes.uti.TestSeparator] (main) ############################################################################
2025-08-13 02:22:11,119 INFO  [io.api.tes.uti.TestSeparator] (main) io.apicurio.tests.serdes.apicurio.AvroSerdeIT.testArtifactNotFound-STARTED
**** Registry Base URL: http://registry-app-ksql043.apps.ci419.apicurio-testing.org:80
2025-08-13 02:22:11,121 INFO  [org.apa.kaf.cli.pro.ProducerConfig] (main) ProducerConfig values: 
	acks = -1
	auto.include.jmx.reporter = true
	batch.size = 16384
	bootstrap.servers = [PLAINTEXT://localhost:32769]
	buffer.memory = 33554432
	client.dns.lookup = use_all_dns_ips
	client.id = Producer-sfff0e32bx5ceex4241xb7c0x95e101a61ac0
	compression.gzip.level = -1
	compression.lz4.level = 9
	compression.type = none
	compression.zstd.level = 3
	connections.max.idle.ms = 10000
	delivery.timeout.ms = 120000
	enable.idempotence = true
	enable.metrics.push = true
	interceptor.classes = []
	key.serializer = class org.apache.kafka.common.serialization.StringSerializer
	linger.ms = 0
	max.block.ms = 60000
	max.in.flight.requests.per.connection = 5
	max.request.size = 1048576
	metadata.max.age.ms = 300000
	metadata.max.idle.ms = 300000
	metadata.recovery.strategy = none
	metric.reporters = []
	metrics.num.samples = 2
	metrics.recording.level = INFO
	metrics.sample.window.ms = 30000
	partitioner.adaptive.partitioning.enable = true
	partitioner.availability.timeout.ms = 0
	partitioner.class = null
	partitioner.ignore.keys = false
	receive.buffer.bytes = 32768
	reconnect.backoff.max.ms = 1000
	reconnect.backoff.ms = 50
	request.timeout.ms = 5000
	retries = 2147483647
	retry.backoff.max.ms = 1000
	retry.backoff.ms = 100
	sasl.client.callback.handler.class = null
	sasl.jaas.config = null
	sasl.kerberos.kinit.cmd = /usr/bin/kinit
	sasl.kerberos.min.time.before.relogin = 60000
	sasl.kerberos.service.name = null
	sasl.kerberos.ticket.renew.jitter = 0.05
	sasl.kerberos.ticket.renew.window.factor = 0.8
	sasl.login.callback.handler.class = null
	sasl.login.class = null
	sasl.login.connect.timeout.ms = null
	sasl.login.read.timeout.ms = null
	sasl.login.refresh.buffer.seconds = 300
	sasl.login.refresh.min.period.seconds = 60
	sasl.login.refresh.window.factor = 0.8
	sasl.login.refresh.window.jitter = 0.05
	sasl.login.retry.backoff.max.ms = 10000
	sasl.login.retry.backoff.ms = 100
	sasl.mechanism = GSSAPI
	sasl.oauthbearer.clock.skew.seconds = 30
	sasl.oauthbearer.expected.audience = null
	sasl.oauthbearer.expected.issuer = null
	sasl.oauthbearer.header.urlencode = false
	sasl.oauthbearer.jwks.endpoint.refresh.ms = 3600000
	sasl.oauthbearer.jwks.endpoint.retry.backoff.max.ms = 10000
	sasl.oauthbearer.jwks.endpoint.retry.backoff.ms = 100
	sasl.oauthbearer.jwks.endpoint.url = null
	sasl.oauthbearer.scope.claim.name = scope
	sasl.oauthbearer.sub.claim.name = sub
	sasl.oauthbearer.token.endpoint.url = null
	security.protocol = PLAINTEXT
	security.providers = null
	send.buffer.bytes = 131072
	socket.connection.setup.timeout.max.ms = 30000
	socket.connection.setup.timeout.ms = 10000
	ssl.cipher.suites = null
	ssl.enabled.protocols = [TLSv1.2, TLSv1.3]
	ssl.endpoint.identification.algorithm = https
	ssl.engine.factory.class = null
	ssl.key.password = null
	ssl.keymanager.algorithm = SunX509
	ssl.keystore.certificate.chain = null
	ssl.keystore.key = null
	ssl.keystore.location = null
	ssl.keystore.password = null
	ssl.keystore.type = JKS
	ssl.protocol = TLSv1.3
	ssl.provider = null
	ssl.secure.random.implementation = null
	ssl.trustmanager.algorithm = PKIX
	ssl.truststore.certificates = null
	ssl.truststore.location = null
	ssl.truststore.password = null
	ssl.truststore.type = JKS
	transaction.timeout.ms = 60000
	transactional.id = null
	value.serializer = class io.apicurio.registry.serde.avro.AvroKafkaSerializer

2025-08-13 02:22:11,121 INFO  [org.apa.kaf.com.tel.int.KafkaMetricsCollector] (main) initializing Kafka metrics collector
2025-08-13 02:22:11,125 INFO  [org.apa.kaf.cli.pro.KafkaProducer] (main) [Producer clientId=Producer-sfff0e32bx5ceex4241xb7c0x95e101a61ac0] Instantiated an idempotent producer.
2025-08-13 02:22:11,128 INFO  [org.apa.kaf.cli.pro.ProducerConfig] (main) These configurations '[apicurio.registry.url, apicurio.registry.artifact-resolver-strategy]' were supplied but are not used yet.
2025-08-13 02:22:11,128 INFO  [org.apa.kaf.com.uti.AppInfoParser] (main) Kafka version: 3.9.1
2025-08-13 02:22:11,128 INFO  [org.apa.kaf.com.uti.AppInfoParser] (main) Kafka commitId: f745dfdcee2b9851
2025-08-13 02:22:11,130 INFO  [org.apa.kaf.com.uti.AppInfoParser] (main) Kafka startTimeMs: 1755051731128
2025-08-13 02:22:11,131 INFO  [io.api.tes.ser.api.KafkaSerdesTester] (Thread-639) Sending message {"keyB": "value-0"} to topic sfff0e32bx5ceex4241xb7c0x95e101a61ac0
2025-08-13 02:22:11,135 WARN  [org.apa.kaf.cli.NetworkClient] (kafka-producer-network-thread | Producer-sfff0e32bx5ceex4241xb7c0x95e101a61ac0) [Producer clientId=Producer-sfff0e32bx5ceex4241xb7c0x95e101a61ac0] The metadata response from the cluster reported a recoverable issue with correlation id 1 : {sfff0e32bx5ceex4241xb7c0x95e101a61ac0=UNKNOWN_TOPIC_OR_PARTITION}
2025-08-13 02:22:11,136 INFO  [org.apa.kaf.cli.Metadata] (kafka-producer-network-thread | Producer-sfff0e32bx5ceex4241xb7c0x95e101a61ac0) [Producer clientId=Producer-sfff0e32bx5ceex4241xb7c0x95e101a61ac0] Cluster ID: pj3cISz0Q0OVF0qikwHveQ
2025-08-13 02:22:11,137 INFO  [org.apa.kaf.cli.pro.int.TransactionManager] (kafka-producer-network-thread | Producer-sfff0e32bx5ceex4241xb7c0x95e101a61ac0) [Producer clientId=Producer-sfff0e32bx5ceex4241xb7c0x95e101a61ac0] ProducerId set to 7 with epoch 0
2025-08-13 02:22:11,255 INFO  [DefaultSchemaResolver] (Thread-639) Retrieving schema content using string: {"type":"record","name":"myrecord","namespace":"mygroup","fields":[{"name":"keyB","type":"string"}]}
2025-08-13 02:22:11,288 INFO  [org.apa.kaf.cli.pro.KafkaProducer] (Thread-639) [Producer clientId=Producer-sfff0e32bx5ceex4241xb7c0x95e101a61ac0] Closing the Kafka producer with timeoutMillis = 9223372036854775807 ms.
2025-08-13 02:22:11,293 INFO  [org.apa.kaf.com.met.Metrics] (Thread-639) Metrics scheduler closed
2025-08-13 02:22:11,293 INFO  [org.apa.kaf.com.met.Metrics] (Thread-639) Closing reporter org.apache.kafka.common.metrics.JmxReporter
2025-08-13 02:22:11,293 INFO  [org.apa.kaf.com.met.Metrics] (Thread-639) Closing reporter org.apache.kafka.common.telemetry.internals.ClientTelemetryReporter
2025-08-13 02:22:11,293 INFO  [org.apa.kaf.com.met.Metrics] (Thread-639) Metrics reporters closed
2025-08-13 02:22:11,294 INFO  [org.apa.kaf.com.uti.AppInfoParser] (Thread-639) App info kafka.producer for Producer-sfff0e32bx5ceex4241xb7c0x95e101a61ac0 unregistered
2025-08-13 02:22:11,294 INFO  [io.api.tes.uti.TestSeparator] (main) io.apicurio.tests.serdes.apicurio.AvroSerdeIT.testArtifactNotFound-FINISHED
2025-08-13 02:22:11,294 INFO  [io.api.tes.uti.TestSeparator] (main) ############################################################################
Test passed: testArtifactNotFound
]]></system-out>
    <system-err><![CDATA[java.lang.RuntimeException: Could not resolve artifact reference by content: {"type":"record","name":"myrecord","namespace":"mygroup","fields":[{"name":"keyB","type":"string"}]}&ArtifactReference [groupId=default, artifactId=sfff0e32bx5ceex4241xb7c0x95e101a61ac0-value, version=null, globalId=null, contentId=null, contentHash=null]
	at io.apicurio.registry.resolver.DefaultSchemaResolver.lambda$handleResolveSchemaByContent$3(DefaultSchemaResolver.java:265)
	at io.apicurio.registry.resolver.cache.ERCache.lambda$getValue$0(ERCache.java:174)
	at io.apicurio.registry.resolver.cache.ERCache.retry(ERCache.java:227)
	at io.apicurio.registry.resolver.cache.ERCache.getValue(ERCache.java:173)
	at io.apicurio.registry.resolver.cache.ERCache.getByContent(ERCache.java:147)
	at io.apicurio.registry.resolver.DefaultSchemaResolver.handleResolveSchemaByContent(DefaultSchemaResolver.java:253)
	at io.apicurio.registry.resolver.DefaultSchemaResolver.getSchemaFromRegistry(DefaultSchemaResolver.java:138)
	at io.apicurio.registry.resolver.DefaultSchemaResolver.lambda$resolveSchema$0(DefaultSchemaResolver.java:84)
	at java.base/java.util.Optional.orElseGet(Optional.java:364)
	at io.apicurio.registry.resolver.DefaultSchemaResolver.resolveSchema(DefaultSchemaResolver.java:84)
	at io.apicurio.registry.serde.AbstractSerializer.serializeData(AbstractSerializer.java:62)
	at io.apicurio.registry.serde.KafkaSerializer.serialize(KafkaSerializer.java:77)
	at org.apache.kafka.clients.producer.KafkaProducer.doSend(KafkaProducer.java:1046)
	at org.apache.kafka.clients.producer.KafkaProducer.send(KafkaProducer.java:993)
	at org.apache.kafka.clients.producer.KafkaProducer.send(KafkaProducer.java:875)
	at io.apicurio.tests.serdes.apicurio.KafkaSerdesTester.lambda$produceMessages$3(KafkaSerdesTester.java:138)
	at java.base/java.util.concurrent.CompletableFuture$AsyncSupply.run(CompletableFuture.java:1768)
	at java.base/java.lang.Thread.run(Thread.java:840)
]]></system-err>
  </testcase>
  <testcase name="testAvroSerDesFailDifferentSchemaByRecordName" classname="io.apicurio.tests.serdes.apicurio.AvroSerdeIT" time="1.127">
    <system-out><![CDATA[2025-08-13 02:22:11,295 INFO  [io.api.tes.uti.TestSeparator] (main) ############################################################################
2025-08-13 02:22:11,299 INFO  [io.api.tes.uti.TestSeparator] (main) io.apicurio.tests.serdes.apicurio.AvroSerdeIT.testAvroSerDesFailDifferentSchemaByRecordName-STARTED
**** Registry Base URL: http://registry-app-ksql043.apps.ci419.apicurio-testing.org:80
2025-08-13 02:22:12,375 INFO  [org.apa.kaf.cli.pro.ProducerConfig] (main) ProducerConfig values: 
	acks = -1
	auto.include.jmx.reporter = true
	batch.size = 16384
	bootstrap.servers = [PLAINTEXT://localhost:32769]
	buffer.memory = 33554432
	client.dns.lookup = use_all_dns_ips
	client.id = Producer-topic-94dd3122_532b_4b4f_a10a_aa76ff39822d
	compression.gzip.level = -1
	compression.lz4.level = 9
	compression.type = none
	compression.zstd.level = 3
	connections.max.idle.ms = 10000
	delivery.timeout.ms = 120000
	enable.idempotence = true
	enable.metrics.push = true
	interceptor.classes = []
	key.serializer = class org.apache.kafka.common.serialization.StringSerializer
	linger.ms = 0
	max.block.ms = 60000
	max.in.flight.requests.per.connection = 5
	max.request.size = 1048576
	metadata.max.age.ms = 300000
	metadata.max.idle.ms = 300000
	metadata.recovery.strategy = none
	metric.reporters = []
	metrics.num.samples = 2
	metrics.recording.level = INFO
	metrics.sample.window.ms = 30000
	partitioner.adaptive.partitioning.enable = true
	partitioner.availability.timeout.ms = 0
	partitioner.class = null
	partitioner.ignore.keys = false
	receive.buffer.bytes = 32768
	reconnect.backoff.max.ms = 1000
	reconnect.backoff.ms = 50
	request.timeout.ms = 5000
	retries = 2147483647
	retry.backoff.max.ms = 1000
	retry.backoff.ms = 100
	sasl.client.callback.handler.class = null
	sasl.jaas.config = null
	sasl.kerberos.kinit.cmd = /usr/bin/kinit
	sasl.kerberos.min.time.before.relogin = 60000
	sasl.kerberos.service.name = null
	sasl.kerberos.ticket.renew.jitter = 0.05
	sasl.kerberos.ticket.renew.window.factor = 0.8
	sasl.login.callback.handler.class = null
	sasl.login.class = null
	sasl.login.connect.timeout.ms = null
	sasl.login.read.timeout.ms = null
	sasl.login.refresh.buffer.seconds = 300
	sasl.login.refresh.min.period.seconds = 60
	sasl.login.refresh.window.factor = 0.8
	sasl.login.refresh.window.jitter = 0.05
	sasl.login.retry.backoff.max.ms = 10000
	sasl.login.retry.backoff.ms = 100
	sasl.mechanism = GSSAPI
	sasl.oauthbearer.clock.skew.seconds = 30
	sasl.oauthbearer.expected.audience = null
	sasl.oauthbearer.expected.issuer = null
	sasl.oauthbearer.header.urlencode = false
	sasl.oauthbearer.jwks.endpoint.refresh.ms = 3600000
	sasl.oauthbearer.jwks.endpoint.retry.backoff.max.ms = 10000
	sasl.oauthbearer.jwks.endpoint.retry.backoff.ms = 100
	sasl.oauthbearer.jwks.endpoint.url = null
	sasl.oauthbearer.scope.claim.name = scope
	sasl.oauthbearer.sub.claim.name = sub
	sasl.oauthbearer.token.endpoint.url = null
	security.protocol = PLAINTEXT
	security.providers = null
	send.buffer.bytes = 131072
	socket.connection.setup.timeout.max.ms = 30000
	socket.connection.setup.timeout.ms = 10000
	ssl.cipher.suites = null
	ssl.enabled.protocols = [TLSv1.2, TLSv1.3]
	ssl.endpoint.identification.algorithm = https
	ssl.engine.factory.class = null
	ssl.key.password = null
	ssl.keymanager.algorithm = SunX509
	ssl.keystore.certificate.chain = null
	ssl.keystore.key = null
	ssl.keystore.location = null
	ssl.keystore.password = null
	ssl.keystore.type = JKS
	ssl.protocol = TLSv1.3
	ssl.provider = null
	ssl.secure.random.implementation = null
	ssl.trustmanager.algorithm = PKIX
	ssl.truststore.certificates = null
	ssl.truststore.location = null
	ssl.truststore.password = null
	ssl.truststore.type = JKS
	transaction.timeout.ms = 60000
	transactional.id = null
	value.serializer = class io.apicurio.registry.serde.avro.AvroKafkaSerializer

2025-08-13 02:22:12,376 INFO  [org.apa.kaf.com.tel.int.KafkaMetricsCollector] (main) initializing Kafka metrics collector
2025-08-13 02:22:12,379 INFO  [org.apa.kaf.cli.pro.KafkaProducer] (main) [Producer clientId=Producer-topic-94dd3122_532b_4b4f_a10a_aa76ff39822d] Instantiated an idempotent producer.
2025-08-13 02:22:12,393 INFO  [org.apa.kaf.cli.pro.ProducerConfig] (main) These configurations '[apicurio.registry.find-latest, apicurio.registry.url, apicurio.registry.artifact-resolver-strategy]' were supplied but are not used yet.
2025-08-13 02:22:12,393 INFO  [org.apa.kaf.com.uti.AppInfoParser] (main) Kafka version: 3.9.1
2025-08-13 02:22:12,393 INFO  [org.apa.kaf.com.uti.AppInfoParser] (main) Kafka commitId: f745dfdcee2b9851
2025-08-13 02:22:12,393 INFO  [org.apa.kaf.com.uti.AppInfoParser] (main) Kafka startTimeMs: 1755051732393
2025-08-13 02:22:12,394 INFO  [io.api.tes.ser.api.KafkaSerdesTester] (Thread-642) Sending message {"keyB": "value-0"} to topic topic-94dd3122_532b_4b4f_a10a_aa76ff39822d
2025-08-13 02:22:12,399 INFO  [org.apa.kaf.cli.Metadata] (kafka-producer-network-thread | Producer-topic-94dd3122_532b_4b4f_a10a_aa76ff39822d) [Producer clientId=Producer-topic-94dd3122_532b_4b4f_a10a_aa76ff39822d] Cluster ID: pj3cISz0Q0OVF0qikwHveQ
2025-08-13 02:22:12,402 INFO  [org.apa.kaf.cli.pro.int.TransactionManager] (kafka-producer-network-thread | Producer-topic-94dd3122_532b_4b4f_a10a_aa76ff39822d) [Producer clientId=Producer-topic-94dd3122_532b_4b4f_a10a_aa76ff39822d] ProducerId set to 8 with epoch 0
2025-08-13 02:22:12,419 INFO  [org.apa.kaf.cli.pro.KafkaProducer] (Thread-642) [Producer clientId=Producer-topic-94dd3122_532b_4b4f_a10a_aa76ff39822d] Closing the Kafka producer with timeoutMillis = 9223372036854775807 ms.
2025-08-13 02:22:12,421 INFO  [org.apa.kaf.com.met.Metrics] (Thread-642) Metrics scheduler closed
2025-08-13 02:22:12,421 INFO  [org.apa.kaf.com.met.Metrics] (Thread-642) Closing reporter org.apache.kafka.common.metrics.JmxReporter
2025-08-13 02:22:12,421 INFO  [org.apa.kaf.com.met.Metrics] (Thread-642) Closing reporter org.apache.kafka.common.telemetry.internals.ClientTelemetryReporter
2025-08-13 02:22:12,422 INFO  [org.apa.kaf.com.met.Metrics] (Thread-642) Metrics reporters closed
2025-08-13 02:22:12,422 INFO  [org.apa.kaf.com.uti.AppInfoParser] (Thread-642) App info kafka.producer for Producer-topic-94dd3122_532b_4b4f_a10a_aa76ff39822d unregistered
2025-08-13 02:22:12,422 INFO  [io.api.tes.uti.TestSeparator] (main) io.apicurio.tests.serdes.apicurio.AvroSerdeIT.testAvroSerDesFailDifferentSchemaByRecordName-FINISHED
2025-08-13 02:22:12,422 INFO  [io.api.tes.uti.TestSeparator] (main) ############################################################################
Test passed: testAvroSerDesFailDifferentSchemaByRecordName
]]></system-out>
    <system-err><![CDATA[io.apicurio.registry.rest.client.models.ProblemDetails
	at io.apicurio.registry.rest.client.models.ProblemDetails.createFromDiscriminatorValue(ProblemDetails.java:58)
	at io.kiota.serialization.json.JsonParseNode.getObjectValue(JsonParseNode.java:247)
	at io.kiota.http.vertx.VertXRequestAdapter.lambda$throwIfFailedResponse$0(VertXRequestAdapter.java:400)
	at com.microsoft.kiota.ApiExceptionBuilder.<init>(ApiExceptionBuilder.java:26)
	at io.kiota.http.vertx.VertXRequestAdapter.throwIfFailedResponse(VertXRequestAdapter.java:399)
	at io.kiota.http.vertx.VertXRequestAdapter.send(VertXRequestAdapter.java:170)
	at io.apicurio.registry.rest.client.groups.item.artifacts.item.versions.item.WithVersionExpressionItemRequestBuilder.get(WithVersionExpressionItemRequestBuilder.java:128)
	at io.apicurio.registry.rest.client.groups.item.artifacts.item.versions.item.WithVersionExpressionItemRequestBuilder.get(WithVersionExpressionItemRequestBuilder.java:111)
	at io.apicurio.registry.resolver.client.RegistryClientFacadeImpl.getVersionCoordinatesByGAV(RegistryClientFacadeImpl.java:159)
	at io.apicurio.registry.resolver.DefaultSchemaResolver.resolveByCoordinates(DefaultSchemaResolver.java:352)
	at io.apicurio.registry.resolver.DefaultSchemaResolver.lambda$resolveSchemaByArtifactReferenceCached$6(DefaultSchemaResolver.java:340)
	at io.apicurio.registry.resolver.cache.ERCache.lambda$getValue$0(ERCache.java:174)
	at io.apicurio.registry.resolver.cache.ERCache.retry(ERCache.java:227)
	at io.apicurio.registry.resolver.cache.ERCache.getValue(ERCache.java:173)
	at io.apicurio.registry.resolver.cache.ERCache.getByArtifactCoordinates(ERCache.java:158)
	at io.apicurio.registry.resolver.DefaultSchemaResolver.resolveSchemaByArtifactReferenceCached(DefaultSchemaResolver.java:338)
	at io.apicurio.registry.resolver.DefaultSchemaResolver.resolveSchemaByCoordinates(DefaultSchemaResolver.java:193)
	at io.apicurio.registry.resolver.DefaultSchemaResolver.getSchemaFromRegistry(DefaultSchemaResolver.java:130)
	at io.apicurio.registry.resolver.DefaultSchemaResolver.lambda$resolveSchema$0(DefaultSchemaResolver.java:84)
	at java.base/java.util.Optional.orElseGet(Optional.java:364)
	at io.apicurio.registry.resolver.DefaultSchemaResolver.resolveSchema(DefaultSchemaResolver.java:84)
	at io.apicurio.registry.serde.AbstractSerializer.serializeData(AbstractSerializer.java:62)
	at io.apicurio.registry.serde.KafkaSerializer.serialize(KafkaSerializer.java:77)
	at org.apache.kafka.clients.producer.KafkaProducer.doSend(KafkaProducer.java:1046)
	at org.apache.kafka.clients.producer.KafkaProducer.send(KafkaProducer.java:993)
	at org.apache.kafka.clients.producer.KafkaProducer.send(KafkaProducer.java:875)
	at io.apicurio.tests.serdes.apicurio.KafkaSerdesTester.lambda$produceMessages$3(KafkaSerdesTester.java:138)
	at java.base/java.util.concurrent.CompletableFuture$AsyncSupply.run(CompletableFuture.java:1768)
	at java.base/java.lang.Thread.run(Thread.java:840)
]]></system-err>
  </testcase>
  <testcase name="testTopicIdStrategyFindLatest" classname="io.apicurio.tests.serdes.apicurio.AvroSerdeIT" time="4.733">
    <system-out><![CDATA[2025-08-13 02:22:12,424 INFO  [io.api.tes.uti.TestSeparator] (main) ############################################################################
2025-08-13 02:22:12,426 INFO  [io.api.tes.uti.TestSeparator] (main) io.apicurio.tests.serdes.apicurio.AvroSerdeIT.testTopicIdStrategyFindLatest-STARTED
2025-08-13 02:22:12,426 INFO  [io.api.tes.ser.api.AvroSerdeIT] (main) Registering Avro Schema: {"type":"record","name":"myrecordapicurio1","fields":[{"name":"key11755051732426","type":"string"}]}
**** Registry Base URL: http://registry-app-ksql043.apps.ci419.apicurio-testing.org:80
2025-08-13 02:22:13,492 INFO  [org.apa.kaf.cli.pro.ProducerConfig] (main) ProducerConfig values: 
	acks = -1
	auto.include.jmx.reporter = true
	batch.size = 16384
	bootstrap.servers = [PLAINTEXT://localhost:32769]
	buffer.memory = 33554432
	client.dns.lookup = use_all_dns_ips
	client.id = Producer-topic-ba8cdee6_6243_4992_ab44_d7c9fdb37e6e
	compression.gzip.level = -1
	compression.lz4.level = 9
	compression.type = none
	compression.zstd.level = 3
	connections.max.idle.ms = 10000
	delivery.timeout.ms = 120000
	enable.idempotence = true
	enable.metrics.push = true
	interceptor.classes = []
	key.serializer = class org.apache.kafka.common.serialization.StringSerializer
	linger.ms = 0
	max.block.ms = 60000
	max.in.flight.requests.per.connection = 5
	max.request.size = 1048576
	metadata.max.age.ms = 300000
	metadata.max.idle.ms = 300000
	metadata.recovery.strategy = none
	metric.reporters = []
	metrics.num.samples = 2
	metrics.recording.level = INFO
	metrics.sample.window.ms = 30000
	partitioner.adaptive.partitioning.enable = true
	partitioner.availability.timeout.ms = 0
	partitioner.class = null
	partitioner.ignore.keys = false
	receive.buffer.bytes = 32768
	reconnect.backoff.max.ms = 1000
	reconnect.backoff.ms = 50
	request.timeout.ms = 5000
	retries = 2147483647
	retry.backoff.max.ms = 1000
	retry.backoff.ms = 100
	sasl.client.callback.handler.class = null
	sasl.jaas.config = null
	sasl.kerberos.kinit.cmd = /usr/bin/kinit
	sasl.kerberos.min.time.before.relogin = 60000
	sasl.kerberos.service.name = null
	sasl.kerberos.ticket.renew.jitter = 0.05
	sasl.kerberos.ticket.renew.window.factor = 0.8
	sasl.login.callback.handler.class = null
	sasl.login.class = null
	sasl.login.connect.timeout.ms = null
	sasl.login.read.timeout.ms = null
	sasl.login.refresh.buffer.seconds = 300
	sasl.login.refresh.min.period.seconds = 60
	sasl.login.refresh.window.factor = 0.8
	sasl.login.refresh.window.jitter = 0.05
	sasl.login.retry.backoff.max.ms = 10000
	sasl.login.retry.backoff.ms = 100
	sasl.mechanism = GSSAPI
	sasl.oauthbearer.clock.skew.seconds = 30
	sasl.oauthbearer.expected.audience = null
	sasl.oauthbearer.expected.issuer = null
	sasl.oauthbearer.header.urlencode = false
	sasl.oauthbearer.jwks.endpoint.refresh.ms = 3600000
	sasl.oauthbearer.jwks.endpoint.retry.backoff.max.ms = 10000
	sasl.oauthbearer.jwks.endpoint.retry.backoff.ms = 100
	sasl.oauthbearer.jwks.endpoint.url = null
	sasl.oauthbearer.scope.claim.name = scope
	sasl.oauthbearer.sub.claim.name = sub
	sasl.oauthbearer.token.endpoint.url = null
	security.protocol = PLAINTEXT
	security.providers = null
	send.buffer.bytes = 131072
	socket.connection.setup.timeout.max.ms = 30000
	socket.connection.setup.timeout.ms = 10000
	ssl.cipher.suites = null
	ssl.enabled.protocols = [TLSv1.2, TLSv1.3]
	ssl.endpoint.identification.algorithm = https
	ssl.engine.factory.class = null
	ssl.key.password = null
	ssl.keymanager.algorithm = SunX509
	ssl.keystore.certificate.chain = null
	ssl.keystore.key = null
	ssl.keystore.location = null
	ssl.keystore.password = null
	ssl.keystore.type = JKS
	ssl.protocol = TLSv1.3
	ssl.provider = null
	ssl.secure.random.implementation = null
	ssl.trustmanager.algorithm = PKIX
	ssl.truststore.certificates = null
	ssl.truststore.location = null
	ssl.truststore.password = null
	ssl.truststore.type = JKS
	transaction.timeout.ms = 60000
	transactional.id = null
	value.serializer = class io.apicurio.registry.serde.avro.AvroKafkaSerializer

2025-08-13 02:22:13,493 INFO  [org.apa.kaf.com.tel.int.KafkaMetricsCollector] (main) initializing Kafka metrics collector
2025-08-13 02:22:13,496 INFO  [org.apa.kaf.cli.pro.KafkaProducer] (main) [Producer clientId=Producer-topic-ba8cdee6_6243_4992_ab44_d7c9fdb37e6e] Instantiated an idempotent producer.
2025-08-13 02:22:13,499 INFO  [org.apa.kaf.cli.pro.ProducerConfig] (main) These configurations '[apicurio.registry.find-latest, apicurio.registry.url, apicurio.registry.artifact-resolver-strategy]' were supplied but are not used yet.
2025-08-13 02:22:13,499 INFO  [org.apa.kaf.com.uti.AppInfoParser] (main) Kafka version: 3.9.1
2025-08-13 02:22:13,499 INFO  [org.apa.kaf.com.uti.AppInfoParser] (main) Kafka commitId: f745dfdcee2b9851
2025-08-13 02:22:13,499 INFO  [org.apa.kaf.com.uti.AppInfoParser] (main) Kafka startTimeMs: 1755051733499
2025-08-13 02:22:13,499 INFO  [io.api.tes.ser.api.SimpleSerdesTesterBuilder$SimpleSerdesTester] (main) Using producer configuration: {apicurio.registry.find-latest=true, apicurio.registry.url=http://registry-app-ksql043.apps.ci419.apicurio-testing.org:80/apis/registry/v3, apicurio.registry.artifact-resolver-strategy=io.apicurio.registry.serde.strategy.TopicIdStrategy, value.serializer=io.apicurio.registry.serde.avro.AvroKafkaSerializer, request.timeout.ms=5000, acks=all, bootstrap.servers=PLAINTEXT://localhost:32769, connections.max.idle.ms=10000, key.serializer=org.apache.kafka.common.serialization.StringSerializer, client.id=Producer-topic-ba8cdee6_6243_4992_ab44_d7c9fdb37e6e}
2025-08-13 02:22:13,499 INFO  [io.api.tes.ser.api.SimpleSerdesTesterBuilder$SimpleSerdesTester] (main) Using consumer configuration: {}
2025-08-13 02:22:13,501 INFO  [io.api.tes.ser.api.KafkaSerdesTester] (Thread-645) Sending message {"key11755051732426": "value-0"} to topic topic-ba8cdee6_6243_4992_ab44_d7c9fdb37e6e
2025-08-13 02:22:13,508 INFO  [org.apa.kaf.cli.Metadata] (kafka-producer-network-thread | Producer-topic-ba8cdee6_6243_4992_ab44_d7c9fdb37e6e) [Producer clientId=Producer-topic-ba8cdee6_6243_4992_ab44_d7c9fdb37e6e] Cluster ID: pj3cISz0Q0OVF0qikwHveQ
2025-08-13 02:22:13,511 INFO  [org.apa.kaf.cli.pro.int.TransactionManager] (kafka-producer-network-thread | Producer-topic-ba8cdee6_6243_4992_ab44_d7c9fdb37e6e) [Producer clientId=Producer-topic-ba8cdee6_6243_4992_ab44_d7c9fdb37e6e] ProducerId set to 9 with epoch 0
2025-08-13 02:22:13,550 INFO  [io.api.tes.ser.api.KafkaSerdesTester] (Thread-645) Sending message {"key11755051732426": "value-1"} to topic topic-ba8cdee6_6243_4992_ab44_d7c9fdb37e6e
2025-08-13 02:22:13,553 INFO  [io.api.tes.ser.api.KafkaSerdesTester] (Thread-645) Sending message {"key11755051732426": "value-2"} to topic topic-ba8cdee6_6243_4992_ab44_d7c9fdb37e6e
2025-08-13 02:22:13,558 INFO  [io.api.tes.ser.api.KafkaSerdesTester] (Thread-645) Sending message {"key11755051732426": "value-3"} to topic topic-ba8cdee6_6243_4992_ab44_d7c9fdb37e6e
2025-08-13 02:22:13,560 INFO  [io.api.tes.ser.api.KafkaSerdesTester] (Thread-645) Sending message {"key11755051732426": "value-4"} to topic topic-ba8cdee6_6243_4992_ab44_d7c9fdb37e6e
2025-08-13 02:22:13,562 INFO  [io.api.tes.ser.api.KafkaSerdesTester] (Thread-645) Sending message {"key11755051732426": "value-5"} to topic topic-ba8cdee6_6243_4992_ab44_d7c9fdb37e6e
2025-08-13 02:22:13,565 INFO  [io.api.tes.ser.api.KafkaSerdesTester] (Thread-645) Sending message {"key11755051732426": "value-6"} to topic topic-ba8cdee6_6243_4992_ab44_d7c9fdb37e6e
2025-08-13 02:22:13,566 INFO  [io.api.tes.ser.api.KafkaSerdesTester] (Thread-645) Sending message {"key11755051732426": "value-7"} to topic topic-ba8cdee6_6243_4992_ab44_d7c9fdb37e6e
2025-08-13 02:22:13,569 INFO  [io.api.tes.ser.api.KafkaSerdesTester] (Thread-645) Sending message {"key11755051732426": "value-8"} to topic topic-ba8cdee6_6243_4992_ab44_d7c9fdb37e6e
2025-08-13 02:22:13,570 INFO  [io.api.tes.ser.api.KafkaSerdesTester] (Thread-645) Sending message {"key11755051732426": "value-9"} to topic topic-ba8cdee6_6243_4992_ab44_d7c9fdb37e6e
2025-08-13 02:22:13,572 INFO  [io.api.tes.ser.api.KafkaSerdesTester] (Thread-645) Produced 10 messages
2025-08-13 02:22:13,572 INFO  [org.apa.kaf.cli.pro.KafkaProducer] (Thread-645) [Producer clientId=Producer-topic-ba8cdee6_6243_4992_ab44_d7c9fdb37e6e] Closing the Kafka producer with timeoutMillis = 9223372036854775807 ms.
2025-08-13 02:22:13,575 INFO  [org.apa.kaf.com.met.Metrics] (Thread-645) Metrics scheduler closed
2025-08-13 02:22:13,575 INFO  [org.apa.kaf.com.met.Metrics] (Thread-645) Closing reporter org.apache.kafka.common.metrics.JmxReporter
2025-08-13 02:22:13,575 INFO  [org.apa.kaf.com.met.Metrics] (Thread-645) Closing reporter org.apache.kafka.common.telemetry.internals.ClientTelemetryReporter
2025-08-13 02:22:13,575 INFO  [org.apa.kaf.com.met.Metrics] (Thread-645) Metrics reporters closed
2025-08-13 02:22:13,575 INFO  [org.apa.kaf.com.uti.AppInfoParser] (Thread-645) App info kafka.producer for Producer-topic-ba8cdee6_6243_4992_ab44_d7c9fdb37e6e unregistered
**** Registry Base URL: http://registry-app-ksql043.apps.ci419.apicurio-testing.org:80
2025-08-13 02:22:13,576 INFO  [org.apa.kaf.cli.con.ConsumerConfig] (main) ConsumerConfig values: 
	allow.auto.create.topics = true
	auto.commit.interval.ms = 500
	auto.include.jmx.reporter = true
	auto.offset.reset = earliest
	bootstrap.servers = [PLAINTEXT://localhost:32769]
	check.crcs = true
	client.dns.lookup = use_all_dns_ips
	client.id = consumer-Consumer-topic-ba8cdee6_6243_4992_ab44_d7c9fdb37e6e-7
	client.rack = 
	connections.max.idle.ms = 10000
	default.api.timeout.ms = 60000
	enable.auto.commit = true
	enable.metrics.push = true
	exclude.internal.topics = true
	fetch.max.bytes = 52428800
	fetch.max.wait.ms = 500
	fetch.min.bytes = 1
	group.id = Consumer-topic-ba8cdee6_6243_4992_ab44_d7c9fdb37e6e
	group.instance.id = null
	group.protocol = classic
	group.remote.assignor = null
	heartbeat.interval.ms = 3000
	interceptor.classes = []
	internal.leave.group.on.close = true
	internal.throw.on.fetch.stable.offset.unsupported = false
	isolation.level = read_uncommitted
	key.deserializer = class org.apache.kafka.common.serialization.StringDeserializer
	max.partition.fetch.bytes = 1048576
	max.poll.interval.ms = 300000
	max.poll.records = 500
	metadata.max.age.ms = 300000
	metadata.recovery.strategy = none
	metric.reporters = []
	metrics.num.samples = 2
	metrics.recording.level = INFO
	metrics.sample.window.ms = 30000
	partition.assignment.strategy = [class org.apache.kafka.clients.consumer.RangeAssignor, class org.apache.kafka.clients.consumer.CooperativeStickyAssignor]
	receive.buffer.bytes = 65536
	reconnect.backoff.max.ms = 1000
	reconnect.backoff.ms = 50
	request.timeout.ms = 5000
	retry.backoff.max.ms = 1000
	retry.backoff.ms = 100
	sasl.client.callback.handler.class = null
	sasl.jaas.config = null
	sasl.kerberos.kinit.cmd = /usr/bin/kinit
	sasl.kerberos.min.time.before.relogin = 60000
	sasl.kerberos.service.name = null
	sasl.kerberos.ticket.renew.jitter = 0.05
	sasl.kerberos.ticket.renew.window.factor = 0.8
	sasl.login.callback.handler.class = null
	sasl.login.class = null
	sasl.login.connect.timeout.ms = null
	sasl.login.read.timeout.ms = null
	sasl.login.refresh.buffer.seconds = 300
	sasl.login.refresh.min.period.seconds = 60
	sasl.login.refresh.window.factor = 0.8
	sasl.login.refresh.window.jitter = 0.05
	sasl.login.retry.backoff.max.ms = 10000
	sasl.login.retry.backoff.ms = 100
	sasl.mechanism = GSSAPI
	sasl.oauthbearer.clock.skew.seconds = 30
	sasl.oauthbearer.expected.audience = null
	sasl.oauthbearer.expected.issuer = null
	sasl.oauthbearer.header.urlencode = false
	sasl.oauthbearer.jwks.endpoint.refresh.ms = 3600000
	sasl.oauthbearer.jwks.endpoint.retry.backoff.max.ms = 10000
	sasl.oauthbearer.jwks.endpoint.retry.backoff.ms = 100
	sasl.oauthbearer.jwks.endpoint.url = null
	sasl.oauthbearer.scope.claim.name = scope
	sasl.oauthbearer.sub.claim.name = sub
	sasl.oauthbearer.token.endpoint.url = null
	security.protocol = PLAINTEXT
	security.providers = null
	send.buffer.bytes = 131072
	session.timeout.ms = 45000
	socket.connection.setup.timeout.max.ms = 30000
	socket.connection.setup.timeout.ms = 10000
	ssl.cipher.suites = null
	ssl.enabled.protocols = [TLSv1.2, TLSv1.3]
	ssl.endpoint.identification.algorithm = https
	ssl.engine.factory.class = null
	ssl.key.password = null
	ssl.keymanager.algorithm = SunX509
	ssl.keystore.certificate.chain = null
	ssl.keystore.key = null
	ssl.keystore.location = null
	ssl.keystore.password = null
	ssl.keystore.type = JKS
	ssl.protocol = TLSv1.3
	ssl.provider = null
	ssl.secure.random.implementation = null
	ssl.trustmanager.algorithm = PKIX
	ssl.truststore.certificates = null
	ssl.truststore.location = null
	ssl.truststore.password = null
	ssl.truststore.type = JKS
	value.deserializer = class io.apicurio.registry.serde.avro.AvroKafkaDeserializer

2025-08-13 02:22:13,576 INFO  [org.apa.kaf.com.tel.int.KafkaMetricsCollector] (main) initializing Kafka metrics collector
2025-08-13 02:22:13,585 INFO  [org.apa.kaf.cli.con.ConsumerConfig] (main) These configurations '[apicurio.registry.url]' were supplied but are not used yet.
2025-08-13 02:22:13,585 INFO  [org.apa.kaf.com.uti.AppInfoParser] (main) Kafka version: 3.9.1
2025-08-13 02:22:13,585 INFO  [org.apa.kaf.com.uti.AppInfoParser] (main) Kafka commitId: f745dfdcee2b9851
2025-08-13 02:22:13,585 INFO  [org.apa.kaf.com.uti.AppInfoParser] (main) Kafka startTimeMs: 1755051733585
2025-08-13 02:22:13,585 INFO  [org.apa.kaf.cli.con.int.ClassicKafkaConsumer] (Thread-648) [Consumer clientId=consumer-Consumer-topic-ba8cdee6_6243_4992_ab44_d7c9fdb37e6e-7, groupId=Consumer-topic-ba8cdee6_6243_4992_ab44_d7c9fdb37e6e] Subscribed to topic(s): topic-ba8cdee6_6243_4992_ab44_d7c9fdb37e6e
2025-08-13 02:22:13,592 INFO  [org.apa.kaf.cli.Metadata] (Thread-648) [Consumer clientId=consumer-Consumer-topic-ba8cdee6_6243_4992_ab44_d7c9fdb37e6e-7, groupId=Consumer-topic-ba8cdee6_6243_4992_ab44_d7c9fdb37e6e] Cluster ID: pj3cISz0Q0OVF0qikwHveQ
2025-08-13 02:22:13,593 INFO  [org.apa.kaf.cli.con.int.ConsumerCoordinator] (Thread-648) [Consumer clientId=consumer-Consumer-topic-ba8cdee6_6243_4992_ab44_d7c9fdb37e6e-7, groupId=Consumer-topic-ba8cdee6_6243_4992_ab44_d7c9fdb37e6e] Discovered group coordinator localhost:32769 (id: 2147483647 rack: null)
2025-08-13 02:22:13,595 INFO  [org.apa.kaf.cli.con.int.ConsumerCoordinator] (Thread-648) [Consumer clientId=consumer-Consumer-topic-ba8cdee6_6243_4992_ab44_d7c9fdb37e6e-7, groupId=Consumer-topic-ba8cdee6_6243_4992_ab44_d7c9fdb37e6e] (Re-)joining group
2025-08-13 02:22:13,598 INFO  [org.apa.kaf.cli.con.int.ConsumerCoordinator] (Thread-648) [Consumer clientId=consumer-Consumer-topic-ba8cdee6_6243_4992_ab44_d7c9fdb37e6e-7, groupId=Consumer-topic-ba8cdee6_6243_4992_ab44_d7c9fdb37e6e] Request joining group due to: need to re-join with the given member-id: consumer-Consumer-topic-ba8cdee6_6243_4992_ab44_d7c9fdb37e6e-7-db4c84f3-82fc-47e8-bef9-c47ae7e1c5b3
2025-08-13 02:22:13,598 INFO  [org.apa.kaf.cli.con.int.ConsumerCoordinator] (Thread-648) [Consumer clientId=consumer-Consumer-topic-ba8cdee6_6243_4992_ab44_d7c9fdb37e6e-7, groupId=Consumer-topic-ba8cdee6_6243_4992_ab44_d7c9fdb37e6e] (Re-)joining group
2025-08-13 02:22:14,585 INFO  [io.api.tes.ser.api.KafkaSerdesTester] (Thread-648) None found
2025-08-13 02:22:15,586 INFO  [io.api.tes.ser.api.KafkaSerdesTester] (Thread-648) None found
2025-08-13 02:22:16,586 INFO  [io.api.tes.ser.api.KafkaSerdesTester] (Thread-648) None found
2025-08-13 02:22:16,600 INFO  [org.apa.kaf.cli.con.int.ConsumerCoordinator] (Thread-648) [Consumer clientId=consumer-Consumer-topic-ba8cdee6_6243_4992_ab44_d7c9fdb37e6e-7, groupId=Consumer-topic-ba8cdee6_6243_4992_ab44_d7c9fdb37e6e] Successfully joined group with generation Generation{generationId=1, memberId='consumer-Consumer-topic-ba8cdee6_6243_4992_ab44_d7c9fdb37e6e-7-db4c84f3-82fc-47e8-bef9-c47ae7e1c5b3', protocol='range'}
2025-08-13 02:22:16,601 INFO  [org.apa.kaf.cli.con.int.ConsumerCoordinator] (Thread-648) [Consumer clientId=consumer-Consumer-topic-ba8cdee6_6243_4992_ab44_d7c9fdb37e6e-7, groupId=Consumer-topic-ba8cdee6_6243_4992_ab44_d7c9fdb37e6e] Finished assignment for group at generation 1: {consumer-Consumer-topic-ba8cdee6_6243_4992_ab44_d7c9fdb37e6e-7-db4c84f3-82fc-47e8-bef9-c47ae7e1c5b3=Assignment(partitions=[topic-ba8cdee6_6243_4992_ab44_d7c9fdb37e6e-0])}
2025-08-13 02:22:16,608 INFO  [org.apa.kaf.cli.con.int.ConsumerCoordinator] (Thread-648) [Consumer clientId=consumer-Consumer-topic-ba8cdee6_6243_4992_ab44_d7c9fdb37e6e-7, groupId=Consumer-topic-ba8cdee6_6243_4992_ab44_d7c9fdb37e6e] Successfully synced group in generation Generation{generationId=1, memberId='consumer-Consumer-topic-ba8cdee6_6243_4992_ab44_d7c9fdb37e6e-7-db4c84f3-82fc-47e8-bef9-c47ae7e1c5b3', protocol='range'}
2025-08-13 02:22:16,608 INFO  [org.apa.kaf.cli.con.int.ConsumerCoordinator] (Thread-648) [Consumer clientId=consumer-Consumer-topic-ba8cdee6_6243_4992_ab44_d7c9fdb37e6e-7, groupId=Consumer-topic-ba8cdee6_6243_4992_ab44_d7c9fdb37e6e] Notifying assignor about the new Assignment(partitions=[topic-ba8cdee6_6243_4992_ab44_d7c9fdb37e6e-0])
2025-08-13 02:22:16,609 INFO  [org.apa.kaf.cli.con.int.ConsumerRebalanceListenerInvoker] (Thread-648) [Consumer clientId=consumer-Consumer-topic-ba8cdee6_6243_4992_ab44_d7c9fdb37e6e-7, groupId=Consumer-topic-ba8cdee6_6243_4992_ab44_d7c9fdb37e6e] Adding newly assigned partitions: topic-ba8cdee6_6243_4992_ab44_d7c9fdb37e6e-0
2025-08-13 02:22:16,609 INFO  [org.apa.kaf.cli.con.int.ConsumerCoordinator] (Thread-648) [Consumer clientId=consumer-Consumer-topic-ba8cdee6_6243_4992_ab44_d7c9fdb37e6e-7, groupId=Consumer-topic-ba8cdee6_6243_4992_ab44_d7c9fdb37e6e] Found no committed offset for partition topic-ba8cdee6_6243_4992_ab44_d7c9fdb37e6e-0
2025-08-13 02:22:16,613 INFO  [org.apa.kaf.cli.con.int.SubscriptionState] (Thread-648) [Consumer clientId=consumer-Consumer-topic-ba8cdee6_6243_4992_ab44_d7c9fdb37e6e-7, groupId=Consumer-topic-ba8cdee6_6243_4992_ab44_d7c9fdb37e6e] Resetting offset for partition topic-ba8cdee6_6243_4992_ab44_d7c9fdb37e6e-0 to position FetchPosition{offset=0, offsetEpoch=Optional.empty, currentLeader=LeaderAndEpoch{leader=Optional[localhost:32769 (id: 0 rack: null)], epoch=0}}.
2025-08-13 02:22:16,649 INFO  [io.api.tes.ser.api.KafkaSerdesTester] (Thread-648) topic-ba8cdee6_6243_4992_ab44_d7c9fdb37e6e 0 0 {"key11755051732426": "value-0"}
2025-08-13 02:22:16,649 INFO  [io.api.tes.ser.api.KafkaSerdesTester] (Thread-648) topic-ba8cdee6_6243_4992_ab44_d7c9fdb37e6e 0 1 {"key11755051732426": "value-1"}
2025-08-13 02:22:16,649 INFO  [io.api.tes.ser.api.KafkaSerdesTester] (Thread-648) topic-ba8cdee6_6243_4992_ab44_d7c9fdb37e6e 0 2 {"key11755051732426": "value-2"}
2025-08-13 02:22:16,649 INFO  [io.api.tes.ser.api.KafkaSerdesTester] (Thread-648) topic-ba8cdee6_6243_4992_ab44_d7c9fdb37e6e 0 3 {"key11755051732426": "value-3"}
2025-08-13 02:22:16,649 INFO  [io.api.tes.ser.api.KafkaSerdesTester] (Thread-648) topic-ba8cdee6_6243_4992_ab44_d7c9fdb37e6e 0 4 {"key11755051732426": "value-4"}
2025-08-13 02:22:16,650 INFO  [io.api.tes.ser.api.KafkaSerdesTester] (Thread-648) topic-ba8cdee6_6243_4992_ab44_d7c9fdb37e6e 0 5 {"key11755051732426": "value-5"}
2025-08-13 02:22:16,650 INFO  [io.api.tes.ser.api.KafkaSerdesTester] (Thread-648) topic-ba8cdee6_6243_4992_ab44_d7c9fdb37e6e 0 6 {"key11755051732426": "value-6"}
2025-08-13 02:22:16,650 INFO  [io.api.tes.ser.api.KafkaSerdesTester] (Thread-648) topic-ba8cdee6_6243_4992_ab44_d7c9fdb37e6e 0 7 {"key11755051732426": "value-7"}
2025-08-13 02:22:16,650 INFO  [io.api.tes.ser.api.KafkaSerdesTester] (Thread-648) topic-ba8cdee6_6243_4992_ab44_d7c9fdb37e6e 0 8 {"key11755051732426": "value-8"}
2025-08-13 02:22:16,650 INFO  [io.api.tes.ser.api.KafkaSerdesTester] (Thread-648) topic-ba8cdee6_6243_4992_ab44_d7c9fdb37e6e 0 9 {"key11755051732426": "value-9"}
2025-08-13 02:22:16,650 INFO  [io.api.tes.ser.api.KafkaSerdesTester] (Thread-648) Consumed 10 messages
2025-08-13 02:22:16,657 INFO  [org.apa.kaf.cli.con.int.ConsumerRebalanceListenerInvoker] (Thread-648) [Consumer clientId=consumer-Consumer-topic-ba8cdee6_6243_4992_ab44_d7c9fdb37e6e-7, groupId=Consumer-topic-ba8cdee6_6243_4992_ab44_d7c9fdb37e6e] Revoke previously assigned partitions topic-ba8cdee6_6243_4992_ab44_d7c9fdb37e6e-0
2025-08-13 02:22:16,657 INFO  [org.apa.kaf.cli.con.int.ConsumerCoordinator] (Thread-648) [Consumer clientId=consumer-Consumer-topic-ba8cdee6_6243_4992_ab44_d7c9fdb37e6e-7, groupId=Consumer-topic-ba8cdee6_6243_4992_ab44_d7c9fdb37e6e] Member consumer-Consumer-topic-ba8cdee6_6243_4992_ab44_d7c9fdb37e6e-7-db4c84f3-82fc-47e8-bef9-c47ae7e1c5b3 sending LeaveGroup request to coordinator localhost:32769 (id: 2147483647 rack: null) due to the consumer is being closed
2025-08-13 02:22:16,658 INFO  [org.apa.kaf.cli.con.int.ConsumerCoordinator] (Thread-648) [Consumer clientId=consumer-Consumer-topic-ba8cdee6_6243_4992_ab44_d7c9fdb37e6e-7, groupId=Consumer-topic-ba8cdee6_6243_4992_ab44_d7c9fdb37e6e] Resetting generation and member id due to: consumer pro-actively leaving the group
2025-08-13 02:22:16,658 INFO  [org.apa.kaf.cli.con.int.ConsumerCoordinator] (Thread-648) [Consumer clientId=consumer-Consumer-topic-ba8cdee6_6243_4992_ab44_d7c9fdb37e6e-7, groupId=Consumer-topic-ba8cdee6_6243_4992_ab44_d7c9fdb37e6e] Request joining group due to: consumer pro-actively leaving the group
2025-08-13 02:22:17,152 INFO  [org.apa.kaf.com.met.Metrics] (Thread-648) Metrics scheduler closed
2025-08-13 02:22:17,152 INFO  [org.apa.kaf.com.met.Metrics] (Thread-648) Closing reporter org.apache.kafka.common.metrics.JmxReporter
2025-08-13 02:22:17,152 INFO  [org.apa.kaf.com.met.Metrics] (Thread-648) Closing reporter org.apache.kafka.common.telemetry.internals.ClientTelemetryReporter
2025-08-13 02:22:17,152 INFO  [org.apa.kaf.com.met.Metrics] (Thread-648) Metrics reporters closed
2025-08-13 02:22:17,155 INFO  [org.apa.kaf.com.uti.AppInfoParser] (Thread-648) App info kafka.consumer for consumer-Consumer-topic-ba8cdee6_6243_4992_ab44_d7c9fdb37e6e-7 unregistered
2025-08-13 02:22:17,156 INFO  [io.api.tes.uti.TestSeparator] (main) io.apicurio.tests.serdes.apicurio.AvroSerdeIT.testTopicIdStrategyFindLatest-FINISHED
2025-08-13 02:22:17,156 INFO  [io.api.tes.uti.TestSeparator] (main) ############################################################################
Test passed: testTopicIdStrategyFindLatest
]]></system-out>
  </testcase>
  <testcase name="testAvroUnionWithSpecificReader" classname="io.apicurio.tests.serdes.apicurio.AvroSerdeIT" time="3.876">
    <system-out><![CDATA[2025-08-13 02:22:17,157 INFO  [io.api.tes.uti.TestSeparator] (main) ############################################################################
2025-08-13 02:22:17,157 INFO  [io.api.tes.uti.TestSeparator] (main) io.apicurio.tests.serdes.apicurio.AvroSerdeIT.testAvroUnionWithSpecificReader-STARTED
**** Registry Base URL: http://registry-app-ksql043.apps.ci419.apicurio-testing.org:80
2025-08-13 02:22:17,171 INFO  [org.apa.kaf.cli.pro.ProducerConfig] (main) ProducerConfig values: 
	acks = -1
	auto.include.jmx.reporter = true
	batch.size = 16384
	bootstrap.servers = [PLAINTEXT://localhost:32769]
	buffer.memory = 33554432
	client.dns.lookup = use_all_dns_ips
	client.id = Producer-topic-a1817abd_4758_44ff_a85f_09e3b3e215fa
	compression.gzip.level = -1
	compression.lz4.level = 9
	compression.type = none
	compression.zstd.level = 3
	connections.max.idle.ms = 10000
	delivery.timeout.ms = 120000
	enable.idempotence = true
	enable.metrics.push = true
	interceptor.classes = []
	key.serializer = class org.apache.kafka.common.serialization.StringSerializer
	linger.ms = 0
	max.block.ms = 60000
	max.in.flight.requests.per.connection = 5
	max.request.size = 1048576
	metadata.max.age.ms = 300000
	metadata.max.idle.ms = 300000
	metadata.recovery.strategy = none
	metric.reporters = []
	metrics.num.samples = 2
	metrics.recording.level = INFO
	metrics.sample.window.ms = 30000
	partitioner.adaptive.partitioning.enable = true
	partitioner.availability.timeout.ms = 0
	partitioner.class = null
	partitioner.ignore.keys = false
	receive.buffer.bytes = 32768
	reconnect.backoff.max.ms = 1000
	reconnect.backoff.ms = 50
	request.timeout.ms = 5000
	retries = 2147483647
	retry.backoff.max.ms = 1000
	retry.backoff.ms = 100
	sasl.client.callback.handler.class = null
	sasl.jaas.config = null
	sasl.kerberos.kinit.cmd = /usr/bin/kinit
	sasl.kerberos.min.time.before.relogin = 60000
	sasl.kerberos.service.name = null
	sasl.kerberos.ticket.renew.jitter = 0.05
	sasl.kerberos.ticket.renew.window.factor = 0.8
	sasl.login.callback.handler.class = null
	sasl.login.class = null
	sasl.login.connect.timeout.ms = null
	sasl.login.read.timeout.ms = null
	sasl.login.refresh.buffer.seconds = 300
	sasl.login.refresh.min.period.seconds = 60
	sasl.login.refresh.window.factor = 0.8
	sasl.login.refresh.window.jitter = 0.05
	sasl.login.retry.backoff.max.ms = 10000
	sasl.login.retry.backoff.ms = 100
	sasl.mechanism = GSSAPI
	sasl.oauthbearer.clock.skew.seconds = 30
	sasl.oauthbearer.expected.audience = null
	sasl.oauthbearer.expected.issuer = null
	sasl.oauthbearer.header.urlencode = false
	sasl.oauthbearer.jwks.endpoint.refresh.ms = 3600000
	sasl.oauthbearer.jwks.endpoint.retry.backoff.max.ms = 10000
	sasl.oauthbearer.jwks.endpoint.retry.backoff.ms = 100
	sasl.oauthbearer.jwks.endpoint.url = null
	sasl.oauthbearer.scope.claim.name = scope
	sasl.oauthbearer.sub.claim.name = sub
	sasl.oauthbearer.token.endpoint.url = null
	security.protocol = PLAINTEXT
	security.providers = null
	send.buffer.bytes = 131072
	socket.connection.setup.timeout.max.ms = 30000
	socket.connection.setup.timeout.ms = 10000
	ssl.cipher.suites = null
	ssl.enabled.protocols = [TLSv1.2, TLSv1.3]
	ssl.endpoint.identification.algorithm = https
	ssl.engine.factory.class = null
	ssl.key.password = null
	ssl.keymanager.algorithm = SunX509
	ssl.keystore.certificate.chain = null
	ssl.keystore.key = null
	ssl.keystore.location = null
	ssl.keystore.password = null
	ssl.keystore.type = JKS
	ssl.protocol = TLSv1.3
	ssl.provider = null
	ssl.secure.random.implementation = null
	ssl.trustmanager.algorithm = PKIX
	ssl.truststore.certificates = null
	ssl.truststore.location = null
	ssl.truststore.password = null
	ssl.truststore.type = JKS
	transaction.timeout.ms = 60000
	transactional.id = null
	value.serializer = class io.apicurio.registry.serde.avro.AvroKafkaSerializer

2025-08-13 02:22:17,171 INFO  [org.apa.kaf.com.tel.int.KafkaMetricsCollector] (main) initializing Kafka metrics collector
2025-08-13 02:22:17,183 INFO  [org.apa.kaf.cli.pro.KafkaProducer] (main) [Producer clientId=Producer-topic-a1817abd_4758_44ff_a85f_09e3b3e215fa] Instantiated an idempotent producer.
2025-08-13 02:22:17,190 INFO  [org.apa.kaf.cli.pro.ProducerConfig] (main) These configurations '[apicurio.registry.url, apicurio.registry.auto-register, apicurio.registry.artifact-resolver-strategy]' were supplied but are not used yet.
2025-08-13 02:22:17,190 INFO  [org.apa.kaf.com.uti.AppInfoParser] (main) Kafka version: 3.9.1
2025-08-13 02:22:17,191 INFO  [org.apa.kaf.com.uti.AppInfoParser] (main) Kafka commitId: f745dfdcee2b9851
2025-08-13 02:22:17,191 INFO  [org.apa.kaf.com.uti.AppInfoParser] (main) Kafka startTimeMs: 1755051737190
2025-08-13 02:22:17,191 INFO  [io.api.tes.ser.api.SimpleSerdesTesterBuilder$SimpleSerdesTester] (main) Using producer configuration: {apicurio.registry.url=http://registry-app-ksql043.apps.ci419.apicurio-testing.org:80/apis/registry/v3, apicurio.registry.auto-register=true, apicurio.registry.artifact-resolver-strategy=io.apicurio.registry.serde.strategy.TopicIdStrategy, value.serializer=io.apicurio.registry.serde.avro.AvroKafkaSerializer, request.timeout.ms=5000, acks=all, bootstrap.servers=PLAINTEXT://localhost:32769, connections.max.idle.ms=10000, key.serializer=org.apache.kafka.common.serialization.StringSerializer, client.id=Producer-topic-a1817abd_4758_44ff_a85f_09e3b3e215fa}
2025-08-13 02:22:17,191 INFO  [io.api.tes.ser.api.SimpleSerdesTesterBuilder$SimpleSerdesTester] (main) Using consumer configuration: {}
2025-08-13 02:22:17,194 INFO  [io.api.tes.ser.api.KafkaSerdesTester] (Thread-651) Sending message {"id": "record-0"} to topic topic-a1817abd_4758_44ff_a85f_09e3b3e215fa
2025-08-13 02:22:17,201 INFO  [org.apa.kaf.cli.Metadata] (kafka-producer-network-thread | Producer-topic-a1817abd_4758_44ff_a85f_09e3b3e215fa) [Producer clientId=Producer-topic-a1817abd_4758_44ff_a85f_09e3b3e215fa] Cluster ID: pj3cISz0Q0OVF0qikwHveQ
2025-08-13 02:22:17,202 INFO  [org.apa.kaf.cli.pro.int.TransactionManager] (kafka-producer-network-thread | Producer-topic-a1817abd_4758_44ff_a85f_09e3b3e215fa) [Producer clientId=Producer-topic-a1817abd_4758_44ff_a85f_09e3b3e215fa] ProducerId set to 10 with epoch 0
2025-08-13 02:22:17,283 INFO  [io.api.tes.ser.api.KafkaSerdesTester] (Thread-651) Sending message {"value": 1} to topic topic-a1817abd_4758_44ff_a85f_09e3b3e215fa
2025-08-13 02:22:17,347 INFO  [io.api.tes.ser.api.KafkaSerdesTester] (Thread-651) Sending message {"active": true} to topic topic-a1817abd_4758_44ff_a85f_09e3b3e215fa
2025-08-13 02:22:17,413 INFO  [io.api.tes.ser.api.KafkaSerdesTester] (Thread-651) Sending message {"id": "record-3"} to topic topic-a1817abd_4758_44ff_a85f_09e3b3e215fa
2025-08-13 02:22:17,414 INFO  [io.api.tes.ser.api.KafkaSerdesTester] (Thread-651) Sending message {"value": 4} to topic topic-a1817abd_4758_44ff_a85f_09e3b3e215fa
2025-08-13 02:22:17,416 INFO  [io.api.tes.ser.api.KafkaSerdesTester] (Thread-651) Sending message {"active": false} to topic topic-a1817abd_4758_44ff_a85f_09e3b3e215fa
2025-08-13 02:22:17,419 INFO  [io.api.tes.ser.api.KafkaSerdesTester] (Thread-651) Sending message {"id": "record-6"} to topic topic-a1817abd_4758_44ff_a85f_09e3b3e215fa
2025-08-13 02:22:17,421 INFO  [io.api.tes.ser.api.KafkaSerdesTester] (Thread-651) Sending message {"value": 7} to topic topic-a1817abd_4758_44ff_a85f_09e3b3e215fa
2025-08-13 02:22:17,423 INFO  [io.api.tes.ser.api.KafkaSerdesTester] (Thread-651) Sending message {"active": true} to topic topic-a1817abd_4758_44ff_a85f_09e3b3e215fa
2025-08-13 02:22:17,426 INFO  [io.api.tes.ser.api.KafkaSerdesTester] (Thread-651) Sending message {"id": "record-9"} to topic topic-a1817abd_4758_44ff_a85f_09e3b3e215fa
2025-08-13 02:22:17,428 INFO  [io.api.tes.ser.api.KafkaSerdesTester] (Thread-651) Produced 10 messages
2025-08-13 02:22:17,429 INFO  [org.apa.kaf.cli.pro.KafkaProducer] (Thread-651) [Producer clientId=Producer-topic-a1817abd_4758_44ff_a85f_09e3b3e215fa] Closing the Kafka producer with timeoutMillis = 9223372036854775807 ms.
2025-08-13 02:22:17,431 INFO  [org.apa.kaf.com.met.Metrics] (Thread-651) Metrics scheduler closed
2025-08-13 02:22:17,431 INFO  [org.apa.kaf.com.met.Metrics] (Thread-651) Closing reporter org.apache.kafka.common.metrics.JmxReporter
2025-08-13 02:22:17,431 INFO  [org.apa.kaf.com.met.Metrics] (Thread-651) Closing reporter org.apache.kafka.common.telemetry.internals.ClientTelemetryReporter
2025-08-13 02:22:17,431 INFO  [org.apa.kaf.com.met.Metrics] (Thread-651) Metrics reporters closed
2025-08-13 02:22:17,432 INFO  [org.apa.kaf.com.uti.AppInfoParser] (Thread-651) App info kafka.producer for Producer-topic-a1817abd_4758_44ff_a85f_09e3b3e215fa unregistered
2025-08-13 02:22:17,442 INFO  [io.api.tes.ser.api.AvroSerdeIT] (main) Artifact topic-a1817abd_4758_44ff_a85f_09e3b3e215fa-value found in registry with globalId 25
**** Registry Base URL: http://registry-app-ksql043.apps.ci419.apicurio-testing.org:80
2025-08-13 02:22:17,443 INFO  [org.apa.kaf.cli.con.ConsumerConfig] (main) ConsumerConfig values: 
	allow.auto.create.topics = true
	auto.commit.interval.ms = 500
	auto.include.jmx.reporter = true
	auto.offset.reset = earliest
	bootstrap.servers = [PLAINTEXT://localhost:32769]
	check.crcs = true
	client.dns.lookup = use_all_dns_ips
	client.id = consumer-Consumer-topic-a1817abd_4758_44ff_a85f_09e3b3e215fa-8
	client.rack = 
	connections.max.idle.ms = 10000
	default.api.timeout.ms = 60000
	enable.auto.commit = true
	enable.metrics.push = true
	exclude.internal.topics = true
	fetch.max.bytes = 52428800
	fetch.max.wait.ms = 500
	fetch.min.bytes = 1
	group.id = Consumer-topic-a1817abd_4758_44ff_a85f_09e3b3e215fa
	group.instance.id = null
	group.protocol = classic
	group.remote.assignor = null
	heartbeat.interval.ms = 3000
	interceptor.classes = []
	internal.leave.group.on.close = true
	internal.throw.on.fetch.stable.offset.unsupported = false
	isolation.level = read_uncommitted
	key.deserializer = class org.apache.kafka.common.serialization.StringDeserializer
	max.partition.fetch.bytes = 1048576
	max.poll.interval.ms = 300000
	max.poll.records = 500
	metadata.max.age.ms = 300000
	metadata.recovery.strategy = none
	metric.reporters = []
	metrics.num.samples = 2
	metrics.recording.level = INFO
	metrics.sample.window.ms = 30000
	partition.assignment.strategy = [class org.apache.kafka.clients.consumer.RangeAssignor, class org.apache.kafka.clients.consumer.CooperativeStickyAssignor]
	receive.buffer.bytes = 65536
	reconnect.backoff.max.ms = 1000
	reconnect.backoff.ms = 50
	request.timeout.ms = 5000
	retry.backoff.max.ms = 1000
	retry.backoff.ms = 100
	sasl.client.callback.handler.class = null
	sasl.jaas.config = null
	sasl.kerberos.kinit.cmd = /usr/bin/kinit
	sasl.kerberos.min.time.before.relogin = 60000
	sasl.kerberos.service.name = null
	sasl.kerberos.ticket.renew.jitter = 0.05
	sasl.kerberos.ticket.renew.window.factor = 0.8
	sasl.login.callback.handler.class = null
	sasl.login.class = null
	sasl.login.connect.timeout.ms = null
	sasl.login.read.timeout.ms = null
	sasl.login.refresh.buffer.seconds = 300
	sasl.login.refresh.min.period.seconds = 60
	sasl.login.refresh.window.factor = 0.8
	sasl.login.refresh.window.jitter = 0.05
	sasl.login.retry.backoff.max.ms = 10000
	sasl.login.retry.backoff.ms = 100
	sasl.mechanism = GSSAPI
	sasl.oauthbearer.clock.skew.seconds = 30
	sasl.oauthbearer.expected.audience = null
	sasl.oauthbearer.expected.issuer = null
	sasl.oauthbearer.header.urlencode = false
	sasl.oauthbearer.jwks.endpoint.refresh.ms = 3600000
	sasl.oauthbearer.jwks.endpoint.retry.backoff.max.ms = 10000
	sasl.oauthbearer.jwks.endpoint.retry.backoff.ms = 100
	sasl.oauthbearer.jwks.endpoint.url = null
	sasl.oauthbearer.scope.claim.name = scope
	sasl.oauthbearer.sub.claim.name = sub
	sasl.oauthbearer.token.endpoint.url = null
	security.protocol = PLAINTEXT
	security.providers = null
	send.buffer.bytes = 131072
	session.timeout.ms = 45000
	socket.connection.setup.timeout.max.ms = 30000
	socket.connection.setup.timeout.ms = 10000
	ssl.cipher.suites = null
	ssl.enabled.protocols = [TLSv1.2, TLSv1.3]
	ssl.endpoint.identification.algorithm = https
	ssl.engine.factory.class = null
	ssl.key.password = null
	ssl.keymanager.algorithm = SunX509
	ssl.keystore.certificate.chain = null
	ssl.keystore.key = null
	ssl.keystore.location = null
	ssl.keystore.password = null
	ssl.keystore.type = JKS
	ssl.protocol = TLSv1.3
	ssl.provider = null
	ssl.secure.random.implementation = null
	ssl.trustmanager.algorithm = PKIX
	ssl.truststore.certificates = null
	ssl.truststore.location = null
	ssl.truststore.password = null
	ssl.truststore.type = JKS
	value.deserializer = class io.apicurio.registry.serde.avro.AvroKafkaDeserializer

2025-08-13 02:22:17,443 INFO  [org.apa.kaf.com.tel.int.KafkaMetricsCollector] (main) initializing Kafka metrics collector
2025-08-13 02:22:17,449 INFO  [org.apa.kaf.cli.con.ConsumerConfig] (main) These configurations '[apicurio.registry.url]' were supplied but are not used yet.
2025-08-13 02:22:17,449 INFO  [org.apa.kaf.com.uti.AppInfoParser] (main) Kafka version: 3.9.1
2025-08-13 02:22:17,449 INFO  [org.apa.kaf.com.uti.AppInfoParser] (main) Kafka commitId: f745dfdcee2b9851
2025-08-13 02:22:17,449 INFO  [org.apa.kaf.com.uti.AppInfoParser] (main) Kafka startTimeMs: 1755051737449
2025-08-13 02:22:17,450 INFO  [org.apa.kaf.cli.con.int.ClassicKafkaConsumer] (Thread-654) [Consumer clientId=consumer-Consumer-topic-a1817abd_4758_44ff_a85f_09e3b3e215fa-8, groupId=Consumer-topic-a1817abd_4758_44ff_a85f_09e3b3e215fa] Subscribed to topic(s): topic-a1817abd_4758_44ff_a85f_09e3b3e215fa
2025-08-13 02:22:17,454 INFO  [org.apa.kaf.cli.Metadata] (Thread-654) [Consumer clientId=consumer-Consumer-topic-a1817abd_4758_44ff_a85f_09e3b3e215fa-8, groupId=Consumer-topic-a1817abd_4758_44ff_a85f_09e3b3e215fa] Cluster ID: pj3cISz0Q0OVF0qikwHveQ
2025-08-13 02:22:17,455 INFO  [org.apa.kaf.cli.con.int.ConsumerCoordinator] (Thread-654) [Consumer clientId=consumer-Consumer-topic-a1817abd_4758_44ff_a85f_09e3b3e215fa-8, groupId=Consumer-topic-a1817abd_4758_44ff_a85f_09e3b3e215fa] Discovered group coordinator localhost:32769 (id: 2147483647 rack: null)
2025-08-13 02:22:17,457 INFO  [org.apa.kaf.cli.con.int.ConsumerCoordinator] (Thread-654) [Consumer clientId=consumer-Consumer-topic-a1817abd_4758_44ff_a85f_09e3b3e215fa-8, groupId=Consumer-topic-a1817abd_4758_44ff_a85f_09e3b3e215fa] (Re-)joining group
2025-08-13 02:22:17,460 INFO  [org.apa.kaf.cli.con.int.ConsumerCoordinator] (Thread-654) [Consumer clientId=consumer-Consumer-topic-a1817abd_4758_44ff_a85f_09e3b3e215fa-8, groupId=Consumer-topic-a1817abd_4758_44ff_a85f_09e3b3e215fa] Request joining group due to: need to re-join with the given member-id: consumer-Consumer-topic-a1817abd_4758_44ff_a85f_09e3b3e215fa-8-a3cf8bbd-e041-4c0d-bd5c-4a7fe333d372
2025-08-13 02:22:17,460 INFO  [org.apa.kaf.cli.con.int.ConsumerCoordinator] (Thread-654) [Consumer clientId=consumer-Consumer-topic-a1817abd_4758_44ff_a85f_09e3b3e215fa-8, groupId=Consumer-topic-a1817abd_4758_44ff_a85f_09e3b3e215fa] (Re-)joining group
2025-08-13 02:22:18,451 INFO  [io.api.tes.ser.api.KafkaSerdesTester] (Thread-654) None found
2025-08-13 02:22:19,451 INFO  [io.api.tes.ser.api.KafkaSerdesTester] (Thread-654) None found
2025-08-13 02:22:20,451 INFO  [io.api.tes.ser.api.KafkaSerdesTester] (Thread-654) None found
2025-08-13 02:22:20,463 INFO  [org.apa.kaf.cli.con.int.ConsumerCoordinator] (Thread-654) [Consumer clientId=consumer-Consumer-topic-a1817abd_4758_44ff_a85f_09e3b3e215fa-8, groupId=Consumer-topic-a1817abd_4758_44ff_a85f_09e3b3e215fa] Successfully joined group with generation Generation{generationId=1, memberId='consumer-Consumer-topic-a1817abd_4758_44ff_a85f_09e3b3e215fa-8-a3cf8bbd-e041-4c0d-bd5c-4a7fe333d372', protocol='range'}
2025-08-13 02:22:20,463 INFO  [org.apa.kaf.cli.con.int.ConsumerCoordinator] (Thread-654) [Consumer clientId=consumer-Consumer-topic-a1817abd_4758_44ff_a85f_09e3b3e215fa-8, groupId=Consumer-topic-a1817abd_4758_44ff_a85f_09e3b3e215fa] Finished assignment for group at generation 1: {consumer-Consumer-topic-a1817abd_4758_44ff_a85f_09e3b3e215fa-8-a3cf8bbd-e041-4c0d-bd5c-4a7fe333d372=Assignment(partitions=[topic-a1817abd_4758_44ff_a85f_09e3b3e215fa-0])}
2025-08-13 02:22:20,470 INFO  [org.apa.kaf.cli.con.int.ConsumerCoordinator] (Thread-654) [Consumer clientId=consumer-Consumer-topic-a1817abd_4758_44ff_a85f_09e3b3e215fa-8, groupId=Consumer-topic-a1817abd_4758_44ff_a85f_09e3b3e215fa] Successfully synced group in generation Generation{generationId=1, memberId='consumer-Consumer-topic-a1817abd_4758_44ff_a85f_09e3b3e215fa-8-a3cf8bbd-e041-4c0d-bd5c-4a7fe333d372', protocol='range'}
2025-08-13 02:22:20,470 INFO  [org.apa.kaf.cli.con.int.ConsumerCoordinator] (Thread-654) [Consumer clientId=consumer-Consumer-topic-a1817abd_4758_44ff_a85f_09e3b3e215fa-8, groupId=Consumer-topic-a1817abd_4758_44ff_a85f_09e3b3e215fa] Notifying assignor about the new Assignment(partitions=[topic-a1817abd_4758_44ff_a85f_09e3b3e215fa-0])
2025-08-13 02:22:20,470 INFO  [org.apa.kaf.cli.con.int.ConsumerRebalanceListenerInvoker] (Thread-654) [Consumer clientId=consumer-Consumer-topic-a1817abd_4758_44ff_a85f_09e3b3e215fa-8, groupId=Consumer-topic-a1817abd_4758_44ff_a85f_09e3b3e215fa] Adding newly assigned partitions: topic-a1817abd_4758_44ff_a85f_09e3b3e215fa-0
2025-08-13 02:22:20,471 INFO  [org.apa.kaf.cli.con.int.ConsumerCoordinator] (Thread-654) [Consumer clientId=consumer-Consumer-topic-a1817abd_4758_44ff_a85f_09e3b3e215fa-8, groupId=Consumer-topic-a1817abd_4758_44ff_a85f_09e3b3e215fa] Found no committed offset for partition topic-a1817abd_4758_44ff_a85f_09e3b3e215fa-0
2025-08-13 02:22:20,475 INFO  [org.apa.kaf.cli.con.int.SubscriptionState] (Thread-654) [Consumer clientId=consumer-Consumer-topic-a1817abd_4758_44ff_a85f_09e3b3e215fa-8, groupId=Consumer-topic-a1817abd_4758_44ff_a85f_09e3b3e215fa] Resetting offset for partition topic-a1817abd_4758_44ff_a85f_09e3b3e215fa-0 to position FetchPosition{offset=0, offsetEpoch=Optional.empty, currentLeader=LeaderAndEpoch{leader=Optional[localhost:32769 (id: 0 rack: null)], epoch=0}}.
2025-08-13 02:22:20,525 INFO  [io.api.tes.ser.api.KafkaSerdesTester] (Thread-654) topic-a1817abd_4758_44ff_a85f_09e3b3e215fa 0 0 {"id": "record-0"}
2025-08-13 02:22:20,525 INFO  [io.api.tes.ser.api.KafkaSerdesTester] (Thread-654) topic-a1817abd_4758_44ff_a85f_09e3b3e215fa 0 1 {"value": 1}
2025-08-13 02:22:20,525 INFO  [io.api.tes.ser.api.KafkaSerdesTester] (Thread-654) topic-a1817abd_4758_44ff_a85f_09e3b3e215fa 0 2 {"active": true}
2025-08-13 02:22:20,525 INFO  [io.api.tes.ser.api.KafkaSerdesTester] (Thread-654) topic-a1817abd_4758_44ff_a85f_09e3b3e215fa 0 3 {"id": "record-3"}
2025-08-13 02:22:20,525 INFO  [io.api.tes.ser.api.KafkaSerdesTester] (Thread-654) topic-a1817abd_4758_44ff_a85f_09e3b3e215fa 0 4 {"value": 4}
2025-08-13 02:22:20,525 INFO  [io.api.tes.ser.api.KafkaSerdesTester] (Thread-654) topic-a1817abd_4758_44ff_a85f_09e3b3e215fa 0 5 {"active": false}
2025-08-13 02:22:20,525 INFO  [io.api.tes.ser.api.KafkaSerdesTester] (Thread-654) topic-a1817abd_4758_44ff_a85f_09e3b3e215fa 0 6 {"id": "record-6"}
2025-08-13 02:22:20,525 INFO  [io.api.tes.ser.api.KafkaSerdesTester] (Thread-654) topic-a1817abd_4758_44ff_a85f_09e3b3e215fa 0 7 {"value": 7}
2025-08-13 02:22:20,525 INFO  [io.api.tes.ser.api.KafkaSerdesTester] (Thread-654) topic-a1817abd_4758_44ff_a85f_09e3b3e215fa 0 8 {"active": true}
2025-08-13 02:22:20,525 INFO  [io.api.tes.ser.api.KafkaSerdesTester] (Thread-654) topic-a1817abd_4758_44ff_a85f_09e3b3e215fa 0 9 {"id": "record-9"}
2025-08-13 02:22:20,525 INFO  [io.api.tes.ser.api.KafkaSerdesTester] (Thread-654) Consumed 10 messages
2025-08-13 02:22:20,533 INFO  [org.apa.kaf.cli.con.int.ConsumerRebalanceListenerInvoker] (Thread-654) [Consumer clientId=consumer-Consumer-topic-a1817abd_4758_44ff_a85f_09e3b3e215fa-8, groupId=Consumer-topic-a1817abd_4758_44ff_a85f_09e3b3e215fa] Revoke previously assigned partitions topic-a1817abd_4758_44ff_a85f_09e3b3e215fa-0
2025-08-13 02:22:20,533 INFO  [org.apa.kaf.cli.con.int.ConsumerCoordinator] (Thread-654) [Consumer clientId=consumer-Consumer-topic-a1817abd_4758_44ff_a85f_09e3b3e215fa-8, groupId=Consumer-topic-a1817abd_4758_44ff_a85f_09e3b3e215fa] Member consumer-Consumer-topic-a1817abd_4758_44ff_a85f_09e3b3e215fa-8-a3cf8bbd-e041-4c0d-bd5c-4a7fe333d372 sending LeaveGroup request to coordinator localhost:32769 (id: 2147483647 rack: null) due to the consumer is being closed
2025-08-13 02:22:20,534 INFO  [org.apa.kaf.cli.con.int.ConsumerCoordinator] (Thread-654) [Consumer clientId=consumer-Consumer-topic-a1817abd_4758_44ff_a85f_09e3b3e215fa-8, groupId=Consumer-topic-a1817abd_4758_44ff_a85f_09e3b3e215fa] Resetting generation and member id due to: consumer pro-actively leaving the group
2025-08-13 02:22:20,534 INFO  [org.apa.kaf.cli.con.int.ConsumerCoordinator] (Thread-654) [Consumer clientId=consumer-Consumer-topic-a1817abd_4758_44ff_a85f_09e3b3e215fa-8, groupId=Consumer-topic-a1817abd_4758_44ff_a85f_09e3b3e215fa] Request joining group due to: consumer pro-actively leaving the group
2025-08-13 02:22:21,028 INFO  [org.apa.kaf.com.met.Metrics] (Thread-654) Metrics scheduler closed
2025-08-13 02:22:21,028 INFO  [org.apa.kaf.com.met.Metrics] (Thread-654) Closing reporter org.apache.kafka.common.metrics.JmxReporter
2025-08-13 02:22:21,029 INFO  [org.apa.kaf.com.met.Metrics] (Thread-654) Closing reporter org.apache.kafka.common.telemetry.internals.ClientTelemetryReporter
2025-08-13 02:22:21,029 INFO  [org.apa.kaf.com.met.Metrics] (Thread-654) Metrics reporters closed
2025-08-13 02:22:21,032 INFO  [org.apa.kaf.com.uti.AppInfoParser] (Thread-654) App info kafka.consumer for consumer-Consumer-topic-a1817abd_4758_44ff_a85f_09e3b3e215fa-8 unregistered
2025-08-13 02:22:21,033 INFO  [io.api.tes.uti.TestSeparator] (main) io.apicurio.tests.serdes.apicurio.AvroSerdeIT.testAvroUnionWithSpecificReader-FINISHED
2025-08-13 02:22:21,033 INFO  [io.api.tes.uti.TestSeparator] (main) ############################################################################
Test passed: testAvroUnionWithSpecificReader
]]></system-out>
  </testcase>
  <testcase name="testEvolveAvroApicurioReusingClient" classname="io.apicurio.tests.serdes.apicurio.AvroSerdeIT" time="7.065">
    <system-out><![CDATA[2025-08-13 02:22:21,035 INFO  [io.api.tes.uti.TestSeparator] (main) ############################################################################
2025-08-13 02:22:21,035 INFO  [io.api.tes.uti.TestSeparator] (main) io.apicurio.tests.serdes.apicurio.AvroSerdeIT.testEvolveAvroApicurioReusingClient-STARTED
2025-08-13 02:22:21,038 INFO  [io.api.tes.ser.api.AvroSerdeIT] (main) Registering Avro Schema: {"type":"record","name":"sb64a44ccx3b44x4784xb555x6b58e93bb283","namespace":"ns_9ec06dd6_911b_4752_947c_f724e2360232","fields":[{"name":"key11755051741037","type":"string"}]}
**** Registry Base URL: http://registry-app-ksql043.apps.ci419.apicurio-testing.org:80
2025-08-13 02:22:22,104 INFO  [org.apa.kaf.cli.pro.ProducerConfig] (main) ProducerConfig values: 
	acks = -1
	auto.include.jmx.reporter = true
	batch.size = 16384
	bootstrap.servers = [PLAINTEXT://localhost:32769]
	buffer.memory = 33554432
	client.dns.lookup = use_all_dns_ips
	client.id = Producer-topic-fc5b139d_4ed0_4410_862e_8429eb67a827
	compression.gzip.level = -1
	compression.lz4.level = 9
	compression.type = none
	compression.zstd.level = 3
	connections.max.idle.ms = 10000
	delivery.timeout.ms = 120000
	enable.idempotence = true
	enable.metrics.push = true
	interceptor.classes = []
	key.serializer = class org.apache.kafka.common.serialization.StringSerializer
	linger.ms = 0
	max.block.ms = 60000
	max.in.flight.requests.per.connection = 5
	max.request.size = 1048576
	metadata.max.age.ms = 300000
	metadata.max.idle.ms = 300000
	metadata.recovery.strategy = none
	metric.reporters = []
	metrics.num.samples = 2
	metrics.recording.level = INFO
	metrics.sample.window.ms = 30000
	partitioner.adaptive.partitioning.enable = true
	partitioner.availability.timeout.ms = 0
	partitioner.class = null
	partitioner.ignore.keys = false
	receive.buffer.bytes = 32768
	reconnect.backoff.max.ms = 1000
	reconnect.backoff.ms = 50
	request.timeout.ms = 5000
	retries = 2147483647
	retry.backoff.max.ms = 1000
	retry.backoff.ms = 100
	sasl.client.callback.handler.class = null
	sasl.jaas.config = null
	sasl.kerberos.kinit.cmd = /usr/bin/kinit
	sasl.kerberos.min.time.before.relogin = 60000
	sasl.kerberos.service.name = null
	sasl.kerberos.ticket.renew.jitter = 0.05
	sasl.kerberos.ticket.renew.window.factor = 0.8
	sasl.login.callback.handler.class = null
	sasl.login.class = null
	sasl.login.connect.timeout.ms = null
	sasl.login.read.timeout.ms = null
	sasl.login.refresh.buffer.seconds = 300
	sasl.login.refresh.min.period.seconds = 60
	sasl.login.refresh.window.factor = 0.8
	sasl.login.refresh.window.jitter = 0.05
	sasl.login.retry.backoff.max.ms = 10000
	sasl.login.retry.backoff.ms = 100
	sasl.mechanism = GSSAPI
	sasl.oauthbearer.clock.skew.seconds = 30
	sasl.oauthbearer.expected.audience = null
	sasl.oauthbearer.expected.issuer = null
	sasl.oauthbearer.header.urlencode = false
	sasl.oauthbearer.jwks.endpoint.refresh.ms = 3600000
	sasl.oauthbearer.jwks.endpoint.retry.backoff.max.ms = 10000
	sasl.oauthbearer.jwks.endpoint.retry.backoff.ms = 100
	sasl.oauthbearer.jwks.endpoint.url = null
	sasl.oauthbearer.scope.claim.name = scope
	sasl.oauthbearer.sub.claim.name = sub
	sasl.oauthbearer.token.endpoint.url = null
	security.protocol = PLAINTEXT
	security.providers = null
	send.buffer.bytes = 131072
	socket.connection.setup.timeout.max.ms = 30000
	socket.connection.setup.timeout.ms = 10000
	ssl.cipher.suites = null
	ssl.enabled.protocols = [TLSv1.2, TLSv1.3]
	ssl.endpoint.identification.algorithm = https
	ssl.engine.factory.class = null
	ssl.key.password = null
	ssl.keymanager.algorithm = SunX509
	ssl.keystore.certificate.chain = null
	ssl.keystore.key = null
	ssl.keystore.location = null
	ssl.keystore.password = null
	ssl.keystore.type = JKS
	ssl.protocol = TLSv1.3
	ssl.provider = null
	ssl.secure.random.implementation = null
	ssl.trustmanager.algorithm = PKIX
	ssl.truststore.certificates = null
	ssl.truststore.location = null
	ssl.truststore.password = null
	ssl.truststore.type = JKS
	transaction.timeout.ms = 60000
	transactional.id = null
	value.serializer = class io.apicurio.registry.serde.avro.AvroKafkaSerializer

2025-08-13 02:22:22,104 INFO  [org.apa.kaf.com.tel.int.KafkaMetricsCollector] (main) initializing Kafka metrics collector
2025-08-13 02:22:22,107 INFO  [org.apa.kaf.cli.pro.KafkaProducer] (main) [Producer clientId=Producer-topic-fc5b139d_4ed0_4410_862e_8429eb67a827] Instantiated an idempotent producer.
2025-08-13 02:22:22,108 INFO  [org.apa.kaf.cli.pro.ProducerConfig] (main) These configurations '[apicurio.registry.url, apicurio.registry.artifact-resolver-strategy]' were supplied but are not used yet.
2025-08-13 02:22:22,108 INFO  [org.apa.kaf.com.uti.AppInfoParser] (main) Kafka version: 3.9.1
2025-08-13 02:22:22,108 INFO  [org.apa.kaf.com.uti.AppInfoParser] (main) Kafka commitId: f745dfdcee2b9851
2025-08-13 02:22:22,109 INFO  [org.apa.kaf.com.uti.AppInfoParser] (main) Kafka startTimeMs: 1755051742108
**** Registry Base URL: http://registry-app-ksql043.apps.ci419.apicurio-testing.org:80
2025-08-13 02:22:22,109 INFO  [org.apa.kaf.cli.con.ConsumerConfig] (main) ConsumerConfig values: 
	allow.auto.create.topics = true
	auto.commit.interval.ms = 500
	auto.include.jmx.reporter = true
	auto.offset.reset = earliest
	bootstrap.servers = [PLAINTEXT://localhost:32769]
	check.crcs = true
	client.dns.lookup = use_all_dns_ips
	client.id = consumer-Consumer-topic-fc5b139d_4ed0_4410_862e_8429eb67a827-9
	client.rack = 
	connections.max.idle.ms = 10000
	default.api.timeout.ms = 60000
	enable.auto.commit = true
	enable.metrics.push = true
	exclude.internal.topics = true
	fetch.max.bytes = 52428800
	fetch.max.wait.ms = 500
	fetch.min.bytes = 1
	group.id = Consumer-topic-fc5b139d_4ed0_4410_862e_8429eb67a827
	group.instance.id = null
	group.protocol = classic
	group.remote.assignor = null
	heartbeat.interval.ms = 3000
	interceptor.classes = []
	internal.leave.group.on.close = true
	internal.throw.on.fetch.stable.offset.unsupported = false
	isolation.level = read_uncommitted
	key.deserializer = class org.apache.kafka.common.serialization.StringDeserializer
	max.partition.fetch.bytes = 1048576
	max.poll.interval.ms = 300000
	max.poll.records = 500
	metadata.max.age.ms = 300000
	metadata.recovery.strategy = none
	metric.reporters = []
	metrics.num.samples = 2
	metrics.recording.level = INFO
	metrics.sample.window.ms = 30000
	partition.assignment.strategy = [class org.apache.kafka.clients.consumer.RangeAssignor, class org.apache.kafka.clients.consumer.CooperativeStickyAssignor]
	receive.buffer.bytes = 65536
	reconnect.backoff.max.ms = 1000
	reconnect.backoff.ms = 50
	request.timeout.ms = 5000
	retry.backoff.max.ms = 1000
	retry.backoff.ms = 100
	sasl.client.callback.handler.class = null
	sasl.jaas.config = null
	sasl.kerberos.kinit.cmd = /usr/bin/kinit
	sasl.kerberos.min.time.before.relogin = 60000
	sasl.kerberos.service.name = null
	sasl.kerberos.ticket.renew.jitter = 0.05
	sasl.kerberos.ticket.renew.window.factor = 0.8
	sasl.login.callback.handler.class = null
	sasl.login.class = null
	sasl.login.connect.timeout.ms = null
	sasl.login.read.timeout.ms = null
	sasl.login.refresh.buffer.seconds = 300
	sasl.login.refresh.min.period.seconds = 60
	sasl.login.refresh.window.factor = 0.8
	sasl.login.refresh.window.jitter = 0.05
	sasl.login.retry.backoff.max.ms = 10000
	sasl.login.retry.backoff.ms = 100
	sasl.mechanism = GSSAPI
	sasl.oauthbearer.clock.skew.seconds = 30
	sasl.oauthbearer.expected.audience = null
	sasl.oauthbearer.expected.issuer = null
	sasl.oauthbearer.header.urlencode = false
	sasl.oauthbearer.jwks.endpoint.refresh.ms = 3600000
	sasl.oauthbearer.jwks.endpoint.retry.backoff.max.ms = 10000
	sasl.oauthbearer.jwks.endpoint.retry.backoff.ms = 100
	sasl.oauthbearer.jwks.endpoint.url = null
	sasl.oauthbearer.scope.claim.name = scope
	sasl.oauthbearer.sub.claim.name = sub
	sasl.oauthbearer.token.endpoint.url = null
	security.protocol = PLAINTEXT
	security.providers = null
	send.buffer.bytes = 131072
	session.timeout.ms = 45000
	socket.connection.setup.timeout.max.ms = 30000
	socket.connection.setup.timeout.ms = 10000
	ssl.cipher.suites = null
	ssl.enabled.protocols = [TLSv1.2, TLSv1.3]
	ssl.endpoint.identification.algorithm = https
	ssl.engine.factory.class = null
	ssl.key.password = null
	ssl.keymanager.algorithm = SunX509
	ssl.keystore.certificate.chain = null
	ssl.keystore.key = null
	ssl.keystore.location = null
	ssl.keystore.password = null
	ssl.keystore.type = JKS
	ssl.protocol = TLSv1.3
	ssl.provider = null
	ssl.secure.random.implementation = null
	ssl.trustmanager.algorithm = PKIX
	ssl.truststore.certificates = null
	ssl.truststore.location = null
	ssl.truststore.password = null
	ssl.truststore.type = JKS
	value.deserializer = class io.apicurio.registry.serde.avro.AvroKafkaDeserializer

2025-08-13 02:22:22,109 INFO  [org.apa.kaf.com.tel.int.KafkaMetricsCollector] (main) initializing Kafka metrics collector
2025-08-13 02:22:22,114 INFO  [org.apa.kaf.cli.Metadata] (kafka-producer-network-thread | Producer-topic-fc5b139d_4ed0_4410_862e_8429eb67a827) [Producer clientId=Producer-topic-fc5b139d_4ed0_4410_862e_8429eb67a827] Cluster ID: pj3cISz0Q0OVF0qikwHveQ
2025-08-13 02:22:22,115 INFO  [org.apa.kaf.cli.pro.int.TransactionManager] (kafka-producer-network-thread | Producer-topic-fc5b139d_4ed0_4410_862e_8429eb67a827) [Producer clientId=Producer-topic-fc5b139d_4ed0_4410_862e_8429eb67a827] ProducerId set to 11 with epoch 0
2025-08-13 02:22:22,118 INFO  [org.apa.kaf.cli.con.ConsumerConfig] (main) These configurations '[apicurio.registry.url]' were supplied but are not used yet.
2025-08-13 02:22:22,118 INFO  [org.apa.kaf.com.uti.AppInfoParser] (main) Kafka version: 3.9.1
2025-08-13 02:22:22,118 INFO  [org.apa.kaf.com.uti.AppInfoParser] (main) Kafka commitId: f745dfdcee2b9851
2025-08-13 02:22:22,118 INFO  [org.apa.kaf.com.uti.AppInfoParser] (main) Kafka startTimeMs: 1755051742118
2025-08-13 02:22:22,120 INFO  [io.api.tes.ser.api.KafkaSerdesTester] (Thread-659) Sending message {"key11755051741037": "value-0"} to topic topic-fc5b139d_4ed0_4410_862e_8429eb67a827
2025-08-13 02:22:22,128 INFO  [DefaultSchemaResolver] (Thread-659) Retrieving schema content using string: {"type":"record","name":"sb64a44ccx3b44x4784xb555x6b58e93bb283","namespace":"ns_9ec06dd6_911b_4752_947c_f724e2360232","fields":[{"name":"key11755051741037","type":"string"}]}
2025-08-13 02:22:22,150 INFO  [io.api.tes.ser.api.KafkaSerdesTester] (Thread-659) Sending message {"key11755051741037": "value-1"} to topic topic-fc5b139d_4ed0_4410_862e_8429eb67a827
2025-08-13 02:22:22,151 INFO  [io.api.tes.ser.api.KafkaSerdesTester] (Thread-659) Sending message {"key11755051741037": "value-2"} to topic topic-fc5b139d_4ed0_4410_862e_8429eb67a827
2025-08-13 02:22:22,153 INFO  [io.api.tes.ser.api.KafkaSerdesTester] (Thread-659) Sending message {"key11755051741037": "value-3"} to topic topic-fc5b139d_4ed0_4410_862e_8429eb67a827
2025-08-13 02:22:22,154 INFO  [io.api.tes.ser.api.KafkaSerdesTester] (Thread-659) Sending message {"key11755051741037": "value-4"} to topic topic-fc5b139d_4ed0_4410_862e_8429eb67a827
2025-08-13 02:22:22,158 INFO  [io.api.tes.ser.api.KafkaSerdesTester] (Thread-659) Sending message {"key11755051741037": "value-5"} to topic topic-fc5b139d_4ed0_4410_862e_8429eb67a827
2025-08-13 02:22:22,160 INFO  [io.api.tes.ser.api.KafkaSerdesTester] (Thread-659) Sending message {"key11755051741037": "value-6"} to topic topic-fc5b139d_4ed0_4410_862e_8429eb67a827
2025-08-13 02:22:22,161 INFO  [io.api.tes.ser.api.KafkaSerdesTester] (Thread-659) Sending message {"key11755051741037": "value-7"} to topic topic-fc5b139d_4ed0_4410_862e_8429eb67a827
2025-08-13 02:22:22,163 INFO  [io.api.tes.ser.api.KafkaSerdesTester] (Thread-659) Sending message {"key11755051741037": "value-8"} to topic topic-fc5b139d_4ed0_4410_862e_8429eb67a827
2025-08-13 02:22:22,166 INFO  [io.api.tes.ser.api.KafkaSerdesTester] (Thread-659) Sending message {"key11755051741037": "value-9"} to topic topic-fc5b139d_4ed0_4410_862e_8429eb67a827
2025-08-13 02:22:22,168 INFO  [io.api.tes.ser.api.KafkaSerdesTester] (Thread-659) Produced 10 messages
2025-08-13 02:22:22,168 INFO  [org.apa.kaf.cli.con.int.ClassicKafkaConsumer] (Thread-660) [Consumer clientId=consumer-Consumer-topic-fc5b139d_4ed0_4410_862e_8429eb67a827-9, groupId=Consumer-topic-fc5b139d_4ed0_4410_862e_8429eb67a827] Subscribed to topic(s): topic-fc5b139d_4ed0_4410_862e_8429eb67a827
2025-08-13 02:22:22,172 INFO  [org.apa.kaf.cli.Metadata] (Thread-660) [Consumer clientId=consumer-Consumer-topic-fc5b139d_4ed0_4410_862e_8429eb67a827-9, groupId=Consumer-topic-fc5b139d_4ed0_4410_862e_8429eb67a827] Cluster ID: pj3cISz0Q0OVF0qikwHveQ
2025-08-13 02:22:22,173 INFO  [org.apa.kaf.cli.con.int.ConsumerCoordinator] (Thread-660) [Consumer clientId=consumer-Consumer-topic-fc5b139d_4ed0_4410_862e_8429eb67a827-9, groupId=Consumer-topic-fc5b139d_4ed0_4410_862e_8429eb67a827] Discovered group coordinator localhost:32769 (id: 2147483647 rack: null)
2025-08-13 02:22:22,174 INFO  [org.apa.kaf.cli.con.int.ConsumerCoordinator] (Thread-660) [Consumer clientId=consumer-Consumer-topic-fc5b139d_4ed0_4410_862e_8429eb67a827-9, groupId=Consumer-topic-fc5b139d_4ed0_4410_862e_8429eb67a827] (Re-)joining group
2025-08-13 02:22:22,176 INFO  [org.apa.kaf.cli.con.int.ConsumerCoordinator] (Thread-660) [Consumer clientId=consumer-Consumer-topic-fc5b139d_4ed0_4410_862e_8429eb67a827-9, groupId=Consumer-topic-fc5b139d_4ed0_4410_862e_8429eb67a827] Request joining group due to: need to re-join with the given member-id: consumer-Consumer-topic-fc5b139d_4ed0_4410_862e_8429eb67a827-9-1b8de795-b4a2-430a-9aef-6feb5a14164f
2025-08-13 02:22:22,176 INFO  [org.apa.kaf.cli.con.int.ConsumerCoordinator] (Thread-660) [Consumer clientId=consumer-Consumer-topic-fc5b139d_4ed0_4410_862e_8429eb67a827-9, groupId=Consumer-topic-fc5b139d_4ed0_4410_862e_8429eb67a827] (Re-)joining group
2025-08-13 02:22:23,170 INFO  [io.api.tes.ser.api.KafkaSerdesTester] (Thread-660) None found
2025-08-13 02:22:24,170 INFO  [io.api.tes.ser.api.KafkaSerdesTester] (Thread-660) None found
2025-08-13 02:22:25,170 INFO  [io.api.tes.ser.api.KafkaSerdesTester] (Thread-660) None found
2025-08-13 02:22:25,179 INFO  [org.apa.kaf.cli.con.int.ConsumerCoordinator] (Thread-660) [Consumer clientId=consumer-Consumer-topic-fc5b139d_4ed0_4410_862e_8429eb67a827-9, groupId=Consumer-topic-fc5b139d_4ed0_4410_862e_8429eb67a827] Successfully joined group with generation Generation{generationId=1, memberId='consumer-Consumer-topic-fc5b139d_4ed0_4410_862e_8429eb67a827-9-1b8de795-b4a2-430a-9aef-6feb5a14164f', protocol='range'}
2025-08-13 02:22:25,180 INFO  [org.apa.kaf.cli.con.int.ConsumerCoordinator] (Thread-660) [Consumer clientId=consumer-Consumer-topic-fc5b139d_4ed0_4410_862e_8429eb67a827-9, groupId=Consumer-topic-fc5b139d_4ed0_4410_862e_8429eb67a827] Finished assignment for group at generation 1: {consumer-Consumer-topic-fc5b139d_4ed0_4410_862e_8429eb67a827-9-1b8de795-b4a2-430a-9aef-6feb5a14164f=Assignment(partitions=[topic-fc5b139d_4ed0_4410_862e_8429eb67a827-0])}
2025-08-13 02:22:25,186 INFO  [org.apa.kaf.cli.con.int.ConsumerCoordinator] (Thread-660) [Consumer clientId=consumer-Consumer-topic-fc5b139d_4ed0_4410_862e_8429eb67a827-9, groupId=Consumer-topic-fc5b139d_4ed0_4410_862e_8429eb67a827] Successfully synced group in generation Generation{generationId=1, memberId='consumer-Consumer-topic-fc5b139d_4ed0_4410_862e_8429eb67a827-9-1b8de795-b4a2-430a-9aef-6feb5a14164f', protocol='range'}
2025-08-13 02:22:25,186 INFO  [org.apa.kaf.cli.con.int.ConsumerCoordinator] (Thread-660) [Consumer clientId=consumer-Consumer-topic-fc5b139d_4ed0_4410_862e_8429eb67a827-9, groupId=Consumer-topic-fc5b139d_4ed0_4410_862e_8429eb67a827] Notifying assignor about the new Assignment(partitions=[topic-fc5b139d_4ed0_4410_862e_8429eb67a827-0])
2025-08-13 02:22:25,186 INFO  [org.apa.kaf.cli.con.int.ConsumerRebalanceListenerInvoker] (Thread-660) [Consumer clientId=consumer-Consumer-topic-fc5b139d_4ed0_4410_862e_8429eb67a827-9, groupId=Consumer-topic-fc5b139d_4ed0_4410_862e_8429eb67a827] Adding newly assigned partitions: topic-fc5b139d_4ed0_4410_862e_8429eb67a827-0
2025-08-13 02:22:25,187 INFO  [org.apa.kaf.cli.con.int.ConsumerCoordinator] (Thread-660) [Consumer clientId=consumer-Consumer-topic-fc5b139d_4ed0_4410_862e_8429eb67a827-9, groupId=Consumer-topic-fc5b139d_4ed0_4410_862e_8429eb67a827] Found no committed offset for partition topic-fc5b139d_4ed0_4410_862e_8429eb67a827-0
2025-08-13 02:22:25,190 INFO  [org.apa.kaf.cli.con.int.SubscriptionState] (Thread-660) [Consumer clientId=consumer-Consumer-topic-fc5b139d_4ed0_4410_862e_8429eb67a827-9, groupId=Consumer-topic-fc5b139d_4ed0_4410_862e_8429eb67a827] Resetting offset for partition topic-fc5b139d_4ed0_4410_862e_8429eb67a827-0 to position FetchPosition{offset=0, offsetEpoch=Optional.empty, currentLeader=LeaderAndEpoch{leader=Optional[localhost:32769 (id: 0 rack: null)], epoch=0}}.
2025-08-13 02:22:25,292 INFO  [io.api.tes.ser.api.KafkaSerdesTester] (Thread-660) topic-fc5b139d_4ed0_4410_862e_8429eb67a827 0 0 {"key11755051741037": "value-0"}
2025-08-13 02:22:25,292 INFO  [io.api.tes.ser.api.KafkaSerdesTester] (Thread-660) topic-fc5b139d_4ed0_4410_862e_8429eb67a827 0 1 {"key11755051741037": "value-1"}
2025-08-13 02:22:25,292 INFO  [io.api.tes.ser.api.KafkaSerdesTester] (Thread-660) topic-fc5b139d_4ed0_4410_862e_8429eb67a827 0 2 {"key11755051741037": "value-2"}
2025-08-13 02:22:25,292 INFO  [io.api.tes.ser.api.KafkaSerdesTester] (Thread-660) topic-fc5b139d_4ed0_4410_862e_8429eb67a827 0 3 {"key11755051741037": "value-3"}
2025-08-13 02:22:25,293 INFO  [io.api.tes.ser.api.KafkaSerdesTester] (Thread-660) topic-fc5b139d_4ed0_4410_862e_8429eb67a827 0 4 {"key11755051741037": "value-4"}
2025-08-13 02:22:25,293 INFO  [io.api.tes.ser.api.KafkaSerdesTester] (Thread-660) topic-fc5b139d_4ed0_4410_862e_8429eb67a827 0 5 {"key11755051741037": "value-5"}
2025-08-13 02:22:25,293 INFO  [io.api.tes.ser.api.KafkaSerdesTester] (Thread-660) topic-fc5b139d_4ed0_4410_862e_8429eb67a827 0 6 {"key11755051741037": "value-6"}
2025-08-13 02:22:25,293 INFO  [io.api.tes.ser.api.KafkaSerdesTester] (Thread-660) topic-fc5b139d_4ed0_4410_862e_8429eb67a827 0 7 {"key11755051741037": "value-7"}
2025-08-13 02:22:25,293 INFO  [io.api.tes.ser.api.KafkaSerdesTester] (Thread-660) topic-fc5b139d_4ed0_4410_862e_8429eb67a827 0 8 {"key11755051741037": "value-8"}
2025-08-13 02:22:25,293 INFO  [io.api.tes.ser.api.KafkaSerdesTester] (Thread-660) topic-fc5b139d_4ed0_4410_862e_8429eb67a827 0 9 {"key11755051741037": "value-9"}
2025-08-13 02:22:25,293 INFO  [io.api.tes.ser.api.KafkaSerdesTester] (Thread-660) Consumed 10 messages
2025-08-13 02:22:25,294 INFO  [io.api.tes.ser.api.AvroSerdeIT] (main) Registering Avro Schema 2: {"type":"record","name":"sb64a44ccx3b44x4784xb555x6b58e93bb283","namespace":"ns_9ec06dd6_911b_4752_947c_f724e2360232","fields":[{"name":"key11755051741037","type":"string"},{"name":"key21755051745293","type":"string"}]}
2025-08-13 02:22:26,352 INFO  [io.api.tes.ser.api.KafkaSerdesTester] (Thread-661) Sending message {"key11755051741037": "value-0", "key21755051745293": "value-0"} to topic topic-fc5b139d_4ed0_4410_862e_8429eb67a827
2025-08-13 02:22:26,353 INFO  [DefaultSchemaResolver] (Thread-661) Retrieving schema content using string: {"type":"record","name":"sb64a44ccx3b44x4784xb555x6b58e93bb283","namespace":"ns_9ec06dd6_911b_4752_947c_f724e2360232","fields":[{"name":"key11755051741037","type":"string"},{"name":"key21755051745293","type":"string"}]}
2025-08-13 02:22:26,371 INFO  [io.api.tes.ser.api.KafkaSerdesTester] (Thread-661) Sending message {"key11755051741037": "value-1", "key21755051745293": "value-1"} to topic topic-fc5b139d_4ed0_4410_862e_8429eb67a827
2025-08-13 02:22:26,372 INFO  [io.api.tes.ser.api.KafkaSerdesTester] (Thread-661) Sending message {"key11755051741037": "value-2", "key21755051745293": "value-2"} to topic topic-fc5b139d_4ed0_4410_862e_8429eb67a827
2025-08-13 02:22:26,374 INFO  [io.api.tes.ser.api.KafkaSerdesTester] (Thread-661) Sending message {"key11755051741037": "value-3", "key21755051745293": "value-3"} to topic topic-fc5b139d_4ed0_4410_862e_8429eb67a827
2025-08-13 02:22:26,375 INFO  [io.api.tes.ser.api.KafkaSerdesTester] (Thread-661) Sending message {"key11755051741037": "value-4", "key21755051745293": "value-4"} to topic topic-fc5b139d_4ed0_4410_862e_8429eb67a827
2025-08-13 02:22:26,377 INFO  [io.api.tes.ser.api.KafkaSerdesTester] (Thread-661) Sending message {"key11755051741037": "value-5", "key21755051745293": "value-5"} to topic topic-fc5b139d_4ed0_4410_862e_8429eb67a827
2025-08-13 02:22:26,379 INFO  [io.api.tes.ser.api.KafkaSerdesTester] (Thread-661) Sending message {"key11755051741037": "value-6", "key21755051745293": "value-6"} to topic topic-fc5b139d_4ed0_4410_862e_8429eb67a827
2025-08-13 02:22:26,381 INFO  [io.api.tes.ser.api.KafkaSerdesTester] (Thread-661) Sending message {"key11755051741037": "value-7", "key21755051745293": "value-7"} to topic topic-fc5b139d_4ed0_4410_862e_8429eb67a827
2025-08-13 02:22:26,382 INFO  [io.api.tes.ser.api.KafkaSerdesTester] (Thread-661) Sending message {"key11755051741037": "value-8", "key21755051745293": "value-8"} to topic topic-fc5b139d_4ed0_4410_862e_8429eb67a827
2025-08-13 02:22:26,385 INFO  [io.api.tes.ser.api.KafkaSerdesTester] (Thread-661) Sending message {"key11755051741037": "value-9", "key21755051745293": "value-9"} to topic topic-fc5b139d_4ed0_4410_862e_8429eb67a827
2025-08-13 02:22:26,387 INFO  [io.api.tes.ser.api.KafkaSerdesTester] (Thread-661) Produced 10 messages
2025-08-13 02:22:26,387 INFO  [io.api.tes.ser.api.KafkaSerdesTester] (Thread-662) Sending message {"key11755051741037": "value-0"} to topic topic-fc5b139d_4ed0_4410_862e_8429eb67a827
2025-08-13 02:22:26,389 INFO  [io.api.tes.ser.api.KafkaSerdesTester] (Thread-662) Sending message {"key11755051741037": "value-1"} to topic topic-fc5b139d_4ed0_4410_862e_8429eb67a827
2025-08-13 02:22:26,390 INFO  [io.api.tes.ser.api.KafkaSerdesTester] (Thread-662) Sending message {"key11755051741037": "value-2"} to topic topic-fc5b139d_4ed0_4410_862e_8429eb67a827
2025-08-13 02:22:26,392 INFO  [io.api.tes.ser.api.KafkaSerdesTester] (Thread-662) Sending message {"key11755051741037": "value-3"} to topic topic-fc5b139d_4ed0_4410_862e_8429eb67a827
2025-08-13 02:22:26,393 INFO  [io.api.tes.ser.api.KafkaSerdesTester] (Thread-662) Sending message {"key11755051741037": "value-4"} to topic topic-fc5b139d_4ed0_4410_862e_8429eb67a827
2025-08-13 02:22:26,395 INFO  [io.api.tes.ser.api.KafkaSerdesTester] (Thread-662) Sending message {"key11755051741037": "value-5"} to topic topic-fc5b139d_4ed0_4410_862e_8429eb67a827
2025-08-13 02:22:26,397 INFO  [io.api.tes.ser.api.KafkaSerdesTester] (Thread-662) Sending message {"key11755051741037": "value-6"} to topic topic-fc5b139d_4ed0_4410_862e_8429eb67a827
2025-08-13 02:22:26,400 INFO  [io.api.tes.ser.api.KafkaSerdesTester] (Thread-662) Sending message {"key11755051741037": "value-7"} to topic topic-fc5b139d_4ed0_4410_862e_8429eb67a827
2025-08-13 02:22:26,405 INFO  [io.api.tes.ser.api.KafkaSerdesTester] (Thread-662) Sending message {"key11755051741037": "value-8"} to topic topic-fc5b139d_4ed0_4410_862e_8429eb67a827
2025-08-13 02:22:26,408 INFO  [io.api.tes.ser.api.KafkaSerdesTester] (Thread-662) Sending message {"key11755051741037": "value-9"} to topic topic-fc5b139d_4ed0_4410_862e_8429eb67a827
2025-08-13 02:22:26,412 INFO  [io.api.tes.ser.api.KafkaSerdesTester] (Thread-662) Produced 10 messages
2025-08-13 02:22:26,414 INFO  [org.apa.kaf.cli.con.int.ClassicKafkaConsumer] (Thread-663) [Consumer clientId=consumer-Consumer-topic-fc5b139d_4ed0_4410_862e_8429eb67a827-9, groupId=Consumer-topic-fc5b139d_4ed0_4410_862e_8429eb67a827] Subscribed to topic(s): topic-fc5b139d_4ed0_4410_862e_8429eb67a827
2025-08-13 02:22:26,445 INFO  [io.api.tes.ser.api.KafkaSerdesTester] (Thread-663) topic-fc5b139d_4ed0_4410_862e_8429eb67a827 0 10 {"key11755051741037": "value-0", "key21755051745293": "value-0"}
2025-08-13 02:22:26,446 INFO  [io.api.tes.ser.api.KafkaSerdesTester] (Thread-663) topic-fc5b139d_4ed0_4410_862e_8429eb67a827 0 11 {"key11755051741037": "value-1", "key21755051745293": "value-1"}
2025-08-13 02:22:26,447 INFO  [io.api.tes.ser.api.KafkaSerdesTester] (Thread-663) topic-fc5b139d_4ed0_4410_862e_8429eb67a827 0 12 {"key11755051741037": "value-2", "key21755051745293": "value-2"}
2025-08-13 02:22:26,447 INFO  [io.api.tes.ser.api.KafkaSerdesTester] (Thread-663) topic-fc5b139d_4ed0_4410_862e_8429eb67a827 0 13 {"key11755051741037": "value-3", "key21755051745293": "value-3"}
2025-08-13 02:22:26,447 INFO  [io.api.tes.ser.api.KafkaSerdesTester] (Thread-663) topic-fc5b139d_4ed0_4410_862e_8429eb67a827 0 14 {"key11755051741037": "value-4", "key21755051745293": "value-4"}
2025-08-13 02:22:26,447 INFO  [io.api.tes.ser.api.KafkaSerdesTester] (Thread-663) topic-fc5b139d_4ed0_4410_862e_8429eb67a827 0 15 {"key11755051741037": "value-5", "key21755051745293": "value-5"}
2025-08-13 02:22:26,447 INFO  [io.api.tes.ser.api.KafkaSerdesTester] (Thread-663) topic-fc5b139d_4ed0_4410_862e_8429eb67a827 0 16 {"key11755051741037": "value-6", "key21755051745293": "value-6"}
2025-08-13 02:22:26,447 INFO  [io.api.tes.ser.api.KafkaSerdesTester] (Thread-663) topic-fc5b139d_4ed0_4410_862e_8429eb67a827 0 17 {"key11755051741037": "value-7", "key21755051745293": "value-7"}
2025-08-13 02:22:26,447 INFO  [io.api.tes.ser.api.KafkaSerdesTester] (Thread-663) topic-fc5b139d_4ed0_4410_862e_8429eb67a827 0 18 {"key11755051741037": "value-8", "key21755051745293": "value-8"}
2025-08-13 02:22:26,447 INFO  [io.api.tes.ser.api.KafkaSerdesTester] (Thread-663) topic-fc5b139d_4ed0_4410_862e_8429eb67a827 0 19 {"key11755051741037": "value-9", "key21755051745293": "value-9"}
2025-08-13 02:22:26,447 INFO  [io.api.tes.ser.api.KafkaSerdesTester] (Thread-663) topic-fc5b139d_4ed0_4410_862e_8429eb67a827 0 20 {"key11755051741037": "value-0"}
2025-08-13 02:22:26,447 INFO  [io.api.tes.ser.api.KafkaSerdesTester] (Thread-663) topic-fc5b139d_4ed0_4410_862e_8429eb67a827 0 21 {"key11755051741037": "value-1"}
2025-08-13 02:22:26,447 INFO  [io.api.tes.ser.api.KafkaSerdesTester] (Thread-663) topic-fc5b139d_4ed0_4410_862e_8429eb67a827 0 22 {"key11755051741037": "value-2"}
2025-08-13 02:22:26,447 INFO  [io.api.tes.ser.api.KafkaSerdesTester] (Thread-663) topic-fc5b139d_4ed0_4410_862e_8429eb67a827 0 23 {"key11755051741037": "value-3"}
2025-08-13 02:22:26,447 INFO  [io.api.tes.ser.api.KafkaSerdesTester] (Thread-663) topic-fc5b139d_4ed0_4410_862e_8429eb67a827 0 24 {"key11755051741037": "value-4"}
2025-08-13 02:22:26,447 INFO  [io.api.tes.ser.api.KafkaSerdesTester] (Thread-663) topic-fc5b139d_4ed0_4410_862e_8429eb67a827 0 25 {"key11755051741037": "value-5"}
2025-08-13 02:22:26,447 INFO  [io.api.tes.ser.api.KafkaSerdesTester] (Thread-663) topic-fc5b139d_4ed0_4410_862e_8429eb67a827 0 26 {"key11755051741037": "value-6"}
2025-08-13 02:22:26,447 INFO  [io.api.tes.ser.api.KafkaSerdesTester] (Thread-663) topic-fc5b139d_4ed0_4410_862e_8429eb67a827 0 27 {"key11755051741037": "value-7"}
2025-08-13 02:22:26,447 INFO  [io.api.tes.ser.api.KafkaSerdesTester] (Thread-663) topic-fc5b139d_4ed0_4410_862e_8429eb67a827 0 28 {"key11755051741037": "value-8"}
2025-08-13 02:22:26,447 INFO  [io.api.tes.ser.api.KafkaSerdesTester] (Thread-663) topic-fc5b139d_4ed0_4410_862e_8429eb67a827 0 29 {"key11755051741037": "value-9"}
2025-08-13 02:22:26,447 INFO  [io.api.tes.ser.api.KafkaSerdesTester] (Thread-663) Consumed 20 messages
2025-08-13 02:22:26,449 INFO  [io.api.tes.ser.api.AvroSerdeIT] (main) Registering Avro Schema 3: {"type":"record","name":"sb64a44ccx3b44x4784xb555x6b58e93bb283","namespace":"ns_9ec06dd6_911b_4752_947c_f724e2360232","fields":[{"name":"key11755051741037","type":"string"},{"name":"key21755051745293","type":"string"},{"name":"key31755051746448","type":"string"}]}
2025-08-13 02:22:27,502 INFO  [io.api.tes.ser.api.KafkaSerdesTester] (Thread-664) Sending message {"key11755051741037": "value-0", "key21755051745293": "value-0", "key31755051746448": "value-0"} to topic topic-fc5b139d_4ed0_4410_862e_8429eb67a827
2025-08-13 02:22:27,502 INFO  [DefaultSchemaResolver] (Thread-664) Retrieving schema content using string: {"type":"record","name":"sb64a44ccx3b44x4784xb555x6b58e93bb283","namespace":"ns_9ec06dd6_911b_4752_947c_f724e2360232","fields":[{"name":"key11755051741037","type":"string"},{"name":"key21755051745293","type":"string"},{"name":"key31755051746448","type":"string"}]}
2025-08-13 02:22:27,523 INFO  [io.api.tes.ser.api.KafkaSerdesTester] (Thread-664) Sending message {"key11755051741037": "value-1", "key21755051745293": "value-1", "key31755051746448": "value-1"} to topic topic-fc5b139d_4ed0_4410_862e_8429eb67a827
2025-08-13 02:22:27,524 INFO  [io.api.tes.ser.api.KafkaSerdesTester] (Thread-664) Sending message {"key11755051741037": "value-2", "key21755051745293": "value-2", "key31755051746448": "value-2"} to topic topic-fc5b139d_4ed0_4410_862e_8429eb67a827
2025-08-13 02:22:27,526 INFO  [io.api.tes.ser.api.KafkaSerdesTester] (Thread-664) Sending message {"key11755051741037": "value-3", "key21755051745293": "value-3", "key31755051746448": "value-3"} to topic topic-fc5b139d_4ed0_4410_862e_8429eb67a827
2025-08-13 02:22:27,528 INFO  [io.api.tes.ser.api.KafkaSerdesTester] (Thread-664) Sending message {"key11755051741037": "value-4", "key21755051745293": "value-4", "key31755051746448": "value-4"} to topic topic-fc5b139d_4ed0_4410_862e_8429eb67a827
2025-08-13 02:22:27,529 INFO  [io.api.tes.ser.api.KafkaSerdesTester] (Thread-664) Sending message {"key11755051741037": "value-5", "key21755051745293": "value-5", "key31755051746448": "value-5"} to topic topic-fc5b139d_4ed0_4410_862e_8429eb67a827
2025-08-13 02:22:27,531 INFO  [io.api.tes.ser.api.KafkaSerdesTester] (Thread-664) Sending message {"key11755051741037": "value-6", "key21755051745293": "value-6", "key31755051746448": "value-6"} to topic topic-fc5b139d_4ed0_4410_862e_8429eb67a827
2025-08-13 02:22:27,532 INFO  [io.api.tes.ser.api.KafkaSerdesTester] (Thread-664) Sending message {"key11755051741037": "value-7", "key21755051745293": "value-7", "key31755051746448": "value-7"} to topic topic-fc5b139d_4ed0_4410_862e_8429eb67a827
2025-08-13 02:22:27,534 INFO  [io.api.tes.ser.api.KafkaSerdesTester] (Thread-664) Sending message {"key11755051741037": "value-8", "key21755051745293": "value-8", "key31755051746448": "value-8"} to topic topic-fc5b139d_4ed0_4410_862e_8429eb67a827
2025-08-13 02:22:27,536 INFO  [io.api.tes.ser.api.KafkaSerdesTester] (Thread-664) Sending message {"key11755051741037": "value-9", "key21755051745293": "value-9", "key31755051746448": "value-9"} to topic topic-fc5b139d_4ed0_4410_862e_8429eb67a827
2025-08-13 02:22:27,538 INFO  [io.api.tes.ser.api.KafkaSerdesTester] (Thread-664) Produced 10 messages
2025-08-13 02:22:27,538 INFO  [io.api.tes.ser.api.KafkaSerdesTester] (Thread-665) Sending message {"key11755051741037": "value-0", "key21755051745293": "value-0"} to topic topic-fc5b139d_4ed0_4410_862e_8429eb67a827
2025-08-13 02:22:27,539 INFO  [io.api.tes.ser.api.KafkaSerdesTester] (Thread-665) Sending message {"key11755051741037": "value-1", "key21755051745293": "value-1"} to topic topic-fc5b139d_4ed0_4410_862e_8429eb67a827
2025-08-13 02:22:27,541 INFO  [io.api.tes.ser.api.KafkaSerdesTester] (Thread-665) Sending message {"key11755051741037": "value-2", "key21755051745293": "value-2"} to topic topic-fc5b139d_4ed0_4410_862e_8429eb67a827
2025-08-13 02:22:27,542 INFO  [io.api.tes.ser.api.KafkaSerdesTester] (Thread-665) Sending message {"key11755051741037": "value-3", "key21755051745293": "value-3"} to topic topic-fc5b139d_4ed0_4410_862e_8429eb67a827
2025-08-13 02:22:27,544 INFO  [io.api.tes.ser.api.KafkaSerdesTester] (Thread-665) Sending message {"key11755051741037": "value-4", "key21755051745293": "value-4"} to topic topic-fc5b139d_4ed0_4410_862e_8429eb67a827
2025-08-13 02:22:27,545 INFO  [io.api.tes.ser.api.KafkaSerdesTester] (Thread-665) Sending message {"key11755051741037": "value-5", "key21755051745293": "value-5"} to topic topic-fc5b139d_4ed0_4410_862e_8429eb67a827
2025-08-13 02:22:27,546 INFO  [io.api.tes.ser.api.KafkaSerdesTester] (Thread-665) Sending message {"key11755051741037": "value-6", "key21755051745293": "value-6"} to topic topic-fc5b139d_4ed0_4410_862e_8429eb67a827
2025-08-13 02:22:27,548 INFO  [io.api.tes.ser.api.KafkaSerdesTester] (Thread-665) Sending message {"key11755051741037": "value-7", "key21755051745293": "value-7"} to topic topic-fc5b139d_4ed0_4410_862e_8429eb67a827
2025-08-13 02:22:27,553 INFO  [io.api.tes.ser.api.KafkaSerdesTester] (Thread-665) Sending message {"key11755051741037": "value-8", "key21755051745293": "value-8"} to topic topic-fc5b139d_4ed0_4410_862e_8429eb67a827
2025-08-13 02:22:27,555 INFO  [io.api.tes.ser.api.KafkaSerdesTester] (Thread-665) Sending message {"key11755051741037": "value-9", "key21755051745293": "value-9"} to topic topic-fc5b139d_4ed0_4410_862e_8429eb67a827
2025-08-13 02:22:27,556 INFO  [io.api.tes.ser.api.KafkaSerdesTester] (Thread-665) Produced 10 messages
2025-08-13 02:22:27,557 INFO  [io.api.tes.ser.api.KafkaSerdesTester] (Thread-666) Sending message {"key11755051741037": "value-0"} to topic topic-fc5b139d_4ed0_4410_862e_8429eb67a827
2025-08-13 02:22:27,558 INFO  [io.api.tes.ser.api.KafkaSerdesTester] (Thread-666) Sending message {"key11755051741037": "value-1"} to topic topic-fc5b139d_4ed0_4410_862e_8429eb67a827
2025-08-13 02:22:27,559 INFO  [io.api.tes.ser.api.KafkaSerdesTester] (Thread-666) Sending message {"key11755051741037": "value-2"} to topic topic-fc5b139d_4ed0_4410_862e_8429eb67a827
2025-08-13 02:22:27,561 INFO  [io.api.tes.ser.api.KafkaSerdesTester] (Thread-666) Sending message {"key11755051741037": "value-3"} to topic topic-fc5b139d_4ed0_4410_862e_8429eb67a827
2025-08-13 02:22:27,563 INFO  [io.api.tes.ser.api.KafkaSerdesTester] (Thread-666) Sending message {"key11755051741037": "value-4"} to topic topic-fc5b139d_4ed0_4410_862e_8429eb67a827
2025-08-13 02:22:27,564 INFO  [io.api.tes.ser.api.KafkaSerdesTester] (Thread-666) Sending message {"key11755051741037": "value-5"} to topic topic-fc5b139d_4ed0_4410_862e_8429eb67a827
2025-08-13 02:22:27,566 INFO  [io.api.tes.ser.api.KafkaSerdesTester] (Thread-666) Sending message {"key11755051741037": "value-6"} to topic topic-fc5b139d_4ed0_4410_862e_8429eb67a827
2025-08-13 02:22:27,567 INFO  [io.api.tes.ser.api.KafkaSerdesTester] (Thread-666) Sending message {"key11755051741037": "value-7"} to topic topic-fc5b139d_4ed0_4410_862e_8429eb67a827
2025-08-13 02:22:27,568 INFO  [io.api.tes.ser.api.KafkaSerdesTester] (Thread-666) Sending message {"key11755051741037": "value-8"} to topic topic-fc5b139d_4ed0_4410_862e_8429eb67a827
2025-08-13 02:22:27,569 INFO  [io.api.tes.ser.api.KafkaSerdesTester] (Thread-666) Sending message {"key11755051741037": "value-9"} to topic topic-fc5b139d_4ed0_4410_862e_8429eb67a827
2025-08-13 02:22:27,571 INFO  [io.api.tes.ser.api.KafkaSerdesTester] (Thread-666) Produced 10 messages
2025-08-13 02:22:27,572 INFO  [org.apa.kaf.cli.con.int.ClassicKafkaConsumer] (Thread-667) [Consumer clientId=consumer-Consumer-topic-fc5b139d_4ed0_4410_862e_8429eb67a827-9, groupId=Consumer-topic-fc5b139d_4ed0_4410_862e_8429eb67a827] Subscribed to topic(s): topic-fc5b139d_4ed0_4410_862e_8429eb67a827
2025-08-13 02:22:27,593 INFO  [io.api.tes.ser.api.KafkaSerdesTester] (Thread-667) topic-fc5b139d_4ed0_4410_862e_8429eb67a827 0 30 {"key11755051741037": "value-0", "key21755051745293": "value-0", "key31755051746448": "value-0"}
2025-08-13 02:22:27,593 INFO  [io.api.tes.ser.api.KafkaSerdesTester] (Thread-667) topic-fc5b139d_4ed0_4410_862e_8429eb67a827 0 31 {"key11755051741037": "value-1", "key21755051745293": "value-1", "key31755051746448": "value-1"}
2025-08-13 02:22:27,593 INFO  [io.api.tes.ser.api.KafkaSerdesTester] (Thread-667) topic-fc5b139d_4ed0_4410_862e_8429eb67a827 0 32 {"key11755051741037": "value-2", "key21755051745293": "value-2", "key31755051746448": "value-2"}
2025-08-13 02:22:27,593 INFO  [io.api.tes.ser.api.KafkaSerdesTester] (Thread-667) topic-fc5b139d_4ed0_4410_862e_8429eb67a827 0 33 {"key11755051741037": "value-3", "key21755051745293": "value-3", "key31755051746448": "value-3"}
2025-08-13 02:22:27,594 INFO  [io.api.tes.ser.api.KafkaSerdesTester] (Thread-667) topic-fc5b139d_4ed0_4410_862e_8429eb67a827 0 34 {"key11755051741037": "value-4", "key21755051745293": "value-4", "key31755051746448": "value-4"}
2025-08-13 02:22:27,594 INFO  [io.api.tes.ser.api.KafkaSerdesTester] (Thread-667) topic-fc5b139d_4ed0_4410_862e_8429eb67a827 0 35 {"key11755051741037": "value-5", "key21755051745293": "value-5", "key31755051746448": "value-5"}
2025-08-13 02:22:27,594 INFO  [io.api.tes.ser.api.KafkaSerdesTester] (Thread-667) topic-fc5b139d_4ed0_4410_862e_8429eb67a827 0 36 {"key11755051741037": "value-6", "key21755051745293": "value-6", "key31755051746448": "value-6"}
2025-08-13 02:22:27,594 INFO  [io.api.tes.ser.api.KafkaSerdesTester] (Thread-667) topic-fc5b139d_4ed0_4410_862e_8429eb67a827 0 37 {"key11755051741037": "value-7", "key21755051745293": "value-7", "key31755051746448": "value-7"}
2025-08-13 02:22:27,594 INFO  [io.api.tes.ser.api.KafkaSerdesTester] (Thread-667) topic-fc5b139d_4ed0_4410_862e_8429eb67a827 0 38 {"key11755051741037": "value-8", "key21755051745293": "value-8", "key31755051746448": "value-8"}
2025-08-13 02:22:27,594 INFO  [io.api.tes.ser.api.KafkaSerdesTester] (Thread-667) topic-fc5b139d_4ed0_4410_862e_8429eb67a827 0 39 {"key11755051741037": "value-9", "key21755051745293": "value-9", "key31755051746448": "value-9"}
2025-08-13 02:22:27,594 INFO  [io.api.tes.ser.api.KafkaSerdesTester] (Thread-667) topic-fc5b139d_4ed0_4410_862e_8429eb67a827 0 40 {"key11755051741037": "value-0", "key21755051745293": "value-0"}
2025-08-13 02:22:27,594 INFO  [io.api.tes.ser.api.KafkaSerdesTester] (Thread-667) topic-fc5b139d_4ed0_4410_862e_8429eb67a827 0 41 {"key11755051741037": "value-1", "key21755051745293": "value-1"}
2025-08-13 02:22:27,594 INFO  [io.api.tes.ser.api.KafkaSerdesTester] (Thread-667) topic-fc5b139d_4ed0_4410_862e_8429eb67a827 0 42 {"key11755051741037": "value-2", "key21755051745293": "value-2"}
2025-08-13 02:22:27,594 INFO  [io.api.tes.ser.api.KafkaSerdesTester] (Thread-667) topic-fc5b139d_4ed0_4410_862e_8429eb67a827 0 43 {"key11755051741037": "value-3", "key21755051745293": "value-3"}
2025-08-13 02:22:27,594 INFO  [io.api.tes.ser.api.KafkaSerdesTester] (Thread-667) topic-fc5b139d_4ed0_4410_862e_8429eb67a827 0 44 {"key11755051741037": "value-4", "key21755051745293": "value-4"}
2025-08-13 02:22:27,594 INFO  [io.api.tes.ser.api.KafkaSerdesTester] (Thread-667) topic-fc5b139d_4ed0_4410_862e_8429eb67a827 0 45 {"key11755051741037": "value-5", "key21755051745293": "value-5"}
2025-08-13 02:22:27,594 INFO  [io.api.tes.ser.api.KafkaSerdesTester] (Thread-667) topic-fc5b139d_4ed0_4410_862e_8429eb67a827 0 46 {"key11755051741037": "value-6", "key21755051745293": "value-6"}
2025-08-13 02:22:27,594 INFO  [io.api.tes.ser.api.KafkaSerdesTester] (Thread-667) topic-fc5b139d_4ed0_4410_862e_8429eb67a827 0 47 {"key11755051741037": "value-7", "key21755051745293": "value-7"}
2025-08-13 02:22:27,594 INFO  [io.api.tes.ser.api.KafkaSerdesTester] (Thread-667) topic-fc5b139d_4ed0_4410_862e_8429eb67a827 0 48 {"key11755051741037": "value-8", "key21755051745293": "value-8"}
2025-08-13 02:22:27,594 INFO  [io.api.tes.ser.api.KafkaSerdesTester] (Thread-667) topic-fc5b139d_4ed0_4410_862e_8429eb67a827 0 49 {"key11755051741037": "value-9", "key21755051745293": "value-9"}
2025-08-13 02:22:27,594 INFO  [io.api.tes.ser.api.KafkaSerdesTester] (Thread-667) topic-fc5b139d_4ed0_4410_862e_8429eb67a827 0 50 {"key11755051741037": "value-0"}
2025-08-13 02:22:27,594 INFO  [io.api.tes.ser.api.KafkaSerdesTester] (Thread-667) topic-fc5b139d_4ed0_4410_862e_8429eb67a827 0 51 {"key11755051741037": "value-1"}
2025-08-13 02:22:27,594 INFO  [io.api.tes.ser.api.KafkaSerdesTester] (Thread-667) topic-fc5b139d_4ed0_4410_862e_8429eb67a827 0 52 {"key11755051741037": "value-2"}
2025-08-13 02:22:27,595 INFO  [io.api.tes.ser.api.KafkaSerdesTester] (Thread-667) topic-fc5b139d_4ed0_4410_862e_8429eb67a827 0 53 {"key11755051741037": "value-3"}
2025-08-13 02:22:27,595 INFO  [io.api.tes.ser.api.KafkaSerdesTester] (Thread-667) topic-fc5b139d_4ed0_4410_862e_8429eb67a827 0 54 {"key11755051741037": "value-4"}
2025-08-13 02:22:27,595 INFO  [io.api.tes.ser.api.KafkaSerdesTester] (Thread-667) topic-fc5b139d_4ed0_4410_862e_8429eb67a827 0 55 {"key11755051741037": "value-5"}
2025-08-13 02:22:27,595 INFO  [io.api.tes.ser.api.KafkaSerdesTester] (Thread-667) topic-fc5b139d_4ed0_4410_862e_8429eb67a827 0 56 {"key11755051741037": "value-6"}
2025-08-13 02:22:27,595 INFO  [io.api.tes.ser.api.KafkaSerdesTester] (Thread-667) topic-fc5b139d_4ed0_4410_862e_8429eb67a827 0 57 {"key11755051741037": "value-7"}
2025-08-13 02:22:27,595 INFO  [io.api.tes.ser.api.KafkaSerdesTester] (Thread-667) topic-fc5b139d_4ed0_4410_862e_8429eb67a827 0 58 {"key11755051741037": "value-8"}
2025-08-13 02:22:27,595 INFO  [io.api.tes.ser.api.KafkaSerdesTester] (Thread-667) topic-fc5b139d_4ed0_4410_862e_8429eb67a827 0 59 {"key11755051741037": "value-9"}
2025-08-13 02:22:27,595 INFO  [io.api.tes.ser.api.KafkaSerdesTester] (Thread-667) Consumed 30 messages
2025-08-13 02:22:27,595 INFO  [org.apa.kaf.cli.pro.KafkaProducer] (main) [Producer clientId=Producer-topic-fc5b139d_4ed0_4410_862e_8429eb67a827] Closing the Kafka producer with timeoutMillis = 9223372036854775807 ms.
2025-08-13 02:22:27,598 INFO  [org.apa.kaf.com.met.Metrics] (main) Metrics scheduler closed
2025-08-13 02:22:27,598 INFO  [org.apa.kaf.com.met.Metrics] (main) Closing reporter org.apache.kafka.common.metrics.JmxReporter
2025-08-13 02:22:27,598 INFO  [org.apa.kaf.com.met.Metrics] (main) Closing reporter org.apache.kafka.common.telemetry.internals.ClientTelemetryReporter
2025-08-13 02:22:27,598 INFO  [org.apa.kaf.com.met.Metrics] (main) Metrics reporters closed
2025-08-13 02:22:27,598 INFO  [org.apa.kaf.com.uti.AppInfoParser] (main) App info kafka.producer for Producer-topic-fc5b139d_4ed0_4410_862e_8429eb67a827 unregistered
2025-08-13 02:22:27,605 INFO  [org.apa.kaf.cli.con.int.ConsumerRebalanceListenerInvoker] (main) [Consumer clientId=consumer-Consumer-topic-fc5b139d_4ed0_4410_862e_8429eb67a827-9, groupId=Consumer-topic-fc5b139d_4ed0_4410_862e_8429eb67a827] Revoke previously assigned partitions topic-fc5b139d_4ed0_4410_862e_8429eb67a827-0
2025-08-13 02:22:27,605 INFO  [org.apa.kaf.cli.con.int.ConsumerCoordinator] (main) [Consumer clientId=consumer-Consumer-topic-fc5b139d_4ed0_4410_862e_8429eb67a827-9, groupId=Consumer-topic-fc5b139d_4ed0_4410_862e_8429eb67a827] Member consumer-Consumer-topic-fc5b139d_4ed0_4410_862e_8429eb67a827-9-1b8de795-b4a2-430a-9aef-6feb5a14164f sending LeaveGroup request to coordinator localhost:32769 (id: 2147483647 rack: null) due to the consumer is being closed
2025-08-13 02:22:27,606 INFO  [org.apa.kaf.cli.con.int.ConsumerCoordinator] (main) [Consumer clientId=consumer-Consumer-topic-fc5b139d_4ed0_4410_862e_8429eb67a827-9, groupId=Consumer-topic-fc5b139d_4ed0_4410_862e_8429eb67a827] Resetting generation and member id due to: consumer pro-actively leaving the group
2025-08-13 02:22:27,606 INFO  [org.apa.kaf.cli.con.int.ConsumerCoordinator] (main) [Consumer clientId=consumer-Consumer-topic-fc5b139d_4ed0_4410_862e_8429eb67a827-9, groupId=Consumer-topic-fc5b139d_4ed0_4410_862e_8429eb67a827] Request joining group due to: consumer pro-actively leaving the group
2025-08-13 02:22:28,096 INFO  [org.apa.kaf.com.met.Metrics] (main) Metrics scheduler closed
2025-08-13 02:22:28,096 INFO  [org.apa.kaf.com.met.Metrics] (main) Closing reporter org.apache.kafka.common.metrics.JmxReporter
2025-08-13 02:22:28,097 INFO  [org.apa.kaf.com.met.Metrics] (main) Closing reporter org.apache.kafka.common.telemetry.internals.ClientTelemetryReporter
2025-08-13 02:22:28,097 INFO  [org.apa.kaf.com.met.Metrics] (main) Metrics reporters closed
2025-08-13 02:22:28,100 INFO  [org.apa.kaf.com.uti.AppInfoParser] (main) App info kafka.consumer for consumer-Consumer-topic-fc5b139d_4ed0_4410_862e_8429eb67a827-9 unregistered
2025-08-13 02:22:28,100 INFO  [io.api.tes.uti.TestSeparator] (main) io.apicurio.tests.serdes.apicurio.AvroSerdeIT.testEvolveAvroApicurioReusingClient-FINISHED
2025-08-13 02:22:28,100 INFO  [io.api.tes.uti.TestSeparator] (main) ############################################################################
Test passed: testEvolveAvroApicurioReusingClient
]]></system-out>
  </testcase>
  <testcase name="testProducerUsesDefaultConsumerUsesGlobalId" classname="io.apicurio.tests.serdes.apicurio.AvroSerdeIT" time="0.0">
    <skipped message="void io.apicurio.tests.serdes.apicurio.AvroSerdeIT.testProducerUsesDefaultConsumerUsesGlobalId() throws java.lang.Exception is @Disabled"/>
  </testcase>
  <testcase name="testEvolveAvroApicurio" classname="io.apicurio.tests.serdes.apicurio.AvroSerdeIT" time="14.338">
    <system-out><![CDATA[2025-08-13 02:22:28,105 INFO  [io.api.tes.uti.TestSeparator] (main) ############################################################################
2025-08-13 02:22:28,105 INFO  [io.api.tes.uti.TestSeparator] (main) io.apicurio.tests.serdes.apicurio.AvroSerdeIT.testEvolveAvroApicurio-STARTED
2025-08-13 02:22:28,107 INFO  [io.api.tes.ser.api.AvroSerdeIT] (main) Registering Avro Schema: {"type":"record","name":"s59adbad7x152ax467cxa523x14220af7427b","namespace":"ns_003f142c_82d2_4ba0_9a70_f020d0f4dc25","fields":[{"name":"key11755051748106","type":"string"}]}
**** Registry Base URL: http://registry-app-ksql043.apps.ci419.apicurio-testing.org:80
2025-08-13 02:22:29,166 INFO  [org.apa.kaf.cli.pro.ProducerConfig] (main) ProducerConfig values: 
	acks = -1
	auto.include.jmx.reporter = true
	batch.size = 16384
	bootstrap.servers = [PLAINTEXT://localhost:32769]
	buffer.memory = 33554432
	client.dns.lookup = use_all_dns_ips
	client.id = Producer-topic-99260e68_61c0_42af_bed2_9d38aa0a5b4b
	compression.gzip.level = -1
	compression.lz4.level = 9
	compression.type = none
	compression.zstd.level = 3
	connections.max.idle.ms = 10000
	delivery.timeout.ms = 120000
	enable.idempotence = true
	enable.metrics.push = true
	interceptor.classes = []
	key.serializer = class org.apache.kafka.common.serialization.StringSerializer
	linger.ms = 0
	max.block.ms = 60000
	max.in.flight.requests.per.connection = 5
	max.request.size = 1048576
	metadata.max.age.ms = 300000
	metadata.max.idle.ms = 300000
	metadata.recovery.strategy = none
	metric.reporters = []
	metrics.num.samples = 2
	metrics.recording.level = INFO
	metrics.sample.window.ms = 30000
	partitioner.adaptive.partitioning.enable = true
	partitioner.availability.timeout.ms = 0
	partitioner.class = null
	partitioner.ignore.keys = false
	receive.buffer.bytes = 32768
	reconnect.backoff.max.ms = 1000
	reconnect.backoff.ms = 50
	request.timeout.ms = 5000
	retries = 2147483647
	retry.backoff.max.ms = 1000
	retry.backoff.ms = 100
	sasl.client.callback.handler.class = null
	sasl.jaas.config = null
	sasl.kerberos.kinit.cmd = /usr/bin/kinit
	sasl.kerberos.min.time.before.relogin = 60000
	sasl.kerberos.service.name = null
	sasl.kerberos.ticket.renew.jitter = 0.05
	sasl.kerberos.ticket.renew.window.factor = 0.8
	sasl.login.callback.handler.class = null
	sasl.login.class = null
	sasl.login.connect.timeout.ms = null
	sasl.login.read.timeout.ms = null
	sasl.login.refresh.buffer.seconds = 300
	sasl.login.refresh.min.period.seconds = 60
	sasl.login.refresh.window.factor = 0.8
	sasl.login.refresh.window.jitter = 0.05
	sasl.login.retry.backoff.max.ms = 10000
	sasl.login.retry.backoff.ms = 100
	sasl.mechanism = GSSAPI
	sasl.oauthbearer.clock.skew.seconds = 30
	sasl.oauthbearer.expected.audience = null
	sasl.oauthbearer.expected.issuer = null
	sasl.oauthbearer.header.urlencode = false
	sasl.oauthbearer.jwks.endpoint.refresh.ms = 3600000
	sasl.oauthbearer.jwks.endpoint.retry.backoff.max.ms = 10000
	sasl.oauthbearer.jwks.endpoint.retry.backoff.ms = 100
	sasl.oauthbearer.jwks.endpoint.url = null
	sasl.oauthbearer.scope.claim.name = scope
	sasl.oauthbearer.sub.claim.name = sub
	sasl.oauthbearer.token.endpoint.url = null
	security.protocol = PLAINTEXT
	security.providers = null
	send.buffer.bytes = 131072
	socket.connection.setup.timeout.max.ms = 30000
	socket.connection.setup.timeout.ms = 10000
	ssl.cipher.suites = null
	ssl.enabled.protocols = [TLSv1.2, TLSv1.3]
	ssl.endpoint.identification.algorithm = https
	ssl.engine.factory.class = null
	ssl.key.password = null
	ssl.keymanager.algorithm = SunX509
	ssl.keystore.certificate.chain = null
	ssl.keystore.key = null
	ssl.keystore.location = null
	ssl.keystore.password = null
	ssl.keystore.type = JKS
	ssl.protocol = TLSv1.3
	ssl.provider = null
	ssl.secure.random.implementation = null
	ssl.trustmanager.algorithm = PKIX
	ssl.truststore.certificates = null
	ssl.truststore.location = null
	ssl.truststore.password = null
	ssl.truststore.type = JKS
	transaction.timeout.ms = 60000
	transactional.id = null
	value.serializer = class io.apicurio.registry.serde.avro.AvroKafkaSerializer

2025-08-13 02:22:29,167 INFO  [org.apa.kaf.com.tel.int.KafkaMetricsCollector] (main) initializing Kafka metrics collector
2025-08-13 02:22:29,170 INFO  [org.apa.kaf.cli.pro.KafkaProducer] (main) [Producer clientId=Producer-topic-99260e68_61c0_42af_bed2_9d38aa0a5b4b] Instantiated an idempotent producer.
2025-08-13 02:22:29,173 INFO  [org.apa.kaf.cli.pro.ProducerConfig] (main) These configurations '[apicurio.registry.url, apicurio.registry.artifact-resolver-strategy]' were supplied but are not used yet.
2025-08-13 02:22:29,173 INFO  [org.apa.kaf.com.uti.AppInfoParser] (main) Kafka version: 3.9.1
2025-08-13 02:22:29,173 INFO  [org.apa.kaf.com.uti.AppInfoParser] (main) Kafka commitId: f745dfdcee2b9851
2025-08-13 02:22:29,173 INFO  [org.apa.kaf.com.uti.AppInfoParser] (main) Kafka startTimeMs: 1755051749173
**** Registry Base URL: http://registry-app-ksql043.apps.ci419.apicurio-testing.org:80
2025-08-13 02:22:29,173 INFO  [org.apa.kaf.cli.con.ConsumerConfig] (main) ConsumerConfig values: 
	allow.auto.create.topics = true
	auto.commit.interval.ms = 500
	auto.include.jmx.reporter = true
	auto.offset.reset = earliest
	bootstrap.servers = [PLAINTEXT://localhost:32769]
	check.crcs = true
	client.dns.lookup = use_all_dns_ips
	client.id = consumer-Consumer-topic-99260e68_61c0_42af_bed2_9d38aa0a5b4b-10
	client.rack = 
	connections.max.idle.ms = 10000
	default.api.timeout.ms = 60000
	enable.auto.commit = true
	enable.metrics.push = true
	exclude.internal.topics = true
	fetch.max.bytes = 52428800
	fetch.max.wait.ms = 500
	fetch.min.bytes = 1
	group.id = Consumer-topic-99260e68_61c0_42af_bed2_9d38aa0a5b4b
	group.instance.id = null
	group.protocol = classic
	group.remote.assignor = null
	heartbeat.interval.ms = 3000
	interceptor.classes = []
	internal.leave.group.on.close = true
	internal.throw.on.fetch.stable.offset.unsupported = false
	isolation.level = read_uncommitted
	key.deserializer = class org.apache.kafka.common.serialization.StringDeserializer
	max.partition.fetch.bytes = 1048576
	max.poll.interval.ms = 300000
	max.poll.records = 500
	metadata.max.age.ms = 300000
	metadata.recovery.strategy = none
	metric.reporters = []
	metrics.num.samples = 2
	metrics.recording.level = INFO
	metrics.sample.window.ms = 30000
	partition.assignment.strategy = [class org.apache.kafka.clients.consumer.RangeAssignor, class org.apache.kafka.clients.consumer.CooperativeStickyAssignor]
	receive.buffer.bytes = 65536
	reconnect.backoff.max.ms = 1000
	reconnect.backoff.ms = 50
	request.timeout.ms = 5000
	retry.backoff.max.ms = 1000
	retry.backoff.ms = 100
	sasl.client.callback.handler.class = null
	sasl.jaas.config = null
	sasl.kerberos.kinit.cmd = /usr/bin/kinit
	sasl.kerberos.min.time.before.relogin = 60000
	sasl.kerberos.service.name = null
	sasl.kerberos.ticket.renew.jitter = 0.05
	sasl.kerberos.ticket.renew.window.factor = 0.8
	sasl.login.callback.handler.class = null
	sasl.login.class = null
	sasl.login.connect.timeout.ms = null
	sasl.login.read.timeout.ms = null
	sasl.login.refresh.buffer.seconds = 300
	sasl.login.refresh.min.period.seconds = 60
	sasl.login.refresh.window.factor = 0.8
	sasl.login.refresh.window.jitter = 0.05
	sasl.login.retry.backoff.max.ms = 10000
	sasl.login.retry.backoff.ms = 100
	sasl.mechanism = GSSAPI
	sasl.oauthbearer.clock.skew.seconds = 30
	sasl.oauthbearer.expected.audience = null
	sasl.oauthbearer.expected.issuer = null
	sasl.oauthbearer.header.urlencode = false
	sasl.oauthbearer.jwks.endpoint.refresh.ms = 3600000
	sasl.oauthbearer.jwks.endpoint.retry.backoff.max.ms = 10000
	sasl.oauthbearer.jwks.endpoint.retry.backoff.ms = 100
	sasl.oauthbearer.jwks.endpoint.url = null
	sasl.oauthbearer.scope.claim.name = scope
	sasl.oauthbearer.sub.claim.name = sub
	sasl.oauthbearer.token.endpoint.url = null
	security.protocol = PLAINTEXT
	security.providers = null
	send.buffer.bytes = 131072
	session.timeout.ms = 45000
	socket.connection.setup.timeout.max.ms = 30000
	socket.connection.setup.timeout.ms = 10000
	ssl.cipher.suites = null
	ssl.enabled.protocols = [TLSv1.2, TLSv1.3]
	ssl.endpoint.identification.algorithm = https
	ssl.engine.factory.class = null
	ssl.key.password = null
	ssl.keymanager.algorithm = SunX509
	ssl.keystore.certificate.chain = null
	ssl.keystore.key = null
	ssl.keystore.location = null
	ssl.keystore.password = null
	ssl.keystore.type = JKS
	ssl.protocol = TLSv1.3
	ssl.provider = null
	ssl.secure.random.implementation = null
	ssl.trustmanager.algorithm = PKIX
	ssl.truststore.certificates = null
	ssl.truststore.location = null
	ssl.truststore.password = null
	ssl.truststore.type = JKS
	value.deserializer = class io.apicurio.registry.serde.avro.AvroKafkaDeserializer

2025-08-13 02:22:29,174 INFO  [org.apa.kaf.com.tel.int.KafkaMetricsCollector] (main) initializing Kafka metrics collector
2025-08-13 02:22:29,178 INFO  [org.apa.kaf.cli.Metadata] (kafka-producer-network-thread | Producer-topic-99260e68_61c0_42af_bed2_9d38aa0a5b4b) [Producer clientId=Producer-topic-99260e68_61c0_42af_bed2_9d38aa0a5b4b] Cluster ID: pj3cISz0Q0OVF0qikwHveQ
2025-08-13 02:22:29,180 INFO  [org.apa.kaf.cli.pro.int.TransactionManager] (kafka-producer-network-thread | Producer-topic-99260e68_61c0_42af_bed2_9d38aa0a5b4b) [Producer clientId=Producer-topic-99260e68_61c0_42af_bed2_9d38aa0a5b4b] ProducerId set to 12 with epoch 0
2025-08-13 02:22:29,182 INFO  [org.apa.kaf.cli.con.ConsumerConfig] (main) These configurations '[apicurio.registry.url]' were supplied but are not used yet.
2025-08-13 02:22:29,182 INFO  [org.apa.kaf.com.uti.AppInfoParser] (main) Kafka version: 3.9.1
2025-08-13 02:22:29,182 INFO  [org.apa.kaf.com.uti.AppInfoParser] (main) Kafka commitId: f745dfdcee2b9851
2025-08-13 02:22:29,182 INFO  [org.apa.kaf.com.uti.AppInfoParser] (main) Kafka startTimeMs: 1755051749182
2025-08-13 02:22:29,182 INFO  [io.api.tes.ser.api.KafkaSerdesTester] (Thread-672) Sending message {"key11755051748106": "value-0"} to topic topic-99260e68_61c0_42af_bed2_9d38aa0a5b4b
2025-08-13 02:22:29,186 INFO  [DefaultSchemaResolver] (Thread-672) Retrieving schema content using string: {"type":"record","name":"s59adbad7x152ax467cxa523x14220af7427b","namespace":"ns_003f142c_82d2_4ba0_9a70_f020d0f4dc25","fields":[{"name":"key11755051748106","type":"string"}]}
2025-08-13 02:22:29,206 INFO  [io.api.tes.ser.api.KafkaSerdesTester] (Thread-672) Sending message {"key11755051748106": "value-1"} to topic topic-99260e68_61c0_42af_bed2_9d38aa0a5b4b
2025-08-13 02:22:29,207 INFO  [io.api.tes.ser.api.KafkaSerdesTester] (Thread-672) Sending message {"key11755051748106": "value-2"} to topic topic-99260e68_61c0_42af_bed2_9d38aa0a5b4b
2025-08-13 02:22:29,209 INFO  [io.api.tes.ser.api.KafkaSerdesTester] (Thread-672) Sending message {"key11755051748106": "value-3"} to topic topic-99260e68_61c0_42af_bed2_9d38aa0a5b4b
2025-08-13 02:22:29,210 INFO  [io.api.tes.ser.api.KafkaSerdesTester] (Thread-672) Sending message {"key11755051748106": "value-4"} to topic topic-99260e68_61c0_42af_bed2_9d38aa0a5b4b
2025-08-13 02:22:29,212 INFO  [io.api.tes.ser.api.KafkaSerdesTester] (Thread-672) Sending message {"key11755051748106": "value-5"} to topic topic-99260e68_61c0_42af_bed2_9d38aa0a5b4b
2025-08-13 02:22:29,213 INFO  [io.api.tes.ser.api.KafkaSerdesTester] (Thread-672) Sending message {"key11755051748106": "value-6"} to topic topic-99260e68_61c0_42af_bed2_9d38aa0a5b4b
2025-08-13 02:22:29,214 INFO  [io.api.tes.ser.api.KafkaSerdesTester] (Thread-672) Sending message {"key11755051748106": "value-7"} to topic topic-99260e68_61c0_42af_bed2_9d38aa0a5b4b
2025-08-13 02:22:29,216 INFO  [io.api.tes.ser.api.KafkaSerdesTester] (Thread-672) Sending message {"key11755051748106": "value-8"} to topic topic-99260e68_61c0_42af_bed2_9d38aa0a5b4b
2025-08-13 02:22:29,219 INFO  [io.api.tes.ser.api.KafkaSerdesTester] (Thread-672) Sending message {"key11755051748106": "value-9"} to topic topic-99260e68_61c0_42af_bed2_9d38aa0a5b4b
2025-08-13 02:22:29,222 INFO  [io.api.tes.ser.api.KafkaSerdesTester] (Thread-672) Produced 10 messages
2025-08-13 02:22:29,222 INFO  [org.apa.kaf.cli.pro.KafkaProducer] (Thread-672) [Producer clientId=Producer-topic-99260e68_61c0_42af_bed2_9d38aa0a5b4b] Closing the Kafka producer with timeoutMillis = 9223372036854775807 ms.
2025-08-13 02:22:29,228 INFO  [org.apa.kaf.com.met.Metrics] (Thread-672) Metrics scheduler closed
2025-08-13 02:22:29,228 INFO  [org.apa.kaf.com.met.Metrics] (Thread-672) Closing reporter org.apache.kafka.common.metrics.JmxReporter
2025-08-13 02:22:29,228 INFO  [org.apa.kaf.com.met.Metrics] (Thread-672) Closing reporter org.apache.kafka.common.telemetry.internals.ClientTelemetryReporter
2025-08-13 02:22:29,228 INFO  [org.apa.kaf.com.met.Metrics] (Thread-672) Metrics reporters closed
2025-08-13 02:22:29,228 INFO  [org.apa.kaf.com.uti.AppInfoParser] (Thread-672) App info kafka.producer for Producer-topic-99260e68_61c0_42af_bed2_9d38aa0a5b4b unregistered
2025-08-13 02:22:29,231 INFO  [org.apa.kaf.cli.con.int.ClassicKafkaConsumer] (Thread-673) [Consumer clientId=consumer-Consumer-topic-99260e68_61c0_42af_bed2_9d38aa0a5b4b-10, groupId=Consumer-topic-99260e68_61c0_42af_bed2_9d38aa0a5b4b] Subscribed to topic(s): topic-99260e68_61c0_42af_bed2_9d38aa0a5b4b
2025-08-13 02:22:29,242 INFO  [org.apa.kaf.cli.Metadata] (Thread-673) [Consumer clientId=consumer-Consumer-topic-99260e68_61c0_42af_bed2_9d38aa0a5b4b-10, groupId=Consumer-topic-99260e68_61c0_42af_bed2_9d38aa0a5b4b] Cluster ID: pj3cISz0Q0OVF0qikwHveQ
2025-08-13 02:22:29,242 INFO  [org.apa.kaf.cli.con.int.ConsumerCoordinator] (Thread-673) [Consumer clientId=consumer-Consumer-topic-99260e68_61c0_42af_bed2_9d38aa0a5b4b-10, groupId=Consumer-topic-99260e68_61c0_42af_bed2_9d38aa0a5b4b] Discovered group coordinator localhost:32769 (id: 2147483647 rack: null)
2025-08-13 02:22:29,250 INFO  [org.apa.kaf.cli.con.int.ConsumerCoordinator] (Thread-673) [Consumer clientId=consumer-Consumer-topic-99260e68_61c0_42af_bed2_9d38aa0a5b4b-10, groupId=Consumer-topic-99260e68_61c0_42af_bed2_9d38aa0a5b4b] (Re-)joining group
2025-08-13 02:22:29,255 INFO  [org.apa.kaf.cli.con.int.ConsumerCoordinator] (Thread-673) [Consumer clientId=consumer-Consumer-topic-99260e68_61c0_42af_bed2_9d38aa0a5b4b-10, groupId=Consumer-topic-99260e68_61c0_42af_bed2_9d38aa0a5b4b] Request joining group due to: need to re-join with the given member-id: consumer-Consumer-topic-99260e68_61c0_42af_bed2_9d38aa0a5b4b-10-aa9f0500-c754-402d-a429-f6796aa9348a
2025-08-13 02:22:29,255 INFO  [org.apa.kaf.cli.con.int.ConsumerCoordinator] (Thread-673) [Consumer clientId=consumer-Consumer-topic-99260e68_61c0_42af_bed2_9d38aa0a5b4b-10, groupId=Consumer-topic-99260e68_61c0_42af_bed2_9d38aa0a5b4b] (Re-)joining group
2025-08-13 02:22:30,231 INFO  [io.api.tes.ser.api.KafkaSerdesTester] (Thread-673) None found
2025-08-13 02:22:31,231 INFO  [io.api.tes.ser.api.KafkaSerdesTester] (Thread-673) None found
2025-08-13 02:22:32,231 INFO  [io.api.tes.ser.api.KafkaSerdesTester] (Thread-673) None found
2025-08-13 02:22:32,257 INFO  [org.apa.kaf.cli.con.int.ConsumerCoordinator] (Thread-673) [Consumer clientId=consumer-Consumer-topic-99260e68_61c0_42af_bed2_9d38aa0a5b4b-10, groupId=Consumer-topic-99260e68_61c0_42af_bed2_9d38aa0a5b4b] Successfully joined group with generation Generation{generationId=1, memberId='consumer-Consumer-topic-99260e68_61c0_42af_bed2_9d38aa0a5b4b-10-aa9f0500-c754-402d-a429-f6796aa9348a', protocol='range'}
2025-08-13 02:22:32,257 INFO  [org.apa.kaf.cli.con.int.ConsumerCoordinator] (Thread-673) [Consumer clientId=consumer-Consumer-topic-99260e68_61c0_42af_bed2_9d38aa0a5b4b-10, groupId=Consumer-topic-99260e68_61c0_42af_bed2_9d38aa0a5b4b] Finished assignment for group at generation 1: {consumer-Consumer-topic-99260e68_61c0_42af_bed2_9d38aa0a5b4b-10-aa9f0500-c754-402d-a429-f6796aa9348a=Assignment(partitions=[topic-99260e68_61c0_42af_bed2_9d38aa0a5b4b-0])}
2025-08-13 02:22:32,264 INFO  [org.apa.kaf.cli.con.int.ConsumerCoordinator] (Thread-673) [Consumer clientId=consumer-Consumer-topic-99260e68_61c0_42af_bed2_9d38aa0a5b4b-10, groupId=Consumer-topic-99260e68_61c0_42af_bed2_9d38aa0a5b4b] Successfully synced group in generation Generation{generationId=1, memberId='consumer-Consumer-topic-99260e68_61c0_42af_bed2_9d38aa0a5b4b-10-aa9f0500-c754-402d-a429-f6796aa9348a', protocol='range'}
2025-08-13 02:22:32,264 INFO  [org.apa.kaf.cli.con.int.ConsumerCoordinator] (Thread-673) [Consumer clientId=consumer-Consumer-topic-99260e68_61c0_42af_bed2_9d38aa0a5b4b-10, groupId=Consumer-topic-99260e68_61c0_42af_bed2_9d38aa0a5b4b] Notifying assignor about the new Assignment(partitions=[topic-99260e68_61c0_42af_bed2_9d38aa0a5b4b-0])
2025-08-13 02:22:32,264 INFO  [org.apa.kaf.cli.con.int.ConsumerRebalanceListenerInvoker] (Thread-673) [Consumer clientId=consumer-Consumer-topic-99260e68_61c0_42af_bed2_9d38aa0a5b4b-10, groupId=Consumer-topic-99260e68_61c0_42af_bed2_9d38aa0a5b4b] Adding newly assigned partitions: topic-99260e68_61c0_42af_bed2_9d38aa0a5b4b-0
2025-08-13 02:22:32,265 INFO  [org.apa.kaf.cli.con.int.ConsumerCoordinator] (Thread-673) [Consumer clientId=consumer-Consumer-topic-99260e68_61c0_42af_bed2_9d38aa0a5b4b-10, groupId=Consumer-topic-99260e68_61c0_42af_bed2_9d38aa0a5b4b] Found no committed offset for partition topic-99260e68_61c0_42af_bed2_9d38aa0a5b4b-0
2025-08-13 02:22:32,268 INFO  [org.apa.kaf.cli.con.int.SubscriptionState] (Thread-673) [Consumer clientId=consumer-Consumer-topic-99260e68_61c0_42af_bed2_9d38aa0a5b4b-10, groupId=Consumer-topic-99260e68_61c0_42af_bed2_9d38aa0a5b4b] Resetting offset for partition topic-99260e68_61c0_42af_bed2_9d38aa0a5b4b-0 to position FetchPosition{offset=0, offsetEpoch=Optional.empty, currentLeader=LeaderAndEpoch{leader=Optional[localhost:32769 (id: 0 rack: null)], epoch=0}}.
2025-08-13 02:22:32,293 INFO  [io.api.tes.ser.api.KafkaSerdesTester] (Thread-673) topic-99260e68_61c0_42af_bed2_9d38aa0a5b4b 0 0 {"key11755051748106": "value-0"}
2025-08-13 02:22:32,293 INFO  [io.api.tes.ser.api.KafkaSerdesTester] (Thread-673) topic-99260e68_61c0_42af_bed2_9d38aa0a5b4b 0 1 {"key11755051748106": "value-1"}
2025-08-13 02:22:32,293 INFO  [io.api.tes.ser.api.KafkaSerdesTester] (Thread-673) topic-99260e68_61c0_42af_bed2_9d38aa0a5b4b 0 2 {"key11755051748106": "value-2"}
2025-08-13 02:22:32,293 INFO  [io.api.tes.ser.api.KafkaSerdesTester] (Thread-673) topic-99260e68_61c0_42af_bed2_9d38aa0a5b4b 0 3 {"key11755051748106": "value-3"}
2025-08-13 02:22:32,293 INFO  [io.api.tes.ser.api.KafkaSerdesTester] (Thread-673) topic-99260e68_61c0_42af_bed2_9d38aa0a5b4b 0 4 {"key11755051748106": "value-4"}
2025-08-13 02:22:32,293 INFO  [io.api.tes.ser.api.KafkaSerdesTester] (Thread-673) topic-99260e68_61c0_42af_bed2_9d38aa0a5b4b 0 5 {"key11755051748106": "value-5"}
2025-08-13 02:22:32,293 INFO  [io.api.tes.ser.api.KafkaSerdesTester] (Thread-673) topic-99260e68_61c0_42af_bed2_9d38aa0a5b4b 0 6 {"key11755051748106": "value-6"}
2025-08-13 02:22:32,293 INFO  [io.api.tes.ser.api.KafkaSerdesTester] (Thread-673) topic-99260e68_61c0_42af_bed2_9d38aa0a5b4b 0 7 {"key11755051748106": "value-7"}
2025-08-13 02:22:32,293 INFO  [io.api.tes.ser.api.KafkaSerdesTester] (Thread-673) topic-99260e68_61c0_42af_bed2_9d38aa0a5b4b 0 8 {"key11755051748106": "value-8"}
2025-08-13 02:22:32,293 INFO  [io.api.tes.ser.api.KafkaSerdesTester] (Thread-673) topic-99260e68_61c0_42af_bed2_9d38aa0a5b4b 0 9 {"key11755051748106": "value-9"}
2025-08-13 02:22:32,293 INFO  [io.api.tes.ser.api.KafkaSerdesTester] (Thread-673) Consumed 10 messages
2025-08-13 02:22:32,300 INFO  [org.apa.kaf.cli.con.int.ConsumerRebalanceListenerInvoker] (Thread-673) [Consumer clientId=consumer-Consumer-topic-99260e68_61c0_42af_bed2_9d38aa0a5b4b-10, groupId=Consumer-topic-99260e68_61c0_42af_bed2_9d38aa0a5b4b] Revoke previously assigned partitions topic-99260e68_61c0_42af_bed2_9d38aa0a5b4b-0
2025-08-13 02:22:32,300 INFO  [org.apa.kaf.cli.con.int.ConsumerCoordinator] (Thread-673) [Consumer clientId=consumer-Consumer-topic-99260e68_61c0_42af_bed2_9d38aa0a5b4b-10, groupId=Consumer-topic-99260e68_61c0_42af_bed2_9d38aa0a5b4b] Member consumer-Consumer-topic-99260e68_61c0_42af_bed2_9d38aa0a5b4b-10-aa9f0500-c754-402d-a429-f6796aa9348a sending LeaveGroup request to coordinator localhost:32769 (id: 2147483647 rack: null) due to the consumer is being closed
2025-08-13 02:22:32,301 INFO  [org.apa.kaf.cli.con.int.ConsumerCoordinator] (Thread-673) [Consumer clientId=consumer-Consumer-topic-99260e68_61c0_42af_bed2_9d38aa0a5b4b-10, groupId=Consumer-topic-99260e68_61c0_42af_bed2_9d38aa0a5b4b] Resetting generation and member id due to: consumer pro-actively leaving the group
2025-08-13 02:22:32,301 INFO  [org.apa.kaf.cli.con.int.ConsumerCoordinator] (Thread-673) [Consumer clientId=consumer-Consumer-topic-99260e68_61c0_42af_bed2_9d38aa0a5b4b-10, groupId=Consumer-topic-99260e68_61c0_42af_bed2_9d38aa0a5b4b] Request joining group due to: consumer pro-actively leaving the group
2025-08-13 02:22:32,796 INFO  [org.apa.kaf.com.met.Metrics] (Thread-673) Metrics scheduler closed
2025-08-13 02:22:32,796 INFO  [org.apa.kaf.com.met.Metrics] (Thread-673) Closing reporter org.apache.kafka.common.metrics.JmxReporter
2025-08-13 02:22:32,796 INFO  [org.apa.kaf.com.met.Metrics] (Thread-673) Closing reporter org.apache.kafka.common.telemetry.internals.ClientTelemetryReporter
2025-08-13 02:22:32,796 INFO  [org.apa.kaf.com.met.Metrics] (Thread-673) Metrics reporters closed
2025-08-13 02:22:32,798 INFO  [org.apa.kaf.com.uti.AppInfoParser] (Thread-673) App info kafka.consumer for consumer-Consumer-topic-99260e68_61c0_42af_bed2_9d38aa0a5b4b-10 unregistered
2025-08-13 02:22:32,799 INFO  [io.api.tes.ser.api.AvroSerdeIT] (main) Registering Avro Schema 2: {"type":"record","name":"s59adbad7x152ax467cxa523x14220af7427b","namespace":"ns_003f142c_82d2_4ba0_9a70_f020d0f4dc25","fields":[{"name":"key11755051748106","type":"string"},{"name":"key21755051752798","type":"string"}]}
**** Registry Base URL: http://registry-app-ksql043.apps.ci419.apicurio-testing.org:80
2025-08-13 02:22:33,868 INFO  [org.apa.kaf.cli.pro.ProducerConfig] (main) ProducerConfig values: 
	acks = -1
	auto.include.jmx.reporter = true
	batch.size = 16384
	bootstrap.servers = [PLAINTEXT://localhost:32769]
	buffer.memory = 33554432
	client.dns.lookup = use_all_dns_ips
	client.id = Producer-topic-99260e68_61c0_42af_bed2_9d38aa0a5b4b
	compression.gzip.level = -1
	compression.lz4.level = 9
	compression.type = none
	compression.zstd.level = 3
	connections.max.idle.ms = 10000
	delivery.timeout.ms = 120000
	enable.idempotence = true
	enable.metrics.push = true
	interceptor.classes = []
	key.serializer = class org.apache.kafka.common.serialization.StringSerializer
	linger.ms = 0
	max.block.ms = 60000
	max.in.flight.requests.per.connection = 5
	max.request.size = 1048576
	metadata.max.age.ms = 300000
	metadata.max.idle.ms = 300000
	metadata.recovery.strategy = none
	metric.reporters = []
	metrics.num.samples = 2
	metrics.recording.level = INFO
	metrics.sample.window.ms = 30000
	partitioner.adaptive.partitioning.enable = true
	partitioner.availability.timeout.ms = 0
	partitioner.class = null
	partitioner.ignore.keys = false
	receive.buffer.bytes = 32768
	reconnect.backoff.max.ms = 1000
	reconnect.backoff.ms = 50
	request.timeout.ms = 5000
	retries = 2147483647
	retry.backoff.max.ms = 1000
	retry.backoff.ms = 100
	sasl.client.callback.handler.class = null
	sasl.jaas.config = null
	sasl.kerberos.kinit.cmd = /usr/bin/kinit
	sasl.kerberos.min.time.before.relogin = 60000
	sasl.kerberos.service.name = null
	sasl.kerberos.ticket.renew.jitter = 0.05
	sasl.kerberos.ticket.renew.window.factor = 0.8
	sasl.login.callback.handler.class = null
	sasl.login.class = null
	sasl.login.connect.timeout.ms = null
	sasl.login.read.timeout.ms = null
	sasl.login.refresh.buffer.seconds = 300
	sasl.login.refresh.min.period.seconds = 60
	sasl.login.refresh.window.factor = 0.8
	sasl.login.refresh.window.jitter = 0.05
	sasl.login.retry.backoff.max.ms = 10000
	sasl.login.retry.backoff.ms = 100
	sasl.mechanism = GSSAPI
	sasl.oauthbearer.clock.skew.seconds = 30
	sasl.oauthbearer.expected.audience = null
	sasl.oauthbearer.expected.issuer = null
	sasl.oauthbearer.header.urlencode = false
	sasl.oauthbearer.jwks.endpoint.refresh.ms = 3600000
	sasl.oauthbearer.jwks.endpoint.retry.backoff.max.ms = 10000
	sasl.oauthbearer.jwks.endpoint.retry.backoff.ms = 100
	sasl.oauthbearer.jwks.endpoint.url = null
	sasl.oauthbearer.scope.claim.name = scope
	sasl.oauthbearer.sub.claim.name = sub
	sasl.oauthbearer.token.endpoint.url = null
	security.protocol = PLAINTEXT
	security.providers = null
	send.buffer.bytes = 131072
	socket.connection.setup.timeout.max.ms = 30000
	socket.connection.setup.timeout.ms = 10000
	ssl.cipher.suites = null
	ssl.enabled.protocols = [TLSv1.2, TLSv1.3]
	ssl.endpoint.identification.algorithm = https
	ssl.engine.factory.class = null
	ssl.key.password = null
	ssl.keymanager.algorithm = SunX509
	ssl.keystore.certificate.chain = null
	ssl.keystore.key = null
	ssl.keystore.location = null
	ssl.keystore.password = null
	ssl.keystore.type = JKS
	ssl.protocol = TLSv1.3
	ssl.provider = null
	ssl.secure.random.implementation = null
	ssl.trustmanager.algorithm = PKIX
	ssl.truststore.certificates = null
	ssl.truststore.location = null
	ssl.truststore.password = null
	ssl.truststore.type = JKS
	transaction.timeout.ms = 60000
	transactional.id = null
	value.serializer = class io.apicurio.registry.serde.avro.AvroKafkaSerializer

2025-08-13 02:22:33,868 INFO  [org.apa.kaf.com.tel.int.KafkaMetricsCollector] (main) initializing Kafka metrics collector
2025-08-13 02:22:33,872 INFO  [org.apa.kaf.cli.pro.KafkaProducer] (main) [Producer clientId=Producer-topic-99260e68_61c0_42af_bed2_9d38aa0a5b4b] Instantiated an idempotent producer.
2025-08-13 02:22:33,873 INFO  [org.apa.kaf.cli.pro.ProducerConfig] (main) These configurations '[apicurio.registry.url, apicurio.registry.artifact-resolver-strategy]' were supplied but are not used yet.
2025-08-13 02:22:33,873 INFO  [org.apa.kaf.com.uti.AppInfoParser] (main) Kafka version: 3.9.1
2025-08-13 02:22:33,873 INFO  [org.apa.kaf.com.uti.AppInfoParser] (main) Kafka commitId: f745dfdcee2b9851
2025-08-13 02:22:33,873 INFO  [org.apa.kaf.com.uti.AppInfoParser] (main) Kafka startTimeMs: 1755051753873
2025-08-13 02:22:33,875 INFO  [io.api.tes.ser.api.KafkaSerdesTester] (Thread-676) Sending message {"key11755051748106": "value-0", "key21755051752798": "value-0"} to topic topic-99260e68_61c0_42af_bed2_9d38aa0a5b4b
2025-08-13 02:22:33,879 INFO  [org.apa.kaf.cli.Metadata] (kafka-producer-network-thread | Producer-topic-99260e68_61c0_42af_bed2_9d38aa0a5b4b) [Producer clientId=Producer-topic-99260e68_61c0_42af_bed2_9d38aa0a5b4b] Cluster ID: pj3cISz0Q0OVF0qikwHveQ
2025-08-13 02:22:33,879 INFO  [org.apa.kaf.cli.pro.int.TransactionManager] (kafka-producer-network-thread | Producer-topic-99260e68_61c0_42af_bed2_9d38aa0a5b4b) [Producer clientId=Producer-topic-99260e68_61c0_42af_bed2_9d38aa0a5b4b] ProducerId set to 13 with epoch 0
2025-08-13 02:22:33,879 INFO  [DefaultSchemaResolver] (Thread-676) Retrieving schema content using string: {"type":"record","name":"s59adbad7x152ax467cxa523x14220af7427b","namespace":"ns_003f142c_82d2_4ba0_9a70_f020d0f4dc25","fields":[{"name":"key11755051748106","type":"string"},{"name":"key21755051752798","type":"string"}]}
2025-08-13 02:22:33,904 INFO  [io.api.tes.ser.api.KafkaSerdesTester] (Thread-676) Sending message {"key11755051748106": "value-1", "key21755051752798": "value-1"} to topic topic-99260e68_61c0_42af_bed2_9d38aa0a5b4b
2025-08-13 02:22:33,905 INFO  [io.api.tes.ser.api.KafkaSerdesTester] (Thread-676) Sending message {"key11755051748106": "value-2", "key21755051752798": "value-2"} to topic topic-99260e68_61c0_42af_bed2_9d38aa0a5b4b
2025-08-13 02:22:33,909 INFO  [io.api.tes.ser.api.KafkaSerdesTester] (Thread-676) Sending message {"key11755051748106": "value-3", "key21755051752798": "value-3"} to topic topic-99260e68_61c0_42af_bed2_9d38aa0a5b4b
2025-08-13 02:22:33,910 INFO  [io.api.tes.ser.api.KafkaSerdesTester] (Thread-676) Sending message {"key11755051748106": "value-4", "key21755051752798": "value-4"} to topic topic-99260e68_61c0_42af_bed2_9d38aa0a5b4b
2025-08-13 02:22:33,911 INFO  [io.api.tes.ser.api.KafkaSerdesTester] (Thread-676) Sending message {"key11755051748106": "value-5", "key21755051752798": "value-5"} to topic topic-99260e68_61c0_42af_bed2_9d38aa0a5b4b
2025-08-13 02:22:33,918 INFO  [io.api.tes.ser.api.KafkaSerdesTester] (Thread-676) Sending message {"key11755051748106": "value-6", "key21755051752798": "value-6"} to topic topic-99260e68_61c0_42af_bed2_9d38aa0a5b4b
2025-08-13 02:22:33,920 INFO  [io.api.tes.ser.api.KafkaSerdesTester] (Thread-676) Sending message {"key11755051748106": "value-7", "key21755051752798": "value-7"} to topic topic-99260e68_61c0_42af_bed2_9d38aa0a5b4b
2025-08-13 02:22:33,922 INFO  [io.api.tes.ser.api.KafkaSerdesTester] (Thread-676) Sending message {"key11755051748106": "value-8", "key21755051752798": "value-8"} to topic topic-99260e68_61c0_42af_bed2_9d38aa0a5b4b
2025-08-13 02:22:33,923 INFO  [io.api.tes.ser.api.KafkaSerdesTester] (Thread-676) Sending message {"key11755051748106": "value-9", "key21755051752798": "value-9"} to topic topic-99260e68_61c0_42af_bed2_9d38aa0a5b4b
2025-08-13 02:22:33,925 INFO  [io.api.tes.ser.api.KafkaSerdesTester] (Thread-676) Produced 10 messages
2025-08-13 02:22:33,925 INFO  [org.apa.kaf.cli.pro.KafkaProducer] (Thread-676) [Producer clientId=Producer-topic-99260e68_61c0_42af_bed2_9d38aa0a5b4b] Closing the Kafka producer with timeoutMillis = 9223372036854775807 ms.
2025-08-13 02:22:33,927 INFO  [org.apa.kaf.com.met.Metrics] (Thread-676) Metrics scheduler closed
2025-08-13 02:22:33,927 INFO  [org.apa.kaf.com.met.Metrics] (Thread-676) Closing reporter org.apache.kafka.common.metrics.JmxReporter
2025-08-13 02:22:33,927 INFO  [org.apa.kaf.com.met.Metrics] (Thread-676) Closing reporter org.apache.kafka.common.telemetry.internals.ClientTelemetryReporter
2025-08-13 02:22:33,927 INFO  [org.apa.kaf.com.met.Metrics] (Thread-676) Metrics reporters closed
2025-08-13 02:22:33,927 INFO  [org.apa.kaf.com.uti.AppInfoParser] (Thread-676) App info kafka.producer for Producer-topic-99260e68_61c0_42af_bed2_9d38aa0a5b4b unregistered
**** Registry Base URL: http://registry-app-ksql043.apps.ci419.apicurio-testing.org:80
2025-08-13 02:22:33,928 INFO  [org.apa.kaf.cli.pro.ProducerConfig] (main) ProducerConfig values: 
	acks = -1
	auto.include.jmx.reporter = true
	batch.size = 16384
	bootstrap.servers = [PLAINTEXT://localhost:32769]
	buffer.memory = 33554432
	client.dns.lookup = use_all_dns_ips
	client.id = Producer-topic-99260e68_61c0_42af_bed2_9d38aa0a5b4b
	compression.gzip.level = -1
	compression.lz4.level = 9
	compression.type = none
	compression.zstd.level = 3
	connections.max.idle.ms = 10000
	delivery.timeout.ms = 120000
	enable.idempotence = true
	enable.metrics.push = true
	interceptor.classes = []
	key.serializer = class org.apache.kafka.common.serialization.StringSerializer
	linger.ms = 0
	max.block.ms = 60000
	max.in.flight.requests.per.connection = 5
	max.request.size = 1048576
	metadata.max.age.ms = 300000
	metadata.max.idle.ms = 300000
	metadata.recovery.strategy = none
	metric.reporters = []
	metrics.num.samples = 2
	metrics.recording.level = INFO
	metrics.sample.window.ms = 30000
	partitioner.adaptive.partitioning.enable = true
	partitioner.availability.timeout.ms = 0
	partitioner.class = null
	partitioner.ignore.keys = false
	receive.buffer.bytes = 32768
	reconnect.backoff.max.ms = 1000
	reconnect.backoff.ms = 50
	request.timeout.ms = 5000
	retries = 2147483647
	retry.backoff.max.ms = 1000
	retry.backoff.ms = 100
	sasl.client.callback.handler.class = null
	sasl.jaas.config = null
	sasl.kerberos.kinit.cmd = /usr/bin/kinit
	sasl.kerberos.min.time.before.relogin = 60000
	sasl.kerberos.service.name = null
	sasl.kerberos.ticket.renew.jitter = 0.05
	sasl.kerberos.ticket.renew.window.factor = 0.8
	sasl.login.callback.handler.class = null
	sasl.login.class = null
	sasl.login.connect.timeout.ms = null
	sasl.login.read.timeout.ms = null
	sasl.login.refresh.buffer.seconds = 300
	sasl.login.refresh.min.period.seconds = 60
	sasl.login.refresh.window.factor = 0.8
	sasl.login.refresh.window.jitter = 0.05
	sasl.login.retry.backoff.max.ms = 10000
	sasl.login.retry.backoff.ms = 100
	sasl.mechanism = GSSAPI
	sasl.oauthbearer.clock.skew.seconds = 30
	sasl.oauthbearer.expected.audience = null
	sasl.oauthbearer.expected.issuer = null
	sasl.oauthbearer.header.urlencode = false
	sasl.oauthbearer.jwks.endpoint.refresh.ms = 3600000
	sasl.oauthbearer.jwks.endpoint.retry.backoff.max.ms = 10000
	sasl.oauthbearer.jwks.endpoint.retry.backoff.ms = 100
	sasl.oauthbearer.jwks.endpoint.url = null
	sasl.oauthbearer.scope.claim.name = scope
	sasl.oauthbearer.sub.claim.name = sub
	sasl.oauthbearer.token.endpoint.url = null
	security.protocol = PLAINTEXT
	security.providers = null
	send.buffer.bytes = 131072
	socket.connection.setup.timeout.max.ms = 30000
	socket.connection.setup.timeout.ms = 10000
	ssl.cipher.suites = null
	ssl.enabled.protocols = [TLSv1.2, TLSv1.3]
	ssl.endpoint.identification.algorithm = https
	ssl.engine.factory.class = null
	ssl.key.password = null
	ssl.keymanager.algorithm = SunX509
	ssl.keystore.certificate.chain = null
	ssl.keystore.key = null
	ssl.keystore.location = null
	ssl.keystore.password = null
	ssl.keystore.type = JKS
	ssl.protocol = TLSv1.3
	ssl.provider = null
	ssl.secure.random.implementation = null
	ssl.trustmanager.algorithm = PKIX
	ssl.truststore.certificates = null
	ssl.truststore.location = null
	ssl.truststore.password = null
	ssl.truststore.type = JKS
	transaction.timeout.ms = 60000
	transactional.id = null
	value.serializer = class io.apicurio.registry.serde.avro.AvroKafkaSerializer

2025-08-13 02:22:33,928 INFO  [org.apa.kaf.com.tel.int.KafkaMetricsCollector] (main) initializing Kafka metrics collector
2025-08-13 02:22:33,931 INFO  [org.apa.kaf.cli.pro.KafkaProducer] (main) [Producer clientId=Producer-topic-99260e68_61c0_42af_bed2_9d38aa0a5b4b] Instantiated an idempotent producer.
2025-08-13 02:22:33,933 INFO  [org.apa.kaf.cli.pro.ProducerConfig] (main) These configurations '[apicurio.registry.url, apicurio.registry.artifact-resolver-strategy]' were supplied but are not used yet.
2025-08-13 02:22:33,933 INFO  [org.apa.kaf.com.uti.AppInfoParser] (main) Kafka version: 3.9.1
2025-08-13 02:22:33,933 INFO  [org.apa.kaf.com.uti.AppInfoParser] (main) Kafka commitId: f745dfdcee2b9851
2025-08-13 02:22:33,933 INFO  [org.apa.kaf.com.uti.AppInfoParser] (main) Kafka startTimeMs: 1755051753933
2025-08-13 02:22:33,934 INFO  [io.api.tes.ser.api.KafkaSerdesTester] (Thread-679) Sending message {"key11755051748106": "value-0"} to topic topic-99260e68_61c0_42af_bed2_9d38aa0a5b4b
2025-08-13 02:22:33,937 INFO  [org.apa.kaf.cli.Metadata] (kafka-producer-network-thread | Producer-topic-99260e68_61c0_42af_bed2_9d38aa0a5b4b) [Producer clientId=Producer-topic-99260e68_61c0_42af_bed2_9d38aa0a5b4b] Cluster ID: pj3cISz0Q0OVF0qikwHveQ
2025-08-13 02:22:33,937 INFO  [org.apa.kaf.cli.pro.int.TransactionManager] (kafka-producer-network-thread | Producer-topic-99260e68_61c0_42af_bed2_9d38aa0a5b4b) [Producer clientId=Producer-topic-99260e68_61c0_42af_bed2_9d38aa0a5b4b] ProducerId set to 14 with epoch 0
2025-08-13 02:22:33,938 INFO  [DefaultSchemaResolver] (Thread-679) Retrieving schema content using string: {"type":"record","name":"s59adbad7x152ax467cxa523x14220af7427b","namespace":"ns_003f142c_82d2_4ba0_9a70_f020d0f4dc25","fields":[{"name":"key11755051748106","type":"string"}]}
2025-08-13 02:22:33,962 INFO  [io.api.tes.ser.api.KafkaSerdesTester] (Thread-679) Sending message {"key11755051748106": "value-1"} to topic topic-99260e68_61c0_42af_bed2_9d38aa0a5b4b
2025-08-13 02:22:33,964 INFO  [io.api.tes.ser.api.KafkaSerdesTester] (Thread-679) Sending message {"key11755051748106": "value-2"} to topic topic-99260e68_61c0_42af_bed2_9d38aa0a5b4b
2025-08-13 02:22:33,965 INFO  [io.api.tes.ser.api.KafkaSerdesTester] (Thread-679) Sending message {"key11755051748106": "value-3"} to topic topic-99260e68_61c0_42af_bed2_9d38aa0a5b4b
2025-08-13 02:22:33,967 INFO  [io.api.tes.ser.api.KafkaSerdesTester] (Thread-679) Sending message {"key11755051748106": "value-4"} to topic topic-99260e68_61c0_42af_bed2_9d38aa0a5b4b
2025-08-13 02:22:33,968 INFO  [io.api.tes.ser.api.KafkaSerdesTester] (Thread-679) Sending message {"key11755051748106": "value-5"} to topic topic-99260e68_61c0_42af_bed2_9d38aa0a5b4b
2025-08-13 02:22:33,970 INFO  [io.api.tes.ser.api.KafkaSerdesTester] (Thread-679) Sending message {"key11755051748106": "value-6"} to topic topic-99260e68_61c0_42af_bed2_9d38aa0a5b4b
2025-08-13 02:22:33,971 INFO  [io.api.tes.ser.api.KafkaSerdesTester] (Thread-679) Sending message {"key11755051748106": "value-7"} to topic topic-99260e68_61c0_42af_bed2_9d38aa0a5b4b
2025-08-13 02:22:33,972 INFO  [io.api.tes.ser.api.KafkaSerdesTester] (Thread-679) Sending message {"key11755051748106": "value-8"} to topic topic-99260e68_61c0_42af_bed2_9d38aa0a5b4b
2025-08-13 02:22:33,974 INFO  [io.api.tes.ser.api.KafkaSerdesTester] (Thread-679) Sending message {"key11755051748106": "value-9"} to topic topic-99260e68_61c0_42af_bed2_9d38aa0a5b4b
2025-08-13 02:22:33,976 INFO  [io.api.tes.ser.api.KafkaSerdesTester] (Thread-679) Produced 10 messages
2025-08-13 02:22:33,976 INFO  [org.apa.kaf.cli.pro.KafkaProducer] (Thread-679) [Producer clientId=Producer-topic-99260e68_61c0_42af_bed2_9d38aa0a5b4b] Closing the Kafka producer with timeoutMillis = 9223372036854775807 ms.
2025-08-13 02:22:33,979 INFO  [org.apa.kaf.com.met.Metrics] (Thread-679) Metrics scheduler closed
2025-08-13 02:22:33,979 INFO  [org.apa.kaf.com.met.Metrics] (Thread-679) Closing reporter org.apache.kafka.common.metrics.JmxReporter
2025-08-13 02:22:33,979 INFO  [org.apa.kaf.com.met.Metrics] (Thread-679) Closing reporter org.apache.kafka.common.telemetry.internals.ClientTelemetryReporter
2025-08-13 02:22:33,979 INFO  [org.apa.kaf.com.met.Metrics] (Thread-679) Metrics reporters closed
2025-08-13 02:22:33,979 INFO  [org.apa.kaf.com.uti.AppInfoParser] (Thread-679) App info kafka.producer for Producer-topic-99260e68_61c0_42af_bed2_9d38aa0a5b4b unregistered
**** Registry Base URL: http://registry-app-ksql043.apps.ci419.apicurio-testing.org:80
2025-08-13 02:22:33,979 INFO  [org.apa.kaf.cli.con.ConsumerConfig] (main) ConsumerConfig values: 
	allow.auto.create.topics = true
	auto.commit.interval.ms = 500
	auto.include.jmx.reporter = true
	auto.offset.reset = earliest
	bootstrap.servers = [PLAINTEXT://localhost:32769]
	check.crcs = true
	client.dns.lookup = use_all_dns_ips
	client.id = consumer-Consumer-topic-99260e68_61c0_42af_bed2_9d38aa0a5b4b-11
	client.rack = 
	connections.max.idle.ms = 10000
	default.api.timeout.ms = 60000
	enable.auto.commit = true
	enable.metrics.push = true
	exclude.internal.topics = true
	fetch.max.bytes = 52428800
	fetch.max.wait.ms = 500
	fetch.min.bytes = 1
	group.id = Consumer-topic-99260e68_61c0_42af_bed2_9d38aa0a5b4b
	group.instance.id = null
	group.protocol = classic
	group.remote.assignor = null
	heartbeat.interval.ms = 3000
	interceptor.classes = []
	internal.leave.group.on.close = true
	internal.throw.on.fetch.stable.offset.unsupported = false
	isolation.level = read_uncommitted
	key.deserializer = class org.apache.kafka.common.serialization.StringDeserializer
	max.partition.fetch.bytes = 1048576
	max.poll.interval.ms = 300000
	max.poll.records = 500
	metadata.max.age.ms = 300000
	metadata.recovery.strategy = none
	metric.reporters = []
	metrics.num.samples = 2
	metrics.recording.level = INFO
	metrics.sample.window.ms = 30000
	partition.assignment.strategy = [class org.apache.kafka.clients.consumer.RangeAssignor, class org.apache.kafka.clients.consumer.CooperativeStickyAssignor]
	receive.buffer.bytes = 65536
	reconnect.backoff.max.ms = 1000
	reconnect.backoff.ms = 50
	request.timeout.ms = 5000
	retry.backoff.max.ms = 1000
	retry.backoff.ms = 100
	sasl.client.callback.handler.class = null
	sasl.jaas.config = null
	sasl.kerberos.kinit.cmd = /usr/bin/kinit
	sasl.kerberos.min.time.before.relogin = 60000
	sasl.kerberos.service.name = null
	sasl.kerberos.ticket.renew.jitter = 0.05
	sasl.kerberos.ticket.renew.window.factor = 0.8
	sasl.login.callback.handler.class = null
	sasl.login.class = null
	sasl.login.connect.timeout.ms = null
	sasl.login.read.timeout.ms = null
	sasl.login.refresh.buffer.seconds = 300
	sasl.login.refresh.min.period.seconds = 60
	sasl.login.refresh.window.factor = 0.8
	sasl.login.refresh.window.jitter = 0.05
	sasl.login.retry.backoff.max.ms = 10000
	sasl.login.retry.backoff.ms = 100
	sasl.mechanism = GSSAPI
	sasl.oauthbearer.clock.skew.seconds = 30
	sasl.oauthbearer.expected.audience = null
	sasl.oauthbearer.expected.issuer = null
	sasl.oauthbearer.header.urlencode = false
	sasl.oauthbearer.jwks.endpoint.refresh.ms = 3600000
	sasl.oauthbearer.jwks.endpoint.retry.backoff.max.ms = 10000
	sasl.oauthbearer.jwks.endpoint.retry.backoff.ms = 100
	sasl.oauthbearer.jwks.endpoint.url = null
	sasl.oauthbearer.scope.claim.name = scope
	sasl.oauthbearer.sub.claim.name = sub
	sasl.oauthbearer.token.endpoint.url = null
	security.protocol = PLAINTEXT
	security.providers = null
	send.buffer.bytes = 131072
	session.timeout.ms = 45000
	socket.connection.setup.timeout.max.ms = 30000
	socket.connection.setup.timeout.ms = 10000
	ssl.cipher.suites = null
	ssl.enabled.protocols = [TLSv1.2, TLSv1.3]
	ssl.endpoint.identification.algorithm = https
	ssl.engine.factory.class = null
	ssl.key.password = null
	ssl.keymanager.algorithm = SunX509
	ssl.keystore.certificate.chain = null
	ssl.keystore.key = null
	ssl.keystore.location = null
	ssl.keystore.password = null
	ssl.keystore.type = JKS
	ssl.protocol = TLSv1.3
	ssl.provider = null
	ssl.secure.random.implementation = null
	ssl.trustmanager.algorithm = PKIX
	ssl.truststore.certificates = null
	ssl.truststore.location = null
	ssl.truststore.password = null
	ssl.truststore.type = JKS
	value.deserializer = class io.apicurio.registry.serde.avro.AvroKafkaDeserializer

2025-08-13 02:22:33,980 INFO  [org.apa.kaf.com.tel.int.KafkaMetricsCollector] (main) initializing Kafka metrics collector
2025-08-13 02:22:33,987 INFO  [org.apa.kaf.cli.con.ConsumerConfig] (main) These configurations '[apicurio.registry.url]' were supplied but are not used yet.
2025-08-13 02:22:33,987 INFO  [org.apa.kaf.com.uti.AppInfoParser] (main) Kafka version: 3.9.1
2025-08-13 02:22:33,987 INFO  [org.apa.kaf.com.uti.AppInfoParser] (main) Kafka commitId: f745dfdcee2b9851
2025-08-13 02:22:33,987 INFO  [org.apa.kaf.com.uti.AppInfoParser] (main) Kafka startTimeMs: 1755051753987
2025-08-13 02:22:33,988 INFO  [org.apa.kaf.cli.con.int.ClassicKafkaConsumer] (Thread-682) [Consumer clientId=consumer-Consumer-topic-99260e68_61c0_42af_bed2_9d38aa0a5b4b-11, groupId=Consumer-topic-99260e68_61c0_42af_bed2_9d38aa0a5b4b] Subscribed to topic(s): topic-99260e68_61c0_42af_bed2_9d38aa0a5b4b
2025-08-13 02:22:33,991 INFO  [org.apa.kaf.cli.Metadata] (Thread-682) [Consumer clientId=consumer-Consumer-topic-99260e68_61c0_42af_bed2_9d38aa0a5b4b-11, groupId=Consumer-topic-99260e68_61c0_42af_bed2_9d38aa0a5b4b] Cluster ID: pj3cISz0Q0OVF0qikwHveQ
2025-08-13 02:22:33,991 INFO  [org.apa.kaf.cli.con.int.ConsumerCoordinator] (Thread-682) [Consumer clientId=consumer-Consumer-topic-99260e68_61c0_42af_bed2_9d38aa0a5b4b-11, groupId=Consumer-topic-99260e68_61c0_42af_bed2_9d38aa0a5b4b] Discovered group coordinator localhost:32769 (id: 2147483647 rack: null)
2025-08-13 02:22:33,993 INFO  [org.apa.kaf.cli.con.int.ConsumerCoordinator] (Thread-682) [Consumer clientId=consumer-Consumer-topic-99260e68_61c0_42af_bed2_9d38aa0a5b4b-11, groupId=Consumer-topic-99260e68_61c0_42af_bed2_9d38aa0a5b4b] (Re-)joining group
2025-08-13 02:22:33,995 INFO  [org.apa.kaf.cli.con.int.ConsumerCoordinator] (Thread-682) [Consumer clientId=consumer-Consumer-topic-99260e68_61c0_42af_bed2_9d38aa0a5b4b-11, groupId=Consumer-topic-99260e68_61c0_42af_bed2_9d38aa0a5b4b] Request joining group due to: need to re-join with the given member-id: consumer-Consumer-topic-99260e68_61c0_42af_bed2_9d38aa0a5b4b-11-e3a2a1f1-8285-483f-93ac-24b8e254b91c
2025-08-13 02:22:33,995 INFO  [org.apa.kaf.cli.con.int.ConsumerCoordinator] (Thread-682) [Consumer clientId=consumer-Consumer-topic-99260e68_61c0_42af_bed2_9d38aa0a5b4b-11, groupId=Consumer-topic-99260e68_61c0_42af_bed2_9d38aa0a5b4b] (Re-)joining group
2025-08-13 02:22:34,988 INFO  [io.api.tes.ser.api.KafkaSerdesTester] (Thread-682) None found
2025-08-13 02:22:35,988 INFO  [io.api.tes.ser.api.KafkaSerdesTester] (Thread-682) None found
2025-08-13 02:22:36,988 INFO  [io.api.tes.ser.api.KafkaSerdesTester] (Thread-682) None found
2025-08-13 02:22:36,997 INFO  [org.apa.kaf.cli.con.int.ConsumerCoordinator] (Thread-682) [Consumer clientId=consumer-Consumer-topic-99260e68_61c0_42af_bed2_9d38aa0a5b4b-11, groupId=Consumer-topic-99260e68_61c0_42af_bed2_9d38aa0a5b4b] Successfully joined group with generation Generation{generationId=3, memberId='consumer-Consumer-topic-99260e68_61c0_42af_bed2_9d38aa0a5b4b-11-e3a2a1f1-8285-483f-93ac-24b8e254b91c', protocol='range'}
2025-08-13 02:22:36,997 INFO  [org.apa.kaf.cli.con.int.ConsumerCoordinator] (Thread-682) [Consumer clientId=consumer-Consumer-topic-99260e68_61c0_42af_bed2_9d38aa0a5b4b-11, groupId=Consumer-topic-99260e68_61c0_42af_bed2_9d38aa0a5b4b] Finished assignment for group at generation 3: {consumer-Consumer-topic-99260e68_61c0_42af_bed2_9d38aa0a5b4b-11-e3a2a1f1-8285-483f-93ac-24b8e254b91c=Assignment(partitions=[topic-99260e68_61c0_42af_bed2_9d38aa0a5b4b-0])}
2025-08-13 02:22:37,004 INFO  [org.apa.kaf.cli.con.int.ConsumerCoordinator] (Thread-682) [Consumer clientId=consumer-Consumer-topic-99260e68_61c0_42af_bed2_9d38aa0a5b4b-11, groupId=Consumer-topic-99260e68_61c0_42af_bed2_9d38aa0a5b4b] Successfully synced group in generation Generation{generationId=3, memberId='consumer-Consumer-topic-99260e68_61c0_42af_bed2_9d38aa0a5b4b-11-e3a2a1f1-8285-483f-93ac-24b8e254b91c', protocol='range'}
2025-08-13 02:22:37,004 INFO  [org.apa.kaf.cli.con.int.ConsumerCoordinator] (Thread-682) [Consumer clientId=consumer-Consumer-topic-99260e68_61c0_42af_bed2_9d38aa0a5b4b-11, groupId=Consumer-topic-99260e68_61c0_42af_bed2_9d38aa0a5b4b] Notifying assignor about the new Assignment(partitions=[topic-99260e68_61c0_42af_bed2_9d38aa0a5b4b-0])
2025-08-13 02:22:37,004 INFO  [org.apa.kaf.cli.con.int.ConsumerRebalanceListenerInvoker] (Thread-682) [Consumer clientId=consumer-Consumer-topic-99260e68_61c0_42af_bed2_9d38aa0a5b4b-11, groupId=Consumer-topic-99260e68_61c0_42af_bed2_9d38aa0a5b4b] Adding newly assigned partitions: topic-99260e68_61c0_42af_bed2_9d38aa0a5b4b-0
2025-08-13 02:22:37,006 INFO  [org.apa.kaf.cli.con.int.ConsumerUtils] (Thread-682) Setting offset for partition topic-99260e68_61c0_42af_bed2_9d38aa0a5b4b-0 to the committed offset FetchPosition{offset=10, offsetEpoch=Optional[0], currentLeader=LeaderAndEpoch{leader=Optional[localhost:32769 (id: 0 rack: null)], epoch=0}}
2025-08-13 02:22:37,061 INFO  [io.api.tes.ser.api.KafkaSerdesTester] (Thread-682) topic-99260e68_61c0_42af_bed2_9d38aa0a5b4b 0 10 {"key11755051748106": "value-0", "key21755051752798": "value-0"}
2025-08-13 02:22:37,061 INFO  [io.api.tes.ser.api.KafkaSerdesTester] (Thread-682) topic-99260e68_61c0_42af_bed2_9d38aa0a5b4b 0 11 {"key11755051748106": "value-1", "key21755051752798": "value-1"}
2025-08-13 02:22:37,061 INFO  [io.api.tes.ser.api.KafkaSerdesTester] (Thread-682) topic-99260e68_61c0_42af_bed2_9d38aa0a5b4b 0 12 {"key11755051748106": "value-2", "key21755051752798": "value-2"}
2025-08-13 02:22:37,061 INFO  [io.api.tes.ser.api.KafkaSerdesTester] (Thread-682) topic-99260e68_61c0_42af_bed2_9d38aa0a5b4b 0 13 {"key11755051748106": "value-3", "key21755051752798": "value-3"}
2025-08-13 02:22:37,061 INFO  [io.api.tes.ser.api.KafkaSerdesTester] (Thread-682) topic-99260e68_61c0_42af_bed2_9d38aa0a5b4b 0 14 {"key11755051748106": "value-4", "key21755051752798": "value-4"}
2025-08-13 02:22:37,061 INFO  [io.api.tes.ser.api.KafkaSerdesTester] (Thread-682) topic-99260e68_61c0_42af_bed2_9d38aa0a5b4b 0 15 {"key11755051748106": "value-5", "key21755051752798": "value-5"}
2025-08-13 02:22:37,061 INFO  [io.api.tes.ser.api.KafkaSerdesTester] (Thread-682) topic-99260e68_61c0_42af_bed2_9d38aa0a5b4b 0 16 {"key11755051748106": "value-6", "key21755051752798": "value-6"}
2025-08-13 02:22:37,061 INFO  [io.api.tes.ser.api.KafkaSerdesTester] (Thread-682) topic-99260e68_61c0_42af_bed2_9d38aa0a5b4b 0 17 {"key11755051748106": "value-7", "key21755051752798": "value-7"}
2025-08-13 02:22:37,061 INFO  [io.api.tes.ser.api.KafkaSerdesTester] (Thread-682) topic-99260e68_61c0_42af_bed2_9d38aa0a5b4b 0 18 {"key11755051748106": "value-8", "key21755051752798": "value-8"}
2025-08-13 02:22:37,062 INFO  [io.api.tes.ser.api.KafkaSerdesTester] (Thread-682) topic-99260e68_61c0_42af_bed2_9d38aa0a5b4b 0 19 {"key11755051748106": "value-9", "key21755051752798": "value-9"}
2025-08-13 02:22:37,062 INFO  [io.api.tes.ser.api.KafkaSerdesTester] (Thread-682) topic-99260e68_61c0_42af_bed2_9d38aa0a5b4b 0 20 {"key11755051748106": "value-0"}
2025-08-13 02:22:37,062 INFO  [io.api.tes.ser.api.KafkaSerdesTester] (Thread-682) topic-99260e68_61c0_42af_bed2_9d38aa0a5b4b 0 21 {"key11755051748106": "value-1"}
2025-08-13 02:22:37,062 INFO  [io.api.tes.ser.api.KafkaSerdesTester] (Thread-682) topic-99260e68_61c0_42af_bed2_9d38aa0a5b4b 0 22 {"key11755051748106": "value-2"}
2025-08-13 02:22:37,062 INFO  [io.api.tes.ser.api.KafkaSerdesTester] (Thread-682) topic-99260e68_61c0_42af_bed2_9d38aa0a5b4b 0 23 {"key11755051748106": "value-3"}
2025-08-13 02:22:37,062 INFO  [io.api.tes.ser.api.KafkaSerdesTester] (Thread-682) topic-99260e68_61c0_42af_bed2_9d38aa0a5b4b 0 24 {"key11755051748106": "value-4"}
2025-08-13 02:22:37,062 INFO  [io.api.tes.ser.api.KafkaSerdesTester] (Thread-682) topic-99260e68_61c0_42af_bed2_9d38aa0a5b4b 0 25 {"key11755051748106": "value-5"}
2025-08-13 02:22:37,062 INFO  [io.api.tes.ser.api.KafkaSerdesTester] (Thread-682) topic-99260e68_61c0_42af_bed2_9d38aa0a5b4b 0 26 {"key11755051748106": "value-6"}
2025-08-13 02:22:37,062 INFO  [io.api.tes.ser.api.KafkaSerdesTester] (Thread-682) topic-99260e68_61c0_42af_bed2_9d38aa0a5b4b 0 27 {"key11755051748106": "value-7"}
2025-08-13 02:22:37,062 INFO  [io.api.tes.ser.api.KafkaSerdesTester] (Thread-682) topic-99260e68_61c0_42af_bed2_9d38aa0a5b4b 0 28 {"key11755051748106": "value-8"}
2025-08-13 02:22:37,062 INFO  [io.api.tes.ser.api.KafkaSerdesTester] (Thread-682) topic-99260e68_61c0_42af_bed2_9d38aa0a5b4b 0 29 {"key11755051748106": "value-9"}
2025-08-13 02:22:37,062 INFO  [io.api.tes.ser.api.KafkaSerdesTester] (Thread-682) Consumed 20 messages
2025-08-13 02:22:37,074 INFO  [org.apa.kaf.cli.con.int.ConsumerRebalanceListenerInvoker] (Thread-682) [Consumer clientId=consumer-Consumer-topic-99260e68_61c0_42af_bed2_9d38aa0a5b4b-11, groupId=Consumer-topic-99260e68_61c0_42af_bed2_9d38aa0a5b4b] Revoke previously assigned partitions topic-99260e68_61c0_42af_bed2_9d38aa0a5b4b-0
2025-08-13 02:22:37,074 INFO  [org.apa.kaf.cli.con.int.ConsumerCoordinator] (Thread-682) [Consumer clientId=consumer-Consumer-topic-99260e68_61c0_42af_bed2_9d38aa0a5b4b-11, groupId=Consumer-topic-99260e68_61c0_42af_bed2_9d38aa0a5b4b] Member consumer-Consumer-topic-99260e68_61c0_42af_bed2_9d38aa0a5b4b-11-e3a2a1f1-8285-483f-93ac-24b8e254b91c sending LeaveGroup request to coordinator localhost:32769 (id: 2147483647 rack: null) due to the consumer is being closed
2025-08-13 02:22:37,075 INFO  [org.apa.kaf.cli.con.int.ConsumerCoordinator] (Thread-682) [Consumer clientId=consumer-Consumer-topic-99260e68_61c0_42af_bed2_9d38aa0a5b4b-11, groupId=Consumer-topic-99260e68_61c0_42af_bed2_9d38aa0a5b4b] Resetting generation and member id due to: consumer pro-actively leaving the group
2025-08-13 02:22:37,075 INFO  [org.apa.kaf.cli.con.int.ConsumerCoordinator] (Thread-682) [Consumer clientId=consumer-Consumer-topic-99260e68_61c0_42af_bed2_9d38aa0a5b4b-11, groupId=Consumer-topic-99260e68_61c0_42af_bed2_9d38aa0a5b4b] Request joining group due to: consumer pro-actively leaving the group
2025-08-13 02:22:37,565 INFO  [org.apa.kaf.com.met.Metrics] (Thread-682) Metrics scheduler closed
2025-08-13 02:22:37,565 INFO  [org.apa.kaf.com.met.Metrics] (Thread-682) Closing reporter org.apache.kafka.common.metrics.JmxReporter
2025-08-13 02:22:37,566 INFO  [org.apa.kaf.com.met.Metrics] (Thread-682) Closing reporter org.apache.kafka.common.telemetry.internals.ClientTelemetryReporter
2025-08-13 02:22:37,566 INFO  [org.apa.kaf.com.met.Metrics] (Thread-682) Metrics reporters closed
2025-08-13 02:22:37,568 INFO  [org.apa.kaf.com.uti.AppInfoParser] (Thread-682) App info kafka.consumer for consumer-Consumer-topic-99260e68_61c0_42af_bed2_9d38aa0a5b4b-11 unregistered
2025-08-13 02:22:37,568 INFO  [io.api.tes.ser.api.AvroSerdeIT] (main) Registering Avro Schema 3: {"type":"record","name":"s59adbad7x152ax467cxa523x14220af7427b","namespace":"ns_003f142c_82d2_4ba0_9a70_f020d0f4dc25","fields":[{"name":"key11755051748106","type":"string"},{"name":"key21755051752798","type":"string"},{"name":"key31755051757568","type":"string"}]}
**** Registry Base URL: http://registry-app-ksql043.apps.ci419.apicurio-testing.org:80
2025-08-13 02:22:38,621 INFO  [org.apa.kaf.cli.pro.ProducerConfig] (main) ProducerConfig values: 
	acks = -1
	auto.include.jmx.reporter = true
	batch.size = 16384
	bootstrap.servers = [PLAINTEXT://localhost:32769]
	buffer.memory = 33554432
	client.dns.lookup = use_all_dns_ips
	client.id = Producer-topic-99260e68_61c0_42af_bed2_9d38aa0a5b4b
	compression.gzip.level = -1
	compression.lz4.level = 9
	compression.type = none
	compression.zstd.level = 3
	connections.max.idle.ms = 10000
	delivery.timeout.ms = 120000
	enable.idempotence = true
	enable.metrics.push = true
	interceptor.classes = []
	key.serializer = class org.apache.kafka.common.serialization.StringSerializer
	linger.ms = 0
	max.block.ms = 60000
	max.in.flight.requests.per.connection = 5
	max.request.size = 1048576
	metadata.max.age.ms = 300000
	metadata.max.idle.ms = 300000
	metadata.recovery.strategy = none
	metric.reporters = []
	metrics.num.samples = 2
	metrics.recording.level = INFO
	metrics.sample.window.ms = 30000
	partitioner.adaptive.partitioning.enable = true
	partitioner.availability.timeout.ms = 0
	partitioner.class = null
	partitioner.ignore.keys = false
	receive.buffer.bytes = 32768
	reconnect.backoff.max.ms = 1000
	reconnect.backoff.ms = 50
	request.timeout.ms = 5000
	retries = 2147483647
	retry.backoff.max.ms = 1000
	retry.backoff.ms = 100
	sasl.client.callback.handler.class = null
	sasl.jaas.config = null
	sasl.kerberos.kinit.cmd = /usr/bin/kinit
	sasl.kerberos.min.time.before.relogin = 60000
	sasl.kerberos.service.name = null
	sasl.kerberos.ticket.renew.jitter = 0.05
	sasl.kerberos.ticket.renew.window.factor = 0.8
	sasl.login.callback.handler.class = null
	sasl.login.class = null
	sasl.login.connect.timeout.ms = null
	sasl.login.read.timeout.ms = null
	sasl.login.refresh.buffer.seconds = 300
	sasl.login.refresh.min.period.seconds = 60
	sasl.login.refresh.window.factor = 0.8
	sasl.login.refresh.window.jitter = 0.05
	sasl.login.retry.backoff.max.ms = 10000
	sasl.login.retry.backoff.ms = 100
	sasl.mechanism = GSSAPI
	sasl.oauthbearer.clock.skew.seconds = 30
	sasl.oauthbearer.expected.audience = null
	sasl.oauthbearer.expected.issuer = null
	sasl.oauthbearer.header.urlencode = false
	sasl.oauthbearer.jwks.endpoint.refresh.ms = 3600000
	sasl.oauthbearer.jwks.endpoint.retry.backoff.max.ms = 10000
	sasl.oauthbearer.jwks.endpoint.retry.backoff.ms = 100
	sasl.oauthbearer.jwks.endpoint.url = null
	sasl.oauthbearer.scope.claim.name = scope
	sasl.oauthbearer.sub.claim.name = sub
	sasl.oauthbearer.token.endpoint.url = null
	security.protocol = PLAINTEXT
	security.providers = null
	send.buffer.bytes = 131072
	socket.connection.setup.timeout.max.ms = 30000
	socket.connection.setup.timeout.ms = 10000
	ssl.cipher.suites = null
	ssl.enabled.protocols = [TLSv1.2, TLSv1.3]
	ssl.endpoint.identification.algorithm = https
	ssl.engine.factory.class = null
	ssl.key.password = null
	ssl.keymanager.algorithm = SunX509
	ssl.keystore.certificate.chain = null
	ssl.keystore.key = null
	ssl.keystore.location = null
	ssl.keystore.password = null
	ssl.keystore.type = JKS
	ssl.protocol = TLSv1.3
	ssl.provider = null
	ssl.secure.random.implementation = null
	ssl.trustmanager.algorithm = PKIX
	ssl.truststore.certificates = null
	ssl.truststore.location = null
	ssl.truststore.password = null
	ssl.truststore.type = JKS
	transaction.timeout.ms = 60000
	transactional.id = null
	value.serializer = class io.apicurio.registry.serde.avro.AvroKafkaSerializer

2025-08-13 02:22:38,621 INFO  [org.apa.kaf.com.tel.int.KafkaMetricsCollector] (main) initializing Kafka metrics collector
2025-08-13 02:22:38,625 INFO  [org.apa.kaf.cli.pro.KafkaProducer] (main) [Producer clientId=Producer-topic-99260e68_61c0_42af_bed2_9d38aa0a5b4b] Instantiated an idempotent producer.
2025-08-13 02:22:38,626 INFO  [org.apa.kaf.cli.pro.ProducerConfig] (main) These configurations '[apicurio.registry.url, apicurio.registry.artifact-resolver-strategy]' were supplied but are not used yet.
2025-08-13 02:22:38,626 INFO  [org.apa.kaf.com.uti.AppInfoParser] (main) Kafka version: 3.9.1
2025-08-13 02:22:38,626 INFO  [org.apa.kaf.com.uti.AppInfoParser] (main) Kafka commitId: f745dfdcee2b9851
2025-08-13 02:22:38,626 INFO  [org.apa.kaf.com.uti.AppInfoParser] (main) Kafka startTimeMs: 1755051758626
2025-08-13 02:22:38,628 INFO  [io.api.tes.ser.api.KafkaSerdesTester] (Thread-685) Sending message {"key11755051748106": "value-0", "key21755051752798": "value-0", "key31755051757568": "value-0"} to topic topic-99260e68_61c0_42af_bed2_9d38aa0a5b4b
2025-08-13 02:22:38,646 INFO  [org.apa.kaf.cli.Metadata] (kafka-producer-network-thread | Producer-topic-99260e68_61c0_42af_bed2_9d38aa0a5b4b) [Producer clientId=Producer-topic-99260e68_61c0_42af_bed2_9d38aa0a5b4b] Cluster ID: pj3cISz0Q0OVF0qikwHveQ
2025-08-13 02:22:38,646 INFO  [DefaultSchemaResolver] (Thread-685) Retrieving schema content using string: {"type":"record","name":"s59adbad7x152ax467cxa523x14220af7427b","namespace":"ns_003f142c_82d2_4ba0_9a70_f020d0f4dc25","fields":[{"name":"key11755051748106","type":"string"},{"name":"key21755051752798","type":"string"},{"name":"key31755051757568","type":"string"}]}
2025-08-13 02:22:38,648 INFO  [org.apa.kaf.cli.pro.int.TransactionManager] (kafka-producer-network-thread | Producer-topic-99260e68_61c0_42af_bed2_9d38aa0a5b4b) [Producer clientId=Producer-topic-99260e68_61c0_42af_bed2_9d38aa0a5b4b] ProducerId set to 15 with epoch 0
2025-08-13 02:22:38,676 INFO  [io.api.tes.ser.api.KafkaSerdesTester] (Thread-685) Sending message {"key11755051748106": "value-1", "key21755051752798": "value-1", "key31755051757568": "value-1"} to topic topic-99260e68_61c0_42af_bed2_9d38aa0a5b4b
2025-08-13 02:22:38,678 INFO  [io.api.tes.ser.api.KafkaSerdesTester] (Thread-685) Sending message {"key11755051748106": "value-2", "key21755051752798": "value-2", "key31755051757568": "value-2"} to topic topic-99260e68_61c0_42af_bed2_9d38aa0a5b4b
2025-08-13 02:22:38,679 INFO  [io.api.tes.ser.api.KafkaSerdesTester] (Thread-685) Sending message {"key11755051748106": "value-3", "key21755051752798": "value-3", "key31755051757568": "value-3"} to topic topic-99260e68_61c0_42af_bed2_9d38aa0a5b4b
2025-08-13 02:22:38,682 INFO  [io.api.tes.ser.api.KafkaSerdesTester] (Thread-685) Sending message {"key11755051748106": "value-4", "key21755051752798": "value-4", "key31755051757568": "value-4"} to topic topic-99260e68_61c0_42af_bed2_9d38aa0a5b4b
2025-08-13 02:22:38,683 INFO  [io.api.tes.ser.api.KafkaSerdesTester] (Thread-685) Sending message {"key11755051748106": "value-5", "key21755051752798": "value-5", "key31755051757568": "value-5"} to topic topic-99260e68_61c0_42af_bed2_9d38aa0a5b4b
2025-08-13 02:22:38,686 INFO  [io.api.tes.ser.api.KafkaSerdesTester] (Thread-685) Sending message {"key11755051748106": "value-6", "key21755051752798": "value-6", "key31755051757568": "value-6"} to topic topic-99260e68_61c0_42af_bed2_9d38aa0a5b4b
2025-08-13 02:22:38,688 INFO  [io.api.tes.ser.api.KafkaSerdesTester] (Thread-685) Sending message {"key11755051748106": "value-7", "key21755051752798": "value-7", "key31755051757568": "value-7"} to topic topic-99260e68_61c0_42af_bed2_9d38aa0a5b4b
2025-08-13 02:22:38,690 INFO  [io.api.tes.ser.api.KafkaSerdesTester] (Thread-685) Sending message {"key11755051748106": "value-8", "key21755051752798": "value-8", "key31755051757568": "value-8"} to topic topic-99260e68_61c0_42af_bed2_9d38aa0a5b4b
2025-08-13 02:22:38,692 INFO  [io.api.tes.ser.api.KafkaSerdesTester] (Thread-685) Sending message {"key11755051748106": "value-9", "key21755051752798": "value-9", "key31755051757568": "value-9"} to topic topic-99260e68_61c0_42af_bed2_9d38aa0a5b4b
2025-08-13 02:22:38,696 INFO  [io.api.tes.ser.api.KafkaSerdesTester] (Thread-685) Produced 10 messages
2025-08-13 02:22:38,696 INFO  [org.apa.kaf.cli.pro.KafkaProducer] (Thread-685) [Producer clientId=Producer-topic-99260e68_61c0_42af_bed2_9d38aa0a5b4b] Closing the Kafka producer with timeoutMillis = 9223372036854775807 ms.
2025-08-13 02:22:38,702 INFO  [org.apa.kaf.com.met.Metrics] (Thread-685) Metrics scheduler closed
2025-08-13 02:22:38,702 INFO  [org.apa.kaf.com.met.Metrics] (Thread-685) Closing reporter org.apache.kafka.common.metrics.JmxReporter
2025-08-13 02:22:38,702 INFO  [org.apa.kaf.com.met.Metrics] (Thread-685) Closing reporter org.apache.kafka.common.telemetry.internals.ClientTelemetryReporter
2025-08-13 02:22:38,702 INFO  [org.apa.kaf.com.met.Metrics] (Thread-685) Metrics reporters closed
2025-08-13 02:22:38,702 INFO  [org.apa.kaf.com.uti.AppInfoParser] (Thread-685) App info kafka.producer for Producer-topic-99260e68_61c0_42af_bed2_9d38aa0a5b4b unregistered
**** Registry Base URL: http://registry-app-ksql043.apps.ci419.apicurio-testing.org:80
2025-08-13 02:22:38,704 INFO  [org.apa.kaf.cli.pro.ProducerConfig] (main) ProducerConfig values: 
	acks = -1
	auto.include.jmx.reporter = true
	batch.size = 16384
	bootstrap.servers = [PLAINTEXT://localhost:32769]
	buffer.memory = 33554432
	client.dns.lookup = use_all_dns_ips
	client.id = Producer-topic-99260e68_61c0_42af_bed2_9d38aa0a5b4b
	compression.gzip.level = -1
	compression.lz4.level = 9
	compression.type = none
	compression.zstd.level = 3
	connections.max.idle.ms = 10000
	delivery.timeout.ms = 120000
	enable.idempotence = true
	enable.metrics.push = true
	interceptor.classes = []
	key.serializer = class org.apache.kafka.common.serialization.StringSerializer
	linger.ms = 0
	max.block.ms = 60000
	max.in.flight.requests.per.connection = 5
	max.request.size = 1048576
	metadata.max.age.ms = 300000
	metadata.max.idle.ms = 300000
	metadata.recovery.strategy = none
	metric.reporters = []
	metrics.num.samples = 2
	metrics.recording.level = INFO
	metrics.sample.window.ms = 30000
	partitioner.adaptive.partitioning.enable = true
	partitioner.availability.timeout.ms = 0
	partitioner.class = null
	partitioner.ignore.keys = false
	receive.buffer.bytes = 32768
	reconnect.backoff.max.ms = 1000
	reconnect.backoff.ms = 50
	request.timeout.ms = 5000
	retries = 2147483647
	retry.backoff.max.ms = 1000
	retry.backoff.ms = 100
	sasl.client.callback.handler.class = null
	sasl.jaas.config = null
	sasl.kerberos.kinit.cmd = /usr/bin/kinit
	sasl.kerberos.min.time.before.relogin = 60000
	sasl.kerberos.service.name = null
	sasl.kerberos.ticket.renew.jitter = 0.05
	sasl.kerberos.ticket.renew.window.factor = 0.8
	sasl.login.callback.handler.class = null
	sasl.login.class = null
	sasl.login.connect.timeout.ms = null
	sasl.login.read.timeout.ms = null
	sasl.login.refresh.buffer.seconds = 300
	sasl.login.refresh.min.period.seconds = 60
	sasl.login.refresh.window.factor = 0.8
	sasl.login.refresh.window.jitter = 0.05
	sasl.login.retry.backoff.max.ms = 10000
	sasl.login.retry.backoff.ms = 100
	sasl.mechanism = GSSAPI
	sasl.oauthbearer.clock.skew.seconds = 30
	sasl.oauthbearer.expected.audience = null
	sasl.oauthbearer.expected.issuer = null
	sasl.oauthbearer.header.urlencode = false
	sasl.oauthbearer.jwks.endpoint.refresh.ms = 3600000
	sasl.oauthbearer.jwks.endpoint.retry.backoff.max.ms = 10000
	sasl.oauthbearer.jwks.endpoint.retry.backoff.ms = 100
	sasl.oauthbearer.jwks.endpoint.url = null
	sasl.oauthbearer.scope.claim.name = scope
	sasl.oauthbearer.sub.claim.name = sub
	sasl.oauthbearer.token.endpoint.url = null
	security.protocol = PLAINTEXT
	security.providers = null
	send.buffer.bytes = 131072
	socket.connection.setup.timeout.max.ms = 30000
	socket.connection.setup.timeout.ms = 10000
	ssl.cipher.suites = null
	ssl.enabled.protocols = [TLSv1.2, TLSv1.3]
	ssl.endpoint.identification.algorithm = https
	ssl.engine.factory.class = null
	ssl.key.password = null
	ssl.keymanager.algorithm = SunX509
	ssl.keystore.certificate.chain = null
	ssl.keystore.key = null
	ssl.keystore.location = null
	ssl.keystore.password = null
	ssl.keystore.type = JKS
	ssl.protocol = TLSv1.3
	ssl.provider = null
	ssl.secure.random.implementation = null
	ssl.trustmanager.algorithm = PKIX
	ssl.truststore.certificates = null
	ssl.truststore.location = null
	ssl.truststore.password = null
	ssl.truststore.type = JKS
	transaction.timeout.ms = 60000
	transactional.id = null
	value.serializer = class io.apicurio.registry.serde.avro.AvroKafkaSerializer

2025-08-13 02:22:38,704 INFO  [org.apa.kaf.com.tel.int.KafkaMetricsCollector] (main) initializing Kafka metrics collector
2025-08-13 02:22:38,721 INFO  [org.apa.kaf.cli.pro.KafkaProducer] (main) [Producer clientId=Producer-topic-99260e68_61c0_42af_bed2_9d38aa0a5b4b] Instantiated an idempotent producer.
2025-08-13 02:22:38,725 INFO  [org.apa.kaf.cli.pro.ProducerConfig] (main) These configurations '[apicurio.registry.url, apicurio.registry.artifact-resolver-strategy]' were supplied but are not used yet.
2025-08-13 02:22:38,725 INFO  [org.apa.kaf.com.uti.AppInfoParser] (main) Kafka version: 3.9.1
2025-08-13 02:22:38,725 INFO  [org.apa.kaf.com.uti.AppInfoParser] (main) Kafka commitId: f745dfdcee2b9851
2025-08-13 02:22:38,725 INFO  [org.apa.kaf.com.uti.AppInfoParser] (main) Kafka startTimeMs: 1755051758725
2025-08-13 02:22:38,726 INFO  [io.api.tes.ser.api.KafkaSerdesTester] (Thread-688) Sending message {"key11755051748106": "value-0", "key21755051752798": "value-0"} to topic topic-99260e68_61c0_42af_bed2_9d38aa0a5b4b
2025-08-13 02:22:38,730 INFO  [org.apa.kaf.cli.Metadata] (kafka-producer-network-thread | Producer-topic-99260e68_61c0_42af_bed2_9d38aa0a5b4b) [Producer clientId=Producer-topic-99260e68_61c0_42af_bed2_9d38aa0a5b4b] Cluster ID: pj3cISz0Q0OVF0qikwHveQ
2025-08-13 02:22:38,731 INFO  [DefaultSchemaResolver] (Thread-688) Retrieving schema content using string: {"type":"record","name":"s59adbad7x152ax467cxa523x14220af7427b","namespace":"ns_003f142c_82d2_4ba0_9a70_f020d0f4dc25","fields":[{"name":"key11755051748106","type":"string"},{"name":"key21755051752798","type":"string"}]}
2025-08-13 02:22:38,731 INFO  [org.apa.kaf.cli.pro.int.TransactionManager] (kafka-producer-network-thread | Producer-topic-99260e68_61c0_42af_bed2_9d38aa0a5b4b) [Producer clientId=Producer-topic-99260e68_61c0_42af_bed2_9d38aa0a5b4b] ProducerId set to 16 with epoch 0
2025-08-13 02:22:38,756 INFO  [io.api.tes.ser.api.KafkaSerdesTester] (Thread-688) Sending message {"key11755051748106": "value-1", "key21755051752798": "value-1"} to topic topic-99260e68_61c0_42af_bed2_9d38aa0a5b4b
2025-08-13 02:22:38,760 INFO  [io.api.tes.ser.api.KafkaSerdesTester] (Thread-688) Sending message {"key11755051748106": "value-2", "key21755051752798": "value-2"} to topic topic-99260e68_61c0_42af_bed2_9d38aa0a5b4b
2025-08-13 02:22:38,764 INFO  [io.api.tes.ser.api.KafkaSerdesTester] (Thread-688) Sending message {"key11755051748106": "value-3", "key21755051752798": "value-3"} to topic topic-99260e68_61c0_42af_bed2_9d38aa0a5b4b
2025-08-13 02:22:38,766 INFO  [io.api.tes.ser.api.KafkaSerdesTester] (Thread-688) Sending message {"key11755051748106": "value-4", "key21755051752798": "value-4"} to topic topic-99260e68_61c0_42af_bed2_9d38aa0a5b4b
2025-08-13 02:22:38,769 INFO  [io.api.tes.ser.api.KafkaSerdesTester] (Thread-688) Sending message {"key11755051748106": "value-5", "key21755051752798": "value-5"} to topic topic-99260e68_61c0_42af_bed2_9d38aa0a5b4b
2025-08-13 02:22:38,773 INFO  [io.api.tes.ser.api.KafkaSerdesTester] (Thread-688) Sending message {"key11755051748106": "value-6", "key21755051752798": "value-6"} to topic topic-99260e68_61c0_42af_bed2_9d38aa0a5b4b
2025-08-13 02:22:38,777 INFO  [io.api.tes.ser.api.KafkaSerdesTester] (Thread-688) Sending message {"key11755051748106": "value-7", "key21755051752798": "value-7"} to topic topic-99260e68_61c0_42af_bed2_9d38aa0a5b4b
2025-08-13 02:22:38,780 INFO  [io.api.tes.ser.api.KafkaSerdesTester] (Thread-688) Sending message {"key11755051748106": "value-8", "key21755051752798": "value-8"} to topic topic-99260e68_61c0_42af_bed2_9d38aa0a5b4b
2025-08-13 02:22:38,783 INFO  [io.api.tes.ser.api.KafkaSerdesTester] (Thread-688) Sending message {"key11755051748106": "value-9", "key21755051752798": "value-9"} to topic topic-99260e68_61c0_42af_bed2_9d38aa0a5b4b
2025-08-13 02:22:38,787 INFO  [io.api.tes.ser.api.KafkaSerdesTester] (Thread-688) Produced 10 messages
2025-08-13 02:22:38,787 INFO  [org.apa.kaf.cli.pro.KafkaProducer] (Thread-688) [Producer clientId=Producer-topic-99260e68_61c0_42af_bed2_9d38aa0a5b4b] Closing the Kafka producer with timeoutMillis = 9223372036854775807 ms.
2025-08-13 02:22:38,789 INFO  [org.apa.kaf.com.met.Metrics] (Thread-688) Metrics scheduler closed
2025-08-13 02:22:38,789 INFO  [org.apa.kaf.com.met.Metrics] (Thread-688) Closing reporter org.apache.kafka.common.metrics.JmxReporter
2025-08-13 02:22:38,789 INFO  [org.apa.kaf.com.met.Metrics] (Thread-688) Closing reporter org.apache.kafka.common.telemetry.internals.ClientTelemetryReporter
2025-08-13 02:22:38,789 INFO  [org.apa.kaf.com.met.Metrics] (Thread-688) Metrics reporters closed
2025-08-13 02:22:38,789 INFO  [org.apa.kaf.com.uti.AppInfoParser] (Thread-688) App info kafka.producer for Producer-topic-99260e68_61c0_42af_bed2_9d38aa0a5b4b unregistered
**** Registry Base URL: http://registry-app-ksql043.apps.ci419.apicurio-testing.org:80
2025-08-13 02:22:38,790 INFO  [org.apa.kaf.cli.pro.ProducerConfig] (main) ProducerConfig values: 
	acks = -1
	auto.include.jmx.reporter = true
	batch.size = 16384
	bootstrap.servers = [PLAINTEXT://localhost:32769]
	buffer.memory = 33554432
	client.dns.lookup = use_all_dns_ips
	client.id = Producer-topic-99260e68_61c0_42af_bed2_9d38aa0a5b4b
	compression.gzip.level = -1
	compression.lz4.level = 9
	compression.type = none
	compression.zstd.level = 3
	connections.max.idle.ms = 10000
	delivery.timeout.ms = 120000
	enable.idempotence = true
	enable.metrics.push = true
	interceptor.classes = []
	key.serializer = class org.apache.kafka.common.serialization.StringSerializer
	linger.ms = 0
	max.block.ms = 60000
	max.in.flight.requests.per.connection = 5
	max.request.size = 1048576
	metadata.max.age.ms = 300000
	metadata.max.idle.ms = 300000
	metadata.recovery.strategy = none
	metric.reporters = []
	metrics.num.samples = 2
	metrics.recording.level = INFO
	metrics.sample.window.ms = 30000
	partitioner.adaptive.partitioning.enable = true
	partitioner.availability.timeout.ms = 0
	partitioner.class = null
	partitioner.ignore.keys = false
	receive.buffer.bytes = 32768
	reconnect.backoff.max.ms = 1000
	reconnect.backoff.ms = 50
	request.timeout.ms = 5000
	retries = 2147483647
	retry.backoff.max.ms = 1000
	retry.backoff.ms = 100
	sasl.client.callback.handler.class = null
	sasl.jaas.config = null
	sasl.kerberos.kinit.cmd = /usr/bin/kinit
	sasl.kerberos.min.time.before.relogin = 60000
	sasl.kerberos.service.name = null
	sasl.kerberos.ticket.renew.jitter = 0.05
	sasl.kerberos.ticket.renew.window.factor = 0.8
	sasl.login.callback.handler.class = null
	sasl.login.class = null
	sasl.login.connect.timeout.ms = null
	sasl.login.read.timeout.ms = null
	sasl.login.refresh.buffer.seconds = 300
	sasl.login.refresh.min.period.seconds = 60
	sasl.login.refresh.window.factor = 0.8
	sasl.login.refresh.window.jitter = 0.05
	sasl.login.retry.backoff.max.ms = 10000
	sasl.login.retry.backoff.ms = 100
	sasl.mechanism = GSSAPI
	sasl.oauthbearer.clock.skew.seconds = 30
	sasl.oauthbearer.expected.audience = null
	sasl.oauthbearer.expected.issuer = null
	sasl.oauthbearer.header.urlencode = false
	sasl.oauthbearer.jwks.endpoint.refresh.ms = 3600000
	sasl.oauthbearer.jwks.endpoint.retry.backoff.max.ms = 10000
	sasl.oauthbearer.jwks.endpoint.retry.backoff.ms = 100
	sasl.oauthbearer.jwks.endpoint.url = null
	sasl.oauthbearer.scope.claim.name = scope
	sasl.oauthbearer.sub.claim.name = sub
	sasl.oauthbearer.token.endpoint.url = null
	security.protocol = PLAINTEXT
	security.providers = null
	send.buffer.bytes = 131072
	socket.connection.setup.timeout.max.ms = 30000
	socket.connection.setup.timeout.ms = 10000
	ssl.cipher.suites = null
	ssl.enabled.protocols = [TLSv1.2, TLSv1.3]
	ssl.endpoint.identification.algorithm = https
	ssl.engine.factory.class = null
	ssl.key.password = null
	ssl.keymanager.algorithm = SunX509
	ssl.keystore.certificate.chain = null
	ssl.keystore.key = null
	ssl.keystore.location = null
	ssl.keystore.password = null
	ssl.keystore.type = JKS
	ssl.protocol = TLSv1.3
	ssl.provider = null
	ssl.secure.random.implementation = null
	ssl.trustmanager.algorithm = PKIX
	ssl.truststore.certificates = null
	ssl.truststore.location = null
	ssl.truststore.password = null
	ssl.truststore.type = JKS
	transaction.timeout.ms = 60000
	transactional.id = null
	value.serializer = class io.apicurio.registry.serde.avro.AvroKafkaSerializer

2025-08-13 02:22:38,791 INFO  [org.apa.kaf.com.tel.int.KafkaMetricsCollector] (main) initializing Kafka metrics collector
2025-08-13 02:22:38,796 INFO  [org.apa.kaf.cli.pro.KafkaProducer] (main) [Producer clientId=Producer-topic-99260e68_61c0_42af_bed2_9d38aa0a5b4b] Instantiated an idempotent producer.
2025-08-13 02:22:38,798 INFO  [org.apa.kaf.cli.pro.ProducerConfig] (main) These configurations '[apicurio.registry.url, apicurio.registry.artifact-resolver-strategy]' were supplied but are not used yet.
2025-08-13 02:22:38,798 INFO  [org.apa.kaf.com.uti.AppInfoParser] (main) Kafka version: 3.9.1
2025-08-13 02:22:38,798 INFO  [org.apa.kaf.com.uti.AppInfoParser] (main) Kafka commitId: f745dfdcee2b9851
2025-08-13 02:22:38,798 INFO  [org.apa.kaf.com.uti.AppInfoParser] (main) Kafka startTimeMs: 1755051758798
2025-08-13 02:22:38,800 INFO  [io.api.tes.ser.api.KafkaSerdesTester] (Thread-691) Sending message {"key11755051748106": "value-0"} to topic topic-99260e68_61c0_42af_bed2_9d38aa0a5b4b
2025-08-13 02:22:38,803 INFO  [org.apa.kaf.cli.Metadata] (kafka-producer-network-thread | Producer-topic-99260e68_61c0_42af_bed2_9d38aa0a5b4b) [Producer clientId=Producer-topic-99260e68_61c0_42af_bed2_9d38aa0a5b4b] Cluster ID: pj3cISz0Q0OVF0qikwHveQ
2025-08-13 02:22:38,804 INFO  [DefaultSchemaResolver] (Thread-691) Retrieving schema content using string: {"type":"record","name":"s59adbad7x152ax467cxa523x14220af7427b","namespace":"ns_003f142c_82d2_4ba0_9a70_f020d0f4dc25","fields":[{"name":"key11755051748106","type":"string"}]}
2025-08-13 02:22:38,804 INFO  [org.apa.kaf.cli.pro.int.TransactionManager] (kafka-producer-network-thread | Producer-topic-99260e68_61c0_42af_bed2_9d38aa0a5b4b) [Producer clientId=Producer-topic-99260e68_61c0_42af_bed2_9d38aa0a5b4b] ProducerId set to 17 with epoch 0
2025-08-13 02:22:38,825 INFO  [io.api.tes.ser.api.KafkaSerdesTester] (Thread-691) Sending message {"key11755051748106": "value-1"} to topic topic-99260e68_61c0_42af_bed2_9d38aa0a5b4b
2025-08-13 02:22:38,829 INFO  [io.api.tes.ser.api.KafkaSerdesTester] (Thread-691) Sending message {"key11755051748106": "value-2"} to topic topic-99260e68_61c0_42af_bed2_9d38aa0a5b4b
2025-08-13 02:22:38,831 INFO  [io.api.tes.ser.api.KafkaSerdesTester] (Thread-691) Sending message {"key11755051748106": "value-3"} to topic topic-99260e68_61c0_42af_bed2_9d38aa0a5b4b
2025-08-13 02:22:38,833 INFO  [io.api.tes.ser.api.KafkaSerdesTester] (Thread-691) Sending message {"key11755051748106": "value-4"} to topic topic-99260e68_61c0_42af_bed2_9d38aa0a5b4b
2025-08-13 02:22:38,836 INFO  [io.api.tes.ser.api.KafkaSerdesTester] (Thread-691) Sending message {"key11755051748106": "value-5"} to topic topic-99260e68_61c0_42af_bed2_9d38aa0a5b4b
2025-08-13 02:22:38,839 INFO  [io.api.tes.ser.api.KafkaSerdesTester] (Thread-691) Sending message {"key11755051748106": "value-6"} to topic topic-99260e68_61c0_42af_bed2_9d38aa0a5b4b
2025-08-13 02:22:38,840 INFO  [io.api.tes.ser.api.KafkaSerdesTester] (Thread-691) Sending message {"key11755051748106": "value-7"} to topic topic-99260e68_61c0_42af_bed2_9d38aa0a5b4b
2025-08-13 02:22:38,841 INFO  [io.api.tes.ser.api.KafkaSerdesTester] (Thread-691) Sending message {"key11755051748106": "value-8"} to topic topic-99260e68_61c0_42af_bed2_9d38aa0a5b4b
2025-08-13 02:22:38,843 INFO  [io.api.tes.ser.api.KafkaSerdesTester] (Thread-691) Sending message {"key11755051748106": "value-9"} to topic topic-99260e68_61c0_42af_bed2_9d38aa0a5b4b
2025-08-13 02:22:38,844 INFO  [io.api.tes.ser.api.KafkaSerdesTester] (Thread-691) Produced 10 messages
2025-08-13 02:22:38,844 INFO  [org.apa.kaf.cli.pro.KafkaProducer] (Thread-691) [Producer clientId=Producer-topic-99260e68_61c0_42af_bed2_9d38aa0a5b4b] Closing the Kafka producer with timeoutMillis = 9223372036854775807 ms.
2025-08-13 02:22:38,846 INFO  [org.apa.kaf.com.met.Metrics] (Thread-691) Metrics scheduler closed
2025-08-13 02:22:38,846 INFO  [org.apa.kaf.com.met.Metrics] (Thread-691) Closing reporter org.apache.kafka.common.metrics.JmxReporter
2025-08-13 02:22:38,846 INFO  [org.apa.kaf.com.met.Metrics] (Thread-691) Closing reporter org.apache.kafka.common.telemetry.internals.ClientTelemetryReporter
2025-08-13 02:22:38,846 INFO  [org.apa.kaf.com.met.Metrics] (Thread-691) Metrics reporters closed
2025-08-13 02:22:38,847 INFO  [org.apa.kaf.com.uti.AppInfoParser] (Thread-691) App info kafka.producer for Producer-topic-99260e68_61c0_42af_bed2_9d38aa0a5b4b unregistered
**** Registry Base URL: http://registry-app-ksql043.apps.ci419.apicurio-testing.org:80
2025-08-13 02:22:38,848 INFO  [org.apa.kaf.cli.con.ConsumerConfig] (main) ConsumerConfig values: 
	allow.auto.create.topics = true
	auto.commit.interval.ms = 500
	auto.include.jmx.reporter = true
	auto.offset.reset = earliest
	bootstrap.servers = [PLAINTEXT://localhost:32769]
	check.crcs = true
	client.dns.lookup = use_all_dns_ips
	client.id = consumer-Consumer-topic-99260e68_61c0_42af_bed2_9d38aa0a5b4b-12
	client.rack = 
	connections.max.idle.ms = 10000
	default.api.timeout.ms = 60000
	enable.auto.commit = true
	enable.metrics.push = true
	exclude.internal.topics = true
	fetch.max.bytes = 52428800
	fetch.max.wait.ms = 500
	fetch.min.bytes = 1
	group.id = Consumer-topic-99260e68_61c0_42af_bed2_9d38aa0a5b4b
	group.instance.id = null
	group.protocol = classic
	group.remote.assignor = null
	heartbeat.interval.ms = 3000
	interceptor.classes = []
	internal.leave.group.on.close = true
	internal.throw.on.fetch.stable.offset.unsupported = false
	isolation.level = read_uncommitted
	key.deserializer = class org.apache.kafka.common.serialization.StringDeserializer
	max.partition.fetch.bytes = 1048576
	max.poll.interval.ms = 300000
	max.poll.records = 500
	metadata.max.age.ms = 300000
	metadata.recovery.strategy = none
	metric.reporters = []
	metrics.num.samples = 2
	metrics.recording.level = INFO
	metrics.sample.window.ms = 30000
	partition.assignment.strategy = [class org.apache.kafka.clients.consumer.RangeAssignor, class org.apache.kafka.clients.consumer.CooperativeStickyAssignor]
	receive.buffer.bytes = 65536
	reconnect.backoff.max.ms = 1000
	reconnect.backoff.ms = 50
	request.timeout.ms = 5000
	retry.backoff.max.ms = 1000
	retry.backoff.ms = 100
	sasl.client.callback.handler.class = null
	sasl.jaas.config = null
	sasl.kerberos.kinit.cmd = /usr/bin/kinit
	sasl.kerberos.min.time.before.relogin = 60000
	sasl.kerberos.service.name = null
	sasl.kerberos.ticket.renew.jitter = 0.05
	sasl.kerberos.ticket.renew.window.factor = 0.8
	sasl.login.callback.handler.class = null
	sasl.login.class = null
	sasl.login.connect.timeout.ms = null
	sasl.login.read.timeout.ms = null
	sasl.login.refresh.buffer.seconds = 300
	sasl.login.refresh.min.period.seconds = 60
	sasl.login.refresh.window.factor = 0.8
	sasl.login.refresh.window.jitter = 0.05
	sasl.login.retry.backoff.max.ms = 10000
	sasl.login.retry.backoff.ms = 100
	sasl.mechanism = GSSAPI
	sasl.oauthbearer.clock.skew.seconds = 30
	sasl.oauthbearer.expected.audience = null
	sasl.oauthbearer.expected.issuer = null
	sasl.oauthbearer.header.urlencode = false
	sasl.oauthbearer.jwks.endpoint.refresh.ms = 3600000
	sasl.oauthbearer.jwks.endpoint.retry.backoff.max.ms = 10000
	sasl.oauthbearer.jwks.endpoint.retry.backoff.ms = 100
	sasl.oauthbearer.jwks.endpoint.url = null
	sasl.oauthbearer.scope.claim.name = scope
	sasl.oauthbearer.sub.claim.name = sub
	sasl.oauthbearer.token.endpoint.url = null
	security.protocol = PLAINTEXT
	security.providers = null
	send.buffer.bytes = 131072
	session.timeout.ms = 45000
	socket.connection.setup.timeout.max.ms = 30000
	socket.connection.setup.timeout.ms = 10000
	ssl.cipher.suites = null
	ssl.enabled.protocols = [TLSv1.2, TLSv1.3]
	ssl.endpoint.identification.algorithm = https
	ssl.engine.factory.class = null
	ssl.key.password = null
	ssl.keymanager.algorithm = SunX509
	ssl.keystore.certificate.chain = null
	ssl.keystore.key = null
	ssl.keystore.location = null
	ssl.keystore.password = null
	ssl.keystore.type = JKS
	ssl.protocol = TLSv1.3
	ssl.provider = null
	ssl.secure.random.implementation = null
	ssl.trustmanager.algorithm = PKIX
	ssl.truststore.certificates = null
	ssl.truststore.location = null
	ssl.truststore.password = null
	ssl.truststore.type = JKS
	value.deserializer = class io.apicurio.registry.serde.avro.AvroKafkaDeserializer

2025-08-13 02:22:38,848 INFO  [org.apa.kaf.com.tel.int.KafkaMetricsCollector] (main) initializing Kafka metrics collector
2025-08-13 02:22:38,855 INFO  [org.apa.kaf.cli.con.ConsumerConfig] (main) These configurations '[apicurio.registry.url]' were supplied but are not used yet.
2025-08-13 02:22:38,855 INFO  [org.apa.kaf.com.uti.AppInfoParser] (main) Kafka version: 3.9.1
2025-08-13 02:22:38,855 INFO  [org.apa.kaf.com.uti.AppInfoParser] (main) Kafka commitId: f745dfdcee2b9851
2025-08-13 02:22:38,855 INFO  [org.apa.kaf.com.uti.AppInfoParser] (main) Kafka startTimeMs: 1755051758855
2025-08-13 02:22:38,855 INFO  [org.apa.kaf.cli.con.int.ClassicKafkaConsumer] (Thread-694) [Consumer clientId=consumer-Consumer-topic-99260e68_61c0_42af_bed2_9d38aa0a5b4b-12, groupId=Consumer-topic-99260e68_61c0_42af_bed2_9d38aa0a5b4b] Subscribed to topic(s): topic-99260e68_61c0_42af_bed2_9d38aa0a5b4b
2025-08-13 02:22:38,859 INFO  [org.apa.kaf.cli.Metadata] (Thread-694) [Consumer clientId=consumer-Consumer-topic-99260e68_61c0_42af_bed2_9d38aa0a5b4b-12, groupId=Consumer-topic-99260e68_61c0_42af_bed2_9d38aa0a5b4b] Cluster ID: pj3cISz0Q0OVF0qikwHveQ
2025-08-13 02:22:38,859 INFO  [org.apa.kaf.cli.con.int.ConsumerCoordinator] (Thread-694) [Consumer clientId=consumer-Consumer-topic-99260e68_61c0_42af_bed2_9d38aa0a5b4b-12, groupId=Consumer-topic-99260e68_61c0_42af_bed2_9d38aa0a5b4b] Discovered group coordinator localhost:32769 (id: 2147483647 rack: null)
2025-08-13 02:22:38,860 INFO  [org.apa.kaf.cli.con.int.ConsumerCoordinator] (Thread-694) [Consumer clientId=consumer-Consumer-topic-99260e68_61c0_42af_bed2_9d38aa0a5b4b-12, groupId=Consumer-topic-99260e68_61c0_42af_bed2_9d38aa0a5b4b] (Re-)joining group
2025-08-13 02:22:38,864 INFO  [org.apa.kaf.cli.con.int.ConsumerCoordinator] (Thread-694) [Consumer clientId=consumer-Consumer-topic-99260e68_61c0_42af_bed2_9d38aa0a5b4b-12, groupId=Consumer-topic-99260e68_61c0_42af_bed2_9d38aa0a5b4b] Request joining group due to: need to re-join with the given member-id: consumer-Consumer-topic-99260e68_61c0_42af_bed2_9d38aa0a5b4b-12-1f32eaa9-6b26-4f58-a078-7cc38e0ac737
2025-08-13 02:22:38,864 INFO  [org.apa.kaf.cli.con.int.ConsumerCoordinator] (Thread-694) [Consumer clientId=consumer-Consumer-topic-99260e68_61c0_42af_bed2_9d38aa0a5b4b-12, groupId=Consumer-topic-99260e68_61c0_42af_bed2_9d38aa0a5b4b] (Re-)joining group
2025-08-13 02:22:39,856 INFO  [io.api.tes.ser.api.KafkaSerdesTester] (Thread-694) None found
2025-08-13 02:22:40,856 INFO  [io.api.tes.ser.api.KafkaSerdesTester] (Thread-694) None found
2025-08-13 02:22:41,856 INFO  [io.api.tes.ser.api.KafkaSerdesTester] (Thread-694) None found
2025-08-13 02:22:41,866 INFO  [org.apa.kaf.cli.con.int.ConsumerCoordinator] (Thread-694) [Consumer clientId=consumer-Consumer-topic-99260e68_61c0_42af_bed2_9d38aa0a5b4b-12, groupId=Consumer-topic-99260e68_61c0_42af_bed2_9d38aa0a5b4b] Successfully joined group with generation Generation{generationId=5, memberId='consumer-Consumer-topic-99260e68_61c0_42af_bed2_9d38aa0a5b4b-12-1f32eaa9-6b26-4f58-a078-7cc38e0ac737', protocol='range'}
2025-08-13 02:22:41,866 INFO  [org.apa.kaf.cli.con.int.ConsumerCoordinator] (Thread-694) [Consumer clientId=consumer-Consumer-topic-99260e68_61c0_42af_bed2_9d38aa0a5b4b-12, groupId=Consumer-topic-99260e68_61c0_42af_bed2_9d38aa0a5b4b] Finished assignment for group at generation 5: {consumer-Consumer-topic-99260e68_61c0_42af_bed2_9d38aa0a5b4b-12-1f32eaa9-6b26-4f58-a078-7cc38e0ac737=Assignment(partitions=[topic-99260e68_61c0_42af_bed2_9d38aa0a5b4b-0])}
2025-08-13 02:22:41,874 INFO  [org.apa.kaf.cli.con.int.ConsumerCoordinator] (Thread-694) [Consumer clientId=consumer-Consumer-topic-99260e68_61c0_42af_bed2_9d38aa0a5b4b-12, groupId=Consumer-topic-99260e68_61c0_42af_bed2_9d38aa0a5b4b] Successfully synced group in generation Generation{generationId=5, memberId='consumer-Consumer-topic-99260e68_61c0_42af_bed2_9d38aa0a5b4b-12-1f32eaa9-6b26-4f58-a078-7cc38e0ac737', protocol='range'}
2025-08-13 02:22:41,874 INFO  [org.apa.kaf.cli.con.int.ConsumerCoordinator] (Thread-694) [Consumer clientId=consumer-Consumer-topic-99260e68_61c0_42af_bed2_9d38aa0a5b4b-12, groupId=Consumer-topic-99260e68_61c0_42af_bed2_9d38aa0a5b4b] Notifying assignor about the new Assignment(partitions=[topic-99260e68_61c0_42af_bed2_9d38aa0a5b4b-0])
2025-08-13 02:22:41,874 INFO  [org.apa.kaf.cli.con.int.ConsumerRebalanceListenerInvoker] (Thread-694) [Consumer clientId=consumer-Consumer-topic-99260e68_61c0_42af_bed2_9d38aa0a5b4b-12, groupId=Consumer-topic-99260e68_61c0_42af_bed2_9d38aa0a5b4b] Adding newly assigned partitions: topic-99260e68_61c0_42af_bed2_9d38aa0a5b4b-0
2025-08-13 02:22:41,876 INFO  [org.apa.kaf.cli.con.int.ConsumerUtils] (Thread-694) Setting offset for partition topic-99260e68_61c0_42af_bed2_9d38aa0a5b4b-0 to the committed offset FetchPosition{offset=30, offsetEpoch=Optional[0], currentLeader=LeaderAndEpoch{leader=Optional[localhost:32769 (id: 0 rack: null)], epoch=0}}
2025-08-13 02:22:41,936 INFO  [io.api.tes.ser.api.KafkaSerdesTester] (Thread-694) topic-99260e68_61c0_42af_bed2_9d38aa0a5b4b 0 30 {"key11755051748106": "value-0", "key21755051752798": "value-0", "key31755051757568": "value-0"}
2025-08-13 02:22:41,936 INFO  [io.api.tes.ser.api.KafkaSerdesTester] (Thread-694) topic-99260e68_61c0_42af_bed2_9d38aa0a5b4b 0 31 {"key11755051748106": "value-1", "key21755051752798": "value-1", "key31755051757568": "value-1"}
2025-08-13 02:22:41,936 INFO  [io.api.tes.ser.api.KafkaSerdesTester] (Thread-694) topic-99260e68_61c0_42af_bed2_9d38aa0a5b4b 0 32 {"key11755051748106": "value-2", "key21755051752798": "value-2", "key31755051757568": "value-2"}
2025-08-13 02:22:41,936 INFO  [io.api.tes.ser.api.KafkaSerdesTester] (Thread-694) topic-99260e68_61c0_42af_bed2_9d38aa0a5b4b 0 33 {"key11755051748106": "value-3", "key21755051752798": "value-3", "key31755051757568": "value-3"}
2025-08-13 02:22:41,936 INFO  [io.api.tes.ser.api.KafkaSerdesTester] (Thread-694) topic-99260e68_61c0_42af_bed2_9d38aa0a5b4b 0 34 {"key11755051748106": "value-4", "key21755051752798": "value-4", "key31755051757568": "value-4"}
2025-08-13 02:22:41,936 INFO  [io.api.tes.ser.api.KafkaSerdesTester] (Thread-694) topic-99260e68_61c0_42af_bed2_9d38aa0a5b4b 0 35 {"key11755051748106": "value-5", "key21755051752798": "value-5", "key31755051757568": "value-5"}
2025-08-13 02:22:41,936 INFO  [io.api.tes.ser.api.KafkaSerdesTester] (Thread-694) topic-99260e68_61c0_42af_bed2_9d38aa0a5b4b 0 36 {"key11755051748106": "value-6", "key21755051752798": "value-6", "key31755051757568": "value-6"}
2025-08-13 02:22:41,936 INFO  [io.api.tes.ser.api.KafkaSerdesTester] (Thread-694) topic-99260e68_61c0_42af_bed2_9d38aa0a5b4b 0 37 {"key11755051748106": "value-7", "key21755051752798": "value-7", "key31755051757568": "value-7"}
2025-08-13 02:22:41,936 INFO  [io.api.tes.ser.api.KafkaSerdesTester] (Thread-694) topic-99260e68_61c0_42af_bed2_9d38aa0a5b4b 0 38 {"key11755051748106": "value-8", "key21755051752798": "value-8", "key31755051757568": "value-8"}
2025-08-13 02:22:41,936 INFO  [io.api.tes.ser.api.KafkaSerdesTester] (Thread-694) topic-99260e68_61c0_42af_bed2_9d38aa0a5b4b 0 39 {"key11755051748106": "value-9", "key21755051752798": "value-9", "key31755051757568": "value-9"}
2025-08-13 02:22:41,936 INFO  [io.api.tes.ser.api.KafkaSerdesTester] (Thread-694) topic-99260e68_61c0_42af_bed2_9d38aa0a5b4b 0 40 {"key11755051748106": "value-0", "key21755051752798": "value-0"}
2025-08-13 02:22:41,936 INFO  [io.api.tes.ser.api.KafkaSerdesTester] (Thread-694) topic-99260e68_61c0_42af_bed2_9d38aa0a5b4b 0 41 {"key11755051748106": "value-1", "key21755051752798": "value-1"}
2025-08-13 02:22:41,936 INFO  [io.api.tes.ser.api.KafkaSerdesTester] (Thread-694) topic-99260e68_61c0_42af_bed2_9d38aa0a5b4b 0 42 {"key11755051748106": "value-2", "key21755051752798": "value-2"}
2025-08-13 02:22:41,936 INFO  [io.api.tes.ser.api.KafkaSerdesTester] (Thread-694) topic-99260e68_61c0_42af_bed2_9d38aa0a5b4b 0 43 {"key11755051748106": "value-3", "key21755051752798": "value-3"}
2025-08-13 02:22:41,936 INFO  [io.api.tes.ser.api.KafkaSerdesTester] (Thread-694) topic-99260e68_61c0_42af_bed2_9d38aa0a5b4b 0 44 {"key11755051748106": "value-4", "key21755051752798": "value-4"}
2025-08-13 02:22:41,936 INFO  [io.api.tes.ser.api.KafkaSerdesTester] (Thread-694) topic-99260e68_61c0_42af_bed2_9d38aa0a5b4b 0 45 {"key11755051748106": "value-5", "key21755051752798": "value-5"}
2025-08-13 02:22:41,936 INFO  [io.api.tes.ser.api.KafkaSerdesTester] (Thread-694) topic-99260e68_61c0_42af_bed2_9d38aa0a5b4b 0 46 {"key11755051748106": "value-6", "key21755051752798": "value-6"}
2025-08-13 02:22:41,937 INFO  [io.api.tes.ser.api.KafkaSerdesTester] (Thread-694) topic-99260e68_61c0_42af_bed2_9d38aa0a5b4b 0 47 {"key11755051748106": "value-7", "key21755051752798": "value-7"}
2025-08-13 02:22:41,937 INFO  [io.api.tes.ser.api.KafkaSerdesTester] (Thread-694) topic-99260e68_61c0_42af_bed2_9d38aa0a5b4b 0 48 {"key11755051748106": "value-8", "key21755051752798": "value-8"}
2025-08-13 02:22:41,937 INFO  [io.api.tes.ser.api.KafkaSerdesTester] (Thread-694) topic-99260e68_61c0_42af_bed2_9d38aa0a5b4b 0 49 {"key11755051748106": "value-9", "key21755051752798": "value-9"}
2025-08-13 02:22:41,937 INFO  [io.api.tes.ser.api.KafkaSerdesTester] (Thread-694) topic-99260e68_61c0_42af_bed2_9d38aa0a5b4b 0 50 {"key11755051748106": "value-0"}
2025-08-13 02:22:41,937 INFO  [io.api.tes.ser.api.KafkaSerdesTester] (Thread-694) topic-99260e68_61c0_42af_bed2_9d38aa0a5b4b 0 51 {"key11755051748106": "value-1"}
2025-08-13 02:22:41,937 INFO  [io.api.tes.ser.api.KafkaSerdesTester] (Thread-694) topic-99260e68_61c0_42af_bed2_9d38aa0a5b4b 0 52 {"key11755051748106": "value-2"}
2025-08-13 02:22:41,937 INFO  [io.api.tes.ser.api.KafkaSerdesTester] (Thread-694) topic-99260e68_61c0_42af_bed2_9d38aa0a5b4b 0 53 {"key11755051748106": "value-3"}
2025-08-13 02:22:41,937 INFO  [io.api.tes.ser.api.KafkaSerdesTester] (Thread-694) topic-99260e68_61c0_42af_bed2_9d38aa0a5b4b 0 54 {"key11755051748106": "value-4"}
2025-08-13 02:22:41,937 INFO  [io.api.tes.ser.api.KafkaSerdesTester] (Thread-694) topic-99260e68_61c0_42af_bed2_9d38aa0a5b4b 0 55 {"key11755051748106": "value-5"}
2025-08-13 02:22:41,937 INFO  [io.api.tes.ser.api.KafkaSerdesTester] (Thread-694) topic-99260e68_61c0_42af_bed2_9d38aa0a5b4b 0 56 {"key11755051748106": "value-6"}
2025-08-13 02:22:41,937 INFO  [io.api.tes.ser.api.KafkaSerdesTester] (Thread-694) topic-99260e68_61c0_42af_bed2_9d38aa0a5b4b 0 57 {"key11755051748106": "value-7"}
2025-08-13 02:22:41,937 INFO  [io.api.tes.ser.api.KafkaSerdesTester] (Thread-694) topic-99260e68_61c0_42af_bed2_9d38aa0a5b4b 0 58 {"key11755051748106": "value-8"}
2025-08-13 02:22:41,937 INFO  [io.api.tes.ser.api.KafkaSerdesTester] (Thread-694) topic-99260e68_61c0_42af_bed2_9d38aa0a5b4b 0 59 {"key11755051748106": "value-9"}
2025-08-13 02:22:41,937 INFO  [io.api.tes.ser.api.KafkaSerdesTester] (Thread-694) Consumed 30 messages
2025-08-13 02:22:41,947 INFO  [org.apa.kaf.cli.con.int.ConsumerRebalanceListenerInvoker] (Thread-694) [Consumer clientId=consumer-Consumer-topic-99260e68_61c0_42af_bed2_9d38aa0a5b4b-12, groupId=Consumer-topic-99260e68_61c0_42af_bed2_9d38aa0a5b4b] Revoke previously assigned partitions topic-99260e68_61c0_42af_bed2_9d38aa0a5b4b-0
2025-08-13 02:22:41,947 INFO  [org.apa.kaf.cli.con.int.ConsumerCoordinator] (Thread-694) [Consumer clientId=consumer-Consumer-topic-99260e68_61c0_42af_bed2_9d38aa0a5b4b-12, groupId=Consumer-topic-99260e68_61c0_42af_bed2_9d38aa0a5b4b] Member consumer-Consumer-topic-99260e68_61c0_42af_bed2_9d38aa0a5b4b-12-1f32eaa9-6b26-4f58-a078-7cc38e0ac737 sending LeaveGroup request to coordinator localhost:32769 (id: 2147483647 rack: null) due to the consumer is being closed
2025-08-13 02:22:41,947 INFO  [org.apa.kaf.cli.con.int.ConsumerCoordinator] (Thread-694) [Consumer clientId=consumer-Consumer-topic-99260e68_61c0_42af_bed2_9d38aa0a5b4b-12, groupId=Consumer-topic-99260e68_61c0_42af_bed2_9d38aa0a5b4b] Resetting generation and member id due to: consumer pro-actively leaving the group
2025-08-13 02:22:41,947 INFO  [org.apa.kaf.cli.con.int.ConsumerCoordinator] (Thread-694) [Consumer clientId=consumer-Consumer-topic-99260e68_61c0_42af_bed2_9d38aa0a5b4b-12, groupId=Consumer-topic-99260e68_61c0_42af_bed2_9d38aa0a5b4b] Request joining group due to: consumer pro-actively leaving the group
2025-08-13 02:22:42,439 INFO  [org.apa.kaf.com.met.Metrics] (Thread-694) Metrics scheduler closed
2025-08-13 02:22:42,439 INFO  [org.apa.kaf.com.met.Metrics] (Thread-694) Closing reporter org.apache.kafka.common.metrics.JmxReporter
2025-08-13 02:22:42,440 INFO  [org.apa.kaf.com.met.Metrics] (Thread-694) Closing reporter org.apache.kafka.common.telemetry.internals.ClientTelemetryReporter
2025-08-13 02:22:42,440 INFO  [org.apa.kaf.com.met.Metrics] (Thread-694) Metrics reporters closed
2025-08-13 02:22:42,442 INFO  [org.apa.kaf.com.uti.AppInfoParser] (Thread-694) App info kafka.consumer for consumer-Consumer-topic-99260e68_61c0_42af_bed2_9d38aa0a5b4b-12 unregistered
2025-08-13 02:22:42,443 INFO  [org.apa.kaf.cli.pro.KafkaProducer] (main) [Producer clientId=Producer-topic-99260e68_61c0_42af_bed2_9d38aa0a5b4b] Closing the Kafka producer with timeoutMillis = 9223372036854775807 ms.
2025-08-13 02:22:42,443 INFO  [org.apa.kaf.com.met.Metrics] (main) Metrics scheduler closed
2025-08-13 02:22:42,443 INFO  [org.apa.kaf.com.met.Metrics] (main) Closing reporter org.apache.kafka.common.metrics.JmxReporter
2025-08-13 02:22:42,443 INFO  [org.apa.kaf.com.met.Metrics] (main) Closing reporter org.apache.kafka.common.telemetry.internals.ClientTelemetryReporter
2025-08-13 02:22:42,443 INFO  [org.apa.kaf.com.met.Metrics] (main) Metrics reporters closed
2025-08-13 02:22:42,443 INFO  [org.apa.kaf.com.uti.AppInfoParser] (main) App info kafka.producer for Producer-topic-99260e68_61c0_42af_bed2_9d38aa0a5b4b unregistered
2025-08-13 02:22:42,443 INFO  [io.api.tes.uti.TestSeparator] (main) io.apicurio.tests.serdes.apicurio.AvroSerdeIT.testEvolveAvroApicurio-FINISHED
2025-08-13 02:22:42,443 INFO  [io.api.tes.uti.TestSeparator] (main) ############################################################################
Test passed: testEvolveAvroApicurio
]]></system-out>
  </testcase>
  <testcase name="testTopicRecordIdStrategydFindLatest" classname="io.apicurio.tests.serdes.apicurio.AvroSerdeIT" time="4.7">
    <system-out><![CDATA[2025-08-13 02:22:42,446 INFO  [io.api.tes.uti.TestSeparator] (main) ############################################################################
2025-08-13 02:22:42,447 INFO  [io.api.tes.uti.TestSeparator] (main) io.apicurio.tests.serdes.apicurio.AvroSerdeIT.testTopicRecordIdStrategydFindLatest-STARTED
2025-08-13 02:22:42,451 INFO  [io.api.tes.ser.api.AvroSerdeIT] (main) Registering Avro Schema: {"type":"record","name":"s15f23712xa27bx4406xb45fx028ad01b7760","namespace":"s937245efxc0d7x4cadx833fx454e1e83c1d0","fields":[{"name":"key11755051762448","type":"string"}]}
**** Registry Base URL: http://registry-app-ksql043.apps.ci419.apicurio-testing.org:80
2025-08-13 02:22:43,521 INFO  [org.apa.kaf.cli.pro.ProducerConfig] (main) ProducerConfig values: 
	acks = -1
	auto.include.jmx.reporter = true
	batch.size = 16384
	bootstrap.servers = [PLAINTEXT://localhost:32769]
	buffer.memory = 33554432
	client.dns.lookup = use_all_dns_ips
	client.id = Producer-topic-ce002258_d934_495d_bb6c_9b7677b0e0bf
	compression.gzip.level = -1
	compression.lz4.level = 9
	compression.type = none
	compression.zstd.level = 3
	connections.max.idle.ms = 10000
	delivery.timeout.ms = 120000
	enable.idempotence = true
	enable.metrics.push = true
	interceptor.classes = []
	key.serializer = class org.apache.kafka.common.serialization.StringSerializer
	linger.ms = 0
	max.block.ms = 60000
	max.in.flight.requests.per.connection = 5
	max.request.size = 1048576
	metadata.max.age.ms = 300000
	metadata.max.idle.ms = 300000
	metadata.recovery.strategy = none
	metric.reporters = []
	metrics.num.samples = 2
	metrics.recording.level = INFO
	metrics.sample.window.ms = 30000
	partitioner.adaptive.partitioning.enable = true
	partitioner.availability.timeout.ms = 0
	partitioner.class = null
	partitioner.ignore.keys = false
	receive.buffer.bytes = 32768
	reconnect.backoff.max.ms = 1000
	reconnect.backoff.ms = 50
	request.timeout.ms = 5000
	retries = 2147483647
	retry.backoff.max.ms = 1000
	retry.backoff.ms = 100
	sasl.client.callback.handler.class = null
	sasl.jaas.config = null
	sasl.kerberos.kinit.cmd = /usr/bin/kinit
	sasl.kerberos.min.time.before.relogin = 60000
	sasl.kerberos.service.name = null
	sasl.kerberos.ticket.renew.jitter = 0.05
	sasl.kerberos.ticket.renew.window.factor = 0.8
	sasl.login.callback.handler.class = null
	sasl.login.class = null
	sasl.login.connect.timeout.ms = null
	sasl.login.read.timeout.ms = null
	sasl.login.refresh.buffer.seconds = 300
	sasl.login.refresh.min.period.seconds = 60
	sasl.login.refresh.window.factor = 0.8
	sasl.login.refresh.window.jitter = 0.05
	sasl.login.retry.backoff.max.ms = 10000
	sasl.login.retry.backoff.ms = 100
	sasl.mechanism = GSSAPI
	sasl.oauthbearer.clock.skew.seconds = 30
	sasl.oauthbearer.expected.audience = null
	sasl.oauthbearer.expected.issuer = null
	sasl.oauthbearer.header.urlencode = false
	sasl.oauthbearer.jwks.endpoint.refresh.ms = 3600000
	sasl.oauthbearer.jwks.endpoint.retry.backoff.max.ms = 10000
	sasl.oauthbearer.jwks.endpoint.retry.backoff.ms = 100
	sasl.oauthbearer.jwks.endpoint.url = null
	sasl.oauthbearer.scope.claim.name = scope
	sasl.oauthbearer.sub.claim.name = sub
	sasl.oauthbearer.token.endpoint.url = null
	security.protocol = PLAINTEXT
	security.providers = null
	send.buffer.bytes = 131072
	socket.connection.setup.timeout.max.ms = 30000
	socket.connection.setup.timeout.ms = 10000
	ssl.cipher.suites = null
	ssl.enabled.protocols = [TLSv1.2, TLSv1.3]
	ssl.endpoint.identification.algorithm = https
	ssl.engine.factory.class = null
	ssl.key.password = null
	ssl.keymanager.algorithm = SunX509
	ssl.keystore.certificate.chain = null
	ssl.keystore.key = null
	ssl.keystore.location = null
	ssl.keystore.password = null
	ssl.keystore.type = JKS
	ssl.protocol = TLSv1.3
	ssl.provider = null
	ssl.secure.random.implementation = null
	ssl.trustmanager.algorithm = PKIX
	ssl.truststore.certificates = null
	ssl.truststore.location = null
	ssl.truststore.password = null
	ssl.truststore.type = JKS
	transaction.timeout.ms = 60000
	transactional.id = null
	value.serializer = class io.apicurio.registry.serde.avro.AvroKafkaSerializer

2025-08-13 02:22:43,522 INFO  [org.apa.kaf.com.tel.int.KafkaMetricsCollector] (main) initializing Kafka metrics collector
2025-08-13 02:22:43,524 INFO  [org.apa.kaf.cli.pro.KafkaProducer] (main) [Producer clientId=Producer-topic-ce002258_d934_495d_bb6c_9b7677b0e0bf] Instantiated an idempotent producer.
2025-08-13 02:22:43,526 INFO  [org.apa.kaf.cli.pro.ProducerConfig] (main) These configurations '[apicurio.registry.find-latest, apicurio.registry.url, apicurio.registry.artifact-resolver-strategy]' were supplied but are not used yet.
2025-08-13 02:22:43,526 INFO  [org.apa.kaf.com.uti.AppInfoParser] (main) Kafka version: 3.9.1
2025-08-13 02:22:43,526 INFO  [org.apa.kaf.com.uti.AppInfoParser] (main) Kafka commitId: f745dfdcee2b9851
2025-08-13 02:22:43,526 INFO  [org.apa.kaf.com.uti.AppInfoParser] (main) Kafka startTimeMs: 1755051763526
2025-08-13 02:22:43,527 INFO  [io.api.tes.ser.api.SimpleSerdesTesterBuilder$SimpleSerdesTester] (main) Using producer configuration: {apicurio.registry.find-latest=true, apicurio.registry.url=http://registry-app-ksql043.apps.ci419.apicurio-testing.org:80/apis/registry/v3, apicurio.registry.artifact-resolver-strategy=io.apicurio.registry.serde.avro.strategy.TopicRecordIdStrategy, value.serializer=io.apicurio.registry.serde.avro.AvroKafkaSerializer, request.timeout.ms=5000, acks=all, bootstrap.servers=PLAINTEXT://localhost:32769, connections.max.idle.ms=10000, key.serializer=org.apache.kafka.common.serialization.StringSerializer, client.id=Producer-topic-ce002258_d934_495d_bb6c_9b7677b0e0bf}
2025-08-13 02:22:43,527 INFO  [io.api.tes.ser.api.SimpleSerdesTesterBuilder$SimpleSerdesTester] (main) Using consumer configuration: {}
2025-08-13 02:22:43,528 INFO  [io.api.tes.ser.api.KafkaSerdesTester] (Thread-697) Sending message {"key11755051762448": "value-0"} to topic topic-ce002258_d934_495d_bb6c_9b7677b0e0bf
2025-08-13 02:22:43,530 INFO  [org.apa.kaf.cli.Metadata] (kafka-producer-network-thread | Producer-topic-ce002258_d934_495d_bb6c_9b7677b0e0bf) [Producer clientId=Producer-topic-ce002258_d934_495d_bb6c_9b7677b0e0bf] Cluster ID: pj3cISz0Q0OVF0qikwHveQ
2025-08-13 02:22:43,531 INFO  [org.apa.kaf.cli.pro.int.TransactionManager] (kafka-producer-network-thread | Producer-topic-ce002258_d934_495d_bb6c_9b7677b0e0bf) [Producer clientId=Producer-topic-ce002258_d934_495d_bb6c_9b7677b0e0bf] ProducerId set to 18 with epoch 0
2025-08-13 02:22:43,568 INFO  [io.api.tes.ser.api.KafkaSerdesTester] (Thread-697) Sending message {"key11755051762448": "value-1"} to topic topic-ce002258_d934_495d_bb6c_9b7677b0e0bf
2025-08-13 02:22:43,569 INFO  [io.api.tes.ser.api.KafkaSerdesTester] (Thread-697) Sending message {"key11755051762448": "value-2"} to topic topic-ce002258_d934_495d_bb6c_9b7677b0e0bf
2025-08-13 02:22:43,570 INFO  [io.api.tes.ser.api.KafkaSerdesTester] (Thread-697) Sending message {"key11755051762448": "value-3"} to topic topic-ce002258_d934_495d_bb6c_9b7677b0e0bf
2025-08-13 02:22:43,572 INFO  [io.api.tes.ser.api.KafkaSerdesTester] (Thread-697) Sending message {"key11755051762448": "value-4"} to topic topic-ce002258_d934_495d_bb6c_9b7677b0e0bf
2025-08-13 02:22:43,573 INFO  [io.api.tes.ser.api.KafkaSerdesTester] (Thread-697) Sending message {"key11755051762448": "value-5"} to topic topic-ce002258_d934_495d_bb6c_9b7677b0e0bf
2025-08-13 02:22:43,575 INFO  [io.api.tes.ser.api.KafkaSerdesTester] (Thread-697) Sending message {"key11755051762448": "value-6"} to topic topic-ce002258_d934_495d_bb6c_9b7677b0e0bf
2025-08-13 02:22:43,576 INFO  [io.api.tes.ser.api.KafkaSerdesTester] (Thread-697) Sending message {"key11755051762448": "value-7"} to topic topic-ce002258_d934_495d_bb6c_9b7677b0e0bf
2025-08-13 02:22:43,578 INFO  [io.api.tes.ser.api.KafkaSerdesTester] (Thread-697) Sending message {"key11755051762448": "value-8"} to topic topic-ce002258_d934_495d_bb6c_9b7677b0e0bf
2025-08-13 02:22:43,580 INFO  [io.api.tes.ser.api.KafkaSerdesTester] (Thread-697) Sending message {"key11755051762448": "value-9"} to topic topic-ce002258_d934_495d_bb6c_9b7677b0e0bf
2025-08-13 02:22:43,581 INFO  [io.api.tes.ser.api.KafkaSerdesTester] (Thread-697) Produced 10 messages
2025-08-13 02:22:43,581 INFO  [org.apa.kaf.cli.pro.KafkaProducer] (Thread-697) [Producer clientId=Producer-topic-ce002258_d934_495d_bb6c_9b7677b0e0bf] Closing the Kafka producer with timeoutMillis = 9223372036854775807 ms.
2025-08-13 02:22:43,584 INFO  [org.apa.kaf.com.met.Metrics] (Thread-697) Metrics scheduler closed
2025-08-13 02:22:43,584 INFO  [org.apa.kaf.com.met.Metrics] (Thread-697) Closing reporter org.apache.kafka.common.metrics.JmxReporter
2025-08-13 02:22:43,584 INFO  [org.apa.kaf.com.met.Metrics] (Thread-697) Closing reporter org.apache.kafka.common.telemetry.internals.ClientTelemetryReporter
2025-08-13 02:22:43,584 INFO  [org.apa.kaf.com.met.Metrics] (Thread-697) Metrics reporters closed
2025-08-13 02:22:43,584 INFO  [org.apa.kaf.com.uti.AppInfoParser] (Thread-697) App info kafka.producer for Producer-topic-ce002258_d934_495d_bb6c_9b7677b0e0bf unregistered
**** Registry Base URL: http://registry-app-ksql043.apps.ci419.apicurio-testing.org:80
2025-08-13 02:22:43,585 INFO  [org.apa.kaf.cli.con.ConsumerConfig] (main) ConsumerConfig values: 
	allow.auto.create.topics = true
	auto.commit.interval.ms = 500
	auto.include.jmx.reporter = true
	auto.offset.reset = earliest
	bootstrap.servers = [PLAINTEXT://localhost:32769]
	check.crcs = true
	client.dns.lookup = use_all_dns_ips
	client.id = consumer-Consumer-topic-ce002258_d934_495d_bb6c_9b7677b0e0bf-13
	client.rack = 
	connections.max.idle.ms = 10000
	default.api.timeout.ms = 60000
	enable.auto.commit = true
	enable.metrics.push = true
	exclude.internal.topics = true
	fetch.max.bytes = 52428800
	fetch.max.wait.ms = 500
	fetch.min.bytes = 1
	group.id = Consumer-topic-ce002258_d934_495d_bb6c_9b7677b0e0bf
	group.instance.id = null
	group.protocol = classic
	group.remote.assignor = null
	heartbeat.interval.ms = 3000
	interceptor.classes = []
	internal.leave.group.on.close = true
	internal.throw.on.fetch.stable.offset.unsupported = false
	isolation.level = read_uncommitted
	key.deserializer = class org.apache.kafka.common.serialization.StringDeserializer
	max.partition.fetch.bytes = 1048576
	max.poll.interval.ms = 300000
	max.poll.records = 500
	metadata.max.age.ms = 300000
	metadata.recovery.strategy = none
	metric.reporters = []
	metrics.num.samples = 2
	metrics.recording.level = INFO
	metrics.sample.window.ms = 30000
	partition.assignment.strategy = [class org.apache.kafka.clients.consumer.RangeAssignor, class org.apache.kafka.clients.consumer.CooperativeStickyAssignor]
	receive.buffer.bytes = 65536
	reconnect.backoff.max.ms = 1000
	reconnect.backoff.ms = 50
	request.timeout.ms = 5000
	retry.backoff.max.ms = 1000
	retry.backoff.ms = 100
	sasl.client.callback.handler.class = null
	sasl.jaas.config = null
	sasl.kerberos.kinit.cmd = /usr/bin/kinit
	sasl.kerberos.min.time.before.relogin = 60000
	sasl.kerberos.service.name = null
	sasl.kerberos.ticket.renew.jitter = 0.05
	sasl.kerberos.ticket.renew.window.factor = 0.8
	sasl.login.callback.handler.class = null
	sasl.login.class = null
	sasl.login.connect.timeout.ms = null
	sasl.login.read.timeout.ms = null
	sasl.login.refresh.buffer.seconds = 300
	sasl.login.refresh.min.period.seconds = 60
	sasl.login.refresh.window.factor = 0.8
	sasl.login.refresh.window.jitter = 0.05
	sasl.login.retry.backoff.max.ms = 10000
	sasl.login.retry.backoff.ms = 100
	sasl.mechanism = GSSAPI
	sasl.oauthbearer.clock.skew.seconds = 30
	sasl.oauthbearer.expected.audience = null
	sasl.oauthbearer.expected.issuer = null
	sasl.oauthbearer.header.urlencode = false
	sasl.oauthbearer.jwks.endpoint.refresh.ms = 3600000
	sasl.oauthbearer.jwks.endpoint.retry.backoff.max.ms = 10000
	sasl.oauthbearer.jwks.endpoint.retry.backoff.ms = 100
	sasl.oauthbearer.jwks.endpoint.url = null
	sasl.oauthbearer.scope.claim.name = scope
	sasl.oauthbearer.sub.claim.name = sub
	sasl.oauthbearer.token.endpoint.url = null
	security.protocol = PLAINTEXT
	security.providers = null
	send.buffer.bytes = 131072
	session.timeout.ms = 45000
	socket.connection.setup.timeout.max.ms = 30000
	socket.connection.setup.timeout.ms = 10000
	ssl.cipher.suites = null
	ssl.enabled.protocols = [TLSv1.2, TLSv1.3]
	ssl.endpoint.identification.algorithm = https
	ssl.engine.factory.class = null
	ssl.key.password = null
	ssl.keymanager.algorithm = SunX509
	ssl.keystore.certificate.chain = null
	ssl.keystore.key = null
	ssl.keystore.location = null
	ssl.keystore.password = null
	ssl.keystore.type = JKS
	ssl.protocol = TLSv1.3
	ssl.provider = null
	ssl.secure.random.implementation = null
	ssl.trustmanager.algorithm = PKIX
	ssl.truststore.certificates = null
	ssl.truststore.location = null
	ssl.truststore.password = null
	ssl.truststore.type = JKS
	value.deserializer = class io.apicurio.registry.serde.avro.AvroKafkaDeserializer

2025-08-13 02:22:43,585 INFO  [org.apa.kaf.com.tel.int.KafkaMetricsCollector] (main) initializing Kafka metrics collector
2025-08-13 02:22:43,591 INFO  [org.apa.kaf.cli.con.ConsumerConfig] (main) These configurations '[apicurio.registry.url]' were supplied but are not used yet.
2025-08-13 02:22:43,591 INFO  [org.apa.kaf.com.uti.AppInfoParser] (main) Kafka version: 3.9.1
2025-08-13 02:22:43,591 INFO  [org.apa.kaf.com.uti.AppInfoParser] (main) Kafka commitId: f745dfdcee2b9851
2025-08-13 02:22:43,591 INFO  [org.apa.kaf.com.uti.AppInfoParser] (main) Kafka startTimeMs: 1755051763591
2025-08-13 02:22:43,591 INFO  [org.apa.kaf.cli.con.int.ClassicKafkaConsumer] (Thread-700) [Consumer clientId=consumer-Consumer-topic-ce002258_d934_495d_bb6c_9b7677b0e0bf-13, groupId=Consumer-topic-ce002258_d934_495d_bb6c_9b7677b0e0bf] Subscribed to topic(s): topic-ce002258_d934_495d_bb6c_9b7677b0e0bf
2025-08-13 02:22:43,595 INFO  [org.apa.kaf.cli.Metadata] (Thread-700) [Consumer clientId=consumer-Consumer-topic-ce002258_d934_495d_bb6c_9b7677b0e0bf-13, groupId=Consumer-topic-ce002258_d934_495d_bb6c_9b7677b0e0bf] Cluster ID: pj3cISz0Q0OVF0qikwHveQ
2025-08-13 02:22:43,596 INFO  [org.apa.kaf.cli.con.int.ConsumerCoordinator] (Thread-700) [Consumer clientId=consumer-Consumer-topic-ce002258_d934_495d_bb6c_9b7677b0e0bf-13, groupId=Consumer-topic-ce002258_d934_495d_bb6c_9b7677b0e0bf] Discovered group coordinator localhost:32769 (id: 2147483647 rack: null)
2025-08-13 02:22:43,598 INFO  [org.apa.kaf.cli.con.int.ConsumerCoordinator] (Thread-700) [Consumer clientId=consumer-Consumer-topic-ce002258_d934_495d_bb6c_9b7677b0e0bf-13, groupId=Consumer-topic-ce002258_d934_495d_bb6c_9b7677b0e0bf] (Re-)joining group
2025-08-13 02:22:43,600 INFO  [org.apa.kaf.cli.con.int.ConsumerCoordinator] (Thread-700) [Consumer clientId=consumer-Consumer-topic-ce002258_d934_495d_bb6c_9b7677b0e0bf-13, groupId=Consumer-topic-ce002258_d934_495d_bb6c_9b7677b0e0bf] Request joining group due to: need to re-join with the given member-id: consumer-Consumer-topic-ce002258_d934_495d_bb6c_9b7677b0e0bf-13-1a1197fd-6ad7-450f-8344-a6925c012f72
2025-08-13 02:22:43,600 INFO  [org.apa.kaf.cli.con.int.ConsumerCoordinator] (Thread-700) [Consumer clientId=consumer-Consumer-topic-ce002258_d934_495d_bb6c_9b7677b0e0bf-13, groupId=Consumer-topic-ce002258_d934_495d_bb6c_9b7677b0e0bf] (Re-)joining group
2025-08-13 02:22:44,591 INFO  [io.api.tes.ser.api.KafkaSerdesTester] (Thread-700) None found
2025-08-13 02:22:45,592 INFO  [io.api.tes.ser.api.KafkaSerdesTester] (Thread-700) None found
2025-08-13 02:22:46,592 INFO  [io.api.tes.ser.api.KafkaSerdesTester] (Thread-700) None found
2025-08-13 02:22:46,602 INFO  [org.apa.kaf.cli.con.int.ConsumerCoordinator] (Thread-700) [Consumer clientId=consumer-Consumer-topic-ce002258_d934_495d_bb6c_9b7677b0e0bf-13, groupId=Consumer-topic-ce002258_d934_495d_bb6c_9b7677b0e0bf] Successfully joined group with generation Generation{generationId=1, memberId='consumer-Consumer-topic-ce002258_d934_495d_bb6c_9b7677b0e0bf-13-1a1197fd-6ad7-450f-8344-a6925c012f72', protocol='range'}
2025-08-13 02:22:46,602 INFO  [org.apa.kaf.cli.con.int.ConsumerCoordinator] (Thread-700) [Consumer clientId=consumer-Consumer-topic-ce002258_d934_495d_bb6c_9b7677b0e0bf-13, groupId=Consumer-topic-ce002258_d934_495d_bb6c_9b7677b0e0bf] Finished assignment for group at generation 1: {consumer-Consumer-topic-ce002258_d934_495d_bb6c_9b7677b0e0bf-13-1a1197fd-6ad7-450f-8344-a6925c012f72=Assignment(partitions=[topic-ce002258_d934_495d_bb6c_9b7677b0e0bf-0])}
2025-08-13 02:22:46,608 INFO  [org.apa.kaf.cli.con.int.ConsumerCoordinator] (Thread-700) [Consumer clientId=consumer-Consumer-topic-ce002258_d934_495d_bb6c_9b7677b0e0bf-13, groupId=Consumer-topic-ce002258_d934_495d_bb6c_9b7677b0e0bf] Successfully synced group in generation Generation{generationId=1, memberId='consumer-Consumer-topic-ce002258_d934_495d_bb6c_9b7677b0e0bf-13-1a1197fd-6ad7-450f-8344-a6925c012f72', protocol='range'}
2025-08-13 02:22:46,609 INFO  [org.apa.kaf.cli.con.int.ConsumerCoordinator] (Thread-700) [Consumer clientId=consumer-Consumer-topic-ce002258_d934_495d_bb6c_9b7677b0e0bf-13, groupId=Consumer-topic-ce002258_d934_495d_bb6c_9b7677b0e0bf] Notifying assignor about the new Assignment(partitions=[topic-ce002258_d934_495d_bb6c_9b7677b0e0bf-0])
2025-08-13 02:22:46,609 INFO  [org.apa.kaf.cli.con.int.ConsumerRebalanceListenerInvoker] (Thread-700) [Consumer clientId=consumer-Consumer-topic-ce002258_d934_495d_bb6c_9b7677b0e0bf-13, groupId=Consumer-topic-ce002258_d934_495d_bb6c_9b7677b0e0bf] Adding newly assigned partitions: topic-ce002258_d934_495d_bb6c_9b7677b0e0bf-0
2025-08-13 02:22:46,610 INFO  [org.apa.kaf.cli.con.int.ConsumerCoordinator] (Thread-700) [Consumer clientId=consumer-Consumer-topic-ce002258_d934_495d_bb6c_9b7677b0e0bf-13, groupId=Consumer-topic-ce002258_d934_495d_bb6c_9b7677b0e0bf] Found no committed offset for partition topic-ce002258_d934_495d_bb6c_9b7677b0e0bf-0
2025-08-13 02:22:46,612 INFO  [org.apa.kaf.cli.con.int.SubscriptionState] (Thread-700) [Consumer clientId=consumer-Consumer-topic-ce002258_d934_495d_bb6c_9b7677b0e0bf-13, groupId=Consumer-topic-ce002258_d934_495d_bb6c_9b7677b0e0bf] Resetting offset for partition topic-ce002258_d934_495d_bb6c_9b7677b0e0bf-0 to position FetchPosition{offset=0, offsetEpoch=Optional.empty, currentLeader=LeaderAndEpoch{leader=Optional[localhost:32769 (id: 0 rack: null)], epoch=0}}.
2025-08-13 02:22:46,636 INFO  [io.api.tes.ser.api.KafkaSerdesTester] (Thread-700) topic-ce002258_d934_495d_bb6c_9b7677b0e0bf 0 0 {"key11755051762448": "value-0"}
2025-08-13 02:22:46,636 INFO  [io.api.tes.ser.api.KafkaSerdesTester] (Thread-700) topic-ce002258_d934_495d_bb6c_9b7677b0e0bf 0 1 {"key11755051762448": "value-1"}
2025-08-13 02:22:46,636 INFO  [io.api.tes.ser.api.KafkaSerdesTester] (Thread-700) topic-ce002258_d934_495d_bb6c_9b7677b0e0bf 0 2 {"key11755051762448": "value-2"}
2025-08-13 02:22:46,636 INFO  [io.api.tes.ser.api.KafkaSerdesTester] (Thread-700) topic-ce002258_d934_495d_bb6c_9b7677b0e0bf 0 3 {"key11755051762448": "value-3"}
2025-08-13 02:22:46,636 INFO  [io.api.tes.ser.api.KafkaSerdesTester] (Thread-700) topic-ce002258_d934_495d_bb6c_9b7677b0e0bf 0 4 {"key11755051762448": "value-4"}
2025-08-13 02:22:46,636 INFO  [io.api.tes.ser.api.KafkaSerdesTester] (Thread-700) topic-ce002258_d934_495d_bb6c_9b7677b0e0bf 0 5 {"key11755051762448": "value-5"}
2025-08-13 02:22:46,636 INFO  [io.api.tes.ser.api.KafkaSerdesTester] (Thread-700) topic-ce002258_d934_495d_bb6c_9b7677b0e0bf 0 6 {"key11755051762448": "value-6"}
2025-08-13 02:22:46,636 INFO  [io.api.tes.ser.api.KafkaSerdesTester] (Thread-700) topic-ce002258_d934_495d_bb6c_9b7677b0e0bf 0 7 {"key11755051762448": "value-7"}
2025-08-13 02:22:46,636 INFO  [io.api.tes.ser.api.KafkaSerdesTester] (Thread-700) topic-ce002258_d934_495d_bb6c_9b7677b0e0bf 0 8 {"key11755051762448": "value-8"}
2025-08-13 02:22:46,636 INFO  [io.api.tes.ser.api.KafkaSerdesTester] (Thread-700) topic-ce002258_d934_495d_bb6c_9b7677b0e0bf 0 9 {"key11755051762448": "value-9"}
2025-08-13 02:22:46,636 INFO  [io.api.tes.ser.api.KafkaSerdesTester] (Thread-700) Consumed 10 messages
2025-08-13 02:22:46,643 INFO  [org.apa.kaf.cli.con.int.ConsumerRebalanceListenerInvoker] (Thread-700) [Consumer clientId=consumer-Consumer-topic-ce002258_d934_495d_bb6c_9b7677b0e0bf-13, groupId=Consumer-topic-ce002258_d934_495d_bb6c_9b7677b0e0bf] Revoke previously assigned partitions topic-ce002258_d934_495d_bb6c_9b7677b0e0bf-0
2025-08-13 02:22:46,643 INFO  [org.apa.kaf.cli.con.int.ConsumerCoordinator] (Thread-700) [Consumer clientId=consumer-Consumer-topic-ce002258_d934_495d_bb6c_9b7677b0e0bf-13, groupId=Consumer-topic-ce002258_d934_495d_bb6c_9b7677b0e0bf] Member consumer-Consumer-topic-ce002258_d934_495d_bb6c_9b7677b0e0bf-13-1a1197fd-6ad7-450f-8344-a6925c012f72 sending LeaveGroup request to coordinator localhost:32769 (id: 2147483647 rack: null) due to the consumer is being closed
2025-08-13 02:22:46,643 INFO  [org.apa.kaf.cli.con.int.ConsumerCoordinator] (Thread-700) [Consumer clientId=consumer-Consumer-topic-ce002258_d934_495d_bb6c_9b7677b0e0bf-13, groupId=Consumer-topic-ce002258_d934_495d_bb6c_9b7677b0e0bf] Resetting generation and member id due to: consumer pro-actively leaving the group
2025-08-13 02:22:46,643 INFO  [org.apa.kaf.cli.con.int.ConsumerCoordinator] (Thread-700) [Consumer clientId=consumer-Consumer-topic-ce002258_d934_495d_bb6c_9b7677b0e0bf-13, groupId=Consumer-topic-ce002258_d934_495d_bb6c_9b7677b0e0bf] Request joining group due to: consumer pro-actively leaving the group
2025-08-13 02:22:47,140 INFO  [org.apa.kaf.com.met.Metrics] (Thread-700) Metrics scheduler closed
2025-08-13 02:22:47,140 INFO  [org.apa.kaf.com.met.Metrics] (Thread-700) Closing reporter org.apache.kafka.common.metrics.JmxReporter
2025-08-13 02:22:47,140 INFO  [org.apa.kaf.com.met.Metrics] (Thread-700) Closing reporter org.apache.kafka.common.telemetry.internals.ClientTelemetryReporter
2025-08-13 02:22:47,140 INFO  [org.apa.kaf.com.met.Metrics] (Thread-700) Metrics reporters closed
2025-08-13 02:22:47,143 INFO  [org.apa.kaf.com.uti.AppInfoParser] (Thread-700) App info kafka.consumer for consumer-Consumer-topic-ce002258_d934_495d_bb6c_9b7677b0e0bf-13 unregistered
2025-08-13 02:22:47,143 INFO  [io.api.tes.uti.TestSeparator] (main) io.apicurio.tests.serdes.apicurio.AvroSerdeIT.testTopicRecordIdStrategydFindLatest-FINISHED
2025-08-13 02:22:47,143 INFO  [io.api.tes.uti.TestSeparator] (main) ############################################################################
Test passed: testTopicRecordIdStrategydFindLatest
]]></system-out>
  </testcase>
  <testcase name="testAvroConfluentForMultipleTopics" classname="io.apicurio.tests.serdes.apicurio.AvroSerdeIT" time="11.932">
    <system-out><![CDATA[2025-08-13 02:22:47,145 INFO  [io.api.tes.uti.TestSeparator] (main) ############################################################################
2025-08-13 02:22:47,145 INFO  [io.api.tes.uti.TestSeparator] (main) io.apicurio.tests.serdes.apicurio.AvroSerdeIT.testAvroConfluentForMultipleTopics-STARTED
2025-08-13 02:22:47,148 INFO  [io.api.tes.ser.api.AvroSerdeIT] (main) Registering Avro Schema: {"type":"record","name":"myrecordconfluent","fields":[{"name":"key11755051767148","type":"string"}]}
**** Registry Base URL: http://registry-app-ksql043.apps.ci419.apicurio-testing.org:80
2025-08-13 02:22:48,212 INFO  [org.apa.kaf.cli.pro.ProducerConfig] (main) ProducerConfig values: 
	acks = -1
	auto.include.jmx.reporter = true
	batch.size = 16384
	bootstrap.servers = [PLAINTEXT://localhost:32769]
	buffer.memory = 33554432
	client.dns.lookup = use_all_dns_ips
	client.id = Producer-topic-e657ba5a_a9cb_4b30_be34_ba14c019a8b8
	compression.gzip.level = -1
	compression.lz4.level = 9
	compression.type = none
	compression.zstd.level = 3
	connections.max.idle.ms = 10000
	delivery.timeout.ms = 120000
	enable.idempotence = true
	enable.metrics.push = true
	interceptor.classes = []
	key.serializer = class org.apache.kafka.common.serialization.StringSerializer
	linger.ms = 0
	max.block.ms = 60000
	max.in.flight.requests.per.connection = 5
	max.request.size = 1048576
	metadata.max.age.ms = 300000
	metadata.max.idle.ms = 300000
	metadata.recovery.strategy = none
	metric.reporters = []
	metrics.num.samples = 2
	metrics.recording.level = INFO
	metrics.sample.window.ms = 30000
	partitioner.adaptive.partitioning.enable = true
	partitioner.availability.timeout.ms = 0
	partitioner.class = null
	partitioner.ignore.keys = false
	receive.buffer.bytes = 32768
	reconnect.backoff.max.ms = 1000
	reconnect.backoff.ms = 50
	request.timeout.ms = 5000
	retries = 2147483647
	retry.backoff.max.ms = 1000
	retry.backoff.ms = 100
	sasl.client.callback.handler.class = null
	sasl.jaas.config = null
	sasl.kerberos.kinit.cmd = /usr/bin/kinit
	sasl.kerberos.min.time.before.relogin = 60000
	sasl.kerberos.service.name = null
	sasl.kerberos.ticket.renew.jitter = 0.05
	sasl.kerberos.ticket.renew.window.factor = 0.8
	sasl.login.callback.handler.class = null
	sasl.login.class = null
	sasl.login.connect.timeout.ms = null
	sasl.login.read.timeout.ms = null
	sasl.login.refresh.buffer.seconds = 300
	sasl.login.refresh.min.period.seconds = 60
	sasl.login.refresh.window.factor = 0.8
	sasl.login.refresh.window.jitter = 0.05
	sasl.login.retry.backoff.max.ms = 10000
	sasl.login.retry.backoff.ms = 100
	sasl.mechanism = GSSAPI
	sasl.oauthbearer.clock.skew.seconds = 30
	sasl.oauthbearer.expected.audience = null
	sasl.oauthbearer.expected.issuer = null
	sasl.oauthbearer.header.urlencode = false
	sasl.oauthbearer.jwks.endpoint.refresh.ms = 3600000
	sasl.oauthbearer.jwks.endpoint.retry.backoff.max.ms = 10000
	sasl.oauthbearer.jwks.endpoint.retry.backoff.ms = 100
	sasl.oauthbearer.jwks.endpoint.url = null
	sasl.oauthbearer.scope.claim.name = scope
	sasl.oauthbearer.sub.claim.name = sub
	sasl.oauthbearer.token.endpoint.url = null
	security.protocol = PLAINTEXT
	security.providers = null
	send.buffer.bytes = 131072
	socket.connection.setup.timeout.max.ms = 30000
	socket.connection.setup.timeout.ms = 10000
	ssl.cipher.suites = null
	ssl.enabled.protocols = [TLSv1.2, TLSv1.3]
	ssl.endpoint.identification.algorithm = https
	ssl.engine.factory.class = null
	ssl.key.password = null
	ssl.keymanager.algorithm = SunX509
	ssl.keystore.certificate.chain = null
	ssl.keystore.key = null
	ssl.keystore.location = null
	ssl.keystore.password = null
	ssl.keystore.type = JKS
	ssl.protocol = TLSv1.3
	ssl.provider = null
	ssl.secure.random.implementation = null
	ssl.trustmanager.algorithm = PKIX
	ssl.truststore.certificates = null
	ssl.truststore.location = null
	ssl.truststore.password = null
	ssl.truststore.type = JKS
	transaction.timeout.ms = 60000
	transactional.id = null
	value.serializer = class io.apicurio.registry.serde.avro.AvroKafkaSerializer

2025-08-13 02:22:48,213 INFO  [org.apa.kaf.com.tel.int.KafkaMetricsCollector] (main) initializing Kafka metrics collector
2025-08-13 02:22:48,215 INFO  [org.apa.kaf.cli.pro.KafkaProducer] (main) [Producer clientId=Producer-topic-e657ba5a_a9cb_4b30_be34_ba14c019a8b8] Instantiated an idempotent producer.
2025-08-13 02:22:48,217 INFO  [org.apa.kaf.cli.pro.ProducerConfig] (main) These configurations '[apicurio.registry.url, apicurio.registry.artifact-resolver-strategy]' were supplied but are not used yet.
2025-08-13 02:22:48,217 INFO  [org.apa.kaf.com.uti.AppInfoParser] (main) Kafka version: 3.9.1
2025-08-13 02:22:48,217 INFO  [org.apa.kaf.com.uti.AppInfoParser] (main) Kafka commitId: f745dfdcee2b9851
2025-08-13 02:22:48,217 INFO  [org.apa.kaf.com.uti.AppInfoParser] (main) Kafka startTimeMs: 1755051768217
**** Registry Base URL: http://registry-app-ksql043.apps.ci419.apicurio-testing.org:80
2025-08-13 02:22:48,218 INFO  [org.apa.kaf.cli.pro.ProducerConfig] (main) ProducerConfig values: 
	acks = -1
	auto.include.jmx.reporter = true
	batch.size = 16384
	bootstrap.servers = [PLAINTEXT://localhost:32769]
	buffer.memory = 33554432
	client.dns.lookup = use_all_dns_ips
	client.id = Producer-topic-8f1f8bfa_c7d8_423c_bc59_e20e9373c6e6
	compression.gzip.level = -1
	compression.lz4.level = 9
	compression.type = none
	compression.zstd.level = 3
	connections.max.idle.ms = 10000
	delivery.timeout.ms = 120000
	enable.idempotence = true
	enable.metrics.push = true
	interceptor.classes = []
	key.serializer = class org.apache.kafka.common.serialization.StringSerializer
	linger.ms = 0
	max.block.ms = 60000
	max.in.flight.requests.per.connection = 5
	max.request.size = 1048576
	metadata.max.age.ms = 300000
	metadata.max.idle.ms = 300000
	metadata.recovery.strategy = none
	metric.reporters = []
	metrics.num.samples = 2
	metrics.recording.level = INFO
	metrics.sample.window.ms = 30000
	partitioner.adaptive.partitioning.enable = true
	partitioner.availability.timeout.ms = 0
	partitioner.class = null
	partitioner.ignore.keys = false
	receive.buffer.bytes = 32768
	reconnect.backoff.max.ms = 1000
	reconnect.backoff.ms = 50
	request.timeout.ms = 5000
	retries = 2147483647
	retry.backoff.max.ms = 1000
	retry.backoff.ms = 100
	sasl.client.callback.handler.class = null
	sasl.jaas.config = null
	sasl.kerberos.kinit.cmd = /usr/bin/kinit
	sasl.kerberos.min.time.before.relogin = 60000
	sasl.kerberos.service.name = null
	sasl.kerberos.ticket.renew.jitter = 0.05
	sasl.kerberos.ticket.renew.window.factor = 0.8
	sasl.login.callback.handler.class = null
	sasl.login.class = null
	sasl.login.connect.timeout.ms = null
	sasl.login.read.timeout.ms = null
	sasl.login.refresh.buffer.seconds = 300
	sasl.login.refresh.min.period.seconds = 60
	sasl.login.refresh.window.factor = 0.8
	sasl.login.refresh.window.jitter = 0.05
	sasl.login.retry.backoff.max.ms = 10000
	sasl.login.retry.backoff.ms = 100
	sasl.mechanism = GSSAPI
	sasl.oauthbearer.clock.skew.seconds = 30
	sasl.oauthbearer.expected.audience = null
	sasl.oauthbearer.expected.issuer = null
	sasl.oauthbearer.header.urlencode = false
	sasl.oauthbearer.jwks.endpoint.refresh.ms = 3600000
	sasl.oauthbearer.jwks.endpoint.retry.backoff.max.ms = 10000
	sasl.oauthbearer.jwks.endpoint.retry.backoff.ms = 100
	sasl.oauthbearer.jwks.endpoint.url = null
	sasl.oauthbearer.scope.claim.name = scope
	sasl.oauthbearer.sub.claim.name = sub
	sasl.oauthbearer.token.endpoint.url = null
	security.protocol = PLAINTEXT
	security.providers = null
	send.buffer.bytes = 131072
	socket.connection.setup.timeout.max.ms = 30000
	socket.connection.setup.timeout.ms = 10000
	ssl.cipher.suites = null
	ssl.enabled.protocols = [TLSv1.2, TLSv1.3]
	ssl.endpoint.identification.algorithm = https
	ssl.engine.factory.class = null
	ssl.key.password = null
	ssl.keymanager.algorithm = SunX509
	ssl.keystore.certificate.chain = null
	ssl.keystore.key = null
	ssl.keystore.location = null
	ssl.keystore.password = null
	ssl.keystore.type = JKS
	ssl.protocol = TLSv1.3
	ssl.provider = null
	ssl.secure.random.implementation = null
	ssl.trustmanager.algorithm = PKIX
	ssl.truststore.certificates = null
	ssl.truststore.location = null
	ssl.truststore.password = null
	ssl.truststore.type = JKS
	transaction.timeout.ms = 60000
	transactional.id = null
	value.serializer = class io.apicurio.registry.serde.avro.AvroKafkaSerializer

2025-08-13 02:22:48,218 INFO  [org.apa.kaf.com.tel.int.KafkaMetricsCollector] (main) initializing Kafka metrics collector
2025-08-13 02:22:48,223 INFO  [org.apa.kaf.cli.pro.KafkaProducer] (main) [Producer clientId=Producer-topic-8f1f8bfa_c7d8_423c_bc59_e20e9373c6e6] Instantiated an idempotent producer.
2025-08-13 02:22:48,224 INFO  [org.apa.kaf.cli.Metadata] (kafka-producer-network-thread | Producer-topic-e657ba5a_a9cb_4b30_be34_ba14c019a8b8) [Producer clientId=Producer-topic-e657ba5a_a9cb_4b30_be34_ba14c019a8b8] Cluster ID: pj3cISz0Q0OVF0qikwHveQ
2025-08-13 02:22:48,224 INFO  [org.apa.kaf.cli.pro.int.TransactionManager] (kafka-producer-network-thread | Producer-topic-e657ba5a_a9cb_4b30_be34_ba14c019a8b8) [Producer clientId=Producer-topic-e657ba5a_a9cb_4b30_be34_ba14c019a8b8] ProducerId set to 19 with epoch 0
2025-08-13 02:22:48,225 INFO  [org.apa.kaf.cli.pro.ProducerConfig] (main) These configurations '[apicurio.registry.url, apicurio.registry.artifact-resolver-strategy]' were supplied but are not used yet.
2025-08-13 02:22:48,225 INFO  [org.apa.kaf.com.uti.AppInfoParser] (main) Kafka version: 3.9.1
2025-08-13 02:22:48,225 INFO  [org.apa.kaf.com.uti.AppInfoParser] (main) Kafka commitId: f745dfdcee2b9851
2025-08-13 02:22:48,225 INFO  [org.apa.kaf.com.uti.AppInfoParser] (main) Kafka startTimeMs: 1755051768225
**** Registry Base URL: http://registry-app-ksql043.apps.ci419.apicurio-testing.org:80
2025-08-13 02:22:48,226 INFO  [org.apa.kaf.cli.pro.ProducerConfig] (main) ProducerConfig values: 
	acks = -1
	auto.include.jmx.reporter = true
	batch.size = 16384
	bootstrap.servers = [PLAINTEXT://localhost:32769]
	buffer.memory = 33554432
	client.dns.lookup = use_all_dns_ips
	client.id = Producer-topic-5b2d25bd_dc43_4309_9a0f_9233625bc76c
	compression.gzip.level = -1
	compression.lz4.level = 9
	compression.type = none
	compression.zstd.level = 3
	connections.max.idle.ms = 10000
	delivery.timeout.ms = 120000
	enable.idempotence = true
	enable.metrics.push = true
	interceptor.classes = []
	key.serializer = class org.apache.kafka.common.serialization.StringSerializer
	linger.ms = 0
	max.block.ms = 60000
	max.in.flight.requests.per.connection = 5
	max.request.size = 1048576
	metadata.max.age.ms = 300000
	metadata.max.idle.ms = 300000
	metadata.recovery.strategy = none
	metric.reporters = []
	metrics.num.samples = 2
	metrics.recording.level = INFO
	metrics.sample.window.ms = 30000
	partitioner.adaptive.partitioning.enable = true
	partitioner.availability.timeout.ms = 0
	partitioner.class = null
	partitioner.ignore.keys = false
	receive.buffer.bytes = 32768
	reconnect.backoff.max.ms = 1000
	reconnect.backoff.ms = 50
	request.timeout.ms = 5000
	retries = 2147483647
	retry.backoff.max.ms = 1000
	retry.backoff.ms = 100
	sasl.client.callback.handler.class = null
	sasl.jaas.config = null
	sasl.kerberos.kinit.cmd = /usr/bin/kinit
	sasl.kerberos.min.time.before.relogin = 60000
	sasl.kerberos.service.name = null
	sasl.kerberos.ticket.renew.jitter = 0.05
	sasl.kerberos.ticket.renew.window.factor = 0.8
	sasl.login.callback.handler.class = null
	sasl.login.class = null
	sasl.login.connect.timeout.ms = null
	sasl.login.read.timeout.ms = null
	sasl.login.refresh.buffer.seconds = 300
	sasl.login.refresh.min.period.seconds = 60
	sasl.login.refresh.window.factor = 0.8
	sasl.login.refresh.window.jitter = 0.05
	sasl.login.retry.backoff.max.ms = 10000
	sasl.login.retry.backoff.ms = 100
	sasl.mechanism = GSSAPI
	sasl.oauthbearer.clock.skew.seconds = 30
	sasl.oauthbearer.expected.audience = null
	sasl.oauthbearer.expected.issuer = null
	sasl.oauthbearer.header.urlencode = false
	sasl.oauthbearer.jwks.endpoint.refresh.ms = 3600000
	sasl.oauthbearer.jwks.endpoint.retry.backoff.max.ms = 10000
	sasl.oauthbearer.jwks.endpoint.retry.backoff.ms = 100
	sasl.oauthbearer.jwks.endpoint.url = null
	sasl.oauthbearer.scope.claim.name = scope
	sasl.oauthbearer.sub.claim.name = sub
	sasl.oauthbearer.token.endpoint.url = null
	security.protocol = PLAINTEXT
	security.providers = null
	send.buffer.bytes = 131072
	socket.connection.setup.timeout.max.ms = 30000
	socket.connection.setup.timeout.ms = 10000
	ssl.cipher.suites = null
	ssl.enabled.protocols = [TLSv1.2, TLSv1.3]
	ssl.endpoint.identification.algorithm = https
	ssl.engine.factory.class = null
	ssl.key.password = null
	ssl.keymanager.algorithm = SunX509
	ssl.keystore.certificate.chain = null
	ssl.keystore.key = null
	ssl.keystore.location = null
	ssl.keystore.password = null
	ssl.keystore.type = JKS
	ssl.protocol = TLSv1.3
	ssl.provider = null
	ssl.secure.random.implementation = null
	ssl.trustmanager.algorithm = PKIX
	ssl.truststore.certificates = null
	ssl.truststore.location = null
	ssl.truststore.password = null
	ssl.truststore.type = JKS
	transaction.timeout.ms = 60000
	transactional.id = null
	value.serializer = class io.apicurio.registry.serde.avro.AvroKafkaSerializer

2025-08-13 02:22:48,226 INFO  [org.apa.kaf.com.tel.int.KafkaMetricsCollector] (main) initializing Kafka metrics collector
2025-08-13 02:22:48,230 INFO  [org.apa.kaf.cli.Metadata] (kafka-producer-network-thread | Producer-topic-8f1f8bfa_c7d8_423c_bc59_e20e9373c6e6) [Producer clientId=Producer-topic-8f1f8bfa_c7d8_423c_bc59_e20e9373c6e6] Cluster ID: pj3cISz0Q0OVF0qikwHveQ
2025-08-13 02:22:48,230 INFO  [org.apa.kaf.cli.pro.int.TransactionManager] (kafka-producer-network-thread | Producer-topic-8f1f8bfa_c7d8_423c_bc59_e20e9373c6e6) [Producer clientId=Producer-topic-8f1f8bfa_c7d8_423c_bc59_e20e9373c6e6] ProducerId set to 20 with epoch 0
2025-08-13 02:22:48,232 INFO  [org.apa.kaf.cli.pro.KafkaProducer] (main) [Producer clientId=Producer-topic-5b2d25bd_dc43_4309_9a0f_9233625bc76c] Instantiated an idempotent producer.
2025-08-13 02:22:48,237 INFO  [org.apa.kaf.cli.pro.ProducerConfig] (main) These configurations '[apicurio.registry.url, apicurio.registry.artifact-resolver-strategy]' were supplied but are not used yet.
2025-08-13 02:22:48,237 INFO  [org.apa.kaf.com.uti.AppInfoParser] (main) Kafka version: 3.9.1
2025-08-13 02:22:48,237 INFO  [org.apa.kaf.com.uti.AppInfoParser] (main) Kafka commitId: f745dfdcee2b9851
2025-08-13 02:22:48,237 INFO  [org.apa.kaf.com.uti.AppInfoParser] (main) Kafka startTimeMs: 1755051768237
**** Registry Base URL: http://registry-app-ksql043.apps.ci419.apicurio-testing.org:80
2025-08-13 02:22:48,237 INFO  [org.apa.kaf.cli.con.ConsumerConfig] (main) ConsumerConfig values: 
	allow.auto.create.topics = true
	auto.commit.interval.ms = 500
	auto.include.jmx.reporter = true
	auto.offset.reset = earliest
	bootstrap.servers = [PLAINTEXT://localhost:32769]
	check.crcs = true
	client.dns.lookup = use_all_dns_ips
	client.id = consumer-Consumer-topic-e657ba5a_a9cb_4b30_be34_ba14c019a8b8-14
	client.rack = 
	connections.max.idle.ms = 10000
	default.api.timeout.ms = 60000
	enable.auto.commit = true
	enable.metrics.push = true
	exclude.internal.topics = true
	fetch.max.bytes = 52428800
	fetch.max.wait.ms = 500
	fetch.min.bytes = 1
	group.id = Consumer-topic-e657ba5a_a9cb_4b30_be34_ba14c019a8b8
	group.instance.id = null
	group.protocol = classic
	group.remote.assignor = null
	heartbeat.interval.ms = 3000
	interceptor.classes = []
	internal.leave.group.on.close = true
	internal.throw.on.fetch.stable.offset.unsupported = false
	isolation.level = read_uncommitted
	key.deserializer = class org.apache.kafka.common.serialization.StringDeserializer
	max.partition.fetch.bytes = 1048576
	max.poll.interval.ms = 300000
	max.poll.records = 500
	metadata.max.age.ms = 300000
	metadata.recovery.strategy = none
	metric.reporters = []
	metrics.num.samples = 2
	metrics.recording.level = INFO
	metrics.sample.window.ms = 30000
	partition.assignment.strategy = [class org.apache.kafka.clients.consumer.RangeAssignor, class org.apache.kafka.clients.consumer.CooperativeStickyAssignor]
	receive.buffer.bytes = 65536
	reconnect.backoff.max.ms = 1000
	reconnect.backoff.ms = 50
	request.timeout.ms = 5000
	retry.backoff.max.ms = 1000
	retry.backoff.ms = 100
	sasl.client.callback.handler.class = null
	sasl.jaas.config = null
	sasl.kerberos.kinit.cmd = /usr/bin/kinit
	sasl.kerberos.min.time.before.relogin = 60000
	sasl.kerberos.service.name = null
	sasl.kerberos.ticket.renew.jitter = 0.05
	sasl.kerberos.ticket.renew.window.factor = 0.8
	sasl.login.callback.handler.class = null
	sasl.login.class = null
	sasl.login.connect.timeout.ms = null
	sasl.login.read.timeout.ms = null
	sasl.login.refresh.buffer.seconds = 300
	sasl.login.refresh.min.period.seconds = 60
	sasl.login.refresh.window.factor = 0.8
	sasl.login.refresh.window.jitter = 0.05
	sasl.login.retry.backoff.max.ms = 10000
	sasl.login.retry.backoff.ms = 100
	sasl.mechanism = GSSAPI
	sasl.oauthbearer.clock.skew.seconds = 30
	sasl.oauthbearer.expected.audience = null
	sasl.oauthbearer.expected.issuer = null
	sasl.oauthbearer.header.urlencode = false
	sasl.oauthbearer.jwks.endpoint.refresh.ms = 3600000
	sasl.oauthbearer.jwks.endpoint.retry.backoff.max.ms = 10000
	sasl.oauthbearer.jwks.endpoint.retry.backoff.ms = 100
	sasl.oauthbearer.jwks.endpoint.url = null
	sasl.oauthbearer.scope.claim.name = scope
	sasl.oauthbearer.sub.claim.name = sub
	sasl.oauthbearer.token.endpoint.url = null
	security.protocol = PLAINTEXT
	security.providers = null
	send.buffer.bytes = 131072
	session.timeout.ms = 45000
	socket.connection.setup.timeout.max.ms = 30000
	socket.connection.setup.timeout.ms = 10000
	ssl.cipher.suites = null
	ssl.enabled.protocols = [TLSv1.2, TLSv1.3]
	ssl.endpoint.identification.algorithm = https
	ssl.engine.factory.class = null
	ssl.key.password = null
	ssl.keymanager.algorithm = SunX509
	ssl.keystore.certificate.chain = null
	ssl.keystore.key = null
	ssl.keystore.location = null
	ssl.keystore.password = null
	ssl.keystore.type = JKS
	ssl.protocol = TLSv1.3
	ssl.provider = null
	ssl.secure.random.implementation = null
	ssl.trustmanager.algorithm = PKIX
	ssl.truststore.certificates = null
	ssl.truststore.location = null
	ssl.truststore.password = null
	ssl.truststore.type = JKS
	value.deserializer = class io.apicurio.registry.serde.avro.AvroKafkaDeserializer

2025-08-13 02:22:48,238 INFO  [org.apa.kaf.com.tel.int.KafkaMetricsCollector] (main) initializing Kafka metrics collector
2025-08-13 02:22:48,243 INFO  [org.apa.kaf.cli.Metadata] (kafka-producer-network-thread | Producer-topic-5b2d25bd_dc43_4309_9a0f_9233625bc76c) [Producer clientId=Producer-topic-5b2d25bd_dc43_4309_9a0f_9233625bc76c] Cluster ID: pj3cISz0Q0OVF0qikwHveQ
2025-08-13 02:22:48,244 INFO  [org.apa.kaf.cli.pro.int.TransactionManager] (kafka-producer-network-thread | Producer-topic-5b2d25bd_dc43_4309_9a0f_9233625bc76c) [Producer clientId=Producer-topic-5b2d25bd_dc43_4309_9a0f_9233625bc76c] ProducerId set to 21 with epoch 0
2025-08-13 02:22:48,247 INFO  [org.apa.kaf.cli.con.ConsumerConfig] (main) These configurations '[apicurio.registry.url]' were supplied but are not used yet.
2025-08-13 02:22:48,247 INFO  [org.apa.kaf.com.uti.AppInfoParser] (main) Kafka version: 3.9.1
2025-08-13 02:22:48,247 INFO  [org.apa.kaf.com.uti.AppInfoParser] (main) Kafka commitId: f745dfdcee2b9851
2025-08-13 02:22:48,247 INFO  [org.apa.kaf.com.uti.AppInfoParser] (main) Kafka startTimeMs: 1755051768247
**** Registry Base URL: http://registry-app-ksql043.apps.ci419.apicurio-testing.org:80
2025-08-13 02:22:48,248 INFO  [org.apa.kaf.cli.con.ConsumerConfig] (main) ConsumerConfig values: 
	allow.auto.create.topics = true
	auto.commit.interval.ms = 500
	auto.include.jmx.reporter = true
	auto.offset.reset = earliest
	bootstrap.servers = [PLAINTEXT://localhost:32769]
	check.crcs = true
	client.dns.lookup = use_all_dns_ips
	client.id = consumer-Consumer-topic-8f1f8bfa_c7d8_423c_bc59_e20e9373c6e6-15
	client.rack = 
	connections.max.idle.ms = 10000
	default.api.timeout.ms = 60000
	enable.auto.commit = true
	enable.metrics.push = true
	exclude.internal.topics = true
	fetch.max.bytes = 52428800
	fetch.max.wait.ms = 500
	fetch.min.bytes = 1
	group.id = Consumer-topic-8f1f8bfa_c7d8_423c_bc59_e20e9373c6e6
	group.instance.id = null
	group.protocol = classic
	group.remote.assignor = null
	heartbeat.interval.ms = 3000
	interceptor.classes = []
	internal.leave.group.on.close = true
	internal.throw.on.fetch.stable.offset.unsupported = false
	isolation.level = read_uncommitted
	key.deserializer = class org.apache.kafka.common.serialization.StringDeserializer
	max.partition.fetch.bytes = 1048576
	max.poll.interval.ms = 300000
	max.poll.records = 500
	metadata.max.age.ms = 300000
	metadata.recovery.strategy = none
	metric.reporters = []
	metrics.num.samples = 2
	metrics.recording.level = INFO
	metrics.sample.window.ms = 30000
	partition.assignment.strategy = [class org.apache.kafka.clients.consumer.RangeAssignor, class org.apache.kafka.clients.consumer.CooperativeStickyAssignor]
	receive.buffer.bytes = 65536
	reconnect.backoff.max.ms = 1000
	reconnect.backoff.ms = 50
	request.timeout.ms = 5000
	retry.backoff.max.ms = 1000
	retry.backoff.ms = 100
	sasl.client.callback.handler.class = null
	sasl.jaas.config = null
	sasl.kerberos.kinit.cmd = /usr/bin/kinit
	sasl.kerberos.min.time.before.relogin = 60000
	sasl.kerberos.service.name = null
	sasl.kerberos.ticket.renew.jitter = 0.05
	sasl.kerberos.ticket.renew.window.factor = 0.8
	sasl.login.callback.handler.class = null
	sasl.login.class = null
	sasl.login.connect.timeout.ms = null
	sasl.login.read.timeout.ms = null
	sasl.login.refresh.buffer.seconds = 300
	sasl.login.refresh.min.period.seconds = 60
	sasl.login.refresh.window.factor = 0.8
	sasl.login.refresh.window.jitter = 0.05
	sasl.login.retry.backoff.max.ms = 10000
	sasl.login.retry.backoff.ms = 100
	sasl.mechanism = GSSAPI
	sasl.oauthbearer.clock.skew.seconds = 30
	sasl.oauthbearer.expected.audience = null
	sasl.oauthbearer.expected.issuer = null
	sasl.oauthbearer.header.urlencode = false
	sasl.oauthbearer.jwks.endpoint.refresh.ms = 3600000
	sasl.oauthbearer.jwks.endpoint.retry.backoff.max.ms = 10000
	sasl.oauthbearer.jwks.endpoint.retry.backoff.ms = 100
	sasl.oauthbearer.jwks.endpoint.url = null
	sasl.oauthbearer.scope.claim.name = scope
	sasl.oauthbearer.sub.claim.name = sub
	sasl.oauthbearer.token.endpoint.url = null
	security.protocol = PLAINTEXT
	security.providers = null
	send.buffer.bytes = 131072
	session.timeout.ms = 45000
	socket.connection.setup.timeout.max.ms = 30000
	socket.connection.setup.timeout.ms = 10000
	ssl.cipher.suites = null
	ssl.enabled.protocols = [TLSv1.2, TLSv1.3]
	ssl.endpoint.identification.algorithm = https
	ssl.engine.factory.class = null
	ssl.key.password = null
	ssl.keymanager.algorithm = SunX509
	ssl.keystore.certificate.chain = null
	ssl.keystore.key = null
	ssl.keystore.location = null
	ssl.keystore.password = null
	ssl.keystore.type = JKS
	ssl.protocol = TLSv1.3
	ssl.provider = null
	ssl.secure.random.implementation = null
	ssl.trustmanager.algorithm = PKIX
	ssl.truststore.certificates = null
	ssl.truststore.location = null
	ssl.truststore.password = null
	ssl.truststore.type = JKS
	value.deserializer = class io.apicurio.registry.serde.avro.AvroKafkaDeserializer

2025-08-13 02:22:48,248 INFO  [org.apa.kaf.com.tel.int.KafkaMetricsCollector] (main) initializing Kafka metrics collector
2025-08-13 02:22:48,251 INFO  [org.apa.kaf.cli.con.ConsumerConfig] (main) These configurations '[apicurio.registry.url]' were supplied but are not used yet.
2025-08-13 02:22:48,251 INFO  [org.apa.kaf.com.uti.AppInfoParser] (main) Kafka version: 3.9.1
2025-08-13 02:22:48,251 INFO  [org.apa.kaf.com.uti.AppInfoParser] (main) Kafka commitId: f745dfdcee2b9851
2025-08-13 02:22:48,251 INFO  [org.apa.kaf.com.uti.AppInfoParser] (main) Kafka startTimeMs: 1755051768251
**** Registry Base URL: http://registry-app-ksql043.apps.ci419.apicurio-testing.org:80
2025-08-13 02:22:48,252 INFO  [org.apa.kaf.cli.con.ConsumerConfig] (main) ConsumerConfig values: 
	allow.auto.create.topics = true
	auto.commit.interval.ms = 500
	auto.include.jmx.reporter = true
	auto.offset.reset = earliest
	bootstrap.servers = [PLAINTEXT://localhost:32769]
	check.crcs = true
	client.dns.lookup = use_all_dns_ips
	client.id = consumer-Consumer-topic-5b2d25bd_dc43_4309_9a0f_9233625bc76c-16
	client.rack = 
	connections.max.idle.ms = 10000
	default.api.timeout.ms = 60000
	enable.auto.commit = true
	enable.metrics.push = true
	exclude.internal.topics = true
	fetch.max.bytes = 52428800
	fetch.max.wait.ms = 500
	fetch.min.bytes = 1
	group.id = Consumer-topic-5b2d25bd_dc43_4309_9a0f_9233625bc76c
	group.instance.id = null
	group.protocol = classic
	group.remote.assignor = null
	heartbeat.interval.ms = 3000
	interceptor.classes = []
	internal.leave.group.on.close = true
	internal.throw.on.fetch.stable.offset.unsupported = false
	isolation.level = read_uncommitted
	key.deserializer = class org.apache.kafka.common.serialization.StringDeserializer
	max.partition.fetch.bytes = 1048576
	max.poll.interval.ms = 300000
	max.poll.records = 500
	metadata.max.age.ms = 300000
	metadata.recovery.strategy = none
	metric.reporters = []
	metrics.num.samples = 2
	metrics.recording.level = INFO
	metrics.sample.window.ms = 30000
	partition.assignment.strategy = [class org.apache.kafka.clients.consumer.RangeAssignor, class org.apache.kafka.clients.consumer.CooperativeStickyAssignor]
	receive.buffer.bytes = 65536
	reconnect.backoff.max.ms = 1000
	reconnect.backoff.ms = 50
	request.timeout.ms = 5000
	retry.backoff.max.ms = 1000
	retry.backoff.ms = 100
	sasl.client.callback.handler.class = null
	sasl.jaas.config = null
	sasl.kerberos.kinit.cmd = /usr/bin/kinit
	sasl.kerberos.min.time.before.relogin = 60000
	sasl.kerberos.service.name = null
	sasl.kerberos.ticket.renew.jitter = 0.05
	sasl.kerberos.ticket.renew.window.factor = 0.8
	sasl.login.callback.handler.class = null
	sasl.login.class = null
	sasl.login.connect.timeout.ms = null
	sasl.login.read.timeout.ms = null
	sasl.login.refresh.buffer.seconds = 300
	sasl.login.refresh.min.period.seconds = 60
	sasl.login.refresh.window.factor = 0.8
	sasl.login.refresh.window.jitter = 0.05
	sasl.login.retry.backoff.max.ms = 10000
	sasl.login.retry.backoff.ms = 100
	sasl.mechanism = GSSAPI
	sasl.oauthbearer.clock.skew.seconds = 30
	sasl.oauthbearer.expected.audience = null
	sasl.oauthbearer.expected.issuer = null
	sasl.oauthbearer.header.urlencode = false
	sasl.oauthbearer.jwks.endpoint.refresh.ms = 3600000
	sasl.oauthbearer.jwks.endpoint.retry.backoff.max.ms = 10000
	sasl.oauthbearer.jwks.endpoint.retry.backoff.ms = 100
	sasl.oauthbearer.jwks.endpoint.url = null
	sasl.oauthbearer.scope.claim.name = scope
	sasl.oauthbearer.sub.claim.name = sub
	sasl.oauthbearer.token.endpoint.url = null
	security.protocol = PLAINTEXT
	security.providers = null
	send.buffer.bytes = 131072
	session.timeout.ms = 45000
	socket.connection.setup.timeout.max.ms = 30000
	socket.connection.setup.timeout.ms = 10000
	ssl.cipher.suites = null
	ssl.enabled.protocols = [TLSv1.2, TLSv1.3]
	ssl.endpoint.identification.algorithm = https
	ssl.engine.factory.class = null
	ssl.key.password = null
	ssl.keymanager.algorithm = SunX509
	ssl.keystore.certificate.chain = null
	ssl.keystore.key = null
	ssl.keystore.location = null
	ssl.keystore.password = null
	ssl.keystore.type = JKS
	ssl.protocol = TLSv1.3
	ssl.provider = null
	ssl.secure.random.implementation = null
	ssl.trustmanager.algorithm = PKIX
	ssl.truststore.certificates = null
	ssl.truststore.location = null
	ssl.truststore.password = null
	ssl.truststore.type = JKS
	value.deserializer = class io.apicurio.registry.serde.avro.AvroKafkaDeserializer

2025-08-13 02:22:48,252 INFO  [org.apa.kaf.com.tel.int.KafkaMetricsCollector] (main) initializing Kafka metrics collector
2025-08-13 02:22:48,258 INFO  [org.apa.kaf.cli.con.ConsumerConfig] (main) These configurations '[apicurio.registry.url]' were supplied but are not used yet.
2025-08-13 02:22:48,258 INFO  [org.apa.kaf.com.uti.AppInfoParser] (main) Kafka version: 3.9.1
2025-08-13 02:22:48,258 INFO  [org.apa.kaf.com.uti.AppInfoParser] (main) Kafka commitId: f745dfdcee2b9851
2025-08-13 02:22:48,258 INFO  [org.apa.kaf.com.uti.AppInfoParser] (main) Kafka startTimeMs: 1755051768258
2025-08-13 02:22:48,259 INFO  [io.api.tes.ser.api.KafkaSerdesTester] (Thread-713) Sending message {"key11755051767148": "value-0"} to topic topic-e657ba5a_a9cb_4b30_be34_ba14c019a8b8
2025-08-13 02:22:48,263 INFO  [DefaultSchemaResolver] (Thread-713) Retrieving schema content using string: {"type":"record","name":"myrecordconfluent","fields":[{"name":"key11755051767148","type":"string"}]}
2025-08-13 02:22:48,284 INFO  [io.api.tes.ser.api.KafkaSerdesTester] (Thread-713) Sending message {"key11755051767148": "value-1"} to topic topic-e657ba5a_a9cb_4b30_be34_ba14c019a8b8
2025-08-13 02:22:48,285 INFO  [io.api.tes.ser.api.KafkaSerdesTester] (Thread-713) Sending message {"key11755051767148": "value-2"} to topic topic-e657ba5a_a9cb_4b30_be34_ba14c019a8b8
2025-08-13 02:22:48,286 INFO  [io.api.tes.ser.api.KafkaSerdesTester] (Thread-713) Sending message {"key11755051767148": "value-3"} to topic topic-e657ba5a_a9cb_4b30_be34_ba14c019a8b8
2025-08-13 02:22:48,288 INFO  [io.api.tes.ser.api.KafkaSerdesTester] (Thread-713) Sending message {"key11755051767148": "value-4"} to topic topic-e657ba5a_a9cb_4b30_be34_ba14c019a8b8
2025-08-13 02:22:48,289 INFO  [io.api.tes.ser.api.KafkaSerdesTester] (Thread-713) Sending message {"key11755051767148": "value-5"} to topic topic-e657ba5a_a9cb_4b30_be34_ba14c019a8b8
2025-08-13 02:22:48,290 INFO  [io.api.tes.ser.api.KafkaSerdesTester] (Thread-713) Sending message {"key11755051767148": "value-6"} to topic topic-e657ba5a_a9cb_4b30_be34_ba14c019a8b8
2025-08-13 02:22:48,290 INFO  [io.api.tes.ser.api.KafkaSerdesTester] (Thread-713) Sending message {"key11755051767148": "value-7"} to topic topic-e657ba5a_a9cb_4b30_be34_ba14c019a8b8
2025-08-13 02:22:48,291 INFO  [io.api.tes.ser.api.KafkaSerdesTester] (Thread-713) Sending message {"key11755051767148": "value-8"} to topic topic-e657ba5a_a9cb_4b30_be34_ba14c019a8b8
2025-08-13 02:22:48,292 INFO  [io.api.tes.ser.api.KafkaSerdesTester] (Thread-713) Sending message {"key11755051767148": "value-9"} to topic topic-e657ba5a_a9cb_4b30_be34_ba14c019a8b8
2025-08-13 02:22:48,293 INFO  [io.api.tes.ser.api.KafkaSerdesTester] (Thread-713) Produced 10 messages
2025-08-13 02:22:48,293 INFO  [org.apa.kaf.cli.pro.KafkaProducer] (Thread-713) [Producer clientId=Producer-topic-e657ba5a_a9cb_4b30_be34_ba14c019a8b8] Closing the Kafka producer with timeoutMillis = 9223372036854775807 ms.
2025-08-13 02:22:48,295 INFO  [org.apa.kaf.com.met.Metrics] (Thread-713) Metrics scheduler closed
2025-08-13 02:22:48,295 INFO  [org.apa.kaf.com.met.Metrics] (Thread-713) Closing reporter org.apache.kafka.common.metrics.JmxReporter
2025-08-13 02:22:48,295 INFO  [org.apa.kaf.com.met.Metrics] (Thread-713) Closing reporter org.apache.kafka.common.telemetry.internals.ClientTelemetryReporter
2025-08-13 02:22:48,295 INFO  [org.apa.kaf.com.met.Metrics] (Thread-713) Metrics reporters closed
2025-08-13 02:22:48,295 INFO  [org.apa.kaf.com.uti.AppInfoParser] (Thread-713) App info kafka.producer for Producer-topic-e657ba5a_a9cb_4b30_be34_ba14c019a8b8 unregistered
2025-08-13 02:22:48,296 INFO  [io.api.tes.ser.api.KafkaSerdesTester] (Thread-714) Sending message {"key11755051767148": "value-0"} to topic topic-8f1f8bfa_c7d8_423c_bc59_e20e9373c6e6
2025-08-13 02:22:48,301 INFO  [DefaultSchemaResolver] (Thread-714) Retrieving schema content using string: {"type":"record","name":"myrecordconfluent","fields":[{"name":"key11755051767148","type":"string"}]}
2025-08-13 02:22:48,320 INFO  [io.api.tes.ser.api.KafkaSerdesTester] (Thread-714) Sending message {"key11755051767148": "value-1"} to topic topic-8f1f8bfa_c7d8_423c_bc59_e20e9373c6e6
2025-08-13 02:22:48,321 INFO  [io.api.tes.ser.api.KafkaSerdesTester] (Thread-714) Sending message {"key11755051767148": "value-2"} to topic topic-8f1f8bfa_c7d8_423c_bc59_e20e9373c6e6
2025-08-13 02:22:48,322 INFO  [io.api.tes.ser.api.KafkaSerdesTester] (Thread-714) Sending message {"key11755051767148": "value-3"} to topic topic-8f1f8bfa_c7d8_423c_bc59_e20e9373c6e6
2025-08-13 02:22:48,323 INFO  [io.api.tes.ser.api.KafkaSerdesTester] (Thread-714) Sending message {"key11755051767148": "value-4"} to topic topic-8f1f8bfa_c7d8_423c_bc59_e20e9373c6e6
2025-08-13 02:22:48,325 INFO  [io.api.tes.ser.api.KafkaSerdesTester] (Thread-714) Sending message {"key11755051767148": "value-5"} to topic topic-8f1f8bfa_c7d8_423c_bc59_e20e9373c6e6
2025-08-13 02:22:48,326 INFO  [io.api.tes.ser.api.KafkaSerdesTester] (Thread-714) Sending message {"key11755051767148": "value-6"} to topic topic-8f1f8bfa_c7d8_423c_bc59_e20e9373c6e6
2025-08-13 02:22:48,328 INFO  [io.api.tes.ser.api.KafkaSerdesTester] (Thread-714) Sending message {"key11755051767148": "value-7"} to topic topic-8f1f8bfa_c7d8_423c_bc59_e20e9373c6e6
2025-08-13 02:22:48,330 INFO  [io.api.tes.ser.api.KafkaSerdesTester] (Thread-714) Sending message {"key11755051767148": "value-8"} to topic topic-8f1f8bfa_c7d8_423c_bc59_e20e9373c6e6
2025-08-13 02:22:48,331 INFO  [io.api.tes.ser.api.KafkaSerdesTester] (Thread-714) Sending message {"key11755051767148": "value-9"} to topic topic-8f1f8bfa_c7d8_423c_bc59_e20e9373c6e6
2025-08-13 02:22:48,332 INFO  [io.api.tes.ser.api.KafkaSerdesTester] (Thread-714) Produced 10 messages
2025-08-13 02:22:48,332 INFO  [org.apa.kaf.cli.pro.KafkaProducer] (Thread-714) [Producer clientId=Producer-topic-8f1f8bfa_c7d8_423c_bc59_e20e9373c6e6] Closing the Kafka producer with timeoutMillis = 9223372036854775807 ms.
2025-08-13 02:22:48,334 INFO  [org.apa.kaf.com.met.Metrics] (Thread-714) Metrics scheduler closed
2025-08-13 02:22:48,334 INFO  [org.apa.kaf.com.met.Metrics] (Thread-714) Closing reporter org.apache.kafka.common.metrics.JmxReporter
2025-08-13 02:22:48,334 INFO  [org.apa.kaf.com.met.Metrics] (Thread-714) Closing reporter org.apache.kafka.common.telemetry.internals.ClientTelemetryReporter
2025-08-13 02:22:48,334 INFO  [org.apa.kaf.com.met.Metrics] (Thread-714) Metrics reporters closed
2025-08-13 02:22:48,334 INFO  [org.apa.kaf.com.uti.AppInfoParser] (Thread-714) App info kafka.producer for Producer-topic-8f1f8bfa_c7d8_423c_bc59_e20e9373c6e6 unregistered
2025-08-13 02:22:48,335 INFO  [io.api.tes.ser.api.KafkaSerdesTester] (Thread-715) Sending message {"key11755051767148": "value-0"} to topic topic-5b2d25bd_dc43_4309_9a0f_9233625bc76c
2025-08-13 02:22:48,337 INFO  [DefaultSchemaResolver] (Thread-715) Retrieving schema content using string: {"type":"record","name":"myrecordconfluent","fields":[{"name":"key11755051767148","type":"string"}]}
2025-08-13 02:22:48,359 INFO  [io.api.tes.ser.api.KafkaSerdesTester] (Thread-715) Sending message {"key11755051767148": "value-1"} to topic topic-5b2d25bd_dc43_4309_9a0f_9233625bc76c
2025-08-13 02:22:48,361 INFO  [io.api.tes.ser.api.KafkaSerdesTester] (Thread-715) Sending message {"key11755051767148": "value-2"} to topic topic-5b2d25bd_dc43_4309_9a0f_9233625bc76c
2025-08-13 02:22:48,365 INFO  [io.api.tes.ser.api.KafkaSerdesTester] (Thread-715) Sending message {"key11755051767148": "value-3"} to topic topic-5b2d25bd_dc43_4309_9a0f_9233625bc76c
2025-08-13 02:22:48,368 INFO  [io.api.tes.ser.api.KafkaSerdesTester] (Thread-715) Sending message {"key11755051767148": "value-4"} to topic topic-5b2d25bd_dc43_4309_9a0f_9233625bc76c
2025-08-13 02:22:48,374 INFO  [io.api.tes.ser.api.KafkaSerdesTester] (Thread-715) Sending message {"key11755051767148": "value-5"} to topic topic-5b2d25bd_dc43_4309_9a0f_9233625bc76c
2025-08-13 02:22:48,377 INFO  [io.api.tes.ser.api.KafkaSerdesTester] (Thread-715) Sending message {"key11755051767148": "value-6"} to topic topic-5b2d25bd_dc43_4309_9a0f_9233625bc76c
2025-08-13 02:22:48,380 INFO  [io.api.tes.ser.api.KafkaSerdesTester] (Thread-715) Sending message {"key11755051767148": "value-7"} to topic topic-5b2d25bd_dc43_4309_9a0f_9233625bc76c
2025-08-13 02:22:48,384 INFO  [io.api.tes.ser.api.KafkaSerdesTester] (Thread-715) Sending message {"key11755051767148": "value-8"} to topic topic-5b2d25bd_dc43_4309_9a0f_9233625bc76c
2025-08-13 02:22:48,385 INFO  [io.api.tes.ser.api.KafkaSerdesTester] (Thread-715) Sending message {"key11755051767148": "value-9"} to topic topic-5b2d25bd_dc43_4309_9a0f_9233625bc76c
2025-08-13 02:22:48,386 INFO  [io.api.tes.ser.api.KafkaSerdesTester] (Thread-715) Produced 10 messages
2025-08-13 02:22:48,387 INFO  [org.apa.kaf.cli.pro.KafkaProducer] (Thread-715) [Producer clientId=Producer-topic-5b2d25bd_dc43_4309_9a0f_9233625bc76c] Closing the Kafka producer with timeoutMillis = 9223372036854775807 ms.
2025-08-13 02:22:48,392 INFO  [org.apa.kaf.com.met.Metrics] (Thread-715) Metrics scheduler closed
2025-08-13 02:22:48,392 INFO  [org.apa.kaf.com.met.Metrics] (Thread-715) Closing reporter org.apache.kafka.common.metrics.JmxReporter
2025-08-13 02:22:48,392 INFO  [org.apa.kaf.com.met.Metrics] (Thread-715) Closing reporter org.apache.kafka.common.telemetry.internals.ClientTelemetryReporter
2025-08-13 02:22:48,392 INFO  [org.apa.kaf.com.met.Metrics] (Thread-715) Metrics reporters closed
2025-08-13 02:22:48,393 INFO  [org.apa.kaf.com.uti.AppInfoParser] (Thread-715) App info kafka.producer for Producer-topic-5b2d25bd_dc43_4309_9a0f_9233625bc76c unregistered
2025-08-13 02:22:48,396 INFO  [org.apa.kaf.cli.con.int.ClassicKafkaConsumer] (Thread-716) [Consumer clientId=consumer-Consumer-topic-e657ba5a_a9cb_4b30_be34_ba14c019a8b8-14, groupId=Consumer-topic-e657ba5a_a9cb_4b30_be34_ba14c019a8b8] Subscribed to topic(s): topic-e657ba5a_a9cb_4b30_be34_ba14c019a8b8
2025-08-13 02:22:48,410 INFO  [org.apa.kaf.cli.Metadata] (Thread-716) [Consumer clientId=consumer-Consumer-topic-e657ba5a_a9cb_4b30_be34_ba14c019a8b8-14, groupId=Consumer-topic-e657ba5a_a9cb_4b30_be34_ba14c019a8b8] Cluster ID: pj3cISz0Q0OVF0qikwHveQ
2025-08-13 02:22:48,410 INFO  [org.apa.kaf.cli.con.int.ConsumerCoordinator] (Thread-716) [Consumer clientId=consumer-Consumer-topic-e657ba5a_a9cb_4b30_be34_ba14c019a8b8-14, groupId=Consumer-topic-e657ba5a_a9cb_4b30_be34_ba14c019a8b8] Discovered group coordinator localhost:32769 (id: 2147483647 rack: null)
2025-08-13 02:22:48,413 INFO  [org.apa.kaf.cli.con.int.ConsumerCoordinator] (Thread-716) [Consumer clientId=consumer-Consumer-topic-e657ba5a_a9cb_4b30_be34_ba14c019a8b8-14, groupId=Consumer-topic-e657ba5a_a9cb_4b30_be34_ba14c019a8b8] (Re-)joining group
2025-08-13 02:22:48,426 INFO  [org.apa.kaf.cli.con.int.ConsumerCoordinator] (Thread-716) [Consumer clientId=consumer-Consumer-topic-e657ba5a_a9cb_4b30_be34_ba14c019a8b8-14, groupId=Consumer-topic-e657ba5a_a9cb_4b30_be34_ba14c019a8b8] Request joining group due to: need to re-join with the given member-id: consumer-Consumer-topic-e657ba5a_a9cb_4b30_be34_ba14c019a8b8-14-2aca771e-5db6-42f7-a92b-841748a36461
2025-08-13 02:22:48,426 INFO  [org.apa.kaf.cli.con.int.ConsumerCoordinator] (Thread-716) [Consumer clientId=consumer-Consumer-topic-e657ba5a_a9cb_4b30_be34_ba14c019a8b8-14, groupId=Consumer-topic-e657ba5a_a9cb_4b30_be34_ba14c019a8b8] (Re-)joining group
2025-08-13 02:22:49,396 INFO  [io.api.tes.ser.api.KafkaSerdesTester] (Thread-716) None found
2025-08-13 02:22:50,397 INFO  [io.api.tes.ser.api.KafkaSerdesTester] (Thread-716) None found
2025-08-13 02:22:51,397 INFO  [io.api.tes.ser.api.KafkaSerdesTester] (Thread-716) None found
2025-08-13 02:22:51,429 INFO  [org.apa.kaf.cli.con.int.ConsumerCoordinator] (Thread-716) [Consumer clientId=consumer-Consumer-topic-e657ba5a_a9cb_4b30_be34_ba14c019a8b8-14, groupId=Consumer-topic-e657ba5a_a9cb_4b30_be34_ba14c019a8b8] Successfully joined group with generation Generation{generationId=1, memberId='consumer-Consumer-topic-e657ba5a_a9cb_4b30_be34_ba14c019a8b8-14-2aca771e-5db6-42f7-a92b-841748a36461', protocol='range'}
2025-08-13 02:22:51,429 INFO  [org.apa.kaf.cli.con.int.ConsumerCoordinator] (Thread-716) [Consumer clientId=consumer-Consumer-topic-e657ba5a_a9cb_4b30_be34_ba14c019a8b8-14, groupId=Consumer-topic-e657ba5a_a9cb_4b30_be34_ba14c019a8b8] Finished assignment for group at generation 1: {consumer-Consumer-topic-e657ba5a_a9cb_4b30_be34_ba14c019a8b8-14-2aca771e-5db6-42f7-a92b-841748a36461=Assignment(partitions=[topic-e657ba5a_a9cb_4b30_be34_ba14c019a8b8-0])}
2025-08-13 02:22:51,436 INFO  [org.apa.kaf.cli.con.int.ConsumerCoordinator] (Thread-716) [Consumer clientId=consumer-Consumer-topic-e657ba5a_a9cb_4b30_be34_ba14c019a8b8-14, groupId=Consumer-topic-e657ba5a_a9cb_4b30_be34_ba14c019a8b8] Successfully synced group in generation Generation{generationId=1, memberId='consumer-Consumer-topic-e657ba5a_a9cb_4b30_be34_ba14c019a8b8-14-2aca771e-5db6-42f7-a92b-841748a36461', protocol='range'}
2025-08-13 02:22:51,437 INFO  [org.apa.kaf.cli.con.int.ConsumerCoordinator] (Thread-716) [Consumer clientId=consumer-Consumer-topic-e657ba5a_a9cb_4b30_be34_ba14c019a8b8-14, groupId=Consumer-topic-e657ba5a_a9cb_4b30_be34_ba14c019a8b8] Notifying assignor about the new Assignment(partitions=[topic-e657ba5a_a9cb_4b30_be34_ba14c019a8b8-0])
2025-08-13 02:22:51,437 INFO  [org.apa.kaf.cli.con.int.ConsumerRebalanceListenerInvoker] (Thread-716) [Consumer clientId=consumer-Consumer-topic-e657ba5a_a9cb_4b30_be34_ba14c019a8b8-14, groupId=Consumer-topic-e657ba5a_a9cb_4b30_be34_ba14c019a8b8] Adding newly assigned partitions: topic-e657ba5a_a9cb_4b30_be34_ba14c019a8b8-0
2025-08-13 02:22:51,437 INFO  [org.apa.kaf.cli.con.int.ConsumerCoordinator] (Thread-716) [Consumer clientId=consumer-Consumer-topic-e657ba5a_a9cb_4b30_be34_ba14c019a8b8-14, groupId=Consumer-topic-e657ba5a_a9cb_4b30_be34_ba14c019a8b8] Found no committed offset for partition topic-e657ba5a_a9cb_4b30_be34_ba14c019a8b8-0
2025-08-13 02:22:51,442 INFO  [org.apa.kaf.cli.con.int.SubscriptionState] (Thread-716) [Consumer clientId=consumer-Consumer-topic-e657ba5a_a9cb_4b30_be34_ba14c019a8b8-14, groupId=Consumer-topic-e657ba5a_a9cb_4b30_be34_ba14c019a8b8] Resetting offset for partition topic-e657ba5a_a9cb_4b30_be34_ba14c019a8b8-0 to position FetchPosition{offset=0, offsetEpoch=Optional.empty, currentLeader=LeaderAndEpoch{leader=Optional[localhost:32769 (id: 0 rack: null)], epoch=0}}.
2025-08-13 02:22:51,468 INFO  [io.api.tes.ser.api.KafkaSerdesTester] (Thread-716) topic-e657ba5a_a9cb_4b30_be34_ba14c019a8b8 0 0 {"key11755051767148": "value-0"}
2025-08-13 02:22:51,468 INFO  [io.api.tes.ser.api.KafkaSerdesTester] (Thread-716) topic-e657ba5a_a9cb_4b30_be34_ba14c019a8b8 0 1 {"key11755051767148": "value-1"}
2025-08-13 02:22:51,468 INFO  [io.api.tes.ser.api.KafkaSerdesTester] (Thread-716) topic-e657ba5a_a9cb_4b30_be34_ba14c019a8b8 0 2 {"key11755051767148": "value-2"}
2025-08-13 02:22:51,468 INFO  [io.api.tes.ser.api.KafkaSerdesTester] (Thread-716) topic-e657ba5a_a9cb_4b30_be34_ba14c019a8b8 0 3 {"key11755051767148": "value-3"}
2025-08-13 02:22:51,468 INFO  [io.api.tes.ser.api.KafkaSerdesTester] (Thread-716) topic-e657ba5a_a9cb_4b30_be34_ba14c019a8b8 0 4 {"key11755051767148": "value-4"}
2025-08-13 02:22:51,468 INFO  [io.api.tes.ser.api.KafkaSerdesTester] (Thread-716) topic-e657ba5a_a9cb_4b30_be34_ba14c019a8b8 0 5 {"key11755051767148": "value-5"}
2025-08-13 02:22:51,468 INFO  [io.api.tes.ser.api.KafkaSerdesTester] (Thread-716) topic-e657ba5a_a9cb_4b30_be34_ba14c019a8b8 0 6 {"key11755051767148": "value-6"}
2025-08-13 02:22:51,469 INFO  [io.api.tes.ser.api.KafkaSerdesTester] (Thread-716) topic-e657ba5a_a9cb_4b30_be34_ba14c019a8b8 0 7 {"key11755051767148": "value-7"}
2025-08-13 02:22:51,469 INFO  [io.api.tes.ser.api.KafkaSerdesTester] (Thread-716) topic-e657ba5a_a9cb_4b30_be34_ba14c019a8b8 0 8 {"key11755051767148": "value-8"}
2025-08-13 02:22:51,469 INFO  [io.api.tes.ser.api.KafkaSerdesTester] (Thread-716) topic-e657ba5a_a9cb_4b30_be34_ba14c019a8b8 0 9 {"key11755051767148": "value-9"}
2025-08-13 02:22:51,469 INFO  [io.api.tes.ser.api.KafkaSerdesTester] (Thread-716) Consumed 10 messages
2025-08-13 02:22:51,476 INFO  [org.apa.kaf.cli.con.int.ConsumerRebalanceListenerInvoker] (Thread-716) [Consumer clientId=consumer-Consumer-topic-e657ba5a_a9cb_4b30_be34_ba14c019a8b8-14, groupId=Consumer-topic-e657ba5a_a9cb_4b30_be34_ba14c019a8b8] Revoke previously assigned partitions topic-e657ba5a_a9cb_4b30_be34_ba14c019a8b8-0
2025-08-13 02:22:51,476 INFO  [org.apa.kaf.cli.con.int.ConsumerCoordinator] (Thread-716) [Consumer clientId=consumer-Consumer-topic-e657ba5a_a9cb_4b30_be34_ba14c019a8b8-14, groupId=Consumer-topic-e657ba5a_a9cb_4b30_be34_ba14c019a8b8] Member consumer-Consumer-topic-e657ba5a_a9cb_4b30_be34_ba14c019a8b8-14-2aca771e-5db6-42f7-a92b-841748a36461 sending LeaveGroup request to coordinator localhost:32769 (id: 2147483647 rack: null) due to the consumer is being closed
2025-08-13 02:22:51,476 INFO  [org.apa.kaf.cli.con.int.ConsumerCoordinator] (Thread-716) [Consumer clientId=consumer-Consumer-topic-e657ba5a_a9cb_4b30_be34_ba14c019a8b8-14, groupId=Consumer-topic-e657ba5a_a9cb_4b30_be34_ba14c019a8b8] Resetting generation and member id due to: consumer pro-actively leaving the group
2025-08-13 02:22:51,476 INFO  [org.apa.kaf.cli.con.int.ConsumerCoordinator] (Thread-716) [Consumer clientId=consumer-Consumer-topic-e657ba5a_a9cb_4b30_be34_ba14c019a8b8-14, groupId=Consumer-topic-e657ba5a_a9cb_4b30_be34_ba14c019a8b8] Request joining group due to: consumer pro-actively leaving the group
2025-08-13 02:22:51,971 INFO  [org.apa.kaf.com.met.Metrics] (Thread-716) Metrics scheduler closed
2025-08-13 02:22:51,971 INFO  [org.apa.kaf.com.met.Metrics] (Thread-716) Closing reporter org.apache.kafka.common.metrics.JmxReporter
2025-08-13 02:22:51,971 INFO  [org.apa.kaf.com.met.Metrics] (Thread-716) Closing reporter org.apache.kafka.common.telemetry.internals.ClientTelemetryReporter
2025-08-13 02:22:51,971 INFO  [org.apa.kaf.com.met.Metrics] (Thread-716) Metrics reporters closed
2025-08-13 02:22:51,974 INFO  [org.apa.kaf.com.uti.AppInfoParser] (Thread-716) App info kafka.consumer for consumer-Consumer-topic-e657ba5a_a9cb_4b30_be34_ba14c019a8b8-14 unregistered
2025-08-13 02:22:51,975 INFO  [org.apa.kaf.cli.con.int.ClassicKafkaConsumer] (Thread-717) [Consumer clientId=consumer-Consumer-topic-8f1f8bfa_c7d8_423c_bc59_e20e9373c6e6-15, groupId=Consumer-topic-8f1f8bfa_c7d8_423c_bc59_e20e9373c6e6] Subscribed to topic(s): topic-8f1f8bfa_c7d8_423c_bc59_e20e9373c6e6
2025-08-13 02:22:51,980 INFO  [org.apa.kaf.cli.Metadata] (Thread-717) [Consumer clientId=consumer-Consumer-topic-8f1f8bfa_c7d8_423c_bc59_e20e9373c6e6-15, groupId=Consumer-topic-8f1f8bfa_c7d8_423c_bc59_e20e9373c6e6] Cluster ID: pj3cISz0Q0OVF0qikwHveQ
2025-08-13 02:22:51,981 INFO  [org.apa.kaf.cli.con.int.ConsumerCoordinator] (Thread-717) [Consumer clientId=consumer-Consumer-topic-8f1f8bfa_c7d8_423c_bc59_e20e9373c6e6-15, groupId=Consumer-topic-8f1f8bfa_c7d8_423c_bc59_e20e9373c6e6] Discovered group coordinator localhost:32769 (id: 2147483647 rack: null)
2025-08-13 02:22:51,982 INFO  [org.apa.kaf.cli.con.int.ConsumerCoordinator] (Thread-717) [Consumer clientId=consumer-Consumer-topic-8f1f8bfa_c7d8_423c_bc59_e20e9373c6e6-15, groupId=Consumer-topic-8f1f8bfa_c7d8_423c_bc59_e20e9373c6e6] (Re-)joining group
2025-08-13 02:22:51,983 INFO  [org.apa.kaf.cli.con.int.ConsumerCoordinator] (Thread-717) [Consumer clientId=consumer-Consumer-topic-8f1f8bfa_c7d8_423c_bc59_e20e9373c6e6-15, groupId=Consumer-topic-8f1f8bfa_c7d8_423c_bc59_e20e9373c6e6] Request joining group due to: need to re-join with the given member-id: consumer-Consumer-topic-8f1f8bfa_c7d8_423c_bc59_e20e9373c6e6-15-d38278a8-f6aa-4db4-a651-7dff84e581bb
2025-08-13 02:22:51,984 INFO  [org.apa.kaf.cli.con.int.ConsumerCoordinator] (Thread-717) [Consumer clientId=consumer-Consumer-topic-8f1f8bfa_c7d8_423c_bc59_e20e9373c6e6-15, groupId=Consumer-topic-8f1f8bfa_c7d8_423c_bc59_e20e9373c6e6] (Re-)joining group
2025-08-13 02:22:52,975 INFO  [io.api.tes.ser.api.KafkaSerdesTester] (Thread-717) None found
2025-08-13 02:22:53,977 INFO  [io.api.tes.ser.api.KafkaSerdesTester] (Thread-717) None found
2025-08-13 02:22:54,977 INFO  [io.api.tes.ser.api.KafkaSerdesTester] (Thread-717) None found
2025-08-13 02:22:54,985 INFO  [org.apa.kaf.cli.con.int.ConsumerCoordinator] (Thread-717) [Consumer clientId=consumer-Consumer-topic-8f1f8bfa_c7d8_423c_bc59_e20e9373c6e6-15, groupId=Consumer-topic-8f1f8bfa_c7d8_423c_bc59_e20e9373c6e6] Successfully joined group with generation Generation{generationId=1, memberId='consumer-Consumer-topic-8f1f8bfa_c7d8_423c_bc59_e20e9373c6e6-15-d38278a8-f6aa-4db4-a651-7dff84e581bb', protocol='range'}
2025-08-13 02:22:54,985 INFO  [org.apa.kaf.cli.con.int.ConsumerCoordinator] (Thread-717) [Consumer clientId=consumer-Consumer-topic-8f1f8bfa_c7d8_423c_bc59_e20e9373c6e6-15, groupId=Consumer-topic-8f1f8bfa_c7d8_423c_bc59_e20e9373c6e6] Finished assignment for group at generation 1: {consumer-Consumer-topic-8f1f8bfa_c7d8_423c_bc59_e20e9373c6e6-15-d38278a8-f6aa-4db4-a651-7dff84e581bb=Assignment(partitions=[topic-8f1f8bfa_c7d8_423c_bc59_e20e9373c6e6-0])}
2025-08-13 02:22:54,992 INFO  [org.apa.kaf.cli.con.int.ConsumerCoordinator] (Thread-717) [Consumer clientId=consumer-Consumer-topic-8f1f8bfa_c7d8_423c_bc59_e20e9373c6e6-15, groupId=Consumer-topic-8f1f8bfa_c7d8_423c_bc59_e20e9373c6e6] Successfully synced group in generation Generation{generationId=1, memberId='consumer-Consumer-topic-8f1f8bfa_c7d8_423c_bc59_e20e9373c6e6-15-d38278a8-f6aa-4db4-a651-7dff84e581bb', protocol='range'}
2025-08-13 02:22:54,992 INFO  [org.apa.kaf.cli.con.int.ConsumerCoordinator] (Thread-717) [Consumer clientId=consumer-Consumer-topic-8f1f8bfa_c7d8_423c_bc59_e20e9373c6e6-15, groupId=Consumer-topic-8f1f8bfa_c7d8_423c_bc59_e20e9373c6e6] Notifying assignor about the new Assignment(partitions=[topic-8f1f8bfa_c7d8_423c_bc59_e20e9373c6e6-0])
2025-08-13 02:22:54,992 INFO  [org.apa.kaf.cli.con.int.ConsumerRebalanceListenerInvoker] (Thread-717) [Consumer clientId=consumer-Consumer-topic-8f1f8bfa_c7d8_423c_bc59_e20e9373c6e6-15, groupId=Consumer-topic-8f1f8bfa_c7d8_423c_bc59_e20e9373c6e6] Adding newly assigned partitions: topic-8f1f8bfa_c7d8_423c_bc59_e20e9373c6e6-0
2025-08-13 02:22:54,993 INFO  [org.apa.kaf.cli.con.int.ConsumerCoordinator] (Thread-717) [Consumer clientId=consumer-Consumer-topic-8f1f8bfa_c7d8_423c_bc59_e20e9373c6e6-15, groupId=Consumer-topic-8f1f8bfa_c7d8_423c_bc59_e20e9373c6e6] Found no committed offset for partition topic-8f1f8bfa_c7d8_423c_bc59_e20e9373c6e6-0
2025-08-13 02:22:54,996 INFO  [org.apa.kaf.cli.con.int.SubscriptionState] (Thread-717) [Consumer clientId=consumer-Consumer-topic-8f1f8bfa_c7d8_423c_bc59_e20e9373c6e6-15, groupId=Consumer-topic-8f1f8bfa_c7d8_423c_bc59_e20e9373c6e6] Resetting offset for partition topic-8f1f8bfa_c7d8_423c_bc59_e20e9373c6e6-0 to position FetchPosition{offset=0, offsetEpoch=Optional.empty, currentLeader=LeaderAndEpoch{leader=Optional[localhost:32769 (id: 0 rack: null)], epoch=0}}.
2025-08-13 02:22:55,019 INFO  [io.api.tes.ser.api.KafkaSerdesTester] (Thread-717) topic-8f1f8bfa_c7d8_423c_bc59_e20e9373c6e6 0 0 {"key11755051767148": "value-0"}
2025-08-13 02:22:55,020 INFO  [io.api.tes.ser.api.KafkaSerdesTester] (Thread-717) topic-8f1f8bfa_c7d8_423c_bc59_e20e9373c6e6 0 1 {"key11755051767148": "value-1"}
2025-08-13 02:22:55,020 INFO  [io.api.tes.ser.api.KafkaSerdesTester] (Thread-717) topic-8f1f8bfa_c7d8_423c_bc59_e20e9373c6e6 0 2 {"key11755051767148": "value-2"}
2025-08-13 02:22:55,020 INFO  [io.api.tes.ser.api.KafkaSerdesTester] (Thread-717) topic-8f1f8bfa_c7d8_423c_bc59_e20e9373c6e6 0 3 {"key11755051767148": "value-3"}
2025-08-13 02:22:55,020 INFO  [io.api.tes.ser.api.KafkaSerdesTester] (Thread-717) topic-8f1f8bfa_c7d8_423c_bc59_e20e9373c6e6 0 4 {"key11755051767148": "value-4"}
2025-08-13 02:22:55,020 INFO  [io.api.tes.ser.api.KafkaSerdesTester] (Thread-717) topic-8f1f8bfa_c7d8_423c_bc59_e20e9373c6e6 0 5 {"key11755051767148": "value-5"}
2025-08-13 02:22:55,020 INFO  [io.api.tes.ser.api.KafkaSerdesTester] (Thread-717) topic-8f1f8bfa_c7d8_423c_bc59_e20e9373c6e6 0 6 {"key11755051767148": "value-6"}
2025-08-13 02:22:55,020 INFO  [io.api.tes.ser.api.KafkaSerdesTester] (Thread-717) topic-8f1f8bfa_c7d8_423c_bc59_e20e9373c6e6 0 7 {"key11755051767148": "value-7"}
2025-08-13 02:22:55,020 INFO  [io.api.tes.ser.api.KafkaSerdesTester] (Thread-717) topic-8f1f8bfa_c7d8_423c_bc59_e20e9373c6e6 0 8 {"key11755051767148": "value-8"}
2025-08-13 02:22:55,020 INFO  [io.api.tes.ser.api.KafkaSerdesTester] (Thread-717) topic-8f1f8bfa_c7d8_423c_bc59_e20e9373c6e6 0 9 {"key11755051767148": "value-9"}
2025-08-13 02:22:55,020 INFO  [io.api.tes.ser.api.KafkaSerdesTester] (Thread-717) Consumed 10 messages
2025-08-13 02:22:55,027 INFO  [org.apa.kaf.cli.con.int.ConsumerRebalanceListenerInvoker] (Thread-717) [Consumer clientId=consumer-Consumer-topic-8f1f8bfa_c7d8_423c_bc59_e20e9373c6e6-15, groupId=Consumer-topic-8f1f8bfa_c7d8_423c_bc59_e20e9373c6e6] Revoke previously assigned partitions topic-8f1f8bfa_c7d8_423c_bc59_e20e9373c6e6-0
2025-08-13 02:22:55,027 INFO  [org.apa.kaf.cli.con.int.ConsumerCoordinator] (Thread-717) [Consumer clientId=consumer-Consumer-topic-8f1f8bfa_c7d8_423c_bc59_e20e9373c6e6-15, groupId=Consumer-topic-8f1f8bfa_c7d8_423c_bc59_e20e9373c6e6] Member consumer-Consumer-topic-8f1f8bfa_c7d8_423c_bc59_e20e9373c6e6-15-d38278a8-f6aa-4db4-a651-7dff84e581bb sending LeaveGroup request to coordinator localhost:32769 (id: 2147483647 rack: null) due to the consumer is being closed
2025-08-13 02:22:55,027 INFO  [org.apa.kaf.cli.con.int.ConsumerCoordinator] (Thread-717) [Consumer clientId=consumer-Consumer-topic-8f1f8bfa_c7d8_423c_bc59_e20e9373c6e6-15, groupId=Consumer-topic-8f1f8bfa_c7d8_423c_bc59_e20e9373c6e6] Resetting generation and member id due to: consumer pro-actively leaving the group
2025-08-13 02:22:55,027 INFO  [org.apa.kaf.cli.con.int.ConsumerCoordinator] (Thread-717) [Consumer clientId=consumer-Consumer-topic-8f1f8bfa_c7d8_423c_bc59_e20e9373c6e6-15, groupId=Consumer-topic-8f1f8bfa_c7d8_423c_bc59_e20e9373c6e6] Request joining group due to: consumer pro-actively leaving the group
2025-08-13 02:22:55,522 INFO  [org.apa.kaf.com.met.Metrics] (Thread-717) Metrics scheduler closed
2025-08-13 02:22:55,522 INFO  [org.apa.kaf.com.met.Metrics] (Thread-717) Closing reporter org.apache.kafka.common.metrics.JmxReporter
2025-08-13 02:22:55,522 INFO  [org.apa.kaf.com.met.Metrics] (Thread-717) Closing reporter org.apache.kafka.common.telemetry.internals.ClientTelemetryReporter
2025-08-13 02:22:55,522 INFO  [org.apa.kaf.com.met.Metrics] (Thread-717) Metrics reporters closed
2025-08-13 02:22:55,527 INFO  [org.apa.kaf.com.uti.AppInfoParser] (Thread-717) App info kafka.consumer for consumer-Consumer-topic-8f1f8bfa_c7d8_423c_bc59_e20e9373c6e6-15 unregistered
2025-08-13 02:22:55,528 INFO  [org.apa.kaf.cli.con.int.ClassicKafkaConsumer] (Thread-718) [Consumer clientId=consumer-Consumer-topic-5b2d25bd_dc43_4309_9a0f_9233625bc76c-16, groupId=Consumer-topic-5b2d25bd_dc43_4309_9a0f_9233625bc76c] Subscribed to topic(s): topic-5b2d25bd_dc43_4309_9a0f_9233625bc76c
2025-08-13 02:22:55,535 INFO  [org.apa.kaf.cli.Metadata] (Thread-718) [Consumer clientId=consumer-Consumer-topic-5b2d25bd_dc43_4309_9a0f_9233625bc76c-16, groupId=Consumer-topic-5b2d25bd_dc43_4309_9a0f_9233625bc76c] Cluster ID: pj3cISz0Q0OVF0qikwHveQ
2025-08-13 02:22:55,536 INFO  [org.apa.kaf.cli.con.int.ConsumerCoordinator] (Thread-718) [Consumer clientId=consumer-Consumer-topic-5b2d25bd_dc43_4309_9a0f_9233625bc76c-16, groupId=Consumer-topic-5b2d25bd_dc43_4309_9a0f_9233625bc76c] Discovered group coordinator localhost:32769 (id: 2147483647 rack: null)
2025-08-13 02:22:55,537 INFO  [org.apa.kaf.cli.con.int.ConsumerCoordinator] (Thread-718) [Consumer clientId=consumer-Consumer-topic-5b2d25bd_dc43_4309_9a0f_9233625bc76c-16, groupId=Consumer-topic-5b2d25bd_dc43_4309_9a0f_9233625bc76c] (Re-)joining group
2025-08-13 02:22:55,539 INFO  [org.apa.kaf.cli.con.int.ConsumerCoordinator] (Thread-718) [Consumer clientId=consumer-Consumer-topic-5b2d25bd_dc43_4309_9a0f_9233625bc76c-16, groupId=Consumer-topic-5b2d25bd_dc43_4309_9a0f_9233625bc76c] Request joining group due to: need to re-join with the given member-id: consumer-Consumer-topic-5b2d25bd_dc43_4309_9a0f_9233625bc76c-16-3fd6a7eb-60e5-424c-89ca-15704f7bbd76
2025-08-13 02:22:55,540 INFO  [org.apa.kaf.cli.con.int.ConsumerCoordinator] (Thread-718) [Consumer clientId=consumer-Consumer-topic-5b2d25bd_dc43_4309_9a0f_9233625bc76c-16, groupId=Consumer-topic-5b2d25bd_dc43_4309_9a0f_9233625bc76c] (Re-)joining group
2025-08-13 02:22:56,528 INFO  [io.api.tes.ser.api.KafkaSerdesTester] (Thread-718) None found
2025-08-13 02:22:57,529 INFO  [io.api.tes.ser.api.KafkaSerdesTester] (Thread-718) None found
2025-08-13 02:22:58,530 INFO  [io.api.tes.ser.api.KafkaSerdesTester] (Thread-718) None found
2025-08-13 02:22:58,541 INFO  [org.apa.kaf.cli.con.int.ConsumerCoordinator] (Thread-718) [Consumer clientId=consumer-Consumer-topic-5b2d25bd_dc43_4309_9a0f_9233625bc76c-16, groupId=Consumer-topic-5b2d25bd_dc43_4309_9a0f_9233625bc76c] Successfully joined group with generation Generation{generationId=1, memberId='consumer-Consumer-topic-5b2d25bd_dc43_4309_9a0f_9233625bc76c-16-3fd6a7eb-60e5-424c-89ca-15704f7bbd76', protocol='range'}
2025-08-13 02:22:58,542 INFO  [org.apa.kaf.cli.con.int.ConsumerCoordinator] (Thread-718) [Consumer clientId=consumer-Consumer-topic-5b2d25bd_dc43_4309_9a0f_9233625bc76c-16, groupId=Consumer-topic-5b2d25bd_dc43_4309_9a0f_9233625bc76c] Finished assignment for group at generation 1: {consumer-Consumer-topic-5b2d25bd_dc43_4309_9a0f_9233625bc76c-16-3fd6a7eb-60e5-424c-89ca-15704f7bbd76=Assignment(partitions=[topic-5b2d25bd_dc43_4309_9a0f_9233625bc76c-0])}
2025-08-13 02:22:58,548 INFO  [org.apa.kaf.cli.con.int.ConsumerCoordinator] (Thread-718) [Consumer clientId=consumer-Consumer-topic-5b2d25bd_dc43_4309_9a0f_9233625bc76c-16, groupId=Consumer-topic-5b2d25bd_dc43_4309_9a0f_9233625bc76c] Successfully synced group in generation Generation{generationId=1, memberId='consumer-Consumer-topic-5b2d25bd_dc43_4309_9a0f_9233625bc76c-16-3fd6a7eb-60e5-424c-89ca-15704f7bbd76', protocol='range'}
2025-08-13 02:22:58,548 INFO  [org.apa.kaf.cli.con.int.ConsumerCoordinator] (Thread-718) [Consumer clientId=consumer-Consumer-topic-5b2d25bd_dc43_4309_9a0f_9233625bc76c-16, groupId=Consumer-topic-5b2d25bd_dc43_4309_9a0f_9233625bc76c] Notifying assignor about the new Assignment(partitions=[topic-5b2d25bd_dc43_4309_9a0f_9233625bc76c-0])
2025-08-13 02:22:58,548 INFO  [org.apa.kaf.cli.con.int.ConsumerRebalanceListenerInvoker] (Thread-718) [Consumer clientId=consumer-Consumer-topic-5b2d25bd_dc43_4309_9a0f_9233625bc76c-16, groupId=Consumer-topic-5b2d25bd_dc43_4309_9a0f_9233625bc76c] Adding newly assigned partitions: topic-5b2d25bd_dc43_4309_9a0f_9233625bc76c-0
2025-08-13 02:22:58,549 INFO  [org.apa.kaf.cli.con.int.ConsumerCoordinator] (Thread-718) [Consumer clientId=consumer-Consumer-topic-5b2d25bd_dc43_4309_9a0f_9233625bc76c-16, groupId=Consumer-topic-5b2d25bd_dc43_4309_9a0f_9233625bc76c] Found no committed offset for partition topic-5b2d25bd_dc43_4309_9a0f_9233625bc76c-0
2025-08-13 02:22:58,550 INFO  [org.apa.kaf.cli.con.int.SubscriptionState] (Thread-718) [Consumer clientId=consumer-Consumer-topic-5b2d25bd_dc43_4309_9a0f_9233625bc76c-16, groupId=Consumer-topic-5b2d25bd_dc43_4309_9a0f_9233625bc76c] Resetting offset for partition topic-5b2d25bd_dc43_4309_9a0f_9233625bc76c-0 to position FetchPosition{offset=0, offsetEpoch=Optional.empty, currentLeader=LeaderAndEpoch{leader=Optional[localhost:32769 (id: 0 rack: null)], epoch=0}}.
2025-08-13 02:22:58,573 INFO  [io.api.tes.ser.api.KafkaSerdesTester] (Thread-718) topic-5b2d25bd_dc43_4309_9a0f_9233625bc76c 0 0 {"key11755051767148": "value-0"}
2025-08-13 02:22:58,573 INFO  [io.api.tes.ser.api.KafkaSerdesTester] (Thread-718) topic-5b2d25bd_dc43_4309_9a0f_9233625bc76c 0 1 {"key11755051767148": "value-1"}
2025-08-13 02:22:58,573 INFO  [io.api.tes.ser.api.KafkaSerdesTester] (Thread-718) topic-5b2d25bd_dc43_4309_9a0f_9233625bc76c 0 2 {"key11755051767148": "value-2"}
2025-08-13 02:22:58,573 INFO  [io.api.tes.ser.api.KafkaSerdesTester] (Thread-718) topic-5b2d25bd_dc43_4309_9a0f_9233625bc76c 0 3 {"key11755051767148": "value-3"}
2025-08-13 02:22:58,573 INFO  [io.api.tes.ser.api.KafkaSerdesTester] (Thread-718) topic-5b2d25bd_dc43_4309_9a0f_9233625bc76c 0 4 {"key11755051767148": "value-4"}
2025-08-13 02:22:58,573 INFO  [io.api.tes.ser.api.KafkaSerdesTester] (Thread-718) topic-5b2d25bd_dc43_4309_9a0f_9233625bc76c 0 5 {"key11755051767148": "value-5"}
2025-08-13 02:22:58,573 INFO  [io.api.tes.ser.api.KafkaSerdesTester] (Thread-718) topic-5b2d25bd_dc43_4309_9a0f_9233625bc76c 0 6 {"key11755051767148": "value-6"}
2025-08-13 02:22:58,573 INFO  [io.api.tes.ser.api.KafkaSerdesTester] (Thread-718) topic-5b2d25bd_dc43_4309_9a0f_9233625bc76c 0 7 {"key11755051767148": "value-7"}
2025-08-13 02:22:58,573 INFO  [io.api.tes.ser.api.KafkaSerdesTester] (Thread-718) topic-5b2d25bd_dc43_4309_9a0f_9233625bc76c 0 8 {"key11755051767148": "value-8"}
2025-08-13 02:22:58,573 INFO  [io.api.tes.ser.api.KafkaSerdesTester] (Thread-718) topic-5b2d25bd_dc43_4309_9a0f_9233625bc76c 0 9 {"key11755051767148": "value-9"}
2025-08-13 02:22:58,573 INFO  [io.api.tes.ser.api.KafkaSerdesTester] (Thread-718) Consumed 10 messages
2025-08-13 02:22:58,582 INFO  [org.apa.kaf.cli.con.int.ConsumerRebalanceListenerInvoker] (Thread-718) [Consumer clientId=consumer-Consumer-topic-5b2d25bd_dc43_4309_9a0f_9233625bc76c-16, groupId=Consumer-topic-5b2d25bd_dc43_4309_9a0f_9233625bc76c] Revoke previously assigned partitions topic-5b2d25bd_dc43_4309_9a0f_9233625bc76c-0
2025-08-13 02:22:58,582 INFO  [org.apa.kaf.cli.con.int.ConsumerCoordinator] (Thread-718) [Consumer clientId=consumer-Consumer-topic-5b2d25bd_dc43_4309_9a0f_9233625bc76c-16, groupId=Consumer-topic-5b2d25bd_dc43_4309_9a0f_9233625bc76c] Member consumer-Consumer-topic-5b2d25bd_dc43_4309_9a0f_9233625bc76c-16-3fd6a7eb-60e5-424c-89ca-15704f7bbd76 sending LeaveGroup request to coordinator localhost:32769 (id: 2147483647 rack: null) due to the consumer is being closed
2025-08-13 02:22:58,583 INFO  [org.apa.kaf.cli.con.int.ConsumerCoordinator] (Thread-718) [Consumer clientId=consumer-Consumer-topic-5b2d25bd_dc43_4309_9a0f_9233625bc76c-16, groupId=Consumer-topic-5b2d25bd_dc43_4309_9a0f_9233625bc76c] Resetting generation and member id due to: consumer pro-actively leaving the group
2025-08-13 02:22:58,583 INFO  [org.apa.kaf.cli.con.int.ConsumerCoordinator] (Thread-718) [Consumer clientId=consumer-Consumer-topic-5b2d25bd_dc43_4309_9a0f_9233625bc76c-16, groupId=Consumer-topic-5b2d25bd_dc43_4309_9a0f_9233625bc76c] Request joining group due to: consumer pro-actively leaving the group
2025-08-13 02:22:59,074 INFO  [org.apa.kaf.com.met.Metrics] (Thread-718) Metrics scheduler closed
2025-08-13 02:22:59,074 INFO  [org.apa.kaf.com.met.Metrics] (Thread-718) Closing reporter org.apache.kafka.common.metrics.JmxReporter
2025-08-13 02:22:59,074 INFO  [org.apa.kaf.com.met.Metrics] (Thread-718) Closing reporter org.apache.kafka.common.telemetry.internals.ClientTelemetryReporter
2025-08-13 02:22:59,074 INFO  [org.apa.kaf.com.met.Metrics] (Thread-718) Metrics reporters closed
2025-08-13 02:22:59,076 INFO  [org.apa.kaf.com.uti.AppInfoParser] (Thread-718) App info kafka.consumer for consumer-Consumer-topic-5b2d25bd_dc43_4309_9a0f_9233625bc76c-16 unregistered
2025-08-13 02:22:59,077 INFO  [io.api.tes.uti.TestSeparator] (main) io.apicurio.tests.serdes.apicurio.AvroSerdeIT.testAvroConfluentForMultipleTopics-FINISHED
2025-08-13 02:22:59,077 INFO  [io.api.tes.uti.TestSeparator] (main) ############################################################################
Test passed: testAvroConfluentForMultipleTopics
]]></system-out>
  </testcase>
  <testcase name="testFirstRequestFailsRateLimited" classname="io.apicurio.tests.serdes.apicurio.AvroSerdeIT" time="0.94">
    <system-out><![CDATA[2025-08-13 02:22:59,078 INFO  [io.api.tes.uti.TestSeparator] (main) ############################################################################
2025-08-13 02:22:59,078 INFO  [io.api.tes.uti.TestSeparator] (main) io.apicurio.tests.serdes.apicurio.AvroSerdeIT.testFirstRequestFailsRateLimited-STARTED
2025-08-13 02:22:59,465 WARN  [org.ecl.jet.ser.AbstractConnector] (main) Acceptors should be <= availableProcessors: NetworkTrafficServerConnector@7c644bd5{HTTP/1.1, (http/1.1, h2c)}{0.0.0.0:0} 
2025-08-13 02:22:59,583 INFO  [org.ecl.jet.ser.Server] (main) jetty-11.0.15; built: 2023-04-11T18:37:53.775Z; git: 5bc5e562c8d05c5862505aebe5cf83a61bdbcb96; jvm 17.0.16+8
2025-08-13 02:22:59,638 INFO  [org.ecl.jet.ser.han.ContextHandler] (main) Started o.e.j.s.ServletContextHandler@16a81f09{/__admin,null,AVAILABLE}
2025-08-13 02:22:59,651 INFO  [org.ecl.jet.ser.han.Con.ROOT] (main) RequestHandlerClass from context returned com.github.tomakehurst.wiremock.http.StubRequestHandler. Normalized mapped under returned 'null'
2025-08-13 02:22:59,653 INFO  [org.ecl.jet.ser.han.ContextHandler] (main) Started o.e.j.s.ServletContextHandler@68068736{/,null,AVAILABLE}
2025-08-13 02:22:59,667 INFO  [org.ecl.jet.ser.AbstractConnector] (main) Started NetworkTrafficServerConnector@7c644bd5{HTTP/1.1, (http/1.1, h2c)}{0.0.0.0:39093}
2025-08-13 02:22:59,670 INFO  [org.ecl.jet.ser.Server] (main) Started Server@6c238208{STARTING}[11.0.15,sto=1000] @104972ms
**** Registry Base URL: http://registry-app-ksql043.apps.ci419.apicurio-testing.org:80
2025-08-13 02:22:59,688 INFO  [org.apa.kaf.cli.pro.ProducerConfig] (main) ProducerConfig values: 
	acks = -1
	auto.include.jmx.reporter = true
	batch.size = 16384
	bootstrap.servers = [PLAINTEXT://localhost:32769]
	buffer.memory = 33554432
	client.dns.lookup = use_all_dns_ips
	client.id = Producer-topic-ba8d3fb9_72ff_4ffe_b235_ace1ca9bbf7e
	compression.gzip.level = -1
	compression.lz4.level = 9
	compression.type = none
	compression.zstd.level = 3
	connections.max.idle.ms = 10000
	delivery.timeout.ms = 120000
	enable.idempotence = true
	enable.metrics.push = true
	interceptor.classes = []
	key.serializer = class org.apache.kafka.common.serialization.StringSerializer
	linger.ms = 0
	max.block.ms = 60000
	max.in.flight.requests.per.connection = 5
	max.request.size = 1048576
	metadata.max.age.ms = 300000
	metadata.max.idle.ms = 300000
	metadata.recovery.strategy = none
	metric.reporters = []
	metrics.num.samples = 2
	metrics.recording.level = INFO
	metrics.sample.window.ms = 30000
	partitioner.adaptive.partitioning.enable = true
	partitioner.availability.timeout.ms = 0
	partitioner.class = null
	partitioner.ignore.keys = false
	receive.buffer.bytes = 32768
	reconnect.backoff.max.ms = 1000
	reconnect.backoff.ms = 50
	request.timeout.ms = 5000
	retries = 2147483647
	retry.backoff.max.ms = 1000
	retry.backoff.ms = 100
	sasl.client.callback.handler.class = null
	sasl.jaas.config = null
	sasl.kerberos.kinit.cmd = /usr/bin/kinit
	sasl.kerberos.min.time.before.relogin = 60000
	sasl.kerberos.service.name = null
	sasl.kerberos.ticket.renew.jitter = 0.05
	sasl.kerberos.ticket.renew.window.factor = 0.8
	sasl.login.callback.handler.class = null
	sasl.login.class = null
	sasl.login.connect.timeout.ms = null
	sasl.login.read.timeout.ms = null
	sasl.login.refresh.buffer.seconds = 300
	sasl.login.refresh.min.period.seconds = 60
	sasl.login.refresh.window.factor = 0.8
	sasl.login.refresh.window.jitter = 0.05
	sasl.login.retry.backoff.max.ms = 10000
	sasl.login.retry.backoff.ms = 100
	sasl.mechanism = GSSAPI
	sasl.oauthbearer.clock.skew.seconds = 30
	sasl.oauthbearer.expected.audience = null
	sasl.oauthbearer.expected.issuer = null
	sasl.oauthbearer.header.urlencode = false
	sasl.oauthbearer.jwks.endpoint.refresh.ms = 3600000
	sasl.oauthbearer.jwks.endpoint.retry.backoff.max.ms = 10000
	sasl.oauthbearer.jwks.endpoint.retry.backoff.ms = 100
	sasl.oauthbearer.jwks.endpoint.url = null
	sasl.oauthbearer.scope.claim.name = scope
	sasl.oauthbearer.sub.claim.name = sub
	sasl.oauthbearer.token.endpoint.url = null
	security.protocol = PLAINTEXT
	security.providers = null
	send.buffer.bytes = 131072
	socket.connection.setup.timeout.max.ms = 30000
	socket.connection.setup.timeout.ms = 10000
	ssl.cipher.suites = null
	ssl.enabled.protocols = [TLSv1.2, TLSv1.3]
	ssl.endpoint.identification.algorithm = https
	ssl.engine.factory.class = null
	ssl.key.password = null
	ssl.keymanager.algorithm = SunX509
	ssl.keystore.certificate.chain = null
	ssl.keystore.key = null
	ssl.keystore.location = null
	ssl.keystore.password = null
	ssl.keystore.type = JKS
	ssl.protocol = TLSv1.3
	ssl.provider = null
	ssl.secure.random.implementation = null
	ssl.trustmanager.algorithm = PKIX
	ssl.truststore.certificates = null
	ssl.truststore.location = null
	ssl.truststore.password = null
	ssl.truststore.type = JKS
	transaction.timeout.ms = 60000
	transactional.id = null
	value.serializer = class io.apicurio.registry.serde.avro.AvroKafkaSerializer

2025-08-13 02:22:59,689 INFO  [org.apa.kaf.com.tel.int.KafkaMetricsCollector] (main) initializing Kafka metrics collector
2025-08-13 02:22:59,698 INFO  [org.apa.kaf.cli.pro.KafkaProducer] (main) [Producer clientId=Producer-topic-ba8d3fb9_72ff_4ffe_b235_ace1ca9bbf7e] Instantiated an idempotent producer.
2025-08-13 02:22:59,713 INFO  [org.apa.kaf.cli.pro.ProducerConfig] (main) These configurations '[apicurio.registry.url, apicurio.registry.artifact-resolver-strategy]' were supplied but are not used yet.
2025-08-13 02:22:59,713 INFO  [org.apa.kaf.com.uti.AppInfoParser] (main) Kafka version: 3.9.1
2025-08-13 02:22:59,713 INFO  [org.apa.kaf.com.uti.AppInfoParser] (main) Kafka commitId: f745dfdcee2b9851
2025-08-13 02:22:59,713 INFO  [org.apa.kaf.com.uti.AppInfoParser] (main) Kafka startTimeMs: 1755051779713
2025-08-13 02:22:59,716 INFO  [io.api.tes.ser.api.KafkaSerdesTester] (Thread-729) Sending message {"keyB": "value-0"} to topic topic-ba8d3fb9_72ff_4ffe_b235_ace1ca9bbf7e
2025-08-13 02:22:59,723 WARN  [org.apa.kaf.cli.NetworkClient] (kafka-producer-network-thread | Producer-topic-ba8d3fb9_72ff_4ffe_b235_ace1ca9bbf7e) [Producer clientId=Producer-topic-ba8d3fb9_72ff_4ffe_b235_ace1ca9bbf7e] The metadata response from the cluster reported a recoverable issue with correlation id 1 : {topic-ba8d3fb9_72ff_4ffe_b235_ace1ca9bbf7e=UNKNOWN_TOPIC_OR_PARTITION}
2025-08-13 02:22:59,723 INFO  [org.apa.kaf.cli.Metadata] (kafka-producer-network-thread | Producer-topic-ba8d3fb9_72ff_4ffe_b235_ace1ca9bbf7e) [Producer clientId=Producer-topic-ba8d3fb9_72ff_4ffe_b235_ace1ca9bbf7e] Cluster ID: pj3cISz0Q0OVF0qikwHveQ
2025-08-13 02:22:59,723 INFO  [org.apa.kaf.cli.pro.int.TransactionManager] (kafka-producer-network-thread | Producer-topic-ba8d3fb9_72ff_4ffe_b235_ace1ca9bbf7e) [Producer clientId=Producer-topic-ba8d3fb9_72ff_4ffe_b235_ace1ca9bbf7e] ProducerId set to 22 with epoch 0
2025-08-13 02:22:59,843 INFO  [DefaultSchemaResolver] (Thread-729) Retrieving schema content using string: {"type":"record","name":"myrecord","namespace":"mygroup","fields":[{"name":"keyB","type":"string"}]}
2025-08-13 02:23:00,004 INFO  [org.apa.kaf.cli.pro.KafkaProducer] (Thread-729) [Producer clientId=Producer-topic-ba8d3fb9_72ff_4ffe_b235_ace1ca9bbf7e] Closing the Kafka producer with timeoutMillis = 9223372036854775807 ms.
2025-08-13 02:23:00,006 INFO  [org.apa.kaf.com.met.Metrics] (Thread-729) Metrics scheduler closed
2025-08-13 02:23:00,006 INFO  [org.apa.kaf.com.met.Metrics] (Thread-729) Closing reporter org.apache.kafka.common.metrics.JmxReporter
2025-08-13 02:23:00,006 INFO  [org.apa.kaf.com.met.Metrics] (Thread-729) Closing reporter org.apache.kafka.common.telemetry.internals.ClientTelemetryReporter
2025-08-13 02:23:00,006 INFO  [org.apa.kaf.com.met.Metrics] (Thread-729) Metrics reporters closed
2025-08-13 02:23:00,007 INFO  [org.apa.kaf.com.uti.AppInfoParser] (Thread-729) App info kafka.producer for Producer-topic-ba8d3fb9_72ff_4ffe_b235_ace1ca9bbf7e unregistered
2025-08-13 02:23:00,010 INFO  [org.ecl.jet.ser.Server] (main) Stopped Server@6c238208{STOPPING}[11.0.15,sto=1000]
2025-08-13 02:23:00,010 INFO  [org.ecl.jet.ser.Server] (main) Shutdown Server@6c238208{STOPPING}[11.0.15,sto=1000]
2025-08-13 02:23:00,013 INFO  [org.ecl.jet.ser.AbstractConnector] (main) Stopped NetworkTrafficServerConnector@7c644bd5{HTTP/1.1, (http/1.1, h2c)}{0.0.0.0:0}
2025-08-13 02:23:00,015 INFO  [org.ecl.jet.ser.han.ContextHandler] (main) Stopped o.e.j.s.ServletContextHandler@68068736{/,null,STOPPED}
2025-08-13 02:23:00,015 INFO  [org.ecl.jet.ser.han.ContextHandler] (main) Stopped o.e.j.s.ServletContextHandler@16a81f09{/__admin,null,STOPPED}
2025-08-13 02:23:00,016 INFO  [io.api.tes.uti.TestSeparator] (main) io.apicurio.tests.serdes.apicurio.AvroSerdeIT.testFirstRequestFailsRateLimited-FINISHED
2025-08-13 02:23:00,016 INFO  [io.api.tes.uti.TestSeparator] (main) ############################################################################
Test passed: testFirstRequestFailsRateLimited
]]></system-out>
    <system-err><![CDATA[com.microsoft.kiota.ApiException: the server returned an unexpected status code and no error class is registered for this code 429
	at com.microsoft.kiota.ApiExceptionBuilder.withMessage(ApiExceptionBuilder.java:45)
	at io.kiota.http.vertx.VertXRequestAdapter.throwIfFailedResponse(VertXRequestAdapter.java:370)
	at io.kiota.http.vertx.VertXRequestAdapter.send(VertXRequestAdapter.java:170)
	at io.apicurio.registry.rest.client.search.versions.VersionsRequestBuilder.post(VersionsRequestBuilder.java:94)
	at io.apicurio.registry.resolver.client.RegistryClientFacadeImpl.searchVersionsByContent(RegistryClientFacadeImpl.java:106)
	at io.apicurio.registry.resolver.DefaultSchemaResolver.lambda$handleResolveSchemaByContent$3(DefaultSchemaResolver.java:258)
	at io.apicurio.registry.resolver.cache.ERCache.lambda$getValue$0(ERCache.java:174)
	at io.apicurio.registry.resolver.cache.ERCache.retry(ERCache.java:227)
	at io.apicurio.registry.resolver.cache.ERCache.getValue(ERCache.java:173)
	at io.apicurio.registry.resolver.cache.ERCache.getByContent(ERCache.java:147)
	at io.apicurio.registry.resolver.DefaultSchemaResolver.handleResolveSchemaByContent(DefaultSchemaResolver.java:253)
	at io.apicurio.registry.resolver.DefaultSchemaResolver.getSchemaFromRegistry(DefaultSchemaResolver.java:138)
	at io.apicurio.registry.resolver.DefaultSchemaResolver.lambda$resolveSchema$0(DefaultSchemaResolver.java:84)
	at java.base/java.util.Optional.orElseGet(Optional.java:364)
	at io.apicurio.registry.resolver.DefaultSchemaResolver.resolveSchema(DefaultSchemaResolver.java:84)
	at io.apicurio.registry.serde.AbstractSerializer.serializeData(AbstractSerializer.java:62)
	at io.apicurio.registry.serde.KafkaSerializer.serialize(KafkaSerializer.java:77)
	at org.apache.kafka.clients.producer.KafkaProducer.doSend(KafkaProducer.java:1046)
	at org.apache.kafka.clients.producer.KafkaProducer.send(KafkaProducer.java:993)
	at org.apache.kafka.clients.producer.KafkaProducer.send(KafkaProducer.java:875)
	at io.apicurio.tests.serdes.apicurio.KafkaSerdesTester.lambda$produceMessages$3(KafkaSerdesTester.java:138)
	at java.base/java.util.concurrent.CompletableFuture$AsyncSupply.run(CompletableFuture.java:1768)
	at java.base/java.lang.Thread.run(Thread.java:840)
]]></system-err>
  </testcase>
  <testcase name="testFirstEmptyFieldConfusedAsMagicByte" classname="io.apicurio.tests.serdes.apicurio.AvroSerdeIT" time="3.801">
    <system-out><![CDATA[2025-08-13 02:23:00,019 INFO  [io.api.tes.uti.TestSeparator] (main) ############################################################################
2025-08-13 02:23:00,019 INFO  [io.api.tes.uti.TestSeparator] (main) io.apicurio.tests.serdes.apicurio.AvroSerdeIT.testFirstEmptyFieldConfusedAsMagicByte-STARTED
**** Registry Base URL: http://registry-app-ksql043.apps.ci419.apicurio-testing.org:80
2025-08-13 02:23:00,023 INFO  [org.apa.kaf.cli.pro.ProducerConfig] (main) ProducerConfig values: 
	acks = -1
	auto.include.jmx.reporter = true
	batch.size = 16384
	bootstrap.servers = [PLAINTEXT://localhost:32769]
	buffer.memory = 33554432
	client.dns.lookup = use_all_dns_ips
	client.id = Producer-topic-315b8676_12a5_4766_987e_97b325db975f
	compression.gzip.level = -1
	compression.lz4.level = 9
	compression.type = none
	compression.zstd.level = 3
	connections.max.idle.ms = 10000
	delivery.timeout.ms = 120000
	enable.idempotence = true
	enable.metrics.push = true
	interceptor.classes = []
	key.serializer = class org.apache.kafka.common.serialization.StringSerializer
	linger.ms = 0
	max.block.ms = 60000
	max.in.flight.requests.per.connection = 5
	max.request.size = 1048576
	metadata.max.age.ms = 300000
	metadata.max.idle.ms = 300000
	metadata.recovery.strategy = none
	metric.reporters = []
	metrics.num.samples = 2
	metrics.recording.level = INFO
	metrics.sample.window.ms = 30000
	partitioner.adaptive.partitioning.enable = true
	partitioner.availability.timeout.ms = 0
	partitioner.class = null
	partitioner.ignore.keys = false
	receive.buffer.bytes = 32768
	reconnect.backoff.max.ms = 1000
	reconnect.backoff.ms = 50
	request.timeout.ms = 5000
	retries = 2147483647
	retry.backoff.max.ms = 1000
	retry.backoff.ms = 100
	sasl.client.callback.handler.class = null
	sasl.jaas.config = null
	sasl.kerberos.kinit.cmd = /usr/bin/kinit
	sasl.kerberos.min.time.before.relogin = 60000
	sasl.kerberos.service.name = null
	sasl.kerberos.ticket.renew.jitter = 0.05
	sasl.kerberos.ticket.renew.window.factor = 0.8
	sasl.login.callback.handler.class = null
	sasl.login.class = null
	sasl.login.connect.timeout.ms = null
	sasl.login.read.timeout.ms = null
	sasl.login.refresh.buffer.seconds = 300
	sasl.login.refresh.min.period.seconds = 60
	sasl.login.refresh.window.factor = 0.8
	sasl.login.refresh.window.jitter = 0.05
	sasl.login.retry.backoff.max.ms = 10000
	sasl.login.retry.backoff.ms = 100
	sasl.mechanism = GSSAPI
	sasl.oauthbearer.clock.skew.seconds = 30
	sasl.oauthbearer.expected.audience = null
	sasl.oauthbearer.expected.issuer = null
	sasl.oauthbearer.header.urlencode = false
	sasl.oauthbearer.jwks.endpoint.refresh.ms = 3600000
	sasl.oauthbearer.jwks.endpoint.retry.backoff.max.ms = 10000
	sasl.oauthbearer.jwks.endpoint.retry.backoff.ms = 100
	sasl.oauthbearer.jwks.endpoint.url = null
	sasl.oauthbearer.scope.claim.name = scope
	sasl.oauthbearer.sub.claim.name = sub
	sasl.oauthbearer.token.endpoint.url = null
	security.protocol = PLAINTEXT
	security.providers = null
	send.buffer.bytes = 131072
	socket.connection.setup.timeout.max.ms = 30000
	socket.connection.setup.timeout.ms = 10000
	ssl.cipher.suites = null
	ssl.enabled.protocols = [TLSv1.2, TLSv1.3]
	ssl.endpoint.identification.algorithm = https
	ssl.engine.factory.class = null
	ssl.key.password = null
	ssl.keymanager.algorithm = SunX509
	ssl.keystore.certificate.chain = null
	ssl.keystore.key = null
	ssl.keystore.location = null
	ssl.keystore.password = null
	ssl.keystore.type = JKS
	ssl.protocol = TLSv1.3
	ssl.provider = null
	ssl.secure.random.implementation = null
	ssl.trustmanager.algorithm = PKIX
	ssl.truststore.certificates = null
	ssl.truststore.location = null
	ssl.truststore.password = null
	ssl.truststore.type = JKS
	transaction.timeout.ms = 60000
	transactional.id = null
	value.serializer = class io.apicurio.registry.serde.avro.AvroKafkaSerializer

2025-08-13 02:23:00,023 INFO  [org.apa.kaf.com.tel.int.KafkaMetricsCollector] (main) initializing Kafka metrics collector
2025-08-13 02:23:00,031 INFO  [org.apa.kaf.cli.pro.KafkaProducer] (main) [Producer clientId=Producer-topic-315b8676_12a5_4766_987e_97b325db975f] Instantiated an idempotent producer.
2025-08-13 02:23:00,033 INFO  [org.apa.kaf.cli.pro.ProducerConfig] (main) These configurations '[apicurio.registry.url, apicurio.registry.auto-register, apicurio.registry.artifact-resolver-strategy]' were supplied but are not used yet.
2025-08-13 02:23:00,033 INFO  [org.apa.kaf.com.uti.AppInfoParser] (main) Kafka version: 3.9.1
2025-08-13 02:23:00,033 INFO  [org.apa.kaf.com.uti.AppInfoParser] (main) Kafka commitId: f745dfdcee2b9851
2025-08-13 02:23:00,033 INFO  [org.apa.kaf.com.uti.AppInfoParser] (main) Kafka startTimeMs: 1755051780033
2025-08-13 02:23:00,033 INFO  [io.api.tes.ser.api.SimpleSerdesTesterBuilder$SimpleSerdesTester] (main) Using producer configuration: {apicurio.registry.url=http://registry-app-ksql043.apps.ci419.apicurio-testing.org:80/apis/registry/v3, apicurio.registry.auto-register=true, apicurio.registry.artifact-resolver-strategy=io.apicurio.registry.serde.strategy.SimpleTopicIdStrategy, value.serializer=io.apicurio.registry.serde.avro.AvroKafkaSerializer, request.timeout.ms=5000, acks=all, bootstrap.servers=PLAINTEXT://localhost:32769, connections.max.idle.ms=10000, key.serializer=org.apache.kafka.common.serialization.StringSerializer, client.id=Producer-topic-315b8676_12a5_4766_987e_97b325db975f}
2025-08-13 02:23:00,033 INFO  [io.api.tes.ser.api.SimpleSerdesTesterBuilder$SimpleSerdesTester] (main) Using consumer configuration: {}
2025-08-13 02:23:00,035 INFO  [io.api.tes.ser.api.KafkaSerdesTester] (Thread-732) Sending message {"username": null} to topic topic-315b8676_12a5_4766_987e_97b325db975f
2025-08-13 02:23:00,038 WARN  [org.apa.kaf.cli.NetworkClient] (kafka-producer-network-thread | Producer-topic-315b8676_12a5_4766_987e_97b325db975f) [Producer clientId=Producer-topic-315b8676_12a5_4766_987e_97b325db975f] The metadata response from the cluster reported a recoverable issue with correlation id 1 : {topic-315b8676_12a5_4766_987e_97b325db975f=UNKNOWN_TOPIC_OR_PARTITION}
2025-08-13 02:23:00,038 INFO  [org.apa.kaf.cli.Metadata] (kafka-producer-network-thread | Producer-topic-315b8676_12a5_4766_987e_97b325db975f) [Producer clientId=Producer-topic-315b8676_12a5_4766_987e_97b325db975f] Cluster ID: pj3cISz0Q0OVF0qikwHveQ
2025-08-13 02:23:00,038 INFO  [org.apa.kaf.cli.pro.int.TransactionManager] (kafka-producer-network-thread | Producer-topic-315b8676_12a5_4766_987e_97b325db975f) [Producer clientId=Producer-topic-315b8676_12a5_4766_987e_97b325db975f] ProducerId set to 23 with epoch 0
2025-08-13 02:23:00,212 INFO  [io.api.tes.ser.api.KafkaSerdesTester] (Thread-732) Sending message {"username": null} to topic topic-315b8676_12a5_4766_987e_97b325db975f
2025-08-13 02:23:00,214 INFO  [io.api.tes.ser.api.KafkaSerdesTester] (Thread-732) Sending message {"username": "value-2"} to topic topic-315b8676_12a5_4766_987e_97b325db975f
2025-08-13 02:23:00,215 INFO  [io.api.tes.ser.api.KafkaSerdesTester] (Thread-732) Sending message {"username": null} to topic topic-315b8676_12a5_4766_987e_97b325db975f
2025-08-13 02:23:00,217 INFO  [io.api.tes.ser.api.KafkaSerdesTester] (Thread-732) Sending message {"username": "value-4"} to topic topic-315b8676_12a5_4766_987e_97b325db975f
2025-08-13 02:23:00,219 INFO  [io.api.tes.ser.api.KafkaSerdesTester] (Thread-732) Sending message {"username": null} to topic topic-315b8676_12a5_4766_987e_97b325db975f
2025-08-13 02:23:00,220 INFO  [io.api.tes.ser.api.KafkaSerdesTester] (Thread-732) Sending message {"username": "value-6"} to topic topic-315b8676_12a5_4766_987e_97b325db975f
2025-08-13 02:23:00,227 INFO  [io.api.tes.ser.api.KafkaSerdesTester] (Thread-732) Sending message {"username": null} to topic topic-315b8676_12a5_4766_987e_97b325db975f
2025-08-13 02:23:00,229 INFO  [io.api.tes.ser.api.KafkaSerdesTester] (Thread-732) Sending message {"username": "value-8"} to topic topic-315b8676_12a5_4766_987e_97b325db975f
2025-08-13 02:23:00,231 INFO  [io.api.tes.ser.api.KafkaSerdesTester] (Thread-732) Sending message {"username": null} to topic topic-315b8676_12a5_4766_987e_97b325db975f
2025-08-13 02:23:00,234 INFO  [io.api.tes.ser.api.KafkaSerdesTester] (Thread-732) Produced 10 messages
2025-08-13 02:23:00,234 INFO  [org.apa.kaf.cli.pro.KafkaProducer] (Thread-732) [Producer clientId=Producer-topic-315b8676_12a5_4766_987e_97b325db975f] Closing the Kafka producer with timeoutMillis = 9223372036854775807 ms.
2025-08-13 02:23:00,236 INFO  [org.apa.kaf.com.met.Metrics] (Thread-732) Metrics scheduler closed
2025-08-13 02:23:00,236 INFO  [org.apa.kaf.com.met.Metrics] (Thread-732) Closing reporter org.apache.kafka.common.metrics.JmxReporter
2025-08-13 02:23:00,236 INFO  [org.apa.kaf.com.met.Metrics] (Thread-732) Closing reporter org.apache.kafka.common.telemetry.internals.ClientTelemetryReporter
2025-08-13 02:23:00,236 INFO  [org.apa.kaf.com.met.Metrics] (Thread-732) Metrics reporters closed
2025-08-13 02:23:00,237 INFO  [org.apa.kaf.com.uti.AppInfoParser] (Thread-732) App info kafka.producer for Producer-topic-315b8676_12a5_4766_987e_97b325db975f unregistered
**** Registry Base URL: http://registry-app-ksql043.apps.ci419.apicurio-testing.org:80
2025-08-13 02:23:00,255 INFO  [org.apa.kaf.cli.con.ConsumerConfig] (main) ConsumerConfig values: 
	allow.auto.create.topics = true
	auto.commit.interval.ms = 500
	auto.include.jmx.reporter = true
	auto.offset.reset = earliest
	bootstrap.servers = [PLAINTEXT://localhost:32769]
	check.crcs = true
	client.dns.lookup = use_all_dns_ips
	client.id = consumer-Consumer-topic-315b8676_12a5_4766_987e_97b325db975f-17
	client.rack = 
	connections.max.idle.ms = 10000
	default.api.timeout.ms = 60000
	enable.auto.commit = true
	enable.metrics.push = true
	exclude.internal.topics = true
	fetch.max.bytes = 52428800
	fetch.max.wait.ms = 500
	fetch.min.bytes = 1
	group.id = Consumer-topic-315b8676_12a5_4766_987e_97b325db975f
	group.instance.id = null
	group.protocol = classic
	group.remote.assignor = null
	heartbeat.interval.ms = 3000
	interceptor.classes = []
	internal.leave.group.on.close = true
	internal.throw.on.fetch.stable.offset.unsupported = false
	isolation.level = read_uncommitted
	key.deserializer = class org.apache.kafka.common.serialization.StringDeserializer
	max.partition.fetch.bytes = 1048576
	max.poll.interval.ms = 300000
	max.poll.records = 500
	metadata.max.age.ms = 300000
	metadata.recovery.strategy = none
	metric.reporters = []
	metrics.num.samples = 2
	metrics.recording.level = INFO
	metrics.sample.window.ms = 30000
	partition.assignment.strategy = [class org.apache.kafka.clients.consumer.RangeAssignor, class org.apache.kafka.clients.consumer.CooperativeStickyAssignor]
	receive.buffer.bytes = 65536
	reconnect.backoff.max.ms = 1000
	reconnect.backoff.ms = 50
	request.timeout.ms = 5000
	retry.backoff.max.ms = 1000
	retry.backoff.ms = 100
	sasl.client.callback.handler.class = null
	sasl.jaas.config = null
	sasl.kerberos.kinit.cmd = /usr/bin/kinit
	sasl.kerberos.min.time.before.relogin = 60000
	sasl.kerberos.service.name = null
	sasl.kerberos.ticket.renew.jitter = 0.05
	sasl.kerberos.ticket.renew.window.factor = 0.8
	sasl.login.callback.handler.class = null
	sasl.login.class = null
	sasl.login.connect.timeout.ms = null
	sasl.login.read.timeout.ms = null
	sasl.login.refresh.buffer.seconds = 300
	sasl.login.refresh.min.period.seconds = 60
	sasl.login.refresh.window.factor = 0.8
	sasl.login.refresh.window.jitter = 0.05
	sasl.login.retry.backoff.max.ms = 10000
	sasl.login.retry.backoff.ms = 100
	sasl.mechanism = GSSAPI
	sasl.oauthbearer.clock.skew.seconds = 30
	sasl.oauthbearer.expected.audience = null
	sasl.oauthbearer.expected.issuer = null
	sasl.oauthbearer.header.urlencode = false
	sasl.oauthbearer.jwks.endpoint.refresh.ms = 3600000
	sasl.oauthbearer.jwks.endpoint.retry.backoff.max.ms = 10000
	sasl.oauthbearer.jwks.endpoint.retry.backoff.ms = 100
	sasl.oauthbearer.jwks.endpoint.url = null
	sasl.oauthbearer.scope.claim.name = scope
	sasl.oauthbearer.sub.claim.name = sub
	sasl.oauthbearer.token.endpoint.url = null
	security.protocol = PLAINTEXT
	security.providers = null
	send.buffer.bytes = 131072
	session.timeout.ms = 45000
	socket.connection.setup.timeout.max.ms = 30000
	socket.connection.setup.timeout.ms = 10000
	ssl.cipher.suites = null
	ssl.enabled.protocols = [TLSv1.2, TLSv1.3]
	ssl.endpoint.identification.algorithm = https
	ssl.engine.factory.class = null
	ssl.key.password = null
	ssl.keymanager.algorithm = SunX509
	ssl.keystore.certificate.chain = null
	ssl.keystore.key = null
	ssl.keystore.location = null
	ssl.keystore.password = null
	ssl.keystore.type = JKS
	ssl.protocol = TLSv1.3
	ssl.provider = null
	ssl.secure.random.implementation = null
	ssl.trustmanager.algorithm = PKIX
	ssl.truststore.certificates = null
	ssl.truststore.location = null
	ssl.truststore.password = null
	ssl.truststore.type = JKS
	value.deserializer = class io.apicurio.registry.serde.avro.AvroKafkaDeserializer

2025-08-13 02:23:00,256 INFO  [org.apa.kaf.com.tel.int.KafkaMetricsCollector] (main) initializing Kafka metrics collector
2025-08-13 02:23:00,261 INFO  [org.apa.kaf.cli.con.ConsumerConfig] (main) These configurations '[apicurio.registry.url]' were supplied but are not used yet.
2025-08-13 02:23:00,261 INFO  [org.apa.kaf.com.uti.AppInfoParser] (main) Kafka version: 3.9.1
2025-08-13 02:23:00,261 INFO  [org.apa.kaf.com.uti.AppInfoParser] (main) Kafka commitId: f745dfdcee2b9851
2025-08-13 02:23:00,261 INFO  [org.apa.kaf.com.uti.AppInfoParser] (main) Kafka startTimeMs: 1755051780261
2025-08-13 02:23:00,261 INFO  [org.apa.kaf.cli.con.int.ClassicKafkaConsumer] (Thread-735) [Consumer clientId=consumer-Consumer-topic-315b8676_12a5_4766_987e_97b325db975f-17, groupId=Consumer-topic-315b8676_12a5_4766_987e_97b325db975f] Subscribed to topic(s): topic-315b8676_12a5_4766_987e_97b325db975f
2025-08-13 02:23:00,266 INFO  [org.apa.kaf.cli.Metadata] (Thread-735) [Consumer clientId=consumer-Consumer-topic-315b8676_12a5_4766_987e_97b325db975f-17, groupId=Consumer-topic-315b8676_12a5_4766_987e_97b325db975f] Cluster ID: pj3cISz0Q0OVF0qikwHveQ
2025-08-13 02:23:00,267 INFO  [org.apa.kaf.cli.con.int.ConsumerCoordinator] (Thread-735) [Consumer clientId=consumer-Consumer-topic-315b8676_12a5_4766_987e_97b325db975f-17, groupId=Consumer-topic-315b8676_12a5_4766_987e_97b325db975f] Discovered group coordinator localhost:32769 (id: 2147483647 rack: null)
2025-08-13 02:23:00,270 INFO  [org.apa.kaf.cli.con.int.ConsumerCoordinator] (Thread-735) [Consumer clientId=consumer-Consumer-topic-315b8676_12a5_4766_987e_97b325db975f-17, groupId=Consumer-topic-315b8676_12a5_4766_987e_97b325db975f] (Re-)joining group
2025-08-13 02:23:00,274 INFO  [org.apa.kaf.cli.con.int.ConsumerCoordinator] (Thread-735) [Consumer clientId=consumer-Consumer-topic-315b8676_12a5_4766_987e_97b325db975f-17, groupId=Consumer-topic-315b8676_12a5_4766_987e_97b325db975f] Request joining group due to: need to re-join with the given member-id: consumer-Consumer-topic-315b8676_12a5_4766_987e_97b325db975f-17-bf54ce41-335b-4518-9416-d8946b9e31db
2025-08-13 02:23:00,274 INFO  [org.apa.kaf.cli.con.int.ConsumerCoordinator] (Thread-735) [Consumer clientId=consumer-Consumer-topic-315b8676_12a5_4766_987e_97b325db975f-17, groupId=Consumer-topic-315b8676_12a5_4766_987e_97b325db975f] (Re-)joining group
2025-08-13 02:23:01,262 INFO  [io.api.tes.ser.api.KafkaSerdesTester] (Thread-735) None found
2025-08-13 02:23:02,262 INFO  [io.api.tes.ser.api.KafkaSerdesTester] (Thread-735) None found
2025-08-13 02:23:03,262 INFO  [io.api.tes.ser.api.KafkaSerdesTester] (Thread-735) None found
2025-08-13 02:23:03,276 INFO  [org.apa.kaf.cli.con.int.ConsumerCoordinator] (Thread-735) [Consumer clientId=consumer-Consumer-topic-315b8676_12a5_4766_987e_97b325db975f-17, groupId=Consumer-topic-315b8676_12a5_4766_987e_97b325db975f] Successfully joined group with generation Generation{generationId=1, memberId='consumer-Consumer-topic-315b8676_12a5_4766_987e_97b325db975f-17-bf54ce41-335b-4518-9416-d8946b9e31db', protocol='range'}
2025-08-13 02:23:03,276 INFO  [org.apa.kaf.cli.con.int.ConsumerCoordinator] (Thread-735) [Consumer clientId=consumer-Consumer-topic-315b8676_12a5_4766_987e_97b325db975f-17, groupId=Consumer-topic-315b8676_12a5_4766_987e_97b325db975f] Finished assignment for group at generation 1: {consumer-Consumer-topic-315b8676_12a5_4766_987e_97b325db975f-17-bf54ce41-335b-4518-9416-d8946b9e31db=Assignment(partitions=[topic-315b8676_12a5_4766_987e_97b325db975f-0])}
2025-08-13 02:23:03,283 INFO  [org.apa.kaf.cli.con.int.ConsumerCoordinator] (Thread-735) [Consumer clientId=consumer-Consumer-topic-315b8676_12a5_4766_987e_97b325db975f-17, groupId=Consumer-topic-315b8676_12a5_4766_987e_97b325db975f] Successfully synced group in generation Generation{generationId=1, memberId='consumer-Consumer-topic-315b8676_12a5_4766_987e_97b325db975f-17-bf54ce41-335b-4518-9416-d8946b9e31db', protocol='range'}
2025-08-13 02:23:03,283 INFO  [org.apa.kaf.cli.con.int.ConsumerCoordinator] (Thread-735) [Consumer clientId=consumer-Consumer-topic-315b8676_12a5_4766_987e_97b325db975f-17, groupId=Consumer-topic-315b8676_12a5_4766_987e_97b325db975f] Notifying assignor about the new Assignment(partitions=[topic-315b8676_12a5_4766_987e_97b325db975f-0])
2025-08-13 02:23:03,284 INFO  [org.apa.kaf.cli.con.int.ConsumerRebalanceListenerInvoker] (Thread-735) [Consumer clientId=consumer-Consumer-topic-315b8676_12a5_4766_987e_97b325db975f-17, groupId=Consumer-topic-315b8676_12a5_4766_987e_97b325db975f] Adding newly assigned partitions: topic-315b8676_12a5_4766_987e_97b325db975f-0
2025-08-13 02:23:03,285 INFO  [org.apa.kaf.cli.con.int.ConsumerCoordinator] (Thread-735) [Consumer clientId=consumer-Consumer-topic-315b8676_12a5_4766_987e_97b325db975f-17, groupId=Consumer-topic-315b8676_12a5_4766_987e_97b325db975f] Found no committed offset for partition topic-315b8676_12a5_4766_987e_97b325db975f-0
2025-08-13 02:23:03,286 INFO  [org.apa.kaf.cli.con.int.SubscriptionState] (Thread-735) [Consumer clientId=consumer-Consumer-topic-315b8676_12a5_4766_987e_97b325db975f-17, groupId=Consumer-topic-315b8676_12a5_4766_987e_97b325db975f] Resetting offset for partition topic-315b8676_12a5_4766_987e_97b325db975f-0 to position FetchPosition{offset=0, offsetEpoch=Optional.empty, currentLeader=LeaderAndEpoch{leader=Optional[localhost:32769 (id: 0 rack: null)], epoch=0}}.
2025-08-13 02:23:03,315 INFO  [io.api.tes.ser.api.KafkaSerdesTester] (Thread-735) topic-315b8676_12a5_4766_987e_97b325db975f 0 0 {"username": null}
2025-08-13 02:23:03,315 INFO  [io.api.tes.ser.api.KafkaSerdesTester] (Thread-735) topic-315b8676_12a5_4766_987e_97b325db975f 0 1 {"username": null}
2025-08-13 02:23:03,315 INFO  [io.api.tes.ser.api.KafkaSerdesTester] (Thread-735) topic-315b8676_12a5_4766_987e_97b325db975f 0 2 {"username": "value-2"}
2025-08-13 02:23:03,315 INFO  [io.api.tes.ser.api.KafkaSerdesTester] (Thread-735) topic-315b8676_12a5_4766_987e_97b325db975f 0 3 {"username": null}
2025-08-13 02:23:03,315 INFO  [io.api.tes.ser.api.KafkaSerdesTester] (Thread-735) topic-315b8676_12a5_4766_987e_97b325db975f 0 4 {"username": "value-4"}
2025-08-13 02:23:03,315 INFO  [io.api.tes.ser.api.KafkaSerdesTester] (Thread-735) topic-315b8676_12a5_4766_987e_97b325db975f 0 5 {"username": null}
2025-08-13 02:23:03,315 INFO  [io.api.tes.ser.api.KafkaSerdesTester] (Thread-735) topic-315b8676_12a5_4766_987e_97b325db975f 0 6 {"username": "value-6"}
2025-08-13 02:23:03,316 INFO  [io.api.tes.ser.api.KafkaSerdesTester] (Thread-735) topic-315b8676_12a5_4766_987e_97b325db975f 0 7 {"username": null}
2025-08-13 02:23:03,316 INFO  [io.api.tes.ser.api.KafkaSerdesTester] (Thread-735) topic-315b8676_12a5_4766_987e_97b325db975f 0 8 {"username": "value-8"}
2025-08-13 02:23:03,316 INFO  [io.api.tes.ser.api.KafkaSerdesTester] (Thread-735) topic-315b8676_12a5_4766_987e_97b325db975f 0 9 {"username": null}
2025-08-13 02:23:03,316 INFO  [io.api.tes.ser.api.KafkaSerdesTester] (Thread-735) Consumed 10 messages
2025-08-13 02:23:03,323 INFO  [org.apa.kaf.cli.con.int.ConsumerRebalanceListenerInvoker] (Thread-735) [Consumer clientId=consumer-Consumer-topic-315b8676_12a5_4766_987e_97b325db975f-17, groupId=Consumer-topic-315b8676_12a5_4766_987e_97b325db975f] Revoke previously assigned partitions topic-315b8676_12a5_4766_987e_97b325db975f-0
2025-08-13 02:23:03,324 INFO  [org.apa.kaf.cli.con.int.ConsumerCoordinator] (Thread-735) [Consumer clientId=consumer-Consumer-topic-315b8676_12a5_4766_987e_97b325db975f-17, groupId=Consumer-topic-315b8676_12a5_4766_987e_97b325db975f] Member consumer-Consumer-topic-315b8676_12a5_4766_987e_97b325db975f-17-bf54ce41-335b-4518-9416-d8946b9e31db sending LeaveGroup request to coordinator localhost:32769 (id: 2147483647 rack: null) due to the consumer is being closed
2025-08-13 02:23:03,324 INFO  [org.apa.kaf.cli.con.int.ConsumerCoordinator] (Thread-735) [Consumer clientId=consumer-Consumer-topic-315b8676_12a5_4766_987e_97b325db975f-17, groupId=Consumer-topic-315b8676_12a5_4766_987e_97b325db975f] Resetting generation and member id due to: consumer pro-actively leaving the group
2025-08-13 02:23:03,324 INFO  [org.apa.kaf.cli.con.int.ConsumerCoordinator] (Thread-735) [Consumer clientId=consumer-Consumer-topic-315b8676_12a5_4766_987e_97b325db975f-17, groupId=Consumer-topic-315b8676_12a5_4766_987e_97b325db975f] Request joining group due to: consumer pro-actively leaving the group
2025-08-13 02:23:03,816 INFO  [org.apa.kaf.com.met.Metrics] (Thread-735) Metrics scheduler closed
2025-08-13 02:23:03,816 INFO  [org.apa.kaf.com.met.Metrics] (Thread-735) Closing reporter org.apache.kafka.common.metrics.JmxReporter
2025-08-13 02:23:03,816 INFO  [org.apa.kaf.com.met.Metrics] (Thread-735) Closing reporter org.apache.kafka.common.telemetry.internals.ClientTelemetryReporter
2025-08-13 02:23:03,816 INFO  [org.apa.kaf.com.met.Metrics] (Thread-735) Metrics reporters closed
2025-08-13 02:23:03,818 INFO  [org.apa.kaf.com.uti.AppInfoParser] (Thread-735) App info kafka.consumer for consumer-Consumer-topic-315b8676_12a5_4766_987e_97b325db975f-17 unregistered
2025-08-13 02:23:03,819 INFO  [io.api.tes.uti.TestSeparator] (main) io.apicurio.tests.serdes.apicurio.AvroSerdeIT.testFirstEmptyFieldConfusedAsMagicByte-FINISHED
2025-08-13 02:23:03,819 INFO  [io.api.tes.uti.TestSeparator] (main) ############################################################################
Test passed: testFirstEmptyFieldConfusedAsMagicByte
]]></system-out>
  </testcase>
  <testcase name="testAvroSerDesFailDifferentSchemaByContent" classname="io.apicurio.tests.serdes.apicurio.AvroSerdeIT" time="1.103">
    <system-out><![CDATA[2025-08-13 02:23:03,823 INFO  [io.api.tes.uti.TestSeparator] (main) ############################################################################
2025-08-13 02:23:03,823 INFO  [io.api.tes.uti.TestSeparator] (main) io.apicurio.tests.serdes.apicurio.AvroSerdeIT.testAvroSerDesFailDifferentSchemaByContent-STARTED
**** Registry Base URL: http://registry-app-ksql043.apps.ci419.apicurio-testing.org:80
2025-08-13 02:23:04,886 INFO  [org.apa.kaf.cli.pro.ProducerConfig] (main) ProducerConfig values: 
	acks = -1
	auto.include.jmx.reporter = true
	batch.size = 16384
	bootstrap.servers = [PLAINTEXT://localhost:32769]
	buffer.memory = 33554432
	client.dns.lookup = use_all_dns_ips
	client.id = Producer-topic-3609e984_7c2b_4c10_b864_49bbab06ab86
	compression.gzip.level = -1
	compression.lz4.level = 9
	compression.type = none
	compression.zstd.level = 3
	connections.max.idle.ms = 10000
	delivery.timeout.ms = 120000
	enable.idempotence = true
	enable.metrics.push = true
	interceptor.classes = []
	key.serializer = class org.apache.kafka.common.serialization.StringSerializer
	linger.ms = 0
	max.block.ms = 60000
	max.in.flight.requests.per.connection = 5
	max.request.size = 1048576
	metadata.max.age.ms = 300000
	metadata.max.idle.ms = 300000
	metadata.recovery.strategy = none
	metric.reporters = []
	metrics.num.samples = 2
	metrics.recording.level = INFO
	metrics.sample.window.ms = 30000
	partitioner.adaptive.partitioning.enable = true
	partitioner.availability.timeout.ms = 0
	partitioner.class = null
	partitioner.ignore.keys = false
	receive.buffer.bytes = 32768
	reconnect.backoff.max.ms = 1000
	reconnect.backoff.ms = 50
	request.timeout.ms = 5000
	retries = 2147483647
	retry.backoff.max.ms = 1000
	retry.backoff.ms = 100
	sasl.client.callback.handler.class = null
	sasl.jaas.config = null
	sasl.kerberos.kinit.cmd = /usr/bin/kinit
	sasl.kerberos.min.time.before.relogin = 60000
	sasl.kerberos.service.name = null
	sasl.kerberos.ticket.renew.jitter = 0.05
	sasl.kerberos.ticket.renew.window.factor = 0.8
	sasl.login.callback.handler.class = null
	sasl.login.class = null
	sasl.login.connect.timeout.ms = null
	sasl.login.read.timeout.ms = null
	sasl.login.refresh.buffer.seconds = 300
	sasl.login.refresh.min.period.seconds = 60
	sasl.login.refresh.window.factor = 0.8
	sasl.login.refresh.window.jitter = 0.05
	sasl.login.retry.backoff.max.ms = 10000
	sasl.login.retry.backoff.ms = 100
	sasl.mechanism = GSSAPI
	sasl.oauthbearer.clock.skew.seconds = 30
	sasl.oauthbearer.expected.audience = null
	sasl.oauthbearer.expected.issuer = null
	sasl.oauthbearer.header.urlencode = false
	sasl.oauthbearer.jwks.endpoint.refresh.ms = 3600000
	sasl.oauthbearer.jwks.endpoint.retry.backoff.max.ms = 10000
	sasl.oauthbearer.jwks.endpoint.retry.backoff.ms = 100
	sasl.oauthbearer.jwks.endpoint.url = null
	sasl.oauthbearer.scope.claim.name = scope
	sasl.oauthbearer.sub.claim.name = sub
	sasl.oauthbearer.token.endpoint.url = null
	security.protocol = PLAINTEXT
	security.providers = null
	send.buffer.bytes = 131072
	socket.connection.setup.timeout.max.ms = 30000
	socket.connection.setup.timeout.ms = 10000
	ssl.cipher.suites = null
	ssl.enabled.protocols = [TLSv1.2, TLSv1.3]
	ssl.endpoint.identification.algorithm = https
	ssl.engine.factory.class = null
	ssl.key.password = null
	ssl.keymanager.algorithm = SunX509
	ssl.keystore.certificate.chain = null
	ssl.keystore.key = null
	ssl.keystore.location = null
	ssl.keystore.password = null
	ssl.keystore.type = JKS
	ssl.protocol = TLSv1.3
	ssl.provider = null
	ssl.secure.random.implementation = null
	ssl.trustmanager.algorithm = PKIX
	ssl.truststore.certificates = null
	ssl.truststore.location = null
	ssl.truststore.password = null
	ssl.truststore.type = JKS
	transaction.timeout.ms = 60000
	transactional.id = null
	value.serializer = class io.apicurio.registry.serde.avro.AvroKafkaSerializer

2025-08-13 02:23:04,887 INFO  [org.apa.kaf.com.tel.int.KafkaMetricsCollector] (main) initializing Kafka metrics collector
2025-08-13 02:23:04,890 INFO  [org.apa.kaf.cli.pro.KafkaProducer] (main) [Producer clientId=Producer-topic-3609e984_7c2b_4c10_b864_49bbab06ab86] Instantiated an idempotent producer.
2025-08-13 02:23:04,891 INFO  [org.apa.kaf.cli.pro.ProducerConfig] (main) These configurations '[apicurio.registry.url, apicurio.registry.artifact-resolver-strategy]' were supplied but are not used yet.
2025-08-13 02:23:04,891 INFO  [org.apa.kaf.com.uti.AppInfoParser] (main) Kafka version: 3.9.1
2025-08-13 02:23:04,891 INFO  [org.apa.kaf.com.uti.AppInfoParser] (main) Kafka commitId: f745dfdcee2b9851
2025-08-13 02:23:04,891 INFO  [org.apa.kaf.com.uti.AppInfoParser] (main) Kafka startTimeMs: 1755051784891
2025-08-13 02:23:04,894 INFO  [io.api.tes.ser.api.KafkaSerdesTester] (Thread-738) Sending message {"keyB": "value-0"} to topic topic-3609e984_7c2b_4c10_b864_49bbab06ab86
2025-08-13 02:23:04,896 INFO  [org.apa.kaf.cli.Metadata] (kafka-producer-network-thread | Producer-topic-3609e984_7c2b_4c10_b864_49bbab06ab86) [Producer clientId=Producer-topic-3609e984_7c2b_4c10_b864_49bbab06ab86] Cluster ID: pj3cISz0Q0OVF0qikwHveQ
2025-08-13 02:23:04,896 INFO  [org.apa.kaf.cli.pro.int.TransactionManager] (kafka-producer-network-thread | Producer-topic-3609e984_7c2b_4c10_b864_49bbab06ab86) [Producer clientId=Producer-topic-3609e984_7c2b_4c10_b864_49bbab06ab86] ProducerId set to 24 with epoch 0
2025-08-13 02:23:04,896 INFO  [DefaultSchemaResolver] (Thread-738) Retrieving schema content using string: {"type":"record","name":"s1e467898xaf9bx4a9cxa6fbxd99099f4a903","namespace":"s11d1d181x13e3x4bc8x9309xc9a6a22e387f","fields":[{"name":"keyB","type":"string"}]}
2025-08-13 02:23:04,920 INFO  [org.apa.kaf.cli.pro.KafkaProducer] (Thread-738) [Producer clientId=Producer-topic-3609e984_7c2b_4c10_b864_49bbab06ab86] Closing the Kafka producer with timeoutMillis = 9223372036854775807 ms.
2025-08-13 02:23:04,922 INFO  [org.apa.kaf.com.met.Metrics] (Thread-738) Metrics scheduler closed
2025-08-13 02:23:04,922 INFO  [org.apa.kaf.com.met.Metrics] (Thread-738) Closing reporter org.apache.kafka.common.metrics.JmxReporter
2025-08-13 02:23:04,922 INFO  [org.apa.kaf.com.met.Metrics] (Thread-738) Closing reporter org.apache.kafka.common.telemetry.internals.ClientTelemetryReporter
2025-08-13 02:23:04,922 INFO  [org.apa.kaf.com.met.Metrics] (Thread-738) Metrics reporters closed
2025-08-13 02:23:04,923 INFO  [org.apa.kaf.com.uti.AppInfoParser] (Thread-738) App info kafka.producer for Producer-topic-3609e984_7c2b_4c10_b864_49bbab06ab86 unregistered
2025-08-13 02:23:04,923 INFO  [io.api.tes.uti.TestSeparator] (main) io.apicurio.tests.serdes.apicurio.AvroSerdeIT.testAvroSerDesFailDifferentSchemaByContent-FINISHED
2025-08-13 02:23:04,923 INFO  [io.api.tes.uti.TestSeparator] (main) ############################################################################
Test passed: testAvroSerDesFailDifferentSchemaByContent
]]></system-out>
    <system-err><![CDATA[java.lang.RuntimeException: Could not resolve artifact reference by content: {"type":"record","name":"s1e467898xaf9bx4a9cxa6fbxd99099f4a903","namespace":"s11d1d181x13e3x4bc8x9309xc9a6a22e387f","fields":[{"name":"keyB","type":"string"}]}&ArtifactReference [groupId=s11d1d181x13e3x4bc8x9309xc9a6a22e387f, artifactId=s1e467898xaf9bx4a9cxa6fbxd99099f4a903, version=null, globalId=null, contentId=null, contentHash=null]
	at io.apicurio.registry.resolver.DefaultSchemaResolver.lambda$handleResolveSchemaByContent$3(DefaultSchemaResolver.java:265)
	at io.apicurio.registry.resolver.cache.ERCache.lambda$getValue$0(ERCache.java:174)
	at io.apicurio.registry.resolver.cache.ERCache.retry(ERCache.java:227)
	at io.apicurio.registry.resolver.cache.ERCache.getValue(ERCache.java:173)
	at io.apicurio.registry.resolver.cache.ERCache.getByContent(ERCache.java:147)
	at io.apicurio.registry.resolver.DefaultSchemaResolver.handleResolveSchemaByContent(DefaultSchemaResolver.java:253)
	at io.apicurio.registry.resolver.DefaultSchemaResolver.getSchemaFromRegistry(DefaultSchemaResolver.java:138)
	at io.apicurio.registry.resolver.DefaultSchemaResolver.lambda$resolveSchema$0(DefaultSchemaResolver.java:84)
	at java.base/java.util.Optional.orElseGet(Optional.java:364)
	at io.apicurio.registry.resolver.DefaultSchemaResolver.resolveSchema(DefaultSchemaResolver.java:84)
	at io.apicurio.registry.serde.AbstractSerializer.serializeData(AbstractSerializer.java:62)
	at io.apicurio.registry.serde.KafkaSerializer.serialize(KafkaSerializer.java:77)
	at org.apache.kafka.clients.producer.KafkaProducer.doSend(KafkaProducer.java:1046)
	at org.apache.kafka.clients.producer.KafkaProducer.send(KafkaProducer.java:993)
	at org.apache.kafka.clients.producer.KafkaProducer.send(KafkaProducer.java:875)
	at io.apicurio.tests.serdes.apicurio.KafkaSerdesTester.lambda$produceMessages$3(KafkaSerdesTester.java:138)
	at java.base/java.util.concurrent.CompletableFuture$AsyncSupply.run(CompletableFuture.java:1768)
	at java.base/java.lang.Thread.run(Thread.java:840)
]]></system-err>
  </testcase>
  <testcase name="testGlobalIdInBody" classname="io.apicurio.tests.serdes.apicurio.AvroSerdeIT" time="3.814">
    <system-out><![CDATA[2025-08-13 02:23:04,927 INFO  [io.api.tes.uti.TestSeparator] (main) ############################################################################
2025-08-13 02:23:04,927 INFO  [io.api.tes.uti.TestSeparator] (main) io.apicurio.tests.serdes.apicurio.AvroSerdeIT.testGlobalIdInBody-STARTED
**** Registry Base URL: http://registry-app-ksql043.apps.ci419.apicurio-testing.org:80
2025-08-13 02:23:04,938 INFO  [org.apa.kaf.cli.pro.ProducerConfig] (main) ProducerConfig values: 
	acks = -1
	auto.include.jmx.reporter = true
	batch.size = 16384
	bootstrap.servers = [PLAINTEXT://localhost:32769]
	buffer.memory = 33554432
	client.dns.lookup = use_all_dns_ips
	client.id = Producer-topic-a5147f85_80d4_4ada_abaf_c9f12aa46230
	compression.gzip.level = -1
	compression.lz4.level = 9
	compression.type = none
	compression.zstd.level = 3
	connections.max.idle.ms = 10000
	delivery.timeout.ms = 120000
	enable.idempotence = true
	enable.metrics.push = true
	interceptor.classes = []
	key.serializer = class org.apache.kafka.common.serialization.StringSerializer
	linger.ms = 0
	max.block.ms = 60000
	max.in.flight.requests.per.connection = 5
	max.request.size = 1048576
	metadata.max.age.ms = 300000
	metadata.max.idle.ms = 300000
	metadata.recovery.strategy = none
	metric.reporters = []
	metrics.num.samples = 2
	metrics.recording.level = INFO
	metrics.sample.window.ms = 30000
	partitioner.adaptive.partitioning.enable = true
	partitioner.availability.timeout.ms = 0
	partitioner.class = null
	partitioner.ignore.keys = false
	receive.buffer.bytes = 32768
	reconnect.backoff.max.ms = 1000
	reconnect.backoff.ms = 50
	request.timeout.ms = 5000
	retries = 2147483647
	retry.backoff.max.ms = 1000
	retry.backoff.ms = 100
	sasl.client.callback.handler.class = null
	sasl.jaas.config = null
	sasl.kerberos.kinit.cmd = /usr/bin/kinit
	sasl.kerberos.min.time.before.relogin = 60000
	sasl.kerberos.service.name = null
	sasl.kerberos.ticket.renew.jitter = 0.05
	sasl.kerberos.ticket.renew.window.factor = 0.8
	sasl.login.callback.handler.class = null
	sasl.login.class = null
	sasl.login.connect.timeout.ms = null
	sasl.login.read.timeout.ms = null
	sasl.login.refresh.buffer.seconds = 300
	sasl.login.refresh.min.period.seconds = 60
	sasl.login.refresh.window.factor = 0.8
	sasl.login.refresh.window.jitter = 0.05
	sasl.login.retry.backoff.max.ms = 10000
	sasl.login.retry.backoff.ms = 100
	sasl.mechanism = GSSAPI
	sasl.oauthbearer.clock.skew.seconds = 30
	sasl.oauthbearer.expected.audience = null
	sasl.oauthbearer.expected.issuer = null
	sasl.oauthbearer.header.urlencode = false
	sasl.oauthbearer.jwks.endpoint.refresh.ms = 3600000
	sasl.oauthbearer.jwks.endpoint.retry.backoff.max.ms = 10000
	sasl.oauthbearer.jwks.endpoint.retry.backoff.ms = 100
	sasl.oauthbearer.jwks.endpoint.url = null
	sasl.oauthbearer.scope.claim.name = scope
	sasl.oauthbearer.sub.claim.name = sub
	sasl.oauthbearer.token.endpoint.url = null
	security.protocol = PLAINTEXT
	security.providers = null
	send.buffer.bytes = 131072
	socket.connection.setup.timeout.max.ms = 30000
	socket.connection.setup.timeout.ms = 10000
	ssl.cipher.suites = null
	ssl.enabled.protocols = [TLSv1.2, TLSv1.3]
	ssl.endpoint.identification.algorithm = https
	ssl.engine.factory.class = null
	ssl.key.password = null
	ssl.keymanager.algorithm = SunX509
	ssl.keystore.certificate.chain = null
	ssl.keystore.key = null
	ssl.keystore.location = null
	ssl.keystore.password = null
	ssl.keystore.type = JKS
	ssl.protocol = TLSv1.3
	ssl.provider = null
	ssl.secure.random.implementation = null
	ssl.trustmanager.algorithm = PKIX
	ssl.truststore.certificates = null
	ssl.truststore.location = null
	ssl.truststore.password = null
	ssl.truststore.type = JKS
	transaction.timeout.ms = 60000
	transactional.id = null
	value.serializer = class io.apicurio.registry.serde.avro.AvroKafkaSerializer

2025-08-13 02:23:04,938 INFO  [org.apa.kaf.com.tel.int.KafkaMetricsCollector] (main) initializing Kafka metrics collector
2025-08-13 02:23:04,942 INFO  [org.apa.kaf.cli.pro.KafkaProducer] (main) [Producer clientId=Producer-topic-a5147f85_80d4_4ada_abaf_c9f12aa46230] Instantiated an idempotent producer.
2025-08-13 02:23:04,946 INFO  [org.apa.kaf.cli.pro.ProducerConfig] (main) These configurations '[apicurio.registry.url, apicurio.registry.auto-register, apicurio.registry.use-id, apicurio.registry.artifact-resolver-strategy]' were supplied but are not used yet.
2025-08-13 02:23:04,946 INFO  [org.apa.kaf.com.uti.AppInfoParser] (main) Kafka version: 3.9.1
2025-08-13 02:23:04,946 INFO  [org.apa.kaf.com.uti.AppInfoParser] (main) Kafka commitId: f745dfdcee2b9851
2025-08-13 02:23:04,946 INFO  [org.apa.kaf.com.uti.AppInfoParser] (main) Kafka startTimeMs: 1755051784946
2025-08-13 02:23:04,946 INFO  [io.api.tes.ser.api.SimpleSerdesTesterBuilder$SimpleSerdesTester] (main) Using producer configuration: {apicurio.registry.url=http://registry-app-ksql043.apps.ci419.apicurio-testing.org:80/apis/registry/v3, apicurio.registry.auto-register=true, apicurio.registry.use-id=globalId, apicurio.registry.artifact-resolver-strategy=io.apicurio.registry.serde.strategy.TopicIdStrategy, value.serializer=io.apicurio.registry.serde.avro.AvroKafkaSerializer, request.timeout.ms=5000, acks=all, bootstrap.servers=PLAINTEXT://localhost:32769, connections.max.idle.ms=10000, key.serializer=org.apache.kafka.common.serialization.StringSerializer, client.id=Producer-topic-a5147f85_80d4_4ada_abaf_c9f12aa46230}
2025-08-13 02:23:04,946 INFO  [io.api.tes.ser.api.SimpleSerdesTesterBuilder$SimpleSerdesTester] (main) Using consumer configuration: {apicurio.registry.use-id=globalId}
2025-08-13 02:23:04,946 INFO  [io.api.tes.ser.api.KafkaSerdesTester] (Thread-741) Sending message {"key11755051784927": "value-0"} to topic topic-a5147f85_80d4_4ada_abaf_c9f12aa46230
2025-08-13 02:23:04,951 WARN  [org.apa.kaf.cli.NetworkClient] (kafka-producer-network-thread | Producer-topic-a5147f85_80d4_4ada_abaf_c9f12aa46230) [Producer clientId=Producer-topic-a5147f85_80d4_4ada_abaf_c9f12aa46230] The metadata response from the cluster reported a recoverable issue with correlation id 1 : {topic-a5147f85_80d4_4ada_abaf_c9f12aa46230=UNKNOWN_TOPIC_OR_PARTITION}
2025-08-13 02:23:04,951 INFO  [org.apa.kaf.cli.Metadata] (kafka-producer-network-thread | Producer-topic-a5147f85_80d4_4ada_abaf_c9f12aa46230) [Producer clientId=Producer-topic-a5147f85_80d4_4ada_abaf_c9f12aa46230] Cluster ID: pj3cISz0Q0OVF0qikwHveQ
2025-08-13 02:23:04,951 INFO  [org.apa.kaf.cli.pro.int.TransactionManager] (kafka-producer-network-thread | Producer-topic-a5147f85_80d4_4ada_abaf_c9f12aa46230) [Producer clientId=Producer-topic-a5147f85_80d4_4ada_abaf_c9f12aa46230] ProducerId set to 25 with epoch 0
2025-08-13 02:23:05,131 INFO  [io.api.tes.ser.api.KafkaSerdesTester] (Thread-741) Sending message {"key11755051784927": "value-1"} to topic topic-a5147f85_80d4_4ada_abaf_c9f12aa46230
2025-08-13 02:23:05,135 INFO  [io.api.tes.ser.api.KafkaSerdesTester] (Thread-741) Sending message {"key11755051784927": "value-2"} to topic topic-a5147f85_80d4_4ada_abaf_c9f12aa46230
2025-08-13 02:23:05,138 INFO  [io.api.tes.ser.api.KafkaSerdesTester] (Thread-741) Sending message {"key11755051784927": "value-3"} to topic topic-a5147f85_80d4_4ada_abaf_c9f12aa46230
2025-08-13 02:23:05,141 INFO  [io.api.tes.ser.api.KafkaSerdesTester] (Thread-741) Sending message {"key11755051784927": "value-4"} to topic topic-a5147f85_80d4_4ada_abaf_c9f12aa46230
2025-08-13 02:23:05,143 INFO  [io.api.tes.ser.api.KafkaSerdesTester] (Thread-741) Sending message {"key11755051784927": "value-5"} to topic topic-a5147f85_80d4_4ada_abaf_c9f12aa46230
2025-08-13 02:23:05,145 INFO  [io.api.tes.ser.api.KafkaSerdesTester] (Thread-741) Sending message {"key11755051784927": "value-6"} to topic topic-a5147f85_80d4_4ada_abaf_c9f12aa46230
2025-08-13 02:23:05,150 INFO  [io.api.tes.ser.api.KafkaSerdesTester] (Thread-741) Sending message {"key11755051784927": "value-7"} to topic topic-a5147f85_80d4_4ada_abaf_c9f12aa46230
2025-08-13 02:23:05,151 INFO  [io.api.tes.ser.api.KafkaSerdesTester] (Thread-741) Sending message {"key11755051784927": "value-8"} to topic topic-a5147f85_80d4_4ada_abaf_c9f12aa46230
2025-08-13 02:23:05,154 INFO  [io.api.tes.ser.api.KafkaSerdesTester] (Thread-741) Sending message {"key11755051784927": "value-9"} to topic topic-a5147f85_80d4_4ada_abaf_c9f12aa46230
2025-08-13 02:23:05,156 INFO  [io.api.tes.ser.api.KafkaSerdesTester] (Thread-741) Produced 10 messages
2025-08-13 02:23:05,156 INFO  [org.apa.kaf.cli.pro.KafkaProducer] (Thread-741) [Producer clientId=Producer-topic-a5147f85_80d4_4ada_abaf_c9f12aa46230] Closing the Kafka producer with timeoutMillis = 9223372036854775807 ms.
2025-08-13 02:23:05,159 INFO  [org.apa.kaf.com.met.Metrics] (Thread-741) Metrics scheduler closed
2025-08-13 02:23:05,159 INFO  [org.apa.kaf.com.met.Metrics] (Thread-741) Closing reporter org.apache.kafka.common.metrics.JmxReporter
2025-08-13 02:23:05,159 INFO  [org.apa.kaf.com.met.Metrics] (Thread-741) Closing reporter org.apache.kafka.common.telemetry.internals.ClientTelemetryReporter
2025-08-13 02:23:05,159 INFO  [org.apa.kaf.com.met.Metrics] (Thread-741) Metrics reporters closed
2025-08-13 02:23:05,160 INFO  [org.apa.kaf.com.uti.AppInfoParser] (Thread-741) App info kafka.producer for Producer-topic-a5147f85_80d4_4ada_abaf_c9f12aa46230 unregistered
**** Registry Base URL: http://registry-app-ksql043.apps.ci419.apicurio-testing.org:80
2025-08-13 02:23:05,181 INFO  [org.apa.kaf.cli.con.ConsumerConfig] (main) ConsumerConfig values: 
	allow.auto.create.topics = true
	auto.commit.interval.ms = 500
	auto.include.jmx.reporter = true
	auto.offset.reset = earliest
	bootstrap.servers = [PLAINTEXT://localhost:32769]
	check.crcs = true
	client.dns.lookup = use_all_dns_ips
	client.id = consumer-Consumer-topic-a5147f85_80d4_4ada_abaf_c9f12aa46230-18
	client.rack = 
	connections.max.idle.ms = 10000
	default.api.timeout.ms = 60000
	enable.auto.commit = true
	enable.metrics.push = true
	exclude.internal.topics = true
	fetch.max.bytes = 52428800
	fetch.max.wait.ms = 500
	fetch.min.bytes = 1
	group.id = Consumer-topic-a5147f85_80d4_4ada_abaf_c9f12aa46230
	group.instance.id = null
	group.protocol = classic
	group.remote.assignor = null
	heartbeat.interval.ms = 3000
	interceptor.classes = []
	internal.leave.group.on.close = true
	internal.throw.on.fetch.stable.offset.unsupported = false
	isolation.level = read_uncommitted
	key.deserializer = class org.apache.kafka.common.serialization.StringDeserializer
	max.partition.fetch.bytes = 1048576
	max.poll.interval.ms = 300000
	max.poll.records = 500
	metadata.max.age.ms = 300000
	metadata.recovery.strategy = none
	metric.reporters = []
	metrics.num.samples = 2
	metrics.recording.level = INFO
	metrics.sample.window.ms = 30000
	partition.assignment.strategy = [class org.apache.kafka.clients.consumer.RangeAssignor, class org.apache.kafka.clients.consumer.CooperativeStickyAssignor]
	receive.buffer.bytes = 65536
	reconnect.backoff.max.ms = 1000
	reconnect.backoff.ms = 50
	request.timeout.ms = 5000
	retry.backoff.max.ms = 1000
	retry.backoff.ms = 100
	sasl.client.callback.handler.class = null
	sasl.jaas.config = null
	sasl.kerberos.kinit.cmd = /usr/bin/kinit
	sasl.kerberos.min.time.before.relogin = 60000
	sasl.kerberos.service.name = null
	sasl.kerberos.ticket.renew.jitter = 0.05
	sasl.kerberos.ticket.renew.window.factor = 0.8
	sasl.login.callback.handler.class = null
	sasl.login.class = null
	sasl.login.connect.timeout.ms = null
	sasl.login.read.timeout.ms = null
	sasl.login.refresh.buffer.seconds = 300
	sasl.login.refresh.min.period.seconds = 60
	sasl.login.refresh.window.factor = 0.8
	sasl.login.refresh.window.jitter = 0.05
	sasl.login.retry.backoff.max.ms = 10000
	sasl.login.retry.backoff.ms = 100
	sasl.mechanism = GSSAPI
	sasl.oauthbearer.clock.skew.seconds = 30
	sasl.oauthbearer.expected.audience = null
	sasl.oauthbearer.expected.issuer = null
	sasl.oauthbearer.header.urlencode = false
	sasl.oauthbearer.jwks.endpoint.refresh.ms = 3600000
	sasl.oauthbearer.jwks.endpoint.retry.backoff.max.ms = 10000
	sasl.oauthbearer.jwks.endpoint.retry.backoff.ms = 100
	sasl.oauthbearer.jwks.endpoint.url = null
	sasl.oauthbearer.scope.claim.name = scope
	sasl.oauthbearer.sub.claim.name = sub
	sasl.oauthbearer.token.endpoint.url = null
	security.protocol = PLAINTEXT
	security.providers = null
	send.buffer.bytes = 131072
	session.timeout.ms = 45000
	socket.connection.setup.timeout.max.ms = 30000
	socket.connection.setup.timeout.ms = 10000
	ssl.cipher.suites = null
	ssl.enabled.protocols = [TLSv1.2, TLSv1.3]
	ssl.endpoint.identification.algorithm = https
	ssl.engine.factory.class = null
	ssl.key.password = null
	ssl.keymanager.algorithm = SunX509
	ssl.keystore.certificate.chain = null
	ssl.keystore.key = null
	ssl.keystore.location = null
	ssl.keystore.password = null
	ssl.keystore.type = JKS
	ssl.protocol = TLSv1.3
	ssl.provider = null
	ssl.secure.random.implementation = null
	ssl.trustmanager.algorithm = PKIX
	ssl.truststore.certificates = null
	ssl.truststore.location = null
	ssl.truststore.password = null
	ssl.truststore.type = JKS
	value.deserializer = class io.apicurio.registry.serde.avro.AvroKafkaDeserializer

2025-08-13 02:23:05,181 INFO  [org.apa.kaf.com.tel.int.KafkaMetricsCollector] (main) initializing Kafka metrics collector
2025-08-13 02:23:05,186 INFO  [org.apa.kaf.cli.con.ConsumerConfig] (main) These configurations '[apicurio.registry.url, apicurio.registry.use-id]' were supplied but are not used yet.
2025-08-13 02:23:05,186 INFO  [org.apa.kaf.com.uti.AppInfoParser] (main) Kafka version: 3.9.1
2025-08-13 02:23:05,186 INFO  [org.apa.kaf.com.uti.AppInfoParser] (main) Kafka commitId: f745dfdcee2b9851
2025-08-13 02:23:05,186 INFO  [org.apa.kaf.com.uti.AppInfoParser] (main) Kafka startTimeMs: 1755051785186
2025-08-13 02:23:05,186 INFO  [org.apa.kaf.cli.con.int.ClassicKafkaConsumer] (Thread-744) [Consumer clientId=consumer-Consumer-topic-a5147f85_80d4_4ada_abaf_c9f12aa46230-18, groupId=Consumer-topic-a5147f85_80d4_4ada_abaf_c9f12aa46230] Subscribed to topic(s): topic-a5147f85_80d4_4ada_abaf_c9f12aa46230
2025-08-13 02:23:05,191 INFO  [org.apa.kaf.cli.Metadata] (Thread-744) [Consumer clientId=consumer-Consumer-topic-a5147f85_80d4_4ada_abaf_c9f12aa46230-18, groupId=Consumer-topic-a5147f85_80d4_4ada_abaf_c9f12aa46230] Cluster ID: pj3cISz0Q0OVF0qikwHveQ
2025-08-13 02:23:05,192 INFO  [org.apa.kaf.cli.con.int.ConsumerCoordinator] (Thread-744) [Consumer clientId=consumer-Consumer-topic-a5147f85_80d4_4ada_abaf_c9f12aa46230-18, groupId=Consumer-topic-a5147f85_80d4_4ada_abaf_c9f12aa46230] Discovered group coordinator localhost:32769 (id: 2147483647 rack: null)
2025-08-13 02:23:05,193 INFO  [org.apa.kaf.cli.con.int.ConsumerCoordinator] (Thread-744) [Consumer clientId=consumer-Consumer-topic-a5147f85_80d4_4ada_abaf_c9f12aa46230-18, groupId=Consumer-topic-a5147f85_80d4_4ada_abaf_c9f12aa46230] (Re-)joining group
2025-08-13 02:23:05,196 INFO  [org.apa.kaf.cli.con.int.ConsumerCoordinator] (Thread-744) [Consumer clientId=consumer-Consumer-topic-a5147f85_80d4_4ada_abaf_c9f12aa46230-18, groupId=Consumer-topic-a5147f85_80d4_4ada_abaf_c9f12aa46230] Request joining group due to: need to re-join with the given member-id: consumer-Consumer-topic-a5147f85_80d4_4ada_abaf_c9f12aa46230-18-e3305268-5e5e-4eb2-8302-015ac18fd5b7
2025-08-13 02:23:05,196 INFO  [org.apa.kaf.cli.con.int.ConsumerCoordinator] (Thread-744) [Consumer clientId=consumer-Consumer-topic-a5147f85_80d4_4ada_abaf_c9f12aa46230-18, groupId=Consumer-topic-a5147f85_80d4_4ada_abaf_c9f12aa46230] (Re-)joining group
2025-08-13 02:23:06,186 INFO  [io.api.tes.ser.api.KafkaSerdesTester] (Thread-744) None found
2025-08-13 02:23:07,186 INFO  [io.api.tes.ser.api.KafkaSerdesTester] (Thread-744) None found
2025-08-13 02:23:08,186 INFO  [io.api.tes.ser.api.KafkaSerdesTester] (Thread-744) None found
2025-08-13 02:23:08,199 INFO  [org.apa.kaf.cli.con.int.ConsumerCoordinator] (Thread-744) [Consumer clientId=consumer-Consumer-topic-a5147f85_80d4_4ada_abaf_c9f12aa46230-18, groupId=Consumer-topic-a5147f85_80d4_4ada_abaf_c9f12aa46230] Successfully joined group with generation Generation{generationId=1, memberId='consumer-Consumer-topic-a5147f85_80d4_4ada_abaf_c9f12aa46230-18-e3305268-5e5e-4eb2-8302-015ac18fd5b7', protocol='range'}
2025-08-13 02:23:08,200 INFO  [org.apa.kaf.cli.con.int.ConsumerCoordinator] (Thread-744) [Consumer clientId=consumer-Consumer-topic-a5147f85_80d4_4ada_abaf_c9f12aa46230-18, groupId=Consumer-topic-a5147f85_80d4_4ada_abaf_c9f12aa46230] Finished assignment for group at generation 1: {consumer-Consumer-topic-a5147f85_80d4_4ada_abaf_c9f12aa46230-18-e3305268-5e5e-4eb2-8302-015ac18fd5b7=Assignment(partitions=[topic-a5147f85_80d4_4ada_abaf_c9f12aa46230-0])}
2025-08-13 02:23:08,206 INFO  [org.apa.kaf.cli.con.int.ConsumerCoordinator] (Thread-744) [Consumer clientId=consumer-Consumer-topic-a5147f85_80d4_4ada_abaf_c9f12aa46230-18, groupId=Consumer-topic-a5147f85_80d4_4ada_abaf_c9f12aa46230] Successfully synced group in generation Generation{generationId=1, memberId='consumer-Consumer-topic-a5147f85_80d4_4ada_abaf_c9f12aa46230-18-e3305268-5e5e-4eb2-8302-015ac18fd5b7', protocol='range'}
2025-08-13 02:23:08,206 INFO  [org.apa.kaf.cli.con.int.ConsumerCoordinator] (Thread-744) [Consumer clientId=consumer-Consumer-topic-a5147f85_80d4_4ada_abaf_c9f12aa46230-18, groupId=Consumer-topic-a5147f85_80d4_4ada_abaf_c9f12aa46230] Notifying assignor about the new Assignment(partitions=[topic-a5147f85_80d4_4ada_abaf_c9f12aa46230-0])
2025-08-13 02:23:08,206 INFO  [org.apa.kaf.cli.con.int.ConsumerRebalanceListenerInvoker] (Thread-744) [Consumer clientId=consumer-Consumer-topic-a5147f85_80d4_4ada_abaf_c9f12aa46230-18, groupId=Consumer-topic-a5147f85_80d4_4ada_abaf_c9f12aa46230] Adding newly assigned partitions: topic-a5147f85_80d4_4ada_abaf_c9f12aa46230-0
2025-08-13 02:23:08,207 INFO  [org.apa.kaf.cli.con.int.ConsumerCoordinator] (Thread-744) [Consumer clientId=consumer-Consumer-topic-a5147f85_80d4_4ada_abaf_c9f12aa46230-18, groupId=Consumer-topic-a5147f85_80d4_4ada_abaf_c9f12aa46230] Found no committed offset for partition topic-a5147f85_80d4_4ada_abaf_c9f12aa46230-0
2025-08-13 02:23:08,210 INFO  [org.apa.kaf.cli.con.int.SubscriptionState] (Thread-744) [Consumer clientId=consumer-Consumer-topic-a5147f85_80d4_4ada_abaf_c9f12aa46230-18, groupId=Consumer-topic-a5147f85_80d4_4ada_abaf_c9f12aa46230] Resetting offset for partition topic-a5147f85_80d4_4ada_abaf_c9f12aa46230-0 to position FetchPosition{offset=0, offsetEpoch=Optional.empty, currentLeader=LeaderAndEpoch{leader=Optional[localhost:32769 (id: 0 rack: null)], epoch=0}}.
2025-08-13 02:23:08,236 INFO  [io.api.tes.ser.api.KafkaSerdesTester] (Thread-744) topic-a5147f85_80d4_4ada_abaf_c9f12aa46230 0 0 {"key11755051784927": "value-0"}
2025-08-13 02:23:08,236 INFO  [io.api.tes.ser.api.KafkaSerdesTester] (Thread-744) topic-a5147f85_80d4_4ada_abaf_c9f12aa46230 0 1 {"key11755051784927": "value-1"}
2025-08-13 02:23:08,236 INFO  [io.api.tes.ser.api.KafkaSerdesTester] (Thread-744) topic-a5147f85_80d4_4ada_abaf_c9f12aa46230 0 2 {"key11755051784927": "value-2"}
2025-08-13 02:23:08,236 INFO  [io.api.tes.ser.api.KafkaSerdesTester] (Thread-744) topic-a5147f85_80d4_4ada_abaf_c9f12aa46230 0 3 {"key11755051784927": "value-3"}
2025-08-13 02:23:08,236 INFO  [io.api.tes.ser.api.KafkaSerdesTester] (Thread-744) topic-a5147f85_80d4_4ada_abaf_c9f12aa46230 0 4 {"key11755051784927": "value-4"}
2025-08-13 02:23:08,236 INFO  [io.api.tes.ser.api.KafkaSerdesTester] (Thread-744) topic-a5147f85_80d4_4ada_abaf_c9f12aa46230 0 5 {"key11755051784927": "value-5"}
2025-08-13 02:23:08,236 INFO  [io.api.tes.ser.api.KafkaSerdesTester] (Thread-744) topic-a5147f85_80d4_4ada_abaf_c9f12aa46230 0 6 {"key11755051784927": "value-6"}
2025-08-13 02:23:08,236 INFO  [io.api.tes.ser.api.KafkaSerdesTester] (Thread-744) topic-a5147f85_80d4_4ada_abaf_c9f12aa46230 0 7 {"key11755051784927": "value-7"}
2025-08-13 02:23:08,236 INFO  [io.api.tes.ser.api.KafkaSerdesTester] (Thread-744) topic-a5147f85_80d4_4ada_abaf_c9f12aa46230 0 8 {"key11755051784927": "value-8"}
2025-08-13 02:23:08,236 INFO  [io.api.tes.ser.api.KafkaSerdesTester] (Thread-744) topic-a5147f85_80d4_4ada_abaf_c9f12aa46230 0 9 {"key11755051784927": "value-9"}
2025-08-13 02:23:08,236 INFO  [io.api.tes.ser.api.KafkaSerdesTester] (Thread-744) Consumed 10 messages
2025-08-13 02:23:08,243 INFO  [org.apa.kaf.cli.con.int.ConsumerRebalanceListenerInvoker] (Thread-744) [Consumer clientId=consumer-Consumer-topic-a5147f85_80d4_4ada_abaf_c9f12aa46230-18, groupId=Consumer-topic-a5147f85_80d4_4ada_abaf_c9f12aa46230] Revoke previously assigned partitions topic-a5147f85_80d4_4ada_abaf_c9f12aa46230-0
2025-08-13 02:23:08,243 INFO  [org.apa.kaf.cli.con.int.ConsumerCoordinator] (Thread-744) [Consumer clientId=consumer-Consumer-topic-a5147f85_80d4_4ada_abaf_c9f12aa46230-18, groupId=Consumer-topic-a5147f85_80d4_4ada_abaf_c9f12aa46230] Member consumer-Consumer-topic-a5147f85_80d4_4ada_abaf_c9f12aa46230-18-e3305268-5e5e-4eb2-8302-015ac18fd5b7 sending LeaveGroup request to coordinator localhost:32769 (id: 2147483647 rack: null) due to the consumer is being closed
2025-08-13 02:23:08,244 INFO  [org.apa.kaf.cli.con.int.ConsumerCoordinator] (Thread-744) [Consumer clientId=consumer-Consumer-topic-a5147f85_80d4_4ada_abaf_c9f12aa46230-18, groupId=Consumer-topic-a5147f85_80d4_4ada_abaf_c9f12aa46230] Resetting generation and member id due to: consumer pro-actively leaving the group
2025-08-13 02:23:08,244 INFO  [org.apa.kaf.cli.con.int.ConsumerCoordinator] (Thread-744) [Consumer clientId=consumer-Consumer-topic-a5147f85_80d4_4ada_abaf_c9f12aa46230-18, groupId=Consumer-topic-a5147f85_80d4_4ada_abaf_c9f12aa46230] Request joining group due to: consumer pro-actively leaving the group
2025-08-13 02:23:08,737 INFO  [org.apa.kaf.com.met.Metrics] (Thread-744) Metrics scheduler closed
2025-08-13 02:23:08,738 INFO  [org.apa.kaf.com.met.Metrics] (Thread-744) Closing reporter org.apache.kafka.common.metrics.JmxReporter
2025-08-13 02:23:08,738 INFO  [org.apa.kaf.com.met.Metrics] (Thread-744) Closing reporter org.apache.kafka.common.telemetry.internals.ClientTelemetryReporter
2025-08-13 02:23:08,738 INFO  [org.apa.kaf.com.met.Metrics] (Thread-744) Metrics reporters closed
2025-08-13 02:23:08,739 INFO  [org.apa.kaf.com.uti.AppInfoParser] (Thread-744) App info kafka.consumer for consumer-Consumer-topic-a5147f85_80d4_4ada_abaf_c9f12aa46230-18 unregistered
2025-08-13 02:23:08,740 INFO  [io.api.tes.uti.TestSeparator] (main) io.apicurio.tests.serdes.apicurio.AvroSerdeIT.testGlobalIdInBody-FINISHED
2025-08-13 02:23:08,740 INFO  [io.api.tes.uti.TestSeparator] (main) ############################################################################
Test passed: testGlobalIdInBody
]]></system-out>
  </testcase>
  <testcase name="testProducerUsesGlobalIdConsumerUsesDefault" classname="io.apicurio.tests.serdes.apicurio.AvroSerdeIT" time="0.0">
    <skipped message="void io.apicurio.tests.serdes.apicurio.AvroSerdeIT.testProducerUsesGlobalIdConsumerUsesDefault() throws java.lang.Exception is @Disabled"/>
  </testcase>
</testsuite>