<?xml version="1.0" encoding="UTF-8"?>
<testsuite xmlns:xsi="http://www.w3.org/2001/XMLSchema-instance" xsi:noNamespaceSchemaLocation="https://maven.apache.org/surefire/maven-failsafe-plugin/xsd/failsafe-test-report.xsd" version="3.0.2" name="io.apicurio.tests.serdes.apicurio.ProtobufSerdeIT" time="57.656" tests="17" errors="0" skipped="0" failures="0">
  <properties>
    <property name="java.specification.version" value="17"/>
    <property name="sun.jnu.encoding" value="UTF-8"/>
    <property name="java.class.path" value="/home/runner/work/apicurio-testing/apicurio-testing/clusters/ci419/namespaces/ksql043/tests/integration/apicurio-registry/integration-tests/target/test-classes:/home/runner/work/apicurio-testing/apicurio-testing/clusters/ci419/namespaces/ksql043/tests/integration/apicurio-registry/integration-tests/target/apicurio-registry-integration-tests-3.0.12-SNAPSHOT.jar:/home/runner/.m2/repository/io/quarkus/quarkus-junit5/3.20.2/quarkus-junit5-3.20.2.jar:/home/runner/.m2/repository/io/quarkus/quarkus-bootstrap-core/3.20.2/quarkus-bootstrap-core-3.20.2.jar:/home/runner/.m2/repository/io/quarkus/quarkus-classloader-commons/3.20.2/quarkus-classloader-commons-3.20.2.jar:/home/runner/.m2/repository/io/quarkus/quarkus-bootstrap-app-model/3.20.2/quarkus-bootstrap-app-model-3.20.2.jar:/home/runner/.m2/repository/io/smallrye/common/smallrye-common-io/2.12.0/smallrye-common-io-2.12.0.jar:/home/runner/.m2/repository/org/eclipse/sisu/org.eclipse.sisu.inject/0.9.0.M3/org.eclipse.sisu.inject-0.9.0.M3.jar:/home/runner/.m2/repository/io/quarkus/quarkus-test-common/3.20.2/quarkus-test-common-3.20.2.jar:/home/runner/.m2/repository/io/quarkus/quarkus-core-deployment/3.20.2/quarkus-core-deployment-3.20.2.jar:/home/runner/.m2/repository/org/aesh/readline/2.6/readline-2.6.jar:/home/runner/.m2/repository/org/fusesource/jansi/jansi/2.4.0/jansi-2.4.0.jar:/home/runner/.m2/repository/org/aesh/aesh/2.8.2/aesh-2.8.2.jar:/home/runner/.m2/repository/io/quarkus/gizmo/gizmo/1.8.0/gizmo-1.8.0.jar:/home/runner/.m2/repository/org/ow2/asm/asm-util/9.7.1/asm-util-9.7.1.jar:/home/runner/.m2/repository/org/ow2/asm/asm-analysis/9.7.1/asm-analysis-9.7.1.jar:/home/runner/.m2/repository/org/ow2/asm/asm-commons/9.7.1/asm-commons-9.7.1.jar:/home/runner/.m2/repository/org/ow2/asm/asm-tree/9.7.1/asm-tree-9.7.1.jar:/home/runner/.m2/repository/io/quarkus/quarkus-hibernate-validator-spi/3.20.2/quarkus-hibernate-validator-spi-3.20.2.jar:/home/runner/.m2/repository/io/quarkus/quarkus-class-change-agent/3.20.2/quarkus-class-change-agent-3.20.2.jar:/home/runner/.m2/repository/io/quarkus/quarkus-devtools-utilities/3.20.2/quarkus-devtools-utilities-3.20.2.jar:/home/runner/.m2/repository/io/quarkus/quarkus-builder/3.20.2/quarkus-builder-3.20.2.jar:/home/runner/.m2/repository/org/graalvm/sdk/nativeimage/23.1.2/nativeimage-23.1.2.jar:/home/runner/.m2/repository/org/graalvm/sdk/word/23.1.2/word-23.1.2.jar:/home/runner/.m2/repository/io/quarkus/quarkus-bootstrap-maven-resolver/3.20.2/quarkus-bootstrap-maven-resolver-3.20.2.jar:/home/runner/.m2/repository/io/smallrye/beanbag/smallrye-beanbag-maven/1.5.2/smallrye-beanbag-maven-1.5.2.jar:/home/runner/.m2/repository/io/smallrye/beanbag/smallrye-beanbag-sisu/1.5.2/smallrye-beanbag-sisu-1.5.2.jar:/home/runner/.m2/repository/io/smallrye/beanbag/smallrye-beanbag/1.5.2/smallrye-beanbag-1.5.2.jar:/home/runner/.m2/repository/javax/inject/javax.inject/1/javax.inject-1.jar:/home/runner/.m2/repository/org/apache/maven/maven-artifact/3.9.9/maven-artifact-3.9.9.jar:/home/runner/.m2/repository/org/apache/maven/maven-builder-support/3.9.9/maven-builder-support-3.9.9.jar:/home/runner/.m2/repository/org/apache/maven/maven-model/3.9.9/maven-model-3.9.9.jar:/home/runner/.m2/repository/org/apache/maven/maven-model-builder/3.9.9/maven-model-builder-3.9.9.jar:/home/runner/.m2/repository/org/apache/maven/maven-repository-metadata/3.9.9/maven-repository-metadata-3.9.9.jar:/home/runner/.m2/repository/org/apache/maven/maven-settings/3.9.9/maven-settings-3.9.9.jar:/home/runner/.m2/repository/org/apache/maven/resolver/maven-resolver-api/1.9.22/maven-resolver-api-1.9.22.jar:/home/runner/.m2/repository/org/apache/maven/resolver/maven-resolver-impl/1.9.22/maven-resolver-impl-1.9.22.jar:/home/runner/.m2/repository/org/apache/maven/resolver/maven-resolver-named-locks/1.9.22/maven-resolver-named-locks-1.9.22.jar:/home/runner/.m2/repository/org/apache/maven/resolver/maven-resolver-spi/1.9.22/maven-resolver-spi-1.9.22.jar:/home/runner/.m2/repository/org/apache/maven/resolver/maven-resolver-util/1.9.22/maven-resolver-util-1.9.22.jar:/home/runner/.m2/repository/org/apache/maven/resolver/maven-resolver-transport-http/1.9.20/maven-resolver-transport-http-1.9.20.jar:/home/runner/.m2/repository/org/apache/maven/wagon/wagon-provider-api/3.5.3/wagon-provider-api-3.5.3.jar:/home/runner/.m2/repository/org/apache/maven/wagon/wagon-http-shared/3.5.3/wagon-http-shared-3.5.3.jar:/home/runner/.m2/repository/org/codehaus/plexus/plexus-interpolation/1.26/plexus-interpolation-1.26.jar:/home/runner/.m2/repository/org/codehaus/plexus/plexus-utils/3.5.1/plexus-utils-3.5.1.jar:/home/runner/.m2/repository/org/codehaus/plexus/plexus-xml/4.0.1/plexus-xml-4.0.1.jar:/home/runner/.m2/repository/org/apache/maven/maven-xml-impl/4.0.0-alpha-5/maven-xml-impl-4.0.0-alpha-5.jar:/home/runner/.m2/repository/org/apache/maven/maven-api-xml/4.0.0-alpha-5/maven-api-xml-4.0.0-alpha-5.jar:/home/runner/.m2/repository/org/apache/maven/maven-api-meta/4.0.0-alpha-5/maven-api-meta-4.0.0-alpha-5.jar:/home/runner/.m2/repository/org/codehaus/plexus/plexus-cipher/2.0/plexus-cipher-2.0.jar:/home/runner/.m2/repository/org/codehaus/plexus/plexus-sec-dispatcher/2.0/plexus-sec-dispatcher-2.0.jar:/home/runner/.m2/repository/org/apache/maven/maven-embedder/3.9.9/maven-embedder-3.9.9.jar:/home/runner/.m2/repository/org/apache/maven/maven-core/3.9.9/maven-core-3.9.9.jar:/home/runner/.m2/repository/org/codehaus/plexus/plexus-component-annotations/2.1.0/plexus-component-annotations-2.1.0.jar:/home/runner/.m2/repository/org/apache/maven/maven-plugin-api/3.9.9/maven-plugin-api-3.9.9.jar:/home/runner/.m2/repository/org/apache/maven/shared/maven-shared-utils/3.4.2/maven-shared-utils-3.4.2.jar:/home/runner/.m2/repository/com/google/inject/guice/5.1.0/guice-5.1.0.jar:/home/runner/.m2/repository/aopalliance/aopalliance/1.0/aopalliance-1.0.jar:/home/runner/.m2/repository/org/codehaus/plexus/plexus-classworlds/2.6.0/plexus-classworlds-2.6.0.jar:/home/runner/.m2/repository/commons-cli/commons-cli/1.8.0/commons-cli-1.8.0.jar:/home/runner/.m2/repository/org/eclipse/sisu/org.eclipse.sisu.plexus/0.9.0.M3/org.eclipse.sisu.plexus-0.9.0.M3.jar:/home/runner/.m2/repository/org/apache/maven/maven-settings-builder/3.9.9/maven-settings-builder-3.9.9.jar:/home/runner/.m2/repository/org/apache/maven/maven-resolver-provider/3.9.9/maven-resolver-provider-3.9.9.jar:/home/runner/.m2/repository/org/apache/maven/resolver/maven-resolver-connector-basic/1.9.22/maven-resolver-connector-basic-1.9.22.jar:/home/runner/.m2/repository/org/apache/maven/resolver/maven-resolver-transport-wagon/1.9.22/maven-resolver-transport-wagon-1.9.22.jar:/home/runner/.m2/repository/org/apache/maven/wagon/wagon-http/3.5.3/wagon-http-3.5.3.jar:/home/runner/.m2/repository/org/apache/maven/wagon/wagon-file/3.5.3/wagon-file-3.5.3.jar:/home/runner/.m2/repository/io/quarkus/quarkus-bootstrap-gradle-resolver/3.20.2/quarkus-bootstrap-gradle-resolver-3.20.2.jar:/home/runner/.m2/repository/io/smallrye/jandex/3.3.0/jandex-3.3.0.jar:/home/runner/.m2/repository/org/jboss/logging/commons-logging-jboss-logging/1.0.0.Final/commons-logging-jboss-logging-1.0.0.Final.jar:/home/runner/.m2/repository/io/quarkus/quarkus-junit5-config/3.20.2/quarkus-junit5-config-3.20.2.jar:/home/runner/.m2/repository/org/junit/jupiter/junit-jupiter-api/5.12.1/junit-jupiter-api-5.12.1.jar:/home/runner/.m2/repository/io/smallrye/config/smallrye-config/3.11.4/smallrye-config-3.11.4.jar:/home/runner/.m2/repository/io/smallrye/config/smallrye-config-core/3.11.4/smallrye-config-core-3.11.4.jar:/home/runner/.m2/repository/io/smallrye/common/smallrye-common-classloader/2.12.0/smallrye-common-classloader-2.12.0.jar:/home/runner/.m2/repository/io/smallrye/config/smallrye-config-common/3.11.4/smallrye-config-common-3.11.4.jar:/home/runner/.m2/repository/org/junit/jupiter/junit-jupiter/5.12.1/junit-jupiter-5.12.1.jar:/home/runner/.m2/repository/org/junit/jupiter/junit-jupiter-params/5.12.1/junit-jupiter-params-5.12.1.jar:/home/runner/.m2/repository/org/junit/jupiter/junit-jupiter-engine/5.12.1/junit-jupiter-engine-5.12.1.jar:/home/runner/.m2/repository/io/quarkus/quarkus-core/3.20.2/quarkus-core-3.20.2.jar:/home/runner/.m2/repository/jakarta/enterprise/jakarta.enterprise.cdi-api/4.1.0/jakarta.enterprise.cdi-api-4.1.0.jar:/home/runner/.m2/repository/jakarta/enterprise/jakarta.enterprise.lang-model/4.1.0/jakarta.enterprise.lang-model-4.1.0.jar:/home/runner/.m2/repository/jakarta/el/jakarta.el-api/5.0.1/jakarta.el-api-5.0.1.jar:/home/runner/.m2/repository/jakarta/interceptor/jakarta.interceptor-api/2.2.0/jakarta.interceptor-api-2.2.0.jar:/home/runner/.m2/repository/jakarta/inject/jakarta.inject-api/2.0.1/jakarta.inject-api-2.0.1.jar:/home/runner/.m2/repository/io/smallrye/common/smallrye-common-os/2.12.0/smallrye-common-os-2.12.0.jar:/home/runner/.m2/repository/io/quarkus/quarkus-ide-launcher/3.20.2/quarkus-ide-launcher-3.20.2.jar:/home/runner/.m2/repository/io/quarkus/quarkus-development-mode-spi/3.20.2/quarkus-development-mode-spi-3.20.2.jar:/home/runner/.m2/repository/org/jboss/logging/jboss-logging/3.6.1.Final/jboss-logging-3.6.1.Final.jar:/home/runner/.m2/repository/org/jboss/logmanager/jboss-logmanager/3.1.2.Final/jboss-logmanager-3.1.2.Final.jar:/home/runner/.m2/repository/io/smallrye/common/smallrye-common-constraint/2.12.0/smallrye-common-constraint-2.12.0.jar:/home/runner/.m2/repository/io/smallrye/common/smallrye-common-cpu/2.12.0/smallrye-common-cpu-2.12.0.jar:/home/runner/.m2/repository/io/smallrye/common/smallrye-common-expression/2.12.0/smallrye-common-expression-2.12.0.jar:/home/runner/.m2/repository/io/smallrye/common/smallrye-common-net/2.12.0/smallrye-common-net-2.12.0.jar:/home/runner/.m2/repository/io/smallrye/common/smallrye-common-ref/2.12.0/smallrye-common-ref-2.12.0.jar:/home/runner/.m2/repository/jakarta/json/jakarta.json-api/2.1.3/jakarta.json-api-2.1.3.jar:/home/runner/.m2/repository/org/eclipse/parsson/parsson/1.1.7/parsson-1.1.7.jar:/home/runner/.m2/repository/org/jboss/logging/jboss-logging-annotations/3.0.4.Final/jboss-logging-annotations-3.0.4.Final.jar:/home/runner/.m2/repository/org/jboss/threads/jboss-threads/3.8.0.Final/jboss-threads-3.8.0.Final.jar:/home/runner/.m2/repository/io/smallrye/common/smallrye-common-annotation/2.12.0/smallrye-common-annotation-2.12.0.jar:/home/runner/.m2/repository/io/smallrye/common/smallrye-common-function/2.12.0/smallrye-common-function-2.12.0.jar:/home/runner/.m2/repository/org/jboss/slf4j/slf4j-jboss-logmanager/2.0.0.Final/slf4j-jboss-logmanager-2.0.0.Final.jar:/home/runner/.m2/repository/org/wildfly/common/wildfly-common/2.0.1/wildfly-common-2.0.1.jar:/home/runner/.m2/repository/io/quarkus/quarkus-bootstrap-runner/3.20.2/quarkus-bootstrap-runner-3.20.2.jar:/home/runner/.m2/repository/io/github/crac/org-crac/0.1.3/org-crac-0.1.3.jar:/home/runner/.m2/repository/io/quarkus/quarkus-fs-util/0.0.10/quarkus-fs-util-0.0.10.jar:/home/runner/.m2/repository/org/jboss/marshalling/jboss-marshalling/2.2.2.Final/jboss-marshalling-2.2.2.Final.jar:/home/runner/.m2/repository/io/fabric8/kubernetes-client/7.1.0/kubernetes-client-7.1.0.jar:/home/runner/.m2/repository/io/fabric8/kubernetes-client-api/7.1.0/kubernetes-client-api-7.1.0.jar:/home/runner/.m2/repository/io/fabric8/kubernetes-model-core/7.1.0/kubernetes-model-core-7.1.0.jar:/home/runner/.m2/repository/io/fabric8/kubernetes-model-common/7.1.0/kubernetes-model-common-7.1.0.jar:/home/runner/.m2/repository/javax/annotation/javax.annotation-api/1.3.2/javax.annotation-api-1.3.2.jar:/home/runner/.m2/repository/io/fabric8/kubernetes-model-gatewayapi/7.1.0/kubernetes-model-gatewayapi-7.1.0.jar:/home/runner/.m2/repository/io/fabric8/kubernetes-model-resource/7.1.0/kubernetes-model-resource-7.1.0.jar:/home/runner/.m2/repository/io/fabric8/kubernetes-model-rbac/7.1.0/kubernetes-model-rbac-7.1.0.jar:/home/runner/.m2/repository/io/fabric8/kubernetes-model-admissionregistration/7.1.0/kubernetes-model-admissionregistration-7.1.0.jar:/home/runner/.m2/repository/io/fabric8/kubernetes-model-apps/7.1.0/kubernetes-model-apps-7.1.0.jar:/home/runner/.m2/repository/io/fabric8/kubernetes-model-autoscaling/7.1.0/kubernetes-model-autoscaling-7.1.0.jar:/home/runner/.m2/repository/io/fabric8/kubernetes-model-apiextensions/7.1.0/kubernetes-model-apiextensions-7.1.0.jar:/home/runner/.m2/repository/io/fabric8/kubernetes-model-batch/7.1.0/kubernetes-model-batch-7.1.0.jar:/home/runner/.m2/repository/io/fabric8/kubernetes-model-certificates/7.1.0/kubernetes-model-certificates-7.1.0.jar:/home/runner/.m2/repository/io/fabric8/kubernetes-model-coordination/7.1.0/kubernetes-model-coordination-7.1.0.jar:/home/runner/.m2/repository/io/fabric8/kubernetes-model-discovery/7.1.0/kubernetes-model-discovery-7.1.0.jar:/home/runner/.m2/repository/io/fabric8/kubernetes-model-events/7.1.0/kubernetes-model-events-7.1.0.jar:/home/runner/.m2/repository/io/fabric8/kubernetes-model-extensions/7.1.0/kubernetes-model-extensions-7.1.0.jar:/home/runner/.m2/repository/io/fabric8/kubernetes-model-flowcontrol/7.1.0/kubernetes-model-flowcontrol-7.1.0.jar:/home/runner/.m2/repository/io/fabric8/kubernetes-model-networking/7.1.0/kubernetes-model-networking-7.1.0.jar:/home/runner/.m2/repository/io/fabric8/kubernetes-model-metrics/7.1.0/kubernetes-model-metrics-7.1.0.jar:/home/runner/.m2/repository/io/fabric8/kubernetes-model-policy/7.1.0/kubernetes-model-policy-7.1.0.jar:/home/runner/.m2/repository/io/fabric8/kubernetes-model-scheduling/7.1.0/kubernetes-model-scheduling-7.1.0.jar:/home/runner/.m2/repository/io/fabric8/kubernetes-model-storageclass/7.1.0/kubernetes-model-storageclass-7.1.0.jar:/home/runner/.m2/repository/io/fabric8/kubernetes-model-node/7.1.0/kubernetes-model-node-7.1.0.jar:/home/runner/.m2/repository/org/snakeyaml/snakeyaml-engine/2.9/snakeyaml-engine-2.9.jar:/home/runner/.m2/repository/com/fasterxml/jackson/dataformat/jackson-dataformat-yaml/2.18.2/jackson-dataformat-yaml-2.18.2.jar:/home/runner/.m2/repository/com/fasterxml/jackson/datatype/jackson-datatype-jsr310/2.18.2/jackson-datatype-jsr310-2.18.2.jar:/home/runner/.m2/repository/io/fabric8/zjsonpatch/7.1.0/zjsonpatch-7.1.0.jar:/home/runner/.m2/repository/io/fabric8/kubernetes-httpclient-vertx/7.1.0/kubernetes-httpclient-vertx-7.1.0.jar:/home/runner/.m2/repository/io/vertx/vertx-web-client/4.5.16/vertx-web-client-4.5.16.jar:/home/runner/.m2/repository/io/vertx/vertx-web-common/4.5.16/vertx-web-common-4.5.16.jar:/home/runner/.m2/repository/io/vertx/vertx-auth-common/4.5.16/vertx-auth-common-4.5.16.jar:/home/runner/.m2/repository/io/vertx/vertx-uri-template/4.5.16/vertx-uri-template-4.5.16.jar:/home/runner/.m2/repository/io/fabric8/openshift-client/7.1.0/openshift-client-7.1.0.jar:/home/runner/.m2/repository/io/fabric8/openshift-client-api/7.1.0/openshift-client-api-7.1.0.jar:/home/runner/.m2/repository/io/fabric8/openshift-model/7.1.0/openshift-model-7.1.0.jar:/home/runner/.m2/repository/io/fabric8/openshift-model-autoscaling/7.1.0/openshift-model-autoscaling-7.1.0.jar:/home/runner/.m2/repository/io/fabric8/openshift-model-operator/7.1.0/openshift-model-operator-7.1.0.jar:/home/runner/.m2/repository/io/fabric8/openshift-model-operatorhub/7.1.0/openshift-model-operatorhub-7.1.0.jar:/home/runner/.m2/repository/io/fabric8/openshift-model-machine/7.1.0/openshift-model-machine-7.1.0.jar:/home/runner/.m2/repository/io/fabric8/openshift-model-whereabouts/7.1.0/openshift-model-whereabouts-7.1.0.jar:/home/runner/.m2/repository/io/fabric8/openshift-model-monitoring/7.1.0/openshift-model-monitoring-7.1.0.jar:/home/runner/.m2/repository/io/fabric8/openshift-model-storageversionmigrator/7.1.0/openshift-model-storageversionmigrator-7.1.0.jar:/home/runner/.m2/repository/io/fabric8/openshift-model-tuned/7.1.0/openshift-model-tuned-7.1.0.jar:/home/runner/.m2/repository/io/fabric8/openshift-model-console/7.1.0/openshift-model-console-7.1.0.jar:/home/runner/.m2/repository/io/fabric8/openshift-model-config/7.1.0/openshift-model-config-7.1.0.jar:/home/runner/.m2/repository/io/fabric8/openshift-model-machineconfiguration/7.1.0/openshift-model-machineconfiguration-7.1.0.jar:/home/runner/.m2/repository/io/fabric8/openshift-model-miscellaneous/7.1.0/openshift-model-miscellaneous-7.1.0.jar:/home/runner/.m2/repository/io/fabric8/openshift-model-hive/7.1.0/openshift-model-hive-7.1.0.jar:/home/runner/.m2/repository/io/fabric8/openshift-model-installer/7.1.0/openshift-model-installer-7.1.0.jar:/home/runner/.m2/repository/org/junit/platform/junit-platform-launcher/1.12.1/junit-platform-launcher-1.12.1.jar:/home/runner/.m2/repository/org/junit/platform/junit-platform-engine/1.12.1/junit-platform-engine-1.12.1.jar:/home/runner/.m2/repository/org/opentest4j/opentest4j/1.3.0/opentest4j-1.3.0.jar:/home/runner/.m2/repository/org/junit/platform/junit-platform-commons/1.12.1/junit-platform-commons-1.12.1.jar:/home/runner/.m2/repository/org/apiguardian/apiguardian-api/1.1.2/apiguardian-api-1.1.2.jar:/home/runner/.m2/repository/jakarta/ws/rs/jakarta.ws.rs-api/3.1.0/jakarta.ws.rs-api-3.1.0.jar:/home/runner/work/apicurio-testing/apicurio-testing/clusters/ci419/namespaces/ksql043/tests/integration/apicurio-registry/java-sdk/target/apicurio-registry-java-sdk-3.0.12-SNAPSHOT.jar:/home/runner/.m2/repository/com/microsoft/kiota/microsoft-kiota-abstractions/1.8.9/microsoft-kiota-abstractions-1.8.9.jar:/home/runner/.m2/repository/io/github/std-uritemplate/std-uritemplate/2.0.0/std-uritemplate-2.0.0.jar:/home/runner/.m2/repository/io/kiota/kiota-http-jdk/0.0.29/kiota-http-jdk-0.0.29.jar:/home/runner/.m2/repository/io/kiota/kiota-http-vertx/0.0.29/kiota-http-vertx-0.0.29.jar:/home/runner/.m2/repository/io/kiota/kiota-serialization-jackson/0.0.29/kiota-serialization-jackson-0.0.29.jar:/home/runner/.m2/repository/com/microsoft/kiota/microsoft-kiota-serialization-text/1.8.9/microsoft-kiota-serialization-text-1.8.9.jar:/home/runner/.m2/repository/com/microsoft/kiota/microsoft-kiota-serialization-form/1.8.9/microsoft-kiota-serialization-form-1.8.9.jar:/home/runner/.m2/repository/com/microsoft/kiota/microsoft-kiota-serialization-multipart/1.8.9/microsoft-kiota-serialization-multipart-1.8.9.jar:/home/runner/.m2/repository/jakarta/annotation/jakarta.annotation-api/3.0.0/jakarta.annotation-api-3.0.0.jar:/home/runner/.m2/repository/io/vertx/vertx-auth-oauth2/4.5.16/vertx-auth-oauth2-4.5.16.jar:/home/runner/work/apicurio-testing/apicurio-testing/clusters/ci419/namespaces/ksql043/tests/integration/apicurio-registry/java-sdk-v2/target/apicurio-registry-v2-java-sdk-3.0.12-SNAPSHOT.jar:/home/runner/work/apicurio-testing/apicurio-testing/clusters/ci419/namespaces/ksql043/tests/integration/apicurio-registry/utils/kafka/target/apicurio-registry-utils-kafka-3.0.12-SNAPSHOT-tests.jar:/home/runner/.m2/repository/org/eclipse/microprofile/config/microprofile-config-api/3.1/microprofile-config-api-3.1.jar:/home/runner/.m2/repository/org/apache/kafka/kafka-clients/3.9.1/kafka-clients-3.9.1.jar:/home/runner/.m2/repository/com/github/luben/zstd-jni/1.5.6-4/zstd-jni-1.5.6-4.jar:/home/runner/.m2/repository/org/lz4/lz4-java/1.8.0/lz4-java-1.8.0.jar:/home/runner/.m2/repository/org/xerial/snappy/snappy-java/1.1.10.5/snappy-java-1.1.10.5.jar:/home/runner/.m2/repository/org/slf4j/slf4j-api/2.0.6/slf4j-api-2.0.6.jar:/home/runner/work/apicurio-testing/apicurio-testing/clusters/ci419/namespaces/ksql043/tests/integration/apicurio-registry/utils/tests/target/apicurio-registry-utils-tests-3.0.12-SNAPSHOT.jar:/home/runner/work/apicurio-testing/apicurio-testing/clusters/ci419/namespaces/ksql043/tests/integration/apicurio-registry/common/target/apicurio-registry-common-3.0.12-SNAPSHOT.jar:/home/runner/.m2/repository/jakarta/validation/jakarta.validation-api/3.0.2/jakarta.validation-api-3.0.2.jar:/home/runner/.m2/repository/com/github/dasniko/testcontainers-keycloak/3.8.0/testcontainers-keycloak-3.8.0.jar:/home/runner/.m2/repository/org/testcontainers/testcontainers/1.20.6/testcontainers-1.20.6.jar:/home/runner/.m2/repository/org/rnorth/duct-tape/duct-tape/1.0.8/duct-tape-1.0.8.jar:/home/runner/.m2/repository/com/github/docker-java/docker-java-transport-zerodep/3.4.1/docker-java-transport-zerodep-3.4.1.jar:/home/runner/.m2/repository/com/github/docker-java/docker-java-transport/3.4.1/docker-java-transport-3.4.1.jar:/home/runner/.m2/repository/net/java/dev/jna/jna/5.8.0/jna-5.8.0.jar:/home/runner/.m2/repository/io/quarkus/quarkus-junit4-mock/3.20.2/quarkus-junit4-mock-3.20.2.jar:/home/runner/.m2/repository/org/jboss/shrinkwrap/shrinkwrap-api/2.0.0-beta-2/shrinkwrap-api-2.0.0-beta-2.jar:/home/runner/.m2/repository/org/jboss/shrinkwrap/shrinkwrap-impl-base/2.0.0-beta-2/shrinkwrap-impl-base-2.0.0-beta-2.jar:/home/runner/.m2/repository/org/jboss/shrinkwrap/shrinkwrap-spi/2.0.0-beta-2/shrinkwrap-spi-2.0.0-beta-2.jar:/home/runner/.m2/repository/org/keycloak/keycloak-admin-client/26.0.4/keycloak-admin-client-26.0.4.jar:/home/runner/.m2/repository/org/keycloak/keycloak-client-common-synced/26.0.4/keycloak-client-common-synced-26.0.4.jar:/home/runner/.m2/repository/jakarta/activation/jakarta.activation-api/2.1.3/jakarta.activation-api-2.1.3.jar:/home/runner/.m2/repository/org/eclipse/microprofile/openapi/microprofile-openapi-api/4.0.2/microprofile-openapi-api-4.0.2.jar:/home/runner/.m2/repository/org/jboss/resteasy/resteasy-client/6.2.12.Final/resteasy-client-6.2.12.Final.jar:/home/runner/.m2/repository/org/jboss/resteasy/resteasy-client-api/6.2.12.Final/resteasy-client-api-6.2.12.Final.jar:/home/runner/.m2/repository/org/jboss/resteasy/resteasy-core-spi/6.2.12.Final/resteasy-core-spi-6.2.12.Final.jar:/home/runner/.m2/repository/org/jboss/resteasy/resteasy-core/6.2.12.Final/resteasy-core-6.2.12.Final.jar:/home/runner/.m2/repository/org/eclipse/angus/angus-activation/2.0.2/angus-activation-2.0.2.jar:/home/runner/.m2/repository/com/ibm/async/asyncutil/0.1.0/asyncutil-0.1.0.jar:/home/runner/.m2/repository/org/reactivestreams/reactive-streams/1.0.4/reactive-streams-1.0.4.jar:/home/runner/.m2/repository/org/jboss/resteasy/resteasy-multipart-provider/6.2.12.Final/resteasy-multipart-provider-6.2.12.Final.jar:/home/runner/.m2/repository/jakarta/mail/jakarta.mail-api/2.1.3/jakarta.mail-api-2.1.3.jar:/home/runner/.m2/repository/org/eclipse/angus/angus-mail/2.0.3/angus-mail-2.0.3.jar:/home/runner/.m2/repository/org/apache/james/apache-mime4j-dom/0.8.12/apache-mime4j-dom-0.8.12.jar:/home/runner/.m2/repository/org/apache/james/apache-mime4j-core/0.8.12/apache-mime4j-core-0.8.12.jar:/home/runner/.m2/repository/org/apache/james/apache-mime4j-storage/0.8.12/apache-mime4j-storage-0.8.12.jar:/home/runner/.m2/repository/org/jboss/resteasy/resteasy-jackson2-provider/6.2.12.Final/resteasy-jackson2-provider-6.2.12.Final.jar:/home/runner/.m2/repository/com/fasterxml/jackson/jakarta/rs/jackson-jakarta-rs-base/2.18.2/jackson-jakarta-rs-base-2.18.2.jar:/home/runner/.m2/repository/com/fasterxml/jackson/jakarta/rs/jackson-jakarta-rs-json-provider/2.18.2/jackson-jakarta-rs-json-provider-2.18.2.jar:/home/runner/.m2/repository/com/fasterxml/jackson/module/jackson-module-jakarta-xmlbind-annotations/2.18.2/jackson-module-jakarta-xmlbind-annotations-2.18.2.jar:/home/runner/.m2/repository/com/github/java-json-tools/json-patch/1.13/json-patch-1.13.jar:/home/runner/.m2/repository/com/github/java-json-tools/msg-simple/1.2/msg-simple-1.2.jar:/home/runner/.m2/repository/com/github/java-json-tools/btf/1.3/btf-1.3.jar:/home/runner/.m2/repository/com/github/java-json-tools/jackson-coreutils/2.0/jackson-coreutils-2.0.jar:/home/runner/.m2/repository/org/jboss/resteasy/resteasy-jaxb-provider/6.2.12.Final/resteasy-jaxb-provider-6.2.12.Final.jar:/home/runner/.m2/repository/org/glassfish/jaxb/codemodel/4.0.5/codemodel-4.0.5.jar:/home/runner/.m2/repository/org/glassfish/jaxb/jaxb-core/4.0.5/jaxb-core-4.0.5.jar:/home/runner/.m2/repository/org/glassfish/jaxb/jaxb-jxc/4.0.5/jaxb-jxc-4.0.5.jar:/home/runner/.m2/repository/org/glassfish/jaxb/jaxb-runtime/4.0.5/jaxb-runtime-4.0.5.jar:/home/runner/.m2/repository/org/glassfish/jaxb/txw2/4.0.5/txw2-4.0.5.jar:/home/runner/.m2/repository/org/glassfish/jaxb/jaxb-xjc/4.0.5/jaxb-xjc-4.0.5.jar:/home/runner/.m2/repository/org/glassfish/jaxb/xsom/4.0.5/xsom-4.0.5.jar:/home/runner/.m2/repository/com/sun/istack/istack-commons-runtime/4.1.2/istack-commons-runtime-4.1.2.jar:/home/runner/.m2/repository/com/sun/istack/istack-commons-tools/4.1.2/istack-commons-tools-4.1.2.jar:/home/runner/.m2/repository/com/sun/xml/bind/external/relaxng-datatype/4.0.5/relaxng-datatype-4.0.5.jar:/home/runner/.m2/repository/com/sun/xml/bind/external/rngom/4.0.5/rngom-4.0.5.jar:/home/runner/.m2/repository/org/testcontainers/mssqlserver/1.20.6/mssqlserver-1.20.6.jar:/home/runner/.m2/repository/org/testcontainers/jdbc/1.20.6/jdbc-1.20.6.jar:/home/runner/.m2/repository/org/testcontainers/database-commons/1.20.6/database-commons-1.20.6.jar:/home/runner/.m2/repository/org/testcontainers/mysql/1.20.6/mysql-1.20.6.jar:/home/runner/.m2/repository/io/strimzi/strimzi-test-container/0.111.0/strimzi-test-container-0.111.0.jar:/home/runner/.m2/repository/org/testcontainers/toxiproxy/1.20.6/toxiproxy-1.20.6.jar:/home/runner/.m2/repository/com/github/docker-java/docker-java-api/3.4.1/docker-java-api-3.4.1.jar:/home/runner/.m2/repository/org/apache/logging/log4j/log4j-slf4j-impl/2.19.0/log4j-slf4j-impl-2.19.0.jar:/home/runner/.m2/repository/org/apache/logging/log4j/log4j-api/2.24.3/log4j-api-2.24.3.jar:/home/runner/.m2/repository/org/apache/logging/log4j/log4j-core/2.19.0/log4j-core-2.19.0.jar:/home/runner/.m2/repository/eu/rekawek/toxiproxy/toxiproxy-java/2.1.7/toxiproxy-java-2.1.7.jar:/home/runner/.m2/repository/org/testcontainers/pulsar/1.21.3/pulsar-1.21.3.jar:/home/runner/.m2/repository/io/debezium/debezium-testing-testcontainers/2.7.4.Final/debezium-testing-testcontainers-2.7.4.Final.jar:/home/runner/.m2/repository/org/testcontainers/kafka/1.20.6/kafka-1.20.6.jar:/home/runner/.m2/repository/com/squareup/okhttp3/okhttp/4.8.1/okhttp-4.8.1.jar:/home/runner/.m2/repository/com/squareup/okio/okio/3.10.2/okio-3.10.2.jar:/home/runner/.m2/repository/com/squareup/okio/okio-jvm/3.10.2/okio-jvm-3.10.2.jar:/home/runner/.m2/repository/org/jetbrains/kotlin/kotlin-stdlib/2.0.21/kotlin-stdlib-2.0.21.jar:/home/runner/.m2/repository/org/awaitility/awaitility/4.3.0/awaitility-4.3.0.jar:/home/runner/.m2/repository/org/testcontainers/mongodb/1.20.6/mongodb-1.20.6.jar:/home/runner/.m2/repository/org/testcontainers/mariadb/1.20.6/mariadb-1.20.6.jar:/home/runner/.m2/repository/org/testcontainers/oracle-xe/1.20.6/oracle-xe-1.20.6.jar:/home/runner/.m2/repository/org/testcontainers/postgresql/1.20.6/postgresql-1.20.6.jar:/home/runner/.m2/repository/org/wiremock/wiremock/3.0.1/wiremock-3.0.1.jar:/home/runner/.m2/repository/org/eclipse/jetty/jetty-server/11.0.15/jetty-server-11.0.15.jar:/home/runner/.m2/repository/org/eclipse/jetty/toolchain/jetty-jakarta-servlet-api/5.0.2/jetty-jakarta-servlet-api-5.0.2.jar:/home/runner/.m2/repository/org/eclipse/jetty/jetty-http/11.0.15/jetty-http-11.0.15.jar:/home/runner/.m2/repository/org/eclipse/jetty/jetty-io/11.0.15/jetty-io-11.0.15.jar:/home/runner/.m2/repository/org/eclipse/jetty/jetty-servlet/11.0.15/jetty-servlet-11.0.15.jar:/home/runner/.m2/repository/org/eclipse/jetty/jetty-security/11.0.15/jetty-security-11.0.15.jar:/home/runner/.m2/repository/org/eclipse/jetty/jetty-servlets/11.0.15/jetty-servlets-11.0.15.jar:/home/runner/.m2/repository/org/eclipse/jetty/jetty-util/11.0.15/jetty-util-11.0.15.jar:/home/runner/.m2/repository/org/eclipse/jetty/jetty-webapp/11.0.15/jetty-webapp-11.0.15.jar:/home/runner/.m2/repository/org/eclipse/jetty/jetty-xml/11.0.15/jetty-xml-11.0.15.jar:/home/runner/.m2/repository/org/eclipse/jetty/jetty-proxy/11.0.15/jetty-proxy-11.0.15.jar:/home/runner/.m2/repository/org/eclipse/jetty/jetty-client/11.0.15/jetty-client-11.0.15.jar:/home/runner/.m2/repository/org/eclipse/jetty/http2/http2-server/11.0.15/http2-server-11.0.15.jar:/home/runner/.m2/repository/org/eclipse/jetty/http2/http2-common/11.0.15/http2-common-11.0.15.jar:/home/runner/.m2/repository/org/eclipse/jetty/http2/http2-hpack/11.0.15/http2-hpack-11.0.15.jar:/home/runner/.m2/repository/org/eclipse/jetty/jetty-alpn-server/11.0.15/jetty-alpn-server-11.0.15.jar:/home/runner/.m2/repository/org/eclipse/jetty/jetty-alpn-java-server/11.0.15/jetty-alpn-java-server-11.0.15.jar:/home/runner/.m2/repository/org/eclipse/jetty/jetty-alpn-java-client/11.0.15/jetty-alpn-java-client-11.0.15.jar:/home/runner/.m2/repository/org/eclipse/jetty/jetty-alpn-client/11.0.15/jetty-alpn-client-11.0.15.jar:/home/runner/.m2/repository/org/apache/httpcomponents/client5/httpclient5/5.2.1/httpclient5-5.2.1.jar:/home/runner/.m2/repository/org/apache/httpcomponents/core5/httpcore5/5.2/httpcore5-5.2.jar:/home/runner/.m2/repository/org/apache/httpcomponents/core5/httpcore5-h2/5.2/httpcore5-h2-5.2.jar:/home/runner/.m2/repository/org/xmlunit/xmlunit-core/2.9.1/xmlunit-core-2.9.1.jar:/home/runner/.m2/repository/jakarta/xml/bind/jakarta.xml.bind-api/4.0.2/jakarta.xml.bind-api-4.0.2.jar:/home/runner/.m2/repository/org/xmlunit/xmlunit-legacy/2.9.1/xmlunit-legacy-2.9.1.jar:/home/runner/.m2/repository/org/xmlunit/xmlunit-placeholders/2.9.1/xmlunit-placeholders-2.9.1.jar:/home/runner/.m2/repository/net/javacrumbs/json-unit/json-unit-core/2.38.0/json-unit-core-2.38.0.jar:/home/runner/.m2/repository/org/hamcrest/hamcrest-core/2.2/hamcrest-core-2.2.jar:/home/runner/.m2/repository/com/jayway/jsonpath/json-path/2.8.0/json-path-2.8.0.jar:/home/runner/.m2/repository/net/minidev/json-smart/2.4.10/json-smart-2.4.10.jar:/home/runner/.m2/repository/net/minidev/accessors-smart/2.4.9/accessors-smart-2.4.9.jar:/home/runner/.m2/repository/org/ow2/asm/asm/9.7.1/asm-9.7.1.jar:/home/runner/.m2/repository/net/sf/jopt-simple/jopt-simple/5.0.4/jopt-simple-5.0.4.jar:/home/runner/.m2/repository/com/github/jknack/handlebars/4.3.1/handlebars-4.3.1.jar:/home/runner/.m2/repository/com/github/jknack/handlebars-helpers/4.3.1/handlebars-helpers-4.3.1.jar:/home/runner/.m2/repository/commons-fileupload/commons-fileupload/1.5/commons-fileupload-1.5.jar:/home/runner/.m2/repository/com/networknt/json-schema-validator/1.5.8/json-schema-validator-1.5.8.jar:/home/runner/.m2/repository/com/ethlo/time/itu/1.10.3/itu-1.10.3.jar:/home/runner/.m2/repository/io/quarkus/quarkus-smallrye-jwt-build/3.20.2/quarkus-smallrye-jwt-build-3.20.2.jar:/home/runner/.m2/repository/io/smallrye/smallrye-jwt-build/4.6.2/smallrye-jwt-build-4.6.2.jar:/home/runner/.m2/repository/org/eclipse/microprofile/jwt/microprofile-jwt-auth-api/2.1/microprofile-jwt-auth-api-2.1.jar:/home/runner/.m2/repository/org/bitbucket/b_c/jose4j/0.9.6/jose4j-0.9.6.jar:/home/runner/.m2/repository/io/smallrye/smallrye-jwt-common/4.6.2/smallrye-jwt-common-4.6.2.jar:/home/runner/.m2/repository/io/quarkus/quarkus-jsonp/3.20.2/quarkus-jsonp-3.20.2.jar:/home/runner/.m2/repository/io/quarkus/quarkus-arc/3.20.2/quarkus-arc-3.20.2.jar:/home/runner/.m2/repository/io/quarkus/arc/arc/3.20.2/arc-3.20.2.jar:/home/runner/.m2/repository/jakarta/transaction/jakarta.transaction-api/2.0.1/jakarta.transaction-api-2.0.1.jar:/home/runner/.m2/repository/io/smallrye/reactive/mutiny/2.9.2/mutiny-2.9.2.jar:/home/runner/.m2/repository/org/jctools/jctools-core/4.0.5/jctools-core-4.0.5.jar:/home/runner/.m2/repository/org/eclipse/microprofile/context-propagation/microprofile-context-propagation-api/1.3/microprofile-context-propagation-api-1.3.jar:/home/runner/.m2/repository/io/apicurio/apicurio-common-rest-client-common/0.1.18.Final/apicurio-common-rest-client-common-0.1.18.Final.jar:/home/runner/work/apicurio-testing/apicurio-testing/clusters/ci419/namespaces/ksql043/tests/integration/apicurio-registry/utils/maven-plugin/target/apicurio-registry-maven-plugin-3.0.12-SNAPSHOT.jar:/home/runner/.m2/repository/com/fasterxml/jackson/core/jackson-databind/2.18.2/jackson-databind-2.18.2.jar:/home/runner/.m2/repository/org/apache/avro/avro/1.12.0/avro-1.12.0.jar:/home/runner/.m2/repository/com/google/protobuf/protobuf-java/4.31.1/protobuf-java-4.31.1.jar:/home/runner/.m2/repository/com/google/protobuf/protobuf-java-util/4.31.1/protobuf-java-util-4.31.1.jar:/home/runner/.m2/repository/com/google/code/findbugs/jsr305/3.0.2/jsr305-3.0.2.jar:/home/runner/.m2/repository/com/google/code/gson/gson/2.12.1/gson-2.12.1.jar:/home/runner/.m2/repository/com/google/errorprone/error_prone_annotations/2.36.0/error_prone_annotations-2.36.0.jar:/home/runner/.m2/repository/com/google/j2objc/j2objc-annotations/2.8/j2objc-annotations-2.8.jar:/home/runner/work/apicurio-testing/apicurio-testing/clusters/ci419/namespaces/ksql043/tests/integration/apicurio-registry/schema-util/util-provider/target/apicurio-registry-schema-util-provider-3.0.12-SNAPSHOT.jar:/home/runner/work/apicurio-testing/apicurio-testing/clusters/ci419/namespaces/ksql043/tests/integration/apicurio-registry/schema-util/common/target/apicurio-registry-schema-util-common-3.0.12-SNAPSHOT.jar:/home/runner/.m2/repository/com/fasterxml/jackson/module/jackson-module-parameter-names/2.18.2/jackson-module-parameter-names-2.18.2.jar:/home/runner/.m2/repository/com/fasterxml/jackson/datatype/jackson-datatype-json-org/2.18.2/jackson-datatype-json-org-2.18.2.jar:/home/runner/work/apicurio-testing/apicurio-testing/clusters/ci419/namespaces/ksql043/tests/integration/apicurio-registry/schema-util/json/target/apicurio-registry-schema-util-json-3.0.12-SNAPSHOT.jar:/home/runner/.m2/repository/com/github/erosb/everit-json-schema/1.14.5/everit-json-schema-1.14.5.jar:/home/runner/.m2/repository/commons-validator/commons-validator/1.9.0/commons-validator-1.9.0.jar:/home/runner/.m2/repository/commons-digester/commons-digester/2.1/commons-digester-2.1.jar:/home/runner/.m2/repository/commons-collections/commons-collections/3.2.2/commons-collections-3.2.2.jar:/home/runner/.m2/repository/com/damnhandy/handy-uri-templates/2.1.8/handy-uri-templates-2.1.8.jar:/home/runner/.m2/repository/joda-time/joda-time/2.10.2/joda-time-2.10.2.jar:/home/runner/.m2/repository/com/github/erosb/json-sKema/0.20.0/json-sKema-0.20.0.jar:/home/runner/.m2/repository/io/vertx/vertx-json-schema/4.5.16/vertx-json-schema-4.5.16.jar:/home/runner/work/apicurio-testing/apicurio-testing/clusters/ci419/namespaces/ksql043/tests/integration/apicurio-registry/schema-util/protobuf/target/apicurio-registry-schema-util-protobuf-3.0.12-SNAPSHOT.jar:/home/runner/work/apicurio-testing/apicurio-testing/clusters/ci419/namespaces/ksql043/tests/integration/apicurio-registry/utils/protobuf-schema-utilities/target/apicurio-registry-protobuf-schema-utilities-3.0.12-SNAPSHOT.jar:/home/runner/.m2/repository/com/google/api/grpc/proto-google-common-protos/2.52.0/proto-google-common-protos-2.52.0.jar:/home/runner/.m2/repository/com/squareup/wire/wire-schema-jvm/5.3.3/wire-schema-jvm-5.3.3.jar:/home/runner/.m2/repository/com/palantir/javapoet/javapoet/0.6.0/javapoet-0.6.0.jar:/home/runner/.m2/repository/com/squareup/kotlinpoet-jvm/2.0.0/kotlinpoet-jvm-2.0.0.jar:/home/runner/.m2/repository/org/jetbrains/kotlin/kotlin-reflect/2.0.21/kotlin-reflect-2.0.21.jar:/home/runner/.m2/repository/com/squareup/wire/wire-runtime-jvm/5.3.3/wire-runtime-jvm-5.3.3.jar:/home/runner/.m2/repository/com/ibm/icu/icu4j/76.1/icu4j-76.1.jar:/home/runner/.m2/repository/com/squareup/okio/okio-fakefilesystem/3.10.2/okio-fakefilesystem-3.10.2.jar:/home/runner/.m2/repository/com/squareup/okio/okio-fakefilesystem-jvm/3.10.2/okio-fakefilesystem-jvm-3.10.2.jar:/home/runner/.m2/repository/org/jetbrains/kotlinx/kotlinx-datetime-jvm/0.6.1/kotlinx-datetime-jvm-0.6.1.jar:/home/runner/work/apicurio-testing/apicurio-testing/clusters/ci419/namespaces/ksql043/tests/integration/apicurio-registry/schema-util/asyncapi/target/apicurio-registry-schema-util-asyncapi-3.0.12-SNAPSHOT.jar:/home/runner/work/apicurio-testing/apicurio-testing/clusters/ci419/namespaces/ksql043/tests/integration/apicurio-registry/schema-util/avro/target/apicurio-registry-schema-util-avro-3.0.12-SNAPSHOT.jar:/home/runner/work/apicurio-testing/apicurio-testing/clusters/ci419/namespaces/ksql043/tests/integration/apicurio-registry/schema-util/graphql/target/apicurio-registry-schema-util-graphql-3.0.12-SNAPSHOT.jar:/home/runner/.m2/repository/com/graphql-java/graphql-java/22.4/graphql-java-22.4.jar:/home/runner/.m2/repository/com/graphql-java/java-dataloader/3.3.0/java-dataloader-3.3.0.jar:/home/runner/work/apicurio-testing/apicurio-testing/clusters/ci419/namespaces/ksql043/tests/integration/apicurio-registry/schema-util/kconnect/target/apicurio-registry-schema-util-kconnect-3.0.12-SNAPSHOT.jar:/home/runner/work/apicurio-testing/apicurio-testing/clusters/ci419/namespaces/ksql043/tests/integration/apicurio-registry/schema-util/openapi/target/apicurio-registry-schema-util-openapi-3.0.12-SNAPSHOT.jar:/home/runner/.m2/repository/io/apicurio/apicurio-data-models/2.2.2/apicurio-data-models-2.2.2.jar:/home/runner/.m2/repository/org/openapitools/openapidiff/openapi-diff-core/2.1.2/openapi-diff-core-2.1.2.jar:/home/runner/.m2/repository/io/swagger/parser/v3/swagger-parser/2.1.28/swagger-parser-2.1.28.jar:/home/runner/.m2/repository/io/swagger/parser/v3/swagger-parser-v2-converter/2.1.28/swagger-parser-v2-converter-2.1.28.jar:/home/runner/.m2/repository/io/swagger/swagger-core/1.6.16/swagger-core-1.6.16.jar:/home/runner/.m2/repository/io/swagger/swagger-models/1.6.16/swagger-models-1.6.16.jar:/home/runner/.m2/repository/io/swagger/swagger-annotations/1.6.16/swagger-annotations-1.6.16.jar:/home/runner/.m2/repository/io/swagger/swagger-parser/1.0.75/swagger-parser-1.0.75.jar:/home/runner/.m2/repository/io/swagger/swagger-parser-safe-url-resolver/1.0.75/swagger-parser-safe-url-resolver-1.0.75.jar:/home/runner/.m2/repository/io/swagger/swagger-compat-spec-parser/1.0.75/swagger-compat-spec-parser-1.0.75.jar:/home/runner/.m2/repository/com/github/java-json-tools/json-schema-validator/2.2.14/json-schema-validator-2.2.14.jar:/home/runner/.m2/repository/com/github/java-json-tools/jackson-coreutils-equivalence/1.0/jackson-coreutils-equivalence-1.0.jar:/home/runner/.m2/repository/com/github/java-json-tools/json-schema-core/1.2.14/json-schema-core-1.2.14.jar:/home/runner/.m2/repository/com/github/java-json-tools/uri-template/0.10/uri-template-0.10.jar:/home/runner/.m2/repository/com/googlecode/libphonenumber/libphonenumber/8.11.1/libphonenumber-8.11.1.jar:/home/runner/.m2/repository/com/j2html/j2html/1.6.0/j2html-1.6.0.jar:/home/runner/.m2/repository/org/apache/commons/commons-collections4/4.5.0/commons-collections4-4.5.0.jar:/home/runner/.m2/repository/org/slf4j/jcl-over-slf4j/2.0.17/jcl-over-slf4j-2.0.17.jar:/home/runner/.m2/repository/io/swagger/parser/v3/swagger-parser-v3/2.1.31/swagger-parser-v3-2.1.31.jar:/home/runner/.m2/repository/io/swagger/core/v3/swagger-models/2.2.34/swagger-models-2.2.34.jar:/home/runner/.m2/repository/io/swagger/core/v3/swagger-core/2.2.34/swagger-core-2.2.34.jar:/home/runner/.m2/repository/io/swagger/parser/v3/swagger-parser-core/2.1.31/swagger-parser-core-2.1.31.jar:/home/runner/.m2/repository/io/swagger/parser/v3/swagger-parser-safe-url-resolver/2.1.31/swagger-parser-safe-url-resolver-2.1.31.jar:/home/runner/work/apicurio-testing/apicurio-testing/clusters/ci419/namespaces/ksql043/tests/integration/apicurio-registry/schema-util/wsdl/target/apicurio-registry-schema-util-wsdl-3.0.12-SNAPSHOT.jar:/home/runner/.m2/repository/wsdl4j/wsdl4j/1.6.3/wsdl4j-1.6.3.jar:/home/runner/work/apicurio-testing/apicurio-testing/clusters/ci419/namespaces/ksql043/tests/integration/apicurio-registry/schema-util/xml/target/apicurio-registry-schema-util-xml-3.0.12-SNAPSHOT.jar:/home/runner/.m2/repository/org/apache/santuario/xmlsec/4.0.4/xmlsec-4.0.4.jar:/home/runner/.m2/repository/com/fasterxml/woodstox/woodstox-core/7.1.1/woodstox-core-7.1.1.jar:/home/runner/.m2/repository/org/codehaus/woodstox/stax2-api/4.2.2/stax2-api-4.2.2.jar:/home/runner/work/apicurio-testing/apicurio-testing/clusters/ci419/namespaces/ksql043/tests/integration/apicurio-registry/schema-util/xsd/target/apicurio-registry-schema-util-xsd-3.0.12-SNAPSHOT.jar:/home/runner/work/apicurio-testing/apicurio-testing/clusters/ci419/namespaces/ksql043/tests/integration/apicurio-registry/serdes/kafka/jsonschema-serde/target/apicurio-registry-jsonschema-serde-kafka-3.0.12-SNAPSHOT.jar:/home/runner/work/apicurio-testing/apicurio-testing/clusters/ci419/namespaces/ksql043/tests/integration/apicurio-registry/serdes/kafka/serde-kafka-common/target/apicurio-registry-serde-kafka-common-3.0.12-SNAPSHOT.jar:/home/runner/work/apicurio-testing/apicurio-testing/clusters/ci419/namespaces/ksql043/tests/integration/apicurio-registry/serdes/generic/serde-common/target/apicurio-registry-serde-common-3.0.12-SNAPSHOT.jar:/home/runner/work/apicurio-testing/apicurio-testing/clusters/ci419/namespaces/ksql043/tests/integration/apicurio-registry/serdes/generic/serde-common-jsonschema/target/apicurio-registry-serde-common-jsonschema-3.0.12-SNAPSHOT.jar:/home/runner/.m2/repository/org/json/json/20250107/json-20250107.jar:/home/runner/work/apicurio-testing/apicurio-testing/clusters/ci419/namespaces/ksql043/tests/integration/apicurio-registry/serdes/kafka/avro-serde/target/apicurio-registry-avro-serde-kafka-3.0.12-SNAPSHOT.jar:/home/runner/work/apicurio-testing/apicurio-testing/clusters/ci419/namespaces/ksql043/tests/integration/apicurio-registry/serdes/generic/serde-common-avro/target/apicurio-registry-serde-common-avro-3.0.12-SNAPSHOT.jar:/home/runner/work/apicurio-testing/apicurio-testing/clusters/ci419/namespaces/ksql043/tests/integration/apicurio-registry/serdes/kafka/protobuf-serde/target/apicurio-registry-protobuf-serde-kafka-3.0.12-SNAPSHOT.jar:/home/runner/work/apicurio-testing/apicurio-testing/clusters/ci419/namespaces/ksql043/tests/integration/apicurio-registry/serdes/generic/serde-common-protobuf/target/apicurio-registry-serde-common-protobuf-3.0.12-SNAPSHOT.jar:/home/runner/.m2/repository/com/squareup/wire/wire-schema/5.3.3/wire-schema-5.3.3.jar:/home/runner/.m2/repository/com/squareup/wire/wire-runtime/5.3.3/wire-runtime-5.3.3.jar:/home/runner/work/apicurio-testing/apicurio-testing/clusters/ci419/namespaces/ksql043/tests/integration/apicurio-registry/serdes/pulsar/avro-serde/target/apicurio-registry-avro-serde-pulsar-3.0.12-SNAPSHOT.jar:/home/runner/.m2/repository/org/apache/pulsar/pulsar-functions-api/3.3.8/pulsar-functions-api-3.3.8.jar:/home/runner/work/apicurio-testing/apicurio-testing/clusters/ci419/namespaces/ksql043/tests/integration/apicurio-registry/serdes/nats/avro-serde/target/apicurio-registry-avro-serde-nats-3.0.12-SNAPSHOT.jar:/home/runner/.m2/repository/io/nats/jnats/2.21.4/jnats-2.21.4.jar:/home/runner/.m2/repository/org/bouncycastle/bcprov-lts8on/2.73.7/bcprov-lts8on-2.73.7.jar:/home/runner/.m2/repository/org/jetbrains/annotations/26.0.2/annotations-26.0.2.jar:/home/runner/work/apicurio-testing/apicurio-testing/clusters/ci419/namespaces/ksql043/tests/integration/apicurio-registry/utils/converter/target/apicurio-registry-utils-converter-3.0.12-SNAPSHOT.jar:/home/runner/work/apicurio-testing/apicurio-testing/clusters/ci419/namespaces/ksql043/tests/integration/apicurio-registry/schema-resolver/target/apicurio-registry-schema-resolver-3.0.12-SNAPSHOT.jar:/home/runner/.m2/repository/org/apache/kafka/connect-api/3.9.1/connect-api-3.9.1.jar:/home/runner/.m2/repository/javax/ws/rs/javax.ws.rs-api/2.1.1/javax.ws.rs-api-2.1.1.jar:/home/runner/.m2/repository/org/apache/kafka/connect-json/3.9.1/connect-json-3.9.1.jar:/home/runner/.m2/repository/com/fasterxml/jackson/datatype/jackson-datatype-jdk8/2.18.2/jackson-datatype-jdk8-2.18.2.jar:/home/runner/.m2/repository/com/fasterxml/jackson/module/jackson-module-afterburner/2.18.2/jackson-module-afterburner-2.18.2.jar:/home/runner/work/apicurio-testing/apicurio-testing/clusters/ci419/namespaces/ksql043/tests/integration/apicurio-registry/utils/kafka/target/apicurio-registry-utils-kafka-3.0.12-SNAPSHOT.jar:/home/runner/.m2/repository/org/apache/pulsar/pulsar-client/3.3.8/pulsar-client-3.3.8.jar:/home/runner/.m2/repository/org/apache/pulsar/pulsar-client-api/3.3.8/pulsar-client-api-3.3.8.jar:/home/runner/.m2/repository/org/apache/pulsar/pulsar-client-admin-api/3.3.8/pulsar-client-admin-api-3.3.8.jar:/home/runner/.m2/repository/org/apache/pulsar/bouncy-castle-bc/3.3.8/bouncy-castle-bc-3.3.8-pkg.jar:/home/runner/.m2/repository/org/bouncycastle/bcpkix-jdk18on/1.81/bcpkix-jdk18on-1.81.jar:/home/runner/.m2/repository/org/bouncycastle/bcutil-jdk18on/1.81/bcutil-jdk18on-1.81.jar:/home/runner/.m2/repository/org/bouncycastle/bcprov-jdk18on/1.81/bcprov-jdk18on-1.81.jar:/home/runner/.m2/repository/io/opentelemetry/opentelemetry-api/1.44.1/opentelemetry-api-1.44.1.jar:/home/runner/.m2/repository/io/opentelemetry/opentelemetry-context/1.44.1/opentelemetry-context-1.44.1.jar:/home/runner/.m2/repository/io/opentelemetry/opentelemetry-api-incubator/1.44.1-alpha/opentelemetry-api-incubator-1.44.1-alpha.jar:/home/runner/.m2/repository/com/fasterxml/jackson/core/jackson-annotations/2.18.2/jackson-annotations-2.18.2.jar:/home/runner/.m2/repository/javax/validation/validation-api/1.1.0.Final/validation-api-1.1.0.Final.jar:/home/runner/.m2/repository/org/jspecify/jspecify/1.0.0/jspecify-1.0.0.jar:/home/runner/.m2/repository/org/apache/commons/commons-configuration2/2.12.0/commons-configuration2-2.12.0.jar:/home/runner/.m2/repository/commons-logging/commons-logging/1.3.5/commons-logging-1.3.5.jar:/home/runner/.m2/repository/org/apache/commons/commons-text/1.13.0/commons-text-1.13.0.jar:/home/runner/.m2/repository/io/confluent/kafka-avro-serializer/8.0.0/kafka-avro-serializer-8.0.0.jar:/home/runner/.m2/repository/org/apache/commons/commons-compress/1.27.1/commons-compress-1.27.1.jar:/home/runner/.m2/repository/io/confluent/kafka-schema-serializer/8.0.0/kafka-schema-serializer-8.0.0.jar:/home/runner/.m2/repository/com/fasterxml/jackson/dataformat/jackson-dataformat-csv/2.18.2/jackson-dataformat-csv-2.18.2.jar:/home/runner/.m2/repository/io/confluent/kafka-schema-registry-client/8.0.0/kafka-schema-registry-client-8.0.0.jar:/home/runner/.m2/repository/org/yaml/snakeyaml/2.3/snakeyaml-2.3.jar:/home/runner/.m2/repository/io/swagger/core/v3/swagger-annotations/2.2.29/swagger-annotations-2.2.29.jar:/home/runner/.m2/repository/com/google/guava/guava/33.4.0-jre/guava-33.4.0-jre.jar:/home/runner/.m2/repository/com/google/guava/failureaccess/1.0.1/failureaccess-1.0.1.jar:/home/runner/.m2/repository/org/checkerframework/checker-qual/3.49.0/checker-qual-3.49.0.jar:/home/runner/.m2/repository/io/confluent/logredactor/1.0.13/logredactor-1.0.13.jar:/home/runner/.m2/repository/com/google/re2j/re2j/1.6/re2j-1.6.jar:/home/runner/.m2/repository/io/confluent/logredactor-metrics/1.0.13/logredactor-metrics-1.0.13.jar:/home/runner/.m2/repository/com/eclipsesource/minimal-json/minimal-json/0.9.5/minimal-json-0.9.5.jar:/home/runner/.m2/repository/io/confluent/common-utils/8.0.0/common-utils-8.0.0.jar:/home/runner/.m2/repository/io/confluent/kafka-connect-avro-converter/8.0.0/kafka-connect-avro-converter-8.0.0.jar:/home/runner/.m2/repository/io/confluent/kafka-connect-avro-data/8.0.0/kafka-connect-avro-data-8.0.0.jar:/home/runner/.m2/repository/io/confluent/kafka-schema-converter/8.0.0/kafka-schema-converter-8.0.0.jar:/home/runner/.m2/repository/io/rest-assured/rest-assured/5.5.1/rest-assured-5.5.1.jar:/home/runner/.m2/repository/org/apache/groovy/groovy/4.0.22/groovy-4.0.22.jar:/home/runner/.m2/repository/org/apache/groovy/groovy-xml/4.0.22/groovy-xml-4.0.22.jar:/home/runner/.m2/repository/org/apache/httpcomponents/httpclient/4.5.14/httpclient-4.5.14.jar:/home/runner/.m2/repository/org/apache/httpcomponents/httpcore/4.4.16/httpcore-4.4.16.jar:/home/runner/.m2/repository/org/apache/httpcomponents/httpmime/4.5.14/httpmime-4.5.14.jar:/home/runner/.m2/repository/org/hamcrest/hamcrest/2.2/hamcrest-2.2.jar:/home/runner/.m2/repository/org/ccil/cowan/tagsoup/tagsoup/1.2.1/tagsoup-1.2.1.jar:/home/runner/.m2/repository/io/rest-assured/json-path/5.5.1/json-path-5.5.1.jar:/home/runner/.m2/repository/org/apache/groovy/groovy-json/4.0.22/groovy-json-4.0.22.jar:/home/runner/.m2/repository/io/rest-assured/rest-assured-common/5.5.1/rest-assured-common-5.5.1.jar:/home/runner/.m2/repository/io/rest-assured/xml-path/5.5.1/xml-path-5.5.1.jar:/home/runner/.m2/repository/io/zonky/test/embedded-postgres/2.1.0/embedded-postgres-2.1.0.jar:/home/runner/.m2/repository/io/zonky/test/postgres/embedded-postgres-binaries-windows-amd64/14.15.0/embedded-postgres-binaries-windows-amd64-14.15.0.jar:/home/runner/.m2/repository/io/zonky/test/postgres/embedded-postgres-binaries-darwin-amd64/14.15.0/embedded-postgres-binaries-darwin-amd64-14.15.0.jar:/home/runner/.m2/repository/io/zonky/test/postgres/embedded-postgres-binaries-linux-amd64/14.15.0/embedded-postgres-binaries-linux-amd64-14.15.0.jar:/home/runner/.m2/repository/io/zonky/test/postgres/embedded-postgres-binaries-linux-amd64-alpine/14.15.0/embedded-postgres-binaries-linux-amd64-alpine-14.15.0.jar:/home/runner/.m2/repository/org/apache/commons/commons-lang3/3.17.0/commons-lang3-3.17.0.jar:/home/runner/.m2/repository/org/tukaani/xz/1.10/xz-1.10.jar:/home/runner/.m2/repository/commons-codec/commons-codec/1.19.0/commons-codec-1.19.0.jar:/home/runner/.m2/repository/org/postgresql/postgresql/42.7.7/postgresql-42.7.7.jar:/home/runner/.m2/repository/commons-io/commons-io/2.18.0/commons-io-2.18.0.jar:/home/runner/work/apicurio-testing/apicurio-testing/clusters/ci419/namespaces/ksql043/tests/integration/apicurio-registry/utils/importexport/target/apicurio-registry-utils-import-export-3.0.12-SNAPSHOT.jar:/home/runner/.m2/repository/io/vertx/vertx-core/4.5.16/vertx-core-4.5.16.jar:/home/runner/.m2/repository/io/netty/netty-common/4.1.121.Final/netty-common-4.1.121.Final.jar:/home/runner/.m2/repository/io/netty/netty-buffer/4.1.121.Final/netty-buffer-4.1.121.Final.jar:/home/runner/.m2/repository/io/netty/netty-transport/4.1.121.Final/netty-transport-4.1.121.Final.jar:/home/runner/.m2/repository/io/netty/netty-handler/4.1.121.Final/netty-handler-4.1.121.Final.jar:/home/runner/.m2/repository/io/netty/netty-transport-native-unix-common/4.1.121.Final/netty-transport-native-unix-common-4.1.121.Final.jar:/home/runner/.m2/repository/io/netty/netty-codec/4.1.121.Final/netty-codec-4.1.121.Final.jar:/home/runner/.m2/repository/io/netty/netty-handler-proxy/4.1.121.Final/netty-handler-proxy-4.1.121.Final.jar:/home/runner/.m2/repository/io/netty/netty-codec-socks/4.1.121.Final/netty-codec-socks-4.1.121.Final.jar:/home/runner/.m2/repository/io/netty/netty-codec-http/4.1.121.Final/netty-codec-http-4.1.121.Final.jar:/home/runner/.m2/repository/io/netty/netty-codec-http2/4.1.121.Final/netty-codec-http2-4.1.121.Final.jar:/home/runner/.m2/repository/io/netty/netty-resolver/4.1.121.Final/netty-resolver-4.1.121.Final.jar:/home/runner/.m2/repository/io/netty/netty-resolver-dns/4.1.121.Final/netty-resolver-dns-4.1.121.Final.jar:/home/runner/.m2/repository/io/netty/netty-codec-dns/4.1.121.Final/netty-codec-dns-4.1.121.Final.jar:/home/runner/.m2/repository/com/fasterxml/jackson/core/jackson-core/2.18.2/jackson-core-2.18.2.jar:"/>
    <property name="java.vm.vendor" value="Eclipse Adoptium"/>
    <property name="maven.javadoc.skip" value="true"/>
    <property name="sun.arch.data.model" value="64"/>
    <property name="java.vendor.url" value="https://adoptium.net/"/>
    <property name="user.timezone" value="Etc/UTC"/>
    <property name="os.name" value="Linux"/>
    <property name="java.vm.specification.version" value="17"/>
    <property name="sun.java.launcher" value="SUN_STANDARD"/>
    <property name="quarkus.http.test-port" value="80"/>
    <property name="sun.boot.library.path" value="/usr/lib/jvm/temurin-17-jdk-amd64/lib"/>
    <property name="sun.java.command" value="/home/runner/work/apicurio-testing/apicurio-testing/clusters/ci419/namespaces/ksql043/tests/integration/apicurio-registry/integration-tests/target/surefire/surefirebooter-20250813022114595_3.jar /home/runner/work/apicurio-testing/apicurio-testing/clusters/ci419/namespaces/ksql043/tests/integration/apicurio-registry/integration-tests/target/surefire 2025-08-13T02-21-14_489-jvmRun1 surefire-20250813022114595_1tmp surefire_0-20250813022114595_2tmp"/>
    <property name="maven.home" value="/home/runner/.m2/wrapper/dists/apache-maven-3.9.8-bin/4fnp1ql35bgk2a0p7m31ovbgb0/apache-maven-3.9.8"/>
    <property name="jdk.debug" value="release"/>
    <property name="surefire.test.class.path" value="/home/runner/work/apicurio-testing/apicurio-testing/clusters/ci419/namespaces/ksql043/tests/integration/apicurio-registry/integration-tests/target/test-classes:/home/runner/work/apicurio-testing/apicurio-testing/clusters/ci419/namespaces/ksql043/tests/integration/apicurio-registry/integration-tests/target/apicurio-registry-integration-tests-3.0.12-SNAPSHOT.jar:/home/runner/.m2/repository/io/quarkus/quarkus-junit5/3.20.2/quarkus-junit5-3.20.2.jar:/home/runner/.m2/repository/io/quarkus/quarkus-bootstrap-core/3.20.2/quarkus-bootstrap-core-3.20.2.jar:/home/runner/.m2/repository/io/quarkus/quarkus-classloader-commons/3.20.2/quarkus-classloader-commons-3.20.2.jar:/home/runner/.m2/repository/io/quarkus/quarkus-bootstrap-app-model/3.20.2/quarkus-bootstrap-app-model-3.20.2.jar:/home/runner/.m2/repository/io/smallrye/common/smallrye-common-io/2.12.0/smallrye-common-io-2.12.0.jar:/home/runner/.m2/repository/org/eclipse/sisu/org.eclipse.sisu.inject/0.9.0.M3/org.eclipse.sisu.inject-0.9.0.M3.jar:/home/runner/.m2/repository/io/quarkus/quarkus-test-common/3.20.2/quarkus-test-common-3.20.2.jar:/home/runner/.m2/repository/io/quarkus/quarkus-core-deployment/3.20.2/quarkus-core-deployment-3.20.2.jar:/home/runner/.m2/repository/org/aesh/readline/2.6/readline-2.6.jar:/home/runner/.m2/repository/org/fusesource/jansi/jansi/2.4.0/jansi-2.4.0.jar:/home/runner/.m2/repository/org/aesh/aesh/2.8.2/aesh-2.8.2.jar:/home/runner/.m2/repository/io/quarkus/gizmo/gizmo/1.8.0/gizmo-1.8.0.jar:/home/runner/.m2/repository/org/ow2/asm/asm-util/9.7.1/asm-util-9.7.1.jar:/home/runner/.m2/repository/org/ow2/asm/asm-analysis/9.7.1/asm-analysis-9.7.1.jar:/home/runner/.m2/repository/org/ow2/asm/asm-commons/9.7.1/asm-commons-9.7.1.jar:/home/runner/.m2/repository/org/ow2/asm/asm-tree/9.7.1/asm-tree-9.7.1.jar:/home/runner/.m2/repository/io/quarkus/quarkus-hibernate-validator-spi/3.20.2/quarkus-hibernate-validator-spi-3.20.2.jar:/home/runner/.m2/repository/io/quarkus/quarkus-class-change-agent/3.20.2/quarkus-class-change-agent-3.20.2.jar:/home/runner/.m2/repository/io/quarkus/quarkus-devtools-utilities/3.20.2/quarkus-devtools-utilities-3.20.2.jar:/home/runner/.m2/repository/io/quarkus/quarkus-builder/3.20.2/quarkus-builder-3.20.2.jar:/home/runner/.m2/repository/org/graalvm/sdk/nativeimage/23.1.2/nativeimage-23.1.2.jar:/home/runner/.m2/repository/org/graalvm/sdk/word/23.1.2/word-23.1.2.jar:/home/runner/.m2/repository/io/quarkus/quarkus-bootstrap-maven-resolver/3.20.2/quarkus-bootstrap-maven-resolver-3.20.2.jar:/home/runner/.m2/repository/io/smallrye/beanbag/smallrye-beanbag-maven/1.5.2/smallrye-beanbag-maven-1.5.2.jar:/home/runner/.m2/repository/io/smallrye/beanbag/smallrye-beanbag-sisu/1.5.2/smallrye-beanbag-sisu-1.5.2.jar:/home/runner/.m2/repository/io/smallrye/beanbag/smallrye-beanbag/1.5.2/smallrye-beanbag-1.5.2.jar:/home/runner/.m2/repository/javax/inject/javax.inject/1/javax.inject-1.jar:/home/runner/.m2/repository/org/apache/maven/maven-artifact/3.9.9/maven-artifact-3.9.9.jar:/home/runner/.m2/repository/org/apache/maven/maven-builder-support/3.9.9/maven-builder-support-3.9.9.jar:/home/runner/.m2/repository/org/apache/maven/maven-model/3.9.9/maven-model-3.9.9.jar:/home/runner/.m2/repository/org/apache/maven/maven-model-builder/3.9.9/maven-model-builder-3.9.9.jar:/home/runner/.m2/repository/org/apache/maven/maven-repository-metadata/3.9.9/maven-repository-metadata-3.9.9.jar:/home/runner/.m2/repository/org/apache/maven/maven-settings/3.9.9/maven-settings-3.9.9.jar:/home/runner/.m2/repository/org/apache/maven/resolver/maven-resolver-api/1.9.22/maven-resolver-api-1.9.22.jar:/home/runner/.m2/repository/org/apache/maven/resolver/maven-resolver-impl/1.9.22/maven-resolver-impl-1.9.22.jar:/home/runner/.m2/repository/org/apache/maven/resolver/maven-resolver-named-locks/1.9.22/maven-resolver-named-locks-1.9.22.jar:/home/runner/.m2/repository/org/apache/maven/resolver/maven-resolver-spi/1.9.22/maven-resolver-spi-1.9.22.jar:/home/runner/.m2/repository/org/apache/maven/resolver/maven-resolver-util/1.9.22/maven-resolver-util-1.9.22.jar:/home/runner/.m2/repository/org/apache/maven/resolver/maven-resolver-transport-http/1.9.20/maven-resolver-transport-http-1.9.20.jar:/home/runner/.m2/repository/org/apache/maven/wagon/wagon-provider-api/3.5.3/wagon-provider-api-3.5.3.jar:/home/runner/.m2/repository/org/apache/maven/wagon/wagon-http-shared/3.5.3/wagon-http-shared-3.5.3.jar:/home/runner/.m2/repository/org/codehaus/plexus/plexus-interpolation/1.26/plexus-interpolation-1.26.jar:/home/runner/.m2/repository/org/codehaus/plexus/plexus-utils/3.5.1/plexus-utils-3.5.1.jar:/home/runner/.m2/repository/org/codehaus/plexus/plexus-xml/4.0.1/plexus-xml-4.0.1.jar:/home/runner/.m2/repository/org/apache/maven/maven-xml-impl/4.0.0-alpha-5/maven-xml-impl-4.0.0-alpha-5.jar:/home/runner/.m2/repository/org/apache/maven/maven-api-xml/4.0.0-alpha-5/maven-api-xml-4.0.0-alpha-5.jar:/home/runner/.m2/repository/org/apache/maven/maven-api-meta/4.0.0-alpha-5/maven-api-meta-4.0.0-alpha-5.jar:/home/runner/.m2/repository/org/codehaus/plexus/plexus-cipher/2.0/plexus-cipher-2.0.jar:/home/runner/.m2/repository/org/codehaus/plexus/plexus-sec-dispatcher/2.0/plexus-sec-dispatcher-2.0.jar:/home/runner/.m2/repository/org/apache/maven/maven-embedder/3.9.9/maven-embedder-3.9.9.jar:/home/runner/.m2/repository/org/apache/maven/maven-core/3.9.9/maven-core-3.9.9.jar:/home/runner/.m2/repository/org/codehaus/plexus/plexus-component-annotations/2.1.0/plexus-component-annotations-2.1.0.jar:/home/runner/.m2/repository/org/apache/maven/maven-plugin-api/3.9.9/maven-plugin-api-3.9.9.jar:/home/runner/.m2/repository/org/apache/maven/shared/maven-shared-utils/3.4.2/maven-shared-utils-3.4.2.jar:/home/runner/.m2/repository/com/google/inject/guice/5.1.0/guice-5.1.0.jar:/home/runner/.m2/repository/aopalliance/aopalliance/1.0/aopalliance-1.0.jar:/home/runner/.m2/repository/org/codehaus/plexus/plexus-classworlds/2.6.0/plexus-classworlds-2.6.0.jar:/home/runner/.m2/repository/commons-cli/commons-cli/1.8.0/commons-cli-1.8.0.jar:/home/runner/.m2/repository/org/eclipse/sisu/org.eclipse.sisu.plexus/0.9.0.M3/org.eclipse.sisu.plexus-0.9.0.M3.jar:/home/runner/.m2/repository/org/apache/maven/maven-settings-builder/3.9.9/maven-settings-builder-3.9.9.jar:/home/runner/.m2/repository/org/apache/maven/maven-resolver-provider/3.9.9/maven-resolver-provider-3.9.9.jar:/home/runner/.m2/repository/org/apache/maven/resolver/maven-resolver-connector-basic/1.9.22/maven-resolver-connector-basic-1.9.22.jar:/home/runner/.m2/repository/org/apache/maven/resolver/maven-resolver-transport-wagon/1.9.22/maven-resolver-transport-wagon-1.9.22.jar:/home/runner/.m2/repository/org/apache/maven/wagon/wagon-http/3.5.3/wagon-http-3.5.3.jar:/home/runner/.m2/repository/org/apache/maven/wagon/wagon-file/3.5.3/wagon-file-3.5.3.jar:/home/runner/.m2/repository/io/quarkus/quarkus-bootstrap-gradle-resolver/3.20.2/quarkus-bootstrap-gradle-resolver-3.20.2.jar:/home/runner/.m2/repository/io/smallrye/jandex/3.3.0/jandex-3.3.0.jar:/home/runner/.m2/repository/org/jboss/logging/commons-logging-jboss-logging/1.0.0.Final/commons-logging-jboss-logging-1.0.0.Final.jar:/home/runner/.m2/repository/io/quarkus/quarkus-junit5-config/3.20.2/quarkus-junit5-config-3.20.2.jar:/home/runner/.m2/repository/org/junit/jupiter/junit-jupiter-api/5.12.1/junit-jupiter-api-5.12.1.jar:/home/runner/.m2/repository/io/smallrye/config/smallrye-config/3.11.4/smallrye-config-3.11.4.jar:/home/runner/.m2/repository/io/smallrye/config/smallrye-config-core/3.11.4/smallrye-config-core-3.11.4.jar:/home/runner/.m2/repository/io/smallrye/common/smallrye-common-classloader/2.12.0/smallrye-common-classloader-2.12.0.jar:/home/runner/.m2/repository/io/smallrye/config/smallrye-config-common/3.11.4/smallrye-config-common-3.11.4.jar:/home/runner/.m2/repository/org/junit/jupiter/junit-jupiter/5.12.1/junit-jupiter-5.12.1.jar:/home/runner/.m2/repository/org/junit/jupiter/junit-jupiter-params/5.12.1/junit-jupiter-params-5.12.1.jar:/home/runner/.m2/repository/org/junit/jupiter/junit-jupiter-engine/5.12.1/junit-jupiter-engine-5.12.1.jar:/home/runner/.m2/repository/io/quarkus/quarkus-core/3.20.2/quarkus-core-3.20.2.jar:/home/runner/.m2/repository/jakarta/enterprise/jakarta.enterprise.cdi-api/4.1.0/jakarta.enterprise.cdi-api-4.1.0.jar:/home/runner/.m2/repository/jakarta/enterprise/jakarta.enterprise.lang-model/4.1.0/jakarta.enterprise.lang-model-4.1.0.jar:/home/runner/.m2/repository/jakarta/el/jakarta.el-api/5.0.1/jakarta.el-api-5.0.1.jar:/home/runner/.m2/repository/jakarta/interceptor/jakarta.interceptor-api/2.2.0/jakarta.interceptor-api-2.2.0.jar:/home/runner/.m2/repository/jakarta/inject/jakarta.inject-api/2.0.1/jakarta.inject-api-2.0.1.jar:/home/runner/.m2/repository/io/smallrye/common/smallrye-common-os/2.12.0/smallrye-common-os-2.12.0.jar:/home/runner/.m2/repository/io/quarkus/quarkus-ide-launcher/3.20.2/quarkus-ide-launcher-3.20.2.jar:/home/runner/.m2/repository/io/quarkus/quarkus-development-mode-spi/3.20.2/quarkus-development-mode-spi-3.20.2.jar:/home/runner/.m2/repository/org/jboss/logging/jboss-logging/3.6.1.Final/jboss-logging-3.6.1.Final.jar:/home/runner/.m2/repository/org/jboss/logmanager/jboss-logmanager/3.1.2.Final/jboss-logmanager-3.1.2.Final.jar:/home/runner/.m2/repository/io/smallrye/common/smallrye-common-constraint/2.12.0/smallrye-common-constraint-2.12.0.jar:/home/runner/.m2/repository/io/smallrye/common/smallrye-common-cpu/2.12.0/smallrye-common-cpu-2.12.0.jar:/home/runner/.m2/repository/io/smallrye/common/smallrye-common-expression/2.12.0/smallrye-common-expression-2.12.0.jar:/home/runner/.m2/repository/io/smallrye/common/smallrye-common-net/2.12.0/smallrye-common-net-2.12.0.jar:/home/runner/.m2/repository/io/smallrye/common/smallrye-common-ref/2.12.0/smallrye-common-ref-2.12.0.jar:/home/runner/.m2/repository/jakarta/json/jakarta.json-api/2.1.3/jakarta.json-api-2.1.3.jar:/home/runner/.m2/repository/org/eclipse/parsson/parsson/1.1.7/parsson-1.1.7.jar:/home/runner/.m2/repository/org/jboss/logging/jboss-logging-annotations/3.0.4.Final/jboss-logging-annotations-3.0.4.Final.jar:/home/runner/.m2/repository/org/jboss/threads/jboss-threads/3.8.0.Final/jboss-threads-3.8.0.Final.jar:/home/runner/.m2/repository/io/smallrye/common/smallrye-common-annotation/2.12.0/smallrye-common-annotation-2.12.0.jar:/home/runner/.m2/repository/io/smallrye/common/smallrye-common-function/2.12.0/smallrye-common-function-2.12.0.jar:/home/runner/.m2/repository/org/jboss/slf4j/slf4j-jboss-logmanager/2.0.0.Final/slf4j-jboss-logmanager-2.0.0.Final.jar:/home/runner/.m2/repository/org/wildfly/common/wildfly-common/2.0.1/wildfly-common-2.0.1.jar:/home/runner/.m2/repository/io/quarkus/quarkus-bootstrap-runner/3.20.2/quarkus-bootstrap-runner-3.20.2.jar:/home/runner/.m2/repository/io/github/crac/org-crac/0.1.3/org-crac-0.1.3.jar:/home/runner/.m2/repository/io/quarkus/quarkus-fs-util/0.0.10/quarkus-fs-util-0.0.10.jar:/home/runner/.m2/repository/org/jboss/marshalling/jboss-marshalling/2.2.2.Final/jboss-marshalling-2.2.2.Final.jar:/home/runner/.m2/repository/io/fabric8/kubernetes-client/7.1.0/kubernetes-client-7.1.0.jar:/home/runner/.m2/repository/io/fabric8/kubernetes-client-api/7.1.0/kubernetes-client-api-7.1.0.jar:/home/runner/.m2/repository/io/fabric8/kubernetes-model-core/7.1.0/kubernetes-model-core-7.1.0.jar:/home/runner/.m2/repository/io/fabric8/kubernetes-model-common/7.1.0/kubernetes-model-common-7.1.0.jar:/home/runner/.m2/repository/javax/annotation/javax.annotation-api/1.3.2/javax.annotation-api-1.3.2.jar:/home/runner/.m2/repository/io/fabric8/kubernetes-model-gatewayapi/7.1.0/kubernetes-model-gatewayapi-7.1.0.jar:/home/runner/.m2/repository/io/fabric8/kubernetes-model-resource/7.1.0/kubernetes-model-resource-7.1.0.jar:/home/runner/.m2/repository/io/fabric8/kubernetes-model-rbac/7.1.0/kubernetes-model-rbac-7.1.0.jar:/home/runner/.m2/repository/io/fabric8/kubernetes-model-admissionregistration/7.1.0/kubernetes-model-admissionregistration-7.1.0.jar:/home/runner/.m2/repository/io/fabric8/kubernetes-model-apps/7.1.0/kubernetes-model-apps-7.1.0.jar:/home/runner/.m2/repository/io/fabric8/kubernetes-model-autoscaling/7.1.0/kubernetes-model-autoscaling-7.1.0.jar:/home/runner/.m2/repository/io/fabric8/kubernetes-model-apiextensions/7.1.0/kubernetes-model-apiextensions-7.1.0.jar:/home/runner/.m2/repository/io/fabric8/kubernetes-model-batch/7.1.0/kubernetes-model-batch-7.1.0.jar:/home/runner/.m2/repository/io/fabric8/kubernetes-model-certificates/7.1.0/kubernetes-model-certificates-7.1.0.jar:/home/runner/.m2/repository/io/fabric8/kubernetes-model-coordination/7.1.0/kubernetes-model-coordination-7.1.0.jar:/home/runner/.m2/repository/io/fabric8/kubernetes-model-discovery/7.1.0/kubernetes-model-discovery-7.1.0.jar:/home/runner/.m2/repository/io/fabric8/kubernetes-model-events/7.1.0/kubernetes-model-events-7.1.0.jar:/home/runner/.m2/repository/io/fabric8/kubernetes-model-extensions/7.1.0/kubernetes-model-extensions-7.1.0.jar:/home/runner/.m2/repository/io/fabric8/kubernetes-model-flowcontrol/7.1.0/kubernetes-model-flowcontrol-7.1.0.jar:/home/runner/.m2/repository/io/fabric8/kubernetes-model-networking/7.1.0/kubernetes-model-networking-7.1.0.jar:/home/runner/.m2/repository/io/fabric8/kubernetes-model-metrics/7.1.0/kubernetes-model-metrics-7.1.0.jar:/home/runner/.m2/repository/io/fabric8/kubernetes-model-policy/7.1.0/kubernetes-model-policy-7.1.0.jar:/home/runner/.m2/repository/io/fabric8/kubernetes-model-scheduling/7.1.0/kubernetes-model-scheduling-7.1.0.jar:/home/runner/.m2/repository/io/fabric8/kubernetes-model-storageclass/7.1.0/kubernetes-model-storageclass-7.1.0.jar:/home/runner/.m2/repository/io/fabric8/kubernetes-model-node/7.1.0/kubernetes-model-node-7.1.0.jar:/home/runner/.m2/repository/org/snakeyaml/snakeyaml-engine/2.9/snakeyaml-engine-2.9.jar:/home/runner/.m2/repository/com/fasterxml/jackson/dataformat/jackson-dataformat-yaml/2.18.2/jackson-dataformat-yaml-2.18.2.jar:/home/runner/.m2/repository/com/fasterxml/jackson/datatype/jackson-datatype-jsr310/2.18.2/jackson-datatype-jsr310-2.18.2.jar:/home/runner/.m2/repository/io/fabric8/zjsonpatch/7.1.0/zjsonpatch-7.1.0.jar:/home/runner/.m2/repository/io/fabric8/kubernetes-httpclient-vertx/7.1.0/kubernetes-httpclient-vertx-7.1.0.jar:/home/runner/.m2/repository/io/vertx/vertx-web-client/4.5.16/vertx-web-client-4.5.16.jar:/home/runner/.m2/repository/io/vertx/vertx-web-common/4.5.16/vertx-web-common-4.5.16.jar:/home/runner/.m2/repository/io/vertx/vertx-auth-common/4.5.16/vertx-auth-common-4.5.16.jar:/home/runner/.m2/repository/io/vertx/vertx-uri-template/4.5.16/vertx-uri-template-4.5.16.jar:/home/runner/.m2/repository/io/fabric8/openshift-client/7.1.0/openshift-client-7.1.0.jar:/home/runner/.m2/repository/io/fabric8/openshift-client-api/7.1.0/openshift-client-api-7.1.0.jar:/home/runner/.m2/repository/io/fabric8/openshift-model/7.1.0/openshift-model-7.1.0.jar:/home/runner/.m2/repository/io/fabric8/openshift-model-autoscaling/7.1.0/openshift-model-autoscaling-7.1.0.jar:/home/runner/.m2/repository/io/fabric8/openshift-model-operator/7.1.0/openshift-model-operator-7.1.0.jar:/home/runner/.m2/repository/io/fabric8/openshift-model-operatorhub/7.1.0/openshift-model-operatorhub-7.1.0.jar:/home/runner/.m2/repository/io/fabric8/openshift-model-machine/7.1.0/openshift-model-machine-7.1.0.jar:/home/runner/.m2/repository/io/fabric8/openshift-model-whereabouts/7.1.0/openshift-model-whereabouts-7.1.0.jar:/home/runner/.m2/repository/io/fabric8/openshift-model-monitoring/7.1.0/openshift-model-monitoring-7.1.0.jar:/home/runner/.m2/repository/io/fabric8/openshift-model-storageversionmigrator/7.1.0/openshift-model-storageversionmigrator-7.1.0.jar:/home/runner/.m2/repository/io/fabric8/openshift-model-tuned/7.1.0/openshift-model-tuned-7.1.0.jar:/home/runner/.m2/repository/io/fabric8/openshift-model-console/7.1.0/openshift-model-console-7.1.0.jar:/home/runner/.m2/repository/io/fabric8/openshift-model-config/7.1.0/openshift-model-config-7.1.0.jar:/home/runner/.m2/repository/io/fabric8/openshift-model-machineconfiguration/7.1.0/openshift-model-machineconfiguration-7.1.0.jar:/home/runner/.m2/repository/io/fabric8/openshift-model-miscellaneous/7.1.0/openshift-model-miscellaneous-7.1.0.jar:/home/runner/.m2/repository/io/fabric8/openshift-model-hive/7.1.0/openshift-model-hive-7.1.0.jar:/home/runner/.m2/repository/io/fabric8/openshift-model-installer/7.1.0/openshift-model-installer-7.1.0.jar:/home/runner/.m2/repository/org/junit/platform/junit-platform-launcher/1.12.1/junit-platform-launcher-1.12.1.jar:/home/runner/.m2/repository/org/junit/platform/junit-platform-engine/1.12.1/junit-platform-engine-1.12.1.jar:/home/runner/.m2/repository/org/opentest4j/opentest4j/1.3.0/opentest4j-1.3.0.jar:/home/runner/.m2/repository/org/junit/platform/junit-platform-commons/1.12.1/junit-platform-commons-1.12.1.jar:/home/runner/.m2/repository/org/apiguardian/apiguardian-api/1.1.2/apiguardian-api-1.1.2.jar:/home/runner/.m2/repository/jakarta/ws/rs/jakarta.ws.rs-api/3.1.0/jakarta.ws.rs-api-3.1.0.jar:/home/runner/work/apicurio-testing/apicurio-testing/clusters/ci419/namespaces/ksql043/tests/integration/apicurio-registry/java-sdk/target/apicurio-registry-java-sdk-3.0.12-SNAPSHOT.jar:/home/runner/.m2/repository/com/microsoft/kiota/microsoft-kiota-abstractions/1.8.9/microsoft-kiota-abstractions-1.8.9.jar:/home/runner/.m2/repository/io/github/std-uritemplate/std-uritemplate/2.0.0/std-uritemplate-2.0.0.jar:/home/runner/.m2/repository/io/kiota/kiota-http-jdk/0.0.29/kiota-http-jdk-0.0.29.jar:/home/runner/.m2/repository/io/kiota/kiota-http-vertx/0.0.29/kiota-http-vertx-0.0.29.jar:/home/runner/.m2/repository/io/kiota/kiota-serialization-jackson/0.0.29/kiota-serialization-jackson-0.0.29.jar:/home/runner/.m2/repository/com/microsoft/kiota/microsoft-kiota-serialization-text/1.8.9/microsoft-kiota-serialization-text-1.8.9.jar:/home/runner/.m2/repository/com/microsoft/kiota/microsoft-kiota-serialization-form/1.8.9/microsoft-kiota-serialization-form-1.8.9.jar:/home/runner/.m2/repository/com/microsoft/kiota/microsoft-kiota-serialization-multipart/1.8.9/microsoft-kiota-serialization-multipart-1.8.9.jar:/home/runner/.m2/repository/jakarta/annotation/jakarta.annotation-api/3.0.0/jakarta.annotation-api-3.0.0.jar:/home/runner/.m2/repository/io/vertx/vertx-auth-oauth2/4.5.16/vertx-auth-oauth2-4.5.16.jar:/home/runner/work/apicurio-testing/apicurio-testing/clusters/ci419/namespaces/ksql043/tests/integration/apicurio-registry/java-sdk-v2/target/apicurio-registry-v2-java-sdk-3.0.12-SNAPSHOT.jar:/home/runner/work/apicurio-testing/apicurio-testing/clusters/ci419/namespaces/ksql043/tests/integration/apicurio-registry/utils/kafka/target/apicurio-registry-utils-kafka-3.0.12-SNAPSHOT-tests.jar:/home/runner/.m2/repository/org/eclipse/microprofile/config/microprofile-config-api/3.1/microprofile-config-api-3.1.jar:/home/runner/.m2/repository/org/apache/kafka/kafka-clients/3.9.1/kafka-clients-3.9.1.jar:/home/runner/.m2/repository/com/github/luben/zstd-jni/1.5.6-4/zstd-jni-1.5.6-4.jar:/home/runner/.m2/repository/org/lz4/lz4-java/1.8.0/lz4-java-1.8.0.jar:/home/runner/.m2/repository/org/xerial/snappy/snappy-java/1.1.10.5/snappy-java-1.1.10.5.jar:/home/runner/.m2/repository/org/slf4j/slf4j-api/2.0.6/slf4j-api-2.0.6.jar:/home/runner/work/apicurio-testing/apicurio-testing/clusters/ci419/namespaces/ksql043/tests/integration/apicurio-registry/utils/tests/target/apicurio-registry-utils-tests-3.0.12-SNAPSHOT.jar:/home/runner/work/apicurio-testing/apicurio-testing/clusters/ci419/namespaces/ksql043/tests/integration/apicurio-registry/common/target/apicurio-registry-common-3.0.12-SNAPSHOT.jar:/home/runner/.m2/repository/jakarta/validation/jakarta.validation-api/3.0.2/jakarta.validation-api-3.0.2.jar:/home/runner/.m2/repository/com/github/dasniko/testcontainers-keycloak/3.8.0/testcontainers-keycloak-3.8.0.jar:/home/runner/.m2/repository/org/testcontainers/testcontainers/1.20.6/testcontainers-1.20.6.jar:/home/runner/.m2/repository/org/rnorth/duct-tape/duct-tape/1.0.8/duct-tape-1.0.8.jar:/home/runner/.m2/repository/com/github/docker-java/docker-java-transport-zerodep/3.4.1/docker-java-transport-zerodep-3.4.1.jar:/home/runner/.m2/repository/com/github/docker-java/docker-java-transport/3.4.1/docker-java-transport-3.4.1.jar:/home/runner/.m2/repository/net/java/dev/jna/jna/5.8.0/jna-5.8.0.jar:/home/runner/.m2/repository/io/quarkus/quarkus-junit4-mock/3.20.2/quarkus-junit4-mock-3.20.2.jar:/home/runner/.m2/repository/org/jboss/shrinkwrap/shrinkwrap-api/2.0.0-beta-2/shrinkwrap-api-2.0.0-beta-2.jar:/home/runner/.m2/repository/org/jboss/shrinkwrap/shrinkwrap-impl-base/2.0.0-beta-2/shrinkwrap-impl-base-2.0.0-beta-2.jar:/home/runner/.m2/repository/org/jboss/shrinkwrap/shrinkwrap-spi/2.0.0-beta-2/shrinkwrap-spi-2.0.0-beta-2.jar:/home/runner/.m2/repository/org/keycloak/keycloak-admin-client/26.0.4/keycloak-admin-client-26.0.4.jar:/home/runner/.m2/repository/org/keycloak/keycloak-client-common-synced/26.0.4/keycloak-client-common-synced-26.0.4.jar:/home/runner/.m2/repository/jakarta/activation/jakarta.activation-api/2.1.3/jakarta.activation-api-2.1.3.jar:/home/runner/.m2/repository/org/eclipse/microprofile/openapi/microprofile-openapi-api/4.0.2/microprofile-openapi-api-4.0.2.jar:/home/runner/.m2/repository/org/jboss/resteasy/resteasy-client/6.2.12.Final/resteasy-client-6.2.12.Final.jar:/home/runner/.m2/repository/org/jboss/resteasy/resteasy-client-api/6.2.12.Final/resteasy-client-api-6.2.12.Final.jar:/home/runner/.m2/repository/org/jboss/resteasy/resteasy-core-spi/6.2.12.Final/resteasy-core-spi-6.2.12.Final.jar:/home/runner/.m2/repository/org/jboss/resteasy/resteasy-core/6.2.12.Final/resteasy-core-6.2.12.Final.jar:/home/runner/.m2/repository/org/eclipse/angus/angus-activation/2.0.2/angus-activation-2.0.2.jar:/home/runner/.m2/repository/com/ibm/async/asyncutil/0.1.0/asyncutil-0.1.0.jar:/home/runner/.m2/repository/org/reactivestreams/reactive-streams/1.0.4/reactive-streams-1.0.4.jar:/home/runner/.m2/repository/org/jboss/resteasy/resteasy-multipart-provider/6.2.12.Final/resteasy-multipart-provider-6.2.12.Final.jar:/home/runner/.m2/repository/jakarta/mail/jakarta.mail-api/2.1.3/jakarta.mail-api-2.1.3.jar:/home/runner/.m2/repository/org/eclipse/angus/angus-mail/2.0.3/angus-mail-2.0.3.jar:/home/runner/.m2/repository/org/apache/james/apache-mime4j-dom/0.8.12/apache-mime4j-dom-0.8.12.jar:/home/runner/.m2/repository/org/apache/james/apache-mime4j-core/0.8.12/apache-mime4j-core-0.8.12.jar:/home/runner/.m2/repository/org/apache/james/apache-mime4j-storage/0.8.12/apache-mime4j-storage-0.8.12.jar:/home/runner/.m2/repository/org/jboss/resteasy/resteasy-jackson2-provider/6.2.12.Final/resteasy-jackson2-provider-6.2.12.Final.jar:/home/runner/.m2/repository/com/fasterxml/jackson/jakarta/rs/jackson-jakarta-rs-base/2.18.2/jackson-jakarta-rs-base-2.18.2.jar:/home/runner/.m2/repository/com/fasterxml/jackson/jakarta/rs/jackson-jakarta-rs-json-provider/2.18.2/jackson-jakarta-rs-json-provider-2.18.2.jar:/home/runner/.m2/repository/com/fasterxml/jackson/module/jackson-module-jakarta-xmlbind-annotations/2.18.2/jackson-module-jakarta-xmlbind-annotations-2.18.2.jar:/home/runner/.m2/repository/com/github/java-json-tools/json-patch/1.13/json-patch-1.13.jar:/home/runner/.m2/repository/com/github/java-json-tools/msg-simple/1.2/msg-simple-1.2.jar:/home/runner/.m2/repository/com/github/java-json-tools/btf/1.3/btf-1.3.jar:/home/runner/.m2/repository/com/github/java-json-tools/jackson-coreutils/2.0/jackson-coreutils-2.0.jar:/home/runner/.m2/repository/org/jboss/resteasy/resteasy-jaxb-provider/6.2.12.Final/resteasy-jaxb-provider-6.2.12.Final.jar:/home/runner/.m2/repository/org/glassfish/jaxb/codemodel/4.0.5/codemodel-4.0.5.jar:/home/runner/.m2/repository/org/glassfish/jaxb/jaxb-core/4.0.5/jaxb-core-4.0.5.jar:/home/runner/.m2/repository/org/glassfish/jaxb/jaxb-jxc/4.0.5/jaxb-jxc-4.0.5.jar:/home/runner/.m2/repository/org/glassfish/jaxb/jaxb-runtime/4.0.5/jaxb-runtime-4.0.5.jar:/home/runner/.m2/repository/org/glassfish/jaxb/txw2/4.0.5/txw2-4.0.5.jar:/home/runner/.m2/repository/org/glassfish/jaxb/jaxb-xjc/4.0.5/jaxb-xjc-4.0.5.jar:/home/runner/.m2/repository/org/glassfish/jaxb/xsom/4.0.5/xsom-4.0.5.jar:/home/runner/.m2/repository/com/sun/istack/istack-commons-runtime/4.1.2/istack-commons-runtime-4.1.2.jar:/home/runner/.m2/repository/com/sun/istack/istack-commons-tools/4.1.2/istack-commons-tools-4.1.2.jar:/home/runner/.m2/repository/com/sun/xml/bind/external/relaxng-datatype/4.0.5/relaxng-datatype-4.0.5.jar:/home/runner/.m2/repository/com/sun/xml/bind/external/rngom/4.0.5/rngom-4.0.5.jar:/home/runner/.m2/repository/org/testcontainers/mssqlserver/1.20.6/mssqlserver-1.20.6.jar:/home/runner/.m2/repository/org/testcontainers/jdbc/1.20.6/jdbc-1.20.6.jar:/home/runner/.m2/repository/org/testcontainers/database-commons/1.20.6/database-commons-1.20.6.jar:/home/runner/.m2/repository/org/testcontainers/mysql/1.20.6/mysql-1.20.6.jar:/home/runner/.m2/repository/io/strimzi/strimzi-test-container/0.111.0/strimzi-test-container-0.111.0.jar:/home/runner/.m2/repository/org/testcontainers/toxiproxy/1.20.6/toxiproxy-1.20.6.jar:/home/runner/.m2/repository/com/github/docker-java/docker-java-api/3.4.1/docker-java-api-3.4.1.jar:/home/runner/.m2/repository/org/apache/logging/log4j/log4j-slf4j-impl/2.19.0/log4j-slf4j-impl-2.19.0.jar:/home/runner/.m2/repository/org/apache/logging/log4j/log4j-api/2.24.3/log4j-api-2.24.3.jar:/home/runner/.m2/repository/org/apache/logging/log4j/log4j-core/2.19.0/log4j-core-2.19.0.jar:/home/runner/.m2/repository/eu/rekawek/toxiproxy/toxiproxy-java/2.1.7/toxiproxy-java-2.1.7.jar:/home/runner/.m2/repository/org/testcontainers/pulsar/1.21.3/pulsar-1.21.3.jar:/home/runner/.m2/repository/io/debezium/debezium-testing-testcontainers/2.7.4.Final/debezium-testing-testcontainers-2.7.4.Final.jar:/home/runner/.m2/repository/org/testcontainers/kafka/1.20.6/kafka-1.20.6.jar:/home/runner/.m2/repository/com/squareup/okhttp3/okhttp/4.8.1/okhttp-4.8.1.jar:/home/runner/.m2/repository/com/squareup/okio/okio/3.10.2/okio-3.10.2.jar:/home/runner/.m2/repository/com/squareup/okio/okio-jvm/3.10.2/okio-jvm-3.10.2.jar:/home/runner/.m2/repository/org/jetbrains/kotlin/kotlin-stdlib/2.0.21/kotlin-stdlib-2.0.21.jar:/home/runner/.m2/repository/org/awaitility/awaitility/4.3.0/awaitility-4.3.0.jar:/home/runner/.m2/repository/org/testcontainers/mongodb/1.20.6/mongodb-1.20.6.jar:/home/runner/.m2/repository/org/testcontainers/mariadb/1.20.6/mariadb-1.20.6.jar:/home/runner/.m2/repository/org/testcontainers/oracle-xe/1.20.6/oracle-xe-1.20.6.jar:/home/runner/.m2/repository/org/testcontainers/postgresql/1.20.6/postgresql-1.20.6.jar:/home/runner/.m2/repository/org/wiremock/wiremock/3.0.1/wiremock-3.0.1.jar:/home/runner/.m2/repository/org/eclipse/jetty/jetty-server/11.0.15/jetty-server-11.0.15.jar:/home/runner/.m2/repository/org/eclipse/jetty/toolchain/jetty-jakarta-servlet-api/5.0.2/jetty-jakarta-servlet-api-5.0.2.jar:/home/runner/.m2/repository/org/eclipse/jetty/jetty-http/11.0.15/jetty-http-11.0.15.jar:/home/runner/.m2/repository/org/eclipse/jetty/jetty-io/11.0.15/jetty-io-11.0.15.jar:/home/runner/.m2/repository/org/eclipse/jetty/jetty-servlet/11.0.15/jetty-servlet-11.0.15.jar:/home/runner/.m2/repository/org/eclipse/jetty/jetty-security/11.0.15/jetty-security-11.0.15.jar:/home/runner/.m2/repository/org/eclipse/jetty/jetty-servlets/11.0.15/jetty-servlets-11.0.15.jar:/home/runner/.m2/repository/org/eclipse/jetty/jetty-util/11.0.15/jetty-util-11.0.15.jar:/home/runner/.m2/repository/org/eclipse/jetty/jetty-webapp/11.0.15/jetty-webapp-11.0.15.jar:/home/runner/.m2/repository/org/eclipse/jetty/jetty-xml/11.0.15/jetty-xml-11.0.15.jar:/home/runner/.m2/repository/org/eclipse/jetty/jetty-proxy/11.0.15/jetty-proxy-11.0.15.jar:/home/runner/.m2/repository/org/eclipse/jetty/jetty-client/11.0.15/jetty-client-11.0.15.jar:/home/runner/.m2/repository/org/eclipse/jetty/http2/http2-server/11.0.15/http2-server-11.0.15.jar:/home/runner/.m2/repository/org/eclipse/jetty/http2/http2-common/11.0.15/http2-common-11.0.15.jar:/home/runner/.m2/repository/org/eclipse/jetty/http2/http2-hpack/11.0.15/http2-hpack-11.0.15.jar:/home/runner/.m2/repository/org/eclipse/jetty/jetty-alpn-server/11.0.15/jetty-alpn-server-11.0.15.jar:/home/runner/.m2/repository/org/eclipse/jetty/jetty-alpn-java-server/11.0.15/jetty-alpn-java-server-11.0.15.jar:/home/runner/.m2/repository/org/eclipse/jetty/jetty-alpn-java-client/11.0.15/jetty-alpn-java-client-11.0.15.jar:/home/runner/.m2/repository/org/eclipse/jetty/jetty-alpn-client/11.0.15/jetty-alpn-client-11.0.15.jar:/home/runner/.m2/repository/org/apache/httpcomponents/client5/httpclient5/5.2.1/httpclient5-5.2.1.jar:/home/runner/.m2/repository/org/apache/httpcomponents/core5/httpcore5/5.2/httpcore5-5.2.jar:/home/runner/.m2/repository/org/apache/httpcomponents/core5/httpcore5-h2/5.2/httpcore5-h2-5.2.jar:/home/runner/.m2/repository/org/xmlunit/xmlunit-core/2.9.1/xmlunit-core-2.9.1.jar:/home/runner/.m2/repository/jakarta/xml/bind/jakarta.xml.bind-api/4.0.2/jakarta.xml.bind-api-4.0.2.jar:/home/runner/.m2/repository/org/xmlunit/xmlunit-legacy/2.9.1/xmlunit-legacy-2.9.1.jar:/home/runner/.m2/repository/org/xmlunit/xmlunit-placeholders/2.9.1/xmlunit-placeholders-2.9.1.jar:/home/runner/.m2/repository/net/javacrumbs/json-unit/json-unit-core/2.38.0/json-unit-core-2.38.0.jar:/home/runner/.m2/repository/org/hamcrest/hamcrest-core/2.2/hamcrest-core-2.2.jar:/home/runner/.m2/repository/com/jayway/jsonpath/json-path/2.8.0/json-path-2.8.0.jar:/home/runner/.m2/repository/net/minidev/json-smart/2.4.10/json-smart-2.4.10.jar:/home/runner/.m2/repository/net/minidev/accessors-smart/2.4.9/accessors-smart-2.4.9.jar:/home/runner/.m2/repository/org/ow2/asm/asm/9.7.1/asm-9.7.1.jar:/home/runner/.m2/repository/net/sf/jopt-simple/jopt-simple/5.0.4/jopt-simple-5.0.4.jar:/home/runner/.m2/repository/com/github/jknack/handlebars/4.3.1/handlebars-4.3.1.jar:/home/runner/.m2/repository/com/github/jknack/handlebars-helpers/4.3.1/handlebars-helpers-4.3.1.jar:/home/runner/.m2/repository/commons-fileupload/commons-fileupload/1.5/commons-fileupload-1.5.jar:/home/runner/.m2/repository/com/networknt/json-schema-validator/1.5.8/json-schema-validator-1.5.8.jar:/home/runner/.m2/repository/com/ethlo/time/itu/1.10.3/itu-1.10.3.jar:/home/runner/.m2/repository/io/quarkus/quarkus-smallrye-jwt-build/3.20.2/quarkus-smallrye-jwt-build-3.20.2.jar:/home/runner/.m2/repository/io/smallrye/smallrye-jwt-build/4.6.2/smallrye-jwt-build-4.6.2.jar:/home/runner/.m2/repository/org/eclipse/microprofile/jwt/microprofile-jwt-auth-api/2.1/microprofile-jwt-auth-api-2.1.jar:/home/runner/.m2/repository/org/bitbucket/b_c/jose4j/0.9.6/jose4j-0.9.6.jar:/home/runner/.m2/repository/io/smallrye/smallrye-jwt-common/4.6.2/smallrye-jwt-common-4.6.2.jar:/home/runner/.m2/repository/io/quarkus/quarkus-jsonp/3.20.2/quarkus-jsonp-3.20.2.jar:/home/runner/.m2/repository/io/quarkus/quarkus-arc/3.20.2/quarkus-arc-3.20.2.jar:/home/runner/.m2/repository/io/quarkus/arc/arc/3.20.2/arc-3.20.2.jar:/home/runner/.m2/repository/jakarta/transaction/jakarta.transaction-api/2.0.1/jakarta.transaction-api-2.0.1.jar:/home/runner/.m2/repository/io/smallrye/reactive/mutiny/2.9.2/mutiny-2.9.2.jar:/home/runner/.m2/repository/org/jctools/jctools-core/4.0.5/jctools-core-4.0.5.jar:/home/runner/.m2/repository/org/eclipse/microprofile/context-propagation/microprofile-context-propagation-api/1.3/microprofile-context-propagation-api-1.3.jar:/home/runner/.m2/repository/io/apicurio/apicurio-common-rest-client-common/0.1.18.Final/apicurio-common-rest-client-common-0.1.18.Final.jar:/home/runner/work/apicurio-testing/apicurio-testing/clusters/ci419/namespaces/ksql043/tests/integration/apicurio-registry/utils/maven-plugin/target/apicurio-registry-maven-plugin-3.0.12-SNAPSHOT.jar:/home/runner/.m2/repository/com/fasterxml/jackson/core/jackson-databind/2.18.2/jackson-databind-2.18.2.jar:/home/runner/.m2/repository/org/apache/avro/avro/1.12.0/avro-1.12.0.jar:/home/runner/.m2/repository/com/google/protobuf/protobuf-java/4.31.1/protobuf-java-4.31.1.jar:/home/runner/.m2/repository/com/google/protobuf/protobuf-java-util/4.31.1/protobuf-java-util-4.31.1.jar:/home/runner/.m2/repository/com/google/code/findbugs/jsr305/3.0.2/jsr305-3.0.2.jar:/home/runner/.m2/repository/com/google/code/gson/gson/2.12.1/gson-2.12.1.jar:/home/runner/.m2/repository/com/google/errorprone/error_prone_annotations/2.36.0/error_prone_annotations-2.36.0.jar:/home/runner/.m2/repository/com/google/j2objc/j2objc-annotations/2.8/j2objc-annotations-2.8.jar:/home/runner/work/apicurio-testing/apicurio-testing/clusters/ci419/namespaces/ksql043/tests/integration/apicurio-registry/schema-util/util-provider/target/apicurio-registry-schema-util-provider-3.0.12-SNAPSHOT.jar:/home/runner/work/apicurio-testing/apicurio-testing/clusters/ci419/namespaces/ksql043/tests/integration/apicurio-registry/schema-util/common/target/apicurio-registry-schema-util-common-3.0.12-SNAPSHOT.jar:/home/runner/.m2/repository/com/fasterxml/jackson/module/jackson-module-parameter-names/2.18.2/jackson-module-parameter-names-2.18.2.jar:/home/runner/.m2/repository/com/fasterxml/jackson/datatype/jackson-datatype-json-org/2.18.2/jackson-datatype-json-org-2.18.2.jar:/home/runner/work/apicurio-testing/apicurio-testing/clusters/ci419/namespaces/ksql043/tests/integration/apicurio-registry/schema-util/json/target/apicurio-registry-schema-util-json-3.0.12-SNAPSHOT.jar:/home/runner/.m2/repository/com/github/erosb/everit-json-schema/1.14.5/everit-json-schema-1.14.5.jar:/home/runner/.m2/repository/commons-validator/commons-validator/1.9.0/commons-validator-1.9.0.jar:/home/runner/.m2/repository/commons-digester/commons-digester/2.1/commons-digester-2.1.jar:/home/runner/.m2/repository/commons-collections/commons-collections/3.2.2/commons-collections-3.2.2.jar:/home/runner/.m2/repository/com/damnhandy/handy-uri-templates/2.1.8/handy-uri-templates-2.1.8.jar:/home/runner/.m2/repository/joda-time/joda-time/2.10.2/joda-time-2.10.2.jar:/home/runner/.m2/repository/com/github/erosb/json-sKema/0.20.0/json-sKema-0.20.0.jar:/home/runner/.m2/repository/io/vertx/vertx-json-schema/4.5.16/vertx-json-schema-4.5.16.jar:/home/runner/work/apicurio-testing/apicurio-testing/clusters/ci419/namespaces/ksql043/tests/integration/apicurio-registry/schema-util/protobuf/target/apicurio-registry-schema-util-protobuf-3.0.12-SNAPSHOT.jar:/home/runner/work/apicurio-testing/apicurio-testing/clusters/ci419/namespaces/ksql043/tests/integration/apicurio-registry/utils/protobuf-schema-utilities/target/apicurio-registry-protobuf-schema-utilities-3.0.12-SNAPSHOT.jar:/home/runner/.m2/repository/com/google/api/grpc/proto-google-common-protos/2.52.0/proto-google-common-protos-2.52.0.jar:/home/runner/.m2/repository/com/squareup/wire/wire-schema-jvm/5.3.3/wire-schema-jvm-5.3.3.jar:/home/runner/.m2/repository/com/palantir/javapoet/javapoet/0.6.0/javapoet-0.6.0.jar:/home/runner/.m2/repository/com/squareup/kotlinpoet-jvm/2.0.0/kotlinpoet-jvm-2.0.0.jar:/home/runner/.m2/repository/org/jetbrains/kotlin/kotlin-reflect/2.0.21/kotlin-reflect-2.0.21.jar:/home/runner/.m2/repository/com/squareup/wire/wire-runtime-jvm/5.3.3/wire-runtime-jvm-5.3.3.jar:/home/runner/.m2/repository/com/ibm/icu/icu4j/76.1/icu4j-76.1.jar:/home/runner/.m2/repository/com/squareup/okio/okio-fakefilesystem/3.10.2/okio-fakefilesystem-3.10.2.jar:/home/runner/.m2/repository/com/squareup/okio/okio-fakefilesystem-jvm/3.10.2/okio-fakefilesystem-jvm-3.10.2.jar:/home/runner/.m2/repository/org/jetbrains/kotlinx/kotlinx-datetime-jvm/0.6.1/kotlinx-datetime-jvm-0.6.1.jar:/home/runner/work/apicurio-testing/apicurio-testing/clusters/ci419/namespaces/ksql043/tests/integration/apicurio-registry/schema-util/asyncapi/target/apicurio-registry-schema-util-asyncapi-3.0.12-SNAPSHOT.jar:/home/runner/work/apicurio-testing/apicurio-testing/clusters/ci419/namespaces/ksql043/tests/integration/apicurio-registry/schema-util/avro/target/apicurio-registry-schema-util-avro-3.0.12-SNAPSHOT.jar:/home/runner/work/apicurio-testing/apicurio-testing/clusters/ci419/namespaces/ksql043/tests/integration/apicurio-registry/schema-util/graphql/target/apicurio-registry-schema-util-graphql-3.0.12-SNAPSHOT.jar:/home/runner/.m2/repository/com/graphql-java/graphql-java/22.4/graphql-java-22.4.jar:/home/runner/.m2/repository/com/graphql-java/java-dataloader/3.3.0/java-dataloader-3.3.0.jar:/home/runner/work/apicurio-testing/apicurio-testing/clusters/ci419/namespaces/ksql043/tests/integration/apicurio-registry/schema-util/kconnect/target/apicurio-registry-schema-util-kconnect-3.0.12-SNAPSHOT.jar:/home/runner/work/apicurio-testing/apicurio-testing/clusters/ci419/namespaces/ksql043/tests/integration/apicurio-registry/schema-util/openapi/target/apicurio-registry-schema-util-openapi-3.0.12-SNAPSHOT.jar:/home/runner/.m2/repository/io/apicurio/apicurio-data-models/2.2.2/apicurio-data-models-2.2.2.jar:/home/runner/.m2/repository/org/openapitools/openapidiff/openapi-diff-core/2.1.2/openapi-diff-core-2.1.2.jar:/home/runner/.m2/repository/io/swagger/parser/v3/swagger-parser/2.1.28/swagger-parser-2.1.28.jar:/home/runner/.m2/repository/io/swagger/parser/v3/swagger-parser-v2-converter/2.1.28/swagger-parser-v2-converter-2.1.28.jar:/home/runner/.m2/repository/io/swagger/swagger-core/1.6.16/swagger-core-1.6.16.jar:/home/runner/.m2/repository/io/swagger/swagger-models/1.6.16/swagger-models-1.6.16.jar:/home/runner/.m2/repository/io/swagger/swagger-annotations/1.6.16/swagger-annotations-1.6.16.jar:/home/runner/.m2/repository/io/swagger/swagger-parser/1.0.75/swagger-parser-1.0.75.jar:/home/runner/.m2/repository/io/swagger/swagger-parser-safe-url-resolver/1.0.75/swagger-parser-safe-url-resolver-1.0.75.jar:/home/runner/.m2/repository/io/swagger/swagger-compat-spec-parser/1.0.75/swagger-compat-spec-parser-1.0.75.jar:/home/runner/.m2/repository/com/github/java-json-tools/json-schema-validator/2.2.14/json-schema-validator-2.2.14.jar:/home/runner/.m2/repository/com/github/java-json-tools/jackson-coreutils-equivalence/1.0/jackson-coreutils-equivalence-1.0.jar:/home/runner/.m2/repository/com/github/java-json-tools/json-schema-core/1.2.14/json-schema-core-1.2.14.jar:/home/runner/.m2/repository/com/github/java-json-tools/uri-template/0.10/uri-template-0.10.jar:/home/runner/.m2/repository/com/googlecode/libphonenumber/libphonenumber/8.11.1/libphonenumber-8.11.1.jar:/home/runner/.m2/repository/com/j2html/j2html/1.6.0/j2html-1.6.0.jar:/home/runner/.m2/repository/org/apache/commons/commons-collections4/4.5.0/commons-collections4-4.5.0.jar:/home/runner/.m2/repository/org/slf4j/jcl-over-slf4j/2.0.17/jcl-over-slf4j-2.0.17.jar:/home/runner/.m2/repository/io/swagger/parser/v3/swagger-parser-v3/2.1.31/swagger-parser-v3-2.1.31.jar:/home/runner/.m2/repository/io/swagger/core/v3/swagger-models/2.2.34/swagger-models-2.2.34.jar:/home/runner/.m2/repository/io/swagger/core/v3/swagger-core/2.2.34/swagger-core-2.2.34.jar:/home/runner/.m2/repository/io/swagger/parser/v3/swagger-parser-core/2.1.31/swagger-parser-core-2.1.31.jar:/home/runner/.m2/repository/io/swagger/parser/v3/swagger-parser-safe-url-resolver/2.1.31/swagger-parser-safe-url-resolver-2.1.31.jar:/home/runner/work/apicurio-testing/apicurio-testing/clusters/ci419/namespaces/ksql043/tests/integration/apicurio-registry/schema-util/wsdl/target/apicurio-registry-schema-util-wsdl-3.0.12-SNAPSHOT.jar:/home/runner/.m2/repository/wsdl4j/wsdl4j/1.6.3/wsdl4j-1.6.3.jar:/home/runner/work/apicurio-testing/apicurio-testing/clusters/ci419/namespaces/ksql043/tests/integration/apicurio-registry/schema-util/xml/target/apicurio-registry-schema-util-xml-3.0.12-SNAPSHOT.jar:/home/runner/.m2/repository/org/apache/santuario/xmlsec/4.0.4/xmlsec-4.0.4.jar:/home/runner/.m2/repository/com/fasterxml/woodstox/woodstox-core/7.1.1/woodstox-core-7.1.1.jar:/home/runner/.m2/repository/org/codehaus/woodstox/stax2-api/4.2.2/stax2-api-4.2.2.jar:/home/runner/work/apicurio-testing/apicurio-testing/clusters/ci419/namespaces/ksql043/tests/integration/apicurio-registry/schema-util/xsd/target/apicurio-registry-schema-util-xsd-3.0.12-SNAPSHOT.jar:/home/runner/work/apicurio-testing/apicurio-testing/clusters/ci419/namespaces/ksql043/tests/integration/apicurio-registry/serdes/kafka/jsonschema-serde/target/apicurio-registry-jsonschema-serde-kafka-3.0.12-SNAPSHOT.jar:/home/runner/work/apicurio-testing/apicurio-testing/clusters/ci419/namespaces/ksql043/tests/integration/apicurio-registry/serdes/kafka/serde-kafka-common/target/apicurio-registry-serde-kafka-common-3.0.12-SNAPSHOT.jar:/home/runner/work/apicurio-testing/apicurio-testing/clusters/ci419/namespaces/ksql043/tests/integration/apicurio-registry/serdes/generic/serde-common/target/apicurio-registry-serde-common-3.0.12-SNAPSHOT.jar:/home/runner/work/apicurio-testing/apicurio-testing/clusters/ci419/namespaces/ksql043/tests/integration/apicurio-registry/serdes/generic/serde-common-jsonschema/target/apicurio-registry-serde-common-jsonschema-3.0.12-SNAPSHOT.jar:/home/runner/.m2/repository/org/json/json/20250107/json-20250107.jar:/home/runner/work/apicurio-testing/apicurio-testing/clusters/ci419/namespaces/ksql043/tests/integration/apicurio-registry/serdes/kafka/avro-serde/target/apicurio-registry-avro-serde-kafka-3.0.12-SNAPSHOT.jar:/home/runner/work/apicurio-testing/apicurio-testing/clusters/ci419/namespaces/ksql043/tests/integration/apicurio-registry/serdes/generic/serde-common-avro/target/apicurio-registry-serde-common-avro-3.0.12-SNAPSHOT.jar:/home/runner/work/apicurio-testing/apicurio-testing/clusters/ci419/namespaces/ksql043/tests/integration/apicurio-registry/serdes/kafka/protobuf-serde/target/apicurio-registry-protobuf-serde-kafka-3.0.12-SNAPSHOT.jar:/home/runner/work/apicurio-testing/apicurio-testing/clusters/ci419/namespaces/ksql043/tests/integration/apicurio-registry/serdes/generic/serde-common-protobuf/target/apicurio-registry-serde-common-protobuf-3.0.12-SNAPSHOT.jar:/home/runner/.m2/repository/com/squareup/wire/wire-schema/5.3.3/wire-schema-5.3.3.jar:/home/runner/.m2/repository/com/squareup/wire/wire-runtime/5.3.3/wire-runtime-5.3.3.jar:/home/runner/work/apicurio-testing/apicurio-testing/clusters/ci419/namespaces/ksql043/tests/integration/apicurio-registry/serdes/pulsar/avro-serde/target/apicurio-registry-avro-serde-pulsar-3.0.12-SNAPSHOT.jar:/home/runner/.m2/repository/org/apache/pulsar/pulsar-functions-api/3.3.8/pulsar-functions-api-3.3.8.jar:/home/runner/work/apicurio-testing/apicurio-testing/clusters/ci419/namespaces/ksql043/tests/integration/apicurio-registry/serdes/nats/avro-serde/target/apicurio-registry-avro-serde-nats-3.0.12-SNAPSHOT.jar:/home/runner/.m2/repository/io/nats/jnats/2.21.4/jnats-2.21.4.jar:/home/runner/.m2/repository/org/bouncycastle/bcprov-lts8on/2.73.7/bcprov-lts8on-2.73.7.jar:/home/runner/.m2/repository/org/jetbrains/annotations/26.0.2/annotations-26.0.2.jar:/home/runner/work/apicurio-testing/apicurio-testing/clusters/ci419/namespaces/ksql043/tests/integration/apicurio-registry/utils/converter/target/apicurio-registry-utils-converter-3.0.12-SNAPSHOT.jar:/home/runner/work/apicurio-testing/apicurio-testing/clusters/ci419/namespaces/ksql043/tests/integration/apicurio-registry/schema-resolver/target/apicurio-registry-schema-resolver-3.0.12-SNAPSHOT.jar:/home/runner/.m2/repository/org/apache/kafka/connect-api/3.9.1/connect-api-3.9.1.jar:/home/runner/.m2/repository/javax/ws/rs/javax.ws.rs-api/2.1.1/javax.ws.rs-api-2.1.1.jar:/home/runner/.m2/repository/org/apache/kafka/connect-json/3.9.1/connect-json-3.9.1.jar:/home/runner/.m2/repository/com/fasterxml/jackson/datatype/jackson-datatype-jdk8/2.18.2/jackson-datatype-jdk8-2.18.2.jar:/home/runner/.m2/repository/com/fasterxml/jackson/module/jackson-module-afterburner/2.18.2/jackson-module-afterburner-2.18.2.jar:/home/runner/work/apicurio-testing/apicurio-testing/clusters/ci419/namespaces/ksql043/tests/integration/apicurio-registry/utils/kafka/target/apicurio-registry-utils-kafka-3.0.12-SNAPSHOT.jar:/home/runner/.m2/repository/org/apache/pulsar/pulsar-client/3.3.8/pulsar-client-3.3.8.jar:/home/runner/.m2/repository/org/apache/pulsar/pulsar-client-api/3.3.8/pulsar-client-api-3.3.8.jar:/home/runner/.m2/repository/org/apache/pulsar/pulsar-client-admin-api/3.3.8/pulsar-client-admin-api-3.3.8.jar:/home/runner/.m2/repository/org/apache/pulsar/bouncy-castle-bc/3.3.8/bouncy-castle-bc-3.3.8-pkg.jar:/home/runner/.m2/repository/org/bouncycastle/bcpkix-jdk18on/1.81/bcpkix-jdk18on-1.81.jar:/home/runner/.m2/repository/org/bouncycastle/bcutil-jdk18on/1.81/bcutil-jdk18on-1.81.jar:/home/runner/.m2/repository/org/bouncycastle/bcprov-jdk18on/1.81/bcprov-jdk18on-1.81.jar:/home/runner/.m2/repository/io/opentelemetry/opentelemetry-api/1.44.1/opentelemetry-api-1.44.1.jar:/home/runner/.m2/repository/io/opentelemetry/opentelemetry-context/1.44.1/opentelemetry-context-1.44.1.jar:/home/runner/.m2/repository/io/opentelemetry/opentelemetry-api-incubator/1.44.1-alpha/opentelemetry-api-incubator-1.44.1-alpha.jar:/home/runner/.m2/repository/com/fasterxml/jackson/core/jackson-annotations/2.18.2/jackson-annotations-2.18.2.jar:/home/runner/.m2/repository/javax/validation/validation-api/1.1.0.Final/validation-api-1.1.0.Final.jar:/home/runner/.m2/repository/org/jspecify/jspecify/1.0.0/jspecify-1.0.0.jar:/home/runner/.m2/repository/org/apache/commons/commons-configuration2/2.12.0/commons-configuration2-2.12.0.jar:/home/runner/.m2/repository/commons-logging/commons-logging/1.3.5/commons-logging-1.3.5.jar:/home/runner/.m2/repository/org/apache/commons/commons-text/1.13.0/commons-text-1.13.0.jar:/home/runner/.m2/repository/io/confluent/kafka-avro-serializer/8.0.0/kafka-avro-serializer-8.0.0.jar:/home/runner/.m2/repository/org/apache/commons/commons-compress/1.27.1/commons-compress-1.27.1.jar:/home/runner/.m2/repository/io/confluent/kafka-schema-serializer/8.0.0/kafka-schema-serializer-8.0.0.jar:/home/runner/.m2/repository/com/fasterxml/jackson/dataformat/jackson-dataformat-csv/2.18.2/jackson-dataformat-csv-2.18.2.jar:/home/runner/.m2/repository/io/confluent/kafka-schema-registry-client/8.0.0/kafka-schema-registry-client-8.0.0.jar:/home/runner/.m2/repository/org/yaml/snakeyaml/2.3/snakeyaml-2.3.jar:/home/runner/.m2/repository/io/swagger/core/v3/swagger-annotations/2.2.29/swagger-annotations-2.2.29.jar:/home/runner/.m2/repository/com/google/guava/guava/33.4.0-jre/guava-33.4.0-jre.jar:/home/runner/.m2/repository/com/google/guava/failureaccess/1.0.1/failureaccess-1.0.1.jar:/home/runner/.m2/repository/org/checkerframework/checker-qual/3.49.0/checker-qual-3.49.0.jar:/home/runner/.m2/repository/io/confluent/logredactor/1.0.13/logredactor-1.0.13.jar:/home/runner/.m2/repository/com/google/re2j/re2j/1.6/re2j-1.6.jar:/home/runner/.m2/repository/io/confluent/logredactor-metrics/1.0.13/logredactor-metrics-1.0.13.jar:/home/runner/.m2/repository/com/eclipsesource/minimal-json/minimal-json/0.9.5/minimal-json-0.9.5.jar:/home/runner/.m2/repository/io/confluent/common-utils/8.0.0/common-utils-8.0.0.jar:/home/runner/.m2/repository/io/confluent/kafka-connect-avro-converter/8.0.0/kafka-connect-avro-converter-8.0.0.jar:/home/runner/.m2/repository/io/confluent/kafka-connect-avro-data/8.0.0/kafka-connect-avro-data-8.0.0.jar:/home/runner/.m2/repository/io/confluent/kafka-schema-converter/8.0.0/kafka-schema-converter-8.0.0.jar:/home/runner/.m2/repository/io/rest-assured/rest-assured/5.5.1/rest-assured-5.5.1.jar:/home/runner/.m2/repository/org/apache/groovy/groovy/4.0.22/groovy-4.0.22.jar:/home/runner/.m2/repository/org/apache/groovy/groovy-xml/4.0.22/groovy-xml-4.0.22.jar:/home/runner/.m2/repository/org/apache/httpcomponents/httpclient/4.5.14/httpclient-4.5.14.jar:/home/runner/.m2/repository/org/apache/httpcomponents/httpcore/4.4.16/httpcore-4.4.16.jar:/home/runner/.m2/repository/org/apache/httpcomponents/httpmime/4.5.14/httpmime-4.5.14.jar:/home/runner/.m2/repository/org/hamcrest/hamcrest/2.2/hamcrest-2.2.jar:/home/runner/.m2/repository/org/ccil/cowan/tagsoup/tagsoup/1.2.1/tagsoup-1.2.1.jar:/home/runner/.m2/repository/io/rest-assured/json-path/5.5.1/json-path-5.5.1.jar:/home/runner/.m2/repository/org/apache/groovy/groovy-json/4.0.22/groovy-json-4.0.22.jar:/home/runner/.m2/repository/io/rest-assured/rest-assured-common/5.5.1/rest-assured-common-5.5.1.jar:/home/runner/.m2/repository/io/rest-assured/xml-path/5.5.1/xml-path-5.5.1.jar:/home/runner/.m2/repository/io/zonky/test/embedded-postgres/2.1.0/embedded-postgres-2.1.0.jar:/home/runner/.m2/repository/io/zonky/test/postgres/embedded-postgres-binaries-windows-amd64/14.15.0/embedded-postgres-binaries-windows-amd64-14.15.0.jar:/home/runner/.m2/repository/io/zonky/test/postgres/embedded-postgres-binaries-darwin-amd64/14.15.0/embedded-postgres-binaries-darwin-amd64-14.15.0.jar:/home/runner/.m2/repository/io/zonky/test/postgres/embedded-postgres-binaries-linux-amd64/14.15.0/embedded-postgres-binaries-linux-amd64-14.15.0.jar:/home/runner/.m2/repository/io/zonky/test/postgres/embedded-postgres-binaries-linux-amd64-alpine/14.15.0/embedded-postgres-binaries-linux-amd64-alpine-14.15.0.jar:/home/runner/.m2/repository/org/apache/commons/commons-lang3/3.17.0/commons-lang3-3.17.0.jar:/home/runner/.m2/repository/org/tukaani/xz/1.10/xz-1.10.jar:/home/runner/.m2/repository/commons-codec/commons-codec/1.19.0/commons-codec-1.19.0.jar:/home/runner/.m2/repository/org/postgresql/postgresql/42.7.7/postgresql-42.7.7.jar:/home/runner/.m2/repository/commons-io/commons-io/2.18.0/commons-io-2.18.0.jar:/home/runner/work/apicurio-testing/apicurio-testing/clusters/ci419/namespaces/ksql043/tests/integration/apicurio-registry/utils/importexport/target/apicurio-registry-utils-import-export-3.0.12-SNAPSHOT.jar:/home/runner/.m2/repository/io/vertx/vertx-core/4.5.16/vertx-core-4.5.16.jar:/home/runner/.m2/repository/io/netty/netty-common/4.1.121.Final/netty-common-4.1.121.Final.jar:/home/runner/.m2/repository/io/netty/netty-buffer/4.1.121.Final/netty-buffer-4.1.121.Final.jar:/home/runner/.m2/repository/io/netty/netty-transport/4.1.121.Final/netty-transport-4.1.121.Final.jar:/home/runner/.m2/repository/io/netty/netty-handler/4.1.121.Final/netty-handler-4.1.121.Final.jar:/home/runner/.m2/repository/io/netty/netty-transport-native-unix-common/4.1.121.Final/netty-transport-native-unix-common-4.1.121.Final.jar:/home/runner/.m2/repository/io/netty/netty-codec/4.1.121.Final/netty-codec-4.1.121.Final.jar:/home/runner/.m2/repository/io/netty/netty-handler-proxy/4.1.121.Final/netty-handler-proxy-4.1.121.Final.jar:/home/runner/.m2/repository/io/netty/netty-codec-socks/4.1.121.Final/netty-codec-socks-4.1.121.Final.jar:/home/runner/.m2/repository/io/netty/netty-codec-http/4.1.121.Final/netty-codec-http-4.1.121.Final.jar:/home/runner/.m2/repository/io/netty/netty-codec-http2/4.1.121.Final/netty-codec-http2-4.1.121.Final.jar:/home/runner/.m2/repository/io/netty/netty-resolver/4.1.121.Final/netty-resolver-4.1.121.Final.jar:/home/runner/.m2/repository/io/netty/netty-resolver-dns/4.1.121.Final/netty-resolver-dns-4.1.121.Final.jar:/home/runner/.m2/repository/io/netty/netty-codec-dns/4.1.121.Final/netty-codec-dns-4.1.121.Final.jar:/home/runner/.m2/repository/com/fasterxml/jackson/core/jackson-core/2.18.2/jackson-core-2.18.2.jar:"/>
    <property name="sun.cpu.endian" value="little"/>
    <property name="user.home" value="/home/runner"/>
    <property name="user.language" value="en"/>
    <property name="jboss.log-version" value="false"/>
    <property name="java.specification.vendor" value="Oracle Corporation"/>
    <property name="java.version.date" value="2025-07-15"/>
    <property name="java.home" value="/usr/lib/jvm/temurin-17-jdk-amd64"/>
    <property name="file.separator" value="/"/>
    <property name="basedir" value="/home/runner/work/apicurio-testing/apicurio-testing/clusters/ci419/namespaces/ksql043/tests/integration/apicurio-registry/integration-tests"/>
    <property name="java.vm.compressedOopsMode" value="32-bit"/>
    <property name="line.separator" value="&#10;"/>
    <property name="java.specification.name" value="Java Platform API Specification"/>
    <property name="java.vm.specification.vendor" value="Oracle Corporation"/>
    <property name="quarkus.http.test-host" value="registry-app-ksql043.apps.ci419.apicurio-testing.org"/>
    <property name="surefire.real.class.path" value="/home/runner/work/apicurio-testing/apicurio-testing/clusters/ci419/namespaces/ksql043/tests/integration/apicurio-registry/integration-tests/target/surefire/surefirebooter-20250813022114595_3.jar"/>
    <property name="sun.management.compiler" value="HotSpot 64-Bit Tiered Compilers"/>
    <property name="org.eclipse.jetty.http.HttpGenerator.STRICT" value="true"/>
    <property name="java.runtime.version" value="17.0.16+8"/>
    <property name="user.name" value="runner"/>
    <property name="path.separator" value=":"/>
    <property name="os.version" value="6.8.0-1031-azure"/>
    <property name="java.runtime.name" value="OpenJDK Runtime Environment"/>
    <property name="file.encoding" value="UTF-8"/>
    <property name="jnidispatch.path" value="/home/runner/.cache/JNA/temp/jna5802212142002176894.tmp"/>
    <property name="java.vm.name" value="OpenJDK 64-Bit Server VM"/>
    <property name="jna.platform.library.path" value="/usr/lib/x86_64-linux-gnu:/lib/x86_64-linux-gnu:/usr/lib64:/lib64:/usr/lib:/lib:/lib32:/usr/local/lib:/usr/lib/x86_64-linux-gnu/libfakeroot"/>
    <property name="java.vendor.version" value="Temurin-17.0.16+8"/>
    <property name="quarkus.oidc.token-path" value="https://keycloak-ksql043.apps.ci419.apicurio-testing.org/realms/registry/protocol/openid-connect/token"/>
    <property name="quarkus.http.host" value="registry-app-ksql043.apps.ci419.apicurio-testing.org"/>
    <property name="localRepository" value="/home/runner/.m2/repository"/>
    <property name="javax.xml.xpath.XPathFactory:http://java.sun.com/jaxp/xpath/dom" value="com.sun.org.apache.xpath.internal.jaxp.XPathFactoryImpl"/>
    <property name="jna.loaded" value="true"/>
    <property name="java.vendor.url.bug" value="https://github.com/adoptium/adoptium-support/issues"/>
    <property name="jetty.git.hash" value="5bc5e562c8d05c5862505aebe5cf83a61bdbcb96"/>
    <property name="java.io.tmpdir" value="/tmp"/>
    <property name="quarkus.http.test-protocol" value="http"/>
    <property name="java.version" value="17.0.16"/>
    <property name="user.dir" value="/home/runner/work/apicurio-testing/apicurio-testing/clusters/ci419/namespaces/ksql043/tests/integration/apicurio-registry/integration-tests"/>
    <property name="os.arch" value="amd64"/>
    <property name="groups" value="( smoke | serdes | acceptance | ui)"/>
    <property name="java.vm.specification.name" value="Java Virtual Machine Specification"/>
    <property name="native.encoding" value="UTF-8"/>
    <property name="java.util.logging.manager" value="org.jboss.logmanager.LogManager"/>
    <property name="java.library.path" value="/usr/java/packages/lib:/usr/lib64:/lib64:/lib:/usr/lib"/>
    <property name="jdk.console" value="java.base"/>
    <property name="java.vm.info" value="mixed mode, sharing"/>
    <property name="java.vendor" value="Eclipse Adoptium"/>
    <property name="java.vm.version" value="17.0.16+8"/>
    <property name="java.specification.maintenance.version" value="1"/>
    <property name="sun.io.unicode.encoding" value="UnicodeLittle"/>
    <property name="javax.xml.transform.TransformerFactory" value="com.sun.org.apache.xalan.internal.xsltc.trax.TransformerFactoryImpl"/>
    <property name="java.class.version" value="61.0"/>
  </properties>
  <testcase name="testSimpleTopicIdStrategyFindLatest" classname="io.apicurio.tests.serdes.apicurio.ProtobufSerdeIT" time="1.386">
    <system-out><![CDATA[**** Registry Base URL: http://registry-app-ksql043.apps.ci419.apicurio-testing.org:80
**** Registry Base URL: http://registry-app-ksql043.apps.ci419.apicurio-testing.org:80
2025-08-13 02:23:29,304 INFO  [io.api.tes.ser.api.ProtobufSerdeIT] (main) RestAssured configured with http://registry-app-ksql043.apps.ci419.apicurio-testing.org:80/apis/registry/v3
2025-08-13 02:23:29,335 INFO  [io.api.tes.uti.KafkaFacade] (main) Skipping deployment of kafka, because it's already deployed
2025-08-13 02:23:29,336 INFO  [io.api.tes.uti.TestSeparator] (main) ############################################################################
2025-08-13 02:23:29,336 INFO  [io.api.tes.uti.TestSeparator] (main) io.apicurio.tests.serdes.apicurio.ProtobufSerdeIT.testSimpleTopicIdStrategyFindLatest-STARTED
2025-08-13 02:23:29,336 INFO  [org.apa.kaf.cli.adm.AdminClientConfig] (main) AdminClientConfig values: 
	auto.include.jmx.reporter = true
	bootstrap.controllers = []
	bootstrap.servers = [PLAINTEXT://localhost:32769]
	client.dns.lookup = use_all_dns_ips
	client.id = 
	connections.max.idle.ms = 10000
	default.api.timeout.ms = 60000
	enable.metrics.push = true
	metadata.max.age.ms = 300000
	metadata.recovery.strategy = none
	metric.reporters = []
	metrics.num.samples = 2
	metrics.recording.level = INFO
	metrics.sample.window.ms = 30000
	receive.buffer.bytes = 65536
	reconnect.backoff.max.ms = 1000
	reconnect.backoff.ms = 50
	request.timeout.ms = 5000
	retries = 2147483647
	retry.backoff.max.ms = 1000
	retry.backoff.ms = 100
	sasl.client.callback.handler.class = null
	sasl.jaas.config = null
	sasl.kerberos.kinit.cmd = /usr/bin/kinit
	sasl.kerberos.min.time.before.relogin = 60000
	sasl.kerberos.service.name = null
	sasl.kerberos.ticket.renew.jitter = 0.05
	sasl.kerberos.ticket.renew.window.factor = 0.8
	sasl.login.callback.handler.class = null
	sasl.login.class = null
	sasl.login.connect.timeout.ms = null
	sasl.login.read.timeout.ms = null
	sasl.login.refresh.buffer.seconds = 300
	sasl.login.refresh.min.period.seconds = 60
	sasl.login.refresh.window.factor = 0.8
	sasl.login.refresh.window.jitter = 0.05
	sasl.login.retry.backoff.max.ms = 10000
	sasl.login.retry.backoff.ms = 100
	sasl.mechanism = GSSAPI
	sasl.oauthbearer.clock.skew.seconds = 30
	sasl.oauthbearer.expected.audience = null
	sasl.oauthbearer.expected.issuer = null
	sasl.oauthbearer.header.urlencode = false
	sasl.oauthbearer.jwks.endpoint.refresh.ms = 3600000
	sasl.oauthbearer.jwks.endpoint.retry.backoff.max.ms = 10000
	sasl.oauthbearer.jwks.endpoint.retry.backoff.ms = 100
	sasl.oauthbearer.jwks.endpoint.url = null
	sasl.oauthbearer.scope.claim.name = scope
	sasl.oauthbearer.sub.claim.name = sub
	sasl.oauthbearer.token.endpoint.url = null
	security.protocol = PLAINTEXT
	security.providers = null
	send.buffer.bytes = 131072
	socket.connection.setup.timeout.max.ms = 30000
	socket.connection.setup.timeout.ms = 10000
	ssl.cipher.suites = null
	ssl.enabled.protocols = [TLSv1.2, TLSv1.3]
	ssl.endpoint.identification.algorithm = https
	ssl.engine.factory.class = null
	ssl.key.password = null
	ssl.keymanager.algorithm = SunX509
	ssl.keystore.certificate.chain = null
	ssl.keystore.key = null
	ssl.keystore.location = null
	ssl.keystore.password = null
	ssl.keystore.type = JKS
	ssl.protocol = TLSv1.3
	ssl.provider = null
	ssl.secure.random.implementation = null
	ssl.trustmanager.algorithm = PKIX
	ssl.truststore.certificates = null
	ssl.truststore.location = null
	ssl.truststore.password = null
	ssl.truststore.type = JKS

2025-08-13 02:23:29,337 INFO  [org.apa.kaf.com.uti.AppInfoParser] (main) Kafka version: 3.9.1
2025-08-13 02:23:29,337 INFO  [org.apa.kaf.com.uti.AppInfoParser] (main) Kafka commitId: f745dfdcee2b9851
2025-08-13 02:23:29,337 INFO  [org.apa.kaf.com.uti.AppInfoParser] (main) Kafka startTimeMs: 1755051809337
2025-08-13 02:23:30,720 INFO  [io.api.tes.uti.TestSeparator] (main) io.apicurio.tests.serdes.apicurio.ProtobufSerdeIT.testSimpleTopicIdStrategyFindLatest-FINISHED
2025-08-13 02:23:30,720 INFO  [io.api.tes.uti.TestSeparator] (main) ############################################################################
Test passed: testSimpleTopicIdStrategyFindLatest
]]></system-out>
  </testcase>
  <testcase name="testFindLatestDeriveClassProtobufTypeTopicIdStrategy" classname="io.apicurio.tests.serdes.apicurio.ProtobufSerdeIT" time="1.061">
    <system-out><![CDATA[2025-08-13 02:23:30,721 INFO  [io.api.tes.uti.TestSeparator] (main) ############################################################################
2025-08-13 02:23:30,721 INFO  [io.api.tes.uti.TestSeparator] (main) io.apicurio.tests.serdes.apicurio.ProtobufSerdeIT.testFindLatestDeriveClassProtobufTypeTopicIdStrategy-STARTED
2025-08-13 02:23:31,782 INFO  [io.api.tes.uti.TestSeparator] (main) io.apicurio.tests.serdes.apicurio.ProtobufSerdeIT.testFindLatestDeriveClassProtobufTypeTopicIdStrategy-FINISHED
2025-08-13 02:23:31,782 INFO  [io.api.tes.uti.TestSeparator] (main) ############################################################################
Test passed: testFindLatestDeriveClassProtobufTypeTopicIdStrategy
]]></system-out>
  </testcase>
  <testcase name="testWrongSchema" classname="io.apicurio.tests.serdes.apicurio.ProtobufSerdeIT" time="1.067">
    <system-out><![CDATA[2025-08-13 02:23:31,784 INFO  [io.api.tes.uti.TestSeparator] (main) ############################################################################
2025-08-13 02:23:31,784 INFO  [io.api.tes.uti.TestSeparator] (main) io.apicurio.tests.serdes.apicurio.ProtobufSerdeIT.testWrongSchema-STARTED
2025-08-13 02:23:32,850 INFO  [io.api.tes.uti.TestSeparator] (main) io.apicurio.tests.serdes.apicurio.ProtobufSerdeIT.testWrongSchema-FINISHED
2025-08-13 02:23:32,850 INFO  [io.api.tes.uti.TestSeparator] (main) ############################################################################
Test passed: testWrongSchema
]]></system-out>
  </testcase>
  <testcase name="testTopicIdStrategyAutoRegister" classname="io.apicurio.tests.serdes.apicurio.ProtobufSerdeIT" time="4.223">
    <system-out><![CDATA[2025-08-13 02:23:32,851 INFO  [io.api.tes.uti.TestSeparator] (main) ############################################################################
2025-08-13 02:23:32,851 INFO  [io.api.tes.uti.TestSeparator] (main) io.apicurio.tests.serdes.apicurio.ProtobufSerdeIT.testTopicIdStrategyAutoRegister-STARTED
**** Registry Base URL: http://registry-app-ksql043.apps.ci419.apicurio-testing.org:80
2025-08-13 02:23:32,856 INFO  [org.apa.kaf.cli.pro.ProducerConfig] (main) ProducerConfig values: 
	acks = -1
	auto.include.jmx.reporter = true
	batch.size = 16384
	bootstrap.servers = [PLAINTEXT://localhost:32769]
	buffer.memory = 33554432
	client.dns.lookup = use_all_dns_ips
	client.id = Producer-topic-11b2c3b5_082c_474b_91f9_c98d9e20b904
	compression.gzip.level = -1
	compression.lz4.level = 9
	compression.type = none
	compression.zstd.level = 3
	connections.max.idle.ms = 10000
	delivery.timeout.ms = 120000
	enable.idempotence = true
	enable.metrics.push = true
	interceptor.classes = []
	key.serializer = class org.apache.kafka.common.serialization.StringSerializer
	linger.ms = 0
	max.block.ms = 60000
	max.in.flight.requests.per.connection = 5
	max.request.size = 1048576
	metadata.max.age.ms = 300000
	metadata.max.idle.ms = 300000
	metadata.recovery.strategy = none
	metric.reporters = []
	metrics.num.samples = 2
	metrics.recording.level = INFO
	metrics.sample.window.ms = 30000
	partitioner.adaptive.partitioning.enable = true
	partitioner.availability.timeout.ms = 0
	partitioner.class = null
	partitioner.ignore.keys = false
	receive.buffer.bytes = 32768
	reconnect.backoff.max.ms = 1000
	reconnect.backoff.ms = 50
	request.timeout.ms = 5000
	retries = 2147483647
	retry.backoff.max.ms = 1000
	retry.backoff.ms = 100
	sasl.client.callback.handler.class = null
	sasl.jaas.config = null
	sasl.kerberos.kinit.cmd = /usr/bin/kinit
	sasl.kerberos.min.time.before.relogin = 60000
	sasl.kerberos.service.name = null
	sasl.kerberos.ticket.renew.jitter = 0.05
	sasl.kerberos.ticket.renew.window.factor = 0.8
	sasl.login.callback.handler.class = null
	sasl.login.class = null
	sasl.login.connect.timeout.ms = null
	sasl.login.read.timeout.ms = null
	sasl.login.refresh.buffer.seconds = 300
	sasl.login.refresh.min.period.seconds = 60
	sasl.login.refresh.window.factor = 0.8
	sasl.login.refresh.window.jitter = 0.05
	sasl.login.retry.backoff.max.ms = 10000
	sasl.login.retry.backoff.ms = 100
	sasl.mechanism = GSSAPI
	sasl.oauthbearer.clock.skew.seconds = 30
	sasl.oauthbearer.expected.audience = null
	sasl.oauthbearer.expected.issuer = null
	sasl.oauthbearer.header.urlencode = false
	sasl.oauthbearer.jwks.endpoint.refresh.ms = 3600000
	sasl.oauthbearer.jwks.endpoint.retry.backoff.max.ms = 10000
	sasl.oauthbearer.jwks.endpoint.retry.backoff.ms = 100
	sasl.oauthbearer.jwks.endpoint.url = null
	sasl.oauthbearer.scope.claim.name = scope
	sasl.oauthbearer.sub.claim.name = sub
	sasl.oauthbearer.token.endpoint.url = null
	security.protocol = PLAINTEXT
	security.providers = null
	send.buffer.bytes = 131072
	socket.connection.setup.timeout.max.ms = 30000
	socket.connection.setup.timeout.ms = 10000
	ssl.cipher.suites = null
	ssl.enabled.protocols = [TLSv1.2, TLSv1.3]
	ssl.endpoint.identification.algorithm = https
	ssl.engine.factory.class = null
	ssl.key.password = null
	ssl.keymanager.algorithm = SunX509
	ssl.keystore.certificate.chain = null
	ssl.keystore.key = null
	ssl.keystore.location = null
	ssl.keystore.password = null
	ssl.keystore.type = JKS
	ssl.protocol = TLSv1.3
	ssl.provider = null
	ssl.secure.random.implementation = null
	ssl.trustmanager.algorithm = PKIX
	ssl.truststore.certificates = null
	ssl.truststore.location = null
	ssl.truststore.password = null
	ssl.truststore.type = JKS
	transaction.timeout.ms = 60000
	transactional.id = null
	value.serializer = class io.apicurio.registry.serde.protobuf.ProtobufKafkaSerializer

2025-08-13 02:23:32,856 INFO  [org.apa.kaf.com.tel.int.KafkaMetricsCollector] (main) initializing Kafka metrics collector
2025-08-13 02:23:32,862 INFO  [org.apa.kaf.cli.pro.KafkaProducer] (main) [Producer clientId=Producer-topic-11b2c3b5_082c_474b_91f9_c98d9e20b904] Instantiated an idempotent producer.
2025-08-13 02:23:32,869 INFO  [org.apa.kaf.cli.pro.ProducerConfig] (main) These configurations '[apicurio.registry.url, apicurio.registry.headers.enabled, apicurio.registry.auto-register, apicurio.registry.artifact-resolver-strategy]' were supplied but are not used yet.
2025-08-13 02:23:32,869 INFO  [org.apa.kaf.com.uti.AppInfoParser] (main) Kafka version: 3.9.1
2025-08-13 02:23:32,869 INFO  [org.apa.kaf.com.uti.AppInfoParser] (main) Kafka commitId: f745dfdcee2b9851
2025-08-13 02:23:32,869 INFO  [org.apa.kaf.com.uti.AppInfoParser] (main) Kafka startTimeMs: 1755051812869
2025-08-13 02:23:32,870 INFO  [io.api.tes.ser.api.SimpleSerdesTesterBuilder$SimpleSerdesTester] (main) Using producer configuration: {apicurio.registry.url=http://registry-app-ksql043.apps.ci419.apicurio-testing.org:80/apis/registry/v3, apicurio.registry.headers.enabled=true, apicurio.registry.auto-register=true, apicurio.registry.artifact-resolver-strategy=io.apicurio.registry.serde.strategy.TopicIdStrategy, value.serializer=io.apicurio.registry.serde.protobuf.ProtobufKafkaSerializer, request.timeout.ms=5000, acks=all, bootstrap.servers=PLAINTEXT://localhost:32769, connections.max.idle.ms=10000, key.serializer=org.apache.kafka.common.serialization.StringSerializer, client.id=Producer-topic-11b2c3b5_082c_474b_91f9_c98d9e20b904}
2025-08-13 02:23:32,870 INFO  [io.api.tes.ser.api.SimpleSerdesTesterBuilder$SimpleSerdesTester] (main) Using consumer configuration: {apicurio.registry.headers.enabled=true}
2025-08-13 02:23:32,871 INFO  [org.apa.kaf.cli.Metadata] (kafka-producer-network-thread | Producer-topic-11b2c3b5_082c_474b_91f9_c98d9e20b904) [Producer clientId=Producer-topic-11b2c3b5_082c_474b_91f9_c98d9e20b904] Cluster ID: pj3cISz0Q0OVF0qikwHveQ
2025-08-13 02:23:32,871 INFO  [org.apa.kaf.cli.pro.int.TransactionManager] (kafka-producer-network-thread | Producer-topic-11b2c3b5_082c_474b_91f9_c98d9e20b904) [Producer clientId=Producer-topic-11b2c3b5_082c_474b_91f9_c98d9e20b904] ProducerId set to 32 with epoch 0
2025-08-13 02:23:33,011 INFO  [io.api.tes.ser.api.KafkaSerdesTester] (Thread-779) Sending message header {
  time {
  }
}
d1: 1.755051812872E12
s1: "a"
i1: 123
bi1: 1
point {
  longitude: 22.0
  latitude: 22.0
  altitude: 1.0
}
 to topic topic-11b2c3b5_082c_474b_91f9_c98d9e20b904
2025-08-13 02:23:33,190 INFO  [io.api.tes.ser.api.KafkaSerdesTester] (Thread-779) Sending message header {
  time {
  }
}
d1: 1.75505181319E12
s1: "a"
i1: 123
bi1: 1
point {
  longitude: 22.0
  latitude: 22.0
  altitude: 1.0
}
 to topic topic-11b2c3b5_082c_474b_91f9_c98d9e20b904
2025-08-13 02:23:33,220 INFO  [io.api.tes.ser.api.KafkaSerdesTester] (Thread-779) Sending message header {
  time {
  }
}
d1: 1.755051813219E12
s1: "a"
i1: 123
bi1: 1
point {
  longitude: 22.0
  latitude: 22.0
  altitude: 1.0
}
 to topic topic-11b2c3b5_082c_474b_91f9_c98d9e20b904
2025-08-13 02:23:33,249 INFO  [io.api.tes.ser.api.KafkaSerdesTester] (Thread-779) Sending message header {
  time {
  }
}
d1: 1.755051813249E12
s1: "a"
i1: 123
bi1: 1
point {
  longitude: 22.0
  latitude: 22.0
  altitude: 1.0
}
 to topic topic-11b2c3b5_082c_474b_91f9_c98d9e20b904
2025-08-13 02:23:33,277 INFO  [io.api.tes.ser.api.KafkaSerdesTester] (Thread-779) Sending message header {
  time {
  }
}
d1: 1.755051813276E12
s1: "a"
i1: 123
bi1: 1
point {
  longitude: 22.0
  latitude: 22.0
  altitude: 1.0
}
 to topic topic-11b2c3b5_082c_474b_91f9_c98d9e20b904
2025-08-13 02:23:33,303 INFO  [io.api.tes.ser.api.KafkaSerdesTester] (Thread-779) Sending message header {
  time {
  }
}
d1: 1.755051813303E12
s1: "a"
i1: 123
bi1: 1
point {
  longitude: 22.0
  latitude: 22.0
  altitude: 1.0
}
 to topic topic-11b2c3b5_082c_474b_91f9_c98d9e20b904
2025-08-13 02:23:33,330 INFO  [io.api.tes.ser.api.KafkaSerdesTester] (Thread-779) Sending message header {
  time {
  }
}
d1: 1.75505181333E12
s1: "a"
i1: 123
bi1: 1
point {
  longitude: 22.0
  latitude: 22.0
  altitude: 1.0
}
 to topic topic-11b2c3b5_082c_474b_91f9_c98d9e20b904
2025-08-13 02:23:33,362 INFO  [io.api.tes.ser.api.KafkaSerdesTester] (Thread-779) Sending message header {
  time {
  }
}
d1: 1.75505181336E12
s1: "a"
i1: 123
bi1: 1
point {
  longitude: 22.0
  latitude: 22.0
  altitude: 1.0
}
 to topic topic-11b2c3b5_082c_474b_91f9_c98d9e20b904
2025-08-13 02:23:33,388 INFO  [io.api.tes.ser.api.KafkaSerdesTester] (Thread-779) Sending message header {
  time {
  }
}
d1: 1.755051813388E12
s1: "a"
i1: 123
bi1: 1
point {
  longitude: 22.0
  latitude: 22.0
  altitude: 1.0
}
 to topic topic-11b2c3b5_082c_474b_91f9_c98d9e20b904
2025-08-13 02:23:33,413 INFO  [io.api.tes.ser.api.KafkaSerdesTester] (Thread-779) Sending message header {
  time {
  }
}
d1: 1.755051813413E12
s1: "a"
i1: 123
bi1: 1
point {
  longitude: 22.0
  latitude: 22.0
  altitude: 1.0
}
 to topic topic-11b2c3b5_082c_474b_91f9_c98d9e20b904
2025-08-13 02:23:33,438 INFO  [io.api.tes.ser.api.KafkaSerdesTester] (Thread-779) Produced 10 messages
2025-08-13 02:23:33,438 INFO  [org.apa.kaf.cli.pro.KafkaProducer] (Thread-779) [Producer clientId=Producer-topic-11b2c3b5_082c_474b_91f9_c98d9e20b904] Closing the Kafka producer with timeoutMillis = 9223372036854775807 ms.
2025-08-13 02:23:33,440 INFO  [org.apa.kaf.com.met.Metrics] (Thread-779) Metrics scheduler closed
2025-08-13 02:23:33,440 INFO  [org.apa.kaf.com.met.Metrics] (Thread-779) Closing reporter org.apache.kafka.common.metrics.JmxReporter
2025-08-13 02:23:33,440 INFO  [org.apa.kaf.com.met.Metrics] (Thread-779) Closing reporter org.apache.kafka.common.telemetry.internals.ClientTelemetryReporter
2025-08-13 02:23:33,440 INFO  [org.apa.kaf.com.met.Metrics] (Thread-779) Metrics reporters closed
2025-08-13 02:23:33,440 INFO  [org.apa.kaf.com.uti.AppInfoParser] (Thread-779) App info kafka.producer for Producer-topic-11b2c3b5_082c_474b_91f9_c98d9e20b904 unregistered
**** Registry Base URL: http://registry-app-ksql043.apps.ci419.apicurio-testing.org:80
2025-08-13 02:23:33,455 INFO  [org.apa.kaf.cli.con.ConsumerConfig] (main) ConsumerConfig values: 
	allow.auto.create.topics = true
	auto.commit.interval.ms = 500
	auto.include.jmx.reporter = true
	auto.offset.reset = earliest
	bootstrap.servers = [PLAINTEXT://localhost:32769]
	check.crcs = true
	client.dns.lookup = use_all_dns_ips
	client.id = consumer-Consumer-topic-11b2c3b5_082c_474b_91f9_c98d9e20b904-23
	client.rack = 
	connections.max.idle.ms = 10000
	default.api.timeout.ms = 60000
	enable.auto.commit = true
	enable.metrics.push = true
	exclude.internal.topics = true
	fetch.max.bytes = 52428800
	fetch.max.wait.ms = 500
	fetch.min.bytes = 1
	group.id = Consumer-topic-11b2c3b5_082c_474b_91f9_c98d9e20b904
	group.instance.id = null
	group.protocol = classic
	group.remote.assignor = null
	heartbeat.interval.ms = 3000
	interceptor.classes = []
	internal.leave.group.on.close = true
	internal.throw.on.fetch.stable.offset.unsupported = false
	isolation.level = read_uncommitted
	key.deserializer = class org.apache.kafka.common.serialization.StringDeserializer
	max.partition.fetch.bytes = 1048576
	max.poll.interval.ms = 300000
	max.poll.records = 500
	metadata.max.age.ms = 300000
	metadata.recovery.strategy = none
	metric.reporters = []
	metrics.num.samples = 2
	metrics.recording.level = INFO
	metrics.sample.window.ms = 30000
	partition.assignment.strategy = [class org.apache.kafka.clients.consumer.RangeAssignor, class org.apache.kafka.clients.consumer.CooperativeStickyAssignor]
	receive.buffer.bytes = 65536
	reconnect.backoff.max.ms = 1000
	reconnect.backoff.ms = 50
	request.timeout.ms = 5000
	retry.backoff.max.ms = 1000
	retry.backoff.ms = 100
	sasl.client.callback.handler.class = null
	sasl.jaas.config = null
	sasl.kerberos.kinit.cmd = /usr/bin/kinit
	sasl.kerberos.min.time.before.relogin = 60000
	sasl.kerberos.service.name = null
	sasl.kerberos.ticket.renew.jitter = 0.05
	sasl.kerberos.ticket.renew.window.factor = 0.8
	sasl.login.callback.handler.class = null
	sasl.login.class = null
	sasl.login.connect.timeout.ms = null
	sasl.login.read.timeout.ms = null
	sasl.login.refresh.buffer.seconds = 300
	sasl.login.refresh.min.period.seconds = 60
	sasl.login.refresh.window.factor = 0.8
	sasl.login.refresh.window.jitter = 0.05
	sasl.login.retry.backoff.max.ms = 10000
	sasl.login.retry.backoff.ms = 100
	sasl.mechanism = GSSAPI
	sasl.oauthbearer.clock.skew.seconds = 30
	sasl.oauthbearer.expected.audience = null
	sasl.oauthbearer.expected.issuer = null
	sasl.oauthbearer.header.urlencode = false
	sasl.oauthbearer.jwks.endpoint.refresh.ms = 3600000
	sasl.oauthbearer.jwks.endpoint.retry.backoff.max.ms = 10000
	sasl.oauthbearer.jwks.endpoint.retry.backoff.ms = 100
	sasl.oauthbearer.jwks.endpoint.url = null
	sasl.oauthbearer.scope.claim.name = scope
	sasl.oauthbearer.sub.claim.name = sub
	sasl.oauthbearer.token.endpoint.url = null
	security.protocol = PLAINTEXT
	security.providers = null
	send.buffer.bytes = 131072
	session.timeout.ms = 45000
	socket.connection.setup.timeout.max.ms = 30000
	socket.connection.setup.timeout.ms = 10000
	ssl.cipher.suites = null
	ssl.enabled.protocols = [TLSv1.2, TLSv1.3]
	ssl.endpoint.identification.algorithm = https
	ssl.engine.factory.class = null
	ssl.key.password = null
	ssl.keymanager.algorithm = SunX509
	ssl.keystore.certificate.chain = null
	ssl.keystore.key = null
	ssl.keystore.location = null
	ssl.keystore.password = null
	ssl.keystore.type = JKS
	ssl.protocol = TLSv1.3
	ssl.provider = null
	ssl.secure.random.implementation = null
	ssl.trustmanager.algorithm = PKIX
	ssl.truststore.certificates = null
	ssl.truststore.location = null
	ssl.truststore.password = null
	ssl.truststore.type = JKS
	value.deserializer = class io.apicurio.registry.serde.protobuf.ProtobufKafkaDeserializer

2025-08-13 02:23:33,456 INFO  [org.apa.kaf.com.tel.int.KafkaMetricsCollector] (main) initializing Kafka metrics collector
2025-08-13 02:23:33,461 INFO  [org.apa.kaf.cli.con.ConsumerConfig] (main) These configurations '[apicurio.registry.url, apicurio.registry.headers.enabled]' were supplied but are not used yet.
2025-08-13 02:23:33,461 INFO  [org.apa.kaf.com.uti.AppInfoParser] (main) Kafka version: 3.9.1
2025-08-13 02:23:33,462 INFO  [org.apa.kaf.com.uti.AppInfoParser] (main) Kafka commitId: f745dfdcee2b9851
2025-08-13 02:23:33,462 INFO  [org.apa.kaf.com.uti.AppInfoParser] (main) Kafka startTimeMs: 1755051813461
2025-08-13 02:23:33,462 INFO  [org.apa.kaf.cli.con.int.ClassicKafkaConsumer] (Thread-782) [Consumer clientId=consumer-Consumer-topic-11b2c3b5_082c_474b_91f9_c98d9e20b904-23, groupId=Consumer-topic-11b2c3b5_082c_474b_91f9_c98d9e20b904] Subscribed to topic(s): topic-11b2c3b5_082c_474b_91f9_c98d9e20b904
2025-08-13 02:23:33,465 INFO  [org.apa.kaf.cli.Metadata] (Thread-782) [Consumer clientId=consumer-Consumer-topic-11b2c3b5_082c_474b_91f9_c98d9e20b904-23, groupId=Consumer-topic-11b2c3b5_082c_474b_91f9_c98d9e20b904] Cluster ID: pj3cISz0Q0OVF0qikwHveQ
2025-08-13 02:23:33,466 INFO  [org.apa.kaf.cli.con.int.ConsumerCoordinator] (Thread-782) [Consumer clientId=consumer-Consumer-topic-11b2c3b5_082c_474b_91f9_c98d9e20b904-23, groupId=Consumer-topic-11b2c3b5_082c_474b_91f9_c98d9e20b904] Discovered group coordinator localhost:32769 (id: 2147483647 rack: null)
2025-08-13 02:23:33,467 INFO  [org.apa.kaf.cli.con.int.ConsumerCoordinator] (Thread-782) [Consumer clientId=consumer-Consumer-topic-11b2c3b5_082c_474b_91f9_c98d9e20b904-23, groupId=Consumer-topic-11b2c3b5_082c_474b_91f9_c98d9e20b904] (Re-)joining group
2025-08-13 02:23:33,470 INFO  [org.apa.kaf.cli.con.int.ConsumerCoordinator] (Thread-782) [Consumer clientId=consumer-Consumer-topic-11b2c3b5_082c_474b_91f9_c98d9e20b904-23, groupId=Consumer-topic-11b2c3b5_082c_474b_91f9_c98d9e20b904] Request joining group due to: need to re-join with the given member-id: consumer-Consumer-topic-11b2c3b5_082c_474b_91f9_c98d9e20b904-23-6ada3a2e-711f-43a3-9c88-ff0ee83c0d44
2025-08-13 02:23:33,470 INFO  [org.apa.kaf.cli.con.int.ConsumerCoordinator] (Thread-782) [Consumer clientId=consumer-Consumer-topic-11b2c3b5_082c_474b_91f9_c98d9e20b904-23, groupId=Consumer-topic-11b2c3b5_082c_474b_91f9_c98d9e20b904] (Re-)joining group
2025-08-13 02:23:34,462 INFO  [io.api.tes.ser.api.KafkaSerdesTester] (Thread-782) None found
2025-08-13 02:23:35,462 INFO  [io.api.tes.ser.api.KafkaSerdesTester] (Thread-782) None found
2025-08-13 02:23:36,462 INFO  [io.api.tes.ser.api.KafkaSerdesTester] (Thread-782) None found
2025-08-13 02:23:36,472 INFO  [org.apa.kaf.cli.con.int.ConsumerCoordinator] (Thread-782) [Consumer clientId=consumer-Consumer-topic-11b2c3b5_082c_474b_91f9_c98d9e20b904-23, groupId=Consumer-topic-11b2c3b5_082c_474b_91f9_c98d9e20b904] Successfully joined group with generation Generation{generationId=1, memberId='consumer-Consumer-topic-11b2c3b5_082c_474b_91f9_c98d9e20b904-23-6ada3a2e-711f-43a3-9c88-ff0ee83c0d44', protocol='range'}
2025-08-13 02:23:36,472 INFO  [org.apa.kaf.cli.con.int.ConsumerCoordinator] (Thread-782) [Consumer clientId=consumer-Consumer-topic-11b2c3b5_082c_474b_91f9_c98d9e20b904-23, groupId=Consumer-topic-11b2c3b5_082c_474b_91f9_c98d9e20b904] Finished assignment for group at generation 1: {consumer-Consumer-topic-11b2c3b5_082c_474b_91f9_c98d9e20b904-23-6ada3a2e-711f-43a3-9c88-ff0ee83c0d44=Assignment(partitions=[topic-11b2c3b5_082c_474b_91f9_c98d9e20b904-0])}
2025-08-13 02:23:36,478 INFO  [org.apa.kaf.cli.con.int.ConsumerCoordinator] (Thread-782) [Consumer clientId=consumer-Consumer-topic-11b2c3b5_082c_474b_91f9_c98d9e20b904-23, groupId=Consumer-topic-11b2c3b5_082c_474b_91f9_c98d9e20b904] Successfully synced group in generation Generation{generationId=1, memberId='consumer-Consumer-topic-11b2c3b5_082c_474b_91f9_c98d9e20b904-23-6ada3a2e-711f-43a3-9c88-ff0ee83c0d44', protocol='range'}
2025-08-13 02:23:36,479 INFO  [org.apa.kaf.cli.con.int.ConsumerCoordinator] (Thread-782) [Consumer clientId=consumer-Consumer-topic-11b2c3b5_082c_474b_91f9_c98d9e20b904-23, groupId=Consumer-topic-11b2c3b5_082c_474b_91f9_c98d9e20b904] Notifying assignor about the new Assignment(partitions=[topic-11b2c3b5_082c_474b_91f9_c98d9e20b904-0])
2025-08-13 02:23:36,479 INFO  [org.apa.kaf.cli.con.int.ConsumerRebalanceListenerInvoker] (Thread-782) [Consumer clientId=consumer-Consumer-topic-11b2c3b5_082c_474b_91f9_c98d9e20b904-23, groupId=Consumer-topic-11b2c3b5_082c_474b_91f9_c98d9e20b904] Adding newly assigned partitions: topic-11b2c3b5_082c_474b_91f9_c98d9e20b904-0
2025-08-13 02:23:36,479 INFO  [org.apa.kaf.cli.con.int.ConsumerCoordinator] (Thread-782) [Consumer clientId=consumer-Consumer-topic-11b2c3b5_082c_474b_91f9_c98d9e20b904-23, groupId=Consumer-topic-11b2c3b5_082c_474b_91f9_c98d9e20b904] Found no committed offset for partition topic-11b2c3b5_082c_474b_91f9_c98d9e20b904-0
2025-08-13 02:23:36,482 INFO  [org.apa.kaf.cli.con.int.SubscriptionState] (Thread-782) [Consumer clientId=consumer-Consumer-topic-11b2c3b5_082c_474b_91f9_c98d9e20b904-23, groupId=Consumer-topic-11b2c3b5_082c_474b_91f9_c98d9e20b904] Resetting offset for partition topic-11b2c3b5_082c_474b_91f9_c98d9e20b904-0 to position FetchPosition{offset=0, offsetEpoch=Optional.empty, currentLeader=LeaderAndEpoch{leader=Optional[localhost:32769 (id: 0 rack: null)], epoch=0}}.
2025-08-13 02:23:36,559 INFO  [io.api.tes.ser.api.KafkaSerdesTester] (Thread-782) topic-11b2c3b5_082c_474b_91f9_c98d9e20b904 0 0 header {
  time {
  }
}
d1: 1.755051812872E12
s1: "a"
i1: 123
bi1: 1
point {
  longitude: 22.0
  latitude: 22.0
  altitude: 1.0
}

2025-08-13 02:23:36,559 INFO  [io.api.tes.ser.api.KafkaSerdesTester] (Thread-782) topic-11b2c3b5_082c_474b_91f9_c98d9e20b904 0 1 header {
  time {
  }
}
d1: 1.75505181319E12
s1: "a"
i1: 123
bi1: 1
point {
  longitude: 22.0
  latitude: 22.0
  altitude: 1.0
}

2025-08-13 02:23:36,560 INFO  [io.api.tes.ser.api.KafkaSerdesTester] (Thread-782) topic-11b2c3b5_082c_474b_91f9_c98d9e20b904 0 2 header {
  time {
  }
}
d1: 1.755051813219E12
s1: "a"
i1: 123
bi1: 1
point {
  longitude: 22.0
  latitude: 22.0
  altitude: 1.0
}

2025-08-13 02:23:36,560 INFO  [io.api.tes.ser.api.KafkaSerdesTester] (Thread-782) topic-11b2c3b5_082c_474b_91f9_c98d9e20b904 0 3 header {
  time {
  }
}
d1: 1.755051813249E12
s1: "a"
i1: 123
bi1: 1
point {
  longitude: 22.0
  latitude: 22.0
  altitude: 1.0
}

2025-08-13 02:23:36,561 INFO  [io.api.tes.ser.api.KafkaSerdesTester] (Thread-782) topic-11b2c3b5_082c_474b_91f9_c98d9e20b904 0 4 header {
  time {
  }
}
d1: 1.755051813276E12
s1: "a"
i1: 123
bi1: 1
point {
  longitude: 22.0
  latitude: 22.0
  altitude: 1.0
}

2025-08-13 02:23:36,564 INFO  [io.api.tes.ser.api.KafkaSerdesTester] (Thread-782) topic-11b2c3b5_082c_474b_91f9_c98d9e20b904 0 5 header {
  time {
  }
}
d1: 1.755051813303E12
s1: "a"
i1: 123
bi1: 1
point {
  longitude: 22.0
  latitude: 22.0
  altitude: 1.0
}

2025-08-13 02:23:36,564 INFO  [io.api.tes.ser.api.KafkaSerdesTester] (Thread-782) topic-11b2c3b5_082c_474b_91f9_c98d9e20b904 0 6 header {
  time {
  }
}
d1: 1.75505181333E12
s1: "a"
i1: 123
bi1: 1
point {
  longitude: 22.0
  latitude: 22.0
  altitude: 1.0
}

2025-08-13 02:23:36,565 INFO  [io.api.tes.ser.api.KafkaSerdesTester] (Thread-782) topic-11b2c3b5_082c_474b_91f9_c98d9e20b904 0 7 header {
  time {
  }
}
d1: 1.75505181336E12
s1: "a"
i1: 123
bi1: 1
point {
  longitude: 22.0
  latitude: 22.0
  altitude: 1.0
}

2025-08-13 02:23:36,565 INFO  [io.api.tes.ser.api.KafkaSerdesTester] (Thread-782) topic-11b2c3b5_082c_474b_91f9_c98d9e20b904 0 8 header {
  time {
  }
}
d1: 1.755051813388E12
s1: "a"
i1: 123
bi1: 1
point {
  longitude: 22.0
  latitude: 22.0
  altitude: 1.0
}

2025-08-13 02:23:36,565 INFO  [io.api.tes.ser.api.KafkaSerdesTester] (Thread-782) topic-11b2c3b5_082c_474b_91f9_c98d9e20b904 0 9 header {
  time {
  }
}
d1: 1.755051813413E12
s1: "a"
i1: 123
bi1: 1
point {
  longitude: 22.0
  latitude: 22.0
  altitude: 1.0
}

2025-08-13 02:23:36,565 INFO  [io.api.tes.ser.api.KafkaSerdesTester] (Thread-782) Consumed 10 messages
2025-08-13 02:23:36,573 INFO  [org.apa.kaf.cli.con.int.ConsumerRebalanceListenerInvoker] (Thread-782) [Consumer clientId=consumer-Consumer-topic-11b2c3b5_082c_474b_91f9_c98d9e20b904-23, groupId=Consumer-topic-11b2c3b5_082c_474b_91f9_c98d9e20b904] Revoke previously assigned partitions topic-11b2c3b5_082c_474b_91f9_c98d9e20b904-0
2025-08-13 02:23:36,573 INFO  [org.apa.kaf.cli.con.int.ConsumerCoordinator] (Thread-782) [Consumer clientId=consumer-Consumer-topic-11b2c3b5_082c_474b_91f9_c98d9e20b904-23, groupId=Consumer-topic-11b2c3b5_082c_474b_91f9_c98d9e20b904] Member consumer-Consumer-topic-11b2c3b5_082c_474b_91f9_c98d9e20b904-23-6ada3a2e-711f-43a3-9c88-ff0ee83c0d44 sending LeaveGroup request to coordinator localhost:32769 (id: 2147483647 rack: null) due to the consumer is being closed
2025-08-13 02:23:36,573 INFO  [org.apa.kaf.cli.con.int.ConsumerCoordinator] (Thread-782) [Consumer clientId=consumer-Consumer-topic-11b2c3b5_082c_474b_91f9_c98d9e20b904-23, groupId=Consumer-topic-11b2c3b5_082c_474b_91f9_c98d9e20b904] Resetting generation and member id due to: consumer pro-actively leaving the group
2025-08-13 02:23:36,573 INFO  [org.apa.kaf.cli.con.int.ConsumerCoordinator] (Thread-782) [Consumer clientId=consumer-Consumer-topic-11b2c3b5_082c_474b_91f9_c98d9e20b904-23, groupId=Consumer-topic-11b2c3b5_082c_474b_91f9_c98d9e20b904] Request joining group due to: consumer pro-actively leaving the group
2025-08-13 02:23:37,060 INFO  [org.apa.kaf.com.met.Metrics] (Thread-782) Metrics scheduler closed
2025-08-13 02:23:37,060 INFO  [org.apa.kaf.com.met.Metrics] (Thread-782) Closing reporter org.apache.kafka.common.metrics.JmxReporter
2025-08-13 02:23:37,061 INFO  [org.apa.kaf.com.met.Metrics] (Thread-782) Closing reporter org.apache.kafka.common.telemetry.internals.ClientTelemetryReporter
2025-08-13 02:23:37,061 INFO  [org.apa.kaf.com.met.Metrics] (Thread-782) Metrics reporters closed
2025-08-13 02:23:37,062 INFO  [org.apa.kaf.com.uti.AppInfoParser] (Thread-782) App info kafka.consumer for consumer-Consumer-topic-11b2c3b5_082c_474b_91f9_c98d9e20b904-23 unregistered
2025-08-13 02:23:37,073 INFO  [io.api.tes.uti.TestSeparator] (main) io.apicurio.tests.serdes.apicurio.ProtobufSerdeIT.testTopicIdStrategyAutoRegister-FINISHED
2025-08-13 02:23:37,073 INFO  [io.api.tes.uti.TestSeparator] (main) ############################################################################
Test passed: testTopicIdStrategyAutoRegister
]]></system-out>
  </testcase>
  <testcase name="testAutoRegisterAndUseBody" classname="io.apicurio.tests.serdes.apicurio.ProtobufSerdeIT" time="4.097">
    <system-out><![CDATA[2025-08-13 02:23:37,076 INFO  [io.api.tes.uti.TestSeparator] (main) ############################################################################
2025-08-13 02:23:37,077 INFO  [io.api.tes.uti.TestSeparator] (main) io.apicurio.tests.serdes.apicurio.ProtobufSerdeIT.testAutoRegisterAndUseBody-STARTED
**** Registry Base URL: http://registry-app-ksql043.apps.ci419.apicurio-testing.org:80
2025-08-13 02:23:37,078 INFO  [org.apa.kaf.cli.pro.ProducerConfig] (main) ProducerConfig values: 
	acks = -1
	auto.include.jmx.reporter = true
	batch.size = 16384
	bootstrap.servers = [PLAINTEXT://localhost:32769]
	buffer.memory = 33554432
	client.dns.lookup = use_all_dns_ips
	client.id = Producer-topic-77bd8320_a5d4_4541_b061_6c0d1e625c61
	compression.gzip.level = -1
	compression.lz4.level = 9
	compression.type = none
	compression.zstd.level = 3
	connections.max.idle.ms = 10000
	delivery.timeout.ms = 120000
	enable.idempotence = true
	enable.metrics.push = true
	interceptor.classes = []
	key.serializer = class org.apache.kafka.common.serialization.StringSerializer
	linger.ms = 0
	max.block.ms = 60000
	max.in.flight.requests.per.connection = 5
	max.request.size = 1048576
	metadata.max.age.ms = 300000
	metadata.max.idle.ms = 300000
	metadata.recovery.strategy = none
	metric.reporters = []
	metrics.num.samples = 2
	metrics.recording.level = INFO
	metrics.sample.window.ms = 30000
	partitioner.adaptive.partitioning.enable = true
	partitioner.availability.timeout.ms = 0
	partitioner.class = null
	partitioner.ignore.keys = false
	receive.buffer.bytes = 32768
	reconnect.backoff.max.ms = 1000
	reconnect.backoff.ms = 50
	request.timeout.ms = 5000
	retries = 2147483647
	retry.backoff.max.ms = 1000
	retry.backoff.ms = 100
	sasl.client.callback.handler.class = null
	sasl.jaas.config = null
	sasl.kerberos.kinit.cmd = /usr/bin/kinit
	sasl.kerberos.min.time.before.relogin = 60000
	sasl.kerberos.service.name = null
	sasl.kerberos.ticket.renew.jitter = 0.05
	sasl.kerberos.ticket.renew.window.factor = 0.8
	sasl.login.callback.handler.class = null
	sasl.login.class = null
	sasl.login.connect.timeout.ms = null
	sasl.login.read.timeout.ms = null
	sasl.login.refresh.buffer.seconds = 300
	sasl.login.refresh.min.period.seconds = 60
	sasl.login.refresh.window.factor = 0.8
	sasl.login.refresh.window.jitter = 0.05
	sasl.login.retry.backoff.max.ms = 10000
	sasl.login.retry.backoff.ms = 100
	sasl.mechanism = GSSAPI
	sasl.oauthbearer.clock.skew.seconds = 30
	sasl.oauthbearer.expected.audience = null
	sasl.oauthbearer.expected.issuer = null
	sasl.oauthbearer.header.urlencode = false
	sasl.oauthbearer.jwks.endpoint.refresh.ms = 3600000
	sasl.oauthbearer.jwks.endpoint.retry.backoff.max.ms = 10000
	sasl.oauthbearer.jwks.endpoint.retry.backoff.ms = 100
	sasl.oauthbearer.jwks.endpoint.url = null
	sasl.oauthbearer.scope.claim.name = scope
	sasl.oauthbearer.sub.claim.name = sub
	sasl.oauthbearer.token.endpoint.url = null
	security.protocol = PLAINTEXT
	security.providers = null
	send.buffer.bytes = 131072
	socket.connection.setup.timeout.max.ms = 30000
	socket.connection.setup.timeout.ms = 10000
	ssl.cipher.suites = null
	ssl.enabled.protocols = [TLSv1.2, TLSv1.3]
	ssl.endpoint.identification.algorithm = https
	ssl.engine.factory.class = null
	ssl.key.password = null
	ssl.keymanager.algorithm = SunX509
	ssl.keystore.certificate.chain = null
	ssl.keystore.key = null
	ssl.keystore.location = null
	ssl.keystore.password = null
	ssl.keystore.type = JKS
	ssl.protocol = TLSv1.3
	ssl.provider = null
	ssl.secure.random.implementation = null
	ssl.trustmanager.algorithm = PKIX
	ssl.truststore.certificates = null
	ssl.truststore.location = null
	ssl.truststore.password = null
	ssl.truststore.type = JKS
	transaction.timeout.ms = 60000
	transactional.id = null
	value.serializer = class io.apicurio.registry.serde.protobuf.ProtobufKafkaSerializer

2025-08-13 02:23:37,078 INFO  [org.apa.kaf.com.tel.int.KafkaMetricsCollector] (main) initializing Kafka metrics collector
2025-08-13 02:23:37,084 INFO  [org.apa.kaf.cli.pro.KafkaProducer] (main) [Producer clientId=Producer-topic-77bd8320_a5d4_4541_b061_6c0d1e625c61] Instantiated an idempotent producer.
2025-08-13 02:23:37,085 INFO  [org.apa.kaf.cli.pro.ProducerConfig] (main) These configurations '[apicurio.registry.url, apicurio.registry.auto-register, apicurio.registry.artifact-resolver-strategy]' were supplied but are not used yet.
2025-08-13 02:23:37,085 INFO  [org.apa.kaf.com.uti.AppInfoParser] (main) Kafka version: 3.9.1
2025-08-13 02:23:37,085 INFO  [org.apa.kaf.com.uti.AppInfoParser] (main) Kafka commitId: f745dfdcee2b9851
2025-08-13 02:23:37,085 INFO  [org.apa.kaf.com.uti.AppInfoParser] (main) Kafka startTimeMs: 1755051817085
2025-08-13 02:23:37,085 INFO  [io.api.tes.ser.api.SimpleSerdesTesterBuilder$SimpleSerdesTester] (main) Using producer configuration: {apicurio.registry.url=http://registry-app-ksql043.apps.ci419.apicurio-testing.org:80/apis/registry/v3, apicurio.registry.auto-register=true, apicurio.registry.artifact-resolver-strategy=io.apicurio.registry.serde.strategy.TopicIdStrategy, value.serializer=io.apicurio.registry.serde.protobuf.ProtobufKafkaSerializer, request.timeout.ms=5000, acks=all, bootstrap.servers=PLAINTEXT://localhost:32769, connections.max.idle.ms=10000, key.serializer=org.apache.kafka.common.serialization.StringSerializer, client.id=Producer-topic-77bd8320_a5d4_4541_b061_6c0d1e625c61}
2025-08-13 02:23:37,085 INFO  [io.api.tes.ser.api.SimpleSerdesTesterBuilder$SimpleSerdesTester] (main) Using consumer configuration: {apicurio.protobuf.derive.class=true}
2025-08-13 02:23:37,086 INFO  [io.api.tes.ser.api.KafkaSerdesTester] (Thread-785) Sending message header {
  time {
  }
}
d1: 1.755051817085E12
s1: "a"
i1: 123
bi1: 1
point {
  longitude: 22.0
  latitude: 22.0
  altitude: 1.0
}
 to topic topic-77bd8320_a5d4_4541_b061_6c0d1e625c61
2025-08-13 02:23:37,088 WARN  [org.apa.kaf.cli.NetworkClient] (kafka-producer-network-thread | Producer-topic-77bd8320_a5d4_4541_b061_6c0d1e625c61) [Producer clientId=Producer-topic-77bd8320_a5d4_4541_b061_6c0d1e625c61] The metadata response from the cluster reported a recoverable issue with correlation id 1 : {topic-77bd8320_a5d4_4541_b061_6c0d1e625c61=UNKNOWN_TOPIC_OR_PARTITION}
2025-08-13 02:23:37,088 INFO  [org.apa.kaf.cli.Metadata] (kafka-producer-network-thread | Producer-topic-77bd8320_a5d4_4541_b061_6c0d1e625c61) [Producer clientId=Producer-topic-77bd8320_a5d4_4541_b061_6c0d1e625c61] Cluster ID: pj3cISz0Q0OVF0qikwHveQ
2025-08-13 02:23:37,088 INFO  [org.apa.kaf.cli.pro.int.TransactionManager] (kafka-producer-network-thread | Producer-topic-77bd8320_a5d4_4541_b061_6c0d1e625c61) [Producer clientId=Producer-topic-77bd8320_a5d4_4541_b061_6c0d1e625c61] ProducerId set to 33 with epoch 0
2025-08-13 02:23:37,294 INFO  [io.api.tes.ser.api.KafkaSerdesTester] (Thread-785) Sending message header {
  time {
  }
}
d1: 1.755051817294E12
s1: "a"
i1: 123
bi1: 1
point {
  longitude: 22.0
  latitude: 22.0
  altitude: 1.0
}
 to topic topic-77bd8320_a5d4_4541_b061_6c0d1e625c61
2025-08-13 02:23:37,326 INFO  [io.api.tes.ser.api.KafkaSerdesTester] (Thread-785) Sending message header {
  time {
  }
}
d1: 1.755051817325E12
s1: "a"
i1: 123
bi1: 1
point {
  longitude: 22.0
  latitude: 22.0
  altitude: 1.0
}
 to topic topic-77bd8320_a5d4_4541_b061_6c0d1e625c61
2025-08-13 02:23:37,355 INFO  [io.api.tes.ser.api.KafkaSerdesTester] (Thread-785) Sending message header {
  time {
  }
}
d1: 1.755051817354E12
s1: "a"
i1: 123
bi1: 1
point {
  longitude: 22.0
  latitude: 22.0
  altitude: 1.0
}
 to topic topic-77bd8320_a5d4_4541_b061_6c0d1e625c61
2025-08-13 02:23:37,382 INFO  [io.api.tes.ser.api.KafkaSerdesTester] (Thread-785) Sending message header {
  time {
  }
}
d1: 1.755051817382E12
s1: "a"
i1: 123
bi1: 1
point {
  longitude: 22.0
  latitude: 22.0
  altitude: 1.0
}
 to topic topic-77bd8320_a5d4_4541_b061_6c0d1e625c61
2025-08-13 02:23:37,409 INFO  [io.api.tes.ser.api.KafkaSerdesTester] (Thread-785) Sending message header {
  time {
  }
}
d1: 1.755051817409E12
s1: "a"
i1: 123
bi1: 1
point {
  longitude: 22.0
  latitude: 22.0
  altitude: 1.0
}
 to topic topic-77bd8320_a5d4_4541_b061_6c0d1e625c61
2025-08-13 02:23:37,439 INFO  [io.api.tes.ser.api.KafkaSerdesTester] (Thread-785) Sending message header {
  time {
  }
}
d1: 1.755051817439E12
s1: "a"
i1: 123
bi1: 1
point {
  longitude: 22.0
  latitude: 22.0
  altitude: 1.0
}
 to topic topic-77bd8320_a5d4_4541_b061_6c0d1e625c61
2025-08-13 02:23:37,476 INFO  [io.api.tes.ser.api.KafkaSerdesTester] (Thread-785) Sending message header {
  time {
  }
}
d1: 1.755051817476E12
s1: "a"
i1: 123
bi1: 1
point {
  longitude: 22.0
  latitude: 22.0
  altitude: 1.0
}
 to topic topic-77bd8320_a5d4_4541_b061_6c0d1e625c61
2025-08-13 02:23:37,502 INFO  [io.api.tes.ser.api.KafkaSerdesTester] (Thread-785) Sending message header {
  time {
  }
}
d1: 1.755051817502E12
s1: "a"
i1: 123
bi1: 1
point {
  longitude: 22.0
  latitude: 22.0
  altitude: 1.0
}
 to topic topic-77bd8320_a5d4_4541_b061_6c0d1e625c61
2025-08-13 02:23:37,528 INFO  [io.api.tes.ser.api.KafkaSerdesTester] (Thread-785) Sending message header {
  time {
  }
}
d1: 1.755051817528E12
s1: "a"
i1: 123
bi1: 1
point {
  longitude: 22.0
  latitude: 22.0
  altitude: 1.0
}
 to topic topic-77bd8320_a5d4_4541_b061_6c0d1e625c61
2025-08-13 02:23:37,585 INFO  [io.api.tes.ser.api.KafkaSerdesTester] (Thread-785) Produced 10 messages
2025-08-13 02:23:37,585 INFO  [org.apa.kaf.cli.pro.KafkaProducer] (Thread-785) [Producer clientId=Producer-topic-77bd8320_a5d4_4541_b061_6c0d1e625c61] Closing the Kafka producer with timeoutMillis = 9223372036854775807 ms.
2025-08-13 02:23:37,586 INFO  [org.apa.kaf.com.met.Metrics] (Thread-785) Metrics scheduler closed
2025-08-13 02:23:37,586 INFO  [org.apa.kaf.com.met.Metrics] (Thread-785) Closing reporter org.apache.kafka.common.metrics.JmxReporter
2025-08-13 02:23:37,586 INFO  [org.apa.kaf.com.met.Metrics] (Thread-785) Closing reporter org.apache.kafka.common.telemetry.internals.ClientTelemetryReporter
2025-08-13 02:23:37,586 INFO  [org.apa.kaf.com.met.Metrics] (Thread-785) Metrics reporters closed
2025-08-13 02:23:37,586 INFO  [org.apa.kaf.com.uti.AppInfoParser] (Thread-785) App info kafka.producer for Producer-topic-77bd8320_a5d4_4541_b061_6c0d1e625c61 unregistered
**** Registry Base URL: http://registry-app-ksql043.apps.ci419.apicurio-testing.org:80
2025-08-13 02:23:37,601 INFO  [org.apa.kaf.cli.con.ConsumerConfig] (main) ConsumerConfig values: 
	allow.auto.create.topics = true
	auto.commit.interval.ms = 500
	auto.include.jmx.reporter = true
	auto.offset.reset = earliest
	bootstrap.servers = [PLAINTEXT://localhost:32769]
	check.crcs = true
	client.dns.lookup = use_all_dns_ips
	client.id = consumer-Consumer-topic-77bd8320_a5d4_4541_b061_6c0d1e625c61-24
	client.rack = 
	connections.max.idle.ms = 10000
	default.api.timeout.ms = 60000
	enable.auto.commit = true
	enable.metrics.push = true
	exclude.internal.topics = true
	fetch.max.bytes = 52428800
	fetch.max.wait.ms = 500
	fetch.min.bytes = 1
	group.id = Consumer-topic-77bd8320_a5d4_4541_b061_6c0d1e625c61
	group.instance.id = null
	group.protocol = classic
	group.remote.assignor = null
	heartbeat.interval.ms = 3000
	interceptor.classes = []
	internal.leave.group.on.close = true
	internal.throw.on.fetch.stable.offset.unsupported = false
	isolation.level = read_uncommitted
	key.deserializer = class org.apache.kafka.common.serialization.StringDeserializer
	max.partition.fetch.bytes = 1048576
	max.poll.interval.ms = 300000
	max.poll.records = 500
	metadata.max.age.ms = 300000
	metadata.recovery.strategy = none
	metric.reporters = []
	metrics.num.samples = 2
	metrics.recording.level = INFO
	metrics.sample.window.ms = 30000
	partition.assignment.strategy = [class org.apache.kafka.clients.consumer.RangeAssignor, class org.apache.kafka.clients.consumer.CooperativeStickyAssignor]
	receive.buffer.bytes = 65536
	reconnect.backoff.max.ms = 1000
	reconnect.backoff.ms = 50
	request.timeout.ms = 5000
	retry.backoff.max.ms = 1000
	retry.backoff.ms = 100
	sasl.client.callback.handler.class = null
	sasl.jaas.config = null
	sasl.kerberos.kinit.cmd = /usr/bin/kinit
	sasl.kerberos.min.time.before.relogin = 60000
	sasl.kerberos.service.name = null
	sasl.kerberos.ticket.renew.jitter = 0.05
	sasl.kerberos.ticket.renew.window.factor = 0.8
	sasl.login.callback.handler.class = null
	sasl.login.class = null
	sasl.login.connect.timeout.ms = null
	sasl.login.read.timeout.ms = null
	sasl.login.refresh.buffer.seconds = 300
	sasl.login.refresh.min.period.seconds = 60
	sasl.login.refresh.window.factor = 0.8
	sasl.login.refresh.window.jitter = 0.05
	sasl.login.retry.backoff.max.ms = 10000
	sasl.login.retry.backoff.ms = 100
	sasl.mechanism = GSSAPI
	sasl.oauthbearer.clock.skew.seconds = 30
	sasl.oauthbearer.expected.audience = null
	sasl.oauthbearer.expected.issuer = null
	sasl.oauthbearer.header.urlencode = false
	sasl.oauthbearer.jwks.endpoint.refresh.ms = 3600000
	sasl.oauthbearer.jwks.endpoint.retry.backoff.max.ms = 10000
	sasl.oauthbearer.jwks.endpoint.retry.backoff.ms = 100
	sasl.oauthbearer.jwks.endpoint.url = null
	sasl.oauthbearer.scope.claim.name = scope
	sasl.oauthbearer.sub.claim.name = sub
	sasl.oauthbearer.token.endpoint.url = null
	security.protocol = PLAINTEXT
	security.providers = null
	send.buffer.bytes = 131072
	session.timeout.ms = 45000
	socket.connection.setup.timeout.max.ms = 30000
	socket.connection.setup.timeout.ms = 10000
	ssl.cipher.suites = null
	ssl.enabled.protocols = [TLSv1.2, TLSv1.3]
	ssl.endpoint.identification.algorithm = https
	ssl.engine.factory.class = null
	ssl.key.password = null
	ssl.keymanager.algorithm = SunX509
	ssl.keystore.certificate.chain = null
	ssl.keystore.key = null
	ssl.keystore.location = null
	ssl.keystore.password = null
	ssl.keystore.type = JKS
	ssl.protocol = TLSv1.3
	ssl.provider = null
	ssl.secure.random.implementation = null
	ssl.trustmanager.algorithm = PKIX
	ssl.truststore.certificates = null
	ssl.truststore.location = null
	ssl.truststore.password = null
	ssl.truststore.type = JKS
	value.deserializer = class io.apicurio.registry.serde.protobuf.ProtobufKafkaDeserializer

2025-08-13 02:23:37,601 INFO  [org.apa.kaf.com.tel.int.KafkaMetricsCollector] (main) initializing Kafka metrics collector
2025-08-13 02:23:37,605 INFO  [org.apa.kaf.cli.con.ConsumerConfig] (main) These configurations '[apicurio.registry.url, apicurio.protobuf.derive.class]' were supplied but are not used yet.
2025-08-13 02:23:37,605 INFO  [org.apa.kaf.com.uti.AppInfoParser] (main) Kafka version: 3.9.1
2025-08-13 02:23:37,605 INFO  [org.apa.kaf.com.uti.AppInfoParser] (main) Kafka commitId: f745dfdcee2b9851
2025-08-13 02:23:37,605 INFO  [org.apa.kaf.com.uti.AppInfoParser] (main) Kafka startTimeMs: 1755051817605
2025-08-13 02:23:37,605 INFO  [org.apa.kaf.cli.con.int.ClassicKafkaConsumer] (Thread-788) [Consumer clientId=consumer-Consumer-topic-77bd8320_a5d4_4541_b061_6c0d1e625c61-24, groupId=Consumer-topic-77bd8320_a5d4_4541_b061_6c0d1e625c61] Subscribed to topic(s): topic-77bd8320_a5d4_4541_b061_6c0d1e625c61
2025-08-13 02:23:37,607 INFO  [org.apa.kaf.cli.Metadata] (Thread-788) [Consumer clientId=consumer-Consumer-topic-77bd8320_a5d4_4541_b061_6c0d1e625c61-24, groupId=Consumer-topic-77bd8320_a5d4_4541_b061_6c0d1e625c61] Cluster ID: pj3cISz0Q0OVF0qikwHveQ
2025-08-13 02:23:37,608 INFO  [org.apa.kaf.cli.con.int.ConsumerCoordinator] (Thread-788) [Consumer clientId=consumer-Consumer-topic-77bd8320_a5d4_4541_b061_6c0d1e625c61-24, groupId=Consumer-topic-77bd8320_a5d4_4541_b061_6c0d1e625c61] Discovered group coordinator localhost:32769 (id: 2147483647 rack: null)
2025-08-13 02:23:37,608 INFO  [org.apa.kaf.cli.con.int.ConsumerCoordinator] (Thread-788) [Consumer clientId=consumer-Consumer-topic-77bd8320_a5d4_4541_b061_6c0d1e625c61-24, groupId=Consumer-topic-77bd8320_a5d4_4541_b061_6c0d1e625c61] (Re-)joining group
2025-08-13 02:23:37,610 INFO  [org.apa.kaf.cli.con.int.ConsumerCoordinator] (Thread-788) [Consumer clientId=consumer-Consumer-topic-77bd8320_a5d4_4541_b061_6c0d1e625c61-24, groupId=Consumer-topic-77bd8320_a5d4_4541_b061_6c0d1e625c61] Request joining group due to: need to re-join with the given member-id: consumer-Consumer-topic-77bd8320_a5d4_4541_b061_6c0d1e625c61-24-227459a4-9560-4703-b6ff-14114e6bee54
2025-08-13 02:23:37,610 INFO  [org.apa.kaf.cli.con.int.ConsumerCoordinator] (Thread-788) [Consumer clientId=consumer-Consumer-topic-77bd8320_a5d4_4541_b061_6c0d1e625c61-24, groupId=Consumer-topic-77bd8320_a5d4_4541_b061_6c0d1e625c61] (Re-)joining group
2025-08-13 02:23:38,605 INFO  [io.api.tes.ser.api.KafkaSerdesTester] (Thread-788) None found
2025-08-13 02:23:39,605 INFO  [io.api.tes.ser.api.KafkaSerdesTester] (Thread-788) None found
2025-08-13 02:23:40,605 INFO  [io.api.tes.ser.api.KafkaSerdesTester] (Thread-788) None found
2025-08-13 02:23:40,612 INFO  [org.apa.kaf.cli.con.int.ConsumerCoordinator] (Thread-788) [Consumer clientId=consumer-Consumer-topic-77bd8320_a5d4_4541_b061_6c0d1e625c61-24, groupId=Consumer-topic-77bd8320_a5d4_4541_b061_6c0d1e625c61] Successfully joined group with generation Generation{generationId=1, memberId='consumer-Consumer-topic-77bd8320_a5d4_4541_b061_6c0d1e625c61-24-227459a4-9560-4703-b6ff-14114e6bee54', protocol='range'}
2025-08-13 02:23:40,612 INFO  [org.apa.kaf.cli.con.int.ConsumerCoordinator] (Thread-788) [Consumer clientId=consumer-Consumer-topic-77bd8320_a5d4_4541_b061_6c0d1e625c61-24, groupId=Consumer-topic-77bd8320_a5d4_4541_b061_6c0d1e625c61] Finished assignment for group at generation 1: {consumer-Consumer-topic-77bd8320_a5d4_4541_b061_6c0d1e625c61-24-227459a4-9560-4703-b6ff-14114e6bee54=Assignment(partitions=[topic-77bd8320_a5d4_4541_b061_6c0d1e625c61-0])}
2025-08-13 02:23:40,618 INFO  [org.apa.kaf.cli.con.int.ConsumerCoordinator] (Thread-788) [Consumer clientId=consumer-Consumer-topic-77bd8320_a5d4_4541_b061_6c0d1e625c61-24, groupId=Consumer-topic-77bd8320_a5d4_4541_b061_6c0d1e625c61] Successfully synced group in generation Generation{generationId=1, memberId='consumer-Consumer-topic-77bd8320_a5d4_4541_b061_6c0d1e625c61-24-227459a4-9560-4703-b6ff-14114e6bee54', protocol='range'}
2025-08-13 02:23:40,619 INFO  [org.apa.kaf.cli.con.int.ConsumerCoordinator] (Thread-788) [Consumer clientId=consumer-Consumer-topic-77bd8320_a5d4_4541_b061_6c0d1e625c61-24, groupId=Consumer-topic-77bd8320_a5d4_4541_b061_6c0d1e625c61] Notifying assignor about the new Assignment(partitions=[topic-77bd8320_a5d4_4541_b061_6c0d1e625c61-0])
2025-08-13 02:23:40,619 INFO  [org.apa.kaf.cli.con.int.ConsumerRebalanceListenerInvoker] (Thread-788) [Consumer clientId=consumer-Consumer-topic-77bd8320_a5d4_4541_b061_6c0d1e625c61-24, groupId=Consumer-topic-77bd8320_a5d4_4541_b061_6c0d1e625c61] Adding newly assigned partitions: topic-77bd8320_a5d4_4541_b061_6c0d1e625c61-0
2025-08-13 02:23:40,619 INFO  [org.apa.kaf.cli.con.int.ConsumerCoordinator] (Thread-788) [Consumer clientId=consumer-Consumer-topic-77bd8320_a5d4_4541_b061_6c0d1e625c61-24, groupId=Consumer-topic-77bd8320_a5d4_4541_b061_6c0d1e625c61] Found no committed offset for partition topic-77bd8320_a5d4_4541_b061_6c0d1e625c61-0
2025-08-13 02:23:40,622 INFO  [org.apa.kaf.cli.con.int.SubscriptionState] (Thread-788) [Consumer clientId=consumer-Consumer-topic-77bd8320_a5d4_4541_b061_6c0d1e625c61-24, groupId=Consumer-topic-77bd8320_a5d4_4541_b061_6c0d1e625c61] Resetting offset for partition topic-77bd8320_a5d4_4541_b061_6c0d1e625c61-0 to position FetchPosition{offset=0, offsetEpoch=Optional.empty, currentLeader=LeaderAndEpoch{leader=Optional[localhost:32769 (id: 0 rack: null)], epoch=0}}.
2025-08-13 02:23:40,666 INFO  [io.api.tes.ser.api.KafkaSerdesTester] (Thread-788) topic-77bd8320_a5d4_4541_b061_6c0d1e625c61 0 0 header {
  time {
  }
}
d1: 1.755051817085E12
s1: "a"
i1: 123
bi1: 1
point {
  longitude: 22.0
  latitude: 22.0
  altitude: 1.0
}

2025-08-13 02:23:40,666 INFO  [io.api.tes.ser.api.KafkaSerdesTester] (Thread-788) topic-77bd8320_a5d4_4541_b061_6c0d1e625c61 0 1 header {
  time {
  }
}
d1: 1.755051817294E12
s1: "a"
i1: 123
bi1: 1
point {
  longitude: 22.0
  latitude: 22.0
  altitude: 1.0
}

2025-08-13 02:23:40,666 INFO  [io.api.tes.ser.api.KafkaSerdesTester] (Thread-788) topic-77bd8320_a5d4_4541_b061_6c0d1e625c61 0 2 header {
  time {
  }
}
d1: 1.755051817325E12
s1: "a"
i1: 123
bi1: 1
point {
  longitude: 22.0
  latitude: 22.0
  altitude: 1.0
}

2025-08-13 02:23:40,666 INFO  [io.api.tes.ser.api.KafkaSerdesTester] (Thread-788) topic-77bd8320_a5d4_4541_b061_6c0d1e625c61 0 3 header {
  time {
  }
}
d1: 1.755051817354E12
s1: "a"
i1: 123
bi1: 1
point {
  longitude: 22.0
  latitude: 22.0
  altitude: 1.0
}

2025-08-13 02:23:40,670 INFO  [io.api.tes.ser.api.KafkaSerdesTester] (Thread-788) topic-77bd8320_a5d4_4541_b061_6c0d1e625c61 0 4 header {
  time {
  }
}
d1: 1.755051817382E12
s1: "a"
i1: 123
bi1: 1
point {
  longitude: 22.0
  latitude: 22.0
  altitude: 1.0
}

2025-08-13 02:23:40,670 INFO  [io.api.tes.ser.api.KafkaSerdesTester] (Thread-788) topic-77bd8320_a5d4_4541_b061_6c0d1e625c61 0 5 header {
  time {
  }
}
d1: 1.755051817409E12
s1: "a"
i1: 123
bi1: 1
point {
  longitude: 22.0
  latitude: 22.0
  altitude: 1.0
}

2025-08-13 02:23:40,670 INFO  [io.api.tes.ser.api.KafkaSerdesTester] (Thread-788) topic-77bd8320_a5d4_4541_b061_6c0d1e625c61 0 6 header {
  time {
  }
}
d1: 1.755051817439E12
s1: "a"
i1: 123
bi1: 1
point {
  longitude: 22.0
  latitude: 22.0
  altitude: 1.0
}

2025-08-13 02:23:40,670 INFO  [io.api.tes.ser.api.KafkaSerdesTester] (Thread-788) topic-77bd8320_a5d4_4541_b061_6c0d1e625c61 0 7 header {
  time {
  }
}
d1: 1.755051817476E12
s1: "a"
i1: 123
bi1: 1
point {
  longitude: 22.0
  latitude: 22.0
  altitude: 1.0
}

2025-08-13 02:23:40,670 INFO  [io.api.tes.ser.api.KafkaSerdesTester] (Thread-788) topic-77bd8320_a5d4_4541_b061_6c0d1e625c61 0 8 header {
  time {
  }
}
d1: 1.755051817502E12
s1: "a"
i1: 123
bi1: 1
point {
  longitude: 22.0
  latitude: 22.0
  altitude: 1.0
}

2025-08-13 02:23:40,670 INFO  [io.api.tes.ser.api.KafkaSerdesTester] (Thread-788) topic-77bd8320_a5d4_4541_b061_6c0d1e625c61 0 9 header {
  time {
  }
}
d1: 1.755051817528E12
s1: "a"
i1: 123
bi1: 1
point {
  longitude: 22.0
  latitude: 22.0
  altitude: 1.0
}

2025-08-13 02:23:40,670 INFO  [io.api.tes.ser.api.KafkaSerdesTester] (Thread-788) Consumed 10 messages
2025-08-13 02:23:40,677 INFO  [org.apa.kaf.cli.con.int.ConsumerRebalanceListenerInvoker] (Thread-788) [Consumer clientId=consumer-Consumer-topic-77bd8320_a5d4_4541_b061_6c0d1e625c61-24, groupId=Consumer-topic-77bd8320_a5d4_4541_b061_6c0d1e625c61] Revoke previously assigned partitions topic-77bd8320_a5d4_4541_b061_6c0d1e625c61-0
2025-08-13 02:23:40,677 INFO  [org.apa.kaf.cli.con.int.ConsumerCoordinator] (Thread-788) [Consumer clientId=consumer-Consumer-topic-77bd8320_a5d4_4541_b061_6c0d1e625c61-24, groupId=Consumer-topic-77bd8320_a5d4_4541_b061_6c0d1e625c61] Member consumer-Consumer-topic-77bd8320_a5d4_4541_b061_6c0d1e625c61-24-227459a4-9560-4703-b6ff-14114e6bee54 sending LeaveGroup request to coordinator localhost:32769 (id: 2147483647 rack: null) due to the consumer is being closed
2025-08-13 02:23:40,677 INFO  [org.apa.kaf.cli.con.int.ConsumerCoordinator] (Thread-788) [Consumer clientId=consumer-Consumer-topic-77bd8320_a5d4_4541_b061_6c0d1e625c61-24, groupId=Consumer-topic-77bd8320_a5d4_4541_b061_6c0d1e625c61] Resetting generation and member id due to: consumer pro-actively leaving the group
2025-08-13 02:23:40,677 INFO  [org.apa.kaf.cli.con.int.ConsumerCoordinator] (Thread-788) [Consumer clientId=consumer-Consumer-topic-77bd8320_a5d4_4541_b061_6c0d1e625c61-24, groupId=Consumer-topic-77bd8320_a5d4_4541_b061_6c0d1e625c61] Request joining group due to: consumer pro-actively leaving the group
2025-08-13 02:23:41,169 INFO  [org.apa.kaf.com.met.Metrics] (Thread-788) Metrics scheduler closed
2025-08-13 02:23:41,169 INFO  [org.apa.kaf.com.met.Metrics] (Thread-788) Closing reporter org.apache.kafka.common.metrics.JmxReporter
2025-08-13 02:23:41,169 INFO  [org.apa.kaf.com.met.Metrics] (Thread-788) Closing reporter org.apache.kafka.common.telemetry.internals.ClientTelemetryReporter
2025-08-13 02:23:41,169 INFO  [org.apa.kaf.com.met.Metrics] (Thread-788) Metrics reporters closed
2025-08-13 02:23:41,170 INFO  [org.apa.kaf.com.uti.AppInfoParser] (Thread-788) App info kafka.consumer for consumer-Consumer-topic-77bd8320_a5d4_4541_b061_6c0d1e625c61-24 unregistered
2025-08-13 02:23:41,171 INFO  [io.api.tes.uti.TestSeparator] (main) io.apicurio.tests.serdes.apicurio.ProtobufSerdeIT.testAutoRegisterAndUseBody-FINISHED
2025-08-13 02:23:41,171 INFO  [io.api.tes.uti.TestSeparator] (main) ############################################################################
Test passed: testAutoRegisterAndUseBody
]]></system-out>
  </testcase>
  <testcase name="testValidation" classname="io.apicurio.tests.serdes.apicurio.ProtobufSerdeIT" time="21.385">
    <system-out><![CDATA[2025-08-13 02:23:41,172 INFO  [io.api.tes.uti.TestSeparator] (main) ############################################################################
2025-08-13 02:23:41,172 INFO  [io.api.tes.uti.TestSeparator] (main) io.apicurio.tests.serdes.apicurio.ProtobufSerdeIT.testValidation-STARTED
**** Registry Base URL: http://registry-app-ksql043.apps.ci419.apicurio-testing.org:80
2025-08-13 02:23:43,283 INFO  [org.apa.kaf.cli.pro.ProducerConfig] (main) ProducerConfig values: 
	acks = -1
	auto.include.jmx.reporter = true
	batch.size = 16384
	bootstrap.servers = [PLAINTEXT://localhost:32769]
	buffer.memory = 33554432
	client.dns.lookup = use_all_dns_ips
	client.id = Producer-sabfa04e0xfdcbx4e5exb1fex67d16198ec78
	compression.gzip.level = -1
	compression.lz4.level = 9
	compression.type = none
	compression.zstd.level = 3
	connections.max.idle.ms = 10000
	delivery.timeout.ms = 120000
	enable.idempotence = true
	enable.metrics.push = true
	interceptor.classes = []
	key.serializer = class org.apache.kafka.common.serialization.StringSerializer
	linger.ms = 0
	max.block.ms = 60000
	max.in.flight.requests.per.connection = 5
	max.request.size = 1048576
	metadata.max.age.ms = 300000
	metadata.max.idle.ms = 300000
	metadata.recovery.strategy = none
	metric.reporters = []
	metrics.num.samples = 2
	metrics.recording.level = INFO
	metrics.sample.window.ms = 30000
	partitioner.adaptive.partitioning.enable = true
	partitioner.availability.timeout.ms = 0
	partitioner.class = null
	partitioner.ignore.keys = false
	receive.buffer.bytes = 32768
	reconnect.backoff.max.ms = 1000
	reconnect.backoff.ms = 50
	request.timeout.ms = 5000
	retries = 2147483647
	retry.backoff.max.ms = 1000
	retry.backoff.ms = 100
	sasl.client.callback.handler.class = null
	sasl.jaas.config = null
	sasl.kerberos.kinit.cmd = /usr/bin/kinit
	sasl.kerberos.min.time.before.relogin = 60000
	sasl.kerberos.service.name = null
	sasl.kerberos.ticket.renew.jitter = 0.05
	sasl.kerberos.ticket.renew.window.factor = 0.8
	sasl.login.callback.handler.class = null
	sasl.login.class = null
	sasl.login.connect.timeout.ms = null
	sasl.login.read.timeout.ms = null
	sasl.login.refresh.buffer.seconds = 300
	sasl.login.refresh.min.period.seconds = 60
	sasl.login.refresh.window.factor = 0.8
	sasl.login.refresh.window.jitter = 0.05
	sasl.login.retry.backoff.max.ms = 10000
	sasl.login.retry.backoff.ms = 100
	sasl.mechanism = GSSAPI
	sasl.oauthbearer.clock.skew.seconds = 30
	sasl.oauthbearer.expected.audience = null
	sasl.oauthbearer.expected.issuer = null
	sasl.oauthbearer.header.urlencode = false
	sasl.oauthbearer.jwks.endpoint.refresh.ms = 3600000
	sasl.oauthbearer.jwks.endpoint.retry.backoff.max.ms = 10000
	sasl.oauthbearer.jwks.endpoint.retry.backoff.ms = 100
	sasl.oauthbearer.jwks.endpoint.url = null
	sasl.oauthbearer.scope.claim.name = scope
	sasl.oauthbearer.sub.claim.name = sub
	sasl.oauthbearer.token.endpoint.url = null
	security.protocol = PLAINTEXT
	security.providers = null
	send.buffer.bytes = 131072
	socket.connection.setup.timeout.max.ms = 30000
	socket.connection.setup.timeout.ms = 10000
	ssl.cipher.suites = null
	ssl.enabled.protocols = [TLSv1.2, TLSv1.3]
	ssl.endpoint.identification.algorithm = https
	ssl.engine.factory.class = null
	ssl.key.password = null
	ssl.keymanager.algorithm = SunX509
	ssl.keystore.certificate.chain = null
	ssl.keystore.key = null
	ssl.keystore.location = null
	ssl.keystore.password = null
	ssl.keystore.type = JKS
	ssl.protocol = TLSv1.3
	ssl.provider = null
	ssl.secure.random.implementation = null
	ssl.trustmanager.algorithm = PKIX
	ssl.truststore.certificates = null
	ssl.truststore.location = null
	ssl.truststore.password = null
	ssl.truststore.type = JKS
	transaction.timeout.ms = 60000
	transactional.id = null
	value.serializer = class io.apicurio.registry.serde.protobuf.ProtobufKafkaSerializer

2025-08-13 02:23:43,283 INFO  [org.apa.kaf.com.tel.int.KafkaMetricsCollector] (main) initializing Kafka metrics collector
2025-08-13 02:23:43,286 INFO  [org.apa.kaf.cli.pro.KafkaProducer] (main) [Producer clientId=Producer-sabfa04e0xfdcbx4e5exb1fex67d16198ec78] Instantiated an idempotent producer.
2025-08-13 02:23:43,288 INFO  [org.apa.kaf.cli.pro.ProducerConfig] (main) These configurations '[apicurio.registry.headers.enabled, apicurio.registry.find-latest, apicurio.registry.url, apicurio.registry.artifact-resolver-strategy, apicurio.registry.artifact.version]' were supplied but are not used yet.
2025-08-13 02:23:43,288 INFO  [org.apa.kaf.com.uti.AppInfoParser] (main) Kafka version: 3.9.1
2025-08-13 02:23:43,288 INFO  [org.apa.kaf.com.uti.AppInfoParser] (main) Kafka commitId: f745dfdcee2b9851
2025-08-13 02:23:43,288 INFO  [org.apa.kaf.com.uti.AppInfoParser] (main) Kafka startTimeMs: 1755051823288
2025-08-13 02:23:43,288 INFO  [io.api.tes.ser.api.SimpleSerdesTesterBuilder$SimpleSerdesTester] (main) Using producer configuration: {apicurio.registry.headers.enabled=true, request.timeout.ms=5000, acks=all, bootstrap.servers=PLAINTEXT://localhost:32769, key.serializer=org.apache.kafka.common.serialization.StringSerializer, apicurio.registry.find-latest=false, apicurio.registry.url=http://registry-app-ksql043.apps.ci419.apicurio-testing.org:80/apis/registry/v3, apicurio.registry.artifact-resolver-strategy=io.apicurio.registry.serde.strategy.TopicIdStrategy, value.serializer=io.apicurio.registry.serde.protobuf.ProtobufKafkaSerializer, connections.max.idle.ms=10000, apicurio.registry.artifact.version=1, client.id=Producer-sabfa04e0xfdcbx4e5exb1fex67d16198ec78}
2025-08-13 02:23:43,288 INFO  [io.api.tes.ser.api.SimpleSerdesTesterBuilder$SimpleSerdesTester] (main) Using consumer configuration: {apicurio.registry.headers.enabled=true}
2025-08-13 02:23:43,289 INFO  [io.api.tes.ser.api.KafkaSerdesTester] (Thread-791) Sending message header {
  time {
  }
}
d1: 1.755051823289E12
s1: "a"
i1: 123
bi1: 1
point {
  longitude: 22.0
  latitude: 22.0
  altitude: 1.0
}
 to topic sabfa04e0xfdcbx4e5exb1fex67d16198ec78
2025-08-13 02:23:43,291 INFO  [org.apa.kaf.cli.Metadata] (kafka-producer-network-thread | Producer-sabfa04e0xfdcbx4e5exb1fex67d16198ec78) [Producer clientId=Producer-sabfa04e0xfdcbx4e5exb1fex67d16198ec78] Cluster ID: pj3cISz0Q0OVF0qikwHveQ
2025-08-13 02:23:43,292 INFO  [org.apa.kaf.cli.pro.int.TransactionManager] (kafka-producer-network-thread | Producer-sabfa04e0xfdcbx4e5exb1fex67d16198ec78) [Producer clientId=Producer-sabfa04e0xfdcbx4e5exb1fex67d16198ec78] ProducerId set to 34 with epoch 0
2025-08-13 02:23:44,300 INFO  [io.api.tes.ser.api.KafkaSerdesTester] (Thread-791) Sending message header {
  time {
  }
}
d1: 1.7550518243E12
s1: "a"
i1: 123
bi1: 1
point {
  longitude: 22.0
  latitude: 22.0
  altitude: 1.0
}
 to topic sabfa04e0xfdcbx4e5exb1fex67d16198ec78
2025-08-13 02:23:44,302 INFO  [io.api.tes.ser.api.KafkaSerdesTester] (Thread-791) Sending message header {
  time {
  }
}
d1: 1.755051824302E12
s1: "a"
i1: 123
bi1: 1
point {
  longitude: 22.0
  latitude: 22.0
  altitude: 1.0
}
 to topic sabfa04e0xfdcbx4e5exb1fex67d16198ec78
2025-08-13 02:23:44,304 INFO  [io.api.tes.ser.api.KafkaSerdesTester] (Thread-791) Sending message header {
  time {
  }
}
d1: 1.755051824304E12
s1: "a"
i1: 123
bi1: 1
point {
  longitude: 22.0
  latitude: 22.0
  altitude: 1.0
}
 to topic sabfa04e0xfdcbx4e5exb1fex67d16198ec78
2025-08-13 02:23:44,307 INFO  [io.api.tes.ser.api.KafkaSerdesTester] (Thread-791) Sending message header {
  time {
  }
}
d1: 1.755051824307E12
s1: "a"
i1: 123
bi1: 1
point {
  longitude: 22.0
  latitude: 22.0
  altitude: 1.0
}
 to topic sabfa04e0xfdcbx4e5exb1fex67d16198ec78
2025-08-13 02:23:44,309 INFO  [io.api.tes.ser.api.KafkaSerdesTester] (Thread-791) Sending message header {
  time {
  }
}
d1: 1.755051824309E12
s1: "a"
i1: 123
bi1: 1
point {
  longitude: 22.0
  latitude: 22.0
  altitude: 1.0
}
 to topic sabfa04e0xfdcbx4e5exb1fex67d16198ec78
2025-08-13 02:23:44,311 INFO  [io.api.tes.ser.api.KafkaSerdesTester] (Thread-791) Sending message header {
  time {
  }
}
d1: 1.755051824311E12
s1: "a"
i1: 123
bi1: 1
point {
  longitude: 22.0
  latitude: 22.0
  altitude: 1.0
}
 to topic sabfa04e0xfdcbx4e5exb1fex67d16198ec78
2025-08-13 02:23:44,313 INFO  [io.api.tes.ser.api.KafkaSerdesTester] (Thread-791) Sending message header {
  time {
  }
}
d1: 1.755051824313E12
s1: "a"
i1: 123
bi1: 1
point {
  longitude: 22.0
  latitude: 22.0
  altitude: 1.0
}
 to topic sabfa04e0xfdcbx4e5exb1fex67d16198ec78
2025-08-13 02:23:44,316 INFO  [io.api.tes.ser.api.KafkaSerdesTester] (Thread-791) Sending message header {
  time {
  }
}
d1: 1.755051824315E12
s1: "a"
i1: 123
bi1: 1
point {
  longitude: 22.0
  latitude: 22.0
  altitude: 1.0
}
 to topic sabfa04e0xfdcbx4e5exb1fex67d16198ec78
2025-08-13 02:23:44,317 INFO  [io.api.tes.ser.api.KafkaSerdesTester] (Thread-791) Sending message header {
  time {
  }
}
d1: 1.755051824317E12
s1: "a"
i1: 123
bi1: 1
point {
  longitude: 22.0
  latitude: 22.0
  altitude: 1.0
}
 to topic sabfa04e0xfdcbx4e5exb1fex67d16198ec78
2025-08-13 02:23:44,318 INFO  [io.api.tes.ser.api.KafkaSerdesTester] (Thread-791) Produced 10 messages
2025-08-13 02:23:44,318 INFO  [org.apa.kaf.cli.pro.KafkaProducer] (Thread-791) [Producer clientId=Producer-sabfa04e0xfdcbx4e5exb1fex67d16198ec78] Closing the Kafka producer with timeoutMillis = 9223372036854775807 ms.
2025-08-13 02:23:44,320 INFO  [org.apa.kaf.com.met.Metrics] (Thread-791) Metrics scheduler closed
2025-08-13 02:23:44,320 INFO  [org.apa.kaf.com.met.Metrics] (Thread-791) Closing reporter org.apache.kafka.common.metrics.JmxReporter
2025-08-13 02:23:44,320 INFO  [org.apa.kaf.com.met.Metrics] (Thread-791) Closing reporter org.apache.kafka.common.telemetry.internals.ClientTelemetryReporter
2025-08-13 02:23:44,320 INFO  [org.apa.kaf.com.met.Metrics] (Thread-791) Metrics reporters closed
2025-08-13 02:23:44,320 INFO  [org.apa.kaf.com.uti.AppInfoParser] (Thread-791) App info kafka.producer for Producer-sabfa04e0xfdcbx4e5exb1fex67d16198ec78 unregistered
**** Registry Base URL: http://registry-app-ksql043.apps.ci419.apicurio-testing.org:80
2025-08-13 02:23:44,320 INFO  [org.apa.kaf.cli.con.ConsumerConfig] (main) ConsumerConfig values: 
	allow.auto.create.topics = true
	auto.commit.interval.ms = 500
	auto.include.jmx.reporter = true
	auto.offset.reset = earliest
	bootstrap.servers = [PLAINTEXT://localhost:32769]
	check.crcs = true
	client.dns.lookup = use_all_dns_ips
	client.id = consumer-Consumer-sabfa04e0xfdcbx4e5exb1fex67d16198ec78-25
	client.rack = 
	connections.max.idle.ms = 10000
	default.api.timeout.ms = 60000
	enable.auto.commit = true
	enable.metrics.push = true
	exclude.internal.topics = true
	fetch.max.bytes = 52428800
	fetch.max.wait.ms = 500
	fetch.min.bytes = 1
	group.id = Consumer-sabfa04e0xfdcbx4e5exb1fex67d16198ec78
	group.instance.id = null
	group.protocol = classic
	group.remote.assignor = null
	heartbeat.interval.ms = 3000
	interceptor.classes = []
	internal.leave.group.on.close = true
	internal.throw.on.fetch.stable.offset.unsupported = false
	isolation.level = read_uncommitted
	key.deserializer = class org.apache.kafka.common.serialization.StringDeserializer
	max.partition.fetch.bytes = 1048576
	max.poll.interval.ms = 300000
	max.poll.records = 500
	metadata.max.age.ms = 300000
	metadata.recovery.strategy = none
	metric.reporters = []
	metrics.num.samples = 2
	metrics.recording.level = INFO
	metrics.sample.window.ms = 30000
	partition.assignment.strategy = [class org.apache.kafka.clients.consumer.RangeAssignor, class org.apache.kafka.clients.consumer.CooperativeStickyAssignor]
	receive.buffer.bytes = 65536
	reconnect.backoff.max.ms = 1000
	reconnect.backoff.ms = 50
	request.timeout.ms = 5000
	retry.backoff.max.ms = 1000
	retry.backoff.ms = 100
	sasl.client.callback.handler.class = null
	sasl.jaas.config = null
	sasl.kerberos.kinit.cmd = /usr/bin/kinit
	sasl.kerberos.min.time.before.relogin = 60000
	sasl.kerberos.service.name = null
	sasl.kerberos.ticket.renew.jitter = 0.05
	sasl.kerberos.ticket.renew.window.factor = 0.8
	sasl.login.callback.handler.class = null
	sasl.login.class = null
	sasl.login.connect.timeout.ms = null
	sasl.login.read.timeout.ms = null
	sasl.login.refresh.buffer.seconds = 300
	sasl.login.refresh.min.period.seconds = 60
	sasl.login.refresh.window.factor = 0.8
	sasl.login.refresh.window.jitter = 0.05
	sasl.login.retry.backoff.max.ms = 10000
	sasl.login.retry.backoff.ms = 100
	sasl.mechanism = GSSAPI
	sasl.oauthbearer.clock.skew.seconds = 30
	sasl.oauthbearer.expected.audience = null
	sasl.oauthbearer.expected.issuer = null
	sasl.oauthbearer.header.urlencode = false
	sasl.oauthbearer.jwks.endpoint.refresh.ms = 3600000
	sasl.oauthbearer.jwks.endpoint.retry.backoff.max.ms = 10000
	sasl.oauthbearer.jwks.endpoint.retry.backoff.ms = 100
	sasl.oauthbearer.jwks.endpoint.url = null
	sasl.oauthbearer.scope.claim.name = scope
	sasl.oauthbearer.sub.claim.name = sub
	sasl.oauthbearer.token.endpoint.url = null
	security.protocol = PLAINTEXT
	security.providers = null
	send.buffer.bytes = 131072
	session.timeout.ms = 45000
	socket.connection.setup.timeout.max.ms = 30000
	socket.connection.setup.timeout.ms = 10000
	ssl.cipher.suites = null
	ssl.enabled.protocols = [TLSv1.2, TLSv1.3]
	ssl.endpoint.identification.algorithm = https
	ssl.engine.factory.class = null
	ssl.key.password = null
	ssl.keymanager.algorithm = SunX509
	ssl.keystore.certificate.chain = null
	ssl.keystore.key = null
	ssl.keystore.location = null
	ssl.keystore.password = null
	ssl.keystore.type = JKS
	ssl.protocol = TLSv1.3
	ssl.provider = null
	ssl.secure.random.implementation = null
	ssl.trustmanager.algorithm = PKIX
	ssl.truststore.certificates = null
	ssl.truststore.location = null
	ssl.truststore.password = null
	ssl.truststore.type = JKS
	value.deserializer = class io.apicurio.registry.serde.protobuf.ProtobufKafkaDeserializer

2025-08-13 02:23:44,321 INFO  [org.apa.kaf.com.tel.int.KafkaMetricsCollector] (main) initializing Kafka metrics collector
2025-08-13 02:23:44,330 INFO  [org.apa.kaf.cli.con.ConsumerConfig] (main) These configurations '[apicurio.registry.url, apicurio.registry.headers.enabled]' were supplied but are not used yet.
2025-08-13 02:23:44,330 INFO  [org.apa.kaf.com.uti.AppInfoParser] (main) Kafka version: 3.9.1
2025-08-13 02:23:44,330 INFO  [org.apa.kaf.com.uti.AppInfoParser] (main) Kafka commitId: f745dfdcee2b9851
2025-08-13 02:23:44,330 INFO  [org.apa.kaf.com.uti.AppInfoParser] (main) Kafka startTimeMs: 1755051824330
2025-08-13 02:23:44,330 INFO  [org.apa.kaf.cli.con.int.ClassicKafkaConsumer] (Thread-794) [Consumer clientId=consumer-Consumer-sabfa04e0xfdcbx4e5exb1fex67d16198ec78-25, groupId=Consumer-sabfa04e0xfdcbx4e5exb1fex67d16198ec78] Subscribed to topic(s): sabfa04e0xfdcbx4e5exb1fex67d16198ec78
2025-08-13 02:23:44,334 INFO  [org.apa.kaf.cli.Metadata] (Thread-794) [Consumer clientId=consumer-Consumer-sabfa04e0xfdcbx4e5exb1fex67d16198ec78-25, groupId=Consumer-sabfa04e0xfdcbx4e5exb1fex67d16198ec78] Cluster ID: pj3cISz0Q0OVF0qikwHveQ
2025-08-13 02:23:44,335 INFO  [org.apa.kaf.cli.con.int.ConsumerCoordinator] (Thread-794) [Consumer clientId=consumer-Consumer-sabfa04e0xfdcbx4e5exb1fex67d16198ec78-25, groupId=Consumer-sabfa04e0xfdcbx4e5exb1fex67d16198ec78] Discovered group coordinator localhost:32769 (id: 2147483647 rack: null)
2025-08-13 02:23:44,337 INFO  [org.apa.kaf.cli.con.int.ConsumerCoordinator] (Thread-794) [Consumer clientId=consumer-Consumer-sabfa04e0xfdcbx4e5exb1fex67d16198ec78-25, groupId=Consumer-sabfa04e0xfdcbx4e5exb1fex67d16198ec78] (Re-)joining group
2025-08-13 02:23:44,338 INFO  [org.apa.kaf.cli.con.int.ConsumerCoordinator] (Thread-794) [Consumer clientId=consumer-Consumer-sabfa04e0xfdcbx4e5exb1fex67d16198ec78-25, groupId=Consumer-sabfa04e0xfdcbx4e5exb1fex67d16198ec78] Request joining group due to: need to re-join with the given member-id: consumer-Consumer-sabfa04e0xfdcbx4e5exb1fex67d16198ec78-25-e3c9daae-bcff-4965-a372-a22f07b61956
2025-08-13 02:23:44,338 INFO  [org.apa.kaf.cli.con.int.ConsumerCoordinator] (Thread-794) [Consumer clientId=consumer-Consumer-sabfa04e0xfdcbx4e5exb1fex67d16198ec78-25, groupId=Consumer-sabfa04e0xfdcbx4e5exb1fex67d16198ec78] (Re-)joining group
2025-08-13 02:23:45,331 INFO  [io.api.tes.ser.api.KafkaSerdesTester] (Thread-794) None found
2025-08-13 02:23:46,331 INFO  [io.api.tes.ser.api.KafkaSerdesTester] (Thread-794) None found
2025-08-13 02:23:47,332 INFO  [io.api.tes.ser.api.KafkaSerdesTester] (Thread-794) None found
2025-08-13 02:23:47,340 INFO  [org.apa.kaf.cli.con.int.ConsumerCoordinator] (Thread-794) [Consumer clientId=consumer-Consumer-sabfa04e0xfdcbx4e5exb1fex67d16198ec78-25, groupId=Consumer-sabfa04e0xfdcbx4e5exb1fex67d16198ec78] Successfully joined group with generation Generation{generationId=1, memberId='consumer-Consumer-sabfa04e0xfdcbx4e5exb1fex67d16198ec78-25-e3c9daae-bcff-4965-a372-a22f07b61956', protocol='range'}
2025-08-13 02:23:47,341 INFO  [org.apa.kaf.cli.con.int.ConsumerCoordinator] (Thread-794) [Consumer clientId=consumer-Consumer-sabfa04e0xfdcbx4e5exb1fex67d16198ec78-25, groupId=Consumer-sabfa04e0xfdcbx4e5exb1fex67d16198ec78] Finished assignment for group at generation 1: {consumer-Consumer-sabfa04e0xfdcbx4e5exb1fex67d16198ec78-25-e3c9daae-bcff-4965-a372-a22f07b61956=Assignment(partitions=[sabfa04e0xfdcbx4e5exb1fex67d16198ec78-0])}
2025-08-13 02:23:47,347 INFO  [org.apa.kaf.cli.con.int.ConsumerCoordinator] (Thread-794) [Consumer clientId=consumer-Consumer-sabfa04e0xfdcbx4e5exb1fex67d16198ec78-25, groupId=Consumer-sabfa04e0xfdcbx4e5exb1fex67d16198ec78] Successfully synced group in generation Generation{generationId=1, memberId='consumer-Consumer-sabfa04e0xfdcbx4e5exb1fex67d16198ec78-25-e3c9daae-bcff-4965-a372-a22f07b61956', protocol='range'}
2025-08-13 02:23:47,347 INFO  [org.apa.kaf.cli.con.int.ConsumerCoordinator] (Thread-794) [Consumer clientId=consumer-Consumer-sabfa04e0xfdcbx4e5exb1fex67d16198ec78-25, groupId=Consumer-sabfa04e0xfdcbx4e5exb1fex67d16198ec78] Notifying assignor about the new Assignment(partitions=[sabfa04e0xfdcbx4e5exb1fex67d16198ec78-0])
2025-08-13 02:23:47,347 INFO  [org.apa.kaf.cli.con.int.ConsumerRebalanceListenerInvoker] (Thread-794) [Consumer clientId=consumer-Consumer-sabfa04e0xfdcbx4e5exb1fex67d16198ec78-25, groupId=Consumer-sabfa04e0xfdcbx4e5exb1fex67d16198ec78] Adding newly assigned partitions: sabfa04e0xfdcbx4e5exb1fex67d16198ec78-0
2025-08-13 02:23:47,348 INFO  [org.apa.kaf.cli.con.int.ConsumerCoordinator] (Thread-794) [Consumer clientId=consumer-Consumer-sabfa04e0xfdcbx4e5exb1fex67d16198ec78-25, groupId=Consumer-sabfa04e0xfdcbx4e5exb1fex67d16198ec78] Found no committed offset for partition sabfa04e0xfdcbx4e5exb1fex67d16198ec78-0
2025-08-13 02:23:47,350 INFO  [org.apa.kaf.cli.con.int.SubscriptionState] (Thread-794) [Consumer clientId=consumer-Consumer-sabfa04e0xfdcbx4e5exb1fex67d16198ec78-25, groupId=Consumer-sabfa04e0xfdcbx4e5exb1fex67d16198ec78] Resetting offset for partition sabfa04e0xfdcbx4e5exb1fex67d16198ec78-0 to position FetchPosition{offset=0, offsetEpoch=Optional.empty, currentLeader=LeaderAndEpoch{leader=Optional[localhost:32769 (id: 0 rack: null)], epoch=0}}.
2025-08-13 02:23:47,435 INFO  [io.api.tes.ser.api.KafkaSerdesTester] (Thread-794) sabfa04e0xfdcbx4e5exb1fex67d16198ec78 0 0 header {
  time {
  }
}
d1: 1.755051823289E12
s1: "a"
i1: 123
bi1: 1
point {
  longitude: 22.0
  latitude: 22.0
  altitude: 1.0
}

2025-08-13 02:23:47,435 INFO  [io.api.tes.ser.api.KafkaSerdesTester] (Thread-794) sabfa04e0xfdcbx4e5exb1fex67d16198ec78 0 1 header {
  time {
  }
}
d1: 1.7550518243E12
s1: "a"
i1: 123
bi1: 1
point {
  longitude: 22.0
  latitude: 22.0
  altitude: 1.0
}

2025-08-13 02:23:47,435 INFO  [io.api.tes.ser.api.KafkaSerdesTester] (Thread-794) sabfa04e0xfdcbx4e5exb1fex67d16198ec78 0 2 header {
  time {
  }
}
d1: 1.755051824302E12
s1: "a"
i1: 123
bi1: 1
point {
  longitude: 22.0
  latitude: 22.0
  altitude: 1.0
}

2025-08-13 02:23:47,436 INFO  [io.api.tes.ser.api.KafkaSerdesTester] (Thread-794) sabfa04e0xfdcbx4e5exb1fex67d16198ec78 0 3 header {
  time {
  }
}
d1: 1.755051824304E12
s1: "a"
i1: 123
bi1: 1
point {
  longitude: 22.0
  latitude: 22.0
  altitude: 1.0
}

2025-08-13 02:23:47,436 INFO  [io.api.tes.ser.api.KafkaSerdesTester] (Thread-794) sabfa04e0xfdcbx4e5exb1fex67d16198ec78 0 4 header {
  time {
  }
}
d1: 1.755051824307E12
s1: "a"
i1: 123
bi1: 1
point {
  longitude: 22.0
  latitude: 22.0
  altitude: 1.0
}

2025-08-13 02:23:47,436 INFO  [io.api.tes.ser.api.KafkaSerdesTester] (Thread-794) sabfa04e0xfdcbx4e5exb1fex67d16198ec78 0 5 header {
  time {
  }
}
d1: 1.755051824309E12
s1: "a"
i1: 123
bi1: 1
point {
  longitude: 22.0
  latitude: 22.0
  altitude: 1.0
}

2025-08-13 02:23:47,436 INFO  [io.api.tes.ser.api.KafkaSerdesTester] (Thread-794) sabfa04e0xfdcbx4e5exb1fex67d16198ec78 0 6 header {
  time {
  }
}
d1: 1.755051824311E12
s1: "a"
i1: 123
bi1: 1
point {
  longitude: 22.0
  latitude: 22.0
  altitude: 1.0
}

2025-08-13 02:23:47,436 INFO  [io.api.tes.ser.api.KafkaSerdesTester] (Thread-794) sabfa04e0xfdcbx4e5exb1fex67d16198ec78 0 7 header {
  time {
  }
}
d1: 1.755051824313E12
s1: "a"
i1: 123
bi1: 1
point {
  longitude: 22.0
  latitude: 22.0
  altitude: 1.0
}

2025-08-13 02:23:47,436 INFO  [io.api.tes.ser.api.KafkaSerdesTester] (Thread-794) sabfa04e0xfdcbx4e5exb1fex67d16198ec78 0 8 header {
  time {
  }
}
d1: 1.755051824315E12
s1: "a"
i1: 123
bi1: 1
point {
  longitude: 22.0
  latitude: 22.0
  altitude: 1.0
}

2025-08-13 02:23:47,439 INFO  [io.api.tes.ser.api.KafkaSerdesTester] (Thread-794) sabfa04e0xfdcbx4e5exb1fex67d16198ec78 0 9 header {
  time {
  }
}
d1: 1.755051824317E12
s1: "a"
i1: 123
bi1: 1
point {
  longitude: 22.0
  latitude: 22.0
  altitude: 1.0
}

2025-08-13 02:23:47,439 INFO  [io.api.tes.ser.api.KafkaSerdesTester] (Thread-794) Consumed 10 messages
2025-08-13 02:23:47,446 INFO  [org.apa.kaf.cli.con.int.ConsumerRebalanceListenerInvoker] (Thread-794) [Consumer clientId=consumer-Consumer-sabfa04e0xfdcbx4e5exb1fex67d16198ec78-25, groupId=Consumer-sabfa04e0xfdcbx4e5exb1fex67d16198ec78] Revoke previously assigned partitions sabfa04e0xfdcbx4e5exb1fex67d16198ec78-0
2025-08-13 02:23:47,446 INFO  [org.apa.kaf.cli.con.int.ConsumerCoordinator] (Thread-794) [Consumer clientId=consumer-Consumer-sabfa04e0xfdcbx4e5exb1fex67d16198ec78-25, groupId=Consumer-sabfa04e0xfdcbx4e5exb1fex67d16198ec78] Member consumer-Consumer-sabfa04e0xfdcbx4e5exb1fex67d16198ec78-25-e3c9daae-bcff-4965-a372-a22f07b61956 sending LeaveGroup request to coordinator localhost:32769 (id: 2147483647 rack: null) due to the consumer is being closed
2025-08-13 02:23:47,447 INFO  [org.apa.kaf.cli.con.int.ConsumerCoordinator] (Thread-794) [Consumer clientId=consumer-Consumer-sabfa04e0xfdcbx4e5exb1fex67d16198ec78-25, groupId=Consumer-sabfa04e0xfdcbx4e5exb1fex67d16198ec78] Resetting generation and member id due to: consumer pro-actively leaving the group
2025-08-13 02:23:47,447 INFO  [org.apa.kaf.cli.con.int.ConsumerCoordinator] (Thread-794) [Consumer clientId=consumer-Consumer-sabfa04e0xfdcbx4e5exb1fex67d16198ec78-25, groupId=Consumer-sabfa04e0xfdcbx4e5exb1fex67d16198ec78] Request joining group due to: consumer pro-actively leaving the group
2025-08-13 02:23:47,934 INFO  [org.apa.kaf.com.met.Metrics] (Thread-794) Metrics scheduler closed
2025-08-13 02:23:47,934 INFO  [org.apa.kaf.com.met.Metrics] (Thread-794) Closing reporter org.apache.kafka.common.metrics.JmxReporter
2025-08-13 02:23:47,935 INFO  [org.apa.kaf.com.met.Metrics] (Thread-794) Closing reporter org.apache.kafka.common.telemetry.internals.ClientTelemetryReporter
2025-08-13 02:23:47,935 INFO  [org.apa.kaf.com.met.Metrics] (Thread-794) Metrics reporters closed
2025-08-13 02:23:47,936 INFO  [org.apa.kaf.com.uti.AppInfoParser] (Thread-794) App info kafka.consumer for consumer-Consumer-sabfa04e0xfdcbx4e5exb1fex67d16198ec78-25 unregistered
**** Registry Base URL: http://registry-app-ksql043.apps.ci419.apicurio-testing.org:80
2025-08-13 02:23:47,937 INFO  [org.apa.kaf.cli.pro.ProducerConfig] (main) ProducerConfig values: 
	acks = -1
	auto.include.jmx.reporter = true
	batch.size = 16384
	bootstrap.servers = [PLAINTEXT://localhost:32769]
	buffer.memory = 33554432
	client.dns.lookup = use_all_dns_ips
	client.id = Producer-sabfa04e0xfdcbx4e5exb1fex67d16198ec78
	compression.gzip.level = -1
	compression.lz4.level = 9
	compression.type = none
	compression.zstd.level = 3
	connections.max.idle.ms = 10000
	delivery.timeout.ms = 120000
	enable.idempotence = true
	enable.metrics.push = true
	interceptor.classes = []
	key.serializer = class org.apache.kafka.common.serialization.StringSerializer
	linger.ms = 0
	max.block.ms = 60000
	max.in.flight.requests.per.connection = 5
	max.request.size = 1048576
	metadata.max.age.ms = 300000
	metadata.max.idle.ms = 300000
	metadata.recovery.strategy = none
	metric.reporters = []
	metrics.num.samples = 2
	metrics.recording.level = INFO
	metrics.sample.window.ms = 30000
	partitioner.adaptive.partitioning.enable = true
	partitioner.availability.timeout.ms = 0
	partitioner.class = null
	partitioner.ignore.keys = false
	receive.buffer.bytes = 32768
	reconnect.backoff.max.ms = 1000
	reconnect.backoff.ms = 50
	request.timeout.ms = 5000
	retries = 2147483647
	retry.backoff.max.ms = 1000
	retry.backoff.ms = 100
	sasl.client.callback.handler.class = null
	sasl.jaas.config = null
	sasl.kerberos.kinit.cmd = /usr/bin/kinit
	sasl.kerberos.min.time.before.relogin = 60000
	sasl.kerberos.service.name = null
	sasl.kerberos.ticket.renew.jitter = 0.05
	sasl.kerberos.ticket.renew.window.factor = 0.8
	sasl.login.callback.handler.class = null
	sasl.login.class = null
	sasl.login.connect.timeout.ms = null
	sasl.login.read.timeout.ms = null
	sasl.login.refresh.buffer.seconds = 300
	sasl.login.refresh.min.period.seconds = 60
	sasl.login.refresh.window.factor = 0.8
	sasl.login.refresh.window.jitter = 0.05
	sasl.login.retry.backoff.max.ms = 10000
	sasl.login.retry.backoff.ms = 100
	sasl.mechanism = GSSAPI
	sasl.oauthbearer.clock.skew.seconds = 30
	sasl.oauthbearer.expected.audience = null
	sasl.oauthbearer.expected.issuer = null
	sasl.oauthbearer.header.urlencode = false
	sasl.oauthbearer.jwks.endpoint.refresh.ms = 3600000
	sasl.oauthbearer.jwks.endpoint.retry.backoff.max.ms = 10000
	sasl.oauthbearer.jwks.endpoint.retry.backoff.ms = 100
	sasl.oauthbearer.jwks.endpoint.url = null
	sasl.oauthbearer.scope.claim.name = scope
	sasl.oauthbearer.sub.claim.name = sub
	sasl.oauthbearer.token.endpoint.url = null
	security.protocol = PLAINTEXT
	security.providers = null
	send.buffer.bytes = 131072
	socket.connection.setup.timeout.max.ms = 30000
	socket.connection.setup.timeout.ms = 10000
	ssl.cipher.suites = null
	ssl.enabled.protocols = [TLSv1.2, TLSv1.3]
	ssl.endpoint.identification.algorithm = https
	ssl.engine.factory.class = null
	ssl.key.password = null
	ssl.keymanager.algorithm = SunX509
	ssl.keystore.certificate.chain = null
	ssl.keystore.key = null
	ssl.keystore.location = null
	ssl.keystore.password = null
	ssl.keystore.type = JKS
	ssl.protocol = TLSv1.3
	ssl.provider = null
	ssl.secure.random.implementation = null
	ssl.trustmanager.algorithm = PKIX
	ssl.truststore.certificates = null
	ssl.truststore.location = null
	ssl.truststore.password = null
	ssl.truststore.type = JKS
	transaction.timeout.ms = 60000
	transactional.id = null
	value.serializer = class io.apicurio.registry.serde.protobuf.ProtobufKafkaSerializer

2025-08-13 02:23:47,937 INFO  [org.apa.kaf.com.tel.int.KafkaMetricsCollector] (main) initializing Kafka metrics collector
2025-08-13 02:23:47,941 INFO  [org.apa.kaf.cli.pro.KafkaProducer] (main) [Producer clientId=Producer-sabfa04e0xfdcbx4e5exb1fex67d16198ec78] Instantiated an idempotent producer.
2025-08-13 02:23:47,942 INFO  [org.apa.kaf.cli.pro.ProducerConfig] (main) These configurations '[apicurio.registry.find-latest, apicurio.registry.url, apicurio.registry.headers.enabled, apicurio.registry.artifact-resolver-strategy]' were supplied but are not used yet.
2025-08-13 02:23:47,942 INFO  [org.apa.kaf.com.uti.AppInfoParser] (main) Kafka version: 3.9.1
2025-08-13 02:23:47,942 INFO  [org.apa.kaf.com.uti.AppInfoParser] (main) Kafka commitId: f745dfdcee2b9851
2025-08-13 02:23:47,942 INFO  [org.apa.kaf.com.uti.AppInfoParser] (main) Kafka startTimeMs: 1755051827942
2025-08-13 02:23:47,942 INFO  [io.api.tes.ser.api.SimpleSerdesTesterBuilder$SimpleSerdesTester] (main) Using producer configuration: {apicurio.registry.find-latest=false, apicurio.registry.url=http://registry-app-ksql043.apps.ci419.apicurio-testing.org:80/apis/registry/v3, apicurio.registry.headers.enabled=true, apicurio.registry.artifact-resolver-strategy=io.apicurio.registry.serde.strategy.TopicIdStrategy, value.serializer=io.apicurio.registry.serde.protobuf.ProtobufKafkaSerializer, request.timeout.ms=5000, acks=all, bootstrap.servers=PLAINTEXT://localhost:32769, connections.max.idle.ms=10000, key.serializer=org.apache.kafka.common.serialization.StringSerializer, client.id=Producer-sabfa04e0xfdcbx4e5exb1fex67d16198ec78}
2025-08-13 02:23:47,942 INFO  [io.api.tes.ser.api.SimpleSerdesTesterBuilder$SimpleSerdesTester] (main) Using consumer configuration: {apicurio.registry.headers.enabled=true}
2025-08-13 02:23:47,943 INFO  [io.api.tes.ser.api.KafkaSerdesTester] (Thread-797) Sending message header {
  time {
  }
}
d1: 1.755051827943E12
s1: "a"
i1: 123
bi1: 1
point {
  longitude: 22.0
  latitude: 22.0
  altitude: 1.0
}
 to topic sabfa04e0xfdcbx4e5exb1fex67d16198ec78
2025-08-13 02:23:47,946 INFO  [org.apa.kaf.cli.Metadata] (kafka-producer-network-thread | Producer-sabfa04e0xfdcbx4e5exb1fex67d16198ec78) [Producer clientId=Producer-sabfa04e0xfdcbx4e5exb1fex67d16198ec78] Cluster ID: pj3cISz0Q0OVF0qikwHveQ
2025-08-13 02:23:47,947 INFO  [org.apa.kaf.cli.pro.int.TransactionManager] (kafka-producer-network-thread | Producer-sabfa04e0xfdcbx4e5exb1fex67d16198ec78) [Producer clientId=Producer-sabfa04e0xfdcbx4e5exb1fex67d16198ec78] ProducerId set to 35 with epoch 0
2025-08-13 02:23:47,947 INFO  [DefaultSchemaResolver] (Thread-797) Retrieving schema content using string: // Proto schema formatted by Wire, do not edit.
// Source: 

syntax = "proto3";

package io.apicurio.tests.protobuf;

import "google/protobuf/timestamp.proto";

option java_multiple_files = true;

message ProtobufTestMessage {
  .io.apicurio.tests.protobuf.Header header = 1;

  double d1 = 2;

  string s1 = 4;

  int32 i1 = 7;

  int64 bi1 = 12;

  .google.protobuf.Timestamp state_time = 22;

  .io.apicurio.tests.protobuf.Point point = 30;
}

message Header {
  .google.protobuf.Timestamp time = 1;

  string source = 2;

  string destination = 3;

  string uuid = 4;

  repeated string source_uuids = 5;

  string message_type_id = 6;

  string raw_message = 7;
}

message Point {
  oneof longitude_oneof {
    double longitude = 1;
  }

  oneof latitude_oneof {
    double latitude = 2;
  }

  oneof altitude_oneof {
    double altitude = 3;
  }
}

2025-08-13 02:23:47,971 INFO  [io.api.tes.ser.api.KafkaSerdesTester] (Thread-797) Sending message header {
  time {
  }
}
d1: 1.755051827971E12
s1: "a"
i1: 123
bi1: 1
point {
  longitude: 22.0
  latitude: 22.0
  altitude: 1.0
}
 to topic sabfa04e0xfdcbx4e5exb1fex67d16198ec78
2025-08-13 02:23:47,973 INFO  [io.api.tes.ser.api.KafkaSerdesTester] (Thread-797) Sending message header {
  time {
  }
}
d1: 1.755051827973E12
s1: "a"
i1: 123
bi1: 1
point {
  longitude: 22.0
  latitude: 22.0
  altitude: 1.0
}
 to topic sabfa04e0xfdcbx4e5exb1fex67d16198ec78
2025-08-13 02:23:47,975 INFO  [io.api.tes.ser.api.KafkaSerdesTester] (Thread-797) Sending message header {
  time {
  }
}
d1: 1.755051827975E12
s1: "a"
i1: 123
bi1: 1
point {
  longitude: 22.0
  latitude: 22.0
  altitude: 1.0
}
 to topic sabfa04e0xfdcbx4e5exb1fex67d16198ec78
2025-08-13 02:23:47,979 INFO  [io.api.tes.ser.api.KafkaSerdesTester] (Thread-797) Sending message header {
  time {
  }
}
d1: 1.755051827979E12
s1: "a"
i1: 123
bi1: 1
point {
  longitude: 22.0
  latitude: 22.0
  altitude: 1.0
}
 to topic sabfa04e0xfdcbx4e5exb1fex67d16198ec78
2025-08-13 02:23:47,982 INFO  [io.api.tes.ser.api.KafkaSerdesTester] (Thread-797) Sending message header {
  time {
  }
}
d1: 1.755051827982E12
s1: "a"
i1: 123
bi1: 1
point {
  longitude: 22.0
  latitude: 22.0
  altitude: 1.0
}
 to topic sabfa04e0xfdcbx4e5exb1fex67d16198ec78
2025-08-13 02:23:47,986 INFO  [io.api.tes.ser.api.KafkaSerdesTester] (Thread-797) Sending message header {
  time {
  }
}
d1: 1.755051827986E12
s1: "a"
i1: 123
bi1: 1
point {
  longitude: 22.0
  latitude: 22.0
  altitude: 1.0
}
 to topic sabfa04e0xfdcbx4e5exb1fex67d16198ec78
2025-08-13 02:23:47,993 INFO  [io.api.tes.ser.api.KafkaSerdesTester] (Thread-797) Sending message header {
  time {
  }
}
d1: 1.755051827993E12
s1: "a"
i1: 123
bi1: 1
point {
  longitude: 22.0
  latitude: 22.0
  altitude: 1.0
}
 to topic sabfa04e0xfdcbx4e5exb1fex67d16198ec78
2025-08-13 02:23:47,998 INFO  [io.api.tes.ser.api.KafkaSerdesTester] (Thread-797) Sending message header {
  time {
  }
}
d1: 1.755051827998E12
s1: "a"
i1: 123
bi1: 1
point {
  longitude: 22.0
  latitude: 22.0
  altitude: 1.0
}
 to topic sabfa04e0xfdcbx4e5exb1fex67d16198ec78
2025-08-13 02:23:47,999 INFO  [io.api.tes.ser.api.KafkaSerdesTester] (Thread-797) Sending message header {
  time {
  }
}
d1: 1.755051827999E12
s1: "a"
i1: 123
bi1: 1
point {
  longitude: 22.0
  latitude: 22.0
  altitude: 1.0
}
 to topic sabfa04e0xfdcbx4e5exb1fex67d16198ec78
2025-08-13 02:23:48,001 INFO  [io.api.tes.ser.api.KafkaSerdesTester] (Thread-797) Produced 10 messages
2025-08-13 02:23:48,002 INFO  [org.apa.kaf.cli.pro.KafkaProducer] (Thread-797) [Producer clientId=Producer-sabfa04e0xfdcbx4e5exb1fex67d16198ec78] Closing the Kafka producer with timeoutMillis = 9223372036854775807 ms.
2025-08-13 02:23:48,005 INFO  [org.apa.kaf.com.met.Metrics] (Thread-797) Metrics scheduler closed
2025-08-13 02:23:48,005 INFO  [org.apa.kaf.com.met.Metrics] (Thread-797) Closing reporter org.apache.kafka.common.metrics.JmxReporter
2025-08-13 02:23:48,005 INFO  [org.apa.kaf.com.met.Metrics] (Thread-797) Closing reporter org.apache.kafka.common.telemetry.internals.ClientTelemetryReporter
2025-08-13 02:23:48,005 INFO  [org.apa.kaf.com.met.Metrics] (Thread-797) Metrics reporters closed
2025-08-13 02:23:48,005 INFO  [org.apa.kaf.com.uti.AppInfoParser] (Thread-797) App info kafka.producer for Producer-sabfa04e0xfdcbx4e5exb1fex67d16198ec78 unregistered
**** Registry Base URL: http://registry-app-ksql043.apps.ci419.apicurio-testing.org:80
2025-08-13 02:23:48,006 INFO  [org.apa.kaf.cli.con.ConsumerConfig] (main) ConsumerConfig values: 
	allow.auto.create.topics = true
	auto.commit.interval.ms = 500
	auto.include.jmx.reporter = true
	auto.offset.reset = earliest
	bootstrap.servers = [PLAINTEXT://localhost:32769]
	check.crcs = true
	client.dns.lookup = use_all_dns_ips
	client.id = consumer-Consumer-sabfa04e0xfdcbx4e5exb1fex67d16198ec78-26
	client.rack = 
	connections.max.idle.ms = 10000
	default.api.timeout.ms = 60000
	enable.auto.commit = true
	enable.metrics.push = true
	exclude.internal.topics = true
	fetch.max.bytes = 52428800
	fetch.max.wait.ms = 500
	fetch.min.bytes = 1
	group.id = Consumer-sabfa04e0xfdcbx4e5exb1fex67d16198ec78
	group.instance.id = null
	group.protocol = classic
	group.remote.assignor = null
	heartbeat.interval.ms = 3000
	interceptor.classes = []
	internal.leave.group.on.close = true
	internal.throw.on.fetch.stable.offset.unsupported = false
	isolation.level = read_uncommitted
	key.deserializer = class org.apache.kafka.common.serialization.StringDeserializer
	max.partition.fetch.bytes = 1048576
	max.poll.interval.ms = 300000
	max.poll.records = 500
	metadata.max.age.ms = 300000
	metadata.recovery.strategy = none
	metric.reporters = []
	metrics.num.samples = 2
	metrics.recording.level = INFO
	metrics.sample.window.ms = 30000
	partition.assignment.strategy = [class org.apache.kafka.clients.consumer.RangeAssignor, class org.apache.kafka.clients.consumer.CooperativeStickyAssignor]
	receive.buffer.bytes = 65536
	reconnect.backoff.max.ms = 1000
	reconnect.backoff.ms = 50
	request.timeout.ms = 5000
	retry.backoff.max.ms = 1000
	retry.backoff.ms = 100
	sasl.client.callback.handler.class = null
	sasl.jaas.config = null
	sasl.kerberos.kinit.cmd = /usr/bin/kinit
	sasl.kerberos.min.time.before.relogin = 60000
	sasl.kerberos.service.name = null
	sasl.kerberos.ticket.renew.jitter = 0.05
	sasl.kerberos.ticket.renew.window.factor = 0.8
	sasl.login.callback.handler.class = null
	sasl.login.class = null
	sasl.login.connect.timeout.ms = null
	sasl.login.read.timeout.ms = null
	sasl.login.refresh.buffer.seconds = 300
	sasl.login.refresh.min.period.seconds = 60
	sasl.login.refresh.window.factor = 0.8
	sasl.login.refresh.window.jitter = 0.05
	sasl.login.retry.backoff.max.ms = 10000
	sasl.login.retry.backoff.ms = 100
	sasl.mechanism = GSSAPI
	sasl.oauthbearer.clock.skew.seconds = 30
	sasl.oauthbearer.expected.audience = null
	sasl.oauthbearer.expected.issuer = null
	sasl.oauthbearer.header.urlencode = false
	sasl.oauthbearer.jwks.endpoint.refresh.ms = 3600000
	sasl.oauthbearer.jwks.endpoint.retry.backoff.max.ms = 10000
	sasl.oauthbearer.jwks.endpoint.retry.backoff.ms = 100
	sasl.oauthbearer.jwks.endpoint.url = null
	sasl.oauthbearer.scope.claim.name = scope
	sasl.oauthbearer.sub.claim.name = sub
	sasl.oauthbearer.token.endpoint.url = null
	security.protocol = PLAINTEXT
	security.providers = null
	send.buffer.bytes = 131072
	session.timeout.ms = 45000
	socket.connection.setup.timeout.max.ms = 30000
	socket.connection.setup.timeout.ms = 10000
	ssl.cipher.suites = null
	ssl.enabled.protocols = [TLSv1.2, TLSv1.3]
	ssl.endpoint.identification.algorithm = https
	ssl.engine.factory.class = null
	ssl.key.password = null
	ssl.keymanager.algorithm = SunX509
	ssl.keystore.certificate.chain = null
	ssl.keystore.key = null
	ssl.keystore.location = null
	ssl.keystore.password = null
	ssl.keystore.type = JKS
	ssl.protocol = TLSv1.3
	ssl.provider = null
	ssl.secure.random.implementation = null
	ssl.trustmanager.algorithm = PKIX
	ssl.truststore.certificates = null
	ssl.truststore.location = null
	ssl.truststore.password = null
	ssl.truststore.type = JKS
	value.deserializer = class io.apicurio.registry.serde.protobuf.ProtobufKafkaDeserializer

2025-08-13 02:23:48,006 INFO  [org.apa.kaf.com.tel.int.KafkaMetricsCollector] (main) initializing Kafka metrics collector
2025-08-13 02:23:48,014 INFO  [org.apa.kaf.cli.con.ConsumerConfig] (main) These configurations '[apicurio.registry.url, apicurio.registry.headers.enabled]' were supplied but are not used yet.
2025-08-13 02:23:48,014 INFO  [org.apa.kaf.com.uti.AppInfoParser] (main) Kafka version: 3.9.1
2025-08-13 02:23:48,014 INFO  [org.apa.kaf.com.uti.AppInfoParser] (main) Kafka commitId: f745dfdcee2b9851
2025-08-13 02:23:48,014 INFO  [org.apa.kaf.com.uti.AppInfoParser] (main) Kafka startTimeMs: 1755051828014
2025-08-13 02:23:48,015 INFO  [org.apa.kaf.cli.con.int.ClassicKafkaConsumer] (Thread-800) [Consumer clientId=consumer-Consumer-sabfa04e0xfdcbx4e5exb1fex67d16198ec78-26, groupId=Consumer-sabfa04e0xfdcbx4e5exb1fex67d16198ec78] Subscribed to topic(s): sabfa04e0xfdcbx4e5exb1fex67d16198ec78
2025-08-13 02:23:48,020 INFO  [org.apa.kaf.cli.Metadata] (Thread-800) [Consumer clientId=consumer-Consumer-sabfa04e0xfdcbx4e5exb1fex67d16198ec78-26, groupId=Consumer-sabfa04e0xfdcbx4e5exb1fex67d16198ec78] Cluster ID: pj3cISz0Q0OVF0qikwHveQ
2025-08-13 02:23:48,020 INFO  [org.apa.kaf.cli.con.int.ConsumerCoordinator] (Thread-800) [Consumer clientId=consumer-Consumer-sabfa04e0xfdcbx4e5exb1fex67d16198ec78-26, groupId=Consumer-sabfa04e0xfdcbx4e5exb1fex67d16198ec78] Discovered group coordinator localhost:32769 (id: 2147483647 rack: null)
2025-08-13 02:23:48,022 INFO  [org.apa.kaf.cli.con.int.ConsumerCoordinator] (Thread-800) [Consumer clientId=consumer-Consumer-sabfa04e0xfdcbx4e5exb1fex67d16198ec78-26, groupId=Consumer-sabfa04e0xfdcbx4e5exb1fex67d16198ec78] (Re-)joining group
2025-08-13 02:23:48,024 INFO  [org.apa.kaf.cli.con.int.ConsumerCoordinator] (Thread-800) [Consumer clientId=consumer-Consumer-sabfa04e0xfdcbx4e5exb1fex67d16198ec78-26, groupId=Consumer-sabfa04e0xfdcbx4e5exb1fex67d16198ec78] Request joining group due to: need to re-join with the given member-id: consumer-Consumer-sabfa04e0xfdcbx4e5exb1fex67d16198ec78-26-815519ec-7db3-4612-9fca-068506ba99fd
2025-08-13 02:23:48,024 INFO  [org.apa.kaf.cli.con.int.ConsumerCoordinator] (Thread-800) [Consumer clientId=consumer-Consumer-sabfa04e0xfdcbx4e5exb1fex67d16198ec78-26, groupId=Consumer-sabfa04e0xfdcbx4e5exb1fex67d16198ec78] (Re-)joining group
2025-08-13 02:23:49,015 INFO  [io.api.tes.ser.api.KafkaSerdesTester] (Thread-800) None found
2025-08-13 02:23:50,015 INFO  [io.api.tes.ser.api.KafkaSerdesTester] (Thread-800) None found
2025-08-13 02:23:51,015 INFO  [io.api.tes.ser.api.KafkaSerdesTester] (Thread-800) None found
2025-08-13 02:23:51,025 INFO  [org.apa.kaf.cli.con.int.ConsumerCoordinator] (Thread-800) [Consumer clientId=consumer-Consumer-sabfa04e0xfdcbx4e5exb1fex67d16198ec78-26, groupId=Consumer-sabfa04e0xfdcbx4e5exb1fex67d16198ec78] Successfully joined group with generation Generation{generationId=3, memberId='consumer-Consumer-sabfa04e0xfdcbx4e5exb1fex67d16198ec78-26-815519ec-7db3-4612-9fca-068506ba99fd', protocol='range'}
2025-08-13 02:23:51,025 INFO  [org.apa.kaf.cli.con.int.ConsumerCoordinator] (Thread-800) [Consumer clientId=consumer-Consumer-sabfa04e0xfdcbx4e5exb1fex67d16198ec78-26, groupId=Consumer-sabfa04e0xfdcbx4e5exb1fex67d16198ec78] Finished assignment for group at generation 3: {consumer-Consumer-sabfa04e0xfdcbx4e5exb1fex67d16198ec78-26-815519ec-7db3-4612-9fca-068506ba99fd=Assignment(partitions=[sabfa04e0xfdcbx4e5exb1fex67d16198ec78-0])}
2025-08-13 02:23:51,032 INFO  [org.apa.kaf.cli.con.int.ConsumerCoordinator] (Thread-800) [Consumer clientId=consumer-Consumer-sabfa04e0xfdcbx4e5exb1fex67d16198ec78-26, groupId=Consumer-sabfa04e0xfdcbx4e5exb1fex67d16198ec78] Successfully synced group in generation Generation{generationId=3, memberId='consumer-Consumer-sabfa04e0xfdcbx4e5exb1fex67d16198ec78-26-815519ec-7db3-4612-9fca-068506ba99fd', protocol='range'}
2025-08-13 02:23:51,032 INFO  [org.apa.kaf.cli.con.int.ConsumerCoordinator] (Thread-800) [Consumer clientId=consumer-Consumer-sabfa04e0xfdcbx4e5exb1fex67d16198ec78-26, groupId=Consumer-sabfa04e0xfdcbx4e5exb1fex67d16198ec78] Notifying assignor about the new Assignment(partitions=[sabfa04e0xfdcbx4e5exb1fex67d16198ec78-0])
2025-08-13 02:23:51,032 INFO  [org.apa.kaf.cli.con.int.ConsumerRebalanceListenerInvoker] (Thread-800) [Consumer clientId=consumer-Consumer-sabfa04e0xfdcbx4e5exb1fex67d16198ec78-26, groupId=Consumer-sabfa04e0xfdcbx4e5exb1fex67d16198ec78] Adding newly assigned partitions: sabfa04e0xfdcbx4e5exb1fex67d16198ec78-0
2025-08-13 02:23:51,033 INFO  [org.apa.kaf.cli.con.int.ConsumerUtils] (Thread-800) Setting offset for partition sabfa04e0xfdcbx4e5exb1fex67d16198ec78-0 to the committed offset FetchPosition{offset=10, offsetEpoch=Optional[0], currentLeader=LeaderAndEpoch{leader=Optional[localhost:32769 (id: 0 rack: null)], epoch=0}}
2025-08-13 02:23:51,125 INFO  [io.api.tes.ser.api.KafkaSerdesTester] (Thread-800) sabfa04e0xfdcbx4e5exb1fex67d16198ec78 0 10 header {
  time {
  }
}
d1: 1.755051827943E12
s1: "a"
i1: 123
bi1: 1
point {
  longitude: 22.0
  latitude: 22.0
  altitude: 1.0
}

2025-08-13 02:23:51,125 INFO  [io.api.tes.ser.api.KafkaSerdesTester] (Thread-800) sabfa04e0xfdcbx4e5exb1fex67d16198ec78 0 11 header {
  time {
  }
}
d1: 1.755051827971E12
s1: "a"
i1: 123
bi1: 1
point {
  longitude: 22.0
  latitude: 22.0
  altitude: 1.0
}

2025-08-13 02:23:51,125 INFO  [io.api.tes.ser.api.KafkaSerdesTester] (Thread-800) sabfa04e0xfdcbx4e5exb1fex67d16198ec78 0 12 header {
  time {
  }
}
d1: 1.755051827973E12
s1: "a"
i1: 123
bi1: 1
point {
  longitude: 22.0
  latitude: 22.0
  altitude: 1.0
}

2025-08-13 02:23:51,125 INFO  [io.api.tes.ser.api.KafkaSerdesTester] (Thread-800) sabfa04e0xfdcbx4e5exb1fex67d16198ec78 0 13 header {
  time {
  }
}
d1: 1.755051827975E12
s1: "a"
i1: 123
bi1: 1
point {
  longitude: 22.0
  latitude: 22.0
  altitude: 1.0
}

2025-08-13 02:23:51,125 INFO  [io.api.tes.ser.api.KafkaSerdesTester] (Thread-800) sabfa04e0xfdcbx4e5exb1fex67d16198ec78 0 14 header {
  time {
  }
}
d1: 1.755051827979E12
s1: "a"
i1: 123
bi1: 1
point {
  longitude: 22.0
  latitude: 22.0
  altitude: 1.0
}

2025-08-13 02:23:51,125 INFO  [io.api.tes.ser.api.KafkaSerdesTester] (Thread-800) sabfa04e0xfdcbx4e5exb1fex67d16198ec78 0 15 header {
  time {
  }
}
d1: 1.755051827982E12
s1: "a"
i1: 123
bi1: 1
point {
  longitude: 22.0
  latitude: 22.0
  altitude: 1.0
}

2025-08-13 02:23:51,126 INFO  [io.api.tes.ser.api.KafkaSerdesTester] (Thread-800) sabfa04e0xfdcbx4e5exb1fex67d16198ec78 0 16 header {
  time {
  }
}
d1: 1.755051827986E12
s1: "a"
i1: 123
bi1: 1
point {
  longitude: 22.0
  latitude: 22.0
  altitude: 1.0
}

2025-08-13 02:23:51,126 INFO  [io.api.tes.ser.api.KafkaSerdesTester] (Thread-800) sabfa04e0xfdcbx4e5exb1fex67d16198ec78 0 17 header {
  time {
  }
}
d1: 1.755051827993E12
s1: "a"
i1: 123
bi1: 1
point {
  longitude: 22.0
  latitude: 22.0
  altitude: 1.0
}

2025-08-13 02:23:51,126 INFO  [io.api.tes.ser.api.KafkaSerdesTester] (Thread-800) sabfa04e0xfdcbx4e5exb1fex67d16198ec78 0 18 header {
  time {
  }
}
d1: 1.755051827998E12
s1: "a"
i1: 123
bi1: 1
point {
  longitude: 22.0
  latitude: 22.0
  altitude: 1.0
}

2025-08-13 02:23:51,126 INFO  [io.api.tes.ser.api.KafkaSerdesTester] (Thread-800) sabfa04e0xfdcbx4e5exb1fex67d16198ec78 0 19 header {
  time {
  }
}
d1: 1.755051827999E12
s1: "a"
i1: 123
bi1: 1
point {
  longitude: 22.0
  latitude: 22.0
  altitude: 1.0
}

2025-08-13 02:23:51,126 INFO  [io.api.tes.ser.api.KafkaSerdesTester] (Thread-800) Consumed 10 messages
2025-08-13 02:23:51,132 INFO  [org.apa.kaf.cli.con.int.ConsumerRebalanceListenerInvoker] (Thread-800) [Consumer clientId=consumer-Consumer-sabfa04e0xfdcbx4e5exb1fex67d16198ec78-26, groupId=Consumer-sabfa04e0xfdcbx4e5exb1fex67d16198ec78] Revoke previously assigned partitions sabfa04e0xfdcbx4e5exb1fex67d16198ec78-0
2025-08-13 02:23:51,132 INFO  [org.apa.kaf.cli.con.int.ConsumerCoordinator] (Thread-800) [Consumer clientId=consumer-Consumer-sabfa04e0xfdcbx4e5exb1fex67d16198ec78-26, groupId=Consumer-sabfa04e0xfdcbx4e5exb1fex67d16198ec78] Member consumer-Consumer-sabfa04e0xfdcbx4e5exb1fex67d16198ec78-26-815519ec-7db3-4612-9fca-068506ba99fd sending LeaveGroup request to coordinator localhost:32769 (id: 2147483647 rack: null) due to the consumer is being closed
2025-08-13 02:23:51,132 INFO  [org.apa.kaf.cli.con.int.ConsumerCoordinator] (Thread-800) [Consumer clientId=consumer-Consumer-sabfa04e0xfdcbx4e5exb1fex67d16198ec78-26, groupId=Consumer-sabfa04e0xfdcbx4e5exb1fex67d16198ec78] Resetting generation and member id due to: consumer pro-actively leaving the group
2025-08-13 02:23:51,132 INFO  [org.apa.kaf.cli.con.int.ConsumerCoordinator] (Thread-800) [Consumer clientId=consumer-Consumer-sabfa04e0xfdcbx4e5exb1fex67d16198ec78-26, groupId=Consumer-sabfa04e0xfdcbx4e5exb1fex67d16198ec78] Request joining group due to: consumer pro-actively leaving the group
2025-08-13 02:23:51,623 INFO  [org.apa.kaf.com.met.Metrics] (Thread-800) Metrics scheduler closed
2025-08-13 02:23:51,623 INFO  [org.apa.kaf.com.met.Metrics] (Thread-800) Closing reporter org.apache.kafka.common.metrics.JmxReporter
2025-08-13 02:23:51,623 INFO  [org.apa.kaf.com.met.Metrics] (Thread-800) Closing reporter org.apache.kafka.common.telemetry.internals.ClientTelemetryReporter
2025-08-13 02:23:51,623 INFO  [org.apa.kaf.com.met.Metrics] (Thread-800) Metrics reporters closed
2025-08-13 02:23:51,625 INFO  [org.apa.kaf.com.uti.AppInfoParser] (Thread-800) App info kafka.consumer for consumer-Consumer-sabfa04e0xfdcbx4e5exb1fex67d16198ec78-26 unregistered
**** Registry Base URL: http://registry-app-ksql043.apps.ci419.apicurio-testing.org:80
2025-08-13 02:23:51,626 INFO  [org.apa.kaf.cli.pro.ProducerConfig] (main) ProducerConfig values: 
	acks = -1
	auto.include.jmx.reporter = true
	batch.size = 16384
	bootstrap.servers = [PLAINTEXT://localhost:32769]
	buffer.memory = 33554432
	client.dns.lookup = use_all_dns_ips
	client.id = Producer-sabfa04e0xfdcbx4e5exb1fex67d16198ec78
	compression.gzip.level = -1
	compression.lz4.level = 9
	compression.type = none
	compression.zstd.level = 3
	connections.max.idle.ms = 10000
	delivery.timeout.ms = 120000
	enable.idempotence = true
	enable.metrics.push = true
	interceptor.classes = []
	key.serializer = class org.apache.kafka.common.serialization.StringSerializer
	linger.ms = 0
	max.block.ms = 60000
	max.in.flight.requests.per.connection = 5
	max.request.size = 1048576
	metadata.max.age.ms = 300000
	metadata.max.idle.ms = 300000
	metadata.recovery.strategy = none
	metric.reporters = []
	metrics.num.samples = 2
	metrics.recording.level = INFO
	metrics.sample.window.ms = 30000
	partitioner.adaptive.partitioning.enable = true
	partitioner.availability.timeout.ms = 0
	partitioner.class = null
	partitioner.ignore.keys = false
	receive.buffer.bytes = 32768
	reconnect.backoff.max.ms = 1000
	reconnect.backoff.ms = 50
	request.timeout.ms = 5000
	retries = 2147483647
	retry.backoff.max.ms = 1000
	retry.backoff.ms = 100
	sasl.client.callback.handler.class = null
	sasl.jaas.config = null
	sasl.kerberos.kinit.cmd = /usr/bin/kinit
	sasl.kerberos.min.time.before.relogin = 60000
	sasl.kerberos.service.name = null
	sasl.kerberos.ticket.renew.jitter = 0.05
	sasl.kerberos.ticket.renew.window.factor = 0.8
	sasl.login.callback.handler.class = null
	sasl.login.class = null
	sasl.login.connect.timeout.ms = null
	sasl.login.read.timeout.ms = null
	sasl.login.refresh.buffer.seconds = 300
	sasl.login.refresh.min.period.seconds = 60
	sasl.login.refresh.window.factor = 0.8
	sasl.login.refresh.window.jitter = 0.05
	sasl.login.retry.backoff.max.ms = 10000
	sasl.login.retry.backoff.ms = 100
	sasl.mechanism = GSSAPI
	sasl.oauthbearer.clock.skew.seconds = 30
	sasl.oauthbearer.expected.audience = null
	sasl.oauthbearer.expected.issuer = null
	sasl.oauthbearer.header.urlencode = false
	sasl.oauthbearer.jwks.endpoint.refresh.ms = 3600000
	sasl.oauthbearer.jwks.endpoint.retry.backoff.max.ms = 10000
	sasl.oauthbearer.jwks.endpoint.retry.backoff.ms = 100
	sasl.oauthbearer.jwks.endpoint.url = null
	sasl.oauthbearer.scope.claim.name = scope
	sasl.oauthbearer.sub.claim.name = sub
	sasl.oauthbearer.token.endpoint.url = null
	security.protocol = PLAINTEXT
	security.providers = null
	send.buffer.bytes = 131072
	socket.connection.setup.timeout.max.ms = 30000
	socket.connection.setup.timeout.ms = 10000
	ssl.cipher.suites = null
	ssl.enabled.protocols = [TLSv1.2, TLSv1.3]
	ssl.endpoint.identification.algorithm = https
	ssl.engine.factory.class = null
	ssl.key.password = null
	ssl.keymanager.algorithm = SunX509
	ssl.keystore.certificate.chain = null
	ssl.keystore.key = null
	ssl.keystore.location = null
	ssl.keystore.password = null
	ssl.keystore.type = JKS
	ssl.protocol = TLSv1.3
	ssl.provider = null
	ssl.secure.random.implementation = null
	ssl.trustmanager.algorithm = PKIX
	ssl.truststore.certificates = null
	ssl.truststore.location = null
	ssl.truststore.password = null
	ssl.truststore.type = JKS
	transaction.timeout.ms = 60000
	transactional.id = null
	value.serializer = class io.apicurio.registry.serde.protobuf.ProtobufKafkaSerializer

2025-08-13 02:23:51,626 INFO  [org.apa.kaf.com.tel.int.KafkaMetricsCollector] (main) initializing Kafka metrics collector
2025-08-13 02:23:51,629 INFO  [org.apa.kaf.cli.pro.KafkaProducer] (main) [Producer clientId=Producer-sabfa04e0xfdcbx4e5exb1fex67d16198ec78] Instantiated an idempotent producer.
2025-08-13 02:23:51,630 INFO  [org.apa.kaf.cli.pro.ProducerConfig] (main) These configurations '[apicurio.registry.url, apicurio.registry.headers.enabled, apicurio.registry.artifact-resolver-strategy]' were supplied but are not used yet.
2025-08-13 02:23:51,630 INFO  [org.apa.kaf.com.uti.AppInfoParser] (main) Kafka version: 3.9.1
2025-08-13 02:23:51,630 INFO  [org.apa.kaf.com.uti.AppInfoParser] (main) Kafka commitId: f745dfdcee2b9851
2025-08-13 02:23:51,630 INFO  [org.apa.kaf.com.uti.AppInfoParser] (main) Kafka startTimeMs: 1755051831630
2025-08-13 02:23:51,630 INFO  [io.api.tes.ser.api.SimpleSerdesTesterBuilder$SimpleSerdesTester] (main) Using producer configuration: {apicurio.registry.url=http://registry-app-ksql043.apps.ci419.apicurio-testing.org:80/apis/registry/v3, apicurio.registry.headers.enabled=true, apicurio.registry.artifact-resolver-strategy=io.apicurio.registry.serde.strategy.TopicIdStrategy, value.serializer=io.apicurio.registry.serde.protobuf.ProtobufKafkaSerializer, request.timeout.ms=5000, acks=all, bootstrap.servers=PLAINTEXT://localhost:32769, connections.max.idle.ms=10000, key.serializer=org.apache.kafka.common.serialization.StringSerializer, client.id=Producer-sabfa04e0xfdcbx4e5exb1fex67d16198ec78}
2025-08-13 02:23:51,630 INFO  [io.api.tes.ser.api.SimpleSerdesTesterBuilder$SimpleSerdesTester] (main) Using consumer configuration: {apicurio.registry.headers.enabled=true}
2025-08-13 02:23:51,631 INFO  [io.api.tes.ser.api.KafkaSerdesTester] (Thread-803) Sending message msb: 1755051831631
lsb: 321
 to topic sabfa04e0xfdcbx4e5exb1fex67d16198ec78
2025-08-13 02:23:51,633 INFO  [org.apa.kaf.cli.Metadata] (kafka-producer-network-thread | Producer-sabfa04e0xfdcbx4e5exb1fex67d16198ec78) [Producer clientId=Producer-sabfa04e0xfdcbx4e5exb1fex67d16198ec78] Cluster ID: pj3cISz0Q0OVF0qikwHveQ
2025-08-13 02:23:51,633 INFO  [org.apa.kaf.cli.pro.int.TransactionManager] (kafka-producer-network-thread | Producer-sabfa04e0xfdcbx4e5exb1fex67d16198ec78) [Producer clientId=Producer-sabfa04e0xfdcbx4e5exb1fex67d16198ec78] ProducerId set to 36 with epoch 0
2025-08-13 02:23:51,634 INFO  [DefaultSchemaResolver] (Thread-803) Retrieving schema content using string: // Proto schema formatted by Wire, do not edit.
// Source: 

syntax = "proto3";

package io.apicurio.registry.common.proto;

option java_package = "io.apicurio.registry.common.proto";
option java_outer_classname = "Cmmn";

message UUID {
  fixed64 msb = 1;

  fixed64 lsb = 2;
}

2025-08-13 02:23:51,651 INFO  [io.api.tes.ser.api.KafkaSerdesTester] (Thread-803) Sending message msb: 1755051831651
lsb: 321
 to topic sabfa04e0xfdcbx4e5exb1fex67d16198ec78
2025-08-13 02:23:51,652 INFO  [io.api.tes.ser.api.KafkaSerdesTester] (Thread-803) Sending message msb: 1755051831652
lsb: 321
 to topic sabfa04e0xfdcbx4e5exb1fex67d16198ec78
2025-08-13 02:23:51,653 INFO  [io.api.tes.ser.api.KafkaSerdesTester] (Thread-803) Sending message msb: 1755051831653
lsb: 321
 to topic sabfa04e0xfdcbx4e5exb1fex67d16198ec78
2025-08-13 02:23:51,654 INFO  [io.api.tes.ser.api.KafkaSerdesTester] (Thread-803) Sending message msb: 1755051831654
lsb: 321
 to topic sabfa04e0xfdcbx4e5exb1fex67d16198ec78
2025-08-13 02:23:51,655 INFO  [io.api.tes.ser.api.KafkaSerdesTester] (Thread-803) Sending message msb: 1755051831655
lsb: 321
 to topic sabfa04e0xfdcbx4e5exb1fex67d16198ec78
2025-08-13 02:23:51,657 INFO  [io.api.tes.ser.api.KafkaSerdesTester] (Thread-803) Sending message msb: 1755051831657
lsb: 321
 to topic sabfa04e0xfdcbx4e5exb1fex67d16198ec78
2025-08-13 02:23:51,659 INFO  [io.api.tes.ser.api.KafkaSerdesTester] (Thread-803) Sending message msb: 1755051831658
lsb: 321
 to topic sabfa04e0xfdcbx4e5exb1fex67d16198ec78
2025-08-13 02:23:51,660 INFO  [io.api.tes.ser.api.KafkaSerdesTester] (Thread-803) Sending message msb: 1755051831660
lsb: 321
 to topic sabfa04e0xfdcbx4e5exb1fex67d16198ec78
2025-08-13 02:23:51,661 INFO  [io.api.tes.ser.api.KafkaSerdesTester] (Thread-803) Sending message msb: 1755051831661
lsb: 321
 to topic sabfa04e0xfdcbx4e5exb1fex67d16198ec78
2025-08-13 02:23:51,664 INFO  [io.api.tes.ser.api.KafkaSerdesTester] (Thread-803) Produced 10 messages
2025-08-13 02:23:51,665 INFO  [org.apa.kaf.cli.pro.KafkaProducer] (Thread-803) [Producer clientId=Producer-sabfa04e0xfdcbx4e5exb1fex67d16198ec78] Closing the Kafka producer with timeoutMillis = 9223372036854775807 ms.
2025-08-13 02:23:51,667 INFO  [org.apa.kaf.com.met.Metrics] (Thread-803) Metrics scheduler closed
2025-08-13 02:23:51,667 INFO  [org.apa.kaf.com.met.Metrics] (Thread-803) Closing reporter org.apache.kafka.common.metrics.JmxReporter
2025-08-13 02:23:51,667 INFO  [org.apa.kaf.com.met.Metrics] (Thread-803) Closing reporter org.apache.kafka.common.telemetry.internals.ClientTelemetryReporter
2025-08-13 02:23:51,667 INFO  [org.apa.kaf.com.met.Metrics] (Thread-803) Metrics reporters closed
2025-08-13 02:23:51,669 INFO  [org.apa.kaf.com.uti.AppInfoParser] (Thread-803) App info kafka.producer for Producer-sabfa04e0xfdcbx4e5exb1fex67d16198ec78 unregistered
**** Registry Base URL: http://registry-app-ksql043.apps.ci419.apicurio-testing.org:80
2025-08-13 02:23:51,670 INFO  [org.apa.kaf.cli.con.ConsumerConfig] (main) ConsumerConfig values: 
	allow.auto.create.topics = true
	auto.commit.interval.ms = 500
	auto.include.jmx.reporter = true
	auto.offset.reset = earliest
	bootstrap.servers = [PLAINTEXT://localhost:32769]
	check.crcs = true
	client.dns.lookup = use_all_dns_ips
	client.id = consumer-Consumer-sabfa04e0xfdcbx4e5exb1fex67d16198ec78-27
	client.rack = 
	connections.max.idle.ms = 10000
	default.api.timeout.ms = 60000
	enable.auto.commit = true
	enable.metrics.push = true
	exclude.internal.topics = true
	fetch.max.bytes = 52428800
	fetch.max.wait.ms = 500
	fetch.min.bytes = 1
	group.id = Consumer-sabfa04e0xfdcbx4e5exb1fex67d16198ec78
	group.instance.id = null
	group.protocol = classic
	group.remote.assignor = null
	heartbeat.interval.ms = 3000
	interceptor.classes = []
	internal.leave.group.on.close = true
	internal.throw.on.fetch.stable.offset.unsupported = false
	isolation.level = read_uncommitted
	key.deserializer = class org.apache.kafka.common.serialization.StringDeserializer
	max.partition.fetch.bytes = 1048576
	max.poll.interval.ms = 300000
	max.poll.records = 500
	metadata.max.age.ms = 300000
	metadata.recovery.strategy = none
	metric.reporters = []
	metrics.num.samples = 2
	metrics.recording.level = INFO
	metrics.sample.window.ms = 30000
	partition.assignment.strategy = [class org.apache.kafka.clients.consumer.RangeAssignor, class org.apache.kafka.clients.consumer.CooperativeStickyAssignor]
	receive.buffer.bytes = 65536
	reconnect.backoff.max.ms = 1000
	reconnect.backoff.ms = 50
	request.timeout.ms = 5000
	retry.backoff.max.ms = 1000
	retry.backoff.ms = 100
	sasl.client.callback.handler.class = null
	sasl.jaas.config = null
	sasl.kerberos.kinit.cmd = /usr/bin/kinit
	sasl.kerberos.min.time.before.relogin = 60000
	sasl.kerberos.service.name = null
	sasl.kerberos.ticket.renew.jitter = 0.05
	sasl.kerberos.ticket.renew.window.factor = 0.8
	sasl.login.callback.handler.class = null
	sasl.login.class = null
	sasl.login.connect.timeout.ms = null
	sasl.login.read.timeout.ms = null
	sasl.login.refresh.buffer.seconds = 300
	sasl.login.refresh.min.period.seconds = 60
	sasl.login.refresh.window.factor = 0.8
	sasl.login.refresh.window.jitter = 0.05
	sasl.login.retry.backoff.max.ms = 10000
	sasl.login.retry.backoff.ms = 100
	sasl.mechanism = GSSAPI
	sasl.oauthbearer.clock.skew.seconds = 30
	sasl.oauthbearer.expected.audience = null
	sasl.oauthbearer.expected.issuer = null
	sasl.oauthbearer.header.urlencode = false
	sasl.oauthbearer.jwks.endpoint.refresh.ms = 3600000
	sasl.oauthbearer.jwks.endpoint.retry.backoff.max.ms = 10000
	sasl.oauthbearer.jwks.endpoint.retry.backoff.ms = 100
	sasl.oauthbearer.jwks.endpoint.url = null
	sasl.oauthbearer.scope.claim.name = scope
	sasl.oauthbearer.sub.claim.name = sub
	sasl.oauthbearer.token.endpoint.url = null
	security.protocol = PLAINTEXT
	security.providers = null
	send.buffer.bytes = 131072
	session.timeout.ms = 45000
	socket.connection.setup.timeout.max.ms = 30000
	socket.connection.setup.timeout.ms = 10000
	ssl.cipher.suites = null
	ssl.enabled.protocols = [TLSv1.2, TLSv1.3]
	ssl.endpoint.identification.algorithm = https
	ssl.engine.factory.class = null
	ssl.key.password = null
	ssl.keymanager.algorithm = SunX509
	ssl.keystore.certificate.chain = null
	ssl.keystore.key = null
	ssl.keystore.location = null
	ssl.keystore.password = null
	ssl.keystore.type = JKS
	ssl.protocol = TLSv1.3
	ssl.provider = null
	ssl.secure.random.implementation = null
	ssl.trustmanager.algorithm = PKIX
	ssl.truststore.certificates = null
	ssl.truststore.location = null
	ssl.truststore.password = null
	ssl.truststore.type = JKS
	value.deserializer = class io.apicurio.registry.serde.protobuf.ProtobufKafkaDeserializer

2025-08-13 02:23:51,670 INFO  [org.apa.kaf.com.tel.int.KafkaMetricsCollector] (main) initializing Kafka metrics collector
2025-08-13 02:23:51,682 INFO  [org.apa.kaf.cli.con.ConsumerConfig] (main) These configurations '[apicurio.registry.url, apicurio.registry.headers.enabled]' were supplied but are not used yet.
2025-08-13 02:23:51,682 INFO  [org.apa.kaf.com.uti.AppInfoParser] (main) Kafka version: 3.9.1
2025-08-13 02:23:51,682 INFO  [org.apa.kaf.com.uti.AppInfoParser] (main) Kafka commitId: f745dfdcee2b9851
2025-08-13 02:23:51,682 INFO  [org.apa.kaf.com.uti.AppInfoParser] (main) Kafka startTimeMs: 1755051831682
2025-08-13 02:23:51,682 INFO  [org.apa.kaf.cli.con.int.ClassicKafkaConsumer] (Thread-806) [Consumer clientId=consumer-Consumer-sabfa04e0xfdcbx4e5exb1fex67d16198ec78-27, groupId=Consumer-sabfa04e0xfdcbx4e5exb1fex67d16198ec78] Subscribed to topic(s): sabfa04e0xfdcbx4e5exb1fex67d16198ec78
2025-08-13 02:23:51,686 INFO  [org.apa.kaf.cli.Metadata] (Thread-806) [Consumer clientId=consumer-Consumer-sabfa04e0xfdcbx4e5exb1fex67d16198ec78-27, groupId=Consumer-sabfa04e0xfdcbx4e5exb1fex67d16198ec78] Cluster ID: pj3cISz0Q0OVF0qikwHveQ
2025-08-13 02:23:51,687 INFO  [org.apa.kaf.cli.con.int.ConsumerCoordinator] (Thread-806) [Consumer clientId=consumer-Consumer-sabfa04e0xfdcbx4e5exb1fex67d16198ec78-27, groupId=Consumer-sabfa04e0xfdcbx4e5exb1fex67d16198ec78] Discovered group coordinator localhost:32769 (id: 2147483647 rack: null)
2025-08-13 02:23:51,689 INFO  [org.apa.kaf.cli.con.int.ConsumerCoordinator] (Thread-806) [Consumer clientId=consumer-Consumer-sabfa04e0xfdcbx4e5exb1fex67d16198ec78-27, groupId=Consumer-sabfa04e0xfdcbx4e5exb1fex67d16198ec78] (Re-)joining group
2025-08-13 02:23:51,690 INFO  [org.apa.kaf.cli.con.int.ConsumerCoordinator] (Thread-806) [Consumer clientId=consumer-Consumer-sabfa04e0xfdcbx4e5exb1fex67d16198ec78-27, groupId=Consumer-sabfa04e0xfdcbx4e5exb1fex67d16198ec78] Request joining group due to: need to re-join with the given member-id: consumer-Consumer-sabfa04e0xfdcbx4e5exb1fex67d16198ec78-27-62f683e1-e2e8-44fe-9ac8-c353012635c5
2025-08-13 02:23:51,690 INFO  [org.apa.kaf.cli.con.int.ConsumerCoordinator] (Thread-806) [Consumer clientId=consumer-Consumer-sabfa04e0xfdcbx4e5exb1fex67d16198ec78-27, groupId=Consumer-sabfa04e0xfdcbx4e5exb1fex67d16198ec78] (Re-)joining group
2025-08-13 02:23:52,682 INFO  [io.api.tes.ser.api.KafkaSerdesTester] (Thread-806) None found
2025-08-13 02:23:53,682 INFO  [io.api.tes.ser.api.KafkaSerdesTester] (Thread-806) None found
2025-08-13 02:23:54,684 INFO  [io.api.tes.ser.api.KafkaSerdesTester] (Thread-806) None found
2025-08-13 02:23:54,692 INFO  [org.apa.kaf.cli.con.int.ConsumerCoordinator] (Thread-806) [Consumer clientId=consumer-Consumer-sabfa04e0xfdcbx4e5exb1fex67d16198ec78-27, groupId=Consumer-sabfa04e0xfdcbx4e5exb1fex67d16198ec78] Successfully joined group with generation Generation{generationId=5, memberId='consumer-Consumer-sabfa04e0xfdcbx4e5exb1fex67d16198ec78-27-62f683e1-e2e8-44fe-9ac8-c353012635c5', protocol='range'}
2025-08-13 02:23:54,692 INFO  [org.apa.kaf.cli.con.int.ConsumerCoordinator] (Thread-806) [Consumer clientId=consumer-Consumer-sabfa04e0xfdcbx4e5exb1fex67d16198ec78-27, groupId=Consumer-sabfa04e0xfdcbx4e5exb1fex67d16198ec78] Finished assignment for group at generation 5: {consumer-Consumer-sabfa04e0xfdcbx4e5exb1fex67d16198ec78-27-62f683e1-e2e8-44fe-9ac8-c353012635c5=Assignment(partitions=[sabfa04e0xfdcbx4e5exb1fex67d16198ec78-0])}
2025-08-13 02:23:54,699 INFO  [org.apa.kaf.cli.con.int.ConsumerCoordinator] (Thread-806) [Consumer clientId=consumer-Consumer-sabfa04e0xfdcbx4e5exb1fex67d16198ec78-27, groupId=Consumer-sabfa04e0xfdcbx4e5exb1fex67d16198ec78] Successfully synced group in generation Generation{generationId=5, memberId='consumer-Consumer-sabfa04e0xfdcbx4e5exb1fex67d16198ec78-27-62f683e1-e2e8-44fe-9ac8-c353012635c5', protocol='range'}
2025-08-13 02:23:54,699 INFO  [org.apa.kaf.cli.con.int.ConsumerCoordinator] (Thread-806) [Consumer clientId=consumer-Consumer-sabfa04e0xfdcbx4e5exb1fex67d16198ec78-27, groupId=Consumer-sabfa04e0xfdcbx4e5exb1fex67d16198ec78] Notifying assignor about the new Assignment(partitions=[sabfa04e0xfdcbx4e5exb1fex67d16198ec78-0])
2025-08-13 02:23:54,699 INFO  [org.apa.kaf.cli.con.int.ConsumerRebalanceListenerInvoker] (Thread-806) [Consumer clientId=consumer-Consumer-sabfa04e0xfdcbx4e5exb1fex67d16198ec78-27, groupId=Consumer-sabfa04e0xfdcbx4e5exb1fex67d16198ec78] Adding newly assigned partitions: sabfa04e0xfdcbx4e5exb1fex67d16198ec78-0
2025-08-13 02:23:54,700 INFO  [org.apa.kaf.cli.con.int.ConsumerUtils] (Thread-806) Setting offset for partition sabfa04e0xfdcbx4e5exb1fex67d16198ec78-0 to the committed offset FetchPosition{offset=20, offsetEpoch=Optional[0], currentLeader=LeaderAndEpoch{leader=Optional[localhost:32769 (id: 0 rack: null)], epoch=0}}
2025-08-13 02:23:54,727 INFO  [io.api.tes.ser.api.KafkaSerdesTester] (Thread-806) sabfa04e0xfdcbx4e5exb1fex67d16198ec78 0 20 msb: 1755051831631
lsb: 321

2025-08-13 02:23:54,727 INFO  [io.api.tes.ser.api.KafkaSerdesTester] (Thread-806) sabfa04e0xfdcbx4e5exb1fex67d16198ec78 0 21 msb: 1755051831651
lsb: 321

2025-08-13 02:23:54,727 INFO  [io.api.tes.ser.api.KafkaSerdesTester] (Thread-806) sabfa04e0xfdcbx4e5exb1fex67d16198ec78 0 22 msb: 1755051831652
lsb: 321

2025-08-13 02:23:54,727 INFO  [io.api.tes.ser.api.KafkaSerdesTester] (Thread-806) sabfa04e0xfdcbx4e5exb1fex67d16198ec78 0 23 msb: 1755051831653
lsb: 321

2025-08-13 02:23:54,727 INFO  [io.api.tes.ser.api.KafkaSerdesTester] (Thread-806) sabfa04e0xfdcbx4e5exb1fex67d16198ec78 0 24 msb: 1755051831654
lsb: 321

2025-08-13 02:23:54,727 INFO  [io.api.tes.ser.api.KafkaSerdesTester] (Thread-806) sabfa04e0xfdcbx4e5exb1fex67d16198ec78 0 25 msb: 1755051831655
lsb: 321

2025-08-13 02:23:54,727 INFO  [io.api.tes.ser.api.KafkaSerdesTester] (Thread-806) sabfa04e0xfdcbx4e5exb1fex67d16198ec78 0 26 msb: 1755051831657
lsb: 321

2025-08-13 02:23:54,727 INFO  [io.api.tes.ser.api.KafkaSerdesTester] (Thread-806) sabfa04e0xfdcbx4e5exb1fex67d16198ec78 0 27 msb: 1755051831658
lsb: 321

2025-08-13 02:23:54,727 INFO  [io.api.tes.ser.api.KafkaSerdesTester] (Thread-806) sabfa04e0xfdcbx4e5exb1fex67d16198ec78 0 28 msb: 1755051831660
lsb: 321

2025-08-13 02:23:54,727 INFO  [io.api.tes.ser.api.KafkaSerdesTester] (Thread-806) sabfa04e0xfdcbx4e5exb1fex67d16198ec78 0 29 msb: 1755051831661
lsb: 321

2025-08-13 02:23:54,727 INFO  [io.api.tes.ser.api.KafkaSerdesTester] (Thread-806) Consumed 10 messages
2025-08-13 02:23:54,734 INFO  [org.apa.kaf.cli.con.int.ConsumerRebalanceListenerInvoker] (Thread-806) [Consumer clientId=consumer-Consumer-sabfa04e0xfdcbx4e5exb1fex67d16198ec78-27, groupId=Consumer-sabfa04e0xfdcbx4e5exb1fex67d16198ec78] Revoke previously assigned partitions sabfa04e0xfdcbx4e5exb1fex67d16198ec78-0
2025-08-13 02:23:54,734 INFO  [org.apa.kaf.cli.con.int.ConsumerCoordinator] (Thread-806) [Consumer clientId=consumer-Consumer-sabfa04e0xfdcbx4e5exb1fex67d16198ec78-27, groupId=Consumer-sabfa04e0xfdcbx4e5exb1fex67d16198ec78] Member consumer-Consumer-sabfa04e0xfdcbx4e5exb1fex67d16198ec78-27-62f683e1-e2e8-44fe-9ac8-c353012635c5 sending LeaveGroup request to coordinator localhost:32769 (id: 2147483647 rack: null) due to the consumer is being closed
2025-08-13 02:23:54,734 INFO  [org.apa.kaf.cli.con.int.ConsumerCoordinator] (Thread-806) [Consumer clientId=consumer-Consumer-sabfa04e0xfdcbx4e5exb1fex67d16198ec78-27, groupId=Consumer-sabfa04e0xfdcbx4e5exb1fex67d16198ec78] Resetting generation and member id due to: consumer pro-actively leaving the group
2025-08-13 02:23:54,734 INFO  [org.apa.kaf.cli.con.int.ConsumerCoordinator] (Thread-806) [Consumer clientId=consumer-Consumer-sabfa04e0xfdcbx4e5exb1fex67d16198ec78-27, groupId=Consumer-sabfa04e0xfdcbx4e5exb1fex67d16198ec78] Request joining group due to: consumer pro-actively leaving the group
2025-08-13 02:23:55,229 INFO  [org.apa.kaf.com.met.Metrics] (Thread-806) Metrics scheduler closed
2025-08-13 02:23:55,229 INFO  [org.apa.kaf.com.met.Metrics] (Thread-806) Closing reporter org.apache.kafka.common.metrics.JmxReporter
2025-08-13 02:23:55,229 INFO  [org.apa.kaf.com.met.Metrics] (Thread-806) Closing reporter org.apache.kafka.common.telemetry.internals.ClientTelemetryReporter
2025-08-13 02:23:55,229 INFO  [org.apa.kaf.com.met.Metrics] (Thread-806) Metrics reporters closed
2025-08-13 02:23:55,230 INFO  [org.apa.kaf.com.uti.AppInfoParser] (Thread-806) App info kafka.consumer for consumer-Consumer-sabfa04e0xfdcbx4e5exb1fex67d16198ec78-27 unregistered
**** Registry Base URL: http://registry-app-ksql043.apps.ci419.apicurio-testing.org:80
2025-08-13 02:23:55,232 INFO  [org.apa.kaf.cli.pro.ProducerConfig] (main) ProducerConfig values: 
	acks = -1
	auto.include.jmx.reporter = true
	batch.size = 16384
	bootstrap.servers = [PLAINTEXT://localhost:32769]
	buffer.memory = 33554432
	client.dns.lookup = use_all_dns_ips
	client.id = Producer-sabfa04e0xfdcbx4e5exb1fex67d16198ec78
	compression.gzip.level = -1
	compression.lz4.level = 9
	compression.type = none
	compression.zstd.level = 3
	connections.max.idle.ms = 10000
	delivery.timeout.ms = 120000
	enable.idempotence = true
	enable.metrics.push = true
	interceptor.classes = []
	key.serializer = class org.apache.kafka.common.serialization.StringSerializer
	linger.ms = 0
	max.block.ms = 60000
	max.in.flight.requests.per.connection = 5
	max.request.size = 1048576
	metadata.max.age.ms = 300000
	metadata.max.idle.ms = 300000
	metadata.recovery.strategy = none
	metric.reporters = []
	metrics.num.samples = 2
	metrics.recording.level = INFO
	metrics.sample.window.ms = 30000
	partitioner.adaptive.partitioning.enable = true
	partitioner.availability.timeout.ms = 0
	partitioner.class = null
	partitioner.ignore.keys = false
	receive.buffer.bytes = 32768
	reconnect.backoff.max.ms = 1000
	reconnect.backoff.ms = 50
	request.timeout.ms = 5000
	retries = 2147483647
	retry.backoff.max.ms = 1000
	retry.backoff.ms = 100
	sasl.client.callback.handler.class = null
	sasl.jaas.config = null
	sasl.kerberos.kinit.cmd = /usr/bin/kinit
	sasl.kerberos.min.time.before.relogin = 60000
	sasl.kerberos.service.name = null
	sasl.kerberos.ticket.renew.jitter = 0.05
	sasl.kerberos.ticket.renew.window.factor = 0.8
	sasl.login.callback.handler.class = null
	sasl.login.class = null
	sasl.login.connect.timeout.ms = null
	sasl.login.read.timeout.ms = null
	sasl.login.refresh.buffer.seconds = 300
	sasl.login.refresh.min.period.seconds = 60
	sasl.login.refresh.window.factor = 0.8
	sasl.login.refresh.window.jitter = 0.05
	sasl.login.retry.backoff.max.ms = 10000
	sasl.login.retry.backoff.ms = 100
	sasl.mechanism = GSSAPI
	sasl.oauthbearer.clock.skew.seconds = 30
	sasl.oauthbearer.expected.audience = null
	sasl.oauthbearer.expected.issuer = null
	sasl.oauthbearer.header.urlencode = false
	sasl.oauthbearer.jwks.endpoint.refresh.ms = 3600000
	sasl.oauthbearer.jwks.endpoint.retry.backoff.max.ms = 10000
	sasl.oauthbearer.jwks.endpoint.retry.backoff.ms = 100
	sasl.oauthbearer.jwks.endpoint.url = null
	sasl.oauthbearer.scope.claim.name = scope
	sasl.oauthbearer.sub.claim.name = sub
	sasl.oauthbearer.token.endpoint.url = null
	security.protocol = PLAINTEXT
	security.providers = null
	send.buffer.bytes = 131072
	socket.connection.setup.timeout.max.ms = 30000
	socket.connection.setup.timeout.ms = 10000
	ssl.cipher.suites = null
	ssl.enabled.protocols = [TLSv1.2, TLSv1.3]
	ssl.endpoint.identification.algorithm = https
	ssl.engine.factory.class = null
	ssl.key.password = null
	ssl.keymanager.algorithm = SunX509
	ssl.keystore.certificate.chain = null
	ssl.keystore.key = null
	ssl.keystore.location = null
	ssl.keystore.password = null
	ssl.keystore.type = JKS
	ssl.protocol = TLSv1.3
	ssl.provider = null
	ssl.secure.random.implementation = null
	ssl.trustmanager.algorithm = PKIX
	ssl.truststore.certificates = null
	ssl.truststore.location = null
	ssl.truststore.password = null
	ssl.truststore.type = JKS
	transaction.timeout.ms = 60000
	transactional.id = null
	value.serializer = class io.apicurio.registry.serde.protobuf.ProtobufKafkaSerializer

2025-08-13 02:23:55,232 INFO  [org.apa.kaf.com.tel.int.KafkaMetricsCollector] (main) initializing Kafka metrics collector
2025-08-13 02:23:55,236 INFO  [org.apa.kaf.cli.pro.KafkaProducer] (main) [Producer clientId=Producer-sabfa04e0xfdcbx4e5exb1fex67d16198ec78] Instantiated an idempotent producer.
2025-08-13 02:23:55,237 INFO  [org.apa.kaf.cli.pro.ProducerConfig] (main) These configurations '[apicurio.registry.find-latest, apicurio.registry.url, apicurio.registry.artifact-resolver-strategy]' were supplied but are not used yet.
2025-08-13 02:23:55,237 INFO  [org.apa.kaf.com.uti.AppInfoParser] (main) Kafka version: 3.9.1
2025-08-13 02:23:55,237 INFO  [org.apa.kaf.com.uti.AppInfoParser] (main) Kafka commitId: f745dfdcee2b9851
2025-08-13 02:23:55,237 INFO  [org.apa.kaf.com.uti.AppInfoParser] (main) Kafka startTimeMs: 1755051835237
2025-08-13 02:23:55,239 INFO  [io.api.tes.ser.api.KafkaSerdesTester] (Thread-809) Sending message header {
  time {
  }
}
d1: 1.755051835239E12
s1: "a"
i1: 123
bi1: 1
point {
  longitude: 22.0
  latitude: 22.0
  altitude: 1.0
}
 to topic sabfa04e0xfdcbx4e5exb1fex67d16198ec78
2025-08-13 02:23:55,241 INFO  [org.apa.kaf.cli.Metadata] (kafka-producer-network-thread | Producer-sabfa04e0xfdcbx4e5exb1fex67d16198ec78) [Producer clientId=Producer-sabfa04e0xfdcbx4e5exb1fex67d16198ec78] Cluster ID: pj3cISz0Q0OVF0qikwHveQ
2025-08-13 02:23:55,244 INFO  [org.apa.kaf.cli.pro.int.TransactionManager] (kafka-producer-network-thread | Producer-sabfa04e0xfdcbx4e5exb1fex67d16198ec78) [Producer clientId=Producer-sabfa04e0xfdcbx4e5exb1fex67d16198ec78] ProducerId set to 37 with epoch 0
2025-08-13 02:23:55,271 INFO  [org.apa.kaf.cli.pro.KafkaProducer] (Thread-809) [Producer clientId=Producer-sabfa04e0xfdcbx4e5exb1fex67d16198ec78] Closing the Kafka producer with timeoutMillis = 9223372036854775807 ms.
2025-08-13 02:23:55,275 INFO  [org.apa.kaf.com.met.Metrics] (Thread-809) Metrics scheduler closed
2025-08-13 02:23:55,275 INFO  [org.apa.kaf.com.met.Metrics] (Thread-809) Closing reporter org.apache.kafka.common.metrics.JmxReporter
2025-08-13 02:23:55,275 INFO  [org.apa.kaf.com.met.Metrics] (Thread-809) Closing reporter org.apache.kafka.common.telemetry.internals.ClientTelemetryReporter
2025-08-13 02:23:55,275 INFO  [org.apa.kaf.com.met.Metrics] (Thread-809) Metrics reporters closed
2025-08-13 02:23:55,275 INFO  [org.apa.kaf.com.uti.AppInfoParser] (Thread-809) App info kafka.producer for Producer-sabfa04e0xfdcbx4e5exb1fex67d16198ec78 unregistered
**** Registry Base URL: http://registry-app-ksql043.apps.ci419.apicurio-testing.org:80
2025-08-13 02:23:55,276 INFO  [org.apa.kaf.cli.pro.ProducerConfig] (main) ProducerConfig values: 
	acks = -1
	auto.include.jmx.reporter = true
	batch.size = 16384
	bootstrap.servers = [PLAINTEXT://localhost:32769]
	buffer.memory = 33554432
	client.dns.lookup = use_all_dns_ips
	client.id = Producer-sabfa04e0xfdcbx4e5exb1fex67d16198ec78
	compression.gzip.level = -1
	compression.lz4.level = 9
	compression.type = none
	compression.zstd.level = 3
	connections.max.idle.ms = 10000
	delivery.timeout.ms = 120000
	enable.idempotence = true
	enable.metrics.push = true
	interceptor.classes = []
	key.serializer = class org.apache.kafka.common.serialization.StringSerializer
	linger.ms = 0
	max.block.ms = 60000
	max.in.flight.requests.per.connection = 5
	max.request.size = 1048576
	metadata.max.age.ms = 300000
	metadata.max.idle.ms = 300000
	metadata.recovery.strategy = none
	metric.reporters = []
	metrics.num.samples = 2
	metrics.recording.level = INFO
	metrics.sample.window.ms = 30000
	partitioner.adaptive.partitioning.enable = true
	partitioner.availability.timeout.ms = 0
	partitioner.class = null
	partitioner.ignore.keys = false
	receive.buffer.bytes = 32768
	reconnect.backoff.max.ms = 1000
	reconnect.backoff.ms = 50
	request.timeout.ms = 5000
	retries = 2147483647
	retry.backoff.max.ms = 1000
	retry.backoff.ms = 100
	sasl.client.callback.handler.class = null
	sasl.jaas.config = null
	sasl.kerberos.kinit.cmd = /usr/bin/kinit
	sasl.kerberos.min.time.before.relogin = 60000
	sasl.kerberos.service.name = null
	sasl.kerberos.ticket.renew.jitter = 0.05
	sasl.kerberos.ticket.renew.window.factor = 0.8
	sasl.login.callback.handler.class = null
	sasl.login.class = null
	sasl.login.connect.timeout.ms = null
	sasl.login.read.timeout.ms = null
	sasl.login.refresh.buffer.seconds = 300
	sasl.login.refresh.min.period.seconds = 60
	sasl.login.refresh.window.factor = 0.8
	sasl.login.refresh.window.jitter = 0.05
	sasl.login.retry.backoff.max.ms = 10000
	sasl.login.retry.backoff.ms = 100
	sasl.mechanism = GSSAPI
	sasl.oauthbearer.clock.skew.seconds = 30
	sasl.oauthbearer.expected.audience = null
	sasl.oauthbearer.expected.issuer = null
	sasl.oauthbearer.header.urlencode = false
	sasl.oauthbearer.jwks.endpoint.refresh.ms = 3600000
	sasl.oauthbearer.jwks.endpoint.retry.backoff.max.ms = 10000
	sasl.oauthbearer.jwks.endpoint.retry.backoff.ms = 100
	sasl.oauthbearer.jwks.endpoint.url = null
	sasl.oauthbearer.scope.claim.name = scope
	sasl.oauthbearer.sub.claim.name = sub
	sasl.oauthbearer.token.endpoint.url = null
	security.protocol = PLAINTEXT
	security.providers = null
	send.buffer.bytes = 131072
	socket.connection.setup.timeout.max.ms = 30000
	socket.connection.setup.timeout.ms = 10000
	ssl.cipher.suites = null
	ssl.enabled.protocols = [TLSv1.2, TLSv1.3]
	ssl.endpoint.identification.algorithm = https
	ssl.engine.factory.class = null
	ssl.key.password = null
	ssl.keymanager.algorithm = SunX509
	ssl.keystore.certificate.chain = null
	ssl.keystore.key = null
	ssl.keystore.location = null
	ssl.keystore.password = null
	ssl.keystore.type = JKS
	ssl.protocol = TLSv1.3
	ssl.provider = null
	ssl.secure.random.implementation = null
	ssl.trustmanager.algorithm = PKIX
	ssl.truststore.certificates = null
	ssl.truststore.location = null
	ssl.truststore.password = null
	ssl.truststore.type = JKS
	transaction.timeout.ms = 60000
	transactional.id = null
	value.serializer = class io.apicurio.registry.serde.protobuf.ProtobufKafkaSerializer

2025-08-13 02:23:55,276 INFO  [org.apa.kaf.com.tel.int.KafkaMetricsCollector] (main) initializing Kafka metrics collector
2025-08-13 02:23:55,284 INFO  [org.apa.kaf.cli.pro.KafkaProducer] (main) [Producer clientId=Producer-sabfa04e0xfdcbx4e5exb1fex67d16198ec78] Instantiated an idempotent producer.
2025-08-13 02:23:55,288 INFO  [org.apa.kaf.cli.pro.ProducerConfig] (main) These configurations '[apicurio.registry.find-latest, apicurio.registry.url, apicurio.registry.headers.enabled, apicurio.registry.artifact-resolver-strategy]' were supplied but are not used yet.
2025-08-13 02:23:55,288 INFO  [org.apa.kaf.com.uti.AppInfoParser] (main) Kafka version: 3.9.1
2025-08-13 02:23:55,288 INFO  [org.apa.kaf.com.uti.AppInfoParser] (main) Kafka commitId: f745dfdcee2b9851
2025-08-13 02:23:55,288 INFO  [org.apa.kaf.com.uti.AppInfoParser] (main) Kafka startTimeMs: 1755051835288
2025-08-13 02:23:55,288 INFO  [io.api.tes.ser.api.SimpleSerdesTesterBuilder$SimpleSerdesTester] (main) Using producer configuration: {apicurio.registry.find-latest=true, apicurio.registry.url=http://registry-app-ksql043.apps.ci419.apicurio-testing.org:80/apis/registry/v3, apicurio.registry.headers.enabled=true, apicurio.registry.artifact-resolver-strategy=io.apicurio.registry.serde.strategy.TopicIdStrategy, value.serializer=io.apicurio.registry.serde.protobuf.ProtobufKafkaSerializer, request.timeout.ms=5000, acks=all, bootstrap.servers=PLAINTEXT://localhost:32769, connections.max.idle.ms=10000, key.serializer=org.apache.kafka.common.serialization.StringSerializer, client.id=Producer-sabfa04e0xfdcbx4e5exb1fex67d16198ec78}
2025-08-13 02:23:55,288 INFO  [io.api.tes.ser.api.SimpleSerdesTesterBuilder$SimpleSerdesTester] (main) Using consumer configuration: {apicurio.registry.headers.enabled=true}
2025-08-13 02:23:55,290 INFO  [org.apa.kaf.cli.Metadata] (kafka-producer-network-thread | Producer-sabfa04e0xfdcbx4e5exb1fex67d16198ec78) [Producer clientId=Producer-sabfa04e0xfdcbx4e5exb1fex67d16198ec78] Cluster ID: pj3cISz0Q0OVF0qikwHveQ
2025-08-13 02:23:55,290 INFO  [io.api.tes.ser.api.KafkaSerdesTester] (Thread-812) Sending message msb: 1755051835289
lsb: 321
 to topic sabfa04e0xfdcbx4e5exb1fex67d16198ec78
2025-08-13 02:23:55,290 INFO  [org.apa.kaf.cli.pro.int.TransactionManager] (kafka-producer-network-thread | Producer-sabfa04e0xfdcbx4e5exb1fex67d16198ec78) [Producer clientId=Producer-sabfa04e0xfdcbx4e5exb1fex67d16198ec78] ProducerId set to 38 with epoch 0
2025-08-13 02:23:55,329 INFO  [io.api.tes.ser.api.KafkaSerdesTester] (Thread-812) Sending message msb: 1755051835329
lsb: 321
 to topic sabfa04e0xfdcbx4e5exb1fex67d16198ec78
2025-08-13 02:23:55,331 INFO  [io.api.tes.ser.api.KafkaSerdesTester] (Thread-812) Sending message msb: 1755051835331
lsb: 321
 to topic sabfa04e0xfdcbx4e5exb1fex67d16198ec78
2025-08-13 02:23:55,332 INFO  [io.api.tes.ser.api.KafkaSerdesTester] (Thread-812) Sending message msb: 1755051835332
lsb: 321
 to topic sabfa04e0xfdcbx4e5exb1fex67d16198ec78
2025-08-13 02:23:55,333 INFO  [io.api.tes.ser.api.KafkaSerdesTester] (Thread-812) Sending message msb: 1755051835333
lsb: 321
 to topic sabfa04e0xfdcbx4e5exb1fex67d16198ec78
2025-08-13 02:23:55,334 INFO  [io.api.tes.ser.api.KafkaSerdesTester] (Thread-812) Sending message msb: 1755051835334
lsb: 321
 to topic sabfa04e0xfdcbx4e5exb1fex67d16198ec78
2025-08-13 02:23:55,336 INFO  [io.api.tes.ser.api.KafkaSerdesTester] (Thread-812) Sending message msb: 1755051835336
lsb: 321
 to topic sabfa04e0xfdcbx4e5exb1fex67d16198ec78
2025-08-13 02:23:55,337 INFO  [io.api.tes.ser.api.KafkaSerdesTester] (Thread-812) Sending message msb: 1755051835337
lsb: 321
 to topic sabfa04e0xfdcbx4e5exb1fex67d16198ec78
2025-08-13 02:23:55,338 INFO  [io.api.tes.ser.api.KafkaSerdesTester] (Thread-812) Sending message msb: 1755051835338
lsb: 321
 to topic sabfa04e0xfdcbx4e5exb1fex67d16198ec78
2025-08-13 02:23:55,339 INFO  [io.api.tes.ser.api.KafkaSerdesTester] (Thread-812) Sending message msb: 1755051835339
lsb: 321
 to topic sabfa04e0xfdcbx4e5exb1fex67d16198ec78
2025-08-13 02:23:55,341 INFO  [io.api.tes.ser.api.KafkaSerdesTester] (Thread-812) Produced 10 messages
2025-08-13 02:23:55,341 INFO  [org.apa.kaf.cli.pro.KafkaProducer] (Thread-812) [Producer clientId=Producer-sabfa04e0xfdcbx4e5exb1fex67d16198ec78] Closing the Kafka producer with timeoutMillis = 9223372036854775807 ms.
2025-08-13 02:23:55,343 INFO  [org.apa.kaf.com.met.Metrics] (Thread-812) Metrics scheduler closed
2025-08-13 02:23:55,343 INFO  [org.apa.kaf.com.met.Metrics] (Thread-812) Closing reporter org.apache.kafka.common.metrics.JmxReporter
2025-08-13 02:23:55,343 INFO  [org.apa.kaf.com.met.Metrics] (Thread-812) Closing reporter org.apache.kafka.common.telemetry.internals.ClientTelemetryReporter
2025-08-13 02:23:55,343 INFO  [org.apa.kaf.com.met.Metrics] (Thread-812) Metrics reporters closed
2025-08-13 02:23:55,344 INFO  [org.apa.kaf.com.uti.AppInfoParser] (Thread-812) App info kafka.producer for Producer-sabfa04e0xfdcbx4e5exb1fex67d16198ec78 unregistered
**** Registry Base URL: http://registry-app-ksql043.apps.ci419.apicurio-testing.org:80
2025-08-13 02:23:55,344 INFO  [org.apa.kaf.cli.con.ConsumerConfig] (main) ConsumerConfig values: 
	allow.auto.create.topics = true
	auto.commit.interval.ms = 500
	auto.include.jmx.reporter = true
	auto.offset.reset = earliest
	bootstrap.servers = [PLAINTEXT://localhost:32769]
	check.crcs = true
	client.dns.lookup = use_all_dns_ips
	client.id = consumer-Consumer-sabfa04e0xfdcbx4e5exb1fex67d16198ec78-28
	client.rack = 
	connections.max.idle.ms = 10000
	default.api.timeout.ms = 60000
	enable.auto.commit = true
	enable.metrics.push = true
	exclude.internal.topics = true
	fetch.max.bytes = 52428800
	fetch.max.wait.ms = 500
	fetch.min.bytes = 1
	group.id = Consumer-sabfa04e0xfdcbx4e5exb1fex67d16198ec78
	group.instance.id = null
	group.protocol = classic
	group.remote.assignor = null
	heartbeat.interval.ms = 3000
	interceptor.classes = []
	internal.leave.group.on.close = true
	internal.throw.on.fetch.stable.offset.unsupported = false
	isolation.level = read_uncommitted
	key.deserializer = class org.apache.kafka.common.serialization.StringDeserializer
	max.partition.fetch.bytes = 1048576
	max.poll.interval.ms = 300000
	max.poll.records = 500
	metadata.max.age.ms = 300000
	metadata.recovery.strategy = none
	metric.reporters = []
	metrics.num.samples = 2
	metrics.recording.level = INFO
	metrics.sample.window.ms = 30000
	partition.assignment.strategy = [class org.apache.kafka.clients.consumer.RangeAssignor, class org.apache.kafka.clients.consumer.CooperativeStickyAssignor]
	receive.buffer.bytes = 65536
	reconnect.backoff.max.ms = 1000
	reconnect.backoff.ms = 50
	request.timeout.ms = 5000
	retry.backoff.max.ms = 1000
	retry.backoff.ms = 100
	sasl.client.callback.handler.class = null
	sasl.jaas.config = null
	sasl.kerberos.kinit.cmd = /usr/bin/kinit
	sasl.kerberos.min.time.before.relogin = 60000
	sasl.kerberos.service.name = null
	sasl.kerberos.ticket.renew.jitter = 0.05
	sasl.kerberos.ticket.renew.window.factor = 0.8
	sasl.login.callback.handler.class = null
	sasl.login.class = null
	sasl.login.connect.timeout.ms = null
	sasl.login.read.timeout.ms = null
	sasl.login.refresh.buffer.seconds = 300
	sasl.login.refresh.min.period.seconds = 60
	sasl.login.refresh.window.factor = 0.8
	sasl.login.refresh.window.jitter = 0.05
	sasl.login.retry.backoff.max.ms = 10000
	sasl.login.retry.backoff.ms = 100
	sasl.mechanism = GSSAPI
	sasl.oauthbearer.clock.skew.seconds = 30
	sasl.oauthbearer.expected.audience = null
	sasl.oauthbearer.expected.issuer = null
	sasl.oauthbearer.header.urlencode = false
	sasl.oauthbearer.jwks.endpoint.refresh.ms = 3600000
	sasl.oauthbearer.jwks.endpoint.retry.backoff.max.ms = 10000
	sasl.oauthbearer.jwks.endpoint.retry.backoff.ms = 100
	sasl.oauthbearer.jwks.endpoint.url = null
	sasl.oauthbearer.scope.claim.name = scope
	sasl.oauthbearer.sub.claim.name = sub
	sasl.oauthbearer.token.endpoint.url = null
	security.protocol = PLAINTEXT
	security.providers = null
	send.buffer.bytes = 131072
	session.timeout.ms = 45000
	socket.connection.setup.timeout.max.ms = 30000
	socket.connection.setup.timeout.ms = 10000
	ssl.cipher.suites = null
	ssl.enabled.protocols = [TLSv1.2, TLSv1.3]
	ssl.endpoint.identification.algorithm = https
	ssl.engine.factory.class = null
	ssl.key.password = null
	ssl.keymanager.algorithm = SunX509
	ssl.keystore.certificate.chain = null
	ssl.keystore.key = null
	ssl.keystore.location = null
	ssl.keystore.password = null
	ssl.keystore.type = JKS
	ssl.protocol = TLSv1.3
	ssl.provider = null
	ssl.secure.random.implementation = null
	ssl.trustmanager.algorithm = PKIX
	ssl.truststore.certificates = null
	ssl.truststore.location = null
	ssl.truststore.password = null
	ssl.truststore.type = JKS
	value.deserializer = class io.apicurio.registry.serde.protobuf.ProtobufKafkaDeserializer

2025-08-13 02:23:55,344 INFO  [org.apa.kaf.com.tel.int.KafkaMetricsCollector] (main) initializing Kafka metrics collector
2025-08-13 02:23:55,353 INFO  [org.apa.kaf.cli.con.ConsumerConfig] (main) These configurations '[apicurio.registry.url, apicurio.registry.headers.enabled]' were supplied but are not used yet.
2025-08-13 02:23:55,354 INFO  [org.apa.kaf.com.uti.AppInfoParser] (main) Kafka version: 3.9.1
2025-08-13 02:23:55,354 INFO  [org.apa.kaf.com.uti.AppInfoParser] (main) Kafka commitId: f745dfdcee2b9851
2025-08-13 02:23:55,354 INFO  [org.apa.kaf.com.uti.AppInfoParser] (main) Kafka startTimeMs: 1755051835354
2025-08-13 02:23:55,355 INFO  [org.apa.kaf.cli.con.int.ClassicKafkaConsumer] (Thread-815) [Consumer clientId=consumer-Consumer-sabfa04e0xfdcbx4e5exb1fex67d16198ec78-28, groupId=Consumer-sabfa04e0xfdcbx4e5exb1fex67d16198ec78] Subscribed to topic(s): sabfa04e0xfdcbx4e5exb1fex67d16198ec78
2025-08-13 02:23:55,359 INFO  [org.apa.kaf.cli.Metadata] (Thread-815) [Consumer clientId=consumer-Consumer-sabfa04e0xfdcbx4e5exb1fex67d16198ec78-28, groupId=Consumer-sabfa04e0xfdcbx4e5exb1fex67d16198ec78] Cluster ID: pj3cISz0Q0OVF0qikwHveQ
2025-08-13 02:23:55,361 INFO  [org.apa.kaf.cli.con.int.ConsumerCoordinator] (Thread-815) [Consumer clientId=consumer-Consumer-sabfa04e0xfdcbx4e5exb1fex67d16198ec78-28, groupId=Consumer-sabfa04e0xfdcbx4e5exb1fex67d16198ec78] Discovered group coordinator localhost:32769 (id: 2147483647 rack: null)
2025-08-13 02:23:55,363 INFO  [org.apa.kaf.cli.con.int.ConsumerCoordinator] (Thread-815) [Consumer clientId=consumer-Consumer-sabfa04e0xfdcbx4e5exb1fex67d16198ec78-28, groupId=Consumer-sabfa04e0xfdcbx4e5exb1fex67d16198ec78] (Re-)joining group
2025-08-13 02:23:55,366 INFO  [org.apa.kaf.cli.con.int.ConsumerCoordinator] (Thread-815) [Consumer clientId=consumer-Consumer-sabfa04e0xfdcbx4e5exb1fex67d16198ec78-28, groupId=Consumer-sabfa04e0xfdcbx4e5exb1fex67d16198ec78] Request joining group due to: need to re-join with the given member-id: consumer-Consumer-sabfa04e0xfdcbx4e5exb1fex67d16198ec78-28-4dd32313-1b35-4923-b234-d589e74889e6
2025-08-13 02:23:55,366 INFO  [org.apa.kaf.cli.con.int.ConsumerCoordinator] (Thread-815) [Consumer clientId=consumer-Consumer-sabfa04e0xfdcbx4e5exb1fex67d16198ec78-28, groupId=Consumer-sabfa04e0xfdcbx4e5exb1fex67d16198ec78] (Re-)joining group
2025-08-13 02:23:56,355 INFO  [io.api.tes.ser.api.KafkaSerdesTester] (Thread-815) None found
2025-08-13 02:23:57,355 INFO  [io.api.tes.ser.api.KafkaSerdesTester] (Thread-815) None found
2025-08-13 02:23:58,356 INFO  [io.api.tes.ser.api.KafkaSerdesTester] (Thread-815) None found
2025-08-13 02:23:58,368 INFO  [org.apa.kaf.cli.con.int.ConsumerCoordinator] (Thread-815) [Consumer clientId=consumer-Consumer-sabfa04e0xfdcbx4e5exb1fex67d16198ec78-28, groupId=Consumer-sabfa04e0xfdcbx4e5exb1fex67d16198ec78] Successfully joined group with generation Generation{generationId=7, memberId='consumer-Consumer-sabfa04e0xfdcbx4e5exb1fex67d16198ec78-28-4dd32313-1b35-4923-b234-d589e74889e6', protocol='range'}
2025-08-13 02:23:58,369 INFO  [org.apa.kaf.cli.con.int.ConsumerCoordinator] (Thread-815) [Consumer clientId=consumer-Consumer-sabfa04e0xfdcbx4e5exb1fex67d16198ec78-28, groupId=Consumer-sabfa04e0xfdcbx4e5exb1fex67d16198ec78] Finished assignment for group at generation 7: {consumer-Consumer-sabfa04e0xfdcbx4e5exb1fex67d16198ec78-28-4dd32313-1b35-4923-b234-d589e74889e6=Assignment(partitions=[sabfa04e0xfdcbx4e5exb1fex67d16198ec78-0])}
2025-08-13 02:23:58,375 INFO  [org.apa.kaf.cli.con.int.ConsumerCoordinator] (Thread-815) [Consumer clientId=consumer-Consumer-sabfa04e0xfdcbx4e5exb1fex67d16198ec78-28, groupId=Consumer-sabfa04e0xfdcbx4e5exb1fex67d16198ec78] Successfully synced group in generation Generation{generationId=7, memberId='consumer-Consumer-sabfa04e0xfdcbx4e5exb1fex67d16198ec78-28-4dd32313-1b35-4923-b234-d589e74889e6', protocol='range'}
2025-08-13 02:23:58,375 INFO  [org.apa.kaf.cli.con.int.ConsumerCoordinator] (Thread-815) [Consumer clientId=consumer-Consumer-sabfa04e0xfdcbx4e5exb1fex67d16198ec78-28, groupId=Consumer-sabfa04e0xfdcbx4e5exb1fex67d16198ec78] Notifying assignor about the new Assignment(partitions=[sabfa04e0xfdcbx4e5exb1fex67d16198ec78-0])
2025-08-13 02:23:58,375 INFO  [org.apa.kaf.cli.con.int.ConsumerRebalanceListenerInvoker] (Thread-815) [Consumer clientId=consumer-Consumer-sabfa04e0xfdcbx4e5exb1fex67d16198ec78-28, groupId=Consumer-sabfa04e0xfdcbx4e5exb1fex67d16198ec78] Adding newly assigned partitions: sabfa04e0xfdcbx4e5exb1fex67d16198ec78-0
2025-08-13 02:23:58,376 INFO  [org.apa.kaf.cli.con.int.ConsumerUtils] (Thread-815) Setting offset for partition sabfa04e0xfdcbx4e5exb1fex67d16198ec78-0 to the committed offset FetchPosition{offset=30, offsetEpoch=Optional[0], currentLeader=LeaderAndEpoch{leader=Optional[localhost:32769 (id: 0 rack: null)], epoch=0}}
2025-08-13 02:23:58,406 INFO  [io.api.tes.ser.api.KafkaSerdesTester] (Thread-815) sabfa04e0xfdcbx4e5exb1fex67d16198ec78 0 30 msb: 1755051835289
lsb: 321

2025-08-13 02:23:58,407 INFO  [io.api.tes.ser.api.KafkaSerdesTester] (Thread-815) sabfa04e0xfdcbx4e5exb1fex67d16198ec78 0 31 msb: 1755051835329
lsb: 321

2025-08-13 02:23:58,407 INFO  [io.api.tes.ser.api.KafkaSerdesTester] (Thread-815) sabfa04e0xfdcbx4e5exb1fex67d16198ec78 0 32 msb: 1755051835331
lsb: 321

2025-08-13 02:23:58,407 INFO  [io.api.tes.ser.api.KafkaSerdesTester] (Thread-815) sabfa04e0xfdcbx4e5exb1fex67d16198ec78 0 33 msb: 1755051835332
lsb: 321

2025-08-13 02:23:58,407 INFO  [io.api.tes.ser.api.KafkaSerdesTester] (Thread-815) sabfa04e0xfdcbx4e5exb1fex67d16198ec78 0 34 msb: 1755051835333
lsb: 321

2025-08-13 02:23:58,407 INFO  [io.api.tes.ser.api.KafkaSerdesTester] (Thread-815) sabfa04e0xfdcbx4e5exb1fex67d16198ec78 0 35 msb: 1755051835334
lsb: 321

2025-08-13 02:23:58,407 INFO  [io.api.tes.ser.api.KafkaSerdesTester] (Thread-815) sabfa04e0xfdcbx4e5exb1fex67d16198ec78 0 36 msb: 1755051835336
lsb: 321

2025-08-13 02:23:58,408 INFO  [io.api.tes.ser.api.KafkaSerdesTester] (Thread-815) sabfa04e0xfdcbx4e5exb1fex67d16198ec78 0 37 msb: 1755051835337
lsb: 321

2025-08-13 02:23:58,408 INFO  [io.api.tes.ser.api.KafkaSerdesTester] (Thread-815) sabfa04e0xfdcbx4e5exb1fex67d16198ec78 0 38 msb: 1755051835338
lsb: 321

2025-08-13 02:23:58,408 INFO  [io.api.tes.ser.api.KafkaSerdesTester] (Thread-815) sabfa04e0xfdcbx4e5exb1fex67d16198ec78 0 39 msb: 1755051835339
lsb: 321

2025-08-13 02:23:58,408 INFO  [io.api.tes.ser.api.KafkaSerdesTester] (Thread-815) Consumed 10 messages
2025-08-13 02:23:58,415 INFO  [org.apa.kaf.cli.con.int.ConsumerRebalanceListenerInvoker] (Thread-815) [Consumer clientId=consumer-Consumer-sabfa04e0xfdcbx4e5exb1fex67d16198ec78-28, groupId=Consumer-sabfa04e0xfdcbx4e5exb1fex67d16198ec78] Revoke previously assigned partitions sabfa04e0xfdcbx4e5exb1fex67d16198ec78-0
2025-08-13 02:23:58,415 INFO  [org.apa.kaf.cli.con.int.ConsumerCoordinator] (Thread-815) [Consumer clientId=consumer-Consumer-sabfa04e0xfdcbx4e5exb1fex67d16198ec78-28, groupId=Consumer-sabfa04e0xfdcbx4e5exb1fex67d16198ec78] Member consumer-Consumer-sabfa04e0xfdcbx4e5exb1fex67d16198ec78-28-4dd32313-1b35-4923-b234-d589e74889e6 sending LeaveGroup request to coordinator localhost:32769 (id: 2147483647 rack: null) due to the consumer is being closed
2025-08-13 02:23:58,416 INFO  [org.apa.kaf.cli.con.int.ConsumerCoordinator] (Thread-815) [Consumer clientId=consumer-Consumer-sabfa04e0xfdcbx4e5exb1fex67d16198ec78-28, groupId=Consumer-sabfa04e0xfdcbx4e5exb1fex67d16198ec78] Resetting generation and member id due to: consumer pro-actively leaving the group
2025-08-13 02:23:58,416 INFO  [org.apa.kaf.cli.con.int.ConsumerCoordinator] (Thread-815) [Consumer clientId=consumer-Consumer-sabfa04e0xfdcbx4e5exb1fex67d16198ec78-28, groupId=Consumer-sabfa04e0xfdcbx4e5exb1fex67d16198ec78] Request joining group due to: consumer pro-actively leaving the group
2025-08-13 02:23:58,908 INFO  [org.apa.kaf.com.met.Metrics] (Thread-815) Metrics scheduler closed
2025-08-13 02:23:58,909 INFO  [org.apa.kaf.com.met.Metrics] (Thread-815) Closing reporter org.apache.kafka.common.metrics.JmxReporter
2025-08-13 02:23:58,909 INFO  [org.apa.kaf.com.met.Metrics] (Thread-815) Closing reporter org.apache.kafka.common.telemetry.internals.ClientTelemetryReporter
2025-08-13 02:23:58,909 INFO  [org.apa.kaf.com.met.Metrics] (Thread-815) Metrics reporters closed
2025-08-13 02:23:58,910 INFO  [org.apa.kaf.com.uti.AppInfoParser] (Thread-815) App info kafka.consumer for consumer-Consumer-sabfa04e0xfdcbx4e5exb1fex67d16198ec78-28 unregistered
**** Registry Base URL: http://registry-app-ksql043.apps.ci419.apicurio-testing.org:80
2025-08-13 02:23:58,911 INFO  [org.apa.kaf.cli.pro.ProducerConfig] (main) ProducerConfig values: 
	acks = -1
	auto.include.jmx.reporter = true
	batch.size = 16384
	bootstrap.servers = [PLAINTEXT://localhost:32769]
	buffer.memory = 33554432
	client.dns.lookup = use_all_dns_ips
	client.id = Producer-sabfa04e0xfdcbx4e5exb1fex67d16198ec78
	compression.gzip.level = -1
	compression.lz4.level = 9
	compression.type = none
	compression.zstd.level = 3
	connections.max.idle.ms = 10000
	delivery.timeout.ms = 120000
	enable.idempotence = true
	enable.metrics.push = true
	interceptor.classes = []
	key.serializer = class org.apache.kafka.common.serialization.StringSerializer
	linger.ms = 0
	max.block.ms = 60000
	max.in.flight.requests.per.connection = 5
	max.request.size = 1048576
	metadata.max.age.ms = 300000
	metadata.max.idle.ms = 300000
	metadata.recovery.strategy = none
	metric.reporters = []
	metrics.num.samples = 2
	metrics.recording.level = INFO
	metrics.sample.window.ms = 30000
	partitioner.adaptive.partitioning.enable = true
	partitioner.availability.timeout.ms = 0
	partitioner.class = null
	partitioner.ignore.keys = false
	receive.buffer.bytes = 32768
	reconnect.backoff.max.ms = 1000
	reconnect.backoff.ms = 50
	request.timeout.ms = 5000
	retries = 2147483647
	retry.backoff.max.ms = 1000
	retry.backoff.ms = 100
	sasl.client.callback.handler.class = null
	sasl.jaas.config = null
	sasl.kerberos.kinit.cmd = /usr/bin/kinit
	sasl.kerberos.min.time.before.relogin = 60000
	sasl.kerberos.service.name = null
	sasl.kerberos.ticket.renew.jitter = 0.05
	sasl.kerberos.ticket.renew.window.factor = 0.8
	sasl.login.callback.handler.class = null
	sasl.login.class = null
	sasl.login.connect.timeout.ms = null
	sasl.login.read.timeout.ms = null
	sasl.login.refresh.buffer.seconds = 300
	sasl.login.refresh.min.period.seconds = 60
	sasl.login.refresh.window.factor = 0.8
	sasl.login.refresh.window.jitter = 0.05
	sasl.login.retry.backoff.max.ms = 10000
	sasl.login.retry.backoff.ms = 100
	sasl.mechanism = GSSAPI
	sasl.oauthbearer.clock.skew.seconds = 30
	sasl.oauthbearer.expected.audience = null
	sasl.oauthbearer.expected.issuer = null
	sasl.oauthbearer.header.urlencode = false
	sasl.oauthbearer.jwks.endpoint.refresh.ms = 3600000
	sasl.oauthbearer.jwks.endpoint.retry.backoff.max.ms = 10000
	sasl.oauthbearer.jwks.endpoint.retry.backoff.ms = 100
	sasl.oauthbearer.jwks.endpoint.url = null
	sasl.oauthbearer.scope.claim.name = scope
	sasl.oauthbearer.sub.claim.name = sub
	sasl.oauthbearer.token.endpoint.url = null
	security.protocol = PLAINTEXT
	security.providers = null
	send.buffer.bytes = 131072
	socket.connection.setup.timeout.max.ms = 30000
	socket.connection.setup.timeout.ms = 10000
	ssl.cipher.suites = null
	ssl.enabled.protocols = [TLSv1.2, TLSv1.3]
	ssl.endpoint.identification.algorithm = https
	ssl.engine.factory.class = null
	ssl.key.password = null
	ssl.keymanager.algorithm = SunX509
	ssl.keystore.certificate.chain = null
	ssl.keystore.key = null
	ssl.keystore.location = null
	ssl.keystore.password = null
	ssl.keystore.type = JKS
	ssl.protocol = TLSv1.3
	ssl.provider = null
	ssl.secure.random.implementation = null
	ssl.trustmanager.algorithm = PKIX
	ssl.truststore.certificates = null
	ssl.truststore.location = null
	ssl.truststore.password = null
	ssl.truststore.type = JKS
	transaction.timeout.ms = 60000
	transactional.id = null
	value.serializer = class io.apicurio.registry.serde.protobuf.ProtobufKafkaSerializer

2025-08-13 02:23:58,911 INFO  [org.apa.kaf.com.tel.int.KafkaMetricsCollector] (main) initializing Kafka metrics collector
2025-08-13 02:23:58,914 INFO  [org.apa.kaf.cli.pro.KafkaProducer] (main) [Producer clientId=Producer-sabfa04e0xfdcbx4e5exb1fex67d16198ec78] Instantiated an idempotent producer.
2025-08-13 02:23:58,916 INFO  [org.apa.kaf.cli.pro.ProducerConfig] (main) These configurations '[apicurio.registry.url, apicurio.registry.headers.enabled, apicurio.registry.artifact-resolver-strategy, apicurio.registry.artifact.version]' were supplied but are not used yet.
2025-08-13 02:23:58,916 INFO  [org.apa.kaf.com.uti.AppInfoParser] (main) Kafka version: 3.9.1
2025-08-13 02:23:58,916 INFO  [org.apa.kaf.com.uti.AppInfoParser] (main) Kafka commitId: f745dfdcee2b9851
2025-08-13 02:23:58,916 INFO  [org.apa.kaf.com.uti.AppInfoParser] (main) Kafka startTimeMs: 1755051838916
2025-08-13 02:23:58,917 INFO  [io.api.tes.ser.api.SimpleSerdesTesterBuilder$SimpleSerdesTester] (main) Using producer configuration: {apicurio.registry.url=http://registry-app-ksql043.apps.ci419.apicurio-testing.org:80/apis/registry/v3, apicurio.registry.headers.enabled=true, apicurio.registry.artifact-resolver-strategy=io.apicurio.registry.serde.strategy.TopicIdStrategy, value.serializer=io.apicurio.registry.serde.protobuf.ProtobufKafkaSerializer, request.timeout.ms=5000, acks=all, bootstrap.servers=PLAINTEXT://localhost:32769, connections.max.idle.ms=10000, apicurio.registry.artifact.version=2, key.serializer=org.apache.kafka.common.serialization.StringSerializer, client.id=Producer-sabfa04e0xfdcbx4e5exb1fex67d16198ec78}
2025-08-13 02:23:58,917 INFO  [io.api.tes.ser.api.SimpleSerdesTesterBuilder$SimpleSerdesTester] (main) Using consumer configuration: {apicurio.registry.headers.enabled=true}
2025-08-13 02:23:58,917 INFO  [io.api.tes.ser.api.KafkaSerdesTester] (Thread-818) Sending message msb: 1755051838917
lsb: 321
 to topic sabfa04e0xfdcbx4e5exb1fex67d16198ec78
2025-08-13 02:23:58,919 INFO  [org.apa.kaf.cli.Metadata] (kafka-producer-network-thread | Producer-sabfa04e0xfdcbx4e5exb1fex67d16198ec78) [Producer clientId=Producer-sabfa04e0xfdcbx4e5exb1fex67d16198ec78] Cluster ID: pj3cISz0Q0OVF0qikwHveQ
2025-08-13 02:23:58,919 INFO  [org.apa.kaf.cli.pro.int.TransactionManager] (kafka-producer-network-thread | Producer-sabfa04e0xfdcbx4e5exb1fex67d16198ec78) [Producer clientId=Producer-sabfa04e0xfdcbx4e5exb1fex67d16198ec78] ProducerId set to 39 with epoch 0
2025-08-13 02:23:58,954 INFO  [io.api.tes.ser.api.KafkaSerdesTester] (Thread-818) Sending message msb: 1755051838954
lsb: 321
 to topic sabfa04e0xfdcbx4e5exb1fex67d16198ec78
2025-08-13 02:23:58,956 INFO  [io.api.tes.ser.api.KafkaSerdesTester] (Thread-818) Sending message msb: 1755051838956
lsb: 321
 to topic sabfa04e0xfdcbx4e5exb1fex67d16198ec78
2025-08-13 02:23:58,957 INFO  [io.api.tes.ser.api.KafkaSerdesTester] (Thread-818) Sending message msb: 1755051838957
lsb: 321
 to topic sabfa04e0xfdcbx4e5exb1fex67d16198ec78
2025-08-13 02:23:58,958 INFO  [io.api.tes.ser.api.KafkaSerdesTester] (Thread-818) Sending message msb: 1755051838958
lsb: 321
 to topic sabfa04e0xfdcbx4e5exb1fex67d16198ec78
2025-08-13 02:23:58,959 INFO  [io.api.tes.ser.api.KafkaSerdesTester] (Thread-818) Sending message msb: 1755051838959
lsb: 321
 to topic sabfa04e0xfdcbx4e5exb1fex67d16198ec78
2025-08-13 02:23:58,961 INFO  [io.api.tes.ser.api.KafkaSerdesTester] (Thread-818) Sending message msb: 1755051838961
lsb: 321
 to topic sabfa04e0xfdcbx4e5exb1fex67d16198ec78
2025-08-13 02:23:58,962 INFO  [io.api.tes.ser.api.KafkaSerdesTester] (Thread-818) Sending message msb: 1755051838962
lsb: 321
 to topic sabfa04e0xfdcbx4e5exb1fex67d16198ec78
2025-08-13 02:23:58,963 INFO  [io.api.tes.ser.api.KafkaSerdesTester] (Thread-818) Sending message msb: 1755051838963
lsb: 321
 to topic sabfa04e0xfdcbx4e5exb1fex67d16198ec78
2025-08-13 02:23:58,965 INFO  [io.api.tes.ser.api.KafkaSerdesTester] (Thread-818) Sending message msb: 1755051838965
lsb: 321
 to topic sabfa04e0xfdcbx4e5exb1fex67d16198ec78
2025-08-13 02:23:58,966 INFO  [io.api.tes.ser.api.KafkaSerdesTester] (Thread-818) Produced 10 messages
2025-08-13 02:23:58,966 INFO  [org.apa.kaf.cli.pro.KafkaProducer] (Thread-818) [Producer clientId=Producer-sabfa04e0xfdcbx4e5exb1fex67d16198ec78] Closing the Kafka producer with timeoutMillis = 9223372036854775807 ms.
2025-08-13 02:23:58,968 INFO  [org.apa.kaf.com.met.Metrics] (Thread-818) Metrics scheduler closed
2025-08-13 02:23:58,968 INFO  [org.apa.kaf.com.met.Metrics] (Thread-818) Closing reporter org.apache.kafka.common.metrics.JmxReporter
2025-08-13 02:23:58,968 INFO  [org.apa.kaf.com.met.Metrics] (Thread-818) Closing reporter org.apache.kafka.common.telemetry.internals.ClientTelemetryReporter
2025-08-13 02:23:58,968 INFO  [org.apa.kaf.com.met.Metrics] (Thread-818) Metrics reporters closed
2025-08-13 02:23:58,968 INFO  [org.apa.kaf.com.uti.AppInfoParser] (Thread-818) App info kafka.producer for Producer-sabfa04e0xfdcbx4e5exb1fex67d16198ec78 unregistered
**** Registry Base URL: http://registry-app-ksql043.apps.ci419.apicurio-testing.org:80
2025-08-13 02:23:58,969 INFO  [org.apa.kaf.cli.con.ConsumerConfig] (main) ConsumerConfig values: 
	allow.auto.create.topics = true
	auto.commit.interval.ms = 500
	auto.include.jmx.reporter = true
	auto.offset.reset = earliest
	bootstrap.servers = [PLAINTEXT://localhost:32769]
	check.crcs = true
	client.dns.lookup = use_all_dns_ips
	client.id = consumer-Consumer-sabfa04e0xfdcbx4e5exb1fex67d16198ec78-29
	client.rack = 
	connections.max.idle.ms = 10000
	default.api.timeout.ms = 60000
	enable.auto.commit = true
	enable.metrics.push = true
	exclude.internal.topics = true
	fetch.max.bytes = 52428800
	fetch.max.wait.ms = 500
	fetch.min.bytes = 1
	group.id = Consumer-sabfa04e0xfdcbx4e5exb1fex67d16198ec78
	group.instance.id = null
	group.protocol = classic
	group.remote.assignor = null
	heartbeat.interval.ms = 3000
	interceptor.classes = []
	internal.leave.group.on.close = true
	internal.throw.on.fetch.stable.offset.unsupported = false
	isolation.level = read_uncommitted
	key.deserializer = class org.apache.kafka.common.serialization.StringDeserializer
	max.partition.fetch.bytes = 1048576
	max.poll.interval.ms = 300000
	max.poll.records = 500
	metadata.max.age.ms = 300000
	metadata.recovery.strategy = none
	metric.reporters = []
	metrics.num.samples = 2
	metrics.recording.level = INFO
	metrics.sample.window.ms = 30000
	partition.assignment.strategy = [class org.apache.kafka.clients.consumer.RangeAssignor, class org.apache.kafka.clients.consumer.CooperativeStickyAssignor]
	receive.buffer.bytes = 65536
	reconnect.backoff.max.ms = 1000
	reconnect.backoff.ms = 50
	request.timeout.ms = 5000
	retry.backoff.max.ms = 1000
	retry.backoff.ms = 100
	sasl.client.callback.handler.class = null
	sasl.jaas.config = null
	sasl.kerberos.kinit.cmd = /usr/bin/kinit
	sasl.kerberos.min.time.before.relogin = 60000
	sasl.kerberos.service.name = null
	sasl.kerberos.ticket.renew.jitter = 0.05
	sasl.kerberos.ticket.renew.window.factor = 0.8
	sasl.login.callback.handler.class = null
	sasl.login.class = null
	sasl.login.connect.timeout.ms = null
	sasl.login.read.timeout.ms = null
	sasl.login.refresh.buffer.seconds = 300
	sasl.login.refresh.min.period.seconds = 60
	sasl.login.refresh.window.factor = 0.8
	sasl.login.refresh.window.jitter = 0.05
	sasl.login.retry.backoff.max.ms = 10000
	sasl.login.retry.backoff.ms = 100
	sasl.mechanism = GSSAPI
	sasl.oauthbearer.clock.skew.seconds = 30
	sasl.oauthbearer.expected.audience = null
	sasl.oauthbearer.expected.issuer = null
	sasl.oauthbearer.header.urlencode = false
	sasl.oauthbearer.jwks.endpoint.refresh.ms = 3600000
	sasl.oauthbearer.jwks.endpoint.retry.backoff.max.ms = 10000
	sasl.oauthbearer.jwks.endpoint.retry.backoff.ms = 100
	sasl.oauthbearer.jwks.endpoint.url = null
	sasl.oauthbearer.scope.claim.name = scope
	sasl.oauthbearer.sub.claim.name = sub
	sasl.oauthbearer.token.endpoint.url = null
	security.protocol = PLAINTEXT
	security.providers = null
	send.buffer.bytes = 131072
	session.timeout.ms = 45000
	socket.connection.setup.timeout.max.ms = 30000
	socket.connection.setup.timeout.ms = 10000
	ssl.cipher.suites = null
	ssl.enabled.protocols = [TLSv1.2, TLSv1.3]
	ssl.endpoint.identification.algorithm = https
	ssl.engine.factory.class = null
	ssl.key.password = null
	ssl.keymanager.algorithm = SunX509
	ssl.keystore.certificate.chain = null
	ssl.keystore.key = null
	ssl.keystore.location = null
	ssl.keystore.password = null
	ssl.keystore.type = JKS
	ssl.protocol = TLSv1.3
	ssl.provider = null
	ssl.secure.random.implementation = null
	ssl.trustmanager.algorithm = PKIX
	ssl.truststore.certificates = null
	ssl.truststore.location = null
	ssl.truststore.password = null
	ssl.truststore.type = JKS
	value.deserializer = class io.apicurio.registry.serde.protobuf.ProtobufKafkaDeserializer

2025-08-13 02:23:58,972 INFO  [org.apa.kaf.com.tel.int.KafkaMetricsCollector] (main) initializing Kafka metrics collector
2025-08-13 02:23:58,982 INFO  [org.apa.kaf.cli.con.ConsumerConfig] (main) These configurations '[apicurio.registry.url, apicurio.registry.headers.enabled]' were supplied but are not used yet.
2025-08-13 02:23:58,982 INFO  [org.apa.kaf.com.uti.AppInfoParser] (main) Kafka version: 3.9.1
2025-08-13 02:23:58,982 INFO  [org.apa.kaf.com.uti.AppInfoParser] (main) Kafka commitId: f745dfdcee2b9851
2025-08-13 02:23:58,982 INFO  [org.apa.kaf.com.uti.AppInfoParser] (main) Kafka startTimeMs: 1755051838982
2025-08-13 02:23:58,985 INFO  [org.apa.kaf.cli.con.int.ClassicKafkaConsumer] (Thread-821) [Consumer clientId=consumer-Consumer-sabfa04e0xfdcbx4e5exb1fex67d16198ec78-29, groupId=Consumer-sabfa04e0xfdcbx4e5exb1fex67d16198ec78] Subscribed to topic(s): sabfa04e0xfdcbx4e5exb1fex67d16198ec78
2025-08-13 02:23:58,991 INFO  [org.apa.kaf.cli.Metadata] (Thread-821) [Consumer clientId=consumer-Consumer-sabfa04e0xfdcbx4e5exb1fex67d16198ec78-29, groupId=Consumer-sabfa04e0xfdcbx4e5exb1fex67d16198ec78] Cluster ID: pj3cISz0Q0OVF0qikwHveQ
2025-08-13 02:23:58,991 INFO  [org.apa.kaf.cli.con.int.ConsumerCoordinator] (Thread-821) [Consumer clientId=consumer-Consumer-sabfa04e0xfdcbx4e5exb1fex67d16198ec78-29, groupId=Consumer-sabfa04e0xfdcbx4e5exb1fex67d16198ec78] Discovered group coordinator localhost:32769 (id: 2147483647 rack: null)
2025-08-13 02:23:58,995 INFO  [org.apa.kaf.cli.con.int.ConsumerCoordinator] (Thread-821) [Consumer clientId=consumer-Consumer-sabfa04e0xfdcbx4e5exb1fex67d16198ec78-29, groupId=Consumer-sabfa04e0xfdcbx4e5exb1fex67d16198ec78] (Re-)joining group
2025-08-13 02:23:59,002 INFO  [org.apa.kaf.cli.con.int.ConsumerCoordinator] (Thread-821) [Consumer clientId=consumer-Consumer-sabfa04e0xfdcbx4e5exb1fex67d16198ec78-29, groupId=Consumer-sabfa04e0xfdcbx4e5exb1fex67d16198ec78] Request joining group due to: need to re-join with the given member-id: consumer-Consumer-sabfa04e0xfdcbx4e5exb1fex67d16198ec78-29-50502db1-2fd6-4caf-a5a7-90ce519db214
2025-08-13 02:23:59,002 INFO  [org.apa.kaf.cli.con.int.ConsumerCoordinator] (Thread-821) [Consumer clientId=consumer-Consumer-sabfa04e0xfdcbx4e5exb1fex67d16198ec78-29, groupId=Consumer-sabfa04e0xfdcbx4e5exb1fex67d16198ec78] (Re-)joining group
2025-08-13 02:23:59,985 INFO  [io.api.tes.ser.api.KafkaSerdesTester] (Thread-821) None found
2025-08-13 02:24:00,985 INFO  [io.api.tes.ser.api.KafkaSerdesTester] (Thread-821) None found
2025-08-13 02:24:01,985 INFO  [io.api.tes.ser.api.KafkaSerdesTester] (Thread-821) None found
2025-08-13 02:24:02,005 INFO  [org.apa.kaf.cli.con.int.ConsumerCoordinator] (Thread-821) [Consumer clientId=consumer-Consumer-sabfa04e0xfdcbx4e5exb1fex67d16198ec78-29, groupId=Consumer-sabfa04e0xfdcbx4e5exb1fex67d16198ec78] Successfully joined group with generation Generation{generationId=9, memberId='consumer-Consumer-sabfa04e0xfdcbx4e5exb1fex67d16198ec78-29-50502db1-2fd6-4caf-a5a7-90ce519db214', protocol='range'}
2025-08-13 02:24:02,005 INFO  [org.apa.kaf.cli.con.int.ConsumerCoordinator] (Thread-821) [Consumer clientId=consumer-Consumer-sabfa04e0xfdcbx4e5exb1fex67d16198ec78-29, groupId=Consumer-sabfa04e0xfdcbx4e5exb1fex67d16198ec78] Finished assignment for group at generation 9: {consumer-Consumer-sabfa04e0xfdcbx4e5exb1fex67d16198ec78-29-50502db1-2fd6-4caf-a5a7-90ce519db214=Assignment(partitions=[sabfa04e0xfdcbx4e5exb1fex67d16198ec78-0])}
2025-08-13 02:24:02,012 INFO  [org.apa.kaf.cli.con.int.ConsumerCoordinator] (Thread-821) [Consumer clientId=consumer-Consumer-sabfa04e0xfdcbx4e5exb1fex67d16198ec78-29, groupId=Consumer-sabfa04e0xfdcbx4e5exb1fex67d16198ec78] Successfully synced group in generation Generation{generationId=9, memberId='consumer-Consumer-sabfa04e0xfdcbx4e5exb1fex67d16198ec78-29-50502db1-2fd6-4caf-a5a7-90ce519db214', protocol='range'}
2025-08-13 02:24:02,012 INFO  [org.apa.kaf.cli.con.int.ConsumerCoordinator] (Thread-821) [Consumer clientId=consumer-Consumer-sabfa04e0xfdcbx4e5exb1fex67d16198ec78-29, groupId=Consumer-sabfa04e0xfdcbx4e5exb1fex67d16198ec78] Notifying assignor about the new Assignment(partitions=[sabfa04e0xfdcbx4e5exb1fex67d16198ec78-0])
2025-08-13 02:24:02,012 INFO  [org.apa.kaf.cli.con.int.ConsumerRebalanceListenerInvoker] (Thread-821) [Consumer clientId=consumer-Consumer-sabfa04e0xfdcbx4e5exb1fex67d16198ec78-29, groupId=Consumer-sabfa04e0xfdcbx4e5exb1fex67d16198ec78] Adding newly assigned partitions: sabfa04e0xfdcbx4e5exb1fex67d16198ec78-0
2025-08-13 02:24:02,013 INFO  [org.apa.kaf.cli.con.int.ConsumerUtils] (Thread-821) Setting offset for partition sabfa04e0xfdcbx4e5exb1fex67d16198ec78-0 to the committed offset FetchPosition{offset=40, offsetEpoch=Optional[0], currentLeader=LeaderAndEpoch{leader=Optional[localhost:32769 (id: 0 rack: null)], epoch=0}}
2025-08-13 02:24:02,052 INFO  [io.api.tes.ser.api.KafkaSerdesTester] (Thread-821) sabfa04e0xfdcbx4e5exb1fex67d16198ec78 0 40 msb: 1755051838917
lsb: 321

2025-08-13 02:24:02,052 INFO  [io.api.tes.ser.api.KafkaSerdesTester] (Thread-821) sabfa04e0xfdcbx4e5exb1fex67d16198ec78 0 41 msb: 1755051838954
lsb: 321

2025-08-13 02:24:02,053 INFO  [io.api.tes.ser.api.KafkaSerdesTester] (Thread-821) sabfa04e0xfdcbx4e5exb1fex67d16198ec78 0 42 msb: 1755051838956
lsb: 321

2025-08-13 02:24:02,053 INFO  [io.api.tes.ser.api.KafkaSerdesTester] (Thread-821) sabfa04e0xfdcbx4e5exb1fex67d16198ec78 0 43 msb: 1755051838957
lsb: 321

2025-08-13 02:24:02,053 INFO  [io.api.tes.ser.api.KafkaSerdesTester] (Thread-821) sabfa04e0xfdcbx4e5exb1fex67d16198ec78 0 44 msb: 1755051838958
lsb: 321

2025-08-13 02:24:02,053 INFO  [io.api.tes.ser.api.KafkaSerdesTester] (Thread-821) sabfa04e0xfdcbx4e5exb1fex67d16198ec78 0 45 msb: 1755051838959
lsb: 321

2025-08-13 02:24:02,053 INFO  [io.api.tes.ser.api.KafkaSerdesTester] (Thread-821) sabfa04e0xfdcbx4e5exb1fex67d16198ec78 0 46 msb: 1755051838961
lsb: 321

2025-08-13 02:24:02,053 INFO  [io.api.tes.ser.api.KafkaSerdesTester] (Thread-821) sabfa04e0xfdcbx4e5exb1fex67d16198ec78 0 47 msb: 1755051838962
lsb: 321

2025-08-13 02:24:02,053 INFO  [io.api.tes.ser.api.KafkaSerdesTester] (Thread-821) sabfa04e0xfdcbx4e5exb1fex67d16198ec78 0 48 msb: 1755051838963
lsb: 321

2025-08-13 02:24:02,053 INFO  [io.api.tes.ser.api.KafkaSerdesTester] (Thread-821) sabfa04e0xfdcbx4e5exb1fex67d16198ec78 0 49 msb: 1755051838965
lsb: 321

2025-08-13 02:24:02,053 INFO  [io.api.tes.ser.api.KafkaSerdesTester] (Thread-821) Consumed 10 messages
2025-08-13 02:24:02,059 INFO  [org.apa.kaf.cli.con.int.ConsumerRebalanceListenerInvoker] (Thread-821) [Consumer clientId=consumer-Consumer-sabfa04e0xfdcbx4e5exb1fex67d16198ec78-29, groupId=Consumer-sabfa04e0xfdcbx4e5exb1fex67d16198ec78] Revoke previously assigned partitions sabfa04e0xfdcbx4e5exb1fex67d16198ec78-0
2025-08-13 02:24:02,059 INFO  [org.apa.kaf.cli.con.int.ConsumerCoordinator] (Thread-821) [Consumer clientId=consumer-Consumer-sabfa04e0xfdcbx4e5exb1fex67d16198ec78-29, groupId=Consumer-sabfa04e0xfdcbx4e5exb1fex67d16198ec78] Member consumer-Consumer-sabfa04e0xfdcbx4e5exb1fex67d16198ec78-29-50502db1-2fd6-4caf-a5a7-90ce519db214 sending LeaveGroup request to coordinator localhost:32769 (id: 2147483647 rack: null) due to the consumer is being closed
2025-08-13 02:24:02,059 INFO  [org.apa.kaf.cli.con.int.ConsumerCoordinator] (Thread-821) [Consumer clientId=consumer-Consumer-sabfa04e0xfdcbx4e5exb1fex67d16198ec78-29, groupId=Consumer-sabfa04e0xfdcbx4e5exb1fex67d16198ec78] Resetting generation and member id due to: consumer pro-actively leaving the group
2025-08-13 02:24:02,059 INFO  [org.apa.kaf.cli.con.int.ConsumerCoordinator] (Thread-821) [Consumer clientId=consumer-Consumer-sabfa04e0xfdcbx4e5exb1fex67d16198ec78-29, groupId=Consumer-sabfa04e0xfdcbx4e5exb1fex67d16198ec78] Request joining group due to: consumer pro-actively leaving the group
2025-08-13 02:24:02,553 INFO  [org.apa.kaf.com.met.Metrics] (Thread-821) Metrics scheduler closed
2025-08-13 02:24:02,553 INFO  [org.apa.kaf.com.met.Metrics] (Thread-821) Closing reporter org.apache.kafka.common.metrics.JmxReporter
2025-08-13 02:24:02,553 INFO  [org.apa.kaf.com.met.Metrics] (Thread-821) Closing reporter org.apache.kafka.common.telemetry.internals.ClientTelemetryReporter
2025-08-13 02:24:02,553 INFO  [org.apa.kaf.com.met.Metrics] (Thread-821) Metrics reporters closed
2025-08-13 02:24:02,555 INFO  [org.apa.kaf.com.uti.AppInfoParser] (Thread-821) App info kafka.consumer for consumer-Consumer-sabfa04e0xfdcbx4e5exb1fex67d16198ec78-29 unregistered
2025-08-13 02:24:02,555 INFO  [io.api.tes.uti.TestSeparator] (main) io.apicurio.tests.serdes.apicurio.ProtobufSerdeIT.testValidation-FINISHED
2025-08-13 02:24:02,555 INFO  [io.api.tes.uti.TestSeparator] (main) ############################################################################
Test passed: testValidation
]]></system-out>
  </testcase>
  <testcase name="testArtifactNotFound" classname="io.apicurio.tests.serdes.apicurio.ProtobufSerdeIT" time="0.006">
    <system-out><![CDATA[2025-08-13 02:24:02,559 INFO  [io.api.tes.uti.TestSeparator] (main) ############################################################################
2025-08-13 02:24:02,559 INFO  [io.api.tes.uti.TestSeparator] (main) io.apicurio.tests.serdes.apicurio.ProtobufSerdeIT.testArtifactNotFound-STARTED
2025-08-13 02:24:02,559 INFO  [io.api.tes.uti.TestSeparator] (main) io.apicurio.tests.serdes.apicurio.ProtobufSerdeIT.testArtifactNotFound-FINISHED
2025-08-13 02:24:02,559 INFO  [io.api.tes.uti.TestSeparator] (main) ############################################################################
Test passed: testArtifactNotFound
]]></system-out>
  </testcase>
  <testcase name="testTopicIdStrategyFindLatest" classname="io.apicurio.tests.serdes.apicurio.ProtobufSerdeIT" time="1.069">
    <system-out><![CDATA[2025-08-13 02:24:02,563 INFO  [io.api.tes.uti.TestSeparator] (main) ############################################################################
2025-08-13 02:24:02,563 INFO  [io.api.tes.uti.TestSeparator] (main) io.apicurio.tests.serdes.apicurio.ProtobufSerdeIT.testTopicIdStrategyFindLatest-STARTED
2025-08-13 02:24:03,632 INFO  [io.api.tes.uti.TestSeparator] (main) io.apicurio.tests.serdes.apicurio.ProtobufSerdeIT.testTopicIdStrategyFindLatest-FINISHED
2025-08-13 02:24:03,632 INFO  [io.api.tes.uti.TestSeparator] (main) ############################################################################
Test passed: testTopicIdStrategyFindLatest
]]></system-out>
  </testcase>
  <testcase name="testWrongSchemaFindLatest" classname="io.apicurio.tests.serdes.apicurio.ProtobufSerdeIT" time="1.056">
    <system-out><![CDATA[2025-08-13 02:24:03,634 INFO  [io.api.tes.uti.TestSeparator] (main) ############################################################################
2025-08-13 02:24:03,634 INFO  [io.api.tes.uti.TestSeparator] (main) io.apicurio.tests.serdes.apicurio.ProtobufSerdeIT.testWrongSchemaFindLatest-STARTED
2025-08-13 02:24:04,689 INFO  [io.api.tes.uti.TestSeparator] (main) io.apicurio.tests.serdes.apicurio.ProtobufSerdeIT.testWrongSchemaFindLatest-FINISHED
2025-08-13 02:24:04,689 INFO  [io.api.tes.uti.TestSeparator] (main) ############################################################################
Test passed: testWrongSchemaFindLatest
]]></system-out>
  </testcase>
  <testcase name="testAutoRegisterDeriveClassProtobufType" classname="io.apicurio.tests.serdes.apicurio.ProtobufSerdeIT" time="4.085">
    <system-out><![CDATA[2025-08-13 02:24:04,690 INFO  [io.api.tes.uti.TestSeparator] (main) ############################################################################
2025-08-13 02:24:04,690 INFO  [io.api.tes.uti.TestSeparator] (main) io.apicurio.tests.serdes.apicurio.ProtobufSerdeIT.testAutoRegisterDeriveClassProtobufType-STARTED
**** Registry Base URL: http://registry-app-ksql043.apps.ci419.apicurio-testing.org:80
2025-08-13 02:24:04,692 INFO  [org.apa.kaf.cli.pro.ProducerConfig] (main) ProducerConfig values: 
	acks = -1
	auto.include.jmx.reporter = true
	batch.size = 16384
	bootstrap.servers = [PLAINTEXT://localhost:32769]
	buffer.memory = 33554432
	client.dns.lookup = use_all_dns_ips
	client.id = Producer-topic-8ee9be6b_ad7b_4413_b5db_7772564d3c0f
	compression.gzip.level = -1
	compression.lz4.level = 9
	compression.type = none
	compression.zstd.level = 3
	connections.max.idle.ms = 10000
	delivery.timeout.ms = 120000
	enable.idempotence = true
	enable.metrics.push = true
	interceptor.classes = []
	key.serializer = class org.apache.kafka.common.serialization.StringSerializer
	linger.ms = 0
	max.block.ms = 60000
	max.in.flight.requests.per.connection = 5
	max.request.size = 1048576
	metadata.max.age.ms = 300000
	metadata.max.idle.ms = 300000
	metadata.recovery.strategy = none
	metric.reporters = []
	metrics.num.samples = 2
	metrics.recording.level = INFO
	metrics.sample.window.ms = 30000
	partitioner.adaptive.partitioning.enable = true
	partitioner.availability.timeout.ms = 0
	partitioner.class = null
	partitioner.ignore.keys = false
	receive.buffer.bytes = 32768
	reconnect.backoff.max.ms = 1000
	reconnect.backoff.ms = 50
	request.timeout.ms = 5000
	retries = 2147483647
	retry.backoff.max.ms = 1000
	retry.backoff.ms = 100
	sasl.client.callback.handler.class = null
	sasl.jaas.config = null
	sasl.kerberos.kinit.cmd = /usr/bin/kinit
	sasl.kerberos.min.time.before.relogin = 60000
	sasl.kerberos.service.name = null
	sasl.kerberos.ticket.renew.jitter = 0.05
	sasl.kerberos.ticket.renew.window.factor = 0.8
	sasl.login.callback.handler.class = null
	sasl.login.class = null
	sasl.login.connect.timeout.ms = null
	sasl.login.read.timeout.ms = null
	sasl.login.refresh.buffer.seconds = 300
	sasl.login.refresh.min.period.seconds = 60
	sasl.login.refresh.window.factor = 0.8
	sasl.login.refresh.window.jitter = 0.05
	sasl.login.retry.backoff.max.ms = 10000
	sasl.login.retry.backoff.ms = 100
	sasl.mechanism = GSSAPI
	sasl.oauthbearer.clock.skew.seconds = 30
	sasl.oauthbearer.expected.audience = null
	sasl.oauthbearer.expected.issuer = null
	sasl.oauthbearer.header.urlencode = false
	sasl.oauthbearer.jwks.endpoint.refresh.ms = 3600000
	sasl.oauthbearer.jwks.endpoint.retry.backoff.max.ms = 10000
	sasl.oauthbearer.jwks.endpoint.retry.backoff.ms = 100
	sasl.oauthbearer.jwks.endpoint.url = null
	sasl.oauthbearer.scope.claim.name = scope
	sasl.oauthbearer.sub.claim.name = sub
	sasl.oauthbearer.token.endpoint.url = null
	security.protocol = PLAINTEXT
	security.providers = null
	send.buffer.bytes = 131072
	socket.connection.setup.timeout.max.ms = 30000
	socket.connection.setup.timeout.ms = 10000
	ssl.cipher.suites = null
	ssl.enabled.protocols = [TLSv1.2, TLSv1.3]
	ssl.endpoint.identification.algorithm = https
	ssl.engine.factory.class = null
	ssl.key.password = null
	ssl.keymanager.algorithm = SunX509
	ssl.keystore.certificate.chain = null
	ssl.keystore.key = null
	ssl.keystore.location = null
	ssl.keystore.password = null
	ssl.keystore.type = JKS
	ssl.protocol = TLSv1.3
	ssl.provider = null
	ssl.secure.random.implementation = null
	ssl.trustmanager.algorithm = PKIX
	ssl.truststore.certificates = null
	ssl.truststore.location = null
	ssl.truststore.password = null
	ssl.truststore.type = JKS
	transaction.timeout.ms = 60000
	transactional.id = null
	value.serializer = class io.apicurio.registry.serde.protobuf.ProtobufKafkaSerializer

2025-08-13 02:24:04,693 INFO  [org.apa.kaf.com.tel.int.KafkaMetricsCollector] (main) initializing Kafka metrics collector
2025-08-13 02:24:04,696 INFO  [org.apa.kaf.cli.pro.KafkaProducer] (main) [Producer clientId=Producer-topic-8ee9be6b_ad7b_4413_b5db_7772564d3c0f] Instantiated an idempotent producer.
2025-08-13 02:24:04,699 INFO  [org.apa.kaf.cli.pro.ProducerConfig] (main) These configurations '[apicurio.registry.url, apicurio.registry.auto-register, apicurio.registry.artifact-resolver-strategy]' were supplied but are not used yet.
2025-08-13 02:24:04,699 INFO  [org.apa.kaf.com.uti.AppInfoParser] (main) Kafka version: 3.9.1
2025-08-13 02:24:04,699 INFO  [org.apa.kaf.com.uti.AppInfoParser] (main) Kafka commitId: f745dfdcee2b9851
2025-08-13 02:24:04,699 INFO  [org.apa.kaf.com.uti.AppInfoParser] (main) Kafka startTimeMs: 1755051844699
2025-08-13 02:24:04,699 INFO  [io.api.tes.ser.api.SimpleSerdesTesterBuilder$SimpleSerdesTester] (main) Using producer configuration: {apicurio.registry.url=http://registry-app-ksql043.apps.ci419.apicurio-testing.org:80/apis/registry/v3, apicurio.registry.auto-register=true, apicurio.registry.artifact-resolver-strategy=io.apicurio.registry.serde.strategy.TopicIdStrategy, value.serializer=io.apicurio.registry.serde.protobuf.ProtobufKafkaSerializer, request.timeout.ms=5000, acks=all, bootstrap.servers=PLAINTEXT://localhost:32769, connections.max.idle.ms=10000, key.serializer=org.apache.kafka.common.serialization.StringSerializer, client.id=Producer-topic-8ee9be6b_ad7b_4413_b5db_7772564d3c0f}
2025-08-13 02:24:04,699 INFO  [io.api.tes.ser.api.SimpleSerdesTesterBuilder$SimpleSerdesTester] (main) Using consumer configuration: {apicurio.protobuf.derive.class=true}
2025-08-13 02:24:04,700 INFO  [io.api.tes.ser.api.KafkaSerdesTester] (Thread-824) Sending message header {
  time {
  }
}
d1: 1.7550518447E12
s1: "a"
i1: 123
bi1: 1
point {
  longitude: 22.0
  latitude: 22.0
  altitude: 1.0
}
 to topic topic-8ee9be6b_ad7b_4413_b5db_7772564d3c0f
2025-08-13 02:24:04,702 WARN  [org.apa.kaf.cli.NetworkClient] (kafka-producer-network-thread | Producer-topic-8ee9be6b_ad7b_4413_b5db_7772564d3c0f) [Producer clientId=Producer-topic-8ee9be6b_ad7b_4413_b5db_7772564d3c0f] The metadata response from the cluster reported a recoverable issue with correlation id 1 : {topic-8ee9be6b_ad7b_4413_b5db_7772564d3c0f=UNKNOWN_TOPIC_OR_PARTITION}
2025-08-13 02:24:04,702 INFO  [org.apa.kaf.cli.Metadata] (kafka-producer-network-thread | Producer-topic-8ee9be6b_ad7b_4413_b5db_7772564d3c0f) [Producer clientId=Producer-topic-8ee9be6b_ad7b_4413_b5db_7772564d3c0f] Cluster ID: pj3cISz0Q0OVF0qikwHveQ
2025-08-13 02:24:04,702 INFO  [org.apa.kaf.cli.pro.int.TransactionManager] (kafka-producer-network-thread | Producer-topic-8ee9be6b_ad7b_4413_b5db_7772564d3c0f) [Producer clientId=Producer-topic-8ee9be6b_ad7b_4413_b5db_7772564d3c0f] ProducerId set to 40 with epoch 0
2025-08-13 02:24:04,898 INFO  [io.api.tes.ser.api.KafkaSerdesTester] (Thread-824) Sending message header {
  time {
  }
}
d1: 1.755051844897E12
s1: "a"
i1: 123
bi1: 1
point {
  longitude: 22.0
  latitude: 22.0
  altitude: 1.0
}
 to topic topic-8ee9be6b_ad7b_4413_b5db_7772564d3c0f
2025-08-13 02:24:04,923 INFO  [io.api.tes.ser.api.KafkaSerdesTester] (Thread-824) Sending message header {
  time {
  }
}
d1: 1.755051844923E12
s1: "a"
i1: 123
bi1: 1
point {
  longitude: 22.0
  latitude: 22.0
  altitude: 1.0
}
 to topic topic-8ee9be6b_ad7b_4413_b5db_7772564d3c0f
2025-08-13 02:24:04,949 INFO  [io.api.tes.ser.api.KafkaSerdesTester] (Thread-824) Sending message header {
  time {
  }
}
d1: 1.755051844949E12
s1: "a"
i1: 123
bi1: 1
point {
  longitude: 22.0
  latitude: 22.0
  altitude: 1.0
}
 to topic topic-8ee9be6b_ad7b_4413_b5db_7772564d3c0f
2025-08-13 02:24:04,975 INFO  [io.api.tes.ser.api.KafkaSerdesTester] (Thread-824) Sending message header {
  time {
  }
}
d1: 1.755051844975E12
s1: "a"
i1: 123
bi1: 1
point {
  longitude: 22.0
  latitude: 22.0
  altitude: 1.0
}
 to topic topic-8ee9be6b_ad7b_4413_b5db_7772564d3c0f
2025-08-13 02:24:05,003 INFO  [io.api.tes.ser.api.KafkaSerdesTester] (Thread-824) Sending message header {
  time {
  }
}
d1: 1.755051845002E12
s1: "a"
i1: 123
bi1: 1
point {
  longitude: 22.0
  latitude: 22.0
  altitude: 1.0
}
 to topic topic-8ee9be6b_ad7b_4413_b5db_7772564d3c0f
2025-08-13 02:24:05,027 INFO  [io.api.tes.ser.api.KafkaSerdesTester] (Thread-824) Sending message header {
  time {
  }
}
d1: 1.755051845027E12
s1: "a"
i1: 123
bi1: 1
point {
  longitude: 22.0
  latitude: 22.0
  altitude: 1.0
}
 to topic topic-8ee9be6b_ad7b_4413_b5db_7772564d3c0f
2025-08-13 02:24:05,073 INFO  [io.api.tes.ser.api.KafkaSerdesTester] (Thread-824) Sending message header {
  time {
  }
}
d1: 1.755051845073E12
s1: "a"
i1: 123
bi1: 1
point {
  longitude: 22.0
  latitude: 22.0
  altitude: 1.0
}
 to topic topic-8ee9be6b_ad7b_4413_b5db_7772564d3c0f
2025-08-13 02:24:05,099 INFO  [io.api.tes.ser.api.KafkaSerdesTester] (Thread-824) Sending message header {
  time {
  }
}
d1: 1.755051845099E12
s1: "a"
i1: 123
bi1: 1
point {
  longitude: 22.0
  latitude: 22.0
  altitude: 1.0
}
 to topic topic-8ee9be6b_ad7b_4413_b5db_7772564d3c0f
2025-08-13 02:24:05,124 INFO  [io.api.tes.ser.api.KafkaSerdesTester] (Thread-824) Sending message header {
  time {
  }
}
d1: 1.755051845124E12
s1: "a"
i1: 123
bi1: 1
point {
  longitude: 22.0
  latitude: 22.0
  altitude: 1.0
}
 to topic topic-8ee9be6b_ad7b_4413_b5db_7772564d3c0f
2025-08-13 02:24:05,173 INFO  [io.api.tes.ser.api.KafkaSerdesTester] (Thread-824) Produced 10 messages
2025-08-13 02:24:05,173 INFO  [org.apa.kaf.cli.pro.KafkaProducer] (Thread-824) [Producer clientId=Producer-topic-8ee9be6b_ad7b_4413_b5db_7772564d3c0f] Closing the Kafka producer with timeoutMillis = 9223372036854775807 ms.
2025-08-13 02:24:05,175 INFO  [org.apa.kaf.com.met.Metrics] (Thread-824) Metrics scheduler closed
2025-08-13 02:24:05,175 INFO  [org.apa.kaf.com.met.Metrics] (Thread-824) Closing reporter org.apache.kafka.common.metrics.JmxReporter
2025-08-13 02:24:05,175 INFO  [org.apa.kaf.com.met.Metrics] (Thread-824) Closing reporter org.apache.kafka.common.telemetry.internals.ClientTelemetryReporter
2025-08-13 02:24:05,175 INFO  [org.apa.kaf.com.met.Metrics] (Thread-824) Metrics reporters closed
2025-08-13 02:24:05,175 INFO  [org.apa.kaf.com.uti.AppInfoParser] (Thread-824) App info kafka.producer for Producer-topic-8ee9be6b_ad7b_4413_b5db_7772564d3c0f unregistered
**** Registry Base URL: http://registry-app-ksql043.apps.ci419.apicurio-testing.org:80
2025-08-13 02:24:05,190 INFO  [org.apa.kaf.cli.con.ConsumerConfig] (main) ConsumerConfig values: 
	allow.auto.create.topics = true
	auto.commit.interval.ms = 500
	auto.include.jmx.reporter = true
	auto.offset.reset = earliest
	bootstrap.servers = [PLAINTEXT://localhost:32769]
	check.crcs = true
	client.dns.lookup = use_all_dns_ips
	client.id = consumer-Consumer-topic-8ee9be6b_ad7b_4413_b5db_7772564d3c0f-30
	client.rack = 
	connections.max.idle.ms = 10000
	default.api.timeout.ms = 60000
	enable.auto.commit = true
	enable.metrics.push = true
	exclude.internal.topics = true
	fetch.max.bytes = 52428800
	fetch.max.wait.ms = 500
	fetch.min.bytes = 1
	group.id = Consumer-topic-8ee9be6b_ad7b_4413_b5db_7772564d3c0f
	group.instance.id = null
	group.protocol = classic
	group.remote.assignor = null
	heartbeat.interval.ms = 3000
	interceptor.classes = []
	internal.leave.group.on.close = true
	internal.throw.on.fetch.stable.offset.unsupported = false
	isolation.level = read_uncommitted
	key.deserializer = class org.apache.kafka.common.serialization.StringDeserializer
	max.partition.fetch.bytes = 1048576
	max.poll.interval.ms = 300000
	max.poll.records = 500
	metadata.max.age.ms = 300000
	metadata.recovery.strategy = none
	metric.reporters = []
	metrics.num.samples = 2
	metrics.recording.level = INFO
	metrics.sample.window.ms = 30000
	partition.assignment.strategy = [class org.apache.kafka.clients.consumer.RangeAssignor, class org.apache.kafka.clients.consumer.CooperativeStickyAssignor]
	receive.buffer.bytes = 65536
	reconnect.backoff.max.ms = 1000
	reconnect.backoff.ms = 50
	request.timeout.ms = 5000
	retry.backoff.max.ms = 1000
	retry.backoff.ms = 100
	sasl.client.callback.handler.class = null
	sasl.jaas.config = null
	sasl.kerberos.kinit.cmd = /usr/bin/kinit
	sasl.kerberos.min.time.before.relogin = 60000
	sasl.kerberos.service.name = null
	sasl.kerberos.ticket.renew.jitter = 0.05
	sasl.kerberos.ticket.renew.window.factor = 0.8
	sasl.login.callback.handler.class = null
	sasl.login.class = null
	sasl.login.connect.timeout.ms = null
	sasl.login.read.timeout.ms = null
	sasl.login.refresh.buffer.seconds = 300
	sasl.login.refresh.min.period.seconds = 60
	sasl.login.refresh.window.factor = 0.8
	sasl.login.refresh.window.jitter = 0.05
	sasl.login.retry.backoff.max.ms = 10000
	sasl.login.retry.backoff.ms = 100
	sasl.mechanism = GSSAPI
	sasl.oauthbearer.clock.skew.seconds = 30
	sasl.oauthbearer.expected.audience = null
	sasl.oauthbearer.expected.issuer = null
	sasl.oauthbearer.header.urlencode = false
	sasl.oauthbearer.jwks.endpoint.refresh.ms = 3600000
	sasl.oauthbearer.jwks.endpoint.retry.backoff.max.ms = 10000
	sasl.oauthbearer.jwks.endpoint.retry.backoff.ms = 100
	sasl.oauthbearer.jwks.endpoint.url = null
	sasl.oauthbearer.scope.claim.name = scope
	sasl.oauthbearer.sub.claim.name = sub
	sasl.oauthbearer.token.endpoint.url = null
	security.protocol = PLAINTEXT
	security.providers = null
	send.buffer.bytes = 131072
	session.timeout.ms = 45000
	socket.connection.setup.timeout.max.ms = 30000
	socket.connection.setup.timeout.ms = 10000
	ssl.cipher.suites = null
	ssl.enabled.protocols = [TLSv1.2, TLSv1.3]
	ssl.endpoint.identification.algorithm = https
	ssl.engine.factory.class = null
	ssl.key.password = null
	ssl.keymanager.algorithm = SunX509
	ssl.keystore.certificate.chain = null
	ssl.keystore.key = null
	ssl.keystore.location = null
	ssl.keystore.password = null
	ssl.keystore.type = JKS
	ssl.protocol = TLSv1.3
	ssl.provider = null
	ssl.secure.random.implementation = null
	ssl.trustmanager.algorithm = PKIX
	ssl.truststore.certificates = null
	ssl.truststore.location = null
	ssl.truststore.password = null
	ssl.truststore.type = JKS
	value.deserializer = class io.apicurio.registry.serde.protobuf.ProtobufKafkaDeserializer

2025-08-13 02:24:05,191 INFO  [org.apa.kaf.com.tel.int.KafkaMetricsCollector] (main) initializing Kafka metrics collector
2025-08-13 02:24:05,198 INFO  [org.apa.kaf.cli.con.ConsumerConfig] (main) These configurations '[apicurio.registry.url, apicurio.protobuf.derive.class]' were supplied but are not used yet.
2025-08-13 02:24:05,198 INFO  [org.apa.kaf.com.uti.AppInfoParser] (main) Kafka version: 3.9.1
2025-08-13 02:24:05,198 INFO  [org.apa.kaf.com.uti.AppInfoParser] (main) Kafka commitId: f745dfdcee2b9851
2025-08-13 02:24:05,198 INFO  [org.apa.kaf.com.uti.AppInfoParser] (main) Kafka startTimeMs: 1755051845198
2025-08-13 02:24:05,198 INFO  [org.apa.kaf.cli.con.int.ClassicKafkaConsumer] (Thread-827) [Consumer clientId=consumer-Consumer-topic-8ee9be6b_ad7b_4413_b5db_7772564d3c0f-30, groupId=Consumer-topic-8ee9be6b_ad7b_4413_b5db_7772564d3c0f] Subscribed to topic(s): topic-8ee9be6b_ad7b_4413_b5db_7772564d3c0f
2025-08-13 02:24:05,202 INFO  [org.apa.kaf.cli.Metadata] (Thread-827) [Consumer clientId=consumer-Consumer-topic-8ee9be6b_ad7b_4413_b5db_7772564d3c0f-30, groupId=Consumer-topic-8ee9be6b_ad7b_4413_b5db_7772564d3c0f] Cluster ID: pj3cISz0Q0OVF0qikwHveQ
2025-08-13 02:24:05,205 INFO  [org.apa.kaf.cli.con.int.ConsumerCoordinator] (Thread-827) [Consumer clientId=consumer-Consumer-topic-8ee9be6b_ad7b_4413_b5db_7772564d3c0f-30, groupId=Consumer-topic-8ee9be6b_ad7b_4413_b5db_7772564d3c0f] Discovered group coordinator localhost:32769 (id: 2147483647 rack: null)
2025-08-13 02:24:05,206 INFO  [org.apa.kaf.cli.con.int.ConsumerCoordinator] (Thread-827) [Consumer clientId=consumer-Consumer-topic-8ee9be6b_ad7b_4413_b5db_7772564d3c0f-30, groupId=Consumer-topic-8ee9be6b_ad7b_4413_b5db_7772564d3c0f] (Re-)joining group
2025-08-13 02:24:05,208 INFO  [org.apa.kaf.cli.con.int.ConsumerCoordinator] (Thread-827) [Consumer clientId=consumer-Consumer-topic-8ee9be6b_ad7b_4413_b5db_7772564d3c0f-30, groupId=Consumer-topic-8ee9be6b_ad7b_4413_b5db_7772564d3c0f] Request joining group due to: need to re-join with the given member-id: consumer-Consumer-topic-8ee9be6b_ad7b_4413_b5db_7772564d3c0f-30-97c929ef-f235-4893-aa2f-ae8cab5e8847
2025-08-13 02:24:05,208 INFO  [org.apa.kaf.cli.con.int.ConsumerCoordinator] (Thread-827) [Consumer clientId=consumer-Consumer-topic-8ee9be6b_ad7b_4413_b5db_7772564d3c0f-30, groupId=Consumer-topic-8ee9be6b_ad7b_4413_b5db_7772564d3c0f] (Re-)joining group
2025-08-13 02:24:06,198 INFO  [io.api.tes.ser.api.KafkaSerdesTester] (Thread-827) None found
2025-08-13 02:24:07,198 INFO  [io.api.tes.ser.api.KafkaSerdesTester] (Thread-827) None found
2025-08-13 02:24:08,199 INFO  [io.api.tes.ser.api.KafkaSerdesTester] (Thread-827) None found
2025-08-13 02:24:08,210 INFO  [org.apa.kaf.cli.con.int.ConsumerCoordinator] (Thread-827) [Consumer clientId=consumer-Consumer-topic-8ee9be6b_ad7b_4413_b5db_7772564d3c0f-30, groupId=Consumer-topic-8ee9be6b_ad7b_4413_b5db_7772564d3c0f] Successfully joined group with generation Generation{generationId=1, memberId='consumer-Consumer-topic-8ee9be6b_ad7b_4413_b5db_7772564d3c0f-30-97c929ef-f235-4893-aa2f-ae8cab5e8847', protocol='range'}
2025-08-13 02:24:08,211 INFO  [org.apa.kaf.cli.con.int.ConsumerCoordinator] (Thread-827) [Consumer clientId=consumer-Consumer-topic-8ee9be6b_ad7b_4413_b5db_7772564d3c0f-30, groupId=Consumer-topic-8ee9be6b_ad7b_4413_b5db_7772564d3c0f] Finished assignment for group at generation 1: {consumer-Consumer-topic-8ee9be6b_ad7b_4413_b5db_7772564d3c0f-30-97c929ef-f235-4893-aa2f-ae8cab5e8847=Assignment(partitions=[topic-8ee9be6b_ad7b_4413_b5db_7772564d3c0f-0])}
2025-08-13 02:24:08,217 INFO  [org.apa.kaf.cli.con.int.ConsumerCoordinator] (Thread-827) [Consumer clientId=consumer-Consumer-topic-8ee9be6b_ad7b_4413_b5db_7772564d3c0f-30, groupId=Consumer-topic-8ee9be6b_ad7b_4413_b5db_7772564d3c0f] Successfully synced group in generation Generation{generationId=1, memberId='consumer-Consumer-topic-8ee9be6b_ad7b_4413_b5db_7772564d3c0f-30-97c929ef-f235-4893-aa2f-ae8cab5e8847', protocol='range'}
2025-08-13 02:24:08,217 INFO  [org.apa.kaf.cli.con.int.ConsumerCoordinator] (Thread-827) [Consumer clientId=consumer-Consumer-topic-8ee9be6b_ad7b_4413_b5db_7772564d3c0f-30, groupId=Consumer-topic-8ee9be6b_ad7b_4413_b5db_7772564d3c0f] Notifying assignor about the new Assignment(partitions=[topic-8ee9be6b_ad7b_4413_b5db_7772564d3c0f-0])
2025-08-13 02:24:08,217 INFO  [org.apa.kaf.cli.con.int.ConsumerRebalanceListenerInvoker] (Thread-827) [Consumer clientId=consumer-Consumer-topic-8ee9be6b_ad7b_4413_b5db_7772564d3c0f-30, groupId=Consumer-topic-8ee9be6b_ad7b_4413_b5db_7772564d3c0f] Adding newly assigned partitions: topic-8ee9be6b_ad7b_4413_b5db_7772564d3c0f-0
2025-08-13 02:24:08,218 INFO  [org.apa.kaf.cli.con.int.ConsumerCoordinator] (Thread-827) [Consumer clientId=consumer-Consumer-topic-8ee9be6b_ad7b_4413_b5db_7772564d3c0f-30, groupId=Consumer-topic-8ee9be6b_ad7b_4413_b5db_7772564d3c0f] Found no committed offset for partition topic-8ee9be6b_ad7b_4413_b5db_7772564d3c0f-0
2025-08-13 02:24:08,220 INFO  [org.apa.kaf.cli.con.int.SubscriptionState] (Thread-827) [Consumer clientId=consumer-Consumer-topic-8ee9be6b_ad7b_4413_b5db_7772564d3c0f-30, groupId=Consumer-topic-8ee9be6b_ad7b_4413_b5db_7772564d3c0f] Resetting offset for partition topic-8ee9be6b_ad7b_4413_b5db_7772564d3c0f-0 to position FetchPosition{offset=0, offsetEpoch=Optional.empty, currentLeader=LeaderAndEpoch{leader=Optional[localhost:32769 (id: 0 rack: null)], epoch=0}}.
2025-08-13 02:24:08,257 INFO  [io.api.tes.ser.api.KafkaSerdesTester] (Thread-827) topic-8ee9be6b_ad7b_4413_b5db_7772564d3c0f 0 0 header {
  time {
  }
}
d1: 1.7550518447E12
s1: "a"
i1: 123
bi1: 1
point {
  longitude: 22.0
  latitude: 22.0
  altitude: 1.0
}

2025-08-13 02:24:08,257 INFO  [io.api.tes.ser.api.KafkaSerdesTester] (Thread-827) topic-8ee9be6b_ad7b_4413_b5db_7772564d3c0f 0 1 header {
  time {
  }
}
d1: 1.755051844897E12
s1: "a"
i1: 123
bi1: 1
point {
  longitude: 22.0
  latitude: 22.0
  altitude: 1.0
}

2025-08-13 02:24:08,257 INFO  [io.api.tes.ser.api.KafkaSerdesTester] (Thread-827) topic-8ee9be6b_ad7b_4413_b5db_7772564d3c0f 0 2 header {
  time {
  }
}
d1: 1.755051844923E12
s1: "a"
i1: 123
bi1: 1
point {
  longitude: 22.0
  latitude: 22.0
  altitude: 1.0
}

2025-08-13 02:24:08,257 INFO  [io.api.tes.ser.api.KafkaSerdesTester] (Thread-827) topic-8ee9be6b_ad7b_4413_b5db_7772564d3c0f 0 3 header {
  time {
  }
}
d1: 1.755051844949E12
s1: "a"
i1: 123
bi1: 1
point {
  longitude: 22.0
  latitude: 22.0
  altitude: 1.0
}

2025-08-13 02:24:08,257 INFO  [io.api.tes.ser.api.KafkaSerdesTester] (Thread-827) topic-8ee9be6b_ad7b_4413_b5db_7772564d3c0f 0 4 header {
  time {
  }
}
d1: 1.755051844975E12
s1: "a"
i1: 123
bi1: 1
point {
  longitude: 22.0
  latitude: 22.0
  altitude: 1.0
}

2025-08-13 02:24:08,257 INFO  [io.api.tes.ser.api.KafkaSerdesTester] (Thread-827) topic-8ee9be6b_ad7b_4413_b5db_7772564d3c0f 0 5 header {
  time {
  }
}
d1: 1.755051845002E12
s1: "a"
i1: 123
bi1: 1
point {
  longitude: 22.0
  latitude: 22.0
  altitude: 1.0
}

2025-08-13 02:24:08,257 INFO  [io.api.tes.ser.api.KafkaSerdesTester] (Thread-827) topic-8ee9be6b_ad7b_4413_b5db_7772564d3c0f 0 6 header {
  time {
  }
}
d1: 1.755051845027E12
s1: "a"
i1: 123
bi1: 1
point {
  longitude: 22.0
  latitude: 22.0
  altitude: 1.0
}

2025-08-13 02:24:08,257 INFO  [io.api.tes.ser.api.KafkaSerdesTester] (Thread-827) topic-8ee9be6b_ad7b_4413_b5db_7772564d3c0f 0 7 header {
  time {
  }
}
d1: 1.755051845073E12
s1: "a"
i1: 123
bi1: 1
point {
  longitude: 22.0
  latitude: 22.0
  altitude: 1.0
}

2025-08-13 02:24:08,257 INFO  [io.api.tes.ser.api.KafkaSerdesTester] (Thread-827) topic-8ee9be6b_ad7b_4413_b5db_7772564d3c0f 0 8 header {
  time {
  }
}
d1: 1.755051845099E12
s1: "a"
i1: 123
bi1: 1
point {
  longitude: 22.0
  latitude: 22.0
  altitude: 1.0
}

2025-08-13 02:24:08,258 INFO  [io.api.tes.ser.api.KafkaSerdesTester] (Thread-827) topic-8ee9be6b_ad7b_4413_b5db_7772564d3c0f 0 9 header {
  time {
  }
}
d1: 1.755051845124E12
s1: "a"
i1: 123
bi1: 1
point {
  longitude: 22.0
  latitude: 22.0
  altitude: 1.0
}

2025-08-13 02:24:08,258 INFO  [io.api.tes.ser.api.KafkaSerdesTester] (Thread-827) Consumed 10 messages
2025-08-13 02:24:08,263 INFO  [org.apa.kaf.cli.con.int.ConsumerRebalanceListenerInvoker] (Thread-827) [Consumer clientId=consumer-Consumer-topic-8ee9be6b_ad7b_4413_b5db_7772564d3c0f-30, groupId=Consumer-topic-8ee9be6b_ad7b_4413_b5db_7772564d3c0f] Revoke previously assigned partitions topic-8ee9be6b_ad7b_4413_b5db_7772564d3c0f-0
2025-08-13 02:24:08,263 INFO  [org.apa.kaf.cli.con.int.ConsumerCoordinator] (Thread-827) [Consumer clientId=consumer-Consumer-topic-8ee9be6b_ad7b_4413_b5db_7772564d3c0f-30, groupId=Consumer-topic-8ee9be6b_ad7b_4413_b5db_7772564d3c0f] Member consumer-Consumer-topic-8ee9be6b_ad7b_4413_b5db_7772564d3c0f-30-97c929ef-f235-4893-aa2f-ae8cab5e8847 sending LeaveGroup request to coordinator localhost:32769 (id: 2147483647 rack: null) due to the consumer is being closed
2025-08-13 02:24:08,264 INFO  [org.apa.kaf.cli.con.int.ConsumerCoordinator] (Thread-827) [Consumer clientId=consumer-Consumer-topic-8ee9be6b_ad7b_4413_b5db_7772564d3c0f-30, groupId=Consumer-topic-8ee9be6b_ad7b_4413_b5db_7772564d3c0f] Resetting generation and member id due to: consumer pro-actively leaving the group
2025-08-13 02:24:08,264 INFO  [org.apa.kaf.cli.con.int.ConsumerCoordinator] (Thread-827) [Consumer clientId=consumer-Consumer-topic-8ee9be6b_ad7b_4413_b5db_7772564d3c0f-30, groupId=Consumer-topic-8ee9be6b_ad7b_4413_b5db_7772564d3c0f] Request joining group due to: consumer pro-actively leaving the group
2025-08-13 02:24:08,761 INFO  [org.apa.kaf.com.met.Metrics] (Thread-827) Metrics scheduler closed
2025-08-13 02:24:08,761 INFO  [org.apa.kaf.com.met.Metrics] (Thread-827) Closing reporter org.apache.kafka.common.metrics.JmxReporter
2025-08-13 02:24:08,761 INFO  [org.apa.kaf.com.met.Metrics] (Thread-827) Closing reporter org.apache.kafka.common.telemetry.internals.ClientTelemetryReporter
2025-08-13 02:24:08,761 INFO  [org.apa.kaf.com.met.Metrics] (Thread-827) Metrics reporters closed
2025-08-13 02:24:08,763 INFO  [org.apa.kaf.com.uti.AppInfoParser] (Thread-827) App info kafka.consumer for consumer-Consumer-topic-8ee9be6b_ad7b_4413_b5db_7772564d3c0f-30 unregistered
2025-08-13 02:24:08,773 INFO  [io.api.tes.uti.TestSeparator] (main) io.apicurio.tests.serdes.apicurio.ProtobufSerdeIT.testAutoRegisterDeriveClassProtobufType-FINISHED
2025-08-13 02:24:08,773 INFO  [io.api.tes.uti.TestSeparator] (main) ############################################################################
Test passed: testAutoRegisterDeriveClassProtobufType
]]></system-out>
  </testcase>
  <testcase name="testConsumeReturnSpecificClass" classname="io.apicurio.tests.serdes.apicurio.ProtobufSerdeIT" time="1.059">
    <system-out><![CDATA[2025-08-13 02:24:08,774 INFO  [io.api.tes.uti.TestSeparator] (main) ############################################################################
2025-08-13 02:24:08,774 INFO  [io.api.tes.uti.TestSeparator] (main) io.apicurio.tests.serdes.apicurio.ProtobufSerdeIT.testConsumeReturnSpecificClass-STARTED
2025-08-13 02:24:09,833 INFO  [io.api.tes.uti.TestSeparator] (main) io.apicurio.tests.serdes.apicurio.ProtobufSerdeIT.testConsumeReturnSpecificClass-FINISHED
2025-08-13 02:24:09,833 INFO  [io.api.tes.uti.TestSeparator] (main) ############################################################################
Test passed: testConsumeReturnSpecificClass
]]></system-out>
  </testcase>
  <testcase name="testFindLatestSpecificProtobufType" classname="io.apicurio.tests.serdes.apicurio.ProtobufSerdeIT" time="1.063">
    <system-out><![CDATA[2025-08-13 02:24:09,836 INFO  [io.api.tes.uti.TestSeparator] (main) ############################################################################
2025-08-13 02:24:09,836 INFO  [io.api.tes.uti.TestSeparator] (main) io.apicurio.tests.serdes.apicurio.ProtobufSerdeIT.testFindLatestSpecificProtobufType-STARTED
2025-08-13 02:24:10,896 INFO  [io.api.tes.uti.TestSeparator] (main) io.apicurio.tests.serdes.apicurio.ProtobufSerdeIT.testFindLatestSpecificProtobufType-FINISHED
2025-08-13 02:24:10,896 INFO  [io.api.tes.uti.TestSeparator] (main) ############################################################################
Test passed: testFindLatestSpecificProtobufType
]]></system-out>
  </testcase>
  <testcase name="testFindLatestDynamicMessageProtobufType" classname="io.apicurio.tests.serdes.apicurio.ProtobufSerdeIT" time="4.785">
    <system-out><![CDATA[2025-08-13 02:24:10,898 INFO  [io.api.tes.uti.TestSeparator] (main) ############################################################################
2025-08-13 02:24:10,898 INFO  [io.api.tes.uti.TestSeparator] (main) io.apicurio.tests.serdes.apicurio.ProtobufSerdeIT.testFindLatestDynamicMessageProtobufType-STARTED
**** Registry Base URL: http://registry-app-ksql043.apps.ci419.apicurio-testing.org:80
2025-08-13 02:24:11,957 INFO  [org.apa.kaf.cli.pro.ProducerConfig] (main) ProducerConfig values: 
	acks = -1
	auto.include.jmx.reporter = true
	batch.size = 16384
	bootstrap.servers = [PLAINTEXT://localhost:32769]
	buffer.memory = 33554432
	client.dns.lookup = use_all_dns_ips
	client.id = Producer-topic-4ee8c0ff_3bf7_4ef6_8e86_53fed5fb71ff
	compression.gzip.level = -1
	compression.lz4.level = 9
	compression.type = none
	compression.zstd.level = 3
	connections.max.idle.ms = 10000
	delivery.timeout.ms = 120000
	enable.idempotence = true
	enable.metrics.push = true
	interceptor.classes = []
	key.serializer = class org.apache.kafka.common.serialization.StringSerializer
	linger.ms = 0
	max.block.ms = 60000
	max.in.flight.requests.per.connection = 5
	max.request.size = 1048576
	metadata.max.age.ms = 300000
	metadata.max.idle.ms = 300000
	metadata.recovery.strategy = none
	metric.reporters = []
	metrics.num.samples = 2
	metrics.recording.level = INFO
	metrics.sample.window.ms = 30000
	partitioner.adaptive.partitioning.enable = true
	partitioner.availability.timeout.ms = 0
	partitioner.class = null
	partitioner.ignore.keys = false
	receive.buffer.bytes = 32768
	reconnect.backoff.max.ms = 1000
	reconnect.backoff.ms = 50
	request.timeout.ms = 5000
	retries = 2147483647
	retry.backoff.max.ms = 1000
	retry.backoff.ms = 100
	sasl.client.callback.handler.class = null
	sasl.jaas.config = null
	sasl.kerberos.kinit.cmd = /usr/bin/kinit
	sasl.kerberos.min.time.before.relogin = 60000
	sasl.kerberos.service.name = null
	sasl.kerberos.ticket.renew.jitter = 0.05
	sasl.kerberos.ticket.renew.window.factor = 0.8
	sasl.login.callback.handler.class = null
	sasl.login.class = null
	sasl.login.connect.timeout.ms = null
	sasl.login.read.timeout.ms = null
	sasl.login.refresh.buffer.seconds = 300
	sasl.login.refresh.min.period.seconds = 60
	sasl.login.refresh.window.factor = 0.8
	sasl.login.refresh.window.jitter = 0.05
	sasl.login.retry.backoff.max.ms = 10000
	sasl.login.retry.backoff.ms = 100
	sasl.mechanism = GSSAPI
	sasl.oauthbearer.clock.skew.seconds = 30
	sasl.oauthbearer.expected.audience = null
	sasl.oauthbearer.expected.issuer = null
	sasl.oauthbearer.header.urlencode = false
	sasl.oauthbearer.jwks.endpoint.refresh.ms = 3600000
	sasl.oauthbearer.jwks.endpoint.retry.backoff.max.ms = 10000
	sasl.oauthbearer.jwks.endpoint.retry.backoff.ms = 100
	sasl.oauthbearer.jwks.endpoint.url = null
	sasl.oauthbearer.scope.claim.name = scope
	sasl.oauthbearer.sub.claim.name = sub
	sasl.oauthbearer.token.endpoint.url = null
	security.protocol = PLAINTEXT
	security.providers = null
	send.buffer.bytes = 131072
	socket.connection.setup.timeout.max.ms = 30000
	socket.connection.setup.timeout.ms = 10000
	ssl.cipher.suites = null
	ssl.enabled.protocols = [TLSv1.2, TLSv1.3]
	ssl.endpoint.identification.algorithm = https
	ssl.engine.factory.class = null
	ssl.key.password = null
	ssl.keymanager.algorithm = SunX509
	ssl.keystore.certificate.chain = null
	ssl.keystore.key = null
	ssl.keystore.location = null
	ssl.keystore.password = null
	ssl.keystore.type = JKS
	ssl.protocol = TLSv1.3
	ssl.provider = null
	ssl.secure.random.implementation = null
	ssl.trustmanager.algorithm = PKIX
	ssl.truststore.certificates = null
	ssl.truststore.location = null
	ssl.truststore.password = null
	ssl.truststore.type = JKS
	transaction.timeout.ms = 60000
	transactional.id = null
	value.serializer = class io.apicurio.registry.serde.protobuf.ProtobufKafkaSerializer

2025-08-13 02:24:11,957 INFO  [org.apa.kaf.com.tel.int.KafkaMetricsCollector] (main) initializing Kafka metrics collector
2025-08-13 02:24:11,960 INFO  [org.apa.kaf.cli.pro.KafkaProducer] (main) [Producer clientId=Producer-topic-4ee8c0ff_3bf7_4ef6_8e86_53fed5fb71ff] Instantiated an idempotent producer.
2025-08-13 02:24:11,961 INFO  [org.apa.kaf.cli.pro.ProducerConfig] (main) These configurations '[apicurio.registry.find-latest, apicurio.registry.url, apicurio.registry.artifact-resolver-strategy]' were supplied but are not used yet.
2025-08-13 02:24:11,961 INFO  [org.apa.kaf.com.uti.AppInfoParser] (main) Kafka version: 3.9.1
2025-08-13 02:24:11,961 INFO  [org.apa.kaf.com.uti.AppInfoParser] (main) Kafka commitId: f745dfdcee2b9851
2025-08-13 02:24:11,961 INFO  [org.apa.kaf.com.uti.AppInfoParser] (main) Kafka startTimeMs: 1755051851961
2025-08-13 02:24:11,961 INFO  [io.api.tes.ser.api.SimpleSerdesTesterBuilder$SimpleSerdesTester] (main) Using producer configuration: {apicurio.registry.find-latest=true, apicurio.registry.url=http://registry-app-ksql043.apps.ci419.apicurio-testing.org:80/apis/registry/v3, apicurio.registry.artifact-resolver-strategy=io.apicurio.registry.serde.strategy.SimpleTopicIdStrategy, value.serializer=io.apicurio.registry.serde.protobuf.ProtobufKafkaSerializer, request.timeout.ms=5000, acks=all, bootstrap.servers=PLAINTEXT://localhost:32769, connections.max.idle.ms=10000, key.serializer=org.apache.kafka.common.serialization.StringSerializer, client.id=Producer-topic-4ee8c0ff_3bf7_4ef6_8e86_53fed5fb71ff}
2025-08-13 02:24:11,961 INFO  [io.api.tes.ser.api.SimpleSerdesTesterBuilder$SimpleSerdesTester] (main) Using consumer configuration: {apicurio.registry.deserializer.value.return-class=com.google.protobuf.DynamicMessage}
2025-08-13 02:24:11,961 INFO  [io.api.tes.ser.api.KafkaSerdesTester] (Thread-830) Sending message header {
  time {
  }
}
d1: 1.755051851961E12
s1: "a"
i1: 123
bi1: 1
point {
  longitude: 22.0
  latitude: 22.0
  altitude: 1.0
}
 to topic topic-4ee8c0ff_3bf7_4ef6_8e86_53fed5fb71ff
2025-08-13 02:24:11,964 INFO  [org.apa.kaf.cli.Metadata] (kafka-producer-network-thread | Producer-topic-4ee8c0ff_3bf7_4ef6_8e86_53fed5fb71ff) [Producer clientId=Producer-topic-4ee8c0ff_3bf7_4ef6_8e86_53fed5fb71ff] Cluster ID: pj3cISz0Q0OVF0qikwHveQ
2025-08-13 02:24:11,964 INFO  [org.apa.kaf.cli.pro.int.TransactionManager] (kafka-producer-network-thread | Producer-topic-4ee8c0ff_3bf7_4ef6_8e86_53fed5fb71ff) [Producer clientId=Producer-topic-4ee8c0ff_3bf7_4ef6_8e86_53fed5fb71ff] ProducerId set to 41 with epoch 0
2025-08-13 02:24:12,050 INFO  [io.api.tes.ser.api.KafkaSerdesTester] (Thread-830) Sending message header {
  time {
  }
}
d1: 1.75505185205E12
s1: "a"
i1: 123
bi1: 1
point {
  longitude: 22.0
  latitude: 22.0
  altitude: 1.0
}
 to topic topic-4ee8c0ff_3bf7_4ef6_8e86_53fed5fb71ff
2025-08-13 02:24:12,052 INFO  [io.api.tes.ser.api.KafkaSerdesTester] (Thread-830) Sending message header {
  time {
  }
}
d1: 1.755051852052E12
s1: "a"
i1: 123
bi1: 1
point {
  longitude: 22.0
  latitude: 22.0
  altitude: 1.0
}
 to topic topic-4ee8c0ff_3bf7_4ef6_8e86_53fed5fb71ff
2025-08-13 02:24:12,054 INFO  [io.api.tes.ser.api.KafkaSerdesTester] (Thread-830) Sending message header {
  time {
  }
}
d1: 1.755051852054E12
s1: "a"
i1: 123
bi1: 1
point {
  longitude: 22.0
  latitude: 22.0
  altitude: 1.0
}
 to topic topic-4ee8c0ff_3bf7_4ef6_8e86_53fed5fb71ff
2025-08-13 02:24:12,056 INFO  [io.api.tes.ser.api.KafkaSerdesTester] (Thread-830) Sending message header {
  time {
  }
}
d1: 1.755051852056E12
s1: "a"
i1: 123
bi1: 1
point {
  longitude: 22.0
  latitude: 22.0
  altitude: 1.0
}
 to topic topic-4ee8c0ff_3bf7_4ef6_8e86_53fed5fb71ff
2025-08-13 02:24:12,059 INFO  [io.api.tes.ser.api.KafkaSerdesTester] (Thread-830) Sending message header {
  time {
  }
}
d1: 1.755051852059E12
s1: "a"
i1: 123
bi1: 1
point {
  longitude: 22.0
  latitude: 22.0
  altitude: 1.0
}
 to topic topic-4ee8c0ff_3bf7_4ef6_8e86_53fed5fb71ff
2025-08-13 02:24:12,061 INFO  [io.api.tes.ser.api.KafkaSerdesTester] (Thread-830) Sending message header {
  time {
  }
}
d1: 1.755051852061E12
s1: "a"
i1: 123
bi1: 1
point {
  longitude: 22.0
  latitude: 22.0
  altitude: 1.0
}
 to topic topic-4ee8c0ff_3bf7_4ef6_8e86_53fed5fb71ff
2025-08-13 02:24:12,062 INFO  [io.api.tes.ser.api.KafkaSerdesTester] (Thread-830) Sending message header {
  time {
  }
}
d1: 1.755051852062E12
s1: "a"
i1: 123
bi1: 1
point {
  longitude: 22.0
  latitude: 22.0
  altitude: 1.0
}
 to topic topic-4ee8c0ff_3bf7_4ef6_8e86_53fed5fb71ff
2025-08-13 02:24:12,063 INFO  [io.api.tes.ser.api.KafkaSerdesTester] (Thread-830) Sending message header {
  time {
  }
}
d1: 1.755051852063E12
s1: "a"
i1: 123
bi1: 1
point {
  longitude: 22.0
  latitude: 22.0
  altitude: 1.0
}
 to topic topic-4ee8c0ff_3bf7_4ef6_8e86_53fed5fb71ff
2025-08-13 02:24:12,069 INFO  [io.api.tes.ser.api.KafkaSerdesTester] (Thread-830) Sending message header {
  time {
  }
}
d1: 1.755051852069E12
s1: "a"
i1: 123
bi1: 1
point {
  longitude: 22.0
  latitude: 22.0
  altitude: 1.0
}
 to topic topic-4ee8c0ff_3bf7_4ef6_8e86_53fed5fb71ff
2025-08-13 02:24:12,071 INFO  [io.api.tes.ser.api.KafkaSerdesTester] (Thread-830) Produced 10 messages
2025-08-13 02:24:12,071 INFO  [org.apa.kaf.cli.pro.KafkaProducer] (Thread-830) [Producer clientId=Producer-topic-4ee8c0ff_3bf7_4ef6_8e86_53fed5fb71ff] Closing the Kafka producer with timeoutMillis = 9223372036854775807 ms.
2025-08-13 02:24:12,077 INFO  [org.apa.kaf.com.met.Metrics] (Thread-830) Metrics scheduler closed
2025-08-13 02:24:12,077 INFO  [org.apa.kaf.com.met.Metrics] (Thread-830) Closing reporter org.apache.kafka.common.metrics.JmxReporter
2025-08-13 02:24:12,077 INFO  [org.apa.kaf.com.met.Metrics] (Thread-830) Closing reporter org.apache.kafka.common.telemetry.internals.ClientTelemetryReporter
2025-08-13 02:24:12,077 INFO  [org.apa.kaf.com.met.Metrics] (Thread-830) Metrics reporters closed
2025-08-13 02:24:12,077 INFO  [org.apa.kaf.com.uti.AppInfoParser] (Thread-830) App info kafka.producer for Producer-topic-4ee8c0ff_3bf7_4ef6_8e86_53fed5fb71ff unregistered
**** Registry Base URL: http://registry-app-ksql043.apps.ci419.apicurio-testing.org:80
2025-08-13 02:24:12,078 INFO  [org.apa.kaf.cli.con.ConsumerConfig] (main) ConsumerConfig values: 
	allow.auto.create.topics = true
	auto.commit.interval.ms = 500
	auto.include.jmx.reporter = true
	auto.offset.reset = earliest
	bootstrap.servers = [PLAINTEXT://localhost:32769]
	check.crcs = true
	client.dns.lookup = use_all_dns_ips
	client.id = consumer-Consumer-topic-4ee8c0ff_3bf7_4ef6_8e86_53fed5fb71ff-31
	client.rack = 
	connections.max.idle.ms = 10000
	default.api.timeout.ms = 60000
	enable.auto.commit = true
	enable.metrics.push = true
	exclude.internal.topics = true
	fetch.max.bytes = 52428800
	fetch.max.wait.ms = 500
	fetch.min.bytes = 1
	group.id = Consumer-topic-4ee8c0ff_3bf7_4ef6_8e86_53fed5fb71ff
	group.instance.id = null
	group.protocol = classic
	group.remote.assignor = null
	heartbeat.interval.ms = 3000
	interceptor.classes = []
	internal.leave.group.on.close = true
	internal.throw.on.fetch.stable.offset.unsupported = false
	isolation.level = read_uncommitted
	key.deserializer = class org.apache.kafka.common.serialization.StringDeserializer
	max.partition.fetch.bytes = 1048576
	max.poll.interval.ms = 300000
	max.poll.records = 500
	metadata.max.age.ms = 300000
	metadata.recovery.strategy = none
	metric.reporters = []
	metrics.num.samples = 2
	metrics.recording.level = INFO
	metrics.sample.window.ms = 30000
	partition.assignment.strategy = [class org.apache.kafka.clients.consumer.RangeAssignor, class org.apache.kafka.clients.consumer.CooperativeStickyAssignor]
	receive.buffer.bytes = 65536
	reconnect.backoff.max.ms = 1000
	reconnect.backoff.ms = 50
	request.timeout.ms = 5000
	retry.backoff.max.ms = 1000
	retry.backoff.ms = 100
	sasl.client.callback.handler.class = null
	sasl.jaas.config = null
	sasl.kerberos.kinit.cmd = /usr/bin/kinit
	sasl.kerberos.min.time.before.relogin = 60000
	sasl.kerberos.service.name = null
	sasl.kerberos.ticket.renew.jitter = 0.05
	sasl.kerberos.ticket.renew.window.factor = 0.8
	sasl.login.callback.handler.class = null
	sasl.login.class = null
	sasl.login.connect.timeout.ms = null
	sasl.login.read.timeout.ms = null
	sasl.login.refresh.buffer.seconds = 300
	sasl.login.refresh.min.period.seconds = 60
	sasl.login.refresh.window.factor = 0.8
	sasl.login.refresh.window.jitter = 0.05
	sasl.login.retry.backoff.max.ms = 10000
	sasl.login.retry.backoff.ms = 100
	sasl.mechanism = GSSAPI
	sasl.oauthbearer.clock.skew.seconds = 30
	sasl.oauthbearer.expected.audience = null
	sasl.oauthbearer.expected.issuer = null
	sasl.oauthbearer.header.urlencode = false
	sasl.oauthbearer.jwks.endpoint.refresh.ms = 3600000
	sasl.oauthbearer.jwks.endpoint.retry.backoff.max.ms = 10000
	sasl.oauthbearer.jwks.endpoint.retry.backoff.ms = 100
	sasl.oauthbearer.jwks.endpoint.url = null
	sasl.oauthbearer.scope.claim.name = scope
	sasl.oauthbearer.sub.claim.name = sub
	sasl.oauthbearer.token.endpoint.url = null
	security.protocol = PLAINTEXT
	security.providers = null
	send.buffer.bytes = 131072
	session.timeout.ms = 45000
	socket.connection.setup.timeout.max.ms = 30000
	socket.connection.setup.timeout.ms = 10000
	ssl.cipher.suites = null
	ssl.enabled.protocols = [TLSv1.2, TLSv1.3]
	ssl.endpoint.identification.algorithm = https
	ssl.engine.factory.class = null
	ssl.key.password = null
	ssl.keymanager.algorithm = SunX509
	ssl.keystore.certificate.chain = null
	ssl.keystore.key = null
	ssl.keystore.location = null
	ssl.keystore.password = null
	ssl.keystore.type = JKS
	ssl.protocol = TLSv1.3
	ssl.provider = null
	ssl.secure.random.implementation = null
	ssl.trustmanager.algorithm = PKIX
	ssl.truststore.certificates = null
	ssl.truststore.location = null
	ssl.truststore.password = null
	ssl.truststore.type = JKS
	value.deserializer = class io.apicurio.registry.serde.protobuf.ProtobufKafkaDeserializer

2025-08-13 02:24:12,078 INFO  [org.apa.kaf.com.tel.int.KafkaMetricsCollector] (main) initializing Kafka metrics collector
2025-08-13 02:24:12,086 INFO  [org.apa.kaf.cli.con.ConsumerConfig] (main) These configurations '[apicurio.registry.deserializer.value.return-class, apicurio.registry.url]' were supplied but are not used yet.
2025-08-13 02:24:12,086 INFO  [org.apa.kaf.com.uti.AppInfoParser] (main) Kafka version: 3.9.1
2025-08-13 02:24:12,086 INFO  [org.apa.kaf.com.uti.AppInfoParser] (main) Kafka commitId: f745dfdcee2b9851
2025-08-13 02:24:12,086 INFO  [org.apa.kaf.com.uti.AppInfoParser] (main) Kafka startTimeMs: 1755051852086
2025-08-13 02:24:12,087 INFO  [org.apa.kaf.cli.con.int.ClassicKafkaConsumer] (Thread-833) [Consumer clientId=consumer-Consumer-topic-4ee8c0ff_3bf7_4ef6_8e86_53fed5fb71ff-31, groupId=Consumer-topic-4ee8c0ff_3bf7_4ef6_8e86_53fed5fb71ff] Subscribed to topic(s): topic-4ee8c0ff_3bf7_4ef6_8e86_53fed5fb71ff
2025-08-13 02:24:12,090 INFO  [org.apa.kaf.cli.Metadata] (Thread-833) [Consumer clientId=consumer-Consumer-topic-4ee8c0ff_3bf7_4ef6_8e86_53fed5fb71ff-31, groupId=Consumer-topic-4ee8c0ff_3bf7_4ef6_8e86_53fed5fb71ff] Cluster ID: pj3cISz0Q0OVF0qikwHveQ
2025-08-13 02:24:12,091 INFO  [org.apa.kaf.cli.con.int.ConsumerCoordinator] (Thread-833) [Consumer clientId=consumer-Consumer-topic-4ee8c0ff_3bf7_4ef6_8e86_53fed5fb71ff-31, groupId=Consumer-topic-4ee8c0ff_3bf7_4ef6_8e86_53fed5fb71ff] Discovered group coordinator localhost:32769 (id: 2147483647 rack: null)
2025-08-13 02:24:12,092 INFO  [org.apa.kaf.cli.con.int.ConsumerCoordinator] (Thread-833) [Consumer clientId=consumer-Consumer-topic-4ee8c0ff_3bf7_4ef6_8e86_53fed5fb71ff-31, groupId=Consumer-topic-4ee8c0ff_3bf7_4ef6_8e86_53fed5fb71ff] (Re-)joining group
2025-08-13 02:24:12,094 INFO  [org.apa.kaf.cli.con.int.ConsumerCoordinator] (Thread-833) [Consumer clientId=consumer-Consumer-topic-4ee8c0ff_3bf7_4ef6_8e86_53fed5fb71ff-31, groupId=Consumer-topic-4ee8c0ff_3bf7_4ef6_8e86_53fed5fb71ff] Request joining group due to: need to re-join with the given member-id: consumer-Consumer-topic-4ee8c0ff_3bf7_4ef6_8e86_53fed5fb71ff-31-e872bdfc-2f0d-4596-ad29-0ba6418733c4
2025-08-13 02:24:12,094 INFO  [org.apa.kaf.cli.con.int.ConsumerCoordinator] (Thread-833) [Consumer clientId=consumer-Consumer-topic-4ee8c0ff_3bf7_4ef6_8e86_53fed5fb71ff-31, groupId=Consumer-topic-4ee8c0ff_3bf7_4ef6_8e86_53fed5fb71ff] (Re-)joining group
2025-08-13 02:24:13,088 INFO  [io.api.tes.ser.api.KafkaSerdesTester] (Thread-833) None found
2025-08-13 02:24:14,088 INFO  [io.api.tes.ser.api.KafkaSerdesTester] (Thread-833) None found
2025-08-13 02:24:15,088 INFO  [io.api.tes.ser.api.KafkaSerdesTester] (Thread-833) None found
2025-08-13 02:24:15,096 INFO  [org.apa.kaf.cli.con.int.ConsumerCoordinator] (Thread-833) [Consumer clientId=consumer-Consumer-topic-4ee8c0ff_3bf7_4ef6_8e86_53fed5fb71ff-31, groupId=Consumer-topic-4ee8c0ff_3bf7_4ef6_8e86_53fed5fb71ff] Successfully joined group with generation Generation{generationId=1, memberId='consumer-Consumer-topic-4ee8c0ff_3bf7_4ef6_8e86_53fed5fb71ff-31-e872bdfc-2f0d-4596-ad29-0ba6418733c4', protocol='range'}
2025-08-13 02:24:15,096 INFO  [org.apa.kaf.cli.con.int.ConsumerCoordinator] (Thread-833) [Consumer clientId=consumer-Consumer-topic-4ee8c0ff_3bf7_4ef6_8e86_53fed5fb71ff-31, groupId=Consumer-topic-4ee8c0ff_3bf7_4ef6_8e86_53fed5fb71ff] Finished assignment for group at generation 1: {consumer-Consumer-topic-4ee8c0ff_3bf7_4ef6_8e86_53fed5fb71ff-31-e872bdfc-2f0d-4596-ad29-0ba6418733c4=Assignment(partitions=[topic-4ee8c0ff_3bf7_4ef6_8e86_53fed5fb71ff-0])}
2025-08-13 02:24:15,103 INFO  [org.apa.kaf.cli.con.int.ConsumerCoordinator] (Thread-833) [Consumer clientId=consumer-Consumer-topic-4ee8c0ff_3bf7_4ef6_8e86_53fed5fb71ff-31, groupId=Consumer-topic-4ee8c0ff_3bf7_4ef6_8e86_53fed5fb71ff] Successfully synced group in generation Generation{generationId=1, memberId='consumer-Consumer-topic-4ee8c0ff_3bf7_4ef6_8e86_53fed5fb71ff-31-e872bdfc-2f0d-4596-ad29-0ba6418733c4', protocol='range'}
2025-08-13 02:24:15,103 INFO  [org.apa.kaf.cli.con.int.ConsumerCoordinator] (Thread-833) [Consumer clientId=consumer-Consumer-topic-4ee8c0ff_3bf7_4ef6_8e86_53fed5fb71ff-31, groupId=Consumer-topic-4ee8c0ff_3bf7_4ef6_8e86_53fed5fb71ff] Notifying assignor about the new Assignment(partitions=[topic-4ee8c0ff_3bf7_4ef6_8e86_53fed5fb71ff-0])
2025-08-13 02:24:15,103 INFO  [org.apa.kaf.cli.con.int.ConsumerRebalanceListenerInvoker] (Thread-833) [Consumer clientId=consumer-Consumer-topic-4ee8c0ff_3bf7_4ef6_8e86_53fed5fb71ff-31, groupId=Consumer-topic-4ee8c0ff_3bf7_4ef6_8e86_53fed5fb71ff] Adding newly assigned partitions: topic-4ee8c0ff_3bf7_4ef6_8e86_53fed5fb71ff-0
2025-08-13 02:24:15,104 INFO  [org.apa.kaf.cli.con.int.ConsumerCoordinator] (Thread-833) [Consumer clientId=consumer-Consumer-topic-4ee8c0ff_3bf7_4ef6_8e86_53fed5fb71ff-31, groupId=Consumer-topic-4ee8c0ff_3bf7_4ef6_8e86_53fed5fb71ff] Found no committed offset for partition topic-4ee8c0ff_3bf7_4ef6_8e86_53fed5fb71ff-0
2025-08-13 02:24:15,106 INFO  [org.apa.kaf.cli.con.int.SubscriptionState] (Thread-833) [Consumer clientId=consumer-Consumer-topic-4ee8c0ff_3bf7_4ef6_8e86_53fed5fb71ff-31, groupId=Consumer-topic-4ee8c0ff_3bf7_4ef6_8e86_53fed5fb71ff] Resetting offset for partition topic-4ee8c0ff_3bf7_4ef6_8e86_53fed5fb71ff-0 to position FetchPosition{offset=0, offsetEpoch=Optional.empty, currentLeader=LeaderAndEpoch{leader=Optional[localhost:32769 (id: 0 rack: null)], epoch=0}}.
2025-08-13 02:24:15,176 INFO  [io.api.tes.ser.api.KafkaSerdesTester] (Thread-833) topic-4ee8c0ff_3bf7_4ef6_8e86_53fed5fb71ff 0 0 header {
  time {
  }
}
d1: 1.755051851961E12
s1: "a"
i1: 123
bi1: 1
point {
  longitude: 22.0
  latitude: 22.0
  altitude: 1.0
}

2025-08-13 02:24:15,176 INFO  [io.api.tes.ser.api.KafkaSerdesTester] (Thread-833) topic-4ee8c0ff_3bf7_4ef6_8e86_53fed5fb71ff 0 1 header {
  time {
  }
}
d1: 1.75505185205E12
s1: "a"
i1: 123
bi1: 1
point {
  longitude: 22.0
  latitude: 22.0
  altitude: 1.0
}

2025-08-13 02:24:15,176 INFO  [io.api.tes.ser.api.KafkaSerdesTester] (Thread-833) topic-4ee8c0ff_3bf7_4ef6_8e86_53fed5fb71ff 0 2 header {
  time {
  }
}
d1: 1.755051852052E12
s1: "a"
i1: 123
bi1: 1
point {
  longitude: 22.0
  latitude: 22.0
  altitude: 1.0
}

2025-08-13 02:24:15,176 INFO  [io.api.tes.ser.api.KafkaSerdesTester] (Thread-833) topic-4ee8c0ff_3bf7_4ef6_8e86_53fed5fb71ff 0 3 header {
  time {
  }
}
d1: 1.755051852054E12
s1: "a"
i1: 123
bi1: 1
point {
  longitude: 22.0
  latitude: 22.0
  altitude: 1.0
}

2025-08-13 02:24:15,176 INFO  [io.api.tes.ser.api.KafkaSerdesTester] (Thread-833) topic-4ee8c0ff_3bf7_4ef6_8e86_53fed5fb71ff 0 4 header {
  time {
  }
}
d1: 1.755051852056E12
s1: "a"
i1: 123
bi1: 1
point {
  longitude: 22.0
  latitude: 22.0
  altitude: 1.0
}

2025-08-13 02:24:15,177 INFO  [io.api.tes.ser.api.KafkaSerdesTester] (Thread-833) topic-4ee8c0ff_3bf7_4ef6_8e86_53fed5fb71ff 0 5 header {
  time {
  }
}
d1: 1.755051852059E12
s1: "a"
i1: 123
bi1: 1
point {
  longitude: 22.0
  latitude: 22.0
  altitude: 1.0
}

2025-08-13 02:24:15,177 INFO  [io.api.tes.ser.api.KafkaSerdesTester] (Thread-833) topic-4ee8c0ff_3bf7_4ef6_8e86_53fed5fb71ff 0 6 header {
  time {
  }
}
d1: 1.755051852061E12
s1: "a"
i1: 123
bi1: 1
point {
  longitude: 22.0
  latitude: 22.0
  altitude: 1.0
}

2025-08-13 02:24:15,177 INFO  [io.api.tes.ser.api.KafkaSerdesTester] (Thread-833) topic-4ee8c0ff_3bf7_4ef6_8e86_53fed5fb71ff 0 7 header {
  time {
  }
}
d1: 1.755051852062E12
s1: "a"
i1: 123
bi1: 1
point {
  longitude: 22.0
  latitude: 22.0
  altitude: 1.0
}

2025-08-13 02:24:15,177 INFO  [io.api.tes.ser.api.KafkaSerdesTester] (Thread-833) topic-4ee8c0ff_3bf7_4ef6_8e86_53fed5fb71ff 0 8 header {
  time {
  }
}
d1: 1.755051852063E12
s1: "a"
i1: 123
bi1: 1
point {
  longitude: 22.0
  latitude: 22.0
  altitude: 1.0
}

2025-08-13 02:24:15,177 INFO  [io.api.tes.ser.api.KafkaSerdesTester] (Thread-833) topic-4ee8c0ff_3bf7_4ef6_8e86_53fed5fb71ff 0 9 header {
  time {
  }
}
d1: 1.755051852069E12
s1: "a"
i1: 123
bi1: 1
point {
  longitude: 22.0
  latitude: 22.0
  altitude: 1.0
}

2025-08-13 02:24:15,177 INFO  [io.api.tes.ser.api.KafkaSerdesTester] (Thread-833) Consumed 10 messages
2025-08-13 02:24:15,184 INFO  [org.apa.kaf.cli.con.int.ConsumerRebalanceListenerInvoker] (Thread-833) [Consumer clientId=consumer-Consumer-topic-4ee8c0ff_3bf7_4ef6_8e86_53fed5fb71ff-31, groupId=Consumer-topic-4ee8c0ff_3bf7_4ef6_8e86_53fed5fb71ff] Revoke previously assigned partitions topic-4ee8c0ff_3bf7_4ef6_8e86_53fed5fb71ff-0
2025-08-13 02:24:15,184 INFO  [org.apa.kaf.cli.con.int.ConsumerCoordinator] (Thread-833) [Consumer clientId=consumer-Consumer-topic-4ee8c0ff_3bf7_4ef6_8e86_53fed5fb71ff-31, groupId=Consumer-topic-4ee8c0ff_3bf7_4ef6_8e86_53fed5fb71ff] Member consumer-Consumer-topic-4ee8c0ff_3bf7_4ef6_8e86_53fed5fb71ff-31-e872bdfc-2f0d-4596-ad29-0ba6418733c4 sending LeaveGroup request to coordinator localhost:32769 (id: 2147483647 rack: null) due to the consumer is being closed
2025-08-13 02:24:15,184 INFO  [org.apa.kaf.cli.con.int.ConsumerCoordinator] (Thread-833) [Consumer clientId=consumer-Consumer-topic-4ee8c0ff_3bf7_4ef6_8e86_53fed5fb71ff-31, groupId=Consumer-topic-4ee8c0ff_3bf7_4ef6_8e86_53fed5fb71ff] Resetting generation and member id due to: consumer pro-actively leaving the group
2025-08-13 02:24:15,184 INFO  [org.apa.kaf.cli.con.int.ConsumerCoordinator] (Thread-833) [Consumer clientId=consumer-Consumer-topic-4ee8c0ff_3bf7_4ef6_8e86_53fed5fb71ff-31, groupId=Consumer-topic-4ee8c0ff_3bf7_4ef6_8e86_53fed5fb71ff] Request joining group due to: consumer pro-actively leaving the group
2025-08-13 02:24:15,679 INFO  [org.apa.kaf.com.met.Metrics] (Thread-833) Metrics scheduler closed
2025-08-13 02:24:15,680 INFO  [org.apa.kaf.com.met.Metrics] (Thread-833) Closing reporter org.apache.kafka.common.metrics.JmxReporter
2025-08-13 02:24:15,680 INFO  [org.apa.kaf.com.met.Metrics] (Thread-833) Closing reporter org.apache.kafka.common.telemetry.internals.ClientTelemetryReporter
2025-08-13 02:24:15,680 INFO  [org.apa.kaf.com.met.Metrics] (Thread-833) Metrics reporters closed
2025-08-13 02:24:15,681 INFO  [org.apa.kaf.com.uti.AppInfoParser] (Thread-833) App info kafka.consumer for consumer-Consumer-topic-4ee8c0ff_3bf7_4ef6_8e86_53fed5fb71ff-31 unregistered
2025-08-13 02:24:15,681 INFO  [io.api.tes.uti.TestSeparator] (main) io.apicurio.tests.serdes.apicurio.ProtobufSerdeIT.testFindLatestDynamicMessageProtobufType-FINISHED
2025-08-13 02:24:15,681 INFO  [io.api.tes.uti.TestSeparator] (main) ############################################################################
Test passed: testFindLatestDynamicMessageProtobufType
]]></system-out>
  </testcase>
  <testcase name="testFindLatestDeriveClassProtobufTypeSimpleTopicIdStrategy" classname="io.apicurio.tests.serdes.apicurio.ProtobufSerdeIT" time="1.064">
    <system-out><![CDATA[2025-08-13 02:24:15,683 INFO  [io.api.tes.uti.TestSeparator] (main) ############################################################################
2025-08-13 02:24:15,683 INFO  [io.api.tes.uti.TestSeparator] (main) io.apicurio.tests.serdes.apicurio.ProtobufSerdeIT.testFindLatestDeriveClassProtobufTypeSimpleTopicIdStrategy-STARTED
2025-08-13 02:24:16,746 INFO  [io.api.tes.uti.TestSeparator] (main) io.apicurio.tests.serdes.apicurio.ProtobufSerdeIT.testFindLatestDeriveClassProtobufTypeSimpleTopicIdStrategy-FINISHED
2025-08-13 02:24:16,746 INFO  [io.api.tes.uti.TestSeparator] (main) ############################################################################
Test passed: testFindLatestDeriveClassProtobufTypeSimpleTopicIdStrategy
]]></system-out>
  </testcase>
  <testcase name="testFindLatestAndUseBody" classname="io.apicurio.tests.serdes.apicurio.ProtobufSerdeIT" time="4.741">
    <system-out><![CDATA[2025-08-13 02:24:16,748 INFO  [io.api.tes.uti.TestSeparator] (main) ############################################################################
2025-08-13 02:24:16,748 INFO  [io.api.tes.uti.TestSeparator] (main) io.apicurio.tests.serdes.apicurio.ProtobufSerdeIT.testFindLatestAndUseBody-STARTED
**** Registry Base URL: http://registry-app-ksql043.apps.ci419.apicurio-testing.org:80
2025-08-13 02:24:17,804 INFO  [org.apa.kaf.cli.pro.ProducerConfig] (main) ProducerConfig values: 
	acks = -1
	auto.include.jmx.reporter = true
	batch.size = 16384
	bootstrap.servers = [PLAINTEXT://localhost:32769]
	buffer.memory = 33554432
	client.dns.lookup = use_all_dns_ips
	client.id = Producer-topic-6f7817f7_c4d3_4b7c_89f6_f19e3b068e91
	compression.gzip.level = -1
	compression.lz4.level = 9
	compression.type = none
	compression.zstd.level = 3
	connections.max.idle.ms = 10000
	delivery.timeout.ms = 120000
	enable.idempotence = true
	enable.metrics.push = true
	interceptor.classes = []
	key.serializer = class org.apache.kafka.common.serialization.StringSerializer
	linger.ms = 0
	max.block.ms = 60000
	max.in.flight.requests.per.connection = 5
	max.request.size = 1048576
	metadata.max.age.ms = 300000
	metadata.max.idle.ms = 300000
	metadata.recovery.strategy = none
	metric.reporters = []
	metrics.num.samples = 2
	metrics.recording.level = INFO
	metrics.sample.window.ms = 30000
	partitioner.adaptive.partitioning.enable = true
	partitioner.availability.timeout.ms = 0
	partitioner.class = null
	partitioner.ignore.keys = false
	receive.buffer.bytes = 32768
	reconnect.backoff.max.ms = 1000
	reconnect.backoff.ms = 50
	request.timeout.ms = 5000
	retries = 2147483647
	retry.backoff.max.ms = 1000
	retry.backoff.ms = 100
	sasl.client.callback.handler.class = null
	sasl.jaas.config = null
	sasl.kerberos.kinit.cmd = /usr/bin/kinit
	sasl.kerberos.min.time.before.relogin = 60000
	sasl.kerberos.service.name = null
	sasl.kerberos.ticket.renew.jitter = 0.05
	sasl.kerberos.ticket.renew.window.factor = 0.8
	sasl.login.callback.handler.class = null
	sasl.login.class = null
	sasl.login.connect.timeout.ms = null
	sasl.login.read.timeout.ms = null
	sasl.login.refresh.buffer.seconds = 300
	sasl.login.refresh.min.period.seconds = 60
	sasl.login.refresh.window.factor = 0.8
	sasl.login.refresh.window.jitter = 0.05
	sasl.login.retry.backoff.max.ms = 10000
	sasl.login.retry.backoff.ms = 100
	sasl.mechanism = GSSAPI
	sasl.oauthbearer.clock.skew.seconds = 30
	sasl.oauthbearer.expected.audience = null
	sasl.oauthbearer.expected.issuer = null
	sasl.oauthbearer.header.urlencode = false
	sasl.oauthbearer.jwks.endpoint.refresh.ms = 3600000
	sasl.oauthbearer.jwks.endpoint.retry.backoff.max.ms = 10000
	sasl.oauthbearer.jwks.endpoint.retry.backoff.ms = 100
	sasl.oauthbearer.jwks.endpoint.url = null
	sasl.oauthbearer.scope.claim.name = scope
	sasl.oauthbearer.sub.claim.name = sub
	sasl.oauthbearer.token.endpoint.url = null
	security.protocol = PLAINTEXT
	security.providers = null
	send.buffer.bytes = 131072
	socket.connection.setup.timeout.max.ms = 30000
	socket.connection.setup.timeout.ms = 10000
	ssl.cipher.suites = null
	ssl.enabled.protocols = [TLSv1.2, TLSv1.3]
	ssl.endpoint.identification.algorithm = https
	ssl.engine.factory.class = null
	ssl.key.password = null
	ssl.keymanager.algorithm = SunX509
	ssl.keystore.certificate.chain = null
	ssl.keystore.key = null
	ssl.keystore.location = null
	ssl.keystore.password = null
	ssl.keystore.type = JKS
	ssl.protocol = TLSv1.3
	ssl.provider = null
	ssl.secure.random.implementation = null
	ssl.trustmanager.algorithm = PKIX
	ssl.truststore.certificates = null
	ssl.truststore.location = null
	ssl.truststore.password = null
	ssl.truststore.type = JKS
	transaction.timeout.ms = 60000
	transactional.id = null
	value.serializer = class io.apicurio.registry.serde.protobuf.ProtobufKafkaSerializer

2025-08-13 02:24:17,804 INFO  [org.apa.kaf.com.tel.int.KafkaMetricsCollector] (main) initializing Kafka metrics collector
2025-08-13 02:24:17,807 INFO  [org.apa.kaf.cli.pro.KafkaProducer] (main) [Producer clientId=Producer-topic-6f7817f7_c4d3_4b7c_89f6_f19e3b068e91] Instantiated an idempotent producer.
2025-08-13 02:24:17,808 INFO  [org.apa.kaf.cli.pro.ProducerConfig] (main) These configurations '[apicurio.registry.find-latest, apicurio.registry.url, apicurio.registry.artifact-resolver-strategy]' were supplied but are not used yet.
2025-08-13 02:24:17,808 INFO  [org.apa.kaf.com.uti.AppInfoParser] (main) Kafka version: 3.9.1
2025-08-13 02:24:17,808 INFO  [org.apa.kaf.com.uti.AppInfoParser] (main) Kafka commitId: f745dfdcee2b9851
2025-08-13 02:24:17,808 INFO  [org.apa.kaf.com.uti.AppInfoParser] (main) Kafka startTimeMs: 1755051857808
2025-08-13 02:24:17,808 INFO  [io.api.tes.ser.api.SimpleSerdesTesterBuilder$SimpleSerdesTester] (main) Using producer configuration: {apicurio.registry.find-latest=true, apicurio.registry.url=http://registry-app-ksql043.apps.ci419.apicurio-testing.org:80/apis/registry/v3, apicurio.registry.artifact-resolver-strategy=io.apicurio.registry.serde.strategy.TopicIdStrategy, value.serializer=io.apicurio.registry.serde.protobuf.ProtobufKafkaSerializer, request.timeout.ms=5000, acks=all, bootstrap.servers=PLAINTEXT://localhost:32769, connections.max.idle.ms=10000, key.serializer=org.apache.kafka.common.serialization.StringSerializer, client.id=Producer-topic-6f7817f7_c4d3_4b7c_89f6_f19e3b068e91}
2025-08-13 02:24:17,808 INFO  [io.api.tes.ser.api.SimpleSerdesTesterBuilder$SimpleSerdesTester] (main) Using consumer configuration: {}
2025-08-13 02:24:17,808 INFO  [io.api.tes.ser.api.KafkaSerdesTester] (Thread-836) Sending message header {
  time {
  }
}
d1: 1.755051857808E12
s1: "a"
i1: 123
bi1: 1
point {
  longitude: 22.0
  latitude: 22.0
  altitude: 1.0
}
 to topic topic-6f7817f7_c4d3_4b7c_89f6_f19e3b068e91
2025-08-13 02:24:17,811 INFO  [org.apa.kaf.cli.Metadata] (kafka-producer-network-thread | Producer-topic-6f7817f7_c4d3_4b7c_89f6_f19e3b068e91) [Producer clientId=Producer-topic-6f7817f7_c4d3_4b7c_89f6_f19e3b068e91] Cluster ID: pj3cISz0Q0OVF0qikwHveQ
2025-08-13 02:24:17,811 INFO  [org.apa.kaf.cli.pro.int.TransactionManager] (kafka-producer-network-thread | Producer-topic-6f7817f7_c4d3_4b7c_89f6_f19e3b068e91) [Producer clientId=Producer-topic-6f7817f7_c4d3_4b7c_89f6_f19e3b068e91] ProducerId set to 42 with epoch 0
2025-08-13 02:24:17,864 INFO  [io.api.tes.ser.api.KafkaSerdesTester] (Thread-836) Sending message header {
  time {
  }
}
d1: 1.755051857864E12
s1: "a"
i1: 123
bi1: 1
point {
  longitude: 22.0
  latitude: 22.0
  altitude: 1.0
}
 to topic topic-6f7817f7_c4d3_4b7c_89f6_f19e3b068e91
2025-08-13 02:24:17,869 INFO  [io.api.tes.ser.api.KafkaSerdesTester] (Thread-836) Sending message header {
  time {
  }
}
d1: 1.755051857869E12
s1: "a"
i1: 123
bi1: 1
point {
  longitude: 22.0
  latitude: 22.0
  altitude: 1.0
}
 to topic topic-6f7817f7_c4d3_4b7c_89f6_f19e3b068e91
2025-08-13 02:24:17,872 INFO  [io.api.tes.ser.api.KafkaSerdesTester] (Thread-836) Sending message header {
  time {
  }
}
d1: 1.755051857871E12
s1: "a"
i1: 123
bi1: 1
point {
  longitude: 22.0
  latitude: 22.0
  altitude: 1.0
}
 to topic topic-6f7817f7_c4d3_4b7c_89f6_f19e3b068e91
2025-08-13 02:24:17,874 INFO  [io.api.tes.ser.api.KafkaSerdesTester] (Thread-836) Sending message header {
  time {
  }
}
d1: 1.755051857874E12
s1: "a"
i1: 123
bi1: 1
point {
  longitude: 22.0
  latitude: 22.0
  altitude: 1.0
}
 to topic topic-6f7817f7_c4d3_4b7c_89f6_f19e3b068e91
2025-08-13 02:24:17,879 INFO  [io.api.tes.ser.api.KafkaSerdesTester] (Thread-836) Sending message header {
  time {
  }
}
d1: 1.755051857879E12
s1: "a"
i1: 123
bi1: 1
point {
  longitude: 22.0
  latitude: 22.0
  altitude: 1.0
}
 to topic topic-6f7817f7_c4d3_4b7c_89f6_f19e3b068e91
2025-08-13 02:24:17,882 INFO  [io.api.tes.ser.api.KafkaSerdesTester] (Thread-836) Sending message header {
  time {
  }
}
d1: 1.755051857882E12
s1: "a"
i1: 123
bi1: 1
point {
  longitude: 22.0
  latitude: 22.0
  altitude: 1.0
}
 to topic topic-6f7817f7_c4d3_4b7c_89f6_f19e3b068e91
2025-08-13 02:24:17,884 INFO  [io.api.tes.ser.api.KafkaSerdesTester] (Thread-836) Sending message header {
  time {
  }
}
d1: 1.755051857884E12
s1: "a"
i1: 123
bi1: 1
point {
  longitude: 22.0
  latitude: 22.0
  altitude: 1.0
}
 to topic topic-6f7817f7_c4d3_4b7c_89f6_f19e3b068e91
2025-08-13 02:24:17,887 INFO  [io.api.tes.ser.api.KafkaSerdesTester] (Thread-836) Sending message header {
  time {
  }
}
d1: 1.755051857887E12
s1: "a"
i1: 123
bi1: 1
point {
  longitude: 22.0
  latitude: 22.0
  altitude: 1.0
}
 to topic topic-6f7817f7_c4d3_4b7c_89f6_f19e3b068e91
2025-08-13 02:24:17,890 INFO  [io.api.tes.ser.api.KafkaSerdesTester] (Thread-836) Sending message header {
  time {
  }
}
d1: 1.75505185789E12
s1: "a"
i1: 123
bi1: 1
point {
  longitude: 22.0
  latitude: 22.0
  altitude: 1.0
}
 to topic topic-6f7817f7_c4d3_4b7c_89f6_f19e3b068e91
2025-08-13 02:24:17,892 INFO  [io.api.tes.ser.api.KafkaSerdesTester] (Thread-836) Produced 10 messages
2025-08-13 02:24:17,893 INFO  [org.apa.kaf.cli.pro.KafkaProducer] (Thread-836) [Producer clientId=Producer-topic-6f7817f7_c4d3_4b7c_89f6_f19e3b068e91] Closing the Kafka producer with timeoutMillis = 9223372036854775807 ms.
2025-08-13 02:24:17,899 INFO  [org.apa.kaf.com.met.Metrics] (Thread-836) Metrics scheduler closed
2025-08-13 02:24:17,899 INFO  [org.apa.kaf.com.met.Metrics] (Thread-836) Closing reporter org.apache.kafka.common.metrics.JmxReporter
2025-08-13 02:24:17,899 INFO  [org.apa.kaf.com.met.Metrics] (Thread-836) Closing reporter org.apache.kafka.common.telemetry.internals.ClientTelemetryReporter
2025-08-13 02:24:17,899 INFO  [org.apa.kaf.com.met.Metrics] (Thread-836) Metrics reporters closed
2025-08-13 02:24:17,901 INFO  [org.apa.kaf.com.uti.AppInfoParser] (Thread-836) App info kafka.producer for Producer-topic-6f7817f7_c4d3_4b7c_89f6_f19e3b068e91 unregistered
**** Registry Base URL: http://registry-app-ksql043.apps.ci419.apicurio-testing.org:80
2025-08-13 02:24:17,903 INFO  [org.apa.kaf.cli.con.ConsumerConfig] (main) ConsumerConfig values: 
	allow.auto.create.topics = true
	auto.commit.interval.ms = 500
	auto.include.jmx.reporter = true
	auto.offset.reset = earliest
	bootstrap.servers = [PLAINTEXT://localhost:32769]
	check.crcs = true
	client.dns.lookup = use_all_dns_ips
	client.id = consumer-Consumer-topic-6f7817f7_c4d3_4b7c_89f6_f19e3b068e91-32
	client.rack = 
	connections.max.idle.ms = 10000
	default.api.timeout.ms = 60000
	enable.auto.commit = true
	enable.metrics.push = true
	exclude.internal.topics = true
	fetch.max.bytes = 52428800
	fetch.max.wait.ms = 500
	fetch.min.bytes = 1
	group.id = Consumer-topic-6f7817f7_c4d3_4b7c_89f6_f19e3b068e91
	group.instance.id = null
	group.protocol = classic
	group.remote.assignor = null
	heartbeat.interval.ms = 3000
	interceptor.classes = []
	internal.leave.group.on.close = true
	internal.throw.on.fetch.stable.offset.unsupported = false
	isolation.level = read_uncommitted
	key.deserializer = class org.apache.kafka.common.serialization.StringDeserializer
	max.partition.fetch.bytes = 1048576
	max.poll.interval.ms = 300000
	max.poll.records = 500
	metadata.max.age.ms = 300000
	metadata.recovery.strategy = none
	metric.reporters = []
	metrics.num.samples = 2
	metrics.recording.level = INFO
	metrics.sample.window.ms = 30000
	partition.assignment.strategy = [class org.apache.kafka.clients.consumer.RangeAssignor, class org.apache.kafka.clients.consumer.CooperativeStickyAssignor]
	receive.buffer.bytes = 65536
	reconnect.backoff.max.ms = 1000
	reconnect.backoff.ms = 50
	request.timeout.ms = 5000
	retry.backoff.max.ms = 1000
	retry.backoff.ms = 100
	sasl.client.callback.handler.class = null
	sasl.jaas.config = null
	sasl.kerberos.kinit.cmd = /usr/bin/kinit
	sasl.kerberos.min.time.before.relogin = 60000
	sasl.kerberos.service.name = null
	sasl.kerberos.ticket.renew.jitter = 0.05
	sasl.kerberos.ticket.renew.window.factor = 0.8
	sasl.login.callback.handler.class = null
	sasl.login.class = null
	sasl.login.connect.timeout.ms = null
	sasl.login.read.timeout.ms = null
	sasl.login.refresh.buffer.seconds = 300
	sasl.login.refresh.min.period.seconds = 60
	sasl.login.refresh.window.factor = 0.8
	sasl.login.refresh.window.jitter = 0.05
	sasl.login.retry.backoff.max.ms = 10000
	sasl.login.retry.backoff.ms = 100
	sasl.mechanism = GSSAPI
	sasl.oauthbearer.clock.skew.seconds = 30
	sasl.oauthbearer.expected.audience = null
	sasl.oauthbearer.expected.issuer = null
	sasl.oauthbearer.header.urlencode = false
	sasl.oauthbearer.jwks.endpoint.refresh.ms = 3600000
	sasl.oauthbearer.jwks.endpoint.retry.backoff.max.ms = 10000
	sasl.oauthbearer.jwks.endpoint.retry.backoff.ms = 100
	sasl.oauthbearer.jwks.endpoint.url = null
	sasl.oauthbearer.scope.claim.name = scope
	sasl.oauthbearer.sub.claim.name = sub
	sasl.oauthbearer.token.endpoint.url = null
	security.protocol = PLAINTEXT
	security.providers = null
	send.buffer.bytes = 131072
	session.timeout.ms = 45000
	socket.connection.setup.timeout.max.ms = 30000
	socket.connection.setup.timeout.ms = 10000
	ssl.cipher.suites = null
	ssl.enabled.protocols = [TLSv1.2, TLSv1.3]
	ssl.endpoint.identification.algorithm = https
	ssl.engine.factory.class = null
	ssl.key.password = null
	ssl.keymanager.algorithm = SunX509
	ssl.keystore.certificate.chain = null
	ssl.keystore.key = null
	ssl.keystore.location = null
	ssl.keystore.password = null
	ssl.keystore.type = JKS
	ssl.protocol = TLSv1.3
	ssl.provider = null
	ssl.secure.random.implementation = null
	ssl.trustmanager.algorithm = PKIX
	ssl.truststore.certificates = null
	ssl.truststore.location = null
	ssl.truststore.password = null
	ssl.truststore.type = JKS
	value.deserializer = class io.apicurio.registry.serde.protobuf.ProtobufKafkaDeserializer

2025-08-13 02:24:17,904 INFO  [org.apa.kaf.com.tel.int.KafkaMetricsCollector] (main) initializing Kafka metrics collector
2025-08-13 02:24:17,913 INFO  [org.apa.kaf.cli.con.ConsumerConfig] (main) These configurations '[apicurio.registry.url]' were supplied but are not used yet.
2025-08-13 02:24:17,913 INFO  [org.apa.kaf.com.uti.AppInfoParser] (main) Kafka version: 3.9.1
2025-08-13 02:24:17,913 INFO  [org.apa.kaf.com.uti.AppInfoParser] (main) Kafka commitId: f745dfdcee2b9851
2025-08-13 02:24:17,913 INFO  [org.apa.kaf.com.uti.AppInfoParser] (main) Kafka startTimeMs: 1755051857913
2025-08-13 02:24:17,914 INFO  [org.apa.kaf.cli.con.int.ClassicKafkaConsumer] (Thread-839) [Consumer clientId=consumer-Consumer-topic-6f7817f7_c4d3_4b7c_89f6_f19e3b068e91-32, groupId=Consumer-topic-6f7817f7_c4d3_4b7c_89f6_f19e3b068e91] Subscribed to topic(s): topic-6f7817f7_c4d3_4b7c_89f6_f19e3b068e91
2025-08-13 02:24:17,917 INFO  [org.apa.kaf.cli.Metadata] (Thread-839) [Consumer clientId=consumer-Consumer-topic-6f7817f7_c4d3_4b7c_89f6_f19e3b068e91-32, groupId=Consumer-topic-6f7817f7_c4d3_4b7c_89f6_f19e3b068e91] Cluster ID: pj3cISz0Q0OVF0qikwHveQ
2025-08-13 02:24:17,917 INFO  [org.apa.kaf.cli.con.int.ConsumerCoordinator] (Thread-839) [Consumer clientId=consumer-Consumer-topic-6f7817f7_c4d3_4b7c_89f6_f19e3b068e91-32, groupId=Consumer-topic-6f7817f7_c4d3_4b7c_89f6_f19e3b068e91] Discovered group coordinator localhost:32769 (id: 2147483647 rack: null)
2025-08-13 02:24:17,917 INFO  [org.apa.kaf.cli.con.int.ConsumerCoordinator] (Thread-839) [Consumer clientId=consumer-Consumer-topic-6f7817f7_c4d3_4b7c_89f6_f19e3b068e91-32, groupId=Consumer-topic-6f7817f7_c4d3_4b7c_89f6_f19e3b068e91] (Re-)joining group
2025-08-13 02:24:17,920 INFO  [org.apa.kaf.cli.con.int.ConsumerCoordinator] (Thread-839) [Consumer clientId=consumer-Consumer-topic-6f7817f7_c4d3_4b7c_89f6_f19e3b068e91-32, groupId=Consumer-topic-6f7817f7_c4d3_4b7c_89f6_f19e3b068e91] Request joining group due to: need to re-join with the given member-id: consumer-Consumer-topic-6f7817f7_c4d3_4b7c_89f6_f19e3b068e91-32-ea9bd748-4494-4fd6-984e-3caf80415eaa
2025-08-13 02:24:17,920 INFO  [org.apa.kaf.cli.con.int.ConsumerCoordinator] (Thread-839) [Consumer clientId=consumer-Consumer-topic-6f7817f7_c4d3_4b7c_89f6_f19e3b068e91-32, groupId=Consumer-topic-6f7817f7_c4d3_4b7c_89f6_f19e3b068e91] (Re-)joining group
2025-08-13 02:24:18,914 INFO  [io.api.tes.ser.api.KafkaSerdesTester] (Thread-839) None found
2025-08-13 02:24:19,915 INFO  [io.api.tes.ser.api.KafkaSerdesTester] (Thread-839) None found
2025-08-13 02:24:20,916 INFO  [io.api.tes.ser.api.KafkaSerdesTester] (Thread-839) None found
2025-08-13 02:24:20,921 INFO  [org.apa.kaf.cli.con.int.ConsumerCoordinator] (Thread-839) [Consumer clientId=consumer-Consumer-topic-6f7817f7_c4d3_4b7c_89f6_f19e3b068e91-32, groupId=Consumer-topic-6f7817f7_c4d3_4b7c_89f6_f19e3b068e91] Successfully joined group with generation Generation{generationId=1, memberId='consumer-Consumer-topic-6f7817f7_c4d3_4b7c_89f6_f19e3b068e91-32-ea9bd748-4494-4fd6-984e-3caf80415eaa', protocol='range'}
2025-08-13 02:24:20,921 INFO  [org.apa.kaf.cli.con.int.ConsumerCoordinator] (Thread-839) [Consumer clientId=consumer-Consumer-topic-6f7817f7_c4d3_4b7c_89f6_f19e3b068e91-32, groupId=Consumer-topic-6f7817f7_c4d3_4b7c_89f6_f19e3b068e91] Finished assignment for group at generation 1: {consumer-Consumer-topic-6f7817f7_c4d3_4b7c_89f6_f19e3b068e91-32-ea9bd748-4494-4fd6-984e-3caf80415eaa=Assignment(partitions=[topic-6f7817f7_c4d3_4b7c_89f6_f19e3b068e91-0])}
2025-08-13 02:24:20,928 INFO  [org.apa.kaf.cli.con.int.ConsumerCoordinator] (Thread-839) [Consumer clientId=consumer-Consumer-topic-6f7817f7_c4d3_4b7c_89f6_f19e3b068e91-32, groupId=Consumer-topic-6f7817f7_c4d3_4b7c_89f6_f19e3b068e91] Successfully synced group in generation Generation{generationId=1, memberId='consumer-Consumer-topic-6f7817f7_c4d3_4b7c_89f6_f19e3b068e91-32-ea9bd748-4494-4fd6-984e-3caf80415eaa', protocol='range'}
2025-08-13 02:24:20,928 INFO  [org.apa.kaf.cli.con.int.ConsumerCoordinator] (Thread-839) [Consumer clientId=consumer-Consumer-topic-6f7817f7_c4d3_4b7c_89f6_f19e3b068e91-32, groupId=Consumer-topic-6f7817f7_c4d3_4b7c_89f6_f19e3b068e91] Notifying assignor about the new Assignment(partitions=[topic-6f7817f7_c4d3_4b7c_89f6_f19e3b068e91-0])
2025-08-13 02:24:20,928 INFO  [org.apa.kaf.cli.con.int.ConsumerRebalanceListenerInvoker] (Thread-839) [Consumer clientId=consumer-Consumer-topic-6f7817f7_c4d3_4b7c_89f6_f19e3b068e91-32, groupId=Consumer-topic-6f7817f7_c4d3_4b7c_89f6_f19e3b068e91] Adding newly assigned partitions: topic-6f7817f7_c4d3_4b7c_89f6_f19e3b068e91-0
2025-08-13 02:24:20,929 INFO  [org.apa.kaf.cli.con.int.ConsumerCoordinator] (Thread-839) [Consumer clientId=consumer-Consumer-topic-6f7817f7_c4d3_4b7c_89f6_f19e3b068e91-32, groupId=Consumer-topic-6f7817f7_c4d3_4b7c_89f6_f19e3b068e91] Found no committed offset for partition topic-6f7817f7_c4d3_4b7c_89f6_f19e3b068e91-0
2025-08-13 02:24:20,931 INFO  [org.apa.kaf.cli.con.int.SubscriptionState] (Thread-839) [Consumer clientId=consumer-Consumer-topic-6f7817f7_c4d3_4b7c_89f6_f19e3b068e91-32, groupId=Consumer-topic-6f7817f7_c4d3_4b7c_89f6_f19e3b068e91] Resetting offset for partition topic-6f7817f7_c4d3_4b7c_89f6_f19e3b068e91-0 to position FetchPosition{offset=0, offsetEpoch=Optional.empty, currentLeader=LeaderAndEpoch{leader=Optional[localhost:32769 (id: 0 rack: null)], epoch=0}}.
2025-08-13 02:24:20,984 INFO  [io.api.tes.ser.api.KafkaSerdesTester] (Thread-839) topic-6f7817f7_c4d3_4b7c_89f6_f19e3b068e91 0 0 header {
  time {
  }
}
d1: 1.755051857808E12
s1: "a"
i1: 123
bi1: 1
point {
  longitude: 22.0
  latitude: 22.0
  altitude: 1.0
}

2025-08-13 02:24:20,984 INFO  [io.api.tes.ser.api.KafkaSerdesTester] (Thread-839) topic-6f7817f7_c4d3_4b7c_89f6_f19e3b068e91 0 1 header {
  time {
  }
}
d1: 1.755051857864E12
s1: "a"
i1: 123
bi1: 1
point {
  longitude: 22.0
  latitude: 22.0
  altitude: 1.0
}

2025-08-13 02:24:20,984 INFO  [io.api.tes.ser.api.KafkaSerdesTester] (Thread-839) topic-6f7817f7_c4d3_4b7c_89f6_f19e3b068e91 0 2 header {
  time {
  }
}
d1: 1.755051857869E12
s1: "a"
i1: 123
bi1: 1
point {
  longitude: 22.0
  latitude: 22.0
  altitude: 1.0
}

2025-08-13 02:24:20,985 INFO  [io.api.tes.ser.api.KafkaSerdesTester] (Thread-839) topic-6f7817f7_c4d3_4b7c_89f6_f19e3b068e91 0 3 header {
  time {
  }
}
d1: 1.755051857871E12
s1: "a"
i1: 123
bi1: 1
point {
  longitude: 22.0
  latitude: 22.0
  altitude: 1.0
}

2025-08-13 02:24:20,985 INFO  [io.api.tes.ser.api.KafkaSerdesTester] (Thread-839) topic-6f7817f7_c4d3_4b7c_89f6_f19e3b068e91 0 4 header {
  time {
  }
}
d1: 1.755051857874E12
s1: "a"
i1: 123
bi1: 1
point {
  longitude: 22.0
  latitude: 22.0
  altitude: 1.0
}

2025-08-13 02:24:20,985 INFO  [io.api.tes.ser.api.KafkaSerdesTester] (Thread-839) topic-6f7817f7_c4d3_4b7c_89f6_f19e3b068e91 0 5 header {
  time {
  }
}
d1: 1.755051857879E12
s1: "a"
i1: 123
bi1: 1
point {
  longitude: 22.0
  latitude: 22.0
  altitude: 1.0
}

2025-08-13 02:24:20,985 INFO  [io.api.tes.ser.api.KafkaSerdesTester] (Thread-839) topic-6f7817f7_c4d3_4b7c_89f6_f19e3b068e91 0 6 header {
  time {
  }
}
d1: 1.755051857882E12
s1: "a"
i1: 123
bi1: 1
point {
  longitude: 22.0
  latitude: 22.0
  altitude: 1.0
}

2025-08-13 02:24:20,985 INFO  [io.api.tes.ser.api.KafkaSerdesTester] (Thread-839) topic-6f7817f7_c4d3_4b7c_89f6_f19e3b068e91 0 7 header {
  time {
  }
}
d1: 1.755051857884E12
s1: "a"
i1: 123
bi1: 1
point {
  longitude: 22.0
  latitude: 22.0
  altitude: 1.0
}

2025-08-13 02:24:20,985 INFO  [io.api.tes.ser.api.KafkaSerdesTester] (Thread-839) topic-6f7817f7_c4d3_4b7c_89f6_f19e3b068e91 0 8 header {
  time {
  }
}
d1: 1.755051857887E12
s1: "a"
i1: 123
bi1: 1
point {
  longitude: 22.0
  latitude: 22.0
  altitude: 1.0
}

2025-08-13 02:24:20,985 INFO  [io.api.tes.ser.api.KafkaSerdesTester] (Thread-839) topic-6f7817f7_c4d3_4b7c_89f6_f19e3b068e91 0 9 header {
  time {
  }
}
d1: 1.75505185789E12
s1: "a"
i1: 123
bi1: 1
point {
  longitude: 22.0
  latitude: 22.0
  altitude: 1.0
}

2025-08-13 02:24:20,985 INFO  [io.api.tes.ser.api.KafkaSerdesTester] (Thread-839) Consumed 10 messages
2025-08-13 02:24:20,992 INFO  [org.apa.kaf.cli.con.int.ConsumerRebalanceListenerInvoker] (Thread-839) [Consumer clientId=consumer-Consumer-topic-6f7817f7_c4d3_4b7c_89f6_f19e3b068e91-32, groupId=Consumer-topic-6f7817f7_c4d3_4b7c_89f6_f19e3b068e91] Revoke previously assigned partitions topic-6f7817f7_c4d3_4b7c_89f6_f19e3b068e91-0
2025-08-13 02:24:20,992 INFO  [org.apa.kaf.cli.con.int.ConsumerCoordinator] (Thread-839) [Consumer clientId=consumer-Consumer-topic-6f7817f7_c4d3_4b7c_89f6_f19e3b068e91-32, groupId=Consumer-topic-6f7817f7_c4d3_4b7c_89f6_f19e3b068e91] Member consumer-Consumer-topic-6f7817f7_c4d3_4b7c_89f6_f19e3b068e91-32-ea9bd748-4494-4fd6-984e-3caf80415eaa sending LeaveGroup request to coordinator localhost:32769 (id: 2147483647 rack: null) due to the consumer is being closed
2025-08-13 02:24:20,992 INFO  [org.apa.kaf.cli.con.int.ConsumerCoordinator] (Thread-839) [Consumer clientId=consumer-Consumer-topic-6f7817f7_c4d3_4b7c_89f6_f19e3b068e91-32, groupId=Consumer-topic-6f7817f7_c4d3_4b7c_89f6_f19e3b068e91] Resetting generation and member id due to: consumer pro-actively leaving the group
2025-08-13 02:24:20,992 INFO  [org.apa.kaf.cli.con.int.ConsumerCoordinator] (Thread-839) [Consumer clientId=consumer-Consumer-topic-6f7817f7_c4d3_4b7c_89f6_f19e3b068e91-32, groupId=Consumer-topic-6f7817f7_c4d3_4b7c_89f6_f19e3b068e91] Request joining group due to: consumer pro-actively leaving the group
2025-08-13 02:24:21,486 INFO  [org.apa.kaf.com.met.Metrics] (Thread-839) Metrics scheduler closed
2025-08-13 02:24:21,486 INFO  [org.apa.kaf.com.met.Metrics] (Thread-839) Closing reporter org.apache.kafka.common.metrics.JmxReporter
2025-08-13 02:24:21,486 INFO  [org.apa.kaf.com.met.Metrics] (Thread-839) Closing reporter org.apache.kafka.common.telemetry.internals.ClientTelemetryReporter
2025-08-13 02:24:21,486 INFO  [org.apa.kaf.com.met.Metrics] (Thread-839) Metrics reporters closed
2025-08-13 02:24:21,487 INFO  [org.apa.kaf.com.uti.AppInfoParser] (Thread-839) App info kafka.consumer for consumer-Consumer-topic-6f7817f7_c4d3_4b7c_89f6_f19e3b068e91-32 unregistered
2025-08-13 02:24:21,488 INFO  [io.api.tes.uti.TestSeparator] (main) io.apicurio.tests.serdes.apicurio.ProtobufSerdeIT.testFindLatestAndUseBody-FINISHED
2025-08-13 02:24:21,488 INFO  [io.api.tes.uti.TestSeparator] (main) ############################################################################
Test passed: testFindLatestAndUseBody
]]></system-out>
  </testcase>
  <testcase name="testConsumeDynamicMessage" classname="io.apicurio.tests.serdes.apicurio.ProtobufSerdeIT" time="1.061">
    <system-out><![CDATA[2025-08-13 02:24:21,489 INFO  [io.api.tes.uti.TestSeparator] (main) ############################################################################
2025-08-13 02:24:21,489 INFO  [io.api.tes.uti.TestSeparator] (main) io.apicurio.tests.serdes.apicurio.ProtobufSerdeIT.testConsumeDynamicMessage-STARTED
2025-08-13 02:24:22,549 INFO  [io.api.tes.uti.TestSeparator] (main) io.apicurio.tests.serdes.apicurio.ProtobufSerdeIT.testConsumeDynamicMessage-FINISHED
2025-08-13 02:24:22,549 INFO  [io.api.tes.uti.TestSeparator] (main) ############################################################################
Test passed: testConsumeDynamicMessage
]]></system-out>
  </testcase>
  <testcase name="testAutoRegisterDynamicMessageProtobufType" classname="io.apicurio.tests.serdes.apicurio.ProtobufSerdeIT" time="4.339">
    <system-out><![CDATA[2025-08-13 02:24:22,550 INFO  [io.api.tes.uti.TestSeparator] (main) ############################################################################
2025-08-13 02:24:22,550 INFO  [io.api.tes.uti.TestSeparator] (main) io.apicurio.tests.serdes.apicurio.ProtobufSerdeIT.testAutoRegisterDynamicMessageProtobufType-STARTED
**** Registry Base URL: http://registry-app-ksql043.apps.ci419.apicurio-testing.org:80
2025-08-13 02:24:22,551 INFO  [org.apa.kaf.cli.pro.ProducerConfig] (main) ProducerConfig values: 
	acks = -1
	auto.include.jmx.reporter = true
	batch.size = 16384
	bootstrap.servers = [PLAINTEXT://localhost:32769]
	buffer.memory = 33554432
	client.dns.lookup = use_all_dns_ips
	client.id = Producer-topic-3f2963dc_bd9f_4cfa_b2e4_5bf956f43e17
	compression.gzip.level = -1
	compression.lz4.level = 9
	compression.type = none
	compression.zstd.level = 3
	connections.max.idle.ms = 10000
	delivery.timeout.ms = 120000
	enable.idempotence = true
	enable.metrics.push = true
	interceptor.classes = []
	key.serializer = class org.apache.kafka.common.serialization.StringSerializer
	linger.ms = 0
	max.block.ms = 60000
	max.in.flight.requests.per.connection = 5
	max.request.size = 1048576
	metadata.max.age.ms = 300000
	metadata.max.idle.ms = 300000
	metadata.recovery.strategy = none
	metric.reporters = []
	metrics.num.samples = 2
	metrics.recording.level = INFO
	metrics.sample.window.ms = 30000
	partitioner.adaptive.partitioning.enable = true
	partitioner.availability.timeout.ms = 0
	partitioner.class = null
	partitioner.ignore.keys = false
	receive.buffer.bytes = 32768
	reconnect.backoff.max.ms = 1000
	reconnect.backoff.ms = 50
	request.timeout.ms = 5000
	retries = 2147483647
	retry.backoff.max.ms = 1000
	retry.backoff.ms = 100
	sasl.client.callback.handler.class = null
	sasl.jaas.config = null
	sasl.kerberos.kinit.cmd = /usr/bin/kinit
	sasl.kerberos.min.time.before.relogin = 60000
	sasl.kerberos.service.name = null
	sasl.kerberos.ticket.renew.jitter = 0.05
	sasl.kerberos.ticket.renew.window.factor = 0.8
	sasl.login.callback.handler.class = null
	sasl.login.class = null
	sasl.login.connect.timeout.ms = null
	sasl.login.read.timeout.ms = null
	sasl.login.refresh.buffer.seconds = 300
	sasl.login.refresh.min.period.seconds = 60
	sasl.login.refresh.window.factor = 0.8
	sasl.login.refresh.window.jitter = 0.05
	sasl.login.retry.backoff.max.ms = 10000
	sasl.login.retry.backoff.ms = 100
	sasl.mechanism = GSSAPI
	sasl.oauthbearer.clock.skew.seconds = 30
	sasl.oauthbearer.expected.audience = null
	sasl.oauthbearer.expected.issuer = null
	sasl.oauthbearer.header.urlencode = false
	sasl.oauthbearer.jwks.endpoint.refresh.ms = 3600000
	sasl.oauthbearer.jwks.endpoint.retry.backoff.max.ms = 10000
	sasl.oauthbearer.jwks.endpoint.retry.backoff.ms = 100
	sasl.oauthbearer.jwks.endpoint.url = null
	sasl.oauthbearer.scope.claim.name = scope
	sasl.oauthbearer.sub.claim.name = sub
	sasl.oauthbearer.token.endpoint.url = null
	security.protocol = PLAINTEXT
	security.providers = null
	send.buffer.bytes = 131072
	socket.connection.setup.timeout.max.ms = 30000
	socket.connection.setup.timeout.ms = 10000
	ssl.cipher.suites = null
	ssl.enabled.protocols = [TLSv1.2, TLSv1.3]
	ssl.endpoint.identification.algorithm = https
	ssl.engine.factory.class = null
	ssl.key.password = null
	ssl.keymanager.algorithm = SunX509
	ssl.keystore.certificate.chain = null
	ssl.keystore.key = null
	ssl.keystore.location = null
	ssl.keystore.password = null
	ssl.keystore.type = JKS
	ssl.protocol = TLSv1.3
	ssl.provider = null
	ssl.secure.random.implementation = null
	ssl.trustmanager.algorithm = PKIX
	ssl.truststore.certificates = null
	ssl.truststore.location = null
	ssl.truststore.password = null
	ssl.truststore.type = JKS
	transaction.timeout.ms = 60000
	transactional.id = null
	value.serializer = class io.apicurio.registry.serde.protobuf.ProtobufKafkaSerializer

2025-08-13 02:24:22,551 INFO  [org.apa.kaf.com.tel.int.KafkaMetricsCollector] (main) initializing Kafka metrics collector
2025-08-13 02:24:22,555 INFO  [org.apa.kaf.cli.pro.KafkaProducer] (main) [Producer clientId=Producer-topic-3f2963dc_bd9f_4cfa_b2e4_5bf956f43e17] Instantiated an idempotent producer.
2025-08-13 02:24:22,557 INFO  [org.apa.kaf.cli.pro.ProducerConfig] (main) These configurations '[apicurio.registry.url, apicurio.registry.auto-register, apicurio.registry.artifact-resolver-strategy]' were supplied but are not used yet.
2025-08-13 02:24:22,557 INFO  [org.apa.kaf.com.uti.AppInfoParser] (main) Kafka version: 3.9.1
2025-08-13 02:24:22,557 INFO  [org.apa.kaf.com.uti.AppInfoParser] (main) Kafka commitId: f745dfdcee2b9851
2025-08-13 02:24:22,557 INFO  [org.apa.kaf.com.uti.AppInfoParser] (main) Kafka startTimeMs: 1755051862557
2025-08-13 02:24:22,557 INFO  [io.api.tes.ser.api.SimpleSerdesTesterBuilder$SimpleSerdesTester] (main) Using producer configuration: {apicurio.registry.url=http://registry-app-ksql043.apps.ci419.apicurio-testing.org:80/apis/registry/v3, apicurio.registry.auto-register=true, apicurio.registry.artifact-resolver-strategy=io.apicurio.registry.serde.strategy.TopicIdStrategy, value.serializer=io.apicurio.registry.serde.protobuf.ProtobufKafkaSerializer, request.timeout.ms=5000, acks=all, bootstrap.servers=PLAINTEXT://localhost:32769, connections.max.idle.ms=10000, key.serializer=org.apache.kafka.common.serialization.StringSerializer, client.id=Producer-topic-3f2963dc_bd9f_4cfa_b2e4_5bf956f43e17}
2025-08-13 02:24:22,557 INFO  [io.api.tes.ser.api.SimpleSerdesTesterBuilder$SimpleSerdesTester] (main) Using consumer configuration: {apicurio.registry.deserializer.value.return-class=com.google.protobuf.DynamicMessage}
2025-08-13 02:24:22,559 INFO  [io.api.tes.ser.api.KafkaSerdesTester] (Thread-842) Sending message header {
  time {
  }
}
d1: 1.755051862558E12
s1: "a"
i1: 123
bi1: 1
point {
  longitude: 22.0
  latitude: 22.0
  altitude: 1.0
}
 to topic topic-3f2963dc_bd9f_4cfa_b2e4_5bf956f43e17
2025-08-13 02:24:22,561 WARN  [org.apa.kaf.cli.NetworkClient] (kafka-producer-network-thread | Producer-topic-3f2963dc_bd9f_4cfa_b2e4_5bf956f43e17) [Producer clientId=Producer-topic-3f2963dc_bd9f_4cfa_b2e4_5bf956f43e17] The metadata response from the cluster reported a recoverable issue with correlation id 1 : {topic-3f2963dc_bd9f_4cfa_b2e4_5bf956f43e17=UNKNOWN_TOPIC_OR_PARTITION}
2025-08-13 02:24:22,562 INFO  [org.apa.kaf.cli.Metadata] (kafka-producer-network-thread | Producer-topic-3f2963dc_bd9f_4cfa_b2e4_5bf956f43e17) [Producer clientId=Producer-topic-3f2963dc_bd9f_4cfa_b2e4_5bf956f43e17] Cluster ID: pj3cISz0Q0OVF0qikwHveQ
2025-08-13 02:24:22,563 INFO  [org.apa.kaf.cli.pro.int.TransactionManager] (kafka-producer-network-thread | Producer-topic-3f2963dc_bd9f_4cfa_b2e4_5bf956f43e17) [Producer clientId=Producer-topic-3f2963dc_bd9f_4cfa_b2e4_5bf956f43e17] ProducerId set to 43 with epoch 0
2025-08-13 02:24:22,755 INFO  [io.api.tes.ser.api.KafkaSerdesTester] (Thread-842) Sending message header {
  time {
  }
}
d1: 1.755051862755E12
s1: "a"
i1: 123
bi1: 1
point {
  longitude: 22.0
  latitude: 22.0
  altitude: 1.0
}
 to topic topic-3f2963dc_bd9f_4cfa_b2e4_5bf956f43e17
2025-08-13 02:24:22,782 INFO  [io.api.tes.ser.api.KafkaSerdesTester] (Thread-842) Sending message header {
  time {
  }
}
d1: 1.755051862781E12
s1: "a"
i1: 123
bi1: 1
point {
  longitude: 22.0
  latitude: 22.0
  altitude: 1.0
}
 to topic topic-3f2963dc_bd9f_4cfa_b2e4_5bf956f43e17
2025-08-13 02:24:22,808 INFO  [io.api.tes.ser.api.KafkaSerdesTester] (Thread-842) Sending message header {
  time {
  }
}
d1: 1.755051862808E12
s1: "a"
i1: 123
bi1: 1
point {
  longitude: 22.0
  latitude: 22.0
  altitude: 1.0
}
 to topic topic-3f2963dc_bd9f_4cfa_b2e4_5bf956f43e17
2025-08-13 02:24:22,837 INFO  [io.api.tes.ser.api.KafkaSerdesTester] (Thread-842) Sending message header {
  time {
  }
}
d1: 1.755051862837E12
s1: "a"
i1: 123
bi1: 1
point {
  longitude: 22.0
  latitude: 22.0
  altitude: 1.0
}
 to topic topic-3f2963dc_bd9f_4cfa_b2e4_5bf956f43e17
2025-08-13 02:24:22,873 INFO  [io.api.tes.ser.api.KafkaSerdesTester] (Thread-842) Sending message header {
  time {
  }
}
d1: 1.755051862873E12
s1: "a"
i1: 123
bi1: 1
point {
  longitude: 22.0
  latitude: 22.0
  altitude: 1.0
}
 to topic topic-3f2963dc_bd9f_4cfa_b2e4_5bf956f43e17
2025-08-13 02:24:22,900 INFO  [io.api.tes.ser.api.KafkaSerdesTester] (Thread-842) Sending message header {
  time {
  }
}
d1: 1.7550518629E12
s1: "a"
i1: 123
bi1: 1
point {
  longitude: 22.0
  latitude: 22.0
  altitude: 1.0
}
 to topic topic-3f2963dc_bd9f_4cfa_b2e4_5bf956f43e17
2025-08-13 02:24:22,926 INFO  [io.api.tes.ser.api.KafkaSerdesTester] (Thread-842) Sending message header {
  time {
  }
}
d1: 1.755051862926E12
s1: "a"
i1: 123
bi1: 1
point {
  longitude: 22.0
  latitude: 22.0
  altitude: 1.0
}
 to topic topic-3f2963dc_bd9f_4cfa_b2e4_5bf956f43e17
2025-08-13 02:24:22,968 INFO  [io.api.tes.ser.api.KafkaSerdesTester] (Thread-842) Sending message header {
  time {
  }
}
d1: 1.755051862968E12
s1: "a"
i1: 123
bi1: 1
point {
  longitude: 22.0
  latitude: 22.0
  altitude: 1.0
}
 to topic topic-3f2963dc_bd9f_4cfa_b2e4_5bf956f43e17
2025-08-13 02:24:22,994 INFO  [io.api.tes.ser.api.KafkaSerdesTester] (Thread-842) Sending message header {
  time {
  }
}
d1: 1.755051862994E12
s1: "a"
i1: 123
bi1: 1
point {
  longitude: 22.0
  latitude: 22.0
  altitude: 1.0
}
 to topic topic-3f2963dc_bd9f_4cfa_b2e4_5bf956f43e17
2025-08-13 02:24:23,017 INFO  [io.api.tes.ser.api.KafkaSerdesTester] (Thread-842) Produced 10 messages
2025-08-13 02:24:23,017 INFO  [org.apa.kaf.cli.pro.KafkaProducer] (Thread-842) [Producer clientId=Producer-topic-3f2963dc_bd9f_4cfa_b2e4_5bf956f43e17] Closing the Kafka producer with timeoutMillis = 9223372036854775807 ms.
2025-08-13 02:24:23,019 INFO  [org.apa.kaf.com.met.Metrics] (Thread-842) Metrics scheduler closed
2025-08-13 02:24:23,019 INFO  [org.apa.kaf.com.met.Metrics] (Thread-842) Closing reporter org.apache.kafka.common.metrics.JmxReporter
2025-08-13 02:24:23,019 INFO  [org.apa.kaf.com.met.Metrics] (Thread-842) Closing reporter org.apache.kafka.common.telemetry.internals.ClientTelemetryReporter
2025-08-13 02:24:23,019 INFO  [org.apa.kaf.com.met.Metrics] (Thread-842) Metrics reporters closed
2025-08-13 02:24:23,019 INFO  [org.apa.kaf.com.uti.AppInfoParser] (Thread-842) App info kafka.producer for Producer-topic-3f2963dc_bd9f_4cfa_b2e4_5bf956f43e17 unregistered
**** Registry Base URL: http://registry-app-ksql043.apps.ci419.apicurio-testing.org:80
2025-08-13 02:24:23,066 INFO  [org.apa.kaf.cli.con.ConsumerConfig] (main) ConsumerConfig values: 
	allow.auto.create.topics = true
	auto.commit.interval.ms = 500
	auto.include.jmx.reporter = true
	auto.offset.reset = earliest
	bootstrap.servers = [PLAINTEXT://localhost:32769]
	check.crcs = true
	client.dns.lookup = use_all_dns_ips
	client.id = consumer-Consumer-topic-3f2963dc_bd9f_4cfa_b2e4_5bf956f43e17-33
	client.rack = 
	connections.max.idle.ms = 10000
	default.api.timeout.ms = 60000
	enable.auto.commit = true
	enable.metrics.push = true
	exclude.internal.topics = true
	fetch.max.bytes = 52428800
	fetch.max.wait.ms = 500
	fetch.min.bytes = 1
	group.id = Consumer-topic-3f2963dc_bd9f_4cfa_b2e4_5bf956f43e17
	group.instance.id = null
	group.protocol = classic
	group.remote.assignor = null
	heartbeat.interval.ms = 3000
	interceptor.classes = []
	internal.leave.group.on.close = true
	internal.throw.on.fetch.stable.offset.unsupported = false
	isolation.level = read_uncommitted
	key.deserializer = class org.apache.kafka.common.serialization.StringDeserializer
	max.partition.fetch.bytes = 1048576
	max.poll.interval.ms = 300000
	max.poll.records = 500
	metadata.max.age.ms = 300000
	metadata.recovery.strategy = none
	metric.reporters = []
	metrics.num.samples = 2
	metrics.recording.level = INFO
	metrics.sample.window.ms = 30000
	partition.assignment.strategy = [class org.apache.kafka.clients.consumer.RangeAssignor, class org.apache.kafka.clients.consumer.CooperativeStickyAssignor]
	receive.buffer.bytes = 65536
	reconnect.backoff.max.ms = 1000
	reconnect.backoff.ms = 50
	request.timeout.ms = 5000
	retry.backoff.max.ms = 1000
	retry.backoff.ms = 100
	sasl.client.callback.handler.class = null
	sasl.jaas.config = null
	sasl.kerberos.kinit.cmd = /usr/bin/kinit
	sasl.kerberos.min.time.before.relogin = 60000
	sasl.kerberos.service.name = null
	sasl.kerberos.ticket.renew.jitter = 0.05
	sasl.kerberos.ticket.renew.window.factor = 0.8
	sasl.login.callback.handler.class = null
	sasl.login.class = null
	sasl.login.connect.timeout.ms = null
	sasl.login.read.timeout.ms = null
	sasl.login.refresh.buffer.seconds = 300
	sasl.login.refresh.min.period.seconds = 60
	sasl.login.refresh.window.factor = 0.8
	sasl.login.refresh.window.jitter = 0.05
	sasl.login.retry.backoff.max.ms = 10000
	sasl.login.retry.backoff.ms = 100
	sasl.mechanism = GSSAPI
	sasl.oauthbearer.clock.skew.seconds = 30
	sasl.oauthbearer.expected.audience = null
	sasl.oauthbearer.expected.issuer = null
	sasl.oauthbearer.header.urlencode = false
	sasl.oauthbearer.jwks.endpoint.refresh.ms = 3600000
	sasl.oauthbearer.jwks.endpoint.retry.backoff.max.ms = 10000
	sasl.oauthbearer.jwks.endpoint.retry.backoff.ms = 100
	sasl.oauthbearer.jwks.endpoint.url = null
	sasl.oauthbearer.scope.claim.name = scope
	sasl.oauthbearer.sub.claim.name = sub
	sasl.oauthbearer.token.endpoint.url = null
	security.protocol = PLAINTEXT
	security.providers = null
	send.buffer.bytes = 131072
	session.timeout.ms = 45000
	socket.connection.setup.timeout.max.ms = 30000
	socket.connection.setup.timeout.ms = 10000
	ssl.cipher.suites = null
	ssl.enabled.protocols = [TLSv1.2, TLSv1.3]
	ssl.endpoint.identification.algorithm = https
	ssl.engine.factory.class = null
	ssl.key.password = null
	ssl.keymanager.algorithm = SunX509
	ssl.keystore.certificate.chain = null
	ssl.keystore.key = null
	ssl.keystore.location = null
	ssl.keystore.password = null
	ssl.keystore.type = JKS
	ssl.protocol = TLSv1.3
	ssl.provider = null
	ssl.secure.random.implementation = null
	ssl.trustmanager.algorithm = PKIX
	ssl.truststore.certificates = null
	ssl.truststore.location = null
	ssl.truststore.password = null
	ssl.truststore.type = JKS
	value.deserializer = class io.apicurio.registry.serde.protobuf.ProtobufKafkaDeserializer

2025-08-13 02:24:23,066 INFO  [org.apa.kaf.com.tel.int.KafkaMetricsCollector] (main) initializing Kafka metrics collector
2025-08-13 02:24:23,070 INFO  [org.apa.kaf.cli.con.ConsumerConfig] (main) These configurations '[apicurio.registry.deserializer.value.return-class, apicurio.registry.url]' were supplied but are not used yet.
2025-08-13 02:24:23,070 INFO  [org.apa.kaf.com.uti.AppInfoParser] (main) Kafka version: 3.9.1
2025-08-13 02:24:23,070 INFO  [org.apa.kaf.com.uti.AppInfoParser] (main) Kafka commitId: f745dfdcee2b9851
2025-08-13 02:24:23,070 INFO  [org.apa.kaf.com.uti.AppInfoParser] (main) Kafka startTimeMs: 1755051863070
2025-08-13 02:24:23,070 INFO  [org.apa.kaf.cli.con.int.ClassicKafkaConsumer] (Thread-845) [Consumer clientId=consumer-Consumer-topic-3f2963dc_bd9f_4cfa_b2e4_5bf956f43e17-33, groupId=Consumer-topic-3f2963dc_bd9f_4cfa_b2e4_5bf956f43e17] Subscribed to topic(s): topic-3f2963dc_bd9f_4cfa_b2e4_5bf956f43e17
2025-08-13 02:24:23,073 INFO  [org.apa.kaf.cli.Metadata] (Thread-845) [Consumer clientId=consumer-Consumer-topic-3f2963dc_bd9f_4cfa_b2e4_5bf956f43e17-33, groupId=Consumer-topic-3f2963dc_bd9f_4cfa_b2e4_5bf956f43e17] Cluster ID: pj3cISz0Q0OVF0qikwHveQ
2025-08-13 02:24:23,074 INFO  [org.apa.kaf.cli.con.int.ConsumerCoordinator] (Thread-845) [Consumer clientId=consumer-Consumer-topic-3f2963dc_bd9f_4cfa_b2e4_5bf956f43e17-33, groupId=Consumer-topic-3f2963dc_bd9f_4cfa_b2e4_5bf956f43e17] Discovered group coordinator localhost:32769 (id: 2147483647 rack: null)
2025-08-13 02:24:23,075 INFO  [org.apa.kaf.cli.con.int.ConsumerCoordinator] (Thread-845) [Consumer clientId=consumer-Consumer-topic-3f2963dc_bd9f_4cfa_b2e4_5bf956f43e17-33, groupId=Consumer-topic-3f2963dc_bd9f_4cfa_b2e4_5bf956f43e17] (Re-)joining group
2025-08-13 02:24:23,078 INFO  [org.apa.kaf.cli.con.int.ConsumerCoordinator] (Thread-845) [Consumer clientId=consumer-Consumer-topic-3f2963dc_bd9f_4cfa_b2e4_5bf956f43e17-33, groupId=Consumer-topic-3f2963dc_bd9f_4cfa_b2e4_5bf956f43e17] Request joining group due to: need to re-join with the given member-id: consumer-Consumer-topic-3f2963dc_bd9f_4cfa_b2e4_5bf956f43e17-33-f6b93488-395a-4f2d-bfa7-4a22b2e5f99d
2025-08-13 02:24:23,079 INFO  [org.apa.kaf.cli.con.int.ConsumerCoordinator] (Thread-845) [Consumer clientId=consumer-Consumer-topic-3f2963dc_bd9f_4cfa_b2e4_5bf956f43e17-33, groupId=Consumer-topic-3f2963dc_bd9f_4cfa_b2e4_5bf956f43e17] (Re-)joining group
2025-08-13 02:24:24,071 INFO  [io.api.tes.ser.api.KafkaSerdesTester] (Thread-845) None found
2025-08-13 02:24:25,071 INFO  [io.api.tes.ser.api.KafkaSerdesTester] (Thread-845) None found
2025-08-13 02:24:26,071 INFO  [io.api.tes.ser.api.KafkaSerdesTester] (Thread-845) None found
2025-08-13 02:24:26,080 INFO  [org.apa.kaf.cli.con.int.ConsumerCoordinator] (Thread-845) [Consumer clientId=consumer-Consumer-topic-3f2963dc_bd9f_4cfa_b2e4_5bf956f43e17-33, groupId=Consumer-topic-3f2963dc_bd9f_4cfa_b2e4_5bf956f43e17] Successfully joined group with generation Generation{generationId=1, memberId='consumer-Consumer-topic-3f2963dc_bd9f_4cfa_b2e4_5bf956f43e17-33-f6b93488-395a-4f2d-bfa7-4a22b2e5f99d', protocol='range'}
2025-08-13 02:24:26,080 INFO  [org.apa.kaf.cli.con.int.ConsumerCoordinator] (Thread-845) [Consumer clientId=consumer-Consumer-topic-3f2963dc_bd9f_4cfa_b2e4_5bf956f43e17-33, groupId=Consumer-topic-3f2963dc_bd9f_4cfa_b2e4_5bf956f43e17] Finished assignment for group at generation 1: {consumer-Consumer-topic-3f2963dc_bd9f_4cfa_b2e4_5bf956f43e17-33-f6b93488-395a-4f2d-bfa7-4a22b2e5f99d=Assignment(partitions=[topic-3f2963dc_bd9f_4cfa_b2e4_5bf956f43e17-0])}
2025-08-13 02:24:26,086 INFO  [org.apa.kaf.cli.con.int.ConsumerCoordinator] (Thread-845) [Consumer clientId=consumer-Consumer-topic-3f2963dc_bd9f_4cfa_b2e4_5bf956f43e17-33, groupId=Consumer-topic-3f2963dc_bd9f_4cfa_b2e4_5bf956f43e17] Successfully synced group in generation Generation{generationId=1, memberId='consumer-Consumer-topic-3f2963dc_bd9f_4cfa_b2e4_5bf956f43e17-33-f6b93488-395a-4f2d-bfa7-4a22b2e5f99d', protocol='range'}
2025-08-13 02:24:26,086 INFO  [org.apa.kaf.cli.con.int.ConsumerCoordinator] (Thread-845) [Consumer clientId=consumer-Consumer-topic-3f2963dc_bd9f_4cfa_b2e4_5bf956f43e17-33, groupId=Consumer-topic-3f2963dc_bd9f_4cfa_b2e4_5bf956f43e17] Notifying assignor about the new Assignment(partitions=[topic-3f2963dc_bd9f_4cfa_b2e4_5bf956f43e17-0])
2025-08-13 02:24:26,086 INFO  [org.apa.kaf.cli.con.int.ConsumerRebalanceListenerInvoker] (Thread-845) [Consumer clientId=consumer-Consumer-topic-3f2963dc_bd9f_4cfa_b2e4_5bf956f43e17-33, groupId=Consumer-topic-3f2963dc_bd9f_4cfa_b2e4_5bf956f43e17] Adding newly assigned partitions: topic-3f2963dc_bd9f_4cfa_b2e4_5bf956f43e17-0
2025-08-13 02:24:26,087 INFO  [org.apa.kaf.cli.con.int.ConsumerCoordinator] (Thread-845) [Consumer clientId=consumer-Consumer-topic-3f2963dc_bd9f_4cfa_b2e4_5bf956f43e17-33, groupId=Consumer-topic-3f2963dc_bd9f_4cfa_b2e4_5bf956f43e17] Found no committed offset for partition topic-3f2963dc_bd9f_4cfa_b2e4_5bf956f43e17-0
2025-08-13 02:24:26,089 INFO  [org.apa.kaf.cli.con.int.SubscriptionState] (Thread-845) [Consumer clientId=consumer-Consumer-topic-3f2963dc_bd9f_4cfa_b2e4_5bf956f43e17-33, groupId=Consumer-topic-3f2963dc_bd9f_4cfa_b2e4_5bf956f43e17] Resetting offset for partition topic-3f2963dc_bd9f_4cfa_b2e4_5bf956f43e17-0 to position FetchPosition{offset=0, offsetEpoch=Optional.empty, currentLeader=LeaderAndEpoch{leader=Optional[localhost:32769 (id: 0 rack: null)], epoch=0}}.
2025-08-13 02:24:26,373 INFO  [io.api.tes.ser.api.KafkaSerdesTester] (Thread-845) topic-3f2963dc_bd9f_4cfa_b2e4_5bf956f43e17 0 0 header {
  time {
  }
}
d1: 1.755051862558E12
s1: "a"
i1: 123
bi1: 1
point {
  longitude: 22.0
  latitude: 22.0
  altitude: 1.0
}

2025-08-13 02:24:26,373 INFO  [io.api.tes.ser.api.KafkaSerdesTester] (Thread-845) topic-3f2963dc_bd9f_4cfa_b2e4_5bf956f43e17 0 1 header {
  time {
  }
}
d1: 1.755051862755E12
s1: "a"
i1: 123
bi1: 1
point {
  longitude: 22.0
  latitude: 22.0
  altitude: 1.0
}

2025-08-13 02:24:26,373 INFO  [io.api.tes.ser.api.KafkaSerdesTester] (Thread-845) topic-3f2963dc_bd9f_4cfa_b2e4_5bf956f43e17 0 2 header {
  time {
  }
}
d1: 1.755051862781E12
s1: "a"
i1: 123
bi1: 1
point {
  longitude: 22.0
  latitude: 22.0
  altitude: 1.0
}

2025-08-13 02:24:26,373 INFO  [io.api.tes.ser.api.KafkaSerdesTester] (Thread-845) topic-3f2963dc_bd9f_4cfa_b2e4_5bf956f43e17 0 3 header {
  time {
  }
}
d1: 1.755051862808E12
s1: "a"
i1: 123
bi1: 1
point {
  longitude: 22.0
  latitude: 22.0
  altitude: 1.0
}

2025-08-13 02:24:26,373 INFO  [io.api.tes.ser.api.KafkaSerdesTester] (Thread-845) topic-3f2963dc_bd9f_4cfa_b2e4_5bf956f43e17 0 4 header {
  time {
  }
}
d1: 1.755051862837E12
s1: "a"
i1: 123
bi1: 1
point {
  longitude: 22.0
  latitude: 22.0
  altitude: 1.0
}

2025-08-13 02:24:26,374 INFO  [io.api.tes.ser.api.KafkaSerdesTester] (Thread-845) topic-3f2963dc_bd9f_4cfa_b2e4_5bf956f43e17 0 5 header {
  time {
  }
}
d1: 1.755051862873E12
s1: "a"
i1: 123
bi1: 1
point {
  longitude: 22.0
  latitude: 22.0
  altitude: 1.0
}

2025-08-13 02:24:26,374 INFO  [io.api.tes.ser.api.KafkaSerdesTester] (Thread-845) topic-3f2963dc_bd9f_4cfa_b2e4_5bf956f43e17 0 6 header {
  time {
  }
}
d1: 1.7550518629E12
s1: "a"
i1: 123
bi1: 1
point {
  longitude: 22.0
  latitude: 22.0
  altitude: 1.0
}

2025-08-13 02:24:26,374 INFO  [io.api.tes.ser.api.KafkaSerdesTester] (Thread-845) topic-3f2963dc_bd9f_4cfa_b2e4_5bf956f43e17 0 7 header {
  time {
  }
}
d1: 1.755051862926E12
s1: "a"
i1: 123
bi1: 1
point {
  longitude: 22.0
  latitude: 22.0
  altitude: 1.0
}

2025-08-13 02:24:26,374 INFO  [io.api.tes.ser.api.KafkaSerdesTester] (Thread-845) topic-3f2963dc_bd9f_4cfa_b2e4_5bf956f43e17 0 8 header {
  time {
  }
}
d1: 1.755051862968E12
s1: "a"
i1: 123
bi1: 1
point {
  longitude: 22.0
  latitude: 22.0
  altitude: 1.0
}

2025-08-13 02:24:26,374 INFO  [io.api.tes.ser.api.KafkaSerdesTester] (Thread-845) topic-3f2963dc_bd9f_4cfa_b2e4_5bf956f43e17 0 9 header {
  time {
  }
}
d1: 1.755051862994E12
s1: "a"
i1: 123
bi1: 1
point {
  longitude: 22.0
  latitude: 22.0
  altitude: 1.0
}

2025-08-13 02:24:26,374 INFO  [io.api.tes.ser.api.KafkaSerdesTester] (Thread-845) Consumed 10 messages
2025-08-13 02:24:26,381 INFO  [org.apa.kaf.cli.con.int.ConsumerRebalanceListenerInvoker] (Thread-845) [Consumer clientId=consumer-Consumer-topic-3f2963dc_bd9f_4cfa_b2e4_5bf956f43e17-33, groupId=Consumer-topic-3f2963dc_bd9f_4cfa_b2e4_5bf956f43e17] Revoke previously assigned partitions topic-3f2963dc_bd9f_4cfa_b2e4_5bf956f43e17-0
2025-08-13 02:24:26,381 INFO  [org.apa.kaf.cli.con.int.ConsumerCoordinator] (Thread-845) [Consumer clientId=consumer-Consumer-topic-3f2963dc_bd9f_4cfa_b2e4_5bf956f43e17-33, groupId=Consumer-topic-3f2963dc_bd9f_4cfa_b2e4_5bf956f43e17] Member consumer-Consumer-topic-3f2963dc_bd9f_4cfa_b2e4_5bf956f43e17-33-f6b93488-395a-4f2d-bfa7-4a22b2e5f99d sending LeaveGroup request to coordinator localhost:32769 (id: 2147483647 rack: null) due to the consumer is being closed
2025-08-13 02:24:26,381 INFO  [org.apa.kaf.cli.con.int.ConsumerCoordinator] (Thread-845) [Consumer clientId=consumer-Consumer-topic-3f2963dc_bd9f_4cfa_b2e4_5bf956f43e17-33, groupId=Consumer-topic-3f2963dc_bd9f_4cfa_b2e4_5bf956f43e17] Resetting generation and member id due to: consumer pro-actively leaving the group
2025-08-13 02:24:26,381 INFO  [org.apa.kaf.cli.con.int.ConsumerCoordinator] (Thread-845) [Consumer clientId=consumer-Consumer-topic-3f2963dc_bd9f_4cfa_b2e4_5bf956f43e17-33, groupId=Consumer-topic-3f2963dc_bd9f_4cfa_b2e4_5bf956f43e17] Request joining group due to: consumer pro-actively leaving the group
2025-08-13 02:24:26,877 INFO  [org.apa.kaf.com.met.Metrics] (Thread-845) Metrics scheduler closed
2025-08-13 02:24:26,877 INFO  [org.apa.kaf.com.met.Metrics] (Thread-845) Closing reporter org.apache.kafka.common.metrics.JmxReporter
2025-08-13 02:24:26,877 INFO  [org.apa.kaf.com.met.Metrics] (Thread-845) Closing reporter org.apache.kafka.common.telemetry.internals.ClientTelemetryReporter
2025-08-13 02:24:26,877 INFO  [org.apa.kaf.com.met.Metrics] (Thread-845) Metrics reporters closed
2025-08-13 02:24:26,878 INFO  [org.apa.kaf.com.uti.AppInfoParser] (Thread-845) App info kafka.consumer for consumer-Consumer-topic-3f2963dc_bd9f_4cfa_b2e4_5bf956f43e17-33 unregistered
2025-08-13 02:24:26,889 INFO  [io.api.tes.uti.TestSeparator] (main) io.apicurio.tests.serdes.apicurio.ProtobufSerdeIT.testAutoRegisterDynamicMessageProtobufType-FINISHED
2025-08-13 02:24:26,889 INFO  [io.api.tes.uti.TestSeparator] (main) ############################################################################
Test passed: testAutoRegisterDynamicMessageProtobufType
]]></system-out>
  </testcase>
</testsuite>