<?xml version="1.0" encoding="UTF-8"?>
<testsuite xmlns:xsi="http://www.w3.org/2001/XMLSchema-instance" xsi:noNamespaceSchemaLocation="https://maven.apache.org/surefire/maven-failsafe-plugin/xsd/failsafe-test-report.xsd" version="3.0.2" name="io.apicurio.tests.serdes.apicurio.AvroSerdeIT" time="122.254" tests="21" errors="0" skipped="2" failures="0">
  <properties>
    <property name="java.specification.version" value="17"/>
    <property name="sun.jnu.encoding" value="UTF-8"/>
    <property name="java.class.path" value="/home/runner/work/apicurio-testing/apicurio-testing/clusters/ci419/namespaces/mysql/tests/integration/apicurio-registry/integration-tests/target/test-classes:/home/runner/work/apicurio-testing/apicurio-testing/clusters/ci419/namespaces/mysql/tests/integration/apicurio-registry/integration-tests/target/apicurio-registry-integration-tests-3.0.12-SNAPSHOT.jar:/home/runner/.m2/repository/io/quarkus/quarkus-junit5/3.20.2/quarkus-junit5-3.20.2.jar:/home/runner/.m2/repository/io/quarkus/quarkus-bootstrap-core/3.20.2/quarkus-bootstrap-core-3.20.2.jar:/home/runner/.m2/repository/io/quarkus/quarkus-classloader-commons/3.20.2/quarkus-classloader-commons-3.20.2.jar:/home/runner/.m2/repository/io/quarkus/quarkus-bootstrap-app-model/3.20.2/quarkus-bootstrap-app-model-3.20.2.jar:/home/runner/.m2/repository/io/smallrye/common/smallrye-common-io/2.12.0/smallrye-common-io-2.12.0.jar:/home/runner/.m2/repository/org/eclipse/sisu/org.eclipse.sisu.inject/0.9.0.M3/org.eclipse.sisu.inject-0.9.0.M3.jar:/home/runner/.m2/repository/io/quarkus/quarkus-test-common/3.20.2/quarkus-test-common-3.20.2.jar:/home/runner/.m2/repository/io/quarkus/quarkus-core-deployment/3.20.2/quarkus-core-deployment-3.20.2.jar:/home/runner/.m2/repository/org/aesh/readline/2.6/readline-2.6.jar:/home/runner/.m2/repository/org/fusesource/jansi/jansi/2.4.0/jansi-2.4.0.jar:/home/runner/.m2/repository/org/aesh/aesh/2.8.2/aesh-2.8.2.jar:/home/runner/.m2/repository/io/quarkus/gizmo/gizmo/1.8.0/gizmo-1.8.0.jar:/home/runner/.m2/repository/org/ow2/asm/asm-util/9.7.1/asm-util-9.7.1.jar:/home/runner/.m2/repository/org/ow2/asm/asm-analysis/9.7.1/asm-analysis-9.7.1.jar:/home/runner/.m2/repository/org/ow2/asm/asm-commons/9.7.1/asm-commons-9.7.1.jar:/home/runner/.m2/repository/org/ow2/asm/asm-tree/9.7.1/asm-tree-9.7.1.jar:/home/runner/.m2/repository/io/quarkus/quarkus-hibernate-validator-spi/3.20.2/quarkus-hibernate-validator-spi-3.20.2.jar:/home/runner/.m2/repository/io/quarkus/quarkus-class-change-agent/3.20.2/quarkus-class-change-agent-3.20.2.jar:/home/runner/.m2/repository/io/quarkus/quarkus-devtools-utilities/3.20.2/quarkus-devtools-utilities-3.20.2.jar:/home/runner/.m2/repository/io/quarkus/quarkus-builder/3.20.2/quarkus-builder-3.20.2.jar:/home/runner/.m2/repository/org/graalvm/sdk/nativeimage/23.1.2/nativeimage-23.1.2.jar:/home/runner/.m2/repository/org/graalvm/sdk/word/23.1.2/word-23.1.2.jar:/home/runner/.m2/repository/io/quarkus/quarkus-bootstrap-maven-resolver/3.20.2/quarkus-bootstrap-maven-resolver-3.20.2.jar:/home/runner/.m2/repository/io/smallrye/beanbag/smallrye-beanbag-maven/1.5.2/smallrye-beanbag-maven-1.5.2.jar:/home/runner/.m2/repository/io/smallrye/beanbag/smallrye-beanbag-sisu/1.5.2/smallrye-beanbag-sisu-1.5.2.jar:/home/runner/.m2/repository/io/smallrye/beanbag/smallrye-beanbag/1.5.2/smallrye-beanbag-1.5.2.jar:/home/runner/.m2/repository/javax/inject/javax.inject/1/javax.inject-1.jar:/home/runner/.m2/repository/org/apache/maven/maven-artifact/3.9.9/maven-artifact-3.9.9.jar:/home/runner/.m2/repository/org/apache/maven/maven-builder-support/3.9.9/maven-builder-support-3.9.9.jar:/home/runner/.m2/repository/org/apache/maven/maven-model/3.9.9/maven-model-3.9.9.jar:/home/runner/.m2/repository/org/apache/maven/maven-model-builder/3.9.9/maven-model-builder-3.9.9.jar:/home/runner/.m2/repository/org/apache/maven/maven-repository-metadata/3.9.9/maven-repository-metadata-3.9.9.jar:/home/runner/.m2/repository/org/apache/maven/maven-settings/3.9.9/maven-settings-3.9.9.jar:/home/runner/.m2/repository/org/apache/maven/resolver/maven-resolver-api/1.9.22/maven-resolver-api-1.9.22.jar:/home/runner/.m2/repository/org/apache/maven/resolver/maven-resolver-impl/1.9.22/maven-resolver-impl-1.9.22.jar:/home/runner/.m2/repository/org/apache/maven/resolver/maven-resolver-named-locks/1.9.22/maven-resolver-named-locks-1.9.22.jar:/home/runner/.m2/repository/org/apache/maven/resolver/maven-resolver-spi/1.9.22/maven-resolver-spi-1.9.22.jar:/home/runner/.m2/repository/org/apache/maven/resolver/maven-resolver-util/1.9.22/maven-resolver-util-1.9.22.jar:/home/runner/.m2/repository/org/apache/maven/resolver/maven-resolver-transport-http/1.9.20/maven-resolver-transport-http-1.9.20.jar:/home/runner/.m2/repository/org/apache/maven/wagon/wagon-provider-api/3.5.3/wagon-provider-api-3.5.3.jar:/home/runner/.m2/repository/org/apache/maven/wagon/wagon-http-shared/3.5.3/wagon-http-shared-3.5.3.jar:/home/runner/.m2/repository/org/codehaus/plexus/plexus-interpolation/1.26/plexus-interpolation-1.26.jar:/home/runner/.m2/repository/org/codehaus/plexus/plexus-utils/3.5.1/plexus-utils-3.5.1.jar:/home/runner/.m2/repository/org/codehaus/plexus/plexus-xml/4.0.1/plexus-xml-4.0.1.jar:/home/runner/.m2/repository/org/apache/maven/maven-xml-impl/4.0.0-alpha-5/maven-xml-impl-4.0.0-alpha-5.jar:/home/runner/.m2/repository/org/apache/maven/maven-api-xml/4.0.0-alpha-5/maven-api-xml-4.0.0-alpha-5.jar:/home/runner/.m2/repository/org/apache/maven/maven-api-meta/4.0.0-alpha-5/maven-api-meta-4.0.0-alpha-5.jar:/home/runner/.m2/repository/org/codehaus/plexus/plexus-cipher/2.0/plexus-cipher-2.0.jar:/home/runner/.m2/repository/org/codehaus/plexus/plexus-sec-dispatcher/2.0/plexus-sec-dispatcher-2.0.jar:/home/runner/.m2/repository/org/apache/maven/maven-embedder/3.9.9/maven-embedder-3.9.9.jar:/home/runner/.m2/repository/org/apache/maven/maven-core/3.9.9/maven-core-3.9.9.jar:/home/runner/.m2/repository/org/codehaus/plexus/plexus-component-annotations/2.1.0/plexus-component-annotations-2.1.0.jar:/home/runner/.m2/repository/org/apache/maven/maven-plugin-api/3.9.9/maven-plugin-api-3.9.9.jar:/home/runner/.m2/repository/org/apache/maven/shared/maven-shared-utils/3.4.2/maven-shared-utils-3.4.2.jar:/home/runner/.m2/repository/com/google/inject/guice/5.1.0/guice-5.1.0.jar:/home/runner/.m2/repository/aopalliance/aopalliance/1.0/aopalliance-1.0.jar:/home/runner/.m2/repository/org/codehaus/plexus/plexus-classworlds/2.6.0/plexus-classworlds-2.6.0.jar:/home/runner/.m2/repository/commons-cli/commons-cli/1.8.0/commons-cli-1.8.0.jar:/home/runner/.m2/repository/org/eclipse/sisu/org.eclipse.sisu.plexus/0.9.0.M3/org.eclipse.sisu.plexus-0.9.0.M3.jar:/home/runner/.m2/repository/org/apache/maven/maven-settings-builder/3.9.9/maven-settings-builder-3.9.9.jar:/home/runner/.m2/repository/org/apache/maven/maven-resolver-provider/3.9.9/maven-resolver-provider-3.9.9.jar:/home/runner/.m2/repository/org/apache/maven/resolver/maven-resolver-connector-basic/1.9.22/maven-resolver-connector-basic-1.9.22.jar:/home/runner/.m2/repository/org/apache/maven/resolver/maven-resolver-transport-wagon/1.9.22/maven-resolver-transport-wagon-1.9.22.jar:/home/runner/.m2/repository/org/apache/maven/wagon/wagon-http/3.5.3/wagon-http-3.5.3.jar:/home/runner/.m2/repository/org/apache/maven/wagon/wagon-file/3.5.3/wagon-file-3.5.3.jar:/home/runner/.m2/repository/io/quarkus/quarkus-bootstrap-gradle-resolver/3.20.2/quarkus-bootstrap-gradle-resolver-3.20.2.jar:/home/runner/.m2/repository/io/smallrye/jandex/3.3.0/jandex-3.3.0.jar:/home/runner/.m2/repository/org/jboss/logging/commons-logging-jboss-logging/1.0.0.Final/commons-logging-jboss-logging-1.0.0.Final.jar:/home/runner/.m2/repository/io/quarkus/quarkus-junit5-config/3.20.2/quarkus-junit5-config-3.20.2.jar:/home/runner/.m2/repository/org/junit/jupiter/junit-jupiter-api/5.12.1/junit-jupiter-api-5.12.1.jar:/home/runner/.m2/repository/io/smallrye/config/smallrye-config/3.11.4/smallrye-config-3.11.4.jar:/home/runner/.m2/repository/io/smallrye/config/smallrye-config-core/3.11.4/smallrye-config-core-3.11.4.jar:/home/runner/.m2/repository/io/smallrye/common/smallrye-common-classloader/2.12.0/smallrye-common-classloader-2.12.0.jar:/home/runner/.m2/repository/io/smallrye/config/smallrye-config-common/3.11.4/smallrye-config-common-3.11.4.jar:/home/runner/.m2/repository/org/junit/jupiter/junit-jupiter/5.12.1/junit-jupiter-5.12.1.jar:/home/runner/.m2/repository/org/junit/jupiter/junit-jupiter-params/5.12.1/junit-jupiter-params-5.12.1.jar:/home/runner/.m2/repository/org/junit/jupiter/junit-jupiter-engine/5.12.1/junit-jupiter-engine-5.12.1.jar:/home/runner/.m2/repository/io/quarkus/quarkus-core/3.20.2/quarkus-core-3.20.2.jar:/home/runner/.m2/repository/jakarta/enterprise/jakarta.enterprise.cdi-api/4.1.0/jakarta.enterprise.cdi-api-4.1.0.jar:/home/runner/.m2/repository/jakarta/enterprise/jakarta.enterprise.lang-model/4.1.0/jakarta.enterprise.lang-model-4.1.0.jar:/home/runner/.m2/repository/jakarta/el/jakarta.el-api/5.0.1/jakarta.el-api-5.0.1.jar:/home/runner/.m2/repository/jakarta/interceptor/jakarta.interceptor-api/2.2.0/jakarta.interceptor-api-2.2.0.jar:/home/runner/.m2/repository/jakarta/inject/jakarta.inject-api/2.0.1/jakarta.inject-api-2.0.1.jar:/home/runner/.m2/repository/io/smallrye/common/smallrye-common-os/2.12.0/smallrye-common-os-2.12.0.jar:/home/runner/.m2/repository/io/quarkus/quarkus-ide-launcher/3.20.2/quarkus-ide-launcher-3.20.2.jar:/home/runner/.m2/repository/io/quarkus/quarkus-development-mode-spi/3.20.2/quarkus-development-mode-spi-3.20.2.jar:/home/runner/.m2/repository/org/jboss/logging/jboss-logging/3.6.1.Final/jboss-logging-3.6.1.Final.jar:/home/runner/.m2/repository/org/jboss/logmanager/jboss-logmanager/3.1.2.Final/jboss-logmanager-3.1.2.Final.jar:/home/runner/.m2/repository/io/smallrye/common/smallrye-common-constraint/2.12.0/smallrye-common-constraint-2.12.0.jar:/home/runner/.m2/repository/io/smallrye/common/smallrye-common-cpu/2.12.0/smallrye-common-cpu-2.12.0.jar:/home/runner/.m2/repository/io/smallrye/common/smallrye-common-expression/2.12.0/smallrye-common-expression-2.12.0.jar:/home/runner/.m2/repository/io/smallrye/common/smallrye-common-net/2.12.0/smallrye-common-net-2.12.0.jar:/home/runner/.m2/repository/io/smallrye/common/smallrye-common-ref/2.12.0/smallrye-common-ref-2.12.0.jar:/home/runner/.m2/repository/jakarta/json/jakarta.json-api/2.1.3/jakarta.json-api-2.1.3.jar:/home/runner/.m2/repository/org/eclipse/parsson/parsson/1.1.7/parsson-1.1.7.jar:/home/runner/.m2/repository/org/jboss/logging/jboss-logging-annotations/3.0.4.Final/jboss-logging-annotations-3.0.4.Final.jar:/home/runner/.m2/repository/org/jboss/threads/jboss-threads/3.8.0.Final/jboss-threads-3.8.0.Final.jar:/home/runner/.m2/repository/io/smallrye/common/smallrye-common-annotation/2.12.0/smallrye-common-annotation-2.12.0.jar:/home/runner/.m2/repository/io/smallrye/common/smallrye-common-function/2.12.0/smallrye-common-function-2.12.0.jar:/home/runner/.m2/repository/org/jboss/slf4j/slf4j-jboss-logmanager/2.0.0.Final/slf4j-jboss-logmanager-2.0.0.Final.jar:/home/runner/.m2/repository/org/wildfly/common/wildfly-common/2.0.1/wildfly-common-2.0.1.jar:/home/runner/.m2/repository/io/quarkus/quarkus-bootstrap-runner/3.20.2/quarkus-bootstrap-runner-3.20.2.jar:/home/runner/.m2/repository/io/github/crac/org-crac/0.1.3/org-crac-0.1.3.jar:/home/runner/.m2/repository/io/quarkus/quarkus-fs-util/0.0.10/quarkus-fs-util-0.0.10.jar:/home/runner/.m2/repository/org/jboss/marshalling/jboss-marshalling/2.2.2.Final/jboss-marshalling-2.2.2.Final.jar:/home/runner/.m2/repository/io/fabric8/kubernetes-client/7.1.0/kubernetes-client-7.1.0.jar:/home/runner/.m2/repository/io/fabric8/kubernetes-client-api/7.1.0/kubernetes-client-api-7.1.0.jar:/home/runner/.m2/repository/io/fabric8/kubernetes-model-core/7.1.0/kubernetes-model-core-7.1.0.jar:/home/runner/.m2/repository/io/fabric8/kubernetes-model-common/7.1.0/kubernetes-model-common-7.1.0.jar:/home/runner/.m2/repository/javax/annotation/javax.annotation-api/1.3.2/javax.annotation-api-1.3.2.jar:/home/runner/.m2/repository/io/fabric8/kubernetes-model-gatewayapi/7.1.0/kubernetes-model-gatewayapi-7.1.0.jar:/home/runner/.m2/repository/io/fabric8/kubernetes-model-resource/7.1.0/kubernetes-model-resource-7.1.0.jar:/home/runner/.m2/repository/io/fabric8/kubernetes-model-rbac/7.1.0/kubernetes-model-rbac-7.1.0.jar:/home/runner/.m2/repository/io/fabric8/kubernetes-model-admissionregistration/7.1.0/kubernetes-model-admissionregistration-7.1.0.jar:/home/runner/.m2/repository/io/fabric8/kubernetes-model-apps/7.1.0/kubernetes-model-apps-7.1.0.jar:/home/runner/.m2/repository/io/fabric8/kubernetes-model-autoscaling/7.1.0/kubernetes-model-autoscaling-7.1.0.jar:/home/runner/.m2/repository/io/fabric8/kubernetes-model-apiextensions/7.1.0/kubernetes-model-apiextensions-7.1.0.jar:/home/runner/.m2/repository/io/fabric8/kubernetes-model-batch/7.1.0/kubernetes-model-batch-7.1.0.jar:/home/runner/.m2/repository/io/fabric8/kubernetes-model-certificates/7.1.0/kubernetes-model-certificates-7.1.0.jar:/home/runner/.m2/repository/io/fabric8/kubernetes-model-coordination/7.1.0/kubernetes-model-coordination-7.1.0.jar:/home/runner/.m2/repository/io/fabric8/kubernetes-model-discovery/7.1.0/kubernetes-model-discovery-7.1.0.jar:/home/runner/.m2/repository/io/fabric8/kubernetes-model-events/7.1.0/kubernetes-model-events-7.1.0.jar:/home/runner/.m2/repository/io/fabric8/kubernetes-model-extensions/7.1.0/kubernetes-model-extensions-7.1.0.jar:/home/runner/.m2/repository/io/fabric8/kubernetes-model-flowcontrol/7.1.0/kubernetes-model-flowcontrol-7.1.0.jar:/home/runner/.m2/repository/io/fabric8/kubernetes-model-networking/7.1.0/kubernetes-model-networking-7.1.0.jar:/home/runner/.m2/repository/io/fabric8/kubernetes-model-metrics/7.1.0/kubernetes-model-metrics-7.1.0.jar:/home/runner/.m2/repository/io/fabric8/kubernetes-model-policy/7.1.0/kubernetes-model-policy-7.1.0.jar:/home/runner/.m2/repository/io/fabric8/kubernetes-model-scheduling/7.1.0/kubernetes-model-scheduling-7.1.0.jar:/home/runner/.m2/repository/io/fabric8/kubernetes-model-storageclass/7.1.0/kubernetes-model-storageclass-7.1.0.jar:/home/runner/.m2/repository/io/fabric8/kubernetes-model-node/7.1.0/kubernetes-model-node-7.1.0.jar:/home/runner/.m2/repository/org/snakeyaml/snakeyaml-engine/2.9/snakeyaml-engine-2.9.jar:/home/runner/.m2/repository/com/fasterxml/jackson/dataformat/jackson-dataformat-yaml/2.18.2/jackson-dataformat-yaml-2.18.2.jar:/home/runner/.m2/repository/com/fasterxml/jackson/datatype/jackson-datatype-jsr310/2.18.2/jackson-datatype-jsr310-2.18.2.jar:/home/runner/.m2/repository/io/fabric8/zjsonpatch/7.1.0/zjsonpatch-7.1.0.jar:/home/runner/.m2/repository/io/fabric8/kubernetes-httpclient-vertx/7.1.0/kubernetes-httpclient-vertx-7.1.0.jar:/home/runner/.m2/repository/io/vertx/vertx-web-client/4.5.16/vertx-web-client-4.5.16.jar:/home/runner/.m2/repository/io/vertx/vertx-web-common/4.5.16/vertx-web-common-4.5.16.jar:/home/runner/.m2/repository/io/vertx/vertx-auth-common/4.5.16/vertx-auth-common-4.5.16.jar:/home/runner/.m2/repository/io/vertx/vertx-uri-template/4.5.16/vertx-uri-template-4.5.16.jar:/home/runner/.m2/repository/io/fabric8/openshift-client/7.1.0/openshift-client-7.1.0.jar:/home/runner/.m2/repository/io/fabric8/openshift-client-api/7.1.0/openshift-client-api-7.1.0.jar:/home/runner/.m2/repository/io/fabric8/openshift-model/7.1.0/openshift-model-7.1.0.jar:/home/runner/.m2/repository/io/fabric8/openshift-model-autoscaling/7.1.0/openshift-model-autoscaling-7.1.0.jar:/home/runner/.m2/repository/io/fabric8/openshift-model-operator/7.1.0/openshift-model-operator-7.1.0.jar:/home/runner/.m2/repository/io/fabric8/openshift-model-operatorhub/7.1.0/openshift-model-operatorhub-7.1.0.jar:/home/runner/.m2/repository/io/fabric8/openshift-model-machine/7.1.0/openshift-model-machine-7.1.0.jar:/home/runner/.m2/repository/io/fabric8/openshift-model-whereabouts/7.1.0/openshift-model-whereabouts-7.1.0.jar:/home/runner/.m2/repository/io/fabric8/openshift-model-monitoring/7.1.0/openshift-model-monitoring-7.1.0.jar:/home/runner/.m2/repository/io/fabric8/openshift-model-storageversionmigrator/7.1.0/openshift-model-storageversionmigrator-7.1.0.jar:/home/runner/.m2/repository/io/fabric8/openshift-model-tuned/7.1.0/openshift-model-tuned-7.1.0.jar:/home/runner/.m2/repository/io/fabric8/openshift-model-console/7.1.0/openshift-model-console-7.1.0.jar:/home/runner/.m2/repository/io/fabric8/openshift-model-config/7.1.0/openshift-model-config-7.1.0.jar:/home/runner/.m2/repository/io/fabric8/openshift-model-machineconfiguration/7.1.0/openshift-model-machineconfiguration-7.1.0.jar:/home/runner/.m2/repository/io/fabric8/openshift-model-miscellaneous/7.1.0/openshift-model-miscellaneous-7.1.0.jar:/home/runner/.m2/repository/io/fabric8/openshift-model-hive/7.1.0/openshift-model-hive-7.1.0.jar:/home/runner/.m2/repository/io/fabric8/openshift-model-installer/7.1.0/openshift-model-installer-7.1.0.jar:/home/runner/.m2/repository/org/junit/platform/junit-platform-launcher/1.12.1/junit-platform-launcher-1.12.1.jar:/home/runner/.m2/repository/org/junit/platform/junit-platform-engine/1.12.1/junit-platform-engine-1.12.1.jar:/home/runner/.m2/repository/org/opentest4j/opentest4j/1.3.0/opentest4j-1.3.0.jar:/home/runner/.m2/repository/org/junit/platform/junit-platform-commons/1.12.1/junit-platform-commons-1.12.1.jar:/home/runner/.m2/repository/org/apiguardian/apiguardian-api/1.1.2/apiguardian-api-1.1.2.jar:/home/runner/.m2/repository/jakarta/ws/rs/jakarta.ws.rs-api/3.1.0/jakarta.ws.rs-api-3.1.0.jar:/home/runner/work/apicurio-testing/apicurio-testing/clusters/ci419/namespaces/mysql/tests/integration/apicurio-registry/java-sdk/target/apicurio-registry-java-sdk-3.0.12-SNAPSHOT.jar:/home/runner/.m2/repository/com/microsoft/kiota/microsoft-kiota-abstractions/1.8.9/microsoft-kiota-abstractions-1.8.9.jar:/home/runner/.m2/repository/io/github/std-uritemplate/std-uritemplate/2.0.0/std-uritemplate-2.0.0.jar:/home/runner/.m2/repository/io/kiota/kiota-http-jdk/0.0.29/kiota-http-jdk-0.0.29.jar:/home/runner/.m2/repository/io/kiota/kiota-http-vertx/0.0.29/kiota-http-vertx-0.0.29.jar:/home/runner/.m2/repository/io/kiota/kiota-serialization-jackson/0.0.29/kiota-serialization-jackson-0.0.29.jar:/home/runner/.m2/repository/com/microsoft/kiota/microsoft-kiota-serialization-text/1.8.9/microsoft-kiota-serialization-text-1.8.9.jar:/home/runner/.m2/repository/com/microsoft/kiota/microsoft-kiota-serialization-form/1.8.9/microsoft-kiota-serialization-form-1.8.9.jar:/home/runner/.m2/repository/com/microsoft/kiota/microsoft-kiota-serialization-multipart/1.8.9/microsoft-kiota-serialization-multipart-1.8.9.jar:/home/runner/.m2/repository/jakarta/annotation/jakarta.annotation-api/3.0.0/jakarta.annotation-api-3.0.0.jar:/home/runner/.m2/repository/io/vertx/vertx-auth-oauth2/4.5.16/vertx-auth-oauth2-4.5.16.jar:/home/runner/work/apicurio-testing/apicurio-testing/clusters/ci419/namespaces/mysql/tests/integration/apicurio-registry/java-sdk-v2/target/apicurio-registry-v2-java-sdk-3.0.12-SNAPSHOT.jar:/home/runner/work/apicurio-testing/apicurio-testing/clusters/ci419/namespaces/mysql/tests/integration/apicurio-registry/utils/kafka/target/apicurio-registry-utils-kafka-3.0.12-SNAPSHOT-tests.jar:/home/runner/.m2/repository/org/eclipse/microprofile/config/microprofile-config-api/3.1/microprofile-config-api-3.1.jar:/home/runner/.m2/repository/org/apache/kafka/kafka-clients/3.9.1/kafka-clients-3.9.1.jar:/home/runner/.m2/repository/com/github/luben/zstd-jni/1.5.6-4/zstd-jni-1.5.6-4.jar:/home/runner/.m2/repository/org/lz4/lz4-java/1.8.0/lz4-java-1.8.0.jar:/home/runner/.m2/repository/org/xerial/snappy/snappy-java/1.1.10.5/snappy-java-1.1.10.5.jar:/home/runner/.m2/repository/org/slf4j/slf4j-api/2.0.6/slf4j-api-2.0.6.jar:/home/runner/work/apicurio-testing/apicurio-testing/clusters/ci419/namespaces/mysql/tests/integration/apicurio-registry/utils/tests/target/apicurio-registry-utils-tests-3.0.12-SNAPSHOT.jar:/home/runner/work/apicurio-testing/apicurio-testing/clusters/ci419/namespaces/mysql/tests/integration/apicurio-registry/common/target/apicurio-registry-common-3.0.12-SNAPSHOT.jar:/home/runner/.m2/repository/jakarta/validation/jakarta.validation-api/3.0.2/jakarta.validation-api-3.0.2.jar:/home/runner/.m2/repository/com/github/dasniko/testcontainers-keycloak/3.8.0/testcontainers-keycloak-3.8.0.jar:/home/runner/.m2/repository/org/testcontainers/testcontainers/1.20.6/testcontainers-1.20.6.jar:/home/runner/.m2/repository/org/rnorth/duct-tape/duct-tape/1.0.8/duct-tape-1.0.8.jar:/home/runner/.m2/repository/com/github/docker-java/docker-java-transport-zerodep/3.4.1/docker-java-transport-zerodep-3.4.1.jar:/home/runner/.m2/repository/com/github/docker-java/docker-java-transport/3.4.1/docker-java-transport-3.4.1.jar:/home/runner/.m2/repository/net/java/dev/jna/jna/5.8.0/jna-5.8.0.jar:/home/runner/.m2/repository/io/quarkus/quarkus-junit4-mock/3.20.2/quarkus-junit4-mock-3.20.2.jar:/home/runner/.m2/repository/org/jboss/shrinkwrap/shrinkwrap-api/2.0.0-beta-2/shrinkwrap-api-2.0.0-beta-2.jar:/home/runner/.m2/repository/org/jboss/shrinkwrap/shrinkwrap-impl-base/2.0.0-beta-2/shrinkwrap-impl-base-2.0.0-beta-2.jar:/home/runner/.m2/repository/org/jboss/shrinkwrap/shrinkwrap-spi/2.0.0-beta-2/shrinkwrap-spi-2.0.0-beta-2.jar:/home/runner/.m2/repository/org/keycloak/keycloak-admin-client/26.0.4/keycloak-admin-client-26.0.4.jar:/home/runner/.m2/repository/org/keycloak/keycloak-client-common-synced/26.0.4/keycloak-client-common-synced-26.0.4.jar:/home/runner/.m2/repository/jakarta/activation/jakarta.activation-api/2.1.3/jakarta.activation-api-2.1.3.jar:/home/runner/.m2/repository/org/eclipse/microprofile/openapi/microprofile-openapi-api/4.0.2/microprofile-openapi-api-4.0.2.jar:/home/runner/.m2/repository/org/jboss/resteasy/resteasy-client/6.2.12.Final/resteasy-client-6.2.12.Final.jar:/home/runner/.m2/repository/org/jboss/resteasy/resteasy-client-api/6.2.12.Final/resteasy-client-api-6.2.12.Final.jar:/home/runner/.m2/repository/org/jboss/resteasy/resteasy-core-spi/6.2.12.Final/resteasy-core-spi-6.2.12.Final.jar:/home/runner/.m2/repository/org/jboss/resteasy/resteasy-core/6.2.12.Final/resteasy-core-6.2.12.Final.jar:/home/runner/.m2/repository/org/eclipse/angus/angus-activation/2.0.2/angus-activation-2.0.2.jar:/home/runner/.m2/repository/com/ibm/async/asyncutil/0.1.0/asyncutil-0.1.0.jar:/home/runner/.m2/repository/org/reactivestreams/reactive-streams/1.0.4/reactive-streams-1.0.4.jar:/home/runner/.m2/repository/org/jboss/resteasy/resteasy-multipart-provider/6.2.12.Final/resteasy-multipart-provider-6.2.12.Final.jar:/home/runner/.m2/repository/jakarta/mail/jakarta.mail-api/2.1.3/jakarta.mail-api-2.1.3.jar:/home/runner/.m2/repository/org/eclipse/angus/angus-mail/2.0.3/angus-mail-2.0.3.jar:/home/runner/.m2/repository/org/apache/james/apache-mime4j-dom/0.8.12/apache-mime4j-dom-0.8.12.jar:/home/runner/.m2/repository/org/apache/james/apache-mime4j-core/0.8.12/apache-mime4j-core-0.8.12.jar:/home/runner/.m2/repository/org/apache/james/apache-mime4j-storage/0.8.12/apache-mime4j-storage-0.8.12.jar:/home/runner/.m2/repository/org/jboss/resteasy/resteasy-jackson2-provider/6.2.12.Final/resteasy-jackson2-provider-6.2.12.Final.jar:/home/runner/.m2/repository/com/fasterxml/jackson/jakarta/rs/jackson-jakarta-rs-base/2.18.2/jackson-jakarta-rs-base-2.18.2.jar:/home/runner/.m2/repository/com/fasterxml/jackson/jakarta/rs/jackson-jakarta-rs-json-provider/2.18.2/jackson-jakarta-rs-json-provider-2.18.2.jar:/home/runner/.m2/repository/com/fasterxml/jackson/module/jackson-module-jakarta-xmlbind-annotations/2.18.2/jackson-module-jakarta-xmlbind-annotations-2.18.2.jar:/home/runner/.m2/repository/com/github/java-json-tools/json-patch/1.13/json-patch-1.13.jar:/home/runner/.m2/repository/com/github/java-json-tools/msg-simple/1.2/msg-simple-1.2.jar:/home/runner/.m2/repository/com/github/java-json-tools/btf/1.3/btf-1.3.jar:/home/runner/.m2/repository/com/github/java-json-tools/jackson-coreutils/2.0/jackson-coreutils-2.0.jar:/home/runner/.m2/repository/org/jboss/resteasy/resteasy-jaxb-provider/6.2.12.Final/resteasy-jaxb-provider-6.2.12.Final.jar:/home/runner/.m2/repository/org/glassfish/jaxb/codemodel/4.0.5/codemodel-4.0.5.jar:/home/runner/.m2/repository/org/glassfish/jaxb/jaxb-core/4.0.5/jaxb-core-4.0.5.jar:/home/runner/.m2/repository/org/glassfish/jaxb/jaxb-jxc/4.0.5/jaxb-jxc-4.0.5.jar:/home/runner/.m2/repository/org/glassfish/jaxb/jaxb-runtime/4.0.5/jaxb-runtime-4.0.5.jar:/home/runner/.m2/repository/org/glassfish/jaxb/txw2/4.0.5/txw2-4.0.5.jar:/home/runner/.m2/repository/org/glassfish/jaxb/jaxb-xjc/4.0.5/jaxb-xjc-4.0.5.jar:/home/runner/.m2/repository/org/glassfish/jaxb/xsom/4.0.5/xsom-4.0.5.jar:/home/runner/.m2/repository/com/sun/istack/istack-commons-runtime/4.1.2/istack-commons-runtime-4.1.2.jar:/home/runner/.m2/repository/com/sun/istack/istack-commons-tools/4.1.2/istack-commons-tools-4.1.2.jar:/home/runner/.m2/repository/com/sun/xml/bind/external/relaxng-datatype/4.0.5/relaxng-datatype-4.0.5.jar:/home/runner/.m2/repository/com/sun/xml/bind/external/rngom/4.0.5/rngom-4.0.5.jar:/home/runner/.m2/repository/org/testcontainers/mssqlserver/1.20.6/mssqlserver-1.20.6.jar:/home/runner/.m2/repository/org/testcontainers/jdbc/1.20.6/jdbc-1.20.6.jar:/home/runner/.m2/repository/org/testcontainers/database-commons/1.20.6/database-commons-1.20.6.jar:/home/runner/.m2/repository/org/testcontainers/mysql/1.20.6/mysql-1.20.6.jar:/home/runner/.m2/repository/io/strimzi/strimzi-test-container/0.111.0/strimzi-test-container-0.111.0.jar:/home/runner/.m2/repository/org/testcontainers/toxiproxy/1.20.6/toxiproxy-1.20.6.jar:/home/runner/.m2/repository/com/github/docker-java/docker-java-api/3.4.1/docker-java-api-3.4.1.jar:/home/runner/.m2/repository/org/apache/logging/log4j/log4j-slf4j-impl/2.19.0/log4j-slf4j-impl-2.19.0.jar:/home/runner/.m2/repository/org/apache/logging/log4j/log4j-api/2.24.3/log4j-api-2.24.3.jar:/home/runner/.m2/repository/org/apache/logging/log4j/log4j-core/2.19.0/log4j-core-2.19.0.jar:/home/runner/.m2/repository/eu/rekawek/toxiproxy/toxiproxy-java/2.1.7/toxiproxy-java-2.1.7.jar:/home/runner/.m2/repository/org/testcontainers/pulsar/1.21.3/pulsar-1.21.3.jar:/home/runner/.m2/repository/io/debezium/debezium-testing-testcontainers/2.7.4.Final/debezium-testing-testcontainers-2.7.4.Final.jar:/home/runner/.m2/repository/org/testcontainers/kafka/1.20.6/kafka-1.20.6.jar:/home/runner/.m2/repository/com/squareup/okhttp3/okhttp/4.8.1/okhttp-4.8.1.jar:/home/runner/.m2/repository/com/squareup/okio/okio/3.10.2/okio-3.10.2.jar:/home/runner/.m2/repository/com/squareup/okio/okio-jvm/3.10.2/okio-jvm-3.10.2.jar:/home/runner/.m2/repository/org/jetbrains/kotlin/kotlin-stdlib/2.0.21/kotlin-stdlib-2.0.21.jar:/home/runner/.m2/repository/org/awaitility/awaitility/4.3.0/awaitility-4.3.0.jar:/home/runner/.m2/repository/org/testcontainers/mongodb/1.20.6/mongodb-1.20.6.jar:/home/runner/.m2/repository/org/testcontainers/mariadb/1.20.6/mariadb-1.20.6.jar:/home/runner/.m2/repository/org/testcontainers/oracle-xe/1.20.6/oracle-xe-1.20.6.jar:/home/runner/.m2/repository/org/testcontainers/postgresql/1.20.6/postgresql-1.20.6.jar:/home/runner/.m2/repository/org/wiremock/wiremock/3.0.1/wiremock-3.0.1.jar:/home/runner/.m2/repository/org/eclipse/jetty/jetty-server/11.0.15/jetty-server-11.0.15.jar:/home/runner/.m2/repository/org/eclipse/jetty/toolchain/jetty-jakarta-servlet-api/5.0.2/jetty-jakarta-servlet-api-5.0.2.jar:/home/runner/.m2/repository/org/eclipse/jetty/jetty-http/11.0.15/jetty-http-11.0.15.jar:/home/runner/.m2/repository/org/eclipse/jetty/jetty-io/11.0.15/jetty-io-11.0.15.jar:/home/runner/.m2/repository/org/eclipse/jetty/jetty-servlet/11.0.15/jetty-servlet-11.0.15.jar:/home/runner/.m2/repository/org/eclipse/jetty/jetty-security/11.0.15/jetty-security-11.0.15.jar:/home/runner/.m2/repository/org/eclipse/jetty/jetty-servlets/11.0.15/jetty-servlets-11.0.15.jar:/home/runner/.m2/repository/org/eclipse/jetty/jetty-util/11.0.15/jetty-util-11.0.15.jar:/home/runner/.m2/repository/org/eclipse/jetty/jetty-webapp/11.0.15/jetty-webapp-11.0.15.jar:/home/runner/.m2/repository/org/eclipse/jetty/jetty-xml/11.0.15/jetty-xml-11.0.15.jar:/home/runner/.m2/repository/org/eclipse/jetty/jetty-proxy/11.0.15/jetty-proxy-11.0.15.jar:/home/runner/.m2/repository/org/eclipse/jetty/jetty-client/11.0.15/jetty-client-11.0.15.jar:/home/runner/.m2/repository/org/eclipse/jetty/http2/http2-server/11.0.15/http2-server-11.0.15.jar:/home/runner/.m2/repository/org/eclipse/jetty/http2/http2-common/11.0.15/http2-common-11.0.15.jar:/home/runner/.m2/repository/org/eclipse/jetty/http2/http2-hpack/11.0.15/http2-hpack-11.0.15.jar:/home/runner/.m2/repository/org/eclipse/jetty/jetty-alpn-server/11.0.15/jetty-alpn-server-11.0.15.jar:/home/runner/.m2/repository/org/eclipse/jetty/jetty-alpn-java-server/11.0.15/jetty-alpn-java-server-11.0.15.jar:/home/runner/.m2/repository/org/eclipse/jetty/jetty-alpn-java-client/11.0.15/jetty-alpn-java-client-11.0.15.jar:/home/runner/.m2/repository/org/eclipse/jetty/jetty-alpn-client/11.0.15/jetty-alpn-client-11.0.15.jar:/home/runner/.m2/repository/org/apache/httpcomponents/client5/httpclient5/5.2.1/httpclient5-5.2.1.jar:/home/runner/.m2/repository/org/apache/httpcomponents/core5/httpcore5/5.2/httpcore5-5.2.jar:/home/runner/.m2/repository/org/apache/httpcomponents/core5/httpcore5-h2/5.2/httpcore5-h2-5.2.jar:/home/runner/.m2/repository/org/xmlunit/xmlunit-core/2.9.1/xmlunit-core-2.9.1.jar:/home/runner/.m2/repository/jakarta/xml/bind/jakarta.xml.bind-api/4.0.2/jakarta.xml.bind-api-4.0.2.jar:/home/runner/.m2/repository/org/xmlunit/xmlunit-legacy/2.9.1/xmlunit-legacy-2.9.1.jar:/home/runner/.m2/repository/org/xmlunit/xmlunit-placeholders/2.9.1/xmlunit-placeholders-2.9.1.jar:/home/runner/.m2/repository/net/javacrumbs/json-unit/json-unit-core/2.38.0/json-unit-core-2.38.0.jar:/home/runner/.m2/repository/org/hamcrest/hamcrest-core/2.2/hamcrest-core-2.2.jar:/home/runner/.m2/repository/com/jayway/jsonpath/json-path/2.8.0/json-path-2.8.0.jar:/home/runner/.m2/repository/net/minidev/json-smart/2.4.10/json-smart-2.4.10.jar:/home/runner/.m2/repository/net/minidev/accessors-smart/2.4.9/accessors-smart-2.4.9.jar:/home/runner/.m2/repository/org/ow2/asm/asm/9.7.1/asm-9.7.1.jar:/home/runner/.m2/repository/net/sf/jopt-simple/jopt-simple/5.0.4/jopt-simple-5.0.4.jar:/home/runner/.m2/repository/com/github/jknack/handlebars/4.3.1/handlebars-4.3.1.jar:/home/runner/.m2/repository/com/github/jknack/handlebars-helpers/4.3.1/handlebars-helpers-4.3.1.jar:/home/runner/.m2/repository/commons-fileupload/commons-fileupload/1.5/commons-fileupload-1.5.jar:/home/runner/.m2/repository/com/networknt/json-schema-validator/1.5.8/json-schema-validator-1.5.8.jar:/home/runner/.m2/repository/com/ethlo/time/itu/1.10.3/itu-1.10.3.jar:/home/runner/.m2/repository/io/quarkus/quarkus-smallrye-jwt-build/3.20.2/quarkus-smallrye-jwt-build-3.20.2.jar:/home/runner/.m2/repository/io/smallrye/smallrye-jwt-build/4.6.2/smallrye-jwt-build-4.6.2.jar:/home/runner/.m2/repository/org/eclipse/microprofile/jwt/microprofile-jwt-auth-api/2.1/microprofile-jwt-auth-api-2.1.jar:/home/runner/.m2/repository/org/bitbucket/b_c/jose4j/0.9.6/jose4j-0.9.6.jar:/home/runner/.m2/repository/io/smallrye/smallrye-jwt-common/4.6.2/smallrye-jwt-common-4.6.2.jar:/home/runner/.m2/repository/io/quarkus/quarkus-jsonp/3.20.2/quarkus-jsonp-3.20.2.jar:/home/runner/.m2/repository/io/quarkus/quarkus-arc/3.20.2/quarkus-arc-3.20.2.jar:/home/runner/.m2/repository/io/quarkus/arc/arc/3.20.2/arc-3.20.2.jar:/home/runner/.m2/repository/jakarta/transaction/jakarta.transaction-api/2.0.1/jakarta.transaction-api-2.0.1.jar:/home/runner/.m2/repository/io/smallrye/reactive/mutiny/2.9.2/mutiny-2.9.2.jar:/home/runner/.m2/repository/org/jctools/jctools-core/4.0.5/jctools-core-4.0.5.jar:/home/runner/.m2/repository/org/eclipse/microprofile/context-propagation/microprofile-context-propagation-api/1.3/microprofile-context-propagation-api-1.3.jar:/home/runner/.m2/repository/io/apicurio/apicurio-common-rest-client-common/0.1.18.Final/apicurio-common-rest-client-common-0.1.18.Final.jar:/home/runner/work/apicurio-testing/apicurio-testing/clusters/ci419/namespaces/mysql/tests/integration/apicurio-registry/utils/maven-plugin/target/apicurio-registry-maven-plugin-3.0.12-SNAPSHOT.jar:/home/runner/.m2/repository/com/fasterxml/jackson/core/jackson-databind/2.18.2/jackson-databind-2.18.2.jar:/home/runner/.m2/repository/org/apache/avro/avro/1.12.0/avro-1.12.0.jar:/home/runner/.m2/repository/com/google/protobuf/protobuf-java/4.31.1/protobuf-java-4.31.1.jar:/home/runner/.m2/repository/com/google/protobuf/protobuf-java-util/4.31.1/protobuf-java-util-4.31.1.jar:/home/runner/.m2/repository/com/google/code/findbugs/jsr305/3.0.2/jsr305-3.0.2.jar:/home/runner/.m2/repository/com/google/code/gson/gson/2.12.1/gson-2.12.1.jar:/home/runner/.m2/repository/com/google/errorprone/error_prone_annotations/2.36.0/error_prone_annotations-2.36.0.jar:/home/runner/.m2/repository/com/google/j2objc/j2objc-annotations/2.8/j2objc-annotations-2.8.jar:/home/runner/work/apicurio-testing/apicurio-testing/clusters/ci419/namespaces/mysql/tests/integration/apicurio-registry/schema-util/util-provider/target/apicurio-registry-schema-util-provider-3.0.12-SNAPSHOT.jar:/home/runner/work/apicurio-testing/apicurio-testing/clusters/ci419/namespaces/mysql/tests/integration/apicurio-registry/schema-util/common/target/apicurio-registry-schema-util-common-3.0.12-SNAPSHOT.jar:/home/runner/.m2/repository/com/fasterxml/jackson/module/jackson-module-parameter-names/2.18.2/jackson-module-parameter-names-2.18.2.jar:/home/runner/.m2/repository/com/fasterxml/jackson/datatype/jackson-datatype-json-org/2.18.2/jackson-datatype-json-org-2.18.2.jar:/home/runner/work/apicurio-testing/apicurio-testing/clusters/ci419/namespaces/mysql/tests/integration/apicurio-registry/schema-util/json/target/apicurio-registry-schema-util-json-3.0.12-SNAPSHOT.jar:/home/runner/.m2/repository/com/github/erosb/everit-json-schema/1.14.5/everit-json-schema-1.14.5.jar:/home/runner/.m2/repository/commons-validator/commons-validator/1.9.0/commons-validator-1.9.0.jar:/home/runner/.m2/repository/commons-digester/commons-digester/2.1/commons-digester-2.1.jar:/home/runner/.m2/repository/commons-collections/commons-collections/3.2.2/commons-collections-3.2.2.jar:/home/runner/.m2/repository/com/damnhandy/handy-uri-templates/2.1.8/handy-uri-templates-2.1.8.jar:/home/runner/.m2/repository/joda-time/joda-time/2.10.2/joda-time-2.10.2.jar:/home/runner/.m2/repository/com/github/erosb/json-sKema/0.20.0/json-sKema-0.20.0.jar:/home/runner/.m2/repository/io/vertx/vertx-json-schema/4.5.16/vertx-json-schema-4.5.16.jar:/home/runner/work/apicurio-testing/apicurio-testing/clusters/ci419/namespaces/mysql/tests/integration/apicurio-registry/schema-util/protobuf/target/apicurio-registry-schema-util-protobuf-3.0.12-SNAPSHOT.jar:/home/runner/work/apicurio-testing/apicurio-testing/clusters/ci419/namespaces/mysql/tests/integration/apicurio-registry/utils/protobuf-schema-utilities/target/apicurio-registry-protobuf-schema-utilities-3.0.12-SNAPSHOT.jar:/home/runner/.m2/repository/com/google/api/grpc/proto-google-common-protos/2.52.0/proto-google-common-protos-2.52.0.jar:/home/runner/.m2/repository/com/squareup/wire/wire-schema-jvm/5.3.3/wire-schema-jvm-5.3.3.jar:/home/runner/.m2/repository/com/palantir/javapoet/javapoet/0.6.0/javapoet-0.6.0.jar:/home/runner/.m2/repository/com/squareup/kotlinpoet-jvm/2.0.0/kotlinpoet-jvm-2.0.0.jar:/home/runner/.m2/repository/org/jetbrains/kotlin/kotlin-reflect/2.0.21/kotlin-reflect-2.0.21.jar:/home/runner/.m2/repository/com/squareup/wire/wire-runtime-jvm/5.3.3/wire-runtime-jvm-5.3.3.jar:/home/runner/.m2/repository/com/ibm/icu/icu4j/76.1/icu4j-76.1.jar:/home/runner/.m2/repository/com/squareup/okio/okio-fakefilesystem/3.10.2/okio-fakefilesystem-3.10.2.jar:/home/runner/.m2/repository/com/squareup/okio/okio-fakefilesystem-jvm/3.10.2/okio-fakefilesystem-jvm-3.10.2.jar:/home/runner/.m2/repository/org/jetbrains/kotlinx/kotlinx-datetime-jvm/0.6.1/kotlinx-datetime-jvm-0.6.1.jar:/home/runner/work/apicurio-testing/apicurio-testing/clusters/ci419/namespaces/mysql/tests/integration/apicurio-registry/schema-util/asyncapi/target/apicurio-registry-schema-util-asyncapi-3.0.12-SNAPSHOT.jar:/home/runner/work/apicurio-testing/apicurio-testing/clusters/ci419/namespaces/mysql/tests/integration/apicurio-registry/schema-util/avro/target/apicurio-registry-schema-util-avro-3.0.12-SNAPSHOT.jar:/home/runner/work/apicurio-testing/apicurio-testing/clusters/ci419/namespaces/mysql/tests/integration/apicurio-registry/schema-util/graphql/target/apicurio-registry-schema-util-graphql-3.0.12-SNAPSHOT.jar:/home/runner/.m2/repository/com/graphql-java/graphql-java/22.4/graphql-java-22.4.jar:/home/runner/.m2/repository/com/graphql-java/java-dataloader/3.3.0/java-dataloader-3.3.0.jar:/home/runner/work/apicurio-testing/apicurio-testing/clusters/ci419/namespaces/mysql/tests/integration/apicurio-registry/schema-util/kconnect/target/apicurio-registry-schema-util-kconnect-3.0.12-SNAPSHOT.jar:/home/runner/work/apicurio-testing/apicurio-testing/clusters/ci419/namespaces/mysql/tests/integration/apicurio-registry/schema-util/openapi/target/apicurio-registry-schema-util-openapi-3.0.12-SNAPSHOT.jar:/home/runner/.m2/repository/io/apicurio/apicurio-data-models/2.2.2/apicurio-data-models-2.2.2.jar:/home/runner/.m2/repository/org/openapitools/openapidiff/openapi-diff-core/2.1.2/openapi-diff-core-2.1.2.jar:/home/runner/.m2/repository/io/swagger/parser/v3/swagger-parser/2.1.28/swagger-parser-2.1.28.jar:/home/runner/.m2/repository/io/swagger/parser/v3/swagger-parser-v2-converter/2.1.28/swagger-parser-v2-converter-2.1.28.jar:/home/runner/.m2/repository/io/swagger/swagger-core/1.6.16/swagger-core-1.6.16.jar:/home/runner/.m2/repository/io/swagger/swagger-models/1.6.16/swagger-models-1.6.16.jar:/home/runner/.m2/repository/io/swagger/swagger-annotations/1.6.16/swagger-annotations-1.6.16.jar:/home/runner/.m2/repository/io/swagger/swagger-parser/1.0.75/swagger-parser-1.0.75.jar:/home/runner/.m2/repository/io/swagger/swagger-parser-safe-url-resolver/1.0.75/swagger-parser-safe-url-resolver-1.0.75.jar:/home/runner/.m2/repository/io/swagger/swagger-compat-spec-parser/1.0.75/swagger-compat-spec-parser-1.0.75.jar:/home/runner/.m2/repository/com/github/java-json-tools/json-schema-validator/2.2.14/json-schema-validator-2.2.14.jar:/home/runner/.m2/repository/com/github/java-json-tools/jackson-coreutils-equivalence/1.0/jackson-coreutils-equivalence-1.0.jar:/home/runner/.m2/repository/com/github/java-json-tools/json-schema-core/1.2.14/json-schema-core-1.2.14.jar:/home/runner/.m2/repository/com/github/java-json-tools/uri-template/0.10/uri-template-0.10.jar:/home/runner/.m2/repository/com/googlecode/libphonenumber/libphonenumber/8.11.1/libphonenumber-8.11.1.jar:/home/runner/.m2/repository/com/j2html/j2html/1.6.0/j2html-1.6.0.jar:/home/runner/.m2/repository/org/apache/commons/commons-collections4/4.5.0/commons-collections4-4.5.0.jar:/home/runner/.m2/repository/org/slf4j/jcl-over-slf4j/2.0.17/jcl-over-slf4j-2.0.17.jar:/home/runner/.m2/repository/io/swagger/parser/v3/swagger-parser-v3/2.1.31/swagger-parser-v3-2.1.31.jar:/home/runner/.m2/repository/io/swagger/core/v3/swagger-models/2.2.34/swagger-models-2.2.34.jar:/home/runner/.m2/repository/io/swagger/core/v3/swagger-core/2.2.34/swagger-core-2.2.34.jar:/home/runner/.m2/repository/io/swagger/parser/v3/swagger-parser-core/2.1.31/swagger-parser-core-2.1.31.jar:/home/runner/.m2/repository/io/swagger/parser/v3/swagger-parser-safe-url-resolver/2.1.31/swagger-parser-safe-url-resolver-2.1.31.jar:/home/runner/work/apicurio-testing/apicurio-testing/clusters/ci419/namespaces/mysql/tests/integration/apicurio-registry/schema-util/wsdl/target/apicurio-registry-schema-util-wsdl-3.0.12-SNAPSHOT.jar:/home/runner/.m2/repository/wsdl4j/wsdl4j/1.6.3/wsdl4j-1.6.3.jar:/home/runner/work/apicurio-testing/apicurio-testing/clusters/ci419/namespaces/mysql/tests/integration/apicurio-registry/schema-util/xml/target/apicurio-registry-schema-util-xml-3.0.12-SNAPSHOT.jar:/home/runner/.m2/repository/org/apache/santuario/xmlsec/4.0.4/xmlsec-4.0.4.jar:/home/runner/.m2/repository/com/fasterxml/woodstox/woodstox-core/7.1.1/woodstox-core-7.1.1.jar:/home/runner/.m2/repository/org/codehaus/woodstox/stax2-api/4.2.2/stax2-api-4.2.2.jar:/home/runner/work/apicurio-testing/apicurio-testing/clusters/ci419/namespaces/mysql/tests/integration/apicurio-registry/schema-util/xsd/target/apicurio-registry-schema-util-xsd-3.0.12-SNAPSHOT.jar:/home/runner/work/apicurio-testing/apicurio-testing/clusters/ci419/namespaces/mysql/tests/integration/apicurio-registry/serdes/kafka/jsonschema-serde/target/apicurio-registry-jsonschema-serde-kafka-3.0.12-SNAPSHOT.jar:/home/runner/work/apicurio-testing/apicurio-testing/clusters/ci419/namespaces/mysql/tests/integration/apicurio-registry/serdes/kafka/serde-kafka-common/target/apicurio-registry-serde-kafka-common-3.0.12-SNAPSHOT.jar:/home/runner/work/apicurio-testing/apicurio-testing/clusters/ci419/namespaces/mysql/tests/integration/apicurio-registry/serdes/generic/serde-common/target/apicurio-registry-serde-common-3.0.12-SNAPSHOT.jar:/home/runner/work/apicurio-testing/apicurio-testing/clusters/ci419/namespaces/mysql/tests/integration/apicurio-registry/serdes/generic/serde-common-jsonschema/target/apicurio-registry-serde-common-jsonschema-3.0.12-SNAPSHOT.jar:/home/runner/.m2/repository/org/json/json/20250107/json-20250107.jar:/home/runner/work/apicurio-testing/apicurio-testing/clusters/ci419/namespaces/mysql/tests/integration/apicurio-registry/serdes/kafka/avro-serde/target/apicurio-registry-avro-serde-kafka-3.0.12-SNAPSHOT.jar:/home/runner/work/apicurio-testing/apicurio-testing/clusters/ci419/namespaces/mysql/tests/integration/apicurio-registry/serdes/generic/serde-common-avro/target/apicurio-registry-serde-common-avro-3.0.12-SNAPSHOT.jar:/home/runner/work/apicurio-testing/apicurio-testing/clusters/ci419/namespaces/mysql/tests/integration/apicurio-registry/serdes/kafka/protobuf-serde/target/apicurio-registry-protobuf-serde-kafka-3.0.12-SNAPSHOT.jar:/home/runner/work/apicurio-testing/apicurio-testing/clusters/ci419/namespaces/mysql/tests/integration/apicurio-registry/serdes/generic/serde-common-protobuf/target/apicurio-registry-serde-common-protobuf-3.0.12-SNAPSHOT.jar:/home/runner/.m2/repository/com/squareup/wire/wire-schema/5.3.3/wire-schema-5.3.3.jar:/home/runner/.m2/repository/com/squareup/wire/wire-runtime/5.3.3/wire-runtime-5.3.3.jar:/home/runner/work/apicurio-testing/apicurio-testing/clusters/ci419/namespaces/mysql/tests/integration/apicurio-registry/serdes/pulsar/avro-serde/target/apicurio-registry-avro-serde-pulsar-3.0.12-SNAPSHOT.jar:/home/runner/.m2/repository/org/apache/pulsar/pulsar-functions-api/3.3.8/pulsar-functions-api-3.3.8.jar:/home/runner/work/apicurio-testing/apicurio-testing/clusters/ci419/namespaces/mysql/tests/integration/apicurio-registry/serdes/nats/avro-serde/target/apicurio-registry-avro-serde-nats-3.0.12-SNAPSHOT.jar:/home/runner/.m2/repository/io/nats/jnats/2.21.4/jnats-2.21.4.jar:/home/runner/.m2/repository/org/bouncycastle/bcprov-lts8on/2.73.7/bcprov-lts8on-2.73.7.jar:/home/runner/.m2/repository/org/jetbrains/annotations/26.0.2/annotations-26.0.2.jar:/home/runner/work/apicurio-testing/apicurio-testing/clusters/ci419/namespaces/mysql/tests/integration/apicurio-registry/utils/converter/target/apicurio-registry-utils-converter-3.0.12-SNAPSHOT.jar:/home/runner/work/apicurio-testing/apicurio-testing/clusters/ci419/namespaces/mysql/tests/integration/apicurio-registry/schema-resolver/target/apicurio-registry-schema-resolver-3.0.12-SNAPSHOT.jar:/home/runner/.m2/repository/org/apache/kafka/connect-api/3.9.1/connect-api-3.9.1.jar:/home/runner/.m2/repository/javax/ws/rs/javax.ws.rs-api/2.1.1/javax.ws.rs-api-2.1.1.jar:/home/runner/.m2/repository/org/apache/kafka/connect-json/3.9.1/connect-json-3.9.1.jar:/home/runner/.m2/repository/com/fasterxml/jackson/datatype/jackson-datatype-jdk8/2.18.2/jackson-datatype-jdk8-2.18.2.jar:/home/runner/.m2/repository/com/fasterxml/jackson/module/jackson-module-afterburner/2.18.2/jackson-module-afterburner-2.18.2.jar:/home/runner/work/apicurio-testing/apicurio-testing/clusters/ci419/namespaces/mysql/tests/integration/apicurio-registry/utils/kafka/target/apicurio-registry-utils-kafka-3.0.12-SNAPSHOT.jar:/home/runner/.m2/repository/org/apache/pulsar/pulsar-client/3.3.8/pulsar-client-3.3.8.jar:/home/runner/.m2/repository/org/apache/pulsar/pulsar-client-api/3.3.8/pulsar-client-api-3.3.8.jar:/home/runner/.m2/repository/org/apache/pulsar/pulsar-client-admin-api/3.3.8/pulsar-client-admin-api-3.3.8.jar:/home/runner/.m2/repository/org/apache/pulsar/bouncy-castle-bc/3.3.8/bouncy-castle-bc-3.3.8-pkg.jar:/home/runner/.m2/repository/org/bouncycastle/bcpkix-jdk18on/1.81/bcpkix-jdk18on-1.81.jar:/home/runner/.m2/repository/org/bouncycastle/bcutil-jdk18on/1.81/bcutil-jdk18on-1.81.jar:/home/runner/.m2/repository/org/bouncycastle/bcprov-jdk18on/1.81/bcprov-jdk18on-1.81.jar:/home/runner/.m2/repository/io/opentelemetry/opentelemetry-api/1.44.1/opentelemetry-api-1.44.1.jar:/home/runner/.m2/repository/io/opentelemetry/opentelemetry-context/1.44.1/opentelemetry-context-1.44.1.jar:/home/runner/.m2/repository/io/opentelemetry/opentelemetry-api-incubator/1.44.1-alpha/opentelemetry-api-incubator-1.44.1-alpha.jar:/home/runner/.m2/repository/com/fasterxml/jackson/core/jackson-annotations/2.18.2/jackson-annotations-2.18.2.jar:/home/runner/.m2/repository/javax/validation/validation-api/1.1.0.Final/validation-api-1.1.0.Final.jar:/home/runner/.m2/repository/org/jspecify/jspecify/1.0.0/jspecify-1.0.0.jar:/home/runner/.m2/repository/org/apache/commons/commons-configuration2/2.12.0/commons-configuration2-2.12.0.jar:/home/runner/.m2/repository/commons-logging/commons-logging/1.3.5/commons-logging-1.3.5.jar:/home/runner/.m2/repository/org/apache/commons/commons-text/1.13.0/commons-text-1.13.0.jar:/home/runner/.m2/repository/io/confluent/kafka-avro-serializer/8.0.0/kafka-avro-serializer-8.0.0.jar:/home/runner/.m2/repository/org/apache/commons/commons-compress/1.27.1/commons-compress-1.27.1.jar:/home/runner/.m2/repository/io/confluent/kafka-schema-serializer/8.0.0/kafka-schema-serializer-8.0.0.jar:/home/runner/.m2/repository/com/fasterxml/jackson/dataformat/jackson-dataformat-csv/2.18.2/jackson-dataformat-csv-2.18.2.jar:/home/runner/.m2/repository/io/confluent/kafka-schema-registry-client/8.0.0/kafka-schema-registry-client-8.0.0.jar:/home/runner/.m2/repository/org/yaml/snakeyaml/2.3/snakeyaml-2.3.jar:/home/runner/.m2/repository/io/swagger/core/v3/swagger-annotations/2.2.29/swagger-annotations-2.2.29.jar:/home/runner/.m2/repository/com/google/guava/guava/33.4.0-jre/guava-33.4.0-jre.jar:/home/runner/.m2/repository/com/google/guava/failureaccess/1.0.1/failureaccess-1.0.1.jar:/home/runner/.m2/repository/org/checkerframework/checker-qual/3.49.0/checker-qual-3.49.0.jar:/home/runner/.m2/repository/io/confluent/logredactor/1.0.13/logredactor-1.0.13.jar:/home/runner/.m2/repository/com/google/re2j/re2j/1.6/re2j-1.6.jar:/home/runner/.m2/repository/io/confluent/logredactor-metrics/1.0.13/logredactor-metrics-1.0.13.jar:/home/runner/.m2/repository/com/eclipsesource/minimal-json/minimal-json/0.9.5/minimal-json-0.9.5.jar:/home/runner/.m2/repository/io/confluent/common-utils/8.0.0/common-utils-8.0.0.jar:/home/runner/.m2/repository/io/confluent/kafka-connect-avro-converter/8.0.0/kafka-connect-avro-converter-8.0.0.jar:/home/runner/.m2/repository/io/confluent/kafka-connect-avro-data/8.0.0/kafka-connect-avro-data-8.0.0.jar:/home/runner/.m2/repository/io/confluent/kafka-schema-converter/8.0.0/kafka-schema-converter-8.0.0.jar:/home/runner/.m2/repository/io/rest-assured/rest-assured/5.5.1/rest-assured-5.5.1.jar:/home/runner/.m2/repository/org/apache/groovy/groovy/4.0.22/groovy-4.0.22.jar:/home/runner/.m2/repository/org/apache/groovy/groovy-xml/4.0.22/groovy-xml-4.0.22.jar:/home/runner/.m2/repository/org/apache/httpcomponents/httpclient/4.5.14/httpclient-4.5.14.jar:/home/runner/.m2/repository/org/apache/httpcomponents/httpcore/4.4.16/httpcore-4.4.16.jar:/home/runner/.m2/repository/org/apache/httpcomponents/httpmime/4.5.14/httpmime-4.5.14.jar:/home/runner/.m2/repository/org/hamcrest/hamcrest/2.2/hamcrest-2.2.jar:/home/runner/.m2/repository/org/ccil/cowan/tagsoup/tagsoup/1.2.1/tagsoup-1.2.1.jar:/home/runner/.m2/repository/io/rest-assured/json-path/5.5.1/json-path-5.5.1.jar:/home/runner/.m2/repository/org/apache/groovy/groovy-json/4.0.22/groovy-json-4.0.22.jar:/home/runner/.m2/repository/io/rest-assured/rest-assured-common/5.5.1/rest-assured-common-5.5.1.jar:/home/runner/.m2/repository/io/rest-assured/xml-path/5.5.1/xml-path-5.5.1.jar:/home/runner/.m2/repository/io/zonky/test/embedded-postgres/2.1.0/embedded-postgres-2.1.0.jar:/home/runner/.m2/repository/io/zonky/test/postgres/embedded-postgres-binaries-windows-amd64/14.15.0/embedded-postgres-binaries-windows-amd64-14.15.0.jar:/home/runner/.m2/repository/io/zonky/test/postgres/embedded-postgres-binaries-darwin-amd64/14.15.0/embedded-postgres-binaries-darwin-amd64-14.15.0.jar:/home/runner/.m2/repository/io/zonky/test/postgres/embedded-postgres-binaries-linux-amd64/14.15.0/embedded-postgres-binaries-linux-amd64-14.15.0.jar:/home/runner/.m2/repository/io/zonky/test/postgres/embedded-postgres-binaries-linux-amd64-alpine/14.15.0/embedded-postgres-binaries-linux-amd64-alpine-14.15.0.jar:/home/runner/.m2/repository/org/apache/commons/commons-lang3/3.17.0/commons-lang3-3.17.0.jar:/home/runner/.m2/repository/org/tukaani/xz/1.10/xz-1.10.jar:/home/runner/.m2/repository/commons-codec/commons-codec/1.19.0/commons-codec-1.19.0.jar:/home/runner/.m2/repository/org/postgresql/postgresql/42.7.7/postgresql-42.7.7.jar:/home/runner/.m2/repository/commons-io/commons-io/2.18.0/commons-io-2.18.0.jar:/home/runner/work/apicurio-testing/apicurio-testing/clusters/ci419/namespaces/mysql/tests/integration/apicurio-registry/utils/importexport/target/apicurio-registry-utils-import-export-3.0.12-SNAPSHOT.jar:/home/runner/.m2/repository/io/vertx/vertx-core/4.5.16/vertx-core-4.5.16.jar:/home/runner/.m2/repository/io/netty/netty-common/4.1.121.Final/netty-common-4.1.121.Final.jar:/home/runner/.m2/repository/io/netty/netty-buffer/4.1.121.Final/netty-buffer-4.1.121.Final.jar:/home/runner/.m2/repository/io/netty/netty-transport/4.1.121.Final/netty-transport-4.1.121.Final.jar:/home/runner/.m2/repository/io/netty/netty-handler/4.1.121.Final/netty-handler-4.1.121.Final.jar:/home/runner/.m2/repository/io/netty/netty-transport-native-unix-common/4.1.121.Final/netty-transport-native-unix-common-4.1.121.Final.jar:/home/runner/.m2/repository/io/netty/netty-codec/4.1.121.Final/netty-codec-4.1.121.Final.jar:/home/runner/.m2/repository/io/netty/netty-handler-proxy/4.1.121.Final/netty-handler-proxy-4.1.121.Final.jar:/home/runner/.m2/repository/io/netty/netty-codec-socks/4.1.121.Final/netty-codec-socks-4.1.121.Final.jar:/home/runner/.m2/repository/io/netty/netty-codec-http/4.1.121.Final/netty-codec-http-4.1.121.Final.jar:/home/runner/.m2/repository/io/netty/netty-codec-http2/4.1.121.Final/netty-codec-http2-4.1.121.Final.jar:/home/runner/.m2/repository/io/netty/netty-resolver/4.1.121.Final/netty-resolver-4.1.121.Final.jar:/home/runner/.m2/repository/io/netty/netty-resolver-dns/4.1.121.Final/netty-resolver-dns-4.1.121.Final.jar:/home/runner/.m2/repository/io/netty/netty-codec-dns/4.1.121.Final/netty-codec-dns-4.1.121.Final.jar:/home/runner/.m2/repository/com/fasterxml/jackson/core/jackson-core/2.18.2/jackson-core-2.18.2.jar:"/>
    <property name="java.vm.vendor" value="Eclipse Adoptium"/>
    <property name="maven.javadoc.skip" value="true"/>
    <property name="sun.arch.data.model" value="64"/>
    <property name="java.vendor.url" value="https://adoptium.net/"/>
    <property name="user.timezone" value="Etc/UTC"/>
    <property name="os.name" value="Linux"/>
    <property name="java.vm.specification.version" value="17"/>
    <property name="sun.java.launcher" value="SUN_STANDARD"/>
    <property name="quarkus.http.test-port" value="80"/>
    <property name="sun.boot.library.path" value="/usr/lib/jvm/temurin-17-jdk-amd64/lib"/>
    <property name="sun.java.command" value="/home/runner/work/apicurio-testing/apicurio-testing/clusters/ci419/namespaces/mysql/tests/integration/apicurio-registry/integration-tests/target/surefire/surefirebooter-20250812145022486_3.jar /home/runner/work/apicurio-testing/apicurio-testing/clusters/ci419/namespaces/mysql/tests/integration/apicurio-registry/integration-tests/target/surefire 2025-08-12T14-50-22_388-jvmRun1 surefire-20250812145022486_1tmp surefire_0-20250812145022486_2tmp"/>
    <property name="maven.home" value="/home/runner/.m2/wrapper/dists/apache-maven-3.9.8-bin/4fnp1ql35bgk2a0p7m31ovbgb0/apache-maven-3.9.8"/>
    <property name="jdk.debug" value="release"/>
    <property name="surefire.test.class.path" value="/home/runner/work/apicurio-testing/apicurio-testing/clusters/ci419/namespaces/mysql/tests/integration/apicurio-registry/integration-tests/target/test-classes:/home/runner/work/apicurio-testing/apicurio-testing/clusters/ci419/namespaces/mysql/tests/integration/apicurio-registry/integration-tests/target/apicurio-registry-integration-tests-3.0.12-SNAPSHOT.jar:/home/runner/.m2/repository/io/quarkus/quarkus-junit5/3.20.2/quarkus-junit5-3.20.2.jar:/home/runner/.m2/repository/io/quarkus/quarkus-bootstrap-core/3.20.2/quarkus-bootstrap-core-3.20.2.jar:/home/runner/.m2/repository/io/quarkus/quarkus-classloader-commons/3.20.2/quarkus-classloader-commons-3.20.2.jar:/home/runner/.m2/repository/io/quarkus/quarkus-bootstrap-app-model/3.20.2/quarkus-bootstrap-app-model-3.20.2.jar:/home/runner/.m2/repository/io/smallrye/common/smallrye-common-io/2.12.0/smallrye-common-io-2.12.0.jar:/home/runner/.m2/repository/org/eclipse/sisu/org.eclipse.sisu.inject/0.9.0.M3/org.eclipse.sisu.inject-0.9.0.M3.jar:/home/runner/.m2/repository/io/quarkus/quarkus-test-common/3.20.2/quarkus-test-common-3.20.2.jar:/home/runner/.m2/repository/io/quarkus/quarkus-core-deployment/3.20.2/quarkus-core-deployment-3.20.2.jar:/home/runner/.m2/repository/org/aesh/readline/2.6/readline-2.6.jar:/home/runner/.m2/repository/org/fusesource/jansi/jansi/2.4.0/jansi-2.4.0.jar:/home/runner/.m2/repository/org/aesh/aesh/2.8.2/aesh-2.8.2.jar:/home/runner/.m2/repository/io/quarkus/gizmo/gizmo/1.8.0/gizmo-1.8.0.jar:/home/runner/.m2/repository/org/ow2/asm/asm-util/9.7.1/asm-util-9.7.1.jar:/home/runner/.m2/repository/org/ow2/asm/asm-analysis/9.7.1/asm-analysis-9.7.1.jar:/home/runner/.m2/repository/org/ow2/asm/asm-commons/9.7.1/asm-commons-9.7.1.jar:/home/runner/.m2/repository/org/ow2/asm/asm-tree/9.7.1/asm-tree-9.7.1.jar:/home/runner/.m2/repository/io/quarkus/quarkus-hibernate-validator-spi/3.20.2/quarkus-hibernate-validator-spi-3.20.2.jar:/home/runner/.m2/repository/io/quarkus/quarkus-class-change-agent/3.20.2/quarkus-class-change-agent-3.20.2.jar:/home/runner/.m2/repository/io/quarkus/quarkus-devtools-utilities/3.20.2/quarkus-devtools-utilities-3.20.2.jar:/home/runner/.m2/repository/io/quarkus/quarkus-builder/3.20.2/quarkus-builder-3.20.2.jar:/home/runner/.m2/repository/org/graalvm/sdk/nativeimage/23.1.2/nativeimage-23.1.2.jar:/home/runner/.m2/repository/org/graalvm/sdk/word/23.1.2/word-23.1.2.jar:/home/runner/.m2/repository/io/quarkus/quarkus-bootstrap-maven-resolver/3.20.2/quarkus-bootstrap-maven-resolver-3.20.2.jar:/home/runner/.m2/repository/io/smallrye/beanbag/smallrye-beanbag-maven/1.5.2/smallrye-beanbag-maven-1.5.2.jar:/home/runner/.m2/repository/io/smallrye/beanbag/smallrye-beanbag-sisu/1.5.2/smallrye-beanbag-sisu-1.5.2.jar:/home/runner/.m2/repository/io/smallrye/beanbag/smallrye-beanbag/1.5.2/smallrye-beanbag-1.5.2.jar:/home/runner/.m2/repository/javax/inject/javax.inject/1/javax.inject-1.jar:/home/runner/.m2/repository/org/apache/maven/maven-artifact/3.9.9/maven-artifact-3.9.9.jar:/home/runner/.m2/repository/org/apache/maven/maven-builder-support/3.9.9/maven-builder-support-3.9.9.jar:/home/runner/.m2/repository/org/apache/maven/maven-model/3.9.9/maven-model-3.9.9.jar:/home/runner/.m2/repository/org/apache/maven/maven-model-builder/3.9.9/maven-model-builder-3.9.9.jar:/home/runner/.m2/repository/org/apache/maven/maven-repository-metadata/3.9.9/maven-repository-metadata-3.9.9.jar:/home/runner/.m2/repository/org/apache/maven/maven-settings/3.9.9/maven-settings-3.9.9.jar:/home/runner/.m2/repository/org/apache/maven/resolver/maven-resolver-api/1.9.22/maven-resolver-api-1.9.22.jar:/home/runner/.m2/repository/org/apache/maven/resolver/maven-resolver-impl/1.9.22/maven-resolver-impl-1.9.22.jar:/home/runner/.m2/repository/org/apache/maven/resolver/maven-resolver-named-locks/1.9.22/maven-resolver-named-locks-1.9.22.jar:/home/runner/.m2/repository/org/apache/maven/resolver/maven-resolver-spi/1.9.22/maven-resolver-spi-1.9.22.jar:/home/runner/.m2/repository/org/apache/maven/resolver/maven-resolver-util/1.9.22/maven-resolver-util-1.9.22.jar:/home/runner/.m2/repository/org/apache/maven/resolver/maven-resolver-transport-http/1.9.20/maven-resolver-transport-http-1.9.20.jar:/home/runner/.m2/repository/org/apache/maven/wagon/wagon-provider-api/3.5.3/wagon-provider-api-3.5.3.jar:/home/runner/.m2/repository/org/apache/maven/wagon/wagon-http-shared/3.5.3/wagon-http-shared-3.5.3.jar:/home/runner/.m2/repository/org/codehaus/plexus/plexus-interpolation/1.26/plexus-interpolation-1.26.jar:/home/runner/.m2/repository/org/codehaus/plexus/plexus-utils/3.5.1/plexus-utils-3.5.1.jar:/home/runner/.m2/repository/org/codehaus/plexus/plexus-xml/4.0.1/plexus-xml-4.0.1.jar:/home/runner/.m2/repository/org/apache/maven/maven-xml-impl/4.0.0-alpha-5/maven-xml-impl-4.0.0-alpha-5.jar:/home/runner/.m2/repository/org/apache/maven/maven-api-xml/4.0.0-alpha-5/maven-api-xml-4.0.0-alpha-5.jar:/home/runner/.m2/repository/org/apache/maven/maven-api-meta/4.0.0-alpha-5/maven-api-meta-4.0.0-alpha-5.jar:/home/runner/.m2/repository/org/codehaus/plexus/plexus-cipher/2.0/plexus-cipher-2.0.jar:/home/runner/.m2/repository/org/codehaus/plexus/plexus-sec-dispatcher/2.0/plexus-sec-dispatcher-2.0.jar:/home/runner/.m2/repository/org/apache/maven/maven-embedder/3.9.9/maven-embedder-3.9.9.jar:/home/runner/.m2/repository/org/apache/maven/maven-core/3.9.9/maven-core-3.9.9.jar:/home/runner/.m2/repository/org/codehaus/plexus/plexus-component-annotations/2.1.0/plexus-component-annotations-2.1.0.jar:/home/runner/.m2/repository/org/apache/maven/maven-plugin-api/3.9.9/maven-plugin-api-3.9.9.jar:/home/runner/.m2/repository/org/apache/maven/shared/maven-shared-utils/3.4.2/maven-shared-utils-3.4.2.jar:/home/runner/.m2/repository/com/google/inject/guice/5.1.0/guice-5.1.0.jar:/home/runner/.m2/repository/aopalliance/aopalliance/1.0/aopalliance-1.0.jar:/home/runner/.m2/repository/org/codehaus/plexus/plexus-classworlds/2.6.0/plexus-classworlds-2.6.0.jar:/home/runner/.m2/repository/commons-cli/commons-cli/1.8.0/commons-cli-1.8.0.jar:/home/runner/.m2/repository/org/eclipse/sisu/org.eclipse.sisu.plexus/0.9.0.M3/org.eclipse.sisu.plexus-0.9.0.M3.jar:/home/runner/.m2/repository/org/apache/maven/maven-settings-builder/3.9.9/maven-settings-builder-3.9.9.jar:/home/runner/.m2/repository/org/apache/maven/maven-resolver-provider/3.9.9/maven-resolver-provider-3.9.9.jar:/home/runner/.m2/repository/org/apache/maven/resolver/maven-resolver-connector-basic/1.9.22/maven-resolver-connector-basic-1.9.22.jar:/home/runner/.m2/repository/org/apache/maven/resolver/maven-resolver-transport-wagon/1.9.22/maven-resolver-transport-wagon-1.9.22.jar:/home/runner/.m2/repository/org/apache/maven/wagon/wagon-http/3.5.3/wagon-http-3.5.3.jar:/home/runner/.m2/repository/org/apache/maven/wagon/wagon-file/3.5.3/wagon-file-3.5.3.jar:/home/runner/.m2/repository/io/quarkus/quarkus-bootstrap-gradle-resolver/3.20.2/quarkus-bootstrap-gradle-resolver-3.20.2.jar:/home/runner/.m2/repository/io/smallrye/jandex/3.3.0/jandex-3.3.0.jar:/home/runner/.m2/repository/org/jboss/logging/commons-logging-jboss-logging/1.0.0.Final/commons-logging-jboss-logging-1.0.0.Final.jar:/home/runner/.m2/repository/io/quarkus/quarkus-junit5-config/3.20.2/quarkus-junit5-config-3.20.2.jar:/home/runner/.m2/repository/org/junit/jupiter/junit-jupiter-api/5.12.1/junit-jupiter-api-5.12.1.jar:/home/runner/.m2/repository/io/smallrye/config/smallrye-config/3.11.4/smallrye-config-3.11.4.jar:/home/runner/.m2/repository/io/smallrye/config/smallrye-config-core/3.11.4/smallrye-config-core-3.11.4.jar:/home/runner/.m2/repository/io/smallrye/common/smallrye-common-classloader/2.12.0/smallrye-common-classloader-2.12.0.jar:/home/runner/.m2/repository/io/smallrye/config/smallrye-config-common/3.11.4/smallrye-config-common-3.11.4.jar:/home/runner/.m2/repository/org/junit/jupiter/junit-jupiter/5.12.1/junit-jupiter-5.12.1.jar:/home/runner/.m2/repository/org/junit/jupiter/junit-jupiter-params/5.12.1/junit-jupiter-params-5.12.1.jar:/home/runner/.m2/repository/org/junit/jupiter/junit-jupiter-engine/5.12.1/junit-jupiter-engine-5.12.1.jar:/home/runner/.m2/repository/io/quarkus/quarkus-core/3.20.2/quarkus-core-3.20.2.jar:/home/runner/.m2/repository/jakarta/enterprise/jakarta.enterprise.cdi-api/4.1.0/jakarta.enterprise.cdi-api-4.1.0.jar:/home/runner/.m2/repository/jakarta/enterprise/jakarta.enterprise.lang-model/4.1.0/jakarta.enterprise.lang-model-4.1.0.jar:/home/runner/.m2/repository/jakarta/el/jakarta.el-api/5.0.1/jakarta.el-api-5.0.1.jar:/home/runner/.m2/repository/jakarta/interceptor/jakarta.interceptor-api/2.2.0/jakarta.interceptor-api-2.2.0.jar:/home/runner/.m2/repository/jakarta/inject/jakarta.inject-api/2.0.1/jakarta.inject-api-2.0.1.jar:/home/runner/.m2/repository/io/smallrye/common/smallrye-common-os/2.12.0/smallrye-common-os-2.12.0.jar:/home/runner/.m2/repository/io/quarkus/quarkus-ide-launcher/3.20.2/quarkus-ide-launcher-3.20.2.jar:/home/runner/.m2/repository/io/quarkus/quarkus-development-mode-spi/3.20.2/quarkus-development-mode-spi-3.20.2.jar:/home/runner/.m2/repository/org/jboss/logging/jboss-logging/3.6.1.Final/jboss-logging-3.6.1.Final.jar:/home/runner/.m2/repository/org/jboss/logmanager/jboss-logmanager/3.1.2.Final/jboss-logmanager-3.1.2.Final.jar:/home/runner/.m2/repository/io/smallrye/common/smallrye-common-constraint/2.12.0/smallrye-common-constraint-2.12.0.jar:/home/runner/.m2/repository/io/smallrye/common/smallrye-common-cpu/2.12.0/smallrye-common-cpu-2.12.0.jar:/home/runner/.m2/repository/io/smallrye/common/smallrye-common-expression/2.12.0/smallrye-common-expression-2.12.0.jar:/home/runner/.m2/repository/io/smallrye/common/smallrye-common-net/2.12.0/smallrye-common-net-2.12.0.jar:/home/runner/.m2/repository/io/smallrye/common/smallrye-common-ref/2.12.0/smallrye-common-ref-2.12.0.jar:/home/runner/.m2/repository/jakarta/json/jakarta.json-api/2.1.3/jakarta.json-api-2.1.3.jar:/home/runner/.m2/repository/org/eclipse/parsson/parsson/1.1.7/parsson-1.1.7.jar:/home/runner/.m2/repository/org/jboss/logging/jboss-logging-annotations/3.0.4.Final/jboss-logging-annotations-3.0.4.Final.jar:/home/runner/.m2/repository/org/jboss/threads/jboss-threads/3.8.0.Final/jboss-threads-3.8.0.Final.jar:/home/runner/.m2/repository/io/smallrye/common/smallrye-common-annotation/2.12.0/smallrye-common-annotation-2.12.0.jar:/home/runner/.m2/repository/io/smallrye/common/smallrye-common-function/2.12.0/smallrye-common-function-2.12.0.jar:/home/runner/.m2/repository/org/jboss/slf4j/slf4j-jboss-logmanager/2.0.0.Final/slf4j-jboss-logmanager-2.0.0.Final.jar:/home/runner/.m2/repository/org/wildfly/common/wildfly-common/2.0.1/wildfly-common-2.0.1.jar:/home/runner/.m2/repository/io/quarkus/quarkus-bootstrap-runner/3.20.2/quarkus-bootstrap-runner-3.20.2.jar:/home/runner/.m2/repository/io/github/crac/org-crac/0.1.3/org-crac-0.1.3.jar:/home/runner/.m2/repository/io/quarkus/quarkus-fs-util/0.0.10/quarkus-fs-util-0.0.10.jar:/home/runner/.m2/repository/org/jboss/marshalling/jboss-marshalling/2.2.2.Final/jboss-marshalling-2.2.2.Final.jar:/home/runner/.m2/repository/io/fabric8/kubernetes-client/7.1.0/kubernetes-client-7.1.0.jar:/home/runner/.m2/repository/io/fabric8/kubernetes-client-api/7.1.0/kubernetes-client-api-7.1.0.jar:/home/runner/.m2/repository/io/fabric8/kubernetes-model-core/7.1.0/kubernetes-model-core-7.1.0.jar:/home/runner/.m2/repository/io/fabric8/kubernetes-model-common/7.1.0/kubernetes-model-common-7.1.0.jar:/home/runner/.m2/repository/javax/annotation/javax.annotation-api/1.3.2/javax.annotation-api-1.3.2.jar:/home/runner/.m2/repository/io/fabric8/kubernetes-model-gatewayapi/7.1.0/kubernetes-model-gatewayapi-7.1.0.jar:/home/runner/.m2/repository/io/fabric8/kubernetes-model-resource/7.1.0/kubernetes-model-resource-7.1.0.jar:/home/runner/.m2/repository/io/fabric8/kubernetes-model-rbac/7.1.0/kubernetes-model-rbac-7.1.0.jar:/home/runner/.m2/repository/io/fabric8/kubernetes-model-admissionregistration/7.1.0/kubernetes-model-admissionregistration-7.1.0.jar:/home/runner/.m2/repository/io/fabric8/kubernetes-model-apps/7.1.0/kubernetes-model-apps-7.1.0.jar:/home/runner/.m2/repository/io/fabric8/kubernetes-model-autoscaling/7.1.0/kubernetes-model-autoscaling-7.1.0.jar:/home/runner/.m2/repository/io/fabric8/kubernetes-model-apiextensions/7.1.0/kubernetes-model-apiextensions-7.1.0.jar:/home/runner/.m2/repository/io/fabric8/kubernetes-model-batch/7.1.0/kubernetes-model-batch-7.1.0.jar:/home/runner/.m2/repository/io/fabric8/kubernetes-model-certificates/7.1.0/kubernetes-model-certificates-7.1.0.jar:/home/runner/.m2/repository/io/fabric8/kubernetes-model-coordination/7.1.0/kubernetes-model-coordination-7.1.0.jar:/home/runner/.m2/repository/io/fabric8/kubernetes-model-discovery/7.1.0/kubernetes-model-discovery-7.1.0.jar:/home/runner/.m2/repository/io/fabric8/kubernetes-model-events/7.1.0/kubernetes-model-events-7.1.0.jar:/home/runner/.m2/repository/io/fabric8/kubernetes-model-extensions/7.1.0/kubernetes-model-extensions-7.1.0.jar:/home/runner/.m2/repository/io/fabric8/kubernetes-model-flowcontrol/7.1.0/kubernetes-model-flowcontrol-7.1.0.jar:/home/runner/.m2/repository/io/fabric8/kubernetes-model-networking/7.1.0/kubernetes-model-networking-7.1.0.jar:/home/runner/.m2/repository/io/fabric8/kubernetes-model-metrics/7.1.0/kubernetes-model-metrics-7.1.0.jar:/home/runner/.m2/repository/io/fabric8/kubernetes-model-policy/7.1.0/kubernetes-model-policy-7.1.0.jar:/home/runner/.m2/repository/io/fabric8/kubernetes-model-scheduling/7.1.0/kubernetes-model-scheduling-7.1.0.jar:/home/runner/.m2/repository/io/fabric8/kubernetes-model-storageclass/7.1.0/kubernetes-model-storageclass-7.1.0.jar:/home/runner/.m2/repository/io/fabric8/kubernetes-model-node/7.1.0/kubernetes-model-node-7.1.0.jar:/home/runner/.m2/repository/org/snakeyaml/snakeyaml-engine/2.9/snakeyaml-engine-2.9.jar:/home/runner/.m2/repository/com/fasterxml/jackson/dataformat/jackson-dataformat-yaml/2.18.2/jackson-dataformat-yaml-2.18.2.jar:/home/runner/.m2/repository/com/fasterxml/jackson/datatype/jackson-datatype-jsr310/2.18.2/jackson-datatype-jsr310-2.18.2.jar:/home/runner/.m2/repository/io/fabric8/zjsonpatch/7.1.0/zjsonpatch-7.1.0.jar:/home/runner/.m2/repository/io/fabric8/kubernetes-httpclient-vertx/7.1.0/kubernetes-httpclient-vertx-7.1.0.jar:/home/runner/.m2/repository/io/vertx/vertx-web-client/4.5.16/vertx-web-client-4.5.16.jar:/home/runner/.m2/repository/io/vertx/vertx-web-common/4.5.16/vertx-web-common-4.5.16.jar:/home/runner/.m2/repository/io/vertx/vertx-auth-common/4.5.16/vertx-auth-common-4.5.16.jar:/home/runner/.m2/repository/io/vertx/vertx-uri-template/4.5.16/vertx-uri-template-4.5.16.jar:/home/runner/.m2/repository/io/fabric8/openshift-client/7.1.0/openshift-client-7.1.0.jar:/home/runner/.m2/repository/io/fabric8/openshift-client-api/7.1.0/openshift-client-api-7.1.0.jar:/home/runner/.m2/repository/io/fabric8/openshift-model/7.1.0/openshift-model-7.1.0.jar:/home/runner/.m2/repository/io/fabric8/openshift-model-autoscaling/7.1.0/openshift-model-autoscaling-7.1.0.jar:/home/runner/.m2/repository/io/fabric8/openshift-model-operator/7.1.0/openshift-model-operator-7.1.0.jar:/home/runner/.m2/repository/io/fabric8/openshift-model-operatorhub/7.1.0/openshift-model-operatorhub-7.1.0.jar:/home/runner/.m2/repository/io/fabric8/openshift-model-machine/7.1.0/openshift-model-machine-7.1.0.jar:/home/runner/.m2/repository/io/fabric8/openshift-model-whereabouts/7.1.0/openshift-model-whereabouts-7.1.0.jar:/home/runner/.m2/repository/io/fabric8/openshift-model-monitoring/7.1.0/openshift-model-monitoring-7.1.0.jar:/home/runner/.m2/repository/io/fabric8/openshift-model-storageversionmigrator/7.1.0/openshift-model-storageversionmigrator-7.1.0.jar:/home/runner/.m2/repository/io/fabric8/openshift-model-tuned/7.1.0/openshift-model-tuned-7.1.0.jar:/home/runner/.m2/repository/io/fabric8/openshift-model-console/7.1.0/openshift-model-console-7.1.0.jar:/home/runner/.m2/repository/io/fabric8/openshift-model-config/7.1.0/openshift-model-config-7.1.0.jar:/home/runner/.m2/repository/io/fabric8/openshift-model-machineconfiguration/7.1.0/openshift-model-machineconfiguration-7.1.0.jar:/home/runner/.m2/repository/io/fabric8/openshift-model-miscellaneous/7.1.0/openshift-model-miscellaneous-7.1.0.jar:/home/runner/.m2/repository/io/fabric8/openshift-model-hive/7.1.0/openshift-model-hive-7.1.0.jar:/home/runner/.m2/repository/io/fabric8/openshift-model-installer/7.1.0/openshift-model-installer-7.1.0.jar:/home/runner/.m2/repository/org/junit/platform/junit-platform-launcher/1.12.1/junit-platform-launcher-1.12.1.jar:/home/runner/.m2/repository/org/junit/platform/junit-platform-engine/1.12.1/junit-platform-engine-1.12.1.jar:/home/runner/.m2/repository/org/opentest4j/opentest4j/1.3.0/opentest4j-1.3.0.jar:/home/runner/.m2/repository/org/junit/platform/junit-platform-commons/1.12.1/junit-platform-commons-1.12.1.jar:/home/runner/.m2/repository/org/apiguardian/apiguardian-api/1.1.2/apiguardian-api-1.1.2.jar:/home/runner/.m2/repository/jakarta/ws/rs/jakarta.ws.rs-api/3.1.0/jakarta.ws.rs-api-3.1.0.jar:/home/runner/work/apicurio-testing/apicurio-testing/clusters/ci419/namespaces/mysql/tests/integration/apicurio-registry/java-sdk/target/apicurio-registry-java-sdk-3.0.12-SNAPSHOT.jar:/home/runner/.m2/repository/com/microsoft/kiota/microsoft-kiota-abstractions/1.8.9/microsoft-kiota-abstractions-1.8.9.jar:/home/runner/.m2/repository/io/github/std-uritemplate/std-uritemplate/2.0.0/std-uritemplate-2.0.0.jar:/home/runner/.m2/repository/io/kiota/kiota-http-jdk/0.0.29/kiota-http-jdk-0.0.29.jar:/home/runner/.m2/repository/io/kiota/kiota-http-vertx/0.0.29/kiota-http-vertx-0.0.29.jar:/home/runner/.m2/repository/io/kiota/kiota-serialization-jackson/0.0.29/kiota-serialization-jackson-0.0.29.jar:/home/runner/.m2/repository/com/microsoft/kiota/microsoft-kiota-serialization-text/1.8.9/microsoft-kiota-serialization-text-1.8.9.jar:/home/runner/.m2/repository/com/microsoft/kiota/microsoft-kiota-serialization-form/1.8.9/microsoft-kiota-serialization-form-1.8.9.jar:/home/runner/.m2/repository/com/microsoft/kiota/microsoft-kiota-serialization-multipart/1.8.9/microsoft-kiota-serialization-multipart-1.8.9.jar:/home/runner/.m2/repository/jakarta/annotation/jakarta.annotation-api/3.0.0/jakarta.annotation-api-3.0.0.jar:/home/runner/.m2/repository/io/vertx/vertx-auth-oauth2/4.5.16/vertx-auth-oauth2-4.5.16.jar:/home/runner/work/apicurio-testing/apicurio-testing/clusters/ci419/namespaces/mysql/tests/integration/apicurio-registry/java-sdk-v2/target/apicurio-registry-v2-java-sdk-3.0.12-SNAPSHOT.jar:/home/runner/work/apicurio-testing/apicurio-testing/clusters/ci419/namespaces/mysql/tests/integration/apicurio-registry/utils/kafka/target/apicurio-registry-utils-kafka-3.0.12-SNAPSHOT-tests.jar:/home/runner/.m2/repository/org/eclipse/microprofile/config/microprofile-config-api/3.1/microprofile-config-api-3.1.jar:/home/runner/.m2/repository/org/apache/kafka/kafka-clients/3.9.1/kafka-clients-3.9.1.jar:/home/runner/.m2/repository/com/github/luben/zstd-jni/1.5.6-4/zstd-jni-1.5.6-4.jar:/home/runner/.m2/repository/org/lz4/lz4-java/1.8.0/lz4-java-1.8.0.jar:/home/runner/.m2/repository/org/xerial/snappy/snappy-java/1.1.10.5/snappy-java-1.1.10.5.jar:/home/runner/.m2/repository/org/slf4j/slf4j-api/2.0.6/slf4j-api-2.0.6.jar:/home/runner/work/apicurio-testing/apicurio-testing/clusters/ci419/namespaces/mysql/tests/integration/apicurio-registry/utils/tests/target/apicurio-registry-utils-tests-3.0.12-SNAPSHOT.jar:/home/runner/work/apicurio-testing/apicurio-testing/clusters/ci419/namespaces/mysql/tests/integration/apicurio-registry/common/target/apicurio-registry-common-3.0.12-SNAPSHOT.jar:/home/runner/.m2/repository/jakarta/validation/jakarta.validation-api/3.0.2/jakarta.validation-api-3.0.2.jar:/home/runner/.m2/repository/com/github/dasniko/testcontainers-keycloak/3.8.0/testcontainers-keycloak-3.8.0.jar:/home/runner/.m2/repository/org/testcontainers/testcontainers/1.20.6/testcontainers-1.20.6.jar:/home/runner/.m2/repository/org/rnorth/duct-tape/duct-tape/1.0.8/duct-tape-1.0.8.jar:/home/runner/.m2/repository/com/github/docker-java/docker-java-transport-zerodep/3.4.1/docker-java-transport-zerodep-3.4.1.jar:/home/runner/.m2/repository/com/github/docker-java/docker-java-transport/3.4.1/docker-java-transport-3.4.1.jar:/home/runner/.m2/repository/net/java/dev/jna/jna/5.8.0/jna-5.8.0.jar:/home/runner/.m2/repository/io/quarkus/quarkus-junit4-mock/3.20.2/quarkus-junit4-mock-3.20.2.jar:/home/runner/.m2/repository/org/jboss/shrinkwrap/shrinkwrap-api/2.0.0-beta-2/shrinkwrap-api-2.0.0-beta-2.jar:/home/runner/.m2/repository/org/jboss/shrinkwrap/shrinkwrap-impl-base/2.0.0-beta-2/shrinkwrap-impl-base-2.0.0-beta-2.jar:/home/runner/.m2/repository/org/jboss/shrinkwrap/shrinkwrap-spi/2.0.0-beta-2/shrinkwrap-spi-2.0.0-beta-2.jar:/home/runner/.m2/repository/org/keycloak/keycloak-admin-client/26.0.4/keycloak-admin-client-26.0.4.jar:/home/runner/.m2/repository/org/keycloak/keycloak-client-common-synced/26.0.4/keycloak-client-common-synced-26.0.4.jar:/home/runner/.m2/repository/jakarta/activation/jakarta.activation-api/2.1.3/jakarta.activation-api-2.1.3.jar:/home/runner/.m2/repository/org/eclipse/microprofile/openapi/microprofile-openapi-api/4.0.2/microprofile-openapi-api-4.0.2.jar:/home/runner/.m2/repository/org/jboss/resteasy/resteasy-client/6.2.12.Final/resteasy-client-6.2.12.Final.jar:/home/runner/.m2/repository/org/jboss/resteasy/resteasy-client-api/6.2.12.Final/resteasy-client-api-6.2.12.Final.jar:/home/runner/.m2/repository/org/jboss/resteasy/resteasy-core-spi/6.2.12.Final/resteasy-core-spi-6.2.12.Final.jar:/home/runner/.m2/repository/org/jboss/resteasy/resteasy-core/6.2.12.Final/resteasy-core-6.2.12.Final.jar:/home/runner/.m2/repository/org/eclipse/angus/angus-activation/2.0.2/angus-activation-2.0.2.jar:/home/runner/.m2/repository/com/ibm/async/asyncutil/0.1.0/asyncutil-0.1.0.jar:/home/runner/.m2/repository/org/reactivestreams/reactive-streams/1.0.4/reactive-streams-1.0.4.jar:/home/runner/.m2/repository/org/jboss/resteasy/resteasy-multipart-provider/6.2.12.Final/resteasy-multipart-provider-6.2.12.Final.jar:/home/runner/.m2/repository/jakarta/mail/jakarta.mail-api/2.1.3/jakarta.mail-api-2.1.3.jar:/home/runner/.m2/repository/org/eclipse/angus/angus-mail/2.0.3/angus-mail-2.0.3.jar:/home/runner/.m2/repository/org/apache/james/apache-mime4j-dom/0.8.12/apache-mime4j-dom-0.8.12.jar:/home/runner/.m2/repository/org/apache/james/apache-mime4j-core/0.8.12/apache-mime4j-core-0.8.12.jar:/home/runner/.m2/repository/org/apache/james/apache-mime4j-storage/0.8.12/apache-mime4j-storage-0.8.12.jar:/home/runner/.m2/repository/org/jboss/resteasy/resteasy-jackson2-provider/6.2.12.Final/resteasy-jackson2-provider-6.2.12.Final.jar:/home/runner/.m2/repository/com/fasterxml/jackson/jakarta/rs/jackson-jakarta-rs-base/2.18.2/jackson-jakarta-rs-base-2.18.2.jar:/home/runner/.m2/repository/com/fasterxml/jackson/jakarta/rs/jackson-jakarta-rs-json-provider/2.18.2/jackson-jakarta-rs-json-provider-2.18.2.jar:/home/runner/.m2/repository/com/fasterxml/jackson/module/jackson-module-jakarta-xmlbind-annotations/2.18.2/jackson-module-jakarta-xmlbind-annotations-2.18.2.jar:/home/runner/.m2/repository/com/github/java-json-tools/json-patch/1.13/json-patch-1.13.jar:/home/runner/.m2/repository/com/github/java-json-tools/msg-simple/1.2/msg-simple-1.2.jar:/home/runner/.m2/repository/com/github/java-json-tools/btf/1.3/btf-1.3.jar:/home/runner/.m2/repository/com/github/java-json-tools/jackson-coreutils/2.0/jackson-coreutils-2.0.jar:/home/runner/.m2/repository/org/jboss/resteasy/resteasy-jaxb-provider/6.2.12.Final/resteasy-jaxb-provider-6.2.12.Final.jar:/home/runner/.m2/repository/org/glassfish/jaxb/codemodel/4.0.5/codemodel-4.0.5.jar:/home/runner/.m2/repository/org/glassfish/jaxb/jaxb-core/4.0.5/jaxb-core-4.0.5.jar:/home/runner/.m2/repository/org/glassfish/jaxb/jaxb-jxc/4.0.5/jaxb-jxc-4.0.5.jar:/home/runner/.m2/repository/org/glassfish/jaxb/jaxb-runtime/4.0.5/jaxb-runtime-4.0.5.jar:/home/runner/.m2/repository/org/glassfish/jaxb/txw2/4.0.5/txw2-4.0.5.jar:/home/runner/.m2/repository/org/glassfish/jaxb/jaxb-xjc/4.0.5/jaxb-xjc-4.0.5.jar:/home/runner/.m2/repository/org/glassfish/jaxb/xsom/4.0.5/xsom-4.0.5.jar:/home/runner/.m2/repository/com/sun/istack/istack-commons-runtime/4.1.2/istack-commons-runtime-4.1.2.jar:/home/runner/.m2/repository/com/sun/istack/istack-commons-tools/4.1.2/istack-commons-tools-4.1.2.jar:/home/runner/.m2/repository/com/sun/xml/bind/external/relaxng-datatype/4.0.5/relaxng-datatype-4.0.5.jar:/home/runner/.m2/repository/com/sun/xml/bind/external/rngom/4.0.5/rngom-4.0.5.jar:/home/runner/.m2/repository/org/testcontainers/mssqlserver/1.20.6/mssqlserver-1.20.6.jar:/home/runner/.m2/repository/org/testcontainers/jdbc/1.20.6/jdbc-1.20.6.jar:/home/runner/.m2/repository/org/testcontainers/database-commons/1.20.6/database-commons-1.20.6.jar:/home/runner/.m2/repository/org/testcontainers/mysql/1.20.6/mysql-1.20.6.jar:/home/runner/.m2/repository/io/strimzi/strimzi-test-container/0.111.0/strimzi-test-container-0.111.0.jar:/home/runner/.m2/repository/org/testcontainers/toxiproxy/1.20.6/toxiproxy-1.20.6.jar:/home/runner/.m2/repository/com/github/docker-java/docker-java-api/3.4.1/docker-java-api-3.4.1.jar:/home/runner/.m2/repository/org/apache/logging/log4j/log4j-slf4j-impl/2.19.0/log4j-slf4j-impl-2.19.0.jar:/home/runner/.m2/repository/org/apache/logging/log4j/log4j-api/2.24.3/log4j-api-2.24.3.jar:/home/runner/.m2/repository/org/apache/logging/log4j/log4j-core/2.19.0/log4j-core-2.19.0.jar:/home/runner/.m2/repository/eu/rekawek/toxiproxy/toxiproxy-java/2.1.7/toxiproxy-java-2.1.7.jar:/home/runner/.m2/repository/org/testcontainers/pulsar/1.21.3/pulsar-1.21.3.jar:/home/runner/.m2/repository/io/debezium/debezium-testing-testcontainers/2.7.4.Final/debezium-testing-testcontainers-2.7.4.Final.jar:/home/runner/.m2/repository/org/testcontainers/kafka/1.20.6/kafka-1.20.6.jar:/home/runner/.m2/repository/com/squareup/okhttp3/okhttp/4.8.1/okhttp-4.8.1.jar:/home/runner/.m2/repository/com/squareup/okio/okio/3.10.2/okio-3.10.2.jar:/home/runner/.m2/repository/com/squareup/okio/okio-jvm/3.10.2/okio-jvm-3.10.2.jar:/home/runner/.m2/repository/org/jetbrains/kotlin/kotlin-stdlib/2.0.21/kotlin-stdlib-2.0.21.jar:/home/runner/.m2/repository/org/awaitility/awaitility/4.3.0/awaitility-4.3.0.jar:/home/runner/.m2/repository/org/testcontainers/mongodb/1.20.6/mongodb-1.20.6.jar:/home/runner/.m2/repository/org/testcontainers/mariadb/1.20.6/mariadb-1.20.6.jar:/home/runner/.m2/repository/org/testcontainers/oracle-xe/1.20.6/oracle-xe-1.20.6.jar:/home/runner/.m2/repository/org/testcontainers/postgresql/1.20.6/postgresql-1.20.6.jar:/home/runner/.m2/repository/org/wiremock/wiremock/3.0.1/wiremock-3.0.1.jar:/home/runner/.m2/repository/org/eclipse/jetty/jetty-server/11.0.15/jetty-server-11.0.15.jar:/home/runner/.m2/repository/org/eclipse/jetty/toolchain/jetty-jakarta-servlet-api/5.0.2/jetty-jakarta-servlet-api-5.0.2.jar:/home/runner/.m2/repository/org/eclipse/jetty/jetty-http/11.0.15/jetty-http-11.0.15.jar:/home/runner/.m2/repository/org/eclipse/jetty/jetty-io/11.0.15/jetty-io-11.0.15.jar:/home/runner/.m2/repository/org/eclipse/jetty/jetty-servlet/11.0.15/jetty-servlet-11.0.15.jar:/home/runner/.m2/repository/org/eclipse/jetty/jetty-security/11.0.15/jetty-security-11.0.15.jar:/home/runner/.m2/repository/org/eclipse/jetty/jetty-servlets/11.0.15/jetty-servlets-11.0.15.jar:/home/runner/.m2/repository/org/eclipse/jetty/jetty-util/11.0.15/jetty-util-11.0.15.jar:/home/runner/.m2/repository/org/eclipse/jetty/jetty-webapp/11.0.15/jetty-webapp-11.0.15.jar:/home/runner/.m2/repository/org/eclipse/jetty/jetty-xml/11.0.15/jetty-xml-11.0.15.jar:/home/runner/.m2/repository/org/eclipse/jetty/jetty-proxy/11.0.15/jetty-proxy-11.0.15.jar:/home/runner/.m2/repository/org/eclipse/jetty/jetty-client/11.0.15/jetty-client-11.0.15.jar:/home/runner/.m2/repository/org/eclipse/jetty/http2/http2-server/11.0.15/http2-server-11.0.15.jar:/home/runner/.m2/repository/org/eclipse/jetty/http2/http2-common/11.0.15/http2-common-11.0.15.jar:/home/runner/.m2/repository/org/eclipse/jetty/http2/http2-hpack/11.0.15/http2-hpack-11.0.15.jar:/home/runner/.m2/repository/org/eclipse/jetty/jetty-alpn-server/11.0.15/jetty-alpn-server-11.0.15.jar:/home/runner/.m2/repository/org/eclipse/jetty/jetty-alpn-java-server/11.0.15/jetty-alpn-java-server-11.0.15.jar:/home/runner/.m2/repository/org/eclipse/jetty/jetty-alpn-java-client/11.0.15/jetty-alpn-java-client-11.0.15.jar:/home/runner/.m2/repository/org/eclipse/jetty/jetty-alpn-client/11.0.15/jetty-alpn-client-11.0.15.jar:/home/runner/.m2/repository/org/apache/httpcomponents/client5/httpclient5/5.2.1/httpclient5-5.2.1.jar:/home/runner/.m2/repository/org/apache/httpcomponents/core5/httpcore5/5.2/httpcore5-5.2.jar:/home/runner/.m2/repository/org/apache/httpcomponents/core5/httpcore5-h2/5.2/httpcore5-h2-5.2.jar:/home/runner/.m2/repository/org/xmlunit/xmlunit-core/2.9.1/xmlunit-core-2.9.1.jar:/home/runner/.m2/repository/jakarta/xml/bind/jakarta.xml.bind-api/4.0.2/jakarta.xml.bind-api-4.0.2.jar:/home/runner/.m2/repository/org/xmlunit/xmlunit-legacy/2.9.1/xmlunit-legacy-2.9.1.jar:/home/runner/.m2/repository/org/xmlunit/xmlunit-placeholders/2.9.1/xmlunit-placeholders-2.9.1.jar:/home/runner/.m2/repository/net/javacrumbs/json-unit/json-unit-core/2.38.0/json-unit-core-2.38.0.jar:/home/runner/.m2/repository/org/hamcrest/hamcrest-core/2.2/hamcrest-core-2.2.jar:/home/runner/.m2/repository/com/jayway/jsonpath/json-path/2.8.0/json-path-2.8.0.jar:/home/runner/.m2/repository/net/minidev/json-smart/2.4.10/json-smart-2.4.10.jar:/home/runner/.m2/repository/net/minidev/accessors-smart/2.4.9/accessors-smart-2.4.9.jar:/home/runner/.m2/repository/org/ow2/asm/asm/9.7.1/asm-9.7.1.jar:/home/runner/.m2/repository/net/sf/jopt-simple/jopt-simple/5.0.4/jopt-simple-5.0.4.jar:/home/runner/.m2/repository/com/github/jknack/handlebars/4.3.1/handlebars-4.3.1.jar:/home/runner/.m2/repository/com/github/jknack/handlebars-helpers/4.3.1/handlebars-helpers-4.3.1.jar:/home/runner/.m2/repository/commons-fileupload/commons-fileupload/1.5/commons-fileupload-1.5.jar:/home/runner/.m2/repository/com/networknt/json-schema-validator/1.5.8/json-schema-validator-1.5.8.jar:/home/runner/.m2/repository/com/ethlo/time/itu/1.10.3/itu-1.10.3.jar:/home/runner/.m2/repository/io/quarkus/quarkus-smallrye-jwt-build/3.20.2/quarkus-smallrye-jwt-build-3.20.2.jar:/home/runner/.m2/repository/io/smallrye/smallrye-jwt-build/4.6.2/smallrye-jwt-build-4.6.2.jar:/home/runner/.m2/repository/org/eclipse/microprofile/jwt/microprofile-jwt-auth-api/2.1/microprofile-jwt-auth-api-2.1.jar:/home/runner/.m2/repository/org/bitbucket/b_c/jose4j/0.9.6/jose4j-0.9.6.jar:/home/runner/.m2/repository/io/smallrye/smallrye-jwt-common/4.6.2/smallrye-jwt-common-4.6.2.jar:/home/runner/.m2/repository/io/quarkus/quarkus-jsonp/3.20.2/quarkus-jsonp-3.20.2.jar:/home/runner/.m2/repository/io/quarkus/quarkus-arc/3.20.2/quarkus-arc-3.20.2.jar:/home/runner/.m2/repository/io/quarkus/arc/arc/3.20.2/arc-3.20.2.jar:/home/runner/.m2/repository/jakarta/transaction/jakarta.transaction-api/2.0.1/jakarta.transaction-api-2.0.1.jar:/home/runner/.m2/repository/io/smallrye/reactive/mutiny/2.9.2/mutiny-2.9.2.jar:/home/runner/.m2/repository/org/jctools/jctools-core/4.0.5/jctools-core-4.0.5.jar:/home/runner/.m2/repository/org/eclipse/microprofile/context-propagation/microprofile-context-propagation-api/1.3/microprofile-context-propagation-api-1.3.jar:/home/runner/.m2/repository/io/apicurio/apicurio-common-rest-client-common/0.1.18.Final/apicurio-common-rest-client-common-0.1.18.Final.jar:/home/runner/work/apicurio-testing/apicurio-testing/clusters/ci419/namespaces/mysql/tests/integration/apicurio-registry/utils/maven-plugin/target/apicurio-registry-maven-plugin-3.0.12-SNAPSHOT.jar:/home/runner/.m2/repository/com/fasterxml/jackson/core/jackson-databind/2.18.2/jackson-databind-2.18.2.jar:/home/runner/.m2/repository/org/apache/avro/avro/1.12.0/avro-1.12.0.jar:/home/runner/.m2/repository/com/google/protobuf/protobuf-java/4.31.1/protobuf-java-4.31.1.jar:/home/runner/.m2/repository/com/google/protobuf/protobuf-java-util/4.31.1/protobuf-java-util-4.31.1.jar:/home/runner/.m2/repository/com/google/code/findbugs/jsr305/3.0.2/jsr305-3.0.2.jar:/home/runner/.m2/repository/com/google/code/gson/gson/2.12.1/gson-2.12.1.jar:/home/runner/.m2/repository/com/google/errorprone/error_prone_annotations/2.36.0/error_prone_annotations-2.36.0.jar:/home/runner/.m2/repository/com/google/j2objc/j2objc-annotations/2.8/j2objc-annotations-2.8.jar:/home/runner/work/apicurio-testing/apicurio-testing/clusters/ci419/namespaces/mysql/tests/integration/apicurio-registry/schema-util/util-provider/target/apicurio-registry-schema-util-provider-3.0.12-SNAPSHOT.jar:/home/runner/work/apicurio-testing/apicurio-testing/clusters/ci419/namespaces/mysql/tests/integration/apicurio-registry/schema-util/common/target/apicurio-registry-schema-util-common-3.0.12-SNAPSHOT.jar:/home/runner/.m2/repository/com/fasterxml/jackson/module/jackson-module-parameter-names/2.18.2/jackson-module-parameter-names-2.18.2.jar:/home/runner/.m2/repository/com/fasterxml/jackson/datatype/jackson-datatype-json-org/2.18.2/jackson-datatype-json-org-2.18.2.jar:/home/runner/work/apicurio-testing/apicurio-testing/clusters/ci419/namespaces/mysql/tests/integration/apicurio-registry/schema-util/json/target/apicurio-registry-schema-util-json-3.0.12-SNAPSHOT.jar:/home/runner/.m2/repository/com/github/erosb/everit-json-schema/1.14.5/everit-json-schema-1.14.5.jar:/home/runner/.m2/repository/commons-validator/commons-validator/1.9.0/commons-validator-1.9.0.jar:/home/runner/.m2/repository/commons-digester/commons-digester/2.1/commons-digester-2.1.jar:/home/runner/.m2/repository/commons-collections/commons-collections/3.2.2/commons-collections-3.2.2.jar:/home/runner/.m2/repository/com/damnhandy/handy-uri-templates/2.1.8/handy-uri-templates-2.1.8.jar:/home/runner/.m2/repository/joda-time/joda-time/2.10.2/joda-time-2.10.2.jar:/home/runner/.m2/repository/com/github/erosb/json-sKema/0.20.0/json-sKema-0.20.0.jar:/home/runner/.m2/repository/io/vertx/vertx-json-schema/4.5.16/vertx-json-schema-4.5.16.jar:/home/runner/work/apicurio-testing/apicurio-testing/clusters/ci419/namespaces/mysql/tests/integration/apicurio-registry/schema-util/protobuf/target/apicurio-registry-schema-util-protobuf-3.0.12-SNAPSHOT.jar:/home/runner/work/apicurio-testing/apicurio-testing/clusters/ci419/namespaces/mysql/tests/integration/apicurio-registry/utils/protobuf-schema-utilities/target/apicurio-registry-protobuf-schema-utilities-3.0.12-SNAPSHOT.jar:/home/runner/.m2/repository/com/google/api/grpc/proto-google-common-protos/2.52.0/proto-google-common-protos-2.52.0.jar:/home/runner/.m2/repository/com/squareup/wire/wire-schema-jvm/5.3.3/wire-schema-jvm-5.3.3.jar:/home/runner/.m2/repository/com/palantir/javapoet/javapoet/0.6.0/javapoet-0.6.0.jar:/home/runner/.m2/repository/com/squareup/kotlinpoet-jvm/2.0.0/kotlinpoet-jvm-2.0.0.jar:/home/runner/.m2/repository/org/jetbrains/kotlin/kotlin-reflect/2.0.21/kotlin-reflect-2.0.21.jar:/home/runner/.m2/repository/com/squareup/wire/wire-runtime-jvm/5.3.3/wire-runtime-jvm-5.3.3.jar:/home/runner/.m2/repository/com/ibm/icu/icu4j/76.1/icu4j-76.1.jar:/home/runner/.m2/repository/com/squareup/okio/okio-fakefilesystem/3.10.2/okio-fakefilesystem-3.10.2.jar:/home/runner/.m2/repository/com/squareup/okio/okio-fakefilesystem-jvm/3.10.2/okio-fakefilesystem-jvm-3.10.2.jar:/home/runner/.m2/repository/org/jetbrains/kotlinx/kotlinx-datetime-jvm/0.6.1/kotlinx-datetime-jvm-0.6.1.jar:/home/runner/work/apicurio-testing/apicurio-testing/clusters/ci419/namespaces/mysql/tests/integration/apicurio-registry/schema-util/asyncapi/target/apicurio-registry-schema-util-asyncapi-3.0.12-SNAPSHOT.jar:/home/runner/work/apicurio-testing/apicurio-testing/clusters/ci419/namespaces/mysql/tests/integration/apicurio-registry/schema-util/avro/target/apicurio-registry-schema-util-avro-3.0.12-SNAPSHOT.jar:/home/runner/work/apicurio-testing/apicurio-testing/clusters/ci419/namespaces/mysql/tests/integration/apicurio-registry/schema-util/graphql/target/apicurio-registry-schema-util-graphql-3.0.12-SNAPSHOT.jar:/home/runner/.m2/repository/com/graphql-java/graphql-java/22.4/graphql-java-22.4.jar:/home/runner/.m2/repository/com/graphql-java/java-dataloader/3.3.0/java-dataloader-3.3.0.jar:/home/runner/work/apicurio-testing/apicurio-testing/clusters/ci419/namespaces/mysql/tests/integration/apicurio-registry/schema-util/kconnect/target/apicurio-registry-schema-util-kconnect-3.0.12-SNAPSHOT.jar:/home/runner/work/apicurio-testing/apicurio-testing/clusters/ci419/namespaces/mysql/tests/integration/apicurio-registry/schema-util/openapi/target/apicurio-registry-schema-util-openapi-3.0.12-SNAPSHOT.jar:/home/runner/.m2/repository/io/apicurio/apicurio-data-models/2.2.2/apicurio-data-models-2.2.2.jar:/home/runner/.m2/repository/org/openapitools/openapidiff/openapi-diff-core/2.1.2/openapi-diff-core-2.1.2.jar:/home/runner/.m2/repository/io/swagger/parser/v3/swagger-parser/2.1.28/swagger-parser-2.1.28.jar:/home/runner/.m2/repository/io/swagger/parser/v3/swagger-parser-v2-converter/2.1.28/swagger-parser-v2-converter-2.1.28.jar:/home/runner/.m2/repository/io/swagger/swagger-core/1.6.16/swagger-core-1.6.16.jar:/home/runner/.m2/repository/io/swagger/swagger-models/1.6.16/swagger-models-1.6.16.jar:/home/runner/.m2/repository/io/swagger/swagger-annotations/1.6.16/swagger-annotations-1.6.16.jar:/home/runner/.m2/repository/io/swagger/swagger-parser/1.0.75/swagger-parser-1.0.75.jar:/home/runner/.m2/repository/io/swagger/swagger-parser-safe-url-resolver/1.0.75/swagger-parser-safe-url-resolver-1.0.75.jar:/home/runner/.m2/repository/io/swagger/swagger-compat-spec-parser/1.0.75/swagger-compat-spec-parser-1.0.75.jar:/home/runner/.m2/repository/com/github/java-json-tools/json-schema-validator/2.2.14/json-schema-validator-2.2.14.jar:/home/runner/.m2/repository/com/github/java-json-tools/jackson-coreutils-equivalence/1.0/jackson-coreutils-equivalence-1.0.jar:/home/runner/.m2/repository/com/github/java-json-tools/json-schema-core/1.2.14/json-schema-core-1.2.14.jar:/home/runner/.m2/repository/com/github/java-json-tools/uri-template/0.10/uri-template-0.10.jar:/home/runner/.m2/repository/com/googlecode/libphonenumber/libphonenumber/8.11.1/libphonenumber-8.11.1.jar:/home/runner/.m2/repository/com/j2html/j2html/1.6.0/j2html-1.6.0.jar:/home/runner/.m2/repository/org/apache/commons/commons-collections4/4.5.0/commons-collections4-4.5.0.jar:/home/runner/.m2/repository/org/slf4j/jcl-over-slf4j/2.0.17/jcl-over-slf4j-2.0.17.jar:/home/runner/.m2/repository/io/swagger/parser/v3/swagger-parser-v3/2.1.31/swagger-parser-v3-2.1.31.jar:/home/runner/.m2/repository/io/swagger/core/v3/swagger-models/2.2.34/swagger-models-2.2.34.jar:/home/runner/.m2/repository/io/swagger/core/v3/swagger-core/2.2.34/swagger-core-2.2.34.jar:/home/runner/.m2/repository/io/swagger/parser/v3/swagger-parser-core/2.1.31/swagger-parser-core-2.1.31.jar:/home/runner/.m2/repository/io/swagger/parser/v3/swagger-parser-safe-url-resolver/2.1.31/swagger-parser-safe-url-resolver-2.1.31.jar:/home/runner/work/apicurio-testing/apicurio-testing/clusters/ci419/namespaces/mysql/tests/integration/apicurio-registry/schema-util/wsdl/target/apicurio-registry-schema-util-wsdl-3.0.12-SNAPSHOT.jar:/home/runner/.m2/repository/wsdl4j/wsdl4j/1.6.3/wsdl4j-1.6.3.jar:/home/runner/work/apicurio-testing/apicurio-testing/clusters/ci419/namespaces/mysql/tests/integration/apicurio-registry/schema-util/xml/target/apicurio-registry-schema-util-xml-3.0.12-SNAPSHOT.jar:/home/runner/.m2/repository/org/apache/santuario/xmlsec/4.0.4/xmlsec-4.0.4.jar:/home/runner/.m2/repository/com/fasterxml/woodstox/woodstox-core/7.1.1/woodstox-core-7.1.1.jar:/home/runner/.m2/repository/org/codehaus/woodstox/stax2-api/4.2.2/stax2-api-4.2.2.jar:/home/runner/work/apicurio-testing/apicurio-testing/clusters/ci419/namespaces/mysql/tests/integration/apicurio-registry/schema-util/xsd/target/apicurio-registry-schema-util-xsd-3.0.12-SNAPSHOT.jar:/home/runner/work/apicurio-testing/apicurio-testing/clusters/ci419/namespaces/mysql/tests/integration/apicurio-registry/serdes/kafka/jsonschema-serde/target/apicurio-registry-jsonschema-serde-kafka-3.0.12-SNAPSHOT.jar:/home/runner/work/apicurio-testing/apicurio-testing/clusters/ci419/namespaces/mysql/tests/integration/apicurio-registry/serdes/kafka/serde-kafka-common/target/apicurio-registry-serde-kafka-common-3.0.12-SNAPSHOT.jar:/home/runner/work/apicurio-testing/apicurio-testing/clusters/ci419/namespaces/mysql/tests/integration/apicurio-registry/serdes/generic/serde-common/target/apicurio-registry-serde-common-3.0.12-SNAPSHOT.jar:/home/runner/work/apicurio-testing/apicurio-testing/clusters/ci419/namespaces/mysql/tests/integration/apicurio-registry/serdes/generic/serde-common-jsonschema/target/apicurio-registry-serde-common-jsonschema-3.0.12-SNAPSHOT.jar:/home/runner/.m2/repository/org/json/json/20250107/json-20250107.jar:/home/runner/work/apicurio-testing/apicurio-testing/clusters/ci419/namespaces/mysql/tests/integration/apicurio-registry/serdes/kafka/avro-serde/target/apicurio-registry-avro-serde-kafka-3.0.12-SNAPSHOT.jar:/home/runner/work/apicurio-testing/apicurio-testing/clusters/ci419/namespaces/mysql/tests/integration/apicurio-registry/serdes/generic/serde-common-avro/target/apicurio-registry-serde-common-avro-3.0.12-SNAPSHOT.jar:/home/runner/work/apicurio-testing/apicurio-testing/clusters/ci419/namespaces/mysql/tests/integration/apicurio-registry/serdes/kafka/protobuf-serde/target/apicurio-registry-protobuf-serde-kafka-3.0.12-SNAPSHOT.jar:/home/runner/work/apicurio-testing/apicurio-testing/clusters/ci419/namespaces/mysql/tests/integration/apicurio-registry/serdes/generic/serde-common-protobuf/target/apicurio-registry-serde-common-protobuf-3.0.12-SNAPSHOT.jar:/home/runner/.m2/repository/com/squareup/wire/wire-schema/5.3.3/wire-schema-5.3.3.jar:/home/runner/.m2/repository/com/squareup/wire/wire-runtime/5.3.3/wire-runtime-5.3.3.jar:/home/runner/work/apicurio-testing/apicurio-testing/clusters/ci419/namespaces/mysql/tests/integration/apicurio-registry/serdes/pulsar/avro-serde/target/apicurio-registry-avro-serde-pulsar-3.0.12-SNAPSHOT.jar:/home/runner/.m2/repository/org/apache/pulsar/pulsar-functions-api/3.3.8/pulsar-functions-api-3.3.8.jar:/home/runner/work/apicurio-testing/apicurio-testing/clusters/ci419/namespaces/mysql/tests/integration/apicurio-registry/serdes/nats/avro-serde/target/apicurio-registry-avro-serde-nats-3.0.12-SNAPSHOT.jar:/home/runner/.m2/repository/io/nats/jnats/2.21.4/jnats-2.21.4.jar:/home/runner/.m2/repository/org/bouncycastle/bcprov-lts8on/2.73.7/bcprov-lts8on-2.73.7.jar:/home/runner/.m2/repository/org/jetbrains/annotations/26.0.2/annotations-26.0.2.jar:/home/runner/work/apicurio-testing/apicurio-testing/clusters/ci419/namespaces/mysql/tests/integration/apicurio-registry/utils/converter/target/apicurio-registry-utils-converter-3.0.12-SNAPSHOT.jar:/home/runner/work/apicurio-testing/apicurio-testing/clusters/ci419/namespaces/mysql/tests/integration/apicurio-registry/schema-resolver/target/apicurio-registry-schema-resolver-3.0.12-SNAPSHOT.jar:/home/runner/.m2/repository/org/apache/kafka/connect-api/3.9.1/connect-api-3.9.1.jar:/home/runner/.m2/repository/javax/ws/rs/javax.ws.rs-api/2.1.1/javax.ws.rs-api-2.1.1.jar:/home/runner/.m2/repository/org/apache/kafka/connect-json/3.9.1/connect-json-3.9.1.jar:/home/runner/.m2/repository/com/fasterxml/jackson/datatype/jackson-datatype-jdk8/2.18.2/jackson-datatype-jdk8-2.18.2.jar:/home/runner/.m2/repository/com/fasterxml/jackson/module/jackson-module-afterburner/2.18.2/jackson-module-afterburner-2.18.2.jar:/home/runner/work/apicurio-testing/apicurio-testing/clusters/ci419/namespaces/mysql/tests/integration/apicurio-registry/utils/kafka/target/apicurio-registry-utils-kafka-3.0.12-SNAPSHOT.jar:/home/runner/.m2/repository/org/apache/pulsar/pulsar-client/3.3.8/pulsar-client-3.3.8.jar:/home/runner/.m2/repository/org/apache/pulsar/pulsar-client-api/3.3.8/pulsar-client-api-3.3.8.jar:/home/runner/.m2/repository/org/apache/pulsar/pulsar-client-admin-api/3.3.8/pulsar-client-admin-api-3.3.8.jar:/home/runner/.m2/repository/org/apache/pulsar/bouncy-castle-bc/3.3.8/bouncy-castle-bc-3.3.8-pkg.jar:/home/runner/.m2/repository/org/bouncycastle/bcpkix-jdk18on/1.81/bcpkix-jdk18on-1.81.jar:/home/runner/.m2/repository/org/bouncycastle/bcutil-jdk18on/1.81/bcutil-jdk18on-1.81.jar:/home/runner/.m2/repository/org/bouncycastle/bcprov-jdk18on/1.81/bcprov-jdk18on-1.81.jar:/home/runner/.m2/repository/io/opentelemetry/opentelemetry-api/1.44.1/opentelemetry-api-1.44.1.jar:/home/runner/.m2/repository/io/opentelemetry/opentelemetry-context/1.44.1/opentelemetry-context-1.44.1.jar:/home/runner/.m2/repository/io/opentelemetry/opentelemetry-api-incubator/1.44.1-alpha/opentelemetry-api-incubator-1.44.1-alpha.jar:/home/runner/.m2/repository/com/fasterxml/jackson/core/jackson-annotations/2.18.2/jackson-annotations-2.18.2.jar:/home/runner/.m2/repository/javax/validation/validation-api/1.1.0.Final/validation-api-1.1.0.Final.jar:/home/runner/.m2/repository/org/jspecify/jspecify/1.0.0/jspecify-1.0.0.jar:/home/runner/.m2/repository/org/apache/commons/commons-configuration2/2.12.0/commons-configuration2-2.12.0.jar:/home/runner/.m2/repository/commons-logging/commons-logging/1.3.5/commons-logging-1.3.5.jar:/home/runner/.m2/repository/org/apache/commons/commons-text/1.13.0/commons-text-1.13.0.jar:/home/runner/.m2/repository/io/confluent/kafka-avro-serializer/8.0.0/kafka-avro-serializer-8.0.0.jar:/home/runner/.m2/repository/org/apache/commons/commons-compress/1.27.1/commons-compress-1.27.1.jar:/home/runner/.m2/repository/io/confluent/kafka-schema-serializer/8.0.0/kafka-schema-serializer-8.0.0.jar:/home/runner/.m2/repository/com/fasterxml/jackson/dataformat/jackson-dataformat-csv/2.18.2/jackson-dataformat-csv-2.18.2.jar:/home/runner/.m2/repository/io/confluent/kafka-schema-registry-client/8.0.0/kafka-schema-registry-client-8.0.0.jar:/home/runner/.m2/repository/org/yaml/snakeyaml/2.3/snakeyaml-2.3.jar:/home/runner/.m2/repository/io/swagger/core/v3/swagger-annotations/2.2.29/swagger-annotations-2.2.29.jar:/home/runner/.m2/repository/com/google/guava/guava/33.4.0-jre/guava-33.4.0-jre.jar:/home/runner/.m2/repository/com/google/guava/failureaccess/1.0.1/failureaccess-1.0.1.jar:/home/runner/.m2/repository/org/checkerframework/checker-qual/3.49.0/checker-qual-3.49.0.jar:/home/runner/.m2/repository/io/confluent/logredactor/1.0.13/logredactor-1.0.13.jar:/home/runner/.m2/repository/com/google/re2j/re2j/1.6/re2j-1.6.jar:/home/runner/.m2/repository/io/confluent/logredactor-metrics/1.0.13/logredactor-metrics-1.0.13.jar:/home/runner/.m2/repository/com/eclipsesource/minimal-json/minimal-json/0.9.5/minimal-json-0.9.5.jar:/home/runner/.m2/repository/io/confluent/common-utils/8.0.0/common-utils-8.0.0.jar:/home/runner/.m2/repository/io/confluent/kafka-connect-avro-converter/8.0.0/kafka-connect-avro-converter-8.0.0.jar:/home/runner/.m2/repository/io/confluent/kafka-connect-avro-data/8.0.0/kafka-connect-avro-data-8.0.0.jar:/home/runner/.m2/repository/io/confluent/kafka-schema-converter/8.0.0/kafka-schema-converter-8.0.0.jar:/home/runner/.m2/repository/io/rest-assured/rest-assured/5.5.1/rest-assured-5.5.1.jar:/home/runner/.m2/repository/org/apache/groovy/groovy/4.0.22/groovy-4.0.22.jar:/home/runner/.m2/repository/org/apache/groovy/groovy-xml/4.0.22/groovy-xml-4.0.22.jar:/home/runner/.m2/repository/org/apache/httpcomponents/httpclient/4.5.14/httpclient-4.5.14.jar:/home/runner/.m2/repository/org/apache/httpcomponents/httpcore/4.4.16/httpcore-4.4.16.jar:/home/runner/.m2/repository/org/apache/httpcomponents/httpmime/4.5.14/httpmime-4.5.14.jar:/home/runner/.m2/repository/org/hamcrest/hamcrest/2.2/hamcrest-2.2.jar:/home/runner/.m2/repository/org/ccil/cowan/tagsoup/tagsoup/1.2.1/tagsoup-1.2.1.jar:/home/runner/.m2/repository/io/rest-assured/json-path/5.5.1/json-path-5.5.1.jar:/home/runner/.m2/repository/org/apache/groovy/groovy-json/4.0.22/groovy-json-4.0.22.jar:/home/runner/.m2/repository/io/rest-assured/rest-assured-common/5.5.1/rest-assured-common-5.5.1.jar:/home/runner/.m2/repository/io/rest-assured/xml-path/5.5.1/xml-path-5.5.1.jar:/home/runner/.m2/repository/io/zonky/test/embedded-postgres/2.1.0/embedded-postgres-2.1.0.jar:/home/runner/.m2/repository/io/zonky/test/postgres/embedded-postgres-binaries-windows-amd64/14.15.0/embedded-postgres-binaries-windows-amd64-14.15.0.jar:/home/runner/.m2/repository/io/zonky/test/postgres/embedded-postgres-binaries-darwin-amd64/14.15.0/embedded-postgres-binaries-darwin-amd64-14.15.0.jar:/home/runner/.m2/repository/io/zonky/test/postgres/embedded-postgres-binaries-linux-amd64/14.15.0/embedded-postgres-binaries-linux-amd64-14.15.0.jar:/home/runner/.m2/repository/io/zonky/test/postgres/embedded-postgres-binaries-linux-amd64-alpine/14.15.0/embedded-postgres-binaries-linux-amd64-alpine-14.15.0.jar:/home/runner/.m2/repository/org/apache/commons/commons-lang3/3.17.0/commons-lang3-3.17.0.jar:/home/runner/.m2/repository/org/tukaani/xz/1.10/xz-1.10.jar:/home/runner/.m2/repository/commons-codec/commons-codec/1.19.0/commons-codec-1.19.0.jar:/home/runner/.m2/repository/org/postgresql/postgresql/42.7.7/postgresql-42.7.7.jar:/home/runner/.m2/repository/commons-io/commons-io/2.18.0/commons-io-2.18.0.jar:/home/runner/work/apicurio-testing/apicurio-testing/clusters/ci419/namespaces/mysql/tests/integration/apicurio-registry/utils/importexport/target/apicurio-registry-utils-import-export-3.0.12-SNAPSHOT.jar:/home/runner/.m2/repository/io/vertx/vertx-core/4.5.16/vertx-core-4.5.16.jar:/home/runner/.m2/repository/io/netty/netty-common/4.1.121.Final/netty-common-4.1.121.Final.jar:/home/runner/.m2/repository/io/netty/netty-buffer/4.1.121.Final/netty-buffer-4.1.121.Final.jar:/home/runner/.m2/repository/io/netty/netty-transport/4.1.121.Final/netty-transport-4.1.121.Final.jar:/home/runner/.m2/repository/io/netty/netty-handler/4.1.121.Final/netty-handler-4.1.121.Final.jar:/home/runner/.m2/repository/io/netty/netty-transport-native-unix-common/4.1.121.Final/netty-transport-native-unix-common-4.1.121.Final.jar:/home/runner/.m2/repository/io/netty/netty-codec/4.1.121.Final/netty-codec-4.1.121.Final.jar:/home/runner/.m2/repository/io/netty/netty-handler-proxy/4.1.121.Final/netty-handler-proxy-4.1.121.Final.jar:/home/runner/.m2/repository/io/netty/netty-codec-socks/4.1.121.Final/netty-codec-socks-4.1.121.Final.jar:/home/runner/.m2/repository/io/netty/netty-codec-http/4.1.121.Final/netty-codec-http-4.1.121.Final.jar:/home/runner/.m2/repository/io/netty/netty-codec-http2/4.1.121.Final/netty-codec-http2-4.1.121.Final.jar:/home/runner/.m2/repository/io/netty/netty-resolver/4.1.121.Final/netty-resolver-4.1.121.Final.jar:/home/runner/.m2/repository/io/netty/netty-resolver-dns/4.1.121.Final/netty-resolver-dns-4.1.121.Final.jar:/home/runner/.m2/repository/io/netty/netty-codec-dns/4.1.121.Final/netty-codec-dns-4.1.121.Final.jar:/home/runner/.m2/repository/com/fasterxml/jackson/core/jackson-core/2.18.2/jackson-core-2.18.2.jar:"/>
    <property name="sun.cpu.endian" value="little"/>
    <property name="user.home" value="/home/runner"/>
    <property name="user.language" value="en"/>
    <property name="jboss.log-version" value="false"/>
    <property name="java.specification.vendor" value="Oracle Corporation"/>
    <property name="java.version.date" value="2025-07-15"/>
    <property name="java.home" value="/usr/lib/jvm/temurin-17-jdk-amd64"/>
    <property name="file.separator" value="/"/>
    <property name="basedir" value="/home/runner/work/apicurio-testing/apicurio-testing/clusters/ci419/namespaces/mysql/tests/integration/apicurio-registry/integration-tests"/>
    <property name="java.vm.compressedOopsMode" value="32-bit"/>
    <property name="line.separator" value="&#10;"/>
    <property name="java.specification.name" value="Java Platform API Specification"/>
    <property name="java.vm.specification.vendor" value="Oracle Corporation"/>
    <property name="quarkus.http.test-host" value="registry-app-mysql.apps.ci419.apicurio-testing.org"/>
    <property name="surefire.real.class.path" value="/home/runner/work/apicurio-testing/apicurio-testing/clusters/ci419/namespaces/mysql/tests/integration/apicurio-registry/integration-tests/target/surefire/surefirebooter-20250812145022486_3.jar"/>
    <property name="sun.management.compiler" value="HotSpot 64-Bit Tiered Compilers"/>
    <property name="org.eclipse.jetty.http.HttpGenerator.STRICT" value="true"/>
    <property name="java.runtime.version" value="17.0.16+8"/>
    <property name="user.name" value="runner"/>
    <property name="path.separator" value=":"/>
    <property name="os.version" value="6.8.0-1031-azure"/>
    <property name="java.runtime.name" value="OpenJDK Runtime Environment"/>
    <property name="file.encoding" value="UTF-8"/>
    <property name="jnidispatch.path" value="/home/runner/.cache/JNA/temp/jna18164257568724161559.tmp"/>
    <property name="java.vm.name" value="OpenJDK 64-Bit Server VM"/>
    <property name="jna.platform.library.path" value="/usr/lib/x86_64-linux-gnu:/lib/x86_64-linux-gnu:/usr/lib64:/lib64:/usr/lib:/lib:/lib32:/usr/local/lib:/usr/lib/x86_64-linux-gnu/libfakeroot"/>
    <property name="java.vendor.version" value="Temurin-17.0.16+8"/>
    <property name="quarkus.oidc.token-path" value="https://keycloak-mysql.apps.ci419.apicurio-testing.org/realms/registry/protocol/openid-connect/token"/>
    <property name="quarkus.http.host" value="registry-app-mysql.apps.ci419.apicurio-testing.org"/>
    <property name="localRepository" value="/home/runner/.m2/repository"/>
    <property name="javax.xml.xpath.XPathFactory:http://java.sun.com/jaxp/xpath/dom" value="com.sun.org.apache.xpath.internal.jaxp.XPathFactoryImpl"/>
    <property name="jna.loaded" value="true"/>
    <property name="java.vendor.url.bug" value="https://github.com/adoptium/adoptium-support/issues"/>
    <property name="jetty.git.hash" value="5bc5e562c8d05c5862505aebe5cf83a61bdbcb96"/>
    <property name="java.io.tmpdir" value="/tmp"/>
    <property name="quarkus.http.test-protocol" value="http"/>
    <property name="java.version" value="17.0.16"/>
    <property name="user.dir" value="/home/runner/work/apicurio-testing/apicurio-testing/clusters/ci419/namespaces/mysql/tests/integration/apicurio-registry/integration-tests"/>
    <property name="os.arch" value="amd64"/>
    <property name="groups" value="( smoke | serdes | acceptance | ui)"/>
    <property name="java.vm.specification.name" value="Java Virtual Machine Specification"/>
    <property name="native.encoding" value="UTF-8"/>
    <property name="java.util.logging.manager" value="org.jboss.logmanager.LogManager"/>
    <property name="java.library.path" value="/usr/java/packages/lib:/usr/lib64:/lib64:/lib:/usr/lib"/>
    <property name="jdk.console" value="java.base"/>
    <property name="java.vm.info" value="mixed mode, sharing"/>
    <property name="java.vendor" value="Eclipse Adoptium"/>
    <property name="java.vm.version" value="17.0.16+8"/>
    <property name="java.specification.maintenance.version" value="1"/>
    <property name="sun.io.unicode.encoding" value="UnicodeLittle"/>
    <property name="javax.xml.transform.TransformerFactory" value="com.sun.org.apache.xalan.internal.xsltc.trax.TransformerFactoryImpl"/>
    <property name="java.class.version" value="61.0"/>
  </properties>
  <testcase name="testGlobalIdInHeaders" classname="io.apicurio.tests.serdes.apicurio.AvroSerdeIT" time="6.732">
    <system-out><![CDATA[**** Registry Base URL: http://registry-app-mysql.apps.ci419.apicurio-testing.org:80
**** Registry Base URL: http://registry-app-mysql.apps.ci419.apicurio-testing.org:80
2025-08-12 14:50:37,105 INFO  [io.api.tes.ser.api.AvroSerdeIT] (main) RestAssured configured with http://registry-app-mysql.apps.ci419.apicurio-testing.org:80/apis/registry/v3
2025-08-12 14:50:37,264 INFO  [io.api.tes.uti.KafkaFacade] (main) Starting kafka container
2025-08-12 14:50:37,319 INFO  [org.tes.ima.PullPolicy] (main) Image pull policy will be performed by: DefaultPullPolicy()
2025-08-12 14:50:37,322 INFO  [org.tes.uti.ImageNameSubstitutor] (main) Image name substitution will be performed by: DefaultImageNameSubstitutor (composite of 'ConfigurationFileImageNameSubstitutor' and 'PrefixingImageNameSubstitutor')
2025-08-12 14:50:37,334 INFO  [org.tes.DockerClientFactory] (main) Testcontainers version: 1.20.6
2025-08-12 14:50:37,840 INFO  [org.tes.doc.DockerClientProviderStrategy] (main) Found Docker environment with local Unix socket (unix:///var/run/docker.sock)
2025-08-12 14:50:37,849 INFO  [org.tes.DockerClientFactory] (main) Docker host IP address is localhost
2025-08-12 14:50:37,869 INFO  [org.tes.DockerClientFactory] (main) Connected to docker: 
  Server Version: 28.0.4
  API Version: 1.48
  Operating System: Ubuntu 22.04.5 LTS
  Total Memory: 7944 MB
2025-08-12 14:50:37,910 INFO  [tc.tes.11.0] (main) Pulling docker image: testcontainers/ryuk:0.11.0. Please be patient; this may take some time but only needs to be done once.
2025-08-12 14:50:38,929 INFO  [tc.tes.11.0] (docker-java-stream--1295187651) Starting to pull image
2025-08-12 14:50:38,952 INFO  [tc.tes.11.0] (docker-java-stream--1295187651) Pulling image layers:  0 pending,  0 downloaded,  0 extracted, (0 bytes/0 bytes)
2025-08-12 14:50:39,481 INFO  [tc.tes.11.0] (docker-java-stream--1295187651) Pulling image layers:  2 pending,  1 downloaded,  0 extracted, (115 KB/? MB)
2025-08-12 14:50:39,489 INFO  [tc.tes.11.0] (docker-java-stream--1295187651) Pulling image layers:  1 pending,  2 downloaded,  0 extracted, (115 KB/? MB)
2025-08-12 14:50:39,553 INFO  [tc.tes.11.0] (docker-java-stream--1295187651) Pulling image layers:  0 pending,  3 downloaded,  0 extracted, (6 MB/10 MB)
2025-08-12 14:50:39,615 INFO  [tc.tes.11.0] (docker-java-stream--1295187651) Pulling image layers:  0 pending,  3 downloaded,  1 extracted, (10 MB/10 MB)
2025-08-12 14:50:40,600 INFO  [tc.tes.11.0] (docker-java-stream--1295187651) Pulling image layers:  0 pending,  3 downloaded,  2 extracted, (10 MB/10 MB)
2025-08-12 14:50:40,643 INFO  [tc.tes.11.0] (docker-java-stream--1295187651) Pulling image layers:  0 pending,  3 downloaded,  3 extracted, (10 MB/10 MB)
2025-08-12 14:50:40,649 INFO  [tc.tes.11.0] (docker-java-stream--1295187651) Pull complete. 3 layers, pulled in 1s (downloaded 10 MB at 10 MB/s)
2025-08-12 14:50:40,649 INFO  [tc.tes.11.0] (main) Image testcontainers/ryuk:0.11.0 pull took PT2.738529056S
2025-08-12 14:50:40,678 INFO  [tc.tes.11.0] (main) Creating container for image: testcontainers/ryuk:0.11.0
2025-08-12 14:50:40,749 INFO  [tc.tes.11.0] (main) Container testcontainers/ryuk:0.11.0 is starting: 880ea4383bb31705a3b65373240f171beb9c1b20ba684f82cd5bb8b2afb71c6d
2025-08-12 14:50:41,058 INFO  [tc.tes.11.0] (main) Container testcontainers/ryuk:0.11.0 started in PT0.380066685S
2025-08-12 14:50:41,063 INFO  [org.tes.uti.RyukResourceReaper] (main) Ryuk started - will monitor and terminate Testcontainers containers on JVM exit
2025-08-12 14:50:41,063 INFO  [org.tes.DockerClientFactory] (main) Checking the system...
2025-08-12 14:50:41,063 INFO  [org.tes.DockerClientFactory] (main) ✔︎ Docker server version should be at least 1.6.0
2025-08-12 14:50:41,066 INFO  [io.str.tes.con.KafkaVersionService] (main) Latest release of Kafka is:LogicalKafkaVersionEntity{version='4.0.0', image='quay.io/strimzi-test-container/test-container:0.111.0-kafka-4.0.0'}
2025-08-12 14:50:41,066 INFO  [io.str.tes.con.KafkaVersionService] (main) Latest release of Kafka is:LogicalKafkaVersionEntity{version='4.0.0', image='quay.io/strimzi-test-container/test-container:0.111.0-kafka-4.0.0'}
2025-08-12 14:50:41,067 INFO  [io.str.tes.con.KafkaVersionService] (main) No Kafka version specified. Using latest release: 4.0.0
2025-08-12 14:50:41,071 INFO  [tc.qua.io/.111.0-k.0.0] (main) Pulling docker image: quay.io/strimzi-test-container/test-container:0.111.0-kafka-4.0.0. Please be patient; this may take some time but only needs to be done once.
2025-08-12 14:50:42,139 INFO  [tc.qua.io/.111.0-k.0.0] (docker-java-stream--29267298) Starting to pull image
2025-08-12 14:50:42,140 INFO  [tc.qua.io/.111.0-k.0.0] (docker-java-stream--29267298) Pulling image layers:  0 pending,  0 downloaded,  0 extracted, (0 bytes/0 bytes)
2025-08-12 14:50:42,861 INFO  [tc.qua.io/.111.0-k.0.0] (docker-java-stream--29267298) Pulling image layers:  6 pending,  1 downloaded,  0 extracted, (31 KB/? MB)
2025-08-12 14:50:43,196 INFO  [tc.qua.io/.111.0-k.0.0] (docker-java-stream--29267298) Pulling image layers:  5 pending,  2 downloaded,  0 extracted, (8 MB/? MB)
2025-08-12 14:50:45,444 INFO  [tc.qua.io/.111.0-k.0.0] (docker-java-stream--29267298) Pulling image layers:  4 pending,  3 downloaded,  0 extracted, (186 MB/? MB)
2025-08-12 14:50:45,484 INFO  [tc.qua.io/.111.0-k.0.0] (docker-java-stream--29267298) Pulling image layers:  3 pending,  4 downloaded,  0 extracted, (194 MB/? MB)
2025-08-12 14:50:45,730 INFO  [tc.qua.io/.111.0-k.0.0] (docker-java-stream--29267298) Pulling image layers:  2 pending,  5 downloaded,  0 extracted, (198 MB/? MB)
2025-08-12 14:50:46,370 INFO  [tc.qua.io/.111.0-k.0.0] (docker-java-stream--29267298) Pulling image layers:  1 pending,  6 downloaded,  0 extracted, (207 MB/? MB)
2025-08-12 14:50:46,498 INFO  [tc.qua.io/.111.0-k.0.0] (docker-java-stream--29267298) Pulling image layers:  1 pending,  6 downloaded,  1 extracted, (215 MB/? MB)
2025-08-12 14:50:48,227 INFO  [tc.qua.io/.111.0-k.0.0] (docker-java-stream--29267298) Pulling image layers:  0 pending,  7 downloaded,  1 extracted, (243 MB/249 MB)
2025-08-12 14:50:52,544 INFO  [tc.qua.io/.111.0-k.0.0] (docker-java-stream--29267298) Pulling image layers:  0 pending,  7 downloaded,  2 extracted, (245 MB/249 MB)
2025-08-12 14:50:52,581 INFO  [tc.qua.io/.111.0-k.0.0] (docker-java-stream--29267298) Pulling image layers:  0 pending,  7 downloaded,  3 extracted, (247 MB/249 MB)
2025-08-12 14:50:52,599 INFO  [tc.qua.io/.111.0-k.0.0] (docker-java-stream--29267298) Pulling image layers:  0 pending,  7 downloaded,  4 extracted, (247 MB/249 MB)
2025-08-12 14:50:53,703 INFO  [tc.qua.io/.111.0-k.0.0] (docker-java-stream--29267298) Pulling image layers:  0 pending,  7 downloaded,  5 extracted, (249 MB/249 MB)
2025-08-12 14:50:53,740 INFO  [tc.qua.io/.111.0-k.0.0] (docker-java-stream--29267298) Pulling image layers:  0 pending,  7 downloaded,  6 extracted, (249 MB/249 MB)
2025-08-12 14:50:53,757 INFO  [tc.qua.io/.111.0-k.0.0] (docker-java-stream--29267298) Pulling image layers:  0 pending,  7 downloaded,  7 extracted, (249 MB/249 MB)
2025-08-12 14:50:53,762 INFO  [tc.qua.io/.111.0-k.0.0] (main) Image quay.io/strimzi-test-container/test-container:0.111.0-kafka-4.0.0 pull took PT12.691295492S
2025-08-12 14:50:53,762 INFO  [tc.qua.io/.111.0-k.0.0] (docker-java-stream--29267298) Pull complete. 7 layers, pulled in 11s (downloaded 249 MB at 22 MB/s)
2025-08-12 14:50:53,765 INFO  [tc.qua.io/.111.0-k.0.0] (main) Creating container for image: quay.io/strimzi-test-container/test-container:0.111.0-kafka-4.0.0
2025-08-12 14:50:53,856 INFO  [tc.qua.io/.111.0-k.0.0] (main) Container quay.io/strimzi-test-container/test-container:0.111.0-kafka-4.0.0 is starting: ae51d56cafeb4533ebd4ab52e7b113aa7298635d0181c44cbd56a47614491300
2025-08-12 14:50:54,164 INFO  [io.str.tes.con.StrimziKafkaContainer] (main) Mapped port: 32769
2025-08-12 14:50:54,165 WARN  [io.str.tes.con.StrimziKafkaContainer] (main) Node ID is not set. Using broker ID 0 as the default node ID.
2025-08-12 14:50:54,165 INFO  [io.str.tes.con.StrimziKafkaContainer] (main) This is all advertised listeners for Kafka PLAINTEXT://localhost:32769,BROKER1://172.18.0.2:9091,CONTROLLER://broker-0:9094
2025-08-12 14:50:54,199 INFO  [io.str.tes.con.StrimziKafkaContainer] (main) New `cluster.id` has been generated: FMImeSt9THyuSk_CoOu4HQ
2025-08-12 14:50:54,201 INFO  [io.str.tes.con.StrimziKafkaContainer] (main) Copying command to 'STARTER_SCRIPT' script.
2025-08-12 14:50:59,804 INFO  [tc.qua.io/.111.0-k.0.0] (main) Container quay.io/strimzi-test-container/test-container:0.111.0-kafka-4.0.0 started in PT6.038639339S
2025-08-12 14:50:59,807 INFO  [io.api.tes.uti.TestSeparator] (main) ############################################################################
2025-08-12 14:50:59,808 INFO  [io.api.tes.uti.TestSeparator] (main) io.apicurio.tests.serdes.apicurio.AvroSerdeIT.testGlobalIdInHeaders-STARTED
2025-08-12 14:50:59,829 INFO  [org.apa.kaf.cli.adm.AdminClientConfig] (main) AdminClientConfig values: 
	auto.include.jmx.reporter = true
	bootstrap.controllers = []
	bootstrap.servers = [PLAINTEXT://localhost:32769]
	client.dns.lookup = use_all_dns_ips
	client.id = 
	connections.max.idle.ms = 10000
	default.api.timeout.ms = 60000
	enable.metrics.push = true
	metadata.max.age.ms = 300000
	metadata.recovery.strategy = none
	metric.reporters = []
	metrics.num.samples = 2
	metrics.recording.level = INFO
	metrics.sample.window.ms = 30000
	receive.buffer.bytes = 65536
	reconnect.backoff.max.ms = 1000
	reconnect.backoff.ms = 50
	request.timeout.ms = 5000
	retries = 2147483647
	retry.backoff.max.ms = 1000
	retry.backoff.ms = 100
	sasl.client.callback.handler.class = null
	sasl.jaas.config = null
	sasl.kerberos.kinit.cmd = /usr/bin/kinit
	sasl.kerberos.min.time.before.relogin = 60000
	sasl.kerberos.service.name = null
	sasl.kerberos.ticket.renew.jitter = 0.05
	sasl.kerberos.ticket.renew.window.factor = 0.8
	sasl.login.callback.handler.class = null
	sasl.login.class = null
	sasl.login.connect.timeout.ms = null
	sasl.login.read.timeout.ms = null
	sasl.login.refresh.buffer.seconds = 300
	sasl.login.refresh.min.period.seconds = 60
	sasl.login.refresh.window.factor = 0.8
	sasl.login.refresh.window.jitter = 0.05
	sasl.login.retry.backoff.max.ms = 10000
	sasl.login.retry.backoff.ms = 100
	sasl.mechanism = GSSAPI
	sasl.oauthbearer.clock.skew.seconds = 30
	sasl.oauthbearer.expected.audience = null
	sasl.oauthbearer.expected.issuer = null
	sasl.oauthbearer.header.urlencode = false
	sasl.oauthbearer.jwks.endpoint.refresh.ms = 3600000
	sasl.oauthbearer.jwks.endpoint.retry.backoff.max.ms = 10000
	sasl.oauthbearer.jwks.endpoint.retry.backoff.ms = 100
	sasl.oauthbearer.jwks.endpoint.url = null
	sasl.oauthbearer.scope.claim.name = scope
	sasl.oauthbearer.sub.claim.name = sub
	sasl.oauthbearer.token.endpoint.url = null
	security.protocol = PLAINTEXT
	security.providers = null
	send.buffer.bytes = 131072
	socket.connection.setup.timeout.max.ms = 30000
	socket.connection.setup.timeout.ms = 10000
	ssl.cipher.suites = null
	ssl.enabled.protocols = [TLSv1.2, TLSv1.3]
	ssl.endpoint.identification.algorithm = https
	ssl.engine.factory.class = null
	ssl.key.password = null
	ssl.keymanager.algorithm = SunX509
	ssl.keystore.certificate.chain = null
	ssl.keystore.key = null
	ssl.keystore.location = null
	ssl.keystore.password = null
	ssl.keystore.type = JKS
	ssl.protocol = TLSv1.3
	ssl.provider = null
	ssl.secure.random.implementation = null
	ssl.trustmanager.algorithm = PKIX
	ssl.truststore.certificates = null
	ssl.truststore.location = null
	ssl.truststore.password = null
	ssl.truststore.type = JKS

2025-08-12 14:51:00,468 INFO  [org.apa.kaf.com.uti.AppInfoParser] (main) Kafka version: 3.9.1
2025-08-12 14:51:00,468 INFO  [org.apa.kaf.com.uti.AppInfoParser] (main) Kafka commitId: f745dfdcee2b9851
2025-08-12 14:51:00,469 INFO  [org.apa.kaf.com.uti.AppInfoParser] (main) Kafka startTimeMs: 1755010260465
**** Registry Base URL: http://registry-app-mysql.apps.ci419.apicurio-testing.org:80
2025-08-12 14:51:00,532 INFO  [org.apa.kaf.cli.pro.ProducerConfig] (main) ProducerConfig values: 
	acks = -1
	auto.include.jmx.reporter = true
	batch.size = 16384
	bootstrap.servers = [PLAINTEXT://localhost:32769]
	buffer.memory = 33554432
	client.dns.lookup = use_all_dns_ips
	client.id = Producer-topic-fd5e47b9_3630_45a7_a582_52678a528302
	compression.gzip.level = -1
	compression.lz4.level = 9
	compression.type = none
	compression.zstd.level = 3
	connections.max.idle.ms = 10000
	delivery.timeout.ms = 120000
	enable.idempotence = true
	enable.metrics.push = true
	interceptor.classes = []
	key.serializer = class org.apache.kafka.common.serialization.StringSerializer
	linger.ms = 0
	max.block.ms = 60000
	max.in.flight.requests.per.connection = 5
	max.request.size = 1048576
	metadata.max.age.ms = 300000
	metadata.max.idle.ms = 300000
	metadata.recovery.strategy = none
	metric.reporters = []
	metrics.num.samples = 2
	metrics.recording.level = INFO
	metrics.sample.window.ms = 30000
	partitioner.adaptive.partitioning.enable = true
	partitioner.availability.timeout.ms = 0
	partitioner.class = null
	partitioner.ignore.keys = false
	receive.buffer.bytes = 32768
	reconnect.backoff.max.ms = 1000
	reconnect.backoff.ms = 50
	request.timeout.ms = 5000
	retries = 2147483647
	retry.backoff.max.ms = 1000
	retry.backoff.ms = 100
	sasl.client.callback.handler.class = null
	sasl.jaas.config = null
	sasl.kerberos.kinit.cmd = /usr/bin/kinit
	sasl.kerberos.min.time.before.relogin = 60000
	sasl.kerberos.service.name = null
	sasl.kerberos.ticket.renew.jitter = 0.05
	sasl.kerberos.ticket.renew.window.factor = 0.8
	sasl.login.callback.handler.class = null
	sasl.login.class = null
	sasl.login.connect.timeout.ms = null
	sasl.login.read.timeout.ms = null
	sasl.login.refresh.buffer.seconds = 300
	sasl.login.refresh.min.period.seconds = 60
	sasl.login.refresh.window.factor = 0.8
	sasl.login.refresh.window.jitter = 0.05
	sasl.login.retry.backoff.max.ms = 10000
	sasl.login.retry.backoff.ms = 100
	sasl.mechanism = GSSAPI
	sasl.oauthbearer.clock.skew.seconds = 30
	sasl.oauthbearer.expected.audience = null
	sasl.oauthbearer.expected.issuer = null
	sasl.oauthbearer.header.urlencode = false
	sasl.oauthbearer.jwks.endpoint.refresh.ms = 3600000
	sasl.oauthbearer.jwks.endpoint.retry.backoff.max.ms = 10000
	sasl.oauthbearer.jwks.endpoint.retry.backoff.ms = 100
	sasl.oauthbearer.jwks.endpoint.url = null
	sasl.oauthbearer.scope.claim.name = scope
	sasl.oauthbearer.sub.claim.name = sub
	sasl.oauthbearer.token.endpoint.url = null
	security.protocol = PLAINTEXT
	security.providers = null
	send.buffer.bytes = 131072
	socket.connection.setup.timeout.max.ms = 30000
	socket.connection.setup.timeout.ms = 10000
	ssl.cipher.suites = null
	ssl.enabled.protocols = [TLSv1.2, TLSv1.3]
	ssl.endpoint.identification.algorithm = https
	ssl.engine.factory.class = null
	ssl.key.password = null
	ssl.keymanager.algorithm = SunX509
	ssl.keystore.certificate.chain = null
	ssl.keystore.key = null
	ssl.keystore.location = null
	ssl.keystore.password = null
	ssl.keystore.type = JKS
	ssl.protocol = TLSv1.3
	ssl.provider = null
	ssl.secure.random.implementation = null
	ssl.trustmanager.algorithm = PKIX
	ssl.truststore.certificates = null
	ssl.truststore.location = null
	ssl.truststore.password = null
	ssl.truststore.type = JKS
	transaction.timeout.ms = 60000
	transactional.id = null
	value.serializer = class io.apicurio.registry.serde.avro.AvroKafkaSerializer

2025-08-12 14:51:00,573 INFO  [org.apa.kaf.com.tel.int.KafkaMetricsCollector] (main) initializing Kafka metrics collector
2025-08-12 14:51:00,600 INFO  [org.apa.kaf.cli.pro.KafkaProducer] (main) [Producer clientId=Producer-topic-fd5e47b9_3630_45a7_a582_52678a528302] Instantiated an idempotent producer.
2025-08-12 14:51:00,638 INFO  [org.apa.kaf.cli.pro.ProducerConfig] (main) These configurations '[apicurio.registry.url, apicurio.registry.auto-register, apicurio.registry.use-id, apicurio.registry.artifact-resolver-strategy]' were supplied but are not used yet.
2025-08-12 14:51:00,639 INFO  [org.apa.kaf.com.uti.AppInfoParser] (main) Kafka version: 3.9.1
2025-08-12 14:51:00,639 INFO  [org.apa.kaf.com.uti.AppInfoParser] (main) Kafka commitId: f745dfdcee2b9851
2025-08-12 14:51:00,643 INFO  [org.apa.kaf.com.uti.AppInfoParser] (main) Kafka startTimeMs: 1755010260638
2025-08-12 14:51:00,643 INFO  [io.api.tes.ser.api.SimpleSerdesTesterBuilder$SimpleSerdesTester] (main) Using producer configuration: {apicurio.registry.url=http://registry-app-mysql.apps.ci419.apicurio-testing.org:80/apis/registry/v3, apicurio.registry.auto-register=true, apicurio.registry.use-id=globalId, apicurio.registry.artifact-resolver-strategy=io.apicurio.registry.serde.strategy.TopicIdStrategy, value.serializer=io.apicurio.registry.serde.avro.AvroKafkaSerializer, request.timeout.ms=5000, acks=all, bootstrap.servers=PLAINTEXT://localhost:32769, connections.max.idle.ms=10000, key.serializer=org.apache.kafka.common.serialization.StringSerializer, client.id=Producer-topic-fd5e47b9_3630_45a7_a582_52678a528302}
2025-08-12 14:51:00,643 INFO  [io.api.tes.ser.api.SimpleSerdesTesterBuilder$SimpleSerdesTester] (main) Using consumer configuration: {apicurio.registry.use-id=globalId}
2025-08-12 14:51:00,652 INFO  [io.api.tes.ser.api.KafkaSerdesTester] (Thread-600) Sending message {"key11755010260507": "value-0"} to topic topic-fd5e47b9_3630_45a7_a582_52678a528302
2025-08-12 14:51:00,996 WARN  [org.apa.kaf.cli.NetworkClient] (kafka-producer-network-thread | Producer-topic-fd5e47b9_3630_45a7_a582_52678a528302) [Producer clientId=Producer-topic-fd5e47b9_3630_45a7_a582_52678a528302] The metadata response from the cluster reported a recoverable issue with correlation id 1 : {topic-fd5e47b9_3630_45a7_a582_52678a528302=UNKNOWN_TOPIC_OR_PARTITION}
2025-08-12 14:51:01,003 INFO  [org.apa.kaf.cli.Metadata] (kafka-producer-network-thread | Producer-topic-fd5e47b9_3630_45a7_a582_52678a528302) [Producer clientId=Producer-topic-fd5e47b9_3630_45a7_a582_52678a528302] Cluster ID: FMImeSt9THyuSk_CoOu4HQ
2025-08-12 14:51:01,129 INFO  [org.apa.kaf.cli.pro.int.TransactionManager] (kafka-producer-network-thread | Producer-topic-fd5e47b9_3630_45a7_a582_52678a528302) [Producer clientId=Producer-topic-fd5e47b9_3630_45a7_a582_52678a528302] ProducerId set to 0 with epoch 0
2025-08-12 14:51:01,437 INFO  [io.api.tes.ser.api.KafkaSerdesTester] (Thread-600) Sending message {"key11755010260507": "value-1"} to topic topic-fd5e47b9_3630_45a7_a582_52678a528302
2025-08-12 14:51:01,452 INFO  [io.api.tes.ser.api.KafkaSerdesTester] (Thread-600) Sending message {"key11755010260507": "value-2"} to topic topic-fd5e47b9_3630_45a7_a582_52678a528302
2025-08-12 14:51:01,462 INFO  [io.api.tes.ser.api.KafkaSerdesTester] (Thread-600) Sending message {"key11755010260507": "value-3"} to topic topic-fd5e47b9_3630_45a7_a582_52678a528302
2025-08-12 14:51:01,469 INFO  [io.api.tes.ser.api.KafkaSerdesTester] (Thread-600) Sending message {"key11755010260507": "value-4"} to topic topic-fd5e47b9_3630_45a7_a582_52678a528302
2025-08-12 14:51:01,476 INFO  [io.api.tes.ser.api.KafkaSerdesTester] (Thread-600) Sending message {"key11755010260507": "value-5"} to topic topic-fd5e47b9_3630_45a7_a582_52678a528302
2025-08-12 14:51:01,486 INFO  [io.api.tes.ser.api.KafkaSerdesTester] (Thread-600) Sending message {"key11755010260507": "value-6"} to topic topic-fd5e47b9_3630_45a7_a582_52678a528302
2025-08-12 14:51:01,492 INFO  [io.api.tes.ser.api.KafkaSerdesTester] (Thread-600) Sending message {"key11755010260507": "value-7"} to topic topic-fd5e47b9_3630_45a7_a582_52678a528302
2025-08-12 14:51:01,501 INFO  [io.api.tes.ser.api.KafkaSerdesTester] (Thread-600) Sending message {"key11755010260507": "value-8"} to topic topic-fd5e47b9_3630_45a7_a582_52678a528302
2025-08-12 14:51:01,506 INFO  [io.api.tes.ser.api.KafkaSerdesTester] (Thread-600) Sending message {"key11755010260507": "value-9"} to topic topic-fd5e47b9_3630_45a7_a582_52678a528302
2025-08-12 14:51:01,513 INFO  [io.api.tes.ser.api.KafkaSerdesTester] (Thread-600) Produced 10 messages
2025-08-12 14:51:01,513 INFO  [org.apa.kaf.cli.pro.KafkaProducer] (Thread-600) [Producer clientId=Producer-topic-fd5e47b9_3630_45a7_a582_52678a528302] Closing the Kafka producer with timeoutMillis = 9223372036854775807 ms.
2025-08-12 14:51:01,542 INFO  [org.apa.kaf.com.met.Metrics] (Thread-600) Metrics scheduler closed
2025-08-12 14:51:01,542 INFO  [org.apa.kaf.com.met.Metrics] (Thread-600) Closing reporter org.apache.kafka.common.metrics.JmxReporter
2025-08-12 14:51:01,543 INFO  [org.apa.kaf.com.met.Metrics] (Thread-600) Closing reporter org.apache.kafka.common.telemetry.internals.ClientTelemetryReporter
2025-08-12 14:51:01,543 INFO  [org.apa.kaf.com.met.Metrics] (Thread-600) Metrics reporters closed
2025-08-12 14:51:01,546 INFO  [org.apa.kaf.com.uti.AppInfoParser] (Thread-600) App info kafka.producer for Producer-topic-fd5e47b9_3630_45a7_a582_52678a528302 unregistered
**** Registry Base URL: http://registry-app-mysql.apps.ci419.apicurio-testing.org:80
2025-08-12 14:51:01,732 INFO  [org.apa.kaf.cli.con.ConsumerConfig] (main) ConsumerConfig values: 
	allow.auto.create.topics = true
	auto.commit.interval.ms = 500
	auto.include.jmx.reporter = true
	auto.offset.reset = earliest
	bootstrap.servers = [PLAINTEXT://localhost:32769]
	check.crcs = true
	client.dns.lookup = use_all_dns_ips
	client.id = consumer-Consumer-topic-fd5e47b9_3630_45a7_a582_52678a528302-1
	client.rack = 
	connections.max.idle.ms = 10000
	default.api.timeout.ms = 60000
	enable.auto.commit = true
	enable.metrics.push = true
	exclude.internal.topics = true
	fetch.max.bytes = 52428800
	fetch.max.wait.ms = 500
	fetch.min.bytes = 1
	group.id = Consumer-topic-fd5e47b9_3630_45a7_a582_52678a528302
	group.instance.id = null
	group.protocol = classic
	group.remote.assignor = null
	heartbeat.interval.ms = 3000
	interceptor.classes = []
	internal.leave.group.on.close = true
	internal.throw.on.fetch.stable.offset.unsupported = false
	isolation.level = read_uncommitted
	key.deserializer = class org.apache.kafka.common.serialization.StringDeserializer
	max.partition.fetch.bytes = 1048576
	max.poll.interval.ms = 300000
	max.poll.records = 500
	metadata.max.age.ms = 300000
	metadata.recovery.strategy = none
	metric.reporters = []
	metrics.num.samples = 2
	metrics.recording.level = INFO
	metrics.sample.window.ms = 30000
	partition.assignment.strategy = [class org.apache.kafka.clients.consumer.RangeAssignor, class org.apache.kafka.clients.consumer.CooperativeStickyAssignor]
	receive.buffer.bytes = 65536
	reconnect.backoff.max.ms = 1000
	reconnect.backoff.ms = 50
	request.timeout.ms = 5000
	retry.backoff.max.ms = 1000
	retry.backoff.ms = 100
	sasl.client.callback.handler.class = null
	sasl.jaas.config = null
	sasl.kerberos.kinit.cmd = /usr/bin/kinit
	sasl.kerberos.min.time.before.relogin = 60000
	sasl.kerberos.service.name = null
	sasl.kerberos.ticket.renew.jitter = 0.05
	sasl.kerberos.ticket.renew.window.factor = 0.8
	sasl.login.callback.handler.class = null
	sasl.login.class = null
	sasl.login.connect.timeout.ms = null
	sasl.login.read.timeout.ms = null
	sasl.login.refresh.buffer.seconds = 300
	sasl.login.refresh.min.period.seconds = 60
	sasl.login.refresh.window.factor = 0.8
	sasl.login.refresh.window.jitter = 0.05
	sasl.login.retry.backoff.max.ms = 10000
	sasl.login.retry.backoff.ms = 100
	sasl.mechanism = GSSAPI
	sasl.oauthbearer.clock.skew.seconds = 30
	sasl.oauthbearer.expected.audience = null
	sasl.oauthbearer.expected.issuer = null
	sasl.oauthbearer.header.urlencode = false
	sasl.oauthbearer.jwks.endpoint.refresh.ms = 3600000
	sasl.oauthbearer.jwks.endpoint.retry.backoff.max.ms = 10000
	sasl.oauthbearer.jwks.endpoint.retry.backoff.ms = 100
	sasl.oauthbearer.jwks.endpoint.url = null
	sasl.oauthbearer.scope.claim.name = scope
	sasl.oauthbearer.sub.claim.name = sub
	sasl.oauthbearer.token.endpoint.url = null
	security.protocol = PLAINTEXT
	security.providers = null
	send.buffer.bytes = 131072
	session.timeout.ms = 45000
	socket.connection.setup.timeout.max.ms = 30000
	socket.connection.setup.timeout.ms = 10000
	ssl.cipher.suites = null
	ssl.enabled.protocols = [TLSv1.2, TLSv1.3]
	ssl.endpoint.identification.algorithm = https
	ssl.engine.factory.class = null
	ssl.key.password = null
	ssl.keymanager.algorithm = SunX509
	ssl.keystore.certificate.chain = null
	ssl.keystore.key = null
	ssl.keystore.location = null
	ssl.keystore.password = null
	ssl.keystore.type = JKS
	ssl.protocol = TLSv1.3
	ssl.provider = null
	ssl.secure.random.implementation = null
	ssl.trustmanager.algorithm = PKIX
	ssl.truststore.certificates = null
	ssl.truststore.location = null
	ssl.truststore.password = null
	ssl.truststore.type = JKS
	value.deserializer = class io.apicurio.registry.serde.avro.AvroKafkaDeserializer

2025-08-12 14:51:01,744 INFO  [org.apa.kaf.com.tel.int.KafkaMetricsCollector] (main) initializing Kafka metrics collector
2025-08-12 14:51:01,800 INFO  [org.apa.kaf.cli.con.ConsumerConfig] (main) These configurations '[apicurio.registry.url, apicurio.registry.use-id]' were supplied but are not used yet.
2025-08-12 14:51:01,800 INFO  [org.apa.kaf.com.uti.AppInfoParser] (main) Kafka version: 3.9.1
2025-08-12 14:51:01,801 INFO  [org.apa.kaf.com.uti.AppInfoParser] (main) Kafka commitId: f745dfdcee2b9851
2025-08-12 14:51:01,801 INFO  [org.apa.kaf.com.uti.AppInfoParser] (main) Kafka startTimeMs: 1755010261800
2025-08-12 14:51:01,802 INFO  [org.apa.kaf.cli.con.int.ClassicKafkaConsumer] (Thread-603) [Consumer clientId=consumer-Consumer-topic-fd5e47b9_3630_45a7_a582_52678a528302-1, groupId=Consumer-topic-fd5e47b9_3630_45a7_a582_52678a528302] Subscribed to topic(s): topic-fd5e47b9_3630_45a7_a582_52678a528302
2025-08-12 14:51:01,822 INFO  [org.apa.kaf.cli.Metadata] (Thread-603) [Consumer clientId=consumer-Consumer-topic-fd5e47b9_3630_45a7_a582_52678a528302-1, groupId=Consumer-topic-fd5e47b9_3630_45a7_a582_52678a528302] Cluster ID: FMImeSt9THyuSk_CoOu4HQ
2025-08-12 14:51:01,965 INFO  [org.apa.kaf.cli.con.int.ConsumerCoordinator] (Thread-603) [Consumer clientId=consumer-Consumer-topic-fd5e47b9_3630_45a7_a582_52678a528302-1, groupId=Consumer-topic-fd5e47b9_3630_45a7_a582_52678a528302] Discovered group coordinator localhost:32769 (id: 2147483647 rack: null)
2025-08-12 14:51:01,981 INFO  [org.apa.kaf.cli.con.int.ConsumerCoordinator] (Thread-603) [Consumer clientId=consumer-Consumer-topic-fd5e47b9_3630_45a7_a582_52678a528302-1, groupId=Consumer-topic-fd5e47b9_3630_45a7_a582_52678a528302] (Re-)joining group
2025-08-12 14:51:02,046 INFO  [org.apa.kaf.cli.con.int.ConsumerCoordinator] (Thread-603) [Consumer clientId=consumer-Consumer-topic-fd5e47b9_3630_45a7_a582_52678a528302-1, groupId=Consumer-topic-fd5e47b9_3630_45a7_a582_52678a528302] Group coordinator localhost:32769 (id: 2147483647 rack: null) is unavailable or invalid due to cause: error response NOT_COORDINATOR. isDisconnected: false. Rediscovery will be attempted.
2025-08-12 14:51:02,046 INFO  [org.apa.kaf.cli.con.int.ConsumerCoordinator] (Thread-603) [Consumer clientId=consumer-Consumer-topic-fd5e47b9_3630_45a7_a582_52678a528302-1, groupId=Consumer-topic-fd5e47b9_3630_45a7_a582_52678a528302] Requesting disconnect from last known coordinator localhost:32769 (id: 2147483647 rack: null)
2025-08-12 14:51:02,046 INFO  [org.apa.kaf.cli.con.int.ConsumerCoordinator] (Thread-603) [Consumer clientId=consumer-Consumer-topic-fd5e47b9_3630_45a7_a582_52678a528302-1, groupId=Consumer-topic-fd5e47b9_3630_45a7_a582_52678a528302] JoinGroup failed: This is not the correct coordinator. Marking coordinator unknown. Sent generation was Generation{generationId=-1, memberId='', protocol='null'}
2025-08-12 14:51:02,047 INFO  [org.apa.kaf.cli.NetworkClient] (Thread-603) [Consumer clientId=consumer-Consumer-topic-fd5e47b9_3630_45a7_a582_52678a528302-1, groupId=Consumer-topic-fd5e47b9_3630_45a7_a582_52678a528302] Client requested disconnect from node 2147483647
2025-08-12 14:51:02,054 INFO  [org.apa.kaf.cli.con.int.ConsumerCoordinator] (Thread-603) [Consumer clientId=consumer-Consumer-topic-fd5e47b9_3630_45a7_a582_52678a528302-1, groupId=Consumer-topic-fd5e47b9_3630_45a7_a582_52678a528302] Discovered group coordinator localhost:32769 (id: 2147483647 rack: null)
2025-08-12 14:51:02,055 INFO  [org.apa.kaf.cli.con.int.ConsumerCoordinator] (Thread-603) [Consumer clientId=consumer-Consumer-topic-fd5e47b9_3630_45a7_a582_52678a528302-1, groupId=Consumer-topic-fd5e47b9_3630_45a7_a582_52678a528302] Group coordinator localhost:32769 (id: 2147483647 rack: null) is unavailable or invalid due to cause: coordinator unavailable. isDisconnected: false. Rediscovery will be attempted.
2025-08-12 14:51:02,055 INFO  [org.apa.kaf.cli.con.int.ConsumerCoordinator] (Thread-603) [Consumer clientId=consumer-Consumer-topic-fd5e47b9_3630_45a7_a582_52678a528302-1, groupId=Consumer-topic-fd5e47b9_3630_45a7_a582_52678a528302] Requesting disconnect from last known coordinator localhost:32769 (id: 2147483647 rack: null)
2025-08-12 14:51:02,153 INFO  [org.apa.kaf.cli.con.int.ConsumerCoordinator] (Thread-603) [Consumer clientId=consumer-Consumer-topic-fd5e47b9_3630_45a7_a582_52678a528302-1, groupId=Consumer-topic-fd5e47b9_3630_45a7_a582_52678a528302] Discovered group coordinator localhost:32769 (id: 2147483647 rack: null)
2025-08-12 14:51:02,154 INFO  [org.apa.kaf.cli.con.int.ConsumerCoordinator] (Thread-603) [Consumer clientId=consumer-Consumer-topic-fd5e47b9_3630_45a7_a582_52678a528302-1, groupId=Consumer-topic-fd5e47b9_3630_45a7_a582_52678a528302] Request joining group due to: rebalance failed due to 'This is not the correct coordinator.' (NotCoordinatorException)
2025-08-12 14:51:02,159 INFO  [org.apa.kaf.cli.con.int.ConsumerCoordinator] (Thread-603) [Consumer clientId=consumer-Consumer-topic-fd5e47b9_3630_45a7_a582_52678a528302-1, groupId=Consumer-topic-fd5e47b9_3630_45a7_a582_52678a528302] (Re-)joining group
2025-08-12 14:51:02,169 INFO  [org.apa.kaf.cli.con.int.ConsumerCoordinator] (Thread-603) [Consumer clientId=consumer-Consumer-topic-fd5e47b9_3630_45a7_a582_52678a528302-1, groupId=Consumer-topic-fd5e47b9_3630_45a7_a582_52678a528302] Group coordinator localhost:32769 (id: 2147483647 rack: null) is unavailable or invalid due to cause: error response NOT_COORDINATOR. isDisconnected: false. Rediscovery will be attempted.
2025-08-12 14:51:02,172 INFO  [org.apa.kaf.cli.con.int.ConsumerCoordinator] (Thread-603) [Consumer clientId=consumer-Consumer-topic-fd5e47b9_3630_45a7_a582_52678a528302-1, groupId=Consumer-topic-fd5e47b9_3630_45a7_a582_52678a528302] Requesting disconnect from last known coordinator localhost:32769 (id: 2147483647 rack: null)
2025-08-12 14:51:02,172 INFO  [org.apa.kaf.cli.con.int.ConsumerCoordinator] (Thread-603) [Consumer clientId=consumer-Consumer-topic-fd5e47b9_3630_45a7_a582_52678a528302-1, groupId=Consumer-topic-fd5e47b9_3630_45a7_a582_52678a528302] JoinGroup failed: This is not the correct coordinator. Marking coordinator unknown. Sent generation was Generation{generationId=-1, memberId='', protocol='null'}
2025-08-12 14:51:02,172 INFO  [org.apa.kaf.cli.NetworkClient] (Thread-603) [Consumer clientId=consumer-Consumer-topic-fd5e47b9_3630_45a7_a582_52678a528302-1, groupId=Consumer-topic-fd5e47b9_3630_45a7_a582_52678a528302] Client requested disconnect from node 2147483647
2025-08-12 14:51:02,184 INFO  [org.apa.kaf.cli.con.int.ConsumerCoordinator] (Thread-603) [Consumer clientId=consumer-Consumer-topic-fd5e47b9_3630_45a7_a582_52678a528302-1, groupId=Consumer-topic-fd5e47b9_3630_45a7_a582_52678a528302] Discovered group coordinator localhost:32769 (id: 2147483647 rack: null)
2025-08-12 14:51:02,184 INFO  [org.apa.kaf.cli.con.int.ConsumerCoordinator] (Thread-603) [Consumer clientId=consumer-Consumer-topic-fd5e47b9_3630_45a7_a582_52678a528302-1, groupId=Consumer-topic-fd5e47b9_3630_45a7_a582_52678a528302] Group coordinator localhost:32769 (id: 2147483647 rack: null) is unavailable or invalid due to cause: coordinator unavailable. isDisconnected: false. Rediscovery will be attempted.
2025-08-12 14:51:02,184 INFO  [org.apa.kaf.cli.con.int.ConsumerCoordinator] (Thread-603) [Consumer clientId=consumer-Consumer-topic-fd5e47b9_3630_45a7_a582_52678a528302-1, groupId=Consumer-topic-fd5e47b9_3630_45a7_a582_52678a528302] Requesting disconnect from last known coordinator localhost:32769 (id: 2147483647 rack: null)
2025-08-12 14:51:02,298 INFO  [org.apa.kaf.cli.con.int.ConsumerCoordinator] (Thread-603) [Consumer clientId=consumer-Consumer-topic-fd5e47b9_3630_45a7_a582_52678a528302-1, groupId=Consumer-topic-fd5e47b9_3630_45a7_a582_52678a528302] Discovered group coordinator localhost:32769 (id: 2147483647 rack: null)
2025-08-12 14:51:02,301 INFO  [org.apa.kaf.cli.con.int.ConsumerCoordinator] (Thread-603) [Consumer clientId=consumer-Consumer-topic-fd5e47b9_3630_45a7_a582_52678a528302-1, groupId=Consumer-topic-fd5e47b9_3630_45a7_a582_52678a528302] Request joining group due to: rebalance failed due to 'This is not the correct coordinator.' (NotCoordinatorException)
2025-08-12 14:51:02,304 INFO  [org.apa.kaf.cli.con.int.ConsumerCoordinator] (Thread-603) [Consumer clientId=consumer-Consumer-topic-fd5e47b9_3630_45a7_a582_52678a528302-1, groupId=Consumer-topic-fd5e47b9_3630_45a7_a582_52678a528302] (Re-)joining group
2025-08-12 14:51:02,313 INFO  [org.apa.kaf.cli.con.int.ConsumerCoordinator] (Thread-603) [Consumer clientId=consumer-Consumer-topic-fd5e47b9_3630_45a7_a582_52678a528302-1, groupId=Consumer-topic-fd5e47b9_3630_45a7_a582_52678a528302] Group coordinator localhost:32769 (id: 2147483647 rack: null) is unavailable or invalid due to cause: error response NOT_COORDINATOR. isDisconnected: false. Rediscovery will be attempted.
2025-08-12 14:51:02,314 INFO  [org.apa.kaf.cli.con.int.ConsumerCoordinator] (Thread-603) [Consumer clientId=consumer-Consumer-topic-fd5e47b9_3630_45a7_a582_52678a528302-1, groupId=Consumer-topic-fd5e47b9_3630_45a7_a582_52678a528302] Requesting disconnect from last known coordinator localhost:32769 (id: 2147483647 rack: null)
2025-08-12 14:51:02,314 INFO  [org.apa.kaf.cli.con.int.ConsumerCoordinator] (Thread-603) [Consumer clientId=consumer-Consumer-topic-fd5e47b9_3630_45a7_a582_52678a528302-1, groupId=Consumer-topic-fd5e47b9_3630_45a7_a582_52678a528302] JoinGroup failed: This is not the correct coordinator. Marking coordinator unknown. Sent generation was Generation{generationId=-1, memberId='', protocol='null'}
2025-08-12 14:51:02,314 INFO  [org.apa.kaf.cli.NetworkClient] (Thread-603) [Consumer clientId=consumer-Consumer-topic-fd5e47b9_3630_45a7_a582_52678a528302-1, groupId=Consumer-topic-fd5e47b9_3630_45a7_a582_52678a528302] Client requested disconnect from node 2147483647
2025-08-12 14:51:02,321 INFO  [org.apa.kaf.cli.con.int.ConsumerCoordinator] (Thread-603) [Consumer clientId=consumer-Consumer-topic-fd5e47b9_3630_45a7_a582_52678a528302-1, groupId=Consumer-topic-fd5e47b9_3630_45a7_a582_52678a528302] Discovered group coordinator localhost:32769 (id: 2147483647 rack: null)
2025-08-12 14:51:02,321 INFO  [org.apa.kaf.cli.con.int.ConsumerCoordinator] (Thread-603) [Consumer clientId=consumer-Consumer-topic-fd5e47b9_3630_45a7_a582_52678a528302-1, groupId=Consumer-topic-fd5e47b9_3630_45a7_a582_52678a528302] Group coordinator localhost:32769 (id: 2147483647 rack: null) is unavailable or invalid due to cause: coordinator unavailable. isDisconnected: false. Rediscovery will be attempted.
2025-08-12 14:51:02,322 INFO  [org.apa.kaf.cli.con.int.ConsumerCoordinator] (Thread-603) [Consumer clientId=consumer-Consumer-topic-fd5e47b9_3630_45a7_a582_52678a528302-1, groupId=Consumer-topic-fd5e47b9_3630_45a7_a582_52678a528302] Requesting disconnect from last known coordinator localhost:32769 (id: 2147483647 rack: null)
2025-08-12 14:51:02,444 INFO  [org.apa.kaf.cli.con.int.ConsumerCoordinator] (Thread-603) [Consumer clientId=consumer-Consumer-topic-fd5e47b9_3630_45a7_a582_52678a528302-1, groupId=Consumer-topic-fd5e47b9_3630_45a7_a582_52678a528302] Discovered group coordinator localhost:32769 (id: 2147483647 rack: null)
2025-08-12 14:51:02,445 INFO  [org.apa.kaf.cli.con.int.ConsumerCoordinator] (Thread-603) [Consumer clientId=consumer-Consumer-topic-fd5e47b9_3630_45a7_a582_52678a528302-1, groupId=Consumer-topic-fd5e47b9_3630_45a7_a582_52678a528302] Request joining group due to: rebalance failed due to 'This is not the correct coordinator.' (NotCoordinatorException)
2025-08-12 14:51:02,447 INFO  [org.apa.kaf.cli.con.int.ConsumerCoordinator] (Thread-603) [Consumer clientId=consumer-Consumer-topic-fd5e47b9_3630_45a7_a582_52678a528302-1, groupId=Consumer-topic-fd5e47b9_3630_45a7_a582_52678a528302] (Re-)joining group
2025-08-12 14:51:02,457 INFO  [org.apa.kaf.cli.con.int.ConsumerCoordinator] (Thread-603) [Consumer clientId=consumer-Consumer-topic-fd5e47b9_3630_45a7_a582_52678a528302-1, groupId=Consumer-topic-fd5e47b9_3630_45a7_a582_52678a528302] Group coordinator localhost:32769 (id: 2147483647 rack: null) is unavailable or invalid due to cause: error response NOT_COORDINATOR. isDisconnected: false. Rediscovery will be attempted.
2025-08-12 14:51:02,457 INFO  [org.apa.kaf.cli.con.int.ConsumerCoordinator] (Thread-603) [Consumer clientId=consumer-Consumer-topic-fd5e47b9_3630_45a7_a582_52678a528302-1, groupId=Consumer-topic-fd5e47b9_3630_45a7_a582_52678a528302] Requesting disconnect from last known coordinator localhost:32769 (id: 2147483647 rack: null)
2025-08-12 14:51:02,458 INFO  [org.apa.kaf.cli.con.int.ConsumerCoordinator] (Thread-603) [Consumer clientId=consumer-Consumer-topic-fd5e47b9_3630_45a7_a582_52678a528302-1, groupId=Consumer-topic-fd5e47b9_3630_45a7_a582_52678a528302] JoinGroup failed: This is not the correct coordinator. Marking coordinator unknown. Sent generation was Generation{generationId=-1, memberId='', protocol='null'}
2025-08-12 14:51:02,458 INFO  [org.apa.kaf.cli.NetworkClient] (Thread-603) [Consumer clientId=consumer-Consumer-topic-fd5e47b9_3630_45a7_a582_52678a528302-1, groupId=Consumer-topic-fd5e47b9_3630_45a7_a582_52678a528302] Client requested disconnect from node 2147483647
2025-08-12 14:51:02,462 INFO  [org.apa.kaf.cli.con.int.ConsumerCoordinator] (Thread-603) [Consumer clientId=consumer-Consumer-topic-fd5e47b9_3630_45a7_a582_52678a528302-1, groupId=Consumer-topic-fd5e47b9_3630_45a7_a582_52678a528302] Discovered group coordinator localhost:32769 (id: 2147483647 rack: null)
2025-08-12 14:51:02,462 INFO  [org.apa.kaf.cli.con.int.ConsumerCoordinator] (Thread-603) [Consumer clientId=consumer-Consumer-topic-fd5e47b9_3630_45a7_a582_52678a528302-1, groupId=Consumer-topic-fd5e47b9_3630_45a7_a582_52678a528302] Group coordinator localhost:32769 (id: 2147483647 rack: null) is unavailable or invalid due to cause: coordinator unavailable. isDisconnected: false. Rediscovery will be attempted.
2025-08-12 14:51:02,462 INFO  [org.apa.kaf.cli.con.int.ConsumerCoordinator] (Thread-603) [Consumer clientId=consumer-Consumer-topic-fd5e47b9_3630_45a7_a582_52678a528302-1, groupId=Consumer-topic-fd5e47b9_3630_45a7_a582_52678a528302] Requesting disconnect from last known coordinator localhost:32769 (id: 2147483647 rack: null)
2025-08-12 14:51:02,579 INFO  [org.apa.kaf.cli.con.int.ConsumerCoordinator] (Thread-603) [Consumer clientId=consumer-Consumer-topic-fd5e47b9_3630_45a7_a582_52678a528302-1, groupId=Consumer-topic-fd5e47b9_3630_45a7_a582_52678a528302] Discovered group coordinator localhost:32769 (id: 2147483647 rack: null)
2025-08-12 14:51:02,581 INFO  [org.apa.kaf.cli.con.int.ConsumerCoordinator] (Thread-603) [Consumer clientId=consumer-Consumer-topic-fd5e47b9_3630_45a7_a582_52678a528302-1, groupId=Consumer-topic-fd5e47b9_3630_45a7_a582_52678a528302] Request joining group due to: rebalance failed due to 'This is not the correct coordinator.' (NotCoordinatorException)
2025-08-12 14:51:02,584 INFO  [org.apa.kaf.cli.con.int.ConsumerCoordinator] (Thread-603) [Consumer clientId=consumer-Consumer-topic-fd5e47b9_3630_45a7_a582_52678a528302-1, groupId=Consumer-topic-fd5e47b9_3630_45a7_a582_52678a528302] (Re-)joining group
2025-08-12 14:51:02,616 INFO  [org.apa.kaf.cli.con.int.ConsumerCoordinator] (Thread-603) [Consumer clientId=consumer-Consumer-topic-fd5e47b9_3630_45a7_a582_52678a528302-1, groupId=Consumer-topic-fd5e47b9_3630_45a7_a582_52678a528302] Request joining group due to: need to re-join with the given member-id: consumer-Consumer-topic-fd5e47b9_3630_45a7_a582_52678a528302-1-969f2465-9697-47f4-914a-bbe6861751c6
2025-08-12 14:51:02,616 INFO  [org.apa.kaf.cli.con.int.ConsumerCoordinator] (Thread-603) [Consumer clientId=consumer-Consumer-topic-fd5e47b9_3630_45a7_a582_52678a528302-1, groupId=Consumer-topic-fd5e47b9_3630_45a7_a582_52678a528302] (Re-)joining group
2025-08-12 14:51:02,804 INFO  [io.api.tes.ser.api.KafkaSerdesTester] (Thread-603) None found
2025-08-12 14:51:03,806 INFO  [io.api.tes.ser.api.KafkaSerdesTester] (Thread-603) None found
2025-08-12 14:51:04,806 INFO  [io.api.tes.ser.api.KafkaSerdesTester] (Thread-603) None found
2025-08-12 14:51:05,644 INFO  [org.apa.kaf.cli.con.int.ConsumerCoordinator] (Thread-603) [Consumer clientId=consumer-Consumer-topic-fd5e47b9_3630_45a7_a582_52678a528302-1, groupId=Consumer-topic-fd5e47b9_3630_45a7_a582_52678a528302] Successfully joined group with generation Generation{generationId=1, memberId='consumer-Consumer-topic-fd5e47b9_3630_45a7_a582_52678a528302-1-969f2465-9697-47f4-914a-bbe6861751c6', protocol='range'}
2025-08-12 14:51:05,653 INFO  [org.apa.kaf.cli.con.int.ConsumerCoordinator] (Thread-603) [Consumer clientId=consumer-Consumer-topic-fd5e47b9_3630_45a7_a582_52678a528302-1, groupId=Consumer-topic-fd5e47b9_3630_45a7_a582_52678a528302] Finished assignment for group at generation 1: {consumer-Consumer-topic-fd5e47b9_3630_45a7_a582_52678a528302-1-969f2465-9697-47f4-914a-bbe6861751c6=Assignment(partitions=[topic-fd5e47b9_3630_45a7_a582_52678a528302-0])}
2025-08-12 14:51:05,670 INFO  [org.apa.kaf.cli.con.int.ConsumerCoordinator] (Thread-603) [Consumer clientId=consumer-Consumer-topic-fd5e47b9_3630_45a7_a582_52678a528302-1, groupId=Consumer-topic-fd5e47b9_3630_45a7_a582_52678a528302] Successfully synced group in generation Generation{generationId=1, memberId='consumer-Consumer-topic-fd5e47b9_3630_45a7_a582_52678a528302-1-969f2465-9697-47f4-914a-bbe6861751c6', protocol='range'}
2025-08-12 14:51:05,671 INFO  [org.apa.kaf.cli.con.int.ConsumerCoordinator] (Thread-603) [Consumer clientId=consumer-Consumer-topic-fd5e47b9_3630_45a7_a582_52678a528302-1, groupId=Consumer-topic-fd5e47b9_3630_45a7_a582_52678a528302] Notifying assignor about the new Assignment(partitions=[topic-fd5e47b9_3630_45a7_a582_52678a528302-0])
2025-08-12 14:51:05,674 INFO  [org.apa.kaf.cli.con.int.ConsumerRebalanceListenerInvoker] (Thread-603) [Consumer clientId=consumer-Consumer-topic-fd5e47b9_3630_45a7_a582_52678a528302-1, groupId=Consumer-topic-fd5e47b9_3630_45a7_a582_52678a528302] Adding newly assigned partitions: topic-fd5e47b9_3630_45a7_a582_52678a528302-0
2025-08-12 14:51:05,693 INFO  [org.apa.kaf.cli.con.int.ConsumerCoordinator] (Thread-603) [Consumer clientId=consumer-Consumer-topic-fd5e47b9_3630_45a7_a582_52678a528302-1, groupId=Consumer-topic-fd5e47b9_3630_45a7_a582_52678a528302] Found no committed offset for partition topic-fd5e47b9_3630_45a7_a582_52678a528302-0
2025-08-12 14:51:05,712 INFO  [org.apa.kaf.cli.con.int.SubscriptionState] (Thread-603) [Consumer clientId=consumer-Consumer-topic-fd5e47b9_3630_45a7_a582_52678a528302-1, groupId=Consumer-topic-fd5e47b9_3630_45a7_a582_52678a528302] Resetting offset for partition topic-fd5e47b9_3630_45a7_a582_52678a528302-0 to position FetchPosition{offset=0, offsetEpoch=Optional.empty, currentLeader=LeaderAndEpoch{leader=Optional[localhost:32769 (id: 0 rack: null)], epoch=0}}.
2025-08-12 14:51:06,010 INFO  [io.api.tes.ser.api.KafkaSerdesTester] (Thread-603) topic-fd5e47b9_3630_45a7_a582_52678a528302 0 0 {"key11755010260507": "value-0"}
2025-08-12 14:51:06,010 INFO  [io.api.tes.ser.api.KafkaSerdesTester] (Thread-603) topic-fd5e47b9_3630_45a7_a582_52678a528302 0 1 {"key11755010260507": "value-1"}
2025-08-12 14:51:06,010 INFO  [io.api.tes.ser.api.KafkaSerdesTester] (Thread-603) topic-fd5e47b9_3630_45a7_a582_52678a528302 0 2 {"key11755010260507": "value-2"}
2025-08-12 14:51:06,010 INFO  [io.api.tes.ser.api.KafkaSerdesTester] (Thread-603) topic-fd5e47b9_3630_45a7_a582_52678a528302 0 3 {"key11755010260507": "value-3"}
2025-08-12 14:51:06,010 INFO  [io.api.tes.ser.api.KafkaSerdesTester] (Thread-603) topic-fd5e47b9_3630_45a7_a582_52678a528302 0 4 {"key11755010260507": "value-4"}
2025-08-12 14:51:06,010 INFO  [io.api.tes.ser.api.KafkaSerdesTester] (Thread-603) topic-fd5e47b9_3630_45a7_a582_52678a528302 0 5 {"key11755010260507": "value-5"}
2025-08-12 14:51:06,010 INFO  [io.api.tes.ser.api.KafkaSerdesTester] (Thread-603) topic-fd5e47b9_3630_45a7_a582_52678a528302 0 6 {"key11755010260507": "value-6"}
2025-08-12 14:51:06,011 INFO  [io.api.tes.ser.api.KafkaSerdesTester] (Thread-603) topic-fd5e47b9_3630_45a7_a582_52678a528302 0 7 {"key11755010260507": "value-7"}
2025-08-12 14:51:06,012 INFO  [io.api.tes.ser.api.KafkaSerdesTester] (Thread-603) topic-fd5e47b9_3630_45a7_a582_52678a528302 0 8 {"key11755010260507": "value-8"}
2025-08-12 14:51:06,012 INFO  [io.api.tes.ser.api.KafkaSerdesTester] (Thread-603) topic-fd5e47b9_3630_45a7_a582_52678a528302 0 9 {"key11755010260507": "value-9"}
2025-08-12 14:51:06,012 INFO  [io.api.tes.ser.api.KafkaSerdesTester] (Thread-603) Consumed 10 messages
2025-08-12 14:51:06,047 INFO  [org.apa.kaf.cli.con.int.ConsumerRebalanceListenerInvoker] (Thread-603) [Consumer clientId=consumer-Consumer-topic-fd5e47b9_3630_45a7_a582_52678a528302-1, groupId=Consumer-topic-fd5e47b9_3630_45a7_a582_52678a528302] Revoke previously assigned partitions topic-fd5e47b9_3630_45a7_a582_52678a528302-0
2025-08-12 14:51:06,047 INFO  [org.apa.kaf.cli.con.int.ConsumerCoordinator] (Thread-603) [Consumer clientId=consumer-Consumer-topic-fd5e47b9_3630_45a7_a582_52678a528302-1, groupId=Consumer-topic-fd5e47b9_3630_45a7_a582_52678a528302] Member consumer-Consumer-topic-fd5e47b9_3630_45a7_a582_52678a528302-1-969f2465-9697-47f4-914a-bbe6861751c6 sending LeaveGroup request to coordinator localhost:32769 (id: 2147483647 rack: null) due to the consumer is being closed
2025-08-12 14:51:06,048 INFO  [org.apa.kaf.cli.con.int.ConsumerCoordinator] (Thread-603) [Consumer clientId=consumer-Consumer-topic-fd5e47b9_3630_45a7_a582_52678a528302-1, groupId=Consumer-topic-fd5e47b9_3630_45a7_a582_52678a528302] Resetting generation and member id due to: consumer pro-actively leaving the group
2025-08-12 14:51:06,048 INFO  [org.apa.kaf.cli.con.int.ConsumerCoordinator] (Thread-603) [Consumer clientId=consumer-Consumer-topic-fd5e47b9_3630_45a7_a582_52678a528302-1, groupId=Consumer-topic-fd5e47b9_3630_45a7_a582_52678a528302] Request joining group due to: consumer pro-actively leaving the group
2025-08-12 14:51:06,528 INFO  [org.apa.kaf.com.met.Metrics] (Thread-603) Metrics scheduler closed
2025-08-12 14:51:06,529 INFO  [org.apa.kaf.com.met.Metrics] (Thread-603) Closing reporter org.apache.kafka.common.metrics.JmxReporter
2025-08-12 14:51:06,529 INFO  [org.apa.kaf.com.met.Metrics] (Thread-603) Closing reporter org.apache.kafka.common.telemetry.internals.ClientTelemetryReporter
2025-08-12 14:51:06,529 INFO  [org.apa.kaf.com.met.Metrics] (Thread-603) Metrics reporters closed
2025-08-12 14:51:06,536 INFO  [org.apa.kaf.com.uti.AppInfoParser] (Thread-603) App info kafka.consumer for consumer-Consumer-topic-fd5e47b9_3630_45a7_a582_52678a528302-1 unregistered
2025-08-12 14:51:06,536 INFO  [io.api.tes.uti.TestSeparator] (main) io.apicurio.tests.serdes.apicurio.AvroSerdeIT.testGlobalIdInHeaders-FINISHED
2025-08-12 14:51:06,536 INFO  [io.api.tes.uti.TestSeparator] (main) ############################################################################
Test passed: testGlobalIdInHeaders
]]></system-out>
  </testcase>
  <testcase name="testSimpleTopicIdStrategyFindLatest" classname="io.apicurio.tests.serdes.apicurio.AvroSerdeIT" time="5.444">
    <system-out><![CDATA[2025-08-12 14:51:06,541 INFO  [io.api.tes.uti.TestSeparator] (main) ############################################################################
2025-08-12 14:51:06,541 INFO  [io.api.tes.uti.TestSeparator] (main) io.apicurio.tests.serdes.apicurio.AvroSerdeIT.testSimpleTopicIdStrategyFindLatest-STARTED
2025-08-12 14:51:06,542 INFO  [io.api.tes.ser.api.AvroSerdeIT] (main) Registering Avro Schema: {"type":"record","name":"myrecordapicurio1","fields":[{"name":"key11755010266541","type":"string"}]}
**** Registry Base URL: http://registry-app-mysql.apps.ci419.apicurio-testing.org:80
2025-08-12 14:51:07,759 INFO  [org.apa.kaf.cli.pro.ProducerConfig] (main) ProducerConfig values: 
	acks = -1
	auto.include.jmx.reporter = true
	batch.size = 16384
	bootstrap.servers = [PLAINTEXT://localhost:32769]
	buffer.memory = 33554432
	client.dns.lookup = use_all_dns_ips
	client.id = Producer-topic-a38f8995_9d9c_46fc_bb97_2e5e0b52f353
	compression.gzip.level = -1
	compression.lz4.level = 9
	compression.type = none
	compression.zstd.level = 3
	connections.max.idle.ms = 10000
	delivery.timeout.ms = 120000
	enable.idempotence = true
	enable.metrics.push = true
	interceptor.classes = []
	key.serializer = class org.apache.kafka.common.serialization.StringSerializer
	linger.ms = 0
	max.block.ms = 60000
	max.in.flight.requests.per.connection = 5
	max.request.size = 1048576
	metadata.max.age.ms = 300000
	metadata.max.idle.ms = 300000
	metadata.recovery.strategy = none
	metric.reporters = []
	metrics.num.samples = 2
	metrics.recording.level = INFO
	metrics.sample.window.ms = 30000
	partitioner.adaptive.partitioning.enable = true
	partitioner.availability.timeout.ms = 0
	partitioner.class = null
	partitioner.ignore.keys = false
	receive.buffer.bytes = 32768
	reconnect.backoff.max.ms = 1000
	reconnect.backoff.ms = 50
	request.timeout.ms = 5000
	retries = 2147483647
	retry.backoff.max.ms = 1000
	retry.backoff.ms = 100
	sasl.client.callback.handler.class = null
	sasl.jaas.config = null
	sasl.kerberos.kinit.cmd = /usr/bin/kinit
	sasl.kerberos.min.time.before.relogin = 60000
	sasl.kerberos.service.name = null
	sasl.kerberos.ticket.renew.jitter = 0.05
	sasl.kerberos.ticket.renew.window.factor = 0.8
	sasl.login.callback.handler.class = null
	sasl.login.class = null
	sasl.login.connect.timeout.ms = null
	sasl.login.read.timeout.ms = null
	sasl.login.refresh.buffer.seconds = 300
	sasl.login.refresh.min.period.seconds = 60
	sasl.login.refresh.window.factor = 0.8
	sasl.login.refresh.window.jitter = 0.05
	sasl.login.retry.backoff.max.ms = 10000
	sasl.login.retry.backoff.ms = 100
	sasl.mechanism = GSSAPI
	sasl.oauthbearer.clock.skew.seconds = 30
	sasl.oauthbearer.expected.audience = null
	sasl.oauthbearer.expected.issuer = null
	sasl.oauthbearer.header.urlencode = false
	sasl.oauthbearer.jwks.endpoint.refresh.ms = 3600000
	sasl.oauthbearer.jwks.endpoint.retry.backoff.max.ms = 10000
	sasl.oauthbearer.jwks.endpoint.retry.backoff.ms = 100
	sasl.oauthbearer.jwks.endpoint.url = null
	sasl.oauthbearer.scope.claim.name = scope
	sasl.oauthbearer.sub.claim.name = sub
	sasl.oauthbearer.token.endpoint.url = null
	security.protocol = PLAINTEXT
	security.providers = null
	send.buffer.bytes = 131072
	socket.connection.setup.timeout.max.ms = 30000
	socket.connection.setup.timeout.ms = 10000
	ssl.cipher.suites = null
	ssl.enabled.protocols = [TLSv1.2, TLSv1.3]
	ssl.endpoint.identification.algorithm = https
	ssl.engine.factory.class = null
	ssl.key.password = null
	ssl.keymanager.algorithm = SunX509
	ssl.keystore.certificate.chain = null
	ssl.keystore.key = null
	ssl.keystore.location = null
	ssl.keystore.password = null
	ssl.keystore.type = JKS
	ssl.protocol = TLSv1.3
	ssl.provider = null
	ssl.secure.random.implementation = null
	ssl.trustmanager.algorithm = PKIX
	ssl.truststore.certificates = null
	ssl.truststore.location = null
	ssl.truststore.password = null
	ssl.truststore.type = JKS
	transaction.timeout.ms = 60000
	transactional.id = null
	value.serializer = class io.apicurio.registry.serde.avro.AvroKafkaSerializer

2025-08-12 14:51:07,759 INFO  [org.apa.kaf.com.tel.int.KafkaMetricsCollector] (main) initializing Kafka metrics collector
2025-08-12 14:51:07,764 INFO  [org.apa.kaf.cli.pro.KafkaProducer] (main) [Producer clientId=Producer-topic-a38f8995_9d9c_46fc_bb97_2e5e0b52f353] Instantiated an idempotent producer.
2025-08-12 14:51:07,768 INFO  [org.apa.kaf.cli.pro.ProducerConfig] (main) These configurations '[apicurio.registry.find-latest, apicurio.registry.artifact.group-id, apicurio.registry.url, apicurio.registry.artifact-resolver-strategy]' were supplied but are not used yet.
2025-08-12 14:51:07,768 INFO  [org.apa.kaf.com.uti.AppInfoParser] (main) Kafka version: 3.9.1
2025-08-12 14:51:07,768 INFO  [org.apa.kaf.com.uti.AppInfoParser] (main) Kafka commitId: f745dfdcee2b9851
2025-08-12 14:51:07,769 INFO  [org.apa.kaf.com.uti.AppInfoParser] (main) Kafka startTimeMs: 1755010267768
2025-08-12 14:51:07,769 INFO  [io.api.tes.ser.api.SimpleSerdesTesterBuilder$SimpleSerdesTester] (main) Using producer configuration: {apicurio.registry.find-latest=true, apicurio.registry.artifact.group-id=topic-a38f8995_9d9c_46fc_bb97_2e5e0b52f353, apicurio.registry.url=http://registry-app-mysql.apps.ci419.apicurio-testing.org:80/apis/registry/v3, apicurio.registry.artifact-resolver-strategy=io.apicurio.registry.serde.strategy.SimpleTopicIdStrategy, value.serializer=io.apicurio.registry.serde.avro.AvroKafkaSerializer, request.timeout.ms=5000, acks=all, bootstrap.servers=PLAINTEXT://localhost:32769, connections.max.idle.ms=10000, key.serializer=org.apache.kafka.common.serialization.StringSerializer, client.id=Producer-topic-a38f8995_9d9c_46fc_bb97_2e5e0b52f353}
2025-08-12 14:51:07,769 INFO  [io.api.tes.ser.api.SimpleSerdesTesterBuilder$SimpleSerdesTester] (main) Using consumer configuration: {}
2025-08-12 14:51:07,771 INFO  [io.api.tes.ser.api.KafkaSerdesTester] (Thread-606) Sending message {"key11755010266541": "value-0"} to topic topic-a38f8995_9d9c_46fc_bb97_2e5e0b52f353
2025-08-12 14:51:07,777 INFO  [org.apa.kaf.cli.Metadata] (kafka-producer-network-thread | Producer-topic-a38f8995_9d9c_46fc_bb97_2e5e0b52f353) [Producer clientId=Producer-topic-a38f8995_9d9c_46fc_bb97_2e5e0b52f353] Cluster ID: FMImeSt9THyuSk_CoOu4HQ
2025-08-12 14:51:07,778 INFO  [org.apa.kaf.cli.pro.int.TransactionManager] (kafka-producer-network-thread | Producer-topic-a38f8995_9d9c_46fc_bb97_2e5e0b52f353) [Producer clientId=Producer-topic-a38f8995_9d9c_46fc_bb97_2e5e0b52f353] ProducerId set to 1 with epoch 0
2025-08-12 14:51:08,124 INFO  [io.api.tes.ser.api.KafkaSerdesTester] (Thread-606) Sending message {"key11755010266541": "value-1"} to topic topic-a38f8995_9d9c_46fc_bb97_2e5e0b52f353
2025-08-12 14:51:08,130 INFO  [io.api.tes.ser.api.KafkaSerdesTester] (Thread-606) Sending message {"key11755010266541": "value-2"} to topic topic-a38f8995_9d9c_46fc_bb97_2e5e0b52f353
2025-08-12 14:51:08,132 INFO  [io.api.tes.ser.api.KafkaSerdesTester] (Thread-606) Sending message {"key11755010266541": "value-3"} to topic topic-a38f8995_9d9c_46fc_bb97_2e5e0b52f353
2025-08-12 14:51:08,135 INFO  [io.api.tes.ser.api.KafkaSerdesTester] (Thread-606) Sending message {"key11755010266541": "value-4"} to topic topic-a38f8995_9d9c_46fc_bb97_2e5e0b52f353
2025-08-12 14:51:08,138 INFO  [io.api.tes.ser.api.KafkaSerdesTester] (Thread-606) Sending message {"key11755010266541": "value-5"} to topic topic-a38f8995_9d9c_46fc_bb97_2e5e0b52f353
2025-08-12 14:51:08,140 INFO  [io.api.tes.ser.api.KafkaSerdesTester] (Thread-606) Sending message {"key11755010266541": "value-6"} to topic topic-a38f8995_9d9c_46fc_bb97_2e5e0b52f353
2025-08-12 14:51:08,145 INFO  [io.api.tes.ser.api.KafkaSerdesTester] (Thread-606) Sending message {"key11755010266541": "value-7"} to topic topic-a38f8995_9d9c_46fc_bb97_2e5e0b52f353
2025-08-12 14:51:08,147 INFO  [io.api.tes.ser.api.KafkaSerdesTester] (Thread-606) Sending message {"key11755010266541": "value-8"} to topic topic-a38f8995_9d9c_46fc_bb97_2e5e0b52f353
2025-08-12 14:51:08,153 INFO  [io.api.tes.ser.api.KafkaSerdesTester] (Thread-606) Sending message {"key11755010266541": "value-9"} to topic topic-a38f8995_9d9c_46fc_bb97_2e5e0b52f353
2025-08-12 14:51:08,156 INFO  [io.api.tes.ser.api.KafkaSerdesTester] (Thread-606) Produced 10 messages
2025-08-12 14:51:08,156 INFO  [org.apa.kaf.cli.pro.KafkaProducer] (Thread-606) [Producer clientId=Producer-topic-a38f8995_9d9c_46fc_bb97_2e5e0b52f353] Closing the Kafka producer with timeoutMillis = 9223372036854775807 ms.
2025-08-12 14:51:08,167 INFO  [org.apa.kaf.com.met.Metrics] (Thread-606) Metrics scheduler closed
2025-08-12 14:51:08,167 INFO  [org.apa.kaf.com.met.Metrics] (Thread-606) Closing reporter org.apache.kafka.common.metrics.JmxReporter
2025-08-12 14:51:08,167 INFO  [org.apa.kaf.com.met.Metrics] (Thread-606) Closing reporter org.apache.kafka.common.telemetry.internals.ClientTelemetryReporter
2025-08-12 14:51:08,167 INFO  [org.apa.kaf.com.met.Metrics] (Thread-606) Metrics reporters closed
2025-08-12 14:51:08,167 INFO  [org.apa.kaf.com.uti.AppInfoParser] (Thread-606) App info kafka.producer for Producer-topic-a38f8995_9d9c_46fc_bb97_2e5e0b52f353 unregistered
**** Registry Base URL: http://registry-app-mysql.apps.ci419.apicurio-testing.org:80
2025-08-12 14:51:08,168 INFO  [org.apa.kaf.cli.con.ConsumerConfig] (main) ConsumerConfig values: 
	allow.auto.create.topics = true
	auto.commit.interval.ms = 500
	auto.include.jmx.reporter = true
	auto.offset.reset = earliest
	bootstrap.servers = [PLAINTEXT://localhost:32769]
	check.crcs = true
	client.dns.lookup = use_all_dns_ips
	client.id = consumer-Consumer-topic-a38f8995_9d9c_46fc_bb97_2e5e0b52f353-2
	client.rack = 
	connections.max.idle.ms = 10000
	default.api.timeout.ms = 60000
	enable.auto.commit = true
	enable.metrics.push = true
	exclude.internal.topics = true
	fetch.max.bytes = 52428800
	fetch.max.wait.ms = 500
	fetch.min.bytes = 1
	group.id = Consumer-topic-a38f8995_9d9c_46fc_bb97_2e5e0b52f353
	group.instance.id = null
	group.protocol = classic
	group.remote.assignor = null
	heartbeat.interval.ms = 3000
	interceptor.classes = []
	internal.leave.group.on.close = true
	internal.throw.on.fetch.stable.offset.unsupported = false
	isolation.level = read_uncommitted
	key.deserializer = class org.apache.kafka.common.serialization.StringDeserializer
	max.partition.fetch.bytes = 1048576
	max.poll.interval.ms = 300000
	max.poll.records = 500
	metadata.max.age.ms = 300000
	metadata.recovery.strategy = none
	metric.reporters = []
	metrics.num.samples = 2
	metrics.recording.level = INFO
	metrics.sample.window.ms = 30000
	partition.assignment.strategy = [class org.apache.kafka.clients.consumer.RangeAssignor, class org.apache.kafka.clients.consumer.CooperativeStickyAssignor]
	receive.buffer.bytes = 65536
	reconnect.backoff.max.ms = 1000
	reconnect.backoff.ms = 50
	request.timeout.ms = 5000
	retry.backoff.max.ms = 1000
	retry.backoff.ms = 100
	sasl.client.callback.handler.class = null
	sasl.jaas.config = null
	sasl.kerberos.kinit.cmd = /usr/bin/kinit
	sasl.kerberos.min.time.before.relogin = 60000
	sasl.kerberos.service.name = null
	sasl.kerberos.ticket.renew.jitter = 0.05
	sasl.kerberos.ticket.renew.window.factor = 0.8
	sasl.login.callback.handler.class = null
	sasl.login.class = null
	sasl.login.connect.timeout.ms = null
	sasl.login.read.timeout.ms = null
	sasl.login.refresh.buffer.seconds = 300
	sasl.login.refresh.min.period.seconds = 60
	sasl.login.refresh.window.factor = 0.8
	sasl.login.refresh.window.jitter = 0.05
	sasl.login.retry.backoff.max.ms = 10000
	sasl.login.retry.backoff.ms = 100
	sasl.mechanism = GSSAPI
	sasl.oauthbearer.clock.skew.seconds = 30
	sasl.oauthbearer.expected.audience = null
	sasl.oauthbearer.expected.issuer = null
	sasl.oauthbearer.header.urlencode = false
	sasl.oauthbearer.jwks.endpoint.refresh.ms = 3600000
	sasl.oauthbearer.jwks.endpoint.retry.backoff.max.ms = 10000
	sasl.oauthbearer.jwks.endpoint.retry.backoff.ms = 100
	sasl.oauthbearer.jwks.endpoint.url = null
	sasl.oauthbearer.scope.claim.name = scope
	sasl.oauthbearer.sub.claim.name = sub
	sasl.oauthbearer.token.endpoint.url = null
	security.protocol = PLAINTEXT
	security.providers = null
	send.buffer.bytes = 131072
	session.timeout.ms = 45000
	socket.connection.setup.timeout.max.ms = 30000
	socket.connection.setup.timeout.ms = 10000
	ssl.cipher.suites = null
	ssl.enabled.protocols = [TLSv1.2, TLSv1.3]
	ssl.endpoint.identification.algorithm = https
	ssl.engine.factory.class = null
	ssl.key.password = null
	ssl.keymanager.algorithm = SunX509
	ssl.keystore.certificate.chain = null
	ssl.keystore.key = null
	ssl.keystore.location = null
	ssl.keystore.password = null
	ssl.keystore.type = JKS
	ssl.protocol = TLSv1.3
	ssl.provider = null
	ssl.secure.random.implementation = null
	ssl.trustmanager.algorithm = PKIX
	ssl.truststore.certificates = null
	ssl.truststore.location = null
	ssl.truststore.password = null
	ssl.truststore.type = JKS
	value.deserializer = class io.apicurio.registry.serde.avro.AvroKafkaDeserializer

2025-08-12 14:51:08,169 INFO  [org.apa.kaf.com.tel.int.KafkaMetricsCollector] (main) initializing Kafka metrics collector
2025-08-12 14:51:08,183 INFO  [org.apa.kaf.cli.con.ConsumerConfig] (main) These configurations '[apicurio.registry.url]' were supplied but are not used yet.
2025-08-12 14:51:08,184 INFO  [org.apa.kaf.com.uti.AppInfoParser] (main) Kafka version: 3.9.1
2025-08-12 14:51:08,184 INFO  [org.apa.kaf.com.uti.AppInfoParser] (main) Kafka commitId: f745dfdcee2b9851
2025-08-12 14:51:08,184 INFO  [org.apa.kaf.com.uti.AppInfoParser] (main) Kafka startTimeMs: 1755010268183
2025-08-12 14:51:08,184 INFO  [org.apa.kaf.cli.con.int.ClassicKafkaConsumer] (Thread-609) [Consumer clientId=consumer-Consumer-topic-a38f8995_9d9c_46fc_bb97_2e5e0b52f353-2, groupId=Consumer-topic-a38f8995_9d9c_46fc_bb97_2e5e0b52f353] Subscribed to topic(s): topic-a38f8995_9d9c_46fc_bb97_2e5e0b52f353
2025-08-12 14:51:08,193 INFO  [org.apa.kaf.cli.Metadata] (Thread-609) [Consumer clientId=consumer-Consumer-topic-a38f8995_9d9c_46fc_bb97_2e5e0b52f353-2, groupId=Consumer-topic-a38f8995_9d9c_46fc_bb97_2e5e0b52f353] Cluster ID: FMImeSt9THyuSk_CoOu4HQ
2025-08-12 14:51:08,197 INFO  [org.apa.kaf.cli.con.int.ConsumerCoordinator] (Thread-609) [Consumer clientId=consumer-Consumer-topic-a38f8995_9d9c_46fc_bb97_2e5e0b52f353-2, groupId=Consumer-topic-a38f8995_9d9c_46fc_bb97_2e5e0b52f353] Discovered group coordinator localhost:32769 (id: 2147483647 rack: null)
2025-08-12 14:51:08,201 INFO  [org.apa.kaf.cli.con.int.ConsumerCoordinator] (Thread-609) [Consumer clientId=consumer-Consumer-topic-a38f8995_9d9c_46fc_bb97_2e5e0b52f353-2, groupId=Consumer-topic-a38f8995_9d9c_46fc_bb97_2e5e0b52f353] (Re-)joining group
2025-08-12 14:51:08,206 INFO  [org.apa.kaf.cli.con.int.ConsumerCoordinator] (Thread-609) [Consumer clientId=consumer-Consumer-topic-a38f8995_9d9c_46fc_bb97_2e5e0b52f353-2, groupId=Consumer-topic-a38f8995_9d9c_46fc_bb97_2e5e0b52f353] Request joining group due to: need to re-join with the given member-id: consumer-Consumer-topic-a38f8995_9d9c_46fc_bb97_2e5e0b52f353-2-5ce8be9a-ebfd-4c44-9c29-499d10f68d8f
2025-08-12 14:51:08,206 INFO  [org.apa.kaf.cli.con.int.ConsumerCoordinator] (Thread-609) [Consumer clientId=consumer-Consumer-topic-a38f8995_9d9c_46fc_bb97_2e5e0b52f353-2, groupId=Consumer-topic-a38f8995_9d9c_46fc_bb97_2e5e0b52f353] (Re-)joining group
2025-08-12 14:51:09,184 INFO  [io.api.tes.ser.api.KafkaSerdesTester] (Thread-609) None found
2025-08-12 14:51:10,184 INFO  [io.api.tes.ser.api.KafkaSerdesTester] (Thread-609) None found
2025-08-12 14:51:11,184 INFO  [io.api.tes.ser.api.KafkaSerdesTester] (Thread-609) None found
2025-08-12 14:51:11,208 INFO  [org.apa.kaf.cli.con.int.ConsumerCoordinator] (Thread-609) [Consumer clientId=consumer-Consumer-topic-a38f8995_9d9c_46fc_bb97_2e5e0b52f353-2, groupId=Consumer-topic-a38f8995_9d9c_46fc_bb97_2e5e0b52f353] Successfully joined group with generation Generation{generationId=1, memberId='consumer-Consumer-topic-a38f8995_9d9c_46fc_bb97_2e5e0b52f353-2-5ce8be9a-ebfd-4c44-9c29-499d10f68d8f', protocol='range'}
2025-08-12 14:51:11,209 INFO  [org.apa.kaf.cli.con.int.ConsumerCoordinator] (Thread-609) [Consumer clientId=consumer-Consumer-topic-a38f8995_9d9c_46fc_bb97_2e5e0b52f353-2, groupId=Consumer-topic-a38f8995_9d9c_46fc_bb97_2e5e0b52f353] Finished assignment for group at generation 1: {consumer-Consumer-topic-a38f8995_9d9c_46fc_bb97_2e5e0b52f353-2-5ce8be9a-ebfd-4c44-9c29-499d10f68d8f=Assignment(partitions=[topic-a38f8995_9d9c_46fc_bb97_2e5e0b52f353-0])}
2025-08-12 14:51:11,217 INFO  [org.apa.kaf.cli.con.int.ConsumerCoordinator] (Thread-609) [Consumer clientId=consumer-Consumer-topic-a38f8995_9d9c_46fc_bb97_2e5e0b52f353-2, groupId=Consumer-topic-a38f8995_9d9c_46fc_bb97_2e5e0b52f353] Successfully synced group in generation Generation{generationId=1, memberId='consumer-Consumer-topic-a38f8995_9d9c_46fc_bb97_2e5e0b52f353-2-5ce8be9a-ebfd-4c44-9c29-499d10f68d8f', protocol='range'}
2025-08-12 14:51:11,218 INFO  [org.apa.kaf.cli.con.int.ConsumerCoordinator] (Thread-609) [Consumer clientId=consumer-Consumer-topic-a38f8995_9d9c_46fc_bb97_2e5e0b52f353-2, groupId=Consumer-topic-a38f8995_9d9c_46fc_bb97_2e5e0b52f353] Notifying assignor about the new Assignment(partitions=[topic-a38f8995_9d9c_46fc_bb97_2e5e0b52f353-0])
2025-08-12 14:51:11,218 INFO  [org.apa.kaf.cli.con.int.ConsumerRebalanceListenerInvoker] (Thread-609) [Consumer clientId=consumer-Consumer-topic-a38f8995_9d9c_46fc_bb97_2e5e0b52f353-2, groupId=Consumer-topic-a38f8995_9d9c_46fc_bb97_2e5e0b52f353] Adding newly assigned partitions: topic-a38f8995_9d9c_46fc_bb97_2e5e0b52f353-0
2025-08-12 14:51:11,220 INFO  [org.apa.kaf.cli.con.int.ConsumerCoordinator] (Thread-609) [Consumer clientId=consumer-Consumer-topic-a38f8995_9d9c_46fc_bb97_2e5e0b52f353-2, groupId=Consumer-topic-a38f8995_9d9c_46fc_bb97_2e5e0b52f353] Found no committed offset for partition topic-a38f8995_9d9c_46fc_bb97_2e5e0b52f353-0
2025-08-12 14:51:11,226 INFO  [org.apa.kaf.cli.con.int.SubscriptionState] (Thread-609) [Consumer clientId=consumer-Consumer-topic-a38f8995_9d9c_46fc_bb97_2e5e0b52f353-2, groupId=Consumer-topic-a38f8995_9d9c_46fc_bb97_2e5e0b52f353] Resetting offset for partition topic-a38f8995_9d9c_46fc_bb97_2e5e0b52f353-0 to position FetchPosition{offset=0, offsetEpoch=Optional.empty, currentLeader=LeaderAndEpoch{leader=Optional[localhost:32769 (id: 0 rack: null)], epoch=0}}.
2025-08-12 14:51:11,464 INFO  [io.api.tes.ser.api.KafkaSerdesTester] (Thread-609) topic-a38f8995_9d9c_46fc_bb97_2e5e0b52f353 0 0 {"key11755010266541": "value-0"}
2025-08-12 14:51:11,464 INFO  [io.api.tes.ser.api.KafkaSerdesTester] (Thread-609) topic-a38f8995_9d9c_46fc_bb97_2e5e0b52f353 0 1 {"key11755010266541": "value-1"}
2025-08-12 14:51:11,464 INFO  [io.api.tes.ser.api.KafkaSerdesTester] (Thread-609) topic-a38f8995_9d9c_46fc_bb97_2e5e0b52f353 0 2 {"key11755010266541": "value-2"}
2025-08-12 14:51:11,465 INFO  [io.api.tes.ser.api.KafkaSerdesTester] (Thread-609) topic-a38f8995_9d9c_46fc_bb97_2e5e0b52f353 0 3 {"key11755010266541": "value-3"}
2025-08-12 14:51:11,465 INFO  [io.api.tes.ser.api.KafkaSerdesTester] (Thread-609) topic-a38f8995_9d9c_46fc_bb97_2e5e0b52f353 0 4 {"key11755010266541": "value-4"}
2025-08-12 14:51:11,465 INFO  [io.api.tes.ser.api.KafkaSerdesTester] (Thread-609) topic-a38f8995_9d9c_46fc_bb97_2e5e0b52f353 0 5 {"key11755010266541": "value-5"}
2025-08-12 14:51:11,465 INFO  [io.api.tes.ser.api.KafkaSerdesTester] (Thread-609) topic-a38f8995_9d9c_46fc_bb97_2e5e0b52f353 0 6 {"key11755010266541": "value-6"}
2025-08-12 14:51:11,466 INFO  [io.api.tes.ser.api.KafkaSerdesTester] (Thread-609) topic-a38f8995_9d9c_46fc_bb97_2e5e0b52f353 0 7 {"key11755010266541": "value-7"}
2025-08-12 14:51:11,466 INFO  [io.api.tes.ser.api.KafkaSerdesTester] (Thread-609) topic-a38f8995_9d9c_46fc_bb97_2e5e0b52f353 0 8 {"key11755010266541": "value-8"}
2025-08-12 14:51:11,466 INFO  [io.api.tes.ser.api.KafkaSerdesTester] (Thread-609) topic-a38f8995_9d9c_46fc_bb97_2e5e0b52f353 0 9 {"key11755010266541": "value-9"}
2025-08-12 14:51:11,466 INFO  [io.api.tes.ser.api.KafkaSerdesTester] (Thread-609) Consumed 10 messages
2025-08-12 14:51:11,476 INFO  [org.apa.kaf.cli.con.int.ConsumerRebalanceListenerInvoker] (Thread-609) [Consumer clientId=consumer-Consumer-topic-a38f8995_9d9c_46fc_bb97_2e5e0b52f353-2, groupId=Consumer-topic-a38f8995_9d9c_46fc_bb97_2e5e0b52f353] Revoke previously assigned partitions topic-a38f8995_9d9c_46fc_bb97_2e5e0b52f353-0
2025-08-12 14:51:11,476 INFO  [org.apa.kaf.cli.con.int.ConsumerCoordinator] (Thread-609) [Consumer clientId=consumer-Consumer-topic-a38f8995_9d9c_46fc_bb97_2e5e0b52f353-2, groupId=Consumer-topic-a38f8995_9d9c_46fc_bb97_2e5e0b52f353] Member consumer-Consumer-topic-a38f8995_9d9c_46fc_bb97_2e5e0b52f353-2-5ce8be9a-ebfd-4c44-9c29-499d10f68d8f sending LeaveGroup request to coordinator localhost:32769 (id: 2147483647 rack: null) due to the consumer is being closed
2025-08-12 14:51:11,479 INFO  [org.apa.kaf.cli.con.int.ConsumerCoordinator] (Thread-609) [Consumer clientId=consumer-Consumer-topic-a38f8995_9d9c_46fc_bb97_2e5e0b52f353-2, groupId=Consumer-topic-a38f8995_9d9c_46fc_bb97_2e5e0b52f353] Resetting generation and member id due to: consumer pro-actively leaving the group
2025-08-12 14:51:11,479 INFO  [org.apa.kaf.cli.con.int.ConsumerCoordinator] (Thread-609) [Consumer clientId=consumer-Consumer-topic-a38f8995_9d9c_46fc_bb97_2e5e0b52f353-2, groupId=Consumer-topic-a38f8995_9d9c_46fc_bb97_2e5e0b52f353] Request joining group due to: consumer pro-actively leaving the group
2025-08-12 14:51:11,972 INFO  [org.apa.kaf.com.met.Metrics] (Thread-609) Metrics scheduler closed
2025-08-12 14:51:11,972 INFO  [org.apa.kaf.com.met.Metrics] (Thread-609) Closing reporter org.apache.kafka.common.metrics.JmxReporter
2025-08-12 14:51:11,972 INFO  [org.apa.kaf.com.met.Metrics] (Thread-609) Closing reporter org.apache.kafka.common.telemetry.internals.ClientTelemetryReporter
2025-08-12 14:51:11,973 INFO  [org.apa.kaf.com.met.Metrics] (Thread-609) Metrics reporters closed
2025-08-12 14:51:11,978 INFO  [org.apa.kaf.com.uti.AppInfoParser] (Thread-609) App info kafka.consumer for consumer-Consumer-topic-a38f8995_9d9c_46fc_bb97_2e5e0b52f353-2 unregistered
2025-08-12 14:51:11,980 INFO  [io.api.tes.uti.TestSeparator] (main) io.apicurio.tests.serdes.apicurio.AvroSerdeIT.testSimpleTopicIdStrategyFindLatest-FINISHED
2025-08-12 14:51:11,980 INFO  [io.api.tes.uti.TestSeparator] (main) ############################################################################
Test passed: testSimpleTopicIdStrategyFindLatest
]]></system-out>
  </testcase>
  <testcase name="testWrongSchema" classname="io.apicurio.tests.serdes.apicurio.AvroSerdeIT" time="1.434">
    <system-out><![CDATA[2025-08-12 14:51:11,983 INFO  [io.api.tes.uti.TestSeparator] (main) ############################################################################
2025-08-12 14:51:11,983 INFO  [io.api.tes.uti.TestSeparator] (main) io.apicurio.tests.serdes.apicurio.AvroSerdeIT.testWrongSchema-STARTED
**** Registry Base URL: http://registry-app-mysql.apps.ci419.apicurio-testing.org:80
2025-08-12 14:51:13,198 INFO  [org.apa.kaf.cli.pro.ProducerConfig] (main) ProducerConfig values: 
	acks = -1
	auto.include.jmx.reporter = true
	batch.size = 16384
	bootstrap.servers = [PLAINTEXT://localhost:32769]
	buffer.memory = 33554432
	client.dns.lookup = use_all_dns_ips
	client.id = Producer-s99b71c28x883dx4279x9fdcx34fd4bb7d4bc
	compression.gzip.level = -1
	compression.lz4.level = 9
	compression.type = none
	compression.zstd.level = 3
	connections.max.idle.ms = 10000
	delivery.timeout.ms = 120000
	enable.idempotence = true
	enable.metrics.push = true
	interceptor.classes = []
	key.serializer = class org.apache.kafka.common.serialization.StringSerializer
	linger.ms = 0
	max.block.ms = 60000
	max.in.flight.requests.per.connection = 5
	max.request.size = 1048576
	metadata.max.age.ms = 300000
	metadata.max.idle.ms = 300000
	metadata.recovery.strategy = none
	metric.reporters = []
	metrics.num.samples = 2
	metrics.recording.level = INFO
	metrics.sample.window.ms = 30000
	partitioner.adaptive.partitioning.enable = true
	partitioner.availability.timeout.ms = 0
	partitioner.class = null
	partitioner.ignore.keys = false
	receive.buffer.bytes = 32768
	reconnect.backoff.max.ms = 1000
	reconnect.backoff.ms = 50
	request.timeout.ms = 5000
	retries = 2147483647
	retry.backoff.max.ms = 1000
	retry.backoff.ms = 100
	sasl.client.callback.handler.class = null
	sasl.jaas.config = null
	sasl.kerberos.kinit.cmd = /usr/bin/kinit
	sasl.kerberos.min.time.before.relogin = 60000
	sasl.kerberos.service.name = null
	sasl.kerberos.ticket.renew.jitter = 0.05
	sasl.kerberos.ticket.renew.window.factor = 0.8
	sasl.login.callback.handler.class = null
	sasl.login.class = null
	sasl.login.connect.timeout.ms = null
	sasl.login.read.timeout.ms = null
	sasl.login.refresh.buffer.seconds = 300
	sasl.login.refresh.min.period.seconds = 60
	sasl.login.refresh.window.factor = 0.8
	sasl.login.refresh.window.jitter = 0.05
	sasl.login.retry.backoff.max.ms = 10000
	sasl.login.retry.backoff.ms = 100
	sasl.mechanism = GSSAPI
	sasl.oauthbearer.clock.skew.seconds = 30
	sasl.oauthbearer.expected.audience = null
	sasl.oauthbearer.expected.issuer = null
	sasl.oauthbearer.header.urlencode = false
	sasl.oauthbearer.jwks.endpoint.refresh.ms = 3600000
	sasl.oauthbearer.jwks.endpoint.retry.backoff.max.ms = 10000
	sasl.oauthbearer.jwks.endpoint.retry.backoff.ms = 100
	sasl.oauthbearer.jwks.endpoint.url = null
	sasl.oauthbearer.scope.claim.name = scope
	sasl.oauthbearer.sub.claim.name = sub
	sasl.oauthbearer.token.endpoint.url = null
	security.protocol = PLAINTEXT
	security.providers = null
	send.buffer.bytes = 131072
	socket.connection.setup.timeout.max.ms = 30000
	socket.connection.setup.timeout.ms = 10000
	ssl.cipher.suites = null
	ssl.enabled.protocols = [TLSv1.2, TLSv1.3]
	ssl.endpoint.identification.algorithm = https
	ssl.engine.factory.class = null
	ssl.key.password = null
	ssl.keymanager.algorithm = SunX509
	ssl.keystore.certificate.chain = null
	ssl.keystore.key = null
	ssl.keystore.location = null
	ssl.keystore.password = null
	ssl.keystore.type = JKS
	ssl.protocol = TLSv1.3
	ssl.provider = null
	ssl.secure.random.implementation = null
	ssl.trustmanager.algorithm = PKIX
	ssl.truststore.certificates = null
	ssl.truststore.location = null
	ssl.truststore.password = null
	ssl.truststore.type = JKS
	transaction.timeout.ms = 60000
	transactional.id = null
	value.serializer = class io.apicurio.registry.serde.avro.AvroKafkaSerializer

2025-08-12 14:51:13,199 INFO  [org.apa.kaf.com.tel.int.KafkaMetricsCollector] (main) initializing Kafka metrics collector
2025-08-12 14:51:13,203 INFO  [org.apa.kaf.cli.pro.KafkaProducer] (main) [Producer clientId=Producer-s99b71c28x883dx4279x9fdcx34fd4bb7d4bc] Instantiated an idempotent producer.
2025-08-12 14:51:13,208 INFO  [org.apa.kaf.cli.pro.ProducerConfig] (main) These configurations '[apicurio.registry.find-latest, apicurio.registry.url, apicurio.registry.artifact-resolver-strategy]' were supplied but are not used yet.
2025-08-12 14:51:13,208 INFO  [org.apa.kaf.com.uti.AppInfoParser] (main) Kafka version: 3.9.1
2025-08-12 14:51:13,208 INFO  [org.apa.kaf.com.uti.AppInfoParser] (main) Kafka commitId: f745dfdcee2b9851
2025-08-12 14:51:13,208 INFO  [org.apa.kaf.com.uti.AppInfoParser] (main) Kafka startTimeMs: 1755010273208
2025-08-12 14:51:13,211 INFO  [io.api.tes.ser.api.KafkaSerdesTester] (Thread-612) Sending message {"keyB": "value-0"} to topic s99b71c28x883dx4279x9fdcx34fd4bb7d4bc
2025-08-12 14:51:13,219 INFO  [org.apa.kaf.cli.Metadata] (kafka-producer-network-thread | Producer-s99b71c28x883dx4279x9fdcx34fd4bb7d4bc) [Producer clientId=Producer-s99b71c28x883dx4279x9fdcx34fd4bb7d4bc] Cluster ID: FMImeSt9THyuSk_CoOu4HQ
2025-08-12 14:51:13,221 INFO  [org.apa.kaf.cli.pro.int.TransactionManager] (kafka-producer-network-thread | Producer-s99b71c28x883dx4279x9fdcx34fd4bb7d4bc) [Producer clientId=Producer-s99b71c28x883dx4279x9fdcx34fd4bb7d4bc] ProducerId set to 2 with epoch 0
2025-08-12 14:51:13,393 INFO  [org.apa.kaf.cli.pro.KafkaProducer] (Thread-612) [Producer clientId=Producer-s99b71c28x883dx4279x9fdcx34fd4bb7d4bc] Closing the Kafka producer with timeoutMillis = 9223372036854775807 ms.
2025-08-12 14:51:13,413 INFO  [org.apa.kaf.com.met.Metrics] (Thread-612) Metrics scheduler closed
2025-08-12 14:51:13,414 INFO  [org.apa.kaf.com.met.Metrics] (Thread-612) Closing reporter org.apache.kafka.common.metrics.JmxReporter
2025-08-12 14:51:13,414 INFO  [org.apa.kaf.com.met.Metrics] (Thread-612) Closing reporter org.apache.kafka.common.telemetry.internals.ClientTelemetryReporter
2025-08-12 14:51:13,414 INFO  [org.apa.kaf.com.met.Metrics] (Thread-612) Metrics reporters closed
2025-08-12 14:51:13,414 INFO  [org.apa.kaf.com.uti.AppInfoParser] (Thread-612) App info kafka.producer for Producer-s99b71c28x883dx4279x9fdcx34fd4bb7d4bc unregistered
2025-08-12 14:51:13,416 INFO  [io.api.tes.uti.TestSeparator] (main) io.apicurio.tests.serdes.apicurio.AvroSerdeIT.testWrongSchema-FINISHED
2025-08-12 14:51:13,416 INFO  [io.api.tes.uti.TestSeparator] (main) ############################################################################
Test passed: testWrongSchema
]]></system-out>
    <system-err><![CDATA[io.apicurio.registry.rest.client.models.ProblemDetails
	at io.apicurio.registry.rest.client.models.ProblemDetails.createFromDiscriminatorValue(ProblemDetails.java:58)
	at io.kiota.serialization.json.JsonParseNode.getObjectValue(JsonParseNode.java:247)
	at io.kiota.http.vertx.VertXRequestAdapter.lambda$throwIfFailedResponse$0(VertXRequestAdapter.java:400)
	at com.microsoft.kiota.ApiExceptionBuilder.<init>(ApiExceptionBuilder.java:26)
	at io.kiota.http.vertx.VertXRequestAdapter.throwIfFailedResponse(VertXRequestAdapter.java:399)
	at io.kiota.http.vertx.VertXRequestAdapter.send(VertXRequestAdapter.java:170)
	at io.apicurio.registry.rest.client.groups.item.artifacts.item.versions.item.WithVersionExpressionItemRequestBuilder.get(WithVersionExpressionItemRequestBuilder.java:128)
	at io.apicurio.registry.rest.client.groups.item.artifacts.item.versions.item.WithVersionExpressionItemRequestBuilder.get(WithVersionExpressionItemRequestBuilder.java:111)
	at io.apicurio.registry.resolver.client.RegistryClientFacadeImpl.getVersionCoordinatesByGAV(RegistryClientFacadeImpl.java:159)
	at io.apicurio.registry.resolver.DefaultSchemaResolver.resolveByCoordinates(DefaultSchemaResolver.java:352)
	at io.apicurio.registry.resolver.DefaultSchemaResolver.lambda$resolveSchemaByArtifactReferenceCached$6(DefaultSchemaResolver.java:340)
	at io.apicurio.registry.resolver.cache.ERCache.lambda$getValue$0(ERCache.java:174)
	at io.apicurio.registry.resolver.cache.ERCache.retry(ERCache.java:227)
	at io.apicurio.registry.resolver.cache.ERCache.getValue(ERCache.java:173)
	at io.apicurio.registry.resolver.cache.ERCache.getByArtifactCoordinates(ERCache.java:158)
	at io.apicurio.registry.resolver.DefaultSchemaResolver.resolveSchemaByArtifactReferenceCached(DefaultSchemaResolver.java:338)
	at io.apicurio.registry.resolver.DefaultSchemaResolver.resolveSchemaByCoordinates(DefaultSchemaResolver.java:193)
	at io.apicurio.registry.resolver.DefaultSchemaResolver.getSchemaFromRegistry(DefaultSchemaResolver.java:130)
	at io.apicurio.registry.resolver.DefaultSchemaResolver.lambda$resolveSchema$0(DefaultSchemaResolver.java:84)
	at java.base/java.util.Optional.orElseGet(Optional.java:364)
	at io.apicurio.registry.resolver.DefaultSchemaResolver.resolveSchema(DefaultSchemaResolver.java:84)
	at io.apicurio.registry.serde.AbstractSerializer.serializeData(AbstractSerializer.java:62)
	at io.apicurio.registry.serde.KafkaSerializer.serialize(KafkaSerializer.java:77)
	at org.apache.kafka.clients.producer.KafkaProducer.doSend(KafkaProducer.java:1046)
	at org.apache.kafka.clients.producer.KafkaProducer.send(KafkaProducer.java:993)
	at org.apache.kafka.clients.producer.KafkaProducer.send(KafkaProducer.java:875)
	at io.apicurio.tests.serdes.apicurio.KafkaSerdesTester.lambda$produceMessages$3(KafkaSerdesTester.java:138)
	at java.base/java.util.concurrent.CompletableFuture$AsyncSupply.run(CompletableFuture.java:1768)
	at java.base/java.lang.Thread.run(Thread.java:840)
]]></system-err>
  </testcase>
  <testcase name="testAvroJSON" classname="io.apicurio.tests.serdes.apicurio.AvroSerdeIT" time="4.367">
    <system-out><![CDATA[2025-08-12 14:51:13,417 INFO  [io.api.tes.uti.TestSeparator] (main) ############################################################################
2025-08-12 14:51:13,417 INFO  [io.api.tes.uti.TestSeparator] (main) io.apicurio.tests.serdes.apicurio.AvroSerdeIT.testAvroJSON-STARTED
**** Registry Base URL: http://registry-app-mysql.apps.ci419.apicurio-testing.org:80
2025-08-12 14:51:13,424 INFO  [org.apa.kaf.cli.pro.ProducerConfig] (main) ProducerConfig values: 
	acks = -1
	auto.include.jmx.reporter = true
	batch.size = 16384
	bootstrap.servers = [PLAINTEXT://localhost:32769]
	buffer.memory = 33554432
	client.dns.lookup = use_all_dns_ips
	client.id = Producer-topic-47f8b5af_1d43_49f0_b63a_e100272fce4d
	compression.gzip.level = -1
	compression.lz4.level = 9
	compression.type = none
	compression.zstd.level = 3
	connections.max.idle.ms = 10000
	delivery.timeout.ms = 120000
	enable.idempotence = true
	enable.metrics.push = true
	interceptor.classes = []
	key.serializer = class org.apache.kafka.common.serialization.StringSerializer
	linger.ms = 0
	max.block.ms = 60000
	max.in.flight.requests.per.connection = 5
	max.request.size = 1048576
	metadata.max.age.ms = 300000
	metadata.max.idle.ms = 300000
	metadata.recovery.strategy = none
	metric.reporters = []
	metrics.num.samples = 2
	metrics.recording.level = INFO
	metrics.sample.window.ms = 30000
	partitioner.adaptive.partitioning.enable = true
	partitioner.availability.timeout.ms = 0
	partitioner.class = null
	partitioner.ignore.keys = false
	receive.buffer.bytes = 32768
	reconnect.backoff.max.ms = 1000
	reconnect.backoff.ms = 50
	request.timeout.ms = 5000
	retries = 2147483647
	retry.backoff.max.ms = 1000
	retry.backoff.ms = 100
	sasl.client.callback.handler.class = null
	sasl.jaas.config = null
	sasl.kerberos.kinit.cmd = /usr/bin/kinit
	sasl.kerberos.min.time.before.relogin = 60000
	sasl.kerberos.service.name = null
	sasl.kerberos.ticket.renew.jitter = 0.05
	sasl.kerberos.ticket.renew.window.factor = 0.8
	sasl.login.callback.handler.class = null
	sasl.login.class = null
	sasl.login.connect.timeout.ms = null
	sasl.login.read.timeout.ms = null
	sasl.login.refresh.buffer.seconds = 300
	sasl.login.refresh.min.period.seconds = 60
	sasl.login.refresh.window.factor = 0.8
	sasl.login.refresh.window.jitter = 0.05
	sasl.login.retry.backoff.max.ms = 10000
	sasl.login.retry.backoff.ms = 100
	sasl.mechanism = GSSAPI
	sasl.oauthbearer.clock.skew.seconds = 30
	sasl.oauthbearer.expected.audience = null
	sasl.oauthbearer.expected.issuer = null
	sasl.oauthbearer.header.urlencode = false
	sasl.oauthbearer.jwks.endpoint.refresh.ms = 3600000
	sasl.oauthbearer.jwks.endpoint.retry.backoff.max.ms = 10000
	sasl.oauthbearer.jwks.endpoint.retry.backoff.ms = 100
	sasl.oauthbearer.jwks.endpoint.url = null
	sasl.oauthbearer.scope.claim.name = scope
	sasl.oauthbearer.sub.claim.name = sub
	sasl.oauthbearer.token.endpoint.url = null
	security.protocol = PLAINTEXT
	security.providers = null
	send.buffer.bytes = 131072
	socket.connection.setup.timeout.max.ms = 30000
	socket.connection.setup.timeout.ms = 10000
	ssl.cipher.suites = null
	ssl.enabled.protocols = [TLSv1.2, TLSv1.3]
	ssl.endpoint.identification.algorithm = https
	ssl.engine.factory.class = null
	ssl.key.password = null
	ssl.keymanager.algorithm = SunX509
	ssl.keystore.certificate.chain = null
	ssl.keystore.key = null
	ssl.keystore.location = null
	ssl.keystore.password = null
	ssl.keystore.type = JKS
	ssl.protocol = TLSv1.3
	ssl.provider = null
	ssl.secure.random.implementation = null
	ssl.trustmanager.algorithm = PKIX
	ssl.truststore.certificates = null
	ssl.truststore.location = null
	ssl.truststore.password = null
	ssl.truststore.type = JKS
	transaction.timeout.ms = 60000
	transactional.id = null
	value.serializer = class io.apicurio.registry.serde.avro.AvroKafkaSerializer

2025-08-12 14:51:13,425 INFO  [org.apa.kaf.com.tel.int.KafkaMetricsCollector] (main) initializing Kafka metrics collector
2025-08-12 14:51:13,429 INFO  [org.apa.kaf.cli.pro.KafkaProducer] (main) [Producer clientId=Producer-topic-47f8b5af_1d43_49f0_b63a_e100272fce4d] Instantiated an idempotent producer.
2025-08-12 14:51:13,437 INFO  [org.apa.kaf.cli.pro.ProducerConfig] (main) These configurations '[apicurio.registry.avro.encoding, apicurio.registry.url, apicurio.registry.auto-register, apicurio.registry.artifact-resolver-strategy]' were supplied but are not used yet.
2025-08-12 14:51:13,437 INFO  [org.apa.kaf.com.uti.AppInfoParser] (main) Kafka version: 3.9.1
2025-08-12 14:51:13,437 INFO  [org.apa.kaf.com.uti.AppInfoParser] (main) Kafka commitId: f745dfdcee2b9851
2025-08-12 14:51:13,437 INFO  [org.apa.kaf.com.uti.AppInfoParser] (main) Kafka startTimeMs: 1755010273437
2025-08-12 14:51:13,437 INFO  [io.api.tes.ser.api.SimpleSerdesTesterBuilder$SimpleSerdesTester] (main) Using producer configuration: {apicurio.registry.avro.encoding=JSON, apicurio.registry.url=http://registry-app-mysql.apps.ci419.apicurio-testing.org:80/apis/registry/v3, apicurio.registry.auto-register=true, apicurio.registry.artifact-resolver-strategy=io.apicurio.registry.serde.strategy.TopicIdStrategy, value.serializer=io.apicurio.registry.serde.avro.AvroKafkaSerializer, request.timeout.ms=5000, acks=all, bootstrap.servers=PLAINTEXT://localhost:32769, connections.max.idle.ms=10000, key.serializer=org.apache.kafka.common.serialization.StringSerializer, client.id=Producer-topic-47f8b5af_1d43_49f0_b63a_e100272fce4d}
2025-08-12 14:51:13,437 INFO  [io.api.tes.ser.api.SimpleSerdesTesterBuilder$SimpleSerdesTester] (main) Using consumer configuration: {apicurio.registry.avro.encoding=JSON}
2025-08-12 14:51:13,439 INFO  [io.api.tes.ser.api.KafkaSerdesTester] (Thread-615) Sending message {"bar": "value-0"} to topic topic-47f8b5af_1d43_49f0_b63a_e100272fce4d
2025-08-12 14:51:13,441 INFO  [org.apa.kaf.cli.Metadata] (kafka-producer-network-thread | Producer-topic-47f8b5af_1d43_49f0_b63a_e100272fce4d) [Producer clientId=Producer-topic-47f8b5af_1d43_49f0_b63a_e100272fce4d] Cluster ID: FMImeSt9THyuSk_CoOu4HQ
2025-08-12 14:51:13,443 INFO  [org.apa.kaf.cli.pro.int.TransactionManager] (kafka-producer-network-thread | Producer-topic-47f8b5af_1d43_49f0_b63a_e100272fce4d) [Producer clientId=Producer-topic-47f8b5af_1d43_49f0_b63a_e100272fce4d] ProducerId set to 3 with epoch 0
2025-08-12 14:51:13,447 WARN  [org.apa.kaf.cli.NetworkClient] (kafka-producer-network-thread | Producer-topic-47f8b5af_1d43_49f0_b63a_e100272fce4d) [Producer clientId=Producer-topic-47f8b5af_1d43_49f0_b63a_e100272fce4d] The metadata response from the cluster reported a recoverable issue with correlation id 4 : {topic-47f8b5af_1d43_49f0_b63a_e100272fce4d=UNKNOWN_TOPIC_OR_PARTITION}
2025-08-12 14:51:13,755 INFO  [io.api.tes.ser.api.KafkaSerdesTester] (Thread-615) Sending message {"bar": "value-1"} to topic topic-47f8b5af_1d43_49f0_b63a_e100272fce4d
2025-08-12 14:51:13,760 INFO  [io.api.tes.ser.api.KafkaSerdesTester] (Thread-615) Sending message {"bar": "value-2"} to topic topic-47f8b5af_1d43_49f0_b63a_e100272fce4d
2025-08-12 14:51:13,763 INFO  [io.api.tes.ser.api.KafkaSerdesTester] (Thread-615) Sending message {"bar": "value-3"} to topic topic-47f8b5af_1d43_49f0_b63a_e100272fce4d
2025-08-12 14:51:13,766 INFO  [io.api.tes.ser.api.KafkaSerdesTester] (Thread-615) Sending message {"bar": "value-4"} to topic topic-47f8b5af_1d43_49f0_b63a_e100272fce4d
2025-08-12 14:51:13,768 INFO  [io.api.tes.ser.api.KafkaSerdesTester] (Thread-615) Sending message {"bar": "value-5"} to topic topic-47f8b5af_1d43_49f0_b63a_e100272fce4d
2025-08-12 14:51:13,771 INFO  [io.api.tes.ser.api.KafkaSerdesTester] (Thread-615) Sending message {"bar": "value-6"} to topic topic-47f8b5af_1d43_49f0_b63a_e100272fce4d
2025-08-12 14:51:13,777 INFO  [io.api.tes.ser.api.KafkaSerdesTester] (Thread-615) Sending message {"bar": "value-7"} to topic topic-47f8b5af_1d43_49f0_b63a_e100272fce4d
2025-08-12 14:51:13,783 INFO  [io.api.tes.ser.api.KafkaSerdesTester] (Thread-615) Sending message {"bar": "value-8"} to topic topic-47f8b5af_1d43_49f0_b63a_e100272fce4d
2025-08-12 14:51:13,786 INFO  [io.api.tes.ser.api.KafkaSerdesTester] (Thread-615) Sending message {"bar": "value-9"} to topic topic-47f8b5af_1d43_49f0_b63a_e100272fce4d
2025-08-12 14:51:13,793 INFO  [io.api.tes.ser.api.KafkaSerdesTester] (Thread-615) Produced 10 messages
2025-08-12 14:51:13,793 INFO  [org.apa.kaf.cli.pro.KafkaProducer] (Thread-615) [Producer clientId=Producer-topic-47f8b5af_1d43_49f0_b63a_e100272fce4d] Closing the Kafka producer with timeoutMillis = 9223372036854775807 ms.
2025-08-12 14:51:13,797 INFO  [org.apa.kaf.com.met.Metrics] (Thread-615) Metrics scheduler closed
2025-08-12 14:51:13,798 INFO  [org.apa.kaf.com.met.Metrics] (Thread-615) Closing reporter org.apache.kafka.common.metrics.JmxReporter
2025-08-12 14:51:13,798 INFO  [org.apa.kaf.com.met.Metrics] (Thread-615) Closing reporter org.apache.kafka.common.telemetry.internals.ClientTelemetryReporter
2025-08-12 14:51:13,798 INFO  [org.apa.kaf.com.met.Metrics] (Thread-615) Metrics reporters closed
2025-08-12 14:51:13,798 INFO  [org.apa.kaf.com.uti.AppInfoParser] (Thread-615) App info kafka.producer for Producer-topic-47f8b5af_1d43_49f0_b63a_e100272fce4d unregistered
**** Registry Base URL: http://registry-app-mysql.apps.ci419.apicurio-testing.org:80
2025-08-12 14:51:13,969 INFO  [org.apa.kaf.cli.con.ConsumerConfig] (main) ConsumerConfig values: 
	allow.auto.create.topics = true
	auto.commit.interval.ms = 500
	auto.include.jmx.reporter = true
	auto.offset.reset = earliest
	bootstrap.servers = [PLAINTEXT://localhost:32769]
	check.crcs = true
	client.dns.lookup = use_all_dns_ips
	client.id = consumer-Consumer-topic-47f8b5af_1d43_49f0_b63a_e100272fce4d-3
	client.rack = 
	connections.max.idle.ms = 10000
	default.api.timeout.ms = 60000
	enable.auto.commit = true
	enable.metrics.push = true
	exclude.internal.topics = true
	fetch.max.bytes = 52428800
	fetch.max.wait.ms = 500
	fetch.min.bytes = 1
	group.id = Consumer-topic-47f8b5af_1d43_49f0_b63a_e100272fce4d
	group.instance.id = null
	group.protocol = classic
	group.remote.assignor = null
	heartbeat.interval.ms = 3000
	interceptor.classes = []
	internal.leave.group.on.close = true
	internal.throw.on.fetch.stable.offset.unsupported = false
	isolation.level = read_uncommitted
	key.deserializer = class org.apache.kafka.common.serialization.StringDeserializer
	max.partition.fetch.bytes = 1048576
	max.poll.interval.ms = 300000
	max.poll.records = 500
	metadata.max.age.ms = 300000
	metadata.recovery.strategy = none
	metric.reporters = []
	metrics.num.samples = 2
	metrics.recording.level = INFO
	metrics.sample.window.ms = 30000
	partition.assignment.strategy = [class org.apache.kafka.clients.consumer.RangeAssignor, class org.apache.kafka.clients.consumer.CooperativeStickyAssignor]
	receive.buffer.bytes = 65536
	reconnect.backoff.max.ms = 1000
	reconnect.backoff.ms = 50
	request.timeout.ms = 5000
	retry.backoff.max.ms = 1000
	retry.backoff.ms = 100
	sasl.client.callback.handler.class = null
	sasl.jaas.config = null
	sasl.kerberos.kinit.cmd = /usr/bin/kinit
	sasl.kerberos.min.time.before.relogin = 60000
	sasl.kerberos.service.name = null
	sasl.kerberos.ticket.renew.jitter = 0.05
	sasl.kerberos.ticket.renew.window.factor = 0.8
	sasl.login.callback.handler.class = null
	sasl.login.class = null
	sasl.login.connect.timeout.ms = null
	sasl.login.read.timeout.ms = null
	sasl.login.refresh.buffer.seconds = 300
	sasl.login.refresh.min.period.seconds = 60
	sasl.login.refresh.window.factor = 0.8
	sasl.login.refresh.window.jitter = 0.05
	sasl.login.retry.backoff.max.ms = 10000
	sasl.login.retry.backoff.ms = 100
	sasl.mechanism = GSSAPI
	sasl.oauthbearer.clock.skew.seconds = 30
	sasl.oauthbearer.expected.audience = null
	sasl.oauthbearer.expected.issuer = null
	sasl.oauthbearer.header.urlencode = false
	sasl.oauthbearer.jwks.endpoint.refresh.ms = 3600000
	sasl.oauthbearer.jwks.endpoint.retry.backoff.max.ms = 10000
	sasl.oauthbearer.jwks.endpoint.retry.backoff.ms = 100
	sasl.oauthbearer.jwks.endpoint.url = null
	sasl.oauthbearer.scope.claim.name = scope
	sasl.oauthbearer.sub.claim.name = sub
	sasl.oauthbearer.token.endpoint.url = null
	security.protocol = PLAINTEXT
	security.providers = null
	send.buffer.bytes = 131072
	session.timeout.ms = 45000
	socket.connection.setup.timeout.max.ms = 30000
	socket.connection.setup.timeout.ms = 10000
	ssl.cipher.suites = null
	ssl.enabled.protocols = [TLSv1.2, TLSv1.3]
	ssl.endpoint.identification.algorithm = https
	ssl.engine.factory.class = null
	ssl.key.password = null
	ssl.keymanager.algorithm = SunX509
	ssl.keystore.certificate.chain = null
	ssl.keystore.key = null
	ssl.keystore.location = null
	ssl.keystore.password = null
	ssl.keystore.type = JKS
	ssl.protocol = TLSv1.3
	ssl.provider = null
	ssl.secure.random.implementation = null
	ssl.trustmanager.algorithm = PKIX
	ssl.truststore.certificates = null
	ssl.truststore.location = null
	ssl.truststore.password = null
	ssl.truststore.type = JKS
	value.deserializer = class io.apicurio.registry.serde.avro.AvroKafkaDeserializer

2025-08-12 14:51:13,970 INFO  [org.apa.kaf.com.tel.int.KafkaMetricsCollector] (main) initializing Kafka metrics collector
2025-08-12 14:51:13,977 INFO  [org.apa.kaf.cli.con.ConsumerConfig] (main) These configurations '[apicurio.registry.avro.encoding, apicurio.registry.url]' were supplied but are not used yet.
2025-08-12 14:51:13,977 INFO  [org.apa.kaf.com.uti.AppInfoParser] (main) Kafka version: 3.9.1
2025-08-12 14:51:13,977 INFO  [org.apa.kaf.com.uti.AppInfoParser] (main) Kafka commitId: f745dfdcee2b9851
2025-08-12 14:51:13,977 INFO  [org.apa.kaf.com.uti.AppInfoParser] (main) Kafka startTimeMs: 1755010273977
2025-08-12 14:51:13,978 INFO  [org.apa.kaf.cli.con.int.ClassicKafkaConsumer] (Thread-618) [Consumer clientId=consumer-Consumer-topic-47f8b5af_1d43_49f0_b63a_e100272fce4d-3, groupId=Consumer-topic-47f8b5af_1d43_49f0_b63a_e100272fce4d] Subscribed to topic(s): topic-47f8b5af_1d43_49f0_b63a_e100272fce4d
2025-08-12 14:51:13,987 INFO  [org.apa.kaf.cli.Metadata] (Thread-618) [Consumer clientId=consumer-Consumer-topic-47f8b5af_1d43_49f0_b63a_e100272fce4d-3, groupId=Consumer-topic-47f8b5af_1d43_49f0_b63a_e100272fce4d] Cluster ID: FMImeSt9THyuSk_CoOu4HQ
2025-08-12 14:51:13,990 INFO  [org.apa.kaf.cli.con.int.ConsumerCoordinator] (Thread-618) [Consumer clientId=consumer-Consumer-topic-47f8b5af_1d43_49f0_b63a_e100272fce4d-3, groupId=Consumer-topic-47f8b5af_1d43_49f0_b63a_e100272fce4d] Discovered group coordinator localhost:32769 (id: 2147483647 rack: null)
2025-08-12 14:51:13,992 INFO  [org.apa.kaf.cli.con.int.ConsumerCoordinator] (Thread-618) [Consumer clientId=consumer-Consumer-topic-47f8b5af_1d43_49f0_b63a_e100272fce4d-3, groupId=Consumer-topic-47f8b5af_1d43_49f0_b63a_e100272fce4d] (Re-)joining group
2025-08-12 14:51:13,999 INFO  [org.apa.kaf.cli.con.int.ConsumerCoordinator] (Thread-618) [Consumer clientId=consumer-Consumer-topic-47f8b5af_1d43_49f0_b63a_e100272fce4d-3, groupId=Consumer-topic-47f8b5af_1d43_49f0_b63a_e100272fce4d] Request joining group due to: need to re-join with the given member-id: consumer-Consumer-topic-47f8b5af_1d43_49f0_b63a_e100272fce4d-3-296b66a6-3999-4f9c-aedd-7314675baf73
2025-08-12 14:51:13,999 INFO  [org.apa.kaf.cli.con.int.ConsumerCoordinator] (Thread-618) [Consumer clientId=consumer-Consumer-topic-47f8b5af_1d43_49f0_b63a_e100272fce4d-3, groupId=Consumer-topic-47f8b5af_1d43_49f0_b63a_e100272fce4d] (Re-)joining group
2025-08-12 14:51:14,979 INFO  [io.api.tes.ser.api.KafkaSerdesTester] (Thread-618) None found
2025-08-12 14:51:15,979 INFO  [io.api.tes.ser.api.KafkaSerdesTester] (Thread-618) None found
2025-08-12 14:51:16,979 INFO  [io.api.tes.ser.api.KafkaSerdesTester] (Thread-618) None found
2025-08-12 14:51:17,001 INFO  [org.apa.kaf.cli.con.int.ConsumerCoordinator] (Thread-618) [Consumer clientId=consumer-Consumer-topic-47f8b5af_1d43_49f0_b63a_e100272fce4d-3, groupId=Consumer-topic-47f8b5af_1d43_49f0_b63a_e100272fce4d] Successfully joined group with generation Generation{generationId=1, memberId='consumer-Consumer-topic-47f8b5af_1d43_49f0_b63a_e100272fce4d-3-296b66a6-3999-4f9c-aedd-7314675baf73', protocol='range'}
2025-08-12 14:51:17,002 INFO  [org.apa.kaf.cli.con.int.ConsumerCoordinator] (Thread-618) [Consumer clientId=consumer-Consumer-topic-47f8b5af_1d43_49f0_b63a_e100272fce4d-3, groupId=Consumer-topic-47f8b5af_1d43_49f0_b63a_e100272fce4d] Finished assignment for group at generation 1: {consumer-Consumer-topic-47f8b5af_1d43_49f0_b63a_e100272fce4d-3-296b66a6-3999-4f9c-aedd-7314675baf73=Assignment(partitions=[topic-47f8b5af_1d43_49f0_b63a_e100272fce4d-0])}
2025-08-12 14:51:17,009 INFO  [org.apa.kaf.cli.con.int.ConsumerCoordinator] (Thread-618) [Consumer clientId=consumer-Consumer-topic-47f8b5af_1d43_49f0_b63a_e100272fce4d-3, groupId=Consumer-topic-47f8b5af_1d43_49f0_b63a_e100272fce4d] Successfully synced group in generation Generation{generationId=1, memberId='consumer-Consumer-topic-47f8b5af_1d43_49f0_b63a_e100272fce4d-3-296b66a6-3999-4f9c-aedd-7314675baf73', protocol='range'}
2025-08-12 14:51:17,010 INFO  [org.apa.kaf.cli.con.int.ConsumerCoordinator] (Thread-618) [Consumer clientId=consumer-Consumer-topic-47f8b5af_1d43_49f0_b63a_e100272fce4d-3, groupId=Consumer-topic-47f8b5af_1d43_49f0_b63a_e100272fce4d] Notifying assignor about the new Assignment(partitions=[topic-47f8b5af_1d43_49f0_b63a_e100272fce4d-0])
2025-08-12 14:51:17,010 INFO  [org.apa.kaf.cli.con.int.ConsumerRebalanceListenerInvoker] (Thread-618) [Consumer clientId=consumer-Consumer-topic-47f8b5af_1d43_49f0_b63a_e100272fce4d-3, groupId=Consumer-topic-47f8b5af_1d43_49f0_b63a_e100272fce4d] Adding newly assigned partitions: topic-47f8b5af_1d43_49f0_b63a_e100272fce4d-0
2025-08-12 14:51:17,011 INFO  [org.apa.kaf.cli.con.int.ConsumerCoordinator] (Thread-618) [Consumer clientId=consumer-Consumer-topic-47f8b5af_1d43_49f0_b63a_e100272fce4d-3, groupId=Consumer-topic-47f8b5af_1d43_49f0_b63a_e100272fce4d] Found no committed offset for partition topic-47f8b5af_1d43_49f0_b63a_e100272fce4d-0
2025-08-12 14:51:17,020 INFO  [org.apa.kaf.cli.con.int.SubscriptionState] (Thread-618) [Consumer clientId=consumer-Consumer-topic-47f8b5af_1d43_49f0_b63a_e100272fce4d-3, groupId=Consumer-topic-47f8b5af_1d43_49f0_b63a_e100272fce4d] Resetting offset for partition topic-47f8b5af_1d43_49f0_b63a_e100272fce4d-0 to position FetchPosition{offset=0, offsetEpoch=Optional.empty, currentLeader=LeaderAndEpoch{leader=Optional[localhost:32769 (id: 0 rack: null)], epoch=0}}.
2025-08-12 14:51:17,266 INFO  [io.api.tes.ser.api.KafkaSerdesTester] (Thread-618) topic-47f8b5af_1d43_49f0_b63a_e100272fce4d 0 0 {"bar": "value-0"}
2025-08-12 14:51:17,267 INFO  [io.api.tes.ser.api.KafkaSerdesTester] (Thread-618) topic-47f8b5af_1d43_49f0_b63a_e100272fce4d 0 1 {"bar": "value-1"}
2025-08-12 14:51:17,267 INFO  [io.api.tes.ser.api.KafkaSerdesTester] (Thread-618) topic-47f8b5af_1d43_49f0_b63a_e100272fce4d 0 2 {"bar": "value-2"}
2025-08-12 14:51:17,267 INFO  [io.api.tes.ser.api.KafkaSerdesTester] (Thread-618) topic-47f8b5af_1d43_49f0_b63a_e100272fce4d 0 3 {"bar": "value-3"}
2025-08-12 14:51:17,267 INFO  [io.api.tes.ser.api.KafkaSerdesTester] (Thread-618) topic-47f8b5af_1d43_49f0_b63a_e100272fce4d 0 4 {"bar": "value-4"}
2025-08-12 14:51:17,267 INFO  [io.api.tes.ser.api.KafkaSerdesTester] (Thread-618) topic-47f8b5af_1d43_49f0_b63a_e100272fce4d 0 5 {"bar": "value-5"}
2025-08-12 14:51:17,267 INFO  [io.api.tes.ser.api.KafkaSerdesTester] (Thread-618) topic-47f8b5af_1d43_49f0_b63a_e100272fce4d 0 6 {"bar": "value-6"}
2025-08-12 14:51:17,267 INFO  [io.api.tes.ser.api.KafkaSerdesTester] (Thread-618) topic-47f8b5af_1d43_49f0_b63a_e100272fce4d 0 7 {"bar": "value-7"}
2025-08-12 14:51:17,267 INFO  [io.api.tes.ser.api.KafkaSerdesTester] (Thread-618) topic-47f8b5af_1d43_49f0_b63a_e100272fce4d 0 8 {"bar": "value-8"}
2025-08-12 14:51:17,267 INFO  [io.api.tes.ser.api.KafkaSerdesTester] (Thread-618) topic-47f8b5af_1d43_49f0_b63a_e100272fce4d 0 9 {"bar": "value-9"}
2025-08-12 14:51:17,267 INFO  [io.api.tes.ser.api.KafkaSerdesTester] (Thread-618) Consumed 10 messages
2025-08-12 14:51:17,276 INFO  [org.apa.kaf.cli.con.int.ConsumerRebalanceListenerInvoker] (Thread-618) [Consumer clientId=consumer-Consumer-topic-47f8b5af_1d43_49f0_b63a_e100272fce4d-3, groupId=Consumer-topic-47f8b5af_1d43_49f0_b63a_e100272fce4d] Revoke previously assigned partitions topic-47f8b5af_1d43_49f0_b63a_e100272fce4d-0
2025-08-12 14:51:17,276 INFO  [org.apa.kaf.cli.con.int.ConsumerCoordinator] (Thread-618) [Consumer clientId=consumer-Consumer-topic-47f8b5af_1d43_49f0_b63a_e100272fce4d-3, groupId=Consumer-topic-47f8b5af_1d43_49f0_b63a_e100272fce4d] Member consumer-Consumer-topic-47f8b5af_1d43_49f0_b63a_e100272fce4d-3-296b66a6-3999-4f9c-aedd-7314675baf73 sending LeaveGroup request to coordinator localhost:32769 (id: 2147483647 rack: null) due to the consumer is being closed
2025-08-12 14:51:17,276 INFO  [org.apa.kaf.cli.con.int.ConsumerCoordinator] (Thread-618) [Consumer clientId=consumer-Consumer-topic-47f8b5af_1d43_49f0_b63a_e100272fce4d-3, groupId=Consumer-topic-47f8b5af_1d43_49f0_b63a_e100272fce4d] Resetting generation and member id due to: consumer pro-actively leaving the group
2025-08-12 14:51:17,276 INFO  [org.apa.kaf.cli.con.int.ConsumerCoordinator] (Thread-618) [Consumer clientId=consumer-Consumer-topic-47f8b5af_1d43_49f0_b63a_e100272fce4d-3, groupId=Consumer-topic-47f8b5af_1d43_49f0_b63a_e100272fce4d] Request joining group due to: consumer pro-actively leaving the group
2025-08-12 14:51:17,771 INFO  [org.apa.kaf.com.met.Metrics] (Thread-618) Metrics scheduler closed
2025-08-12 14:51:17,771 INFO  [org.apa.kaf.com.met.Metrics] (Thread-618) Closing reporter org.apache.kafka.common.metrics.JmxReporter
2025-08-12 14:51:17,771 INFO  [org.apa.kaf.com.met.Metrics] (Thread-618) Closing reporter org.apache.kafka.common.telemetry.internals.ClientTelemetryReporter
2025-08-12 14:51:17,771 INFO  [org.apa.kaf.com.met.Metrics] (Thread-618) Metrics reporters closed
2025-08-12 14:51:17,782 INFO  [org.apa.kaf.com.uti.AppInfoParser] (Thread-618) App info kafka.consumer for consumer-Consumer-topic-47f8b5af_1d43_49f0_b63a_e100272fce4d-3 unregistered
2025-08-12 14:51:17,783 INFO  [io.api.tes.uti.TestSeparator] (main) io.apicurio.tests.serdes.apicurio.AvroSerdeIT.testAvroJSON-FINISHED
2025-08-12 14:51:17,783 INFO  [io.api.tes.uti.TestSeparator] (main) ############################################################################
Test passed: testAvroJSON
]]></system-out>
  </testcase>
  <testcase name="testTopicIdStrategyAutoRegister" classname="io.apicurio.tests.serdes.apicurio.AvroSerdeIT" time="4.552">
    <system-out><![CDATA[2025-08-12 14:51:17,786 INFO  [io.api.tes.uti.TestSeparator] (main) ############################################################################
2025-08-12 14:51:17,786 INFO  [io.api.tes.uti.TestSeparator] (main) io.apicurio.tests.serdes.apicurio.AvroSerdeIT.testTopicIdStrategyAutoRegister-STARTED
**** Registry Base URL: http://registry-app-mysql.apps.ci419.apicurio-testing.org:80
2025-08-12 14:51:17,788 INFO  [org.apa.kaf.cli.pro.ProducerConfig] (main) ProducerConfig values: 
	acks = -1
	auto.include.jmx.reporter = true
	batch.size = 16384
	bootstrap.servers = [PLAINTEXT://localhost:32769]
	buffer.memory = 33554432
	client.dns.lookup = use_all_dns_ips
	client.id = Producer-topic-50746fcd_6705_4cda_8ac2_278a2244844e
	compression.gzip.level = -1
	compression.lz4.level = 9
	compression.type = none
	compression.zstd.level = 3
	connections.max.idle.ms = 10000
	delivery.timeout.ms = 120000
	enable.idempotence = true
	enable.metrics.push = true
	interceptor.classes = []
	key.serializer = class org.apache.kafka.common.serialization.StringSerializer
	linger.ms = 0
	max.block.ms = 60000
	max.in.flight.requests.per.connection = 5
	max.request.size = 1048576
	metadata.max.age.ms = 300000
	metadata.max.idle.ms = 300000
	metadata.recovery.strategy = none
	metric.reporters = []
	metrics.num.samples = 2
	metrics.recording.level = INFO
	metrics.sample.window.ms = 30000
	partitioner.adaptive.partitioning.enable = true
	partitioner.availability.timeout.ms = 0
	partitioner.class = null
	partitioner.ignore.keys = false
	receive.buffer.bytes = 32768
	reconnect.backoff.max.ms = 1000
	reconnect.backoff.ms = 50
	request.timeout.ms = 5000
	retries = 2147483647
	retry.backoff.max.ms = 1000
	retry.backoff.ms = 100
	sasl.client.callback.handler.class = null
	sasl.jaas.config = null
	sasl.kerberos.kinit.cmd = /usr/bin/kinit
	sasl.kerberos.min.time.before.relogin = 60000
	sasl.kerberos.service.name = null
	sasl.kerberos.ticket.renew.jitter = 0.05
	sasl.kerberos.ticket.renew.window.factor = 0.8
	sasl.login.callback.handler.class = null
	sasl.login.class = null
	sasl.login.connect.timeout.ms = null
	sasl.login.read.timeout.ms = null
	sasl.login.refresh.buffer.seconds = 300
	sasl.login.refresh.min.period.seconds = 60
	sasl.login.refresh.window.factor = 0.8
	sasl.login.refresh.window.jitter = 0.05
	sasl.login.retry.backoff.max.ms = 10000
	sasl.login.retry.backoff.ms = 100
	sasl.mechanism = GSSAPI
	sasl.oauthbearer.clock.skew.seconds = 30
	sasl.oauthbearer.expected.audience = null
	sasl.oauthbearer.expected.issuer = null
	sasl.oauthbearer.header.urlencode = false
	sasl.oauthbearer.jwks.endpoint.refresh.ms = 3600000
	sasl.oauthbearer.jwks.endpoint.retry.backoff.max.ms = 10000
	sasl.oauthbearer.jwks.endpoint.retry.backoff.ms = 100
	sasl.oauthbearer.jwks.endpoint.url = null
	sasl.oauthbearer.scope.claim.name = scope
	sasl.oauthbearer.sub.claim.name = sub
	sasl.oauthbearer.token.endpoint.url = null
	security.protocol = PLAINTEXT
	security.providers = null
	send.buffer.bytes = 131072
	socket.connection.setup.timeout.max.ms = 30000
	socket.connection.setup.timeout.ms = 10000
	ssl.cipher.suites = null
	ssl.enabled.protocols = [TLSv1.2, TLSv1.3]
	ssl.endpoint.identification.algorithm = https
	ssl.engine.factory.class = null
	ssl.key.password = null
	ssl.keymanager.algorithm = SunX509
	ssl.keystore.certificate.chain = null
	ssl.keystore.key = null
	ssl.keystore.location = null
	ssl.keystore.password = null
	ssl.keystore.type = JKS
	ssl.protocol = TLSv1.3
	ssl.provider = null
	ssl.secure.random.implementation = null
	ssl.trustmanager.algorithm = PKIX
	ssl.truststore.certificates = null
	ssl.truststore.location = null
	ssl.truststore.password = null
	ssl.truststore.type = JKS
	transaction.timeout.ms = 60000
	transactional.id = null
	value.serializer = class io.apicurio.registry.serde.avro.AvroKafkaSerializer

2025-08-12 14:51:17,790 INFO  [org.apa.kaf.com.tel.int.KafkaMetricsCollector] (main) initializing Kafka metrics collector
2025-08-12 14:51:17,798 INFO  [org.apa.kaf.cli.pro.KafkaProducer] (main) [Producer clientId=Producer-topic-50746fcd_6705_4cda_8ac2_278a2244844e] Instantiated an idempotent producer.
2025-08-12 14:51:17,804 INFO  [org.apa.kaf.cli.pro.ProducerConfig] (main) These configurations '[apicurio.registry.url, apicurio.registry.auto-register, apicurio.registry.artifact-resolver-strategy]' were supplied but are not used yet.
2025-08-12 14:51:17,804 INFO  [org.apa.kaf.com.uti.AppInfoParser] (main) Kafka version: 3.9.1
2025-08-12 14:51:17,804 INFO  [org.apa.kaf.com.uti.AppInfoParser] (main) Kafka commitId: f745dfdcee2b9851
2025-08-12 14:51:17,804 INFO  [org.apa.kaf.com.uti.AppInfoParser] (main) Kafka startTimeMs: 1755010277804
2025-08-12 14:51:17,805 INFO  [io.api.tes.ser.api.SimpleSerdesTesterBuilder$SimpleSerdesTester] (main) Using producer configuration: {apicurio.registry.url=http://registry-app-mysql.apps.ci419.apicurio-testing.org:80/apis/registry/v3, apicurio.registry.auto-register=true, apicurio.registry.artifact-resolver-strategy=io.apicurio.registry.serde.strategy.TopicIdStrategy, value.serializer=io.apicurio.registry.serde.avro.AvroKafkaSerializer, request.timeout.ms=5000, acks=all, bootstrap.servers=PLAINTEXT://localhost:32769, connections.max.idle.ms=10000, key.serializer=org.apache.kafka.common.serialization.StringSerializer, client.id=Producer-topic-50746fcd_6705_4cda_8ac2_278a2244844e}
2025-08-12 14:51:17,805 INFO  [io.api.tes.ser.api.SimpleSerdesTesterBuilder$SimpleSerdesTester] (main) Using consumer configuration: {}
2025-08-12 14:51:17,805 INFO  [io.api.tes.ser.api.KafkaSerdesTester] (Thread-621) Sending message {"key11755010277787": "value-0"} to topic topic-50746fcd_6705_4cda_8ac2_278a2244844e
2025-08-12 14:51:17,813 WARN  [org.apa.kaf.cli.NetworkClient] (kafka-producer-network-thread | Producer-topic-50746fcd_6705_4cda_8ac2_278a2244844e) [Producer clientId=Producer-topic-50746fcd_6705_4cda_8ac2_278a2244844e] The metadata response from the cluster reported a recoverable issue with correlation id 1 : {topic-50746fcd_6705_4cda_8ac2_278a2244844e=UNKNOWN_TOPIC_OR_PARTITION}
2025-08-12 14:51:17,813 INFO  [org.apa.kaf.cli.Metadata] (kafka-producer-network-thread | Producer-topic-50746fcd_6705_4cda_8ac2_278a2244844e) [Producer clientId=Producer-topic-50746fcd_6705_4cda_8ac2_278a2244844e] Cluster ID: FMImeSt9THyuSk_CoOu4HQ
2025-08-12 14:51:17,815 INFO  [org.apa.kaf.cli.pro.int.TransactionManager] (kafka-producer-network-thread | Producer-topic-50746fcd_6705_4cda_8ac2_278a2244844e) [Producer clientId=Producer-topic-50746fcd_6705_4cda_8ac2_278a2244844e] ProducerId set to 4 with epoch 0
2025-08-12 14:51:18,117 INFO  [io.api.tes.ser.api.KafkaSerdesTester] (Thread-621) Sending message {"key11755010277787": "value-1"} to topic topic-50746fcd_6705_4cda_8ac2_278a2244844e
2025-08-12 14:51:18,120 INFO  [io.api.tes.ser.api.KafkaSerdesTester] (Thread-621) Sending message {"key11755010277787": "value-2"} to topic topic-50746fcd_6705_4cda_8ac2_278a2244844e
2025-08-12 14:51:18,123 INFO  [io.api.tes.ser.api.KafkaSerdesTester] (Thread-621) Sending message {"key11755010277787": "value-3"} to topic topic-50746fcd_6705_4cda_8ac2_278a2244844e
2025-08-12 14:51:18,125 INFO  [io.api.tes.ser.api.KafkaSerdesTester] (Thread-621) Sending message {"key11755010277787": "value-4"} to topic topic-50746fcd_6705_4cda_8ac2_278a2244844e
2025-08-12 14:51:18,127 INFO  [io.api.tes.ser.api.KafkaSerdesTester] (Thread-621) Sending message {"key11755010277787": "value-5"} to topic topic-50746fcd_6705_4cda_8ac2_278a2244844e
2025-08-12 14:51:18,129 INFO  [io.api.tes.ser.api.KafkaSerdesTester] (Thread-621) Sending message {"key11755010277787": "value-6"} to topic topic-50746fcd_6705_4cda_8ac2_278a2244844e
2025-08-12 14:51:18,131 INFO  [io.api.tes.ser.api.KafkaSerdesTester] (Thread-621) Sending message {"key11755010277787": "value-7"} to topic topic-50746fcd_6705_4cda_8ac2_278a2244844e
2025-08-12 14:51:18,133 INFO  [io.api.tes.ser.api.KafkaSerdesTester] (Thread-621) Sending message {"key11755010277787": "value-8"} to topic topic-50746fcd_6705_4cda_8ac2_278a2244844e
2025-08-12 14:51:18,136 INFO  [io.api.tes.ser.api.KafkaSerdesTester] (Thread-621) Sending message {"key11755010277787": "value-9"} to topic topic-50746fcd_6705_4cda_8ac2_278a2244844e
2025-08-12 14:51:18,141 INFO  [io.api.tes.ser.api.KafkaSerdesTester] (Thread-621) Produced 10 messages
2025-08-12 14:51:18,141 INFO  [org.apa.kaf.cli.pro.KafkaProducer] (Thread-621) [Producer clientId=Producer-topic-50746fcd_6705_4cda_8ac2_278a2244844e] Closing the Kafka producer with timeoutMillis = 9223372036854775807 ms.
2025-08-12 14:51:18,144 INFO  [org.apa.kaf.com.met.Metrics] (Thread-621) Metrics scheduler closed
2025-08-12 14:51:18,144 INFO  [org.apa.kaf.com.met.Metrics] (Thread-621) Closing reporter org.apache.kafka.common.metrics.JmxReporter
2025-08-12 14:51:18,144 INFO  [org.apa.kaf.com.met.Metrics] (Thread-621) Closing reporter org.apache.kafka.common.telemetry.internals.ClientTelemetryReporter
2025-08-12 14:51:18,144 INFO  [org.apa.kaf.com.met.Metrics] (Thread-621) Metrics reporters closed
2025-08-12 14:51:18,144 INFO  [org.apa.kaf.com.uti.AppInfoParser] (Thread-621) App info kafka.producer for Producer-topic-50746fcd_6705_4cda_8ac2_278a2244844e unregistered
**** Registry Base URL: http://registry-app-mysql.apps.ci419.apicurio-testing.org:80
2025-08-12 14:51:18,386 INFO  [org.apa.kaf.cli.con.ConsumerConfig] (main) ConsumerConfig values: 
	allow.auto.create.topics = true
	auto.commit.interval.ms = 500
	auto.include.jmx.reporter = true
	auto.offset.reset = earliest
	bootstrap.servers = [PLAINTEXT://localhost:32769]
	check.crcs = true
	client.dns.lookup = use_all_dns_ips
	client.id = consumer-Consumer-topic-50746fcd_6705_4cda_8ac2_278a2244844e-4
	client.rack = 
	connections.max.idle.ms = 10000
	default.api.timeout.ms = 60000
	enable.auto.commit = true
	enable.metrics.push = true
	exclude.internal.topics = true
	fetch.max.bytes = 52428800
	fetch.max.wait.ms = 500
	fetch.min.bytes = 1
	group.id = Consumer-topic-50746fcd_6705_4cda_8ac2_278a2244844e
	group.instance.id = null
	group.protocol = classic
	group.remote.assignor = null
	heartbeat.interval.ms = 3000
	interceptor.classes = []
	internal.leave.group.on.close = true
	internal.throw.on.fetch.stable.offset.unsupported = false
	isolation.level = read_uncommitted
	key.deserializer = class org.apache.kafka.common.serialization.StringDeserializer
	max.partition.fetch.bytes = 1048576
	max.poll.interval.ms = 300000
	max.poll.records = 500
	metadata.max.age.ms = 300000
	metadata.recovery.strategy = none
	metric.reporters = []
	metrics.num.samples = 2
	metrics.recording.level = INFO
	metrics.sample.window.ms = 30000
	partition.assignment.strategy = [class org.apache.kafka.clients.consumer.RangeAssignor, class org.apache.kafka.clients.consumer.CooperativeStickyAssignor]
	receive.buffer.bytes = 65536
	reconnect.backoff.max.ms = 1000
	reconnect.backoff.ms = 50
	request.timeout.ms = 5000
	retry.backoff.max.ms = 1000
	retry.backoff.ms = 100
	sasl.client.callback.handler.class = null
	sasl.jaas.config = null
	sasl.kerberos.kinit.cmd = /usr/bin/kinit
	sasl.kerberos.min.time.before.relogin = 60000
	sasl.kerberos.service.name = null
	sasl.kerberos.ticket.renew.jitter = 0.05
	sasl.kerberos.ticket.renew.window.factor = 0.8
	sasl.login.callback.handler.class = null
	sasl.login.class = null
	sasl.login.connect.timeout.ms = null
	sasl.login.read.timeout.ms = null
	sasl.login.refresh.buffer.seconds = 300
	sasl.login.refresh.min.period.seconds = 60
	sasl.login.refresh.window.factor = 0.8
	sasl.login.refresh.window.jitter = 0.05
	sasl.login.retry.backoff.max.ms = 10000
	sasl.login.retry.backoff.ms = 100
	sasl.mechanism = GSSAPI
	sasl.oauthbearer.clock.skew.seconds = 30
	sasl.oauthbearer.expected.audience = null
	sasl.oauthbearer.expected.issuer = null
	sasl.oauthbearer.header.urlencode = false
	sasl.oauthbearer.jwks.endpoint.refresh.ms = 3600000
	sasl.oauthbearer.jwks.endpoint.retry.backoff.max.ms = 10000
	sasl.oauthbearer.jwks.endpoint.retry.backoff.ms = 100
	sasl.oauthbearer.jwks.endpoint.url = null
	sasl.oauthbearer.scope.claim.name = scope
	sasl.oauthbearer.sub.claim.name = sub
	sasl.oauthbearer.token.endpoint.url = null
	security.protocol = PLAINTEXT
	security.providers = null
	send.buffer.bytes = 131072
	session.timeout.ms = 45000
	socket.connection.setup.timeout.max.ms = 30000
	socket.connection.setup.timeout.ms = 10000
	ssl.cipher.suites = null
	ssl.enabled.protocols = [TLSv1.2, TLSv1.3]
	ssl.endpoint.identification.algorithm = https
	ssl.engine.factory.class = null
	ssl.key.password = null
	ssl.keymanager.algorithm = SunX509
	ssl.keystore.certificate.chain = null
	ssl.keystore.key = null
	ssl.keystore.location = null
	ssl.keystore.password = null
	ssl.keystore.type = JKS
	ssl.protocol = TLSv1.3
	ssl.provider = null
	ssl.secure.random.implementation = null
	ssl.trustmanager.algorithm = PKIX
	ssl.truststore.certificates = null
	ssl.truststore.location = null
	ssl.truststore.password = null
	ssl.truststore.type = JKS
	value.deserializer = class io.apicurio.registry.serde.avro.AvroKafkaDeserializer

2025-08-12 14:51:18,387 INFO  [org.apa.kaf.com.tel.int.KafkaMetricsCollector] (main) initializing Kafka metrics collector
2025-08-12 14:51:18,394 INFO  [org.apa.kaf.cli.con.ConsumerConfig] (main) These configurations '[apicurio.registry.url]' were supplied but are not used yet.
2025-08-12 14:51:18,394 INFO  [org.apa.kaf.com.uti.AppInfoParser] (main) Kafka version: 3.9.1
2025-08-12 14:51:18,394 INFO  [org.apa.kaf.com.uti.AppInfoParser] (main) Kafka commitId: f745dfdcee2b9851
2025-08-12 14:51:18,395 INFO  [org.apa.kaf.com.uti.AppInfoParser] (main) Kafka startTimeMs: 1755010278394
2025-08-12 14:51:18,395 INFO  [org.apa.kaf.cli.con.int.ClassicKafkaConsumer] (Thread-624) [Consumer clientId=consumer-Consumer-topic-50746fcd_6705_4cda_8ac2_278a2244844e-4, groupId=Consumer-topic-50746fcd_6705_4cda_8ac2_278a2244844e] Subscribed to topic(s): topic-50746fcd_6705_4cda_8ac2_278a2244844e
2025-08-12 14:51:18,402 INFO  [org.apa.kaf.cli.Metadata] (Thread-624) [Consumer clientId=consumer-Consumer-topic-50746fcd_6705_4cda_8ac2_278a2244844e-4, groupId=Consumer-topic-50746fcd_6705_4cda_8ac2_278a2244844e] Cluster ID: FMImeSt9THyuSk_CoOu4HQ
2025-08-12 14:51:18,403 INFO  [org.apa.kaf.cli.con.int.ConsumerCoordinator] (Thread-624) [Consumer clientId=consumer-Consumer-topic-50746fcd_6705_4cda_8ac2_278a2244844e-4, groupId=Consumer-topic-50746fcd_6705_4cda_8ac2_278a2244844e] Discovered group coordinator localhost:32769 (id: 2147483647 rack: null)
2025-08-12 14:51:18,406 INFO  [org.apa.kaf.cli.con.int.ConsumerCoordinator] (Thread-624) [Consumer clientId=consumer-Consumer-topic-50746fcd_6705_4cda_8ac2_278a2244844e-4, groupId=Consumer-topic-50746fcd_6705_4cda_8ac2_278a2244844e] (Re-)joining group
2025-08-12 14:51:18,410 INFO  [org.apa.kaf.cli.con.int.ConsumerCoordinator] (Thread-624) [Consumer clientId=consumer-Consumer-topic-50746fcd_6705_4cda_8ac2_278a2244844e-4, groupId=Consumer-topic-50746fcd_6705_4cda_8ac2_278a2244844e] Request joining group due to: need to re-join with the given member-id: consumer-Consumer-topic-50746fcd_6705_4cda_8ac2_278a2244844e-4-5fa92201-215c-4dae-8433-dc177ebfafb3
2025-08-12 14:51:18,410 INFO  [org.apa.kaf.cli.con.int.ConsumerCoordinator] (Thread-624) [Consumer clientId=consumer-Consumer-topic-50746fcd_6705_4cda_8ac2_278a2244844e-4, groupId=Consumer-topic-50746fcd_6705_4cda_8ac2_278a2244844e] (Re-)joining group
2025-08-12 14:51:19,395 INFO  [io.api.tes.ser.api.KafkaSerdesTester] (Thread-624) None found
2025-08-12 14:51:20,396 INFO  [io.api.tes.ser.api.KafkaSerdesTester] (Thread-624) None found
2025-08-12 14:51:21,396 INFO  [io.api.tes.ser.api.KafkaSerdesTester] (Thread-624) None found
2025-08-12 14:51:21,412 INFO  [org.apa.kaf.cli.con.int.ConsumerCoordinator] (Thread-624) [Consumer clientId=consumer-Consumer-topic-50746fcd_6705_4cda_8ac2_278a2244844e-4, groupId=Consumer-topic-50746fcd_6705_4cda_8ac2_278a2244844e] Successfully joined group with generation Generation{generationId=1, memberId='consumer-Consumer-topic-50746fcd_6705_4cda_8ac2_278a2244844e-4-5fa92201-215c-4dae-8433-dc177ebfafb3', protocol='range'}
2025-08-12 14:51:21,412 INFO  [org.apa.kaf.cli.con.int.ConsumerCoordinator] (Thread-624) [Consumer clientId=consumer-Consumer-topic-50746fcd_6705_4cda_8ac2_278a2244844e-4, groupId=Consumer-topic-50746fcd_6705_4cda_8ac2_278a2244844e] Finished assignment for group at generation 1: {consumer-Consumer-topic-50746fcd_6705_4cda_8ac2_278a2244844e-4-5fa92201-215c-4dae-8433-dc177ebfafb3=Assignment(partitions=[topic-50746fcd_6705_4cda_8ac2_278a2244844e-0])}
2025-08-12 14:51:21,419 INFO  [org.apa.kaf.cli.con.int.ConsumerCoordinator] (Thread-624) [Consumer clientId=consumer-Consumer-topic-50746fcd_6705_4cda_8ac2_278a2244844e-4, groupId=Consumer-topic-50746fcd_6705_4cda_8ac2_278a2244844e] Successfully synced group in generation Generation{generationId=1, memberId='consumer-Consumer-topic-50746fcd_6705_4cda_8ac2_278a2244844e-4-5fa92201-215c-4dae-8433-dc177ebfafb3', protocol='range'}
2025-08-12 14:51:21,419 INFO  [org.apa.kaf.cli.con.int.ConsumerCoordinator] (Thread-624) [Consumer clientId=consumer-Consumer-topic-50746fcd_6705_4cda_8ac2_278a2244844e-4, groupId=Consumer-topic-50746fcd_6705_4cda_8ac2_278a2244844e] Notifying assignor about the new Assignment(partitions=[topic-50746fcd_6705_4cda_8ac2_278a2244844e-0])
2025-08-12 14:51:21,419 INFO  [org.apa.kaf.cli.con.int.ConsumerRebalanceListenerInvoker] (Thread-624) [Consumer clientId=consumer-Consumer-topic-50746fcd_6705_4cda_8ac2_278a2244844e-4, groupId=Consumer-topic-50746fcd_6705_4cda_8ac2_278a2244844e] Adding newly assigned partitions: topic-50746fcd_6705_4cda_8ac2_278a2244844e-0
2025-08-12 14:51:21,420 INFO  [org.apa.kaf.cli.con.int.ConsumerCoordinator] (Thread-624) [Consumer clientId=consumer-Consumer-topic-50746fcd_6705_4cda_8ac2_278a2244844e-4, groupId=Consumer-topic-50746fcd_6705_4cda_8ac2_278a2244844e] Found no committed offset for partition topic-50746fcd_6705_4cda_8ac2_278a2244844e-0
2025-08-12 14:51:21,425 INFO  [org.apa.kaf.cli.con.int.SubscriptionState] (Thread-624) [Consumer clientId=consumer-Consumer-topic-50746fcd_6705_4cda_8ac2_278a2244844e-4, groupId=Consumer-topic-50746fcd_6705_4cda_8ac2_278a2244844e] Resetting offset for partition topic-50746fcd_6705_4cda_8ac2_278a2244844e-0 to position FetchPosition{offset=0, offsetEpoch=Optional.empty, currentLeader=LeaderAndEpoch{leader=Optional[localhost:32769 (id: 0 rack: null)], epoch=0}}.
2025-08-12 14:51:21,658 INFO  [io.api.tes.ser.api.KafkaSerdesTester] (Thread-624) topic-50746fcd_6705_4cda_8ac2_278a2244844e 0 0 {"key11755010277787": "value-0"}
2025-08-12 14:51:21,659 INFO  [io.api.tes.ser.api.KafkaSerdesTester] (Thread-624) topic-50746fcd_6705_4cda_8ac2_278a2244844e 0 1 {"key11755010277787": "value-1"}
2025-08-12 14:51:21,659 INFO  [io.api.tes.ser.api.KafkaSerdesTester] (Thread-624) topic-50746fcd_6705_4cda_8ac2_278a2244844e 0 2 {"key11755010277787": "value-2"}
2025-08-12 14:51:21,659 INFO  [io.api.tes.ser.api.KafkaSerdesTester] (Thread-624) topic-50746fcd_6705_4cda_8ac2_278a2244844e 0 3 {"key11755010277787": "value-3"}
2025-08-12 14:51:21,659 INFO  [io.api.tes.ser.api.KafkaSerdesTester] (Thread-624) topic-50746fcd_6705_4cda_8ac2_278a2244844e 0 4 {"key11755010277787": "value-4"}
2025-08-12 14:51:21,659 INFO  [io.api.tes.ser.api.KafkaSerdesTester] (Thread-624) topic-50746fcd_6705_4cda_8ac2_278a2244844e 0 5 {"key11755010277787": "value-5"}
2025-08-12 14:51:21,659 INFO  [io.api.tes.ser.api.KafkaSerdesTester] (Thread-624) topic-50746fcd_6705_4cda_8ac2_278a2244844e 0 6 {"key11755010277787": "value-6"}
2025-08-12 14:51:21,659 INFO  [io.api.tes.ser.api.KafkaSerdesTester] (Thread-624) topic-50746fcd_6705_4cda_8ac2_278a2244844e 0 7 {"key11755010277787": "value-7"}
2025-08-12 14:51:21,659 INFO  [io.api.tes.ser.api.KafkaSerdesTester] (Thread-624) topic-50746fcd_6705_4cda_8ac2_278a2244844e 0 8 {"key11755010277787": "value-8"}
2025-08-12 14:51:21,659 INFO  [io.api.tes.ser.api.KafkaSerdesTester] (Thread-624) topic-50746fcd_6705_4cda_8ac2_278a2244844e 0 9 {"key11755010277787": "value-9"}
2025-08-12 14:51:21,659 INFO  [io.api.tes.ser.api.KafkaSerdesTester] (Thread-624) Consumed 10 messages
2025-08-12 14:51:21,667 INFO  [org.apa.kaf.cli.con.int.ConsumerRebalanceListenerInvoker] (Thread-624) [Consumer clientId=consumer-Consumer-topic-50746fcd_6705_4cda_8ac2_278a2244844e-4, groupId=Consumer-topic-50746fcd_6705_4cda_8ac2_278a2244844e] Revoke previously assigned partitions topic-50746fcd_6705_4cda_8ac2_278a2244844e-0
2025-08-12 14:51:21,667 INFO  [org.apa.kaf.cli.con.int.ConsumerCoordinator] (Thread-624) [Consumer clientId=consumer-Consumer-topic-50746fcd_6705_4cda_8ac2_278a2244844e-4, groupId=Consumer-topic-50746fcd_6705_4cda_8ac2_278a2244844e] Member consumer-Consumer-topic-50746fcd_6705_4cda_8ac2_278a2244844e-4-5fa92201-215c-4dae-8433-dc177ebfafb3 sending LeaveGroup request to coordinator localhost:32769 (id: 2147483647 rack: null) due to the consumer is being closed
2025-08-12 14:51:21,667 INFO  [org.apa.kaf.cli.con.int.ConsumerCoordinator] (Thread-624) [Consumer clientId=consumer-Consumer-topic-50746fcd_6705_4cda_8ac2_278a2244844e-4, groupId=Consumer-topic-50746fcd_6705_4cda_8ac2_278a2244844e] Resetting generation and member id due to: consumer pro-actively leaving the group
2025-08-12 14:51:21,667 INFO  [org.apa.kaf.cli.con.int.ConsumerCoordinator] (Thread-624) [Consumer clientId=consumer-Consumer-topic-50746fcd_6705_4cda_8ac2_278a2244844e-4, groupId=Consumer-topic-50746fcd_6705_4cda_8ac2_278a2244844e] Request joining group due to: consumer pro-actively leaving the group
2025-08-12 14:51:22,161 INFO  [org.apa.kaf.com.met.Metrics] (Thread-624) Metrics scheduler closed
2025-08-12 14:51:22,161 INFO  [org.apa.kaf.com.met.Metrics] (Thread-624) Closing reporter org.apache.kafka.common.metrics.JmxReporter
2025-08-12 14:51:22,161 INFO  [org.apa.kaf.com.met.Metrics] (Thread-624) Closing reporter org.apache.kafka.common.telemetry.internals.ClientTelemetryReporter
2025-08-12 14:51:22,161 INFO  [org.apa.kaf.com.met.Metrics] (Thread-624) Metrics reporters closed
2025-08-12 14:51:22,164 INFO  [org.apa.kaf.com.uti.AppInfoParser] (Thread-624) App info kafka.consumer for consumer-Consumer-topic-50746fcd_6705_4cda_8ac2_278a2244844e-4 unregistered
2025-08-12 14:51:22,336 INFO  [io.api.tes.uti.TestSeparator] (main) io.apicurio.tests.serdes.apicurio.AvroSerdeIT.testTopicIdStrategyAutoRegister-FINISHED
2025-08-12 14:51:22,336 INFO  [io.api.tes.uti.TestSeparator] (main) ############################################################################
Test passed: testTopicIdStrategyAutoRegister
]]></system-out>
  </testcase>
  <testcase name="testRecordIdStrategydFindLatest" classname="io.apicurio.tests.serdes.apicurio.AvroSerdeIT" time="5.434">
    <system-out><![CDATA[2025-08-12 14:51:22,337 INFO  [io.api.tes.uti.TestSeparator] (main) ############################################################################
2025-08-12 14:51:22,337 INFO  [io.api.tes.uti.TestSeparator] (main) io.apicurio.tests.serdes.apicurio.AvroSerdeIT.testRecordIdStrategydFindLatest-STARTED
2025-08-12 14:51:22,338 INFO  [io.api.tes.ser.api.AvroSerdeIT] (main) Registering Avro Schema: {"type":"record","name":"s769419fexf65bx4a26xa40exfd2ea3913f73","namespace":"sb85f0f74x1e0ex4976x9748x0fec709090e7","fields":[{"name":"key11755010282337","type":"string"}]}
**** Registry Base URL: http://registry-app-mysql.apps.ci419.apicurio-testing.org:80
2025-08-12 14:51:23,542 INFO  [org.apa.kaf.cli.pro.ProducerConfig] (main) ProducerConfig values: 
	acks = -1
	auto.include.jmx.reporter = true
	batch.size = 16384
	bootstrap.servers = [PLAINTEXT://localhost:32769]
	buffer.memory = 33554432
	client.dns.lookup = use_all_dns_ips
	client.id = Producer-topic-b10bd7fb_0e8f_47f6_a2cc_ff1318e01de8
	compression.gzip.level = -1
	compression.lz4.level = 9
	compression.type = none
	compression.zstd.level = 3
	connections.max.idle.ms = 10000
	delivery.timeout.ms = 120000
	enable.idempotence = true
	enable.metrics.push = true
	interceptor.classes = []
	key.serializer = class org.apache.kafka.common.serialization.StringSerializer
	linger.ms = 0
	max.block.ms = 60000
	max.in.flight.requests.per.connection = 5
	max.request.size = 1048576
	metadata.max.age.ms = 300000
	metadata.max.idle.ms = 300000
	metadata.recovery.strategy = none
	metric.reporters = []
	metrics.num.samples = 2
	metrics.recording.level = INFO
	metrics.sample.window.ms = 30000
	partitioner.adaptive.partitioning.enable = true
	partitioner.availability.timeout.ms = 0
	partitioner.class = null
	partitioner.ignore.keys = false
	receive.buffer.bytes = 32768
	reconnect.backoff.max.ms = 1000
	reconnect.backoff.ms = 50
	request.timeout.ms = 5000
	retries = 2147483647
	retry.backoff.max.ms = 1000
	retry.backoff.ms = 100
	sasl.client.callback.handler.class = null
	sasl.jaas.config = null
	sasl.kerberos.kinit.cmd = /usr/bin/kinit
	sasl.kerberos.min.time.before.relogin = 60000
	sasl.kerberos.service.name = null
	sasl.kerberos.ticket.renew.jitter = 0.05
	sasl.kerberos.ticket.renew.window.factor = 0.8
	sasl.login.callback.handler.class = null
	sasl.login.class = null
	sasl.login.connect.timeout.ms = null
	sasl.login.read.timeout.ms = null
	sasl.login.refresh.buffer.seconds = 300
	sasl.login.refresh.min.period.seconds = 60
	sasl.login.refresh.window.factor = 0.8
	sasl.login.refresh.window.jitter = 0.05
	sasl.login.retry.backoff.max.ms = 10000
	sasl.login.retry.backoff.ms = 100
	sasl.mechanism = GSSAPI
	sasl.oauthbearer.clock.skew.seconds = 30
	sasl.oauthbearer.expected.audience = null
	sasl.oauthbearer.expected.issuer = null
	sasl.oauthbearer.header.urlencode = false
	sasl.oauthbearer.jwks.endpoint.refresh.ms = 3600000
	sasl.oauthbearer.jwks.endpoint.retry.backoff.max.ms = 10000
	sasl.oauthbearer.jwks.endpoint.retry.backoff.ms = 100
	sasl.oauthbearer.jwks.endpoint.url = null
	sasl.oauthbearer.scope.claim.name = scope
	sasl.oauthbearer.sub.claim.name = sub
	sasl.oauthbearer.token.endpoint.url = null
	security.protocol = PLAINTEXT
	security.providers = null
	send.buffer.bytes = 131072
	socket.connection.setup.timeout.max.ms = 30000
	socket.connection.setup.timeout.ms = 10000
	ssl.cipher.suites = null
	ssl.enabled.protocols = [TLSv1.2, TLSv1.3]
	ssl.endpoint.identification.algorithm = https
	ssl.engine.factory.class = null
	ssl.key.password = null
	ssl.keymanager.algorithm = SunX509
	ssl.keystore.certificate.chain = null
	ssl.keystore.key = null
	ssl.keystore.location = null
	ssl.keystore.password = null
	ssl.keystore.type = JKS
	ssl.protocol = TLSv1.3
	ssl.provider = null
	ssl.secure.random.implementation = null
	ssl.trustmanager.algorithm = PKIX
	ssl.truststore.certificates = null
	ssl.truststore.location = null
	ssl.truststore.password = null
	ssl.truststore.type = JKS
	transaction.timeout.ms = 60000
	transactional.id = null
	value.serializer = class io.apicurio.registry.serde.avro.AvroKafkaSerializer

2025-08-12 14:51:23,542 INFO  [org.apa.kaf.com.tel.int.KafkaMetricsCollector] (main) initializing Kafka metrics collector
2025-08-12 14:51:23,546 INFO  [org.apa.kaf.cli.pro.KafkaProducer] (main) [Producer clientId=Producer-topic-b10bd7fb_0e8f_47f6_a2cc_ff1318e01de8] Instantiated an idempotent producer.
2025-08-12 14:51:23,550 INFO  [org.apa.kaf.cli.pro.ProducerConfig] (main) These configurations '[apicurio.registry.find-latest, apicurio.registry.url, apicurio.registry.artifact-resolver-strategy]' were supplied but are not used yet.
2025-08-12 14:51:23,550 INFO  [org.apa.kaf.com.uti.AppInfoParser] (main) Kafka version: 3.9.1
2025-08-12 14:51:23,550 INFO  [org.apa.kaf.com.uti.AppInfoParser] (main) Kafka commitId: f745dfdcee2b9851
2025-08-12 14:51:23,550 INFO  [org.apa.kaf.com.uti.AppInfoParser] (main) Kafka startTimeMs: 1755010283550
2025-08-12 14:51:23,550 INFO  [io.api.tes.ser.api.SimpleSerdesTesterBuilder$SimpleSerdesTester] (main) Using producer configuration: {apicurio.registry.find-latest=true, apicurio.registry.url=http://registry-app-mysql.apps.ci419.apicurio-testing.org:80/apis/registry/v3, apicurio.registry.artifact-resolver-strategy=io.apicurio.registry.serde.avro.strategy.RecordIdStrategy, value.serializer=io.apicurio.registry.serde.avro.AvroKafkaSerializer, request.timeout.ms=5000, acks=all, bootstrap.servers=PLAINTEXT://localhost:32769, connections.max.idle.ms=10000, key.serializer=org.apache.kafka.common.serialization.StringSerializer, client.id=Producer-topic-b10bd7fb_0e8f_47f6_a2cc_ff1318e01de8}
2025-08-12 14:51:23,550 INFO  [io.api.tes.ser.api.SimpleSerdesTesterBuilder$SimpleSerdesTester] (main) Using consumer configuration: {}
2025-08-12 14:51:23,552 INFO  [io.api.tes.ser.api.KafkaSerdesTester] (Thread-627) Sending message {"key11755010282337": "value-0"} to topic topic-b10bd7fb_0e8f_47f6_a2cc_ff1318e01de8
2025-08-12 14:51:23,557 INFO  [org.apa.kaf.cli.Metadata] (kafka-producer-network-thread | Producer-topic-b10bd7fb_0e8f_47f6_a2cc_ff1318e01de8) [Producer clientId=Producer-topic-b10bd7fb_0e8f_47f6_a2cc_ff1318e01de8] Cluster ID: FMImeSt9THyuSk_CoOu4HQ
2025-08-12 14:51:23,558 INFO  [org.apa.kaf.cli.pro.int.TransactionManager] (kafka-producer-network-thread | Producer-topic-b10bd7fb_0e8f_47f6_a2cc_ff1318e01de8) [Producer clientId=Producer-topic-b10bd7fb_0e8f_47f6_a2cc_ff1318e01de8] ProducerId set to 5 with epoch 0
2025-08-12 14:51:23,914 INFO  [io.api.tes.ser.api.KafkaSerdesTester] (Thread-627) Sending message {"key11755010282337": "value-1"} to topic topic-b10bd7fb_0e8f_47f6_a2cc_ff1318e01de8
2025-08-12 14:51:23,918 INFO  [io.api.tes.ser.api.KafkaSerdesTester] (Thread-627) Sending message {"key11755010282337": "value-2"} to topic topic-b10bd7fb_0e8f_47f6_a2cc_ff1318e01de8
2025-08-12 14:51:23,923 INFO  [io.api.tes.ser.api.KafkaSerdesTester] (Thread-627) Sending message {"key11755010282337": "value-3"} to topic topic-b10bd7fb_0e8f_47f6_a2cc_ff1318e01de8
2025-08-12 14:51:23,928 INFO  [io.api.tes.ser.api.KafkaSerdesTester] (Thread-627) Sending message {"key11755010282337": "value-4"} to topic topic-b10bd7fb_0e8f_47f6_a2cc_ff1318e01de8
2025-08-12 14:51:23,933 INFO  [io.api.tes.ser.api.KafkaSerdesTester] (Thread-627) Sending message {"key11755010282337": "value-5"} to topic topic-b10bd7fb_0e8f_47f6_a2cc_ff1318e01de8
2025-08-12 14:51:23,938 INFO  [io.api.tes.ser.api.KafkaSerdesTester] (Thread-627) Sending message {"key11755010282337": "value-6"} to topic topic-b10bd7fb_0e8f_47f6_a2cc_ff1318e01de8
2025-08-12 14:51:23,943 INFO  [io.api.tes.ser.api.KafkaSerdesTester] (Thread-627) Sending message {"key11755010282337": "value-7"} to topic topic-b10bd7fb_0e8f_47f6_a2cc_ff1318e01de8
2025-08-12 14:51:23,946 INFO  [io.api.tes.ser.api.KafkaSerdesTester] (Thread-627) Sending message {"key11755010282337": "value-8"} to topic topic-b10bd7fb_0e8f_47f6_a2cc_ff1318e01de8
2025-08-12 14:51:23,948 INFO  [io.api.tes.ser.api.KafkaSerdesTester] (Thread-627) Sending message {"key11755010282337": "value-9"} to topic topic-b10bd7fb_0e8f_47f6_a2cc_ff1318e01de8
2025-08-12 14:51:23,951 INFO  [io.api.tes.ser.api.KafkaSerdesTester] (Thread-627) Produced 10 messages
2025-08-12 14:51:23,951 INFO  [org.apa.kaf.cli.pro.KafkaProducer] (Thread-627) [Producer clientId=Producer-topic-b10bd7fb_0e8f_47f6_a2cc_ff1318e01de8] Closing the Kafka producer with timeoutMillis = 9223372036854775807 ms.
2025-08-12 14:51:23,955 INFO  [org.apa.kaf.com.met.Metrics] (Thread-627) Metrics scheduler closed
2025-08-12 14:51:23,955 INFO  [org.apa.kaf.com.met.Metrics] (Thread-627) Closing reporter org.apache.kafka.common.metrics.JmxReporter
2025-08-12 14:51:23,955 INFO  [org.apa.kaf.com.met.Metrics] (Thread-627) Closing reporter org.apache.kafka.common.telemetry.internals.ClientTelemetryReporter
2025-08-12 14:51:23,955 INFO  [org.apa.kaf.com.met.Metrics] (Thread-627) Metrics reporters closed
2025-08-12 14:51:23,955 INFO  [org.apa.kaf.com.uti.AppInfoParser] (Thread-627) App info kafka.producer for Producer-topic-b10bd7fb_0e8f_47f6_a2cc_ff1318e01de8 unregistered
**** Registry Base URL: http://registry-app-mysql.apps.ci419.apicurio-testing.org:80
2025-08-12 14:51:23,956 INFO  [org.apa.kaf.cli.con.ConsumerConfig] (main) ConsumerConfig values: 
	allow.auto.create.topics = true
	auto.commit.interval.ms = 500
	auto.include.jmx.reporter = true
	auto.offset.reset = earliest
	bootstrap.servers = [PLAINTEXT://localhost:32769]
	check.crcs = true
	client.dns.lookup = use_all_dns_ips
	client.id = consumer-Consumer-topic-b10bd7fb_0e8f_47f6_a2cc_ff1318e01de8-5
	client.rack = 
	connections.max.idle.ms = 10000
	default.api.timeout.ms = 60000
	enable.auto.commit = true
	enable.metrics.push = true
	exclude.internal.topics = true
	fetch.max.bytes = 52428800
	fetch.max.wait.ms = 500
	fetch.min.bytes = 1
	group.id = Consumer-topic-b10bd7fb_0e8f_47f6_a2cc_ff1318e01de8
	group.instance.id = null
	group.protocol = classic
	group.remote.assignor = null
	heartbeat.interval.ms = 3000
	interceptor.classes = []
	internal.leave.group.on.close = true
	internal.throw.on.fetch.stable.offset.unsupported = false
	isolation.level = read_uncommitted
	key.deserializer = class org.apache.kafka.common.serialization.StringDeserializer
	max.partition.fetch.bytes = 1048576
	max.poll.interval.ms = 300000
	max.poll.records = 500
	metadata.max.age.ms = 300000
	metadata.recovery.strategy = none
	metric.reporters = []
	metrics.num.samples = 2
	metrics.recording.level = INFO
	metrics.sample.window.ms = 30000
	partition.assignment.strategy = [class org.apache.kafka.clients.consumer.RangeAssignor, class org.apache.kafka.clients.consumer.CooperativeStickyAssignor]
	receive.buffer.bytes = 65536
	reconnect.backoff.max.ms = 1000
	reconnect.backoff.ms = 50
	request.timeout.ms = 5000
	retry.backoff.max.ms = 1000
	retry.backoff.ms = 100
	sasl.client.callback.handler.class = null
	sasl.jaas.config = null
	sasl.kerberos.kinit.cmd = /usr/bin/kinit
	sasl.kerberos.min.time.before.relogin = 60000
	sasl.kerberos.service.name = null
	sasl.kerberos.ticket.renew.jitter = 0.05
	sasl.kerberos.ticket.renew.window.factor = 0.8
	sasl.login.callback.handler.class = null
	sasl.login.class = null
	sasl.login.connect.timeout.ms = null
	sasl.login.read.timeout.ms = null
	sasl.login.refresh.buffer.seconds = 300
	sasl.login.refresh.min.period.seconds = 60
	sasl.login.refresh.window.factor = 0.8
	sasl.login.refresh.window.jitter = 0.05
	sasl.login.retry.backoff.max.ms = 10000
	sasl.login.retry.backoff.ms = 100
	sasl.mechanism = GSSAPI
	sasl.oauthbearer.clock.skew.seconds = 30
	sasl.oauthbearer.expected.audience = null
	sasl.oauthbearer.expected.issuer = null
	sasl.oauthbearer.header.urlencode = false
	sasl.oauthbearer.jwks.endpoint.refresh.ms = 3600000
	sasl.oauthbearer.jwks.endpoint.retry.backoff.max.ms = 10000
	sasl.oauthbearer.jwks.endpoint.retry.backoff.ms = 100
	sasl.oauthbearer.jwks.endpoint.url = null
	sasl.oauthbearer.scope.claim.name = scope
	sasl.oauthbearer.sub.claim.name = sub
	sasl.oauthbearer.token.endpoint.url = null
	security.protocol = PLAINTEXT
	security.providers = null
	send.buffer.bytes = 131072
	session.timeout.ms = 45000
	socket.connection.setup.timeout.max.ms = 30000
	socket.connection.setup.timeout.ms = 10000
	ssl.cipher.suites = null
	ssl.enabled.protocols = [TLSv1.2, TLSv1.3]
	ssl.endpoint.identification.algorithm = https
	ssl.engine.factory.class = null
	ssl.key.password = null
	ssl.keymanager.algorithm = SunX509
	ssl.keystore.certificate.chain = null
	ssl.keystore.key = null
	ssl.keystore.location = null
	ssl.keystore.password = null
	ssl.keystore.type = JKS
	ssl.protocol = TLSv1.3
	ssl.provider = null
	ssl.secure.random.implementation = null
	ssl.trustmanager.algorithm = PKIX
	ssl.truststore.certificates = null
	ssl.truststore.location = null
	ssl.truststore.password = null
	ssl.truststore.type = JKS
	value.deserializer = class io.apicurio.registry.serde.avro.AvroKafkaDeserializer

2025-08-12 14:51:23,956 INFO  [org.apa.kaf.com.tel.int.KafkaMetricsCollector] (main) initializing Kafka metrics collector
2025-08-12 14:51:23,969 INFO  [org.apa.kaf.cli.con.ConsumerConfig] (main) These configurations '[apicurio.registry.url]' were supplied but are not used yet.
2025-08-12 14:51:23,970 INFO  [org.apa.kaf.com.uti.AppInfoParser] (main) Kafka version: 3.9.1
2025-08-12 14:51:23,970 INFO  [org.apa.kaf.com.uti.AppInfoParser] (main) Kafka commitId: f745dfdcee2b9851
2025-08-12 14:51:23,970 INFO  [org.apa.kaf.com.uti.AppInfoParser] (main) Kafka startTimeMs: 1755010283970
2025-08-12 14:51:23,972 INFO  [org.apa.kaf.cli.con.int.ClassicKafkaConsumer] (Thread-630) [Consumer clientId=consumer-Consumer-topic-b10bd7fb_0e8f_47f6_a2cc_ff1318e01de8-5, groupId=Consumer-topic-b10bd7fb_0e8f_47f6_a2cc_ff1318e01de8] Subscribed to topic(s): topic-b10bd7fb_0e8f_47f6_a2cc_ff1318e01de8
2025-08-12 14:51:23,980 INFO  [org.apa.kaf.cli.Metadata] (Thread-630) [Consumer clientId=consumer-Consumer-topic-b10bd7fb_0e8f_47f6_a2cc_ff1318e01de8-5, groupId=Consumer-topic-b10bd7fb_0e8f_47f6_a2cc_ff1318e01de8] Cluster ID: FMImeSt9THyuSk_CoOu4HQ
2025-08-12 14:51:23,985 INFO  [org.apa.kaf.cli.con.int.ConsumerCoordinator] (Thread-630) [Consumer clientId=consumer-Consumer-topic-b10bd7fb_0e8f_47f6_a2cc_ff1318e01de8-5, groupId=Consumer-topic-b10bd7fb_0e8f_47f6_a2cc_ff1318e01de8] Discovered group coordinator localhost:32769 (id: 2147483647 rack: null)
2025-08-12 14:51:23,989 INFO  [org.apa.kaf.cli.con.int.ConsumerCoordinator] (Thread-630) [Consumer clientId=consumer-Consumer-topic-b10bd7fb_0e8f_47f6_a2cc_ff1318e01de8-5, groupId=Consumer-topic-b10bd7fb_0e8f_47f6_a2cc_ff1318e01de8] (Re-)joining group
2025-08-12 14:51:24,000 INFO  [org.apa.kaf.cli.con.int.ConsumerCoordinator] (Thread-630) [Consumer clientId=consumer-Consumer-topic-b10bd7fb_0e8f_47f6_a2cc_ff1318e01de8-5, groupId=Consumer-topic-b10bd7fb_0e8f_47f6_a2cc_ff1318e01de8] Request joining group due to: need to re-join with the given member-id: consumer-Consumer-topic-b10bd7fb_0e8f_47f6_a2cc_ff1318e01de8-5-9e6c7f1a-2a3c-4fb4-b4e2-178a2f11efcc
2025-08-12 14:51:24,000 INFO  [org.apa.kaf.cli.con.int.ConsumerCoordinator] (Thread-630) [Consumer clientId=consumer-Consumer-topic-b10bd7fb_0e8f_47f6_a2cc_ff1318e01de8-5, groupId=Consumer-topic-b10bd7fb_0e8f_47f6_a2cc_ff1318e01de8] (Re-)joining group
2025-08-12 14:51:24,972 INFO  [io.api.tes.ser.api.KafkaSerdesTester] (Thread-630) None found
2025-08-12 14:51:25,973 INFO  [io.api.tes.ser.api.KafkaSerdesTester] (Thread-630) None found
2025-08-12 14:51:26,974 INFO  [io.api.tes.ser.api.KafkaSerdesTester] (Thread-630) None found
2025-08-12 14:51:27,004 INFO  [org.apa.kaf.cli.con.int.ConsumerCoordinator] (Thread-630) [Consumer clientId=consumer-Consumer-topic-b10bd7fb_0e8f_47f6_a2cc_ff1318e01de8-5, groupId=Consumer-topic-b10bd7fb_0e8f_47f6_a2cc_ff1318e01de8] Successfully joined group with generation Generation{generationId=1, memberId='consumer-Consumer-topic-b10bd7fb_0e8f_47f6_a2cc_ff1318e01de8-5-9e6c7f1a-2a3c-4fb4-b4e2-178a2f11efcc', protocol='range'}
2025-08-12 14:51:27,004 INFO  [org.apa.kaf.cli.con.int.ConsumerCoordinator] (Thread-630) [Consumer clientId=consumer-Consumer-topic-b10bd7fb_0e8f_47f6_a2cc_ff1318e01de8-5, groupId=Consumer-topic-b10bd7fb_0e8f_47f6_a2cc_ff1318e01de8] Finished assignment for group at generation 1: {consumer-Consumer-topic-b10bd7fb_0e8f_47f6_a2cc_ff1318e01de8-5-9e6c7f1a-2a3c-4fb4-b4e2-178a2f11efcc=Assignment(partitions=[topic-b10bd7fb_0e8f_47f6_a2cc_ff1318e01de8-0])}
2025-08-12 14:51:27,012 INFO  [org.apa.kaf.cli.con.int.ConsumerCoordinator] (Thread-630) [Consumer clientId=consumer-Consumer-topic-b10bd7fb_0e8f_47f6_a2cc_ff1318e01de8-5, groupId=Consumer-topic-b10bd7fb_0e8f_47f6_a2cc_ff1318e01de8] Successfully synced group in generation Generation{generationId=1, memberId='consumer-Consumer-topic-b10bd7fb_0e8f_47f6_a2cc_ff1318e01de8-5-9e6c7f1a-2a3c-4fb4-b4e2-178a2f11efcc', protocol='range'}
2025-08-12 14:51:27,013 INFO  [org.apa.kaf.cli.con.int.ConsumerCoordinator] (Thread-630) [Consumer clientId=consumer-Consumer-topic-b10bd7fb_0e8f_47f6_a2cc_ff1318e01de8-5, groupId=Consumer-topic-b10bd7fb_0e8f_47f6_a2cc_ff1318e01de8] Notifying assignor about the new Assignment(partitions=[topic-b10bd7fb_0e8f_47f6_a2cc_ff1318e01de8-0])
2025-08-12 14:51:27,013 INFO  [org.apa.kaf.cli.con.int.ConsumerRebalanceListenerInvoker] (Thread-630) [Consumer clientId=consumer-Consumer-topic-b10bd7fb_0e8f_47f6_a2cc_ff1318e01de8-5, groupId=Consumer-topic-b10bd7fb_0e8f_47f6_a2cc_ff1318e01de8] Adding newly assigned partitions: topic-b10bd7fb_0e8f_47f6_a2cc_ff1318e01de8-0
2025-08-12 14:51:27,015 INFO  [org.apa.kaf.cli.con.int.ConsumerCoordinator] (Thread-630) [Consumer clientId=consumer-Consumer-topic-b10bd7fb_0e8f_47f6_a2cc_ff1318e01de8-5, groupId=Consumer-topic-b10bd7fb_0e8f_47f6_a2cc_ff1318e01de8] Found no committed offset for partition topic-b10bd7fb_0e8f_47f6_a2cc_ff1318e01de8-0
2025-08-12 14:51:27,020 INFO  [org.apa.kaf.cli.con.int.SubscriptionState] (Thread-630) [Consumer clientId=consumer-Consumer-topic-b10bd7fb_0e8f_47f6_a2cc_ff1318e01de8-5, groupId=Consumer-topic-b10bd7fb_0e8f_47f6_a2cc_ff1318e01de8] Resetting offset for partition topic-b10bd7fb_0e8f_47f6_a2cc_ff1318e01de8-0 to position FetchPosition{offset=0, offsetEpoch=Optional.empty, currentLeader=LeaderAndEpoch{leader=Optional[localhost:32769 (id: 0 rack: null)], epoch=0}}.
2025-08-12 14:51:27,263 INFO  [io.api.tes.ser.api.KafkaSerdesTester] (Thread-630) topic-b10bd7fb_0e8f_47f6_a2cc_ff1318e01de8 0 0 {"key11755010282337": "value-0"}
2025-08-12 14:51:27,264 INFO  [io.api.tes.ser.api.KafkaSerdesTester] (Thread-630) topic-b10bd7fb_0e8f_47f6_a2cc_ff1318e01de8 0 1 {"key11755010282337": "value-1"}
2025-08-12 14:51:27,264 INFO  [io.api.tes.ser.api.KafkaSerdesTester] (Thread-630) topic-b10bd7fb_0e8f_47f6_a2cc_ff1318e01de8 0 2 {"key11755010282337": "value-2"}
2025-08-12 14:51:27,264 INFO  [io.api.tes.ser.api.KafkaSerdesTester] (Thread-630) topic-b10bd7fb_0e8f_47f6_a2cc_ff1318e01de8 0 3 {"key11755010282337": "value-3"}
2025-08-12 14:51:27,264 INFO  [io.api.tes.ser.api.KafkaSerdesTester] (Thread-630) topic-b10bd7fb_0e8f_47f6_a2cc_ff1318e01de8 0 4 {"key11755010282337": "value-4"}
2025-08-12 14:51:27,264 INFO  [io.api.tes.ser.api.KafkaSerdesTester] (Thread-630) topic-b10bd7fb_0e8f_47f6_a2cc_ff1318e01de8 0 5 {"key11755010282337": "value-5"}
2025-08-12 14:51:27,264 INFO  [io.api.tes.ser.api.KafkaSerdesTester] (Thread-630) topic-b10bd7fb_0e8f_47f6_a2cc_ff1318e01de8 0 6 {"key11755010282337": "value-6"}
2025-08-12 14:51:27,264 INFO  [io.api.tes.ser.api.KafkaSerdesTester] (Thread-630) topic-b10bd7fb_0e8f_47f6_a2cc_ff1318e01de8 0 7 {"key11755010282337": "value-7"}
2025-08-12 14:51:27,265 INFO  [io.api.tes.ser.api.KafkaSerdesTester] (Thread-630) topic-b10bd7fb_0e8f_47f6_a2cc_ff1318e01de8 0 8 {"key11755010282337": "value-8"}
2025-08-12 14:51:27,265 INFO  [io.api.tes.ser.api.KafkaSerdesTester] (Thread-630) topic-b10bd7fb_0e8f_47f6_a2cc_ff1318e01de8 0 9 {"key11755010282337": "value-9"}
2025-08-12 14:51:27,265 INFO  [io.api.tes.ser.api.KafkaSerdesTester] (Thread-630) Consumed 10 messages
2025-08-12 14:51:27,275 INFO  [org.apa.kaf.cli.con.int.ConsumerRebalanceListenerInvoker] (Thread-630) [Consumer clientId=consumer-Consumer-topic-b10bd7fb_0e8f_47f6_a2cc_ff1318e01de8-5, groupId=Consumer-topic-b10bd7fb_0e8f_47f6_a2cc_ff1318e01de8] Revoke previously assigned partitions topic-b10bd7fb_0e8f_47f6_a2cc_ff1318e01de8-0
2025-08-12 14:51:27,275 INFO  [org.apa.kaf.cli.con.int.ConsumerCoordinator] (Thread-630) [Consumer clientId=consumer-Consumer-topic-b10bd7fb_0e8f_47f6_a2cc_ff1318e01de8-5, groupId=Consumer-topic-b10bd7fb_0e8f_47f6_a2cc_ff1318e01de8] Member consumer-Consumer-topic-b10bd7fb_0e8f_47f6_a2cc_ff1318e01de8-5-9e6c7f1a-2a3c-4fb4-b4e2-178a2f11efcc sending LeaveGroup request to coordinator localhost:32769 (id: 2147483647 rack: null) due to the consumer is being closed
2025-08-12 14:51:27,275 INFO  [org.apa.kaf.cli.con.int.ConsumerCoordinator] (Thread-630) [Consumer clientId=consumer-Consumer-topic-b10bd7fb_0e8f_47f6_a2cc_ff1318e01de8-5, groupId=Consumer-topic-b10bd7fb_0e8f_47f6_a2cc_ff1318e01de8] Resetting generation and member id due to: consumer pro-actively leaving the group
2025-08-12 14:51:27,275 INFO  [org.apa.kaf.cli.con.int.ConsumerCoordinator] (Thread-630) [Consumer clientId=consumer-Consumer-topic-b10bd7fb_0e8f_47f6_a2cc_ff1318e01de8-5, groupId=Consumer-topic-b10bd7fb_0e8f_47f6_a2cc_ff1318e01de8] Request joining group due to: consumer pro-actively leaving the group
2025-08-12 14:51:27,767 INFO  [org.apa.kaf.com.met.Metrics] (Thread-630) Metrics scheduler closed
2025-08-12 14:51:27,767 INFO  [org.apa.kaf.com.met.Metrics] (Thread-630) Closing reporter org.apache.kafka.common.metrics.JmxReporter
2025-08-12 14:51:27,767 INFO  [org.apa.kaf.com.met.Metrics] (Thread-630) Closing reporter org.apache.kafka.common.telemetry.internals.ClientTelemetryReporter
2025-08-12 14:51:27,767 INFO  [org.apa.kaf.com.met.Metrics] (Thread-630) Metrics reporters closed
2025-08-12 14:51:27,769 INFO  [org.apa.kaf.com.uti.AppInfoParser] (Thread-630) App info kafka.consumer for consumer-Consumer-topic-b10bd7fb_0e8f_47f6_a2cc_ff1318e01de8-5 unregistered
2025-08-12 14:51:27,770 INFO  [io.api.tes.uti.TestSeparator] (main) io.apicurio.tests.serdes.apicurio.AvroSerdeIT.testRecordIdStrategydFindLatest-FINISHED
2025-08-12 14:51:27,770 INFO  [io.api.tes.uti.TestSeparator] (main) ############################################################################
Test passed: testRecordIdStrategydFindLatest
]]></system-out>
  </testcase>
  <testcase name="testReflectAutoRegister" classname="io.apicurio.tests.serdes.apicurio.AvroSerdeIT" time="4.4">
    <system-out><![CDATA[2025-08-12 14:51:27,776 INFO  [io.api.tes.uti.TestSeparator] (main) ############################################################################
2025-08-12 14:51:27,776 INFO  [io.api.tes.uti.TestSeparator] (main) io.apicurio.tests.serdes.apicurio.AvroSerdeIT.testReflectAutoRegister-STARTED
**** Registry Base URL: http://registry-app-mysql.apps.ci419.apicurio-testing.org:80
2025-08-12 14:51:27,784 INFO  [org.apa.kaf.cli.pro.ProducerConfig] (main) ProducerConfig values: 
	acks = -1
	auto.include.jmx.reporter = true
	batch.size = 16384
	bootstrap.servers = [PLAINTEXT://localhost:32769]
	buffer.memory = 33554432
	client.dns.lookup = use_all_dns_ips
	client.id = Producer-topic-ea7e4308_d66c_4c6c_9ba0_842d33be749e
	compression.gzip.level = -1
	compression.lz4.level = 9
	compression.type = none
	compression.zstd.level = 3
	connections.max.idle.ms = 10000
	delivery.timeout.ms = 120000
	enable.idempotence = true
	enable.metrics.push = true
	interceptor.classes = []
	key.serializer = class org.apache.kafka.common.serialization.StringSerializer
	linger.ms = 0
	max.block.ms = 60000
	max.in.flight.requests.per.connection = 5
	max.request.size = 1048576
	metadata.max.age.ms = 300000
	metadata.max.idle.ms = 300000
	metadata.recovery.strategy = none
	metric.reporters = []
	metrics.num.samples = 2
	metrics.recording.level = INFO
	metrics.sample.window.ms = 30000
	partitioner.adaptive.partitioning.enable = true
	partitioner.availability.timeout.ms = 0
	partitioner.class = null
	partitioner.ignore.keys = false
	receive.buffer.bytes = 32768
	reconnect.backoff.max.ms = 1000
	reconnect.backoff.ms = 50
	request.timeout.ms = 5000
	retries = 2147483647
	retry.backoff.max.ms = 1000
	retry.backoff.ms = 100
	sasl.client.callback.handler.class = null
	sasl.jaas.config = null
	sasl.kerberos.kinit.cmd = /usr/bin/kinit
	sasl.kerberos.min.time.before.relogin = 60000
	sasl.kerberos.service.name = null
	sasl.kerberos.ticket.renew.jitter = 0.05
	sasl.kerberos.ticket.renew.window.factor = 0.8
	sasl.login.callback.handler.class = null
	sasl.login.class = null
	sasl.login.connect.timeout.ms = null
	sasl.login.read.timeout.ms = null
	sasl.login.refresh.buffer.seconds = 300
	sasl.login.refresh.min.period.seconds = 60
	sasl.login.refresh.window.factor = 0.8
	sasl.login.refresh.window.jitter = 0.05
	sasl.login.retry.backoff.max.ms = 10000
	sasl.login.retry.backoff.ms = 100
	sasl.mechanism = GSSAPI
	sasl.oauthbearer.clock.skew.seconds = 30
	sasl.oauthbearer.expected.audience = null
	sasl.oauthbearer.expected.issuer = null
	sasl.oauthbearer.header.urlencode = false
	sasl.oauthbearer.jwks.endpoint.refresh.ms = 3600000
	sasl.oauthbearer.jwks.endpoint.retry.backoff.max.ms = 10000
	sasl.oauthbearer.jwks.endpoint.retry.backoff.ms = 100
	sasl.oauthbearer.jwks.endpoint.url = null
	sasl.oauthbearer.scope.claim.name = scope
	sasl.oauthbearer.sub.claim.name = sub
	sasl.oauthbearer.token.endpoint.url = null
	security.protocol = PLAINTEXT
	security.providers = null
	send.buffer.bytes = 131072
	socket.connection.setup.timeout.max.ms = 30000
	socket.connection.setup.timeout.ms = 10000
	ssl.cipher.suites = null
	ssl.enabled.protocols = [TLSv1.2, TLSv1.3]
	ssl.endpoint.identification.algorithm = https
	ssl.engine.factory.class = null
	ssl.key.password = null
	ssl.keymanager.algorithm = SunX509
	ssl.keystore.certificate.chain = null
	ssl.keystore.key = null
	ssl.keystore.location = null
	ssl.keystore.password = null
	ssl.keystore.type = JKS
	ssl.protocol = TLSv1.3
	ssl.provider = null
	ssl.secure.random.implementation = null
	ssl.trustmanager.algorithm = PKIX
	ssl.truststore.certificates = null
	ssl.truststore.location = null
	ssl.truststore.password = null
	ssl.truststore.type = JKS
	transaction.timeout.ms = 60000
	transactional.id = null
	value.serializer = class io.apicurio.registry.serde.avro.AvroKafkaSerializer

2025-08-12 14:51:27,784 INFO  [org.apa.kaf.com.tel.int.KafkaMetricsCollector] (main) initializing Kafka metrics collector
2025-08-12 14:51:27,795 INFO  [org.apa.kaf.cli.pro.KafkaProducer] (main) [Producer clientId=Producer-topic-ea7e4308_d66c_4c6c_9ba0_842d33be749e] Instantiated an idempotent producer.
2025-08-12 14:51:27,797 INFO  [org.apa.kaf.cli.pro.ProducerConfig] (main) These configurations '[apicurio.registry.url, apicurio.registry.auto-register, apicurio.registry.artifact-resolver-strategy, apicurio.registry.avro-datum-provider]' were supplied but are not used yet.
2025-08-12 14:51:27,797 INFO  [org.apa.kaf.com.uti.AppInfoParser] (main) Kafka version: 3.9.1
2025-08-12 14:51:27,798 INFO  [org.apa.kaf.com.uti.AppInfoParser] (main) Kafka commitId: f745dfdcee2b9851
2025-08-12 14:51:27,798 INFO  [org.apa.kaf.com.uti.AppInfoParser] (main) Kafka startTimeMs: 1755010287797
2025-08-12 14:51:27,798 INFO  [io.api.tes.ser.api.SimpleSerdesTesterBuilder$SimpleSerdesTester] (main) Using producer configuration: {apicurio.registry.url=http://registry-app-mysql.apps.ci419.apicurio-testing.org:80/apis/registry/v3, apicurio.registry.auto-register=true, apicurio.registry.artifact-resolver-strategy=io.apicurio.registry.serde.strategy.TopicIdStrategy, value.serializer=io.apicurio.registry.serde.avro.AvroKafkaSerializer, request.timeout.ms=5000, acks=all, bootstrap.servers=PLAINTEXT://localhost:32769, connections.max.idle.ms=10000, key.serializer=org.apache.kafka.common.serialization.StringSerializer, apicurio.registry.avro-datum-provider=io.apicurio.registry.serde.avro.ReflectAvroDatumProvider, client.id=Producer-topic-ea7e4308_d66c_4c6c_9ba0_842d33be749e}
2025-08-12 14:51:27,798 INFO  [io.api.tes.ser.api.SimpleSerdesTesterBuilder$SimpleSerdesTester] (main) Using consumer configuration: {apicurio.registry.avro-datum-provider=io.apicurio.registry.serde.avro.ReflectAvroDatumProvider}
2025-08-12 14:51:27,799 INFO  [io.api.tes.ser.api.KafkaSerdesTester] (Thread-633) Sending message io.apicurio.tests.common.serdes.TestObject@3dbd29cb to topic topic-ea7e4308_d66c_4c6c_9ba0_842d33be749e
2025-08-12 14:51:27,803 WARN  [org.apa.kaf.cli.NetworkClient] (kafka-producer-network-thread | Producer-topic-ea7e4308_d66c_4c6c_9ba0_842d33be749e) [Producer clientId=Producer-topic-ea7e4308_d66c_4c6c_9ba0_842d33be749e] The metadata response from the cluster reported a recoverable issue with correlation id 1 : {topic-ea7e4308_d66c_4c6c_9ba0_842d33be749e=UNKNOWN_TOPIC_OR_PARTITION}
2025-08-12 14:51:27,803 INFO  [org.apa.kaf.cli.Metadata] (kafka-producer-network-thread | Producer-topic-ea7e4308_d66c_4c6c_9ba0_842d33be749e) [Producer clientId=Producer-topic-ea7e4308_d66c_4c6c_9ba0_842d33be749e] Cluster ID: FMImeSt9THyuSk_CoOu4HQ
2025-08-12 14:51:27,804 INFO  [org.apa.kaf.cli.pro.int.TransactionManager] (kafka-producer-network-thread | Producer-topic-ea7e4308_d66c_4c6c_9ba0_842d33be749e) [Producer clientId=Producer-topic-ea7e4308_d66c_4c6c_9ba0_842d33be749e] ProducerId set to 6 with epoch 0
2025-08-12 14:51:28,107 INFO  [io.api.tes.ser.api.KafkaSerdesTester] (Thread-633) Sending message io.apicurio.tests.common.serdes.TestObject@3dbd29cb to topic topic-ea7e4308_d66c_4c6c_9ba0_842d33be749e
2025-08-12 14:51:28,110 INFO  [io.api.tes.ser.api.KafkaSerdesTester] (Thread-633) Sending message io.apicurio.tests.common.serdes.TestObject@3dbd29cb to topic topic-ea7e4308_d66c_4c6c_9ba0_842d33be749e
2025-08-12 14:51:28,114 INFO  [io.api.tes.ser.api.KafkaSerdesTester] (Thread-633) Sending message io.apicurio.tests.common.serdes.TestObject@3dbd29cb to topic topic-ea7e4308_d66c_4c6c_9ba0_842d33be749e
2025-08-12 14:51:28,117 INFO  [io.api.tes.ser.api.KafkaSerdesTester] (Thread-633) Sending message io.apicurio.tests.common.serdes.TestObject@3dbd29cb to topic topic-ea7e4308_d66c_4c6c_9ba0_842d33be749e
2025-08-12 14:51:28,120 INFO  [io.api.tes.ser.api.KafkaSerdesTester] (Thread-633) Sending message io.apicurio.tests.common.serdes.TestObject@3dbd29cb to topic topic-ea7e4308_d66c_4c6c_9ba0_842d33be749e
2025-08-12 14:51:28,123 INFO  [io.api.tes.ser.api.KafkaSerdesTester] (Thread-633) Sending message io.apicurio.tests.common.serdes.TestObject@3dbd29cb to topic topic-ea7e4308_d66c_4c6c_9ba0_842d33be749e
2025-08-12 14:51:28,125 INFO  [io.api.tes.ser.api.KafkaSerdesTester] (Thread-633) Sending message io.apicurio.tests.common.serdes.TestObject@3dbd29cb to topic topic-ea7e4308_d66c_4c6c_9ba0_842d33be749e
2025-08-12 14:51:28,127 INFO  [io.api.tes.ser.api.KafkaSerdesTester] (Thread-633) Sending message io.apicurio.tests.common.serdes.TestObject@3dbd29cb to topic topic-ea7e4308_d66c_4c6c_9ba0_842d33be749e
2025-08-12 14:51:28,130 INFO  [io.api.tes.ser.api.KafkaSerdesTester] (Thread-633) Sending message io.apicurio.tests.common.serdes.TestObject@3dbd29cb to topic topic-ea7e4308_d66c_4c6c_9ba0_842d33be749e
2025-08-12 14:51:28,132 INFO  [io.api.tes.ser.api.KafkaSerdesTester] (Thread-633) Produced 10 messages
2025-08-12 14:51:28,133 INFO  [org.apa.kaf.cli.pro.KafkaProducer] (Thread-633) [Producer clientId=Producer-topic-ea7e4308_d66c_4c6c_9ba0_842d33be749e] Closing the Kafka producer with timeoutMillis = 9223372036854775807 ms.
2025-08-12 14:51:28,135 INFO  [org.apa.kaf.com.met.Metrics] (Thread-633) Metrics scheduler closed
2025-08-12 14:51:28,135 INFO  [org.apa.kaf.com.met.Metrics] (Thread-633) Closing reporter org.apache.kafka.common.metrics.JmxReporter
2025-08-12 14:51:28,135 INFO  [org.apa.kaf.com.met.Metrics] (Thread-633) Closing reporter org.apache.kafka.common.telemetry.internals.ClientTelemetryReporter
2025-08-12 14:51:28,135 INFO  [org.apa.kaf.com.met.Metrics] (Thread-633) Metrics reporters closed
2025-08-12 14:51:28,136 INFO  [org.apa.kaf.com.uti.AppInfoParser] (Thread-633) App info kafka.producer for Producer-topic-ea7e4308_d66c_4c6c_9ba0_842d33be749e unregistered
**** Registry Base URL: http://registry-app-mysql.apps.ci419.apicurio-testing.org:80
2025-08-12 14:51:28,375 INFO  [org.apa.kaf.cli.con.ConsumerConfig] (main) ConsumerConfig values: 
	allow.auto.create.topics = true
	auto.commit.interval.ms = 500
	auto.include.jmx.reporter = true
	auto.offset.reset = earliest
	bootstrap.servers = [PLAINTEXT://localhost:32769]
	check.crcs = true
	client.dns.lookup = use_all_dns_ips
	client.id = consumer-Consumer-topic-ea7e4308_d66c_4c6c_9ba0_842d33be749e-6
	client.rack = 
	connections.max.idle.ms = 10000
	default.api.timeout.ms = 60000
	enable.auto.commit = true
	enable.metrics.push = true
	exclude.internal.topics = true
	fetch.max.bytes = 52428800
	fetch.max.wait.ms = 500
	fetch.min.bytes = 1
	group.id = Consumer-topic-ea7e4308_d66c_4c6c_9ba0_842d33be749e
	group.instance.id = null
	group.protocol = classic
	group.remote.assignor = null
	heartbeat.interval.ms = 3000
	interceptor.classes = []
	internal.leave.group.on.close = true
	internal.throw.on.fetch.stable.offset.unsupported = false
	isolation.level = read_uncommitted
	key.deserializer = class org.apache.kafka.common.serialization.StringDeserializer
	max.partition.fetch.bytes = 1048576
	max.poll.interval.ms = 300000
	max.poll.records = 500
	metadata.max.age.ms = 300000
	metadata.recovery.strategy = none
	metric.reporters = []
	metrics.num.samples = 2
	metrics.recording.level = INFO
	metrics.sample.window.ms = 30000
	partition.assignment.strategy = [class org.apache.kafka.clients.consumer.RangeAssignor, class org.apache.kafka.clients.consumer.CooperativeStickyAssignor]
	receive.buffer.bytes = 65536
	reconnect.backoff.max.ms = 1000
	reconnect.backoff.ms = 50
	request.timeout.ms = 5000
	retry.backoff.max.ms = 1000
	retry.backoff.ms = 100
	sasl.client.callback.handler.class = null
	sasl.jaas.config = null
	sasl.kerberos.kinit.cmd = /usr/bin/kinit
	sasl.kerberos.min.time.before.relogin = 60000
	sasl.kerberos.service.name = null
	sasl.kerberos.ticket.renew.jitter = 0.05
	sasl.kerberos.ticket.renew.window.factor = 0.8
	sasl.login.callback.handler.class = null
	sasl.login.class = null
	sasl.login.connect.timeout.ms = null
	sasl.login.read.timeout.ms = null
	sasl.login.refresh.buffer.seconds = 300
	sasl.login.refresh.min.period.seconds = 60
	sasl.login.refresh.window.factor = 0.8
	sasl.login.refresh.window.jitter = 0.05
	sasl.login.retry.backoff.max.ms = 10000
	sasl.login.retry.backoff.ms = 100
	sasl.mechanism = GSSAPI
	sasl.oauthbearer.clock.skew.seconds = 30
	sasl.oauthbearer.expected.audience = null
	sasl.oauthbearer.expected.issuer = null
	sasl.oauthbearer.header.urlencode = false
	sasl.oauthbearer.jwks.endpoint.refresh.ms = 3600000
	sasl.oauthbearer.jwks.endpoint.retry.backoff.max.ms = 10000
	sasl.oauthbearer.jwks.endpoint.retry.backoff.ms = 100
	sasl.oauthbearer.jwks.endpoint.url = null
	sasl.oauthbearer.scope.claim.name = scope
	sasl.oauthbearer.sub.claim.name = sub
	sasl.oauthbearer.token.endpoint.url = null
	security.protocol = PLAINTEXT
	security.providers = null
	send.buffer.bytes = 131072
	session.timeout.ms = 45000
	socket.connection.setup.timeout.max.ms = 30000
	socket.connection.setup.timeout.ms = 10000
	ssl.cipher.suites = null
	ssl.enabled.protocols = [TLSv1.2, TLSv1.3]
	ssl.endpoint.identification.algorithm = https
	ssl.engine.factory.class = null
	ssl.key.password = null
	ssl.keymanager.algorithm = SunX509
	ssl.keystore.certificate.chain = null
	ssl.keystore.key = null
	ssl.keystore.location = null
	ssl.keystore.password = null
	ssl.keystore.type = JKS
	ssl.protocol = TLSv1.3
	ssl.provider = null
	ssl.secure.random.implementation = null
	ssl.trustmanager.algorithm = PKIX
	ssl.truststore.certificates = null
	ssl.truststore.location = null
	ssl.truststore.password = null
	ssl.truststore.type = JKS
	value.deserializer = class io.apicurio.registry.serde.avro.AvroKafkaDeserializer

2025-08-12 14:51:28,376 INFO  [org.apa.kaf.com.tel.int.KafkaMetricsCollector] (main) initializing Kafka metrics collector
2025-08-12 14:51:28,383 INFO  [org.apa.kaf.cli.con.ConsumerConfig] (main) These configurations '[apicurio.registry.url, apicurio.registry.avro-datum-provider]' were supplied but are not used yet.
2025-08-12 14:51:28,383 INFO  [org.apa.kaf.com.uti.AppInfoParser] (main) Kafka version: 3.9.1
2025-08-12 14:51:28,383 INFO  [org.apa.kaf.com.uti.AppInfoParser] (main) Kafka commitId: f745dfdcee2b9851
2025-08-12 14:51:28,383 INFO  [org.apa.kaf.com.uti.AppInfoParser] (main) Kafka startTimeMs: 1755010288383
2025-08-12 14:51:28,384 INFO  [org.apa.kaf.cli.con.int.ClassicKafkaConsumer] (Thread-636) [Consumer clientId=consumer-Consumer-topic-ea7e4308_d66c_4c6c_9ba0_842d33be749e-6, groupId=Consumer-topic-ea7e4308_d66c_4c6c_9ba0_842d33be749e] Subscribed to topic(s): topic-ea7e4308_d66c_4c6c_9ba0_842d33be749e
2025-08-12 14:51:28,392 INFO  [org.apa.kaf.cli.Metadata] (Thread-636) [Consumer clientId=consumer-Consumer-topic-ea7e4308_d66c_4c6c_9ba0_842d33be749e-6, groupId=Consumer-topic-ea7e4308_d66c_4c6c_9ba0_842d33be749e] Cluster ID: FMImeSt9THyuSk_CoOu4HQ
2025-08-12 14:51:28,395 INFO  [org.apa.kaf.cli.con.int.ConsumerCoordinator] (Thread-636) [Consumer clientId=consumer-Consumer-topic-ea7e4308_d66c_4c6c_9ba0_842d33be749e-6, groupId=Consumer-topic-ea7e4308_d66c_4c6c_9ba0_842d33be749e] Discovered group coordinator localhost:32769 (id: 2147483647 rack: null)
2025-08-12 14:51:28,397 INFO  [org.apa.kaf.cli.con.int.ConsumerCoordinator] (Thread-636) [Consumer clientId=consumer-Consumer-topic-ea7e4308_d66c_4c6c_9ba0_842d33be749e-6, groupId=Consumer-topic-ea7e4308_d66c_4c6c_9ba0_842d33be749e] (Re-)joining group
2025-08-12 14:51:28,401 INFO  [org.apa.kaf.cli.con.int.ConsumerCoordinator] (Thread-636) [Consumer clientId=consumer-Consumer-topic-ea7e4308_d66c_4c6c_9ba0_842d33be749e-6, groupId=Consumer-topic-ea7e4308_d66c_4c6c_9ba0_842d33be749e] Request joining group due to: need to re-join with the given member-id: consumer-Consumer-topic-ea7e4308_d66c_4c6c_9ba0_842d33be749e-6-33c56eec-20d0-4515-b81e-6b7ffdf079a4
2025-08-12 14:51:28,401 INFO  [org.apa.kaf.cli.con.int.ConsumerCoordinator] (Thread-636) [Consumer clientId=consumer-Consumer-topic-ea7e4308_d66c_4c6c_9ba0_842d33be749e-6, groupId=Consumer-topic-ea7e4308_d66c_4c6c_9ba0_842d33be749e] (Re-)joining group
2025-08-12 14:51:29,384 INFO  [io.api.tes.ser.api.KafkaSerdesTester] (Thread-636) None found
2025-08-12 14:51:30,385 INFO  [io.api.tes.ser.api.KafkaSerdesTester] (Thread-636) None found
2025-08-12 14:51:31,385 INFO  [io.api.tes.ser.api.KafkaSerdesTester] (Thread-636) None found
2025-08-12 14:51:31,404 INFO  [org.apa.kaf.cli.con.int.ConsumerCoordinator] (Thread-636) [Consumer clientId=consumer-Consumer-topic-ea7e4308_d66c_4c6c_9ba0_842d33be749e-6, groupId=Consumer-topic-ea7e4308_d66c_4c6c_9ba0_842d33be749e] Successfully joined group with generation Generation{generationId=1, memberId='consumer-Consumer-topic-ea7e4308_d66c_4c6c_9ba0_842d33be749e-6-33c56eec-20d0-4515-b81e-6b7ffdf079a4', protocol='range'}
2025-08-12 14:51:31,404 INFO  [org.apa.kaf.cli.con.int.ConsumerCoordinator] (Thread-636) [Consumer clientId=consumer-Consumer-topic-ea7e4308_d66c_4c6c_9ba0_842d33be749e-6, groupId=Consumer-topic-ea7e4308_d66c_4c6c_9ba0_842d33be749e] Finished assignment for group at generation 1: {consumer-Consumer-topic-ea7e4308_d66c_4c6c_9ba0_842d33be749e-6-33c56eec-20d0-4515-b81e-6b7ffdf079a4=Assignment(partitions=[topic-ea7e4308_d66c_4c6c_9ba0_842d33be749e-0])}
2025-08-12 14:51:31,413 INFO  [org.apa.kaf.cli.con.int.ConsumerCoordinator] (Thread-636) [Consumer clientId=consumer-Consumer-topic-ea7e4308_d66c_4c6c_9ba0_842d33be749e-6, groupId=Consumer-topic-ea7e4308_d66c_4c6c_9ba0_842d33be749e] Successfully synced group in generation Generation{generationId=1, memberId='consumer-Consumer-topic-ea7e4308_d66c_4c6c_9ba0_842d33be749e-6-33c56eec-20d0-4515-b81e-6b7ffdf079a4', protocol='range'}
2025-08-12 14:51:31,413 INFO  [org.apa.kaf.cli.con.int.ConsumerCoordinator] (Thread-636) [Consumer clientId=consumer-Consumer-topic-ea7e4308_d66c_4c6c_9ba0_842d33be749e-6, groupId=Consumer-topic-ea7e4308_d66c_4c6c_9ba0_842d33be749e] Notifying assignor about the new Assignment(partitions=[topic-ea7e4308_d66c_4c6c_9ba0_842d33be749e-0])
2025-08-12 14:51:31,413 INFO  [org.apa.kaf.cli.con.int.ConsumerRebalanceListenerInvoker] (Thread-636) [Consumer clientId=consumer-Consumer-topic-ea7e4308_d66c_4c6c_9ba0_842d33be749e-6, groupId=Consumer-topic-ea7e4308_d66c_4c6c_9ba0_842d33be749e] Adding newly assigned partitions: topic-ea7e4308_d66c_4c6c_9ba0_842d33be749e-0
2025-08-12 14:51:31,415 INFO  [org.apa.kaf.cli.con.int.ConsumerCoordinator] (Thread-636) [Consumer clientId=consumer-Consumer-topic-ea7e4308_d66c_4c6c_9ba0_842d33be749e-6, groupId=Consumer-topic-ea7e4308_d66c_4c6c_9ba0_842d33be749e] Found no committed offset for partition topic-ea7e4308_d66c_4c6c_9ba0_842d33be749e-0
2025-08-12 14:51:31,417 INFO  [org.apa.kaf.cli.con.int.SubscriptionState] (Thread-636) [Consumer clientId=consumer-Consumer-topic-ea7e4308_d66c_4c6c_9ba0_842d33be749e-6, groupId=Consumer-topic-ea7e4308_d66c_4c6c_9ba0_842d33be749e] Resetting offset for partition topic-ea7e4308_d66c_4c6c_9ba0_842d33be749e-0 to position FetchPosition{offset=0, offsetEpoch=Optional.empty, currentLeader=LeaderAndEpoch{leader=Optional[localhost:32769 (id: 0 rack: null)], epoch=0}}.
2025-08-12 14:51:31,664 INFO  [io.api.tes.ser.api.KafkaSerdesTester] (Thread-636) topic-ea7e4308_d66c_4c6c_9ba0_842d33be749e 0 0 io.apicurio.tests.common.serdes.TestObject@3dbd29cb
2025-08-12 14:51:31,664 INFO  [io.api.tes.ser.api.KafkaSerdesTester] (Thread-636) topic-ea7e4308_d66c_4c6c_9ba0_842d33be749e 0 1 io.apicurio.tests.common.serdes.TestObject@3dbd29cb
2025-08-12 14:51:31,664 INFO  [io.api.tes.ser.api.KafkaSerdesTester] (Thread-636) topic-ea7e4308_d66c_4c6c_9ba0_842d33be749e 0 2 io.apicurio.tests.common.serdes.TestObject@3dbd29cb
2025-08-12 14:51:31,665 INFO  [io.api.tes.ser.api.KafkaSerdesTester] (Thread-636) topic-ea7e4308_d66c_4c6c_9ba0_842d33be749e 0 3 io.apicurio.tests.common.serdes.TestObject@3dbd29cb
2025-08-12 14:51:31,665 INFO  [io.api.tes.ser.api.KafkaSerdesTester] (Thread-636) topic-ea7e4308_d66c_4c6c_9ba0_842d33be749e 0 4 io.apicurio.tests.common.serdes.TestObject@3dbd29cb
2025-08-12 14:51:31,665 INFO  [io.api.tes.ser.api.KafkaSerdesTester] (Thread-636) topic-ea7e4308_d66c_4c6c_9ba0_842d33be749e 0 5 io.apicurio.tests.common.serdes.TestObject@3dbd29cb
2025-08-12 14:51:31,665 INFO  [io.api.tes.ser.api.KafkaSerdesTester] (Thread-636) topic-ea7e4308_d66c_4c6c_9ba0_842d33be749e 0 6 io.apicurio.tests.common.serdes.TestObject@3dbd29cb
2025-08-12 14:51:31,665 INFO  [io.api.tes.ser.api.KafkaSerdesTester] (Thread-636) topic-ea7e4308_d66c_4c6c_9ba0_842d33be749e 0 7 io.apicurio.tests.common.serdes.TestObject@3dbd29cb
2025-08-12 14:51:31,665 INFO  [io.api.tes.ser.api.KafkaSerdesTester] (Thread-636) topic-ea7e4308_d66c_4c6c_9ba0_842d33be749e 0 8 io.apicurio.tests.common.serdes.TestObject@3dbd29cb
2025-08-12 14:51:31,665 INFO  [io.api.tes.ser.api.KafkaSerdesTester] (Thread-636) topic-ea7e4308_d66c_4c6c_9ba0_842d33be749e 0 9 io.apicurio.tests.common.serdes.TestObject@3dbd29cb
2025-08-12 14:51:31,665 INFO  [io.api.tes.ser.api.KafkaSerdesTester] (Thread-636) Consumed 10 messages
2025-08-12 14:51:31,674 INFO  [org.apa.kaf.cli.con.int.ConsumerRebalanceListenerInvoker] (Thread-636) [Consumer clientId=consumer-Consumer-topic-ea7e4308_d66c_4c6c_9ba0_842d33be749e-6, groupId=Consumer-topic-ea7e4308_d66c_4c6c_9ba0_842d33be749e] Revoke previously assigned partitions topic-ea7e4308_d66c_4c6c_9ba0_842d33be749e-0
2025-08-12 14:51:31,674 INFO  [org.apa.kaf.cli.con.int.ConsumerCoordinator] (Thread-636) [Consumer clientId=consumer-Consumer-topic-ea7e4308_d66c_4c6c_9ba0_842d33be749e-6, groupId=Consumer-topic-ea7e4308_d66c_4c6c_9ba0_842d33be749e] Member consumer-Consumer-topic-ea7e4308_d66c_4c6c_9ba0_842d33be749e-6-33c56eec-20d0-4515-b81e-6b7ffdf079a4 sending LeaveGroup request to coordinator localhost:32769 (id: 2147483647 rack: null) due to the consumer is being closed
2025-08-12 14:51:31,674 INFO  [org.apa.kaf.cli.con.int.ConsumerCoordinator] (Thread-636) [Consumer clientId=consumer-Consumer-topic-ea7e4308_d66c_4c6c_9ba0_842d33be749e-6, groupId=Consumer-topic-ea7e4308_d66c_4c6c_9ba0_842d33be749e] Resetting generation and member id due to: consumer pro-actively leaving the group
2025-08-12 14:51:31,674 INFO  [org.apa.kaf.cli.con.int.ConsumerCoordinator] (Thread-636) [Consumer clientId=consumer-Consumer-topic-ea7e4308_d66c_4c6c_9ba0_842d33be749e-6, groupId=Consumer-topic-ea7e4308_d66c_4c6c_9ba0_842d33be749e] Request joining group due to: consumer pro-actively leaving the group
2025-08-12 14:51:32,167 INFO  [org.apa.kaf.com.met.Metrics] (Thread-636) Metrics scheduler closed
2025-08-12 14:51:32,168 INFO  [org.apa.kaf.com.met.Metrics] (Thread-636) Closing reporter org.apache.kafka.common.metrics.JmxReporter
2025-08-12 14:51:32,168 INFO  [org.apa.kaf.com.met.Metrics] (Thread-636) Closing reporter org.apache.kafka.common.telemetry.internals.ClientTelemetryReporter
2025-08-12 14:51:32,168 INFO  [org.apa.kaf.com.met.Metrics] (Thread-636) Metrics reporters closed
2025-08-12 14:51:32,170 INFO  [org.apa.kaf.com.uti.AppInfoParser] (Thread-636) App info kafka.consumer for consumer-Consumer-topic-ea7e4308_d66c_4c6c_9ba0_842d33be749e-6 unregistered
2025-08-12 14:51:32,171 INFO  [io.api.tes.uti.TestSeparator] (main) io.apicurio.tests.serdes.apicurio.AvroSerdeIT.testReflectAutoRegister-FINISHED
2025-08-12 14:51:32,171 INFO  [io.api.tes.uti.TestSeparator] (main) ############################################################################
Test passed: testReflectAutoRegister
]]></system-out>
  </testcase>
  <testcase name="testArtifactNotFound" classname="io.apicurio.tests.serdes.apicurio.AvroSerdeIT" time="0.525">
    <system-out><![CDATA[2025-08-12 14:51:32,173 INFO  [io.api.tes.uti.TestSeparator] (main) ############################################################################
2025-08-12 14:51:32,174 INFO  [io.api.tes.uti.TestSeparator] (main) io.apicurio.tests.serdes.apicurio.AvroSerdeIT.testArtifactNotFound-STARTED
**** Registry Base URL: http://registry-app-mysql.apps.ci419.apicurio-testing.org:80
2025-08-12 14:51:32,175 INFO  [org.apa.kaf.cli.pro.ProducerConfig] (main) ProducerConfig values: 
	acks = -1
	auto.include.jmx.reporter = true
	batch.size = 16384
	bootstrap.servers = [PLAINTEXT://localhost:32769]
	buffer.memory = 33554432
	client.dns.lookup = use_all_dns_ips
	client.id = Producer-s809b343ex67d6x4788x8f63xd042e24cbc3e
	compression.gzip.level = -1
	compression.lz4.level = 9
	compression.type = none
	compression.zstd.level = 3
	connections.max.idle.ms = 10000
	delivery.timeout.ms = 120000
	enable.idempotence = true
	enable.metrics.push = true
	interceptor.classes = []
	key.serializer = class org.apache.kafka.common.serialization.StringSerializer
	linger.ms = 0
	max.block.ms = 60000
	max.in.flight.requests.per.connection = 5
	max.request.size = 1048576
	metadata.max.age.ms = 300000
	metadata.max.idle.ms = 300000
	metadata.recovery.strategy = none
	metric.reporters = []
	metrics.num.samples = 2
	metrics.recording.level = INFO
	metrics.sample.window.ms = 30000
	partitioner.adaptive.partitioning.enable = true
	partitioner.availability.timeout.ms = 0
	partitioner.class = null
	partitioner.ignore.keys = false
	receive.buffer.bytes = 32768
	reconnect.backoff.max.ms = 1000
	reconnect.backoff.ms = 50
	request.timeout.ms = 5000
	retries = 2147483647
	retry.backoff.max.ms = 1000
	retry.backoff.ms = 100
	sasl.client.callback.handler.class = null
	sasl.jaas.config = null
	sasl.kerberos.kinit.cmd = /usr/bin/kinit
	sasl.kerberos.min.time.before.relogin = 60000
	sasl.kerberos.service.name = null
	sasl.kerberos.ticket.renew.jitter = 0.05
	sasl.kerberos.ticket.renew.window.factor = 0.8
	sasl.login.callback.handler.class = null
	sasl.login.class = null
	sasl.login.connect.timeout.ms = null
	sasl.login.read.timeout.ms = null
	sasl.login.refresh.buffer.seconds = 300
	sasl.login.refresh.min.period.seconds = 60
	sasl.login.refresh.window.factor = 0.8
	sasl.login.refresh.window.jitter = 0.05
	sasl.login.retry.backoff.max.ms = 10000
	sasl.login.retry.backoff.ms = 100
	sasl.mechanism = GSSAPI
	sasl.oauthbearer.clock.skew.seconds = 30
	sasl.oauthbearer.expected.audience = null
	sasl.oauthbearer.expected.issuer = null
	sasl.oauthbearer.header.urlencode = false
	sasl.oauthbearer.jwks.endpoint.refresh.ms = 3600000
	sasl.oauthbearer.jwks.endpoint.retry.backoff.max.ms = 10000
	sasl.oauthbearer.jwks.endpoint.retry.backoff.ms = 100
	sasl.oauthbearer.jwks.endpoint.url = null
	sasl.oauthbearer.scope.claim.name = scope
	sasl.oauthbearer.sub.claim.name = sub
	sasl.oauthbearer.token.endpoint.url = null
	security.protocol = PLAINTEXT
	security.providers = null
	send.buffer.bytes = 131072
	socket.connection.setup.timeout.max.ms = 30000
	socket.connection.setup.timeout.ms = 10000
	ssl.cipher.suites = null
	ssl.enabled.protocols = [TLSv1.2, TLSv1.3]
	ssl.endpoint.identification.algorithm = https
	ssl.engine.factory.class = null
	ssl.key.password = null
	ssl.keymanager.algorithm = SunX509
	ssl.keystore.certificate.chain = null
	ssl.keystore.key = null
	ssl.keystore.location = null
	ssl.keystore.password = null
	ssl.keystore.type = JKS
	ssl.protocol = TLSv1.3
	ssl.provider = null
	ssl.secure.random.implementation = null
	ssl.trustmanager.algorithm = PKIX
	ssl.truststore.certificates = null
	ssl.truststore.location = null
	ssl.truststore.password = null
	ssl.truststore.type = JKS
	transaction.timeout.ms = 60000
	transactional.id = null
	value.serializer = class io.apicurio.registry.serde.avro.AvroKafkaSerializer

2025-08-12 14:51:32,175 INFO  [org.apa.kaf.com.tel.int.KafkaMetricsCollector] (main) initializing Kafka metrics collector
2025-08-12 14:51:32,182 INFO  [org.apa.kaf.cli.pro.KafkaProducer] (main) [Producer clientId=Producer-s809b343ex67d6x4788x8f63xd042e24cbc3e] Instantiated an idempotent producer.
2025-08-12 14:51:32,186 INFO  [org.apa.kaf.cli.pro.ProducerConfig] (main) These configurations '[apicurio.registry.url, apicurio.registry.artifact-resolver-strategy]' were supplied but are not used yet.
2025-08-12 14:51:32,186 INFO  [org.apa.kaf.com.uti.AppInfoParser] (main) Kafka version: 3.9.1
2025-08-12 14:51:32,186 INFO  [org.apa.kaf.com.uti.AppInfoParser] (main) Kafka commitId: f745dfdcee2b9851
2025-08-12 14:51:32,186 INFO  [org.apa.kaf.com.uti.AppInfoParser] (main) Kafka startTimeMs: 1755010292186
2025-08-12 14:51:32,187 INFO  [io.api.tes.ser.api.KafkaSerdesTester] (Thread-639) Sending message {"keyB": "value-0"} to topic s809b343ex67d6x4788x8f63xd042e24cbc3e
2025-08-12 14:51:32,191 WARN  [org.apa.kaf.cli.NetworkClient] (kafka-producer-network-thread | Producer-s809b343ex67d6x4788x8f63xd042e24cbc3e) [Producer clientId=Producer-s809b343ex67d6x4788x8f63xd042e24cbc3e] The metadata response from the cluster reported a recoverable issue with correlation id 1 : {s809b343ex67d6x4788x8f63xd042e24cbc3e=UNKNOWN_TOPIC_OR_PARTITION}
2025-08-12 14:51:32,191 INFO  [org.apa.kaf.cli.Metadata] (kafka-producer-network-thread | Producer-s809b343ex67d6x4788x8f63xd042e24cbc3e) [Producer clientId=Producer-s809b343ex67d6x4788x8f63xd042e24cbc3e] Cluster ID: FMImeSt9THyuSk_CoOu4HQ
2025-08-12 14:51:32,191 INFO  [org.apa.kaf.cli.pro.int.TransactionManager] (kafka-producer-network-thread | Producer-s809b343ex67d6x4788x8f63xd042e24cbc3e) [Producer clientId=Producer-s809b343ex67d6x4788x8f63xd042e24cbc3e] ProducerId set to 7 with epoch 0
2025-08-12 14:51:32,315 INFO  [DefaultSchemaResolver] (Thread-639) Retrieving schema content using string: {"type":"record","name":"myrecord","namespace":"mygroup","fields":[{"name":"keyB","type":"string"}]}
2025-08-12 14:51:32,693 INFO  [org.apa.kaf.cli.pro.KafkaProducer] (Thread-639) [Producer clientId=Producer-s809b343ex67d6x4788x8f63xd042e24cbc3e] Closing the Kafka producer with timeoutMillis = 9223372036854775807 ms.
2025-08-12 14:51:32,695 INFO  [org.apa.kaf.com.met.Metrics] (Thread-639) Metrics scheduler closed
2025-08-12 14:51:32,696 INFO  [org.apa.kaf.com.met.Metrics] (Thread-639) Closing reporter org.apache.kafka.common.metrics.JmxReporter
2025-08-12 14:51:32,696 INFO  [org.apa.kaf.com.met.Metrics] (Thread-639) Closing reporter org.apache.kafka.common.telemetry.internals.ClientTelemetryReporter
2025-08-12 14:51:32,696 INFO  [org.apa.kaf.com.met.Metrics] (Thread-639) Metrics reporters closed
2025-08-12 14:51:32,696 INFO  [org.apa.kaf.com.uti.AppInfoParser] (Thread-639) App info kafka.producer for Producer-s809b343ex67d6x4788x8f63xd042e24cbc3e unregistered
2025-08-12 14:51:32,697 INFO  [io.api.tes.uti.TestSeparator] (main) io.apicurio.tests.serdes.apicurio.AvroSerdeIT.testArtifactNotFound-FINISHED
2025-08-12 14:51:32,697 INFO  [io.api.tes.uti.TestSeparator] (main) ############################################################################
Test passed: testArtifactNotFound
]]></system-out>
    <system-err><![CDATA[java.lang.RuntimeException: Could not resolve artifact reference by content: {"type":"record","name":"myrecord","namespace":"mygroup","fields":[{"name":"keyB","type":"string"}]}&ArtifactReference [groupId=default, artifactId=s809b343ex67d6x4788x8f63xd042e24cbc3e-value, version=null, globalId=null, contentId=null, contentHash=null]
	at io.apicurio.registry.resolver.DefaultSchemaResolver.lambda$handleResolveSchemaByContent$3(DefaultSchemaResolver.java:265)
	at io.apicurio.registry.resolver.cache.ERCache.lambda$getValue$0(ERCache.java:174)
	at io.apicurio.registry.resolver.cache.ERCache.retry(ERCache.java:227)
	at io.apicurio.registry.resolver.cache.ERCache.getValue(ERCache.java:173)
	at io.apicurio.registry.resolver.cache.ERCache.getByContent(ERCache.java:147)
	at io.apicurio.registry.resolver.DefaultSchemaResolver.handleResolveSchemaByContent(DefaultSchemaResolver.java:253)
	at io.apicurio.registry.resolver.DefaultSchemaResolver.getSchemaFromRegistry(DefaultSchemaResolver.java:138)
	at io.apicurio.registry.resolver.DefaultSchemaResolver.lambda$resolveSchema$0(DefaultSchemaResolver.java:84)
	at java.base/java.util.Optional.orElseGet(Optional.java:364)
	at io.apicurio.registry.resolver.DefaultSchemaResolver.resolveSchema(DefaultSchemaResolver.java:84)
	at io.apicurio.registry.serde.AbstractSerializer.serializeData(AbstractSerializer.java:62)
	at io.apicurio.registry.serde.KafkaSerializer.serialize(KafkaSerializer.java:77)
	at org.apache.kafka.clients.producer.KafkaProducer.doSend(KafkaProducer.java:1046)
	at org.apache.kafka.clients.producer.KafkaProducer.send(KafkaProducer.java:993)
	at org.apache.kafka.clients.producer.KafkaProducer.send(KafkaProducer.java:875)
	at io.apicurio.tests.serdes.apicurio.KafkaSerdesTester.lambda$produceMessages$3(KafkaSerdesTester.java:138)
	at java.base/java.util.concurrent.CompletableFuture$AsyncSupply.run(CompletableFuture.java:1768)
	at java.base/java.lang.Thread.run(Thread.java:840)
]]></system-err>
  </testcase>
  <testcase name="testAvroSerDesFailDifferentSchemaByRecordName" classname="io.apicurio.tests.serdes.apicurio.AvroSerdeIT" time="1.616">
    <system-out><![CDATA[2025-08-12 14:51:32,698 INFO  [io.api.tes.uti.TestSeparator] (main) ############################################################################
2025-08-12 14:51:32,698 INFO  [io.api.tes.uti.TestSeparator] (main) io.apicurio.tests.serdes.apicurio.AvroSerdeIT.testAvroSerDesFailDifferentSchemaByRecordName-STARTED
**** Registry Base URL: http://registry-app-mysql.apps.ci419.apicurio-testing.org:80
2025-08-12 14:51:34,136 INFO  [org.apa.kaf.cli.pro.ProducerConfig] (main) ProducerConfig values: 
	acks = -1
	auto.include.jmx.reporter = true
	batch.size = 16384
	bootstrap.servers = [PLAINTEXT://localhost:32769]
	buffer.memory = 33554432
	client.dns.lookup = use_all_dns_ips
	client.id = Producer-topic-8ad77b4e_63b4_417a_87a5_a64a36cf75df
	compression.gzip.level = -1
	compression.lz4.level = 9
	compression.type = none
	compression.zstd.level = 3
	connections.max.idle.ms = 10000
	delivery.timeout.ms = 120000
	enable.idempotence = true
	enable.metrics.push = true
	interceptor.classes = []
	key.serializer = class org.apache.kafka.common.serialization.StringSerializer
	linger.ms = 0
	max.block.ms = 60000
	max.in.flight.requests.per.connection = 5
	max.request.size = 1048576
	metadata.max.age.ms = 300000
	metadata.max.idle.ms = 300000
	metadata.recovery.strategy = none
	metric.reporters = []
	metrics.num.samples = 2
	metrics.recording.level = INFO
	metrics.sample.window.ms = 30000
	partitioner.adaptive.partitioning.enable = true
	partitioner.availability.timeout.ms = 0
	partitioner.class = null
	partitioner.ignore.keys = false
	receive.buffer.bytes = 32768
	reconnect.backoff.max.ms = 1000
	reconnect.backoff.ms = 50
	request.timeout.ms = 5000
	retries = 2147483647
	retry.backoff.max.ms = 1000
	retry.backoff.ms = 100
	sasl.client.callback.handler.class = null
	sasl.jaas.config = null
	sasl.kerberos.kinit.cmd = /usr/bin/kinit
	sasl.kerberos.min.time.before.relogin = 60000
	sasl.kerberos.service.name = null
	sasl.kerberos.ticket.renew.jitter = 0.05
	sasl.kerberos.ticket.renew.window.factor = 0.8
	sasl.login.callback.handler.class = null
	sasl.login.class = null
	sasl.login.connect.timeout.ms = null
	sasl.login.read.timeout.ms = null
	sasl.login.refresh.buffer.seconds = 300
	sasl.login.refresh.min.period.seconds = 60
	sasl.login.refresh.window.factor = 0.8
	sasl.login.refresh.window.jitter = 0.05
	sasl.login.retry.backoff.max.ms = 10000
	sasl.login.retry.backoff.ms = 100
	sasl.mechanism = GSSAPI
	sasl.oauthbearer.clock.skew.seconds = 30
	sasl.oauthbearer.expected.audience = null
	sasl.oauthbearer.expected.issuer = null
	sasl.oauthbearer.header.urlencode = false
	sasl.oauthbearer.jwks.endpoint.refresh.ms = 3600000
	sasl.oauthbearer.jwks.endpoint.retry.backoff.max.ms = 10000
	sasl.oauthbearer.jwks.endpoint.retry.backoff.ms = 100
	sasl.oauthbearer.jwks.endpoint.url = null
	sasl.oauthbearer.scope.claim.name = scope
	sasl.oauthbearer.sub.claim.name = sub
	sasl.oauthbearer.token.endpoint.url = null
	security.protocol = PLAINTEXT
	security.providers = null
	send.buffer.bytes = 131072
	socket.connection.setup.timeout.max.ms = 30000
	socket.connection.setup.timeout.ms = 10000
	ssl.cipher.suites = null
	ssl.enabled.protocols = [TLSv1.2, TLSv1.3]
	ssl.endpoint.identification.algorithm = https
	ssl.engine.factory.class = null
	ssl.key.password = null
	ssl.keymanager.algorithm = SunX509
	ssl.keystore.certificate.chain = null
	ssl.keystore.key = null
	ssl.keystore.location = null
	ssl.keystore.password = null
	ssl.keystore.type = JKS
	ssl.protocol = TLSv1.3
	ssl.provider = null
	ssl.secure.random.implementation = null
	ssl.trustmanager.algorithm = PKIX
	ssl.truststore.certificates = null
	ssl.truststore.location = null
	ssl.truststore.password = null
	ssl.truststore.type = JKS
	transaction.timeout.ms = 60000
	transactional.id = null
	value.serializer = class io.apicurio.registry.serde.avro.AvroKafkaSerializer

2025-08-12 14:51:34,137 INFO  [org.apa.kaf.com.tel.int.KafkaMetricsCollector] (main) initializing Kafka metrics collector
2025-08-12 14:51:34,140 INFO  [org.apa.kaf.cli.pro.KafkaProducer] (main) [Producer clientId=Producer-topic-8ad77b4e_63b4_417a_87a5_a64a36cf75df] Instantiated an idempotent producer.
2025-08-12 14:51:34,143 INFO  [org.apa.kaf.cli.pro.ProducerConfig] (main) These configurations '[apicurio.registry.find-latest, apicurio.registry.url, apicurio.registry.artifact-resolver-strategy]' were supplied but are not used yet.
2025-08-12 14:51:34,143 INFO  [org.apa.kaf.com.uti.AppInfoParser] (main) Kafka version: 3.9.1
2025-08-12 14:51:34,143 INFO  [org.apa.kaf.com.uti.AppInfoParser] (main) Kafka commitId: f745dfdcee2b9851
2025-08-12 14:51:34,143 INFO  [org.apa.kaf.com.uti.AppInfoParser] (main) Kafka startTimeMs: 1755010294143
2025-08-12 14:51:34,145 INFO  [io.api.tes.ser.api.KafkaSerdesTester] (Thread-642) Sending message {"keyB": "value-0"} to topic topic-8ad77b4e_63b4_417a_87a5_a64a36cf75df
2025-08-12 14:51:34,149 INFO  [org.apa.kaf.cli.Metadata] (kafka-producer-network-thread | Producer-topic-8ad77b4e_63b4_417a_87a5_a64a36cf75df) [Producer clientId=Producer-topic-8ad77b4e_63b4_417a_87a5_a64a36cf75df] Cluster ID: FMImeSt9THyuSk_CoOu4HQ
2025-08-12 14:51:34,150 INFO  [org.apa.kaf.cli.pro.int.TransactionManager] (kafka-producer-network-thread | Producer-topic-8ad77b4e_63b4_417a_87a5_a64a36cf75df) [Producer clientId=Producer-topic-8ad77b4e_63b4_417a_87a5_a64a36cf75df] ProducerId set to 8 with epoch 0
2025-08-12 14:51:34,311 INFO  [org.apa.kaf.cli.pro.KafkaProducer] (Thread-642) [Producer clientId=Producer-topic-8ad77b4e_63b4_417a_87a5_a64a36cf75df] Closing the Kafka producer with timeoutMillis = 9223372036854775807 ms.
2025-08-12 14:51:34,312 INFO  [org.apa.kaf.com.met.Metrics] (Thread-642) Metrics scheduler closed
2025-08-12 14:51:34,312 INFO  [org.apa.kaf.com.met.Metrics] (Thread-642) Closing reporter org.apache.kafka.common.metrics.JmxReporter
2025-08-12 14:51:34,312 INFO  [org.apa.kaf.com.met.Metrics] (Thread-642) Closing reporter org.apache.kafka.common.telemetry.internals.ClientTelemetryReporter
2025-08-12 14:51:34,313 INFO  [org.apa.kaf.com.met.Metrics] (Thread-642) Metrics reporters closed
2025-08-12 14:51:34,313 INFO  [org.apa.kaf.com.uti.AppInfoParser] (Thread-642) App info kafka.producer for Producer-topic-8ad77b4e_63b4_417a_87a5_a64a36cf75df unregistered
2025-08-12 14:51:34,313 INFO  [io.api.tes.uti.TestSeparator] (main) io.apicurio.tests.serdes.apicurio.AvroSerdeIT.testAvroSerDesFailDifferentSchemaByRecordName-FINISHED
2025-08-12 14:51:34,313 INFO  [io.api.tes.uti.TestSeparator] (main) ############################################################################
Test passed: testAvroSerDesFailDifferentSchemaByRecordName
]]></system-out>
    <system-err><![CDATA[io.apicurio.registry.rest.client.models.ProblemDetails
	at io.apicurio.registry.rest.client.models.ProblemDetails.createFromDiscriminatorValue(ProblemDetails.java:58)
	at io.kiota.serialization.json.JsonParseNode.getObjectValue(JsonParseNode.java:247)
	at io.kiota.http.vertx.VertXRequestAdapter.lambda$throwIfFailedResponse$0(VertXRequestAdapter.java:400)
	at com.microsoft.kiota.ApiExceptionBuilder.<init>(ApiExceptionBuilder.java:26)
	at io.kiota.http.vertx.VertXRequestAdapter.throwIfFailedResponse(VertXRequestAdapter.java:399)
	at io.kiota.http.vertx.VertXRequestAdapter.send(VertXRequestAdapter.java:170)
	at io.apicurio.registry.rest.client.groups.item.artifacts.item.versions.item.WithVersionExpressionItemRequestBuilder.get(WithVersionExpressionItemRequestBuilder.java:128)
	at io.apicurio.registry.rest.client.groups.item.artifacts.item.versions.item.WithVersionExpressionItemRequestBuilder.get(WithVersionExpressionItemRequestBuilder.java:111)
	at io.apicurio.registry.resolver.client.RegistryClientFacadeImpl.getVersionCoordinatesByGAV(RegistryClientFacadeImpl.java:159)
	at io.apicurio.registry.resolver.DefaultSchemaResolver.resolveByCoordinates(DefaultSchemaResolver.java:352)
	at io.apicurio.registry.resolver.DefaultSchemaResolver.lambda$resolveSchemaByArtifactReferenceCached$6(DefaultSchemaResolver.java:340)
	at io.apicurio.registry.resolver.cache.ERCache.lambda$getValue$0(ERCache.java:174)
	at io.apicurio.registry.resolver.cache.ERCache.retry(ERCache.java:227)
	at io.apicurio.registry.resolver.cache.ERCache.getValue(ERCache.java:173)
	at io.apicurio.registry.resolver.cache.ERCache.getByArtifactCoordinates(ERCache.java:158)
	at io.apicurio.registry.resolver.DefaultSchemaResolver.resolveSchemaByArtifactReferenceCached(DefaultSchemaResolver.java:338)
	at io.apicurio.registry.resolver.DefaultSchemaResolver.resolveSchemaByCoordinates(DefaultSchemaResolver.java:193)
	at io.apicurio.registry.resolver.DefaultSchemaResolver.getSchemaFromRegistry(DefaultSchemaResolver.java:130)
	at io.apicurio.registry.resolver.DefaultSchemaResolver.lambda$resolveSchema$0(DefaultSchemaResolver.java:84)
	at java.base/java.util.Optional.orElseGet(Optional.java:364)
	at io.apicurio.registry.resolver.DefaultSchemaResolver.resolveSchema(DefaultSchemaResolver.java:84)
	at io.apicurio.registry.serde.AbstractSerializer.serializeData(AbstractSerializer.java:62)
	at io.apicurio.registry.serde.KafkaSerializer.serialize(KafkaSerializer.java:77)
	at org.apache.kafka.clients.producer.KafkaProducer.doSend(KafkaProducer.java:1046)
	at org.apache.kafka.clients.producer.KafkaProducer.send(KafkaProducer.java:993)
	at org.apache.kafka.clients.producer.KafkaProducer.send(KafkaProducer.java:875)
	at io.apicurio.tests.serdes.apicurio.KafkaSerdesTester.lambda$produceMessages$3(KafkaSerdesTester.java:138)
	at java.base/java.util.concurrent.CompletableFuture$AsyncSupply.run(CompletableFuture.java:1768)
	at java.base/java.lang.Thread.run(Thread.java:840)
]]></system-err>
  </testcase>
  <testcase name="testTopicIdStrategyFindLatest" classname="io.apicurio.tests.serdes.apicurio.AvroSerdeIT" time="5.432">
    <system-out><![CDATA[2025-08-12 14:51:34,315 INFO  [io.api.tes.uti.TestSeparator] (main) ############################################################################
2025-08-12 14:51:34,315 INFO  [io.api.tes.uti.TestSeparator] (main) io.apicurio.tests.serdes.apicurio.AvroSerdeIT.testTopicIdStrategyFindLatest-STARTED
2025-08-12 14:51:34,322 INFO  [io.api.tes.ser.api.AvroSerdeIT] (main) Registering Avro Schema: {"type":"record","name":"myrecordapicurio1","fields":[{"name":"key11755010294315","type":"string"}]}
**** Registry Base URL: http://registry-app-mysql.apps.ci419.apicurio-testing.org:80
2025-08-12 14:51:35,511 INFO  [org.apa.kaf.cli.pro.ProducerConfig] (main) ProducerConfig values: 
	acks = -1
	auto.include.jmx.reporter = true
	batch.size = 16384
	bootstrap.servers = [PLAINTEXT://localhost:32769]
	buffer.memory = 33554432
	client.dns.lookup = use_all_dns_ips
	client.id = Producer-topic-e59ae589_b161_40c3_966b_85c160776b2b
	compression.gzip.level = -1
	compression.lz4.level = 9
	compression.type = none
	compression.zstd.level = 3
	connections.max.idle.ms = 10000
	delivery.timeout.ms = 120000
	enable.idempotence = true
	enable.metrics.push = true
	interceptor.classes = []
	key.serializer = class org.apache.kafka.common.serialization.StringSerializer
	linger.ms = 0
	max.block.ms = 60000
	max.in.flight.requests.per.connection = 5
	max.request.size = 1048576
	metadata.max.age.ms = 300000
	metadata.max.idle.ms = 300000
	metadata.recovery.strategy = none
	metric.reporters = []
	metrics.num.samples = 2
	metrics.recording.level = INFO
	metrics.sample.window.ms = 30000
	partitioner.adaptive.partitioning.enable = true
	partitioner.availability.timeout.ms = 0
	partitioner.class = null
	partitioner.ignore.keys = false
	receive.buffer.bytes = 32768
	reconnect.backoff.max.ms = 1000
	reconnect.backoff.ms = 50
	request.timeout.ms = 5000
	retries = 2147483647
	retry.backoff.max.ms = 1000
	retry.backoff.ms = 100
	sasl.client.callback.handler.class = null
	sasl.jaas.config = null
	sasl.kerberos.kinit.cmd = /usr/bin/kinit
	sasl.kerberos.min.time.before.relogin = 60000
	sasl.kerberos.service.name = null
	sasl.kerberos.ticket.renew.jitter = 0.05
	sasl.kerberos.ticket.renew.window.factor = 0.8
	sasl.login.callback.handler.class = null
	sasl.login.class = null
	sasl.login.connect.timeout.ms = null
	sasl.login.read.timeout.ms = null
	sasl.login.refresh.buffer.seconds = 300
	sasl.login.refresh.min.period.seconds = 60
	sasl.login.refresh.window.factor = 0.8
	sasl.login.refresh.window.jitter = 0.05
	sasl.login.retry.backoff.max.ms = 10000
	sasl.login.retry.backoff.ms = 100
	sasl.mechanism = GSSAPI
	sasl.oauthbearer.clock.skew.seconds = 30
	sasl.oauthbearer.expected.audience = null
	sasl.oauthbearer.expected.issuer = null
	sasl.oauthbearer.header.urlencode = false
	sasl.oauthbearer.jwks.endpoint.refresh.ms = 3600000
	sasl.oauthbearer.jwks.endpoint.retry.backoff.max.ms = 10000
	sasl.oauthbearer.jwks.endpoint.retry.backoff.ms = 100
	sasl.oauthbearer.jwks.endpoint.url = null
	sasl.oauthbearer.scope.claim.name = scope
	sasl.oauthbearer.sub.claim.name = sub
	sasl.oauthbearer.token.endpoint.url = null
	security.protocol = PLAINTEXT
	security.providers = null
	send.buffer.bytes = 131072
	socket.connection.setup.timeout.max.ms = 30000
	socket.connection.setup.timeout.ms = 10000
	ssl.cipher.suites = null
	ssl.enabled.protocols = [TLSv1.2, TLSv1.3]
	ssl.endpoint.identification.algorithm = https
	ssl.engine.factory.class = null
	ssl.key.password = null
	ssl.keymanager.algorithm = SunX509
	ssl.keystore.certificate.chain = null
	ssl.keystore.key = null
	ssl.keystore.location = null
	ssl.keystore.password = null
	ssl.keystore.type = JKS
	ssl.protocol = TLSv1.3
	ssl.provider = null
	ssl.secure.random.implementation = null
	ssl.trustmanager.algorithm = PKIX
	ssl.truststore.certificates = null
	ssl.truststore.location = null
	ssl.truststore.password = null
	ssl.truststore.type = JKS
	transaction.timeout.ms = 60000
	transactional.id = null
	value.serializer = class io.apicurio.registry.serde.avro.AvroKafkaSerializer

2025-08-12 14:51:35,512 INFO  [org.apa.kaf.com.tel.int.KafkaMetricsCollector] (main) initializing Kafka metrics collector
2025-08-12 14:51:35,515 INFO  [org.apa.kaf.cli.pro.KafkaProducer] (main) [Producer clientId=Producer-topic-e59ae589_b161_40c3_966b_85c160776b2b] Instantiated an idempotent producer.
2025-08-12 14:51:35,517 INFO  [org.apa.kaf.cli.pro.ProducerConfig] (main) These configurations '[apicurio.registry.find-latest, apicurio.registry.url, apicurio.registry.artifact-resolver-strategy]' were supplied but are not used yet.
2025-08-12 14:51:35,517 INFO  [org.apa.kaf.com.uti.AppInfoParser] (main) Kafka version: 3.9.1
2025-08-12 14:51:35,517 INFO  [org.apa.kaf.com.uti.AppInfoParser] (main) Kafka commitId: f745dfdcee2b9851
2025-08-12 14:51:35,517 INFO  [org.apa.kaf.com.uti.AppInfoParser] (main) Kafka startTimeMs: 1755010295517
2025-08-12 14:51:35,517 INFO  [io.api.tes.ser.api.SimpleSerdesTesterBuilder$SimpleSerdesTester] (main) Using producer configuration: {apicurio.registry.find-latest=true, apicurio.registry.url=http://registry-app-mysql.apps.ci419.apicurio-testing.org:80/apis/registry/v3, apicurio.registry.artifact-resolver-strategy=io.apicurio.registry.serde.strategy.TopicIdStrategy, value.serializer=io.apicurio.registry.serde.avro.AvroKafkaSerializer, request.timeout.ms=5000, acks=all, bootstrap.servers=PLAINTEXT://localhost:32769, connections.max.idle.ms=10000, key.serializer=org.apache.kafka.common.serialization.StringSerializer, client.id=Producer-topic-e59ae589_b161_40c3_966b_85c160776b2b}
2025-08-12 14:51:35,517 INFO  [io.api.tes.ser.api.SimpleSerdesTesterBuilder$SimpleSerdesTester] (main) Using consumer configuration: {}
2025-08-12 14:51:35,520 INFO  [io.api.tes.ser.api.KafkaSerdesTester] (Thread-645) Sending message {"key11755010294315": "value-0"} to topic topic-e59ae589_b161_40c3_966b_85c160776b2b
2025-08-12 14:51:35,528 INFO  [org.apa.kaf.cli.Metadata] (kafka-producer-network-thread | Producer-topic-e59ae589_b161_40c3_966b_85c160776b2b) [Producer clientId=Producer-topic-e59ae589_b161_40c3_966b_85c160776b2b] Cluster ID: FMImeSt9THyuSk_CoOu4HQ
2025-08-12 14:51:35,529 INFO  [org.apa.kaf.cli.pro.int.TransactionManager] (kafka-producer-network-thread | Producer-topic-e59ae589_b161_40c3_966b_85c160776b2b) [Producer clientId=Producer-topic-e59ae589_b161_40c3_966b_85c160776b2b] ProducerId set to 9 with epoch 0
2025-08-12 14:51:35,864 INFO  [io.api.tes.ser.api.KafkaSerdesTester] (Thread-645) Sending message {"key11755010294315": "value-1"} to topic topic-e59ae589_b161_40c3_966b_85c160776b2b
2025-08-12 14:51:35,866 INFO  [io.api.tes.ser.api.KafkaSerdesTester] (Thread-645) Sending message {"key11755010294315": "value-2"} to topic topic-e59ae589_b161_40c3_966b_85c160776b2b
2025-08-12 14:51:35,868 INFO  [io.api.tes.ser.api.KafkaSerdesTester] (Thread-645) Sending message {"key11755010294315": "value-3"} to topic topic-e59ae589_b161_40c3_966b_85c160776b2b
2025-08-12 14:51:35,873 INFO  [io.api.tes.ser.api.KafkaSerdesTester] (Thread-645) Sending message {"key11755010294315": "value-4"} to topic topic-e59ae589_b161_40c3_966b_85c160776b2b
2025-08-12 14:51:35,875 INFO  [io.api.tes.ser.api.KafkaSerdesTester] (Thread-645) Sending message {"key11755010294315": "value-5"} to topic topic-e59ae589_b161_40c3_966b_85c160776b2b
2025-08-12 14:51:35,878 INFO  [io.api.tes.ser.api.KafkaSerdesTester] (Thread-645) Sending message {"key11755010294315": "value-6"} to topic topic-e59ae589_b161_40c3_966b_85c160776b2b
2025-08-12 14:51:35,889 INFO  [io.api.tes.ser.api.KafkaSerdesTester] (Thread-645) Sending message {"key11755010294315": "value-7"} to topic topic-e59ae589_b161_40c3_966b_85c160776b2b
2025-08-12 14:51:35,898 INFO  [io.api.tes.ser.api.KafkaSerdesTester] (Thread-645) Sending message {"key11755010294315": "value-8"} to topic topic-e59ae589_b161_40c3_966b_85c160776b2b
2025-08-12 14:51:35,907 INFO  [io.api.tes.ser.api.KafkaSerdesTester] (Thread-645) Sending message {"key11755010294315": "value-9"} to topic topic-e59ae589_b161_40c3_966b_85c160776b2b
2025-08-12 14:51:35,916 INFO  [io.api.tes.ser.api.KafkaSerdesTester] (Thread-645) Produced 10 messages
2025-08-12 14:51:35,916 INFO  [org.apa.kaf.cli.pro.KafkaProducer] (Thread-645) [Producer clientId=Producer-topic-e59ae589_b161_40c3_966b_85c160776b2b] Closing the Kafka producer with timeoutMillis = 9223372036854775807 ms.
2025-08-12 14:51:35,920 INFO  [org.apa.kaf.com.met.Metrics] (Thread-645) Metrics scheduler closed
2025-08-12 14:51:35,920 INFO  [org.apa.kaf.com.met.Metrics] (Thread-645) Closing reporter org.apache.kafka.common.metrics.JmxReporter
2025-08-12 14:51:35,920 INFO  [org.apa.kaf.com.met.Metrics] (Thread-645) Closing reporter org.apache.kafka.common.telemetry.internals.ClientTelemetryReporter
2025-08-12 14:51:35,921 INFO  [org.apa.kaf.com.met.Metrics] (Thread-645) Metrics reporters closed
2025-08-12 14:51:35,921 INFO  [org.apa.kaf.com.uti.AppInfoParser] (Thread-645) App info kafka.producer for Producer-topic-e59ae589_b161_40c3_966b_85c160776b2b unregistered
**** Registry Base URL: http://registry-app-mysql.apps.ci419.apicurio-testing.org:80
2025-08-12 14:51:35,922 INFO  [org.apa.kaf.cli.con.ConsumerConfig] (main) ConsumerConfig values: 
	allow.auto.create.topics = true
	auto.commit.interval.ms = 500
	auto.include.jmx.reporter = true
	auto.offset.reset = earliest
	bootstrap.servers = [PLAINTEXT://localhost:32769]
	check.crcs = true
	client.dns.lookup = use_all_dns_ips
	client.id = consumer-Consumer-topic-e59ae589_b161_40c3_966b_85c160776b2b-7
	client.rack = 
	connections.max.idle.ms = 10000
	default.api.timeout.ms = 60000
	enable.auto.commit = true
	enable.metrics.push = true
	exclude.internal.topics = true
	fetch.max.bytes = 52428800
	fetch.max.wait.ms = 500
	fetch.min.bytes = 1
	group.id = Consumer-topic-e59ae589_b161_40c3_966b_85c160776b2b
	group.instance.id = null
	group.protocol = classic
	group.remote.assignor = null
	heartbeat.interval.ms = 3000
	interceptor.classes = []
	internal.leave.group.on.close = true
	internal.throw.on.fetch.stable.offset.unsupported = false
	isolation.level = read_uncommitted
	key.deserializer = class org.apache.kafka.common.serialization.StringDeserializer
	max.partition.fetch.bytes = 1048576
	max.poll.interval.ms = 300000
	max.poll.records = 500
	metadata.max.age.ms = 300000
	metadata.recovery.strategy = none
	metric.reporters = []
	metrics.num.samples = 2
	metrics.recording.level = INFO
	metrics.sample.window.ms = 30000
	partition.assignment.strategy = [class org.apache.kafka.clients.consumer.RangeAssignor, class org.apache.kafka.clients.consumer.CooperativeStickyAssignor]
	receive.buffer.bytes = 65536
	reconnect.backoff.max.ms = 1000
	reconnect.backoff.ms = 50
	request.timeout.ms = 5000
	retry.backoff.max.ms = 1000
	retry.backoff.ms = 100
	sasl.client.callback.handler.class = null
	sasl.jaas.config = null
	sasl.kerberos.kinit.cmd = /usr/bin/kinit
	sasl.kerberos.min.time.before.relogin = 60000
	sasl.kerberos.service.name = null
	sasl.kerberos.ticket.renew.jitter = 0.05
	sasl.kerberos.ticket.renew.window.factor = 0.8
	sasl.login.callback.handler.class = null
	sasl.login.class = null
	sasl.login.connect.timeout.ms = null
	sasl.login.read.timeout.ms = null
	sasl.login.refresh.buffer.seconds = 300
	sasl.login.refresh.min.period.seconds = 60
	sasl.login.refresh.window.factor = 0.8
	sasl.login.refresh.window.jitter = 0.05
	sasl.login.retry.backoff.max.ms = 10000
	sasl.login.retry.backoff.ms = 100
	sasl.mechanism = GSSAPI
	sasl.oauthbearer.clock.skew.seconds = 30
	sasl.oauthbearer.expected.audience = null
	sasl.oauthbearer.expected.issuer = null
	sasl.oauthbearer.header.urlencode = false
	sasl.oauthbearer.jwks.endpoint.refresh.ms = 3600000
	sasl.oauthbearer.jwks.endpoint.retry.backoff.max.ms = 10000
	sasl.oauthbearer.jwks.endpoint.retry.backoff.ms = 100
	sasl.oauthbearer.jwks.endpoint.url = null
	sasl.oauthbearer.scope.claim.name = scope
	sasl.oauthbearer.sub.claim.name = sub
	sasl.oauthbearer.token.endpoint.url = null
	security.protocol = PLAINTEXT
	security.providers = null
	send.buffer.bytes = 131072
	session.timeout.ms = 45000
	socket.connection.setup.timeout.max.ms = 30000
	socket.connection.setup.timeout.ms = 10000
	ssl.cipher.suites = null
	ssl.enabled.protocols = [TLSv1.2, TLSv1.3]
	ssl.endpoint.identification.algorithm = https
	ssl.engine.factory.class = null
	ssl.key.password = null
	ssl.keymanager.algorithm = SunX509
	ssl.keystore.certificate.chain = null
	ssl.keystore.key = null
	ssl.keystore.location = null
	ssl.keystore.password = null
	ssl.keystore.type = JKS
	ssl.protocol = TLSv1.3
	ssl.provider = null
	ssl.secure.random.implementation = null
	ssl.trustmanager.algorithm = PKIX
	ssl.truststore.certificates = null
	ssl.truststore.location = null
	ssl.truststore.password = null
	ssl.truststore.type = JKS
	value.deserializer = class io.apicurio.registry.serde.avro.AvroKafkaDeserializer

2025-08-12 14:51:35,922 INFO  [org.apa.kaf.com.tel.int.KafkaMetricsCollector] (main) initializing Kafka metrics collector
2025-08-12 14:51:35,947 INFO  [org.apa.kaf.cli.con.ConsumerConfig] (main) These configurations '[apicurio.registry.url]' were supplied but are not used yet.
2025-08-12 14:51:35,947 INFO  [org.apa.kaf.com.uti.AppInfoParser] (main) Kafka version: 3.9.1
2025-08-12 14:51:35,947 INFO  [org.apa.kaf.com.uti.AppInfoParser] (main) Kafka commitId: f745dfdcee2b9851
2025-08-12 14:51:35,947 INFO  [org.apa.kaf.com.uti.AppInfoParser] (main) Kafka startTimeMs: 1755010295947
2025-08-12 14:51:35,950 INFO  [org.apa.kaf.cli.con.int.ClassicKafkaConsumer] (Thread-648) [Consumer clientId=consumer-Consumer-topic-e59ae589_b161_40c3_966b_85c160776b2b-7, groupId=Consumer-topic-e59ae589_b161_40c3_966b_85c160776b2b] Subscribed to topic(s): topic-e59ae589_b161_40c3_966b_85c160776b2b
2025-08-12 14:51:35,956 INFO  [org.apa.kaf.cli.Metadata] (Thread-648) [Consumer clientId=consumer-Consumer-topic-e59ae589_b161_40c3_966b_85c160776b2b-7, groupId=Consumer-topic-e59ae589_b161_40c3_966b_85c160776b2b] Cluster ID: FMImeSt9THyuSk_CoOu4HQ
2025-08-12 14:51:35,958 INFO  [org.apa.kaf.cli.con.int.ConsumerCoordinator] (Thread-648) [Consumer clientId=consumer-Consumer-topic-e59ae589_b161_40c3_966b_85c160776b2b-7, groupId=Consumer-topic-e59ae589_b161_40c3_966b_85c160776b2b] Discovered group coordinator localhost:32769 (id: 2147483647 rack: null)
2025-08-12 14:51:35,965 INFO  [org.apa.kaf.cli.con.int.ConsumerCoordinator] (Thread-648) [Consumer clientId=consumer-Consumer-topic-e59ae589_b161_40c3_966b_85c160776b2b-7, groupId=Consumer-topic-e59ae589_b161_40c3_966b_85c160776b2b] (Re-)joining group
2025-08-12 14:51:35,970 INFO  [org.apa.kaf.cli.con.int.ConsumerCoordinator] (Thread-648) [Consumer clientId=consumer-Consumer-topic-e59ae589_b161_40c3_966b_85c160776b2b-7, groupId=Consumer-topic-e59ae589_b161_40c3_966b_85c160776b2b] Request joining group due to: need to re-join with the given member-id: consumer-Consumer-topic-e59ae589_b161_40c3_966b_85c160776b2b-7-0fabd712-3a96-40c1-96e9-049131cb481c
2025-08-12 14:51:35,970 INFO  [org.apa.kaf.cli.con.int.ConsumerCoordinator] (Thread-648) [Consumer clientId=consumer-Consumer-topic-e59ae589_b161_40c3_966b_85c160776b2b-7, groupId=Consumer-topic-e59ae589_b161_40c3_966b_85c160776b2b] (Re-)joining group
2025-08-12 14:51:36,950 INFO  [io.api.tes.ser.api.KafkaSerdesTester] (Thread-648) None found
2025-08-12 14:51:37,950 INFO  [io.api.tes.ser.api.KafkaSerdesTester] (Thread-648) None found
2025-08-12 14:51:38,951 INFO  [io.api.tes.ser.api.KafkaSerdesTester] (Thread-648) None found
2025-08-12 14:51:38,972 INFO  [org.apa.kaf.cli.con.int.ConsumerCoordinator] (Thread-648) [Consumer clientId=consumer-Consumer-topic-e59ae589_b161_40c3_966b_85c160776b2b-7, groupId=Consumer-topic-e59ae589_b161_40c3_966b_85c160776b2b] Successfully joined group with generation Generation{generationId=1, memberId='consumer-Consumer-topic-e59ae589_b161_40c3_966b_85c160776b2b-7-0fabd712-3a96-40c1-96e9-049131cb481c', protocol='range'}
2025-08-12 14:51:38,972 INFO  [org.apa.kaf.cli.con.int.ConsumerCoordinator] (Thread-648) [Consumer clientId=consumer-Consumer-topic-e59ae589_b161_40c3_966b_85c160776b2b-7, groupId=Consumer-topic-e59ae589_b161_40c3_966b_85c160776b2b] Finished assignment for group at generation 1: {consumer-Consumer-topic-e59ae589_b161_40c3_966b_85c160776b2b-7-0fabd712-3a96-40c1-96e9-049131cb481c=Assignment(partitions=[topic-e59ae589_b161_40c3_966b_85c160776b2b-0])}
2025-08-12 14:51:38,980 INFO  [org.apa.kaf.cli.con.int.ConsumerCoordinator] (Thread-648) [Consumer clientId=consumer-Consumer-topic-e59ae589_b161_40c3_966b_85c160776b2b-7, groupId=Consumer-topic-e59ae589_b161_40c3_966b_85c160776b2b] Successfully synced group in generation Generation{generationId=1, memberId='consumer-Consumer-topic-e59ae589_b161_40c3_966b_85c160776b2b-7-0fabd712-3a96-40c1-96e9-049131cb481c', protocol='range'}
2025-08-12 14:51:38,980 INFO  [org.apa.kaf.cli.con.int.ConsumerCoordinator] (Thread-648) [Consumer clientId=consumer-Consumer-topic-e59ae589_b161_40c3_966b_85c160776b2b-7, groupId=Consumer-topic-e59ae589_b161_40c3_966b_85c160776b2b] Notifying assignor about the new Assignment(partitions=[topic-e59ae589_b161_40c3_966b_85c160776b2b-0])
2025-08-12 14:51:38,980 INFO  [org.apa.kaf.cli.con.int.ConsumerRebalanceListenerInvoker] (Thread-648) [Consumer clientId=consumer-Consumer-topic-e59ae589_b161_40c3_966b_85c160776b2b-7, groupId=Consumer-topic-e59ae589_b161_40c3_966b_85c160776b2b] Adding newly assigned partitions: topic-e59ae589_b161_40c3_966b_85c160776b2b-0
2025-08-12 14:51:38,981 INFO  [org.apa.kaf.cli.con.int.ConsumerCoordinator] (Thread-648) [Consumer clientId=consumer-Consumer-topic-e59ae589_b161_40c3_966b_85c160776b2b-7, groupId=Consumer-topic-e59ae589_b161_40c3_966b_85c160776b2b] Found no committed offset for partition topic-e59ae589_b161_40c3_966b_85c160776b2b-0
2025-08-12 14:51:38,985 INFO  [org.apa.kaf.cli.con.int.SubscriptionState] (Thread-648) [Consumer clientId=consumer-Consumer-topic-e59ae589_b161_40c3_966b_85c160776b2b-7, groupId=Consumer-topic-e59ae589_b161_40c3_966b_85c160776b2b] Resetting offset for partition topic-e59ae589_b161_40c3_966b_85c160776b2b-0 to position FetchPosition{offset=0, offsetEpoch=Optional.empty, currentLeader=LeaderAndEpoch{leader=Optional[localhost:32769 (id: 0 rack: null)], epoch=0}}.
2025-08-12 14:51:39,239 INFO  [io.api.tes.ser.api.KafkaSerdesTester] (Thread-648) topic-e59ae589_b161_40c3_966b_85c160776b2b 0 0 {"key11755010294315": "value-0"}
2025-08-12 14:51:39,239 INFO  [io.api.tes.ser.api.KafkaSerdesTester] (Thread-648) topic-e59ae589_b161_40c3_966b_85c160776b2b 0 1 {"key11755010294315": "value-1"}
2025-08-12 14:51:39,239 INFO  [io.api.tes.ser.api.KafkaSerdesTester] (Thread-648) topic-e59ae589_b161_40c3_966b_85c160776b2b 0 2 {"key11755010294315": "value-2"}
2025-08-12 14:51:39,239 INFO  [io.api.tes.ser.api.KafkaSerdesTester] (Thread-648) topic-e59ae589_b161_40c3_966b_85c160776b2b 0 3 {"key11755010294315": "value-3"}
2025-08-12 14:51:39,239 INFO  [io.api.tes.ser.api.KafkaSerdesTester] (Thread-648) topic-e59ae589_b161_40c3_966b_85c160776b2b 0 4 {"key11755010294315": "value-4"}
2025-08-12 14:51:39,239 INFO  [io.api.tes.ser.api.KafkaSerdesTester] (Thread-648) topic-e59ae589_b161_40c3_966b_85c160776b2b 0 5 {"key11755010294315": "value-5"}
2025-08-12 14:51:39,239 INFO  [io.api.tes.ser.api.KafkaSerdesTester] (Thread-648) topic-e59ae589_b161_40c3_966b_85c160776b2b 0 6 {"key11755010294315": "value-6"}
2025-08-12 14:51:39,240 INFO  [io.api.tes.ser.api.KafkaSerdesTester] (Thread-648) topic-e59ae589_b161_40c3_966b_85c160776b2b 0 7 {"key11755010294315": "value-7"}
2025-08-12 14:51:39,240 INFO  [io.api.tes.ser.api.KafkaSerdesTester] (Thread-648) topic-e59ae589_b161_40c3_966b_85c160776b2b 0 8 {"key11755010294315": "value-8"}
2025-08-12 14:51:39,240 INFO  [io.api.tes.ser.api.KafkaSerdesTester] (Thread-648) topic-e59ae589_b161_40c3_966b_85c160776b2b 0 9 {"key11755010294315": "value-9"}
2025-08-12 14:51:39,241 INFO  [io.api.tes.ser.api.KafkaSerdesTester] (Thread-648) Consumed 10 messages
2025-08-12 14:51:39,248 INFO  [org.apa.kaf.cli.con.int.ConsumerRebalanceListenerInvoker] (Thread-648) [Consumer clientId=consumer-Consumer-topic-e59ae589_b161_40c3_966b_85c160776b2b-7, groupId=Consumer-topic-e59ae589_b161_40c3_966b_85c160776b2b] Revoke previously assigned partitions topic-e59ae589_b161_40c3_966b_85c160776b2b-0
2025-08-12 14:51:39,248 INFO  [org.apa.kaf.cli.con.int.ConsumerCoordinator] (Thread-648) [Consumer clientId=consumer-Consumer-topic-e59ae589_b161_40c3_966b_85c160776b2b-7, groupId=Consumer-topic-e59ae589_b161_40c3_966b_85c160776b2b] Member consumer-Consumer-topic-e59ae589_b161_40c3_966b_85c160776b2b-7-0fabd712-3a96-40c1-96e9-049131cb481c sending LeaveGroup request to coordinator localhost:32769 (id: 2147483647 rack: null) due to the consumer is being closed
2025-08-12 14:51:39,249 INFO  [org.apa.kaf.cli.con.int.ConsumerCoordinator] (Thread-648) [Consumer clientId=consumer-Consumer-topic-e59ae589_b161_40c3_966b_85c160776b2b-7, groupId=Consumer-topic-e59ae589_b161_40c3_966b_85c160776b2b] Resetting generation and member id due to: consumer pro-actively leaving the group
2025-08-12 14:51:39,249 INFO  [org.apa.kaf.cli.con.int.ConsumerCoordinator] (Thread-648) [Consumer clientId=consumer-Consumer-topic-e59ae589_b161_40c3_966b_85c160776b2b-7, groupId=Consumer-topic-e59ae589_b161_40c3_966b_85c160776b2b] Request joining group due to: consumer pro-actively leaving the group
2025-08-12 14:51:39,742 INFO  [org.apa.kaf.com.met.Metrics] (Thread-648) Metrics scheduler closed
2025-08-12 14:51:39,742 INFO  [org.apa.kaf.com.met.Metrics] (Thread-648) Closing reporter org.apache.kafka.common.metrics.JmxReporter
2025-08-12 14:51:39,743 INFO  [org.apa.kaf.com.met.Metrics] (Thread-648) Closing reporter org.apache.kafka.common.telemetry.internals.ClientTelemetryReporter
2025-08-12 14:51:39,743 INFO  [org.apa.kaf.com.met.Metrics] (Thread-648) Metrics reporters closed
2025-08-12 14:51:39,745 INFO  [org.apa.kaf.com.uti.AppInfoParser] (Thread-648) App info kafka.consumer for consumer-Consumer-topic-e59ae589_b161_40c3_966b_85c160776b2b-7 unregistered
2025-08-12 14:51:39,746 INFO  [io.api.tes.uti.TestSeparator] (main) io.apicurio.tests.serdes.apicurio.AvroSerdeIT.testTopicIdStrategyFindLatest-FINISHED
2025-08-12 14:51:39,746 INFO  [io.api.tes.uti.TestSeparator] (main) ############################################################################
Test passed: testTopicIdStrategyFindLatest
]]></system-out>
  </testcase>
  <testcase name="testAvroUnionWithSpecificReader" classname="io.apicurio.tests.serdes.apicurio.AvroSerdeIT" time="4.843">
    <system-out><![CDATA[2025-08-12 14:51:39,747 INFO  [io.api.tes.uti.TestSeparator] (main) ############################################################################
2025-08-12 14:51:39,747 INFO  [io.api.tes.uti.TestSeparator] (main) io.apicurio.tests.serdes.apicurio.AvroSerdeIT.testAvroUnionWithSpecificReader-STARTED
**** Registry Base URL: http://registry-app-mysql.apps.ci419.apicurio-testing.org:80
2025-08-12 14:51:39,761 INFO  [org.apa.kaf.cli.pro.ProducerConfig] (main) ProducerConfig values: 
	acks = -1
	auto.include.jmx.reporter = true
	batch.size = 16384
	bootstrap.servers = [PLAINTEXT://localhost:32769]
	buffer.memory = 33554432
	client.dns.lookup = use_all_dns_ips
	client.id = Producer-topic-64f87e59_38bf_4602_8c14_e187ab17e358
	compression.gzip.level = -1
	compression.lz4.level = 9
	compression.type = none
	compression.zstd.level = 3
	connections.max.idle.ms = 10000
	delivery.timeout.ms = 120000
	enable.idempotence = true
	enable.metrics.push = true
	interceptor.classes = []
	key.serializer = class org.apache.kafka.common.serialization.StringSerializer
	linger.ms = 0
	max.block.ms = 60000
	max.in.flight.requests.per.connection = 5
	max.request.size = 1048576
	metadata.max.age.ms = 300000
	metadata.max.idle.ms = 300000
	metadata.recovery.strategy = none
	metric.reporters = []
	metrics.num.samples = 2
	metrics.recording.level = INFO
	metrics.sample.window.ms = 30000
	partitioner.adaptive.partitioning.enable = true
	partitioner.availability.timeout.ms = 0
	partitioner.class = null
	partitioner.ignore.keys = false
	receive.buffer.bytes = 32768
	reconnect.backoff.max.ms = 1000
	reconnect.backoff.ms = 50
	request.timeout.ms = 5000
	retries = 2147483647
	retry.backoff.max.ms = 1000
	retry.backoff.ms = 100
	sasl.client.callback.handler.class = null
	sasl.jaas.config = null
	sasl.kerberos.kinit.cmd = /usr/bin/kinit
	sasl.kerberos.min.time.before.relogin = 60000
	sasl.kerberos.service.name = null
	sasl.kerberos.ticket.renew.jitter = 0.05
	sasl.kerberos.ticket.renew.window.factor = 0.8
	sasl.login.callback.handler.class = null
	sasl.login.class = null
	sasl.login.connect.timeout.ms = null
	sasl.login.read.timeout.ms = null
	sasl.login.refresh.buffer.seconds = 300
	sasl.login.refresh.min.period.seconds = 60
	sasl.login.refresh.window.factor = 0.8
	sasl.login.refresh.window.jitter = 0.05
	sasl.login.retry.backoff.max.ms = 10000
	sasl.login.retry.backoff.ms = 100
	sasl.mechanism = GSSAPI
	sasl.oauthbearer.clock.skew.seconds = 30
	sasl.oauthbearer.expected.audience = null
	sasl.oauthbearer.expected.issuer = null
	sasl.oauthbearer.header.urlencode = false
	sasl.oauthbearer.jwks.endpoint.refresh.ms = 3600000
	sasl.oauthbearer.jwks.endpoint.retry.backoff.max.ms = 10000
	sasl.oauthbearer.jwks.endpoint.retry.backoff.ms = 100
	sasl.oauthbearer.jwks.endpoint.url = null
	sasl.oauthbearer.scope.claim.name = scope
	sasl.oauthbearer.sub.claim.name = sub
	sasl.oauthbearer.token.endpoint.url = null
	security.protocol = PLAINTEXT
	security.providers = null
	send.buffer.bytes = 131072
	socket.connection.setup.timeout.max.ms = 30000
	socket.connection.setup.timeout.ms = 10000
	ssl.cipher.suites = null
	ssl.enabled.protocols = [TLSv1.2, TLSv1.3]
	ssl.endpoint.identification.algorithm = https
	ssl.engine.factory.class = null
	ssl.key.password = null
	ssl.keymanager.algorithm = SunX509
	ssl.keystore.certificate.chain = null
	ssl.keystore.key = null
	ssl.keystore.location = null
	ssl.keystore.password = null
	ssl.keystore.type = JKS
	ssl.protocol = TLSv1.3
	ssl.provider = null
	ssl.secure.random.implementation = null
	ssl.trustmanager.algorithm = PKIX
	ssl.truststore.certificates = null
	ssl.truststore.location = null
	ssl.truststore.password = null
	ssl.truststore.type = JKS
	transaction.timeout.ms = 60000
	transactional.id = null
	value.serializer = class io.apicurio.registry.serde.avro.AvroKafkaSerializer

2025-08-12 14:51:39,761 INFO  [org.apa.kaf.com.tel.int.KafkaMetricsCollector] (main) initializing Kafka metrics collector
2025-08-12 14:51:39,773 INFO  [org.apa.kaf.cli.pro.KafkaProducer] (main) [Producer clientId=Producer-topic-64f87e59_38bf_4602_8c14_e187ab17e358] Instantiated an idempotent producer.
2025-08-12 14:51:39,785 INFO  [org.apa.kaf.cli.pro.ProducerConfig] (main) These configurations '[apicurio.registry.url, apicurio.registry.auto-register, apicurio.registry.artifact-resolver-strategy]' were supplied but are not used yet.
2025-08-12 14:51:39,785 INFO  [org.apa.kaf.com.uti.AppInfoParser] (main) Kafka version: 3.9.1
2025-08-12 14:51:39,785 INFO  [org.apa.kaf.com.uti.AppInfoParser] (main) Kafka commitId: f745dfdcee2b9851
2025-08-12 14:51:39,785 INFO  [org.apa.kaf.com.uti.AppInfoParser] (main) Kafka startTimeMs: 1755010299785
2025-08-12 14:51:39,787 INFO  [io.api.tes.ser.api.SimpleSerdesTesterBuilder$SimpleSerdesTester] (main) Using producer configuration: {apicurio.registry.url=http://registry-app-mysql.apps.ci419.apicurio-testing.org:80/apis/registry/v3, apicurio.registry.auto-register=true, apicurio.registry.artifact-resolver-strategy=io.apicurio.registry.serde.strategy.TopicIdStrategy, value.serializer=io.apicurio.registry.serde.avro.AvroKafkaSerializer, request.timeout.ms=5000, acks=all, bootstrap.servers=PLAINTEXT://localhost:32769, connections.max.idle.ms=10000, key.serializer=org.apache.kafka.common.serialization.StringSerializer, client.id=Producer-topic-64f87e59_38bf_4602_8c14_e187ab17e358}
2025-08-12 14:51:39,787 INFO  [io.api.tes.ser.api.SimpleSerdesTesterBuilder$SimpleSerdesTester] (main) Using consumer configuration: {}
2025-08-12 14:51:39,789 INFO  [io.api.tes.ser.api.KafkaSerdesTester] (Thread-651) Sending message {"id": "record-0"} to topic topic-64f87e59_38bf_4602_8c14_e187ab17e358
2025-08-12 14:51:39,796 INFO  [org.apa.kaf.cli.Metadata] (kafka-producer-network-thread | Producer-topic-64f87e59_38bf_4602_8c14_e187ab17e358) [Producer clientId=Producer-topic-64f87e59_38bf_4602_8c14_e187ab17e358] Cluster ID: FMImeSt9THyuSk_CoOu4HQ
2025-08-12 14:51:39,799 INFO  [org.apa.kaf.cli.pro.int.TransactionManager] (kafka-producer-network-thread | Producer-topic-64f87e59_38bf_4602_8c14_e187ab17e358) [Producer clientId=Producer-topic-64f87e59_38bf_4602_8c14_e187ab17e358] ProducerId set to 10 with epoch 0
2025-08-12 14:51:40,006 INFO  [io.api.tes.ser.api.KafkaSerdesTester] (Thread-651) Sending message {"value": 1} to topic topic-64f87e59_38bf_4602_8c14_e187ab17e358
2025-08-12 14:51:40,159 INFO  [io.api.tes.ser.api.KafkaSerdesTester] (Thread-651) Sending message {"active": true} to topic topic-64f87e59_38bf_4602_8c14_e187ab17e358
2025-08-12 14:51:40,306 INFO  [io.api.tes.ser.api.KafkaSerdesTester] (Thread-651) Sending message {"id": "record-3"} to topic topic-64f87e59_38bf_4602_8c14_e187ab17e358
2025-08-12 14:51:40,308 INFO  [io.api.tes.ser.api.KafkaSerdesTester] (Thread-651) Sending message {"value": 4} to topic topic-64f87e59_38bf_4602_8c14_e187ab17e358
2025-08-12 14:51:40,312 INFO  [io.api.tes.ser.api.KafkaSerdesTester] (Thread-651) Sending message {"active": false} to topic topic-64f87e59_38bf_4602_8c14_e187ab17e358
2025-08-12 14:51:40,314 INFO  [io.api.tes.ser.api.KafkaSerdesTester] (Thread-651) Sending message {"id": "record-6"} to topic topic-64f87e59_38bf_4602_8c14_e187ab17e358
2025-08-12 14:51:40,316 INFO  [io.api.tes.ser.api.KafkaSerdesTester] (Thread-651) Sending message {"value": 7} to topic topic-64f87e59_38bf_4602_8c14_e187ab17e358
2025-08-12 14:51:40,317 INFO  [io.api.tes.ser.api.KafkaSerdesTester] (Thread-651) Sending message {"active": true} to topic topic-64f87e59_38bf_4602_8c14_e187ab17e358
2025-08-12 14:51:40,319 INFO  [io.api.tes.ser.api.KafkaSerdesTester] (Thread-651) Sending message {"id": "record-9"} to topic topic-64f87e59_38bf_4602_8c14_e187ab17e358
2025-08-12 14:51:40,321 INFO  [io.api.tes.ser.api.KafkaSerdesTester] (Thread-651) Produced 10 messages
2025-08-12 14:51:40,321 INFO  [org.apa.kaf.cli.pro.KafkaProducer] (Thread-651) [Producer clientId=Producer-topic-64f87e59_38bf_4602_8c14_e187ab17e358] Closing the Kafka producer with timeoutMillis = 9223372036854775807 ms.
2025-08-12 14:51:40,324 INFO  [org.apa.kaf.com.met.Metrics] (Thread-651) Metrics scheduler closed
2025-08-12 14:51:40,324 INFO  [org.apa.kaf.com.met.Metrics] (Thread-651) Closing reporter org.apache.kafka.common.metrics.JmxReporter
2025-08-12 14:51:40,324 INFO  [org.apa.kaf.com.met.Metrics] (Thread-651) Closing reporter org.apache.kafka.common.telemetry.internals.ClientTelemetryReporter
2025-08-12 14:51:40,324 INFO  [org.apa.kaf.com.met.Metrics] (Thread-651) Metrics reporters closed
2025-08-12 14:51:40,325 INFO  [org.apa.kaf.com.uti.AppInfoParser] (Thread-651) App info kafka.producer for Producer-topic-64f87e59_38bf_4602_8c14_e187ab17e358 unregistered
2025-08-12 14:51:40,474 INFO  [io.api.tes.ser.api.AvroSerdeIT] (main) Artifact topic-64f87e59_38bf_4602_8c14_e187ab17e358-value found in registry with globalId 25
**** Registry Base URL: http://registry-app-mysql.apps.ci419.apicurio-testing.org:80
2025-08-12 14:51:40,475 INFO  [org.apa.kaf.cli.con.ConsumerConfig] (main) ConsumerConfig values: 
	allow.auto.create.topics = true
	auto.commit.interval.ms = 500
	auto.include.jmx.reporter = true
	auto.offset.reset = earliest
	bootstrap.servers = [PLAINTEXT://localhost:32769]
	check.crcs = true
	client.dns.lookup = use_all_dns_ips
	client.id = consumer-Consumer-topic-64f87e59_38bf_4602_8c14_e187ab17e358-8
	client.rack = 
	connections.max.idle.ms = 10000
	default.api.timeout.ms = 60000
	enable.auto.commit = true
	enable.metrics.push = true
	exclude.internal.topics = true
	fetch.max.bytes = 52428800
	fetch.max.wait.ms = 500
	fetch.min.bytes = 1
	group.id = Consumer-topic-64f87e59_38bf_4602_8c14_e187ab17e358
	group.instance.id = null
	group.protocol = classic
	group.remote.assignor = null
	heartbeat.interval.ms = 3000
	interceptor.classes = []
	internal.leave.group.on.close = true
	internal.throw.on.fetch.stable.offset.unsupported = false
	isolation.level = read_uncommitted
	key.deserializer = class org.apache.kafka.common.serialization.StringDeserializer
	max.partition.fetch.bytes = 1048576
	max.poll.interval.ms = 300000
	max.poll.records = 500
	metadata.max.age.ms = 300000
	metadata.recovery.strategy = none
	metric.reporters = []
	metrics.num.samples = 2
	metrics.recording.level = INFO
	metrics.sample.window.ms = 30000
	partition.assignment.strategy = [class org.apache.kafka.clients.consumer.RangeAssignor, class org.apache.kafka.clients.consumer.CooperativeStickyAssignor]
	receive.buffer.bytes = 65536
	reconnect.backoff.max.ms = 1000
	reconnect.backoff.ms = 50
	request.timeout.ms = 5000
	retry.backoff.max.ms = 1000
	retry.backoff.ms = 100
	sasl.client.callback.handler.class = null
	sasl.jaas.config = null
	sasl.kerberos.kinit.cmd = /usr/bin/kinit
	sasl.kerberos.min.time.before.relogin = 60000
	sasl.kerberos.service.name = null
	sasl.kerberos.ticket.renew.jitter = 0.05
	sasl.kerberos.ticket.renew.window.factor = 0.8
	sasl.login.callback.handler.class = null
	sasl.login.class = null
	sasl.login.connect.timeout.ms = null
	sasl.login.read.timeout.ms = null
	sasl.login.refresh.buffer.seconds = 300
	sasl.login.refresh.min.period.seconds = 60
	sasl.login.refresh.window.factor = 0.8
	sasl.login.refresh.window.jitter = 0.05
	sasl.login.retry.backoff.max.ms = 10000
	sasl.login.retry.backoff.ms = 100
	sasl.mechanism = GSSAPI
	sasl.oauthbearer.clock.skew.seconds = 30
	sasl.oauthbearer.expected.audience = null
	sasl.oauthbearer.expected.issuer = null
	sasl.oauthbearer.header.urlencode = false
	sasl.oauthbearer.jwks.endpoint.refresh.ms = 3600000
	sasl.oauthbearer.jwks.endpoint.retry.backoff.max.ms = 10000
	sasl.oauthbearer.jwks.endpoint.retry.backoff.ms = 100
	sasl.oauthbearer.jwks.endpoint.url = null
	sasl.oauthbearer.scope.claim.name = scope
	sasl.oauthbearer.sub.claim.name = sub
	sasl.oauthbearer.token.endpoint.url = null
	security.protocol = PLAINTEXT
	security.providers = null
	send.buffer.bytes = 131072
	session.timeout.ms = 45000
	socket.connection.setup.timeout.max.ms = 30000
	socket.connection.setup.timeout.ms = 10000
	ssl.cipher.suites = null
	ssl.enabled.protocols = [TLSv1.2, TLSv1.3]
	ssl.endpoint.identification.algorithm = https
	ssl.engine.factory.class = null
	ssl.key.password = null
	ssl.keymanager.algorithm = SunX509
	ssl.keystore.certificate.chain = null
	ssl.keystore.key = null
	ssl.keystore.location = null
	ssl.keystore.password = null
	ssl.keystore.type = JKS
	ssl.protocol = TLSv1.3
	ssl.provider = null
	ssl.secure.random.implementation = null
	ssl.trustmanager.algorithm = PKIX
	ssl.truststore.certificates = null
	ssl.truststore.location = null
	ssl.truststore.password = null
	ssl.truststore.type = JKS
	value.deserializer = class io.apicurio.registry.serde.avro.AvroKafkaDeserializer

2025-08-12 14:51:40,476 INFO  [org.apa.kaf.com.tel.int.KafkaMetricsCollector] (main) initializing Kafka metrics collector
2025-08-12 14:51:40,481 INFO  [org.apa.kaf.cli.con.ConsumerConfig] (main) These configurations '[apicurio.registry.url]' were supplied but are not used yet.
2025-08-12 14:51:40,481 INFO  [org.apa.kaf.com.uti.AppInfoParser] (main) Kafka version: 3.9.1
2025-08-12 14:51:40,481 INFO  [org.apa.kaf.com.uti.AppInfoParser] (main) Kafka commitId: f745dfdcee2b9851
2025-08-12 14:51:40,481 INFO  [org.apa.kaf.com.uti.AppInfoParser] (main) Kafka startTimeMs: 1755010300481
2025-08-12 14:51:40,481 INFO  [org.apa.kaf.cli.con.int.ClassicKafkaConsumer] (Thread-654) [Consumer clientId=consumer-Consumer-topic-64f87e59_38bf_4602_8c14_e187ab17e358-8, groupId=Consumer-topic-64f87e59_38bf_4602_8c14_e187ab17e358] Subscribed to topic(s): topic-64f87e59_38bf_4602_8c14_e187ab17e358
2025-08-12 14:51:40,485 INFO  [org.apa.kaf.cli.Metadata] (Thread-654) [Consumer clientId=consumer-Consumer-topic-64f87e59_38bf_4602_8c14_e187ab17e358-8, groupId=Consumer-topic-64f87e59_38bf_4602_8c14_e187ab17e358] Cluster ID: FMImeSt9THyuSk_CoOu4HQ
2025-08-12 14:51:40,486 INFO  [org.apa.kaf.cli.con.int.ConsumerCoordinator] (Thread-654) [Consumer clientId=consumer-Consumer-topic-64f87e59_38bf_4602_8c14_e187ab17e358-8, groupId=Consumer-topic-64f87e59_38bf_4602_8c14_e187ab17e358] Discovered group coordinator localhost:32769 (id: 2147483647 rack: null)
2025-08-12 14:51:40,487 INFO  [org.apa.kaf.cli.con.int.ConsumerCoordinator] (Thread-654) [Consumer clientId=consumer-Consumer-topic-64f87e59_38bf_4602_8c14_e187ab17e358-8, groupId=Consumer-topic-64f87e59_38bf_4602_8c14_e187ab17e358] (Re-)joining group
2025-08-12 14:51:40,490 INFO  [org.apa.kaf.cli.con.int.ConsumerCoordinator] (Thread-654) [Consumer clientId=consumer-Consumer-topic-64f87e59_38bf_4602_8c14_e187ab17e358-8, groupId=Consumer-topic-64f87e59_38bf_4602_8c14_e187ab17e358] Request joining group due to: need to re-join with the given member-id: consumer-Consumer-topic-64f87e59_38bf_4602_8c14_e187ab17e358-8-02875c5f-09f6-4bab-ac85-7113d143e9f1
2025-08-12 14:51:40,490 INFO  [org.apa.kaf.cli.con.int.ConsumerCoordinator] (Thread-654) [Consumer clientId=consumer-Consumer-topic-64f87e59_38bf_4602_8c14_e187ab17e358-8, groupId=Consumer-topic-64f87e59_38bf_4602_8c14_e187ab17e358] (Re-)joining group
2025-08-12 14:51:41,481 INFO  [io.api.tes.ser.api.KafkaSerdesTester] (Thread-654) None found
2025-08-12 14:51:42,481 INFO  [io.api.tes.ser.api.KafkaSerdesTester] (Thread-654) None found
2025-08-12 14:51:43,482 INFO  [io.api.tes.ser.api.KafkaSerdesTester] (Thread-654) None found
2025-08-12 14:51:43,492 INFO  [org.apa.kaf.cli.con.int.ConsumerCoordinator] (Thread-654) [Consumer clientId=consumer-Consumer-topic-64f87e59_38bf_4602_8c14_e187ab17e358-8, groupId=Consumer-topic-64f87e59_38bf_4602_8c14_e187ab17e358] Successfully joined group with generation Generation{generationId=1, memberId='consumer-Consumer-topic-64f87e59_38bf_4602_8c14_e187ab17e358-8-02875c5f-09f6-4bab-ac85-7113d143e9f1', protocol='range'}
2025-08-12 14:51:43,492 INFO  [org.apa.kaf.cli.con.int.ConsumerCoordinator] (Thread-654) [Consumer clientId=consumer-Consumer-topic-64f87e59_38bf_4602_8c14_e187ab17e358-8, groupId=Consumer-topic-64f87e59_38bf_4602_8c14_e187ab17e358] Finished assignment for group at generation 1: {consumer-Consumer-topic-64f87e59_38bf_4602_8c14_e187ab17e358-8-02875c5f-09f6-4bab-ac85-7113d143e9f1=Assignment(partitions=[topic-64f87e59_38bf_4602_8c14_e187ab17e358-0])}
2025-08-12 14:51:43,499 INFO  [org.apa.kaf.cli.con.int.ConsumerCoordinator] (Thread-654) [Consumer clientId=consumer-Consumer-topic-64f87e59_38bf_4602_8c14_e187ab17e358-8, groupId=Consumer-topic-64f87e59_38bf_4602_8c14_e187ab17e358] Successfully synced group in generation Generation{generationId=1, memberId='consumer-Consumer-topic-64f87e59_38bf_4602_8c14_e187ab17e358-8-02875c5f-09f6-4bab-ac85-7113d143e9f1', protocol='range'}
2025-08-12 14:51:43,499 INFO  [org.apa.kaf.cli.con.int.ConsumerCoordinator] (Thread-654) [Consumer clientId=consumer-Consumer-topic-64f87e59_38bf_4602_8c14_e187ab17e358-8, groupId=Consumer-topic-64f87e59_38bf_4602_8c14_e187ab17e358] Notifying assignor about the new Assignment(partitions=[topic-64f87e59_38bf_4602_8c14_e187ab17e358-0])
2025-08-12 14:51:43,499 INFO  [org.apa.kaf.cli.con.int.ConsumerRebalanceListenerInvoker] (Thread-654) [Consumer clientId=consumer-Consumer-topic-64f87e59_38bf_4602_8c14_e187ab17e358-8, groupId=Consumer-topic-64f87e59_38bf_4602_8c14_e187ab17e358] Adding newly assigned partitions: topic-64f87e59_38bf_4602_8c14_e187ab17e358-0
2025-08-12 14:51:43,500 INFO  [org.apa.kaf.cli.con.int.ConsumerCoordinator] (Thread-654) [Consumer clientId=consumer-Consumer-topic-64f87e59_38bf_4602_8c14_e187ab17e358-8, groupId=Consumer-topic-64f87e59_38bf_4602_8c14_e187ab17e358] Found no committed offset for partition topic-64f87e59_38bf_4602_8c14_e187ab17e358-0
2025-08-12 14:51:43,504 INFO  [org.apa.kaf.cli.con.int.SubscriptionState] (Thread-654) [Consumer clientId=consumer-Consumer-topic-64f87e59_38bf_4602_8c14_e187ab17e358-8, groupId=Consumer-topic-64f87e59_38bf_4602_8c14_e187ab17e358] Resetting offset for partition topic-64f87e59_38bf_4602_8c14_e187ab17e358-0 to position FetchPosition{offset=0, offsetEpoch=Optional.empty, currentLeader=LeaderAndEpoch{leader=Optional[localhost:32769 (id: 0 rack: null)], epoch=0}}.
2025-08-12 14:51:44,081 INFO  [io.api.tes.ser.api.KafkaSerdesTester] (Thread-654) topic-64f87e59_38bf_4602_8c14_e187ab17e358 0 0 {"id": "record-0"}
2025-08-12 14:51:44,081 INFO  [io.api.tes.ser.api.KafkaSerdesTester] (Thread-654) topic-64f87e59_38bf_4602_8c14_e187ab17e358 0 1 {"value": 1}
2025-08-12 14:51:44,081 INFO  [io.api.tes.ser.api.KafkaSerdesTester] (Thread-654) topic-64f87e59_38bf_4602_8c14_e187ab17e358 0 2 {"active": true}
2025-08-12 14:51:44,081 INFO  [io.api.tes.ser.api.KafkaSerdesTester] (Thread-654) topic-64f87e59_38bf_4602_8c14_e187ab17e358 0 3 {"id": "record-3"}
2025-08-12 14:51:44,081 INFO  [io.api.tes.ser.api.KafkaSerdesTester] (Thread-654) topic-64f87e59_38bf_4602_8c14_e187ab17e358 0 4 {"value": 4}
2025-08-12 14:51:44,081 INFO  [io.api.tes.ser.api.KafkaSerdesTester] (Thread-654) topic-64f87e59_38bf_4602_8c14_e187ab17e358 0 5 {"active": false}
2025-08-12 14:51:44,081 INFO  [io.api.tes.ser.api.KafkaSerdesTester] (Thread-654) topic-64f87e59_38bf_4602_8c14_e187ab17e358 0 6 {"id": "record-6"}
2025-08-12 14:51:44,081 INFO  [io.api.tes.ser.api.KafkaSerdesTester] (Thread-654) topic-64f87e59_38bf_4602_8c14_e187ab17e358 0 7 {"value": 7}
2025-08-12 14:51:44,081 INFO  [io.api.tes.ser.api.KafkaSerdesTester] (Thread-654) topic-64f87e59_38bf_4602_8c14_e187ab17e358 0 8 {"active": true}
2025-08-12 14:51:44,081 INFO  [io.api.tes.ser.api.KafkaSerdesTester] (Thread-654) topic-64f87e59_38bf_4602_8c14_e187ab17e358 0 9 {"id": "record-9"}
2025-08-12 14:51:44,081 INFO  [io.api.tes.ser.api.KafkaSerdesTester] (Thread-654) Consumed 10 messages
2025-08-12 14:51:44,089 INFO  [org.apa.kaf.cli.con.int.ConsumerRebalanceListenerInvoker] (Thread-654) [Consumer clientId=consumer-Consumer-topic-64f87e59_38bf_4602_8c14_e187ab17e358-8, groupId=Consumer-topic-64f87e59_38bf_4602_8c14_e187ab17e358] Revoke previously assigned partitions topic-64f87e59_38bf_4602_8c14_e187ab17e358-0
2025-08-12 14:51:44,089 INFO  [org.apa.kaf.cli.con.int.ConsumerCoordinator] (Thread-654) [Consumer clientId=consumer-Consumer-topic-64f87e59_38bf_4602_8c14_e187ab17e358-8, groupId=Consumer-topic-64f87e59_38bf_4602_8c14_e187ab17e358] Member consumer-Consumer-topic-64f87e59_38bf_4602_8c14_e187ab17e358-8-02875c5f-09f6-4bab-ac85-7113d143e9f1 sending LeaveGroup request to coordinator localhost:32769 (id: 2147483647 rack: null) due to the consumer is being closed
2025-08-12 14:51:44,090 INFO  [org.apa.kaf.cli.con.int.ConsumerCoordinator] (Thread-654) [Consumer clientId=consumer-Consumer-topic-64f87e59_38bf_4602_8c14_e187ab17e358-8, groupId=Consumer-topic-64f87e59_38bf_4602_8c14_e187ab17e358] Resetting generation and member id due to: consumer pro-actively leaving the group
2025-08-12 14:51:44,090 INFO  [org.apa.kaf.cli.con.int.ConsumerCoordinator] (Thread-654) [Consumer clientId=consumer-Consumer-topic-64f87e59_38bf_4602_8c14_e187ab17e358-8, groupId=Consumer-topic-64f87e59_38bf_4602_8c14_e187ab17e358] Request joining group due to: consumer pro-actively leaving the group
2025-08-12 14:51:44,585 INFO  [org.apa.kaf.com.met.Metrics] (Thread-654) Metrics scheduler closed
2025-08-12 14:51:44,585 INFO  [org.apa.kaf.com.met.Metrics] (Thread-654) Closing reporter org.apache.kafka.common.metrics.JmxReporter
2025-08-12 14:51:44,585 INFO  [org.apa.kaf.com.met.Metrics] (Thread-654) Closing reporter org.apache.kafka.common.telemetry.internals.ClientTelemetryReporter
2025-08-12 14:51:44,585 INFO  [org.apa.kaf.com.met.Metrics] (Thread-654) Metrics reporters closed
2025-08-12 14:51:44,588 INFO  [org.apa.kaf.com.uti.AppInfoParser] (Thread-654) App info kafka.consumer for consumer-Consumer-topic-64f87e59_38bf_4602_8c14_e187ab17e358-8 unregistered
2025-08-12 14:51:44,589 INFO  [io.api.tes.uti.TestSeparator] (main) io.apicurio.tests.serdes.apicurio.AvroSerdeIT.testAvroUnionWithSpecificReader-FINISHED
2025-08-12 14:51:44,589 INFO  [io.api.tes.uti.TestSeparator] (main) ############################################################################
Test passed: testAvroUnionWithSpecificReader
]]></system-out>
  </testcase>
  <testcase name="testEvolveAvroApicurioReusingClient" classname="io.apicurio.tests.serdes.apicurio.AvroSerdeIT" time="8.25">
    <system-out><![CDATA[2025-08-12 14:51:44,593 INFO  [io.api.tes.uti.TestSeparator] (main) ############################################################################
2025-08-12 14:51:44,593 INFO  [io.api.tes.uti.TestSeparator] (main) io.apicurio.tests.serdes.apicurio.AvroSerdeIT.testEvolveAvroApicurioReusingClient-STARTED
2025-08-12 14:51:44,600 INFO  [io.api.tes.ser.api.AvroSerdeIT] (main) Registering Avro Schema: {"type":"record","name":"s0a43a129x28ddx4a6ax830axb3e654f3b88d","namespace":"ns_c7e3b08b_ad42_4d68_8998_a3a2a2d13f1e","fields":[{"name":"key11755010304593","type":"string"}]}
**** Registry Base URL: http://registry-app-mysql.apps.ci419.apicurio-testing.org:80
2025-08-12 14:51:45,788 INFO  [org.apa.kaf.cli.pro.ProducerConfig] (main) ProducerConfig values: 
	acks = -1
	auto.include.jmx.reporter = true
	batch.size = 16384
	bootstrap.servers = [PLAINTEXT://localhost:32769]
	buffer.memory = 33554432
	client.dns.lookup = use_all_dns_ips
	client.id = Producer-topic-3c2d90c6_4fd2_4fae_bc87_9df97a139130
	compression.gzip.level = -1
	compression.lz4.level = 9
	compression.type = none
	compression.zstd.level = 3
	connections.max.idle.ms = 10000
	delivery.timeout.ms = 120000
	enable.idempotence = true
	enable.metrics.push = true
	interceptor.classes = []
	key.serializer = class org.apache.kafka.common.serialization.StringSerializer
	linger.ms = 0
	max.block.ms = 60000
	max.in.flight.requests.per.connection = 5
	max.request.size = 1048576
	metadata.max.age.ms = 300000
	metadata.max.idle.ms = 300000
	metadata.recovery.strategy = none
	metric.reporters = []
	metrics.num.samples = 2
	metrics.recording.level = INFO
	metrics.sample.window.ms = 30000
	partitioner.adaptive.partitioning.enable = true
	partitioner.availability.timeout.ms = 0
	partitioner.class = null
	partitioner.ignore.keys = false
	receive.buffer.bytes = 32768
	reconnect.backoff.max.ms = 1000
	reconnect.backoff.ms = 50
	request.timeout.ms = 5000
	retries = 2147483647
	retry.backoff.max.ms = 1000
	retry.backoff.ms = 100
	sasl.client.callback.handler.class = null
	sasl.jaas.config = null
	sasl.kerberos.kinit.cmd = /usr/bin/kinit
	sasl.kerberos.min.time.before.relogin = 60000
	sasl.kerberos.service.name = null
	sasl.kerberos.ticket.renew.jitter = 0.05
	sasl.kerberos.ticket.renew.window.factor = 0.8
	sasl.login.callback.handler.class = null
	sasl.login.class = null
	sasl.login.connect.timeout.ms = null
	sasl.login.read.timeout.ms = null
	sasl.login.refresh.buffer.seconds = 300
	sasl.login.refresh.min.period.seconds = 60
	sasl.login.refresh.window.factor = 0.8
	sasl.login.refresh.window.jitter = 0.05
	sasl.login.retry.backoff.max.ms = 10000
	sasl.login.retry.backoff.ms = 100
	sasl.mechanism = GSSAPI
	sasl.oauthbearer.clock.skew.seconds = 30
	sasl.oauthbearer.expected.audience = null
	sasl.oauthbearer.expected.issuer = null
	sasl.oauthbearer.header.urlencode = false
	sasl.oauthbearer.jwks.endpoint.refresh.ms = 3600000
	sasl.oauthbearer.jwks.endpoint.retry.backoff.max.ms = 10000
	sasl.oauthbearer.jwks.endpoint.retry.backoff.ms = 100
	sasl.oauthbearer.jwks.endpoint.url = null
	sasl.oauthbearer.scope.claim.name = scope
	sasl.oauthbearer.sub.claim.name = sub
	sasl.oauthbearer.token.endpoint.url = null
	security.protocol = PLAINTEXT
	security.providers = null
	send.buffer.bytes = 131072
	socket.connection.setup.timeout.max.ms = 30000
	socket.connection.setup.timeout.ms = 10000
	ssl.cipher.suites = null
	ssl.enabled.protocols = [TLSv1.2, TLSv1.3]
	ssl.endpoint.identification.algorithm = https
	ssl.engine.factory.class = null
	ssl.key.password = null
	ssl.keymanager.algorithm = SunX509
	ssl.keystore.certificate.chain = null
	ssl.keystore.key = null
	ssl.keystore.location = null
	ssl.keystore.password = null
	ssl.keystore.type = JKS
	ssl.protocol = TLSv1.3
	ssl.provider = null
	ssl.secure.random.implementation = null
	ssl.trustmanager.algorithm = PKIX
	ssl.truststore.certificates = null
	ssl.truststore.location = null
	ssl.truststore.password = null
	ssl.truststore.type = JKS
	transaction.timeout.ms = 60000
	transactional.id = null
	value.serializer = class io.apicurio.registry.serde.avro.AvroKafkaSerializer

2025-08-12 14:51:45,788 INFO  [org.apa.kaf.com.tel.int.KafkaMetricsCollector] (main) initializing Kafka metrics collector
2025-08-12 14:51:45,791 INFO  [org.apa.kaf.cli.pro.KafkaProducer] (main) [Producer clientId=Producer-topic-3c2d90c6_4fd2_4fae_bc87_9df97a139130] Instantiated an idempotent producer.
2025-08-12 14:51:45,793 INFO  [org.apa.kaf.cli.pro.ProducerConfig] (main) These configurations '[apicurio.registry.url, apicurio.registry.artifact-resolver-strategy]' were supplied but are not used yet.
2025-08-12 14:51:45,793 INFO  [org.apa.kaf.com.uti.AppInfoParser] (main) Kafka version: 3.9.1
2025-08-12 14:51:45,793 INFO  [org.apa.kaf.com.uti.AppInfoParser] (main) Kafka commitId: f745dfdcee2b9851
2025-08-12 14:51:45,793 INFO  [org.apa.kaf.com.uti.AppInfoParser] (main) Kafka startTimeMs: 1755010305793
**** Registry Base URL: http://registry-app-mysql.apps.ci419.apicurio-testing.org:80
2025-08-12 14:51:45,794 INFO  [org.apa.kaf.cli.con.ConsumerConfig] (main) ConsumerConfig values: 
	allow.auto.create.topics = true
	auto.commit.interval.ms = 500
	auto.include.jmx.reporter = true
	auto.offset.reset = earliest
	bootstrap.servers = [PLAINTEXT://localhost:32769]
	check.crcs = true
	client.dns.lookup = use_all_dns_ips
	client.id = consumer-Consumer-topic-3c2d90c6_4fd2_4fae_bc87_9df97a139130-9
	client.rack = 
	connections.max.idle.ms = 10000
	default.api.timeout.ms = 60000
	enable.auto.commit = true
	enable.metrics.push = true
	exclude.internal.topics = true
	fetch.max.bytes = 52428800
	fetch.max.wait.ms = 500
	fetch.min.bytes = 1
	group.id = Consumer-topic-3c2d90c6_4fd2_4fae_bc87_9df97a139130
	group.instance.id = null
	group.protocol = classic
	group.remote.assignor = null
	heartbeat.interval.ms = 3000
	interceptor.classes = []
	internal.leave.group.on.close = true
	internal.throw.on.fetch.stable.offset.unsupported = false
	isolation.level = read_uncommitted
	key.deserializer = class org.apache.kafka.common.serialization.StringDeserializer
	max.partition.fetch.bytes = 1048576
	max.poll.interval.ms = 300000
	max.poll.records = 500
	metadata.max.age.ms = 300000
	metadata.recovery.strategy = none
	metric.reporters = []
	metrics.num.samples = 2
	metrics.recording.level = INFO
	metrics.sample.window.ms = 30000
	partition.assignment.strategy = [class org.apache.kafka.clients.consumer.RangeAssignor, class org.apache.kafka.clients.consumer.CooperativeStickyAssignor]
	receive.buffer.bytes = 65536
	reconnect.backoff.max.ms = 1000
	reconnect.backoff.ms = 50
	request.timeout.ms = 5000
	retry.backoff.max.ms = 1000
	retry.backoff.ms = 100
	sasl.client.callback.handler.class = null
	sasl.jaas.config = null
	sasl.kerberos.kinit.cmd = /usr/bin/kinit
	sasl.kerberos.min.time.before.relogin = 60000
	sasl.kerberos.service.name = null
	sasl.kerberos.ticket.renew.jitter = 0.05
	sasl.kerberos.ticket.renew.window.factor = 0.8
	sasl.login.callback.handler.class = null
	sasl.login.class = null
	sasl.login.connect.timeout.ms = null
	sasl.login.read.timeout.ms = null
	sasl.login.refresh.buffer.seconds = 300
	sasl.login.refresh.min.period.seconds = 60
	sasl.login.refresh.window.factor = 0.8
	sasl.login.refresh.window.jitter = 0.05
	sasl.login.retry.backoff.max.ms = 10000
	sasl.login.retry.backoff.ms = 100
	sasl.mechanism = GSSAPI
	sasl.oauthbearer.clock.skew.seconds = 30
	sasl.oauthbearer.expected.audience = null
	sasl.oauthbearer.expected.issuer = null
	sasl.oauthbearer.header.urlencode = false
	sasl.oauthbearer.jwks.endpoint.refresh.ms = 3600000
	sasl.oauthbearer.jwks.endpoint.retry.backoff.max.ms = 10000
	sasl.oauthbearer.jwks.endpoint.retry.backoff.ms = 100
	sasl.oauthbearer.jwks.endpoint.url = null
	sasl.oauthbearer.scope.claim.name = scope
	sasl.oauthbearer.sub.claim.name = sub
	sasl.oauthbearer.token.endpoint.url = null
	security.protocol = PLAINTEXT
	security.providers = null
	send.buffer.bytes = 131072
	session.timeout.ms = 45000
	socket.connection.setup.timeout.max.ms = 30000
	socket.connection.setup.timeout.ms = 10000
	ssl.cipher.suites = null
	ssl.enabled.protocols = [TLSv1.2, TLSv1.3]
	ssl.endpoint.identification.algorithm = https
	ssl.engine.factory.class = null
	ssl.key.password = null
	ssl.keymanager.algorithm = SunX509
	ssl.keystore.certificate.chain = null
	ssl.keystore.key = null
	ssl.keystore.location = null
	ssl.keystore.password = null
	ssl.keystore.type = JKS
	ssl.protocol = TLSv1.3
	ssl.provider = null
	ssl.secure.random.implementation = null
	ssl.trustmanager.algorithm = PKIX
	ssl.truststore.certificates = null
	ssl.truststore.location = null
	ssl.truststore.password = null
	ssl.truststore.type = JKS
	value.deserializer = class io.apicurio.registry.serde.avro.AvroKafkaDeserializer

2025-08-12 14:51:45,794 INFO  [org.apa.kaf.com.tel.int.KafkaMetricsCollector] (main) initializing Kafka metrics collector
2025-08-12 14:51:45,800 INFO  [org.apa.kaf.cli.con.ConsumerConfig] (main) These configurations '[apicurio.registry.url]' were supplied but are not used yet.
2025-08-12 14:51:45,800 INFO  [org.apa.kaf.com.uti.AppInfoParser] (main) Kafka version: 3.9.1
2025-08-12 14:51:45,800 INFO  [org.apa.kaf.com.uti.AppInfoParser] (main) Kafka commitId: f745dfdcee2b9851
2025-08-12 14:51:45,800 INFO  [org.apa.kaf.com.uti.AppInfoParser] (main) Kafka startTimeMs: 1755010305800
2025-08-12 14:51:45,802 INFO  [org.apa.kaf.cli.Metadata] (kafka-producer-network-thread | Producer-topic-3c2d90c6_4fd2_4fae_bc87_9df97a139130) [Producer clientId=Producer-topic-3c2d90c6_4fd2_4fae_bc87_9df97a139130] Cluster ID: FMImeSt9THyuSk_CoOu4HQ
2025-08-12 14:51:45,803 INFO  [io.api.tes.ser.api.KafkaSerdesTester] (Thread-659) Sending message {"key11755010304593": "value-0"} to topic topic-3c2d90c6_4fd2_4fae_bc87_9df97a139130
2025-08-12 14:51:45,803 INFO  [org.apa.kaf.cli.pro.int.TransactionManager] (kafka-producer-network-thread | Producer-topic-3c2d90c6_4fd2_4fae_bc87_9df97a139130) [Producer clientId=Producer-topic-3c2d90c6_4fd2_4fae_bc87_9df97a139130] ProducerId set to 11 with epoch 0
2025-08-12 14:51:45,809 INFO  [DefaultSchemaResolver] (Thread-659) Retrieving schema content using string: {"type":"record","name":"s0a43a129x28ddx4a6ax830axb3e654f3b88d","namespace":"ns_c7e3b08b_ad42_4d68_8998_a3a2a2d13f1e","fields":[{"name":"key11755010304593","type":"string"}]}
2025-08-12 14:51:45,974 INFO  [io.api.tes.ser.api.KafkaSerdesTester] (Thread-659) Sending message {"key11755010304593": "value-1"} to topic topic-3c2d90c6_4fd2_4fae_bc87_9df97a139130
2025-08-12 14:51:45,977 INFO  [io.api.tes.ser.api.KafkaSerdesTester] (Thread-659) Sending message {"key11755010304593": "value-2"} to topic topic-3c2d90c6_4fd2_4fae_bc87_9df97a139130
2025-08-12 14:51:45,983 INFO  [io.api.tes.ser.api.KafkaSerdesTester] (Thread-659) Sending message {"key11755010304593": "value-3"} to topic topic-3c2d90c6_4fd2_4fae_bc87_9df97a139130
2025-08-12 14:51:45,986 INFO  [io.api.tes.ser.api.KafkaSerdesTester] (Thread-659) Sending message {"key11755010304593": "value-4"} to topic topic-3c2d90c6_4fd2_4fae_bc87_9df97a139130
2025-08-12 14:51:45,990 INFO  [io.api.tes.ser.api.KafkaSerdesTester] (Thread-659) Sending message {"key11755010304593": "value-5"} to topic topic-3c2d90c6_4fd2_4fae_bc87_9df97a139130
2025-08-12 14:51:45,993 INFO  [io.api.tes.ser.api.KafkaSerdesTester] (Thread-659) Sending message {"key11755010304593": "value-6"} to topic topic-3c2d90c6_4fd2_4fae_bc87_9df97a139130
2025-08-12 14:51:45,995 INFO  [io.api.tes.ser.api.KafkaSerdesTester] (Thread-659) Sending message {"key11755010304593": "value-7"} to topic topic-3c2d90c6_4fd2_4fae_bc87_9df97a139130
2025-08-12 14:51:45,997 INFO  [io.api.tes.ser.api.KafkaSerdesTester] (Thread-659) Sending message {"key11755010304593": "value-8"} to topic topic-3c2d90c6_4fd2_4fae_bc87_9df97a139130
2025-08-12 14:51:46,000 INFO  [io.api.tes.ser.api.KafkaSerdesTester] (Thread-659) Sending message {"key11755010304593": "value-9"} to topic topic-3c2d90c6_4fd2_4fae_bc87_9df97a139130
2025-08-12 14:51:46,002 INFO  [io.api.tes.ser.api.KafkaSerdesTester] (Thread-659) Produced 10 messages
2025-08-12 14:51:46,003 INFO  [org.apa.kaf.cli.con.int.ClassicKafkaConsumer] (Thread-660) [Consumer clientId=consumer-Consumer-topic-3c2d90c6_4fd2_4fae_bc87_9df97a139130-9, groupId=Consumer-topic-3c2d90c6_4fd2_4fae_bc87_9df97a139130] Subscribed to topic(s): topic-3c2d90c6_4fd2_4fae_bc87_9df97a139130
2025-08-12 14:51:46,008 INFO  [org.apa.kaf.cli.Metadata] (Thread-660) [Consumer clientId=consumer-Consumer-topic-3c2d90c6_4fd2_4fae_bc87_9df97a139130-9, groupId=Consumer-topic-3c2d90c6_4fd2_4fae_bc87_9df97a139130] Cluster ID: FMImeSt9THyuSk_CoOu4HQ
2025-08-12 14:51:46,009 INFO  [org.apa.kaf.cli.con.int.ConsumerCoordinator] (Thread-660) [Consumer clientId=consumer-Consumer-topic-3c2d90c6_4fd2_4fae_bc87_9df97a139130-9, groupId=Consumer-topic-3c2d90c6_4fd2_4fae_bc87_9df97a139130] Discovered group coordinator localhost:32769 (id: 2147483647 rack: null)
2025-08-12 14:51:46,010 INFO  [org.apa.kaf.cli.con.int.ConsumerCoordinator] (Thread-660) [Consumer clientId=consumer-Consumer-topic-3c2d90c6_4fd2_4fae_bc87_9df97a139130-9, groupId=Consumer-topic-3c2d90c6_4fd2_4fae_bc87_9df97a139130] (Re-)joining group
2025-08-12 14:51:46,013 INFO  [org.apa.kaf.cli.con.int.ConsumerCoordinator] (Thread-660) [Consumer clientId=consumer-Consumer-topic-3c2d90c6_4fd2_4fae_bc87_9df97a139130-9, groupId=Consumer-topic-3c2d90c6_4fd2_4fae_bc87_9df97a139130] Request joining group due to: need to re-join with the given member-id: consumer-Consumer-topic-3c2d90c6_4fd2_4fae_bc87_9df97a139130-9-2d6283b8-96e2-4547-ab87-f0c7d71c9a8a
2025-08-12 14:51:46,013 INFO  [org.apa.kaf.cli.con.int.ConsumerCoordinator] (Thread-660) [Consumer clientId=consumer-Consumer-topic-3c2d90c6_4fd2_4fae_bc87_9df97a139130-9, groupId=Consumer-topic-3c2d90c6_4fd2_4fae_bc87_9df97a139130] (Re-)joining group
2025-08-12 14:51:47,003 INFO  [io.api.tes.ser.api.KafkaSerdesTester] (Thread-660) None found
2025-08-12 14:51:48,004 INFO  [io.api.tes.ser.api.KafkaSerdesTester] (Thread-660) None found
2025-08-12 14:51:49,004 INFO  [io.api.tes.ser.api.KafkaSerdesTester] (Thread-660) None found
2025-08-12 14:51:49,015 INFO  [org.apa.kaf.cli.con.int.ConsumerCoordinator] (Thread-660) [Consumer clientId=consumer-Consumer-topic-3c2d90c6_4fd2_4fae_bc87_9df97a139130-9, groupId=Consumer-topic-3c2d90c6_4fd2_4fae_bc87_9df97a139130] Successfully joined group with generation Generation{generationId=1, memberId='consumer-Consumer-topic-3c2d90c6_4fd2_4fae_bc87_9df97a139130-9-2d6283b8-96e2-4547-ab87-f0c7d71c9a8a', protocol='range'}
2025-08-12 14:51:49,016 INFO  [org.apa.kaf.cli.con.int.ConsumerCoordinator] (Thread-660) [Consumer clientId=consumer-Consumer-topic-3c2d90c6_4fd2_4fae_bc87_9df97a139130-9, groupId=Consumer-topic-3c2d90c6_4fd2_4fae_bc87_9df97a139130] Finished assignment for group at generation 1: {consumer-Consumer-topic-3c2d90c6_4fd2_4fae_bc87_9df97a139130-9-2d6283b8-96e2-4547-ab87-f0c7d71c9a8a=Assignment(partitions=[topic-3c2d90c6_4fd2_4fae_bc87_9df97a139130-0])}
2025-08-12 14:51:49,022 INFO  [org.apa.kaf.cli.con.int.ConsumerCoordinator] (Thread-660) [Consumer clientId=consumer-Consumer-topic-3c2d90c6_4fd2_4fae_bc87_9df97a139130-9, groupId=Consumer-topic-3c2d90c6_4fd2_4fae_bc87_9df97a139130] Successfully synced group in generation Generation{generationId=1, memberId='consumer-Consumer-topic-3c2d90c6_4fd2_4fae_bc87_9df97a139130-9-2d6283b8-96e2-4547-ab87-f0c7d71c9a8a', protocol='range'}
2025-08-12 14:51:49,023 INFO  [org.apa.kaf.cli.con.int.ConsumerCoordinator] (Thread-660) [Consumer clientId=consumer-Consumer-topic-3c2d90c6_4fd2_4fae_bc87_9df97a139130-9, groupId=Consumer-topic-3c2d90c6_4fd2_4fae_bc87_9df97a139130] Notifying assignor about the new Assignment(partitions=[topic-3c2d90c6_4fd2_4fae_bc87_9df97a139130-0])
2025-08-12 14:51:49,023 INFO  [org.apa.kaf.cli.con.int.ConsumerRebalanceListenerInvoker] (Thread-660) [Consumer clientId=consumer-Consumer-topic-3c2d90c6_4fd2_4fae_bc87_9df97a139130-9, groupId=Consumer-topic-3c2d90c6_4fd2_4fae_bc87_9df97a139130] Adding newly assigned partitions: topic-3c2d90c6_4fd2_4fae_bc87_9df97a139130-0
2025-08-12 14:51:49,023 INFO  [org.apa.kaf.cli.con.int.ConsumerCoordinator] (Thread-660) [Consumer clientId=consumer-Consumer-topic-3c2d90c6_4fd2_4fae_bc87_9df97a139130-9, groupId=Consumer-topic-3c2d90c6_4fd2_4fae_bc87_9df97a139130] Found no committed offset for partition topic-3c2d90c6_4fd2_4fae_bc87_9df97a139130-0
2025-08-12 14:51:49,027 INFO  [org.apa.kaf.cli.con.int.SubscriptionState] (Thread-660) [Consumer clientId=consumer-Consumer-topic-3c2d90c6_4fd2_4fae_bc87_9df97a139130-9, groupId=Consumer-topic-3c2d90c6_4fd2_4fae_bc87_9df97a139130] Resetting offset for partition topic-3c2d90c6_4fd2_4fae_bc87_9df97a139130-0 to position FetchPosition{offset=0, offsetEpoch=Optional.empty, currentLeader=LeaderAndEpoch{leader=Optional[localhost:32769 (id: 0 rack: null)], epoch=0}}.
2025-08-12 14:51:49,270 INFO  [io.api.tes.ser.api.KafkaSerdesTester] (Thread-660) topic-3c2d90c6_4fd2_4fae_bc87_9df97a139130 0 0 {"key11755010304593": "value-0"}
2025-08-12 14:51:49,270 INFO  [io.api.tes.ser.api.KafkaSerdesTester] (Thread-660) topic-3c2d90c6_4fd2_4fae_bc87_9df97a139130 0 1 {"key11755010304593": "value-1"}
2025-08-12 14:51:49,270 INFO  [io.api.tes.ser.api.KafkaSerdesTester] (Thread-660) topic-3c2d90c6_4fd2_4fae_bc87_9df97a139130 0 2 {"key11755010304593": "value-2"}
2025-08-12 14:51:49,270 INFO  [io.api.tes.ser.api.KafkaSerdesTester] (Thread-660) topic-3c2d90c6_4fd2_4fae_bc87_9df97a139130 0 3 {"key11755010304593": "value-3"}
2025-08-12 14:51:49,270 INFO  [io.api.tes.ser.api.KafkaSerdesTester] (Thread-660) topic-3c2d90c6_4fd2_4fae_bc87_9df97a139130 0 4 {"key11755010304593": "value-4"}
2025-08-12 14:51:49,270 INFO  [io.api.tes.ser.api.KafkaSerdesTester] (Thread-660) topic-3c2d90c6_4fd2_4fae_bc87_9df97a139130 0 5 {"key11755010304593": "value-5"}
2025-08-12 14:51:49,270 INFO  [io.api.tes.ser.api.KafkaSerdesTester] (Thread-660) topic-3c2d90c6_4fd2_4fae_bc87_9df97a139130 0 6 {"key11755010304593": "value-6"}
2025-08-12 14:51:49,271 INFO  [io.api.tes.ser.api.KafkaSerdesTester] (Thread-660) topic-3c2d90c6_4fd2_4fae_bc87_9df97a139130 0 7 {"key11755010304593": "value-7"}
2025-08-12 14:51:49,271 INFO  [io.api.tes.ser.api.KafkaSerdesTester] (Thread-660) topic-3c2d90c6_4fd2_4fae_bc87_9df97a139130 0 8 {"key11755010304593": "value-8"}
2025-08-12 14:51:49,271 INFO  [io.api.tes.ser.api.KafkaSerdesTester] (Thread-660) topic-3c2d90c6_4fd2_4fae_bc87_9df97a139130 0 9 {"key11755010304593": "value-9"}
2025-08-12 14:51:49,271 INFO  [io.api.tes.ser.api.KafkaSerdesTester] (Thread-660) Consumed 10 messages
2025-08-12 14:51:49,271 INFO  [io.api.tes.ser.api.AvroSerdeIT] (main) Registering Avro Schema 2: {"type":"record","name":"s0a43a129x28ddx4a6ax830axb3e654f3b88d","namespace":"ns_c7e3b08b_ad42_4d68_8998_a3a2a2d13f1e","fields":[{"name":"key11755010304593","type":"string"},{"name":"key21755010309271","type":"string"}]}
2025-08-12 14:51:50,469 INFO  [io.api.tes.ser.api.KafkaSerdesTester] (Thread-661) Sending message {"key11755010304593": "value-0", "key21755010309271": "value-0"} to topic topic-3c2d90c6_4fd2_4fae_bc87_9df97a139130
2025-08-12 14:51:50,469 INFO  [DefaultSchemaResolver] (Thread-661) Retrieving schema content using string: {"type":"record","name":"s0a43a129x28ddx4a6ax830axb3e654f3b88d","namespace":"ns_c7e3b08b_ad42_4d68_8998_a3a2a2d13f1e","fields":[{"name":"key11755010304593","type":"string"},{"name":"key21755010309271","type":"string"}]}
2025-08-12 14:51:50,558 INFO  [io.api.tes.ser.api.KafkaSerdesTester] (Thread-661) Sending message {"key11755010304593": "value-1", "key21755010309271": "value-1"} to topic topic-3c2d90c6_4fd2_4fae_bc87_9df97a139130
2025-08-12 14:51:50,561 INFO  [io.api.tes.ser.api.KafkaSerdesTester] (Thread-661) Sending message {"key11755010304593": "value-2", "key21755010309271": "value-2"} to topic topic-3c2d90c6_4fd2_4fae_bc87_9df97a139130
2025-08-12 14:51:50,563 INFO  [io.api.tes.ser.api.KafkaSerdesTester] (Thread-661) Sending message {"key11755010304593": "value-3", "key21755010309271": "value-3"} to topic topic-3c2d90c6_4fd2_4fae_bc87_9df97a139130
2025-08-12 14:51:50,566 INFO  [io.api.tes.ser.api.KafkaSerdesTester] (Thread-661) Sending message {"key11755010304593": "value-4", "key21755010309271": "value-4"} to topic topic-3c2d90c6_4fd2_4fae_bc87_9df97a139130
2025-08-12 14:51:50,570 INFO  [io.api.tes.ser.api.KafkaSerdesTester] (Thread-661) Sending message {"key11755010304593": "value-5", "key21755010309271": "value-5"} to topic topic-3c2d90c6_4fd2_4fae_bc87_9df97a139130
2025-08-12 14:51:50,575 INFO  [io.api.tes.ser.api.KafkaSerdesTester] (Thread-661) Sending message {"key11755010304593": "value-6", "key21755010309271": "value-6"} to topic topic-3c2d90c6_4fd2_4fae_bc87_9df97a139130
2025-08-12 14:51:50,581 INFO  [io.api.tes.ser.api.KafkaSerdesTester] (Thread-661) Sending message {"key11755010304593": "value-7", "key21755010309271": "value-7"} to topic topic-3c2d90c6_4fd2_4fae_bc87_9df97a139130
2025-08-12 14:51:50,583 INFO  [io.api.tes.ser.api.KafkaSerdesTester] (Thread-661) Sending message {"key11755010304593": "value-8", "key21755010309271": "value-8"} to topic topic-3c2d90c6_4fd2_4fae_bc87_9df97a139130
2025-08-12 14:51:50,586 INFO  [io.api.tes.ser.api.KafkaSerdesTester] (Thread-661) Sending message {"key11755010304593": "value-9", "key21755010309271": "value-9"} to topic topic-3c2d90c6_4fd2_4fae_bc87_9df97a139130
2025-08-12 14:51:50,588 INFO  [io.api.tes.ser.api.KafkaSerdesTester] (Thread-661) Produced 10 messages
2025-08-12 14:51:50,589 INFO  [io.api.tes.ser.api.KafkaSerdesTester] (Thread-662) Sending message {"key11755010304593": "value-0"} to topic topic-3c2d90c6_4fd2_4fae_bc87_9df97a139130
2025-08-12 14:51:50,592 INFO  [io.api.tes.ser.api.KafkaSerdesTester] (Thread-662) Sending message {"key11755010304593": "value-1"} to topic topic-3c2d90c6_4fd2_4fae_bc87_9df97a139130
2025-08-12 14:51:50,594 INFO  [io.api.tes.ser.api.KafkaSerdesTester] (Thread-662) Sending message {"key11755010304593": "value-2"} to topic topic-3c2d90c6_4fd2_4fae_bc87_9df97a139130
2025-08-12 14:51:50,597 INFO  [io.api.tes.ser.api.KafkaSerdesTester] (Thread-662) Sending message {"key11755010304593": "value-3"} to topic topic-3c2d90c6_4fd2_4fae_bc87_9df97a139130
2025-08-12 14:51:50,599 INFO  [io.api.tes.ser.api.KafkaSerdesTester] (Thread-662) Sending message {"key11755010304593": "value-4"} to topic topic-3c2d90c6_4fd2_4fae_bc87_9df97a139130
2025-08-12 14:51:50,601 INFO  [io.api.tes.ser.api.KafkaSerdesTester] (Thread-662) Sending message {"key11755010304593": "value-5"} to topic topic-3c2d90c6_4fd2_4fae_bc87_9df97a139130
2025-08-12 14:51:50,603 INFO  [io.api.tes.ser.api.KafkaSerdesTester] (Thread-662) Sending message {"key11755010304593": "value-6"} to topic topic-3c2d90c6_4fd2_4fae_bc87_9df97a139130
2025-08-12 14:51:50,605 INFO  [io.api.tes.ser.api.KafkaSerdesTester] (Thread-662) Sending message {"key11755010304593": "value-7"} to topic topic-3c2d90c6_4fd2_4fae_bc87_9df97a139130
2025-08-12 14:51:50,609 INFO  [io.api.tes.ser.api.KafkaSerdesTester] (Thread-662) Sending message {"key11755010304593": "value-8"} to topic topic-3c2d90c6_4fd2_4fae_bc87_9df97a139130
2025-08-12 14:51:50,614 INFO  [io.api.tes.ser.api.KafkaSerdesTester] (Thread-662) Sending message {"key11755010304593": "value-9"} to topic topic-3c2d90c6_4fd2_4fae_bc87_9df97a139130
2025-08-12 14:51:50,618 INFO  [io.api.tes.ser.api.KafkaSerdesTester] (Thread-662) Produced 10 messages
2025-08-12 14:51:50,619 INFO  [org.apa.kaf.cli.con.int.ClassicKafkaConsumer] (Thread-663) [Consumer clientId=consumer-Consumer-topic-3c2d90c6_4fd2_4fae_bc87_9df97a139130-9, groupId=Consumer-topic-3c2d90c6_4fd2_4fae_bc87_9df97a139130] Subscribed to topic(s): topic-3c2d90c6_4fd2_4fae_bc87_9df97a139130
2025-08-12 14:51:50,789 INFO  [io.api.tes.ser.api.KafkaSerdesTester] (Thread-663) topic-3c2d90c6_4fd2_4fae_bc87_9df97a139130 0 10 {"key11755010304593": "value-0", "key21755010309271": "value-0"}
2025-08-12 14:51:50,789 INFO  [io.api.tes.ser.api.KafkaSerdesTester] (Thread-663) topic-3c2d90c6_4fd2_4fae_bc87_9df97a139130 0 11 {"key11755010304593": "value-1", "key21755010309271": "value-1"}
2025-08-12 14:51:50,789 INFO  [io.api.tes.ser.api.KafkaSerdesTester] (Thread-663) topic-3c2d90c6_4fd2_4fae_bc87_9df97a139130 0 12 {"key11755010304593": "value-2", "key21755010309271": "value-2"}
2025-08-12 14:51:50,789 INFO  [io.api.tes.ser.api.KafkaSerdesTester] (Thread-663) topic-3c2d90c6_4fd2_4fae_bc87_9df97a139130 0 13 {"key11755010304593": "value-3", "key21755010309271": "value-3"}
2025-08-12 14:51:50,790 INFO  [io.api.tes.ser.api.KafkaSerdesTester] (Thread-663) topic-3c2d90c6_4fd2_4fae_bc87_9df97a139130 0 14 {"key11755010304593": "value-4", "key21755010309271": "value-4"}
2025-08-12 14:51:50,790 INFO  [io.api.tes.ser.api.KafkaSerdesTester] (Thread-663) topic-3c2d90c6_4fd2_4fae_bc87_9df97a139130 0 15 {"key11755010304593": "value-5", "key21755010309271": "value-5"}
2025-08-12 14:51:50,790 INFO  [io.api.tes.ser.api.KafkaSerdesTester] (Thread-663) topic-3c2d90c6_4fd2_4fae_bc87_9df97a139130 0 16 {"key11755010304593": "value-6", "key21755010309271": "value-6"}
2025-08-12 14:51:50,790 INFO  [io.api.tes.ser.api.KafkaSerdesTester] (Thread-663) topic-3c2d90c6_4fd2_4fae_bc87_9df97a139130 0 17 {"key11755010304593": "value-7", "key21755010309271": "value-7"}
2025-08-12 14:51:50,790 INFO  [io.api.tes.ser.api.KafkaSerdesTester] (Thread-663) topic-3c2d90c6_4fd2_4fae_bc87_9df97a139130 0 18 {"key11755010304593": "value-8", "key21755010309271": "value-8"}
2025-08-12 14:51:50,790 INFO  [io.api.tes.ser.api.KafkaSerdesTester] (Thread-663) topic-3c2d90c6_4fd2_4fae_bc87_9df97a139130 0 19 {"key11755010304593": "value-9", "key21755010309271": "value-9"}
2025-08-12 14:51:50,790 INFO  [io.api.tes.ser.api.KafkaSerdesTester] (Thread-663) topic-3c2d90c6_4fd2_4fae_bc87_9df97a139130 0 20 {"key11755010304593": "value-0"}
2025-08-12 14:51:50,790 INFO  [io.api.tes.ser.api.KafkaSerdesTester] (Thread-663) topic-3c2d90c6_4fd2_4fae_bc87_9df97a139130 0 21 {"key11755010304593": "value-1"}
2025-08-12 14:51:50,790 INFO  [io.api.tes.ser.api.KafkaSerdesTester] (Thread-663) topic-3c2d90c6_4fd2_4fae_bc87_9df97a139130 0 22 {"key11755010304593": "value-2"}
2025-08-12 14:51:50,790 INFO  [io.api.tes.ser.api.KafkaSerdesTester] (Thread-663) topic-3c2d90c6_4fd2_4fae_bc87_9df97a139130 0 23 {"key11755010304593": "value-3"}
2025-08-12 14:51:50,790 INFO  [io.api.tes.ser.api.KafkaSerdesTester] (Thread-663) topic-3c2d90c6_4fd2_4fae_bc87_9df97a139130 0 24 {"key11755010304593": "value-4"}
2025-08-12 14:51:50,790 INFO  [io.api.tes.ser.api.KafkaSerdesTester] (Thread-663) topic-3c2d90c6_4fd2_4fae_bc87_9df97a139130 0 25 {"key11755010304593": "value-5"}
2025-08-12 14:51:50,790 INFO  [io.api.tes.ser.api.KafkaSerdesTester] (Thread-663) topic-3c2d90c6_4fd2_4fae_bc87_9df97a139130 0 26 {"key11755010304593": "value-6"}
2025-08-12 14:51:50,791 INFO  [io.api.tes.ser.api.KafkaSerdesTester] (Thread-663) topic-3c2d90c6_4fd2_4fae_bc87_9df97a139130 0 27 {"key11755010304593": "value-7"}
2025-08-12 14:51:50,791 INFO  [io.api.tes.ser.api.KafkaSerdesTester] (Thread-663) topic-3c2d90c6_4fd2_4fae_bc87_9df97a139130 0 28 {"key11755010304593": "value-8"}
2025-08-12 14:51:50,791 INFO  [io.api.tes.ser.api.KafkaSerdesTester] (Thread-663) topic-3c2d90c6_4fd2_4fae_bc87_9df97a139130 0 29 {"key11755010304593": "value-9"}
2025-08-12 14:51:50,791 INFO  [io.api.tes.ser.api.KafkaSerdesTester] (Thread-663) Consumed 20 messages
2025-08-12 14:51:50,792 INFO  [io.api.tes.ser.api.AvroSerdeIT] (main) Registering Avro Schema 3: {"type":"record","name":"s0a43a129x28ddx4a6ax830axb3e654f3b88d","namespace":"ns_c7e3b08b_ad42_4d68_8998_a3a2a2d13f1e","fields":[{"name":"key11755010304593","type":"string"},{"name":"key21755010309271","type":"string"},{"name":"key31755010310792","type":"string"}]}
2025-08-12 14:51:51,988 INFO  [io.api.tes.ser.api.KafkaSerdesTester] (Thread-664) Sending message {"key11755010304593": "value-0", "key21755010309271": "value-0", "key31755010310792": "value-0"} to topic topic-3c2d90c6_4fd2_4fae_bc87_9df97a139130
2025-08-12 14:51:51,988 INFO  [DefaultSchemaResolver] (Thread-664) Retrieving schema content using string: {"type":"record","name":"s0a43a129x28ddx4a6ax830axb3e654f3b88d","namespace":"ns_c7e3b08b_ad42_4d68_8998_a3a2a2d13f1e","fields":[{"name":"key11755010304593","type":"string"},{"name":"key21755010309271","type":"string"},{"name":"key31755010310792","type":"string"}]}
2025-08-12 14:51:52,078 INFO  [io.api.tes.ser.api.KafkaSerdesTester] (Thread-664) Sending message {"key11755010304593": "value-1", "key21755010309271": "value-1", "key31755010310792": "value-1"} to topic topic-3c2d90c6_4fd2_4fae_bc87_9df97a139130
2025-08-12 14:51:52,080 INFO  [io.api.tes.ser.api.KafkaSerdesTester] (Thread-664) Sending message {"key11755010304593": "value-2", "key21755010309271": "value-2", "key31755010310792": "value-2"} to topic topic-3c2d90c6_4fd2_4fae_bc87_9df97a139130
2025-08-12 14:51:52,086 INFO  [io.api.tes.ser.api.KafkaSerdesTester] (Thread-664) Sending message {"key11755010304593": "value-3", "key21755010309271": "value-3", "key31755010310792": "value-3"} to topic topic-3c2d90c6_4fd2_4fae_bc87_9df97a139130
2025-08-12 14:51:52,088 INFO  [io.api.tes.ser.api.KafkaSerdesTester] (Thread-664) Sending message {"key11755010304593": "value-4", "key21755010309271": "value-4", "key31755010310792": "value-4"} to topic topic-3c2d90c6_4fd2_4fae_bc87_9df97a139130
2025-08-12 14:51:52,091 INFO  [io.api.tes.ser.api.KafkaSerdesTester] (Thread-664) Sending message {"key11755010304593": "value-5", "key21755010309271": "value-5", "key31755010310792": "value-5"} to topic topic-3c2d90c6_4fd2_4fae_bc87_9df97a139130
2025-08-12 14:51:52,094 INFO  [io.api.tes.ser.api.KafkaSerdesTester] (Thread-664) Sending message {"key11755010304593": "value-6", "key21755010309271": "value-6", "key31755010310792": "value-6"} to topic topic-3c2d90c6_4fd2_4fae_bc87_9df97a139130
2025-08-12 14:51:52,097 INFO  [io.api.tes.ser.api.KafkaSerdesTester] (Thread-664) Sending message {"key11755010304593": "value-7", "key21755010309271": "value-7", "key31755010310792": "value-7"} to topic topic-3c2d90c6_4fd2_4fae_bc87_9df97a139130
2025-08-12 14:51:52,099 INFO  [io.api.tes.ser.api.KafkaSerdesTester] (Thread-664) Sending message {"key11755010304593": "value-8", "key21755010309271": "value-8", "key31755010310792": "value-8"} to topic topic-3c2d90c6_4fd2_4fae_bc87_9df97a139130
2025-08-12 14:51:52,101 INFO  [io.api.tes.ser.api.KafkaSerdesTester] (Thread-664) Sending message {"key11755010304593": "value-9", "key21755010309271": "value-9", "key31755010310792": "value-9"} to topic topic-3c2d90c6_4fd2_4fae_bc87_9df97a139130
2025-08-12 14:51:52,103 INFO  [io.api.tes.ser.api.KafkaSerdesTester] (Thread-664) Produced 10 messages
2025-08-12 14:51:52,103 INFO  [io.api.tes.ser.api.KafkaSerdesTester] (Thread-665) Sending message {"key11755010304593": "value-0", "key21755010309271": "value-0"} to topic topic-3c2d90c6_4fd2_4fae_bc87_9df97a139130
2025-08-12 14:51:52,106 INFO  [io.api.tes.ser.api.KafkaSerdesTester] (Thread-665) Sending message {"key11755010304593": "value-1", "key21755010309271": "value-1"} to topic topic-3c2d90c6_4fd2_4fae_bc87_9df97a139130
2025-08-12 14:51:52,108 INFO  [io.api.tes.ser.api.KafkaSerdesTester] (Thread-665) Sending message {"key11755010304593": "value-2", "key21755010309271": "value-2"} to topic topic-3c2d90c6_4fd2_4fae_bc87_9df97a139130
2025-08-12 14:51:52,109 INFO  [io.api.tes.ser.api.KafkaSerdesTester] (Thread-665) Sending message {"key11755010304593": "value-3", "key21755010309271": "value-3"} to topic topic-3c2d90c6_4fd2_4fae_bc87_9df97a139130
2025-08-12 14:51:52,113 INFO  [io.api.tes.ser.api.KafkaSerdesTester] (Thread-665) Sending message {"key11755010304593": "value-4", "key21755010309271": "value-4"} to topic topic-3c2d90c6_4fd2_4fae_bc87_9df97a139130
2025-08-12 14:51:52,116 INFO  [io.api.tes.ser.api.KafkaSerdesTester] (Thread-665) Sending message {"key11755010304593": "value-5", "key21755010309271": "value-5"} to topic topic-3c2d90c6_4fd2_4fae_bc87_9df97a139130
2025-08-12 14:51:52,120 INFO  [io.api.tes.ser.api.KafkaSerdesTester] (Thread-665) Sending message {"key11755010304593": "value-6", "key21755010309271": "value-6"} to topic topic-3c2d90c6_4fd2_4fae_bc87_9df97a139130
2025-08-12 14:51:52,126 INFO  [io.api.tes.ser.api.KafkaSerdesTester] (Thread-665) Sending message {"key11755010304593": "value-7", "key21755010309271": "value-7"} to topic topic-3c2d90c6_4fd2_4fae_bc87_9df97a139130
2025-08-12 14:51:52,133 INFO  [io.api.tes.ser.api.KafkaSerdesTester] (Thread-665) Sending message {"key11755010304593": "value-8", "key21755010309271": "value-8"} to topic topic-3c2d90c6_4fd2_4fae_bc87_9df97a139130
2025-08-12 14:51:52,135 INFO  [io.api.tes.ser.api.KafkaSerdesTester] (Thread-665) Sending message {"key11755010304593": "value-9", "key21755010309271": "value-9"} to topic topic-3c2d90c6_4fd2_4fae_bc87_9df97a139130
2025-08-12 14:51:52,136 INFO  [io.api.tes.ser.api.KafkaSerdesTester] (Thread-665) Produced 10 messages
2025-08-12 14:51:52,137 INFO  [io.api.tes.ser.api.KafkaSerdesTester] (Thread-666) Sending message {"key11755010304593": "value-0"} to topic topic-3c2d90c6_4fd2_4fae_bc87_9df97a139130
2025-08-12 14:51:52,139 INFO  [io.api.tes.ser.api.KafkaSerdesTester] (Thread-666) Sending message {"key11755010304593": "value-1"} to topic topic-3c2d90c6_4fd2_4fae_bc87_9df97a139130
2025-08-12 14:51:52,142 INFO  [io.api.tes.ser.api.KafkaSerdesTester] (Thread-666) Sending message {"key11755010304593": "value-2"} to topic topic-3c2d90c6_4fd2_4fae_bc87_9df97a139130
2025-08-12 14:51:52,145 INFO  [io.api.tes.ser.api.KafkaSerdesTester] (Thread-666) Sending message {"key11755010304593": "value-3"} to topic topic-3c2d90c6_4fd2_4fae_bc87_9df97a139130
2025-08-12 14:51:52,146 INFO  [io.api.tes.ser.api.KafkaSerdesTester] (Thread-666) Sending message {"key11755010304593": "value-4"} to topic topic-3c2d90c6_4fd2_4fae_bc87_9df97a139130
2025-08-12 14:51:52,148 INFO  [io.api.tes.ser.api.KafkaSerdesTester] (Thread-666) Sending message {"key11755010304593": "value-5"} to topic topic-3c2d90c6_4fd2_4fae_bc87_9df97a139130
2025-08-12 14:51:52,149 INFO  [io.api.tes.ser.api.KafkaSerdesTester] (Thread-666) Sending message {"key11755010304593": "value-6"} to topic topic-3c2d90c6_4fd2_4fae_bc87_9df97a139130
2025-08-12 14:51:52,150 INFO  [io.api.tes.ser.api.KafkaSerdesTester] (Thread-666) Sending message {"key11755010304593": "value-7"} to topic topic-3c2d90c6_4fd2_4fae_bc87_9df97a139130
2025-08-12 14:51:52,156 INFO  [io.api.tes.ser.api.KafkaSerdesTester] (Thread-666) Sending message {"key11755010304593": "value-8"} to topic topic-3c2d90c6_4fd2_4fae_bc87_9df97a139130
2025-08-12 14:51:52,162 INFO  [io.api.tes.ser.api.KafkaSerdesTester] (Thread-666) Sending message {"key11755010304593": "value-9"} to topic topic-3c2d90c6_4fd2_4fae_bc87_9df97a139130
2025-08-12 14:51:52,164 INFO  [io.api.tes.ser.api.KafkaSerdesTester] (Thread-666) Produced 10 messages
2025-08-12 14:51:52,166 INFO  [org.apa.kaf.cli.con.int.ClassicKafkaConsumer] (Thread-667) [Consumer clientId=consumer-Consumer-topic-3c2d90c6_4fd2_4fae_bc87_9df97a139130-9, groupId=Consumer-topic-3c2d90c6_4fd2_4fae_bc87_9df97a139130] Subscribed to topic(s): topic-3c2d90c6_4fd2_4fae_bc87_9df97a139130
2025-08-12 14:51:52,333 INFO  [io.api.tes.ser.api.KafkaSerdesTester] (Thread-667) topic-3c2d90c6_4fd2_4fae_bc87_9df97a139130 0 30 {"key11755010304593": "value-0", "key21755010309271": "value-0", "key31755010310792": "value-0"}
2025-08-12 14:51:52,334 INFO  [io.api.tes.ser.api.KafkaSerdesTester] (Thread-667) topic-3c2d90c6_4fd2_4fae_bc87_9df97a139130 0 31 {"key11755010304593": "value-1", "key21755010309271": "value-1", "key31755010310792": "value-1"}
2025-08-12 14:51:52,334 INFO  [io.api.tes.ser.api.KafkaSerdesTester] (Thread-667) topic-3c2d90c6_4fd2_4fae_bc87_9df97a139130 0 32 {"key11755010304593": "value-2", "key21755010309271": "value-2", "key31755010310792": "value-2"}
2025-08-12 14:51:52,334 INFO  [io.api.tes.ser.api.KafkaSerdesTester] (Thread-667) topic-3c2d90c6_4fd2_4fae_bc87_9df97a139130 0 33 {"key11755010304593": "value-3", "key21755010309271": "value-3", "key31755010310792": "value-3"}
2025-08-12 14:51:52,334 INFO  [io.api.tes.ser.api.KafkaSerdesTester] (Thread-667) topic-3c2d90c6_4fd2_4fae_bc87_9df97a139130 0 34 {"key11755010304593": "value-4", "key21755010309271": "value-4", "key31755010310792": "value-4"}
2025-08-12 14:51:52,334 INFO  [io.api.tes.ser.api.KafkaSerdesTester] (Thread-667) topic-3c2d90c6_4fd2_4fae_bc87_9df97a139130 0 35 {"key11755010304593": "value-5", "key21755010309271": "value-5", "key31755010310792": "value-5"}
2025-08-12 14:51:52,334 INFO  [io.api.tes.ser.api.KafkaSerdesTester] (Thread-667) topic-3c2d90c6_4fd2_4fae_bc87_9df97a139130 0 36 {"key11755010304593": "value-6", "key21755010309271": "value-6", "key31755010310792": "value-6"}
2025-08-12 14:51:52,334 INFO  [io.api.tes.ser.api.KafkaSerdesTester] (Thread-667) topic-3c2d90c6_4fd2_4fae_bc87_9df97a139130 0 37 {"key11755010304593": "value-7", "key21755010309271": "value-7", "key31755010310792": "value-7"}
2025-08-12 14:51:52,335 INFO  [io.api.tes.ser.api.KafkaSerdesTester] (Thread-667) topic-3c2d90c6_4fd2_4fae_bc87_9df97a139130 0 38 {"key11755010304593": "value-8", "key21755010309271": "value-8", "key31755010310792": "value-8"}
2025-08-12 14:51:52,335 INFO  [io.api.tes.ser.api.KafkaSerdesTester] (Thread-667) topic-3c2d90c6_4fd2_4fae_bc87_9df97a139130 0 39 {"key11755010304593": "value-9", "key21755010309271": "value-9", "key31755010310792": "value-9"}
2025-08-12 14:51:52,335 INFO  [io.api.tes.ser.api.KafkaSerdesTester] (Thread-667) topic-3c2d90c6_4fd2_4fae_bc87_9df97a139130 0 40 {"key11755010304593": "value-0", "key21755010309271": "value-0"}
2025-08-12 14:51:52,335 INFO  [io.api.tes.ser.api.KafkaSerdesTester] (Thread-667) topic-3c2d90c6_4fd2_4fae_bc87_9df97a139130 0 41 {"key11755010304593": "value-1", "key21755010309271": "value-1"}
2025-08-12 14:51:52,335 INFO  [io.api.tes.ser.api.KafkaSerdesTester] (Thread-667) topic-3c2d90c6_4fd2_4fae_bc87_9df97a139130 0 42 {"key11755010304593": "value-2", "key21755010309271": "value-2"}
2025-08-12 14:51:52,335 INFO  [io.api.tes.ser.api.KafkaSerdesTester] (Thread-667) topic-3c2d90c6_4fd2_4fae_bc87_9df97a139130 0 43 {"key11755010304593": "value-3", "key21755010309271": "value-3"}
2025-08-12 14:51:52,335 INFO  [io.api.tes.ser.api.KafkaSerdesTester] (Thread-667) topic-3c2d90c6_4fd2_4fae_bc87_9df97a139130 0 44 {"key11755010304593": "value-4", "key21755010309271": "value-4"}
2025-08-12 14:51:52,335 INFO  [io.api.tes.ser.api.KafkaSerdesTester] (Thread-667) topic-3c2d90c6_4fd2_4fae_bc87_9df97a139130 0 45 {"key11755010304593": "value-5", "key21755010309271": "value-5"}
2025-08-12 14:51:52,335 INFO  [io.api.tes.ser.api.KafkaSerdesTester] (Thread-667) topic-3c2d90c6_4fd2_4fae_bc87_9df97a139130 0 46 {"key11755010304593": "value-6", "key21755010309271": "value-6"}
2025-08-12 14:51:52,335 INFO  [io.api.tes.ser.api.KafkaSerdesTester] (Thread-667) topic-3c2d90c6_4fd2_4fae_bc87_9df97a139130 0 47 {"key11755010304593": "value-7", "key21755010309271": "value-7"}
2025-08-12 14:51:52,335 INFO  [io.api.tes.ser.api.KafkaSerdesTester] (Thread-667) topic-3c2d90c6_4fd2_4fae_bc87_9df97a139130 0 48 {"key11755010304593": "value-8", "key21755010309271": "value-8"}
2025-08-12 14:51:52,335 INFO  [io.api.tes.ser.api.KafkaSerdesTester] (Thread-667) topic-3c2d90c6_4fd2_4fae_bc87_9df97a139130 0 49 {"key11755010304593": "value-9", "key21755010309271": "value-9"}
2025-08-12 14:51:52,335 INFO  [io.api.tes.ser.api.KafkaSerdesTester] (Thread-667) topic-3c2d90c6_4fd2_4fae_bc87_9df97a139130 0 50 {"key11755010304593": "value-0"}
2025-08-12 14:51:52,335 INFO  [io.api.tes.ser.api.KafkaSerdesTester] (Thread-667) topic-3c2d90c6_4fd2_4fae_bc87_9df97a139130 0 51 {"key11755010304593": "value-1"}
2025-08-12 14:51:52,335 INFO  [io.api.tes.ser.api.KafkaSerdesTester] (Thread-667) topic-3c2d90c6_4fd2_4fae_bc87_9df97a139130 0 52 {"key11755010304593": "value-2"}
2025-08-12 14:51:52,335 INFO  [io.api.tes.ser.api.KafkaSerdesTester] (Thread-667) topic-3c2d90c6_4fd2_4fae_bc87_9df97a139130 0 53 {"key11755010304593": "value-3"}
2025-08-12 14:51:52,335 INFO  [io.api.tes.ser.api.KafkaSerdesTester] (Thread-667) topic-3c2d90c6_4fd2_4fae_bc87_9df97a139130 0 54 {"key11755010304593": "value-4"}
2025-08-12 14:51:52,336 INFO  [io.api.tes.ser.api.KafkaSerdesTester] (Thread-667) topic-3c2d90c6_4fd2_4fae_bc87_9df97a139130 0 55 {"key11755010304593": "value-5"}
2025-08-12 14:51:52,336 INFO  [io.api.tes.ser.api.KafkaSerdesTester] (Thread-667) topic-3c2d90c6_4fd2_4fae_bc87_9df97a139130 0 56 {"key11755010304593": "value-6"}
2025-08-12 14:51:52,336 INFO  [io.api.tes.ser.api.KafkaSerdesTester] (Thread-667) topic-3c2d90c6_4fd2_4fae_bc87_9df97a139130 0 57 {"key11755010304593": "value-7"}
2025-08-12 14:51:52,336 INFO  [io.api.tes.ser.api.KafkaSerdesTester] (Thread-667) topic-3c2d90c6_4fd2_4fae_bc87_9df97a139130 0 58 {"key11755010304593": "value-8"}
2025-08-12 14:51:52,336 INFO  [io.api.tes.ser.api.KafkaSerdesTester] (Thread-667) topic-3c2d90c6_4fd2_4fae_bc87_9df97a139130 0 59 {"key11755010304593": "value-9"}
2025-08-12 14:51:52,336 INFO  [io.api.tes.ser.api.KafkaSerdesTester] (Thread-667) Consumed 30 messages
2025-08-12 14:51:52,336 INFO  [org.apa.kaf.cli.pro.KafkaProducer] (main) [Producer clientId=Producer-topic-3c2d90c6_4fd2_4fae_bc87_9df97a139130] Closing the Kafka producer with timeoutMillis = 9223372036854775807 ms.
2025-08-12 14:51:52,338 INFO  [org.apa.kaf.com.met.Metrics] (main) Metrics scheduler closed
2025-08-12 14:51:52,338 INFO  [org.apa.kaf.com.met.Metrics] (main) Closing reporter org.apache.kafka.common.metrics.JmxReporter
2025-08-12 14:51:52,338 INFO  [org.apa.kaf.com.met.Metrics] (main) Closing reporter org.apache.kafka.common.telemetry.internals.ClientTelemetryReporter
2025-08-12 14:51:52,338 INFO  [org.apa.kaf.com.met.Metrics] (main) Metrics reporters closed
2025-08-12 14:51:52,338 INFO  [org.apa.kaf.com.uti.AppInfoParser] (main) App info kafka.producer for Producer-topic-3c2d90c6_4fd2_4fae_bc87_9df97a139130 unregistered
2025-08-12 14:51:52,345 INFO  [org.apa.kaf.cli.con.int.ConsumerRebalanceListenerInvoker] (main) [Consumer clientId=consumer-Consumer-topic-3c2d90c6_4fd2_4fae_bc87_9df97a139130-9, groupId=Consumer-topic-3c2d90c6_4fd2_4fae_bc87_9df97a139130] Revoke previously assigned partitions topic-3c2d90c6_4fd2_4fae_bc87_9df97a139130-0
2025-08-12 14:51:52,346 INFO  [org.apa.kaf.cli.con.int.ConsumerCoordinator] (main) [Consumer clientId=consumer-Consumer-topic-3c2d90c6_4fd2_4fae_bc87_9df97a139130-9, groupId=Consumer-topic-3c2d90c6_4fd2_4fae_bc87_9df97a139130] Member consumer-Consumer-topic-3c2d90c6_4fd2_4fae_bc87_9df97a139130-9-2d6283b8-96e2-4547-ab87-f0c7d71c9a8a sending LeaveGroup request to coordinator localhost:32769 (id: 2147483647 rack: null) due to the consumer is being closed
2025-08-12 14:51:52,346 INFO  [org.apa.kaf.cli.con.int.ConsumerCoordinator] (main) [Consumer clientId=consumer-Consumer-topic-3c2d90c6_4fd2_4fae_bc87_9df97a139130-9, groupId=Consumer-topic-3c2d90c6_4fd2_4fae_bc87_9df97a139130] Resetting generation and member id due to: consumer pro-actively leaving the group
2025-08-12 14:51:52,346 INFO  [org.apa.kaf.cli.con.int.ConsumerCoordinator] (main) [Consumer clientId=consumer-Consumer-topic-3c2d90c6_4fd2_4fae_bc87_9df97a139130-9, groupId=Consumer-topic-3c2d90c6_4fd2_4fae_bc87_9df97a139130] Request joining group due to: consumer pro-actively leaving the group
2025-08-12 14:51:52,836 INFO  [org.apa.kaf.com.met.Metrics] (main) Metrics scheduler closed
2025-08-12 14:51:52,836 INFO  [org.apa.kaf.com.met.Metrics] (main) Closing reporter org.apache.kafka.common.metrics.JmxReporter
2025-08-12 14:51:52,836 INFO  [org.apa.kaf.com.met.Metrics] (main) Closing reporter org.apache.kafka.common.telemetry.internals.ClientTelemetryReporter
2025-08-12 14:51:52,837 INFO  [org.apa.kaf.com.met.Metrics] (main) Metrics reporters closed
2025-08-12 14:51:52,840 INFO  [org.apa.kaf.com.uti.AppInfoParser] (main) App info kafka.consumer for consumer-Consumer-topic-3c2d90c6_4fd2_4fae_bc87_9df97a139130-9 unregistered
2025-08-12 14:51:52,840 INFO  [io.api.tes.uti.TestSeparator] (main) io.apicurio.tests.serdes.apicurio.AvroSerdeIT.testEvolveAvroApicurioReusingClient-FINISHED
2025-08-12 14:51:52,840 INFO  [io.api.tes.uti.TestSeparator] (main) ############################################################################
Test passed: testEvolveAvroApicurioReusingClient
]]></system-out>
  </testcase>
  <testcase name="testProducerUsesDefaultConsumerUsesGlobalId" classname="io.apicurio.tests.serdes.apicurio.AvroSerdeIT" time="0.0">
    <skipped message="void io.apicurio.tests.serdes.apicurio.AvroSerdeIT.testProducerUsesDefaultConsumerUsesGlobalId() throws java.lang.Exception is @Disabled"/>
  </testcase>
  <testcase name="testEvolveAvroApicurio" classname="io.apicurio.tests.serdes.apicurio.AvroSerdeIT" time="16.782">
    <system-out><![CDATA[2025-08-12 14:51:52,844 INFO  [io.api.tes.uti.TestSeparator] (main) ############################################################################
2025-08-12 14:51:52,845 INFO  [io.api.tes.uti.TestSeparator] (main) io.apicurio.tests.serdes.apicurio.AvroSerdeIT.testEvolveAvroApicurio-STARTED
2025-08-12 14:51:52,846 INFO  [io.api.tes.ser.api.AvroSerdeIT] (main) Registering Avro Schema: {"type":"record","name":"s89fa13cex1768x469bxa140x809e98506fe9","namespace":"ns_1831051d_cf3c_4026_af4b_36108700c8f4","fields":[{"name":"key11755010312845","type":"string"}]}
**** Registry Base URL: http://registry-app-mysql.apps.ci419.apicurio-testing.org:80
2025-08-12 14:51:54,039 INFO  [org.apa.kaf.cli.pro.ProducerConfig] (main) ProducerConfig values: 
	acks = -1
	auto.include.jmx.reporter = true
	batch.size = 16384
	bootstrap.servers = [PLAINTEXT://localhost:32769]
	buffer.memory = 33554432
	client.dns.lookup = use_all_dns_ips
	client.id = Producer-topic-8f1b2fda_3bb3_4dc4_9659_2c056d52f2a3
	compression.gzip.level = -1
	compression.lz4.level = 9
	compression.type = none
	compression.zstd.level = 3
	connections.max.idle.ms = 10000
	delivery.timeout.ms = 120000
	enable.idempotence = true
	enable.metrics.push = true
	interceptor.classes = []
	key.serializer = class org.apache.kafka.common.serialization.StringSerializer
	linger.ms = 0
	max.block.ms = 60000
	max.in.flight.requests.per.connection = 5
	max.request.size = 1048576
	metadata.max.age.ms = 300000
	metadata.max.idle.ms = 300000
	metadata.recovery.strategy = none
	metric.reporters = []
	metrics.num.samples = 2
	metrics.recording.level = INFO
	metrics.sample.window.ms = 30000
	partitioner.adaptive.partitioning.enable = true
	partitioner.availability.timeout.ms = 0
	partitioner.class = null
	partitioner.ignore.keys = false
	receive.buffer.bytes = 32768
	reconnect.backoff.max.ms = 1000
	reconnect.backoff.ms = 50
	request.timeout.ms = 5000
	retries = 2147483647
	retry.backoff.max.ms = 1000
	retry.backoff.ms = 100
	sasl.client.callback.handler.class = null
	sasl.jaas.config = null
	sasl.kerberos.kinit.cmd = /usr/bin/kinit
	sasl.kerberos.min.time.before.relogin = 60000
	sasl.kerberos.service.name = null
	sasl.kerberos.ticket.renew.jitter = 0.05
	sasl.kerberos.ticket.renew.window.factor = 0.8
	sasl.login.callback.handler.class = null
	sasl.login.class = null
	sasl.login.connect.timeout.ms = null
	sasl.login.read.timeout.ms = null
	sasl.login.refresh.buffer.seconds = 300
	sasl.login.refresh.min.period.seconds = 60
	sasl.login.refresh.window.factor = 0.8
	sasl.login.refresh.window.jitter = 0.05
	sasl.login.retry.backoff.max.ms = 10000
	sasl.login.retry.backoff.ms = 100
	sasl.mechanism = GSSAPI
	sasl.oauthbearer.clock.skew.seconds = 30
	sasl.oauthbearer.expected.audience = null
	sasl.oauthbearer.expected.issuer = null
	sasl.oauthbearer.header.urlencode = false
	sasl.oauthbearer.jwks.endpoint.refresh.ms = 3600000
	sasl.oauthbearer.jwks.endpoint.retry.backoff.max.ms = 10000
	sasl.oauthbearer.jwks.endpoint.retry.backoff.ms = 100
	sasl.oauthbearer.jwks.endpoint.url = null
	sasl.oauthbearer.scope.claim.name = scope
	sasl.oauthbearer.sub.claim.name = sub
	sasl.oauthbearer.token.endpoint.url = null
	security.protocol = PLAINTEXT
	security.providers = null
	send.buffer.bytes = 131072
	socket.connection.setup.timeout.max.ms = 30000
	socket.connection.setup.timeout.ms = 10000
	ssl.cipher.suites = null
	ssl.enabled.protocols = [TLSv1.2, TLSv1.3]
	ssl.endpoint.identification.algorithm = https
	ssl.engine.factory.class = null
	ssl.key.password = null
	ssl.keymanager.algorithm = SunX509
	ssl.keystore.certificate.chain = null
	ssl.keystore.key = null
	ssl.keystore.location = null
	ssl.keystore.password = null
	ssl.keystore.type = JKS
	ssl.protocol = TLSv1.3
	ssl.provider = null
	ssl.secure.random.implementation = null
	ssl.trustmanager.algorithm = PKIX
	ssl.truststore.certificates = null
	ssl.truststore.location = null
	ssl.truststore.password = null
	ssl.truststore.type = JKS
	transaction.timeout.ms = 60000
	transactional.id = null
	value.serializer = class io.apicurio.registry.serde.avro.AvroKafkaSerializer

2025-08-12 14:51:54,040 INFO  [org.apa.kaf.com.tel.int.KafkaMetricsCollector] (main) initializing Kafka metrics collector
2025-08-12 14:51:54,043 INFO  [org.apa.kaf.cli.pro.KafkaProducer] (main) [Producer clientId=Producer-topic-8f1b2fda_3bb3_4dc4_9659_2c056d52f2a3] Instantiated an idempotent producer.
2025-08-12 14:51:54,046 INFO  [org.apa.kaf.cli.pro.ProducerConfig] (main) These configurations '[apicurio.registry.url, apicurio.registry.artifact-resolver-strategy]' were supplied but are not used yet.
2025-08-12 14:51:54,046 INFO  [org.apa.kaf.com.uti.AppInfoParser] (main) Kafka version: 3.9.1
2025-08-12 14:51:54,046 INFO  [org.apa.kaf.com.uti.AppInfoParser] (main) Kafka commitId: f745dfdcee2b9851
2025-08-12 14:51:54,046 INFO  [org.apa.kaf.com.uti.AppInfoParser] (main) Kafka startTimeMs: 1755010314046
**** Registry Base URL: http://registry-app-mysql.apps.ci419.apicurio-testing.org:80
2025-08-12 14:51:54,048 INFO  [org.apa.kaf.cli.con.ConsumerConfig] (main) ConsumerConfig values: 
	allow.auto.create.topics = true
	auto.commit.interval.ms = 500
	auto.include.jmx.reporter = true
	auto.offset.reset = earliest
	bootstrap.servers = [PLAINTEXT://localhost:32769]
	check.crcs = true
	client.dns.lookup = use_all_dns_ips
	client.id = consumer-Consumer-topic-8f1b2fda_3bb3_4dc4_9659_2c056d52f2a3-10
	client.rack = 
	connections.max.idle.ms = 10000
	default.api.timeout.ms = 60000
	enable.auto.commit = true
	enable.metrics.push = true
	exclude.internal.topics = true
	fetch.max.bytes = 52428800
	fetch.max.wait.ms = 500
	fetch.min.bytes = 1
	group.id = Consumer-topic-8f1b2fda_3bb3_4dc4_9659_2c056d52f2a3
	group.instance.id = null
	group.protocol = classic
	group.remote.assignor = null
	heartbeat.interval.ms = 3000
	interceptor.classes = []
	internal.leave.group.on.close = true
	internal.throw.on.fetch.stable.offset.unsupported = false
	isolation.level = read_uncommitted
	key.deserializer = class org.apache.kafka.common.serialization.StringDeserializer
	max.partition.fetch.bytes = 1048576
	max.poll.interval.ms = 300000
	max.poll.records = 500
	metadata.max.age.ms = 300000
	metadata.recovery.strategy = none
	metric.reporters = []
	metrics.num.samples = 2
	metrics.recording.level = INFO
	metrics.sample.window.ms = 30000
	partition.assignment.strategy = [class org.apache.kafka.clients.consumer.RangeAssignor, class org.apache.kafka.clients.consumer.CooperativeStickyAssignor]
	receive.buffer.bytes = 65536
	reconnect.backoff.max.ms = 1000
	reconnect.backoff.ms = 50
	request.timeout.ms = 5000
	retry.backoff.max.ms = 1000
	retry.backoff.ms = 100
	sasl.client.callback.handler.class = null
	sasl.jaas.config = null
	sasl.kerberos.kinit.cmd = /usr/bin/kinit
	sasl.kerberos.min.time.before.relogin = 60000
	sasl.kerberos.service.name = null
	sasl.kerberos.ticket.renew.jitter = 0.05
	sasl.kerberos.ticket.renew.window.factor = 0.8
	sasl.login.callback.handler.class = null
	sasl.login.class = null
	sasl.login.connect.timeout.ms = null
	sasl.login.read.timeout.ms = null
	sasl.login.refresh.buffer.seconds = 300
	sasl.login.refresh.min.period.seconds = 60
	sasl.login.refresh.window.factor = 0.8
	sasl.login.refresh.window.jitter = 0.05
	sasl.login.retry.backoff.max.ms = 10000
	sasl.login.retry.backoff.ms = 100
	sasl.mechanism = GSSAPI
	sasl.oauthbearer.clock.skew.seconds = 30
	sasl.oauthbearer.expected.audience = null
	sasl.oauthbearer.expected.issuer = null
	sasl.oauthbearer.header.urlencode = false
	sasl.oauthbearer.jwks.endpoint.refresh.ms = 3600000
	sasl.oauthbearer.jwks.endpoint.retry.backoff.max.ms = 10000
	sasl.oauthbearer.jwks.endpoint.retry.backoff.ms = 100
	sasl.oauthbearer.jwks.endpoint.url = null
	sasl.oauthbearer.scope.claim.name = scope
	sasl.oauthbearer.sub.claim.name = sub
	sasl.oauthbearer.token.endpoint.url = null
	security.protocol = PLAINTEXT
	security.providers = null
	send.buffer.bytes = 131072
	session.timeout.ms = 45000
	socket.connection.setup.timeout.max.ms = 30000
	socket.connection.setup.timeout.ms = 10000
	ssl.cipher.suites = null
	ssl.enabled.protocols = [TLSv1.2, TLSv1.3]
	ssl.endpoint.identification.algorithm = https
	ssl.engine.factory.class = null
	ssl.key.password = null
	ssl.keymanager.algorithm = SunX509
	ssl.keystore.certificate.chain = null
	ssl.keystore.key = null
	ssl.keystore.location = null
	ssl.keystore.password = null
	ssl.keystore.type = JKS
	ssl.protocol = TLSv1.3
	ssl.provider = null
	ssl.secure.random.implementation = null
	ssl.trustmanager.algorithm = PKIX
	ssl.truststore.certificates = null
	ssl.truststore.location = null
	ssl.truststore.password = null
	ssl.truststore.type = JKS
	value.deserializer = class io.apicurio.registry.serde.avro.AvroKafkaDeserializer

2025-08-12 14:51:54,048 INFO  [org.apa.kaf.com.tel.int.KafkaMetricsCollector] (main) initializing Kafka metrics collector
2025-08-12 14:51:54,050 INFO  [org.apa.kaf.cli.Metadata] (kafka-producer-network-thread | Producer-topic-8f1b2fda_3bb3_4dc4_9659_2c056d52f2a3) [Producer clientId=Producer-topic-8f1b2fda_3bb3_4dc4_9659_2c056d52f2a3] Cluster ID: FMImeSt9THyuSk_CoOu4HQ
2025-08-12 14:51:54,051 INFO  [org.apa.kaf.cli.pro.int.TransactionManager] (kafka-producer-network-thread | Producer-topic-8f1b2fda_3bb3_4dc4_9659_2c056d52f2a3) [Producer clientId=Producer-topic-8f1b2fda_3bb3_4dc4_9659_2c056d52f2a3] ProducerId set to 12 with epoch 0
2025-08-12 14:51:54,056 INFO  [org.apa.kaf.cli.con.ConsumerConfig] (main) These configurations '[apicurio.registry.url]' were supplied but are not used yet.
2025-08-12 14:51:54,056 INFO  [org.apa.kaf.com.uti.AppInfoParser] (main) Kafka version: 3.9.1
2025-08-12 14:51:54,056 INFO  [org.apa.kaf.com.uti.AppInfoParser] (main) Kafka commitId: f745dfdcee2b9851
2025-08-12 14:51:54,056 INFO  [org.apa.kaf.com.uti.AppInfoParser] (main) Kafka startTimeMs: 1755010314056
2025-08-12 14:51:54,056 INFO  [io.api.tes.ser.api.KafkaSerdesTester] (Thread-672) Sending message {"key11755010312845": "value-0"} to topic topic-8f1b2fda_3bb3_4dc4_9659_2c056d52f2a3
2025-08-12 14:51:54,063 INFO  [DefaultSchemaResolver] (Thread-672) Retrieving schema content using string: {"type":"record","name":"s89fa13cex1768x469bxa140x809e98506fe9","namespace":"ns_1831051d_cf3c_4026_af4b_36108700c8f4","fields":[{"name":"key11755010312845","type":"string"}]}
2025-08-12 14:51:54,230 INFO  [io.api.tes.ser.api.KafkaSerdesTester] (Thread-672) Sending message {"key11755010312845": "value-1"} to topic topic-8f1b2fda_3bb3_4dc4_9659_2c056d52f2a3
2025-08-12 14:51:54,232 INFO  [io.api.tes.ser.api.KafkaSerdesTester] (Thread-672) Sending message {"key11755010312845": "value-2"} to topic topic-8f1b2fda_3bb3_4dc4_9659_2c056d52f2a3
2025-08-12 14:51:54,234 INFO  [io.api.tes.ser.api.KafkaSerdesTester] (Thread-672) Sending message {"key11755010312845": "value-3"} to topic topic-8f1b2fda_3bb3_4dc4_9659_2c056d52f2a3
2025-08-12 14:51:54,236 INFO  [io.api.tes.ser.api.KafkaSerdesTester] (Thread-672) Sending message {"key11755010312845": "value-4"} to topic topic-8f1b2fda_3bb3_4dc4_9659_2c056d52f2a3
2025-08-12 14:51:54,240 INFO  [io.api.tes.ser.api.KafkaSerdesTester] (Thread-672) Sending message {"key11755010312845": "value-5"} to topic topic-8f1b2fda_3bb3_4dc4_9659_2c056d52f2a3
2025-08-12 14:51:54,243 INFO  [io.api.tes.ser.api.KafkaSerdesTester] (Thread-672) Sending message {"key11755010312845": "value-6"} to topic topic-8f1b2fda_3bb3_4dc4_9659_2c056d52f2a3
2025-08-12 14:51:54,245 INFO  [io.api.tes.ser.api.KafkaSerdesTester] (Thread-672) Sending message {"key11755010312845": "value-7"} to topic topic-8f1b2fda_3bb3_4dc4_9659_2c056d52f2a3
2025-08-12 14:51:54,248 INFO  [io.api.tes.ser.api.KafkaSerdesTester] (Thread-672) Sending message {"key11755010312845": "value-8"} to topic topic-8f1b2fda_3bb3_4dc4_9659_2c056d52f2a3
2025-08-12 14:51:54,250 INFO  [io.api.tes.ser.api.KafkaSerdesTester] (Thread-672) Sending message {"key11755010312845": "value-9"} to topic topic-8f1b2fda_3bb3_4dc4_9659_2c056d52f2a3
2025-08-12 14:51:54,253 INFO  [io.api.tes.ser.api.KafkaSerdesTester] (Thread-672) Produced 10 messages
2025-08-12 14:51:54,253 INFO  [org.apa.kaf.cli.pro.KafkaProducer] (Thread-672) [Producer clientId=Producer-topic-8f1b2fda_3bb3_4dc4_9659_2c056d52f2a3] Closing the Kafka producer with timeoutMillis = 9223372036854775807 ms.
2025-08-12 14:51:54,256 INFO  [org.apa.kaf.com.met.Metrics] (Thread-672) Metrics scheduler closed
2025-08-12 14:51:54,256 INFO  [org.apa.kaf.com.met.Metrics] (Thread-672) Closing reporter org.apache.kafka.common.metrics.JmxReporter
2025-08-12 14:51:54,256 INFO  [org.apa.kaf.com.met.Metrics] (Thread-672) Closing reporter org.apache.kafka.common.telemetry.internals.ClientTelemetryReporter
2025-08-12 14:51:54,256 INFO  [org.apa.kaf.com.met.Metrics] (Thread-672) Metrics reporters closed
2025-08-12 14:51:54,256 INFO  [org.apa.kaf.com.uti.AppInfoParser] (Thread-672) App info kafka.producer for Producer-topic-8f1b2fda_3bb3_4dc4_9659_2c056d52f2a3 unregistered
2025-08-12 14:51:54,258 INFO  [org.apa.kaf.cli.con.int.ClassicKafkaConsumer] (Thread-673) [Consumer clientId=consumer-Consumer-topic-8f1b2fda_3bb3_4dc4_9659_2c056d52f2a3-10, groupId=Consumer-topic-8f1b2fda_3bb3_4dc4_9659_2c056d52f2a3] Subscribed to topic(s): topic-8f1b2fda_3bb3_4dc4_9659_2c056d52f2a3
2025-08-12 14:51:54,264 INFO  [org.apa.kaf.cli.Metadata] (Thread-673) [Consumer clientId=consumer-Consumer-topic-8f1b2fda_3bb3_4dc4_9659_2c056d52f2a3-10, groupId=Consumer-topic-8f1b2fda_3bb3_4dc4_9659_2c056d52f2a3] Cluster ID: FMImeSt9THyuSk_CoOu4HQ
2025-08-12 14:51:54,267 INFO  [org.apa.kaf.cli.con.int.ConsumerCoordinator] (Thread-673) [Consumer clientId=consumer-Consumer-topic-8f1b2fda_3bb3_4dc4_9659_2c056d52f2a3-10, groupId=Consumer-topic-8f1b2fda_3bb3_4dc4_9659_2c056d52f2a3] Discovered group coordinator localhost:32769 (id: 2147483647 rack: null)
2025-08-12 14:51:54,270 INFO  [org.apa.kaf.cli.con.int.ConsumerCoordinator] (Thread-673) [Consumer clientId=consumer-Consumer-topic-8f1b2fda_3bb3_4dc4_9659_2c056d52f2a3-10, groupId=Consumer-topic-8f1b2fda_3bb3_4dc4_9659_2c056d52f2a3] (Re-)joining group
2025-08-12 14:51:54,272 INFO  [org.apa.kaf.cli.con.int.ConsumerCoordinator] (Thread-673) [Consumer clientId=consumer-Consumer-topic-8f1b2fda_3bb3_4dc4_9659_2c056d52f2a3-10, groupId=Consumer-topic-8f1b2fda_3bb3_4dc4_9659_2c056d52f2a3] Request joining group due to: need to re-join with the given member-id: consumer-Consumer-topic-8f1b2fda_3bb3_4dc4_9659_2c056d52f2a3-10-5045a6ec-a992-4d96-82c7-9ddb9a9cd44e
2025-08-12 14:51:54,272 INFO  [org.apa.kaf.cli.con.int.ConsumerCoordinator] (Thread-673) [Consumer clientId=consumer-Consumer-topic-8f1b2fda_3bb3_4dc4_9659_2c056d52f2a3-10, groupId=Consumer-topic-8f1b2fda_3bb3_4dc4_9659_2c056d52f2a3] (Re-)joining group
2025-08-12 14:51:55,259 INFO  [io.api.tes.ser.api.KafkaSerdesTester] (Thread-673) None found
2025-08-12 14:51:56,260 INFO  [io.api.tes.ser.api.KafkaSerdesTester] (Thread-673) None found
2025-08-12 14:51:57,260 INFO  [io.api.tes.ser.api.KafkaSerdesTester] (Thread-673) None found
2025-08-12 14:51:57,274 INFO  [org.apa.kaf.cli.con.int.ConsumerCoordinator] (Thread-673) [Consumer clientId=consumer-Consumer-topic-8f1b2fda_3bb3_4dc4_9659_2c056d52f2a3-10, groupId=Consumer-topic-8f1b2fda_3bb3_4dc4_9659_2c056d52f2a3] Successfully joined group with generation Generation{generationId=1, memberId='consumer-Consumer-topic-8f1b2fda_3bb3_4dc4_9659_2c056d52f2a3-10-5045a6ec-a992-4d96-82c7-9ddb9a9cd44e', protocol='range'}
2025-08-12 14:51:57,274 INFO  [org.apa.kaf.cli.con.int.ConsumerCoordinator] (Thread-673) [Consumer clientId=consumer-Consumer-topic-8f1b2fda_3bb3_4dc4_9659_2c056d52f2a3-10, groupId=Consumer-topic-8f1b2fda_3bb3_4dc4_9659_2c056d52f2a3] Finished assignment for group at generation 1: {consumer-Consumer-topic-8f1b2fda_3bb3_4dc4_9659_2c056d52f2a3-10-5045a6ec-a992-4d96-82c7-9ddb9a9cd44e=Assignment(partitions=[topic-8f1b2fda_3bb3_4dc4_9659_2c056d52f2a3-0])}
2025-08-12 14:51:57,281 INFO  [org.apa.kaf.cli.con.int.ConsumerCoordinator] (Thread-673) [Consumer clientId=consumer-Consumer-topic-8f1b2fda_3bb3_4dc4_9659_2c056d52f2a3-10, groupId=Consumer-topic-8f1b2fda_3bb3_4dc4_9659_2c056d52f2a3] Successfully synced group in generation Generation{generationId=1, memberId='consumer-Consumer-topic-8f1b2fda_3bb3_4dc4_9659_2c056d52f2a3-10-5045a6ec-a992-4d96-82c7-9ddb9a9cd44e', protocol='range'}
2025-08-12 14:51:57,281 INFO  [org.apa.kaf.cli.con.int.ConsumerCoordinator] (Thread-673) [Consumer clientId=consumer-Consumer-topic-8f1b2fda_3bb3_4dc4_9659_2c056d52f2a3-10, groupId=Consumer-topic-8f1b2fda_3bb3_4dc4_9659_2c056d52f2a3] Notifying assignor about the new Assignment(partitions=[topic-8f1b2fda_3bb3_4dc4_9659_2c056d52f2a3-0])
2025-08-12 14:51:57,281 INFO  [org.apa.kaf.cli.con.int.ConsumerRebalanceListenerInvoker] (Thread-673) [Consumer clientId=consumer-Consumer-topic-8f1b2fda_3bb3_4dc4_9659_2c056d52f2a3-10, groupId=Consumer-topic-8f1b2fda_3bb3_4dc4_9659_2c056d52f2a3] Adding newly assigned partitions: topic-8f1b2fda_3bb3_4dc4_9659_2c056d52f2a3-0
2025-08-12 14:51:57,282 INFO  [org.apa.kaf.cli.con.int.ConsumerCoordinator] (Thread-673) [Consumer clientId=consumer-Consumer-topic-8f1b2fda_3bb3_4dc4_9659_2c056d52f2a3-10, groupId=Consumer-topic-8f1b2fda_3bb3_4dc4_9659_2c056d52f2a3] Found no committed offset for partition topic-8f1b2fda_3bb3_4dc4_9659_2c056d52f2a3-0
2025-08-12 14:51:57,285 INFO  [org.apa.kaf.cli.con.int.SubscriptionState] (Thread-673) [Consumer clientId=consumer-Consumer-topic-8f1b2fda_3bb3_4dc4_9659_2c056d52f2a3-10, groupId=Consumer-topic-8f1b2fda_3bb3_4dc4_9659_2c056d52f2a3] Resetting offset for partition topic-8f1b2fda_3bb3_4dc4_9659_2c056d52f2a3-0 to position FetchPosition{offset=0, offsetEpoch=Optional.empty, currentLeader=LeaderAndEpoch{leader=Optional[localhost:32769 (id: 0 rack: null)], epoch=0}}.
2025-08-12 14:51:57,533 INFO  [io.api.tes.ser.api.KafkaSerdesTester] (Thread-673) topic-8f1b2fda_3bb3_4dc4_9659_2c056d52f2a3 0 0 {"key11755010312845": "value-0"}
2025-08-12 14:51:57,533 INFO  [io.api.tes.ser.api.KafkaSerdesTester] (Thread-673) topic-8f1b2fda_3bb3_4dc4_9659_2c056d52f2a3 0 1 {"key11755010312845": "value-1"}
2025-08-12 14:51:57,533 INFO  [io.api.tes.ser.api.KafkaSerdesTester] (Thread-673) topic-8f1b2fda_3bb3_4dc4_9659_2c056d52f2a3 0 2 {"key11755010312845": "value-2"}
2025-08-12 14:51:57,533 INFO  [io.api.tes.ser.api.KafkaSerdesTester] (Thread-673) topic-8f1b2fda_3bb3_4dc4_9659_2c056d52f2a3 0 3 {"key11755010312845": "value-3"}
2025-08-12 14:51:57,533 INFO  [io.api.tes.ser.api.KafkaSerdesTester] (Thread-673) topic-8f1b2fda_3bb3_4dc4_9659_2c056d52f2a3 0 4 {"key11755010312845": "value-4"}
2025-08-12 14:51:57,534 INFO  [io.api.tes.ser.api.KafkaSerdesTester] (Thread-673) topic-8f1b2fda_3bb3_4dc4_9659_2c056d52f2a3 0 5 {"key11755010312845": "value-5"}
2025-08-12 14:51:57,534 INFO  [io.api.tes.ser.api.KafkaSerdesTester] (Thread-673) topic-8f1b2fda_3bb3_4dc4_9659_2c056d52f2a3 0 6 {"key11755010312845": "value-6"}
2025-08-12 14:51:57,534 INFO  [io.api.tes.ser.api.KafkaSerdesTester] (Thread-673) topic-8f1b2fda_3bb3_4dc4_9659_2c056d52f2a3 0 7 {"key11755010312845": "value-7"}
2025-08-12 14:51:57,534 INFO  [io.api.tes.ser.api.KafkaSerdesTester] (Thread-673) topic-8f1b2fda_3bb3_4dc4_9659_2c056d52f2a3 0 8 {"key11755010312845": "value-8"}
2025-08-12 14:51:57,534 INFO  [io.api.tes.ser.api.KafkaSerdesTester] (Thread-673) topic-8f1b2fda_3bb3_4dc4_9659_2c056d52f2a3 0 9 {"key11755010312845": "value-9"}
2025-08-12 14:51:57,534 INFO  [io.api.tes.ser.api.KafkaSerdesTester] (Thread-673) Consumed 10 messages
2025-08-12 14:51:57,540 INFO  [org.apa.kaf.cli.con.int.ConsumerRebalanceListenerInvoker] (Thread-673) [Consumer clientId=consumer-Consumer-topic-8f1b2fda_3bb3_4dc4_9659_2c056d52f2a3-10, groupId=Consumer-topic-8f1b2fda_3bb3_4dc4_9659_2c056d52f2a3] Revoke previously assigned partitions topic-8f1b2fda_3bb3_4dc4_9659_2c056d52f2a3-0
2025-08-12 14:51:57,540 INFO  [org.apa.kaf.cli.con.int.ConsumerCoordinator] (Thread-673) [Consumer clientId=consumer-Consumer-topic-8f1b2fda_3bb3_4dc4_9659_2c056d52f2a3-10, groupId=Consumer-topic-8f1b2fda_3bb3_4dc4_9659_2c056d52f2a3] Member consumer-Consumer-topic-8f1b2fda_3bb3_4dc4_9659_2c056d52f2a3-10-5045a6ec-a992-4d96-82c7-9ddb9a9cd44e sending LeaveGroup request to coordinator localhost:32769 (id: 2147483647 rack: null) due to the consumer is being closed
2025-08-12 14:51:57,540 INFO  [org.apa.kaf.cli.con.int.ConsumerCoordinator] (Thread-673) [Consumer clientId=consumer-Consumer-topic-8f1b2fda_3bb3_4dc4_9659_2c056d52f2a3-10, groupId=Consumer-topic-8f1b2fda_3bb3_4dc4_9659_2c056d52f2a3] Resetting generation and member id due to: consumer pro-actively leaving the group
2025-08-12 14:51:57,540 INFO  [org.apa.kaf.cli.con.int.ConsumerCoordinator] (Thread-673) [Consumer clientId=consumer-Consumer-topic-8f1b2fda_3bb3_4dc4_9659_2c056d52f2a3-10, groupId=Consumer-topic-8f1b2fda_3bb3_4dc4_9659_2c056d52f2a3] Request joining group due to: consumer pro-actively leaving the group
2025-08-12 14:51:58,036 INFO  [org.apa.kaf.com.met.Metrics] (Thread-673) Metrics scheduler closed
2025-08-12 14:51:58,036 INFO  [org.apa.kaf.com.met.Metrics] (Thread-673) Closing reporter org.apache.kafka.common.metrics.JmxReporter
2025-08-12 14:51:58,036 INFO  [org.apa.kaf.com.met.Metrics] (Thread-673) Closing reporter org.apache.kafka.common.telemetry.internals.ClientTelemetryReporter
2025-08-12 14:51:58,036 INFO  [org.apa.kaf.com.met.Metrics] (Thread-673) Metrics reporters closed
2025-08-12 14:51:58,039 INFO  [org.apa.kaf.com.uti.AppInfoParser] (Thread-673) App info kafka.consumer for consumer-Consumer-topic-8f1b2fda_3bb3_4dc4_9659_2c056d52f2a3-10 unregistered
2025-08-12 14:51:58,039 INFO  [io.api.tes.ser.api.AvroSerdeIT] (main) Registering Avro Schema 2: {"type":"record","name":"s89fa13cex1768x469bxa140x809e98506fe9","namespace":"ns_1831051d_cf3c_4026_af4b_36108700c8f4","fields":[{"name":"key11755010312845","type":"string"},{"name":"key21755010318039","type":"string"}]}
**** Registry Base URL: http://registry-app-mysql.apps.ci419.apicurio-testing.org:80
2025-08-12 14:51:59,247 INFO  [org.apa.kaf.cli.pro.ProducerConfig] (main) ProducerConfig values: 
	acks = -1
	auto.include.jmx.reporter = true
	batch.size = 16384
	bootstrap.servers = [PLAINTEXT://localhost:32769]
	buffer.memory = 33554432
	client.dns.lookup = use_all_dns_ips
	client.id = Producer-topic-8f1b2fda_3bb3_4dc4_9659_2c056d52f2a3
	compression.gzip.level = -1
	compression.lz4.level = 9
	compression.type = none
	compression.zstd.level = 3
	connections.max.idle.ms = 10000
	delivery.timeout.ms = 120000
	enable.idempotence = true
	enable.metrics.push = true
	interceptor.classes = []
	key.serializer = class org.apache.kafka.common.serialization.StringSerializer
	linger.ms = 0
	max.block.ms = 60000
	max.in.flight.requests.per.connection = 5
	max.request.size = 1048576
	metadata.max.age.ms = 300000
	metadata.max.idle.ms = 300000
	metadata.recovery.strategy = none
	metric.reporters = []
	metrics.num.samples = 2
	metrics.recording.level = INFO
	metrics.sample.window.ms = 30000
	partitioner.adaptive.partitioning.enable = true
	partitioner.availability.timeout.ms = 0
	partitioner.class = null
	partitioner.ignore.keys = false
	receive.buffer.bytes = 32768
	reconnect.backoff.max.ms = 1000
	reconnect.backoff.ms = 50
	request.timeout.ms = 5000
	retries = 2147483647
	retry.backoff.max.ms = 1000
	retry.backoff.ms = 100
	sasl.client.callback.handler.class = null
	sasl.jaas.config = null
	sasl.kerberos.kinit.cmd = /usr/bin/kinit
	sasl.kerberos.min.time.before.relogin = 60000
	sasl.kerberos.service.name = null
	sasl.kerberos.ticket.renew.jitter = 0.05
	sasl.kerberos.ticket.renew.window.factor = 0.8
	sasl.login.callback.handler.class = null
	sasl.login.class = null
	sasl.login.connect.timeout.ms = null
	sasl.login.read.timeout.ms = null
	sasl.login.refresh.buffer.seconds = 300
	sasl.login.refresh.min.period.seconds = 60
	sasl.login.refresh.window.factor = 0.8
	sasl.login.refresh.window.jitter = 0.05
	sasl.login.retry.backoff.max.ms = 10000
	sasl.login.retry.backoff.ms = 100
	sasl.mechanism = GSSAPI
	sasl.oauthbearer.clock.skew.seconds = 30
	sasl.oauthbearer.expected.audience = null
	sasl.oauthbearer.expected.issuer = null
	sasl.oauthbearer.header.urlencode = false
	sasl.oauthbearer.jwks.endpoint.refresh.ms = 3600000
	sasl.oauthbearer.jwks.endpoint.retry.backoff.max.ms = 10000
	sasl.oauthbearer.jwks.endpoint.retry.backoff.ms = 100
	sasl.oauthbearer.jwks.endpoint.url = null
	sasl.oauthbearer.scope.claim.name = scope
	sasl.oauthbearer.sub.claim.name = sub
	sasl.oauthbearer.token.endpoint.url = null
	security.protocol = PLAINTEXT
	security.providers = null
	send.buffer.bytes = 131072
	socket.connection.setup.timeout.max.ms = 30000
	socket.connection.setup.timeout.ms = 10000
	ssl.cipher.suites = null
	ssl.enabled.protocols = [TLSv1.2, TLSv1.3]
	ssl.endpoint.identification.algorithm = https
	ssl.engine.factory.class = null
	ssl.key.password = null
	ssl.keymanager.algorithm = SunX509
	ssl.keystore.certificate.chain = null
	ssl.keystore.key = null
	ssl.keystore.location = null
	ssl.keystore.password = null
	ssl.keystore.type = JKS
	ssl.protocol = TLSv1.3
	ssl.provider = null
	ssl.secure.random.implementation = null
	ssl.trustmanager.algorithm = PKIX
	ssl.truststore.certificates = null
	ssl.truststore.location = null
	ssl.truststore.password = null
	ssl.truststore.type = JKS
	transaction.timeout.ms = 60000
	transactional.id = null
	value.serializer = class io.apicurio.registry.serde.avro.AvroKafkaSerializer

2025-08-12 14:51:59,248 INFO  [org.apa.kaf.com.tel.int.KafkaMetricsCollector] (main) initializing Kafka metrics collector
2025-08-12 14:51:59,251 INFO  [org.apa.kaf.cli.pro.KafkaProducer] (main) [Producer clientId=Producer-topic-8f1b2fda_3bb3_4dc4_9659_2c056d52f2a3] Instantiated an idempotent producer.
2025-08-12 14:51:59,253 INFO  [org.apa.kaf.cli.pro.ProducerConfig] (main) These configurations '[apicurio.registry.url, apicurio.registry.artifact-resolver-strategy]' were supplied but are not used yet.
2025-08-12 14:51:59,253 INFO  [org.apa.kaf.com.uti.AppInfoParser] (main) Kafka version: 3.9.1
2025-08-12 14:51:59,253 INFO  [org.apa.kaf.com.uti.AppInfoParser] (main) Kafka commitId: f745dfdcee2b9851
2025-08-12 14:51:59,253 INFO  [org.apa.kaf.com.uti.AppInfoParser] (main) Kafka startTimeMs: 1755010319253
2025-08-12 14:51:59,256 INFO  [io.api.tes.ser.api.KafkaSerdesTester] (Thread-676) Sending message {"key11755010312845": "value-0", "key21755010318039": "value-0"} to topic topic-8f1b2fda_3bb3_4dc4_9659_2c056d52f2a3
2025-08-12 14:51:59,259 INFO  [org.apa.kaf.cli.Metadata] (kafka-producer-network-thread | Producer-topic-8f1b2fda_3bb3_4dc4_9659_2c056d52f2a3) [Producer clientId=Producer-topic-8f1b2fda_3bb3_4dc4_9659_2c056d52f2a3] Cluster ID: FMImeSt9THyuSk_CoOu4HQ
2025-08-12 14:51:59,259 INFO  [org.apa.kaf.cli.pro.int.TransactionManager] (kafka-producer-network-thread | Producer-topic-8f1b2fda_3bb3_4dc4_9659_2c056d52f2a3) [Producer clientId=Producer-topic-8f1b2fda_3bb3_4dc4_9659_2c056d52f2a3] ProducerId set to 13 with epoch 0
2025-08-12 14:51:59,259 INFO  [DefaultSchemaResolver] (Thread-676) Retrieving schema content using string: {"type":"record","name":"s89fa13cex1768x469bxa140x809e98506fe9","namespace":"ns_1831051d_cf3c_4026_af4b_36108700c8f4","fields":[{"name":"key11755010312845","type":"string"},{"name":"key21755010318039","type":"string"}]}
2025-08-12 14:51:59,425 INFO  [io.api.tes.ser.api.KafkaSerdesTester] (Thread-676) Sending message {"key11755010312845": "value-1", "key21755010318039": "value-1"} to topic topic-8f1b2fda_3bb3_4dc4_9659_2c056d52f2a3
2025-08-12 14:51:59,430 INFO  [io.api.tes.ser.api.KafkaSerdesTester] (Thread-676) Sending message {"key11755010312845": "value-2", "key21755010318039": "value-2"} to topic topic-8f1b2fda_3bb3_4dc4_9659_2c056d52f2a3
2025-08-12 14:51:59,433 INFO  [io.api.tes.ser.api.KafkaSerdesTester] (Thread-676) Sending message {"key11755010312845": "value-3", "key21755010318039": "value-3"} to topic topic-8f1b2fda_3bb3_4dc4_9659_2c056d52f2a3
2025-08-12 14:51:59,435 INFO  [io.api.tes.ser.api.KafkaSerdesTester] (Thread-676) Sending message {"key11755010312845": "value-4", "key21755010318039": "value-4"} to topic topic-8f1b2fda_3bb3_4dc4_9659_2c056d52f2a3
2025-08-12 14:51:59,437 INFO  [io.api.tes.ser.api.KafkaSerdesTester] (Thread-676) Sending message {"key11755010312845": "value-5", "key21755010318039": "value-5"} to topic topic-8f1b2fda_3bb3_4dc4_9659_2c056d52f2a3
2025-08-12 14:51:59,440 INFO  [io.api.tes.ser.api.KafkaSerdesTester] (Thread-676) Sending message {"key11755010312845": "value-6", "key21755010318039": "value-6"} to topic topic-8f1b2fda_3bb3_4dc4_9659_2c056d52f2a3
2025-08-12 14:51:59,442 INFO  [io.api.tes.ser.api.KafkaSerdesTester] (Thread-676) Sending message {"key11755010312845": "value-7", "key21755010318039": "value-7"} to topic topic-8f1b2fda_3bb3_4dc4_9659_2c056d52f2a3
2025-08-12 14:51:59,443 INFO  [io.api.tes.ser.api.KafkaSerdesTester] (Thread-676) Sending message {"key11755010312845": "value-8", "key21755010318039": "value-8"} to topic topic-8f1b2fda_3bb3_4dc4_9659_2c056d52f2a3
2025-08-12 14:51:59,445 INFO  [io.api.tes.ser.api.KafkaSerdesTester] (Thread-676) Sending message {"key11755010312845": "value-9", "key21755010318039": "value-9"} to topic topic-8f1b2fda_3bb3_4dc4_9659_2c056d52f2a3
2025-08-12 14:51:59,446 INFO  [io.api.tes.ser.api.KafkaSerdesTester] (Thread-676) Produced 10 messages
2025-08-12 14:51:59,446 INFO  [org.apa.kaf.cli.pro.KafkaProducer] (Thread-676) [Producer clientId=Producer-topic-8f1b2fda_3bb3_4dc4_9659_2c056d52f2a3] Closing the Kafka producer with timeoutMillis = 9223372036854775807 ms.
2025-08-12 14:51:59,449 INFO  [org.apa.kaf.com.met.Metrics] (Thread-676) Metrics scheduler closed
2025-08-12 14:51:59,449 INFO  [org.apa.kaf.com.met.Metrics] (Thread-676) Closing reporter org.apache.kafka.common.metrics.JmxReporter
2025-08-12 14:51:59,449 INFO  [org.apa.kaf.com.met.Metrics] (Thread-676) Closing reporter org.apache.kafka.common.telemetry.internals.ClientTelemetryReporter
2025-08-12 14:51:59,449 INFO  [org.apa.kaf.com.met.Metrics] (Thread-676) Metrics reporters closed
2025-08-12 14:51:59,449 INFO  [org.apa.kaf.com.uti.AppInfoParser] (Thread-676) App info kafka.producer for Producer-topic-8f1b2fda_3bb3_4dc4_9659_2c056d52f2a3 unregistered
**** Registry Base URL: http://registry-app-mysql.apps.ci419.apicurio-testing.org:80
2025-08-12 14:51:59,450 INFO  [org.apa.kaf.cli.pro.ProducerConfig] (main) ProducerConfig values: 
	acks = -1
	auto.include.jmx.reporter = true
	batch.size = 16384
	bootstrap.servers = [PLAINTEXT://localhost:32769]
	buffer.memory = 33554432
	client.dns.lookup = use_all_dns_ips
	client.id = Producer-topic-8f1b2fda_3bb3_4dc4_9659_2c056d52f2a3
	compression.gzip.level = -1
	compression.lz4.level = 9
	compression.type = none
	compression.zstd.level = 3
	connections.max.idle.ms = 10000
	delivery.timeout.ms = 120000
	enable.idempotence = true
	enable.metrics.push = true
	interceptor.classes = []
	key.serializer = class org.apache.kafka.common.serialization.StringSerializer
	linger.ms = 0
	max.block.ms = 60000
	max.in.flight.requests.per.connection = 5
	max.request.size = 1048576
	metadata.max.age.ms = 300000
	metadata.max.idle.ms = 300000
	metadata.recovery.strategy = none
	metric.reporters = []
	metrics.num.samples = 2
	metrics.recording.level = INFO
	metrics.sample.window.ms = 30000
	partitioner.adaptive.partitioning.enable = true
	partitioner.availability.timeout.ms = 0
	partitioner.class = null
	partitioner.ignore.keys = false
	receive.buffer.bytes = 32768
	reconnect.backoff.max.ms = 1000
	reconnect.backoff.ms = 50
	request.timeout.ms = 5000
	retries = 2147483647
	retry.backoff.max.ms = 1000
	retry.backoff.ms = 100
	sasl.client.callback.handler.class = null
	sasl.jaas.config = null
	sasl.kerberos.kinit.cmd = /usr/bin/kinit
	sasl.kerberos.min.time.before.relogin = 60000
	sasl.kerberos.service.name = null
	sasl.kerberos.ticket.renew.jitter = 0.05
	sasl.kerberos.ticket.renew.window.factor = 0.8
	sasl.login.callback.handler.class = null
	sasl.login.class = null
	sasl.login.connect.timeout.ms = null
	sasl.login.read.timeout.ms = null
	sasl.login.refresh.buffer.seconds = 300
	sasl.login.refresh.min.period.seconds = 60
	sasl.login.refresh.window.factor = 0.8
	sasl.login.refresh.window.jitter = 0.05
	sasl.login.retry.backoff.max.ms = 10000
	sasl.login.retry.backoff.ms = 100
	sasl.mechanism = GSSAPI
	sasl.oauthbearer.clock.skew.seconds = 30
	sasl.oauthbearer.expected.audience = null
	sasl.oauthbearer.expected.issuer = null
	sasl.oauthbearer.header.urlencode = false
	sasl.oauthbearer.jwks.endpoint.refresh.ms = 3600000
	sasl.oauthbearer.jwks.endpoint.retry.backoff.max.ms = 10000
	sasl.oauthbearer.jwks.endpoint.retry.backoff.ms = 100
	sasl.oauthbearer.jwks.endpoint.url = null
	sasl.oauthbearer.scope.claim.name = scope
	sasl.oauthbearer.sub.claim.name = sub
	sasl.oauthbearer.token.endpoint.url = null
	security.protocol = PLAINTEXT
	security.providers = null
	send.buffer.bytes = 131072
	socket.connection.setup.timeout.max.ms = 30000
	socket.connection.setup.timeout.ms = 10000
	ssl.cipher.suites = null
	ssl.enabled.protocols = [TLSv1.2, TLSv1.3]
	ssl.endpoint.identification.algorithm = https
	ssl.engine.factory.class = null
	ssl.key.password = null
	ssl.keymanager.algorithm = SunX509
	ssl.keystore.certificate.chain = null
	ssl.keystore.key = null
	ssl.keystore.location = null
	ssl.keystore.password = null
	ssl.keystore.type = JKS
	ssl.protocol = TLSv1.3
	ssl.provider = null
	ssl.secure.random.implementation = null
	ssl.trustmanager.algorithm = PKIX
	ssl.truststore.certificates = null
	ssl.truststore.location = null
	ssl.truststore.password = null
	ssl.truststore.type = JKS
	transaction.timeout.ms = 60000
	transactional.id = null
	value.serializer = class io.apicurio.registry.serde.avro.AvroKafkaSerializer

2025-08-12 14:51:59,451 INFO  [org.apa.kaf.com.tel.int.KafkaMetricsCollector] (main) initializing Kafka metrics collector
2025-08-12 14:51:59,457 INFO  [org.apa.kaf.cli.pro.KafkaProducer] (main) [Producer clientId=Producer-topic-8f1b2fda_3bb3_4dc4_9659_2c056d52f2a3] Instantiated an idempotent producer.
2025-08-12 14:51:59,459 INFO  [org.apa.kaf.cli.pro.ProducerConfig] (main) These configurations '[apicurio.registry.url, apicurio.registry.artifact-resolver-strategy]' were supplied but are not used yet.
2025-08-12 14:51:59,459 INFO  [org.apa.kaf.com.uti.AppInfoParser] (main) Kafka version: 3.9.1
2025-08-12 14:51:59,459 INFO  [org.apa.kaf.com.uti.AppInfoParser] (main) Kafka commitId: f745dfdcee2b9851
2025-08-12 14:51:59,459 INFO  [org.apa.kaf.com.uti.AppInfoParser] (main) Kafka startTimeMs: 1755010319459
2025-08-12 14:51:59,461 INFO  [io.api.tes.ser.api.KafkaSerdesTester] (Thread-679) Sending message {"key11755010312845": "value-0"} to topic topic-8f1b2fda_3bb3_4dc4_9659_2c056d52f2a3
2025-08-12 14:51:59,465 INFO  [org.apa.kaf.cli.Metadata] (kafka-producer-network-thread | Producer-topic-8f1b2fda_3bb3_4dc4_9659_2c056d52f2a3) [Producer clientId=Producer-topic-8f1b2fda_3bb3_4dc4_9659_2c056d52f2a3] Cluster ID: FMImeSt9THyuSk_CoOu4HQ
2025-08-12 14:51:59,465 INFO  [DefaultSchemaResolver] (Thread-679) Retrieving schema content using string: {"type":"record","name":"s89fa13cex1768x469bxa140x809e98506fe9","namespace":"ns_1831051d_cf3c_4026_af4b_36108700c8f4","fields":[{"name":"key11755010312845","type":"string"}]}
2025-08-12 14:51:59,466 INFO  [org.apa.kaf.cli.pro.int.TransactionManager] (kafka-producer-network-thread | Producer-topic-8f1b2fda_3bb3_4dc4_9659_2c056d52f2a3) [Producer clientId=Producer-topic-8f1b2fda_3bb3_4dc4_9659_2c056d52f2a3] ProducerId set to 14 with epoch 0
2025-08-12 14:51:59,639 INFO  [io.api.tes.ser.api.KafkaSerdesTester] (Thread-679) Sending message {"key11755010312845": "value-1"} to topic topic-8f1b2fda_3bb3_4dc4_9659_2c056d52f2a3
2025-08-12 14:51:59,643 INFO  [io.api.tes.ser.api.KafkaSerdesTester] (Thread-679) Sending message {"key11755010312845": "value-2"} to topic topic-8f1b2fda_3bb3_4dc4_9659_2c056d52f2a3
2025-08-12 14:51:59,646 INFO  [io.api.tes.ser.api.KafkaSerdesTester] (Thread-679) Sending message {"key11755010312845": "value-3"} to topic topic-8f1b2fda_3bb3_4dc4_9659_2c056d52f2a3
2025-08-12 14:51:59,650 INFO  [io.api.tes.ser.api.KafkaSerdesTester] (Thread-679) Sending message {"key11755010312845": "value-4"} to topic topic-8f1b2fda_3bb3_4dc4_9659_2c056d52f2a3
2025-08-12 14:51:59,654 INFO  [io.api.tes.ser.api.KafkaSerdesTester] (Thread-679) Sending message {"key11755010312845": "value-5"} to topic topic-8f1b2fda_3bb3_4dc4_9659_2c056d52f2a3
2025-08-12 14:51:59,656 INFO  [io.api.tes.ser.api.KafkaSerdesTester] (Thread-679) Sending message {"key11755010312845": "value-6"} to topic topic-8f1b2fda_3bb3_4dc4_9659_2c056d52f2a3
2025-08-12 14:51:59,659 INFO  [io.api.tes.ser.api.KafkaSerdesTester] (Thread-679) Sending message {"key11755010312845": "value-7"} to topic topic-8f1b2fda_3bb3_4dc4_9659_2c056d52f2a3
2025-08-12 14:51:59,697 INFO  [io.api.tes.ser.api.KafkaSerdesTester] (Thread-679) Sending message {"key11755010312845": "value-8"} to topic topic-8f1b2fda_3bb3_4dc4_9659_2c056d52f2a3
2025-08-12 14:51:59,700 INFO  [io.api.tes.ser.api.KafkaSerdesTester] (Thread-679) Sending message {"key11755010312845": "value-9"} to topic topic-8f1b2fda_3bb3_4dc4_9659_2c056d52f2a3
2025-08-12 14:51:59,702 INFO  [io.api.tes.ser.api.KafkaSerdesTester] (Thread-679) Produced 10 messages
2025-08-12 14:51:59,702 INFO  [org.apa.kaf.cli.pro.KafkaProducer] (Thread-679) [Producer clientId=Producer-topic-8f1b2fda_3bb3_4dc4_9659_2c056d52f2a3] Closing the Kafka producer with timeoutMillis = 9223372036854775807 ms.
2025-08-12 14:51:59,704 INFO  [org.apa.kaf.com.met.Metrics] (Thread-679) Metrics scheduler closed
2025-08-12 14:51:59,704 INFO  [org.apa.kaf.com.met.Metrics] (Thread-679) Closing reporter org.apache.kafka.common.metrics.JmxReporter
2025-08-12 14:51:59,704 INFO  [org.apa.kaf.com.met.Metrics] (Thread-679) Closing reporter org.apache.kafka.common.telemetry.internals.ClientTelemetryReporter
2025-08-12 14:51:59,705 INFO  [org.apa.kaf.com.met.Metrics] (Thread-679) Metrics reporters closed
2025-08-12 14:51:59,705 INFO  [org.apa.kaf.com.uti.AppInfoParser] (Thread-679) App info kafka.producer for Producer-topic-8f1b2fda_3bb3_4dc4_9659_2c056d52f2a3 unregistered
**** Registry Base URL: http://registry-app-mysql.apps.ci419.apicurio-testing.org:80
2025-08-12 14:51:59,705 INFO  [org.apa.kaf.cli.con.ConsumerConfig] (main) ConsumerConfig values: 
	allow.auto.create.topics = true
	auto.commit.interval.ms = 500
	auto.include.jmx.reporter = true
	auto.offset.reset = earliest
	bootstrap.servers = [PLAINTEXT://localhost:32769]
	check.crcs = true
	client.dns.lookup = use_all_dns_ips
	client.id = consumer-Consumer-topic-8f1b2fda_3bb3_4dc4_9659_2c056d52f2a3-11
	client.rack = 
	connections.max.idle.ms = 10000
	default.api.timeout.ms = 60000
	enable.auto.commit = true
	enable.metrics.push = true
	exclude.internal.topics = true
	fetch.max.bytes = 52428800
	fetch.max.wait.ms = 500
	fetch.min.bytes = 1
	group.id = Consumer-topic-8f1b2fda_3bb3_4dc4_9659_2c056d52f2a3
	group.instance.id = null
	group.protocol = classic
	group.remote.assignor = null
	heartbeat.interval.ms = 3000
	interceptor.classes = []
	internal.leave.group.on.close = true
	internal.throw.on.fetch.stable.offset.unsupported = false
	isolation.level = read_uncommitted
	key.deserializer = class org.apache.kafka.common.serialization.StringDeserializer
	max.partition.fetch.bytes = 1048576
	max.poll.interval.ms = 300000
	max.poll.records = 500
	metadata.max.age.ms = 300000
	metadata.recovery.strategy = none
	metric.reporters = []
	metrics.num.samples = 2
	metrics.recording.level = INFO
	metrics.sample.window.ms = 30000
	partition.assignment.strategy = [class org.apache.kafka.clients.consumer.RangeAssignor, class org.apache.kafka.clients.consumer.CooperativeStickyAssignor]
	receive.buffer.bytes = 65536
	reconnect.backoff.max.ms = 1000
	reconnect.backoff.ms = 50
	request.timeout.ms = 5000
	retry.backoff.max.ms = 1000
	retry.backoff.ms = 100
	sasl.client.callback.handler.class = null
	sasl.jaas.config = null
	sasl.kerberos.kinit.cmd = /usr/bin/kinit
	sasl.kerberos.min.time.before.relogin = 60000
	sasl.kerberos.service.name = null
	sasl.kerberos.ticket.renew.jitter = 0.05
	sasl.kerberos.ticket.renew.window.factor = 0.8
	sasl.login.callback.handler.class = null
	sasl.login.class = null
	sasl.login.connect.timeout.ms = null
	sasl.login.read.timeout.ms = null
	sasl.login.refresh.buffer.seconds = 300
	sasl.login.refresh.min.period.seconds = 60
	sasl.login.refresh.window.factor = 0.8
	sasl.login.refresh.window.jitter = 0.05
	sasl.login.retry.backoff.max.ms = 10000
	sasl.login.retry.backoff.ms = 100
	sasl.mechanism = GSSAPI
	sasl.oauthbearer.clock.skew.seconds = 30
	sasl.oauthbearer.expected.audience = null
	sasl.oauthbearer.expected.issuer = null
	sasl.oauthbearer.header.urlencode = false
	sasl.oauthbearer.jwks.endpoint.refresh.ms = 3600000
	sasl.oauthbearer.jwks.endpoint.retry.backoff.max.ms = 10000
	sasl.oauthbearer.jwks.endpoint.retry.backoff.ms = 100
	sasl.oauthbearer.jwks.endpoint.url = null
	sasl.oauthbearer.scope.claim.name = scope
	sasl.oauthbearer.sub.claim.name = sub
	sasl.oauthbearer.token.endpoint.url = null
	security.protocol = PLAINTEXT
	security.providers = null
	send.buffer.bytes = 131072
	session.timeout.ms = 45000
	socket.connection.setup.timeout.max.ms = 30000
	socket.connection.setup.timeout.ms = 10000
	ssl.cipher.suites = null
	ssl.enabled.protocols = [TLSv1.2, TLSv1.3]
	ssl.endpoint.identification.algorithm = https
	ssl.engine.factory.class = null
	ssl.key.password = null
	ssl.keymanager.algorithm = SunX509
	ssl.keystore.certificate.chain = null
	ssl.keystore.key = null
	ssl.keystore.location = null
	ssl.keystore.password = null
	ssl.keystore.type = JKS
	ssl.protocol = TLSv1.3
	ssl.provider = null
	ssl.secure.random.implementation = null
	ssl.trustmanager.algorithm = PKIX
	ssl.truststore.certificates = null
	ssl.truststore.location = null
	ssl.truststore.password = null
	ssl.truststore.type = JKS
	value.deserializer = class io.apicurio.registry.serde.avro.AvroKafkaDeserializer

2025-08-12 14:51:59,706 INFO  [org.apa.kaf.com.tel.int.KafkaMetricsCollector] (main) initializing Kafka metrics collector
2025-08-12 14:51:59,712 INFO  [org.apa.kaf.cli.con.ConsumerConfig] (main) These configurations '[apicurio.registry.url]' were supplied but are not used yet.
2025-08-12 14:51:59,712 INFO  [org.apa.kaf.com.uti.AppInfoParser] (main) Kafka version: 3.9.1
2025-08-12 14:51:59,712 INFO  [org.apa.kaf.com.uti.AppInfoParser] (main) Kafka commitId: f745dfdcee2b9851
2025-08-12 14:51:59,712 INFO  [org.apa.kaf.com.uti.AppInfoParser] (main) Kafka startTimeMs: 1755010319712
2025-08-12 14:51:59,713 INFO  [org.apa.kaf.cli.con.int.ClassicKafkaConsumer] (Thread-682) [Consumer clientId=consumer-Consumer-topic-8f1b2fda_3bb3_4dc4_9659_2c056d52f2a3-11, groupId=Consumer-topic-8f1b2fda_3bb3_4dc4_9659_2c056d52f2a3] Subscribed to topic(s): topic-8f1b2fda_3bb3_4dc4_9659_2c056d52f2a3
2025-08-12 14:51:59,717 INFO  [org.apa.kaf.cli.Metadata] (Thread-682) [Consumer clientId=consumer-Consumer-topic-8f1b2fda_3bb3_4dc4_9659_2c056d52f2a3-11, groupId=Consumer-topic-8f1b2fda_3bb3_4dc4_9659_2c056d52f2a3] Cluster ID: FMImeSt9THyuSk_CoOu4HQ
2025-08-12 14:51:59,720 INFO  [org.apa.kaf.cli.con.int.ConsumerCoordinator] (Thread-682) [Consumer clientId=consumer-Consumer-topic-8f1b2fda_3bb3_4dc4_9659_2c056d52f2a3-11, groupId=Consumer-topic-8f1b2fda_3bb3_4dc4_9659_2c056d52f2a3] Discovered group coordinator localhost:32769 (id: 2147483647 rack: null)
2025-08-12 14:51:59,722 INFO  [org.apa.kaf.cli.con.int.ConsumerCoordinator] (Thread-682) [Consumer clientId=consumer-Consumer-topic-8f1b2fda_3bb3_4dc4_9659_2c056d52f2a3-11, groupId=Consumer-topic-8f1b2fda_3bb3_4dc4_9659_2c056d52f2a3] (Re-)joining group
2025-08-12 14:51:59,723 INFO  [org.apa.kaf.cli.con.int.ConsumerCoordinator] (Thread-682) [Consumer clientId=consumer-Consumer-topic-8f1b2fda_3bb3_4dc4_9659_2c056d52f2a3-11, groupId=Consumer-topic-8f1b2fda_3bb3_4dc4_9659_2c056d52f2a3] Request joining group due to: need to re-join with the given member-id: consumer-Consumer-topic-8f1b2fda_3bb3_4dc4_9659_2c056d52f2a3-11-5c9c3bb7-5ec3-497f-bf9f-168ae76e7a13
2025-08-12 14:51:59,723 INFO  [org.apa.kaf.cli.con.int.ConsumerCoordinator] (Thread-682) [Consumer clientId=consumer-Consumer-topic-8f1b2fda_3bb3_4dc4_9659_2c056d52f2a3-11, groupId=Consumer-topic-8f1b2fda_3bb3_4dc4_9659_2c056d52f2a3] (Re-)joining group
2025-08-12 14:52:00,713 INFO  [io.api.tes.ser.api.KafkaSerdesTester] (Thread-682) None found
2025-08-12 14:52:01,713 INFO  [io.api.tes.ser.api.KafkaSerdesTester] (Thread-682) None found
2025-08-12 14:52:02,713 INFO  [io.api.tes.ser.api.KafkaSerdesTester] (Thread-682) None found
2025-08-12 14:52:02,726 INFO  [org.apa.kaf.cli.con.int.ConsumerCoordinator] (Thread-682) [Consumer clientId=consumer-Consumer-topic-8f1b2fda_3bb3_4dc4_9659_2c056d52f2a3-11, groupId=Consumer-topic-8f1b2fda_3bb3_4dc4_9659_2c056d52f2a3] Successfully joined group with generation Generation{generationId=3, memberId='consumer-Consumer-topic-8f1b2fda_3bb3_4dc4_9659_2c056d52f2a3-11-5c9c3bb7-5ec3-497f-bf9f-168ae76e7a13', protocol='range'}
2025-08-12 14:52:02,727 INFO  [org.apa.kaf.cli.con.int.ConsumerCoordinator] (Thread-682) [Consumer clientId=consumer-Consumer-topic-8f1b2fda_3bb3_4dc4_9659_2c056d52f2a3-11, groupId=Consumer-topic-8f1b2fda_3bb3_4dc4_9659_2c056d52f2a3] Finished assignment for group at generation 3: {consumer-Consumer-topic-8f1b2fda_3bb3_4dc4_9659_2c056d52f2a3-11-5c9c3bb7-5ec3-497f-bf9f-168ae76e7a13=Assignment(partitions=[topic-8f1b2fda_3bb3_4dc4_9659_2c056d52f2a3-0])}
2025-08-12 14:52:02,736 INFO  [org.apa.kaf.cli.con.int.ConsumerCoordinator] (Thread-682) [Consumer clientId=consumer-Consumer-topic-8f1b2fda_3bb3_4dc4_9659_2c056d52f2a3-11, groupId=Consumer-topic-8f1b2fda_3bb3_4dc4_9659_2c056d52f2a3] Successfully synced group in generation Generation{generationId=3, memberId='consumer-Consumer-topic-8f1b2fda_3bb3_4dc4_9659_2c056d52f2a3-11-5c9c3bb7-5ec3-497f-bf9f-168ae76e7a13', protocol='range'}
2025-08-12 14:52:02,736 INFO  [org.apa.kaf.cli.con.int.ConsumerCoordinator] (Thread-682) [Consumer clientId=consumer-Consumer-topic-8f1b2fda_3bb3_4dc4_9659_2c056d52f2a3-11, groupId=Consumer-topic-8f1b2fda_3bb3_4dc4_9659_2c056d52f2a3] Notifying assignor about the new Assignment(partitions=[topic-8f1b2fda_3bb3_4dc4_9659_2c056d52f2a3-0])
2025-08-12 14:52:02,736 INFO  [org.apa.kaf.cli.con.int.ConsumerRebalanceListenerInvoker] (Thread-682) [Consumer clientId=consumer-Consumer-topic-8f1b2fda_3bb3_4dc4_9659_2c056d52f2a3-11, groupId=Consumer-topic-8f1b2fda_3bb3_4dc4_9659_2c056d52f2a3] Adding newly assigned partitions: topic-8f1b2fda_3bb3_4dc4_9659_2c056d52f2a3-0
2025-08-12 14:52:02,738 INFO  [org.apa.kaf.cli.con.int.ConsumerUtils] (Thread-682) Setting offset for partition topic-8f1b2fda_3bb3_4dc4_9659_2c056d52f2a3-0 to the committed offset FetchPosition{offset=10, offsetEpoch=Optional[0], currentLeader=LeaderAndEpoch{leader=Optional[localhost:32769 (id: 0 rack: null)], epoch=0}}
2025-08-12 14:52:03,162 INFO  [io.api.tes.ser.api.KafkaSerdesTester] (Thread-682) topic-8f1b2fda_3bb3_4dc4_9659_2c056d52f2a3 0 10 {"key11755010312845": "value-0", "key21755010318039": "value-0"}
2025-08-12 14:52:03,162 INFO  [io.api.tes.ser.api.KafkaSerdesTester] (Thread-682) topic-8f1b2fda_3bb3_4dc4_9659_2c056d52f2a3 0 11 {"key11755010312845": "value-1", "key21755010318039": "value-1"}
2025-08-12 14:52:03,162 INFO  [io.api.tes.ser.api.KafkaSerdesTester] (Thread-682) topic-8f1b2fda_3bb3_4dc4_9659_2c056d52f2a3 0 12 {"key11755010312845": "value-2", "key21755010318039": "value-2"}
2025-08-12 14:52:03,162 INFO  [io.api.tes.ser.api.KafkaSerdesTester] (Thread-682) topic-8f1b2fda_3bb3_4dc4_9659_2c056d52f2a3 0 13 {"key11755010312845": "value-3", "key21755010318039": "value-3"}
2025-08-12 14:52:03,163 INFO  [io.api.tes.ser.api.KafkaSerdesTester] (Thread-682) topic-8f1b2fda_3bb3_4dc4_9659_2c056d52f2a3 0 14 {"key11755010312845": "value-4", "key21755010318039": "value-4"}
2025-08-12 14:52:03,163 INFO  [io.api.tes.ser.api.KafkaSerdesTester] (Thread-682) topic-8f1b2fda_3bb3_4dc4_9659_2c056d52f2a3 0 15 {"key11755010312845": "value-5", "key21755010318039": "value-5"}
2025-08-12 14:52:03,163 INFO  [io.api.tes.ser.api.KafkaSerdesTester] (Thread-682) topic-8f1b2fda_3bb3_4dc4_9659_2c056d52f2a3 0 16 {"key11755010312845": "value-6", "key21755010318039": "value-6"}
2025-08-12 14:52:03,163 INFO  [io.api.tes.ser.api.KafkaSerdesTester] (Thread-682) topic-8f1b2fda_3bb3_4dc4_9659_2c056d52f2a3 0 17 {"key11755010312845": "value-7", "key21755010318039": "value-7"}
2025-08-12 14:52:03,163 INFO  [io.api.tes.ser.api.KafkaSerdesTester] (Thread-682) topic-8f1b2fda_3bb3_4dc4_9659_2c056d52f2a3 0 18 {"key11755010312845": "value-8", "key21755010318039": "value-8"}
2025-08-12 14:52:03,163 INFO  [io.api.tes.ser.api.KafkaSerdesTester] (Thread-682) topic-8f1b2fda_3bb3_4dc4_9659_2c056d52f2a3 0 19 {"key11755010312845": "value-9", "key21755010318039": "value-9"}
2025-08-12 14:52:03,163 INFO  [io.api.tes.ser.api.KafkaSerdesTester] (Thread-682) topic-8f1b2fda_3bb3_4dc4_9659_2c056d52f2a3 0 20 {"key11755010312845": "value-0"}
2025-08-12 14:52:03,163 INFO  [io.api.tes.ser.api.KafkaSerdesTester] (Thread-682) topic-8f1b2fda_3bb3_4dc4_9659_2c056d52f2a3 0 21 {"key11755010312845": "value-1"}
2025-08-12 14:52:03,163 INFO  [io.api.tes.ser.api.KafkaSerdesTester] (Thread-682) topic-8f1b2fda_3bb3_4dc4_9659_2c056d52f2a3 0 22 {"key11755010312845": "value-2"}
2025-08-12 14:52:03,163 INFO  [io.api.tes.ser.api.KafkaSerdesTester] (Thread-682) topic-8f1b2fda_3bb3_4dc4_9659_2c056d52f2a3 0 23 {"key11755010312845": "value-3"}
2025-08-12 14:52:03,163 INFO  [io.api.tes.ser.api.KafkaSerdesTester] (Thread-682) topic-8f1b2fda_3bb3_4dc4_9659_2c056d52f2a3 0 24 {"key11755010312845": "value-4"}
2025-08-12 14:52:03,163 INFO  [io.api.tes.ser.api.KafkaSerdesTester] (Thread-682) topic-8f1b2fda_3bb3_4dc4_9659_2c056d52f2a3 0 25 {"key11755010312845": "value-5"}
2025-08-12 14:52:03,163 INFO  [io.api.tes.ser.api.KafkaSerdesTester] (Thread-682) topic-8f1b2fda_3bb3_4dc4_9659_2c056d52f2a3 0 26 {"key11755010312845": "value-6"}
2025-08-12 14:52:03,163 INFO  [io.api.tes.ser.api.KafkaSerdesTester] (Thread-682) topic-8f1b2fda_3bb3_4dc4_9659_2c056d52f2a3 0 27 {"key11755010312845": "value-7"}
2025-08-12 14:52:03,163 INFO  [io.api.tes.ser.api.KafkaSerdesTester] (Thread-682) topic-8f1b2fda_3bb3_4dc4_9659_2c056d52f2a3 0 28 {"key11755010312845": "value-8"}
2025-08-12 14:52:03,163 INFO  [io.api.tes.ser.api.KafkaSerdesTester] (Thread-682) topic-8f1b2fda_3bb3_4dc4_9659_2c056d52f2a3 0 29 {"key11755010312845": "value-9"}
2025-08-12 14:52:03,163 INFO  [io.api.tes.ser.api.KafkaSerdesTester] (Thread-682) Consumed 20 messages
2025-08-12 14:52:03,171 INFO  [org.apa.kaf.cli.con.int.ConsumerRebalanceListenerInvoker] (Thread-682) [Consumer clientId=consumer-Consumer-topic-8f1b2fda_3bb3_4dc4_9659_2c056d52f2a3-11, groupId=Consumer-topic-8f1b2fda_3bb3_4dc4_9659_2c056d52f2a3] Revoke previously assigned partitions topic-8f1b2fda_3bb3_4dc4_9659_2c056d52f2a3-0
2025-08-12 14:52:03,171 INFO  [org.apa.kaf.cli.con.int.ConsumerCoordinator] (Thread-682) [Consumer clientId=consumer-Consumer-topic-8f1b2fda_3bb3_4dc4_9659_2c056d52f2a3-11, groupId=Consumer-topic-8f1b2fda_3bb3_4dc4_9659_2c056d52f2a3] Member consumer-Consumer-topic-8f1b2fda_3bb3_4dc4_9659_2c056d52f2a3-11-5c9c3bb7-5ec3-497f-bf9f-168ae76e7a13 sending LeaveGroup request to coordinator localhost:32769 (id: 2147483647 rack: null) due to the consumer is being closed
2025-08-12 14:52:03,171 INFO  [org.apa.kaf.cli.con.int.ConsumerCoordinator] (Thread-682) [Consumer clientId=consumer-Consumer-topic-8f1b2fda_3bb3_4dc4_9659_2c056d52f2a3-11, groupId=Consumer-topic-8f1b2fda_3bb3_4dc4_9659_2c056d52f2a3] Resetting generation and member id due to: consumer pro-actively leaving the group
2025-08-12 14:52:03,171 INFO  [org.apa.kaf.cli.con.int.ConsumerCoordinator] (Thread-682) [Consumer clientId=consumer-Consumer-topic-8f1b2fda_3bb3_4dc4_9659_2c056d52f2a3-11, groupId=Consumer-topic-8f1b2fda_3bb3_4dc4_9659_2c056d52f2a3] Request joining group due to: consumer pro-actively leaving the group
2025-08-12 14:52:03,666 INFO  [org.apa.kaf.com.met.Metrics] (Thread-682) Metrics scheduler closed
2025-08-12 14:52:03,666 INFO  [org.apa.kaf.com.met.Metrics] (Thread-682) Closing reporter org.apache.kafka.common.metrics.JmxReporter
2025-08-12 14:52:03,666 INFO  [org.apa.kaf.com.met.Metrics] (Thread-682) Closing reporter org.apache.kafka.common.telemetry.internals.ClientTelemetryReporter
2025-08-12 14:52:03,666 INFO  [org.apa.kaf.com.met.Metrics] (Thread-682) Metrics reporters closed
2025-08-12 14:52:03,669 INFO  [org.apa.kaf.com.uti.AppInfoParser] (Thread-682) App info kafka.consumer for consumer-Consumer-topic-8f1b2fda_3bb3_4dc4_9659_2c056d52f2a3-11 unregistered
2025-08-12 14:52:03,670 INFO  [io.api.tes.ser.api.AvroSerdeIT] (main) Registering Avro Schema 3: {"type":"record","name":"s89fa13cex1768x469bxa140x809e98506fe9","namespace":"ns_1831051d_cf3c_4026_af4b_36108700c8f4","fields":[{"name":"key11755010312845","type":"string"},{"name":"key21755010318039","type":"string"},{"name":"key31755010323669","type":"string"}]}
**** Registry Base URL: http://registry-app-mysql.apps.ci419.apicurio-testing.org:80
2025-08-12 14:52:04,863 INFO  [org.apa.kaf.cli.pro.ProducerConfig] (main) ProducerConfig values: 
	acks = -1
	auto.include.jmx.reporter = true
	batch.size = 16384
	bootstrap.servers = [PLAINTEXT://localhost:32769]
	buffer.memory = 33554432
	client.dns.lookup = use_all_dns_ips
	client.id = Producer-topic-8f1b2fda_3bb3_4dc4_9659_2c056d52f2a3
	compression.gzip.level = -1
	compression.lz4.level = 9
	compression.type = none
	compression.zstd.level = 3
	connections.max.idle.ms = 10000
	delivery.timeout.ms = 120000
	enable.idempotence = true
	enable.metrics.push = true
	interceptor.classes = []
	key.serializer = class org.apache.kafka.common.serialization.StringSerializer
	linger.ms = 0
	max.block.ms = 60000
	max.in.flight.requests.per.connection = 5
	max.request.size = 1048576
	metadata.max.age.ms = 300000
	metadata.max.idle.ms = 300000
	metadata.recovery.strategy = none
	metric.reporters = []
	metrics.num.samples = 2
	metrics.recording.level = INFO
	metrics.sample.window.ms = 30000
	partitioner.adaptive.partitioning.enable = true
	partitioner.availability.timeout.ms = 0
	partitioner.class = null
	partitioner.ignore.keys = false
	receive.buffer.bytes = 32768
	reconnect.backoff.max.ms = 1000
	reconnect.backoff.ms = 50
	request.timeout.ms = 5000
	retries = 2147483647
	retry.backoff.max.ms = 1000
	retry.backoff.ms = 100
	sasl.client.callback.handler.class = null
	sasl.jaas.config = null
	sasl.kerberos.kinit.cmd = /usr/bin/kinit
	sasl.kerberos.min.time.before.relogin = 60000
	sasl.kerberos.service.name = null
	sasl.kerberos.ticket.renew.jitter = 0.05
	sasl.kerberos.ticket.renew.window.factor = 0.8
	sasl.login.callback.handler.class = null
	sasl.login.class = null
	sasl.login.connect.timeout.ms = null
	sasl.login.read.timeout.ms = null
	sasl.login.refresh.buffer.seconds = 300
	sasl.login.refresh.min.period.seconds = 60
	sasl.login.refresh.window.factor = 0.8
	sasl.login.refresh.window.jitter = 0.05
	sasl.login.retry.backoff.max.ms = 10000
	sasl.login.retry.backoff.ms = 100
	sasl.mechanism = GSSAPI
	sasl.oauthbearer.clock.skew.seconds = 30
	sasl.oauthbearer.expected.audience = null
	sasl.oauthbearer.expected.issuer = null
	sasl.oauthbearer.header.urlencode = false
	sasl.oauthbearer.jwks.endpoint.refresh.ms = 3600000
	sasl.oauthbearer.jwks.endpoint.retry.backoff.max.ms = 10000
	sasl.oauthbearer.jwks.endpoint.retry.backoff.ms = 100
	sasl.oauthbearer.jwks.endpoint.url = null
	sasl.oauthbearer.scope.claim.name = scope
	sasl.oauthbearer.sub.claim.name = sub
	sasl.oauthbearer.token.endpoint.url = null
	security.protocol = PLAINTEXT
	security.providers = null
	send.buffer.bytes = 131072
	socket.connection.setup.timeout.max.ms = 30000
	socket.connection.setup.timeout.ms = 10000
	ssl.cipher.suites = null
	ssl.enabled.protocols = [TLSv1.2, TLSv1.3]
	ssl.endpoint.identification.algorithm = https
	ssl.engine.factory.class = null
	ssl.key.password = null
	ssl.keymanager.algorithm = SunX509
	ssl.keystore.certificate.chain = null
	ssl.keystore.key = null
	ssl.keystore.location = null
	ssl.keystore.password = null
	ssl.keystore.type = JKS
	ssl.protocol = TLSv1.3
	ssl.provider = null
	ssl.secure.random.implementation = null
	ssl.trustmanager.algorithm = PKIX
	ssl.truststore.certificates = null
	ssl.truststore.location = null
	ssl.truststore.password = null
	ssl.truststore.type = JKS
	transaction.timeout.ms = 60000
	transactional.id = null
	value.serializer = class io.apicurio.registry.serde.avro.AvroKafkaSerializer

2025-08-12 14:52:04,863 INFO  [org.apa.kaf.com.tel.int.KafkaMetricsCollector] (main) initializing Kafka metrics collector
2025-08-12 14:52:04,868 INFO  [org.apa.kaf.cli.pro.KafkaProducer] (main) [Producer clientId=Producer-topic-8f1b2fda_3bb3_4dc4_9659_2c056d52f2a3] Instantiated an idempotent producer.
2025-08-12 14:52:04,871 INFO  [org.apa.kaf.cli.pro.ProducerConfig] (main) These configurations '[apicurio.registry.url, apicurio.registry.artifact-resolver-strategy]' were supplied but are not used yet.
2025-08-12 14:52:04,871 INFO  [org.apa.kaf.com.uti.AppInfoParser] (main) Kafka version: 3.9.1
2025-08-12 14:52:04,871 INFO  [org.apa.kaf.com.uti.AppInfoParser] (main) Kafka commitId: f745dfdcee2b9851
2025-08-12 14:52:04,871 INFO  [org.apa.kaf.com.uti.AppInfoParser] (main) Kafka startTimeMs: 1755010324871
2025-08-12 14:52:04,872 INFO  [io.api.tes.ser.api.KafkaSerdesTester] (Thread-685) Sending message {"key11755010312845": "value-0", "key21755010318039": "value-0", "key31755010323669": "value-0"} to topic topic-8f1b2fda_3bb3_4dc4_9659_2c056d52f2a3
2025-08-12 14:52:04,885 INFO  [org.apa.kaf.cli.Metadata] (kafka-producer-network-thread | Producer-topic-8f1b2fda_3bb3_4dc4_9659_2c056d52f2a3) [Producer clientId=Producer-topic-8f1b2fda_3bb3_4dc4_9659_2c056d52f2a3] Cluster ID: FMImeSt9THyuSk_CoOu4HQ
2025-08-12 14:52:04,885 INFO  [DefaultSchemaResolver] (Thread-685) Retrieving schema content using string: {"type":"record","name":"s89fa13cex1768x469bxa140x809e98506fe9","namespace":"ns_1831051d_cf3c_4026_af4b_36108700c8f4","fields":[{"name":"key11755010312845","type":"string"},{"name":"key21755010318039","type":"string"},{"name":"key31755010323669","type":"string"}]}
2025-08-12 14:52:04,887 INFO  [org.apa.kaf.cli.pro.int.TransactionManager] (kafka-producer-network-thread | Producer-topic-8f1b2fda_3bb3_4dc4_9659_2c056d52f2a3) [Producer clientId=Producer-topic-8f1b2fda_3bb3_4dc4_9659_2c056d52f2a3] ProducerId set to 15 with epoch 0
2025-08-12 14:52:05,050 INFO  [io.api.tes.ser.api.KafkaSerdesTester] (Thread-685) Sending message {"key11755010312845": "value-1", "key21755010318039": "value-1", "key31755010323669": "value-1"} to topic topic-8f1b2fda_3bb3_4dc4_9659_2c056d52f2a3
2025-08-12 14:52:05,057 INFO  [io.api.tes.ser.api.KafkaSerdesTester] (Thread-685) Sending message {"key11755010312845": "value-2", "key21755010318039": "value-2", "key31755010323669": "value-2"} to topic topic-8f1b2fda_3bb3_4dc4_9659_2c056d52f2a3
2025-08-12 14:52:05,059 INFO  [io.api.tes.ser.api.KafkaSerdesTester] (Thread-685) Sending message {"key11755010312845": "value-3", "key21755010318039": "value-3", "key31755010323669": "value-3"} to topic topic-8f1b2fda_3bb3_4dc4_9659_2c056d52f2a3
2025-08-12 14:52:05,066 INFO  [io.api.tes.ser.api.KafkaSerdesTester] (Thread-685) Sending message {"key11755010312845": "value-4", "key21755010318039": "value-4", "key31755010323669": "value-4"} to topic topic-8f1b2fda_3bb3_4dc4_9659_2c056d52f2a3
2025-08-12 14:52:05,069 INFO  [io.api.tes.ser.api.KafkaSerdesTester] (Thread-685) Sending message {"key11755010312845": "value-5", "key21755010318039": "value-5", "key31755010323669": "value-5"} to topic topic-8f1b2fda_3bb3_4dc4_9659_2c056d52f2a3
2025-08-12 14:52:05,074 INFO  [io.api.tes.ser.api.KafkaSerdesTester] (Thread-685) Sending message {"key11755010312845": "value-6", "key21755010318039": "value-6", "key31755010323669": "value-6"} to topic topic-8f1b2fda_3bb3_4dc4_9659_2c056d52f2a3
2025-08-12 14:52:05,076 INFO  [io.api.tes.ser.api.KafkaSerdesTester] (Thread-685) Sending message {"key11755010312845": "value-7", "key21755010318039": "value-7", "key31755010323669": "value-7"} to topic topic-8f1b2fda_3bb3_4dc4_9659_2c056d52f2a3
2025-08-12 14:52:05,079 INFO  [io.api.tes.ser.api.KafkaSerdesTester] (Thread-685) Sending message {"key11755010312845": "value-8", "key21755010318039": "value-8", "key31755010323669": "value-8"} to topic topic-8f1b2fda_3bb3_4dc4_9659_2c056d52f2a3
2025-08-12 14:52:05,080 INFO  [io.api.tes.ser.api.KafkaSerdesTester] (Thread-685) Sending message {"key11755010312845": "value-9", "key21755010318039": "value-9", "key31755010323669": "value-9"} to topic topic-8f1b2fda_3bb3_4dc4_9659_2c056d52f2a3
2025-08-12 14:52:05,082 INFO  [io.api.tes.ser.api.KafkaSerdesTester] (Thread-685) Produced 10 messages
2025-08-12 14:52:05,082 INFO  [org.apa.kaf.cli.pro.KafkaProducer] (Thread-685) [Producer clientId=Producer-topic-8f1b2fda_3bb3_4dc4_9659_2c056d52f2a3] Closing the Kafka producer with timeoutMillis = 9223372036854775807 ms.
2025-08-12 14:52:05,085 INFO  [org.apa.kaf.com.met.Metrics] (Thread-685) Metrics scheduler closed
2025-08-12 14:52:05,085 INFO  [org.apa.kaf.com.met.Metrics] (Thread-685) Closing reporter org.apache.kafka.common.metrics.JmxReporter
2025-08-12 14:52:05,085 INFO  [org.apa.kaf.com.met.Metrics] (Thread-685) Closing reporter org.apache.kafka.common.telemetry.internals.ClientTelemetryReporter
2025-08-12 14:52:05,085 INFO  [org.apa.kaf.com.met.Metrics] (Thread-685) Metrics reporters closed
2025-08-12 14:52:05,085 INFO  [org.apa.kaf.com.uti.AppInfoParser] (Thread-685) App info kafka.producer for Producer-topic-8f1b2fda_3bb3_4dc4_9659_2c056d52f2a3 unregistered
**** Registry Base URL: http://registry-app-mysql.apps.ci419.apicurio-testing.org:80
2025-08-12 14:52:05,086 INFO  [org.apa.kaf.cli.pro.ProducerConfig] (main) ProducerConfig values: 
	acks = -1
	auto.include.jmx.reporter = true
	batch.size = 16384
	bootstrap.servers = [PLAINTEXT://localhost:32769]
	buffer.memory = 33554432
	client.dns.lookup = use_all_dns_ips
	client.id = Producer-topic-8f1b2fda_3bb3_4dc4_9659_2c056d52f2a3
	compression.gzip.level = -1
	compression.lz4.level = 9
	compression.type = none
	compression.zstd.level = 3
	connections.max.idle.ms = 10000
	delivery.timeout.ms = 120000
	enable.idempotence = true
	enable.metrics.push = true
	interceptor.classes = []
	key.serializer = class org.apache.kafka.common.serialization.StringSerializer
	linger.ms = 0
	max.block.ms = 60000
	max.in.flight.requests.per.connection = 5
	max.request.size = 1048576
	metadata.max.age.ms = 300000
	metadata.max.idle.ms = 300000
	metadata.recovery.strategy = none
	metric.reporters = []
	metrics.num.samples = 2
	metrics.recording.level = INFO
	metrics.sample.window.ms = 30000
	partitioner.adaptive.partitioning.enable = true
	partitioner.availability.timeout.ms = 0
	partitioner.class = null
	partitioner.ignore.keys = false
	receive.buffer.bytes = 32768
	reconnect.backoff.max.ms = 1000
	reconnect.backoff.ms = 50
	request.timeout.ms = 5000
	retries = 2147483647
	retry.backoff.max.ms = 1000
	retry.backoff.ms = 100
	sasl.client.callback.handler.class = null
	sasl.jaas.config = null
	sasl.kerberos.kinit.cmd = /usr/bin/kinit
	sasl.kerberos.min.time.before.relogin = 60000
	sasl.kerberos.service.name = null
	sasl.kerberos.ticket.renew.jitter = 0.05
	sasl.kerberos.ticket.renew.window.factor = 0.8
	sasl.login.callback.handler.class = null
	sasl.login.class = null
	sasl.login.connect.timeout.ms = null
	sasl.login.read.timeout.ms = null
	sasl.login.refresh.buffer.seconds = 300
	sasl.login.refresh.min.period.seconds = 60
	sasl.login.refresh.window.factor = 0.8
	sasl.login.refresh.window.jitter = 0.05
	sasl.login.retry.backoff.max.ms = 10000
	sasl.login.retry.backoff.ms = 100
	sasl.mechanism = GSSAPI
	sasl.oauthbearer.clock.skew.seconds = 30
	sasl.oauthbearer.expected.audience = null
	sasl.oauthbearer.expected.issuer = null
	sasl.oauthbearer.header.urlencode = false
	sasl.oauthbearer.jwks.endpoint.refresh.ms = 3600000
	sasl.oauthbearer.jwks.endpoint.retry.backoff.max.ms = 10000
	sasl.oauthbearer.jwks.endpoint.retry.backoff.ms = 100
	sasl.oauthbearer.jwks.endpoint.url = null
	sasl.oauthbearer.scope.claim.name = scope
	sasl.oauthbearer.sub.claim.name = sub
	sasl.oauthbearer.token.endpoint.url = null
	security.protocol = PLAINTEXT
	security.providers = null
	send.buffer.bytes = 131072
	socket.connection.setup.timeout.max.ms = 30000
	socket.connection.setup.timeout.ms = 10000
	ssl.cipher.suites = null
	ssl.enabled.protocols = [TLSv1.2, TLSv1.3]
	ssl.endpoint.identification.algorithm = https
	ssl.engine.factory.class = null
	ssl.key.password = null
	ssl.keymanager.algorithm = SunX509
	ssl.keystore.certificate.chain = null
	ssl.keystore.key = null
	ssl.keystore.location = null
	ssl.keystore.password = null
	ssl.keystore.type = JKS
	ssl.protocol = TLSv1.3
	ssl.provider = null
	ssl.secure.random.implementation = null
	ssl.trustmanager.algorithm = PKIX
	ssl.truststore.certificates = null
	ssl.truststore.location = null
	ssl.truststore.password = null
	ssl.truststore.type = JKS
	transaction.timeout.ms = 60000
	transactional.id = null
	value.serializer = class io.apicurio.registry.serde.avro.AvroKafkaSerializer

2025-08-12 14:52:05,086 INFO  [org.apa.kaf.com.tel.int.KafkaMetricsCollector] (main) initializing Kafka metrics collector
2025-08-12 14:52:05,094 INFO  [org.apa.kaf.cli.pro.KafkaProducer] (main) [Producer clientId=Producer-topic-8f1b2fda_3bb3_4dc4_9659_2c056d52f2a3] Instantiated an idempotent producer.
2025-08-12 14:52:05,097 INFO  [org.apa.kaf.cli.pro.ProducerConfig] (main) These configurations '[apicurio.registry.url, apicurio.registry.artifact-resolver-strategy]' were supplied but are not used yet.
2025-08-12 14:52:05,097 INFO  [org.apa.kaf.com.uti.AppInfoParser] (main) Kafka version: 3.9.1
2025-08-12 14:52:05,097 INFO  [org.apa.kaf.com.uti.AppInfoParser] (main) Kafka commitId: f745dfdcee2b9851
2025-08-12 14:52:05,097 INFO  [org.apa.kaf.com.uti.AppInfoParser] (main) Kafka startTimeMs: 1755010325097
2025-08-12 14:52:05,098 INFO  [io.api.tes.ser.api.KafkaSerdesTester] (Thread-688) Sending message {"key11755010312845": "value-0", "key21755010318039": "value-0"} to topic topic-8f1b2fda_3bb3_4dc4_9659_2c056d52f2a3
2025-08-12 14:52:05,103 INFO  [org.apa.kaf.cli.Metadata] (kafka-producer-network-thread | Producer-topic-8f1b2fda_3bb3_4dc4_9659_2c056d52f2a3) [Producer clientId=Producer-topic-8f1b2fda_3bb3_4dc4_9659_2c056d52f2a3] Cluster ID: FMImeSt9THyuSk_CoOu4HQ
2025-08-12 14:52:05,103 INFO  [org.apa.kaf.cli.pro.int.TransactionManager] (kafka-producer-network-thread | Producer-topic-8f1b2fda_3bb3_4dc4_9659_2c056d52f2a3) [Producer clientId=Producer-topic-8f1b2fda_3bb3_4dc4_9659_2c056d52f2a3] ProducerId set to 16 with epoch 0
2025-08-12 14:52:05,104 INFO  [DefaultSchemaResolver] (Thread-688) Retrieving schema content using string: {"type":"record","name":"s89fa13cex1768x469bxa140x809e98506fe9","namespace":"ns_1831051d_cf3c_4026_af4b_36108700c8f4","fields":[{"name":"key11755010312845","type":"string"},{"name":"key21755010318039","type":"string"}]}
2025-08-12 14:52:05,276 INFO  [io.api.tes.ser.api.KafkaSerdesTester] (Thread-688) Sending message {"key11755010312845": "value-1", "key21755010318039": "value-1"} to topic topic-8f1b2fda_3bb3_4dc4_9659_2c056d52f2a3
2025-08-12 14:52:05,278 INFO  [io.api.tes.ser.api.KafkaSerdesTester] (Thread-688) Sending message {"key11755010312845": "value-2", "key21755010318039": "value-2"} to topic topic-8f1b2fda_3bb3_4dc4_9659_2c056d52f2a3
2025-08-12 14:52:05,280 INFO  [io.api.tes.ser.api.KafkaSerdesTester] (Thread-688) Sending message {"key11755010312845": "value-3", "key21755010318039": "value-3"} to topic topic-8f1b2fda_3bb3_4dc4_9659_2c056d52f2a3
2025-08-12 14:52:05,282 INFO  [io.api.tes.ser.api.KafkaSerdesTester] (Thread-688) Sending message {"key11755010312845": "value-4", "key21755010318039": "value-4"} to topic topic-8f1b2fda_3bb3_4dc4_9659_2c056d52f2a3
2025-08-12 14:52:05,283 INFO  [io.api.tes.ser.api.KafkaSerdesTester] (Thread-688) Sending message {"key11755010312845": "value-5", "key21755010318039": "value-5"} to topic topic-8f1b2fda_3bb3_4dc4_9659_2c056d52f2a3
2025-08-12 14:52:05,284 INFO  [io.api.tes.ser.api.KafkaSerdesTester] (Thread-688) Sending message {"key11755010312845": "value-6", "key21755010318039": "value-6"} to topic topic-8f1b2fda_3bb3_4dc4_9659_2c056d52f2a3
2025-08-12 14:52:05,291 INFO  [io.api.tes.ser.api.KafkaSerdesTester] (Thread-688) Sending message {"key11755010312845": "value-7", "key21755010318039": "value-7"} to topic topic-8f1b2fda_3bb3_4dc4_9659_2c056d52f2a3
2025-08-12 14:52:05,293 INFO  [io.api.tes.ser.api.KafkaSerdesTester] (Thread-688) Sending message {"key11755010312845": "value-8", "key21755010318039": "value-8"} to topic topic-8f1b2fda_3bb3_4dc4_9659_2c056d52f2a3
2025-08-12 14:52:05,294 INFO  [io.api.tes.ser.api.KafkaSerdesTester] (Thread-688) Sending message {"key11755010312845": "value-9", "key21755010318039": "value-9"} to topic topic-8f1b2fda_3bb3_4dc4_9659_2c056d52f2a3
2025-08-12 14:52:05,296 INFO  [io.api.tes.ser.api.KafkaSerdesTester] (Thread-688) Produced 10 messages
2025-08-12 14:52:05,296 INFO  [org.apa.kaf.cli.pro.KafkaProducer] (Thread-688) [Producer clientId=Producer-topic-8f1b2fda_3bb3_4dc4_9659_2c056d52f2a3] Closing the Kafka producer with timeoutMillis = 9223372036854775807 ms.
2025-08-12 14:52:05,298 INFO  [org.apa.kaf.com.met.Metrics] (Thread-688) Metrics scheduler closed
2025-08-12 14:52:05,298 INFO  [org.apa.kaf.com.met.Metrics] (Thread-688) Closing reporter org.apache.kafka.common.metrics.JmxReporter
2025-08-12 14:52:05,298 INFO  [org.apa.kaf.com.met.Metrics] (Thread-688) Closing reporter org.apache.kafka.common.telemetry.internals.ClientTelemetryReporter
2025-08-12 14:52:05,299 INFO  [org.apa.kaf.com.met.Metrics] (Thread-688) Metrics reporters closed
2025-08-12 14:52:05,299 INFO  [org.apa.kaf.com.uti.AppInfoParser] (Thread-688) App info kafka.producer for Producer-topic-8f1b2fda_3bb3_4dc4_9659_2c056d52f2a3 unregistered
**** Registry Base URL: http://registry-app-mysql.apps.ci419.apicurio-testing.org:80
2025-08-12 14:52:05,300 INFO  [org.apa.kaf.cli.pro.ProducerConfig] (main) ProducerConfig values: 
	acks = -1
	auto.include.jmx.reporter = true
	batch.size = 16384
	bootstrap.servers = [PLAINTEXT://localhost:32769]
	buffer.memory = 33554432
	client.dns.lookup = use_all_dns_ips
	client.id = Producer-topic-8f1b2fda_3bb3_4dc4_9659_2c056d52f2a3
	compression.gzip.level = -1
	compression.lz4.level = 9
	compression.type = none
	compression.zstd.level = 3
	connections.max.idle.ms = 10000
	delivery.timeout.ms = 120000
	enable.idempotence = true
	enable.metrics.push = true
	interceptor.classes = []
	key.serializer = class org.apache.kafka.common.serialization.StringSerializer
	linger.ms = 0
	max.block.ms = 60000
	max.in.flight.requests.per.connection = 5
	max.request.size = 1048576
	metadata.max.age.ms = 300000
	metadata.max.idle.ms = 300000
	metadata.recovery.strategy = none
	metric.reporters = []
	metrics.num.samples = 2
	metrics.recording.level = INFO
	metrics.sample.window.ms = 30000
	partitioner.adaptive.partitioning.enable = true
	partitioner.availability.timeout.ms = 0
	partitioner.class = null
	partitioner.ignore.keys = false
	receive.buffer.bytes = 32768
	reconnect.backoff.max.ms = 1000
	reconnect.backoff.ms = 50
	request.timeout.ms = 5000
	retries = 2147483647
	retry.backoff.max.ms = 1000
	retry.backoff.ms = 100
	sasl.client.callback.handler.class = null
	sasl.jaas.config = null
	sasl.kerberos.kinit.cmd = /usr/bin/kinit
	sasl.kerberos.min.time.before.relogin = 60000
	sasl.kerberos.service.name = null
	sasl.kerberos.ticket.renew.jitter = 0.05
	sasl.kerberos.ticket.renew.window.factor = 0.8
	sasl.login.callback.handler.class = null
	sasl.login.class = null
	sasl.login.connect.timeout.ms = null
	sasl.login.read.timeout.ms = null
	sasl.login.refresh.buffer.seconds = 300
	sasl.login.refresh.min.period.seconds = 60
	sasl.login.refresh.window.factor = 0.8
	sasl.login.refresh.window.jitter = 0.05
	sasl.login.retry.backoff.max.ms = 10000
	sasl.login.retry.backoff.ms = 100
	sasl.mechanism = GSSAPI
	sasl.oauthbearer.clock.skew.seconds = 30
	sasl.oauthbearer.expected.audience = null
	sasl.oauthbearer.expected.issuer = null
	sasl.oauthbearer.header.urlencode = false
	sasl.oauthbearer.jwks.endpoint.refresh.ms = 3600000
	sasl.oauthbearer.jwks.endpoint.retry.backoff.max.ms = 10000
	sasl.oauthbearer.jwks.endpoint.retry.backoff.ms = 100
	sasl.oauthbearer.jwks.endpoint.url = null
	sasl.oauthbearer.scope.claim.name = scope
	sasl.oauthbearer.sub.claim.name = sub
	sasl.oauthbearer.token.endpoint.url = null
	security.protocol = PLAINTEXT
	security.providers = null
	send.buffer.bytes = 131072
	socket.connection.setup.timeout.max.ms = 30000
	socket.connection.setup.timeout.ms = 10000
	ssl.cipher.suites = null
	ssl.enabled.protocols = [TLSv1.2, TLSv1.3]
	ssl.endpoint.identification.algorithm = https
	ssl.engine.factory.class = null
	ssl.key.password = null
	ssl.keymanager.algorithm = SunX509
	ssl.keystore.certificate.chain = null
	ssl.keystore.key = null
	ssl.keystore.location = null
	ssl.keystore.password = null
	ssl.keystore.type = JKS
	ssl.protocol = TLSv1.3
	ssl.provider = null
	ssl.secure.random.implementation = null
	ssl.trustmanager.algorithm = PKIX
	ssl.truststore.certificates = null
	ssl.truststore.location = null
	ssl.truststore.password = null
	ssl.truststore.type = JKS
	transaction.timeout.ms = 60000
	transactional.id = null
	value.serializer = class io.apicurio.registry.serde.avro.AvroKafkaSerializer

2025-08-12 14:52:05,300 INFO  [org.apa.kaf.com.tel.int.KafkaMetricsCollector] (main) initializing Kafka metrics collector
2025-08-12 14:52:05,308 INFO  [org.apa.kaf.cli.pro.KafkaProducer] (main) [Producer clientId=Producer-topic-8f1b2fda_3bb3_4dc4_9659_2c056d52f2a3] Instantiated an idempotent producer.
2025-08-12 14:52:05,310 INFO  [org.apa.kaf.cli.pro.ProducerConfig] (main) These configurations '[apicurio.registry.url, apicurio.registry.artifact-resolver-strategy]' were supplied but are not used yet.
2025-08-12 14:52:05,310 INFO  [org.apa.kaf.com.uti.AppInfoParser] (main) Kafka version: 3.9.1
2025-08-12 14:52:05,310 INFO  [org.apa.kaf.com.uti.AppInfoParser] (main) Kafka commitId: f745dfdcee2b9851
2025-08-12 14:52:05,310 INFO  [org.apa.kaf.com.uti.AppInfoParser] (main) Kafka startTimeMs: 1755010325310
2025-08-12 14:52:05,312 INFO  [io.api.tes.ser.api.KafkaSerdesTester] (Thread-691) Sending message {"key11755010312845": "value-0"} to topic topic-8f1b2fda_3bb3_4dc4_9659_2c056d52f2a3
2025-08-12 14:52:05,315 INFO  [org.apa.kaf.cli.Metadata] (kafka-producer-network-thread | Producer-topic-8f1b2fda_3bb3_4dc4_9659_2c056d52f2a3) [Producer clientId=Producer-topic-8f1b2fda_3bb3_4dc4_9659_2c056d52f2a3] Cluster ID: FMImeSt9THyuSk_CoOu4HQ
2025-08-12 14:52:05,315 INFO  [DefaultSchemaResolver] (Thread-691) Retrieving schema content using string: {"type":"record","name":"s89fa13cex1768x469bxa140x809e98506fe9","namespace":"ns_1831051d_cf3c_4026_af4b_36108700c8f4","fields":[{"name":"key11755010312845","type":"string"}]}
2025-08-12 14:52:05,316 INFO  [org.apa.kaf.cli.pro.int.TransactionManager] (kafka-producer-network-thread | Producer-topic-8f1b2fda_3bb3_4dc4_9659_2c056d52f2a3) [Producer clientId=Producer-topic-8f1b2fda_3bb3_4dc4_9659_2c056d52f2a3] ProducerId set to 17 with epoch 0
2025-08-12 14:52:05,481 INFO  [io.api.tes.ser.api.KafkaSerdesTester] (Thread-691) Sending message {"key11755010312845": "value-1"} to topic topic-8f1b2fda_3bb3_4dc4_9659_2c056d52f2a3
2025-08-12 14:52:05,487 INFO  [io.api.tes.ser.api.KafkaSerdesTester] (Thread-691) Sending message {"key11755010312845": "value-2"} to topic topic-8f1b2fda_3bb3_4dc4_9659_2c056d52f2a3
2025-08-12 14:52:05,489 INFO  [io.api.tes.ser.api.KafkaSerdesTester] (Thread-691) Sending message {"key11755010312845": "value-3"} to topic topic-8f1b2fda_3bb3_4dc4_9659_2c056d52f2a3
2025-08-12 14:52:05,490 INFO  [io.api.tes.ser.api.KafkaSerdesTester] (Thread-691) Sending message {"key11755010312845": "value-4"} to topic topic-8f1b2fda_3bb3_4dc4_9659_2c056d52f2a3
2025-08-12 14:52:05,491 INFO  [io.api.tes.ser.api.KafkaSerdesTester] (Thread-691) Sending message {"key11755010312845": "value-5"} to topic topic-8f1b2fda_3bb3_4dc4_9659_2c056d52f2a3
2025-08-12 14:52:05,493 INFO  [io.api.tes.ser.api.KafkaSerdesTester] (Thread-691) Sending message {"key11755010312845": "value-6"} to topic topic-8f1b2fda_3bb3_4dc4_9659_2c056d52f2a3
2025-08-12 14:52:05,495 INFO  [io.api.tes.ser.api.KafkaSerdesTester] (Thread-691) Sending message {"key11755010312845": "value-7"} to topic topic-8f1b2fda_3bb3_4dc4_9659_2c056d52f2a3
2025-08-12 14:52:05,496 INFO  [io.api.tes.ser.api.KafkaSerdesTester] (Thread-691) Sending message {"key11755010312845": "value-8"} to topic topic-8f1b2fda_3bb3_4dc4_9659_2c056d52f2a3
2025-08-12 14:52:05,498 INFO  [io.api.tes.ser.api.KafkaSerdesTester] (Thread-691) Sending message {"key11755010312845": "value-9"} to topic topic-8f1b2fda_3bb3_4dc4_9659_2c056d52f2a3
2025-08-12 14:52:05,499 INFO  [io.api.tes.ser.api.KafkaSerdesTester] (Thread-691) Produced 10 messages
2025-08-12 14:52:05,500 INFO  [org.apa.kaf.cli.pro.KafkaProducer] (Thread-691) [Producer clientId=Producer-topic-8f1b2fda_3bb3_4dc4_9659_2c056d52f2a3] Closing the Kafka producer with timeoutMillis = 9223372036854775807 ms.
2025-08-12 14:52:05,502 INFO  [org.apa.kaf.com.met.Metrics] (Thread-691) Metrics scheduler closed
2025-08-12 14:52:05,502 INFO  [org.apa.kaf.com.met.Metrics] (Thread-691) Closing reporter org.apache.kafka.common.metrics.JmxReporter
2025-08-12 14:52:05,502 INFO  [org.apa.kaf.com.met.Metrics] (Thread-691) Closing reporter org.apache.kafka.common.telemetry.internals.ClientTelemetryReporter
2025-08-12 14:52:05,502 INFO  [org.apa.kaf.com.met.Metrics] (Thread-691) Metrics reporters closed
2025-08-12 14:52:05,502 INFO  [org.apa.kaf.com.uti.AppInfoParser] (Thread-691) App info kafka.producer for Producer-topic-8f1b2fda_3bb3_4dc4_9659_2c056d52f2a3 unregistered
**** Registry Base URL: http://registry-app-mysql.apps.ci419.apicurio-testing.org:80
2025-08-12 14:52:05,504 INFO  [org.apa.kaf.cli.con.ConsumerConfig] (main) ConsumerConfig values: 
	allow.auto.create.topics = true
	auto.commit.interval.ms = 500
	auto.include.jmx.reporter = true
	auto.offset.reset = earliest
	bootstrap.servers = [PLAINTEXT://localhost:32769]
	check.crcs = true
	client.dns.lookup = use_all_dns_ips
	client.id = consumer-Consumer-topic-8f1b2fda_3bb3_4dc4_9659_2c056d52f2a3-12
	client.rack = 
	connections.max.idle.ms = 10000
	default.api.timeout.ms = 60000
	enable.auto.commit = true
	enable.metrics.push = true
	exclude.internal.topics = true
	fetch.max.bytes = 52428800
	fetch.max.wait.ms = 500
	fetch.min.bytes = 1
	group.id = Consumer-topic-8f1b2fda_3bb3_4dc4_9659_2c056d52f2a3
	group.instance.id = null
	group.protocol = classic
	group.remote.assignor = null
	heartbeat.interval.ms = 3000
	interceptor.classes = []
	internal.leave.group.on.close = true
	internal.throw.on.fetch.stable.offset.unsupported = false
	isolation.level = read_uncommitted
	key.deserializer = class org.apache.kafka.common.serialization.StringDeserializer
	max.partition.fetch.bytes = 1048576
	max.poll.interval.ms = 300000
	max.poll.records = 500
	metadata.max.age.ms = 300000
	metadata.recovery.strategy = none
	metric.reporters = []
	metrics.num.samples = 2
	metrics.recording.level = INFO
	metrics.sample.window.ms = 30000
	partition.assignment.strategy = [class org.apache.kafka.clients.consumer.RangeAssignor, class org.apache.kafka.clients.consumer.CooperativeStickyAssignor]
	receive.buffer.bytes = 65536
	reconnect.backoff.max.ms = 1000
	reconnect.backoff.ms = 50
	request.timeout.ms = 5000
	retry.backoff.max.ms = 1000
	retry.backoff.ms = 100
	sasl.client.callback.handler.class = null
	sasl.jaas.config = null
	sasl.kerberos.kinit.cmd = /usr/bin/kinit
	sasl.kerberos.min.time.before.relogin = 60000
	sasl.kerberos.service.name = null
	sasl.kerberos.ticket.renew.jitter = 0.05
	sasl.kerberos.ticket.renew.window.factor = 0.8
	sasl.login.callback.handler.class = null
	sasl.login.class = null
	sasl.login.connect.timeout.ms = null
	sasl.login.read.timeout.ms = null
	sasl.login.refresh.buffer.seconds = 300
	sasl.login.refresh.min.period.seconds = 60
	sasl.login.refresh.window.factor = 0.8
	sasl.login.refresh.window.jitter = 0.05
	sasl.login.retry.backoff.max.ms = 10000
	sasl.login.retry.backoff.ms = 100
	sasl.mechanism = GSSAPI
	sasl.oauthbearer.clock.skew.seconds = 30
	sasl.oauthbearer.expected.audience = null
	sasl.oauthbearer.expected.issuer = null
	sasl.oauthbearer.header.urlencode = false
	sasl.oauthbearer.jwks.endpoint.refresh.ms = 3600000
	sasl.oauthbearer.jwks.endpoint.retry.backoff.max.ms = 10000
	sasl.oauthbearer.jwks.endpoint.retry.backoff.ms = 100
	sasl.oauthbearer.jwks.endpoint.url = null
	sasl.oauthbearer.scope.claim.name = scope
	sasl.oauthbearer.sub.claim.name = sub
	sasl.oauthbearer.token.endpoint.url = null
	security.protocol = PLAINTEXT
	security.providers = null
	send.buffer.bytes = 131072
	session.timeout.ms = 45000
	socket.connection.setup.timeout.max.ms = 30000
	socket.connection.setup.timeout.ms = 10000
	ssl.cipher.suites = null
	ssl.enabled.protocols = [TLSv1.2, TLSv1.3]
	ssl.endpoint.identification.algorithm = https
	ssl.engine.factory.class = null
	ssl.key.password = null
	ssl.keymanager.algorithm = SunX509
	ssl.keystore.certificate.chain = null
	ssl.keystore.key = null
	ssl.keystore.location = null
	ssl.keystore.password = null
	ssl.keystore.type = JKS
	ssl.protocol = TLSv1.3
	ssl.provider = null
	ssl.secure.random.implementation = null
	ssl.trustmanager.algorithm = PKIX
	ssl.truststore.certificates = null
	ssl.truststore.location = null
	ssl.truststore.password = null
	ssl.truststore.type = JKS
	value.deserializer = class io.apicurio.registry.serde.avro.AvroKafkaDeserializer

2025-08-12 14:52:05,504 INFO  [org.apa.kaf.com.tel.int.KafkaMetricsCollector] (main) initializing Kafka metrics collector
2025-08-12 14:52:05,512 INFO  [org.apa.kaf.cli.con.ConsumerConfig] (main) These configurations '[apicurio.registry.url]' were supplied but are not used yet.
2025-08-12 14:52:05,512 INFO  [org.apa.kaf.com.uti.AppInfoParser] (main) Kafka version: 3.9.1
2025-08-12 14:52:05,512 INFO  [org.apa.kaf.com.uti.AppInfoParser] (main) Kafka commitId: f745dfdcee2b9851
2025-08-12 14:52:05,512 INFO  [org.apa.kaf.com.uti.AppInfoParser] (main) Kafka startTimeMs: 1755010325512
2025-08-12 14:52:05,512 INFO  [org.apa.kaf.cli.con.int.ClassicKafkaConsumer] (Thread-694) [Consumer clientId=consumer-Consumer-topic-8f1b2fda_3bb3_4dc4_9659_2c056d52f2a3-12, groupId=Consumer-topic-8f1b2fda_3bb3_4dc4_9659_2c056d52f2a3] Subscribed to topic(s): topic-8f1b2fda_3bb3_4dc4_9659_2c056d52f2a3
2025-08-12 14:52:05,521 INFO  [org.apa.kaf.cli.Metadata] (Thread-694) [Consumer clientId=consumer-Consumer-topic-8f1b2fda_3bb3_4dc4_9659_2c056d52f2a3-12, groupId=Consumer-topic-8f1b2fda_3bb3_4dc4_9659_2c056d52f2a3] Cluster ID: FMImeSt9THyuSk_CoOu4HQ
2025-08-12 14:52:05,522 INFO  [org.apa.kaf.cli.con.int.ConsumerCoordinator] (Thread-694) [Consumer clientId=consumer-Consumer-topic-8f1b2fda_3bb3_4dc4_9659_2c056d52f2a3-12, groupId=Consumer-topic-8f1b2fda_3bb3_4dc4_9659_2c056d52f2a3] Discovered group coordinator localhost:32769 (id: 2147483647 rack: null)
2025-08-12 14:52:05,525 INFO  [org.apa.kaf.cli.con.int.ConsumerCoordinator] (Thread-694) [Consumer clientId=consumer-Consumer-topic-8f1b2fda_3bb3_4dc4_9659_2c056d52f2a3-12, groupId=Consumer-topic-8f1b2fda_3bb3_4dc4_9659_2c056d52f2a3] (Re-)joining group
2025-08-12 14:52:05,530 INFO  [org.apa.kaf.cli.con.int.ConsumerCoordinator] (Thread-694) [Consumer clientId=consumer-Consumer-topic-8f1b2fda_3bb3_4dc4_9659_2c056d52f2a3-12, groupId=Consumer-topic-8f1b2fda_3bb3_4dc4_9659_2c056d52f2a3] Request joining group due to: need to re-join with the given member-id: consumer-Consumer-topic-8f1b2fda_3bb3_4dc4_9659_2c056d52f2a3-12-e41bc165-2733-44c0-9065-42daf591a411
2025-08-12 14:52:05,530 INFO  [org.apa.kaf.cli.con.int.ConsumerCoordinator] (Thread-694) [Consumer clientId=consumer-Consumer-topic-8f1b2fda_3bb3_4dc4_9659_2c056d52f2a3-12, groupId=Consumer-topic-8f1b2fda_3bb3_4dc4_9659_2c056d52f2a3] (Re-)joining group
2025-08-12 14:52:06,513 INFO  [io.api.tes.ser.api.KafkaSerdesTester] (Thread-694) None found
2025-08-12 14:52:07,513 INFO  [io.api.tes.ser.api.KafkaSerdesTester] (Thread-694) None found
2025-08-12 14:52:08,514 INFO  [io.api.tes.ser.api.KafkaSerdesTester] (Thread-694) None found
2025-08-12 14:52:08,536 INFO  [org.apa.kaf.cli.con.int.ConsumerCoordinator] (Thread-694) [Consumer clientId=consumer-Consumer-topic-8f1b2fda_3bb3_4dc4_9659_2c056d52f2a3-12, groupId=Consumer-topic-8f1b2fda_3bb3_4dc4_9659_2c056d52f2a3] Successfully joined group with generation Generation{generationId=5, memberId='consumer-Consumer-topic-8f1b2fda_3bb3_4dc4_9659_2c056d52f2a3-12-e41bc165-2733-44c0-9065-42daf591a411', protocol='range'}
2025-08-12 14:52:08,536 INFO  [org.apa.kaf.cli.con.int.ConsumerCoordinator] (Thread-694) [Consumer clientId=consumer-Consumer-topic-8f1b2fda_3bb3_4dc4_9659_2c056d52f2a3-12, groupId=Consumer-topic-8f1b2fda_3bb3_4dc4_9659_2c056d52f2a3] Finished assignment for group at generation 5: {consumer-Consumer-topic-8f1b2fda_3bb3_4dc4_9659_2c056d52f2a3-12-e41bc165-2733-44c0-9065-42daf591a411=Assignment(partitions=[topic-8f1b2fda_3bb3_4dc4_9659_2c056d52f2a3-0])}
2025-08-12 14:52:08,544 INFO  [org.apa.kaf.cli.con.int.ConsumerCoordinator] (Thread-694) [Consumer clientId=consumer-Consumer-topic-8f1b2fda_3bb3_4dc4_9659_2c056d52f2a3-12, groupId=Consumer-topic-8f1b2fda_3bb3_4dc4_9659_2c056d52f2a3] Successfully synced group in generation Generation{generationId=5, memberId='consumer-Consumer-topic-8f1b2fda_3bb3_4dc4_9659_2c056d52f2a3-12-e41bc165-2733-44c0-9065-42daf591a411', protocol='range'}
2025-08-12 14:52:08,545 INFO  [org.apa.kaf.cli.con.int.ConsumerCoordinator] (Thread-694) [Consumer clientId=consumer-Consumer-topic-8f1b2fda_3bb3_4dc4_9659_2c056d52f2a3-12, groupId=Consumer-topic-8f1b2fda_3bb3_4dc4_9659_2c056d52f2a3] Notifying assignor about the new Assignment(partitions=[topic-8f1b2fda_3bb3_4dc4_9659_2c056d52f2a3-0])
2025-08-12 14:52:08,545 INFO  [org.apa.kaf.cli.con.int.ConsumerRebalanceListenerInvoker] (Thread-694) [Consumer clientId=consumer-Consumer-topic-8f1b2fda_3bb3_4dc4_9659_2c056d52f2a3-12, groupId=Consumer-topic-8f1b2fda_3bb3_4dc4_9659_2c056d52f2a3] Adding newly assigned partitions: topic-8f1b2fda_3bb3_4dc4_9659_2c056d52f2a3-0
2025-08-12 14:52:08,546 INFO  [org.apa.kaf.cli.con.int.ConsumerUtils] (Thread-694) Setting offset for partition topic-8f1b2fda_3bb3_4dc4_9659_2c056d52f2a3-0 to the committed offset FetchPosition{offset=30, offsetEpoch=Optional[0], currentLeader=LeaderAndEpoch{leader=Optional[localhost:32769 (id: 0 rack: null)], epoch=0}}
2025-08-12 14:52:09,119 INFO  [io.api.tes.ser.api.KafkaSerdesTester] (Thread-694) topic-8f1b2fda_3bb3_4dc4_9659_2c056d52f2a3 0 30 {"key11755010312845": "value-0", "key21755010318039": "value-0", "key31755010323669": "value-0"}
2025-08-12 14:52:09,119 INFO  [io.api.tes.ser.api.KafkaSerdesTester] (Thread-694) topic-8f1b2fda_3bb3_4dc4_9659_2c056d52f2a3 0 31 {"key11755010312845": "value-1", "key21755010318039": "value-1", "key31755010323669": "value-1"}
2025-08-12 14:52:09,119 INFO  [io.api.tes.ser.api.KafkaSerdesTester] (Thread-694) topic-8f1b2fda_3bb3_4dc4_9659_2c056d52f2a3 0 32 {"key11755010312845": "value-2", "key21755010318039": "value-2", "key31755010323669": "value-2"}
2025-08-12 14:52:09,119 INFO  [io.api.tes.ser.api.KafkaSerdesTester] (Thread-694) topic-8f1b2fda_3bb3_4dc4_9659_2c056d52f2a3 0 33 {"key11755010312845": "value-3", "key21755010318039": "value-3", "key31755010323669": "value-3"}
2025-08-12 14:52:09,119 INFO  [io.api.tes.ser.api.KafkaSerdesTester] (Thread-694) topic-8f1b2fda_3bb3_4dc4_9659_2c056d52f2a3 0 34 {"key11755010312845": "value-4", "key21755010318039": "value-4", "key31755010323669": "value-4"}
2025-08-12 14:52:09,119 INFO  [io.api.tes.ser.api.KafkaSerdesTester] (Thread-694) topic-8f1b2fda_3bb3_4dc4_9659_2c056d52f2a3 0 35 {"key11755010312845": "value-5", "key21755010318039": "value-5", "key31755010323669": "value-5"}
2025-08-12 14:52:09,119 INFO  [io.api.tes.ser.api.KafkaSerdesTester] (Thread-694) topic-8f1b2fda_3bb3_4dc4_9659_2c056d52f2a3 0 36 {"key11755010312845": "value-6", "key21755010318039": "value-6", "key31755010323669": "value-6"}
2025-08-12 14:52:09,119 INFO  [io.api.tes.ser.api.KafkaSerdesTester] (Thread-694) topic-8f1b2fda_3bb3_4dc4_9659_2c056d52f2a3 0 37 {"key11755010312845": "value-7", "key21755010318039": "value-7", "key31755010323669": "value-7"}
2025-08-12 14:52:09,119 INFO  [io.api.tes.ser.api.KafkaSerdesTester] (Thread-694) topic-8f1b2fda_3bb3_4dc4_9659_2c056d52f2a3 0 38 {"key11755010312845": "value-8", "key21755010318039": "value-8", "key31755010323669": "value-8"}
2025-08-12 14:52:09,120 INFO  [io.api.tes.ser.api.KafkaSerdesTester] (Thread-694) topic-8f1b2fda_3bb3_4dc4_9659_2c056d52f2a3 0 39 {"key11755010312845": "value-9", "key21755010318039": "value-9", "key31755010323669": "value-9"}
2025-08-12 14:52:09,120 INFO  [io.api.tes.ser.api.KafkaSerdesTester] (Thread-694) topic-8f1b2fda_3bb3_4dc4_9659_2c056d52f2a3 0 40 {"key11755010312845": "value-0", "key21755010318039": "value-0"}
2025-08-12 14:52:09,120 INFO  [io.api.tes.ser.api.KafkaSerdesTester] (Thread-694) topic-8f1b2fda_3bb3_4dc4_9659_2c056d52f2a3 0 41 {"key11755010312845": "value-1", "key21755010318039": "value-1"}
2025-08-12 14:52:09,120 INFO  [io.api.tes.ser.api.KafkaSerdesTester] (Thread-694) topic-8f1b2fda_3bb3_4dc4_9659_2c056d52f2a3 0 42 {"key11755010312845": "value-2", "key21755010318039": "value-2"}
2025-08-12 14:52:09,120 INFO  [io.api.tes.ser.api.KafkaSerdesTester] (Thread-694) topic-8f1b2fda_3bb3_4dc4_9659_2c056d52f2a3 0 43 {"key11755010312845": "value-3", "key21755010318039": "value-3"}
2025-08-12 14:52:09,120 INFO  [io.api.tes.ser.api.KafkaSerdesTester] (Thread-694) topic-8f1b2fda_3bb3_4dc4_9659_2c056d52f2a3 0 44 {"key11755010312845": "value-4", "key21755010318039": "value-4"}
2025-08-12 14:52:09,120 INFO  [io.api.tes.ser.api.KafkaSerdesTester] (Thread-694) topic-8f1b2fda_3bb3_4dc4_9659_2c056d52f2a3 0 45 {"key11755010312845": "value-5", "key21755010318039": "value-5"}
2025-08-12 14:52:09,120 INFO  [io.api.tes.ser.api.KafkaSerdesTester] (Thread-694) topic-8f1b2fda_3bb3_4dc4_9659_2c056d52f2a3 0 46 {"key11755010312845": "value-6", "key21755010318039": "value-6"}
2025-08-12 14:52:09,120 INFO  [io.api.tes.ser.api.KafkaSerdesTester] (Thread-694) topic-8f1b2fda_3bb3_4dc4_9659_2c056d52f2a3 0 47 {"key11755010312845": "value-7", "key21755010318039": "value-7"}
2025-08-12 14:52:09,120 INFO  [io.api.tes.ser.api.KafkaSerdesTester] (Thread-694) topic-8f1b2fda_3bb3_4dc4_9659_2c056d52f2a3 0 48 {"key11755010312845": "value-8", "key21755010318039": "value-8"}
2025-08-12 14:52:09,120 INFO  [io.api.tes.ser.api.KafkaSerdesTester] (Thread-694) topic-8f1b2fda_3bb3_4dc4_9659_2c056d52f2a3 0 49 {"key11755010312845": "value-9", "key21755010318039": "value-9"}
2025-08-12 14:52:09,120 INFO  [io.api.tes.ser.api.KafkaSerdesTester] (Thread-694) topic-8f1b2fda_3bb3_4dc4_9659_2c056d52f2a3 0 50 {"key11755010312845": "value-0"}
2025-08-12 14:52:09,120 INFO  [io.api.tes.ser.api.KafkaSerdesTester] (Thread-694) topic-8f1b2fda_3bb3_4dc4_9659_2c056d52f2a3 0 51 {"key11755010312845": "value-1"}
2025-08-12 14:52:09,120 INFO  [io.api.tes.ser.api.KafkaSerdesTester] (Thread-694) topic-8f1b2fda_3bb3_4dc4_9659_2c056d52f2a3 0 52 {"key11755010312845": "value-2"}
2025-08-12 14:52:09,120 INFO  [io.api.tes.ser.api.KafkaSerdesTester] (Thread-694) topic-8f1b2fda_3bb3_4dc4_9659_2c056d52f2a3 0 53 {"key11755010312845": "value-3"}
2025-08-12 14:52:09,120 INFO  [io.api.tes.ser.api.KafkaSerdesTester] (Thread-694) topic-8f1b2fda_3bb3_4dc4_9659_2c056d52f2a3 0 54 {"key11755010312845": "value-4"}
2025-08-12 14:52:09,120 INFO  [io.api.tes.ser.api.KafkaSerdesTester] (Thread-694) topic-8f1b2fda_3bb3_4dc4_9659_2c056d52f2a3 0 55 {"key11755010312845": "value-5"}
2025-08-12 14:52:09,120 INFO  [io.api.tes.ser.api.KafkaSerdesTester] (Thread-694) topic-8f1b2fda_3bb3_4dc4_9659_2c056d52f2a3 0 56 {"key11755010312845": "value-6"}
2025-08-12 14:52:09,120 INFO  [io.api.tes.ser.api.KafkaSerdesTester] (Thread-694) topic-8f1b2fda_3bb3_4dc4_9659_2c056d52f2a3 0 57 {"key11755010312845": "value-7"}
2025-08-12 14:52:09,120 INFO  [io.api.tes.ser.api.KafkaSerdesTester] (Thread-694) topic-8f1b2fda_3bb3_4dc4_9659_2c056d52f2a3 0 58 {"key11755010312845": "value-8"}
2025-08-12 14:52:09,120 INFO  [io.api.tes.ser.api.KafkaSerdesTester] (Thread-694) topic-8f1b2fda_3bb3_4dc4_9659_2c056d52f2a3 0 59 {"key11755010312845": "value-9"}
2025-08-12 14:52:09,120 INFO  [io.api.tes.ser.api.KafkaSerdesTester] (Thread-694) Consumed 30 messages
2025-08-12 14:52:09,127 INFO  [org.apa.kaf.cli.con.int.ConsumerRebalanceListenerInvoker] (Thread-694) [Consumer clientId=consumer-Consumer-topic-8f1b2fda_3bb3_4dc4_9659_2c056d52f2a3-12, groupId=Consumer-topic-8f1b2fda_3bb3_4dc4_9659_2c056d52f2a3] Revoke previously assigned partitions topic-8f1b2fda_3bb3_4dc4_9659_2c056d52f2a3-0
2025-08-12 14:52:09,128 INFO  [org.apa.kaf.cli.con.int.ConsumerCoordinator] (Thread-694) [Consumer clientId=consumer-Consumer-topic-8f1b2fda_3bb3_4dc4_9659_2c056d52f2a3-12, groupId=Consumer-topic-8f1b2fda_3bb3_4dc4_9659_2c056d52f2a3] Member consumer-Consumer-topic-8f1b2fda_3bb3_4dc4_9659_2c056d52f2a3-12-e41bc165-2733-44c0-9065-42daf591a411 sending LeaveGroup request to coordinator localhost:32769 (id: 2147483647 rack: null) due to the consumer is being closed
2025-08-12 14:52:09,128 INFO  [org.apa.kaf.cli.con.int.ConsumerCoordinator] (Thread-694) [Consumer clientId=consumer-Consumer-topic-8f1b2fda_3bb3_4dc4_9659_2c056d52f2a3-12, groupId=Consumer-topic-8f1b2fda_3bb3_4dc4_9659_2c056d52f2a3] Resetting generation and member id due to: consumer pro-actively leaving the group
2025-08-12 14:52:09,128 INFO  [org.apa.kaf.cli.con.int.ConsumerCoordinator] (Thread-694) [Consumer clientId=consumer-Consumer-topic-8f1b2fda_3bb3_4dc4_9659_2c056d52f2a3-12, groupId=Consumer-topic-8f1b2fda_3bb3_4dc4_9659_2c056d52f2a3] Request joining group due to: consumer pro-actively leaving the group
2025-08-12 14:52:09,622 INFO  [org.apa.kaf.com.met.Metrics] (Thread-694) Metrics scheduler closed
2025-08-12 14:52:09,622 INFO  [org.apa.kaf.com.met.Metrics] (Thread-694) Closing reporter org.apache.kafka.common.metrics.JmxReporter
2025-08-12 14:52:09,622 INFO  [org.apa.kaf.com.met.Metrics] (Thread-694) Closing reporter org.apache.kafka.common.telemetry.internals.ClientTelemetryReporter
2025-08-12 14:52:09,622 INFO  [org.apa.kaf.com.met.Metrics] (Thread-694) Metrics reporters closed
2025-08-12 14:52:09,624 INFO  [org.apa.kaf.com.uti.AppInfoParser] (Thread-694) App info kafka.consumer for consumer-Consumer-topic-8f1b2fda_3bb3_4dc4_9659_2c056d52f2a3-12 unregistered
2025-08-12 14:52:09,624 INFO  [org.apa.kaf.cli.pro.KafkaProducer] (main) [Producer clientId=Producer-topic-8f1b2fda_3bb3_4dc4_9659_2c056d52f2a3] Closing the Kafka producer with timeoutMillis = 9223372036854775807 ms.
2025-08-12 14:52:09,624 INFO  [org.apa.kaf.com.met.Metrics] (main) Metrics scheduler closed
2025-08-12 14:52:09,624 INFO  [org.apa.kaf.com.met.Metrics] (main) Closing reporter org.apache.kafka.common.metrics.JmxReporter
2025-08-12 14:52:09,624 INFO  [org.apa.kaf.com.met.Metrics] (main) Closing reporter org.apache.kafka.common.telemetry.internals.ClientTelemetryReporter
2025-08-12 14:52:09,624 INFO  [org.apa.kaf.com.met.Metrics] (main) Metrics reporters closed
2025-08-12 14:52:09,625 INFO  [org.apa.kaf.com.uti.AppInfoParser] (main) App info kafka.producer for Producer-topic-8f1b2fda_3bb3_4dc4_9659_2c056d52f2a3 unregistered
2025-08-12 14:52:09,625 INFO  [io.api.tes.uti.TestSeparator] (main) io.apicurio.tests.serdes.apicurio.AvroSerdeIT.testEvolveAvroApicurio-FINISHED
2025-08-12 14:52:09,625 INFO  [io.api.tes.uti.TestSeparator] (main) ############################################################################
Test passed: testEvolveAvroApicurio
]]></system-out>
  </testcase>
  <testcase name="testTopicRecordIdStrategydFindLatest" classname="io.apicurio.tests.serdes.apicurio.AvroSerdeIT" time="5.359">
    <system-out><![CDATA[2025-08-12 14:52:09,628 INFO  [io.api.tes.uti.TestSeparator] (main) ############################################################################
2025-08-12 14:52:09,628 INFO  [io.api.tes.uti.TestSeparator] (main) io.apicurio.tests.serdes.apicurio.AvroSerdeIT.testTopicRecordIdStrategydFindLatest-STARTED
2025-08-12 14:52:09,628 INFO  [io.api.tes.ser.api.AvroSerdeIT] (main) Registering Avro Schema: {"type":"record","name":"sde228b1exe336x4557xa37cx001ddf93691b","namespace":"s15aa8197x5a82x4170xa1e0x8180eeff2b40","fields":[{"name":"key11755010329628","type":"string"}]}
**** Registry Base URL: http://registry-app-mysql.apps.ci419.apicurio-testing.org:80
2025-08-12 14:52:10,820 INFO  [org.apa.kaf.cli.pro.ProducerConfig] (main) ProducerConfig values: 
	acks = -1
	auto.include.jmx.reporter = true
	batch.size = 16384
	bootstrap.servers = [PLAINTEXT://localhost:32769]
	buffer.memory = 33554432
	client.dns.lookup = use_all_dns_ips
	client.id = Producer-topic-59a8d0f0_0292_4bdd_93dc_583eccd9ddf9
	compression.gzip.level = -1
	compression.lz4.level = 9
	compression.type = none
	compression.zstd.level = 3
	connections.max.idle.ms = 10000
	delivery.timeout.ms = 120000
	enable.idempotence = true
	enable.metrics.push = true
	interceptor.classes = []
	key.serializer = class org.apache.kafka.common.serialization.StringSerializer
	linger.ms = 0
	max.block.ms = 60000
	max.in.flight.requests.per.connection = 5
	max.request.size = 1048576
	metadata.max.age.ms = 300000
	metadata.max.idle.ms = 300000
	metadata.recovery.strategy = none
	metric.reporters = []
	metrics.num.samples = 2
	metrics.recording.level = INFO
	metrics.sample.window.ms = 30000
	partitioner.adaptive.partitioning.enable = true
	partitioner.availability.timeout.ms = 0
	partitioner.class = null
	partitioner.ignore.keys = false
	receive.buffer.bytes = 32768
	reconnect.backoff.max.ms = 1000
	reconnect.backoff.ms = 50
	request.timeout.ms = 5000
	retries = 2147483647
	retry.backoff.max.ms = 1000
	retry.backoff.ms = 100
	sasl.client.callback.handler.class = null
	sasl.jaas.config = null
	sasl.kerberos.kinit.cmd = /usr/bin/kinit
	sasl.kerberos.min.time.before.relogin = 60000
	sasl.kerberos.service.name = null
	sasl.kerberos.ticket.renew.jitter = 0.05
	sasl.kerberos.ticket.renew.window.factor = 0.8
	sasl.login.callback.handler.class = null
	sasl.login.class = null
	sasl.login.connect.timeout.ms = null
	sasl.login.read.timeout.ms = null
	sasl.login.refresh.buffer.seconds = 300
	sasl.login.refresh.min.period.seconds = 60
	sasl.login.refresh.window.factor = 0.8
	sasl.login.refresh.window.jitter = 0.05
	sasl.login.retry.backoff.max.ms = 10000
	sasl.login.retry.backoff.ms = 100
	sasl.mechanism = GSSAPI
	sasl.oauthbearer.clock.skew.seconds = 30
	sasl.oauthbearer.expected.audience = null
	sasl.oauthbearer.expected.issuer = null
	sasl.oauthbearer.header.urlencode = false
	sasl.oauthbearer.jwks.endpoint.refresh.ms = 3600000
	sasl.oauthbearer.jwks.endpoint.retry.backoff.max.ms = 10000
	sasl.oauthbearer.jwks.endpoint.retry.backoff.ms = 100
	sasl.oauthbearer.jwks.endpoint.url = null
	sasl.oauthbearer.scope.claim.name = scope
	sasl.oauthbearer.sub.claim.name = sub
	sasl.oauthbearer.token.endpoint.url = null
	security.protocol = PLAINTEXT
	security.providers = null
	send.buffer.bytes = 131072
	socket.connection.setup.timeout.max.ms = 30000
	socket.connection.setup.timeout.ms = 10000
	ssl.cipher.suites = null
	ssl.enabled.protocols = [TLSv1.2, TLSv1.3]
	ssl.endpoint.identification.algorithm = https
	ssl.engine.factory.class = null
	ssl.key.password = null
	ssl.keymanager.algorithm = SunX509
	ssl.keystore.certificate.chain = null
	ssl.keystore.key = null
	ssl.keystore.location = null
	ssl.keystore.password = null
	ssl.keystore.type = JKS
	ssl.protocol = TLSv1.3
	ssl.provider = null
	ssl.secure.random.implementation = null
	ssl.trustmanager.algorithm = PKIX
	ssl.truststore.certificates = null
	ssl.truststore.location = null
	ssl.truststore.password = null
	ssl.truststore.type = JKS
	transaction.timeout.ms = 60000
	transactional.id = null
	value.serializer = class io.apicurio.registry.serde.avro.AvroKafkaSerializer

2025-08-12 14:52:10,820 INFO  [org.apa.kaf.com.tel.int.KafkaMetricsCollector] (main) initializing Kafka metrics collector
2025-08-12 14:52:10,823 INFO  [org.apa.kaf.cli.pro.KafkaProducer] (main) [Producer clientId=Producer-topic-59a8d0f0_0292_4bdd_93dc_583eccd9ddf9] Instantiated an idempotent producer.
2025-08-12 14:52:10,825 INFO  [org.apa.kaf.cli.pro.ProducerConfig] (main) These configurations '[apicurio.registry.find-latest, apicurio.registry.url, apicurio.registry.artifact-resolver-strategy]' were supplied but are not used yet.
2025-08-12 14:52:10,825 INFO  [org.apa.kaf.com.uti.AppInfoParser] (main) Kafka version: 3.9.1
2025-08-12 14:52:10,825 INFO  [org.apa.kaf.com.uti.AppInfoParser] (main) Kafka commitId: f745dfdcee2b9851
2025-08-12 14:52:10,825 INFO  [org.apa.kaf.com.uti.AppInfoParser] (main) Kafka startTimeMs: 1755010330825
2025-08-12 14:52:10,825 INFO  [io.api.tes.ser.api.SimpleSerdesTesterBuilder$SimpleSerdesTester] (main) Using producer configuration: {apicurio.registry.find-latest=true, apicurio.registry.url=http://registry-app-mysql.apps.ci419.apicurio-testing.org:80/apis/registry/v3, apicurio.registry.artifact-resolver-strategy=io.apicurio.registry.serde.avro.strategy.TopicRecordIdStrategy, value.serializer=io.apicurio.registry.serde.avro.AvroKafkaSerializer, request.timeout.ms=5000, acks=all, bootstrap.servers=PLAINTEXT://localhost:32769, connections.max.idle.ms=10000, key.serializer=org.apache.kafka.common.serialization.StringSerializer, client.id=Producer-topic-59a8d0f0_0292_4bdd_93dc_583eccd9ddf9}
2025-08-12 14:52:10,826 INFO  [io.api.tes.ser.api.SimpleSerdesTesterBuilder$SimpleSerdesTester] (main) Using consumer configuration: {}
2025-08-12 14:52:10,828 INFO  [io.api.tes.ser.api.KafkaSerdesTester] (Thread-697) Sending message {"key11755010329628": "value-0"} to topic topic-59a8d0f0_0292_4bdd_93dc_583eccd9ddf9
2025-08-12 14:52:10,830 INFO  [org.apa.kaf.cli.Metadata] (kafka-producer-network-thread | Producer-topic-59a8d0f0_0292_4bdd_93dc_583eccd9ddf9) [Producer clientId=Producer-topic-59a8d0f0_0292_4bdd_93dc_583eccd9ddf9] Cluster ID: FMImeSt9THyuSk_CoOu4HQ
2025-08-12 14:52:10,831 INFO  [org.apa.kaf.cli.pro.int.TransactionManager] (kafka-producer-network-thread | Producer-topic-59a8d0f0_0292_4bdd_93dc_583eccd9ddf9) [Producer clientId=Producer-topic-59a8d0f0_0292_4bdd_93dc_583eccd9ddf9] ProducerId set to 18 with epoch 0
2025-08-12 14:52:11,160 INFO  [io.api.tes.ser.api.KafkaSerdesTester] (Thread-697) Sending message {"key11755010329628": "value-1"} to topic topic-59a8d0f0_0292_4bdd_93dc_583eccd9ddf9
2025-08-12 14:52:11,161 INFO  [io.api.tes.ser.api.KafkaSerdesTester] (Thread-697) Sending message {"key11755010329628": "value-2"} to topic topic-59a8d0f0_0292_4bdd_93dc_583eccd9ddf9
2025-08-12 14:52:11,163 INFO  [io.api.tes.ser.api.KafkaSerdesTester] (Thread-697) Sending message {"key11755010329628": "value-3"} to topic topic-59a8d0f0_0292_4bdd_93dc_583eccd9ddf9
2025-08-12 14:52:11,167 INFO  [io.api.tes.ser.api.KafkaSerdesTester] (Thread-697) Sending message {"key11755010329628": "value-4"} to topic topic-59a8d0f0_0292_4bdd_93dc_583eccd9ddf9
2025-08-12 14:52:11,169 INFO  [io.api.tes.ser.api.KafkaSerdesTester] (Thread-697) Sending message {"key11755010329628": "value-5"} to topic topic-59a8d0f0_0292_4bdd_93dc_583eccd9ddf9
2025-08-12 14:52:11,172 INFO  [io.api.tes.ser.api.KafkaSerdesTester] (Thread-697) Sending message {"key11755010329628": "value-6"} to topic topic-59a8d0f0_0292_4bdd_93dc_583eccd9ddf9
2025-08-12 14:52:11,175 INFO  [io.api.tes.ser.api.KafkaSerdesTester] (Thread-697) Sending message {"key11755010329628": "value-7"} to topic topic-59a8d0f0_0292_4bdd_93dc_583eccd9ddf9
2025-08-12 14:52:11,178 INFO  [io.api.tes.ser.api.KafkaSerdesTester] (Thread-697) Sending message {"key11755010329628": "value-8"} to topic topic-59a8d0f0_0292_4bdd_93dc_583eccd9ddf9
2025-08-12 14:52:11,180 INFO  [io.api.tes.ser.api.KafkaSerdesTester] (Thread-697) Sending message {"key11755010329628": "value-9"} to topic topic-59a8d0f0_0292_4bdd_93dc_583eccd9ddf9
2025-08-12 14:52:11,183 INFO  [io.api.tes.ser.api.KafkaSerdesTester] (Thread-697) Produced 10 messages
2025-08-12 14:52:11,183 INFO  [org.apa.kaf.cli.pro.KafkaProducer] (Thread-697) [Producer clientId=Producer-topic-59a8d0f0_0292_4bdd_93dc_583eccd9ddf9] Closing the Kafka producer with timeoutMillis = 9223372036854775807 ms.
2025-08-12 14:52:11,187 INFO  [org.apa.kaf.com.met.Metrics] (Thread-697) Metrics scheduler closed
2025-08-12 14:52:11,187 INFO  [org.apa.kaf.com.met.Metrics] (Thread-697) Closing reporter org.apache.kafka.common.metrics.JmxReporter
2025-08-12 14:52:11,188 INFO  [org.apa.kaf.com.met.Metrics] (Thread-697) Closing reporter org.apache.kafka.common.telemetry.internals.ClientTelemetryReporter
2025-08-12 14:52:11,188 INFO  [org.apa.kaf.com.met.Metrics] (Thread-697) Metrics reporters closed
2025-08-12 14:52:11,188 INFO  [org.apa.kaf.com.uti.AppInfoParser] (Thread-697) App info kafka.producer for Producer-topic-59a8d0f0_0292_4bdd_93dc_583eccd9ddf9 unregistered
**** Registry Base URL: http://registry-app-mysql.apps.ci419.apicurio-testing.org:80
2025-08-12 14:52:11,189 INFO  [org.apa.kaf.cli.con.ConsumerConfig] (main) ConsumerConfig values: 
	allow.auto.create.topics = true
	auto.commit.interval.ms = 500
	auto.include.jmx.reporter = true
	auto.offset.reset = earliest
	bootstrap.servers = [PLAINTEXT://localhost:32769]
	check.crcs = true
	client.dns.lookup = use_all_dns_ips
	client.id = consumer-Consumer-topic-59a8d0f0_0292_4bdd_93dc_583eccd9ddf9-13
	client.rack = 
	connections.max.idle.ms = 10000
	default.api.timeout.ms = 60000
	enable.auto.commit = true
	enable.metrics.push = true
	exclude.internal.topics = true
	fetch.max.bytes = 52428800
	fetch.max.wait.ms = 500
	fetch.min.bytes = 1
	group.id = Consumer-topic-59a8d0f0_0292_4bdd_93dc_583eccd9ddf9
	group.instance.id = null
	group.protocol = classic
	group.remote.assignor = null
	heartbeat.interval.ms = 3000
	interceptor.classes = []
	internal.leave.group.on.close = true
	internal.throw.on.fetch.stable.offset.unsupported = false
	isolation.level = read_uncommitted
	key.deserializer = class org.apache.kafka.common.serialization.StringDeserializer
	max.partition.fetch.bytes = 1048576
	max.poll.interval.ms = 300000
	max.poll.records = 500
	metadata.max.age.ms = 300000
	metadata.recovery.strategy = none
	metric.reporters = []
	metrics.num.samples = 2
	metrics.recording.level = INFO
	metrics.sample.window.ms = 30000
	partition.assignment.strategy = [class org.apache.kafka.clients.consumer.RangeAssignor, class org.apache.kafka.clients.consumer.CooperativeStickyAssignor]
	receive.buffer.bytes = 65536
	reconnect.backoff.max.ms = 1000
	reconnect.backoff.ms = 50
	request.timeout.ms = 5000
	retry.backoff.max.ms = 1000
	retry.backoff.ms = 100
	sasl.client.callback.handler.class = null
	sasl.jaas.config = null
	sasl.kerberos.kinit.cmd = /usr/bin/kinit
	sasl.kerberos.min.time.before.relogin = 60000
	sasl.kerberos.service.name = null
	sasl.kerberos.ticket.renew.jitter = 0.05
	sasl.kerberos.ticket.renew.window.factor = 0.8
	sasl.login.callback.handler.class = null
	sasl.login.class = null
	sasl.login.connect.timeout.ms = null
	sasl.login.read.timeout.ms = null
	sasl.login.refresh.buffer.seconds = 300
	sasl.login.refresh.min.period.seconds = 60
	sasl.login.refresh.window.factor = 0.8
	sasl.login.refresh.window.jitter = 0.05
	sasl.login.retry.backoff.max.ms = 10000
	sasl.login.retry.backoff.ms = 100
	sasl.mechanism = GSSAPI
	sasl.oauthbearer.clock.skew.seconds = 30
	sasl.oauthbearer.expected.audience = null
	sasl.oauthbearer.expected.issuer = null
	sasl.oauthbearer.header.urlencode = false
	sasl.oauthbearer.jwks.endpoint.refresh.ms = 3600000
	sasl.oauthbearer.jwks.endpoint.retry.backoff.max.ms = 10000
	sasl.oauthbearer.jwks.endpoint.retry.backoff.ms = 100
	sasl.oauthbearer.jwks.endpoint.url = null
	sasl.oauthbearer.scope.claim.name = scope
	sasl.oauthbearer.sub.claim.name = sub
	sasl.oauthbearer.token.endpoint.url = null
	security.protocol = PLAINTEXT
	security.providers = null
	send.buffer.bytes = 131072
	session.timeout.ms = 45000
	socket.connection.setup.timeout.max.ms = 30000
	socket.connection.setup.timeout.ms = 10000
	ssl.cipher.suites = null
	ssl.enabled.protocols = [TLSv1.2, TLSv1.3]
	ssl.endpoint.identification.algorithm = https
	ssl.engine.factory.class = null
	ssl.key.password = null
	ssl.keymanager.algorithm = SunX509
	ssl.keystore.certificate.chain = null
	ssl.keystore.key = null
	ssl.keystore.location = null
	ssl.keystore.password = null
	ssl.keystore.type = JKS
	ssl.protocol = TLSv1.3
	ssl.provider = null
	ssl.secure.random.implementation = null
	ssl.trustmanager.algorithm = PKIX
	ssl.truststore.certificates = null
	ssl.truststore.location = null
	ssl.truststore.password = null
	ssl.truststore.type = JKS
	value.deserializer = class io.apicurio.registry.serde.avro.AvroKafkaDeserializer

2025-08-12 14:52:11,189 INFO  [org.apa.kaf.com.tel.int.KafkaMetricsCollector] (main) initializing Kafka metrics collector
2025-08-12 14:52:11,197 INFO  [org.apa.kaf.cli.con.ConsumerConfig] (main) These configurations '[apicurio.registry.url]' were supplied but are not used yet.
2025-08-12 14:52:11,197 INFO  [org.apa.kaf.com.uti.AppInfoParser] (main) Kafka version: 3.9.1
2025-08-12 14:52:11,197 INFO  [org.apa.kaf.com.uti.AppInfoParser] (main) Kafka commitId: f745dfdcee2b9851
2025-08-12 14:52:11,197 INFO  [org.apa.kaf.com.uti.AppInfoParser] (main) Kafka startTimeMs: 1755010331197
2025-08-12 14:52:11,197 INFO  [org.apa.kaf.cli.con.int.ClassicKafkaConsumer] (Thread-700) [Consumer clientId=consumer-Consumer-topic-59a8d0f0_0292_4bdd_93dc_583eccd9ddf9-13, groupId=Consumer-topic-59a8d0f0_0292_4bdd_93dc_583eccd9ddf9] Subscribed to topic(s): topic-59a8d0f0_0292_4bdd_93dc_583eccd9ddf9
2025-08-12 14:52:11,206 INFO  [org.apa.kaf.cli.Metadata] (Thread-700) [Consumer clientId=consumer-Consumer-topic-59a8d0f0_0292_4bdd_93dc_583eccd9ddf9-13, groupId=Consumer-topic-59a8d0f0_0292_4bdd_93dc_583eccd9ddf9] Cluster ID: FMImeSt9THyuSk_CoOu4HQ
2025-08-12 14:52:11,209 INFO  [org.apa.kaf.cli.con.int.ConsumerCoordinator] (Thread-700) [Consumer clientId=consumer-Consumer-topic-59a8d0f0_0292_4bdd_93dc_583eccd9ddf9-13, groupId=Consumer-topic-59a8d0f0_0292_4bdd_93dc_583eccd9ddf9] Discovered group coordinator localhost:32769 (id: 2147483647 rack: null)
2025-08-12 14:52:11,212 INFO  [org.apa.kaf.cli.con.int.ConsumerCoordinator] (Thread-700) [Consumer clientId=consumer-Consumer-topic-59a8d0f0_0292_4bdd_93dc_583eccd9ddf9-13, groupId=Consumer-topic-59a8d0f0_0292_4bdd_93dc_583eccd9ddf9] (Re-)joining group
2025-08-12 14:52:11,217 INFO  [org.apa.kaf.cli.con.int.ConsumerCoordinator] (Thread-700) [Consumer clientId=consumer-Consumer-topic-59a8d0f0_0292_4bdd_93dc_583eccd9ddf9-13, groupId=Consumer-topic-59a8d0f0_0292_4bdd_93dc_583eccd9ddf9] Request joining group due to: need to re-join with the given member-id: consumer-Consumer-topic-59a8d0f0_0292_4bdd_93dc_583eccd9ddf9-13-049db845-da44-48ae-a1d5-30c9c5d1489b
2025-08-12 14:52:11,217 INFO  [org.apa.kaf.cli.con.int.ConsumerCoordinator] (Thread-700) [Consumer clientId=consumer-Consumer-topic-59a8d0f0_0292_4bdd_93dc_583eccd9ddf9-13, groupId=Consumer-topic-59a8d0f0_0292_4bdd_93dc_583eccd9ddf9] (Re-)joining group
2025-08-12 14:52:12,197 INFO  [io.api.tes.ser.api.KafkaSerdesTester] (Thread-700) None found
2025-08-12 14:52:13,197 INFO  [io.api.tes.ser.api.KafkaSerdesTester] (Thread-700) None found
2025-08-12 14:52:14,197 INFO  [io.api.tes.ser.api.KafkaSerdesTester] (Thread-700) None found
2025-08-12 14:52:14,220 INFO  [org.apa.kaf.cli.con.int.ConsumerCoordinator] (Thread-700) [Consumer clientId=consumer-Consumer-topic-59a8d0f0_0292_4bdd_93dc_583eccd9ddf9-13, groupId=Consumer-topic-59a8d0f0_0292_4bdd_93dc_583eccd9ddf9] Successfully joined group with generation Generation{generationId=1, memberId='consumer-Consumer-topic-59a8d0f0_0292_4bdd_93dc_583eccd9ddf9-13-049db845-da44-48ae-a1d5-30c9c5d1489b', protocol='range'}
2025-08-12 14:52:14,220 INFO  [org.apa.kaf.cli.con.int.ConsumerCoordinator] (Thread-700) [Consumer clientId=consumer-Consumer-topic-59a8d0f0_0292_4bdd_93dc_583eccd9ddf9-13, groupId=Consumer-topic-59a8d0f0_0292_4bdd_93dc_583eccd9ddf9] Finished assignment for group at generation 1: {consumer-Consumer-topic-59a8d0f0_0292_4bdd_93dc_583eccd9ddf9-13-049db845-da44-48ae-a1d5-30c9c5d1489b=Assignment(partitions=[topic-59a8d0f0_0292_4bdd_93dc_583eccd9ddf9-0])}
2025-08-12 14:52:14,227 INFO  [org.apa.kaf.cli.con.int.ConsumerCoordinator] (Thread-700) [Consumer clientId=consumer-Consumer-topic-59a8d0f0_0292_4bdd_93dc_583eccd9ddf9-13, groupId=Consumer-topic-59a8d0f0_0292_4bdd_93dc_583eccd9ddf9] Successfully synced group in generation Generation{generationId=1, memberId='consumer-Consumer-topic-59a8d0f0_0292_4bdd_93dc_583eccd9ddf9-13-049db845-da44-48ae-a1d5-30c9c5d1489b', protocol='range'}
2025-08-12 14:52:14,227 INFO  [org.apa.kaf.cli.con.int.ConsumerCoordinator] (Thread-700) [Consumer clientId=consumer-Consumer-topic-59a8d0f0_0292_4bdd_93dc_583eccd9ddf9-13, groupId=Consumer-topic-59a8d0f0_0292_4bdd_93dc_583eccd9ddf9] Notifying assignor about the new Assignment(partitions=[topic-59a8d0f0_0292_4bdd_93dc_583eccd9ddf9-0])
2025-08-12 14:52:14,227 INFO  [org.apa.kaf.cli.con.int.ConsumerRebalanceListenerInvoker] (Thread-700) [Consumer clientId=consumer-Consumer-topic-59a8d0f0_0292_4bdd_93dc_583eccd9ddf9-13, groupId=Consumer-topic-59a8d0f0_0292_4bdd_93dc_583eccd9ddf9] Adding newly assigned partitions: topic-59a8d0f0_0292_4bdd_93dc_583eccd9ddf9-0
2025-08-12 14:52:14,228 INFO  [org.apa.kaf.cli.con.int.ConsumerCoordinator] (Thread-700) [Consumer clientId=consumer-Consumer-topic-59a8d0f0_0292_4bdd_93dc_583eccd9ddf9-13, groupId=Consumer-topic-59a8d0f0_0292_4bdd_93dc_583eccd9ddf9] Found no committed offset for partition topic-59a8d0f0_0292_4bdd_93dc_583eccd9ddf9-0
2025-08-12 14:52:14,231 INFO  [org.apa.kaf.cli.con.int.SubscriptionState] (Thread-700) [Consumer clientId=consumer-Consumer-topic-59a8d0f0_0292_4bdd_93dc_583eccd9ddf9-13, groupId=Consumer-topic-59a8d0f0_0292_4bdd_93dc_583eccd9ddf9] Resetting offset for partition topic-59a8d0f0_0292_4bdd_93dc_583eccd9ddf9-0 to position FetchPosition{offset=0, offsetEpoch=Optional.empty, currentLeader=LeaderAndEpoch{leader=Optional[localhost:32769 (id: 0 rack: null)], epoch=0}}.
2025-08-12 14:52:14,479 INFO  [io.api.tes.ser.api.KafkaSerdesTester] (Thread-700) topic-59a8d0f0_0292_4bdd_93dc_583eccd9ddf9 0 0 {"key11755010329628": "value-0"}
2025-08-12 14:52:14,479 INFO  [io.api.tes.ser.api.KafkaSerdesTester] (Thread-700) topic-59a8d0f0_0292_4bdd_93dc_583eccd9ddf9 0 1 {"key11755010329628": "value-1"}
2025-08-12 14:52:14,479 INFO  [io.api.tes.ser.api.KafkaSerdesTester] (Thread-700) topic-59a8d0f0_0292_4bdd_93dc_583eccd9ddf9 0 2 {"key11755010329628": "value-2"}
2025-08-12 14:52:14,480 INFO  [io.api.tes.ser.api.KafkaSerdesTester] (Thread-700) topic-59a8d0f0_0292_4bdd_93dc_583eccd9ddf9 0 3 {"key11755010329628": "value-3"}
2025-08-12 14:52:14,480 INFO  [io.api.tes.ser.api.KafkaSerdesTester] (Thread-700) topic-59a8d0f0_0292_4bdd_93dc_583eccd9ddf9 0 4 {"key11755010329628": "value-4"}
2025-08-12 14:52:14,480 INFO  [io.api.tes.ser.api.KafkaSerdesTester] (Thread-700) topic-59a8d0f0_0292_4bdd_93dc_583eccd9ddf9 0 5 {"key11755010329628": "value-5"}
2025-08-12 14:52:14,480 INFO  [io.api.tes.ser.api.KafkaSerdesTester] (Thread-700) topic-59a8d0f0_0292_4bdd_93dc_583eccd9ddf9 0 6 {"key11755010329628": "value-6"}
2025-08-12 14:52:14,480 INFO  [io.api.tes.ser.api.KafkaSerdesTester] (Thread-700) topic-59a8d0f0_0292_4bdd_93dc_583eccd9ddf9 0 7 {"key11755010329628": "value-7"}
2025-08-12 14:52:14,480 INFO  [io.api.tes.ser.api.KafkaSerdesTester] (Thread-700) topic-59a8d0f0_0292_4bdd_93dc_583eccd9ddf9 0 8 {"key11755010329628": "value-8"}
2025-08-12 14:52:14,480 INFO  [io.api.tes.ser.api.KafkaSerdesTester] (Thread-700) topic-59a8d0f0_0292_4bdd_93dc_583eccd9ddf9 0 9 {"key11755010329628": "value-9"}
2025-08-12 14:52:14,480 INFO  [io.api.tes.ser.api.KafkaSerdesTester] (Thread-700) Consumed 10 messages
2025-08-12 14:52:14,489 INFO  [org.apa.kaf.cli.con.int.ConsumerRebalanceListenerInvoker] (Thread-700) [Consumer clientId=consumer-Consumer-topic-59a8d0f0_0292_4bdd_93dc_583eccd9ddf9-13, groupId=Consumer-topic-59a8d0f0_0292_4bdd_93dc_583eccd9ddf9] Revoke previously assigned partitions topic-59a8d0f0_0292_4bdd_93dc_583eccd9ddf9-0
2025-08-12 14:52:14,489 INFO  [org.apa.kaf.cli.con.int.ConsumerCoordinator] (Thread-700) [Consumer clientId=consumer-Consumer-topic-59a8d0f0_0292_4bdd_93dc_583eccd9ddf9-13, groupId=Consumer-topic-59a8d0f0_0292_4bdd_93dc_583eccd9ddf9] Member consumer-Consumer-topic-59a8d0f0_0292_4bdd_93dc_583eccd9ddf9-13-049db845-da44-48ae-a1d5-30c9c5d1489b sending LeaveGroup request to coordinator localhost:32769 (id: 2147483647 rack: null) due to the consumer is being closed
2025-08-12 14:52:14,489 INFO  [org.apa.kaf.cli.con.int.ConsumerCoordinator] (Thread-700) [Consumer clientId=consumer-Consumer-topic-59a8d0f0_0292_4bdd_93dc_583eccd9ddf9-13, groupId=Consumer-topic-59a8d0f0_0292_4bdd_93dc_583eccd9ddf9] Resetting generation and member id due to: consumer pro-actively leaving the group
2025-08-12 14:52:14,490 INFO  [org.apa.kaf.cli.con.int.ConsumerCoordinator] (Thread-700) [Consumer clientId=consumer-Consumer-topic-59a8d0f0_0292_4bdd_93dc_583eccd9ddf9-13, groupId=Consumer-topic-59a8d0f0_0292_4bdd_93dc_583eccd9ddf9] Request joining group due to: consumer pro-actively leaving the group
2025-08-12 14:52:14,982 INFO  [org.apa.kaf.com.met.Metrics] (Thread-700) Metrics scheduler closed
2025-08-12 14:52:14,982 INFO  [org.apa.kaf.com.met.Metrics] (Thread-700) Closing reporter org.apache.kafka.common.metrics.JmxReporter
2025-08-12 14:52:14,982 INFO  [org.apa.kaf.com.met.Metrics] (Thread-700) Closing reporter org.apache.kafka.common.telemetry.internals.ClientTelemetryReporter
2025-08-12 14:52:14,982 INFO  [org.apa.kaf.com.met.Metrics] (Thread-700) Metrics reporters closed
2025-08-12 14:52:14,984 INFO  [org.apa.kaf.com.uti.AppInfoParser] (Thread-700) App info kafka.consumer for consumer-Consumer-topic-59a8d0f0_0292_4bdd_93dc_583eccd9ddf9-13 unregistered
2025-08-12 14:52:14,985 INFO  [io.api.tes.uti.TestSeparator] (main) io.apicurio.tests.serdes.apicurio.AvroSerdeIT.testTopicRecordIdStrategydFindLatest-FINISHED
2025-08-12 14:52:14,985 INFO  [io.api.tes.uti.TestSeparator] (main) ############################################################################
Test passed: testTopicRecordIdStrategydFindLatest
]]></system-out>
  </testcase>
  <testcase name="testAvroConfluentForMultipleTopics" classname="io.apicurio.tests.serdes.apicurio.AvroSerdeIT" time="13.132">
    <system-out><![CDATA[2025-08-12 14:52:14,988 INFO  [io.api.tes.uti.TestSeparator] (main) ############################################################################
2025-08-12 14:52:14,988 INFO  [io.api.tes.uti.TestSeparator] (main) io.apicurio.tests.serdes.apicurio.AvroSerdeIT.testAvroConfluentForMultipleTopics-STARTED
2025-08-12 14:52:14,989 INFO  [io.api.tes.ser.api.AvroSerdeIT] (main) Registering Avro Schema: {"type":"record","name":"myrecordconfluent","fields":[{"name":"key11755010334989","type":"string"}]}
**** Registry Base URL: http://registry-app-mysql.apps.ci419.apicurio-testing.org:80
2025-08-12 14:52:16,175 INFO  [org.apa.kaf.cli.pro.ProducerConfig] (main) ProducerConfig values: 
	acks = -1
	auto.include.jmx.reporter = true
	batch.size = 16384
	bootstrap.servers = [PLAINTEXT://localhost:32769]
	buffer.memory = 33554432
	client.dns.lookup = use_all_dns_ips
	client.id = Producer-topic-8c5115c7_6d77_4814_bdca_922206d3e3cb
	compression.gzip.level = -1
	compression.lz4.level = 9
	compression.type = none
	compression.zstd.level = 3
	connections.max.idle.ms = 10000
	delivery.timeout.ms = 120000
	enable.idempotence = true
	enable.metrics.push = true
	interceptor.classes = []
	key.serializer = class org.apache.kafka.common.serialization.StringSerializer
	linger.ms = 0
	max.block.ms = 60000
	max.in.flight.requests.per.connection = 5
	max.request.size = 1048576
	metadata.max.age.ms = 300000
	metadata.max.idle.ms = 300000
	metadata.recovery.strategy = none
	metric.reporters = []
	metrics.num.samples = 2
	metrics.recording.level = INFO
	metrics.sample.window.ms = 30000
	partitioner.adaptive.partitioning.enable = true
	partitioner.availability.timeout.ms = 0
	partitioner.class = null
	partitioner.ignore.keys = false
	receive.buffer.bytes = 32768
	reconnect.backoff.max.ms = 1000
	reconnect.backoff.ms = 50
	request.timeout.ms = 5000
	retries = 2147483647
	retry.backoff.max.ms = 1000
	retry.backoff.ms = 100
	sasl.client.callback.handler.class = null
	sasl.jaas.config = null
	sasl.kerberos.kinit.cmd = /usr/bin/kinit
	sasl.kerberos.min.time.before.relogin = 60000
	sasl.kerberos.service.name = null
	sasl.kerberos.ticket.renew.jitter = 0.05
	sasl.kerberos.ticket.renew.window.factor = 0.8
	sasl.login.callback.handler.class = null
	sasl.login.class = null
	sasl.login.connect.timeout.ms = null
	sasl.login.read.timeout.ms = null
	sasl.login.refresh.buffer.seconds = 300
	sasl.login.refresh.min.period.seconds = 60
	sasl.login.refresh.window.factor = 0.8
	sasl.login.refresh.window.jitter = 0.05
	sasl.login.retry.backoff.max.ms = 10000
	sasl.login.retry.backoff.ms = 100
	sasl.mechanism = GSSAPI
	sasl.oauthbearer.clock.skew.seconds = 30
	sasl.oauthbearer.expected.audience = null
	sasl.oauthbearer.expected.issuer = null
	sasl.oauthbearer.header.urlencode = false
	sasl.oauthbearer.jwks.endpoint.refresh.ms = 3600000
	sasl.oauthbearer.jwks.endpoint.retry.backoff.max.ms = 10000
	sasl.oauthbearer.jwks.endpoint.retry.backoff.ms = 100
	sasl.oauthbearer.jwks.endpoint.url = null
	sasl.oauthbearer.scope.claim.name = scope
	sasl.oauthbearer.sub.claim.name = sub
	sasl.oauthbearer.token.endpoint.url = null
	security.protocol = PLAINTEXT
	security.providers = null
	send.buffer.bytes = 131072
	socket.connection.setup.timeout.max.ms = 30000
	socket.connection.setup.timeout.ms = 10000
	ssl.cipher.suites = null
	ssl.enabled.protocols = [TLSv1.2, TLSv1.3]
	ssl.endpoint.identification.algorithm = https
	ssl.engine.factory.class = null
	ssl.key.password = null
	ssl.keymanager.algorithm = SunX509
	ssl.keystore.certificate.chain = null
	ssl.keystore.key = null
	ssl.keystore.location = null
	ssl.keystore.password = null
	ssl.keystore.type = JKS
	ssl.protocol = TLSv1.3
	ssl.provider = null
	ssl.secure.random.implementation = null
	ssl.trustmanager.algorithm = PKIX
	ssl.truststore.certificates = null
	ssl.truststore.location = null
	ssl.truststore.password = null
	ssl.truststore.type = JKS
	transaction.timeout.ms = 60000
	transactional.id = null
	value.serializer = class io.apicurio.registry.serde.avro.AvroKafkaSerializer

2025-08-12 14:52:16,175 INFO  [org.apa.kaf.com.tel.int.KafkaMetricsCollector] (main) initializing Kafka metrics collector
2025-08-12 14:52:16,178 INFO  [org.apa.kaf.cli.pro.KafkaProducer] (main) [Producer clientId=Producer-topic-8c5115c7_6d77_4814_bdca_922206d3e3cb] Instantiated an idempotent producer.
2025-08-12 14:52:16,179 INFO  [org.apa.kaf.cli.pro.ProducerConfig] (main) These configurations '[apicurio.registry.url, apicurio.registry.artifact-resolver-strategy]' were supplied but are not used yet.
2025-08-12 14:52:16,180 INFO  [org.apa.kaf.com.uti.AppInfoParser] (main) Kafka version: 3.9.1
2025-08-12 14:52:16,180 INFO  [org.apa.kaf.com.uti.AppInfoParser] (main) Kafka commitId: f745dfdcee2b9851
2025-08-12 14:52:16,180 INFO  [org.apa.kaf.com.uti.AppInfoParser] (main) Kafka startTimeMs: 1755010336179
**** Registry Base URL: http://registry-app-mysql.apps.ci419.apicurio-testing.org:80
2025-08-12 14:52:16,180 INFO  [org.apa.kaf.cli.pro.ProducerConfig] (main) ProducerConfig values: 
	acks = -1
	auto.include.jmx.reporter = true
	batch.size = 16384
	bootstrap.servers = [PLAINTEXT://localhost:32769]
	buffer.memory = 33554432
	client.dns.lookup = use_all_dns_ips
	client.id = Producer-topic-8280a1c0_eac3_4c41_84ad_7f1eefad7b1e
	compression.gzip.level = -1
	compression.lz4.level = 9
	compression.type = none
	compression.zstd.level = 3
	connections.max.idle.ms = 10000
	delivery.timeout.ms = 120000
	enable.idempotence = true
	enable.metrics.push = true
	interceptor.classes = []
	key.serializer = class org.apache.kafka.common.serialization.StringSerializer
	linger.ms = 0
	max.block.ms = 60000
	max.in.flight.requests.per.connection = 5
	max.request.size = 1048576
	metadata.max.age.ms = 300000
	metadata.max.idle.ms = 300000
	metadata.recovery.strategy = none
	metric.reporters = []
	metrics.num.samples = 2
	metrics.recording.level = INFO
	metrics.sample.window.ms = 30000
	partitioner.adaptive.partitioning.enable = true
	partitioner.availability.timeout.ms = 0
	partitioner.class = null
	partitioner.ignore.keys = false
	receive.buffer.bytes = 32768
	reconnect.backoff.max.ms = 1000
	reconnect.backoff.ms = 50
	request.timeout.ms = 5000
	retries = 2147483647
	retry.backoff.max.ms = 1000
	retry.backoff.ms = 100
	sasl.client.callback.handler.class = null
	sasl.jaas.config = null
	sasl.kerberos.kinit.cmd = /usr/bin/kinit
	sasl.kerberos.min.time.before.relogin = 60000
	sasl.kerberos.service.name = null
	sasl.kerberos.ticket.renew.jitter = 0.05
	sasl.kerberos.ticket.renew.window.factor = 0.8
	sasl.login.callback.handler.class = null
	sasl.login.class = null
	sasl.login.connect.timeout.ms = null
	sasl.login.read.timeout.ms = null
	sasl.login.refresh.buffer.seconds = 300
	sasl.login.refresh.min.period.seconds = 60
	sasl.login.refresh.window.factor = 0.8
	sasl.login.refresh.window.jitter = 0.05
	sasl.login.retry.backoff.max.ms = 10000
	sasl.login.retry.backoff.ms = 100
	sasl.mechanism = GSSAPI
	sasl.oauthbearer.clock.skew.seconds = 30
	sasl.oauthbearer.expected.audience = null
	sasl.oauthbearer.expected.issuer = null
	sasl.oauthbearer.header.urlencode = false
	sasl.oauthbearer.jwks.endpoint.refresh.ms = 3600000
	sasl.oauthbearer.jwks.endpoint.retry.backoff.max.ms = 10000
	sasl.oauthbearer.jwks.endpoint.retry.backoff.ms = 100
	sasl.oauthbearer.jwks.endpoint.url = null
	sasl.oauthbearer.scope.claim.name = scope
	sasl.oauthbearer.sub.claim.name = sub
	sasl.oauthbearer.token.endpoint.url = null
	security.protocol = PLAINTEXT
	security.providers = null
	send.buffer.bytes = 131072
	socket.connection.setup.timeout.max.ms = 30000
	socket.connection.setup.timeout.ms = 10000
	ssl.cipher.suites = null
	ssl.enabled.protocols = [TLSv1.2, TLSv1.3]
	ssl.endpoint.identification.algorithm = https
	ssl.engine.factory.class = null
	ssl.key.password = null
	ssl.keymanager.algorithm = SunX509
	ssl.keystore.certificate.chain = null
	ssl.keystore.key = null
	ssl.keystore.location = null
	ssl.keystore.password = null
	ssl.keystore.type = JKS
	ssl.protocol = TLSv1.3
	ssl.provider = null
	ssl.secure.random.implementation = null
	ssl.trustmanager.algorithm = PKIX
	ssl.truststore.certificates = null
	ssl.truststore.location = null
	ssl.truststore.password = null
	ssl.truststore.type = JKS
	transaction.timeout.ms = 60000
	transactional.id = null
	value.serializer = class io.apicurio.registry.serde.avro.AvroKafkaSerializer

2025-08-12 14:52:16,180 INFO  [org.apa.kaf.com.tel.int.KafkaMetricsCollector] (main) initializing Kafka metrics collector
2025-08-12 14:52:16,185 INFO  [org.apa.kaf.cli.pro.KafkaProducer] (main) [Producer clientId=Producer-topic-8280a1c0_eac3_4c41_84ad_7f1eefad7b1e] Instantiated an idempotent producer.
2025-08-12 14:52:16,187 INFO  [org.apa.kaf.cli.Metadata] (kafka-producer-network-thread | Producer-topic-8c5115c7_6d77_4814_bdca_922206d3e3cb) [Producer clientId=Producer-topic-8c5115c7_6d77_4814_bdca_922206d3e3cb] Cluster ID: FMImeSt9THyuSk_CoOu4HQ
2025-08-12 14:52:16,188 INFO  [org.apa.kaf.cli.pro.int.TransactionManager] (kafka-producer-network-thread | Producer-topic-8c5115c7_6d77_4814_bdca_922206d3e3cb) [Producer clientId=Producer-topic-8c5115c7_6d77_4814_bdca_922206d3e3cb] ProducerId set to 19 with epoch 0
2025-08-12 14:52:16,189 INFO  [org.apa.kaf.cli.pro.ProducerConfig] (main) These configurations '[apicurio.registry.url, apicurio.registry.artifact-resolver-strategy]' were supplied but are not used yet.
2025-08-12 14:52:16,189 INFO  [org.apa.kaf.com.uti.AppInfoParser] (main) Kafka version: 3.9.1
2025-08-12 14:52:16,189 INFO  [org.apa.kaf.com.uti.AppInfoParser] (main) Kafka commitId: f745dfdcee2b9851
2025-08-12 14:52:16,189 INFO  [org.apa.kaf.com.uti.AppInfoParser] (main) Kafka startTimeMs: 1755010336189
**** Registry Base URL: http://registry-app-mysql.apps.ci419.apicurio-testing.org:80
2025-08-12 14:52:16,189 INFO  [org.apa.kaf.cli.pro.ProducerConfig] (main) ProducerConfig values: 
	acks = -1
	auto.include.jmx.reporter = true
	batch.size = 16384
	bootstrap.servers = [PLAINTEXT://localhost:32769]
	buffer.memory = 33554432
	client.dns.lookup = use_all_dns_ips
	client.id = Producer-topic-12a3c860_d06c_4b15_af04_eff43b083935
	compression.gzip.level = -1
	compression.lz4.level = 9
	compression.type = none
	compression.zstd.level = 3
	connections.max.idle.ms = 10000
	delivery.timeout.ms = 120000
	enable.idempotence = true
	enable.metrics.push = true
	interceptor.classes = []
	key.serializer = class org.apache.kafka.common.serialization.StringSerializer
	linger.ms = 0
	max.block.ms = 60000
	max.in.flight.requests.per.connection = 5
	max.request.size = 1048576
	metadata.max.age.ms = 300000
	metadata.max.idle.ms = 300000
	metadata.recovery.strategy = none
	metric.reporters = []
	metrics.num.samples = 2
	metrics.recording.level = INFO
	metrics.sample.window.ms = 30000
	partitioner.adaptive.partitioning.enable = true
	partitioner.availability.timeout.ms = 0
	partitioner.class = null
	partitioner.ignore.keys = false
	receive.buffer.bytes = 32768
	reconnect.backoff.max.ms = 1000
	reconnect.backoff.ms = 50
	request.timeout.ms = 5000
	retries = 2147483647
	retry.backoff.max.ms = 1000
	retry.backoff.ms = 100
	sasl.client.callback.handler.class = null
	sasl.jaas.config = null
	sasl.kerberos.kinit.cmd = /usr/bin/kinit
	sasl.kerberos.min.time.before.relogin = 60000
	sasl.kerberos.service.name = null
	sasl.kerberos.ticket.renew.jitter = 0.05
	sasl.kerberos.ticket.renew.window.factor = 0.8
	sasl.login.callback.handler.class = null
	sasl.login.class = null
	sasl.login.connect.timeout.ms = null
	sasl.login.read.timeout.ms = null
	sasl.login.refresh.buffer.seconds = 300
	sasl.login.refresh.min.period.seconds = 60
	sasl.login.refresh.window.factor = 0.8
	sasl.login.refresh.window.jitter = 0.05
	sasl.login.retry.backoff.max.ms = 10000
	sasl.login.retry.backoff.ms = 100
	sasl.mechanism = GSSAPI
	sasl.oauthbearer.clock.skew.seconds = 30
	sasl.oauthbearer.expected.audience = null
	sasl.oauthbearer.expected.issuer = null
	sasl.oauthbearer.header.urlencode = false
	sasl.oauthbearer.jwks.endpoint.refresh.ms = 3600000
	sasl.oauthbearer.jwks.endpoint.retry.backoff.max.ms = 10000
	sasl.oauthbearer.jwks.endpoint.retry.backoff.ms = 100
	sasl.oauthbearer.jwks.endpoint.url = null
	sasl.oauthbearer.scope.claim.name = scope
	sasl.oauthbearer.sub.claim.name = sub
	sasl.oauthbearer.token.endpoint.url = null
	security.protocol = PLAINTEXT
	security.providers = null
	send.buffer.bytes = 131072
	socket.connection.setup.timeout.max.ms = 30000
	socket.connection.setup.timeout.ms = 10000
	ssl.cipher.suites = null
	ssl.enabled.protocols = [TLSv1.2, TLSv1.3]
	ssl.endpoint.identification.algorithm = https
	ssl.engine.factory.class = null
	ssl.key.password = null
	ssl.keymanager.algorithm = SunX509
	ssl.keystore.certificate.chain = null
	ssl.keystore.key = null
	ssl.keystore.location = null
	ssl.keystore.password = null
	ssl.keystore.type = JKS
	ssl.protocol = TLSv1.3
	ssl.provider = null
	ssl.secure.random.implementation = null
	ssl.trustmanager.algorithm = PKIX
	ssl.truststore.certificates = null
	ssl.truststore.location = null
	ssl.truststore.password = null
	ssl.truststore.type = JKS
	transaction.timeout.ms = 60000
	transactional.id = null
	value.serializer = class io.apicurio.registry.serde.avro.AvroKafkaSerializer

2025-08-12 14:52:16,190 INFO  [org.apa.kaf.com.tel.int.KafkaMetricsCollector] (main) initializing Kafka metrics collector
2025-08-12 14:52:16,193 INFO  [org.apa.kaf.cli.pro.KafkaProducer] (main) [Producer clientId=Producer-topic-12a3c860_d06c_4b15_af04_eff43b083935] Instantiated an idempotent producer.
2025-08-12 14:52:16,198 INFO  [org.apa.kaf.cli.Metadata] (kafka-producer-network-thread | Producer-topic-8280a1c0_eac3_4c41_84ad_7f1eefad7b1e) [Producer clientId=Producer-topic-8280a1c0_eac3_4c41_84ad_7f1eefad7b1e] Cluster ID: FMImeSt9THyuSk_CoOu4HQ
2025-08-12 14:52:16,204 INFO  [org.apa.kaf.cli.pro.ProducerConfig] (main) These configurations '[apicurio.registry.url, apicurio.registry.artifact-resolver-strategy]' were supplied but are not used yet.
2025-08-12 14:52:16,204 INFO  [org.apa.kaf.com.uti.AppInfoParser] (main) Kafka version: 3.9.1
2025-08-12 14:52:16,204 INFO  [org.apa.kaf.com.uti.AppInfoParser] (main) Kafka commitId: f745dfdcee2b9851
2025-08-12 14:52:16,204 INFO  [org.apa.kaf.com.uti.AppInfoParser] (main) Kafka startTimeMs: 1755010336204
**** Registry Base URL: http://registry-app-mysql.apps.ci419.apicurio-testing.org:80
2025-08-12 14:52:16,204 INFO  [org.apa.kaf.cli.pro.int.TransactionManager] (kafka-producer-network-thread | Producer-topic-8280a1c0_eac3_4c41_84ad_7f1eefad7b1e) [Producer clientId=Producer-topic-8280a1c0_eac3_4c41_84ad_7f1eefad7b1e] ProducerId set to 20 with epoch 0
2025-08-12 14:52:16,207 INFO  [org.apa.kaf.cli.con.ConsumerConfig] (main) ConsumerConfig values: 
	allow.auto.create.topics = true
	auto.commit.interval.ms = 500
	auto.include.jmx.reporter = true
	auto.offset.reset = earliest
	bootstrap.servers = [PLAINTEXT://localhost:32769]
	check.crcs = true
	client.dns.lookup = use_all_dns_ips
	client.id = consumer-Consumer-topic-8c5115c7_6d77_4814_bdca_922206d3e3cb-14
	client.rack = 
	connections.max.idle.ms = 10000
	default.api.timeout.ms = 60000
	enable.auto.commit = true
	enable.metrics.push = true
	exclude.internal.topics = true
	fetch.max.bytes = 52428800
	fetch.max.wait.ms = 500
	fetch.min.bytes = 1
	group.id = Consumer-topic-8c5115c7_6d77_4814_bdca_922206d3e3cb
	group.instance.id = null
	group.protocol = classic
	group.remote.assignor = null
	heartbeat.interval.ms = 3000
	interceptor.classes = []
	internal.leave.group.on.close = true
	internal.throw.on.fetch.stable.offset.unsupported = false
	isolation.level = read_uncommitted
	key.deserializer = class org.apache.kafka.common.serialization.StringDeserializer
	max.partition.fetch.bytes = 1048576
	max.poll.interval.ms = 300000
	max.poll.records = 500
	metadata.max.age.ms = 300000
	metadata.recovery.strategy = none
	metric.reporters = []
	metrics.num.samples = 2
	metrics.recording.level = INFO
	metrics.sample.window.ms = 30000
	partition.assignment.strategy = [class org.apache.kafka.clients.consumer.RangeAssignor, class org.apache.kafka.clients.consumer.CooperativeStickyAssignor]
	receive.buffer.bytes = 65536
	reconnect.backoff.max.ms = 1000
	reconnect.backoff.ms = 50
	request.timeout.ms = 5000
	retry.backoff.max.ms = 1000
	retry.backoff.ms = 100
	sasl.client.callback.handler.class = null
	sasl.jaas.config = null
	sasl.kerberos.kinit.cmd = /usr/bin/kinit
	sasl.kerberos.min.time.before.relogin = 60000
	sasl.kerberos.service.name = null
	sasl.kerberos.ticket.renew.jitter = 0.05
	sasl.kerberos.ticket.renew.window.factor = 0.8
	sasl.login.callback.handler.class = null
	sasl.login.class = null
	sasl.login.connect.timeout.ms = null
	sasl.login.read.timeout.ms = null
	sasl.login.refresh.buffer.seconds = 300
	sasl.login.refresh.min.period.seconds = 60
	sasl.login.refresh.window.factor = 0.8
	sasl.login.refresh.window.jitter = 0.05
	sasl.login.retry.backoff.max.ms = 10000
	sasl.login.retry.backoff.ms = 100
	sasl.mechanism = GSSAPI
	sasl.oauthbearer.clock.skew.seconds = 30
	sasl.oauthbearer.expected.audience = null
	sasl.oauthbearer.expected.issuer = null
	sasl.oauthbearer.header.urlencode = false
	sasl.oauthbearer.jwks.endpoint.refresh.ms = 3600000
	sasl.oauthbearer.jwks.endpoint.retry.backoff.max.ms = 10000
	sasl.oauthbearer.jwks.endpoint.retry.backoff.ms = 100
	sasl.oauthbearer.jwks.endpoint.url = null
	sasl.oauthbearer.scope.claim.name = scope
	sasl.oauthbearer.sub.claim.name = sub
	sasl.oauthbearer.token.endpoint.url = null
	security.protocol = PLAINTEXT
	security.providers = null
	send.buffer.bytes = 131072
	session.timeout.ms = 45000
	socket.connection.setup.timeout.max.ms = 30000
	socket.connection.setup.timeout.ms = 10000
	ssl.cipher.suites = null
	ssl.enabled.protocols = [TLSv1.2, TLSv1.3]
	ssl.endpoint.identification.algorithm = https
	ssl.engine.factory.class = null
	ssl.key.password = null
	ssl.keymanager.algorithm = SunX509
	ssl.keystore.certificate.chain = null
	ssl.keystore.key = null
	ssl.keystore.location = null
	ssl.keystore.password = null
	ssl.keystore.type = JKS
	ssl.protocol = TLSv1.3
	ssl.provider = null
	ssl.secure.random.implementation = null
	ssl.trustmanager.algorithm = PKIX
	ssl.truststore.certificates = null
	ssl.truststore.location = null
	ssl.truststore.password = null
	ssl.truststore.type = JKS
	value.deserializer = class io.apicurio.registry.serde.avro.AvroKafkaDeserializer

2025-08-12 14:52:16,207 INFO  [org.apa.kaf.com.tel.int.KafkaMetricsCollector] (main) initializing Kafka metrics collector
2025-08-12 14:52:16,211 INFO  [org.apa.kaf.cli.Metadata] (kafka-producer-network-thread | Producer-topic-12a3c860_d06c_4b15_af04_eff43b083935) [Producer clientId=Producer-topic-12a3c860_d06c_4b15_af04_eff43b083935] Cluster ID: FMImeSt9THyuSk_CoOu4HQ
2025-08-12 14:52:16,211 INFO  [org.apa.kaf.cli.pro.int.TransactionManager] (kafka-producer-network-thread | Producer-topic-12a3c860_d06c_4b15_af04_eff43b083935) [Producer clientId=Producer-topic-12a3c860_d06c_4b15_af04_eff43b083935] ProducerId set to 21 with epoch 0
2025-08-12 14:52:16,221 INFO  [org.apa.kaf.cli.con.ConsumerConfig] (main) These configurations '[apicurio.registry.url]' were supplied but are not used yet.
2025-08-12 14:52:16,221 INFO  [org.apa.kaf.com.uti.AppInfoParser] (main) Kafka version: 3.9.1
2025-08-12 14:52:16,221 INFO  [org.apa.kaf.com.uti.AppInfoParser] (main) Kafka commitId: f745dfdcee2b9851
2025-08-12 14:52:16,221 INFO  [org.apa.kaf.com.uti.AppInfoParser] (main) Kafka startTimeMs: 1755010336221
**** Registry Base URL: http://registry-app-mysql.apps.ci419.apicurio-testing.org:80
2025-08-12 14:52:16,222 INFO  [org.apa.kaf.cli.con.ConsumerConfig] (main) ConsumerConfig values: 
	allow.auto.create.topics = true
	auto.commit.interval.ms = 500
	auto.include.jmx.reporter = true
	auto.offset.reset = earliest
	bootstrap.servers = [PLAINTEXT://localhost:32769]
	check.crcs = true
	client.dns.lookup = use_all_dns_ips
	client.id = consumer-Consumer-topic-8280a1c0_eac3_4c41_84ad_7f1eefad7b1e-15
	client.rack = 
	connections.max.idle.ms = 10000
	default.api.timeout.ms = 60000
	enable.auto.commit = true
	enable.metrics.push = true
	exclude.internal.topics = true
	fetch.max.bytes = 52428800
	fetch.max.wait.ms = 500
	fetch.min.bytes = 1
	group.id = Consumer-topic-8280a1c0_eac3_4c41_84ad_7f1eefad7b1e
	group.instance.id = null
	group.protocol = classic
	group.remote.assignor = null
	heartbeat.interval.ms = 3000
	interceptor.classes = []
	internal.leave.group.on.close = true
	internal.throw.on.fetch.stable.offset.unsupported = false
	isolation.level = read_uncommitted
	key.deserializer = class org.apache.kafka.common.serialization.StringDeserializer
	max.partition.fetch.bytes = 1048576
	max.poll.interval.ms = 300000
	max.poll.records = 500
	metadata.max.age.ms = 300000
	metadata.recovery.strategy = none
	metric.reporters = []
	metrics.num.samples = 2
	metrics.recording.level = INFO
	metrics.sample.window.ms = 30000
	partition.assignment.strategy = [class org.apache.kafka.clients.consumer.RangeAssignor, class org.apache.kafka.clients.consumer.CooperativeStickyAssignor]
	receive.buffer.bytes = 65536
	reconnect.backoff.max.ms = 1000
	reconnect.backoff.ms = 50
	request.timeout.ms = 5000
	retry.backoff.max.ms = 1000
	retry.backoff.ms = 100
	sasl.client.callback.handler.class = null
	sasl.jaas.config = null
	sasl.kerberos.kinit.cmd = /usr/bin/kinit
	sasl.kerberos.min.time.before.relogin = 60000
	sasl.kerberos.service.name = null
	sasl.kerberos.ticket.renew.jitter = 0.05
	sasl.kerberos.ticket.renew.window.factor = 0.8
	sasl.login.callback.handler.class = null
	sasl.login.class = null
	sasl.login.connect.timeout.ms = null
	sasl.login.read.timeout.ms = null
	sasl.login.refresh.buffer.seconds = 300
	sasl.login.refresh.min.period.seconds = 60
	sasl.login.refresh.window.factor = 0.8
	sasl.login.refresh.window.jitter = 0.05
	sasl.login.retry.backoff.max.ms = 10000
	sasl.login.retry.backoff.ms = 100
	sasl.mechanism = GSSAPI
	sasl.oauthbearer.clock.skew.seconds = 30
	sasl.oauthbearer.expected.audience = null
	sasl.oauthbearer.expected.issuer = null
	sasl.oauthbearer.header.urlencode = false
	sasl.oauthbearer.jwks.endpoint.refresh.ms = 3600000
	sasl.oauthbearer.jwks.endpoint.retry.backoff.max.ms = 10000
	sasl.oauthbearer.jwks.endpoint.retry.backoff.ms = 100
	sasl.oauthbearer.jwks.endpoint.url = null
	sasl.oauthbearer.scope.claim.name = scope
	sasl.oauthbearer.sub.claim.name = sub
	sasl.oauthbearer.token.endpoint.url = null
	security.protocol = PLAINTEXT
	security.providers = null
	send.buffer.bytes = 131072
	session.timeout.ms = 45000
	socket.connection.setup.timeout.max.ms = 30000
	socket.connection.setup.timeout.ms = 10000
	ssl.cipher.suites = null
	ssl.enabled.protocols = [TLSv1.2, TLSv1.3]
	ssl.endpoint.identification.algorithm = https
	ssl.engine.factory.class = null
	ssl.key.password = null
	ssl.keymanager.algorithm = SunX509
	ssl.keystore.certificate.chain = null
	ssl.keystore.key = null
	ssl.keystore.location = null
	ssl.keystore.password = null
	ssl.keystore.type = JKS
	ssl.protocol = TLSv1.3
	ssl.provider = null
	ssl.secure.random.implementation = null
	ssl.trustmanager.algorithm = PKIX
	ssl.truststore.certificates = null
	ssl.truststore.location = null
	ssl.truststore.password = null
	ssl.truststore.type = JKS
	value.deserializer = class io.apicurio.registry.serde.avro.AvroKafkaDeserializer

2025-08-12 14:52:16,222 INFO  [org.apa.kaf.com.tel.int.KafkaMetricsCollector] (main) initializing Kafka metrics collector
2025-08-12 14:52:16,226 INFO  [org.apa.kaf.cli.con.ConsumerConfig] (main) These configurations '[apicurio.registry.url]' were supplied but are not used yet.
2025-08-12 14:52:16,226 INFO  [org.apa.kaf.com.uti.AppInfoParser] (main) Kafka version: 3.9.1
2025-08-12 14:52:16,226 INFO  [org.apa.kaf.com.uti.AppInfoParser] (main) Kafka commitId: f745dfdcee2b9851
2025-08-12 14:52:16,226 INFO  [org.apa.kaf.com.uti.AppInfoParser] (main) Kafka startTimeMs: 1755010336226
**** Registry Base URL: http://registry-app-mysql.apps.ci419.apicurio-testing.org:80
2025-08-12 14:52:16,227 INFO  [org.apa.kaf.cli.con.ConsumerConfig] (main) ConsumerConfig values: 
	allow.auto.create.topics = true
	auto.commit.interval.ms = 500
	auto.include.jmx.reporter = true
	auto.offset.reset = earliest
	bootstrap.servers = [PLAINTEXT://localhost:32769]
	check.crcs = true
	client.dns.lookup = use_all_dns_ips
	client.id = consumer-Consumer-topic-12a3c860_d06c_4b15_af04_eff43b083935-16
	client.rack = 
	connections.max.idle.ms = 10000
	default.api.timeout.ms = 60000
	enable.auto.commit = true
	enable.metrics.push = true
	exclude.internal.topics = true
	fetch.max.bytes = 52428800
	fetch.max.wait.ms = 500
	fetch.min.bytes = 1
	group.id = Consumer-topic-12a3c860_d06c_4b15_af04_eff43b083935
	group.instance.id = null
	group.protocol = classic
	group.remote.assignor = null
	heartbeat.interval.ms = 3000
	interceptor.classes = []
	internal.leave.group.on.close = true
	internal.throw.on.fetch.stable.offset.unsupported = false
	isolation.level = read_uncommitted
	key.deserializer = class org.apache.kafka.common.serialization.StringDeserializer
	max.partition.fetch.bytes = 1048576
	max.poll.interval.ms = 300000
	max.poll.records = 500
	metadata.max.age.ms = 300000
	metadata.recovery.strategy = none
	metric.reporters = []
	metrics.num.samples = 2
	metrics.recording.level = INFO
	metrics.sample.window.ms = 30000
	partition.assignment.strategy = [class org.apache.kafka.clients.consumer.RangeAssignor, class org.apache.kafka.clients.consumer.CooperativeStickyAssignor]
	receive.buffer.bytes = 65536
	reconnect.backoff.max.ms = 1000
	reconnect.backoff.ms = 50
	request.timeout.ms = 5000
	retry.backoff.max.ms = 1000
	retry.backoff.ms = 100
	sasl.client.callback.handler.class = null
	sasl.jaas.config = null
	sasl.kerberos.kinit.cmd = /usr/bin/kinit
	sasl.kerberos.min.time.before.relogin = 60000
	sasl.kerberos.service.name = null
	sasl.kerberos.ticket.renew.jitter = 0.05
	sasl.kerberos.ticket.renew.window.factor = 0.8
	sasl.login.callback.handler.class = null
	sasl.login.class = null
	sasl.login.connect.timeout.ms = null
	sasl.login.read.timeout.ms = null
	sasl.login.refresh.buffer.seconds = 300
	sasl.login.refresh.min.period.seconds = 60
	sasl.login.refresh.window.factor = 0.8
	sasl.login.refresh.window.jitter = 0.05
	sasl.login.retry.backoff.max.ms = 10000
	sasl.login.retry.backoff.ms = 100
	sasl.mechanism = GSSAPI
	sasl.oauthbearer.clock.skew.seconds = 30
	sasl.oauthbearer.expected.audience = null
	sasl.oauthbearer.expected.issuer = null
	sasl.oauthbearer.header.urlencode = false
	sasl.oauthbearer.jwks.endpoint.refresh.ms = 3600000
	sasl.oauthbearer.jwks.endpoint.retry.backoff.max.ms = 10000
	sasl.oauthbearer.jwks.endpoint.retry.backoff.ms = 100
	sasl.oauthbearer.jwks.endpoint.url = null
	sasl.oauthbearer.scope.claim.name = scope
	sasl.oauthbearer.sub.claim.name = sub
	sasl.oauthbearer.token.endpoint.url = null
	security.protocol = PLAINTEXT
	security.providers = null
	send.buffer.bytes = 131072
	session.timeout.ms = 45000
	socket.connection.setup.timeout.max.ms = 30000
	socket.connection.setup.timeout.ms = 10000
	ssl.cipher.suites = null
	ssl.enabled.protocols = [TLSv1.2, TLSv1.3]
	ssl.endpoint.identification.algorithm = https
	ssl.engine.factory.class = null
	ssl.key.password = null
	ssl.keymanager.algorithm = SunX509
	ssl.keystore.certificate.chain = null
	ssl.keystore.key = null
	ssl.keystore.location = null
	ssl.keystore.password = null
	ssl.keystore.type = JKS
	ssl.protocol = TLSv1.3
	ssl.provider = null
	ssl.secure.random.implementation = null
	ssl.trustmanager.algorithm = PKIX
	ssl.truststore.certificates = null
	ssl.truststore.location = null
	ssl.truststore.password = null
	ssl.truststore.type = JKS
	value.deserializer = class io.apicurio.registry.serde.avro.AvroKafkaDeserializer

2025-08-12 14:52:16,227 INFO  [org.apa.kaf.com.tel.int.KafkaMetricsCollector] (main) initializing Kafka metrics collector
2025-08-12 14:52:16,233 INFO  [org.apa.kaf.cli.con.ConsumerConfig] (main) These configurations '[apicurio.registry.url]' were supplied but are not used yet.
2025-08-12 14:52:16,233 INFO  [org.apa.kaf.com.uti.AppInfoParser] (main) Kafka version: 3.9.1
2025-08-12 14:52:16,233 INFO  [org.apa.kaf.com.uti.AppInfoParser] (main) Kafka commitId: f745dfdcee2b9851
2025-08-12 14:52:16,233 INFO  [org.apa.kaf.com.uti.AppInfoParser] (main) Kafka startTimeMs: 1755010336233
2025-08-12 14:52:16,233 INFO  [io.api.tes.ser.api.KafkaSerdesTester] (Thread-713) Sending message {"key11755010334989": "value-0"} to topic topic-8c5115c7_6d77_4814_bdca_922206d3e3cb
2025-08-12 14:52:16,238 INFO  [DefaultSchemaResolver] (Thread-713) Retrieving schema content using string: {"type":"record","name":"myrecordconfluent","fields":[{"name":"key11755010334989","type":"string"}]}
2025-08-12 14:52:16,403 INFO  [io.api.tes.ser.api.KafkaSerdesTester] (Thread-713) Sending message {"key11755010334989": "value-1"} to topic topic-8c5115c7_6d77_4814_bdca_922206d3e3cb
2025-08-12 14:52:16,405 INFO  [io.api.tes.ser.api.KafkaSerdesTester] (Thread-713) Sending message {"key11755010334989": "value-2"} to topic topic-8c5115c7_6d77_4814_bdca_922206d3e3cb
2025-08-12 14:52:16,408 INFO  [io.api.tes.ser.api.KafkaSerdesTester] (Thread-713) Sending message {"key11755010334989": "value-3"} to topic topic-8c5115c7_6d77_4814_bdca_922206d3e3cb
2025-08-12 14:52:16,412 INFO  [io.api.tes.ser.api.KafkaSerdesTester] (Thread-713) Sending message {"key11755010334989": "value-4"} to topic topic-8c5115c7_6d77_4814_bdca_922206d3e3cb
2025-08-12 14:52:16,414 INFO  [io.api.tes.ser.api.KafkaSerdesTester] (Thread-713) Sending message {"key11755010334989": "value-5"} to topic topic-8c5115c7_6d77_4814_bdca_922206d3e3cb
2025-08-12 14:52:16,416 INFO  [io.api.tes.ser.api.KafkaSerdesTester] (Thread-713) Sending message {"key11755010334989": "value-6"} to topic topic-8c5115c7_6d77_4814_bdca_922206d3e3cb
2025-08-12 14:52:16,418 INFO  [io.api.tes.ser.api.KafkaSerdesTester] (Thread-713) Sending message {"key11755010334989": "value-7"} to topic topic-8c5115c7_6d77_4814_bdca_922206d3e3cb
2025-08-12 14:52:16,419 INFO  [io.api.tes.ser.api.KafkaSerdesTester] (Thread-713) Sending message {"key11755010334989": "value-8"} to topic topic-8c5115c7_6d77_4814_bdca_922206d3e3cb
2025-08-12 14:52:16,421 INFO  [io.api.tes.ser.api.KafkaSerdesTester] (Thread-713) Sending message {"key11755010334989": "value-9"} to topic topic-8c5115c7_6d77_4814_bdca_922206d3e3cb
2025-08-12 14:52:16,423 INFO  [io.api.tes.ser.api.KafkaSerdesTester] (Thread-713) Produced 10 messages
2025-08-12 14:52:16,423 INFO  [org.apa.kaf.cli.pro.KafkaProducer] (Thread-713) [Producer clientId=Producer-topic-8c5115c7_6d77_4814_bdca_922206d3e3cb] Closing the Kafka producer with timeoutMillis = 9223372036854775807 ms.
2025-08-12 14:52:16,424 INFO  [org.apa.kaf.com.met.Metrics] (Thread-713) Metrics scheduler closed
2025-08-12 14:52:16,424 INFO  [org.apa.kaf.com.met.Metrics] (Thread-713) Closing reporter org.apache.kafka.common.metrics.JmxReporter
2025-08-12 14:52:16,424 INFO  [org.apa.kaf.com.met.Metrics] (Thread-713) Closing reporter org.apache.kafka.common.telemetry.internals.ClientTelemetryReporter
2025-08-12 14:52:16,424 INFO  [org.apa.kaf.com.met.Metrics] (Thread-713) Metrics reporters closed
2025-08-12 14:52:16,425 INFO  [org.apa.kaf.com.uti.AppInfoParser] (Thread-713) App info kafka.producer for Producer-topic-8c5115c7_6d77_4814_bdca_922206d3e3cb unregistered
2025-08-12 14:52:16,426 INFO  [io.api.tes.ser.api.KafkaSerdesTester] (Thread-714) Sending message {"key11755010334989": "value-0"} to topic topic-8280a1c0_eac3_4c41_84ad_7f1eefad7b1e
2025-08-12 14:52:16,429 INFO  [DefaultSchemaResolver] (Thread-714) Retrieving schema content using string: {"type":"record","name":"myrecordconfluent","fields":[{"name":"key11755010334989","type":"string"}]}
2025-08-12 14:52:16,609 INFO  [io.api.tes.ser.api.KafkaSerdesTester] (Thread-714) Sending message {"key11755010334989": "value-1"} to topic topic-8280a1c0_eac3_4c41_84ad_7f1eefad7b1e
2025-08-12 14:52:16,611 INFO  [io.api.tes.ser.api.KafkaSerdesTester] (Thread-714) Sending message {"key11755010334989": "value-2"} to topic topic-8280a1c0_eac3_4c41_84ad_7f1eefad7b1e
2025-08-12 14:52:16,612 INFO  [io.api.tes.ser.api.KafkaSerdesTester] (Thread-714) Sending message {"key11755010334989": "value-3"} to topic topic-8280a1c0_eac3_4c41_84ad_7f1eefad7b1e
2025-08-12 14:52:16,614 INFO  [io.api.tes.ser.api.KafkaSerdesTester] (Thread-714) Sending message {"key11755010334989": "value-4"} to topic topic-8280a1c0_eac3_4c41_84ad_7f1eefad7b1e
2025-08-12 14:52:16,615 INFO  [io.api.tes.ser.api.KafkaSerdesTester] (Thread-714) Sending message {"key11755010334989": "value-5"} to topic topic-8280a1c0_eac3_4c41_84ad_7f1eefad7b1e
2025-08-12 14:52:16,616 INFO  [io.api.tes.ser.api.KafkaSerdesTester] (Thread-714) Sending message {"key11755010334989": "value-6"} to topic topic-8280a1c0_eac3_4c41_84ad_7f1eefad7b1e
2025-08-12 14:52:16,617 INFO  [io.api.tes.ser.api.KafkaSerdesTester] (Thread-714) Sending message {"key11755010334989": "value-7"} to topic topic-8280a1c0_eac3_4c41_84ad_7f1eefad7b1e
2025-08-12 14:52:16,618 INFO  [io.api.tes.ser.api.KafkaSerdesTester] (Thread-714) Sending message {"key11755010334989": "value-8"} to topic topic-8280a1c0_eac3_4c41_84ad_7f1eefad7b1e
2025-08-12 14:52:16,619 INFO  [io.api.tes.ser.api.KafkaSerdesTester] (Thread-714) Sending message {"key11755010334989": "value-9"} to topic topic-8280a1c0_eac3_4c41_84ad_7f1eefad7b1e
2025-08-12 14:52:16,621 INFO  [io.api.tes.ser.api.KafkaSerdesTester] (Thread-714) Produced 10 messages
2025-08-12 14:52:16,621 INFO  [org.apa.kaf.cli.pro.KafkaProducer] (Thread-714) [Producer clientId=Producer-topic-8280a1c0_eac3_4c41_84ad_7f1eefad7b1e] Closing the Kafka producer with timeoutMillis = 9223372036854775807 ms.
2025-08-12 14:52:16,623 INFO  [org.apa.kaf.com.met.Metrics] (Thread-714) Metrics scheduler closed
2025-08-12 14:52:16,623 INFO  [org.apa.kaf.com.met.Metrics] (Thread-714) Closing reporter org.apache.kafka.common.metrics.JmxReporter
2025-08-12 14:52:16,624 INFO  [org.apa.kaf.com.met.Metrics] (Thread-714) Closing reporter org.apache.kafka.common.telemetry.internals.ClientTelemetryReporter
2025-08-12 14:52:16,624 INFO  [org.apa.kaf.com.met.Metrics] (Thread-714) Metrics reporters closed
2025-08-12 14:52:16,624 INFO  [org.apa.kaf.com.uti.AppInfoParser] (Thread-714) App info kafka.producer for Producer-topic-8280a1c0_eac3_4c41_84ad_7f1eefad7b1e unregistered
2025-08-12 14:52:16,626 INFO  [io.api.tes.ser.api.KafkaSerdesTester] (Thread-715) Sending message {"key11755010334989": "value-0"} to topic topic-12a3c860_d06c_4b15_af04_eff43b083935
2025-08-12 14:52:16,631 INFO  [DefaultSchemaResolver] (Thread-715) Retrieving schema content using string: {"type":"record","name":"myrecordconfluent","fields":[{"name":"key11755010334989","type":"string"}]}
2025-08-12 14:52:16,790 INFO  [io.api.tes.ser.api.KafkaSerdesTester] (Thread-715) Sending message {"key11755010334989": "value-1"} to topic topic-12a3c860_d06c_4b15_af04_eff43b083935
2025-08-12 14:52:16,791 INFO  [io.api.tes.ser.api.KafkaSerdesTester] (Thread-715) Sending message {"key11755010334989": "value-2"} to topic topic-12a3c860_d06c_4b15_af04_eff43b083935
2025-08-12 14:52:16,793 INFO  [io.api.tes.ser.api.KafkaSerdesTester] (Thread-715) Sending message {"key11755010334989": "value-3"} to topic topic-12a3c860_d06c_4b15_af04_eff43b083935
2025-08-12 14:52:16,794 INFO  [io.api.tes.ser.api.KafkaSerdesTester] (Thread-715) Sending message {"key11755010334989": "value-4"} to topic topic-12a3c860_d06c_4b15_af04_eff43b083935
2025-08-12 14:52:16,795 INFO  [io.api.tes.ser.api.KafkaSerdesTester] (Thread-715) Sending message {"key11755010334989": "value-5"} to topic topic-12a3c860_d06c_4b15_af04_eff43b083935
2025-08-12 14:52:16,797 INFO  [io.api.tes.ser.api.KafkaSerdesTester] (Thread-715) Sending message {"key11755010334989": "value-6"} to topic topic-12a3c860_d06c_4b15_af04_eff43b083935
2025-08-12 14:52:16,798 INFO  [io.api.tes.ser.api.KafkaSerdesTester] (Thread-715) Sending message {"key11755010334989": "value-7"} to topic topic-12a3c860_d06c_4b15_af04_eff43b083935
2025-08-12 14:52:16,801 INFO  [io.api.tes.ser.api.KafkaSerdesTester] (Thread-715) Sending message {"key11755010334989": "value-8"} to topic topic-12a3c860_d06c_4b15_af04_eff43b083935
2025-08-12 14:52:16,802 INFO  [io.api.tes.ser.api.KafkaSerdesTester] (Thread-715) Sending message {"key11755010334989": "value-9"} to topic topic-12a3c860_d06c_4b15_af04_eff43b083935
2025-08-12 14:52:16,804 INFO  [io.api.tes.ser.api.KafkaSerdesTester] (Thread-715) Produced 10 messages
2025-08-12 14:52:16,804 INFO  [org.apa.kaf.cli.pro.KafkaProducer] (Thread-715) [Producer clientId=Producer-topic-12a3c860_d06c_4b15_af04_eff43b083935] Closing the Kafka producer with timeoutMillis = 9223372036854775807 ms.
2025-08-12 14:52:16,806 INFO  [org.apa.kaf.com.met.Metrics] (Thread-715) Metrics scheduler closed
2025-08-12 14:52:16,806 INFO  [org.apa.kaf.com.met.Metrics] (Thread-715) Closing reporter org.apache.kafka.common.metrics.JmxReporter
2025-08-12 14:52:16,806 INFO  [org.apa.kaf.com.met.Metrics] (Thread-715) Closing reporter org.apache.kafka.common.telemetry.internals.ClientTelemetryReporter
2025-08-12 14:52:16,806 INFO  [org.apa.kaf.com.met.Metrics] (Thread-715) Metrics reporters closed
2025-08-12 14:52:16,807 INFO  [org.apa.kaf.com.uti.AppInfoParser] (Thread-715) App info kafka.producer for Producer-topic-12a3c860_d06c_4b15_af04_eff43b083935 unregistered
2025-08-12 14:52:16,807 INFO  [org.apa.kaf.cli.con.int.ClassicKafkaConsumer] (Thread-716) [Consumer clientId=consumer-Consumer-topic-8c5115c7_6d77_4814_bdca_922206d3e3cb-14, groupId=Consumer-topic-8c5115c7_6d77_4814_bdca_922206d3e3cb] Subscribed to topic(s): topic-8c5115c7_6d77_4814_bdca_922206d3e3cb
2025-08-12 14:52:16,812 INFO  [org.apa.kaf.cli.Metadata] (Thread-716) [Consumer clientId=consumer-Consumer-topic-8c5115c7_6d77_4814_bdca_922206d3e3cb-14, groupId=Consumer-topic-8c5115c7_6d77_4814_bdca_922206d3e3cb] Cluster ID: FMImeSt9THyuSk_CoOu4HQ
2025-08-12 14:52:16,812 INFO  [org.apa.kaf.cli.con.int.ConsumerCoordinator] (Thread-716) [Consumer clientId=consumer-Consumer-topic-8c5115c7_6d77_4814_bdca_922206d3e3cb-14, groupId=Consumer-topic-8c5115c7_6d77_4814_bdca_922206d3e3cb] Discovered group coordinator localhost:32769 (id: 2147483647 rack: null)
2025-08-12 14:52:16,813 INFO  [org.apa.kaf.cli.con.int.ConsumerCoordinator] (Thread-716) [Consumer clientId=consumer-Consumer-topic-8c5115c7_6d77_4814_bdca_922206d3e3cb-14, groupId=Consumer-topic-8c5115c7_6d77_4814_bdca_922206d3e3cb] (Re-)joining group
2025-08-12 14:52:16,817 INFO  [org.apa.kaf.cli.con.int.ConsumerCoordinator] (Thread-716) [Consumer clientId=consumer-Consumer-topic-8c5115c7_6d77_4814_bdca_922206d3e3cb-14, groupId=Consumer-topic-8c5115c7_6d77_4814_bdca_922206d3e3cb] Request joining group due to: need to re-join with the given member-id: consumer-Consumer-topic-8c5115c7_6d77_4814_bdca_922206d3e3cb-14-170016db-33a0-4c8d-905a-8a914767bc6e
2025-08-12 14:52:16,817 INFO  [org.apa.kaf.cli.con.int.ConsumerCoordinator] (Thread-716) [Consumer clientId=consumer-Consumer-topic-8c5115c7_6d77_4814_bdca_922206d3e3cb-14, groupId=Consumer-topic-8c5115c7_6d77_4814_bdca_922206d3e3cb] (Re-)joining group
2025-08-12 14:52:17,807 INFO  [io.api.tes.ser.api.KafkaSerdesTester] (Thread-716) None found
2025-08-12 14:52:18,808 INFO  [io.api.tes.ser.api.KafkaSerdesTester] (Thread-716) None found
2025-08-12 14:52:19,808 INFO  [io.api.tes.ser.api.KafkaSerdesTester] (Thread-716) None found
2025-08-12 14:52:19,818 INFO  [org.apa.kaf.cli.con.int.ConsumerCoordinator] (Thread-716) [Consumer clientId=consumer-Consumer-topic-8c5115c7_6d77_4814_bdca_922206d3e3cb-14, groupId=Consumer-topic-8c5115c7_6d77_4814_bdca_922206d3e3cb] Successfully joined group with generation Generation{generationId=1, memberId='consumer-Consumer-topic-8c5115c7_6d77_4814_bdca_922206d3e3cb-14-170016db-33a0-4c8d-905a-8a914767bc6e', protocol='range'}
2025-08-12 14:52:19,818 INFO  [org.apa.kaf.cli.con.int.ConsumerCoordinator] (Thread-716) [Consumer clientId=consumer-Consumer-topic-8c5115c7_6d77_4814_bdca_922206d3e3cb-14, groupId=Consumer-topic-8c5115c7_6d77_4814_bdca_922206d3e3cb] Finished assignment for group at generation 1: {consumer-Consumer-topic-8c5115c7_6d77_4814_bdca_922206d3e3cb-14-170016db-33a0-4c8d-905a-8a914767bc6e=Assignment(partitions=[topic-8c5115c7_6d77_4814_bdca_922206d3e3cb-0])}
2025-08-12 14:52:19,825 INFO  [org.apa.kaf.cli.con.int.ConsumerCoordinator] (Thread-716) [Consumer clientId=consumer-Consumer-topic-8c5115c7_6d77_4814_bdca_922206d3e3cb-14, groupId=Consumer-topic-8c5115c7_6d77_4814_bdca_922206d3e3cb] Successfully synced group in generation Generation{generationId=1, memberId='consumer-Consumer-topic-8c5115c7_6d77_4814_bdca_922206d3e3cb-14-170016db-33a0-4c8d-905a-8a914767bc6e', protocol='range'}
2025-08-12 14:52:19,826 INFO  [org.apa.kaf.cli.con.int.ConsumerCoordinator] (Thread-716) [Consumer clientId=consumer-Consumer-topic-8c5115c7_6d77_4814_bdca_922206d3e3cb-14, groupId=Consumer-topic-8c5115c7_6d77_4814_bdca_922206d3e3cb] Notifying assignor about the new Assignment(partitions=[topic-8c5115c7_6d77_4814_bdca_922206d3e3cb-0])
2025-08-12 14:52:19,826 INFO  [org.apa.kaf.cli.con.int.ConsumerRebalanceListenerInvoker] (Thread-716) [Consumer clientId=consumer-Consumer-topic-8c5115c7_6d77_4814_bdca_922206d3e3cb-14, groupId=Consumer-topic-8c5115c7_6d77_4814_bdca_922206d3e3cb] Adding newly assigned partitions: topic-8c5115c7_6d77_4814_bdca_922206d3e3cb-0
2025-08-12 14:52:19,827 INFO  [org.apa.kaf.cli.con.int.ConsumerCoordinator] (Thread-716) [Consumer clientId=consumer-Consumer-topic-8c5115c7_6d77_4814_bdca_922206d3e3cb-14, groupId=Consumer-topic-8c5115c7_6d77_4814_bdca_922206d3e3cb] Found no committed offset for partition topic-8c5115c7_6d77_4814_bdca_922206d3e3cb-0
2025-08-12 14:52:19,831 INFO  [org.apa.kaf.cli.con.int.SubscriptionState] (Thread-716) [Consumer clientId=consumer-Consumer-topic-8c5115c7_6d77_4814_bdca_922206d3e3cb-14, groupId=Consumer-topic-8c5115c7_6d77_4814_bdca_922206d3e3cb] Resetting offset for partition topic-8c5115c7_6d77_4814_bdca_922206d3e3cb-0 to position FetchPosition{offset=0, offsetEpoch=Optional.empty, currentLeader=LeaderAndEpoch{leader=Optional[localhost:32769 (id: 0 rack: null)], epoch=0}}.
2025-08-12 14:52:20,073 INFO  [io.api.tes.ser.api.KafkaSerdesTester] (Thread-716) topic-8c5115c7_6d77_4814_bdca_922206d3e3cb 0 0 {"key11755010334989": "value-0"}
2025-08-12 14:52:20,074 INFO  [io.api.tes.ser.api.KafkaSerdesTester] (Thread-716) topic-8c5115c7_6d77_4814_bdca_922206d3e3cb 0 1 {"key11755010334989": "value-1"}
2025-08-12 14:52:20,074 INFO  [io.api.tes.ser.api.KafkaSerdesTester] (Thread-716) topic-8c5115c7_6d77_4814_bdca_922206d3e3cb 0 2 {"key11755010334989": "value-2"}
2025-08-12 14:52:20,074 INFO  [io.api.tes.ser.api.KafkaSerdesTester] (Thread-716) topic-8c5115c7_6d77_4814_bdca_922206d3e3cb 0 3 {"key11755010334989": "value-3"}
2025-08-12 14:52:20,074 INFO  [io.api.tes.ser.api.KafkaSerdesTester] (Thread-716) topic-8c5115c7_6d77_4814_bdca_922206d3e3cb 0 4 {"key11755010334989": "value-4"}
2025-08-12 14:52:20,074 INFO  [io.api.tes.ser.api.KafkaSerdesTester] (Thread-716) topic-8c5115c7_6d77_4814_bdca_922206d3e3cb 0 5 {"key11755010334989": "value-5"}
2025-08-12 14:52:20,074 INFO  [io.api.tes.ser.api.KafkaSerdesTester] (Thread-716) topic-8c5115c7_6d77_4814_bdca_922206d3e3cb 0 6 {"key11755010334989": "value-6"}
2025-08-12 14:52:20,074 INFO  [io.api.tes.ser.api.KafkaSerdesTester] (Thread-716) topic-8c5115c7_6d77_4814_bdca_922206d3e3cb 0 7 {"key11755010334989": "value-7"}
2025-08-12 14:52:20,074 INFO  [io.api.tes.ser.api.KafkaSerdesTester] (Thread-716) topic-8c5115c7_6d77_4814_bdca_922206d3e3cb 0 8 {"key11755010334989": "value-8"}
2025-08-12 14:52:20,074 INFO  [io.api.tes.ser.api.KafkaSerdesTester] (Thread-716) topic-8c5115c7_6d77_4814_bdca_922206d3e3cb 0 9 {"key11755010334989": "value-9"}
2025-08-12 14:52:20,074 INFO  [io.api.tes.ser.api.KafkaSerdesTester] (Thread-716) Consumed 10 messages
2025-08-12 14:52:20,081 INFO  [org.apa.kaf.cli.con.int.ConsumerRebalanceListenerInvoker] (Thread-716) [Consumer clientId=consumer-Consumer-topic-8c5115c7_6d77_4814_bdca_922206d3e3cb-14, groupId=Consumer-topic-8c5115c7_6d77_4814_bdca_922206d3e3cb] Revoke previously assigned partitions topic-8c5115c7_6d77_4814_bdca_922206d3e3cb-0
2025-08-12 14:52:20,082 INFO  [org.apa.kaf.cli.con.int.ConsumerCoordinator] (Thread-716) [Consumer clientId=consumer-Consumer-topic-8c5115c7_6d77_4814_bdca_922206d3e3cb-14, groupId=Consumer-topic-8c5115c7_6d77_4814_bdca_922206d3e3cb] Member consumer-Consumer-topic-8c5115c7_6d77_4814_bdca_922206d3e3cb-14-170016db-33a0-4c8d-905a-8a914767bc6e sending LeaveGroup request to coordinator localhost:32769 (id: 2147483647 rack: null) due to the consumer is being closed
2025-08-12 14:52:20,082 INFO  [org.apa.kaf.cli.con.int.ConsumerCoordinator] (Thread-716) [Consumer clientId=consumer-Consumer-topic-8c5115c7_6d77_4814_bdca_922206d3e3cb-14, groupId=Consumer-topic-8c5115c7_6d77_4814_bdca_922206d3e3cb] Resetting generation and member id due to: consumer pro-actively leaving the group
2025-08-12 14:52:20,082 INFO  [org.apa.kaf.cli.con.int.ConsumerCoordinator] (Thread-716) [Consumer clientId=consumer-Consumer-topic-8c5115c7_6d77_4814_bdca_922206d3e3cb-14, groupId=Consumer-topic-8c5115c7_6d77_4814_bdca_922206d3e3cb] Request joining group due to: consumer pro-actively leaving the group
2025-08-12 14:52:20,577 INFO  [org.apa.kaf.com.met.Metrics] (Thread-716) Metrics scheduler closed
2025-08-12 14:52:20,577 INFO  [org.apa.kaf.com.met.Metrics] (Thread-716) Closing reporter org.apache.kafka.common.metrics.JmxReporter
2025-08-12 14:52:20,577 INFO  [org.apa.kaf.com.met.Metrics] (Thread-716) Closing reporter org.apache.kafka.common.telemetry.internals.ClientTelemetryReporter
2025-08-12 14:52:20,577 INFO  [org.apa.kaf.com.met.Metrics] (Thread-716) Metrics reporters closed
2025-08-12 14:52:20,579 INFO  [org.apa.kaf.com.uti.AppInfoParser] (Thread-716) App info kafka.consumer for consumer-Consumer-topic-8c5115c7_6d77_4814_bdca_922206d3e3cb-14 unregistered
2025-08-12 14:52:20,581 INFO  [org.apa.kaf.cli.con.int.ClassicKafkaConsumer] (Thread-717) [Consumer clientId=consumer-Consumer-topic-8280a1c0_eac3_4c41_84ad_7f1eefad7b1e-15, groupId=Consumer-topic-8280a1c0_eac3_4c41_84ad_7f1eefad7b1e] Subscribed to topic(s): topic-8280a1c0_eac3_4c41_84ad_7f1eefad7b1e
2025-08-12 14:52:20,585 INFO  [org.apa.kaf.cli.Metadata] (Thread-717) [Consumer clientId=consumer-Consumer-topic-8280a1c0_eac3_4c41_84ad_7f1eefad7b1e-15, groupId=Consumer-topic-8280a1c0_eac3_4c41_84ad_7f1eefad7b1e] Cluster ID: FMImeSt9THyuSk_CoOu4HQ
2025-08-12 14:52:20,586 INFO  [org.apa.kaf.cli.con.int.ConsumerCoordinator] (Thread-717) [Consumer clientId=consumer-Consumer-topic-8280a1c0_eac3_4c41_84ad_7f1eefad7b1e-15, groupId=Consumer-topic-8280a1c0_eac3_4c41_84ad_7f1eefad7b1e] Discovered group coordinator localhost:32769 (id: 2147483647 rack: null)
2025-08-12 14:52:20,587 INFO  [org.apa.kaf.cli.con.int.ConsumerCoordinator] (Thread-717) [Consumer clientId=consumer-Consumer-topic-8280a1c0_eac3_4c41_84ad_7f1eefad7b1e-15, groupId=Consumer-topic-8280a1c0_eac3_4c41_84ad_7f1eefad7b1e] (Re-)joining group
2025-08-12 14:52:20,589 INFO  [org.apa.kaf.cli.con.int.ConsumerCoordinator] (Thread-717) [Consumer clientId=consumer-Consumer-topic-8280a1c0_eac3_4c41_84ad_7f1eefad7b1e-15, groupId=Consumer-topic-8280a1c0_eac3_4c41_84ad_7f1eefad7b1e] Request joining group due to: need to re-join with the given member-id: consumer-Consumer-topic-8280a1c0_eac3_4c41_84ad_7f1eefad7b1e-15-b947dd15-b089-4be7-a7e1-805959a788dc
2025-08-12 14:52:20,589 INFO  [org.apa.kaf.cli.con.int.ConsumerCoordinator] (Thread-717) [Consumer clientId=consumer-Consumer-topic-8280a1c0_eac3_4c41_84ad_7f1eefad7b1e-15, groupId=Consumer-topic-8280a1c0_eac3_4c41_84ad_7f1eefad7b1e] (Re-)joining group
2025-08-12 14:52:21,581 INFO  [io.api.tes.ser.api.KafkaSerdesTester] (Thread-717) None found
2025-08-12 14:52:22,582 INFO  [io.api.tes.ser.api.KafkaSerdesTester] (Thread-717) None found
2025-08-12 14:52:23,583 INFO  [io.api.tes.ser.api.KafkaSerdesTester] (Thread-717) None found
2025-08-12 14:52:23,591 INFO  [org.apa.kaf.cli.con.int.ConsumerCoordinator] (Thread-717) [Consumer clientId=consumer-Consumer-topic-8280a1c0_eac3_4c41_84ad_7f1eefad7b1e-15, groupId=Consumer-topic-8280a1c0_eac3_4c41_84ad_7f1eefad7b1e] Successfully joined group with generation Generation{generationId=1, memberId='consumer-Consumer-topic-8280a1c0_eac3_4c41_84ad_7f1eefad7b1e-15-b947dd15-b089-4be7-a7e1-805959a788dc', protocol='range'}
2025-08-12 14:52:23,591 INFO  [org.apa.kaf.cli.con.int.ConsumerCoordinator] (Thread-717) [Consumer clientId=consumer-Consumer-topic-8280a1c0_eac3_4c41_84ad_7f1eefad7b1e-15, groupId=Consumer-topic-8280a1c0_eac3_4c41_84ad_7f1eefad7b1e] Finished assignment for group at generation 1: {consumer-Consumer-topic-8280a1c0_eac3_4c41_84ad_7f1eefad7b1e-15-b947dd15-b089-4be7-a7e1-805959a788dc=Assignment(partitions=[topic-8280a1c0_eac3_4c41_84ad_7f1eefad7b1e-0])}
2025-08-12 14:52:23,598 INFO  [org.apa.kaf.cli.con.int.ConsumerCoordinator] (Thread-717) [Consumer clientId=consumer-Consumer-topic-8280a1c0_eac3_4c41_84ad_7f1eefad7b1e-15, groupId=Consumer-topic-8280a1c0_eac3_4c41_84ad_7f1eefad7b1e] Successfully synced group in generation Generation{generationId=1, memberId='consumer-Consumer-topic-8280a1c0_eac3_4c41_84ad_7f1eefad7b1e-15-b947dd15-b089-4be7-a7e1-805959a788dc', protocol='range'}
2025-08-12 14:52:23,598 INFO  [org.apa.kaf.cli.con.int.ConsumerCoordinator] (Thread-717) [Consumer clientId=consumer-Consumer-topic-8280a1c0_eac3_4c41_84ad_7f1eefad7b1e-15, groupId=Consumer-topic-8280a1c0_eac3_4c41_84ad_7f1eefad7b1e] Notifying assignor about the new Assignment(partitions=[topic-8280a1c0_eac3_4c41_84ad_7f1eefad7b1e-0])
2025-08-12 14:52:23,598 INFO  [org.apa.kaf.cli.con.int.ConsumerRebalanceListenerInvoker] (Thread-717) [Consumer clientId=consumer-Consumer-topic-8280a1c0_eac3_4c41_84ad_7f1eefad7b1e-15, groupId=Consumer-topic-8280a1c0_eac3_4c41_84ad_7f1eefad7b1e] Adding newly assigned partitions: topic-8280a1c0_eac3_4c41_84ad_7f1eefad7b1e-0
2025-08-12 14:52:23,599 INFO  [org.apa.kaf.cli.con.int.ConsumerCoordinator] (Thread-717) [Consumer clientId=consumer-Consumer-topic-8280a1c0_eac3_4c41_84ad_7f1eefad7b1e-15, groupId=Consumer-topic-8280a1c0_eac3_4c41_84ad_7f1eefad7b1e] Found no committed offset for partition topic-8280a1c0_eac3_4c41_84ad_7f1eefad7b1e-0
2025-08-12 14:52:23,602 INFO  [org.apa.kaf.cli.con.int.SubscriptionState] (Thread-717) [Consumer clientId=consumer-Consumer-topic-8280a1c0_eac3_4c41_84ad_7f1eefad7b1e-15, groupId=Consumer-topic-8280a1c0_eac3_4c41_84ad_7f1eefad7b1e] Resetting offset for partition topic-8280a1c0_eac3_4c41_84ad_7f1eefad7b1e-0 to position FetchPosition{offset=0, offsetEpoch=Optional.empty, currentLeader=LeaderAndEpoch{leader=Optional[localhost:32769 (id: 0 rack: null)], epoch=0}}.
2025-08-12 14:52:23,842 INFO  [io.api.tes.ser.api.KafkaSerdesTester] (Thread-717) topic-8280a1c0_eac3_4c41_84ad_7f1eefad7b1e 0 0 {"key11755010334989": "value-0"}
2025-08-12 14:52:23,842 INFO  [io.api.tes.ser.api.KafkaSerdesTester] (Thread-717) topic-8280a1c0_eac3_4c41_84ad_7f1eefad7b1e 0 1 {"key11755010334989": "value-1"}
2025-08-12 14:52:23,842 INFO  [io.api.tes.ser.api.KafkaSerdesTester] (Thread-717) topic-8280a1c0_eac3_4c41_84ad_7f1eefad7b1e 0 2 {"key11755010334989": "value-2"}
2025-08-12 14:52:23,842 INFO  [io.api.tes.ser.api.KafkaSerdesTester] (Thread-717) topic-8280a1c0_eac3_4c41_84ad_7f1eefad7b1e 0 3 {"key11755010334989": "value-3"}
2025-08-12 14:52:23,842 INFO  [io.api.tes.ser.api.KafkaSerdesTester] (Thread-717) topic-8280a1c0_eac3_4c41_84ad_7f1eefad7b1e 0 4 {"key11755010334989": "value-4"}
2025-08-12 14:52:23,842 INFO  [io.api.tes.ser.api.KafkaSerdesTester] (Thread-717) topic-8280a1c0_eac3_4c41_84ad_7f1eefad7b1e 0 5 {"key11755010334989": "value-5"}
2025-08-12 14:52:23,842 INFO  [io.api.tes.ser.api.KafkaSerdesTester] (Thread-717) topic-8280a1c0_eac3_4c41_84ad_7f1eefad7b1e 0 6 {"key11755010334989": "value-6"}
2025-08-12 14:52:23,842 INFO  [io.api.tes.ser.api.KafkaSerdesTester] (Thread-717) topic-8280a1c0_eac3_4c41_84ad_7f1eefad7b1e 0 7 {"key11755010334989": "value-7"}
2025-08-12 14:52:23,842 INFO  [io.api.tes.ser.api.KafkaSerdesTester] (Thread-717) topic-8280a1c0_eac3_4c41_84ad_7f1eefad7b1e 0 8 {"key11755010334989": "value-8"}
2025-08-12 14:52:23,842 INFO  [io.api.tes.ser.api.KafkaSerdesTester] (Thread-717) topic-8280a1c0_eac3_4c41_84ad_7f1eefad7b1e 0 9 {"key11755010334989": "value-9"}
2025-08-12 14:52:23,842 INFO  [io.api.tes.ser.api.KafkaSerdesTester] (Thread-717) Consumed 10 messages
2025-08-12 14:52:23,850 INFO  [org.apa.kaf.cli.con.int.ConsumerRebalanceListenerInvoker] (Thread-717) [Consumer clientId=consumer-Consumer-topic-8280a1c0_eac3_4c41_84ad_7f1eefad7b1e-15, groupId=Consumer-topic-8280a1c0_eac3_4c41_84ad_7f1eefad7b1e] Revoke previously assigned partitions topic-8280a1c0_eac3_4c41_84ad_7f1eefad7b1e-0
2025-08-12 14:52:23,850 INFO  [org.apa.kaf.cli.con.int.ConsumerCoordinator] (Thread-717) [Consumer clientId=consumer-Consumer-topic-8280a1c0_eac3_4c41_84ad_7f1eefad7b1e-15, groupId=Consumer-topic-8280a1c0_eac3_4c41_84ad_7f1eefad7b1e] Member consumer-Consumer-topic-8280a1c0_eac3_4c41_84ad_7f1eefad7b1e-15-b947dd15-b089-4be7-a7e1-805959a788dc sending LeaveGroup request to coordinator localhost:32769 (id: 2147483647 rack: null) due to the consumer is being closed
2025-08-12 14:52:23,850 INFO  [org.apa.kaf.cli.con.int.ConsumerCoordinator] (Thread-717) [Consumer clientId=consumer-Consumer-topic-8280a1c0_eac3_4c41_84ad_7f1eefad7b1e-15, groupId=Consumer-topic-8280a1c0_eac3_4c41_84ad_7f1eefad7b1e] Resetting generation and member id due to: consumer pro-actively leaving the group
2025-08-12 14:52:23,850 INFO  [org.apa.kaf.cli.con.int.ConsumerCoordinator] (Thread-717) [Consumer clientId=consumer-Consumer-topic-8280a1c0_eac3_4c41_84ad_7f1eefad7b1e-15, groupId=Consumer-topic-8280a1c0_eac3_4c41_84ad_7f1eefad7b1e] Request joining group due to: consumer pro-actively leaving the group
2025-08-12 14:52:24,344 INFO  [org.apa.kaf.com.met.Metrics] (Thread-717) Metrics scheduler closed
2025-08-12 14:52:24,345 INFO  [org.apa.kaf.com.met.Metrics] (Thread-717) Closing reporter org.apache.kafka.common.metrics.JmxReporter
2025-08-12 14:52:24,345 INFO  [org.apa.kaf.com.met.Metrics] (Thread-717) Closing reporter org.apache.kafka.common.telemetry.internals.ClientTelemetryReporter
2025-08-12 14:52:24,345 INFO  [org.apa.kaf.com.met.Metrics] (Thread-717) Metrics reporters closed
2025-08-12 14:52:24,346 INFO  [org.apa.kaf.com.uti.AppInfoParser] (Thread-717) App info kafka.consumer for consumer-Consumer-topic-8280a1c0_eac3_4c41_84ad_7f1eefad7b1e-15 unregistered
2025-08-12 14:52:24,347 INFO  [org.apa.kaf.cli.con.int.ClassicKafkaConsumer] (Thread-718) [Consumer clientId=consumer-Consumer-topic-12a3c860_d06c_4b15_af04_eff43b083935-16, groupId=Consumer-topic-12a3c860_d06c_4b15_af04_eff43b083935] Subscribed to topic(s): topic-12a3c860_d06c_4b15_af04_eff43b083935
2025-08-12 14:52:24,354 INFO  [org.apa.kaf.cli.Metadata] (Thread-718) [Consumer clientId=consumer-Consumer-topic-12a3c860_d06c_4b15_af04_eff43b083935-16, groupId=Consumer-topic-12a3c860_d06c_4b15_af04_eff43b083935] Cluster ID: FMImeSt9THyuSk_CoOu4HQ
2025-08-12 14:52:24,355 INFO  [org.apa.kaf.cli.con.int.ConsumerCoordinator] (Thread-718) [Consumer clientId=consumer-Consumer-topic-12a3c860_d06c_4b15_af04_eff43b083935-16, groupId=Consumer-topic-12a3c860_d06c_4b15_af04_eff43b083935] Discovered group coordinator localhost:32769 (id: 2147483647 rack: null)
2025-08-12 14:52:24,357 INFO  [org.apa.kaf.cli.con.int.ConsumerCoordinator] (Thread-718) [Consumer clientId=consumer-Consumer-topic-12a3c860_d06c_4b15_af04_eff43b083935-16, groupId=Consumer-topic-12a3c860_d06c_4b15_af04_eff43b083935] (Re-)joining group
2025-08-12 14:52:24,359 INFO  [org.apa.kaf.cli.con.int.ConsumerCoordinator] (Thread-718) [Consumer clientId=consumer-Consumer-topic-12a3c860_d06c_4b15_af04_eff43b083935-16, groupId=Consumer-topic-12a3c860_d06c_4b15_af04_eff43b083935] Request joining group due to: need to re-join with the given member-id: consumer-Consumer-topic-12a3c860_d06c_4b15_af04_eff43b083935-16-2a1329a3-77fe-45c5-90fb-103f5e5a1078
2025-08-12 14:52:24,359 INFO  [org.apa.kaf.cli.con.int.ConsumerCoordinator] (Thread-718) [Consumer clientId=consumer-Consumer-topic-12a3c860_d06c_4b15_af04_eff43b083935-16, groupId=Consumer-topic-12a3c860_d06c_4b15_af04_eff43b083935] (Re-)joining group
2025-08-12 14:52:25,347 INFO  [io.api.tes.ser.api.KafkaSerdesTester] (Thread-718) None found
2025-08-12 14:52:26,348 INFO  [io.api.tes.ser.api.KafkaSerdesTester] (Thread-718) None found
2025-08-12 14:52:27,349 INFO  [io.api.tes.ser.api.KafkaSerdesTester] (Thread-718) None found
2025-08-12 14:52:27,361 INFO  [org.apa.kaf.cli.con.int.ConsumerCoordinator] (Thread-718) [Consumer clientId=consumer-Consumer-topic-12a3c860_d06c_4b15_af04_eff43b083935-16, groupId=Consumer-topic-12a3c860_d06c_4b15_af04_eff43b083935] Successfully joined group with generation Generation{generationId=1, memberId='consumer-Consumer-topic-12a3c860_d06c_4b15_af04_eff43b083935-16-2a1329a3-77fe-45c5-90fb-103f5e5a1078', protocol='range'}
2025-08-12 14:52:27,361 INFO  [org.apa.kaf.cli.con.int.ConsumerCoordinator] (Thread-718) [Consumer clientId=consumer-Consumer-topic-12a3c860_d06c_4b15_af04_eff43b083935-16, groupId=Consumer-topic-12a3c860_d06c_4b15_af04_eff43b083935] Finished assignment for group at generation 1: {consumer-Consumer-topic-12a3c860_d06c_4b15_af04_eff43b083935-16-2a1329a3-77fe-45c5-90fb-103f5e5a1078=Assignment(partitions=[topic-12a3c860_d06c_4b15_af04_eff43b083935-0])}
2025-08-12 14:52:27,368 INFO  [org.apa.kaf.cli.con.int.ConsumerCoordinator] (Thread-718) [Consumer clientId=consumer-Consumer-topic-12a3c860_d06c_4b15_af04_eff43b083935-16, groupId=Consumer-topic-12a3c860_d06c_4b15_af04_eff43b083935] Successfully synced group in generation Generation{generationId=1, memberId='consumer-Consumer-topic-12a3c860_d06c_4b15_af04_eff43b083935-16-2a1329a3-77fe-45c5-90fb-103f5e5a1078', protocol='range'}
2025-08-12 14:52:27,368 INFO  [org.apa.kaf.cli.con.int.ConsumerCoordinator] (Thread-718) [Consumer clientId=consumer-Consumer-topic-12a3c860_d06c_4b15_af04_eff43b083935-16, groupId=Consumer-topic-12a3c860_d06c_4b15_af04_eff43b083935] Notifying assignor about the new Assignment(partitions=[topic-12a3c860_d06c_4b15_af04_eff43b083935-0])
2025-08-12 14:52:27,368 INFO  [org.apa.kaf.cli.con.int.ConsumerRebalanceListenerInvoker] (Thread-718) [Consumer clientId=consumer-Consumer-topic-12a3c860_d06c_4b15_af04_eff43b083935-16, groupId=Consumer-topic-12a3c860_d06c_4b15_af04_eff43b083935] Adding newly assigned partitions: topic-12a3c860_d06c_4b15_af04_eff43b083935-0
2025-08-12 14:52:27,369 INFO  [org.apa.kaf.cli.con.int.ConsumerCoordinator] (Thread-718) [Consumer clientId=consumer-Consumer-topic-12a3c860_d06c_4b15_af04_eff43b083935-16, groupId=Consumer-topic-12a3c860_d06c_4b15_af04_eff43b083935] Found no committed offset for partition topic-12a3c860_d06c_4b15_af04_eff43b083935-0
2025-08-12 14:52:27,370 INFO  [org.apa.kaf.cli.con.int.SubscriptionState] (Thread-718) [Consumer clientId=consumer-Consumer-topic-12a3c860_d06c_4b15_af04_eff43b083935-16, groupId=Consumer-topic-12a3c860_d06c_4b15_af04_eff43b083935] Resetting offset for partition topic-12a3c860_d06c_4b15_af04_eff43b083935-0 to position FetchPosition{offset=0, offsetEpoch=Optional.empty, currentLeader=LeaderAndEpoch{leader=Optional[localhost:32769 (id: 0 rack: null)], epoch=0}}.
2025-08-12 14:52:27,610 INFO  [io.api.tes.ser.api.KafkaSerdesTester] (Thread-718) topic-12a3c860_d06c_4b15_af04_eff43b083935 0 0 {"key11755010334989": "value-0"}
2025-08-12 14:52:27,610 INFO  [io.api.tes.ser.api.KafkaSerdesTester] (Thread-718) topic-12a3c860_d06c_4b15_af04_eff43b083935 0 1 {"key11755010334989": "value-1"}
2025-08-12 14:52:27,610 INFO  [io.api.tes.ser.api.KafkaSerdesTester] (Thread-718) topic-12a3c860_d06c_4b15_af04_eff43b083935 0 2 {"key11755010334989": "value-2"}
2025-08-12 14:52:27,610 INFO  [io.api.tes.ser.api.KafkaSerdesTester] (Thread-718) topic-12a3c860_d06c_4b15_af04_eff43b083935 0 3 {"key11755010334989": "value-3"}
2025-08-12 14:52:27,610 INFO  [io.api.tes.ser.api.KafkaSerdesTester] (Thread-718) topic-12a3c860_d06c_4b15_af04_eff43b083935 0 4 {"key11755010334989": "value-4"}
2025-08-12 14:52:27,610 INFO  [io.api.tes.ser.api.KafkaSerdesTester] (Thread-718) topic-12a3c860_d06c_4b15_af04_eff43b083935 0 5 {"key11755010334989": "value-5"}
2025-08-12 14:52:27,610 INFO  [io.api.tes.ser.api.KafkaSerdesTester] (Thread-718) topic-12a3c860_d06c_4b15_af04_eff43b083935 0 6 {"key11755010334989": "value-6"}
2025-08-12 14:52:27,610 INFO  [io.api.tes.ser.api.KafkaSerdesTester] (Thread-718) topic-12a3c860_d06c_4b15_af04_eff43b083935 0 7 {"key11755010334989": "value-7"}
2025-08-12 14:52:27,610 INFO  [io.api.tes.ser.api.KafkaSerdesTester] (Thread-718) topic-12a3c860_d06c_4b15_af04_eff43b083935 0 8 {"key11755010334989": "value-8"}
2025-08-12 14:52:27,610 INFO  [io.api.tes.ser.api.KafkaSerdesTester] (Thread-718) topic-12a3c860_d06c_4b15_af04_eff43b083935 0 9 {"key11755010334989": "value-9"}
2025-08-12 14:52:27,610 INFO  [io.api.tes.ser.api.KafkaSerdesTester] (Thread-718) Consumed 10 messages
2025-08-12 14:52:27,619 INFO  [org.apa.kaf.cli.con.int.ConsumerRebalanceListenerInvoker] (Thread-718) [Consumer clientId=consumer-Consumer-topic-12a3c860_d06c_4b15_af04_eff43b083935-16, groupId=Consumer-topic-12a3c860_d06c_4b15_af04_eff43b083935] Revoke previously assigned partitions topic-12a3c860_d06c_4b15_af04_eff43b083935-0
2025-08-12 14:52:27,619 INFO  [org.apa.kaf.cli.con.int.ConsumerCoordinator] (Thread-718) [Consumer clientId=consumer-Consumer-topic-12a3c860_d06c_4b15_af04_eff43b083935-16, groupId=Consumer-topic-12a3c860_d06c_4b15_af04_eff43b083935] Member consumer-Consumer-topic-12a3c860_d06c_4b15_af04_eff43b083935-16-2a1329a3-77fe-45c5-90fb-103f5e5a1078 sending LeaveGroup request to coordinator localhost:32769 (id: 2147483647 rack: null) due to the consumer is being closed
2025-08-12 14:52:27,619 INFO  [org.apa.kaf.cli.con.int.ConsumerCoordinator] (Thread-718) [Consumer clientId=consumer-Consumer-topic-12a3c860_d06c_4b15_af04_eff43b083935-16, groupId=Consumer-topic-12a3c860_d06c_4b15_af04_eff43b083935] Resetting generation and member id due to: consumer pro-actively leaving the group
2025-08-12 14:52:27,619 INFO  [org.apa.kaf.cli.con.int.ConsumerCoordinator] (Thread-718) [Consumer clientId=consumer-Consumer-topic-12a3c860_d06c_4b15_af04_eff43b083935-16, groupId=Consumer-topic-12a3c860_d06c_4b15_af04_eff43b083935] Request joining group due to: consumer pro-actively leaving the group
2025-08-12 14:52:28,114 INFO  [org.apa.kaf.com.met.Metrics] (Thread-718) Metrics scheduler closed
2025-08-12 14:52:28,114 INFO  [org.apa.kaf.com.met.Metrics] (Thread-718) Closing reporter org.apache.kafka.common.metrics.JmxReporter
2025-08-12 14:52:28,115 INFO  [org.apa.kaf.com.met.Metrics] (Thread-718) Closing reporter org.apache.kafka.common.telemetry.internals.ClientTelemetryReporter
2025-08-12 14:52:28,115 INFO  [org.apa.kaf.com.met.Metrics] (Thread-718) Metrics reporters closed
2025-08-12 14:52:28,116 INFO  [org.apa.kaf.com.uti.AppInfoParser] (Thread-718) App info kafka.consumer for consumer-Consumer-topic-12a3c860_d06c_4b15_af04_eff43b083935-16 unregistered
2025-08-12 14:52:28,117 INFO  [io.api.tes.uti.TestSeparator] (main) io.apicurio.tests.serdes.apicurio.AvroSerdeIT.testAvroConfluentForMultipleTopics-FINISHED
2025-08-12 14:52:28,117 INFO  [io.api.tes.uti.TestSeparator] (main) ############################################################################
Test passed: testAvroConfluentForMultipleTopics
]]></system-out>
  </testcase>
  <testcase name="testFirstRequestFailsRateLimited" classname="io.apicurio.tests.serdes.apicurio.AvroSerdeIT" time="0.956">
    <system-out><![CDATA[2025-08-12 14:52:28,119 INFO  [io.api.tes.uti.TestSeparator] (main) ############################################################################
2025-08-12 14:52:28,119 INFO  [io.api.tes.uti.TestSeparator] (main) io.apicurio.tests.serdes.apicurio.AvroSerdeIT.testFirstRequestFailsRateLimited-STARTED
2025-08-12 14:52:28,553 WARN  [org.ecl.jet.ser.AbstractConnector] (main) Acceptors should be <= availableProcessors: NetworkTrafficServerConnector@192b9e35{HTTP/1.1, (http/1.1, h2c)}{0.0.0.0:0} 
2025-08-12 14:52:28,694 INFO  [org.ecl.jet.ser.Server] (main) jetty-11.0.15; built: 2023-04-11T18:37:53.775Z; git: 5bc5e562c8d05c5862505aebe5cf83a61bdbcb96; jvm 17.0.16+8
2025-08-12 14:52:28,735 INFO  [org.ecl.jet.ser.han.ContextHandler] (main) Started o.e.j.s.ServletContextHandler@2c1e4d9e{/__admin,null,AVAILABLE}
2025-08-12 14:52:28,744 INFO  [org.ecl.jet.ser.han.Con.ROOT] (main) RequestHandlerClass from context returned com.github.tomakehurst.wiremock.http.StubRequestHandler. Normalized mapped under returned 'null'
2025-08-12 14:52:28,745 INFO  [org.ecl.jet.ser.han.ContextHandler] (main) Started o.e.j.s.ServletContextHandler@9628240{/,null,AVAILABLE}
2025-08-12 14:52:28,753 INFO  [org.ecl.jet.ser.AbstractConnector] (main) Started NetworkTrafficServerConnector@192b9e35{HTTP/1.1, (http/1.1, h2c)}{0.0.0.0:36233}
2025-08-12 14:52:28,755 INFO  [org.ecl.jet.ser.Server] (main) Started Server@77e03d01{STARTING}[11.0.15,sto=1000] @126163ms
**** Registry Base URL: http://registry-app-mysql.apps.ci419.apicurio-testing.org:80
2025-08-12 14:52:28,764 INFO  [org.apa.kaf.cli.pro.ProducerConfig] (main) ProducerConfig values: 
	acks = -1
	auto.include.jmx.reporter = true
	batch.size = 16384
	bootstrap.servers = [PLAINTEXT://localhost:32769]
	buffer.memory = 33554432
	client.dns.lookup = use_all_dns_ips
	client.id = Producer-topic-50cf8521_46bd_4c07_a6f6_a082ec2e9806
	compression.gzip.level = -1
	compression.lz4.level = 9
	compression.type = none
	compression.zstd.level = 3
	connections.max.idle.ms = 10000
	delivery.timeout.ms = 120000
	enable.idempotence = true
	enable.metrics.push = true
	interceptor.classes = []
	key.serializer = class org.apache.kafka.common.serialization.StringSerializer
	linger.ms = 0
	max.block.ms = 60000
	max.in.flight.requests.per.connection = 5
	max.request.size = 1048576
	metadata.max.age.ms = 300000
	metadata.max.idle.ms = 300000
	metadata.recovery.strategy = none
	metric.reporters = []
	metrics.num.samples = 2
	metrics.recording.level = INFO
	metrics.sample.window.ms = 30000
	partitioner.adaptive.partitioning.enable = true
	partitioner.availability.timeout.ms = 0
	partitioner.class = null
	partitioner.ignore.keys = false
	receive.buffer.bytes = 32768
	reconnect.backoff.max.ms = 1000
	reconnect.backoff.ms = 50
	request.timeout.ms = 5000
	retries = 2147483647
	retry.backoff.max.ms = 1000
	retry.backoff.ms = 100
	sasl.client.callback.handler.class = null
	sasl.jaas.config = null
	sasl.kerberos.kinit.cmd = /usr/bin/kinit
	sasl.kerberos.min.time.before.relogin = 60000
	sasl.kerberos.service.name = null
	sasl.kerberos.ticket.renew.jitter = 0.05
	sasl.kerberos.ticket.renew.window.factor = 0.8
	sasl.login.callback.handler.class = null
	sasl.login.class = null
	sasl.login.connect.timeout.ms = null
	sasl.login.read.timeout.ms = null
	sasl.login.refresh.buffer.seconds = 300
	sasl.login.refresh.min.period.seconds = 60
	sasl.login.refresh.window.factor = 0.8
	sasl.login.refresh.window.jitter = 0.05
	sasl.login.retry.backoff.max.ms = 10000
	sasl.login.retry.backoff.ms = 100
	sasl.mechanism = GSSAPI
	sasl.oauthbearer.clock.skew.seconds = 30
	sasl.oauthbearer.expected.audience = null
	sasl.oauthbearer.expected.issuer = null
	sasl.oauthbearer.header.urlencode = false
	sasl.oauthbearer.jwks.endpoint.refresh.ms = 3600000
	sasl.oauthbearer.jwks.endpoint.retry.backoff.max.ms = 10000
	sasl.oauthbearer.jwks.endpoint.retry.backoff.ms = 100
	sasl.oauthbearer.jwks.endpoint.url = null
	sasl.oauthbearer.scope.claim.name = scope
	sasl.oauthbearer.sub.claim.name = sub
	sasl.oauthbearer.token.endpoint.url = null
	security.protocol = PLAINTEXT
	security.providers = null
	send.buffer.bytes = 131072
	socket.connection.setup.timeout.max.ms = 30000
	socket.connection.setup.timeout.ms = 10000
	ssl.cipher.suites = null
	ssl.enabled.protocols = [TLSv1.2, TLSv1.3]
	ssl.endpoint.identification.algorithm = https
	ssl.engine.factory.class = null
	ssl.key.password = null
	ssl.keymanager.algorithm = SunX509
	ssl.keystore.certificate.chain = null
	ssl.keystore.key = null
	ssl.keystore.location = null
	ssl.keystore.password = null
	ssl.keystore.type = JKS
	ssl.protocol = TLSv1.3
	ssl.provider = null
	ssl.secure.random.implementation = null
	ssl.trustmanager.algorithm = PKIX
	ssl.truststore.certificates = null
	ssl.truststore.location = null
	ssl.truststore.password = null
	ssl.truststore.type = JKS
	transaction.timeout.ms = 60000
	transactional.id = null
	value.serializer = class io.apicurio.registry.serde.avro.AvroKafkaSerializer

2025-08-12 14:52:28,764 INFO  [org.apa.kaf.com.tel.int.KafkaMetricsCollector] (main) initializing Kafka metrics collector
2025-08-12 14:52:28,767 INFO  [org.apa.kaf.cli.pro.KafkaProducer] (main) [Producer clientId=Producer-topic-50cf8521_46bd_4c07_a6f6_a082ec2e9806] Instantiated an idempotent producer.
2025-08-12 14:52:28,769 INFO  [org.apa.kaf.cli.pro.ProducerConfig] (main) These configurations '[apicurio.registry.url, apicurio.registry.artifact-resolver-strategy]' were supplied but are not used yet.
2025-08-12 14:52:28,769 INFO  [org.apa.kaf.com.uti.AppInfoParser] (main) Kafka version: 3.9.1
2025-08-12 14:52:28,769 INFO  [org.apa.kaf.com.uti.AppInfoParser] (main) Kafka commitId: f745dfdcee2b9851
2025-08-12 14:52:28,769 INFO  [org.apa.kaf.com.uti.AppInfoParser] (main) Kafka startTimeMs: 1755010348769
2025-08-12 14:52:28,770 INFO  [io.api.tes.ser.api.KafkaSerdesTester] (Thread-729) Sending message {"keyB": "value-0"} to topic topic-50cf8521_46bd_4c07_a6f6_a082ec2e9806
2025-08-12 14:52:28,778 WARN  [org.apa.kaf.cli.NetworkClient] (kafka-producer-network-thread | Producer-topic-50cf8521_46bd_4c07_a6f6_a082ec2e9806) [Producer clientId=Producer-topic-50cf8521_46bd_4c07_a6f6_a082ec2e9806] The metadata response from the cluster reported a recoverable issue with correlation id 1 : {topic-50cf8521_46bd_4c07_a6f6_a082ec2e9806=UNKNOWN_TOPIC_OR_PARTITION}
2025-08-12 14:52:28,778 INFO  [org.apa.kaf.cli.Metadata] (kafka-producer-network-thread | Producer-topic-50cf8521_46bd_4c07_a6f6_a082ec2e9806) [Producer clientId=Producer-topic-50cf8521_46bd_4c07_a6f6_a082ec2e9806] Cluster ID: FMImeSt9THyuSk_CoOu4HQ
2025-08-12 14:52:28,779 INFO  [org.apa.kaf.cli.pro.int.TransactionManager] (kafka-producer-network-thread | Producer-topic-50cf8521_46bd_4c07_a6f6_a082ec2e9806) [Producer clientId=Producer-topic-50cf8521_46bd_4c07_a6f6_a082ec2e9806] ProducerId set to 22 with epoch 0
2025-08-12 14:52:28,901 INFO  [DefaultSchemaResolver] (Thread-729) Retrieving schema content using string: {"type":"record","name":"myrecord","namespace":"mygroup","fields":[{"name":"keyB","type":"string"}]}
2025-08-12 14:52:29,050 INFO  [org.apa.kaf.cli.pro.KafkaProducer] (Thread-729) [Producer clientId=Producer-topic-50cf8521_46bd_4c07_a6f6_a082ec2e9806] Closing the Kafka producer with timeoutMillis = 9223372036854775807 ms.
2025-08-12 14:52:29,055 INFO  [org.apa.kaf.com.met.Metrics] (Thread-729) Metrics scheduler closed
2025-08-12 14:52:29,055 INFO  [org.apa.kaf.com.met.Metrics] (Thread-729) Closing reporter org.apache.kafka.common.metrics.JmxReporter
2025-08-12 14:52:29,056 INFO  [org.apa.kaf.com.met.Metrics] (Thread-729) Closing reporter org.apache.kafka.common.telemetry.internals.ClientTelemetryReporter
2025-08-12 14:52:29,056 INFO  [org.apa.kaf.com.met.Metrics] (Thread-729) Metrics reporters closed
2025-08-12 14:52:29,059 INFO  [org.apa.kaf.com.uti.AppInfoParser] (Thread-729) App info kafka.producer for Producer-topic-50cf8521_46bd_4c07_a6f6_a082ec2e9806 unregistered
2025-08-12 14:52:29,060 INFO  [org.ecl.jet.ser.Server] (main) Stopped Server@77e03d01{STOPPING}[11.0.15,sto=1000]
2025-08-12 14:52:29,060 INFO  [org.ecl.jet.ser.Server] (main) Shutdown Server@77e03d01{STOPPING}[11.0.15,sto=1000]
2025-08-12 14:52:29,068 INFO  [org.ecl.jet.ser.AbstractConnector] (main) Stopped NetworkTrafficServerConnector@192b9e35{HTTP/1.1, (http/1.1, h2c)}{0.0.0.0:0}
2025-08-12 14:52:29,070 INFO  [org.ecl.jet.ser.han.ContextHandler] (main) Stopped o.e.j.s.ServletContextHandler@9628240{/,null,STOPPED}
2025-08-12 14:52:29,071 INFO  [org.ecl.jet.ser.han.ContextHandler] (main) Stopped o.e.j.s.ServletContextHandler@2c1e4d9e{/__admin,null,STOPPED}
2025-08-12 14:52:29,073 INFO  [io.api.tes.uti.TestSeparator] (main) io.apicurio.tests.serdes.apicurio.AvroSerdeIT.testFirstRequestFailsRateLimited-FINISHED
2025-08-12 14:52:29,073 INFO  [io.api.tes.uti.TestSeparator] (main) ############################################################################
Test passed: testFirstRequestFailsRateLimited
]]></system-out>
    <system-err><![CDATA[com.microsoft.kiota.ApiException: the server returned an unexpected status code and no error class is registered for this code 429
	at com.microsoft.kiota.ApiExceptionBuilder.withMessage(ApiExceptionBuilder.java:45)
	at io.kiota.http.vertx.VertXRequestAdapter.throwIfFailedResponse(VertXRequestAdapter.java:370)
	at io.kiota.http.vertx.VertXRequestAdapter.send(VertXRequestAdapter.java:170)
	at io.apicurio.registry.rest.client.search.versions.VersionsRequestBuilder.post(VersionsRequestBuilder.java:94)
	at io.apicurio.registry.resolver.client.RegistryClientFacadeImpl.searchVersionsByContent(RegistryClientFacadeImpl.java:106)
	at io.apicurio.registry.resolver.DefaultSchemaResolver.lambda$handleResolveSchemaByContent$3(DefaultSchemaResolver.java:258)
	at io.apicurio.registry.resolver.cache.ERCache.lambda$getValue$0(ERCache.java:174)
	at io.apicurio.registry.resolver.cache.ERCache.retry(ERCache.java:227)
	at io.apicurio.registry.resolver.cache.ERCache.getValue(ERCache.java:173)
	at io.apicurio.registry.resolver.cache.ERCache.getByContent(ERCache.java:147)
	at io.apicurio.registry.resolver.DefaultSchemaResolver.handleResolveSchemaByContent(DefaultSchemaResolver.java:253)
	at io.apicurio.registry.resolver.DefaultSchemaResolver.getSchemaFromRegistry(DefaultSchemaResolver.java:138)
	at io.apicurio.registry.resolver.DefaultSchemaResolver.lambda$resolveSchema$0(DefaultSchemaResolver.java:84)
	at java.base/java.util.Optional.orElseGet(Optional.java:364)
	at io.apicurio.registry.resolver.DefaultSchemaResolver.resolveSchema(DefaultSchemaResolver.java:84)
	at io.apicurio.registry.serde.AbstractSerializer.serializeData(AbstractSerializer.java:62)
	at io.apicurio.registry.serde.KafkaSerializer.serialize(KafkaSerializer.java:77)
	at org.apache.kafka.clients.producer.KafkaProducer.doSend(KafkaProducer.java:1046)
	at org.apache.kafka.clients.producer.KafkaProducer.send(KafkaProducer.java:993)
	at org.apache.kafka.clients.producer.KafkaProducer.send(KafkaProducer.java:875)
	at io.apicurio.tests.serdes.apicurio.KafkaSerdesTester.lambda$produceMessages$3(KafkaSerdesTester.java:138)
	at java.base/java.util.concurrent.CompletableFuture$AsyncSupply.run(CompletableFuture.java:1768)
	at java.base/java.lang.Thread.run(Thread.java:840)
]]></system-err>
  </testcase>
  <testcase name="testFirstEmptyFieldConfusedAsMagicByte" classname="io.apicurio.tests.serdes.apicurio.AvroSerdeIT" time="4.418">
    <system-out><![CDATA[2025-08-12 14:52:29,075 INFO  [io.api.tes.uti.TestSeparator] (main) ############################################################################
2025-08-12 14:52:29,076 INFO  [io.api.tes.uti.TestSeparator] (main) io.apicurio.tests.serdes.apicurio.AvroSerdeIT.testFirstEmptyFieldConfusedAsMagicByte-STARTED
**** Registry Base URL: http://registry-app-mysql.apps.ci419.apicurio-testing.org:80
2025-08-12 14:52:29,083 INFO  [org.apa.kaf.cli.pro.ProducerConfig] (main) ProducerConfig values: 
	acks = -1
	auto.include.jmx.reporter = true
	batch.size = 16384
	bootstrap.servers = [PLAINTEXT://localhost:32769]
	buffer.memory = 33554432
	client.dns.lookup = use_all_dns_ips
	client.id = Producer-topic-7f109242_cda3_44fa_a11e_f5efc39a1a30
	compression.gzip.level = -1
	compression.lz4.level = 9
	compression.type = none
	compression.zstd.level = 3
	connections.max.idle.ms = 10000
	delivery.timeout.ms = 120000
	enable.idempotence = true
	enable.metrics.push = true
	interceptor.classes = []
	key.serializer = class org.apache.kafka.common.serialization.StringSerializer
	linger.ms = 0
	max.block.ms = 60000
	max.in.flight.requests.per.connection = 5
	max.request.size = 1048576
	metadata.max.age.ms = 300000
	metadata.max.idle.ms = 300000
	metadata.recovery.strategy = none
	metric.reporters = []
	metrics.num.samples = 2
	metrics.recording.level = INFO
	metrics.sample.window.ms = 30000
	partitioner.adaptive.partitioning.enable = true
	partitioner.availability.timeout.ms = 0
	partitioner.class = null
	partitioner.ignore.keys = false
	receive.buffer.bytes = 32768
	reconnect.backoff.max.ms = 1000
	reconnect.backoff.ms = 50
	request.timeout.ms = 5000
	retries = 2147483647
	retry.backoff.max.ms = 1000
	retry.backoff.ms = 100
	sasl.client.callback.handler.class = null
	sasl.jaas.config = null
	sasl.kerberos.kinit.cmd = /usr/bin/kinit
	sasl.kerberos.min.time.before.relogin = 60000
	sasl.kerberos.service.name = null
	sasl.kerberos.ticket.renew.jitter = 0.05
	sasl.kerberos.ticket.renew.window.factor = 0.8
	sasl.login.callback.handler.class = null
	sasl.login.class = null
	sasl.login.connect.timeout.ms = null
	sasl.login.read.timeout.ms = null
	sasl.login.refresh.buffer.seconds = 300
	sasl.login.refresh.min.period.seconds = 60
	sasl.login.refresh.window.factor = 0.8
	sasl.login.refresh.window.jitter = 0.05
	sasl.login.retry.backoff.max.ms = 10000
	sasl.login.retry.backoff.ms = 100
	sasl.mechanism = GSSAPI
	sasl.oauthbearer.clock.skew.seconds = 30
	sasl.oauthbearer.expected.audience = null
	sasl.oauthbearer.expected.issuer = null
	sasl.oauthbearer.header.urlencode = false
	sasl.oauthbearer.jwks.endpoint.refresh.ms = 3600000
	sasl.oauthbearer.jwks.endpoint.retry.backoff.max.ms = 10000
	sasl.oauthbearer.jwks.endpoint.retry.backoff.ms = 100
	sasl.oauthbearer.jwks.endpoint.url = null
	sasl.oauthbearer.scope.claim.name = scope
	sasl.oauthbearer.sub.claim.name = sub
	sasl.oauthbearer.token.endpoint.url = null
	security.protocol = PLAINTEXT
	security.providers = null
	send.buffer.bytes = 131072
	socket.connection.setup.timeout.max.ms = 30000
	socket.connection.setup.timeout.ms = 10000
	ssl.cipher.suites = null
	ssl.enabled.protocols = [TLSv1.2, TLSv1.3]
	ssl.endpoint.identification.algorithm = https
	ssl.engine.factory.class = null
	ssl.key.password = null
	ssl.keymanager.algorithm = SunX509
	ssl.keystore.certificate.chain = null
	ssl.keystore.key = null
	ssl.keystore.location = null
	ssl.keystore.password = null
	ssl.keystore.type = JKS
	ssl.protocol = TLSv1.3
	ssl.provider = null
	ssl.secure.random.implementation = null
	ssl.trustmanager.algorithm = PKIX
	ssl.truststore.certificates = null
	ssl.truststore.location = null
	ssl.truststore.password = null
	ssl.truststore.type = JKS
	transaction.timeout.ms = 60000
	transactional.id = null
	value.serializer = class io.apicurio.registry.serde.avro.AvroKafkaSerializer

2025-08-12 14:52:29,083 INFO  [org.apa.kaf.com.tel.int.KafkaMetricsCollector] (main) initializing Kafka metrics collector
2025-08-12 14:52:29,087 INFO  [org.apa.kaf.cli.pro.KafkaProducer] (main) [Producer clientId=Producer-topic-7f109242_cda3_44fa_a11e_f5efc39a1a30] Instantiated an idempotent producer.
2025-08-12 14:52:29,089 INFO  [org.apa.kaf.cli.pro.ProducerConfig] (main) These configurations '[apicurio.registry.url, apicurio.registry.auto-register, apicurio.registry.artifact-resolver-strategy]' were supplied but are not used yet.
2025-08-12 14:52:29,089 INFO  [org.apa.kaf.com.uti.AppInfoParser] (main) Kafka version: 3.9.1
2025-08-12 14:52:29,089 INFO  [org.apa.kaf.com.uti.AppInfoParser] (main) Kafka commitId: f745dfdcee2b9851
2025-08-12 14:52:29,089 INFO  [org.apa.kaf.com.uti.AppInfoParser] (main) Kafka startTimeMs: 1755010349089
2025-08-12 14:52:29,089 INFO  [io.api.tes.ser.api.SimpleSerdesTesterBuilder$SimpleSerdesTester] (main) Using producer configuration: {apicurio.registry.url=http://registry-app-mysql.apps.ci419.apicurio-testing.org:80/apis/registry/v3, apicurio.registry.auto-register=true, apicurio.registry.artifact-resolver-strategy=io.apicurio.registry.serde.strategy.SimpleTopicIdStrategy, value.serializer=io.apicurio.registry.serde.avro.AvroKafkaSerializer, request.timeout.ms=5000, acks=all, bootstrap.servers=PLAINTEXT://localhost:32769, connections.max.idle.ms=10000, key.serializer=org.apache.kafka.common.serialization.StringSerializer, client.id=Producer-topic-7f109242_cda3_44fa_a11e_f5efc39a1a30}
2025-08-12 14:52:29,089 INFO  [io.api.tes.ser.api.SimpleSerdesTesterBuilder$SimpleSerdesTester] (main) Using consumer configuration: {}
2025-08-12 14:52:29,094 INFO  [io.api.tes.ser.api.KafkaSerdesTester] (Thread-732) Sending message {"username": null} to topic topic-7f109242_cda3_44fa_a11e_f5efc39a1a30
2025-08-12 14:52:29,096 WARN  [org.apa.kaf.cli.NetworkClient] (kafka-producer-network-thread | Producer-topic-7f109242_cda3_44fa_a11e_f5efc39a1a30) [Producer clientId=Producer-topic-7f109242_cda3_44fa_a11e_f5efc39a1a30] The metadata response from the cluster reported a recoverable issue with correlation id 1 : {topic-7f109242_cda3_44fa_a11e_f5efc39a1a30=UNKNOWN_TOPIC_OR_PARTITION}
2025-08-12 14:52:29,097 INFO  [org.apa.kaf.cli.Metadata] (kafka-producer-network-thread | Producer-topic-7f109242_cda3_44fa_a11e_f5efc39a1a30) [Producer clientId=Producer-topic-7f109242_cda3_44fa_a11e_f5efc39a1a30] Cluster ID: FMImeSt9THyuSk_CoOu4HQ
2025-08-12 14:52:29,097 INFO  [org.apa.kaf.cli.pro.int.TransactionManager] (kafka-producer-network-thread | Producer-topic-7f109242_cda3_44fa_a11e_f5efc39a1a30) [Producer clientId=Producer-topic-7f109242_cda3_44fa_a11e_f5efc39a1a30] ProducerId set to 23 with epoch 0
2025-08-12 14:52:29,413 INFO  [io.api.tes.ser.api.KafkaSerdesTester] (Thread-732) Sending message {"username": null} to topic topic-7f109242_cda3_44fa_a11e_f5efc39a1a30
2025-08-12 14:52:29,415 INFO  [io.api.tes.ser.api.KafkaSerdesTester] (Thread-732) Sending message {"username": "value-2"} to topic topic-7f109242_cda3_44fa_a11e_f5efc39a1a30
2025-08-12 14:52:29,416 INFO  [io.api.tes.ser.api.KafkaSerdesTester] (Thread-732) Sending message {"username": null} to topic topic-7f109242_cda3_44fa_a11e_f5efc39a1a30
2025-08-12 14:52:29,418 INFO  [io.api.tes.ser.api.KafkaSerdesTester] (Thread-732) Sending message {"username": "value-4"} to topic topic-7f109242_cda3_44fa_a11e_f5efc39a1a30
2025-08-12 14:52:29,419 INFO  [io.api.tes.ser.api.KafkaSerdesTester] (Thread-732) Sending message {"username": null} to topic topic-7f109242_cda3_44fa_a11e_f5efc39a1a30
2025-08-12 14:52:29,420 INFO  [io.api.tes.ser.api.KafkaSerdesTester] (Thread-732) Sending message {"username": "value-6"} to topic topic-7f109242_cda3_44fa_a11e_f5efc39a1a30
2025-08-12 14:52:29,423 INFO  [io.api.tes.ser.api.KafkaSerdesTester] (Thread-732) Sending message {"username": null} to topic topic-7f109242_cda3_44fa_a11e_f5efc39a1a30
2025-08-12 14:52:29,425 INFO  [io.api.tes.ser.api.KafkaSerdesTester] (Thread-732) Sending message {"username": "value-8"} to topic topic-7f109242_cda3_44fa_a11e_f5efc39a1a30
2025-08-12 14:52:29,427 INFO  [io.api.tes.ser.api.KafkaSerdesTester] (Thread-732) Sending message {"username": null} to topic topic-7f109242_cda3_44fa_a11e_f5efc39a1a30
2025-08-12 14:52:29,430 INFO  [io.api.tes.ser.api.KafkaSerdesTester] (Thread-732) Produced 10 messages
2025-08-12 14:52:29,432 INFO  [org.apa.kaf.cli.pro.KafkaProducer] (Thread-732) [Producer clientId=Producer-topic-7f109242_cda3_44fa_a11e_f5efc39a1a30] Closing the Kafka producer with timeoutMillis = 9223372036854775807 ms.
2025-08-12 14:52:29,433 INFO  [org.apa.kaf.com.met.Metrics] (Thread-732) Metrics scheduler closed
2025-08-12 14:52:29,433 INFO  [org.apa.kaf.com.met.Metrics] (Thread-732) Closing reporter org.apache.kafka.common.metrics.JmxReporter
2025-08-12 14:52:29,433 INFO  [org.apa.kaf.com.met.Metrics] (Thread-732) Closing reporter org.apache.kafka.common.telemetry.internals.ClientTelemetryReporter
2025-08-12 14:52:29,433 INFO  [org.apa.kaf.com.met.Metrics] (Thread-732) Metrics reporters closed
2025-08-12 14:52:29,434 INFO  [org.apa.kaf.com.uti.AppInfoParser] (Thread-732) App info kafka.producer for Producer-topic-7f109242_cda3_44fa_a11e_f5efc39a1a30 unregistered
**** Registry Base URL: http://registry-app-mysql.apps.ci419.apicurio-testing.org:80
2025-08-12 14:52:29,598 INFO  [org.apa.kaf.cli.con.ConsumerConfig] (main) ConsumerConfig values: 
	allow.auto.create.topics = true
	auto.commit.interval.ms = 500
	auto.include.jmx.reporter = true
	auto.offset.reset = earliest
	bootstrap.servers = [PLAINTEXT://localhost:32769]
	check.crcs = true
	client.dns.lookup = use_all_dns_ips
	client.id = consumer-Consumer-topic-7f109242_cda3_44fa_a11e_f5efc39a1a30-17
	client.rack = 
	connections.max.idle.ms = 10000
	default.api.timeout.ms = 60000
	enable.auto.commit = true
	enable.metrics.push = true
	exclude.internal.topics = true
	fetch.max.bytes = 52428800
	fetch.max.wait.ms = 500
	fetch.min.bytes = 1
	group.id = Consumer-topic-7f109242_cda3_44fa_a11e_f5efc39a1a30
	group.instance.id = null
	group.protocol = classic
	group.remote.assignor = null
	heartbeat.interval.ms = 3000
	interceptor.classes = []
	internal.leave.group.on.close = true
	internal.throw.on.fetch.stable.offset.unsupported = false
	isolation.level = read_uncommitted
	key.deserializer = class org.apache.kafka.common.serialization.StringDeserializer
	max.partition.fetch.bytes = 1048576
	max.poll.interval.ms = 300000
	max.poll.records = 500
	metadata.max.age.ms = 300000
	metadata.recovery.strategy = none
	metric.reporters = []
	metrics.num.samples = 2
	metrics.recording.level = INFO
	metrics.sample.window.ms = 30000
	partition.assignment.strategy = [class org.apache.kafka.clients.consumer.RangeAssignor, class org.apache.kafka.clients.consumer.CooperativeStickyAssignor]
	receive.buffer.bytes = 65536
	reconnect.backoff.max.ms = 1000
	reconnect.backoff.ms = 50
	request.timeout.ms = 5000
	retry.backoff.max.ms = 1000
	retry.backoff.ms = 100
	sasl.client.callback.handler.class = null
	sasl.jaas.config = null
	sasl.kerberos.kinit.cmd = /usr/bin/kinit
	sasl.kerberos.min.time.before.relogin = 60000
	sasl.kerberos.service.name = null
	sasl.kerberos.ticket.renew.jitter = 0.05
	sasl.kerberos.ticket.renew.window.factor = 0.8
	sasl.login.callback.handler.class = null
	sasl.login.class = null
	sasl.login.connect.timeout.ms = null
	sasl.login.read.timeout.ms = null
	sasl.login.refresh.buffer.seconds = 300
	sasl.login.refresh.min.period.seconds = 60
	sasl.login.refresh.window.factor = 0.8
	sasl.login.refresh.window.jitter = 0.05
	sasl.login.retry.backoff.max.ms = 10000
	sasl.login.retry.backoff.ms = 100
	sasl.mechanism = GSSAPI
	sasl.oauthbearer.clock.skew.seconds = 30
	sasl.oauthbearer.expected.audience = null
	sasl.oauthbearer.expected.issuer = null
	sasl.oauthbearer.header.urlencode = false
	sasl.oauthbearer.jwks.endpoint.refresh.ms = 3600000
	sasl.oauthbearer.jwks.endpoint.retry.backoff.max.ms = 10000
	sasl.oauthbearer.jwks.endpoint.retry.backoff.ms = 100
	sasl.oauthbearer.jwks.endpoint.url = null
	sasl.oauthbearer.scope.claim.name = scope
	sasl.oauthbearer.sub.claim.name = sub
	sasl.oauthbearer.token.endpoint.url = null
	security.protocol = PLAINTEXT
	security.providers = null
	send.buffer.bytes = 131072
	session.timeout.ms = 45000
	socket.connection.setup.timeout.max.ms = 30000
	socket.connection.setup.timeout.ms = 10000
	ssl.cipher.suites = null
	ssl.enabled.protocols = [TLSv1.2, TLSv1.3]
	ssl.endpoint.identification.algorithm = https
	ssl.engine.factory.class = null
	ssl.key.password = null
	ssl.keymanager.algorithm = SunX509
	ssl.keystore.certificate.chain = null
	ssl.keystore.key = null
	ssl.keystore.location = null
	ssl.keystore.password = null
	ssl.keystore.type = JKS
	ssl.protocol = TLSv1.3
	ssl.provider = null
	ssl.secure.random.implementation = null
	ssl.trustmanager.algorithm = PKIX
	ssl.truststore.certificates = null
	ssl.truststore.location = null
	ssl.truststore.password = null
	ssl.truststore.type = JKS
	value.deserializer = class io.apicurio.registry.serde.avro.AvroKafkaDeserializer

2025-08-12 14:52:29,598 INFO  [org.apa.kaf.com.tel.int.KafkaMetricsCollector] (main) initializing Kafka metrics collector
2025-08-12 14:52:29,603 INFO  [org.apa.kaf.cli.con.ConsumerConfig] (main) These configurations '[apicurio.registry.url]' were supplied but are not used yet.
2025-08-12 14:52:29,603 INFO  [org.apa.kaf.com.uti.AppInfoParser] (main) Kafka version: 3.9.1
2025-08-12 14:52:29,603 INFO  [org.apa.kaf.com.uti.AppInfoParser] (main) Kafka commitId: f745dfdcee2b9851
2025-08-12 14:52:29,603 INFO  [org.apa.kaf.com.uti.AppInfoParser] (main) Kafka startTimeMs: 1755010349603
2025-08-12 14:52:29,604 INFO  [org.apa.kaf.cli.con.int.ClassicKafkaConsumer] (Thread-735) [Consumer clientId=consumer-Consumer-topic-7f109242_cda3_44fa_a11e_f5efc39a1a30-17, groupId=Consumer-topic-7f109242_cda3_44fa_a11e_f5efc39a1a30] Subscribed to topic(s): topic-7f109242_cda3_44fa_a11e_f5efc39a1a30
2025-08-12 14:52:29,608 INFO  [org.apa.kaf.cli.Metadata] (Thread-735) [Consumer clientId=consumer-Consumer-topic-7f109242_cda3_44fa_a11e_f5efc39a1a30-17, groupId=Consumer-topic-7f109242_cda3_44fa_a11e_f5efc39a1a30] Cluster ID: FMImeSt9THyuSk_CoOu4HQ
2025-08-12 14:52:29,608 INFO  [org.apa.kaf.cli.con.int.ConsumerCoordinator] (Thread-735) [Consumer clientId=consumer-Consumer-topic-7f109242_cda3_44fa_a11e_f5efc39a1a30-17, groupId=Consumer-topic-7f109242_cda3_44fa_a11e_f5efc39a1a30] Discovered group coordinator localhost:32769 (id: 2147483647 rack: null)
2025-08-12 14:52:29,609 INFO  [org.apa.kaf.cli.con.int.ConsumerCoordinator] (Thread-735) [Consumer clientId=consumer-Consumer-topic-7f109242_cda3_44fa_a11e_f5efc39a1a30-17, groupId=Consumer-topic-7f109242_cda3_44fa_a11e_f5efc39a1a30] (Re-)joining group
2025-08-12 14:52:29,612 INFO  [org.apa.kaf.cli.con.int.ConsumerCoordinator] (Thread-735) [Consumer clientId=consumer-Consumer-topic-7f109242_cda3_44fa_a11e_f5efc39a1a30-17, groupId=Consumer-topic-7f109242_cda3_44fa_a11e_f5efc39a1a30] Request joining group due to: need to re-join with the given member-id: consumer-Consumer-topic-7f109242_cda3_44fa_a11e_f5efc39a1a30-17-d72961b9-2261-4e2b-9c44-04a3ca2775b7
2025-08-12 14:52:29,612 INFO  [org.apa.kaf.cli.con.int.ConsumerCoordinator] (Thread-735) [Consumer clientId=consumer-Consumer-topic-7f109242_cda3_44fa_a11e_f5efc39a1a30-17, groupId=Consumer-topic-7f109242_cda3_44fa_a11e_f5efc39a1a30] (Re-)joining group
2025-08-12 14:52:30,604 INFO  [io.api.tes.ser.api.KafkaSerdesTester] (Thread-735) None found
2025-08-12 14:52:31,604 INFO  [io.api.tes.ser.api.KafkaSerdesTester] (Thread-735) None found
2025-08-12 14:52:32,604 INFO  [io.api.tes.ser.api.KafkaSerdesTester] (Thread-735) None found
2025-08-12 14:52:32,616 INFO  [org.apa.kaf.cli.con.int.ConsumerCoordinator] (Thread-735) [Consumer clientId=consumer-Consumer-topic-7f109242_cda3_44fa_a11e_f5efc39a1a30-17, groupId=Consumer-topic-7f109242_cda3_44fa_a11e_f5efc39a1a30] Successfully joined group with generation Generation{generationId=1, memberId='consumer-Consumer-topic-7f109242_cda3_44fa_a11e_f5efc39a1a30-17-d72961b9-2261-4e2b-9c44-04a3ca2775b7', protocol='range'}
2025-08-12 14:52:32,616 INFO  [org.apa.kaf.cli.con.int.ConsumerCoordinator] (Thread-735) [Consumer clientId=consumer-Consumer-topic-7f109242_cda3_44fa_a11e_f5efc39a1a30-17, groupId=Consumer-topic-7f109242_cda3_44fa_a11e_f5efc39a1a30] Finished assignment for group at generation 1: {consumer-Consumer-topic-7f109242_cda3_44fa_a11e_f5efc39a1a30-17-d72961b9-2261-4e2b-9c44-04a3ca2775b7=Assignment(partitions=[topic-7f109242_cda3_44fa_a11e_f5efc39a1a30-0])}
2025-08-12 14:52:32,623 INFO  [org.apa.kaf.cli.con.int.ConsumerCoordinator] (Thread-735) [Consumer clientId=consumer-Consumer-topic-7f109242_cda3_44fa_a11e_f5efc39a1a30-17, groupId=Consumer-topic-7f109242_cda3_44fa_a11e_f5efc39a1a30] Successfully synced group in generation Generation{generationId=1, memberId='consumer-Consumer-topic-7f109242_cda3_44fa_a11e_f5efc39a1a30-17-d72961b9-2261-4e2b-9c44-04a3ca2775b7', protocol='range'}
2025-08-12 14:52:32,623 INFO  [org.apa.kaf.cli.con.int.ConsumerCoordinator] (Thread-735) [Consumer clientId=consumer-Consumer-topic-7f109242_cda3_44fa_a11e_f5efc39a1a30-17, groupId=Consumer-topic-7f109242_cda3_44fa_a11e_f5efc39a1a30] Notifying assignor about the new Assignment(partitions=[topic-7f109242_cda3_44fa_a11e_f5efc39a1a30-0])
2025-08-12 14:52:32,623 INFO  [org.apa.kaf.cli.con.int.ConsumerRebalanceListenerInvoker] (Thread-735) [Consumer clientId=consumer-Consumer-topic-7f109242_cda3_44fa_a11e_f5efc39a1a30-17, groupId=Consumer-topic-7f109242_cda3_44fa_a11e_f5efc39a1a30] Adding newly assigned partitions: topic-7f109242_cda3_44fa_a11e_f5efc39a1a30-0
2025-08-12 14:52:32,624 INFO  [org.apa.kaf.cli.con.int.ConsumerCoordinator] (Thread-735) [Consumer clientId=consumer-Consumer-topic-7f109242_cda3_44fa_a11e_f5efc39a1a30-17, groupId=Consumer-topic-7f109242_cda3_44fa_a11e_f5efc39a1a30] Found no committed offset for partition topic-7f109242_cda3_44fa_a11e_f5efc39a1a30-0
2025-08-12 14:52:32,626 INFO  [org.apa.kaf.cli.con.int.SubscriptionState] (Thread-735) [Consumer clientId=consumer-Consumer-topic-7f109242_cda3_44fa_a11e_f5efc39a1a30-17, groupId=Consumer-topic-7f109242_cda3_44fa_a11e_f5efc39a1a30] Resetting offset for partition topic-7f109242_cda3_44fa_a11e_f5efc39a1a30-0 to position FetchPosition{offset=0, offsetEpoch=Optional.empty, currentLeader=LeaderAndEpoch{leader=Optional[localhost:32769 (id: 0 rack: null)], epoch=0}}.
2025-08-12 14:52:32,986 INFO  [io.api.tes.ser.api.KafkaSerdesTester] (Thread-735) topic-7f109242_cda3_44fa_a11e_f5efc39a1a30 0 0 {"username": null}
2025-08-12 14:52:32,986 INFO  [io.api.tes.ser.api.KafkaSerdesTester] (Thread-735) topic-7f109242_cda3_44fa_a11e_f5efc39a1a30 0 1 {"username": null}
2025-08-12 14:52:32,986 INFO  [io.api.tes.ser.api.KafkaSerdesTester] (Thread-735) topic-7f109242_cda3_44fa_a11e_f5efc39a1a30 0 2 {"username": "value-2"}
2025-08-12 14:52:32,986 INFO  [io.api.tes.ser.api.KafkaSerdesTester] (Thread-735) topic-7f109242_cda3_44fa_a11e_f5efc39a1a30 0 3 {"username": null}
2025-08-12 14:52:32,986 INFO  [io.api.tes.ser.api.KafkaSerdesTester] (Thread-735) topic-7f109242_cda3_44fa_a11e_f5efc39a1a30 0 4 {"username": "value-4"}
2025-08-12 14:52:32,986 INFO  [io.api.tes.ser.api.KafkaSerdesTester] (Thread-735) topic-7f109242_cda3_44fa_a11e_f5efc39a1a30 0 5 {"username": null}
2025-08-12 14:52:32,986 INFO  [io.api.tes.ser.api.KafkaSerdesTester] (Thread-735) topic-7f109242_cda3_44fa_a11e_f5efc39a1a30 0 6 {"username": "value-6"}
2025-08-12 14:52:32,986 INFO  [io.api.tes.ser.api.KafkaSerdesTester] (Thread-735) topic-7f109242_cda3_44fa_a11e_f5efc39a1a30 0 7 {"username": null}
2025-08-12 14:52:32,986 INFO  [io.api.tes.ser.api.KafkaSerdesTester] (Thread-735) topic-7f109242_cda3_44fa_a11e_f5efc39a1a30 0 8 {"username": "value-8"}
2025-08-12 14:52:32,986 INFO  [io.api.tes.ser.api.KafkaSerdesTester] (Thread-735) topic-7f109242_cda3_44fa_a11e_f5efc39a1a30 0 9 {"username": null}
2025-08-12 14:52:32,986 INFO  [io.api.tes.ser.api.KafkaSerdesTester] (Thread-735) Consumed 10 messages
2025-08-12 14:52:32,994 INFO  [org.apa.kaf.cli.con.int.ConsumerRebalanceListenerInvoker] (Thread-735) [Consumer clientId=consumer-Consumer-topic-7f109242_cda3_44fa_a11e_f5efc39a1a30-17, groupId=Consumer-topic-7f109242_cda3_44fa_a11e_f5efc39a1a30] Revoke previously assigned partitions topic-7f109242_cda3_44fa_a11e_f5efc39a1a30-0
2025-08-12 14:52:32,994 INFO  [org.apa.kaf.cli.con.int.ConsumerCoordinator] (Thread-735) [Consumer clientId=consumer-Consumer-topic-7f109242_cda3_44fa_a11e_f5efc39a1a30-17, groupId=Consumer-topic-7f109242_cda3_44fa_a11e_f5efc39a1a30] Member consumer-Consumer-topic-7f109242_cda3_44fa_a11e_f5efc39a1a30-17-d72961b9-2261-4e2b-9c44-04a3ca2775b7 sending LeaveGroup request to coordinator localhost:32769 (id: 2147483647 rack: null) due to the consumer is being closed
2025-08-12 14:52:32,994 INFO  [org.apa.kaf.cli.con.int.ConsumerCoordinator] (Thread-735) [Consumer clientId=consumer-Consumer-topic-7f109242_cda3_44fa_a11e_f5efc39a1a30-17, groupId=Consumer-topic-7f109242_cda3_44fa_a11e_f5efc39a1a30] Resetting generation and member id due to: consumer pro-actively leaving the group
2025-08-12 14:52:32,994 INFO  [org.apa.kaf.cli.con.int.ConsumerCoordinator] (Thread-735) [Consumer clientId=consumer-Consumer-topic-7f109242_cda3_44fa_a11e_f5efc39a1a30-17, groupId=Consumer-topic-7f109242_cda3_44fa_a11e_f5efc39a1a30] Request joining group due to: consumer pro-actively leaving the group
2025-08-12 14:52:33,489 INFO  [org.apa.kaf.com.met.Metrics] (Thread-735) Metrics scheduler closed
2025-08-12 14:52:33,489 INFO  [org.apa.kaf.com.met.Metrics] (Thread-735) Closing reporter org.apache.kafka.common.metrics.JmxReporter
2025-08-12 14:52:33,489 INFO  [org.apa.kaf.com.met.Metrics] (Thread-735) Closing reporter org.apache.kafka.common.telemetry.internals.ClientTelemetryReporter
2025-08-12 14:52:33,489 INFO  [org.apa.kaf.com.met.Metrics] (Thread-735) Metrics reporters closed
2025-08-12 14:52:33,491 INFO  [org.apa.kaf.com.uti.AppInfoParser] (Thread-735) App info kafka.consumer for consumer-Consumer-topic-7f109242_cda3_44fa_a11e_f5efc39a1a30-17 unregistered
2025-08-12 14:52:33,491 INFO  [io.api.tes.uti.TestSeparator] (main) io.apicurio.tests.serdes.apicurio.AvroSerdeIT.testFirstEmptyFieldConfusedAsMagicByte-FINISHED
2025-08-12 14:52:33,491 INFO  [io.api.tes.uti.TestSeparator] (main) ############################################################################
Test passed: testFirstEmptyFieldConfusedAsMagicByte
]]></system-out>
  </testcase>
  <testcase name="testAvroSerDesFailDifferentSchemaByContent" classname="io.apicurio.tests.serdes.apicurio.AvroSerdeIT" time="1.458">
    <system-out><![CDATA[2025-08-12 14:52:33,494 INFO  [io.api.tes.uti.TestSeparator] (main) ############################################################################
2025-08-12 14:52:33,494 INFO  [io.api.tes.uti.TestSeparator] (main) io.apicurio.tests.serdes.apicurio.AvroSerdeIT.testAvroSerDesFailDifferentSchemaByContent-STARTED
**** Registry Base URL: http://registry-app-mysql.apps.ci419.apicurio-testing.org:80
2025-08-12 14:52:34,692 INFO  [org.apa.kaf.cli.pro.ProducerConfig] (main) ProducerConfig values: 
	acks = -1
	auto.include.jmx.reporter = true
	batch.size = 16384
	bootstrap.servers = [PLAINTEXT://localhost:32769]
	buffer.memory = 33554432
	client.dns.lookup = use_all_dns_ips
	client.id = Producer-topic-51d18a2e_3d96_4795_9a56_e5513d8f98e5
	compression.gzip.level = -1
	compression.lz4.level = 9
	compression.type = none
	compression.zstd.level = 3
	connections.max.idle.ms = 10000
	delivery.timeout.ms = 120000
	enable.idempotence = true
	enable.metrics.push = true
	interceptor.classes = []
	key.serializer = class org.apache.kafka.common.serialization.StringSerializer
	linger.ms = 0
	max.block.ms = 60000
	max.in.flight.requests.per.connection = 5
	max.request.size = 1048576
	metadata.max.age.ms = 300000
	metadata.max.idle.ms = 300000
	metadata.recovery.strategy = none
	metric.reporters = []
	metrics.num.samples = 2
	metrics.recording.level = INFO
	metrics.sample.window.ms = 30000
	partitioner.adaptive.partitioning.enable = true
	partitioner.availability.timeout.ms = 0
	partitioner.class = null
	partitioner.ignore.keys = false
	receive.buffer.bytes = 32768
	reconnect.backoff.max.ms = 1000
	reconnect.backoff.ms = 50
	request.timeout.ms = 5000
	retries = 2147483647
	retry.backoff.max.ms = 1000
	retry.backoff.ms = 100
	sasl.client.callback.handler.class = null
	sasl.jaas.config = null
	sasl.kerberos.kinit.cmd = /usr/bin/kinit
	sasl.kerberos.min.time.before.relogin = 60000
	sasl.kerberos.service.name = null
	sasl.kerberos.ticket.renew.jitter = 0.05
	sasl.kerberos.ticket.renew.window.factor = 0.8
	sasl.login.callback.handler.class = null
	sasl.login.class = null
	sasl.login.connect.timeout.ms = null
	sasl.login.read.timeout.ms = null
	sasl.login.refresh.buffer.seconds = 300
	sasl.login.refresh.min.period.seconds = 60
	sasl.login.refresh.window.factor = 0.8
	sasl.login.refresh.window.jitter = 0.05
	sasl.login.retry.backoff.max.ms = 10000
	sasl.login.retry.backoff.ms = 100
	sasl.mechanism = GSSAPI
	sasl.oauthbearer.clock.skew.seconds = 30
	sasl.oauthbearer.expected.audience = null
	sasl.oauthbearer.expected.issuer = null
	sasl.oauthbearer.header.urlencode = false
	sasl.oauthbearer.jwks.endpoint.refresh.ms = 3600000
	sasl.oauthbearer.jwks.endpoint.retry.backoff.max.ms = 10000
	sasl.oauthbearer.jwks.endpoint.retry.backoff.ms = 100
	sasl.oauthbearer.jwks.endpoint.url = null
	sasl.oauthbearer.scope.claim.name = scope
	sasl.oauthbearer.sub.claim.name = sub
	sasl.oauthbearer.token.endpoint.url = null
	security.protocol = PLAINTEXT
	security.providers = null
	send.buffer.bytes = 131072
	socket.connection.setup.timeout.max.ms = 30000
	socket.connection.setup.timeout.ms = 10000
	ssl.cipher.suites = null
	ssl.enabled.protocols = [TLSv1.2, TLSv1.3]
	ssl.endpoint.identification.algorithm = https
	ssl.engine.factory.class = null
	ssl.key.password = null
	ssl.keymanager.algorithm = SunX509
	ssl.keystore.certificate.chain = null
	ssl.keystore.key = null
	ssl.keystore.location = null
	ssl.keystore.password = null
	ssl.keystore.type = JKS
	ssl.protocol = TLSv1.3
	ssl.provider = null
	ssl.secure.random.implementation = null
	ssl.trustmanager.algorithm = PKIX
	ssl.truststore.certificates = null
	ssl.truststore.location = null
	ssl.truststore.password = null
	ssl.truststore.type = JKS
	transaction.timeout.ms = 60000
	transactional.id = null
	value.serializer = class io.apicurio.registry.serde.avro.AvroKafkaSerializer

2025-08-12 14:52:34,693 INFO  [org.apa.kaf.com.tel.int.KafkaMetricsCollector] (main) initializing Kafka metrics collector
2025-08-12 14:52:34,696 INFO  [org.apa.kaf.cli.pro.KafkaProducer] (main) [Producer clientId=Producer-topic-51d18a2e_3d96_4795_9a56_e5513d8f98e5] Instantiated an idempotent producer.
2025-08-12 14:52:34,697 INFO  [org.apa.kaf.cli.pro.ProducerConfig] (main) These configurations '[apicurio.registry.url, apicurio.registry.artifact-resolver-strategy]' were supplied but are not used yet.
2025-08-12 14:52:34,697 INFO  [org.apa.kaf.com.uti.AppInfoParser] (main) Kafka version: 3.9.1
2025-08-12 14:52:34,697 INFO  [org.apa.kaf.com.uti.AppInfoParser] (main) Kafka commitId: f745dfdcee2b9851
2025-08-12 14:52:34,697 INFO  [org.apa.kaf.com.uti.AppInfoParser] (main) Kafka startTimeMs: 1755010354697
2025-08-12 14:52:34,700 INFO  [io.api.tes.ser.api.KafkaSerdesTester] (Thread-738) Sending message {"keyB": "value-0"} to topic topic-51d18a2e_3d96_4795_9a56_e5513d8f98e5
2025-08-12 14:52:34,703 INFO  [org.apa.kaf.cli.Metadata] (kafka-producer-network-thread | Producer-topic-51d18a2e_3d96_4795_9a56_e5513d8f98e5) [Producer clientId=Producer-topic-51d18a2e_3d96_4795_9a56_e5513d8f98e5] Cluster ID: FMImeSt9THyuSk_CoOu4HQ
2025-08-12 14:52:34,703 INFO  [org.apa.kaf.cli.pro.int.TransactionManager] (kafka-producer-network-thread | Producer-topic-51d18a2e_3d96_4795_9a56_e5513d8f98e5) [Producer clientId=Producer-topic-51d18a2e_3d96_4795_9a56_e5513d8f98e5] ProducerId set to 24 with epoch 0
2025-08-12 14:52:34,703 INFO  [DefaultSchemaResolver] (Thread-738) Retrieving schema content using string: {"type":"record","name":"s9f5f37a8x7d20x4744xbe5dxf2431e4bcd02","namespace":"seb2a3d47xb50fx4a34xb39fx14af878df996","fields":[{"name":"keyB","type":"string"}]}
2025-08-12 14:52:34,948 INFO  [org.apa.kaf.cli.pro.KafkaProducer] (Thread-738) [Producer clientId=Producer-topic-51d18a2e_3d96_4795_9a56_e5513d8f98e5] Closing the Kafka producer with timeoutMillis = 9223372036854775807 ms.
2025-08-12 14:52:34,949 INFO  [org.apa.kaf.com.met.Metrics] (Thread-738) Metrics scheduler closed
2025-08-12 14:52:34,949 INFO  [org.apa.kaf.com.met.Metrics] (Thread-738) Closing reporter org.apache.kafka.common.metrics.JmxReporter
2025-08-12 14:52:34,949 INFO  [org.apa.kaf.com.met.Metrics] (Thread-738) Closing reporter org.apache.kafka.common.telemetry.internals.ClientTelemetryReporter
2025-08-12 14:52:34,949 INFO  [org.apa.kaf.com.met.Metrics] (Thread-738) Metrics reporters closed
2025-08-12 14:52:34,950 INFO  [org.apa.kaf.com.uti.AppInfoParser] (Thread-738) App info kafka.producer for Producer-topic-51d18a2e_3d96_4795_9a56_e5513d8f98e5 unregistered
2025-08-12 14:52:34,950 INFO  [io.api.tes.uti.TestSeparator] (main) io.apicurio.tests.serdes.apicurio.AvroSerdeIT.testAvroSerDesFailDifferentSchemaByContent-FINISHED
2025-08-12 14:52:34,950 INFO  [io.api.tes.uti.TestSeparator] (main) ############################################################################
Test passed: testAvroSerDesFailDifferentSchemaByContent
]]></system-out>
    <system-err><![CDATA[java.lang.RuntimeException: Could not resolve artifact reference by content: {"type":"record","name":"s9f5f37a8x7d20x4744xbe5dxf2431e4bcd02","namespace":"seb2a3d47xb50fx4a34xb39fx14af878df996","fields":[{"name":"keyB","type":"string"}]}&ArtifactReference [groupId=seb2a3d47xb50fx4a34xb39fx14af878df996, artifactId=s9f5f37a8x7d20x4744xbe5dxf2431e4bcd02, version=null, globalId=null, contentId=null, contentHash=null]
	at io.apicurio.registry.resolver.DefaultSchemaResolver.lambda$handleResolveSchemaByContent$3(DefaultSchemaResolver.java:265)
	at io.apicurio.registry.resolver.cache.ERCache.lambda$getValue$0(ERCache.java:174)
	at io.apicurio.registry.resolver.cache.ERCache.retry(ERCache.java:227)
	at io.apicurio.registry.resolver.cache.ERCache.getValue(ERCache.java:173)
	at io.apicurio.registry.resolver.cache.ERCache.getByContent(ERCache.java:147)
	at io.apicurio.registry.resolver.DefaultSchemaResolver.handleResolveSchemaByContent(DefaultSchemaResolver.java:253)
	at io.apicurio.registry.resolver.DefaultSchemaResolver.getSchemaFromRegistry(DefaultSchemaResolver.java:138)
	at io.apicurio.registry.resolver.DefaultSchemaResolver.lambda$resolveSchema$0(DefaultSchemaResolver.java:84)
	at java.base/java.util.Optional.orElseGet(Optional.java:364)
	at io.apicurio.registry.resolver.DefaultSchemaResolver.resolveSchema(DefaultSchemaResolver.java:84)
	at io.apicurio.registry.serde.AbstractSerializer.serializeData(AbstractSerializer.java:62)
	at io.apicurio.registry.serde.KafkaSerializer.serialize(KafkaSerializer.java:77)
	at org.apache.kafka.clients.producer.KafkaProducer.doSend(KafkaProducer.java:1046)
	at org.apache.kafka.clients.producer.KafkaProducer.send(KafkaProducer.java:993)
	at org.apache.kafka.clients.producer.KafkaProducer.send(KafkaProducer.java:875)
	at io.apicurio.tests.serdes.apicurio.KafkaSerdesTester.lambda$produceMessages$3(KafkaSerdesTester.java:138)
	at java.base/java.util.concurrent.CompletableFuture$AsyncSupply.run(CompletableFuture.java:1768)
	at java.base/java.lang.Thread.run(Thread.java:840)
]]></system-err>
  </testcase>
  <testcase name="testGlobalIdInBody" classname="io.apicurio.tests.serdes.apicurio.AvroSerdeIT" time="4.301">
    <system-out><![CDATA[2025-08-12 14:52:34,951 INFO  [io.api.tes.uti.TestSeparator] (main) ############################################################################
2025-08-12 14:52:34,951 INFO  [io.api.tes.uti.TestSeparator] (main) io.apicurio.tests.serdes.apicurio.AvroSerdeIT.testGlobalIdInBody-STARTED
**** Registry Base URL: http://registry-app-mysql.apps.ci419.apicurio-testing.org:80
2025-08-12 14:52:34,957 INFO  [org.apa.kaf.cli.pro.ProducerConfig] (main) ProducerConfig values: 
	acks = -1
	auto.include.jmx.reporter = true
	batch.size = 16384
	bootstrap.servers = [PLAINTEXT://localhost:32769]
	buffer.memory = 33554432
	client.dns.lookup = use_all_dns_ips
	client.id = Producer-topic-05443c01_b9a9_4621_8adc_7b81504b48f1
	compression.gzip.level = -1
	compression.lz4.level = 9
	compression.type = none
	compression.zstd.level = 3
	connections.max.idle.ms = 10000
	delivery.timeout.ms = 120000
	enable.idempotence = true
	enable.metrics.push = true
	interceptor.classes = []
	key.serializer = class org.apache.kafka.common.serialization.StringSerializer
	linger.ms = 0
	max.block.ms = 60000
	max.in.flight.requests.per.connection = 5
	max.request.size = 1048576
	metadata.max.age.ms = 300000
	metadata.max.idle.ms = 300000
	metadata.recovery.strategy = none
	metric.reporters = []
	metrics.num.samples = 2
	metrics.recording.level = INFO
	metrics.sample.window.ms = 30000
	partitioner.adaptive.partitioning.enable = true
	partitioner.availability.timeout.ms = 0
	partitioner.class = null
	partitioner.ignore.keys = false
	receive.buffer.bytes = 32768
	reconnect.backoff.max.ms = 1000
	reconnect.backoff.ms = 50
	request.timeout.ms = 5000
	retries = 2147483647
	retry.backoff.max.ms = 1000
	retry.backoff.ms = 100
	sasl.client.callback.handler.class = null
	sasl.jaas.config = null
	sasl.kerberos.kinit.cmd = /usr/bin/kinit
	sasl.kerberos.min.time.before.relogin = 60000
	sasl.kerberos.service.name = null
	sasl.kerberos.ticket.renew.jitter = 0.05
	sasl.kerberos.ticket.renew.window.factor = 0.8
	sasl.login.callback.handler.class = null
	sasl.login.class = null
	sasl.login.connect.timeout.ms = null
	sasl.login.read.timeout.ms = null
	sasl.login.refresh.buffer.seconds = 300
	sasl.login.refresh.min.period.seconds = 60
	sasl.login.refresh.window.factor = 0.8
	sasl.login.refresh.window.jitter = 0.05
	sasl.login.retry.backoff.max.ms = 10000
	sasl.login.retry.backoff.ms = 100
	sasl.mechanism = GSSAPI
	sasl.oauthbearer.clock.skew.seconds = 30
	sasl.oauthbearer.expected.audience = null
	sasl.oauthbearer.expected.issuer = null
	sasl.oauthbearer.header.urlencode = false
	sasl.oauthbearer.jwks.endpoint.refresh.ms = 3600000
	sasl.oauthbearer.jwks.endpoint.retry.backoff.max.ms = 10000
	sasl.oauthbearer.jwks.endpoint.retry.backoff.ms = 100
	sasl.oauthbearer.jwks.endpoint.url = null
	sasl.oauthbearer.scope.claim.name = scope
	sasl.oauthbearer.sub.claim.name = sub
	sasl.oauthbearer.token.endpoint.url = null
	security.protocol = PLAINTEXT
	security.providers = null
	send.buffer.bytes = 131072
	socket.connection.setup.timeout.max.ms = 30000
	socket.connection.setup.timeout.ms = 10000
	ssl.cipher.suites = null
	ssl.enabled.protocols = [TLSv1.2, TLSv1.3]
	ssl.endpoint.identification.algorithm = https
	ssl.engine.factory.class = null
	ssl.key.password = null
	ssl.keymanager.algorithm = SunX509
	ssl.keystore.certificate.chain = null
	ssl.keystore.key = null
	ssl.keystore.location = null
	ssl.keystore.password = null
	ssl.keystore.type = JKS
	ssl.protocol = TLSv1.3
	ssl.provider = null
	ssl.secure.random.implementation = null
	ssl.trustmanager.algorithm = PKIX
	ssl.truststore.certificates = null
	ssl.truststore.location = null
	ssl.truststore.password = null
	ssl.truststore.type = JKS
	transaction.timeout.ms = 60000
	transactional.id = null
	value.serializer = class io.apicurio.registry.serde.avro.AvroKafkaSerializer

2025-08-12 14:52:34,960 INFO  [org.apa.kaf.com.tel.int.KafkaMetricsCollector] (main) initializing Kafka metrics collector
2025-08-12 14:52:34,970 INFO  [org.apa.kaf.cli.pro.KafkaProducer] (main) [Producer clientId=Producer-topic-05443c01_b9a9_4621_8adc_7b81504b48f1] Instantiated an idempotent producer.
2025-08-12 14:52:34,972 INFO  [org.apa.kaf.cli.pro.ProducerConfig] (main) These configurations '[apicurio.registry.url, apicurio.registry.auto-register, apicurio.registry.use-id, apicurio.registry.artifact-resolver-strategy]' were supplied but are not used yet.
2025-08-12 14:52:34,972 INFO  [org.apa.kaf.com.uti.AppInfoParser] (main) Kafka version: 3.9.1
2025-08-12 14:52:34,972 INFO  [org.apa.kaf.com.uti.AppInfoParser] (main) Kafka commitId: f745dfdcee2b9851
2025-08-12 14:52:34,972 INFO  [org.apa.kaf.com.uti.AppInfoParser] (main) Kafka startTimeMs: 1755010354972
2025-08-12 14:52:34,972 INFO  [io.api.tes.ser.api.SimpleSerdesTesterBuilder$SimpleSerdesTester] (main) Using producer configuration: {apicurio.registry.url=http://registry-app-mysql.apps.ci419.apicurio-testing.org:80/apis/registry/v3, apicurio.registry.auto-register=true, apicurio.registry.use-id=globalId, apicurio.registry.artifact-resolver-strategy=io.apicurio.registry.serde.strategy.TopicIdStrategy, value.serializer=io.apicurio.registry.serde.avro.AvroKafkaSerializer, request.timeout.ms=5000, acks=all, bootstrap.servers=PLAINTEXT://localhost:32769, connections.max.idle.ms=10000, key.serializer=org.apache.kafka.common.serialization.StringSerializer, client.id=Producer-topic-05443c01_b9a9_4621_8adc_7b81504b48f1}
2025-08-12 14:52:34,972 INFO  [io.api.tes.ser.api.SimpleSerdesTesterBuilder$SimpleSerdesTester] (main) Using consumer configuration: {apicurio.registry.use-id=globalId}
2025-08-12 14:52:34,975 INFO  [io.api.tes.ser.api.KafkaSerdesTester] (Thread-741) Sending message {"key11755010354953": "value-0"} to topic topic-05443c01_b9a9_4621_8adc_7b81504b48f1
2025-08-12 14:52:34,980 WARN  [org.apa.kaf.cli.NetworkClient] (kafka-producer-network-thread | Producer-topic-05443c01_b9a9_4621_8adc_7b81504b48f1) [Producer clientId=Producer-topic-05443c01_b9a9_4621_8adc_7b81504b48f1] The metadata response from the cluster reported a recoverable issue with correlation id 1 : {topic-05443c01_b9a9_4621_8adc_7b81504b48f1=UNKNOWN_TOPIC_OR_PARTITION}
2025-08-12 14:52:34,980 INFO  [org.apa.kaf.cli.Metadata] (kafka-producer-network-thread | Producer-topic-05443c01_b9a9_4621_8adc_7b81504b48f1) [Producer clientId=Producer-topic-05443c01_b9a9_4621_8adc_7b81504b48f1] Cluster ID: FMImeSt9THyuSk_CoOu4HQ
2025-08-12 14:52:34,981 INFO  [org.apa.kaf.cli.pro.int.TransactionManager] (kafka-producer-network-thread | Producer-topic-05443c01_b9a9_4621_8adc_7b81504b48f1) [Producer clientId=Producer-topic-05443c01_b9a9_4621_8adc_7b81504b48f1] ProducerId set to 25 with epoch 0
2025-08-12 14:52:35,289 INFO  [io.api.tes.ser.api.KafkaSerdesTester] (Thread-741) Sending message {"key11755010354953": "value-1"} to topic topic-05443c01_b9a9_4621_8adc_7b81504b48f1
2025-08-12 14:52:35,290 INFO  [io.api.tes.ser.api.KafkaSerdesTester] (Thread-741) Sending message {"key11755010354953": "value-2"} to topic topic-05443c01_b9a9_4621_8adc_7b81504b48f1
2025-08-12 14:52:35,292 INFO  [io.api.tes.ser.api.KafkaSerdesTester] (Thread-741) Sending message {"key11755010354953": "value-3"} to topic topic-05443c01_b9a9_4621_8adc_7b81504b48f1
2025-08-12 14:52:35,293 INFO  [io.api.tes.ser.api.KafkaSerdesTester] (Thread-741) Sending message {"key11755010354953": "value-4"} to topic topic-05443c01_b9a9_4621_8adc_7b81504b48f1
2025-08-12 14:52:35,294 INFO  [io.api.tes.ser.api.KafkaSerdesTester] (Thread-741) Sending message {"key11755010354953": "value-5"} to topic topic-05443c01_b9a9_4621_8adc_7b81504b48f1
2025-08-12 14:52:35,300 INFO  [io.api.tes.ser.api.KafkaSerdesTester] (Thread-741) Sending message {"key11755010354953": "value-6"} to topic topic-05443c01_b9a9_4621_8adc_7b81504b48f1
2025-08-12 14:52:35,301 INFO  [io.api.tes.ser.api.KafkaSerdesTester] (Thread-741) Sending message {"key11755010354953": "value-7"} to topic topic-05443c01_b9a9_4621_8adc_7b81504b48f1
2025-08-12 14:52:35,302 INFO  [io.api.tes.ser.api.KafkaSerdesTester] (Thread-741) Sending message {"key11755010354953": "value-8"} to topic topic-05443c01_b9a9_4621_8adc_7b81504b48f1
2025-08-12 14:52:35,305 INFO  [io.api.tes.ser.api.KafkaSerdesTester] (Thread-741) Sending message {"key11755010354953": "value-9"} to topic topic-05443c01_b9a9_4621_8adc_7b81504b48f1
2025-08-12 14:52:35,307 INFO  [io.api.tes.ser.api.KafkaSerdesTester] (Thread-741) Produced 10 messages
2025-08-12 14:52:35,307 INFO  [org.apa.kaf.cli.pro.KafkaProducer] (Thread-741) [Producer clientId=Producer-topic-05443c01_b9a9_4621_8adc_7b81504b48f1] Closing the Kafka producer with timeoutMillis = 9223372036854775807 ms.
2025-08-12 14:52:35,309 INFO  [org.apa.kaf.com.met.Metrics] (Thread-741) Metrics scheduler closed
2025-08-12 14:52:35,309 INFO  [org.apa.kaf.com.met.Metrics] (Thread-741) Closing reporter org.apache.kafka.common.metrics.JmxReporter
2025-08-12 14:52:35,309 INFO  [org.apa.kaf.com.met.Metrics] (Thread-741) Closing reporter org.apache.kafka.common.telemetry.internals.ClientTelemetryReporter
2025-08-12 14:52:35,309 INFO  [org.apa.kaf.com.met.Metrics] (Thread-741) Metrics reporters closed
2025-08-12 14:52:35,309 INFO  [org.apa.kaf.com.uti.AppInfoParser] (Thread-741) App info kafka.producer for Producer-topic-05443c01_b9a9_4621_8adc_7b81504b48f1 unregistered
**** Registry Base URL: http://registry-app-mysql.apps.ci419.apicurio-testing.org:80
2025-08-12 14:52:35,467 INFO  [org.apa.kaf.cli.con.ConsumerConfig] (main) ConsumerConfig values: 
	allow.auto.create.topics = true
	auto.commit.interval.ms = 500
	auto.include.jmx.reporter = true
	auto.offset.reset = earliest
	bootstrap.servers = [PLAINTEXT://localhost:32769]
	check.crcs = true
	client.dns.lookup = use_all_dns_ips
	client.id = consumer-Consumer-topic-05443c01_b9a9_4621_8adc_7b81504b48f1-18
	client.rack = 
	connections.max.idle.ms = 10000
	default.api.timeout.ms = 60000
	enable.auto.commit = true
	enable.metrics.push = true
	exclude.internal.topics = true
	fetch.max.bytes = 52428800
	fetch.max.wait.ms = 500
	fetch.min.bytes = 1
	group.id = Consumer-topic-05443c01_b9a9_4621_8adc_7b81504b48f1
	group.instance.id = null
	group.protocol = classic
	group.remote.assignor = null
	heartbeat.interval.ms = 3000
	interceptor.classes = []
	internal.leave.group.on.close = true
	internal.throw.on.fetch.stable.offset.unsupported = false
	isolation.level = read_uncommitted
	key.deserializer = class org.apache.kafka.common.serialization.StringDeserializer
	max.partition.fetch.bytes = 1048576
	max.poll.interval.ms = 300000
	max.poll.records = 500
	metadata.max.age.ms = 300000
	metadata.recovery.strategy = none
	metric.reporters = []
	metrics.num.samples = 2
	metrics.recording.level = INFO
	metrics.sample.window.ms = 30000
	partition.assignment.strategy = [class org.apache.kafka.clients.consumer.RangeAssignor, class org.apache.kafka.clients.consumer.CooperativeStickyAssignor]
	receive.buffer.bytes = 65536
	reconnect.backoff.max.ms = 1000
	reconnect.backoff.ms = 50
	request.timeout.ms = 5000
	retry.backoff.max.ms = 1000
	retry.backoff.ms = 100
	sasl.client.callback.handler.class = null
	sasl.jaas.config = null
	sasl.kerberos.kinit.cmd = /usr/bin/kinit
	sasl.kerberos.min.time.before.relogin = 60000
	sasl.kerberos.service.name = null
	sasl.kerberos.ticket.renew.jitter = 0.05
	sasl.kerberos.ticket.renew.window.factor = 0.8
	sasl.login.callback.handler.class = null
	sasl.login.class = null
	sasl.login.connect.timeout.ms = null
	sasl.login.read.timeout.ms = null
	sasl.login.refresh.buffer.seconds = 300
	sasl.login.refresh.min.period.seconds = 60
	sasl.login.refresh.window.factor = 0.8
	sasl.login.refresh.window.jitter = 0.05
	sasl.login.retry.backoff.max.ms = 10000
	sasl.login.retry.backoff.ms = 100
	sasl.mechanism = GSSAPI
	sasl.oauthbearer.clock.skew.seconds = 30
	sasl.oauthbearer.expected.audience = null
	sasl.oauthbearer.expected.issuer = null
	sasl.oauthbearer.header.urlencode = false
	sasl.oauthbearer.jwks.endpoint.refresh.ms = 3600000
	sasl.oauthbearer.jwks.endpoint.retry.backoff.max.ms = 10000
	sasl.oauthbearer.jwks.endpoint.retry.backoff.ms = 100
	sasl.oauthbearer.jwks.endpoint.url = null
	sasl.oauthbearer.scope.claim.name = scope
	sasl.oauthbearer.sub.claim.name = sub
	sasl.oauthbearer.token.endpoint.url = null
	security.protocol = PLAINTEXT
	security.providers = null
	send.buffer.bytes = 131072
	session.timeout.ms = 45000
	socket.connection.setup.timeout.max.ms = 30000
	socket.connection.setup.timeout.ms = 10000
	ssl.cipher.suites = null
	ssl.enabled.protocols = [TLSv1.2, TLSv1.3]
	ssl.endpoint.identification.algorithm = https
	ssl.engine.factory.class = null
	ssl.key.password = null
	ssl.keymanager.algorithm = SunX509
	ssl.keystore.certificate.chain = null
	ssl.keystore.key = null
	ssl.keystore.location = null
	ssl.keystore.password = null
	ssl.keystore.type = JKS
	ssl.protocol = TLSv1.3
	ssl.provider = null
	ssl.secure.random.implementation = null
	ssl.trustmanager.algorithm = PKIX
	ssl.truststore.certificates = null
	ssl.truststore.location = null
	ssl.truststore.password = null
	ssl.truststore.type = JKS
	value.deserializer = class io.apicurio.registry.serde.avro.AvroKafkaDeserializer

2025-08-12 14:52:35,467 INFO  [org.apa.kaf.com.tel.int.KafkaMetricsCollector] (main) initializing Kafka metrics collector
2025-08-12 14:52:35,472 INFO  [org.apa.kaf.cli.con.ConsumerConfig] (main) These configurations '[apicurio.registry.url, apicurio.registry.use-id]' were supplied but are not used yet.
2025-08-12 14:52:35,473 INFO  [org.apa.kaf.com.uti.AppInfoParser] (main) Kafka version: 3.9.1
2025-08-12 14:52:35,473 INFO  [org.apa.kaf.com.uti.AppInfoParser] (main) Kafka commitId: f745dfdcee2b9851
2025-08-12 14:52:35,473 INFO  [org.apa.kaf.com.uti.AppInfoParser] (main) Kafka startTimeMs: 1755010355473
2025-08-12 14:52:35,473 INFO  [org.apa.kaf.cli.con.int.ClassicKafkaConsumer] (Thread-744) [Consumer clientId=consumer-Consumer-topic-05443c01_b9a9_4621_8adc_7b81504b48f1-18, groupId=Consumer-topic-05443c01_b9a9_4621_8adc_7b81504b48f1] Subscribed to topic(s): topic-05443c01_b9a9_4621_8adc_7b81504b48f1
2025-08-12 14:52:35,478 INFO  [org.apa.kaf.cli.Metadata] (Thread-744) [Consumer clientId=consumer-Consumer-topic-05443c01_b9a9_4621_8adc_7b81504b48f1-18, groupId=Consumer-topic-05443c01_b9a9_4621_8adc_7b81504b48f1] Cluster ID: FMImeSt9THyuSk_CoOu4HQ
2025-08-12 14:52:35,478 INFO  [org.apa.kaf.cli.con.int.ConsumerCoordinator] (Thread-744) [Consumer clientId=consumer-Consumer-topic-05443c01_b9a9_4621_8adc_7b81504b48f1-18, groupId=Consumer-topic-05443c01_b9a9_4621_8adc_7b81504b48f1] Discovered group coordinator localhost:32769 (id: 2147483647 rack: null)
2025-08-12 14:52:35,480 INFO  [org.apa.kaf.cli.con.int.ConsumerCoordinator] (Thread-744) [Consumer clientId=consumer-Consumer-topic-05443c01_b9a9_4621_8adc_7b81504b48f1-18, groupId=Consumer-topic-05443c01_b9a9_4621_8adc_7b81504b48f1] (Re-)joining group
2025-08-12 14:52:35,483 INFO  [org.apa.kaf.cli.con.int.ConsumerCoordinator] (Thread-744) [Consumer clientId=consumer-Consumer-topic-05443c01_b9a9_4621_8adc_7b81504b48f1-18, groupId=Consumer-topic-05443c01_b9a9_4621_8adc_7b81504b48f1] Request joining group due to: need to re-join with the given member-id: consumer-Consumer-topic-05443c01_b9a9_4621_8adc_7b81504b48f1-18-d1b415a2-1fa1-4553-a7da-1e7e529ddf39
2025-08-12 14:52:35,484 INFO  [org.apa.kaf.cli.con.int.ConsumerCoordinator] (Thread-744) [Consumer clientId=consumer-Consumer-topic-05443c01_b9a9_4621_8adc_7b81504b48f1-18, groupId=Consumer-topic-05443c01_b9a9_4621_8adc_7b81504b48f1] (Re-)joining group
2025-08-12 14:52:36,474 INFO  [io.api.tes.ser.api.KafkaSerdesTester] (Thread-744) None found
2025-08-12 14:52:37,474 INFO  [io.api.tes.ser.api.KafkaSerdesTester] (Thread-744) None found
2025-08-12 14:52:38,475 INFO  [io.api.tes.ser.api.KafkaSerdesTester] (Thread-744) None found
2025-08-12 14:52:38,485 INFO  [org.apa.kaf.cli.con.int.ConsumerCoordinator] (Thread-744) [Consumer clientId=consumer-Consumer-topic-05443c01_b9a9_4621_8adc_7b81504b48f1-18, groupId=Consumer-topic-05443c01_b9a9_4621_8adc_7b81504b48f1] Successfully joined group with generation Generation{generationId=1, memberId='consumer-Consumer-topic-05443c01_b9a9_4621_8adc_7b81504b48f1-18-d1b415a2-1fa1-4553-a7da-1e7e529ddf39', protocol='range'}
2025-08-12 14:52:38,485 INFO  [org.apa.kaf.cli.con.int.ConsumerCoordinator] (Thread-744) [Consumer clientId=consumer-Consumer-topic-05443c01_b9a9_4621_8adc_7b81504b48f1-18, groupId=Consumer-topic-05443c01_b9a9_4621_8adc_7b81504b48f1] Finished assignment for group at generation 1: {consumer-Consumer-topic-05443c01_b9a9_4621_8adc_7b81504b48f1-18-d1b415a2-1fa1-4553-a7da-1e7e529ddf39=Assignment(partitions=[topic-05443c01_b9a9_4621_8adc_7b81504b48f1-0])}
2025-08-12 14:52:38,492 INFO  [org.apa.kaf.cli.con.int.ConsumerCoordinator] (Thread-744) [Consumer clientId=consumer-Consumer-topic-05443c01_b9a9_4621_8adc_7b81504b48f1-18, groupId=Consumer-topic-05443c01_b9a9_4621_8adc_7b81504b48f1] Successfully synced group in generation Generation{generationId=1, memberId='consumer-Consumer-topic-05443c01_b9a9_4621_8adc_7b81504b48f1-18-d1b415a2-1fa1-4553-a7da-1e7e529ddf39', protocol='range'}
2025-08-12 14:52:38,492 INFO  [org.apa.kaf.cli.con.int.ConsumerCoordinator] (Thread-744) [Consumer clientId=consumer-Consumer-topic-05443c01_b9a9_4621_8adc_7b81504b48f1-18, groupId=Consumer-topic-05443c01_b9a9_4621_8adc_7b81504b48f1] Notifying assignor about the new Assignment(partitions=[topic-05443c01_b9a9_4621_8adc_7b81504b48f1-0])
2025-08-12 14:52:38,492 INFO  [org.apa.kaf.cli.con.int.ConsumerRebalanceListenerInvoker] (Thread-744) [Consumer clientId=consumer-Consumer-topic-05443c01_b9a9_4621_8adc_7b81504b48f1-18, groupId=Consumer-topic-05443c01_b9a9_4621_8adc_7b81504b48f1] Adding newly assigned partitions: topic-05443c01_b9a9_4621_8adc_7b81504b48f1-0
2025-08-12 14:52:38,493 INFO  [org.apa.kaf.cli.con.int.ConsumerCoordinator] (Thread-744) [Consumer clientId=consumer-Consumer-topic-05443c01_b9a9_4621_8adc_7b81504b48f1-18, groupId=Consumer-topic-05443c01_b9a9_4621_8adc_7b81504b48f1] Found no committed offset for partition topic-05443c01_b9a9_4621_8adc_7b81504b48f1-0
2025-08-12 14:52:38,496 INFO  [org.apa.kaf.cli.con.int.SubscriptionState] (Thread-744) [Consumer clientId=consumer-Consumer-topic-05443c01_b9a9_4621_8adc_7b81504b48f1-18, groupId=Consumer-topic-05443c01_b9a9_4621_8adc_7b81504b48f1] Resetting offset for partition topic-05443c01_b9a9_4621_8adc_7b81504b48f1-0 to position FetchPosition{offset=0, offsetEpoch=Optional.empty, currentLeader=LeaderAndEpoch{leader=Optional[localhost:32769 (id: 0 rack: null)], epoch=0}}.
2025-08-12 14:52:38,747 INFO  [io.api.tes.ser.api.KafkaSerdesTester] (Thread-744) topic-05443c01_b9a9_4621_8adc_7b81504b48f1 0 0 {"key11755010354953": "value-0"}
2025-08-12 14:52:38,747 INFO  [io.api.tes.ser.api.KafkaSerdesTester] (Thread-744) topic-05443c01_b9a9_4621_8adc_7b81504b48f1 0 1 {"key11755010354953": "value-1"}
2025-08-12 14:52:38,747 INFO  [io.api.tes.ser.api.KafkaSerdesTester] (Thread-744) topic-05443c01_b9a9_4621_8adc_7b81504b48f1 0 2 {"key11755010354953": "value-2"}
2025-08-12 14:52:38,747 INFO  [io.api.tes.ser.api.KafkaSerdesTester] (Thread-744) topic-05443c01_b9a9_4621_8adc_7b81504b48f1 0 3 {"key11755010354953": "value-3"}
2025-08-12 14:52:38,747 INFO  [io.api.tes.ser.api.KafkaSerdesTester] (Thread-744) topic-05443c01_b9a9_4621_8adc_7b81504b48f1 0 4 {"key11755010354953": "value-4"}
2025-08-12 14:52:38,747 INFO  [io.api.tes.ser.api.KafkaSerdesTester] (Thread-744) topic-05443c01_b9a9_4621_8adc_7b81504b48f1 0 5 {"key11755010354953": "value-5"}
2025-08-12 14:52:38,747 INFO  [io.api.tes.ser.api.KafkaSerdesTester] (Thread-744) topic-05443c01_b9a9_4621_8adc_7b81504b48f1 0 6 {"key11755010354953": "value-6"}
2025-08-12 14:52:38,747 INFO  [io.api.tes.ser.api.KafkaSerdesTester] (Thread-744) topic-05443c01_b9a9_4621_8adc_7b81504b48f1 0 7 {"key11755010354953": "value-7"}
2025-08-12 14:52:38,747 INFO  [io.api.tes.ser.api.KafkaSerdesTester] (Thread-744) topic-05443c01_b9a9_4621_8adc_7b81504b48f1 0 8 {"key11755010354953": "value-8"}
2025-08-12 14:52:38,747 INFO  [io.api.tes.ser.api.KafkaSerdesTester] (Thread-744) topic-05443c01_b9a9_4621_8adc_7b81504b48f1 0 9 {"key11755010354953": "value-9"}
2025-08-12 14:52:38,747 INFO  [io.api.tes.ser.api.KafkaSerdesTester] (Thread-744) Consumed 10 messages
2025-08-12 14:52:38,754 INFO  [org.apa.kaf.cli.con.int.ConsumerRebalanceListenerInvoker] (Thread-744) [Consumer clientId=consumer-Consumer-topic-05443c01_b9a9_4621_8adc_7b81504b48f1-18, groupId=Consumer-topic-05443c01_b9a9_4621_8adc_7b81504b48f1] Revoke previously assigned partitions topic-05443c01_b9a9_4621_8adc_7b81504b48f1-0
2025-08-12 14:52:38,754 INFO  [org.apa.kaf.cli.con.int.ConsumerCoordinator] (Thread-744) [Consumer clientId=consumer-Consumer-topic-05443c01_b9a9_4621_8adc_7b81504b48f1-18, groupId=Consumer-topic-05443c01_b9a9_4621_8adc_7b81504b48f1] Member consumer-Consumer-topic-05443c01_b9a9_4621_8adc_7b81504b48f1-18-d1b415a2-1fa1-4553-a7da-1e7e529ddf39 sending LeaveGroup request to coordinator localhost:32769 (id: 2147483647 rack: null) due to the consumer is being closed
2025-08-12 14:52:38,754 INFO  [org.apa.kaf.cli.con.int.ConsumerCoordinator] (Thread-744) [Consumer clientId=consumer-Consumer-topic-05443c01_b9a9_4621_8adc_7b81504b48f1-18, groupId=Consumer-topic-05443c01_b9a9_4621_8adc_7b81504b48f1] Resetting generation and member id due to: consumer pro-actively leaving the group
2025-08-12 14:52:38,754 INFO  [org.apa.kaf.cli.con.int.ConsumerCoordinator] (Thread-744) [Consumer clientId=consumer-Consumer-topic-05443c01_b9a9_4621_8adc_7b81504b48f1-18, groupId=Consumer-topic-05443c01_b9a9_4621_8adc_7b81504b48f1] Request joining group due to: consumer pro-actively leaving the group
2025-08-12 14:52:39,250 INFO  [org.apa.kaf.com.met.Metrics] (Thread-744) Metrics scheduler closed
2025-08-12 14:52:39,250 INFO  [org.apa.kaf.com.met.Metrics] (Thread-744) Closing reporter org.apache.kafka.common.metrics.JmxReporter
2025-08-12 14:52:39,250 INFO  [org.apa.kaf.com.met.Metrics] (Thread-744) Closing reporter org.apache.kafka.common.telemetry.internals.ClientTelemetryReporter
2025-08-12 14:52:39,250 INFO  [org.apa.kaf.com.met.Metrics] (Thread-744) Metrics reporters closed
2025-08-12 14:52:39,251 INFO  [org.apa.kaf.com.uti.AppInfoParser] (Thread-744) App info kafka.consumer for consumer-Consumer-topic-05443c01_b9a9_4621_8adc_7b81504b48f1-18 unregistered
2025-08-12 14:52:39,252 INFO  [io.api.tes.uti.TestSeparator] (main) io.apicurio.tests.serdes.apicurio.AvroSerdeIT.testGlobalIdInBody-FINISHED
2025-08-12 14:52:39,252 INFO  [io.api.tes.uti.TestSeparator] (main) ############################################################################
Test passed: testGlobalIdInBody
]]></system-out>
  </testcase>
  <testcase name="testProducerUsesGlobalIdConsumerUsesDefault" classname="io.apicurio.tests.serdes.apicurio.AvroSerdeIT" time="0.0">
    <skipped message="void io.apicurio.tests.serdes.apicurio.AvroSerdeIT.testProducerUsesGlobalIdConsumerUsesDefault() throws java.lang.Exception is @Disabled"/>
  </testcase>
</testsuite>