<?xml version="1.0" encoding="UTF-8"?>
<testsuite xmlns:xsi="http://www.w3.org/2001/XMLSchema-instance" xsi:noNamespaceSchemaLocation="https://maven.apache.org/surefire/maven-failsafe-plugin/xsd/failsafe-test-report.xsd" version="3.0.2" name="io.apicurio.tests.serdes.apicurio.AvroSerdeIT" time="118.946" tests="21" errors="0" skipped="2" failures="0">
  <properties>
    <property name="java.specification.version" value="17"/>
    <property name="sun.jnu.encoding" value="UTF-8"/>
    <property name="java.class.path" value="/home/runner/work/apicurio-testing/apicurio-testing/clusters/ci419/namespaces/mysql/tests/integration/apicurio-registry/integration-tests/target/test-classes:/home/runner/work/apicurio-testing/apicurio-testing/clusters/ci419/namespaces/mysql/tests/integration/apicurio-registry/integration-tests/target/apicurio-registry-integration-tests-3.0.12-SNAPSHOT.jar:/home/runner/.m2/repository/io/quarkus/quarkus-junit5/3.20.2/quarkus-junit5-3.20.2.jar:/home/runner/.m2/repository/io/quarkus/quarkus-bootstrap-core/3.20.2/quarkus-bootstrap-core-3.20.2.jar:/home/runner/.m2/repository/io/quarkus/quarkus-classloader-commons/3.20.2/quarkus-classloader-commons-3.20.2.jar:/home/runner/.m2/repository/io/quarkus/quarkus-bootstrap-app-model/3.20.2/quarkus-bootstrap-app-model-3.20.2.jar:/home/runner/.m2/repository/io/smallrye/common/smallrye-common-io/2.12.0/smallrye-common-io-2.12.0.jar:/home/runner/.m2/repository/org/eclipse/sisu/org.eclipse.sisu.inject/0.9.0.M3/org.eclipse.sisu.inject-0.9.0.M3.jar:/home/runner/.m2/repository/io/quarkus/quarkus-test-common/3.20.2/quarkus-test-common-3.20.2.jar:/home/runner/.m2/repository/io/quarkus/quarkus-core-deployment/3.20.2/quarkus-core-deployment-3.20.2.jar:/home/runner/.m2/repository/org/aesh/readline/2.6/readline-2.6.jar:/home/runner/.m2/repository/org/fusesource/jansi/jansi/2.4.0/jansi-2.4.0.jar:/home/runner/.m2/repository/org/aesh/aesh/2.8.2/aesh-2.8.2.jar:/home/runner/.m2/repository/io/quarkus/gizmo/gizmo/1.8.0/gizmo-1.8.0.jar:/home/runner/.m2/repository/org/ow2/asm/asm-util/9.7.1/asm-util-9.7.1.jar:/home/runner/.m2/repository/org/ow2/asm/asm-analysis/9.7.1/asm-analysis-9.7.1.jar:/home/runner/.m2/repository/org/ow2/asm/asm-commons/9.7.1/asm-commons-9.7.1.jar:/home/runner/.m2/repository/org/ow2/asm/asm-tree/9.7.1/asm-tree-9.7.1.jar:/home/runner/.m2/repository/io/quarkus/quarkus-hibernate-validator-spi/3.20.2/quarkus-hibernate-validator-spi-3.20.2.jar:/home/runner/.m2/repository/io/quarkus/quarkus-class-change-agent/3.20.2/quarkus-class-change-agent-3.20.2.jar:/home/runner/.m2/repository/io/quarkus/quarkus-devtools-utilities/3.20.2/quarkus-devtools-utilities-3.20.2.jar:/home/runner/.m2/repository/io/quarkus/quarkus-builder/3.20.2/quarkus-builder-3.20.2.jar:/home/runner/.m2/repository/org/graalvm/sdk/nativeimage/23.1.2/nativeimage-23.1.2.jar:/home/runner/.m2/repository/org/graalvm/sdk/word/23.1.2/word-23.1.2.jar:/home/runner/.m2/repository/io/quarkus/quarkus-bootstrap-maven-resolver/3.20.2/quarkus-bootstrap-maven-resolver-3.20.2.jar:/home/runner/.m2/repository/io/smallrye/beanbag/smallrye-beanbag-maven/1.5.2/smallrye-beanbag-maven-1.5.2.jar:/home/runner/.m2/repository/io/smallrye/beanbag/smallrye-beanbag-sisu/1.5.2/smallrye-beanbag-sisu-1.5.2.jar:/home/runner/.m2/repository/io/smallrye/beanbag/smallrye-beanbag/1.5.2/smallrye-beanbag-1.5.2.jar:/home/runner/.m2/repository/javax/inject/javax.inject/1/javax.inject-1.jar:/home/runner/.m2/repository/org/apache/maven/maven-artifact/3.9.9/maven-artifact-3.9.9.jar:/home/runner/.m2/repository/org/apache/maven/maven-builder-support/3.9.9/maven-builder-support-3.9.9.jar:/home/runner/.m2/repository/org/apache/maven/maven-model/3.9.9/maven-model-3.9.9.jar:/home/runner/.m2/repository/org/apache/maven/maven-model-builder/3.9.9/maven-model-builder-3.9.9.jar:/home/runner/.m2/repository/org/apache/maven/maven-repository-metadata/3.9.9/maven-repository-metadata-3.9.9.jar:/home/runner/.m2/repository/org/apache/maven/maven-settings/3.9.9/maven-settings-3.9.9.jar:/home/runner/.m2/repository/org/apache/maven/resolver/maven-resolver-api/1.9.22/maven-resolver-api-1.9.22.jar:/home/runner/.m2/repository/org/apache/maven/resolver/maven-resolver-impl/1.9.22/maven-resolver-impl-1.9.22.jar:/home/runner/.m2/repository/org/apache/maven/resolver/maven-resolver-named-locks/1.9.22/maven-resolver-named-locks-1.9.22.jar:/home/runner/.m2/repository/org/apache/maven/resolver/maven-resolver-spi/1.9.22/maven-resolver-spi-1.9.22.jar:/home/runner/.m2/repository/org/apache/maven/resolver/maven-resolver-util/1.9.22/maven-resolver-util-1.9.22.jar:/home/runner/.m2/repository/org/apache/maven/resolver/maven-resolver-transport-http/1.9.20/maven-resolver-transport-http-1.9.20.jar:/home/runner/.m2/repository/org/apache/maven/wagon/wagon-provider-api/3.5.3/wagon-provider-api-3.5.3.jar:/home/runner/.m2/repository/org/apache/maven/wagon/wagon-http-shared/3.5.3/wagon-http-shared-3.5.3.jar:/home/runner/.m2/repository/org/codehaus/plexus/plexus-interpolation/1.26/plexus-interpolation-1.26.jar:/home/runner/.m2/repository/org/codehaus/plexus/plexus-utils/3.5.1/plexus-utils-3.5.1.jar:/home/runner/.m2/repository/org/codehaus/plexus/plexus-xml/4.0.1/plexus-xml-4.0.1.jar:/home/runner/.m2/repository/org/apache/maven/maven-xml-impl/4.0.0-alpha-5/maven-xml-impl-4.0.0-alpha-5.jar:/home/runner/.m2/repository/org/apache/maven/maven-api-xml/4.0.0-alpha-5/maven-api-xml-4.0.0-alpha-5.jar:/home/runner/.m2/repository/org/apache/maven/maven-api-meta/4.0.0-alpha-5/maven-api-meta-4.0.0-alpha-5.jar:/home/runner/.m2/repository/org/codehaus/plexus/plexus-cipher/2.0/plexus-cipher-2.0.jar:/home/runner/.m2/repository/org/codehaus/plexus/plexus-sec-dispatcher/2.0/plexus-sec-dispatcher-2.0.jar:/home/runner/.m2/repository/org/apache/maven/maven-embedder/3.9.9/maven-embedder-3.9.9.jar:/home/runner/.m2/repository/org/apache/maven/maven-core/3.9.9/maven-core-3.9.9.jar:/home/runner/.m2/repository/org/codehaus/plexus/plexus-component-annotations/2.1.0/plexus-component-annotations-2.1.0.jar:/home/runner/.m2/repository/org/apache/maven/maven-plugin-api/3.9.9/maven-plugin-api-3.9.9.jar:/home/runner/.m2/repository/org/apache/maven/shared/maven-shared-utils/3.4.2/maven-shared-utils-3.4.2.jar:/home/runner/.m2/repository/com/google/inject/guice/5.1.0/guice-5.1.0.jar:/home/runner/.m2/repository/aopalliance/aopalliance/1.0/aopalliance-1.0.jar:/home/runner/.m2/repository/org/codehaus/plexus/plexus-classworlds/2.6.0/plexus-classworlds-2.6.0.jar:/home/runner/.m2/repository/commons-cli/commons-cli/1.8.0/commons-cli-1.8.0.jar:/home/runner/.m2/repository/org/eclipse/sisu/org.eclipse.sisu.plexus/0.9.0.M3/org.eclipse.sisu.plexus-0.9.0.M3.jar:/home/runner/.m2/repository/org/apache/maven/maven-settings-builder/3.9.9/maven-settings-builder-3.9.9.jar:/home/runner/.m2/repository/org/apache/maven/maven-resolver-provider/3.9.9/maven-resolver-provider-3.9.9.jar:/home/runner/.m2/repository/org/apache/maven/resolver/maven-resolver-connector-basic/1.9.22/maven-resolver-connector-basic-1.9.22.jar:/home/runner/.m2/repository/org/apache/maven/resolver/maven-resolver-transport-wagon/1.9.22/maven-resolver-transport-wagon-1.9.22.jar:/home/runner/.m2/repository/org/apache/maven/wagon/wagon-http/3.5.3/wagon-http-3.5.3.jar:/home/runner/.m2/repository/org/apache/maven/wagon/wagon-file/3.5.3/wagon-file-3.5.3.jar:/home/runner/.m2/repository/io/quarkus/quarkus-bootstrap-gradle-resolver/3.20.2/quarkus-bootstrap-gradle-resolver-3.20.2.jar:/home/runner/.m2/repository/io/smallrye/jandex/3.3.0/jandex-3.3.0.jar:/home/runner/.m2/repository/org/jboss/logging/commons-logging-jboss-logging/1.0.0.Final/commons-logging-jboss-logging-1.0.0.Final.jar:/home/runner/.m2/repository/io/quarkus/quarkus-junit5-config/3.20.2/quarkus-junit5-config-3.20.2.jar:/home/runner/.m2/repository/org/junit/jupiter/junit-jupiter-api/5.12.1/junit-jupiter-api-5.12.1.jar:/home/runner/.m2/repository/io/smallrye/config/smallrye-config/3.11.4/smallrye-config-3.11.4.jar:/home/runner/.m2/repository/io/smallrye/config/smallrye-config-core/3.11.4/smallrye-config-core-3.11.4.jar:/home/runner/.m2/repository/io/smallrye/common/smallrye-common-classloader/2.12.0/smallrye-common-classloader-2.12.0.jar:/home/runner/.m2/repository/io/smallrye/config/smallrye-config-common/3.11.4/smallrye-config-common-3.11.4.jar:/home/runner/.m2/repository/org/junit/jupiter/junit-jupiter/5.12.1/junit-jupiter-5.12.1.jar:/home/runner/.m2/repository/org/junit/jupiter/junit-jupiter-params/5.12.1/junit-jupiter-params-5.12.1.jar:/home/runner/.m2/repository/org/junit/jupiter/junit-jupiter-engine/5.12.1/junit-jupiter-engine-5.12.1.jar:/home/runner/.m2/repository/io/quarkus/quarkus-core/3.20.2/quarkus-core-3.20.2.jar:/home/runner/.m2/repository/jakarta/enterprise/jakarta.enterprise.cdi-api/4.1.0/jakarta.enterprise.cdi-api-4.1.0.jar:/home/runner/.m2/repository/jakarta/enterprise/jakarta.enterprise.lang-model/4.1.0/jakarta.enterprise.lang-model-4.1.0.jar:/home/runner/.m2/repository/jakarta/el/jakarta.el-api/5.0.1/jakarta.el-api-5.0.1.jar:/home/runner/.m2/repository/jakarta/interceptor/jakarta.interceptor-api/2.2.0/jakarta.interceptor-api-2.2.0.jar:/home/runner/.m2/repository/jakarta/inject/jakarta.inject-api/2.0.1/jakarta.inject-api-2.0.1.jar:/home/runner/.m2/repository/io/smallrye/common/smallrye-common-os/2.12.0/smallrye-common-os-2.12.0.jar:/home/runner/.m2/repository/io/quarkus/quarkus-ide-launcher/3.20.2/quarkus-ide-launcher-3.20.2.jar:/home/runner/.m2/repository/io/quarkus/quarkus-development-mode-spi/3.20.2/quarkus-development-mode-spi-3.20.2.jar:/home/runner/.m2/repository/org/jboss/logging/jboss-logging/3.6.1.Final/jboss-logging-3.6.1.Final.jar:/home/runner/.m2/repository/org/jboss/logmanager/jboss-logmanager/3.1.2.Final/jboss-logmanager-3.1.2.Final.jar:/home/runner/.m2/repository/io/smallrye/common/smallrye-common-constraint/2.12.0/smallrye-common-constraint-2.12.0.jar:/home/runner/.m2/repository/io/smallrye/common/smallrye-common-cpu/2.12.0/smallrye-common-cpu-2.12.0.jar:/home/runner/.m2/repository/io/smallrye/common/smallrye-common-expression/2.12.0/smallrye-common-expression-2.12.0.jar:/home/runner/.m2/repository/io/smallrye/common/smallrye-common-net/2.12.0/smallrye-common-net-2.12.0.jar:/home/runner/.m2/repository/io/smallrye/common/smallrye-common-ref/2.12.0/smallrye-common-ref-2.12.0.jar:/home/runner/.m2/repository/jakarta/json/jakarta.json-api/2.1.3/jakarta.json-api-2.1.3.jar:/home/runner/.m2/repository/org/eclipse/parsson/parsson/1.1.7/parsson-1.1.7.jar:/home/runner/.m2/repository/org/jboss/logging/jboss-logging-annotations/3.0.4.Final/jboss-logging-annotations-3.0.4.Final.jar:/home/runner/.m2/repository/org/jboss/threads/jboss-threads/3.8.0.Final/jboss-threads-3.8.0.Final.jar:/home/runner/.m2/repository/io/smallrye/common/smallrye-common-annotation/2.12.0/smallrye-common-annotation-2.12.0.jar:/home/runner/.m2/repository/io/smallrye/common/smallrye-common-function/2.12.0/smallrye-common-function-2.12.0.jar:/home/runner/.m2/repository/org/jboss/slf4j/slf4j-jboss-logmanager/2.0.0.Final/slf4j-jboss-logmanager-2.0.0.Final.jar:/home/runner/.m2/repository/org/wildfly/common/wildfly-common/2.0.1/wildfly-common-2.0.1.jar:/home/runner/.m2/repository/io/quarkus/quarkus-bootstrap-runner/3.20.2/quarkus-bootstrap-runner-3.20.2.jar:/home/runner/.m2/repository/io/github/crac/org-crac/0.1.3/org-crac-0.1.3.jar:/home/runner/.m2/repository/io/quarkus/quarkus-fs-util/0.0.10/quarkus-fs-util-0.0.10.jar:/home/runner/.m2/repository/org/jboss/marshalling/jboss-marshalling/2.2.2.Final/jboss-marshalling-2.2.2.Final.jar:/home/runner/.m2/repository/io/fabric8/kubernetes-client/7.1.0/kubernetes-client-7.1.0.jar:/home/runner/.m2/repository/io/fabric8/kubernetes-client-api/7.1.0/kubernetes-client-api-7.1.0.jar:/home/runner/.m2/repository/io/fabric8/kubernetes-model-core/7.1.0/kubernetes-model-core-7.1.0.jar:/home/runner/.m2/repository/io/fabric8/kubernetes-model-common/7.1.0/kubernetes-model-common-7.1.0.jar:/home/runner/.m2/repository/javax/annotation/javax.annotation-api/1.3.2/javax.annotation-api-1.3.2.jar:/home/runner/.m2/repository/io/fabric8/kubernetes-model-gatewayapi/7.1.0/kubernetes-model-gatewayapi-7.1.0.jar:/home/runner/.m2/repository/io/fabric8/kubernetes-model-resource/7.1.0/kubernetes-model-resource-7.1.0.jar:/home/runner/.m2/repository/io/fabric8/kubernetes-model-rbac/7.1.0/kubernetes-model-rbac-7.1.0.jar:/home/runner/.m2/repository/io/fabric8/kubernetes-model-admissionregistration/7.1.0/kubernetes-model-admissionregistration-7.1.0.jar:/home/runner/.m2/repository/io/fabric8/kubernetes-model-apps/7.1.0/kubernetes-model-apps-7.1.0.jar:/home/runner/.m2/repository/io/fabric8/kubernetes-model-autoscaling/7.1.0/kubernetes-model-autoscaling-7.1.0.jar:/home/runner/.m2/repository/io/fabric8/kubernetes-model-apiextensions/7.1.0/kubernetes-model-apiextensions-7.1.0.jar:/home/runner/.m2/repository/io/fabric8/kubernetes-model-batch/7.1.0/kubernetes-model-batch-7.1.0.jar:/home/runner/.m2/repository/io/fabric8/kubernetes-model-certificates/7.1.0/kubernetes-model-certificates-7.1.0.jar:/home/runner/.m2/repository/io/fabric8/kubernetes-model-coordination/7.1.0/kubernetes-model-coordination-7.1.0.jar:/home/runner/.m2/repository/io/fabric8/kubernetes-model-discovery/7.1.0/kubernetes-model-discovery-7.1.0.jar:/home/runner/.m2/repository/io/fabric8/kubernetes-model-events/7.1.0/kubernetes-model-events-7.1.0.jar:/home/runner/.m2/repository/io/fabric8/kubernetes-model-extensions/7.1.0/kubernetes-model-extensions-7.1.0.jar:/home/runner/.m2/repository/io/fabric8/kubernetes-model-flowcontrol/7.1.0/kubernetes-model-flowcontrol-7.1.0.jar:/home/runner/.m2/repository/io/fabric8/kubernetes-model-networking/7.1.0/kubernetes-model-networking-7.1.0.jar:/home/runner/.m2/repository/io/fabric8/kubernetes-model-metrics/7.1.0/kubernetes-model-metrics-7.1.0.jar:/home/runner/.m2/repository/io/fabric8/kubernetes-model-policy/7.1.0/kubernetes-model-policy-7.1.0.jar:/home/runner/.m2/repository/io/fabric8/kubernetes-model-scheduling/7.1.0/kubernetes-model-scheduling-7.1.0.jar:/home/runner/.m2/repository/io/fabric8/kubernetes-model-storageclass/7.1.0/kubernetes-model-storageclass-7.1.0.jar:/home/runner/.m2/repository/io/fabric8/kubernetes-model-node/7.1.0/kubernetes-model-node-7.1.0.jar:/home/runner/.m2/repository/org/snakeyaml/snakeyaml-engine/2.9/snakeyaml-engine-2.9.jar:/home/runner/.m2/repository/com/fasterxml/jackson/dataformat/jackson-dataformat-yaml/2.18.2/jackson-dataformat-yaml-2.18.2.jar:/home/runner/.m2/repository/com/fasterxml/jackson/datatype/jackson-datatype-jsr310/2.18.2/jackson-datatype-jsr310-2.18.2.jar:/home/runner/.m2/repository/io/fabric8/zjsonpatch/7.1.0/zjsonpatch-7.1.0.jar:/home/runner/.m2/repository/io/fabric8/kubernetes-httpclient-vertx/7.1.0/kubernetes-httpclient-vertx-7.1.0.jar:/home/runner/.m2/repository/io/vertx/vertx-web-client/4.5.16/vertx-web-client-4.5.16.jar:/home/runner/.m2/repository/io/vertx/vertx-web-common/4.5.16/vertx-web-common-4.5.16.jar:/home/runner/.m2/repository/io/vertx/vertx-auth-common/4.5.16/vertx-auth-common-4.5.16.jar:/home/runner/.m2/repository/io/vertx/vertx-uri-template/4.5.16/vertx-uri-template-4.5.16.jar:/home/runner/.m2/repository/io/fabric8/openshift-client/7.1.0/openshift-client-7.1.0.jar:/home/runner/.m2/repository/io/fabric8/openshift-client-api/7.1.0/openshift-client-api-7.1.0.jar:/home/runner/.m2/repository/io/fabric8/openshift-model/7.1.0/openshift-model-7.1.0.jar:/home/runner/.m2/repository/io/fabric8/openshift-model-autoscaling/7.1.0/openshift-model-autoscaling-7.1.0.jar:/home/runner/.m2/repository/io/fabric8/openshift-model-operator/7.1.0/openshift-model-operator-7.1.0.jar:/home/runner/.m2/repository/io/fabric8/openshift-model-operatorhub/7.1.0/openshift-model-operatorhub-7.1.0.jar:/home/runner/.m2/repository/io/fabric8/openshift-model-machine/7.1.0/openshift-model-machine-7.1.0.jar:/home/runner/.m2/repository/io/fabric8/openshift-model-whereabouts/7.1.0/openshift-model-whereabouts-7.1.0.jar:/home/runner/.m2/repository/io/fabric8/openshift-model-monitoring/7.1.0/openshift-model-monitoring-7.1.0.jar:/home/runner/.m2/repository/io/fabric8/openshift-model-storageversionmigrator/7.1.0/openshift-model-storageversionmigrator-7.1.0.jar:/home/runner/.m2/repository/io/fabric8/openshift-model-tuned/7.1.0/openshift-model-tuned-7.1.0.jar:/home/runner/.m2/repository/io/fabric8/openshift-model-console/7.1.0/openshift-model-console-7.1.0.jar:/home/runner/.m2/repository/io/fabric8/openshift-model-config/7.1.0/openshift-model-config-7.1.0.jar:/home/runner/.m2/repository/io/fabric8/openshift-model-machineconfiguration/7.1.0/openshift-model-machineconfiguration-7.1.0.jar:/home/runner/.m2/repository/io/fabric8/openshift-model-miscellaneous/7.1.0/openshift-model-miscellaneous-7.1.0.jar:/home/runner/.m2/repository/io/fabric8/openshift-model-hive/7.1.0/openshift-model-hive-7.1.0.jar:/home/runner/.m2/repository/io/fabric8/openshift-model-installer/7.1.0/openshift-model-installer-7.1.0.jar:/home/runner/.m2/repository/org/junit/platform/junit-platform-launcher/1.12.1/junit-platform-launcher-1.12.1.jar:/home/runner/.m2/repository/org/junit/platform/junit-platform-engine/1.12.1/junit-platform-engine-1.12.1.jar:/home/runner/.m2/repository/org/opentest4j/opentest4j/1.3.0/opentest4j-1.3.0.jar:/home/runner/.m2/repository/org/junit/platform/junit-platform-commons/1.12.1/junit-platform-commons-1.12.1.jar:/home/runner/.m2/repository/org/apiguardian/apiguardian-api/1.1.2/apiguardian-api-1.1.2.jar:/home/runner/.m2/repository/jakarta/ws/rs/jakarta.ws.rs-api/3.1.0/jakarta.ws.rs-api-3.1.0.jar:/home/runner/work/apicurio-testing/apicurio-testing/clusters/ci419/namespaces/mysql/tests/integration/apicurio-registry/java-sdk/target/apicurio-registry-java-sdk-3.0.12-SNAPSHOT.jar:/home/runner/.m2/repository/com/microsoft/kiota/microsoft-kiota-abstractions/1.8.8/microsoft-kiota-abstractions-1.8.8.jar:/home/runner/.m2/repository/io/github/std-uritemplate/std-uritemplate/2.0.0/std-uritemplate-2.0.0.jar:/home/runner/.m2/repository/io/kiota/kiota-http-jdk/0.0.29/kiota-http-jdk-0.0.29.jar:/home/runner/.m2/repository/io/kiota/kiota-http-vertx/0.0.29/kiota-http-vertx-0.0.29.jar:/home/runner/.m2/repository/io/kiota/kiota-serialization-jackson/0.0.29/kiota-serialization-jackson-0.0.29.jar:/home/runner/.m2/repository/com/microsoft/kiota/microsoft-kiota-serialization-text/1.8.8/microsoft-kiota-serialization-text-1.8.8.jar:/home/runner/.m2/repository/com/microsoft/kiota/microsoft-kiota-serialization-form/1.8.8/microsoft-kiota-serialization-form-1.8.8.jar:/home/runner/.m2/repository/com/microsoft/kiota/microsoft-kiota-serialization-multipart/1.8.8/microsoft-kiota-serialization-multipart-1.8.8.jar:/home/runner/.m2/repository/jakarta/annotation/jakarta.annotation-api/3.0.0/jakarta.annotation-api-3.0.0.jar:/home/runner/.m2/repository/io/vertx/vertx-auth-oauth2/4.5.16/vertx-auth-oauth2-4.5.16.jar:/home/runner/work/apicurio-testing/apicurio-testing/clusters/ci419/namespaces/mysql/tests/integration/apicurio-registry/java-sdk-v2/target/apicurio-registry-v2-java-sdk-3.0.12-SNAPSHOT.jar:/home/runner/work/apicurio-testing/apicurio-testing/clusters/ci419/namespaces/mysql/tests/integration/apicurio-registry/utils/kafka/target/apicurio-registry-utils-kafka-3.0.12-SNAPSHOT-tests.jar:/home/runner/.m2/repository/org/eclipse/microprofile/config/microprofile-config-api/3.1/microprofile-config-api-3.1.jar:/home/runner/.m2/repository/org/apache/kafka/kafka-clients/3.9.1/kafka-clients-3.9.1.jar:/home/runner/.m2/repository/com/github/luben/zstd-jni/1.5.6-4/zstd-jni-1.5.6-4.jar:/home/runner/.m2/repository/org/lz4/lz4-java/1.8.0/lz4-java-1.8.0.jar:/home/runner/.m2/repository/org/xerial/snappy/snappy-java/1.1.10.5/snappy-java-1.1.10.5.jar:/home/runner/.m2/repository/org/slf4j/slf4j-api/2.0.6/slf4j-api-2.0.6.jar:/home/runner/work/apicurio-testing/apicurio-testing/clusters/ci419/namespaces/mysql/tests/integration/apicurio-registry/utils/tests/target/apicurio-registry-utils-tests-3.0.12-SNAPSHOT.jar:/home/runner/work/apicurio-testing/apicurio-testing/clusters/ci419/namespaces/mysql/tests/integration/apicurio-registry/common/target/apicurio-registry-common-3.0.12-SNAPSHOT.jar:/home/runner/.m2/repository/jakarta/validation/jakarta.validation-api/3.0.2/jakarta.validation-api-3.0.2.jar:/home/runner/.m2/repository/com/github/dasniko/testcontainers-keycloak/3.8.0/testcontainers-keycloak-3.8.0.jar:/home/runner/.m2/repository/org/testcontainers/testcontainers/1.20.6/testcontainers-1.20.6.jar:/home/runner/.m2/repository/org/rnorth/duct-tape/duct-tape/1.0.8/duct-tape-1.0.8.jar:/home/runner/.m2/repository/com/github/docker-java/docker-java-transport-zerodep/3.4.1/docker-java-transport-zerodep-3.4.1.jar:/home/runner/.m2/repository/com/github/docker-java/docker-java-transport/3.4.1/docker-java-transport-3.4.1.jar:/home/runner/.m2/repository/net/java/dev/jna/jna/5.8.0/jna-5.8.0.jar:/home/runner/.m2/repository/io/quarkus/quarkus-junit4-mock/3.20.2/quarkus-junit4-mock-3.20.2.jar:/home/runner/.m2/repository/org/jboss/shrinkwrap/shrinkwrap-api/2.0.0-beta-2/shrinkwrap-api-2.0.0-beta-2.jar:/home/runner/.m2/repository/org/jboss/shrinkwrap/shrinkwrap-impl-base/2.0.0-beta-2/shrinkwrap-impl-base-2.0.0-beta-2.jar:/home/runner/.m2/repository/org/jboss/shrinkwrap/shrinkwrap-spi/2.0.0-beta-2/shrinkwrap-spi-2.0.0-beta-2.jar:/home/runner/.m2/repository/org/keycloak/keycloak-admin-client/26.0.4/keycloak-admin-client-26.0.4.jar:/home/runner/.m2/repository/org/keycloak/keycloak-client-common-synced/26.0.4/keycloak-client-common-synced-26.0.4.jar:/home/runner/.m2/repository/jakarta/activation/jakarta.activation-api/2.1.3/jakarta.activation-api-2.1.3.jar:/home/runner/.m2/repository/org/eclipse/microprofile/openapi/microprofile-openapi-api/4.0.2/microprofile-openapi-api-4.0.2.jar:/home/runner/.m2/repository/org/jboss/resteasy/resteasy-client/6.2.12.Final/resteasy-client-6.2.12.Final.jar:/home/runner/.m2/repository/org/jboss/resteasy/resteasy-client-api/6.2.12.Final/resteasy-client-api-6.2.12.Final.jar:/home/runner/.m2/repository/org/jboss/resteasy/resteasy-core-spi/6.2.12.Final/resteasy-core-spi-6.2.12.Final.jar:/home/runner/.m2/repository/org/jboss/resteasy/resteasy-core/6.2.12.Final/resteasy-core-6.2.12.Final.jar:/home/runner/.m2/repository/org/eclipse/angus/angus-activation/2.0.2/angus-activation-2.0.2.jar:/home/runner/.m2/repository/com/ibm/async/asyncutil/0.1.0/asyncutil-0.1.0.jar:/home/runner/.m2/repository/org/reactivestreams/reactive-streams/1.0.4/reactive-streams-1.0.4.jar:/home/runner/.m2/repository/org/jboss/resteasy/resteasy-multipart-provider/6.2.12.Final/resteasy-multipart-provider-6.2.12.Final.jar:/home/runner/.m2/repository/jakarta/mail/jakarta.mail-api/2.1.3/jakarta.mail-api-2.1.3.jar:/home/runner/.m2/repository/org/eclipse/angus/angus-mail/2.0.3/angus-mail-2.0.3.jar:/home/runner/.m2/repository/org/apache/james/apache-mime4j-dom/0.8.12/apache-mime4j-dom-0.8.12.jar:/home/runner/.m2/repository/org/apache/james/apache-mime4j-core/0.8.12/apache-mime4j-core-0.8.12.jar:/home/runner/.m2/repository/org/apache/james/apache-mime4j-storage/0.8.12/apache-mime4j-storage-0.8.12.jar:/home/runner/.m2/repository/org/jboss/resteasy/resteasy-jackson2-provider/6.2.12.Final/resteasy-jackson2-provider-6.2.12.Final.jar:/home/runner/.m2/repository/com/fasterxml/jackson/jakarta/rs/jackson-jakarta-rs-base/2.18.2/jackson-jakarta-rs-base-2.18.2.jar:/home/runner/.m2/repository/com/fasterxml/jackson/jakarta/rs/jackson-jakarta-rs-json-provider/2.18.2/jackson-jakarta-rs-json-provider-2.18.2.jar:/home/runner/.m2/repository/com/fasterxml/jackson/module/jackson-module-jakarta-xmlbind-annotations/2.18.2/jackson-module-jakarta-xmlbind-annotations-2.18.2.jar:/home/runner/.m2/repository/com/github/java-json-tools/json-patch/1.13/json-patch-1.13.jar:/home/runner/.m2/repository/com/github/java-json-tools/msg-simple/1.2/msg-simple-1.2.jar:/home/runner/.m2/repository/com/github/java-json-tools/btf/1.3/btf-1.3.jar:/home/runner/.m2/repository/com/github/java-json-tools/jackson-coreutils/2.0/jackson-coreutils-2.0.jar:/home/runner/.m2/repository/org/jboss/resteasy/resteasy-jaxb-provider/6.2.12.Final/resteasy-jaxb-provider-6.2.12.Final.jar:/home/runner/.m2/repository/org/glassfish/jaxb/codemodel/4.0.5/codemodel-4.0.5.jar:/home/runner/.m2/repository/org/glassfish/jaxb/jaxb-core/4.0.5/jaxb-core-4.0.5.jar:/home/runner/.m2/repository/org/glassfish/jaxb/jaxb-jxc/4.0.5/jaxb-jxc-4.0.5.jar:/home/runner/.m2/repository/org/glassfish/jaxb/jaxb-runtime/4.0.5/jaxb-runtime-4.0.5.jar:/home/runner/.m2/repository/org/glassfish/jaxb/txw2/4.0.5/txw2-4.0.5.jar:/home/runner/.m2/repository/org/glassfish/jaxb/jaxb-xjc/4.0.5/jaxb-xjc-4.0.5.jar:/home/runner/.m2/repository/org/glassfish/jaxb/xsom/4.0.5/xsom-4.0.5.jar:/home/runner/.m2/repository/com/sun/istack/istack-commons-runtime/4.1.2/istack-commons-runtime-4.1.2.jar:/home/runner/.m2/repository/com/sun/istack/istack-commons-tools/4.1.2/istack-commons-tools-4.1.2.jar:/home/runner/.m2/repository/com/sun/xml/bind/external/relaxng-datatype/4.0.5/relaxng-datatype-4.0.5.jar:/home/runner/.m2/repository/com/sun/xml/bind/external/rngom/4.0.5/rngom-4.0.5.jar:/home/runner/.m2/repository/org/testcontainers/mssqlserver/1.20.6/mssqlserver-1.20.6.jar:/home/runner/.m2/repository/org/testcontainers/jdbc/1.20.6/jdbc-1.20.6.jar:/home/runner/.m2/repository/org/testcontainers/database-commons/1.20.6/database-commons-1.20.6.jar:/home/runner/.m2/repository/org/testcontainers/mysql/1.20.6/mysql-1.20.6.jar:/home/runner/.m2/repository/io/strimzi/strimzi-test-container/0.111.0/strimzi-test-container-0.111.0.jar:/home/runner/.m2/repository/org/testcontainers/toxiproxy/1.20.6/toxiproxy-1.20.6.jar:/home/runner/.m2/repository/com/github/docker-java/docker-java-api/3.4.1/docker-java-api-3.4.1.jar:/home/runner/.m2/repository/org/apache/logging/log4j/log4j-slf4j-impl/2.19.0/log4j-slf4j-impl-2.19.0.jar:/home/runner/.m2/repository/org/apache/logging/log4j/log4j-api/2.24.3/log4j-api-2.24.3.jar:/home/runner/.m2/repository/org/apache/logging/log4j/log4j-core/2.19.0/log4j-core-2.19.0.jar:/home/runner/.m2/repository/eu/rekawek/toxiproxy/toxiproxy-java/2.1.7/toxiproxy-java-2.1.7.jar:/home/runner/.m2/repository/org/testcontainers/pulsar/1.21.3/pulsar-1.21.3.jar:/home/runner/.m2/repository/io/debezium/debezium-testing-testcontainers/2.7.4.Final/debezium-testing-testcontainers-2.7.4.Final.jar:/home/runner/.m2/repository/org/testcontainers/kafka/1.20.6/kafka-1.20.6.jar:/home/runner/.m2/repository/com/squareup/okhttp3/okhttp/4.8.1/okhttp-4.8.1.jar:/home/runner/.m2/repository/com/squareup/okio/okio/3.10.2/okio-3.10.2.jar:/home/runner/.m2/repository/com/squareup/okio/okio-jvm/3.10.2/okio-jvm-3.10.2.jar:/home/runner/.m2/repository/org/jetbrains/kotlin/kotlin-stdlib/2.0.21/kotlin-stdlib-2.0.21.jar:/home/runner/.m2/repository/org/awaitility/awaitility/4.3.0/awaitility-4.3.0.jar:/home/runner/.m2/repository/org/testcontainers/mongodb/1.20.6/mongodb-1.20.6.jar:/home/runner/.m2/repository/org/testcontainers/mariadb/1.20.6/mariadb-1.20.6.jar:/home/runner/.m2/repository/org/testcontainers/oracle-xe/1.20.6/oracle-xe-1.20.6.jar:/home/runner/.m2/repository/org/testcontainers/postgresql/1.20.6/postgresql-1.20.6.jar:/home/runner/.m2/repository/org/wiremock/wiremock/3.0.1/wiremock-3.0.1.jar:/home/runner/.m2/repository/org/eclipse/jetty/jetty-server/11.0.15/jetty-server-11.0.15.jar:/home/runner/.m2/repository/org/eclipse/jetty/toolchain/jetty-jakarta-servlet-api/5.0.2/jetty-jakarta-servlet-api-5.0.2.jar:/home/runner/.m2/repository/org/eclipse/jetty/jetty-http/11.0.15/jetty-http-11.0.15.jar:/home/runner/.m2/repository/org/eclipse/jetty/jetty-io/11.0.15/jetty-io-11.0.15.jar:/home/runner/.m2/repository/org/eclipse/jetty/jetty-servlet/11.0.15/jetty-servlet-11.0.15.jar:/home/runner/.m2/repository/org/eclipse/jetty/jetty-security/11.0.15/jetty-security-11.0.15.jar:/home/runner/.m2/repository/org/eclipse/jetty/jetty-servlets/11.0.15/jetty-servlets-11.0.15.jar:/home/runner/.m2/repository/org/eclipse/jetty/jetty-util/11.0.15/jetty-util-11.0.15.jar:/home/runner/.m2/repository/org/eclipse/jetty/jetty-webapp/11.0.15/jetty-webapp-11.0.15.jar:/home/runner/.m2/repository/org/eclipse/jetty/jetty-xml/11.0.15/jetty-xml-11.0.15.jar:/home/runner/.m2/repository/org/eclipse/jetty/jetty-proxy/11.0.15/jetty-proxy-11.0.15.jar:/home/runner/.m2/repository/org/eclipse/jetty/jetty-client/11.0.15/jetty-client-11.0.15.jar:/home/runner/.m2/repository/org/eclipse/jetty/http2/http2-server/11.0.15/http2-server-11.0.15.jar:/home/runner/.m2/repository/org/eclipse/jetty/http2/http2-common/11.0.15/http2-common-11.0.15.jar:/home/runner/.m2/repository/org/eclipse/jetty/http2/http2-hpack/11.0.15/http2-hpack-11.0.15.jar:/home/runner/.m2/repository/org/eclipse/jetty/jetty-alpn-server/11.0.15/jetty-alpn-server-11.0.15.jar:/home/runner/.m2/repository/org/eclipse/jetty/jetty-alpn-java-server/11.0.15/jetty-alpn-java-server-11.0.15.jar:/home/runner/.m2/repository/org/eclipse/jetty/jetty-alpn-java-client/11.0.15/jetty-alpn-java-client-11.0.15.jar:/home/runner/.m2/repository/org/eclipse/jetty/jetty-alpn-client/11.0.15/jetty-alpn-client-11.0.15.jar:/home/runner/.m2/repository/org/apache/httpcomponents/client5/httpclient5/5.2.1/httpclient5-5.2.1.jar:/home/runner/.m2/repository/org/apache/httpcomponents/core5/httpcore5/5.2/httpcore5-5.2.jar:/home/runner/.m2/repository/org/apache/httpcomponents/core5/httpcore5-h2/5.2/httpcore5-h2-5.2.jar:/home/runner/.m2/repository/org/xmlunit/xmlunit-core/2.9.1/xmlunit-core-2.9.1.jar:/home/runner/.m2/repository/jakarta/xml/bind/jakarta.xml.bind-api/4.0.2/jakarta.xml.bind-api-4.0.2.jar:/home/runner/.m2/repository/org/xmlunit/xmlunit-legacy/2.9.1/xmlunit-legacy-2.9.1.jar:/home/runner/.m2/repository/org/xmlunit/xmlunit-placeholders/2.9.1/xmlunit-placeholders-2.9.1.jar:/home/runner/.m2/repository/net/javacrumbs/json-unit/json-unit-core/2.38.0/json-unit-core-2.38.0.jar:/home/runner/.m2/repository/org/hamcrest/hamcrest-core/2.2/hamcrest-core-2.2.jar:/home/runner/.m2/repository/com/jayway/jsonpath/json-path/2.8.0/json-path-2.8.0.jar:/home/runner/.m2/repository/net/minidev/json-smart/2.4.10/json-smart-2.4.10.jar:/home/runner/.m2/repository/net/minidev/accessors-smart/2.4.9/accessors-smart-2.4.9.jar:/home/runner/.m2/repository/org/ow2/asm/asm/9.7.1/asm-9.7.1.jar:/home/runner/.m2/repository/net/sf/jopt-simple/jopt-simple/5.0.4/jopt-simple-5.0.4.jar:/home/runner/.m2/repository/com/github/jknack/handlebars/4.3.1/handlebars-4.3.1.jar:/home/runner/.m2/repository/com/github/jknack/handlebars-helpers/4.3.1/handlebars-helpers-4.3.1.jar:/home/runner/.m2/repository/commons-fileupload/commons-fileupload/1.5/commons-fileupload-1.5.jar:/home/runner/.m2/repository/com/networknt/json-schema-validator/1.5.8/json-schema-validator-1.5.8.jar:/home/runner/.m2/repository/com/ethlo/time/itu/1.10.3/itu-1.10.3.jar:/home/runner/.m2/repository/io/quarkus/quarkus-smallrye-jwt-build/3.20.2/quarkus-smallrye-jwt-build-3.20.2.jar:/home/runner/.m2/repository/io/smallrye/smallrye-jwt-build/4.6.2/smallrye-jwt-build-4.6.2.jar:/home/runner/.m2/repository/org/eclipse/microprofile/jwt/microprofile-jwt-auth-api/2.1/microprofile-jwt-auth-api-2.1.jar:/home/runner/.m2/repository/org/bitbucket/b_c/jose4j/0.9.6/jose4j-0.9.6.jar:/home/runner/.m2/repository/io/smallrye/smallrye-jwt-common/4.6.2/smallrye-jwt-common-4.6.2.jar:/home/runner/.m2/repository/io/quarkus/quarkus-jsonp/3.20.2/quarkus-jsonp-3.20.2.jar:/home/runner/.m2/repository/io/quarkus/quarkus-arc/3.20.2/quarkus-arc-3.20.2.jar:/home/runner/.m2/repository/io/quarkus/arc/arc/3.20.2/arc-3.20.2.jar:/home/runner/.m2/repository/jakarta/transaction/jakarta.transaction-api/2.0.1/jakarta.transaction-api-2.0.1.jar:/home/runner/.m2/repository/io/smallrye/reactive/mutiny/2.9.2/mutiny-2.9.2.jar:/home/runner/.m2/repository/org/jctools/jctools-core/4.0.5/jctools-core-4.0.5.jar:/home/runner/.m2/repository/org/eclipse/microprofile/context-propagation/microprofile-context-propagation-api/1.3/microprofile-context-propagation-api-1.3.jar:/home/runner/.m2/repository/io/apicurio/apicurio-common-rest-client-common/0.1.18.Final/apicurio-common-rest-client-common-0.1.18.Final.jar:/home/runner/work/apicurio-testing/apicurio-testing/clusters/ci419/namespaces/mysql/tests/integration/apicurio-registry/utils/maven-plugin/target/apicurio-registry-maven-plugin-3.0.12-SNAPSHOT.jar:/home/runner/.m2/repository/com/fasterxml/jackson/core/jackson-databind/2.18.2/jackson-databind-2.18.2.jar:/home/runner/.m2/repository/org/apache/avro/avro/1.12.0/avro-1.12.0.jar:/home/runner/.m2/repository/com/google/protobuf/protobuf-java/4.31.1/protobuf-java-4.31.1.jar:/home/runner/.m2/repository/com/google/protobuf/protobuf-java-util/4.31.1/protobuf-java-util-4.31.1.jar:/home/runner/.m2/repository/com/google/code/findbugs/jsr305/3.0.2/jsr305-3.0.2.jar:/home/runner/.m2/repository/com/google/code/gson/gson/2.12.1/gson-2.12.1.jar:/home/runner/.m2/repository/com/google/errorprone/error_prone_annotations/2.36.0/error_prone_annotations-2.36.0.jar:/home/runner/.m2/repository/com/google/j2objc/j2objc-annotations/2.8/j2objc-annotations-2.8.jar:/home/runner/work/apicurio-testing/apicurio-testing/clusters/ci419/namespaces/mysql/tests/integration/apicurio-registry/schema-util/util-provider/target/apicurio-registry-schema-util-provider-3.0.12-SNAPSHOT.jar:/home/runner/work/apicurio-testing/apicurio-testing/clusters/ci419/namespaces/mysql/tests/integration/apicurio-registry/schema-util/common/target/apicurio-registry-schema-util-common-3.0.12-SNAPSHOT.jar:/home/runner/.m2/repository/com/fasterxml/jackson/module/jackson-module-parameter-names/2.18.2/jackson-module-parameter-names-2.18.2.jar:/home/runner/.m2/repository/com/fasterxml/jackson/datatype/jackson-datatype-json-org/2.18.2/jackson-datatype-json-org-2.18.2.jar:/home/runner/work/apicurio-testing/apicurio-testing/clusters/ci419/namespaces/mysql/tests/integration/apicurio-registry/schema-util/json/target/apicurio-registry-schema-util-json-3.0.12-SNAPSHOT.jar:/home/runner/.m2/repository/com/github/erosb/everit-json-schema/1.14.5/everit-json-schema-1.14.5.jar:/home/runner/.m2/repository/commons-validator/commons-validator/1.9.0/commons-validator-1.9.0.jar:/home/runner/.m2/repository/commons-digester/commons-digester/2.1/commons-digester-2.1.jar:/home/runner/.m2/repository/commons-collections/commons-collections/3.2.2/commons-collections-3.2.2.jar:/home/runner/.m2/repository/com/damnhandy/handy-uri-templates/2.1.8/handy-uri-templates-2.1.8.jar:/home/runner/.m2/repository/joda-time/joda-time/2.10.2/joda-time-2.10.2.jar:/home/runner/.m2/repository/com/github/erosb/json-sKema/0.20.0/json-sKema-0.20.0.jar:/home/runner/.m2/repository/io/vertx/vertx-json-schema/4.5.16/vertx-json-schema-4.5.16.jar:/home/runner/work/apicurio-testing/apicurio-testing/clusters/ci419/namespaces/mysql/tests/integration/apicurio-registry/schema-util/protobuf/target/apicurio-registry-schema-util-protobuf-3.0.12-SNAPSHOT.jar:/home/runner/work/apicurio-testing/apicurio-testing/clusters/ci419/namespaces/mysql/tests/integration/apicurio-registry/utils/protobuf-schema-utilities/target/apicurio-registry-protobuf-schema-utilities-3.0.12-SNAPSHOT.jar:/home/runner/.m2/repository/com/google/api/grpc/proto-google-common-protos/2.52.0/proto-google-common-protos-2.52.0.jar:/home/runner/.m2/repository/com/squareup/wire/wire-schema-jvm/5.3.3/wire-schema-jvm-5.3.3.jar:/home/runner/.m2/repository/com/palantir/javapoet/javapoet/0.6.0/javapoet-0.6.0.jar:/home/runner/.m2/repository/com/squareup/kotlinpoet-jvm/2.0.0/kotlinpoet-jvm-2.0.0.jar:/home/runner/.m2/repository/org/jetbrains/kotlin/kotlin-reflect/2.0.21/kotlin-reflect-2.0.21.jar:/home/runner/.m2/repository/com/squareup/wire/wire-runtime-jvm/5.3.3/wire-runtime-jvm-5.3.3.jar:/home/runner/.m2/repository/com/ibm/icu/icu4j/76.1/icu4j-76.1.jar:/home/runner/.m2/repository/com/squareup/okio/okio-fakefilesystem/3.10.2/okio-fakefilesystem-3.10.2.jar:/home/runner/.m2/repository/com/squareup/okio/okio-fakefilesystem-jvm/3.10.2/okio-fakefilesystem-jvm-3.10.2.jar:/home/runner/.m2/repository/org/jetbrains/kotlinx/kotlinx-datetime-jvm/0.6.1/kotlinx-datetime-jvm-0.6.1.jar:/home/runner/work/apicurio-testing/apicurio-testing/clusters/ci419/namespaces/mysql/tests/integration/apicurio-registry/schema-util/asyncapi/target/apicurio-registry-schema-util-asyncapi-3.0.12-SNAPSHOT.jar:/home/runner/work/apicurio-testing/apicurio-testing/clusters/ci419/namespaces/mysql/tests/integration/apicurio-registry/schema-util/avro/target/apicurio-registry-schema-util-avro-3.0.12-SNAPSHOT.jar:/home/runner/work/apicurio-testing/apicurio-testing/clusters/ci419/namespaces/mysql/tests/integration/apicurio-registry/schema-util/graphql/target/apicurio-registry-schema-util-graphql-3.0.12-SNAPSHOT.jar:/home/runner/.m2/repository/com/graphql-java/graphql-java/22.4/graphql-java-22.4.jar:/home/runner/.m2/repository/com/graphql-java/java-dataloader/3.3.0/java-dataloader-3.3.0.jar:/home/runner/work/apicurio-testing/apicurio-testing/clusters/ci419/namespaces/mysql/tests/integration/apicurio-registry/schema-util/kconnect/target/apicurio-registry-schema-util-kconnect-3.0.12-SNAPSHOT.jar:/home/runner/work/apicurio-testing/apicurio-testing/clusters/ci419/namespaces/mysql/tests/integration/apicurio-registry/schema-util/openapi/target/apicurio-registry-schema-util-openapi-3.0.12-SNAPSHOT.jar:/home/runner/.m2/repository/io/apicurio/apicurio-data-models/2.2.2/apicurio-data-models-2.2.2.jar:/home/runner/.m2/repository/org/openapitools/openapidiff/openapi-diff-core/2.1.2/openapi-diff-core-2.1.2.jar:/home/runner/.m2/repository/io/swagger/parser/v3/swagger-parser/2.1.28/swagger-parser-2.1.28.jar:/home/runner/.m2/repository/io/swagger/parser/v3/swagger-parser-v2-converter/2.1.28/swagger-parser-v2-converter-2.1.28.jar:/home/runner/.m2/repository/io/swagger/swagger-core/1.6.16/swagger-core-1.6.16.jar:/home/runner/.m2/repository/io/swagger/swagger-models/1.6.16/swagger-models-1.6.16.jar:/home/runner/.m2/repository/io/swagger/swagger-annotations/1.6.16/swagger-annotations-1.6.16.jar:/home/runner/.m2/repository/io/swagger/swagger-parser/1.0.75/swagger-parser-1.0.75.jar:/home/runner/.m2/repository/io/swagger/swagger-parser-safe-url-resolver/1.0.75/swagger-parser-safe-url-resolver-1.0.75.jar:/home/runner/.m2/repository/io/swagger/swagger-compat-spec-parser/1.0.75/swagger-compat-spec-parser-1.0.75.jar:/home/runner/.m2/repository/com/github/java-json-tools/json-schema-validator/2.2.14/json-schema-validator-2.2.14.jar:/home/runner/.m2/repository/com/github/java-json-tools/jackson-coreutils-equivalence/1.0/jackson-coreutils-equivalence-1.0.jar:/home/runner/.m2/repository/com/github/java-json-tools/json-schema-core/1.2.14/json-schema-core-1.2.14.jar:/home/runner/.m2/repository/com/github/java-json-tools/uri-template/0.10/uri-template-0.10.jar:/home/runner/.m2/repository/com/googlecode/libphonenumber/libphonenumber/8.11.1/libphonenumber-8.11.1.jar:/home/runner/.m2/repository/com/j2html/j2html/1.6.0/j2html-1.6.0.jar:/home/runner/.m2/repository/org/apache/commons/commons-collections4/4.5.0/commons-collections4-4.5.0.jar:/home/runner/.m2/repository/org/slf4j/jcl-over-slf4j/2.0.17/jcl-over-slf4j-2.0.17.jar:/home/runner/.m2/repository/io/swagger/parser/v3/swagger-parser-v3/2.1.31/swagger-parser-v3-2.1.31.jar:/home/runner/.m2/repository/io/swagger/core/v3/swagger-models/2.2.34/swagger-models-2.2.34.jar:/home/runner/.m2/repository/io/swagger/core/v3/swagger-core/2.2.34/swagger-core-2.2.34.jar:/home/runner/.m2/repository/io/swagger/parser/v3/swagger-parser-core/2.1.31/swagger-parser-core-2.1.31.jar:/home/runner/.m2/repository/io/swagger/parser/v3/swagger-parser-safe-url-resolver/2.1.31/swagger-parser-safe-url-resolver-2.1.31.jar:/home/runner/work/apicurio-testing/apicurio-testing/clusters/ci419/namespaces/mysql/tests/integration/apicurio-registry/schema-util/wsdl/target/apicurio-registry-schema-util-wsdl-3.0.12-SNAPSHOT.jar:/home/runner/.m2/repository/wsdl4j/wsdl4j/1.6.3/wsdl4j-1.6.3.jar:/home/runner/work/apicurio-testing/apicurio-testing/clusters/ci419/namespaces/mysql/tests/integration/apicurio-registry/schema-util/xml/target/apicurio-registry-schema-util-xml-3.0.12-SNAPSHOT.jar:/home/runner/.m2/repository/org/apache/santuario/xmlsec/4.0.4/xmlsec-4.0.4.jar:/home/runner/.m2/repository/com/fasterxml/woodstox/woodstox-core/7.1.1/woodstox-core-7.1.1.jar:/home/runner/.m2/repository/org/codehaus/woodstox/stax2-api/4.2.2/stax2-api-4.2.2.jar:/home/runner/work/apicurio-testing/apicurio-testing/clusters/ci419/namespaces/mysql/tests/integration/apicurio-registry/schema-util/xsd/target/apicurio-registry-schema-util-xsd-3.0.12-SNAPSHOT.jar:/home/runner/work/apicurio-testing/apicurio-testing/clusters/ci419/namespaces/mysql/tests/integration/apicurio-registry/serdes/kafka/jsonschema-serde/target/apicurio-registry-jsonschema-serde-kafka-3.0.12-SNAPSHOT.jar:/home/runner/work/apicurio-testing/apicurio-testing/clusters/ci419/namespaces/mysql/tests/integration/apicurio-registry/serdes/kafka/serde-kafka-common/target/apicurio-registry-serde-kafka-common-3.0.12-SNAPSHOT.jar:/home/runner/work/apicurio-testing/apicurio-testing/clusters/ci419/namespaces/mysql/tests/integration/apicurio-registry/serdes/generic/serde-common/target/apicurio-registry-serde-common-3.0.12-SNAPSHOT.jar:/home/runner/work/apicurio-testing/apicurio-testing/clusters/ci419/namespaces/mysql/tests/integration/apicurio-registry/serdes/generic/serde-common-jsonschema/target/apicurio-registry-serde-common-jsonschema-3.0.12-SNAPSHOT.jar:/home/runner/.m2/repository/org/json/json/20250107/json-20250107.jar:/home/runner/work/apicurio-testing/apicurio-testing/clusters/ci419/namespaces/mysql/tests/integration/apicurio-registry/serdes/kafka/avro-serde/target/apicurio-registry-avro-serde-kafka-3.0.12-SNAPSHOT.jar:/home/runner/work/apicurio-testing/apicurio-testing/clusters/ci419/namespaces/mysql/tests/integration/apicurio-registry/serdes/generic/serde-common-avro/target/apicurio-registry-serde-common-avro-3.0.12-SNAPSHOT.jar:/home/runner/work/apicurio-testing/apicurio-testing/clusters/ci419/namespaces/mysql/tests/integration/apicurio-registry/serdes/kafka/protobuf-serde/target/apicurio-registry-protobuf-serde-kafka-3.0.12-SNAPSHOT.jar:/home/runner/work/apicurio-testing/apicurio-testing/clusters/ci419/namespaces/mysql/tests/integration/apicurio-registry/serdes/generic/serde-common-protobuf/target/apicurio-registry-serde-common-protobuf-3.0.12-SNAPSHOT.jar:/home/runner/.m2/repository/com/squareup/wire/wire-schema/5.3.3/wire-schema-5.3.3.jar:/home/runner/.m2/repository/com/squareup/wire/wire-runtime/5.3.3/wire-runtime-5.3.3.jar:/home/runner/work/apicurio-testing/apicurio-testing/clusters/ci419/namespaces/mysql/tests/integration/apicurio-registry/serdes/pulsar/avro-serde/target/apicurio-registry-avro-serde-pulsar-3.0.12-SNAPSHOT.jar:/home/runner/.m2/repository/org/apache/pulsar/pulsar-functions-api/3.3.8/pulsar-functions-api-3.3.8.jar:/home/runner/work/apicurio-testing/apicurio-testing/clusters/ci419/namespaces/mysql/tests/integration/apicurio-registry/serdes/nats/avro-serde/target/apicurio-registry-avro-serde-nats-3.0.12-SNAPSHOT.jar:/home/runner/.m2/repository/io/nats/jnats/2.21.4/jnats-2.21.4.jar:/home/runner/.m2/repository/org/bouncycastle/bcprov-lts8on/2.73.7/bcprov-lts8on-2.73.7.jar:/home/runner/.m2/repository/org/jetbrains/annotations/26.0.2/annotations-26.0.2.jar:/home/runner/work/apicurio-testing/apicurio-testing/clusters/ci419/namespaces/mysql/tests/integration/apicurio-registry/utils/converter/target/apicurio-registry-utils-converter-3.0.12-SNAPSHOT.jar:/home/runner/work/apicurio-testing/apicurio-testing/clusters/ci419/namespaces/mysql/tests/integration/apicurio-registry/schema-resolver/target/apicurio-registry-schema-resolver-3.0.12-SNAPSHOT.jar:/home/runner/.m2/repository/org/apache/kafka/connect-api/3.9.1/connect-api-3.9.1.jar:/home/runner/.m2/repository/javax/ws/rs/javax.ws.rs-api/2.1.1/javax.ws.rs-api-2.1.1.jar:/home/runner/.m2/repository/org/apache/kafka/connect-json/3.9.1/connect-json-3.9.1.jar:/home/runner/.m2/repository/com/fasterxml/jackson/datatype/jackson-datatype-jdk8/2.18.2/jackson-datatype-jdk8-2.18.2.jar:/home/runner/.m2/repository/com/fasterxml/jackson/module/jackson-module-afterburner/2.18.2/jackson-module-afterburner-2.18.2.jar:/home/runner/work/apicurio-testing/apicurio-testing/clusters/ci419/namespaces/mysql/tests/integration/apicurio-registry/utils/kafka/target/apicurio-registry-utils-kafka-3.0.12-SNAPSHOT.jar:/home/runner/.m2/repository/org/apache/pulsar/pulsar-client/3.3.8/pulsar-client-3.3.8.jar:/home/runner/.m2/repository/org/apache/pulsar/pulsar-client-api/3.3.8/pulsar-client-api-3.3.8.jar:/home/runner/.m2/repository/org/apache/pulsar/pulsar-client-admin-api/3.3.8/pulsar-client-admin-api-3.3.8.jar:/home/runner/.m2/repository/org/apache/pulsar/bouncy-castle-bc/3.3.8/bouncy-castle-bc-3.3.8-pkg.jar:/home/runner/.m2/repository/org/bouncycastle/bcpkix-jdk18on/1.81/bcpkix-jdk18on-1.81.jar:/home/runner/.m2/repository/org/bouncycastle/bcutil-jdk18on/1.81/bcutil-jdk18on-1.81.jar:/home/runner/.m2/repository/org/bouncycastle/bcprov-jdk18on/1.81/bcprov-jdk18on-1.81.jar:/home/runner/.m2/repository/io/opentelemetry/opentelemetry-api/1.44.1/opentelemetry-api-1.44.1.jar:/home/runner/.m2/repository/io/opentelemetry/opentelemetry-context/1.44.1/opentelemetry-context-1.44.1.jar:/home/runner/.m2/repository/io/opentelemetry/opentelemetry-api-incubator/1.44.1-alpha/opentelemetry-api-incubator-1.44.1-alpha.jar:/home/runner/.m2/repository/com/fasterxml/jackson/core/jackson-annotations/2.18.2/jackson-annotations-2.18.2.jar:/home/runner/.m2/repository/javax/validation/validation-api/1.1.0.Final/validation-api-1.1.0.Final.jar:/home/runner/.m2/repository/org/jspecify/jspecify/1.0.0/jspecify-1.0.0.jar:/home/runner/.m2/repository/org/apache/commons/commons-configuration2/2.12.0/commons-configuration2-2.12.0.jar:/home/runner/.m2/repository/commons-logging/commons-logging/1.3.5/commons-logging-1.3.5.jar:/home/runner/.m2/repository/org/apache/commons/commons-text/1.13.0/commons-text-1.13.0.jar:/home/runner/.m2/repository/io/confluent/kafka-avro-serializer/8.0.0/kafka-avro-serializer-8.0.0.jar:/home/runner/.m2/repository/org/apache/commons/commons-compress/1.27.1/commons-compress-1.27.1.jar:/home/runner/.m2/repository/io/confluent/kafka-schema-serializer/8.0.0/kafka-schema-serializer-8.0.0.jar:/home/runner/.m2/repository/com/fasterxml/jackson/dataformat/jackson-dataformat-csv/2.18.2/jackson-dataformat-csv-2.18.2.jar:/home/runner/.m2/repository/io/confluent/kafka-schema-registry-client/8.0.0/kafka-schema-registry-client-8.0.0.jar:/home/runner/.m2/repository/org/yaml/snakeyaml/2.3/snakeyaml-2.3.jar:/home/runner/.m2/repository/io/swagger/core/v3/swagger-annotations/2.2.29/swagger-annotations-2.2.29.jar:/home/runner/.m2/repository/com/google/guava/guava/33.4.0-jre/guava-33.4.0-jre.jar:/home/runner/.m2/repository/com/google/guava/failureaccess/1.0.1/failureaccess-1.0.1.jar:/home/runner/.m2/repository/org/checkerframework/checker-qual/3.49.0/checker-qual-3.49.0.jar:/home/runner/.m2/repository/io/confluent/logredactor/1.0.13/logredactor-1.0.13.jar:/home/runner/.m2/repository/com/google/re2j/re2j/1.6/re2j-1.6.jar:/home/runner/.m2/repository/io/confluent/logredactor-metrics/1.0.13/logredactor-metrics-1.0.13.jar:/home/runner/.m2/repository/com/eclipsesource/minimal-json/minimal-json/0.9.5/minimal-json-0.9.5.jar:/home/runner/.m2/repository/io/confluent/common-utils/8.0.0/common-utils-8.0.0.jar:/home/runner/.m2/repository/io/confluent/kafka-connect-avro-converter/8.0.0/kafka-connect-avro-converter-8.0.0.jar:/home/runner/.m2/repository/io/confluent/kafka-connect-avro-data/8.0.0/kafka-connect-avro-data-8.0.0.jar:/home/runner/.m2/repository/io/confluent/kafka-schema-converter/8.0.0/kafka-schema-converter-8.0.0.jar:/home/runner/.m2/repository/io/rest-assured/rest-assured/5.5.1/rest-assured-5.5.1.jar:/home/runner/.m2/repository/org/apache/groovy/groovy/4.0.22/groovy-4.0.22.jar:/home/runner/.m2/repository/org/apache/groovy/groovy-xml/4.0.22/groovy-xml-4.0.22.jar:/home/runner/.m2/repository/org/apache/httpcomponents/httpclient/4.5.14/httpclient-4.5.14.jar:/home/runner/.m2/repository/org/apache/httpcomponents/httpcore/4.4.16/httpcore-4.4.16.jar:/home/runner/.m2/repository/org/apache/httpcomponents/httpmime/4.5.14/httpmime-4.5.14.jar:/home/runner/.m2/repository/org/hamcrest/hamcrest/2.2/hamcrest-2.2.jar:/home/runner/.m2/repository/org/ccil/cowan/tagsoup/tagsoup/1.2.1/tagsoup-1.2.1.jar:/home/runner/.m2/repository/io/rest-assured/json-path/5.5.1/json-path-5.5.1.jar:/home/runner/.m2/repository/org/apache/groovy/groovy-json/4.0.22/groovy-json-4.0.22.jar:/home/runner/.m2/repository/io/rest-assured/rest-assured-common/5.5.1/rest-assured-common-5.5.1.jar:/home/runner/.m2/repository/io/rest-assured/xml-path/5.5.1/xml-path-5.5.1.jar:/home/runner/.m2/repository/io/zonky/test/embedded-postgres/2.1.0/embedded-postgres-2.1.0.jar:/home/runner/.m2/repository/io/zonky/test/postgres/embedded-postgres-binaries-windows-amd64/14.15.0/embedded-postgres-binaries-windows-amd64-14.15.0.jar:/home/runner/.m2/repository/io/zonky/test/postgres/embedded-postgres-binaries-darwin-amd64/14.15.0/embedded-postgres-binaries-darwin-amd64-14.15.0.jar:/home/runner/.m2/repository/io/zonky/test/postgres/embedded-postgres-binaries-linux-amd64/14.15.0/embedded-postgres-binaries-linux-amd64-14.15.0.jar:/home/runner/.m2/repository/io/zonky/test/postgres/embedded-postgres-binaries-linux-amd64-alpine/14.15.0/embedded-postgres-binaries-linux-amd64-alpine-14.15.0.jar:/home/runner/.m2/repository/org/apache/commons/commons-lang3/3.17.0/commons-lang3-3.17.0.jar:/home/runner/.m2/repository/org/tukaani/xz/1.10/xz-1.10.jar:/home/runner/.m2/repository/commons-codec/commons-codec/1.19.0/commons-codec-1.19.0.jar:/home/runner/.m2/repository/org/postgresql/postgresql/42.7.7/postgresql-42.7.7.jar:/home/runner/.m2/repository/commons-io/commons-io/2.18.0/commons-io-2.18.0.jar:/home/runner/work/apicurio-testing/apicurio-testing/clusters/ci419/namespaces/mysql/tests/integration/apicurio-registry/utils/importexport/target/apicurio-registry-utils-import-export-3.0.12-SNAPSHOT.jar:/home/runner/.m2/repository/io/vertx/vertx-core/4.5.16/vertx-core-4.5.16.jar:/home/runner/.m2/repository/io/netty/netty-common/4.1.121.Final/netty-common-4.1.121.Final.jar:/home/runner/.m2/repository/io/netty/netty-buffer/4.1.121.Final/netty-buffer-4.1.121.Final.jar:/home/runner/.m2/repository/io/netty/netty-transport/4.1.121.Final/netty-transport-4.1.121.Final.jar:/home/runner/.m2/repository/io/netty/netty-handler/4.1.121.Final/netty-handler-4.1.121.Final.jar:/home/runner/.m2/repository/io/netty/netty-transport-native-unix-common/4.1.121.Final/netty-transport-native-unix-common-4.1.121.Final.jar:/home/runner/.m2/repository/io/netty/netty-codec/4.1.121.Final/netty-codec-4.1.121.Final.jar:/home/runner/.m2/repository/io/netty/netty-handler-proxy/4.1.121.Final/netty-handler-proxy-4.1.121.Final.jar:/home/runner/.m2/repository/io/netty/netty-codec-socks/4.1.121.Final/netty-codec-socks-4.1.121.Final.jar:/home/runner/.m2/repository/io/netty/netty-codec-http/4.1.121.Final/netty-codec-http-4.1.121.Final.jar:/home/runner/.m2/repository/io/netty/netty-codec-http2/4.1.121.Final/netty-codec-http2-4.1.121.Final.jar:/home/runner/.m2/repository/io/netty/netty-resolver/4.1.121.Final/netty-resolver-4.1.121.Final.jar:/home/runner/.m2/repository/io/netty/netty-resolver-dns/4.1.121.Final/netty-resolver-dns-4.1.121.Final.jar:/home/runner/.m2/repository/io/netty/netty-codec-dns/4.1.121.Final/netty-codec-dns-4.1.121.Final.jar:/home/runner/.m2/repository/com/fasterxml/jackson/core/jackson-core/2.18.2/jackson-core-2.18.2.jar:"/>
    <property name="java.vm.vendor" value="Eclipse Adoptium"/>
    <property name="maven.javadoc.skip" value="true"/>
    <property name="sun.arch.data.model" value="64"/>
    <property name="java.vendor.url" value="https://adoptium.net/"/>
    <property name="user.timezone" value="Etc/UTC"/>
    <property name="os.name" value="Linux"/>
    <property name="java.vm.specification.version" value="17"/>
    <property name="sun.java.launcher" value="SUN_STANDARD"/>
    <property name="quarkus.http.test-port" value="80"/>
    <property name="sun.boot.library.path" value="/usr/lib/jvm/temurin-17-jdk-amd64/lib"/>
    <property name="sun.java.command" value="/home/runner/work/apicurio-testing/apicurio-testing/clusters/ci419/namespaces/mysql/tests/integration/apicurio-registry/integration-tests/target/surefire/surefirebooter-20250807203003854_3.jar /home/runner/work/apicurio-testing/apicurio-testing/clusters/ci419/namespaces/mysql/tests/integration/apicurio-registry/integration-tests/target/surefire 2025-08-07T20-30-03_798-jvmRun1 surefire-20250807203003854_1tmp surefire_0-20250807203003854_2tmp"/>
    <property name="maven.home" value="/home/runner/.m2/wrapper/dists/apache-maven-3.9.8-bin/4fnp1ql35bgk2a0p7m31ovbgb0/apache-maven-3.9.8"/>
    <property name="jdk.debug" value="release"/>
    <property name="surefire.test.class.path" value="/home/runner/work/apicurio-testing/apicurio-testing/clusters/ci419/namespaces/mysql/tests/integration/apicurio-registry/integration-tests/target/test-classes:/home/runner/work/apicurio-testing/apicurio-testing/clusters/ci419/namespaces/mysql/tests/integration/apicurio-registry/integration-tests/target/apicurio-registry-integration-tests-3.0.12-SNAPSHOT.jar:/home/runner/.m2/repository/io/quarkus/quarkus-junit5/3.20.2/quarkus-junit5-3.20.2.jar:/home/runner/.m2/repository/io/quarkus/quarkus-bootstrap-core/3.20.2/quarkus-bootstrap-core-3.20.2.jar:/home/runner/.m2/repository/io/quarkus/quarkus-classloader-commons/3.20.2/quarkus-classloader-commons-3.20.2.jar:/home/runner/.m2/repository/io/quarkus/quarkus-bootstrap-app-model/3.20.2/quarkus-bootstrap-app-model-3.20.2.jar:/home/runner/.m2/repository/io/smallrye/common/smallrye-common-io/2.12.0/smallrye-common-io-2.12.0.jar:/home/runner/.m2/repository/org/eclipse/sisu/org.eclipse.sisu.inject/0.9.0.M3/org.eclipse.sisu.inject-0.9.0.M3.jar:/home/runner/.m2/repository/io/quarkus/quarkus-test-common/3.20.2/quarkus-test-common-3.20.2.jar:/home/runner/.m2/repository/io/quarkus/quarkus-core-deployment/3.20.2/quarkus-core-deployment-3.20.2.jar:/home/runner/.m2/repository/org/aesh/readline/2.6/readline-2.6.jar:/home/runner/.m2/repository/org/fusesource/jansi/jansi/2.4.0/jansi-2.4.0.jar:/home/runner/.m2/repository/org/aesh/aesh/2.8.2/aesh-2.8.2.jar:/home/runner/.m2/repository/io/quarkus/gizmo/gizmo/1.8.0/gizmo-1.8.0.jar:/home/runner/.m2/repository/org/ow2/asm/asm-util/9.7.1/asm-util-9.7.1.jar:/home/runner/.m2/repository/org/ow2/asm/asm-analysis/9.7.1/asm-analysis-9.7.1.jar:/home/runner/.m2/repository/org/ow2/asm/asm-commons/9.7.1/asm-commons-9.7.1.jar:/home/runner/.m2/repository/org/ow2/asm/asm-tree/9.7.1/asm-tree-9.7.1.jar:/home/runner/.m2/repository/io/quarkus/quarkus-hibernate-validator-spi/3.20.2/quarkus-hibernate-validator-spi-3.20.2.jar:/home/runner/.m2/repository/io/quarkus/quarkus-class-change-agent/3.20.2/quarkus-class-change-agent-3.20.2.jar:/home/runner/.m2/repository/io/quarkus/quarkus-devtools-utilities/3.20.2/quarkus-devtools-utilities-3.20.2.jar:/home/runner/.m2/repository/io/quarkus/quarkus-builder/3.20.2/quarkus-builder-3.20.2.jar:/home/runner/.m2/repository/org/graalvm/sdk/nativeimage/23.1.2/nativeimage-23.1.2.jar:/home/runner/.m2/repository/org/graalvm/sdk/word/23.1.2/word-23.1.2.jar:/home/runner/.m2/repository/io/quarkus/quarkus-bootstrap-maven-resolver/3.20.2/quarkus-bootstrap-maven-resolver-3.20.2.jar:/home/runner/.m2/repository/io/smallrye/beanbag/smallrye-beanbag-maven/1.5.2/smallrye-beanbag-maven-1.5.2.jar:/home/runner/.m2/repository/io/smallrye/beanbag/smallrye-beanbag-sisu/1.5.2/smallrye-beanbag-sisu-1.5.2.jar:/home/runner/.m2/repository/io/smallrye/beanbag/smallrye-beanbag/1.5.2/smallrye-beanbag-1.5.2.jar:/home/runner/.m2/repository/javax/inject/javax.inject/1/javax.inject-1.jar:/home/runner/.m2/repository/org/apache/maven/maven-artifact/3.9.9/maven-artifact-3.9.9.jar:/home/runner/.m2/repository/org/apache/maven/maven-builder-support/3.9.9/maven-builder-support-3.9.9.jar:/home/runner/.m2/repository/org/apache/maven/maven-model/3.9.9/maven-model-3.9.9.jar:/home/runner/.m2/repository/org/apache/maven/maven-model-builder/3.9.9/maven-model-builder-3.9.9.jar:/home/runner/.m2/repository/org/apache/maven/maven-repository-metadata/3.9.9/maven-repository-metadata-3.9.9.jar:/home/runner/.m2/repository/org/apache/maven/maven-settings/3.9.9/maven-settings-3.9.9.jar:/home/runner/.m2/repository/org/apache/maven/resolver/maven-resolver-api/1.9.22/maven-resolver-api-1.9.22.jar:/home/runner/.m2/repository/org/apache/maven/resolver/maven-resolver-impl/1.9.22/maven-resolver-impl-1.9.22.jar:/home/runner/.m2/repository/org/apache/maven/resolver/maven-resolver-named-locks/1.9.22/maven-resolver-named-locks-1.9.22.jar:/home/runner/.m2/repository/org/apache/maven/resolver/maven-resolver-spi/1.9.22/maven-resolver-spi-1.9.22.jar:/home/runner/.m2/repository/org/apache/maven/resolver/maven-resolver-util/1.9.22/maven-resolver-util-1.9.22.jar:/home/runner/.m2/repository/org/apache/maven/resolver/maven-resolver-transport-http/1.9.20/maven-resolver-transport-http-1.9.20.jar:/home/runner/.m2/repository/org/apache/maven/wagon/wagon-provider-api/3.5.3/wagon-provider-api-3.5.3.jar:/home/runner/.m2/repository/org/apache/maven/wagon/wagon-http-shared/3.5.3/wagon-http-shared-3.5.3.jar:/home/runner/.m2/repository/org/codehaus/plexus/plexus-interpolation/1.26/plexus-interpolation-1.26.jar:/home/runner/.m2/repository/org/codehaus/plexus/plexus-utils/3.5.1/plexus-utils-3.5.1.jar:/home/runner/.m2/repository/org/codehaus/plexus/plexus-xml/4.0.1/plexus-xml-4.0.1.jar:/home/runner/.m2/repository/org/apache/maven/maven-xml-impl/4.0.0-alpha-5/maven-xml-impl-4.0.0-alpha-5.jar:/home/runner/.m2/repository/org/apache/maven/maven-api-xml/4.0.0-alpha-5/maven-api-xml-4.0.0-alpha-5.jar:/home/runner/.m2/repository/org/apache/maven/maven-api-meta/4.0.0-alpha-5/maven-api-meta-4.0.0-alpha-5.jar:/home/runner/.m2/repository/org/codehaus/plexus/plexus-cipher/2.0/plexus-cipher-2.0.jar:/home/runner/.m2/repository/org/codehaus/plexus/plexus-sec-dispatcher/2.0/plexus-sec-dispatcher-2.0.jar:/home/runner/.m2/repository/org/apache/maven/maven-embedder/3.9.9/maven-embedder-3.9.9.jar:/home/runner/.m2/repository/org/apache/maven/maven-core/3.9.9/maven-core-3.9.9.jar:/home/runner/.m2/repository/org/codehaus/plexus/plexus-component-annotations/2.1.0/plexus-component-annotations-2.1.0.jar:/home/runner/.m2/repository/org/apache/maven/maven-plugin-api/3.9.9/maven-plugin-api-3.9.9.jar:/home/runner/.m2/repository/org/apache/maven/shared/maven-shared-utils/3.4.2/maven-shared-utils-3.4.2.jar:/home/runner/.m2/repository/com/google/inject/guice/5.1.0/guice-5.1.0.jar:/home/runner/.m2/repository/aopalliance/aopalliance/1.0/aopalliance-1.0.jar:/home/runner/.m2/repository/org/codehaus/plexus/plexus-classworlds/2.6.0/plexus-classworlds-2.6.0.jar:/home/runner/.m2/repository/commons-cli/commons-cli/1.8.0/commons-cli-1.8.0.jar:/home/runner/.m2/repository/org/eclipse/sisu/org.eclipse.sisu.plexus/0.9.0.M3/org.eclipse.sisu.plexus-0.9.0.M3.jar:/home/runner/.m2/repository/org/apache/maven/maven-settings-builder/3.9.9/maven-settings-builder-3.9.9.jar:/home/runner/.m2/repository/org/apache/maven/maven-resolver-provider/3.9.9/maven-resolver-provider-3.9.9.jar:/home/runner/.m2/repository/org/apache/maven/resolver/maven-resolver-connector-basic/1.9.22/maven-resolver-connector-basic-1.9.22.jar:/home/runner/.m2/repository/org/apache/maven/resolver/maven-resolver-transport-wagon/1.9.22/maven-resolver-transport-wagon-1.9.22.jar:/home/runner/.m2/repository/org/apache/maven/wagon/wagon-http/3.5.3/wagon-http-3.5.3.jar:/home/runner/.m2/repository/org/apache/maven/wagon/wagon-file/3.5.3/wagon-file-3.5.3.jar:/home/runner/.m2/repository/io/quarkus/quarkus-bootstrap-gradle-resolver/3.20.2/quarkus-bootstrap-gradle-resolver-3.20.2.jar:/home/runner/.m2/repository/io/smallrye/jandex/3.3.0/jandex-3.3.0.jar:/home/runner/.m2/repository/org/jboss/logging/commons-logging-jboss-logging/1.0.0.Final/commons-logging-jboss-logging-1.0.0.Final.jar:/home/runner/.m2/repository/io/quarkus/quarkus-junit5-config/3.20.2/quarkus-junit5-config-3.20.2.jar:/home/runner/.m2/repository/org/junit/jupiter/junit-jupiter-api/5.12.1/junit-jupiter-api-5.12.1.jar:/home/runner/.m2/repository/io/smallrye/config/smallrye-config/3.11.4/smallrye-config-3.11.4.jar:/home/runner/.m2/repository/io/smallrye/config/smallrye-config-core/3.11.4/smallrye-config-core-3.11.4.jar:/home/runner/.m2/repository/io/smallrye/common/smallrye-common-classloader/2.12.0/smallrye-common-classloader-2.12.0.jar:/home/runner/.m2/repository/io/smallrye/config/smallrye-config-common/3.11.4/smallrye-config-common-3.11.4.jar:/home/runner/.m2/repository/org/junit/jupiter/junit-jupiter/5.12.1/junit-jupiter-5.12.1.jar:/home/runner/.m2/repository/org/junit/jupiter/junit-jupiter-params/5.12.1/junit-jupiter-params-5.12.1.jar:/home/runner/.m2/repository/org/junit/jupiter/junit-jupiter-engine/5.12.1/junit-jupiter-engine-5.12.1.jar:/home/runner/.m2/repository/io/quarkus/quarkus-core/3.20.2/quarkus-core-3.20.2.jar:/home/runner/.m2/repository/jakarta/enterprise/jakarta.enterprise.cdi-api/4.1.0/jakarta.enterprise.cdi-api-4.1.0.jar:/home/runner/.m2/repository/jakarta/enterprise/jakarta.enterprise.lang-model/4.1.0/jakarta.enterprise.lang-model-4.1.0.jar:/home/runner/.m2/repository/jakarta/el/jakarta.el-api/5.0.1/jakarta.el-api-5.0.1.jar:/home/runner/.m2/repository/jakarta/interceptor/jakarta.interceptor-api/2.2.0/jakarta.interceptor-api-2.2.0.jar:/home/runner/.m2/repository/jakarta/inject/jakarta.inject-api/2.0.1/jakarta.inject-api-2.0.1.jar:/home/runner/.m2/repository/io/smallrye/common/smallrye-common-os/2.12.0/smallrye-common-os-2.12.0.jar:/home/runner/.m2/repository/io/quarkus/quarkus-ide-launcher/3.20.2/quarkus-ide-launcher-3.20.2.jar:/home/runner/.m2/repository/io/quarkus/quarkus-development-mode-spi/3.20.2/quarkus-development-mode-spi-3.20.2.jar:/home/runner/.m2/repository/org/jboss/logging/jboss-logging/3.6.1.Final/jboss-logging-3.6.1.Final.jar:/home/runner/.m2/repository/org/jboss/logmanager/jboss-logmanager/3.1.2.Final/jboss-logmanager-3.1.2.Final.jar:/home/runner/.m2/repository/io/smallrye/common/smallrye-common-constraint/2.12.0/smallrye-common-constraint-2.12.0.jar:/home/runner/.m2/repository/io/smallrye/common/smallrye-common-cpu/2.12.0/smallrye-common-cpu-2.12.0.jar:/home/runner/.m2/repository/io/smallrye/common/smallrye-common-expression/2.12.0/smallrye-common-expression-2.12.0.jar:/home/runner/.m2/repository/io/smallrye/common/smallrye-common-net/2.12.0/smallrye-common-net-2.12.0.jar:/home/runner/.m2/repository/io/smallrye/common/smallrye-common-ref/2.12.0/smallrye-common-ref-2.12.0.jar:/home/runner/.m2/repository/jakarta/json/jakarta.json-api/2.1.3/jakarta.json-api-2.1.3.jar:/home/runner/.m2/repository/org/eclipse/parsson/parsson/1.1.7/parsson-1.1.7.jar:/home/runner/.m2/repository/org/jboss/logging/jboss-logging-annotations/3.0.4.Final/jboss-logging-annotations-3.0.4.Final.jar:/home/runner/.m2/repository/org/jboss/threads/jboss-threads/3.8.0.Final/jboss-threads-3.8.0.Final.jar:/home/runner/.m2/repository/io/smallrye/common/smallrye-common-annotation/2.12.0/smallrye-common-annotation-2.12.0.jar:/home/runner/.m2/repository/io/smallrye/common/smallrye-common-function/2.12.0/smallrye-common-function-2.12.0.jar:/home/runner/.m2/repository/org/jboss/slf4j/slf4j-jboss-logmanager/2.0.0.Final/slf4j-jboss-logmanager-2.0.0.Final.jar:/home/runner/.m2/repository/org/wildfly/common/wildfly-common/2.0.1/wildfly-common-2.0.1.jar:/home/runner/.m2/repository/io/quarkus/quarkus-bootstrap-runner/3.20.2/quarkus-bootstrap-runner-3.20.2.jar:/home/runner/.m2/repository/io/github/crac/org-crac/0.1.3/org-crac-0.1.3.jar:/home/runner/.m2/repository/io/quarkus/quarkus-fs-util/0.0.10/quarkus-fs-util-0.0.10.jar:/home/runner/.m2/repository/org/jboss/marshalling/jboss-marshalling/2.2.2.Final/jboss-marshalling-2.2.2.Final.jar:/home/runner/.m2/repository/io/fabric8/kubernetes-client/7.1.0/kubernetes-client-7.1.0.jar:/home/runner/.m2/repository/io/fabric8/kubernetes-client-api/7.1.0/kubernetes-client-api-7.1.0.jar:/home/runner/.m2/repository/io/fabric8/kubernetes-model-core/7.1.0/kubernetes-model-core-7.1.0.jar:/home/runner/.m2/repository/io/fabric8/kubernetes-model-common/7.1.0/kubernetes-model-common-7.1.0.jar:/home/runner/.m2/repository/javax/annotation/javax.annotation-api/1.3.2/javax.annotation-api-1.3.2.jar:/home/runner/.m2/repository/io/fabric8/kubernetes-model-gatewayapi/7.1.0/kubernetes-model-gatewayapi-7.1.0.jar:/home/runner/.m2/repository/io/fabric8/kubernetes-model-resource/7.1.0/kubernetes-model-resource-7.1.0.jar:/home/runner/.m2/repository/io/fabric8/kubernetes-model-rbac/7.1.0/kubernetes-model-rbac-7.1.0.jar:/home/runner/.m2/repository/io/fabric8/kubernetes-model-admissionregistration/7.1.0/kubernetes-model-admissionregistration-7.1.0.jar:/home/runner/.m2/repository/io/fabric8/kubernetes-model-apps/7.1.0/kubernetes-model-apps-7.1.0.jar:/home/runner/.m2/repository/io/fabric8/kubernetes-model-autoscaling/7.1.0/kubernetes-model-autoscaling-7.1.0.jar:/home/runner/.m2/repository/io/fabric8/kubernetes-model-apiextensions/7.1.0/kubernetes-model-apiextensions-7.1.0.jar:/home/runner/.m2/repository/io/fabric8/kubernetes-model-batch/7.1.0/kubernetes-model-batch-7.1.0.jar:/home/runner/.m2/repository/io/fabric8/kubernetes-model-certificates/7.1.0/kubernetes-model-certificates-7.1.0.jar:/home/runner/.m2/repository/io/fabric8/kubernetes-model-coordination/7.1.0/kubernetes-model-coordination-7.1.0.jar:/home/runner/.m2/repository/io/fabric8/kubernetes-model-discovery/7.1.0/kubernetes-model-discovery-7.1.0.jar:/home/runner/.m2/repository/io/fabric8/kubernetes-model-events/7.1.0/kubernetes-model-events-7.1.0.jar:/home/runner/.m2/repository/io/fabric8/kubernetes-model-extensions/7.1.0/kubernetes-model-extensions-7.1.0.jar:/home/runner/.m2/repository/io/fabric8/kubernetes-model-flowcontrol/7.1.0/kubernetes-model-flowcontrol-7.1.0.jar:/home/runner/.m2/repository/io/fabric8/kubernetes-model-networking/7.1.0/kubernetes-model-networking-7.1.0.jar:/home/runner/.m2/repository/io/fabric8/kubernetes-model-metrics/7.1.0/kubernetes-model-metrics-7.1.0.jar:/home/runner/.m2/repository/io/fabric8/kubernetes-model-policy/7.1.0/kubernetes-model-policy-7.1.0.jar:/home/runner/.m2/repository/io/fabric8/kubernetes-model-scheduling/7.1.0/kubernetes-model-scheduling-7.1.0.jar:/home/runner/.m2/repository/io/fabric8/kubernetes-model-storageclass/7.1.0/kubernetes-model-storageclass-7.1.0.jar:/home/runner/.m2/repository/io/fabric8/kubernetes-model-node/7.1.0/kubernetes-model-node-7.1.0.jar:/home/runner/.m2/repository/org/snakeyaml/snakeyaml-engine/2.9/snakeyaml-engine-2.9.jar:/home/runner/.m2/repository/com/fasterxml/jackson/dataformat/jackson-dataformat-yaml/2.18.2/jackson-dataformat-yaml-2.18.2.jar:/home/runner/.m2/repository/com/fasterxml/jackson/datatype/jackson-datatype-jsr310/2.18.2/jackson-datatype-jsr310-2.18.2.jar:/home/runner/.m2/repository/io/fabric8/zjsonpatch/7.1.0/zjsonpatch-7.1.0.jar:/home/runner/.m2/repository/io/fabric8/kubernetes-httpclient-vertx/7.1.0/kubernetes-httpclient-vertx-7.1.0.jar:/home/runner/.m2/repository/io/vertx/vertx-web-client/4.5.16/vertx-web-client-4.5.16.jar:/home/runner/.m2/repository/io/vertx/vertx-web-common/4.5.16/vertx-web-common-4.5.16.jar:/home/runner/.m2/repository/io/vertx/vertx-auth-common/4.5.16/vertx-auth-common-4.5.16.jar:/home/runner/.m2/repository/io/vertx/vertx-uri-template/4.5.16/vertx-uri-template-4.5.16.jar:/home/runner/.m2/repository/io/fabric8/openshift-client/7.1.0/openshift-client-7.1.0.jar:/home/runner/.m2/repository/io/fabric8/openshift-client-api/7.1.0/openshift-client-api-7.1.0.jar:/home/runner/.m2/repository/io/fabric8/openshift-model/7.1.0/openshift-model-7.1.0.jar:/home/runner/.m2/repository/io/fabric8/openshift-model-autoscaling/7.1.0/openshift-model-autoscaling-7.1.0.jar:/home/runner/.m2/repository/io/fabric8/openshift-model-operator/7.1.0/openshift-model-operator-7.1.0.jar:/home/runner/.m2/repository/io/fabric8/openshift-model-operatorhub/7.1.0/openshift-model-operatorhub-7.1.0.jar:/home/runner/.m2/repository/io/fabric8/openshift-model-machine/7.1.0/openshift-model-machine-7.1.0.jar:/home/runner/.m2/repository/io/fabric8/openshift-model-whereabouts/7.1.0/openshift-model-whereabouts-7.1.0.jar:/home/runner/.m2/repository/io/fabric8/openshift-model-monitoring/7.1.0/openshift-model-monitoring-7.1.0.jar:/home/runner/.m2/repository/io/fabric8/openshift-model-storageversionmigrator/7.1.0/openshift-model-storageversionmigrator-7.1.0.jar:/home/runner/.m2/repository/io/fabric8/openshift-model-tuned/7.1.0/openshift-model-tuned-7.1.0.jar:/home/runner/.m2/repository/io/fabric8/openshift-model-console/7.1.0/openshift-model-console-7.1.0.jar:/home/runner/.m2/repository/io/fabric8/openshift-model-config/7.1.0/openshift-model-config-7.1.0.jar:/home/runner/.m2/repository/io/fabric8/openshift-model-machineconfiguration/7.1.0/openshift-model-machineconfiguration-7.1.0.jar:/home/runner/.m2/repository/io/fabric8/openshift-model-miscellaneous/7.1.0/openshift-model-miscellaneous-7.1.0.jar:/home/runner/.m2/repository/io/fabric8/openshift-model-hive/7.1.0/openshift-model-hive-7.1.0.jar:/home/runner/.m2/repository/io/fabric8/openshift-model-installer/7.1.0/openshift-model-installer-7.1.0.jar:/home/runner/.m2/repository/org/junit/platform/junit-platform-launcher/1.12.1/junit-platform-launcher-1.12.1.jar:/home/runner/.m2/repository/org/junit/platform/junit-platform-engine/1.12.1/junit-platform-engine-1.12.1.jar:/home/runner/.m2/repository/org/opentest4j/opentest4j/1.3.0/opentest4j-1.3.0.jar:/home/runner/.m2/repository/org/junit/platform/junit-platform-commons/1.12.1/junit-platform-commons-1.12.1.jar:/home/runner/.m2/repository/org/apiguardian/apiguardian-api/1.1.2/apiguardian-api-1.1.2.jar:/home/runner/.m2/repository/jakarta/ws/rs/jakarta.ws.rs-api/3.1.0/jakarta.ws.rs-api-3.1.0.jar:/home/runner/work/apicurio-testing/apicurio-testing/clusters/ci419/namespaces/mysql/tests/integration/apicurio-registry/java-sdk/target/apicurio-registry-java-sdk-3.0.12-SNAPSHOT.jar:/home/runner/.m2/repository/com/microsoft/kiota/microsoft-kiota-abstractions/1.8.8/microsoft-kiota-abstractions-1.8.8.jar:/home/runner/.m2/repository/io/github/std-uritemplate/std-uritemplate/2.0.0/std-uritemplate-2.0.0.jar:/home/runner/.m2/repository/io/kiota/kiota-http-jdk/0.0.29/kiota-http-jdk-0.0.29.jar:/home/runner/.m2/repository/io/kiota/kiota-http-vertx/0.0.29/kiota-http-vertx-0.0.29.jar:/home/runner/.m2/repository/io/kiota/kiota-serialization-jackson/0.0.29/kiota-serialization-jackson-0.0.29.jar:/home/runner/.m2/repository/com/microsoft/kiota/microsoft-kiota-serialization-text/1.8.8/microsoft-kiota-serialization-text-1.8.8.jar:/home/runner/.m2/repository/com/microsoft/kiota/microsoft-kiota-serialization-form/1.8.8/microsoft-kiota-serialization-form-1.8.8.jar:/home/runner/.m2/repository/com/microsoft/kiota/microsoft-kiota-serialization-multipart/1.8.8/microsoft-kiota-serialization-multipart-1.8.8.jar:/home/runner/.m2/repository/jakarta/annotation/jakarta.annotation-api/3.0.0/jakarta.annotation-api-3.0.0.jar:/home/runner/.m2/repository/io/vertx/vertx-auth-oauth2/4.5.16/vertx-auth-oauth2-4.5.16.jar:/home/runner/work/apicurio-testing/apicurio-testing/clusters/ci419/namespaces/mysql/tests/integration/apicurio-registry/java-sdk-v2/target/apicurio-registry-v2-java-sdk-3.0.12-SNAPSHOT.jar:/home/runner/work/apicurio-testing/apicurio-testing/clusters/ci419/namespaces/mysql/tests/integration/apicurio-registry/utils/kafka/target/apicurio-registry-utils-kafka-3.0.12-SNAPSHOT-tests.jar:/home/runner/.m2/repository/org/eclipse/microprofile/config/microprofile-config-api/3.1/microprofile-config-api-3.1.jar:/home/runner/.m2/repository/org/apache/kafka/kafka-clients/3.9.1/kafka-clients-3.9.1.jar:/home/runner/.m2/repository/com/github/luben/zstd-jni/1.5.6-4/zstd-jni-1.5.6-4.jar:/home/runner/.m2/repository/org/lz4/lz4-java/1.8.0/lz4-java-1.8.0.jar:/home/runner/.m2/repository/org/xerial/snappy/snappy-java/1.1.10.5/snappy-java-1.1.10.5.jar:/home/runner/.m2/repository/org/slf4j/slf4j-api/2.0.6/slf4j-api-2.0.6.jar:/home/runner/work/apicurio-testing/apicurio-testing/clusters/ci419/namespaces/mysql/tests/integration/apicurio-registry/utils/tests/target/apicurio-registry-utils-tests-3.0.12-SNAPSHOT.jar:/home/runner/work/apicurio-testing/apicurio-testing/clusters/ci419/namespaces/mysql/tests/integration/apicurio-registry/common/target/apicurio-registry-common-3.0.12-SNAPSHOT.jar:/home/runner/.m2/repository/jakarta/validation/jakarta.validation-api/3.0.2/jakarta.validation-api-3.0.2.jar:/home/runner/.m2/repository/com/github/dasniko/testcontainers-keycloak/3.8.0/testcontainers-keycloak-3.8.0.jar:/home/runner/.m2/repository/org/testcontainers/testcontainers/1.20.6/testcontainers-1.20.6.jar:/home/runner/.m2/repository/org/rnorth/duct-tape/duct-tape/1.0.8/duct-tape-1.0.8.jar:/home/runner/.m2/repository/com/github/docker-java/docker-java-transport-zerodep/3.4.1/docker-java-transport-zerodep-3.4.1.jar:/home/runner/.m2/repository/com/github/docker-java/docker-java-transport/3.4.1/docker-java-transport-3.4.1.jar:/home/runner/.m2/repository/net/java/dev/jna/jna/5.8.0/jna-5.8.0.jar:/home/runner/.m2/repository/io/quarkus/quarkus-junit4-mock/3.20.2/quarkus-junit4-mock-3.20.2.jar:/home/runner/.m2/repository/org/jboss/shrinkwrap/shrinkwrap-api/2.0.0-beta-2/shrinkwrap-api-2.0.0-beta-2.jar:/home/runner/.m2/repository/org/jboss/shrinkwrap/shrinkwrap-impl-base/2.0.0-beta-2/shrinkwrap-impl-base-2.0.0-beta-2.jar:/home/runner/.m2/repository/org/jboss/shrinkwrap/shrinkwrap-spi/2.0.0-beta-2/shrinkwrap-spi-2.0.0-beta-2.jar:/home/runner/.m2/repository/org/keycloak/keycloak-admin-client/26.0.4/keycloak-admin-client-26.0.4.jar:/home/runner/.m2/repository/org/keycloak/keycloak-client-common-synced/26.0.4/keycloak-client-common-synced-26.0.4.jar:/home/runner/.m2/repository/jakarta/activation/jakarta.activation-api/2.1.3/jakarta.activation-api-2.1.3.jar:/home/runner/.m2/repository/org/eclipse/microprofile/openapi/microprofile-openapi-api/4.0.2/microprofile-openapi-api-4.0.2.jar:/home/runner/.m2/repository/org/jboss/resteasy/resteasy-client/6.2.12.Final/resteasy-client-6.2.12.Final.jar:/home/runner/.m2/repository/org/jboss/resteasy/resteasy-client-api/6.2.12.Final/resteasy-client-api-6.2.12.Final.jar:/home/runner/.m2/repository/org/jboss/resteasy/resteasy-core-spi/6.2.12.Final/resteasy-core-spi-6.2.12.Final.jar:/home/runner/.m2/repository/org/jboss/resteasy/resteasy-core/6.2.12.Final/resteasy-core-6.2.12.Final.jar:/home/runner/.m2/repository/org/eclipse/angus/angus-activation/2.0.2/angus-activation-2.0.2.jar:/home/runner/.m2/repository/com/ibm/async/asyncutil/0.1.0/asyncutil-0.1.0.jar:/home/runner/.m2/repository/org/reactivestreams/reactive-streams/1.0.4/reactive-streams-1.0.4.jar:/home/runner/.m2/repository/org/jboss/resteasy/resteasy-multipart-provider/6.2.12.Final/resteasy-multipart-provider-6.2.12.Final.jar:/home/runner/.m2/repository/jakarta/mail/jakarta.mail-api/2.1.3/jakarta.mail-api-2.1.3.jar:/home/runner/.m2/repository/org/eclipse/angus/angus-mail/2.0.3/angus-mail-2.0.3.jar:/home/runner/.m2/repository/org/apache/james/apache-mime4j-dom/0.8.12/apache-mime4j-dom-0.8.12.jar:/home/runner/.m2/repository/org/apache/james/apache-mime4j-core/0.8.12/apache-mime4j-core-0.8.12.jar:/home/runner/.m2/repository/org/apache/james/apache-mime4j-storage/0.8.12/apache-mime4j-storage-0.8.12.jar:/home/runner/.m2/repository/org/jboss/resteasy/resteasy-jackson2-provider/6.2.12.Final/resteasy-jackson2-provider-6.2.12.Final.jar:/home/runner/.m2/repository/com/fasterxml/jackson/jakarta/rs/jackson-jakarta-rs-base/2.18.2/jackson-jakarta-rs-base-2.18.2.jar:/home/runner/.m2/repository/com/fasterxml/jackson/jakarta/rs/jackson-jakarta-rs-json-provider/2.18.2/jackson-jakarta-rs-json-provider-2.18.2.jar:/home/runner/.m2/repository/com/fasterxml/jackson/module/jackson-module-jakarta-xmlbind-annotations/2.18.2/jackson-module-jakarta-xmlbind-annotations-2.18.2.jar:/home/runner/.m2/repository/com/github/java-json-tools/json-patch/1.13/json-patch-1.13.jar:/home/runner/.m2/repository/com/github/java-json-tools/msg-simple/1.2/msg-simple-1.2.jar:/home/runner/.m2/repository/com/github/java-json-tools/btf/1.3/btf-1.3.jar:/home/runner/.m2/repository/com/github/java-json-tools/jackson-coreutils/2.0/jackson-coreutils-2.0.jar:/home/runner/.m2/repository/org/jboss/resteasy/resteasy-jaxb-provider/6.2.12.Final/resteasy-jaxb-provider-6.2.12.Final.jar:/home/runner/.m2/repository/org/glassfish/jaxb/codemodel/4.0.5/codemodel-4.0.5.jar:/home/runner/.m2/repository/org/glassfish/jaxb/jaxb-core/4.0.5/jaxb-core-4.0.5.jar:/home/runner/.m2/repository/org/glassfish/jaxb/jaxb-jxc/4.0.5/jaxb-jxc-4.0.5.jar:/home/runner/.m2/repository/org/glassfish/jaxb/jaxb-runtime/4.0.5/jaxb-runtime-4.0.5.jar:/home/runner/.m2/repository/org/glassfish/jaxb/txw2/4.0.5/txw2-4.0.5.jar:/home/runner/.m2/repository/org/glassfish/jaxb/jaxb-xjc/4.0.5/jaxb-xjc-4.0.5.jar:/home/runner/.m2/repository/org/glassfish/jaxb/xsom/4.0.5/xsom-4.0.5.jar:/home/runner/.m2/repository/com/sun/istack/istack-commons-runtime/4.1.2/istack-commons-runtime-4.1.2.jar:/home/runner/.m2/repository/com/sun/istack/istack-commons-tools/4.1.2/istack-commons-tools-4.1.2.jar:/home/runner/.m2/repository/com/sun/xml/bind/external/relaxng-datatype/4.0.5/relaxng-datatype-4.0.5.jar:/home/runner/.m2/repository/com/sun/xml/bind/external/rngom/4.0.5/rngom-4.0.5.jar:/home/runner/.m2/repository/org/testcontainers/mssqlserver/1.20.6/mssqlserver-1.20.6.jar:/home/runner/.m2/repository/org/testcontainers/jdbc/1.20.6/jdbc-1.20.6.jar:/home/runner/.m2/repository/org/testcontainers/database-commons/1.20.6/database-commons-1.20.6.jar:/home/runner/.m2/repository/org/testcontainers/mysql/1.20.6/mysql-1.20.6.jar:/home/runner/.m2/repository/io/strimzi/strimzi-test-container/0.111.0/strimzi-test-container-0.111.0.jar:/home/runner/.m2/repository/org/testcontainers/toxiproxy/1.20.6/toxiproxy-1.20.6.jar:/home/runner/.m2/repository/com/github/docker-java/docker-java-api/3.4.1/docker-java-api-3.4.1.jar:/home/runner/.m2/repository/org/apache/logging/log4j/log4j-slf4j-impl/2.19.0/log4j-slf4j-impl-2.19.0.jar:/home/runner/.m2/repository/org/apache/logging/log4j/log4j-api/2.24.3/log4j-api-2.24.3.jar:/home/runner/.m2/repository/org/apache/logging/log4j/log4j-core/2.19.0/log4j-core-2.19.0.jar:/home/runner/.m2/repository/eu/rekawek/toxiproxy/toxiproxy-java/2.1.7/toxiproxy-java-2.1.7.jar:/home/runner/.m2/repository/org/testcontainers/pulsar/1.21.3/pulsar-1.21.3.jar:/home/runner/.m2/repository/io/debezium/debezium-testing-testcontainers/2.7.4.Final/debezium-testing-testcontainers-2.7.4.Final.jar:/home/runner/.m2/repository/org/testcontainers/kafka/1.20.6/kafka-1.20.6.jar:/home/runner/.m2/repository/com/squareup/okhttp3/okhttp/4.8.1/okhttp-4.8.1.jar:/home/runner/.m2/repository/com/squareup/okio/okio/3.10.2/okio-3.10.2.jar:/home/runner/.m2/repository/com/squareup/okio/okio-jvm/3.10.2/okio-jvm-3.10.2.jar:/home/runner/.m2/repository/org/jetbrains/kotlin/kotlin-stdlib/2.0.21/kotlin-stdlib-2.0.21.jar:/home/runner/.m2/repository/org/awaitility/awaitility/4.3.0/awaitility-4.3.0.jar:/home/runner/.m2/repository/org/testcontainers/mongodb/1.20.6/mongodb-1.20.6.jar:/home/runner/.m2/repository/org/testcontainers/mariadb/1.20.6/mariadb-1.20.6.jar:/home/runner/.m2/repository/org/testcontainers/oracle-xe/1.20.6/oracle-xe-1.20.6.jar:/home/runner/.m2/repository/org/testcontainers/postgresql/1.20.6/postgresql-1.20.6.jar:/home/runner/.m2/repository/org/wiremock/wiremock/3.0.1/wiremock-3.0.1.jar:/home/runner/.m2/repository/org/eclipse/jetty/jetty-server/11.0.15/jetty-server-11.0.15.jar:/home/runner/.m2/repository/org/eclipse/jetty/toolchain/jetty-jakarta-servlet-api/5.0.2/jetty-jakarta-servlet-api-5.0.2.jar:/home/runner/.m2/repository/org/eclipse/jetty/jetty-http/11.0.15/jetty-http-11.0.15.jar:/home/runner/.m2/repository/org/eclipse/jetty/jetty-io/11.0.15/jetty-io-11.0.15.jar:/home/runner/.m2/repository/org/eclipse/jetty/jetty-servlet/11.0.15/jetty-servlet-11.0.15.jar:/home/runner/.m2/repository/org/eclipse/jetty/jetty-security/11.0.15/jetty-security-11.0.15.jar:/home/runner/.m2/repository/org/eclipse/jetty/jetty-servlets/11.0.15/jetty-servlets-11.0.15.jar:/home/runner/.m2/repository/org/eclipse/jetty/jetty-util/11.0.15/jetty-util-11.0.15.jar:/home/runner/.m2/repository/org/eclipse/jetty/jetty-webapp/11.0.15/jetty-webapp-11.0.15.jar:/home/runner/.m2/repository/org/eclipse/jetty/jetty-xml/11.0.15/jetty-xml-11.0.15.jar:/home/runner/.m2/repository/org/eclipse/jetty/jetty-proxy/11.0.15/jetty-proxy-11.0.15.jar:/home/runner/.m2/repository/org/eclipse/jetty/jetty-client/11.0.15/jetty-client-11.0.15.jar:/home/runner/.m2/repository/org/eclipse/jetty/http2/http2-server/11.0.15/http2-server-11.0.15.jar:/home/runner/.m2/repository/org/eclipse/jetty/http2/http2-common/11.0.15/http2-common-11.0.15.jar:/home/runner/.m2/repository/org/eclipse/jetty/http2/http2-hpack/11.0.15/http2-hpack-11.0.15.jar:/home/runner/.m2/repository/org/eclipse/jetty/jetty-alpn-server/11.0.15/jetty-alpn-server-11.0.15.jar:/home/runner/.m2/repository/org/eclipse/jetty/jetty-alpn-java-server/11.0.15/jetty-alpn-java-server-11.0.15.jar:/home/runner/.m2/repository/org/eclipse/jetty/jetty-alpn-java-client/11.0.15/jetty-alpn-java-client-11.0.15.jar:/home/runner/.m2/repository/org/eclipse/jetty/jetty-alpn-client/11.0.15/jetty-alpn-client-11.0.15.jar:/home/runner/.m2/repository/org/apache/httpcomponents/client5/httpclient5/5.2.1/httpclient5-5.2.1.jar:/home/runner/.m2/repository/org/apache/httpcomponents/core5/httpcore5/5.2/httpcore5-5.2.jar:/home/runner/.m2/repository/org/apache/httpcomponents/core5/httpcore5-h2/5.2/httpcore5-h2-5.2.jar:/home/runner/.m2/repository/org/xmlunit/xmlunit-core/2.9.1/xmlunit-core-2.9.1.jar:/home/runner/.m2/repository/jakarta/xml/bind/jakarta.xml.bind-api/4.0.2/jakarta.xml.bind-api-4.0.2.jar:/home/runner/.m2/repository/org/xmlunit/xmlunit-legacy/2.9.1/xmlunit-legacy-2.9.1.jar:/home/runner/.m2/repository/org/xmlunit/xmlunit-placeholders/2.9.1/xmlunit-placeholders-2.9.1.jar:/home/runner/.m2/repository/net/javacrumbs/json-unit/json-unit-core/2.38.0/json-unit-core-2.38.0.jar:/home/runner/.m2/repository/org/hamcrest/hamcrest-core/2.2/hamcrest-core-2.2.jar:/home/runner/.m2/repository/com/jayway/jsonpath/json-path/2.8.0/json-path-2.8.0.jar:/home/runner/.m2/repository/net/minidev/json-smart/2.4.10/json-smart-2.4.10.jar:/home/runner/.m2/repository/net/minidev/accessors-smart/2.4.9/accessors-smart-2.4.9.jar:/home/runner/.m2/repository/org/ow2/asm/asm/9.7.1/asm-9.7.1.jar:/home/runner/.m2/repository/net/sf/jopt-simple/jopt-simple/5.0.4/jopt-simple-5.0.4.jar:/home/runner/.m2/repository/com/github/jknack/handlebars/4.3.1/handlebars-4.3.1.jar:/home/runner/.m2/repository/com/github/jknack/handlebars-helpers/4.3.1/handlebars-helpers-4.3.1.jar:/home/runner/.m2/repository/commons-fileupload/commons-fileupload/1.5/commons-fileupload-1.5.jar:/home/runner/.m2/repository/com/networknt/json-schema-validator/1.5.8/json-schema-validator-1.5.8.jar:/home/runner/.m2/repository/com/ethlo/time/itu/1.10.3/itu-1.10.3.jar:/home/runner/.m2/repository/io/quarkus/quarkus-smallrye-jwt-build/3.20.2/quarkus-smallrye-jwt-build-3.20.2.jar:/home/runner/.m2/repository/io/smallrye/smallrye-jwt-build/4.6.2/smallrye-jwt-build-4.6.2.jar:/home/runner/.m2/repository/org/eclipse/microprofile/jwt/microprofile-jwt-auth-api/2.1/microprofile-jwt-auth-api-2.1.jar:/home/runner/.m2/repository/org/bitbucket/b_c/jose4j/0.9.6/jose4j-0.9.6.jar:/home/runner/.m2/repository/io/smallrye/smallrye-jwt-common/4.6.2/smallrye-jwt-common-4.6.2.jar:/home/runner/.m2/repository/io/quarkus/quarkus-jsonp/3.20.2/quarkus-jsonp-3.20.2.jar:/home/runner/.m2/repository/io/quarkus/quarkus-arc/3.20.2/quarkus-arc-3.20.2.jar:/home/runner/.m2/repository/io/quarkus/arc/arc/3.20.2/arc-3.20.2.jar:/home/runner/.m2/repository/jakarta/transaction/jakarta.transaction-api/2.0.1/jakarta.transaction-api-2.0.1.jar:/home/runner/.m2/repository/io/smallrye/reactive/mutiny/2.9.2/mutiny-2.9.2.jar:/home/runner/.m2/repository/org/jctools/jctools-core/4.0.5/jctools-core-4.0.5.jar:/home/runner/.m2/repository/org/eclipse/microprofile/context-propagation/microprofile-context-propagation-api/1.3/microprofile-context-propagation-api-1.3.jar:/home/runner/.m2/repository/io/apicurio/apicurio-common-rest-client-common/0.1.18.Final/apicurio-common-rest-client-common-0.1.18.Final.jar:/home/runner/work/apicurio-testing/apicurio-testing/clusters/ci419/namespaces/mysql/tests/integration/apicurio-registry/utils/maven-plugin/target/apicurio-registry-maven-plugin-3.0.12-SNAPSHOT.jar:/home/runner/.m2/repository/com/fasterxml/jackson/core/jackson-databind/2.18.2/jackson-databind-2.18.2.jar:/home/runner/.m2/repository/org/apache/avro/avro/1.12.0/avro-1.12.0.jar:/home/runner/.m2/repository/com/google/protobuf/protobuf-java/4.31.1/protobuf-java-4.31.1.jar:/home/runner/.m2/repository/com/google/protobuf/protobuf-java-util/4.31.1/protobuf-java-util-4.31.1.jar:/home/runner/.m2/repository/com/google/code/findbugs/jsr305/3.0.2/jsr305-3.0.2.jar:/home/runner/.m2/repository/com/google/code/gson/gson/2.12.1/gson-2.12.1.jar:/home/runner/.m2/repository/com/google/errorprone/error_prone_annotations/2.36.0/error_prone_annotations-2.36.0.jar:/home/runner/.m2/repository/com/google/j2objc/j2objc-annotations/2.8/j2objc-annotations-2.8.jar:/home/runner/work/apicurio-testing/apicurio-testing/clusters/ci419/namespaces/mysql/tests/integration/apicurio-registry/schema-util/util-provider/target/apicurio-registry-schema-util-provider-3.0.12-SNAPSHOT.jar:/home/runner/work/apicurio-testing/apicurio-testing/clusters/ci419/namespaces/mysql/tests/integration/apicurio-registry/schema-util/common/target/apicurio-registry-schema-util-common-3.0.12-SNAPSHOT.jar:/home/runner/.m2/repository/com/fasterxml/jackson/module/jackson-module-parameter-names/2.18.2/jackson-module-parameter-names-2.18.2.jar:/home/runner/.m2/repository/com/fasterxml/jackson/datatype/jackson-datatype-json-org/2.18.2/jackson-datatype-json-org-2.18.2.jar:/home/runner/work/apicurio-testing/apicurio-testing/clusters/ci419/namespaces/mysql/tests/integration/apicurio-registry/schema-util/json/target/apicurio-registry-schema-util-json-3.0.12-SNAPSHOT.jar:/home/runner/.m2/repository/com/github/erosb/everit-json-schema/1.14.5/everit-json-schema-1.14.5.jar:/home/runner/.m2/repository/commons-validator/commons-validator/1.9.0/commons-validator-1.9.0.jar:/home/runner/.m2/repository/commons-digester/commons-digester/2.1/commons-digester-2.1.jar:/home/runner/.m2/repository/commons-collections/commons-collections/3.2.2/commons-collections-3.2.2.jar:/home/runner/.m2/repository/com/damnhandy/handy-uri-templates/2.1.8/handy-uri-templates-2.1.8.jar:/home/runner/.m2/repository/joda-time/joda-time/2.10.2/joda-time-2.10.2.jar:/home/runner/.m2/repository/com/github/erosb/json-sKema/0.20.0/json-sKema-0.20.0.jar:/home/runner/.m2/repository/io/vertx/vertx-json-schema/4.5.16/vertx-json-schema-4.5.16.jar:/home/runner/work/apicurio-testing/apicurio-testing/clusters/ci419/namespaces/mysql/tests/integration/apicurio-registry/schema-util/protobuf/target/apicurio-registry-schema-util-protobuf-3.0.12-SNAPSHOT.jar:/home/runner/work/apicurio-testing/apicurio-testing/clusters/ci419/namespaces/mysql/tests/integration/apicurio-registry/utils/protobuf-schema-utilities/target/apicurio-registry-protobuf-schema-utilities-3.0.12-SNAPSHOT.jar:/home/runner/.m2/repository/com/google/api/grpc/proto-google-common-protos/2.52.0/proto-google-common-protos-2.52.0.jar:/home/runner/.m2/repository/com/squareup/wire/wire-schema-jvm/5.3.3/wire-schema-jvm-5.3.3.jar:/home/runner/.m2/repository/com/palantir/javapoet/javapoet/0.6.0/javapoet-0.6.0.jar:/home/runner/.m2/repository/com/squareup/kotlinpoet-jvm/2.0.0/kotlinpoet-jvm-2.0.0.jar:/home/runner/.m2/repository/org/jetbrains/kotlin/kotlin-reflect/2.0.21/kotlin-reflect-2.0.21.jar:/home/runner/.m2/repository/com/squareup/wire/wire-runtime-jvm/5.3.3/wire-runtime-jvm-5.3.3.jar:/home/runner/.m2/repository/com/ibm/icu/icu4j/76.1/icu4j-76.1.jar:/home/runner/.m2/repository/com/squareup/okio/okio-fakefilesystem/3.10.2/okio-fakefilesystem-3.10.2.jar:/home/runner/.m2/repository/com/squareup/okio/okio-fakefilesystem-jvm/3.10.2/okio-fakefilesystem-jvm-3.10.2.jar:/home/runner/.m2/repository/org/jetbrains/kotlinx/kotlinx-datetime-jvm/0.6.1/kotlinx-datetime-jvm-0.6.1.jar:/home/runner/work/apicurio-testing/apicurio-testing/clusters/ci419/namespaces/mysql/tests/integration/apicurio-registry/schema-util/asyncapi/target/apicurio-registry-schema-util-asyncapi-3.0.12-SNAPSHOT.jar:/home/runner/work/apicurio-testing/apicurio-testing/clusters/ci419/namespaces/mysql/tests/integration/apicurio-registry/schema-util/avro/target/apicurio-registry-schema-util-avro-3.0.12-SNAPSHOT.jar:/home/runner/work/apicurio-testing/apicurio-testing/clusters/ci419/namespaces/mysql/tests/integration/apicurio-registry/schema-util/graphql/target/apicurio-registry-schema-util-graphql-3.0.12-SNAPSHOT.jar:/home/runner/.m2/repository/com/graphql-java/graphql-java/22.4/graphql-java-22.4.jar:/home/runner/.m2/repository/com/graphql-java/java-dataloader/3.3.0/java-dataloader-3.3.0.jar:/home/runner/work/apicurio-testing/apicurio-testing/clusters/ci419/namespaces/mysql/tests/integration/apicurio-registry/schema-util/kconnect/target/apicurio-registry-schema-util-kconnect-3.0.12-SNAPSHOT.jar:/home/runner/work/apicurio-testing/apicurio-testing/clusters/ci419/namespaces/mysql/tests/integration/apicurio-registry/schema-util/openapi/target/apicurio-registry-schema-util-openapi-3.0.12-SNAPSHOT.jar:/home/runner/.m2/repository/io/apicurio/apicurio-data-models/2.2.2/apicurio-data-models-2.2.2.jar:/home/runner/.m2/repository/org/openapitools/openapidiff/openapi-diff-core/2.1.2/openapi-diff-core-2.1.2.jar:/home/runner/.m2/repository/io/swagger/parser/v3/swagger-parser/2.1.28/swagger-parser-2.1.28.jar:/home/runner/.m2/repository/io/swagger/parser/v3/swagger-parser-v2-converter/2.1.28/swagger-parser-v2-converter-2.1.28.jar:/home/runner/.m2/repository/io/swagger/swagger-core/1.6.16/swagger-core-1.6.16.jar:/home/runner/.m2/repository/io/swagger/swagger-models/1.6.16/swagger-models-1.6.16.jar:/home/runner/.m2/repository/io/swagger/swagger-annotations/1.6.16/swagger-annotations-1.6.16.jar:/home/runner/.m2/repository/io/swagger/swagger-parser/1.0.75/swagger-parser-1.0.75.jar:/home/runner/.m2/repository/io/swagger/swagger-parser-safe-url-resolver/1.0.75/swagger-parser-safe-url-resolver-1.0.75.jar:/home/runner/.m2/repository/io/swagger/swagger-compat-spec-parser/1.0.75/swagger-compat-spec-parser-1.0.75.jar:/home/runner/.m2/repository/com/github/java-json-tools/json-schema-validator/2.2.14/json-schema-validator-2.2.14.jar:/home/runner/.m2/repository/com/github/java-json-tools/jackson-coreutils-equivalence/1.0/jackson-coreutils-equivalence-1.0.jar:/home/runner/.m2/repository/com/github/java-json-tools/json-schema-core/1.2.14/json-schema-core-1.2.14.jar:/home/runner/.m2/repository/com/github/java-json-tools/uri-template/0.10/uri-template-0.10.jar:/home/runner/.m2/repository/com/googlecode/libphonenumber/libphonenumber/8.11.1/libphonenumber-8.11.1.jar:/home/runner/.m2/repository/com/j2html/j2html/1.6.0/j2html-1.6.0.jar:/home/runner/.m2/repository/org/apache/commons/commons-collections4/4.5.0/commons-collections4-4.5.0.jar:/home/runner/.m2/repository/org/slf4j/jcl-over-slf4j/2.0.17/jcl-over-slf4j-2.0.17.jar:/home/runner/.m2/repository/io/swagger/parser/v3/swagger-parser-v3/2.1.31/swagger-parser-v3-2.1.31.jar:/home/runner/.m2/repository/io/swagger/core/v3/swagger-models/2.2.34/swagger-models-2.2.34.jar:/home/runner/.m2/repository/io/swagger/core/v3/swagger-core/2.2.34/swagger-core-2.2.34.jar:/home/runner/.m2/repository/io/swagger/parser/v3/swagger-parser-core/2.1.31/swagger-parser-core-2.1.31.jar:/home/runner/.m2/repository/io/swagger/parser/v3/swagger-parser-safe-url-resolver/2.1.31/swagger-parser-safe-url-resolver-2.1.31.jar:/home/runner/work/apicurio-testing/apicurio-testing/clusters/ci419/namespaces/mysql/tests/integration/apicurio-registry/schema-util/wsdl/target/apicurio-registry-schema-util-wsdl-3.0.12-SNAPSHOT.jar:/home/runner/.m2/repository/wsdl4j/wsdl4j/1.6.3/wsdl4j-1.6.3.jar:/home/runner/work/apicurio-testing/apicurio-testing/clusters/ci419/namespaces/mysql/tests/integration/apicurio-registry/schema-util/xml/target/apicurio-registry-schema-util-xml-3.0.12-SNAPSHOT.jar:/home/runner/.m2/repository/org/apache/santuario/xmlsec/4.0.4/xmlsec-4.0.4.jar:/home/runner/.m2/repository/com/fasterxml/woodstox/woodstox-core/7.1.1/woodstox-core-7.1.1.jar:/home/runner/.m2/repository/org/codehaus/woodstox/stax2-api/4.2.2/stax2-api-4.2.2.jar:/home/runner/work/apicurio-testing/apicurio-testing/clusters/ci419/namespaces/mysql/tests/integration/apicurio-registry/schema-util/xsd/target/apicurio-registry-schema-util-xsd-3.0.12-SNAPSHOT.jar:/home/runner/work/apicurio-testing/apicurio-testing/clusters/ci419/namespaces/mysql/tests/integration/apicurio-registry/serdes/kafka/jsonschema-serde/target/apicurio-registry-jsonschema-serde-kafka-3.0.12-SNAPSHOT.jar:/home/runner/work/apicurio-testing/apicurio-testing/clusters/ci419/namespaces/mysql/tests/integration/apicurio-registry/serdes/kafka/serde-kafka-common/target/apicurio-registry-serde-kafka-common-3.0.12-SNAPSHOT.jar:/home/runner/work/apicurio-testing/apicurio-testing/clusters/ci419/namespaces/mysql/tests/integration/apicurio-registry/serdes/generic/serde-common/target/apicurio-registry-serde-common-3.0.12-SNAPSHOT.jar:/home/runner/work/apicurio-testing/apicurio-testing/clusters/ci419/namespaces/mysql/tests/integration/apicurio-registry/serdes/generic/serde-common-jsonschema/target/apicurio-registry-serde-common-jsonschema-3.0.12-SNAPSHOT.jar:/home/runner/.m2/repository/org/json/json/20250107/json-20250107.jar:/home/runner/work/apicurio-testing/apicurio-testing/clusters/ci419/namespaces/mysql/tests/integration/apicurio-registry/serdes/kafka/avro-serde/target/apicurio-registry-avro-serde-kafka-3.0.12-SNAPSHOT.jar:/home/runner/work/apicurio-testing/apicurio-testing/clusters/ci419/namespaces/mysql/tests/integration/apicurio-registry/serdes/generic/serde-common-avro/target/apicurio-registry-serde-common-avro-3.0.12-SNAPSHOT.jar:/home/runner/work/apicurio-testing/apicurio-testing/clusters/ci419/namespaces/mysql/tests/integration/apicurio-registry/serdes/kafka/protobuf-serde/target/apicurio-registry-protobuf-serde-kafka-3.0.12-SNAPSHOT.jar:/home/runner/work/apicurio-testing/apicurio-testing/clusters/ci419/namespaces/mysql/tests/integration/apicurio-registry/serdes/generic/serde-common-protobuf/target/apicurio-registry-serde-common-protobuf-3.0.12-SNAPSHOT.jar:/home/runner/.m2/repository/com/squareup/wire/wire-schema/5.3.3/wire-schema-5.3.3.jar:/home/runner/.m2/repository/com/squareup/wire/wire-runtime/5.3.3/wire-runtime-5.3.3.jar:/home/runner/work/apicurio-testing/apicurio-testing/clusters/ci419/namespaces/mysql/tests/integration/apicurio-registry/serdes/pulsar/avro-serde/target/apicurio-registry-avro-serde-pulsar-3.0.12-SNAPSHOT.jar:/home/runner/.m2/repository/org/apache/pulsar/pulsar-functions-api/3.3.8/pulsar-functions-api-3.3.8.jar:/home/runner/work/apicurio-testing/apicurio-testing/clusters/ci419/namespaces/mysql/tests/integration/apicurio-registry/serdes/nats/avro-serde/target/apicurio-registry-avro-serde-nats-3.0.12-SNAPSHOT.jar:/home/runner/.m2/repository/io/nats/jnats/2.21.4/jnats-2.21.4.jar:/home/runner/.m2/repository/org/bouncycastle/bcprov-lts8on/2.73.7/bcprov-lts8on-2.73.7.jar:/home/runner/.m2/repository/org/jetbrains/annotations/26.0.2/annotations-26.0.2.jar:/home/runner/work/apicurio-testing/apicurio-testing/clusters/ci419/namespaces/mysql/tests/integration/apicurio-registry/utils/converter/target/apicurio-registry-utils-converter-3.0.12-SNAPSHOT.jar:/home/runner/work/apicurio-testing/apicurio-testing/clusters/ci419/namespaces/mysql/tests/integration/apicurio-registry/schema-resolver/target/apicurio-registry-schema-resolver-3.0.12-SNAPSHOT.jar:/home/runner/.m2/repository/org/apache/kafka/connect-api/3.9.1/connect-api-3.9.1.jar:/home/runner/.m2/repository/javax/ws/rs/javax.ws.rs-api/2.1.1/javax.ws.rs-api-2.1.1.jar:/home/runner/.m2/repository/org/apache/kafka/connect-json/3.9.1/connect-json-3.9.1.jar:/home/runner/.m2/repository/com/fasterxml/jackson/datatype/jackson-datatype-jdk8/2.18.2/jackson-datatype-jdk8-2.18.2.jar:/home/runner/.m2/repository/com/fasterxml/jackson/module/jackson-module-afterburner/2.18.2/jackson-module-afterburner-2.18.2.jar:/home/runner/work/apicurio-testing/apicurio-testing/clusters/ci419/namespaces/mysql/tests/integration/apicurio-registry/utils/kafka/target/apicurio-registry-utils-kafka-3.0.12-SNAPSHOT.jar:/home/runner/.m2/repository/org/apache/pulsar/pulsar-client/3.3.8/pulsar-client-3.3.8.jar:/home/runner/.m2/repository/org/apache/pulsar/pulsar-client-api/3.3.8/pulsar-client-api-3.3.8.jar:/home/runner/.m2/repository/org/apache/pulsar/pulsar-client-admin-api/3.3.8/pulsar-client-admin-api-3.3.8.jar:/home/runner/.m2/repository/org/apache/pulsar/bouncy-castle-bc/3.3.8/bouncy-castle-bc-3.3.8-pkg.jar:/home/runner/.m2/repository/org/bouncycastle/bcpkix-jdk18on/1.81/bcpkix-jdk18on-1.81.jar:/home/runner/.m2/repository/org/bouncycastle/bcutil-jdk18on/1.81/bcutil-jdk18on-1.81.jar:/home/runner/.m2/repository/org/bouncycastle/bcprov-jdk18on/1.81/bcprov-jdk18on-1.81.jar:/home/runner/.m2/repository/io/opentelemetry/opentelemetry-api/1.44.1/opentelemetry-api-1.44.1.jar:/home/runner/.m2/repository/io/opentelemetry/opentelemetry-context/1.44.1/opentelemetry-context-1.44.1.jar:/home/runner/.m2/repository/io/opentelemetry/opentelemetry-api-incubator/1.44.1-alpha/opentelemetry-api-incubator-1.44.1-alpha.jar:/home/runner/.m2/repository/com/fasterxml/jackson/core/jackson-annotations/2.18.2/jackson-annotations-2.18.2.jar:/home/runner/.m2/repository/javax/validation/validation-api/1.1.0.Final/validation-api-1.1.0.Final.jar:/home/runner/.m2/repository/org/jspecify/jspecify/1.0.0/jspecify-1.0.0.jar:/home/runner/.m2/repository/org/apache/commons/commons-configuration2/2.12.0/commons-configuration2-2.12.0.jar:/home/runner/.m2/repository/commons-logging/commons-logging/1.3.5/commons-logging-1.3.5.jar:/home/runner/.m2/repository/org/apache/commons/commons-text/1.13.0/commons-text-1.13.0.jar:/home/runner/.m2/repository/io/confluent/kafka-avro-serializer/8.0.0/kafka-avro-serializer-8.0.0.jar:/home/runner/.m2/repository/org/apache/commons/commons-compress/1.27.1/commons-compress-1.27.1.jar:/home/runner/.m2/repository/io/confluent/kafka-schema-serializer/8.0.0/kafka-schema-serializer-8.0.0.jar:/home/runner/.m2/repository/com/fasterxml/jackson/dataformat/jackson-dataformat-csv/2.18.2/jackson-dataformat-csv-2.18.2.jar:/home/runner/.m2/repository/io/confluent/kafka-schema-registry-client/8.0.0/kafka-schema-registry-client-8.0.0.jar:/home/runner/.m2/repository/org/yaml/snakeyaml/2.3/snakeyaml-2.3.jar:/home/runner/.m2/repository/io/swagger/core/v3/swagger-annotations/2.2.29/swagger-annotations-2.2.29.jar:/home/runner/.m2/repository/com/google/guava/guava/33.4.0-jre/guava-33.4.0-jre.jar:/home/runner/.m2/repository/com/google/guava/failureaccess/1.0.1/failureaccess-1.0.1.jar:/home/runner/.m2/repository/org/checkerframework/checker-qual/3.49.0/checker-qual-3.49.0.jar:/home/runner/.m2/repository/io/confluent/logredactor/1.0.13/logredactor-1.0.13.jar:/home/runner/.m2/repository/com/google/re2j/re2j/1.6/re2j-1.6.jar:/home/runner/.m2/repository/io/confluent/logredactor-metrics/1.0.13/logredactor-metrics-1.0.13.jar:/home/runner/.m2/repository/com/eclipsesource/minimal-json/minimal-json/0.9.5/minimal-json-0.9.5.jar:/home/runner/.m2/repository/io/confluent/common-utils/8.0.0/common-utils-8.0.0.jar:/home/runner/.m2/repository/io/confluent/kafka-connect-avro-converter/8.0.0/kafka-connect-avro-converter-8.0.0.jar:/home/runner/.m2/repository/io/confluent/kafka-connect-avro-data/8.0.0/kafka-connect-avro-data-8.0.0.jar:/home/runner/.m2/repository/io/confluent/kafka-schema-converter/8.0.0/kafka-schema-converter-8.0.0.jar:/home/runner/.m2/repository/io/rest-assured/rest-assured/5.5.1/rest-assured-5.5.1.jar:/home/runner/.m2/repository/org/apache/groovy/groovy/4.0.22/groovy-4.0.22.jar:/home/runner/.m2/repository/org/apache/groovy/groovy-xml/4.0.22/groovy-xml-4.0.22.jar:/home/runner/.m2/repository/org/apache/httpcomponents/httpclient/4.5.14/httpclient-4.5.14.jar:/home/runner/.m2/repository/org/apache/httpcomponents/httpcore/4.4.16/httpcore-4.4.16.jar:/home/runner/.m2/repository/org/apache/httpcomponents/httpmime/4.5.14/httpmime-4.5.14.jar:/home/runner/.m2/repository/org/hamcrest/hamcrest/2.2/hamcrest-2.2.jar:/home/runner/.m2/repository/org/ccil/cowan/tagsoup/tagsoup/1.2.1/tagsoup-1.2.1.jar:/home/runner/.m2/repository/io/rest-assured/json-path/5.5.1/json-path-5.5.1.jar:/home/runner/.m2/repository/org/apache/groovy/groovy-json/4.0.22/groovy-json-4.0.22.jar:/home/runner/.m2/repository/io/rest-assured/rest-assured-common/5.5.1/rest-assured-common-5.5.1.jar:/home/runner/.m2/repository/io/rest-assured/xml-path/5.5.1/xml-path-5.5.1.jar:/home/runner/.m2/repository/io/zonky/test/embedded-postgres/2.1.0/embedded-postgres-2.1.0.jar:/home/runner/.m2/repository/io/zonky/test/postgres/embedded-postgres-binaries-windows-amd64/14.15.0/embedded-postgres-binaries-windows-amd64-14.15.0.jar:/home/runner/.m2/repository/io/zonky/test/postgres/embedded-postgres-binaries-darwin-amd64/14.15.0/embedded-postgres-binaries-darwin-amd64-14.15.0.jar:/home/runner/.m2/repository/io/zonky/test/postgres/embedded-postgres-binaries-linux-amd64/14.15.0/embedded-postgres-binaries-linux-amd64-14.15.0.jar:/home/runner/.m2/repository/io/zonky/test/postgres/embedded-postgres-binaries-linux-amd64-alpine/14.15.0/embedded-postgres-binaries-linux-amd64-alpine-14.15.0.jar:/home/runner/.m2/repository/org/apache/commons/commons-lang3/3.17.0/commons-lang3-3.17.0.jar:/home/runner/.m2/repository/org/tukaani/xz/1.10/xz-1.10.jar:/home/runner/.m2/repository/commons-codec/commons-codec/1.19.0/commons-codec-1.19.0.jar:/home/runner/.m2/repository/org/postgresql/postgresql/42.7.7/postgresql-42.7.7.jar:/home/runner/.m2/repository/commons-io/commons-io/2.18.0/commons-io-2.18.0.jar:/home/runner/work/apicurio-testing/apicurio-testing/clusters/ci419/namespaces/mysql/tests/integration/apicurio-registry/utils/importexport/target/apicurio-registry-utils-import-export-3.0.12-SNAPSHOT.jar:/home/runner/.m2/repository/io/vertx/vertx-core/4.5.16/vertx-core-4.5.16.jar:/home/runner/.m2/repository/io/netty/netty-common/4.1.121.Final/netty-common-4.1.121.Final.jar:/home/runner/.m2/repository/io/netty/netty-buffer/4.1.121.Final/netty-buffer-4.1.121.Final.jar:/home/runner/.m2/repository/io/netty/netty-transport/4.1.121.Final/netty-transport-4.1.121.Final.jar:/home/runner/.m2/repository/io/netty/netty-handler/4.1.121.Final/netty-handler-4.1.121.Final.jar:/home/runner/.m2/repository/io/netty/netty-transport-native-unix-common/4.1.121.Final/netty-transport-native-unix-common-4.1.121.Final.jar:/home/runner/.m2/repository/io/netty/netty-codec/4.1.121.Final/netty-codec-4.1.121.Final.jar:/home/runner/.m2/repository/io/netty/netty-handler-proxy/4.1.121.Final/netty-handler-proxy-4.1.121.Final.jar:/home/runner/.m2/repository/io/netty/netty-codec-socks/4.1.121.Final/netty-codec-socks-4.1.121.Final.jar:/home/runner/.m2/repository/io/netty/netty-codec-http/4.1.121.Final/netty-codec-http-4.1.121.Final.jar:/home/runner/.m2/repository/io/netty/netty-codec-http2/4.1.121.Final/netty-codec-http2-4.1.121.Final.jar:/home/runner/.m2/repository/io/netty/netty-resolver/4.1.121.Final/netty-resolver-4.1.121.Final.jar:/home/runner/.m2/repository/io/netty/netty-resolver-dns/4.1.121.Final/netty-resolver-dns-4.1.121.Final.jar:/home/runner/.m2/repository/io/netty/netty-codec-dns/4.1.121.Final/netty-codec-dns-4.1.121.Final.jar:/home/runner/.m2/repository/com/fasterxml/jackson/core/jackson-core/2.18.2/jackson-core-2.18.2.jar:"/>
    <property name="sun.cpu.endian" value="little"/>
    <property name="user.home" value="/home/runner"/>
    <property name="user.language" value="en"/>
    <property name="jboss.log-version" value="false"/>
    <property name="java.specification.vendor" value="Oracle Corporation"/>
    <property name="java.version.date" value="2025-07-15"/>
    <property name="java.home" value="/usr/lib/jvm/temurin-17-jdk-amd64"/>
    <property name="file.separator" value="/"/>
    <property name="basedir" value="/home/runner/work/apicurio-testing/apicurio-testing/clusters/ci419/namespaces/mysql/tests/integration/apicurio-registry/integration-tests"/>
    <property name="java.vm.compressedOopsMode" value="32-bit"/>
    <property name="line.separator" value="&#10;"/>
    <property name="java.specification.name" value="Java Platform API Specification"/>
    <property name="java.vm.specification.vendor" value="Oracle Corporation"/>
    <property name="quarkus.http.test-host" value="registry-app-mysql.apps.ci419.apicurio-testing.org"/>
    <property name="surefire.real.class.path" value="/home/runner/work/apicurio-testing/apicurio-testing/clusters/ci419/namespaces/mysql/tests/integration/apicurio-registry/integration-tests/target/surefire/surefirebooter-20250807203003854_3.jar"/>
    <property name="sun.management.compiler" value="HotSpot 64-Bit Tiered Compilers"/>
    <property name="org.eclipse.jetty.http.HttpGenerator.STRICT" value="true"/>
    <property name="java.runtime.version" value="17.0.16+8"/>
    <property name="user.name" value="runner"/>
    <property name="path.separator" value=":"/>
    <property name="os.version" value="6.8.0-1031-azure"/>
    <property name="java.runtime.name" value="OpenJDK Runtime Environment"/>
    <property name="file.encoding" value="UTF-8"/>
    <property name="jnidispatch.path" value="/home/runner/.cache/JNA/temp/jna5973873336688405993.tmp"/>
    <property name="java.vm.name" value="OpenJDK 64-Bit Server VM"/>
    <property name="jna.platform.library.path" value="/usr/lib/x86_64-linux-gnu:/lib/x86_64-linux-gnu:/usr/lib64:/lib64:/usr/lib:/lib:/lib32:/usr/local/lib:/usr/lib/x86_64-linux-gnu/libfakeroot"/>
    <property name="java.vendor.version" value="Temurin-17.0.16+8"/>
    <property name="quarkus.oidc.token-path" value="https://keycloak-mysql.apps.ci419.apicurio-testing.org/realms/registry/protocol/openid-connect/token"/>
    <property name="quarkus.http.host" value="registry-app-mysql.apps.ci419.apicurio-testing.org"/>
    <property name="localRepository" value="/home/runner/.m2/repository"/>
    <property name="javax.xml.xpath.XPathFactory:http://java.sun.com/jaxp/xpath/dom" value="com.sun.org.apache.xpath.internal.jaxp.XPathFactoryImpl"/>
    <property name="jna.loaded" value="true"/>
    <property name="java.vendor.url.bug" value="https://github.com/adoptium/adoptium-support/issues"/>
    <property name="jetty.git.hash" value="5bc5e562c8d05c5862505aebe5cf83a61bdbcb96"/>
    <property name="java.io.tmpdir" value="/tmp"/>
    <property name="quarkus.http.test-protocol" value="http"/>
    <property name="java.version" value="17.0.16"/>
    <property name="user.dir" value="/home/runner/work/apicurio-testing/apicurio-testing/clusters/ci419/namespaces/mysql/tests/integration/apicurio-registry/integration-tests"/>
    <property name="os.arch" value="amd64"/>
    <property name="groups" value="( smoke | serdes | acceptance | ui)"/>
    <property name="java.vm.specification.name" value="Java Virtual Machine Specification"/>
    <property name="native.encoding" value="UTF-8"/>
    <property name="java.util.logging.manager" value="org.jboss.logmanager.LogManager"/>
    <property name="java.library.path" value="/usr/java/packages/lib:/usr/lib64:/lib64:/lib:/usr/lib"/>
    <property name="jdk.console" value="java.base"/>
    <property name="java.vm.info" value="mixed mode, sharing"/>
    <property name="java.vendor" value="Eclipse Adoptium"/>
    <property name="java.vm.version" value="17.0.16+8"/>
    <property name="java.specification.maintenance.version" value="1"/>
    <property name="sun.io.unicode.encoding" value="UnicodeLittle"/>
    <property name="javax.xml.transform.TransformerFactory" value="com.sun.org.apache.xalan.internal.xsltc.trax.TransformerFactoryImpl"/>
    <property name="java.class.version" value="61.0"/>
  </properties>
  <testcase name="testGlobalIdInHeaders" classname="io.apicurio.tests.serdes.apicurio.AvroSerdeIT" time="6.492">
    <system-out><![CDATA[**** Registry Base URL: http://registry-app-mysql.apps.ci419.apicurio-testing.org:80
**** Registry Base URL: http://registry-app-mysql.apps.ci419.apicurio-testing.org:80
2025-08-07 20:30:17,770 INFO  [io.api.tes.ser.api.AvroSerdeIT] (main) RestAssured configured with http://registry-app-mysql.apps.ci419.apicurio-testing.org:80/apis/registry/v3
2025-08-07 20:30:17,928 INFO  [io.api.tes.uti.KafkaFacade] (main) Starting kafka container
2025-08-07 20:30:17,974 INFO  [org.tes.ima.PullPolicy] (main) Image pull policy will be performed by: DefaultPullPolicy()
2025-08-07 20:30:17,977 INFO  [org.tes.uti.ImageNameSubstitutor] (main) Image name substitution will be performed by: DefaultImageNameSubstitutor (composite of 'ConfigurationFileImageNameSubstitutor' and 'PrefixingImageNameSubstitutor')
2025-08-07 20:30:17,988 INFO  [org.tes.DockerClientFactory] (main) Testcontainers version: 1.20.6
2025-08-07 20:30:18,493 INFO  [org.tes.doc.DockerClientProviderStrategy] (main) Found Docker environment with local Unix socket (unix:///var/run/docker.sock)
2025-08-07 20:30:18,501 INFO  [org.tes.DockerClientFactory] (main) Docker host IP address is localhost
2025-08-07 20:30:18,516 INFO  [org.tes.DockerClientFactory] (main) Connected to docker: 
  Server Version: 28.0.4
  API Version: 1.48
  Operating System: Ubuntu 22.04.5 LTS
  Total Memory: 7944 MB
2025-08-07 20:30:18,556 INFO  [tc.tes.11.0] (main) Pulling docker image: testcontainers/ryuk:0.11.0. Please be patient; this may take some time but only needs to be done once.
2025-08-07 20:30:19,610 INFO  [tc.tes.11.0] (docker-java-stream--1295187651) Starting to pull image
2025-08-07 20:30:19,628 INFO  [tc.tes.11.0] (docker-java-stream--1295187651) Pulling image layers:  0 pending,  0 downloaded,  0 extracted, (0 bytes/0 bytes)
2025-08-07 20:30:20,338 INFO  [tc.tes.11.0] (docker-java-stream--1295187651) Pulling image layers:  2 pending,  1 downloaded,  0 extracted, (8 KB/? MB)
2025-08-07 20:30:20,391 INFO  [tc.tes.11.0] (docker-java-stream--1295187651) Pulling image layers:  1 pending,  2 downloaded,  0 extracted, (44 KB/? MB)
2025-08-07 20:30:20,518 INFO  [tc.tes.11.0] (docker-java-stream--1295187651) Pulling image layers:  1 pending,  2 downloaded,  1 extracted, (9 MB/? MB)
2025-08-07 20:30:20,522 INFO  [tc.tes.11.0] (docker-java-stream--1295187651) Pulling image layers:  0 pending,  3 downloaded,  1 extracted, (9 MB/10 MB)
2025-08-07 20:30:21,495 INFO  [tc.tes.11.0] (docker-java-stream--1295187651) Pulling image layers:  0 pending,  3 downloaded,  2 extracted, (10 MB/10 MB)
2025-08-07 20:30:21,538 INFO  [tc.tes.11.0] (docker-java-stream--1295187651) Pulling image layers:  0 pending,  3 downloaded,  3 extracted, (10 MB/10 MB)
2025-08-07 20:30:21,547 INFO  [tc.tes.11.0] (docker-java-stream--1295187651) Pull complete. 3 layers, pulled in 1s (downloaded 10 MB at 10 MB/s)
2025-08-07 20:30:21,547 INFO  [tc.tes.11.0] (main) Image testcontainers/ryuk:0.11.0 pull took PT2.991073448S
2025-08-07 20:30:21,573 INFO  [tc.tes.11.0] (main) Creating container for image: testcontainers/ryuk:0.11.0
2025-08-07 20:30:21,663 INFO  [tc.tes.11.0] (main) Container testcontainers/ryuk:0.11.0 is starting: 4a2f8ca190baa1a3fd518db9bc0c409d066544eef1733a81691d55dd9ce1620f
2025-08-07 20:30:22,073 INFO  [tc.tes.11.0] (main) Container testcontainers/ryuk:0.11.0 started in PT0.499723577S
2025-08-07 20:30:22,078 INFO  [org.tes.uti.RyukResourceReaper] (main) Ryuk started - will monitor and terminate Testcontainers containers on JVM exit
2025-08-07 20:30:22,078 INFO  [org.tes.DockerClientFactory] (main) Checking the system...
2025-08-07 20:30:22,079 INFO  [org.tes.DockerClientFactory] (main) ✔︎ Docker server version should be at least 1.6.0
2025-08-07 20:30:22,082 INFO  [io.str.tes.con.KafkaVersionService] (main) Latest release of Kafka is:LogicalKafkaVersionEntity{version='4.0.0', image='quay.io/strimzi-test-container/test-container:0.111.0-kafka-4.0.0'}
2025-08-07 20:30:22,082 INFO  [io.str.tes.con.KafkaVersionService] (main) Latest release of Kafka is:LogicalKafkaVersionEntity{version='4.0.0', image='quay.io/strimzi-test-container/test-container:0.111.0-kafka-4.0.0'}
2025-08-07 20:30:22,082 INFO  [io.str.tes.con.KafkaVersionService] (main) No Kafka version specified. Using latest release: 4.0.0
2025-08-07 20:30:22,086 INFO  [tc.qua.io/.111.0-k.0.0] (main) Pulling docker image: quay.io/strimzi-test-container/test-container:0.111.0-kafka-4.0.0. Please be patient; this may take some time but only needs to be done once.
2025-08-07 20:30:23,223 INFO  [tc.qua.io/.111.0-k.0.0] (docker-java-stream--29267298) Starting to pull image
2025-08-07 20:30:23,224 INFO  [tc.qua.io/.111.0-k.0.0] (docker-java-stream--29267298) Pulling image layers:  0 pending,  0 downloaded,  0 extracted, (0 bytes/0 bytes)
2025-08-07 20:30:24,101 INFO  [tc.qua.io/.111.0-k.0.0] (docker-java-stream--29267298) Pulling image layers:  6 pending,  1 downloaded,  0 extracted, (25 MB/? MB)
2025-08-07 20:30:24,236 INFO  [tc.qua.io/.111.0-k.0.0] (docker-java-stream--29267298) Pulling image layers:  5 pending,  2 downloaded,  0 extracted, (36 MB/? MB)
2025-08-07 20:30:24,439 INFO  [tc.qua.io/.111.0-k.0.0] (docker-java-stream--29267298) Pulling image layers:  4 pending,  3 downloaded,  0 extracted, (41 MB/? MB)
2025-08-07 20:30:24,807 INFO  [tc.qua.io/.111.0-k.0.0] (docker-java-stream--29267298) Pulling image layers:  3 pending,  4 downloaded,  0 extracted, (70 MB/? MB)
2025-08-07 20:30:25,125 INFO  [tc.qua.io/.111.0-k.0.0] (docker-java-stream--29267298) Pulling image layers:  2 pending,  5 downloaded,  0 extracted, (99 MB/? MB)
2025-08-07 20:30:25,402 INFO  [tc.qua.io/.111.0-k.0.0] (docker-java-stream--29267298) Pulling image layers:  2 pending,  5 downloaded,  1 extracted, (123 MB/? MB)
2025-08-07 20:30:26,136 INFO  [tc.qua.io/.111.0-k.0.0] (docker-java-stream--29267298) Pulling image layers:  1 pending,  6 downloaded,  1 extracted, (217 MB/? MB)
2025-08-07 20:30:26,746 INFO  [tc.qua.io/.111.0-k.0.0] (docker-java-stream--29267298) Pulling image layers:  0 pending,  7 downloaded,  1 extracted, (242 MB/249 MB)
2025-08-07 20:30:31,005 INFO  [tc.qua.io/.111.0-k.0.0] (docker-java-stream--29267298) Pulling image layers:  0 pending,  7 downloaded,  2 extracted, (243 MB/249 MB)
2025-08-07 20:30:31,046 INFO  [tc.qua.io/.111.0-k.0.0] (docker-java-stream--29267298) Pulling image layers:  0 pending,  7 downloaded,  3 extracted, (243 MB/249 MB)
2025-08-07 20:30:31,066 INFO  [tc.qua.io/.111.0-k.0.0] (docker-java-stream--29267298) Pulling image layers:  0 pending,  7 downloaded,  4 extracted, (243 MB/249 MB)
2025-08-07 20:30:32,213 INFO  [tc.qua.io/.111.0-k.0.0] (docker-java-stream--29267298) Pulling image layers:  0 pending,  7 downloaded,  5 extracted, (249 MB/249 MB)
2025-08-07 20:30:32,260 INFO  [tc.qua.io/.111.0-k.0.0] (docker-java-stream--29267298) Pulling image layers:  0 pending,  7 downloaded,  6 extracted, (249 MB/249 MB)
2025-08-07 20:30:32,270 INFO  [tc.qua.io/.111.0-k.0.0] (docker-java-stream--29267298) Pulling image layers:  0 pending,  7 downloaded,  7 extracted, (249 MB/249 MB)
2025-08-07 20:30:32,277 INFO  [tc.qua.io/.111.0-k.0.0] (docker-java-stream--29267298) Pull complete. 7 layers, pulled in 9s (downloaded 249 MB at 27 MB/s)
2025-08-07 20:30:32,277 INFO  [tc.qua.io/.111.0-k.0.0] (main) Image quay.io/strimzi-test-container/test-container:0.111.0-kafka-4.0.0 pull took PT10.190737201S
2025-08-07 20:30:32,281 INFO  [tc.qua.io/.111.0-k.0.0] (main) Creating container for image: quay.io/strimzi-test-container/test-container:0.111.0-kafka-4.0.0
2025-08-07 20:30:32,379 INFO  [tc.qua.io/.111.0-k.0.0] (main) Container quay.io/strimzi-test-container/test-container:0.111.0-kafka-4.0.0 is starting: 92245065078ed5ec1c9c3288dc5aa6247425a78c96e586cec1bc1a2b49bb8aa0
2025-08-07 20:30:32,571 INFO  [io.str.tes.con.StrimziKafkaContainer] (main) Mapped port: 32769
2025-08-07 20:30:32,571 WARN  [io.str.tes.con.StrimziKafkaContainer] (main) Node ID is not set. Using broker ID 0 as the default node ID.
2025-08-07 20:30:32,572 INFO  [io.str.tes.con.StrimziKafkaContainer] (main) This is all advertised listeners for Kafka PLAINTEXT://localhost:32769,BROKER1://172.18.0.2:9091,CONTROLLER://broker-0:9094
2025-08-07 20:30:32,603 INFO  [io.str.tes.con.StrimziKafkaContainer] (main) New `cluster.id` has been generated: VsWUIKwhTKC56aKd3Rs4Pw
2025-08-07 20:30:32,605 INFO  [io.str.tes.con.StrimziKafkaContainer] (main) Copying command to 'STARTER_SCRIPT' script.
2025-08-07 20:30:38,047 INFO  [tc.qua.io/.111.0-k.0.0] (main) Container quay.io/strimzi-test-container/test-container:0.111.0-kafka-4.0.0 started in PT5.766224118S
2025-08-07 20:30:38,049 INFO  [io.api.tes.uti.TestSeparator] (main) ############################################################################
2025-08-07 20:30:38,049 INFO  [io.api.tes.uti.TestSeparator] (main) io.apicurio.tests.serdes.apicurio.AvroSerdeIT.testGlobalIdInHeaders-STARTED
2025-08-07 20:30:38,070 INFO  [org.apa.kaf.cli.adm.AdminClientConfig] (main) AdminClientConfig values: 
	auto.include.jmx.reporter = true
	bootstrap.controllers = []
	bootstrap.servers = [PLAINTEXT://localhost:32769]
	client.dns.lookup = use_all_dns_ips
	client.id = 
	connections.max.idle.ms = 10000
	default.api.timeout.ms = 60000
	enable.metrics.push = true
	metadata.max.age.ms = 300000
	metadata.recovery.strategy = none
	metric.reporters = []
	metrics.num.samples = 2
	metrics.recording.level = INFO
	metrics.sample.window.ms = 30000
	receive.buffer.bytes = 65536
	reconnect.backoff.max.ms = 1000
	reconnect.backoff.ms = 50
	request.timeout.ms = 5000
	retries = 2147483647
	retry.backoff.max.ms = 1000
	retry.backoff.ms = 100
	sasl.client.callback.handler.class = null
	sasl.jaas.config = null
	sasl.kerberos.kinit.cmd = /usr/bin/kinit
	sasl.kerberos.min.time.before.relogin = 60000
	sasl.kerberos.service.name = null
	sasl.kerberos.ticket.renew.jitter = 0.05
	sasl.kerberos.ticket.renew.window.factor = 0.8
	sasl.login.callback.handler.class = null
	sasl.login.class = null
	sasl.login.connect.timeout.ms = null
	sasl.login.read.timeout.ms = null
	sasl.login.refresh.buffer.seconds = 300
	sasl.login.refresh.min.period.seconds = 60
	sasl.login.refresh.window.factor = 0.8
	sasl.login.refresh.window.jitter = 0.05
	sasl.login.retry.backoff.max.ms = 10000
	sasl.login.retry.backoff.ms = 100
	sasl.mechanism = GSSAPI
	sasl.oauthbearer.clock.skew.seconds = 30
	sasl.oauthbearer.expected.audience = null
	sasl.oauthbearer.expected.issuer = null
	sasl.oauthbearer.header.urlencode = false
	sasl.oauthbearer.jwks.endpoint.refresh.ms = 3600000
	sasl.oauthbearer.jwks.endpoint.retry.backoff.max.ms = 10000
	sasl.oauthbearer.jwks.endpoint.retry.backoff.ms = 100
	sasl.oauthbearer.jwks.endpoint.url = null
	sasl.oauthbearer.scope.claim.name = scope
	sasl.oauthbearer.sub.claim.name = sub
	sasl.oauthbearer.token.endpoint.url = null
	security.protocol = PLAINTEXT
	security.providers = null
	send.buffer.bytes = 131072
	socket.connection.setup.timeout.max.ms = 30000
	socket.connection.setup.timeout.ms = 10000
	ssl.cipher.suites = null
	ssl.enabled.protocols = [TLSv1.2, TLSv1.3]
	ssl.endpoint.identification.algorithm = https
	ssl.engine.factory.class = null
	ssl.key.password = null
	ssl.keymanager.algorithm = SunX509
	ssl.keystore.certificate.chain = null
	ssl.keystore.key = null
	ssl.keystore.location = null
	ssl.keystore.password = null
	ssl.keystore.type = JKS
	ssl.protocol = TLSv1.3
	ssl.provider = null
	ssl.secure.random.implementation = null
	ssl.trustmanager.algorithm = PKIX
	ssl.truststore.certificates = null
	ssl.truststore.location = null
	ssl.truststore.password = null
	ssl.truststore.type = JKS

2025-08-07 20:30:38,398 INFO  [org.apa.kaf.com.uti.AppInfoParser] (main) Kafka version: 3.9.1
2025-08-07 20:30:38,398 INFO  [org.apa.kaf.com.uti.AppInfoParser] (main) Kafka commitId: f745dfdcee2b9851
2025-08-07 20:30:38,399 INFO  [org.apa.kaf.com.uti.AppInfoParser] (main) Kafka startTimeMs: 1754598638396
**** Registry Base URL: http://registry-app-mysql.apps.ci419.apicurio-testing.org:80
2025-08-07 20:30:38,456 INFO  [org.apa.kaf.cli.pro.ProducerConfig] (main) ProducerConfig values: 
	acks = -1
	auto.include.jmx.reporter = true
	batch.size = 16384
	bootstrap.servers = [PLAINTEXT://localhost:32769]
	buffer.memory = 33554432
	client.dns.lookup = use_all_dns_ips
	client.id = Producer-topic-087a5963_b27a_4b6a_8e3a_32a49cac2a8f
	compression.gzip.level = -1
	compression.lz4.level = 9
	compression.type = none
	compression.zstd.level = 3
	connections.max.idle.ms = 10000
	delivery.timeout.ms = 120000
	enable.idempotence = true
	enable.metrics.push = true
	interceptor.classes = []
	key.serializer = class org.apache.kafka.common.serialization.StringSerializer
	linger.ms = 0
	max.block.ms = 60000
	max.in.flight.requests.per.connection = 5
	max.request.size = 1048576
	metadata.max.age.ms = 300000
	metadata.max.idle.ms = 300000
	metadata.recovery.strategy = none
	metric.reporters = []
	metrics.num.samples = 2
	metrics.recording.level = INFO
	metrics.sample.window.ms = 30000
	partitioner.adaptive.partitioning.enable = true
	partitioner.availability.timeout.ms = 0
	partitioner.class = null
	partitioner.ignore.keys = false
	receive.buffer.bytes = 32768
	reconnect.backoff.max.ms = 1000
	reconnect.backoff.ms = 50
	request.timeout.ms = 5000
	retries = 2147483647
	retry.backoff.max.ms = 1000
	retry.backoff.ms = 100
	sasl.client.callback.handler.class = null
	sasl.jaas.config = null
	sasl.kerberos.kinit.cmd = /usr/bin/kinit
	sasl.kerberos.min.time.before.relogin = 60000
	sasl.kerberos.service.name = null
	sasl.kerberos.ticket.renew.jitter = 0.05
	sasl.kerberos.ticket.renew.window.factor = 0.8
	sasl.login.callback.handler.class = null
	sasl.login.class = null
	sasl.login.connect.timeout.ms = null
	sasl.login.read.timeout.ms = null
	sasl.login.refresh.buffer.seconds = 300
	sasl.login.refresh.min.period.seconds = 60
	sasl.login.refresh.window.factor = 0.8
	sasl.login.refresh.window.jitter = 0.05
	sasl.login.retry.backoff.max.ms = 10000
	sasl.login.retry.backoff.ms = 100
	sasl.mechanism = GSSAPI
	sasl.oauthbearer.clock.skew.seconds = 30
	sasl.oauthbearer.expected.audience = null
	sasl.oauthbearer.expected.issuer = null
	sasl.oauthbearer.header.urlencode = false
	sasl.oauthbearer.jwks.endpoint.refresh.ms = 3600000
	sasl.oauthbearer.jwks.endpoint.retry.backoff.max.ms = 10000
	sasl.oauthbearer.jwks.endpoint.retry.backoff.ms = 100
	sasl.oauthbearer.jwks.endpoint.url = null
	sasl.oauthbearer.scope.claim.name = scope
	sasl.oauthbearer.sub.claim.name = sub
	sasl.oauthbearer.token.endpoint.url = null
	security.protocol = PLAINTEXT
	security.providers = null
	send.buffer.bytes = 131072
	socket.connection.setup.timeout.max.ms = 30000
	socket.connection.setup.timeout.ms = 10000
	ssl.cipher.suites = null
	ssl.enabled.protocols = [TLSv1.2, TLSv1.3]
	ssl.endpoint.identification.algorithm = https
	ssl.engine.factory.class = null
	ssl.key.password = null
	ssl.keymanager.algorithm = SunX509
	ssl.keystore.certificate.chain = null
	ssl.keystore.key = null
	ssl.keystore.location = null
	ssl.keystore.password = null
	ssl.keystore.type = JKS
	ssl.protocol = TLSv1.3
	ssl.provider = null
	ssl.secure.random.implementation = null
	ssl.trustmanager.algorithm = PKIX
	ssl.truststore.certificates = null
	ssl.truststore.location = null
	ssl.truststore.password = null
	ssl.truststore.type = JKS
	transaction.timeout.ms = 60000
	transactional.id = null
	value.serializer = class io.apicurio.registry.serde.avro.AvroKafkaSerializer

2025-08-07 20:30:38,505 INFO  [org.apa.kaf.com.tel.int.KafkaMetricsCollector] (main) initializing Kafka metrics collector
2025-08-07 20:30:38,534 INFO  [org.apa.kaf.cli.pro.KafkaProducer] (main) [Producer clientId=Producer-topic-087a5963_b27a_4b6a_8e3a_32a49cac2a8f] Instantiated an idempotent producer.
2025-08-07 20:30:38,602 INFO  [org.apa.kaf.cli.pro.ProducerConfig] (main) These configurations '[apicurio.registry.url, apicurio.registry.auto-register, apicurio.registry.use-id, apicurio.registry.artifact-resolver-strategy]' were supplied but are not used yet.
2025-08-07 20:30:38,603 INFO  [org.apa.kaf.com.uti.AppInfoParser] (main) Kafka version: 3.9.1
2025-08-07 20:30:38,603 INFO  [org.apa.kaf.com.uti.AppInfoParser] (main) Kafka commitId: f745dfdcee2b9851
2025-08-07 20:30:38,603 INFO  [org.apa.kaf.com.uti.AppInfoParser] (main) Kafka startTimeMs: 1754598638602
2025-08-07 20:30:38,603 INFO  [io.api.tes.ser.api.SimpleSerdesTesterBuilder$SimpleSerdesTester] (main) Using producer configuration: {apicurio.registry.url=http://registry-app-mysql.apps.ci419.apicurio-testing.org:80/apis/registry/v3, apicurio.registry.auto-register=true, apicurio.registry.use-id=globalId, apicurio.registry.artifact-resolver-strategy=io.apicurio.registry.serde.strategy.TopicIdStrategy, value.serializer=io.apicurio.registry.serde.avro.AvroKafkaSerializer, request.timeout.ms=5000, acks=all, bootstrap.servers=PLAINTEXT://localhost:32769, connections.max.idle.ms=10000, key.serializer=org.apache.kafka.common.serialization.StringSerializer, client.id=Producer-topic-087a5963_b27a_4b6a_8e3a_32a49cac2a8f}
2025-08-07 20:30:38,604 INFO  [io.api.tes.ser.api.SimpleSerdesTesterBuilder$SimpleSerdesTester] (main) Using consumer configuration: {apicurio.registry.use-id=globalId}
2025-08-07 20:30:38,610 INFO  [io.api.tes.ser.api.KafkaSerdesTester] (Thread-600) Sending message {"key11754598638427": "value-0"} to topic topic-087a5963_b27a_4b6a_8e3a_32a49cac2a8f
2025-08-07 20:30:38,969 WARN  [org.apa.kaf.cli.NetworkClient] (kafka-producer-network-thread | Producer-topic-087a5963_b27a_4b6a_8e3a_32a49cac2a8f) [Producer clientId=Producer-topic-087a5963_b27a_4b6a_8e3a_32a49cac2a8f] The metadata response from the cluster reported a recoverable issue with correlation id 1 : {topic-087a5963_b27a_4b6a_8e3a_32a49cac2a8f=UNKNOWN_TOPIC_OR_PARTITION}
2025-08-07 20:30:38,970 INFO  [org.apa.kaf.cli.Metadata] (kafka-producer-network-thread | Producer-topic-087a5963_b27a_4b6a_8e3a_32a49cac2a8f) [Producer clientId=Producer-topic-087a5963_b27a_4b6a_8e3a_32a49cac2a8f] Cluster ID: VsWUIKwhTKC56aKd3Rs4Pw
2025-08-07 20:30:39,203 INFO  [org.apa.kaf.cli.pro.int.TransactionManager] (kafka-producer-network-thread | Producer-topic-087a5963_b27a_4b6a_8e3a_32a49cac2a8f) [Producer clientId=Producer-topic-087a5963_b27a_4b6a_8e3a_32a49cac2a8f] ProducerId set to 0 with epoch 0
2025-08-07 20:30:39,475 INFO  [io.api.tes.ser.api.KafkaSerdesTester] (Thread-600) Sending message {"key11754598638427": "value-1"} to topic topic-087a5963_b27a_4b6a_8e3a_32a49cac2a8f
2025-08-07 20:30:39,483 INFO  [io.api.tes.ser.api.KafkaSerdesTester] (Thread-600) Sending message {"key11754598638427": "value-2"} to topic topic-087a5963_b27a_4b6a_8e3a_32a49cac2a8f
2025-08-07 20:30:39,488 INFO  [io.api.tes.ser.api.KafkaSerdesTester] (Thread-600) Sending message {"key11754598638427": "value-3"} to topic topic-087a5963_b27a_4b6a_8e3a_32a49cac2a8f
2025-08-07 20:30:39,495 INFO  [io.api.tes.ser.api.KafkaSerdesTester] (Thread-600) Sending message {"key11754598638427": "value-4"} to topic topic-087a5963_b27a_4b6a_8e3a_32a49cac2a8f
2025-08-07 20:30:39,499 INFO  [io.api.tes.ser.api.KafkaSerdesTester] (Thread-600) Sending message {"key11754598638427": "value-5"} to topic topic-087a5963_b27a_4b6a_8e3a_32a49cac2a8f
2025-08-07 20:30:39,504 INFO  [io.api.tes.ser.api.KafkaSerdesTester] (Thread-600) Sending message {"key11754598638427": "value-6"} to topic topic-087a5963_b27a_4b6a_8e3a_32a49cac2a8f
2025-08-07 20:30:39,509 INFO  [io.api.tes.ser.api.KafkaSerdesTester] (Thread-600) Sending message {"key11754598638427": "value-7"} to topic topic-087a5963_b27a_4b6a_8e3a_32a49cac2a8f
2025-08-07 20:30:39,514 INFO  [io.api.tes.ser.api.KafkaSerdesTester] (Thread-600) Sending message {"key11754598638427": "value-8"} to topic topic-087a5963_b27a_4b6a_8e3a_32a49cac2a8f
2025-08-07 20:30:39,518 INFO  [io.api.tes.ser.api.KafkaSerdesTester] (Thread-600) Sending message {"key11754598638427": "value-9"} to topic topic-087a5963_b27a_4b6a_8e3a_32a49cac2a8f
2025-08-07 20:30:39,525 INFO  [io.api.tes.ser.api.KafkaSerdesTester] (Thread-600) Produced 10 messages
2025-08-07 20:30:39,525 INFO  [org.apa.kaf.cli.pro.KafkaProducer] (Thread-600) [Producer clientId=Producer-topic-087a5963_b27a_4b6a_8e3a_32a49cac2a8f] Closing the Kafka producer with timeoutMillis = 9223372036854775807 ms.
2025-08-07 20:30:39,540 INFO  [org.apa.kaf.com.met.Metrics] (Thread-600) Metrics scheduler closed
2025-08-07 20:30:39,541 INFO  [org.apa.kaf.com.met.Metrics] (Thread-600) Closing reporter org.apache.kafka.common.metrics.JmxReporter
2025-08-07 20:30:39,541 INFO  [org.apa.kaf.com.met.Metrics] (Thread-600) Closing reporter org.apache.kafka.common.telemetry.internals.ClientTelemetryReporter
2025-08-07 20:30:39,541 INFO  [org.apa.kaf.com.met.Metrics] (Thread-600) Metrics reporters closed
2025-08-07 20:30:39,545 INFO  [org.apa.kaf.com.uti.AppInfoParser] (Thread-600) App info kafka.producer for Producer-topic-087a5963_b27a_4b6a_8e3a_32a49cac2a8f unregistered
**** Registry Base URL: http://registry-app-mysql.apps.ci419.apicurio-testing.org:80
2025-08-07 20:30:39,727 INFO  [org.apa.kaf.cli.con.ConsumerConfig] (main) ConsumerConfig values: 
	allow.auto.create.topics = true
	auto.commit.interval.ms = 500
	auto.include.jmx.reporter = true
	auto.offset.reset = earliest
	bootstrap.servers = [PLAINTEXT://localhost:32769]
	check.crcs = true
	client.dns.lookup = use_all_dns_ips
	client.id = consumer-Consumer-topic-087a5963_b27a_4b6a_8e3a_32a49cac2a8f-1
	client.rack = 
	connections.max.idle.ms = 10000
	default.api.timeout.ms = 60000
	enable.auto.commit = true
	enable.metrics.push = true
	exclude.internal.topics = true
	fetch.max.bytes = 52428800
	fetch.max.wait.ms = 500
	fetch.min.bytes = 1
	group.id = Consumer-topic-087a5963_b27a_4b6a_8e3a_32a49cac2a8f
	group.instance.id = null
	group.protocol = classic
	group.remote.assignor = null
	heartbeat.interval.ms = 3000
	interceptor.classes = []
	internal.leave.group.on.close = true
	internal.throw.on.fetch.stable.offset.unsupported = false
	isolation.level = read_uncommitted
	key.deserializer = class org.apache.kafka.common.serialization.StringDeserializer
	max.partition.fetch.bytes = 1048576
	max.poll.interval.ms = 300000
	max.poll.records = 500
	metadata.max.age.ms = 300000
	metadata.recovery.strategy = none
	metric.reporters = []
	metrics.num.samples = 2
	metrics.recording.level = INFO
	metrics.sample.window.ms = 30000
	partition.assignment.strategy = [class org.apache.kafka.clients.consumer.RangeAssignor, class org.apache.kafka.clients.consumer.CooperativeStickyAssignor]
	receive.buffer.bytes = 65536
	reconnect.backoff.max.ms = 1000
	reconnect.backoff.ms = 50
	request.timeout.ms = 5000
	retry.backoff.max.ms = 1000
	retry.backoff.ms = 100
	sasl.client.callback.handler.class = null
	sasl.jaas.config = null
	sasl.kerberos.kinit.cmd = /usr/bin/kinit
	sasl.kerberos.min.time.before.relogin = 60000
	sasl.kerberos.service.name = null
	sasl.kerberos.ticket.renew.jitter = 0.05
	sasl.kerberos.ticket.renew.window.factor = 0.8
	sasl.login.callback.handler.class = null
	sasl.login.class = null
	sasl.login.connect.timeout.ms = null
	sasl.login.read.timeout.ms = null
	sasl.login.refresh.buffer.seconds = 300
	sasl.login.refresh.min.period.seconds = 60
	sasl.login.refresh.window.factor = 0.8
	sasl.login.refresh.window.jitter = 0.05
	sasl.login.retry.backoff.max.ms = 10000
	sasl.login.retry.backoff.ms = 100
	sasl.mechanism = GSSAPI
	sasl.oauthbearer.clock.skew.seconds = 30
	sasl.oauthbearer.expected.audience = null
	sasl.oauthbearer.expected.issuer = null
	sasl.oauthbearer.header.urlencode = false
	sasl.oauthbearer.jwks.endpoint.refresh.ms = 3600000
	sasl.oauthbearer.jwks.endpoint.retry.backoff.max.ms = 10000
	sasl.oauthbearer.jwks.endpoint.retry.backoff.ms = 100
	sasl.oauthbearer.jwks.endpoint.url = null
	sasl.oauthbearer.scope.claim.name = scope
	sasl.oauthbearer.sub.claim.name = sub
	sasl.oauthbearer.token.endpoint.url = null
	security.protocol = PLAINTEXT
	security.providers = null
	send.buffer.bytes = 131072
	session.timeout.ms = 45000
	socket.connection.setup.timeout.max.ms = 30000
	socket.connection.setup.timeout.ms = 10000
	ssl.cipher.suites = null
	ssl.enabled.protocols = [TLSv1.2, TLSv1.3]
	ssl.endpoint.identification.algorithm = https
	ssl.engine.factory.class = null
	ssl.key.password = null
	ssl.keymanager.algorithm = SunX509
	ssl.keystore.certificate.chain = null
	ssl.keystore.key = null
	ssl.keystore.location = null
	ssl.keystore.password = null
	ssl.keystore.type = JKS
	ssl.protocol = TLSv1.3
	ssl.provider = null
	ssl.secure.random.implementation = null
	ssl.trustmanager.algorithm = PKIX
	ssl.truststore.certificates = null
	ssl.truststore.location = null
	ssl.truststore.password = null
	ssl.truststore.type = JKS
	value.deserializer = class io.apicurio.registry.serde.avro.AvroKafkaDeserializer

2025-08-07 20:30:39,736 INFO  [org.apa.kaf.com.tel.int.KafkaMetricsCollector] (main) initializing Kafka metrics collector
2025-08-07 20:30:39,787 INFO  [org.apa.kaf.cli.con.ConsumerConfig] (main) These configurations '[apicurio.registry.url, apicurio.registry.use-id]' were supplied but are not used yet.
2025-08-07 20:30:39,787 INFO  [org.apa.kaf.com.uti.AppInfoParser] (main) Kafka version: 3.9.1
2025-08-07 20:30:39,788 INFO  [org.apa.kaf.com.uti.AppInfoParser] (main) Kafka commitId: f745dfdcee2b9851
2025-08-07 20:30:39,788 INFO  [org.apa.kaf.com.uti.AppInfoParser] (main) Kafka startTimeMs: 1754598639787
2025-08-07 20:30:39,790 INFO  [org.apa.kaf.cli.con.int.ClassicKafkaConsumer] (Thread-603) [Consumer clientId=consumer-Consumer-topic-087a5963_b27a_4b6a_8e3a_32a49cac2a8f-1, groupId=Consumer-topic-087a5963_b27a_4b6a_8e3a_32a49cac2a8f] Subscribed to topic(s): topic-087a5963_b27a_4b6a_8e3a_32a49cac2a8f
2025-08-07 20:30:39,805 INFO  [org.apa.kaf.cli.Metadata] (Thread-603) [Consumer clientId=consumer-Consumer-topic-087a5963_b27a_4b6a_8e3a_32a49cac2a8f-1, groupId=Consumer-topic-087a5963_b27a_4b6a_8e3a_32a49cac2a8f] Cluster ID: VsWUIKwhTKC56aKd3Rs4Pw
2025-08-07 20:30:39,941 INFO  [org.apa.kaf.cli.con.int.ConsumerCoordinator] (Thread-603) [Consumer clientId=consumer-Consumer-topic-087a5963_b27a_4b6a_8e3a_32a49cac2a8f-1, groupId=Consumer-topic-087a5963_b27a_4b6a_8e3a_32a49cac2a8f] Discovered group coordinator localhost:32769 (id: 2147483647 rack: null)
2025-08-07 20:30:39,953 INFO  [org.apa.kaf.cli.con.int.ConsumerCoordinator] (Thread-603) [Consumer clientId=consumer-Consumer-topic-087a5963_b27a_4b6a_8e3a_32a49cac2a8f-1, groupId=Consumer-topic-087a5963_b27a_4b6a_8e3a_32a49cac2a8f] (Re-)joining group
2025-08-07 20:30:39,983 INFO  [org.apa.kaf.cli.con.int.ConsumerCoordinator] (Thread-603) [Consumer clientId=consumer-Consumer-topic-087a5963_b27a_4b6a_8e3a_32a49cac2a8f-1, groupId=Consumer-topic-087a5963_b27a_4b6a_8e3a_32a49cac2a8f] Group coordinator localhost:32769 (id: 2147483647 rack: null) is unavailable or invalid due to cause: error response NOT_COORDINATOR. isDisconnected: false. Rediscovery will be attempted.
2025-08-07 20:30:39,983 INFO  [org.apa.kaf.cli.con.int.ConsumerCoordinator] (Thread-603) [Consumer clientId=consumer-Consumer-topic-087a5963_b27a_4b6a_8e3a_32a49cac2a8f-1, groupId=Consumer-topic-087a5963_b27a_4b6a_8e3a_32a49cac2a8f] Requesting disconnect from last known coordinator localhost:32769 (id: 2147483647 rack: null)
2025-08-07 20:30:39,983 INFO  [org.apa.kaf.cli.con.int.ConsumerCoordinator] (Thread-603) [Consumer clientId=consumer-Consumer-topic-087a5963_b27a_4b6a_8e3a_32a49cac2a8f-1, groupId=Consumer-topic-087a5963_b27a_4b6a_8e3a_32a49cac2a8f] JoinGroup failed: This is not the correct coordinator. Marking coordinator unknown. Sent generation was Generation{generationId=-1, memberId='', protocol='null'}
2025-08-07 20:30:39,984 INFO  [org.apa.kaf.cli.NetworkClient] (Thread-603) [Consumer clientId=consumer-Consumer-topic-087a5963_b27a_4b6a_8e3a_32a49cac2a8f-1, groupId=Consumer-topic-087a5963_b27a_4b6a_8e3a_32a49cac2a8f] Client requested disconnect from node 2147483647
2025-08-07 20:30:39,992 INFO  [org.apa.kaf.cli.con.int.ConsumerCoordinator] (Thread-603) [Consumer clientId=consumer-Consumer-topic-087a5963_b27a_4b6a_8e3a_32a49cac2a8f-1, groupId=Consumer-topic-087a5963_b27a_4b6a_8e3a_32a49cac2a8f] Discovered group coordinator localhost:32769 (id: 2147483647 rack: null)
2025-08-07 20:30:39,992 INFO  [org.apa.kaf.cli.con.int.ConsumerCoordinator] (Thread-603) [Consumer clientId=consumer-Consumer-topic-087a5963_b27a_4b6a_8e3a_32a49cac2a8f-1, groupId=Consumer-topic-087a5963_b27a_4b6a_8e3a_32a49cac2a8f] Group coordinator localhost:32769 (id: 2147483647 rack: null) is unavailable or invalid due to cause: coordinator unavailable. isDisconnected: false. Rediscovery will be attempted.
2025-08-07 20:30:39,992 INFO  [org.apa.kaf.cli.con.int.ConsumerCoordinator] (Thread-603) [Consumer clientId=consumer-Consumer-topic-087a5963_b27a_4b6a_8e3a_32a49cac2a8f-1, groupId=Consumer-topic-087a5963_b27a_4b6a_8e3a_32a49cac2a8f] Requesting disconnect from last known coordinator localhost:32769 (id: 2147483647 rack: null)
2025-08-07 20:30:40,094 INFO  [org.apa.kaf.cli.con.int.ConsumerCoordinator] (Thread-603) [Consumer clientId=consumer-Consumer-topic-087a5963_b27a_4b6a_8e3a_32a49cac2a8f-1, groupId=Consumer-topic-087a5963_b27a_4b6a_8e3a_32a49cac2a8f] Discovered group coordinator localhost:32769 (id: 2147483647 rack: null)
2025-08-07 20:30:40,096 INFO  [org.apa.kaf.cli.con.int.ConsumerCoordinator] (Thread-603) [Consumer clientId=consumer-Consumer-topic-087a5963_b27a_4b6a_8e3a_32a49cac2a8f-1, groupId=Consumer-topic-087a5963_b27a_4b6a_8e3a_32a49cac2a8f] Request joining group due to: rebalance failed due to 'This is not the correct coordinator.' (NotCoordinatorException)
2025-08-07 20:30:40,097 INFO  [org.apa.kaf.cli.con.int.ConsumerCoordinator] (Thread-603) [Consumer clientId=consumer-Consumer-topic-087a5963_b27a_4b6a_8e3a_32a49cac2a8f-1, groupId=Consumer-topic-087a5963_b27a_4b6a_8e3a_32a49cac2a8f] (Re-)joining group
2025-08-07 20:30:40,102 INFO  [org.apa.kaf.cli.con.int.ConsumerCoordinator] (Thread-603) [Consumer clientId=consumer-Consumer-topic-087a5963_b27a_4b6a_8e3a_32a49cac2a8f-1, groupId=Consumer-topic-087a5963_b27a_4b6a_8e3a_32a49cac2a8f] Group coordinator localhost:32769 (id: 2147483647 rack: null) is unavailable or invalid due to cause: error response NOT_COORDINATOR. isDisconnected: false. Rediscovery will be attempted.
2025-08-07 20:30:40,102 INFO  [org.apa.kaf.cli.con.int.ConsumerCoordinator] (Thread-603) [Consumer clientId=consumer-Consumer-topic-087a5963_b27a_4b6a_8e3a_32a49cac2a8f-1, groupId=Consumer-topic-087a5963_b27a_4b6a_8e3a_32a49cac2a8f] Requesting disconnect from last known coordinator localhost:32769 (id: 2147483647 rack: null)
2025-08-07 20:30:40,102 INFO  [org.apa.kaf.cli.con.int.ConsumerCoordinator] (Thread-603) [Consumer clientId=consumer-Consumer-topic-087a5963_b27a_4b6a_8e3a_32a49cac2a8f-1, groupId=Consumer-topic-087a5963_b27a_4b6a_8e3a_32a49cac2a8f] JoinGroup failed: This is not the correct coordinator. Marking coordinator unknown. Sent generation was Generation{generationId=-1, memberId='', protocol='null'}
2025-08-07 20:30:40,103 INFO  [org.apa.kaf.cli.NetworkClient] (Thread-603) [Consumer clientId=consumer-Consumer-topic-087a5963_b27a_4b6a_8e3a_32a49cac2a8f-1, groupId=Consumer-topic-087a5963_b27a_4b6a_8e3a_32a49cac2a8f] Client requested disconnect from node 2147483647
2025-08-07 20:30:40,107 INFO  [org.apa.kaf.cli.con.int.ConsumerCoordinator] (Thread-603) [Consumer clientId=consumer-Consumer-topic-087a5963_b27a_4b6a_8e3a_32a49cac2a8f-1, groupId=Consumer-topic-087a5963_b27a_4b6a_8e3a_32a49cac2a8f] Discovered group coordinator localhost:32769 (id: 2147483647 rack: null)
2025-08-07 20:30:40,107 INFO  [org.apa.kaf.cli.con.int.ConsumerCoordinator] (Thread-603) [Consumer clientId=consumer-Consumer-topic-087a5963_b27a_4b6a_8e3a_32a49cac2a8f-1, groupId=Consumer-topic-087a5963_b27a_4b6a_8e3a_32a49cac2a8f] Group coordinator localhost:32769 (id: 2147483647 rack: null) is unavailable or invalid due to cause: coordinator unavailable. isDisconnected: false. Rediscovery will be attempted.
2025-08-07 20:30:40,107 INFO  [org.apa.kaf.cli.con.int.ConsumerCoordinator] (Thread-603) [Consumer clientId=consumer-Consumer-topic-087a5963_b27a_4b6a_8e3a_32a49cac2a8f-1, groupId=Consumer-topic-087a5963_b27a_4b6a_8e3a_32a49cac2a8f] Requesting disconnect from last known coordinator localhost:32769 (id: 2147483647 rack: null)
2025-08-07 20:30:40,197 INFO  [org.apa.kaf.cli.con.int.ConsumerCoordinator] (Thread-603) [Consumer clientId=consumer-Consumer-topic-087a5963_b27a_4b6a_8e3a_32a49cac2a8f-1, groupId=Consumer-topic-087a5963_b27a_4b6a_8e3a_32a49cac2a8f] Discovered group coordinator localhost:32769 (id: 2147483647 rack: null)
2025-08-07 20:30:40,200 INFO  [org.apa.kaf.cli.con.int.ConsumerCoordinator] (Thread-603) [Consumer clientId=consumer-Consumer-topic-087a5963_b27a_4b6a_8e3a_32a49cac2a8f-1, groupId=Consumer-topic-087a5963_b27a_4b6a_8e3a_32a49cac2a8f] Request joining group due to: rebalance failed due to 'This is not the correct coordinator.' (NotCoordinatorException)
2025-08-07 20:30:40,201 INFO  [org.apa.kaf.cli.con.int.ConsumerCoordinator] (Thread-603) [Consumer clientId=consumer-Consumer-topic-087a5963_b27a_4b6a_8e3a_32a49cac2a8f-1, groupId=Consumer-topic-087a5963_b27a_4b6a_8e3a_32a49cac2a8f] (Re-)joining group
2025-08-07 20:30:40,212 INFO  [org.apa.kaf.cli.con.int.ConsumerCoordinator] (Thread-603) [Consumer clientId=consumer-Consumer-topic-087a5963_b27a_4b6a_8e3a_32a49cac2a8f-1, groupId=Consumer-topic-087a5963_b27a_4b6a_8e3a_32a49cac2a8f] Group coordinator localhost:32769 (id: 2147483647 rack: null) is unavailable or invalid due to cause: error response NOT_COORDINATOR. isDisconnected: false. Rediscovery will be attempted.
2025-08-07 20:30:40,212 INFO  [org.apa.kaf.cli.con.int.ConsumerCoordinator] (Thread-603) [Consumer clientId=consumer-Consumer-topic-087a5963_b27a_4b6a_8e3a_32a49cac2a8f-1, groupId=Consumer-topic-087a5963_b27a_4b6a_8e3a_32a49cac2a8f] Requesting disconnect from last known coordinator localhost:32769 (id: 2147483647 rack: null)
2025-08-07 20:30:40,213 INFO  [org.apa.kaf.cli.con.int.ConsumerCoordinator] (Thread-603) [Consumer clientId=consumer-Consumer-topic-087a5963_b27a_4b6a_8e3a_32a49cac2a8f-1, groupId=Consumer-topic-087a5963_b27a_4b6a_8e3a_32a49cac2a8f] JoinGroup failed: This is not the correct coordinator. Marking coordinator unknown. Sent generation was Generation{generationId=-1, memberId='', protocol='null'}
2025-08-07 20:30:40,213 INFO  [org.apa.kaf.cli.NetworkClient] (Thread-603) [Consumer clientId=consumer-Consumer-topic-087a5963_b27a_4b6a_8e3a_32a49cac2a8f-1, groupId=Consumer-topic-087a5963_b27a_4b6a_8e3a_32a49cac2a8f] Client requested disconnect from node 2147483647
2025-08-07 20:30:40,225 INFO  [org.apa.kaf.cli.con.int.ConsumerCoordinator] (Thread-603) [Consumer clientId=consumer-Consumer-topic-087a5963_b27a_4b6a_8e3a_32a49cac2a8f-1, groupId=Consumer-topic-087a5963_b27a_4b6a_8e3a_32a49cac2a8f] Discovered group coordinator localhost:32769 (id: 2147483647 rack: null)
2025-08-07 20:30:40,225 INFO  [org.apa.kaf.cli.con.int.ConsumerCoordinator] (Thread-603) [Consumer clientId=consumer-Consumer-topic-087a5963_b27a_4b6a_8e3a_32a49cac2a8f-1, groupId=Consumer-topic-087a5963_b27a_4b6a_8e3a_32a49cac2a8f] Group coordinator localhost:32769 (id: 2147483647 rack: null) is unavailable or invalid due to cause: coordinator unavailable. isDisconnected: false. Rediscovery will be attempted.
2025-08-07 20:30:40,225 INFO  [org.apa.kaf.cli.con.int.ConsumerCoordinator] (Thread-603) [Consumer clientId=consumer-Consumer-topic-087a5963_b27a_4b6a_8e3a_32a49cac2a8f-1, groupId=Consumer-topic-087a5963_b27a_4b6a_8e3a_32a49cac2a8f] Requesting disconnect from last known coordinator localhost:32769 (id: 2147483647 rack: null)
2025-08-07 20:30:40,314 INFO  [org.apa.kaf.cli.con.int.ConsumerCoordinator] (Thread-603) [Consumer clientId=consumer-Consumer-topic-087a5963_b27a_4b6a_8e3a_32a49cac2a8f-1, groupId=Consumer-topic-087a5963_b27a_4b6a_8e3a_32a49cac2a8f] Discovered group coordinator localhost:32769 (id: 2147483647 rack: null)
2025-08-07 20:30:40,317 INFO  [org.apa.kaf.cli.con.int.ConsumerCoordinator] (Thread-603) [Consumer clientId=consumer-Consumer-topic-087a5963_b27a_4b6a_8e3a_32a49cac2a8f-1, groupId=Consumer-topic-087a5963_b27a_4b6a_8e3a_32a49cac2a8f] Request joining group due to: rebalance failed due to 'This is not the correct coordinator.' (NotCoordinatorException)
2025-08-07 20:30:40,317 INFO  [org.apa.kaf.cli.con.int.ConsumerCoordinator] (Thread-603) [Consumer clientId=consumer-Consumer-topic-087a5963_b27a_4b6a_8e3a_32a49cac2a8f-1, groupId=Consumer-topic-087a5963_b27a_4b6a_8e3a_32a49cac2a8f] (Re-)joining group
2025-08-07 20:30:40,323 INFO  [org.apa.kaf.cli.con.int.ConsumerCoordinator] (Thread-603) [Consumer clientId=consumer-Consumer-topic-087a5963_b27a_4b6a_8e3a_32a49cac2a8f-1, groupId=Consumer-topic-087a5963_b27a_4b6a_8e3a_32a49cac2a8f] Group coordinator localhost:32769 (id: 2147483647 rack: null) is unavailable or invalid due to cause: error response NOT_COORDINATOR. isDisconnected: false. Rediscovery will be attempted.
2025-08-07 20:30:40,324 INFO  [org.apa.kaf.cli.con.int.ConsumerCoordinator] (Thread-603) [Consumer clientId=consumer-Consumer-topic-087a5963_b27a_4b6a_8e3a_32a49cac2a8f-1, groupId=Consumer-topic-087a5963_b27a_4b6a_8e3a_32a49cac2a8f] Requesting disconnect from last known coordinator localhost:32769 (id: 2147483647 rack: null)
2025-08-07 20:30:40,324 INFO  [org.apa.kaf.cli.con.int.ConsumerCoordinator] (Thread-603) [Consumer clientId=consumer-Consumer-topic-087a5963_b27a_4b6a_8e3a_32a49cac2a8f-1, groupId=Consumer-topic-087a5963_b27a_4b6a_8e3a_32a49cac2a8f] JoinGroup failed: This is not the correct coordinator. Marking coordinator unknown. Sent generation was Generation{generationId=-1, memberId='', protocol='null'}
2025-08-07 20:30:40,324 INFO  [org.apa.kaf.cli.NetworkClient] (Thread-603) [Consumer clientId=consumer-Consumer-topic-087a5963_b27a_4b6a_8e3a_32a49cac2a8f-1, groupId=Consumer-topic-087a5963_b27a_4b6a_8e3a_32a49cac2a8f] Client requested disconnect from node 2147483647
2025-08-07 20:30:40,330 INFO  [org.apa.kaf.cli.con.int.ConsumerCoordinator] (Thread-603) [Consumer clientId=consumer-Consumer-topic-087a5963_b27a_4b6a_8e3a_32a49cac2a8f-1, groupId=Consumer-topic-087a5963_b27a_4b6a_8e3a_32a49cac2a8f] Discovered group coordinator localhost:32769 (id: 2147483647 rack: null)
2025-08-07 20:30:40,331 INFO  [org.apa.kaf.cli.con.int.ConsumerCoordinator] (Thread-603) [Consumer clientId=consumer-Consumer-topic-087a5963_b27a_4b6a_8e3a_32a49cac2a8f-1, groupId=Consumer-topic-087a5963_b27a_4b6a_8e3a_32a49cac2a8f] Group coordinator localhost:32769 (id: 2147483647 rack: null) is unavailable or invalid due to cause: coordinator unavailable. isDisconnected: false. Rediscovery will be attempted.
2025-08-07 20:30:40,331 INFO  [org.apa.kaf.cli.con.int.ConsumerCoordinator] (Thread-603) [Consumer clientId=consumer-Consumer-topic-087a5963_b27a_4b6a_8e3a_32a49cac2a8f-1, groupId=Consumer-topic-087a5963_b27a_4b6a_8e3a_32a49cac2a8f] Requesting disconnect from last known coordinator localhost:32769 (id: 2147483647 rack: null)
2025-08-07 20:30:40,423 INFO  [org.apa.kaf.cli.con.int.ConsumerCoordinator] (Thread-603) [Consumer clientId=consumer-Consumer-topic-087a5963_b27a_4b6a_8e3a_32a49cac2a8f-1, groupId=Consumer-topic-087a5963_b27a_4b6a_8e3a_32a49cac2a8f] Discovered group coordinator localhost:32769 (id: 2147483647 rack: null)
2025-08-07 20:30:40,425 INFO  [org.apa.kaf.cli.con.int.ConsumerCoordinator] (Thread-603) [Consumer clientId=consumer-Consumer-topic-087a5963_b27a_4b6a_8e3a_32a49cac2a8f-1, groupId=Consumer-topic-087a5963_b27a_4b6a_8e3a_32a49cac2a8f] Request joining group due to: rebalance failed due to 'This is not the correct coordinator.' (NotCoordinatorException)
2025-08-07 20:30:40,426 INFO  [org.apa.kaf.cli.con.int.ConsumerCoordinator] (Thread-603) [Consumer clientId=consumer-Consumer-topic-087a5963_b27a_4b6a_8e3a_32a49cac2a8f-1, groupId=Consumer-topic-087a5963_b27a_4b6a_8e3a_32a49cac2a8f] (Re-)joining group
2025-08-07 20:30:40,474 INFO  [org.apa.kaf.cli.con.int.ConsumerCoordinator] (Thread-603) [Consumer clientId=consumer-Consumer-topic-087a5963_b27a_4b6a_8e3a_32a49cac2a8f-1, groupId=Consumer-topic-087a5963_b27a_4b6a_8e3a_32a49cac2a8f] Group coordinator localhost:32769 (id: 2147483647 rack: null) is unavailable or invalid due to cause: error response NOT_COORDINATOR. isDisconnected: false. Rediscovery will be attempted.
2025-08-07 20:30:40,475 INFO  [org.apa.kaf.cli.con.int.ConsumerCoordinator] (Thread-603) [Consumer clientId=consumer-Consumer-topic-087a5963_b27a_4b6a_8e3a_32a49cac2a8f-1, groupId=Consumer-topic-087a5963_b27a_4b6a_8e3a_32a49cac2a8f] Requesting disconnect from last known coordinator localhost:32769 (id: 2147483647 rack: null)
2025-08-07 20:30:40,475 INFO  [org.apa.kaf.cli.con.int.ConsumerCoordinator] (Thread-603) [Consumer clientId=consumer-Consumer-topic-087a5963_b27a_4b6a_8e3a_32a49cac2a8f-1, groupId=Consumer-topic-087a5963_b27a_4b6a_8e3a_32a49cac2a8f] JoinGroup failed: This is not the correct coordinator. Marking coordinator unknown. Sent generation was Generation{generationId=-1, memberId='', protocol='null'}
2025-08-07 20:30:40,475 INFO  [org.apa.kaf.cli.NetworkClient] (Thread-603) [Consumer clientId=consumer-Consumer-topic-087a5963_b27a_4b6a_8e3a_32a49cac2a8f-1, groupId=Consumer-topic-087a5963_b27a_4b6a_8e3a_32a49cac2a8f] Client requested disconnect from node 2147483647
2025-08-07 20:30:40,482 INFO  [org.apa.kaf.cli.con.int.ConsumerCoordinator] (Thread-603) [Consumer clientId=consumer-Consumer-topic-087a5963_b27a_4b6a_8e3a_32a49cac2a8f-1, groupId=Consumer-topic-087a5963_b27a_4b6a_8e3a_32a49cac2a8f] Discovered group coordinator localhost:32769 (id: 2147483647 rack: null)
2025-08-07 20:30:40,482 INFO  [org.apa.kaf.cli.con.int.ConsumerCoordinator] (Thread-603) [Consumer clientId=consumer-Consumer-topic-087a5963_b27a_4b6a_8e3a_32a49cac2a8f-1, groupId=Consumer-topic-087a5963_b27a_4b6a_8e3a_32a49cac2a8f] Group coordinator localhost:32769 (id: 2147483647 rack: null) is unavailable or invalid due to cause: coordinator unavailable. isDisconnected: false. Rediscovery will be attempted.
2025-08-07 20:30:40,483 INFO  [org.apa.kaf.cli.con.int.ConsumerCoordinator] (Thread-603) [Consumer clientId=consumer-Consumer-topic-087a5963_b27a_4b6a_8e3a_32a49cac2a8f-1, groupId=Consumer-topic-087a5963_b27a_4b6a_8e3a_32a49cac2a8f] Requesting disconnect from last known coordinator localhost:32769 (id: 2147483647 rack: null)
2025-08-07 20:30:40,578 INFO  [org.apa.kaf.cli.con.int.ConsumerCoordinator] (Thread-603) [Consumer clientId=consumer-Consumer-topic-087a5963_b27a_4b6a_8e3a_32a49cac2a8f-1, groupId=Consumer-topic-087a5963_b27a_4b6a_8e3a_32a49cac2a8f] Discovered group coordinator localhost:32769 (id: 2147483647 rack: null)
2025-08-07 20:30:40,579 INFO  [org.apa.kaf.cli.con.int.ConsumerCoordinator] (Thread-603) [Consumer clientId=consumer-Consumer-topic-087a5963_b27a_4b6a_8e3a_32a49cac2a8f-1, groupId=Consumer-topic-087a5963_b27a_4b6a_8e3a_32a49cac2a8f] Request joining group due to: rebalance failed due to 'This is not the correct coordinator.' (NotCoordinatorException)
2025-08-07 20:30:40,580 INFO  [org.apa.kaf.cli.con.int.ConsumerCoordinator] (Thread-603) [Consumer clientId=consumer-Consumer-topic-087a5963_b27a_4b6a_8e3a_32a49cac2a8f-1, groupId=Consumer-topic-087a5963_b27a_4b6a_8e3a_32a49cac2a8f] (Re-)joining group
2025-08-07 20:30:40,593 INFO  [org.apa.kaf.cli.con.int.ConsumerCoordinator] (Thread-603) [Consumer clientId=consumer-Consumer-topic-087a5963_b27a_4b6a_8e3a_32a49cac2a8f-1, groupId=Consumer-topic-087a5963_b27a_4b6a_8e3a_32a49cac2a8f] Request joining group due to: need to re-join with the given member-id: consumer-Consumer-topic-087a5963_b27a_4b6a_8e3a_32a49cac2a8f-1-63f63cd0-730d-4118-9960-249298b9b247
2025-08-07 20:30:40,595 INFO  [org.apa.kaf.cli.con.int.ConsumerCoordinator] (Thread-603) [Consumer clientId=consumer-Consumer-topic-087a5963_b27a_4b6a_8e3a_32a49cac2a8f-1, groupId=Consumer-topic-087a5963_b27a_4b6a_8e3a_32a49cac2a8f] (Re-)joining group
2025-08-07 20:30:40,792 INFO  [io.api.tes.ser.api.KafkaSerdesTester] (Thread-603) None found
2025-08-07 20:30:41,792 INFO  [io.api.tes.ser.api.KafkaSerdesTester] (Thread-603) None found
2025-08-07 20:30:42,793 INFO  [io.api.tes.ser.api.KafkaSerdesTester] (Thread-603) None found
2025-08-07 20:30:43,612 INFO  [org.apa.kaf.cli.con.int.ConsumerCoordinator] (Thread-603) [Consumer clientId=consumer-Consumer-topic-087a5963_b27a_4b6a_8e3a_32a49cac2a8f-1, groupId=Consumer-topic-087a5963_b27a_4b6a_8e3a_32a49cac2a8f] Successfully joined group with generation Generation{generationId=1, memberId='consumer-Consumer-topic-087a5963_b27a_4b6a_8e3a_32a49cac2a8f-1-63f63cd0-730d-4118-9960-249298b9b247', protocol='range'}
2025-08-07 20:30:43,620 INFO  [org.apa.kaf.cli.con.int.ConsumerCoordinator] (Thread-603) [Consumer clientId=consumer-Consumer-topic-087a5963_b27a_4b6a_8e3a_32a49cac2a8f-1, groupId=Consumer-topic-087a5963_b27a_4b6a_8e3a_32a49cac2a8f] Finished assignment for group at generation 1: {consumer-Consumer-topic-087a5963_b27a_4b6a_8e3a_32a49cac2a8f-1-63f63cd0-730d-4118-9960-249298b9b247=Assignment(partitions=[topic-087a5963_b27a_4b6a_8e3a_32a49cac2a8f-0])}
2025-08-07 20:30:43,639 INFO  [org.apa.kaf.cli.con.int.ConsumerCoordinator] (Thread-603) [Consumer clientId=consumer-Consumer-topic-087a5963_b27a_4b6a_8e3a_32a49cac2a8f-1, groupId=Consumer-topic-087a5963_b27a_4b6a_8e3a_32a49cac2a8f] Successfully synced group in generation Generation{generationId=1, memberId='consumer-Consumer-topic-087a5963_b27a_4b6a_8e3a_32a49cac2a8f-1-63f63cd0-730d-4118-9960-249298b9b247', protocol='range'}
2025-08-07 20:30:43,640 INFO  [org.apa.kaf.cli.con.int.ConsumerCoordinator] (Thread-603) [Consumer clientId=consumer-Consumer-topic-087a5963_b27a_4b6a_8e3a_32a49cac2a8f-1, groupId=Consumer-topic-087a5963_b27a_4b6a_8e3a_32a49cac2a8f] Notifying assignor about the new Assignment(partitions=[topic-087a5963_b27a_4b6a_8e3a_32a49cac2a8f-0])
2025-08-07 20:30:43,645 INFO  [org.apa.kaf.cli.con.int.ConsumerRebalanceListenerInvoker] (Thread-603) [Consumer clientId=consumer-Consumer-topic-087a5963_b27a_4b6a_8e3a_32a49cac2a8f-1, groupId=Consumer-topic-087a5963_b27a_4b6a_8e3a_32a49cac2a8f] Adding newly assigned partitions: topic-087a5963_b27a_4b6a_8e3a_32a49cac2a8f-0
2025-08-07 20:30:43,678 INFO  [org.apa.kaf.cli.con.int.ConsumerCoordinator] (Thread-603) [Consumer clientId=consumer-Consumer-topic-087a5963_b27a_4b6a_8e3a_32a49cac2a8f-1, groupId=Consumer-topic-087a5963_b27a_4b6a_8e3a_32a49cac2a8f] Found no committed offset for partition topic-087a5963_b27a_4b6a_8e3a_32a49cac2a8f-0
2025-08-07 20:30:43,698 INFO  [org.apa.kaf.cli.con.int.SubscriptionState] (Thread-603) [Consumer clientId=consumer-Consumer-topic-087a5963_b27a_4b6a_8e3a_32a49cac2a8f-1, groupId=Consumer-topic-087a5963_b27a_4b6a_8e3a_32a49cac2a8f] Resetting offset for partition topic-087a5963_b27a_4b6a_8e3a_32a49cac2a8f-0 to position FetchPosition{offset=0, offsetEpoch=Optional.empty, currentLeader=LeaderAndEpoch{leader=Optional[localhost:32769 (id: 0 rack: null)], epoch=0}}.
2025-08-07 20:30:44,000 INFO  [io.api.tes.ser.api.KafkaSerdesTester] (Thread-603) topic-087a5963_b27a_4b6a_8e3a_32a49cac2a8f 0 0 {"key11754598638427": "value-0"}
2025-08-07 20:30:44,001 INFO  [io.api.tes.ser.api.KafkaSerdesTester] (Thread-603) topic-087a5963_b27a_4b6a_8e3a_32a49cac2a8f 0 1 {"key11754598638427": "value-1"}
2025-08-07 20:30:44,001 INFO  [io.api.tes.ser.api.KafkaSerdesTester] (Thread-603) topic-087a5963_b27a_4b6a_8e3a_32a49cac2a8f 0 2 {"key11754598638427": "value-2"}
2025-08-07 20:30:44,001 INFO  [io.api.tes.ser.api.KafkaSerdesTester] (Thread-603) topic-087a5963_b27a_4b6a_8e3a_32a49cac2a8f 0 3 {"key11754598638427": "value-3"}
2025-08-07 20:30:44,001 INFO  [io.api.tes.ser.api.KafkaSerdesTester] (Thread-603) topic-087a5963_b27a_4b6a_8e3a_32a49cac2a8f 0 4 {"key11754598638427": "value-4"}
2025-08-07 20:30:44,001 INFO  [io.api.tes.ser.api.KafkaSerdesTester] (Thread-603) topic-087a5963_b27a_4b6a_8e3a_32a49cac2a8f 0 5 {"key11754598638427": "value-5"}
2025-08-07 20:30:44,001 INFO  [io.api.tes.ser.api.KafkaSerdesTester] (Thread-603) topic-087a5963_b27a_4b6a_8e3a_32a49cac2a8f 0 6 {"key11754598638427": "value-6"}
2025-08-07 20:30:44,001 INFO  [io.api.tes.ser.api.KafkaSerdesTester] (Thread-603) topic-087a5963_b27a_4b6a_8e3a_32a49cac2a8f 0 7 {"key11754598638427": "value-7"}
2025-08-07 20:30:44,002 INFO  [io.api.tes.ser.api.KafkaSerdesTester] (Thread-603) topic-087a5963_b27a_4b6a_8e3a_32a49cac2a8f 0 8 {"key11754598638427": "value-8"}
2025-08-07 20:30:44,002 INFO  [io.api.tes.ser.api.KafkaSerdesTester] (Thread-603) topic-087a5963_b27a_4b6a_8e3a_32a49cac2a8f 0 9 {"key11754598638427": "value-9"}
2025-08-07 20:30:44,002 INFO  [io.api.tes.ser.api.KafkaSerdesTester] (Thread-603) Consumed 10 messages
2025-08-07 20:30:44,033 INFO  [org.apa.kaf.cli.con.int.ConsumerRebalanceListenerInvoker] (Thread-603) [Consumer clientId=consumer-Consumer-topic-087a5963_b27a_4b6a_8e3a_32a49cac2a8f-1, groupId=Consumer-topic-087a5963_b27a_4b6a_8e3a_32a49cac2a8f] Revoke previously assigned partitions topic-087a5963_b27a_4b6a_8e3a_32a49cac2a8f-0
2025-08-07 20:30:44,033 INFO  [org.apa.kaf.cli.con.int.ConsumerCoordinator] (Thread-603) [Consumer clientId=consumer-Consumer-topic-087a5963_b27a_4b6a_8e3a_32a49cac2a8f-1, groupId=Consumer-topic-087a5963_b27a_4b6a_8e3a_32a49cac2a8f] Member consumer-Consumer-topic-087a5963_b27a_4b6a_8e3a_32a49cac2a8f-1-63f63cd0-730d-4118-9960-249298b9b247 sending LeaveGroup request to coordinator localhost:32769 (id: 2147483647 rack: null) due to the consumer is being closed
2025-08-07 20:30:44,035 INFO  [org.apa.kaf.cli.con.int.ConsumerCoordinator] (Thread-603) [Consumer clientId=consumer-Consumer-topic-087a5963_b27a_4b6a_8e3a_32a49cac2a8f-1, groupId=Consumer-topic-087a5963_b27a_4b6a_8e3a_32a49cac2a8f] Resetting generation and member id due to: consumer pro-actively leaving the group
2025-08-07 20:30:44,035 INFO  [org.apa.kaf.cli.con.int.ConsumerCoordinator] (Thread-603) [Consumer clientId=consumer-Consumer-topic-087a5963_b27a_4b6a_8e3a_32a49cac2a8f-1, groupId=Consumer-topic-087a5963_b27a_4b6a_8e3a_32a49cac2a8f] Request joining group due to: consumer pro-actively leaving the group
2025-08-07 20:30:44,522 INFO  [org.apa.kaf.com.met.Metrics] (Thread-603) Metrics scheduler closed
2025-08-07 20:30:44,523 INFO  [org.apa.kaf.com.met.Metrics] (Thread-603) Closing reporter org.apache.kafka.common.metrics.JmxReporter
2025-08-07 20:30:44,523 INFO  [org.apa.kaf.com.met.Metrics] (Thread-603) Closing reporter org.apache.kafka.common.telemetry.internals.ClientTelemetryReporter
2025-08-07 20:30:44,523 INFO  [org.apa.kaf.com.met.Metrics] (Thread-603) Metrics reporters closed
2025-08-07 20:30:44,537 INFO  [org.apa.kaf.com.uti.AppInfoParser] (Thread-603) App info kafka.consumer for consumer-Consumer-topic-087a5963_b27a_4b6a_8e3a_32a49cac2a8f-1 unregistered
2025-08-07 20:30:44,539 INFO  [io.api.tes.uti.TestSeparator] (main) io.apicurio.tests.serdes.apicurio.AvroSerdeIT.testGlobalIdInHeaders-FINISHED
2025-08-07 20:30:44,539 INFO  [io.api.tes.uti.TestSeparator] (main) ############################################################################
Test passed: testGlobalIdInHeaders
]]></system-out>
  </testcase>
  <testcase name="testSimpleTopicIdStrategyFindLatest" classname="io.apicurio.tests.serdes.apicurio.AvroSerdeIT" time="5.399">
    <system-out><![CDATA[2025-08-07 20:30:44,541 INFO  [io.api.tes.uti.TestSeparator] (main) ############################################################################
2025-08-07 20:30:44,541 INFO  [io.api.tes.uti.TestSeparator] (main) io.apicurio.tests.serdes.apicurio.AvroSerdeIT.testSimpleTopicIdStrategyFindLatest-STARTED
2025-08-07 20:30:44,547 INFO  [io.api.tes.ser.api.AvroSerdeIT] (main) Registering Avro Schema: {"type":"record","name":"myrecordapicurio1","fields":[{"name":"key11754598644546","type":"string"}]}
**** Registry Base URL: http://registry-app-mysql.apps.ci419.apicurio-testing.org:80
2025-08-07 20:30:45,752 INFO  [org.apa.kaf.cli.pro.ProducerConfig] (main) ProducerConfig values: 
	acks = -1
	auto.include.jmx.reporter = true
	batch.size = 16384
	bootstrap.servers = [PLAINTEXT://localhost:32769]
	buffer.memory = 33554432
	client.dns.lookup = use_all_dns_ips
	client.id = Producer-topic-7de5d925_f7ee_416e_8a25_cb3806da3ac4
	compression.gzip.level = -1
	compression.lz4.level = 9
	compression.type = none
	compression.zstd.level = 3
	connections.max.idle.ms = 10000
	delivery.timeout.ms = 120000
	enable.idempotence = true
	enable.metrics.push = true
	interceptor.classes = []
	key.serializer = class org.apache.kafka.common.serialization.StringSerializer
	linger.ms = 0
	max.block.ms = 60000
	max.in.flight.requests.per.connection = 5
	max.request.size = 1048576
	metadata.max.age.ms = 300000
	metadata.max.idle.ms = 300000
	metadata.recovery.strategy = none
	metric.reporters = []
	metrics.num.samples = 2
	metrics.recording.level = INFO
	metrics.sample.window.ms = 30000
	partitioner.adaptive.partitioning.enable = true
	partitioner.availability.timeout.ms = 0
	partitioner.class = null
	partitioner.ignore.keys = false
	receive.buffer.bytes = 32768
	reconnect.backoff.max.ms = 1000
	reconnect.backoff.ms = 50
	request.timeout.ms = 5000
	retries = 2147483647
	retry.backoff.max.ms = 1000
	retry.backoff.ms = 100
	sasl.client.callback.handler.class = null
	sasl.jaas.config = null
	sasl.kerberos.kinit.cmd = /usr/bin/kinit
	sasl.kerberos.min.time.before.relogin = 60000
	sasl.kerberos.service.name = null
	sasl.kerberos.ticket.renew.jitter = 0.05
	sasl.kerberos.ticket.renew.window.factor = 0.8
	sasl.login.callback.handler.class = null
	sasl.login.class = null
	sasl.login.connect.timeout.ms = null
	sasl.login.read.timeout.ms = null
	sasl.login.refresh.buffer.seconds = 300
	sasl.login.refresh.min.period.seconds = 60
	sasl.login.refresh.window.factor = 0.8
	sasl.login.refresh.window.jitter = 0.05
	sasl.login.retry.backoff.max.ms = 10000
	sasl.login.retry.backoff.ms = 100
	sasl.mechanism = GSSAPI
	sasl.oauthbearer.clock.skew.seconds = 30
	sasl.oauthbearer.expected.audience = null
	sasl.oauthbearer.expected.issuer = null
	sasl.oauthbearer.header.urlencode = false
	sasl.oauthbearer.jwks.endpoint.refresh.ms = 3600000
	sasl.oauthbearer.jwks.endpoint.retry.backoff.max.ms = 10000
	sasl.oauthbearer.jwks.endpoint.retry.backoff.ms = 100
	sasl.oauthbearer.jwks.endpoint.url = null
	sasl.oauthbearer.scope.claim.name = scope
	sasl.oauthbearer.sub.claim.name = sub
	sasl.oauthbearer.token.endpoint.url = null
	security.protocol = PLAINTEXT
	security.providers = null
	send.buffer.bytes = 131072
	socket.connection.setup.timeout.max.ms = 30000
	socket.connection.setup.timeout.ms = 10000
	ssl.cipher.suites = null
	ssl.enabled.protocols = [TLSv1.2, TLSv1.3]
	ssl.endpoint.identification.algorithm = https
	ssl.engine.factory.class = null
	ssl.key.password = null
	ssl.keymanager.algorithm = SunX509
	ssl.keystore.certificate.chain = null
	ssl.keystore.key = null
	ssl.keystore.location = null
	ssl.keystore.password = null
	ssl.keystore.type = JKS
	ssl.protocol = TLSv1.3
	ssl.provider = null
	ssl.secure.random.implementation = null
	ssl.trustmanager.algorithm = PKIX
	ssl.truststore.certificates = null
	ssl.truststore.location = null
	ssl.truststore.password = null
	ssl.truststore.type = JKS
	transaction.timeout.ms = 60000
	transactional.id = null
	value.serializer = class io.apicurio.registry.serde.avro.AvroKafkaSerializer

2025-08-07 20:30:45,752 INFO  [org.apa.kaf.com.tel.int.KafkaMetricsCollector] (main) initializing Kafka metrics collector
2025-08-07 20:30:45,757 INFO  [org.apa.kaf.cli.pro.KafkaProducer] (main) [Producer clientId=Producer-topic-7de5d925_f7ee_416e_8a25_cb3806da3ac4] Instantiated an idempotent producer.
2025-08-07 20:30:45,761 INFO  [org.apa.kaf.cli.pro.ProducerConfig] (main) These configurations '[apicurio.registry.find-latest, apicurio.registry.artifact.group-id, apicurio.registry.url, apicurio.registry.artifact-resolver-strategy]' were supplied but are not used yet.
2025-08-07 20:30:45,761 INFO  [org.apa.kaf.com.uti.AppInfoParser] (main) Kafka version: 3.9.1
2025-08-07 20:30:45,761 INFO  [org.apa.kaf.com.uti.AppInfoParser] (main) Kafka commitId: f745dfdcee2b9851
2025-08-07 20:30:45,761 INFO  [org.apa.kaf.com.uti.AppInfoParser] (main) Kafka startTimeMs: 1754598645761
2025-08-07 20:30:45,761 INFO  [io.api.tes.ser.api.SimpleSerdesTesterBuilder$SimpleSerdesTester] (main) Using producer configuration: {apicurio.registry.find-latest=true, apicurio.registry.artifact.group-id=topic-7de5d925_f7ee_416e_8a25_cb3806da3ac4, apicurio.registry.url=http://registry-app-mysql.apps.ci419.apicurio-testing.org:80/apis/registry/v3, apicurio.registry.artifact-resolver-strategy=io.apicurio.registry.serde.strategy.SimpleTopicIdStrategy, value.serializer=io.apicurio.registry.serde.avro.AvroKafkaSerializer, request.timeout.ms=5000, acks=all, bootstrap.servers=PLAINTEXT://localhost:32769, connections.max.idle.ms=10000, key.serializer=org.apache.kafka.common.serialization.StringSerializer, client.id=Producer-topic-7de5d925_f7ee_416e_8a25_cb3806da3ac4}
2025-08-07 20:30:45,761 INFO  [io.api.tes.ser.api.SimpleSerdesTesterBuilder$SimpleSerdesTester] (main) Using consumer configuration: {}
2025-08-07 20:30:45,764 INFO  [io.api.tes.ser.api.KafkaSerdesTester] (Thread-606) Sending message {"key11754598644546": "value-0"} to topic topic-7de5d925_f7ee_416e_8a25_cb3806da3ac4
2025-08-07 20:30:45,778 INFO  [org.apa.kaf.cli.Metadata] (kafka-producer-network-thread | Producer-topic-7de5d925_f7ee_416e_8a25_cb3806da3ac4) [Producer clientId=Producer-topic-7de5d925_f7ee_416e_8a25_cb3806da3ac4] Cluster ID: VsWUIKwhTKC56aKd3Rs4Pw
2025-08-07 20:30:45,779 INFO  [org.apa.kaf.cli.pro.int.TransactionManager] (kafka-producer-network-thread | Producer-topic-7de5d925_f7ee_416e_8a25_cb3806da3ac4) [Producer clientId=Producer-topic-7de5d925_f7ee_416e_8a25_cb3806da3ac4] ProducerId set to 1 with epoch 0
2025-08-07 20:30:46,098 INFO  [io.api.tes.ser.api.KafkaSerdesTester] (Thread-606) Sending message {"key11754598644546": "value-1"} to topic topic-7de5d925_f7ee_416e_8a25_cb3806da3ac4
2025-08-07 20:30:46,103 INFO  [io.api.tes.ser.api.KafkaSerdesTester] (Thread-606) Sending message {"key11754598644546": "value-2"} to topic topic-7de5d925_f7ee_416e_8a25_cb3806da3ac4
2025-08-07 20:30:46,105 INFO  [io.api.tes.ser.api.KafkaSerdesTester] (Thread-606) Sending message {"key11754598644546": "value-3"} to topic topic-7de5d925_f7ee_416e_8a25_cb3806da3ac4
2025-08-07 20:30:46,109 INFO  [io.api.tes.ser.api.KafkaSerdesTester] (Thread-606) Sending message {"key11754598644546": "value-4"} to topic topic-7de5d925_f7ee_416e_8a25_cb3806da3ac4
2025-08-07 20:30:46,111 INFO  [io.api.tes.ser.api.KafkaSerdesTester] (Thread-606) Sending message {"key11754598644546": "value-5"} to topic topic-7de5d925_f7ee_416e_8a25_cb3806da3ac4
2025-08-07 20:30:46,115 INFO  [io.api.tes.ser.api.KafkaSerdesTester] (Thread-606) Sending message {"key11754598644546": "value-6"} to topic topic-7de5d925_f7ee_416e_8a25_cb3806da3ac4
2025-08-07 20:30:46,118 INFO  [io.api.tes.ser.api.KafkaSerdesTester] (Thread-606) Sending message {"key11754598644546": "value-7"} to topic topic-7de5d925_f7ee_416e_8a25_cb3806da3ac4
2025-08-07 20:30:46,120 INFO  [io.api.tes.ser.api.KafkaSerdesTester] (Thread-606) Sending message {"key11754598644546": "value-8"} to topic topic-7de5d925_f7ee_416e_8a25_cb3806da3ac4
2025-08-07 20:30:46,121 INFO  [io.api.tes.ser.api.KafkaSerdesTester] (Thread-606) Sending message {"key11754598644546": "value-9"} to topic topic-7de5d925_f7ee_416e_8a25_cb3806da3ac4
2025-08-07 20:30:46,124 INFO  [io.api.tes.ser.api.KafkaSerdesTester] (Thread-606) Produced 10 messages
2025-08-07 20:30:46,124 INFO  [org.apa.kaf.cli.pro.KafkaProducer] (Thread-606) [Producer clientId=Producer-topic-7de5d925_f7ee_416e_8a25_cb3806da3ac4] Closing the Kafka producer with timeoutMillis = 9223372036854775807 ms.
2025-08-07 20:30:46,128 INFO  [org.apa.kaf.com.met.Metrics] (Thread-606) Metrics scheduler closed
2025-08-07 20:30:46,128 INFO  [org.apa.kaf.com.met.Metrics] (Thread-606) Closing reporter org.apache.kafka.common.metrics.JmxReporter
2025-08-07 20:30:46,128 INFO  [org.apa.kaf.com.met.Metrics] (Thread-606) Closing reporter org.apache.kafka.common.telemetry.internals.ClientTelemetryReporter
2025-08-07 20:30:46,129 INFO  [org.apa.kaf.com.met.Metrics] (Thread-606) Metrics reporters closed
2025-08-07 20:30:46,129 INFO  [org.apa.kaf.com.uti.AppInfoParser] (Thread-606) App info kafka.producer for Producer-topic-7de5d925_f7ee_416e_8a25_cb3806da3ac4 unregistered
**** Registry Base URL: http://registry-app-mysql.apps.ci419.apicurio-testing.org:80
2025-08-07 20:30:46,131 INFO  [org.apa.kaf.cli.con.ConsumerConfig] (main) ConsumerConfig values: 
	allow.auto.create.topics = true
	auto.commit.interval.ms = 500
	auto.include.jmx.reporter = true
	auto.offset.reset = earliest
	bootstrap.servers = [PLAINTEXT://localhost:32769]
	check.crcs = true
	client.dns.lookup = use_all_dns_ips
	client.id = consumer-Consumer-topic-7de5d925_f7ee_416e_8a25_cb3806da3ac4-2
	client.rack = 
	connections.max.idle.ms = 10000
	default.api.timeout.ms = 60000
	enable.auto.commit = true
	enable.metrics.push = true
	exclude.internal.topics = true
	fetch.max.bytes = 52428800
	fetch.max.wait.ms = 500
	fetch.min.bytes = 1
	group.id = Consumer-topic-7de5d925_f7ee_416e_8a25_cb3806da3ac4
	group.instance.id = null
	group.protocol = classic
	group.remote.assignor = null
	heartbeat.interval.ms = 3000
	interceptor.classes = []
	internal.leave.group.on.close = true
	internal.throw.on.fetch.stable.offset.unsupported = false
	isolation.level = read_uncommitted
	key.deserializer = class org.apache.kafka.common.serialization.StringDeserializer
	max.partition.fetch.bytes = 1048576
	max.poll.interval.ms = 300000
	max.poll.records = 500
	metadata.max.age.ms = 300000
	metadata.recovery.strategy = none
	metric.reporters = []
	metrics.num.samples = 2
	metrics.recording.level = INFO
	metrics.sample.window.ms = 30000
	partition.assignment.strategy = [class org.apache.kafka.clients.consumer.RangeAssignor, class org.apache.kafka.clients.consumer.CooperativeStickyAssignor]
	receive.buffer.bytes = 65536
	reconnect.backoff.max.ms = 1000
	reconnect.backoff.ms = 50
	request.timeout.ms = 5000
	retry.backoff.max.ms = 1000
	retry.backoff.ms = 100
	sasl.client.callback.handler.class = null
	sasl.jaas.config = null
	sasl.kerberos.kinit.cmd = /usr/bin/kinit
	sasl.kerberos.min.time.before.relogin = 60000
	sasl.kerberos.service.name = null
	sasl.kerberos.ticket.renew.jitter = 0.05
	sasl.kerberos.ticket.renew.window.factor = 0.8
	sasl.login.callback.handler.class = null
	sasl.login.class = null
	sasl.login.connect.timeout.ms = null
	sasl.login.read.timeout.ms = null
	sasl.login.refresh.buffer.seconds = 300
	sasl.login.refresh.min.period.seconds = 60
	sasl.login.refresh.window.factor = 0.8
	sasl.login.refresh.window.jitter = 0.05
	sasl.login.retry.backoff.max.ms = 10000
	sasl.login.retry.backoff.ms = 100
	sasl.mechanism = GSSAPI
	sasl.oauthbearer.clock.skew.seconds = 30
	sasl.oauthbearer.expected.audience = null
	sasl.oauthbearer.expected.issuer = null
	sasl.oauthbearer.header.urlencode = false
	sasl.oauthbearer.jwks.endpoint.refresh.ms = 3600000
	sasl.oauthbearer.jwks.endpoint.retry.backoff.max.ms = 10000
	sasl.oauthbearer.jwks.endpoint.retry.backoff.ms = 100
	sasl.oauthbearer.jwks.endpoint.url = null
	sasl.oauthbearer.scope.claim.name = scope
	sasl.oauthbearer.sub.claim.name = sub
	sasl.oauthbearer.token.endpoint.url = null
	security.protocol = PLAINTEXT
	security.providers = null
	send.buffer.bytes = 131072
	session.timeout.ms = 45000
	socket.connection.setup.timeout.max.ms = 30000
	socket.connection.setup.timeout.ms = 10000
	ssl.cipher.suites = null
	ssl.enabled.protocols = [TLSv1.2, TLSv1.3]
	ssl.endpoint.identification.algorithm = https
	ssl.engine.factory.class = null
	ssl.key.password = null
	ssl.keymanager.algorithm = SunX509
	ssl.keystore.certificate.chain = null
	ssl.keystore.key = null
	ssl.keystore.location = null
	ssl.keystore.password = null
	ssl.keystore.type = JKS
	ssl.protocol = TLSv1.3
	ssl.provider = null
	ssl.secure.random.implementation = null
	ssl.trustmanager.algorithm = PKIX
	ssl.truststore.certificates = null
	ssl.truststore.location = null
	ssl.truststore.password = null
	ssl.truststore.type = JKS
	value.deserializer = class io.apicurio.registry.serde.avro.AvroKafkaDeserializer

2025-08-07 20:30:46,131 INFO  [org.apa.kaf.com.tel.int.KafkaMetricsCollector] (main) initializing Kafka metrics collector
2025-08-07 20:30:46,144 INFO  [org.apa.kaf.cli.con.ConsumerConfig] (main) These configurations '[apicurio.registry.url]' were supplied but are not used yet.
2025-08-07 20:30:46,144 INFO  [org.apa.kaf.com.uti.AppInfoParser] (main) Kafka version: 3.9.1
2025-08-07 20:30:46,144 INFO  [org.apa.kaf.com.uti.AppInfoParser] (main) Kafka commitId: f745dfdcee2b9851
2025-08-07 20:30:46,144 INFO  [org.apa.kaf.com.uti.AppInfoParser] (main) Kafka startTimeMs: 1754598646144
2025-08-07 20:30:46,145 INFO  [org.apa.kaf.cli.con.int.ClassicKafkaConsumer] (Thread-609) [Consumer clientId=consumer-Consumer-topic-7de5d925_f7ee_416e_8a25_cb3806da3ac4-2, groupId=Consumer-topic-7de5d925_f7ee_416e_8a25_cb3806da3ac4] Subscribed to topic(s): topic-7de5d925_f7ee_416e_8a25_cb3806da3ac4
2025-08-07 20:30:46,152 INFO  [org.apa.kaf.cli.Metadata] (Thread-609) [Consumer clientId=consumer-Consumer-topic-7de5d925_f7ee_416e_8a25_cb3806da3ac4-2, groupId=Consumer-topic-7de5d925_f7ee_416e_8a25_cb3806da3ac4] Cluster ID: VsWUIKwhTKC56aKd3Rs4Pw
2025-08-07 20:30:46,159 INFO  [org.apa.kaf.cli.con.int.ConsumerCoordinator] (Thread-609) [Consumer clientId=consumer-Consumer-topic-7de5d925_f7ee_416e_8a25_cb3806da3ac4-2, groupId=Consumer-topic-7de5d925_f7ee_416e_8a25_cb3806da3ac4] Discovered group coordinator localhost:32769 (id: 2147483647 rack: null)
2025-08-07 20:30:46,164 INFO  [org.apa.kaf.cli.con.int.ConsumerCoordinator] (Thread-609) [Consumer clientId=consumer-Consumer-topic-7de5d925_f7ee_416e_8a25_cb3806da3ac4-2, groupId=Consumer-topic-7de5d925_f7ee_416e_8a25_cb3806da3ac4] (Re-)joining group
2025-08-07 20:30:46,169 INFO  [org.apa.kaf.cli.con.int.ConsumerCoordinator] (Thread-609) [Consumer clientId=consumer-Consumer-topic-7de5d925_f7ee_416e_8a25_cb3806da3ac4-2, groupId=Consumer-topic-7de5d925_f7ee_416e_8a25_cb3806da3ac4] Request joining group due to: need to re-join with the given member-id: consumer-Consumer-topic-7de5d925_f7ee_416e_8a25_cb3806da3ac4-2-d68bb400-4174-4bb5-8474-f6dc137688e3
2025-08-07 20:30:46,169 INFO  [org.apa.kaf.cli.con.int.ConsumerCoordinator] (Thread-609) [Consumer clientId=consumer-Consumer-topic-7de5d925_f7ee_416e_8a25_cb3806da3ac4-2, groupId=Consumer-topic-7de5d925_f7ee_416e_8a25_cb3806da3ac4] (Re-)joining group
2025-08-07 20:30:47,145 INFO  [io.api.tes.ser.api.KafkaSerdesTester] (Thread-609) None found
2025-08-07 20:30:48,146 INFO  [io.api.tes.ser.api.KafkaSerdesTester] (Thread-609) None found
2025-08-07 20:30:49,146 INFO  [io.api.tes.ser.api.KafkaSerdesTester] (Thread-609) None found
2025-08-07 20:30:49,173 INFO  [org.apa.kaf.cli.con.int.ConsumerCoordinator] (Thread-609) [Consumer clientId=consumer-Consumer-topic-7de5d925_f7ee_416e_8a25_cb3806da3ac4-2, groupId=Consumer-topic-7de5d925_f7ee_416e_8a25_cb3806da3ac4] Successfully joined group with generation Generation{generationId=1, memberId='consumer-Consumer-topic-7de5d925_f7ee_416e_8a25_cb3806da3ac4-2-d68bb400-4174-4bb5-8474-f6dc137688e3', protocol='range'}
2025-08-07 20:30:49,174 INFO  [org.apa.kaf.cli.con.int.ConsumerCoordinator] (Thread-609) [Consumer clientId=consumer-Consumer-topic-7de5d925_f7ee_416e_8a25_cb3806da3ac4-2, groupId=Consumer-topic-7de5d925_f7ee_416e_8a25_cb3806da3ac4] Finished assignment for group at generation 1: {consumer-Consumer-topic-7de5d925_f7ee_416e_8a25_cb3806da3ac4-2-d68bb400-4174-4bb5-8474-f6dc137688e3=Assignment(partitions=[topic-7de5d925_f7ee_416e_8a25_cb3806da3ac4-0])}
2025-08-07 20:30:49,182 INFO  [org.apa.kaf.cli.con.int.ConsumerCoordinator] (Thread-609) [Consumer clientId=consumer-Consumer-topic-7de5d925_f7ee_416e_8a25_cb3806da3ac4-2, groupId=Consumer-topic-7de5d925_f7ee_416e_8a25_cb3806da3ac4] Successfully synced group in generation Generation{generationId=1, memberId='consumer-Consumer-topic-7de5d925_f7ee_416e_8a25_cb3806da3ac4-2-d68bb400-4174-4bb5-8474-f6dc137688e3', protocol='range'}
2025-08-07 20:30:49,182 INFO  [org.apa.kaf.cli.con.int.ConsumerCoordinator] (Thread-609) [Consumer clientId=consumer-Consumer-topic-7de5d925_f7ee_416e_8a25_cb3806da3ac4-2, groupId=Consumer-topic-7de5d925_f7ee_416e_8a25_cb3806da3ac4] Notifying assignor about the new Assignment(partitions=[topic-7de5d925_f7ee_416e_8a25_cb3806da3ac4-0])
2025-08-07 20:30:49,182 INFO  [org.apa.kaf.cli.con.int.ConsumerRebalanceListenerInvoker] (Thread-609) [Consumer clientId=consumer-Consumer-topic-7de5d925_f7ee_416e_8a25_cb3806da3ac4-2, groupId=Consumer-topic-7de5d925_f7ee_416e_8a25_cb3806da3ac4] Adding newly assigned partitions: topic-7de5d925_f7ee_416e_8a25_cb3806da3ac4-0
2025-08-07 20:30:49,183 INFO  [org.apa.kaf.cli.con.int.ConsumerCoordinator] (Thread-609) [Consumer clientId=consumer-Consumer-topic-7de5d925_f7ee_416e_8a25_cb3806da3ac4-2, groupId=Consumer-topic-7de5d925_f7ee_416e_8a25_cb3806da3ac4] Found no committed offset for partition topic-7de5d925_f7ee_416e_8a25_cb3806da3ac4-0
2025-08-07 20:30:49,185 INFO  [org.apa.kaf.cli.con.int.SubscriptionState] (Thread-609) [Consumer clientId=consumer-Consumer-topic-7de5d925_f7ee_416e_8a25_cb3806da3ac4-2, groupId=Consumer-topic-7de5d925_f7ee_416e_8a25_cb3806da3ac4] Resetting offset for partition topic-7de5d925_f7ee_416e_8a25_cb3806da3ac4-0 to position FetchPosition{offset=0, offsetEpoch=Optional.empty, currentLeader=LeaderAndEpoch{leader=Optional[localhost:32769 (id: 0 rack: null)], epoch=0}}.
2025-08-07 20:30:49,431 INFO  [io.api.tes.ser.api.KafkaSerdesTester] (Thread-609) topic-7de5d925_f7ee_416e_8a25_cb3806da3ac4 0 0 {"key11754598644546": "value-0"}
2025-08-07 20:30:49,432 INFO  [io.api.tes.ser.api.KafkaSerdesTester] (Thread-609) topic-7de5d925_f7ee_416e_8a25_cb3806da3ac4 0 1 {"key11754598644546": "value-1"}
2025-08-07 20:30:49,433 INFO  [io.api.tes.ser.api.KafkaSerdesTester] (Thread-609) topic-7de5d925_f7ee_416e_8a25_cb3806da3ac4 0 2 {"key11754598644546": "value-2"}
2025-08-07 20:30:49,433 INFO  [io.api.tes.ser.api.KafkaSerdesTester] (Thread-609) topic-7de5d925_f7ee_416e_8a25_cb3806da3ac4 0 3 {"key11754598644546": "value-3"}
2025-08-07 20:30:49,433 INFO  [io.api.tes.ser.api.KafkaSerdesTester] (Thread-609) topic-7de5d925_f7ee_416e_8a25_cb3806da3ac4 0 4 {"key11754598644546": "value-4"}
2025-08-07 20:30:49,433 INFO  [io.api.tes.ser.api.KafkaSerdesTester] (Thread-609) topic-7de5d925_f7ee_416e_8a25_cb3806da3ac4 0 5 {"key11754598644546": "value-5"}
2025-08-07 20:30:49,433 INFO  [io.api.tes.ser.api.KafkaSerdesTester] (Thread-609) topic-7de5d925_f7ee_416e_8a25_cb3806da3ac4 0 6 {"key11754598644546": "value-6"}
2025-08-07 20:30:49,433 INFO  [io.api.tes.ser.api.KafkaSerdesTester] (Thread-609) topic-7de5d925_f7ee_416e_8a25_cb3806da3ac4 0 7 {"key11754598644546": "value-7"}
2025-08-07 20:30:49,433 INFO  [io.api.tes.ser.api.KafkaSerdesTester] (Thread-609) topic-7de5d925_f7ee_416e_8a25_cb3806da3ac4 0 8 {"key11754598644546": "value-8"}
2025-08-07 20:30:49,433 INFO  [io.api.tes.ser.api.KafkaSerdesTester] (Thread-609) topic-7de5d925_f7ee_416e_8a25_cb3806da3ac4 0 9 {"key11754598644546": "value-9"}
2025-08-07 20:30:49,433 INFO  [io.api.tes.ser.api.KafkaSerdesTester] (Thread-609) Consumed 10 messages
2025-08-07 20:30:49,441 INFO  [org.apa.kaf.cli.con.int.ConsumerRebalanceListenerInvoker] (Thread-609) [Consumer clientId=consumer-Consumer-topic-7de5d925_f7ee_416e_8a25_cb3806da3ac4-2, groupId=Consumer-topic-7de5d925_f7ee_416e_8a25_cb3806da3ac4] Revoke previously assigned partitions topic-7de5d925_f7ee_416e_8a25_cb3806da3ac4-0
2025-08-07 20:30:49,442 INFO  [org.apa.kaf.cli.con.int.ConsumerCoordinator] (Thread-609) [Consumer clientId=consumer-Consumer-topic-7de5d925_f7ee_416e_8a25_cb3806da3ac4-2, groupId=Consumer-topic-7de5d925_f7ee_416e_8a25_cb3806da3ac4] Member consumer-Consumer-topic-7de5d925_f7ee_416e_8a25_cb3806da3ac4-2-d68bb400-4174-4bb5-8474-f6dc137688e3 sending LeaveGroup request to coordinator localhost:32769 (id: 2147483647 rack: null) due to the consumer is being closed
2025-08-07 20:30:49,442 INFO  [org.apa.kaf.cli.con.int.ConsumerCoordinator] (Thread-609) [Consumer clientId=consumer-Consumer-topic-7de5d925_f7ee_416e_8a25_cb3806da3ac4-2, groupId=Consumer-topic-7de5d925_f7ee_416e_8a25_cb3806da3ac4] Resetting generation and member id due to: consumer pro-actively leaving the group
2025-08-07 20:30:49,442 INFO  [org.apa.kaf.cli.con.int.ConsumerCoordinator] (Thread-609) [Consumer clientId=consumer-Consumer-topic-7de5d925_f7ee_416e_8a25_cb3806da3ac4-2, groupId=Consumer-topic-7de5d925_f7ee_416e_8a25_cb3806da3ac4] Request joining group due to: consumer pro-actively leaving the group
2025-08-07 20:30:49,934 INFO  [org.apa.kaf.com.met.Metrics] (Thread-609) Metrics scheduler closed
2025-08-07 20:30:49,934 INFO  [org.apa.kaf.com.met.Metrics] (Thread-609) Closing reporter org.apache.kafka.common.metrics.JmxReporter
2025-08-07 20:30:49,934 INFO  [org.apa.kaf.com.met.Metrics] (Thread-609) Closing reporter org.apache.kafka.common.telemetry.internals.ClientTelemetryReporter
2025-08-07 20:30:49,934 INFO  [org.apa.kaf.com.met.Metrics] (Thread-609) Metrics reporters closed
2025-08-07 20:30:49,938 INFO  [org.apa.kaf.com.uti.AppInfoParser] (Thread-609) App info kafka.consumer for consumer-Consumer-topic-7de5d925_f7ee_416e_8a25_cb3806da3ac4-2 unregistered
2025-08-07 20:30:49,939 INFO  [io.api.tes.uti.TestSeparator] (main) io.apicurio.tests.serdes.apicurio.AvroSerdeIT.testSimpleTopicIdStrategyFindLatest-FINISHED
2025-08-07 20:30:49,939 INFO  [io.api.tes.uti.TestSeparator] (main) ############################################################################
Test passed: testSimpleTopicIdStrategyFindLatest
]]></system-out>
  </testcase>
  <testcase name="testWrongSchema" classname="io.apicurio.tests.serdes.apicurio.AvroSerdeIT" time="1.487">
    <system-out><![CDATA[2025-08-07 20:30:49,940 INFO  [io.api.tes.uti.TestSeparator] (main) ############################################################################
2025-08-07 20:30:49,941 INFO  [io.api.tes.uti.TestSeparator] (main) io.apicurio.tests.serdes.apicurio.AvroSerdeIT.testWrongSchema-STARTED
**** Registry Base URL: http://registry-app-mysql.apps.ci419.apicurio-testing.org:80
2025-08-07 20:30:51,224 INFO  [org.apa.kaf.cli.pro.ProducerConfig] (main) ProducerConfig values: 
	acks = -1
	auto.include.jmx.reporter = true
	batch.size = 16384
	bootstrap.servers = [PLAINTEXT://localhost:32769]
	buffer.memory = 33554432
	client.dns.lookup = use_all_dns_ips
	client.id = Producer-s554097d0x3662x4fe7x85d9x72d6ccc5b3e2
	compression.gzip.level = -1
	compression.lz4.level = 9
	compression.type = none
	compression.zstd.level = 3
	connections.max.idle.ms = 10000
	delivery.timeout.ms = 120000
	enable.idempotence = true
	enable.metrics.push = true
	interceptor.classes = []
	key.serializer = class org.apache.kafka.common.serialization.StringSerializer
	linger.ms = 0
	max.block.ms = 60000
	max.in.flight.requests.per.connection = 5
	max.request.size = 1048576
	metadata.max.age.ms = 300000
	metadata.max.idle.ms = 300000
	metadata.recovery.strategy = none
	metric.reporters = []
	metrics.num.samples = 2
	metrics.recording.level = INFO
	metrics.sample.window.ms = 30000
	partitioner.adaptive.partitioning.enable = true
	partitioner.availability.timeout.ms = 0
	partitioner.class = null
	partitioner.ignore.keys = false
	receive.buffer.bytes = 32768
	reconnect.backoff.max.ms = 1000
	reconnect.backoff.ms = 50
	request.timeout.ms = 5000
	retries = 2147483647
	retry.backoff.max.ms = 1000
	retry.backoff.ms = 100
	sasl.client.callback.handler.class = null
	sasl.jaas.config = null
	sasl.kerberos.kinit.cmd = /usr/bin/kinit
	sasl.kerberos.min.time.before.relogin = 60000
	sasl.kerberos.service.name = null
	sasl.kerberos.ticket.renew.jitter = 0.05
	sasl.kerberos.ticket.renew.window.factor = 0.8
	sasl.login.callback.handler.class = null
	sasl.login.class = null
	sasl.login.connect.timeout.ms = null
	sasl.login.read.timeout.ms = null
	sasl.login.refresh.buffer.seconds = 300
	sasl.login.refresh.min.period.seconds = 60
	sasl.login.refresh.window.factor = 0.8
	sasl.login.refresh.window.jitter = 0.05
	sasl.login.retry.backoff.max.ms = 10000
	sasl.login.retry.backoff.ms = 100
	sasl.mechanism = GSSAPI
	sasl.oauthbearer.clock.skew.seconds = 30
	sasl.oauthbearer.expected.audience = null
	sasl.oauthbearer.expected.issuer = null
	sasl.oauthbearer.header.urlencode = false
	sasl.oauthbearer.jwks.endpoint.refresh.ms = 3600000
	sasl.oauthbearer.jwks.endpoint.retry.backoff.max.ms = 10000
	sasl.oauthbearer.jwks.endpoint.retry.backoff.ms = 100
	sasl.oauthbearer.jwks.endpoint.url = null
	sasl.oauthbearer.scope.claim.name = scope
	sasl.oauthbearer.sub.claim.name = sub
	sasl.oauthbearer.token.endpoint.url = null
	security.protocol = PLAINTEXT
	security.providers = null
	send.buffer.bytes = 131072
	socket.connection.setup.timeout.max.ms = 30000
	socket.connection.setup.timeout.ms = 10000
	ssl.cipher.suites = null
	ssl.enabled.protocols = [TLSv1.2, TLSv1.3]
	ssl.endpoint.identification.algorithm = https
	ssl.engine.factory.class = null
	ssl.key.password = null
	ssl.keymanager.algorithm = SunX509
	ssl.keystore.certificate.chain = null
	ssl.keystore.key = null
	ssl.keystore.location = null
	ssl.keystore.password = null
	ssl.keystore.type = JKS
	ssl.protocol = TLSv1.3
	ssl.provider = null
	ssl.secure.random.implementation = null
	ssl.trustmanager.algorithm = PKIX
	ssl.truststore.certificates = null
	ssl.truststore.location = null
	ssl.truststore.password = null
	ssl.truststore.type = JKS
	transaction.timeout.ms = 60000
	transactional.id = null
	value.serializer = class io.apicurio.registry.serde.avro.AvroKafkaSerializer

2025-08-07 20:30:51,225 INFO  [org.apa.kaf.com.tel.int.KafkaMetricsCollector] (main) initializing Kafka metrics collector
2025-08-07 20:30:51,229 INFO  [org.apa.kaf.cli.pro.KafkaProducer] (main) [Producer clientId=Producer-s554097d0x3662x4fe7x85d9x72d6ccc5b3e2] Instantiated an idempotent producer.
2025-08-07 20:30:51,233 INFO  [org.apa.kaf.cli.pro.ProducerConfig] (main) These configurations '[apicurio.registry.find-latest, apicurio.registry.url, apicurio.registry.artifact-resolver-strategy]' were supplied but are not used yet.
2025-08-07 20:30:51,233 INFO  [org.apa.kaf.com.uti.AppInfoParser] (main) Kafka version: 3.9.1
2025-08-07 20:30:51,233 INFO  [org.apa.kaf.com.uti.AppInfoParser] (main) Kafka commitId: f745dfdcee2b9851
2025-08-07 20:30:51,233 INFO  [org.apa.kaf.com.uti.AppInfoParser] (main) Kafka startTimeMs: 1754598651233
2025-08-07 20:30:51,235 INFO  [io.api.tes.ser.api.KafkaSerdesTester] (Thread-612) Sending message {"keyB": "value-0"} to topic s554097d0x3662x4fe7x85d9x72d6ccc5b3e2
2025-08-07 20:30:51,239 INFO  [org.apa.kaf.cli.Metadata] (kafka-producer-network-thread | Producer-s554097d0x3662x4fe7x85d9x72d6ccc5b3e2) [Producer clientId=Producer-s554097d0x3662x4fe7x85d9x72d6ccc5b3e2] Cluster ID: VsWUIKwhTKC56aKd3Rs4Pw
2025-08-07 20:30:51,240 INFO  [org.apa.kaf.cli.pro.int.TransactionManager] (kafka-producer-network-thread | Producer-s554097d0x3662x4fe7x85d9x72d6ccc5b3e2) [Producer clientId=Producer-s554097d0x3662x4fe7x85d9x72d6ccc5b3e2] ProducerId set to 2 with epoch 0
2025-08-07 20:30:51,419 INFO  [org.apa.kaf.cli.pro.KafkaProducer] (Thread-612) [Producer clientId=Producer-s554097d0x3662x4fe7x85d9x72d6ccc5b3e2] Closing the Kafka producer with timeoutMillis = 9223372036854775807 ms.
2025-08-07 20:30:51,425 INFO  [org.apa.kaf.com.met.Metrics] (Thread-612) Metrics scheduler closed
2025-08-07 20:30:51,425 INFO  [org.apa.kaf.com.met.Metrics] (Thread-612) Closing reporter org.apache.kafka.common.metrics.JmxReporter
2025-08-07 20:30:51,425 INFO  [org.apa.kaf.com.met.Metrics] (Thread-612) Closing reporter org.apache.kafka.common.telemetry.internals.ClientTelemetryReporter
2025-08-07 20:30:51,425 INFO  [org.apa.kaf.com.met.Metrics] (Thread-612) Metrics reporters closed
2025-08-07 20:30:51,426 INFO  [org.apa.kaf.com.uti.AppInfoParser] (Thread-612) App info kafka.producer for Producer-s554097d0x3662x4fe7x85d9x72d6ccc5b3e2 unregistered
2025-08-07 20:30:51,427 INFO  [io.api.tes.uti.TestSeparator] (main) io.apicurio.tests.serdes.apicurio.AvroSerdeIT.testWrongSchema-FINISHED
2025-08-07 20:30:51,427 INFO  [io.api.tes.uti.TestSeparator] (main) ############################################################################
Test passed: testWrongSchema
]]></system-out>
    <system-err><![CDATA[io.apicurio.registry.rest.client.models.ProblemDetails
	at io.apicurio.registry.rest.client.models.ProblemDetails.createFromDiscriminatorValue(ProblemDetails.java:58)
	at io.kiota.serialization.json.JsonParseNode.getObjectValue(JsonParseNode.java:247)
	at io.kiota.http.vertx.VertXRequestAdapter.lambda$throwIfFailedResponse$0(VertXRequestAdapter.java:400)
	at com.microsoft.kiota.ApiExceptionBuilder.<init>(ApiExceptionBuilder.java:26)
	at io.kiota.http.vertx.VertXRequestAdapter.throwIfFailedResponse(VertXRequestAdapter.java:399)
	at io.kiota.http.vertx.VertXRequestAdapter.send(VertXRequestAdapter.java:170)
	at io.apicurio.registry.rest.client.groups.item.artifacts.item.versions.item.WithVersionExpressionItemRequestBuilder.get(WithVersionExpressionItemRequestBuilder.java:128)
	at io.apicurio.registry.rest.client.groups.item.artifacts.item.versions.item.WithVersionExpressionItemRequestBuilder.get(WithVersionExpressionItemRequestBuilder.java:111)
	at io.apicurio.registry.resolver.client.RegistryClientFacadeImpl.getVersionCoordinatesByGAV(RegistryClientFacadeImpl.java:159)
	at io.apicurio.registry.resolver.DefaultSchemaResolver.resolveByCoordinates(DefaultSchemaResolver.java:352)
	at io.apicurio.registry.resolver.DefaultSchemaResolver.lambda$resolveSchemaByArtifactReferenceCached$6(DefaultSchemaResolver.java:340)
	at io.apicurio.registry.resolver.cache.ERCache.lambda$getValue$0(ERCache.java:174)
	at io.apicurio.registry.resolver.cache.ERCache.retry(ERCache.java:227)
	at io.apicurio.registry.resolver.cache.ERCache.getValue(ERCache.java:173)
	at io.apicurio.registry.resolver.cache.ERCache.getByArtifactCoordinates(ERCache.java:158)
	at io.apicurio.registry.resolver.DefaultSchemaResolver.resolveSchemaByArtifactReferenceCached(DefaultSchemaResolver.java:338)
	at io.apicurio.registry.resolver.DefaultSchemaResolver.resolveSchemaByCoordinates(DefaultSchemaResolver.java:193)
	at io.apicurio.registry.resolver.DefaultSchemaResolver.getSchemaFromRegistry(DefaultSchemaResolver.java:130)
	at io.apicurio.registry.resolver.DefaultSchemaResolver.lambda$resolveSchema$0(DefaultSchemaResolver.java:84)
	at java.base/java.util.Optional.orElseGet(Optional.java:364)
	at io.apicurio.registry.resolver.DefaultSchemaResolver.resolveSchema(DefaultSchemaResolver.java:84)
	at io.apicurio.registry.serde.AbstractSerializer.serializeData(AbstractSerializer.java:62)
	at io.apicurio.registry.serde.KafkaSerializer.serialize(KafkaSerializer.java:77)
	at org.apache.kafka.clients.producer.KafkaProducer.doSend(KafkaProducer.java:1046)
	at org.apache.kafka.clients.producer.KafkaProducer.send(KafkaProducer.java:993)
	at org.apache.kafka.clients.producer.KafkaProducer.send(KafkaProducer.java:875)
	at io.apicurio.tests.serdes.apicurio.KafkaSerdesTester.lambda$produceMessages$3(KafkaSerdesTester.java:138)
	at java.base/java.util.concurrent.CompletableFuture$AsyncSupply.run(CompletableFuture.java:1768)
	at java.base/java.lang.Thread.run(Thread.java:840)
]]></system-err>
  </testcase>
  <testcase name="testAvroJSON" classname="io.apicurio.tests.serdes.apicurio.AvroSerdeIT" time="4.366">
    <system-out><![CDATA[2025-08-07 20:30:51,431 INFO  [io.api.tes.uti.TestSeparator] (main) ############################################################################
2025-08-07 20:30:51,431 INFO  [io.api.tes.uti.TestSeparator] (main) io.apicurio.tests.serdes.apicurio.AvroSerdeIT.testAvroJSON-STARTED
**** Registry Base URL: http://registry-app-mysql.apps.ci419.apicurio-testing.org:80
2025-08-07 20:30:51,433 INFO  [org.apa.kaf.cli.pro.ProducerConfig] (main) ProducerConfig values: 
	acks = -1
	auto.include.jmx.reporter = true
	batch.size = 16384
	bootstrap.servers = [PLAINTEXT://localhost:32769]
	buffer.memory = 33554432
	client.dns.lookup = use_all_dns_ips
	client.id = Producer-topic-b1ac3c8f_6955_4e06_9d59_1cf7080ce7f6
	compression.gzip.level = -1
	compression.lz4.level = 9
	compression.type = none
	compression.zstd.level = 3
	connections.max.idle.ms = 10000
	delivery.timeout.ms = 120000
	enable.idempotence = true
	enable.metrics.push = true
	interceptor.classes = []
	key.serializer = class org.apache.kafka.common.serialization.StringSerializer
	linger.ms = 0
	max.block.ms = 60000
	max.in.flight.requests.per.connection = 5
	max.request.size = 1048576
	metadata.max.age.ms = 300000
	metadata.max.idle.ms = 300000
	metadata.recovery.strategy = none
	metric.reporters = []
	metrics.num.samples = 2
	metrics.recording.level = INFO
	metrics.sample.window.ms = 30000
	partitioner.adaptive.partitioning.enable = true
	partitioner.availability.timeout.ms = 0
	partitioner.class = null
	partitioner.ignore.keys = false
	receive.buffer.bytes = 32768
	reconnect.backoff.max.ms = 1000
	reconnect.backoff.ms = 50
	request.timeout.ms = 5000
	retries = 2147483647
	retry.backoff.max.ms = 1000
	retry.backoff.ms = 100
	sasl.client.callback.handler.class = null
	sasl.jaas.config = null
	sasl.kerberos.kinit.cmd = /usr/bin/kinit
	sasl.kerberos.min.time.before.relogin = 60000
	sasl.kerberos.service.name = null
	sasl.kerberos.ticket.renew.jitter = 0.05
	sasl.kerberos.ticket.renew.window.factor = 0.8
	sasl.login.callback.handler.class = null
	sasl.login.class = null
	sasl.login.connect.timeout.ms = null
	sasl.login.read.timeout.ms = null
	sasl.login.refresh.buffer.seconds = 300
	sasl.login.refresh.min.period.seconds = 60
	sasl.login.refresh.window.factor = 0.8
	sasl.login.refresh.window.jitter = 0.05
	sasl.login.retry.backoff.max.ms = 10000
	sasl.login.retry.backoff.ms = 100
	sasl.mechanism = GSSAPI
	sasl.oauthbearer.clock.skew.seconds = 30
	sasl.oauthbearer.expected.audience = null
	sasl.oauthbearer.expected.issuer = null
	sasl.oauthbearer.header.urlencode = false
	sasl.oauthbearer.jwks.endpoint.refresh.ms = 3600000
	sasl.oauthbearer.jwks.endpoint.retry.backoff.max.ms = 10000
	sasl.oauthbearer.jwks.endpoint.retry.backoff.ms = 100
	sasl.oauthbearer.jwks.endpoint.url = null
	sasl.oauthbearer.scope.claim.name = scope
	sasl.oauthbearer.sub.claim.name = sub
	sasl.oauthbearer.token.endpoint.url = null
	security.protocol = PLAINTEXT
	security.providers = null
	send.buffer.bytes = 131072
	socket.connection.setup.timeout.max.ms = 30000
	socket.connection.setup.timeout.ms = 10000
	ssl.cipher.suites = null
	ssl.enabled.protocols = [TLSv1.2, TLSv1.3]
	ssl.endpoint.identification.algorithm = https
	ssl.engine.factory.class = null
	ssl.key.password = null
	ssl.keymanager.algorithm = SunX509
	ssl.keystore.certificate.chain = null
	ssl.keystore.key = null
	ssl.keystore.location = null
	ssl.keystore.password = null
	ssl.keystore.type = JKS
	ssl.protocol = TLSv1.3
	ssl.provider = null
	ssl.secure.random.implementation = null
	ssl.trustmanager.algorithm = PKIX
	ssl.truststore.certificates = null
	ssl.truststore.location = null
	ssl.truststore.password = null
	ssl.truststore.type = JKS
	transaction.timeout.ms = 60000
	transactional.id = null
	value.serializer = class io.apicurio.registry.serde.avro.AvroKafkaSerializer

2025-08-07 20:30:51,437 INFO  [org.apa.kaf.com.tel.int.KafkaMetricsCollector] (main) initializing Kafka metrics collector
2025-08-07 20:30:51,445 INFO  [org.apa.kaf.cli.pro.KafkaProducer] (main) [Producer clientId=Producer-topic-b1ac3c8f_6955_4e06_9d59_1cf7080ce7f6] Instantiated an idempotent producer.
2025-08-07 20:30:51,450 INFO  [org.apa.kaf.cli.pro.ProducerConfig] (main) These configurations '[apicurio.registry.avro.encoding, apicurio.registry.url, apicurio.registry.auto-register, apicurio.registry.artifact-resolver-strategy]' were supplied but are not used yet.
2025-08-07 20:30:51,450 INFO  [org.apa.kaf.com.uti.AppInfoParser] (main) Kafka version: 3.9.1
2025-08-07 20:30:51,450 INFO  [org.apa.kaf.com.uti.AppInfoParser] (main) Kafka commitId: f745dfdcee2b9851
2025-08-07 20:30:51,450 INFO  [org.apa.kaf.com.uti.AppInfoParser] (main) Kafka startTimeMs: 1754598651450
2025-08-07 20:30:51,453 INFO  [io.api.tes.ser.api.SimpleSerdesTesterBuilder$SimpleSerdesTester] (main) Using producer configuration: {apicurio.registry.avro.encoding=JSON, apicurio.registry.url=http://registry-app-mysql.apps.ci419.apicurio-testing.org:80/apis/registry/v3, apicurio.registry.auto-register=true, apicurio.registry.artifact-resolver-strategy=io.apicurio.registry.serde.strategy.TopicIdStrategy, value.serializer=io.apicurio.registry.serde.avro.AvroKafkaSerializer, request.timeout.ms=5000, acks=all, bootstrap.servers=PLAINTEXT://localhost:32769, connections.max.idle.ms=10000, key.serializer=org.apache.kafka.common.serialization.StringSerializer, client.id=Producer-topic-b1ac3c8f_6955_4e06_9d59_1cf7080ce7f6}
2025-08-07 20:30:51,453 INFO  [io.api.tes.ser.api.SimpleSerdesTesterBuilder$SimpleSerdesTester] (main) Using consumer configuration: {apicurio.registry.avro.encoding=JSON}
2025-08-07 20:30:51,454 INFO  [io.api.tes.ser.api.KafkaSerdesTester] (Thread-615) Sending message {"bar": "value-0"} to topic topic-b1ac3c8f_6955_4e06_9d59_1cf7080ce7f6
2025-08-07 20:30:51,457 WARN  [org.apa.kaf.cli.NetworkClient] (kafka-producer-network-thread | Producer-topic-b1ac3c8f_6955_4e06_9d59_1cf7080ce7f6) [Producer clientId=Producer-topic-b1ac3c8f_6955_4e06_9d59_1cf7080ce7f6] The metadata response from the cluster reported a recoverable issue with correlation id 1 : {topic-b1ac3c8f_6955_4e06_9d59_1cf7080ce7f6=UNKNOWN_TOPIC_OR_PARTITION}
2025-08-07 20:30:51,457 INFO  [org.apa.kaf.cli.Metadata] (kafka-producer-network-thread | Producer-topic-b1ac3c8f_6955_4e06_9d59_1cf7080ce7f6) [Producer clientId=Producer-topic-b1ac3c8f_6955_4e06_9d59_1cf7080ce7f6] Cluster ID: VsWUIKwhTKC56aKd3Rs4Pw
2025-08-07 20:30:51,458 INFO  [org.apa.kaf.cli.pro.int.TransactionManager] (kafka-producer-network-thread | Producer-topic-b1ac3c8f_6955_4e06_9d59_1cf7080ce7f6) [Producer clientId=Producer-topic-b1ac3c8f_6955_4e06_9d59_1cf7080ce7f6] ProducerId set to 3 with epoch 0
2025-08-07 20:30:51,766 INFO  [io.api.tes.ser.api.KafkaSerdesTester] (Thread-615) Sending message {"bar": "value-1"} to topic topic-b1ac3c8f_6955_4e06_9d59_1cf7080ce7f6
2025-08-07 20:30:51,769 INFO  [io.api.tes.ser.api.KafkaSerdesTester] (Thread-615) Sending message {"bar": "value-2"} to topic topic-b1ac3c8f_6955_4e06_9d59_1cf7080ce7f6
2025-08-07 20:30:51,773 INFO  [io.api.tes.ser.api.KafkaSerdesTester] (Thread-615) Sending message {"bar": "value-3"} to topic topic-b1ac3c8f_6955_4e06_9d59_1cf7080ce7f6
2025-08-07 20:30:51,775 INFO  [io.api.tes.ser.api.KafkaSerdesTester] (Thread-615) Sending message {"bar": "value-4"} to topic topic-b1ac3c8f_6955_4e06_9d59_1cf7080ce7f6
2025-08-07 20:30:51,778 INFO  [io.api.tes.ser.api.KafkaSerdesTester] (Thread-615) Sending message {"bar": "value-5"} to topic topic-b1ac3c8f_6955_4e06_9d59_1cf7080ce7f6
2025-08-07 20:30:51,780 INFO  [io.api.tes.ser.api.KafkaSerdesTester] (Thread-615) Sending message {"bar": "value-6"} to topic topic-b1ac3c8f_6955_4e06_9d59_1cf7080ce7f6
2025-08-07 20:30:51,785 INFO  [io.api.tes.ser.api.KafkaSerdesTester] (Thread-615) Sending message {"bar": "value-7"} to topic topic-b1ac3c8f_6955_4e06_9d59_1cf7080ce7f6
2025-08-07 20:30:51,787 INFO  [io.api.tes.ser.api.KafkaSerdesTester] (Thread-615) Sending message {"bar": "value-8"} to topic topic-b1ac3c8f_6955_4e06_9d59_1cf7080ce7f6
2025-08-07 20:30:51,792 INFO  [io.api.tes.ser.api.KafkaSerdesTester] (Thread-615) Sending message {"bar": "value-9"} to topic topic-b1ac3c8f_6955_4e06_9d59_1cf7080ce7f6
2025-08-07 20:30:51,794 INFO  [io.api.tes.ser.api.KafkaSerdesTester] (Thread-615) Produced 10 messages
2025-08-07 20:30:51,794 INFO  [org.apa.kaf.cli.pro.KafkaProducer] (Thread-615) [Producer clientId=Producer-topic-b1ac3c8f_6955_4e06_9d59_1cf7080ce7f6] Closing the Kafka producer with timeoutMillis = 9223372036854775807 ms.
2025-08-07 20:30:51,798 INFO  [org.apa.kaf.com.met.Metrics] (Thread-615) Metrics scheduler closed
2025-08-07 20:30:51,798 INFO  [org.apa.kaf.com.met.Metrics] (Thread-615) Closing reporter org.apache.kafka.common.metrics.JmxReporter
2025-08-07 20:30:51,798 INFO  [org.apa.kaf.com.met.Metrics] (Thread-615) Closing reporter org.apache.kafka.common.telemetry.internals.ClientTelemetryReporter
2025-08-07 20:30:51,798 INFO  [org.apa.kaf.com.met.Metrics] (Thread-615) Metrics reporters closed
2025-08-07 20:30:51,799 INFO  [org.apa.kaf.com.uti.AppInfoParser] (Thread-615) App info kafka.producer for Producer-topic-b1ac3c8f_6955_4e06_9d59_1cf7080ce7f6 unregistered
**** Registry Base URL: http://registry-app-mysql.apps.ci419.apicurio-testing.org:80
2025-08-07 20:30:51,969 INFO  [org.apa.kaf.cli.con.ConsumerConfig] (main) ConsumerConfig values: 
	allow.auto.create.topics = true
	auto.commit.interval.ms = 500
	auto.include.jmx.reporter = true
	auto.offset.reset = earliest
	bootstrap.servers = [PLAINTEXT://localhost:32769]
	check.crcs = true
	client.dns.lookup = use_all_dns_ips
	client.id = consumer-Consumer-topic-b1ac3c8f_6955_4e06_9d59_1cf7080ce7f6-3
	client.rack = 
	connections.max.idle.ms = 10000
	default.api.timeout.ms = 60000
	enable.auto.commit = true
	enable.metrics.push = true
	exclude.internal.topics = true
	fetch.max.bytes = 52428800
	fetch.max.wait.ms = 500
	fetch.min.bytes = 1
	group.id = Consumer-topic-b1ac3c8f_6955_4e06_9d59_1cf7080ce7f6
	group.instance.id = null
	group.protocol = classic
	group.remote.assignor = null
	heartbeat.interval.ms = 3000
	interceptor.classes = []
	internal.leave.group.on.close = true
	internal.throw.on.fetch.stable.offset.unsupported = false
	isolation.level = read_uncommitted
	key.deserializer = class org.apache.kafka.common.serialization.StringDeserializer
	max.partition.fetch.bytes = 1048576
	max.poll.interval.ms = 300000
	max.poll.records = 500
	metadata.max.age.ms = 300000
	metadata.recovery.strategy = none
	metric.reporters = []
	metrics.num.samples = 2
	metrics.recording.level = INFO
	metrics.sample.window.ms = 30000
	partition.assignment.strategy = [class org.apache.kafka.clients.consumer.RangeAssignor, class org.apache.kafka.clients.consumer.CooperativeStickyAssignor]
	receive.buffer.bytes = 65536
	reconnect.backoff.max.ms = 1000
	reconnect.backoff.ms = 50
	request.timeout.ms = 5000
	retry.backoff.max.ms = 1000
	retry.backoff.ms = 100
	sasl.client.callback.handler.class = null
	sasl.jaas.config = null
	sasl.kerberos.kinit.cmd = /usr/bin/kinit
	sasl.kerberos.min.time.before.relogin = 60000
	sasl.kerberos.service.name = null
	sasl.kerberos.ticket.renew.jitter = 0.05
	sasl.kerberos.ticket.renew.window.factor = 0.8
	sasl.login.callback.handler.class = null
	sasl.login.class = null
	sasl.login.connect.timeout.ms = null
	sasl.login.read.timeout.ms = null
	sasl.login.refresh.buffer.seconds = 300
	sasl.login.refresh.min.period.seconds = 60
	sasl.login.refresh.window.factor = 0.8
	sasl.login.refresh.window.jitter = 0.05
	sasl.login.retry.backoff.max.ms = 10000
	sasl.login.retry.backoff.ms = 100
	sasl.mechanism = GSSAPI
	sasl.oauthbearer.clock.skew.seconds = 30
	sasl.oauthbearer.expected.audience = null
	sasl.oauthbearer.expected.issuer = null
	sasl.oauthbearer.header.urlencode = false
	sasl.oauthbearer.jwks.endpoint.refresh.ms = 3600000
	sasl.oauthbearer.jwks.endpoint.retry.backoff.max.ms = 10000
	sasl.oauthbearer.jwks.endpoint.retry.backoff.ms = 100
	sasl.oauthbearer.jwks.endpoint.url = null
	sasl.oauthbearer.scope.claim.name = scope
	sasl.oauthbearer.sub.claim.name = sub
	sasl.oauthbearer.token.endpoint.url = null
	security.protocol = PLAINTEXT
	security.providers = null
	send.buffer.bytes = 131072
	session.timeout.ms = 45000
	socket.connection.setup.timeout.max.ms = 30000
	socket.connection.setup.timeout.ms = 10000
	ssl.cipher.suites = null
	ssl.enabled.protocols = [TLSv1.2, TLSv1.3]
	ssl.endpoint.identification.algorithm = https
	ssl.engine.factory.class = null
	ssl.key.password = null
	ssl.keymanager.algorithm = SunX509
	ssl.keystore.certificate.chain = null
	ssl.keystore.key = null
	ssl.keystore.location = null
	ssl.keystore.password = null
	ssl.keystore.type = JKS
	ssl.protocol = TLSv1.3
	ssl.provider = null
	ssl.secure.random.implementation = null
	ssl.trustmanager.algorithm = PKIX
	ssl.truststore.certificates = null
	ssl.truststore.location = null
	ssl.truststore.password = null
	ssl.truststore.type = JKS
	value.deserializer = class io.apicurio.registry.serde.avro.AvroKafkaDeserializer

2025-08-07 20:30:51,969 INFO  [org.apa.kaf.com.tel.int.KafkaMetricsCollector] (main) initializing Kafka metrics collector
2025-08-07 20:30:51,977 INFO  [org.apa.kaf.cli.con.ConsumerConfig] (main) These configurations '[apicurio.registry.avro.encoding, apicurio.registry.url]' were supplied but are not used yet.
2025-08-07 20:30:51,977 INFO  [org.apa.kaf.com.uti.AppInfoParser] (main) Kafka version: 3.9.1
2025-08-07 20:30:51,977 INFO  [org.apa.kaf.com.uti.AppInfoParser] (main) Kafka commitId: f745dfdcee2b9851
2025-08-07 20:30:51,977 INFO  [org.apa.kaf.com.uti.AppInfoParser] (main) Kafka startTimeMs: 1754598651977
2025-08-07 20:30:51,977 INFO  [org.apa.kaf.cli.con.int.ClassicKafkaConsumer] (Thread-618) [Consumer clientId=consumer-Consumer-topic-b1ac3c8f_6955_4e06_9d59_1cf7080ce7f6-3, groupId=Consumer-topic-b1ac3c8f_6955_4e06_9d59_1cf7080ce7f6] Subscribed to topic(s): topic-b1ac3c8f_6955_4e06_9d59_1cf7080ce7f6
2025-08-07 20:30:51,985 INFO  [org.apa.kaf.cli.Metadata] (Thread-618) [Consumer clientId=consumer-Consumer-topic-b1ac3c8f_6955_4e06_9d59_1cf7080ce7f6-3, groupId=Consumer-topic-b1ac3c8f_6955_4e06_9d59_1cf7080ce7f6] Cluster ID: VsWUIKwhTKC56aKd3Rs4Pw
2025-08-07 20:30:51,987 INFO  [org.apa.kaf.cli.con.int.ConsumerCoordinator] (Thread-618) [Consumer clientId=consumer-Consumer-topic-b1ac3c8f_6955_4e06_9d59_1cf7080ce7f6-3, groupId=Consumer-topic-b1ac3c8f_6955_4e06_9d59_1cf7080ce7f6] Discovered group coordinator localhost:32769 (id: 2147483647 rack: null)
2025-08-07 20:30:51,991 INFO  [org.apa.kaf.cli.con.int.ConsumerCoordinator] (Thread-618) [Consumer clientId=consumer-Consumer-topic-b1ac3c8f_6955_4e06_9d59_1cf7080ce7f6-3, groupId=Consumer-topic-b1ac3c8f_6955_4e06_9d59_1cf7080ce7f6] (Re-)joining group
2025-08-07 20:30:51,995 INFO  [org.apa.kaf.cli.con.int.ConsumerCoordinator] (Thread-618) [Consumer clientId=consumer-Consumer-topic-b1ac3c8f_6955_4e06_9d59_1cf7080ce7f6-3, groupId=Consumer-topic-b1ac3c8f_6955_4e06_9d59_1cf7080ce7f6] Request joining group due to: need to re-join with the given member-id: consumer-Consumer-topic-b1ac3c8f_6955_4e06_9d59_1cf7080ce7f6-3-72c5a613-92da-4ae1-8cb2-9a13c1e6cdee
2025-08-07 20:30:51,996 INFO  [org.apa.kaf.cli.con.int.ConsumerCoordinator] (Thread-618) [Consumer clientId=consumer-Consumer-topic-b1ac3c8f_6955_4e06_9d59_1cf7080ce7f6-3, groupId=Consumer-topic-b1ac3c8f_6955_4e06_9d59_1cf7080ce7f6] (Re-)joining group
2025-08-07 20:30:52,978 INFO  [io.api.tes.ser.api.KafkaSerdesTester] (Thread-618) None found
2025-08-07 20:30:53,978 INFO  [io.api.tes.ser.api.KafkaSerdesTester] (Thread-618) None found
2025-08-07 20:30:54,978 INFO  [io.api.tes.ser.api.KafkaSerdesTester] (Thread-618) None found
2025-08-07 20:30:55,000 INFO  [org.apa.kaf.cli.con.int.ConsumerCoordinator] (Thread-618) [Consumer clientId=consumer-Consumer-topic-b1ac3c8f_6955_4e06_9d59_1cf7080ce7f6-3, groupId=Consumer-topic-b1ac3c8f_6955_4e06_9d59_1cf7080ce7f6] Successfully joined group with generation Generation{generationId=1, memberId='consumer-Consumer-topic-b1ac3c8f_6955_4e06_9d59_1cf7080ce7f6-3-72c5a613-92da-4ae1-8cb2-9a13c1e6cdee', protocol='range'}
2025-08-07 20:30:55,001 INFO  [org.apa.kaf.cli.con.int.ConsumerCoordinator] (Thread-618) [Consumer clientId=consumer-Consumer-topic-b1ac3c8f_6955_4e06_9d59_1cf7080ce7f6-3, groupId=Consumer-topic-b1ac3c8f_6955_4e06_9d59_1cf7080ce7f6] Finished assignment for group at generation 1: {consumer-Consumer-topic-b1ac3c8f_6955_4e06_9d59_1cf7080ce7f6-3-72c5a613-92da-4ae1-8cb2-9a13c1e6cdee=Assignment(partitions=[topic-b1ac3c8f_6955_4e06_9d59_1cf7080ce7f6-0])}
2025-08-07 20:30:55,009 INFO  [org.apa.kaf.cli.con.int.ConsumerCoordinator] (Thread-618) [Consumer clientId=consumer-Consumer-topic-b1ac3c8f_6955_4e06_9d59_1cf7080ce7f6-3, groupId=Consumer-topic-b1ac3c8f_6955_4e06_9d59_1cf7080ce7f6] Successfully synced group in generation Generation{generationId=1, memberId='consumer-Consumer-topic-b1ac3c8f_6955_4e06_9d59_1cf7080ce7f6-3-72c5a613-92da-4ae1-8cb2-9a13c1e6cdee', protocol='range'}
2025-08-07 20:30:55,009 INFO  [org.apa.kaf.cli.con.int.ConsumerCoordinator] (Thread-618) [Consumer clientId=consumer-Consumer-topic-b1ac3c8f_6955_4e06_9d59_1cf7080ce7f6-3, groupId=Consumer-topic-b1ac3c8f_6955_4e06_9d59_1cf7080ce7f6] Notifying assignor about the new Assignment(partitions=[topic-b1ac3c8f_6955_4e06_9d59_1cf7080ce7f6-0])
2025-08-07 20:30:55,009 INFO  [org.apa.kaf.cli.con.int.ConsumerRebalanceListenerInvoker] (Thread-618) [Consumer clientId=consumer-Consumer-topic-b1ac3c8f_6955_4e06_9d59_1cf7080ce7f6-3, groupId=Consumer-topic-b1ac3c8f_6955_4e06_9d59_1cf7080ce7f6] Adding newly assigned partitions: topic-b1ac3c8f_6955_4e06_9d59_1cf7080ce7f6-0
2025-08-07 20:30:55,011 INFO  [org.apa.kaf.cli.con.int.ConsumerCoordinator] (Thread-618) [Consumer clientId=consumer-Consumer-topic-b1ac3c8f_6955_4e06_9d59_1cf7080ce7f6-3, groupId=Consumer-topic-b1ac3c8f_6955_4e06_9d59_1cf7080ce7f6] Found no committed offset for partition topic-b1ac3c8f_6955_4e06_9d59_1cf7080ce7f6-0
2025-08-07 20:30:55,019 INFO  [org.apa.kaf.cli.con.int.SubscriptionState] (Thread-618) [Consumer clientId=consumer-Consumer-topic-b1ac3c8f_6955_4e06_9d59_1cf7080ce7f6-3, groupId=Consumer-topic-b1ac3c8f_6955_4e06_9d59_1cf7080ce7f6] Resetting offset for partition topic-b1ac3c8f_6955_4e06_9d59_1cf7080ce7f6-0 to position FetchPosition{offset=0, offsetEpoch=Optional.empty, currentLeader=LeaderAndEpoch{leader=Optional[localhost:32769 (id: 0 rack: null)], epoch=0}}.
2025-08-07 20:30:55,282 INFO  [io.api.tes.ser.api.KafkaSerdesTester] (Thread-618) topic-b1ac3c8f_6955_4e06_9d59_1cf7080ce7f6 0 0 {"bar": "value-0"}
2025-08-07 20:30:55,283 INFO  [io.api.tes.ser.api.KafkaSerdesTester] (Thread-618) topic-b1ac3c8f_6955_4e06_9d59_1cf7080ce7f6 0 1 {"bar": "value-1"}
2025-08-07 20:30:55,283 INFO  [io.api.tes.ser.api.KafkaSerdesTester] (Thread-618) topic-b1ac3c8f_6955_4e06_9d59_1cf7080ce7f6 0 2 {"bar": "value-2"}
2025-08-07 20:30:55,283 INFO  [io.api.tes.ser.api.KafkaSerdesTester] (Thread-618) topic-b1ac3c8f_6955_4e06_9d59_1cf7080ce7f6 0 3 {"bar": "value-3"}
2025-08-07 20:30:55,283 INFO  [io.api.tes.ser.api.KafkaSerdesTester] (Thread-618) topic-b1ac3c8f_6955_4e06_9d59_1cf7080ce7f6 0 4 {"bar": "value-4"}
2025-08-07 20:30:55,283 INFO  [io.api.tes.ser.api.KafkaSerdesTester] (Thread-618) topic-b1ac3c8f_6955_4e06_9d59_1cf7080ce7f6 0 5 {"bar": "value-5"}
2025-08-07 20:30:55,283 INFO  [io.api.tes.ser.api.KafkaSerdesTester] (Thread-618) topic-b1ac3c8f_6955_4e06_9d59_1cf7080ce7f6 0 6 {"bar": "value-6"}
2025-08-07 20:30:55,283 INFO  [io.api.tes.ser.api.KafkaSerdesTester] (Thread-618) topic-b1ac3c8f_6955_4e06_9d59_1cf7080ce7f6 0 7 {"bar": "value-7"}
2025-08-07 20:30:55,283 INFO  [io.api.tes.ser.api.KafkaSerdesTester] (Thread-618) topic-b1ac3c8f_6955_4e06_9d59_1cf7080ce7f6 0 8 {"bar": "value-8"}
2025-08-07 20:30:55,283 INFO  [io.api.tes.ser.api.KafkaSerdesTester] (Thread-618) topic-b1ac3c8f_6955_4e06_9d59_1cf7080ce7f6 0 9 {"bar": "value-9"}
2025-08-07 20:30:55,283 INFO  [io.api.tes.ser.api.KafkaSerdesTester] (Thread-618) Consumed 10 messages
2025-08-07 20:30:55,291 INFO  [org.apa.kaf.cli.con.int.ConsumerRebalanceListenerInvoker] (Thread-618) [Consumer clientId=consumer-Consumer-topic-b1ac3c8f_6955_4e06_9d59_1cf7080ce7f6-3, groupId=Consumer-topic-b1ac3c8f_6955_4e06_9d59_1cf7080ce7f6] Revoke previously assigned partitions topic-b1ac3c8f_6955_4e06_9d59_1cf7080ce7f6-0
2025-08-07 20:30:55,291 INFO  [org.apa.kaf.cli.con.int.ConsumerCoordinator] (Thread-618) [Consumer clientId=consumer-Consumer-topic-b1ac3c8f_6955_4e06_9d59_1cf7080ce7f6-3, groupId=Consumer-topic-b1ac3c8f_6955_4e06_9d59_1cf7080ce7f6] Member consumer-Consumer-topic-b1ac3c8f_6955_4e06_9d59_1cf7080ce7f6-3-72c5a613-92da-4ae1-8cb2-9a13c1e6cdee sending LeaveGroup request to coordinator localhost:32769 (id: 2147483647 rack: null) due to the consumer is being closed
2025-08-07 20:30:55,291 INFO  [org.apa.kaf.cli.con.int.ConsumerCoordinator] (Thread-618) [Consumer clientId=consumer-Consumer-topic-b1ac3c8f_6955_4e06_9d59_1cf7080ce7f6-3, groupId=Consumer-topic-b1ac3c8f_6955_4e06_9d59_1cf7080ce7f6] Resetting generation and member id due to: consumer pro-actively leaving the group
2025-08-07 20:30:55,291 INFO  [org.apa.kaf.cli.con.int.ConsumerCoordinator] (Thread-618) [Consumer clientId=consumer-Consumer-topic-b1ac3c8f_6955_4e06_9d59_1cf7080ce7f6-3, groupId=Consumer-topic-b1ac3c8f_6955_4e06_9d59_1cf7080ce7f6] Request joining group due to: consumer pro-actively leaving the group
2025-08-07 20:30:55,789 INFO  [org.apa.kaf.com.met.Metrics] (Thread-618) Metrics scheduler closed
2025-08-07 20:30:55,789 INFO  [org.apa.kaf.com.met.Metrics] (Thread-618) Closing reporter org.apache.kafka.common.metrics.JmxReporter
2025-08-07 20:30:55,790 INFO  [org.apa.kaf.com.met.Metrics] (Thread-618) Closing reporter org.apache.kafka.common.telemetry.internals.ClientTelemetryReporter
2025-08-07 20:30:55,790 INFO  [org.apa.kaf.com.met.Metrics] (Thread-618) Metrics reporters closed
2025-08-07 20:30:55,793 INFO  [org.apa.kaf.com.uti.AppInfoParser] (Thread-618) App info kafka.consumer for consumer-Consumer-topic-b1ac3c8f_6955_4e06_9d59_1cf7080ce7f6-3 unregistered
2025-08-07 20:30:55,794 INFO  [io.api.tes.uti.TestSeparator] (main) io.apicurio.tests.serdes.apicurio.AvroSerdeIT.testAvroJSON-FINISHED
2025-08-07 20:30:55,794 INFO  [io.api.tes.uti.TestSeparator] (main) ############################################################################
Test passed: testAvroJSON
]]></system-out>
  </testcase>
  <testcase name="testTopicIdStrategyAutoRegister" classname="io.apicurio.tests.serdes.apicurio.AvroSerdeIT" time="4.463">
    <system-out><![CDATA[2025-08-07 20:30:55,797 INFO  [io.api.tes.uti.TestSeparator] (main) ############################################################################
2025-08-07 20:30:55,797 INFO  [io.api.tes.uti.TestSeparator] (main) io.apicurio.tests.serdes.apicurio.AvroSerdeIT.testTopicIdStrategyAutoRegister-STARTED
**** Registry Base URL: http://registry-app-mysql.apps.ci419.apicurio-testing.org:80
2025-08-07 20:30:55,803 INFO  [org.apa.kaf.cli.pro.ProducerConfig] (main) ProducerConfig values: 
	acks = -1
	auto.include.jmx.reporter = true
	batch.size = 16384
	bootstrap.servers = [PLAINTEXT://localhost:32769]
	buffer.memory = 33554432
	client.dns.lookup = use_all_dns_ips
	client.id = Producer-topic-41b31132_9c5d_4ceb_922d_7dbb68f00f13
	compression.gzip.level = -1
	compression.lz4.level = 9
	compression.type = none
	compression.zstd.level = 3
	connections.max.idle.ms = 10000
	delivery.timeout.ms = 120000
	enable.idempotence = true
	enable.metrics.push = true
	interceptor.classes = []
	key.serializer = class org.apache.kafka.common.serialization.StringSerializer
	linger.ms = 0
	max.block.ms = 60000
	max.in.flight.requests.per.connection = 5
	max.request.size = 1048576
	metadata.max.age.ms = 300000
	metadata.max.idle.ms = 300000
	metadata.recovery.strategy = none
	metric.reporters = []
	metrics.num.samples = 2
	metrics.recording.level = INFO
	metrics.sample.window.ms = 30000
	partitioner.adaptive.partitioning.enable = true
	partitioner.availability.timeout.ms = 0
	partitioner.class = null
	partitioner.ignore.keys = false
	receive.buffer.bytes = 32768
	reconnect.backoff.max.ms = 1000
	reconnect.backoff.ms = 50
	request.timeout.ms = 5000
	retries = 2147483647
	retry.backoff.max.ms = 1000
	retry.backoff.ms = 100
	sasl.client.callback.handler.class = null
	sasl.jaas.config = null
	sasl.kerberos.kinit.cmd = /usr/bin/kinit
	sasl.kerberos.min.time.before.relogin = 60000
	sasl.kerberos.service.name = null
	sasl.kerberos.ticket.renew.jitter = 0.05
	sasl.kerberos.ticket.renew.window.factor = 0.8
	sasl.login.callback.handler.class = null
	sasl.login.class = null
	sasl.login.connect.timeout.ms = null
	sasl.login.read.timeout.ms = null
	sasl.login.refresh.buffer.seconds = 300
	sasl.login.refresh.min.period.seconds = 60
	sasl.login.refresh.window.factor = 0.8
	sasl.login.refresh.window.jitter = 0.05
	sasl.login.retry.backoff.max.ms = 10000
	sasl.login.retry.backoff.ms = 100
	sasl.mechanism = GSSAPI
	sasl.oauthbearer.clock.skew.seconds = 30
	sasl.oauthbearer.expected.audience = null
	sasl.oauthbearer.expected.issuer = null
	sasl.oauthbearer.header.urlencode = false
	sasl.oauthbearer.jwks.endpoint.refresh.ms = 3600000
	sasl.oauthbearer.jwks.endpoint.retry.backoff.max.ms = 10000
	sasl.oauthbearer.jwks.endpoint.retry.backoff.ms = 100
	sasl.oauthbearer.jwks.endpoint.url = null
	sasl.oauthbearer.scope.claim.name = scope
	sasl.oauthbearer.sub.claim.name = sub
	sasl.oauthbearer.token.endpoint.url = null
	security.protocol = PLAINTEXT
	security.providers = null
	send.buffer.bytes = 131072
	socket.connection.setup.timeout.max.ms = 30000
	socket.connection.setup.timeout.ms = 10000
	ssl.cipher.suites = null
	ssl.enabled.protocols = [TLSv1.2, TLSv1.3]
	ssl.endpoint.identification.algorithm = https
	ssl.engine.factory.class = null
	ssl.key.password = null
	ssl.keymanager.algorithm = SunX509
	ssl.keystore.certificate.chain = null
	ssl.keystore.key = null
	ssl.keystore.location = null
	ssl.keystore.password = null
	ssl.keystore.type = JKS
	ssl.protocol = TLSv1.3
	ssl.provider = null
	ssl.secure.random.implementation = null
	ssl.trustmanager.algorithm = PKIX
	ssl.truststore.certificates = null
	ssl.truststore.location = null
	ssl.truststore.password = null
	ssl.truststore.type = JKS
	transaction.timeout.ms = 60000
	transactional.id = null
	value.serializer = class io.apicurio.registry.serde.avro.AvroKafkaSerializer

2025-08-07 20:30:55,803 INFO  [org.apa.kaf.com.tel.int.KafkaMetricsCollector] (main) initializing Kafka metrics collector
2025-08-07 20:30:55,810 INFO  [org.apa.kaf.cli.pro.KafkaProducer] (main) [Producer clientId=Producer-topic-41b31132_9c5d_4ceb_922d_7dbb68f00f13] Instantiated an idempotent producer.
2025-08-07 20:30:55,814 INFO  [org.apa.kaf.cli.pro.ProducerConfig] (main) These configurations '[apicurio.registry.url, apicurio.registry.auto-register, apicurio.registry.artifact-resolver-strategy]' were supplied but are not used yet.
2025-08-07 20:30:55,814 INFO  [org.apa.kaf.com.uti.AppInfoParser] (main) Kafka version: 3.9.1
2025-08-07 20:30:55,814 INFO  [org.apa.kaf.com.uti.AppInfoParser] (main) Kafka commitId: f745dfdcee2b9851
2025-08-07 20:30:55,814 INFO  [org.apa.kaf.com.uti.AppInfoParser] (main) Kafka startTimeMs: 1754598655814
2025-08-07 20:30:55,814 INFO  [io.api.tes.ser.api.SimpleSerdesTesterBuilder$SimpleSerdesTester] (main) Using producer configuration: {apicurio.registry.url=http://registry-app-mysql.apps.ci419.apicurio-testing.org:80/apis/registry/v3, apicurio.registry.auto-register=true, apicurio.registry.artifact-resolver-strategy=io.apicurio.registry.serde.strategy.TopicIdStrategy, value.serializer=io.apicurio.registry.serde.avro.AvroKafkaSerializer, request.timeout.ms=5000, acks=all, bootstrap.servers=PLAINTEXT://localhost:32769, connections.max.idle.ms=10000, key.serializer=org.apache.kafka.common.serialization.StringSerializer, client.id=Producer-topic-41b31132_9c5d_4ceb_922d_7dbb68f00f13}
2025-08-07 20:30:55,814 INFO  [io.api.tes.ser.api.SimpleSerdesTesterBuilder$SimpleSerdesTester] (main) Using consumer configuration: {}
2025-08-07 20:30:55,815 INFO  [io.api.tes.ser.api.KafkaSerdesTester] (Thread-621) Sending message {"key11754598655799": "value-0"} to topic topic-41b31132_9c5d_4ceb_922d_7dbb68f00f13
2025-08-07 20:30:55,823 WARN  [org.apa.kaf.cli.NetworkClient] (kafka-producer-network-thread | Producer-topic-41b31132_9c5d_4ceb_922d_7dbb68f00f13) [Producer clientId=Producer-topic-41b31132_9c5d_4ceb_922d_7dbb68f00f13] The metadata response from the cluster reported a recoverable issue with correlation id 1 : {topic-41b31132_9c5d_4ceb_922d_7dbb68f00f13=UNKNOWN_TOPIC_OR_PARTITION}
2025-08-07 20:30:55,824 INFO  [org.apa.kaf.cli.Metadata] (kafka-producer-network-thread | Producer-topic-41b31132_9c5d_4ceb_922d_7dbb68f00f13) [Producer clientId=Producer-topic-41b31132_9c5d_4ceb_922d_7dbb68f00f13] Cluster ID: VsWUIKwhTKC56aKd3Rs4Pw
2025-08-07 20:30:55,824 INFO  [org.apa.kaf.cli.pro.int.TransactionManager] (kafka-producer-network-thread | Producer-topic-41b31132_9c5d_4ceb_922d_7dbb68f00f13) [Producer clientId=Producer-topic-41b31132_9c5d_4ceb_922d_7dbb68f00f13] ProducerId set to 4 with epoch 0
2025-08-07 20:30:56,122 INFO  [io.api.tes.ser.api.KafkaSerdesTester] (Thread-621) Sending message {"key11754598655799": "value-1"} to topic topic-41b31132_9c5d_4ceb_922d_7dbb68f00f13
2025-08-07 20:30:56,124 INFO  [io.api.tes.ser.api.KafkaSerdesTester] (Thread-621) Sending message {"key11754598655799": "value-2"} to topic topic-41b31132_9c5d_4ceb_922d_7dbb68f00f13
2025-08-07 20:30:56,126 INFO  [io.api.tes.ser.api.KafkaSerdesTester] (Thread-621) Sending message {"key11754598655799": "value-3"} to topic topic-41b31132_9c5d_4ceb_922d_7dbb68f00f13
2025-08-07 20:30:56,128 INFO  [io.api.tes.ser.api.KafkaSerdesTester] (Thread-621) Sending message {"key11754598655799": "value-4"} to topic topic-41b31132_9c5d_4ceb_922d_7dbb68f00f13
2025-08-07 20:30:56,130 INFO  [io.api.tes.ser.api.KafkaSerdesTester] (Thread-621) Sending message {"key11754598655799": "value-5"} to topic topic-41b31132_9c5d_4ceb_922d_7dbb68f00f13
2025-08-07 20:30:56,132 INFO  [io.api.tes.ser.api.KafkaSerdesTester] (Thread-621) Sending message {"key11754598655799": "value-6"} to topic topic-41b31132_9c5d_4ceb_922d_7dbb68f00f13
2025-08-07 20:30:56,134 INFO  [io.api.tes.ser.api.KafkaSerdesTester] (Thread-621) Sending message {"key11754598655799": "value-7"} to topic topic-41b31132_9c5d_4ceb_922d_7dbb68f00f13
2025-08-07 20:30:56,136 INFO  [io.api.tes.ser.api.KafkaSerdesTester] (Thread-621) Sending message {"key11754598655799": "value-8"} to topic topic-41b31132_9c5d_4ceb_922d_7dbb68f00f13
2025-08-07 20:30:56,138 INFO  [io.api.tes.ser.api.KafkaSerdesTester] (Thread-621) Sending message {"key11754598655799": "value-9"} to topic topic-41b31132_9c5d_4ceb_922d_7dbb68f00f13
2025-08-07 20:30:56,140 INFO  [io.api.tes.ser.api.KafkaSerdesTester] (Thread-621) Produced 10 messages
2025-08-07 20:30:56,140 INFO  [org.apa.kaf.cli.pro.KafkaProducer] (Thread-621) [Producer clientId=Producer-topic-41b31132_9c5d_4ceb_922d_7dbb68f00f13] Closing the Kafka producer with timeoutMillis = 9223372036854775807 ms.
2025-08-07 20:30:56,142 INFO  [org.apa.kaf.com.met.Metrics] (Thread-621) Metrics scheduler closed
2025-08-07 20:30:56,142 INFO  [org.apa.kaf.com.met.Metrics] (Thread-621) Closing reporter org.apache.kafka.common.metrics.JmxReporter
2025-08-07 20:30:56,143 INFO  [org.apa.kaf.com.met.Metrics] (Thread-621) Closing reporter org.apache.kafka.common.telemetry.internals.ClientTelemetryReporter
2025-08-07 20:30:56,143 INFO  [org.apa.kaf.com.met.Metrics] (Thread-621) Metrics reporters closed
2025-08-07 20:30:56,143 INFO  [org.apa.kaf.com.uti.AppInfoParser] (Thread-621) App info kafka.producer for Producer-topic-41b31132_9c5d_4ceb_922d_7dbb68f00f13 unregistered
**** Registry Base URL: http://registry-app-mysql.apps.ci419.apicurio-testing.org:80
2025-08-07 20:30:56,307 INFO  [org.apa.kaf.cli.con.ConsumerConfig] (main) ConsumerConfig values: 
	allow.auto.create.topics = true
	auto.commit.interval.ms = 500
	auto.include.jmx.reporter = true
	auto.offset.reset = earliest
	bootstrap.servers = [PLAINTEXT://localhost:32769]
	check.crcs = true
	client.dns.lookup = use_all_dns_ips
	client.id = consumer-Consumer-topic-41b31132_9c5d_4ceb_922d_7dbb68f00f13-4
	client.rack = 
	connections.max.idle.ms = 10000
	default.api.timeout.ms = 60000
	enable.auto.commit = true
	enable.metrics.push = true
	exclude.internal.topics = true
	fetch.max.bytes = 52428800
	fetch.max.wait.ms = 500
	fetch.min.bytes = 1
	group.id = Consumer-topic-41b31132_9c5d_4ceb_922d_7dbb68f00f13
	group.instance.id = null
	group.protocol = classic
	group.remote.assignor = null
	heartbeat.interval.ms = 3000
	interceptor.classes = []
	internal.leave.group.on.close = true
	internal.throw.on.fetch.stable.offset.unsupported = false
	isolation.level = read_uncommitted
	key.deserializer = class org.apache.kafka.common.serialization.StringDeserializer
	max.partition.fetch.bytes = 1048576
	max.poll.interval.ms = 300000
	max.poll.records = 500
	metadata.max.age.ms = 300000
	metadata.recovery.strategy = none
	metric.reporters = []
	metrics.num.samples = 2
	metrics.recording.level = INFO
	metrics.sample.window.ms = 30000
	partition.assignment.strategy = [class org.apache.kafka.clients.consumer.RangeAssignor, class org.apache.kafka.clients.consumer.CooperativeStickyAssignor]
	receive.buffer.bytes = 65536
	reconnect.backoff.max.ms = 1000
	reconnect.backoff.ms = 50
	request.timeout.ms = 5000
	retry.backoff.max.ms = 1000
	retry.backoff.ms = 100
	sasl.client.callback.handler.class = null
	sasl.jaas.config = null
	sasl.kerberos.kinit.cmd = /usr/bin/kinit
	sasl.kerberos.min.time.before.relogin = 60000
	sasl.kerberos.service.name = null
	sasl.kerberos.ticket.renew.jitter = 0.05
	sasl.kerberos.ticket.renew.window.factor = 0.8
	sasl.login.callback.handler.class = null
	sasl.login.class = null
	sasl.login.connect.timeout.ms = null
	sasl.login.read.timeout.ms = null
	sasl.login.refresh.buffer.seconds = 300
	sasl.login.refresh.min.period.seconds = 60
	sasl.login.refresh.window.factor = 0.8
	sasl.login.refresh.window.jitter = 0.05
	sasl.login.retry.backoff.max.ms = 10000
	sasl.login.retry.backoff.ms = 100
	sasl.mechanism = GSSAPI
	sasl.oauthbearer.clock.skew.seconds = 30
	sasl.oauthbearer.expected.audience = null
	sasl.oauthbearer.expected.issuer = null
	sasl.oauthbearer.header.urlencode = false
	sasl.oauthbearer.jwks.endpoint.refresh.ms = 3600000
	sasl.oauthbearer.jwks.endpoint.retry.backoff.max.ms = 10000
	sasl.oauthbearer.jwks.endpoint.retry.backoff.ms = 100
	sasl.oauthbearer.jwks.endpoint.url = null
	sasl.oauthbearer.scope.claim.name = scope
	sasl.oauthbearer.sub.claim.name = sub
	sasl.oauthbearer.token.endpoint.url = null
	security.protocol = PLAINTEXT
	security.providers = null
	send.buffer.bytes = 131072
	session.timeout.ms = 45000
	socket.connection.setup.timeout.max.ms = 30000
	socket.connection.setup.timeout.ms = 10000
	ssl.cipher.suites = null
	ssl.enabled.protocols = [TLSv1.2, TLSv1.3]
	ssl.endpoint.identification.algorithm = https
	ssl.engine.factory.class = null
	ssl.key.password = null
	ssl.keymanager.algorithm = SunX509
	ssl.keystore.certificate.chain = null
	ssl.keystore.key = null
	ssl.keystore.location = null
	ssl.keystore.password = null
	ssl.keystore.type = JKS
	ssl.protocol = TLSv1.3
	ssl.provider = null
	ssl.secure.random.implementation = null
	ssl.trustmanager.algorithm = PKIX
	ssl.truststore.certificates = null
	ssl.truststore.location = null
	ssl.truststore.password = null
	ssl.truststore.type = JKS
	value.deserializer = class io.apicurio.registry.serde.avro.AvroKafkaDeserializer

2025-08-07 20:30:56,307 INFO  [org.apa.kaf.com.tel.int.KafkaMetricsCollector] (main) initializing Kafka metrics collector
2025-08-07 20:30:56,313 INFO  [org.apa.kaf.cli.con.ConsumerConfig] (main) These configurations '[apicurio.registry.url]' were supplied but are not used yet.
2025-08-07 20:30:56,313 INFO  [org.apa.kaf.com.uti.AppInfoParser] (main) Kafka version: 3.9.1
2025-08-07 20:30:56,314 INFO  [org.apa.kaf.com.uti.AppInfoParser] (main) Kafka commitId: f745dfdcee2b9851
2025-08-07 20:30:56,314 INFO  [org.apa.kaf.com.uti.AppInfoParser] (main) Kafka startTimeMs: 1754598656313
2025-08-07 20:30:56,314 INFO  [org.apa.kaf.cli.con.int.ClassicKafkaConsumer] (Thread-624) [Consumer clientId=consumer-Consumer-topic-41b31132_9c5d_4ceb_922d_7dbb68f00f13-4, groupId=Consumer-topic-41b31132_9c5d_4ceb_922d_7dbb68f00f13] Subscribed to topic(s): topic-41b31132_9c5d_4ceb_922d_7dbb68f00f13
2025-08-07 20:30:56,321 INFO  [org.apa.kaf.cli.Metadata] (Thread-624) [Consumer clientId=consumer-Consumer-topic-41b31132_9c5d_4ceb_922d_7dbb68f00f13-4, groupId=Consumer-topic-41b31132_9c5d_4ceb_922d_7dbb68f00f13] Cluster ID: VsWUIKwhTKC56aKd3Rs4Pw
2025-08-07 20:30:56,325 INFO  [org.apa.kaf.cli.con.int.ConsumerCoordinator] (Thread-624) [Consumer clientId=consumer-Consumer-topic-41b31132_9c5d_4ceb_922d_7dbb68f00f13-4, groupId=Consumer-topic-41b31132_9c5d_4ceb_922d_7dbb68f00f13] Discovered group coordinator localhost:32769 (id: 2147483647 rack: null)
2025-08-07 20:30:56,328 INFO  [org.apa.kaf.cli.con.int.ConsumerCoordinator] (Thread-624) [Consumer clientId=consumer-Consumer-topic-41b31132_9c5d_4ceb_922d_7dbb68f00f13-4, groupId=Consumer-topic-41b31132_9c5d_4ceb_922d_7dbb68f00f13] (Re-)joining group
2025-08-07 20:30:56,332 INFO  [org.apa.kaf.cli.con.int.ConsumerCoordinator] (Thread-624) [Consumer clientId=consumer-Consumer-topic-41b31132_9c5d_4ceb_922d_7dbb68f00f13-4, groupId=Consumer-topic-41b31132_9c5d_4ceb_922d_7dbb68f00f13] Request joining group due to: need to re-join with the given member-id: consumer-Consumer-topic-41b31132_9c5d_4ceb_922d_7dbb68f00f13-4-9cf32a7a-1550-4f6f-8271-e962d9c68936
2025-08-07 20:30:56,332 INFO  [org.apa.kaf.cli.con.int.ConsumerCoordinator] (Thread-624) [Consumer clientId=consumer-Consumer-topic-41b31132_9c5d_4ceb_922d_7dbb68f00f13-4, groupId=Consumer-topic-41b31132_9c5d_4ceb_922d_7dbb68f00f13] (Re-)joining group
2025-08-07 20:30:57,314 INFO  [io.api.tes.ser.api.KafkaSerdesTester] (Thread-624) None found
2025-08-07 20:30:58,316 INFO  [io.api.tes.ser.api.KafkaSerdesTester] (Thread-624) None found
2025-08-07 20:30:59,316 INFO  [io.api.tes.ser.api.KafkaSerdesTester] (Thread-624) None found
2025-08-07 20:30:59,334 INFO  [org.apa.kaf.cli.con.int.ConsumerCoordinator] (Thread-624) [Consumer clientId=consumer-Consumer-topic-41b31132_9c5d_4ceb_922d_7dbb68f00f13-4, groupId=Consumer-topic-41b31132_9c5d_4ceb_922d_7dbb68f00f13] Successfully joined group with generation Generation{generationId=1, memberId='consumer-Consumer-topic-41b31132_9c5d_4ceb_922d_7dbb68f00f13-4-9cf32a7a-1550-4f6f-8271-e962d9c68936', protocol='range'}
2025-08-07 20:30:59,334 INFO  [org.apa.kaf.cli.con.int.ConsumerCoordinator] (Thread-624) [Consumer clientId=consumer-Consumer-topic-41b31132_9c5d_4ceb_922d_7dbb68f00f13-4, groupId=Consumer-topic-41b31132_9c5d_4ceb_922d_7dbb68f00f13] Finished assignment for group at generation 1: {consumer-Consumer-topic-41b31132_9c5d_4ceb_922d_7dbb68f00f13-4-9cf32a7a-1550-4f6f-8271-e962d9c68936=Assignment(partitions=[topic-41b31132_9c5d_4ceb_922d_7dbb68f00f13-0])}
2025-08-07 20:30:59,343 INFO  [org.apa.kaf.cli.con.int.ConsumerCoordinator] (Thread-624) [Consumer clientId=consumer-Consumer-topic-41b31132_9c5d_4ceb_922d_7dbb68f00f13-4, groupId=Consumer-topic-41b31132_9c5d_4ceb_922d_7dbb68f00f13] Successfully synced group in generation Generation{generationId=1, memberId='consumer-Consumer-topic-41b31132_9c5d_4ceb_922d_7dbb68f00f13-4-9cf32a7a-1550-4f6f-8271-e962d9c68936', protocol='range'}
2025-08-07 20:30:59,343 INFO  [org.apa.kaf.cli.con.int.ConsumerCoordinator] (Thread-624) [Consumer clientId=consumer-Consumer-topic-41b31132_9c5d_4ceb_922d_7dbb68f00f13-4, groupId=Consumer-topic-41b31132_9c5d_4ceb_922d_7dbb68f00f13] Notifying assignor about the new Assignment(partitions=[topic-41b31132_9c5d_4ceb_922d_7dbb68f00f13-0])
2025-08-07 20:30:59,343 INFO  [org.apa.kaf.cli.con.int.ConsumerRebalanceListenerInvoker] (Thread-624) [Consumer clientId=consumer-Consumer-topic-41b31132_9c5d_4ceb_922d_7dbb68f00f13-4, groupId=Consumer-topic-41b31132_9c5d_4ceb_922d_7dbb68f00f13] Adding newly assigned partitions: topic-41b31132_9c5d_4ceb_922d_7dbb68f00f13-0
2025-08-07 20:30:59,345 INFO  [org.apa.kaf.cli.con.int.ConsumerCoordinator] (Thread-624) [Consumer clientId=consumer-Consumer-topic-41b31132_9c5d_4ceb_922d_7dbb68f00f13-4, groupId=Consumer-topic-41b31132_9c5d_4ceb_922d_7dbb68f00f13] Found no committed offset for partition topic-41b31132_9c5d_4ceb_922d_7dbb68f00f13-0
2025-08-07 20:30:59,346 INFO  [org.apa.kaf.cli.con.int.SubscriptionState] (Thread-624) [Consumer clientId=consumer-Consumer-topic-41b31132_9c5d_4ceb_922d_7dbb68f00f13-4, groupId=Consumer-topic-41b31132_9c5d_4ceb_922d_7dbb68f00f13] Resetting offset for partition topic-41b31132_9c5d_4ceb_922d_7dbb68f00f13-0 to position FetchPosition{offset=0, offsetEpoch=Optional.empty, currentLeader=LeaderAndEpoch{leader=Optional[localhost:32769 (id: 0 rack: null)], epoch=0}}.
2025-08-07 20:30:59,585 INFO  [io.api.tes.ser.api.KafkaSerdesTester] (Thread-624) topic-41b31132_9c5d_4ceb_922d_7dbb68f00f13 0 0 {"key11754598655799": "value-0"}
2025-08-07 20:30:59,586 INFO  [io.api.tes.ser.api.KafkaSerdesTester] (Thread-624) topic-41b31132_9c5d_4ceb_922d_7dbb68f00f13 0 1 {"key11754598655799": "value-1"}
2025-08-07 20:30:59,586 INFO  [io.api.tes.ser.api.KafkaSerdesTester] (Thread-624) topic-41b31132_9c5d_4ceb_922d_7dbb68f00f13 0 2 {"key11754598655799": "value-2"}
2025-08-07 20:30:59,586 INFO  [io.api.tes.ser.api.KafkaSerdesTester] (Thread-624) topic-41b31132_9c5d_4ceb_922d_7dbb68f00f13 0 3 {"key11754598655799": "value-3"}
2025-08-07 20:30:59,586 INFO  [io.api.tes.ser.api.KafkaSerdesTester] (Thread-624) topic-41b31132_9c5d_4ceb_922d_7dbb68f00f13 0 4 {"key11754598655799": "value-4"}
2025-08-07 20:30:59,586 INFO  [io.api.tes.ser.api.KafkaSerdesTester] (Thread-624) topic-41b31132_9c5d_4ceb_922d_7dbb68f00f13 0 5 {"key11754598655799": "value-5"}
2025-08-07 20:30:59,586 INFO  [io.api.tes.ser.api.KafkaSerdesTester] (Thread-624) topic-41b31132_9c5d_4ceb_922d_7dbb68f00f13 0 6 {"key11754598655799": "value-6"}
2025-08-07 20:30:59,586 INFO  [io.api.tes.ser.api.KafkaSerdesTester] (Thread-624) topic-41b31132_9c5d_4ceb_922d_7dbb68f00f13 0 7 {"key11754598655799": "value-7"}
2025-08-07 20:30:59,586 INFO  [io.api.tes.ser.api.KafkaSerdesTester] (Thread-624) topic-41b31132_9c5d_4ceb_922d_7dbb68f00f13 0 8 {"key11754598655799": "value-8"}
2025-08-07 20:30:59,586 INFO  [io.api.tes.ser.api.KafkaSerdesTester] (Thread-624) topic-41b31132_9c5d_4ceb_922d_7dbb68f00f13 0 9 {"key11754598655799": "value-9"}
2025-08-07 20:30:59,586 INFO  [io.api.tes.ser.api.KafkaSerdesTester] (Thread-624) Consumed 10 messages
2025-08-07 20:30:59,594 INFO  [org.apa.kaf.cli.con.int.ConsumerRebalanceListenerInvoker] (Thread-624) [Consumer clientId=consumer-Consumer-topic-41b31132_9c5d_4ceb_922d_7dbb68f00f13-4, groupId=Consumer-topic-41b31132_9c5d_4ceb_922d_7dbb68f00f13] Revoke previously assigned partitions topic-41b31132_9c5d_4ceb_922d_7dbb68f00f13-0
2025-08-07 20:30:59,594 INFO  [org.apa.kaf.cli.con.int.ConsumerCoordinator] (Thread-624) [Consumer clientId=consumer-Consumer-topic-41b31132_9c5d_4ceb_922d_7dbb68f00f13-4, groupId=Consumer-topic-41b31132_9c5d_4ceb_922d_7dbb68f00f13] Member consumer-Consumer-topic-41b31132_9c5d_4ceb_922d_7dbb68f00f13-4-9cf32a7a-1550-4f6f-8271-e962d9c68936 sending LeaveGroup request to coordinator localhost:32769 (id: 2147483647 rack: null) due to the consumer is being closed
2025-08-07 20:30:59,594 INFO  [org.apa.kaf.cli.con.int.ConsumerCoordinator] (Thread-624) [Consumer clientId=consumer-Consumer-topic-41b31132_9c5d_4ceb_922d_7dbb68f00f13-4, groupId=Consumer-topic-41b31132_9c5d_4ceb_922d_7dbb68f00f13] Resetting generation and member id due to: consumer pro-actively leaving the group
2025-08-07 20:30:59,594 INFO  [org.apa.kaf.cli.con.int.ConsumerCoordinator] (Thread-624) [Consumer clientId=consumer-Consumer-topic-41b31132_9c5d_4ceb_922d_7dbb68f00f13-4, groupId=Consumer-topic-41b31132_9c5d_4ceb_922d_7dbb68f00f13] Request joining group due to: consumer pro-actively leaving the group
2025-08-07 20:31:00,091 INFO  [org.apa.kaf.com.met.Metrics] (Thread-624) Metrics scheduler closed
2025-08-07 20:31:00,091 INFO  [org.apa.kaf.com.met.Metrics] (Thread-624) Closing reporter org.apache.kafka.common.metrics.JmxReporter
2025-08-07 20:31:00,091 INFO  [org.apa.kaf.com.met.Metrics] (Thread-624) Closing reporter org.apache.kafka.common.telemetry.internals.ClientTelemetryReporter
2025-08-07 20:31:00,091 INFO  [org.apa.kaf.com.met.Metrics] (Thread-624) Metrics reporters closed
2025-08-07 20:31:00,094 INFO  [org.apa.kaf.com.uti.AppInfoParser] (Thread-624) App info kafka.consumer for consumer-Consumer-topic-41b31132_9c5d_4ceb_922d_7dbb68f00f13-4 unregistered
2025-08-07 20:31:00,258 INFO  [io.api.tes.uti.TestSeparator] (main) io.apicurio.tests.serdes.apicurio.AvroSerdeIT.testTopicIdStrategyAutoRegister-FINISHED
2025-08-07 20:31:00,258 INFO  [io.api.tes.uti.TestSeparator] (main) ############################################################################
Test passed: testTopicIdStrategyAutoRegister
]]></system-out>
  </testcase>
  <testcase name="testRecordIdStrategydFindLatest" classname="io.apicurio.tests.serdes.apicurio.AvroSerdeIT" time="5.381">
    <system-out><![CDATA[2025-08-07 20:31:00,260 INFO  [io.api.tes.uti.TestSeparator] (main) ############################################################################
2025-08-07 20:31:00,260 INFO  [io.api.tes.uti.TestSeparator] (main) io.apicurio.tests.serdes.apicurio.AvroSerdeIT.testRecordIdStrategydFindLatest-STARTED
2025-08-07 20:31:00,261 INFO  [io.api.tes.ser.api.AvroSerdeIT] (main) Registering Avro Schema: {"type":"record","name":"s7be7c02ax535ax4226xb429x9436170bbb21","namespace":"se6d8feaexc2b0x4093xbe9dx85ab17394e9b","fields":[{"name":"key11754598660260","type":"string"}]}
**** Registry Base URL: http://registry-app-mysql.apps.ci419.apicurio-testing.org:80
2025-08-07 20:31:01,454 INFO  [org.apa.kaf.cli.pro.ProducerConfig] (main) ProducerConfig values: 
	acks = -1
	auto.include.jmx.reporter = true
	batch.size = 16384
	bootstrap.servers = [PLAINTEXT://localhost:32769]
	buffer.memory = 33554432
	client.dns.lookup = use_all_dns_ips
	client.id = Producer-topic-92d6ba52_0dd0_4ca4_b43b_ec3460ff31ac
	compression.gzip.level = -1
	compression.lz4.level = 9
	compression.type = none
	compression.zstd.level = 3
	connections.max.idle.ms = 10000
	delivery.timeout.ms = 120000
	enable.idempotence = true
	enable.metrics.push = true
	interceptor.classes = []
	key.serializer = class org.apache.kafka.common.serialization.StringSerializer
	linger.ms = 0
	max.block.ms = 60000
	max.in.flight.requests.per.connection = 5
	max.request.size = 1048576
	metadata.max.age.ms = 300000
	metadata.max.idle.ms = 300000
	metadata.recovery.strategy = none
	metric.reporters = []
	metrics.num.samples = 2
	metrics.recording.level = INFO
	metrics.sample.window.ms = 30000
	partitioner.adaptive.partitioning.enable = true
	partitioner.availability.timeout.ms = 0
	partitioner.class = null
	partitioner.ignore.keys = false
	receive.buffer.bytes = 32768
	reconnect.backoff.max.ms = 1000
	reconnect.backoff.ms = 50
	request.timeout.ms = 5000
	retries = 2147483647
	retry.backoff.max.ms = 1000
	retry.backoff.ms = 100
	sasl.client.callback.handler.class = null
	sasl.jaas.config = null
	sasl.kerberos.kinit.cmd = /usr/bin/kinit
	sasl.kerberos.min.time.before.relogin = 60000
	sasl.kerberos.service.name = null
	sasl.kerberos.ticket.renew.jitter = 0.05
	sasl.kerberos.ticket.renew.window.factor = 0.8
	sasl.login.callback.handler.class = null
	sasl.login.class = null
	sasl.login.connect.timeout.ms = null
	sasl.login.read.timeout.ms = null
	sasl.login.refresh.buffer.seconds = 300
	sasl.login.refresh.min.period.seconds = 60
	sasl.login.refresh.window.factor = 0.8
	sasl.login.refresh.window.jitter = 0.05
	sasl.login.retry.backoff.max.ms = 10000
	sasl.login.retry.backoff.ms = 100
	sasl.mechanism = GSSAPI
	sasl.oauthbearer.clock.skew.seconds = 30
	sasl.oauthbearer.expected.audience = null
	sasl.oauthbearer.expected.issuer = null
	sasl.oauthbearer.header.urlencode = false
	sasl.oauthbearer.jwks.endpoint.refresh.ms = 3600000
	sasl.oauthbearer.jwks.endpoint.retry.backoff.max.ms = 10000
	sasl.oauthbearer.jwks.endpoint.retry.backoff.ms = 100
	sasl.oauthbearer.jwks.endpoint.url = null
	sasl.oauthbearer.scope.claim.name = scope
	sasl.oauthbearer.sub.claim.name = sub
	sasl.oauthbearer.token.endpoint.url = null
	security.protocol = PLAINTEXT
	security.providers = null
	send.buffer.bytes = 131072
	socket.connection.setup.timeout.max.ms = 30000
	socket.connection.setup.timeout.ms = 10000
	ssl.cipher.suites = null
	ssl.enabled.protocols = [TLSv1.2, TLSv1.3]
	ssl.endpoint.identification.algorithm = https
	ssl.engine.factory.class = null
	ssl.key.password = null
	ssl.keymanager.algorithm = SunX509
	ssl.keystore.certificate.chain = null
	ssl.keystore.key = null
	ssl.keystore.location = null
	ssl.keystore.password = null
	ssl.keystore.type = JKS
	ssl.protocol = TLSv1.3
	ssl.provider = null
	ssl.secure.random.implementation = null
	ssl.trustmanager.algorithm = PKIX
	ssl.truststore.certificates = null
	ssl.truststore.location = null
	ssl.truststore.password = null
	ssl.truststore.type = JKS
	transaction.timeout.ms = 60000
	transactional.id = null
	value.serializer = class io.apicurio.registry.serde.avro.AvroKafkaSerializer

2025-08-07 20:31:01,455 INFO  [org.apa.kaf.com.tel.int.KafkaMetricsCollector] (main) initializing Kafka metrics collector
2025-08-07 20:31:01,458 INFO  [org.apa.kaf.cli.pro.KafkaProducer] (main) [Producer clientId=Producer-topic-92d6ba52_0dd0_4ca4_b43b_ec3460ff31ac] Instantiated an idempotent producer.
2025-08-07 20:31:01,461 INFO  [org.apa.kaf.cli.pro.ProducerConfig] (main) These configurations '[apicurio.registry.find-latest, apicurio.registry.url, apicurio.registry.artifact-resolver-strategy]' were supplied but are not used yet.
2025-08-07 20:31:01,461 INFO  [org.apa.kaf.com.uti.AppInfoParser] (main) Kafka version: 3.9.1
2025-08-07 20:31:01,461 INFO  [org.apa.kaf.com.uti.AppInfoParser] (main) Kafka commitId: f745dfdcee2b9851
2025-08-07 20:31:01,461 INFO  [org.apa.kaf.com.uti.AppInfoParser] (main) Kafka startTimeMs: 1754598661461
2025-08-07 20:31:01,461 INFO  [io.api.tes.ser.api.SimpleSerdesTesterBuilder$SimpleSerdesTester] (main) Using producer configuration: {apicurio.registry.find-latest=true, apicurio.registry.url=http://registry-app-mysql.apps.ci419.apicurio-testing.org:80/apis/registry/v3, apicurio.registry.artifact-resolver-strategy=io.apicurio.registry.serde.avro.strategy.RecordIdStrategy, value.serializer=io.apicurio.registry.serde.avro.AvroKafkaSerializer, request.timeout.ms=5000, acks=all, bootstrap.servers=PLAINTEXT://localhost:32769, connections.max.idle.ms=10000, key.serializer=org.apache.kafka.common.serialization.StringSerializer, client.id=Producer-topic-92d6ba52_0dd0_4ca4_b43b_ec3460ff31ac}
2025-08-07 20:31:01,461 INFO  [io.api.tes.ser.api.SimpleSerdesTesterBuilder$SimpleSerdesTester] (main) Using consumer configuration: {}
2025-08-07 20:31:01,464 INFO  [io.api.tes.ser.api.KafkaSerdesTester] (Thread-627) Sending message {"key11754598660260": "value-0"} to topic topic-92d6ba52_0dd0_4ca4_b43b_ec3460ff31ac
2025-08-07 20:31:01,469 INFO  [org.apa.kaf.cli.Metadata] (kafka-producer-network-thread | Producer-topic-92d6ba52_0dd0_4ca4_b43b_ec3460ff31ac) [Producer clientId=Producer-topic-92d6ba52_0dd0_4ca4_b43b_ec3460ff31ac] Cluster ID: VsWUIKwhTKC56aKd3Rs4Pw
2025-08-07 20:31:01,471 INFO  [org.apa.kaf.cli.pro.int.TransactionManager] (kafka-producer-network-thread | Producer-topic-92d6ba52_0dd0_4ca4_b43b_ec3460ff31ac) [Producer clientId=Producer-topic-92d6ba52_0dd0_4ca4_b43b_ec3460ff31ac] ProducerId set to 5 with epoch 0
2025-08-07 20:31:01,811 INFO  [io.api.tes.ser.api.KafkaSerdesTester] (Thread-627) Sending message {"key11754598660260": "value-1"} to topic topic-92d6ba52_0dd0_4ca4_b43b_ec3460ff31ac
2025-08-07 20:31:01,814 INFO  [io.api.tes.ser.api.KafkaSerdesTester] (Thread-627) Sending message {"key11754598660260": "value-2"} to topic topic-92d6ba52_0dd0_4ca4_b43b_ec3460ff31ac
2025-08-07 20:31:01,818 INFO  [io.api.tes.ser.api.KafkaSerdesTester] (Thread-627) Sending message {"key11754598660260": "value-3"} to topic topic-92d6ba52_0dd0_4ca4_b43b_ec3460ff31ac
2025-08-07 20:31:01,820 INFO  [io.api.tes.ser.api.KafkaSerdesTester] (Thread-627) Sending message {"key11754598660260": "value-4"} to topic topic-92d6ba52_0dd0_4ca4_b43b_ec3460ff31ac
2025-08-07 20:31:01,825 INFO  [io.api.tes.ser.api.KafkaSerdesTester] (Thread-627) Sending message {"key11754598660260": "value-5"} to topic topic-92d6ba52_0dd0_4ca4_b43b_ec3460ff31ac
2025-08-07 20:31:01,828 INFO  [io.api.tes.ser.api.KafkaSerdesTester] (Thread-627) Sending message {"key11754598660260": "value-6"} to topic topic-92d6ba52_0dd0_4ca4_b43b_ec3460ff31ac
2025-08-07 20:31:01,832 INFO  [io.api.tes.ser.api.KafkaSerdesTester] (Thread-627) Sending message {"key11754598660260": "value-7"} to topic topic-92d6ba52_0dd0_4ca4_b43b_ec3460ff31ac
2025-08-07 20:31:01,834 INFO  [io.api.tes.ser.api.KafkaSerdesTester] (Thread-627) Sending message {"key11754598660260": "value-8"} to topic topic-92d6ba52_0dd0_4ca4_b43b_ec3460ff31ac
2025-08-07 20:31:01,836 INFO  [io.api.tes.ser.api.KafkaSerdesTester] (Thread-627) Sending message {"key11754598660260": "value-9"} to topic topic-92d6ba52_0dd0_4ca4_b43b_ec3460ff31ac
2025-08-07 20:31:01,839 INFO  [io.api.tes.ser.api.KafkaSerdesTester] (Thread-627) Produced 10 messages
2025-08-07 20:31:01,839 INFO  [org.apa.kaf.cli.pro.KafkaProducer] (Thread-627) [Producer clientId=Producer-topic-92d6ba52_0dd0_4ca4_b43b_ec3460ff31ac] Closing the Kafka producer with timeoutMillis = 9223372036854775807 ms.
2025-08-07 20:31:01,842 INFO  [org.apa.kaf.com.met.Metrics] (Thread-627) Metrics scheduler closed
2025-08-07 20:31:01,842 INFO  [org.apa.kaf.com.met.Metrics] (Thread-627) Closing reporter org.apache.kafka.common.metrics.JmxReporter
2025-08-07 20:31:01,842 INFO  [org.apa.kaf.com.met.Metrics] (Thread-627) Closing reporter org.apache.kafka.common.telemetry.internals.ClientTelemetryReporter
2025-08-07 20:31:01,843 INFO  [org.apa.kaf.com.met.Metrics] (Thread-627) Metrics reporters closed
2025-08-07 20:31:01,843 INFO  [org.apa.kaf.com.uti.AppInfoParser] (Thread-627) App info kafka.producer for Producer-topic-92d6ba52_0dd0_4ca4_b43b_ec3460ff31ac unregistered
**** Registry Base URL: http://registry-app-mysql.apps.ci419.apicurio-testing.org:80
2025-08-07 20:31:01,845 INFO  [org.apa.kaf.cli.con.ConsumerConfig] (main) ConsumerConfig values: 
	allow.auto.create.topics = true
	auto.commit.interval.ms = 500
	auto.include.jmx.reporter = true
	auto.offset.reset = earliest
	bootstrap.servers = [PLAINTEXT://localhost:32769]
	check.crcs = true
	client.dns.lookup = use_all_dns_ips
	client.id = consumer-Consumer-topic-92d6ba52_0dd0_4ca4_b43b_ec3460ff31ac-5
	client.rack = 
	connections.max.idle.ms = 10000
	default.api.timeout.ms = 60000
	enable.auto.commit = true
	enable.metrics.push = true
	exclude.internal.topics = true
	fetch.max.bytes = 52428800
	fetch.max.wait.ms = 500
	fetch.min.bytes = 1
	group.id = Consumer-topic-92d6ba52_0dd0_4ca4_b43b_ec3460ff31ac
	group.instance.id = null
	group.protocol = classic
	group.remote.assignor = null
	heartbeat.interval.ms = 3000
	interceptor.classes = []
	internal.leave.group.on.close = true
	internal.throw.on.fetch.stable.offset.unsupported = false
	isolation.level = read_uncommitted
	key.deserializer = class org.apache.kafka.common.serialization.StringDeserializer
	max.partition.fetch.bytes = 1048576
	max.poll.interval.ms = 300000
	max.poll.records = 500
	metadata.max.age.ms = 300000
	metadata.recovery.strategy = none
	metric.reporters = []
	metrics.num.samples = 2
	metrics.recording.level = INFO
	metrics.sample.window.ms = 30000
	partition.assignment.strategy = [class org.apache.kafka.clients.consumer.RangeAssignor, class org.apache.kafka.clients.consumer.CooperativeStickyAssignor]
	receive.buffer.bytes = 65536
	reconnect.backoff.max.ms = 1000
	reconnect.backoff.ms = 50
	request.timeout.ms = 5000
	retry.backoff.max.ms = 1000
	retry.backoff.ms = 100
	sasl.client.callback.handler.class = null
	sasl.jaas.config = null
	sasl.kerberos.kinit.cmd = /usr/bin/kinit
	sasl.kerberos.min.time.before.relogin = 60000
	sasl.kerberos.service.name = null
	sasl.kerberos.ticket.renew.jitter = 0.05
	sasl.kerberos.ticket.renew.window.factor = 0.8
	sasl.login.callback.handler.class = null
	sasl.login.class = null
	sasl.login.connect.timeout.ms = null
	sasl.login.read.timeout.ms = null
	sasl.login.refresh.buffer.seconds = 300
	sasl.login.refresh.min.period.seconds = 60
	sasl.login.refresh.window.factor = 0.8
	sasl.login.refresh.window.jitter = 0.05
	sasl.login.retry.backoff.max.ms = 10000
	sasl.login.retry.backoff.ms = 100
	sasl.mechanism = GSSAPI
	sasl.oauthbearer.clock.skew.seconds = 30
	sasl.oauthbearer.expected.audience = null
	sasl.oauthbearer.expected.issuer = null
	sasl.oauthbearer.header.urlencode = false
	sasl.oauthbearer.jwks.endpoint.refresh.ms = 3600000
	sasl.oauthbearer.jwks.endpoint.retry.backoff.max.ms = 10000
	sasl.oauthbearer.jwks.endpoint.retry.backoff.ms = 100
	sasl.oauthbearer.jwks.endpoint.url = null
	sasl.oauthbearer.scope.claim.name = scope
	sasl.oauthbearer.sub.claim.name = sub
	sasl.oauthbearer.token.endpoint.url = null
	security.protocol = PLAINTEXT
	security.providers = null
	send.buffer.bytes = 131072
	session.timeout.ms = 45000
	socket.connection.setup.timeout.max.ms = 30000
	socket.connection.setup.timeout.ms = 10000
	ssl.cipher.suites = null
	ssl.enabled.protocols = [TLSv1.2, TLSv1.3]
	ssl.endpoint.identification.algorithm = https
	ssl.engine.factory.class = null
	ssl.key.password = null
	ssl.keymanager.algorithm = SunX509
	ssl.keystore.certificate.chain = null
	ssl.keystore.key = null
	ssl.keystore.location = null
	ssl.keystore.password = null
	ssl.keystore.type = JKS
	ssl.protocol = TLSv1.3
	ssl.provider = null
	ssl.secure.random.implementation = null
	ssl.trustmanager.algorithm = PKIX
	ssl.truststore.certificates = null
	ssl.truststore.location = null
	ssl.truststore.password = null
	ssl.truststore.type = JKS
	value.deserializer = class io.apicurio.registry.serde.avro.AvroKafkaDeserializer

2025-08-07 20:31:01,845 INFO  [org.apa.kaf.com.tel.int.KafkaMetricsCollector] (main) initializing Kafka metrics collector
2025-08-07 20:31:01,852 INFO  [org.apa.kaf.cli.con.ConsumerConfig] (main) These configurations '[apicurio.registry.url]' were supplied but are not used yet.
2025-08-07 20:31:01,853 INFO  [org.apa.kaf.com.uti.AppInfoParser] (main) Kafka version: 3.9.1
2025-08-07 20:31:01,853 INFO  [org.apa.kaf.com.uti.AppInfoParser] (main) Kafka commitId: f745dfdcee2b9851
2025-08-07 20:31:01,853 INFO  [org.apa.kaf.com.uti.AppInfoParser] (main) Kafka startTimeMs: 1754598661853
2025-08-07 20:31:01,853 INFO  [org.apa.kaf.cli.con.int.ClassicKafkaConsumer] (Thread-630) [Consumer clientId=consumer-Consumer-topic-92d6ba52_0dd0_4ca4_b43b_ec3460ff31ac-5, groupId=Consumer-topic-92d6ba52_0dd0_4ca4_b43b_ec3460ff31ac] Subscribed to topic(s): topic-92d6ba52_0dd0_4ca4_b43b_ec3460ff31ac
2025-08-07 20:31:01,857 INFO  [org.apa.kaf.cli.Metadata] (Thread-630) [Consumer clientId=consumer-Consumer-topic-92d6ba52_0dd0_4ca4_b43b_ec3460ff31ac-5, groupId=Consumer-topic-92d6ba52_0dd0_4ca4_b43b_ec3460ff31ac] Cluster ID: VsWUIKwhTKC56aKd3Rs4Pw
2025-08-07 20:31:01,860 INFO  [org.apa.kaf.cli.con.int.ConsumerCoordinator] (Thread-630) [Consumer clientId=consumer-Consumer-topic-92d6ba52_0dd0_4ca4_b43b_ec3460ff31ac-5, groupId=Consumer-topic-92d6ba52_0dd0_4ca4_b43b_ec3460ff31ac] Discovered group coordinator localhost:32769 (id: 2147483647 rack: null)
2025-08-07 20:31:01,862 INFO  [org.apa.kaf.cli.con.int.ConsumerCoordinator] (Thread-630) [Consumer clientId=consumer-Consumer-topic-92d6ba52_0dd0_4ca4_b43b_ec3460ff31ac-5, groupId=Consumer-topic-92d6ba52_0dd0_4ca4_b43b_ec3460ff31ac] (Re-)joining group
2025-08-07 20:31:01,865 INFO  [org.apa.kaf.cli.con.int.ConsumerCoordinator] (Thread-630) [Consumer clientId=consumer-Consumer-topic-92d6ba52_0dd0_4ca4_b43b_ec3460ff31ac-5, groupId=Consumer-topic-92d6ba52_0dd0_4ca4_b43b_ec3460ff31ac] Request joining group due to: need to re-join with the given member-id: consumer-Consumer-topic-92d6ba52_0dd0_4ca4_b43b_ec3460ff31ac-5-7ce07de8-1d2a-4a2c-954f-cf4d00b4b76d
2025-08-07 20:31:01,866 INFO  [org.apa.kaf.cli.con.int.ConsumerCoordinator] (Thread-630) [Consumer clientId=consumer-Consumer-topic-92d6ba52_0dd0_4ca4_b43b_ec3460ff31ac-5, groupId=Consumer-topic-92d6ba52_0dd0_4ca4_b43b_ec3460ff31ac] (Re-)joining group
2025-08-07 20:31:02,854 INFO  [io.api.tes.ser.api.KafkaSerdesTester] (Thread-630) None found
2025-08-07 20:31:03,855 INFO  [io.api.tes.ser.api.KafkaSerdesTester] (Thread-630) None found
2025-08-07 20:31:04,855 INFO  [io.api.tes.ser.api.KafkaSerdesTester] (Thread-630) None found
2025-08-07 20:31:04,868 INFO  [org.apa.kaf.cli.con.int.ConsumerCoordinator] (Thread-630) [Consumer clientId=consumer-Consumer-topic-92d6ba52_0dd0_4ca4_b43b_ec3460ff31ac-5, groupId=Consumer-topic-92d6ba52_0dd0_4ca4_b43b_ec3460ff31ac] Successfully joined group with generation Generation{generationId=1, memberId='consumer-Consumer-topic-92d6ba52_0dd0_4ca4_b43b_ec3460ff31ac-5-7ce07de8-1d2a-4a2c-954f-cf4d00b4b76d', protocol='range'}
2025-08-07 20:31:04,869 INFO  [org.apa.kaf.cli.con.int.ConsumerCoordinator] (Thread-630) [Consumer clientId=consumer-Consumer-topic-92d6ba52_0dd0_4ca4_b43b_ec3460ff31ac-5, groupId=Consumer-topic-92d6ba52_0dd0_4ca4_b43b_ec3460ff31ac] Finished assignment for group at generation 1: {consumer-Consumer-topic-92d6ba52_0dd0_4ca4_b43b_ec3460ff31ac-5-7ce07de8-1d2a-4a2c-954f-cf4d00b4b76d=Assignment(partitions=[topic-92d6ba52_0dd0_4ca4_b43b_ec3460ff31ac-0])}
2025-08-07 20:31:04,876 INFO  [org.apa.kaf.cli.con.int.ConsumerCoordinator] (Thread-630) [Consumer clientId=consumer-Consumer-topic-92d6ba52_0dd0_4ca4_b43b_ec3460ff31ac-5, groupId=Consumer-topic-92d6ba52_0dd0_4ca4_b43b_ec3460ff31ac] Successfully synced group in generation Generation{generationId=1, memberId='consumer-Consumer-topic-92d6ba52_0dd0_4ca4_b43b_ec3460ff31ac-5-7ce07de8-1d2a-4a2c-954f-cf4d00b4b76d', protocol='range'}
2025-08-07 20:31:04,876 INFO  [org.apa.kaf.cli.con.int.ConsumerCoordinator] (Thread-630) [Consumer clientId=consumer-Consumer-topic-92d6ba52_0dd0_4ca4_b43b_ec3460ff31ac-5, groupId=Consumer-topic-92d6ba52_0dd0_4ca4_b43b_ec3460ff31ac] Notifying assignor about the new Assignment(partitions=[topic-92d6ba52_0dd0_4ca4_b43b_ec3460ff31ac-0])
2025-08-07 20:31:04,876 INFO  [org.apa.kaf.cli.con.int.ConsumerRebalanceListenerInvoker] (Thread-630) [Consumer clientId=consumer-Consumer-topic-92d6ba52_0dd0_4ca4_b43b_ec3460ff31ac-5, groupId=Consumer-topic-92d6ba52_0dd0_4ca4_b43b_ec3460ff31ac] Adding newly assigned partitions: topic-92d6ba52_0dd0_4ca4_b43b_ec3460ff31ac-0
2025-08-07 20:31:04,878 INFO  [org.apa.kaf.cli.con.int.ConsumerCoordinator] (Thread-630) [Consumer clientId=consumer-Consumer-topic-92d6ba52_0dd0_4ca4_b43b_ec3460ff31ac-5, groupId=Consumer-topic-92d6ba52_0dd0_4ca4_b43b_ec3460ff31ac] Found no committed offset for partition topic-92d6ba52_0dd0_4ca4_b43b_ec3460ff31ac-0
2025-08-07 20:31:04,883 INFO  [org.apa.kaf.cli.con.int.SubscriptionState] (Thread-630) [Consumer clientId=consumer-Consumer-topic-92d6ba52_0dd0_4ca4_b43b_ec3460ff31ac-5, groupId=Consumer-topic-92d6ba52_0dd0_4ca4_b43b_ec3460ff31ac] Resetting offset for partition topic-92d6ba52_0dd0_4ca4_b43b_ec3460ff31ac-0 to position FetchPosition{offset=0, offsetEpoch=Optional.empty, currentLeader=LeaderAndEpoch{leader=Optional[localhost:32769 (id: 0 rack: null)], epoch=0}}.
2025-08-07 20:31:05,130 INFO  [io.api.tes.ser.api.KafkaSerdesTester] (Thread-630) topic-92d6ba52_0dd0_4ca4_b43b_ec3460ff31ac 0 0 {"key11754598660260": "value-0"}
2025-08-07 20:31:05,130 INFO  [io.api.tes.ser.api.KafkaSerdesTester] (Thread-630) topic-92d6ba52_0dd0_4ca4_b43b_ec3460ff31ac 0 1 {"key11754598660260": "value-1"}
2025-08-07 20:31:05,130 INFO  [io.api.tes.ser.api.KafkaSerdesTester] (Thread-630) topic-92d6ba52_0dd0_4ca4_b43b_ec3460ff31ac 0 2 {"key11754598660260": "value-2"}
2025-08-07 20:31:05,130 INFO  [io.api.tes.ser.api.KafkaSerdesTester] (Thread-630) topic-92d6ba52_0dd0_4ca4_b43b_ec3460ff31ac 0 3 {"key11754598660260": "value-3"}
2025-08-07 20:31:05,130 INFO  [io.api.tes.ser.api.KafkaSerdesTester] (Thread-630) topic-92d6ba52_0dd0_4ca4_b43b_ec3460ff31ac 0 4 {"key11754598660260": "value-4"}
2025-08-07 20:31:05,130 INFO  [io.api.tes.ser.api.KafkaSerdesTester] (Thread-630) topic-92d6ba52_0dd0_4ca4_b43b_ec3460ff31ac 0 5 {"key11754598660260": "value-5"}
2025-08-07 20:31:05,130 INFO  [io.api.tes.ser.api.KafkaSerdesTester] (Thread-630) topic-92d6ba52_0dd0_4ca4_b43b_ec3460ff31ac 0 6 {"key11754598660260": "value-6"}
2025-08-07 20:31:05,130 INFO  [io.api.tes.ser.api.KafkaSerdesTester] (Thread-630) topic-92d6ba52_0dd0_4ca4_b43b_ec3460ff31ac 0 7 {"key11754598660260": "value-7"}
2025-08-07 20:31:05,130 INFO  [io.api.tes.ser.api.KafkaSerdesTester] (Thread-630) topic-92d6ba52_0dd0_4ca4_b43b_ec3460ff31ac 0 8 {"key11754598660260": "value-8"}
2025-08-07 20:31:05,130 INFO  [io.api.tes.ser.api.KafkaSerdesTester] (Thread-630) topic-92d6ba52_0dd0_4ca4_b43b_ec3460ff31ac 0 9 {"key11754598660260": "value-9"}
2025-08-07 20:31:05,130 INFO  [io.api.tes.ser.api.KafkaSerdesTester] (Thread-630) Consumed 10 messages
2025-08-07 20:31:05,141 INFO  [org.apa.kaf.cli.con.int.ConsumerRebalanceListenerInvoker] (Thread-630) [Consumer clientId=consumer-Consumer-topic-92d6ba52_0dd0_4ca4_b43b_ec3460ff31ac-5, groupId=Consumer-topic-92d6ba52_0dd0_4ca4_b43b_ec3460ff31ac] Revoke previously assigned partitions topic-92d6ba52_0dd0_4ca4_b43b_ec3460ff31ac-0
2025-08-07 20:31:05,141 INFO  [org.apa.kaf.cli.con.int.ConsumerCoordinator] (Thread-630) [Consumer clientId=consumer-Consumer-topic-92d6ba52_0dd0_4ca4_b43b_ec3460ff31ac-5, groupId=Consumer-topic-92d6ba52_0dd0_4ca4_b43b_ec3460ff31ac] Member consumer-Consumer-topic-92d6ba52_0dd0_4ca4_b43b_ec3460ff31ac-5-7ce07de8-1d2a-4a2c-954f-cf4d00b4b76d sending LeaveGroup request to coordinator localhost:32769 (id: 2147483647 rack: null) due to the consumer is being closed
2025-08-07 20:31:05,142 INFO  [org.apa.kaf.cli.con.int.ConsumerCoordinator] (Thread-630) [Consumer clientId=consumer-Consumer-topic-92d6ba52_0dd0_4ca4_b43b_ec3460ff31ac-5, groupId=Consumer-topic-92d6ba52_0dd0_4ca4_b43b_ec3460ff31ac] Resetting generation and member id due to: consumer pro-actively leaving the group
2025-08-07 20:31:05,142 INFO  [org.apa.kaf.cli.con.int.ConsumerCoordinator] (Thread-630) [Consumer clientId=consumer-Consumer-topic-92d6ba52_0dd0_4ca4_b43b_ec3460ff31ac-5, groupId=Consumer-topic-92d6ba52_0dd0_4ca4_b43b_ec3460ff31ac] Request joining group due to: consumer pro-actively leaving the group
2025-08-07 20:31:05,634 INFO  [org.apa.kaf.com.met.Metrics] (Thread-630) Metrics scheduler closed
2025-08-07 20:31:05,634 INFO  [org.apa.kaf.com.met.Metrics] (Thread-630) Closing reporter org.apache.kafka.common.metrics.JmxReporter
2025-08-07 20:31:05,634 INFO  [org.apa.kaf.com.met.Metrics] (Thread-630) Closing reporter org.apache.kafka.common.telemetry.internals.ClientTelemetryReporter
2025-08-07 20:31:05,634 INFO  [org.apa.kaf.com.met.Metrics] (Thread-630) Metrics reporters closed
2025-08-07 20:31:05,639 INFO  [org.apa.kaf.com.uti.AppInfoParser] (Thread-630) App info kafka.consumer for consumer-Consumer-topic-92d6ba52_0dd0_4ca4_b43b_ec3460ff31ac-5 unregistered
2025-08-07 20:31:05,640 INFO  [io.api.tes.uti.TestSeparator] (main) io.apicurio.tests.serdes.apicurio.AvroSerdeIT.testRecordIdStrategydFindLatest-FINISHED
2025-08-07 20:31:05,640 INFO  [io.api.tes.uti.TestSeparator] (main) ############################################################################
Test passed: testRecordIdStrategydFindLatest
]]></system-out>
  </testcase>
  <testcase name="testReflectAutoRegister" classname="io.apicurio.tests.serdes.apicurio.AvroSerdeIT" time="4.344">
    <system-out><![CDATA[2025-08-07 20:31:05,643 INFO  [io.api.tes.uti.TestSeparator] (main) ############################################################################
2025-08-07 20:31:05,643 INFO  [io.api.tes.uti.TestSeparator] (main) io.apicurio.tests.serdes.apicurio.AvroSerdeIT.testReflectAutoRegister-STARTED
**** Registry Base URL: http://registry-app-mysql.apps.ci419.apicurio-testing.org:80
2025-08-07 20:31:05,645 INFO  [org.apa.kaf.cli.pro.ProducerConfig] (main) ProducerConfig values: 
	acks = -1
	auto.include.jmx.reporter = true
	batch.size = 16384
	bootstrap.servers = [PLAINTEXT://localhost:32769]
	buffer.memory = 33554432
	client.dns.lookup = use_all_dns_ips
	client.id = Producer-topic-98ca1f93_d148_4c72_b7c2_52888a69407c
	compression.gzip.level = -1
	compression.lz4.level = 9
	compression.type = none
	compression.zstd.level = 3
	connections.max.idle.ms = 10000
	delivery.timeout.ms = 120000
	enable.idempotence = true
	enable.metrics.push = true
	interceptor.classes = []
	key.serializer = class org.apache.kafka.common.serialization.StringSerializer
	linger.ms = 0
	max.block.ms = 60000
	max.in.flight.requests.per.connection = 5
	max.request.size = 1048576
	metadata.max.age.ms = 300000
	metadata.max.idle.ms = 300000
	metadata.recovery.strategy = none
	metric.reporters = []
	metrics.num.samples = 2
	metrics.recording.level = INFO
	metrics.sample.window.ms = 30000
	partitioner.adaptive.partitioning.enable = true
	partitioner.availability.timeout.ms = 0
	partitioner.class = null
	partitioner.ignore.keys = false
	receive.buffer.bytes = 32768
	reconnect.backoff.max.ms = 1000
	reconnect.backoff.ms = 50
	request.timeout.ms = 5000
	retries = 2147483647
	retry.backoff.max.ms = 1000
	retry.backoff.ms = 100
	sasl.client.callback.handler.class = null
	sasl.jaas.config = null
	sasl.kerberos.kinit.cmd = /usr/bin/kinit
	sasl.kerberos.min.time.before.relogin = 60000
	sasl.kerberos.service.name = null
	sasl.kerberos.ticket.renew.jitter = 0.05
	sasl.kerberos.ticket.renew.window.factor = 0.8
	sasl.login.callback.handler.class = null
	sasl.login.class = null
	sasl.login.connect.timeout.ms = null
	sasl.login.read.timeout.ms = null
	sasl.login.refresh.buffer.seconds = 300
	sasl.login.refresh.min.period.seconds = 60
	sasl.login.refresh.window.factor = 0.8
	sasl.login.refresh.window.jitter = 0.05
	sasl.login.retry.backoff.max.ms = 10000
	sasl.login.retry.backoff.ms = 100
	sasl.mechanism = GSSAPI
	sasl.oauthbearer.clock.skew.seconds = 30
	sasl.oauthbearer.expected.audience = null
	sasl.oauthbearer.expected.issuer = null
	sasl.oauthbearer.header.urlencode = false
	sasl.oauthbearer.jwks.endpoint.refresh.ms = 3600000
	sasl.oauthbearer.jwks.endpoint.retry.backoff.max.ms = 10000
	sasl.oauthbearer.jwks.endpoint.retry.backoff.ms = 100
	sasl.oauthbearer.jwks.endpoint.url = null
	sasl.oauthbearer.scope.claim.name = scope
	sasl.oauthbearer.sub.claim.name = sub
	sasl.oauthbearer.token.endpoint.url = null
	security.protocol = PLAINTEXT
	security.providers = null
	send.buffer.bytes = 131072
	socket.connection.setup.timeout.max.ms = 30000
	socket.connection.setup.timeout.ms = 10000
	ssl.cipher.suites = null
	ssl.enabled.protocols = [TLSv1.2, TLSv1.3]
	ssl.endpoint.identification.algorithm = https
	ssl.engine.factory.class = null
	ssl.key.password = null
	ssl.keymanager.algorithm = SunX509
	ssl.keystore.certificate.chain = null
	ssl.keystore.key = null
	ssl.keystore.location = null
	ssl.keystore.password = null
	ssl.keystore.type = JKS
	ssl.protocol = TLSv1.3
	ssl.provider = null
	ssl.secure.random.implementation = null
	ssl.trustmanager.algorithm = PKIX
	ssl.truststore.certificates = null
	ssl.truststore.location = null
	ssl.truststore.password = null
	ssl.truststore.type = JKS
	transaction.timeout.ms = 60000
	transactional.id = null
	value.serializer = class io.apicurio.registry.serde.avro.AvroKafkaSerializer

2025-08-07 20:31:05,645 INFO  [org.apa.kaf.com.tel.int.KafkaMetricsCollector] (main) initializing Kafka metrics collector
2025-08-07 20:31:05,656 INFO  [org.apa.kaf.cli.pro.KafkaProducer] (main) [Producer clientId=Producer-topic-98ca1f93_d148_4c72_b7c2_52888a69407c] Instantiated an idempotent producer.
2025-08-07 20:31:05,658 INFO  [org.apa.kaf.cli.pro.ProducerConfig] (main) These configurations '[apicurio.registry.url, apicurio.registry.auto-register, apicurio.registry.artifact-resolver-strategy, apicurio.registry.avro-datum-provider]' were supplied but are not used yet.
2025-08-07 20:31:05,658 INFO  [org.apa.kaf.com.uti.AppInfoParser] (main) Kafka version: 3.9.1
2025-08-07 20:31:05,658 INFO  [org.apa.kaf.com.uti.AppInfoParser] (main) Kafka commitId: f745dfdcee2b9851
2025-08-07 20:31:05,658 INFO  [org.apa.kaf.com.uti.AppInfoParser] (main) Kafka startTimeMs: 1754598665658
2025-08-07 20:31:05,659 INFO  [io.api.tes.ser.api.SimpleSerdesTesterBuilder$SimpleSerdesTester] (main) Using producer configuration: {apicurio.registry.url=http://registry-app-mysql.apps.ci419.apicurio-testing.org:80/apis/registry/v3, apicurio.registry.auto-register=true, apicurio.registry.artifact-resolver-strategy=io.apicurio.registry.serde.strategy.TopicIdStrategy, value.serializer=io.apicurio.registry.serde.avro.AvroKafkaSerializer, request.timeout.ms=5000, acks=all, bootstrap.servers=PLAINTEXT://localhost:32769, connections.max.idle.ms=10000, key.serializer=org.apache.kafka.common.serialization.StringSerializer, apicurio.registry.avro-datum-provider=io.apicurio.registry.serde.avro.ReflectAvroDatumProvider, client.id=Producer-topic-98ca1f93_d148_4c72_b7c2_52888a69407c}
2025-08-07 20:31:05,659 INFO  [io.api.tes.ser.api.SimpleSerdesTesterBuilder$SimpleSerdesTester] (main) Using consumer configuration: {apicurio.registry.avro-datum-provider=io.apicurio.registry.serde.avro.ReflectAvroDatumProvider}
2025-08-07 20:31:05,661 INFO  [io.api.tes.ser.api.KafkaSerdesTester] (Thread-633) Sending message io.apicurio.tests.common.serdes.TestObject@3dbd29cb to topic topic-98ca1f93_d148_4c72_b7c2_52888a69407c
2025-08-07 20:31:05,666 WARN  [org.apa.kaf.cli.NetworkClient] (kafka-producer-network-thread | Producer-topic-98ca1f93_d148_4c72_b7c2_52888a69407c) [Producer clientId=Producer-topic-98ca1f93_d148_4c72_b7c2_52888a69407c] The metadata response from the cluster reported a recoverable issue with correlation id 1 : {topic-98ca1f93_d148_4c72_b7c2_52888a69407c=UNKNOWN_TOPIC_OR_PARTITION}
2025-08-07 20:31:05,666 INFO  [org.apa.kaf.cli.Metadata] (kafka-producer-network-thread | Producer-topic-98ca1f93_d148_4c72_b7c2_52888a69407c) [Producer clientId=Producer-topic-98ca1f93_d148_4c72_b7c2_52888a69407c] Cluster ID: VsWUIKwhTKC56aKd3Rs4Pw
2025-08-07 20:31:05,667 INFO  [org.apa.kaf.cli.pro.int.TransactionManager] (kafka-producer-network-thread | Producer-topic-98ca1f93_d148_4c72_b7c2_52888a69407c) [Producer clientId=Producer-topic-98ca1f93_d148_4c72_b7c2_52888a69407c] ProducerId set to 6 with epoch 0
2025-08-07 20:31:05,976 INFO  [io.api.tes.ser.api.KafkaSerdesTester] (Thread-633) Sending message io.apicurio.tests.common.serdes.TestObject@3dbd29cb to topic topic-98ca1f93_d148_4c72_b7c2_52888a69407c
2025-08-07 20:31:05,981 INFO  [io.api.tes.ser.api.KafkaSerdesTester] (Thread-633) Sending message io.apicurio.tests.common.serdes.TestObject@3dbd29cb to topic topic-98ca1f93_d148_4c72_b7c2_52888a69407c
2025-08-07 20:31:05,984 INFO  [io.api.tes.ser.api.KafkaSerdesTester] (Thread-633) Sending message io.apicurio.tests.common.serdes.TestObject@3dbd29cb to topic topic-98ca1f93_d148_4c72_b7c2_52888a69407c
2025-08-07 20:31:05,988 INFO  [io.api.tes.ser.api.KafkaSerdesTester] (Thread-633) Sending message io.apicurio.tests.common.serdes.TestObject@3dbd29cb to topic topic-98ca1f93_d148_4c72_b7c2_52888a69407c
2025-08-07 20:31:05,993 INFO  [io.api.tes.ser.api.KafkaSerdesTester] (Thread-633) Sending message io.apicurio.tests.common.serdes.TestObject@3dbd29cb to topic topic-98ca1f93_d148_4c72_b7c2_52888a69407c
2025-08-07 20:31:05,995 INFO  [io.api.tes.ser.api.KafkaSerdesTester] (Thread-633) Sending message io.apicurio.tests.common.serdes.TestObject@3dbd29cb to topic topic-98ca1f93_d148_4c72_b7c2_52888a69407c
2025-08-07 20:31:06,003 INFO  [io.api.tes.ser.api.KafkaSerdesTester] (Thread-633) Sending message io.apicurio.tests.common.serdes.TestObject@3dbd29cb to topic topic-98ca1f93_d148_4c72_b7c2_52888a69407c
2025-08-07 20:31:06,005 INFO  [io.api.tes.ser.api.KafkaSerdesTester] (Thread-633) Sending message io.apicurio.tests.common.serdes.TestObject@3dbd29cb to topic topic-98ca1f93_d148_4c72_b7c2_52888a69407c
2025-08-07 20:31:06,011 INFO  [io.api.tes.ser.api.KafkaSerdesTester] (Thread-633) Sending message io.apicurio.tests.common.serdes.TestObject@3dbd29cb to topic topic-98ca1f93_d148_4c72_b7c2_52888a69407c
2025-08-07 20:31:06,013 INFO  [io.api.tes.ser.api.KafkaSerdesTester] (Thread-633) Produced 10 messages
2025-08-07 20:31:06,013 INFO  [org.apa.kaf.cli.pro.KafkaProducer] (Thread-633) [Producer clientId=Producer-topic-98ca1f93_d148_4c72_b7c2_52888a69407c] Closing the Kafka producer with timeoutMillis = 9223372036854775807 ms.
2025-08-07 20:31:06,018 INFO  [org.apa.kaf.com.met.Metrics] (Thread-633) Metrics scheduler closed
2025-08-07 20:31:06,018 INFO  [org.apa.kaf.com.met.Metrics] (Thread-633) Closing reporter org.apache.kafka.common.metrics.JmxReporter
2025-08-07 20:31:06,019 INFO  [org.apa.kaf.com.met.Metrics] (Thread-633) Closing reporter org.apache.kafka.common.telemetry.internals.ClientTelemetryReporter
2025-08-07 20:31:06,019 INFO  [org.apa.kaf.com.met.Metrics] (Thread-633) Metrics reporters closed
2025-08-07 20:31:06,021 INFO  [org.apa.kaf.com.uti.AppInfoParser] (Thread-633) App info kafka.producer for Producer-topic-98ca1f93_d148_4c72_b7c2_52888a69407c unregistered
**** Registry Base URL: http://registry-app-mysql.apps.ci419.apicurio-testing.org:80
2025-08-07 20:31:06,192 INFO  [org.apa.kaf.cli.con.ConsumerConfig] (main) ConsumerConfig values: 
	allow.auto.create.topics = true
	auto.commit.interval.ms = 500
	auto.include.jmx.reporter = true
	auto.offset.reset = earliest
	bootstrap.servers = [PLAINTEXT://localhost:32769]
	check.crcs = true
	client.dns.lookup = use_all_dns_ips
	client.id = consumer-Consumer-topic-98ca1f93_d148_4c72_b7c2_52888a69407c-6
	client.rack = 
	connections.max.idle.ms = 10000
	default.api.timeout.ms = 60000
	enable.auto.commit = true
	enable.metrics.push = true
	exclude.internal.topics = true
	fetch.max.bytes = 52428800
	fetch.max.wait.ms = 500
	fetch.min.bytes = 1
	group.id = Consumer-topic-98ca1f93_d148_4c72_b7c2_52888a69407c
	group.instance.id = null
	group.protocol = classic
	group.remote.assignor = null
	heartbeat.interval.ms = 3000
	interceptor.classes = []
	internal.leave.group.on.close = true
	internal.throw.on.fetch.stable.offset.unsupported = false
	isolation.level = read_uncommitted
	key.deserializer = class org.apache.kafka.common.serialization.StringDeserializer
	max.partition.fetch.bytes = 1048576
	max.poll.interval.ms = 300000
	max.poll.records = 500
	metadata.max.age.ms = 300000
	metadata.recovery.strategy = none
	metric.reporters = []
	metrics.num.samples = 2
	metrics.recording.level = INFO
	metrics.sample.window.ms = 30000
	partition.assignment.strategy = [class org.apache.kafka.clients.consumer.RangeAssignor, class org.apache.kafka.clients.consumer.CooperativeStickyAssignor]
	receive.buffer.bytes = 65536
	reconnect.backoff.max.ms = 1000
	reconnect.backoff.ms = 50
	request.timeout.ms = 5000
	retry.backoff.max.ms = 1000
	retry.backoff.ms = 100
	sasl.client.callback.handler.class = null
	sasl.jaas.config = null
	sasl.kerberos.kinit.cmd = /usr/bin/kinit
	sasl.kerberos.min.time.before.relogin = 60000
	sasl.kerberos.service.name = null
	sasl.kerberos.ticket.renew.jitter = 0.05
	sasl.kerberos.ticket.renew.window.factor = 0.8
	sasl.login.callback.handler.class = null
	sasl.login.class = null
	sasl.login.connect.timeout.ms = null
	sasl.login.read.timeout.ms = null
	sasl.login.refresh.buffer.seconds = 300
	sasl.login.refresh.min.period.seconds = 60
	sasl.login.refresh.window.factor = 0.8
	sasl.login.refresh.window.jitter = 0.05
	sasl.login.retry.backoff.max.ms = 10000
	sasl.login.retry.backoff.ms = 100
	sasl.mechanism = GSSAPI
	sasl.oauthbearer.clock.skew.seconds = 30
	sasl.oauthbearer.expected.audience = null
	sasl.oauthbearer.expected.issuer = null
	sasl.oauthbearer.header.urlencode = false
	sasl.oauthbearer.jwks.endpoint.refresh.ms = 3600000
	sasl.oauthbearer.jwks.endpoint.retry.backoff.max.ms = 10000
	sasl.oauthbearer.jwks.endpoint.retry.backoff.ms = 100
	sasl.oauthbearer.jwks.endpoint.url = null
	sasl.oauthbearer.scope.claim.name = scope
	sasl.oauthbearer.sub.claim.name = sub
	sasl.oauthbearer.token.endpoint.url = null
	security.protocol = PLAINTEXT
	security.providers = null
	send.buffer.bytes = 131072
	session.timeout.ms = 45000
	socket.connection.setup.timeout.max.ms = 30000
	socket.connection.setup.timeout.ms = 10000
	ssl.cipher.suites = null
	ssl.enabled.protocols = [TLSv1.2, TLSv1.3]
	ssl.endpoint.identification.algorithm = https
	ssl.engine.factory.class = null
	ssl.key.password = null
	ssl.keymanager.algorithm = SunX509
	ssl.keystore.certificate.chain = null
	ssl.keystore.key = null
	ssl.keystore.location = null
	ssl.keystore.password = null
	ssl.keystore.type = JKS
	ssl.protocol = TLSv1.3
	ssl.provider = null
	ssl.secure.random.implementation = null
	ssl.trustmanager.algorithm = PKIX
	ssl.truststore.certificates = null
	ssl.truststore.location = null
	ssl.truststore.password = null
	ssl.truststore.type = JKS
	value.deserializer = class io.apicurio.registry.serde.avro.AvroKafkaDeserializer

2025-08-07 20:31:06,192 INFO  [org.apa.kaf.com.tel.int.KafkaMetricsCollector] (main) initializing Kafka metrics collector
2025-08-07 20:31:06,197 INFO  [org.apa.kaf.cli.con.ConsumerConfig] (main) These configurations '[apicurio.registry.url, apicurio.registry.avro-datum-provider]' were supplied but are not used yet.
2025-08-07 20:31:06,197 INFO  [org.apa.kaf.com.uti.AppInfoParser] (main) Kafka version: 3.9.1
2025-08-07 20:31:06,197 INFO  [org.apa.kaf.com.uti.AppInfoParser] (main) Kafka commitId: f745dfdcee2b9851
2025-08-07 20:31:06,197 INFO  [org.apa.kaf.com.uti.AppInfoParser] (main) Kafka startTimeMs: 1754598666197
2025-08-07 20:31:06,197 INFO  [org.apa.kaf.cli.con.int.ClassicKafkaConsumer] (Thread-636) [Consumer clientId=consumer-Consumer-topic-98ca1f93_d148_4c72_b7c2_52888a69407c-6, groupId=Consumer-topic-98ca1f93_d148_4c72_b7c2_52888a69407c] Subscribed to topic(s): topic-98ca1f93_d148_4c72_b7c2_52888a69407c
2025-08-07 20:31:06,203 INFO  [org.apa.kaf.cli.Metadata] (Thread-636) [Consumer clientId=consumer-Consumer-topic-98ca1f93_d148_4c72_b7c2_52888a69407c-6, groupId=Consumer-topic-98ca1f93_d148_4c72_b7c2_52888a69407c] Cluster ID: VsWUIKwhTKC56aKd3Rs4Pw
2025-08-07 20:31:06,204 INFO  [org.apa.kaf.cli.con.int.ConsumerCoordinator] (Thread-636) [Consumer clientId=consumer-Consumer-topic-98ca1f93_d148_4c72_b7c2_52888a69407c-6, groupId=Consumer-topic-98ca1f93_d148_4c72_b7c2_52888a69407c] Discovered group coordinator localhost:32769 (id: 2147483647 rack: null)
2025-08-07 20:31:06,206 INFO  [org.apa.kaf.cli.con.int.ConsumerCoordinator] (Thread-636) [Consumer clientId=consumer-Consumer-topic-98ca1f93_d148_4c72_b7c2_52888a69407c-6, groupId=Consumer-topic-98ca1f93_d148_4c72_b7c2_52888a69407c] (Re-)joining group
2025-08-07 20:31:06,208 INFO  [org.apa.kaf.cli.con.int.ConsumerCoordinator] (Thread-636) [Consumer clientId=consumer-Consumer-topic-98ca1f93_d148_4c72_b7c2_52888a69407c-6, groupId=Consumer-topic-98ca1f93_d148_4c72_b7c2_52888a69407c] Request joining group due to: need to re-join with the given member-id: consumer-Consumer-topic-98ca1f93_d148_4c72_b7c2_52888a69407c-6-973dd2b4-a0c6-45b9-98a3-a582d5138e6b
2025-08-07 20:31:06,209 INFO  [org.apa.kaf.cli.con.int.ConsumerCoordinator] (Thread-636) [Consumer clientId=consumer-Consumer-topic-98ca1f93_d148_4c72_b7c2_52888a69407c-6, groupId=Consumer-topic-98ca1f93_d148_4c72_b7c2_52888a69407c] (Re-)joining group
2025-08-07 20:31:07,197 INFO  [io.api.tes.ser.api.KafkaSerdesTester] (Thread-636) None found
2025-08-07 20:31:08,198 INFO  [io.api.tes.ser.api.KafkaSerdesTester] (Thread-636) None found
2025-08-07 20:31:09,199 INFO  [io.api.tes.ser.api.KafkaSerdesTester] (Thread-636) None found
2025-08-07 20:31:09,211 INFO  [org.apa.kaf.cli.con.int.ConsumerCoordinator] (Thread-636) [Consumer clientId=consumer-Consumer-topic-98ca1f93_d148_4c72_b7c2_52888a69407c-6, groupId=Consumer-topic-98ca1f93_d148_4c72_b7c2_52888a69407c] Successfully joined group with generation Generation{generationId=1, memberId='consumer-Consumer-topic-98ca1f93_d148_4c72_b7c2_52888a69407c-6-973dd2b4-a0c6-45b9-98a3-a582d5138e6b', protocol='range'}
2025-08-07 20:31:09,211 INFO  [org.apa.kaf.cli.con.int.ConsumerCoordinator] (Thread-636) [Consumer clientId=consumer-Consumer-topic-98ca1f93_d148_4c72_b7c2_52888a69407c-6, groupId=Consumer-topic-98ca1f93_d148_4c72_b7c2_52888a69407c] Finished assignment for group at generation 1: {consumer-Consumer-topic-98ca1f93_d148_4c72_b7c2_52888a69407c-6-973dd2b4-a0c6-45b9-98a3-a582d5138e6b=Assignment(partitions=[topic-98ca1f93_d148_4c72_b7c2_52888a69407c-0])}
2025-08-07 20:31:09,219 INFO  [org.apa.kaf.cli.con.int.ConsumerCoordinator] (Thread-636) [Consumer clientId=consumer-Consumer-topic-98ca1f93_d148_4c72_b7c2_52888a69407c-6, groupId=Consumer-topic-98ca1f93_d148_4c72_b7c2_52888a69407c] Successfully synced group in generation Generation{generationId=1, memberId='consumer-Consumer-topic-98ca1f93_d148_4c72_b7c2_52888a69407c-6-973dd2b4-a0c6-45b9-98a3-a582d5138e6b', protocol='range'}
2025-08-07 20:31:09,219 INFO  [org.apa.kaf.cli.con.int.ConsumerCoordinator] (Thread-636) [Consumer clientId=consumer-Consumer-topic-98ca1f93_d148_4c72_b7c2_52888a69407c-6, groupId=Consumer-topic-98ca1f93_d148_4c72_b7c2_52888a69407c] Notifying assignor about the new Assignment(partitions=[topic-98ca1f93_d148_4c72_b7c2_52888a69407c-0])
2025-08-07 20:31:09,219 INFO  [org.apa.kaf.cli.con.int.ConsumerRebalanceListenerInvoker] (Thread-636) [Consumer clientId=consumer-Consumer-topic-98ca1f93_d148_4c72_b7c2_52888a69407c-6, groupId=Consumer-topic-98ca1f93_d148_4c72_b7c2_52888a69407c] Adding newly assigned partitions: topic-98ca1f93_d148_4c72_b7c2_52888a69407c-0
2025-08-07 20:31:09,220 INFO  [org.apa.kaf.cli.con.int.ConsumerCoordinator] (Thread-636) [Consumer clientId=consumer-Consumer-topic-98ca1f93_d148_4c72_b7c2_52888a69407c-6, groupId=Consumer-topic-98ca1f93_d148_4c72_b7c2_52888a69407c] Found no committed offset for partition topic-98ca1f93_d148_4c72_b7c2_52888a69407c-0
2025-08-07 20:31:09,226 INFO  [org.apa.kaf.cli.con.int.SubscriptionState] (Thread-636) [Consumer clientId=consumer-Consumer-topic-98ca1f93_d148_4c72_b7c2_52888a69407c-6, groupId=Consumer-topic-98ca1f93_d148_4c72_b7c2_52888a69407c] Resetting offset for partition topic-98ca1f93_d148_4c72_b7c2_52888a69407c-0 to position FetchPosition{offset=0, offsetEpoch=Optional.empty, currentLeader=LeaderAndEpoch{leader=Optional[localhost:32769 (id: 0 rack: null)], epoch=0}}.
2025-08-07 20:31:09,476 INFO  [io.api.tes.ser.api.KafkaSerdesTester] (Thread-636) topic-98ca1f93_d148_4c72_b7c2_52888a69407c 0 0 io.apicurio.tests.common.serdes.TestObject@3dbd29cb
2025-08-07 20:31:09,476 INFO  [io.api.tes.ser.api.KafkaSerdesTester] (Thread-636) topic-98ca1f93_d148_4c72_b7c2_52888a69407c 0 1 io.apicurio.tests.common.serdes.TestObject@3dbd29cb
2025-08-07 20:31:09,476 INFO  [io.api.tes.ser.api.KafkaSerdesTester] (Thread-636) topic-98ca1f93_d148_4c72_b7c2_52888a69407c 0 2 io.apicurio.tests.common.serdes.TestObject@3dbd29cb
2025-08-07 20:31:09,476 INFO  [io.api.tes.ser.api.KafkaSerdesTester] (Thread-636) topic-98ca1f93_d148_4c72_b7c2_52888a69407c 0 3 io.apicurio.tests.common.serdes.TestObject@3dbd29cb
2025-08-07 20:31:09,476 INFO  [io.api.tes.ser.api.KafkaSerdesTester] (Thread-636) topic-98ca1f93_d148_4c72_b7c2_52888a69407c 0 4 io.apicurio.tests.common.serdes.TestObject@3dbd29cb
2025-08-07 20:31:09,477 INFO  [io.api.tes.ser.api.KafkaSerdesTester] (Thread-636) topic-98ca1f93_d148_4c72_b7c2_52888a69407c 0 5 io.apicurio.tests.common.serdes.TestObject@3dbd29cb
2025-08-07 20:31:09,477 INFO  [io.api.tes.ser.api.KafkaSerdesTester] (Thread-636) topic-98ca1f93_d148_4c72_b7c2_52888a69407c 0 6 io.apicurio.tests.common.serdes.TestObject@3dbd29cb
2025-08-07 20:31:09,477 INFO  [io.api.tes.ser.api.KafkaSerdesTester] (Thread-636) topic-98ca1f93_d148_4c72_b7c2_52888a69407c 0 7 io.apicurio.tests.common.serdes.TestObject@3dbd29cb
2025-08-07 20:31:09,477 INFO  [io.api.tes.ser.api.KafkaSerdesTester] (Thread-636) topic-98ca1f93_d148_4c72_b7c2_52888a69407c 0 8 io.apicurio.tests.common.serdes.TestObject@3dbd29cb
2025-08-07 20:31:09,477 INFO  [io.api.tes.ser.api.KafkaSerdesTester] (Thread-636) topic-98ca1f93_d148_4c72_b7c2_52888a69407c 0 9 io.apicurio.tests.common.serdes.TestObject@3dbd29cb
2025-08-07 20:31:09,477 INFO  [io.api.tes.ser.api.KafkaSerdesTester] (Thread-636) Consumed 10 messages
2025-08-07 20:31:09,483 INFO  [org.apa.kaf.cli.con.int.ConsumerRebalanceListenerInvoker] (Thread-636) [Consumer clientId=consumer-Consumer-topic-98ca1f93_d148_4c72_b7c2_52888a69407c-6, groupId=Consumer-topic-98ca1f93_d148_4c72_b7c2_52888a69407c] Revoke previously assigned partitions topic-98ca1f93_d148_4c72_b7c2_52888a69407c-0
2025-08-07 20:31:09,483 INFO  [org.apa.kaf.cli.con.int.ConsumerCoordinator] (Thread-636) [Consumer clientId=consumer-Consumer-topic-98ca1f93_d148_4c72_b7c2_52888a69407c-6, groupId=Consumer-topic-98ca1f93_d148_4c72_b7c2_52888a69407c] Member consumer-Consumer-topic-98ca1f93_d148_4c72_b7c2_52888a69407c-6-973dd2b4-a0c6-45b9-98a3-a582d5138e6b sending LeaveGroup request to coordinator localhost:32769 (id: 2147483647 rack: null) due to the consumer is being closed
2025-08-07 20:31:09,484 INFO  [org.apa.kaf.cli.con.int.ConsumerCoordinator] (Thread-636) [Consumer clientId=consumer-Consumer-topic-98ca1f93_d148_4c72_b7c2_52888a69407c-6, groupId=Consumer-topic-98ca1f93_d148_4c72_b7c2_52888a69407c] Resetting generation and member id due to: consumer pro-actively leaving the group
2025-08-07 20:31:09,484 INFO  [org.apa.kaf.cli.con.int.ConsumerCoordinator] (Thread-636) [Consumer clientId=consumer-Consumer-topic-98ca1f93_d148_4c72_b7c2_52888a69407c-6, groupId=Consumer-topic-98ca1f93_d148_4c72_b7c2_52888a69407c] Request joining group due to: consumer pro-actively leaving the group
2025-08-07 20:31:09,980 INFO  [org.apa.kaf.com.met.Metrics] (Thread-636) Metrics scheduler closed
2025-08-07 20:31:09,980 INFO  [org.apa.kaf.com.met.Metrics] (Thread-636) Closing reporter org.apache.kafka.common.metrics.JmxReporter
2025-08-07 20:31:09,980 INFO  [org.apa.kaf.com.met.Metrics] (Thread-636) Closing reporter org.apache.kafka.common.telemetry.internals.ClientTelemetryReporter
2025-08-07 20:31:09,980 INFO  [org.apa.kaf.com.met.Metrics] (Thread-636) Metrics reporters closed
2025-08-07 20:31:09,984 INFO  [org.apa.kaf.com.uti.AppInfoParser] (Thread-636) App info kafka.consumer for consumer-Consumer-topic-98ca1f93_d148_4c72_b7c2_52888a69407c-6 unregistered
2025-08-07 20:31:09,985 INFO  [io.api.tes.uti.TestSeparator] (main) io.apicurio.tests.serdes.apicurio.AvroSerdeIT.testReflectAutoRegister-FINISHED
2025-08-07 20:31:09,985 INFO  [io.api.tes.uti.TestSeparator] (main) ############################################################################
Test passed: testReflectAutoRegister
]]></system-out>
  </testcase>
  <testcase name="testArtifactNotFound" classname="io.apicurio.tests.serdes.apicurio.AvroSerdeIT" time="0.417">
    <system-out><![CDATA[2025-08-07 20:31:09,988 INFO  [io.api.tes.uti.TestSeparator] (main) ############################################################################
2025-08-07 20:31:09,988 INFO  [io.api.tes.uti.TestSeparator] (main) io.apicurio.tests.serdes.apicurio.AvroSerdeIT.testArtifactNotFound-STARTED
**** Registry Base URL: http://registry-app-mysql.apps.ci419.apicurio-testing.org:80
2025-08-07 20:31:09,993 INFO  [org.apa.kaf.cli.pro.ProducerConfig] (main) ProducerConfig values: 
	acks = -1
	auto.include.jmx.reporter = true
	batch.size = 16384
	bootstrap.servers = [PLAINTEXT://localhost:32769]
	buffer.memory = 33554432
	client.dns.lookup = use_all_dns_ips
	client.id = Producer-s6fad591ax3c4ex400dxa96bxd9ac411ac200
	compression.gzip.level = -1
	compression.lz4.level = 9
	compression.type = none
	compression.zstd.level = 3
	connections.max.idle.ms = 10000
	delivery.timeout.ms = 120000
	enable.idempotence = true
	enable.metrics.push = true
	interceptor.classes = []
	key.serializer = class org.apache.kafka.common.serialization.StringSerializer
	linger.ms = 0
	max.block.ms = 60000
	max.in.flight.requests.per.connection = 5
	max.request.size = 1048576
	metadata.max.age.ms = 300000
	metadata.max.idle.ms = 300000
	metadata.recovery.strategy = none
	metric.reporters = []
	metrics.num.samples = 2
	metrics.recording.level = INFO
	metrics.sample.window.ms = 30000
	partitioner.adaptive.partitioning.enable = true
	partitioner.availability.timeout.ms = 0
	partitioner.class = null
	partitioner.ignore.keys = false
	receive.buffer.bytes = 32768
	reconnect.backoff.max.ms = 1000
	reconnect.backoff.ms = 50
	request.timeout.ms = 5000
	retries = 2147483647
	retry.backoff.max.ms = 1000
	retry.backoff.ms = 100
	sasl.client.callback.handler.class = null
	sasl.jaas.config = null
	sasl.kerberos.kinit.cmd = /usr/bin/kinit
	sasl.kerberos.min.time.before.relogin = 60000
	sasl.kerberos.service.name = null
	sasl.kerberos.ticket.renew.jitter = 0.05
	sasl.kerberos.ticket.renew.window.factor = 0.8
	sasl.login.callback.handler.class = null
	sasl.login.class = null
	sasl.login.connect.timeout.ms = null
	sasl.login.read.timeout.ms = null
	sasl.login.refresh.buffer.seconds = 300
	sasl.login.refresh.min.period.seconds = 60
	sasl.login.refresh.window.factor = 0.8
	sasl.login.refresh.window.jitter = 0.05
	sasl.login.retry.backoff.max.ms = 10000
	sasl.login.retry.backoff.ms = 100
	sasl.mechanism = GSSAPI
	sasl.oauthbearer.clock.skew.seconds = 30
	sasl.oauthbearer.expected.audience = null
	sasl.oauthbearer.expected.issuer = null
	sasl.oauthbearer.header.urlencode = false
	sasl.oauthbearer.jwks.endpoint.refresh.ms = 3600000
	sasl.oauthbearer.jwks.endpoint.retry.backoff.max.ms = 10000
	sasl.oauthbearer.jwks.endpoint.retry.backoff.ms = 100
	sasl.oauthbearer.jwks.endpoint.url = null
	sasl.oauthbearer.scope.claim.name = scope
	sasl.oauthbearer.sub.claim.name = sub
	sasl.oauthbearer.token.endpoint.url = null
	security.protocol = PLAINTEXT
	security.providers = null
	send.buffer.bytes = 131072
	socket.connection.setup.timeout.max.ms = 30000
	socket.connection.setup.timeout.ms = 10000
	ssl.cipher.suites = null
	ssl.enabled.protocols = [TLSv1.2, TLSv1.3]
	ssl.endpoint.identification.algorithm = https
	ssl.engine.factory.class = null
	ssl.key.password = null
	ssl.keymanager.algorithm = SunX509
	ssl.keystore.certificate.chain = null
	ssl.keystore.key = null
	ssl.keystore.location = null
	ssl.keystore.password = null
	ssl.keystore.type = JKS
	ssl.protocol = TLSv1.3
	ssl.provider = null
	ssl.secure.random.implementation = null
	ssl.trustmanager.algorithm = PKIX
	ssl.truststore.certificates = null
	ssl.truststore.location = null
	ssl.truststore.password = null
	ssl.truststore.type = JKS
	transaction.timeout.ms = 60000
	transactional.id = null
	value.serializer = class io.apicurio.registry.serde.avro.AvroKafkaSerializer

2025-08-07 20:31:09,994 INFO  [org.apa.kaf.com.tel.int.KafkaMetricsCollector] (main) initializing Kafka metrics collector
2025-08-07 20:31:10,000 INFO  [org.apa.kaf.cli.pro.KafkaProducer] (main) [Producer clientId=Producer-s6fad591ax3c4ex400dxa96bxd9ac411ac200] Instantiated an idempotent producer.
2025-08-07 20:31:10,008 INFO  [org.apa.kaf.cli.pro.ProducerConfig] (main) These configurations '[apicurio.registry.url, apicurio.registry.artifact-resolver-strategy]' were supplied but are not used yet.
2025-08-07 20:31:10,008 INFO  [org.apa.kaf.com.uti.AppInfoParser] (main) Kafka version: 3.9.1
2025-08-07 20:31:10,008 INFO  [org.apa.kaf.com.uti.AppInfoParser] (main) Kafka commitId: f745dfdcee2b9851
2025-08-07 20:31:10,008 INFO  [org.apa.kaf.com.uti.AppInfoParser] (main) Kafka startTimeMs: 1754598670008
2025-08-07 20:31:10,014 INFO  [io.api.tes.ser.api.KafkaSerdesTester] (Thread-639) Sending message {"keyB": "value-0"} to topic s6fad591ax3c4ex400dxa96bxd9ac411ac200
2025-08-07 20:31:10,021 WARN  [org.apa.kaf.cli.NetworkClient] (kafka-producer-network-thread | Producer-s6fad591ax3c4ex400dxa96bxd9ac411ac200) [Producer clientId=Producer-s6fad591ax3c4ex400dxa96bxd9ac411ac200] The metadata response from the cluster reported a recoverable issue with correlation id 1 : {s6fad591ax3c4ex400dxa96bxd9ac411ac200=UNKNOWN_TOPIC_OR_PARTITION}
2025-08-07 20:31:10,021 INFO  [org.apa.kaf.cli.Metadata] (kafka-producer-network-thread | Producer-s6fad591ax3c4ex400dxa96bxd9ac411ac200) [Producer clientId=Producer-s6fad591ax3c4ex400dxa96bxd9ac411ac200] Cluster ID: VsWUIKwhTKC56aKd3Rs4Pw
2025-08-07 20:31:10,024 INFO  [org.apa.kaf.cli.pro.int.TransactionManager] (kafka-producer-network-thread | Producer-s6fad591ax3c4ex400dxa96bxd9ac411ac200) [Producer clientId=Producer-s6fad591ax3c4ex400dxa96bxd9ac411ac200] ProducerId set to 7 with epoch 0
2025-08-07 20:31:10,136 INFO  [DefaultSchemaResolver] (Thread-639) Retrieving schema content using string: {"type":"record","name":"myrecord","namespace":"mygroup","fields":[{"name":"keyB","type":"string"}]}
2025-08-07 20:31:10,392 INFO  [org.apa.kaf.cli.pro.KafkaProducer] (Thread-639) [Producer clientId=Producer-s6fad591ax3c4ex400dxa96bxd9ac411ac200] Closing the Kafka producer with timeoutMillis = 9223372036854775807 ms.
2025-08-07 20:31:10,401 INFO  [org.apa.kaf.com.met.Metrics] (Thread-639) Metrics scheduler closed
2025-08-07 20:31:10,402 INFO  [org.apa.kaf.com.met.Metrics] (Thread-639) Closing reporter org.apache.kafka.common.metrics.JmxReporter
2025-08-07 20:31:10,402 INFO  [org.apa.kaf.com.met.Metrics] (Thread-639) Closing reporter org.apache.kafka.common.telemetry.internals.ClientTelemetryReporter
2025-08-07 20:31:10,402 INFO  [org.apa.kaf.com.met.Metrics] (Thread-639) Metrics reporters closed
2025-08-07 20:31:10,402 INFO  [org.apa.kaf.com.uti.AppInfoParser] (Thread-639) App info kafka.producer for Producer-s6fad591ax3c4ex400dxa96bxd9ac411ac200 unregistered
2025-08-07 20:31:10,402 INFO  [io.api.tes.uti.TestSeparator] (main) io.apicurio.tests.serdes.apicurio.AvroSerdeIT.testArtifactNotFound-FINISHED
2025-08-07 20:31:10,402 INFO  [io.api.tes.uti.TestSeparator] (main) ############################################################################
Test passed: testArtifactNotFound
]]></system-out>
    <system-err><![CDATA[java.lang.RuntimeException: Could not resolve artifact reference by content: {"type":"record","name":"myrecord","namespace":"mygroup","fields":[{"name":"keyB","type":"string"}]}&ArtifactReference [groupId=default, artifactId=s6fad591ax3c4ex400dxa96bxd9ac411ac200-value, version=null, globalId=null, contentId=null, contentHash=null]
	at io.apicurio.registry.resolver.DefaultSchemaResolver.lambda$handleResolveSchemaByContent$3(DefaultSchemaResolver.java:265)
	at io.apicurio.registry.resolver.cache.ERCache.lambda$getValue$0(ERCache.java:174)
	at io.apicurio.registry.resolver.cache.ERCache.retry(ERCache.java:227)
	at io.apicurio.registry.resolver.cache.ERCache.getValue(ERCache.java:173)
	at io.apicurio.registry.resolver.cache.ERCache.getByContent(ERCache.java:147)
	at io.apicurio.registry.resolver.DefaultSchemaResolver.handleResolveSchemaByContent(DefaultSchemaResolver.java:253)
	at io.apicurio.registry.resolver.DefaultSchemaResolver.getSchemaFromRegistry(DefaultSchemaResolver.java:138)
	at io.apicurio.registry.resolver.DefaultSchemaResolver.lambda$resolveSchema$0(DefaultSchemaResolver.java:84)
	at java.base/java.util.Optional.orElseGet(Optional.java:364)
	at io.apicurio.registry.resolver.DefaultSchemaResolver.resolveSchema(DefaultSchemaResolver.java:84)
	at io.apicurio.registry.serde.AbstractSerializer.serializeData(AbstractSerializer.java:62)
	at io.apicurio.registry.serde.KafkaSerializer.serialize(KafkaSerializer.java:77)
	at org.apache.kafka.clients.producer.KafkaProducer.doSend(KafkaProducer.java:1046)
	at org.apache.kafka.clients.producer.KafkaProducer.send(KafkaProducer.java:993)
	at org.apache.kafka.clients.producer.KafkaProducer.send(KafkaProducer.java:875)
	at io.apicurio.tests.serdes.apicurio.KafkaSerdesTester.lambda$produceMessages$3(KafkaSerdesTester.java:138)
	at java.base/java.util.concurrent.CompletableFuture$AsyncSupply.run(CompletableFuture.java:1768)
	at java.base/java.lang.Thread.run(Thread.java:840)
]]></system-err>
  </testcase>
  <testcase name="testAvroSerDesFailDifferentSchemaByRecordName" classname="io.apicurio.tests.serdes.apicurio.AvroSerdeIT" time="1.372">
    <system-out><![CDATA[2025-08-07 20:31:10,404 INFO  [io.api.tes.uti.TestSeparator] (main) ############################################################################
2025-08-07 20:31:10,404 INFO  [io.api.tes.uti.TestSeparator] (main) io.apicurio.tests.serdes.apicurio.AvroSerdeIT.testAvroSerDesFailDifferentSchemaByRecordName-STARTED
**** Registry Base URL: http://registry-app-mysql.apps.ci419.apicurio-testing.org:80
2025-08-07 20:31:11,605 INFO  [org.apa.kaf.cli.pro.ProducerConfig] (main) ProducerConfig values: 
	acks = -1
	auto.include.jmx.reporter = true
	batch.size = 16384
	bootstrap.servers = [PLAINTEXT://localhost:32769]
	buffer.memory = 33554432
	client.dns.lookup = use_all_dns_ips
	client.id = Producer-topic-a8e8b1c1_f9f8_497a_b500_0ad64dcca191
	compression.gzip.level = -1
	compression.lz4.level = 9
	compression.type = none
	compression.zstd.level = 3
	connections.max.idle.ms = 10000
	delivery.timeout.ms = 120000
	enable.idempotence = true
	enable.metrics.push = true
	interceptor.classes = []
	key.serializer = class org.apache.kafka.common.serialization.StringSerializer
	linger.ms = 0
	max.block.ms = 60000
	max.in.flight.requests.per.connection = 5
	max.request.size = 1048576
	metadata.max.age.ms = 300000
	metadata.max.idle.ms = 300000
	metadata.recovery.strategy = none
	metric.reporters = []
	metrics.num.samples = 2
	metrics.recording.level = INFO
	metrics.sample.window.ms = 30000
	partitioner.adaptive.partitioning.enable = true
	partitioner.availability.timeout.ms = 0
	partitioner.class = null
	partitioner.ignore.keys = false
	receive.buffer.bytes = 32768
	reconnect.backoff.max.ms = 1000
	reconnect.backoff.ms = 50
	request.timeout.ms = 5000
	retries = 2147483647
	retry.backoff.max.ms = 1000
	retry.backoff.ms = 100
	sasl.client.callback.handler.class = null
	sasl.jaas.config = null
	sasl.kerberos.kinit.cmd = /usr/bin/kinit
	sasl.kerberos.min.time.before.relogin = 60000
	sasl.kerberos.service.name = null
	sasl.kerberos.ticket.renew.jitter = 0.05
	sasl.kerberos.ticket.renew.window.factor = 0.8
	sasl.login.callback.handler.class = null
	sasl.login.class = null
	sasl.login.connect.timeout.ms = null
	sasl.login.read.timeout.ms = null
	sasl.login.refresh.buffer.seconds = 300
	sasl.login.refresh.min.period.seconds = 60
	sasl.login.refresh.window.factor = 0.8
	sasl.login.refresh.window.jitter = 0.05
	sasl.login.retry.backoff.max.ms = 10000
	sasl.login.retry.backoff.ms = 100
	sasl.mechanism = GSSAPI
	sasl.oauthbearer.clock.skew.seconds = 30
	sasl.oauthbearer.expected.audience = null
	sasl.oauthbearer.expected.issuer = null
	sasl.oauthbearer.header.urlencode = false
	sasl.oauthbearer.jwks.endpoint.refresh.ms = 3600000
	sasl.oauthbearer.jwks.endpoint.retry.backoff.max.ms = 10000
	sasl.oauthbearer.jwks.endpoint.retry.backoff.ms = 100
	sasl.oauthbearer.jwks.endpoint.url = null
	sasl.oauthbearer.scope.claim.name = scope
	sasl.oauthbearer.sub.claim.name = sub
	sasl.oauthbearer.token.endpoint.url = null
	security.protocol = PLAINTEXT
	security.providers = null
	send.buffer.bytes = 131072
	socket.connection.setup.timeout.max.ms = 30000
	socket.connection.setup.timeout.ms = 10000
	ssl.cipher.suites = null
	ssl.enabled.protocols = [TLSv1.2, TLSv1.3]
	ssl.endpoint.identification.algorithm = https
	ssl.engine.factory.class = null
	ssl.key.password = null
	ssl.keymanager.algorithm = SunX509
	ssl.keystore.certificate.chain = null
	ssl.keystore.key = null
	ssl.keystore.location = null
	ssl.keystore.password = null
	ssl.keystore.type = JKS
	ssl.protocol = TLSv1.3
	ssl.provider = null
	ssl.secure.random.implementation = null
	ssl.trustmanager.algorithm = PKIX
	ssl.truststore.certificates = null
	ssl.truststore.location = null
	ssl.truststore.password = null
	ssl.truststore.type = JKS
	transaction.timeout.ms = 60000
	transactional.id = null
	value.serializer = class io.apicurio.registry.serde.avro.AvroKafkaSerializer

2025-08-07 20:31:11,606 INFO  [org.apa.kaf.com.tel.int.KafkaMetricsCollector] (main) initializing Kafka metrics collector
2025-08-07 20:31:11,609 INFO  [org.apa.kaf.cli.pro.KafkaProducer] (main) [Producer clientId=Producer-topic-a8e8b1c1_f9f8_497a_b500_0ad64dcca191] Instantiated an idempotent producer.
2025-08-07 20:31:11,611 INFO  [org.apa.kaf.cli.pro.ProducerConfig] (main) These configurations '[apicurio.registry.find-latest, apicurio.registry.url, apicurio.registry.artifact-resolver-strategy]' were supplied but are not used yet.
2025-08-07 20:31:11,611 INFO  [org.apa.kaf.com.uti.AppInfoParser] (main) Kafka version: 3.9.1
2025-08-07 20:31:11,611 INFO  [org.apa.kaf.com.uti.AppInfoParser] (main) Kafka commitId: f745dfdcee2b9851
2025-08-07 20:31:11,611 INFO  [org.apa.kaf.com.uti.AppInfoParser] (main) Kafka startTimeMs: 1754598671611
2025-08-07 20:31:11,611 INFO  [io.api.tes.ser.api.KafkaSerdesTester] (Thread-642) Sending message {"keyB": "value-0"} to topic topic-a8e8b1c1_f9f8_497a_b500_0ad64dcca191
2025-08-07 20:31:11,615 INFO  [org.apa.kaf.cli.Metadata] (kafka-producer-network-thread | Producer-topic-a8e8b1c1_f9f8_497a_b500_0ad64dcca191) [Producer clientId=Producer-topic-a8e8b1c1_f9f8_497a_b500_0ad64dcca191] Cluster ID: VsWUIKwhTKC56aKd3Rs4Pw
2025-08-07 20:31:11,615 INFO  [org.apa.kaf.cli.pro.int.TransactionManager] (kafka-producer-network-thread | Producer-topic-a8e8b1c1_f9f8_497a_b500_0ad64dcca191) [Producer clientId=Producer-topic-a8e8b1c1_f9f8_497a_b500_0ad64dcca191] ProducerId set to 8 with epoch 0
2025-08-07 20:31:11,773 INFO  [org.apa.kaf.cli.pro.KafkaProducer] (Thread-642) [Producer clientId=Producer-topic-a8e8b1c1_f9f8_497a_b500_0ad64dcca191] Closing the Kafka producer with timeoutMillis = 9223372036854775807 ms.
2025-08-07 20:31:11,774 INFO  [org.apa.kaf.com.met.Metrics] (Thread-642) Metrics scheduler closed
2025-08-07 20:31:11,774 INFO  [org.apa.kaf.com.met.Metrics] (Thread-642) Closing reporter org.apache.kafka.common.metrics.JmxReporter
2025-08-07 20:31:11,774 INFO  [org.apa.kaf.com.met.Metrics] (Thread-642) Closing reporter org.apache.kafka.common.telemetry.internals.ClientTelemetryReporter
2025-08-07 20:31:11,774 INFO  [org.apa.kaf.com.met.Metrics] (Thread-642) Metrics reporters closed
2025-08-07 20:31:11,775 INFO  [org.apa.kaf.com.uti.AppInfoParser] (Thread-642) App info kafka.producer for Producer-topic-a8e8b1c1_f9f8_497a_b500_0ad64dcca191 unregistered
2025-08-07 20:31:11,775 INFO  [io.api.tes.uti.TestSeparator] (main) io.apicurio.tests.serdes.apicurio.AvroSerdeIT.testAvroSerDesFailDifferentSchemaByRecordName-FINISHED
2025-08-07 20:31:11,775 INFO  [io.api.tes.uti.TestSeparator] (main) ############################################################################
Test passed: testAvroSerDesFailDifferentSchemaByRecordName
]]></system-out>
    <system-err><![CDATA[io.apicurio.registry.rest.client.models.ProblemDetails
	at io.apicurio.registry.rest.client.models.ProblemDetails.createFromDiscriminatorValue(ProblemDetails.java:58)
	at io.kiota.serialization.json.JsonParseNode.getObjectValue(JsonParseNode.java:247)
	at io.kiota.http.vertx.VertXRequestAdapter.lambda$throwIfFailedResponse$0(VertXRequestAdapter.java:400)
	at com.microsoft.kiota.ApiExceptionBuilder.<init>(ApiExceptionBuilder.java:26)
	at io.kiota.http.vertx.VertXRequestAdapter.throwIfFailedResponse(VertXRequestAdapter.java:399)
	at io.kiota.http.vertx.VertXRequestAdapter.send(VertXRequestAdapter.java:170)
	at io.apicurio.registry.rest.client.groups.item.artifacts.item.versions.item.WithVersionExpressionItemRequestBuilder.get(WithVersionExpressionItemRequestBuilder.java:128)
	at io.apicurio.registry.rest.client.groups.item.artifacts.item.versions.item.WithVersionExpressionItemRequestBuilder.get(WithVersionExpressionItemRequestBuilder.java:111)
	at io.apicurio.registry.resolver.client.RegistryClientFacadeImpl.getVersionCoordinatesByGAV(RegistryClientFacadeImpl.java:159)
	at io.apicurio.registry.resolver.DefaultSchemaResolver.resolveByCoordinates(DefaultSchemaResolver.java:352)
	at io.apicurio.registry.resolver.DefaultSchemaResolver.lambda$resolveSchemaByArtifactReferenceCached$6(DefaultSchemaResolver.java:340)
	at io.apicurio.registry.resolver.cache.ERCache.lambda$getValue$0(ERCache.java:174)
	at io.apicurio.registry.resolver.cache.ERCache.retry(ERCache.java:227)
	at io.apicurio.registry.resolver.cache.ERCache.getValue(ERCache.java:173)
	at io.apicurio.registry.resolver.cache.ERCache.getByArtifactCoordinates(ERCache.java:158)
	at io.apicurio.registry.resolver.DefaultSchemaResolver.resolveSchemaByArtifactReferenceCached(DefaultSchemaResolver.java:338)
	at io.apicurio.registry.resolver.DefaultSchemaResolver.resolveSchemaByCoordinates(DefaultSchemaResolver.java:193)
	at io.apicurio.registry.resolver.DefaultSchemaResolver.getSchemaFromRegistry(DefaultSchemaResolver.java:130)
	at io.apicurio.registry.resolver.DefaultSchemaResolver.lambda$resolveSchema$0(DefaultSchemaResolver.java:84)
	at java.base/java.util.Optional.orElseGet(Optional.java:364)
	at io.apicurio.registry.resolver.DefaultSchemaResolver.resolveSchema(DefaultSchemaResolver.java:84)
	at io.apicurio.registry.serde.AbstractSerializer.serializeData(AbstractSerializer.java:62)
	at io.apicurio.registry.serde.KafkaSerializer.serialize(KafkaSerializer.java:77)
	at org.apache.kafka.clients.producer.KafkaProducer.doSend(KafkaProducer.java:1046)
	at org.apache.kafka.clients.producer.KafkaProducer.send(KafkaProducer.java:993)
	at org.apache.kafka.clients.producer.KafkaProducer.send(KafkaProducer.java:875)
	at io.apicurio.tests.serdes.apicurio.KafkaSerdesTester.lambda$produceMessages$3(KafkaSerdesTester.java:138)
	at java.base/java.util.concurrent.CompletableFuture$AsyncSupply.run(CompletableFuture.java:1768)
	at java.base/java.lang.Thread.run(Thread.java:840)
]]></system-err>
  </testcase>
  <testcase name="testTopicIdStrategyFindLatest" classname="io.apicurio.tests.serdes.apicurio.AvroSerdeIT" time="5.36">
    <system-out><![CDATA[2025-08-07 20:31:11,779 INFO  [io.api.tes.uti.TestSeparator] (main) ############################################################################
2025-08-07 20:31:11,779 INFO  [io.api.tes.uti.TestSeparator] (main) io.apicurio.tests.serdes.apicurio.AvroSerdeIT.testTopicIdStrategyFindLatest-STARTED
2025-08-07 20:31:11,779 INFO  [io.api.tes.ser.api.AvroSerdeIT] (main) Registering Avro Schema: {"type":"record","name":"myrecordapicurio1","fields":[{"name":"key11754598671779","type":"string"}]}
**** Registry Base URL: http://registry-app-mysql.apps.ci419.apicurio-testing.org:80
2025-08-07 20:31:12,960 INFO  [org.apa.kaf.cli.pro.ProducerConfig] (main) ProducerConfig values: 
	acks = -1
	auto.include.jmx.reporter = true
	batch.size = 16384
	bootstrap.servers = [PLAINTEXT://localhost:32769]
	buffer.memory = 33554432
	client.dns.lookup = use_all_dns_ips
	client.id = Producer-topic-ec791bc9_3657_4dd9_84c9_9984ac7e6432
	compression.gzip.level = -1
	compression.lz4.level = 9
	compression.type = none
	compression.zstd.level = 3
	connections.max.idle.ms = 10000
	delivery.timeout.ms = 120000
	enable.idempotence = true
	enable.metrics.push = true
	interceptor.classes = []
	key.serializer = class org.apache.kafka.common.serialization.StringSerializer
	linger.ms = 0
	max.block.ms = 60000
	max.in.flight.requests.per.connection = 5
	max.request.size = 1048576
	metadata.max.age.ms = 300000
	metadata.max.idle.ms = 300000
	metadata.recovery.strategy = none
	metric.reporters = []
	metrics.num.samples = 2
	metrics.recording.level = INFO
	metrics.sample.window.ms = 30000
	partitioner.adaptive.partitioning.enable = true
	partitioner.availability.timeout.ms = 0
	partitioner.class = null
	partitioner.ignore.keys = false
	receive.buffer.bytes = 32768
	reconnect.backoff.max.ms = 1000
	reconnect.backoff.ms = 50
	request.timeout.ms = 5000
	retries = 2147483647
	retry.backoff.max.ms = 1000
	retry.backoff.ms = 100
	sasl.client.callback.handler.class = null
	sasl.jaas.config = null
	sasl.kerberos.kinit.cmd = /usr/bin/kinit
	sasl.kerberos.min.time.before.relogin = 60000
	sasl.kerberos.service.name = null
	sasl.kerberos.ticket.renew.jitter = 0.05
	sasl.kerberos.ticket.renew.window.factor = 0.8
	sasl.login.callback.handler.class = null
	sasl.login.class = null
	sasl.login.connect.timeout.ms = null
	sasl.login.read.timeout.ms = null
	sasl.login.refresh.buffer.seconds = 300
	sasl.login.refresh.min.period.seconds = 60
	sasl.login.refresh.window.factor = 0.8
	sasl.login.refresh.window.jitter = 0.05
	sasl.login.retry.backoff.max.ms = 10000
	sasl.login.retry.backoff.ms = 100
	sasl.mechanism = GSSAPI
	sasl.oauthbearer.clock.skew.seconds = 30
	sasl.oauthbearer.expected.audience = null
	sasl.oauthbearer.expected.issuer = null
	sasl.oauthbearer.header.urlencode = false
	sasl.oauthbearer.jwks.endpoint.refresh.ms = 3600000
	sasl.oauthbearer.jwks.endpoint.retry.backoff.max.ms = 10000
	sasl.oauthbearer.jwks.endpoint.retry.backoff.ms = 100
	sasl.oauthbearer.jwks.endpoint.url = null
	sasl.oauthbearer.scope.claim.name = scope
	sasl.oauthbearer.sub.claim.name = sub
	sasl.oauthbearer.token.endpoint.url = null
	security.protocol = PLAINTEXT
	security.providers = null
	send.buffer.bytes = 131072
	socket.connection.setup.timeout.max.ms = 30000
	socket.connection.setup.timeout.ms = 10000
	ssl.cipher.suites = null
	ssl.enabled.protocols = [TLSv1.2, TLSv1.3]
	ssl.endpoint.identification.algorithm = https
	ssl.engine.factory.class = null
	ssl.key.password = null
	ssl.keymanager.algorithm = SunX509
	ssl.keystore.certificate.chain = null
	ssl.keystore.key = null
	ssl.keystore.location = null
	ssl.keystore.password = null
	ssl.keystore.type = JKS
	ssl.protocol = TLSv1.3
	ssl.provider = null
	ssl.secure.random.implementation = null
	ssl.trustmanager.algorithm = PKIX
	ssl.truststore.certificates = null
	ssl.truststore.location = null
	ssl.truststore.password = null
	ssl.truststore.type = JKS
	transaction.timeout.ms = 60000
	transactional.id = null
	value.serializer = class io.apicurio.registry.serde.avro.AvroKafkaSerializer

2025-08-07 20:31:12,960 INFO  [org.apa.kaf.com.tel.int.KafkaMetricsCollector] (main) initializing Kafka metrics collector
2025-08-07 20:31:12,963 INFO  [org.apa.kaf.cli.pro.KafkaProducer] (main) [Producer clientId=Producer-topic-ec791bc9_3657_4dd9_84c9_9984ac7e6432] Instantiated an idempotent producer.
2025-08-07 20:31:12,966 INFO  [org.apa.kaf.cli.pro.ProducerConfig] (main) These configurations '[apicurio.registry.find-latest, apicurio.registry.url, apicurio.registry.artifact-resolver-strategy]' were supplied but are not used yet.
2025-08-07 20:31:12,966 INFO  [org.apa.kaf.com.uti.AppInfoParser] (main) Kafka version: 3.9.1
2025-08-07 20:31:12,966 INFO  [org.apa.kaf.com.uti.AppInfoParser] (main) Kafka commitId: f745dfdcee2b9851
2025-08-07 20:31:12,966 INFO  [org.apa.kaf.com.uti.AppInfoParser] (main) Kafka startTimeMs: 1754598672966
2025-08-07 20:31:12,966 INFO  [io.api.tes.ser.api.SimpleSerdesTesterBuilder$SimpleSerdesTester] (main) Using producer configuration: {apicurio.registry.find-latest=true, apicurio.registry.url=http://registry-app-mysql.apps.ci419.apicurio-testing.org:80/apis/registry/v3, apicurio.registry.artifact-resolver-strategy=io.apicurio.registry.serde.strategy.TopicIdStrategy, value.serializer=io.apicurio.registry.serde.avro.AvroKafkaSerializer, request.timeout.ms=5000, acks=all, bootstrap.servers=PLAINTEXT://localhost:32769, connections.max.idle.ms=10000, key.serializer=org.apache.kafka.common.serialization.StringSerializer, client.id=Producer-topic-ec791bc9_3657_4dd9_84c9_9984ac7e6432}
2025-08-07 20:31:12,966 INFO  [io.api.tes.ser.api.SimpleSerdesTesterBuilder$SimpleSerdesTester] (main) Using consumer configuration: {}
2025-08-07 20:31:12,969 INFO  [io.api.tes.ser.api.KafkaSerdesTester] (Thread-645) Sending message {"key11754598671779": "value-0"} to topic topic-ec791bc9_3657_4dd9_84c9_9984ac7e6432
2025-08-07 20:31:12,971 INFO  [org.apa.kaf.cli.Metadata] (kafka-producer-network-thread | Producer-topic-ec791bc9_3657_4dd9_84c9_9984ac7e6432) [Producer clientId=Producer-topic-ec791bc9_3657_4dd9_84c9_9984ac7e6432] Cluster ID: VsWUIKwhTKC56aKd3Rs4Pw
2025-08-07 20:31:12,972 INFO  [org.apa.kaf.cli.pro.int.TransactionManager] (kafka-producer-network-thread | Producer-topic-ec791bc9_3657_4dd9_84c9_9984ac7e6432) [Producer clientId=Producer-topic-ec791bc9_3657_4dd9_84c9_9984ac7e6432] ProducerId set to 9 with epoch 0
2025-08-07 20:31:13,324 INFO  [io.api.tes.ser.api.KafkaSerdesTester] (Thread-645) Sending message {"key11754598671779": "value-1"} to topic topic-ec791bc9_3657_4dd9_84c9_9984ac7e6432
2025-08-07 20:31:13,326 INFO  [io.api.tes.ser.api.KafkaSerdesTester] (Thread-645) Sending message {"key11754598671779": "value-2"} to topic topic-ec791bc9_3657_4dd9_84c9_9984ac7e6432
2025-08-07 20:31:13,329 INFO  [io.api.tes.ser.api.KafkaSerdesTester] (Thread-645) Sending message {"key11754598671779": "value-3"} to topic topic-ec791bc9_3657_4dd9_84c9_9984ac7e6432
2025-08-07 20:31:13,332 INFO  [io.api.tes.ser.api.KafkaSerdesTester] (Thread-645) Sending message {"key11754598671779": "value-4"} to topic topic-ec791bc9_3657_4dd9_84c9_9984ac7e6432
2025-08-07 20:31:13,333 INFO  [io.api.tes.ser.api.KafkaSerdesTester] (Thread-645) Sending message {"key11754598671779": "value-5"} to topic topic-ec791bc9_3657_4dd9_84c9_9984ac7e6432
2025-08-07 20:31:13,335 INFO  [io.api.tes.ser.api.KafkaSerdesTester] (Thread-645) Sending message {"key11754598671779": "value-6"} to topic topic-ec791bc9_3657_4dd9_84c9_9984ac7e6432
2025-08-07 20:31:13,337 INFO  [io.api.tes.ser.api.KafkaSerdesTester] (Thread-645) Sending message {"key11754598671779": "value-7"} to topic topic-ec791bc9_3657_4dd9_84c9_9984ac7e6432
2025-08-07 20:31:13,342 INFO  [io.api.tes.ser.api.KafkaSerdesTester] (Thread-645) Sending message {"key11754598671779": "value-8"} to topic topic-ec791bc9_3657_4dd9_84c9_9984ac7e6432
2025-08-07 20:31:13,344 INFO  [io.api.tes.ser.api.KafkaSerdesTester] (Thread-645) Sending message {"key11754598671779": "value-9"} to topic topic-ec791bc9_3657_4dd9_84c9_9984ac7e6432
2025-08-07 20:31:13,347 INFO  [io.api.tes.ser.api.KafkaSerdesTester] (Thread-645) Produced 10 messages
2025-08-07 20:31:13,347 INFO  [org.apa.kaf.cli.pro.KafkaProducer] (Thread-645) [Producer clientId=Producer-topic-ec791bc9_3657_4dd9_84c9_9984ac7e6432] Closing the Kafka producer with timeoutMillis = 9223372036854775807 ms.
2025-08-07 20:31:13,350 INFO  [org.apa.kaf.com.met.Metrics] (Thread-645) Metrics scheduler closed
2025-08-07 20:31:13,350 INFO  [org.apa.kaf.com.met.Metrics] (Thread-645) Closing reporter org.apache.kafka.common.metrics.JmxReporter
2025-08-07 20:31:13,350 INFO  [org.apa.kaf.com.met.Metrics] (Thread-645) Closing reporter org.apache.kafka.common.telemetry.internals.ClientTelemetryReporter
2025-08-07 20:31:13,350 INFO  [org.apa.kaf.com.met.Metrics] (Thread-645) Metrics reporters closed
2025-08-07 20:31:13,351 INFO  [org.apa.kaf.com.uti.AppInfoParser] (Thread-645) App info kafka.producer for Producer-topic-ec791bc9_3657_4dd9_84c9_9984ac7e6432 unregistered
**** Registry Base URL: http://registry-app-mysql.apps.ci419.apicurio-testing.org:80
2025-08-07 20:31:13,351 INFO  [org.apa.kaf.cli.con.ConsumerConfig] (main) ConsumerConfig values: 
	allow.auto.create.topics = true
	auto.commit.interval.ms = 500
	auto.include.jmx.reporter = true
	auto.offset.reset = earliest
	bootstrap.servers = [PLAINTEXT://localhost:32769]
	check.crcs = true
	client.dns.lookup = use_all_dns_ips
	client.id = consumer-Consumer-topic-ec791bc9_3657_4dd9_84c9_9984ac7e6432-7
	client.rack = 
	connections.max.idle.ms = 10000
	default.api.timeout.ms = 60000
	enable.auto.commit = true
	enable.metrics.push = true
	exclude.internal.topics = true
	fetch.max.bytes = 52428800
	fetch.max.wait.ms = 500
	fetch.min.bytes = 1
	group.id = Consumer-topic-ec791bc9_3657_4dd9_84c9_9984ac7e6432
	group.instance.id = null
	group.protocol = classic
	group.remote.assignor = null
	heartbeat.interval.ms = 3000
	interceptor.classes = []
	internal.leave.group.on.close = true
	internal.throw.on.fetch.stable.offset.unsupported = false
	isolation.level = read_uncommitted
	key.deserializer = class org.apache.kafka.common.serialization.StringDeserializer
	max.partition.fetch.bytes = 1048576
	max.poll.interval.ms = 300000
	max.poll.records = 500
	metadata.max.age.ms = 300000
	metadata.recovery.strategy = none
	metric.reporters = []
	metrics.num.samples = 2
	metrics.recording.level = INFO
	metrics.sample.window.ms = 30000
	partition.assignment.strategy = [class org.apache.kafka.clients.consumer.RangeAssignor, class org.apache.kafka.clients.consumer.CooperativeStickyAssignor]
	receive.buffer.bytes = 65536
	reconnect.backoff.max.ms = 1000
	reconnect.backoff.ms = 50
	request.timeout.ms = 5000
	retry.backoff.max.ms = 1000
	retry.backoff.ms = 100
	sasl.client.callback.handler.class = null
	sasl.jaas.config = null
	sasl.kerberos.kinit.cmd = /usr/bin/kinit
	sasl.kerberos.min.time.before.relogin = 60000
	sasl.kerberos.service.name = null
	sasl.kerberos.ticket.renew.jitter = 0.05
	sasl.kerberos.ticket.renew.window.factor = 0.8
	sasl.login.callback.handler.class = null
	sasl.login.class = null
	sasl.login.connect.timeout.ms = null
	sasl.login.read.timeout.ms = null
	sasl.login.refresh.buffer.seconds = 300
	sasl.login.refresh.min.period.seconds = 60
	sasl.login.refresh.window.factor = 0.8
	sasl.login.refresh.window.jitter = 0.05
	sasl.login.retry.backoff.max.ms = 10000
	sasl.login.retry.backoff.ms = 100
	sasl.mechanism = GSSAPI
	sasl.oauthbearer.clock.skew.seconds = 30
	sasl.oauthbearer.expected.audience = null
	sasl.oauthbearer.expected.issuer = null
	sasl.oauthbearer.header.urlencode = false
	sasl.oauthbearer.jwks.endpoint.refresh.ms = 3600000
	sasl.oauthbearer.jwks.endpoint.retry.backoff.max.ms = 10000
	sasl.oauthbearer.jwks.endpoint.retry.backoff.ms = 100
	sasl.oauthbearer.jwks.endpoint.url = null
	sasl.oauthbearer.scope.claim.name = scope
	sasl.oauthbearer.sub.claim.name = sub
	sasl.oauthbearer.token.endpoint.url = null
	security.protocol = PLAINTEXT
	security.providers = null
	send.buffer.bytes = 131072
	session.timeout.ms = 45000
	socket.connection.setup.timeout.max.ms = 30000
	socket.connection.setup.timeout.ms = 10000
	ssl.cipher.suites = null
	ssl.enabled.protocols = [TLSv1.2, TLSv1.3]
	ssl.endpoint.identification.algorithm = https
	ssl.engine.factory.class = null
	ssl.key.password = null
	ssl.keymanager.algorithm = SunX509
	ssl.keystore.certificate.chain = null
	ssl.keystore.key = null
	ssl.keystore.location = null
	ssl.keystore.password = null
	ssl.keystore.type = JKS
	ssl.protocol = TLSv1.3
	ssl.provider = null
	ssl.secure.random.implementation = null
	ssl.trustmanager.algorithm = PKIX
	ssl.truststore.certificates = null
	ssl.truststore.location = null
	ssl.truststore.password = null
	ssl.truststore.type = JKS
	value.deserializer = class io.apicurio.registry.serde.avro.AvroKafkaDeserializer

2025-08-07 20:31:13,352 INFO  [org.apa.kaf.com.tel.int.KafkaMetricsCollector] (main) initializing Kafka metrics collector
2025-08-07 20:31:13,359 INFO  [org.apa.kaf.cli.con.ConsumerConfig] (main) These configurations '[apicurio.registry.url]' were supplied but are not used yet.
2025-08-07 20:31:13,359 INFO  [org.apa.kaf.com.uti.AppInfoParser] (main) Kafka version: 3.9.1
2025-08-07 20:31:13,359 INFO  [org.apa.kaf.com.uti.AppInfoParser] (main) Kafka commitId: f745dfdcee2b9851
2025-08-07 20:31:13,359 INFO  [org.apa.kaf.com.uti.AppInfoParser] (main) Kafka startTimeMs: 1754598673359
2025-08-07 20:31:13,361 INFO  [org.apa.kaf.cli.con.int.ClassicKafkaConsumer] (Thread-648) [Consumer clientId=consumer-Consumer-topic-ec791bc9_3657_4dd9_84c9_9984ac7e6432-7, groupId=Consumer-topic-ec791bc9_3657_4dd9_84c9_9984ac7e6432] Subscribed to topic(s): topic-ec791bc9_3657_4dd9_84c9_9984ac7e6432
2025-08-07 20:31:13,367 INFO  [org.apa.kaf.cli.Metadata] (Thread-648) [Consumer clientId=consumer-Consumer-topic-ec791bc9_3657_4dd9_84c9_9984ac7e6432-7, groupId=Consumer-topic-ec791bc9_3657_4dd9_84c9_9984ac7e6432] Cluster ID: VsWUIKwhTKC56aKd3Rs4Pw
2025-08-07 20:31:13,368 INFO  [org.apa.kaf.cli.con.int.ConsumerCoordinator] (Thread-648) [Consumer clientId=consumer-Consumer-topic-ec791bc9_3657_4dd9_84c9_9984ac7e6432-7, groupId=Consumer-topic-ec791bc9_3657_4dd9_84c9_9984ac7e6432] Discovered group coordinator localhost:32769 (id: 2147483647 rack: null)
2025-08-07 20:31:13,369 INFO  [org.apa.kaf.cli.con.int.ConsumerCoordinator] (Thread-648) [Consumer clientId=consumer-Consumer-topic-ec791bc9_3657_4dd9_84c9_9984ac7e6432-7, groupId=Consumer-topic-ec791bc9_3657_4dd9_84c9_9984ac7e6432] (Re-)joining group
2025-08-07 20:31:13,374 INFO  [org.apa.kaf.cli.con.int.ConsumerCoordinator] (Thread-648) [Consumer clientId=consumer-Consumer-topic-ec791bc9_3657_4dd9_84c9_9984ac7e6432-7, groupId=Consumer-topic-ec791bc9_3657_4dd9_84c9_9984ac7e6432] Request joining group due to: need to re-join with the given member-id: consumer-Consumer-topic-ec791bc9_3657_4dd9_84c9_9984ac7e6432-7-88c84c84-b44c-4675-9464-3aad725558c1
2025-08-07 20:31:13,374 INFO  [org.apa.kaf.cli.con.int.ConsumerCoordinator] (Thread-648) [Consumer clientId=consumer-Consumer-topic-ec791bc9_3657_4dd9_84c9_9984ac7e6432-7, groupId=Consumer-topic-ec791bc9_3657_4dd9_84c9_9984ac7e6432] (Re-)joining group
2025-08-07 20:31:14,361 INFO  [io.api.tes.ser.api.KafkaSerdesTester] (Thread-648) None found
2025-08-07 20:31:15,361 INFO  [io.api.tes.ser.api.KafkaSerdesTester] (Thread-648) None found
2025-08-07 20:31:16,362 INFO  [io.api.tes.ser.api.KafkaSerdesTester] (Thread-648) None found
2025-08-07 20:31:16,376 INFO  [org.apa.kaf.cli.con.int.ConsumerCoordinator] (Thread-648) [Consumer clientId=consumer-Consumer-topic-ec791bc9_3657_4dd9_84c9_9984ac7e6432-7, groupId=Consumer-topic-ec791bc9_3657_4dd9_84c9_9984ac7e6432] Successfully joined group with generation Generation{generationId=1, memberId='consumer-Consumer-topic-ec791bc9_3657_4dd9_84c9_9984ac7e6432-7-88c84c84-b44c-4675-9464-3aad725558c1', protocol='range'}
2025-08-07 20:31:16,377 INFO  [org.apa.kaf.cli.con.int.ConsumerCoordinator] (Thread-648) [Consumer clientId=consumer-Consumer-topic-ec791bc9_3657_4dd9_84c9_9984ac7e6432-7, groupId=Consumer-topic-ec791bc9_3657_4dd9_84c9_9984ac7e6432] Finished assignment for group at generation 1: {consumer-Consumer-topic-ec791bc9_3657_4dd9_84c9_9984ac7e6432-7-88c84c84-b44c-4675-9464-3aad725558c1=Assignment(partitions=[topic-ec791bc9_3657_4dd9_84c9_9984ac7e6432-0])}
2025-08-07 20:31:16,386 INFO  [org.apa.kaf.cli.con.int.ConsumerCoordinator] (Thread-648) [Consumer clientId=consumer-Consumer-topic-ec791bc9_3657_4dd9_84c9_9984ac7e6432-7, groupId=Consumer-topic-ec791bc9_3657_4dd9_84c9_9984ac7e6432] Successfully synced group in generation Generation{generationId=1, memberId='consumer-Consumer-topic-ec791bc9_3657_4dd9_84c9_9984ac7e6432-7-88c84c84-b44c-4675-9464-3aad725558c1', protocol='range'}
2025-08-07 20:31:16,386 INFO  [org.apa.kaf.cli.con.int.ConsumerCoordinator] (Thread-648) [Consumer clientId=consumer-Consumer-topic-ec791bc9_3657_4dd9_84c9_9984ac7e6432-7, groupId=Consumer-topic-ec791bc9_3657_4dd9_84c9_9984ac7e6432] Notifying assignor about the new Assignment(partitions=[topic-ec791bc9_3657_4dd9_84c9_9984ac7e6432-0])
2025-08-07 20:31:16,386 INFO  [org.apa.kaf.cli.con.int.ConsumerRebalanceListenerInvoker] (Thread-648) [Consumer clientId=consumer-Consumer-topic-ec791bc9_3657_4dd9_84c9_9984ac7e6432-7, groupId=Consumer-topic-ec791bc9_3657_4dd9_84c9_9984ac7e6432] Adding newly assigned partitions: topic-ec791bc9_3657_4dd9_84c9_9984ac7e6432-0
2025-08-07 20:31:16,387 INFO  [org.apa.kaf.cli.con.int.ConsumerCoordinator] (Thread-648) [Consumer clientId=consumer-Consumer-topic-ec791bc9_3657_4dd9_84c9_9984ac7e6432-7, groupId=Consumer-topic-ec791bc9_3657_4dd9_84c9_9984ac7e6432] Found no committed offset for partition topic-ec791bc9_3657_4dd9_84c9_9984ac7e6432-0
2025-08-07 20:31:16,390 INFO  [org.apa.kaf.cli.con.int.SubscriptionState] (Thread-648) [Consumer clientId=consumer-Consumer-topic-ec791bc9_3657_4dd9_84c9_9984ac7e6432-7, groupId=Consumer-topic-ec791bc9_3657_4dd9_84c9_9984ac7e6432] Resetting offset for partition topic-ec791bc9_3657_4dd9_84c9_9984ac7e6432-0 to position FetchPosition{offset=0, offsetEpoch=Optional.empty, currentLeader=LeaderAndEpoch{leader=Optional[localhost:32769 (id: 0 rack: null)], epoch=0}}.
2025-08-07 20:31:16,629 INFO  [io.api.tes.ser.api.KafkaSerdesTester] (Thread-648) topic-ec791bc9_3657_4dd9_84c9_9984ac7e6432 0 0 {"key11754598671779": "value-0"}
2025-08-07 20:31:16,629 INFO  [io.api.tes.ser.api.KafkaSerdesTester] (Thread-648) topic-ec791bc9_3657_4dd9_84c9_9984ac7e6432 0 1 {"key11754598671779": "value-1"}
2025-08-07 20:31:16,629 INFO  [io.api.tes.ser.api.KafkaSerdesTester] (Thread-648) topic-ec791bc9_3657_4dd9_84c9_9984ac7e6432 0 2 {"key11754598671779": "value-2"}
2025-08-07 20:31:16,629 INFO  [io.api.tes.ser.api.KafkaSerdesTester] (Thread-648) topic-ec791bc9_3657_4dd9_84c9_9984ac7e6432 0 3 {"key11754598671779": "value-3"}
2025-08-07 20:31:16,629 INFO  [io.api.tes.ser.api.KafkaSerdesTester] (Thread-648) topic-ec791bc9_3657_4dd9_84c9_9984ac7e6432 0 4 {"key11754598671779": "value-4"}
2025-08-07 20:31:16,629 INFO  [io.api.tes.ser.api.KafkaSerdesTester] (Thread-648) topic-ec791bc9_3657_4dd9_84c9_9984ac7e6432 0 5 {"key11754598671779": "value-5"}
2025-08-07 20:31:16,629 INFO  [io.api.tes.ser.api.KafkaSerdesTester] (Thread-648) topic-ec791bc9_3657_4dd9_84c9_9984ac7e6432 0 6 {"key11754598671779": "value-6"}
2025-08-07 20:31:16,629 INFO  [io.api.tes.ser.api.KafkaSerdesTester] (Thread-648) topic-ec791bc9_3657_4dd9_84c9_9984ac7e6432 0 7 {"key11754598671779": "value-7"}
2025-08-07 20:31:16,629 INFO  [io.api.tes.ser.api.KafkaSerdesTester] (Thread-648) topic-ec791bc9_3657_4dd9_84c9_9984ac7e6432 0 8 {"key11754598671779": "value-8"}
2025-08-07 20:31:16,629 INFO  [io.api.tes.ser.api.KafkaSerdesTester] (Thread-648) topic-ec791bc9_3657_4dd9_84c9_9984ac7e6432 0 9 {"key11754598671779": "value-9"}
2025-08-07 20:31:16,629 INFO  [io.api.tes.ser.api.KafkaSerdesTester] (Thread-648) Consumed 10 messages
2025-08-07 20:31:16,638 INFO  [org.apa.kaf.cli.con.int.ConsumerRebalanceListenerInvoker] (Thread-648) [Consumer clientId=consumer-Consumer-topic-ec791bc9_3657_4dd9_84c9_9984ac7e6432-7, groupId=Consumer-topic-ec791bc9_3657_4dd9_84c9_9984ac7e6432] Revoke previously assigned partitions topic-ec791bc9_3657_4dd9_84c9_9984ac7e6432-0
2025-08-07 20:31:16,639 INFO  [org.apa.kaf.cli.con.int.ConsumerCoordinator] (Thread-648) [Consumer clientId=consumer-Consumer-topic-ec791bc9_3657_4dd9_84c9_9984ac7e6432-7, groupId=Consumer-topic-ec791bc9_3657_4dd9_84c9_9984ac7e6432] Member consumer-Consumer-topic-ec791bc9_3657_4dd9_84c9_9984ac7e6432-7-88c84c84-b44c-4675-9464-3aad725558c1 sending LeaveGroup request to coordinator localhost:32769 (id: 2147483647 rack: null) due to the consumer is being closed
2025-08-07 20:31:16,639 INFO  [org.apa.kaf.cli.con.int.ConsumerCoordinator] (Thread-648) [Consumer clientId=consumer-Consumer-topic-ec791bc9_3657_4dd9_84c9_9984ac7e6432-7, groupId=Consumer-topic-ec791bc9_3657_4dd9_84c9_9984ac7e6432] Resetting generation and member id due to: consumer pro-actively leaving the group
2025-08-07 20:31:16,640 INFO  [org.apa.kaf.cli.con.int.ConsumerCoordinator] (Thread-648) [Consumer clientId=consumer-Consumer-topic-ec791bc9_3657_4dd9_84c9_9984ac7e6432-7, groupId=Consumer-topic-ec791bc9_3657_4dd9_84c9_9984ac7e6432] Request joining group due to: consumer pro-actively leaving the group
2025-08-07 20:31:17,132 INFO  [org.apa.kaf.com.met.Metrics] (Thread-648) Metrics scheduler closed
2025-08-07 20:31:17,132 INFO  [org.apa.kaf.com.met.Metrics] (Thread-648) Closing reporter org.apache.kafka.common.metrics.JmxReporter
2025-08-07 20:31:17,132 INFO  [org.apa.kaf.com.met.Metrics] (Thread-648) Closing reporter org.apache.kafka.common.telemetry.internals.ClientTelemetryReporter
2025-08-07 20:31:17,132 INFO  [org.apa.kaf.com.met.Metrics] (Thread-648) Metrics reporters closed
2025-08-07 20:31:17,135 INFO  [org.apa.kaf.com.uti.AppInfoParser] (Thread-648) App info kafka.consumer for consumer-Consumer-topic-ec791bc9_3657_4dd9_84c9_9984ac7e6432-7 unregistered
2025-08-07 20:31:17,137 INFO  [io.api.tes.uti.TestSeparator] (main) io.apicurio.tests.serdes.apicurio.AvroSerdeIT.testTopicIdStrategyFindLatest-FINISHED
2025-08-07 20:31:17,137 INFO  [io.api.tes.uti.TestSeparator] (main) ############################################################################
Test passed: testTopicIdStrategyFindLatest
]]></system-out>
  </testcase>
  <testcase name="testAvroUnionWithSpecificReader" classname="io.apicurio.tests.serdes.apicurio.AvroSerdeIT" time="4.815">
    <system-out><![CDATA[2025-08-07 20:31:17,141 INFO  [io.api.tes.uti.TestSeparator] (main) ############################################################################
2025-08-07 20:31:17,141 INFO  [io.api.tes.uti.TestSeparator] (main) io.apicurio.tests.serdes.apicurio.AvroSerdeIT.testAvroUnionWithSpecificReader-STARTED
**** Registry Base URL: http://registry-app-mysql.apps.ci419.apicurio-testing.org:80
2025-08-07 20:31:17,150 INFO  [org.apa.kaf.cli.pro.ProducerConfig] (main) ProducerConfig values: 
	acks = -1
	auto.include.jmx.reporter = true
	batch.size = 16384
	bootstrap.servers = [PLAINTEXT://localhost:32769]
	buffer.memory = 33554432
	client.dns.lookup = use_all_dns_ips
	client.id = Producer-topic-75043eb6_e262_41a5_8079_a85bcab5c974
	compression.gzip.level = -1
	compression.lz4.level = 9
	compression.type = none
	compression.zstd.level = 3
	connections.max.idle.ms = 10000
	delivery.timeout.ms = 120000
	enable.idempotence = true
	enable.metrics.push = true
	interceptor.classes = []
	key.serializer = class org.apache.kafka.common.serialization.StringSerializer
	linger.ms = 0
	max.block.ms = 60000
	max.in.flight.requests.per.connection = 5
	max.request.size = 1048576
	metadata.max.age.ms = 300000
	metadata.max.idle.ms = 300000
	metadata.recovery.strategy = none
	metric.reporters = []
	metrics.num.samples = 2
	metrics.recording.level = INFO
	metrics.sample.window.ms = 30000
	partitioner.adaptive.partitioning.enable = true
	partitioner.availability.timeout.ms = 0
	partitioner.class = null
	partitioner.ignore.keys = false
	receive.buffer.bytes = 32768
	reconnect.backoff.max.ms = 1000
	reconnect.backoff.ms = 50
	request.timeout.ms = 5000
	retries = 2147483647
	retry.backoff.max.ms = 1000
	retry.backoff.ms = 100
	sasl.client.callback.handler.class = null
	sasl.jaas.config = null
	sasl.kerberos.kinit.cmd = /usr/bin/kinit
	sasl.kerberos.min.time.before.relogin = 60000
	sasl.kerberos.service.name = null
	sasl.kerberos.ticket.renew.jitter = 0.05
	sasl.kerberos.ticket.renew.window.factor = 0.8
	sasl.login.callback.handler.class = null
	sasl.login.class = null
	sasl.login.connect.timeout.ms = null
	sasl.login.read.timeout.ms = null
	sasl.login.refresh.buffer.seconds = 300
	sasl.login.refresh.min.period.seconds = 60
	sasl.login.refresh.window.factor = 0.8
	sasl.login.refresh.window.jitter = 0.05
	sasl.login.retry.backoff.max.ms = 10000
	sasl.login.retry.backoff.ms = 100
	sasl.mechanism = GSSAPI
	sasl.oauthbearer.clock.skew.seconds = 30
	sasl.oauthbearer.expected.audience = null
	sasl.oauthbearer.expected.issuer = null
	sasl.oauthbearer.header.urlencode = false
	sasl.oauthbearer.jwks.endpoint.refresh.ms = 3600000
	sasl.oauthbearer.jwks.endpoint.retry.backoff.max.ms = 10000
	sasl.oauthbearer.jwks.endpoint.retry.backoff.ms = 100
	sasl.oauthbearer.jwks.endpoint.url = null
	sasl.oauthbearer.scope.claim.name = scope
	sasl.oauthbearer.sub.claim.name = sub
	sasl.oauthbearer.token.endpoint.url = null
	security.protocol = PLAINTEXT
	security.providers = null
	send.buffer.bytes = 131072
	socket.connection.setup.timeout.max.ms = 30000
	socket.connection.setup.timeout.ms = 10000
	ssl.cipher.suites = null
	ssl.enabled.protocols = [TLSv1.2, TLSv1.3]
	ssl.endpoint.identification.algorithm = https
	ssl.engine.factory.class = null
	ssl.key.password = null
	ssl.keymanager.algorithm = SunX509
	ssl.keystore.certificate.chain = null
	ssl.keystore.key = null
	ssl.keystore.location = null
	ssl.keystore.password = null
	ssl.keystore.type = JKS
	ssl.protocol = TLSv1.3
	ssl.provider = null
	ssl.secure.random.implementation = null
	ssl.trustmanager.algorithm = PKIX
	ssl.truststore.certificates = null
	ssl.truststore.location = null
	ssl.truststore.password = null
	ssl.truststore.type = JKS
	transaction.timeout.ms = 60000
	transactional.id = null
	value.serializer = class io.apicurio.registry.serde.avro.AvroKafkaSerializer

2025-08-07 20:31:17,150 INFO  [org.apa.kaf.com.tel.int.KafkaMetricsCollector] (main) initializing Kafka metrics collector
2025-08-07 20:31:17,157 INFO  [org.apa.kaf.cli.pro.KafkaProducer] (main) [Producer clientId=Producer-topic-75043eb6_e262_41a5_8079_a85bcab5c974] Instantiated an idempotent producer.
2025-08-07 20:31:17,159 INFO  [org.apa.kaf.cli.pro.ProducerConfig] (main) These configurations '[apicurio.registry.url, apicurio.registry.auto-register, apicurio.registry.artifact-resolver-strategy]' were supplied but are not used yet.
2025-08-07 20:31:17,159 INFO  [org.apa.kaf.com.uti.AppInfoParser] (main) Kafka version: 3.9.1
2025-08-07 20:31:17,159 INFO  [org.apa.kaf.com.uti.AppInfoParser] (main) Kafka commitId: f745dfdcee2b9851
2025-08-07 20:31:17,159 INFO  [org.apa.kaf.com.uti.AppInfoParser] (main) Kafka startTimeMs: 1754598677159
2025-08-07 20:31:17,159 INFO  [io.api.tes.ser.api.SimpleSerdesTesterBuilder$SimpleSerdesTester] (main) Using producer configuration: {apicurio.registry.url=http://registry-app-mysql.apps.ci419.apicurio-testing.org:80/apis/registry/v3, apicurio.registry.auto-register=true, apicurio.registry.artifact-resolver-strategy=io.apicurio.registry.serde.strategy.TopicIdStrategy, value.serializer=io.apicurio.registry.serde.avro.AvroKafkaSerializer, request.timeout.ms=5000, acks=all, bootstrap.servers=PLAINTEXT://localhost:32769, connections.max.idle.ms=10000, key.serializer=org.apache.kafka.common.serialization.StringSerializer, client.id=Producer-topic-75043eb6_e262_41a5_8079_a85bcab5c974}
2025-08-07 20:31:17,159 INFO  [io.api.tes.ser.api.SimpleSerdesTesterBuilder$SimpleSerdesTester] (main) Using consumer configuration: {}
2025-08-07 20:31:17,162 INFO  [io.api.tes.ser.api.KafkaSerdesTester] (Thread-651) Sending message {"id": "record-0"} to topic topic-75043eb6_e262_41a5_8079_a85bcab5c974
2025-08-07 20:31:17,165 WARN  [org.apa.kaf.cli.NetworkClient] (kafka-producer-network-thread | Producer-topic-75043eb6_e262_41a5_8079_a85bcab5c974) [Producer clientId=Producer-topic-75043eb6_e262_41a5_8079_a85bcab5c974] The metadata response from the cluster reported a recoverable issue with correlation id 1 : {topic-75043eb6_e262_41a5_8079_a85bcab5c974=UNKNOWN_TOPIC_OR_PARTITION}
2025-08-07 20:31:17,165 INFO  [org.apa.kaf.cli.Metadata] (kafka-producer-network-thread | Producer-topic-75043eb6_e262_41a5_8079_a85bcab5c974) [Producer clientId=Producer-topic-75043eb6_e262_41a5_8079_a85bcab5c974] Cluster ID: VsWUIKwhTKC56aKd3Rs4Pw
2025-08-07 20:31:17,165 INFO  [org.apa.kaf.cli.pro.int.TransactionManager] (kafka-producer-network-thread | Producer-topic-75043eb6_e262_41a5_8079_a85bcab5c974) [Producer clientId=Producer-topic-75043eb6_e262_41a5_8079_a85bcab5c974] ProducerId set to 10 with epoch 0
2025-08-07 20:31:17,466 INFO  [io.api.tes.ser.api.KafkaSerdesTester] (Thread-651) Sending message {"value": 1} to topic topic-75043eb6_e262_41a5_8079_a85bcab5c974
2025-08-07 20:31:17,601 INFO  [io.api.tes.ser.api.KafkaSerdesTester] (Thread-651) Sending message {"active": true} to topic topic-75043eb6_e262_41a5_8079_a85bcab5c974
2025-08-07 20:31:17,731 INFO  [io.api.tes.ser.api.KafkaSerdesTester] (Thread-651) Sending message {"id": "record-3"} to topic topic-75043eb6_e262_41a5_8079_a85bcab5c974
2025-08-07 20:31:17,734 INFO  [io.api.tes.ser.api.KafkaSerdesTester] (Thread-651) Sending message {"value": 4} to topic topic-75043eb6_e262_41a5_8079_a85bcab5c974
2025-08-07 20:31:17,737 INFO  [io.api.tes.ser.api.KafkaSerdesTester] (Thread-651) Sending message {"active": false} to topic topic-75043eb6_e262_41a5_8079_a85bcab5c974
2025-08-07 20:31:17,742 INFO  [io.api.tes.ser.api.KafkaSerdesTester] (Thread-651) Sending message {"id": "record-6"} to topic topic-75043eb6_e262_41a5_8079_a85bcab5c974
2025-08-07 20:31:17,746 INFO  [io.api.tes.ser.api.KafkaSerdesTester] (Thread-651) Sending message {"value": 7} to topic topic-75043eb6_e262_41a5_8079_a85bcab5c974
2025-08-07 20:31:17,747 INFO  [io.api.tes.ser.api.KafkaSerdesTester] (Thread-651) Sending message {"active": true} to topic topic-75043eb6_e262_41a5_8079_a85bcab5c974
2025-08-07 20:31:17,750 INFO  [io.api.tes.ser.api.KafkaSerdesTester] (Thread-651) Sending message {"id": "record-9"} to topic topic-75043eb6_e262_41a5_8079_a85bcab5c974
2025-08-07 20:31:17,752 INFO  [io.api.tes.ser.api.KafkaSerdesTester] (Thread-651) Produced 10 messages
2025-08-07 20:31:17,752 INFO  [org.apa.kaf.cli.pro.KafkaProducer] (Thread-651) [Producer clientId=Producer-topic-75043eb6_e262_41a5_8079_a85bcab5c974] Closing the Kafka producer with timeoutMillis = 9223372036854775807 ms.
2025-08-07 20:31:17,754 INFO  [org.apa.kaf.com.met.Metrics] (Thread-651) Metrics scheduler closed
2025-08-07 20:31:17,754 INFO  [org.apa.kaf.com.met.Metrics] (Thread-651) Closing reporter org.apache.kafka.common.metrics.JmxReporter
2025-08-07 20:31:17,754 INFO  [org.apa.kaf.com.met.Metrics] (Thread-651) Closing reporter org.apache.kafka.common.telemetry.internals.ClientTelemetryReporter
2025-08-07 20:31:17,754 INFO  [org.apa.kaf.com.met.Metrics] (Thread-651) Metrics reporters closed
2025-08-07 20:31:17,755 INFO  [org.apa.kaf.com.uti.AppInfoParser] (Thread-651) App info kafka.producer for Producer-topic-75043eb6_e262_41a5_8079_a85bcab5c974 unregistered
2025-08-07 20:31:17,837 INFO  [io.api.tes.ser.api.AvroSerdeIT] (main) Artifact topic-75043eb6_e262_41a5_8079_a85bcab5c974-value found in registry with globalId 25
**** Registry Base URL: http://registry-app-mysql.apps.ci419.apicurio-testing.org:80
2025-08-07 20:31:17,837 INFO  [org.apa.kaf.cli.con.ConsumerConfig] (main) ConsumerConfig values: 
	allow.auto.create.topics = true
	auto.commit.interval.ms = 500
	auto.include.jmx.reporter = true
	auto.offset.reset = earliest
	bootstrap.servers = [PLAINTEXT://localhost:32769]
	check.crcs = true
	client.dns.lookup = use_all_dns_ips
	client.id = consumer-Consumer-topic-75043eb6_e262_41a5_8079_a85bcab5c974-8
	client.rack = 
	connections.max.idle.ms = 10000
	default.api.timeout.ms = 60000
	enable.auto.commit = true
	enable.metrics.push = true
	exclude.internal.topics = true
	fetch.max.bytes = 52428800
	fetch.max.wait.ms = 500
	fetch.min.bytes = 1
	group.id = Consumer-topic-75043eb6_e262_41a5_8079_a85bcab5c974
	group.instance.id = null
	group.protocol = classic
	group.remote.assignor = null
	heartbeat.interval.ms = 3000
	interceptor.classes = []
	internal.leave.group.on.close = true
	internal.throw.on.fetch.stable.offset.unsupported = false
	isolation.level = read_uncommitted
	key.deserializer = class org.apache.kafka.common.serialization.StringDeserializer
	max.partition.fetch.bytes = 1048576
	max.poll.interval.ms = 300000
	max.poll.records = 500
	metadata.max.age.ms = 300000
	metadata.recovery.strategy = none
	metric.reporters = []
	metrics.num.samples = 2
	metrics.recording.level = INFO
	metrics.sample.window.ms = 30000
	partition.assignment.strategy = [class org.apache.kafka.clients.consumer.RangeAssignor, class org.apache.kafka.clients.consumer.CooperativeStickyAssignor]
	receive.buffer.bytes = 65536
	reconnect.backoff.max.ms = 1000
	reconnect.backoff.ms = 50
	request.timeout.ms = 5000
	retry.backoff.max.ms = 1000
	retry.backoff.ms = 100
	sasl.client.callback.handler.class = null
	sasl.jaas.config = null
	sasl.kerberos.kinit.cmd = /usr/bin/kinit
	sasl.kerberos.min.time.before.relogin = 60000
	sasl.kerberos.service.name = null
	sasl.kerberos.ticket.renew.jitter = 0.05
	sasl.kerberos.ticket.renew.window.factor = 0.8
	sasl.login.callback.handler.class = null
	sasl.login.class = null
	sasl.login.connect.timeout.ms = null
	sasl.login.read.timeout.ms = null
	sasl.login.refresh.buffer.seconds = 300
	sasl.login.refresh.min.period.seconds = 60
	sasl.login.refresh.window.factor = 0.8
	sasl.login.refresh.window.jitter = 0.05
	sasl.login.retry.backoff.max.ms = 10000
	sasl.login.retry.backoff.ms = 100
	sasl.mechanism = GSSAPI
	sasl.oauthbearer.clock.skew.seconds = 30
	sasl.oauthbearer.expected.audience = null
	sasl.oauthbearer.expected.issuer = null
	sasl.oauthbearer.header.urlencode = false
	sasl.oauthbearer.jwks.endpoint.refresh.ms = 3600000
	sasl.oauthbearer.jwks.endpoint.retry.backoff.max.ms = 10000
	sasl.oauthbearer.jwks.endpoint.retry.backoff.ms = 100
	sasl.oauthbearer.jwks.endpoint.url = null
	sasl.oauthbearer.scope.claim.name = scope
	sasl.oauthbearer.sub.claim.name = sub
	sasl.oauthbearer.token.endpoint.url = null
	security.protocol = PLAINTEXT
	security.providers = null
	send.buffer.bytes = 131072
	session.timeout.ms = 45000
	socket.connection.setup.timeout.max.ms = 30000
	socket.connection.setup.timeout.ms = 10000
	ssl.cipher.suites = null
	ssl.enabled.protocols = [TLSv1.2, TLSv1.3]
	ssl.endpoint.identification.algorithm = https
	ssl.engine.factory.class = null
	ssl.key.password = null
	ssl.keymanager.algorithm = SunX509
	ssl.keystore.certificate.chain = null
	ssl.keystore.key = null
	ssl.keystore.location = null
	ssl.keystore.password = null
	ssl.keystore.type = JKS
	ssl.protocol = TLSv1.3
	ssl.provider = null
	ssl.secure.random.implementation = null
	ssl.trustmanager.algorithm = PKIX
	ssl.truststore.certificates = null
	ssl.truststore.location = null
	ssl.truststore.password = null
	ssl.truststore.type = JKS
	value.deserializer = class io.apicurio.registry.serde.avro.AvroKafkaDeserializer

2025-08-07 20:31:17,838 INFO  [org.apa.kaf.com.tel.int.KafkaMetricsCollector] (main) initializing Kafka metrics collector
2025-08-07 20:31:17,845 INFO  [org.apa.kaf.cli.con.ConsumerConfig] (main) These configurations '[apicurio.registry.url]' were supplied but are not used yet.
2025-08-07 20:31:17,845 INFO  [org.apa.kaf.com.uti.AppInfoParser] (main) Kafka version: 3.9.1
2025-08-07 20:31:17,845 INFO  [org.apa.kaf.com.uti.AppInfoParser] (main) Kafka commitId: f745dfdcee2b9851
2025-08-07 20:31:17,845 INFO  [org.apa.kaf.com.uti.AppInfoParser] (main) Kafka startTimeMs: 1754598677845
2025-08-07 20:31:17,845 INFO  [org.apa.kaf.cli.con.int.ClassicKafkaConsumer] (Thread-654) [Consumer clientId=consumer-Consumer-topic-75043eb6_e262_41a5_8079_a85bcab5c974-8, groupId=Consumer-topic-75043eb6_e262_41a5_8079_a85bcab5c974] Subscribed to topic(s): topic-75043eb6_e262_41a5_8079_a85bcab5c974
2025-08-07 20:31:17,853 INFO  [org.apa.kaf.cli.Metadata] (Thread-654) [Consumer clientId=consumer-Consumer-topic-75043eb6_e262_41a5_8079_a85bcab5c974-8, groupId=Consumer-topic-75043eb6_e262_41a5_8079_a85bcab5c974] Cluster ID: VsWUIKwhTKC56aKd3Rs4Pw
2025-08-07 20:31:17,854 INFO  [org.apa.kaf.cli.con.int.ConsumerCoordinator] (Thread-654) [Consumer clientId=consumer-Consumer-topic-75043eb6_e262_41a5_8079_a85bcab5c974-8, groupId=Consumer-topic-75043eb6_e262_41a5_8079_a85bcab5c974] Discovered group coordinator localhost:32769 (id: 2147483647 rack: null)
2025-08-07 20:31:17,856 INFO  [org.apa.kaf.cli.con.int.ConsumerCoordinator] (Thread-654) [Consumer clientId=consumer-Consumer-topic-75043eb6_e262_41a5_8079_a85bcab5c974-8, groupId=Consumer-topic-75043eb6_e262_41a5_8079_a85bcab5c974] (Re-)joining group
2025-08-07 20:31:17,859 INFO  [org.apa.kaf.cli.con.int.ConsumerCoordinator] (Thread-654) [Consumer clientId=consumer-Consumer-topic-75043eb6_e262_41a5_8079_a85bcab5c974-8, groupId=Consumer-topic-75043eb6_e262_41a5_8079_a85bcab5c974] Request joining group due to: need to re-join with the given member-id: consumer-Consumer-topic-75043eb6_e262_41a5_8079_a85bcab5c974-8-24c0fabe-f111-480a-8ccd-c670bced1ccc
2025-08-07 20:31:17,859 INFO  [org.apa.kaf.cli.con.int.ConsumerCoordinator] (Thread-654) [Consumer clientId=consumer-Consumer-topic-75043eb6_e262_41a5_8079_a85bcab5c974-8, groupId=Consumer-topic-75043eb6_e262_41a5_8079_a85bcab5c974] (Re-)joining group
2025-08-07 20:31:18,845 INFO  [io.api.tes.ser.api.KafkaSerdesTester] (Thread-654) None found
2025-08-07 20:31:19,847 INFO  [io.api.tes.ser.api.KafkaSerdesTester] (Thread-654) None found
2025-08-07 20:31:20,847 INFO  [io.api.tes.ser.api.KafkaSerdesTester] (Thread-654) None found
2025-08-07 20:31:20,860 INFO  [org.apa.kaf.cli.con.int.ConsumerCoordinator] (Thread-654) [Consumer clientId=consumer-Consumer-topic-75043eb6_e262_41a5_8079_a85bcab5c974-8, groupId=Consumer-topic-75043eb6_e262_41a5_8079_a85bcab5c974] Successfully joined group with generation Generation{generationId=1, memberId='consumer-Consumer-topic-75043eb6_e262_41a5_8079_a85bcab5c974-8-24c0fabe-f111-480a-8ccd-c670bced1ccc', protocol='range'}
2025-08-07 20:31:20,861 INFO  [org.apa.kaf.cli.con.int.ConsumerCoordinator] (Thread-654) [Consumer clientId=consumer-Consumer-topic-75043eb6_e262_41a5_8079_a85bcab5c974-8, groupId=Consumer-topic-75043eb6_e262_41a5_8079_a85bcab5c974] Finished assignment for group at generation 1: {consumer-Consumer-topic-75043eb6_e262_41a5_8079_a85bcab5c974-8-24c0fabe-f111-480a-8ccd-c670bced1ccc=Assignment(partitions=[topic-75043eb6_e262_41a5_8079_a85bcab5c974-0])}
2025-08-07 20:31:20,868 INFO  [org.apa.kaf.cli.con.int.ConsumerCoordinator] (Thread-654) [Consumer clientId=consumer-Consumer-topic-75043eb6_e262_41a5_8079_a85bcab5c974-8, groupId=Consumer-topic-75043eb6_e262_41a5_8079_a85bcab5c974] Successfully synced group in generation Generation{generationId=1, memberId='consumer-Consumer-topic-75043eb6_e262_41a5_8079_a85bcab5c974-8-24c0fabe-f111-480a-8ccd-c670bced1ccc', protocol='range'}
2025-08-07 20:31:20,869 INFO  [org.apa.kaf.cli.con.int.ConsumerCoordinator] (Thread-654) [Consumer clientId=consumer-Consumer-topic-75043eb6_e262_41a5_8079_a85bcab5c974-8, groupId=Consumer-topic-75043eb6_e262_41a5_8079_a85bcab5c974] Notifying assignor about the new Assignment(partitions=[topic-75043eb6_e262_41a5_8079_a85bcab5c974-0])
2025-08-07 20:31:20,869 INFO  [org.apa.kaf.cli.con.int.ConsumerRebalanceListenerInvoker] (Thread-654) [Consumer clientId=consumer-Consumer-topic-75043eb6_e262_41a5_8079_a85bcab5c974-8, groupId=Consumer-topic-75043eb6_e262_41a5_8079_a85bcab5c974] Adding newly assigned partitions: topic-75043eb6_e262_41a5_8079_a85bcab5c974-0
2025-08-07 20:31:20,870 INFO  [org.apa.kaf.cli.con.int.ConsumerCoordinator] (Thread-654) [Consumer clientId=consumer-Consumer-topic-75043eb6_e262_41a5_8079_a85bcab5c974-8, groupId=Consumer-topic-75043eb6_e262_41a5_8079_a85bcab5c974] Found no committed offset for partition topic-75043eb6_e262_41a5_8079_a85bcab5c974-0
2025-08-07 20:31:20,876 INFO  [org.apa.kaf.cli.con.int.SubscriptionState] (Thread-654) [Consumer clientId=consumer-Consumer-topic-75043eb6_e262_41a5_8079_a85bcab5c974-8, groupId=Consumer-topic-75043eb6_e262_41a5_8079_a85bcab5c974] Resetting offset for partition topic-75043eb6_e262_41a5_8079_a85bcab5c974-0 to position FetchPosition{offset=0, offsetEpoch=Optional.empty, currentLeader=LeaderAndEpoch{leader=Optional[localhost:32769 (id: 0 rack: null)], epoch=0}}.
2025-08-07 20:31:21,448 INFO  [io.api.tes.ser.api.KafkaSerdesTester] (Thread-654) topic-75043eb6_e262_41a5_8079_a85bcab5c974 0 0 {"id": "record-0"}
2025-08-07 20:31:21,448 INFO  [io.api.tes.ser.api.KafkaSerdesTester] (Thread-654) topic-75043eb6_e262_41a5_8079_a85bcab5c974 0 1 {"value": 1}
2025-08-07 20:31:21,448 INFO  [io.api.tes.ser.api.KafkaSerdesTester] (Thread-654) topic-75043eb6_e262_41a5_8079_a85bcab5c974 0 2 {"active": true}
2025-08-07 20:31:21,448 INFO  [io.api.tes.ser.api.KafkaSerdesTester] (Thread-654) topic-75043eb6_e262_41a5_8079_a85bcab5c974 0 3 {"id": "record-3"}
2025-08-07 20:31:21,448 INFO  [io.api.tes.ser.api.KafkaSerdesTester] (Thread-654) topic-75043eb6_e262_41a5_8079_a85bcab5c974 0 4 {"value": 4}
2025-08-07 20:31:21,448 INFO  [io.api.tes.ser.api.KafkaSerdesTester] (Thread-654) topic-75043eb6_e262_41a5_8079_a85bcab5c974 0 5 {"active": false}
2025-08-07 20:31:21,448 INFO  [io.api.tes.ser.api.KafkaSerdesTester] (Thread-654) topic-75043eb6_e262_41a5_8079_a85bcab5c974 0 6 {"id": "record-6"}
2025-08-07 20:31:21,448 INFO  [io.api.tes.ser.api.KafkaSerdesTester] (Thread-654) topic-75043eb6_e262_41a5_8079_a85bcab5c974 0 7 {"value": 7}
2025-08-07 20:31:21,448 INFO  [io.api.tes.ser.api.KafkaSerdesTester] (Thread-654) topic-75043eb6_e262_41a5_8079_a85bcab5c974 0 8 {"active": true}
2025-08-07 20:31:21,448 INFO  [io.api.tes.ser.api.KafkaSerdesTester] (Thread-654) topic-75043eb6_e262_41a5_8079_a85bcab5c974 0 9 {"id": "record-9"}
2025-08-07 20:31:21,448 INFO  [io.api.tes.ser.api.KafkaSerdesTester] (Thread-654) Consumed 10 messages
2025-08-07 20:31:21,454 INFO  [org.apa.kaf.cli.con.int.ConsumerRebalanceListenerInvoker] (Thread-654) [Consumer clientId=consumer-Consumer-topic-75043eb6_e262_41a5_8079_a85bcab5c974-8, groupId=Consumer-topic-75043eb6_e262_41a5_8079_a85bcab5c974] Revoke previously assigned partitions topic-75043eb6_e262_41a5_8079_a85bcab5c974-0
2025-08-07 20:31:21,454 INFO  [org.apa.kaf.cli.con.int.ConsumerCoordinator] (Thread-654) [Consumer clientId=consumer-Consumer-topic-75043eb6_e262_41a5_8079_a85bcab5c974-8, groupId=Consumer-topic-75043eb6_e262_41a5_8079_a85bcab5c974] Member consumer-Consumer-topic-75043eb6_e262_41a5_8079_a85bcab5c974-8-24c0fabe-f111-480a-8ccd-c670bced1ccc sending LeaveGroup request to coordinator localhost:32769 (id: 2147483647 rack: null) due to the consumer is being closed
2025-08-07 20:31:21,455 INFO  [org.apa.kaf.cli.con.int.ConsumerCoordinator] (Thread-654) [Consumer clientId=consumer-Consumer-topic-75043eb6_e262_41a5_8079_a85bcab5c974-8, groupId=Consumer-topic-75043eb6_e262_41a5_8079_a85bcab5c974] Resetting generation and member id due to: consumer pro-actively leaving the group
2025-08-07 20:31:21,455 INFO  [org.apa.kaf.cli.con.int.ConsumerCoordinator] (Thread-654) [Consumer clientId=consumer-Consumer-topic-75043eb6_e262_41a5_8079_a85bcab5c974-8, groupId=Consumer-topic-75043eb6_e262_41a5_8079_a85bcab5c974] Request joining group due to: consumer pro-actively leaving the group
2025-08-07 20:31:21,951 INFO  [org.apa.kaf.com.met.Metrics] (Thread-654) Metrics scheduler closed
2025-08-07 20:31:21,951 INFO  [org.apa.kaf.com.met.Metrics] (Thread-654) Closing reporter org.apache.kafka.common.metrics.JmxReporter
2025-08-07 20:31:21,951 INFO  [org.apa.kaf.com.met.Metrics] (Thread-654) Closing reporter org.apache.kafka.common.telemetry.internals.ClientTelemetryReporter
2025-08-07 20:31:21,951 INFO  [org.apa.kaf.com.met.Metrics] (Thread-654) Metrics reporters closed
2025-08-07 20:31:21,954 INFO  [org.apa.kaf.com.uti.AppInfoParser] (Thread-654) App info kafka.consumer for consumer-Consumer-topic-75043eb6_e262_41a5_8079_a85bcab5c974-8 unregistered
2025-08-07 20:31:21,954 INFO  [io.api.tes.uti.TestSeparator] (main) io.apicurio.tests.serdes.apicurio.AvroSerdeIT.testAvroUnionWithSpecificReader-FINISHED
2025-08-07 20:31:21,954 INFO  [io.api.tes.uti.TestSeparator] (main) ############################################################################
Test passed: testAvroUnionWithSpecificReader
]]></system-out>
  </testcase>
  <testcase name="testEvolveAvroApicurioReusingClient" classname="io.apicurio.tests.serdes.apicurio.AvroSerdeIT" time="8.19">
    <system-out><![CDATA[2025-08-07 20:31:21,956 INFO  [io.api.tes.uti.TestSeparator] (main) ############################################################################
2025-08-07 20:31:21,956 INFO  [io.api.tes.uti.TestSeparator] (main) io.apicurio.tests.serdes.apicurio.AvroSerdeIT.testEvolveAvroApicurioReusingClient-STARTED
2025-08-07 20:31:21,957 INFO  [io.api.tes.ser.api.AvroSerdeIT] (main) Registering Avro Schema: {"type":"record","name":"seffd30bdx3140x4a49x8018x263debafa332","namespace":"ns_48ae6589_9b1c_452f_8e8f_4dd0299be4a1","fields":[{"name":"key11754598681957","type":"string"}]}
**** Registry Base URL: http://registry-app-mysql.apps.ci419.apicurio-testing.org:80
2025-08-07 20:31:23,145 INFO  [org.apa.kaf.cli.pro.ProducerConfig] (main) ProducerConfig values: 
	acks = -1
	auto.include.jmx.reporter = true
	batch.size = 16384
	bootstrap.servers = [PLAINTEXT://localhost:32769]
	buffer.memory = 33554432
	client.dns.lookup = use_all_dns_ips
	client.id = Producer-topic-c5242a9c_9e8f_42ea_b105_0bfcbac4e9da
	compression.gzip.level = -1
	compression.lz4.level = 9
	compression.type = none
	compression.zstd.level = 3
	connections.max.idle.ms = 10000
	delivery.timeout.ms = 120000
	enable.idempotence = true
	enable.metrics.push = true
	interceptor.classes = []
	key.serializer = class org.apache.kafka.common.serialization.StringSerializer
	linger.ms = 0
	max.block.ms = 60000
	max.in.flight.requests.per.connection = 5
	max.request.size = 1048576
	metadata.max.age.ms = 300000
	metadata.max.idle.ms = 300000
	metadata.recovery.strategy = none
	metric.reporters = []
	metrics.num.samples = 2
	metrics.recording.level = INFO
	metrics.sample.window.ms = 30000
	partitioner.adaptive.partitioning.enable = true
	partitioner.availability.timeout.ms = 0
	partitioner.class = null
	partitioner.ignore.keys = false
	receive.buffer.bytes = 32768
	reconnect.backoff.max.ms = 1000
	reconnect.backoff.ms = 50
	request.timeout.ms = 5000
	retries = 2147483647
	retry.backoff.max.ms = 1000
	retry.backoff.ms = 100
	sasl.client.callback.handler.class = null
	sasl.jaas.config = null
	sasl.kerberos.kinit.cmd = /usr/bin/kinit
	sasl.kerberos.min.time.before.relogin = 60000
	sasl.kerberos.service.name = null
	sasl.kerberos.ticket.renew.jitter = 0.05
	sasl.kerberos.ticket.renew.window.factor = 0.8
	sasl.login.callback.handler.class = null
	sasl.login.class = null
	sasl.login.connect.timeout.ms = null
	sasl.login.read.timeout.ms = null
	sasl.login.refresh.buffer.seconds = 300
	sasl.login.refresh.min.period.seconds = 60
	sasl.login.refresh.window.factor = 0.8
	sasl.login.refresh.window.jitter = 0.05
	sasl.login.retry.backoff.max.ms = 10000
	sasl.login.retry.backoff.ms = 100
	sasl.mechanism = GSSAPI
	sasl.oauthbearer.clock.skew.seconds = 30
	sasl.oauthbearer.expected.audience = null
	sasl.oauthbearer.expected.issuer = null
	sasl.oauthbearer.header.urlencode = false
	sasl.oauthbearer.jwks.endpoint.refresh.ms = 3600000
	sasl.oauthbearer.jwks.endpoint.retry.backoff.max.ms = 10000
	sasl.oauthbearer.jwks.endpoint.retry.backoff.ms = 100
	sasl.oauthbearer.jwks.endpoint.url = null
	sasl.oauthbearer.scope.claim.name = scope
	sasl.oauthbearer.sub.claim.name = sub
	sasl.oauthbearer.token.endpoint.url = null
	security.protocol = PLAINTEXT
	security.providers = null
	send.buffer.bytes = 131072
	socket.connection.setup.timeout.max.ms = 30000
	socket.connection.setup.timeout.ms = 10000
	ssl.cipher.suites = null
	ssl.enabled.protocols = [TLSv1.2, TLSv1.3]
	ssl.endpoint.identification.algorithm = https
	ssl.engine.factory.class = null
	ssl.key.password = null
	ssl.keymanager.algorithm = SunX509
	ssl.keystore.certificate.chain = null
	ssl.keystore.key = null
	ssl.keystore.location = null
	ssl.keystore.password = null
	ssl.keystore.type = JKS
	ssl.protocol = TLSv1.3
	ssl.provider = null
	ssl.secure.random.implementation = null
	ssl.trustmanager.algorithm = PKIX
	ssl.truststore.certificates = null
	ssl.truststore.location = null
	ssl.truststore.password = null
	ssl.truststore.type = JKS
	transaction.timeout.ms = 60000
	transactional.id = null
	value.serializer = class io.apicurio.registry.serde.avro.AvroKafkaSerializer

2025-08-07 20:31:23,145 INFO  [org.apa.kaf.com.tel.int.KafkaMetricsCollector] (main) initializing Kafka metrics collector
2025-08-07 20:31:23,149 INFO  [org.apa.kaf.cli.pro.KafkaProducer] (main) [Producer clientId=Producer-topic-c5242a9c_9e8f_42ea_b105_0bfcbac4e9da] Instantiated an idempotent producer.
2025-08-07 20:31:23,151 INFO  [org.apa.kaf.cli.pro.ProducerConfig] (main) These configurations '[apicurio.registry.url, apicurio.registry.artifact-resolver-strategy]' were supplied but are not used yet.
2025-08-07 20:31:23,151 INFO  [org.apa.kaf.com.uti.AppInfoParser] (main) Kafka version: 3.9.1
2025-08-07 20:31:23,151 INFO  [org.apa.kaf.com.uti.AppInfoParser] (main) Kafka commitId: f745dfdcee2b9851
2025-08-07 20:31:23,151 INFO  [org.apa.kaf.com.uti.AppInfoParser] (main) Kafka startTimeMs: 1754598683151
**** Registry Base URL: http://registry-app-mysql.apps.ci419.apicurio-testing.org:80
2025-08-07 20:31:23,152 INFO  [org.apa.kaf.cli.con.ConsumerConfig] (main) ConsumerConfig values: 
	allow.auto.create.topics = true
	auto.commit.interval.ms = 500
	auto.include.jmx.reporter = true
	auto.offset.reset = earliest
	bootstrap.servers = [PLAINTEXT://localhost:32769]
	check.crcs = true
	client.dns.lookup = use_all_dns_ips
	client.id = consumer-Consumer-topic-c5242a9c_9e8f_42ea_b105_0bfcbac4e9da-9
	client.rack = 
	connections.max.idle.ms = 10000
	default.api.timeout.ms = 60000
	enable.auto.commit = true
	enable.metrics.push = true
	exclude.internal.topics = true
	fetch.max.bytes = 52428800
	fetch.max.wait.ms = 500
	fetch.min.bytes = 1
	group.id = Consumer-topic-c5242a9c_9e8f_42ea_b105_0bfcbac4e9da
	group.instance.id = null
	group.protocol = classic
	group.remote.assignor = null
	heartbeat.interval.ms = 3000
	interceptor.classes = []
	internal.leave.group.on.close = true
	internal.throw.on.fetch.stable.offset.unsupported = false
	isolation.level = read_uncommitted
	key.deserializer = class org.apache.kafka.common.serialization.StringDeserializer
	max.partition.fetch.bytes = 1048576
	max.poll.interval.ms = 300000
	max.poll.records = 500
	metadata.max.age.ms = 300000
	metadata.recovery.strategy = none
	metric.reporters = []
	metrics.num.samples = 2
	metrics.recording.level = INFO
	metrics.sample.window.ms = 30000
	partition.assignment.strategy = [class org.apache.kafka.clients.consumer.RangeAssignor, class org.apache.kafka.clients.consumer.CooperativeStickyAssignor]
	receive.buffer.bytes = 65536
	reconnect.backoff.max.ms = 1000
	reconnect.backoff.ms = 50
	request.timeout.ms = 5000
	retry.backoff.max.ms = 1000
	retry.backoff.ms = 100
	sasl.client.callback.handler.class = null
	sasl.jaas.config = null
	sasl.kerberos.kinit.cmd = /usr/bin/kinit
	sasl.kerberos.min.time.before.relogin = 60000
	sasl.kerberos.service.name = null
	sasl.kerberos.ticket.renew.jitter = 0.05
	sasl.kerberos.ticket.renew.window.factor = 0.8
	sasl.login.callback.handler.class = null
	sasl.login.class = null
	sasl.login.connect.timeout.ms = null
	sasl.login.read.timeout.ms = null
	sasl.login.refresh.buffer.seconds = 300
	sasl.login.refresh.min.period.seconds = 60
	sasl.login.refresh.window.factor = 0.8
	sasl.login.refresh.window.jitter = 0.05
	sasl.login.retry.backoff.max.ms = 10000
	sasl.login.retry.backoff.ms = 100
	sasl.mechanism = GSSAPI
	sasl.oauthbearer.clock.skew.seconds = 30
	sasl.oauthbearer.expected.audience = null
	sasl.oauthbearer.expected.issuer = null
	sasl.oauthbearer.header.urlencode = false
	sasl.oauthbearer.jwks.endpoint.refresh.ms = 3600000
	sasl.oauthbearer.jwks.endpoint.retry.backoff.max.ms = 10000
	sasl.oauthbearer.jwks.endpoint.retry.backoff.ms = 100
	sasl.oauthbearer.jwks.endpoint.url = null
	sasl.oauthbearer.scope.claim.name = scope
	sasl.oauthbearer.sub.claim.name = sub
	sasl.oauthbearer.token.endpoint.url = null
	security.protocol = PLAINTEXT
	security.providers = null
	send.buffer.bytes = 131072
	session.timeout.ms = 45000
	socket.connection.setup.timeout.max.ms = 30000
	socket.connection.setup.timeout.ms = 10000
	ssl.cipher.suites = null
	ssl.enabled.protocols = [TLSv1.2, TLSv1.3]
	ssl.endpoint.identification.algorithm = https
	ssl.engine.factory.class = null
	ssl.key.password = null
	ssl.keymanager.algorithm = SunX509
	ssl.keystore.certificate.chain = null
	ssl.keystore.key = null
	ssl.keystore.location = null
	ssl.keystore.password = null
	ssl.keystore.type = JKS
	ssl.protocol = TLSv1.3
	ssl.provider = null
	ssl.secure.random.implementation = null
	ssl.trustmanager.algorithm = PKIX
	ssl.truststore.certificates = null
	ssl.truststore.location = null
	ssl.truststore.password = null
	ssl.truststore.type = JKS
	value.deserializer = class io.apicurio.registry.serde.avro.AvroKafkaDeserializer

2025-08-07 20:31:23,153 INFO  [org.apa.kaf.com.tel.int.KafkaMetricsCollector] (main) initializing Kafka metrics collector
2025-08-07 20:31:23,159 INFO  [org.apa.kaf.cli.con.ConsumerConfig] (main) These configurations '[apicurio.registry.url]' were supplied but are not used yet.
2025-08-07 20:31:23,159 INFO  [org.apa.kaf.com.uti.AppInfoParser] (main) Kafka version: 3.9.1
2025-08-07 20:31:23,159 INFO  [org.apa.kaf.com.uti.AppInfoParser] (main) Kafka commitId: f745dfdcee2b9851
2025-08-07 20:31:23,159 INFO  [org.apa.kaf.com.uti.AppInfoParser] (main) Kafka startTimeMs: 1754598683159
2025-08-07 20:31:23,159 INFO  [org.apa.kaf.cli.Metadata] (kafka-producer-network-thread | Producer-topic-c5242a9c_9e8f_42ea_b105_0bfcbac4e9da) [Producer clientId=Producer-topic-c5242a9c_9e8f_42ea_b105_0bfcbac4e9da] Cluster ID: VsWUIKwhTKC56aKd3Rs4Pw
2025-08-07 20:31:23,161 INFO  [org.apa.kaf.cli.pro.int.TransactionManager] (kafka-producer-network-thread | Producer-topic-c5242a9c_9e8f_42ea_b105_0bfcbac4e9da) [Producer clientId=Producer-topic-c5242a9c_9e8f_42ea_b105_0bfcbac4e9da] ProducerId set to 11 with epoch 0
2025-08-07 20:31:23,161 INFO  [io.api.tes.ser.api.KafkaSerdesTester] (Thread-659) Sending message {"key11754598681957": "value-0"} to topic topic-c5242a9c_9e8f_42ea_b105_0bfcbac4e9da
2025-08-07 20:31:23,165 INFO  [DefaultSchemaResolver] (Thread-659) Retrieving schema content using string: {"type":"record","name":"seffd30bdx3140x4a49x8018x263debafa332","namespace":"ns_48ae6589_9b1c_452f_8e8f_4dd0299be4a1","fields":[{"name":"key11754598681957","type":"string"}]}
2025-08-07 20:31:23,325 INFO  [io.api.tes.ser.api.KafkaSerdesTester] (Thread-659) Sending message {"key11754598681957": "value-1"} to topic topic-c5242a9c_9e8f_42ea_b105_0bfcbac4e9da
2025-08-07 20:31:23,328 INFO  [io.api.tes.ser.api.KafkaSerdesTester] (Thread-659) Sending message {"key11754598681957": "value-2"} to topic topic-c5242a9c_9e8f_42ea_b105_0bfcbac4e9da
2025-08-07 20:31:23,332 INFO  [io.api.tes.ser.api.KafkaSerdesTester] (Thread-659) Sending message {"key11754598681957": "value-3"} to topic topic-c5242a9c_9e8f_42ea_b105_0bfcbac4e9da
2025-08-07 20:31:23,335 INFO  [io.api.tes.ser.api.KafkaSerdesTester] (Thread-659) Sending message {"key11754598681957": "value-4"} to topic topic-c5242a9c_9e8f_42ea_b105_0bfcbac4e9da
2025-08-07 20:31:23,339 INFO  [io.api.tes.ser.api.KafkaSerdesTester] (Thread-659) Sending message {"key11754598681957": "value-5"} to topic topic-c5242a9c_9e8f_42ea_b105_0bfcbac4e9da
2025-08-07 20:31:23,344 INFO  [io.api.tes.ser.api.KafkaSerdesTester] (Thread-659) Sending message {"key11754598681957": "value-6"} to topic topic-c5242a9c_9e8f_42ea_b105_0bfcbac4e9da
2025-08-07 20:31:23,348 INFO  [io.api.tes.ser.api.KafkaSerdesTester] (Thread-659) Sending message {"key11754598681957": "value-7"} to topic topic-c5242a9c_9e8f_42ea_b105_0bfcbac4e9da
2025-08-07 20:31:23,351 INFO  [io.api.tes.ser.api.KafkaSerdesTester] (Thread-659) Sending message {"key11754598681957": "value-8"} to topic topic-c5242a9c_9e8f_42ea_b105_0bfcbac4e9da
2025-08-07 20:31:23,354 INFO  [io.api.tes.ser.api.KafkaSerdesTester] (Thread-659) Sending message {"key11754598681957": "value-9"} to topic topic-c5242a9c_9e8f_42ea_b105_0bfcbac4e9da
2025-08-07 20:31:23,356 INFO  [io.api.tes.ser.api.KafkaSerdesTester] (Thread-659) Produced 10 messages
2025-08-07 20:31:23,357 INFO  [org.apa.kaf.cli.con.int.ClassicKafkaConsumer] (Thread-660) [Consumer clientId=consumer-Consumer-topic-c5242a9c_9e8f_42ea_b105_0bfcbac4e9da-9, groupId=Consumer-topic-c5242a9c_9e8f_42ea_b105_0bfcbac4e9da] Subscribed to topic(s): topic-c5242a9c_9e8f_42ea_b105_0bfcbac4e9da
2025-08-07 20:31:23,361 INFO  [org.apa.kaf.cli.Metadata] (Thread-660) [Consumer clientId=consumer-Consumer-topic-c5242a9c_9e8f_42ea_b105_0bfcbac4e9da-9, groupId=Consumer-topic-c5242a9c_9e8f_42ea_b105_0bfcbac4e9da] Cluster ID: VsWUIKwhTKC56aKd3Rs4Pw
2025-08-07 20:31:23,362 INFO  [org.apa.kaf.cli.con.int.ConsumerCoordinator] (Thread-660) [Consumer clientId=consumer-Consumer-topic-c5242a9c_9e8f_42ea_b105_0bfcbac4e9da-9, groupId=Consumer-topic-c5242a9c_9e8f_42ea_b105_0bfcbac4e9da] Discovered group coordinator localhost:32769 (id: 2147483647 rack: null)
2025-08-07 20:31:23,366 INFO  [org.apa.kaf.cli.con.int.ConsumerCoordinator] (Thread-660) [Consumer clientId=consumer-Consumer-topic-c5242a9c_9e8f_42ea_b105_0bfcbac4e9da-9, groupId=Consumer-topic-c5242a9c_9e8f_42ea_b105_0bfcbac4e9da] (Re-)joining group
2025-08-07 20:31:23,369 INFO  [org.apa.kaf.cli.con.int.ConsumerCoordinator] (Thread-660) [Consumer clientId=consumer-Consumer-topic-c5242a9c_9e8f_42ea_b105_0bfcbac4e9da-9, groupId=Consumer-topic-c5242a9c_9e8f_42ea_b105_0bfcbac4e9da] Request joining group due to: need to re-join with the given member-id: consumer-Consumer-topic-c5242a9c_9e8f_42ea_b105_0bfcbac4e9da-9-28809832-6c7b-46e1-86c4-9002009540b3
2025-08-07 20:31:23,369 INFO  [org.apa.kaf.cli.con.int.ConsumerCoordinator] (Thread-660) [Consumer clientId=consumer-Consumer-topic-c5242a9c_9e8f_42ea_b105_0bfcbac4e9da-9, groupId=Consumer-topic-c5242a9c_9e8f_42ea_b105_0bfcbac4e9da] (Re-)joining group
2025-08-07 20:31:24,358 INFO  [io.api.tes.ser.api.KafkaSerdesTester] (Thread-660) None found
2025-08-07 20:31:25,358 INFO  [io.api.tes.ser.api.KafkaSerdesTester] (Thread-660) None found
2025-08-07 20:31:26,358 INFO  [io.api.tes.ser.api.KafkaSerdesTester] (Thread-660) None found
2025-08-07 20:31:26,372 INFO  [org.apa.kaf.cli.con.int.ConsumerCoordinator] (Thread-660) [Consumer clientId=consumer-Consumer-topic-c5242a9c_9e8f_42ea_b105_0bfcbac4e9da-9, groupId=Consumer-topic-c5242a9c_9e8f_42ea_b105_0bfcbac4e9da] Successfully joined group with generation Generation{generationId=1, memberId='consumer-Consumer-topic-c5242a9c_9e8f_42ea_b105_0bfcbac4e9da-9-28809832-6c7b-46e1-86c4-9002009540b3', protocol='range'}
2025-08-07 20:31:26,372 INFO  [org.apa.kaf.cli.con.int.ConsumerCoordinator] (Thread-660) [Consumer clientId=consumer-Consumer-topic-c5242a9c_9e8f_42ea_b105_0bfcbac4e9da-9, groupId=Consumer-topic-c5242a9c_9e8f_42ea_b105_0bfcbac4e9da] Finished assignment for group at generation 1: {consumer-Consumer-topic-c5242a9c_9e8f_42ea_b105_0bfcbac4e9da-9-28809832-6c7b-46e1-86c4-9002009540b3=Assignment(partitions=[topic-c5242a9c_9e8f_42ea_b105_0bfcbac4e9da-0])}
2025-08-07 20:31:26,378 INFO  [org.apa.kaf.cli.con.int.ConsumerCoordinator] (Thread-660) [Consumer clientId=consumer-Consumer-topic-c5242a9c_9e8f_42ea_b105_0bfcbac4e9da-9, groupId=Consumer-topic-c5242a9c_9e8f_42ea_b105_0bfcbac4e9da] Successfully synced group in generation Generation{generationId=1, memberId='consumer-Consumer-topic-c5242a9c_9e8f_42ea_b105_0bfcbac4e9da-9-28809832-6c7b-46e1-86c4-9002009540b3', protocol='range'}
2025-08-07 20:31:26,378 INFO  [org.apa.kaf.cli.con.int.ConsumerCoordinator] (Thread-660) [Consumer clientId=consumer-Consumer-topic-c5242a9c_9e8f_42ea_b105_0bfcbac4e9da-9, groupId=Consumer-topic-c5242a9c_9e8f_42ea_b105_0bfcbac4e9da] Notifying assignor about the new Assignment(partitions=[topic-c5242a9c_9e8f_42ea_b105_0bfcbac4e9da-0])
2025-08-07 20:31:26,378 INFO  [org.apa.kaf.cli.con.int.ConsumerRebalanceListenerInvoker] (Thread-660) [Consumer clientId=consumer-Consumer-topic-c5242a9c_9e8f_42ea_b105_0bfcbac4e9da-9, groupId=Consumer-topic-c5242a9c_9e8f_42ea_b105_0bfcbac4e9da] Adding newly assigned partitions: topic-c5242a9c_9e8f_42ea_b105_0bfcbac4e9da-0
2025-08-07 20:31:26,379 INFO  [org.apa.kaf.cli.con.int.ConsumerCoordinator] (Thread-660) [Consumer clientId=consumer-Consumer-topic-c5242a9c_9e8f_42ea_b105_0bfcbac4e9da-9, groupId=Consumer-topic-c5242a9c_9e8f_42ea_b105_0bfcbac4e9da] Found no committed offset for partition topic-c5242a9c_9e8f_42ea_b105_0bfcbac4e9da-0
2025-08-07 20:31:26,386 INFO  [org.apa.kaf.cli.con.int.SubscriptionState] (Thread-660) [Consumer clientId=consumer-Consumer-topic-c5242a9c_9e8f_42ea_b105_0bfcbac4e9da-9, groupId=Consumer-topic-c5242a9c_9e8f_42ea_b105_0bfcbac4e9da] Resetting offset for partition topic-c5242a9c_9e8f_42ea_b105_0bfcbac4e9da-0 to position FetchPosition{offset=0, offsetEpoch=Optional.empty, currentLeader=LeaderAndEpoch{leader=Optional[localhost:32769 (id: 0 rack: null)], epoch=0}}.
2025-08-07 20:31:26,622 INFO  [io.api.tes.ser.api.KafkaSerdesTester] (Thread-660) topic-c5242a9c_9e8f_42ea_b105_0bfcbac4e9da 0 0 {"key11754598681957": "value-0"}
2025-08-07 20:31:26,622 INFO  [io.api.tes.ser.api.KafkaSerdesTester] (Thread-660) topic-c5242a9c_9e8f_42ea_b105_0bfcbac4e9da 0 1 {"key11754598681957": "value-1"}
2025-08-07 20:31:26,622 INFO  [io.api.tes.ser.api.KafkaSerdesTester] (Thread-660) topic-c5242a9c_9e8f_42ea_b105_0bfcbac4e9da 0 2 {"key11754598681957": "value-2"}
2025-08-07 20:31:26,623 INFO  [io.api.tes.ser.api.KafkaSerdesTester] (Thread-660) topic-c5242a9c_9e8f_42ea_b105_0bfcbac4e9da 0 3 {"key11754598681957": "value-3"}
2025-08-07 20:31:26,623 INFO  [io.api.tes.ser.api.KafkaSerdesTester] (Thread-660) topic-c5242a9c_9e8f_42ea_b105_0bfcbac4e9da 0 4 {"key11754598681957": "value-4"}
2025-08-07 20:31:26,623 INFO  [io.api.tes.ser.api.KafkaSerdesTester] (Thread-660) topic-c5242a9c_9e8f_42ea_b105_0bfcbac4e9da 0 5 {"key11754598681957": "value-5"}
2025-08-07 20:31:26,623 INFO  [io.api.tes.ser.api.KafkaSerdesTester] (Thread-660) topic-c5242a9c_9e8f_42ea_b105_0bfcbac4e9da 0 6 {"key11754598681957": "value-6"}
2025-08-07 20:31:26,623 INFO  [io.api.tes.ser.api.KafkaSerdesTester] (Thread-660) topic-c5242a9c_9e8f_42ea_b105_0bfcbac4e9da 0 7 {"key11754598681957": "value-7"}
2025-08-07 20:31:26,623 INFO  [io.api.tes.ser.api.KafkaSerdesTester] (Thread-660) topic-c5242a9c_9e8f_42ea_b105_0bfcbac4e9da 0 8 {"key11754598681957": "value-8"}
2025-08-07 20:31:26,623 INFO  [io.api.tes.ser.api.KafkaSerdesTester] (Thread-660) topic-c5242a9c_9e8f_42ea_b105_0bfcbac4e9da 0 9 {"key11754598681957": "value-9"}
2025-08-07 20:31:26,623 INFO  [io.api.tes.ser.api.KafkaSerdesTester] (Thread-660) Consumed 10 messages
2025-08-07 20:31:26,623 INFO  [io.api.tes.ser.api.AvroSerdeIT] (main) Registering Avro Schema 2: {"type":"record","name":"seffd30bdx3140x4a49x8018x263debafa332","namespace":"ns_48ae6589_9b1c_452f_8e8f_4dd0299be4a1","fields":[{"name":"key11754598681957","type":"string"},{"name":"key21754598686623","type":"string"}]}
2025-08-07 20:31:27,815 INFO  [io.api.tes.ser.api.KafkaSerdesTester] (Thread-661) Sending message {"key11754598681957": "value-0", "key21754598686623": "value-0"} to topic topic-c5242a9c_9e8f_42ea_b105_0bfcbac4e9da
2025-08-07 20:31:27,815 INFO  [DefaultSchemaResolver] (Thread-661) Retrieving schema content using string: {"type":"record","name":"seffd30bdx3140x4a49x8018x263debafa332","namespace":"ns_48ae6589_9b1c_452f_8e8f_4dd0299be4a1","fields":[{"name":"key11754598681957","type":"string"},{"name":"key21754598686623","type":"string"}]}
2025-08-07 20:31:27,899 INFO  [io.api.tes.ser.api.KafkaSerdesTester] (Thread-661) Sending message {"key11754598681957": "value-1", "key21754598686623": "value-1"} to topic topic-c5242a9c_9e8f_42ea_b105_0bfcbac4e9da
2025-08-07 20:31:27,901 INFO  [io.api.tes.ser.api.KafkaSerdesTester] (Thread-661) Sending message {"key11754598681957": "value-2", "key21754598686623": "value-2"} to topic topic-c5242a9c_9e8f_42ea_b105_0bfcbac4e9da
2025-08-07 20:31:27,904 INFO  [io.api.tes.ser.api.KafkaSerdesTester] (Thread-661) Sending message {"key11754598681957": "value-3", "key21754598686623": "value-3"} to topic topic-c5242a9c_9e8f_42ea_b105_0bfcbac4e9da
2025-08-07 20:31:27,908 INFO  [io.api.tes.ser.api.KafkaSerdesTester] (Thread-661) Sending message {"key11754598681957": "value-4", "key21754598686623": "value-4"} to topic topic-c5242a9c_9e8f_42ea_b105_0bfcbac4e9da
2025-08-07 20:31:27,912 INFO  [io.api.tes.ser.api.KafkaSerdesTester] (Thread-661) Sending message {"key11754598681957": "value-5", "key21754598686623": "value-5"} to topic topic-c5242a9c_9e8f_42ea_b105_0bfcbac4e9da
2025-08-07 20:31:27,914 INFO  [io.api.tes.ser.api.KafkaSerdesTester] (Thread-661) Sending message {"key11754598681957": "value-6", "key21754598686623": "value-6"} to topic topic-c5242a9c_9e8f_42ea_b105_0bfcbac4e9da
2025-08-07 20:31:27,916 INFO  [io.api.tes.ser.api.KafkaSerdesTester] (Thread-661) Sending message {"key11754598681957": "value-7", "key21754598686623": "value-7"} to topic topic-c5242a9c_9e8f_42ea_b105_0bfcbac4e9da
2025-08-07 20:31:27,918 INFO  [io.api.tes.ser.api.KafkaSerdesTester] (Thread-661) Sending message {"key11754598681957": "value-8", "key21754598686623": "value-8"} to topic topic-c5242a9c_9e8f_42ea_b105_0bfcbac4e9da
2025-08-07 20:31:27,921 INFO  [io.api.tes.ser.api.KafkaSerdesTester] (Thread-661) Sending message {"key11754598681957": "value-9", "key21754598686623": "value-9"} to topic topic-c5242a9c_9e8f_42ea_b105_0bfcbac4e9da
2025-08-07 20:31:27,925 INFO  [io.api.tes.ser.api.KafkaSerdesTester] (Thread-661) Produced 10 messages
2025-08-07 20:31:27,926 INFO  [io.api.tes.ser.api.KafkaSerdesTester] (Thread-662) Sending message {"key11754598681957": "value-0"} to topic topic-c5242a9c_9e8f_42ea_b105_0bfcbac4e9da
2025-08-07 20:31:27,933 INFO  [io.api.tes.ser.api.KafkaSerdesTester] (Thread-662) Sending message {"key11754598681957": "value-1"} to topic topic-c5242a9c_9e8f_42ea_b105_0bfcbac4e9da
2025-08-07 20:31:27,935 INFO  [io.api.tes.ser.api.KafkaSerdesTester] (Thread-662) Sending message {"key11754598681957": "value-2"} to topic topic-c5242a9c_9e8f_42ea_b105_0bfcbac4e9da
2025-08-07 20:31:27,941 INFO  [io.api.tes.ser.api.KafkaSerdesTester] (Thread-662) Sending message {"key11754598681957": "value-3"} to topic topic-c5242a9c_9e8f_42ea_b105_0bfcbac4e9da
2025-08-07 20:31:27,943 INFO  [io.api.tes.ser.api.KafkaSerdesTester] (Thread-662) Sending message {"key11754598681957": "value-4"} to topic topic-c5242a9c_9e8f_42ea_b105_0bfcbac4e9da
2025-08-07 20:31:27,946 INFO  [io.api.tes.ser.api.KafkaSerdesTester] (Thread-662) Sending message {"key11754598681957": "value-5"} to topic topic-c5242a9c_9e8f_42ea_b105_0bfcbac4e9da
2025-08-07 20:31:27,950 INFO  [io.api.tes.ser.api.KafkaSerdesTester] (Thread-662) Sending message {"key11754598681957": "value-6"} to topic topic-c5242a9c_9e8f_42ea_b105_0bfcbac4e9da
2025-08-07 20:31:27,953 INFO  [io.api.tes.ser.api.KafkaSerdesTester] (Thread-662) Sending message {"key11754598681957": "value-7"} to topic topic-c5242a9c_9e8f_42ea_b105_0bfcbac4e9da
2025-08-07 20:31:27,956 INFO  [io.api.tes.ser.api.KafkaSerdesTester] (Thread-662) Sending message {"key11754598681957": "value-8"} to topic topic-c5242a9c_9e8f_42ea_b105_0bfcbac4e9da
2025-08-07 20:31:27,961 INFO  [io.api.tes.ser.api.KafkaSerdesTester] (Thread-662) Sending message {"key11754598681957": "value-9"} to topic topic-c5242a9c_9e8f_42ea_b105_0bfcbac4e9da
2025-08-07 20:31:27,964 INFO  [io.api.tes.ser.api.KafkaSerdesTester] (Thread-662) Produced 10 messages
2025-08-07 20:31:27,965 INFO  [org.apa.kaf.cli.con.int.ClassicKafkaConsumer] (Thread-663) [Consumer clientId=consumer-Consumer-topic-c5242a9c_9e8f_42ea_b105_0bfcbac4e9da-9, groupId=Consumer-topic-c5242a9c_9e8f_42ea_b105_0bfcbac4e9da] Subscribed to topic(s): topic-c5242a9c_9e8f_42ea_b105_0bfcbac4e9da
2025-08-07 20:31:28,132 INFO  [io.api.tes.ser.api.KafkaSerdesTester] (Thread-663) topic-c5242a9c_9e8f_42ea_b105_0bfcbac4e9da 0 10 {"key11754598681957": "value-0", "key21754598686623": "value-0"}
2025-08-07 20:31:28,132 INFO  [io.api.tes.ser.api.KafkaSerdesTester] (Thread-663) topic-c5242a9c_9e8f_42ea_b105_0bfcbac4e9da 0 11 {"key11754598681957": "value-1", "key21754598686623": "value-1"}
2025-08-07 20:31:28,132 INFO  [io.api.tes.ser.api.KafkaSerdesTester] (Thread-663) topic-c5242a9c_9e8f_42ea_b105_0bfcbac4e9da 0 12 {"key11754598681957": "value-2", "key21754598686623": "value-2"}
2025-08-07 20:31:28,132 INFO  [io.api.tes.ser.api.KafkaSerdesTester] (Thread-663) topic-c5242a9c_9e8f_42ea_b105_0bfcbac4e9da 0 13 {"key11754598681957": "value-3", "key21754598686623": "value-3"}
2025-08-07 20:31:28,132 INFO  [io.api.tes.ser.api.KafkaSerdesTester] (Thread-663) topic-c5242a9c_9e8f_42ea_b105_0bfcbac4e9da 0 14 {"key11754598681957": "value-4", "key21754598686623": "value-4"}
2025-08-07 20:31:28,132 INFO  [io.api.tes.ser.api.KafkaSerdesTester] (Thread-663) topic-c5242a9c_9e8f_42ea_b105_0bfcbac4e9da 0 15 {"key11754598681957": "value-5", "key21754598686623": "value-5"}
2025-08-07 20:31:28,132 INFO  [io.api.tes.ser.api.KafkaSerdesTester] (Thread-663) topic-c5242a9c_9e8f_42ea_b105_0bfcbac4e9da 0 16 {"key11754598681957": "value-6", "key21754598686623": "value-6"}
2025-08-07 20:31:28,132 INFO  [io.api.tes.ser.api.KafkaSerdesTester] (Thread-663) topic-c5242a9c_9e8f_42ea_b105_0bfcbac4e9da 0 17 {"key11754598681957": "value-7", "key21754598686623": "value-7"}
2025-08-07 20:31:28,132 INFO  [io.api.tes.ser.api.KafkaSerdesTester] (Thread-663) topic-c5242a9c_9e8f_42ea_b105_0bfcbac4e9da 0 18 {"key11754598681957": "value-8", "key21754598686623": "value-8"}
2025-08-07 20:31:28,132 INFO  [io.api.tes.ser.api.KafkaSerdesTester] (Thread-663) topic-c5242a9c_9e8f_42ea_b105_0bfcbac4e9da 0 19 {"key11754598681957": "value-9", "key21754598686623": "value-9"}
2025-08-07 20:31:28,132 INFO  [io.api.tes.ser.api.KafkaSerdesTester] (Thread-663) topic-c5242a9c_9e8f_42ea_b105_0bfcbac4e9da 0 20 {"key11754598681957": "value-0"}
2025-08-07 20:31:28,132 INFO  [io.api.tes.ser.api.KafkaSerdesTester] (Thread-663) topic-c5242a9c_9e8f_42ea_b105_0bfcbac4e9da 0 21 {"key11754598681957": "value-1"}
2025-08-07 20:31:28,132 INFO  [io.api.tes.ser.api.KafkaSerdesTester] (Thread-663) topic-c5242a9c_9e8f_42ea_b105_0bfcbac4e9da 0 22 {"key11754598681957": "value-2"}
2025-08-07 20:31:28,132 INFO  [io.api.tes.ser.api.KafkaSerdesTester] (Thread-663) topic-c5242a9c_9e8f_42ea_b105_0bfcbac4e9da 0 23 {"key11754598681957": "value-3"}
2025-08-07 20:31:28,133 INFO  [io.api.tes.ser.api.KafkaSerdesTester] (Thread-663) topic-c5242a9c_9e8f_42ea_b105_0bfcbac4e9da 0 24 {"key11754598681957": "value-4"}
2025-08-07 20:31:28,133 INFO  [io.api.tes.ser.api.KafkaSerdesTester] (Thread-663) topic-c5242a9c_9e8f_42ea_b105_0bfcbac4e9da 0 25 {"key11754598681957": "value-5"}
2025-08-07 20:31:28,133 INFO  [io.api.tes.ser.api.KafkaSerdesTester] (Thread-663) topic-c5242a9c_9e8f_42ea_b105_0bfcbac4e9da 0 26 {"key11754598681957": "value-6"}
2025-08-07 20:31:28,133 INFO  [io.api.tes.ser.api.KafkaSerdesTester] (Thread-663) topic-c5242a9c_9e8f_42ea_b105_0bfcbac4e9da 0 27 {"key11754598681957": "value-7"}
2025-08-07 20:31:28,133 INFO  [io.api.tes.ser.api.KafkaSerdesTester] (Thread-663) topic-c5242a9c_9e8f_42ea_b105_0bfcbac4e9da 0 28 {"key11754598681957": "value-8"}
2025-08-07 20:31:28,133 INFO  [io.api.tes.ser.api.KafkaSerdesTester] (Thread-663) topic-c5242a9c_9e8f_42ea_b105_0bfcbac4e9da 0 29 {"key11754598681957": "value-9"}
2025-08-07 20:31:28,133 INFO  [io.api.tes.ser.api.KafkaSerdesTester] (Thread-663) Consumed 20 messages
2025-08-07 20:31:28,133 INFO  [io.api.tes.ser.api.AvroSerdeIT] (main) Registering Avro Schema 3: {"type":"record","name":"seffd30bdx3140x4a49x8018x263debafa332","namespace":"ns_48ae6589_9b1c_452f_8e8f_4dd0299be4a1","fields":[{"name":"key11754598681957","type":"string"},{"name":"key21754598686623","type":"string"},{"name":"key31754598688133","type":"string"}]}
2025-08-07 20:31:29,328 INFO  [io.api.tes.ser.api.KafkaSerdesTester] (Thread-664) Sending message {"key11754598681957": "value-0", "key21754598686623": "value-0", "key31754598688133": "value-0"} to topic topic-c5242a9c_9e8f_42ea_b105_0bfcbac4e9da
2025-08-07 20:31:29,329 INFO  [DefaultSchemaResolver] (Thread-664) Retrieving schema content using string: {"type":"record","name":"seffd30bdx3140x4a49x8018x263debafa332","namespace":"ns_48ae6589_9b1c_452f_8e8f_4dd0299be4a1","fields":[{"name":"key11754598681957","type":"string"},{"name":"key21754598686623","type":"string"},{"name":"key31754598688133","type":"string"}]}
2025-08-07 20:31:29,411 INFO  [io.api.tes.ser.api.KafkaSerdesTester] (Thread-664) Sending message {"key11754598681957": "value-1", "key21754598686623": "value-1", "key31754598688133": "value-1"} to topic topic-c5242a9c_9e8f_42ea_b105_0bfcbac4e9da
2025-08-07 20:31:29,412 INFO  [io.api.tes.ser.api.KafkaSerdesTester] (Thread-664) Sending message {"key11754598681957": "value-2", "key21754598686623": "value-2", "key31754598688133": "value-2"} to topic topic-c5242a9c_9e8f_42ea_b105_0bfcbac4e9da
2025-08-07 20:31:29,414 INFO  [io.api.tes.ser.api.KafkaSerdesTester] (Thread-664) Sending message {"key11754598681957": "value-3", "key21754598686623": "value-3", "key31754598688133": "value-3"} to topic topic-c5242a9c_9e8f_42ea_b105_0bfcbac4e9da
2025-08-07 20:31:29,417 INFO  [io.api.tes.ser.api.KafkaSerdesTester] (Thread-664) Sending message {"key11754598681957": "value-4", "key21754598686623": "value-4", "key31754598688133": "value-4"} to topic topic-c5242a9c_9e8f_42ea_b105_0bfcbac4e9da
2025-08-07 20:31:29,418 INFO  [io.api.tes.ser.api.KafkaSerdesTester] (Thread-664) Sending message {"key11754598681957": "value-5", "key21754598686623": "value-5", "key31754598688133": "value-5"} to topic topic-c5242a9c_9e8f_42ea_b105_0bfcbac4e9da
2025-08-07 20:31:29,420 INFO  [io.api.tes.ser.api.KafkaSerdesTester] (Thread-664) Sending message {"key11754598681957": "value-6", "key21754598686623": "value-6", "key31754598688133": "value-6"} to topic topic-c5242a9c_9e8f_42ea_b105_0bfcbac4e9da
2025-08-07 20:31:29,421 INFO  [io.api.tes.ser.api.KafkaSerdesTester] (Thread-664) Sending message {"key11754598681957": "value-7", "key21754598686623": "value-7", "key31754598688133": "value-7"} to topic topic-c5242a9c_9e8f_42ea_b105_0bfcbac4e9da
2025-08-07 20:31:29,424 INFO  [io.api.tes.ser.api.KafkaSerdesTester] (Thread-664) Sending message {"key11754598681957": "value-8", "key21754598686623": "value-8", "key31754598688133": "value-8"} to topic topic-c5242a9c_9e8f_42ea_b105_0bfcbac4e9da
2025-08-07 20:31:29,426 INFO  [io.api.tes.ser.api.KafkaSerdesTester] (Thread-664) Sending message {"key11754598681957": "value-9", "key21754598686623": "value-9", "key31754598688133": "value-9"} to topic topic-c5242a9c_9e8f_42ea_b105_0bfcbac4e9da
2025-08-07 20:31:29,428 INFO  [io.api.tes.ser.api.KafkaSerdesTester] (Thread-664) Produced 10 messages
2025-08-07 20:31:29,428 INFO  [io.api.tes.ser.api.KafkaSerdesTester] (Thread-665) Sending message {"key11754598681957": "value-0", "key21754598686623": "value-0"} to topic topic-c5242a9c_9e8f_42ea_b105_0bfcbac4e9da
2025-08-07 20:31:29,431 INFO  [io.api.tes.ser.api.KafkaSerdesTester] (Thread-665) Sending message {"key11754598681957": "value-1", "key21754598686623": "value-1"} to topic topic-c5242a9c_9e8f_42ea_b105_0bfcbac4e9da
2025-08-07 20:31:29,432 INFO  [io.api.tes.ser.api.KafkaSerdesTester] (Thread-665) Sending message {"key11754598681957": "value-2", "key21754598686623": "value-2"} to topic topic-c5242a9c_9e8f_42ea_b105_0bfcbac4e9da
2025-08-07 20:31:29,433 INFO  [io.api.tes.ser.api.KafkaSerdesTester] (Thread-665) Sending message {"key11754598681957": "value-3", "key21754598686623": "value-3"} to topic topic-c5242a9c_9e8f_42ea_b105_0bfcbac4e9da
2025-08-07 20:31:29,435 INFO  [io.api.tes.ser.api.KafkaSerdesTester] (Thread-665) Sending message {"key11754598681957": "value-4", "key21754598686623": "value-4"} to topic topic-c5242a9c_9e8f_42ea_b105_0bfcbac4e9da
2025-08-07 20:31:29,437 INFO  [io.api.tes.ser.api.KafkaSerdesTester] (Thread-665) Sending message {"key11754598681957": "value-5", "key21754598686623": "value-5"} to topic topic-c5242a9c_9e8f_42ea_b105_0bfcbac4e9da
2025-08-07 20:31:29,440 INFO  [io.api.tes.ser.api.KafkaSerdesTester] (Thread-665) Sending message {"key11754598681957": "value-6", "key21754598686623": "value-6"} to topic topic-c5242a9c_9e8f_42ea_b105_0bfcbac4e9da
2025-08-07 20:31:29,441 INFO  [io.api.tes.ser.api.KafkaSerdesTester] (Thread-665) Sending message {"key11754598681957": "value-7", "key21754598686623": "value-7"} to topic topic-c5242a9c_9e8f_42ea_b105_0bfcbac4e9da
2025-08-07 20:31:29,445 INFO  [io.api.tes.ser.api.KafkaSerdesTester] (Thread-665) Sending message {"key11754598681957": "value-8", "key21754598686623": "value-8"} to topic topic-c5242a9c_9e8f_42ea_b105_0bfcbac4e9da
2025-08-07 20:31:29,446 INFO  [io.api.tes.ser.api.KafkaSerdesTester] (Thread-665) Sending message {"key11754598681957": "value-9", "key21754598686623": "value-9"} to topic topic-c5242a9c_9e8f_42ea_b105_0bfcbac4e9da
2025-08-07 20:31:29,448 INFO  [io.api.tes.ser.api.KafkaSerdesTester] (Thread-665) Produced 10 messages
2025-08-07 20:31:29,449 INFO  [io.api.tes.ser.api.KafkaSerdesTester] (Thread-666) Sending message {"key11754598681957": "value-0"} to topic topic-c5242a9c_9e8f_42ea_b105_0bfcbac4e9da
2025-08-07 20:31:29,450 INFO  [io.api.tes.ser.api.KafkaSerdesTester] (Thread-666) Sending message {"key11754598681957": "value-1"} to topic topic-c5242a9c_9e8f_42ea_b105_0bfcbac4e9da
2025-08-07 20:31:29,452 INFO  [io.api.tes.ser.api.KafkaSerdesTester] (Thread-666) Sending message {"key11754598681957": "value-2"} to topic topic-c5242a9c_9e8f_42ea_b105_0bfcbac4e9da
2025-08-07 20:31:29,454 INFO  [io.api.tes.ser.api.KafkaSerdesTester] (Thread-666) Sending message {"key11754598681957": "value-3"} to topic topic-c5242a9c_9e8f_42ea_b105_0bfcbac4e9da
2025-08-07 20:31:29,456 INFO  [io.api.tes.ser.api.KafkaSerdesTester] (Thread-666) Sending message {"key11754598681957": "value-4"} to topic topic-c5242a9c_9e8f_42ea_b105_0bfcbac4e9da
2025-08-07 20:31:29,457 INFO  [io.api.tes.ser.api.KafkaSerdesTester] (Thread-666) Sending message {"key11754598681957": "value-5"} to topic topic-c5242a9c_9e8f_42ea_b105_0bfcbac4e9da
2025-08-07 20:31:29,460 INFO  [io.api.tes.ser.api.KafkaSerdesTester] (Thread-666) Sending message {"key11754598681957": "value-6"} to topic topic-c5242a9c_9e8f_42ea_b105_0bfcbac4e9da
2025-08-07 20:31:29,461 INFO  [io.api.tes.ser.api.KafkaSerdesTester] (Thread-666) Sending message {"key11754598681957": "value-7"} to topic topic-c5242a9c_9e8f_42ea_b105_0bfcbac4e9da
2025-08-07 20:31:29,463 INFO  [io.api.tes.ser.api.KafkaSerdesTester] (Thread-666) Sending message {"key11754598681957": "value-8"} to topic topic-c5242a9c_9e8f_42ea_b105_0bfcbac4e9da
2025-08-07 20:31:29,464 INFO  [io.api.tes.ser.api.KafkaSerdesTester] (Thread-666) Sending message {"key11754598681957": "value-9"} to topic topic-c5242a9c_9e8f_42ea_b105_0bfcbac4e9da
2025-08-07 20:31:29,466 INFO  [io.api.tes.ser.api.KafkaSerdesTester] (Thread-666) Produced 10 messages
2025-08-07 20:31:29,467 INFO  [org.apa.kaf.cli.con.int.ClassicKafkaConsumer] (Thread-667) [Consumer clientId=consumer-Consumer-topic-c5242a9c_9e8f_42ea_b105_0bfcbac4e9da-9, groupId=Consumer-topic-c5242a9c_9e8f_42ea_b105_0bfcbac4e9da] Subscribed to topic(s): topic-c5242a9c_9e8f_42ea_b105_0bfcbac4e9da
2025-08-07 20:31:29,637 INFO  [io.api.tes.ser.api.KafkaSerdesTester] (Thread-667) topic-c5242a9c_9e8f_42ea_b105_0bfcbac4e9da 0 30 {"key11754598681957": "value-0", "key21754598686623": "value-0", "key31754598688133": "value-0"}
2025-08-07 20:31:29,637 INFO  [io.api.tes.ser.api.KafkaSerdesTester] (Thread-667) topic-c5242a9c_9e8f_42ea_b105_0bfcbac4e9da 0 31 {"key11754598681957": "value-1", "key21754598686623": "value-1", "key31754598688133": "value-1"}
2025-08-07 20:31:29,637 INFO  [io.api.tes.ser.api.KafkaSerdesTester] (Thread-667) topic-c5242a9c_9e8f_42ea_b105_0bfcbac4e9da 0 32 {"key11754598681957": "value-2", "key21754598686623": "value-2", "key31754598688133": "value-2"}
2025-08-07 20:31:29,637 INFO  [io.api.tes.ser.api.KafkaSerdesTester] (Thread-667) topic-c5242a9c_9e8f_42ea_b105_0bfcbac4e9da 0 33 {"key11754598681957": "value-3", "key21754598686623": "value-3", "key31754598688133": "value-3"}
2025-08-07 20:31:29,637 INFO  [io.api.tes.ser.api.KafkaSerdesTester] (Thread-667) topic-c5242a9c_9e8f_42ea_b105_0bfcbac4e9da 0 34 {"key11754598681957": "value-4", "key21754598686623": "value-4", "key31754598688133": "value-4"}
2025-08-07 20:31:29,637 INFO  [io.api.tes.ser.api.KafkaSerdesTester] (Thread-667) topic-c5242a9c_9e8f_42ea_b105_0bfcbac4e9da 0 35 {"key11754598681957": "value-5", "key21754598686623": "value-5", "key31754598688133": "value-5"}
2025-08-07 20:31:29,638 INFO  [io.api.tes.ser.api.KafkaSerdesTester] (Thread-667) topic-c5242a9c_9e8f_42ea_b105_0bfcbac4e9da 0 36 {"key11754598681957": "value-6", "key21754598686623": "value-6", "key31754598688133": "value-6"}
2025-08-07 20:31:29,638 INFO  [io.api.tes.ser.api.KafkaSerdesTester] (Thread-667) topic-c5242a9c_9e8f_42ea_b105_0bfcbac4e9da 0 37 {"key11754598681957": "value-7", "key21754598686623": "value-7", "key31754598688133": "value-7"}
2025-08-07 20:31:29,638 INFO  [io.api.tes.ser.api.KafkaSerdesTester] (Thread-667) topic-c5242a9c_9e8f_42ea_b105_0bfcbac4e9da 0 38 {"key11754598681957": "value-8", "key21754598686623": "value-8", "key31754598688133": "value-8"}
2025-08-07 20:31:29,638 INFO  [io.api.tes.ser.api.KafkaSerdesTester] (Thread-667) topic-c5242a9c_9e8f_42ea_b105_0bfcbac4e9da 0 39 {"key11754598681957": "value-9", "key21754598686623": "value-9", "key31754598688133": "value-9"}
2025-08-07 20:31:29,638 INFO  [io.api.tes.ser.api.KafkaSerdesTester] (Thread-667) topic-c5242a9c_9e8f_42ea_b105_0bfcbac4e9da 0 40 {"key11754598681957": "value-0", "key21754598686623": "value-0"}
2025-08-07 20:31:29,638 INFO  [io.api.tes.ser.api.KafkaSerdesTester] (Thread-667) topic-c5242a9c_9e8f_42ea_b105_0bfcbac4e9da 0 41 {"key11754598681957": "value-1", "key21754598686623": "value-1"}
2025-08-07 20:31:29,638 INFO  [io.api.tes.ser.api.KafkaSerdesTester] (Thread-667) topic-c5242a9c_9e8f_42ea_b105_0bfcbac4e9da 0 42 {"key11754598681957": "value-2", "key21754598686623": "value-2"}
2025-08-07 20:31:29,638 INFO  [io.api.tes.ser.api.KafkaSerdesTester] (Thread-667) topic-c5242a9c_9e8f_42ea_b105_0bfcbac4e9da 0 43 {"key11754598681957": "value-3", "key21754598686623": "value-3"}
2025-08-07 20:31:29,638 INFO  [io.api.tes.ser.api.KafkaSerdesTester] (Thread-667) topic-c5242a9c_9e8f_42ea_b105_0bfcbac4e9da 0 44 {"key11754598681957": "value-4", "key21754598686623": "value-4"}
2025-08-07 20:31:29,638 INFO  [io.api.tes.ser.api.KafkaSerdesTester] (Thread-667) topic-c5242a9c_9e8f_42ea_b105_0bfcbac4e9da 0 45 {"key11754598681957": "value-5", "key21754598686623": "value-5"}
2025-08-07 20:31:29,638 INFO  [io.api.tes.ser.api.KafkaSerdesTester] (Thread-667) topic-c5242a9c_9e8f_42ea_b105_0bfcbac4e9da 0 46 {"key11754598681957": "value-6", "key21754598686623": "value-6"}
2025-08-07 20:31:29,638 INFO  [io.api.tes.ser.api.KafkaSerdesTester] (Thread-667) topic-c5242a9c_9e8f_42ea_b105_0bfcbac4e9da 0 47 {"key11754598681957": "value-7", "key21754598686623": "value-7"}
2025-08-07 20:31:29,638 INFO  [io.api.tes.ser.api.KafkaSerdesTester] (Thread-667) topic-c5242a9c_9e8f_42ea_b105_0bfcbac4e9da 0 48 {"key11754598681957": "value-8", "key21754598686623": "value-8"}
2025-08-07 20:31:29,638 INFO  [io.api.tes.ser.api.KafkaSerdesTester] (Thread-667) topic-c5242a9c_9e8f_42ea_b105_0bfcbac4e9da 0 49 {"key11754598681957": "value-9", "key21754598686623": "value-9"}
2025-08-07 20:31:29,638 INFO  [io.api.tes.ser.api.KafkaSerdesTester] (Thread-667) topic-c5242a9c_9e8f_42ea_b105_0bfcbac4e9da 0 50 {"key11754598681957": "value-0"}
2025-08-07 20:31:29,638 INFO  [io.api.tes.ser.api.KafkaSerdesTester] (Thread-667) topic-c5242a9c_9e8f_42ea_b105_0bfcbac4e9da 0 51 {"key11754598681957": "value-1"}
2025-08-07 20:31:29,639 INFO  [io.api.tes.ser.api.KafkaSerdesTester] (Thread-667) topic-c5242a9c_9e8f_42ea_b105_0bfcbac4e9da 0 52 {"key11754598681957": "value-2"}
2025-08-07 20:31:29,639 INFO  [io.api.tes.ser.api.KafkaSerdesTester] (Thread-667) topic-c5242a9c_9e8f_42ea_b105_0bfcbac4e9da 0 53 {"key11754598681957": "value-3"}
2025-08-07 20:31:29,639 INFO  [io.api.tes.ser.api.KafkaSerdesTester] (Thread-667) topic-c5242a9c_9e8f_42ea_b105_0bfcbac4e9da 0 54 {"key11754598681957": "value-4"}
2025-08-07 20:31:29,639 INFO  [io.api.tes.ser.api.KafkaSerdesTester] (Thread-667) topic-c5242a9c_9e8f_42ea_b105_0bfcbac4e9da 0 55 {"key11754598681957": "value-5"}
2025-08-07 20:31:29,639 INFO  [io.api.tes.ser.api.KafkaSerdesTester] (Thread-667) topic-c5242a9c_9e8f_42ea_b105_0bfcbac4e9da 0 56 {"key11754598681957": "value-6"}
2025-08-07 20:31:29,639 INFO  [io.api.tes.ser.api.KafkaSerdesTester] (Thread-667) topic-c5242a9c_9e8f_42ea_b105_0bfcbac4e9da 0 57 {"key11754598681957": "value-7"}
2025-08-07 20:31:29,639 INFO  [io.api.tes.ser.api.KafkaSerdesTester] (Thread-667) topic-c5242a9c_9e8f_42ea_b105_0bfcbac4e9da 0 58 {"key11754598681957": "value-8"}
2025-08-07 20:31:29,639 INFO  [io.api.tes.ser.api.KafkaSerdesTester] (Thread-667) topic-c5242a9c_9e8f_42ea_b105_0bfcbac4e9da 0 59 {"key11754598681957": "value-9"}
2025-08-07 20:31:29,639 INFO  [io.api.tes.ser.api.KafkaSerdesTester] (Thread-667) Consumed 30 messages
2025-08-07 20:31:29,639 INFO  [org.apa.kaf.cli.pro.KafkaProducer] (main) [Producer clientId=Producer-topic-c5242a9c_9e8f_42ea_b105_0bfcbac4e9da] Closing the Kafka producer with timeoutMillis = 9223372036854775807 ms.
2025-08-07 20:31:29,642 INFO  [org.apa.kaf.com.met.Metrics] (main) Metrics scheduler closed
2025-08-07 20:31:29,642 INFO  [org.apa.kaf.com.met.Metrics] (main) Closing reporter org.apache.kafka.common.metrics.JmxReporter
2025-08-07 20:31:29,642 INFO  [org.apa.kaf.com.met.Metrics] (main) Closing reporter org.apache.kafka.common.telemetry.internals.ClientTelemetryReporter
2025-08-07 20:31:29,642 INFO  [org.apa.kaf.com.met.Metrics] (main) Metrics reporters closed
2025-08-07 20:31:29,642 INFO  [org.apa.kaf.com.uti.AppInfoParser] (main) App info kafka.producer for Producer-topic-c5242a9c_9e8f_42ea_b105_0bfcbac4e9da unregistered
2025-08-07 20:31:29,650 INFO  [org.apa.kaf.cli.con.int.ConsumerRebalanceListenerInvoker] (main) [Consumer clientId=consumer-Consumer-topic-c5242a9c_9e8f_42ea_b105_0bfcbac4e9da-9, groupId=Consumer-topic-c5242a9c_9e8f_42ea_b105_0bfcbac4e9da] Revoke previously assigned partitions topic-c5242a9c_9e8f_42ea_b105_0bfcbac4e9da-0
2025-08-07 20:31:29,650 INFO  [org.apa.kaf.cli.con.int.ConsumerCoordinator] (main) [Consumer clientId=consumer-Consumer-topic-c5242a9c_9e8f_42ea_b105_0bfcbac4e9da-9, groupId=Consumer-topic-c5242a9c_9e8f_42ea_b105_0bfcbac4e9da] Member consumer-Consumer-topic-c5242a9c_9e8f_42ea_b105_0bfcbac4e9da-9-28809832-6c7b-46e1-86c4-9002009540b3 sending LeaveGroup request to coordinator localhost:32769 (id: 2147483647 rack: null) due to the consumer is being closed
2025-08-07 20:31:29,650 INFO  [org.apa.kaf.cli.con.int.ConsumerCoordinator] (main) [Consumer clientId=consumer-Consumer-topic-c5242a9c_9e8f_42ea_b105_0bfcbac4e9da-9, groupId=Consumer-topic-c5242a9c_9e8f_42ea_b105_0bfcbac4e9da] Resetting generation and member id due to: consumer pro-actively leaving the group
2025-08-07 20:31:29,650 INFO  [org.apa.kaf.cli.con.int.ConsumerCoordinator] (main) [Consumer clientId=consumer-Consumer-topic-c5242a9c_9e8f_42ea_b105_0bfcbac4e9da-9, groupId=Consumer-topic-c5242a9c_9e8f_42ea_b105_0bfcbac4e9da] Request joining group due to: consumer pro-actively leaving the group
2025-08-07 20:31:30,141 INFO  [org.apa.kaf.com.met.Metrics] (main) Metrics scheduler closed
2025-08-07 20:31:30,141 INFO  [org.apa.kaf.com.met.Metrics] (main) Closing reporter org.apache.kafka.common.metrics.JmxReporter
2025-08-07 20:31:30,141 INFO  [org.apa.kaf.com.met.Metrics] (main) Closing reporter org.apache.kafka.common.telemetry.internals.ClientTelemetryReporter
2025-08-07 20:31:30,141 INFO  [org.apa.kaf.com.met.Metrics] (main) Metrics reporters closed
2025-08-07 20:31:30,144 INFO  [org.apa.kaf.com.uti.AppInfoParser] (main) App info kafka.consumer for consumer-Consumer-topic-c5242a9c_9e8f_42ea_b105_0bfcbac4e9da-9 unregistered
2025-08-07 20:31:30,145 INFO  [io.api.tes.uti.TestSeparator] (main) io.apicurio.tests.serdes.apicurio.AvroSerdeIT.testEvolveAvroApicurioReusingClient-FINISHED
2025-08-07 20:31:30,145 INFO  [io.api.tes.uti.TestSeparator] (main) ############################################################################
Test passed: testEvolveAvroApicurioReusingClient
]]></system-out>
  </testcase>
  <testcase name="testProducerUsesDefaultConsumerUsesGlobalId" classname="io.apicurio.tests.serdes.apicurio.AvroSerdeIT" time="0.0">
    <skipped message="void io.apicurio.tests.serdes.apicurio.AvroSerdeIT.testProducerUsesDefaultConsumerUsesGlobalId() throws java.lang.Exception is @Disabled"/>
  </testcase>
  <testcase name="testEvolveAvroApicurio" classname="io.apicurio.tests.serdes.apicurio.AvroSerdeIT" time="16.755">
    <system-out><![CDATA[2025-08-07 20:31:30,149 INFO  [io.api.tes.uti.TestSeparator] (main) ############################################################################
2025-08-07 20:31:30,149 INFO  [io.api.tes.uti.TestSeparator] (main) io.apicurio.tests.serdes.apicurio.AvroSerdeIT.testEvolveAvroApicurio-STARTED
2025-08-07 20:31:30,149 INFO  [io.api.tes.ser.api.AvroSerdeIT] (main) Registering Avro Schema: {"type":"record","name":"s40c648d9x5cbex47aex9679x2a386a8abce6","namespace":"ns_ea346a26_b580_46e9_a814_0acd846f1386","fields":[{"name":"key11754598690149","type":"string"}]}
**** Registry Base URL: http://registry-app-mysql.apps.ci419.apicurio-testing.org:80
2025-08-07 20:31:31,335 INFO  [org.apa.kaf.cli.pro.ProducerConfig] (main) ProducerConfig values: 
	acks = -1
	auto.include.jmx.reporter = true
	batch.size = 16384
	bootstrap.servers = [PLAINTEXT://localhost:32769]
	buffer.memory = 33554432
	client.dns.lookup = use_all_dns_ips
	client.id = Producer-topic-95b42e27_bbf5_47b1_98c9_ad10dd1bdac0
	compression.gzip.level = -1
	compression.lz4.level = 9
	compression.type = none
	compression.zstd.level = 3
	connections.max.idle.ms = 10000
	delivery.timeout.ms = 120000
	enable.idempotence = true
	enable.metrics.push = true
	interceptor.classes = []
	key.serializer = class org.apache.kafka.common.serialization.StringSerializer
	linger.ms = 0
	max.block.ms = 60000
	max.in.flight.requests.per.connection = 5
	max.request.size = 1048576
	metadata.max.age.ms = 300000
	metadata.max.idle.ms = 300000
	metadata.recovery.strategy = none
	metric.reporters = []
	metrics.num.samples = 2
	metrics.recording.level = INFO
	metrics.sample.window.ms = 30000
	partitioner.adaptive.partitioning.enable = true
	partitioner.availability.timeout.ms = 0
	partitioner.class = null
	partitioner.ignore.keys = false
	receive.buffer.bytes = 32768
	reconnect.backoff.max.ms = 1000
	reconnect.backoff.ms = 50
	request.timeout.ms = 5000
	retries = 2147483647
	retry.backoff.max.ms = 1000
	retry.backoff.ms = 100
	sasl.client.callback.handler.class = null
	sasl.jaas.config = null
	sasl.kerberos.kinit.cmd = /usr/bin/kinit
	sasl.kerberos.min.time.before.relogin = 60000
	sasl.kerberos.service.name = null
	sasl.kerberos.ticket.renew.jitter = 0.05
	sasl.kerberos.ticket.renew.window.factor = 0.8
	sasl.login.callback.handler.class = null
	sasl.login.class = null
	sasl.login.connect.timeout.ms = null
	sasl.login.read.timeout.ms = null
	sasl.login.refresh.buffer.seconds = 300
	sasl.login.refresh.min.period.seconds = 60
	sasl.login.refresh.window.factor = 0.8
	sasl.login.refresh.window.jitter = 0.05
	sasl.login.retry.backoff.max.ms = 10000
	sasl.login.retry.backoff.ms = 100
	sasl.mechanism = GSSAPI
	sasl.oauthbearer.clock.skew.seconds = 30
	sasl.oauthbearer.expected.audience = null
	sasl.oauthbearer.expected.issuer = null
	sasl.oauthbearer.header.urlencode = false
	sasl.oauthbearer.jwks.endpoint.refresh.ms = 3600000
	sasl.oauthbearer.jwks.endpoint.retry.backoff.max.ms = 10000
	sasl.oauthbearer.jwks.endpoint.retry.backoff.ms = 100
	sasl.oauthbearer.jwks.endpoint.url = null
	sasl.oauthbearer.scope.claim.name = scope
	sasl.oauthbearer.sub.claim.name = sub
	sasl.oauthbearer.token.endpoint.url = null
	security.protocol = PLAINTEXT
	security.providers = null
	send.buffer.bytes = 131072
	socket.connection.setup.timeout.max.ms = 30000
	socket.connection.setup.timeout.ms = 10000
	ssl.cipher.suites = null
	ssl.enabled.protocols = [TLSv1.2, TLSv1.3]
	ssl.endpoint.identification.algorithm = https
	ssl.engine.factory.class = null
	ssl.key.password = null
	ssl.keymanager.algorithm = SunX509
	ssl.keystore.certificate.chain = null
	ssl.keystore.key = null
	ssl.keystore.location = null
	ssl.keystore.password = null
	ssl.keystore.type = JKS
	ssl.protocol = TLSv1.3
	ssl.provider = null
	ssl.secure.random.implementation = null
	ssl.trustmanager.algorithm = PKIX
	ssl.truststore.certificates = null
	ssl.truststore.location = null
	ssl.truststore.password = null
	ssl.truststore.type = JKS
	transaction.timeout.ms = 60000
	transactional.id = null
	value.serializer = class io.apicurio.registry.serde.avro.AvroKafkaSerializer

2025-08-07 20:31:31,336 INFO  [org.apa.kaf.com.tel.int.KafkaMetricsCollector] (main) initializing Kafka metrics collector
2025-08-07 20:31:31,339 INFO  [org.apa.kaf.cli.pro.KafkaProducer] (main) [Producer clientId=Producer-topic-95b42e27_bbf5_47b1_98c9_ad10dd1bdac0] Instantiated an idempotent producer.
2025-08-07 20:31:31,341 INFO  [org.apa.kaf.cli.pro.ProducerConfig] (main) These configurations '[apicurio.registry.url, apicurio.registry.artifact-resolver-strategy]' were supplied but are not used yet.
2025-08-07 20:31:31,341 INFO  [org.apa.kaf.com.uti.AppInfoParser] (main) Kafka version: 3.9.1
2025-08-07 20:31:31,341 INFO  [org.apa.kaf.com.uti.AppInfoParser] (main) Kafka commitId: f745dfdcee2b9851
2025-08-07 20:31:31,341 INFO  [org.apa.kaf.com.uti.AppInfoParser] (main) Kafka startTimeMs: 1754598691341
**** Registry Base URL: http://registry-app-mysql.apps.ci419.apicurio-testing.org:80
2025-08-07 20:31:31,342 INFO  [org.apa.kaf.cli.con.ConsumerConfig] (main) ConsumerConfig values: 
	allow.auto.create.topics = true
	auto.commit.interval.ms = 500
	auto.include.jmx.reporter = true
	auto.offset.reset = earliest
	bootstrap.servers = [PLAINTEXT://localhost:32769]
	check.crcs = true
	client.dns.lookup = use_all_dns_ips
	client.id = consumer-Consumer-topic-95b42e27_bbf5_47b1_98c9_ad10dd1bdac0-10
	client.rack = 
	connections.max.idle.ms = 10000
	default.api.timeout.ms = 60000
	enable.auto.commit = true
	enable.metrics.push = true
	exclude.internal.topics = true
	fetch.max.bytes = 52428800
	fetch.max.wait.ms = 500
	fetch.min.bytes = 1
	group.id = Consumer-topic-95b42e27_bbf5_47b1_98c9_ad10dd1bdac0
	group.instance.id = null
	group.protocol = classic
	group.remote.assignor = null
	heartbeat.interval.ms = 3000
	interceptor.classes = []
	internal.leave.group.on.close = true
	internal.throw.on.fetch.stable.offset.unsupported = false
	isolation.level = read_uncommitted
	key.deserializer = class org.apache.kafka.common.serialization.StringDeserializer
	max.partition.fetch.bytes = 1048576
	max.poll.interval.ms = 300000
	max.poll.records = 500
	metadata.max.age.ms = 300000
	metadata.recovery.strategy = none
	metric.reporters = []
	metrics.num.samples = 2
	metrics.recording.level = INFO
	metrics.sample.window.ms = 30000
	partition.assignment.strategy = [class org.apache.kafka.clients.consumer.RangeAssignor, class org.apache.kafka.clients.consumer.CooperativeStickyAssignor]
	receive.buffer.bytes = 65536
	reconnect.backoff.max.ms = 1000
	reconnect.backoff.ms = 50
	request.timeout.ms = 5000
	retry.backoff.max.ms = 1000
	retry.backoff.ms = 100
	sasl.client.callback.handler.class = null
	sasl.jaas.config = null
	sasl.kerberos.kinit.cmd = /usr/bin/kinit
	sasl.kerberos.min.time.before.relogin = 60000
	sasl.kerberos.service.name = null
	sasl.kerberos.ticket.renew.jitter = 0.05
	sasl.kerberos.ticket.renew.window.factor = 0.8
	sasl.login.callback.handler.class = null
	sasl.login.class = null
	sasl.login.connect.timeout.ms = null
	sasl.login.read.timeout.ms = null
	sasl.login.refresh.buffer.seconds = 300
	sasl.login.refresh.min.period.seconds = 60
	sasl.login.refresh.window.factor = 0.8
	sasl.login.refresh.window.jitter = 0.05
	sasl.login.retry.backoff.max.ms = 10000
	sasl.login.retry.backoff.ms = 100
	sasl.mechanism = GSSAPI
	sasl.oauthbearer.clock.skew.seconds = 30
	sasl.oauthbearer.expected.audience = null
	sasl.oauthbearer.expected.issuer = null
	sasl.oauthbearer.header.urlencode = false
	sasl.oauthbearer.jwks.endpoint.refresh.ms = 3600000
	sasl.oauthbearer.jwks.endpoint.retry.backoff.max.ms = 10000
	sasl.oauthbearer.jwks.endpoint.retry.backoff.ms = 100
	sasl.oauthbearer.jwks.endpoint.url = null
	sasl.oauthbearer.scope.claim.name = scope
	sasl.oauthbearer.sub.claim.name = sub
	sasl.oauthbearer.token.endpoint.url = null
	security.protocol = PLAINTEXT
	security.providers = null
	send.buffer.bytes = 131072
	session.timeout.ms = 45000
	socket.connection.setup.timeout.max.ms = 30000
	socket.connection.setup.timeout.ms = 10000
	ssl.cipher.suites = null
	ssl.enabled.protocols = [TLSv1.2, TLSv1.3]
	ssl.endpoint.identification.algorithm = https
	ssl.engine.factory.class = null
	ssl.key.password = null
	ssl.keymanager.algorithm = SunX509
	ssl.keystore.certificate.chain = null
	ssl.keystore.key = null
	ssl.keystore.location = null
	ssl.keystore.password = null
	ssl.keystore.type = JKS
	ssl.protocol = TLSv1.3
	ssl.provider = null
	ssl.secure.random.implementation = null
	ssl.trustmanager.algorithm = PKIX
	ssl.truststore.certificates = null
	ssl.truststore.location = null
	ssl.truststore.password = null
	ssl.truststore.type = JKS
	value.deserializer = class io.apicurio.registry.serde.avro.AvroKafkaDeserializer

2025-08-07 20:31:31,342 INFO  [org.apa.kaf.com.tel.int.KafkaMetricsCollector] (main) initializing Kafka metrics collector
2025-08-07 20:31:31,348 INFO  [org.apa.kaf.cli.Metadata] (kafka-producer-network-thread | Producer-topic-95b42e27_bbf5_47b1_98c9_ad10dd1bdac0) [Producer clientId=Producer-topic-95b42e27_bbf5_47b1_98c9_ad10dd1bdac0] Cluster ID: VsWUIKwhTKC56aKd3Rs4Pw
2025-08-07 20:31:31,350 INFO  [org.apa.kaf.cli.con.ConsumerConfig] (main) These configurations '[apicurio.registry.url]' were supplied but are not used yet.
2025-08-07 20:31:31,350 INFO  [org.apa.kaf.com.uti.AppInfoParser] (main) Kafka version: 3.9.1
2025-08-07 20:31:31,350 INFO  [org.apa.kaf.com.uti.AppInfoParser] (main) Kafka commitId: f745dfdcee2b9851
2025-08-07 20:31:31,350 INFO  [org.apa.kaf.com.uti.AppInfoParser] (main) Kafka startTimeMs: 1754598691350
2025-08-07 20:31:31,351 INFO  [org.apa.kaf.cli.pro.int.TransactionManager] (kafka-producer-network-thread | Producer-topic-95b42e27_bbf5_47b1_98c9_ad10dd1bdac0) [Producer clientId=Producer-topic-95b42e27_bbf5_47b1_98c9_ad10dd1bdac0] ProducerId set to 12 with epoch 0
2025-08-07 20:31:31,351 INFO  [io.api.tes.ser.api.KafkaSerdesTester] (Thread-672) Sending message {"key11754598690149": "value-0"} to topic topic-95b42e27_bbf5_47b1_98c9_ad10dd1bdac0
2025-08-07 20:31:31,355 INFO  [DefaultSchemaResolver] (Thread-672) Retrieving schema content using string: {"type":"record","name":"s40c648d9x5cbex47aex9679x2a386a8abce6","namespace":"ns_ea346a26_b580_46e9_a814_0acd846f1386","fields":[{"name":"key11754598690149","type":"string"}]}
2025-08-07 20:31:31,515 INFO  [io.api.tes.ser.api.KafkaSerdesTester] (Thread-672) Sending message {"key11754598690149": "value-1"} to topic topic-95b42e27_bbf5_47b1_98c9_ad10dd1bdac0
2025-08-07 20:31:31,518 INFO  [io.api.tes.ser.api.KafkaSerdesTester] (Thread-672) Sending message {"key11754598690149": "value-2"} to topic topic-95b42e27_bbf5_47b1_98c9_ad10dd1bdac0
2025-08-07 20:31:31,523 INFO  [io.api.tes.ser.api.KafkaSerdesTester] (Thread-672) Sending message {"key11754598690149": "value-3"} to topic topic-95b42e27_bbf5_47b1_98c9_ad10dd1bdac0
2025-08-07 20:31:31,524 INFO  [io.api.tes.ser.api.KafkaSerdesTester] (Thread-672) Sending message {"key11754598690149": "value-4"} to topic topic-95b42e27_bbf5_47b1_98c9_ad10dd1bdac0
2025-08-07 20:31:31,530 INFO  [io.api.tes.ser.api.KafkaSerdesTester] (Thread-672) Sending message {"key11754598690149": "value-5"} to topic topic-95b42e27_bbf5_47b1_98c9_ad10dd1bdac0
2025-08-07 20:31:31,532 INFO  [io.api.tes.ser.api.KafkaSerdesTester] (Thread-672) Sending message {"key11754598690149": "value-6"} to topic topic-95b42e27_bbf5_47b1_98c9_ad10dd1bdac0
2025-08-07 20:31:31,533 INFO  [io.api.tes.ser.api.KafkaSerdesTester] (Thread-672) Sending message {"key11754598690149": "value-7"} to topic topic-95b42e27_bbf5_47b1_98c9_ad10dd1bdac0
2025-08-07 20:31:31,534 INFO  [io.api.tes.ser.api.KafkaSerdesTester] (Thread-672) Sending message {"key11754598690149": "value-8"} to topic topic-95b42e27_bbf5_47b1_98c9_ad10dd1bdac0
2025-08-07 20:31:31,536 INFO  [io.api.tes.ser.api.KafkaSerdesTester] (Thread-672) Sending message {"key11754598690149": "value-9"} to topic topic-95b42e27_bbf5_47b1_98c9_ad10dd1bdac0
2025-08-07 20:31:31,537 INFO  [io.api.tes.ser.api.KafkaSerdesTester] (Thread-672) Produced 10 messages
2025-08-07 20:31:31,538 INFO  [org.apa.kaf.cli.pro.KafkaProducer] (Thread-672) [Producer clientId=Producer-topic-95b42e27_bbf5_47b1_98c9_ad10dd1bdac0] Closing the Kafka producer with timeoutMillis = 9223372036854775807 ms.
2025-08-07 20:31:31,539 INFO  [org.apa.kaf.com.met.Metrics] (Thread-672) Metrics scheduler closed
2025-08-07 20:31:31,540 INFO  [org.apa.kaf.com.met.Metrics] (Thread-672) Closing reporter org.apache.kafka.common.metrics.JmxReporter
2025-08-07 20:31:31,540 INFO  [org.apa.kaf.com.met.Metrics] (Thread-672) Closing reporter org.apache.kafka.common.telemetry.internals.ClientTelemetryReporter
2025-08-07 20:31:31,540 INFO  [org.apa.kaf.com.met.Metrics] (Thread-672) Metrics reporters closed
2025-08-07 20:31:31,540 INFO  [org.apa.kaf.com.uti.AppInfoParser] (Thread-672) App info kafka.producer for Producer-topic-95b42e27_bbf5_47b1_98c9_ad10dd1bdac0 unregistered
2025-08-07 20:31:31,541 INFO  [org.apa.kaf.cli.con.int.ClassicKafkaConsumer] (Thread-673) [Consumer clientId=consumer-Consumer-topic-95b42e27_bbf5_47b1_98c9_ad10dd1bdac0-10, groupId=Consumer-topic-95b42e27_bbf5_47b1_98c9_ad10dd1bdac0] Subscribed to topic(s): topic-95b42e27_bbf5_47b1_98c9_ad10dd1bdac0
2025-08-07 20:31:31,549 INFO  [org.apa.kaf.cli.Metadata] (Thread-673) [Consumer clientId=consumer-Consumer-topic-95b42e27_bbf5_47b1_98c9_ad10dd1bdac0-10, groupId=Consumer-topic-95b42e27_bbf5_47b1_98c9_ad10dd1bdac0] Cluster ID: VsWUIKwhTKC56aKd3Rs4Pw
2025-08-07 20:31:31,551 INFO  [org.apa.kaf.cli.con.int.ConsumerCoordinator] (Thread-673) [Consumer clientId=consumer-Consumer-topic-95b42e27_bbf5_47b1_98c9_ad10dd1bdac0-10, groupId=Consumer-topic-95b42e27_bbf5_47b1_98c9_ad10dd1bdac0] Discovered group coordinator localhost:32769 (id: 2147483647 rack: null)
2025-08-07 20:31:31,553 INFO  [org.apa.kaf.cli.con.int.ConsumerCoordinator] (Thread-673) [Consumer clientId=consumer-Consumer-topic-95b42e27_bbf5_47b1_98c9_ad10dd1bdac0-10, groupId=Consumer-topic-95b42e27_bbf5_47b1_98c9_ad10dd1bdac0] (Re-)joining group
2025-08-07 20:31:31,556 INFO  [org.apa.kaf.cli.con.int.ConsumerCoordinator] (Thread-673) [Consumer clientId=consumer-Consumer-topic-95b42e27_bbf5_47b1_98c9_ad10dd1bdac0-10, groupId=Consumer-topic-95b42e27_bbf5_47b1_98c9_ad10dd1bdac0] Request joining group due to: need to re-join with the given member-id: consumer-Consumer-topic-95b42e27_bbf5_47b1_98c9_ad10dd1bdac0-10-6dcecf81-ec96-4494-9c96-73bdccbc636e
2025-08-07 20:31:31,556 INFO  [org.apa.kaf.cli.con.int.ConsumerCoordinator] (Thread-673) [Consumer clientId=consumer-Consumer-topic-95b42e27_bbf5_47b1_98c9_ad10dd1bdac0-10, groupId=Consumer-topic-95b42e27_bbf5_47b1_98c9_ad10dd1bdac0] (Re-)joining group
2025-08-07 20:31:32,541 INFO  [io.api.tes.ser.api.KafkaSerdesTester] (Thread-673) None found
2025-08-07 20:31:33,541 INFO  [io.api.tes.ser.api.KafkaSerdesTester] (Thread-673) None found
2025-08-07 20:31:34,542 INFO  [io.api.tes.ser.api.KafkaSerdesTester] (Thread-673) None found
2025-08-07 20:31:34,558 INFO  [org.apa.kaf.cli.con.int.ConsumerCoordinator] (Thread-673) [Consumer clientId=consumer-Consumer-topic-95b42e27_bbf5_47b1_98c9_ad10dd1bdac0-10, groupId=Consumer-topic-95b42e27_bbf5_47b1_98c9_ad10dd1bdac0] Successfully joined group with generation Generation{generationId=1, memberId='consumer-Consumer-topic-95b42e27_bbf5_47b1_98c9_ad10dd1bdac0-10-6dcecf81-ec96-4494-9c96-73bdccbc636e', protocol='range'}
2025-08-07 20:31:34,558 INFO  [org.apa.kaf.cli.con.int.ConsumerCoordinator] (Thread-673) [Consumer clientId=consumer-Consumer-topic-95b42e27_bbf5_47b1_98c9_ad10dd1bdac0-10, groupId=Consumer-topic-95b42e27_bbf5_47b1_98c9_ad10dd1bdac0] Finished assignment for group at generation 1: {consumer-Consumer-topic-95b42e27_bbf5_47b1_98c9_ad10dd1bdac0-10-6dcecf81-ec96-4494-9c96-73bdccbc636e=Assignment(partitions=[topic-95b42e27_bbf5_47b1_98c9_ad10dd1bdac0-0])}
2025-08-07 20:31:34,565 INFO  [org.apa.kaf.cli.con.int.ConsumerCoordinator] (Thread-673) [Consumer clientId=consumer-Consumer-topic-95b42e27_bbf5_47b1_98c9_ad10dd1bdac0-10, groupId=Consumer-topic-95b42e27_bbf5_47b1_98c9_ad10dd1bdac0] Successfully synced group in generation Generation{generationId=1, memberId='consumer-Consumer-topic-95b42e27_bbf5_47b1_98c9_ad10dd1bdac0-10-6dcecf81-ec96-4494-9c96-73bdccbc636e', protocol='range'}
2025-08-07 20:31:34,565 INFO  [org.apa.kaf.cli.con.int.ConsumerCoordinator] (Thread-673) [Consumer clientId=consumer-Consumer-topic-95b42e27_bbf5_47b1_98c9_ad10dd1bdac0-10, groupId=Consumer-topic-95b42e27_bbf5_47b1_98c9_ad10dd1bdac0] Notifying assignor about the new Assignment(partitions=[topic-95b42e27_bbf5_47b1_98c9_ad10dd1bdac0-0])
2025-08-07 20:31:34,565 INFO  [org.apa.kaf.cli.con.int.ConsumerRebalanceListenerInvoker] (Thread-673) [Consumer clientId=consumer-Consumer-topic-95b42e27_bbf5_47b1_98c9_ad10dd1bdac0-10, groupId=Consumer-topic-95b42e27_bbf5_47b1_98c9_ad10dd1bdac0] Adding newly assigned partitions: topic-95b42e27_bbf5_47b1_98c9_ad10dd1bdac0-0
2025-08-07 20:31:34,566 INFO  [org.apa.kaf.cli.con.int.ConsumerCoordinator] (Thread-673) [Consumer clientId=consumer-Consumer-topic-95b42e27_bbf5_47b1_98c9_ad10dd1bdac0-10, groupId=Consumer-topic-95b42e27_bbf5_47b1_98c9_ad10dd1bdac0] Found no committed offset for partition topic-95b42e27_bbf5_47b1_98c9_ad10dd1bdac0-0
2025-08-07 20:31:34,569 INFO  [org.apa.kaf.cli.con.int.SubscriptionState] (Thread-673) [Consumer clientId=consumer-Consumer-topic-95b42e27_bbf5_47b1_98c9_ad10dd1bdac0-10, groupId=Consumer-topic-95b42e27_bbf5_47b1_98c9_ad10dd1bdac0] Resetting offset for partition topic-95b42e27_bbf5_47b1_98c9_ad10dd1bdac0-0 to position FetchPosition{offset=0, offsetEpoch=Optional.empty, currentLeader=LeaderAndEpoch{leader=Optional[localhost:32769 (id: 0 rack: null)], epoch=0}}.
2025-08-07 20:31:34,810 INFO  [io.api.tes.ser.api.KafkaSerdesTester] (Thread-673) topic-95b42e27_bbf5_47b1_98c9_ad10dd1bdac0 0 0 {"key11754598690149": "value-0"}
2025-08-07 20:31:34,810 INFO  [io.api.tes.ser.api.KafkaSerdesTester] (Thread-673) topic-95b42e27_bbf5_47b1_98c9_ad10dd1bdac0 0 1 {"key11754598690149": "value-1"}
2025-08-07 20:31:34,810 INFO  [io.api.tes.ser.api.KafkaSerdesTester] (Thread-673) topic-95b42e27_bbf5_47b1_98c9_ad10dd1bdac0 0 2 {"key11754598690149": "value-2"}
2025-08-07 20:31:34,810 INFO  [io.api.tes.ser.api.KafkaSerdesTester] (Thread-673) topic-95b42e27_bbf5_47b1_98c9_ad10dd1bdac0 0 3 {"key11754598690149": "value-3"}
2025-08-07 20:31:34,810 INFO  [io.api.tes.ser.api.KafkaSerdesTester] (Thread-673) topic-95b42e27_bbf5_47b1_98c9_ad10dd1bdac0 0 4 {"key11754598690149": "value-4"}
2025-08-07 20:31:34,810 INFO  [io.api.tes.ser.api.KafkaSerdesTester] (Thread-673) topic-95b42e27_bbf5_47b1_98c9_ad10dd1bdac0 0 5 {"key11754598690149": "value-5"}
2025-08-07 20:31:34,810 INFO  [io.api.tes.ser.api.KafkaSerdesTester] (Thread-673) topic-95b42e27_bbf5_47b1_98c9_ad10dd1bdac0 0 6 {"key11754598690149": "value-6"}
2025-08-07 20:31:34,810 INFO  [io.api.tes.ser.api.KafkaSerdesTester] (Thread-673) topic-95b42e27_bbf5_47b1_98c9_ad10dd1bdac0 0 7 {"key11754598690149": "value-7"}
2025-08-07 20:31:34,810 INFO  [io.api.tes.ser.api.KafkaSerdesTester] (Thread-673) topic-95b42e27_bbf5_47b1_98c9_ad10dd1bdac0 0 8 {"key11754598690149": "value-8"}
2025-08-07 20:31:34,810 INFO  [io.api.tes.ser.api.KafkaSerdesTester] (Thread-673) topic-95b42e27_bbf5_47b1_98c9_ad10dd1bdac0 0 9 {"key11754598690149": "value-9"}
2025-08-07 20:31:34,810 INFO  [io.api.tes.ser.api.KafkaSerdesTester] (Thread-673) Consumed 10 messages
2025-08-07 20:31:34,821 INFO  [org.apa.kaf.cli.con.int.ConsumerRebalanceListenerInvoker] (Thread-673) [Consumer clientId=consumer-Consumer-topic-95b42e27_bbf5_47b1_98c9_ad10dd1bdac0-10, groupId=Consumer-topic-95b42e27_bbf5_47b1_98c9_ad10dd1bdac0] Revoke previously assigned partitions topic-95b42e27_bbf5_47b1_98c9_ad10dd1bdac0-0
2025-08-07 20:31:34,821 INFO  [org.apa.kaf.cli.con.int.ConsumerCoordinator] (Thread-673) [Consumer clientId=consumer-Consumer-topic-95b42e27_bbf5_47b1_98c9_ad10dd1bdac0-10, groupId=Consumer-topic-95b42e27_bbf5_47b1_98c9_ad10dd1bdac0] Member consumer-Consumer-topic-95b42e27_bbf5_47b1_98c9_ad10dd1bdac0-10-6dcecf81-ec96-4494-9c96-73bdccbc636e sending LeaveGroup request to coordinator localhost:32769 (id: 2147483647 rack: null) due to the consumer is being closed
2025-08-07 20:31:34,822 INFO  [org.apa.kaf.cli.con.int.ConsumerCoordinator] (Thread-673) [Consumer clientId=consumer-Consumer-topic-95b42e27_bbf5_47b1_98c9_ad10dd1bdac0-10, groupId=Consumer-topic-95b42e27_bbf5_47b1_98c9_ad10dd1bdac0] Resetting generation and member id due to: consumer pro-actively leaving the group
2025-08-07 20:31:34,822 INFO  [org.apa.kaf.cli.con.int.ConsumerCoordinator] (Thread-673) [Consumer clientId=consumer-Consumer-topic-95b42e27_bbf5_47b1_98c9_ad10dd1bdac0-10, groupId=Consumer-topic-95b42e27_bbf5_47b1_98c9_ad10dd1bdac0] Request joining group due to: consumer pro-actively leaving the group
2025-08-07 20:31:35,314 INFO  [org.apa.kaf.com.met.Metrics] (Thread-673) Metrics scheduler closed
2025-08-07 20:31:35,314 INFO  [org.apa.kaf.com.met.Metrics] (Thread-673) Closing reporter org.apache.kafka.common.metrics.JmxReporter
2025-08-07 20:31:35,314 INFO  [org.apa.kaf.com.met.Metrics] (Thread-673) Closing reporter org.apache.kafka.common.telemetry.internals.ClientTelemetryReporter
2025-08-07 20:31:35,314 INFO  [org.apa.kaf.com.met.Metrics] (Thread-673) Metrics reporters closed
2025-08-07 20:31:35,316 INFO  [org.apa.kaf.com.uti.AppInfoParser] (Thread-673) App info kafka.consumer for consumer-Consumer-topic-95b42e27_bbf5_47b1_98c9_ad10dd1bdac0-10 unregistered
2025-08-07 20:31:35,317 INFO  [io.api.tes.ser.api.AvroSerdeIT] (main) Registering Avro Schema 2: {"type":"record","name":"s40c648d9x5cbex47aex9679x2a386a8abce6","namespace":"ns_ea346a26_b580_46e9_a814_0acd846f1386","fields":[{"name":"key11754598690149","type":"string"},{"name":"key21754598695316","type":"string"}]}
**** Registry Base URL: http://registry-app-mysql.apps.ci419.apicurio-testing.org:80
2025-08-07 20:31:36,586 INFO  [org.apa.kaf.cli.pro.ProducerConfig] (main) ProducerConfig values: 
	acks = -1
	auto.include.jmx.reporter = true
	batch.size = 16384
	bootstrap.servers = [PLAINTEXT://localhost:32769]
	buffer.memory = 33554432
	client.dns.lookup = use_all_dns_ips
	client.id = Producer-topic-95b42e27_bbf5_47b1_98c9_ad10dd1bdac0
	compression.gzip.level = -1
	compression.lz4.level = 9
	compression.type = none
	compression.zstd.level = 3
	connections.max.idle.ms = 10000
	delivery.timeout.ms = 120000
	enable.idempotence = true
	enable.metrics.push = true
	interceptor.classes = []
	key.serializer = class org.apache.kafka.common.serialization.StringSerializer
	linger.ms = 0
	max.block.ms = 60000
	max.in.flight.requests.per.connection = 5
	max.request.size = 1048576
	metadata.max.age.ms = 300000
	metadata.max.idle.ms = 300000
	metadata.recovery.strategy = none
	metric.reporters = []
	metrics.num.samples = 2
	metrics.recording.level = INFO
	metrics.sample.window.ms = 30000
	partitioner.adaptive.partitioning.enable = true
	partitioner.availability.timeout.ms = 0
	partitioner.class = null
	partitioner.ignore.keys = false
	receive.buffer.bytes = 32768
	reconnect.backoff.max.ms = 1000
	reconnect.backoff.ms = 50
	request.timeout.ms = 5000
	retries = 2147483647
	retry.backoff.max.ms = 1000
	retry.backoff.ms = 100
	sasl.client.callback.handler.class = null
	sasl.jaas.config = null
	sasl.kerberos.kinit.cmd = /usr/bin/kinit
	sasl.kerberos.min.time.before.relogin = 60000
	sasl.kerberos.service.name = null
	sasl.kerberos.ticket.renew.jitter = 0.05
	sasl.kerberos.ticket.renew.window.factor = 0.8
	sasl.login.callback.handler.class = null
	sasl.login.class = null
	sasl.login.connect.timeout.ms = null
	sasl.login.read.timeout.ms = null
	sasl.login.refresh.buffer.seconds = 300
	sasl.login.refresh.min.period.seconds = 60
	sasl.login.refresh.window.factor = 0.8
	sasl.login.refresh.window.jitter = 0.05
	sasl.login.retry.backoff.max.ms = 10000
	sasl.login.retry.backoff.ms = 100
	sasl.mechanism = GSSAPI
	sasl.oauthbearer.clock.skew.seconds = 30
	sasl.oauthbearer.expected.audience = null
	sasl.oauthbearer.expected.issuer = null
	sasl.oauthbearer.header.urlencode = false
	sasl.oauthbearer.jwks.endpoint.refresh.ms = 3600000
	sasl.oauthbearer.jwks.endpoint.retry.backoff.max.ms = 10000
	sasl.oauthbearer.jwks.endpoint.retry.backoff.ms = 100
	sasl.oauthbearer.jwks.endpoint.url = null
	sasl.oauthbearer.scope.claim.name = scope
	sasl.oauthbearer.sub.claim.name = sub
	sasl.oauthbearer.token.endpoint.url = null
	security.protocol = PLAINTEXT
	security.providers = null
	send.buffer.bytes = 131072
	socket.connection.setup.timeout.max.ms = 30000
	socket.connection.setup.timeout.ms = 10000
	ssl.cipher.suites = null
	ssl.enabled.protocols = [TLSv1.2, TLSv1.3]
	ssl.endpoint.identification.algorithm = https
	ssl.engine.factory.class = null
	ssl.key.password = null
	ssl.keymanager.algorithm = SunX509
	ssl.keystore.certificate.chain = null
	ssl.keystore.key = null
	ssl.keystore.location = null
	ssl.keystore.password = null
	ssl.keystore.type = JKS
	ssl.protocol = TLSv1.3
	ssl.provider = null
	ssl.secure.random.implementation = null
	ssl.trustmanager.algorithm = PKIX
	ssl.truststore.certificates = null
	ssl.truststore.location = null
	ssl.truststore.password = null
	ssl.truststore.type = JKS
	transaction.timeout.ms = 60000
	transactional.id = null
	value.serializer = class io.apicurio.registry.serde.avro.AvroKafkaSerializer

2025-08-07 20:31:36,586 INFO  [org.apa.kaf.com.tel.int.KafkaMetricsCollector] (main) initializing Kafka metrics collector
2025-08-07 20:31:36,590 INFO  [org.apa.kaf.cli.pro.KafkaProducer] (main) [Producer clientId=Producer-topic-95b42e27_bbf5_47b1_98c9_ad10dd1bdac0] Instantiated an idempotent producer.
2025-08-07 20:31:36,592 INFO  [org.apa.kaf.cli.pro.ProducerConfig] (main) These configurations '[apicurio.registry.url, apicurio.registry.artifact-resolver-strategy]' were supplied but are not used yet.
2025-08-07 20:31:36,592 INFO  [org.apa.kaf.com.uti.AppInfoParser] (main) Kafka version: 3.9.1
2025-08-07 20:31:36,592 INFO  [org.apa.kaf.com.uti.AppInfoParser] (main) Kafka commitId: f745dfdcee2b9851
2025-08-07 20:31:36,592 INFO  [org.apa.kaf.com.uti.AppInfoParser] (main) Kafka startTimeMs: 1754598696592
2025-08-07 20:31:36,594 INFO  [io.api.tes.ser.api.KafkaSerdesTester] (Thread-676) Sending message {"key11754598690149": "value-0", "key21754598695316": "value-0"} to topic topic-95b42e27_bbf5_47b1_98c9_ad10dd1bdac0
2025-08-07 20:31:36,601 INFO  [org.apa.kaf.cli.Metadata] (kafka-producer-network-thread | Producer-topic-95b42e27_bbf5_47b1_98c9_ad10dd1bdac0) [Producer clientId=Producer-topic-95b42e27_bbf5_47b1_98c9_ad10dd1bdac0] Cluster ID: VsWUIKwhTKC56aKd3Rs4Pw
2025-08-07 20:31:36,601 INFO  [DefaultSchemaResolver] (Thread-676) Retrieving schema content using string: {"type":"record","name":"s40c648d9x5cbex47aex9679x2a386a8abce6","namespace":"ns_ea346a26_b580_46e9_a814_0acd846f1386","fields":[{"name":"key11754598690149","type":"string"},{"name":"key21754598695316","type":"string"}]}
2025-08-07 20:31:36,603 INFO  [org.apa.kaf.cli.pro.int.TransactionManager] (kafka-producer-network-thread | Producer-topic-95b42e27_bbf5_47b1_98c9_ad10dd1bdac0) [Producer clientId=Producer-topic-95b42e27_bbf5_47b1_98c9_ad10dd1bdac0] ProducerId set to 13 with epoch 0
2025-08-07 20:31:36,764 INFO  [io.api.tes.ser.api.KafkaSerdesTester] (Thread-676) Sending message {"key11754598690149": "value-1", "key21754598695316": "value-1"} to topic topic-95b42e27_bbf5_47b1_98c9_ad10dd1bdac0
2025-08-07 20:31:36,768 INFO  [io.api.tes.ser.api.KafkaSerdesTester] (Thread-676) Sending message {"key11754598690149": "value-2", "key21754598695316": "value-2"} to topic topic-95b42e27_bbf5_47b1_98c9_ad10dd1bdac0
2025-08-07 20:31:36,771 INFO  [io.api.tes.ser.api.KafkaSerdesTester] (Thread-676) Sending message {"key11754598690149": "value-3", "key21754598695316": "value-3"} to topic topic-95b42e27_bbf5_47b1_98c9_ad10dd1bdac0
2025-08-07 20:31:36,776 INFO  [io.api.tes.ser.api.KafkaSerdesTester] (Thread-676) Sending message {"key11754598690149": "value-4", "key21754598695316": "value-4"} to topic topic-95b42e27_bbf5_47b1_98c9_ad10dd1bdac0
2025-08-07 20:31:36,778 INFO  [io.api.tes.ser.api.KafkaSerdesTester] (Thread-676) Sending message {"key11754598690149": "value-5", "key21754598695316": "value-5"} to topic topic-95b42e27_bbf5_47b1_98c9_ad10dd1bdac0
2025-08-07 20:31:36,779 INFO  [io.api.tes.ser.api.KafkaSerdesTester] (Thread-676) Sending message {"key11754598690149": "value-6", "key21754598695316": "value-6"} to topic topic-95b42e27_bbf5_47b1_98c9_ad10dd1bdac0
2025-08-07 20:31:36,781 INFO  [io.api.tes.ser.api.KafkaSerdesTester] (Thread-676) Sending message {"key11754598690149": "value-7", "key21754598695316": "value-7"} to topic topic-95b42e27_bbf5_47b1_98c9_ad10dd1bdac0
2025-08-07 20:31:36,782 INFO  [io.api.tes.ser.api.KafkaSerdesTester] (Thread-676) Sending message {"key11754598690149": "value-8", "key21754598695316": "value-8"} to topic topic-95b42e27_bbf5_47b1_98c9_ad10dd1bdac0
2025-08-07 20:31:36,783 INFO  [io.api.tes.ser.api.KafkaSerdesTester] (Thread-676) Sending message {"key11754598690149": "value-9", "key21754598695316": "value-9"} to topic topic-95b42e27_bbf5_47b1_98c9_ad10dd1bdac0
2025-08-07 20:31:36,786 INFO  [io.api.tes.ser.api.KafkaSerdesTester] (Thread-676) Produced 10 messages
2025-08-07 20:31:36,786 INFO  [org.apa.kaf.cli.pro.KafkaProducer] (Thread-676) [Producer clientId=Producer-topic-95b42e27_bbf5_47b1_98c9_ad10dd1bdac0] Closing the Kafka producer with timeoutMillis = 9223372036854775807 ms.
2025-08-07 20:31:36,791 INFO  [org.apa.kaf.com.met.Metrics] (Thread-676) Metrics scheduler closed
2025-08-07 20:31:36,791 INFO  [org.apa.kaf.com.met.Metrics] (Thread-676) Closing reporter org.apache.kafka.common.metrics.JmxReporter
2025-08-07 20:31:36,791 INFO  [org.apa.kaf.com.met.Metrics] (Thread-676) Closing reporter org.apache.kafka.common.telemetry.internals.ClientTelemetryReporter
2025-08-07 20:31:36,791 INFO  [org.apa.kaf.com.met.Metrics] (Thread-676) Metrics reporters closed
2025-08-07 20:31:36,791 INFO  [org.apa.kaf.com.uti.AppInfoParser] (Thread-676) App info kafka.producer for Producer-topic-95b42e27_bbf5_47b1_98c9_ad10dd1bdac0 unregistered
**** Registry Base URL: http://registry-app-mysql.apps.ci419.apicurio-testing.org:80
2025-08-07 20:31:36,792 INFO  [org.apa.kaf.cli.pro.ProducerConfig] (main) ProducerConfig values: 
	acks = -1
	auto.include.jmx.reporter = true
	batch.size = 16384
	bootstrap.servers = [PLAINTEXT://localhost:32769]
	buffer.memory = 33554432
	client.dns.lookup = use_all_dns_ips
	client.id = Producer-topic-95b42e27_bbf5_47b1_98c9_ad10dd1bdac0
	compression.gzip.level = -1
	compression.lz4.level = 9
	compression.type = none
	compression.zstd.level = 3
	connections.max.idle.ms = 10000
	delivery.timeout.ms = 120000
	enable.idempotence = true
	enable.metrics.push = true
	interceptor.classes = []
	key.serializer = class org.apache.kafka.common.serialization.StringSerializer
	linger.ms = 0
	max.block.ms = 60000
	max.in.flight.requests.per.connection = 5
	max.request.size = 1048576
	metadata.max.age.ms = 300000
	metadata.max.idle.ms = 300000
	metadata.recovery.strategy = none
	metric.reporters = []
	metrics.num.samples = 2
	metrics.recording.level = INFO
	metrics.sample.window.ms = 30000
	partitioner.adaptive.partitioning.enable = true
	partitioner.availability.timeout.ms = 0
	partitioner.class = null
	partitioner.ignore.keys = false
	receive.buffer.bytes = 32768
	reconnect.backoff.max.ms = 1000
	reconnect.backoff.ms = 50
	request.timeout.ms = 5000
	retries = 2147483647
	retry.backoff.max.ms = 1000
	retry.backoff.ms = 100
	sasl.client.callback.handler.class = null
	sasl.jaas.config = null
	sasl.kerberos.kinit.cmd = /usr/bin/kinit
	sasl.kerberos.min.time.before.relogin = 60000
	sasl.kerberos.service.name = null
	sasl.kerberos.ticket.renew.jitter = 0.05
	sasl.kerberos.ticket.renew.window.factor = 0.8
	sasl.login.callback.handler.class = null
	sasl.login.class = null
	sasl.login.connect.timeout.ms = null
	sasl.login.read.timeout.ms = null
	sasl.login.refresh.buffer.seconds = 300
	sasl.login.refresh.min.period.seconds = 60
	sasl.login.refresh.window.factor = 0.8
	sasl.login.refresh.window.jitter = 0.05
	sasl.login.retry.backoff.max.ms = 10000
	sasl.login.retry.backoff.ms = 100
	sasl.mechanism = GSSAPI
	sasl.oauthbearer.clock.skew.seconds = 30
	sasl.oauthbearer.expected.audience = null
	sasl.oauthbearer.expected.issuer = null
	sasl.oauthbearer.header.urlencode = false
	sasl.oauthbearer.jwks.endpoint.refresh.ms = 3600000
	sasl.oauthbearer.jwks.endpoint.retry.backoff.max.ms = 10000
	sasl.oauthbearer.jwks.endpoint.retry.backoff.ms = 100
	sasl.oauthbearer.jwks.endpoint.url = null
	sasl.oauthbearer.scope.claim.name = scope
	sasl.oauthbearer.sub.claim.name = sub
	sasl.oauthbearer.token.endpoint.url = null
	security.protocol = PLAINTEXT
	security.providers = null
	send.buffer.bytes = 131072
	socket.connection.setup.timeout.max.ms = 30000
	socket.connection.setup.timeout.ms = 10000
	ssl.cipher.suites = null
	ssl.enabled.protocols = [TLSv1.2, TLSv1.3]
	ssl.endpoint.identification.algorithm = https
	ssl.engine.factory.class = null
	ssl.key.password = null
	ssl.keymanager.algorithm = SunX509
	ssl.keystore.certificate.chain = null
	ssl.keystore.key = null
	ssl.keystore.location = null
	ssl.keystore.password = null
	ssl.keystore.type = JKS
	ssl.protocol = TLSv1.3
	ssl.provider = null
	ssl.secure.random.implementation = null
	ssl.trustmanager.algorithm = PKIX
	ssl.truststore.certificates = null
	ssl.truststore.location = null
	ssl.truststore.password = null
	ssl.truststore.type = JKS
	transaction.timeout.ms = 60000
	transactional.id = null
	value.serializer = class io.apicurio.registry.serde.avro.AvroKafkaSerializer

2025-08-07 20:31:36,792 INFO  [org.apa.kaf.com.tel.int.KafkaMetricsCollector] (main) initializing Kafka metrics collector
2025-08-07 20:31:36,798 INFO  [org.apa.kaf.cli.pro.KafkaProducer] (main) [Producer clientId=Producer-topic-95b42e27_bbf5_47b1_98c9_ad10dd1bdac0] Instantiated an idempotent producer.
2025-08-07 20:31:36,805 INFO  [org.apa.kaf.cli.pro.ProducerConfig] (main) These configurations '[apicurio.registry.url, apicurio.registry.artifact-resolver-strategy]' were supplied but are not used yet.
2025-08-07 20:31:36,805 INFO  [org.apa.kaf.com.uti.AppInfoParser] (main) Kafka version: 3.9.1
2025-08-07 20:31:36,805 INFO  [org.apa.kaf.com.uti.AppInfoParser] (main) Kafka commitId: f745dfdcee2b9851
2025-08-07 20:31:36,805 INFO  [org.apa.kaf.com.uti.AppInfoParser] (main) Kafka startTimeMs: 1754598696805
2025-08-07 20:31:36,806 INFO  [io.api.tes.ser.api.KafkaSerdesTester] (Thread-679) Sending message {"key11754598690149": "value-0"} to topic topic-95b42e27_bbf5_47b1_98c9_ad10dd1bdac0
2025-08-07 20:31:36,812 INFO  [org.apa.kaf.cli.Metadata] (kafka-producer-network-thread | Producer-topic-95b42e27_bbf5_47b1_98c9_ad10dd1bdac0) [Producer clientId=Producer-topic-95b42e27_bbf5_47b1_98c9_ad10dd1bdac0] Cluster ID: VsWUIKwhTKC56aKd3Rs4Pw
2025-08-07 20:31:36,812 INFO  [org.apa.kaf.cli.pro.int.TransactionManager] (kafka-producer-network-thread | Producer-topic-95b42e27_bbf5_47b1_98c9_ad10dd1bdac0) [Producer clientId=Producer-topic-95b42e27_bbf5_47b1_98c9_ad10dd1bdac0] ProducerId set to 14 with epoch 0
2025-08-07 20:31:36,812 INFO  [DefaultSchemaResolver] (Thread-679) Retrieving schema content using string: {"type":"record","name":"s40c648d9x5cbex47aex9679x2a386a8abce6","namespace":"ns_ea346a26_b580_46e9_a814_0acd846f1386","fields":[{"name":"key11754598690149","type":"string"}]}
2025-08-07 20:31:36,982 INFO  [io.api.tes.ser.api.KafkaSerdesTester] (Thread-679) Sending message {"key11754598690149": "value-1"} to topic topic-95b42e27_bbf5_47b1_98c9_ad10dd1bdac0
2025-08-07 20:31:36,983 INFO  [io.api.tes.ser.api.KafkaSerdesTester] (Thread-679) Sending message {"key11754598690149": "value-2"} to topic topic-95b42e27_bbf5_47b1_98c9_ad10dd1bdac0
2025-08-07 20:31:36,984 INFO  [io.api.tes.ser.api.KafkaSerdesTester] (Thread-679) Sending message {"key11754598690149": "value-3"} to topic topic-95b42e27_bbf5_47b1_98c9_ad10dd1bdac0
2025-08-07 20:31:36,985 INFO  [io.api.tes.ser.api.KafkaSerdesTester] (Thread-679) Sending message {"key11754598690149": "value-4"} to topic topic-95b42e27_bbf5_47b1_98c9_ad10dd1bdac0
2025-08-07 20:31:36,986 INFO  [io.api.tes.ser.api.KafkaSerdesTester] (Thread-679) Sending message {"key11754598690149": "value-5"} to topic topic-95b42e27_bbf5_47b1_98c9_ad10dd1bdac0
2025-08-07 20:31:36,988 INFO  [io.api.tes.ser.api.KafkaSerdesTester] (Thread-679) Sending message {"key11754598690149": "value-6"} to topic topic-95b42e27_bbf5_47b1_98c9_ad10dd1bdac0
2025-08-07 20:31:36,990 INFO  [io.api.tes.ser.api.KafkaSerdesTester] (Thread-679) Sending message {"key11754598690149": "value-7"} to topic topic-95b42e27_bbf5_47b1_98c9_ad10dd1bdac0
2025-08-07 20:31:36,992 INFO  [io.api.tes.ser.api.KafkaSerdesTester] (Thread-679) Sending message {"key11754598690149": "value-8"} to topic topic-95b42e27_bbf5_47b1_98c9_ad10dd1bdac0
2025-08-07 20:31:36,993 INFO  [io.api.tes.ser.api.KafkaSerdesTester] (Thread-679) Sending message {"key11754598690149": "value-9"} to topic topic-95b42e27_bbf5_47b1_98c9_ad10dd1bdac0
2025-08-07 20:31:36,994 INFO  [io.api.tes.ser.api.KafkaSerdesTester] (Thread-679) Produced 10 messages
2025-08-07 20:31:36,995 INFO  [org.apa.kaf.cli.pro.KafkaProducer] (Thread-679) [Producer clientId=Producer-topic-95b42e27_bbf5_47b1_98c9_ad10dd1bdac0] Closing the Kafka producer with timeoutMillis = 9223372036854775807 ms.
2025-08-07 20:31:36,997 INFO  [org.apa.kaf.com.met.Metrics] (Thread-679) Metrics scheduler closed
2025-08-07 20:31:36,997 INFO  [org.apa.kaf.com.met.Metrics] (Thread-679) Closing reporter org.apache.kafka.common.metrics.JmxReporter
2025-08-07 20:31:36,997 INFO  [org.apa.kaf.com.met.Metrics] (Thread-679) Closing reporter org.apache.kafka.common.telemetry.internals.ClientTelemetryReporter
2025-08-07 20:31:36,997 INFO  [org.apa.kaf.com.met.Metrics] (Thread-679) Metrics reporters closed
2025-08-07 20:31:36,997 INFO  [org.apa.kaf.com.uti.AppInfoParser] (Thread-679) App info kafka.producer for Producer-topic-95b42e27_bbf5_47b1_98c9_ad10dd1bdac0 unregistered
**** Registry Base URL: http://registry-app-mysql.apps.ci419.apicurio-testing.org:80
2025-08-07 20:31:36,998 INFO  [org.apa.kaf.cli.con.ConsumerConfig] (main) ConsumerConfig values: 
	allow.auto.create.topics = true
	auto.commit.interval.ms = 500
	auto.include.jmx.reporter = true
	auto.offset.reset = earliest
	bootstrap.servers = [PLAINTEXT://localhost:32769]
	check.crcs = true
	client.dns.lookup = use_all_dns_ips
	client.id = consumer-Consumer-topic-95b42e27_bbf5_47b1_98c9_ad10dd1bdac0-11
	client.rack = 
	connections.max.idle.ms = 10000
	default.api.timeout.ms = 60000
	enable.auto.commit = true
	enable.metrics.push = true
	exclude.internal.topics = true
	fetch.max.bytes = 52428800
	fetch.max.wait.ms = 500
	fetch.min.bytes = 1
	group.id = Consumer-topic-95b42e27_bbf5_47b1_98c9_ad10dd1bdac0
	group.instance.id = null
	group.protocol = classic
	group.remote.assignor = null
	heartbeat.interval.ms = 3000
	interceptor.classes = []
	internal.leave.group.on.close = true
	internal.throw.on.fetch.stable.offset.unsupported = false
	isolation.level = read_uncommitted
	key.deserializer = class org.apache.kafka.common.serialization.StringDeserializer
	max.partition.fetch.bytes = 1048576
	max.poll.interval.ms = 300000
	max.poll.records = 500
	metadata.max.age.ms = 300000
	metadata.recovery.strategy = none
	metric.reporters = []
	metrics.num.samples = 2
	metrics.recording.level = INFO
	metrics.sample.window.ms = 30000
	partition.assignment.strategy = [class org.apache.kafka.clients.consumer.RangeAssignor, class org.apache.kafka.clients.consumer.CooperativeStickyAssignor]
	receive.buffer.bytes = 65536
	reconnect.backoff.max.ms = 1000
	reconnect.backoff.ms = 50
	request.timeout.ms = 5000
	retry.backoff.max.ms = 1000
	retry.backoff.ms = 100
	sasl.client.callback.handler.class = null
	sasl.jaas.config = null
	sasl.kerberos.kinit.cmd = /usr/bin/kinit
	sasl.kerberos.min.time.before.relogin = 60000
	sasl.kerberos.service.name = null
	sasl.kerberos.ticket.renew.jitter = 0.05
	sasl.kerberos.ticket.renew.window.factor = 0.8
	sasl.login.callback.handler.class = null
	sasl.login.class = null
	sasl.login.connect.timeout.ms = null
	sasl.login.read.timeout.ms = null
	sasl.login.refresh.buffer.seconds = 300
	sasl.login.refresh.min.period.seconds = 60
	sasl.login.refresh.window.factor = 0.8
	sasl.login.refresh.window.jitter = 0.05
	sasl.login.retry.backoff.max.ms = 10000
	sasl.login.retry.backoff.ms = 100
	sasl.mechanism = GSSAPI
	sasl.oauthbearer.clock.skew.seconds = 30
	sasl.oauthbearer.expected.audience = null
	sasl.oauthbearer.expected.issuer = null
	sasl.oauthbearer.header.urlencode = false
	sasl.oauthbearer.jwks.endpoint.refresh.ms = 3600000
	sasl.oauthbearer.jwks.endpoint.retry.backoff.max.ms = 10000
	sasl.oauthbearer.jwks.endpoint.retry.backoff.ms = 100
	sasl.oauthbearer.jwks.endpoint.url = null
	sasl.oauthbearer.scope.claim.name = scope
	sasl.oauthbearer.sub.claim.name = sub
	sasl.oauthbearer.token.endpoint.url = null
	security.protocol = PLAINTEXT
	security.providers = null
	send.buffer.bytes = 131072
	session.timeout.ms = 45000
	socket.connection.setup.timeout.max.ms = 30000
	socket.connection.setup.timeout.ms = 10000
	ssl.cipher.suites = null
	ssl.enabled.protocols = [TLSv1.2, TLSv1.3]
	ssl.endpoint.identification.algorithm = https
	ssl.engine.factory.class = null
	ssl.key.password = null
	ssl.keymanager.algorithm = SunX509
	ssl.keystore.certificate.chain = null
	ssl.keystore.key = null
	ssl.keystore.location = null
	ssl.keystore.password = null
	ssl.keystore.type = JKS
	ssl.protocol = TLSv1.3
	ssl.provider = null
	ssl.secure.random.implementation = null
	ssl.trustmanager.algorithm = PKIX
	ssl.truststore.certificates = null
	ssl.truststore.location = null
	ssl.truststore.password = null
	ssl.truststore.type = JKS
	value.deserializer = class io.apicurio.registry.serde.avro.AvroKafkaDeserializer

2025-08-07 20:31:36,998 INFO  [org.apa.kaf.com.tel.int.KafkaMetricsCollector] (main) initializing Kafka metrics collector
2025-08-07 20:31:37,007 INFO  [org.apa.kaf.cli.con.ConsumerConfig] (main) These configurations '[apicurio.registry.url]' were supplied but are not used yet.
2025-08-07 20:31:37,007 INFO  [org.apa.kaf.com.uti.AppInfoParser] (main) Kafka version: 3.9.1
2025-08-07 20:31:37,007 INFO  [org.apa.kaf.com.uti.AppInfoParser] (main) Kafka commitId: f745dfdcee2b9851
2025-08-07 20:31:37,007 INFO  [org.apa.kaf.com.uti.AppInfoParser] (main) Kafka startTimeMs: 1754598697007
2025-08-07 20:31:37,009 INFO  [org.apa.kaf.cli.con.int.ClassicKafkaConsumer] (Thread-682) [Consumer clientId=consumer-Consumer-topic-95b42e27_bbf5_47b1_98c9_ad10dd1bdac0-11, groupId=Consumer-topic-95b42e27_bbf5_47b1_98c9_ad10dd1bdac0] Subscribed to topic(s): topic-95b42e27_bbf5_47b1_98c9_ad10dd1bdac0
2025-08-07 20:31:37,016 INFO  [org.apa.kaf.cli.Metadata] (Thread-682) [Consumer clientId=consumer-Consumer-topic-95b42e27_bbf5_47b1_98c9_ad10dd1bdac0-11, groupId=Consumer-topic-95b42e27_bbf5_47b1_98c9_ad10dd1bdac0] Cluster ID: VsWUIKwhTKC56aKd3Rs4Pw
2025-08-07 20:31:37,019 INFO  [org.apa.kaf.cli.con.int.ConsumerCoordinator] (Thread-682) [Consumer clientId=consumer-Consumer-topic-95b42e27_bbf5_47b1_98c9_ad10dd1bdac0-11, groupId=Consumer-topic-95b42e27_bbf5_47b1_98c9_ad10dd1bdac0] Discovered group coordinator localhost:32769 (id: 2147483647 rack: null)
2025-08-07 20:31:37,026 INFO  [org.apa.kaf.cli.con.int.ConsumerCoordinator] (Thread-682) [Consumer clientId=consumer-Consumer-topic-95b42e27_bbf5_47b1_98c9_ad10dd1bdac0-11, groupId=Consumer-topic-95b42e27_bbf5_47b1_98c9_ad10dd1bdac0] (Re-)joining group
2025-08-07 20:31:37,030 INFO  [org.apa.kaf.cli.con.int.ConsumerCoordinator] (Thread-682) [Consumer clientId=consumer-Consumer-topic-95b42e27_bbf5_47b1_98c9_ad10dd1bdac0-11, groupId=Consumer-topic-95b42e27_bbf5_47b1_98c9_ad10dd1bdac0] Request joining group due to: need to re-join with the given member-id: consumer-Consumer-topic-95b42e27_bbf5_47b1_98c9_ad10dd1bdac0-11-45bc714c-623f-49a2-9753-27447d46fc29
2025-08-07 20:31:37,030 INFO  [org.apa.kaf.cli.con.int.ConsumerCoordinator] (Thread-682) [Consumer clientId=consumer-Consumer-topic-95b42e27_bbf5_47b1_98c9_ad10dd1bdac0-11, groupId=Consumer-topic-95b42e27_bbf5_47b1_98c9_ad10dd1bdac0] (Re-)joining group
2025-08-07 20:31:38,009 INFO  [io.api.tes.ser.api.KafkaSerdesTester] (Thread-682) None found
2025-08-07 20:31:39,009 INFO  [io.api.tes.ser.api.KafkaSerdesTester] (Thread-682) None found
2025-08-07 20:31:40,009 INFO  [io.api.tes.ser.api.KafkaSerdesTester] (Thread-682) None found
2025-08-07 20:31:40,033 INFO  [org.apa.kaf.cli.con.int.ConsumerCoordinator] (Thread-682) [Consumer clientId=consumer-Consumer-topic-95b42e27_bbf5_47b1_98c9_ad10dd1bdac0-11, groupId=Consumer-topic-95b42e27_bbf5_47b1_98c9_ad10dd1bdac0] Successfully joined group with generation Generation{generationId=3, memberId='consumer-Consumer-topic-95b42e27_bbf5_47b1_98c9_ad10dd1bdac0-11-45bc714c-623f-49a2-9753-27447d46fc29', protocol='range'}
2025-08-07 20:31:40,033 INFO  [org.apa.kaf.cli.con.int.ConsumerCoordinator] (Thread-682) [Consumer clientId=consumer-Consumer-topic-95b42e27_bbf5_47b1_98c9_ad10dd1bdac0-11, groupId=Consumer-topic-95b42e27_bbf5_47b1_98c9_ad10dd1bdac0] Finished assignment for group at generation 3: {consumer-Consumer-topic-95b42e27_bbf5_47b1_98c9_ad10dd1bdac0-11-45bc714c-623f-49a2-9753-27447d46fc29=Assignment(partitions=[topic-95b42e27_bbf5_47b1_98c9_ad10dd1bdac0-0])}
2025-08-07 20:31:40,040 INFO  [org.apa.kaf.cli.con.int.ConsumerCoordinator] (Thread-682) [Consumer clientId=consumer-Consumer-topic-95b42e27_bbf5_47b1_98c9_ad10dd1bdac0-11, groupId=Consumer-topic-95b42e27_bbf5_47b1_98c9_ad10dd1bdac0] Successfully synced group in generation Generation{generationId=3, memberId='consumer-Consumer-topic-95b42e27_bbf5_47b1_98c9_ad10dd1bdac0-11-45bc714c-623f-49a2-9753-27447d46fc29', protocol='range'}
2025-08-07 20:31:40,040 INFO  [org.apa.kaf.cli.con.int.ConsumerCoordinator] (Thread-682) [Consumer clientId=consumer-Consumer-topic-95b42e27_bbf5_47b1_98c9_ad10dd1bdac0-11, groupId=Consumer-topic-95b42e27_bbf5_47b1_98c9_ad10dd1bdac0] Notifying assignor about the new Assignment(partitions=[topic-95b42e27_bbf5_47b1_98c9_ad10dd1bdac0-0])
2025-08-07 20:31:40,040 INFO  [org.apa.kaf.cli.con.int.ConsumerRebalanceListenerInvoker] (Thread-682) [Consumer clientId=consumer-Consumer-topic-95b42e27_bbf5_47b1_98c9_ad10dd1bdac0-11, groupId=Consumer-topic-95b42e27_bbf5_47b1_98c9_ad10dd1bdac0] Adding newly assigned partitions: topic-95b42e27_bbf5_47b1_98c9_ad10dd1bdac0-0
2025-08-07 20:31:40,042 INFO  [org.apa.kaf.cli.con.int.ConsumerUtils] (Thread-682) Setting offset for partition topic-95b42e27_bbf5_47b1_98c9_ad10dd1bdac0-0 to the committed offset FetchPosition{offset=10, offsetEpoch=Optional[0], currentLeader=LeaderAndEpoch{leader=Optional[localhost:32769 (id: 0 rack: null)], epoch=0}}
2025-08-07 20:31:40,444 INFO  [io.api.tes.ser.api.KafkaSerdesTester] (Thread-682) topic-95b42e27_bbf5_47b1_98c9_ad10dd1bdac0 0 10 {"key11754598690149": "value-0", "key21754598695316": "value-0"}
2025-08-07 20:31:40,444 INFO  [io.api.tes.ser.api.KafkaSerdesTester] (Thread-682) topic-95b42e27_bbf5_47b1_98c9_ad10dd1bdac0 0 11 {"key11754598690149": "value-1", "key21754598695316": "value-1"}
2025-08-07 20:31:40,445 INFO  [io.api.tes.ser.api.KafkaSerdesTester] (Thread-682) topic-95b42e27_bbf5_47b1_98c9_ad10dd1bdac0 0 12 {"key11754598690149": "value-2", "key21754598695316": "value-2"}
2025-08-07 20:31:40,445 INFO  [io.api.tes.ser.api.KafkaSerdesTester] (Thread-682) topic-95b42e27_bbf5_47b1_98c9_ad10dd1bdac0 0 13 {"key11754598690149": "value-3", "key21754598695316": "value-3"}
2025-08-07 20:31:40,445 INFO  [io.api.tes.ser.api.KafkaSerdesTester] (Thread-682) topic-95b42e27_bbf5_47b1_98c9_ad10dd1bdac0 0 14 {"key11754598690149": "value-4", "key21754598695316": "value-4"}
2025-08-07 20:31:40,445 INFO  [io.api.tes.ser.api.KafkaSerdesTester] (Thread-682) topic-95b42e27_bbf5_47b1_98c9_ad10dd1bdac0 0 15 {"key11754598690149": "value-5", "key21754598695316": "value-5"}
2025-08-07 20:31:40,445 INFO  [io.api.tes.ser.api.KafkaSerdesTester] (Thread-682) topic-95b42e27_bbf5_47b1_98c9_ad10dd1bdac0 0 16 {"key11754598690149": "value-6", "key21754598695316": "value-6"}
2025-08-07 20:31:40,445 INFO  [io.api.tes.ser.api.KafkaSerdesTester] (Thread-682) topic-95b42e27_bbf5_47b1_98c9_ad10dd1bdac0 0 17 {"key11754598690149": "value-7", "key21754598695316": "value-7"}
2025-08-07 20:31:40,445 INFO  [io.api.tes.ser.api.KafkaSerdesTester] (Thread-682) topic-95b42e27_bbf5_47b1_98c9_ad10dd1bdac0 0 18 {"key11754598690149": "value-8", "key21754598695316": "value-8"}
2025-08-07 20:31:40,445 INFO  [io.api.tes.ser.api.KafkaSerdesTester] (Thread-682) topic-95b42e27_bbf5_47b1_98c9_ad10dd1bdac0 0 19 {"key11754598690149": "value-9", "key21754598695316": "value-9"}
2025-08-07 20:31:40,445 INFO  [io.api.tes.ser.api.KafkaSerdesTester] (Thread-682) topic-95b42e27_bbf5_47b1_98c9_ad10dd1bdac0 0 20 {"key11754598690149": "value-0"}
2025-08-07 20:31:40,445 INFO  [io.api.tes.ser.api.KafkaSerdesTester] (Thread-682) topic-95b42e27_bbf5_47b1_98c9_ad10dd1bdac0 0 21 {"key11754598690149": "value-1"}
2025-08-07 20:31:40,445 INFO  [io.api.tes.ser.api.KafkaSerdesTester] (Thread-682) topic-95b42e27_bbf5_47b1_98c9_ad10dd1bdac0 0 22 {"key11754598690149": "value-2"}
2025-08-07 20:31:40,445 INFO  [io.api.tes.ser.api.KafkaSerdesTester] (Thread-682) topic-95b42e27_bbf5_47b1_98c9_ad10dd1bdac0 0 23 {"key11754598690149": "value-3"}
2025-08-07 20:31:40,445 INFO  [io.api.tes.ser.api.KafkaSerdesTester] (Thread-682) topic-95b42e27_bbf5_47b1_98c9_ad10dd1bdac0 0 24 {"key11754598690149": "value-4"}
2025-08-07 20:31:40,445 INFO  [io.api.tes.ser.api.KafkaSerdesTester] (Thread-682) topic-95b42e27_bbf5_47b1_98c9_ad10dd1bdac0 0 25 {"key11754598690149": "value-5"}
2025-08-07 20:31:40,445 INFO  [io.api.tes.ser.api.KafkaSerdesTester] (Thread-682) topic-95b42e27_bbf5_47b1_98c9_ad10dd1bdac0 0 26 {"key11754598690149": "value-6"}
2025-08-07 20:31:40,445 INFO  [io.api.tes.ser.api.KafkaSerdesTester] (Thread-682) topic-95b42e27_bbf5_47b1_98c9_ad10dd1bdac0 0 27 {"key11754598690149": "value-7"}
2025-08-07 20:31:40,445 INFO  [io.api.tes.ser.api.KafkaSerdesTester] (Thread-682) topic-95b42e27_bbf5_47b1_98c9_ad10dd1bdac0 0 28 {"key11754598690149": "value-8"}
2025-08-07 20:31:40,445 INFO  [io.api.tes.ser.api.KafkaSerdesTester] (Thread-682) topic-95b42e27_bbf5_47b1_98c9_ad10dd1bdac0 0 29 {"key11754598690149": "value-9"}
2025-08-07 20:31:40,445 INFO  [io.api.tes.ser.api.KafkaSerdesTester] (Thread-682) Consumed 20 messages
2025-08-07 20:31:40,453 INFO  [org.apa.kaf.cli.con.int.ConsumerRebalanceListenerInvoker] (Thread-682) [Consumer clientId=consumer-Consumer-topic-95b42e27_bbf5_47b1_98c9_ad10dd1bdac0-11, groupId=Consumer-topic-95b42e27_bbf5_47b1_98c9_ad10dd1bdac0] Revoke previously assigned partitions topic-95b42e27_bbf5_47b1_98c9_ad10dd1bdac0-0
2025-08-07 20:31:40,453 INFO  [org.apa.kaf.cli.con.int.ConsumerCoordinator] (Thread-682) [Consumer clientId=consumer-Consumer-topic-95b42e27_bbf5_47b1_98c9_ad10dd1bdac0-11, groupId=Consumer-topic-95b42e27_bbf5_47b1_98c9_ad10dd1bdac0] Member consumer-Consumer-topic-95b42e27_bbf5_47b1_98c9_ad10dd1bdac0-11-45bc714c-623f-49a2-9753-27447d46fc29 sending LeaveGroup request to coordinator localhost:32769 (id: 2147483647 rack: null) due to the consumer is being closed
2025-08-07 20:31:40,453 INFO  [org.apa.kaf.cli.con.int.ConsumerCoordinator] (Thread-682) [Consumer clientId=consumer-Consumer-topic-95b42e27_bbf5_47b1_98c9_ad10dd1bdac0-11, groupId=Consumer-topic-95b42e27_bbf5_47b1_98c9_ad10dd1bdac0] Resetting generation and member id due to: consumer pro-actively leaving the group
2025-08-07 20:31:40,453 INFO  [org.apa.kaf.cli.con.int.ConsumerCoordinator] (Thread-682) [Consumer clientId=consumer-Consumer-topic-95b42e27_bbf5_47b1_98c9_ad10dd1bdac0-11, groupId=Consumer-topic-95b42e27_bbf5_47b1_98c9_ad10dd1bdac0] Request joining group due to: consumer pro-actively leaving the group
2025-08-07 20:31:40,947 INFO  [org.apa.kaf.com.met.Metrics] (Thread-682) Metrics scheduler closed
2025-08-07 20:31:40,947 INFO  [org.apa.kaf.com.met.Metrics] (Thread-682) Closing reporter org.apache.kafka.common.metrics.JmxReporter
2025-08-07 20:31:40,947 INFO  [org.apa.kaf.com.met.Metrics] (Thread-682) Closing reporter org.apache.kafka.common.telemetry.internals.ClientTelemetryReporter
2025-08-07 20:31:40,947 INFO  [org.apa.kaf.com.met.Metrics] (Thread-682) Metrics reporters closed
2025-08-07 20:31:40,949 INFO  [org.apa.kaf.com.uti.AppInfoParser] (Thread-682) App info kafka.consumer for consumer-Consumer-topic-95b42e27_bbf5_47b1_98c9_ad10dd1bdac0-11 unregistered
2025-08-07 20:31:40,950 INFO  [io.api.tes.ser.api.AvroSerdeIT] (main) Registering Avro Schema 3: {"type":"record","name":"s40c648d9x5cbex47aex9679x2a386a8abce6","namespace":"ns_ea346a26_b580_46e9_a814_0acd846f1386","fields":[{"name":"key11754598690149","type":"string"},{"name":"key21754598695316","type":"string"},{"name":"key31754598700949","type":"string"}]}
**** Registry Base URL: http://registry-app-mysql.apps.ci419.apicurio-testing.org:80
2025-08-07 20:31:42,228 INFO  [org.apa.kaf.cli.pro.ProducerConfig] (main) ProducerConfig values: 
	acks = -1
	auto.include.jmx.reporter = true
	batch.size = 16384
	bootstrap.servers = [PLAINTEXT://localhost:32769]
	buffer.memory = 33554432
	client.dns.lookup = use_all_dns_ips
	client.id = Producer-topic-95b42e27_bbf5_47b1_98c9_ad10dd1bdac0
	compression.gzip.level = -1
	compression.lz4.level = 9
	compression.type = none
	compression.zstd.level = 3
	connections.max.idle.ms = 10000
	delivery.timeout.ms = 120000
	enable.idempotence = true
	enable.metrics.push = true
	interceptor.classes = []
	key.serializer = class org.apache.kafka.common.serialization.StringSerializer
	linger.ms = 0
	max.block.ms = 60000
	max.in.flight.requests.per.connection = 5
	max.request.size = 1048576
	metadata.max.age.ms = 300000
	metadata.max.idle.ms = 300000
	metadata.recovery.strategy = none
	metric.reporters = []
	metrics.num.samples = 2
	metrics.recording.level = INFO
	metrics.sample.window.ms = 30000
	partitioner.adaptive.partitioning.enable = true
	partitioner.availability.timeout.ms = 0
	partitioner.class = null
	partitioner.ignore.keys = false
	receive.buffer.bytes = 32768
	reconnect.backoff.max.ms = 1000
	reconnect.backoff.ms = 50
	request.timeout.ms = 5000
	retries = 2147483647
	retry.backoff.max.ms = 1000
	retry.backoff.ms = 100
	sasl.client.callback.handler.class = null
	sasl.jaas.config = null
	sasl.kerberos.kinit.cmd = /usr/bin/kinit
	sasl.kerberos.min.time.before.relogin = 60000
	sasl.kerberos.service.name = null
	sasl.kerberos.ticket.renew.jitter = 0.05
	sasl.kerberos.ticket.renew.window.factor = 0.8
	sasl.login.callback.handler.class = null
	sasl.login.class = null
	sasl.login.connect.timeout.ms = null
	sasl.login.read.timeout.ms = null
	sasl.login.refresh.buffer.seconds = 300
	sasl.login.refresh.min.period.seconds = 60
	sasl.login.refresh.window.factor = 0.8
	sasl.login.refresh.window.jitter = 0.05
	sasl.login.retry.backoff.max.ms = 10000
	sasl.login.retry.backoff.ms = 100
	sasl.mechanism = GSSAPI
	sasl.oauthbearer.clock.skew.seconds = 30
	sasl.oauthbearer.expected.audience = null
	sasl.oauthbearer.expected.issuer = null
	sasl.oauthbearer.header.urlencode = false
	sasl.oauthbearer.jwks.endpoint.refresh.ms = 3600000
	sasl.oauthbearer.jwks.endpoint.retry.backoff.max.ms = 10000
	sasl.oauthbearer.jwks.endpoint.retry.backoff.ms = 100
	sasl.oauthbearer.jwks.endpoint.url = null
	sasl.oauthbearer.scope.claim.name = scope
	sasl.oauthbearer.sub.claim.name = sub
	sasl.oauthbearer.token.endpoint.url = null
	security.protocol = PLAINTEXT
	security.providers = null
	send.buffer.bytes = 131072
	socket.connection.setup.timeout.max.ms = 30000
	socket.connection.setup.timeout.ms = 10000
	ssl.cipher.suites = null
	ssl.enabled.protocols = [TLSv1.2, TLSv1.3]
	ssl.endpoint.identification.algorithm = https
	ssl.engine.factory.class = null
	ssl.key.password = null
	ssl.keymanager.algorithm = SunX509
	ssl.keystore.certificate.chain = null
	ssl.keystore.key = null
	ssl.keystore.location = null
	ssl.keystore.password = null
	ssl.keystore.type = JKS
	ssl.protocol = TLSv1.3
	ssl.provider = null
	ssl.secure.random.implementation = null
	ssl.trustmanager.algorithm = PKIX
	ssl.truststore.certificates = null
	ssl.truststore.location = null
	ssl.truststore.password = null
	ssl.truststore.type = JKS
	transaction.timeout.ms = 60000
	transactional.id = null
	value.serializer = class io.apicurio.registry.serde.avro.AvroKafkaSerializer

2025-08-07 20:31:42,228 INFO  [org.apa.kaf.com.tel.int.KafkaMetricsCollector] (main) initializing Kafka metrics collector
2025-08-07 20:31:42,232 INFO  [org.apa.kaf.cli.pro.KafkaProducer] (main) [Producer clientId=Producer-topic-95b42e27_bbf5_47b1_98c9_ad10dd1bdac0] Instantiated an idempotent producer.
2025-08-07 20:31:42,234 INFO  [org.apa.kaf.cli.pro.ProducerConfig] (main) These configurations '[apicurio.registry.url, apicurio.registry.artifact-resolver-strategy]' were supplied but are not used yet.
2025-08-07 20:31:42,234 INFO  [org.apa.kaf.com.uti.AppInfoParser] (main) Kafka version: 3.9.1
2025-08-07 20:31:42,234 INFO  [org.apa.kaf.com.uti.AppInfoParser] (main) Kafka commitId: f745dfdcee2b9851
2025-08-07 20:31:42,234 INFO  [org.apa.kaf.com.uti.AppInfoParser] (main) Kafka startTimeMs: 1754598702234
2025-08-07 20:31:42,237 INFO  [io.api.tes.ser.api.KafkaSerdesTester] (Thread-685) Sending message {"key11754598690149": "value-0", "key21754598695316": "value-0", "key31754598700949": "value-0"} to topic topic-95b42e27_bbf5_47b1_98c9_ad10dd1bdac0
2025-08-07 20:31:42,239 INFO  [org.apa.kaf.cli.Metadata] (kafka-producer-network-thread | Producer-topic-95b42e27_bbf5_47b1_98c9_ad10dd1bdac0) [Producer clientId=Producer-topic-95b42e27_bbf5_47b1_98c9_ad10dd1bdac0] Cluster ID: VsWUIKwhTKC56aKd3Rs4Pw
2025-08-07 20:31:42,240 INFO  [DefaultSchemaResolver] (Thread-685) Retrieving schema content using string: {"type":"record","name":"s40c648d9x5cbex47aex9679x2a386a8abce6","namespace":"ns_ea346a26_b580_46e9_a814_0acd846f1386","fields":[{"name":"key11754598690149","type":"string"},{"name":"key21754598695316","type":"string"},{"name":"key31754598700949","type":"string"}]}
2025-08-07 20:31:42,240 INFO  [org.apa.kaf.cli.pro.int.TransactionManager] (kafka-producer-network-thread | Producer-topic-95b42e27_bbf5_47b1_98c9_ad10dd1bdac0) [Producer clientId=Producer-topic-95b42e27_bbf5_47b1_98c9_ad10dd1bdac0] ProducerId set to 15 with epoch 0
2025-08-07 20:31:42,400 INFO  [io.api.tes.ser.api.KafkaSerdesTester] (Thread-685) Sending message {"key11754598690149": "value-1", "key21754598695316": "value-1", "key31754598700949": "value-1"} to topic topic-95b42e27_bbf5_47b1_98c9_ad10dd1bdac0
2025-08-07 20:31:42,401 INFO  [io.api.tes.ser.api.KafkaSerdesTester] (Thread-685) Sending message {"key11754598690149": "value-2", "key21754598695316": "value-2", "key31754598700949": "value-2"} to topic topic-95b42e27_bbf5_47b1_98c9_ad10dd1bdac0
2025-08-07 20:31:42,402 INFO  [io.api.tes.ser.api.KafkaSerdesTester] (Thread-685) Sending message {"key11754598690149": "value-3", "key21754598695316": "value-3", "key31754598700949": "value-3"} to topic topic-95b42e27_bbf5_47b1_98c9_ad10dd1bdac0
2025-08-07 20:31:42,403 INFO  [io.api.tes.ser.api.KafkaSerdesTester] (Thread-685) Sending message {"key11754598690149": "value-4", "key21754598695316": "value-4", "key31754598700949": "value-4"} to topic topic-95b42e27_bbf5_47b1_98c9_ad10dd1bdac0
2025-08-07 20:31:42,406 INFO  [io.api.tes.ser.api.KafkaSerdesTester] (Thread-685) Sending message {"key11754598690149": "value-5", "key21754598695316": "value-5", "key31754598700949": "value-5"} to topic topic-95b42e27_bbf5_47b1_98c9_ad10dd1bdac0
2025-08-07 20:31:42,407 INFO  [io.api.tes.ser.api.KafkaSerdesTester] (Thread-685) Sending message {"key11754598690149": "value-6", "key21754598695316": "value-6", "key31754598700949": "value-6"} to topic topic-95b42e27_bbf5_47b1_98c9_ad10dd1bdac0
2025-08-07 20:31:42,408 INFO  [io.api.tes.ser.api.KafkaSerdesTester] (Thread-685) Sending message {"key11754598690149": "value-7", "key21754598695316": "value-7", "key31754598700949": "value-7"} to topic topic-95b42e27_bbf5_47b1_98c9_ad10dd1bdac0
2025-08-07 20:31:42,409 INFO  [io.api.tes.ser.api.KafkaSerdesTester] (Thread-685) Sending message {"key11754598690149": "value-8", "key21754598695316": "value-8", "key31754598700949": "value-8"} to topic topic-95b42e27_bbf5_47b1_98c9_ad10dd1bdac0
2025-08-07 20:31:42,411 INFO  [io.api.tes.ser.api.KafkaSerdesTester] (Thread-685) Sending message {"key11754598690149": "value-9", "key21754598695316": "value-9", "key31754598700949": "value-9"} to topic topic-95b42e27_bbf5_47b1_98c9_ad10dd1bdac0
2025-08-07 20:31:42,412 INFO  [io.api.tes.ser.api.KafkaSerdesTester] (Thread-685) Produced 10 messages
2025-08-07 20:31:42,412 INFO  [org.apa.kaf.cli.pro.KafkaProducer] (Thread-685) [Producer clientId=Producer-topic-95b42e27_bbf5_47b1_98c9_ad10dd1bdac0] Closing the Kafka producer with timeoutMillis = 9223372036854775807 ms.
2025-08-07 20:31:42,414 INFO  [org.apa.kaf.com.met.Metrics] (Thread-685) Metrics scheduler closed
2025-08-07 20:31:42,414 INFO  [org.apa.kaf.com.met.Metrics] (Thread-685) Closing reporter org.apache.kafka.common.metrics.JmxReporter
2025-08-07 20:31:42,414 INFO  [org.apa.kaf.com.met.Metrics] (Thread-685) Closing reporter org.apache.kafka.common.telemetry.internals.ClientTelemetryReporter
2025-08-07 20:31:42,414 INFO  [org.apa.kaf.com.met.Metrics] (Thread-685) Metrics reporters closed
2025-08-07 20:31:42,415 INFO  [org.apa.kaf.com.uti.AppInfoParser] (Thread-685) App info kafka.producer for Producer-topic-95b42e27_bbf5_47b1_98c9_ad10dd1bdac0 unregistered
**** Registry Base URL: http://registry-app-mysql.apps.ci419.apicurio-testing.org:80
2025-08-07 20:31:42,416 INFO  [org.apa.kaf.cli.pro.ProducerConfig] (main) ProducerConfig values: 
	acks = -1
	auto.include.jmx.reporter = true
	batch.size = 16384
	bootstrap.servers = [PLAINTEXT://localhost:32769]
	buffer.memory = 33554432
	client.dns.lookup = use_all_dns_ips
	client.id = Producer-topic-95b42e27_bbf5_47b1_98c9_ad10dd1bdac0
	compression.gzip.level = -1
	compression.lz4.level = 9
	compression.type = none
	compression.zstd.level = 3
	connections.max.idle.ms = 10000
	delivery.timeout.ms = 120000
	enable.idempotence = true
	enable.metrics.push = true
	interceptor.classes = []
	key.serializer = class org.apache.kafka.common.serialization.StringSerializer
	linger.ms = 0
	max.block.ms = 60000
	max.in.flight.requests.per.connection = 5
	max.request.size = 1048576
	metadata.max.age.ms = 300000
	metadata.max.idle.ms = 300000
	metadata.recovery.strategy = none
	metric.reporters = []
	metrics.num.samples = 2
	metrics.recording.level = INFO
	metrics.sample.window.ms = 30000
	partitioner.adaptive.partitioning.enable = true
	partitioner.availability.timeout.ms = 0
	partitioner.class = null
	partitioner.ignore.keys = false
	receive.buffer.bytes = 32768
	reconnect.backoff.max.ms = 1000
	reconnect.backoff.ms = 50
	request.timeout.ms = 5000
	retries = 2147483647
	retry.backoff.max.ms = 1000
	retry.backoff.ms = 100
	sasl.client.callback.handler.class = null
	sasl.jaas.config = null
	sasl.kerberos.kinit.cmd = /usr/bin/kinit
	sasl.kerberos.min.time.before.relogin = 60000
	sasl.kerberos.service.name = null
	sasl.kerberos.ticket.renew.jitter = 0.05
	sasl.kerberos.ticket.renew.window.factor = 0.8
	sasl.login.callback.handler.class = null
	sasl.login.class = null
	sasl.login.connect.timeout.ms = null
	sasl.login.read.timeout.ms = null
	sasl.login.refresh.buffer.seconds = 300
	sasl.login.refresh.min.period.seconds = 60
	sasl.login.refresh.window.factor = 0.8
	sasl.login.refresh.window.jitter = 0.05
	sasl.login.retry.backoff.max.ms = 10000
	sasl.login.retry.backoff.ms = 100
	sasl.mechanism = GSSAPI
	sasl.oauthbearer.clock.skew.seconds = 30
	sasl.oauthbearer.expected.audience = null
	sasl.oauthbearer.expected.issuer = null
	sasl.oauthbearer.header.urlencode = false
	sasl.oauthbearer.jwks.endpoint.refresh.ms = 3600000
	sasl.oauthbearer.jwks.endpoint.retry.backoff.max.ms = 10000
	sasl.oauthbearer.jwks.endpoint.retry.backoff.ms = 100
	sasl.oauthbearer.jwks.endpoint.url = null
	sasl.oauthbearer.scope.claim.name = scope
	sasl.oauthbearer.sub.claim.name = sub
	sasl.oauthbearer.token.endpoint.url = null
	security.protocol = PLAINTEXT
	security.providers = null
	send.buffer.bytes = 131072
	socket.connection.setup.timeout.max.ms = 30000
	socket.connection.setup.timeout.ms = 10000
	ssl.cipher.suites = null
	ssl.enabled.protocols = [TLSv1.2, TLSv1.3]
	ssl.endpoint.identification.algorithm = https
	ssl.engine.factory.class = null
	ssl.key.password = null
	ssl.keymanager.algorithm = SunX509
	ssl.keystore.certificate.chain = null
	ssl.keystore.key = null
	ssl.keystore.location = null
	ssl.keystore.password = null
	ssl.keystore.type = JKS
	ssl.protocol = TLSv1.3
	ssl.provider = null
	ssl.secure.random.implementation = null
	ssl.trustmanager.algorithm = PKIX
	ssl.truststore.certificates = null
	ssl.truststore.location = null
	ssl.truststore.password = null
	ssl.truststore.type = JKS
	transaction.timeout.ms = 60000
	transactional.id = null
	value.serializer = class io.apicurio.registry.serde.avro.AvroKafkaSerializer

2025-08-07 20:31:42,417 INFO  [org.apa.kaf.com.tel.int.KafkaMetricsCollector] (main) initializing Kafka metrics collector
2025-08-07 20:31:42,421 INFO  [org.apa.kaf.cli.pro.KafkaProducer] (main) [Producer clientId=Producer-topic-95b42e27_bbf5_47b1_98c9_ad10dd1bdac0] Instantiated an idempotent producer.
2025-08-07 20:31:42,424 INFO  [org.apa.kaf.cli.pro.ProducerConfig] (main) These configurations '[apicurio.registry.url, apicurio.registry.artifact-resolver-strategy]' were supplied but are not used yet.
2025-08-07 20:31:42,424 INFO  [org.apa.kaf.com.uti.AppInfoParser] (main) Kafka version: 3.9.1
2025-08-07 20:31:42,424 INFO  [org.apa.kaf.com.uti.AppInfoParser] (main) Kafka commitId: f745dfdcee2b9851
2025-08-07 20:31:42,424 INFO  [org.apa.kaf.com.uti.AppInfoParser] (main) Kafka startTimeMs: 1754598702424
2025-08-07 20:31:42,426 INFO  [io.api.tes.ser.api.KafkaSerdesTester] (Thread-688) Sending message {"key11754598690149": "value-0", "key21754598695316": "value-0"} to topic topic-95b42e27_bbf5_47b1_98c9_ad10dd1bdac0
2025-08-07 20:31:42,429 INFO  [org.apa.kaf.cli.Metadata] (kafka-producer-network-thread | Producer-topic-95b42e27_bbf5_47b1_98c9_ad10dd1bdac0) [Producer clientId=Producer-topic-95b42e27_bbf5_47b1_98c9_ad10dd1bdac0] Cluster ID: VsWUIKwhTKC56aKd3Rs4Pw
2025-08-07 20:31:42,429 INFO  [DefaultSchemaResolver] (Thread-688) Retrieving schema content using string: {"type":"record","name":"s40c648d9x5cbex47aex9679x2a386a8abce6","namespace":"ns_ea346a26_b580_46e9_a814_0acd846f1386","fields":[{"name":"key11754598690149","type":"string"},{"name":"key21754598695316","type":"string"}]}
2025-08-07 20:31:42,430 INFO  [org.apa.kaf.cli.pro.int.TransactionManager] (kafka-producer-network-thread | Producer-topic-95b42e27_bbf5_47b1_98c9_ad10dd1bdac0) [Producer clientId=Producer-topic-95b42e27_bbf5_47b1_98c9_ad10dd1bdac0] ProducerId set to 16 with epoch 0
2025-08-07 20:31:42,586 INFO  [io.api.tes.ser.api.KafkaSerdesTester] (Thread-688) Sending message {"key11754598690149": "value-1", "key21754598695316": "value-1"} to topic topic-95b42e27_bbf5_47b1_98c9_ad10dd1bdac0
2025-08-07 20:31:42,588 INFO  [io.api.tes.ser.api.KafkaSerdesTester] (Thread-688) Sending message {"key11754598690149": "value-2", "key21754598695316": "value-2"} to topic topic-95b42e27_bbf5_47b1_98c9_ad10dd1bdac0
2025-08-07 20:31:42,591 INFO  [io.api.tes.ser.api.KafkaSerdesTester] (Thread-688) Sending message {"key11754598690149": "value-3", "key21754598695316": "value-3"} to topic topic-95b42e27_bbf5_47b1_98c9_ad10dd1bdac0
2025-08-07 20:31:42,593 INFO  [io.api.tes.ser.api.KafkaSerdesTester] (Thread-688) Sending message {"key11754598690149": "value-4", "key21754598695316": "value-4"} to topic topic-95b42e27_bbf5_47b1_98c9_ad10dd1bdac0
2025-08-07 20:31:42,594 INFO  [io.api.tes.ser.api.KafkaSerdesTester] (Thread-688) Sending message {"key11754598690149": "value-5", "key21754598695316": "value-5"} to topic topic-95b42e27_bbf5_47b1_98c9_ad10dd1bdac0
2025-08-07 20:31:42,596 INFO  [io.api.tes.ser.api.KafkaSerdesTester] (Thread-688) Sending message {"key11754598690149": "value-6", "key21754598695316": "value-6"} to topic topic-95b42e27_bbf5_47b1_98c9_ad10dd1bdac0
2025-08-07 20:31:42,597 INFO  [io.api.tes.ser.api.KafkaSerdesTester] (Thread-688) Sending message {"key11754598690149": "value-7", "key21754598695316": "value-7"} to topic topic-95b42e27_bbf5_47b1_98c9_ad10dd1bdac0
2025-08-07 20:31:42,599 INFO  [io.api.tes.ser.api.KafkaSerdesTester] (Thread-688) Sending message {"key11754598690149": "value-8", "key21754598695316": "value-8"} to topic topic-95b42e27_bbf5_47b1_98c9_ad10dd1bdac0
2025-08-07 20:31:42,601 INFO  [io.api.tes.ser.api.KafkaSerdesTester] (Thread-688) Sending message {"key11754598690149": "value-9", "key21754598695316": "value-9"} to topic topic-95b42e27_bbf5_47b1_98c9_ad10dd1bdac0
2025-08-07 20:31:42,606 INFO  [io.api.tes.ser.api.KafkaSerdesTester] (Thread-688) Produced 10 messages
2025-08-07 20:31:42,606 INFO  [org.apa.kaf.cli.pro.KafkaProducer] (Thread-688) [Producer clientId=Producer-topic-95b42e27_bbf5_47b1_98c9_ad10dd1bdac0] Closing the Kafka producer with timeoutMillis = 9223372036854775807 ms.
2025-08-07 20:31:42,609 INFO  [org.apa.kaf.com.met.Metrics] (Thread-688) Metrics scheduler closed
2025-08-07 20:31:42,609 INFO  [org.apa.kaf.com.met.Metrics] (Thread-688) Closing reporter org.apache.kafka.common.metrics.JmxReporter
2025-08-07 20:31:42,609 INFO  [org.apa.kaf.com.met.Metrics] (Thread-688) Closing reporter org.apache.kafka.common.telemetry.internals.ClientTelemetryReporter
2025-08-07 20:31:42,610 INFO  [org.apa.kaf.com.met.Metrics] (Thread-688) Metrics reporters closed
2025-08-07 20:31:42,611 INFO  [org.apa.kaf.com.uti.AppInfoParser] (Thread-688) App info kafka.producer for Producer-topic-95b42e27_bbf5_47b1_98c9_ad10dd1bdac0 unregistered
**** Registry Base URL: http://registry-app-mysql.apps.ci419.apicurio-testing.org:80
2025-08-07 20:31:42,612 INFO  [org.apa.kaf.cli.pro.ProducerConfig] (main) ProducerConfig values: 
	acks = -1
	auto.include.jmx.reporter = true
	batch.size = 16384
	bootstrap.servers = [PLAINTEXT://localhost:32769]
	buffer.memory = 33554432
	client.dns.lookup = use_all_dns_ips
	client.id = Producer-topic-95b42e27_bbf5_47b1_98c9_ad10dd1bdac0
	compression.gzip.level = -1
	compression.lz4.level = 9
	compression.type = none
	compression.zstd.level = 3
	connections.max.idle.ms = 10000
	delivery.timeout.ms = 120000
	enable.idempotence = true
	enable.metrics.push = true
	interceptor.classes = []
	key.serializer = class org.apache.kafka.common.serialization.StringSerializer
	linger.ms = 0
	max.block.ms = 60000
	max.in.flight.requests.per.connection = 5
	max.request.size = 1048576
	metadata.max.age.ms = 300000
	metadata.max.idle.ms = 300000
	metadata.recovery.strategy = none
	metric.reporters = []
	metrics.num.samples = 2
	metrics.recording.level = INFO
	metrics.sample.window.ms = 30000
	partitioner.adaptive.partitioning.enable = true
	partitioner.availability.timeout.ms = 0
	partitioner.class = null
	partitioner.ignore.keys = false
	receive.buffer.bytes = 32768
	reconnect.backoff.max.ms = 1000
	reconnect.backoff.ms = 50
	request.timeout.ms = 5000
	retries = 2147483647
	retry.backoff.max.ms = 1000
	retry.backoff.ms = 100
	sasl.client.callback.handler.class = null
	sasl.jaas.config = null
	sasl.kerberos.kinit.cmd = /usr/bin/kinit
	sasl.kerberos.min.time.before.relogin = 60000
	sasl.kerberos.service.name = null
	sasl.kerberos.ticket.renew.jitter = 0.05
	sasl.kerberos.ticket.renew.window.factor = 0.8
	sasl.login.callback.handler.class = null
	sasl.login.class = null
	sasl.login.connect.timeout.ms = null
	sasl.login.read.timeout.ms = null
	sasl.login.refresh.buffer.seconds = 300
	sasl.login.refresh.min.period.seconds = 60
	sasl.login.refresh.window.factor = 0.8
	sasl.login.refresh.window.jitter = 0.05
	sasl.login.retry.backoff.max.ms = 10000
	sasl.login.retry.backoff.ms = 100
	sasl.mechanism = GSSAPI
	sasl.oauthbearer.clock.skew.seconds = 30
	sasl.oauthbearer.expected.audience = null
	sasl.oauthbearer.expected.issuer = null
	sasl.oauthbearer.header.urlencode = false
	sasl.oauthbearer.jwks.endpoint.refresh.ms = 3600000
	sasl.oauthbearer.jwks.endpoint.retry.backoff.max.ms = 10000
	sasl.oauthbearer.jwks.endpoint.retry.backoff.ms = 100
	sasl.oauthbearer.jwks.endpoint.url = null
	sasl.oauthbearer.scope.claim.name = scope
	sasl.oauthbearer.sub.claim.name = sub
	sasl.oauthbearer.token.endpoint.url = null
	security.protocol = PLAINTEXT
	security.providers = null
	send.buffer.bytes = 131072
	socket.connection.setup.timeout.max.ms = 30000
	socket.connection.setup.timeout.ms = 10000
	ssl.cipher.suites = null
	ssl.enabled.protocols = [TLSv1.2, TLSv1.3]
	ssl.endpoint.identification.algorithm = https
	ssl.engine.factory.class = null
	ssl.key.password = null
	ssl.keymanager.algorithm = SunX509
	ssl.keystore.certificate.chain = null
	ssl.keystore.key = null
	ssl.keystore.location = null
	ssl.keystore.password = null
	ssl.keystore.type = JKS
	ssl.protocol = TLSv1.3
	ssl.provider = null
	ssl.secure.random.implementation = null
	ssl.trustmanager.algorithm = PKIX
	ssl.truststore.certificates = null
	ssl.truststore.location = null
	ssl.truststore.password = null
	ssl.truststore.type = JKS
	transaction.timeout.ms = 60000
	transactional.id = null
	value.serializer = class io.apicurio.registry.serde.avro.AvroKafkaSerializer

2025-08-07 20:31:42,613 INFO  [org.apa.kaf.com.tel.int.KafkaMetricsCollector] (main) initializing Kafka metrics collector
2025-08-07 20:31:42,622 INFO  [org.apa.kaf.cli.pro.KafkaProducer] (main) [Producer clientId=Producer-topic-95b42e27_bbf5_47b1_98c9_ad10dd1bdac0] Instantiated an idempotent producer.
2025-08-07 20:31:42,624 INFO  [org.apa.kaf.cli.pro.ProducerConfig] (main) These configurations '[apicurio.registry.url, apicurio.registry.artifact-resolver-strategy]' were supplied but are not used yet.
2025-08-07 20:31:42,624 INFO  [org.apa.kaf.com.uti.AppInfoParser] (main) Kafka version: 3.9.1
2025-08-07 20:31:42,624 INFO  [org.apa.kaf.com.uti.AppInfoParser] (main) Kafka commitId: f745dfdcee2b9851
2025-08-07 20:31:42,624 INFO  [org.apa.kaf.com.uti.AppInfoParser] (main) Kafka startTimeMs: 1754598702624
2025-08-07 20:31:42,625 INFO  [io.api.tes.ser.api.KafkaSerdesTester] (Thread-691) Sending message {"key11754598690149": "value-0"} to topic topic-95b42e27_bbf5_47b1_98c9_ad10dd1bdac0
2025-08-07 20:31:42,629 INFO  [org.apa.kaf.cli.Metadata] (kafka-producer-network-thread | Producer-topic-95b42e27_bbf5_47b1_98c9_ad10dd1bdac0) [Producer clientId=Producer-topic-95b42e27_bbf5_47b1_98c9_ad10dd1bdac0] Cluster ID: VsWUIKwhTKC56aKd3Rs4Pw
2025-08-07 20:31:42,630 INFO  [DefaultSchemaResolver] (Thread-691) Retrieving schema content using string: {"type":"record","name":"s40c648d9x5cbex47aex9679x2a386a8abce6","namespace":"ns_ea346a26_b580_46e9_a814_0acd846f1386","fields":[{"name":"key11754598690149","type":"string"}]}
2025-08-07 20:31:42,630 INFO  [org.apa.kaf.cli.pro.int.TransactionManager] (kafka-producer-network-thread | Producer-topic-95b42e27_bbf5_47b1_98c9_ad10dd1bdac0) [Producer clientId=Producer-topic-95b42e27_bbf5_47b1_98c9_ad10dd1bdac0] ProducerId set to 17 with epoch 0
2025-08-07 20:31:42,791 INFO  [io.api.tes.ser.api.KafkaSerdesTester] (Thread-691) Sending message {"key11754598690149": "value-1"} to topic topic-95b42e27_bbf5_47b1_98c9_ad10dd1bdac0
2025-08-07 20:31:42,794 INFO  [io.api.tes.ser.api.KafkaSerdesTester] (Thread-691) Sending message {"key11754598690149": "value-2"} to topic topic-95b42e27_bbf5_47b1_98c9_ad10dd1bdac0
2025-08-07 20:31:42,796 INFO  [io.api.tes.ser.api.KafkaSerdesTester] (Thread-691) Sending message {"key11754598690149": "value-3"} to topic topic-95b42e27_bbf5_47b1_98c9_ad10dd1bdac0
2025-08-07 20:31:42,798 INFO  [io.api.tes.ser.api.KafkaSerdesTester] (Thread-691) Sending message {"key11754598690149": "value-4"} to topic topic-95b42e27_bbf5_47b1_98c9_ad10dd1bdac0
2025-08-07 20:31:42,799 INFO  [io.api.tes.ser.api.KafkaSerdesTester] (Thread-691) Sending message {"key11754598690149": "value-5"} to topic topic-95b42e27_bbf5_47b1_98c9_ad10dd1bdac0
2025-08-07 20:31:42,800 INFO  [io.api.tes.ser.api.KafkaSerdesTester] (Thread-691) Sending message {"key11754598690149": "value-6"} to topic topic-95b42e27_bbf5_47b1_98c9_ad10dd1bdac0
2025-08-07 20:31:42,802 INFO  [io.api.tes.ser.api.KafkaSerdesTester] (Thread-691) Sending message {"key11754598690149": "value-7"} to topic topic-95b42e27_bbf5_47b1_98c9_ad10dd1bdac0
2025-08-07 20:31:42,803 INFO  [io.api.tes.ser.api.KafkaSerdesTester] (Thread-691) Sending message {"key11754598690149": "value-8"} to topic topic-95b42e27_bbf5_47b1_98c9_ad10dd1bdac0
2025-08-07 20:31:42,804 INFO  [io.api.tes.ser.api.KafkaSerdesTester] (Thread-691) Sending message {"key11754598690149": "value-9"} to topic topic-95b42e27_bbf5_47b1_98c9_ad10dd1bdac0
2025-08-07 20:31:42,805 INFO  [io.api.tes.ser.api.KafkaSerdesTester] (Thread-691) Produced 10 messages
2025-08-07 20:31:42,805 INFO  [org.apa.kaf.cli.pro.KafkaProducer] (Thread-691) [Producer clientId=Producer-topic-95b42e27_bbf5_47b1_98c9_ad10dd1bdac0] Closing the Kafka producer with timeoutMillis = 9223372036854775807 ms.
2025-08-07 20:31:42,807 INFO  [org.apa.kaf.com.met.Metrics] (Thread-691) Metrics scheduler closed
2025-08-07 20:31:42,807 INFO  [org.apa.kaf.com.met.Metrics] (Thread-691) Closing reporter org.apache.kafka.common.metrics.JmxReporter
2025-08-07 20:31:42,807 INFO  [org.apa.kaf.com.met.Metrics] (Thread-691) Closing reporter org.apache.kafka.common.telemetry.internals.ClientTelemetryReporter
2025-08-07 20:31:42,807 INFO  [org.apa.kaf.com.met.Metrics] (Thread-691) Metrics reporters closed
2025-08-07 20:31:42,807 INFO  [org.apa.kaf.com.uti.AppInfoParser] (Thread-691) App info kafka.producer for Producer-topic-95b42e27_bbf5_47b1_98c9_ad10dd1bdac0 unregistered
**** Registry Base URL: http://registry-app-mysql.apps.ci419.apicurio-testing.org:80
2025-08-07 20:31:42,808 INFO  [org.apa.kaf.cli.con.ConsumerConfig] (main) ConsumerConfig values: 
	allow.auto.create.topics = true
	auto.commit.interval.ms = 500
	auto.include.jmx.reporter = true
	auto.offset.reset = earliest
	bootstrap.servers = [PLAINTEXT://localhost:32769]
	check.crcs = true
	client.dns.lookup = use_all_dns_ips
	client.id = consumer-Consumer-topic-95b42e27_bbf5_47b1_98c9_ad10dd1bdac0-12
	client.rack = 
	connections.max.idle.ms = 10000
	default.api.timeout.ms = 60000
	enable.auto.commit = true
	enable.metrics.push = true
	exclude.internal.topics = true
	fetch.max.bytes = 52428800
	fetch.max.wait.ms = 500
	fetch.min.bytes = 1
	group.id = Consumer-topic-95b42e27_bbf5_47b1_98c9_ad10dd1bdac0
	group.instance.id = null
	group.protocol = classic
	group.remote.assignor = null
	heartbeat.interval.ms = 3000
	interceptor.classes = []
	internal.leave.group.on.close = true
	internal.throw.on.fetch.stable.offset.unsupported = false
	isolation.level = read_uncommitted
	key.deserializer = class org.apache.kafka.common.serialization.StringDeserializer
	max.partition.fetch.bytes = 1048576
	max.poll.interval.ms = 300000
	max.poll.records = 500
	metadata.max.age.ms = 300000
	metadata.recovery.strategy = none
	metric.reporters = []
	metrics.num.samples = 2
	metrics.recording.level = INFO
	metrics.sample.window.ms = 30000
	partition.assignment.strategy = [class org.apache.kafka.clients.consumer.RangeAssignor, class org.apache.kafka.clients.consumer.CooperativeStickyAssignor]
	receive.buffer.bytes = 65536
	reconnect.backoff.max.ms = 1000
	reconnect.backoff.ms = 50
	request.timeout.ms = 5000
	retry.backoff.max.ms = 1000
	retry.backoff.ms = 100
	sasl.client.callback.handler.class = null
	sasl.jaas.config = null
	sasl.kerberos.kinit.cmd = /usr/bin/kinit
	sasl.kerberos.min.time.before.relogin = 60000
	sasl.kerberos.service.name = null
	sasl.kerberos.ticket.renew.jitter = 0.05
	sasl.kerberos.ticket.renew.window.factor = 0.8
	sasl.login.callback.handler.class = null
	sasl.login.class = null
	sasl.login.connect.timeout.ms = null
	sasl.login.read.timeout.ms = null
	sasl.login.refresh.buffer.seconds = 300
	sasl.login.refresh.min.period.seconds = 60
	sasl.login.refresh.window.factor = 0.8
	sasl.login.refresh.window.jitter = 0.05
	sasl.login.retry.backoff.max.ms = 10000
	sasl.login.retry.backoff.ms = 100
	sasl.mechanism = GSSAPI
	sasl.oauthbearer.clock.skew.seconds = 30
	sasl.oauthbearer.expected.audience = null
	sasl.oauthbearer.expected.issuer = null
	sasl.oauthbearer.header.urlencode = false
	sasl.oauthbearer.jwks.endpoint.refresh.ms = 3600000
	sasl.oauthbearer.jwks.endpoint.retry.backoff.max.ms = 10000
	sasl.oauthbearer.jwks.endpoint.retry.backoff.ms = 100
	sasl.oauthbearer.jwks.endpoint.url = null
	sasl.oauthbearer.scope.claim.name = scope
	sasl.oauthbearer.sub.claim.name = sub
	sasl.oauthbearer.token.endpoint.url = null
	security.protocol = PLAINTEXT
	security.providers = null
	send.buffer.bytes = 131072
	session.timeout.ms = 45000
	socket.connection.setup.timeout.max.ms = 30000
	socket.connection.setup.timeout.ms = 10000
	ssl.cipher.suites = null
	ssl.enabled.protocols = [TLSv1.2, TLSv1.3]
	ssl.endpoint.identification.algorithm = https
	ssl.engine.factory.class = null
	ssl.key.password = null
	ssl.keymanager.algorithm = SunX509
	ssl.keystore.certificate.chain = null
	ssl.keystore.key = null
	ssl.keystore.location = null
	ssl.keystore.password = null
	ssl.keystore.type = JKS
	ssl.protocol = TLSv1.3
	ssl.provider = null
	ssl.secure.random.implementation = null
	ssl.trustmanager.algorithm = PKIX
	ssl.truststore.certificates = null
	ssl.truststore.location = null
	ssl.truststore.password = null
	ssl.truststore.type = JKS
	value.deserializer = class io.apicurio.registry.serde.avro.AvroKafkaDeserializer

2025-08-07 20:31:42,808 INFO  [org.apa.kaf.com.tel.int.KafkaMetricsCollector] (main) initializing Kafka metrics collector
2025-08-07 20:31:42,814 INFO  [org.apa.kaf.cli.con.ConsumerConfig] (main) These configurations '[apicurio.registry.url]' were supplied but are not used yet.
2025-08-07 20:31:42,814 INFO  [org.apa.kaf.com.uti.AppInfoParser] (main) Kafka version: 3.9.1
2025-08-07 20:31:42,814 INFO  [org.apa.kaf.com.uti.AppInfoParser] (main) Kafka commitId: f745dfdcee2b9851
2025-08-07 20:31:42,814 INFO  [org.apa.kaf.com.uti.AppInfoParser] (main) Kafka startTimeMs: 1754598702814
2025-08-07 20:31:42,814 INFO  [org.apa.kaf.cli.con.int.ClassicKafkaConsumer] (Thread-694) [Consumer clientId=consumer-Consumer-topic-95b42e27_bbf5_47b1_98c9_ad10dd1bdac0-12, groupId=Consumer-topic-95b42e27_bbf5_47b1_98c9_ad10dd1bdac0] Subscribed to topic(s): topic-95b42e27_bbf5_47b1_98c9_ad10dd1bdac0
2025-08-07 20:31:42,819 INFO  [org.apa.kaf.cli.Metadata] (Thread-694) [Consumer clientId=consumer-Consumer-topic-95b42e27_bbf5_47b1_98c9_ad10dd1bdac0-12, groupId=Consumer-topic-95b42e27_bbf5_47b1_98c9_ad10dd1bdac0] Cluster ID: VsWUIKwhTKC56aKd3Rs4Pw
2025-08-07 20:31:42,820 INFO  [org.apa.kaf.cli.con.int.ConsumerCoordinator] (Thread-694) [Consumer clientId=consumer-Consumer-topic-95b42e27_bbf5_47b1_98c9_ad10dd1bdac0-12, groupId=Consumer-topic-95b42e27_bbf5_47b1_98c9_ad10dd1bdac0] Discovered group coordinator localhost:32769 (id: 2147483647 rack: null)
2025-08-07 20:31:42,822 INFO  [org.apa.kaf.cli.con.int.ConsumerCoordinator] (Thread-694) [Consumer clientId=consumer-Consumer-topic-95b42e27_bbf5_47b1_98c9_ad10dd1bdac0-12, groupId=Consumer-topic-95b42e27_bbf5_47b1_98c9_ad10dd1bdac0] (Re-)joining group
2025-08-07 20:31:42,827 INFO  [org.apa.kaf.cli.con.int.ConsumerCoordinator] (Thread-694) [Consumer clientId=consumer-Consumer-topic-95b42e27_bbf5_47b1_98c9_ad10dd1bdac0-12, groupId=Consumer-topic-95b42e27_bbf5_47b1_98c9_ad10dd1bdac0] Request joining group due to: need to re-join with the given member-id: consumer-Consumer-topic-95b42e27_bbf5_47b1_98c9_ad10dd1bdac0-12-7b4deb0a-c0a1-4293-9153-26e5d0262bf8
2025-08-07 20:31:42,827 INFO  [org.apa.kaf.cli.con.int.ConsumerCoordinator] (Thread-694) [Consumer clientId=consumer-Consumer-topic-95b42e27_bbf5_47b1_98c9_ad10dd1bdac0-12, groupId=Consumer-topic-95b42e27_bbf5_47b1_98c9_ad10dd1bdac0] (Re-)joining group
2025-08-07 20:31:43,814 INFO  [io.api.tes.ser.api.KafkaSerdesTester] (Thread-694) None found
2025-08-07 20:31:44,814 INFO  [io.api.tes.ser.api.KafkaSerdesTester] (Thread-694) None found
2025-08-07 20:31:45,814 INFO  [io.api.tes.ser.api.KafkaSerdesTester] (Thread-694) None found
2025-08-07 20:31:45,830 INFO  [org.apa.kaf.cli.con.int.ConsumerCoordinator] (Thread-694) [Consumer clientId=consumer-Consumer-topic-95b42e27_bbf5_47b1_98c9_ad10dd1bdac0-12, groupId=Consumer-topic-95b42e27_bbf5_47b1_98c9_ad10dd1bdac0] Successfully joined group with generation Generation{generationId=5, memberId='consumer-Consumer-topic-95b42e27_bbf5_47b1_98c9_ad10dd1bdac0-12-7b4deb0a-c0a1-4293-9153-26e5d0262bf8', protocol='range'}
2025-08-07 20:31:45,830 INFO  [org.apa.kaf.cli.con.int.ConsumerCoordinator] (Thread-694) [Consumer clientId=consumer-Consumer-topic-95b42e27_bbf5_47b1_98c9_ad10dd1bdac0-12, groupId=Consumer-topic-95b42e27_bbf5_47b1_98c9_ad10dd1bdac0] Finished assignment for group at generation 5: {consumer-Consumer-topic-95b42e27_bbf5_47b1_98c9_ad10dd1bdac0-12-7b4deb0a-c0a1-4293-9153-26e5d0262bf8=Assignment(partitions=[topic-95b42e27_bbf5_47b1_98c9_ad10dd1bdac0-0])}
2025-08-07 20:31:45,837 INFO  [org.apa.kaf.cli.con.int.ConsumerCoordinator] (Thread-694) [Consumer clientId=consumer-Consumer-topic-95b42e27_bbf5_47b1_98c9_ad10dd1bdac0-12, groupId=Consumer-topic-95b42e27_bbf5_47b1_98c9_ad10dd1bdac0] Successfully synced group in generation Generation{generationId=5, memberId='consumer-Consumer-topic-95b42e27_bbf5_47b1_98c9_ad10dd1bdac0-12-7b4deb0a-c0a1-4293-9153-26e5d0262bf8', protocol='range'}
2025-08-07 20:31:45,837 INFO  [org.apa.kaf.cli.con.int.ConsumerCoordinator] (Thread-694) [Consumer clientId=consumer-Consumer-topic-95b42e27_bbf5_47b1_98c9_ad10dd1bdac0-12, groupId=Consumer-topic-95b42e27_bbf5_47b1_98c9_ad10dd1bdac0] Notifying assignor about the new Assignment(partitions=[topic-95b42e27_bbf5_47b1_98c9_ad10dd1bdac0-0])
2025-08-07 20:31:45,837 INFO  [org.apa.kaf.cli.con.int.ConsumerRebalanceListenerInvoker] (Thread-694) [Consumer clientId=consumer-Consumer-topic-95b42e27_bbf5_47b1_98c9_ad10dd1bdac0-12, groupId=Consumer-topic-95b42e27_bbf5_47b1_98c9_ad10dd1bdac0] Adding newly assigned partitions: topic-95b42e27_bbf5_47b1_98c9_ad10dd1bdac0-0
2025-08-07 20:31:45,838 INFO  [org.apa.kaf.cli.con.int.ConsumerUtils] (Thread-694) Setting offset for partition topic-95b42e27_bbf5_47b1_98c9_ad10dd1bdac0-0 to the committed offset FetchPosition{offset=30, offsetEpoch=Optional[0], currentLeader=LeaderAndEpoch{leader=Optional[localhost:32769 (id: 0 rack: null)], epoch=0}}
2025-08-07 20:31:46,395 INFO  [io.api.tes.ser.api.KafkaSerdesTester] (Thread-694) topic-95b42e27_bbf5_47b1_98c9_ad10dd1bdac0 0 30 {"key11754598690149": "value-0", "key21754598695316": "value-0", "key31754598700949": "value-0"}
2025-08-07 20:31:46,395 INFO  [io.api.tes.ser.api.KafkaSerdesTester] (Thread-694) topic-95b42e27_bbf5_47b1_98c9_ad10dd1bdac0 0 31 {"key11754598690149": "value-1", "key21754598695316": "value-1", "key31754598700949": "value-1"}
2025-08-07 20:31:46,395 INFO  [io.api.tes.ser.api.KafkaSerdesTester] (Thread-694) topic-95b42e27_bbf5_47b1_98c9_ad10dd1bdac0 0 32 {"key11754598690149": "value-2", "key21754598695316": "value-2", "key31754598700949": "value-2"}
2025-08-07 20:31:46,395 INFO  [io.api.tes.ser.api.KafkaSerdesTester] (Thread-694) topic-95b42e27_bbf5_47b1_98c9_ad10dd1bdac0 0 33 {"key11754598690149": "value-3", "key21754598695316": "value-3", "key31754598700949": "value-3"}
2025-08-07 20:31:46,395 INFO  [io.api.tes.ser.api.KafkaSerdesTester] (Thread-694) topic-95b42e27_bbf5_47b1_98c9_ad10dd1bdac0 0 34 {"key11754598690149": "value-4", "key21754598695316": "value-4", "key31754598700949": "value-4"}
2025-08-07 20:31:46,395 INFO  [io.api.tes.ser.api.KafkaSerdesTester] (Thread-694) topic-95b42e27_bbf5_47b1_98c9_ad10dd1bdac0 0 35 {"key11754598690149": "value-5", "key21754598695316": "value-5", "key31754598700949": "value-5"}
2025-08-07 20:31:46,395 INFO  [io.api.tes.ser.api.KafkaSerdesTester] (Thread-694) topic-95b42e27_bbf5_47b1_98c9_ad10dd1bdac0 0 36 {"key11754598690149": "value-6", "key21754598695316": "value-6", "key31754598700949": "value-6"}
2025-08-07 20:31:46,395 INFO  [io.api.tes.ser.api.KafkaSerdesTester] (Thread-694) topic-95b42e27_bbf5_47b1_98c9_ad10dd1bdac0 0 37 {"key11754598690149": "value-7", "key21754598695316": "value-7", "key31754598700949": "value-7"}
2025-08-07 20:31:46,395 INFO  [io.api.tes.ser.api.KafkaSerdesTester] (Thread-694) topic-95b42e27_bbf5_47b1_98c9_ad10dd1bdac0 0 38 {"key11754598690149": "value-8", "key21754598695316": "value-8", "key31754598700949": "value-8"}
2025-08-07 20:31:46,395 INFO  [io.api.tes.ser.api.KafkaSerdesTester] (Thread-694) topic-95b42e27_bbf5_47b1_98c9_ad10dd1bdac0 0 39 {"key11754598690149": "value-9", "key21754598695316": "value-9", "key31754598700949": "value-9"}
2025-08-07 20:31:46,395 INFO  [io.api.tes.ser.api.KafkaSerdesTester] (Thread-694) topic-95b42e27_bbf5_47b1_98c9_ad10dd1bdac0 0 40 {"key11754598690149": "value-0", "key21754598695316": "value-0"}
2025-08-07 20:31:46,395 INFO  [io.api.tes.ser.api.KafkaSerdesTester] (Thread-694) topic-95b42e27_bbf5_47b1_98c9_ad10dd1bdac0 0 41 {"key11754598690149": "value-1", "key21754598695316": "value-1"}
2025-08-07 20:31:46,395 INFO  [io.api.tes.ser.api.KafkaSerdesTester] (Thread-694) topic-95b42e27_bbf5_47b1_98c9_ad10dd1bdac0 0 42 {"key11754598690149": "value-2", "key21754598695316": "value-2"}
2025-08-07 20:31:46,395 INFO  [io.api.tes.ser.api.KafkaSerdesTester] (Thread-694) topic-95b42e27_bbf5_47b1_98c9_ad10dd1bdac0 0 43 {"key11754598690149": "value-3", "key21754598695316": "value-3"}
2025-08-07 20:31:46,396 INFO  [io.api.tes.ser.api.KafkaSerdesTester] (Thread-694) topic-95b42e27_bbf5_47b1_98c9_ad10dd1bdac0 0 44 {"key11754598690149": "value-4", "key21754598695316": "value-4"}
2025-08-07 20:31:46,396 INFO  [io.api.tes.ser.api.KafkaSerdesTester] (Thread-694) topic-95b42e27_bbf5_47b1_98c9_ad10dd1bdac0 0 45 {"key11754598690149": "value-5", "key21754598695316": "value-5"}
2025-08-07 20:31:46,396 INFO  [io.api.tes.ser.api.KafkaSerdesTester] (Thread-694) topic-95b42e27_bbf5_47b1_98c9_ad10dd1bdac0 0 46 {"key11754598690149": "value-6", "key21754598695316": "value-6"}
2025-08-07 20:31:46,396 INFO  [io.api.tes.ser.api.KafkaSerdesTester] (Thread-694) topic-95b42e27_bbf5_47b1_98c9_ad10dd1bdac0 0 47 {"key11754598690149": "value-7", "key21754598695316": "value-7"}
2025-08-07 20:31:46,396 INFO  [io.api.tes.ser.api.KafkaSerdesTester] (Thread-694) topic-95b42e27_bbf5_47b1_98c9_ad10dd1bdac0 0 48 {"key11754598690149": "value-8", "key21754598695316": "value-8"}
2025-08-07 20:31:46,396 INFO  [io.api.tes.ser.api.KafkaSerdesTester] (Thread-694) topic-95b42e27_bbf5_47b1_98c9_ad10dd1bdac0 0 49 {"key11754598690149": "value-9", "key21754598695316": "value-9"}
2025-08-07 20:31:46,396 INFO  [io.api.tes.ser.api.KafkaSerdesTester] (Thread-694) topic-95b42e27_bbf5_47b1_98c9_ad10dd1bdac0 0 50 {"key11754598690149": "value-0"}
2025-08-07 20:31:46,396 INFO  [io.api.tes.ser.api.KafkaSerdesTester] (Thread-694) topic-95b42e27_bbf5_47b1_98c9_ad10dd1bdac0 0 51 {"key11754598690149": "value-1"}
2025-08-07 20:31:46,396 INFO  [io.api.tes.ser.api.KafkaSerdesTester] (Thread-694) topic-95b42e27_bbf5_47b1_98c9_ad10dd1bdac0 0 52 {"key11754598690149": "value-2"}
2025-08-07 20:31:46,396 INFO  [io.api.tes.ser.api.KafkaSerdesTester] (Thread-694) topic-95b42e27_bbf5_47b1_98c9_ad10dd1bdac0 0 53 {"key11754598690149": "value-3"}
2025-08-07 20:31:46,396 INFO  [io.api.tes.ser.api.KafkaSerdesTester] (Thread-694) topic-95b42e27_bbf5_47b1_98c9_ad10dd1bdac0 0 54 {"key11754598690149": "value-4"}
2025-08-07 20:31:46,396 INFO  [io.api.tes.ser.api.KafkaSerdesTester] (Thread-694) topic-95b42e27_bbf5_47b1_98c9_ad10dd1bdac0 0 55 {"key11754598690149": "value-5"}
2025-08-07 20:31:46,396 INFO  [io.api.tes.ser.api.KafkaSerdesTester] (Thread-694) topic-95b42e27_bbf5_47b1_98c9_ad10dd1bdac0 0 56 {"key11754598690149": "value-6"}
2025-08-07 20:31:46,396 INFO  [io.api.tes.ser.api.KafkaSerdesTester] (Thread-694) topic-95b42e27_bbf5_47b1_98c9_ad10dd1bdac0 0 57 {"key11754598690149": "value-7"}
2025-08-07 20:31:46,396 INFO  [io.api.tes.ser.api.KafkaSerdesTester] (Thread-694) topic-95b42e27_bbf5_47b1_98c9_ad10dd1bdac0 0 58 {"key11754598690149": "value-8"}
2025-08-07 20:31:46,396 INFO  [io.api.tes.ser.api.KafkaSerdesTester] (Thread-694) topic-95b42e27_bbf5_47b1_98c9_ad10dd1bdac0 0 59 {"key11754598690149": "value-9"}
2025-08-07 20:31:46,396 INFO  [io.api.tes.ser.api.KafkaSerdesTester] (Thread-694) Consumed 30 messages
2025-08-07 20:31:46,403 INFO  [org.apa.kaf.cli.con.int.ConsumerRebalanceListenerInvoker] (Thread-694) [Consumer clientId=consumer-Consumer-topic-95b42e27_bbf5_47b1_98c9_ad10dd1bdac0-12, groupId=Consumer-topic-95b42e27_bbf5_47b1_98c9_ad10dd1bdac0] Revoke previously assigned partitions topic-95b42e27_bbf5_47b1_98c9_ad10dd1bdac0-0
2025-08-07 20:31:46,403 INFO  [org.apa.kaf.cli.con.int.ConsumerCoordinator] (Thread-694) [Consumer clientId=consumer-Consumer-topic-95b42e27_bbf5_47b1_98c9_ad10dd1bdac0-12, groupId=Consumer-topic-95b42e27_bbf5_47b1_98c9_ad10dd1bdac0] Member consumer-Consumer-topic-95b42e27_bbf5_47b1_98c9_ad10dd1bdac0-12-7b4deb0a-c0a1-4293-9153-26e5d0262bf8 sending LeaveGroup request to coordinator localhost:32769 (id: 2147483647 rack: null) due to the consumer is being closed
2025-08-07 20:31:46,404 INFO  [org.apa.kaf.cli.con.int.ConsumerCoordinator] (Thread-694) [Consumer clientId=consumer-Consumer-topic-95b42e27_bbf5_47b1_98c9_ad10dd1bdac0-12, groupId=Consumer-topic-95b42e27_bbf5_47b1_98c9_ad10dd1bdac0] Resetting generation and member id due to: consumer pro-actively leaving the group
2025-08-07 20:31:46,404 INFO  [org.apa.kaf.cli.con.int.ConsumerCoordinator] (Thread-694) [Consumer clientId=consumer-Consumer-topic-95b42e27_bbf5_47b1_98c9_ad10dd1bdac0-12, groupId=Consumer-topic-95b42e27_bbf5_47b1_98c9_ad10dd1bdac0] Request joining group due to: consumer pro-actively leaving the group
2025-08-07 20:31:46,898 INFO  [org.apa.kaf.com.met.Metrics] (Thread-694) Metrics scheduler closed
2025-08-07 20:31:46,899 INFO  [org.apa.kaf.com.met.Metrics] (Thread-694) Closing reporter org.apache.kafka.common.metrics.JmxReporter
2025-08-07 20:31:46,899 INFO  [org.apa.kaf.com.met.Metrics] (Thread-694) Closing reporter org.apache.kafka.common.telemetry.internals.ClientTelemetryReporter
2025-08-07 20:31:46,899 INFO  [org.apa.kaf.com.met.Metrics] (Thread-694) Metrics reporters closed
2025-08-07 20:31:46,902 INFO  [org.apa.kaf.com.uti.AppInfoParser] (Thread-694) App info kafka.consumer for consumer-Consumer-topic-95b42e27_bbf5_47b1_98c9_ad10dd1bdac0-12 unregistered
2025-08-07 20:31:46,902 INFO  [org.apa.kaf.cli.pro.KafkaProducer] (main) [Producer clientId=Producer-topic-95b42e27_bbf5_47b1_98c9_ad10dd1bdac0] Closing the Kafka producer with timeoutMillis = 9223372036854775807 ms.
2025-08-07 20:31:46,902 INFO  [org.apa.kaf.com.met.Metrics] (main) Metrics scheduler closed
2025-08-07 20:31:46,902 INFO  [org.apa.kaf.com.met.Metrics] (main) Closing reporter org.apache.kafka.common.metrics.JmxReporter
2025-08-07 20:31:46,902 INFO  [org.apa.kaf.com.met.Metrics] (main) Closing reporter org.apache.kafka.common.telemetry.internals.ClientTelemetryReporter
2025-08-07 20:31:46,902 INFO  [org.apa.kaf.com.met.Metrics] (main) Metrics reporters closed
2025-08-07 20:31:46,903 INFO  [org.apa.kaf.com.uti.AppInfoParser] (main) App info kafka.producer for Producer-topic-95b42e27_bbf5_47b1_98c9_ad10dd1bdac0 unregistered
2025-08-07 20:31:46,903 INFO  [io.api.tes.uti.TestSeparator] (main) io.apicurio.tests.serdes.apicurio.AvroSerdeIT.testEvolveAvroApicurio-FINISHED
2025-08-07 20:31:46,903 INFO  [io.api.tes.uti.TestSeparator] (main) ############################################################################
Test passed: testEvolveAvroApicurio
]]></system-out>
  </testcase>
  <testcase name="testTopicRecordIdStrategydFindLatest" classname="io.apicurio.tests.serdes.apicurio.AvroSerdeIT" time="5.422">
    <system-out><![CDATA[2025-08-07 20:31:46,908 INFO  [io.api.tes.uti.TestSeparator] (main) ############################################################################
2025-08-07 20:31:46,908 INFO  [io.api.tes.uti.TestSeparator] (main) io.apicurio.tests.serdes.apicurio.AvroSerdeIT.testTopicRecordIdStrategydFindLatest-STARTED
2025-08-07 20:31:46,909 INFO  [io.api.tes.ser.api.AvroSerdeIT] (main) Registering Avro Schema: {"type":"record","name":"sea319556x2d95x45c0x9687x9518b400f590","namespace":"s7aaa0620xf93ax4e9cx85e3x81d4b48908d3","fields":[{"name":"key11754598706908","type":"string"}]}
**** Registry Base URL: http://registry-app-mysql.apps.ci419.apicurio-testing.org:80
2025-08-07 20:31:48,173 INFO  [org.apa.kaf.cli.pro.ProducerConfig] (main) ProducerConfig values: 
	acks = -1
	auto.include.jmx.reporter = true
	batch.size = 16384
	bootstrap.servers = [PLAINTEXT://localhost:32769]
	buffer.memory = 33554432
	client.dns.lookup = use_all_dns_ips
	client.id = Producer-topic-088a3e62_5d13_4bbf_8d54_12f766988380
	compression.gzip.level = -1
	compression.lz4.level = 9
	compression.type = none
	compression.zstd.level = 3
	connections.max.idle.ms = 10000
	delivery.timeout.ms = 120000
	enable.idempotence = true
	enable.metrics.push = true
	interceptor.classes = []
	key.serializer = class org.apache.kafka.common.serialization.StringSerializer
	linger.ms = 0
	max.block.ms = 60000
	max.in.flight.requests.per.connection = 5
	max.request.size = 1048576
	metadata.max.age.ms = 300000
	metadata.max.idle.ms = 300000
	metadata.recovery.strategy = none
	metric.reporters = []
	metrics.num.samples = 2
	metrics.recording.level = INFO
	metrics.sample.window.ms = 30000
	partitioner.adaptive.partitioning.enable = true
	partitioner.availability.timeout.ms = 0
	partitioner.class = null
	partitioner.ignore.keys = false
	receive.buffer.bytes = 32768
	reconnect.backoff.max.ms = 1000
	reconnect.backoff.ms = 50
	request.timeout.ms = 5000
	retries = 2147483647
	retry.backoff.max.ms = 1000
	retry.backoff.ms = 100
	sasl.client.callback.handler.class = null
	sasl.jaas.config = null
	sasl.kerberos.kinit.cmd = /usr/bin/kinit
	sasl.kerberos.min.time.before.relogin = 60000
	sasl.kerberos.service.name = null
	sasl.kerberos.ticket.renew.jitter = 0.05
	sasl.kerberos.ticket.renew.window.factor = 0.8
	sasl.login.callback.handler.class = null
	sasl.login.class = null
	sasl.login.connect.timeout.ms = null
	sasl.login.read.timeout.ms = null
	sasl.login.refresh.buffer.seconds = 300
	sasl.login.refresh.min.period.seconds = 60
	sasl.login.refresh.window.factor = 0.8
	sasl.login.refresh.window.jitter = 0.05
	sasl.login.retry.backoff.max.ms = 10000
	sasl.login.retry.backoff.ms = 100
	sasl.mechanism = GSSAPI
	sasl.oauthbearer.clock.skew.seconds = 30
	sasl.oauthbearer.expected.audience = null
	sasl.oauthbearer.expected.issuer = null
	sasl.oauthbearer.header.urlencode = false
	sasl.oauthbearer.jwks.endpoint.refresh.ms = 3600000
	sasl.oauthbearer.jwks.endpoint.retry.backoff.max.ms = 10000
	sasl.oauthbearer.jwks.endpoint.retry.backoff.ms = 100
	sasl.oauthbearer.jwks.endpoint.url = null
	sasl.oauthbearer.scope.claim.name = scope
	sasl.oauthbearer.sub.claim.name = sub
	sasl.oauthbearer.token.endpoint.url = null
	security.protocol = PLAINTEXT
	security.providers = null
	send.buffer.bytes = 131072
	socket.connection.setup.timeout.max.ms = 30000
	socket.connection.setup.timeout.ms = 10000
	ssl.cipher.suites = null
	ssl.enabled.protocols = [TLSv1.2, TLSv1.3]
	ssl.endpoint.identification.algorithm = https
	ssl.engine.factory.class = null
	ssl.key.password = null
	ssl.keymanager.algorithm = SunX509
	ssl.keystore.certificate.chain = null
	ssl.keystore.key = null
	ssl.keystore.location = null
	ssl.keystore.password = null
	ssl.keystore.type = JKS
	ssl.protocol = TLSv1.3
	ssl.provider = null
	ssl.secure.random.implementation = null
	ssl.trustmanager.algorithm = PKIX
	ssl.truststore.certificates = null
	ssl.truststore.location = null
	ssl.truststore.password = null
	ssl.truststore.type = JKS
	transaction.timeout.ms = 60000
	transactional.id = null
	value.serializer = class io.apicurio.registry.serde.avro.AvroKafkaSerializer

2025-08-07 20:31:48,173 INFO  [org.apa.kaf.com.tel.int.KafkaMetricsCollector] (main) initializing Kafka metrics collector
2025-08-07 20:31:48,184 INFO  [org.apa.kaf.cli.pro.KafkaProducer] (main) [Producer clientId=Producer-topic-088a3e62_5d13_4bbf_8d54_12f766988380] Instantiated an idempotent producer.
2025-08-07 20:31:48,188 INFO  [org.apa.kaf.cli.pro.ProducerConfig] (main) These configurations '[apicurio.registry.find-latest, apicurio.registry.url, apicurio.registry.artifact-resolver-strategy]' were supplied but are not used yet.
2025-08-07 20:31:48,188 INFO  [org.apa.kaf.com.uti.AppInfoParser] (main) Kafka version: 3.9.1
2025-08-07 20:31:48,188 INFO  [org.apa.kaf.com.uti.AppInfoParser] (main) Kafka commitId: f745dfdcee2b9851
2025-08-07 20:31:48,188 INFO  [org.apa.kaf.com.uti.AppInfoParser] (main) Kafka startTimeMs: 1754598708188
2025-08-07 20:31:48,188 INFO  [io.api.tes.ser.api.SimpleSerdesTesterBuilder$SimpleSerdesTester] (main) Using producer configuration: {apicurio.registry.find-latest=true, apicurio.registry.url=http://registry-app-mysql.apps.ci419.apicurio-testing.org:80/apis/registry/v3, apicurio.registry.artifact-resolver-strategy=io.apicurio.registry.serde.avro.strategy.TopicRecordIdStrategy, value.serializer=io.apicurio.registry.serde.avro.AvroKafkaSerializer, request.timeout.ms=5000, acks=all, bootstrap.servers=PLAINTEXT://localhost:32769, connections.max.idle.ms=10000, key.serializer=org.apache.kafka.common.serialization.StringSerializer, client.id=Producer-topic-088a3e62_5d13_4bbf_8d54_12f766988380}
2025-08-07 20:31:48,188 INFO  [io.api.tes.ser.api.SimpleSerdesTesterBuilder$SimpleSerdesTester] (main) Using consumer configuration: {}
2025-08-07 20:31:48,189 INFO  [io.api.tes.ser.api.KafkaSerdesTester] (Thread-697) Sending message {"key11754598706908": "value-0"} to topic topic-088a3e62_5d13_4bbf_8d54_12f766988380
2025-08-07 20:31:48,200 INFO  [org.apa.kaf.cli.Metadata] (kafka-producer-network-thread | Producer-topic-088a3e62_5d13_4bbf_8d54_12f766988380) [Producer clientId=Producer-topic-088a3e62_5d13_4bbf_8d54_12f766988380] Cluster ID: VsWUIKwhTKC56aKd3Rs4Pw
2025-08-07 20:31:48,201 INFO  [org.apa.kaf.cli.pro.int.TransactionManager] (kafka-producer-network-thread | Producer-topic-088a3e62_5d13_4bbf_8d54_12f766988380) [Producer clientId=Producer-topic-088a3e62_5d13_4bbf_8d54_12f766988380] ProducerId set to 18 with epoch 0
2025-08-07 20:31:48,526 INFO  [io.api.tes.ser.api.KafkaSerdesTester] (Thread-697) Sending message {"key11754598706908": "value-1"} to topic topic-088a3e62_5d13_4bbf_8d54_12f766988380
2025-08-07 20:31:48,527 INFO  [io.api.tes.ser.api.KafkaSerdesTester] (Thread-697) Sending message {"key11754598706908": "value-2"} to topic topic-088a3e62_5d13_4bbf_8d54_12f766988380
2025-08-07 20:31:48,529 INFO  [io.api.tes.ser.api.KafkaSerdesTester] (Thread-697) Sending message {"key11754598706908": "value-3"} to topic topic-088a3e62_5d13_4bbf_8d54_12f766988380
2025-08-07 20:31:48,530 INFO  [io.api.tes.ser.api.KafkaSerdesTester] (Thread-697) Sending message {"key11754598706908": "value-4"} to topic topic-088a3e62_5d13_4bbf_8d54_12f766988380
2025-08-07 20:31:48,533 INFO  [io.api.tes.ser.api.KafkaSerdesTester] (Thread-697) Sending message {"key11754598706908": "value-5"} to topic topic-088a3e62_5d13_4bbf_8d54_12f766988380
2025-08-07 20:31:48,535 INFO  [io.api.tes.ser.api.KafkaSerdesTester] (Thread-697) Sending message {"key11754598706908": "value-6"} to topic topic-088a3e62_5d13_4bbf_8d54_12f766988380
2025-08-07 20:31:48,536 INFO  [io.api.tes.ser.api.KafkaSerdesTester] (Thread-697) Sending message {"key11754598706908": "value-7"} to topic topic-088a3e62_5d13_4bbf_8d54_12f766988380
2025-08-07 20:31:48,537 INFO  [io.api.tes.ser.api.KafkaSerdesTester] (Thread-697) Sending message {"key11754598706908": "value-8"} to topic topic-088a3e62_5d13_4bbf_8d54_12f766988380
2025-08-07 20:31:48,539 INFO  [io.api.tes.ser.api.KafkaSerdesTester] (Thread-697) Sending message {"key11754598706908": "value-9"} to topic topic-088a3e62_5d13_4bbf_8d54_12f766988380
2025-08-07 20:31:48,541 INFO  [io.api.tes.ser.api.KafkaSerdesTester] (Thread-697) Produced 10 messages
2025-08-07 20:31:48,541 INFO  [org.apa.kaf.cli.pro.KafkaProducer] (Thread-697) [Producer clientId=Producer-topic-088a3e62_5d13_4bbf_8d54_12f766988380] Closing the Kafka producer with timeoutMillis = 9223372036854775807 ms.
2025-08-07 20:31:48,543 INFO  [org.apa.kaf.com.met.Metrics] (Thread-697) Metrics scheduler closed
2025-08-07 20:31:48,543 INFO  [org.apa.kaf.com.met.Metrics] (Thread-697) Closing reporter org.apache.kafka.common.metrics.JmxReporter
2025-08-07 20:31:48,543 INFO  [org.apa.kaf.com.met.Metrics] (Thread-697) Closing reporter org.apache.kafka.common.telemetry.internals.ClientTelemetryReporter
2025-08-07 20:31:48,543 INFO  [org.apa.kaf.com.met.Metrics] (Thread-697) Metrics reporters closed
2025-08-07 20:31:48,543 INFO  [org.apa.kaf.com.uti.AppInfoParser] (Thread-697) App info kafka.producer for Producer-topic-088a3e62_5d13_4bbf_8d54_12f766988380 unregistered
**** Registry Base URL: http://registry-app-mysql.apps.ci419.apicurio-testing.org:80
2025-08-07 20:31:48,544 INFO  [org.apa.kaf.cli.con.ConsumerConfig] (main) ConsumerConfig values: 
	allow.auto.create.topics = true
	auto.commit.interval.ms = 500
	auto.include.jmx.reporter = true
	auto.offset.reset = earliest
	bootstrap.servers = [PLAINTEXT://localhost:32769]
	check.crcs = true
	client.dns.lookup = use_all_dns_ips
	client.id = consumer-Consumer-topic-088a3e62_5d13_4bbf_8d54_12f766988380-13
	client.rack = 
	connections.max.idle.ms = 10000
	default.api.timeout.ms = 60000
	enable.auto.commit = true
	enable.metrics.push = true
	exclude.internal.topics = true
	fetch.max.bytes = 52428800
	fetch.max.wait.ms = 500
	fetch.min.bytes = 1
	group.id = Consumer-topic-088a3e62_5d13_4bbf_8d54_12f766988380
	group.instance.id = null
	group.protocol = classic
	group.remote.assignor = null
	heartbeat.interval.ms = 3000
	interceptor.classes = []
	internal.leave.group.on.close = true
	internal.throw.on.fetch.stable.offset.unsupported = false
	isolation.level = read_uncommitted
	key.deserializer = class org.apache.kafka.common.serialization.StringDeserializer
	max.partition.fetch.bytes = 1048576
	max.poll.interval.ms = 300000
	max.poll.records = 500
	metadata.max.age.ms = 300000
	metadata.recovery.strategy = none
	metric.reporters = []
	metrics.num.samples = 2
	metrics.recording.level = INFO
	metrics.sample.window.ms = 30000
	partition.assignment.strategy = [class org.apache.kafka.clients.consumer.RangeAssignor, class org.apache.kafka.clients.consumer.CooperativeStickyAssignor]
	receive.buffer.bytes = 65536
	reconnect.backoff.max.ms = 1000
	reconnect.backoff.ms = 50
	request.timeout.ms = 5000
	retry.backoff.max.ms = 1000
	retry.backoff.ms = 100
	sasl.client.callback.handler.class = null
	sasl.jaas.config = null
	sasl.kerberos.kinit.cmd = /usr/bin/kinit
	sasl.kerberos.min.time.before.relogin = 60000
	sasl.kerberos.service.name = null
	sasl.kerberos.ticket.renew.jitter = 0.05
	sasl.kerberos.ticket.renew.window.factor = 0.8
	sasl.login.callback.handler.class = null
	sasl.login.class = null
	sasl.login.connect.timeout.ms = null
	sasl.login.read.timeout.ms = null
	sasl.login.refresh.buffer.seconds = 300
	sasl.login.refresh.min.period.seconds = 60
	sasl.login.refresh.window.factor = 0.8
	sasl.login.refresh.window.jitter = 0.05
	sasl.login.retry.backoff.max.ms = 10000
	sasl.login.retry.backoff.ms = 100
	sasl.mechanism = GSSAPI
	sasl.oauthbearer.clock.skew.seconds = 30
	sasl.oauthbearer.expected.audience = null
	sasl.oauthbearer.expected.issuer = null
	sasl.oauthbearer.header.urlencode = false
	sasl.oauthbearer.jwks.endpoint.refresh.ms = 3600000
	sasl.oauthbearer.jwks.endpoint.retry.backoff.max.ms = 10000
	sasl.oauthbearer.jwks.endpoint.retry.backoff.ms = 100
	sasl.oauthbearer.jwks.endpoint.url = null
	sasl.oauthbearer.scope.claim.name = scope
	sasl.oauthbearer.sub.claim.name = sub
	sasl.oauthbearer.token.endpoint.url = null
	security.protocol = PLAINTEXT
	security.providers = null
	send.buffer.bytes = 131072
	session.timeout.ms = 45000
	socket.connection.setup.timeout.max.ms = 30000
	socket.connection.setup.timeout.ms = 10000
	ssl.cipher.suites = null
	ssl.enabled.protocols = [TLSv1.2, TLSv1.3]
	ssl.endpoint.identification.algorithm = https
	ssl.engine.factory.class = null
	ssl.key.password = null
	ssl.keymanager.algorithm = SunX509
	ssl.keystore.certificate.chain = null
	ssl.keystore.key = null
	ssl.keystore.location = null
	ssl.keystore.password = null
	ssl.keystore.type = JKS
	ssl.protocol = TLSv1.3
	ssl.provider = null
	ssl.secure.random.implementation = null
	ssl.trustmanager.algorithm = PKIX
	ssl.truststore.certificates = null
	ssl.truststore.location = null
	ssl.truststore.password = null
	ssl.truststore.type = JKS
	value.deserializer = class io.apicurio.registry.serde.avro.AvroKafkaDeserializer

2025-08-07 20:31:48,544 INFO  [org.apa.kaf.com.tel.int.KafkaMetricsCollector] (main) initializing Kafka metrics collector
2025-08-07 20:31:48,555 INFO  [org.apa.kaf.cli.con.ConsumerConfig] (main) These configurations '[apicurio.registry.url]' were supplied but are not used yet.
2025-08-07 20:31:48,557 INFO  [org.apa.kaf.com.uti.AppInfoParser] (main) Kafka version: 3.9.1
2025-08-07 20:31:48,557 INFO  [org.apa.kaf.com.uti.AppInfoParser] (main) Kafka commitId: f745dfdcee2b9851
2025-08-07 20:31:48,557 INFO  [org.apa.kaf.com.uti.AppInfoParser] (main) Kafka startTimeMs: 1754598708555
2025-08-07 20:31:48,558 INFO  [org.apa.kaf.cli.con.int.ClassicKafkaConsumer] (Thread-700) [Consumer clientId=consumer-Consumer-topic-088a3e62_5d13_4bbf_8d54_12f766988380-13, groupId=Consumer-topic-088a3e62_5d13_4bbf_8d54_12f766988380] Subscribed to topic(s): topic-088a3e62_5d13_4bbf_8d54_12f766988380
2025-08-07 20:31:48,563 INFO  [org.apa.kaf.cli.Metadata] (Thread-700) [Consumer clientId=consumer-Consumer-topic-088a3e62_5d13_4bbf_8d54_12f766988380-13, groupId=Consumer-topic-088a3e62_5d13_4bbf_8d54_12f766988380] Cluster ID: VsWUIKwhTKC56aKd3Rs4Pw
2025-08-07 20:31:48,563 INFO  [org.apa.kaf.cli.con.int.ConsumerCoordinator] (Thread-700) [Consumer clientId=consumer-Consumer-topic-088a3e62_5d13_4bbf_8d54_12f766988380-13, groupId=Consumer-topic-088a3e62_5d13_4bbf_8d54_12f766988380] Discovered group coordinator localhost:32769 (id: 2147483647 rack: null)
2025-08-07 20:31:48,565 INFO  [org.apa.kaf.cli.con.int.ConsumerCoordinator] (Thread-700) [Consumer clientId=consumer-Consumer-topic-088a3e62_5d13_4bbf_8d54_12f766988380-13, groupId=Consumer-topic-088a3e62_5d13_4bbf_8d54_12f766988380] (Re-)joining group
2025-08-07 20:31:48,568 INFO  [org.apa.kaf.cli.con.int.ConsumerCoordinator] (Thread-700) [Consumer clientId=consumer-Consumer-topic-088a3e62_5d13_4bbf_8d54_12f766988380-13, groupId=Consumer-topic-088a3e62_5d13_4bbf_8d54_12f766988380] Request joining group due to: need to re-join with the given member-id: consumer-Consumer-topic-088a3e62_5d13_4bbf_8d54_12f766988380-13-53cd0b18-0073-4314-a27f-b275dbd38d73
2025-08-07 20:31:48,568 INFO  [org.apa.kaf.cli.con.int.ConsumerCoordinator] (Thread-700) [Consumer clientId=consumer-Consumer-topic-088a3e62_5d13_4bbf_8d54_12f766988380-13, groupId=Consumer-topic-088a3e62_5d13_4bbf_8d54_12f766988380] (Re-)joining group
2025-08-07 20:31:49,559 INFO  [io.api.tes.ser.api.KafkaSerdesTester] (Thread-700) None found
2025-08-07 20:31:50,559 INFO  [io.api.tes.ser.api.KafkaSerdesTester] (Thread-700) None found
2025-08-07 20:31:51,560 INFO  [io.api.tes.ser.api.KafkaSerdesTester] (Thread-700) None found
2025-08-07 20:31:51,570 INFO  [org.apa.kaf.cli.con.int.ConsumerCoordinator] (Thread-700) [Consumer clientId=consumer-Consumer-topic-088a3e62_5d13_4bbf_8d54_12f766988380-13, groupId=Consumer-topic-088a3e62_5d13_4bbf_8d54_12f766988380] Successfully joined group with generation Generation{generationId=1, memberId='consumer-Consumer-topic-088a3e62_5d13_4bbf_8d54_12f766988380-13-53cd0b18-0073-4314-a27f-b275dbd38d73', protocol='range'}
2025-08-07 20:31:51,570 INFO  [org.apa.kaf.cli.con.int.ConsumerCoordinator] (Thread-700) [Consumer clientId=consumer-Consumer-topic-088a3e62_5d13_4bbf_8d54_12f766988380-13, groupId=Consumer-topic-088a3e62_5d13_4bbf_8d54_12f766988380] Finished assignment for group at generation 1: {consumer-Consumer-topic-088a3e62_5d13_4bbf_8d54_12f766988380-13-53cd0b18-0073-4314-a27f-b275dbd38d73=Assignment(partitions=[topic-088a3e62_5d13_4bbf_8d54_12f766988380-0])}
2025-08-07 20:31:51,577 INFO  [org.apa.kaf.cli.con.int.ConsumerCoordinator] (Thread-700) [Consumer clientId=consumer-Consumer-topic-088a3e62_5d13_4bbf_8d54_12f766988380-13, groupId=Consumer-topic-088a3e62_5d13_4bbf_8d54_12f766988380] Successfully synced group in generation Generation{generationId=1, memberId='consumer-Consumer-topic-088a3e62_5d13_4bbf_8d54_12f766988380-13-53cd0b18-0073-4314-a27f-b275dbd38d73', protocol='range'}
2025-08-07 20:31:51,577 INFO  [org.apa.kaf.cli.con.int.ConsumerCoordinator] (Thread-700) [Consumer clientId=consumer-Consumer-topic-088a3e62_5d13_4bbf_8d54_12f766988380-13, groupId=Consumer-topic-088a3e62_5d13_4bbf_8d54_12f766988380] Notifying assignor about the new Assignment(partitions=[topic-088a3e62_5d13_4bbf_8d54_12f766988380-0])
2025-08-07 20:31:51,577 INFO  [org.apa.kaf.cli.con.int.ConsumerRebalanceListenerInvoker] (Thread-700) [Consumer clientId=consumer-Consumer-topic-088a3e62_5d13_4bbf_8d54_12f766988380-13, groupId=Consumer-topic-088a3e62_5d13_4bbf_8d54_12f766988380] Adding newly assigned partitions: topic-088a3e62_5d13_4bbf_8d54_12f766988380-0
2025-08-07 20:31:51,578 INFO  [org.apa.kaf.cli.con.int.ConsumerCoordinator] (Thread-700) [Consumer clientId=consumer-Consumer-topic-088a3e62_5d13_4bbf_8d54_12f766988380-13, groupId=Consumer-topic-088a3e62_5d13_4bbf_8d54_12f766988380] Found no committed offset for partition topic-088a3e62_5d13_4bbf_8d54_12f766988380-0
2025-08-07 20:31:51,581 INFO  [org.apa.kaf.cli.con.int.SubscriptionState] (Thread-700) [Consumer clientId=consumer-Consumer-topic-088a3e62_5d13_4bbf_8d54_12f766988380-13, groupId=Consumer-topic-088a3e62_5d13_4bbf_8d54_12f766988380] Resetting offset for partition topic-088a3e62_5d13_4bbf_8d54_12f766988380-0 to position FetchPosition{offset=0, offsetEpoch=Optional.empty, currentLeader=LeaderAndEpoch{leader=Optional[localhost:32769 (id: 0 rack: null)], epoch=0}}.
2025-08-07 20:31:51,818 INFO  [io.api.tes.ser.api.KafkaSerdesTester] (Thread-700) topic-088a3e62_5d13_4bbf_8d54_12f766988380 0 0 {"key11754598706908": "value-0"}
2025-08-07 20:31:51,818 INFO  [io.api.tes.ser.api.KafkaSerdesTester] (Thread-700) topic-088a3e62_5d13_4bbf_8d54_12f766988380 0 1 {"key11754598706908": "value-1"}
2025-08-07 20:31:51,818 INFO  [io.api.tes.ser.api.KafkaSerdesTester] (Thread-700) topic-088a3e62_5d13_4bbf_8d54_12f766988380 0 2 {"key11754598706908": "value-2"}
2025-08-07 20:31:51,818 INFO  [io.api.tes.ser.api.KafkaSerdesTester] (Thread-700) topic-088a3e62_5d13_4bbf_8d54_12f766988380 0 3 {"key11754598706908": "value-3"}
2025-08-07 20:31:51,818 INFO  [io.api.tes.ser.api.KafkaSerdesTester] (Thread-700) topic-088a3e62_5d13_4bbf_8d54_12f766988380 0 4 {"key11754598706908": "value-4"}
2025-08-07 20:31:51,818 INFO  [io.api.tes.ser.api.KafkaSerdesTester] (Thread-700) topic-088a3e62_5d13_4bbf_8d54_12f766988380 0 5 {"key11754598706908": "value-5"}
2025-08-07 20:31:51,818 INFO  [io.api.tes.ser.api.KafkaSerdesTester] (Thread-700) topic-088a3e62_5d13_4bbf_8d54_12f766988380 0 6 {"key11754598706908": "value-6"}
2025-08-07 20:31:51,819 INFO  [io.api.tes.ser.api.KafkaSerdesTester] (Thread-700) topic-088a3e62_5d13_4bbf_8d54_12f766988380 0 7 {"key11754598706908": "value-7"}
2025-08-07 20:31:51,819 INFO  [io.api.tes.ser.api.KafkaSerdesTester] (Thread-700) topic-088a3e62_5d13_4bbf_8d54_12f766988380 0 8 {"key11754598706908": "value-8"}
2025-08-07 20:31:51,819 INFO  [io.api.tes.ser.api.KafkaSerdesTester] (Thread-700) topic-088a3e62_5d13_4bbf_8d54_12f766988380 0 9 {"key11754598706908": "value-9"}
2025-08-07 20:31:51,819 INFO  [io.api.tes.ser.api.KafkaSerdesTester] (Thread-700) Consumed 10 messages
2025-08-07 20:31:51,826 INFO  [org.apa.kaf.cli.con.int.ConsumerRebalanceListenerInvoker] (Thread-700) [Consumer clientId=consumer-Consumer-topic-088a3e62_5d13_4bbf_8d54_12f766988380-13, groupId=Consumer-topic-088a3e62_5d13_4bbf_8d54_12f766988380] Revoke previously assigned partitions topic-088a3e62_5d13_4bbf_8d54_12f766988380-0
2025-08-07 20:31:51,826 INFO  [org.apa.kaf.cli.con.int.ConsumerCoordinator] (Thread-700) [Consumer clientId=consumer-Consumer-topic-088a3e62_5d13_4bbf_8d54_12f766988380-13, groupId=Consumer-topic-088a3e62_5d13_4bbf_8d54_12f766988380] Member consumer-Consumer-topic-088a3e62_5d13_4bbf_8d54_12f766988380-13-53cd0b18-0073-4314-a27f-b275dbd38d73 sending LeaveGroup request to coordinator localhost:32769 (id: 2147483647 rack: null) due to the consumer is being closed
2025-08-07 20:31:51,826 INFO  [org.apa.kaf.cli.con.int.ConsumerCoordinator] (Thread-700) [Consumer clientId=consumer-Consumer-topic-088a3e62_5d13_4bbf_8d54_12f766988380-13, groupId=Consumer-topic-088a3e62_5d13_4bbf_8d54_12f766988380] Resetting generation and member id due to: consumer pro-actively leaving the group
2025-08-07 20:31:51,826 INFO  [org.apa.kaf.cli.con.int.ConsumerCoordinator] (Thread-700) [Consumer clientId=consumer-Consumer-topic-088a3e62_5d13_4bbf_8d54_12f766988380-13, groupId=Consumer-topic-088a3e62_5d13_4bbf_8d54_12f766988380] Request joining group due to: consumer pro-actively leaving the group
2025-08-07 20:31:52,321 INFO  [org.apa.kaf.com.met.Metrics] (Thread-700) Metrics scheduler closed
2025-08-07 20:31:52,321 INFO  [org.apa.kaf.com.met.Metrics] (Thread-700) Closing reporter org.apache.kafka.common.metrics.JmxReporter
2025-08-07 20:31:52,321 INFO  [org.apa.kaf.com.met.Metrics] (Thread-700) Closing reporter org.apache.kafka.common.telemetry.internals.ClientTelemetryReporter
2025-08-07 20:31:52,321 INFO  [org.apa.kaf.com.met.Metrics] (Thread-700) Metrics reporters closed
2025-08-07 20:31:52,324 INFO  [org.apa.kaf.com.uti.AppInfoParser] (Thread-700) App info kafka.consumer for consumer-Consumer-topic-088a3e62_5d13_4bbf_8d54_12f766988380-13 unregistered
2025-08-07 20:31:52,325 INFO  [io.api.tes.uti.TestSeparator] (main) io.apicurio.tests.serdes.apicurio.AvroSerdeIT.testTopicRecordIdStrategydFindLatest-FINISHED
2025-08-07 20:31:52,325 INFO  [io.api.tes.uti.TestSeparator] (main) ############################################################################
Test passed: testTopicRecordIdStrategydFindLatest
]]></system-out>
  </testcase>
  <testcase name="testAvroConfluentForMultipleTopics" classname="io.apicurio.tests.serdes.apicurio.AvroSerdeIT" time="13.097">
    <system-out><![CDATA[2025-08-07 20:31:52,327 INFO  [io.api.tes.uti.TestSeparator] (main) ############################################################################
2025-08-07 20:31:52,327 INFO  [io.api.tes.uti.TestSeparator] (main) io.apicurio.tests.serdes.apicurio.AvroSerdeIT.testAvroConfluentForMultipleTopics-STARTED
2025-08-07 20:31:52,328 INFO  [io.api.tes.ser.api.AvroSerdeIT] (main) Registering Avro Schema: {"type":"record","name":"myrecordconfluent","fields":[{"name":"key11754598712327","type":"string"}]}
**** Registry Base URL: http://registry-app-mysql.apps.ci419.apicurio-testing.org:80
2025-08-07 20:31:53,517 INFO  [org.apa.kaf.cli.pro.ProducerConfig] (main) ProducerConfig values: 
	acks = -1
	auto.include.jmx.reporter = true
	batch.size = 16384
	bootstrap.servers = [PLAINTEXT://localhost:32769]
	buffer.memory = 33554432
	client.dns.lookup = use_all_dns_ips
	client.id = Producer-topic-e062ac28_3958_4fa6_919a_c71787d33108
	compression.gzip.level = -1
	compression.lz4.level = 9
	compression.type = none
	compression.zstd.level = 3
	connections.max.idle.ms = 10000
	delivery.timeout.ms = 120000
	enable.idempotence = true
	enable.metrics.push = true
	interceptor.classes = []
	key.serializer = class org.apache.kafka.common.serialization.StringSerializer
	linger.ms = 0
	max.block.ms = 60000
	max.in.flight.requests.per.connection = 5
	max.request.size = 1048576
	metadata.max.age.ms = 300000
	metadata.max.idle.ms = 300000
	metadata.recovery.strategy = none
	metric.reporters = []
	metrics.num.samples = 2
	metrics.recording.level = INFO
	metrics.sample.window.ms = 30000
	partitioner.adaptive.partitioning.enable = true
	partitioner.availability.timeout.ms = 0
	partitioner.class = null
	partitioner.ignore.keys = false
	receive.buffer.bytes = 32768
	reconnect.backoff.max.ms = 1000
	reconnect.backoff.ms = 50
	request.timeout.ms = 5000
	retries = 2147483647
	retry.backoff.max.ms = 1000
	retry.backoff.ms = 100
	sasl.client.callback.handler.class = null
	sasl.jaas.config = null
	sasl.kerberos.kinit.cmd = /usr/bin/kinit
	sasl.kerberos.min.time.before.relogin = 60000
	sasl.kerberos.service.name = null
	sasl.kerberos.ticket.renew.jitter = 0.05
	sasl.kerberos.ticket.renew.window.factor = 0.8
	sasl.login.callback.handler.class = null
	sasl.login.class = null
	sasl.login.connect.timeout.ms = null
	sasl.login.read.timeout.ms = null
	sasl.login.refresh.buffer.seconds = 300
	sasl.login.refresh.min.period.seconds = 60
	sasl.login.refresh.window.factor = 0.8
	sasl.login.refresh.window.jitter = 0.05
	sasl.login.retry.backoff.max.ms = 10000
	sasl.login.retry.backoff.ms = 100
	sasl.mechanism = GSSAPI
	sasl.oauthbearer.clock.skew.seconds = 30
	sasl.oauthbearer.expected.audience = null
	sasl.oauthbearer.expected.issuer = null
	sasl.oauthbearer.header.urlencode = false
	sasl.oauthbearer.jwks.endpoint.refresh.ms = 3600000
	sasl.oauthbearer.jwks.endpoint.retry.backoff.max.ms = 10000
	sasl.oauthbearer.jwks.endpoint.retry.backoff.ms = 100
	sasl.oauthbearer.jwks.endpoint.url = null
	sasl.oauthbearer.scope.claim.name = scope
	sasl.oauthbearer.sub.claim.name = sub
	sasl.oauthbearer.token.endpoint.url = null
	security.protocol = PLAINTEXT
	security.providers = null
	send.buffer.bytes = 131072
	socket.connection.setup.timeout.max.ms = 30000
	socket.connection.setup.timeout.ms = 10000
	ssl.cipher.suites = null
	ssl.enabled.protocols = [TLSv1.2, TLSv1.3]
	ssl.endpoint.identification.algorithm = https
	ssl.engine.factory.class = null
	ssl.key.password = null
	ssl.keymanager.algorithm = SunX509
	ssl.keystore.certificate.chain = null
	ssl.keystore.key = null
	ssl.keystore.location = null
	ssl.keystore.password = null
	ssl.keystore.type = JKS
	ssl.protocol = TLSv1.3
	ssl.provider = null
	ssl.secure.random.implementation = null
	ssl.trustmanager.algorithm = PKIX
	ssl.truststore.certificates = null
	ssl.truststore.location = null
	ssl.truststore.password = null
	ssl.truststore.type = JKS
	transaction.timeout.ms = 60000
	transactional.id = null
	value.serializer = class io.apicurio.registry.serde.avro.AvroKafkaSerializer

2025-08-07 20:31:53,517 INFO  [org.apa.kaf.com.tel.int.KafkaMetricsCollector] (main) initializing Kafka metrics collector
2025-08-07 20:31:53,523 INFO  [org.apa.kaf.cli.pro.KafkaProducer] (main) [Producer clientId=Producer-topic-e062ac28_3958_4fa6_919a_c71787d33108] Instantiated an idempotent producer.
2025-08-07 20:31:53,525 INFO  [org.apa.kaf.cli.pro.ProducerConfig] (main) These configurations '[apicurio.registry.url, apicurio.registry.artifact-resolver-strategy]' were supplied but are not used yet.
2025-08-07 20:31:53,526 INFO  [org.apa.kaf.com.uti.AppInfoParser] (main) Kafka version: 3.9.1
2025-08-07 20:31:53,526 INFO  [org.apa.kaf.com.uti.AppInfoParser] (main) Kafka commitId: f745dfdcee2b9851
2025-08-07 20:31:53,526 INFO  [org.apa.kaf.com.uti.AppInfoParser] (main) Kafka startTimeMs: 1754598713526
**** Registry Base URL: http://registry-app-mysql.apps.ci419.apicurio-testing.org:80
2025-08-07 20:31:53,527 INFO  [org.apa.kaf.cli.pro.ProducerConfig] (main) ProducerConfig values: 
	acks = -1
	auto.include.jmx.reporter = true
	batch.size = 16384
	bootstrap.servers = [PLAINTEXT://localhost:32769]
	buffer.memory = 33554432
	client.dns.lookup = use_all_dns_ips
	client.id = Producer-topic-c6deb0f8_f08e_4449_8b9b_caa43ac9321f
	compression.gzip.level = -1
	compression.lz4.level = 9
	compression.type = none
	compression.zstd.level = 3
	connections.max.idle.ms = 10000
	delivery.timeout.ms = 120000
	enable.idempotence = true
	enable.metrics.push = true
	interceptor.classes = []
	key.serializer = class org.apache.kafka.common.serialization.StringSerializer
	linger.ms = 0
	max.block.ms = 60000
	max.in.flight.requests.per.connection = 5
	max.request.size = 1048576
	metadata.max.age.ms = 300000
	metadata.max.idle.ms = 300000
	metadata.recovery.strategy = none
	metric.reporters = []
	metrics.num.samples = 2
	metrics.recording.level = INFO
	metrics.sample.window.ms = 30000
	partitioner.adaptive.partitioning.enable = true
	partitioner.availability.timeout.ms = 0
	partitioner.class = null
	partitioner.ignore.keys = false
	receive.buffer.bytes = 32768
	reconnect.backoff.max.ms = 1000
	reconnect.backoff.ms = 50
	request.timeout.ms = 5000
	retries = 2147483647
	retry.backoff.max.ms = 1000
	retry.backoff.ms = 100
	sasl.client.callback.handler.class = null
	sasl.jaas.config = null
	sasl.kerberos.kinit.cmd = /usr/bin/kinit
	sasl.kerberos.min.time.before.relogin = 60000
	sasl.kerberos.service.name = null
	sasl.kerberos.ticket.renew.jitter = 0.05
	sasl.kerberos.ticket.renew.window.factor = 0.8
	sasl.login.callback.handler.class = null
	sasl.login.class = null
	sasl.login.connect.timeout.ms = null
	sasl.login.read.timeout.ms = null
	sasl.login.refresh.buffer.seconds = 300
	sasl.login.refresh.min.period.seconds = 60
	sasl.login.refresh.window.factor = 0.8
	sasl.login.refresh.window.jitter = 0.05
	sasl.login.retry.backoff.max.ms = 10000
	sasl.login.retry.backoff.ms = 100
	sasl.mechanism = GSSAPI
	sasl.oauthbearer.clock.skew.seconds = 30
	sasl.oauthbearer.expected.audience = null
	sasl.oauthbearer.expected.issuer = null
	sasl.oauthbearer.header.urlencode = false
	sasl.oauthbearer.jwks.endpoint.refresh.ms = 3600000
	sasl.oauthbearer.jwks.endpoint.retry.backoff.max.ms = 10000
	sasl.oauthbearer.jwks.endpoint.retry.backoff.ms = 100
	sasl.oauthbearer.jwks.endpoint.url = null
	sasl.oauthbearer.scope.claim.name = scope
	sasl.oauthbearer.sub.claim.name = sub
	sasl.oauthbearer.token.endpoint.url = null
	security.protocol = PLAINTEXT
	security.providers = null
	send.buffer.bytes = 131072
	socket.connection.setup.timeout.max.ms = 30000
	socket.connection.setup.timeout.ms = 10000
	ssl.cipher.suites = null
	ssl.enabled.protocols = [TLSv1.2, TLSv1.3]
	ssl.endpoint.identification.algorithm = https
	ssl.engine.factory.class = null
	ssl.key.password = null
	ssl.keymanager.algorithm = SunX509
	ssl.keystore.certificate.chain = null
	ssl.keystore.key = null
	ssl.keystore.location = null
	ssl.keystore.password = null
	ssl.keystore.type = JKS
	ssl.protocol = TLSv1.3
	ssl.provider = null
	ssl.secure.random.implementation = null
	ssl.trustmanager.algorithm = PKIX
	ssl.truststore.certificates = null
	ssl.truststore.location = null
	ssl.truststore.password = null
	ssl.truststore.type = JKS
	transaction.timeout.ms = 60000
	transactional.id = null
	value.serializer = class io.apicurio.registry.serde.avro.AvroKafkaSerializer

2025-08-07 20:31:53,527 INFO  [org.apa.kaf.com.tel.int.KafkaMetricsCollector] (main) initializing Kafka metrics collector
2025-08-07 20:31:53,529 INFO  [org.apa.kaf.cli.Metadata] (kafka-producer-network-thread | Producer-topic-e062ac28_3958_4fa6_919a_c71787d33108) [Producer clientId=Producer-topic-e062ac28_3958_4fa6_919a_c71787d33108] Cluster ID: VsWUIKwhTKC56aKd3Rs4Pw
2025-08-07 20:31:53,531 INFO  [org.apa.kaf.cli.pro.int.TransactionManager] (kafka-producer-network-thread | Producer-topic-e062ac28_3958_4fa6_919a_c71787d33108) [Producer clientId=Producer-topic-e062ac28_3958_4fa6_919a_c71787d33108] ProducerId set to 19 with epoch 0
2025-08-07 20:31:53,532 INFO  [org.apa.kaf.cli.pro.KafkaProducer] (main) [Producer clientId=Producer-topic-c6deb0f8_f08e_4449_8b9b_caa43ac9321f] Instantiated an idempotent producer.
2025-08-07 20:31:53,534 INFO  [org.apa.kaf.cli.pro.ProducerConfig] (main) These configurations '[apicurio.registry.url, apicurio.registry.artifact-resolver-strategy]' were supplied but are not used yet.
2025-08-07 20:31:53,534 INFO  [org.apa.kaf.com.uti.AppInfoParser] (main) Kafka version: 3.9.1
2025-08-07 20:31:53,534 INFO  [org.apa.kaf.com.uti.AppInfoParser] (main) Kafka commitId: f745dfdcee2b9851
2025-08-07 20:31:53,534 INFO  [org.apa.kaf.com.uti.AppInfoParser] (main) Kafka startTimeMs: 1754598713534
**** Registry Base URL: http://registry-app-mysql.apps.ci419.apicurio-testing.org:80
2025-08-07 20:31:53,535 INFO  [org.apa.kaf.cli.pro.ProducerConfig] (main) ProducerConfig values: 
	acks = -1
	auto.include.jmx.reporter = true
	batch.size = 16384
	bootstrap.servers = [PLAINTEXT://localhost:32769]
	buffer.memory = 33554432
	client.dns.lookup = use_all_dns_ips
	client.id = Producer-topic-b00804a4_83e0_4df1_b4f2_90333b83011e
	compression.gzip.level = -1
	compression.lz4.level = 9
	compression.type = none
	compression.zstd.level = 3
	connections.max.idle.ms = 10000
	delivery.timeout.ms = 120000
	enable.idempotence = true
	enable.metrics.push = true
	interceptor.classes = []
	key.serializer = class org.apache.kafka.common.serialization.StringSerializer
	linger.ms = 0
	max.block.ms = 60000
	max.in.flight.requests.per.connection = 5
	max.request.size = 1048576
	metadata.max.age.ms = 300000
	metadata.max.idle.ms = 300000
	metadata.recovery.strategy = none
	metric.reporters = []
	metrics.num.samples = 2
	metrics.recording.level = INFO
	metrics.sample.window.ms = 30000
	partitioner.adaptive.partitioning.enable = true
	partitioner.availability.timeout.ms = 0
	partitioner.class = null
	partitioner.ignore.keys = false
	receive.buffer.bytes = 32768
	reconnect.backoff.max.ms = 1000
	reconnect.backoff.ms = 50
	request.timeout.ms = 5000
	retries = 2147483647
	retry.backoff.max.ms = 1000
	retry.backoff.ms = 100
	sasl.client.callback.handler.class = null
	sasl.jaas.config = null
	sasl.kerberos.kinit.cmd = /usr/bin/kinit
	sasl.kerberos.min.time.before.relogin = 60000
	sasl.kerberos.service.name = null
	sasl.kerberos.ticket.renew.jitter = 0.05
	sasl.kerberos.ticket.renew.window.factor = 0.8
	sasl.login.callback.handler.class = null
	sasl.login.class = null
	sasl.login.connect.timeout.ms = null
	sasl.login.read.timeout.ms = null
	sasl.login.refresh.buffer.seconds = 300
	sasl.login.refresh.min.period.seconds = 60
	sasl.login.refresh.window.factor = 0.8
	sasl.login.refresh.window.jitter = 0.05
	sasl.login.retry.backoff.max.ms = 10000
	sasl.login.retry.backoff.ms = 100
	sasl.mechanism = GSSAPI
	sasl.oauthbearer.clock.skew.seconds = 30
	sasl.oauthbearer.expected.audience = null
	sasl.oauthbearer.expected.issuer = null
	sasl.oauthbearer.header.urlencode = false
	sasl.oauthbearer.jwks.endpoint.refresh.ms = 3600000
	sasl.oauthbearer.jwks.endpoint.retry.backoff.max.ms = 10000
	sasl.oauthbearer.jwks.endpoint.retry.backoff.ms = 100
	sasl.oauthbearer.jwks.endpoint.url = null
	sasl.oauthbearer.scope.claim.name = scope
	sasl.oauthbearer.sub.claim.name = sub
	sasl.oauthbearer.token.endpoint.url = null
	security.protocol = PLAINTEXT
	security.providers = null
	send.buffer.bytes = 131072
	socket.connection.setup.timeout.max.ms = 30000
	socket.connection.setup.timeout.ms = 10000
	ssl.cipher.suites = null
	ssl.enabled.protocols = [TLSv1.2, TLSv1.3]
	ssl.endpoint.identification.algorithm = https
	ssl.engine.factory.class = null
	ssl.key.password = null
	ssl.keymanager.algorithm = SunX509
	ssl.keystore.certificate.chain = null
	ssl.keystore.key = null
	ssl.keystore.location = null
	ssl.keystore.password = null
	ssl.keystore.type = JKS
	ssl.protocol = TLSv1.3
	ssl.provider = null
	ssl.secure.random.implementation = null
	ssl.trustmanager.algorithm = PKIX
	ssl.truststore.certificates = null
	ssl.truststore.location = null
	ssl.truststore.password = null
	ssl.truststore.type = JKS
	transaction.timeout.ms = 60000
	transactional.id = null
	value.serializer = class io.apicurio.registry.serde.avro.AvroKafkaSerializer

2025-08-07 20:31:53,535 INFO  [org.apa.kaf.com.tel.int.KafkaMetricsCollector] (main) initializing Kafka metrics collector
2025-08-07 20:31:53,539 INFO  [org.apa.kaf.cli.Metadata] (kafka-producer-network-thread | Producer-topic-c6deb0f8_f08e_4449_8b9b_caa43ac9321f) [Producer clientId=Producer-topic-c6deb0f8_f08e_4449_8b9b_caa43ac9321f] Cluster ID: VsWUIKwhTKC56aKd3Rs4Pw
2025-08-07 20:31:53,539 INFO  [org.apa.kaf.cli.pro.int.TransactionManager] (kafka-producer-network-thread | Producer-topic-c6deb0f8_f08e_4449_8b9b_caa43ac9321f) [Producer clientId=Producer-topic-c6deb0f8_f08e_4449_8b9b_caa43ac9321f] ProducerId set to 20 with epoch 0
2025-08-07 20:31:53,546 INFO  [org.apa.kaf.cli.pro.KafkaProducer] (main) [Producer clientId=Producer-topic-b00804a4_83e0_4df1_b4f2_90333b83011e] Instantiated an idempotent producer.
2025-08-07 20:31:53,549 INFO  [org.apa.kaf.cli.pro.ProducerConfig] (main) These configurations '[apicurio.registry.url, apicurio.registry.artifact-resolver-strategy]' were supplied but are not used yet.
2025-08-07 20:31:53,549 INFO  [org.apa.kaf.com.uti.AppInfoParser] (main) Kafka version: 3.9.1
2025-08-07 20:31:53,549 INFO  [org.apa.kaf.com.uti.AppInfoParser] (main) Kafka commitId: f745dfdcee2b9851
2025-08-07 20:31:53,549 INFO  [org.apa.kaf.com.uti.AppInfoParser] (main) Kafka startTimeMs: 1754598713549
**** Registry Base URL: http://registry-app-mysql.apps.ci419.apicurio-testing.org:80
2025-08-07 20:31:53,550 INFO  [org.apa.kaf.cli.con.ConsumerConfig] (main) ConsumerConfig values: 
	allow.auto.create.topics = true
	auto.commit.interval.ms = 500
	auto.include.jmx.reporter = true
	auto.offset.reset = earliest
	bootstrap.servers = [PLAINTEXT://localhost:32769]
	check.crcs = true
	client.dns.lookup = use_all_dns_ips
	client.id = consumer-Consumer-topic-e062ac28_3958_4fa6_919a_c71787d33108-14
	client.rack = 
	connections.max.idle.ms = 10000
	default.api.timeout.ms = 60000
	enable.auto.commit = true
	enable.metrics.push = true
	exclude.internal.topics = true
	fetch.max.bytes = 52428800
	fetch.max.wait.ms = 500
	fetch.min.bytes = 1
	group.id = Consumer-topic-e062ac28_3958_4fa6_919a_c71787d33108
	group.instance.id = null
	group.protocol = classic
	group.remote.assignor = null
	heartbeat.interval.ms = 3000
	interceptor.classes = []
	internal.leave.group.on.close = true
	internal.throw.on.fetch.stable.offset.unsupported = false
	isolation.level = read_uncommitted
	key.deserializer = class org.apache.kafka.common.serialization.StringDeserializer
	max.partition.fetch.bytes = 1048576
	max.poll.interval.ms = 300000
	max.poll.records = 500
	metadata.max.age.ms = 300000
	metadata.recovery.strategy = none
	metric.reporters = []
	metrics.num.samples = 2
	metrics.recording.level = INFO
	metrics.sample.window.ms = 30000
	partition.assignment.strategy = [class org.apache.kafka.clients.consumer.RangeAssignor, class org.apache.kafka.clients.consumer.CooperativeStickyAssignor]
	receive.buffer.bytes = 65536
	reconnect.backoff.max.ms = 1000
	reconnect.backoff.ms = 50
	request.timeout.ms = 5000
	retry.backoff.max.ms = 1000
	retry.backoff.ms = 100
	sasl.client.callback.handler.class = null
	sasl.jaas.config = null
	sasl.kerberos.kinit.cmd = /usr/bin/kinit
	sasl.kerberos.min.time.before.relogin = 60000
	sasl.kerberos.service.name = null
	sasl.kerberos.ticket.renew.jitter = 0.05
	sasl.kerberos.ticket.renew.window.factor = 0.8
	sasl.login.callback.handler.class = null
	sasl.login.class = null
	sasl.login.connect.timeout.ms = null
	sasl.login.read.timeout.ms = null
	sasl.login.refresh.buffer.seconds = 300
	sasl.login.refresh.min.period.seconds = 60
	sasl.login.refresh.window.factor = 0.8
	sasl.login.refresh.window.jitter = 0.05
	sasl.login.retry.backoff.max.ms = 10000
	sasl.login.retry.backoff.ms = 100
	sasl.mechanism = GSSAPI
	sasl.oauthbearer.clock.skew.seconds = 30
	sasl.oauthbearer.expected.audience = null
	sasl.oauthbearer.expected.issuer = null
	sasl.oauthbearer.header.urlencode = false
	sasl.oauthbearer.jwks.endpoint.refresh.ms = 3600000
	sasl.oauthbearer.jwks.endpoint.retry.backoff.max.ms = 10000
	sasl.oauthbearer.jwks.endpoint.retry.backoff.ms = 100
	sasl.oauthbearer.jwks.endpoint.url = null
	sasl.oauthbearer.scope.claim.name = scope
	sasl.oauthbearer.sub.claim.name = sub
	sasl.oauthbearer.token.endpoint.url = null
	security.protocol = PLAINTEXT
	security.providers = null
	send.buffer.bytes = 131072
	session.timeout.ms = 45000
	socket.connection.setup.timeout.max.ms = 30000
	socket.connection.setup.timeout.ms = 10000
	ssl.cipher.suites = null
	ssl.enabled.protocols = [TLSv1.2, TLSv1.3]
	ssl.endpoint.identification.algorithm = https
	ssl.engine.factory.class = null
	ssl.key.password = null
	ssl.keymanager.algorithm = SunX509
	ssl.keystore.certificate.chain = null
	ssl.keystore.key = null
	ssl.keystore.location = null
	ssl.keystore.password = null
	ssl.keystore.type = JKS
	ssl.protocol = TLSv1.3
	ssl.provider = null
	ssl.secure.random.implementation = null
	ssl.trustmanager.algorithm = PKIX
	ssl.truststore.certificates = null
	ssl.truststore.location = null
	ssl.truststore.password = null
	ssl.truststore.type = JKS
	value.deserializer = class io.apicurio.registry.serde.avro.AvroKafkaDeserializer

2025-08-07 20:31:53,553 INFO  [org.apa.kaf.com.tel.int.KafkaMetricsCollector] (main) initializing Kafka metrics collector
2025-08-07 20:31:53,555 INFO  [org.apa.kaf.cli.Metadata] (kafka-producer-network-thread | Producer-topic-b00804a4_83e0_4df1_b4f2_90333b83011e) [Producer clientId=Producer-topic-b00804a4_83e0_4df1_b4f2_90333b83011e] Cluster ID: VsWUIKwhTKC56aKd3Rs4Pw
2025-08-07 20:31:53,555 INFO  [org.apa.kaf.cli.pro.int.TransactionManager] (kafka-producer-network-thread | Producer-topic-b00804a4_83e0_4df1_b4f2_90333b83011e) [Producer clientId=Producer-topic-b00804a4_83e0_4df1_b4f2_90333b83011e] ProducerId set to 21 with epoch 0
2025-08-07 20:31:53,560 INFO  [org.apa.kaf.cli.con.ConsumerConfig] (main) These configurations '[apicurio.registry.url]' were supplied but are not used yet.
2025-08-07 20:31:53,560 INFO  [org.apa.kaf.com.uti.AppInfoParser] (main) Kafka version: 3.9.1
2025-08-07 20:31:53,560 INFO  [org.apa.kaf.com.uti.AppInfoParser] (main) Kafka commitId: f745dfdcee2b9851
2025-08-07 20:31:53,560 INFO  [org.apa.kaf.com.uti.AppInfoParser] (main) Kafka startTimeMs: 1754598713560
**** Registry Base URL: http://registry-app-mysql.apps.ci419.apicurio-testing.org:80
2025-08-07 20:31:53,561 INFO  [org.apa.kaf.cli.con.ConsumerConfig] (main) ConsumerConfig values: 
	allow.auto.create.topics = true
	auto.commit.interval.ms = 500
	auto.include.jmx.reporter = true
	auto.offset.reset = earliest
	bootstrap.servers = [PLAINTEXT://localhost:32769]
	check.crcs = true
	client.dns.lookup = use_all_dns_ips
	client.id = consumer-Consumer-topic-c6deb0f8_f08e_4449_8b9b_caa43ac9321f-15
	client.rack = 
	connections.max.idle.ms = 10000
	default.api.timeout.ms = 60000
	enable.auto.commit = true
	enable.metrics.push = true
	exclude.internal.topics = true
	fetch.max.bytes = 52428800
	fetch.max.wait.ms = 500
	fetch.min.bytes = 1
	group.id = Consumer-topic-c6deb0f8_f08e_4449_8b9b_caa43ac9321f
	group.instance.id = null
	group.protocol = classic
	group.remote.assignor = null
	heartbeat.interval.ms = 3000
	interceptor.classes = []
	internal.leave.group.on.close = true
	internal.throw.on.fetch.stable.offset.unsupported = false
	isolation.level = read_uncommitted
	key.deserializer = class org.apache.kafka.common.serialization.StringDeserializer
	max.partition.fetch.bytes = 1048576
	max.poll.interval.ms = 300000
	max.poll.records = 500
	metadata.max.age.ms = 300000
	metadata.recovery.strategy = none
	metric.reporters = []
	metrics.num.samples = 2
	metrics.recording.level = INFO
	metrics.sample.window.ms = 30000
	partition.assignment.strategy = [class org.apache.kafka.clients.consumer.RangeAssignor, class org.apache.kafka.clients.consumer.CooperativeStickyAssignor]
	receive.buffer.bytes = 65536
	reconnect.backoff.max.ms = 1000
	reconnect.backoff.ms = 50
	request.timeout.ms = 5000
	retry.backoff.max.ms = 1000
	retry.backoff.ms = 100
	sasl.client.callback.handler.class = null
	sasl.jaas.config = null
	sasl.kerberos.kinit.cmd = /usr/bin/kinit
	sasl.kerberos.min.time.before.relogin = 60000
	sasl.kerberos.service.name = null
	sasl.kerberos.ticket.renew.jitter = 0.05
	sasl.kerberos.ticket.renew.window.factor = 0.8
	sasl.login.callback.handler.class = null
	sasl.login.class = null
	sasl.login.connect.timeout.ms = null
	sasl.login.read.timeout.ms = null
	sasl.login.refresh.buffer.seconds = 300
	sasl.login.refresh.min.period.seconds = 60
	sasl.login.refresh.window.factor = 0.8
	sasl.login.refresh.window.jitter = 0.05
	sasl.login.retry.backoff.max.ms = 10000
	sasl.login.retry.backoff.ms = 100
	sasl.mechanism = GSSAPI
	sasl.oauthbearer.clock.skew.seconds = 30
	sasl.oauthbearer.expected.audience = null
	sasl.oauthbearer.expected.issuer = null
	sasl.oauthbearer.header.urlencode = false
	sasl.oauthbearer.jwks.endpoint.refresh.ms = 3600000
	sasl.oauthbearer.jwks.endpoint.retry.backoff.max.ms = 10000
	sasl.oauthbearer.jwks.endpoint.retry.backoff.ms = 100
	sasl.oauthbearer.jwks.endpoint.url = null
	sasl.oauthbearer.scope.claim.name = scope
	sasl.oauthbearer.sub.claim.name = sub
	sasl.oauthbearer.token.endpoint.url = null
	security.protocol = PLAINTEXT
	security.providers = null
	send.buffer.bytes = 131072
	session.timeout.ms = 45000
	socket.connection.setup.timeout.max.ms = 30000
	socket.connection.setup.timeout.ms = 10000
	ssl.cipher.suites = null
	ssl.enabled.protocols = [TLSv1.2, TLSv1.3]
	ssl.endpoint.identification.algorithm = https
	ssl.engine.factory.class = null
	ssl.key.password = null
	ssl.keymanager.algorithm = SunX509
	ssl.keystore.certificate.chain = null
	ssl.keystore.key = null
	ssl.keystore.location = null
	ssl.keystore.password = null
	ssl.keystore.type = JKS
	ssl.protocol = TLSv1.3
	ssl.provider = null
	ssl.secure.random.implementation = null
	ssl.trustmanager.algorithm = PKIX
	ssl.truststore.certificates = null
	ssl.truststore.location = null
	ssl.truststore.password = null
	ssl.truststore.type = JKS
	value.deserializer = class io.apicurio.registry.serde.avro.AvroKafkaDeserializer

2025-08-07 20:31:53,561 INFO  [org.apa.kaf.com.tel.int.KafkaMetricsCollector] (main) initializing Kafka metrics collector
2025-08-07 20:31:53,567 INFO  [org.apa.kaf.cli.con.ConsumerConfig] (main) These configurations '[apicurio.registry.url]' were supplied but are not used yet.
2025-08-07 20:31:53,567 INFO  [org.apa.kaf.com.uti.AppInfoParser] (main) Kafka version: 3.9.1
2025-08-07 20:31:53,567 INFO  [org.apa.kaf.com.uti.AppInfoParser] (main) Kafka commitId: f745dfdcee2b9851
2025-08-07 20:31:53,567 INFO  [org.apa.kaf.com.uti.AppInfoParser] (main) Kafka startTimeMs: 1754598713567
**** Registry Base URL: http://registry-app-mysql.apps.ci419.apicurio-testing.org:80
2025-08-07 20:31:53,567 INFO  [org.apa.kaf.cli.con.ConsumerConfig] (main) ConsumerConfig values: 
	allow.auto.create.topics = true
	auto.commit.interval.ms = 500
	auto.include.jmx.reporter = true
	auto.offset.reset = earliest
	bootstrap.servers = [PLAINTEXT://localhost:32769]
	check.crcs = true
	client.dns.lookup = use_all_dns_ips
	client.id = consumer-Consumer-topic-b00804a4_83e0_4df1_b4f2_90333b83011e-16
	client.rack = 
	connections.max.idle.ms = 10000
	default.api.timeout.ms = 60000
	enable.auto.commit = true
	enable.metrics.push = true
	exclude.internal.topics = true
	fetch.max.bytes = 52428800
	fetch.max.wait.ms = 500
	fetch.min.bytes = 1
	group.id = Consumer-topic-b00804a4_83e0_4df1_b4f2_90333b83011e
	group.instance.id = null
	group.protocol = classic
	group.remote.assignor = null
	heartbeat.interval.ms = 3000
	interceptor.classes = []
	internal.leave.group.on.close = true
	internal.throw.on.fetch.stable.offset.unsupported = false
	isolation.level = read_uncommitted
	key.deserializer = class org.apache.kafka.common.serialization.StringDeserializer
	max.partition.fetch.bytes = 1048576
	max.poll.interval.ms = 300000
	max.poll.records = 500
	metadata.max.age.ms = 300000
	metadata.recovery.strategy = none
	metric.reporters = []
	metrics.num.samples = 2
	metrics.recording.level = INFO
	metrics.sample.window.ms = 30000
	partition.assignment.strategy = [class org.apache.kafka.clients.consumer.RangeAssignor, class org.apache.kafka.clients.consumer.CooperativeStickyAssignor]
	receive.buffer.bytes = 65536
	reconnect.backoff.max.ms = 1000
	reconnect.backoff.ms = 50
	request.timeout.ms = 5000
	retry.backoff.max.ms = 1000
	retry.backoff.ms = 100
	sasl.client.callback.handler.class = null
	sasl.jaas.config = null
	sasl.kerberos.kinit.cmd = /usr/bin/kinit
	sasl.kerberos.min.time.before.relogin = 60000
	sasl.kerberos.service.name = null
	sasl.kerberos.ticket.renew.jitter = 0.05
	sasl.kerberos.ticket.renew.window.factor = 0.8
	sasl.login.callback.handler.class = null
	sasl.login.class = null
	sasl.login.connect.timeout.ms = null
	sasl.login.read.timeout.ms = null
	sasl.login.refresh.buffer.seconds = 300
	sasl.login.refresh.min.period.seconds = 60
	sasl.login.refresh.window.factor = 0.8
	sasl.login.refresh.window.jitter = 0.05
	sasl.login.retry.backoff.max.ms = 10000
	sasl.login.retry.backoff.ms = 100
	sasl.mechanism = GSSAPI
	sasl.oauthbearer.clock.skew.seconds = 30
	sasl.oauthbearer.expected.audience = null
	sasl.oauthbearer.expected.issuer = null
	sasl.oauthbearer.header.urlencode = false
	sasl.oauthbearer.jwks.endpoint.refresh.ms = 3600000
	sasl.oauthbearer.jwks.endpoint.retry.backoff.max.ms = 10000
	sasl.oauthbearer.jwks.endpoint.retry.backoff.ms = 100
	sasl.oauthbearer.jwks.endpoint.url = null
	sasl.oauthbearer.scope.claim.name = scope
	sasl.oauthbearer.sub.claim.name = sub
	sasl.oauthbearer.token.endpoint.url = null
	security.protocol = PLAINTEXT
	security.providers = null
	send.buffer.bytes = 131072
	session.timeout.ms = 45000
	socket.connection.setup.timeout.max.ms = 30000
	socket.connection.setup.timeout.ms = 10000
	ssl.cipher.suites = null
	ssl.enabled.protocols = [TLSv1.2, TLSv1.3]
	ssl.endpoint.identification.algorithm = https
	ssl.engine.factory.class = null
	ssl.key.password = null
	ssl.keymanager.algorithm = SunX509
	ssl.keystore.certificate.chain = null
	ssl.keystore.key = null
	ssl.keystore.location = null
	ssl.keystore.password = null
	ssl.keystore.type = JKS
	ssl.protocol = TLSv1.3
	ssl.provider = null
	ssl.secure.random.implementation = null
	ssl.trustmanager.algorithm = PKIX
	ssl.truststore.certificates = null
	ssl.truststore.location = null
	ssl.truststore.password = null
	ssl.truststore.type = JKS
	value.deserializer = class io.apicurio.registry.serde.avro.AvroKafkaDeserializer

2025-08-07 20:31:53,567 INFO  [org.apa.kaf.com.tel.int.KafkaMetricsCollector] (main) initializing Kafka metrics collector
2025-08-07 20:31:53,572 INFO  [org.apa.kaf.cli.con.ConsumerConfig] (main) These configurations '[apicurio.registry.url]' were supplied but are not used yet.
2025-08-07 20:31:53,572 INFO  [org.apa.kaf.com.uti.AppInfoParser] (main) Kafka version: 3.9.1
2025-08-07 20:31:53,572 INFO  [org.apa.kaf.com.uti.AppInfoParser] (main) Kafka commitId: f745dfdcee2b9851
2025-08-07 20:31:53,572 INFO  [org.apa.kaf.com.uti.AppInfoParser] (main) Kafka startTimeMs: 1754598713572
2025-08-07 20:31:53,573 INFO  [io.api.tes.ser.api.KafkaSerdesTester] (Thread-713) Sending message {"key11754598712327": "value-0"} to topic topic-e062ac28_3958_4fa6_919a_c71787d33108
2025-08-07 20:31:53,575 INFO  [DefaultSchemaResolver] (Thread-713) Retrieving schema content using string: {"type":"record","name":"myrecordconfluent","fields":[{"name":"key11754598712327","type":"string"}]}
2025-08-07 20:31:53,735 INFO  [io.api.tes.ser.api.KafkaSerdesTester] (Thread-713) Sending message {"key11754598712327": "value-1"} to topic topic-e062ac28_3958_4fa6_919a_c71787d33108
2025-08-07 20:31:53,736 INFO  [io.api.tes.ser.api.KafkaSerdesTester] (Thread-713) Sending message {"key11754598712327": "value-2"} to topic topic-e062ac28_3958_4fa6_919a_c71787d33108
2025-08-07 20:31:53,737 INFO  [io.api.tes.ser.api.KafkaSerdesTester] (Thread-713) Sending message {"key11754598712327": "value-3"} to topic topic-e062ac28_3958_4fa6_919a_c71787d33108
2025-08-07 20:31:53,738 INFO  [io.api.tes.ser.api.KafkaSerdesTester] (Thread-713) Sending message {"key11754598712327": "value-4"} to topic topic-e062ac28_3958_4fa6_919a_c71787d33108
2025-08-07 20:31:53,739 INFO  [io.api.tes.ser.api.KafkaSerdesTester] (Thread-713) Sending message {"key11754598712327": "value-5"} to topic topic-e062ac28_3958_4fa6_919a_c71787d33108
2025-08-07 20:31:53,740 INFO  [io.api.tes.ser.api.KafkaSerdesTester] (Thread-713) Sending message {"key11754598712327": "value-6"} to topic topic-e062ac28_3958_4fa6_919a_c71787d33108
2025-08-07 20:31:53,741 INFO  [io.api.tes.ser.api.KafkaSerdesTester] (Thread-713) Sending message {"key11754598712327": "value-7"} to topic topic-e062ac28_3958_4fa6_919a_c71787d33108
2025-08-07 20:31:53,742 INFO  [io.api.tes.ser.api.KafkaSerdesTester] (Thread-713) Sending message {"key11754598712327": "value-8"} to topic topic-e062ac28_3958_4fa6_919a_c71787d33108
2025-08-07 20:31:53,743 INFO  [io.api.tes.ser.api.KafkaSerdesTester] (Thread-713) Sending message {"key11754598712327": "value-9"} to topic topic-e062ac28_3958_4fa6_919a_c71787d33108
2025-08-07 20:31:53,744 INFO  [io.api.tes.ser.api.KafkaSerdesTester] (Thread-713) Produced 10 messages
2025-08-07 20:31:53,745 INFO  [org.apa.kaf.cli.pro.KafkaProducer] (Thread-713) [Producer clientId=Producer-topic-e062ac28_3958_4fa6_919a_c71787d33108] Closing the Kafka producer with timeoutMillis = 9223372036854775807 ms.
2025-08-07 20:31:53,747 INFO  [org.apa.kaf.com.met.Metrics] (Thread-713) Metrics scheduler closed
2025-08-07 20:31:53,748 INFO  [org.apa.kaf.com.met.Metrics] (Thread-713) Closing reporter org.apache.kafka.common.metrics.JmxReporter
2025-08-07 20:31:53,748 INFO  [org.apa.kaf.com.met.Metrics] (Thread-713) Closing reporter org.apache.kafka.common.telemetry.internals.ClientTelemetryReporter
2025-08-07 20:31:53,748 INFO  [org.apa.kaf.com.met.Metrics] (Thread-713) Metrics reporters closed
2025-08-07 20:31:53,748 INFO  [org.apa.kaf.com.uti.AppInfoParser] (Thread-713) App info kafka.producer for Producer-topic-e062ac28_3958_4fa6_919a_c71787d33108 unregistered
2025-08-07 20:31:53,750 INFO  [io.api.tes.ser.api.KafkaSerdesTester] (Thread-714) Sending message {"key11754598712327": "value-0"} to topic topic-c6deb0f8_f08e_4449_8b9b_caa43ac9321f
2025-08-07 20:31:53,755 INFO  [DefaultSchemaResolver] (Thread-714) Retrieving schema content using string: {"type":"record","name":"myrecordconfluent","fields":[{"name":"key11754598712327","type":"string"}]}
2025-08-07 20:31:53,925 INFO  [io.api.tes.ser.api.KafkaSerdesTester] (Thread-714) Sending message {"key11754598712327": "value-1"} to topic topic-c6deb0f8_f08e_4449_8b9b_caa43ac9321f
2025-08-07 20:31:53,926 INFO  [io.api.tes.ser.api.KafkaSerdesTester] (Thread-714) Sending message {"key11754598712327": "value-2"} to topic topic-c6deb0f8_f08e_4449_8b9b_caa43ac9321f
2025-08-07 20:31:53,927 INFO  [io.api.tes.ser.api.KafkaSerdesTester] (Thread-714) Sending message {"key11754598712327": "value-3"} to topic topic-c6deb0f8_f08e_4449_8b9b_caa43ac9321f
2025-08-07 20:31:53,928 INFO  [io.api.tes.ser.api.KafkaSerdesTester] (Thread-714) Sending message {"key11754598712327": "value-4"} to topic topic-c6deb0f8_f08e_4449_8b9b_caa43ac9321f
2025-08-07 20:31:53,930 INFO  [io.api.tes.ser.api.KafkaSerdesTester] (Thread-714) Sending message {"key11754598712327": "value-5"} to topic topic-c6deb0f8_f08e_4449_8b9b_caa43ac9321f
2025-08-07 20:31:53,931 INFO  [io.api.tes.ser.api.KafkaSerdesTester] (Thread-714) Sending message {"key11754598712327": "value-6"} to topic topic-c6deb0f8_f08e_4449_8b9b_caa43ac9321f
2025-08-07 20:31:53,932 INFO  [io.api.tes.ser.api.KafkaSerdesTester] (Thread-714) Sending message {"key11754598712327": "value-7"} to topic topic-c6deb0f8_f08e_4449_8b9b_caa43ac9321f
2025-08-07 20:31:53,933 INFO  [io.api.tes.ser.api.KafkaSerdesTester] (Thread-714) Sending message {"key11754598712327": "value-8"} to topic topic-c6deb0f8_f08e_4449_8b9b_caa43ac9321f
2025-08-07 20:31:53,935 INFO  [io.api.tes.ser.api.KafkaSerdesTester] (Thread-714) Sending message {"key11754598712327": "value-9"} to topic topic-c6deb0f8_f08e_4449_8b9b_caa43ac9321f
2025-08-07 20:31:53,937 INFO  [io.api.tes.ser.api.KafkaSerdesTester] (Thread-714) Produced 10 messages
2025-08-07 20:31:53,937 INFO  [org.apa.kaf.cli.pro.KafkaProducer] (Thread-714) [Producer clientId=Producer-topic-c6deb0f8_f08e_4449_8b9b_caa43ac9321f] Closing the Kafka producer with timeoutMillis = 9223372036854775807 ms.
2025-08-07 20:31:53,939 INFO  [org.apa.kaf.com.met.Metrics] (Thread-714) Metrics scheduler closed
2025-08-07 20:31:53,939 INFO  [org.apa.kaf.com.met.Metrics] (Thread-714) Closing reporter org.apache.kafka.common.metrics.JmxReporter
2025-08-07 20:31:53,939 INFO  [org.apa.kaf.com.met.Metrics] (Thread-714) Closing reporter org.apache.kafka.common.telemetry.internals.ClientTelemetryReporter
2025-08-07 20:31:53,939 INFO  [org.apa.kaf.com.met.Metrics] (Thread-714) Metrics reporters closed
2025-08-07 20:31:53,940 INFO  [org.apa.kaf.com.uti.AppInfoParser] (Thread-714) App info kafka.producer for Producer-topic-c6deb0f8_f08e_4449_8b9b_caa43ac9321f unregistered
2025-08-07 20:31:53,941 INFO  [io.api.tes.ser.api.KafkaSerdesTester] (Thread-715) Sending message {"key11754598712327": "value-0"} to topic topic-b00804a4_83e0_4df1_b4f2_90333b83011e
2025-08-07 20:31:53,948 INFO  [DefaultSchemaResolver] (Thread-715) Retrieving schema content using string: {"type":"record","name":"myrecordconfluent","fields":[{"name":"key11754598712327","type":"string"}]}
2025-08-07 20:31:54,111 INFO  [io.api.tes.ser.api.KafkaSerdesTester] (Thread-715) Sending message {"key11754598712327": "value-1"} to topic topic-b00804a4_83e0_4df1_b4f2_90333b83011e
2025-08-07 20:31:54,112 INFO  [io.api.tes.ser.api.KafkaSerdesTester] (Thread-715) Sending message {"key11754598712327": "value-2"} to topic topic-b00804a4_83e0_4df1_b4f2_90333b83011e
2025-08-07 20:31:54,114 INFO  [io.api.tes.ser.api.KafkaSerdesTester] (Thread-715) Sending message {"key11754598712327": "value-3"} to topic topic-b00804a4_83e0_4df1_b4f2_90333b83011e
2025-08-07 20:31:54,115 INFO  [io.api.tes.ser.api.KafkaSerdesTester] (Thread-715) Sending message {"key11754598712327": "value-4"} to topic topic-b00804a4_83e0_4df1_b4f2_90333b83011e
2025-08-07 20:31:54,116 INFO  [io.api.tes.ser.api.KafkaSerdesTester] (Thread-715) Sending message {"key11754598712327": "value-5"} to topic topic-b00804a4_83e0_4df1_b4f2_90333b83011e
2025-08-07 20:31:54,119 INFO  [io.api.tes.ser.api.KafkaSerdesTester] (Thread-715) Sending message {"key11754598712327": "value-6"} to topic topic-b00804a4_83e0_4df1_b4f2_90333b83011e
2025-08-07 20:31:54,120 INFO  [io.api.tes.ser.api.KafkaSerdesTester] (Thread-715) Sending message {"key11754598712327": "value-7"} to topic topic-b00804a4_83e0_4df1_b4f2_90333b83011e
2025-08-07 20:31:54,122 INFO  [io.api.tes.ser.api.KafkaSerdesTester] (Thread-715) Sending message {"key11754598712327": "value-8"} to topic topic-b00804a4_83e0_4df1_b4f2_90333b83011e
2025-08-07 20:31:54,124 INFO  [io.api.tes.ser.api.KafkaSerdesTester] (Thread-715) Sending message {"key11754598712327": "value-9"} to topic topic-b00804a4_83e0_4df1_b4f2_90333b83011e
2025-08-07 20:31:54,125 INFO  [io.api.tes.ser.api.KafkaSerdesTester] (Thread-715) Produced 10 messages
2025-08-07 20:31:54,125 INFO  [org.apa.kaf.cli.pro.KafkaProducer] (Thread-715) [Producer clientId=Producer-topic-b00804a4_83e0_4df1_b4f2_90333b83011e] Closing the Kafka producer with timeoutMillis = 9223372036854775807 ms.
2025-08-07 20:31:54,128 INFO  [org.apa.kaf.com.met.Metrics] (Thread-715) Metrics scheduler closed
2025-08-07 20:31:54,128 INFO  [org.apa.kaf.com.met.Metrics] (Thread-715) Closing reporter org.apache.kafka.common.metrics.JmxReporter
2025-08-07 20:31:54,128 INFO  [org.apa.kaf.com.met.Metrics] (Thread-715) Closing reporter org.apache.kafka.common.telemetry.internals.ClientTelemetryReporter
2025-08-07 20:31:54,128 INFO  [org.apa.kaf.com.met.Metrics] (Thread-715) Metrics reporters closed
2025-08-07 20:31:54,128 INFO  [org.apa.kaf.com.uti.AppInfoParser] (Thread-715) App info kafka.producer for Producer-topic-b00804a4_83e0_4df1_b4f2_90333b83011e unregistered
2025-08-07 20:31:54,129 INFO  [org.apa.kaf.cli.con.int.ClassicKafkaConsumer] (Thread-716) [Consumer clientId=consumer-Consumer-topic-e062ac28_3958_4fa6_919a_c71787d33108-14, groupId=Consumer-topic-e062ac28_3958_4fa6_919a_c71787d33108] Subscribed to topic(s): topic-e062ac28_3958_4fa6_919a_c71787d33108
2025-08-07 20:31:54,133 INFO  [org.apa.kaf.cli.Metadata] (Thread-716) [Consumer clientId=consumer-Consumer-topic-e062ac28_3958_4fa6_919a_c71787d33108-14, groupId=Consumer-topic-e062ac28_3958_4fa6_919a_c71787d33108] Cluster ID: VsWUIKwhTKC56aKd3Rs4Pw
2025-08-07 20:31:54,134 INFO  [org.apa.kaf.cli.con.int.ConsumerCoordinator] (Thread-716) [Consumer clientId=consumer-Consumer-topic-e062ac28_3958_4fa6_919a_c71787d33108-14, groupId=Consumer-topic-e062ac28_3958_4fa6_919a_c71787d33108] Discovered group coordinator localhost:32769 (id: 2147483647 rack: null)
2025-08-07 20:31:54,135 INFO  [org.apa.kaf.cli.con.int.ConsumerCoordinator] (Thread-716) [Consumer clientId=consumer-Consumer-topic-e062ac28_3958_4fa6_919a_c71787d33108-14, groupId=Consumer-topic-e062ac28_3958_4fa6_919a_c71787d33108] (Re-)joining group
2025-08-07 20:31:54,140 INFO  [org.apa.kaf.cli.con.int.ConsumerCoordinator] (Thread-716) [Consumer clientId=consumer-Consumer-topic-e062ac28_3958_4fa6_919a_c71787d33108-14, groupId=Consumer-topic-e062ac28_3958_4fa6_919a_c71787d33108] Request joining group due to: need to re-join with the given member-id: consumer-Consumer-topic-e062ac28_3958_4fa6_919a_c71787d33108-14-e5ecd9e0-9f7c-41c7-a0e2-76f87cd1035e
2025-08-07 20:31:54,140 INFO  [org.apa.kaf.cli.con.int.ConsumerCoordinator] (Thread-716) [Consumer clientId=consumer-Consumer-topic-e062ac28_3958_4fa6_919a_c71787d33108-14, groupId=Consumer-topic-e062ac28_3958_4fa6_919a_c71787d33108] (Re-)joining group
2025-08-07 20:31:55,129 INFO  [io.api.tes.ser.api.KafkaSerdesTester] (Thread-716) None found
2025-08-07 20:31:56,130 INFO  [io.api.tes.ser.api.KafkaSerdesTester] (Thread-716) None found
2025-08-07 20:31:57,130 INFO  [io.api.tes.ser.api.KafkaSerdesTester] (Thread-716) None found
2025-08-07 20:31:57,141 INFO  [org.apa.kaf.cli.con.int.ConsumerCoordinator] (Thread-716) [Consumer clientId=consumer-Consumer-topic-e062ac28_3958_4fa6_919a_c71787d33108-14, groupId=Consumer-topic-e062ac28_3958_4fa6_919a_c71787d33108] Successfully joined group with generation Generation{generationId=1, memberId='consumer-Consumer-topic-e062ac28_3958_4fa6_919a_c71787d33108-14-e5ecd9e0-9f7c-41c7-a0e2-76f87cd1035e', protocol='range'}
2025-08-07 20:31:57,141 INFO  [org.apa.kaf.cli.con.int.ConsumerCoordinator] (Thread-716) [Consumer clientId=consumer-Consumer-topic-e062ac28_3958_4fa6_919a_c71787d33108-14, groupId=Consumer-topic-e062ac28_3958_4fa6_919a_c71787d33108] Finished assignment for group at generation 1: {consumer-Consumer-topic-e062ac28_3958_4fa6_919a_c71787d33108-14-e5ecd9e0-9f7c-41c7-a0e2-76f87cd1035e=Assignment(partitions=[topic-e062ac28_3958_4fa6_919a_c71787d33108-0])}
2025-08-07 20:31:57,148 INFO  [org.apa.kaf.cli.con.int.ConsumerCoordinator] (Thread-716) [Consumer clientId=consumer-Consumer-topic-e062ac28_3958_4fa6_919a_c71787d33108-14, groupId=Consumer-topic-e062ac28_3958_4fa6_919a_c71787d33108] Successfully synced group in generation Generation{generationId=1, memberId='consumer-Consumer-topic-e062ac28_3958_4fa6_919a_c71787d33108-14-e5ecd9e0-9f7c-41c7-a0e2-76f87cd1035e', protocol='range'}
2025-08-07 20:31:57,148 INFO  [org.apa.kaf.cli.con.int.ConsumerCoordinator] (Thread-716) [Consumer clientId=consumer-Consumer-topic-e062ac28_3958_4fa6_919a_c71787d33108-14, groupId=Consumer-topic-e062ac28_3958_4fa6_919a_c71787d33108] Notifying assignor about the new Assignment(partitions=[topic-e062ac28_3958_4fa6_919a_c71787d33108-0])
2025-08-07 20:31:57,148 INFO  [org.apa.kaf.cli.con.int.ConsumerRebalanceListenerInvoker] (Thread-716) [Consumer clientId=consumer-Consumer-topic-e062ac28_3958_4fa6_919a_c71787d33108-14, groupId=Consumer-topic-e062ac28_3958_4fa6_919a_c71787d33108] Adding newly assigned partitions: topic-e062ac28_3958_4fa6_919a_c71787d33108-0
2025-08-07 20:31:57,149 INFO  [org.apa.kaf.cli.con.int.ConsumerCoordinator] (Thread-716) [Consumer clientId=consumer-Consumer-topic-e062ac28_3958_4fa6_919a_c71787d33108-14, groupId=Consumer-topic-e062ac28_3958_4fa6_919a_c71787d33108] Found no committed offset for partition topic-e062ac28_3958_4fa6_919a_c71787d33108-0
2025-08-07 20:31:57,152 INFO  [org.apa.kaf.cli.con.int.SubscriptionState] (Thread-716) [Consumer clientId=consumer-Consumer-topic-e062ac28_3958_4fa6_919a_c71787d33108-14, groupId=Consumer-topic-e062ac28_3958_4fa6_919a_c71787d33108] Resetting offset for partition topic-e062ac28_3958_4fa6_919a_c71787d33108-0 to position FetchPosition{offset=0, offsetEpoch=Optional.empty, currentLeader=LeaderAndEpoch{leader=Optional[localhost:32769 (id: 0 rack: null)], epoch=0}}.
2025-08-07 20:31:57,387 INFO  [io.api.tes.ser.api.KafkaSerdesTester] (Thread-716) topic-e062ac28_3958_4fa6_919a_c71787d33108 0 0 {"key11754598712327": "value-0"}
2025-08-07 20:31:57,387 INFO  [io.api.tes.ser.api.KafkaSerdesTester] (Thread-716) topic-e062ac28_3958_4fa6_919a_c71787d33108 0 1 {"key11754598712327": "value-1"}
2025-08-07 20:31:57,389 INFO  [io.api.tes.ser.api.KafkaSerdesTester] (Thread-716) topic-e062ac28_3958_4fa6_919a_c71787d33108 0 2 {"key11754598712327": "value-2"}
2025-08-07 20:31:57,389 INFO  [io.api.tes.ser.api.KafkaSerdesTester] (Thread-716) topic-e062ac28_3958_4fa6_919a_c71787d33108 0 3 {"key11754598712327": "value-3"}
2025-08-07 20:31:57,389 INFO  [io.api.tes.ser.api.KafkaSerdesTester] (Thread-716) topic-e062ac28_3958_4fa6_919a_c71787d33108 0 4 {"key11754598712327": "value-4"}
2025-08-07 20:31:57,389 INFO  [io.api.tes.ser.api.KafkaSerdesTester] (Thread-716) topic-e062ac28_3958_4fa6_919a_c71787d33108 0 5 {"key11754598712327": "value-5"}
2025-08-07 20:31:57,389 INFO  [io.api.tes.ser.api.KafkaSerdesTester] (Thread-716) topic-e062ac28_3958_4fa6_919a_c71787d33108 0 6 {"key11754598712327": "value-6"}
2025-08-07 20:31:57,389 INFO  [io.api.tes.ser.api.KafkaSerdesTester] (Thread-716) topic-e062ac28_3958_4fa6_919a_c71787d33108 0 7 {"key11754598712327": "value-7"}
2025-08-07 20:31:57,389 INFO  [io.api.tes.ser.api.KafkaSerdesTester] (Thread-716) topic-e062ac28_3958_4fa6_919a_c71787d33108 0 8 {"key11754598712327": "value-8"}
2025-08-07 20:31:57,389 INFO  [io.api.tes.ser.api.KafkaSerdesTester] (Thread-716) topic-e062ac28_3958_4fa6_919a_c71787d33108 0 9 {"key11754598712327": "value-9"}
2025-08-07 20:31:57,389 INFO  [io.api.tes.ser.api.KafkaSerdesTester] (Thread-716) Consumed 10 messages
2025-08-07 20:31:57,397 INFO  [org.apa.kaf.cli.con.int.ConsumerRebalanceListenerInvoker] (Thread-716) [Consumer clientId=consumer-Consumer-topic-e062ac28_3958_4fa6_919a_c71787d33108-14, groupId=Consumer-topic-e062ac28_3958_4fa6_919a_c71787d33108] Revoke previously assigned partitions topic-e062ac28_3958_4fa6_919a_c71787d33108-0
2025-08-07 20:31:57,397 INFO  [org.apa.kaf.cli.con.int.ConsumerCoordinator] (Thread-716) [Consumer clientId=consumer-Consumer-topic-e062ac28_3958_4fa6_919a_c71787d33108-14, groupId=Consumer-topic-e062ac28_3958_4fa6_919a_c71787d33108] Member consumer-Consumer-topic-e062ac28_3958_4fa6_919a_c71787d33108-14-e5ecd9e0-9f7c-41c7-a0e2-76f87cd1035e sending LeaveGroup request to coordinator localhost:32769 (id: 2147483647 rack: null) due to the consumer is being closed
2025-08-07 20:31:57,397 INFO  [org.apa.kaf.cli.con.int.ConsumerCoordinator] (Thread-716) [Consumer clientId=consumer-Consumer-topic-e062ac28_3958_4fa6_919a_c71787d33108-14, groupId=Consumer-topic-e062ac28_3958_4fa6_919a_c71787d33108] Resetting generation and member id due to: consumer pro-actively leaving the group
2025-08-07 20:31:57,397 INFO  [org.apa.kaf.cli.con.int.ConsumerCoordinator] (Thread-716) [Consumer clientId=consumer-Consumer-topic-e062ac28_3958_4fa6_919a_c71787d33108-14, groupId=Consumer-topic-e062ac28_3958_4fa6_919a_c71787d33108] Request joining group due to: consumer pro-actively leaving the group
2025-08-07 20:31:57,890 INFO  [org.apa.kaf.com.met.Metrics] (Thread-716) Metrics scheduler closed
2025-08-07 20:31:57,890 INFO  [org.apa.kaf.com.met.Metrics] (Thread-716) Closing reporter org.apache.kafka.common.metrics.JmxReporter
2025-08-07 20:31:57,890 INFO  [org.apa.kaf.com.met.Metrics] (Thread-716) Closing reporter org.apache.kafka.common.telemetry.internals.ClientTelemetryReporter
2025-08-07 20:31:57,890 INFO  [org.apa.kaf.com.met.Metrics] (Thread-716) Metrics reporters closed
2025-08-07 20:31:57,892 INFO  [org.apa.kaf.com.uti.AppInfoParser] (Thread-716) App info kafka.consumer for consumer-Consumer-topic-e062ac28_3958_4fa6_919a_c71787d33108-14 unregistered
2025-08-07 20:31:57,893 INFO  [org.apa.kaf.cli.con.int.ClassicKafkaConsumer] (Thread-717) [Consumer clientId=consumer-Consumer-topic-c6deb0f8_f08e_4449_8b9b_caa43ac9321f-15, groupId=Consumer-topic-c6deb0f8_f08e_4449_8b9b_caa43ac9321f] Subscribed to topic(s): topic-c6deb0f8_f08e_4449_8b9b_caa43ac9321f
2025-08-07 20:31:57,896 INFO  [org.apa.kaf.cli.Metadata] (Thread-717) [Consumer clientId=consumer-Consumer-topic-c6deb0f8_f08e_4449_8b9b_caa43ac9321f-15, groupId=Consumer-topic-c6deb0f8_f08e_4449_8b9b_caa43ac9321f] Cluster ID: VsWUIKwhTKC56aKd3Rs4Pw
2025-08-07 20:31:57,897 INFO  [org.apa.kaf.cli.con.int.ConsumerCoordinator] (Thread-717) [Consumer clientId=consumer-Consumer-topic-c6deb0f8_f08e_4449_8b9b_caa43ac9321f-15, groupId=Consumer-topic-c6deb0f8_f08e_4449_8b9b_caa43ac9321f] Discovered group coordinator localhost:32769 (id: 2147483647 rack: null)
2025-08-07 20:31:57,898 INFO  [org.apa.kaf.cli.con.int.ConsumerCoordinator] (Thread-717) [Consumer clientId=consumer-Consumer-topic-c6deb0f8_f08e_4449_8b9b_caa43ac9321f-15, groupId=Consumer-topic-c6deb0f8_f08e_4449_8b9b_caa43ac9321f] (Re-)joining group
2025-08-07 20:31:57,900 INFO  [org.apa.kaf.cli.con.int.ConsumerCoordinator] (Thread-717) [Consumer clientId=consumer-Consumer-topic-c6deb0f8_f08e_4449_8b9b_caa43ac9321f-15, groupId=Consumer-topic-c6deb0f8_f08e_4449_8b9b_caa43ac9321f] Request joining group due to: need to re-join with the given member-id: consumer-Consumer-topic-c6deb0f8_f08e_4449_8b9b_caa43ac9321f-15-ac9c804c-dcfe-4e90-974b-a0da24bb5264
2025-08-07 20:31:57,900 INFO  [org.apa.kaf.cli.con.int.ConsumerCoordinator] (Thread-717) [Consumer clientId=consumer-Consumer-topic-c6deb0f8_f08e_4449_8b9b_caa43ac9321f-15, groupId=Consumer-topic-c6deb0f8_f08e_4449_8b9b_caa43ac9321f] (Re-)joining group
2025-08-07 20:31:58,893 INFO  [io.api.tes.ser.api.KafkaSerdesTester] (Thread-717) None found
2025-08-07 20:31:59,893 INFO  [io.api.tes.ser.api.KafkaSerdesTester] (Thread-717) None found
2025-08-07 20:32:00,893 INFO  [io.api.tes.ser.api.KafkaSerdesTester] (Thread-717) None found
2025-08-07 20:32:00,901 INFO  [org.apa.kaf.cli.con.int.ConsumerCoordinator] (Thread-717) [Consumer clientId=consumer-Consumer-topic-c6deb0f8_f08e_4449_8b9b_caa43ac9321f-15, groupId=Consumer-topic-c6deb0f8_f08e_4449_8b9b_caa43ac9321f] Successfully joined group with generation Generation{generationId=1, memberId='consumer-Consumer-topic-c6deb0f8_f08e_4449_8b9b_caa43ac9321f-15-ac9c804c-dcfe-4e90-974b-a0da24bb5264', protocol='range'}
2025-08-07 20:32:00,901 INFO  [org.apa.kaf.cli.con.int.ConsumerCoordinator] (Thread-717) [Consumer clientId=consumer-Consumer-topic-c6deb0f8_f08e_4449_8b9b_caa43ac9321f-15, groupId=Consumer-topic-c6deb0f8_f08e_4449_8b9b_caa43ac9321f] Finished assignment for group at generation 1: {consumer-Consumer-topic-c6deb0f8_f08e_4449_8b9b_caa43ac9321f-15-ac9c804c-dcfe-4e90-974b-a0da24bb5264=Assignment(partitions=[topic-c6deb0f8_f08e_4449_8b9b_caa43ac9321f-0])}
2025-08-07 20:32:00,908 INFO  [org.apa.kaf.cli.con.int.ConsumerCoordinator] (Thread-717) [Consumer clientId=consumer-Consumer-topic-c6deb0f8_f08e_4449_8b9b_caa43ac9321f-15, groupId=Consumer-topic-c6deb0f8_f08e_4449_8b9b_caa43ac9321f] Successfully synced group in generation Generation{generationId=1, memberId='consumer-Consumer-topic-c6deb0f8_f08e_4449_8b9b_caa43ac9321f-15-ac9c804c-dcfe-4e90-974b-a0da24bb5264', protocol='range'}
2025-08-07 20:32:00,908 INFO  [org.apa.kaf.cli.con.int.ConsumerCoordinator] (Thread-717) [Consumer clientId=consumer-Consumer-topic-c6deb0f8_f08e_4449_8b9b_caa43ac9321f-15, groupId=Consumer-topic-c6deb0f8_f08e_4449_8b9b_caa43ac9321f] Notifying assignor about the new Assignment(partitions=[topic-c6deb0f8_f08e_4449_8b9b_caa43ac9321f-0])
2025-08-07 20:32:00,908 INFO  [org.apa.kaf.cli.con.int.ConsumerRebalanceListenerInvoker] (Thread-717) [Consumer clientId=consumer-Consumer-topic-c6deb0f8_f08e_4449_8b9b_caa43ac9321f-15, groupId=Consumer-topic-c6deb0f8_f08e_4449_8b9b_caa43ac9321f] Adding newly assigned partitions: topic-c6deb0f8_f08e_4449_8b9b_caa43ac9321f-0
2025-08-07 20:32:00,910 INFO  [org.apa.kaf.cli.con.int.ConsumerCoordinator] (Thread-717) [Consumer clientId=consumer-Consumer-topic-c6deb0f8_f08e_4449_8b9b_caa43ac9321f-15, groupId=Consumer-topic-c6deb0f8_f08e_4449_8b9b_caa43ac9321f] Found no committed offset for partition topic-c6deb0f8_f08e_4449_8b9b_caa43ac9321f-0
2025-08-07 20:32:00,913 INFO  [org.apa.kaf.cli.con.int.SubscriptionState] (Thread-717) [Consumer clientId=consumer-Consumer-topic-c6deb0f8_f08e_4449_8b9b_caa43ac9321f-15, groupId=Consumer-topic-c6deb0f8_f08e_4449_8b9b_caa43ac9321f] Resetting offset for partition topic-c6deb0f8_f08e_4449_8b9b_caa43ac9321f-0 to position FetchPosition{offset=0, offsetEpoch=Optional.empty, currentLeader=LeaderAndEpoch{leader=Optional[localhost:32769 (id: 0 rack: null)], epoch=0}}.
2025-08-07 20:32:01,150 INFO  [io.api.tes.ser.api.KafkaSerdesTester] (Thread-717) topic-c6deb0f8_f08e_4449_8b9b_caa43ac9321f 0 0 {"key11754598712327": "value-0"}
2025-08-07 20:32:01,150 INFO  [io.api.tes.ser.api.KafkaSerdesTester] (Thread-717) topic-c6deb0f8_f08e_4449_8b9b_caa43ac9321f 0 1 {"key11754598712327": "value-1"}
2025-08-07 20:32:01,150 INFO  [io.api.tes.ser.api.KafkaSerdesTester] (Thread-717) topic-c6deb0f8_f08e_4449_8b9b_caa43ac9321f 0 2 {"key11754598712327": "value-2"}
2025-08-07 20:32:01,150 INFO  [io.api.tes.ser.api.KafkaSerdesTester] (Thread-717) topic-c6deb0f8_f08e_4449_8b9b_caa43ac9321f 0 3 {"key11754598712327": "value-3"}
2025-08-07 20:32:01,150 INFO  [io.api.tes.ser.api.KafkaSerdesTester] (Thread-717) topic-c6deb0f8_f08e_4449_8b9b_caa43ac9321f 0 4 {"key11754598712327": "value-4"}
2025-08-07 20:32:01,150 INFO  [io.api.tes.ser.api.KafkaSerdesTester] (Thread-717) topic-c6deb0f8_f08e_4449_8b9b_caa43ac9321f 0 5 {"key11754598712327": "value-5"}
2025-08-07 20:32:01,150 INFO  [io.api.tes.ser.api.KafkaSerdesTester] (Thread-717) topic-c6deb0f8_f08e_4449_8b9b_caa43ac9321f 0 6 {"key11754598712327": "value-6"}
2025-08-07 20:32:01,150 INFO  [io.api.tes.ser.api.KafkaSerdesTester] (Thread-717) topic-c6deb0f8_f08e_4449_8b9b_caa43ac9321f 0 7 {"key11754598712327": "value-7"}
2025-08-07 20:32:01,151 INFO  [io.api.tes.ser.api.KafkaSerdesTester] (Thread-717) topic-c6deb0f8_f08e_4449_8b9b_caa43ac9321f 0 8 {"key11754598712327": "value-8"}
2025-08-07 20:32:01,151 INFO  [io.api.tes.ser.api.KafkaSerdesTester] (Thread-717) topic-c6deb0f8_f08e_4449_8b9b_caa43ac9321f 0 9 {"key11754598712327": "value-9"}
2025-08-07 20:32:01,151 INFO  [io.api.tes.ser.api.KafkaSerdesTester] (Thread-717) Consumed 10 messages
2025-08-07 20:32:01,158 INFO  [org.apa.kaf.cli.con.int.ConsumerRebalanceListenerInvoker] (Thread-717) [Consumer clientId=consumer-Consumer-topic-c6deb0f8_f08e_4449_8b9b_caa43ac9321f-15, groupId=Consumer-topic-c6deb0f8_f08e_4449_8b9b_caa43ac9321f] Revoke previously assigned partitions topic-c6deb0f8_f08e_4449_8b9b_caa43ac9321f-0
2025-08-07 20:32:01,158 INFO  [org.apa.kaf.cli.con.int.ConsumerCoordinator] (Thread-717) [Consumer clientId=consumer-Consumer-topic-c6deb0f8_f08e_4449_8b9b_caa43ac9321f-15, groupId=Consumer-topic-c6deb0f8_f08e_4449_8b9b_caa43ac9321f] Member consumer-Consumer-topic-c6deb0f8_f08e_4449_8b9b_caa43ac9321f-15-ac9c804c-dcfe-4e90-974b-a0da24bb5264 sending LeaveGroup request to coordinator localhost:32769 (id: 2147483647 rack: null) due to the consumer is being closed
2025-08-07 20:32:01,158 INFO  [org.apa.kaf.cli.con.int.ConsumerCoordinator] (Thread-717) [Consumer clientId=consumer-Consumer-topic-c6deb0f8_f08e_4449_8b9b_caa43ac9321f-15, groupId=Consumer-topic-c6deb0f8_f08e_4449_8b9b_caa43ac9321f] Resetting generation and member id due to: consumer pro-actively leaving the group
2025-08-07 20:32:01,158 INFO  [org.apa.kaf.cli.con.int.ConsumerCoordinator] (Thread-717) [Consumer clientId=consumer-Consumer-topic-c6deb0f8_f08e_4449_8b9b_caa43ac9321f-15, groupId=Consumer-topic-c6deb0f8_f08e_4449_8b9b_caa43ac9321f] Request joining group due to: consumer pro-actively leaving the group
2025-08-07 20:32:01,653 INFO  [org.apa.kaf.com.met.Metrics] (Thread-717) Metrics scheduler closed
2025-08-07 20:32:01,654 INFO  [org.apa.kaf.com.met.Metrics] (Thread-717) Closing reporter org.apache.kafka.common.metrics.JmxReporter
2025-08-07 20:32:01,654 INFO  [org.apa.kaf.com.met.Metrics] (Thread-717) Closing reporter org.apache.kafka.common.telemetry.internals.ClientTelemetryReporter
2025-08-07 20:32:01,654 INFO  [org.apa.kaf.com.met.Metrics] (Thread-717) Metrics reporters closed
2025-08-07 20:32:01,655 INFO  [org.apa.kaf.com.uti.AppInfoParser] (Thread-717) App info kafka.consumer for consumer-Consumer-topic-c6deb0f8_f08e_4449_8b9b_caa43ac9321f-15 unregistered
2025-08-07 20:32:01,656 INFO  [org.apa.kaf.cli.con.int.ClassicKafkaConsumer] (Thread-718) [Consumer clientId=consumer-Consumer-topic-b00804a4_83e0_4df1_b4f2_90333b83011e-16, groupId=Consumer-topic-b00804a4_83e0_4df1_b4f2_90333b83011e] Subscribed to topic(s): topic-b00804a4_83e0_4df1_b4f2_90333b83011e
2025-08-07 20:32:01,660 INFO  [org.apa.kaf.cli.Metadata] (Thread-718) [Consumer clientId=consumer-Consumer-topic-b00804a4_83e0_4df1_b4f2_90333b83011e-16, groupId=Consumer-topic-b00804a4_83e0_4df1_b4f2_90333b83011e] Cluster ID: VsWUIKwhTKC56aKd3Rs4Pw
2025-08-07 20:32:01,662 INFO  [org.apa.kaf.cli.con.int.ConsumerCoordinator] (Thread-718) [Consumer clientId=consumer-Consumer-topic-b00804a4_83e0_4df1_b4f2_90333b83011e-16, groupId=Consumer-topic-b00804a4_83e0_4df1_b4f2_90333b83011e] Discovered group coordinator localhost:32769 (id: 2147483647 rack: null)
2025-08-07 20:32:01,664 INFO  [org.apa.kaf.cli.con.int.ConsumerCoordinator] (Thread-718) [Consumer clientId=consumer-Consumer-topic-b00804a4_83e0_4df1_b4f2_90333b83011e-16, groupId=Consumer-topic-b00804a4_83e0_4df1_b4f2_90333b83011e] (Re-)joining group
2025-08-07 20:32:01,667 INFO  [org.apa.kaf.cli.con.int.ConsumerCoordinator] (Thread-718) [Consumer clientId=consumer-Consumer-topic-b00804a4_83e0_4df1_b4f2_90333b83011e-16, groupId=Consumer-topic-b00804a4_83e0_4df1_b4f2_90333b83011e] Request joining group due to: need to re-join with the given member-id: consumer-Consumer-topic-b00804a4_83e0_4df1_b4f2_90333b83011e-16-5e9d4f15-2e64-445e-9463-368da41bb449
2025-08-07 20:32:01,667 INFO  [org.apa.kaf.cli.con.int.ConsumerCoordinator] (Thread-718) [Consumer clientId=consumer-Consumer-topic-b00804a4_83e0_4df1_b4f2_90333b83011e-16, groupId=Consumer-topic-b00804a4_83e0_4df1_b4f2_90333b83011e] (Re-)joining group
2025-08-07 20:32:02,656 INFO  [io.api.tes.ser.api.KafkaSerdesTester] (Thread-718) None found
2025-08-07 20:32:03,656 INFO  [io.api.tes.ser.api.KafkaSerdesTester] (Thread-718) None found
2025-08-07 20:32:04,657 INFO  [io.api.tes.ser.api.KafkaSerdesTester] (Thread-718) None found
2025-08-07 20:32:04,668 INFO  [org.apa.kaf.cli.con.int.ConsumerCoordinator] (Thread-718) [Consumer clientId=consumer-Consumer-topic-b00804a4_83e0_4df1_b4f2_90333b83011e-16, groupId=Consumer-topic-b00804a4_83e0_4df1_b4f2_90333b83011e] Successfully joined group with generation Generation{generationId=1, memberId='consumer-Consumer-topic-b00804a4_83e0_4df1_b4f2_90333b83011e-16-5e9d4f15-2e64-445e-9463-368da41bb449', protocol='range'}
2025-08-07 20:32:04,669 INFO  [org.apa.kaf.cli.con.int.ConsumerCoordinator] (Thread-718) [Consumer clientId=consumer-Consumer-topic-b00804a4_83e0_4df1_b4f2_90333b83011e-16, groupId=Consumer-topic-b00804a4_83e0_4df1_b4f2_90333b83011e] Finished assignment for group at generation 1: {consumer-Consumer-topic-b00804a4_83e0_4df1_b4f2_90333b83011e-16-5e9d4f15-2e64-445e-9463-368da41bb449=Assignment(partitions=[topic-b00804a4_83e0_4df1_b4f2_90333b83011e-0])}
2025-08-07 20:32:04,676 INFO  [org.apa.kaf.cli.con.int.ConsumerCoordinator] (Thread-718) [Consumer clientId=consumer-Consumer-topic-b00804a4_83e0_4df1_b4f2_90333b83011e-16, groupId=Consumer-topic-b00804a4_83e0_4df1_b4f2_90333b83011e] Successfully synced group in generation Generation{generationId=1, memberId='consumer-Consumer-topic-b00804a4_83e0_4df1_b4f2_90333b83011e-16-5e9d4f15-2e64-445e-9463-368da41bb449', protocol='range'}
2025-08-07 20:32:04,676 INFO  [org.apa.kaf.cli.con.int.ConsumerCoordinator] (Thread-718) [Consumer clientId=consumer-Consumer-topic-b00804a4_83e0_4df1_b4f2_90333b83011e-16, groupId=Consumer-topic-b00804a4_83e0_4df1_b4f2_90333b83011e] Notifying assignor about the new Assignment(partitions=[topic-b00804a4_83e0_4df1_b4f2_90333b83011e-0])
2025-08-07 20:32:04,677 INFO  [org.apa.kaf.cli.con.int.ConsumerRebalanceListenerInvoker] (Thread-718) [Consumer clientId=consumer-Consumer-topic-b00804a4_83e0_4df1_b4f2_90333b83011e-16, groupId=Consumer-topic-b00804a4_83e0_4df1_b4f2_90333b83011e] Adding newly assigned partitions: topic-b00804a4_83e0_4df1_b4f2_90333b83011e-0
2025-08-07 20:32:04,677 INFO  [org.apa.kaf.cli.con.int.ConsumerCoordinator] (Thread-718) [Consumer clientId=consumer-Consumer-topic-b00804a4_83e0_4df1_b4f2_90333b83011e-16, groupId=Consumer-topic-b00804a4_83e0_4df1_b4f2_90333b83011e] Found no committed offset for partition topic-b00804a4_83e0_4df1_b4f2_90333b83011e-0
2025-08-07 20:32:04,679 INFO  [org.apa.kaf.cli.con.int.SubscriptionState] (Thread-718) [Consumer clientId=consumer-Consumer-topic-b00804a4_83e0_4df1_b4f2_90333b83011e-16, groupId=Consumer-topic-b00804a4_83e0_4df1_b4f2_90333b83011e] Resetting offset for partition topic-b00804a4_83e0_4df1_b4f2_90333b83011e-0 to position FetchPosition{offset=0, offsetEpoch=Optional.empty, currentLeader=LeaderAndEpoch{leader=Optional[localhost:32769 (id: 0 rack: null)], epoch=0}}.
2025-08-07 20:32:04,917 INFO  [io.api.tes.ser.api.KafkaSerdesTester] (Thread-718) topic-b00804a4_83e0_4df1_b4f2_90333b83011e 0 0 {"key11754598712327": "value-0"}
2025-08-07 20:32:04,918 INFO  [io.api.tes.ser.api.KafkaSerdesTester] (Thread-718) topic-b00804a4_83e0_4df1_b4f2_90333b83011e 0 1 {"key11754598712327": "value-1"}
2025-08-07 20:32:04,918 INFO  [io.api.tes.ser.api.KafkaSerdesTester] (Thread-718) topic-b00804a4_83e0_4df1_b4f2_90333b83011e 0 2 {"key11754598712327": "value-2"}
2025-08-07 20:32:04,918 INFO  [io.api.tes.ser.api.KafkaSerdesTester] (Thread-718) topic-b00804a4_83e0_4df1_b4f2_90333b83011e 0 3 {"key11754598712327": "value-3"}
2025-08-07 20:32:04,918 INFO  [io.api.tes.ser.api.KafkaSerdesTester] (Thread-718) topic-b00804a4_83e0_4df1_b4f2_90333b83011e 0 4 {"key11754598712327": "value-4"}
2025-08-07 20:32:04,918 INFO  [io.api.tes.ser.api.KafkaSerdesTester] (Thread-718) topic-b00804a4_83e0_4df1_b4f2_90333b83011e 0 5 {"key11754598712327": "value-5"}
2025-08-07 20:32:04,918 INFO  [io.api.tes.ser.api.KafkaSerdesTester] (Thread-718) topic-b00804a4_83e0_4df1_b4f2_90333b83011e 0 6 {"key11754598712327": "value-6"}
2025-08-07 20:32:04,918 INFO  [io.api.tes.ser.api.KafkaSerdesTester] (Thread-718) topic-b00804a4_83e0_4df1_b4f2_90333b83011e 0 7 {"key11754598712327": "value-7"}
2025-08-07 20:32:04,918 INFO  [io.api.tes.ser.api.KafkaSerdesTester] (Thread-718) topic-b00804a4_83e0_4df1_b4f2_90333b83011e 0 8 {"key11754598712327": "value-8"}
2025-08-07 20:32:04,918 INFO  [io.api.tes.ser.api.KafkaSerdesTester] (Thread-718) topic-b00804a4_83e0_4df1_b4f2_90333b83011e 0 9 {"key11754598712327": "value-9"}
2025-08-07 20:32:04,918 INFO  [io.api.tes.ser.api.KafkaSerdesTester] (Thread-718) Consumed 10 messages
2025-08-07 20:32:04,927 INFO  [org.apa.kaf.cli.con.int.ConsumerRebalanceListenerInvoker] (Thread-718) [Consumer clientId=consumer-Consumer-topic-b00804a4_83e0_4df1_b4f2_90333b83011e-16, groupId=Consumer-topic-b00804a4_83e0_4df1_b4f2_90333b83011e] Revoke previously assigned partitions topic-b00804a4_83e0_4df1_b4f2_90333b83011e-0
2025-08-07 20:32:04,927 INFO  [org.apa.kaf.cli.con.int.ConsumerCoordinator] (Thread-718) [Consumer clientId=consumer-Consumer-topic-b00804a4_83e0_4df1_b4f2_90333b83011e-16, groupId=Consumer-topic-b00804a4_83e0_4df1_b4f2_90333b83011e] Member consumer-Consumer-topic-b00804a4_83e0_4df1_b4f2_90333b83011e-16-5e9d4f15-2e64-445e-9463-368da41bb449 sending LeaveGroup request to coordinator localhost:32769 (id: 2147483647 rack: null) due to the consumer is being closed
2025-08-07 20:32:04,927 INFO  [org.apa.kaf.cli.con.int.ConsumerCoordinator] (Thread-718) [Consumer clientId=consumer-Consumer-topic-b00804a4_83e0_4df1_b4f2_90333b83011e-16, groupId=Consumer-topic-b00804a4_83e0_4df1_b4f2_90333b83011e] Resetting generation and member id due to: consumer pro-actively leaving the group
2025-08-07 20:32:04,927 INFO  [org.apa.kaf.cli.con.int.ConsumerCoordinator] (Thread-718) [Consumer clientId=consumer-Consumer-topic-b00804a4_83e0_4df1_b4f2_90333b83011e-16, groupId=Consumer-topic-b00804a4_83e0_4df1_b4f2_90333b83011e] Request joining group due to: consumer pro-actively leaving the group
2025-08-07 20:32:05,420 INFO  [org.apa.kaf.com.met.Metrics] (Thread-718) Metrics scheduler closed
2025-08-07 20:32:05,420 INFO  [org.apa.kaf.com.met.Metrics] (Thread-718) Closing reporter org.apache.kafka.common.metrics.JmxReporter
2025-08-07 20:32:05,420 INFO  [org.apa.kaf.com.met.Metrics] (Thread-718) Closing reporter org.apache.kafka.common.telemetry.internals.ClientTelemetryReporter
2025-08-07 20:32:05,420 INFO  [org.apa.kaf.com.met.Metrics] (Thread-718) Metrics reporters closed
2025-08-07 20:32:05,422 INFO  [org.apa.kaf.com.uti.AppInfoParser] (Thread-718) App info kafka.consumer for consumer-Consumer-topic-b00804a4_83e0_4df1_b4f2_90333b83011e-16 unregistered
2025-08-07 20:32:05,423 INFO  [io.api.tes.uti.TestSeparator] (main) io.apicurio.tests.serdes.apicurio.AvroSerdeIT.testAvroConfluentForMultipleTopics-FINISHED
2025-08-07 20:32:05,423 INFO  [io.api.tes.uti.TestSeparator] (main) ############################################################################
Test passed: testAvroConfluentForMultipleTopics
]]></system-out>
  </testcase>
  <testcase name="testFirstRequestFailsRateLimited" classname="io.apicurio.tests.serdes.apicurio.AvroSerdeIT" time="1.015">
    <system-out><![CDATA[2025-08-07 20:32:05,424 INFO  [io.api.tes.uti.TestSeparator] (main) ############################################################################
2025-08-07 20:32:05,424 INFO  [io.api.tes.uti.TestSeparator] (main) io.apicurio.tests.serdes.apicurio.AvroSerdeIT.testFirstRequestFailsRateLimited-STARTED
2025-08-07 20:32:05,902 WARN  [org.ecl.jet.ser.AbstractConnector] (main) Acceptors should be <= availableProcessors: NetworkTrafficServerConnector@1e68d8f{HTTP/1.1, (http/1.1, h2c)}{0.0.0.0:0} 
2025-08-07 20:32:06,014 INFO  [org.ecl.jet.ser.Server] (main) jetty-11.0.15; built: 2023-04-11T18:37:53.775Z; git: 5bc5e562c8d05c5862505aebe5cf83a61bdbcb96; jvm 17.0.16+8
2025-08-07 20:32:06,054 INFO  [org.ecl.jet.ser.han.ContextHandler] (main) Started o.e.j.s.ServletContextHandler@cf39749{/__admin,null,AVAILABLE}
2025-08-07 20:32:06,062 INFO  [org.ecl.jet.ser.han.Con.ROOT] (main) RequestHandlerClass from context returned com.github.tomakehurst.wiremock.http.StubRequestHandler. Normalized mapped under returned 'null'
2025-08-07 20:32:06,063 INFO  [org.ecl.jet.ser.han.ContextHandler] (main) Started o.e.j.s.ServletContextHandler@40692fc3{/,null,AVAILABLE}
2025-08-07 20:32:06,075 INFO  [org.ecl.jet.ser.AbstractConnector] (main) Started NetworkTrafficServerConnector@1e68d8f{HTTP/1.1, (http/1.1, h2c)}{0.0.0.0:43435}
2025-08-07 20:32:06,077 INFO  [org.ecl.jet.ser.Server] (main) Started Server@5d7b3a93{STARTING}[11.0.15,sto=1000] @122159ms
**** Registry Base URL: http://registry-app-mysql.apps.ci419.apicurio-testing.org:80
2025-08-07 20:32:06,092 INFO  [org.apa.kaf.cli.pro.ProducerConfig] (main) ProducerConfig values: 
	acks = -1
	auto.include.jmx.reporter = true
	batch.size = 16384
	bootstrap.servers = [PLAINTEXT://localhost:32769]
	buffer.memory = 33554432
	client.dns.lookup = use_all_dns_ips
	client.id = Producer-topic-5db59607_45b4_4f17_9358_b759e60dcdf3
	compression.gzip.level = -1
	compression.lz4.level = 9
	compression.type = none
	compression.zstd.level = 3
	connections.max.idle.ms = 10000
	delivery.timeout.ms = 120000
	enable.idempotence = true
	enable.metrics.push = true
	interceptor.classes = []
	key.serializer = class org.apache.kafka.common.serialization.StringSerializer
	linger.ms = 0
	max.block.ms = 60000
	max.in.flight.requests.per.connection = 5
	max.request.size = 1048576
	metadata.max.age.ms = 300000
	metadata.max.idle.ms = 300000
	metadata.recovery.strategy = none
	metric.reporters = []
	metrics.num.samples = 2
	metrics.recording.level = INFO
	metrics.sample.window.ms = 30000
	partitioner.adaptive.partitioning.enable = true
	partitioner.availability.timeout.ms = 0
	partitioner.class = null
	partitioner.ignore.keys = false
	receive.buffer.bytes = 32768
	reconnect.backoff.max.ms = 1000
	reconnect.backoff.ms = 50
	request.timeout.ms = 5000
	retries = 2147483647
	retry.backoff.max.ms = 1000
	retry.backoff.ms = 100
	sasl.client.callback.handler.class = null
	sasl.jaas.config = null
	sasl.kerberos.kinit.cmd = /usr/bin/kinit
	sasl.kerberos.min.time.before.relogin = 60000
	sasl.kerberos.service.name = null
	sasl.kerberos.ticket.renew.jitter = 0.05
	sasl.kerberos.ticket.renew.window.factor = 0.8
	sasl.login.callback.handler.class = null
	sasl.login.class = null
	sasl.login.connect.timeout.ms = null
	sasl.login.read.timeout.ms = null
	sasl.login.refresh.buffer.seconds = 300
	sasl.login.refresh.min.period.seconds = 60
	sasl.login.refresh.window.factor = 0.8
	sasl.login.refresh.window.jitter = 0.05
	sasl.login.retry.backoff.max.ms = 10000
	sasl.login.retry.backoff.ms = 100
	sasl.mechanism = GSSAPI
	sasl.oauthbearer.clock.skew.seconds = 30
	sasl.oauthbearer.expected.audience = null
	sasl.oauthbearer.expected.issuer = null
	sasl.oauthbearer.header.urlencode = false
	sasl.oauthbearer.jwks.endpoint.refresh.ms = 3600000
	sasl.oauthbearer.jwks.endpoint.retry.backoff.max.ms = 10000
	sasl.oauthbearer.jwks.endpoint.retry.backoff.ms = 100
	sasl.oauthbearer.jwks.endpoint.url = null
	sasl.oauthbearer.scope.claim.name = scope
	sasl.oauthbearer.sub.claim.name = sub
	sasl.oauthbearer.token.endpoint.url = null
	security.protocol = PLAINTEXT
	security.providers = null
	send.buffer.bytes = 131072
	socket.connection.setup.timeout.max.ms = 30000
	socket.connection.setup.timeout.ms = 10000
	ssl.cipher.suites = null
	ssl.enabled.protocols = [TLSv1.2, TLSv1.3]
	ssl.endpoint.identification.algorithm = https
	ssl.engine.factory.class = null
	ssl.key.password = null
	ssl.keymanager.algorithm = SunX509
	ssl.keystore.certificate.chain = null
	ssl.keystore.key = null
	ssl.keystore.location = null
	ssl.keystore.password = null
	ssl.keystore.type = JKS
	ssl.protocol = TLSv1.3
	ssl.provider = null
	ssl.secure.random.implementation = null
	ssl.trustmanager.algorithm = PKIX
	ssl.truststore.certificates = null
	ssl.truststore.location = null
	ssl.truststore.password = null
	ssl.truststore.type = JKS
	transaction.timeout.ms = 60000
	transactional.id = null
	value.serializer = class io.apicurio.registry.serde.avro.AvroKafkaSerializer

2025-08-07 20:32:06,094 INFO  [org.apa.kaf.com.tel.int.KafkaMetricsCollector] (main) initializing Kafka metrics collector
2025-08-07 20:32:06,101 INFO  [org.apa.kaf.cli.pro.KafkaProducer] (main) [Producer clientId=Producer-topic-5db59607_45b4_4f17_9358_b759e60dcdf3] Instantiated an idempotent producer.
2025-08-07 20:32:06,109 INFO  [org.apa.kaf.cli.pro.ProducerConfig] (main) These configurations '[apicurio.registry.url, apicurio.registry.artifact-resolver-strategy]' were supplied but are not used yet.
2025-08-07 20:32:06,109 INFO  [org.apa.kaf.com.uti.AppInfoParser] (main) Kafka version: 3.9.1
2025-08-07 20:32:06,110 INFO  [org.apa.kaf.com.uti.AppInfoParser] (main) Kafka commitId: f745dfdcee2b9851
2025-08-07 20:32:06,110 INFO  [org.apa.kaf.com.uti.AppInfoParser] (main) Kafka startTimeMs: 1754598726109
2025-08-07 20:32:06,112 INFO  [io.api.tes.ser.api.KafkaSerdesTester] (Thread-729) Sending message {"keyB": "value-0"} to topic topic-5db59607_45b4_4f17_9358_b759e60dcdf3
2025-08-07 20:32:06,116 INFO  [org.apa.kaf.cli.Metadata] (kafka-producer-network-thread | Producer-topic-5db59607_45b4_4f17_9358_b759e60dcdf3) [Producer clientId=Producer-topic-5db59607_45b4_4f17_9358_b759e60dcdf3] Cluster ID: VsWUIKwhTKC56aKd3Rs4Pw
2025-08-07 20:32:06,119 INFO  [org.apa.kaf.cli.pro.int.TransactionManager] (kafka-producer-network-thread | Producer-topic-5db59607_45b4_4f17_9358_b759e60dcdf3) [Producer clientId=Producer-topic-5db59607_45b4_4f17_9358_b759e60dcdf3] ProducerId set to 22 with epoch 0
2025-08-07 20:32:06,124 WARN  [org.apa.kaf.cli.NetworkClient] (kafka-producer-network-thread | Producer-topic-5db59607_45b4_4f17_9358_b759e60dcdf3) [Producer clientId=Producer-topic-5db59607_45b4_4f17_9358_b759e60dcdf3] The metadata response from the cluster reported a recoverable issue with correlation id 4 : {topic-5db59607_45b4_4f17_9358_b759e60dcdf3=UNKNOWN_TOPIC_OR_PARTITION}
2025-08-07 20:32:06,239 INFO  [DefaultSchemaResolver] (Thread-729) Retrieving schema content using string: {"type":"record","name":"myrecord","namespace":"mygroup","fields":[{"name":"keyB","type":"string"}]}
2025-08-07 20:32:06,421 INFO  [org.apa.kaf.cli.pro.KafkaProducer] (Thread-729) [Producer clientId=Producer-topic-5db59607_45b4_4f17_9358_b759e60dcdf3] Closing the Kafka producer with timeoutMillis = 9223372036854775807 ms.
2025-08-07 20:32:06,423 INFO  [org.apa.kaf.com.met.Metrics] (Thread-729) Metrics scheduler closed
2025-08-07 20:32:06,423 INFO  [org.apa.kaf.com.met.Metrics] (Thread-729) Closing reporter org.apache.kafka.common.metrics.JmxReporter
2025-08-07 20:32:06,423 INFO  [org.apa.kaf.com.met.Metrics] (Thread-729) Closing reporter org.apache.kafka.common.telemetry.internals.ClientTelemetryReporter
2025-08-07 20:32:06,423 INFO  [org.apa.kaf.com.met.Metrics] (Thread-729) Metrics reporters closed
2025-08-07 20:32:06,424 INFO  [org.apa.kaf.com.uti.AppInfoParser] (Thread-729) App info kafka.producer for Producer-topic-5db59607_45b4_4f17_9358_b759e60dcdf3 unregistered
2025-08-07 20:32:06,426 INFO  [org.ecl.jet.ser.Server] (main) Stopped Server@5d7b3a93{STOPPING}[11.0.15,sto=1000]
2025-08-07 20:32:06,426 INFO  [org.ecl.jet.ser.Server] (main) Shutdown Server@5d7b3a93{STOPPING}[11.0.15,sto=1000]
2025-08-07 20:32:06,432 INFO  [org.ecl.jet.ser.AbstractConnector] (main) Stopped NetworkTrafficServerConnector@1e68d8f{HTTP/1.1, (http/1.1, h2c)}{0.0.0.0:0}
2025-08-07 20:32:06,433 INFO  [org.ecl.jet.ser.han.ContextHandler] (main) Stopped o.e.j.s.ServletContextHandler@40692fc3{/,null,STOPPED}
2025-08-07 20:32:06,434 INFO  [org.ecl.jet.ser.han.ContextHandler] (main) Stopped o.e.j.s.ServletContextHandler@cf39749{/__admin,null,STOPPED}
2025-08-07 20:32:06,438 INFO  [io.api.tes.uti.TestSeparator] (main) io.apicurio.tests.serdes.apicurio.AvroSerdeIT.testFirstRequestFailsRateLimited-FINISHED
2025-08-07 20:32:06,438 INFO  [io.api.tes.uti.TestSeparator] (main) ############################################################################
Test passed: testFirstRequestFailsRateLimited
]]></system-out>
    <system-err><![CDATA[com.microsoft.kiota.ApiException: the server returned an unexpected status code and no error class is registered for this code 429
	at com.microsoft.kiota.ApiExceptionBuilder.withMessage(ApiExceptionBuilder.java:45)
	at io.kiota.http.vertx.VertXRequestAdapter.throwIfFailedResponse(VertXRequestAdapter.java:370)
	at io.kiota.http.vertx.VertXRequestAdapter.send(VertXRequestAdapter.java:170)
	at io.apicurio.registry.rest.client.search.versions.VersionsRequestBuilder.post(VersionsRequestBuilder.java:94)
	at io.apicurio.registry.resolver.client.RegistryClientFacadeImpl.searchVersionsByContent(RegistryClientFacadeImpl.java:106)
	at io.apicurio.registry.resolver.DefaultSchemaResolver.lambda$handleResolveSchemaByContent$3(DefaultSchemaResolver.java:258)
	at io.apicurio.registry.resolver.cache.ERCache.lambda$getValue$0(ERCache.java:174)
	at io.apicurio.registry.resolver.cache.ERCache.retry(ERCache.java:227)
	at io.apicurio.registry.resolver.cache.ERCache.getValue(ERCache.java:173)
	at io.apicurio.registry.resolver.cache.ERCache.getByContent(ERCache.java:147)
	at io.apicurio.registry.resolver.DefaultSchemaResolver.handleResolveSchemaByContent(DefaultSchemaResolver.java:253)
	at io.apicurio.registry.resolver.DefaultSchemaResolver.getSchemaFromRegistry(DefaultSchemaResolver.java:138)
	at io.apicurio.registry.resolver.DefaultSchemaResolver.lambda$resolveSchema$0(DefaultSchemaResolver.java:84)
	at java.base/java.util.Optional.orElseGet(Optional.java:364)
	at io.apicurio.registry.resolver.DefaultSchemaResolver.resolveSchema(DefaultSchemaResolver.java:84)
	at io.apicurio.registry.serde.AbstractSerializer.serializeData(AbstractSerializer.java:62)
	at io.apicurio.registry.serde.KafkaSerializer.serialize(KafkaSerializer.java:77)
	at org.apache.kafka.clients.producer.KafkaProducer.doSend(KafkaProducer.java:1046)
	at org.apache.kafka.clients.producer.KafkaProducer.send(KafkaProducer.java:993)
	at org.apache.kafka.clients.producer.KafkaProducer.send(KafkaProducer.java:875)
	at io.apicurio.tests.serdes.apicurio.KafkaSerdesTester.lambda$produceMessages$3(KafkaSerdesTester.java:138)
	at java.base/java.util.concurrent.CompletableFuture$AsyncSupply.run(CompletableFuture.java:1768)
	at java.base/java.lang.Thread.run(Thread.java:840)
]]></system-err>
  </testcase>
  <testcase name="testFirstEmptyFieldConfusedAsMagicByte" classname="io.apicurio.tests.serdes.apicurio.AvroSerdeIT" time="4.347">
    <system-out><![CDATA[2025-08-07 20:32:06,443 INFO  [io.api.tes.uti.TestSeparator] (main) ############################################################################
2025-08-07 20:32:06,443 INFO  [io.api.tes.uti.TestSeparator] (main) io.apicurio.tests.serdes.apicurio.AvroSerdeIT.testFirstEmptyFieldConfusedAsMagicByte-STARTED
**** Registry Base URL: http://registry-app-mysql.apps.ci419.apicurio-testing.org:80
2025-08-07 20:32:06,454 INFO  [org.apa.kaf.cli.pro.ProducerConfig] (main) ProducerConfig values: 
	acks = -1
	auto.include.jmx.reporter = true
	batch.size = 16384
	bootstrap.servers = [PLAINTEXT://localhost:32769]
	buffer.memory = 33554432
	client.dns.lookup = use_all_dns_ips
	client.id = Producer-topic-1d589038_42c3_440e_98da_2f3646e3ea6e
	compression.gzip.level = -1
	compression.lz4.level = 9
	compression.type = none
	compression.zstd.level = 3
	connections.max.idle.ms = 10000
	delivery.timeout.ms = 120000
	enable.idempotence = true
	enable.metrics.push = true
	interceptor.classes = []
	key.serializer = class org.apache.kafka.common.serialization.StringSerializer
	linger.ms = 0
	max.block.ms = 60000
	max.in.flight.requests.per.connection = 5
	max.request.size = 1048576
	metadata.max.age.ms = 300000
	metadata.max.idle.ms = 300000
	metadata.recovery.strategy = none
	metric.reporters = []
	metrics.num.samples = 2
	metrics.recording.level = INFO
	metrics.sample.window.ms = 30000
	partitioner.adaptive.partitioning.enable = true
	partitioner.availability.timeout.ms = 0
	partitioner.class = null
	partitioner.ignore.keys = false
	receive.buffer.bytes = 32768
	reconnect.backoff.max.ms = 1000
	reconnect.backoff.ms = 50
	request.timeout.ms = 5000
	retries = 2147483647
	retry.backoff.max.ms = 1000
	retry.backoff.ms = 100
	sasl.client.callback.handler.class = null
	sasl.jaas.config = null
	sasl.kerberos.kinit.cmd = /usr/bin/kinit
	sasl.kerberos.min.time.before.relogin = 60000
	sasl.kerberos.service.name = null
	sasl.kerberos.ticket.renew.jitter = 0.05
	sasl.kerberos.ticket.renew.window.factor = 0.8
	sasl.login.callback.handler.class = null
	sasl.login.class = null
	sasl.login.connect.timeout.ms = null
	sasl.login.read.timeout.ms = null
	sasl.login.refresh.buffer.seconds = 300
	sasl.login.refresh.min.period.seconds = 60
	sasl.login.refresh.window.factor = 0.8
	sasl.login.refresh.window.jitter = 0.05
	sasl.login.retry.backoff.max.ms = 10000
	sasl.login.retry.backoff.ms = 100
	sasl.mechanism = GSSAPI
	sasl.oauthbearer.clock.skew.seconds = 30
	sasl.oauthbearer.expected.audience = null
	sasl.oauthbearer.expected.issuer = null
	sasl.oauthbearer.header.urlencode = false
	sasl.oauthbearer.jwks.endpoint.refresh.ms = 3600000
	sasl.oauthbearer.jwks.endpoint.retry.backoff.max.ms = 10000
	sasl.oauthbearer.jwks.endpoint.retry.backoff.ms = 100
	sasl.oauthbearer.jwks.endpoint.url = null
	sasl.oauthbearer.scope.claim.name = scope
	sasl.oauthbearer.sub.claim.name = sub
	sasl.oauthbearer.token.endpoint.url = null
	security.protocol = PLAINTEXT
	security.providers = null
	send.buffer.bytes = 131072
	socket.connection.setup.timeout.max.ms = 30000
	socket.connection.setup.timeout.ms = 10000
	ssl.cipher.suites = null
	ssl.enabled.protocols = [TLSv1.2, TLSv1.3]
	ssl.endpoint.identification.algorithm = https
	ssl.engine.factory.class = null
	ssl.key.password = null
	ssl.keymanager.algorithm = SunX509
	ssl.keystore.certificate.chain = null
	ssl.keystore.key = null
	ssl.keystore.location = null
	ssl.keystore.password = null
	ssl.keystore.type = JKS
	ssl.protocol = TLSv1.3
	ssl.provider = null
	ssl.secure.random.implementation = null
	ssl.trustmanager.algorithm = PKIX
	ssl.truststore.certificates = null
	ssl.truststore.location = null
	ssl.truststore.password = null
	ssl.truststore.type = JKS
	transaction.timeout.ms = 60000
	transactional.id = null
	value.serializer = class io.apicurio.registry.serde.avro.AvroKafkaSerializer

2025-08-07 20:32:06,454 INFO  [org.apa.kaf.com.tel.int.KafkaMetricsCollector] (main) initializing Kafka metrics collector
2025-08-07 20:32:06,458 INFO  [org.apa.kaf.cli.pro.KafkaProducer] (main) [Producer clientId=Producer-topic-1d589038_42c3_440e_98da_2f3646e3ea6e] Instantiated an idempotent producer.
2025-08-07 20:32:06,459 INFO  [org.apa.kaf.cli.pro.ProducerConfig] (main) These configurations '[apicurio.registry.url, apicurio.registry.auto-register, apicurio.registry.artifact-resolver-strategy]' were supplied but are not used yet.
2025-08-07 20:32:06,460 INFO  [org.apa.kaf.com.uti.AppInfoParser] (main) Kafka version: 3.9.1
2025-08-07 20:32:06,460 INFO  [org.apa.kaf.com.uti.AppInfoParser] (main) Kafka commitId: f745dfdcee2b9851
2025-08-07 20:32:06,460 INFO  [org.apa.kaf.com.uti.AppInfoParser] (main) Kafka startTimeMs: 1754598726460
2025-08-07 20:32:06,460 INFO  [io.api.tes.ser.api.SimpleSerdesTesterBuilder$SimpleSerdesTester] (main) Using producer configuration: {apicurio.registry.url=http://registry-app-mysql.apps.ci419.apicurio-testing.org:80/apis/registry/v3, apicurio.registry.auto-register=true, apicurio.registry.artifact-resolver-strategy=io.apicurio.registry.serde.strategy.SimpleTopicIdStrategy, value.serializer=io.apicurio.registry.serde.avro.AvroKafkaSerializer, request.timeout.ms=5000, acks=all, bootstrap.servers=PLAINTEXT://localhost:32769, connections.max.idle.ms=10000, key.serializer=org.apache.kafka.common.serialization.StringSerializer, client.id=Producer-topic-1d589038_42c3_440e_98da_2f3646e3ea6e}
2025-08-07 20:32:06,460 INFO  [io.api.tes.ser.api.SimpleSerdesTesterBuilder$SimpleSerdesTester] (main) Using consumer configuration: {}
2025-08-07 20:32:06,461 INFO  [io.api.tes.ser.api.KafkaSerdesTester] (Thread-732) Sending message {"username": null} to topic topic-1d589038_42c3_440e_98da_2f3646e3ea6e
2025-08-07 20:32:06,464 WARN  [org.apa.kaf.cli.NetworkClient] (kafka-producer-network-thread | Producer-topic-1d589038_42c3_440e_98da_2f3646e3ea6e) [Producer clientId=Producer-topic-1d589038_42c3_440e_98da_2f3646e3ea6e] The metadata response from the cluster reported a recoverable issue with correlation id 1 : {topic-1d589038_42c3_440e_98da_2f3646e3ea6e=UNKNOWN_TOPIC_OR_PARTITION}
2025-08-07 20:32:06,465 INFO  [org.apa.kaf.cli.Metadata] (kafka-producer-network-thread | Producer-topic-1d589038_42c3_440e_98da_2f3646e3ea6e) [Producer clientId=Producer-topic-1d589038_42c3_440e_98da_2f3646e3ea6e] Cluster ID: VsWUIKwhTKC56aKd3Rs4Pw
2025-08-07 20:32:06,465 INFO  [org.apa.kaf.cli.pro.int.TransactionManager] (kafka-producer-network-thread | Producer-topic-1d589038_42c3_440e_98da_2f3646e3ea6e) [Producer clientId=Producer-topic-1d589038_42c3_440e_98da_2f3646e3ea6e] ProducerId set to 23 with epoch 0
2025-08-07 20:32:06,763 INFO  [io.api.tes.ser.api.KafkaSerdesTester] (Thread-732) Sending message {"username": null} to topic topic-1d589038_42c3_440e_98da_2f3646e3ea6e
2025-08-07 20:32:06,765 INFO  [io.api.tes.ser.api.KafkaSerdesTester] (Thread-732) Sending message {"username": "value-2"} to topic topic-1d589038_42c3_440e_98da_2f3646e3ea6e
2025-08-07 20:32:06,766 INFO  [io.api.tes.ser.api.KafkaSerdesTester] (Thread-732) Sending message {"username": null} to topic topic-1d589038_42c3_440e_98da_2f3646e3ea6e
2025-08-07 20:32:06,767 INFO  [io.api.tes.ser.api.KafkaSerdesTester] (Thread-732) Sending message {"username": "value-4"} to topic topic-1d589038_42c3_440e_98da_2f3646e3ea6e
2025-08-07 20:32:06,768 INFO  [io.api.tes.ser.api.KafkaSerdesTester] (Thread-732) Sending message {"username": null} to topic topic-1d589038_42c3_440e_98da_2f3646e3ea6e
2025-08-07 20:32:06,771 INFO  [io.api.tes.ser.api.KafkaSerdesTester] (Thread-732) Sending message {"username": "value-6"} to topic topic-1d589038_42c3_440e_98da_2f3646e3ea6e
2025-08-07 20:32:06,773 INFO  [io.api.tes.ser.api.KafkaSerdesTester] (Thread-732) Sending message {"username": null} to topic topic-1d589038_42c3_440e_98da_2f3646e3ea6e
2025-08-07 20:32:06,775 INFO  [io.api.tes.ser.api.KafkaSerdesTester] (Thread-732) Sending message {"username": "value-8"} to topic topic-1d589038_42c3_440e_98da_2f3646e3ea6e
2025-08-07 20:32:06,776 INFO  [io.api.tes.ser.api.KafkaSerdesTester] (Thread-732) Sending message {"username": null} to topic topic-1d589038_42c3_440e_98da_2f3646e3ea6e
2025-08-07 20:32:06,778 INFO  [io.api.tes.ser.api.KafkaSerdesTester] (Thread-732) Produced 10 messages
2025-08-07 20:32:06,778 INFO  [org.apa.kaf.cli.pro.KafkaProducer] (Thread-732) [Producer clientId=Producer-topic-1d589038_42c3_440e_98da_2f3646e3ea6e] Closing the Kafka producer with timeoutMillis = 9223372036854775807 ms.
2025-08-07 20:32:06,780 INFO  [org.apa.kaf.com.met.Metrics] (Thread-732) Metrics scheduler closed
2025-08-07 20:32:06,780 INFO  [org.apa.kaf.com.met.Metrics] (Thread-732) Closing reporter org.apache.kafka.common.metrics.JmxReporter
2025-08-07 20:32:06,780 INFO  [org.apa.kaf.com.met.Metrics] (Thread-732) Closing reporter org.apache.kafka.common.telemetry.internals.ClientTelemetryReporter
2025-08-07 20:32:06,780 INFO  [org.apa.kaf.com.met.Metrics] (Thread-732) Metrics reporters closed
2025-08-07 20:32:06,781 INFO  [org.apa.kaf.com.uti.AppInfoParser] (Thread-732) App info kafka.producer for Producer-topic-1d589038_42c3_440e_98da_2f3646e3ea6e unregistered
**** Registry Base URL: http://registry-app-mysql.apps.ci419.apicurio-testing.org:80
2025-08-07 20:32:07,019 INFO  [org.apa.kaf.cli.con.ConsumerConfig] (main) ConsumerConfig values: 
	allow.auto.create.topics = true
	auto.commit.interval.ms = 500
	auto.include.jmx.reporter = true
	auto.offset.reset = earliest
	bootstrap.servers = [PLAINTEXT://localhost:32769]
	check.crcs = true
	client.dns.lookup = use_all_dns_ips
	client.id = consumer-Consumer-topic-1d589038_42c3_440e_98da_2f3646e3ea6e-17
	client.rack = 
	connections.max.idle.ms = 10000
	default.api.timeout.ms = 60000
	enable.auto.commit = true
	enable.metrics.push = true
	exclude.internal.topics = true
	fetch.max.bytes = 52428800
	fetch.max.wait.ms = 500
	fetch.min.bytes = 1
	group.id = Consumer-topic-1d589038_42c3_440e_98da_2f3646e3ea6e
	group.instance.id = null
	group.protocol = classic
	group.remote.assignor = null
	heartbeat.interval.ms = 3000
	interceptor.classes = []
	internal.leave.group.on.close = true
	internal.throw.on.fetch.stable.offset.unsupported = false
	isolation.level = read_uncommitted
	key.deserializer = class org.apache.kafka.common.serialization.StringDeserializer
	max.partition.fetch.bytes = 1048576
	max.poll.interval.ms = 300000
	max.poll.records = 500
	metadata.max.age.ms = 300000
	metadata.recovery.strategy = none
	metric.reporters = []
	metrics.num.samples = 2
	metrics.recording.level = INFO
	metrics.sample.window.ms = 30000
	partition.assignment.strategy = [class org.apache.kafka.clients.consumer.RangeAssignor, class org.apache.kafka.clients.consumer.CooperativeStickyAssignor]
	receive.buffer.bytes = 65536
	reconnect.backoff.max.ms = 1000
	reconnect.backoff.ms = 50
	request.timeout.ms = 5000
	retry.backoff.max.ms = 1000
	retry.backoff.ms = 100
	sasl.client.callback.handler.class = null
	sasl.jaas.config = null
	sasl.kerberos.kinit.cmd = /usr/bin/kinit
	sasl.kerberos.min.time.before.relogin = 60000
	sasl.kerberos.service.name = null
	sasl.kerberos.ticket.renew.jitter = 0.05
	sasl.kerberos.ticket.renew.window.factor = 0.8
	sasl.login.callback.handler.class = null
	sasl.login.class = null
	sasl.login.connect.timeout.ms = null
	sasl.login.read.timeout.ms = null
	sasl.login.refresh.buffer.seconds = 300
	sasl.login.refresh.min.period.seconds = 60
	sasl.login.refresh.window.factor = 0.8
	sasl.login.refresh.window.jitter = 0.05
	sasl.login.retry.backoff.max.ms = 10000
	sasl.login.retry.backoff.ms = 100
	sasl.mechanism = GSSAPI
	sasl.oauthbearer.clock.skew.seconds = 30
	sasl.oauthbearer.expected.audience = null
	sasl.oauthbearer.expected.issuer = null
	sasl.oauthbearer.header.urlencode = false
	sasl.oauthbearer.jwks.endpoint.refresh.ms = 3600000
	sasl.oauthbearer.jwks.endpoint.retry.backoff.max.ms = 10000
	sasl.oauthbearer.jwks.endpoint.retry.backoff.ms = 100
	sasl.oauthbearer.jwks.endpoint.url = null
	sasl.oauthbearer.scope.claim.name = scope
	sasl.oauthbearer.sub.claim.name = sub
	sasl.oauthbearer.token.endpoint.url = null
	security.protocol = PLAINTEXT
	security.providers = null
	send.buffer.bytes = 131072
	session.timeout.ms = 45000
	socket.connection.setup.timeout.max.ms = 30000
	socket.connection.setup.timeout.ms = 10000
	ssl.cipher.suites = null
	ssl.enabled.protocols = [TLSv1.2, TLSv1.3]
	ssl.endpoint.identification.algorithm = https
	ssl.engine.factory.class = null
	ssl.key.password = null
	ssl.keymanager.algorithm = SunX509
	ssl.keystore.certificate.chain = null
	ssl.keystore.key = null
	ssl.keystore.location = null
	ssl.keystore.password = null
	ssl.keystore.type = JKS
	ssl.protocol = TLSv1.3
	ssl.provider = null
	ssl.secure.random.implementation = null
	ssl.trustmanager.algorithm = PKIX
	ssl.truststore.certificates = null
	ssl.truststore.location = null
	ssl.truststore.password = null
	ssl.truststore.type = JKS
	value.deserializer = class io.apicurio.registry.serde.avro.AvroKafkaDeserializer

2025-08-07 20:32:07,019 INFO  [org.apa.kaf.com.tel.int.KafkaMetricsCollector] (main) initializing Kafka metrics collector
2025-08-07 20:32:07,026 INFO  [org.apa.kaf.cli.con.ConsumerConfig] (main) These configurations '[apicurio.registry.url]' were supplied but are not used yet.
2025-08-07 20:32:07,027 INFO  [org.apa.kaf.com.uti.AppInfoParser] (main) Kafka version: 3.9.1
2025-08-07 20:32:07,027 INFO  [org.apa.kaf.com.uti.AppInfoParser] (main) Kafka commitId: f745dfdcee2b9851
2025-08-07 20:32:07,027 INFO  [org.apa.kaf.com.uti.AppInfoParser] (main) Kafka startTimeMs: 1754598727026
2025-08-07 20:32:07,027 INFO  [org.apa.kaf.cli.con.int.ClassicKafkaConsumer] (Thread-735) [Consumer clientId=consumer-Consumer-topic-1d589038_42c3_440e_98da_2f3646e3ea6e-17, groupId=Consumer-topic-1d589038_42c3_440e_98da_2f3646e3ea6e] Subscribed to topic(s): topic-1d589038_42c3_440e_98da_2f3646e3ea6e
2025-08-07 20:32:07,032 INFO  [org.apa.kaf.cli.Metadata] (Thread-735) [Consumer clientId=consumer-Consumer-topic-1d589038_42c3_440e_98da_2f3646e3ea6e-17, groupId=Consumer-topic-1d589038_42c3_440e_98da_2f3646e3ea6e] Cluster ID: VsWUIKwhTKC56aKd3Rs4Pw
2025-08-07 20:32:07,032 INFO  [org.apa.kaf.cli.con.int.ConsumerCoordinator] (Thread-735) [Consumer clientId=consumer-Consumer-topic-1d589038_42c3_440e_98da_2f3646e3ea6e-17, groupId=Consumer-topic-1d589038_42c3_440e_98da_2f3646e3ea6e] Discovered group coordinator localhost:32769 (id: 2147483647 rack: null)
2025-08-07 20:32:07,033 INFO  [org.apa.kaf.cli.con.int.ConsumerCoordinator] (Thread-735) [Consumer clientId=consumer-Consumer-topic-1d589038_42c3_440e_98da_2f3646e3ea6e-17, groupId=Consumer-topic-1d589038_42c3_440e_98da_2f3646e3ea6e] (Re-)joining group
2025-08-07 20:32:07,036 INFO  [org.apa.kaf.cli.con.int.ConsumerCoordinator] (Thread-735) [Consumer clientId=consumer-Consumer-topic-1d589038_42c3_440e_98da_2f3646e3ea6e-17, groupId=Consumer-topic-1d589038_42c3_440e_98da_2f3646e3ea6e] Request joining group due to: need to re-join with the given member-id: consumer-Consumer-topic-1d589038_42c3_440e_98da_2f3646e3ea6e-17-2af65a6c-0974-43cf-b319-f41635cf2eb8
2025-08-07 20:32:07,036 INFO  [org.apa.kaf.cli.con.int.ConsumerCoordinator] (Thread-735) [Consumer clientId=consumer-Consumer-topic-1d589038_42c3_440e_98da_2f3646e3ea6e-17, groupId=Consumer-topic-1d589038_42c3_440e_98da_2f3646e3ea6e] (Re-)joining group
2025-08-07 20:32:08,027 INFO  [io.api.tes.ser.api.KafkaSerdesTester] (Thread-735) None found
2025-08-07 20:32:09,028 INFO  [io.api.tes.ser.api.KafkaSerdesTester] (Thread-735) None found
2025-08-07 20:32:10,028 INFO  [io.api.tes.ser.api.KafkaSerdesTester] (Thread-735) None found
2025-08-07 20:32:10,038 INFO  [org.apa.kaf.cli.con.int.ConsumerCoordinator] (Thread-735) [Consumer clientId=consumer-Consumer-topic-1d589038_42c3_440e_98da_2f3646e3ea6e-17, groupId=Consumer-topic-1d589038_42c3_440e_98da_2f3646e3ea6e] Successfully joined group with generation Generation{generationId=1, memberId='consumer-Consumer-topic-1d589038_42c3_440e_98da_2f3646e3ea6e-17-2af65a6c-0974-43cf-b319-f41635cf2eb8', protocol='range'}
2025-08-07 20:32:10,038 INFO  [org.apa.kaf.cli.con.int.ConsumerCoordinator] (Thread-735) [Consumer clientId=consumer-Consumer-topic-1d589038_42c3_440e_98da_2f3646e3ea6e-17, groupId=Consumer-topic-1d589038_42c3_440e_98da_2f3646e3ea6e] Finished assignment for group at generation 1: {consumer-Consumer-topic-1d589038_42c3_440e_98da_2f3646e3ea6e-17-2af65a6c-0974-43cf-b319-f41635cf2eb8=Assignment(partitions=[topic-1d589038_42c3_440e_98da_2f3646e3ea6e-0])}
2025-08-07 20:32:10,045 INFO  [org.apa.kaf.cli.con.int.ConsumerCoordinator] (Thread-735) [Consumer clientId=consumer-Consumer-topic-1d589038_42c3_440e_98da_2f3646e3ea6e-17, groupId=Consumer-topic-1d589038_42c3_440e_98da_2f3646e3ea6e] Successfully synced group in generation Generation{generationId=1, memberId='consumer-Consumer-topic-1d589038_42c3_440e_98da_2f3646e3ea6e-17-2af65a6c-0974-43cf-b319-f41635cf2eb8', protocol='range'}
2025-08-07 20:32:10,045 INFO  [org.apa.kaf.cli.con.int.ConsumerCoordinator] (Thread-735) [Consumer clientId=consumer-Consumer-topic-1d589038_42c3_440e_98da_2f3646e3ea6e-17, groupId=Consumer-topic-1d589038_42c3_440e_98da_2f3646e3ea6e] Notifying assignor about the new Assignment(partitions=[topic-1d589038_42c3_440e_98da_2f3646e3ea6e-0])
2025-08-07 20:32:10,045 INFO  [org.apa.kaf.cli.con.int.ConsumerRebalanceListenerInvoker] (Thread-735) [Consumer clientId=consumer-Consumer-topic-1d589038_42c3_440e_98da_2f3646e3ea6e-17, groupId=Consumer-topic-1d589038_42c3_440e_98da_2f3646e3ea6e] Adding newly assigned partitions: topic-1d589038_42c3_440e_98da_2f3646e3ea6e-0
2025-08-07 20:32:10,047 INFO  [org.apa.kaf.cli.con.int.ConsumerCoordinator] (Thread-735) [Consumer clientId=consumer-Consumer-topic-1d589038_42c3_440e_98da_2f3646e3ea6e-17, groupId=Consumer-topic-1d589038_42c3_440e_98da_2f3646e3ea6e] Found no committed offset for partition topic-1d589038_42c3_440e_98da_2f3646e3ea6e-0
2025-08-07 20:32:10,051 INFO  [org.apa.kaf.cli.con.int.SubscriptionState] (Thread-735) [Consumer clientId=consumer-Consumer-topic-1d589038_42c3_440e_98da_2f3646e3ea6e-17, groupId=Consumer-topic-1d589038_42c3_440e_98da_2f3646e3ea6e] Resetting offset for partition topic-1d589038_42c3_440e_98da_2f3646e3ea6e-0 to position FetchPosition{offset=0, offsetEpoch=Optional.empty, currentLeader=LeaderAndEpoch{leader=Optional[localhost:32769 (id: 0 rack: null)], epoch=0}}.
2025-08-07 20:32:10,285 INFO  [io.api.tes.ser.api.KafkaSerdesTester] (Thread-735) topic-1d589038_42c3_440e_98da_2f3646e3ea6e 0 0 {"username": null}
2025-08-07 20:32:10,285 INFO  [io.api.tes.ser.api.KafkaSerdesTester] (Thread-735) topic-1d589038_42c3_440e_98da_2f3646e3ea6e 0 1 {"username": null}
2025-08-07 20:32:10,285 INFO  [io.api.tes.ser.api.KafkaSerdesTester] (Thread-735) topic-1d589038_42c3_440e_98da_2f3646e3ea6e 0 2 {"username": "value-2"}
2025-08-07 20:32:10,285 INFO  [io.api.tes.ser.api.KafkaSerdesTester] (Thread-735) topic-1d589038_42c3_440e_98da_2f3646e3ea6e 0 3 {"username": null}
2025-08-07 20:32:10,285 INFO  [io.api.tes.ser.api.KafkaSerdesTester] (Thread-735) topic-1d589038_42c3_440e_98da_2f3646e3ea6e 0 4 {"username": "value-4"}
2025-08-07 20:32:10,285 INFO  [io.api.tes.ser.api.KafkaSerdesTester] (Thread-735) topic-1d589038_42c3_440e_98da_2f3646e3ea6e 0 5 {"username": null}
2025-08-07 20:32:10,285 INFO  [io.api.tes.ser.api.KafkaSerdesTester] (Thread-735) topic-1d589038_42c3_440e_98da_2f3646e3ea6e 0 6 {"username": "value-6"}
2025-08-07 20:32:10,286 INFO  [io.api.tes.ser.api.KafkaSerdesTester] (Thread-735) topic-1d589038_42c3_440e_98da_2f3646e3ea6e 0 7 {"username": null}
2025-08-07 20:32:10,286 INFO  [io.api.tes.ser.api.KafkaSerdesTester] (Thread-735) topic-1d589038_42c3_440e_98da_2f3646e3ea6e 0 8 {"username": "value-8"}
2025-08-07 20:32:10,286 INFO  [io.api.tes.ser.api.KafkaSerdesTester] (Thread-735) topic-1d589038_42c3_440e_98da_2f3646e3ea6e 0 9 {"username": null}
2025-08-07 20:32:10,286 INFO  [io.api.tes.ser.api.KafkaSerdesTester] (Thread-735) Consumed 10 messages
2025-08-07 20:32:10,293 INFO  [org.apa.kaf.cli.con.int.ConsumerRebalanceListenerInvoker] (Thread-735) [Consumer clientId=consumer-Consumer-topic-1d589038_42c3_440e_98da_2f3646e3ea6e-17, groupId=Consumer-topic-1d589038_42c3_440e_98da_2f3646e3ea6e] Revoke previously assigned partitions topic-1d589038_42c3_440e_98da_2f3646e3ea6e-0
2025-08-07 20:32:10,293 INFO  [org.apa.kaf.cli.con.int.ConsumerCoordinator] (Thread-735) [Consumer clientId=consumer-Consumer-topic-1d589038_42c3_440e_98da_2f3646e3ea6e-17, groupId=Consumer-topic-1d589038_42c3_440e_98da_2f3646e3ea6e] Member consumer-Consumer-topic-1d589038_42c3_440e_98da_2f3646e3ea6e-17-2af65a6c-0974-43cf-b319-f41635cf2eb8 sending LeaveGroup request to coordinator localhost:32769 (id: 2147483647 rack: null) due to the consumer is being closed
2025-08-07 20:32:10,293 INFO  [org.apa.kaf.cli.con.int.ConsumerCoordinator] (Thread-735) [Consumer clientId=consumer-Consumer-topic-1d589038_42c3_440e_98da_2f3646e3ea6e-17, groupId=Consumer-topic-1d589038_42c3_440e_98da_2f3646e3ea6e] Resetting generation and member id due to: consumer pro-actively leaving the group
2025-08-07 20:32:10,293 INFO  [org.apa.kaf.cli.con.int.ConsumerCoordinator] (Thread-735) [Consumer clientId=consumer-Consumer-topic-1d589038_42c3_440e_98da_2f3646e3ea6e-17, groupId=Consumer-topic-1d589038_42c3_440e_98da_2f3646e3ea6e] Request joining group due to: consumer pro-actively leaving the group
2025-08-07 20:32:10,786 INFO  [org.apa.kaf.com.met.Metrics] (Thread-735) Metrics scheduler closed
2025-08-07 20:32:10,787 INFO  [org.apa.kaf.com.met.Metrics] (Thread-735) Closing reporter org.apache.kafka.common.metrics.JmxReporter
2025-08-07 20:32:10,787 INFO  [org.apa.kaf.com.met.Metrics] (Thread-735) Closing reporter org.apache.kafka.common.telemetry.internals.ClientTelemetryReporter
2025-08-07 20:32:10,787 INFO  [org.apa.kaf.com.met.Metrics] (Thread-735) Metrics reporters closed
2025-08-07 20:32:10,788 INFO  [org.apa.kaf.com.uti.AppInfoParser] (Thread-735) App info kafka.consumer for consumer-Consumer-topic-1d589038_42c3_440e_98da_2f3646e3ea6e-17 unregistered
2025-08-07 20:32:10,789 INFO  [io.api.tes.uti.TestSeparator] (main) io.apicurio.tests.serdes.apicurio.AvroSerdeIT.testFirstEmptyFieldConfusedAsMagicByte-FINISHED
2025-08-07 20:32:10,789 INFO  [io.api.tes.uti.TestSeparator] (main) ############################################################################
Test passed: testFirstEmptyFieldConfusedAsMagicByte
]]></system-out>
  </testcase>
  <testcase name="testAvroSerDesFailDifferentSchemaByContent" classname="io.apicurio.tests.serdes.apicurio.AvroSerdeIT" time="1.429">
    <system-out><![CDATA[2025-08-07 20:32:10,790 INFO  [io.api.tes.uti.TestSeparator] (main) ############################################################################
2025-08-07 20:32:10,790 INFO  [io.api.tes.uti.TestSeparator] (main) io.apicurio.tests.serdes.apicurio.AvroSerdeIT.testAvroSerDesFailDifferentSchemaByContent-STARTED
**** Registry Base URL: http://registry-app-mysql.apps.ci419.apicurio-testing.org:80
2025-08-07 20:32:11,979 INFO  [org.apa.kaf.cli.pro.ProducerConfig] (main) ProducerConfig values: 
	acks = -1
	auto.include.jmx.reporter = true
	batch.size = 16384
	bootstrap.servers = [PLAINTEXT://localhost:32769]
	buffer.memory = 33554432
	client.dns.lookup = use_all_dns_ips
	client.id = Producer-topic-9a0a86f7_636c_43bd_9bf5_68c56f4f73f5
	compression.gzip.level = -1
	compression.lz4.level = 9
	compression.type = none
	compression.zstd.level = 3
	connections.max.idle.ms = 10000
	delivery.timeout.ms = 120000
	enable.idempotence = true
	enable.metrics.push = true
	interceptor.classes = []
	key.serializer = class org.apache.kafka.common.serialization.StringSerializer
	linger.ms = 0
	max.block.ms = 60000
	max.in.flight.requests.per.connection = 5
	max.request.size = 1048576
	metadata.max.age.ms = 300000
	metadata.max.idle.ms = 300000
	metadata.recovery.strategy = none
	metric.reporters = []
	metrics.num.samples = 2
	metrics.recording.level = INFO
	metrics.sample.window.ms = 30000
	partitioner.adaptive.partitioning.enable = true
	partitioner.availability.timeout.ms = 0
	partitioner.class = null
	partitioner.ignore.keys = false
	receive.buffer.bytes = 32768
	reconnect.backoff.max.ms = 1000
	reconnect.backoff.ms = 50
	request.timeout.ms = 5000
	retries = 2147483647
	retry.backoff.max.ms = 1000
	retry.backoff.ms = 100
	sasl.client.callback.handler.class = null
	sasl.jaas.config = null
	sasl.kerberos.kinit.cmd = /usr/bin/kinit
	sasl.kerberos.min.time.before.relogin = 60000
	sasl.kerberos.service.name = null
	sasl.kerberos.ticket.renew.jitter = 0.05
	sasl.kerberos.ticket.renew.window.factor = 0.8
	sasl.login.callback.handler.class = null
	sasl.login.class = null
	sasl.login.connect.timeout.ms = null
	sasl.login.read.timeout.ms = null
	sasl.login.refresh.buffer.seconds = 300
	sasl.login.refresh.min.period.seconds = 60
	sasl.login.refresh.window.factor = 0.8
	sasl.login.refresh.window.jitter = 0.05
	sasl.login.retry.backoff.max.ms = 10000
	sasl.login.retry.backoff.ms = 100
	sasl.mechanism = GSSAPI
	sasl.oauthbearer.clock.skew.seconds = 30
	sasl.oauthbearer.expected.audience = null
	sasl.oauthbearer.expected.issuer = null
	sasl.oauthbearer.header.urlencode = false
	sasl.oauthbearer.jwks.endpoint.refresh.ms = 3600000
	sasl.oauthbearer.jwks.endpoint.retry.backoff.max.ms = 10000
	sasl.oauthbearer.jwks.endpoint.retry.backoff.ms = 100
	sasl.oauthbearer.jwks.endpoint.url = null
	sasl.oauthbearer.scope.claim.name = scope
	sasl.oauthbearer.sub.claim.name = sub
	sasl.oauthbearer.token.endpoint.url = null
	security.protocol = PLAINTEXT
	security.providers = null
	send.buffer.bytes = 131072
	socket.connection.setup.timeout.max.ms = 30000
	socket.connection.setup.timeout.ms = 10000
	ssl.cipher.suites = null
	ssl.enabled.protocols = [TLSv1.2, TLSv1.3]
	ssl.endpoint.identification.algorithm = https
	ssl.engine.factory.class = null
	ssl.key.password = null
	ssl.keymanager.algorithm = SunX509
	ssl.keystore.certificate.chain = null
	ssl.keystore.key = null
	ssl.keystore.location = null
	ssl.keystore.password = null
	ssl.keystore.type = JKS
	ssl.protocol = TLSv1.3
	ssl.provider = null
	ssl.secure.random.implementation = null
	ssl.trustmanager.algorithm = PKIX
	ssl.truststore.certificates = null
	ssl.truststore.location = null
	ssl.truststore.password = null
	ssl.truststore.type = JKS
	transaction.timeout.ms = 60000
	transactional.id = null
	value.serializer = class io.apicurio.registry.serde.avro.AvroKafkaSerializer

2025-08-07 20:32:11,979 INFO  [org.apa.kaf.com.tel.int.KafkaMetricsCollector] (main) initializing Kafka metrics collector
2025-08-07 20:32:11,982 INFO  [org.apa.kaf.cli.pro.KafkaProducer] (main) [Producer clientId=Producer-topic-9a0a86f7_636c_43bd_9bf5_68c56f4f73f5] Instantiated an idempotent producer.
2025-08-07 20:32:11,984 INFO  [org.apa.kaf.cli.pro.ProducerConfig] (main) These configurations '[apicurio.registry.url, apicurio.registry.artifact-resolver-strategy]' were supplied but are not used yet.
2025-08-07 20:32:11,984 INFO  [org.apa.kaf.com.uti.AppInfoParser] (main) Kafka version: 3.9.1
2025-08-07 20:32:11,984 INFO  [org.apa.kaf.com.uti.AppInfoParser] (main) Kafka commitId: f745dfdcee2b9851
2025-08-07 20:32:11,984 INFO  [org.apa.kaf.com.uti.AppInfoParser] (main) Kafka startTimeMs: 1754598731984
2025-08-07 20:32:11,984 INFO  [io.api.tes.ser.api.KafkaSerdesTester] (Thread-738) Sending message {"keyB": "value-0"} to topic topic-9a0a86f7_636c_43bd_9bf5_68c56f4f73f5
2025-08-07 20:32:11,987 INFO  [org.apa.kaf.cli.Metadata] (kafka-producer-network-thread | Producer-topic-9a0a86f7_636c_43bd_9bf5_68c56f4f73f5) [Producer clientId=Producer-topic-9a0a86f7_636c_43bd_9bf5_68c56f4f73f5] Cluster ID: VsWUIKwhTKC56aKd3Rs4Pw
2025-08-07 20:32:11,987 INFO  [DefaultSchemaResolver] (Thread-738) Retrieving schema content using string: {"type":"record","name":"s5cb950d9x2457x4997xaec2xf88dd8ee2aa4","namespace":"sda378d03x186fx448dx809ax83bd2b1493d3","fields":[{"name":"keyB","type":"string"}]}
2025-08-07 20:32:11,988 INFO  [org.apa.kaf.cli.pro.int.TransactionManager] (kafka-producer-network-thread | Producer-topic-9a0a86f7_636c_43bd_9bf5_68c56f4f73f5) [Producer clientId=Producer-topic-9a0a86f7_636c_43bd_9bf5_68c56f4f73f5] ProducerId set to 24 with epoch 0
2025-08-07 20:32:12,215 INFO  [org.apa.kaf.cli.pro.KafkaProducer] (Thread-738) [Producer clientId=Producer-topic-9a0a86f7_636c_43bd_9bf5_68c56f4f73f5] Closing the Kafka producer with timeoutMillis = 9223372036854775807 ms.
2025-08-07 20:32:12,216 INFO  [org.apa.kaf.com.met.Metrics] (Thread-738) Metrics scheduler closed
2025-08-07 20:32:12,216 INFO  [org.apa.kaf.com.met.Metrics] (Thread-738) Closing reporter org.apache.kafka.common.metrics.JmxReporter
2025-08-07 20:32:12,216 INFO  [org.apa.kaf.com.met.Metrics] (Thread-738) Closing reporter org.apache.kafka.common.telemetry.internals.ClientTelemetryReporter
2025-08-07 20:32:12,216 INFO  [org.apa.kaf.com.met.Metrics] (Thread-738) Metrics reporters closed
2025-08-07 20:32:12,217 INFO  [org.apa.kaf.com.uti.AppInfoParser] (Thread-738) App info kafka.producer for Producer-topic-9a0a86f7_636c_43bd_9bf5_68c56f4f73f5 unregistered
2025-08-07 20:32:12,218 INFO  [io.api.tes.uti.TestSeparator] (main) io.apicurio.tests.serdes.apicurio.AvroSerdeIT.testAvroSerDesFailDifferentSchemaByContent-FINISHED
2025-08-07 20:32:12,218 INFO  [io.api.tes.uti.TestSeparator] (main) ############################################################################
Test passed: testAvroSerDesFailDifferentSchemaByContent
]]></system-out>
    <system-err><![CDATA[java.lang.RuntimeException: Could not resolve artifact reference by content: {"type":"record","name":"s5cb950d9x2457x4997xaec2xf88dd8ee2aa4","namespace":"sda378d03x186fx448dx809ax83bd2b1493d3","fields":[{"name":"keyB","type":"string"}]}&ArtifactReference [groupId=sda378d03x186fx448dx809ax83bd2b1493d3, artifactId=s5cb950d9x2457x4997xaec2xf88dd8ee2aa4, version=null, globalId=null, contentId=null, contentHash=null]
	at io.apicurio.registry.resolver.DefaultSchemaResolver.lambda$handleResolveSchemaByContent$3(DefaultSchemaResolver.java:265)
	at io.apicurio.registry.resolver.cache.ERCache.lambda$getValue$0(ERCache.java:174)
	at io.apicurio.registry.resolver.cache.ERCache.retry(ERCache.java:227)
	at io.apicurio.registry.resolver.cache.ERCache.getValue(ERCache.java:173)
	at io.apicurio.registry.resolver.cache.ERCache.getByContent(ERCache.java:147)
	at io.apicurio.registry.resolver.DefaultSchemaResolver.handleResolveSchemaByContent(DefaultSchemaResolver.java:253)
	at io.apicurio.registry.resolver.DefaultSchemaResolver.getSchemaFromRegistry(DefaultSchemaResolver.java:138)
	at io.apicurio.registry.resolver.DefaultSchemaResolver.lambda$resolveSchema$0(DefaultSchemaResolver.java:84)
	at java.base/java.util.Optional.orElseGet(Optional.java:364)
	at io.apicurio.registry.resolver.DefaultSchemaResolver.resolveSchema(DefaultSchemaResolver.java:84)
	at io.apicurio.registry.serde.AbstractSerializer.serializeData(AbstractSerializer.java:62)
	at io.apicurio.registry.serde.KafkaSerializer.serialize(KafkaSerializer.java:77)
	at org.apache.kafka.clients.producer.KafkaProducer.doSend(KafkaProducer.java:1046)
	at org.apache.kafka.clients.producer.KafkaProducer.send(KafkaProducer.java:993)
	at org.apache.kafka.clients.producer.KafkaProducer.send(KafkaProducer.java:875)
	at io.apicurio.tests.serdes.apicurio.KafkaSerdesTester.lambda$produceMessages$3(KafkaSerdesTester.java:138)
	at java.base/java.util.concurrent.CompletableFuture$AsyncSupply.run(CompletableFuture.java:1768)
	at java.base/java.lang.Thread.run(Thread.java:840)
]]></system-err>
  </testcase>
  <testcase name="testGlobalIdInBody" classname="io.apicurio.tests.serdes.apicurio.AvroSerdeIT" time="4.377">
    <system-out><![CDATA[2025-08-07 20:32:12,219 INFO  [io.api.tes.uti.TestSeparator] (main) ############################################################################
2025-08-07 20:32:12,219 INFO  [io.api.tes.uti.TestSeparator] (main) io.apicurio.tests.serdes.apicurio.AvroSerdeIT.testGlobalIdInBody-STARTED
**** Registry Base URL: http://registry-app-mysql.apps.ci419.apicurio-testing.org:80
2025-08-07 20:32:12,225 INFO  [org.apa.kaf.cli.pro.ProducerConfig] (main) ProducerConfig values: 
	acks = -1
	auto.include.jmx.reporter = true
	batch.size = 16384
	bootstrap.servers = [PLAINTEXT://localhost:32769]
	buffer.memory = 33554432
	client.dns.lookup = use_all_dns_ips
	client.id = Producer-topic-83d4fd19_6dc8_493b_9bad_a651724cf17f
	compression.gzip.level = -1
	compression.lz4.level = 9
	compression.type = none
	compression.zstd.level = 3
	connections.max.idle.ms = 10000
	delivery.timeout.ms = 120000
	enable.idempotence = true
	enable.metrics.push = true
	interceptor.classes = []
	key.serializer = class org.apache.kafka.common.serialization.StringSerializer
	linger.ms = 0
	max.block.ms = 60000
	max.in.flight.requests.per.connection = 5
	max.request.size = 1048576
	metadata.max.age.ms = 300000
	metadata.max.idle.ms = 300000
	metadata.recovery.strategy = none
	metric.reporters = []
	metrics.num.samples = 2
	metrics.recording.level = INFO
	metrics.sample.window.ms = 30000
	partitioner.adaptive.partitioning.enable = true
	partitioner.availability.timeout.ms = 0
	partitioner.class = null
	partitioner.ignore.keys = false
	receive.buffer.bytes = 32768
	reconnect.backoff.max.ms = 1000
	reconnect.backoff.ms = 50
	request.timeout.ms = 5000
	retries = 2147483647
	retry.backoff.max.ms = 1000
	retry.backoff.ms = 100
	sasl.client.callback.handler.class = null
	sasl.jaas.config = null
	sasl.kerberos.kinit.cmd = /usr/bin/kinit
	sasl.kerberos.min.time.before.relogin = 60000
	sasl.kerberos.service.name = null
	sasl.kerberos.ticket.renew.jitter = 0.05
	sasl.kerberos.ticket.renew.window.factor = 0.8
	sasl.login.callback.handler.class = null
	sasl.login.class = null
	sasl.login.connect.timeout.ms = null
	sasl.login.read.timeout.ms = null
	sasl.login.refresh.buffer.seconds = 300
	sasl.login.refresh.min.period.seconds = 60
	sasl.login.refresh.window.factor = 0.8
	sasl.login.refresh.window.jitter = 0.05
	sasl.login.retry.backoff.max.ms = 10000
	sasl.login.retry.backoff.ms = 100
	sasl.mechanism = GSSAPI
	sasl.oauthbearer.clock.skew.seconds = 30
	sasl.oauthbearer.expected.audience = null
	sasl.oauthbearer.expected.issuer = null
	sasl.oauthbearer.header.urlencode = false
	sasl.oauthbearer.jwks.endpoint.refresh.ms = 3600000
	sasl.oauthbearer.jwks.endpoint.retry.backoff.max.ms = 10000
	sasl.oauthbearer.jwks.endpoint.retry.backoff.ms = 100
	sasl.oauthbearer.jwks.endpoint.url = null
	sasl.oauthbearer.scope.claim.name = scope
	sasl.oauthbearer.sub.claim.name = sub
	sasl.oauthbearer.token.endpoint.url = null
	security.protocol = PLAINTEXT
	security.providers = null
	send.buffer.bytes = 131072
	socket.connection.setup.timeout.max.ms = 30000
	socket.connection.setup.timeout.ms = 10000
	ssl.cipher.suites = null
	ssl.enabled.protocols = [TLSv1.2, TLSv1.3]
	ssl.endpoint.identification.algorithm = https
	ssl.engine.factory.class = null
	ssl.key.password = null
	ssl.keymanager.algorithm = SunX509
	ssl.keystore.certificate.chain = null
	ssl.keystore.key = null
	ssl.keystore.location = null
	ssl.keystore.password = null
	ssl.keystore.type = JKS
	ssl.protocol = TLSv1.3
	ssl.provider = null
	ssl.secure.random.implementation = null
	ssl.trustmanager.algorithm = PKIX
	ssl.truststore.certificates = null
	ssl.truststore.location = null
	ssl.truststore.password = null
	ssl.truststore.type = JKS
	transaction.timeout.ms = 60000
	transactional.id = null
	value.serializer = class io.apicurio.registry.serde.avro.AvroKafkaSerializer

2025-08-07 20:32:12,225 INFO  [org.apa.kaf.com.tel.int.KafkaMetricsCollector] (main) initializing Kafka metrics collector
2025-08-07 20:32:12,232 INFO  [org.apa.kaf.cli.pro.KafkaProducer] (main) [Producer clientId=Producer-topic-83d4fd19_6dc8_493b_9bad_a651724cf17f] Instantiated an idempotent producer.
2025-08-07 20:32:12,235 INFO  [org.apa.kaf.cli.pro.ProducerConfig] (main) These configurations '[apicurio.registry.url, apicurio.registry.auto-register, apicurio.registry.use-id, apicurio.registry.artifact-resolver-strategy]' were supplied but are not used yet.
2025-08-07 20:32:12,235 INFO  [org.apa.kaf.com.uti.AppInfoParser] (main) Kafka version: 3.9.1
2025-08-07 20:32:12,235 INFO  [org.apa.kaf.com.uti.AppInfoParser] (main) Kafka commitId: f745dfdcee2b9851
2025-08-07 20:32:12,235 INFO  [org.apa.kaf.com.uti.AppInfoParser] (main) Kafka startTimeMs: 1754598732235
2025-08-07 20:32:12,235 INFO  [io.api.tes.ser.api.SimpleSerdesTesterBuilder$SimpleSerdesTester] (main) Using producer configuration: {apicurio.registry.url=http://registry-app-mysql.apps.ci419.apicurio-testing.org:80/apis/registry/v3, apicurio.registry.auto-register=true, apicurio.registry.use-id=globalId, apicurio.registry.artifact-resolver-strategy=io.apicurio.registry.serde.strategy.TopicIdStrategy, value.serializer=io.apicurio.registry.serde.avro.AvroKafkaSerializer, request.timeout.ms=5000, acks=all, bootstrap.servers=PLAINTEXT://localhost:32769, connections.max.idle.ms=10000, key.serializer=org.apache.kafka.common.serialization.StringSerializer, client.id=Producer-topic-83d4fd19_6dc8_493b_9bad_a651724cf17f}
2025-08-07 20:32:12,235 INFO  [io.api.tes.ser.api.SimpleSerdesTesterBuilder$SimpleSerdesTester] (main) Using consumer configuration: {apicurio.registry.use-id=globalId}
2025-08-07 20:32:12,236 INFO  [io.api.tes.ser.api.KafkaSerdesTester] (Thread-741) Sending message {"key11754598732219": "value-0"} to topic topic-83d4fd19_6dc8_493b_9bad_a651724cf17f
2025-08-07 20:32:12,240 WARN  [org.apa.kaf.cli.NetworkClient] (kafka-producer-network-thread | Producer-topic-83d4fd19_6dc8_493b_9bad_a651724cf17f) [Producer clientId=Producer-topic-83d4fd19_6dc8_493b_9bad_a651724cf17f] The metadata response from the cluster reported a recoverable issue with correlation id 1 : {topic-83d4fd19_6dc8_493b_9bad_a651724cf17f=UNKNOWN_TOPIC_OR_PARTITION}
2025-08-07 20:32:12,240 INFO  [org.apa.kaf.cli.Metadata] (kafka-producer-network-thread | Producer-topic-83d4fd19_6dc8_493b_9bad_a651724cf17f) [Producer clientId=Producer-topic-83d4fd19_6dc8_493b_9bad_a651724cf17f] Cluster ID: VsWUIKwhTKC56aKd3Rs4Pw
2025-08-07 20:32:12,240 INFO  [org.apa.kaf.cli.pro.int.TransactionManager] (kafka-producer-network-thread | Producer-topic-83d4fd19_6dc8_493b_9bad_a651724cf17f) [Producer clientId=Producer-topic-83d4fd19_6dc8_493b_9bad_a651724cf17f] ProducerId set to 25 with epoch 0
2025-08-07 20:32:12,537 INFO  [io.api.tes.ser.api.KafkaSerdesTester] (Thread-741) Sending message {"key11754598732219": "value-1"} to topic topic-83d4fd19_6dc8_493b_9bad_a651724cf17f
2025-08-07 20:32:12,539 INFO  [io.api.tes.ser.api.KafkaSerdesTester] (Thread-741) Sending message {"key11754598732219": "value-2"} to topic topic-83d4fd19_6dc8_493b_9bad_a651724cf17f
2025-08-07 20:32:12,540 INFO  [io.api.tes.ser.api.KafkaSerdesTester] (Thread-741) Sending message {"key11754598732219": "value-3"} to topic topic-83d4fd19_6dc8_493b_9bad_a651724cf17f
2025-08-07 20:32:12,541 INFO  [io.api.tes.ser.api.KafkaSerdesTester] (Thread-741) Sending message {"key11754598732219": "value-4"} to topic topic-83d4fd19_6dc8_493b_9bad_a651724cf17f
2025-08-07 20:32:12,542 INFO  [io.api.tes.ser.api.KafkaSerdesTester] (Thread-741) Sending message {"key11754598732219": "value-5"} to topic topic-83d4fd19_6dc8_493b_9bad_a651724cf17f
2025-08-07 20:32:12,547 INFO  [io.api.tes.ser.api.KafkaSerdesTester] (Thread-741) Sending message {"key11754598732219": "value-6"} to topic topic-83d4fd19_6dc8_493b_9bad_a651724cf17f
2025-08-07 20:32:12,551 INFO  [io.api.tes.ser.api.KafkaSerdesTester] (Thread-741) Sending message {"key11754598732219": "value-7"} to topic topic-83d4fd19_6dc8_493b_9bad_a651724cf17f
2025-08-07 20:32:12,553 INFO  [io.api.tes.ser.api.KafkaSerdesTester] (Thread-741) Sending message {"key11754598732219": "value-8"} to topic topic-83d4fd19_6dc8_493b_9bad_a651724cf17f
2025-08-07 20:32:12,554 INFO  [io.api.tes.ser.api.KafkaSerdesTester] (Thread-741) Sending message {"key11754598732219": "value-9"} to topic topic-83d4fd19_6dc8_493b_9bad_a651724cf17f
2025-08-07 20:32:12,557 INFO  [io.api.tes.ser.api.KafkaSerdesTester] (Thread-741) Produced 10 messages
2025-08-07 20:32:12,557 INFO  [org.apa.kaf.cli.pro.KafkaProducer] (Thread-741) [Producer clientId=Producer-topic-83d4fd19_6dc8_493b_9bad_a651724cf17f] Closing the Kafka producer with timeoutMillis = 9223372036854775807 ms.
2025-08-07 20:32:12,559 INFO  [org.apa.kaf.com.met.Metrics] (Thread-741) Metrics scheduler closed
2025-08-07 20:32:12,559 INFO  [org.apa.kaf.com.met.Metrics] (Thread-741) Closing reporter org.apache.kafka.common.metrics.JmxReporter
2025-08-07 20:32:12,559 INFO  [org.apa.kaf.com.met.Metrics] (Thread-741) Closing reporter org.apache.kafka.common.telemetry.internals.ClientTelemetryReporter
2025-08-07 20:32:12,559 INFO  [org.apa.kaf.com.met.Metrics] (Thread-741) Metrics reporters closed
2025-08-07 20:32:12,559 INFO  [org.apa.kaf.com.uti.AppInfoParser] (Thread-741) App info kafka.producer for Producer-topic-83d4fd19_6dc8_493b_9bad_a651724cf17f unregistered
**** Registry Base URL: http://registry-app-mysql.apps.ci419.apicurio-testing.org:80
2025-08-07 20:32:12,721 INFO  [org.apa.kaf.cli.con.ConsumerConfig] (main) ConsumerConfig values: 
	allow.auto.create.topics = true
	auto.commit.interval.ms = 500
	auto.include.jmx.reporter = true
	auto.offset.reset = earliest
	bootstrap.servers = [PLAINTEXT://localhost:32769]
	check.crcs = true
	client.dns.lookup = use_all_dns_ips
	client.id = consumer-Consumer-topic-83d4fd19_6dc8_493b_9bad_a651724cf17f-18
	client.rack = 
	connections.max.idle.ms = 10000
	default.api.timeout.ms = 60000
	enable.auto.commit = true
	enable.metrics.push = true
	exclude.internal.topics = true
	fetch.max.bytes = 52428800
	fetch.max.wait.ms = 500
	fetch.min.bytes = 1
	group.id = Consumer-topic-83d4fd19_6dc8_493b_9bad_a651724cf17f
	group.instance.id = null
	group.protocol = classic
	group.remote.assignor = null
	heartbeat.interval.ms = 3000
	interceptor.classes = []
	internal.leave.group.on.close = true
	internal.throw.on.fetch.stable.offset.unsupported = false
	isolation.level = read_uncommitted
	key.deserializer = class org.apache.kafka.common.serialization.StringDeserializer
	max.partition.fetch.bytes = 1048576
	max.poll.interval.ms = 300000
	max.poll.records = 500
	metadata.max.age.ms = 300000
	metadata.recovery.strategy = none
	metric.reporters = []
	metrics.num.samples = 2
	metrics.recording.level = INFO
	metrics.sample.window.ms = 30000
	partition.assignment.strategy = [class org.apache.kafka.clients.consumer.RangeAssignor, class org.apache.kafka.clients.consumer.CooperativeStickyAssignor]
	receive.buffer.bytes = 65536
	reconnect.backoff.max.ms = 1000
	reconnect.backoff.ms = 50
	request.timeout.ms = 5000
	retry.backoff.max.ms = 1000
	retry.backoff.ms = 100
	sasl.client.callback.handler.class = null
	sasl.jaas.config = null
	sasl.kerberos.kinit.cmd = /usr/bin/kinit
	sasl.kerberos.min.time.before.relogin = 60000
	sasl.kerberos.service.name = null
	sasl.kerberos.ticket.renew.jitter = 0.05
	sasl.kerberos.ticket.renew.window.factor = 0.8
	sasl.login.callback.handler.class = null
	sasl.login.class = null
	sasl.login.connect.timeout.ms = null
	sasl.login.read.timeout.ms = null
	sasl.login.refresh.buffer.seconds = 300
	sasl.login.refresh.min.period.seconds = 60
	sasl.login.refresh.window.factor = 0.8
	sasl.login.refresh.window.jitter = 0.05
	sasl.login.retry.backoff.max.ms = 10000
	sasl.login.retry.backoff.ms = 100
	sasl.mechanism = GSSAPI
	sasl.oauthbearer.clock.skew.seconds = 30
	sasl.oauthbearer.expected.audience = null
	sasl.oauthbearer.expected.issuer = null
	sasl.oauthbearer.header.urlencode = false
	sasl.oauthbearer.jwks.endpoint.refresh.ms = 3600000
	sasl.oauthbearer.jwks.endpoint.retry.backoff.max.ms = 10000
	sasl.oauthbearer.jwks.endpoint.retry.backoff.ms = 100
	sasl.oauthbearer.jwks.endpoint.url = null
	sasl.oauthbearer.scope.claim.name = scope
	sasl.oauthbearer.sub.claim.name = sub
	sasl.oauthbearer.token.endpoint.url = null
	security.protocol = PLAINTEXT
	security.providers = null
	send.buffer.bytes = 131072
	session.timeout.ms = 45000
	socket.connection.setup.timeout.max.ms = 30000
	socket.connection.setup.timeout.ms = 10000
	ssl.cipher.suites = null
	ssl.enabled.protocols = [TLSv1.2, TLSv1.3]
	ssl.endpoint.identification.algorithm = https
	ssl.engine.factory.class = null
	ssl.key.password = null
	ssl.keymanager.algorithm = SunX509
	ssl.keystore.certificate.chain = null
	ssl.keystore.key = null
	ssl.keystore.location = null
	ssl.keystore.password = null
	ssl.keystore.type = JKS
	ssl.protocol = TLSv1.3
	ssl.provider = null
	ssl.secure.random.implementation = null
	ssl.trustmanager.algorithm = PKIX
	ssl.truststore.certificates = null
	ssl.truststore.location = null
	ssl.truststore.password = null
	ssl.truststore.type = JKS
	value.deserializer = class io.apicurio.registry.serde.avro.AvroKafkaDeserializer

2025-08-07 20:32:12,722 INFO  [org.apa.kaf.com.tel.int.KafkaMetricsCollector] (main) initializing Kafka metrics collector
2025-08-07 20:32:12,727 INFO  [org.apa.kaf.cli.con.ConsumerConfig] (main) These configurations '[apicurio.registry.url, apicurio.registry.use-id]' were supplied but are not used yet.
2025-08-07 20:32:12,727 INFO  [org.apa.kaf.com.uti.AppInfoParser] (main) Kafka version: 3.9.1
2025-08-07 20:32:12,727 INFO  [org.apa.kaf.com.uti.AppInfoParser] (main) Kafka commitId: f745dfdcee2b9851
2025-08-07 20:32:12,727 INFO  [org.apa.kaf.com.uti.AppInfoParser] (main) Kafka startTimeMs: 1754598732727
2025-08-07 20:32:12,727 INFO  [org.apa.kaf.cli.con.int.ClassicKafkaConsumer] (Thread-744) [Consumer clientId=consumer-Consumer-topic-83d4fd19_6dc8_493b_9bad_a651724cf17f-18, groupId=Consumer-topic-83d4fd19_6dc8_493b_9bad_a651724cf17f] Subscribed to topic(s): topic-83d4fd19_6dc8_493b_9bad_a651724cf17f
2025-08-07 20:32:12,730 INFO  [org.apa.kaf.cli.Metadata] (Thread-744) [Consumer clientId=consumer-Consumer-topic-83d4fd19_6dc8_493b_9bad_a651724cf17f-18, groupId=Consumer-topic-83d4fd19_6dc8_493b_9bad_a651724cf17f] Cluster ID: VsWUIKwhTKC56aKd3Rs4Pw
2025-08-07 20:32:12,730 INFO  [org.apa.kaf.cli.con.int.ConsumerCoordinator] (Thread-744) [Consumer clientId=consumer-Consumer-topic-83d4fd19_6dc8_493b_9bad_a651724cf17f-18, groupId=Consumer-topic-83d4fd19_6dc8_493b_9bad_a651724cf17f] Discovered group coordinator localhost:32769 (id: 2147483647 rack: null)
2025-08-07 20:32:12,731 INFO  [org.apa.kaf.cli.con.int.ConsumerCoordinator] (Thread-744) [Consumer clientId=consumer-Consumer-topic-83d4fd19_6dc8_493b_9bad_a651724cf17f-18, groupId=Consumer-topic-83d4fd19_6dc8_493b_9bad_a651724cf17f] (Re-)joining group
2025-08-07 20:32:12,733 INFO  [org.apa.kaf.cli.con.int.ConsumerCoordinator] (Thread-744) [Consumer clientId=consumer-Consumer-topic-83d4fd19_6dc8_493b_9bad_a651724cf17f-18, groupId=Consumer-topic-83d4fd19_6dc8_493b_9bad_a651724cf17f] Request joining group due to: need to re-join with the given member-id: consumer-Consumer-topic-83d4fd19_6dc8_493b_9bad_a651724cf17f-18-4ceb0c2b-7287-42c9-be79-0398cdf4bbe7
2025-08-07 20:32:12,733 INFO  [org.apa.kaf.cli.con.int.ConsumerCoordinator] (Thread-744) [Consumer clientId=consumer-Consumer-topic-83d4fd19_6dc8_493b_9bad_a651724cf17f-18, groupId=Consumer-topic-83d4fd19_6dc8_493b_9bad_a651724cf17f] (Re-)joining group
2025-08-07 20:32:13,727 INFO  [io.api.tes.ser.api.KafkaSerdesTester] (Thread-744) None found
2025-08-07 20:32:14,727 INFO  [io.api.tes.ser.api.KafkaSerdesTester] (Thread-744) None found
2025-08-07 20:32:15,727 INFO  [io.api.tes.ser.api.KafkaSerdesTester] (Thread-744) None found
2025-08-07 20:32:15,734 INFO  [org.apa.kaf.cli.con.int.ConsumerCoordinator] (Thread-744) [Consumer clientId=consumer-Consumer-topic-83d4fd19_6dc8_493b_9bad_a651724cf17f-18, groupId=Consumer-topic-83d4fd19_6dc8_493b_9bad_a651724cf17f] Successfully joined group with generation Generation{generationId=1, memberId='consumer-Consumer-topic-83d4fd19_6dc8_493b_9bad_a651724cf17f-18-4ceb0c2b-7287-42c9-be79-0398cdf4bbe7', protocol='range'}
2025-08-07 20:32:15,735 INFO  [org.apa.kaf.cli.con.int.ConsumerCoordinator] (Thread-744) [Consumer clientId=consumer-Consumer-topic-83d4fd19_6dc8_493b_9bad_a651724cf17f-18, groupId=Consumer-topic-83d4fd19_6dc8_493b_9bad_a651724cf17f] Finished assignment for group at generation 1: {consumer-Consumer-topic-83d4fd19_6dc8_493b_9bad_a651724cf17f-18-4ceb0c2b-7287-42c9-be79-0398cdf4bbe7=Assignment(partitions=[topic-83d4fd19_6dc8_493b_9bad_a651724cf17f-0])}
2025-08-07 20:32:15,741 INFO  [org.apa.kaf.cli.con.int.ConsumerCoordinator] (Thread-744) [Consumer clientId=consumer-Consumer-topic-83d4fd19_6dc8_493b_9bad_a651724cf17f-18, groupId=Consumer-topic-83d4fd19_6dc8_493b_9bad_a651724cf17f] Successfully synced group in generation Generation{generationId=1, memberId='consumer-Consumer-topic-83d4fd19_6dc8_493b_9bad_a651724cf17f-18-4ceb0c2b-7287-42c9-be79-0398cdf4bbe7', protocol='range'}
2025-08-07 20:32:15,741 INFO  [org.apa.kaf.cli.con.int.ConsumerCoordinator] (Thread-744) [Consumer clientId=consumer-Consumer-topic-83d4fd19_6dc8_493b_9bad_a651724cf17f-18, groupId=Consumer-topic-83d4fd19_6dc8_493b_9bad_a651724cf17f] Notifying assignor about the new Assignment(partitions=[topic-83d4fd19_6dc8_493b_9bad_a651724cf17f-0])
2025-08-07 20:32:15,741 INFO  [org.apa.kaf.cli.con.int.ConsumerRebalanceListenerInvoker] (Thread-744) [Consumer clientId=consumer-Consumer-topic-83d4fd19_6dc8_493b_9bad_a651724cf17f-18, groupId=Consumer-topic-83d4fd19_6dc8_493b_9bad_a651724cf17f] Adding newly assigned partitions: topic-83d4fd19_6dc8_493b_9bad_a651724cf17f-0
2025-08-07 20:32:15,742 INFO  [org.apa.kaf.cli.con.int.ConsumerCoordinator] (Thread-744) [Consumer clientId=consumer-Consumer-topic-83d4fd19_6dc8_493b_9bad_a651724cf17f-18, groupId=Consumer-topic-83d4fd19_6dc8_493b_9bad_a651724cf17f] Found no committed offset for partition topic-83d4fd19_6dc8_493b_9bad_a651724cf17f-0
2025-08-07 20:32:15,745 INFO  [org.apa.kaf.cli.con.int.SubscriptionState] (Thread-744) [Consumer clientId=consumer-Consumer-topic-83d4fd19_6dc8_493b_9bad_a651724cf17f-18, groupId=Consumer-topic-83d4fd19_6dc8_493b_9bad_a651724cf17f] Resetting offset for partition topic-83d4fd19_6dc8_493b_9bad_a651724cf17f-0 to position FetchPosition{offset=0, offsetEpoch=Optional.empty, currentLeader=LeaderAndEpoch{leader=Optional[localhost:32769 (id: 0 rack: null)], epoch=0}}.
2025-08-07 20:32:16,090 INFO  [io.api.tes.ser.api.KafkaSerdesTester] (Thread-744) topic-83d4fd19_6dc8_493b_9bad_a651724cf17f 0 0 {"key11754598732219": "value-0"}
2025-08-07 20:32:16,090 INFO  [io.api.tes.ser.api.KafkaSerdesTester] (Thread-744) topic-83d4fd19_6dc8_493b_9bad_a651724cf17f 0 1 {"key11754598732219": "value-1"}
2025-08-07 20:32:16,090 INFO  [io.api.tes.ser.api.KafkaSerdesTester] (Thread-744) topic-83d4fd19_6dc8_493b_9bad_a651724cf17f 0 2 {"key11754598732219": "value-2"}
2025-08-07 20:32:16,090 INFO  [io.api.tes.ser.api.KafkaSerdesTester] (Thread-744) topic-83d4fd19_6dc8_493b_9bad_a651724cf17f 0 3 {"key11754598732219": "value-3"}
2025-08-07 20:32:16,090 INFO  [io.api.tes.ser.api.KafkaSerdesTester] (Thread-744) topic-83d4fd19_6dc8_493b_9bad_a651724cf17f 0 4 {"key11754598732219": "value-4"}
2025-08-07 20:32:16,091 INFO  [io.api.tes.ser.api.KafkaSerdesTester] (Thread-744) topic-83d4fd19_6dc8_493b_9bad_a651724cf17f 0 5 {"key11754598732219": "value-5"}
2025-08-07 20:32:16,091 INFO  [io.api.tes.ser.api.KafkaSerdesTester] (Thread-744) topic-83d4fd19_6dc8_493b_9bad_a651724cf17f 0 6 {"key11754598732219": "value-6"}
2025-08-07 20:32:16,091 INFO  [io.api.tes.ser.api.KafkaSerdesTester] (Thread-744) topic-83d4fd19_6dc8_493b_9bad_a651724cf17f 0 7 {"key11754598732219": "value-7"}
2025-08-07 20:32:16,091 INFO  [io.api.tes.ser.api.KafkaSerdesTester] (Thread-744) topic-83d4fd19_6dc8_493b_9bad_a651724cf17f 0 8 {"key11754598732219": "value-8"}
2025-08-07 20:32:16,091 INFO  [io.api.tes.ser.api.KafkaSerdesTester] (Thread-744) topic-83d4fd19_6dc8_493b_9bad_a651724cf17f 0 9 {"key11754598732219": "value-9"}
2025-08-07 20:32:16,091 INFO  [io.api.tes.ser.api.KafkaSerdesTester] (Thread-744) Consumed 10 messages
2025-08-07 20:32:16,097 INFO  [org.apa.kaf.cli.con.int.ConsumerRebalanceListenerInvoker] (Thread-744) [Consumer clientId=consumer-Consumer-topic-83d4fd19_6dc8_493b_9bad_a651724cf17f-18, groupId=Consumer-topic-83d4fd19_6dc8_493b_9bad_a651724cf17f] Revoke previously assigned partitions topic-83d4fd19_6dc8_493b_9bad_a651724cf17f-0
2025-08-07 20:32:16,097 INFO  [org.apa.kaf.cli.con.int.ConsumerCoordinator] (Thread-744) [Consumer clientId=consumer-Consumer-topic-83d4fd19_6dc8_493b_9bad_a651724cf17f-18, groupId=Consumer-topic-83d4fd19_6dc8_493b_9bad_a651724cf17f] Member consumer-Consumer-topic-83d4fd19_6dc8_493b_9bad_a651724cf17f-18-4ceb0c2b-7287-42c9-be79-0398cdf4bbe7 sending LeaveGroup request to coordinator localhost:32769 (id: 2147483647 rack: null) due to the consumer is being closed
2025-08-07 20:32:16,097 INFO  [org.apa.kaf.cli.con.int.ConsumerCoordinator] (Thread-744) [Consumer clientId=consumer-Consumer-topic-83d4fd19_6dc8_493b_9bad_a651724cf17f-18, groupId=Consumer-topic-83d4fd19_6dc8_493b_9bad_a651724cf17f] Resetting generation and member id due to: consumer pro-actively leaving the group
2025-08-07 20:32:16,097 INFO  [org.apa.kaf.cli.con.int.ConsumerCoordinator] (Thread-744) [Consumer clientId=consumer-Consumer-topic-83d4fd19_6dc8_493b_9bad_a651724cf17f-18, groupId=Consumer-topic-83d4fd19_6dc8_493b_9bad_a651724cf17f] Request joining group due to: consumer pro-actively leaving the group
2025-08-07 20:32:16,593 INFO  [org.apa.kaf.com.met.Metrics] (Thread-744) Metrics scheduler closed
2025-08-07 20:32:16,593 INFO  [org.apa.kaf.com.met.Metrics] (Thread-744) Closing reporter org.apache.kafka.common.metrics.JmxReporter
2025-08-07 20:32:16,593 INFO  [org.apa.kaf.com.met.Metrics] (Thread-744) Closing reporter org.apache.kafka.common.telemetry.internals.ClientTelemetryReporter
2025-08-07 20:32:16,593 INFO  [org.apa.kaf.com.met.Metrics] (Thread-744) Metrics reporters closed
2025-08-07 20:32:16,595 INFO  [org.apa.kaf.com.uti.AppInfoParser] (Thread-744) App info kafka.consumer for consumer-Consumer-topic-83d4fd19_6dc8_493b_9bad_a651724cf17f-18 unregistered
2025-08-07 20:32:16,595 INFO  [io.api.tes.uti.TestSeparator] (main) io.apicurio.tests.serdes.apicurio.AvroSerdeIT.testGlobalIdInBody-FINISHED
2025-08-07 20:32:16,595 INFO  [io.api.tes.uti.TestSeparator] (main) ############################################################################
Test passed: testGlobalIdInBody
]]></system-out>
  </testcase>
  <testcase name="testProducerUsesGlobalIdConsumerUsesDefault" classname="io.apicurio.tests.serdes.apicurio.AvroSerdeIT" time="0.0">
    <skipped message="void io.apicurio.tests.serdes.apicurio.AvroSerdeIT.testProducerUsesGlobalIdConsumerUsesDefault() throws java.lang.Exception is @Disabled"/>
  </testcase>
</testsuite>