<?xml version="1.0" encoding="UTF-8"?>
<testsuite xmlns:xsi="http://www.w3.org/2001/XMLSchema-instance" xsi:noNamespaceSchemaLocation="https://maven.apache.org/surefire/maven-failsafe-plugin/xsd/failsafe-test-report.xsd" version="3.0.2" name="io.apicurio.tests.serdes.apicurio.ProtobufSerdeIT" time="59.714" tests="17" errors="0" skipped="0" failures="0">
  <properties>
    <property name="java.specification.version" value="17"/>
    <property name="sun.jnu.encoding" value="UTF-8"/>
    <property name="java.class.path" value="/home/runner/work/apicurio-testing/apicurio-testing/clusters/ci419/namespaces/pg17/tests/integration/apicurio-registry/integration-tests/target/test-classes:/home/runner/work/apicurio-testing/apicurio-testing/clusters/ci419/namespaces/pg17/tests/integration/apicurio-registry/integration-tests/target/apicurio-registry-integration-tests-3.0.12-SNAPSHOT.jar:/home/runner/.m2/repository/io/quarkus/quarkus-junit5/3.20.2/quarkus-junit5-3.20.2.jar:/home/runner/.m2/repository/io/quarkus/quarkus-bootstrap-core/3.20.2/quarkus-bootstrap-core-3.20.2.jar:/home/runner/.m2/repository/io/quarkus/quarkus-classloader-commons/3.20.2/quarkus-classloader-commons-3.20.2.jar:/home/runner/.m2/repository/io/quarkus/quarkus-bootstrap-app-model/3.20.2/quarkus-bootstrap-app-model-3.20.2.jar:/home/runner/.m2/repository/io/smallrye/common/smallrye-common-io/2.12.0/smallrye-common-io-2.12.0.jar:/home/runner/.m2/repository/org/eclipse/sisu/org.eclipse.sisu.inject/0.9.0.M3/org.eclipse.sisu.inject-0.9.0.M3.jar:/home/runner/.m2/repository/io/quarkus/quarkus-test-common/3.20.2/quarkus-test-common-3.20.2.jar:/home/runner/.m2/repository/io/quarkus/quarkus-core-deployment/3.20.2/quarkus-core-deployment-3.20.2.jar:/home/runner/.m2/repository/org/aesh/readline/2.6/readline-2.6.jar:/home/runner/.m2/repository/org/fusesource/jansi/jansi/2.4.0/jansi-2.4.0.jar:/home/runner/.m2/repository/org/aesh/aesh/2.8.2/aesh-2.8.2.jar:/home/runner/.m2/repository/io/quarkus/gizmo/gizmo/1.8.0/gizmo-1.8.0.jar:/home/runner/.m2/repository/org/ow2/asm/asm-util/9.7.1/asm-util-9.7.1.jar:/home/runner/.m2/repository/org/ow2/asm/asm-analysis/9.7.1/asm-analysis-9.7.1.jar:/home/runner/.m2/repository/org/ow2/asm/asm-commons/9.7.1/asm-commons-9.7.1.jar:/home/runner/.m2/repository/org/ow2/asm/asm-tree/9.7.1/asm-tree-9.7.1.jar:/home/runner/.m2/repository/io/quarkus/quarkus-hibernate-validator-spi/3.20.2/quarkus-hibernate-validator-spi-3.20.2.jar:/home/runner/.m2/repository/io/quarkus/quarkus-class-change-agent/3.20.2/quarkus-class-change-agent-3.20.2.jar:/home/runner/.m2/repository/io/quarkus/quarkus-devtools-utilities/3.20.2/quarkus-devtools-utilities-3.20.2.jar:/home/runner/.m2/repository/io/quarkus/quarkus-builder/3.20.2/quarkus-builder-3.20.2.jar:/home/runner/.m2/repository/org/graalvm/sdk/nativeimage/23.1.2/nativeimage-23.1.2.jar:/home/runner/.m2/repository/org/graalvm/sdk/word/23.1.2/word-23.1.2.jar:/home/runner/.m2/repository/io/quarkus/quarkus-bootstrap-maven-resolver/3.20.2/quarkus-bootstrap-maven-resolver-3.20.2.jar:/home/runner/.m2/repository/io/smallrye/beanbag/smallrye-beanbag-maven/1.5.2/smallrye-beanbag-maven-1.5.2.jar:/home/runner/.m2/repository/io/smallrye/beanbag/smallrye-beanbag-sisu/1.5.2/smallrye-beanbag-sisu-1.5.2.jar:/home/runner/.m2/repository/io/smallrye/beanbag/smallrye-beanbag/1.5.2/smallrye-beanbag-1.5.2.jar:/home/runner/.m2/repository/javax/inject/javax.inject/1/javax.inject-1.jar:/home/runner/.m2/repository/org/apache/maven/maven-artifact/3.9.9/maven-artifact-3.9.9.jar:/home/runner/.m2/repository/org/apache/maven/maven-builder-support/3.9.9/maven-builder-support-3.9.9.jar:/home/runner/.m2/repository/org/apache/maven/maven-model/3.9.9/maven-model-3.9.9.jar:/home/runner/.m2/repository/org/apache/maven/maven-model-builder/3.9.9/maven-model-builder-3.9.9.jar:/home/runner/.m2/repository/org/apache/maven/maven-repository-metadata/3.9.9/maven-repository-metadata-3.9.9.jar:/home/runner/.m2/repository/org/apache/maven/maven-settings/3.9.9/maven-settings-3.9.9.jar:/home/runner/.m2/repository/org/apache/maven/resolver/maven-resolver-api/1.9.22/maven-resolver-api-1.9.22.jar:/home/runner/.m2/repository/org/apache/maven/resolver/maven-resolver-impl/1.9.22/maven-resolver-impl-1.9.22.jar:/home/runner/.m2/repository/org/apache/maven/resolver/maven-resolver-named-locks/1.9.22/maven-resolver-named-locks-1.9.22.jar:/home/runner/.m2/repository/org/apache/maven/resolver/maven-resolver-spi/1.9.22/maven-resolver-spi-1.9.22.jar:/home/runner/.m2/repository/org/apache/maven/resolver/maven-resolver-util/1.9.22/maven-resolver-util-1.9.22.jar:/home/runner/.m2/repository/org/apache/maven/resolver/maven-resolver-transport-http/1.9.20/maven-resolver-transport-http-1.9.20.jar:/home/runner/.m2/repository/org/apache/maven/wagon/wagon-provider-api/3.5.3/wagon-provider-api-3.5.3.jar:/home/runner/.m2/repository/org/apache/maven/wagon/wagon-http-shared/3.5.3/wagon-http-shared-3.5.3.jar:/home/runner/.m2/repository/org/codehaus/plexus/plexus-interpolation/1.26/plexus-interpolation-1.26.jar:/home/runner/.m2/repository/org/codehaus/plexus/plexus-utils/3.5.1/plexus-utils-3.5.1.jar:/home/runner/.m2/repository/org/codehaus/plexus/plexus-xml/4.0.1/plexus-xml-4.0.1.jar:/home/runner/.m2/repository/org/apache/maven/maven-xml-impl/4.0.0-alpha-5/maven-xml-impl-4.0.0-alpha-5.jar:/home/runner/.m2/repository/org/apache/maven/maven-api-xml/4.0.0-alpha-5/maven-api-xml-4.0.0-alpha-5.jar:/home/runner/.m2/repository/org/apache/maven/maven-api-meta/4.0.0-alpha-5/maven-api-meta-4.0.0-alpha-5.jar:/home/runner/.m2/repository/org/codehaus/plexus/plexus-cipher/2.0/plexus-cipher-2.0.jar:/home/runner/.m2/repository/org/codehaus/plexus/plexus-sec-dispatcher/2.0/plexus-sec-dispatcher-2.0.jar:/home/runner/.m2/repository/org/apache/maven/maven-embedder/3.9.9/maven-embedder-3.9.9.jar:/home/runner/.m2/repository/org/apache/maven/maven-core/3.9.9/maven-core-3.9.9.jar:/home/runner/.m2/repository/org/codehaus/plexus/plexus-component-annotations/2.1.0/plexus-component-annotations-2.1.0.jar:/home/runner/.m2/repository/org/apache/maven/maven-plugin-api/3.9.9/maven-plugin-api-3.9.9.jar:/home/runner/.m2/repository/org/apache/maven/shared/maven-shared-utils/3.4.2/maven-shared-utils-3.4.2.jar:/home/runner/.m2/repository/com/google/inject/guice/5.1.0/guice-5.1.0.jar:/home/runner/.m2/repository/aopalliance/aopalliance/1.0/aopalliance-1.0.jar:/home/runner/.m2/repository/org/codehaus/plexus/plexus-classworlds/2.6.0/plexus-classworlds-2.6.0.jar:/home/runner/.m2/repository/commons-cli/commons-cli/1.8.0/commons-cli-1.8.0.jar:/home/runner/.m2/repository/org/eclipse/sisu/org.eclipse.sisu.plexus/0.9.0.M3/org.eclipse.sisu.plexus-0.9.0.M3.jar:/home/runner/.m2/repository/org/apache/maven/maven-settings-builder/3.9.9/maven-settings-builder-3.9.9.jar:/home/runner/.m2/repository/org/apache/maven/maven-resolver-provider/3.9.9/maven-resolver-provider-3.9.9.jar:/home/runner/.m2/repository/org/apache/maven/resolver/maven-resolver-connector-basic/1.9.22/maven-resolver-connector-basic-1.9.22.jar:/home/runner/.m2/repository/org/apache/maven/resolver/maven-resolver-transport-wagon/1.9.22/maven-resolver-transport-wagon-1.9.22.jar:/home/runner/.m2/repository/org/apache/maven/wagon/wagon-http/3.5.3/wagon-http-3.5.3.jar:/home/runner/.m2/repository/org/apache/maven/wagon/wagon-file/3.5.3/wagon-file-3.5.3.jar:/home/runner/.m2/repository/io/quarkus/quarkus-bootstrap-gradle-resolver/3.20.2/quarkus-bootstrap-gradle-resolver-3.20.2.jar:/home/runner/.m2/repository/io/smallrye/jandex/3.3.0/jandex-3.3.0.jar:/home/runner/.m2/repository/org/jboss/logging/commons-logging-jboss-logging/1.0.0.Final/commons-logging-jboss-logging-1.0.0.Final.jar:/home/runner/.m2/repository/io/quarkus/quarkus-junit5-config/3.20.2/quarkus-junit5-config-3.20.2.jar:/home/runner/.m2/repository/org/junit/jupiter/junit-jupiter-api/5.12.1/junit-jupiter-api-5.12.1.jar:/home/runner/.m2/repository/io/smallrye/config/smallrye-config/3.11.4/smallrye-config-3.11.4.jar:/home/runner/.m2/repository/io/smallrye/config/smallrye-config-core/3.11.4/smallrye-config-core-3.11.4.jar:/home/runner/.m2/repository/io/smallrye/common/smallrye-common-classloader/2.12.0/smallrye-common-classloader-2.12.0.jar:/home/runner/.m2/repository/io/smallrye/config/smallrye-config-common/3.11.4/smallrye-config-common-3.11.4.jar:/home/runner/.m2/repository/org/junit/jupiter/junit-jupiter/5.12.1/junit-jupiter-5.12.1.jar:/home/runner/.m2/repository/org/junit/jupiter/junit-jupiter-params/5.12.1/junit-jupiter-params-5.12.1.jar:/home/runner/.m2/repository/org/junit/jupiter/junit-jupiter-engine/5.12.1/junit-jupiter-engine-5.12.1.jar:/home/runner/.m2/repository/io/quarkus/quarkus-core/3.20.2/quarkus-core-3.20.2.jar:/home/runner/.m2/repository/jakarta/enterprise/jakarta.enterprise.cdi-api/4.1.0/jakarta.enterprise.cdi-api-4.1.0.jar:/home/runner/.m2/repository/jakarta/enterprise/jakarta.enterprise.lang-model/4.1.0/jakarta.enterprise.lang-model-4.1.0.jar:/home/runner/.m2/repository/jakarta/el/jakarta.el-api/5.0.1/jakarta.el-api-5.0.1.jar:/home/runner/.m2/repository/jakarta/interceptor/jakarta.interceptor-api/2.2.0/jakarta.interceptor-api-2.2.0.jar:/home/runner/.m2/repository/jakarta/inject/jakarta.inject-api/2.0.1/jakarta.inject-api-2.0.1.jar:/home/runner/.m2/repository/io/smallrye/common/smallrye-common-os/2.12.0/smallrye-common-os-2.12.0.jar:/home/runner/.m2/repository/io/quarkus/quarkus-ide-launcher/3.20.2/quarkus-ide-launcher-3.20.2.jar:/home/runner/.m2/repository/io/quarkus/quarkus-development-mode-spi/3.20.2/quarkus-development-mode-spi-3.20.2.jar:/home/runner/.m2/repository/org/jboss/logging/jboss-logging/3.6.1.Final/jboss-logging-3.6.1.Final.jar:/home/runner/.m2/repository/org/jboss/logmanager/jboss-logmanager/3.1.2.Final/jboss-logmanager-3.1.2.Final.jar:/home/runner/.m2/repository/io/smallrye/common/smallrye-common-constraint/2.12.0/smallrye-common-constraint-2.12.0.jar:/home/runner/.m2/repository/io/smallrye/common/smallrye-common-cpu/2.12.0/smallrye-common-cpu-2.12.0.jar:/home/runner/.m2/repository/io/smallrye/common/smallrye-common-expression/2.12.0/smallrye-common-expression-2.12.0.jar:/home/runner/.m2/repository/io/smallrye/common/smallrye-common-net/2.12.0/smallrye-common-net-2.12.0.jar:/home/runner/.m2/repository/io/smallrye/common/smallrye-common-ref/2.12.0/smallrye-common-ref-2.12.0.jar:/home/runner/.m2/repository/jakarta/json/jakarta.json-api/2.1.3/jakarta.json-api-2.1.3.jar:/home/runner/.m2/repository/org/eclipse/parsson/parsson/1.1.7/parsson-1.1.7.jar:/home/runner/.m2/repository/org/jboss/logging/jboss-logging-annotations/3.0.4.Final/jboss-logging-annotations-3.0.4.Final.jar:/home/runner/.m2/repository/org/jboss/threads/jboss-threads/3.8.0.Final/jboss-threads-3.8.0.Final.jar:/home/runner/.m2/repository/io/smallrye/common/smallrye-common-annotation/2.12.0/smallrye-common-annotation-2.12.0.jar:/home/runner/.m2/repository/io/smallrye/common/smallrye-common-function/2.12.0/smallrye-common-function-2.12.0.jar:/home/runner/.m2/repository/org/jboss/slf4j/slf4j-jboss-logmanager/2.0.0.Final/slf4j-jboss-logmanager-2.0.0.Final.jar:/home/runner/.m2/repository/org/wildfly/common/wildfly-common/2.0.1/wildfly-common-2.0.1.jar:/home/runner/.m2/repository/io/quarkus/quarkus-bootstrap-runner/3.20.2/quarkus-bootstrap-runner-3.20.2.jar:/home/runner/.m2/repository/io/github/crac/org-crac/0.1.3/org-crac-0.1.3.jar:/home/runner/.m2/repository/io/quarkus/quarkus-fs-util/0.0.10/quarkus-fs-util-0.0.10.jar:/home/runner/.m2/repository/org/jboss/marshalling/jboss-marshalling/2.2.2.Final/jboss-marshalling-2.2.2.Final.jar:/home/runner/.m2/repository/io/fabric8/kubernetes-client/7.1.0/kubernetes-client-7.1.0.jar:/home/runner/.m2/repository/io/fabric8/kubernetes-client-api/7.1.0/kubernetes-client-api-7.1.0.jar:/home/runner/.m2/repository/io/fabric8/kubernetes-model-core/7.1.0/kubernetes-model-core-7.1.0.jar:/home/runner/.m2/repository/io/fabric8/kubernetes-model-common/7.1.0/kubernetes-model-common-7.1.0.jar:/home/runner/.m2/repository/javax/annotation/javax.annotation-api/1.3.2/javax.annotation-api-1.3.2.jar:/home/runner/.m2/repository/io/fabric8/kubernetes-model-gatewayapi/7.1.0/kubernetes-model-gatewayapi-7.1.0.jar:/home/runner/.m2/repository/io/fabric8/kubernetes-model-resource/7.1.0/kubernetes-model-resource-7.1.0.jar:/home/runner/.m2/repository/io/fabric8/kubernetes-model-rbac/7.1.0/kubernetes-model-rbac-7.1.0.jar:/home/runner/.m2/repository/io/fabric8/kubernetes-model-admissionregistration/7.1.0/kubernetes-model-admissionregistration-7.1.0.jar:/home/runner/.m2/repository/io/fabric8/kubernetes-model-apps/7.1.0/kubernetes-model-apps-7.1.0.jar:/home/runner/.m2/repository/io/fabric8/kubernetes-model-autoscaling/7.1.0/kubernetes-model-autoscaling-7.1.0.jar:/home/runner/.m2/repository/io/fabric8/kubernetes-model-apiextensions/7.1.0/kubernetes-model-apiextensions-7.1.0.jar:/home/runner/.m2/repository/io/fabric8/kubernetes-model-batch/7.1.0/kubernetes-model-batch-7.1.0.jar:/home/runner/.m2/repository/io/fabric8/kubernetes-model-certificates/7.1.0/kubernetes-model-certificates-7.1.0.jar:/home/runner/.m2/repository/io/fabric8/kubernetes-model-coordination/7.1.0/kubernetes-model-coordination-7.1.0.jar:/home/runner/.m2/repository/io/fabric8/kubernetes-model-discovery/7.1.0/kubernetes-model-discovery-7.1.0.jar:/home/runner/.m2/repository/io/fabric8/kubernetes-model-events/7.1.0/kubernetes-model-events-7.1.0.jar:/home/runner/.m2/repository/io/fabric8/kubernetes-model-extensions/7.1.0/kubernetes-model-extensions-7.1.0.jar:/home/runner/.m2/repository/io/fabric8/kubernetes-model-flowcontrol/7.1.0/kubernetes-model-flowcontrol-7.1.0.jar:/home/runner/.m2/repository/io/fabric8/kubernetes-model-networking/7.1.0/kubernetes-model-networking-7.1.0.jar:/home/runner/.m2/repository/io/fabric8/kubernetes-model-metrics/7.1.0/kubernetes-model-metrics-7.1.0.jar:/home/runner/.m2/repository/io/fabric8/kubernetes-model-policy/7.1.0/kubernetes-model-policy-7.1.0.jar:/home/runner/.m2/repository/io/fabric8/kubernetes-model-scheduling/7.1.0/kubernetes-model-scheduling-7.1.0.jar:/home/runner/.m2/repository/io/fabric8/kubernetes-model-storageclass/7.1.0/kubernetes-model-storageclass-7.1.0.jar:/home/runner/.m2/repository/io/fabric8/kubernetes-model-node/7.1.0/kubernetes-model-node-7.1.0.jar:/home/runner/.m2/repository/org/snakeyaml/snakeyaml-engine/2.9/snakeyaml-engine-2.9.jar:/home/runner/.m2/repository/com/fasterxml/jackson/dataformat/jackson-dataformat-yaml/2.18.2/jackson-dataformat-yaml-2.18.2.jar:/home/runner/.m2/repository/com/fasterxml/jackson/datatype/jackson-datatype-jsr310/2.18.2/jackson-datatype-jsr310-2.18.2.jar:/home/runner/.m2/repository/io/fabric8/zjsonpatch/7.1.0/zjsonpatch-7.1.0.jar:/home/runner/.m2/repository/io/fabric8/kubernetes-httpclient-vertx/7.1.0/kubernetes-httpclient-vertx-7.1.0.jar:/home/runner/.m2/repository/io/vertx/vertx-web-client/4.5.16/vertx-web-client-4.5.16.jar:/home/runner/.m2/repository/io/vertx/vertx-web-common/4.5.16/vertx-web-common-4.5.16.jar:/home/runner/.m2/repository/io/vertx/vertx-auth-common/4.5.16/vertx-auth-common-4.5.16.jar:/home/runner/.m2/repository/io/vertx/vertx-uri-template/4.5.16/vertx-uri-template-4.5.16.jar:/home/runner/.m2/repository/io/fabric8/openshift-client/7.1.0/openshift-client-7.1.0.jar:/home/runner/.m2/repository/io/fabric8/openshift-client-api/7.1.0/openshift-client-api-7.1.0.jar:/home/runner/.m2/repository/io/fabric8/openshift-model/7.1.0/openshift-model-7.1.0.jar:/home/runner/.m2/repository/io/fabric8/openshift-model-autoscaling/7.1.0/openshift-model-autoscaling-7.1.0.jar:/home/runner/.m2/repository/io/fabric8/openshift-model-operator/7.1.0/openshift-model-operator-7.1.0.jar:/home/runner/.m2/repository/io/fabric8/openshift-model-operatorhub/7.1.0/openshift-model-operatorhub-7.1.0.jar:/home/runner/.m2/repository/io/fabric8/openshift-model-machine/7.1.0/openshift-model-machine-7.1.0.jar:/home/runner/.m2/repository/io/fabric8/openshift-model-whereabouts/7.1.0/openshift-model-whereabouts-7.1.0.jar:/home/runner/.m2/repository/io/fabric8/openshift-model-monitoring/7.1.0/openshift-model-monitoring-7.1.0.jar:/home/runner/.m2/repository/io/fabric8/openshift-model-storageversionmigrator/7.1.0/openshift-model-storageversionmigrator-7.1.0.jar:/home/runner/.m2/repository/io/fabric8/openshift-model-tuned/7.1.0/openshift-model-tuned-7.1.0.jar:/home/runner/.m2/repository/io/fabric8/openshift-model-console/7.1.0/openshift-model-console-7.1.0.jar:/home/runner/.m2/repository/io/fabric8/openshift-model-config/7.1.0/openshift-model-config-7.1.0.jar:/home/runner/.m2/repository/io/fabric8/openshift-model-machineconfiguration/7.1.0/openshift-model-machineconfiguration-7.1.0.jar:/home/runner/.m2/repository/io/fabric8/openshift-model-miscellaneous/7.1.0/openshift-model-miscellaneous-7.1.0.jar:/home/runner/.m2/repository/io/fabric8/openshift-model-hive/7.1.0/openshift-model-hive-7.1.0.jar:/home/runner/.m2/repository/io/fabric8/openshift-model-installer/7.1.0/openshift-model-installer-7.1.0.jar:/home/runner/.m2/repository/org/junit/platform/junit-platform-launcher/1.12.1/junit-platform-launcher-1.12.1.jar:/home/runner/.m2/repository/org/junit/platform/junit-platform-engine/1.12.1/junit-platform-engine-1.12.1.jar:/home/runner/.m2/repository/org/opentest4j/opentest4j/1.3.0/opentest4j-1.3.0.jar:/home/runner/.m2/repository/org/junit/platform/junit-platform-commons/1.12.1/junit-platform-commons-1.12.1.jar:/home/runner/.m2/repository/org/apiguardian/apiguardian-api/1.1.2/apiguardian-api-1.1.2.jar:/home/runner/.m2/repository/jakarta/ws/rs/jakarta.ws.rs-api/3.1.0/jakarta.ws.rs-api-3.1.0.jar:/home/runner/work/apicurio-testing/apicurio-testing/clusters/ci419/namespaces/pg17/tests/integration/apicurio-registry/java-sdk/target/apicurio-registry-java-sdk-3.0.12-SNAPSHOT.jar:/home/runner/.m2/repository/com/microsoft/kiota/microsoft-kiota-abstractions/1.8.9/microsoft-kiota-abstractions-1.8.9.jar:/home/runner/.m2/repository/io/github/std-uritemplate/std-uritemplate/2.0.0/std-uritemplate-2.0.0.jar:/home/runner/.m2/repository/io/kiota/kiota-http-jdk/0.0.29/kiota-http-jdk-0.0.29.jar:/home/runner/.m2/repository/io/kiota/kiota-http-vertx/0.0.29/kiota-http-vertx-0.0.29.jar:/home/runner/.m2/repository/io/kiota/kiota-serialization-jackson/0.0.29/kiota-serialization-jackson-0.0.29.jar:/home/runner/.m2/repository/com/microsoft/kiota/microsoft-kiota-serialization-text/1.8.9/microsoft-kiota-serialization-text-1.8.9.jar:/home/runner/.m2/repository/com/microsoft/kiota/microsoft-kiota-serialization-form/1.8.9/microsoft-kiota-serialization-form-1.8.9.jar:/home/runner/.m2/repository/com/microsoft/kiota/microsoft-kiota-serialization-multipart/1.8.9/microsoft-kiota-serialization-multipart-1.8.9.jar:/home/runner/.m2/repository/jakarta/annotation/jakarta.annotation-api/3.0.0/jakarta.annotation-api-3.0.0.jar:/home/runner/.m2/repository/io/vertx/vertx-auth-oauth2/4.5.16/vertx-auth-oauth2-4.5.16.jar:/home/runner/work/apicurio-testing/apicurio-testing/clusters/ci419/namespaces/pg17/tests/integration/apicurio-registry/java-sdk-v2/target/apicurio-registry-v2-java-sdk-3.0.12-SNAPSHOT.jar:/home/runner/work/apicurio-testing/apicurio-testing/clusters/ci419/namespaces/pg17/tests/integration/apicurio-registry/utils/kafka/target/apicurio-registry-utils-kafka-3.0.12-SNAPSHOT-tests.jar:/home/runner/.m2/repository/org/eclipse/microprofile/config/microprofile-config-api/3.1/microprofile-config-api-3.1.jar:/home/runner/.m2/repository/org/apache/kafka/kafka-clients/3.9.1/kafka-clients-3.9.1.jar:/home/runner/.m2/repository/com/github/luben/zstd-jni/1.5.6-4/zstd-jni-1.5.6-4.jar:/home/runner/.m2/repository/org/lz4/lz4-java/1.8.0/lz4-java-1.8.0.jar:/home/runner/.m2/repository/org/xerial/snappy/snappy-java/1.1.10.5/snappy-java-1.1.10.5.jar:/home/runner/.m2/repository/org/slf4j/slf4j-api/2.0.6/slf4j-api-2.0.6.jar:/home/runner/work/apicurio-testing/apicurio-testing/clusters/ci419/namespaces/pg17/tests/integration/apicurio-registry/utils/tests/target/apicurio-registry-utils-tests-3.0.12-SNAPSHOT.jar:/home/runner/work/apicurio-testing/apicurio-testing/clusters/ci419/namespaces/pg17/tests/integration/apicurio-registry/common/target/apicurio-registry-common-3.0.12-SNAPSHOT.jar:/home/runner/.m2/repository/jakarta/validation/jakarta.validation-api/3.0.2/jakarta.validation-api-3.0.2.jar:/home/runner/.m2/repository/com/github/dasniko/testcontainers-keycloak/3.8.0/testcontainers-keycloak-3.8.0.jar:/home/runner/.m2/repository/org/testcontainers/testcontainers/1.20.6/testcontainers-1.20.6.jar:/home/runner/.m2/repository/org/rnorth/duct-tape/duct-tape/1.0.8/duct-tape-1.0.8.jar:/home/runner/.m2/repository/com/github/docker-java/docker-java-transport-zerodep/3.4.1/docker-java-transport-zerodep-3.4.1.jar:/home/runner/.m2/repository/com/github/docker-java/docker-java-transport/3.4.1/docker-java-transport-3.4.1.jar:/home/runner/.m2/repository/net/java/dev/jna/jna/5.8.0/jna-5.8.0.jar:/home/runner/.m2/repository/io/quarkus/quarkus-junit4-mock/3.20.2/quarkus-junit4-mock-3.20.2.jar:/home/runner/.m2/repository/org/jboss/shrinkwrap/shrinkwrap-api/2.0.0-beta-2/shrinkwrap-api-2.0.0-beta-2.jar:/home/runner/.m2/repository/org/jboss/shrinkwrap/shrinkwrap-impl-base/2.0.0-beta-2/shrinkwrap-impl-base-2.0.0-beta-2.jar:/home/runner/.m2/repository/org/jboss/shrinkwrap/shrinkwrap-spi/2.0.0-beta-2/shrinkwrap-spi-2.0.0-beta-2.jar:/home/runner/.m2/repository/org/keycloak/keycloak-admin-client/26.0.4/keycloak-admin-client-26.0.4.jar:/home/runner/.m2/repository/org/keycloak/keycloak-client-common-synced/26.0.4/keycloak-client-common-synced-26.0.4.jar:/home/runner/.m2/repository/jakarta/activation/jakarta.activation-api/2.1.3/jakarta.activation-api-2.1.3.jar:/home/runner/.m2/repository/org/eclipse/microprofile/openapi/microprofile-openapi-api/4.0.2/microprofile-openapi-api-4.0.2.jar:/home/runner/.m2/repository/org/jboss/resteasy/resteasy-client/6.2.12.Final/resteasy-client-6.2.12.Final.jar:/home/runner/.m2/repository/org/jboss/resteasy/resteasy-client-api/6.2.12.Final/resteasy-client-api-6.2.12.Final.jar:/home/runner/.m2/repository/org/jboss/resteasy/resteasy-core-spi/6.2.12.Final/resteasy-core-spi-6.2.12.Final.jar:/home/runner/.m2/repository/org/jboss/resteasy/resteasy-core/6.2.12.Final/resteasy-core-6.2.12.Final.jar:/home/runner/.m2/repository/org/eclipse/angus/angus-activation/2.0.2/angus-activation-2.0.2.jar:/home/runner/.m2/repository/com/ibm/async/asyncutil/0.1.0/asyncutil-0.1.0.jar:/home/runner/.m2/repository/org/reactivestreams/reactive-streams/1.0.4/reactive-streams-1.0.4.jar:/home/runner/.m2/repository/org/jboss/resteasy/resteasy-multipart-provider/6.2.12.Final/resteasy-multipart-provider-6.2.12.Final.jar:/home/runner/.m2/repository/jakarta/mail/jakarta.mail-api/2.1.3/jakarta.mail-api-2.1.3.jar:/home/runner/.m2/repository/org/eclipse/angus/angus-mail/2.0.3/angus-mail-2.0.3.jar:/home/runner/.m2/repository/org/apache/james/apache-mime4j-dom/0.8.12/apache-mime4j-dom-0.8.12.jar:/home/runner/.m2/repository/org/apache/james/apache-mime4j-core/0.8.12/apache-mime4j-core-0.8.12.jar:/home/runner/.m2/repository/org/apache/james/apache-mime4j-storage/0.8.12/apache-mime4j-storage-0.8.12.jar:/home/runner/.m2/repository/org/jboss/resteasy/resteasy-jackson2-provider/6.2.12.Final/resteasy-jackson2-provider-6.2.12.Final.jar:/home/runner/.m2/repository/com/fasterxml/jackson/jakarta/rs/jackson-jakarta-rs-base/2.18.2/jackson-jakarta-rs-base-2.18.2.jar:/home/runner/.m2/repository/com/fasterxml/jackson/jakarta/rs/jackson-jakarta-rs-json-provider/2.18.2/jackson-jakarta-rs-json-provider-2.18.2.jar:/home/runner/.m2/repository/com/fasterxml/jackson/module/jackson-module-jakarta-xmlbind-annotations/2.18.2/jackson-module-jakarta-xmlbind-annotations-2.18.2.jar:/home/runner/.m2/repository/com/github/java-json-tools/json-patch/1.13/json-patch-1.13.jar:/home/runner/.m2/repository/com/github/java-json-tools/msg-simple/1.2/msg-simple-1.2.jar:/home/runner/.m2/repository/com/github/java-json-tools/btf/1.3/btf-1.3.jar:/home/runner/.m2/repository/com/github/java-json-tools/jackson-coreutils/2.0/jackson-coreutils-2.0.jar:/home/runner/.m2/repository/org/jboss/resteasy/resteasy-jaxb-provider/6.2.12.Final/resteasy-jaxb-provider-6.2.12.Final.jar:/home/runner/.m2/repository/org/glassfish/jaxb/codemodel/4.0.5/codemodel-4.0.5.jar:/home/runner/.m2/repository/org/glassfish/jaxb/jaxb-core/4.0.5/jaxb-core-4.0.5.jar:/home/runner/.m2/repository/org/glassfish/jaxb/jaxb-jxc/4.0.5/jaxb-jxc-4.0.5.jar:/home/runner/.m2/repository/org/glassfish/jaxb/jaxb-runtime/4.0.5/jaxb-runtime-4.0.5.jar:/home/runner/.m2/repository/org/glassfish/jaxb/txw2/4.0.5/txw2-4.0.5.jar:/home/runner/.m2/repository/org/glassfish/jaxb/jaxb-xjc/4.0.5/jaxb-xjc-4.0.5.jar:/home/runner/.m2/repository/org/glassfish/jaxb/xsom/4.0.5/xsom-4.0.5.jar:/home/runner/.m2/repository/com/sun/istack/istack-commons-runtime/4.1.2/istack-commons-runtime-4.1.2.jar:/home/runner/.m2/repository/com/sun/istack/istack-commons-tools/4.1.2/istack-commons-tools-4.1.2.jar:/home/runner/.m2/repository/com/sun/xml/bind/external/relaxng-datatype/4.0.5/relaxng-datatype-4.0.5.jar:/home/runner/.m2/repository/com/sun/xml/bind/external/rngom/4.0.5/rngom-4.0.5.jar:/home/runner/.m2/repository/org/testcontainers/mssqlserver/1.20.6/mssqlserver-1.20.6.jar:/home/runner/.m2/repository/org/testcontainers/jdbc/1.20.6/jdbc-1.20.6.jar:/home/runner/.m2/repository/org/testcontainers/database-commons/1.20.6/database-commons-1.20.6.jar:/home/runner/.m2/repository/org/testcontainers/mysql/1.20.6/mysql-1.20.6.jar:/home/runner/.m2/repository/io/strimzi/strimzi-test-container/0.111.0/strimzi-test-container-0.111.0.jar:/home/runner/.m2/repository/org/testcontainers/toxiproxy/1.20.6/toxiproxy-1.20.6.jar:/home/runner/.m2/repository/com/github/docker-java/docker-java-api/3.4.1/docker-java-api-3.4.1.jar:/home/runner/.m2/repository/org/apache/logging/log4j/log4j-slf4j-impl/2.19.0/log4j-slf4j-impl-2.19.0.jar:/home/runner/.m2/repository/org/apache/logging/log4j/log4j-api/2.24.3/log4j-api-2.24.3.jar:/home/runner/.m2/repository/org/apache/logging/log4j/log4j-core/2.19.0/log4j-core-2.19.0.jar:/home/runner/.m2/repository/eu/rekawek/toxiproxy/toxiproxy-java/2.1.7/toxiproxy-java-2.1.7.jar:/home/runner/.m2/repository/org/testcontainers/pulsar/1.21.3/pulsar-1.21.3.jar:/home/runner/.m2/repository/io/debezium/debezium-testing-testcontainers/2.7.4.Final/debezium-testing-testcontainers-2.7.4.Final.jar:/home/runner/.m2/repository/org/testcontainers/kafka/1.20.6/kafka-1.20.6.jar:/home/runner/.m2/repository/com/squareup/okhttp3/okhttp/4.8.1/okhttp-4.8.1.jar:/home/runner/.m2/repository/com/squareup/okio/okio/3.10.2/okio-3.10.2.jar:/home/runner/.m2/repository/com/squareup/okio/okio-jvm/3.10.2/okio-jvm-3.10.2.jar:/home/runner/.m2/repository/org/jetbrains/kotlin/kotlin-stdlib/2.0.21/kotlin-stdlib-2.0.21.jar:/home/runner/.m2/repository/org/awaitility/awaitility/4.3.0/awaitility-4.3.0.jar:/home/runner/.m2/repository/org/testcontainers/mongodb/1.20.6/mongodb-1.20.6.jar:/home/runner/.m2/repository/org/testcontainers/mariadb/1.20.6/mariadb-1.20.6.jar:/home/runner/.m2/repository/org/testcontainers/oracle-xe/1.20.6/oracle-xe-1.20.6.jar:/home/runner/.m2/repository/org/testcontainers/postgresql/1.20.6/postgresql-1.20.6.jar:/home/runner/.m2/repository/org/wiremock/wiremock/3.0.1/wiremock-3.0.1.jar:/home/runner/.m2/repository/org/eclipse/jetty/jetty-server/11.0.15/jetty-server-11.0.15.jar:/home/runner/.m2/repository/org/eclipse/jetty/toolchain/jetty-jakarta-servlet-api/5.0.2/jetty-jakarta-servlet-api-5.0.2.jar:/home/runner/.m2/repository/org/eclipse/jetty/jetty-http/11.0.15/jetty-http-11.0.15.jar:/home/runner/.m2/repository/org/eclipse/jetty/jetty-io/11.0.15/jetty-io-11.0.15.jar:/home/runner/.m2/repository/org/eclipse/jetty/jetty-servlet/11.0.15/jetty-servlet-11.0.15.jar:/home/runner/.m2/repository/org/eclipse/jetty/jetty-security/11.0.15/jetty-security-11.0.15.jar:/home/runner/.m2/repository/org/eclipse/jetty/jetty-servlets/11.0.15/jetty-servlets-11.0.15.jar:/home/runner/.m2/repository/org/eclipse/jetty/jetty-util/11.0.15/jetty-util-11.0.15.jar:/home/runner/.m2/repository/org/eclipse/jetty/jetty-webapp/11.0.15/jetty-webapp-11.0.15.jar:/home/runner/.m2/repository/org/eclipse/jetty/jetty-xml/11.0.15/jetty-xml-11.0.15.jar:/home/runner/.m2/repository/org/eclipse/jetty/jetty-proxy/11.0.15/jetty-proxy-11.0.15.jar:/home/runner/.m2/repository/org/eclipse/jetty/jetty-client/11.0.15/jetty-client-11.0.15.jar:/home/runner/.m2/repository/org/eclipse/jetty/http2/http2-server/11.0.15/http2-server-11.0.15.jar:/home/runner/.m2/repository/org/eclipse/jetty/http2/http2-common/11.0.15/http2-common-11.0.15.jar:/home/runner/.m2/repository/org/eclipse/jetty/http2/http2-hpack/11.0.15/http2-hpack-11.0.15.jar:/home/runner/.m2/repository/org/eclipse/jetty/jetty-alpn-server/11.0.15/jetty-alpn-server-11.0.15.jar:/home/runner/.m2/repository/org/eclipse/jetty/jetty-alpn-java-server/11.0.15/jetty-alpn-java-server-11.0.15.jar:/home/runner/.m2/repository/org/eclipse/jetty/jetty-alpn-java-client/11.0.15/jetty-alpn-java-client-11.0.15.jar:/home/runner/.m2/repository/org/eclipse/jetty/jetty-alpn-client/11.0.15/jetty-alpn-client-11.0.15.jar:/home/runner/.m2/repository/org/apache/httpcomponents/client5/httpclient5/5.2.1/httpclient5-5.2.1.jar:/home/runner/.m2/repository/org/apache/httpcomponents/core5/httpcore5/5.2/httpcore5-5.2.jar:/home/runner/.m2/repository/org/apache/httpcomponents/core5/httpcore5-h2/5.2/httpcore5-h2-5.2.jar:/home/runner/.m2/repository/org/xmlunit/xmlunit-core/2.9.1/xmlunit-core-2.9.1.jar:/home/runner/.m2/repository/jakarta/xml/bind/jakarta.xml.bind-api/4.0.2/jakarta.xml.bind-api-4.0.2.jar:/home/runner/.m2/repository/org/xmlunit/xmlunit-legacy/2.9.1/xmlunit-legacy-2.9.1.jar:/home/runner/.m2/repository/org/xmlunit/xmlunit-placeholders/2.9.1/xmlunit-placeholders-2.9.1.jar:/home/runner/.m2/repository/net/javacrumbs/json-unit/json-unit-core/2.38.0/json-unit-core-2.38.0.jar:/home/runner/.m2/repository/org/hamcrest/hamcrest-core/2.2/hamcrest-core-2.2.jar:/home/runner/.m2/repository/com/jayway/jsonpath/json-path/2.8.0/json-path-2.8.0.jar:/home/runner/.m2/repository/net/minidev/json-smart/2.4.10/json-smart-2.4.10.jar:/home/runner/.m2/repository/net/minidev/accessors-smart/2.4.9/accessors-smart-2.4.9.jar:/home/runner/.m2/repository/org/ow2/asm/asm/9.7.1/asm-9.7.1.jar:/home/runner/.m2/repository/net/sf/jopt-simple/jopt-simple/5.0.4/jopt-simple-5.0.4.jar:/home/runner/.m2/repository/com/github/jknack/handlebars/4.3.1/handlebars-4.3.1.jar:/home/runner/.m2/repository/com/github/jknack/handlebars-helpers/4.3.1/handlebars-helpers-4.3.1.jar:/home/runner/.m2/repository/commons-fileupload/commons-fileupload/1.5/commons-fileupload-1.5.jar:/home/runner/.m2/repository/com/networknt/json-schema-validator/1.5.8/json-schema-validator-1.5.8.jar:/home/runner/.m2/repository/com/ethlo/time/itu/1.10.3/itu-1.10.3.jar:/home/runner/.m2/repository/io/quarkus/quarkus-smallrye-jwt-build/3.20.2/quarkus-smallrye-jwt-build-3.20.2.jar:/home/runner/.m2/repository/io/smallrye/smallrye-jwt-build/4.6.2/smallrye-jwt-build-4.6.2.jar:/home/runner/.m2/repository/org/eclipse/microprofile/jwt/microprofile-jwt-auth-api/2.1/microprofile-jwt-auth-api-2.1.jar:/home/runner/.m2/repository/org/bitbucket/b_c/jose4j/0.9.6/jose4j-0.9.6.jar:/home/runner/.m2/repository/io/smallrye/smallrye-jwt-common/4.6.2/smallrye-jwt-common-4.6.2.jar:/home/runner/.m2/repository/io/quarkus/quarkus-jsonp/3.20.2/quarkus-jsonp-3.20.2.jar:/home/runner/.m2/repository/io/quarkus/quarkus-arc/3.20.2/quarkus-arc-3.20.2.jar:/home/runner/.m2/repository/io/quarkus/arc/arc/3.20.2/arc-3.20.2.jar:/home/runner/.m2/repository/jakarta/transaction/jakarta.transaction-api/2.0.1/jakarta.transaction-api-2.0.1.jar:/home/runner/.m2/repository/io/smallrye/reactive/mutiny/2.9.2/mutiny-2.9.2.jar:/home/runner/.m2/repository/org/jctools/jctools-core/4.0.5/jctools-core-4.0.5.jar:/home/runner/.m2/repository/org/eclipse/microprofile/context-propagation/microprofile-context-propagation-api/1.3/microprofile-context-propagation-api-1.3.jar:/home/runner/.m2/repository/io/apicurio/apicurio-common-rest-client-common/0.1.18.Final/apicurio-common-rest-client-common-0.1.18.Final.jar:/home/runner/work/apicurio-testing/apicurio-testing/clusters/ci419/namespaces/pg17/tests/integration/apicurio-registry/utils/maven-plugin/target/apicurio-registry-maven-plugin-3.0.12-SNAPSHOT.jar:/home/runner/.m2/repository/com/fasterxml/jackson/core/jackson-databind/2.18.2/jackson-databind-2.18.2.jar:/home/runner/.m2/repository/org/apache/avro/avro/1.12.0/avro-1.12.0.jar:/home/runner/.m2/repository/com/google/protobuf/protobuf-java/4.31.1/protobuf-java-4.31.1.jar:/home/runner/.m2/repository/com/google/protobuf/protobuf-java-util/4.31.1/protobuf-java-util-4.31.1.jar:/home/runner/.m2/repository/com/google/code/findbugs/jsr305/3.0.2/jsr305-3.0.2.jar:/home/runner/.m2/repository/com/google/code/gson/gson/2.12.1/gson-2.12.1.jar:/home/runner/.m2/repository/com/google/errorprone/error_prone_annotations/2.36.0/error_prone_annotations-2.36.0.jar:/home/runner/.m2/repository/com/google/j2objc/j2objc-annotations/2.8/j2objc-annotations-2.8.jar:/home/runner/work/apicurio-testing/apicurio-testing/clusters/ci419/namespaces/pg17/tests/integration/apicurio-registry/schema-util/util-provider/target/apicurio-registry-schema-util-provider-3.0.12-SNAPSHOT.jar:/home/runner/work/apicurio-testing/apicurio-testing/clusters/ci419/namespaces/pg17/tests/integration/apicurio-registry/schema-util/common/target/apicurio-registry-schema-util-common-3.0.12-SNAPSHOT.jar:/home/runner/.m2/repository/com/fasterxml/jackson/module/jackson-module-parameter-names/2.18.2/jackson-module-parameter-names-2.18.2.jar:/home/runner/.m2/repository/com/fasterxml/jackson/datatype/jackson-datatype-json-org/2.18.2/jackson-datatype-json-org-2.18.2.jar:/home/runner/work/apicurio-testing/apicurio-testing/clusters/ci419/namespaces/pg17/tests/integration/apicurio-registry/schema-util/json/target/apicurio-registry-schema-util-json-3.0.12-SNAPSHOT.jar:/home/runner/.m2/repository/com/github/erosb/everit-json-schema/1.14.5/everit-json-schema-1.14.5.jar:/home/runner/.m2/repository/commons-validator/commons-validator/1.9.0/commons-validator-1.9.0.jar:/home/runner/.m2/repository/commons-digester/commons-digester/2.1/commons-digester-2.1.jar:/home/runner/.m2/repository/commons-collections/commons-collections/3.2.2/commons-collections-3.2.2.jar:/home/runner/.m2/repository/com/damnhandy/handy-uri-templates/2.1.8/handy-uri-templates-2.1.8.jar:/home/runner/.m2/repository/joda-time/joda-time/2.10.2/joda-time-2.10.2.jar:/home/runner/.m2/repository/com/github/erosb/json-sKema/0.20.0/json-sKema-0.20.0.jar:/home/runner/.m2/repository/io/vertx/vertx-json-schema/4.5.16/vertx-json-schema-4.5.16.jar:/home/runner/work/apicurio-testing/apicurio-testing/clusters/ci419/namespaces/pg17/tests/integration/apicurio-registry/schema-util/protobuf/target/apicurio-registry-schema-util-protobuf-3.0.12-SNAPSHOT.jar:/home/runner/work/apicurio-testing/apicurio-testing/clusters/ci419/namespaces/pg17/tests/integration/apicurio-registry/utils/protobuf-schema-utilities/target/apicurio-registry-protobuf-schema-utilities-3.0.12-SNAPSHOT.jar:/home/runner/.m2/repository/com/google/api/grpc/proto-google-common-protos/2.52.0/proto-google-common-protos-2.52.0.jar:/home/runner/.m2/repository/com/squareup/wire/wire-schema-jvm/5.3.3/wire-schema-jvm-5.3.3.jar:/home/runner/.m2/repository/com/palantir/javapoet/javapoet/0.6.0/javapoet-0.6.0.jar:/home/runner/.m2/repository/com/squareup/kotlinpoet-jvm/2.0.0/kotlinpoet-jvm-2.0.0.jar:/home/runner/.m2/repository/org/jetbrains/kotlin/kotlin-reflect/2.0.21/kotlin-reflect-2.0.21.jar:/home/runner/.m2/repository/com/squareup/wire/wire-runtime-jvm/5.3.3/wire-runtime-jvm-5.3.3.jar:/home/runner/.m2/repository/com/ibm/icu/icu4j/76.1/icu4j-76.1.jar:/home/runner/.m2/repository/com/squareup/okio/okio-fakefilesystem/3.10.2/okio-fakefilesystem-3.10.2.jar:/home/runner/.m2/repository/com/squareup/okio/okio-fakefilesystem-jvm/3.10.2/okio-fakefilesystem-jvm-3.10.2.jar:/home/runner/.m2/repository/org/jetbrains/kotlinx/kotlinx-datetime-jvm/0.6.1/kotlinx-datetime-jvm-0.6.1.jar:/home/runner/work/apicurio-testing/apicurio-testing/clusters/ci419/namespaces/pg17/tests/integration/apicurio-registry/schema-util/asyncapi/target/apicurio-registry-schema-util-asyncapi-3.0.12-SNAPSHOT.jar:/home/runner/work/apicurio-testing/apicurio-testing/clusters/ci419/namespaces/pg17/tests/integration/apicurio-registry/schema-util/avro/target/apicurio-registry-schema-util-avro-3.0.12-SNAPSHOT.jar:/home/runner/work/apicurio-testing/apicurio-testing/clusters/ci419/namespaces/pg17/tests/integration/apicurio-registry/schema-util/graphql/target/apicurio-registry-schema-util-graphql-3.0.12-SNAPSHOT.jar:/home/runner/.m2/repository/com/graphql-java/graphql-java/22.4/graphql-java-22.4.jar:/home/runner/.m2/repository/com/graphql-java/java-dataloader/3.3.0/java-dataloader-3.3.0.jar:/home/runner/work/apicurio-testing/apicurio-testing/clusters/ci419/namespaces/pg17/tests/integration/apicurio-registry/schema-util/kconnect/target/apicurio-registry-schema-util-kconnect-3.0.12-SNAPSHOT.jar:/home/runner/work/apicurio-testing/apicurio-testing/clusters/ci419/namespaces/pg17/tests/integration/apicurio-registry/schema-util/openapi/target/apicurio-registry-schema-util-openapi-3.0.12-SNAPSHOT.jar:/home/runner/.m2/repository/io/apicurio/apicurio-data-models/2.2.2/apicurio-data-models-2.2.2.jar:/home/runner/.m2/repository/org/openapitools/openapidiff/openapi-diff-core/2.1.2/openapi-diff-core-2.1.2.jar:/home/runner/.m2/repository/io/swagger/parser/v3/swagger-parser/2.1.28/swagger-parser-2.1.28.jar:/home/runner/.m2/repository/io/swagger/parser/v3/swagger-parser-v2-converter/2.1.28/swagger-parser-v2-converter-2.1.28.jar:/home/runner/.m2/repository/io/swagger/swagger-core/1.6.16/swagger-core-1.6.16.jar:/home/runner/.m2/repository/io/swagger/swagger-models/1.6.16/swagger-models-1.6.16.jar:/home/runner/.m2/repository/io/swagger/swagger-annotations/1.6.16/swagger-annotations-1.6.16.jar:/home/runner/.m2/repository/io/swagger/swagger-parser/1.0.75/swagger-parser-1.0.75.jar:/home/runner/.m2/repository/io/swagger/swagger-parser-safe-url-resolver/1.0.75/swagger-parser-safe-url-resolver-1.0.75.jar:/home/runner/.m2/repository/io/swagger/swagger-compat-spec-parser/1.0.75/swagger-compat-spec-parser-1.0.75.jar:/home/runner/.m2/repository/com/github/java-json-tools/json-schema-validator/2.2.14/json-schema-validator-2.2.14.jar:/home/runner/.m2/repository/com/github/java-json-tools/jackson-coreutils-equivalence/1.0/jackson-coreutils-equivalence-1.0.jar:/home/runner/.m2/repository/com/github/java-json-tools/json-schema-core/1.2.14/json-schema-core-1.2.14.jar:/home/runner/.m2/repository/com/github/java-json-tools/uri-template/0.10/uri-template-0.10.jar:/home/runner/.m2/repository/com/googlecode/libphonenumber/libphonenumber/8.11.1/libphonenumber-8.11.1.jar:/home/runner/.m2/repository/com/j2html/j2html/1.6.0/j2html-1.6.0.jar:/home/runner/.m2/repository/org/apache/commons/commons-collections4/4.5.0/commons-collections4-4.5.0.jar:/home/runner/.m2/repository/org/slf4j/jcl-over-slf4j/2.0.17/jcl-over-slf4j-2.0.17.jar:/home/runner/.m2/repository/io/swagger/parser/v3/swagger-parser-v3/2.1.31/swagger-parser-v3-2.1.31.jar:/home/runner/.m2/repository/io/swagger/core/v3/swagger-models/2.2.34/swagger-models-2.2.34.jar:/home/runner/.m2/repository/io/swagger/core/v3/swagger-core/2.2.34/swagger-core-2.2.34.jar:/home/runner/.m2/repository/io/swagger/parser/v3/swagger-parser-core/2.1.31/swagger-parser-core-2.1.31.jar:/home/runner/.m2/repository/io/swagger/parser/v3/swagger-parser-safe-url-resolver/2.1.31/swagger-parser-safe-url-resolver-2.1.31.jar:/home/runner/work/apicurio-testing/apicurio-testing/clusters/ci419/namespaces/pg17/tests/integration/apicurio-registry/schema-util/wsdl/target/apicurio-registry-schema-util-wsdl-3.0.12-SNAPSHOT.jar:/home/runner/.m2/repository/wsdl4j/wsdl4j/1.6.3/wsdl4j-1.6.3.jar:/home/runner/work/apicurio-testing/apicurio-testing/clusters/ci419/namespaces/pg17/tests/integration/apicurio-registry/schema-util/xml/target/apicurio-registry-schema-util-xml-3.0.12-SNAPSHOT.jar:/home/runner/.m2/repository/org/apache/santuario/xmlsec/4.0.4/xmlsec-4.0.4.jar:/home/runner/.m2/repository/com/fasterxml/woodstox/woodstox-core/7.1.1/woodstox-core-7.1.1.jar:/home/runner/.m2/repository/org/codehaus/woodstox/stax2-api/4.2.2/stax2-api-4.2.2.jar:/home/runner/work/apicurio-testing/apicurio-testing/clusters/ci419/namespaces/pg17/tests/integration/apicurio-registry/schema-util/xsd/target/apicurio-registry-schema-util-xsd-3.0.12-SNAPSHOT.jar:/home/runner/work/apicurio-testing/apicurio-testing/clusters/ci419/namespaces/pg17/tests/integration/apicurio-registry/serdes/kafka/jsonschema-serde/target/apicurio-registry-jsonschema-serde-kafka-3.0.12-SNAPSHOT.jar:/home/runner/work/apicurio-testing/apicurio-testing/clusters/ci419/namespaces/pg17/tests/integration/apicurio-registry/serdes/kafka/serde-kafka-common/target/apicurio-registry-serde-kafka-common-3.0.12-SNAPSHOT.jar:/home/runner/work/apicurio-testing/apicurio-testing/clusters/ci419/namespaces/pg17/tests/integration/apicurio-registry/serdes/generic/serde-common/target/apicurio-registry-serde-common-3.0.12-SNAPSHOT.jar:/home/runner/work/apicurio-testing/apicurio-testing/clusters/ci419/namespaces/pg17/tests/integration/apicurio-registry/serdes/generic/serde-common-jsonschema/target/apicurio-registry-serde-common-jsonschema-3.0.12-SNAPSHOT.jar:/home/runner/.m2/repository/org/json/json/20250107/json-20250107.jar:/home/runner/work/apicurio-testing/apicurio-testing/clusters/ci419/namespaces/pg17/tests/integration/apicurio-registry/serdes/kafka/avro-serde/target/apicurio-registry-avro-serde-kafka-3.0.12-SNAPSHOT.jar:/home/runner/work/apicurio-testing/apicurio-testing/clusters/ci419/namespaces/pg17/tests/integration/apicurio-registry/serdes/generic/serde-common-avro/target/apicurio-registry-serde-common-avro-3.0.12-SNAPSHOT.jar:/home/runner/work/apicurio-testing/apicurio-testing/clusters/ci419/namespaces/pg17/tests/integration/apicurio-registry/serdes/kafka/protobuf-serde/target/apicurio-registry-protobuf-serde-kafka-3.0.12-SNAPSHOT.jar:/home/runner/work/apicurio-testing/apicurio-testing/clusters/ci419/namespaces/pg17/tests/integration/apicurio-registry/serdes/generic/serde-common-protobuf/target/apicurio-registry-serde-common-protobuf-3.0.12-SNAPSHOT.jar:/home/runner/.m2/repository/com/squareup/wire/wire-schema/5.3.3/wire-schema-5.3.3.jar:/home/runner/.m2/repository/com/squareup/wire/wire-runtime/5.3.3/wire-runtime-5.3.3.jar:/home/runner/work/apicurio-testing/apicurio-testing/clusters/ci419/namespaces/pg17/tests/integration/apicurio-registry/serdes/pulsar/avro-serde/target/apicurio-registry-avro-serde-pulsar-3.0.12-SNAPSHOT.jar:/home/runner/.m2/repository/org/apache/pulsar/pulsar-functions-api/3.3.8/pulsar-functions-api-3.3.8.jar:/home/runner/work/apicurio-testing/apicurio-testing/clusters/ci419/namespaces/pg17/tests/integration/apicurio-registry/serdes/nats/avro-serde/target/apicurio-registry-avro-serde-nats-3.0.12-SNAPSHOT.jar:/home/runner/.m2/repository/io/nats/jnats/2.21.4/jnats-2.21.4.jar:/home/runner/.m2/repository/org/bouncycastle/bcprov-lts8on/2.73.7/bcprov-lts8on-2.73.7.jar:/home/runner/.m2/repository/org/jetbrains/annotations/26.0.2/annotations-26.0.2.jar:/home/runner/work/apicurio-testing/apicurio-testing/clusters/ci419/namespaces/pg17/tests/integration/apicurio-registry/utils/converter/target/apicurio-registry-utils-converter-3.0.12-SNAPSHOT.jar:/home/runner/work/apicurio-testing/apicurio-testing/clusters/ci419/namespaces/pg17/tests/integration/apicurio-registry/schema-resolver/target/apicurio-registry-schema-resolver-3.0.12-SNAPSHOT.jar:/home/runner/.m2/repository/org/apache/kafka/connect-api/3.9.1/connect-api-3.9.1.jar:/home/runner/.m2/repository/javax/ws/rs/javax.ws.rs-api/2.1.1/javax.ws.rs-api-2.1.1.jar:/home/runner/.m2/repository/org/apache/kafka/connect-json/3.9.1/connect-json-3.9.1.jar:/home/runner/.m2/repository/com/fasterxml/jackson/datatype/jackson-datatype-jdk8/2.18.2/jackson-datatype-jdk8-2.18.2.jar:/home/runner/.m2/repository/com/fasterxml/jackson/module/jackson-module-afterburner/2.18.2/jackson-module-afterburner-2.18.2.jar:/home/runner/work/apicurio-testing/apicurio-testing/clusters/ci419/namespaces/pg17/tests/integration/apicurio-registry/utils/kafka/target/apicurio-registry-utils-kafka-3.0.12-SNAPSHOT.jar:/home/runner/.m2/repository/org/apache/pulsar/pulsar-client/3.3.8/pulsar-client-3.3.8.jar:/home/runner/.m2/repository/org/apache/pulsar/pulsar-client-api/3.3.8/pulsar-client-api-3.3.8.jar:/home/runner/.m2/repository/org/apache/pulsar/pulsar-client-admin-api/3.3.8/pulsar-client-admin-api-3.3.8.jar:/home/runner/.m2/repository/org/apache/pulsar/bouncy-castle-bc/3.3.8/bouncy-castle-bc-3.3.8-pkg.jar:/home/runner/.m2/repository/org/bouncycastle/bcpkix-jdk18on/1.81/bcpkix-jdk18on-1.81.jar:/home/runner/.m2/repository/org/bouncycastle/bcutil-jdk18on/1.81/bcutil-jdk18on-1.81.jar:/home/runner/.m2/repository/org/bouncycastle/bcprov-jdk18on/1.81/bcprov-jdk18on-1.81.jar:/home/runner/.m2/repository/io/opentelemetry/opentelemetry-api/1.44.1/opentelemetry-api-1.44.1.jar:/home/runner/.m2/repository/io/opentelemetry/opentelemetry-context/1.44.1/opentelemetry-context-1.44.1.jar:/home/runner/.m2/repository/io/opentelemetry/opentelemetry-api-incubator/1.44.1-alpha/opentelemetry-api-incubator-1.44.1-alpha.jar:/home/runner/.m2/repository/com/fasterxml/jackson/core/jackson-annotations/2.18.2/jackson-annotations-2.18.2.jar:/home/runner/.m2/repository/javax/validation/validation-api/1.1.0.Final/validation-api-1.1.0.Final.jar:/home/runner/.m2/repository/org/jspecify/jspecify/1.0.0/jspecify-1.0.0.jar:/home/runner/.m2/repository/org/apache/commons/commons-configuration2/2.12.0/commons-configuration2-2.12.0.jar:/home/runner/.m2/repository/commons-logging/commons-logging/1.3.5/commons-logging-1.3.5.jar:/home/runner/.m2/repository/org/apache/commons/commons-text/1.13.0/commons-text-1.13.0.jar:/home/runner/.m2/repository/io/confluent/kafka-avro-serializer/8.0.0/kafka-avro-serializer-8.0.0.jar:/home/runner/.m2/repository/org/apache/commons/commons-compress/1.27.1/commons-compress-1.27.1.jar:/home/runner/.m2/repository/io/confluent/kafka-schema-serializer/8.0.0/kafka-schema-serializer-8.0.0.jar:/home/runner/.m2/repository/com/fasterxml/jackson/dataformat/jackson-dataformat-csv/2.18.2/jackson-dataformat-csv-2.18.2.jar:/home/runner/.m2/repository/io/confluent/kafka-schema-registry-client/8.0.0/kafka-schema-registry-client-8.0.0.jar:/home/runner/.m2/repository/org/yaml/snakeyaml/2.3/snakeyaml-2.3.jar:/home/runner/.m2/repository/io/swagger/core/v3/swagger-annotations/2.2.29/swagger-annotations-2.2.29.jar:/home/runner/.m2/repository/com/google/guava/guava/33.4.0-jre/guava-33.4.0-jre.jar:/home/runner/.m2/repository/com/google/guava/failureaccess/1.0.1/failureaccess-1.0.1.jar:/home/runner/.m2/repository/org/checkerframework/checker-qual/3.49.0/checker-qual-3.49.0.jar:/home/runner/.m2/repository/io/confluent/logredactor/1.0.13/logredactor-1.0.13.jar:/home/runner/.m2/repository/com/google/re2j/re2j/1.6/re2j-1.6.jar:/home/runner/.m2/repository/io/confluent/logredactor-metrics/1.0.13/logredactor-metrics-1.0.13.jar:/home/runner/.m2/repository/com/eclipsesource/minimal-json/minimal-json/0.9.5/minimal-json-0.9.5.jar:/home/runner/.m2/repository/io/confluent/common-utils/8.0.0/common-utils-8.0.0.jar:/home/runner/.m2/repository/io/confluent/kafka-connect-avro-converter/8.0.0/kafka-connect-avro-converter-8.0.0.jar:/home/runner/.m2/repository/io/confluent/kafka-connect-avro-data/8.0.0/kafka-connect-avro-data-8.0.0.jar:/home/runner/.m2/repository/io/confluent/kafka-schema-converter/8.0.0/kafka-schema-converter-8.0.0.jar:/home/runner/.m2/repository/io/rest-assured/rest-assured/5.5.1/rest-assured-5.5.1.jar:/home/runner/.m2/repository/org/apache/groovy/groovy/4.0.22/groovy-4.0.22.jar:/home/runner/.m2/repository/org/apache/groovy/groovy-xml/4.0.22/groovy-xml-4.0.22.jar:/home/runner/.m2/repository/org/apache/httpcomponents/httpclient/4.5.14/httpclient-4.5.14.jar:/home/runner/.m2/repository/org/apache/httpcomponents/httpcore/4.4.16/httpcore-4.4.16.jar:/home/runner/.m2/repository/org/apache/httpcomponents/httpmime/4.5.14/httpmime-4.5.14.jar:/home/runner/.m2/repository/org/hamcrest/hamcrest/2.2/hamcrest-2.2.jar:/home/runner/.m2/repository/org/ccil/cowan/tagsoup/tagsoup/1.2.1/tagsoup-1.2.1.jar:/home/runner/.m2/repository/io/rest-assured/json-path/5.5.1/json-path-5.5.1.jar:/home/runner/.m2/repository/org/apache/groovy/groovy-json/4.0.22/groovy-json-4.0.22.jar:/home/runner/.m2/repository/io/rest-assured/rest-assured-common/5.5.1/rest-assured-common-5.5.1.jar:/home/runner/.m2/repository/io/rest-assured/xml-path/5.5.1/xml-path-5.5.1.jar:/home/runner/.m2/repository/io/zonky/test/embedded-postgres/2.1.0/embedded-postgres-2.1.0.jar:/home/runner/.m2/repository/io/zonky/test/postgres/embedded-postgres-binaries-windows-amd64/14.15.0/embedded-postgres-binaries-windows-amd64-14.15.0.jar:/home/runner/.m2/repository/io/zonky/test/postgres/embedded-postgres-binaries-darwin-amd64/14.15.0/embedded-postgres-binaries-darwin-amd64-14.15.0.jar:/home/runner/.m2/repository/io/zonky/test/postgres/embedded-postgres-binaries-linux-amd64/14.15.0/embedded-postgres-binaries-linux-amd64-14.15.0.jar:/home/runner/.m2/repository/io/zonky/test/postgres/embedded-postgres-binaries-linux-amd64-alpine/14.15.0/embedded-postgres-binaries-linux-amd64-alpine-14.15.0.jar:/home/runner/.m2/repository/org/apache/commons/commons-lang3/3.17.0/commons-lang3-3.17.0.jar:/home/runner/.m2/repository/org/tukaani/xz/1.10/xz-1.10.jar:/home/runner/.m2/repository/commons-codec/commons-codec/1.19.0/commons-codec-1.19.0.jar:/home/runner/.m2/repository/org/postgresql/postgresql/42.7.7/postgresql-42.7.7.jar:/home/runner/.m2/repository/commons-io/commons-io/2.18.0/commons-io-2.18.0.jar:/home/runner/work/apicurio-testing/apicurio-testing/clusters/ci419/namespaces/pg17/tests/integration/apicurio-registry/utils/importexport/target/apicurio-registry-utils-import-export-3.0.12-SNAPSHOT.jar:/home/runner/.m2/repository/io/vertx/vertx-core/4.5.16/vertx-core-4.5.16.jar:/home/runner/.m2/repository/io/netty/netty-common/4.1.121.Final/netty-common-4.1.121.Final.jar:/home/runner/.m2/repository/io/netty/netty-buffer/4.1.121.Final/netty-buffer-4.1.121.Final.jar:/home/runner/.m2/repository/io/netty/netty-transport/4.1.121.Final/netty-transport-4.1.121.Final.jar:/home/runner/.m2/repository/io/netty/netty-handler/4.1.121.Final/netty-handler-4.1.121.Final.jar:/home/runner/.m2/repository/io/netty/netty-transport-native-unix-common/4.1.121.Final/netty-transport-native-unix-common-4.1.121.Final.jar:/home/runner/.m2/repository/io/netty/netty-codec/4.1.121.Final/netty-codec-4.1.121.Final.jar:/home/runner/.m2/repository/io/netty/netty-handler-proxy/4.1.121.Final/netty-handler-proxy-4.1.121.Final.jar:/home/runner/.m2/repository/io/netty/netty-codec-socks/4.1.121.Final/netty-codec-socks-4.1.121.Final.jar:/home/runner/.m2/repository/io/netty/netty-codec-http/4.1.121.Final/netty-codec-http-4.1.121.Final.jar:/home/runner/.m2/repository/io/netty/netty-codec-http2/4.1.121.Final/netty-codec-http2-4.1.121.Final.jar:/home/runner/.m2/repository/io/netty/netty-resolver/4.1.121.Final/netty-resolver-4.1.121.Final.jar:/home/runner/.m2/repository/io/netty/netty-resolver-dns/4.1.121.Final/netty-resolver-dns-4.1.121.Final.jar:/home/runner/.m2/repository/io/netty/netty-codec-dns/4.1.121.Final/netty-codec-dns-4.1.121.Final.jar:/home/runner/.m2/repository/com/fasterxml/jackson/core/jackson-core/2.18.2/jackson-core-2.18.2.jar:"/>
    <property name="java.vm.vendor" value="Eclipse Adoptium"/>
    <property name="maven.javadoc.skip" value="true"/>
    <property name="sun.arch.data.model" value="64"/>
    <property name="java.vendor.url" value="https://adoptium.net/"/>
    <property name="user.timezone" value="Etc/UTC"/>
    <property name="os.name" value="Linux"/>
    <property name="java.vm.specification.version" value="17"/>
    <property name="sun.java.launcher" value="SUN_STANDARD"/>
    <property name="quarkus.http.test-port" value="80"/>
    <property name="sun.boot.library.path" value="/usr/lib/jvm/temurin-17-jdk-amd64/lib"/>
    <property name="sun.java.command" value="/home/runner/work/apicurio-testing/apicurio-testing/clusters/ci419/namespaces/pg17/tests/integration/apicurio-registry/integration-tests/target/surefire/surefirebooter-20250813021313432_3.jar /home/runner/work/apicurio-testing/apicurio-testing/clusters/ci419/namespaces/pg17/tests/integration/apicurio-registry/integration-tests/target/surefire 2025-08-13T02-13-13_325-jvmRun1 surefire-20250813021313432_1tmp surefire_0-20250813021313432_2tmp"/>
    <property name="maven.home" value="/home/runner/.m2/wrapper/dists/apache-maven-3.9.8-bin/4fnp1ql35bgk2a0p7m31ovbgb0/apache-maven-3.9.8"/>
    <property name="jdk.debug" value="release"/>
    <property name="surefire.test.class.path" value="/home/runner/work/apicurio-testing/apicurio-testing/clusters/ci419/namespaces/pg17/tests/integration/apicurio-registry/integration-tests/target/test-classes:/home/runner/work/apicurio-testing/apicurio-testing/clusters/ci419/namespaces/pg17/tests/integration/apicurio-registry/integration-tests/target/apicurio-registry-integration-tests-3.0.12-SNAPSHOT.jar:/home/runner/.m2/repository/io/quarkus/quarkus-junit5/3.20.2/quarkus-junit5-3.20.2.jar:/home/runner/.m2/repository/io/quarkus/quarkus-bootstrap-core/3.20.2/quarkus-bootstrap-core-3.20.2.jar:/home/runner/.m2/repository/io/quarkus/quarkus-classloader-commons/3.20.2/quarkus-classloader-commons-3.20.2.jar:/home/runner/.m2/repository/io/quarkus/quarkus-bootstrap-app-model/3.20.2/quarkus-bootstrap-app-model-3.20.2.jar:/home/runner/.m2/repository/io/smallrye/common/smallrye-common-io/2.12.0/smallrye-common-io-2.12.0.jar:/home/runner/.m2/repository/org/eclipse/sisu/org.eclipse.sisu.inject/0.9.0.M3/org.eclipse.sisu.inject-0.9.0.M3.jar:/home/runner/.m2/repository/io/quarkus/quarkus-test-common/3.20.2/quarkus-test-common-3.20.2.jar:/home/runner/.m2/repository/io/quarkus/quarkus-core-deployment/3.20.2/quarkus-core-deployment-3.20.2.jar:/home/runner/.m2/repository/org/aesh/readline/2.6/readline-2.6.jar:/home/runner/.m2/repository/org/fusesource/jansi/jansi/2.4.0/jansi-2.4.0.jar:/home/runner/.m2/repository/org/aesh/aesh/2.8.2/aesh-2.8.2.jar:/home/runner/.m2/repository/io/quarkus/gizmo/gizmo/1.8.0/gizmo-1.8.0.jar:/home/runner/.m2/repository/org/ow2/asm/asm-util/9.7.1/asm-util-9.7.1.jar:/home/runner/.m2/repository/org/ow2/asm/asm-analysis/9.7.1/asm-analysis-9.7.1.jar:/home/runner/.m2/repository/org/ow2/asm/asm-commons/9.7.1/asm-commons-9.7.1.jar:/home/runner/.m2/repository/org/ow2/asm/asm-tree/9.7.1/asm-tree-9.7.1.jar:/home/runner/.m2/repository/io/quarkus/quarkus-hibernate-validator-spi/3.20.2/quarkus-hibernate-validator-spi-3.20.2.jar:/home/runner/.m2/repository/io/quarkus/quarkus-class-change-agent/3.20.2/quarkus-class-change-agent-3.20.2.jar:/home/runner/.m2/repository/io/quarkus/quarkus-devtools-utilities/3.20.2/quarkus-devtools-utilities-3.20.2.jar:/home/runner/.m2/repository/io/quarkus/quarkus-builder/3.20.2/quarkus-builder-3.20.2.jar:/home/runner/.m2/repository/org/graalvm/sdk/nativeimage/23.1.2/nativeimage-23.1.2.jar:/home/runner/.m2/repository/org/graalvm/sdk/word/23.1.2/word-23.1.2.jar:/home/runner/.m2/repository/io/quarkus/quarkus-bootstrap-maven-resolver/3.20.2/quarkus-bootstrap-maven-resolver-3.20.2.jar:/home/runner/.m2/repository/io/smallrye/beanbag/smallrye-beanbag-maven/1.5.2/smallrye-beanbag-maven-1.5.2.jar:/home/runner/.m2/repository/io/smallrye/beanbag/smallrye-beanbag-sisu/1.5.2/smallrye-beanbag-sisu-1.5.2.jar:/home/runner/.m2/repository/io/smallrye/beanbag/smallrye-beanbag/1.5.2/smallrye-beanbag-1.5.2.jar:/home/runner/.m2/repository/javax/inject/javax.inject/1/javax.inject-1.jar:/home/runner/.m2/repository/org/apache/maven/maven-artifact/3.9.9/maven-artifact-3.9.9.jar:/home/runner/.m2/repository/org/apache/maven/maven-builder-support/3.9.9/maven-builder-support-3.9.9.jar:/home/runner/.m2/repository/org/apache/maven/maven-model/3.9.9/maven-model-3.9.9.jar:/home/runner/.m2/repository/org/apache/maven/maven-model-builder/3.9.9/maven-model-builder-3.9.9.jar:/home/runner/.m2/repository/org/apache/maven/maven-repository-metadata/3.9.9/maven-repository-metadata-3.9.9.jar:/home/runner/.m2/repository/org/apache/maven/maven-settings/3.9.9/maven-settings-3.9.9.jar:/home/runner/.m2/repository/org/apache/maven/resolver/maven-resolver-api/1.9.22/maven-resolver-api-1.9.22.jar:/home/runner/.m2/repository/org/apache/maven/resolver/maven-resolver-impl/1.9.22/maven-resolver-impl-1.9.22.jar:/home/runner/.m2/repository/org/apache/maven/resolver/maven-resolver-named-locks/1.9.22/maven-resolver-named-locks-1.9.22.jar:/home/runner/.m2/repository/org/apache/maven/resolver/maven-resolver-spi/1.9.22/maven-resolver-spi-1.9.22.jar:/home/runner/.m2/repository/org/apache/maven/resolver/maven-resolver-util/1.9.22/maven-resolver-util-1.9.22.jar:/home/runner/.m2/repository/org/apache/maven/resolver/maven-resolver-transport-http/1.9.20/maven-resolver-transport-http-1.9.20.jar:/home/runner/.m2/repository/org/apache/maven/wagon/wagon-provider-api/3.5.3/wagon-provider-api-3.5.3.jar:/home/runner/.m2/repository/org/apache/maven/wagon/wagon-http-shared/3.5.3/wagon-http-shared-3.5.3.jar:/home/runner/.m2/repository/org/codehaus/plexus/plexus-interpolation/1.26/plexus-interpolation-1.26.jar:/home/runner/.m2/repository/org/codehaus/plexus/plexus-utils/3.5.1/plexus-utils-3.5.1.jar:/home/runner/.m2/repository/org/codehaus/plexus/plexus-xml/4.0.1/plexus-xml-4.0.1.jar:/home/runner/.m2/repository/org/apache/maven/maven-xml-impl/4.0.0-alpha-5/maven-xml-impl-4.0.0-alpha-5.jar:/home/runner/.m2/repository/org/apache/maven/maven-api-xml/4.0.0-alpha-5/maven-api-xml-4.0.0-alpha-5.jar:/home/runner/.m2/repository/org/apache/maven/maven-api-meta/4.0.0-alpha-5/maven-api-meta-4.0.0-alpha-5.jar:/home/runner/.m2/repository/org/codehaus/plexus/plexus-cipher/2.0/plexus-cipher-2.0.jar:/home/runner/.m2/repository/org/codehaus/plexus/plexus-sec-dispatcher/2.0/plexus-sec-dispatcher-2.0.jar:/home/runner/.m2/repository/org/apache/maven/maven-embedder/3.9.9/maven-embedder-3.9.9.jar:/home/runner/.m2/repository/org/apache/maven/maven-core/3.9.9/maven-core-3.9.9.jar:/home/runner/.m2/repository/org/codehaus/plexus/plexus-component-annotations/2.1.0/plexus-component-annotations-2.1.0.jar:/home/runner/.m2/repository/org/apache/maven/maven-plugin-api/3.9.9/maven-plugin-api-3.9.9.jar:/home/runner/.m2/repository/org/apache/maven/shared/maven-shared-utils/3.4.2/maven-shared-utils-3.4.2.jar:/home/runner/.m2/repository/com/google/inject/guice/5.1.0/guice-5.1.0.jar:/home/runner/.m2/repository/aopalliance/aopalliance/1.0/aopalliance-1.0.jar:/home/runner/.m2/repository/org/codehaus/plexus/plexus-classworlds/2.6.0/plexus-classworlds-2.6.0.jar:/home/runner/.m2/repository/commons-cli/commons-cli/1.8.0/commons-cli-1.8.0.jar:/home/runner/.m2/repository/org/eclipse/sisu/org.eclipse.sisu.plexus/0.9.0.M3/org.eclipse.sisu.plexus-0.9.0.M3.jar:/home/runner/.m2/repository/org/apache/maven/maven-settings-builder/3.9.9/maven-settings-builder-3.9.9.jar:/home/runner/.m2/repository/org/apache/maven/maven-resolver-provider/3.9.9/maven-resolver-provider-3.9.9.jar:/home/runner/.m2/repository/org/apache/maven/resolver/maven-resolver-connector-basic/1.9.22/maven-resolver-connector-basic-1.9.22.jar:/home/runner/.m2/repository/org/apache/maven/resolver/maven-resolver-transport-wagon/1.9.22/maven-resolver-transport-wagon-1.9.22.jar:/home/runner/.m2/repository/org/apache/maven/wagon/wagon-http/3.5.3/wagon-http-3.5.3.jar:/home/runner/.m2/repository/org/apache/maven/wagon/wagon-file/3.5.3/wagon-file-3.5.3.jar:/home/runner/.m2/repository/io/quarkus/quarkus-bootstrap-gradle-resolver/3.20.2/quarkus-bootstrap-gradle-resolver-3.20.2.jar:/home/runner/.m2/repository/io/smallrye/jandex/3.3.0/jandex-3.3.0.jar:/home/runner/.m2/repository/org/jboss/logging/commons-logging-jboss-logging/1.0.0.Final/commons-logging-jboss-logging-1.0.0.Final.jar:/home/runner/.m2/repository/io/quarkus/quarkus-junit5-config/3.20.2/quarkus-junit5-config-3.20.2.jar:/home/runner/.m2/repository/org/junit/jupiter/junit-jupiter-api/5.12.1/junit-jupiter-api-5.12.1.jar:/home/runner/.m2/repository/io/smallrye/config/smallrye-config/3.11.4/smallrye-config-3.11.4.jar:/home/runner/.m2/repository/io/smallrye/config/smallrye-config-core/3.11.4/smallrye-config-core-3.11.4.jar:/home/runner/.m2/repository/io/smallrye/common/smallrye-common-classloader/2.12.0/smallrye-common-classloader-2.12.0.jar:/home/runner/.m2/repository/io/smallrye/config/smallrye-config-common/3.11.4/smallrye-config-common-3.11.4.jar:/home/runner/.m2/repository/org/junit/jupiter/junit-jupiter/5.12.1/junit-jupiter-5.12.1.jar:/home/runner/.m2/repository/org/junit/jupiter/junit-jupiter-params/5.12.1/junit-jupiter-params-5.12.1.jar:/home/runner/.m2/repository/org/junit/jupiter/junit-jupiter-engine/5.12.1/junit-jupiter-engine-5.12.1.jar:/home/runner/.m2/repository/io/quarkus/quarkus-core/3.20.2/quarkus-core-3.20.2.jar:/home/runner/.m2/repository/jakarta/enterprise/jakarta.enterprise.cdi-api/4.1.0/jakarta.enterprise.cdi-api-4.1.0.jar:/home/runner/.m2/repository/jakarta/enterprise/jakarta.enterprise.lang-model/4.1.0/jakarta.enterprise.lang-model-4.1.0.jar:/home/runner/.m2/repository/jakarta/el/jakarta.el-api/5.0.1/jakarta.el-api-5.0.1.jar:/home/runner/.m2/repository/jakarta/interceptor/jakarta.interceptor-api/2.2.0/jakarta.interceptor-api-2.2.0.jar:/home/runner/.m2/repository/jakarta/inject/jakarta.inject-api/2.0.1/jakarta.inject-api-2.0.1.jar:/home/runner/.m2/repository/io/smallrye/common/smallrye-common-os/2.12.0/smallrye-common-os-2.12.0.jar:/home/runner/.m2/repository/io/quarkus/quarkus-ide-launcher/3.20.2/quarkus-ide-launcher-3.20.2.jar:/home/runner/.m2/repository/io/quarkus/quarkus-development-mode-spi/3.20.2/quarkus-development-mode-spi-3.20.2.jar:/home/runner/.m2/repository/org/jboss/logging/jboss-logging/3.6.1.Final/jboss-logging-3.6.1.Final.jar:/home/runner/.m2/repository/org/jboss/logmanager/jboss-logmanager/3.1.2.Final/jboss-logmanager-3.1.2.Final.jar:/home/runner/.m2/repository/io/smallrye/common/smallrye-common-constraint/2.12.0/smallrye-common-constraint-2.12.0.jar:/home/runner/.m2/repository/io/smallrye/common/smallrye-common-cpu/2.12.0/smallrye-common-cpu-2.12.0.jar:/home/runner/.m2/repository/io/smallrye/common/smallrye-common-expression/2.12.0/smallrye-common-expression-2.12.0.jar:/home/runner/.m2/repository/io/smallrye/common/smallrye-common-net/2.12.0/smallrye-common-net-2.12.0.jar:/home/runner/.m2/repository/io/smallrye/common/smallrye-common-ref/2.12.0/smallrye-common-ref-2.12.0.jar:/home/runner/.m2/repository/jakarta/json/jakarta.json-api/2.1.3/jakarta.json-api-2.1.3.jar:/home/runner/.m2/repository/org/eclipse/parsson/parsson/1.1.7/parsson-1.1.7.jar:/home/runner/.m2/repository/org/jboss/logging/jboss-logging-annotations/3.0.4.Final/jboss-logging-annotations-3.0.4.Final.jar:/home/runner/.m2/repository/org/jboss/threads/jboss-threads/3.8.0.Final/jboss-threads-3.8.0.Final.jar:/home/runner/.m2/repository/io/smallrye/common/smallrye-common-annotation/2.12.0/smallrye-common-annotation-2.12.0.jar:/home/runner/.m2/repository/io/smallrye/common/smallrye-common-function/2.12.0/smallrye-common-function-2.12.0.jar:/home/runner/.m2/repository/org/jboss/slf4j/slf4j-jboss-logmanager/2.0.0.Final/slf4j-jboss-logmanager-2.0.0.Final.jar:/home/runner/.m2/repository/org/wildfly/common/wildfly-common/2.0.1/wildfly-common-2.0.1.jar:/home/runner/.m2/repository/io/quarkus/quarkus-bootstrap-runner/3.20.2/quarkus-bootstrap-runner-3.20.2.jar:/home/runner/.m2/repository/io/github/crac/org-crac/0.1.3/org-crac-0.1.3.jar:/home/runner/.m2/repository/io/quarkus/quarkus-fs-util/0.0.10/quarkus-fs-util-0.0.10.jar:/home/runner/.m2/repository/org/jboss/marshalling/jboss-marshalling/2.2.2.Final/jboss-marshalling-2.2.2.Final.jar:/home/runner/.m2/repository/io/fabric8/kubernetes-client/7.1.0/kubernetes-client-7.1.0.jar:/home/runner/.m2/repository/io/fabric8/kubernetes-client-api/7.1.0/kubernetes-client-api-7.1.0.jar:/home/runner/.m2/repository/io/fabric8/kubernetes-model-core/7.1.0/kubernetes-model-core-7.1.0.jar:/home/runner/.m2/repository/io/fabric8/kubernetes-model-common/7.1.0/kubernetes-model-common-7.1.0.jar:/home/runner/.m2/repository/javax/annotation/javax.annotation-api/1.3.2/javax.annotation-api-1.3.2.jar:/home/runner/.m2/repository/io/fabric8/kubernetes-model-gatewayapi/7.1.0/kubernetes-model-gatewayapi-7.1.0.jar:/home/runner/.m2/repository/io/fabric8/kubernetes-model-resource/7.1.0/kubernetes-model-resource-7.1.0.jar:/home/runner/.m2/repository/io/fabric8/kubernetes-model-rbac/7.1.0/kubernetes-model-rbac-7.1.0.jar:/home/runner/.m2/repository/io/fabric8/kubernetes-model-admissionregistration/7.1.0/kubernetes-model-admissionregistration-7.1.0.jar:/home/runner/.m2/repository/io/fabric8/kubernetes-model-apps/7.1.0/kubernetes-model-apps-7.1.0.jar:/home/runner/.m2/repository/io/fabric8/kubernetes-model-autoscaling/7.1.0/kubernetes-model-autoscaling-7.1.0.jar:/home/runner/.m2/repository/io/fabric8/kubernetes-model-apiextensions/7.1.0/kubernetes-model-apiextensions-7.1.0.jar:/home/runner/.m2/repository/io/fabric8/kubernetes-model-batch/7.1.0/kubernetes-model-batch-7.1.0.jar:/home/runner/.m2/repository/io/fabric8/kubernetes-model-certificates/7.1.0/kubernetes-model-certificates-7.1.0.jar:/home/runner/.m2/repository/io/fabric8/kubernetes-model-coordination/7.1.0/kubernetes-model-coordination-7.1.0.jar:/home/runner/.m2/repository/io/fabric8/kubernetes-model-discovery/7.1.0/kubernetes-model-discovery-7.1.0.jar:/home/runner/.m2/repository/io/fabric8/kubernetes-model-events/7.1.0/kubernetes-model-events-7.1.0.jar:/home/runner/.m2/repository/io/fabric8/kubernetes-model-extensions/7.1.0/kubernetes-model-extensions-7.1.0.jar:/home/runner/.m2/repository/io/fabric8/kubernetes-model-flowcontrol/7.1.0/kubernetes-model-flowcontrol-7.1.0.jar:/home/runner/.m2/repository/io/fabric8/kubernetes-model-networking/7.1.0/kubernetes-model-networking-7.1.0.jar:/home/runner/.m2/repository/io/fabric8/kubernetes-model-metrics/7.1.0/kubernetes-model-metrics-7.1.0.jar:/home/runner/.m2/repository/io/fabric8/kubernetes-model-policy/7.1.0/kubernetes-model-policy-7.1.0.jar:/home/runner/.m2/repository/io/fabric8/kubernetes-model-scheduling/7.1.0/kubernetes-model-scheduling-7.1.0.jar:/home/runner/.m2/repository/io/fabric8/kubernetes-model-storageclass/7.1.0/kubernetes-model-storageclass-7.1.0.jar:/home/runner/.m2/repository/io/fabric8/kubernetes-model-node/7.1.0/kubernetes-model-node-7.1.0.jar:/home/runner/.m2/repository/org/snakeyaml/snakeyaml-engine/2.9/snakeyaml-engine-2.9.jar:/home/runner/.m2/repository/com/fasterxml/jackson/dataformat/jackson-dataformat-yaml/2.18.2/jackson-dataformat-yaml-2.18.2.jar:/home/runner/.m2/repository/com/fasterxml/jackson/datatype/jackson-datatype-jsr310/2.18.2/jackson-datatype-jsr310-2.18.2.jar:/home/runner/.m2/repository/io/fabric8/zjsonpatch/7.1.0/zjsonpatch-7.1.0.jar:/home/runner/.m2/repository/io/fabric8/kubernetes-httpclient-vertx/7.1.0/kubernetes-httpclient-vertx-7.1.0.jar:/home/runner/.m2/repository/io/vertx/vertx-web-client/4.5.16/vertx-web-client-4.5.16.jar:/home/runner/.m2/repository/io/vertx/vertx-web-common/4.5.16/vertx-web-common-4.5.16.jar:/home/runner/.m2/repository/io/vertx/vertx-auth-common/4.5.16/vertx-auth-common-4.5.16.jar:/home/runner/.m2/repository/io/vertx/vertx-uri-template/4.5.16/vertx-uri-template-4.5.16.jar:/home/runner/.m2/repository/io/fabric8/openshift-client/7.1.0/openshift-client-7.1.0.jar:/home/runner/.m2/repository/io/fabric8/openshift-client-api/7.1.0/openshift-client-api-7.1.0.jar:/home/runner/.m2/repository/io/fabric8/openshift-model/7.1.0/openshift-model-7.1.0.jar:/home/runner/.m2/repository/io/fabric8/openshift-model-autoscaling/7.1.0/openshift-model-autoscaling-7.1.0.jar:/home/runner/.m2/repository/io/fabric8/openshift-model-operator/7.1.0/openshift-model-operator-7.1.0.jar:/home/runner/.m2/repository/io/fabric8/openshift-model-operatorhub/7.1.0/openshift-model-operatorhub-7.1.0.jar:/home/runner/.m2/repository/io/fabric8/openshift-model-machine/7.1.0/openshift-model-machine-7.1.0.jar:/home/runner/.m2/repository/io/fabric8/openshift-model-whereabouts/7.1.0/openshift-model-whereabouts-7.1.0.jar:/home/runner/.m2/repository/io/fabric8/openshift-model-monitoring/7.1.0/openshift-model-monitoring-7.1.0.jar:/home/runner/.m2/repository/io/fabric8/openshift-model-storageversionmigrator/7.1.0/openshift-model-storageversionmigrator-7.1.0.jar:/home/runner/.m2/repository/io/fabric8/openshift-model-tuned/7.1.0/openshift-model-tuned-7.1.0.jar:/home/runner/.m2/repository/io/fabric8/openshift-model-console/7.1.0/openshift-model-console-7.1.0.jar:/home/runner/.m2/repository/io/fabric8/openshift-model-config/7.1.0/openshift-model-config-7.1.0.jar:/home/runner/.m2/repository/io/fabric8/openshift-model-machineconfiguration/7.1.0/openshift-model-machineconfiguration-7.1.0.jar:/home/runner/.m2/repository/io/fabric8/openshift-model-miscellaneous/7.1.0/openshift-model-miscellaneous-7.1.0.jar:/home/runner/.m2/repository/io/fabric8/openshift-model-hive/7.1.0/openshift-model-hive-7.1.0.jar:/home/runner/.m2/repository/io/fabric8/openshift-model-installer/7.1.0/openshift-model-installer-7.1.0.jar:/home/runner/.m2/repository/org/junit/platform/junit-platform-launcher/1.12.1/junit-platform-launcher-1.12.1.jar:/home/runner/.m2/repository/org/junit/platform/junit-platform-engine/1.12.1/junit-platform-engine-1.12.1.jar:/home/runner/.m2/repository/org/opentest4j/opentest4j/1.3.0/opentest4j-1.3.0.jar:/home/runner/.m2/repository/org/junit/platform/junit-platform-commons/1.12.1/junit-platform-commons-1.12.1.jar:/home/runner/.m2/repository/org/apiguardian/apiguardian-api/1.1.2/apiguardian-api-1.1.2.jar:/home/runner/.m2/repository/jakarta/ws/rs/jakarta.ws.rs-api/3.1.0/jakarta.ws.rs-api-3.1.0.jar:/home/runner/work/apicurio-testing/apicurio-testing/clusters/ci419/namespaces/pg17/tests/integration/apicurio-registry/java-sdk/target/apicurio-registry-java-sdk-3.0.12-SNAPSHOT.jar:/home/runner/.m2/repository/com/microsoft/kiota/microsoft-kiota-abstractions/1.8.9/microsoft-kiota-abstractions-1.8.9.jar:/home/runner/.m2/repository/io/github/std-uritemplate/std-uritemplate/2.0.0/std-uritemplate-2.0.0.jar:/home/runner/.m2/repository/io/kiota/kiota-http-jdk/0.0.29/kiota-http-jdk-0.0.29.jar:/home/runner/.m2/repository/io/kiota/kiota-http-vertx/0.0.29/kiota-http-vertx-0.0.29.jar:/home/runner/.m2/repository/io/kiota/kiota-serialization-jackson/0.0.29/kiota-serialization-jackson-0.0.29.jar:/home/runner/.m2/repository/com/microsoft/kiota/microsoft-kiota-serialization-text/1.8.9/microsoft-kiota-serialization-text-1.8.9.jar:/home/runner/.m2/repository/com/microsoft/kiota/microsoft-kiota-serialization-form/1.8.9/microsoft-kiota-serialization-form-1.8.9.jar:/home/runner/.m2/repository/com/microsoft/kiota/microsoft-kiota-serialization-multipart/1.8.9/microsoft-kiota-serialization-multipart-1.8.9.jar:/home/runner/.m2/repository/jakarta/annotation/jakarta.annotation-api/3.0.0/jakarta.annotation-api-3.0.0.jar:/home/runner/.m2/repository/io/vertx/vertx-auth-oauth2/4.5.16/vertx-auth-oauth2-4.5.16.jar:/home/runner/work/apicurio-testing/apicurio-testing/clusters/ci419/namespaces/pg17/tests/integration/apicurio-registry/java-sdk-v2/target/apicurio-registry-v2-java-sdk-3.0.12-SNAPSHOT.jar:/home/runner/work/apicurio-testing/apicurio-testing/clusters/ci419/namespaces/pg17/tests/integration/apicurio-registry/utils/kafka/target/apicurio-registry-utils-kafka-3.0.12-SNAPSHOT-tests.jar:/home/runner/.m2/repository/org/eclipse/microprofile/config/microprofile-config-api/3.1/microprofile-config-api-3.1.jar:/home/runner/.m2/repository/org/apache/kafka/kafka-clients/3.9.1/kafka-clients-3.9.1.jar:/home/runner/.m2/repository/com/github/luben/zstd-jni/1.5.6-4/zstd-jni-1.5.6-4.jar:/home/runner/.m2/repository/org/lz4/lz4-java/1.8.0/lz4-java-1.8.0.jar:/home/runner/.m2/repository/org/xerial/snappy/snappy-java/1.1.10.5/snappy-java-1.1.10.5.jar:/home/runner/.m2/repository/org/slf4j/slf4j-api/2.0.6/slf4j-api-2.0.6.jar:/home/runner/work/apicurio-testing/apicurio-testing/clusters/ci419/namespaces/pg17/tests/integration/apicurio-registry/utils/tests/target/apicurio-registry-utils-tests-3.0.12-SNAPSHOT.jar:/home/runner/work/apicurio-testing/apicurio-testing/clusters/ci419/namespaces/pg17/tests/integration/apicurio-registry/common/target/apicurio-registry-common-3.0.12-SNAPSHOT.jar:/home/runner/.m2/repository/jakarta/validation/jakarta.validation-api/3.0.2/jakarta.validation-api-3.0.2.jar:/home/runner/.m2/repository/com/github/dasniko/testcontainers-keycloak/3.8.0/testcontainers-keycloak-3.8.0.jar:/home/runner/.m2/repository/org/testcontainers/testcontainers/1.20.6/testcontainers-1.20.6.jar:/home/runner/.m2/repository/org/rnorth/duct-tape/duct-tape/1.0.8/duct-tape-1.0.8.jar:/home/runner/.m2/repository/com/github/docker-java/docker-java-transport-zerodep/3.4.1/docker-java-transport-zerodep-3.4.1.jar:/home/runner/.m2/repository/com/github/docker-java/docker-java-transport/3.4.1/docker-java-transport-3.4.1.jar:/home/runner/.m2/repository/net/java/dev/jna/jna/5.8.0/jna-5.8.0.jar:/home/runner/.m2/repository/io/quarkus/quarkus-junit4-mock/3.20.2/quarkus-junit4-mock-3.20.2.jar:/home/runner/.m2/repository/org/jboss/shrinkwrap/shrinkwrap-api/2.0.0-beta-2/shrinkwrap-api-2.0.0-beta-2.jar:/home/runner/.m2/repository/org/jboss/shrinkwrap/shrinkwrap-impl-base/2.0.0-beta-2/shrinkwrap-impl-base-2.0.0-beta-2.jar:/home/runner/.m2/repository/org/jboss/shrinkwrap/shrinkwrap-spi/2.0.0-beta-2/shrinkwrap-spi-2.0.0-beta-2.jar:/home/runner/.m2/repository/org/keycloak/keycloak-admin-client/26.0.4/keycloak-admin-client-26.0.4.jar:/home/runner/.m2/repository/org/keycloak/keycloak-client-common-synced/26.0.4/keycloak-client-common-synced-26.0.4.jar:/home/runner/.m2/repository/jakarta/activation/jakarta.activation-api/2.1.3/jakarta.activation-api-2.1.3.jar:/home/runner/.m2/repository/org/eclipse/microprofile/openapi/microprofile-openapi-api/4.0.2/microprofile-openapi-api-4.0.2.jar:/home/runner/.m2/repository/org/jboss/resteasy/resteasy-client/6.2.12.Final/resteasy-client-6.2.12.Final.jar:/home/runner/.m2/repository/org/jboss/resteasy/resteasy-client-api/6.2.12.Final/resteasy-client-api-6.2.12.Final.jar:/home/runner/.m2/repository/org/jboss/resteasy/resteasy-core-spi/6.2.12.Final/resteasy-core-spi-6.2.12.Final.jar:/home/runner/.m2/repository/org/jboss/resteasy/resteasy-core/6.2.12.Final/resteasy-core-6.2.12.Final.jar:/home/runner/.m2/repository/org/eclipse/angus/angus-activation/2.0.2/angus-activation-2.0.2.jar:/home/runner/.m2/repository/com/ibm/async/asyncutil/0.1.0/asyncutil-0.1.0.jar:/home/runner/.m2/repository/org/reactivestreams/reactive-streams/1.0.4/reactive-streams-1.0.4.jar:/home/runner/.m2/repository/org/jboss/resteasy/resteasy-multipart-provider/6.2.12.Final/resteasy-multipart-provider-6.2.12.Final.jar:/home/runner/.m2/repository/jakarta/mail/jakarta.mail-api/2.1.3/jakarta.mail-api-2.1.3.jar:/home/runner/.m2/repository/org/eclipse/angus/angus-mail/2.0.3/angus-mail-2.0.3.jar:/home/runner/.m2/repository/org/apache/james/apache-mime4j-dom/0.8.12/apache-mime4j-dom-0.8.12.jar:/home/runner/.m2/repository/org/apache/james/apache-mime4j-core/0.8.12/apache-mime4j-core-0.8.12.jar:/home/runner/.m2/repository/org/apache/james/apache-mime4j-storage/0.8.12/apache-mime4j-storage-0.8.12.jar:/home/runner/.m2/repository/org/jboss/resteasy/resteasy-jackson2-provider/6.2.12.Final/resteasy-jackson2-provider-6.2.12.Final.jar:/home/runner/.m2/repository/com/fasterxml/jackson/jakarta/rs/jackson-jakarta-rs-base/2.18.2/jackson-jakarta-rs-base-2.18.2.jar:/home/runner/.m2/repository/com/fasterxml/jackson/jakarta/rs/jackson-jakarta-rs-json-provider/2.18.2/jackson-jakarta-rs-json-provider-2.18.2.jar:/home/runner/.m2/repository/com/fasterxml/jackson/module/jackson-module-jakarta-xmlbind-annotations/2.18.2/jackson-module-jakarta-xmlbind-annotations-2.18.2.jar:/home/runner/.m2/repository/com/github/java-json-tools/json-patch/1.13/json-patch-1.13.jar:/home/runner/.m2/repository/com/github/java-json-tools/msg-simple/1.2/msg-simple-1.2.jar:/home/runner/.m2/repository/com/github/java-json-tools/btf/1.3/btf-1.3.jar:/home/runner/.m2/repository/com/github/java-json-tools/jackson-coreutils/2.0/jackson-coreutils-2.0.jar:/home/runner/.m2/repository/org/jboss/resteasy/resteasy-jaxb-provider/6.2.12.Final/resteasy-jaxb-provider-6.2.12.Final.jar:/home/runner/.m2/repository/org/glassfish/jaxb/codemodel/4.0.5/codemodel-4.0.5.jar:/home/runner/.m2/repository/org/glassfish/jaxb/jaxb-core/4.0.5/jaxb-core-4.0.5.jar:/home/runner/.m2/repository/org/glassfish/jaxb/jaxb-jxc/4.0.5/jaxb-jxc-4.0.5.jar:/home/runner/.m2/repository/org/glassfish/jaxb/jaxb-runtime/4.0.5/jaxb-runtime-4.0.5.jar:/home/runner/.m2/repository/org/glassfish/jaxb/txw2/4.0.5/txw2-4.0.5.jar:/home/runner/.m2/repository/org/glassfish/jaxb/jaxb-xjc/4.0.5/jaxb-xjc-4.0.5.jar:/home/runner/.m2/repository/org/glassfish/jaxb/xsom/4.0.5/xsom-4.0.5.jar:/home/runner/.m2/repository/com/sun/istack/istack-commons-runtime/4.1.2/istack-commons-runtime-4.1.2.jar:/home/runner/.m2/repository/com/sun/istack/istack-commons-tools/4.1.2/istack-commons-tools-4.1.2.jar:/home/runner/.m2/repository/com/sun/xml/bind/external/relaxng-datatype/4.0.5/relaxng-datatype-4.0.5.jar:/home/runner/.m2/repository/com/sun/xml/bind/external/rngom/4.0.5/rngom-4.0.5.jar:/home/runner/.m2/repository/org/testcontainers/mssqlserver/1.20.6/mssqlserver-1.20.6.jar:/home/runner/.m2/repository/org/testcontainers/jdbc/1.20.6/jdbc-1.20.6.jar:/home/runner/.m2/repository/org/testcontainers/database-commons/1.20.6/database-commons-1.20.6.jar:/home/runner/.m2/repository/org/testcontainers/mysql/1.20.6/mysql-1.20.6.jar:/home/runner/.m2/repository/io/strimzi/strimzi-test-container/0.111.0/strimzi-test-container-0.111.0.jar:/home/runner/.m2/repository/org/testcontainers/toxiproxy/1.20.6/toxiproxy-1.20.6.jar:/home/runner/.m2/repository/com/github/docker-java/docker-java-api/3.4.1/docker-java-api-3.4.1.jar:/home/runner/.m2/repository/org/apache/logging/log4j/log4j-slf4j-impl/2.19.0/log4j-slf4j-impl-2.19.0.jar:/home/runner/.m2/repository/org/apache/logging/log4j/log4j-api/2.24.3/log4j-api-2.24.3.jar:/home/runner/.m2/repository/org/apache/logging/log4j/log4j-core/2.19.0/log4j-core-2.19.0.jar:/home/runner/.m2/repository/eu/rekawek/toxiproxy/toxiproxy-java/2.1.7/toxiproxy-java-2.1.7.jar:/home/runner/.m2/repository/org/testcontainers/pulsar/1.21.3/pulsar-1.21.3.jar:/home/runner/.m2/repository/io/debezium/debezium-testing-testcontainers/2.7.4.Final/debezium-testing-testcontainers-2.7.4.Final.jar:/home/runner/.m2/repository/org/testcontainers/kafka/1.20.6/kafka-1.20.6.jar:/home/runner/.m2/repository/com/squareup/okhttp3/okhttp/4.8.1/okhttp-4.8.1.jar:/home/runner/.m2/repository/com/squareup/okio/okio/3.10.2/okio-3.10.2.jar:/home/runner/.m2/repository/com/squareup/okio/okio-jvm/3.10.2/okio-jvm-3.10.2.jar:/home/runner/.m2/repository/org/jetbrains/kotlin/kotlin-stdlib/2.0.21/kotlin-stdlib-2.0.21.jar:/home/runner/.m2/repository/org/awaitility/awaitility/4.3.0/awaitility-4.3.0.jar:/home/runner/.m2/repository/org/testcontainers/mongodb/1.20.6/mongodb-1.20.6.jar:/home/runner/.m2/repository/org/testcontainers/mariadb/1.20.6/mariadb-1.20.6.jar:/home/runner/.m2/repository/org/testcontainers/oracle-xe/1.20.6/oracle-xe-1.20.6.jar:/home/runner/.m2/repository/org/testcontainers/postgresql/1.20.6/postgresql-1.20.6.jar:/home/runner/.m2/repository/org/wiremock/wiremock/3.0.1/wiremock-3.0.1.jar:/home/runner/.m2/repository/org/eclipse/jetty/jetty-server/11.0.15/jetty-server-11.0.15.jar:/home/runner/.m2/repository/org/eclipse/jetty/toolchain/jetty-jakarta-servlet-api/5.0.2/jetty-jakarta-servlet-api-5.0.2.jar:/home/runner/.m2/repository/org/eclipse/jetty/jetty-http/11.0.15/jetty-http-11.0.15.jar:/home/runner/.m2/repository/org/eclipse/jetty/jetty-io/11.0.15/jetty-io-11.0.15.jar:/home/runner/.m2/repository/org/eclipse/jetty/jetty-servlet/11.0.15/jetty-servlet-11.0.15.jar:/home/runner/.m2/repository/org/eclipse/jetty/jetty-security/11.0.15/jetty-security-11.0.15.jar:/home/runner/.m2/repository/org/eclipse/jetty/jetty-servlets/11.0.15/jetty-servlets-11.0.15.jar:/home/runner/.m2/repository/org/eclipse/jetty/jetty-util/11.0.15/jetty-util-11.0.15.jar:/home/runner/.m2/repository/org/eclipse/jetty/jetty-webapp/11.0.15/jetty-webapp-11.0.15.jar:/home/runner/.m2/repository/org/eclipse/jetty/jetty-xml/11.0.15/jetty-xml-11.0.15.jar:/home/runner/.m2/repository/org/eclipse/jetty/jetty-proxy/11.0.15/jetty-proxy-11.0.15.jar:/home/runner/.m2/repository/org/eclipse/jetty/jetty-client/11.0.15/jetty-client-11.0.15.jar:/home/runner/.m2/repository/org/eclipse/jetty/http2/http2-server/11.0.15/http2-server-11.0.15.jar:/home/runner/.m2/repository/org/eclipse/jetty/http2/http2-common/11.0.15/http2-common-11.0.15.jar:/home/runner/.m2/repository/org/eclipse/jetty/http2/http2-hpack/11.0.15/http2-hpack-11.0.15.jar:/home/runner/.m2/repository/org/eclipse/jetty/jetty-alpn-server/11.0.15/jetty-alpn-server-11.0.15.jar:/home/runner/.m2/repository/org/eclipse/jetty/jetty-alpn-java-server/11.0.15/jetty-alpn-java-server-11.0.15.jar:/home/runner/.m2/repository/org/eclipse/jetty/jetty-alpn-java-client/11.0.15/jetty-alpn-java-client-11.0.15.jar:/home/runner/.m2/repository/org/eclipse/jetty/jetty-alpn-client/11.0.15/jetty-alpn-client-11.0.15.jar:/home/runner/.m2/repository/org/apache/httpcomponents/client5/httpclient5/5.2.1/httpclient5-5.2.1.jar:/home/runner/.m2/repository/org/apache/httpcomponents/core5/httpcore5/5.2/httpcore5-5.2.jar:/home/runner/.m2/repository/org/apache/httpcomponents/core5/httpcore5-h2/5.2/httpcore5-h2-5.2.jar:/home/runner/.m2/repository/org/xmlunit/xmlunit-core/2.9.1/xmlunit-core-2.9.1.jar:/home/runner/.m2/repository/jakarta/xml/bind/jakarta.xml.bind-api/4.0.2/jakarta.xml.bind-api-4.0.2.jar:/home/runner/.m2/repository/org/xmlunit/xmlunit-legacy/2.9.1/xmlunit-legacy-2.9.1.jar:/home/runner/.m2/repository/org/xmlunit/xmlunit-placeholders/2.9.1/xmlunit-placeholders-2.9.1.jar:/home/runner/.m2/repository/net/javacrumbs/json-unit/json-unit-core/2.38.0/json-unit-core-2.38.0.jar:/home/runner/.m2/repository/org/hamcrest/hamcrest-core/2.2/hamcrest-core-2.2.jar:/home/runner/.m2/repository/com/jayway/jsonpath/json-path/2.8.0/json-path-2.8.0.jar:/home/runner/.m2/repository/net/minidev/json-smart/2.4.10/json-smart-2.4.10.jar:/home/runner/.m2/repository/net/minidev/accessors-smart/2.4.9/accessors-smart-2.4.9.jar:/home/runner/.m2/repository/org/ow2/asm/asm/9.7.1/asm-9.7.1.jar:/home/runner/.m2/repository/net/sf/jopt-simple/jopt-simple/5.0.4/jopt-simple-5.0.4.jar:/home/runner/.m2/repository/com/github/jknack/handlebars/4.3.1/handlebars-4.3.1.jar:/home/runner/.m2/repository/com/github/jknack/handlebars-helpers/4.3.1/handlebars-helpers-4.3.1.jar:/home/runner/.m2/repository/commons-fileupload/commons-fileupload/1.5/commons-fileupload-1.5.jar:/home/runner/.m2/repository/com/networknt/json-schema-validator/1.5.8/json-schema-validator-1.5.8.jar:/home/runner/.m2/repository/com/ethlo/time/itu/1.10.3/itu-1.10.3.jar:/home/runner/.m2/repository/io/quarkus/quarkus-smallrye-jwt-build/3.20.2/quarkus-smallrye-jwt-build-3.20.2.jar:/home/runner/.m2/repository/io/smallrye/smallrye-jwt-build/4.6.2/smallrye-jwt-build-4.6.2.jar:/home/runner/.m2/repository/org/eclipse/microprofile/jwt/microprofile-jwt-auth-api/2.1/microprofile-jwt-auth-api-2.1.jar:/home/runner/.m2/repository/org/bitbucket/b_c/jose4j/0.9.6/jose4j-0.9.6.jar:/home/runner/.m2/repository/io/smallrye/smallrye-jwt-common/4.6.2/smallrye-jwt-common-4.6.2.jar:/home/runner/.m2/repository/io/quarkus/quarkus-jsonp/3.20.2/quarkus-jsonp-3.20.2.jar:/home/runner/.m2/repository/io/quarkus/quarkus-arc/3.20.2/quarkus-arc-3.20.2.jar:/home/runner/.m2/repository/io/quarkus/arc/arc/3.20.2/arc-3.20.2.jar:/home/runner/.m2/repository/jakarta/transaction/jakarta.transaction-api/2.0.1/jakarta.transaction-api-2.0.1.jar:/home/runner/.m2/repository/io/smallrye/reactive/mutiny/2.9.2/mutiny-2.9.2.jar:/home/runner/.m2/repository/org/jctools/jctools-core/4.0.5/jctools-core-4.0.5.jar:/home/runner/.m2/repository/org/eclipse/microprofile/context-propagation/microprofile-context-propagation-api/1.3/microprofile-context-propagation-api-1.3.jar:/home/runner/.m2/repository/io/apicurio/apicurio-common-rest-client-common/0.1.18.Final/apicurio-common-rest-client-common-0.1.18.Final.jar:/home/runner/work/apicurio-testing/apicurio-testing/clusters/ci419/namespaces/pg17/tests/integration/apicurio-registry/utils/maven-plugin/target/apicurio-registry-maven-plugin-3.0.12-SNAPSHOT.jar:/home/runner/.m2/repository/com/fasterxml/jackson/core/jackson-databind/2.18.2/jackson-databind-2.18.2.jar:/home/runner/.m2/repository/org/apache/avro/avro/1.12.0/avro-1.12.0.jar:/home/runner/.m2/repository/com/google/protobuf/protobuf-java/4.31.1/protobuf-java-4.31.1.jar:/home/runner/.m2/repository/com/google/protobuf/protobuf-java-util/4.31.1/protobuf-java-util-4.31.1.jar:/home/runner/.m2/repository/com/google/code/findbugs/jsr305/3.0.2/jsr305-3.0.2.jar:/home/runner/.m2/repository/com/google/code/gson/gson/2.12.1/gson-2.12.1.jar:/home/runner/.m2/repository/com/google/errorprone/error_prone_annotations/2.36.0/error_prone_annotations-2.36.0.jar:/home/runner/.m2/repository/com/google/j2objc/j2objc-annotations/2.8/j2objc-annotations-2.8.jar:/home/runner/work/apicurio-testing/apicurio-testing/clusters/ci419/namespaces/pg17/tests/integration/apicurio-registry/schema-util/util-provider/target/apicurio-registry-schema-util-provider-3.0.12-SNAPSHOT.jar:/home/runner/work/apicurio-testing/apicurio-testing/clusters/ci419/namespaces/pg17/tests/integration/apicurio-registry/schema-util/common/target/apicurio-registry-schema-util-common-3.0.12-SNAPSHOT.jar:/home/runner/.m2/repository/com/fasterxml/jackson/module/jackson-module-parameter-names/2.18.2/jackson-module-parameter-names-2.18.2.jar:/home/runner/.m2/repository/com/fasterxml/jackson/datatype/jackson-datatype-json-org/2.18.2/jackson-datatype-json-org-2.18.2.jar:/home/runner/work/apicurio-testing/apicurio-testing/clusters/ci419/namespaces/pg17/tests/integration/apicurio-registry/schema-util/json/target/apicurio-registry-schema-util-json-3.0.12-SNAPSHOT.jar:/home/runner/.m2/repository/com/github/erosb/everit-json-schema/1.14.5/everit-json-schema-1.14.5.jar:/home/runner/.m2/repository/commons-validator/commons-validator/1.9.0/commons-validator-1.9.0.jar:/home/runner/.m2/repository/commons-digester/commons-digester/2.1/commons-digester-2.1.jar:/home/runner/.m2/repository/commons-collections/commons-collections/3.2.2/commons-collections-3.2.2.jar:/home/runner/.m2/repository/com/damnhandy/handy-uri-templates/2.1.8/handy-uri-templates-2.1.8.jar:/home/runner/.m2/repository/joda-time/joda-time/2.10.2/joda-time-2.10.2.jar:/home/runner/.m2/repository/com/github/erosb/json-sKema/0.20.0/json-sKema-0.20.0.jar:/home/runner/.m2/repository/io/vertx/vertx-json-schema/4.5.16/vertx-json-schema-4.5.16.jar:/home/runner/work/apicurio-testing/apicurio-testing/clusters/ci419/namespaces/pg17/tests/integration/apicurio-registry/schema-util/protobuf/target/apicurio-registry-schema-util-protobuf-3.0.12-SNAPSHOT.jar:/home/runner/work/apicurio-testing/apicurio-testing/clusters/ci419/namespaces/pg17/tests/integration/apicurio-registry/utils/protobuf-schema-utilities/target/apicurio-registry-protobuf-schema-utilities-3.0.12-SNAPSHOT.jar:/home/runner/.m2/repository/com/google/api/grpc/proto-google-common-protos/2.52.0/proto-google-common-protos-2.52.0.jar:/home/runner/.m2/repository/com/squareup/wire/wire-schema-jvm/5.3.3/wire-schema-jvm-5.3.3.jar:/home/runner/.m2/repository/com/palantir/javapoet/javapoet/0.6.0/javapoet-0.6.0.jar:/home/runner/.m2/repository/com/squareup/kotlinpoet-jvm/2.0.0/kotlinpoet-jvm-2.0.0.jar:/home/runner/.m2/repository/org/jetbrains/kotlin/kotlin-reflect/2.0.21/kotlin-reflect-2.0.21.jar:/home/runner/.m2/repository/com/squareup/wire/wire-runtime-jvm/5.3.3/wire-runtime-jvm-5.3.3.jar:/home/runner/.m2/repository/com/ibm/icu/icu4j/76.1/icu4j-76.1.jar:/home/runner/.m2/repository/com/squareup/okio/okio-fakefilesystem/3.10.2/okio-fakefilesystem-3.10.2.jar:/home/runner/.m2/repository/com/squareup/okio/okio-fakefilesystem-jvm/3.10.2/okio-fakefilesystem-jvm-3.10.2.jar:/home/runner/.m2/repository/org/jetbrains/kotlinx/kotlinx-datetime-jvm/0.6.1/kotlinx-datetime-jvm-0.6.1.jar:/home/runner/work/apicurio-testing/apicurio-testing/clusters/ci419/namespaces/pg17/tests/integration/apicurio-registry/schema-util/asyncapi/target/apicurio-registry-schema-util-asyncapi-3.0.12-SNAPSHOT.jar:/home/runner/work/apicurio-testing/apicurio-testing/clusters/ci419/namespaces/pg17/tests/integration/apicurio-registry/schema-util/avro/target/apicurio-registry-schema-util-avro-3.0.12-SNAPSHOT.jar:/home/runner/work/apicurio-testing/apicurio-testing/clusters/ci419/namespaces/pg17/tests/integration/apicurio-registry/schema-util/graphql/target/apicurio-registry-schema-util-graphql-3.0.12-SNAPSHOT.jar:/home/runner/.m2/repository/com/graphql-java/graphql-java/22.4/graphql-java-22.4.jar:/home/runner/.m2/repository/com/graphql-java/java-dataloader/3.3.0/java-dataloader-3.3.0.jar:/home/runner/work/apicurio-testing/apicurio-testing/clusters/ci419/namespaces/pg17/tests/integration/apicurio-registry/schema-util/kconnect/target/apicurio-registry-schema-util-kconnect-3.0.12-SNAPSHOT.jar:/home/runner/work/apicurio-testing/apicurio-testing/clusters/ci419/namespaces/pg17/tests/integration/apicurio-registry/schema-util/openapi/target/apicurio-registry-schema-util-openapi-3.0.12-SNAPSHOT.jar:/home/runner/.m2/repository/io/apicurio/apicurio-data-models/2.2.2/apicurio-data-models-2.2.2.jar:/home/runner/.m2/repository/org/openapitools/openapidiff/openapi-diff-core/2.1.2/openapi-diff-core-2.1.2.jar:/home/runner/.m2/repository/io/swagger/parser/v3/swagger-parser/2.1.28/swagger-parser-2.1.28.jar:/home/runner/.m2/repository/io/swagger/parser/v3/swagger-parser-v2-converter/2.1.28/swagger-parser-v2-converter-2.1.28.jar:/home/runner/.m2/repository/io/swagger/swagger-core/1.6.16/swagger-core-1.6.16.jar:/home/runner/.m2/repository/io/swagger/swagger-models/1.6.16/swagger-models-1.6.16.jar:/home/runner/.m2/repository/io/swagger/swagger-annotations/1.6.16/swagger-annotations-1.6.16.jar:/home/runner/.m2/repository/io/swagger/swagger-parser/1.0.75/swagger-parser-1.0.75.jar:/home/runner/.m2/repository/io/swagger/swagger-parser-safe-url-resolver/1.0.75/swagger-parser-safe-url-resolver-1.0.75.jar:/home/runner/.m2/repository/io/swagger/swagger-compat-spec-parser/1.0.75/swagger-compat-spec-parser-1.0.75.jar:/home/runner/.m2/repository/com/github/java-json-tools/json-schema-validator/2.2.14/json-schema-validator-2.2.14.jar:/home/runner/.m2/repository/com/github/java-json-tools/jackson-coreutils-equivalence/1.0/jackson-coreutils-equivalence-1.0.jar:/home/runner/.m2/repository/com/github/java-json-tools/json-schema-core/1.2.14/json-schema-core-1.2.14.jar:/home/runner/.m2/repository/com/github/java-json-tools/uri-template/0.10/uri-template-0.10.jar:/home/runner/.m2/repository/com/googlecode/libphonenumber/libphonenumber/8.11.1/libphonenumber-8.11.1.jar:/home/runner/.m2/repository/com/j2html/j2html/1.6.0/j2html-1.6.0.jar:/home/runner/.m2/repository/org/apache/commons/commons-collections4/4.5.0/commons-collections4-4.5.0.jar:/home/runner/.m2/repository/org/slf4j/jcl-over-slf4j/2.0.17/jcl-over-slf4j-2.0.17.jar:/home/runner/.m2/repository/io/swagger/parser/v3/swagger-parser-v3/2.1.31/swagger-parser-v3-2.1.31.jar:/home/runner/.m2/repository/io/swagger/core/v3/swagger-models/2.2.34/swagger-models-2.2.34.jar:/home/runner/.m2/repository/io/swagger/core/v3/swagger-core/2.2.34/swagger-core-2.2.34.jar:/home/runner/.m2/repository/io/swagger/parser/v3/swagger-parser-core/2.1.31/swagger-parser-core-2.1.31.jar:/home/runner/.m2/repository/io/swagger/parser/v3/swagger-parser-safe-url-resolver/2.1.31/swagger-parser-safe-url-resolver-2.1.31.jar:/home/runner/work/apicurio-testing/apicurio-testing/clusters/ci419/namespaces/pg17/tests/integration/apicurio-registry/schema-util/wsdl/target/apicurio-registry-schema-util-wsdl-3.0.12-SNAPSHOT.jar:/home/runner/.m2/repository/wsdl4j/wsdl4j/1.6.3/wsdl4j-1.6.3.jar:/home/runner/work/apicurio-testing/apicurio-testing/clusters/ci419/namespaces/pg17/tests/integration/apicurio-registry/schema-util/xml/target/apicurio-registry-schema-util-xml-3.0.12-SNAPSHOT.jar:/home/runner/.m2/repository/org/apache/santuario/xmlsec/4.0.4/xmlsec-4.0.4.jar:/home/runner/.m2/repository/com/fasterxml/woodstox/woodstox-core/7.1.1/woodstox-core-7.1.1.jar:/home/runner/.m2/repository/org/codehaus/woodstox/stax2-api/4.2.2/stax2-api-4.2.2.jar:/home/runner/work/apicurio-testing/apicurio-testing/clusters/ci419/namespaces/pg17/tests/integration/apicurio-registry/schema-util/xsd/target/apicurio-registry-schema-util-xsd-3.0.12-SNAPSHOT.jar:/home/runner/work/apicurio-testing/apicurio-testing/clusters/ci419/namespaces/pg17/tests/integration/apicurio-registry/serdes/kafka/jsonschema-serde/target/apicurio-registry-jsonschema-serde-kafka-3.0.12-SNAPSHOT.jar:/home/runner/work/apicurio-testing/apicurio-testing/clusters/ci419/namespaces/pg17/tests/integration/apicurio-registry/serdes/kafka/serde-kafka-common/target/apicurio-registry-serde-kafka-common-3.0.12-SNAPSHOT.jar:/home/runner/work/apicurio-testing/apicurio-testing/clusters/ci419/namespaces/pg17/tests/integration/apicurio-registry/serdes/generic/serde-common/target/apicurio-registry-serde-common-3.0.12-SNAPSHOT.jar:/home/runner/work/apicurio-testing/apicurio-testing/clusters/ci419/namespaces/pg17/tests/integration/apicurio-registry/serdes/generic/serde-common-jsonschema/target/apicurio-registry-serde-common-jsonschema-3.0.12-SNAPSHOT.jar:/home/runner/.m2/repository/org/json/json/20250107/json-20250107.jar:/home/runner/work/apicurio-testing/apicurio-testing/clusters/ci419/namespaces/pg17/tests/integration/apicurio-registry/serdes/kafka/avro-serde/target/apicurio-registry-avro-serde-kafka-3.0.12-SNAPSHOT.jar:/home/runner/work/apicurio-testing/apicurio-testing/clusters/ci419/namespaces/pg17/tests/integration/apicurio-registry/serdes/generic/serde-common-avro/target/apicurio-registry-serde-common-avro-3.0.12-SNAPSHOT.jar:/home/runner/work/apicurio-testing/apicurio-testing/clusters/ci419/namespaces/pg17/tests/integration/apicurio-registry/serdes/kafka/protobuf-serde/target/apicurio-registry-protobuf-serde-kafka-3.0.12-SNAPSHOT.jar:/home/runner/work/apicurio-testing/apicurio-testing/clusters/ci419/namespaces/pg17/tests/integration/apicurio-registry/serdes/generic/serde-common-protobuf/target/apicurio-registry-serde-common-protobuf-3.0.12-SNAPSHOT.jar:/home/runner/.m2/repository/com/squareup/wire/wire-schema/5.3.3/wire-schema-5.3.3.jar:/home/runner/.m2/repository/com/squareup/wire/wire-runtime/5.3.3/wire-runtime-5.3.3.jar:/home/runner/work/apicurio-testing/apicurio-testing/clusters/ci419/namespaces/pg17/tests/integration/apicurio-registry/serdes/pulsar/avro-serde/target/apicurio-registry-avro-serde-pulsar-3.0.12-SNAPSHOT.jar:/home/runner/.m2/repository/org/apache/pulsar/pulsar-functions-api/3.3.8/pulsar-functions-api-3.3.8.jar:/home/runner/work/apicurio-testing/apicurio-testing/clusters/ci419/namespaces/pg17/tests/integration/apicurio-registry/serdes/nats/avro-serde/target/apicurio-registry-avro-serde-nats-3.0.12-SNAPSHOT.jar:/home/runner/.m2/repository/io/nats/jnats/2.21.4/jnats-2.21.4.jar:/home/runner/.m2/repository/org/bouncycastle/bcprov-lts8on/2.73.7/bcprov-lts8on-2.73.7.jar:/home/runner/.m2/repository/org/jetbrains/annotations/26.0.2/annotations-26.0.2.jar:/home/runner/work/apicurio-testing/apicurio-testing/clusters/ci419/namespaces/pg17/tests/integration/apicurio-registry/utils/converter/target/apicurio-registry-utils-converter-3.0.12-SNAPSHOT.jar:/home/runner/work/apicurio-testing/apicurio-testing/clusters/ci419/namespaces/pg17/tests/integration/apicurio-registry/schema-resolver/target/apicurio-registry-schema-resolver-3.0.12-SNAPSHOT.jar:/home/runner/.m2/repository/org/apache/kafka/connect-api/3.9.1/connect-api-3.9.1.jar:/home/runner/.m2/repository/javax/ws/rs/javax.ws.rs-api/2.1.1/javax.ws.rs-api-2.1.1.jar:/home/runner/.m2/repository/org/apache/kafka/connect-json/3.9.1/connect-json-3.9.1.jar:/home/runner/.m2/repository/com/fasterxml/jackson/datatype/jackson-datatype-jdk8/2.18.2/jackson-datatype-jdk8-2.18.2.jar:/home/runner/.m2/repository/com/fasterxml/jackson/module/jackson-module-afterburner/2.18.2/jackson-module-afterburner-2.18.2.jar:/home/runner/work/apicurio-testing/apicurio-testing/clusters/ci419/namespaces/pg17/tests/integration/apicurio-registry/utils/kafka/target/apicurio-registry-utils-kafka-3.0.12-SNAPSHOT.jar:/home/runner/.m2/repository/org/apache/pulsar/pulsar-client/3.3.8/pulsar-client-3.3.8.jar:/home/runner/.m2/repository/org/apache/pulsar/pulsar-client-api/3.3.8/pulsar-client-api-3.3.8.jar:/home/runner/.m2/repository/org/apache/pulsar/pulsar-client-admin-api/3.3.8/pulsar-client-admin-api-3.3.8.jar:/home/runner/.m2/repository/org/apache/pulsar/bouncy-castle-bc/3.3.8/bouncy-castle-bc-3.3.8-pkg.jar:/home/runner/.m2/repository/org/bouncycastle/bcpkix-jdk18on/1.81/bcpkix-jdk18on-1.81.jar:/home/runner/.m2/repository/org/bouncycastle/bcutil-jdk18on/1.81/bcutil-jdk18on-1.81.jar:/home/runner/.m2/repository/org/bouncycastle/bcprov-jdk18on/1.81/bcprov-jdk18on-1.81.jar:/home/runner/.m2/repository/io/opentelemetry/opentelemetry-api/1.44.1/opentelemetry-api-1.44.1.jar:/home/runner/.m2/repository/io/opentelemetry/opentelemetry-context/1.44.1/opentelemetry-context-1.44.1.jar:/home/runner/.m2/repository/io/opentelemetry/opentelemetry-api-incubator/1.44.1-alpha/opentelemetry-api-incubator-1.44.1-alpha.jar:/home/runner/.m2/repository/com/fasterxml/jackson/core/jackson-annotations/2.18.2/jackson-annotations-2.18.2.jar:/home/runner/.m2/repository/javax/validation/validation-api/1.1.0.Final/validation-api-1.1.0.Final.jar:/home/runner/.m2/repository/org/jspecify/jspecify/1.0.0/jspecify-1.0.0.jar:/home/runner/.m2/repository/org/apache/commons/commons-configuration2/2.12.0/commons-configuration2-2.12.0.jar:/home/runner/.m2/repository/commons-logging/commons-logging/1.3.5/commons-logging-1.3.5.jar:/home/runner/.m2/repository/org/apache/commons/commons-text/1.13.0/commons-text-1.13.0.jar:/home/runner/.m2/repository/io/confluent/kafka-avro-serializer/8.0.0/kafka-avro-serializer-8.0.0.jar:/home/runner/.m2/repository/org/apache/commons/commons-compress/1.27.1/commons-compress-1.27.1.jar:/home/runner/.m2/repository/io/confluent/kafka-schema-serializer/8.0.0/kafka-schema-serializer-8.0.0.jar:/home/runner/.m2/repository/com/fasterxml/jackson/dataformat/jackson-dataformat-csv/2.18.2/jackson-dataformat-csv-2.18.2.jar:/home/runner/.m2/repository/io/confluent/kafka-schema-registry-client/8.0.0/kafka-schema-registry-client-8.0.0.jar:/home/runner/.m2/repository/org/yaml/snakeyaml/2.3/snakeyaml-2.3.jar:/home/runner/.m2/repository/io/swagger/core/v3/swagger-annotations/2.2.29/swagger-annotations-2.2.29.jar:/home/runner/.m2/repository/com/google/guava/guava/33.4.0-jre/guava-33.4.0-jre.jar:/home/runner/.m2/repository/com/google/guava/failureaccess/1.0.1/failureaccess-1.0.1.jar:/home/runner/.m2/repository/org/checkerframework/checker-qual/3.49.0/checker-qual-3.49.0.jar:/home/runner/.m2/repository/io/confluent/logredactor/1.0.13/logredactor-1.0.13.jar:/home/runner/.m2/repository/com/google/re2j/re2j/1.6/re2j-1.6.jar:/home/runner/.m2/repository/io/confluent/logredactor-metrics/1.0.13/logredactor-metrics-1.0.13.jar:/home/runner/.m2/repository/com/eclipsesource/minimal-json/minimal-json/0.9.5/minimal-json-0.9.5.jar:/home/runner/.m2/repository/io/confluent/common-utils/8.0.0/common-utils-8.0.0.jar:/home/runner/.m2/repository/io/confluent/kafka-connect-avro-converter/8.0.0/kafka-connect-avro-converter-8.0.0.jar:/home/runner/.m2/repository/io/confluent/kafka-connect-avro-data/8.0.0/kafka-connect-avro-data-8.0.0.jar:/home/runner/.m2/repository/io/confluent/kafka-schema-converter/8.0.0/kafka-schema-converter-8.0.0.jar:/home/runner/.m2/repository/io/rest-assured/rest-assured/5.5.1/rest-assured-5.5.1.jar:/home/runner/.m2/repository/org/apache/groovy/groovy/4.0.22/groovy-4.0.22.jar:/home/runner/.m2/repository/org/apache/groovy/groovy-xml/4.0.22/groovy-xml-4.0.22.jar:/home/runner/.m2/repository/org/apache/httpcomponents/httpclient/4.5.14/httpclient-4.5.14.jar:/home/runner/.m2/repository/org/apache/httpcomponents/httpcore/4.4.16/httpcore-4.4.16.jar:/home/runner/.m2/repository/org/apache/httpcomponents/httpmime/4.5.14/httpmime-4.5.14.jar:/home/runner/.m2/repository/org/hamcrest/hamcrest/2.2/hamcrest-2.2.jar:/home/runner/.m2/repository/org/ccil/cowan/tagsoup/tagsoup/1.2.1/tagsoup-1.2.1.jar:/home/runner/.m2/repository/io/rest-assured/json-path/5.5.1/json-path-5.5.1.jar:/home/runner/.m2/repository/org/apache/groovy/groovy-json/4.0.22/groovy-json-4.0.22.jar:/home/runner/.m2/repository/io/rest-assured/rest-assured-common/5.5.1/rest-assured-common-5.5.1.jar:/home/runner/.m2/repository/io/rest-assured/xml-path/5.5.1/xml-path-5.5.1.jar:/home/runner/.m2/repository/io/zonky/test/embedded-postgres/2.1.0/embedded-postgres-2.1.0.jar:/home/runner/.m2/repository/io/zonky/test/postgres/embedded-postgres-binaries-windows-amd64/14.15.0/embedded-postgres-binaries-windows-amd64-14.15.0.jar:/home/runner/.m2/repository/io/zonky/test/postgres/embedded-postgres-binaries-darwin-amd64/14.15.0/embedded-postgres-binaries-darwin-amd64-14.15.0.jar:/home/runner/.m2/repository/io/zonky/test/postgres/embedded-postgres-binaries-linux-amd64/14.15.0/embedded-postgres-binaries-linux-amd64-14.15.0.jar:/home/runner/.m2/repository/io/zonky/test/postgres/embedded-postgres-binaries-linux-amd64-alpine/14.15.0/embedded-postgres-binaries-linux-amd64-alpine-14.15.0.jar:/home/runner/.m2/repository/org/apache/commons/commons-lang3/3.17.0/commons-lang3-3.17.0.jar:/home/runner/.m2/repository/org/tukaani/xz/1.10/xz-1.10.jar:/home/runner/.m2/repository/commons-codec/commons-codec/1.19.0/commons-codec-1.19.0.jar:/home/runner/.m2/repository/org/postgresql/postgresql/42.7.7/postgresql-42.7.7.jar:/home/runner/.m2/repository/commons-io/commons-io/2.18.0/commons-io-2.18.0.jar:/home/runner/work/apicurio-testing/apicurio-testing/clusters/ci419/namespaces/pg17/tests/integration/apicurio-registry/utils/importexport/target/apicurio-registry-utils-import-export-3.0.12-SNAPSHOT.jar:/home/runner/.m2/repository/io/vertx/vertx-core/4.5.16/vertx-core-4.5.16.jar:/home/runner/.m2/repository/io/netty/netty-common/4.1.121.Final/netty-common-4.1.121.Final.jar:/home/runner/.m2/repository/io/netty/netty-buffer/4.1.121.Final/netty-buffer-4.1.121.Final.jar:/home/runner/.m2/repository/io/netty/netty-transport/4.1.121.Final/netty-transport-4.1.121.Final.jar:/home/runner/.m2/repository/io/netty/netty-handler/4.1.121.Final/netty-handler-4.1.121.Final.jar:/home/runner/.m2/repository/io/netty/netty-transport-native-unix-common/4.1.121.Final/netty-transport-native-unix-common-4.1.121.Final.jar:/home/runner/.m2/repository/io/netty/netty-codec/4.1.121.Final/netty-codec-4.1.121.Final.jar:/home/runner/.m2/repository/io/netty/netty-handler-proxy/4.1.121.Final/netty-handler-proxy-4.1.121.Final.jar:/home/runner/.m2/repository/io/netty/netty-codec-socks/4.1.121.Final/netty-codec-socks-4.1.121.Final.jar:/home/runner/.m2/repository/io/netty/netty-codec-http/4.1.121.Final/netty-codec-http-4.1.121.Final.jar:/home/runner/.m2/repository/io/netty/netty-codec-http2/4.1.121.Final/netty-codec-http2-4.1.121.Final.jar:/home/runner/.m2/repository/io/netty/netty-resolver/4.1.121.Final/netty-resolver-4.1.121.Final.jar:/home/runner/.m2/repository/io/netty/netty-resolver-dns/4.1.121.Final/netty-resolver-dns-4.1.121.Final.jar:/home/runner/.m2/repository/io/netty/netty-codec-dns/4.1.121.Final/netty-codec-dns-4.1.121.Final.jar:/home/runner/.m2/repository/com/fasterxml/jackson/core/jackson-core/2.18.2/jackson-core-2.18.2.jar:"/>
    <property name="sun.cpu.endian" value="little"/>
    <property name="user.home" value="/home/runner"/>
    <property name="user.language" value="en"/>
    <property name="jboss.log-version" value="false"/>
    <property name="java.specification.vendor" value="Oracle Corporation"/>
    <property name="java.version.date" value="2025-07-15"/>
    <property name="java.home" value="/usr/lib/jvm/temurin-17-jdk-amd64"/>
    <property name="file.separator" value="/"/>
    <property name="basedir" value="/home/runner/work/apicurio-testing/apicurio-testing/clusters/ci419/namespaces/pg17/tests/integration/apicurio-registry/integration-tests"/>
    <property name="java.vm.compressedOopsMode" value="32-bit"/>
    <property name="line.separator" value="&#10;"/>
    <property name="java.specification.name" value="Java Platform API Specification"/>
    <property name="java.vm.specification.vendor" value="Oracle Corporation"/>
    <property name="quarkus.http.test-host" value="registry-app-pg17.apps.ci419.apicurio-testing.org"/>
    <property name="surefire.real.class.path" value="/home/runner/work/apicurio-testing/apicurio-testing/clusters/ci419/namespaces/pg17/tests/integration/apicurio-registry/integration-tests/target/surefire/surefirebooter-20250813021313432_3.jar"/>
    <property name="sun.management.compiler" value="HotSpot 64-Bit Tiered Compilers"/>
    <property name="org.eclipse.jetty.http.HttpGenerator.STRICT" value="true"/>
    <property name="java.runtime.version" value="17.0.16+8"/>
    <property name="user.name" value="runner"/>
    <property name="path.separator" value=":"/>
    <property name="os.version" value="6.8.0-1031-azure"/>
    <property name="java.runtime.name" value="OpenJDK Runtime Environment"/>
    <property name="file.encoding" value="UTF-8"/>
    <property name="jnidispatch.path" value="/home/runner/.cache/JNA/temp/jna3756453415514197502.tmp"/>
    <property name="java.vm.name" value="OpenJDK 64-Bit Server VM"/>
    <property name="jna.platform.library.path" value="/usr/lib/x86_64-linux-gnu:/lib/x86_64-linux-gnu:/usr/lib64:/lib64:/usr/lib:/lib:/lib32:/usr/local/lib:/usr/lib/x86_64-linux-gnu/libfakeroot"/>
    <property name="java.vendor.version" value="Temurin-17.0.16+8"/>
    <property name="quarkus.oidc.token-path" value="https://keycloak-pg17.apps.ci419.apicurio-testing.org/realms/registry/protocol/openid-connect/token"/>
    <property name="quarkus.http.host" value="registry-app-pg17.apps.ci419.apicurio-testing.org"/>
    <property name="localRepository" value="/home/runner/.m2/repository"/>
    <property name="javax.xml.xpath.XPathFactory:http://java.sun.com/jaxp/xpath/dom" value="com.sun.org.apache.xpath.internal.jaxp.XPathFactoryImpl"/>
    <property name="jna.loaded" value="true"/>
    <property name="java.vendor.url.bug" value="https://github.com/adoptium/adoptium-support/issues"/>
    <property name="jetty.git.hash" value="5bc5e562c8d05c5862505aebe5cf83a61bdbcb96"/>
    <property name="java.io.tmpdir" value="/tmp"/>
    <property name="quarkus.http.test-protocol" value="http"/>
    <property name="java.version" value="17.0.16"/>
    <property name="user.dir" value="/home/runner/work/apicurio-testing/apicurio-testing/clusters/ci419/namespaces/pg17/tests/integration/apicurio-registry/integration-tests"/>
    <property name="os.arch" value="amd64"/>
    <property name="groups" value="( smoke | serdes | acceptance | ui)"/>
    <property name="java.vm.specification.name" value="Java Virtual Machine Specification"/>
    <property name="native.encoding" value="UTF-8"/>
    <property name="java.util.logging.manager" value="org.jboss.logmanager.LogManager"/>
    <property name="java.library.path" value="/usr/java/packages/lib:/usr/lib64:/lib64:/lib:/usr/lib"/>
    <property name="jdk.console" value="java.base"/>
    <property name="java.vm.info" value="mixed mode, sharing"/>
    <property name="java.vendor" value="Eclipse Adoptium"/>
    <property name="java.vm.version" value="17.0.16+8"/>
    <property name="java.specification.maintenance.version" value="1"/>
    <property name="sun.io.unicode.encoding" value="UnicodeLittle"/>
    <property name="javax.xml.transform.TransformerFactory" value="com.sun.org.apache.xalan.internal.xsltc.trax.TransformerFactoryImpl"/>
    <property name="java.class.version" value="61.0"/>
  </properties>
  <testcase name="testSimpleTopicIdStrategyFindLatest" classname="io.apicurio.tests.serdes.apicurio.ProtobufSerdeIT" time="1.323">
    <system-out><![CDATA[**** Registry Base URL: http://registry-app-pg17.apps.ci419.apicurio-testing.org:80
**** Registry Base URL: http://registry-app-pg17.apps.ci419.apicurio-testing.org:80
2025-08-13 02:15:32,734 INFO  [io.api.tes.ser.api.ProtobufSerdeIT] (main) RestAssured configured with http://registry-app-pg17.apps.ci419.apicurio-testing.org:80/apis/registry/v3
2025-08-13 02:15:32,787 INFO  [io.api.tes.uti.KafkaFacade] (main) Skipping deployment of kafka, because it's already deployed
2025-08-13 02:15:32,790 INFO  [io.api.tes.uti.TestSeparator] (main) ############################################################################
2025-08-13 02:15:32,790 INFO  [io.api.tes.uti.TestSeparator] (main) io.apicurio.tests.serdes.apicurio.ProtobufSerdeIT.testSimpleTopicIdStrategyFindLatest-STARTED
2025-08-13 02:15:32,790 INFO  [org.apa.kaf.cli.adm.AdminClientConfig] (main) AdminClientConfig values: 
	auto.include.jmx.reporter = true
	bootstrap.controllers = []
	bootstrap.servers = [PLAINTEXT://localhost:32769]
	client.dns.lookup = use_all_dns_ips
	client.id = 
	connections.max.idle.ms = 10000
	default.api.timeout.ms = 60000
	enable.metrics.push = true
	metadata.max.age.ms = 300000
	metadata.recovery.strategy = none
	metric.reporters = []
	metrics.num.samples = 2
	metrics.recording.level = INFO
	metrics.sample.window.ms = 30000
	receive.buffer.bytes = 65536
	reconnect.backoff.max.ms = 1000
	reconnect.backoff.ms = 50
	request.timeout.ms = 5000
	retries = 2147483647
	retry.backoff.max.ms = 1000
	retry.backoff.ms = 100
	sasl.client.callback.handler.class = null
	sasl.jaas.config = null
	sasl.kerberos.kinit.cmd = /usr/bin/kinit
	sasl.kerberos.min.time.before.relogin = 60000
	sasl.kerberos.service.name = null
	sasl.kerberos.ticket.renew.jitter = 0.05
	sasl.kerberos.ticket.renew.window.factor = 0.8
	sasl.login.callback.handler.class = null
	sasl.login.class = null
	sasl.login.connect.timeout.ms = null
	sasl.login.read.timeout.ms = null
	sasl.login.refresh.buffer.seconds = 300
	sasl.login.refresh.min.period.seconds = 60
	sasl.login.refresh.window.factor = 0.8
	sasl.login.refresh.window.jitter = 0.05
	sasl.login.retry.backoff.max.ms = 10000
	sasl.login.retry.backoff.ms = 100
	sasl.mechanism = GSSAPI
	sasl.oauthbearer.clock.skew.seconds = 30
	sasl.oauthbearer.expected.audience = null
	sasl.oauthbearer.expected.issuer = null
	sasl.oauthbearer.header.urlencode = false
	sasl.oauthbearer.jwks.endpoint.refresh.ms = 3600000
	sasl.oauthbearer.jwks.endpoint.retry.backoff.max.ms = 10000
	sasl.oauthbearer.jwks.endpoint.retry.backoff.ms = 100
	sasl.oauthbearer.jwks.endpoint.url = null
	sasl.oauthbearer.scope.claim.name = scope
	sasl.oauthbearer.sub.claim.name = sub
	sasl.oauthbearer.token.endpoint.url = null
	security.protocol = PLAINTEXT
	security.providers = null
	send.buffer.bytes = 131072
	socket.connection.setup.timeout.max.ms = 30000
	socket.connection.setup.timeout.ms = 10000
	ssl.cipher.suites = null
	ssl.enabled.protocols = [TLSv1.2, TLSv1.3]
	ssl.endpoint.identification.algorithm = https
	ssl.engine.factory.class = null
	ssl.key.password = null
	ssl.keymanager.algorithm = SunX509
	ssl.keystore.certificate.chain = null
	ssl.keystore.key = null
	ssl.keystore.location = null
	ssl.keystore.password = null
	ssl.keystore.type = JKS
	ssl.protocol = TLSv1.3
	ssl.provider = null
	ssl.secure.random.implementation = null
	ssl.trustmanager.algorithm = PKIX
	ssl.truststore.certificates = null
	ssl.truststore.location = null
	ssl.truststore.password = null
	ssl.truststore.type = JKS

2025-08-13 02:15:32,791 INFO  [org.apa.kaf.com.uti.AppInfoParser] (main) Kafka version: 3.9.1
2025-08-13 02:15:32,791 INFO  [org.apa.kaf.com.uti.AppInfoParser] (main) Kafka commitId: f745dfdcee2b9851
2025-08-13 02:15:32,791 INFO  [org.apa.kaf.com.uti.AppInfoParser] (main) Kafka startTimeMs: 1755051332791
2025-08-13 02:15:34,110 INFO  [io.api.tes.uti.TestSeparator] (main) io.apicurio.tests.serdes.apicurio.ProtobufSerdeIT.testSimpleTopicIdStrategyFindLatest-FINISHED
2025-08-13 02:15:34,110 INFO  [io.api.tes.uti.TestSeparator] (main) ############################################################################
Test passed: testSimpleTopicIdStrategyFindLatest
]]></system-out>
  </testcase>
  <testcase name="testFindLatestDeriveClassProtobufTypeTopicIdStrategy" classname="io.apicurio.tests.serdes.apicurio.ProtobufSerdeIT" time="1.072">
    <system-out><![CDATA[2025-08-13 02:15:34,111 INFO  [io.api.tes.uti.TestSeparator] (main) ############################################################################
2025-08-13 02:15:34,111 INFO  [io.api.tes.uti.TestSeparator] (main) io.apicurio.tests.serdes.apicurio.ProtobufSerdeIT.testFindLatestDeriveClassProtobufTypeTopicIdStrategy-STARTED
2025-08-13 02:15:35,182 INFO  [io.api.tes.uti.TestSeparator] (main) io.apicurio.tests.serdes.apicurio.ProtobufSerdeIT.testFindLatestDeriveClassProtobufTypeTopicIdStrategy-FINISHED
2025-08-13 02:15:35,182 INFO  [io.api.tes.uti.TestSeparator] (main) ############################################################################
Test passed: testFindLatestDeriveClassProtobufTypeTopicIdStrategy
]]></system-out>
  </testcase>
  <testcase name="testWrongSchema" classname="io.apicurio.tests.serdes.apicurio.ProtobufSerdeIT" time="1.078">
    <system-out><![CDATA[2025-08-13 02:15:35,185 INFO  [io.api.tes.uti.TestSeparator] (main) ############################################################################
2025-08-13 02:15:35,185 INFO  [io.api.tes.uti.TestSeparator] (main) io.apicurio.tests.serdes.apicurio.ProtobufSerdeIT.testWrongSchema-STARTED
2025-08-13 02:15:36,260 INFO  [io.api.tes.uti.TestSeparator] (main) io.apicurio.tests.serdes.apicurio.ProtobufSerdeIT.testWrongSchema-FINISHED
2025-08-13 02:15:36,260 INFO  [io.api.tes.uti.TestSeparator] (main) ############################################################################
Test passed: testWrongSchema
]]></system-out>
  </testcase>
  <testcase name="testTopicIdStrategyAutoRegister" classname="io.apicurio.tests.serdes.apicurio.ProtobufSerdeIT" time="4.593">
    <system-out><![CDATA[2025-08-13 02:15:36,262 INFO  [io.api.tes.uti.TestSeparator] (main) ############################################################################
2025-08-13 02:15:36,262 INFO  [io.api.tes.uti.TestSeparator] (main) io.apicurio.tests.serdes.apicurio.ProtobufSerdeIT.testTopicIdStrategyAutoRegister-STARTED
**** Registry Base URL: http://registry-app-pg17.apps.ci419.apicurio-testing.org:80
2025-08-13 02:15:36,264 INFO  [org.apa.kaf.cli.pro.ProducerConfig] (main) ProducerConfig values: 
	acks = -1
	auto.include.jmx.reporter = true
	batch.size = 16384
	bootstrap.servers = [PLAINTEXT://localhost:32769]
	buffer.memory = 33554432
	client.dns.lookup = use_all_dns_ips
	client.id = Producer-topic-e52a5b91_95ba_40e6_a00f_d1f56b9e1bad
	compression.gzip.level = -1
	compression.lz4.level = 9
	compression.type = none
	compression.zstd.level = 3
	connections.max.idle.ms = 10000
	delivery.timeout.ms = 120000
	enable.idempotence = true
	enable.metrics.push = true
	interceptor.classes = []
	key.serializer = class org.apache.kafka.common.serialization.StringSerializer
	linger.ms = 0
	max.block.ms = 60000
	max.in.flight.requests.per.connection = 5
	max.request.size = 1048576
	metadata.max.age.ms = 300000
	metadata.max.idle.ms = 300000
	metadata.recovery.strategy = none
	metric.reporters = []
	metrics.num.samples = 2
	metrics.recording.level = INFO
	metrics.sample.window.ms = 30000
	partitioner.adaptive.partitioning.enable = true
	partitioner.availability.timeout.ms = 0
	partitioner.class = null
	partitioner.ignore.keys = false
	receive.buffer.bytes = 32768
	reconnect.backoff.max.ms = 1000
	reconnect.backoff.ms = 50
	request.timeout.ms = 5000
	retries = 2147483647
	retry.backoff.max.ms = 1000
	retry.backoff.ms = 100
	sasl.client.callback.handler.class = null
	sasl.jaas.config = null
	sasl.kerberos.kinit.cmd = /usr/bin/kinit
	sasl.kerberos.min.time.before.relogin = 60000
	sasl.kerberos.service.name = null
	sasl.kerberos.ticket.renew.jitter = 0.05
	sasl.kerberos.ticket.renew.window.factor = 0.8
	sasl.login.callback.handler.class = null
	sasl.login.class = null
	sasl.login.connect.timeout.ms = null
	sasl.login.read.timeout.ms = null
	sasl.login.refresh.buffer.seconds = 300
	sasl.login.refresh.min.period.seconds = 60
	sasl.login.refresh.window.factor = 0.8
	sasl.login.refresh.window.jitter = 0.05
	sasl.login.retry.backoff.max.ms = 10000
	sasl.login.retry.backoff.ms = 100
	sasl.mechanism = GSSAPI
	sasl.oauthbearer.clock.skew.seconds = 30
	sasl.oauthbearer.expected.audience = null
	sasl.oauthbearer.expected.issuer = null
	sasl.oauthbearer.header.urlencode = false
	sasl.oauthbearer.jwks.endpoint.refresh.ms = 3600000
	sasl.oauthbearer.jwks.endpoint.retry.backoff.max.ms = 10000
	sasl.oauthbearer.jwks.endpoint.retry.backoff.ms = 100
	sasl.oauthbearer.jwks.endpoint.url = null
	sasl.oauthbearer.scope.claim.name = scope
	sasl.oauthbearer.sub.claim.name = sub
	sasl.oauthbearer.token.endpoint.url = null
	security.protocol = PLAINTEXT
	security.providers = null
	send.buffer.bytes = 131072
	socket.connection.setup.timeout.max.ms = 30000
	socket.connection.setup.timeout.ms = 10000
	ssl.cipher.suites = null
	ssl.enabled.protocols = [TLSv1.2, TLSv1.3]
	ssl.endpoint.identification.algorithm = https
	ssl.engine.factory.class = null
	ssl.key.password = null
	ssl.keymanager.algorithm = SunX509
	ssl.keystore.certificate.chain = null
	ssl.keystore.key = null
	ssl.keystore.location = null
	ssl.keystore.password = null
	ssl.keystore.type = JKS
	ssl.protocol = TLSv1.3
	ssl.provider = null
	ssl.secure.random.implementation = null
	ssl.trustmanager.algorithm = PKIX
	ssl.truststore.certificates = null
	ssl.truststore.location = null
	ssl.truststore.password = null
	ssl.truststore.type = JKS
	transaction.timeout.ms = 60000
	transactional.id = null
	value.serializer = class io.apicurio.registry.serde.protobuf.ProtobufKafkaSerializer

2025-08-13 02:15:36,265 INFO  [org.apa.kaf.com.tel.int.KafkaMetricsCollector] (main) initializing Kafka metrics collector
2025-08-13 02:15:36,272 INFO  [org.apa.kaf.cli.pro.KafkaProducer] (main) [Producer clientId=Producer-topic-e52a5b91_95ba_40e6_a00f_d1f56b9e1bad] Instantiated an idempotent producer.
2025-08-13 02:15:36,274 INFO  [org.apa.kaf.cli.pro.ProducerConfig] (main) These configurations '[apicurio.registry.url, apicurio.registry.headers.enabled, apicurio.registry.auto-register, apicurio.registry.artifact-resolver-strategy]' were supplied but are not used yet.
2025-08-13 02:15:36,274 INFO  [org.apa.kaf.com.uti.AppInfoParser] (main) Kafka version: 3.9.1
2025-08-13 02:15:36,274 INFO  [org.apa.kaf.com.uti.AppInfoParser] (main) Kafka commitId: f745dfdcee2b9851
2025-08-13 02:15:36,274 INFO  [org.apa.kaf.com.uti.AppInfoParser] (main) Kafka startTimeMs: 1755051336274
2025-08-13 02:15:36,274 INFO  [io.api.tes.ser.api.SimpleSerdesTesterBuilder$SimpleSerdesTester] (main) Using producer configuration: {apicurio.registry.url=http://registry-app-pg17.apps.ci419.apicurio-testing.org:80/apis/registry/v3, apicurio.registry.headers.enabled=true, apicurio.registry.auto-register=true, apicurio.registry.artifact-resolver-strategy=io.apicurio.registry.serde.strategy.TopicIdStrategy, value.serializer=io.apicurio.registry.serde.protobuf.ProtobufKafkaSerializer, request.timeout.ms=5000, acks=all, bootstrap.servers=PLAINTEXT://localhost:32769, connections.max.idle.ms=10000, key.serializer=org.apache.kafka.common.serialization.StringSerializer, client.id=Producer-topic-e52a5b91_95ba_40e6_a00f_d1f56b9e1bad}
2025-08-13 02:15:36,274 INFO  [io.api.tes.ser.api.SimpleSerdesTesterBuilder$SimpleSerdesTester] (main) Using consumer configuration: {apicurio.registry.headers.enabled=true}
2025-08-13 02:15:36,280 INFO  [org.apa.kaf.cli.Metadata] (kafka-producer-network-thread | Producer-topic-e52a5b91_95ba_40e6_a00f_d1f56b9e1bad) [Producer clientId=Producer-topic-e52a5b91_95ba_40e6_a00f_d1f56b9e1bad] Cluster ID: NjaB_jQRSOy2vs25Uo6hCg
2025-08-13 02:15:36,281 INFO  [org.apa.kaf.cli.pro.int.TransactionManager] (kafka-producer-network-thread | Producer-topic-e52a5b91_95ba_40e6_a00f_d1f56b9e1bad) [Producer clientId=Producer-topic-e52a5b91_95ba_40e6_a00f_d1f56b9e1bad] ProducerId set to 32 with epoch 0
2025-08-13 02:15:36,436 INFO  [io.api.tes.ser.api.KafkaSerdesTester] (Thread-779) Sending message header {
  time {
  }
}
d1: 1.755051336276E12
s1: "a"
i1: 123
bi1: 1
point {
  longitude: 22.0
  latitude: 22.0
  altitude: 1.0
}
 to topic topic-e52a5b91_95ba_40e6_a00f_d1f56b9e1bad
2025-08-13 02:15:36,626 INFO  [io.api.tes.ser.api.KafkaSerdesTester] (Thread-779) Sending message header {
  time {
  }
}
d1: 1.755051336625E12
s1: "a"
i1: 123
bi1: 1
point {
  longitude: 22.0
  latitude: 22.0
  altitude: 1.0
}
 to topic topic-e52a5b91_95ba_40e6_a00f_d1f56b9e1bad
2025-08-13 02:15:36,675 INFO  [io.api.tes.ser.api.KafkaSerdesTester] (Thread-779) Sending message header {
  time {
  }
}
d1: 1.755051336674E12
s1: "a"
i1: 123
bi1: 1
point {
  longitude: 22.0
  latitude: 22.0
  altitude: 1.0
}
 to topic topic-e52a5b91_95ba_40e6_a00f_d1f56b9e1bad
2025-08-13 02:15:36,724 INFO  [io.api.tes.ser.api.KafkaSerdesTester] (Thread-779) Sending message header {
  time {
  }
}
d1: 1.755051336724E12
s1: "a"
i1: 123
bi1: 1
point {
  longitude: 22.0
  latitude: 22.0
  altitude: 1.0
}
 to topic topic-e52a5b91_95ba_40e6_a00f_d1f56b9e1bad
2025-08-13 02:15:36,778 INFO  [io.api.tes.ser.api.KafkaSerdesTester] (Thread-779) Sending message header {
  time {
  }
}
d1: 1.755051336778E12
s1: "a"
i1: 123
bi1: 1
point {
  longitude: 22.0
  latitude: 22.0
  altitude: 1.0
}
 to topic topic-e52a5b91_95ba_40e6_a00f_d1f56b9e1bad
2025-08-13 02:15:36,827 INFO  [io.api.tes.ser.api.KafkaSerdesTester] (Thread-779) Sending message header {
  time {
  }
}
d1: 1.755051336826E12
s1: "a"
i1: 123
bi1: 1
point {
  longitude: 22.0
  latitude: 22.0
  altitude: 1.0
}
 to topic topic-e52a5b91_95ba_40e6_a00f_d1f56b9e1bad
2025-08-13 02:15:36,874 INFO  [io.api.tes.ser.api.KafkaSerdesTester] (Thread-779) Sending message header {
  time {
  }
}
d1: 1.755051336874E12
s1: "a"
i1: 123
bi1: 1
point {
  longitude: 22.0
  latitude: 22.0
  altitude: 1.0
}
 to topic topic-e52a5b91_95ba_40e6_a00f_d1f56b9e1bad
2025-08-13 02:15:36,922 INFO  [io.api.tes.ser.api.KafkaSerdesTester] (Thread-779) Sending message header {
  time {
  }
}
d1: 1.75505133692E12
s1: "a"
i1: 123
bi1: 1
point {
  longitude: 22.0
  latitude: 22.0
  altitude: 1.0
}
 to topic topic-e52a5b91_95ba_40e6_a00f_d1f56b9e1bad
2025-08-13 02:15:36,971 INFO  [io.api.tes.ser.api.KafkaSerdesTester] (Thread-779) Sending message header {
  time {
  }
}
d1: 1.755051336971E12
s1: "a"
i1: 123
bi1: 1
point {
  longitude: 22.0
  latitude: 22.0
  altitude: 1.0
}
 to topic topic-e52a5b91_95ba_40e6_a00f_d1f56b9e1bad
2025-08-13 02:15:37,018 INFO  [io.api.tes.ser.api.KafkaSerdesTester] (Thread-779) Sending message header {
  time {
  }
}
d1: 1.755051337017E12
s1: "a"
i1: 123
bi1: 1
point {
  longitude: 22.0
  latitude: 22.0
  altitude: 1.0
}
 to topic topic-e52a5b91_95ba_40e6_a00f_d1f56b9e1bad
2025-08-13 02:15:37,065 INFO  [io.api.tes.ser.api.KafkaSerdesTester] (Thread-779) Produced 10 messages
2025-08-13 02:15:37,065 INFO  [org.apa.kaf.cli.pro.KafkaProducer] (Thread-779) [Producer clientId=Producer-topic-e52a5b91_95ba_40e6_a00f_d1f56b9e1bad] Closing the Kafka producer with timeoutMillis = 9223372036854775807 ms.
2025-08-13 02:15:37,067 INFO  [org.apa.kaf.com.met.Metrics] (Thread-779) Metrics scheduler closed
2025-08-13 02:15:37,067 INFO  [org.apa.kaf.com.met.Metrics] (Thread-779) Closing reporter org.apache.kafka.common.metrics.JmxReporter
2025-08-13 02:15:37,067 INFO  [org.apa.kaf.com.met.Metrics] (Thread-779) Closing reporter org.apache.kafka.common.telemetry.internals.ClientTelemetryReporter
2025-08-13 02:15:37,067 INFO  [org.apa.kaf.com.met.Metrics] (Thread-779) Metrics reporters closed
2025-08-13 02:15:37,067 INFO  [org.apa.kaf.com.uti.AppInfoParser] (Thread-779) App info kafka.producer for Producer-topic-e52a5b91_95ba_40e6_a00f_d1f56b9e1bad unregistered
**** Registry Base URL: http://registry-app-pg17.apps.ci419.apicurio-testing.org:80
2025-08-13 02:15:37,127 INFO  [org.apa.kaf.cli.con.ConsumerConfig] (main) ConsumerConfig values: 
	allow.auto.create.topics = true
	auto.commit.interval.ms = 500
	auto.include.jmx.reporter = true
	auto.offset.reset = earliest
	bootstrap.servers = [PLAINTEXT://localhost:32769]
	check.crcs = true
	client.dns.lookup = use_all_dns_ips
	client.id = consumer-Consumer-topic-e52a5b91_95ba_40e6_a00f_d1f56b9e1bad-23
	client.rack = 
	connections.max.idle.ms = 10000
	default.api.timeout.ms = 60000
	enable.auto.commit = true
	enable.metrics.push = true
	exclude.internal.topics = true
	fetch.max.bytes = 52428800
	fetch.max.wait.ms = 500
	fetch.min.bytes = 1
	group.id = Consumer-topic-e52a5b91_95ba_40e6_a00f_d1f56b9e1bad
	group.instance.id = null
	group.protocol = classic
	group.remote.assignor = null
	heartbeat.interval.ms = 3000
	interceptor.classes = []
	internal.leave.group.on.close = true
	internal.throw.on.fetch.stable.offset.unsupported = false
	isolation.level = read_uncommitted
	key.deserializer = class org.apache.kafka.common.serialization.StringDeserializer
	max.partition.fetch.bytes = 1048576
	max.poll.interval.ms = 300000
	max.poll.records = 500
	metadata.max.age.ms = 300000
	metadata.recovery.strategy = none
	metric.reporters = []
	metrics.num.samples = 2
	metrics.recording.level = INFO
	metrics.sample.window.ms = 30000
	partition.assignment.strategy = [class org.apache.kafka.clients.consumer.RangeAssignor, class org.apache.kafka.clients.consumer.CooperativeStickyAssignor]
	receive.buffer.bytes = 65536
	reconnect.backoff.max.ms = 1000
	reconnect.backoff.ms = 50
	request.timeout.ms = 5000
	retry.backoff.max.ms = 1000
	retry.backoff.ms = 100
	sasl.client.callback.handler.class = null
	sasl.jaas.config = null
	sasl.kerberos.kinit.cmd = /usr/bin/kinit
	sasl.kerberos.min.time.before.relogin = 60000
	sasl.kerberos.service.name = null
	sasl.kerberos.ticket.renew.jitter = 0.05
	sasl.kerberos.ticket.renew.window.factor = 0.8
	sasl.login.callback.handler.class = null
	sasl.login.class = null
	sasl.login.connect.timeout.ms = null
	sasl.login.read.timeout.ms = null
	sasl.login.refresh.buffer.seconds = 300
	sasl.login.refresh.min.period.seconds = 60
	sasl.login.refresh.window.factor = 0.8
	sasl.login.refresh.window.jitter = 0.05
	sasl.login.retry.backoff.max.ms = 10000
	sasl.login.retry.backoff.ms = 100
	sasl.mechanism = GSSAPI
	sasl.oauthbearer.clock.skew.seconds = 30
	sasl.oauthbearer.expected.audience = null
	sasl.oauthbearer.expected.issuer = null
	sasl.oauthbearer.header.urlencode = false
	sasl.oauthbearer.jwks.endpoint.refresh.ms = 3600000
	sasl.oauthbearer.jwks.endpoint.retry.backoff.max.ms = 10000
	sasl.oauthbearer.jwks.endpoint.retry.backoff.ms = 100
	sasl.oauthbearer.jwks.endpoint.url = null
	sasl.oauthbearer.scope.claim.name = scope
	sasl.oauthbearer.sub.claim.name = sub
	sasl.oauthbearer.token.endpoint.url = null
	security.protocol = PLAINTEXT
	security.providers = null
	send.buffer.bytes = 131072
	session.timeout.ms = 45000
	socket.connection.setup.timeout.max.ms = 30000
	socket.connection.setup.timeout.ms = 10000
	ssl.cipher.suites = null
	ssl.enabled.protocols = [TLSv1.2, TLSv1.3]
	ssl.endpoint.identification.algorithm = https
	ssl.engine.factory.class = null
	ssl.key.password = null
	ssl.keymanager.algorithm = SunX509
	ssl.keystore.certificate.chain = null
	ssl.keystore.key = null
	ssl.keystore.location = null
	ssl.keystore.password = null
	ssl.keystore.type = JKS
	ssl.protocol = TLSv1.3
	ssl.provider = null
	ssl.secure.random.implementation = null
	ssl.trustmanager.algorithm = PKIX
	ssl.truststore.certificates = null
	ssl.truststore.location = null
	ssl.truststore.password = null
	ssl.truststore.type = JKS
	value.deserializer = class io.apicurio.registry.serde.protobuf.ProtobufKafkaDeserializer

2025-08-13 02:15:37,128 INFO  [org.apa.kaf.com.tel.int.KafkaMetricsCollector] (main) initializing Kafka metrics collector
2025-08-13 02:15:37,133 INFO  [org.apa.kaf.cli.con.ConsumerConfig] (main) These configurations '[apicurio.registry.url, apicurio.registry.headers.enabled]' were supplied but are not used yet.
2025-08-13 02:15:37,133 INFO  [org.apa.kaf.com.uti.AppInfoParser] (main) Kafka version: 3.9.1
2025-08-13 02:15:37,133 INFO  [org.apa.kaf.com.uti.AppInfoParser] (main) Kafka commitId: f745dfdcee2b9851
2025-08-13 02:15:37,133 INFO  [org.apa.kaf.com.uti.AppInfoParser] (main) Kafka startTimeMs: 1755051337133
2025-08-13 02:15:37,134 INFO  [org.apa.kaf.cli.con.int.ClassicKafkaConsumer] (Thread-782) [Consumer clientId=consumer-Consumer-topic-e52a5b91_95ba_40e6_a00f_d1f56b9e1bad-23, groupId=Consumer-topic-e52a5b91_95ba_40e6_a00f_d1f56b9e1bad] Subscribed to topic(s): topic-e52a5b91_95ba_40e6_a00f_d1f56b9e1bad
2025-08-13 02:15:37,139 INFO  [org.apa.kaf.cli.Metadata] (Thread-782) [Consumer clientId=consumer-Consumer-topic-e52a5b91_95ba_40e6_a00f_d1f56b9e1bad-23, groupId=Consumer-topic-e52a5b91_95ba_40e6_a00f_d1f56b9e1bad] Cluster ID: NjaB_jQRSOy2vs25Uo6hCg
2025-08-13 02:15:37,139 INFO  [org.apa.kaf.cli.con.int.ConsumerCoordinator] (Thread-782) [Consumer clientId=consumer-Consumer-topic-e52a5b91_95ba_40e6_a00f_d1f56b9e1bad-23, groupId=Consumer-topic-e52a5b91_95ba_40e6_a00f_d1f56b9e1bad] Discovered group coordinator localhost:32769 (id: 2147483647 rack: null)
2025-08-13 02:15:37,142 INFO  [org.apa.kaf.cli.con.int.ConsumerCoordinator] (Thread-782) [Consumer clientId=consumer-Consumer-topic-e52a5b91_95ba_40e6_a00f_d1f56b9e1bad-23, groupId=Consumer-topic-e52a5b91_95ba_40e6_a00f_d1f56b9e1bad] (Re-)joining group
2025-08-13 02:15:37,144 INFO  [org.apa.kaf.cli.con.int.ConsumerCoordinator] (Thread-782) [Consumer clientId=consumer-Consumer-topic-e52a5b91_95ba_40e6_a00f_d1f56b9e1bad-23, groupId=Consumer-topic-e52a5b91_95ba_40e6_a00f_d1f56b9e1bad] Request joining group due to: need to re-join with the given member-id: consumer-Consumer-topic-e52a5b91_95ba_40e6_a00f_d1f56b9e1bad-23-a1ca1a90-7946-4e3a-89cc-bfaa376edcbc
2025-08-13 02:15:37,144 INFO  [org.apa.kaf.cli.con.int.ConsumerCoordinator] (Thread-782) [Consumer clientId=consumer-Consumer-topic-e52a5b91_95ba_40e6_a00f_d1f56b9e1bad-23, groupId=Consumer-topic-e52a5b91_95ba_40e6_a00f_d1f56b9e1bad] (Re-)joining group
2025-08-13 02:15:38,134 INFO  [io.api.tes.ser.api.KafkaSerdesTester] (Thread-782) None found
2025-08-13 02:15:39,134 INFO  [io.api.tes.ser.api.KafkaSerdesTester] (Thread-782) None found
2025-08-13 02:15:40,135 INFO  [io.api.tes.ser.api.KafkaSerdesTester] (Thread-782) None found
2025-08-13 02:15:40,147 INFO  [org.apa.kaf.cli.con.int.ConsumerCoordinator] (Thread-782) [Consumer clientId=consumer-Consumer-topic-e52a5b91_95ba_40e6_a00f_d1f56b9e1bad-23, groupId=Consumer-topic-e52a5b91_95ba_40e6_a00f_d1f56b9e1bad] Successfully joined group with generation Generation{generationId=1, memberId='consumer-Consumer-topic-e52a5b91_95ba_40e6_a00f_d1f56b9e1bad-23-a1ca1a90-7946-4e3a-89cc-bfaa376edcbc', protocol='range'}
2025-08-13 02:15:40,147 INFO  [org.apa.kaf.cli.con.int.ConsumerCoordinator] (Thread-782) [Consumer clientId=consumer-Consumer-topic-e52a5b91_95ba_40e6_a00f_d1f56b9e1bad-23, groupId=Consumer-topic-e52a5b91_95ba_40e6_a00f_d1f56b9e1bad] Finished assignment for group at generation 1: {consumer-Consumer-topic-e52a5b91_95ba_40e6_a00f_d1f56b9e1bad-23-a1ca1a90-7946-4e3a-89cc-bfaa376edcbc=Assignment(partitions=[topic-e52a5b91_95ba_40e6_a00f_d1f56b9e1bad-0])}
2025-08-13 02:15:40,153 INFO  [org.apa.kaf.cli.con.int.ConsumerCoordinator] (Thread-782) [Consumer clientId=consumer-Consumer-topic-e52a5b91_95ba_40e6_a00f_d1f56b9e1bad-23, groupId=Consumer-topic-e52a5b91_95ba_40e6_a00f_d1f56b9e1bad] Successfully synced group in generation Generation{generationId=1, memberId='consumer-Consumer-topic-e52a5b91_95ba_40e6_a00f_d1f56b9e1bad-23-a1ca1a90-7946-4e3a-89cc-bfaa376edcbc', protocol='range'}
2025-08-13 02:15:40,153 INFO  [org.apa.kaf.cli.con.int.ConsumerCoordinator] (Thread-782) [Consumer clientId=consumer-Consumer-topic-e52a5b91_95ba_40e6_a00f_d1f56b9e1bad-23, groupId=Consumer-topic-e52a5b91_95ba_40e6_a00f_d1f56b9e1bad] Notifying assignor about the new Assignment(partitions=[topic-e52a5b91_95ba_40e6_a00f_d1f56b9e1bad-0])
2025-08-13 02:15:40,153 INFO  [org.apa.kaf.cli.con.int.ConsumerRebalanceListenerInvoker] (Thread-782) [Consumer clientId=consumer-Consumer-topic-e52a5b91_95ba_40e6_a00f_d1f56b9e1bad-23, groupId=Consumer-topic-e52a5b91_95ba_40e6_a00f_d1f56b9e1bad] Adding newly assigned partitions: topic-e52a5b91_95ba_40e6_a00f_d1f56b9e1bad-0
2025-08-13 02:15:40,155 INFO  [org.apa.kaf.cli.con.int.ConsumerCoordinator] (Thread-782) [Consumer clientId=consumer-Consumer-topic-e52a5b91_95ba_40e6_a00f_d1f56b9e1bad-23, groupId=Consumer-topic-e52a5b91_95ba_40e6_a00f_d1f56b9e1bad] Found no committed offset for partition topic-e52a5b91_95ba_40e6_a00f_d1f56b9e1bad-0
2025-08-13 02:15:40,158 INFO  [org.apa.kaf.cli.con.int.SubscriptionState] (Thread-782) [Consumer clientId=consumer-Consumer-topic-e52a5b91_95ba_40e6_a00f_d1f56b9e1bad-23, groupId=Consumer-topic-e52a5b91_95ba_40e6_a00f_d1f56b9e1bad] Resetting offset for partition topic-e52a5b91_95ba_40e6_a00f_d1f56b9e1bad-0 to position FetchPosition{offset=0, offsetEpoch=Optional.empty, currentLeader=LeaderAndEpoch{leader=Optional[localhost:32769 (id: 0 rack: null)], epoch=0}}.
2025-08-13 02:15:40,317 INFO  [io.api.tes.ser.api.KafkaSerdesTester] (Thread-782) topic-e52a5b91_95ba_40e6_a00f_d1f56b9e1bad 0 0 header {
  time {
  }
}
d1: 1.755051336276E12
s1: "a"
i1: 123
bi1: 1
point {
  longitude: 22.0
  latitude: 22.0
  altitude: 1.0
}

2025-08-13 02:15:40,317 INFO  [io.api.tes.ser.api.KafkaSerdesTester] (Thread-782) topic-e52a5b91_95ba_40e6_a00f_d1f56b9e1bad 0 1 header {
  time {
  }
}
d1: 1.755051336625E12
s1: "a"
i1: 123
bi1: 1
point {
  longitude: 22.0
  latitude: 22.0
  altitude: 1.0
}

2025-08-13 02:15:40,318 INFO  [io.api.tes.ser.api.KafkaSerdesTester] (Thread-782) topic-e52a5b91_95ba_40e6_a00f_d1f56b9e1bad 0 2 header {
  time {
  }
}
d1: 1.755051336674E12
s1: "a"
i1: 123
bi1: 1
point {
  longitude: 22.0
  latitude: 22.0
  altitude: 1.0
}

2025-08-13 02:15:40,318 INFO  [io.api.tes.ser.api.KafkaSerdesTester] (Thread-782) topic-e52a5b91_95ba_40e6_a00f_d1f56b9e1bad 0 3 header {
  time {
  }
}
d1: 1.755051336724E12
s1: "a"
i1: 123
bi1: 1
point {
  longitude: 22.0
  latitude: 22.0
  altitude: 1.0
}

2025-08-13 02:15:40,318 INFO  [io.api.tes.ser.api.KafkaSerdesTester] (Thread-782) topic-e52a5b91_95ba_40e6_a00f_d1f56b9e1bad 0 4 header {
  time {
  }
}
d1: 1.755051336778E12
s1: "a"
i1: 123
bi1: 1
point {
  longitude: 22.0
  latitude: 22.0
  altitude: 1.0
}

2025-08-13 02:15:40,321 INFO  [io.api.tes.ser.api.KafkaSerdesTester] (Thread-782) topic-e52a5b91_95ba_40e6_a00f_d1f56b9e1bad 0 5 header {
  time {
  }
}
d1: 1.755051336826E12
s1: "a"
i1: 123
bi1: 1
point {
  longitude: 22.0
  latitude: 22.0
  altitude: 1.0
}

2025-08-13 02:15:40,321 INFO  [io.api.tes.ser.api.KafkaSerdesTester] (Thread-782) topic-e52a5b91_95ba_40e6_a00f_d1f56b9e1bad 0 6 header {
  time {
  }
}
d1: 1.755051336874E12
s1: "a"
i1: 123
bi1: 1
point {
  longitude: 22.0
  latitude: 22.0
  altitude: 1.0
}

2025-08-13 02:15:40,321 INFO  [io.api.tes.ser.api.KafkaSerdesTester] (Thread-782) topic-e52a5b91_95ba_40e6_a00f_d1f56b9e1bad 0 7 header {
  time {
  }
}
d1: 1.75505133692E12
s1: "a"
i1: 123
bi1: 1
point {
  longitude: 22.0
  latitude: 22.0
  altitude: 1.0
}

2025-08-13 02:15:40,321 INFO  [io.api.tes.ser.api.KafkaSerdesTester] (Thread-782) topic-e52a5b91_95ba_40e6_a00f_d1f56b9e1bad 0 8 header {
  time {
  }
}
d1: 1.755051336971E12
s1: "a"
i1: 123
bi1: 1
point {
  longitude: 22.0
  latitude: 22.0
  altitude: 1.0
}

2025-08-13 02:15:40,322 INFO  [io.api.tes.ser.api.KafkaSerdesTester] (Thread-782) topic-e52a5b91_95ba_40e6_a00f_d1f56b9e1bad 0 9 header {
  time {
  }
}
d1: 1.755051337017E12
s1: "a"
i1: 123
bi1: 1
point {
  longitude: 22.0
  latitude: 22.0
  altitude: 1.0
}

2025-08-13 02:15:40,322 INFO  [io.api.tes.ser.api.KafkaSerdesTester] (Thread-782) Consumed 10 messages
2025-08-13 02:15:40,330 INFO  [org.apa.kaf.cli.con.int.ConsumerRebalanceListenerInvoker] (Thread-782) [Consumer clientId=consumer-Consumer-topic-e52a5b91_95ba_40e6_a00f_d1f56b9e1bad-23, groupId=Consumer-topic-e52a5b91_95ba_40e6_a00f_d1f56b9e1bad] Revoke previously assigned partitions topic-e52a5b91_95ba_40e6_a00f_d1f56b9e1bad-0
2025-08-13 02:15:40,330 INFO  [org.apa.kaf.cli.con.int.ConsumerCoordinator] (Thread-782) [Consumer clientId=consumer-Consumer-topic-e52a5b91_95ba_40e6_a00f_d1f56b9e1bad-23, groupId=Consumer-topic-e52a5b91_95ba_40e6_a00f_d1f56b9e1bad] Member consumer-Consumer-topic-e52a5b91_95ba_40e6_a00f_d1f56b9e1bad-23-a1ca1a90-7946-4e3a-89cc-bfaa376edcbc sending LeaveGroup request to coordinator localhost:32769 (id: 2147483647 rack: null) due to the consumer is being closed
2025-08-13 02:15:40,330 INFO  [org.apa.kaf.cli.con.int.ConsumerCoordinator] (Thread-782) [Consumer clientId=consumer-Consumer-topic-e52a5b91_95ba_40e6_a00f_d1f56b9e1bad-23, groupId=Consumer-topic-e52a5b91_95ba_40e6_a00f_d1f56b9e1bad] Resetting generation and member id due to: consumer pro-actively leaving the group
2025-08-13 02:15:40,330 INFO  [org.apa.kaf.cli.con.int.ConsumerCoordinator] (Thread-782) [Consumer clientId=consumer-Consumer-topic-e52a5b91_95ba_40e6_a00f_d1f56b9e1bad-23, groupId=Consumer-topic-e52a5b91_95ba_40e6_a00f_d1f56b9e1bad] Request joining group due to: consumer pro-actively leaving the group
2025-08-13 02:15:40,819 INFO  [org.apa.kaf.com.met.Metrics] (Thread-782) Metrics scheduler closed
2025-08-13 02:15:40,819 INFO  [org.apa.kaf.com.met.Metrics] (Thread-782) Closing reporter org.apache.kafka.common.metrics.JmxReporter
2025-08-13 02:15:40,819 INFO  [org.apa.kaf.com.met.Metrics] (Thread-782) Closing reporter org.apache.kafka.common.telemetry.internals.ClientTelemetryReporter
2025-08-13 02:15:40,819 INFO  [org.apa.kaf.com.met.Metrics] (Thread-782) Metrics reporters closed
2025-08-13 02:15:40,821 INFO  [org.apa.kaf.com.uti.AppInfoParser] (Thread-782) App info kafka.consumer for consumer-Consumer-topic-e52a5b91_95ba_40e6_a00f_d1f56b9e1bad-23 unregistered
2025-08-13 02:15:40,854 INFO  [io.api.tes.uti.TestSeparator] (main) io.apicurio.tests.serdes.apicurio.ProtobufSerdeIT.testTopicIdStrategyAutoRegister-FINISHED
2025-08-13 02:15:40,854 INFO  [io.api.tes.uti.TestSeparator] (main) ############################################################################
Test passed: testTopicIdStrategyAutoRegister
]]></system-out>
  </testcase>
  <testcase name="testAutoRegisterAndUseBody" classname="io.apicurio.tests.serdes.apicurio.ProtobufSerdeIT" time="4.368">
    <system-out><![CDATA[2025-08-13 02:15:40,855 INFO  [io.api.tes.uti.TestSeparator] (main) ############################################################################
2025-08-13 02:15:40,855 INFO  [io.api.tes.uti.TestSeparator] (main) io.apicurio.tests.serdes.apicurio.ProtobufSerdeIT.testAutoRegisterAndUseBody-STARTED
**** Registry Base URL: http://registry-app-pg17.apps.ci419.apicurio-testing.org:80
2025-08-13 02:15:40,859 INFO  [org.apa.kaf.cli.pro.ProducerConfig] (main) ProducerConfig values: 
	acks = -1
	auto.include.jmx.reporter = true
	batch.size = 16384
	bootstrap.servers = [PLAINTEXT://localhost:32769]
	buffer.memory = 33554432
	client.dns.lookup = use_all_dns_ips
	client.id = Producer-topic-673c3064_65f1_4dd0_9920_9a6bf6eb9e7e
	compression.gzip.level = -1
	compression.lz4.level = 9
	compression.type = none
	compression.zstd.level = 3
	connections.max.idle.ms = 10000
	delivery.timeout.ms = 120000
	enable.idempotence = true
	enable.metrics.push = true
	interceptor.classes = []
	key.serializer = class org.apache.kafka.common.serialization.StringSerializer
	linger.ms = 0
	max.block.ms = 60000
	max.in.flight.requests.per.connection = 5
	max.request.size = 1048576
	metadata.max.age.ms = 300000
	metadata.max.idle.ms = 300000
	metadata.recovery.strategy = none
	metric.reporters = []
	metrics.num.samples = 2
	metrics.recording.level = INFO
	metrics.sample.window.ms = 30000
	partitioner.adaptive.partitioning.enable = true
	partitioner.availability.timeout.ms = 0
	partitioner.class = null
	partitioner.ignore.keys = false
	receive.buffer.bytes = 32768
	reconnect.backoff.max.ms = 1000
	reconnect.backoff.ms = 50
	request.timeout.ms = 5000
	retries = 2147483647
	retry.backoff.max.ms = 1000
	retry.backoff.ms = 100
	sasl.client.callback.handler.class = null
	sasl.jaas.config = null
	sasl.kerberos.kinit.cmd = /usr/bin/kinit
	sasl.kerberos.min.time.before.relogin = 60000
	sasl.kerberos.service.name = null
	sasl.kerberos.ticket.renew.jitter = 0.05
	sasl.kerberos.ticket.renew.window.factor = 0.8
	sasl.login.callback.handler.class = null
	sasl.login.class = null
	sasl.login.connect.timeout.ms = null
	sasl.login.read.timeout.ms = null
	sasl.login.refresh.buffer.seconds = 300
	sasl.login.refresh.min.period.seconds = 60
	sasl.login.refresh.window.factor = 0.8
	sasl.login.refresh.window.jitter = 0.05
	sasl.login.retry.backoff.max.ms = 10000
	sasl.login.retry.backoff.ms = 100
	sasl.mechanism = GSSAPI
	sasl.oauthbearer.clock.skew.seconds = 30
	sasl.oauthbearer.expected.audience = null
	sasl.oauthbearer.expected.issuer = null
	sasl.oauthbearer.header.urlencode = false
	sasl.oauthbearer.jwks.endpoint.refresh.ms = 3600000
	sasl.oauthbearer.jwks.endpoint.retry.backoff.max.ms = 10000
	sasl.oauthbearer.jwks.endpoint.retry.backoff.ms = 100
	sasl.oauthbearer.jwks.endpoint.url = null
	sasl.oauthbearer.scope.claim.name = scope
	sasl.oauthbearer.sub.claim.name = sub
	sasl.oauthbearer.token.endpoint.url = null
	security.protocol = PLAINTEXT
	security.providers = null
	send.buffer.bytes = 131072
	socket.connection.setup.timeout.max.ms = 30000
	socket.connection.setup.timeout.ms = 10000
	ssl.cipher.suites = null
	ssl.enabled.protocols = [TLSv1.2, TLSv1.3]
	ssl.endpoint.identification.algorithm = https
	ssl.engine.factory.class = null
	ssl.key.password = null
	ssl.keymanager.algorithm = SunX509
	ssl.keystore.certificate.chain = null
	ssl.keystore.key = null
	ssl.keystore.location = null
	ssl.keystore.password = null
	ssl.keystore.type = JKS
	ssl.protocol = TLSv1.3
	ssl.provider = null
	ssl.secure.random.implementation = null
	ssl.trustmanager.algorithm = PKIX
	ssl.truststore.certificates = null
	ssl.truststore.location = null
	ssl.truststore.password = null
	ssl.truststore.type = JKS
	transaction.timeout.ms = 60000
	transactional.id = null
	value.serializer = class io.apicurio.registry.serde.protobuf.ProtobufKafkaSerializer

2025-08-13 02:15:40,859 INFO  [org.apa.kaf.com.tel.int.KafkaMetricsCollector] (main) initializing Kafka metrics collector
2025-08-13 02:15:40,863 INFO  [org.apa.kaf.cli.pro.KafkaProducer] (main) [Producer clientId=Producer-topic-673c3064_65f1_4dd0_9920_9a6bf6eb9e7e] Instantiated an idempotent producer.
2025-08-13 02:15:40,865 INFO  [org.apa.kaf.cli.pro.ProducerConfig] (main) These configurations '[apicurio.registry.url, apicurio.registry.auto-register, apicurio.registry.artifact-resolver-strategy]' were supplied but are not used yet.
2025-08-13 02:15:40,866 INFO  [org.apa.kaf.com.uti.AppInfoParser] (main) Kafka version: 3.9.1
2025-08-13 02:15:40,866 INFO  [org.apa.kaf.com.uti.AppInfoParser] (main) Kafka commitId: f745dfdcee2b9851
2025-08-13 02:15:40,866 INFO  [org.apa.kaf.com.uti.AppInfoParser] (main) Kafka startTimeMs: 1755051340866
2025-08-13 02:15:40,866 INFO  [io.api.tes.ser.api.SimpleSerdesTesterBuilder$SimpleSerdesTester] (main) Using producer configuration: {apicurio.registry.url=http://registry-app-pg17.apps.ci419.apicurio-testing.org:80/apis/registry/v3, apicurio.registry.auto-register=true, apicurio.registry.artifact-resolver-strategy=io.apicurio.registry.serde.strategy.TopicIdStrategy, value.serializer=io.apicurio.registry.serde.protobuf.ProtobufKafkaSerializer, request.timeout.ms=5000, acks=all, bootstrap.servers=PLAINTEXT://localhost:32769, connections.max.idle.ms=10000, key.serializer=org.apache.kafka.common.serialization.StringSerializer, client.id=Producer-topic-673c3064_65f1_4dd0_9920_9a6bf6eb9e7e}
2025-08-13 02:15:40,866 INFO  [io.api.tes.ser.api.SimpleSerdesTesterBuilder$SimpleSerdesTester] (main) Using consumer configuration: {apicurio.protobuf.derive.class=true}
2025-08-13 02:15:40,867 INFO  [io.api.tes.ser.api.KafkaSerdesTester] (Thread-785) Sending message header {
  time {
  }
}
d1: 1.755051340867E12
s1: "a"
i1: 123
bi1: 1
point {
  longitude: 22.0
  latitude: 22.0
  altitude: 1.0
}
 to topic topic-673c3064_65f1_4dd0_9920_9a6bf6eb9e7e
2025-08-13 02:15:40,869 WARN  [org.apa.kaf.cli.NetworkClient] (kafka-producer-network-thread | Producer-topic-673c3064_65f1_4dd0_9920_9a6bf6eb9e7e) [Producer clientId=Producer-topic-673c3064_65f1_4dd0_9920_9a6bf6eb9e7e] The metadata response from the cluster reported a recoverable issue with correlation id 1 : {topic-673c3064_65f1_4dd0_9920_9a6bf6eb9e7e=UNKNOWN_TOPIC_OR_PARTITION}
2025-08-13 02:15:40,870 INFO  [org.apa.kaf.cli.Metadata] (kafka-producer-network-thread | Producer-topic-673c3064_65f1_4dd0_9920_9a6bf6eb9e7e) [Producer clientId=Producer-topic-673c3064_65f1_4dd0_9920_9a6bf6eb9e7e] Cluster ID: NjaB_jQRSOy2vs25Uo6hCg
2025-08-13 02:15:40,870 INFO  [org.apa.kaf.cli.pro.int.TransactionManager] (kafka-producer-network-thread | Producer-topic-673c3064_65f1_4dd0_9920_9a6bf6eb9e7e) [Producer clientId=Producer-topic-673c3064_65f1_4dd0_9920_9a6bf6eb9e7e] ProducerId set to 33 with epoch 0
2025-08-13 02:15:41,095 INFO  [io.api.tes.ser.api.KafkaSerdesTester] (Thread-785) Sending message header {
  time {
  }
}
d1: 1.755051341095E12
s1: "a"
i1: 123
bi1: 1
point {
  longitude: 22.0
  latitude: 22.0
  altitude: 1.0
}
 to topic topic-673c3064_65f1_4dd0_9920_9a6bf6eb9e7e
2025-08-13 02:15:41,140 INFO  [io.api.tes.ser.api.KafkaSerdesTester] (Thread-785) Sending message header {
  time {
  }
}
d1: 1.75505134114E12
s1: "a"
i1: 123
bi1: 1
point {
  longitude: 22.0
  latitude: 22.0
  altitude: 1.0
}
 to topic topic-673c3064_65f1_4dd0_9920_9a6bf6eb9e7e
2025-08-13 02:15:41,186 INFO  [io.api.tes.ser.api.KafkaSerdesTester] (Thread-785) Sending message header {
  time {
  }
}
d1: 1.755051341185E12
s1: "a"
i1: 123
bi1: 1
point {
  longitude: 22.0
  latitude: 22.0
  altitude: 1.0
}
 to topic topic-673c3064_65f1_4dd0_9920_9a6bf6eb9e7e
2025-08-13 02:15:41,233 INFO  [io.api.tes.ser.api.KafkaSerdesTester] (Thread-785) Sending message header {
  time {
  }
}
d1: 1.755051341233E12
s1: "a"
i1: 123
bi1: 1
point {
  longitude: 22.0
  latitude: 22.0
  altitude: 1.0
}
 to topic topic-673c3064_65f1_4dd0_9920_9a6bf6eb9e7e
2025-08-13 02:15:41,280 INFO  [io.api.tes.ser.api.KafkaSerdesTester] (Thread-785) Sending message header {
  time {
  }
}
d1: 1.755051341279E12
s1: "a"
i1: 123
bi1: 1
point {
  longitude: 22.0
  latitude: 22.0
  altitude: 1.0
}
 to topic topic-673c3064_65f1_4dd0_9920_9a6bf6eb9e7e
2025-08-13 02:15:41,324 INFO  [io.api.tes.ser.api.KafkaSerdesTester] (Thread-785) Sending message header {
  time {
  }
}
d1: 1.755051341324E12
s1: "a"
i1: 123
bi1: 1
point {
  longitude: 22.0
  latitude: 22.0
  altitude: 1.0
}
 to topic topic-673c3064_65f1_4dd0_9920_9a6bf6eb9e7e
2025-08-13 02:15:41,367 INFO  [io.api.tes.ser.api.KafkaSerdesTester] (Thread-785) Sending message header {
  time {
  }
}
d1: 1.755051341367E12
s1: "a"
i1: 123
bi1: 1
point {
  longitude: 22.0
  latitude: 22.0
  altitude: 1.0
}
 to topic topic-673c3064_65f1_4dd0_9920_9a6bf6eb9e7e
2025-08-13 02:15:41,410 INFO  [io.api.tes.ser.api.KafkaSerdesTester] (Thread-785) Sending message header {
  time {
  }
}
d1: 1.75505134141E12
s1: "a"
i1: 123
bi1: 1
point {
  longitude: 22.0
  latitude: 22.0
  altitude: 1.0
}
 to topic topic-673c3064_65f1_4dd0_9920_9a6bf6eb9e7e
2025-08-13 02:15:41,458 INFO  [io.api.tes.ser.api.KafkaSerdesTester] (Thread-785) Sending message header {
  time {
  }
}
d1: 1.755051341458E12
s1: "a"
i1: 123
bi1: 1
point {
  longitude: 22.0
  latitude: 22.0
  altitude: 1.0
}
 to topic topic-673c3064_65f1_4dd0_9920_9a6bf6eb9e7e
2025-08-13 02:15:41,502 INFO  [io.api.tes.ser.api.KafkaSerdesTester] (Thread-785) Produced 10 messages
2025-08-13 02:15:41,502 INFO  [org.apa.kaf.cli.pro.KafkaProducer] (Thread-785) [Producer clientId=Producer-topic-673c3064_65f1_4dd0_9920_9a6bf6eb9e7e] Closing the Kafka producer with timeoutMillis = 9223372036854775807 ms.
2025-08-13 02:15:41,503 INFO  [org.apa.kaf.com.met.Metrics] (Thread-785) Metrics scheduler closed
2025-08-13 02:15:41,503 INFO  [org.apa.kaf.com.met.Metrics] (Thread-785) Closing reporter org.apache.kafka.common.metrics.JmxReporter
2025-08-13 02:15:41,503 INFO  [org.apa.kaf.com.met.Metrics] (Thread-785) Closing reporter org.apache.kafka.common.telemetry.internals.ClientTelemetryReporter
2025-08-13 02:15:41,503 INFO  [org.apa.kaf.com.met.Metrics] (Thread-785) Metrics reporters closed
2025-08-13 02:15:41,503 INFO  [org.apa.kaf.com.uti.AppInfoParser] (Thread-785) App info kafka.producer for Producer-topic-673c3064_65f1_4dd0_9920_9a6bf6eb9e7e unregistered
**** Registry Base URL: http://registry-app-pg17.apps.ci419.apicurio-testing.org:80
2025-08-13 02:15:41,558 INFO  [org.apa.kaf.cli.con.ConsumerConfig] (main) ConsumerConfig values: 
	allow.auto.create.topics = true
	auto.commit.interval.ms = 500
	auto.include.jmx.reporter = true
	auto.offset.reset = earliest
	bootstrap.servers = [PLAINTEXT://localhost:32769]
	check.crcs = true
	client.dns.lookup = use_all_dns_ips
	client.id = consumer-Consumer-topic-673c3064_65f1_4dd0_9920_9a6bf6eb9e7e-24
	client.rack = 
	connections.max.idle.ms = 10000
	default.api.timeout.ms = 60000
	enable.auto.commit = true
	enable.metrics.push = true
	exclude.internal.topics = true
	fetch.max.bytes = 52428800
	fetch.max.wait.ms = 500
	fetch.min.bytes = 1
	group.id = Consumer-topic-673c3064_65f1_4dd0_9920_9a6bf6eb9e7e
	group.instance.id = null
	group.protocol = classic
	group.remote.assignor = null
	heartbeat.interval.ms = 3000
	interceptor.classes = []
	internal.leave.group.on.close = true
	internal.throw.on.fetch.stable.offset.unsupported = false
	isolation.level = read_uncommitted
	key.deserializer = class org.apache.kafka.common.serialization.StringDeserializer
	max.partition.fetch.bytes = 1048576
	max.poll.interval.ms = 300000
	max.poll.records = 500
	metadata.max.age.ms = 300000
	metadata.recovery.strategy = none
	metric.reporters = []
	metrics.num.samples = 2
	metrics.recording.level = INFO
	metrics.sample.window.ms = 30000
	partition.assignment.strategy = [class org.apache.kafka.clients.consumer.RangeAssignor, class org.apache.kafka.clients.consumer.CooperativeStickyAssignor]
	receive.buffer.bytes = 65536
	reconnect.backoff.max.ms = 1000
	reconnect.backoff.ms = 50
	request.timeout.ms = 5000
	retry.backoff.max.ms = 1000
	retry.backoff.ms = 100
	sasl.client.callback.handler.class = null
	sasl.jaas.config = null
	sasl.kerberos.kinit.cmd = /usr/bin/kinit
	sasl.kerberos.min.time.before.relogin = 60000
	sasl.kerberos.service.name = null
	sasl.kerberos.ticket.renew.jitter = 0.05
	sasl.kerberos.ticket.renew.window.factor = 0.8
	sasl.login.callback.handler.class = null
	sasl.login.class = null
	sasl.login.connect.timeout.ms = null
	sasl.login.read.timeout.ms = null
	sasl.login.refresh.buffer.seconds = 300
	sasl.login.refresh.min.period.seconds = 60
	sasl.login.refresh.window.factor = 0.8
	sasl.login.refresh.window.jitter = 0.05
	sasl.login.retry.backoff.max.ms = 10000
	sasl.login.retry.backoff.ms = 100
	sasl.mechanism = GSSAPI
	sasl.oauthbearer.clock.skew.seconds = 30
	sasl.oauthbearer.expected.audience = null
	sasl.oauthbearer.expected.issuer = null
	sasl.oauthbearer.header.urlencode = false
	sasl.oauthbearer.jwks.endpoint.refresh.ms = 3600000
	sasl.oauthbearer.jwks.endpoint.retry.backoff.max.ms = 10000
	sasl.oauthbearer.jwks.endpoint.retry.backoff.ms = 100
	sasl.oauthbearer.jwks.endpoint.url = null
	sasl.oauthbearer.scope.claim.name = scope
	sasl.oauthbearer.sub.claim.name = sub
	sasl.oauthbearer.token.endpoint.url = null
	security.protocol = PLAINTEXT
	security.providers = null
	send.buffer.bytes = 131072
	session.timeout.ms = 45000
	socket.connection.setup.timeout.max.ms = 30000
	socket.connection.setup.timeout.ms = 10000
	ssl.cipher.suites = null
	ssl.enabled.protocols = [TLSv1.2, TLSv1.3]
	ssl.endpoint.identification.algorithm = https
	ssl.engine.factory.class = null
	ssl.key.password = null
	ssl.keymanager.algorithm = SunX509
	ssl.keystore.certificate.chain = null
	ssl.keystore.key = null
	ssl.keystore.location = null
	ssl.keystore.password = null
	ssl.keystore.type = JKS
	ssl.protocol = TLSv1.3
	ssl.provider = null
	ssl.secure.random.implementation = null
	ssl.trustmanager.algorithm = PKIX
	ssl.truststore.certificates = null
	ssl.truststore.location = null
	ssl.truststore.password = null
	ssl.truststore.type = JKS
	value.deserializer = class io.apicurio.registry.serde.protobuf.ProtobufKafkaDeserializer

2025-08-13 02:15:41,558 INFO  [org.apa.kaf.com.tel.int.KafkaMetricsCollector] (main) initializing Kafka metrics collector
2025-08-13 02:15:41,562 INFO  [org.apa.kaf.cli.con.ConsumerConfig] (main) These configurations '[apicurio.registry.url, apicurio.protobuf.derive.class]' were supplied but are not used yet.
2025-08-13 02:15:41,562 INFO  [org.apa.kaf.com.uti.AppInfoParser] (main) Kafka version: 3.9.1
2025-08-13 02:15:41,562 INFO  [org.apa.kaf.com.uti.AppInfoParser] (main) Kafka commitId: f745dfdcee2b9851
2025-08-13 02:15:41,562 INFO  [org.apa.kaf.com.uti.AppInfoParser] (main) Kafka startTimeMs: 1755051341562
2025-08-13 02:15:41,562 INFO  [org.apa.kaf.cli.con.int.ClassicKafkaConsumer] (Thread-788) [Consumer clientId=consumer-Consumer-topic-673c3064_65f1_4dd0_9920_9a6bf6eb9e7e-24, groupId=Consumer-topic-673c3064_65f1_4dd0_9920_9a6bf6eb9e7e] Subscribed to topic(s): topic-673c3064_65f1_4dd0_9920_9a6bf6eb9e7e
2025-08-13 02:15:41,565 INFO  [org.apa.kaf.cli.Metadata] (Thread-788) [Consumer clientId=consumer-Consumer-topic-673c3064_65f1_4dd0_9920_9a6bf6eb9e7e-24, groupId=Consumer-topic-673c3064_65f1_4dd0_9920_9a6bf6eb9e7e] Cluster ID: NjaB_jQRSOy2vs25Uo6hCg
2025-08-13 02:15:41,566 INFO  [org.apa.kaf.cli.con.int.ConsumerCoordinator] (Thread-788) [Consumer clientId=consumer-Consumer-topic-673c3064_65f1_4dd0_9920_9a6bf6eb9e7e-24, groupId=Consumer-topic-673c3064_65f1_4dd0_9920_9a6bf6eb9e7e] Discovered group coordinator localhost:32769 (id: 2147483647 rack: null)
2025-08-13 02:15:41,567 INFO  [org.apa.kaf.cli.con.int.ConsumerCoordinator] (Thread-788) [Consumer clientId=consumer-Consumer-topic-673c3064_65f1_4dd0_9920_9a6bf6eb9e7e-24, groupId=Consumer-topic-673c3064_65f1_4dd0_9920_9a6bf6eb9e7e] (Re-)joining group
2025-08-13 02:15:41,569 INFO  [org.apa.kaf.cli.con.int.ConsumerCoordinator] (Thread-788) [Consumer clientId=consumer-Consumer-topic-673c3064_65f1_4dd0_9920_9a6bf6eb9e7e-24, groupId=Consumer-topic-673c3064_65f1_4dd0_9920_9a6bf6eb9e7e] Request joining group due to: need to re-join with the given member-id: consumer-Consumer-topic-673c3064_65f1_4dd0_9920_9a6bf6eb9e7e-24-51b9f79f-e45b-407b-829c-f39abd9e142a
2025-08-13 02:15:41,569 INFO  [org.apa.kaf.cli.con.int.ConsumerCoordinator] (Thread-788) [Consumer clientId=consumer-Consumer-topic-673c3064_65f1_4dd0_9920_9a6bf6eb9e7e-24, groupId=Consumer-topic-673c3064_65f1_4dd0_9920_9a6bf6eb9e7e] (Re-)joining group
2025-08-13 02:15:42,562 INFO  [io.api.tes.ser.api.KafkaSerdesTester] (Thread-788) None found
2025-08-13 02:15:43,562 INFO  [io.api.tes.ser.api.KafkaSerdesTester] (Thread-788) None found
2025-08-13 02:15:44,563 INFO  [io.api.tes.ser.api.KafkaSerdesTester] (Thread-788) None found
2025-08-13 02:15:44,570 INFO  [org.apa.kaf.cli.con.int.ConsumerCoordinator] (Thread-788) [Consumer clientId=consumer-Consumer-topic-673c3064_65f1_4dd0_9920_9a6bf6eb9e7e-24, groupId=Consumer-topic-673c3064_65f1_4dd0_9920_9a6bf6eb9e7e] Successfully joined group with generation Generation{generationId=1, memberId='consumer-Consumer-topic-673c3064_65f1_4dd0_9920_9a6bf6eb9e7e-24-51b9f79f-e45b-407b-829c-f39abd9e142a', protocol='range'}
2025-08-13 02:15:44,570 INFO  [org.apa.kaf.cli.con.int.ConsumerCoordinator] (Thread-788) [Consumer clientId=consumer-Consumer-topic-673c3064_65f1_4dd0_9920_9a6bf6eb9e7e-24, groupId=Consumer-topic-673c3064_65f1_4dd0_9920_9a6bf6eb9e7e] Finished assignment for group at generation 1: {consumer-Consumer-topic-673c3064_65f1_4dd0_9920_9a6bf6eb9e7e-24-51b9f79f-e45b-407b-829c-f39abd9e142a=Assignment(partitions=[topic-673c3064_65f1_4dd0_9920_9a6bf6eb9e7e-0])}
2025-08-13 02:15:44,577 INFO  [org.apa.kaf.cli.con.int.ConsumerCoordinator] (Thread-788) [Consumer clientId=consumer-Consumer-topic-673c3064_65f1_4dd0_9920_9a6bf6eb9e7e-24, groupId=Consumer-topic-673c3064_65f1_4dd0_9920_9a6bf6eb9e7e] Successfully synced group in generation Generation{generationId=1, memberId='consumer-Consumer-topic-673c3064_65f1_4dd0_9920_9a6bf6eb9e7e-24-51b9f79f-e45b-407b-829c-f39abd9e142a', protocol='range'}
2025-08-13 02:15:44,577 INFO  [org.apa.kaf.cli.con.int.ConsumerCoordinator] (Thread-788) [Consumer clientId=consumer-Consumer-topic-673c3064_65f1_4dd0_9920_9a6bf6eb9e7e-24, groupId=Consumer-topic-673c3064_65f1_4dd0_9920_9a6bf6eb9e7e] Notifying assignor about the new Assignment(partitions=[topic-673c3064_65f1_4dd0_9920_9a6bf6eb9e7e-0])
2025-08-13 02:15:44,577 INFO  [org.apa.kaf.cli.con.int.ConsumerRebalanceListenerInvoker] (Thread-788) [Consumer clientId=consumer-Consumer-topic-673c3064_65f1_4dd0_9920_9a6bf6eb9e7e-24, groupId=Consumer-topic-673c3064_65f1_4dd0_9920_9a6bf6eb9e7e] Adding newly assigned partitions: topic-673c3064_65f1_4dd0_9920_9a6bf6eb9e7e-0
2025-08-13 02:15:44,578 INFO  [org.apa.kaf.cli.con.int.ConsumerCoordinator] (Thread-788) [Consumer clientId=consumer-Consumer-topic-673c3064_65f1_4dd0_9920_9a6bf6eb9e7e-24, groupId=Consumer-topic-673c3064_65f1_4dd0_9920_9a6bf6eb9e7e] Found no committed offset for partition topic-673c3064_65f1_4dd0_9920_9a6bf6eb9e7e-0
2025-08-13 02:15:44,580 INFO  [org.apa.kaf.cli.con.int.SubscriptionState] (Thread-788) [Consumer clientId=consumer-Consumer-topic-673c3064_65f1_4dd0_9920_9a6bf6eb9e7e-24, groupId=Consumer-topic-673c3064_65f1_4dd0_9920_9a6bf6eb9e7e] Resetting offset for partition topic-673c3064_65f1_4dd0_9920_9a6bf6eb9e7e-0 to position FetchPosition{offset=0, offsetEpoch=Optional.empty, currentLeader=LeaderAndEpoch{leader=Optional[localhost:32769 (id: 0 rack: null)], epoch=0}}.
2025-08-13 02:15:44,718 INFO  [io.api.tes.ser.api.KafkaSerdesTester] (Thread-788) topic-673c3064_65f1_4dd0_9920_9a6bf6eb9e7e 0 0 header {
  time {
  }
}
d1: 1.755051340867E12
s1: "a"
i1: 123
bi1: 1
point {
  longitude: 22.0
  latitude: 22.0
  altitude: 1.0
}

2025-08-13 02:15:44,718 INFO  [io.api.tes.ser.api.KafkaSerdesTester] (Thread-788) topic-673c3064_65f1_4dd0_9920_9a6bf6eb9e7e 0 1 header {
  time {
  }
}
d1: 1.755051341095E12
s1: "a"
i1: 123
bi1: 1
point {
  longitude: 22.0
  latitude: 22.0
  altitude: 1.0
}

2025-08-13 02:15:44,718 INFO  [io.api.tes.ser.api.KafkaSerdesTester] (Thread-788) topic-673c3064_65f1_4dd0_9920_9a6bf6eb9e7e 0 2 header {
  time {
  }
}
d1: 1.75505134114E12
s1: "a"
i1: 123
bi1: 1
point {
  longitude: 22.0
  latitude: 22.0
  altitude: 1.0
}

2025-08-13 02:15:44,718 INFO  [io.api.tes.ser.api.KafkaSerdesTester] (Thread-788) topic-673c3064_65f1_4dd0_9920_9a6bf6eb9e7e 0 3 header {
  time {
  }
}
d1: 1.755051341185E12
s1: "a"
i1: 123
bi1: 1
point {
  longitude: 22.0
  latitude: 22.0
  altitude: 1.0
}

2025-08-13 02:15:44,721 INFO  [io.api.tes.ser.api.KafkaSerdesTester] (Thread-788) topic-673c3064_65f1_4dd0_9920_9a6bf6eb9e7e 0 4 header {
  time {
  }
}
d1: 1.755051341233E12
s1: "a"
i1: 123
bi1: 1
point {
  longitude: 22.0
  latitude: 22.0
  altitude: 1.0
}

2025-08-13 02:15:44,721 INFO  [io.api.tes.ser.api.KafkaSerdesTester] (Thread-788) topic-673c3064_65f1_4dd0_9920_9a6bf6eb9e7e 0 5 header {
  time {
  }
}
d1: 1.755051341279E12
s1: "a"
i1: 123
bi1: 1
point {
  longitude: 22.0
  latitude: 22.0
  altitude: 1.0
}

2025-08-13 02:15:44,722 INFO  [io.api.tes.ser.api.KafkaSerdesTester] (Thread-788) topic-673c3064_65f1_4dd0_9920_9a6bf6eb9e7e 0 6 header {
  time {
  }
}
d1: 1.755051341324E12
s1: "a"
i1: 123
bi1: 1
point {
  longitude: 22.0
  latitude: 22.0
  altitude: 1.0
}

2025-08-13 02:15:44,722 INFO  [io.api.tes.ser.api.KafkaSerdesTester] (Thread-788) topic-673c3064_65f1_4dd0_9920_9a6bf6eb9e7e 0 7 header {
  time {
  }
}
d1: 1.755051341367E12
s1: "a"
i1: 123
bi1: 1
point {
  longitude: 22.0
  latitude: 22.0
  altitude: 1.0
}

2025-08-13 02:15:44,722 INFO  [io.api.tes.ser.api.KafkaSerdesTester] (Thread-788) topic-673c3064_65f1_4dd0_9920_9a6bf6eb9e7e 0 8 header {
  time {
  }
}
d1: 1.75505134141E12
s1: "a"
i1: 123
bi1: 1
point {
  longitude: 22.0
  latitude: 22.0
  altitude: 1.0
}

2025-08-13 02:15:44,722 INFO  [io.api.tes.ser.api.KafkaSerdesTester] (Thread-788) topic-673c3064_65f1_4dd0_9920_9a6bf6eb9e7e 0 9 header {
  time {
  }
}
d1: 1.755051341458E12
s1: "a"
i1: 123
bi1: 1
point {
  longitude: 22.0
  latitude: 22.0
  altitude: 1.0
}

2025-08-13 02:15:44,722 INFO  [io.api.tes.ser.api.KafkaSerdesTester] (Thread-788) Consumed 10 messages
2025-08-13 02:15:44,731 INFO  [org.apa.kaf.cli.con.int.ConsumerRebalanceListenerInvoker] (Thread-788) [Consumer clientId=consumer-Consumer-topic-673c3064_65f1_4dd0_9920_9a6bf6eb9e7e-24, groupId=Consumer-topic-673c3064_65f1_4dd0_9920_9a6bf6eb9e7e] Revoke previously assigned partitions topic-673c3064_65f1_4dd0_9920_9a6bf6eb9e7e-0
2025-08-13 02:15:44,731 INFO  [org.apa.kaf.cli.con.int.ConsumerCoordinator] (Thread-788) [Consumer clientId=consumer-Consumer-topic-673c3064_65f1_4dd0_9920_9a6bf6eb9e7e-24, groupId=Consumer-topic-673c3064_65f1_4dd0_9920_9a6bf6eb9e7e] Member consumer-Consumer-topic-673c3064_65f1_4dd0_9920_9a6bf6eb9e7e-24-51b9f79f-e45b-407b-829c-f39abd9e142a sending LeaveGroup request to coordinator localhost:32769 (id: 2147483647 rack: null) due to the consumer is being closed
2025-08-13 02:15:44,732 INFO  [org.apa.kaf.cli.con.int.ConsumerCoordinator] (Thread-788) [Consumer clientId=consumer-Consumer-topic-673c3064_65f1_4dd0_9920_9a6bf6eb9e7e-24, groupId=Consumer-topic-673c3064_65f1_4dd0_9920_9a6bf6eb9e7e] Resetting generation and member id due to: consumer pro-actively leaving the group
2025-08-13 02:15:44,732 INFO  [org.apa.kaf.cli.con.int.ConsumerCoordinator] (Thread-788) [Consumer clientId=consumer-Consumer-topic-673c3064_65f1_4dd0_9920_9a6bf6eb9e7e-24, groupId=Consumer-topic-673c3064_65f1_4dd0_9920_9a6bf6eb9e7e] Request joining group due to: consumer pro-actively leaving the group
2025-08-13 02:15:45,220 INFO  [org.apa.kaf.com.met.Metrics] (Thread-788) Metrics scheduler closed
2025-08-13 02:15:45,220 INFO  [org.apa.kaf.com.met.Metrics] (Thread-788) Closing reporter org.apache.kafka.common.metrics.JmxReporter
2025-08-13 02:15:45,220 INFO  [org.apa.kaf.com.met.Metrics] (Thread-788) Closing reporter org.apache.kafka.common.telemetry.internals.ClientTelemetryReporter
2025-08-13 02:15:45,220 INFO  [org.apa.kaf.com.met.Metrics] (Thread-788) Metrics reporters closed
2025-08-13 02:15:45,222 INFO  [org.apa.kaf.com.uti.AppInfoParser] (Thread-788) App info kafka.consumer for consumer-Consumer-topic-673c3064_65f1_4dd0_9920_9a6bf6eb9e7e-24 unregistered
2025-08-13 02:15:45,222 INFO  [io.api.tes.uti.TestSeparator] (main) io.apicurio.tests.serdes.apicurio.ProtobufSerdeIT.testAutoRegisterAndUseBody-FINISHED
2025-08-13 02:15:45,222 INFO  [io.api.tes.uti.TestSeparator] (main) ############################################################################
Test passed: testAutoRegisterAndUseBody
]]></system-out>
  </testcase>
  <testcase name="testValidation" classname="io.apicurio.tests.serdes.apicurio.ProtobufSerdeIT" time="22.134">
    <system-out><![CDATA[2025-08-13 02:15:45,224 INFO  [io.api.tes.uti.TestSeparator] (main) ############################################################################
2025-08-13 02:15:45,224 INFO  [io.api.tes.uti.TestSeparator] (main) io.apicurio.tests.serdes.apicurio.ProtobufSerdeIT.testValidation-STARTED
**** Registry Base URL: http://registry-app-pg17.apps.ci419.apicurio-testing.org:80
2025-08-13 02:15:47,378 INFO  [org.apa.kaf.cli.pro.ProducerConfig] (main) ProducerConfig values: 
	acks = -1
	auto.include.jmx.reporter = true
	batch.size = 16384
	bootstrap.servers = [PLAINTEXT://localhost:32769]
	buffer.memory = 33554432
	client.dns.lookup = use_all_dns_ips
	client.id = Producer-s810763a9xd672x4d1exa9faxd52c11e81f89
	compression.gzip.level = -1
	compression.lz4.level = 9
	compression.type = none
	compression.zstd.level = 3
	connections.max.idle.ms = 10000
	delivery.timeout.ms = 120000
	enable.idempotence = true
	enable.metrics.push = true
	interceptor.classes = []
	key.serializer = class org.apache.kafka.common.serialization.StringSerializer
	linger.ms = 0
	max.block.ms = 60000
	max.in.flight.requests.per.connection = 5
	max.request.size = 1048576
	metadata.max.age.ms = 300000
	metadata.max.idle.ms = 300000
	metadata.recovery.strategy = none
	metric.reporters = []
	metrics.num.samples = 2
	metrics.recording.level = INFO
	metrics.sample.window.ms = 30000
	partitioner.adaptive.partitioning.enable = true
	partitioner.availability.timeout.ms = 0
	partitioner.class = null
	partitioner.ignore.keys = false
	receive.buffer.bytes = 32768
	reconnect.backoff.max.ms = 1000
	reconnect.backoff.ms = 50
	request.timeout.ms = 5000
	retries = 2147483647
	retry.backoff.max.ms = 1000
	retry.backoff.ms = 100
	sasl.client.callback.handler.class = null
	sasl.jaas.config = null
	sasl.kerberos.kinit.cmd = /usr/bin/kinit
	sasl.kerberos.min.time.before.relogin = 60000
	sasl.kerberos.service.name = null
	sasl.kerberos.ticket.renew.jitter = 0.05
	sasl.kerberos.ticket.renew.window.factor = 0.8
	sasl.login.callback.handler.class = null
	sasl.login.class = null
	sasl.login.connect.timeout.ms = null
	sasl.login.read.timeout.ms = null
	sasl.login.refresh.buffer.seconds = 300
	sasl.login.refresh.min.period.seconds = 60
	sasl.login.refresh.window.factor = 0.8
	sasl.login.refresh.window.jitter = 0.05
	sasl.login.retry.backoff.max.ms = 10000
	sasl.login.retry.backoff.ms = 100
	sasl.mechanism = GSSAPI
	sasl.oauthbearer.clock.skew.seconds = 30
	sasl.oauthbearer.expected.audience = null
	sasl.oauthbearer.expected.issuer = null
	sasl.oauthbearer.header.urlencode = false
	sasl.oauthbearer.jwks.endpoint.refresh.ms = 3600000
	sasl.oauthbearer.jwks.endpoint.retry.backoff.max.ms = 10000
	sasl.oauthbearer.jwks.endpoint.retry.backoff.ms = 100
	sasl.oauthbearer.jwks.endpoint.url = null
	sasl.oauthbearer.scope.claim.name = scope
	sasl.oauthbearer.sub.claim.name = sub
	sasl.oauthbearer.token.endpoint.url = null
	security.protocol = PLAINTEXT
	security.providers = null
	send.buffer.bytes = 131072
	socket.connection.setup.timeout.max.ms = 30000
	socket.connection.setup.timeout.ms = 10000
	ssl.cipher.suites = null
	ssl.enabled.protocols = [TLSv1.2, TLSv1.3]
	ssl.endpoint.identification.algorithm = https
	ssl.engine.factory.class = null
	ssl.key.password = null
	ssl.keymanager.algorithm = SunX509
	ssl.keystore.certificate.chain = null
	ssl.keystore.key = null
	ssl.keystore.location = null
	ssl.keystore.password = null
	ssl.keystore.type = JKS
	ssl.protocol = TLSv1.3
	ssl.provider = null
	ssl.secure.random.implementation = null
	ssl.trustmanager.algorithm = PKIX
	ssl.truststore.certificates = null
	ssl.truststore.location = null
	ssl.truststore.password = null
	ssl.truststore.type = JKS
	transaction.timeout.ms = 60000
	transactional.id = null
	value.serializer = class io.apicurio.registry.serde.protobuf.ProtobufKafkaSerializer

2025-08-13 02:15:47,378 INFO  [org.apa.kaf.com.tel.int.KafkaMetricsCollector] (main) initializing Kafka metrics collector
2025-08-13 02:15:47,380 INFO  [org.apa.kaf.cli.pro.KafkaProducer] (main) [Producer clientId=Producer-s810763a9xd672x4d1exa9faxd52c11e81f89] Instantiated an idempotent producer.
2025-08-13 02:15:47,381 INFO  [org.apa.kaf.cli.pro.ProducerConfig] (main) These configurations '[apicurio.registry.headers.enabled, apicurio.registry.find-latest, apicurio.registry.url, apicurio.registry.artifact-resolver-strategy, apicurio.registry.artifact.version]' were supplied but are not used yet.
2025-08-13 02:15:47,381 INFO  [org.apa.kaf.com.uti.AppInfoParser] (main) Kafka version: 3.9.1
2025-08-13 02:15:47,381 INFO  [org.apa.kaf.com.uti.AppInfoParser] (main) Kafka commitId: f745dfdcee2b9851
2025-08-13 02:15:47,381 INFO  [org.apa.kaf.com.uti.AppInfoParser] (main) Kafka startTimeMs: 1755051347381
2025-08-13 02:15:47,381 INFO  [io.api.tes.ser.api.SimpleSerdesTesterBuilder$SimpleSerdesTester] (main) Using producer configuration: {apicurio.registry.headers.enabled=true, request.timeout.ms=5000, acks=all, bootstrap.servers=PLAINTEXT://localhost:32769, key.serializer=org.apache.kafka.common.serialization.StringSerializer, apicurio.registry.find-latest=false, apicurio.registry.url=http://registry-app-pg17.apps.ci419.apicurio-testing.org:80/apis/registry/v3, apicurio.registry.artifact-resolver-strategy=io.apicurio.registry.serde.strategy.TopicIdStrategy, value.serializer=io.apicurio.registry.serde.protobuf.ProtobufKafkaSerializer, connections.max.idle.ms=10000, apicurio.registry.artifact.version=1, client.id=Producer-s810763a9xd672x4d1exa9faxd52c11e81f89}
2025-08-13 02:15:47,381 INFO  [io.api.tes.ser.api.SimpleSerdesTesterBuilder$SimpleSerdesTester] (main) Using consumer configuration: {apicurio.registry.headers.enabled=true}
2025-08-13 02:15:47,382 INFO  [io.api.tes.ser.api.KafkaSerdesTester] (Thread-791) Sending message header {
  time {
  }
}
d1: 1.755051347382E12
s1: "a"
i1: 123
bi1: 1
point {
  longitude: 22.0
  latitude: 22.0
  altitude: 1.0
}
 to topic s810763a9xd672x4d1exa9faxd52c11e81f89
2025-08-13 02:15:47,385 INFO  [org.apa.kaf.cli.Metadata] (kafka-producer-network-thread | Producer-s810763a9xd672x4d1exa9faxd52c11e81f89) [Producer clientId=Producer-s810763a9xd672x4d1exa9faxd52c11e81f89] Cluster ID: NjaB_jQRSOy2vs25Uo6hCg
2025-08-13 02:15:47,385 INFO  [org.apa.kaf.cli.pro.int.TransactionManager] (kafka-producer-network-thread | Producer-s810763a9xd672x4d1exa9faxd52c11e81f89) [Producer clientId=Producer-s810763a9xd672x4d1exa9faxd52c11e81f89] ProducerId set to 34 with epoch 0
2025-08-13 02:15:48,535 INFO  [io.api.tes.ser.api.KafkaSerdesTester] (Thread-791) Sending message header {
  time {
  }
}
d1: 1.755051348535E12
s1: "a"
i1: 123
bi1: 1
point {
  longitude: 22.0
  latitude: 22.0
  altitude: 1.0
}
 to topic s810763a9xd672x4d1exa9faxd52c11e81f89
2025-08-13 02:15:48,539 INFO  [io.api.tes.ser.api.KafkaSerdesTester] (Thread-791) Sending message header {
  time {
  }
}
d1: 1.755051348539E12
s1: "a"
i1: 123
bi1: 1
point {
  longitude: 22.0
  latitude: 22.0
  altitude: 1.0
}
 to topic s810763a9xd672x4d1exa9faxd52c11e81f89
2025-08-13 02:15:48,542 INFO  [io.api.tes.ser.api.KafkaSerdesTester] (Thread-791) Sending message header {
  time {
  }
}
d1: 1.755051348542E12
s1: "a"
i1: 123
bi1: 1
point {
  longitude: 22.0
  latitude: 22.0
  altitude: 1.0
}
 to topic s810763a9xd672x4d1exa9faxd52c11e81f89
2025-08-13 02:15:48,547 INFO  [io.api.tes.ser.api.KafkaSerdesTester] (Thread-791) Sending message header {
  time {
  }
}
d1: 1.755051348547E12
s1: "a"
i1: 123
bi1: 1
point {
  longitude: 22.0
  latitude: 22.0
  altitude: 1.0
}
 to topic s810763a9xd672x4d1exa9faxd52c11e81f89
2025-08-13 02:15:48,549 INFO  [io.api.tes.ser.api.KafkaSerdesTester] (Thread-791) Sending message header {
  time {
  }
}
d1: 1.755051348548E12
s1: "a"
i1: 123
bi1: 1
point {
  longitude: 22.0
  latitude: 22.0
  altitude: 1.0
}
 to topic s810763a9xd672x4d1exa9faxd52c11e81f89
2025-08-13 02:15:48,550 INFO  [io.api.tes.ser.api.KafkaSerdesTester] (Thread-791) Sending message header {
  time {
  }
}
d1: 1.75505134855E12
s1: "a"
i1: 123
bi1: 1
point {
  longitude: 22.0
  latitude: 22.0
  altitude: 1.0
}
 to topic s810763a9xd672x4d1exa9faxd52c11e81f89
2025-08-13 02:15:48,554 INFO  [io.api.tes.ser.api.KafkaSerdesTester] (Thread-791) Sending message header {
  time {
  }
}
d1: 1.755051348553E12
s1: "a"
i1: 123
bi1: 1
point {
  longitude: 22.0
  latitude: 22.0
  altitude: 1.0
}
 to topic s810763a9xd672x4d1exa9faxd52c11e81f89
2025-08-13 02:15:48,556 INFO  [io.api.tes.ser.api.KafkaSerdesTester] (Thread-791) Sending message header {
  time {
  }
}
d1: 1.755051348556E12
s1: "a"
i1: 123
bi1: 1
point {
  longitude: 22.0
  latitude: 22.0
  altitude: 1.0
}
 to topic s810763a9xd672x4d1exa9faxd52c11e81f89
2025-08-13 02:15:48,557 INFO  [io.api.tes.ser.api.KafkaSerdesTester] (Thread-791) Sending message header {
  time {
  }
}
d1: 1.755051348557E12
s1: "a"
i1: 123
bi1: 1
point {
  longitude: 22.0
  latitude: 22.0
  altitude: 1.0
}
 to topic s810763a9xd672x4d1exa9faxd52c11e81f89
2025-08-13 02:15:48,559 INFO  [io.api.tes.ser.api.KafkaSerdesTester] (Thread-791) Produced 10 messages
2025-08-13 02:15:48,559 INFO  [org.apa.kaf.cli.pro.KafkaProducer] (Thread-791) [Producer clientId=Producer-s810763a9xd672x4d1exa9faxd52c11e81f89] Closing the Kafka producer with timeoutMillis = 9223372036854775807 ms.
2025-08-13 02:15:48,561 INFO  [org.apa.kaf.com.met.Metrics] (Thread-791) Metrics scheduler closed
2025-08-13 02:15:48,561 INFO  [org.apa.kaf.com.met.Metrics] (Thread-791) Closing reporter org.apache.kafka.common.metrics.JmxReporter
2025-08-13 02:15:48,561 INFO  [org.apa.kaf.com.met.Metrics] (Thread-791) Closing reporter org.apache.kafka.common.telemetry.internals.ClientTelemetryReporter
2025-08-13 02:15:48,561 INFO  [org.apa.kaf.com.met.Metrics] (Thread-791) Metrics reporters closed
2025-08-13 02:15:48,561 INFO  [org.apa.kaf.com.uti.AppInfoParser] (Thread-791) App info kafka.producer for Producer-s810763a9xd672x4d1exa9faxd52c11e81f89 unregistered
**** Registry Base URL: http://registry-app-pg17.apps.ci419.apicurio-testing.org:80
2025-08-13 02:15:48,563 INFO  [org.apa.kaf.cli.con.ConsumerConfig] (main) ConsumerConfig values: 
	allow.auto.create.topics = true
	auto.commit.interval.ms = 500
	auto.include.jmx.reporter = true
	auto.offset.reset = earliest
	bootstrap.servers = [PLAINTEXT://localhost:32769]
	check.crcs = true
	client.dns.lookup = use_all_dns_ips
	client.id = consumer-Consumer-s810763a9xd672x4d1exa9faxd52c11e81f89-25
	client.rack = 
	connections.max.idle.ms = 10000
	default.api.timeout.ms = 60000
	enable.auto.commit = true
	enable.metrics.push = true
	exclude.internal.topics = true
	fetch.max.bytes = 52428800
	fetch.max.wait.ms = 500
	fetch.min.bytes = 1
	group.id = Consumer-s810763a9xd672x4d1exa9faxd52c11e81f89
	group.instance.id = null
	group.protocol = classic
	group.remote.assignor = null
	heartbeat.interval.ms = 3000
	interceptor.classes = []
	internal.leave.group.on.close = true
	internal.throw.on.fetch.stable.offset.unsupported = false
	isolation.level = read_uncommitted
	key.deserializer = class org.apache.kafka.common.serialization.StringDeserializer
	max.partition.fetch.bytes = 1048576
	max.poll.interval.ms = 300000
	max.poll.records = 500
	metadata.max.age.ms = 300000
	metadata.recovery.strategy = none
	metric.reporters = []
	metrics.num.samples = 2
	metrics.recording.level = INFO
	metrics.sample.window.ms = 30000
	partition.assignment.strategy = [class org.apache.kafka.clients.consumer.RangeAssignor, class org.apache.kafka.clients.consumer.CooperativeStickyAssignor]
	receive.buffer.bytes = 65536
	reconnect.backoff.max.ms = 1000
	reconnect.backoff.ms = 50
	request.timeout.ms = 5000
	retry.backoff.max.ms = 1000
	retry.backoff.ms = 100
	sasl.client.callback.handler.class = null
	sasl.jaas.config = null
	sasl.kerberos.kinit.cmd = /usr/bin/kinit
	sasl.kerberos.min.time.before.relogin = 60000
	sasl.kerberos.service.name = null
	sasl.kerberos.ticket.renew.jitter = 0.05
	sasl.kerberos.ticket.renew.window.factor = 0.8
	sasl.login.callback.handler.class = null
	sasl.login.class = null
	sasl.login.connect.timeout.ms = null
	sasl.login.read.timeout.ms = null
	sasl.login.refresh.buffer.seconds = 300
	sasl.login.refresh.min.period.seconds = 60
	sasl.login.refresh.window.factor = 0.8
	sasl.login.refresh.window.jitter = 0.05
	sasl.login.retry.backoff.max.ms = 10000
	sasl.login.retry.backoff.ms = 100
	sasl.mechanism = GSSAPI
	sasl.oauthbearer.clock.skew.seconds = 30
	sasl.oauthbearer.expected.audience = null
	sasl.oauthbearer.expected.issuer = null
	sasl.oauthbearer.header.urlencode = false
	sasl.oauthbearer.jwks.endpoint.refresh.ms = 3600000
	sasl.oauthbearer.jwks.endpoint.retry.backoff.max.ms = 10000
	sasl.oauthbearer.jwks.endpoint.retry.backoff.ms = 100
	sasl.oauthbearer.jwks.endpoint.url = null
	sasl.oauthbearer.scope.claim.name = scope
	sasl.oauthbearer.sub.claim.name = sub
	sasl.oauthbearer.token.endpoint.url = null
	security.protocol = PLAINTEXT
	security.providers = null
	send.buffer.bytes = 131072
	session.timeout.ms = 45000
	socket.connection.setup.timeout.max.ms = 30000
	socket.connection.setup.timeout.ms = 10000
	ssl.cipher.suites = null
	ssl.enabled.protocols = [TLSv1.2, TLSv1.3]
	ssl.endpoint.identification.algorithm = https
	ssl.engine.factory.class = null
	ssl.key.password = null
	ssl.keymanager.algorithm = SunX509
	ssl.keystore.certificate.chain = null
	ssl.keystore.key = null
	ssl.keystore.location = null
	ssl.keystore.password = null
	ssl.keystore.type = JKS
	ssl.protocol = TLSv1.3
	ssl.provider = null
	ssl.secure.random.implementation = null
	ssl.trustmanager.algorithm = PKIX
	ssl.truststore.certificates = null
	ssl.truststore.location = null
	ssl.truststore.password = null
	ssl.truststore.type = JKS
	value.deserializer = class io.apicurio.registry.serde.protobuf.ProtobufKafkaDeserializer

2025-08-13 02:15:48,563 INFO  [org.apa.kaf.com.tel.int.KafkaMetricsCollector] (main) initializing Kafka metrics collector
2025-08-13 02:15:48,569 INFO  [org.apa.kaf.cli.con.ConsumerConfig] (main) These configurations '[apicurio.registry.url, apicurio.registry.headers.enabled]' were supplied but are not used yet.
2025-08-13 02:15:48,569 INFO  [org.apa.kaf.com.uti.AppInfoParser] (main) Kafka version: 3.9.1
2025-08-13 02:15:48,569 INFO  [org.apa.kaf.com.uti.AppInfoParser] (main) Kafka commitId: f745dfdcee2b9851
2025-08-13 02:15:48,569 INFO  [org.apa.kaf.com.uti.AppInfoParser] (main) Kafka startTimeMs: 1755051348569
2025-08-13 02:15:48,578 INFO  [org.apa.kaf.cli.con.int.ClassicKafkaConsumer] (Thread-794) [Consumer clientId=consumer-Consumer-s810763a9xd672x4d1exa9faxd52c11e81f89-25, groupId=Consumer-s810763a9xd672x4d1exa9faxd52c11e81f89] Subscribed to topic(s): s810763a9xd672x4d1exa9faxd52c11e81f89
2025-08-13 02:15:48,582 INFO  [org.apa.kaf.cli.Metadata] (Thread-794) [Consumer clientId=consumer-Consumer-s810763a9xd672x4d1exa9faxd52c11e81f89-25, groupId=Consumer-s810763a9xd672x4d1exa9faxd52c11e81f89] Cluster ID: NjaB_jQRSOy2vs25Uo6hCg
2025-08-13 02:15:48,583 INFO  [org.apa.kaf.cli.con.int.ConsumerCoordinator] (Thread-794) [Consumer clientId=consumer-Consumer-s810763a9xd672x4d1exa9faxd52c11e81f89-25, groupId=Consumer-s810763a9xd672x4d1exa9faxd52c11e81f89] Discovered group coordinator localhost:32769 (id: 2147483647 rack: null)
2025-08-13 02:15:48,585 INFO  [org.apa.kaf.cli.con.int.ConsumerCoordinator] (Thread-794) [Consumer clientId=consumer-Consumer-s810763a9xd672x4d1exa9faxd52c11e81f89-25, groupId=Consumer-s810763a9xd672x4d1exa9faxd52c11e81f89] (Re-)joining group
2025-08-13 02:15:48,587 INFO  [org.apa.kaf.cli.con.int.ConsumerCoordinator] (Thread-794) [Consumer clientId=consumer-Consumer-s810763a9xd672x4d1exa9faxd52c11e81f89-25, groupId=Consumer-s810763a9xd672x4d1exa9faxd52c11e81f89] Request joining group due to: need to re-join with the given member-id: consumer-Consumer-s810763a9xd672x4d1exa9faxd52c11e81f89-25-e1099429-90b5-4f3f-a8a2-bb9821686d35
2025-08-13 02:15:48,587 INFO  [org.apa.kaf.cli.con.int.ConsumerCoordinator] (Thread-794) [Consumer clientId=consumer-Consumer-s810763a9xd672x4d1exa9faxd52c11e81f89-25, groupId=Consumer-s810763a9xd672x4d1exa9faxd52c11e81f89] (Re-)joining group
2025-08-13 02:15:49,578 INFO  [io.api.tes.ser.api.KafkaSerdesTester] (Thread-794) None found
2025-08-13 02:15:50,578 INFO  [io.api.tes.ser.api.KafkaSerdesTester] (Thread-794) None found
2025-08-13 02:15:51,578 INFO  [io.api.tes.ser.api.KafkaSerdesTester] (Thread-794) None found
2025-08-13 02:15:51,591 INFO  [org.apa.kaf.cli.con.int.ConsumerCoordinator] (Thread-794) [Consumer clientId=consumer-Consumer-s810763a9xd672x4d1exa9faxd52c11e81f89-25, groupId=Consumer-s810763a9xd672x4d1exa9faxd52c11e81f89] Successfully joined group with generation Generation{generationId=1, memberId='consumer-Consumer-s810763a9xd672x4d1exa9faxd52c11e81f89-25-e1099429-90b5-4f3f-a8a2-bb9821686d35', protocol='range'}
2025-08-13 02:15:51,591 INFO  [org.apa.kaf.cli.con.int.ConsumerCoordinator] (Thread-794) [Consumer clientId=consumer-Consumer-s810763a9xd672x4d1exa9faxd52c11e81f89-25, groupId=Consumer-s810763a9xd672x4d1exa9faxd52c11e81f89] Finished assignment for group at generation 1: {consumer-Consumer-s810763a9xd672x4d1exa9faxd52c11e81f89-25-e1099429-90b5-4f3f-a8a2-bb9821686d35=Assignment(partitions=[s810763a9xd672x4d1exa9faxd52c11e81f89-0])}
2025-08-13 02:15:51,598 INFO  [org.apa.kaf.cli.con.int.ConsumerCoordinator] (Thread-794) [Consumer clientId=consumer-Consumer-s810763a9xd672x4d1exa9faxd52c11e81f89-25, groupId=Consumer-s810763a9xd672x4d1exa9faxd52c11e81f89] Successfully synced group in generation Generation{generationId=1, memberId='consumer-Consumer-s810763a9xd672x4d1exa9faxd52c11e81f89-25-e1099429-90b5-4f3f-a8a2-bb9821686d35', protocol='range'}
2025-08-13 02:15:51,598 INFO  [org.apa.kaf.cli.con.int.ConsumerCoordinator] (Thread-794) [Consumer clientId=consumer-Consumer-s810763a9xd672x4d1exa9faxd52c11e81f89-25, groupId=Consumer-s810763a9xd672x4d1exa9faxd52c11e81f89] Notifying assignor about the new Assignment(partitions=[s810763a9xd672x4d1exa9faxd52c11e81f89-0])
2025-08-13 02:15:51,598 INFO  [org.apa.kaf.cli.con.int.ConsumerRebalanceListenerInvoker] (Thread-794) [Consumer clientId=consumer-Consumer-s810763a9xd672x4d1exa9faxd52c11e81f89-25, groupId=Consumer-s810763a9xd672x4d1exa9faxd52c11e81f89] Adding newly assigned partitions: s810763a9xd672x4d1exa9faxd52c11e81f89-0
2025-08-13 02:15:51,599 INFO  [org.apa.kaf.cli.con.int.ConsumerCoordinator] (Thread-794) [Consumer clientId=consumer-Consumer-s810763a9xd672x4d1exa9faxd52c11e81f89-25, groupId=Consumer-s810763a9xd672x4d1exa9faxd52c11e81f89] Found no committed offset for partition s810763a9xd672x4d1exa9faxd52c11e81f89-0
2025-08-13 02:15:51,601 INFO  [org.apa.kaf.cli.con.int.SubscriptionState] (Thread-794) [Consumer clientId=consumer-Consumer-s810763a9xd672x4d1exa9faxd52c11e81f89-25, groupId=Consumer-s810763a9xd672x4d1exa9faxd52c11e81f89] Resetting offset for partition s810763a9xd672x4d1exa9faxd52c11e81f89-0 to position FetchPosition{offset=0, offsetEpoch=Optional.empty, currentLeader=LeaderAndEpoch{leader=Optional[localhost:32769 (id: 0 rack: null)], epoch=0}}.
2025-08-13 02:15:51,751 INFO  [io.api.tes.ser.api.KafkaSerdesTester] (Thread-794) s810763a9xd672x4d1exa9faxd52c11e81f89 0 0 header {
  time {
  }
}
d1: 1.755051347382E12
s1: "a"
i1: 123
bi1: 1
point {
  longitude: 22.0
  latitude: 22.0
  altitude: 1.0
}

2025-08-13 02:15:51,752 INFO  [io.api.tes.ser.api.KafkaSerdesTester] (Thread-794) s810763a9xd672x4d1exa9faxd52c11e81f89 0 1 header {
  time {
  }
}
d1: 1.755051348535E12
s1: "a"
i1: 123
bi1: 1
point {
  longitude: 22.0
  latitude: 22.0
  altitude: 1.0
}

2025-08-13 02:15:51,752 INFO  [io.api.tes.ser.api.KafkaSerdesTester] (Thread-794) s810763a9xd672x4d1exa9faxd52c11e81f89 0 2 header {
  time {
  }
}
d1: 1.755051348539E12
s1: "a"
i1: 123
bi1: 1
point {
  longitude: 22.0
  latitude: 22.0
  altitude: 1.0
}

2025-08-13 02:15:51,752 INFO  [io.api.tes.ser.api.KafkaSerdesTester] (Thread-794) s810763a9xd672x4d1exa9faxd52c11e81f89 0 3 header {
  time {
  }
}
d1: 1.755051348542E12
s1: "a"
i1: 123
bi1: 1
point {
  longitude: 22.0
  latitude: 22.0
  altitude: 1.0
}

2025-08-13 02:15:51,752 INFO  [io.api.tes.ser.api.KafkaSerdesTester] (Thread-794) s810763a9xd672x4d1exa9faxd52c11e81f89 0 4 header {
  time {
  }
}
d1: 1.755051348547E12
s1: "a"
i1: 123
bi1: 1
point {
  longitude: 22.0
  latitude: 22.0
  altitude: 1.0
}

2025-08-13 02:15:51,752 INFO  [io.api.tes.ser.api.KafkaSerdesTester] (Thread-794) s810763a9xd672x4d1exa9faxd52c11e81f89 0 5 header {
  time {
  }
}
d1: 1.755051348548E12
s1: "a"
i1: 123
bi1: 1
point {
  longitude: 22.0
  latitude: 22.0
  altitude: 1.0
}

2025-08-13 02:15:51,754 INFO  [io.api.tes.ser.api.KafkaSerdesTester] (Thread-794) s810763a9xd672x4d1exa9faxd52c11e81f89 0 6 header {
  time {
  }
}
d1: 1.75505134855E12
s1: "a"
i1: 123
bi1: 1
point {
  longitude: 22.0
  latitude: 22.0
  altitude: 1.0
}

2025-08-13 02:15:51,754 INFO  [io.api.tes.ser.api.KafkaSerdesTester] (Thread-794) s810763a9xd672x4d1exa9faxd52c11e81f89 0 7 header {
  time {
  }
}
d1: 1.755051348553E12
s1: "a"
i1: 123
bi1: 1
point {
  longitude: 22.0
  latitude: 22.0
  altitude: 1.0
}

2025-08-13 02:15:51,755 INFO  [io.api.tes.ser.api.KafkaSerdesTester] (Thread-794) s810763a9xd672x4d1exa9faxd52c11e81f89 0 8 header {
  time {
  }
}
d1: 1.755051348556E12
s1: "a"
i1: 123
bi1: 1
point {
  longitude: 22.0
  latitude: 22.0
  altitude: 1.0
}

2025-08-13 02:15:51,756 INFO  [io.api.tes.ser.api.KafkaSerdesTester] (Thread-794) s810763a9xd672x4d1exa9faxd52c11e81f89 0 9 header {
  time {
  }
}
d1: 1.755051348557E12
s1: "a"
i1: 123
bi1: 1
point {
  longitude: 22.0
  latitude: 22.0
  altitude: 1.0
}

2025-08-13 02:15:51,756 INFO  [io.api.tes.ser.api.KafkaSerdesTester] (Thread-794) Consumed 10 messages
2025-08-13 02:15:51,761 INFO  [org.apa.kaf.cli.con.int.ConsumerRebalanceListenerInvoker] (Thread-794) [Consumer clientId=consumer-Consumer-s810763a9xd672x4d1exa9faxd52c11e81f89-25, groupId=Consumer-s810763a9xd672x4d1exa9faxd52c11e81f89] Revoke previously assigned partitions s810763a9xd672x4d1exa9faxd52c11e81f89-0
2025-08-13 02:15:51,762 INFO  [org.apa.kaf.cli.con.int.ConsumerCoordinator] (Thread-794) [Consumer clientId=consumer-Consumer-s810763a9xd672x4d1exa9faxd52c11e81f89-25, groupId=Consumer-s810763a9xd672x4d1exa9faxd52c11e81f89] Member consumer-Consumer-s810763a9xd672x4d1exa9faxd52c11e81f89-25-e1099429-90b5-4f3f-a8a2-bb9821686d35 sending LeaveGroup request to coordinator localhost:32769 (id: 2147483647 rack: null) due to the consumer is being closed
2025-08-13 02:15:51,762 INFO  [org.apa.kaf.cli.con.int.ConsumerCoordinator] (Thread-794) [Consumer clientId=consumer-Consumer-s810763a9xd672x4d1exa9faxd52c11e81f89-25, groupId=Consumer-s810763a9xd672x4d1exa9faxd52c11e81f89] Resetting generation and member id due to: consumer pro-actively leaving the group
2025-08-13 02:15:51,762 INFO  [org.apa.kaf.cli.con.int.ConsumerCoordinator] (Thread-794) [Consumer clientId=consumer-Consumer-s810763a9xd672x4d1exa9faxd52c11e81f89-25, groupId=Consumer-s810763a9xd672x4d1exa9faxd52c11e81f89] Request joining group due to: consumer pro-actively leaving the group
2025-08-13 02:15:52,253 INFO  [org.apa.kaf.com.met.Metrics] (Thread-794) Metrics scheduler closed
2025-08-13 02:15:52,253 INFO  [org.apa.kaf.com.met.Metrics] (Thread-794) Closing reporter org.apache.kafka.common.metrics.JmxReporter
2025-08-13 02:15:52,253 INFO  [org.apa.kaf.com.met.Metrics] (Thread-794) Closing reporter org.apache.kafka.common.telemetry.internals.ClientTelemetryReporter
2025-08-13 02:15:52,253 INFO  [org.apa.kaf.com.met.Metrics] (Thread-794) Metrics reporters closed
2025-08-13 02:15:52,255 INFO  [org.apa.kaf.com.uti.AppInfoParser] (Thread-794) App info kafka.consumer for consumer-Consumer-s810763a9xd672x4d1exa9faxd52c11e81f89-25 unregistered
**** Registry Base URL: http://registry-app-pg17.apps.ci419.apicurio-testing.org:80
2025-08-13 02:15:52,256 INFO  [org.apa.kaf.cli.pro.ProducerConfig] (main) ProducerConfig values: 
	acks = -1
	auto.include.jmx.reporter = true
	batch.size = 16384
	bootstrap.servers = [PLAINTEXT://localhost:32769]
	buffer.memory = 33554432
	client.dns.lookup = use_all_dns_ips
	client.id = Producer-s810763a9xd672x4d1exa9faxd52c11e81f89
	compression.gzip.level = -1
	compression.lz4.level = 9
	compression.type = none
	compression.zstd.level = 3
	connections.max.idle.ms = 10000
	delivery.timeout.ms = 120000
	enable.idempotence = true
	enable.metrics.push = true
	interceptor.classes = []
	key.serializer = class org.apache.kafka.common.serialization.StringSerializer
	linger.ms = 0
	max.block.ms = 60000
	max.in.flight.requests.per.connection = 5
	max.request.size = 1048576
	metadata.max.age.ms = 300000
	metadata.max.idle.ms = 300000
	metadata.recovery.strategy = none
	metric.reporters = []
	metrics.num.samples = 2
	metrics.recording.level = INFO
	metrics.sample.window.ms = 30000
	partitioner.adaptive.partitioning.enable = true
	partitioner.availability.timeout.ms = 0
	partitioner.class = null
	partitioner.ignore.keys = false
	receive.buffer.bytes = 32768
	reconnect.backoff.max.ms = 1000
	reconnect.backoff.ms = 50
	request.timeout.ms = 5000
	retries = 2147483647
	retry.backoff.max.ms = 1000
	retry.backoff.ms = 100
	sasl.client.callback.handler.class = null
	sasl.jaas.config = null
	sasl.kerberos.kinit.cmd = /usr/bin/kinit
	sasl.kerberos.min.time.before.relogin = 60000
	sasl.kerberos.service.name = null
	sasl.kerberos.ticket.renew.jitter = 0.05
	sasl.kerberos.ticket.renew.window.factor = 0.8
	sasl.login.callback.handler.class = null
	sasl.login.class = null
	sasl.login.connect.timeout.ms = null
	sasl.login.read.timeout.ms = null
	sasl.login.refresh.buffer.seconds = 300
	sasl.login.refresh.min.period.seconds = 60
	sasl.login.refresh.window.factor = 0.8
	sasl.login.refresh.window.jitter = 0.05
	sasl.login.retry.backoff.max.ms = 10000
	sasl.login.retry.backoff.ms = 100
	sasl.mechanism = GSSAPI
	sasl.oauthbearer.clock.skew.seconds = 30
	sasl.oauthbearer.expected.audience = null
	sasl.oauthbearer.expected.issuer = null
	sasl.oauthbearer.header.urlencode = false
	sasl.oauthbearer.jwks.endpoint.refresh.ms = 3600000
	sasl.oauthbearer.jwks.endpoint.retry.backoff.max.ms = 10000
	sasl.oauthbearer.jwks.endpoint.retry.backoff.ms = 100
	sasl.oauthbearer.jwks.endpoint.url = null
	sasl.oauthbearer.scope.claim.name = scope
	sasl.oauthbearer.sub.claim.name = sub
	sasl.oauthbearer.token.endpoint.url = null
	security.protocol = PLAINTEXT
	security.providers = null
	send.buffer.bytes = 131072
	socket.connection.setup.timeout.max.ms = 30000
	socket.connection.setup.timeout.ms = 10000
	ssl.cipher.suites = null
	ssl.enabled.protocols = [TLSv1.2, TLSv1.3]
	ssl.endpoint.identification.algorithm = https
	ssl.engine.factory.class = null
	ssl.key.password = null
	ssl.keymanager.algorithm = SunX509
	ssl.keystore.certificate.chain = null
	ssl.keystore.key = null
	ssl.keystore.location = null
	ssl.keystore.password = null
	ssl.keystore.type = JKS
	ssl.protocol = TLSv1.3
	ssl.provider = null
	ssl.secure.random.implementation = null
	ssl.trustmanager.algorithm = PKIX
	ssl.truststore.certificates = null
	ssl.truststore.location = null
	ssl.truststore.password = null
	ssl.truststore.type = JKS
	transaction.timeout.ms = 60000
	transactional.id = null
	value.serializer = class io.apicurio.registry.serde.protobuf.ProtobufKafkaSerializer

2025-08-13 02:15:52,256 INFO  [org.apa.kaf.com.tel.int.KafkaMetricsCollector] (main) initializing Kafka metrics collector
2025-08-13 02:15:52,260 INFO  [org.apa.kaf.cli.pro.KafkaProducer] (main) [Producer clientId=Producer-s810763a9xd672x4d1exa9faxd52c11e81f89] Instantiated an idempotent producer.
2025-08-13 02:15:52,262 INFO  [org.apa.kaf.cli.pro.ProducerConfig] (main) These configurations '[apicurio.registry.find-latest, apicurio.registry.url, apicurio.registry.headers.enabled, apicurio.registry.artifact-resolver-strategy]' were supplied but are not used yet.
2025-08-13 02:15:52,262 INFO  [org.apa.kaf.com.uti.AppInfoParser] (main) Kafka version: 3.9.1
2025-08-13 02:15:52,262 INFO  [org.apa.kaf.com.uti.AppInfoParser] (main) Kafka commitId: f745dfdcee2b9851
2025-08-13 02:15:52,262 INFO  [org.apa.kaf.com.uti.AppInfoParser] (main) Kafka startTimeMs: 1755051352262
2025-08-13 02:15:52,262 INFO  [io.api.tes.ser.api.SimpleSerdesTesterBuilder$SimpleSerdesTester] (main) Using producer configuration: {apicurio.registry.find-latest=false, apicurio.registry.url=http://registry-app-pg17.apps.ci419.apicurio-testing.org:80/apis/registry/v3, apicurio.registry.headers.enabled=true, apicurio.registry.artifact-resolver-strategy=io.apicurio.registry.serde.strategy.TopicIdStrategy, value.serializer=io.apicurio.registry.serde.protobuf.ProtobufKafkaSerializer, request.timeout.ms=5000, acks=all, bootstrap.servers=PLAINTEXT://localhost:32769, connections.max.idle.ms=10000, key.serializer=org.apache.kafka.common.serialization.StringSerializer, client.id=Producer-s810763a9xd672x4d1exa9faxd52c11e81f89}
2025-08-13 02:15:52,262 INFO  [io.api.tes.ser.api.SimpleSerdesTesterBuilder$SimpleSerdesTester] (main) Using consumer configuration: {apicurio.registry.headers.enabled=true}
2025-08-13 02:15:52,263 INFO  [io.api.tes.ser.api.KafkaSerdesTester] (Thread-797) Sending message header {
  time {
  }
}
d1: 1.755051352262E12
s1: "a"
i1: 123
bi1: 1
point {
  longitude: 22.0
  latitude: 22.0
  altitude: 1.0
}
 to topic s810763a9xd672x4d1exa9faxd52c11e81f89
2025-08-13 02:15:52,266 INFO  [org.apa.kaf.cli.Metadata] (kafka-producer-network-thread | Producer-s810763a9xd672x4d1exa9faxd52c11e81f89) [Producer clientId=Producer-s810763a9xd672x4d1exa9faxd52c11e81f89] Cluster ID: NjaB_jQRSOy2vs25Uo6hCg
2025-08-13 02:15:52,267 INFO  [DefaultSchemaResolver] (Thread-797) Retrieving schema content using string: // Proto schema formatted by Wire, do not edit.
// Source: 

syntax = "proto3";

package io.apicurio.tests.protobuf;

import "google/protobuf/timestamp.proto";

option java_multiple_files = true;

message ProtobufTestMessage {
  .io.apicurio.tests.protobuf.Header header = 1;

  double d1 = 2;

  string s1 = 4;

  int32 i1 = 7;

  int64 bi1 = 12;

  .google.protobuf.Timestamp state_time = 22;

  .io.apicurio.tests.protobuf.Point point = 30;
}

message Header {
  .google.protobuf.Timestamp time = 1;

  string source = 2;

  string destination = 3;

  string uuid = 4;

  repeated string source_uuids = 5;

  string message_type_id = 6;

  string raw_message = 7;
}

message Point {
  oneof longitude_oneof {
    double longitude = 1;
  }

  oneof latitude_oneof {
    double latitude = 2;
  }

  oneof altitude_oneof {
    double altitude = 3;
  }
}

2025-08-13 02:15:52,268 INFO  [org.apa.kaf.cli.pro.int.TransactionManager] (kafka-producer-network-thread | Producer-s810763a9xd672x4d1exa9faxd52c11e81f89) [Producer clientId=Producer-s810763a9xd672x4d1exa9faxd52c11e81f89] ProducerId set to 35 with epoch 0
2025-08-13 02:15:52,329 INFO  [io.api.tes.ser.api.KafkaSerdesTester] (Thread-797) Sending message header {
  time {
  }
}
d1: 1.755051352329E12
s1: "a"
i1: 123
bi1: 1
point {
  longitude: 22.0
  latitude: 22.0
  altitude: 1.0
}
 to topic s810763a9xd672x4d1exa9faxd52c11e81f89
2025-08-13 02:15:52,337 INFO  [io.api.tes.ser.api.KafkaSerdesTester] (Thread-797) Sending message header {
  time {
  }
}
d1: 1.755051352337E12
s1: "a"
i1: 123
bi1: 1
point {
  longitude: 22.0
  latitude: 22.0
  altitude: 1.0
}
 to topic s810763a9xd672x4d1exa9faxd52c11e81f89
2025-08-13 02:15:52,339 INFO  [io.api.tes.ser.api.KafkaSerdesTester] (Thread-797) Sending message header {
  time {
  }
}
d1: 1.755051352339E12
s1: "a"
i1: 123
bi1: 1
point {
  longitude: 22.0
  latitude: 22.0
  altitude: 1.0
}
 to topic s810763a9xd672x4d1exa9faxd52c11e81f89
2025-08-13 02:15:52,342 INFO  [io.api.tes.ser.api.KafkaSerdesTester] (Thread-797) Sending message header {
  time {
  }
}
d1: 1.755051352342E12
s1: "a"
i1: 123
bi1: 1
point {
  longitude: 22.0
  latitude: 22.0
  altitude: 1.0
}
 to topic s810763a9xd672x4d1exa9faxd52c11e81f89
2025-08-13 02:15:52,345 INFO  [io.api.tes.ser.api.KafkaSerdesTester] (Thread-797) Sending message header {
  time {
  }
}
d1: 1.755051352345E12
s1: "a"
i1: 123
bi1: 1
point {
  longitude: 22.0
  latitude: 22.0
  altitude: 1.0
}
 to topic s810763a9xd672x4d1exa9faxd52c11e81f89
2025-08-13 02:15:52,349 INFO  [io.api.tes.ser.api.KafkaSerdesTester] (Thread-797) Sending message header {
  time {
  }
}
d1: 1.755051352349E12
s1: "a"
i1: 123
bi1: 1
point {
  longitude: 22.0
  latitude: 22.0
  altitude: 1.0
}
 to topic s810763a9xd672x4d1exa9faxd52c11e81f89
2025-08-13 02:15:52,355 INFO  [io.api.tes.ser.api.KafkaSerdesTester] (Thread-797) Sending message header {
  time {
  }
}
d1: 1.755051352355E12
s1: "a"
i1: 123
bi1: 1
point {
  longitude: 22.0
  latitude: 22.0
  altitude: 1.0
}
 to topic s810763a9xd672x4d1exa9faxd52c11e81f89
2025-08-13 02:15:52,360 INFO  [io.api.tes.ser.api.KafkaSerdesTester] (Thread-797) Sending message header {
  time {
  }
}
d1: 1.75505135236E12
s1: "a"
i1: 123
bi1: 1
point {
  longitude: 22.0
  latitude: 22.0
  altitude: 1.0
}
 to topic s810763a9xd672x4d1exa9faxd52c11e81f89
2025-08-13 02:15:52,362 INFO  [io.api.tes.ser.api.KafkaSerdesTester] (Thread-797) Sending message header {
  time {
  }
}
d1: 1.755051352362E12
s1: "a"
i1: 123
bi1: 1
point {
  longitude: 22.0
  latitude: 22.0
  altitude: 1.0
}
 to topic s810763a9xd672x4d1exa9faxd52c11e81f89
2025-08-13 02:15:52,365 INFO  [io.api.tes.ser.api.KafkaSerdesTester] (Thread-797) Produced 10 messages
2025-08-13 02:15:52,365 INFO  [org.apa.kaf.cli.pro.KafkaProducer] (Thread-797) [Producer clientId=Producer-s810763a9xd672x4d1exa9faxd52c11e81f89] Closing the Kafka producer with timeoutMillis = 9223372036854775807 ms.
2025-08-13 02:15:52,369 INFO  [org.apa.kaf.com.met.Metrics] (Thread-797) Metrics scheduler closed
2025-08-13 02:15:52,369 INFO  [org.apa.kaf.com.met.Metrics] (Thread-797) Closing reporter org.apache.kafka.common.metrics.JmxReporter
2025-08-13 02:15:52,369 INFO  [org.apa.kaf.com.met.Metrics] (Thread-797) Closing reporter org.apache.kafka.common.telemetry.internals.ClientTelemetryReporter
2025-08-13 02:15:52,369 INFO  [org.apa.kaf.com.met.Metrics] (Thread-797) Metrics reporters closed
2025-08-13 02:15:52,369 INFO  [org.apa.kaf.com.uti.AppInfoParser] (Thread-797) App info kafka.producer for Producer-s810763a9xd672x4d1exa9faxd52c11e81f89 unregistered
**** Registry Base URL: http://registry-app-pg17.apps.ci419.apicurio-testing.org:80
2025-08-13 02:15:52,371 INFO  [org.apa.kaf.cli.con.ConsumerConfig] (main) ConsumerConfig values: 
	allow.auto.create.topics = true
	auto.commit.interval.ms = 500
	auto.include.jmx.reporter = true
	auto.offset.reset = earliest
	bootstrap.servers = [PLAINTEXT://localhost:32769]
	check.crcs = true
	client.dns.lookup = use_all_dns_ips
	client.id = consumer-Consumer-s810763a9xd672x4d1exa9faxd52c11e81f89-26
	client.rack = 
	connections.max.idle.ms = 10000
	default.api.timeout.ms = 60000
	enable.auto.commit = true
	enable.metrics.push = true
	exclude.internal.topics = true
	fetch.max.bytes = 52428800
	fetch.max.wait.ms = 500
	fetch.min.bytes = 1
	group.id = Consumer-s810763a9xd672x4d1exa9faxd52c11e81f89
	group.instance.id = null
	group.protocol = classic
	group.remote.assignor = null
	heartbeat.interval.ms = 3000
	interceptor.classes = []
	internal.leave.group.on.close = true
	internal.throw.on.fetch.stable.offset.unsupported = false
	isolation.level = read_uncommitted
	key.deserializer = class org.apache.kafka.common.serialization.StringDeserializer
	max.partition.fetch.bytes = 1048576
	max.poll.interval.ms = 300000
	max.poll.records = 500
	metadata.max.age.ms = 300000
	metadata.recovery.strategy = none
	metric.reporters = []
	metrics.num.samples = 2
	metrics.recording.level = INFO
	metrics.sample.window.ms = 30000
	partition.assignment.strategy = [class org.apache.kafka.clients.consumer.RangeAssignor, class org.apache.kafka.clients.consumer.CooperativeStickyAssignor]
	receive.buffer.bytes = 65536
	reconnect.backoff.max.ms = 1000
	reconnect.backoff.ms = 50
	request.timeout.ms = 5000
	retry.backoff.max.ms = 1000
	retry.backoff.ms = 100
	sasl.client.callback.handler.class = null
	sasl.jaas.config = null
	sasl.kerberos.kinit.cmd = /usr/bin/kinit
	sasl.kerberos.min.time.before.relogin = 60000
	sasl.kerberos.service.name = null
	sasl.kerberos.ticket.renew.jitter = 0.05
	sasl.kerberos.ticket.renew.window.factor = 0.8
	sasl.login.callback.handler.class = null
	sasl.login.class = null
	sasl.login.connect.timeout.ms = null
	sasl.login.read.timeout.ms = null
	sasl.login.refresh.buffer.seconds = 300
	sasl.login.refresh.min.period.seconds = 60
	sasl.login.refresh.window.factor = 0.8
	sasl.login.refresh.window.jitter = 0.05
	sasl.login.retry.backoff.max.ms = 10000
	sasl.login.retry.backoff.ms = 100
	sasl.mechanism = GSSAPI
	sasl.oauthbearer.clock.skew.seconds = 30
	sasl.oauthbearer.expected.audience = null
	sasl.oauthbearer.expected.issuer = null
	sasl.oauthbearer.header.urlencode = false
	sasl.oauthbearer.jwks.endpoint.refresh.ms = 3600000
	sasl.oauthbearer.jwks.endpoint.retry.backoff.max.ms = 10000
	sasl.oauthbearer.jwks.endpoint.retry.backoff.ms = 100
	sasl.oauthbearer.jwks.endpoint.url = null
	sasl.oauthbearer.scope.claim.name = scope
	sasl.oauthbearer.sub.claim.name = sub
	sasl.oauthbearer.token.endpoint.url = null
	security.protocol = PLAINTEXT
	security.providers = null
	send.buffer.bytes = 131072
	session.timeout.ms = 45000
	socket.connection.setup.timeout.max.ms = 30000
	socket.connection.setup.timeout.ms = 10000
	ssl.cipher.suites = null
	ssl.enabled.protocols = [TLSv1.2, TLSv1.3]
	ssl.endpoint.identification.algorithm = https
	ssl.engine.factory.class = null
	ssl.key.password = null
	ssl.keymanager.algorithm = SunX509
	ssl.keystore.certificate.chain = null
	ssl.keystore.key = null
	ssl.keystore.location = null
	ssl.keystore.password = null
	ssl.keystore.type = JKS
	ssl.protocol = TLSv1.3
	ssl.provider = null
	ssl.secure.random.implementation = null
	ssl.trustmanager.algorithm = PKIX
	ssl.truststore.certificates = null
	ssl.truststore.location = null
	ssl.truststore.password = null
	ssl.truststore.type = JKS
	value.deserializer = class io.apicurio.registry.serde.protobuf.ProtobufKafkaDeserializer

2025-08-13 02:15:52,371 INFO  [org.apa.kaf.com.tel.int.KafkaMetricsCollector] (main) initializing Kafka metrics collector
2025-08-13 02:15:52,380 INFO  [org.apa.kaf.cli.con.ConsumerConfig] (main) These configurations '[apicurio.registry.url, apicurio.registry.headers.enabled]' were supplied but are not used yet.
2025-08-13 02:15:52,380 INFO  [org.apa.kaf.com.uti.AppInfoParser] (main) Kafka version: 3.9.1
2025-08-13 02:15:52,380 INFO  [org.apa.kaf.com.uti.AppInfoParser] (main) Kafka commitId: f745dfdcee2b9851
2025-08-13 02:15:52,380 INFO  [org.apa.kaf.com.uti.AppInfoParser] (main) Kafka startTimeMs: 1755051352380
2025-08-13 02:15:52,380 INFO  [org.apa.kaf.cli.con.int.ClassicKafkaConsumer] (Thread-800) [Consumer clientId=consumer-Consumer-s810763a9xd672x4d1exa9faxd52c11e81f89-26, groupId=Consumer-s810763a9xd672x4d1exa9faxd52c11e81f89] Subscribed to topic(s): s810763a9xd672x4d1exa9faxd52c11e81f89
2025-08-13 02:15:52,384 INFO  [org.apa.kaf.cli.Metadata] (Thread-800) [Consumer clientId=consumer-Consumer-s810763a9xd672x4d1exa9faxd52c11e81f89-26, groupId=Consumer-s810763a9xd672x4d1exa9faxd52c11e81f89] Cluster ID: NjaB_jQRSOy2vs25Uo6hCg
2025-08-13 02:15:52,384 INFO  [org.apa.kaf.cli.con.int.ConsumerCoordinator] (Thread-800) [Consumer clientId=consumer-Consumer-s810763a9xd672x4d1exa9faxd52c11e81f89-26, groupId=Consumer-s810763a9xd672x4d1exa9faxd52c11e81f89] Discovered group coordinator localhost:32769 (id: 2147483647 rack: null)
2025-08-13 02:15:52,386 INFO  [org.apa.kaf.cli.con.int.ConsumerCoordinator] (Thread-800) [Consumer clientId=consumer-Consumer-s810763a9xd672x4d1exa9faxd52c11e81f89-26, groupId=Consumer-s810763a9xd672x4d1exa9faxd52c11e81f89] (Re-)joining group
2025-08-13 02:15:52,387 INFO  [org.apa.kaf.cli.con.int.ConsumerCoordinator] (Thread-800) [Consumer clientId=consumer-Consumer-s810763a9xd672x4d1exa9faxd52c11e81f89-26, groupId=Consumer-s810763a9xd672x4d1exa9faxd52c11e81f89] Request joining group due to: need to re-join with the given member-id: consumer-Consumer-s810763a9xd672x4d1exa9faxd52c11e81f89-26-55f15308-0bba-496d-aa8e-d6f8cb515eb4
2025-08-13 02:15:52,387 INFO  [org.apa.kaf.cli.con.int.ConsumerCoordinator] (Thread-800) [Consumer clientId=consumer-Consumer-s810763a9xd672x4d1exa9faxd52c11e81f89-26, groupId=Consumer-s810763a9xd672x4d1exa9faxd52c11e81f89] (Re-)joining group
2025-08-13 02:15:53,381 INFO  [io.api.tes.ser.api.KafkaSerdesTester] (Thread-800) None found
2025-08-13 02:15:54,381 INFO  [io.api.tes.ser.api.KafkaSerdesTester] (Thread-800) None found
2025-08-13 02:15:55,382 INFO  [io.api.tes.ser.api.KafkaSerdesTester] (Thread-800) None found
2025-08-13 02:15:55,391 INFO  [org.apa.kaf.cli.con.int.ConsumerCoordinator] (Thread-800) [Consumer clientId=consumer-Consumer-s810763a9xd672x4d1exa9faxd52c11e81f89-26, groupId=Consumer-s810763a9xd672x4d1exa9faxd52c11e81f89] Successfully joined group with generation Generation{generationId=3, memberId='consumer-Consumer-s810763a9xd672x4d1exa9faxd52c11e81f89-26-55f15308-0bba-496d-aa8e-d6f8cb515eb4', protocol='range'}
2025-08-13 02:15:55,391 INFO  [org.apa.kaf.cli.con.int.ConsumerCoordinator] (Thread-800) [Consumer clientId=consumer-Consumer-s810763a9xd672x4d1exa9faxd52c11e81f89-26, groupId=Consumer-s810763a9xd672x4d1exa9faxd52c11e81f89] Finished assignment for group at generation 3: {consumer-Consumer-s810763a9xd672x4d1exa9faxd52c11e81f89-26-55f15308-0bba-496d-aa8e-d6f8cb515eb4=Assignment(partitions=[s810763a9xd672x4d1exa9faxd52c11e81f89-0])}
2025-08-13 02:15:55,399 INFO  [org.apa.kaf.cli.con.int.ConsumerCoordinator] (Thread-800) [Consumer clientId=consumer-Consumer-s810763a9xd672x4d1exa9faxd52c11e81f89-26, groupId=Consumer-s810763a9xd672x4d1exa9faxd52c11e81f89] Successfully synced group in generation Generation{generationId=3, memberId='consumer-Consumer-s810763a9xd672x4d1exa9faxd52c11e81f89-26-55f15308-0bba-496d-aa8e-d6f8cb515eb4', protocol='range'}
2025-08-13 02:15:55,399 INFO  [org.apa.kaf.cli.con.int.ConsumerCoordinator] (Thread-800) [Consumer clientId=consumer-Consumer-s810763a9xd672x4d1exa9faxd52c11e81f89-26, groupId=Consumer-s810763a9xd672x4d1exa9faxd52c11e81f89] Notifying assignor about the new Assignment(partitions=[s810763a9xd672x4d1exa9faxd52c11e81f89-0])
2025-08-13 02:15:55,399 INFO  [org.apa.kaf.cli.con.int.ConsumerRebalanceListenerInvoker] (Thread-800) [Consumer clientId=consumer-Consumer-s810763a9xd672x4d1exa9faxd52c11e81f89-26, groupId=Consumer-s810763a9xd672x4d1exa9faxd52c11e81f89] Adding newly assigned partitions: s810763a9xd672x4d1exa9faxd52c11e81f89-0
2025-08-13 02:15:55,400 INFO  [org.apa.kaf.cli.con.int.ConsumerUtils] (Thread-800) Setting offset for partition s810763a9xd672x4d1exa9faxd52c11e81f89-0 to the committed offset FetchPosition{offset=10, offsetEpoch=Optional[0], currentLeader=LeaderAndEpoch{leader=Optional[localhost:32769 (id: 0 rack: null)], epoch=0}}
2025-08-13 02:15:55,516 INFO  [io.api.tes.ser.api.KafkaSerdesTester] (Thread-800) s810763a9xd672x4d1exa9faxd52c11e81f89 0 10 header {
  time {
  }
}
d1: 1.755051352262E12
s1: "a"
i1: 123
bi1: 1
point {
  longitude: 22.0
  latitude: 22.0
  altitude: 1.0
}

2025-08-13 02:15:55,517 INFO  [io.api.tes.ser.api.KafkaSerdesTester] (Thread-800) s810763a9xd672x4d1exa9faxd52c11e81f89 0 11 header {
  time {
  }
}
d1: 1.755051352329E12
s1: "a"
i1: 123
bi1: 1
point {
  longitude: 22.0
  latitude: 22.0
  altitude: 1.0
}

2025-08-13 02:15:55,517 INFO  [io.api.tes.ser.api.KafkaSerdesTester] (Thread-800) s810763a9xd672x4d1exa9faxd52c11e81f89 0 12 header {
  time {
  }
}
d1: 1.755051352337E12
s1: "a"
i1: 123
bi1: 1
point {
  longitude: 22.0
  latitude: 22.0
  altitude: 1.0
}

2025-08-13 02:15:55,517 INFO  [io.api.tes.ser.api.KafkaSerdesTester] (Thread-800) s810763a9xd672x4d1exa9faxd52c11e81f89 0 13 header {
  time {
  }
}
d1: 1.755051352339E12
s1: "a"
i1: 123
bi1: 1
point {
  longitude: 22.0
  latitude: 22.0
  altitude: 1.0
}

2025-08-13 02:15:55,517 INFO  [io.api.tes.ser.api.KafkaSerdesTester] (Thread-800) s810763a9xd672x4d1exa9faxd52c11e81f89 0 14 header {
  time {
  }
}
d1: 1.755051352342E12
s1: "a"
i1: 123
bi1: 1
point {
  longitude: 22.0
  latitude: 22.0
  altitude: 1.0
}

2025-08-13 02:15:55,517 INFO  [io.api.tes.ser.api.KafkaSerdesTester] (Thread-800) s810763a9xd672x4d1exa9faxd52c11e81f89 0 15 header {
  time {
  }
}
d1: 1.755051352345E12
s1: "a"
i1: 123
bi1: 1
point {
  longitude: 22.0
  latitude: 22.0
  altitude: 1.0
}

2025-08-13 02:15:55,517 INFO  [io.api.tes.ser.api.KafkaSerdesTester] (Thread-800) s810763a9xd672x4d1exa9faxd52c11e81f89 0 16 header {
  time {
  }
}
d1: 1.755051352349E12
s1: "a"
i1: 123
bi1: 1
point {
  longitude: 22.0
  latitude: 22.0
  altitude: 1.0
}

2025-08-13 02:15:55,517 INFO  [io.api.tes.ser.api.KafkaSerdesTester] (Thread-800) s810763a9xd672x4d1exa9faxd52c11e81f89 0 17 header {
  time {
  }
}
d1: 1.755051352355E12
s1: "a"
i1: 123
bi1: 1
point {
  longitude: 22.0
  latitude: 22.0
  altitude: 1.0
}

2025-08-13 02:15:55,517 INFO  [io.api.tes.ser.api.KafkaSerdesTester] (Thread-800) s810763a9xd672x4d1exa9faxd52c11e81f89 0 18 header {
  time {
  }
}
d1: 1.75505135236E12
s1: "a"
i1: 123
bi1: 1
point {
  longitude: 22.0
  latitude: 22.0
  altitude: 1.0
}

2025-08-13 02:15:55,517 INFO  [io.api.tes.ser.api.KafkaSerdesTester] (Thread-800) s810763a9xd672x4d1exa9faxd52c11e81f89 0 19 header {
  time {
  }
}
d1: 1.755051352362E12
s1: "a"
i1: 123
bi1: 1
point {
  longitude: 22.0
  latitude: 22.0
  altitude: 1.0
}

2025-08-13 02:15:55,517 INFO  [io.api.tes.ser.api.KafkaSerdesTester] (Thread-800) Consumed 10 messages
2025-08-13 02:15:55,524 INFO  [org.apa.kaf.cli.con.int.ConsumerRebalanceListenerInvoker] (Thread-800) [Consumer clientId=consumer-Consumer-s810763a9xd672x4d1exa9faxd52c11e81f89-26, groupId=Consumer-s810763a9xd672x4d1exa9faxd52c11e81f89] Revoke previously assigned partitions s810763a9xd672x4d1exa9faxd52c11e81f89-0
2025-08-13 02:15:55,524 INFO  [org.apa.kaf.cli.con.int.ConsumerCoordinator] (Thread-800) [Consumer clientId=consumer-Consumer-s810763a9xd672x4d1exa9faxd52c11e81f89-26, groupId=Consumer-s810763a9xd672x4d1exa9faxd52c11e81f89] Member consumer-Consumer-s810763a9xd672x4d1exa9faxd52c11e81f89-26-55f15308-0bba-496d-aa8e-d6f8cb515eb4 sending LeaveGroup request to coordinator localhost:32769 (id: 2147483647 rack: null) due to the consumer is being closed
2025-08-13 02:15:55,525 INFO  [org.apa.kaf.cli.con.int.ConsumerCoordinator] (Thread-800) [Consumer clientId=consumer-Consumer-s810763a9xd672x4d1exa9faxd52c11e81f89-26, groupId=Consumer-s810763a9xd672x4d1exa9faxd52c11e81f89] Resetting generation and member id due to: consumer pro-actively leaving the group
2025-08-13 02:15:55,525 INFO  [org.apa.kaf.cli.con.int.ConsumerCoordinator] (Thread-800) [Consumer clientId=consumer-Consumer-s810763a9xd672x4d1exa9faxd52c11e81f89-26, groupId=Consumer-s810763a9xd672x4d1exa9faxd52c11e81f89] Request joining group due to: consumer pro-actively leaving the group
2025-08-13 02:15:56,017 INFO  [org.apa.kaf.com.met.Metrics] (Thread-800) Metrics scheduler closed
2025-08-13 02:15:56,017 INFO  [org.apa.kaf.com.met.Metrics] (Thread-800) Closing reporter org.apache.kafka.common.metrics.JmxReporter
2025-08-13 02:15:56,017 INFO  [org.apa.kaf.com.met.Metrics] (Thread-800) Closing reporter org.apache.kafka.common.telemetry.internals.ClientTelemetryReporter
2025-08-13 02:15:56,017 INFO  [org.apa.kaf.com.met.Metrics] (Thread-800) Metrics reporters closed
2025-08-13 02:15:56,019 INFO  [org.apa.kaf.com.uti.AppInfoParser] (Thread-800) App info kafka.consumer for consumer-Consumer-s810763a9xd672x4d1exa9faxd52c11e81f89-26 unregistered
**** Registry Base URL: http://registry-app-pg17.apps.ci419.apicurio-testing.org:80
2025-08-13 02:15:56,020 INFO  [org.apa.kaf.cli.pro.ProducerConfig] (main) ProducerConfig values: 
	acks = -1
	auto.include.jmx.reporter = true
	batch.size = 16384
	bootstrap.servers = [PLAINTEXT://localhost:32769]
	buffer.memory = 33554432
	client.dns.lookup = use_all_dns_ips
	client.id = Producer-s810763a9xd672x4d1exa9faxd52c11e81f89
	compression.gzip.level = -1
	compression.lz4.level = 9
	compression.type = none
	compression.zstd.level = 3
	connections.max.idle.ms = 10000
	delivery.timeout.ms = 120000
	enable.idempotence = true
	enable.metrics.push = true
	interceptor.classes = []
	key.serializer = class org.apache.kafka.common.serialization.StringSerializer
	linger.ms = 0
	max.block.ms = 60000
	max.in.flight.requests.per.connection = 5
	max.request.size = 1048576
	metadata.max.age.ms = 300000
	metadata.max.idle.ms = 300000
	metadata.recovery.strategy = none
	metric.reporters = []
	metrics.num.samples = 2
	metrics.recording.level = INFO
	metrics.sample.window.ms = 30000
	partitioner.adaptive.partitioning.enable = true
	partitioner.availability.timeout.ms = 0
	partitioner.class = null
	partitioner.ignore.keys = false
	receive.buffer.bytes = 32768
	reconnect.backoff.max.ms = 1000
	reconnect.backoff.ms = 50
	request.timeout.ms = 5000
	retries = 2147483647
	retry.backoff.max.ms = 1000
	retry.backoff.ms = 100
	sasl.client.callback.handler.class = null
	sasl.jaas.config = null
	sasl.kerberos.kinit.cmd = /usr/bin/kinit
	sasl.kerberos.min.time.before.relogin = 60000
	sasl.kerberos.service.name = null
	sasl.kerberos.ticket.renew.jitter = 0.05
	sasl.kerberos.ticket.renew.window.factor = 0.8
	sasl.login.callback.handler.class = null
	sasl.login.class = null
	sasl.login.connect.timeout.ms = null
	sasl.login.read.timeout.ms = null
	sasl.login.refresh.buffer.seconds = 300
	sasl.login.refresh.min.period.seconds = 60
	sasl.login.refresh.window.factor = 0.8
	sasl.login.refresh.window.jitter = 0.05
	sasl.login.retry.backoff.max.ms = 10000
	sasl.login.retry.backoff.ms = 100
	sasl.mechanism = GSSAPI
	sasl.oauthbearer.clock.skew.seconds = 30
	sasl.oauthbearer.expected.audience = null
	sasl.oauthbearer.expected.issuer = null
	sasl.oauthbearer.header.urlencode = false
	sasl.oauthbearer.jwks.endpoint.refresh.ms = 3600000
	sasl.oauthbearer.jwks.endpoint.retry.backoff.max.ms = 10000
	sasl.oauthbearer.jwks.endpoint.retry.backoff.ms = 100
	sasl.oauthbearer.jwks.endpoint.url = null
	sasl.oauthbearer.scope.claim.name = scope
	sasl.oauthbearer.sub.claim.name = sub
	sasl.oauthbearer.token.endpoint.url = null
	security.protocol = PLAINTEXT
	security.providers = null
	send.buffer.bytes = 131072
	socket.connection.setup.timeout.max.ms = 30000
	socket.connection.setup.timeout.ms = 10000
	ssl.cipher.suites = null
	ssl.enabled.protocols = [TLSv1.2, TLSv1.3]
	ssl.endpoint.identification.algorithm = https
	ssl.engine.factory.class = null
	ssl.key.password = null
	ssl.keymanager.algorithm = SunX509
	ssl.keystore.certificate.chain = null
	ssl.keystore.key = null
	ssl.keystore.location = null
	ssl.keystore.password = null
	ssl.keystore.type = JKS
	ssl.protocol = TLSv1.3
	ssl.provider = null
	ssl.secure.random.implementation = null
	ssl.trustmanager.algorithm = PKIX
	ssl.truststore.certificates = null
	ssl.truststore.location = null
	ssl.truststore.password = null
	ssl.truststore.type = JKS
	transaction.timeout.ms = 60000
	transactional.id = null
	value.serializer = class io.apicurio.registry.serde.protobuf.ProtobufKafkaSerializer

2025-08-13 02:15:56,020 INFO  [org.apa.kaf.com.tel.int.KafkaMetricsCollector] (main) initializing Kafka metrics collector
2025-08-13 02:15:56,025 INFO  [org.apa.kaf.cli.pro.KafkaProducer] (main) [Producer clientId=Producer-s810763a9xd672x4d1exa9faxd52c11e81f89] Instantiated an idempotent producer.
2025-08-13 02:15:56,028 INFO  [org.apa.kaf.cli.pro.ProducerConfig] (main) These configurations '[apicurio.registry.url, apicurio.registry.headers.enabled, apicurio.registry.artifact-resolver-strategy]' were supplied but are not used yet.
2025-08-13 02:15:56,028 INFO  [org.apa.kaf.com.uti.AppInfoParser] (main) Kafka version: 3.9.1
2025-08-13 02:15:56,028 INFO  [org.apa.kaf.com.uti.AppInfoParser] (main) Kafka commitId: f745dfdcee2b9851
2025-08-13 02:15:56,028 INFO  [org.apa.kaf.com.uti.AppInfoParser] (main) Kafka startTimeMs: 1755051356028
2025-08-13 02:15:56,028 INFO  [io.api.tes.ser.api.SimpleSerdesTesterBuilder$SimpleSerdesTester] (main) Using producer configuration: {apicurio.registry.url=http://registry-app-pg17.apps.ci419.apicurio-testing.org:80/apis/registry/v3, apicurio.registry.headers.enabled=true, apicurio.registry.artifact-resolver-strategy=io.apicurio.registry.serde.strategy.TopicIdStrategy, value.serializer=io.apicurio.registry.serde.protobuf.ProtobufKafkaSerializer, request.timeout.ms=5000, acks=all, bootstrap.servers=PLAINTEXT://localhost:32769, connections.max.idle.ms=10000, key.serializer=org.apache.kafka.common.serialization.StringSerializer, client.id=Producer-s810763a9xd672x4d1exa9faxd52c11e81f89}
2025-08-13 02:15:56,028 INFO  [io.api.tes.ser.api.SimpleSerdesTesterBuilder$SimpleSerdesTester] (main) Using consumer configuration: {apicurio.registry.headers.enabled=true}
2025-08-13 02:15:56,029 INFO  [io.api.tes.ser.api.KafkaSerdesTester] (Thread-803) Sending message msb: 1755051356028
lsb: 321
 to topic s810763a9xd672x4d1exa9faxd52c11e81f89
2025-08-13 02:15:56,032 INFO  [org.apa.kaf.cli.Metadata] (kafka-producer-network-thread | Producer-s810763a9xd672x4d1exa9faxd52c11e81f89) [Producer clientId=Producer-s810763a9xd672x4d1exa9faxd52c11e81f89] Cluster ID: NjaB_jQRSOy2vs25Uo6hCg
2025-08-13 02:15:56,032 INFO  [org.apa.kaf.cli.pro.int.TransactionManager] (kafka-producer-network-thread | Producer-s810763a9xd672x4d1exa9faxd52c11e81f89) [Producer clientId=Producer-s810763a9xd672x4d1exa9faxd52c11e81f89] ProducerId set to 36 with epoch 0
2025-08-13 02:15:56,032 INFO  [DefaultSchemaResolver] (Thread-803) Retrieving schema content using string: // Proto schema formatted by Wire, do not edit.
// Source: 

syntax = "proto3";

package io.apicurio.registry.common.proto;

option java_package = "io.apicurio.registry.common.proto";
option java_outer_classname = "Cmmn";

message UUID {
  fixed64 msb = 1;

  fixed64 lsb = 2;
}

2025-08-13 02:15:56,093 INFO  [io.api.tes.ser.api.KafkaSerdesTester] (Thread-803) Sending message msb: 1755051356093
lsb: 321
 to topic s810763a9xd672x4d1exa9faxd52c11e81f89
2025-08-13 02:15:56,094 INFO  [io.api.tes.ser.api.KafkaSerdesTester] (Thread-803) Sending message msb: 1755051356094
lsb: 321
 to topic s810763a9xd672x4d1exa9faxd52c11e81f89
2025-08-13 02:15:56,095 INFO  [io.api.tes.ser.api.KafkaSerdesTester] (Thread-803) Sending message msb: 1755051356095
lsb: 321
 to topic s810763a9xd672x4d1exa9faxd52c11e81f89
2025-08-13 02:15:56,096 INFO  [io.api.tes.ser.api.KafkaSerdesTester] (Thread-803) Sending message msb: 1755051356096
lsb: 321
 to topic s810763a9xd672x4d1exa9faxd52c11e81f89
2025-08-13 02:15:56,100 INFO  [io.api.tes.ser.api.KafkaSerdesTester] (Thread-803) Sending message msb: 1755051356100
lsb: 321
 to topic s810763a9xd672x4d1exa9faxd52c11e81f89
2025-08-13 02:15:56,103 INFO  [io.api.tes.ser.api.KafkaSerdesTester] (Thread-803) Sending message msb: 1755051356103
lsb: 321
 to topic s810763a9xd672x4d1exa9faxd52c11e81f89
2025-08-13 02:15:56,105 INFO  [io.api.tes.ser.api.KafkaSerdesTester] (Thread-803) Sending message msb: 1755051356104
lsb: 321
 to topic s810763a9xd672x4d1exa9faxd52c11e81f89
2025-08-13 02:15:56,106 INFO  [io.api.tes.ser.api.KafkaSerdesTester] (Thread-803) Sending message msb: 1755051356106
lsb: 321
 to topic s810763a9xd672x4d1exa9faxd52c11e81f89
2025-08-13 02:15:56,109 INFO  [io.api.tes.ser.api.KafkaSerdesTester] (Thread-803) Sending message msb: 1755051356109
lsb: 321
 to topic s810763a9xd672x4d1exa9faxd52c11e81f89
2025-08-13 02:15:56,110 INFO  [io.api.tes.ser.api.KafkaSerdesTester] (Thread-803) Produced 10 messages
2025-08-13 02:15:56,110 INFO  [org.apa.kaf.cli.pro.KafkaProducer] (Thread-803) [Producer clientId=Producer-s810763a9xd672x4d1exa9faxd52c11e81f89] Closing the Kafka producer with timeoutMillis = 9223372036854775807 ms.
2025-08-13 02:15:56,113 INFO  [org.apa.kaf.com.met.Metrics] (Thread-803) Metrics scheduler closed
2025-08-13 02:15:56,113 INFO  [org.apa.kaf.com.met.Metrics] (Thread-803) Closing reporter org.apache.kafka.common.metrics.JmxReporter
2025-08-13 02:15:56,113 INFO  [org.apa.kaf.com.met.Metrics] (Thread-803) Closing reporter org.apache.kafka.common.telemetry.internals.ClientTelemetryReporter
2025-08-13 02:15:56,113 INFO  [org.apa.kaf.com.met.Metrics] (Thread-803) Metrics reporters closed
2025-08-13 02:15:56,114 INFO  [org.apa.kaf.com.uti.AppInfoParser] (Thread-803) App info kafka.producer for Producer-s810763a9xd672x4d1exa9faxd52c11e81f89 unregistered
**** Registry Base URL: http://registry-app-pg17.apps.ci419.apicurio-testing.org:80
2025-08-13 02:15:56,116 INFO  [org.apa.kaf.cli.con.ConsumerConfig] (main) ConsumerConfig values: 
	allow.auto.create.topics = true
	auto.commit.interval.ms = 500
	auto.include.jmx.reporter = true
	auto.offset.reset = earliest
	bootstrap.servers = [PLAINTEXT://localhost:32769]
	check.crcs = true
	client.dns.lookup = use_all_dns_ips
	client.id = consumer-Consumer-s810763a9xd672x4d1exa9faxd52c11e81f89-27
	client.rack = 
	connections.max.idle.ms = 10000
	default.api.timeout.ms = 60000
	enable.auto.commit = true
	enable.metrics.push = true
	exclude.internal.topics = true
	fetch.max.bytes = 52428800
	fetch.max.wait.ms = 500
	fetch.min.bytes = 1
	group.id = Consumer-s810763a9xd672x4d1exa9faxd52c11e81f89
	group.instance.id = null
	group.protocol = classic
	group.remote.assignor = null
	heartbeat.interval.ms = 3000
	interceptor.classes = []
	internal.leave.group.on.close = true
	internal.throw.on.fetch.stable.offset.unsupported = false
	isolation.level = read_uncommitted
	key.deserializer = class org.apache.kafka.common.serialization.StringDeserializer
	max.partition.fetch.bytes = 1048576
	max.poll.interval.ms = 300000
	max.poll.records = 500
	metadata.max.age.ms = 300000
	metadata.recovery.strategy = none
	metric.reporters = []
	metrics.num.samples = 2
	metrics.recording.level = INFO
	metrics.sample.window.ms = 30000
	partition.assignment.strategy = [class org.apache.kafka.clients.consumer.RangeAssignor, class org.apache.kafka.clients.consumer.CooperativeStickyAssignor]
	receive.buffer.bytes = 65536
	reconnect.backoff.max.ms = 1000
	reconnect.backoff.ms = 50
	request.timeout.ms = 5000
	retry.backoff.max.ms = 1000
	retry.backoff.ms = 100
	sasl.client.callback.handler.class = null
	sasl.jaas.config = null
	sasl.kerberos.kinit.cmd = /usr/bin/kinit
	sasl.kerberos.min.time.before.relogin = 60000
	sasl.kerberos.service.name = null
	sasl.kerberos.ticket.renew.jitter = 0.05
	sasl.kerberos.ticket.renew.window.factor = 0.8
	sasl.login.callback.handler.class = null
	sasl.login.class = null
	sasl.login.connect.timeout.ms = null
	sasl.login.read.timeout.ms = null
	sasl.login.refresh.buffer.seconds = 300
	sasl.login.refresh.min.period.seconds = 60
	sasl.login.refresh.window.factor = 0.8
	sasl.login.refresh.window.jitter = 0.05
	sasl.login.retry.backoff.max.ms = 10000
	sasl.login.retry.backoff.ms = 100
	sasl.mechanism = GSSAPI
	sasl.oauthbearer.clock.skew.seconds = 30
	sasl.oauthbearer.expected.audience = null
	sasl.oauthbearer.expected.issuer = null
	sasl.oauthbearer.header.urlencode = false
	sasl.oauthbearer.jwks.endpoint.refresh.ms = 3600000
	sasl.oauthbearer.jwks.endpoint.retry.backoff.max.ms = 10000
	sasl.oauthbearer.jwks.endpoint.retry.backoff.ms = 100
	sasl.oauthbearer.jwks.endpoint.url = null
	sasl.oauthbearer.scope.claim.name = scope
	sasl.oauthbearer.sub.claim.name = sub
	sasl.oauthbearer.token.endpoint.url = null
	security.protocol = PLAINTEXT
	security.providers = null
	send.buffer.bytes = 131072
	session.timeout.ms = 45000
	socket.connection.setup.timeout.max.ms = 30000
	socket.connection.setup.timeout.ms = 10000
	ssl.cipher.suites = null
	ssl.enabled.protocols = [TLSv1.2, TLSv1.3]
	ssl.endpoint.identification.algorithm = https
	ssl.engine.factory.class = null
	ssl.key.password = null
	ssl.keymanager.algorithm = SunX509
	ssl.keystore.certificate.chain = null
	ssl.keystore.key = null
	ssl.keystore.location = null
	ssl.keystore.password = null
	ssl.keystore.type = JKS
	ssl.protocol = TLSv1.3
	ssl.provider = null
	ssl.secure.random.implementation = null
	ssl.trustmanager.algorithm = PKIX
	ssl.truststore.certificates = null
	ssl.truststore.location = null
	ssl.truststore.password = null
	ssl.truststore.type = JKS
	value.deserializer = class io.apicurio.registry.serde.protobuf.ProtobufKafkaDeserializer

2025-08-13 02:15:56,116 INFO  [org.apa.kaf.com.tel.int.KafkaMetricsCollector] (main) initializing Kafka metrics collector
2025-08-13 02:15:56,131 INFO  [org.apa.kaf.cli.con.ConsumerConfig] (main) These configurations '[apicurio.registry.url, apicurio.registry.headers.enabled]' were supplied but are not used yet.
2025-08-13 02:15:56,132 INFO  [org.apa.kaf.com.uti.AppInfoParser] (main) Kafka version: 3.9.1
2025-08-13 02:15:56,132 INFO  [org.apa.kaf.com.uti.AppInfoParser] (main) Kafka commitId: f745dfdcee2b9851
2025-08-13 02:15:56,132 INFO  [org.apa.kaf.com.uti.AppInfoParser] (main) Kafka startTimeMs: 1755051356132
2025-08-13 02:15:56,132 INFO  [org.apa.kaf.cli.con.int.ClassicKafkaConsumer] (Thread-806) [Consumer clientId=consumer-Consumer-s810763a9xd672x4d1exa9faxd52c11e81f89-27, groupId=Consumer-s810763a9xd672x4d1exa9faxd52c11e81f89] Subscribed to topic(s): s810763a9xd672x4d1exa9faxd52c11e81f89
2025-08-13 02:15:56,135 INFO  [org.apa.kaf.cli.Metadata] (Thread-806) [Consumer clientId=consumer-Consumer-s810763a9xd672x4d1exa9faxd52c11e81f89-27, groupId=Consumer-s810763a9xd672x4d1exa9faxd52c11e81f89] Cluster ID: NjaB_jQRSOy2vs25Uo6hCg
2025-08-13 02:15:56,136 INFO  [org.apa.kaf.cli.con.int.ConsumerCoordinator] (Thread-806) [Consumer clientId=consumer-Consumer-s810763a9xd672x4d1exa9faxd52c11e81f89-27, groupId=Consumer-s810763a9xd672x4d1exa9faxd52c11e81f89] Discovered group coordinator localhost:32769 (id: 2147483647 rack: null)
2025-08-13 02:15:56,138 INFO  [org.apa.kaf.cli.con.int.ConsumerCoordinator] (Thread-806) [Consumer clientId=consumer-Consumer-s810763a9xd672x4d1exa9faxd52c11e81f89-27, groupId=Consumer-s810763a9xd672x4d1exa9faxd52c11e81f89] (Re-)joining group
2025-08-13 02:15:56,139 INFO  [org.apa.kaf.cli.con.int.ConsumerCoordinator] (Thread-806) [Consumer clientId=consumer-Consumer-s810763a9xd672x4d1exa9faxd52c11e81f89-27, groupId=Consumer-s810763a9xd672x4d1exa9faxd52c11e81f89] Request joining group due to: need to re-join with the given member-id: consumer-Consumer-s810763a9xd672x4d1exa9faxd52c11e81f89-27-40655242-103a-45d5-886e-354fd14be039
2025-08-13 02:15:56,139 INFO  [org.apa.kaf.cli.con.int.ConsumerCoordinator] (Thread-806) [Consumer clientId=consumer-Consumer-s810763a9xd672x4d1exa9faxd52c11e81f89-27, groupId=Consumer-s810763a9xd672x4d1exa9faxd52c11e81f89] (Re-)joining group
2025-08-13 02:15:57,132 INFO  [io.api.tes.ser.api.KafkaSerdesTester] (Thread-806) None found
2025-08-13 02:15:58,132 INFO  [io.api.tes.ser.api.KafkaSerdesTester] (Thread-806) None found
2025-08-13 02:15:59,132 INFO  [io.api.tes.ser.api.KafkaSerdesTester] (Thread-806) None found
2025-08-13 02:15:59,141 INFO  [org.apa.kaf.cli.con.int.ConsumerCoordinator] (Thread-806) [Consumer clientId=consumer-Consumer-s810763a9xd672x4d1exa9faxd52c11e81f89-27, groupId=Consumer-s810763a9xd672x4d1exa9faxd52c11e81f89] Successfully joined group with generation Generation{generationId=5, memberId='consumer-Consumer-s810763a9xd672x4d1exa9faxd52c11e81f89-27-40655242-103a-45d5-886e-354fd14be039', protocol='range'}
2025-08-13 02:15:59,142 INFO  [org.apa.kaf.cli.con.int.ConsumerCoordinator] (Thread-806) [Consumer clientId=consumer-Consumer-s810763a9xd672x4d1exa9faxd52c11e81f89-27, groupId=Consumer-s810763a9xd672x4d1exa9faxd52c11e81f89] Finished assignment for group at generation 5: {consumer-Consumer-s810763a9xd672x4d1exa9faxd52c11e81f89-27-40655242-103a-45d5-886e-354fd14be039=Assignment(partitions=[s810763a9xd672x4d1exa9faxd52c11e81f89-0])}
2025-08-13 02:15:59,149 INFO  [org.apa.kaf.cli.con.int.ConsumerCoordinator] (Thread-806) [Consumer clientId=consumer-Consumer-s810763a9xd672x4d1exa9faxd52c11e81f89-27, groupId=Consumer-s810763a9xd672x4d1exa9faxd52c11e81f89] Successfully synced group in generation Generation{generationId=5, memberId='consumer-Consumer-s810763a9xd672x4d1exa9faxd52c11e81f89-27-40655242-103a-45d5-886e-354fd14be039', protocol='range'}
2025-08-13 02:15:59,149 INFO  [org.apa.kaf.cli.con.int.ConsumerCoordinator] (Thread-806) [Consumer clientId=consumer-Consumer-s810763a9xd672x4d1exa9faxd52c11e81f89-27, groupId=Consumer-s810763a9xd672x4d1exa9faxd52c11e81f89] Notifying assignor about the new Assignment(partitions=[s810763a9xd672x4d1exa9faxd52c11e81f89-0])
2025-08-13 02:15:59,149 INFO  [org.apa.kaf.cli.con.int.ConsumerRebalanceListenerInvoker] (Thread-806) [Consumer clientId=consumer-Consumer-s810763a9xd672x4d1exa9faxd52c11e81f89-27, groupId=Consumer-s810763a9xd672x4d1exa9faxd52c11e81f89] Adding newly assigned partitions: s810763a9xd672x4d1exa9faxd52c11e81f89-0
2025-08-13 02:15:59,150 INFO  [org.apa.kaf.cli.con.int.ConsumerUtils] (Thread-806) Setting offset for partition s810763a9xd672x4d1exa9faxd52c11e81f89-0 to the committed offset FetchPosition{offset=20, offsetEpoch=Optional[0], currentLeader=LeaderAndEpoch{leader=Optional[localhost:32769 (id: 0 rack: null)], epoch=0}}
2025-08-13 02:15:59,234 INFO  [io.api.tes.ser.api.KafkaSerdesTester] (Thread-806) s810763a9xd672x4d1exa9faxd52c11e81f89 0 20 msb: 1755051356028
lsb: 321

2025-08-13 02:15:59,234 INFO  [io.api.tes.ser.api.KafkaSerdesTester] (Thread-806) s810763a9xd672x4d1exa9faxd52c11e81f89 0 21 msb: 1755051356093
lsb: 321

2025-08-13 02:15:59,234 INFO  [io.api.tes.ser.api.KafkaSerdesTester] (Thread-806) s810763a9xd672x4d1exa9faxd52c11e81f89 0 22 msb: 1755051356094
lsb: 321

2025-08-13 02:15:59,234 INFO  [io.api.tes.ser.api.KafkaSerdesTester] (Thread-806) s810763a9xd672x4d1exa9faxd52c11e81f89 0 23 msb: 1755051356095
lsb: 321

2025-08-13 02:15:59,234 INFO  [io.api.tes.ser.api.KafkaSerdesTester] (Thread-806) s810763a9xd672x4d1exa9faxd52c11e81f89 0 24 msb: 1755051356096
lsb: 321

2025-08-13 02:15:59,236 INFO  [io.api.tes.ser.api.KafkaSerdesTester] (Thread-806) s810763a9xd672x4d1exa9faxd52c11e81f89 0 25 msb: 1755051356100
lsb: 321

2025-08-13 02:15:59,236 INFO  [io.api.tes.ser.api.KafkaSerdesTester] (Thread-806) s810763a9xd672x4d1exa9faxd52c11e81f89 0 26 msb: 1755051356103
lsb: 321

2025-08-13 02:15:59,236 INFO  [io.api.tes.ser.api.KafkaSerdesTester] (Thread-806) s810763a9xd672x4d1exa9faxd52c11e81f89 0 27 msb: 1755051356104
lsb: 321

2025-08-13 02:15:59,236 INFO  [io.api.tes.ser.api.KafkaSerdesTester] (Thread-806) s810763a9xd672x4d1exa9faxd52c11e81f89 0 28 msb: 1755051356106
lsb: 321

2025-08-13 02:15:59,237 INFO  [io.api.tes.ser.api.KafkaSerdesTester] (Thread-806) s810763a9xd672x4d1exa9faxd52c11e81f89 0 29 msb: 1755051356109
lsb: 321

2025-08-13 02:15:59,237 INFO  [io.api.tes.ser.api.KafkaSerdesTester] (Thread-806) Consumed 10 messages
2025-08-13 02:15:59,246 INFO  [org.apa.kaf.cli.con.int.ConsumerRebalanceListenerInvoker] (Thread-806) [Consumer clientId=consumer-Consumer-s810763a9xd672x4d1exa9faxd52c11e81f89-27, groupId=Consumer-s810763a9xd672x4d1exa9faxd52c11e81f89] Revoke previously assigned partitions s810763a9xd672x4d1exa9faxd52c11e81f89-0
2025-08-13 02:15:59,246 INFO  [org.apa.kaf.cli.con.int.ConsumerCoordinator] (Thread-806) [Consumer clientId=consumer-Consumer-s810763a9xd672x4d1exa9faxd52c11e81f89-27, groupId=Consumer-s810763a9xd672x4d1exa9faxd52c11e81f89] Member consumer-Consumer-s810763a9xd672x4d1exa9faxd52c11e81f89-27-40655242-103a-45d5-886e-354fd14be039 sending LeaveGroup request to coordinator localhost:32769 (id: 2147483647 rack: null) due to the consumer is being closed
2025-08-13 02:15:59,246 INFO  [org.apa.kaf.cli.con.int.ConsumerCoordinator] (Thread-806) [Consumer clientId=consumer-Consumer-s810763a9xd672x4d1exa9faxd52c11e81f89-27, groupId=Consumer-s810763a9xd672x4d1exa9faxd52c11e81f89] Resetting generation and member id due to: consumer pro-actively leaving the group
2025-08-13 02:15:59,246 INFO  [org.apa.kaf.cli.con.int.ConsumerCoordinator] (Thread-806) [Consumer clientId=consumer-Consumer-s810763a9xd672x4d1exa9faxd52c11e81f89-27, groupId=Consumer-s810763a9xd672x4d1exa9faxd52c11e81f89] Request joining group due to: consumer pro-actively leaving the group
2025-08-13 02:15:59,736 INFO  [org.apa.kaf.com.met.Metrics] (Thread-806) Metrics scheduler closed
2025-08-13 02:15:59,736 INFO  [org.apa.kaf.com.met.Metrics] (Thread-806) Closing reporter org.apache.kafka.common.metrics.JmxReporter
2025-08-13 02:15:59,736 INFO  [org.apa.kaf.com.met.Metrics] (Thread-806) Closing reporter org.apache.kafka.common.telemetry.internals.ClientTelemetryReporter
2025-08-13 02:15:59,736 INFO  [org.apa.kaf.com.met.Metrics] (Thread-806) Metrics reporters closed
2025-08-13 02:15:59,738 INFO  [org.apa.kaf.com.uti.AppInfoParser] (Thread-806) App info kafka.consumer for consumer-Consumer-s810763a9xd672x4d1exa9faxd52c11e81f89-27 unregistered
**** Registry Base URL: http://registry-app-pg17.apps.ci419.apicurio-testing.org:80
2025-08-13 02:15:59,738 INFO  [org.apa.kaf.cli.pro.ProducerConfig] (main) ProducerConfig values: 
	acks = -1
	auto.include.jmx.reporter = true
	batch.size = 16384
	bootstrap.servers = [PLAINTEXT://localhost:32769]
	buffer.memory = 33554432
	client.dns.lookup = use_all_dns_ips
	client.id = Producer-s810763a9xd672x4d1exa9faxd52c11e81f89
	compression.gzip.level = -1
	compression.lz4.level = 9
	compression.type = none
	compression.zstd.level = 3
	connections.max.idle.ms = 10000
	delivery.timeout.ms = 120000
	enable.idempotence = true
	enable.metrics.push = true
	interceptor.classes = []
	key.serializer = class org.apache.kafka.common.serialization.StringSerializer
	linger.ms = 0
	max.block.ms = 60000
	max.in.flight.requests.per.connection = 5
	max.request.size = 1048576
	metadata.max.age.ms = 300000
	metadata.max.idle.ms = 300000
	metadata.recovery.strategy = none
	metric.reporters = []
	metrics.num.samples = 2
	metrics.recording.level = INFO
	metrics.sample.window.ms = 30000
	partitioner.adaptive.partitioning.enable = true
	partitioner.availability.timeout.ms = 0
	partitioner.class = null
	partitioner.ignore.keys = false
	receive.buffer.bytes = 32768
	reconnect.backoff.max.ms = 1000
	reconnect.backoff.ms = 50
	request.timeout.ms = 5000
	retries = 2147483647
	retry.backoff.max.ms = 1000
	retry.backoff.ms = 100
	sasl.client.callback.handler.class = null
	sasl.jaas.config = null
	sasl.kerberos.kinit.cmd = /usr/bin/kinit
	sasl.kerberos.min.time.before.relogin = 60000
	sasl.kerberos.service.name = null
	sasl.kerberos.ticket.renew.jitter = 0.05
	sasl.kerberos.ticket.renew.window.factor = 0.8
	sasl.login.callback.handler.class = null
	sasl.login.class = null
	sasl.login.connect.timeout.ms = null
	sasl.login.read.timeout.ms = null
	sasl.login.refresh.buffer.seconds = 300
	sasl.login.refresh.min.period.seconds = 60
	sasl.login.refresh.window.factor = 0.8
	sasl.login.refresh.window.jitter = 0.05
	sasl.login.retry.backoff.max.ms = 10000
	sasl.login.retry.backoff.ms = 100
	sasl.mechanism = GSSAPI
	sasl.oauthbearer.clock.skew.seconds = 30
	sasl.oauthbearer.expected.audience = null
	sasl.oauthbearer.expected.issuer = null
	sasl.oauthbearer.header.urlencode = false
	sasl.oauthbearer.jwks.endpoint.refresh.ms = 3600000
	sasl.oauthbearer.jwks.endpoint.retry.backoff.max.ms = 10000
	sasl.oauthbearer.jwks.endpoint.retry.backoff.ms = 100
	sasl.oauthbearer.jwks.endpoint.url = null
	sasl.oauthbearer.scope.claim.name = scope
	sasl.oauthbearer.sub.claim.name = sub
	sasl.oauthbearer.token.endpoint.url = null
	security.protocol = PLAINTEXT
	security.providers = null
	send.buffer.bytes = 131072
	socket.connection.setup.timeout.max.ms = 30000
	socket.connection.setup.timeout.ms = 10000
	ssl.cipher.suites = null
	ssl.enabled.protocols = [TLSv1.2, TLSv1.3]
	ssl.endpoint.identification.algorithm = https
	ssl.engine.factory.class = null
	ssl.key.password = null
	ssl.keymanager.algorithm = SunX509
	ssl.keystore.certificate.chain = null
	ssl.keystore.key = null
	ssl.keystore.location = null
	ssl.keystore.password = null
	ssl.keystore.type = JKS
	ssl.protocol = TLSv1.3
	ssl.provider = null
	ssl.secure.random.implementation = null
	ssl.trustmanager.algorithm = PKIX
	ssl.truststore.certificates = null
	ssl.truststore.location = null
	ssl.truststore.password = null
	ssl.truststore.type = JKS
	transaction.timeout.ms = 60000
	transactional.id = null
	value.serializer = class io.apicurio.registry.serde.protobuf.ProtobufKafkaSerializer

2025-08-13 02:15:59,739 INFO  [org.apa.kaf.com.tel.int.KafkaMetricsCollector] (main) initializing Kafka metrics collector
2025-08-13 02:15:59,743 INFO  [org.apa.kaf.cli.pro.KafkaProducer] (main) [Producer clientId=Producer-s810763a9xd672x4d1exa9faxd52c11e81f89] Instantiated an idempotent producer.
2025-08-13 02:15:59,744 INFO  [org.apa.kaf.cli.pro.ProducerConfig] (main) These configurations '[apicurio.registry.find-latest, apicurio.registry.url, apicurio.registry.artifact-resolver-strategy]' were supplied but are not used yet.
2025-08-13 02:15:59,744 INFO  [org.apa.kaf.com.uti.AppInfoParser] (main) Kafka version: 3.9.1
2025-08-13 02:15:59,744 INFO  [org.apa.kaf.com.uti.AppInfoParser] (main) Kafka commitId: f745dfdcee2b9851
2025-08-13 02:15:59,744 INFO  [org.apa.kaf.com.uti.AppInfoParser] (main) Kafka startTimeMs: 1755051359744
2025-08-13 02:15:59,745 INFO  [io.api.tes.ser.api.KafkaSerdesTester] (Thread-809) Sending message header {
  time {
  }
}
d1: 1.755051359745E12
s1: "a"
i1: 123
bi1: 1
point {
  longitude: 22.0
  latitude: 22.0
  altitude: 1.0
}
 to topic s810763a9xd672x4d1exa9faxd52c11e81f89
2025-08-13 02:15:59,747 INFO  [org.apa.kaf.cli.Metadata] (kafka-producer-network-thread | Producer-s810763a9xd672x4d1exa9faxd52c11e81f89) [Producer clientId=Producer-s810763a9xd672x4d1exa9faxd52c11e81f89] Cluster ID: NjaB_jQRSOy2vs25Uo6hCg
2025-08-13 02:15:59,747 INFO  [org.apa.kaf.cli.pro.int.TransactionManager] (kafka-producer-network-thread | Producer-s810763a9xd672x4d1exa9faxd52c11e81f89) [Producer clientId=Producer-s810763a9xd672x4d1exa9faxd52c11e81f89] ProducerId set to 37 with epoch 0
2025-08-13 02:15:59,850 INFO  [org.apa.kaf.cli.pro.KafkaProducer] (Thread-809) [Producer clientId=Producer-s810763a9xd672x4d1exa9faxd52c11e81f89] Closing the Kafka producer with timeoutMillis = 9223372036854775807 ms.
2025-08-13 02:15:59,851 INFO  [org.apa.kaf.com.met.Metrics] (Thread-809) Metrics scheduler closed
2025-08-13 02:15:59,851 INFO  [org.apa.kaf.com.met.Metrics] (Thread-809) Closing reporter org.apache.kafka.common.metrics.JmxReporter
2025-08-13 02:15:59,851 INFO  [org.apa.kaf.com.met.Metrics] (Thread-809) Closing reporter org.apache.kafka.common.telemetry.internals.ClientTelemetryReporter
2025-08-13 02:15:59,851 INFO  [org.apa.kaf.com.met.Metrics] (Thread-809) Metrics reporters closed
2025-08-13 02:15:59,852 INFO  [org.apa.kaf.com.uti.AppInfoParser] (Thread-809) App info kafka.producer for Producer-s810763a9xd672x4d1exa9faxd52c11e81f89 unregistered
**** Registry Base URL: http://registry-app-pg17.apps.ci419.apicurio-testing.org:80
2025-08-13 02:15:59,853 INFO  [org.apa.kaf.cli.pro.ProducerConfig] (main) ProducerConfig values: 
	acks = -1
	auto.include.jmx.reporter = true
	batch.size = 16384
	bootstrap.servers = [PLAINTEXT://localhost:32769]
	buffer.memory = 33554432
	client.dns.lookup = use_all_dns_ips
	client.id = Producer-s810763a9xd672x4d1exa9faxd52c11e81f89
	compression.gzip.level = -1
	compression.lz4.level = 9
	compression.type = none
	compression.zstd.level = 3
	connections.max.idle.ms = 10000
	delivery.timeout.ms = 120000
	enable.idempotence = true
	enable.metrics.push = true
	interceptor.classes = []
	key.serializer = class org.apache.kafka.common.serialization.StringSerializer
	linger.ms = 0
	max.block.ms = 60000
	max.in.flight.requests.per.connection = 5
	max.request.size = 1048576
	metadata.max.age.ms = 300000
	metadata.max.idle.ms = 300000
	metadata.recovery.strategy = none
	metric.reporters = []
	metrics.num.samples = 2
	metrics.recording.level = INFO
	metrics.sample.window.ms = 30000
	partitioner.adaptive.partitioning.enable = true
	partitioner.availability.timeout.ms = 0
	partitioner.class = null
	partitioner.ignore.keys = false
	receive.buffer.bytes = 32768
	reconnect.backoff.max.ms = 1000
	reconnect.backoff.ms = 50
	request.timeout.ms = 5000
	retries = 2147483647
	retry.backoff.max.ms = 1000
	retry.backoff.ms = 100
	sasl.client.callback.handler.class = null
	sasl.jaas.config = null
	sasl.kerberos.kinit.cmd = /usr/bin/kinit
	sasl.kerberos.min.time.before.relogin = 60000
	sasl.kerberos.service.name = null
	sasl.kerberos.ticket.renew.jitter = 0.05
	sasl.kerberos.ticket.renew.window.factor = 0.8
	sasl.login.callback.handler.class = null
	sasl.login.class = null
	sasl.login.connect.timeout.ms = null
	sasl.login.read.timeout.ms = null
	sasl.login.refresh.buffer.seconds = 300
	sasl.login.refresh.min.period.seconds = 60
	sasl.login.refresh.window.factor = 0.8
	sasl.login.refresh.window.jitter = 0.05
	sasl.login.retry.backoff.max.ms = 10000
	sasl.login.retry.backoff.ms = 100
	sasl.mechanism = GSSAPI
	sasl.oauthbearer.clock.skew.seconds = 30
	sasl.oauthbearer.expected.audience = null
	sasl.oauthbearer.expected.issuer = null
	sasl.oauthbearer.header.urlencode = false
	sasl.oauthbearer.jwks.endpoint.refresh.ms = 3600000
	sasl.oauthbearer.jwks.endpoint.retry.backoff.max.ms = 10000
	sasl.oauthbearer.jwks.endpoint.retry.backoff.ms = 100
	sasl.oauthbearer.jwks.endpoint.url = null
	sasl.oauthbearer.scope.claim.name = scope
	sasl.oauthbearer.sub.claim.name = sub
	sasl.oauthbearer.token.endpoint.url = null
	security.protocol = PLAINTEXT
	security.providers = null
	send.buffer.bytes = 131072
	socket.connection.setup.timeout.max.ms = 30000
	socket.connection.setup.timeout.ms = 10000
	ssl.cipher.suites = null
	ssl.enabled.protocols = [TLSv1.2, TLSv1.3]
	ssl.endpoint.identification.algorithm = https
	ssl.engine.factory.class = null
	ssl.key.password = null
	ssl.keymanager.algorithm = SunX509
	ssl.keystore.certificate.chain = null
	ssl.keystore.key = null
	ssl.keystore.location = null
	ssl.keystore.password = null
	ssl.keystore.type = JKS
	ssl.protocol = TLSv1.3
	ssl.provider = null
	ssl.secure.random.implementation = null
	ssl.trustmanager.algorithm = PKIX
	ssl.truststore.certificates = null
	ssl.truststore.location = null
	ssl.truststore.password = null
	ssl.truststore.type = JKS
	transaction.timeout.ms = 60000
	transactional.id = null
	value.serializer = class io.apicurio.registry.serde.protobuf.ProtobufKafkaSerializer

2025-08-13 02:15:59,853 INFO  [org.apa.kaf.com.tel.int.KafkaMetricsCollector] (main) initializing Kafka metrics collector
2025-08-13 02:15:59,858 INFO  [org.apa.kaf.cli.pro.KafkaProducer] (main) [Producer clientId=Producer-s810763a9xd672x4d1exa9faxd52c11e81f89] Instantiated an idempotent producer.
2025-08-13 02:15:59,859 INFO  [org.apa.kaf.cli.pro.ProducerConfig] (main) These configurations '[apicurio.registry.find-latest, apicurio.registry.url, apicurio.registry.headers.enabled, apicurio.registry.artifact-resolver-strategy]' were supplied but are not used yet.
2025-08-13 02:15:59,859 INFO  [org.apa.kaf.com.uti.AppInfoParser] (main) Kafka version: 3.9.1
2025-08-13 02:15:59,859 INFO  [org.apa.kaf.com.uti.AppInfoParser] (main) Kafka commitId: f745dfdcee2b9851
2025-08-13 02:15:59,860 INFO  [org.apa.kaf.com.uti.AppInfoParser] (main) Kafka startTimeMs: 1755051359859
2025-08-13 02:15:59,860 INFO  [io.api.tes.ser.api.SimpleSerdesTesterBuilder$SimpleSerdesTester] (main) Using producer configuration: {apicurio.registry.find-latest=true, apicurio.registry.url=http://registry-app-pg17.apps.ci419.apicurio-testing.org:80/apis/registry/v3, apicurio.registry.headers.enabled=true, apicurio.registry.artifact-resolver-strategy=io.apicurio.registry.serde.strategy.TopicIdStrategy, value.serializer=io.apicurio.registry.serde.protobuf.ProtobufKafkaSerializer, request.timeout.ms=5000, acks=all, bootstrap.servers=PLAINTEXT://localhost:32769, connections.max.idle.ms=10000, key.serializer=org.apache.kafka.common.serialization.StringSerializer, client.id=Producer-s810763a9xd672x4d1exa9faxd52c11e81f89}
2025-08-13 02:15:59,860 INFO  [io.api.tes.ser.api.SimpleSerdesTesterBuilder$SimpleSerdesTester] (main) Using consumer configuration: {apicurio.registry.headers.enabled=true}
2025-08-13 02:15:59,861 INFO  [io.api.tes.ser.api.KafkaSerdesTester] (Thread-812) Sending message msb: 1755051359861
lsb: 321
 to topic s810763a9xd672x4d1exa9faxd52c11e81f89
2025-08-13 02:15:59,864 INFO  [org.apa.kaf.cli.Metadata] (kafka-producer-network-thread | Producer-s810763a9xd672x4d1exa9faxd52c11e81f89) [Producer clientId=Producer-s810763a9xd672x4d1exa9faxd52c11e81f89] Cluster ID: NjaB_jQRSOy2vs25Uo6hCg
2025-08-13 02:15:59,865 INFO  [org.apa.kaf.cli.pro.int.TransactionManager] (kafka-producer-network-thread | Producer-s810763a9xd672x4d1exa9faxd52c11e81f89) [Producer clientId=Producer-s810763a9xd672x4d1exa9faxd52c11e81f89] ProducerId set to 38 with epoch 0
2025-08-13 02:15:59,981 INFO  [io.api.tes.ser.api.KafkaSerdesTester] (Thread-812) Sending message msb: 1755051359981
lsb: 321
 to topic s810763a9xd672x4d1exa9faxd52c11e81f89
2025-08-13 02:15:59,982 INFO  [io.api.tes.ser.api.KafkaSerdesTester] (Thread-812) Sending message msb: 1755051359982
lsb: 321
 to topic s810763a9xd672x4d1exa9faxd52c11e81f89
2025-08-13 02:15:59,983 INFO  [io.api.tes.ser.api.KafkaSerdesTester] (Thread-812) Sending message msb: 1755051359983
lsb: 321
 to topic s810763a9xd672x4d1exa9faxd52c11e81f89
2025-08-13 02:15:59,984 INFO  [io.api.tes.ser.api.KafkaSerdesTester] (Thread-812) Sending message msb: 1755051359984
lsb: 321
 to topic s810763a9xd672x4d1exa9faxd52c11e81f89
2025-08-13 02:15:59,985 INFO  [io.api.tes.ser.api.KafkaSerdesTester] (Thread-812) Sending message msb: 1755051359985
lsb: 321
 to topic s810763a9xd672x4d1exa9faxd52c11e81f89
2025-08-13 02:15:59,987 INFO  [io.api.tes.ser.api.KafkaSerdesTester] (Thread-812) Sending message msb: 1755051359987
lsb: 321
 to topic s810763a9xd672x4d1exa9faxd52c11e81f89
2025-08-13 02:15:59,989 INFO  [io.api.tes.ser.api.KafkaSerdesTester] (Thread-812) Sending message msb: 1755051359989
lsb: 321
 to topic s810763a9xd672x4d1exa9faxd52c11e81f89
2025-08-13 02:15:59,991 INFO  [io.api.tes.ser.api.KafkaSerdesTester] (Thread-812) Sending message msb: 1755051359991
lsb: 321
 to topic s810763a9xd672x4d1exa9faxd52c11e81f89
2025-08-13 02:15:59,992 INFO  [io.api.tes.ser.api.KafkaSerdesTester] (Thread-812) Sending message msb: 1755051359992
lsb: 321
 to topic s810763a9xd672x4d1exa9faxd52c11e81f89
2025-08-13 02:15:59,993 INFO  [io.api.tes.ser.api.KafkaSerdesTester] (Thread-812) Produced 10 messages
2025-08-13 02:15:59,993 INFO  [org.apa.kaf.cli.pro.KafkaProducer] (Thread-812) [Producer clientId=Producer-s810763a9xd672x4d1exa9faxd52c11e81f89] Closing the Kafka producer with timeoutMillis = 9223372036854775807 ms.
2025-08-13 02:15:59,995 INFO  [org.apa.kaf.com.met.Metrics] (Thread-812) Metrics scheduler closed
2025-08-13 02:15:59,995 INFO  [org.apa.kaf.com.met.Metrics] (Thread-812) Closing reporter org.apache.kafka.common.metrics.JmxReporter
2025-08-13 02:15:59,995 INFO  [org.apa.kaf.com.met.Metrics] (Thread-812) Closing reporter org.apache.kafka.common.telemetry.internals.ClientTelemetryReporter
2025-08-13 02:15:59,995 INFO  [org.apa.kaf.com.met.Metrics] (Thread-812) Metrics reporters closed
2025-08-13 02:15:59,996 INFO  [org.apa.kaf.com.uti.AppInfoParser] (Thread-812) App info kafka.producer for Producer-s810763a9xd672x4d1exa9faxd52c11e81f89 unregistered
**** Registry Base URL: http://registry-app-pg17.apps.ci419.apicurio-testing.org:80
2025-08-13 02:15:59,996 INFO  [org.apa.kaf.cli.con.ConsumerConfig] (main) ConsumerConfig values: 
	allow.auto.create.topics = true
	auto.commit.interval.ms = 500
	auto.include.jmx.reporter = true
	auto.offset.reset = earliest
	bootstrap.servers = [PLAINTEXT://localhost:32769]
	check.crcs = true
	client.dns.lookup = use_all_dns_ips
	client.id = consumer-Consumer-s810763a9xd672x4d1exa9faxd52c11e81f89-28
	client.rack = 
	connections.max.idle.ms = 10000
	default.api.timeout.ms = 60000
	enable.auto.commit = true
	enable.metrics.push = true
	exclude.internal.topics = true
	fetch.max.bytes = 52428800
	fetch.max.wait.ms = 500
	fetch.min.bytes = 1
	group.id = Consumer-s810763a9xd672x4d1exa9faxd52c11e81f89
	group.instance.id = null
	group.protocol = classic
	group.remote.assignor = null
	heartbeat.interval.ms = 3000
	interceptor.classes = []
	internal.leave.group.on.close = true
	internal.throw.on.fetch.stable.offset.unsupported = false
	isolation.level = read_uncommitted
	key.deserializer = class org.apache.kafka.common.serialization.StringDeserializer
	max.partition.fetch.bytes = 1048576
	max.poll.interval.ms = 300000
	max.poll.records = 500
	metadata.max.age.ms = 300000
	metadata.recovery.strategy = none
	metric.reporters = []
	metrics.num.samples = 2
	metrics.recording.level = INFO
	metrics.sample.window.ms = 30000
	partition.assignment.strategy = [class org.apache.kafka.clients.consumer.RangeAssignor, class org.apache.kafka.clients.consumer.CooperativeStickyAssignor]
	receive.buffer.bytes = 65536
	reconnect.backoff.max.ms = 1000
	reconnect.backoff.ms = 50
	request.timeout.ms = 5000
	retry.backoff.max.ms = 1000
	retry.backoff.ms = 100
	sasl.client.callback.handler.class = null
	sasl.jaas.config = null
	sasl.kerberos.kinit.cmd = /usr/bin/kinit
	sasl.kerberos.min.time.before.relogin = 60000
	sasl.kerberos.service.name = null
	sasl.kerberos.ticket.renew.jitter = 0.05
	sasl.kerberos.ticket.renew.window.factor = 0.8
	sasl.login.callback.handler.class = null
	sasl.login.class = null
	sasl.login.connect.timeout.ms = null
	sasl.login.read.timeout.ms = null
	sasl.login.refresh.buffer.seconds = 300
	sasl.login.refresh.min.period.seconds = 60
	sasl.login.refresh.window.factor = 0.8
	sasl.login.refresh.window.jitter = 0.05
	sasl.login.retry.backoff.max.ms = 10000
	sasl.login.retry.backoff.ms = 100
	sasl.mechanism = GSSAPI
	sasl.oauthbearer.clock.skew.seconds = 30
	sasl.oauthbearer.expected.audience = null
	sasl.oauthbearer.expected.issuer = null
	sasl.oauthbearer.header.urlencode = false
	sasl.oauthbearer.jwks.endpoint.refresh.ms = 3600000
	sasl.oauthbearer.jwks.endpoint.retry.backoff.max.ms = 10000
	sasl.oauthbearer.jwks.endpoint.retry.backoff.ms = 100
	sasl.oauthbearer.jwks.endpoint.url = null
	sasl.oauthbearer.scope.claim.name = scope
	sasl.oauthbearer.sub.claim.name = sub
	sasl.oauthbearer.token.endpoint.url = null
	security.protocol = PLAINTEXT
	security.providers = null
	send.buffer.bytes = 131072
	session.timeout.ms = 45000
	socket.connection.setup.timeout.max.ms = 30000
	socket.connection.setup.timeout.ms = 10000
	ssl.cipher.suites = null
	ssl.enabled.protocols = [TLSv1.2, TLSv1.3]
	ssl.endpoint.identification.algorithm = https
	ssl.engine.factory.class = null
	ssl.key.password = null
	ssl.keymanager.algorithm = SunX509
	ssl.keystore.certificate.chain = null
	ssl.keystore.key = null
	ssl.keystore.location = null
	ssl.keystore.password = null
	ssl.keystore.type = JKS
	ssl.protocol = TLSv1.3
	ssl.provider = null
	ssl.secure.random.implementation = null
	ssl.trustmanager.algorithm = PKIX
	ssl.truststore.certificates = null
	ssl.truststore.location = null
	ssl.truststore.password = null
	ssl.truststore.type = JKS
	value.deserializer = class io.apicurio.registry.serde.protobuf.ProtobufKafkaDeserializer

2025-08-13 02:15:59,996 INFO  [org.apa.kaf.com.tel.int.KafkaMetricsCollector] (main) initializing Kafka metrics collector
2025-08-13 02:16:00,006 INFO  [org.apa.kaf.cli.con.ConsumerConfig] (main) These configurations '[apicurio.registry.url, apicurio.registry.headers.enabled]' were supplied but are not used yet.
2025-08-13 02:16:00,006 INFO  [org.apa.kaf.com.uti.AppInfoParser] (main) Kafka version: 3.9.1
2025-08-13 02:16:00,006 INFO  [org.apa.kaf.com.uti.AppInfoParser] (main) Kafka commitId: f745dfdcee2b9851
2025-08-13 02:16:00,006 INFO  [org.apa.kaf.com.uti.AppInfoParser] (main) Kafka startTimeMs: 1755051360006
2025-08-13 02:16:00,006 INFO  [org.apa.kaf.cli.con.int.ClassicKafkaConsumer] (Thread-815) [Consumer clientId=consumer-Consumer-s810763a9xd672x4d1exa9faxd52c11e81f89-28, groupId=Consumer-s810763a9xd672x4d1exa9faxd52c11e81f89] Subscribed to topic(s): s810763a9xd672x4d1exa9faxd52c11e81f89
2025-08-13 02:16:00,011 INFO  [org.apa.kaf.cli.Metadata] (Thread-815) [Consumer clientId=consumer-Consumer-s810763a9xd672x4d1exa9faxd52c11e81f89-28, groupId=Consumer-s810763a9xd672x4d1exa9faxd52c11e81f89] Cluster ID: NjaB_jQRSOy2vs25Uo6hCg
2025-08-13 02:16:00,012 INFO  [org.apa.kaf.cli.con.int.ConsumerCoordinator] (Thread-815) [Consumer clientId=consumer-Consumer-s810763a9xd672x4d1exa9faxd52c11e81f89-28, groupId=Consumer-s810763a9xd672x4d1exa9faxd52c11e81f89] Discovered group coordinator localhost:32769 (id: 2147483647 rack: null)
2025-08-13 02:16:00,015 INFO  [org.apa.kaf.cli.con.int.ConsumerCoordinator] (Thread-815) [Consumer clientId=consumer-Consumer-s810763a9xd672x4d1exa9faxd52c11e81f89-28, groupId=Consumer-s810763a9xd672x4d1exa9faxd52c11e81f89] (Re-)joining group
2025-08-13 02:16:00,017 INFO  [org.apa.kaf.cli.con.int.ConsumerCoordinator] (Thread-815) [Consumer clientId=consumer-Consumer-s810763a9xd672x4d1exa9faxd52c11e81f89-28, groupId=Consumer-s810763a9xd672x4d1exa9faxd52c11e81f89] Request joining group due to: need to re-join with the given member-id: consumer-Consumer-s810763a9xd672x4d1exa9faxd52c11e81f89-28-674a496d-7dfe-4294-b1a2-b01ef4ffcd47
2025-08-13 02:16:00,017 INFO  [org.apa.kaf.cli.con.int.ConsumerCoordinator] (Thread-815) [Consumer clientId=consumer-Consumer-s810763a9xd672x4d1exa9faxd52c11e81f89-28, groupId=Consumer-s810763a9xd672x4d1exa9faxd52c11e81f89] (Re-)joining group
2025-08-13 02:16:01,007 INFO  [io.api.tes.ser.api.KafkaSerdesTester] (Thread-815) None found
2025-08-13 02:16:02,007 INFO  [io.api.tes.ser.api.KafkaSerdesTester] (Thread-815) None found
2025-08-13 02:16:03,007 INFO  [io.api.tes.ser.api.KafkaSerdesTester] (Thread-815) None found
2025-08-13 02:16:03,019 INFO  [org.apa.kaf.cli.con.int.ConsumerCoordinator] (Thread-815) [Consumer clientId=consumer-Consumer-s810763a9xd672x4d1exa9faxd52c11e81f89-28, groupId=Consumer-s810763a9xd672x4d1exa9faxd52c11e81f89] Successfully joined group with generation Generation{generationId=7, memberId='consumer-Consumer-s810763a9xd672x4d1exa9faxd52c11e81f89-28-674a496d-7dfe-4294-b1a2-b01ef4ffcd47', protocol='range'}
2025-08-13 02:16:03,019 INFO  [org.apa.kaf.cli.con.int.ConsumerCoordinator] (Thread-815) [Consumer clientId=consumer-Consumer-s810763a9xd672x4d1exa9faxd52c11e81f89-28, groupId=Consumer-s810763a9xd672x4d1exa9faxd52c11e81f89] Finished assignment for group at generation 7: {consumer-Consumer-s810763a9xd672x4d1exa9faxd52c11e81f89-28-674a496d-7dfe-4294-b1a2-b01ef4ffcd47=Assignment(partitions=[s810763a9xd672x4d1exa9faxd52c11e81f89-0])}
2025-08-13 02:16:03,026 INFO  [org.apa.kaf.cli.con.int.ConsumerCoordinator] (Thread-815) [Consumer clientId=consumer-Consumer-s810763a9xd672x4d1exa9faxd52c11e81f89-28, groupId=Consumer-s810763a9xd672x4d1exa9faxd52c11e81f89] Successfully synced group in generation Generation{generationId=7, memberId='consumer-Consumer-s810763a9xd672x4d1exa9faxd52c11e81f89-28-674a496d-7dfe-4294-b1a2-b01ef4ffcd47', protocol='range'}
2025-08-13 02:16:03,026 INFO  [org.apa.kaf.cli.con.int.ConsumerCoordinator] (Thread-815) [Consumer clientId=consumer-Consumer-s810763a9xd672x4d1exa9faxd52c11e81f89-28, groupId=Consumer-s810763a9xd672x4d1exa9faxd52c11e81f89] Notifying assignor about the new Assignment(partitions=[s810763a9xd672x4d1exa9faxd52c11e81f89-0])
2025-08-13 02:16:03,026 INFO  [org.apa.kaf.cli.con.int.ConsumerRebalanceListenerInvoker] (Thread-815) [Consumer clientId=consumer-Consumer-s810763a9xd672x4d1exa9faxd52c11e81f89-28, groupId=Consumer-s810763a9xd672x4d1exa9faxd52c11e81f89] Adding newly assigned partitions: s810763a9xd672x4d1exa9faxd52c11e81f89-0
2025-08-13 02:16:03,026 INFO  [org.apa.kaf.cli.con.int.ConsumerUtils] (Thread-815) Setting offset for partition s810763a9xd672x4d1exa9faxd52c11e81f89-0 to the committed offset FetchPosition{offset=30, offsetEpoch=Optional[0], currentLeader=LeaderAndEpoch{leader=Optional[localhost:32769 (id: 0 rack: null)], epoch=0}}
2025-08-13 02:16:03,108 INFO  [io.api.tes.ser.api.KafkaSerdesTester] (Thread-815) s810763a9xd672x4d1exa9faxd52c11e81f89 0 30 msb: 1755051359861
lsb: 321

2025-08-13 02:16:03,108 INFO  [io.api.tes.ser.api.KafkaSerdesTester] (Thread-815) s810763a9xd672x4d1exa9faxd52c11e81f89 0 31 msb: 1755051359981
lsb: 321

2025-08-13 02:16:03,108 INFO  [io.api.tes.ser.api.KafkaSerdesTester] (Thread-815) s810763a9xd672x4d1exa9faxd52c11e81f89 0 32 msb: 1755051359982
lsb: 321

2025-08-13 02:16:03,108 INFO  [io.api.tes.ser.api.KafkaSerdesTester] (Thread-815) s810763a9xd672x4d1exa9faxd52c11e81f89 0 33 msb: 1755051359983
lsb: 321

2025-08-13 02:16:03,108 INFO  [io.api.tes.ser.api.KafkaSerdesTester] (Thread-815) s810763a9xd672x4d1exa9faxd52c11e81f89 0 34 msb: 1755051359984
lsb: 321

2025-08-13 02:16:03,109 INFO  [io.api.tes.ser.api.KafkaSerdesTester] (Thread-815) s810763a9xd672x4d1exa9faxd52c11e81f89 0 35 msb: 1755051359985
lsb: 321

2025-08-13 02:16:03,109 INFO  [io.api.tes.ser.api.KafkaSerdesTester] (Thread-815) s810763a9xd672x4d1exa9faxd52c11e81f89 0 36 msb: 1755051359987
lsb: 321

2025-08-13 02:16:03,109 INFO  [io.api.tes.ser.api.KafkaSerdesTester] (Thread-815) s810763a9xd672x4d1exa9faxd52c11e81f89 0 37 msb: 1755051359989
lsb: 321

2025-08-13 02:16:03,109 INFO  [io.api.tes.ser.api.KafkaSerdesTester] (Thread-815) s810763a9xd672x4d1exa9faxd52c11e81f89 0 38 msb: 1755051359991
lsb: 321

2025-08-13 02:16:03,109 INFO  [io.api.tes.ser.api.KafkaSerdesTester] (Thread-815) s810763a9xd672x4d1exa9faxd52c11e81f89 0 39 msb: 1755051359992
lsb: 321

2025-08-13 02:16:03,109 INFO  [io.api.tes.ser.api.KafkaSerdesTester] (Thread-815) Consumed 10 messages
2025-08-13 02:16:03,118 INFO  [org.apa.kaf.cli.con.int.ConsumerRebalanceListenerInvoker] (Thread-815) [Consumer clientId=consumer-Consumer-s810763a9xd672x4d1exa9faxd52c11e81f89-28, groupId=Consumer-s810763a9xd672x4d1exa9faxd52c11e81f89] Revoke previously assigned partitions s810763a9xd672x4d1exa9faxd52c11e81f89-0
2025-08-13 02:16:03,119 INFO  [org.apa.kaf.cli.con.int.ConsumerCoordinator] (Thread-815) [Consumer clientId=consumer-Consumer-s810763a9xd672x4d1exa9faxd52c11e81f89-28, groupId=Consumer-s810763a9xd672x4d1exa9faxd52c11e81f89] Member consumer-Consumer-s810763a9xd672x4d1exa9faxd52c11e81f89-28-674a496d-7dfe-4294-b1a2-b01ef4ffcd47 sending LeaveGroup request to coordinator localhost:32769 (id: 2147483647 rack: null) due to the consumer is being closed
2025-08-13 02:16:03,119 INFO  [org.apa.kaf.cli.con.int.ConsumerCoordinator] (Thread-815) [Consumer clientId=consumer-Consumer-s810763a9xd672x4d1exa9faxd52c11e81f89-28, groupId=Consumer-s810763a9xd672x4d1exa9faxd52c11e81f89] Resetting generation and member id due to: consumer pro-actively leaving the group
2025-08-13 02:16:03,119 INFO  [org.apa.kaf.cli.con.int.ConsumerCoordinator] (Thread-815) [Consumer clientId=consumer-Consumer-s810763a9xd672x4d1exa9faxd52c11e81f89-28, groupId=Consumer-s810763a9xd672x4d1exa9faxd52c11e81f89] Request joining group due to: consumer pro-actively leaving the group
2025-08-13 02:16:03,612 INFO  [org.apa.kaf.com.met.Metrics] (Thread-815) Metrics scheduler closed
2025-08-13 02:16:03,612 INFO  [org.apa.kaf.com.met.Metrics] (Thread-815) Closing reporter org.apache.kafka.common.metrics.JmxReporter
2025-08-13 02:16:03,612 INFO  [org.apa.kaf.com.met.Metrics] (Thread-815) Closing reporter org.apache.kafka.common.telemetry.internals.ClientTelemetryReporter
2025-08-13 02:16:03,612 INFO  [org.apa.kaf.com.met.Metrics] (Thread-815) Metrics reporters closed
2025-08-13 02:16:03,614 INFO  [org.apa.kaf.com.uti.AppInfoParser] (Thread-815) App info kafka.consumer for consumer-Consumer-s810763a9xd672x4d1exa9faxd52c11e81f89-28 unregistered
**** Registry Base URL: http://registry-app-pg17.apps.ci419.apicurio-testing.org:80
2025-08-13 02:16:03,615 INFO  [org.apa.kaf.cli.pro.ProducerConfig] (main) ProducerConfig values: 
	acks = -1
	auto.include.jmx.reporter = true
	batch.size = 16384
	bootstrap.servers = [PLAINTEXT://localhost:32769]
	buffer.memory = 33554432
	client.dns.lookup = use_all_dns_ips
	client.id = Producer-s810763a9xd672x4d1exa9faxd52c11e81f89
	compression.gzip.level = -1
	compression.lz4.level = 9
	compression.type = none
	compression.zstd.level = 3
	connections.max.idle.ms = 10000
	delivery.timeout.ms = 120000
	enable.idempotence = true
	enable.metrics.push = true
	interceptor.classes = []
	key.serializer = class org.apache.kafka.common.serialization.StringSerializer
	linger.ms = 0
	max.block.ms = 60000
	max.in.flight.requests.per.connection = 5
	max.request.size = 1048576
	metadata.max.age.ms = 300000
	metadata.max.idle.ms = 300000
	metadata.recovery.strategy = none
	metric.reporters = []
	metrics.num.samples = 2
	metrics.recording.level = INFO
	metrics.sample.window.ms = 30000
	partitioner.adaptive.partitioning.enable = true
	partitioner.availability.timeout.ms = 0
	partitioner.class = null
	partitioner.ignore.keys = false
	receive.buffer.bytes = 32768
	reconnect.backoff.max.ms = 1000
	reconnect.backoff.ms = 50
	request.timeout.ms = 5000
	retries = 2147483647
	retry.backoff.max.ms = 1000
	retry.backoff.ms = 100
	sasl.client.callback.handler.class = null
	sasl.jaas.config = null
	sasl.kerberos.kinit.cmd = /usr/bin/kinit
	sasl.kerberos.min.time.before.relogin = 60000
	sasl.kerberos.service.name = null
	sasl.kerberos.ticket.renew.jitter = 0.05
	sasl.kerberos.ticket.renew.window.factor = 0.8
	sasl.login.callback.handler.class = null
	sasl.login.class = null
	sasl.login.connect.timeout.ms = null
	sasl.login.read.timeout.ms = null
	sasl.login.refresh.buffer.seconds = 300
	sasl.login.refresh.min.period.seconds = 60
	sasl.login.refresh.window.factor = 0.8
	sasl.login.refresh.window.jitter = 0.05
	sasl.login.retry.backoff.max.ms = 10000
	sasl.login.retry.backoff.ms = 100
	sasl.mechanism = GSSAPI
	sasl.oauthbearer.clock.skew.seconds = 30
	sasl.oauthbearer.expected.audience = null
	sasl.oauthbearer.expected.issuer = null
	sasl.oauthbearer.header.urlencode = false
	sasl.oauthbearer.jwks.endpoint.refresh.ms = 3600000
	sasl.oauthbearer.jwks.endpoint.retry.backoff.max.ms = 10000
	sasl.oauthbearer.jwks.endpoint.retry.backoff.ms = 100
	sasl.oauthbearer.jwks.endpoint.url = null
	sasl.oauthbearer.scope.claim.name = scope
	sasl.oauthbearer.sub.claim.name = sub
	sasl.oauthbearer.token.endpoint.url = null
	security.protocol = PLAINTEXT
	security.providers = null
	send.buffer.bytes = 131072
	socket.connection.setup.timeout.max.ms = 30000
	socket.connection.setup.timeout.ms = 10000
	ssl.cipher.suites = null
	ssl.enabled.protocols = [TLSv1.2, TLSv1.3]
	ssl.endpoint.identification.algorithm = https
	ssl.engine.factory.class = null
	ssl.key.password = null
	ssl.keymanager.algorithm = SunX509
	ssl.keystore.certificate.chain = null
	ssl.keystore.key = null
	ssl.keystore.location = null
	ssl.keystore.password = null
	ssl.keystore.type = JKS
	ssl.protocol = TLSv1.3
	ssl.provider = null
	ssl.secure.random.implementation = null
	ssl.trustmanager.algorithm = PKIX
	ssl.truststore.certificates = null
	ssl.truststore.location = null
	ssl.truststore.password = null
	ssl.truststore.type = JKS
	transaction.timeout.ms = 60000
	transactional.id = null
	value.serializer = class io.apicurio.registry.serde.protobuf.ProtobufKafkaSerializer

2025-08-13 02:16:03,615 INFO  [org.apa.kaf.com.tel.int.KafkaMetricsCollector] (main) initializing Kafka metrics collector
2025-08-13 02:16:03,619 INFO  [org.apa.kaf.cli.pro.KafkaProducer] (main) [Producer clientId=Producer-s810763a9xd672x4d1exa9faxd52c11e81f89] Instantiated an idempotent producer.
2025-08-13 02:16:03,620 INFO  [org.apa.kaf.cli.pro.ProducerConfig] (main) These configurations '[apicurio.registry.url, apicurio.registry.headers.enabled, apicurio.registry.artifact-resolver-strategy, apicurio.registry.artifact.version]' were supplied but are not used yet.
2025-08-13 02:16:03,620 INFO  [org.apa.kaf.com.uti.AppInfoParser] (main) Kafka version: 3.9.1
2025-08-13 02:16:03,620 INFO  [org.apa.kaf.com.uti.AppInfoParser] (main) Kafka commitId: f745dfdcee2b9851
2025-08-13 02:16:03,620 INFO  [org.apa.kaf.com.uti.AppInfoParser] (main) Kafka startTimeMs: 1755051363620
2025-08-13 02:16:03,620 INFO  [io.api.tes.ser.api.SimpleSerdesTesterBuilder$SimpleSerdesTester] (main) Using producer configuration: {apicurio.registry.url=http://registry-app-pg17.apps.ci419.apicurio-testing.org:80/apis/registry/v3, apicurio.registry.headers.enabled=true, apicurio.registry.artifact-resolver-strategy=io.apicurio.registry.serde.strategy.TopicIdStrategy, value.serializer=io.apicurio.registry.serde.protobuf.ProtobufKafkaSerializer, request.timeout.ms=5000, acks=all, bootstrap.servers=PLAINTEXT://localhost:32769, connections.max.idle.ms=10000, apicurio.registry.artifact.version=2, key.serializer=org.apache.kafka.common.serialization.StringSerializer, client.id=Producer-s810763a9xd672x4d1exa9faxd52c11e81f89}
2025-08-13 02:16:03,620 INFO  [io.api.tes.ser.api.SimpleSerdesTesterBuilder$SimpleSerdesTester] (main) Using consumer configuration: {apicurio.registry.headers.enabled=true}
2025-08-13 02:16:03,624 INFO  [io.api.tes.ser.api.KafkaSerdesTester] (Thread-818) Sending message msb: 1755051363624
lsb: 321
 to topic s810763a9xd672x4d1exa9faxd52c11e81f89
2025-08-13 02:16:03,624 INFO  [org.apa.kaf.cli.Metadata] (kafka-producer-network-thread | Producer-s810763a9xd672x4d1exa9faxd52c11e81f89) [Producer clientId=Producer-s810763a9xd672x4d1exa9faxd52c11e81f89] Cluster ID: NjaB_jQRSOy2vs25Uo6hCg
2025-08-13 02:16:03,626 INFO  [org.apa.kaf.cli.pro.int.TransactionManager] (kafka-producer-network-thread | Producer-s810763a9xd672x4d1exa9faxd52c11e81f89) [Producer clientId=Producer-s810763a9xd672x4d1exa9faxd52c11e81f89] ProducerId set to 39 with epoch 0
2025-08-13 02:16:03,728 INFO  [io.api.tes.ser.api.KafkaSerdesTester] (Thread-818) Sending message msb: 1755051363728
lsb: 321
 to topic s810763a9xd672x4d1exa9faxd52c11e81f89
2025-08-13 02:16:03,729 INFO  [io.api.tes.ser.api.KafkaSerdesTester] (Thread-818) Sending message msb: 1755051363729
lsb: 321
 to topic s810763a9xd672x4d1exa9faxd52c11e81f89
2025-08-13 02:16:03,730 INFO  [io.api.tes.ser.api.KafkaSerdesTester] (Thread-818) Sending message msb: 1755051363730
lsb: 321
 to topic s810763a9xd672x4d1exa9faxd52c11e81f89
2025-08-13 02:16:03,731 INFO  [io.api.tes.ser.api.KafkaSerdesTester] (Thread-818) Sending message msb: 1755051363731
lsb: 321
 to topic s810763a9xd672x4d1exa9faxd52c11e81f89
2025-08-13 02:16:03,732 INFO  [io.api.tes.ser.api.KafkaSerdesTester] (Thread-818) Sending message msb: 1755051363732
lsb: 321
 to topic s810763a9xd672x4d1exa9faxd52c11e81f89
2025-08-13 02:16:03,733 INFO  [io.api.tes.ser.api.KafkaSerdesTester] (Thread-818) Sending message msb: 1755051363733
lsb: 321
 to topic s810763a9xd672x4d1exa9faxd52c11e81f89
2025-08-13 02:16:03,734 INFO  [io.api.tes.ser.api.KafkaSerdesTester] (Thread-818) Sending message msb: 1755051363734
lsb: 321
 to topic s810763a9xd672x4d1exa9faxd52c11e81f89
2025-08-13 02:16:03,736 INFO  [io.api.tes.ser.api.KafkaSerdesTester] (Thread-818) Sending message msb: 1755051363736
lsb: 321
 to topic s810763a9xd672x4d1exa9faxd52c11e81f89
2025-08-13 02:16:03,737 INFO  [io.api.tes.ser.api.KafkaSerdesTester] (Thread-818) Sending message msb: 1755051363737
lsb: 321
 to topic s810763a9xd672x4d1exa9faxd52c11e81f89
2025-08-13 02:16:03,738 INFO  [io.api.tes.ser.api.KafkaSerdesTester] (Thread-818) Produced 10 messages
2025-08-13 02:16:03,738 INFO  [org.apa.kaf.cli.pro.KafkaProducer] (Thread-818) [Producer clientId=Producer-s810763a9xd672x4d1exa9faxd52c11e81f89] Closing the Kafka producer with timeoutMillis = 9223372036854775807 ms.
2025-08-13 02:16:03,741 INFO  [org.apa.kaf.com.met.Metrics] (Thread-818) Metrics scheduler closed
2025-08-13 02:16:03,741 INFO  [org.apa.kaf.com.met.Metrics] (Thread-818) Closing reporter org.apache.kafka.common.metrics.JmxReporter
2025-08-13 02:16:03,741 INFO  [org.apa.kaf.com.met.Metrics] (Thread-818) Closing reporter org.apache.kafka.common.telemetry.internals.ClientTelemetryReporter
2025-08-13 02:16:03,741 INFO  [org.apa.kaf.com.met.Metrics] (Thread-818) Metrics reporters closed
2025-08-13 02:16:03,741 INFO  [org.apa.kaf.com.uti.AppInfoParser] (Thread-818) App info kafka.producer for Producer-s810763a9xd672x4d1exa9faxd52c11e81f89 unregistered
**** Registry Base URL: http://registry-app-pg17.apps.ci419.apicurio-testing.org:80
2025-08-13 02:16:03,742 INFO  [org.apa.kaf.cli.con.ConsumerConfig] (main) ConsumerConfig values: 
	allow.auto.create.topics = true
	auto.commit.interval.ms = 500
	auto.include.jmx.reporter = true
	auto.offset.reset = earliest
	bootstrap.servers = [PLAINTEXT://localhost:32769]
	check.crcs = true
	client.dns.lookup = use_all_dns_ips
	client.id = consumer-Consumer-s810763a9xd672x4d1exa9faxd52c11e81f89-29
	client.rack = 
	connections.max.idle.ms = 10000
	default.api.timeout.ms = 60000
	enable.auto.commit = true
	enable.metrics.push = true
	exclude.internal.topics = true
	fetch.max.bytes = 52428800
	fetch.max.wait.ms = 500
	fetch.min.bytes = 1
	group.id = Consumer-s810763a9xd672x4d1exa9faxd52c11e81f89
	group.instance.id = null
	group.protocol = classic
	group.remote.assignor = null
	heartbeat.interval.ms = 3000
	interceptor.classes = []
	internal.leave.group.on.close = true
	internal.throw.on.fetch.stable.offset.unsupported = false
	isolation.level = read_uncommitted
	key.deserializer = class org.apache.kafka.common.serialization.StringDeserializer
	max.partition.fetch.bytes = 1048576
	max.poll.interval.ms = 300000
	max.poll.records = 500
	metadata.max.age.ms = 300000
	metadata.recovery.strategy = none
	metric.reporters = []
	metrics.num.samples = 2
	metrics.recording.level = INFO
	metrics.sample.window.ms = 30000
	partition.assignment.strategy = [class org.apache.kafka.clients.consumer.RangeAssignor, class org.apache.kafka.clients.consumer.CooperativeStickyAssignor]
	receive.buffer.bytes = 65536
	reconnect.backoff.max.ms = 1000
	reconnect.backoff.ms = 50
	request.timeout.ms = 5000
	retry.backoff.max.ms = 1000
	retry.backoff.ms = 100
	sasl.client.callback.handler.class = null
	sasl.jaas.config = null
	sasl.kerberos.kinit.cmd = /usr/bin/kinit
	sasl.kerberos.min.time.before.relogin = 60000
	sasl.kerberos.service.name = null
	sasl.kerberos.ticket.renew.jitter = 0.05
	sasl.kerberos.ticket.renew.window.factor = 0.8
	sasl.login.callback.handler.class = null
	sasl.login.class = null
	sasl.login.connect.timeout.ms = null
	sasl.login.read.timeout.ms = null
	sasl.login.refresh.buffer.seconds = 300
	sasl.login.refresh.min.period.seconds = 60
	sasl.login.refresh.window.factor = 0.8
	sasl.login.refresh.window.jitter = 0.05
	sasl.login.retry.backoff.max.ms = 10000
	sasl.login.retry.backoff.ms = 100
	sasl.mechanism = GSSAPI
	sasl.oauthbearer.clock.skew.seconds = 30
	sasl.oauthbearer.expected.audience = null
	sasl.oauthbearer.expected.issuer = null
	sasl.oauthbearer.header.urlencode = false
	sasl.oauthbearer.jwks.endpoint.refresh.ms = 3600000
	sasl.oauthbearer.jwks.endpoint.retry.backoff.max.ms = 10000
	sasl.oauthbearer.jwks.endpoint.retry.backoff.ms = 100
	sasl.oauthbearer.jwks.endpoint.url = null
	sasl.oauthbearer.scope.claim.name = scope
	sasl.oauthbearer.sub.claim.name = sub
	sasl.oauthbearer.token.endpoint.url = null
	security.protocol = PLAINTEXT
	security.providers = null
	send.buffer.bytes = 131072
	session.timeout.ms = 45000
	socket.connection.setup.timeout.max.ms = 30000
	socket.connection.setup.timeout.ms = 10000
	ssl.cipher.suites = null
	ssl.enabled.protocols = [TLSv1.2, TLSv1.3]
	ssl.endpoint.identification.algorithm = https
	ssl.engine.factory.class = null
	ssl.key.password = null
	ssl.keymanager.algorithm = SunX509
	ssl.keystore.certificate.chain = null
	ssl.keystore.key = null
	ssl.keystore.location = null
	ssl.keystore.password = null
	ssl.keystore.type = JKS
	ssl.protocol = TLSv1.3
	ssl.provider = null
	ssl.secure.random.implementation = null
	ssl.trustmanager.algorithm = PKIX
	ssl.truststore.certificates = null
	ssl.truststore.location = null
	ssl.truststore.password = null
	ssl.truststore.type = JKS
	value.deserializer = class io.apicurio.registry.serde.protobuf.ProtobufKafkaDeserializer

2025-08-13 02:16:03,742 INFO  [org.apa.kaf.com.tel.int.KafkaMetricsCollector] (main) initializing Kafka metrics collector
2025-08-13 02:16:03,748 INFO  [org.apa.kaf.cli.con.ConsumerConfig] (main) These configurations '[apicurio.registry.url, apicurio.registry.headers.enabled]' were supplied but are not used yet.
2025-08-13 02:16:03,748 INFO  [org.apa.kaf.com.uti.AppInfoParser] (main) Kafka version: 3.9.1
2025-08-13 02:16:03,748 INFO  [org.apa.kaf.com.uti.AppInfoParser] (main) Kafka commitId: f745dfdcee2b9851
2025-08-13 02:16:03,748 INFO  [org.apa.kaf.com.uti.AppInfoParser] (main) Kafka startTimeMs: 1755051363748
2025-08-13 02:16:03,750 INFO  [org.apa.kaf.cli.con.int.ClassicKafkaConsumer] (Thread-821) [Consumer clientId=consumer-Consumer-s810763a9xd672x4d1exa9faxd52c11e81f89-29, groupId=Consumer-s810763a9xd672x4d1exa9faxd52c11e81f89] Subscribed to topic(s): s810763a9xd672x4d1exa9faxd52c11e81f89
2025-08-13 02:16:03,756 INFO  [org.apa.kaf.cli.Metadata] (Thread-821) [Consumer clientId=consumer-Consumer-s810763a9xd672x4d1exa9faxd52c11e81f89-29, groupId=Consumer-s810763a9xd672x4d1exa9faxd52c11e81f89] Cluster ID: NjaB_jQRSOy2vs25Uo6hCg
2025-08-13 02:16:03,757 INFO  [org.apa.kaf.cli.con.int.ConsumerCoordinator] (Thread-821) [Consumer clientId=consumer-Consumer-s810763a9xd672x4d1exa9faxd52c11e81f89-29, groupId=Consumer-s810763a9xd672x4d1exa9faxd52c11e81f89] Discovered group coordinator localhost:32769 (id: 2147483647 rack: null)
2025-08-13 02:16:03,759 INFO  [org.apa.kaf.cli.con.int.ConsumerCoordinator] (Thread-821) [Consumer clientId=consumer-Consumer-s810763a9xd672x4d1exa9faxd52c11e81f89-29, groupId=Consumer-s810763a9xd672x4d1exa9faxd52c11e81f89] (Re-)joining group
2025-08-13 02:16:03,762 INFO  [org.apa.kaf.cli.con.int.ConsumerCoordinator] (Thread-821) [Consumer clientId=consumer-Consumer-s810763a9xd672x4d1exa9faxd52c11e81f89-29, groupId=Consumer-s810763a9xd672x4d1exa9faxd52c11e81f89] Request joining group due to: need to re-join with the given member-id: consumer-Consumer-s810763a9xd672x4d1exa9faxd52c11e81f89-29-ef1e08c1-79d4-4839-9735-35706d6f5be1
2025-08-13 02:16:03,762 INFO  [org.apa.kaf.cli.con.int.ConsumerCoordinator] (Thread-821) [Consumer clientId=consumer-Consumer-s810763a9xd672x4d1exa9faxd52c11e81f89-29, groupId=Consumer-s810763a9xd672x4d1exa9faxd52c11e81f89] (Re-)joining group
2025-08-13 02:16:04,750 INFO  [io.api.tes.ser.api.KafkaSerdesTester] (Thread-821) None found
2025-08-13 02:16:05,750 INFO  [io.api.tes.ser.api.KafkaSerdesTester] (Thread-821) None found
2025-08-13 02:16:06,750 INFO  [io.api.tes.ser.api.KafkaSerdesTester] (Thread-821) None found
2025-08-13 02:16:06,763 INFO  [org.apa.kaf.cli.con.int.ConsumerCoordinator] (Thread-821) [Consumer clientId=consumer-Consumer-s810763a9xd672x4d1exa9faxd52c11e81f89-29, groupId=Consumer-s810763a9xd672x4d1exa9faxd52c11e81f89] Successfully joined group with generation Generation{generationId=9, memberId='consumer-Consumer-s810763a9xd672x4d1exa9faxd52c11e81f89-29-ef1e08c1-79d4-4839-9735-35706d6f5be1', protocol='range'}
2025-08-13 02:16:06,764 INFO  [org.apa.kaf.cli.con.int.ConsumerCoordinator] (Thread-821) [Consumer clientId=consumer-Consumer-s810763a9xd672x4d1exa9faxd52c11e81f89-29, groupId=Consumer-s810763a9xd672x4d1exa9faxd52c11e81f89] Finished assignment for group at generation 9: {consumer-Consumer-s810763a9xd672x4d1exa9faxd52c11e81f89-29-ef1e08c1-79d4-4839-9735-35706d6f5be1=Assignment(partitions=[s810763a9xd672x4d1exa9faxd52c11e81f89-0])}
2025-08-13 02:16:06,770 INFO  [org.apa.kaf.cli.con.int.ConsumerCoordinator] (Thread-821) [Consumer clientId=consumer-Consumer-s810763a9xd672x4d1exa9faxd52c11e81f89-29, groupId=Consumer-s810763a9xd672x4d1exa9faxd52c11e81f89] Successfully synced group in generation Generation{generationId=9, memberId='consumer-Consumer-s810763a9xd672x4d1exa9faxd52c11e81f89-29-ef1e08c1-79d4-4839-9735-35706d6f5be1', protocol='range'}
2025-08-13 02:16:06,770 INFO  [org.apa.kaf.cli.con.int.ConsumerCoordinator] (Thread-821) [Consumer clientId=consumer-Consumer-s810763a9xd672x4d1exa9faxd52c11e81f89-29, groupId=Consumer-s810763a9xd672x4d1exa9faxd52c11e81f89] Notifying assignor about the new Assignment(partitions=[s810763a9xd672x4d1exa9faxd52c11e81f89-0])
2025-08-13 02:16:06,770 INFO  [org.apa.kaf.cli.con.int.ConsumerRebalanceListenerInvoker] (Thread-821) [Consumer clientId=consumer-Consumer-s810763a9xd672x4d1exa9faxd52c11e81f89-29, groupId=Consumer-s810763a9xd672x4d1exa9faxd52c11e81f89] Adding newly assigned partitions: s810763a9xd672x4d1exa9faxd52c11e81f89-0
2025-08-13 02:16:06,771 INFO  [org.apa.kaf.cli.con.int.ConsumerUtils] (Thread-821) Setting offset for partition s810763a9xd672x4d1exa9faxd52c11e81f89-0 to the committed offset FetchPosition{offset=40, offsetEpoch=Optional[0], currentLeader=LeaderAndEpoch{leader=Optional[localhost:32769 (id: 0 rack: null)], epoch=0}}
2025-08-13 02:16:06,851 INFO  [io.api.tes.ser.api.KafkaSerdesTester] (Thread-821) s810763a9xd672x4d1exa9faxd52c11e81f89 0 40 msb: 1755051363624
lsb: 321

2025-08-13 02:16:06,851 INFO  [io.api.tes.ser.api.KafkaSerdesTester] (Thread-821) s810763a9xd672x4d1exa9faxd52c11e81f89 0 41 msb: 1755051363728
lsb: 321

2025-08-13 02:16:06,851 INFO  [io.api.tes.ser.api.KafkaSerdesTester] (Thread-821) s810763a9xd672x4d1exa9faxd52c11e81f89 0 42 msb: 1755051363729
lsb: 321

2025-08-13 02:16:06,851 INFO  [io.api.tes.ser.api.KafkaSerdesTester] (Thread-821) s810763a9xd672x4d1exa9faxd52c11e81f89 0 43 msb: 1755051363730
lsb: 321

2025-08-13 02:16:06,851 INFO  [io.api.tes.ser.api.KafkaSerdesTester] (Thread-821) s810763a9xd672x4d1exa9faxd52c11e81f89 0 44 msb: 1755051363731
lsb: 321

2025-08-13 02:16:06,852 INFO  [io.api.tes.ser.api.KafkaSerdesTester] (Thread-821) s810763a9xd672x4d1exa9faxd52c11e81f89 0 45 msb: 1755051363732
lsb: 321

2025-08-13 02:16:06,852 INFO  [io.api.tes.ser.api.KafkaSerdesTester] (Thread-821) s810763a9xd672x4d1exa9faxd52c11e81f89 0 46 msb: 1755051363733
lsb: 321

2025-08-13 02:16:06,852 INFO  [io.api.tes.ser.api.KafkaSerdesTester] (Thread-821) s810763a9xd672x4d1exa9faxd52c11e81f89 0 47 msb: 1755051363734
lsb: 321

2025-08-13 02:16:06,852 INFO  [io.api.tes.ser.api.KafkaSerdesTester] (Thread-821) s810763a9xd672x4d1exa9faxd52c11e81f89 0 48 msb: 1755051363736
lsb: 321

2025-08-13 02:16:06,852 INFO  [io.api.tes.ser.api.KafkaSerdesTester] (Thread-821) s810763a9xd672x4d1exa9faxd52c11e81f89 0 49 msb: 1755051363737
lsb: 321

2025-08-13 02:16:06,852 INFO  [io.api.tes.ser.api.KafkaSerdesTester] (Thread-821) Consumed 10 messages
2025-08-13 02:16:06,860 INFO  [org.apa.kaf.cli.con.int.ConsumerRebalanceListenerInvoker] (Thread-821) [Consumer clientId=consumer-Consumer-s810763a9xd672x4d1exa9faxd52c11e81f89-29, groupId=Consumer-s810763a9xd672x4d1exa9faxd52c11e81f89] Revoke previously assigned partitions s810763a9xd672x4d1exa9faxd52c11e81f89-0
2025-08-13 02:16:06,860 INFO  [org.apa.kaf.cli.con.int.ConsumerCoordinator] (Thread-821) [Consumer clientId=consumer-Consumer-s810763a9xd672x4d1exa9faxd52c11e81f89-29, groupId=Consumer-s810763a9xd672x4d1exa9faxd52c11e81f89] Member consumer-Consumer-s810763a9xd672x4d1exa9faxd52c11e81f89-29-ef1e08c1-79d4-4839-9735-35706d6f5be1 sending LeaveGroup request to coordinator localhost:32769 (id: 2147483647 rack: null) due to the consumer is being closed
2025-08-13 02:16:06,860 INFO  [org.apa.kaf.cli.con.int.ConsumerCoordinator] (Thread-821) [Consumer clientId=consumer-Consumer-s810763a9xd672x4d1exa9faxd52c11e81f89-29, groupId=Consumer-s810763a9xd672x4d1exa9faxd52c11e81f89] Resetting generation and member id due to: consumer pro-actively leaving the group
2025-08-13 02:16:06,860 INFO  [org.apa.kaf.cli.con.int.ConsumerCoordinator] (Thread-821) [Consumer clientId=consumer-Consumer-s810763a9xd672x4d1exa9faxd52c11e81f89-29, groupId=Consumer-s810763a9xd672x4d1exa9faxd52c11e81f89] Request joining group due to: consumer pro-actively leaving the group
2025-08-13 02:16:07,354 INFO  [org.apa.kaf.com.met.Metrics] (Thread-821) Metrics scheduler closed
2025-08-13 02:16:07,354 INFO  [org.apa.kaf.com.met.Metrics] (Thread-821) Closing reporter org.apache.kafka.common.metrics.JmxReporter
2025-08-13 02:16:07,355 INFO  [org.apa.kaf.com.met.Metrics] (Thread-821) Closing reporter org.apache.kafka.common.telemetry.internals.ClientTelemetryReporter
2025-08-13 02:16:07,355 INFO  [org.apa.kaf.com.met.Metrics] (Thread-821) Metrics reporters closed
2025-08-13 02:16:07,356 INFO  [org.apa.kaf.com.uti.AppInfoParser] (Thread-821) App info kafka.consumer for consumer-Consumer-s810763a9xd672x4d1exa9faxd52c11e81f89-29 unregistered
2025-08-13 02:16:07,357 INFO  [io.api.tes.uti.TestSeparator] (main) io.apicurio.tests.serdes.apicurio.ProtobufSerdeIT.testValidation-FINISHED
2025-08-13 02:16:07,357 INFO  [io.api.tes.uti.TestSeparator] (main) ############################################################################
Test passed: testValidation
]]></system-out>
  </testcase>
  <testcase name="testArtifactNotFound" classname="io.apicurio.tests.serdes.apicurio.ProtobufSerdeIT" time="0.004">
    <system-out><![CDATA[2025-08-13 02:16:07,358 INFO  [io.api.tes.uti.TestSeparator] (main) ############################################################################
2025-08-13 02:16:07,358 INFO  [io.api.tes.uti.TestSeparator] (main) io.apicurio.tests.serdes.apicurio.ProtobufSerdeIT.testArtifactNotFound-STARTED
2025-08-13 02:16:07,360 INFO  [io.api.tes.uti.TestSeparator] (main) io.apicurio.tests.serdes.apicurio.ProtobufSerdeIT.testArtifactNotFound-FINISHED
2025-08-13 02:16:07,360 INFO  [io.api.tes.uti.TestSeparator] (main) ############################################################################
Test passed: testArtifactNotFound
]]></system-out>
  </testcase>
  <testcase name="testTopicIdStrategyFindLatest" classname="io.apicurio.tests.serdes.apicurio.ProtobufSerdeIT" time="1.098">
    <system-out><![CDATA[2025-08-13 02:16:07,362 INFO  [io.api.tes.uti.TestSeparator] (main) ############################################################################
2025-08-13 02:16:07,362 INFO  [io.api.tes.uti.TestSeparator] (main) io.apicurio.tests.serdes.apicurio.ProtobufSerdeIT.testTopicIdStrategyFindLatest-STARTED
2025-08-13 02:16:08,458 INFO  [io.api.tes.uti.TestSeparator] (main) io.apicurio.tests.serdes.apicurio.ProtobufSerdeIT.testTopicIdStrategyFindLatest-FINISHED
2025-08-13 02:16:08,458 INFO  [io.api.tes.uti.TestSeparator] (main) ############################################################################
Test passed: testTopicIdStrategyFindLatest
]]></system-out>
  </testcase>
  <testcase name="testWrongSchemaFindLatest" classname="io.apicurio.tests.serdes.apicurio.ProtobufSerdeIT" time="1.07">
    <system-out><![CDATA[2025-08-13 02:16:08,460 INFO  [io.api.tes.uti.TestSeparator] (main) ############################################################################
2025-08-13 02:16:08,460 INFO  [io.api.tes.uti.TestSeparator] (main) io.apicurio.tests.serdes.apicurio.ProtobufSerdeIT.testWrongSchemaFindLatest-STARTED
2025-08-13 02:16:09,528 INFO  [io.api.tes.uti.TestSeparator] (main) io.apicurio.tests.serdes.apicurio.ProtobufSerdeIT.testWrongSchemaFindLatest-FINISHED
2025-08-13 02:16:09,529 INFO  [io.api.tes.uti.TestSeparator] (main) ############################################################################
Test passed: testWrongSchemaFindLatest
]]></system-out>
  </testcase>
  <testcase name="testAutoRegisterDeriveClassProtobufType" classname="io.apicurio.tests.serdes.apicurio.ProtobufSerdeIT" time="4.394">
    <system-out><![CDATA[2025-08-13 02:16:09,530 INFO  [io.api.tes.uti.TestSeparator] (main) ############################################################################
2025-08-13 02:16:09,530 INFO  [io.api.tes.uti.TestSeparator] (main) io.apicurio.tests.serdes.apicurio.ProtobufSerdeIT.testAutoRegisterDeriveClassProtobufType-STARTED
**** Registry Base URL: http://registry-app-pg17.apps.ci419.apicurio-testing.org:80
2025-08-13 02:16:09,531 INFO  [org.apa.kaf.cli.pro.ProducerConfig] (main) ProducerConfig values: 
	acks = -1
	auto.include.jmx.reporter = true
	batch.size = 16384
	bootstrap.servers = [PLAINTEXT://localhost:32769]
	buffer.memory = 33554432
	client.dns.lookup = use_all_dns_ips
	client.id = Producer-topic-4eb29e1c_d4f5_4ece_ad32_c461ab0cfa54
	compression.gzip.level = -1
	compression.lz4.level = 9
	compression.type = none
	compression.zstd.level = 3
	connections.max.idle.ms = 10000
	delivery.timeout.ms = 120000
	enable.idempotence = true
	enable.metrics.push = true
	interceptor.classes = []
	key.serializer = class org.apache.kafka.common.serialization.StringSerializer
	linger.ms = 0
	max.block.ms = 60000
	max.in.flight.requests.per.connection = 5
	max.request.size = 1048576
	metadata.max.age.ms = 300000
	metadata.max.idle.ms = 300000
	metadata.recovery.strategy = none
	metric.reporters = []
	metrics.num.samples = 2
	metrics.recording.level = INFO
	metrics.sample.window.ms = 30000
	partitioner.adaptive.partitioning.enable = true
	partitioner.availability.timeout.ms = 0
	partitioner.class = null
	partitioner.ignore.keys = false
	receive.buffer.bytes = 32768
	reconnect.backoff.max.ms = 1000
	reconnect.backoff.ms = 50
	request.timeout.ms = 5000
	retries = 2147483647
	retry.backoff.max.ms = 1000
	retry.backoff.ms = 100
	sasl.client.callback.handler.class = null
	sasl.jaas.config = null
	sasl.kerberos.kinit.cmd = /usr/bin/kinit
	sasl.kerberos.min.time.before.relogin = 60000
	sasl.kerberos.service.name = null
	sasl.kerberos.ticket.renew.jitter = 0.05
	sasl.kerberos.ticket.renew.window.factor = 0.8
	sasl.login.callback.handler.class = null
	sasl.login.class = null
	sasl.login.connect.timeout.ms = null
	sasl.login.read.timeout.ms = null
	sasl.login.refresh.buffer.seconds = 300
	sasl.login.refresh.min.period.seconds = 60
	sasl.login.refresh.window.factor = 0.8
	sasl.login.refresh.window.jitter = 0.05
	sasl.login.retry.backoff.max.ms = 10000
	sasl.login.retry.backoff.ms = 100
	sasl.mechanism = GSSAPI
	sasl.oauthbearer.clock.skew.seconds = 30
	sasl.oauthbearer.expected.audience = null
	sasl.oauthbearer.expected.issuer = null
	sasl.oauthbearer.header.urlencode = false
	sasl.oauthbearer.jwks.endpoint.refresh.ms = 3600000
	sasl.oauthbearer.jwks.endpoint.retry.backoff.max.ms = 10000
	sasl.oauthbearer.jwks.endpoint.retry.backoff.ms = 100
	sasl.oauthbearer.jwks.endpoint.url = null
	sasl.oauthbearer.scope.claim.name = scope
	sasl.oauthbearer.sub.claim.name = sub
	sasl.oauthbearer.token.endpoint.url = null
	security.protocol = PLAINTEXT
	security.providers = null
	send.buffer.bytes = 131072
	socket.connection.setup.timeout.max.ms = 30000
	socket.connection.setup.timeout.ms = 10000
	ssl.cipher.suites = null
	ssl.enabled.protocols = [TLSv1.2, TLSv1.3]
	ssl.endpoint.identification.algorithm = https
	ssl.engine.factory.class = null
	ssl.key.password = null
	ssl.keymanager.algorithm = SunX509
	ssl.keystore.certificate.chain = null
	ssl.keystore.key = null
	ssl.keystore.location = null
	ssl.keystore.password = null
	ssl.keystore.type = JKS
	ssl.protocol = TLSv1.3
	ssl.provider = null
	ssl.secure.random.implementation = null
	ssl.trustmanager.algorithm = PKIX
	ssl.truststore.certificates = null
	ssl.truststore.location = null
	ssl.truststore.password = null
	ssl.truststore.type = JKS
	transaction.timeout.ms = 60000
	transactional.id = null
	value.serializer = class io.apicurio.registry.serde.protobuf.ProtobufKafkaSerializer

2025-08-13 02:16:09,531 INFO  [org.apa.kaf.com.tel.int.KafkaMetricsCollector] (main) initializing Kafka metrics collector
2025-08-13 02:16:09,534 INFO  [org.apa.kaf.cli.pro.KafkaProducer] (main) [Producer clientId=Producer-topic-4eb29e1c_d4f5_4ece_ad32_c461ab0cfa54] Instantiated an idempotent producer.
2025-08-13 02:16:09,536 INFO  [org.apa.kaf.cli.pro.ProducerConfig] (main) These configurations '[apicurio.registry.url, apicurio.registry.auto-register, apicurio.registry.artifact-resolver-strategy]' were supplied but are not used yet.
2025-08-13 02:16:09,536 INFO  [org.apa.kaf.com.uti.AppInfoParser] (main) Kafka version: 3.9.1
2025-08-13 02:16:09,536 INFO  [org.apa.kaf.com.uti.AppInfoParser] (main) Kafka commitId: f745dfdcee2b9851
2025-08-13 02:16:09,536 INFO  [org.apa.kaf.com.uti.AppInfoParser] (main) Kafka startTimeMs: 1755051369536
2025-08-13 02:16:09,536 INFO  [io.api.tes.ser.api.SimpleSerdesTesterBuilder$SimpleSerdesTester] (main) Using producer configuration: {apicurio.registry.url=http://registry-app-pg17.apps.ci419.apicurio-testing.org:80/apis/registry/v3, apicurio.registry.auto-register=true, apicurio.registry.artifact-resolver-strategy=io.apicurio.registry.serde.strategy.TopicIdStrategy, value.serializer=io.apicurio.registry.serde.protobuf.ProtobufKafkaSerializer, request.timeout.ms=5000, acks=all, bootstrap.servers=PLAINTEXT://localhost:32769, connections.max.idle.ms=10000, key.serializer=org.apache.kafka.common.serialization.StringSerializer, client.id=Producer-topic-4eb29e1c_d4f5_4ece_ad32_c461ab0cfa54}
2025-08-13 02:16:09,536 INFO  [io.api.tes.ser.api.SimpleSerdesTesterBuilder$SimpleSerdesTester] (main) Using consumer configuration: {apicurio.protobuf.derive.class=true}
2025-08-13 02:16:09,537 INFO  [io.api.tes.ser.api.KafkaSerdesTester] (Thread-824) Sending message header {
  time {
  }
}
d1: 1.755051369537E12
s1: "a"
i1: 123
bi1: 1
point {
  longitude: 22.0
  latitude: 22.0
  altitude: 1.0
}
 to topic topic-4eb29e1c_d4f5_4ece_ad32_c461ab0cfa54
2025-08-13 02:16:09,539 WARN  [org.apa.kaf.cli.NetworkClient] (kafka-producer-network-thread | Producer-topic-4eb29e1c_d4f5_4ece_ad32_c461ab0cfa54) [Producer clientId=Producer-topic-4eb29e1c_d4f5_4ece_ad32_c461ab0cfa54] The metadata response from the cluster reported a recoverable issue with correlation id 1 : {topic-4eb29e1c_d4f5_4ece_ad32_c461ab0cfa54=UNKNOWN_TOPIC_OR_PARTITION}
2025-08-13 02:16:09,539 INFO  [org.apa.kaf.cli.Metadata] (kafka-producer-network-thread | Producer-topic-4eb29e1c_d4f5_4ece_ad32_c461ab0cfa54) [Producer clientId=Producer-topic-4eb29e1c_d4f5_4ece_ad32_c461ab0cfa54] Cluster ID: NjaB_jQRSOy2vs25Uo6hCg
2025-08-13 02:16:09,539 INFO  [org.apa.kaf.cli.pro.int.TransactionManager] (kafka-producer-network-thread | Producer-topic-4eb29e1c_d4f5_4ece_ad32_c461ab0cfa54) [Producer clientId=Producer-topic-4eb29e1c_d4f5_4ece_ad32_c461ab0cfa54] ProducerId set to 40 with epoch 0
2025-08-13 02:16:09,771 INFO  [io.api.tes.ser.api.KafkaSerdesTester] (Thread-824) Sending message header {
  time {
  }
}
d1: 1.755051369771E12
s1: "a"
i1: 123
bi1: 1
point {
  longitude: 22.0
  latitude: 22.0
  altitude: 1.0
}
 to topic topic-4eb29e1c_d4f5_4ece_ad32_c461ab0cfa54
2025-08-13 02:16:09,816 INFO  [io.api.tes.ser.api.KafkaSerdesTester] (Thread-824) Sending message header {
  time {
  }
}
d1: 1.755051369816E12
s1: "a"
i1: 123
bi1: 1
point {
  longitude: 22.0
  latitude: 22.0
  altitude: 1.0
}
 to topic topic-4eb29e1c_d4f5_4ece_ad32_c461ab0cfa54
2025-08-13 02:16:09,861 INFO  [io.api.tes.ser.api.KafkaSerdesTester] (Thread-824) Sending message header {
  time {
  }
}
d1: 1.75505136986E12
s1: "a"
i1: 123
bi1: 1
point {
  longitude: 22.0
  latitude: 22.0
  altitude: 1.0
}
 to topic topic-4eb29e1c_d4f5_4ece_ad32_c461ab0cfa54
2025-08-13 02:16:09,904 INFO  [io.api.tes.ser.api.KafkaSerdesTester] (Thread-824) Sending message header {
  time {
  }
}
d1: 1.755051369904E12
s1: "a"
i1: 123
bi1: 1
point {
  longitude: 22.0
  latitude: 22.0
  altitude: 1.0
}
 to topic topic-4eb29e1c_d4f5_4ece_ad32_c461ab0cfa54
2025-08-13 02:16:09,949 INFO  [io.api.tes.ser.api.KafkaSerdesTester] (Thread-824) Sending message header {
  time {
  }
}
d1: 1.755051369949E12
s1: "a"
i1: 123
bi1: 1
point {
  longitude: 22.0
  latitude: 22.0
  altitude: 1.0
}
 to topic topic-4eb29e1c_d4f5_4ece_ad32_c461ab0cfa54
2025-08-13 02:16:09,994 INFO  [io.api.tes.ser.api.KafkaSerdesTester] (Thread-824) Sending message header {
  time {
  }
}
d1: 1.755051369994E12
s1: "a"
i1: 123
bi1: 1
point {
  longitude: 22.0
  latitude: 22.0
  altitude: 1.0
}
 to topic topic-4eb29e1c_d4f5_4ece_ad32_c461ab0cfa54
2025-08-13 02:16:10,037 INFO  [io.api.tes.ser.api.KafkaSerdesTester] (Thread-824) Sending message header {
  time {
  }
}
d1: 1.755051370037E12
s1: "a"
i1: 123
bi1: 1
point {
  longitude: 22.0
  latitude: 22.0
  altitude: 1.0
}
 to topic topic-4eb29e1c_d4f5_4ece_ad32_c461ab0cfa54
2025-08-13 02:16:10,082 INFO  [io.api.tes.ser.api.KafkaSerdesTester] (Thread-824) Sending message header {
  time {
  }
}
d1: 1.755051370082E12
s1: "a"
i1: 123
bi1: 1
point {
  longitude: 22.0
  latitude: 22.0
  altitude: 1.0
}
 to topic topic-4eb29e1c_d4f5_4ece_ad32_c461ab0cfa54
2025-08-13 02:16:10,128 INFO  [io.api.tes.ser.api.KafkaSerdesTester] (Thread-824) Sending message header {
  time {
  }
}
d1: 1.755051370128E12
s1: "a"
i1: 123
bi1: 1
point {
  longitude: 22.0
  latitude: 22.0
  altitude: 1.0
}
 to topic topic-4eb29e1c_d4f5_4ece_ad32_c461ab0cfa54
2025-08-13 02:16:10,171 INFO  [io.api.tes.ser.api.KafkaSerdesTester] (Thread-824) Produced 10 messages
2025-08-13 02:16:10,171 INFO  [org.apa.kaf.cli.pro.KafkaProducer] (Thread-824) [Producer clientId=Producer-topic-4eb29e1c_d4f5_4ece_ad32_c461ab0cfa54] Closing the Kafka producer with timeoutMillis = 9223372036854775807 ms.
2025-08-13 02:16:10,173 INFO  [org.apa.kaf.com.met.Metrics] (Thread-824) Metrics scheduler closed
2025-08-13 02:16:10,173 INFO  [org.apa.kaf.com.met.Metrics] (Thread-824) Closing reporter org.apache.kafka.common.metrics.JmxReporter
2025-08-13 02:16:10,173 INFO  [org.apa.kaf.com.met.Metrics] (Thread-824) Closing reporter org.apache.kafka.common.telemetry.internals.ClientTelemetryReporter
2025-08-13 02:16:10,174 INFO  [org.apa.kaf.com.met.Metrics] (Thread-824) Metrics reporters closed
2025-08-13 02:16:10,174 INFO  [org.apa.kaf.com.uti.AppInfoParser] (Thread-824) App info kafka.producer for Producer-topic-4eb29e1c_d4f5_4ece_ad32_c461ab0cfa54 unregistered
**** Registry Base URL: http://registry-app-pg17.apps.ci419.apicurio-testing.org:80
2025-08-13 02:16:10,228 INFO  [org.apa.kaf.cli.con.ConsumerConfig] (main) ConsumerConfig values: 
	allow.auto.create.topics = true
	auto.commit.interval.ms = 500
	auto.include.jmx.reporter = true
	auto.offset.reset = earliest
	bootstrap.servers = [PLAINTEXT://localhost:32769]
	check.crcs = true
	client.dns.lookup = use_all_dns_ips
	client.id = consumer-Consumer-topic-4eb29e1c_d4f5_4ece_ad32_c461ab0cfa54-30
	client.rack = 
	connections.max.idle.ms = 10000
	default.api.timeout.ms = 60000
	enable.auto.commit = true
	enable.metrics.push = true
	exclude.internal.topics = true
	fetch.max.bytes = 52428800
	fetch.max.wait.ms = 500
	fetch.min.bytes = 1
	group.id = Consumer-topic-4eb29e1c_d4f5_4ece_ad32_c461ab0cfa54
	group.instance.id = null
	group.protocol = classic
	group.remote.assignor = null
	heartbeat.interval.ms = 3000
	interceptor.classes = []
	internal.leave.group.on.close = true
	internal.throw.on.fetch.stable.offset.unsupported = false
	isolation.level = read_uncommitted
	key.deserializer = class org.apache.kafka.common.serialization.StringDeserializer
	max.partition.fetch.bytes = 1048576
	max.poll.interval.ms = 300000
	max.poll.records = 500
	metadata.max.age.ms = 300000
	metadata.recovery.strategy = none
	metric.reporters = []
	metrics.num.samples = 2
	metrics.recording.level = INFO
	metrics.sample.window.ms = 30000
	partition.assignment.strategy = [class org.apache.kafka.clients.consumer.RangeAssignor, class org.apache.kafka.clients.consumer.CooperativeStickyAssignor]
	receive.buffer.bytes = 65536
	reconnect.backoff.max.ms = 1000
	reconnect.backoff.ms = 50
	request.timeout.ms = 5000
	retry.backoff.max.ms = 1000
	retry.backoff.ms = 100
	sasl.client.callback.handler.class = null
	sasl.jaas.config = null
	sasl.kerberos.kinit.cmd = /usr/bin/kinit
	sasl.kerberos.min.time.before.relogin = 60000
	sasl.kerberos.service.name = null
	sasl.kerberos.ticket.renew.jitter = 0.05
	sasl.kerberos.ticket.renew.window.factor = 0.8
	sasl.login.callback.handler.class = null
	sasl.login.class = null
	sasl.login.connect.timeout.ms = null
	sasl.login.read.timeout.ms = null
	sasl.login.refresh.buffer.seconds = 300
	sasl.login.refresh.min.period.seconds = 60
	sasl.login.refresh.window.factor = 0.8
	sasl.login.refresh.window.jitter = 0.05
	sasl.login.retry.backoff.max.ms = 10000
	sasl.login.retry.backoff.ms = 100
	sasl.mechanism = GSSAPI
	sasl.oauthbearer.clock.skew.seconds = 30
	sasl.oauthbearer.expected.audience = null
	sasl.oauthbearer.expected.issuer = null
	sasl.oauthbearer.header.urlencode = false
	sasl.oauthbearer.jwks.endpoint.refresh.ms = 3600000
	sasl.oauthbearer.jwks.endpoint.retry.backoff.max.ms = 10000
	sasl.oauthbearer.jwks.endpoint.retry.backoff.ms = 100
	sasl.oauthbearer.jwks.endpoint.url = null
	sasl.oauthbearer.scope.claim.name = scope
	sasl.oauthbearer.sub.claim.name = sub
	sasl.oauthbearer.token.endpoint.url = null
	security.protocol = PLAINTEXT
	security.providers = null
	send.buffer.bytes = 131072
	session.timeout.ms = 45000
	socket.connection.setup.timeout.max.ms = 30000
	socket.connection.setup.timeout.ms = 10000
	ssl.cipher.suites = null
	ssl.enabled.protocols = [TLSv1.2, TLSv1.3]
	ssl.endpoint.identification.algorithm = https
	ssl.engine.factory.class = null
	ssl.key.password = null
	ssl.keymanager.algorithm = SunX509
	ssl.keystore.certificate.chain = null
	ssl.keystore.key = null
	ssl.keystore.location = null
	ssl.keystore.password = null
	ssl.keystore.type = JKS
	ssl.protocol = TLSv1.3
	ssl.provider = null
	ssl.secure.random.implementation = null
	ssl.trustmanager.algorithm = PKIX
	ssl.truststore.certificates = null
	ssl.truststore.location = null
	ssl.truststore.password = null
	ssl.truststore.type = JKS
	value.deserializer = class io.apicurio.registry.serde.protobuf.ProtobufKafkaDeserializer

2025-08-13 02:16:10,229 INFO  [org.apa.kaf.com.tel.int.KafkaMetricsCollector] (main) initializing Kafka metrics collector
2025-08-13 02:16:10,234 INFO  [org.apa.kaf.cli.con.ConsumerConfig] (main) These configurations '[apicurio.registry.url, apicurio.protobuf.derive.class]' were supplied but are not used yet.
2025-08-13 02:16:10,234 INFO  [org.apa.kaf.com.uti.AppInfoParser] (main) Kafka version: 3.9.1
2025-08-13 02:16:10,235 INFO  [org.apa.kaf.com.uti.AppInfoParser] (main) Kafka commitId: f745dfdcee2b9851
2025-08-13 02:16:10,235 INFO  [org.apa.kaf.com.uti.AppInfoParser] (main) Kafka startTimeMs: 1755051370234
2025-08-13 02:16:10,235 INFO  [org.apa.kaf.cli.con.int.ClassicKafkaConsumer] (Thread-827) [Consumer clientId=consumer-Consumer-topic-4eb29e1c_d4f5_4ece_ad32_c461ab0cfa54-30, groupId=Consumer-topic-4eb29e1c_d4f5_4ece_ad32_c461ab0cfa54] Subscribed to topic(s): topic-4eb29e1c_d4f5_4ece_ad32_c461ab0cfa54
2025-08-13 02:16:10,239 INFO  [org.apa.kaf.cli.Metadata] (Thread-827) [Consumer clientId=consumer-Consumer-topic-4eb29e1c_d4f5_4ece_ad32_c461ab0cfa54-30, groupId=Consumer-topic-4eb29e1c_d4f5_4ece_ad32_c461ab0cfa54] Cluster ID: NjaB_jQRSOy2vs25Uo6hCg
2025-08-13 02:16:10,239 INFO  [org.apa.kaf.cli.con.int.ConsumerCoordinator] (Thread-827) [Consumer clientId=consumer-Consumer-topic-4eb29e1c_d4f5_4ece_ad32_c461ab0cfa54-30, groupId=Consumer-topic-4eb29e1c_d4f5_4ece_ad32_c461ab0cfa54] Discovered group coordinator localhost:32769 (id: 2147483647 rack: null)
2025-08-13 02:16:10,240 INFO  [org.apa.kaf.cli.con.int.ConsumerCoordinator] (Thread-827) [Consumer clientId=consumer-Consumer-topic-4eb29e1c_d4f5_4ece_ad32_c461ab0cfa54-30, groupId=Consumer-topic-4eb29e1c_d4f5_4ece_ad32_c461ab0cfa54] (Re-)joining group
2025-08-13 02:16:10,246 INFO  [org.apa.kaf.cli.con.int.ConsumerCoordinator] (Thread-827) [Consumer clientId=consumer-Consumer-topic-4eb29e1c_d4f5_4ece_ad32_c461ab0cfa54-30, groupId=Consumer-topic-4eb29e1c_d4f5_4ece_ad32_c461ab0cfa54] Request joining group due to: need to re-join with the given member-id: consumer-Consumer-topic-4eb29e1c_d4f5_4ece_ad32_c461ab0cfa54-30-b53e648c-21a1-40a3-9f27-5405575ab2ff
2025-08-13 02:16:10,246 INFO  [org.apa.kaf.cli.con.int.ConsumerCoordinator] (Thread-827) [Consumer clientId=consumer-Consumer-topic-4eb29e1c_d4f5_4ece_ad32_c461ab0cfa54-30, groupId=Consumer-topic-4eb29e1c_d4f5_4ece_ad32_c461ab0cfa54] (Re-)joining group
2025-08-13 02:16:11,235 INFO  [io.api.tes.ser.api.KafkaSerdesTester] (Thread-827) None found
2025-08-13 02:16:12,235 INFO  [io.api.tes.ser.api.KafkaSerdesTester] (Thread-827) None found
2025-08-13 02:16:13,235 INFO  [io.api.tes.ser.api.KafkaSerdesTester] (Thread-827) None found
2025-08-13 02:16:13,248 INFO  [org.apa.kaf.cli.con.int.ConsumerCoordinator] (Thread-827) [Consumer clientId=consumer-Consumer-topic-4eb29e1c_d4f5_4ece_ad32_c461ab0cfa54-30, groupId=Consumer-topic-4eb29e1c_d4f5_4ece_ad32_c461ab0cfa54] Successfully joined group with generation Generation{generationId=1, memberId='consumer-Consumer-topic-4eb29e1c_d4f5_4ece_ad32_c461ab0cfa54-30-b53e648c-21a1-40a3-9f27-5405575ab2ff', protocol='range'}
2025-08-13 02:16:13,248 INFO  [org.apa.kaf.cli.con.int.ConsumerCoordinator] (Thread-827) [Consumer clientId=consumer-Consumer-topic-4eb29e1c_d4f5_4ece_ad32_c461ab0cfa54-30, groupId=Consumer-topic-4eb29e1c_d4f5_4ece_ad32_c461ab0cfa54] Finished assignment for group at generation 1: {consumer-Consumer-topic-4eb29e1c_d4f5_4ece_ad32_c461ab0cfa54-30-b53e648c-21a1-40a3-9f27-5405575ab2ff=Assignment(partitions=[topic-4eb29e1c_d4f5_4ece_ad32_c461ab0cfa54-0])}
2025-08-13 02:16:13,255 INFO  [org.apa.kaf.cli.con.int.ConsumerCoordinator] (Thread-827) [Consumer clientId=consumer-Consumer-topic-4eb29e1c_d4f5_4ece_ad32_c461ab0cfa54-30, groupId=Consumer-topic-4eb29e1c_d4f5_4ece_ad32_c461ab0cfa54] Successfully synced group in generation Generation{generationId=1, memberId='consumer-Consumer-topic-4eb29e1c_d4f5_4ece_ad32_c461ab0cfa54-30-b53e648c-21a1-40a3-9f27-5405575ab2ff', protocol='range'}
2025-08-13 02:16:13,255 INFO  [org.apa.kaf.cli.con.int.ConsumerCoordinator] (Thread-827) [Consumer clientId=consumer-Consumer-topic-4eb29e1c_d4f5_4ece_ad32_c461ab0cfa54-30, groupId=Consumer-topic-4eb29e1c_d4f5_4ece_ad32_c461ab0cfa54] Notifying assignor about the new Assignment(partitions=[topic-4eb29e1c_d4f5_4ece_ad32_c461ab0cfa54-0])
2025-08-13 02:16:13,255 INFO  [org.apa.kaf.cli.con.int.ConsumerRebalanceListenerInvoker] (Thread-827) [Consumer clientId=consumer-Consumer-topic-4eb29e1c_d4f5_4ece_ad32_c461ab0cfa54-30, groupId=Consumer-topic-4eb29e1c_d4f5_4ece_ad32_c461ab0cfa54] Adding newly assigned partitions: topic-4eb29e1c_d4f5_4ece_ad32_c461ab0cfa54-0
2025-08-13 02:16:13,255 INFO  [org.apa.kaf.cli.con.int.ConsumerCoordinator] (Thread-827) [Consumer clientId=consumer-Consumer-topic-4eb29e1c_d4f5_4ece_ad32_c461ab0cfa54-30, groupId=Consumer-topic-4eb29e1c_d4f5_4ece_ad32_c461ab0cfa54] Found no committed offset for partition topic-4eb29e1c_d4f5_4ece_ad32_c461ab0cfa54-0
2025-08-13 02:16:13,258 INFO  [org.apa.kaf.cli.con.int.SubscriptionState] (Thread-827) [Consumer clientId=consumer-Consumer-topic-4eb29e1c_d4f5_4ece_ad32_c461ab0cfa54-30, groupId=Consumer-topic-4eb29e1c_d4f5_4ece_ad32_c461ab0cfa54] Resetting offset for partition topic-4eb29e1c_d4f5_4ece_ad32_c461ab0cfa54-0 to position FetchPosition{offset=0, offsetEpoch=Optional.empty, currentLeader=LeaderAndEpoch{leader=Optional[localhost:32769 (id: 0 rack: null)], epoch=0}}.
2025-08-13 02:16:13,386 INFO  [io.api.tes.ser.api.KafkaSerdesTester] (Thread-827) topic-4eb29e1c_d4f5_4ece_ad32_c461ab0cfa54 0 0 header {
  time {
  }
}
d1: 1.755051369537E12
s1: "a"
i1: 123
bi1: 1
point {
  longitude: 22.0
  latitude: 22.0
  altitude: 1.0
}

2025-08-13 02:16:13,386 INFO  [io.api.tes.ser.api.KafkaSerdesTester] (Thread-827) topic-4eb29e1c_d4f5_4ece_ad32_c461ab0cfa54 0 1 header {
  time {
  }
}
d1: 1.755051369771E12
s1: "a"
i1: 123
bi1: 1
point {
  longitude: 22.0
  latitude: 22.0
  altitude: 1.0
}

2025-08-13 02:16:13,386 INFO  [io.api.tes.ser.api.KafkaSerdesTester] (Thread-827) topic-4eb29e1c_d4f5_4ece_ad32_c461ab0cfa54 0 2 header {
  time {
  }
}
d1: 1.755051369816E12
s1: "a"
i1: 123
bi1: 1
point {
  longitude: 22.0
  latitude: 22.0
  altitude: 1.0
}

2025-08-13 02:16:13,386 INFO  [io.api.tes.ser.api.KafkaSerdesTester] (Thread-827) topic-4eb29e1c_d4f5_4ece_ad32_c461ab0cfa54 0 3 header {
  time {
  }
}
d1: 1.75505136986E12
s1: "a"
i1: 123
bi1: 1
point {
  longitude: 22.0
  latitude: 22.0
  altitude: 1.0
}

2025-08-13 02:16:13,386 INFO  [io.api.tes.ser.api.KafkaSerdesTester] (Thread-827) topic-4eb29e1c_d4f5_4ece_ad32_c461ab0cfa54 0 4 header {
  time {
  }
}
d1: 1.755051369904E12
s1: "a"
i1: 123
bi1: 1
point {
  longitude: 22.0
  latitude: 22.0
  altitude: 1.0
}

2025-08-13 02:16:13,386 INFO  [io.api.tes.ser.api.KafkaSerdesTester] (Thread-827) topic-4eb29e1c_d4f5_4ece_ad32_c461ab0cfa54 0 5 header {
  time {
  }
}
d1: 1.755051369949E12
s1: "a"
i1: 123
bi1: 1
point {
  longitude: 22.0
  latitude: 22.0
  altitude: 1.0
}

2025-08-13 02:16:13,386 INFO  [io.api.tes.ser.api.KafkaSerdesTester] (Thread-827) topic-4eb29e1c_d4f5_4ece_ad32_c461ab0cfa54 0 6 header {
  time {
  }
}
d1: 1.755051369994E12
s1: "a"
i1: 123
bi1: 1
point {
  longitude: 22.0
  latitude: 22.0
  altitude: 1.0
}

2025-08-13 02:16:13,386 INFO  [io.api.tes.ser.api.KafkaSerdesTester] (Thread-827) topic-4eb29e1c_d4f5_4ece_ad32_c461ab0cfa54 0 7 header {
  time {
  }
}
d1: 1.755051370037E12
s1: "a"
i1: 123
bi1: 1
point {
  longitude: 22.0
  latitude: 22.0
  altitude: 1.0
}

2025-08-13 02:16:13,386 INFO  [io.api.tes.ser.api.KafkaSerdesTester] (Thread-827) topic-4eb29e1c_d4f5_4ece_ad32_c461ab0cfa54 0 8 header {
  time {
  }
}
d1: 1.755051370082E12
s1: "a"
i1: 123
bi1: 1
point {
  longitude: 22.0
  latitude: 22.0
  altitude: 1.0
}

2025-08-13 02:16:13,387 INFO  [io.api.tes.ser.api.KafkaSerdesTester] (Thread-827) topic-4eb29e1c_d4f5_4ece_ad32_c461ab0cfa54 0 9 header {
  time {
  }
}
d1: 1.755051370128E12
s1: "a"
i1: 123
bi1: 1
point {
  longitude: 22.0
  latitude: 22.0
  altitude: 1.0
}

2025-08-13 02:16:13,387 INFO  [io.api.tes.ser.api.KafkaSerdesTester] (Thread-827) Consumed 10 messages
2025-08-13 02:16:13,394 INFO  [org.apa.kaf.cli.con.int.ConsumerRebalanceListenerInvoker] (Thread-827) [Consumer clientId=consumer-Consumer-topic-4eb29e1c_d4f5_4ece_ad32_c461ab0cfa54-30, groupId=Consumer-topic-4eb29e1c_d4f5_4ece_ad32_c461ab0cfa54] Revoke previously assigned partitions topic-4eb29e1c_d4f5_4ece_ad32_c461ab0cfa54-0
2025-08-13 02:16:13,394 INFO  [org.apa.kaf.cli.con.int.ConsumerCoordinator] (Thread-827) [Consumer clientId=consumer-Consumer-topic-4eb29e1c_d4f5_4ece_ad32_c461ab0cfa54-30, groupId=Consumer-topic-4eb29e1c_d4f5_4ece_ad32_c461ab0cfa54] Member consumer-Consumer-topic-4eb29e1c_d4f5_4ece_ad32_c461ab0cfa54-30-b53e648c-21a1-40a3-9f27-5405575ab2ff sending LeaveGroup request to coordinator localhost:32769 (id: 2147483647 rack: null) due to the consumer is being closed
2025-08-13 02:16:13,394 INFO  [org.apa.kaf.cli.con.int.ConsumerCoordinator] (Thread-827) [Consumer clientId=consumer-Consumer-topic-4eb29e1c_d4f5_4ece_ad32_c461ab0cfa54-30, groupId=Consumer-topic-4eb29e1c_d4f5_4ece_ad32_c461ab0cfa54] Resetting generation and member id due to: consumer pro-actively leaving the group
2025-08-13 02:16:13,394 INFO  [org.apa.kaf.cli.con.int.ConsumerCoordinator] (Thread-827) [Consumer clientId=consumer-Consumer-topic-4eb29e1c_d4f5_4ece_ad32_c461ab0cfa54-30, groupId=Consumer-topic-4eb29e1c_d4f5_4ece_ad32_c461ab0cfa54] Request joining group due to: consumer pro-actively leaving the group
2025-08-13 02:16:13,888 INFO  [org.apa.kaf.com.met.Metrics] (Thread-827) Metrics scheduler closed
2025-08-13 02:16:13,889 INFO  [org.apa.kaf.com.met.Metrics] (Thread-827) Closing reporter org.apache.kafka.common.metrics.JmxReporter
2025-08-13 02:16:13,889 INFO  [org.apa.kaf.com.met.Metrics] (Thread-827) Closing reporter org.apache.kafka.common.telemetry.internals.ClientTelemetryReporter
2025-08-13 02:16:13,889 INFO  [org.apa.kaf.com.met.Metrics] (Thread-827) Metrics reporters closed
2025-08-13 02:16:13,891 INFO  [org.apa.kaf.com.uti.AppInfoParser] (Thread-827) App info kafka.consumer for consumer-Consumer-topic-4eb29e1c_d4f5_4ece_ad32_c461ab0cfa54-30 unregistered
2025-08-13 02:16:13,922 INFO  [io.api.tes.uti.TestSeparator] (main) io.apicurio.tests.serdes.apicurio.ProtobufSerdeIT.testAutoRegisterDeriveClassProtobufType-FINISHED
2025-08-13 02:16:13,922 INFO  [io.api.tes.uti.TestSeparator] (main) ############################################################################
Test passed: testAutoRegisterDeriveClassProtobufType
]]></system-out>
  </testcase>
  <testcase name="testConsumeReturnSpecificClass" classname="io.apicurio.tests.serdes.apicurio.ProtobufSerdeIT" time="1.068">
    <system-out><![CDATA[2025-08-13 02:16:13,923 INFO  [io.api.tes.uti.TestSeparator] (main) ############################################################################
2025-08-13 02:16:13,924 INFO  [io.api.tes.uti.TestSeparator] (main) io.apicurio.tests.serdes.apicurio.ProtobufSerdeIT.testConsumeReturnSpecificClass-STARTED
2025-08-13 02:16:14,990 INFO  [io.api.tes.uti.TestSeparator] (main) io.apicurio.tests.serdes.apicurio.ProtobufSerdeIT.testConsumeReturnSpecificClass-FINISHED
2025-08-13 02:16:14,991 INFO  [io.api.tes.uti.TestSeparator] (main) ############################################################################
Test passed: testConsumeReturnSpecificClass
]]></system-out>
  </testcase>
  <testcase name="testFindLatestSpecificProtobufType" classname="io.apicurio.tests.serdes.apicurio.ProtobufSerdeIT" time="1.078">
    <system-out><![CDATA[2025-08-13 02:16:14,992 INFO  [io.api.tes.uti.TestSeparator] (main) ############################################################################
2025-08-13 02:16:14,992 INFO  [io.api.tes.uti.TestSeparator] (main) io.apicurio.tests.serdes.apicurio.ProtobufSerdeIT.testFindLatestSpecificProtobufType-STARTED
2025-08-13 02:16:16,068 INFO  [io.api.tes.uti.TestSeparator] (main) io.apicurio.tests.serdes.apicurio.ProtobufSerdeIT.testFindLatestSpecificProtobufType-FINISHED
2025-08-13 02:16:16,068 INFO  [io.api.tes.uti.TestSeparator] (main) ############################################################################
Test passed: testFindLatestSpecificProtobufType
]]></system-out>
  </testcase>
  <testcase name="testFindLatestDynamicMessageProtobufType" classname="io.apicurio.tests.serdes.apicurio.ProtobufSerdeIT" time="4.895">
    <system-out><![CDATA[2025-08-13 02:16:16,070 INFO  [io.api.tes.uti.TestSeparator] (main) ############################################################################
2025-08-13 02:16:16,070 INFO  [io.api.tes.uti.TestSeparator] (main) io.apicurio.tests.serdes.apicurio.ProtobufSerdeIT.testFindLatestDynamicMessageProtobufType-STARTED
**** Registry Base URL: http://registry-app-pg17.apps.ci419.apicurio-testing.org:80
2025-08-13 02:16:17,138 INFO  [org.apa.kaf.cli.pro.ProducerConfig] (main) ProducerConfig values: 
	acks = -1
	auto.include.jmx.reporter = true
	batch.size = 16384
	bootstrap.servers = [PLAINTEXT://localhost:32769]
	buffer.memory = 33554432
	client.dns.lookup = use_all_dns_ips
	client.id = Producer-topic-175afa78_bd9b_4371_a069_62000e87a8c3
	compression.gzip.level = -1
	compression.lz4.level = 9
	compression.type = none
	compression.zstd.level = 3
	connections.max.idle.ms = 10000
	delivery.timeout.ms = 120000
	enable.idempotence = true
	enable.metrics.push = true
	interceptor.classes = []
	key.serializer = class org.apache.kafka.common.serialization.StringSerializer
	linger.ms = 0
	max.block.ms = 60000
	max.in.flight.requests.per.connection = 5
	max.request.size = 1048576
	metadata.max.age.ms = 300000
	metadata.max.idle.ms = 300000
	metadata.recovery.strategy = none
	metric.reporters = []
	metrics.num.samples = 2
	metrics.recording.level = INFO
	metrics.sample.window.ms = 30000
	partitioner.adaptive.partitioning.enable = true
	partitioner.availability.timeout.ms = 0
	partitioner.class = null
	partitioner.ignore.keys = false
	receive.buffer.bytes = 32768
	reconnect.backoff.max.ms = 1000
	reconnect.backoff.ms = 50
	request.timeout.ms = 5000
	retries = 2147483647
	retry.backoff.max.ms = 1000
	retry.backoff.ms = 100
	sasl.client.callback.handler.class = null
	sasl.jaas.config = null
	sasl.kerberos.kinit.cmd = /usr/bin/kinit
	sasl.kerberos.min.time.before.relogin = 60000
	sasl.kerberos.service.name = null
	sasl.kerberos.ticket.renew.jitter = 0.05
	sasl.kerberos.ticket.renew.window.factor = 0.8
	sasl.login.callback.handler.class = null
	sasl.login.class = null
	sasl.login.connect.timeout.ms = null
	sasl.login.read.timeout.ms = null
	sasl.login.refresh.buffer.seconds = 300
	sasl.login.refresh.min.period.seconds = 60
	sasl.login.refresh.window.factor = 0.8
	sasl.login.refresh.window.jitter = 0.05
	sasl.login.retry.backoff.max.ms = 10000
	sasl.login.retry.backoff.ms = 100
	sasl.mechanism = GSSAPI
	sasl.oauthbearer.clock.skew.seconds = 30
	sasl.oauthbearer.expected.audience = null
	sasl.oauthbearer.expected.issuer = null
	sasl.oauthbearer.header.urlencode = false
	sasl.oauthbearer.jwks.endpoint.refresh.ms = 3600000
	sasl.oauthbearer.jwks.endpoint.retry.backoff.max.ms = 10000
	sasl.oauthbearer.jwks.endpoint.retry.backoff.ms = 100
	sasl.oauthbearer.jwks.endpoint.url = null
	sasl.oauthbearer.scope.claim.name = scope
	sasl.oauthbearer.sub.claim.name = sub
	sasl.oauthbearer.token.endpoint.url = null
	security.protocol = PLAINTEXT
	security.providers = null
	send.buffer.bytes = 131072
	socket.connection.setup.timeout.max.ms = 30000
	socket.connection.setup.timeout.ms = 10000
	ssl.cipher.suites = null
	ssl.enabled.protocols = [TLSv1.2, TLSv1.3]
	ssl.endpoint.identification.algorithm = https
	ssl.engine.factory.class = null
	ssl.key.password = null
	ssl.keymanager.algorithm = SunX509
	ssl.keystore.certificate.chain = null
	ssl.keystore.key = null
	ssl.keystore.location = null
	ssl.keystore.password = null
	ssl.keystore.type = JKS
	ssl.protocol = TLSv1.3
	ssl.provider = null
	ssl.secure.random.implementation = null
	ssl.trustmanager.algorithm = PKIX
	ssl.truststore.certificates = null
	ssl.truststore.location = null
	ssl.truststore.password = null
	ssl.truststore.type = JKS
	transaction.timeout.ms = 60000
	transactional.id = null
	value.serializer = class io.apicurio.registry.serde.protobuf.ProtobufKafkaSerializer

2025-08-13 02:16:17,138 INFO  [org.apa.kaf.com.tel.int.KafkaMetricsCollector] (main) initializing Kafka metrics collector
2025-08-13 02:16:17,141 INFO  [org.apa.kaf.cli.pro.KafkaProducer] (main) [Producer clientId=Producer-topic-175afa78_bd9b_4371_a069_62000e87a8c3] Instantiated an idempotent producer.
2025-08-13 02:16:17,142 INFO  [org.apa.kaf.cli.pro.ProducerConfig] (main) These configurations '[apicurio.registry.find-latest, apicurio.registry.url, apicurio.registry.artifact-resolver-strategy]' were supplied but are not used yet.
2025-08-13 02:16:17,142 INFO  [org.apa.kaf.com.uti.AppInfoParser] (main) Kafka version: 3.9.1
2025-08-13 02:16:17,142 INFO  [org.apa.kaf.com.uti.AppInfoParser] (main) Kafka commitId: f745dfdcee2b9851
2025-08-13 02:16:17,142 INFO  [org.apa.kaf.com.uti.AppInfoParser] (main) Kafka startTimeMs: 1755051377142
2025-08-13 02:16:17,142 INFO  [io.api.tes.ser.api.SimpleSerdesTesterBuilder$SimpleSerdesTester] (main) Using producer configuration: {apicurio.registry.find-latest=true, apicurio.registry.url=http://registry-app-pg17.apps.ci419.apicurio-testing.org:80/apis/registry/v3, apicurio.registry.artifact-resolver-strategy=io.apicurio.registry.serde.strategy.SimpleTopicIdStrategy, value.serializer=io.apicurio.registry.serde.protobuf.ProtobufKafkaSerializer, request.timeout.ms=5000, acks=all, bootstrap.servers=PLAINTEXT://localhost:32769, connections.max.idle.ms=10000, key.serializer=org.apache.kafka.common.serialization.StringSerializer, client.id=Producer-topic-175afa78_bd9b_4371_a069_62000e87a8c3}
2025-08-13 02:16:17,143 INFO  [io.api.tes.ser.api.SimpleSerdesTesterBuilder$SimpleSerdesTester] (main) Using consumer configuration: {apicurio.registry.deserializer.value.return-class=com.google.protobuf.DynamicMessage}
2025-08-13 02:16:17,144 INFO  [io.api.tes.ser.api.KafkaSerdesTester] (Thread-830) Sending message header {
  time {
  }
}
d1: 1.755051377144E12
s1: "a"
i1: 123
bi1: 1
point {
  longitude: 22.0
  latitude: 22.0
  altitude: 1.0
}
 to topic topic-175afa78_bd9b_4371_a069_62000e87a8c3
2025-08-13 02:16:17,147 INFO  [org.apa.kaf.cli.Metadata] (kafka-producer-network-thread | Producer-topic-175afa78_bd9b_4371_a069_62000e87a8c3) [Producer clientId=Producer-topic-175afa78_bd9b_4371_a069_62000e87a8c3] Cluster ID: NjaB_jQRSOy2vs25Uo6hCg
2025-08-13 02:16:17,147 INFO  [org.apa.kaf.cli.pro.int.TransactionManager] (kafka-producer-network-thread | Producer-topic-175afa78_bd9b_4371_a069_62000e87a8c3) [Producer clientId=Producer-topic-175afa78_bd9b_4371_a069_62000e87a8c3] ProducerId set to 41 with epoch 0
2025-08-13 02:16:17,304 INFO  [io.api.tes.ser.api.KafkaSerdesTester] (Thread-830) Sending message header {
  time {
  }
}
d1: 1.755051377303E12
s1: "a"
i1: 123
bi1: 1
point {
  longitude: 22.0
  latitude: 22.0
  altitude: 1.0
}
 to topic topic-175afa78_bd9b_4371_a069_62000e87a8c3
2025-08-13 02:16:17,305 INFO  [io.api.tes.ser.api.KafkaSerdesTester] (Thread-830) Sending message header {
  time {
  }
}
d1: 1.755051377305E12
s1: "a"
i1: 123
bi1: 1
point {
  longitude: 22.0
  latitude: 22.0
  altitude: 1.0
}
 to topic topic-175afa78_bd9b_4371_a069_62000e87a8c3
2025-08-13 02:16:17,307 INFO  [io.api.tes.ser.api.KafkaSerdesTester] (Thread-830) Sending message header {
  time {
  }
}
d1: 1.755051377307E12
s1: "a"
i1: 123
bi1: 1
point {
  longitude: 22.0
  latitude: 22.0
  altitude: 1.0
}
 to topic topic-175afa78_bd9b_4371_a069_62000e87a8c3
2025-08-13 02:16:17,311 INFO  [io.api.tes.ser.api.KafkaSerdesTester] (Thread-830) Sending message header {
  time {
  }
}
d1: 1.755051377311E12
s1: "a"
i1: 123
bi1: 1
point {
  longitude: 22.0
  latitude: 22.0
  altitude: 1.0
}
 to topic topic-175afa78_bd9b_4371_a069_62000e87a8c3
2025-08-13 02:16:17,321 INFO  [io.api.tes.ser.api.KafkaSerdesTester] (Thread-830) Sending message header {
  time {
  }
}
d1: 1.755051377321E12
s1: "a"
i1: 123
bi1: 1
point {
  longitude: 22.0
  latitude: 22.0
  altitude: 1.0
}
 to topic topic-175afa78_bd9b_4371_a069_62000e87a8c3
2025-08-13 02:16:17,324 INFO  [io.api.tes.ser.api.KafkaSerdesTester] (Thread-830) Sending message header {
  time {
  }
}
d1: 1.755051377323E12
s1: "a"
i1: 123
bi1: 1
point {
  longitude: 22.0
  latitude: 22.0
  altitude: 1.0
}
 to topic topic-175afa78_bd9b_4371_a069_62000e87a8c3
2025-08-13 02:16:17,326 INFO  [io.api.tes.ser.api.KafkaSerdesTester] (Thread-830) Sending message header {
  time {
  }
}
d1: 1.755051377326E12
s1: "a"
i1: 123
bi1: 1
point {
  longitude: 22.0
  latitude: 22.0
  altitude: 1.0
}
 to topic topic-175afa78_bd9b_4371_a069_62000e87a8c3
2025-08-13 02:16:17,327 INFO  [io.api.tes.ser.api.KafkaSerdesTester] (Thread-830) Sending message header {
  time {
  }
}
d1: 1.755051377327E12
s1: "a"
i1: 123
bi1: 1
point {
  longitude: 22.0
  latitude: 22.0
  altitude: 1.0
}
 to topic topic-175afa78_bd9b_4371_a069_62000e87a8c3
2025-08-13 02:16:17,328 INFO  [io.api.tes.ser.api.KafkaSerdesTester] (Thread-830) Sending message header {
  time {
  }
}
d1: 1.755051377328E12
s1: "a"
i1: 123
bi1: 1
point {
  longitude: 22.0
  latitude: 22.0
  altitude: 1.0
}
 to topic topic-175afa78_bd9b_4371_a069_62000e87a8c3
2025-08-13 02:16:17,329 INFO  [io.api.tes.ser.api.KafkaSerdesTester] (Thread-830) Produced 10 messages
2025-08-13 02:16:17,329 INFO  [org.apa.kaf.cli.pro.KafkaProducer] (Thread-830) [Producer clientId=Producer-topic-175afa78_bd9b_4371_a069_62000e87a8c3] Closing the Kafka producer with timeoutMillis = 9223372036854775807 ms.
2025-08-13 02:16:17,332 INFO  [org.apa.kaf.com.met.Metrics] (Thread-830) Metrics scheduler closed
2025-08-13 02:16:17,332 INFO  [org.apa.kaf.com.met.Metrics] (Thread-830) Closing reporter org.apache.kafka.common.metrics.JmxReporter
2025-08-13 02:16:17,332 INFO  [org.apa.kaf.com.met.Metrics] (Thread-830) Closing reporter org.apache.kafka.common.telemetry.internals.ClientTelemetryReporter
2025-08-13 02:16:17,332 INFO  [org.apa.kaf.com.met.Metrics] (Thread-830) Metrics reporters closed
2025-08-13 02:16:17,332 INFO  [org.apa.kaf.com.uti.AppInfoParser] (Thread-830) App info kafka.producer for Producer-topic-175afa78_bd9b_4371_a069_62000e87a8c3 unregistered
**** Registry Base URL: http://registry-app-pg17.apps.ci419.apicurio-testing.org:80
2025-08-13 02:16:17,332 INFO  [org.apa.kaf.cli.con.ConsumerConfig] (main) ConsumerConfig values: 
	allow.auto.create.topics = true
	auto.commit.interval.ms = 500
	auto.include.jmx.reporter = true
	auto.offset.reset = earliest
	bootstrap.servers = [PLAINTEXT://localhost:32769]
	check.crcs = true
	client.dns.lookup = use_all_dns_ips
	client.id = consumer-Consumer-topic-175afa78_bd9b_4371_a069_62000e87a8c3-31
	client.rack = 
	connections.max.idle.ms = 10000
	default.api.timeout.ms = 60000
	enable.auto.commit = true
	enable.metrics.push = true
	exclude.internal.topics = true
	fetch.max.bytes = 52428800
	fetch.max.wait.ms = 500
	fetch.min.bytes = 1
	group.id = Consumer-topic-175afa78_bd9b_4371_a069_62000e87a8c3
	group.instance.id = null
	group.protocol = classic
	group.remote.assignor = null
	heartbeat.interval.ms = 3000
	interceptor.classes = []
	internal.leave.group.on.close = true
	internal.throw.on.fetch.stable.offset.unsupported = false
	isolation.level = read_uncommitted
	key.deserializer = class org.apache.kafka.common.serialization.StringDeserializer
	max.partition.fetch.bytes = 1048576
	max.poll.interval.ms = 300000
	max.poll.records = 500
	metadata.max.age.ms = 300000
	metadata.recovery.strategy = none
	metric.reporters = []
	metrics.num.samples = 2
	metrics.recording.level = INFO
	metrics.sample.window.ms = 30000
	partition.assignment.strategy = [class org.apache.kafka.clients.consumer.RangeAssignor, class org.apache.kafka.clients.consumer.CooperativeStickyAssignor]
	receive.buffer.bytes = 65536
	reconnect.backoff.max.ms = 1000
	reconnect.backoff.ms = 50
	request.timeout.ms = 5000
	retry.backoff.max.ms = 1000
	retry.backoff.ms = 100
	sasl.client.callback.handler.class = null
	sasl.jaas.config = null
	sasl.kerberos.kinit.cmd = /usr/bin/kinit
	sasl.kerberos.min.time.before.relogin = 60000
	sasl.kerberos.service.name = null
	sasl.kerberos.ticket.renew.jitter = 0.05
	sasl.kerberos.ticket.renew.window.factor = 0.8
	sasl.login.callback.handler.class = null
	sasl.login.class = null
	sasl.login.connect.timeout.ms = null
	sasl.login.read.timeout.ms = null
	sasl.login.refresh.buffer.seconds = 300
	sasl.login.refresh.min.period.seconds = 60
	sasl.login.refresh.window.factor = 0.8
	sasl.login.refresh.window.jitter = 0.05
	sasl.login.retry.backoff.max.ms = 10000
	sasl.login.retry.backoff.ms = 100
	sasl.mechanism = GSSAPI
	sasl.oauthbearer.clock.skew.seconds = 30
	sasl.oauthbearer.expected.audience = null
	sasl.oauthbearer.expected.issuer = null
	sasl.oauthbearer.header.urlencode = false
	sasl.oauthbearer.jwks.endpoint.refresh.ms = 3600000
	sasl.oauthbearer.jwks.endpoint.retry.backoff.max.ms = 10000
	sasl.oauthbearer.jwks.endpoint.retry.backoff.ms = 100
	sasl.oauthbearer.jwks.endpoint.url = null
	sasl.oauthbearer.scope.claim.name = scope
	sasl.oauthbearer.sub.claim.name = sub
	sasl.oauthbearer.token.endpoint.url = null
	security.protocol = PLAINTEXT
	security.providers = null
	send.buffer.bytes = 131072
	session.timeout.ms = 45000
	socket.connection.setup.timeout.max.ms = 30000
	socket.connection.setup.timeout.ms = 10000
	ssl.cipher.suites = null
	ssl.enabled.protocols = [TLSv1.2, TLSv1.3]
	ssl.endpoint.identification.algorithm = https
	ssl.engine.factory.class = null
	ssl.key.password = null
	ssl.keymanager.algorithm = SunX509
	ssl.keystore.certificate.chain = null
	ssl.keystore.key = null
	ssl.keystore.location = null
	ssl.keystore.password = null
	ssl.keystore.type = JKS
	ssl.protocol = TLSv1.3
	ssl.provider = null
	ssl.secure.random.implementation = null
	ssl.trustmanager.algorithm = PKIX
	ssl.truststore.certificates = null
	ssl.truststore.location = null
	ssl.truststore.password = null
	ssl.truststore.type = JKS
	value.deserializer = class io.apicurio.registry.serde.protobuf.ProtobufKafkaDeserializer

2025-08-13 02:16:17,333 INFO  [org.apa.kaf.com.tel.int.KafkaMetricsCollector] (main) initializing Kafka metrics collector
2025-08-13 02:16:17,339 INFO  [org.apa.kaf.cli.con.ConsumerConfig] (main) These configurations '[apicurio.registry.deserializer.value.return-class, apicurio.registry.url]' were supplied but are not used yet.
2025-08-13 02:16:17,339 INFO  [org.apa.kaf.com.uti.AppInfoParser] (main) Kafka version: 3.9.1
2025-08-13 02:16:17,339 INFO  [org.apa.kaf.com.uti.AppInfoParser] (main) Kafka commitId: f745dfdcee2b9851
2025-08-13 02:16:17,339 INFO  [org.apa.kaf.com.uti.AppInfoParser] (main) Kafka startTimeMs: 1755051377339
2025-08-13 02:16:17,340 INFO  [org.apa.kaf.cli.con.int.ClassicKafkaConsumer] (Thread-833) [Consumer clientId=consumer-Consumer-topic-175afa78_bd9b_4371_a069_62000e87a8c3-31, groupId=Consumer-topic-175afa78_bd9b_4371_a069_62000e87a8c3] Subscribed to topic(s): topic-175afa78_bd9b_4371_a069_62000e87a8c3
2025-08-13 02:16:17,342 INFO  [org.apa.kaf.cli.Metadata] (Thread-833) [Consumer clientId=consumer-Consumer-topic-175afa78_bd9b_4371_a069_62000e87a8c3-31, groupId=Consumer-topic-175afa78_bd9b_4371_a069_62000e87a8c3] Cluster ID: NjaB_jQRSOy2vs25Uo6hCg
2025-08-13 02:16:17,343 INFO  [org.apa.kaf.cli.con.int.ConsumerCoordinator] (Thread-833) [Consumer clientId=consumer-Consumer-topic-175afa78_bd9b_4371_a069_62000e87a8c3-31, groupId=Consumer-topic-175afa78_bd9b_4371_a069_62000e87a8c3] Discovered group coordinator localhost:32769 (id: 2147483647 rack: null)
2025-08-13 02:16:17,344 INFO  [org.apa.kaf.cli.con.int.ConsumerCoordinator] (Thread-833) [Consumer clientId=consumer-Consumer-topic-175afa78_bd9b_4371_a069_62000e87a8c3-31, groupId=Consumer-topic-175afa78_bd9b_4371_a069_62000e87a8c3] (Re-)joining group
2025-08-13 02:16:17,346 INFO  [org.apa.kaf.cli.con.int.ConsumerCoordinator] (Thread-833) [Consumer clientId=consumer-Consumer-topic-175afa78_bd9b_4371_a069_62000e87a8c3-31, groupId=Consumer-topic-175afa78_bd9b_4371_a069_62000e87a8c3] Request joining group due to: need to re-join with the given member-id: consumer-Consumer-topic-175afa78_bd9b_4371_a069_62000e87a8c3-31-8ade1e79-d282-4ab0-9675-19328301d1b3
2025-08-13 02:16:17,346 INFO  [org.apa.kaf.cli.con.int.ConsumerCoordinator] (Thread-833) [Consumer clientId=consumer-Consumer-topic-175afa78_bd9b_4371_a069_62000e87a8c3-31, groupId=Consumer-topic-175afa78_bd9b_4371_a069_62000e87a8c3] (Re-)joining group
2025-08-13 02:16:18,341 INFO  [io.api.tes.ser.api.KafkaSerdesTester] (Thread-833) None found
2025-08-13 02:16:19,341 INFO  [io.api.tes.ser.api.KafkaSerdesTester] (Thread-833) None found
2025-08-13 02:16:20,341 INFO  [io.api.tes.ser.api.KafkaSerdesTester] (Thread-833) None found
2025-08-13 02:16:20,347 INFO  [org.apa.kaf.cli.con.int.ConsumerCoordinator] (Thread-833) [Consumer clientId=consumer-Consumer-topic-175afa78_bd9b_4371_a069_62000e87a8c3-31, groupId=Consumer-topic-175afa78_bd9b_4371_a069_62000e87a8c3] Successfully joined group with generation Generation{generationId=1, memberId='consumer-Consumer-topic-175afa78_bd9b_4371_a069_62000e87a8c3-31-8ade1e79-d282-4ab0-9675-19328301d1b3', protocol='range'}
2025-08-13 02:16:20,348 INFO  [org.apa.kaf.cli.con.int.ConsumerCoordinator] (Thread-833) [Consumer clientId=consumer-Consumer-topic-175afa78_bd9b_4371_a069_62000e87a8c3-31, groupId=Consumer-topic-175afa78_bd9b_4371_a069_62000e87a8c3] Finished assignment for group at generation 1: {consumer-Consumer-topic-175afa78_bd9b_4371_a069_62000e87a8c3-31-8ade1e79-d282-4ab0-9675-19328301d1b3=Assignment(partitions=[topic-175afa78_bd9b_4371_a069_62000e87a8c3-0])}
2025-08-13 02:16:20,354 INFO  [org.apa.kaf.cli.con.int.ConsumerCoordinator] (Thread-833) [Consumer clientId=consumer-Consumer-topic-175afa78_bd9b_4371_a069_62000e87a8c3-31, groupId=Consumer-topic-175afa78_bd9b_4371_a069_62000e87a8c3] Successfully synced group in generation Generation{generationId=1, memberId='consumer-Consumer-topic-175afa78_bd9b_4371_a069_62000e87a8c3-31-8ade1e79-d282-4ab0-9675-19328301d1b3', protocol='range'}
2025-08-13 02:16:20,355 INFO  [org.apa.kaf.cli.con.int.ConsumerCoordinator] (Thread-833) [Consumer clientId=consumer-Consumer-topic-175afa78_bd9b_4371_a069_62000e87a8c3-31, groupId=Consumer-topic-175afa78_bd9b_4371_a069_62000e87a8c3] Notifying assignor about the new Assignment(partitions=[topic-175afa78_bd9b_4371_a069_62000e87a8c3-0])
2025-08-13 02:16:20,355 INFO  [org.apa.kaf.cli.con.int.ConsumerRebalanceListenerInvoker] (Thread-833) [Consumer clientId=consumer-Consumer-topic-175afa78_bd9b_4371_a069_62000e87a8c3-31, groupId=Consumer-topic-175afa78_bd9b_4371_a069_62000e87a8c3] Adding newly assigned partitions: topic-175afa78_bd9b_4371_a069_62000e87a8c3-0
2025-08-13 02:16:20,355 INFO  [org.apa.kaf.cli.con.int.ConsumerCoordinator] (Thread-833) [Consumer clientId=consumer-Consumer-topic-175afa78_bd9b_4371_a069_62000e87a8c3-31, groupId=Consumer-topic-175afa78_bd9b_4371_a069_62000e87a8c3] Found no committed offset for partition topic-175afa78_bd9b_4371_a069_62000e87a8c3-0
2025-08-13 02:16:20,358 INFO  [org.apa.kaf.cli.con.int.SubscriptionState] (Thread-833) [Consumer clientId=consumer-Consumer-topic-175afa78_bd9b_4371_a069_62000e87a8c3-31, groupId=Consumer-topic-175afa78_bd9b_4371_a069_62000e87a8c3] Resetting offset for partition topic-175afa78_bd9b_4371_a069_62000e87a8c3-0 to position FetchPosition{offset=0, offsetEpoch=Optional.empty, currentLeader=LeaderAndEpoch{leader=Optional[localhost:32769 (id: 0 rack: null)], epoch=0}}.
2025-08-13 02:16:20,459 INFO  [io.api.tes.ser.api.KafkaSerdesTester] (Thread-833) topic-175afa78_bd9b_4371_a069_62000e87a8c3 0 0 header {
  time {
  }
}
d1: 1.755051377144E12
s1: "a"
i1: 123
bi1: 1
point {
  longitude: 22.0
  latitude: 22.0
  altitude: 1.0
}

2025-08-13 02:16:20,460 INFO  [io.api.tes.ser.api.KafkaSerdesTester] (Thread-833) topic-175afa78_bd9b_4371_a069_62000e87a8c3 0 1 header {
  time {
  }
}
d1: 1.755051377303E12
s1: "a"
i1: 123
bi1: 1
point {
  longitude: 22.0
  latitude: 22.0
  altitude: 1.0
}

2025-08-13 02:16:20,460 INFO  [io.api.tes.ser.api.KafkaSerdesTester] (Thread-833) topic-175afa78_bd9b_4371_a069_62000e87a8c3 0 2 header {
  time {
  }
}
d1: 1.755051377305E12
s1: "a"
i1: 123
bi1: 1
point {
  longitude: 22.0
  latitude: 22.0
  altitude: 1.0
}

2025-08-13 02:16:20,460 INFO  [io.api.tes.ser.api.KafkaSerdesTester] (Thread-833) topic-175afa78_bd9b_4371_a069_62000e87a8c3 0 3 header {
  time {
  }
}
d1: 1.755051377307E12
s1: "a"
i1: 123
bi1: 1
point {
  longitude: 22.0
  latitude: 22.0
  altitude: 1.0
}

2025-08-13 02:16:20,460 INFO  [io.api.tes.ser.api.KafkaSerdesTester] (Thread-833) topic-175afa78_bd9b_4371_a069_62000e87a8c3 0 4 header {
  time {
  }
}
d1: 1.755051377311E12
s1: "a"
i1: 123
bi1: 1
point {
  longitude: 22.0
  latitude: 22.0
  altitude: 1.0
}

2025-08-13 02:16:20,460 INFO  [io.api.tes.ser.api.KafkaSerdesTester] (Thread-833) topic-175afa78_bd9b_4371_a069_62000e87a8c3 0 5 header {
  time {
  }
}
d1: 1.755051377321E12
s1: "a"
i1: 123
bi1: 1
point {
  longitude: 22.0
  latitude: 22.0
  altitude: 1.0
}

2025-08-13 02:16:20,460 INFO  [io.api.tes.ser.api.KafkaSerdesTester] (Thread-833) topic-175afa78_bd9b_4371_a069_62000e87a8c3 0 6 header {
  time {
  }
}
d1: 1.755051377323E12
s1: "a"
i1: 123
bi1: 1
point {
  longitude: 22.0
  latitude: 22.0
  altitude: 1.0
}

2025-08-13 02:16:20,460 INFO  [io.api.tes.ser.api.KafkaSerdesTester] (Thread-833) topic-175afa78_bd9b_4371_a069_62000e87a8c3 0 7 header {
  time {
  }
}
d1: 1.755051377326E12
s1: "a"
i1: 123
bi1: 1
point {
  longitude: 22.0
  latitude: 22.0
  altitude: 1.0
}

2025-08-13 02:16:20,460 INFO  [io.api.tes.ser.api.KafkaSerdesTester] (Thread-833) topic-175afa78_bd9b_4371_a069_62000e87a8c3 0 8 header {
  time {
  }
}
d1: 1.755051377327E12
s1: "a"
i1: 123
bi1: 1
point {
  longitude: 22.0
  latitude: 22.0
  altitude: 1.0
}

2025-08-13 02:16:20,460 INFO  [io.api.tes.ser.api.KafkaSerdesTester] (Thread-833) topic-175afa78_bd9b_4371_a069_62000e87a8c3 0 9 header {
  time {
  }
}
d1: 1.755051377328E12
s1: "a"
i1: 123
bi1: 1
point {
  longitude: 22.0
  latitude: 22.0
  altitude: 1.0
}

2025-08-13 02:16:20,460 INFO  [io.api.tes.ser.api.KafkaSerdesTester] (Thread-833) Consumed 10 messages
2025-08-13 02:16:20,468 INFO  [org.apa.kaf.cli.con.int.ConsumerRebalanceListenerInvoker] (Thread-833) [Consumer clientId=consumer-Consumer-topic-175afa78_bd9b_4371_a069_62000e87a8c3-31, groupId=Consumer-topic-175afa78_bd9b_4371_a069_62000e87a8c3] Revoke previously assigned partitions topic-175afa78_bd9b_4371_a069_62000e87a8c3-0
2025-08-13 02:16:20,468 INFO  [org.apa.kaf.cli.con.int.ConsumerCoordinator] (Thread-833) [Consumer clientId=consumer-Consumer-topic-175afa78_bd9b_4371_a069_62000e87a8c3-31, groupId=Consumer-topic-175afa78_bd9b_4371_a069_62000e87a8c3] Member consumer-Consumer-topic-175afa78_bd9b_4371_a069_62000e87a8c3-31-8ade1e79-d282-4ab0-9675-19328301d1b3 sending LeaveGroup request to coordinator localhost:32769 (id: 2147483647 rack: null) due to the consumer is being closed
2025-08-13 02:16:20,469 INFO  [org.apa.kaf.cli.con.int.ConsumerCoordinator] (Thread-833) [Consumer clientId=consumer-Consumer-topic-175afa78_bd9b_4371_a069_62000e87a8c3-31, groupId=Consumer-topic-175afa78_bd9b_4371_a069_62000e87a8c3] Resetting generation and member id due to: consumer pro-actively leaving the group
2025-08-13 02:16:20,469 INFO  [org.apa.kaf.cli.con.int.ConsumerCoordinator] (Thread-833) [Consumer clientId=consumer-Consumer-topic-175afa78_bd9b_4371_a069_62000e87a8c3-31, groupId=Consumer-topic-175afa78_bd9b_4371_a069_62000e87a8c3] Request joining group due to: consumer pro-actively leaving the group
2025-08-13 02:16:20,962 INFO  [org.apa.kaf.com.met.Metrics] (Thread-833) Metrics scheduler closed
2025-08-13 02:16:20,962 INFO  [org.apa.kaf.com.met.Metrics] (Thread-833) Closing reporter org.apache.kafka.common.metrics.JmxReporter
2025-08-13 02:16:20,962 INFO  [org.apa.kaf.com.met.Metrics] (Thread-833) Closing reporter org.apache.kafka.common.telemetry.internals.ClientTelemetryReporter
2025-08-13 02:16:20,962 INFO  [org.apa.kaf.com.met.Metrics] (Thread-833) Metrics reporters closed
2025-08-13 02:16:20,963 INFO  [org.apa.kaf.com.uti.AppInfoParser] (Thread-833) App info kafka.consumer for consumer-Consumer-topic-175afa78_bd9b_4371_a069_62000e87a8c3-31 unregistered
2025-08-13 02:16:20,964 INFO  [io.api.tes.uti.TestSeparator] (main) io.apicurio.tests.serdes.apicurio.ProtobufSerdeIT.testFindLatestDynamicMessageProtobufType-FINISHED
2025-08-13 02:16:20,964 INFO  [io.api.tes.uti.TestSeparator] (main) ############################################################################
Test passed: testFindLatestDynamicMessageProtobufType
]]></system-out>
  </testcase>
  <testcase name="testFindLatestDeriveClassProtobufTypeSimpleTopicIdStrategy" classname="io.apicurio.tests.serdes.apicurio.ProtobufSerdeIT" time="1.073">
    <system-out><![CDATA[2025-08-13 02:16:20,965 INFO  [io.api.tes.uti.TestSeparator] (main) ############################################################################
2025-08-13 02:16:20,965 INFO  [io.api.tes.uti.TestSeparator] (main) io.apicurio.tests.serdes.apicurio.ProtobufSerdeIT.testFindLatestDeriveClassProtobufTypeSimpleTopicIdStrategy-STARTED
2025-08-13 02:16:22,038 INFO  [io.api.tes.uti.TestSeparator] (main) io.apicurio.tests.serdes.apicurio.ProtobufSerdeIT.testFindLatestDeriveClassProtobufTypeSimpleTopicIdStrategy-FINISHED
2025-08-13 02:16:22,038 INFO  [io.api.tes.uti.TestSeparator] (main) ############################################################################
Test passed: testFindLatestDeriveClassProtobufTypeSimpleTopicIdStrategy
]]></system-out>
  </testcase>
  <testcase name="testFindLatestAndUseBody" classname="io.apicurio.tests.serdes.apicurio.ProtobufSerdeIT" time="4.886">
    <system-out><![CDATA[2025-08-13 02:16:22,040 INFO  [io.api.tes.uti.TestSeparator] (main) ############################################################################
2025-08-13 02:16:22,040 INFO  [io.api.tes.uti.TestSeparator] (main) io.apicurio.tests.serdes.apicurio.ProtobufSerdeIT.testFindLatestAndUseBody-STARTED
**** Registry Base URL: http://registry-app-pg17.apps.ci419.apicurio-testing.org:80
2025-08-13 02:16:23,109 INFO  [org.apa.kaf.cli.pro.ProducerConfig] (main) ProducerConfig values: 
	acks = -1
	auto.include.jmx.reporter = true
	batch.size = 16384
	bootstrap.servers = [PLAINTEXT://localhost:32769]
	buffer.memory = 33554432
	client.dns.lookup = use_all_dns_ips
	client.id = Producer-topic-8e63b37c_189d_4034_a34f_18283834a06f
	compression.gzip.level = -1
	compression.lz4.level = 9
	compression.type = none
	compression.zstd.level = 3
	connections.max.idle.ms = 10000
	delivery.timeout.ms = 120000
	enable.idempotence = true
	enable.metrics.push = true
	interceptor.classes = []
	key.serializer = class org.apache.kafka.common.serialization.StringSerializer
	linger.ms = 0
	max.block.ms = 60000
	max.in.flight.requests.per.connection = 5
	max.request.size = 1048576
	metadata.max.age.ms = 300000
	metadata.max.idle.ms = 300000
	metadata.recovery.strategy = none
	metric.reporters = []
	metrics.num.samples = 2
	metrics.recording.level = INFO
	metrics.sample.window.ms = 30000
	partitioner.adaptive.partitioning.enable = true
	partitioner.availability.timeout.ms = 0
	partitioner.class = null
	partitioner.ignore.keys = false
	receive.buffer.bytes = 32768
	reconnect.backoff.max.ms = 1000
	reconnect.backoff.ms = 50
	request.timeout.ms = 5000
	retries = 2147483647
	retry.backoff.max.ms = 1000
	retry.backoff.ms = 100
	sasl.client.callback.handler.class = null
	sasl.jaas.config = null
	sasl.kerberos.kinit.cmd = /usr/bin/kinit
	sasl.kerberos.min.time.before.relogin = 60000
	sasl.kerberos.service.name = null
	sasl.kerberos.ticket.renew.jitter = 0.05
	sasl.kerberos.ticket.renew.window.factor = 0.8
	sasl.login.callback.handler.class = null
	sasl.login.class = null
	sasl.login.connect.timeout.ms = null
	sasl.login.read.timeout.ms = null
	sasl.login.refresh.buffer.seconds = 300
	sasl.login.refresh.min.period.seconds = 60
	sasl.login.refresh.window.factor = 0.8
	sasl.login.refresh.window.jitter = 0.05
	sasl.login.retry.backoff.max.ms = 10000
	sasl.login.retry.backoff.ms = 100
	sasl.mechanism = GSSAPI
	sasl.oauthbearer.clock.skew.seconds = 30
	sasl.oauthbearer.expected.audience = null
	sasl.oauthbearer.expected.issuer = null
	sasl.oauthbearer.header.urlencode = false
	sasl.oauthbearer.jwks.endpoint.refresh.ms = 3600000
	sasl.oauthbearer.jwks.endpoint.retry.backoff.max.ms = 10000
	sasl.oauthbearer.jwks.endpoint.retry.backoff.ms = 100
	sasl.oauthbearer.jwks.endpoint.url = null
	sasl.oauthbearer.scope.claim.name = scope
	sasl.oauthbearer.sub.claim.name = sub
	sasl.oauthbearer.token.endpoint.url = null
	security.protocol = PLAINTEXT
	security.providers = null
	send.buffer.bytes = 131072
	socket.connection.setup.timeout.max.ms = 30000
	socket.connection.setup.timeout.ms = 10000
	ssl.cipher.suites = null
	ssl.enabled.protocols = [TLSv1.2, TLSv1.3]
	ssl.endpoint.identification.algorithm = https
	ssl.engine.factory.class = null
	ssl.key.password = null
	ssl.keymanager.algorithm = SunX509
	ssl.keystore.certificate.chain = null
	ssl.keystore.key = null
	ssl.keystore.location = null
	ssl.keystore.password = null
	ssl.keystore.type = JKS
	ssl.protocol = TLSv1.3
	ssl.provider = null
	ssl.secure.random.implementation = null
	ssl.trustmanager.algorithm = PKIX
	ssl.truststore.certificates = null
	ssl.truststore.location = null
	ssl.truststore.password = null
	ssl.truststore.type = JKS
	transaction.timeout.ms = 60000
	transactional.id = null
	value.serializer = class io.apicurio.registry.serde.protobuf.ProtobufKafkaSerializer

2025-08-13 02:16:23,109 INFO  [org.apa.kaf.com.tel.int.KafkaMetricsCollector] (main) initializing Kafka metrics collector
2025-08-13 02:16:23,112 INFO  [org.apa.kaf.cli.pro.KafkaProducer] (main) [Producer clientId=Producer-topic-8e63b37c_189d_4034_a34f_18283834a06f] Instantiated an idempotent producer.
2025-08-13 02:16:23,114 INFO  [org.apa.kaf.cli.pro.ProducerConfig] (main) These configurations '[apicurio.registry.find-latest, apicurio.registry.url, apicurio.registry.artifact-resolver-strategy]' were supplied but are not used yet.
2025-08-13 02:16:23,114 INFO  [org.apa.kaf.com.uti.AppInfoParser] (main) Kafka version: 3.9.1
2025-08-13 02:16:23,114 INFO  [org.apa.kaf.com.uti.AppInfoParser] (main) Kafka commitId: f745dfdcee2b9851
2025-08-13 02:16:23,114 INFO  [org.apa.kaf.com.uti.AppInfoParser] (main) Kafka startTimeMs: 1755051383114
2025-08-13 02:16:23,114 INFO  [io.api.tes.ser.api.SimpleSerdesTesterBuilder$SimpleSerdesTester] (main) Using producer configuration: {apicurio.registry.find-latest=true, apicurio.registry.url=http://registry-app-pg17.apps.ci419.apicurio-testing.org:80/apis/registry/v3, apicurio.registry.artifact-resolver-strategy=io.apicurio.registry.serde.strategy.TopicIdStrategy, value.serializer=io.apicurio.registry.serde.protobuf.ProtobufKafkaSerializer, request.timeout.ms=5000, acks=all, bootstrap.servers=PLAINTEXT://localhost:32769, connections.max.idle.ms=10000, key.serializer=org.apache.kafka.common.serialization.StringSerializer, client.id=Producer-topic-8e63b37c_189d_4034_a34f_18283834a06f}
2025-08-13 02:16:23,114 INFO  [io.api.tes.ser.api.SimpleSerdesTesterBuilder$SimpleSerdesTester] (main) Using consumer configuration: {}
2025-08-13 02:16:23,115 INFO  [io.api.tes.ser.api.KafkaSerdesTester] (Thread-836) Sending message header {
  time {
  }
}
d1: 1.755051383115E12
s1: "a"
i1: 123
bi1: 1
point {
  longitude: 22.0
  latitude: 22.0
  altitude: 1.0
}
 to topic topic-8e63b37c_189d_4034_a34f_18283834a06f
2025-08-13 02:16:23,117 INFO  [org.apa.kaf.cli.Metadata] (kafka-producer-network-thread | Producer-topic-8e63b37c_189d_4034_a34f_18283834a06f) [Producer clientId=Producer-topic-8e63b37c_189d_4034_a34f_18283834a06f] Cluster ID: NjaB_jQRSOy2vs25Uo6hCg
2025-08-13 02:16:23,118 INFO  [org.apa.kaf.cli.pro.int.TransactionManager] (kafka-producer-network-thread | Producer-topic-8e63b37c_189d_4034_a34f_18283834a06f) [Producer clientId=Producer-topic-8e63b37c_189d_4034_a34f_18283834a06f] ProducerId set to 42 with epoch 0
2025-08-13 02:16:23,279 INFO  [io.api.tes.ser.api.KafkaSerdesTester] (Thread-836) Sending message header {
  time {
  }
}
d1: 1.755051383279E12
s1: "a"
i1: 123
bi1: 1
point {
  longitude: 22.0
  latitude: 22.0
  altitude: 1.0
}
 to topic topic-8e63b37c_189d_4034_a34f_18283834a06f
2025-08-13 02:16:23,282 INFO  [io.api.tes.ser.api.KafkaSerdesTester] (Thread-836) Sending message header {
  time {
  }
}
d1: 1.755051383282E12
s1: "a"
i1: 123
bi1: 1
point {
  longitude: 22.0
  latitude: 22.0
  altitude: 1.0
}
 to topic topic-8e63b37c_189d_4034_a34f_18283834a06f
2025-08-13 02:16:23,284 INFO  [io.api.tes.ser.api.KafkaSerdesTester] (Thread-836) Sending message header {
  time {
  }
}
d1: 1.755051383284E12
s1: "a"
i1: 123
bi1: 1
point {
  longitude: 22.0
  latitude: 22.0
  altitude: 1.0
}
 to topic topic-8e63b37c_189d_4034_a34f_18283834a06f
2025-08-13 02:16:23,288 INFO  [io.api.tes.ser.api.KafkaSerdesTester] (Thread-836) Sending message header {
  time {
  }
}
d1: 1.755051383288E12
s1: "a"
i1: 123
bi1: 1
point {
  longitude: 22.0
  latitude: 22.0
  altitude: 1.0
}
 to topic topic-8e63b37c_189d_4034_a34f_18283834a06f
2025-08-13 02:16:23,289 INFO  [io.api.tes.ser.api.KafkaSerdesTester] (Thread-836) Sending message header {
  time {
  }
}
d1: 1.755051383289E12
s1: "a"
i1: 123
bi1: 1
point {
  longitude: 22.0
  latitude: 22.0
  altitude: 1.0
}
 to topic topic-8e63b37c_189d_4034_a34f_18283834a06f
2025-08-13 02:16:23,291 INFO  [io.api.tes.ser.api.KafkaSerdesTester] (Thread-836) Sending message header {
  time {
  }
}
d1: 1.755051383291E12
s1: "a"
i1: 123
bi1: 1
point {
  longitude: 22.0
  latitude: 22.0
  altitude: 1.0
}
 to topic topic-8e63b37c_189d_4034_a34f_18283834a06f
2025-08-13 02:16:23,292 INFO  [io.api.tes.ser.api.KafkaSerdesTester] (Thread-836) Sending message header {
  time {
  }
}
d1: 1.755051383292E12
s1: "a"
i1: 123
bi1: 1
point {
  longitude: 22.0
  latitude: 22.0
  altitude: 1.0
}
 to topic topic-8e63b37c_189d_4034_a34f_18283834a06f
2025-08-13 02:16:23,294 INFO  [io.api.tes.ser.api.KafkaSerdesTester] (Thread-836) Sending message header {
  time {
  }
}
d1: 1.755051383294E12
s1: "a"
i1: 123
bi1: 1
point {
  longitude: 22.0
  latitude: 22.0
  altitude: 1.0
}
 to topic topic-8e63b37c_189d_4034_a34f_18283834a06f
2025-08-13 02:16:23,295 INFO  [io.api.tes.ser.api.KafkaSerdesTester] (Thread-836) Sending message header {
  time {
  }
}
d1: 1.755051383295E12
s1: "a"
i1: 123
bi1: 1
point {
  longitude: 22.0
  latitude: 22.0
  altitude: 1.0
}
 to topic topic-8e63b37c_189d_4034_a34f_18283834a06f
2025-08-13 02:16:23,296 INFO  [io.api.tes.ser.api.KafkaSerdesTester] (Thread-836) Produced 10 messages
2025-08-13 02:16:23,296 INFO  [org.apa.kaf.cli.pro.KafkaProducer] (Thread-836) [Producer clientId=Producer-topic-8e63b37c_189d_4034_a34f_18283834a06f] Closing the Kafka producer with timeoutMillis = 9223372036854775807 ms.
2025-08-13 02:16:23,298 INFO  [org.apa.kaf.com.met.Metrics] (Thread-836) Metrics scheduler closed
2025-08-13 02:16:23,298 INFO  [org.apa.kaf.com.met.Metrics] (Thread-836) Closing reporter org.apache.kafka.common.metrics.JmxReporter
2025-08-13 02:16:23,298 INFO  [org.apa.kaf.com.met.Metrics] (Thread-836) Closing reporter org.apache.kafka.common.telemetry.internals.ClientTelemetryReporter
2025-08-13 02:16:23,298 INFO  [org.apa.kaf.com.met.Metrics] (Thread-836) Metrics reporters closed
2025-08-13 02:16:23,298 INFO  [org.apa.kaf.com.uti.AppInfoParser] (Thread-836) App info kafka.producer for Producer-topic-8e63b37c_189d_4034_a34f_18283834a06f unregistered
**** Registry Base URL: http://registry-app-pg17.apps.ci419.apicurio-testing.org:80
2025-08-13 02:16:23,298 INFO  [org.apa.kaf.cli.con.ConsumerConfig] (main) ConsumerConfig values: 
	allow.auto.create.topics = true
	auto.commit.interval.ms = 500
	auto.include.jmx.reporter = true
	auto.offset.reset = earliest
	bootstrap.servers = [PLAINTEXT://localhost:32769]
	check.crcs = true
	client.dns.lookup = use_all_dns_ips
	client.id = consumer-Consumer-topic-8e63b37c_189d_4034_a34f_18283834a06f-32
	client.rack = 
	connections.max.idle.ms = 10000
	default.api.timeout.ms = 60000
	enable.auto.commit = true
	enable.metrics.push = true
	exclude.internal.topics = true
	fetch.max.bytes = 52428800
	fetch.max.wait.ms = 500
	fetch.min.bytes = 1
	group.id = Consumer-topic-8e63b37c_189d_4034_a34f_18283834a06f
	group.instance.id = null
	group.protocol = classic
	group.remote.assignor = null
	heartbeat.interval.ms = 3000
	interceptor.classes = []
	internal.leave.group.on.close = true
	internal.throw.on.fetch.stable.offset.unsupported = false
	isolation.level = read_uncommitted
	key.deserializer = class org.apache.kafka.common.serialization.StringDeserializer
	max.partition.fetch.bytes = 1048576
	max.poll.interval.ms = 300000
	max.poll.records = 500
	metadata.max.age.ms = 300000
	metadata.recovery.strategy = none
	metric.reporters = []
	metrics.num.samples = 2
	metrics.recording.level = INFO
	metrics.sample.window.ms = 30000
	partition.assignment.strategy = [class org.apache.kafka.clients.consumer.RangeAssignor, class org.apache.kafka.clients.consumer.CooperativeStickyAssignor]
	receive.buffer.bytes = 65536
	reconnect.backoff.max.ms = 1000
	reconnect.backoff.ms = 50
	request.timeout.ms = 5000
	retry.backoff.max.ms = 1000
	retry.backoff.ms = 100
	sasl.client.callback.handler.class = null
	sasl.jaas.config = null
	sasl.kerberos.kinit.cmd = /usr/bin/kinit
	sasl.kerberos.min.time.before.relogin = 60000
	sasl.kerberos.service.name = null
	sasl.kerberos.ticket.renew.jitter = 0.05
	sasl.kerberos.ticket.renew.window.factor = 0.8
	sasl.login.callback.handler.class = null
	sasl.login.class = null
	sasl.login.connect.timeout.ms = null
	sasl.login.read.timeout.ms = null
	sasl.login.refresh.buffer.seconds = 300
	sasl.login.refresh.min.period.seconds = 60
	sasl.login.refresh.window.factor = 0.8
	sasl.login.refresh.window.jitter = 0.05
	sasl.login.retry.backoff.max.ms = 10000
	sasl.login.retry.backoff.ms = 100
	sasl.mechanism = GSSAPI
	sasl.oauthbearer.clock.skew.seconds = 30
	sasl.oauthbearer.expected.audience = null
	sasl.oauthbearer.expected.issuer = null
	sasl.oauthbearer.header.urlencode = false
	sasl.oauthbearer.jwks.endpoint.refresh.ms = 3600000
	sasl.oauthbearer.jwks.endpoint.retry.backoff.max.ms = 10000
	sasl.oauthbearer.jwks.endpoint.retry.backoff.ms = 100
	sasl.oauthbearer.jwks.endpoint.url = null
	sasl.oauthbearer.scope.claim.name = scope
	sasl.oauthbearer.sub.claim.name = sub
	sasl.oauthbearer.token.endpoint.url = null
	security.protocol = PLAINTEXT
	security.providers = null
	send.buffer.bytes = 131072
	session.timeout.ms = 45000
	socket.connection.setup.timeout.max.ms = 30000
	socket.connection.setup.timeout.ms = 10000
	ssl.cipher.suites = null
	ssl.enabled.protocols = [TLSv1.2, TLSv1.3]
	ssl.endpoint.identification.algorithm = https
	ssl.engine.factory.class = null
	ssl.key.password = null
	ssl.keymanager.algorithm = SunX509
	ssl.keystore.certificate.chain = null
	ssl.keystore.key = null
	ssl.keystore.location = null
	ssl.keystore.password = null
	ssl.keystore.type = JKS
	ssl.protocol = TLSv1.3
	ssl.provider = null
	ssl.secure.random.implementation = null
	ssl.trustmanager.algorithm = PKIX
	ssl.truststore.certificates = null
	ssl.truststore.location = null
	ssl.truststore.password = null
	ssl.truststore.type = JKS
	value.deserializer = class io.apicurio.registry.serde.protobuf.ProtobufKafkaDeserializer

2025-08-13 02:16:23,298 INFO  [org.apa.kaf.com.tel.int.KafkaMetricsCollector] (main) initializing Kafka metrics collector
2025-08-13 02:16:23,304 INFO  [org.apa.kaf.cli.con.ConsumerConfig] (main) These configurations '[apicurio.registry.url]' were supplied but are not used yet.
2025-08-13 02:16:23,304 INFO  [org.apa.kaf.com.uti.AppInfoParser] (main) Kafka version: 3.9.1
2025-08-13 02:16:23,304 INFO  [org.apa.kaf.com.uti.AppInfoParser] (main) Kafka commitId: f745dfdcee2b9851
2025-08-13 02:16:23,304 INFO  [org.apa.kaf.com.uti.AppInfoParser] (main) Kafka startTimeMs: 1755051383304
2025-08-13 02:16:23,305 INFO  [org.apa.kaf.cli.con.int.ClassicKafkaConsumer] (Thread-839) [Consumer clientId=consumer-Consumer-topic-8e63b37c_189d_4034_a34f_18283834a06f-32, groupId=Consumer-topic-8e63b37c_189d_4034_a34f_18283834a06f] Subscribed to topic(s): topic-8e63b37c_189d_4034_a34f_18283834a06f
2025-08-13 02:16:23,308 INFO  [org.apa.kaf.cli.Metadata] (Thread-839) [Consumer clientId=consumer-Consumer-topic-8e63b37c_189d_4034_a34f_18283834a06f-32, groupId=Consumer-topic-8e63b37c_189d_4034_a34f_18283834a06f] Cluster ID: NjaB_jQRSOy2vs25Uo6hCg
2025-08-13 02:16:23,308 INFO  [org.apa.kaf.cli.con.int.ConsumerCoordinator] (Thread-839) [Consumer clientId=consumer-Consumer-topic-8e63b37c_189d_4034_a34f_18283834a06f-32, groupId=Consumer-topic-8e63b37c_189d_4034_a34f_18283834a06f] Discovered group coordinator localhost:32769 (id: 2147483647 rack: null)
2025-08-13 02:16:23,309 INFO  [org.apa.kaf.cli.con.int.ConsumerCoordinator] (Thread-839) [Consumer clientId=consumer-Consumer-topic-8e63b37c_189d_4034_a34f_18283834a06f-32, groupId=Consumer-topic-8e63b37c_189d_4034_a34f_18283834a06f] (Re-)joining group
2025-08-13 02:16:23,310 INFO  [org.apa.kaf.cli.con.int.ConsumerCoordinator] (Thread-839) [Consumer clientId=consumer-Consumer-topic-8e63b37c_189d_4034_a34f_18283834a06f-32, groupId=Consumer-topic-8e63b37c_189d_4034_a34f_18283834a06f] Request joining group due to: need to re-join with the given member-id: consumer-Consumer-topic-8e63b37c_189d_4034_a34f_18283834a06f-32-6a1f0dcb-6a0c-4bdf-90a2-c033eb4d3a29
2025-08-13 02:16:23,310 INFO  [org.apa.kaf.cli.con.int.ConsumerCoordinator] (Thread-839) [Consumer clientId=consumer-Consumer-topic-8e63b37c_189d_4034_a34f_18283834a06f-32, groupId=Consumer-topic-8e63b37c_189d_4034_a34f_18283834a06f] (Re-)joining group
2025-08-13 02:16:24,306 INFO  [io.api.tes.ser.api.KafkaSerdesTester] (Thread-839) None found
2025-08-13 02:16:25,306 INFO  [io.api.tes.ser.api.KafkaSerdesTester] (Thread-839) None found
2025-08-13 02:16:26,307 INFO  [io.api.tes.ser.api.KafkaSerdesTester] (Thread-839) None found
2025-08-13 02:16:26,312 INFO  [org.apa.kaf.cli.con.int.ConsumerCoordinator] (Thread-839) [Consumer clientId=consumer-Consumer-topic-8e63b37c_189d_4034_a34f_18283834a06f-32, groupId=Consumer-topic-8e63b37c_189d_4034_a34f_18283834a06f] Successfully joined group with generation Generation{generationId=1, memberId='consumer-Consumer-topic-8e63b37c_189d_4034_a34f_18283834a06f-32-6a1f0dcb-6a0c-4bdf-90a2-c033eb4d3a29', protocol='range'}
2025-08-13 02:16:26,312 INFO  [org.apa.kaf.cli.con.int.ConsumerCoordinator] (Thread-839) [Consumer clientId=consumer-Consumer-topic-8e63b37c_189d_4034_a34f_18283834a06f-32, groupId=Consumer-topic-8e63b37c_189d_4034_a34f_18283834a06f] Finished assignment for group at generation 1: {consumer-Consumer-topic-8e63b37c_189d_4034_a34f_18283834a06f-32-6a1f0dcb-6a0c-4bdf-90a2-c033eb4d3a29=Assignment(partitions=[topic-8e63b37c_189d_4034_a34f_18283834a06f-0])}
2025-08-13 02:16:26,319 INFO  [org.apa.kaf.cli.con.int.ConsumerCoordinator] (Thread-839) [Consumer clientId=consumer-Consumer-topic-8e63b37c_189d_4034_a34f_18283834a06f-32, groupId=Consumer-topic-8e63b37c_189d_4034_a34f_18283834a06f] Successfully synced group in generation Generation{generationId=1, memberId='consumer-Consumer-topic-8e63b37c_189d_4034_a34f_18283834a06f-32-6a1f0dcb-6a0c-4bdf-90a2-c033eb4d3a29', protocol='range'}
2025-08-13 02:16:26,319 INFO  [org.apa.kaf.cli.con.int.ConsumerCoordinator] (Thread-839) [Consumer clientId=consumer-Consumer-topic-8e63b37c_189d_4034_a34f_18283834a06f-32, groupId=Consumer-topic-8e63b37c_189d_4034_a34f_18283834a06f] Notifying assignor about the new Assignment(partitions=[topic-8e63b37c_189d_4034_a34f_18283834a06f-0])
2025-08-13 02:16:26,319 INFO  [org.apa.kaf.cli.con.int.ConsumerRebalanceListenerInvoker] (Thread-839) [Consumer clientId=consumer-Consumer-topic-8e63b37c_189d_4034_a34f_18283834a06f-32, groupId=Consumer-topic-8e63b37c_189d_4034_a34f_18283834a06f] Adding newly assigned partitions: topic-8e63b37c_189d_4034_a34f_18283834a06f-0
2025-08-13 02:16:26,320 INFO  [org.apa.kaf.cli.con.int.ConsumerCoordinator] (Thread-839) [Consumer clientId=consumer-Consumer-topic-8e63b37c_189d_4034_a34f_18283834a06f-32, groupId=Consumer-topic-8e63b37c_189d_4034_a34f_18283834a06f] Found no committed offset for partition topic-8e63b37c_189d_4034_a34f_18283834a06f-0
2025-08-13 02:16:26,322 INFO  [org.apa.kaf.cli.con.int.SubscriptionState] (Thread-839) [Consumer clientId=consumer-Consumer-topic-8e63b37c_189d_4034_a34f_18283834a06f-32, groupId=Consumer-topic-8e63b37c_189d_4034_a34f_18283834a06f] Resetting offset for partition topic-8e63b37c_189d_4034_a34f_18283834a06f-0 to position FetchPosition{offset=0, offsetEpoch=Optional.empty, currentLeader=LeaderAndEpoch{leader=Optional[localhost:32769 (id: 0 rack: null)], epoch=0}}.
2025-08-13 02:16:26,421 INFO  [io.api.tes.ser.api.KafkaSerdesTester] (Thread-839) topic-8e63b37c_189d_4034_a34f_18283834a06f 0 0 header {
  time {
  }
}
d1: 1.755051383115E12
s1: "a"
i1: 123
bi1: 1
point {
  longitude: 22.0
  latitude: 22.0
  altitude: 1.0
}

2025-08-13 02:16:26,421 INFO  [io.api.tes.ser.api.KafkaSerdesTester] (Thread-839) topic-8e63b37c_189d_4034_a34f_18283834a06f 0 1 header {
  time {
  }
}
d1: 1.755051383279E12
s1: "a"
i1: 123
bi1: 1
point {
  longitude: 22.0
  latitude: 22.0
  altitude: 1.0
}

2025-08-13 02:16:26,421 INFO  [io.api.tes.ser.api.KafkaSerdesTester] (Thread-839) topic-8e63b37c_189d_4034_a34f_18283834a06f 0 2 header {
  time {
  }
}
d1: 1.755051383282E12
s1: "a"
i1: 123
bi1: 1
point {
  longitude: 22.0
  latitude: 22.0
  altitude: 1.0
}

2025-08-13 02:16:26,421 INFO  [io.api.tes.ser.api.KafkaSerdesTester] (Thread-839) topic-8e63b37c_189d_4034_a34f_18283834a06f 0 3 header {
  time {
  }
}
d1: 1.755051383284E12
s1: "a"
i1: 123
bi1: 1
point {
  longitude: 22.0
  latitude: 22.0
  altitude: 1.0
}

2025-08-13 02:16:26,421 INFO  [io.api.tes.ser.api.KafkaSerdesTester] (Thread-839) topic-8e63b37c_189d_4034_a34f_18283834a06f 0 4 header {
  time {
  }
}
d1: 1.755051383288E12
s1: "a"
i1: 123
bi1: 1
point {
  longitude: 22.0
  latitude: 22.0
  altitude: 1.0
}

2025-08-13 02:16:26,421 INFO  [io.api.tes.ser.api.KafkaSerdesTester] (Thread-839) topic-8e63b37c_189d_4034_a34f_18283834a06f 0 5 header {
  time {
  }
}
d1: 1.755051383289E12
s1: "a"
i1: 123
bi1: 1
point {
  longitude: 22.0
  latitude: 22.0
  altitude: 1.0
}

2025-08-13 02:16:26,421 INFO  [io.api.tes.ser.api.KafkaSerdesTester] (Thread-839) topic-8e63b37c_189d_4034_a34f_18283834a06f 0 6 header {
  time {
  }
}
d1: 1.755051383291E12
s1: "a"
i1: 123
bi1: 1
point {
  longitude: 22.0
  latitude: 22.0
  altitude: 1.0
}

2025-08-13 02:16:26,421 INFO  [io.api.tes.ser.api.KafkaSerdesTester] (Thread-839) topic-8e63b37c_189d_4034_a34f_18283834a06f 0 7 header {
  time {
  }
}
d1: 1.755051383292E12
s1: "a"
i1: 123
bi1: 1
point {
  longitude: 22.0
  latitude: 22.0
  altitude: 1.0
}

2025-08-13 02:16:26,421 INFO  [io.api.tes.ser.api.KafkaSerdesTester] (Thread-839) topic-8e63b37c_189d_4034_a34f_18283834a06f 0 8 header {
  time {
  }
}
d1: 1.755051383294E12
s1: "a"
i1: 123
bi1: 1
point {
  longitude: 22.0
  latitude: 22.0
  altitude: 1.0
}

2025-08-13 02:16:26,421 INFO  [io.api.tes.ser.api.KafkaSerdesTester] (Thread-839) topic-8e63b37c_189d_4034_a34f_18283834a06f 0 9 header {
  time {
  }
}
d1: 1.755051383295E12
s1: "a"
i1: 123
bi1: 1
point {
  longitude: 22.0
  latitude: 22.0
  altitude: 1.0
}

2025-08-13 02:16:26,421 INFO  [io.api.tes.ser.api.KafkaSerdesTester] (Thread-839) Consumed 10 messages
2025-08-13 02:16:26,432 INFO  [org.apa.kaf.cli.con.int.ConsumerRebalanceListenerInvoker] (Thread-839) [Consumer clientId=consumer-Consumer-topic-8e63b37c_189d_4034_a34f_18283834a06f-32, groupId=Consumer-topic-8e63b37c_189d_4034_a34f_18283834a06f] Revoke previously assigned partitions topic-8e63b37c_189d_4034_a34f_18283834a06f-0
2025-08-13 02:16:26,432 INFO  [org.apa.kaf.cli.con.int.ConsumerCoordinator] (Thread-839) [Consumer clientId=consumer-Consumer-topic-8e63b37c_189d_4034_a34f_18283834a06f-32, groupId=Consumer-topic-8e63b37c_189d_4034_a34f_18283834a06f] Member consumer-Consumer-topic-8e63b37c_189d_4034_a34f_18283834a06f-32-6a1f0dcb-6a0c-4bdf-90a2-c033eb4d3a29 sending LeaveGroup request to coordinator localhost:32769 (id: 2147483647 rack: null) due to the consumer is being closed
2025-08-13 02:16:26,432 INFO  [org.apa.kaf.cli.con.int.ConsumerCoordinator] (Thread-839) [Consumer clientId=consumer-Consumer-topic-8e63b37c_189d_4034_a34f_18283834a06f-32, groupId=Consumer-topic-8e63b37c_189d_4034_a34f_18283834a06f] Resetting generation and member id due to: consumer pro-actively leaving the group
2025-08-13 02:16:26,432 INFO  [org.apa.kaf.cli.con.int.ConsumerCoordinator] (Thread-839) [Consumer clientId=consumer-Consumer-topic-8e63b37c_189d_4034_a34f_18283834a06f-32, groupId=Consumer-topic-8e63b37c_189d_4034_a34f_18283834a06f] Request joining group due to: consumer pro-actively leaving the group
2025-08-13 02:16:26,922 INFO  [org.apa.kaf.com.met.Metrics] (Thread-839) Metrics scheduler closed
2025-08-13 02:16:26,922 INFO  [org.apa.kaf.com.met.Metrics] (Thread-839) Closing reporter org.apache.kafka.common.metrics.JmxReporter
2025-08-13 02:16:26,923 INFO  [org.apa.kaf.com.met.Metrics] (Thread-839) Closing reporter org.apache.kafka.common.telemetry.internals.ClientTelemetryReporter
2025-08-13 02:16:26,923 INFO  [org.apa.kaf.com.met.Metrics] (Thread-839) Metrics reporters closed
2025-08-13 02:16:26,924 INFO  [org.apa.kaf.com.uti.AppInfoParser] (Thread-839) App info kafka.consumer for consumer-Consumer-topic-8e63b37c_189d_4034_a34f_18283834a06f-32 unregistered
2025-08-13 02:16:26,925 INFO  [io.api.tes.uti.TestSeparator] (main) io.apicurio.tests.serdes.apicurio.ProtobufSerdeIT.testFindLatestAndUseBody-FINISHED
2025-08-13 02:16:26,925 INFO  [io.api.tes.uti.TestSeparator] (main) ############################################################################
Test passed: testFindLatestAndUseBody
]]></system-out>
  </testcase>
  <testcase name="testConsumeDynamicMessage" classname="io.apicurio.tests.serdes.apicurio.ProtobufSerdeIT" time="1.074">
    <system-out><![CDATA[2025-08-13 02:16:26,926 INFO  [io.api.tes.uti.TestSeparator] (main) ############################################################################
2025-08-13 02:16:26,926 INFO  [io.api.tes.uti.TestSeparator] (main) io.apicurio.tests.serdes.apicurio.ProtobufSerdeIT.testConsumeDynamicMessage-STARTED
2025-08-13 02:16:27,999 INFO  [io.api.tes.uti.TestSeparator] (main) io.apicurio.tests.serdes.apicurio.ProtobufSerdeIT.testConsumeDynamicMessage-FINISHED
2025-08-13 02:16:27,999 INFO  [io.api.tes.uti.TestSeparator] (main) ############################################################################
Test passed: testConsumeDynamicMessage
]]></system-out>
  </testcase>
  <testcase name="testAutoRegisterDynamicMessageProtobufType" classname="io.apicurio.tests.serdes.apicurio.ProtobufSerdeIT" time="4.389">
    <system-out><![CDATA[2025-08-13 02:16:28,000 INFO  [io.api.tes.uti.TestSeparator] (main) ############################################################################
2025-08-13 02:16:28,000 INFO  [io.api.tes.uti.TestSeparator] (main) io.apicurio.tests.serdes.apicurio.ProtobufSerdeIT.testAutoRegisterDynamicMessageProtobufType-STARTED
**** Registry Base URL: http://registry-app-pg17.apps.ci419.apicurio-testing.org:80
2025-08-13 02:16:28,001 INFO  [org.apa.kaf.cli.pro.ProducerConfig] (main) ProducerConfig values: 
	acks = -1
	auto.include.jmx.reporter = true
	batch.size = 16384
	bootstrap.servers = [PLAINTEXT://localhost:32769]
	buffer.memory = 33554432
	client.dns.lookup = use_all_dns_ips
	client.id = Producer-topic-02cc7454_c82f_4392_ac98_09fe9aad3daa
	compression.gzip.level = -1
	compression.lz4.level = 9
	compression.type = none
	compression.zstd.level = 3
	connections.max.idle.ms = 10000
	delivery.timeout.ms = 120000
	enable.idempotence = true
	enable.metrics.push = true
	interceptor.classes = []
	key.serializer = class org.apache.kafka.common.serialization.StringSerializer
	linger.ms = 0
	max.block.ms = 60000
	max.in.flight.requests.per.connection = 5
	max.request.size = 1048576
	metadata.max.age.ms = 300000
	metadata.max.idle.ms = 300000
	metadata.recovery.strategy = none
	metric.reporters = []
	metrics.num.samples = 2
	metrics.recording.level = INFO
	metrics.sample.window.ms = 30000
	partitioner.adaptive.partitioning.enable = true
	partitioner.availability.timeout.ms = 0
	partitioner.class = null
	partitioner.ignore.keys = false
	receive.buffer.bytes = 32768
	reconnect.backoff.max.ms = 1000
	reconnect.backoff.ms = 50
	request.timeout.ms = 5000
	retries = 2147483647
	retry.backoff.max.ms = 1000
	retry.backoff.ms = 100
	sasl.client.callback.handler.class = null
	sasl.jaas.config = null
	sasl.kerberos.kinit.cmd = /usr/bin/kinit
	sasl.kerberos.min.time.before.relogin = 60000
	sasl.kerberos.service.name = null
	sasl.kerberos.ticket.renew.jitter = 0.05
	sasl.kerberos.ticket.renew.window.factor = 0.8
	sasl.login.callback.handler.class = null
	sasl.login.class = null
	sasl.login.connect.timeout.ms = null
	sasl.login.read.timeout.ms = null
	sasl.login.refresh.buffer.seconds = 300
	sasl.login.refresh.min.period.seconds = 60
	sasl.login.refresh.window.factor = 0.8
	sasl.login.refresh.window.jitter = 0.05
	sasl.login.retry.backoff.max.ms = 10000
	sasl.login.retry.backoff.ms = 100
	sasl.mechanism = GSSAPI
	sasl.oauthbearer.clock.skew.seconds = 30
	sasl.oauthbearer.expected.audience = null
	sasl.oauthbearer.expected.issuer = null
	sasl.oauthbearer.header.urlencode = false
	sasl.oauthbearer.jwks.endpoint.refresh.ms = 3600000
	sasl.oauthbearer.jwks.endpoint.retry.backoff.max.ms = 10000
	sasl.oauthbearer.jwks.endpoint.retry.backoff.ms = 100
	sasl.oauthbearer.jwks.endpoint.url = null
	sasl.oauthbearer.scope.claim.name = scope
	sasl.oauthbearer.sub.claim.name = sub
	sasl.oauthbearer.token.endpoint.url = null
	security.protocol = PLAINTEXT
	security.providers = null
	send.buffer.bytes = 131072
	socket.connection.setup.timeout.max.ms = 30000
	socket.connection.setup.timeout.ms = 10000
	ssl.cipher.suites = null
	ssl.enabled.protocols = [TLSv1.2, TLSv1.3]
	ssl.endpoint.identification.algorithm = https
	ssl.engine.factory.class = null
	ssl.key.password = null
	ssl.keymanager.algorithm = SunX509
	ssl.keystore.certificate.chain = null
	ssl.keystore.key = null
	ssl.keystore.location = null
	ssl.keystore.password = null
	ssl.keystore.type = JKS
	ssl.protocol = TLSv1.3
	ssl.provider = null
	ssl.secure.random.implementation = null
	ssl.trustmanager.algorithm = PKIX
	ssl.truststore.certificates = null
	ssl.truststore.location = null
	ssl.truststore.password = null
	ssl.truststore.type = JKS
	transaction.timeout.ms = 60000
	transactional.id = null
	value.serializer = class io.apicurio.registry.serde.protobuf.ProtobufKafkaSerializer

2025-08-13 02:16:28,001 INFO  [org.apa.kaf.com.tel.int.KafkaMetricsCollector] (main) initializing Kafka metrics collector
2025-08-13 02:16:28,005 INFO  [org.apa.kaf.cli.pro.KafkaProducer] (main) [Producer clientId=Producer-topic-02cc7454_c82f_4392_ac98_09fe9aad3daa] Instantiated an idempotent producer.
2025-08-13 02:16:28,006 INFO  [org.apa.kaf.cli.pro.ProducerConfig] (main) These configurations '[apicurio.registry.url, apicurio.registry.auto-register, apicurio.registry.artifact-resolver-strategy]' were supplied but are not used yet.
2025-08-13 02:16:28,006 INFO  [org.apa.kaf.com.uti.AppInfoParser] (main) Kafka version: 3.9.1
2025-08-13 02:16:28,006 INFO  [org.apa.kaf.com.uti.AppInfoParser] (main) Kafka commitId: f745dfdcee2b9851
2025-08-13 02:16:28,006 INFO  [org.apa.kaf.com.uti.AppInfoParser] (main) Kafka startTimeMs: 1755051388006
2025-08-13 02:16:28,007 INFO  [io.api.tes.ser.api.SimpleSerdesTesterBuilder$SimpleSerdesTester] (main) Using producer configuration: {apicurio.registry.url=http://registry-app-pg17.apps.ci419.apicurio-testing.org:80/apis/registry/v3, apicurio.registry.auto-register=true, apicurio.registry.artifact-resolver-strategy=io.apicurio.registry.serde.strategy.TopicIdStrategy, value.serializer=io.apicurio.registry.serde.protobuf.ProtobufKafkaSerializer, request.timeout.ms=5000, acks=all, bootstrap.servers=PLAINTEXT://localhost:32769, connections.max.idle.ms=10000, key.serializer=org.apache.kafka.common.serialization.StringSerializer, client.id=Producer-topic-02cc7454_c82f_4392_ac98_09fe9aad3daa}
2025-08-13 02:16:28,007 INFO  [io.api.tes.ser.api.SimpleSerdesTesterBuilder$SimpleSerdesTester] (main) Using consumer configuration: {apicurio.registry.deserializer.value.return-class=com.google.protobuf.DynamicMessage}
2025-08-13 02:16:28,009 INFO  [io.api.tes.ser.api.KafkaSerdesTester] (Thread-842) Sending message header {
  time {
  }
}
d1: 1.755051388009E12
s1: "a"
i1: 123
bi1: 1
point {
  longitude: 22.0
  latitude: 22.0
  altitude: 1.0
}
 to topic topic-02cc7454_c82f_4392_ac98_09fe9aad3daa
2025-08-13 02:16:28,012 WARN  [org.apa.kaf.cli.NetworkClient] (kafka-producer-network-thread | Producer-topic-02cc7454_c82f_4392_ac98_09fe9aad3daa) [Producer clientId=Producer-topic-02cc7454_c82f_4392_ac98_09fe9aad3daa] The metadata response from the cluster reported a recoverable issue with correlation id 1 : {topic-02cc7454_c82f_4392_ac98_09fe9aad3daa=UNKNOWN_TOPIC_OR_PARTITION}
2025-08-13 02:16:28,012 INFO  [org.apa.kaf.cli.Metadata] (kafka-producer-network-thread | Producer-topic-02cc7454_c82f_4392_ac98_09fe9aad3daa) [Producer clientId=Producer-topic-02cc7454_c82f_4392_ac98_09fe9aad3daa] Cluster ID: NjaB_jQRSOy2vs25Uo6hCg
2025-08-13 02:16:28,013 INFO  [org.apa.kaf.cli.pro.int.TransactionManager] (kafka-producer-network-thread | Producer-topic-02cc7454_c82f_4392_ac98_09fe9aad3daa) [Producer clientId=Producer-topic-02cc7454_c82f_4392_ac98_09fe9aad3daa] ProducerId set to 43 with epoch 0
2025-08-13 02:16:28,240 INFO  [io.api.tes.ser.api.KafkaSerdesTester] (Thread-842) Sending message header {
  time {
  }
}
d1: 1.755051388239E12
s1: "a"
i1: 123
bi1: 1
point {
  longitude: 22.0
  latitude: 22.0
  altitude: 1.0
}
 to topic topic-02cc7454_c82f_4392_ac98_09fe9aad3daa
2025-08-13 02:16:28,284 INFO  [io.api.tes.ser.api.KafkaSerdesTester] (Thread-842) Sending message header {
  time {
  }
}
d1: 1.755051388284E12
s1: "a"
i1: 123
bi1: 1
point {
  longitude: 22.0
  latitude: 22.0
  altitude: 1.0
}
 to topic topic-02cc7454_c82f_4392_ac98_09fe9aad3daa
2025-08-13 02:16:28,329 INFO  [io.api.tes.ser.api.KafkaSerdesTester] (Thread-842) Sending message header {
  time {
  }
}
d1: 1.755051388329E12
s1: "a"
i1: 123
bi1: 1
point {
  longitude: 22.0
  latitude: 22.0
  altitude: 1.0
}
 to topic topic-02cc7454_c82f_4392_ac98_09fe9aad3daa
2025-08-13 02:16:28,374 INFO  [io.api.tes.ser.api.KafkaSerdesTester] (Thread-842) Sending message header {
  time {
  }
}
d1: 1.755051388374E12
s1: "a"
i1: 123
bi1: 1
point {
  longitude: 22.0
  latitude: 22.0
  altitude: 1.0
}
 to topic topic-02cc7454_c82f_4392_ac98_09fe9aad3daa
2025-08-13 02:16:28,418 INFO  [io.api.tes.ser.api.KafkaSerdesTester] (Thread-842) Sending message header {
  time {
  }
}
d1: 1.755051388418E12
s1: "a"
i1: 123
bi1: 1
point {
  longitude: 22.0
  latitude: 22.0
  altitude: 1.0
}
 to topic topic-02cc7454_c82f_4392_ac98_09fe9aad3daa
2025-08-13 02:16:28,463 INFO  [io.api.tes.ser.api.KafkaSerdesTester] (Thread-842) Sending message header {
  time {
  }
}
d1: 1.755051388463E12
s1: "a"
i1: 123
bi1: 1
point {
  longitude: 22.0
  latitude: 22.0
  altitude: 1.0
}
 to topic topic-02cc7454_c82f_4392_ac98_09fe9aad3daa
2025-08-13 02:16:28,508 INFO  [io.api.tes.ser.api.KafkaSerdesTester] (Thread-842) Sending message header {
  time {
  }
}
d1: 1.755051388507E12
s1: "a"
i1: 123
bi1: 1
point {
  longitude: 22.0
  latitude: 22.0
  altitude: 1.0
}
 to topic topic-02cc7454_c82f_4392_ac98_09fe9aad3daa
2025-08-13 02:16:28,552 INFO  [io.api.tes.ser.api.KafkaSerdesTester] (Thread-842) Sending message header {
  time {
  }
}
d1: 1.755051388552E12
s1: "a"
i1: 123
bi1: 1
point {
  longitude: 22.0
  latitude: 22.0
  altitude: 1.0
}
 to topic topic-02cc7454_c82f_4392_ac98_09fe9aad3daa
2025-08-13 02:16:28,594 INFO  [io.api.tes.ser.api.KafkaSerdesTester] (Thread-842) Sending message header {
  time {
  }
}
d1: 1.755051388594E12
s1: "a"
i1: 123
bi1: 1
point {
  longitude: 22.0
  latitude: 22.0
  altitude: 1.0
}
 to topic topic-02cc7454_c82f_4392_ac98_09fe9aad3daa
2025-08-13 02:16:28,637 INFO  [io.api.tes.ser.api.KafkaSerdesTester] (Thread-842) Produced 10 messages
2025-08-13 02:16:28,637 INFO  [org.apa.kaf.cli.pro.KafkaProducer] (Thread-842) [Producer clientId=Producer-topic-02cc7454_c82f_4392_ac98_09fe9aad3daa] Closing the Kafka producer with timeoutMillis = 9223372036854775807 ms.
2025-08-13 02:16:28,639 INFO  [org.apa.kaf.com.met.Metrics] (Thread-842) Metrics scheduler closed
2025-08-13 02:16:28,639 INFO  [org.apa.kaf.com.met.Metrics] (Thread-842) Closing reporter org.apache.kafka.common.metrics.JmxReporter
2025-08-13 02:16:28,639 INFO  [org.apa.kaf.com.met.Metrics] (Thread-842) Closing reporter org.apache.kafka.common.telemetry.internals.ClientTelemetryReporter
2025-08-13 02:16:28,639 INFO  [org.apa.kaf.com.met.Metrics] (Thread-842) Metrics reporters closed
2025-08-13 02:16:28,639 INFO  [org.apa.kaf.com.uti.AppInfoParser] (Thread-842) App info kafka.producer for Producer-topic-02cc7454_c82f_4392_ac98_09fe9aad3daa unregistered
**** Registry Base URL: http://registry-app-pg17.apps.ci419.apicurio-testing.org:80
2025-08-13 02:16:28,692 INFO  [org.apa.kaf.cli.con.ConsumerConfig] (main) ConsumerConfig values: 
	allow.auto.create.topics = true
	auto.commit.interval.ms = 500
	auto.include.jmx.reporter = true
	auto.offset.reset = earliest
	bootstrap.servers = [PLAINTEXT://localhost:32769]
	check.crcs = true
	client.dns.lookup = use_all_dns_ips
	client.id = consumer-Consumer-topic-02cc7454_c82f_4392_ac98_09fe9aad3daa-33
	client.rack = 
	connections.max.idle.ms = 10000
	default.api.timeout.ms = 60000
	enable.auto.commit = true
	enable.metrics.push = true
	exclude.internal.topics = true
	fetch.max.bytes = 52428800
	fetch.max.wait.ms = 500
	fetch.min.bytes = 1
	group.id = Consumer-topic-02cc7454_c82f_4392_ac98_09fe9aad3daa
	group.instance.id = null
	group.protocol = classic
	group.remote.assignor = null
	heartbeat.interval.ms = 3000
	interceptor.classes = []
	internal.leave.group.on.close = true
	internal.throw.on.fetch.stable.offset.unsupported = false
	isolation.level = read_uncommitted
	key.deserializer = class org.apache.kafka.common.serialization.StringDeserializer
	max.partition.fetch.bytes = 1048576
	max.poll.interval.ms = 300000
	max.poll.records = 500
	metadata.max.age.ms = 300000
	metadata.recovery.strategy = none
	metric.reporters = []
	metrics.num.samples = 2
	metrics.recording.level = INFO
	metrics.sample.window.ms = 30000
	partition.assignment.strategy = [class org.apache.kafka.clients.consumer.RangeAssignor, class org.apache.kafka.clients.consumer.CooperativeStickyAssignor]
	receive.buffer.bytes = 65536
	reconnect.backoff.max.ms = 1000
	reconnect.backoff.ms = 50
	request.timeout.ms = 5000
	retry.backoff.max.ms = 1000
	retry.backoff.ms = 100
	sasl.client.callback.handler.class = null
	sasl.jaas.config = null
	sasl.kerberos.kinit.cmd = /usr/bin/kinit
	sasl.kerberos.min.time.before.relogin = 60000
	sasl.kerberos.service.name = null
	sasl.kerberos.ticket.renew.jitter = 0.05
	sasl.kerberos.ticket.renew.window.factor = 0.8
	sasl.login.callback.handler.class = null
	sasl.login.class = null
	sasl.login.connect.timeout.ms = null
	sasl.login.read.timeout.ms = null
	sasl.login.refresh.buffer.seconds = 300
	sasl.login.refresh.min.period.seconds = 60
	sasl.login.refresh.window.factor = 0.8
	sasl.login.refresh.window.jitter = 0.05
	sasl.login.retry.backoff.max.ms = 10000
	sasl.login.retry.backoff.ms = 100
	sasl.mechanism = GSSAPI
	sasl.oauthbearer.clock.skew.seconds = 30
	sasl.oauthbearer.expected.audience = null
	sasl.oauthbearer.expected.issuer = null
	sasl.oauthbearer.header.urlencode = false
	sasl.oauthbearer.jwks.endpoint.refresh.ms = 3600000
	sasl.oauthbearer.jwks.endpoint.retry.backoff.max.ms = 10000
	sasl.oauthbearer.jwks.endpoint.retry.backoff.ms = 100
	sasl.oauthbearer.jwks.endpoint.url = null
	sasl.oauthbearer.scope.claim.name = scope
	sasl.oauthbearer.sub.claim.name = sub
	sasl.oauthbearer.token.endpoint.url = null
	security.protocol = PLAINTEXT
	security.providers = null
	send.buffer.bytes = 131072
	session.timeout.ms = 45000
	socket.connection.setup.timeout.max.ms = 30000
	socket.connection.setup.timeout.ms = 10000
	ssl.cipher.suites = null
	ssl.enabled.protocols = [TLSv1.2, TLSv1.3]
	ssl.endpoint.identification.algorithm = https
	ssl.engine.factory.class = null
	ssl.key.password = null
	ssl.keymanager.algorithm = SunX509
	ssl.keystore.certificate.chain = null
	ssl.keystore.key = null
	ssl.keystore.location = null
	ssl.keystore.password = null
	ssl.keystore.type = JKS
	ssl.protocol = TLSv1.3
	ssl.provider = null
	ssl.secure.random.implementation = null
	ssl.trustmanager.algorithm = PKIX
	ssl.truststore.certificates = null
	ssl.truststore.location = null
	ssl.truststore.password = null
	ssl.truststore.type = JKS
	value.deserializer = class io.apicurio.registry.serde.protobuf.ProtobufKafkaDeserializer

2025-08-13 02:16:28,693 INFO  [org.apa.kaf.com.tel.int.KafkaMetricsCollector] (main) initializing Kafka metrics collector
2025-08-13 02:16:28,697 INFO  [org.apa.kaf.cli.con.ConsumerConfig] (main) These configurations '[apicurio.registry.deserializer.value.return-class, apicurio.registry.url]' were supplied but are not used yet.
2025-08-13 02:16:28,697 INFO  [org.apa.kaf.com.uti.AppInfoParser] (main) Kafka version: 3.9.1
2025-08-13 02:16:28,697 INFO  [org.apa.kaf.com.uti.AppInfoParser] (main) Kafka commitId: f745dfdcee2b9851
2025-08-13 02:16:28,697 INFO  [org.apa.kaf.com.uti.AppInfoParser] (main) Kafka startTimeMs: 1755051388697
2025-08-13 02:16:28,697 INFO  [org.apa.kaf.cli.con.int.ClassicKafkaConsumer] (Thread-845) [Consumer clientId=consumer-Consumer-topic-02cc7454_c82f_4392_ac98_09fe9aad3daa-33, groupId=Consumer-topic-02cc7454_c82f_4392_ac98_09fe9aad3daa] Subscribed to topic(s): topic-02cc7454_c82f_4392_ac98_09fe9aad3daa
2025-08-13 02:16:28,701 INFO  [org.apa.kaf.cli.Metadata] (Thread-845) [Consumer clientId=consumer-Consumer-topic-02cc7454_c82f_4392_ac98_09fe9aad3daa-33, groupId=Consumer-topic-02cc7454_c82f_4392_ac98_09fe9aad3daa] Cluster ID: NjaB_jQRSOy2vs25Uo6hCg
2025-08-13 02:16:28,702 INFO  [org.apa.kaf.cli.con.int.ConsumerCoordinator] (Thread-845) [Consumer clientId=consumer-Consumer-topic-02cc7454_c82f_4392_ac98_09fe9aad3daa-33, groupId=Consumer-topic-02cc7454_c82f_4392_ac98_09fe9aad3daa] Discovered group coordinator localhost:32769 (id: 2147483647 rack: null)
2025-08-13 02:16:28,703 INFO  [org.apa.kaf.cli.con.int.ConsumerCoordinator] (Thread-845) [Consumer clientId=consumer-Consumer-topic-02cc7454_c82f_4392_ac98_09fe9aad3daa-33, groupId=Consumer-topic-02cc7454_c82f_4392_ac98_09fe9aad3daa] (Re-)joining group
2025-08-13 02:16:28,705 INFO  [org.apa.kaf.cli.con.int.ConsumerCoordinator] (Thread-845) [Consumer clientId=consumer-Consumer-topic-02cc7454_c82f_4392_ac98_09fe9aad3daa-33, groupId=Consumer-topic-02cc7454_c82f_4392_ac98_09fe9aad3daa] Request joining group due to: need to re-join with the given member-id: consumer-Consumer-topic-02cc7454_c82f_4392_ac98_09fe9aad3daa-33-5d00f5b4-e295-486b-8f34-45fd750c274b
2025-08-13 02:16:28,705 INFO  [org.apa.kaf.cli.con.int.ConsumerCoordinator] (Thread-845) [Consumer clientId=consumer-Consumer-topic-02cc7454_c82f_4392_ac98_09fe9aad3daa-33, groupId=Consumer-topic-02cc7454_c82f_4392_ac98_09fe9aad3daa] (Re-)joining group
2025-08-13 02:16:29,697 INFO  [io.api.tes.ser.api.KafkaSerdesTester] (Thread-845) None found
2025-08-13 02:16:30,697 INFO  [io.api.tes.ser.api.KafkaSerdesTester] (Thread-845) None found
2025-08-13 02:16:31,698 INFO  [io.api.tes.ser.api.KafkaSerdesTester] (Thread-845) None found
2025-08-13 02:16:31,707 INFO  [org.apa.kaf.cli.con.int.ConsumerCoordinator] (Thread-845) [Consumer clientId=consumer-Consumer-topic-02cc7454_c82f_4392_ac98_09fe9aad3daa-33, groupId=Consumer-topic-02cc7454_c82f_4392_ac98_09fe9aad3daa] Successfully joined group with generation Generation{generationId=1, memberId='consumer-Consumer-topic-02cc7454_c82f_4392_ac98_09fe9aad3daa-33-5d00f5b4-e295-486b-8f34-45fd750c274b', protocol='range'}
2025-08-13 02:16:31,708 INFO  [org.apa.kaf.cli.con.int.ConsumerCoordinator] (Thread-845) [Consumer clientId=consumer-Consumer-topic-02cc7454_c82f_4392_ac98_09fe9aad3daa-33, groupId=Consumer-topic-02cc7454_c82f_4392_ac98_09fe9aad3daa] Finished assignment for group at generation 1: {consumer-Consumer-topic-02cc7454_c82f_4392_ac98_09fe9aad3daa-33-5d00f5b4-e295-486b-8f34-45fd750c274b=Assignment(partitions=[topic-02cc7454_c82f_4392_ac98_09fe9aad3daa-0])}
2025-08-13 02:16:31,714 INFO  [org.apa.kaf.cli.con.int.ConsumerCoordinator] (Thread-845) [Consumer clientId=consumer-Consumer-topic-02cc7454_c82f_4392_ac98_09fe9aad3daa-33, groupId=Consumer-topic-02cc7454_c82f_4392_ac98_09fe9aad3daa] Successfully synced group in generation Generation{generationId=1, memberId='consumer-Consumer-topic-02cc7454_c82f_4392_ac98_09fe9aad3daa-33-5d00f5b4-e295-486b-8f34-45fd750c274b', protocol='range'}
2025-08-13 02:16:31,714 INFO  [org.apa.kaf.cli.con.int.ConsumerCoordinator] (Thread-845) [Consumer clientId=consumer-Consumer-topic-02cc7454_c82f_4392_ac98_09fe9aad3daa-33, groupId=Consumer-topic-02cc7454_c82f_4392_ac98_09fe9aad3daa] Notifying assignor about the new Assignment(partitions=[topic-02cc7454_c82f_4392_ac98_09fe9aad3daa-0])
2025-08-13 02:16:31,714 INFO  [org.apa.kaf.cli.con.int.ConsumerRebalanceListenerInvoker] (Thread-845) [Consumer clientId=consumer-Consumer-topic-02cc7454_c82f_4392_ac98_09fe9aad3daa-33, groupId=Consumer-topic-02cc7454_c82f_4392_ac98_09fe9aad3daa] Adding newly assigned partitions: topic-02cc7454_c82f_4392_ac98_09fe9aad3daa-0
2025-08-13 02:16:31,715 INFO  [org.apa.kaf.cli.con.int.ConsumerCoordinator] (Thread-845) [Consumer clientId=consumer-Consumer-topic-02cc7454_c82f_4392_ac98_09fe9aad3daa-33, groupId=Consumer-topic-02cc7454_c82f_4392_ac98_09fe9aad3daa] Found no committed offset for partition topic-02cc7454_c82f_4392_ac98_09fe9aad3daa-0
2025-08-13 02:16:31,717 INFO  [org.apa.kaf.cli.con.int.SubscriptionState] (Thread-845) [Consumer clientId=consumer-Consumer-topic-02cc7454_c82f_4392_ac98_09fe9aad3daa-33, groupId=Consumer-topic-02cc7454_c82f_4392_ac98_09fe9aad3daa] Resetting offset for partition topic-02cc7454_c82f_4392_ac98_09fe9aad3daa-0 to position FetchPosition{offset=0, offsetEpoch=Optional.empty, currentLeader=LeaderAndEpoch{leader=Optional[localhost:32769 (id: 0 rack: null)], epoch=0}}.
2025-08-13 02:16:31,852 INFO  [io.api.tes.ser.api.KafkaSerdesTester] (Thread-845) topic-02cc7454_c82f_4392_ac98_09fe9aad3daa 0 0 header {
  time {
  }
}
d1: 1.755051388009E12
s1: "a"
i1: 123
bi1: 1
point {
  longitude: 22.0
  latitude: 22.0
  altitude: 1.0
}

2025-08-13 02:16:31,852 INFO  [io.api.tes.ser.api.KafkaSerdesTester] (Thread-845) topic-02cc7454_c82f_4392_ac98_09fe9aad3daa 0 1 header {
  time {
  }
}
d1: 1.755051388239E12
s1: "a"
i1: 123
bi1: 1
point {
  longitude: 22.0
  latitude: 22.0
  altitude: 1.0
}

2025-08-13 02:16:31,852 INFO  [io.api.tes.ser.api.KafkaSerdesTester] (Thread-845) topic-02cc7454_c82f_4392_ac98_09fe9aad3daa 0 2 header {
  time {
  }
}
d1: 1.755051388284E12
s1: "a"
i1: 123
bi1: 1
point {
  longitude: 22.0
  latitude: 22.0
  altitude: 1.0
}

2025-08-13 02:16:31,852 INFO  [io.api.tes.ser.api.KafkaSerdesTester] (Thread-845) topic-02cc7454_c82f_4392_ac98_09fe9aad3daa 0 3 header {
  time {
  }
}
d1: 1.755051388329E12
s1: "a"
i1: 123
bi1: 1
point {
  longitude: 22.0
  latitude: 22.0
  altitude: 1.0
}

2025-08-13 02:16:31,852 INFO  [io.api.tes.ser.api.KafkaSerdesTester] (Thread-845) topic-02cc7454_c82f_4392_ac98_09fe9aad3daa 0 4 header {
  time {
  }
}
d1: 1.755051388374E12
s1: "a"
i1: 123
bi1: 1
point {
  longitude: 22.0
  latitude: 22.0
  altitude: 1.0
}

2025-08-13 02:16:31,852 INFO  [io.api.tes.ser.api.KafkaSerdesTester] (Thread-845) topic-02cc7454_c82f_4392_ac98_09fe9aad3daa 0 5 header {
  time {
  }
}
d1: 1.755051388418E12
s1: "a"
i1: 123
bi1: 1
point {
  longitude: 22.0
  latitude: 22.0
  altitude: 1.0
}

2025-08-13 02:16:31,854 INFO  [io.api.tes.ser.api.KafkaSerdesTester] (Thread-845) topic-02cc7454_c82f_4392_ac98_09fe9aad3daa 0 6 header {
  time {
  }
}
d1: 1.755051388463E12
s1: "a"
i1: 123
bi1: 1
point {
  longitude: 22.0
  latitude: 22.0
  altitude: 1.0
}

2025-08-13 02:16:31,854 INFO  [io.api.tes.ser.api.KafkaSerdesTester] (Thread-845) topic-02cc7454_c82f_4392_ac98_09fe9aad3daa 0 7 header {
  time {
  }
}
d1: 1.755051388507E12
s1: "a"
i1: 123
bi1: 1
point {
  longitude: 22.0
  latitude: 22.0
  altitude: 1.0
}

2025-08-13 02:16:31,854 INFO  [io.api.tes.ser.api.KafkaSerdesTester] (Thread-845) topic-02cc7454_c82f_4392_ac98_09fe9aad3daa 0 8 header {
  time {
  }
}
d1: 1.755051388552E12
s1: "a"
i1: 123
bi1: 1
point {
  longitude: 22.0
  latitude: 22.0
  altitude: 1.0
}

2025-08-13 02:16:31,854 INFO  [io.api.tes.ser.api.KafkaSerdesTester] (Thread-845) topic-02cc7454_c82f_4392_ac98_09fe9aad3daa 0 9 header {
  time {
  }
}
d1: 1.755051388594E12
s1: "a"
i1: 123
bi1: 1
point {
  longitude: 22.0
  latitude: 22.0
  altitude: 1.0
}

2025-08-13 02:16:31,854 INFO  [io.api.tes.ser.api.KafkaSerdesTester] (Thread-845) Consumed 10 messages
2025-08-13 02:16:31,860 INFO  [org.apa.kaf.cli.con.int.ConsumerRebalanceListenerInvoker] (Thread-845) [Consumer clientId=consumer-Consumer-topic-02cc7454_c82f_4392_ac98_09fe9aad3daa-33, groupId=Consumer-topic-02cc7454_c82f_4392_ac98_09fe9aad3daa] Revoke previously assigned partitions topic-02cc7454_c82f_4392_ac98_09fe9aad3daa-0
2025-08-13 02:16:31,860 INFO  [org.apa.kaf.cli.con.int.ConsumerCoordinator] (Thread-845) [Consumer clientId=consumer-Consumer-topic-02cc7454_c82f_4392_ac98_09fe9aad3daa-33, groupId=Consumer-topic-02cc7454_c82f_4392_ac98_09fe9aad3daa] Member consumer-Consumer-topic-02cc7454_c82f_4392_ac98_09fe9aad3daa-33-5d00f5b4-e295-486b-8f34-45fd750c274b sending LeaveGroup request to coordinator localhost:32769 (id: 2147483647 rack: null) due to the consumer is being closed
2025-08-13 02:16:31,861 INFO  [org.apa.kaf.cli.con.int.ConsumerCoordinator] (Thread-845) [Consumer clientId=consumer-Consumer-topic-02cc7454_c82f_4392_ac98_09fe9aad3daa-33, groupId=Consumer-topic-02cc7454_c82f_4392_ac98_09fe9aad3daa] Resetting generation and member id due to: consumer pro-actively leaving the group
2025-08-13 02:16:31,861 INFO  [org.apa.kaf.cli.con.int.ConsumerCoordinator] (Thread-845) [Consumer clientId=consumer-Consumer-topic-02cc7454_c82f_4392_ac98_09fe9aad3daa-33, groupId=Consumer-topic-02cc7454_c82f_4392_ac98_09fe9aad3daa] Request joining group due to: consumer pro-actively leaving the group
2025-08-13 02:16:32,355 INFO  [org.apa.kaf.com.met.Metrics] (Thread-845) Metrics scheduler closed
2025-08-13 02:16:32,355 INFO  [org.apa.kaf.com.met.Metrics] (Thread-845) Closing reporter org.apache.kafka.common.metrics.JmxReporter
2025-08-13 02:16:32,355 INFO  [org.apa.kaf.com.met.Metrics] (Thread-845) Closing reporter org.apache.kafka.common.telemetry.internals.ClientTelemetryReporter
2025-08-13 02:16:32,355 INFO  [org.apa.kaf.com.met.Metrics] (Thread-845) Metrics reporters closed
2025-08-13 02:16:32,357 INFO  [org.apa.kaf.com.uti.AppInfoParser] (Thread-845) App info kafka.consumer for consumer-Consumer-topic-02cc7454_c82f_4392_ac98_09fe9aad3daa-33 unregistered
2025-08-13 02:16:32,387 INFO  [io.api.tes.uti.TestSeparator] (main) io.apicurio.tests.serdes.apicurio.ProtobufSerdeIT.testAutoRegisterDynamicMessageProtobufType-FINISHED
2025-08-13 02:16:32,388 INFO  [io.api.tes.uti.TestSeparator] (main) ############################################################################
Test passed: testAutoRegisterDynamicMessageProtobufType
]]></system-out>
  </testcase>
</testsuite>