<?xml version="1.0" encoding="UTF-8"?>
<testsuite xmlns:xsi="http://www.w3.org/2001/XMLSchema-instance" xsi:noNamespaceSchemaLocation="https://maven.apache.org/surefire/maven-failsafe-plugin/xsd/failsafe-test-report.xsd" version="3.0.2" name="io.apicurio.tests.serdes.apicurio.AvroSerdeIT" time="106.259" tests="21" errors="0" skipped="2" failures="0">
  <properties>
    <property name="java.specification.version" value="17"/>
    <property name="sun.jnu.encoding" value="UTF-8"/>
    <property name="java.class.path" value="/home/runner/work/apicurio-testing/apicurio-testing/clusters/ci419/namespaces/pg17/tests/integration/apicurio-registry/integration-tests/target/test-classes:/home/runner/work/apicurio-testing/apicurio-testing/clusters/ci419/namespaces/pg17/tests/integration/apicurio-registry/integration-tests/target/apicurio-registry-integration-tests-3.0.12-SNAPSHOT.jar:/home/runner/.m2/repository/io/quarkus/quarkus-junit5/3.20.2/quarkus-junit5-3.20.2.jar:/home/runner/.m2/repository/io/quarkus/quarkus-bootstrap-core/3.20.2/quarkus-bootstrap-core-3.20.2.jar:/home/runner/.m2/repository/io/quarkus/quarkus-classloader-commons/3.20.2/quarkus-classloader-commons-3.20.2.jar:/home/runner/.m2/repository/io/quarkus/quarkus-bootstrap-app-model/3.20.2/quarkus-bootstrap-app-model-3.20.2.jar:/home/runner/.m2/repository/io/smallrye/common/smallrye-common-io/2.12.0/smallrye-common-io-2.12.0.jar:/home/runner/.m2/repository/org/eclipse/sisu/org.eclipse.sisu.inject/0.9.0.M3/org.eclipse.sisu.inject-0.9.0.M3.jar:/home/runner/.m2/repository/io/quarkus/quarkus-test-common/3.20.2/quarkus-test-common-3.20.2.jar:/home/runner/.m2/repository/io/quarkus/quarkus-core-deployment/3.20.2/quarkus-core-deployment-3.20.2.jar:/home/runner/.m2/repository/org/aesh/readline/2.6/readline-2.6.jar:/home/runner/.m2/repository/org/fusesource/jansi/jansi/2.4.0/jansi-2.4.0.jar:/home/runner/.m2/repository/org/aesh/aesh/2.8.2/aesh-2.8.2.jar:/home/runner/.m2/repository/io/quarkus/gizmo/gizmo/1.8.0/gizmo-1.8.0.jar:/home/runner/.m2/repository/org/ow2/asm/asm-util/9.7.1/asm-util-9.7.1.jar:/home/runner/.m2/repository/org/ow2/asm/asm-analysis/9.7.1/asm-analysis-9.7.1.jar:/home/runner/.m2/repository/org/ow2/asm/asm-commons/9.7.1/asm-commons-9.7.1.jar:/home/runner/.m2/repository/org/ow2/asm/asm-tree/9.7.1/asm-tree-9.7.1.jar:/home/runner/.m2/repository/io/quarkus/quarkus-hibernate-validator-spi/3.20.2/quarkus-hibernate-validator-spi-3.20.2.jar:/home/runner/.m2/repository/io/quarkus/quarkus-class-change-agent/3.20.2/quarkus-class-change-agent-3.20.2.jar:/home/runner/.m2/repository/io/quarkus/quarkus-devtools-utilities/3.20.2/quarkus-devtools-utilities-3.20.2.jar:/home/runner/.m2/repository/io/quarkus/quarkus-builder/3.20.2/quarkus-builder-3.20.2.jar:/home/runner/.m2/repository/org/graalvm/sdk/nativeimage/23.1.2/nativeimage-23.1.2.jar:/home/runner/.m2/repository/org/graalvm/sdk/word/23.1.2/word-23.1.2.jar:/home/runner/.m2/repository/io/quarkus/quarkus-bootstrap-maven-resolver/3.20.2/quarkus-bootstrap-maven-resolver-3.20.2.jar:/home/runner/.m2/repository/io/smallrye/beanbag/smallrye-beanbag-maven/1.5.2/smallrye-beanbag-maven-1.5.2.jar:/home/runner/.m2/repository/io/smallrye/beanbag/smallrye-beanbag-sisu/1.5.2/smallrye-beanbag-sisu-1.5.2.jar:/home/runner/.m2/repository/io/smallrye/beanbag/smallrye-beanbag/1.5.2/smallrye-beanbag-1.5.2.jar:/home/runner/.m2/repository/javax/inject/javax.inject/1/javax.inject-1.jar:/home/runner/.m2/repository/org/apache/maven/maven-artifact/3.9.9/maven-artifact-3.9.9.jar:/home/runner/.m2/repository/org/apache/maven/maven-builder-support/3.9.9/maven-builder-support-3.9.9.jar:/home/runner/.m2/repository/org/apache/maven/maven-model/3.9.9/maven-model-3.9.9.jar:/home/runner/.m2/repository/org/apache/maven/maven-model-builder/3.9.9/maven-model-builder-3.9.9.jar:/home/runner/.m2/repository/org/apache/maven/maven-repository-metadata/3.9.9/maven-repository-metadata-3.9.9.jar:/home/runner/.m2/repository/org/apache/maven/maven-settings/3.9.9/maven-settings-3.9.9.jar:/home/runner/.m2/repository/org/apache/maven/resolver/maven-resolver-api/1.9.22/maven-resolver-api-1.9.22.jar:/home/runner/.m2/repository/org/apache/maven/resolver/maven-resolver-impl/1.9.22/maven-resolver-impl-1.9.22.jar:/home/runner/.m2/repository/org/apache/maven/resolver/maven-resolver-named-locks/1.9.22/maven-resolver-named-locks-1.9.22.jar:/home/runner/.m2/repository/org/apache/maven/resolver/maven-resolver-spi/1.9.22/maven-resolver-spi-1.9.22.jar:/home/runner/.m2/repository/org/apache/maven/resolver/maven-resolver-util/1.9.22/maven-resolver-util-1.9.22.jar:/home/runner/.m2/repository/org/apache/maven/resolver/maven-resolver-transport-http/1.9.20/maven-resolver-transport-http-1.9.20.jar:/home/runner/.m2/repository/org/apache/maven/wagon/wagon-provider-api/3.5.3/wagon-provider-api-3.5.3.jar:/home/runner/.m2/repository/org/apache/maven/wagon/wagon-http-shared/3.5.3/wagon-http-shared-3.5.3.jar:/home/runner/.m2/repository/org/codehaus/plexus/plexus-interpolation/1.26/plexus-interpolation-1.26.jar:/home/runner/.m2/repository/org/codehaus/plexus/plexus-utils/3.5.1/plexus-utils-3.5.1.jar:/home/runner/.m2/repository/org/codehaus/plexus/plexus-xml/4.0.1/plexus-xml-4.0.1.jar:/home/runner/.m2/repository/org/apache/maven/maven-xml-impl/4.0.0-alpha-5/maven-xml-impl-4.0.0-alpha-5.jar:/home/runner/.m2/repository/org/apache/maven/maven-api-xml/4.0.0-alpha-5/maven-api-xml-4.0.0-alpha-5.jar:/home/runner/.m2/repository/org/apache/maven/maven-api-meta/4.0.0-alpha-5/maven-api-meta-4.0.0-alpha-5.jar:/home/runner/.m2/repository/org/codehaus/plexus/plexus-cipher/2.0/plexus-cipher-2.0.jar:/home/runner/.m2/repository/org/codehaus/plexus/plexus-sec-dispatcher/2.0/plexus-sec-dispatcher-2.0.jar:/home/runner/.m2/repository/org/apache/maven/maven-embedder/3.9.9/maven-embedder-3.9.9.jar:/home/runner/.m2/repository/org/apache/maven/maven-core/3.9.9/maven-core-3.9.9.jar:/home/runner/.m2/repository/org/codehaus/plexus/plexus-component-annotations/2.1.0/plexus-component-annotations-2.1.0.jar:/home/runner/.m2/repository/org/apache/maven/maven-plugin-api/3.9.9/maven-plugin-api-3.9.9.jar:/home/runner/.m2/repository/org/apache/maven/shared/maven-shared-utils/3.4.2/maven-shared-utils-3.4.2.jar:/home/runner/.m2/repository/com/google/inject/guice/5.1.0/guice-5.1.0.jar:/home/runner/.m2/repository/aopalliance/aopalliance/1.0/aopalliance-1.0.jar:/home/runner/.m2/repository/org/codehaus/plexus/plexus-classworlds/2.6.0/plexus-classworlds-2.6.0.jar:/home/runner/.m2/repository/commons-cli/commons-cli/1.8.0/commons-cli-1.8.0.jar:/home/runner/.m2/repository/org/eclipse/sisu/org.eclipse.sisu.plexus/0.9.0.M3/org.eclipse.sisu.plexus-0.9.0.M3.jar:/home/runner/.m2/repository/org/apache/maven/maven-settings-builder/3.9.9/maven-settings-builder-3.9.9.jar:/home/runner/.m2/repository/org/apache/maven/maven-resolver-provider/3.9.9/maven-resolver-provider-3.9.9.jar:/home/runner/.m2/repository/org/apache/maven/resolver/maven-resolver-connector-basic/1.9.22/maven-resolver-connector-basic-1.9.22.jar:/home/runner/.m2/repository/org/apache/maven/resolver/maven-resolver-transport-wagon/1.9.22/maven-resolver-transport-wagon-1.9.22.jar:/home/runner/.m2/repository/org/apache/maven/wagon/wagon-http/3.5.3/wagon-http-3.5.3.jar:/home/runner/.m2/repository/org/apache/maven/wagon/wagon-file/3.5.3/wagon-file-3.5.3.jar:/home/runner/.m2/repository/io/quarkus/quarkus-bootstrap-gradle-resolver/3.20.2/quarkus-bootstrap-gradle-resolver-3.20.2.jar:/home/runner/.m2/repository/io/smallrye/jandex/3.3.0/jandex-3.3.0.jar:/home/runner/.m2/repository/org/jboss/logging/commons-logging-jboss-logging/1.0.0.Final/commons-logging-jboss-logging-1.0.0.Final.jar:/home/runner/.m2/repository/io/quarkus/quarkus-junit5-config/3.20.2/quarkus-junit5-config-3.20.2.jar:/home/runner/.m2/repository/org/junit/jupiter/junit-jupiter-api/5.12.1/junit-jupiter-api-5.12.1.jar:/home/runner/.m2/repository/io/smallrye/config/smallrye-config/3.11.4/smallrye-config-3.11.4.jar:/home/runner/.m2/repository/io/smallrye/config/smallrye-config-core/3.11.4/smallrye-config-core-3.11.4.jar:/home/runner/.m2/repository/io/smallrye/common/smallrye-common-classloader/2.12.0/smallrye-common-classloader-2.12.0.jar:/home/runner/.m2/repository/io/smallrye/config/smallrye-config-common/3.11.4/smallrye-config-common-3.11.4.jar:/home/runner/.m2/repository/org/junit/jupiter/junit-jupiter/5.12.1/junit-jupiter-5.12.1.jar:/home/runner/.m2/repository/org/junit/jupiter/junit-jupiter-params/5.12.1/junit-jupiter-params-5.12.1.jar:/home/runner/.m2/repository/org/junit/jupiter/junit-jupiter-engine/5.12.1/junit-jupiter-engine-5.12.1.jar:/home/runner/.m2/repository/io/quarkus/quarkus-core/3.20.2/quarkus-core-3.20.2.jar:/home/runner/.m2/repository/jakarta/enterprise/jakarta.enterprise.cdi-api/4.1.0/jakarta.enterprise.cdi-api-4.1.0.jar:/home/runner/.m2/repository/jakarta/enterprise/jakarta.enterprise.lang-model/4.1.0/jakarta.enterprise.lang-model-4.1.0.jar:/home/runner/.m2/repository/jakarta/el/jakarta.el-api/5.0.1/jakarta.el-api-5.0.1.jar:/home/runner/.m2/repository/jakarta/interceptor/jakarta.interceptor-api/2.2.0/jakarta.interceptor-api-2.2.0.jar:/home/runner/.m2/repository/jakarta/inject/jakarta.inject-api/2.0.1/jakarta.inject-api-2.0.1.jar:/home/runner/.m2/repository/io/smallrye/common/smallrye-common-os/2.12.0/smallrye-common-os-2.12.0.jar:/home/runner/.m2/repository/io/quarkus/quarkus-ide-launcher/3.20.2/quarkus-ide-launcher-3.20.2.jar:/home/runner/.m2/repository/io/quarkus/quarkus-development-mode-spi/3.20.2/quarkus-development-mode-spi-3.20.2.jar:/home/runner/.m2/repository/org/jboss/logging/jboss-logging/3.6.1.Final/jboss-logging-3.6.1.Final.jar:/home/runner/.m2/repository/org/jboss/logmanager/jboss-logmanager/3.1.2.Final/jboss-logmanager-3.1.2.Final.jar:/home/runner/.m2/repository/io/smallrye/common/smallrye-common-constraint/2.12.0/smallrye-common-constraint-2.12.0.jar:/home/runner/.m2/repository/io/smallrye/common/smallrye-common-cpu/2.12.0/smallrye-common-cpu-2.12.0.jar:/home/runner/.m2/repository/io/smallrye/common/smallrye-common-expression/2.12.0/smallrye-common-expression-2.12.0.jar:/home/runner/.m2/repository/io/smallrye/common/smallrye-common-net/2.12.0/smallrye-common-net-2.12.0.jar:/home/runner/.m2/repository/io/smallrye/common/smallrye-common-ref/2.12.0/smallrye-common-ref-2.12.0.jar:/home/runner/.m2/repository/jakarta/json/jakarta.json-api/2.1.3/jakarta.json-api-2.1.3.jar:/home/runner/.m2/repository/org/eclipse/parsson/parsson/1.1.7/parsson-1.1.7.jar:/home/runner/.m2/repository/org/jboss/logging/jboss-logging-annotations/3.0.4.Final/jboss-logging-annotations-3.0.4.Final.jar:/home/runner/.m2/repository/org/jboss/threads/jboss-threads/3.8.0.Final/jboss-threads-3.8.0.Final.jar:/home/runner/.m2/repository/io/smallrye/common/smallrye-common-annotation/2.12.0/smallrye-common-annotation-2.12.0.jar:/home/runner/.m2/repository/io/smallrye/common/smallrye-common-function/2.12.0/smallrye-common-function-2.12.0.jar:/home/runner/.m2/repository/org/jboss/slf4j/slf4j-jboss-logmanager/2.0.0.Final/slf4j-jboss-logmanager-2.0.0.Final.jar:/home/runner/.m2/repository/org/wildfly/common/wildfly-common/2.0.1/wildfly-common-2.0.1.jar:/home/runner/.m2/repository/io/quarkus/quarkus-bootstrap-runner/3.20.2/quarkus-bootstrap-runner-3.20.2.jar:/home/runner/.m2/repository/io/github/crac/org-crac/0.1.3/org-crac-0.1.3.jar:/home/runner/.m2/repository/io/quarkus/quarkus-fs-util/0.0.10/quarkus-fs-util-0.0.10.jar:/home/runner/.m2/repository/org/jboss/marshalling/jboss-marshalling/2.2.2.Final/jboss-marshalling-2.2.2.Final.jar:/home/runner/.m2/repository/io/fabric8/kubernetes-client/7.1.0/kubernetes-client-7.1.0.jar:/home/runner/.m2/repository/io/fabric8/kubernetes-client-api/7.1.0/kubernetes-client-api-7.1.0.jar:/home/runner/.m2/repository/io/fabric8/kubernetes-model-core/7.1.0/kubernetes-model-core-7.1.0.jar:/home/runner/.m2/repository/io/fabric8/kubernetes-model-common/7.1.0/kubernetes-model-common-7.1.0.jar:/home/runner/.m2/repository/javax/annotation/javax.annotation-api/1.3.2/javax.annotation-api-1.3.2.jar:/home/runner/.m2/repository/io/fabric8/kubernetes-model-gatewayapi/7.1.0/kubernetes-model-gatewayapi-7.1.0.jar:/home/runner/.m2/repository/io/fabric8/kubernetes-model-resource/7.1.0/kubernetes-model-resource-7.1.0.jar:/home/runner/.m2/repository/io/fabric8/kubernetes-model-rbac/7.1.0/kubernetes-model-rbac-7.1.0.jar:/home/runner/.m2/repository/io/fabric8/kubernetes-model-admissionregistration/7.1.0/kubernetes-model-admissionregistration-7.1.0.jar:/home/runner/.m2/repository/io/fabric8/kubernetes-model-apps/7.1.0/kubernetes-model-apps-7.1.0.jar:/home/runner/.m2/repository/io/fabric8/kubernetes-model-autoscaling/7.1.0/kubernetes-model-autoscaling-7.1.0.jar:/home/runner/.m2/repository/io/fabric8/kubernetes-model-apiextensions/7.1.0/kubernetes-model-apiextensions-7.1.0.jar:/home/runner/.m2/repository/io/fabric8/kubernetes-model-batch/7.1.0/kubernetes-model-batch-7.1.0.jar:/home/runner/.m2/repository/io/fabric8/kubernetes-model-certificates/7.1.0/kubernetes-model-certificates-7.1.0.jar:/home/runner/.m2/repository/io/fabric8/kubernetes-model-coordination/7.1.0/kubernetes-model-coordination-7.1.0.jar:/home/runner/.m2/repository/io/fabric8/kubernetes-model-discovery/7.1.0/kubernetes-model-discovery-7.1.0.jar:/home/runner/.m2/repository/io/fabric8/kubernetes-model-events/7.1.0/kubernetes-model-events-7.1.0.jar:/home/runner/.m2/repository/io/fabric8/kubernetes-model-extensions/7.1.0/kubernetes-model-extensions-7.1.0.jar:/home/runner/.m2/repository/io/fabric8/kubernetes-model-flowcontrol/7.1.0/kubernetes-model-flowcontrol-7.1.0.jar:/home/runner/.m2/repository/io/fabric8/kubernetes-model-networking/7.1.0/kubernetes-model-networking-7.1.0.jar:/home/runner/.m2/repository/io/fabric8/kubernetes-model-metrics/7.1.0/kubernetes-model-metrics-7.1.0.jar:/home/runner/.m2/repository/io/fabric8/kubernetes-model-policy/7.1.0/kubernetes-model-policy-7.1.0.jar:/home/runner/.m2/repository/io/fabric8/kubernetes-model-scheduling/7.1.0/kubernetes-model-scheduling-7.1.0.jar:/home/runner/.m2/repository/io/fabric8/kubernetes-model-storageclass/7.1.0/kubernetes-model-storageclass-7.1.0.jar:/home/runner/.m2/repository/io/fabric8/kubernetes-model-node/7.1.0/kubernetes-model-node-7.1.0.jar:/home/runner/.m2/repository/org/snakeyaml/snakeyaml-engine/2.9/snakeyaml-engine-2.9.jar:/home/runner/.m2/repository/com/fasterxml/jackson/dataformat/jackson-dataformat-yaml/2.18.2/jackson-dataformat-yaml-2.18.2.jar:/home/runner/.m2/repository/com/fasterxml/jackson/datatype/jackson-datatype-jsr310/2.18.2/jackson-datatype-jsr310-2.18.2.jar:/home/runner/.m2/repository/io/fabric8/zjsonpatch/7.1.0/zjsonpatch-7.1.0.jar:/home/runner/.m2/repository/io/fabric8/kubernetes-httpclient-vertx/7.1.0/kubernetes-httpclient-vertx-7.1.0.jar:/home/runner/.m2/repository/io/vertx/vertx-web-client/4.5.16/vertx-web-client-4.5.16.jar:/home/runner/.m2/repository/io/vertx/vertx-web-common/4.5.16/vertx-web-common-4.5.16.jar:/home/runner/.m2/repository/io/vertx/vertx-auth-common/4.5.16/vertx-auth-common-4.5.16.jar:/home/runner/.m2/repository/io/vertx/vertx-uri-template/4.5.16/vertx-uri-template-4.5.16.jar:/home/runner/.m2/repository/io/fabric8/openshift-client/7.1.0/openshift-client-7.1.0.jar:/home/runner/.m2/repository/io/fabric8/openshift-client-api/7.1.0/openshift-client-api-7.1.0.jar:/home/runner/.m2/repository/io/fabric8/openshift-model/7.1.0/openshift-model-7.1.0.jar:/home/runner/.m2/repository/io/fabric8/openshift-model-autoscaling/7.1.0/openshift-model-autoscaling-7.1.0.jar:/home/runner/.m2/repository/io/fabric8/openshift-model-operator/7.1.0/openshift-model-operator-7.1.0.jar:/home/runner/.m2/repository/io/fabric8/openshift-model-operatorhub/7.1.0/openshift-model-operatorhub-7.1.0.jar:/home/runner/.m2/repository/io/fabric8/openshift-model-machine/7.1.0/openshift-model-machine-7.1.0.jar:/home/runner/.m2/repository/io/fabric8/openshift-model-whereabouts/7.1.0/openshift-model-whereabouts-7.1.0.jar:/home/runner/.m2/repository/io/fabric8/openshift-model-monitoring/7.1.0/openshift-model-monitoring-7.1.0.jar:/home/runner/.m2/repository/io/fabric8/openshift-model-storageversionmigrator/7.1.0/openshift-model-storageversionmigrator-7.1.0.jar:/home/runner/.m2/repository/io/fabric8/openshift-model-tuned/7.1.0/openshift-model-tuned-7.1.0.jar:/home/runner/.m2/repository/io/fabric8/openshift-model-console/7.1.0/openshift-model-console-7.1.0.jar:/home/runner/.m2/repository/io/fabric8/openshift-model-config/7.1.0/openshift-model-config-7.1.0.jar:/home/runner/.m2/repository/io/fabric8/openshift-model-machineconfiguration/7.1.0/openshift-model-machineconfiguration-7.1.0.jar:/home/runner/.m2/repository/io/fabric8/openshift-model-miscellaneous/7.1.0/openshift-model-miscellaneous-7.1.0.jar:/home/runner/.m2/repository/io/fabric8/openshift-model-hive/7.1.0/openshift-model-hive-7.1.0.jar:/home/runner/.m2/repository/io/fabric8/openshift-model-installer/7.1.0/openshift-model-installer-7.1.0.jar:/home/runner/.m2/repository/org/junit/platform/junit-platform-launcher/1.12.1/junit-platform-launcher-1.12.1.jar:/home/runner/.m2/repository/org/junit/platform/junit-platform-engine/1.12.1/junit-platform-engine-1.12.1.jar:/home/runner/.m2/repository/org/opentest4j/opentest4j/1.3.0/opentest4j-1.3.0.jar:/home/runner/.m2/repository/org/junit/platform/junit-platform-commons/1.12.1/junit-platform-commons-1.12.1.jar:/home/runner/.m2/repository/org/apiguardian/apiguardian-api/1.1.2/apiguardian-api-1.1.2.jar:/home/runner/.m2/repository/jakarta/ws/rs/jakarta.ws.rs-api/3.1.0/jakarta.ws.rs-api-3.1.0.jar:/home/runner/work/apicurio-testing/apicurio-testing/clusters/ci419/namespaces/pg17/tests/integration/apicurio-registry/java-sdk/target/apicurio-registry-java-sdk-3.0.12-SNAPSHOT.jar:/home/runner/.m2/repository/com/microsoft/kiota/microsoft-kiota-abstractions/1.8.9/microsoft-kiota-abstractions-1.8.9.jar:/home/runner/.m2/repository/io/github/std-uritemplate/std-uritemplate/2.0.0/std-uritemplate-2.0.0.jar:/home/runner/.m2/repository/io/kiota/kiota-http-jdk/0.0.29/kiota-http-jdk-0.0.29.jar:/home/runner/.m2/repository/io/kiota/kiota-http-vertx/0.0.29/kiota-http-vertx-0.0.29.jar:/home/runner/.m2/repository/io/kiota/kiota-serialization-jackson/0.0.29/kiota-serialization-jackson-0.0.29.jar:/home/runner/.m2/repository/com/microsoft/kiota/microsoft-kiota-serialization-text/1.8.9/microsoft-kiota-serialization-text-1.8.9.jar:/home/runner/.m2/repository/com/microsoft/kiota/microsoft-kiota-serialization-form/1.8.9/microsoft-kiota-serialization-form-1.8.9.jar:/home/runner/.m2/repository/com/microsoft/kiota/microsoft-kiota-serialization-multipart/1.8.9/microsoft-kiota-serialization-multipart-1.8.9.jar:/home/runner/.m2/repository/jakarta/annotation/jakarta.annotation-api/3.0.0/jakarta.annotation-api-3.0.0.jar:/home/runner/.m2/repository/io/vertx/vertx-auth-oauth2/4.5.16/vertx-auth-oauth2-4.5.16.jar:/home/runner/work/apicurio-testing/apicurio-testing/clusters/ci419/namespaces/pg17/tests/integration/apicurio-registry/java-sdk-v2/target/apicurio-registry-v2-java-sdk-3.0.12-SNAPSHOT.jar:/home/runner/work/apicurio-testing/apicurio-testing/clusters/ci419/namespaces/pg17/tests/integration/apicurio-registry/utils/kafka/target/apicurio-registry-utils-kafka-3.0.12-SNAPSHOT-tests.jar:/home/runner/.m2/repository/org/eclipse/microprofile/config/microprofile-config-api/3.1/microprofile-config-api-3.1.jar:/home/runner/.m2/repository/org/apache/kafka/kafka-clients/3.9.1/kafka-clients-3.9.1.jar:/home/runner/.m2/repository/com/github/luben/zstd-jni/1.5.6-4/zstd-jni-1.5.6-4.jar:/home/runner/.m2/repository/org/lz4/lz4-java/1.8.0/lz4-java-1.8.0.jar:/home/runner/.m2/repository/org/xerial/snappy/snappy-java/1.1.10.5/snappy-java-1.1.10.5.jar:/home/runner/.m2/repository/org/slf4j/slf4j-api/2.0.6/slf4j-api-2.0.6.jar:/home/runner/work/apicurio-testing/apicurio-testing/clusters/ci419/namespaces/pg17/tests/integration/apicurio-registry/utils/tests/target/apicurio-registry-utils-tests-3.0.12-SNAPSHOT.jar:/home/runner/work/apicurio-testing/apicurio-testing/clusters/ci419/namespaces/pg17/tests/integration/apicurio-registry/common/target/apicurio-registry-common-3.0.12-SNAPSHOT.jar:/home/runner/.m2/repository/jakarta/validation/jakarta.validation-api/3.0.2/jakarta.validation-api-3.0.2.jar:/home/runner/.m2/repository/com/github/dasniko/testcontainers-keycloak/3.8.0/testcontainers-keycloak-3.8.0.jar:/home/runner/.m2/repository/org/testcontainers/testcontainers/1.20.6/testcontainers-1.20.6.jar:/home/runner/.m2/repository/org/rnorth/duct-tape/duct-tape/1.0.8/duct-tape-1.0.8.jar:/home/runner/.m2/repository/com/github/docker-java/docker-java-transport-zerodep/3.4.1/docker-java-transport-zerodep-3.4.1.jar:/home/runner/.m2/repository/com/github/docker-java/docker-java-transport/3.4.1/docker-java-transport-3.4.1.jar:/home/runner/.m2/repository/net/java/dev/jna/jna/5.8.0/jna-5.8.0.jar:/home/runner/.m2/repository/io/quarkus/quarkus-junit4-mock/3.20.2/quarkus-junit4-mock-3.20.2.jar:/home/runner/.m2/repository/org/jboss/shrinkwrap/shrinkwrap-api/2.0.0-beta-2/shrinkwrap-api-2.0.0-beta-2.jar:/home/runner/.m2/repository/org/jboss/shrinkwrap/shrinkwrap-impl-base/2.0.0-beta-2/shrinkwrap-impl-base-2.0.0-beta-2.jar:/home/runner/.m2/repository/org/jboss/shrinkwrap/shrinkwrap-spi/2.0.0-beta-2/shrinkwrap-spi-2.0.0-beta-2.jar:/home/runner/.m2/repository/org/keycloak/keycloak-admin-client/26.0.4/keycloak-admin-client-26.0.4.jar:/home/runner/.m2/repository/org/keycloak/keycloak-client-common-synced/26.0.4/keycloak-client-common-synced-26.0.4.jar:/home/runner/.m2/repository/jakarta/activation/jakarta.activation-api/2.1.3/jakarta.activation-api-2.1.3.jar:/home/runner/.m2/repository/org/eclipse/microprofile/openapi/microprofile-openapi-api/4.0.2/microprofile-openapi-api-4.0.2.jar:/home/runner/.m2/repository/org/jboss/resteasy/resteasy-client/6.2.12.Final/resteasy-client-6.2.12.Final.jar:/home/runner/.m2/repository/org/jboss/resteasy/resteasy-client-api/6.2.12.Final/resteasy-client-api-6.2.12.Final.jar:/home/runner/.m2/repository/org/jboss/resteasy/resteasy-core-spi/6.2.12.Final/resteasy-core-spi-6.2.12.Final.jar:/home/runner/.m2/repository/org/jboss/resteasy/resteasy-core/6.2.12.Final/resteasy-core-6.2.12.Final.jar:/home/runner/.m2/repository/org/eclipse/angus/angus-activation/2.0.2/angus-activation-2.0.2.jar:/home/runner/.m2/repository/com/ibm/async/asyncutil/0.1.0/asyncutil-0.1.0.jar:/home/runner/.m2/repository/org/reactivestreams/reactive-streams/1.0.4/reactive-streams-1.0.4.jar:/home/runner/.m2/repository/org/jboss/resteasy/resteasy-multipart-provider/6.2.12.Final/resteasy-multipart-provider-6.2.12.Final.jar:/home/runner/.m2/repository/jakarta/mail/jakarta.mail-api/2.1.3/jakarta.mail-api-2.1.3.jar:/home/runner/.m2/repository/org/eclipse/angus/angus-mail/2.0.3/angus-mail-2.0.3.jar:/home/runner/.m2/repository/org/apache/james/apache-mime4j-dom/0.8.12/apache-mime4j-dom-0.8.12.jar:/home/runner/.m2/repository/org/apache/james/apache-mime4j-core/0.8.12/apache-mime4j-core-0.8.12.jar:/home/runner/.m2/repository/org/apache/james/apache-mime4j-storage/0.8.12/apache-mime4j-storage-0.8.12.jar:/home/runner/.m2/repository/org/jboss/resteasy/resteasy-jackson2-provider/6.2.12.Final/resteasy-jackson2-provider-6.2.12.Final.jar:/home/runner/.m2/repository/com/fasterxml/jackson/jakarta/rs/jackson-jakarta-rs-base/2.18.2/jackson-jakarta-rs-base-2.18.2.jar:/home/runner/.m2/repository/com/fasterxml/jackson/jakarta/rs/jackson-jakarta-rs-json-provider/2.18.2/jackson-jakarta-rs-json-provider-2.18.2.jar:/home/runner/.m2/repository/com/fasterxml/jackson/module/jackson-module-jakarta-xmlbind-annotations/2.18.2/jackson-module-jakarta-xmlbind-annotations-2.18.2.jar:/home/runner/.m2/repository/com/github/java-json-tools/json-patch/1.13/json-patch-1.13.jar:/home/runner/.m2/repository/com/github/java-json-tools/msg-simple/1.2/msg-simple-1.2.jar:/home/runner/.m2/repository/com/github/java-json-tools/btf/1.3/btf-1.3.jar:/home/runner/.m2/repository/com/github/java-json-tools/jackson-coreutils/2.0/jackson-coreutils-2.0.jar:/home/runner/.m2/repository/org/jboss/resteasy/resteasy-jaxb-provider/6.2.12.Final/resteasy-jaxb-provider-6.2.12.Final.jar:/home/runner/.m2/repository/org/glassfish/jaxb/codemodel/4.0.5/codemodel-4.0.5.jar:/home/runner/.m2/repository/org/glassfish/jaxb/jaxb-core/4.0.5/jaxb-core-4.0.5.jar:/home/runner/.m2/repository/org/glassfish/jaxb/jaxb-jxc/4.0.5/jaxb-jxc-4.0.5.jar:/home/runner/.m2/repository/org/glassfish/jaxb/jaxb-runtime/4.0.5/jaxb-runtime-4.0.5.jar:/home/runner/.m2/repository/org/glassfish/jaxb/txw2/4.0.5/txw2-4.0.5.jar:/home/runner/.m2/repository/org/glassfish/jaxb/jaxb-xjc/4.0.5/jaxb-xjc-4.0.5.jar:/home/runner/.m2/repository/org/glassfish/jaxb/xsom/4.0.5/xsom-4.0.5.jar:/home/runner/.m2/repository/com/sun/istack/istack-commons-runtime/4.1.2/istack-commons-runtime-4.1.2.jar:/home/runner/.m2/repository/com/sun/istack/istack-commons-tools/4.1.2/istack-commons-tools-4.1.2.jar:/home/runner/.m2/repository/com/sun/xml/bind/external/relaxng-datatype/4.0.5/relaxng-datatype-4.0.5.jar:/home/runner/.m2/repository/com/sun/xml/bind/external/rngom/4.0.5/rngom-4.0.5.jar:/home/runner/.m2/repository/org/testcontainers/mssqlserver/1.20.6/mssqlserver-1.20.6.jar:/home/runner/.m2/repository/org/testcontainers/jdbc/1.20.6/jdbc-1.20.6.jar:/home/runner/.m2/repository/org/testcontainers/database-commons/1.20.6/database-commons-1.20.6.jar:/home/runner/.m2/repository/org/testcontainers/mysql/1.20.6/mysql-1.20.6.jar:/home/runner/.m2/repository/io/strimzi/strimzi-test-container/0.111.0/strimzi-test-container-0.111.0.jar:/home/runner/.m2/repository/org/testcontainers/toxiproxy/1.20.6/toxiproxy-1.20.6.jar:/home/runner/.m2/repository/com/github/docker-java/docker-java-api/3.4.1/docker-java-api-3.4.1.jar:/home/runner/.m2/repository/org/apache/logging/log4j/log4j-slf4j-impl/2.19.0/log4j-slf4j-impl-2.19.0.jar:/home/runner/.m2/repository/org/apache/logging/log4j/log4j-api/2.24.3/log4j-api-2.24.3.jar:/home/runner/.m2/repository/org/apache/logging/log4j/log4j-core/2.19.0/log4j-core-2.19.0.jar:/home/runner/.m2/repository/eu/rekawek/toxiproxy/toxiproxy-java/2.1.7/toxiproxy-java-2.1.7.jar:/home/runner/.m2/repository/org/testcontainers/pulsar/1.21.3/pulsar-1.21.3.jar:/home/runner/.m2/repository/io/debezium/debezium-testing-testcontainers/2.7.4.Final/debezium-testing-testcontainers-2.7.4.Final.jar:/home/runner/.m2/repository/org/testcontainers/kafka/1.20.6/kafka-1.20.6.jar:/home/runner/.m2/repository/com/squareup/okhttp3/okhttp/4.8.1/okhttp-4.8.1.jar:/home/runner/.m2/repository/com/squareup/okio/okio/3.10.2/okio-3.10.2.jar:/home/runner/.m2/repository/com/squareup/okio/okio-jvm/3.10.2/okio-jvm-3.10.2.jar:/home/runner/.m2/repository/org/jetbrains/kotlin/kotlin-stdlib/2.0.21/kotlin-stdlib-2.0.21.jar:/home/runner/.m2/repository/org/awaitility/awaitility/4.3.0/awaitility-4.3.0.jar:/home/runner/.m2/repository/org/testcontainers/mongodb/1.20.6/mongodb-1.20.6.jar:/home/runner/.m2/repository/org/testcontainers/mariadb/1.20.6/mariadb-1.20.6.jar:/home/runner/.m2/repository/org/testcontainers/oracle-xe/1.20.6/oracle-xe-1.20.6.jar:/home/runner/.m2/repository/org/testcontainers/postgresql/1.20.6/postgresql-1.20.6.jar:/home/runner/.m2/repository/org/wiremock/wiremock/3.0.1/wiremock-3.0.1.jar:/home/runner/.m2/repository/org/eclipse/jetty/jetty-server/11.0.15/jetty-server-11.0.15.jar:/home/runner/.m2/repository/org/eclipse/jetty/toolchain/jetty-jakarta-servlet-api/5.0.2/jetty-jakarta-servlet-api-5.0.2.jar:/home/runner/.m2/repository/org/eclipse/jetty/jetty-http/11.0.15/jetty-http-11.0.15.jar:/home/runner/.m2/repository/org/eclipse/jetty/jetty-io/11.0.15/jetty-io-11.0.15.jar:/home/runner/.m2/repository/org/eclipse/jetty/jetty-servlet/11.0.15/jetty-servlet-11.0.15.jar:/home/runner/.m2/repository/org/eclipse/jetty/jetty-security/11.0.15/jetty-security-11.0.15.jar:/home/runner/.m2/repository/org/eclipse/jetty/jetty-servlets/11.0.15/jetty-servlets-11.0.15.jar:/home/runner/.m2/repository/org/eclipse/jetty/jetty-util/11.0.15/jetty-util-11.0.15.jar:/home/runner/.m2/repository/org/eclipse/jetty/jetty-webapp/11.0.15/jetty-webapp-11.0.15.jar:/home/runner/.m2/repository/org/eclipse/jetty/jetty-xml/11.0.15/jetty-xml-11.0.15.jar:/home/runner/.m2/repository/org/eclipse/jetty/jetty-proxy/11.0.15/jetty-proxy-11.0.15.jar:/home/runner/.m2/repository/org/eclipse/jetty/jetty-client/11.0.15/jetty-client-11.0.15.jar:/home/runner/.m2/repository/org/eclipse/jetty/http2/http2-server/11.0.15/http2-server-11.0.15.jar:/home/runner/.m2/repository/org/eclipse/jetty/http2/http2-common/11.0.15/http2-common-11.0.15.jar:/home/runner/.m2/repository/org/eclipse/jetty/http2/http2-hpack/11.0.15/http2-hpack-11.0.15.jar:/home/runner/.m2/repository/org/eclipse/jetty/jetty-alpn-server/11.0.15/jetty-alpn-server-11.0.15.jar:/home/runner/.m2/repository/org/eclipse/jetty/jetty-alpn-java-server/11.0.15/jetty-alpn-java-server-11.0.15.jar:/home/runner/.m2/repository/org/eclipse/jetty/jetty-alpn-java-client/11.0.15/jetty-alpn-java-client-11.0.15.jar:/home/runner/.m2/repository/org/eclipse/jetty/jetty-alpn-client/11.0.15/jetty-alpn-client-11.0.15.jar:/home/runner/.m2/repository/org/apache/httpcomponents/client5/httpclient5/5.2.1/httpclient5-5.2.1.jar:/home/runner/.m2/repository/org/apache/httpcomponents/core5/httpcore5/5.2/httpcore5-5.2.jar:/home/runner/.m2/repository/org/apache/httpcomponents/core5/httpcore5-h2/5.2/httpcore5-h2-5.2.jar:/home/runner/.m2/repository/org/xmlunit/xmlunit-core/2.9.1/xmlunit-core-2.9.1.jar:/home/runner/.m2/repository/jakarta/xml/bind/jakarta.xml.bind-api/4.0.2/jakarta.xml.bind-api-4.0.2.jar:/home/runner/.m2/repository/org/xmlunit/xmlunit-legacy/2.9.1/xmlunit-legacy-2.9.1.jar:/home/runner/.m2/repository/org/xmlunit/xmlunit-placeholders/2.9.1/xmlunit-placeholders-2.9.1.jar:/home/runner/.m2/repository/net/javacrumbs/json-unit/json-unit-core/2.38.0/json-unit-core-2.38.0.jar:/home/runner/.m2/repository/org/hamcrest/hamcrest-core/2.2/hamcrest-core-2.2.jar:/home/runner/.m2/repository/com/jayway/jsonpath/json-path/2.8.0/json-path-2.8.0.jar:/home/runner/.m2/repository/net/minidev/json-smart/2.4.10/json-smart-2.4.10.jar:/home/runner/.m2/repository/net/minidev/accessors-smart/2.4.9/accessors-smart-2.4.9.jar:/home/runner/.m2/repository/org/ow2/asm/asm/9.7.1/asm-9.7.1.jar:/home/runner/.m2/repository/net/sf/jopt-simple/jopt-simple/5.0.4/jopt-simple-5.0.4.jar:/home/runner/.m2/repository/com/github/jknack/handlebars/4.3.1/handlebars-4.3.1.jar:/home/runner/.m2/repository/com/github/jknack/handlebars-helpers/4.3.1/handlebars-helpers-4.3.1.jar:/home/runner/.m2/repository/commons-fileupload/commons-fileupload/1.5/commons-fileupload-1.5.jar:/home/runner/.m2/repository/com/networknt/json-schema-validator/1.5.8/json-schema-validator-1.5.8.jar:/home/runner/.m2/repository/com/ethlo/time/itu/1.10.3/itu-1.10.3.jar:/home/runner/.m2/repository/io/quarkus/quarkus-smallrye-jwt-build/3.20.2/quarkus-smallrye-jwt-build-3.20.2.jar:/home/runner/.m2/repository/io/smallrye/smallrye-jwt-build/4.6.2/smallrye-jwt-build-4.6.2.jar:/home/runner/.m2/repository/org/eclipse/microprofile/jwt/microprofile-jwt-auth-api/2.1/microprofile-jwt-auth-api-2.1.jar:/home/runner/.m2/repository/org/bitbucket/b_c/jose4j/0.9.6/jose4j-0.9.6.jar:/home/runner/.m2/repository/io/smallrye/smallrye-jwt-common/4.6.2/smallrye-jwt-common-4.6.2.jar:/home/runner/.m2/repository/io/quarkus/quarkus-jsonp/3.20.2/quarkus-jsonp-3.20.2.jar:/home/runner/.m2/repository/io/quarkus/quarkus-arc/3.20.2/quarkus-arc-3.20.2.jar:/home/runner/.m2/repository/io/quarkus/arc/arc/3.20.2/arc-3.20.2.jar:/home/runner/.m2/repository/jakarta/transaction/jakarta.transaction-api/2.0.1/jakarta.transaction-api-2.0.1.jar:/home/runner/.m2/repository/io/smallrye/reactive/mutiny/2.9.2/mutiny-2.9.2.jar:/home/runner/.m2/repository/org/jctools/jctools-core/4.0.5/jctools-core-4.0.5.jar:/home/runner/.m2/repository/org/eclipse/microprofile/context-propagation/microprofile-context-propagation-api/1.3/microprofile-context-propagation-api-1.3.jar:/home/runner/.m2/repository/io/apicurio/apicurio-common-rest-client-common/0.1.18.Final/apicurio-common-rest-client-common-0.1.18.Final.jar:/home/runner/work/apicurio-testing/apicurio-testing/clusters/ci419/namespaces/pg17/tests/integration/apicurio-registry/utils/maven-plugin/target/apicurio-registry-maven-plugin-3.0.12-SNAPSHOT.jar:/home/runner/.m2/repository/com/fasterxml/jackson/core/jackson-databind/2.18.2/jackson-databind-2.18.2.jar:/home/runner/.m2/repository/org/apache/avro/avro/1.12.0/avro-1.12.0.jar:/home/runner/.m2/repository/com/google/protobuf/protobuf-java/4.31.1/protobuf-java-4.31.1.jar:/home/runner/.m2/repository/com/google/protobuf/protobuf-java-util/4.31.1/protobuf-java-util-4.31.1.jar:/home/runner/.m2/repository/com/google/code/findbugs/jsr305/3.0.2/jsr305-3.0.2.jar:/home/runner/.m2/repository/com/google/code/gson/gson/2.12.1/gson-2.12.1.jar:/home/runner/.m2/repository/com/google/errorprone/error_prone_annotations/2.36.0/error_prone_annotations-2.36.0.jar:/home/runner/.m2/repository/com/google/j2objc/j2objc-annotations/2.8/j2objc-annotations-2.8.jar:/home/runner/work/apicurio-testing/apicurio-testing/clusters/ci419/namespaces/pg17/tests/integration/apicurio-registry/schema-util/util-provider/target/apicurio-registry-schema-util-provider-3.0.12-SNAPSHOT.jar:/home/runner/work/apicurio-testing/apicurio-testing/clusters/ci419/namespaces/pg17/tests/integration/apicurio-registry/schema-util/common/target/apicurio-registry-schema-util-common-3.0.12-SNAPSHOT.jar:/home/runner/.m2/repository/com/fasterxml/jackson/module/jackson-module-parameter-names/2.18.2/jackson-module-parameter-names-2.18.2.jar:/home/runner/.m2/repository/com/fasterxml/jackson/datatype/jackson-datatype-json-org/2.18.2/jackson-datatype-json-org-2.18.2.jar:/home/runner/work/apicurio-testing/apicurio-testing/clusters/ci419/namespaces/pg17/tests/integration/apicurio-registry/schema-util/json/target/apicurio-registry-schema-util-json-3.0.12-SNAPSHOT.jar:/home/runner/.m2/repository/com/github/erosb/everit-json-schema/1.14.5/everit-json-schema-1.14.5.jar:/home/runner/.m2/repository/commons-validator/commons-validator/1.9.0/commons-validator-1.9.0.jar:/home/runner/.m2/repository/commons-digester/commons-digester/2.1/commons-digester-2.1.jar:/home/runner/.m2/repository/commons-collections/commons-collections/3.2.2/commons-collections-3.2.2.jar:/home/runner/.m2/repository/com/damnhandy/handy-uri-templates/2.1.8/handy-uri-templates-2.1.8.jar:/home/runner/.m2/repository/joda-time/joda-time/2.10.2/joda-time-2.10.2.jar:/home/runner/.m2/repository/com/github/erosb/json-sKema/0.20.0/json-sKema-0.20.0.jar:/home/runner/.m2/repository/io/vertx/vertx-json-schema/4.5.16/vertx-json-schema-4.5.16.jar:/home/runner/work/apicurio-testing/apicurio-testing/clusters/ci419/namespaces/pg17/tests/integration/apicurio-registry/schema-util/protobuf/target/apicurio-registry-schema-util-protobuf-3.0.12-SNAPSHOT.jar:/home/runner/work/apicurio-testing/apicurio-testing/clusters/ci419/namespaces/pg17/tests/integration/apicurio-registry/utils/protobuf-schema-utilities/target/apicurio-registry-protobuf-schema-utilities-3.0.12-SNAPSHOT.jar:/home/runner/.m2/repository/com/google/api/grpc/proto-google-common-protos/2.52.0/proto-google-common-protos-2.52.0.jar:/home/runner/.m2/repository/com/squareup/wire/wire-schema-jvm/5.3.3/wire-schema-jvm-5.3.3.jar:/home/runner/.m2/repository/com/palantir/javapoet/javapoet/0.6.0/javapoet-0.6.0.jar:/home/runner/.m2/repository/com/squareup/kotlinpoet-jvm/2.0.0/kotlinpoet-jvm-2.0.0.jar:/home/runner/.m2/repository/org/jetbrains/kotlin/kotlin-reflect/2.0.21/kotlin-reflect-2.0.21.jar:/home/runner/.m2/repository/com/squareup/wire/wire-runtime-jvm/5.3.3/wire-runtime-jvm-5.3.3.jar:/home/runner/.m2/repository/com/ibm/icu/icu4j/76.1/icu4j-76.1.jar:/home/runner/.m2/repository/com/squareup/okio/okio-fakefilesystem/3.10.2/okio-fakefilesystem-3.10.2.jar:/home/runner/.m2/repository/com/squareup/okio/okio-fakefilesystem-jvm/3.10.2/okio-fakefilesystem-jvm-3.10.2.jar:/home/runner/.m2/repository/org/jetbrains/kotlinx/kotlinx-datetime-jvm/0.6.1/kotlinx-datetime-jvm-0.6.1.jar:/home/runner/work/apicurio-testing/apicurio-testing/clusters/ci419/namespaces/pg17/tests/integration/apicurio-registry/schema-util/asyncapi/target/apicurio-registry-schema-util-asyncapi-3.0.12-SNAPSHOT.jar:/home/runner/work/apicurio-testing/apicurio-testing/clusters/ci419/namespaces/pg17/tests/integration/apicurio-registry/schema-util/avro/target/apicurio-registry-schema-util-avro-3.0.12-SNAPSHOT.jar:/home/runner/work/apicurio-testing/apicurio-testing/clusters/ci419/namespaces/pg17/tests/integration/apicurio-registry/schema-util/graphql/target/apicurio-registry-schema-util-graphql-3.0.12-SNAPSHOT.jar:/home/runner/.m2/repository/com/graphql-java/graphql-java/22.4/graphql-java-22.4.jar:/home/runner/.m2/repository/com/graphql-java/java-dataloader/3.3.0/java-dataloader-3.3.0.jar:/home/runner/work/apicurio-testing/apicurio-testing/clusters/ci419/namespaces/pg17/tests/integration/apicurio-registry/schema-util/kconnect/target/apicurio-registry-schema-util-kconnect-3.0.12-SNAPSHOT.jar:/home/runner/work/apicurio-testing/apicurio-testing/clusters/ci419/namespaces/pg17/tests/integration/apicurio-registry/schema-util/openapi/target/apicurio-registry-schema-util-openapi-3.0.12-SNAPSHOT.jar:/home/runner/.m2/repository/io/apicurio/apicurio-data-models/2.2.2/apicurio-data-models-2.2.2.jar:/home/runner/.m2/repository/org/openapitools/openapidiff/openapi-diff-core/2.1.2/openapi-diff-core-2.1.2.jar:/home/runner/.m2/repository/io/swagger/parser/v3/swagger-parser/2.1.28/swagger-parser-2.1.28.jar:/home/runner/.m2/repository/io/swagger/parser/v3/swagger-parser-v2-converter/2.1.28/swagger-parser-v2-converter-2.1.28.jar:/home/runner/.m2/repository/io/swagger/swagger-core/1.6.16/swagger-core-1.6.16.jar:/home/runner/.m2/repository/io/swagger/swagger-models/1.6.16/swagger-models-1.6.16.jar:/home/runner/.m2/repository/io/swagger/swagger-annotations/1.6.16/swagger-annotations-1.6.16.jar:/home/runner/.m2/repository/io/swagger/swagger-parser/1.0.75/swagger-parser-1.0.75.jar:/home/runner/.m2/repository/io/swagger/swagger-parser-safe-url-resolver/1.0.75/swagger-parser-safe-url-resolver-1.0.75.jar:/home/runner/.m2/repository/io/swagger/swagger-compat-spec-parser/1.0.75/swagger-compat-spec-parser-1.0.75.jar:/home/runner/.m2/repository/com/github/java-json-tools/json-schema-validator/2.2.14/json-schema-validator-2.2.14.jar:/home/runner/.m2/repository/com/github/java-json-tools/jackson-coreutils-equivalence/1.0/jackson-coreutils-equivalence-1.0.jar:/home/runner/.m2/repository/com/github/java-json-tools/json-schema-core/1.2.14/json-schema-core-1.2.14.jar:/home/runner/.m2/repository/com/github/java-json-tools/uri-template/0.10/uri-template-0.10.jar:/home/runner/.m2/repository/com/googlecode/libphonenumber/libphonenumber/8.11.1/libphonenumber-8.11.1.jar:/home/runner/.m2/repository/com/j2html/j2html/1.6.0/j2html-1.6.0.jar:/home/runner/.m2/repository/org/apache/commons/commons-collections4/4.5.0/commons-collections4-4.5.0.jar:/home/runner/.m2/repository/org/slf4j/jcl-over-slf4j/2.0.17/jcl-over-slf4j-2.0.17.jar:/home/runner/.m2/repository/io/swagger/parser/v3/swagger-parser-v3/2.1.31/swagger-parser-v3-2.1.31.jar:/home/runner/.m2/repository/io/swagger/core/v3/swagger-models/2.2.34/swagger-models-2.2.34.jar:/home/runner/.m2/repository/io/swagger/core/v3/swagger-core/2.2.34/swagger-core-2.2.34.jar:/home/runner/.m2/repository/io/swagger/parser/v3/swagger-parser-core/2.1.31/swagger-parser-core-2.1.31.jar:/home/runner/.m2/repository/io/swagger/parser/v3/swagger-parser-safe-url-resolver/2.1.31/swagger-parser-safe-url-resolver-2.1.31.jar:/home/runner/work/apicurio-testing/apicurio-testing/clusters/ci419/namespaces/pg17/tests/integration/apicurio-registry/schema-util/wsdl/target/apicurio-registry-schema-util-wsdl-3.0.12-SNAPSHOT.jar:/home/runner/.m2/repository/wsdl4j/wsdl4j/1.6.3/wsdl4j-1.6.3.jar:/home/runner/work/apicurio-testing/apicurio-testing/clusters/ci419/namespaces/pg17/tests/integration/apicurio-registry/schema-util/xml/target/apicurio-registry-schema-util-xml-3.0.12-SNAPSHOT.jar:/home/runner/.m2/repository/org/apache/santuario/xmlsec/4.0.4/xmlsec-4.0.4.jar:/home/runner/.m2/repository/com/fasterxml/woodstox/woodstox-core/7.1.1/woodstox-core-7.1.1.jar:/home/runner/.m2/repository/org/codehaus/woodstox/stax2-api/4.2.2/stax2-api-4.2.2.jar:/home/runner/work/apicurio-testing/apicurio-testing/clusters/ci419/namespaces/pg17/tests/integration/apicurio-registry/schema-util/xsd/target/apicurio-registry-schema-util-xsd-3.0.12-SNAPSHOT.jar:/home/runner/work/apicurio-testing/apicurio-testing/clusters/ci419/namespaces/pg17/tests/integration/apicurio-registry/serdes/kafka/jsonschema-serde/target/apicurio-registry-jsonschema-serde-kafka-3.0.12-SNAPSHOT.jar:/home/runner/work/apicurio-testing/apicurio-testing/clusters/ci419/namespaces/pg17/tests/integration/apicurio-registry/serdes/kafka/serde-kafka-common/target/apicurio-registry-serde-kafka-common-3.0.12-SNAPSHOT.jar:/home/runner/work/apicurio-testing/apicurio-testing/clusters/ci419/namespaces/pg17/tests/integration/apicurio-registry/serdes/generic/serde-common/target/apicurio-registry-serde-common-3.0.12-SNAPSHOT.jar:/home/runner/work/apicurio-testing/apicurio-testing/clusters/ci419/namespaces/pg17/tests/integration/apicurio-registry/serdes/generic/serde-common-jsonschema/target/apicurio-registry-serde-common-jsonschema-3.0.12-SNAPSHOT.jar:/home/runner/.m2/repository/org/json/json/20250107/json-20250107.jar:/home/runner/work/apicurio-testing/apicurio-testing/clusters/ci419/namespaces/pg17/tests/integration/apicurio-registry/serdes/kafka/avro-serde/target/apicurio-registry-avro-serde-kafka-3.0.12-SNAPSHOT.jar:/home/runner/work/apicurio-testing/apicurio-testing/clusters/ci419/namespaces/pg17/tests/integration/apicurio-registry/serdes/generic/serde-common-avro/target/apicurio-registry-serde-common-avro-3.0.12-SNAPSHOT.jar:/home/runner/work/apicurio-testing/apicurio-testing/clusters/ci419/namespaces/pg17/tests/integration/apicurio-registry/serdes/kafka/protobuf-serde/target/apicurio-registry-protobuf-serde-kafka-3.0.12-SNAPSHOT.jar:/home/runner/work/apicurio-testing/apicurio-testing/clusters/ci419/namespaces/pg17/tests/integration/apicurio-registry/serdes/generic/serde-common-protobuf/target/apicurio-registry-serde-common-protobuf-3.0.12-SNAPSHOT.jar:/home/runner/.m2/repository/com/squareup/wire/wire-schema/5.3.3/wire-schema-5.3.3.jar:/home/runner/.m2/repository/com/squareup/wire/wire-runtime/5.3.3/wire-runtime-5.3.3.jar:/home/runner/work/apicurio-testing/apicurio-testing/clusters/ci419/namespaces/pg17/tests/integration/apicurio-registry/serdes/pulsar/avro-serde/target/apicurio-registry-avro-serde-pulsar-3.0.12-SNAPSHOT.jar:/home/runner/.m2/repository/org/apache/pulsar/pulsar-functions-api/3.3.8/pulsar-functions-api-3.3.8.jar:/home/runner/work/apicurio-testing/apicurio-testing/clusters/ci419/namespaces/pg17/tests/integration/apicurio-registry/serdes/nats/avro-serde/target/apicurio-registry-avro-serde-nats-3.0.12-SNAPSHOT.jar:/home/runner/.m2/repository/io/nats/jnats/2.21.4/jnats-2.21.4.jar:/home/runner/.m2/repository/org/bouncycastle/bcprov-lts8on/2.73.7/bcprov-lts8on-2.73.7.jar:/home/runner/.m2/repository/org/jetbrains/annotations/26.0.2/annotations-26.0.2.jar:/home/runner/work/apicurio-testing/apicurio-testing/clusters/ci419/namespaces/pg17/tests/integration/apicurio-registry/utils/converter/target/apicurio-registry-utils-converter-3.0.12-SNAPSHOT.jar:/home/runner/work/apicurio-testing/apicurio-testing/clusters/ci419/namespaces/pg17/tests/integration/apicurio-registry/schema-resolver/target/apicurio-registry-schema-resolver-3.0.12-SNAPSHOT.jar:/home/runner/.m2/repository/org/apache/kafka/connect-api/3.9.1/connect-api-3.9.1.jar:/home/runner/.m2/repository/javax/ws/rs/javax.ws.rs-api/2.1.1/javax.ws.rs-api-2.1.1.jar:/home/runner/.m2/repository/org/apache/kafka/connect-json/3.9.1/connect-json-3.9.1.jar:/home/runner/.m2/repository/com/fasterxml/jackson/datatype/jackson-datatype-jdk8/2.18.2/jackson-datatype-jdk8-2.18.2.jar:/home/runner/.m2/repository/com/fasterxml/jackson/module/jackson-module-afterburner/2.18.2/jackson-module-afterburner-2.18.2.jar:/home/runner/work/apicurio-testing/apicurio-testing/clusters/ci419/namespaces/pg17/tests/integration/apicurio-registry/utils/kafka/target/apicurio-registry-utils-kafka-3.0.12-SNAPSHOT.jar:/home/runner/.m2/repository/org/apache/pulsar/pulsar-client/3.3.8/pulsar-client-3.3.8.jar:/home/runner/.m2/repository/org/apache/pulsar/pulsar-client-api/3.3.8/pulsar-client-api-3.3.8.jar:/home/runner/.m2/repository/org/apache/pulsar/pulsar-client-admin-api/3.3.8/pulsar-client-admin-api-3.3.8.jar:/home/runner/.m2/repository/org/apache/pulsar/bouncy-castle-bc/3.3.8/bouncy-castle-bc-3.3.8-pkg.jar:/home/runner/.m2/repository/org/bouncycastle/bcpkix-jdk18on/1.81/bcpkix-jdk18on-1.81.jar:/home/runner/.m2/repository/org/bouncycastle/bcutil-jdk18on/1.81/bcutil-jdk18on-1.81.jar:/home/runner/.m2/repository/org/bouncycastle/bcprov-jdk18on/1.81/bcprov-jdk18on-1.81.jar:/home/runner/.m2/repository/io/opentelemetry/opentelemetry-api/1.44.1/opentelemetry-api-1.44.1.jar:/home/runner/.m2/repository/io/opentelemetry/opentelemetry-context/1.44.1/opentelemetry-context-1.44.1.jar:/home/runner/.m2/repository/io/opentelemetry/opentelemetry-api-incubator/1.44.1-alpha/opentelemetry-api-incubator-1.44.1-alpha.jar:/home/runner/.m2/repository/com/fasterxml/jackson/core/jackson-annotations/2.18.2/jackson-annotations-2.18.2.jar:/home/runner/.m2/repository/javax/validation/validation-api/1.1.0.Final/validation-api-1.1.0.Final.jar:/home/runner/.m2/repository/org/jspecify/jspecify/1.0.0/jspecify-1.0.0.jar:/home/runner/.m2/repository/org/apache/commons/commons-configuration2/2.12.0/commons-configuration2-2.12.0.jar:/home/runner/.m2/repository/commons-logging/commons-logging/1.3.5/commons-logging-1.3.5.jar:/home/runner/.m2/repository/org/apache/commons/commons-text/1.13.0/commons-text-1.13.0.jar:/home/runner/.m2/repository/io/confluent/kafka-avro-serializer/8.0.0/kafka-avro-serializer-8.0.0.jar:/home/runner/.m2/repository/org/apache/commons/commons-compress/1.27.1/commons-compress-1.27.1.jar:/home/runner/.m2/repository/io/confluent/kafka-schema-serializer/8.0.0/kafka-schema-serializer-8.0.0.jar:/home/runner/.m2/repository/com/fasterxml/jackson/dataformat/jackson-dataformat-csv/2.18.2/jackson-dataformat-csv-2.18.2.jar:/home/runner/.m2/repository/io/confluent/kafka-schema-registry-client/8.0.0/kafka-schema-registry-client-8.0.0.jar:/home/runner/.m2/repository/org/yaml/snakeyaml/2.3/snakeyaml-2.3.jar:/home/runner/.m2/repository/io/swagger/core/v3/swagger-annotations/2.2.29/swagger-annotations-2.2.29.jar:/home/runner/.m2/repository/com/google/guava/guava/33.4.0-jre/guava-33.4.0-jre.jar:/home/runner/.m2/repository/com/google/guava/failureaccess/1.0.1/failureaccess-1.0.1.jar:/home/runner/.m2/repository/org/checkerframework/checker-qual/3.49.0/checker-qual-3.49.0.jar:/home/runner/.m2/repository/io/confluent/logredactor/1.0.13/logredactor-1.0.13.jar:/home/runner/.m2/repository/com/google/re2j/re2j/1.6/re2j-1.6.jar:/home/runner/.m2/repository/io/confluent/logredactor-metrics/1.0.13/logredactor-metrics-1.0.13.jar:/home/runner/.m2/repository/com/eclipsesource/minimal-json/minimal-json/0.9.5/minimal-json-0.9.5.jar:/home/runner/.m2/repository/io/confluent/common-utils/8.0.0/common-utils-8.0.0.jar:/home/runner/.m2/repository/io/confluent/kafka-connect-avro-converter/8.0.0/kafka-connect-avro-converter-8.0.0.jar:/home/runner/.m2/repository/io/confluent/kafka-connect-avro-data/8.0.0/kafka-connect-avro-data-8.0.0.jar:/home/runner/.m2/repository/io/confluent/kafka-schema-converter/8.0.0/kafka-schema-converter-8.0.0.jar:/home/runner/.m2/repository/io/rest-assured/rest-assured/5.5.1/rest-assured-5.5.1.jar:/home/runner/.m2/repository/org/apache/groovy/groovy/4.0.22/groovy-4.0.22.jar:/home/runner/.m2/repository/org/apache/groovy/groovy-xml/4.0.22/groovy-xml-4.0.22.jar:/home/runner/.m2/repository/org/apache/httpcomponents/httpclient/4.5.14/httpclient-4.5.14.jar:/home/runner/.m2/repository/org/apache/httpcomponents/httpcore/4.4.16/httpcore-4.4.16.jar:/home/runner/.m2/repository/org/apache/httpcomponents/httpmime/4.5.14/httpmime-4.5.14.jar:/home/runner/.m2/repository/org/hamcrest/hamcrest/2.2/hamcrest-2.2.jar:/home/runner/.m2/repository/org/ccil/cowan/tagsoup/tagsoup/1.2.1/tagsoup-1.2.1.jar:/home/runner/.m2/repository/io/rest-assured/json-path/5.5.1/json-path-5.5.1.jar:/home/runner/.m2/repository/org/apache/groovy/groovy-json/4.0.22/groovy-json-4.0.22.jar:/home/runner/.m2/repository/io/rest-assured/rest-assured-common/5.5.1/rest-assured-common-5.5.1.jar:/home/runner/.m2/repository/io/rest-assured/xml-path/5.5.1/xml-path-5.5.1.jar:/home/runner/.m2/repository/io/zonky/test/embedded-postgres/2.1.0/embedded-postgres-2.1.0.jar:/home/runner/.m2/repository/io/zonky/test/postgres/embedded-postgres-binaries-windows-amd64/14.15.0/embedded-postgres-binaries-windows-amd64-14.15.0.jar:/home/runner/.m2/repository/io/zonky/test/postgres/embedded-postgres-binaries-darwin-amd64/14.15.0/embedded-postgres-binaries-darwin-amd64-14.15.0.jar:/home/runner/.m2/repository/io/zonky/test/postgres/embedded-postgres-binaries-linux-amd64/14.15.0/embedded-postgres-binaries-linux-amd64-14.15.0.jar:/home/runner/.m2/repository/io/zonky/test/postgres/embedded-postgres-binaries-linux-amd64-alpine/14.15.0/embedded-postgres-binaries-linux-amd64-alpine-14.15.0.jar:/home/runner/.m2/repository/org/apache/commons/commons-lang3/3.17.0/commons-lang3-3.17.0.jar:/home/runner/.m2/repository/org/tukaani/xz/1.10/xz-1.10.jar:/home/runner/.m2/repository/commons-codec/commons-codec/1.19.0/commons-codec-1.19.0.jar:/home/runner/.m2/repository/org/postgresql/postgresql/42.7.7/postgresql-42.7.7.jar:/home/runner/.m2/repository/commons-io/commons-io/2.18.0/commons-io-2.18.0.jar:/home/runner/work/apicurio-testing/apicurio-testing/clusters/ci419/namespaces/pg17/tests/integration/apicurio-registry/utils/importexport/target/apicurio-registry-utils-import-export-3.0.12-SNAPSHOT.jar:/home/runner/.m2/repository/io/vertx/vertx-core/4.5.16/vertx-core-4.5.16.jar:/home/runner/.m2/repository/io/netty/netty-common/4.1.121.Final/netty-common-4.1.121.Final.jar:/home/runner/.m2/repository/io/netty/netty-buffer/4.1.121.Final/netty-buffer-4.1.121.Final.jar:/home/runner/.m2/repository/io/netty/netty-transport/4.1.121.Final/netty-transport-4.1.121.Final.jar:/home/runner/.m2/repository/io/netty/netty-handler/4.1.121.Final/netty-handler-4.1.121.Final.jar:/home/runner/.m2/repository/io/netty/netty-transport-native-unix-common/4.1.121.Final/netty-transport-native-unix-common-4.1.121.Final.jar:/home/runner/.m2/repository/io/netty/netty-codec/4.1.121.Final/netty-codec-4.1.121.Final.jar:/home/runner/.m2/repository/io/netty/netty-handler-proxy/4.1.121.Final/netty-handler-proxy-4.1.121.Final.jar:/home/runner/.m2/repository/io/netty/netty-codec-socks/4.1.121.Final/netty-codec-socks-4.1.121.Final.jar:/home/runner/.m2/repository/io/netty/netty-codec-http/4.1.121.Final/netty-codec-http-4.1.121.Final.jar:/home/runner/.m2/repository/io/netty/netty-codec-http2/4.1.121.Final/netty-codec-http2-4.1.121.Final.jar:/home/runner/.m2/repository/io/netty/netty-resolver/4.1.121.Final/netty-resolver-4.1.121.Final.jar:/home/runner/.m2/repository/io/netty/netty-resolver-dns/4.1.121.Final/netty-resolver-dns-4.1.121.Final.jar:/home/runner/.m2/repository/io/netty/netty-codec-dns/4.1.121.Final/netty-codec-dns-4.1.121.Final.jar:/home/runner/.m2/repository/com/fasterxml/jackson/core/jackson-core/2.18.2/jackson-core-2.18.2.jar:"/>
    <property name="java.vm.vendor" value="Eclipse Adoptium"/>
    <property name="maven.javadoc.skip" value="true"/>
    <property name="sun.arch.data.model" value="64"/>
    <property name="java.vendor.url" value="https://adoptium.net/"/>
    <property name="user.timezone" value="Etc/UTC"/>
    <property name="os.name" value="Linux"/>
    <property name="java.vm.specification.version" value="17"/>
    <property name="sun.java.launcher" value="SUN_STANDARD"/>
    <property name="quarkus.http.test-port" value="80"/>
    <property name="sun.boot.library.path" value="/usr/lib/jvm/temurin-17-jdk-amd64/lib"/>
    <property name="sun.java.command" value="/home/runner/work/apicurio-testing/apicurio-testing/clusters/ci419/namespaces/pg17/tests/integration/apicurio-registry/integration-tests/target/surefire/surefirebooter-20250813021313432_3.jar /home/runner/work/apicurio-testing/apicurio-testing/clusters/ci419/namespaces/pg17/tests/integration/apicurio-registry/integration-tests/target/surefire 2025-08-13T02-13-13_325-jvmRun1 surefire-20250813021313432_1tmp surefire_0-20250813021313432_2tmp"/>
    <property name="maven.home" value="/home/runner/.m2/wrapper/dists/apache-maven-3.9.8-bin/4fnp1ql35bgk2a0p7m31ovbgb0/apache-maven-3.9.8"/>
    <property name="jdk.debug" value="release"/>
    <property name="surefire.test.class.path" value="/home/runner/work/apicurio-testing/apicurio-testing/clusters/ci419/namespaces/pg17/tests/integration/apicurio-registry/integration-tests/target/test-classes:/home/runner/work/apicurio-testing/apicurio-testing/clusters/ci419/namespaces/pg17/tests/integration/apicurio-registry/integration-tests/target/apicurio-registry-integration-tests-3.0.12-SNAPSHOT.jar:/home/runner/.m2/repository/io/quarkus/quarkus-junit5/3.20.2/quarkus-junit5-3.20.2.jar:/home/runner/.m2/repository/io/quarkus/quarkus-bootstrap-core/3.20.2/quarkus-bootstrap-core-3.20.2.jar:/home/runner/.m2/repository/io/quarkus/quarkus-classloader-commons/3.20.2/quarkus-classloader-commons-3.20.2.jar:/home/runner/.m2/repository/io/quarkus/quarkus-bootstrap-app-model/3.20.2/quarkus-bootstrap-app-model-3.20.2.jar:/home/runner/.m2/repository/io/smallrye/common/smallrye-common-io/2.12.0/smallrye-common-io-2.12.0.jar:/home/runner/.m2/repository/org/eclipse/sisu/org.eclipse.sisu.inject/0.9.0.M3/org.eclipse.sisu.inject-0.9.0.M3.jar:/home/runner/.m2/repository/io/quarkus/quarkus-test-common/3.20.2/quarkus-test-common-3.20.2.jar:/home/runner/.m2/repository/io/quarkus/quarkus-core-deployment/3.20.2/quarkus-core-deployment-3.20.2.jar:/home/runner/.m2/repository/org/aesh/readline/2.6/readline-2.6.jar:/home/runner/.m2/repository/org/fusesource/jansi/jansi/2.4.0/jansi-2.4.0.jar:/home/runner/.m2/repository/org/aesh/aesh/2.8.2/aesh-2.8.2.jar:/home/runner/.m2/repository/io/quarkus/gizmo/gizmo/1.8.0/gizmo-1.8.0.jar:/home/runner/.m2/repository/org/ow2/asm/asm-util/9.7.1/asm-util-9.7.1.jar:/home/runner/.m2/repository/org/ow2/asm/asm-analysis/9.7.1/asm-analysis-9.7.1.jar:/home/runner/.m2/repository/org/ow2/asm/asm-commons/9.7.1/asm-commons-9.7.1.jar:/home/runner/.m2/repository/org/ow2/asm/asm-tree/9.7.1/asm-tree-9.7.1.jar:/home/runner/.m2/repository/io/quarkus/quarkus-hibernate-validator-spi/3.20.2/quarkus-hibernate-validator-spi-3.20.2.jar:/home/runner/.m2/repository/io/quarkus/quarkus-class-change-agent/3.20.2/quarkus-class-change-agent-3.20.2.jar:/home/runner/.m2/repository/io/quarkus/quarkus-devtools-utilities/3.20.2/quarkus-devtools-utilities-3.20.2.jar:/home/runner/.m2/repository/io/quarkus/quarkus-builder/3.20.2/quarkus-builder-3.20.2.jar:/home/runner/.m2/repository/org/graalvm/sdk/nativeimage/23.1.2/nativeimage-23.1.2.jar:/home/runner/.m2/repository/org/graalvm/sdk/word/23.1.2/word-23.1.2.jar:/home/runner/.m2/repository/io/quarkus/quarkus-bootstrap-maven-resolver/3.20.2/quarkus-bootstrap-maven-resolver-3.20.2.jar:/home/runner/.m2/repository/io/smallrye/beanbag/smallrye-beanbag-maven/1.5.2/smallrye-beanbag-maven-1.5.2.jar:/home/runner/.m2/repository/io/smallrye/beanbag/smallrye-beanbag-sisu/1.5.2/smallrye-beanbag-sisu-1.5.2.jar:/home/runner/.m2/repository/io/smallrye/beanbag/smallrye-beanbag/1.5.2/smallrye-beanbag-1.5.2.jar:/home/runner/.m2/repository/javax/inject/javax.inject/1/javax.inject-1.jar:/home/runner/.m2/repository/org/apache/maven/maven-artifact/3.9.9/maven-artifact-3.9.9.jar:/home/runner/.m2/repository/org/apache/maven/maven-builder-support/3.9.9/maven-builder-support-3.9.9.jar:/home/runner/.m2/repository/org/apache/maven/maven-model/3.9.9/maven-model-3.9.9.jar:/home/runner/.m2/repository/org/apache/maven/maven-model-builder/3.9.9/maven-model-builder-3.9.9.jar:/home/runner/.m2/repository/org/apache/maven/maven-repository-metadata/3.9.9/maven-repository-metadata-3.9.9.jar:/home/runner/.m2/repository/org/apache/maven/maven-settings/3.9.9/maven-settings-3.9.9.jar:/home/runner/.m2/repository/org/apache/maven/resolver/maven-resolver-api/1.9.22/maven-resolver-api-1.9.22.jar:/home/runner/.m2/repository/org/apache/maven/resolver/maven-resolver-impl/1.9.22/maven-resolver-impl-1.9.22.jar:/home/runner/.m2/repository/org/apache/maven/resolver/maven-resolver-named-locks/1.9.22/maven-resolver-named-locks-1.9.22.jar:/home/runner/.m2/repository/org/apache/maven/resolver/maven-resolver-spi/1.9.22/maven-resolver-spi-1.9.22.jar:/home/runner/.m2/repository/org/apache/maven/resolver/maven-resolver-util/1.9.22/maven-resolver-util-1.9.22.jar:/home/runner/.m2/repository/org/apache/maven/resolver/maven-resolver-transport-http/1.9.20/maven-resolver-transport-http-1.9.20.jar:/home/runner/.m2/repository/org/apache/maven/wagon/wagon-provider-api/3.5.3/wagon-provider-api-3.5.3.jar:/home/runner/.m2/repository/org/apache/maven/wagon/wagon-http-shared/3.5.3/wagon-http-shared-3.5.3.jar:/home/runner/.m2/repository/org/codehaus/plexus/plexus-interpolation/1.26/plexus-interpolation-1.26.jar:/home/runner/.m2/repository/org/codehaus/plexus/plexus-utils/3.5.1/plexus-utils-3.5.1.jar:/home/runner/.m2/repository/org/codehaus/plexus/plexus-xml/4.0.1/plexus-xml-4.0.1.jar:/home/runner/.m2/repository/org/apache/maven/maven-xml-impl/4.0.0-alpha-5/maven-xml-impl-4.0.0-alpha-5.jar:/home/runner/.m2/repository/org/apache/maven/maven-api-xml/4.0.0-alpha-5/maven-api-xml-4.0.0-alpha-5.jar:/home/runner/.m2/repository/org/apache/maven/maven-api-meta/4.0.0-alpha-5/maven-api-meta-4.0.0-alpha-5.jar:/home/runner/.m2/repository/org/codehaus/plexus/plexus-cipher/2.0/plexus-cipher-2.0.jar:/home/runner/.m2/repository/org/codehaus/plexus/plexus-sec-dispatcher/2.0/plexus-sec-dispatcher-2.0.jar:/home/runner/.m2/repository/org/apache/maven/maven-embedder/3.9.9/maven-embedder-3.9.9.jar:/home/runner/.m2/repository/org/apache/maven/maven-core/3.9.9/maven-core-3.9.9.jar:/home/runner/.m2/repository/org/codehaus/plexus/plexus-component-annotations/2.1.0/plexus-component-annotations-2.1.0.jar:/home/runner/.m2/repository/org/apache/maven/maven-plugin-api/3.9.9/maven-plugin-api-3.9.9.jar:/home/runner/.m2/repository/org/apache/maven/shared/maven-shared-utils/3.4.2/maven-shared-utils-3.4.2.jar:/home/runner/.m2/repository/com/google/inject/guice/5.1.0/guice-5.1.0.jar:/home/runner/.m2/repository/aopalliance/aopalliance/1.0/aopalliance-1.0.jar:/home/runner/.m2/repository/org/codehaus/plexus/plexus-classworlds/2.6.0/plexus-classworlds-2.6.0.jar:/home/runner/.m2/repository/commons-cli/commons-cli/1.8.0/commons-cli-1.8.0.jar:/home/runner/.m2/repository/org/eclipse/sisu/org.eclipse.sisu.plexus/0.9.0.M3/org.eclipse.sisu.plexus-0.9.0.M3.jar:/home/runner/.m2/repository/org/apache/maven/maven-settings-builder/3.9.9/maven-settings-builder-3.9.9.jar:/home/runner/.m2/repository/org/apache/maven/maven-resolver-provider/3.9.9/maven-resolver-provider-3.9.9.jar:/home/runner/.m2/repository/org/apache/maven/resolver/maven-resolver-connector-basic/1.9.22/maven-resolver-connector-basic-1.9.22.jar:/home/runner/.m2/repository/org/apache/maven/resolver/maven-resolver-transport-wagon/1.9.22/maven-resolver-transport-wagon-1.9.22.jar:/home/runner/.m2/repository/org/apache/maven/wagon/wagon-http/3.5.3/wagon-http-3.5.3.jar:/home/runner/.m2/repository/org/apache/maven/wagon/wagon-file/3.5.3/wagon-file-3.5.3.jar:/home/runner/.m2/repository/io/quarkus/quarkus-bootstrap-gradle-resolver/3.20.2/quarkus-bootstrap-gradle-resolver-3.20.2.jar:/home/runner/.m2/repository/io/smallrye/jandex/3.3.0/jandex-3.3.0.jar:/home/runner/.m2/repository/org/jboss/logging/commons-logging-jboss-logging/1.0.0.Final/commons-logging-jboss-logging-1.0.0.Final.jar:/home/runner/.m2/repository/io/quarkus/quarkus-junit5-config/3.20.2/quarkus-junit5-config-3.20.2.jar:/home/runner/.m2/repository/org/junit/jupiter/junit-jupiter-api/5.12.1/junit-jupiter-api-5.12.1.jar:/home/runner/.m2/repository/io/smallrye/config/smallrye-config/3.11.4/smallrye-config-3.11.4.jar:/home/runner/.m2/repository/io/smallrye/config/smallrye-config-core/3.11.4/smallrye-config-core-3.11.4.jar:/home/runner/.m2/repository/io/smallrye/common/smallrye-common-classloader/2.12.0/smallrye-common-classloader-2.12.0.jar:/home/runner/.m2/repository/io/smallrye/config/smallrye-config-common/3.11.4/smallrye-config-common-3.11.4.jar:/home/runner/.m2/repository/org/junit/jupiter/junit-jupiter/5.12.1/junit-jupiter-5.12.1.jar:/home/runner/.m2/repository/org/junit/jupiter/junit-jupiter-params/5.12.1/junit-jupiter-params-5.12.1.jar:/home/runner/.m2/repository/org/junit/jupiter/junit-jupiter-engine/5.12.1/junit-jupiter-engine-5.12.1.jar:/home/runner/.m2/repository/io/quarkus/quarkus-core/3.20.2/quarkus-core-3.20.2.jar:/home/runner/.m2/repository/jakarta/enterprise/jakarta.enterprise.cdi-api/4.1.0/jakarta.enterprise.cdi-api-4.1.0.jar:/home/runner/.m2/repository/jakarta/enterprise/jakarta.enterprise.lang-model/4.1.0/jakarta.enterprise.lang-model-4.1.0.jar:/home/runner/.m2/repository/jakarta/el/jakarta.el-api/5.0.1/jakarta.el-api-5.0.1.jar:/home/runner/.m2/repository/jakarta/interceptor/jakarta.interceptor-api/2.2.0/jakarta.interceptor-api-2.2.0.jar:/home/runner/.m2/repository/jakarta/inject/jakarta.inject-api/2.0.1/jakarta.inject-api-2.0.1.jar:/home/runner/.m2/repository/io/smallrye/common/smallrye-common-os/2.12.0/smallrye-common-os-2.12.0.jar:/home/runner/.m2/repository/io/quarkus/quarkus-ide-launcher/3.20.2/quarkus-ide-launcher-3.20.2.jar:/home/runner/.m2/repository/io/quarkus/quarkus-development-mode-spi/3.20.2/quarkus-development-mode-spi-3.20.2.jar:/home/runner/.m2/repository/org/jboss/logging/jboss-logging/3.6.1.Final/jboss-logging-3.6.1.Final.jar:/home/runner/.m2/repository/org/jboss/logmanager/jboss-logmanager/3.1.2.Final/jboss-logmanager-3.1.2.Final.jar:/home/runner/.m2/repository/io/smallrye/common/smallrye-common-constraint/2.12.0/smallrye-common-constraint-2.12.0.jar:/home/runner/.m2/repository/io/smallrye/common/smallrye-common-cpu/2.12.0/smallrye-common-cpu-2.12.0.jar:/home/runner/.m2/repository/io/smallrye/common/smallrye-common-expression/2.12.0/smallrye-common-expression-2.12.0.jar:/home/runner/.m2/repository/io/smallrye/common/smallrye-common-net/2.12.0/smallrye-common-net-2.12.0.jar:/home/runner/.m2/repository/io/smallrye/common/smallrye-common-ref/2.12.0/smallrye-common-ref-2.12.0.jar:/home/runner/.m2/repository/jakarta/json/jakarta.json-api/2.1.3/jakarta.json-api-2.1.3.jar:/home/runner/.m2/repository/org/eclipse/parsson/parsson/1.1.7/parsson-1.1.7.jar:/home/runner/.m2/repository/org/jboss/logging/jboss-logging-annotations/3.0.4.Final/jboss-logging-annotations-3.0.4.Final.jar:/home/runner/.m2/repository/org/jboss/threads/jboss-threads/3.8.0.Final/jboss-threads-3.8.0.Final.jar:/home/runner/.m2/repository/io/smallrye/common/smallrye-common-annotation/2.12.0/smallrye-common-annotation-2.12.0.jar:/home/runner/.m2/repository/io/smallrye/common/smallrye-common-function/2.12.0/smallrye-common-function-2.12.0.jar:/home/runner/.m2/repository/org/jboss/slf4j/slf4j-jboss-logmanager/2.0.0.Final/slf4j-jboss-logmanager-2.0.0.Final.jar:/home/runner/.m2/repository/org/wildfly/common/wildfly-common/2.0.1/wildfly-common-2.0.1.jar:/home/runner/.m2/repository/io/quarkus/quarkus-bootstrap-runner/3.20.2/quarkus-bootstrap-runner-3.20.2.jar:/home/runner/.m2/repository/io/github/crac/org-crac/0.1.3/org-crac-0.1.3.jar:/home/runner/.m2/repository/io/quarkus/quarkus-fs-util/0.0.10/quarkus-fs-util-0.0.10.jar:/home/runner/.m2/repository/org/jboss/marshalling/jboss-marshalling/2.2.2.Final/jboss-marshalling-2.2.2.Final.jar:/home/runner/.m2/repository/io/fabric8/kubernetes-client/7.1.0/kubernetes-client-7.1.0.jar:/home/runner/.m2/repository/io/fabric8/kubernetes-client-api/7.1.0/kubernetes-client-api-7.1.0.jar:/home/runner/.m2/repository/io/fabric8/kubernetes-model-core/7.1.0/kubernetes-model-core-7.1.0.jar:/home/runner/.m2/repository/io/fabric8/kubernetes-model-common/7.1.0/kubernetes-model-common-7.1.0.jar:/home/runner/.m2/repository/javax/annotation/javax.annotation-api/1.3.2/javax.annotation-api-1.3.2.jar:/home/runner/.m2/repository/io/fabric8/kubernetes-model-gatewayapi/7.1.0/kubernetes-model-gatewayapi-7.1.0.jar:/home/runner/.m2/repository/io/fabric8/kubernetes-model-resource/7.1.0/kubernetes-model-resource-7.1.0.jar:/home/runner/.m2/repository/io/fabric8/kubernetes-model-rbac/7.1.0/kubernetes-model-rbac-7.1.0.jar:/home/runner/.m2/repository/io/fabric8/kubernetes-model-admissionregistration/7.1.0/kubernetes-model-admissionregistration-7.1.0.jar:/home/runner/.m2/repository/io/fabric8/kubernetes-model-apps/7.1.0/kubernetes-model-apps-7.1.0.jar:/home/runner/.m2/repository/io/fabric8/kubernetes-model-autoscaling/7.1.0/kubernetes-model-autoscaling-7.1.0.jar:/home/runner/.m2/repository/io/fabric8/kubernetes-model-apiextensions/7.1.0/kubernetes-model-apiextensions-7.1.0.jar:/home/runner/.m2/repository/io/fabric8/kubernetes-model-batch/7.1.0/kubernetes-model-batch-7.1.0.jar:/home/runner/.m2/repository/io/fabric8/kubernetes-model-certificates/7.1.0/kubernetes-model-certificates-7.1.0.jar:/home/runner/.m2/repository/io/fabric8/kubernetes-model-coordination/7.1.0/kubernetes-model-coordination-7.1.0.jar:/home/runner/.m2/repository/io/fabric8/kubernetes-model-discovery/7.1.0/kubernetes-model-discovery-7.1.0.jar:/home/runner/.m2/repository/io/fabric8/kubernetes-model-events/7.1.0/kubernetes-model-events-7.1.0.jar:/home/runner/.m2/repository/io/fabric8/kubernetes-model-extensions/7.1.0/kubernetes-model-extensions-7.1.0.jar:/home/runner/.m2/repository/io/fabric8/kubernetes-model-flowcontrol/7.1.0/kubernetes-model-flowcontrol-7.1.0.jar:/home/runner/.m2/repository/io/fabric8/kubernetes-model-networking/7.1.0/kubernetes-model-networking-7.1.0.jar:/home/runner/.m2/repository/io/fabric8/kubernetes-model-metrics/7.1.0/kubernetes-model-metrics-7.1.0.jar:/home/runner/.m2/repository/io/fabric8/kubernetes-model-policy/7.1.0/kubernetes-model-policy-7.1.0.jar:/home/runner/.m2/repository/io/fabric8/kubernetes-model-scheduling/7.1.0/kubernetes-model-scheduling-7.1.0.jar:/home/runner/.m2/repository/io/fabric8/kubernetes-model-storageclass/7.1.0/kubernetes-model-storageclass-7.1.0.jar:/home/runner/.m2/repository/io/fabric8/kubernetes-model-node/7.1.0/kubernetes-model-node-7.1.0.jar:/home/runner/.m2/repository/org/snakeyaml/snakeyaml-engine/2.9/snakeyaml-engine-2.9.jar:/home/runner/.m2/repository/com/fasterxml/jackson/dataformat/jackson-dataformat-yaml/2.18.2/jackson-dataformat-yaml-2.18.2.jar:/home/runner/.m2/repository/com/fasterxml/jackson/datatype/jackson-datatype-jsr310/2.18.2/jackson-datatype-jsr310-2.18.2.jar:/home/runner/.m2/repository/io/fabric8/zjsonpatch/7.1.0/zjsonpatch-7.1.0.jar:/home/runner/.m2/repository/io/fabric8/kubernetes-httpclient-vertx/7.1.0/kubernetes-httpclient-vertx-7.1.0.jar:/home/runner/.m2/repository/io/vertx/vertx-web-client/4.5.16/vertx-web-client-4.5.16.jar:/home/runner/.m2/repository/io/vertx/vertx-web-common/4.5.16/vertx-web-common-4.5.16.jar:/home/runner/.m2/repository/io/vertx/vertx-auth-common/4.5.16/vertx-auth-common-4.5.16.jar:/home/runner/.m2/repository/io/vertx/vertx-uri-template/4.5.16/vertx-uri-template-4.5.16.jar:/home/runner/.m2/repository/io/fabric8/openshift-client/7.1.0/openshift-client-7.1.0.jar:/home/runner/.m2/repository/io/fabric8/openshift-client-api/7.1.0/openshift-client-api-7.1.0.jar:/home/runner/.m2/repository/io/fabric8/openshift-model/7.1.0/openshift-model-7.1.0.jar:/home/runner/.m2/repository/io/fabric8/openshift-model-autoscaling/7.1.0/openshift-model-autoscaling-7.1.0.jar:/home/runner/.m2/repository/io/fabric8/openshift-model-operator/7.1.0/openshift-model-operator-7.1.0.jar:/home/runner/.m2/repository/io/fabric8/openshift-model-operatorhub/7.1.0/openshift-model-operatorhub-7.1.0.jar:/home/runner/.m2/repository/io/fabric8/openshift-model-machine/7.1.0/openshift-model-machine-7.1.0.jar:/home/runner/.m2/repository/io/fabric8/openshift-model-whereabouts/7.1.0/openshift-model-whereabouts-7.1.0.jar:/home/runner/.m2/repository/io/fabric8/openshift-model-monitoring/7.1.0/openshift-model-monitoring-7.1.0.jar:/home/runner/.m2/repository/io/fabric8/openshift-model-storageversionmigrator/7.1.0/openshift-model-storageversionmigrator-7.1.0.jar:/home/runner/.m2/repository/io/fabric8/openshift-model-tuned/7.1.0/openshift-model-tuned-7.1.0.jar:/home/runner/.m2/repository/io/fabric8/openshift-model-console/7.1.0/openshift-model-console-7.1.0.jar:/home/runner/.m2/repository/io/fabric8/openshift-model-config/7.1.0/openshift-model-config-7.1.0.jar:/home/runner/.m2/repository/io/fabric8/openshift-model-machineconfiguration/7.1.0/openshift-model-machineconfiguration-7.1.0.jar:/home/runner/.m2/repository/io/fabric8/openshift-model-miscellaneous/7.1.0/openshift-model-miscellaneous-7.1.0.jar:/home/runner/.m2/repository/io/fabric8/openshift-model-hive/7.1.0/openshift-model-hive-7.1.0.jar:/home/runner/.m2/repository/io/fabric8/openshift-model-installer/7.1.0/openshift-model-installer-7.1.0.jar:/home/runner/.m2/repository/org/junit/platform/junit-platform-launcher/1.12.1/junit-platform-launcher-1.12.1.jar:/home/runner/.m2/repository/org/junit/platform/junit-platform-engine/1.12.1/junit-platform-engine-1.12.1.jar:/home/runner/.m2/repository/org/opentest4j/opentest4j/1.3.0/opentest4j-1.3.0.jar:/home/runner/.m2/repository/org/junit/platform/junit-platform-commons/1.12.1/junit-platform-commons-1.12.1.jar:/home/runner/.m2/repository/org/apiguardian/apiguardian-api/1.1.2/apiguardian-api-1.1.2.jar:/home/runner/.m2/repository/jakarta/ws/rs/jakarta.ws.rs-api/3.1.0/jakarta.ws.rs-api-3.1.0.jar:/home/runner/work/apicurio-testing/apicurio-testing/clusters/ci419/namespaces/pg17/tests/integration/apicurio-registry/java-sdk/target/apicurio-registry-java-sdk-3.0.12-SNAPSHOT.jar:/home/runner/.m2/repository/com/microsoft/kiota/microsoft-kiota-abstractions/1.8.9/microsoft-kiota-abstractions-1.8.9.jar:/home/runner/.m2/repository/io/github/std-uritemplate/std-uritemplate/2.0.0/std-uritemplate-2.0.0.jar:/home/runner/.m2/repository/io/kiota/kiota-http-jdk/0.0.29/kiota-http-jdk-0.0.29.jar:/home/runner/.m2/repository/io/kiota/kiota-http-vertx/0.0.29/kiota-http-vertx-0.0.29.jar:/home/runner/.m2/repository/io/kiota/kiota-serialization-jackson/0.0.29/kiota-serialization-jackson-0.0.29.jar:/home/runner/.m2/repository/com/microsoft/kiota/microsoft-kiota-serialization-text/1.8.9/microsoft-kiota-serialization-text-1.8.9.jar:/home/runner/.m2/repository/com/microsoft/kiota/microsoft-kiota-serialization-form/1.8.9/microsoft-kiota-serialization-form-1.8.9.jar:/home/runner/.m2/repository/com/microsoft/kiota/microsoft-kiota-serialization-multipart/1.8.9/microsoft-kiota-serialization-multipart-1.8.9.jar:/home/runner/.m2/repository/jakarta/annotation/jakarta.annotation-api/3.0.0/jakarta.annotation-api-3.0.0.jar:/home/runner/.m2/repository/io/vertx/vertx-auth-oauth2/4.5.16/vertx-auth-oauth2-4.5.16.jar:/home/runner/work/apicurio-testing/apicurio-testing/clusters/ci419/namespaces/pg17/tests/integration/apicurio-registry/java-sdk-v2/target/apicurio-registry-v2-java-sdk-3.0.12-SNAPSHOT.jar:/home/runner/work/apicurio-testing/apicurio-testing/clusters/ci419/namespaces/pg17/tests/integration/apicurio-registry/utils/kafka/target/apicurio-registry-utils-kafka-3.0.12-SNAPSHOT-tests.jar:/home/runner/.m2/repository/org/eclipse/microprofile/config/microprofile-config-api/3.1/microprofile-config-api-3.1.jar:/home/runner/.m2/repository/org/apache/kafka/kafka-clients/3.9.1/kafka-clients-3.9.1.jar:/home/runner/.m2/repository/com/github/luben/zstd-jni/1.5.6-4/zstd-jni-1.5.6-4.jar:/home/runner/.m2/repository/org/lz4/lz4-java/1.8.0/lz4-java-1.8.0.jar:/home/runner/.m2/repository/org/xerial/snappy/snappy-java/1.1.10.5/snappy-java-1.1.10.5.jar:/home/runner/.m2/repository/org/slf4j/slf4j-api/2.0.6/slf4j-api-2.0.6.jar:/home/runner/work/apicurio-testing/apicurio-testing/clusters/ci419/namespaces/pg17/tests/integration/apicurio-registry/utils/tests/target/apicurio-registry-utils-tests-3.0.12-SNAPSHOT.jar:/home/runner/work/apicurio-testing/apicurio-testing/clusters/ci419/namespaces/pg17/tests/integration/apicurio-registry/common/target/apicurio-registry-common-3.0.12-SNAPSHOT.jar:/home/runner/.m2/repository/jakarta/validation/jakarta.validation-api/3.0.2/jakarta.validation-api-3.0.2.jar:/home/runner/.m2/repository/com/github/dasniko/testcontainers-keycloak/3.8.0/testcontainers-keycloak-3.8.0.jar:/home/runner/.m2/repository/org/testcontainers/testcontainers/1.20.6/testcontainers-1.20.6.jar:/home/runner/.m2/repository/org/rnorth/duct-tape/duct-tape/1.0.8/duct-tape-1.0.8.jar:/home/runner/.m2/repository/com/github/docker-java/docker-java-transport-zerodep/3.4.1/docker-java-transport-zerodep-3.4.1.jar:/home/runner/.m2/repository/com/github/docker-java/docker-java-transport/3.4.1/docker-java-transport-3.4.1.jar:/home/runner/.m2/repository/net/java/dev/jna/jna/5.8.0/jna-5.8.0.jar:/home/runner/.m2/repository/io/quarkus/quarkus-junit4-mock/3.20.2/quarkus-junit4-mock-3.20.2.jar:/home/runner/.m2/repository/org/jboss/shrinkwrap/shrinkwrap-api/2.0.0-beta-2/shrinkwrap-api-2.0.0-beta-2.jar:/home/runner/.m2/repository/org/jboss/shrinkwrap/shrinkwrap-impl-base/2.0.0-beta-2/shrinkwrap-impl-base-2.0.0-beta-2.jar:/home/runner/.m2/repository/org/jboss/shrinkwrap/shrinkwrap-spi/2.0.0-beta-2/shrinkwrap-spi-2.0.0-beta-2.jar:/home/runner/.m2/repository/org/keycloak/keycloak-admin-client/26.0.4/keycloak-admin-client-26.0.4.jar:/home/runner/.m2/repository/org/keycloak/keycloak-client-common-synced/26.0.4/keycloak-client-common-synced-26.0.4.jar:/home/runner/.m2/repository/jakarta/activation/jakarta.activation-api/2.1.3/jakarta.activation-api-2.1.3.jar:/home/runner/.m2/repository/org/eclipse/microprofile/openapi/microprofile-openapi-api/4.0.2/microprofile-openapi-api-4.0.2.jar:/home/runner/.m2/repository/org/jboss/resteasy/resteasy-client/6.2.12.Final/resteasy-client-6.2.12.Final.jar:/home/runner/.m2/repository/org/jboss/resteasy/resteasy-client-api/6.2.12.Final/resteasy-client-api-6.2.12.Final.jar:/home/runner/.m2/repository/org/jboss/resteasy/resteasy-core-spi/6.2.12.Final/resteasy-core-spi-6.2.12.Final.jar:/home/runner/.m2/repository/org/jboss/resteasy/resteasy-core/6.2.12.Final/resteasy-core-6.2.12.Final.jar:/home/runner/.m2/repository/org/eclipse/angus/angus-activation/2.0.2/angus-activation-2.0.2.jar:/home/runner/.m2/repository/com/ibm/async/asyncutil/0.1.0/asyncutil-0.1.0.jar:/home/runner/.m2/repository/org/reactivestreams/reactive-streams/1.0.4/reactive-streams-1.0.4.jar:/home/runner/.m2/repository/org/jboss/resteasy/resteasy-multipart-provider/6.2.12.Final/resteasy-multipart-provider-6.2.12.Final.jar:/home/runner/.m2/repository/jakarta/mail/jakarta.mail-api/2.1.3/jakarta.mail-api-2.1.3.jar:/home/runner/.m2/repository/org/eclipse/angus/angus-mail/2.0.3/angus-mail-2.0.3.jar:/home/runner/.m2/repository/org/apache/james/apache-mime4j-dom/0.8.12/apache-mime4j-dom-0.8.12.jar:/home/runner/.m2/repository/org/apache/james/apache-mime4j-core/0.8.12/apache-mime4j-core-0.8.12.jar:/home/runner/.m2/repository/org/apache/james/apache-mime4j-storage/0.8.12/apache-mime4j-storage-0.8.12.jar:/home/runner/.m2/repository/org/jboss/resteasy/resteasy-jackson2-provider/6.2.12.Final/resteasy-jackson2-provider-6.2.12.Final.jar:/home/runner/.m2/repository/com/fasterxml/jackson/jakarta/rs/jackson-jakarta-rs-base/2.18.2/jackson-jakarta-rs-base-2.18.2.jar:/home/runner/.m2/repository/com/fasterxml/jackson/jakarta/rs/jackson-jakarta-rs-json-provider/2.18.2/jackson-jakarta-rs-json-provider-2.18.2.jar:/home/runner/.m2/repository/com/fasterxml/jackson/module/jackson-module-jakarta-xmlbind-annotations/2.18.2/jackson-module-jakarta-xmlbind-annotations-2.18.2.jar:/home/runner/.m2/repository/com/github/java-json-tools/json-patch/1.13/json-patch-1.13.jar:/home/runner/.m2/repository/com/github/java-json-tools/msg-simple/1.2/msg-simple-1.2.jar:/home/runner/.m2/repository/com/github/java-json-tools/btf/1.3/btf-1.3.jar:/home/runner/.m2/repository/com/github/java-json-tools/jackson-coreutils/2.0/jackson-coreutils-2.0.jar:/home/runner/.m2/repository/org/jboss/resteasy/resteasy-jaxb-provider/6.2.12.Final/resteasy-jaxb-provider-6.2.12.Final.jar:/home/runner/.m2/repository/org/glassfish/jaxb/codemodel/4.0.5/codemodel-4.0.5.jar:/home/runner/.m2/repository/org/glassfish/jaxb/jaxb-core/4.0.5/jaxb-core-4.0.5.jar:/home/runner/.m2/repository/org/glassfish/jaxb/jaxb-jxc/4.0.5/jaxb-jxc-4.0.5.jar:/home/runner/.m2/repository/org/glassfish/jaxb/jaxb-runtime/4.0.5/jaxb-runtime-4.0.5.jar:/home/runner/.m2/repository/org/glassfish/jaxb/txw2/4.0.5/txw2-4.0.5.jar:/home/runner/.m2/repository/org/glassfish/jaxb/jaxb-xjc/4.0.5/jaxb-xjc-4.0.5.jar:/home/runner/.m2/repository/org/glassfish/jaxb/xsom/4.0.5/xsom-4.0.5.jar:/home/runner/.m2/repository/com/sun/istack/istack-commons-runtime/4.1.2/istack-commons-runtime-4.1.2.jar:/home/runner/.m2/repository/com/sun/istack/istack-commons-tools/4.1.2/istack-commons-tools-4.1.2.jar:/home/runner/.m2/repository/com/sun/xml/bind/external/relaxng-datatype/4.0.5/relaxng-datatype-4.0.5.jar:/home/runner/.m2/repository/com/sun/xml/bind/external/rngom/4.0.5/rngom-4.0.5.jar:/home/runner/.m2/repository/org/testcontainers/mssqlserver/1.20.6/mssqlserver-1.20.6.jar:/home/runner/.m2/repository/org/testcontainers/jdbc/1.20.6/jdbc-1.20.6.jar:/home/runner/.m2/repository/org/testcontainers/database-commons/1.20.6/database-commons-1.20.6.jar:/home/runner/.m2/repository/org/testcontainers/mysql/1.20.6/mysql-1.20.6.jar:/home/runner/.m2/repository/io/strimzi/strimzi-test-container/0.111.0/strimzi-test-container-0.111.0.jar:/home/runner/.m2/repository/org/testcontainers/toxiproxy/1.20.6/toxiproxy-1.20.6.jar:/home/runner/.m2/repository/com/github/docker-java/docker-java-api/3.4.1/docker-java-api-3.4.1.jar:/home/runner/.m2/repository/org/apache/logging/log4j/log4j-slf4j-impl/2.19.0/log4j-slf4j-impl-2.19.0.jar:/home/runner/.m2/repository/org/apache/logging/log4j/log4j-api/2.24.3/log4j-api-2.24.3.jar:/home/runner/.m2/repository/org/apache/logging/log4j/log4j-core/2.19.0/log4j-core-2.19.0.jar:/home/runner/.m2/repository/eu/rekawek/toxiproxy/toxiproxy-java/2.1.7/toxiproxy-java-2.1.7.jar:/home/runner/.m2/repository/org/testcontainers/pulsar/1.21.3/pulsar-1.21.3.jar:/home/runner/.m2/repository/io/debezium/debezium-testing-testcontainers/2.7.4.Final/debezium-testing-testcontainers-2.7.4.Final.jar:/home/runner/.m2/repository/org/testcontainers/kafka/1.20.6/kafka-1.20.6.jar:/home/runner/.m2/repository/com/squareup/okhttp3/okhttp/4.8.1/okhttp-4.8.1.jar:/home/runner/.m2/repository/com/squareup/okio/okio/3.10.2/okio-3.10.2.jar:/home/runner/.m2/repository/com/squareup/okio/okio-jvm/3.10.2/okio-jvm-3.10.2.jar:/home/runner/.m2/repository/org/jetbrains/kotlin/kotlin-stdlib/2.0.21/kotlin-stdlib-2.0.21.jar:/home/runner/.m2/repository/org/awaitility/awaitility/4.3.0/awaitility-4.3.0.jar:/home/runner/.m2/repository/org/testcontainers/mongodb/1.20.6/mongodb-1.20.6.jar:/home/runner/.m2/repository/org/testcontainers/mariadb/1.20.6/mariadb-1.20.6.jar:/home/runner/.m2/repository/org/testcontainers/oracle-xe/1.20.6/oracle-xe-1.20.6.jar:/home/runner/.m2/repository/org/testcontainers/postgresql/1.20.6/postgresql-1.20.6.jar:/home/runner/.m2/repository/org/wiremock/wiremock/3.0.1/wiremock-3.0.1.jar:/home/runner/.m2/repository/org/eclipse/jetty/jetty-server/11.0.15/jetty-server-11.0.15.jar:/home/runner/.m2/repository/org/eclipse/jetty/toolchain/jetty-jakarta-servlet-api/5.0.2/jetty-jakarta-servlet-api-5.0.2.jar:/home/runner/.m2/repository/org/eclipse/jetty/jetty-http/11.0.15/jetty-http-11.0.15.jar:/home/runner/.m2/repository/org/eclipse/jetty/jetty-io/11.0.15/jetty-io-11.0.15.jar:/home/runner/.m2/repository/org/eclipse/jetty/jetty-servlet/11.0.15/jetty-servlet-11.0.15.jar:/home/runner/.m2/repository/org/eclipse/jetty/jetty-security/11.0.15/jetty-security-11.0.15.jar:/home/runner/.m2/repository/org/eclipse/jetty/jetty-servlets/11.0.15/jetty-servlets-11.0.15.jar:/home/runner/.m2/repository/org/eclipse/jetty/jetty-util/11.0.15/jetty-util-11.0.15.jar:/home/runner/.m2/repository/org/eclipse/jetty/jetty-webapp/11.0.15/jetty-webapp-11.0.15.jar:/home/runner/.m2/repository/org/eclipse/jetty/jetty-xml/11.0.15/jetty-xml-11.0.15.jar:/home/runner/.m2/repository/org/eclipse/jetty/jetty-proxy/11.0.15/jetty-proxy-11.0.15.jar:/home/runner/.m2/repository/org/eclipse/jetty/jetty-client/11.0.15/jetty-client-11.0.15.jar:/home/runner/.m2/repository/org/eclipse/jetty/http2/http2-server/11.0.15/http2-server-11.0.15.jar:/home/runner/.m2/repository/org/eclipse/jetty/http2/http2-common/11.0.15/http2-common-11.0.15.jar:/home/runner/.m2/repository/org/eclipse/jetty/http2/http2-hpack/11.0.15/http2-hpack-11.0.15.jar:/home/runner/.m2/repository/org/eclipse/jetty/jetty-alpn-server/11.0.15/jetty-alpn-server-11.0.15.jar:/home/runner/.m2/repository/org/eclipse/jetty/jetty-alpn-java-server/11.0.15/jetty-alpn-java-server-11.0.15.jar:/home/runner/.m2/repository/org/eclipse/jetty/jetty-alpn-java-client/11.0.15/jetty-alpn-java-client-11.0.15.jar:/home/runner/.m2/repository/org/eclipse/jetty/jetty-alpn-client/11.0.15/jetty-alpn-client-11.0.15.jar:/home/runner/.m2/repository/org/apache/httpcomponents/client5/httpclient5/5.2.1/httpclient5-5.2.1.jar:/home/runner/.m2/repository/org/apache/httpcomponents/core5/httpcore5/5.2/httpcore5-5.2.jar:/home/runner/.m2/repository/org/apache/httpcomponents/core5/httpcore5-h2/5.2/httpcore5-h2-5.2.jar:/home/runner/.m2/repository/org/xmlunit/xmlunit-core/2.9.1/xmlunit-core-2.9.1.jar:/home/runner/.m2/repository/jakarta/xml/bind/jakarta.xml.bind-api/4.0.2/jakarta.xml.bind-api-4.0.2.jar:/home/runner/.m2/repository/org/xmlunit/xmlunit-legacy/2.9.1/xmlunit-legacy-2.9.1.jar:/home/runner/.m2/repository/org/xmlunit/xmlunit-placeholders/2.9.1/xmlunit-placeholders-2.9.1.jar:/home/runner/.m2/repository/net/javacrumbs/json-unit/json-unit-core/2.38.0/json-unit-core-2.38.0.jar:/home/runner/.m2/repository/org/hamcrest/hamcrest-core/2.2/hamcrest-core-2.2.jar:/home/runner/.m2/repository/com/jayway/jsonpath/json-path/2.8.0/json-path-2.8.0.jar:/home/runner/.m2/repository/net/minidev/json-smart/2.4.10/json-smart-2.4.10.jar:/home/runner/.m2/repository/net/minidev/accessors-smart/2.4.9/accessors-smart-2.4.9.jar:/home/runner/.m2/repository/org/ow2/asm/asm/9.7.1/asm-9.7.1.jar:/home/runner/.m2/repository/net/sf/jopt-simple/jopt-simple/5.0.4/jopt-simple-5.0.4.jar:/home/runner/.m2/repository/com/github/jknack/handlebars/4.3.1/handlebars-4.3.1.jar:/home/runner/.m2/repository/com/github/jknack/handlebars-helpers/4.3.1/handlebars-helpers-4.3.1.jar:/home/runner/.m2/repository/commons-fileupload/commons-fileupload/1.5/commons-fileupload-1.5.jar:/home/runner/.m2/repository/com/networknt/json-schema-validator/1.5.8/json-schema-validator-1.5.8.jar:/home/runner/.m2/repository/com/ethlo/time/itu/1.10.3/itu-1.10.3.jar:/home/runner/.m2/repository/io/quarkus/quarkus-smallrye-jwt-build/3.20.2/quarkus-smallrye-jwt-build-3.20.2.jar:/home/runner/.m2/repository/io/smallrye/smallrye-jwt-build/4.6.2/smallrye-jwt-build-4.6.2.jar:/home/runner/.m2/repository/org/eclipse/microprofile/jwt/microprofile-jwt-auth-api/2.1/microprofile-jwt-auth-api-2.1.jar:/home/runner/.m2/repository/org/bitbucket/b_c/jose4j/0.9.6/jose4j-0.9.6.jar:/home/runner/.m2/repository/io/smallrye/smallrye-jwt-common/4.6.2/smallrye-jwt-common-4.6.2.jar:/home/runner/.m2/repository/io/quarkus/quarkus-jsonp/3.20.2/quarkus-jsonp-3.20.2.jar:/home/runner/.m2/repository/io/quarkus/quarkus-arc/3.20.2/quarkus-arc-3.20.2.jar:/home/runner/.m2/repository/io/quarkus/arc/arc/3.20.2/arc-3.20.2.jar:/home/runner/.m2/repository/jakarta/transaction/jakarta.transaction-api/2.0.1/jakarta.transaction-api-2.0.1.jar:/home/runner/.m2/repository/io/smallrye/reactive/mutiny/2.9.2/mutiny-2.9.2.jar:/home/runner/.m2/repository/org/jctools/jctools-core/4.0.5/jctools-core-4.0.5.jar:/home/runner/.m2/repository/org/eclipse/microprofile/context-propagation/microprofile-context-propagation-api/1.3/microprofile-context-propagation-api-1.3.jar:/home/runner/.m2/repository/io/apicurio/apicurio-common-rest-client-common/0.1.18.Final/apicurio-common-rest-client-common-0.1.18.Final.jar:/home/runner/work/apicurio-testing/apicurio-testing/clusters/ci419/namespaces/pg17/tests/integration/apicurio-registry/utils/maven-plugin/target/apicurio-registry-maven-plugin-3.0.12-SNAPSHOT.jar:/home/runner/.m2/repository/com/fasterxml/jackson/core/jackson-databind/2.18.2/jackson-databind-2.18.2.jar:/home/runner/.m2/repository/org/apache/avro/avro/1.12.0/avro-1.12.0.jar:/home/runner/.m2/repository/com/google/protobuf/protobuf-java/4.31.1/protobuf-java-4.31.1.jar:/home/runner/.m2/repository/com/google/protobuf/protobuf-java-util/4.31.1/protobuf-java-util-4.31.1.jar:/home/runner/.m2/repository/com/google/code/findbugs/jsr305/3.0.2/jsr305-3.0.2.jar:/home/runner/.m2/repository/com/google/code/gson/gson/2.12.1/gson-2.12.1.jar:/home/runner/.m2/repository/com/google/errorprone/error_prone_annotations/2.36.0/error_prone_annotations-2.36.0.jar:/home/runner/.m2/repository/com/google/j2objc/j2objc-annotations/2.8/j2objc-annotations-2.8.jar:/home/runner/work/apicurio-testing/apicurio-testing/clusters/ci419/namespaces/pg17/tests/integration/apicurio-registry/schema-util/util-provider/target/apicurio-registry-schema-util-provider-3.0.12-SNAPSHOT.jar:/home/runner/work/apicurio-testing/apicurio-testing/clusters/ci419/namespaces/pg17/tests/integration/apicurio-registry/schema-util/common/target/apicurio-registry-schema-util-common-3.0.12-SNAPSHOT.jar:/home/runner/.m2/repository/com/fasterxml/jackson/module/jackson-module-parameter-names/2.18.2/jackson-module-parameter-names-2.18.2.jar:/home/runner/.m2/repository/com/fasterxml/jackson/datatype/jackson-datatype-json-org/2.18.2/jackson-datatype-json-org-2.18.2.jar:/home/runner/work/apicurio-testing/apicurio-testing/clusters/ci419/namespaces/pg17/tests/integration/apicurio-registry/schema-util/json/target/apicurio-registry-schema-util-json-3.0.12-SNAPSHOT.jar:/home/runner/.m2/repository/com/github/erosb/everit-json-schema/1.14.5/everit-json-schema-1.14.5.jar:/home/runner/.m2/repository/commons-validator/commons-validator/1.9.0/commons-validator-1.9.0.jar:/home/runner/.m2/repository/commons-digester/commons-digester/2.1/commons-digester-2.1.jar:/home/runner/.m2/repository/commons-collections/commons-collections/3.2.2/commons-collections-3.2.2.jar:/home/runner/.m2/repository/com/damnhandy/handy-uri-templates/2.1.8/handy-uri-templates-2.1.8.jar:/home/runner/.m2/repository/joda-time/joda-time/2.10.2/joda-time-2.10.2.jar:/home/runner/.m2/repository/com/github/erosb/json-sKema/0.20.0/json-sKema-0.20.0.jar:/home/runner/.m2/repository/io/vertx/vertx-json-schema/4.5.16/vertx-json-schema-4.5.16.jar:/home/runner/work/apicurio-testing/apicurio-testing/clusters/ci419/namespaces/pg17/tests/integration/apicurio-registry/schema-util/protobuf/target/apicurio-registry-schema-util-protobuf-3.0.12-SNAPSHOT.jar:/home/runner/work/apicurio-testing/apicurio-testing/clusters/ci419/namespaces/pg17/tests/integration/apicurio-registry/utils/protobuf-schema-utilities/target/apicurio-registry-protobuf-schema-utilities-3.0.12-SNAPSHOT.jar:/home/runner/.m2/repository/com/google/api/grpc/proto-google-common-protos/2.52.0/proto-google-common-protos-2.52.0.jar:/home/runner/.m2/repository/com/squareup/wire/wire-schema-jvm/5.3.3/wire-schema-jvm-5.3.3.jar:/home/runner/.m2/repository/com/palantir/javapoet/javapoet/0.6.0/javapoet-0.6.0.jar:/home/runner/.m2/repository/com/squareup/kotlinpoet-jvm/2.0.0/kotlinpoet-jvm-2.0.0.jar:/home/runner/.m2/repository/org/jetbrains/kotlin/kotlin-reflect/2.0.21/kotlin-reflect-2.0.21.jar:/home/runner/.m2/repository/com/squareup/wire/wire-runtime-jvm/5.3.3/wire-runtime-jvm-5.3.3.jar:/home/runner/.m2/repository/com/ibm/icu/icu4j/76.1/icu4j-76.1.jar:/home/runner/.m2/repository/com/squareup/okio/okio-fakefilesystem/3.10.2/okio-fakefilesystem-3.10.2.jar:/home/runner/.m2/repository/com/squareup/okio/okio-fakefilesystem-jvm/3.10.2/okio-fakefilesystem-jvm-3.10.2.jar:/home/runner/.m2/repository/org/jetbrains/kotlinx/kotlinx-datetime-jvm/0.6.1/kotlinx-datetime-jvm-0.6.1.jar:/home/runner/work/apicurio-testing/apicurio-testing/clusters/ci419/namespaces/pg17/tests/integration/apicurio-registry/schema-util/asyncapi/target/apicurio-registry-schema-util-asyncapi-3.0.12-SNAPSHOT.jar:/home/runner/work/apicurio-testing/apicurio-testing/clusters/ci419/namespaces/pg17/tests/integration/apicurio-registry/schema-util/avro/target/apicurio-registry-schema-util-avro-3.0.12-SNAPSHOT.jar:/home/runner/work/apicurio-testing/apicurio-testing/clusters/ci419/namespaces/pg17/tests/integration/apicurio-registry/schema-util/graphql/target/apicurio-registry-schema-util-graphql-3.0.12-SNAPSHOT.jar:/home/runner/.m2/repository/com/graphql-java/graphql-java/22.4/graphql-java-22.4.jar:/home/runner/.m2/repository/com/graphql-java/java-dataloader/3.3.0/java-dataloader-3.3.0.jar:/home/runner/work/apicurio-testing/apicurio-testing/clusters/ci419/namespaces/pg17/tests/integration/apicurio-registry/schema-util/kconnect/target/apicurio-registry-schema-util-kconnect-3.0.12-SNAPSHOT.jar:/home/runner/work/apicurio-testing/apicurio-testing/clusters/ci419/namespaces/pg17/tests/integration/apicurio-registry/schema-util/openapi/target/apicurio-registry-schema-util-openapi-3.0.12-SNAPSHOT.jar:/home/runner/.m2/repository/io/apicurio/apicurio-data-models/2.2.2/apicurio-data-models-2.2.2.jar:/home/runner/.m2/repository/org/openapitools/openapidiff/openapi-diff-core/2.1.2/openapi-diff-core-2.1.2.jar:/home/runner/.m2/repository/io/swagger/parser/v3/swagger-parser/2.1.28/swagger-parser-2.1.28.jar:/home/runner/.m2/repository/io/swagger/parser/v3/swagger-parser-v2-converter/2.1.28/swagger-parser-v2-converter-2.1.28.jar:/home/runner/.m2/repository/io/swagger/swagger-core/1.6.16/swagger-core-1.6.16.jar:/home/runner/.m2/repository/io/swagger/swagger-models/1.6.16/swagger-models-1.6.16.jar:/home/runner/.m2/repository/io/swagger/swagger-annotations/1.6.16/swagger-annotations-1.6.16.jar:/home/runner/.m2/repository/io/swagger/swagger-parser/1.0.75/swagger-parser-1.0.75.jar:/home/runner/.m2/repository/io/swagger/swagger-parser-safe-url-resolver/1.0.75/swagger-parser-safe-url-resolver-1.0.75.jar:/home/runner/.m2/repository/io/swagger/swagger-compat-spec-parser/1.0.75/swagger-compat-spec-parser-1.0.75.jar:/home/runner/.m2/repository/com/github/java-json-tools/json-schema-validator/2.2.14/json-schema-validator-2.2.14.jar:/home/runner/.m2/repository/com/github/java-json-tools/jackson-coreutils-equivalence/1.0/jackson-coreutils-equivalence-1.0.jar:/home/runner/.m2/repository/com/github/java-json-tools/json-schema-core/1.2.14/json-schema-core-1.2.14.jar:/home/runner/.m2/repository/com/github/java-json-tools/uri-template/0.10/uri-template-0.10.jar:/home/runner/.m2/repository/com/googlecode/libphonenumber/libphonenumber/8.11.1/libphonenumber-8.11.1.jar:/home/runner/.m2/repository/com/j2html/j2html/1.6.0/j2html-1.6.0.jar:/home/runner/.m2/repository/org/apache/commons/commons-collections4/4.5.0/commons-collections4-4.5.0.jar:/home/runner/.m2/repository/org/slf4j/jcl-over-slf4j/2.0.17/jcl-over-slf4j-2.0.17.jar:/home/runner/.m2/repository/io/swagger/parser/v3/swagger-parser-v3/2.1.31/swagger-parser-v3-2.1.31.jar:/home/runner/.m2/repository/io/swagger/core/v3/swagger-models/2.2.34/swagger-models-2.2.34.jar:/home/runner/.m2/repository/io/swagger/core/v3/swagger-core/2.2.34/swagger-core-2.2.34.jar:/home/runner/.m2/repository/io/swagger/parser/v3/swagger-parser-core/2.1.31/swagger-parser-core-2.1.31.jar:/home/runner/.m2/repository/io/swagger/parser/v3/swagger-parser-safe-url-resolver/2.1.31/swagger-parser-safe-url-resolver-2.1.31.jar:/home/runner/work/apicurio-testing/apicurio-testing/clusters/ci419/namespaces/pg17/tests/integration/apicurio-registry/schema-util/wsdl/target/apicurio-registry-schema-util-wsdl-3.0.12-SNAPSHOT.jar:/home/runner/.m2/repository/wsdl4j/wsdl4j/1.6.3/wsdl4j-1.6.3.jar:/home/runner/work/apicurio-testing/apicurio-testing/clusters/ci419/namespaces/pg17/tests/integration/apicurio-registry/schema-util/xml/target/apicurio-registry-schema-util-xml-3.0.12-SNAPSHOT.jar:/home/runner/.m2/repository/org/apache/santuario/xmlsec/4.0.4/xmlsec-4.0.4.jar:/home/runner/.m2/repository/com/fasterxml/woodstox/woodstox-core/7.1.1/woodstox-core-7.1.1.jar:/home/runner/.m2/repository/org/codehaus/woodstox/stax2-api/4.2.2/stax2-api-4.2.2.jar:/home/runner/work/apicurio-testing/apicurio-testing/clusters/ci419/namespaces/pg17/tests/integration/apicurio-registry/schema-util/xsd/target/apicurio-registry-schema-util-xsd-3.0.12-SNAPSHOT.jar:/home/runner/work/apicurio-testing/apicurio-testing/clusters/ci419/namespaces/pg17/tests/integration/apicurio-registry/serdes/kafka/jsonschema-serde/target/apicurio-registry-jsonschema-serde-kafka-3.0.12-SNAPSHOT.jar:/home/runner/work/apicurio-testing/apicurio-testing/clusters/ci419/namespaces/pg17/tests/integration/apicurio-registry/serdes/kafka/serde-kafka-common/target/apicurio-registry-serde-kafka-common-3.0.12-SNAPSHOT.jar:/home/runner/work/apicurio-testing/apicurio-testing/clusters/ci419/namespaces/pg17/tests/integration/apicurio-registry/serdes/generic/serde-common/target/apicurio-registry-serde-common-3.0.12-SNAPSHOT.jar:/home/runner/work/apicurio-testing/apicurio-testing/clusters/ci419/namespaces/pg17/tests/integration/apicurio-registry/serdes/generic/serde-common-jsonschema/target/apicurio-registry-serde-common-jsonschema-3.0.12-SNAPSHOT.jar:/home/runner/.m2/repository/org/json/json/20250107/json-20250107.jar:/home/runner/work/apicurio-testing/apicurio-testing/clusters/ci419/namespaces/pg17/tests/integration/apicurio-registry/serdes/kafka/avro-serde/target/apicurio-registry-avro-serde-kafka-3.0.12-SNAPSHOT.jar:/home/runner/work/apicurio-testing/apicurio-testing/clusters/ci419/namespaces/pg17/tests/integration/apicurio-registry/serdes/generic/serde-common-avro/target/apicurio-registry-serde-common-avro-3.0.12-SNAPSHOT.jar:/home/runner/work/apicurio-testing/apicurio-testing/clusters/ci419/namespaces/pg17/tests/integration/apicurio-registry/serdes/kafka/protobuf-serde/target/apicurio-registry-protobuf-serde-kafka-3.0.12-SNAPSHOT.jar:/home/runner/work/apicurio-testing/apicurio-testing/clusters/ci419/namespaces/pg17/tests/integration/apicurio-registry/serdes/generic/serde-common-protobuf/target/apicurio-registry-serde-common-protobuf-3.0.12-SNAPSHOT.jar:/home/runner/.m2/repository/com/squareup/wire/wire-schema/5.3.3/wire-schema-5.3.3.jar:/home/runner/.m2/repository/com/squareup/wire/wire-runtime/5.3.3/wire-runtime-5.3.3.jar:/home/runner/work/apicurio-testing/apicurio-testing/clusters/ci419/namespaces/pg17/tests/integration/apicurio-registry/serdes/pulsar/avro-serde/target/apicurio-registry-avro-serde-pulsar-3.0.12-SNAPSHOT.jar:/home/runner/.m2/repository/org/apache/pulsar/pulsar-functions-api/3.3.8/pulsar-functions-api-3.3.8.jar:/home/runner/work/apicurio-testing/apicurio-testing/clusters/ci419/namespaces/pg17/tests/integration/apicurio-registry/serdes/nats/avro-serde/target/apicurio-registry-avro-serde-nats-3.0.12-SNAPSHOT.jar:/home/runner/.m2/repository/io/nats/jnats/2.21.4/jnats-2.21.4.jar:/home/runner/.m2/repository/org/bouncycastle/bcprov-lts8on/2.73.7/bcprov-lts8on-2.73.7.jar:/home/runner/.m2/repository/org/jetbrains/annotations/26.0.2/annotations-26.0.2.jar:/home/runner/work/apicurio-testing/apicurio-testing/clusters/ci419/namespaces/pg17/tests/integration/apicurio-registry/utils/converter/target/apicurio-registry-utils-converter-3.0.12-SNAPSHOT.jar:/home/runner/work/apicurio-testing/apicurio-testing/clusters/ci419/namespaces/pg17/tests/integration/apicurio-registry/schema-resolver/target/apicurio-registry-schema-resolver-3.0.12-SNAPSHOT.jar:/home/runner/.m2/repository/org/apache/kafka/connect-api/3.9.1/connect-api-3.9.1.jar:/home/runner/.m2/repository/javax/ws/rs/javax.ws.rs-api/2.1.1/javax.ws.rs-api-2.1.1.jar:/home/runner/.m2/repository/org/apache/kafka/connect-json/3.9.1/connect-json-3.9.1.jar:/home/runner/.m2/repository/com/fasterxml/jackson/datatype/jackson-datatype-jdk8/2.18.2/jackson-datatype-jdk8-2.18.2.jar:/home/runner/.m2/repository/com/fasterxml/jackson/module/jackson-module-afterburner/2.18.2/jackson-module-afterburner-2.18.2.jar:/home/runner/work/apicurio-testing/apicurio-testing/clusters/ci419/namespaces/pg17/tests/integration/apicurio-registry/utils/kafka/target/apicurio-registry-utils-kafka-3.0.12-SNAPSHOT.jar:/home/runner/.m2/repository/org/apache/pulsar/pulsar-client/3.3.8/pulsar-client-3.3.8.jar:/home/runner/.m2/repository/org/apache/pulsar/pulsar-client-api/3.3.8/pulsar-client-api-3.3.8.jar:/home/runner/.m2/repository/org/apache/pulsar/pulsar-client-admin-api/3.3.8/pulsar-client-admin-api-3.3.8.jar:/home/runner/.m2/repository/org/apache/pulsar/bouncy-castle-bc/3.3.8/bouncy-castle-bc-3.3.8-pkg.jar:/home/runner/.m2/repository/org/bouncycastle/bcpkix-jdk18on/1.81/bcpkix-jdk18on-1.81.jar:/home/runner/.m2/repository/org/bouncycastle/bcutil-jdk18on/1.81/bcutil-jdk18on-1.81.jar:/home/runner/.m2/repository/org/bouncycastle/bcprov-jdk18on/1.81/bcprov-jdk18on-1.81.jar:/home/runner/.m2/repository/io/opentelemetry/opentelemetry-api/1.44.1/opentelemetry-api-1.44.1.jar:/home/runner/.m2/repository/io/opentelemetry/opentelemetry-context/1.44.1/opentelemetry-context-1.44.1.jar:/home/runner/.m2/repository/io/opentelemetry/opentelemetry-api-incubator/1.44.1-alpha/opentelemetry-api-incubator-1.44.1-alpha.jar:/home/runner/.m2/repository/com/fasterxml/jackson/core/jackson-annotations/2.18.2/jackson-annotations-2.18.2.jar:/home/runner/.m2/repository/javax/validation/validation-api/1.1.0.Final/validation-api-1.1.0.Final.jar:/home/runner/.m2/repository/org/jspecify/jspecify/1.0.0/jspecify-1.0.0.jar:/home/runner/.m2/repository/org/apache/commons/commons-configuration2/2.12.0/commons-configuration2-2.12.0.jar:/home/runner/.m2/repository/commons-logging/commons-logging/1.3.5/commons-logging-1.3.5.jar:/home/runner/.m2/repository/org/apache/commons/commons-text/1.13.0/commons-text-1.13.0.jar:/home/runner/.m2/repository/io/confluent/kafka-avro-serializer/8.0.0/kafka-avro-serializer-8.0.0.jar:/home/runner/.m2/repository/org/apache/commons/commons-compress/1.27.1/commons-compress-1.27.1.jar:/home/runner/.m2/repository/io/confluent/kafka-schema-serializer/8.0.0/kafka-schema-serializer-8.0.0.jar:/home/runner/.m2/repository/com/fasterxml/jackson/dataformat/jackson-dataformat-csv/2.18.2/jackson-dataformat-csv-2.18.2.jar:/home/runner/.m2/repository/io/confluent/kafka-schema-registry-client/8.0.0/kafka-schema-registry-client-8.0.0.jar:/home/runner/.m2/repository/org/yaml/snakeyaml/2.3/snakeyaml-2.3.jar:/home/runner/.m2/repository/io/swagger/core/v3/swagger-annotations/2.2.29/swagger-annotations-2.2.29.jar:/home/runner/.m2/repository/com/google/guava/guava/33.4.0-jre/guava-33.4.0-jre.jar:/home/runner/.m2/repository/com/google/guava/failureaccess/1.0.1/failureaccess-1.0.1.jar:/home/runner/.m2/repository/org/checkerframework/checker-qual/3.49.0/checker-qual-3.49.0.jar:/home/runner/.m2/repository/io/confluent/logredactor/1.0.13/logredactor-1.0.13.jar:/home/runner/.m2/repository/com/google/re2j/re2j/1.6/re2j-1.6.jar:/home/runner/.m2/repository/io/confluent/logredactor-metrics/1.0.13/logredactor-metrics-1.0.13.jar:/home/runner/.m2/repository/com/eclipsesource/minimal-json/minimal-json/0.9.5/minimal-json-0.9.5.jar:/home/runner/.m2/repository/io/confluent/common-utils/8.0.0/common-utils-8.0.0.jar:/home/runner/.m2/repository/io/confluent/kafka-connect-avro-converter/8.0.0/kafka-connect-avro-converter-8.0.0.jar:/home/runner/.m2/repository/io/confluent/kafka-connect-avro-data/8.0.0/kafka-connect-avro-data-8.0.0.jar:/home/runner/.m2/repository/io/confluent/kafka-schema-converter/8.0.0/kafka-schema-converter-8.0.0.jar:/home/runner/.m2/repository/io/rest-assured/rest-assured/5.5.1/rest-assured-5.5.1.jar:/home/runner/.m2/repository/org/apache/groovy/groovy/4.0.22/groovy-4.0.22.jar:/home/runner/.m2/repository/org/apache/groovy/groovy-xml/4.0.22/groovy-xml-4.0.22.jar:/home/runner/.m2/repository/org/apache/httpcomponents/httpclient/4.5.14/httpclient-4.5.14.jar:/home/runner/.m2/repository/org/apache/httpcomponents/httpcore/4.4.16/httpcore-4.4.16.jar:/home/runner/.m2/repository/org/apache/httpcomponents/httpmime/4.5.14/httpmime-4.5.14.jar:/home/runner/.m2/repository/org/hamcrest/hamcrest/2.2/hamcrest-2.2.jar:/home/runner/.m2/repository/org/ccil/cowan/tagsoup/tagsoup/1.2.1/tagsoup-1.2.1.jar:/home/runner/.m2/repository/io/rest-assured/json-path/5.5.1/json-path-5.5.1.jar:/home/runner/.m2/repository/org/apache/groovy/groovy-json/4.0.22/groovy-json-4.0.22.jar:/home/runner/.m2/repository/io/rest-assured/rest-assured-common/5.5.1/rest-assured-common-5.5.1.jar:/home/runner/.m2/repository/io/rest-assured/xml-path/5.5.1/xml-path-5.5.1.jar:/home/runner/.m2/repository/io/zonky/test/embedded-postgres/2.1.0/embedded-postgres-2.1.0.jar:/home/runner/.m2/repository/io/zonky/test/postgres/embedded-postgres-binaries-windows-amd64/14.15.0/embedded-postgres-binaries-windows-amd64-14.15.0.jar:/home/runner/.m2/repository/io/zonky/test/postgres/embedded-postgres-binaries-darwin-amd64/14.15.0/embedded-postgres-binaries-darwin-amd64-14.15.0.jar:/home/runner/.m2/repository/io/zonky/test/postgres/embedded-postgres-binaries-linux-amd64/14.15.0/embedded-postgres-binaries-linux-amd64-14.15.0.jar:/home/runner/.m2/repository/io/zonky/test/postgres/embedded-postgres-binaries-linux-amd64-alpine/14.15.0/embedded-postgres-binaries-linux-amd64-alpine-14.15.0.jar:/home/runner/.m2/repository/org/apache/commons/commons-lang3/3.17.0/commons-lang3-3.17.0.jar:/home/runner/.m2/repository/org/tukaani/xz/1.10/xz-1.10.jar:/home/runner/.m2/repository/commons-codec/commons-codec/1.19.0/commons-codec-1.19.0.jar:/home/runner/.m2/repository/org/postgresql/postgresql/42.7.7/postgresql-42.7.7.jar:/home/runner/.m2/repository/commons-io/commons-io/2.18.0/commons-io-2.18.0.jar:/home/runner/work/apicurio-testing/apicurio-testing/clusters/ci419/namespaces/pg17/tests/integration/apicurio-registry/utils/importexport/target/apicurio-registry-utils-import-export-3.0.12-SNAPSHOT.jar:/home/runner/.m2/repository/io/vertx/vertx-core/4.5.16/vertx-core-4.5.16.jar:/home/runner/.m2/repository/io/netty/netty-common/4.1.121.Final/netty-common-4.1.121.Final.jar:/home/runner/.m2/repository/io/netty/netty-buffer/4.1.121.Final/netty-buffer-4.1.121.Final.jar:/home/runner/.m2/repository/io/netty/netty-transport/4.1.121.Final/netty-transport-4.1.121.Final.jar:/home/runner/.m2/repository/io/netty/netty-handler/4.1.121.Final/netty-handler-4.1.121.Final.jar:/home/runner/.m2/repository/io/netty/netty-transport-native-unix-common/4.1.121.Final/netty-transport-native-unix-common-4.1.121.Final.jar:/home/runner/.m2/repository/io/netty/netty-codec/4.1.121.Final/netty-codec-4.1.121.Final.jar:/home/runner/.m2/repository/io/netty/netty-handler-proxy/4.1.121.Final/netty-handler-proxy-4.1.121.Final.jar:/home/runner/.m2/repository/io/netty/netty-codec-socks/4.1.121.Final/netty-codec-socks-4.1.121.Final.jar:/home/runner/.m2/repository/io/netty/netty-codec-http/4.1.121.Final/netty-codec-http-4.1.121.Final.jar:/home/runner/.m2/repository/io/netty/netty-codec-http2/4.1.121.Final/netty-codec-http2-4.1.121.Final.jar:/home/runner/.m2/repository/io/netty/netty-resolver/4.1.121.Final/netty-resolver-4.1.121.Final.jar:/home/runner/.m2/repository/io/netty/netty-resolver-dns/4.1.121.Final/netty-resolver-dns-4.1.121.Final.jar:/home/runner/.m2/repository/io/netty/netty-codec-dns/4.1.121.Final/netty-codec-dns-4.1.121.Final.jar:/home/runner/.m2/repository/com/fasterxml/jackson/core/jackson-core/2.18.2/jackson-core-2.18.2.jar:"/>
    <property name="sun.cpu.endian" value="little"/>
    <property name="user.home" value="/home/runner"/>
    <property name="user.language" value="en"/>
    <property name="jboss.log-version" value="false"/>
    <property name="java.specification.vendor" value="Oracle Corporation"/>
    <property name="java.version.date" value="2025-07-15"/>
    <property name="java.home" value="/usr/lib/jvm/temurin-17-jdk-amd64"/>
    <property name="file.separator" value="/"/>
    <property name="basedir" value="/home/runner/work/apicurio-testing/apicurio-testing/clusters/ci419/namespaces/pg17/tests/integration/apicurio-registry/integration-tests"/>
    <property name="java.vm.compressedOopsMode" value="32-bit"/>
    <property name="line.separator" value="&#10;"/>
    <property name="java.specification.name" value="Java Platform API Specification"/>
    <property name="java.vm.specification.vendor" value="Oracle Corporation"/>
    <property name="quarkus.http.test-host" value="registry-app-pg17.apps.ci419.apicurio-testing.org"/>
    <property name="surefire.real.class.path" value="/home/runner/work/apicurio-testing/apicurio-testing/clusters/ci419/namespaces/pg17/tests/integration/apicurio-registry/integration-tests/target/surefire/surefirebooter-20250813021313432_3.jar"/>
    <property name="sun.management.compiler" value="HotSpot 64-Bit Tiered Compilers"/>
    <property name="org.eclipse.jetty.http.HttpGenerator.STRICT" value="true"/>
    <property name="java.runtime.version" value="17.0.16+8"/>
    <property name="user.name" value="runner"/>
    <property name="path.separator" value=":"/>
    <property name="os.version" value="6.8.0-1031-azure"/>
    <property name="java.runtime.name" value="OpenJDK Runtime Environment"/>
    <property name="file.encoding" value="UTF-8"/>
    <property name="jnidispatch.path" value="/home/runner/.cache/JNA/temp/jna3756453415514197502.tmp"/>
    <property name="java.vm.name" value="OpenJDK 64-Bit Server VM"/>
    <property name="jna.platform.library.path" value="/usr/lib/x86_64-linux-gnu:/lib/x86_64-linux-gnu:/usr/lib64:/lib64:/usr/lib:/lib:/lib32:/usr/local/lib:/usr/lib/x86_64-linux-gnu/libfakeroot"/>
    <property name="java.vendor.version" value="Temurin-17.0.16+8"/>
    <property name="quarkus.oidc.token-path" value="https://keycloak-pg17.apps.ci419.apicurio-testing.org/realms/registry/protocol/openid-connect/token"/>
    <property name="quarkus.http.host" value="registry-app-pg17.apps.ci419.apicurio-testing.org"/>
    <property name="localRepository" value="/home/runner/.m2/repository"/>
    <property name="javax.xml.xpath.XPathFactory:http://java.sun.com/jaxp/xpath/dom" value="com.sun.org.apache.xpath.internal.jaxp.XPathFactoryImpl"/>
    <property name="jna.loaded" value="true"/>
    <property name="java.vendor.url.bug" value="https://github.com/adoptium/adoptium-support/issues"/>
    <property name="jetty.git.hash" value="5bc5e562c8d05c5862505aebe5cf83a61bdbcb96"/>
    <property name="java.io.tmpdir" value="/tmp"/>
    <property name="quarkus.http.test-protocol" value="http"/>
    <property name="java.version" value="17.0.16"/>
    <property name="user.dir" value="/home/runner/work/apicurio-testing/apicurio-testing/clusters/ci419/namespaces/pg17/tests/integration/apicurio-registry/integration-tests"/>
    <property name="os.arch" value="amd64"/>
    <property name="groups" value="( smoke | serdes | acceptance | ui)"/>
    <property name="java.vm.specification.name" value="Java Virtual Machine Specification"/>
    <property name="native.encoding" value="UTF-8"/>
    <property name="java.util.logging.manager" value="org.jboss.logmanager.LogManager"/>
    <property name="java.library.path" value="/usr/java/packages/lib:/usr/lib64:/lib64:/lib:/usr/lib"/>
    <property name="jdk.console" value="java.base"/>
    <property name="java.vm.info" value="mixed mode, sharing"/>
    <property name="java.vendor" value="Eclipse Adoptium"/>
    <property name="java.vm.version" value="17.0.16+8"/>
    <property name="java.specification.maintenance.version" value="1"/>
    <property name="sun.io.unicode.encoding" value="UnicodeLittle"/>
    <property name="javax.xml.transform.TransformerFactory" value="com.sun.org.apache.xalan.internal.xsltc.trax.TransformerFactoryImpl"/>
    <property name="java.class.version" value="61.0"/>
  </properties>
  <testcase name="testGlobalIdInHeaders" classname="io.apicurio.tests.serdes.apicurio.AvroSerdeIT" time="6.532">
    <system-out><![CDATA[**** Registry Base URL: http://registry-app-pg17.apps.ci419.apicurio-testing.org:80
**** Registry Base URL: http://registry-app-pg17.apps.ci419.apicurio-testing.org:80
2025-08-13 02:13:25,380 INFO  [io.api.tes.ser.api.AvroSerdeIT] (main) RestAssured configured with http://registry-app-pg17.apps.ci419.apicurio-testing.org:80/apis/registry/v3
2025-08-13 02:13:25,438 INFO  [io.api.tes.uti.KafkaFacade] (main) Starting kafka container
2025-08-13 02:13:25,472 INFO  [org.tes.ima.PullPolicy] (main) Image pull policy will be performed by: DefaultPullPolicy()
2025-08-13 02:13:25,475 INFO  [org.tes.uti.ImageNameSubstitutor] (main) Image name substitution will be performed by: DefaultImageNameSubstitutor (composite of 'ConfigurationFileImageNameSubstitutor' and 'PrefixingImageNameSubstitutor')
2025-08-13 02:13:25,486 INFO  [org.tes.DockerClientFactory] (main) Testcontainers version: 1.20.6
2025-08-13 02:13:25,999 INFO  [org.tes.doc.DockerClientProviderStrategy] (main) Found Docker environment with local Unix socket (unix:///var/run/docker.sock)
2025-08-13 02:13:26,008 INFO  [org.tes.DockerClientFactory] (main) Docker host IP address is localhost
2025-08-13 02:13:26,026 INFO  [org.tes.DockerClientFactory] (main) Connected to docker: 
  Server Version: 28.0.4
  API Version: 1.48
  Operating System: Ubuntu 22.04.5 LTS
  Total Memory: 7944 MB
2025-08-13 02:13:26,069 INFO  [tc.tes.11.0] (main) Pulling docker image: testcontainers/ryuk:0.11.0. Please be patient; this may take some time but only needs to be done once.
2025-08-13 02:13:26,507 INFO  [tc.tes.11.0] (docker-java-stream--1295187651) Starting to pull image
2025-08-13 02:13:26,548 INFO  [tc.tes.11.0] (docker-java-stream--1295187651) Pulling image layers:  0 pending,  0 downloaded,  0 extracted, (0 bytes/0 bytes)
2025-08-13 02:13:26,733 INFO  [tc.tes.11.0] (docker-java-stream--1295187651) Pulling image layers:  2 pending,  1 downloaded,  0 extracted, (44 KB/? MB)
2025-08-13 02:13:26,761 INFO  [tc.tes.11.0] (docker-java-stream--1295187651) Pulling image layers:  1 pending,  2 downloaded,  0 extracted, (114 KB/? MB)
2025-08-13 02:13:26,783 INFO  [tc.tes.11.0] (docker-java-stream--1295187651) Pulling image layers:  0 pending,  3 downloaded,  0 extracted, (142 KB/10 MB)
2025-08-13 02:13:26,889 INFO  [tc.tes.11.0] (docker-java-stream--1295187651) Pulling image layers:  0 pending,  3 downloaded,  1 extracted, (3 MB/10 MB)
2025-08-13 02:13:27,873 INFO  [tc.tes.11.0] (docker-java-stream--1295187651) Pulling image layers:  0 pending,  3 downloaded,  2 extracted, (4 MB/10 MB)
2025-08-13 02:13:27,953 INFO  [tc.tes.11.0] (docker-java-stream--1295187651) Pulling image layers:  0 pending,  3 downloaded,  3 extracted, (10 MB/10 MB)
2025-08-13 02:13:27,960 INFO  [tc.tes.11.0] (docker-java-stream--1295187651) Pull complete. 3 layers, pulled in 1s (downloaded 10 MB at 10 MB/s)
2025-08-13 02:13:27,960 INFO  [tc.tes.11.0] (main) Image testcontainers/ryuk:0.11.0 pull took PT1.89024535S
2025-08-13 02:13:27,980 INFO  [tc.tes.11.0] (main) Creating container for image: testcontainers/ryuk:0.11.0
2025-08-13 02:13:28,059 INFO  [tc.tes.11.0] (main) Container testcontainers/ryuk:0.11.0 is starting: 06276d0001ba3af978adf3b9321518fdd187fef6a7032a212d5c37a06f1ad712
2025-08-13 02:13:28,506 INFO  [tc.tes.11.0] (main) Container testcontainers/ryuk:0.11.0 started in PT0.526023938S
2025-08-13 02:13:28,511 INFO  [org.tes.uti.RyukResourceReaper] (main) Ryuk started - will monitor and terminate Testcontainers containers on JVM exit
2025-08-13 02:13:28,511 INFO  [org.tes.DockerClientFactory] (main) Checking the system...
2025-08-13 02:13:28,512 INFO  [org.tes.DockerClientFactory] (main) ✔︎ Docker server version should be at least 1.6.0
2025-08-13 02:13:28,514 INFO  [io.str.tes.con.KafkaVersionService] (main) Latest release of Kafka is:LogicalKafkaVersionEntity{version='4.0.0', image='quay.io/strimzi-test-container/test-container:0.111.0-kafka-4.0.0'}
2025-08-13 02:13:28,515 INFO  [io.str.tes.con.KafkaVersionService] (main) Latest release of Kafka is:LogicalKafkaVersionEntity{version='4.0.0', image='quay.io/strimzi-test-container/test-container:0.111.0-kafka-4.0.0'}
2025-08-13 02:13:28,515 INFO  [io.str.tes.con.KafkaVersionService] (main) No Kafka version specified. Using latest release: 4.0.0
2025-08-13 02:13:28,519 INFO  [tc.qua.io/.111.0-k.0.0] (main) Pulling docker image: quay.io/strimzi-test-container/test-container:0.111.0-kafka-4.0.0. Please be patient; this may take some time but only needs to be done once.
2025-08-13 02:13:29,058 INFO  [tc.qua.io/.111.0-k.0.0] (docker-java-stream--29267298) Starting to pull image
2025-08-13 02:13:29,059 INFO  [tc.qua.io/.111.0-k.0.0] (docker-java-stream--29267298) Pulling image layers:  0 pending,  0 downloaded,  0 extracted, (0 bytes/0 bytes)
2025-08-13 02:13:29,547 INFO  [tc.qua.io/.111.0-k.0.0] (docker-java-stream--29267298) Pulling image layers:  6 pending,  1 downloaded,  0 extracted, (2 MB/? MB)
2025-08-13 02:13:29,741 INFO  [tc.qua.io/.111.0-k.0.0] (docker-java-stream--29267298) Pulling image layers:  5 pending,  2 downloaded,  0 extracted, (30 MB/? MB)
2025-08-13 02:13:29,967 INFO  [tc.qua.io/.111.0-k.0.0] (docker-java-stream--29267298) Pulling image layers:  4 pending,  3 downloaded,  0 extracted, (67 MB/? MB)
2025-08-13 02:13:30,330 INFO  [tc.qua.io/.111.0-k.0.0] (docker-java-stream--29267298) Pulling image layers:  3 pending,  4 downloaded,  0 extracted, (112 MB/? MB)
2025-08-13 02:13:30,387 INFO  [tc.qua.io/.111.0-k.0.0] (docker-java-stream--29267298) Pulling image layers:  2 pending,  5 downloaded,  0 extracted, (133 MB/? MB)
2025-08-13 02:13:30,642 INFO  [tc.qua.io/.111.0-k.0.0] (docker-java-stream--29267298) Pulling image layers:  1 pending,  6 downloaded,  0 extracted, (154 MB/? MB)
2025-08-13 02:13:31,222 INFO  [tc.qua.io/.111.0-k.0.0] (docker-java-stream--29267298) Pulling image layers:  1 pending,  6 downloaded,  1 extracted, (208 MB/? MB)
2025-08-13 02:13:31,451 INFO  [tc.qua.io/.111.0-k.0.0] (docker-java-stream--29267298) Pulling image layers:  0 pending,  7 downloaded,  1 extracted, (239 MB/249 MB)
2025-08-13 02:13:35,175 INFO  [tc.qua.io/.111.0-k.0.0] (docker-java-stream--29267298) Pulling image layers:  0 pending,  7 downloaded,  2 extracted, (244 MB/249 MB)
2025-08-13 02:13:35,209 INFO  [tc.qua.io/.111.0-k.0.0] (docker-java-stream--29267298) Pulling image layers:  0 pending,  7 downloaded,  3 extracted, (245 MB/249 MB)
2025-08-13 02:13:35,224 INFO  [tc.qua.io/.111.0-k.0.0] (docker-java-stream--29267298) Pulling image layers:  0 pending,  7 downloaded,  4 extracted, (245 MB/249 MB)
2025-08-13 02:13:36,385 INFO  [tc.qua.io/.111.0-k.0.0] (docker-java-stream--29267298) Pulling image layers:  0 pending,  7 downloaded,  5 extracted, (249 MB/249 MB)
2025-08-13 02:13:36,423 INFO  [tc.qua.io/.111.0-k.0.0] (docker-java-stream--29267298) Pulling image layers:  0 pending,  7 downloaded,  6 extracted, (249 MB/249 MB)
2025-08-13 02:13:36,436 INFO  [tc.qua.io/.111.0-k.0.0] (docker-java-stream--29267298) Pulling image layers:  0 pending,  7 downloaded,  7 extracted, (249 MB/249 MB)
2025-08-13 02:13:36,443 INFO  [tc.qua.io/.111.0-k.0.0] (main) Image quay.io/strimzi-test-container/test-container:0.111.0-kafka-4.0.0 pull took PT7.923777685S
2025-08-13 02:13:36,443 INFO  [tc.qua.io/.111.0-k.0.0] (docker-java-stream--29267298) Pull complete. 7 layers, pulled in 7s (downloaded 249 MB at 35 MB/s)
2025-08-13 02:13:36,446 INFO  [tc.qua.io/.111.0-k.0.0] (main) Creating container for image: quay.io/strimzi-test-container/test-container:0.111.0-kafka-4.0.0
2025-08-13 02:13:36,518 INFO  [tc.qua.io/.111.0-k.0.0] (main) Container quay.io/strimzi-test-container/test-container:0.111.0-kafka-4.0.0 is starting: c815387ad6edb30514d0cf2534eb021178ce2cbff8744a07bc0f7e9aec10a3a2
2025-08-13 02:13:36,710 INFO  [io.str.tes.con.StrimziKafkaContainer] (main) Mapped port: 32769
2025-08-13 02:13:36,710 WARN  [io.str.tes.con.StrimziKafkaContainer] (main) Node ID is not set. Using broker ID 0 as the default node ID.
2025-08-13 02:13:36,711 INFO  [io.str.tes.con.StrimziKafkaContainer] (main) This is all advertised listeners for Kafka PLAINTEXT://localhost:32769,BROKER1://172.18.0.2:9091,CONTROLLER://broker-0:9094
2025-08-13 02:13:36,741 INFO  [io.str.tes.con.StrimziKafkaContainer] (main) New `cluster.id` has been generated: NjaB_jQRSOy2vs25Uo6hCg
2025-08-13 02:13:36,743 INFO  [io.str.tes.con.StrimziKafkaContainer] (main) Copying command to 'STARTER_SCRIPT' script.
2025-08-13 02:13:41,979 INFO  [tc.qua.io/.111.0-k.0.0] (main) Container quay.io/strimzi-test-container/test-container:0.111.0-kafka-4.0.0 started in PT5.532690447S
2025-08-13 02:13:41,984 INFO  [io.api.tes.uti.TestSeparator] (main) ############################################################################
2025-08-13 02:13:41,984 INFO  [io.api.tes.uti.TestSeparator] (main) io.apicurio.tests.serdes.apicurio.AvroSerdeIT.testGlobalIdInHeaders-STARTED
2025-08-13 02:13:42,001 INFO  [org.apa.kaf.cli.adm.AdminClientConfig] (main) AdminClientConfig values: 
	auto.include.jmx.reporter = true
	bootstrap.controllers = []
	bootstrap.servers = [PLAINTEXT://localhost:32769]
	client.dns.lookup = use_all_dns_ips
	client.id = 
	connections.max.idle.ms = 10000
	default.api.timeout.ms = 60000
	enable.metrics.push = true
	metadata.max.age.ms = 300000
	metadata.recovery.strategy = none
	metric.reporters = []
	metrics.num.samples = 2
	metrics.recording.level = INFO
	metrics.sample.window.ms = 30000
	receive.buffer.bytes = 65536
	reconnect.backoff.max.ms = 1000
	reconnect.backoff.ms = 50
	request.timeout.ms = 5000
	retries = 2147483647
	retry.backoff.max.ms = 1000
	retry.backoff.ms = 100
	sasl.client.callback.handler.class = null
	sasl.jaas.config = null
	sasl.kerberos.kinit.cmd = /usr/bin/kinit
	sasl.kerberos.min.time.before.relogin = 60000
	sasl.kerberos.service.name = null
	sasl.kerberos.ticket.renew.jitter = 0.05
	sasl.kerberos.ticket.renew.window.factor = 0.8
	sasl.login.callback.handler.class = null
	sasl.login.class = null
	sasl.login.connect.timeout.ms = null
	sasl.login.read.timeout.ms = null
	sasl.login.refresh.buffer.seconds = 300
	sasl.login.refresh.min.period.seconds = 60
	sasl.login.refresh.window.factor = 0.8
	sasl.login.refresh.window.jitter = 0.05
	sasl.login.retry.backoff.max.ms = 10000
	sasl.login.retry.backoff.ms = 100
	sasl.mechanism = GSSAPI
	sasl.oauthbearer.clock.skew.seconds = 30
	sasl.oauthbearer.expected.audience = null
	sasl.oauthbearer.expected.issuer = null
	sasl.oauthbearer.header.urlencode = false
	sasl.oauthbearer.jwks.endpoint.refresh.ms = 3600000
	sasl.oauthbearer.jwks.endpoint.retry.backoff.max.ms = 10000
	sasl.oauthbearer.jwks.endpoint.retry.backoff.ms = 100
	sasl.oauthbearer.jwks.endpoint.url = null
	sasl.oauthbearer.scope.claim.name = scope
	sasl.oauthbearer.sub.claim.name = sub
	sasl.oauthbearer.token.endpoint.url = null
	security.protocol = PLAINTEXT
	security.providers = null
	send.buffer.bytes = 131072
	socket.connection.setup.timeout.max.ms = 30000
	socket.connection.setup.timeout.ms = 10000
	ssl.cipher.suites = null
	ssl.enabled.protocols = [TLSv1.2, TLSv1.3]
	ssl.endpoint.identification.algorithm = https
	ssl.engine.factory.class = null
	ssl.key.password = null
	ssl.keymanager.algorithm = SunX509
	ssl.keystore.certificate.chain = null
	ssl.keystore.key = null
	ssl.keystore.location = null
	ssl.keystore.password = null
	ssl.keystore.type = JKS
	ssl.protocol = TLSv1.3
	ssl.provider = null
	ssl.secure.random.implementation = null
	ssl.trustmanager.algorithm = PKIX
	ssl.truststore.certificates = null
	ssl.truststore.location = null
	ssl.truststore.password = null
	ssl.truststore.type = JKS

2025-08-13 02:13:42,768 INFO  [org.apa.kaf.com.uti.AppInfoParser] (main) Kafka version: 3.9.1
2025-08-13 02:13:42,768 INFO  [org.apa.kaf.com.uti.AppInfoParser] (main) Kafka commitId: f745dfdcee2b9851
2025-08-13 02:13:42,768 INFO  [org.apa.kaf.com.uti.AppInfoParser] (main) Kafka startTimeMs: 1755051222767
**** Registry Base URL: http://registry-app-pg17.apps.ci419.apicurio-testing.org:80
2025-08-13 02:13:42,821 INFO  [org.apa.kaf.cli.pro.ProducerConfig] (main) ProducerConfig values: 
	acks = -1
	auto.include.jmx.reporter = true
	batch.size = 16384
	bootstrap.servers = [PLAINTEXT://localhost:32769]
	buffer.memory = 33554432
	client.dns.lookup = use_all_dns_ips
	client.id = Producer-topic-957e8a9d_f791_416d_829a_092e3e4b493f
	compression.gzip.level = -1
	compression.lz4.level = 9
	compression.type = none
	compression.zstd.level = 3
	connections.max.idle.ms = 10000
	delivery.timeout.ms = 120000
	enable.idempotence = true
	enable.metrics.push = true
	interceptor.classes = []
	key.serializer = class org.apache.kafka.common.serialization.StringSerializer
	linger.ms = 0
	max.block.ms = 60000
	max.in.flight.requests.per.connection = 5
	max.request.size = 1048576
	metadata.max.age.ms = 300000
	metadata.max.idle.ms = 300000
	metadata.recovery.strategy = none
	metric.reporters = []
	metrics.num.samples = 2
	metrics.recording.level = INFO
	metrics.sample.window.ms = 30000
	partitioner.adaptive.partitioning.enable = true
	partitioner.availability.timeout.ms = 0
	partitioner.class = null
	partitioner.ignore.keys = false
	receive.buffer.bytes = 32768
	reconnect.backoff.max.ms = 1000
	reconnect.backoff.ms = 50
	request.timeout.ms = 5000
	retries = 2147483647
	retry.backoff.max.ms = 1000
	retry.backoff.ms = 100
	sasl.client.callback.handler.class = null
	sasl.jaas.config = null
	sasl.kerberos.kinit.cmd = /usr/bin/kinit
	sasl.kerberos.min.time.before.relogin = 60000
	sasl.kerberos.service.name = null
	sasl.kerberos.ticket.renew.jitter = 0.05
	sasl.kerberos.ticket.renew.window.factor = 0.8
	sasl.login.callback.handler.class = null
	sasl.login.class = null
	sasl.login.connect.timeout.ms = null
	sasl.login.read.timeout.ms = null
	sasl.login.refresh.buffer.seconds = 300
	sasl.login.refresh.min.period.seconds = 60
	sasl.login.refresh.window.factor = 0.8
	sasl.login.refresh.window.jitter = 0.05
	sasl.login.retry.backoff.max.ms = 10000
	sasl.login.retry.backoff.ms = 100
	sasl.mechanism = GSSAPI
	sasl.oauthbearer.clock.skew.seconds = 30
	sasl.oauthbearer.expected.audience = null
	sasl.oauthbearer.expected.issuer = null
	sasl.oauthbearer.header.urlencode = false
	sasl.oauthbearer.jwks.endpoint.refresh.ms = 3600000
	sasl.oauthbearer.jwks.endpoint.retry.backoff.max.ms = 10000
	sasl.oauthbearer.jwks.endpoint.retry.backoff.ms = 100
	sasl.oauthbearer.jwks.endpoint.url = null
	sasl.oauthbearer.scope.claim.name = scope
	sasl.oauthbearer.sub.claim.name = sub
	sasl.oauthbearer.token.endpoint.url = null
	security.protocol = PLAINTEXT
	security.providers = null
	send.buffer.bytes = 131072
	socket.connection.setup.timeout.max.ms = 30000
	socket.connection.setup.timeout.ms = 10000
	ssl.cipher.suites = null
	ssl.enabled.protocols = [TLSv1.2, TLSv1.3]
	ssl.endpoint.identification.algorithm = https
	ssl.engine.factory.class = null
	ssl.key.password = null
	ssl.keymanager.algorithm = SunX509
	ssl.keystore.certificate.chain = null
	ssl.keystore.key = null
	ssl.keystore.location = null
	ssl.keystore.password = null
	ssl.keystore.type = JKS
	ssl.protocol = TLSv1.3
	ssl.provider = null
	ssl.secure.random.implementation = null
	ssl.trustmanager.algorithm = PKIX
	ssl.truststore.certificates = null
	ssl.truststore.location = null
	ssl.truststore.password = null
	ssl.truststore.type = JKS
	transaction.timeout.ms = 60000
	transactional.id = null
	value.serializer = class io.apicurio.registry.serde.avro.AvroKafkaSerializer

2025-08-13 02:13:42,869 INFO  [org.apa.kaf.com.tel.int.KafkaMetricsCollector] (main) initializing Kafka metrics collector
2025-08-13 02:13:42,904 INFO  [org.apa.kaf.cli.pro.KafkaProducer] (main) [Producer clientId=Producer-topic-957e8a9d_f791_416d_829a_092e3e4b493f] Instantiated an idempotent producer.
2025-08-13 02:13:42,955 INFO  [org.apa.kaf.cli.pro.ProducerConfig] (main) These configurations '[apicurio.registry.url, apicurio.registry.auto-register, apicurio.registry.use-id, apicurio.registry.artifact-resolver-strategy]' were supplied but are not used yet.
2025-08-13 02:13:42,956 INFO  [org.apa.kaf.com.uti.AppInfoParser] (main) Kafka version: 3.9.1
2025-08-13 02:13:42,956 INFO  [org.apa.kaf.com.uti.AppInfoParser] (main) Kafka commitId: f745dfdcee2b9851
2025-08-13 02:13:42,956 INFO  [org.apa.kaf.com.uti.AppInfoParser] (main) Kafka startTimeMs: 1755051222955
2025-08-13 02:13:42,956 INFO  [io.api.tes.ser.api.SimpleSerdesTesterBuilder$SimpleSerdesTester] (main) Using producer configuration: {apicurio.registry.url=http://registry-app-pg17.apps.ci419.apicurio-testing.org:80/apis/registry/v3, apicurio.registry.auto-register=true, apicurio.registry.use-id=globalId, apicurio.registry.artifact-resolver-strategy=io.apicurio.registry.serde.strategy.TopicIdStrategy, value.serializer=io.apicurio.registry.serde.avro.AvroKafkaSerializer, request.timeout.ms=5000, acks=all, bootstrap.servers=PLAINTEXT://localhost:32769, connections.max.idle.ms=10000, key.serializer=org.apache.kafka.common.serialization.StringSerializer, client.id=Producer-topic-957e8a9d_f791_416d_829a_092e3e4b493f}
2025-08-13 02:13:42,957 INFO  [io.api.tes.ser.api.SimpleSerdesTesterBuilder$SimpleSerdesTester] (main) Using consumer configuration: {apicurio.registry.use-id=globalId}
2025-08-13 02:13:42,964 INFO  [io.api.tes.ser.api.KafkaSerdesTester] (Thread-600) Sending message {"key11755051222797": "value-0"} to topic topic-957e8a9d_f791_416d_829a_092e3e4b493f
2025-08-13 02:13:43,364 WARN  [org.apa.kaf.cli.NetworkClient] (kafka-producer-network-thread | Producer-topic-957e8a9d_f791_416d_829a_092e3e4b493f) [Producer clientId=Producer-topic-957e8a9d_f791_416d_829a_092e3e4b493f] The metadata response from the cluster reported a recoverable issue with correlation id 1 : {topic-957e8a9d_f791_416d_829a_092e3e4b493f=UNKNOWN_TOPIC_OR_PARTITION}
2025-08-13 02:13:43,365 INFO  [org.apa.kaf.cli.Metadata] (kafka-producer-network-thread | Producer-topic-957e8a9d_f791_416d_829a_092e3e4b493f) [Producer clientId=Producer-topic-957e8a9d_f791_416d_829a_092e3e4b493f] Cluster ID: NjaB_jQRSOy2vs25Uo6hCg
2025-08-13 02:13:43,609 INFO  [org.apa.kaf.cli.pro.int.TransactionManager] (kafka-producer-network-thread | Producer-topic-957e8a9d_f791_416d_829a_092e3e4b493f) [Producer clientId=Producer-topic-957e8a9d_f791_416d_829a_092e3e4b493f] ProducerId set to 0 with epoch 0
2025-08-13 02:13:43,767 INFO  [io.api.tes.ser.api.KafkaSerdesTester] (Thread-600) Sending message {"key11755051222797": "value-1"} to topic topic-957e8a9d_f791_416d_829a_092e3e4b493f
2025-08-13 02:13:43,774 INFO  [io.api.tes.ser.api.KafkaSerdesTester] (Thread-600) Sending message {"key11755051222797": "value-2"} to topic topic-957e8a9d_f791_416d_829a_092e3e4b493f
2025-08-13 02:13:43,781 INFO  [io.api.tes.ser.api.KafkaSerdesTester] (Thread-600) Sending message {"key11755051222797": "value-3"} to topic topic-957e8a9d_f791_416d_829a_092e3e4b493f
2025-08-13 02:13:43,785 INFO  [io.api.tes.ser.api.KafkaSerdesTester] (Thread-600) Sending message {"key11755051222797": "value-4"} to topic topic-957e8a9d_f791_416d_829a_092e3e4b493f
2025-08-13 02:13:43,789 INFO  [io.api.tes.ser.api.KafkaSerdesTester] (Thread-600) Sending message {"key11755051222797": "value-5"} to topic topic-957e8a9d_f791_416d_829a_092e3e4b493f
2025-08-13 02:13:43,797 INFO  [io.api.tes.ser.api.KafkaSerdesTester] (Thread-600) Sending message {"key11755051222797": "value-6"} to topic topic-957e8a9d_f791_416d_829a_092e3e4b493f
2025-08-13 02:13:43,802 INFO  [io.api.tes.ser.api.KafkaSerdesTester] (Thread-600) Sending message {"key11755051222797": "value-7"} to topic topic-957e8a9d_f791_416d_829a_092e3e4b493f
2025-08-13 02:13:43,808 INFO  [io.api.tes.ser.api.KafkaSerdesTester] (Thread-600) Sending message {"key11755051222797": "value-8"} to topic topic-957e8a9d_f791_416d_829a_092e3e4b493f
2025-08-13 02:13:43,811 INFO  [io.api.tes.ser.api.KafkaSerdesTester] (Thread-600) Sending message {"key11755051222797": "value-9"} to topic topic-957e8a9d_f791_416d_829a_092e3e4b493f
2025-08-13 02:13:43,816 INFO  [io.api.tes.ser.api.KafkaSerdesTester] (Thread-600) Produced 10 messages
2025-08-13 02:13:43,817 INFO  [org.apa.kaf.cli.pro.KafkaProducer] (Thread-600) [Producer clientId=Producer-topic-957e8a9d_f791_416d_829a_092e3e4b493f] Closing the Kafka producer with timeoutMillis = 9223372036854775807 ms.
2025-08-13 02:13:43,840 INFO  [org.apa.kaf.com.met.Metrics] (Thread-600) Metrics scheduler closed
2025-08-13 02:13:43,841 INFO  [org.apa.kaf.com.met.Metrics] (Thread-600) Closing reporter org.apache.kafka.common.metrics.JmxReporter
2025-08-13 02:13:43,841 INFO  [org.apa.kaf.com.met.Metrics] (Thread-600) Closing reporter org.apache.kafka.common.telemetry.internals.ClientTelemetryReporter
2025-08-13 02:13:43,842 INFO  [org.apa.kaf.com.met.Metrics] (Thread-600) Metrics reporters closed
2025-08-13 02:13:43,844 INFO  [org.apa.kaf.com.uti.AppInfoParser] (Thread-600) App info kafka.producer for Producer-topic-957e8a9d_f791_416d_829a_092e3e4b493f unregistered
**** Registry Base URL: http://registry-app-pg17.apps.ci419.apicurio-testing.org:80
2025-08-13 02:13:43,942 INFO  [org.apa.kaf.cli.con.ConsumerConfig] (main) ConsumerConfig values: 
	allow.auto.create.topics = true
	auto.commit.interval.ms = 500
	auto.include.jmx.reporter = true
	auto.offset.reset = earliest
	bootstrap.servers = [PLAINTEXT://localhost:32769]
	check.crcs = true
	client.dns.lookup = use_all_dns_ips
	client.id = consumer-Consumer-topic-957e8a9d_f791_416d_829a_092e3e4b493f-1
	client.rack = 
	connections.max.idle.ms = 10000
	default.api.timeout.ms = 60000
	enable.auto.commit = true
	enable.metrics.push = true
	exclude.internal.topics = true
	fetch.max.bytes = 52428800
	fetch.max.wait.ms = 500
	fetch.min.bytes = 1
	group.id = Consumer-topic-957e8a9d_f791_416d_829a_092e3e4b493f
	group.instance.id = null
	group.protocol = classic
	group.remote.assignor = null
	heartbeat.interval.ms = 3000
	interceptor.classes = []
	internal.leave.group.on.close = true
	internal.throw.on.fetch.stable.offset.unsupported = false
	isolation.level = read_uncommitted
	key.deserializer = class org.apache.kafka.common.serialization.StringDeserializer
	max.partition.fetch.bytes = 1048576
	max.poll.interval.ms = 300000
	max.poll.records = 500
	metadata.max.age.ms = 300000
	metadata.recovery.strategy = none
	metric.reporters = []
	metrics.num.samples = 2
	metrics.recording.level = INFO
	metrics.sample.window.ms = 30000
	partition.assignment.strategy = [class org.apache.kafka.clients.consumer.RangeAssignor, class org.apache.kafka.clients.consumer.CooperativeStickyAssignor]
	receive.buffer.bytes = 65536
	reconnect.backoff.max.ms = 1000
	reconnect.backoff.ms = 50
	request.timeout.ms = 5000
	retry.backoff.max.ms = 1000
	retry.backoff.ms = 100
	sasl.client.callback.handler.class = null
	sasl.jaas.config = null
	sasl.kerberos.kinit.cmd = /usr/bin/kinit
	sasl.kerberos.min.time.before.relogin = 60000
	sasl.kerberos.service.name = null
	sasl.kerberos.ticket.renew.jitter = 0.05
	sasl.kerberos.ticket.renew.window.factor = 0.8
	sasl.login.callback.handler.class = null
	sasl.login.class = null
	sasl.login.connect.timeout.ms = null
	sasl.login.read.timeout.ms = null
	sasl.login.refresh.buffer.seconds = 300
	sasl.login.refresh.min.period.seconds = 60
	sasl.login.refresh.window.factor = 0.8
	sasl.login.refresh.window.jitter = 0.05
	sasl.login.retry.backoff.max.ms = 10000
	sasl.login.retry.backoff.ms = 100
	sasl.mechanism = GSSAPI
	sasl.oauthbearer.clock.skew.seconds = 30
	sasl.oauthbearer.expected.audience = null
	sasl.oauthbearer.expected.issuer = null
	sasl.oauthbearer.header.urlencode = false
	sasl.oauthbearer.jwks.endpoint.refresh.ms = 3600000
	sasl.oauthbearer.jwks.endpoint.retry.backoff.max.ms = 10000
	sasl.oauthbearer.jwks.endpoint.retry.backoff.ms = 100
	sasl.oauthbearer.jwks.endpoint.url = null
	sasl.oauthbearer.scope.claim.name = scope
	sasl.oauthbearer.sub.claim.name = sub
	sasl.oauthbearer.token.endpoint.url = null
	security.protocol = PLAINTEXT
	security.providers = null
	send.buffer.bytes = 131072
	session.timeout.ms = 45000
	socket.connection.setup.timeout.max.ms = 30000
	socket.connection.setup.timeout.ms = 10000
	ssl.cipher.suites = null
	ssl.enabled.protocols = [TLSv1.2, TLSv1.3]
	ssl.endpoint.identification.algorithm = https
	ssl.engine.factory.class = null
	ssl.key.password = null
	ssl.keymanager.algorithm = SunX509
	ssl.keystore.certificate.chain = null
	ssl.keystore.key = null
	ssl.keystore.location = null
	ssl.keystore.password = null
	ssl.keystore.type = JKS
	ssl.protocol = TLSv1.3
	ssl.provider = null
	ssl.secure.random.implementation = null
	ssl.trustmanager.algorithm = PKIX
	ssl.truststore.certificates = null
	ssl.truststore.location = null
	ssl.truststore.password = null
	ssl.truststore.type = JKS
	value.deserializer = class io.apicurio.registry.serde.avro.AvroKafkaDeserializer

2025-08-13 02:13:43,955 INFO  [org.apa.kaf.com.tel.int.KafkaMetricsCollector] (main) initializing Kafka metrics collector
2025-08-13 02:13:44,042 INFO  [org.apa.kaf.cli.con.ConsumerConfig] (main) These configurations '[apicurio.registry.url, apicurio.registry.use-id]' were supplied but are not used yet.
2025-08-13 02:13:44,042 INFO  [org.apa.kaf.com.uti.AppInfoParser] (main) Kafka version: 3.9.1
2025-08-13 02:13:44,042 INFO  [org.apa.kaf.com.uti.AppInfoParser] (main) Kafka commitId: f745dfdcee2b9851
2025-08-13 02:13:44,042 INFO  [org.apa.kaf.com.uti.AppInfoParser] (main) Kafka startTimeMs: 1755051224042
2025-08-13 02:13:44,045 INFO  [org.apa.kaf.cli.con.int.ClassicKafkaConsumer] (Thread-603) [Consumer clientId=consumer-Consumer-topic-957e8a9d_f791_416d_829a_092e3e4b493f-1, groupId=Consumer-topic-957e8a9d_f791_416d_829a_092e3e4b493f] Subscribed to topic(s): topic-957e8a9d_f791_416d_829a_092e3e4b493f
2025-08-13 02:13:44,058 INFO  [org.apa.kaf.cli.Metadata] (Thread-603) [Consumer clientId=consumer-Consumer-topic-957e8a9d_f791_416d_829a_092e3e4b493f-1, groupId=Consumer-topic-957e8a9d_f791_416d_829a_092e3e4b493f] Cluster ID: NjaB_jQRSOy2vs25Uo6hCg
2025-08-13 02:13:44,189 INFO  [org.apa.kaf.cli.con.int.ConsumerCoordinator] (Thread-603) [Consumer clientId=consumer-Consumer-topic-957e8a9d_f791_416d_829a_092e3e4b493f-1, groupId=Consumer-topic-957e8a9d_f791_416d_829a_092e3e4b493f] Discovered group coordinator localhost:32769 (id: 2147483647 rack: null)
2025-08-13 02:13:44,198 INFO  [org.apa.kaf.cli.con.int.ConsumerCoordinator] (Thread-603) [Consumer clientId=consumer-Consumer-topic-957e8a9d_f791_416d_829a_092e3e4b493f-1, groupId=Consumer-topic-957e8a9d_f791_416d_829a_092e3e4b493f] (Re-)joining group
2025-08-13 02:13:44,231 INFO  [org.apa.kaf.cli.con.int.ConsumerCoordinator] (Thread-603) [Consumer clientId=consumer-Consumer-topic-957e8a9d_f791_416d_829a_092e3e4b493f-1, groupId=Consumer-topic-957e8a9d_f791_416d_829a_092e3e4b493f] Group coordinator localhost:32769 (id: 2147483647 rack: null) is unavailable or invalid due to cause: error response NOT_COORDINATOR. isDisconnected: false. Rediscovery will be attempted.
2025-08-13 02:13:44,232 INFO  [org.apa.kaf.cli.con.int.ConsumerCoordinator] (Thread-603) [Consumer clientId=consumer-Consumer-topic-957e8a9d_f791_416d_829a_092e3e4b493f-1, groupId=Consumer-topic-957e8a9d_f791_416d_829a_092e3e4b493f] Requesting disconnect from last known coordinator localhost:32769 (id: 2147483647 rack: null)
2025-08-13 02:13:44,232 INFO  [org.apa.kaf.cli.con.int.ConsumerCoordinator] (Thread-603) [Consumer clientId=consumer-Consumer-topic-957e8a9d_f791_416d_829a_092e3e4b493f-1, groupId=Consumer-topic-957e8a9d_f791_416d_829a_092e3e4b493f] JoinGroup failed: This is not the correct coordinator. Marking coordinator unknown. Sent generation was Generation{generationId=-1, memberId='', protocol='null'}
2025-08-13 02:13:44,232 INFO  [org.apa.kaf.cli.NetworkClient] (Thread-603) [Consumer clientId=consumer-Consumer-topic-957e8a9d_f791_416d_829a_092e3e4b493f-1, groupId=Consumer-topic-957e8a9d_f791_416d_829a_092e3e4b493f] Client requested disconnect from node 2147483647
2025-08-13 02:13:44,239 INFO  [org.apa.kaf.cli.con.int.ConsumerCoordinator] (Thread-603) [Consumer clientId=consumer-Consumer-topic-957e8a9d_f791_416d_829a_092e3e4b493f-1, groupId=Consumer-topic-957e8a9d_f791_416d_829a_092e3e4b493f] Discovered group coordinator localhost:32769 (id: 2147483647 rack: null)
2025-08-13 02:13:44,239 INFO  [org.apa.kaf.cli.con.int.ConsumerCoordinator] (Thread-603) [Consumer clientId=consumer-Consumer-topic-957e8a9d_f791_416d_829a_092e3e4b493f-1, groupId=Consumer-topic-957e8a9d_f791_416d_829a_092e3e4b493f] Group coordinator localhost:32769 (id: 2147483647 rack: null) is unavailable or invalid due to cause: coordinator unavailable. isDisconnected: false. Rediscovery will be attempted.
2025-08-13 02:13:44,240 INFO  [org.apa.kaf.cli.con.int.ConsumerCoordinator] (Thread-603) [Consumer clientId=consumer-Consumer-topic-957e8a9d_f791_416d_829a_092e3e4b493f-1, groupId=Consumer-topic-957e8a9d_f791_416d_829a_092e3e4b493f] Requesting disconnect from last known coordinator localhost:32769 (id: 2147483647 rack: null)
2025-08-13 02:13:44,352 INFO  [org.apa.kaf.cli.con.int.ConsumerCoordinator] (Thread-603) [Consumer clientId=consumer-Consumer-topic-957e8a9d_f791_416d_829a_092e3e4b493f-1, groupId=Consumer-topic-957e8a9d_f791_416d_829a_092e3e4b493f] Discovered group coordinator localhost:32769 (id: 2147483647 rack: null)
2025-08-13 02:13:44,353 INFO  [org.apa.kaf.cli.con.int.ConsumerCoordinator] (Thread-603) [Consumer clientId=consumer-Consumer-topic-957e8a9d_f791_416d_829a_092e3e4b493f-1, groupId=Consumer-topic-957e8a9d_f791_416d_829a_092e3e4b493f] Request joining group due to: rebalance failed due to 'This is not the correct coordinator.' (NotCoordinatorException)
2025-08-13 02:13:44,354 INFO  [org.apa.kaf.cli.con.int.ConsumerCoordinator] (Thread-603) [Consumer clientId=consumer-Consumer-topic-957e8a9d_f791_416d_829a_092e3e4b493f-1, groupId=Consumer-topic-957e8a9d_f791_416d_829a_092e3e4b493f] (Re-)joining group
2025-08-13 02:13:44,360 INFO  [org.apa.kaf.cli.con.int.ConsumerCoordinator] (Thread-603) [Consumer clientId=consumer-Consumer-topic-957e8a9d_f791_416d_829a_092e3e4b493f-1, groupId=Consumer-topic-957e8a9d_f791_416d_829a_092e3e4b493f] Group coordinator localhost:32769 (id: 2147483647 rack: null) is unavailable or invalid due to cause: error response NOT_COORDINATOR. isDisconnected: false. Rediscovery will be attempted.
2025-08-13 02:13:44,362 INFO  [org.apa.kaf.cli.con.int.ConsumerCoordinator] (Thread-603) [Consumer clientId=consumer-Consumer-topic-957e8a9d_f791_416d_829a_092e3e4b493f-1, groupId=Consumer-topic-957e8a9d_f791_416d_829a_092e3e4b493f] Requesting disconnect from last known coordinator localhost:32769 (id: 2147483647 rack: null)
2025-08-13 02:13:44,362 INFO  [org.apa.kaf.cli.con.int.ConsumerCoordinator] (Thread-603) [Consumer clientId=consumer-Consumer-topic-957e8a9d_f791_416d_829a_092e3e4b493f-1, groupId=Consumer-topic-957e8a9d_f791_416d_829a_092e3e4b493f] JoinGroup failed: This is not the correct coordinator. Marking coordinator unknown. Sent generation was Generation{generationId=-1, memberId='', protocol='null'}
2025-08-13 02:13:44,363 INFO  [org.apa.kaf.cli.NetworkClient] (Thread-603) [Consumer clientId=consumer-Consumer-topic-957e8a9d_f791_416d_829a_092e3e4b493f-1, groupId=Consumer-topic-957e8a9d_f791_416d_829a_092e3e4b493f] Client requested disconnect from node 2147483647
2025-08-13 02:13:44,371 INFO  [org.apa.kaf.cli.con.int.ConsumerCoordinator] (Thread-603) [Consumer clientId=consumer-Consumer-topic-957e8a9d_f791_416d_829a_092e3e4b493f-1, groupId=Consumer-topic-957e8a9d_f791_416d_829a_092e3e4b493f] Discovered group coordinator localhost:32769 (id: 2147483647 rack: null)
2025-08-13 02:13:44,372 INFO  [org.apa.kaf.cli.con.int.ConsumerCoordinator] (Thread-603) [Consumer clientId=consumer-Consumer-topic-957e8a9d_f791_416d_829a_092e3e4b493f-1, groupId=Consumer-topic-957e8a9d_f791_416d_829a_092e3e4b493f] Group coordinator localhost:32769 (id: 2147483647 rack: null) is unavailable or invalid due to cause: coordinator unavailable. isDisconnected: false. Rediscovery will be attempted.
2025-08-13 02:13:44,373 INFO  [org.apa.kaf.cli.con.int.ConsumerCoordinator] (Thread-603) [Consumer clientId=consumer-Consumer-topic-957e8a9d_f791_416d_829a_092e3e4b493f-1, groupId=Consumer-topic-957e8a9d_f791_416d_829a_092e3e4b493f] Requesting disconnect from last known coordinator localhost:32769 (id: 2147483647 rack: null)
2025-08-13 02:13:44,486 INFO  [org.apa.kaf.cli.con.int.ConsumerCoordinator] (Thread-603) [Consumer clientId=consumer-Consumer-topic-957e8a9d_f791_416d_829a_092e3e4b493f-1, groupId=Consumer-topic-957e8a9d_f791_416d_829a_092e3e4b493f] Discovered group coordinator localhost:32769 (id: 2147483647 rack: null)
2025-08-13 02:13:44,489 INFO  [org.apa.kaf.cli.con.int.ConsumerCoordinator] (Thread-603) [Consumer clientId=consumer-Consumer-topic-957e8a9d_f791_416d_829a_092e3e4b493f-1, groupId=Consumer-topic-957e8a9d_f791_416d_829a_092e3e4b493f] Request joining group due to: rebalance failed due to 'This is not the correct coordinator.' (NotCoordinatorException)
2025-08-13 02:13:44,491 INFO  [org.apa.kaf.cli.con.int.ConsumerCoordinator] (Thread-603) [Consumer clientId=consumer-Consumer-topic-957e8a9d_f791_416d_829a_092e3e4b493f-1, groupId=Consumer-topic-957e8a9d_f791_416d_829a_092e3e4b493f] (Re-)joining group
2025-08-13 02:13:44,501 INFO  [org.apa.kaf.cli.con.int.ConsumerCoordinator] (Thread-603) [Consumer clientId=consumer-Consumer-topic-957e8a9d_f791_416d_829a_092e3e4b493f-1, groupId=Consumer-topic-957e8a9d_f791_416d_829a_092e3e4b493f] Group coordinator localhost:32769 (id: 2147483647 rack: null) is unavailable or invalid due to cause: error response NOT_COORDINATOR. isDisconnected: false. Rediscovery will be attempted.
2025-08-13 02:13:44,501 INFO  [org.apa.kaf.cli.con.int.ConsumerCoordinator] (Thread-603) [Consumer clientId=consumer-Consumer-topic-957e8a9d_f791_416d_829a_092e3e4b493f-1, groupId=Consumer-topic-957e8a9d_f791_416d_829a_092e3e4b493f] Requesting disconnect from last known coordinator localhost:32769 (id: 2147483647 rack: null)
2025-08-13 02:13:44,501 INFO  [org.apa.kaf.cli.con.int.ConsumerCoordinator] (Thread-603) [Consumer clientId=consumer-Consumer-topic-957e8a9d_f791_416d_829a_092e3e4b493f-1, groupId=Consumer-topic-957e8a9d_f791_416d_829a_092e3e4b493f] JoinGroup failed: This is not the correct coordinator. Marking coordinator unknown. Sent generation was Generation{generationId=-1, memberId='', protocol='null'}
2025-08-13 02:13:44,502 INFO  [org.apa.kaf.cli.NetworkClient] (Thread-603) [Consumer clientId=consumer-Consumer-topic-957e8a9d_f791_416d_829a_092e3e4b493f-1, groupId=Consumer-topic-957e8a9d_f791_416d_829a_092e3e4b493f] Client requested disconnect from node 2147483647
2025-08-13 02:13:44,506 INFO  [org.apa.kaf.cli.con.int.ConsumerCoordinator] (Thread-603) [Consumer clientId=consumer-Consumer-topic-957e8a9d_f791_416d_829a_092e3e4b493f-1, groupId=Consumer-topic-957e8a9d_f791_416d_829a_092e3e4b493f] Discovered group coordinator localhost:32769 (id: 2147483647 rack: null)
2025-08-13 02:13:44,506 INFO  [org.apa.kaf.cli.con.int.ConsumerCoordinator] (Thread-603) [Consumer clientId=consumer-Consumer-topic-957e8a9d_f791_416d_829a_092e3e4b493f-1, groupId=Consumer-topic-957e8a9d_f791_416d_829a_092e3e4b493f] Group coordinator localhost:32769 (id: 2147483647 rack: null) is unavailable or invalid due to cause: coordinator unavailable. isDisconnected: false. Rediscovery will be attempted.
2025-08-13 02:13:44,506 INFO  [org.apa.kaf.cli.con.int.ConsumerCoordinator] (Thread-603) [Consumer clientId=consumer-Consumer-topic-957e8a9d_f791_416d_829a_092e3e4b493f-1, groupId=Consumer-topic-957e8a9d_f791_416d_829a_092e3e4b493f] Requesting disconnect from last known coordinator localhost:32769 (id: 2147483647 rack: null)
2025-08-13 02:13:44,593 INFO  [org.apa.kaf.cli.con.int.ConsumerCoordinator] (Thread-603) [Consumer clientId=consumer-Consumer-topic-957e8a9d_f791_416d_829a_092e3e4b493f-1, groupId=Consumer-topic-957e8a9d_f791_416d_829a_092e3e4b493f] Discovered group coordinator localhost:32769 (id: 2147483647 rack: null)
2025-08-13 02:13:44,594 INFO  [org.apa.kaf.cli.con.int.ConsumerCoordinator] (Thread-603) [Consumer clientId=consumer-Consumer-topic-957e8a9d_f791_416d_829a_092e3e4b493f-1, groupId=Consumer-topic-957e8a9d_f791_416d_829a_092e3e4b493f] Request joining group due to: rebalance failed due to 'This is not the correct coordinator.' (NotCoordinatorException)
2025-08-13 02:13:44,595 INFO  [org.apa.kaf.cli.con.int.ConsumerCoordinator] (Thread-603) [Consumer clientId=consumer-Consumer-topic-957e8a9d_f791_416d_829a_092e3e4b493f-1, groupId=Consumer-topic-957e8a9d_f791_416d_829a_092e3e4b493f] (Re-)joining group
2025-08-13 02:13:44,657 INFO  [org.apa.kaf.cli.con.int.ConsumerCoordinator] (Thread-603) [Consumer clientId=consumer-Consumer-topic-957e8a9d_f791_416d_829a_092e3e4b493f-1, groupId=Consumer-topic-957e8a9d_f791_416d_829a_092e3e4b493f] JoinGroup failed: Coordinator localhost:32769 (id: 2147483647 rack: null) is loading the group.
2025-08-13 02:13:44,658 INFO  [org.apa.kaf.cli.con.int.ConsumerCoordinator] (Thread-603) [Consumer clientId=consumer-Consumer-topic-957e8a9d_f791_416d_829a_092e3e4b493f-1, groupId=Consumer-topic-957e8a9d_f791_416d_829a_092e3e4b493f] Request joining group due to: rebalance failed due to 'The coordinator is loading and hence can't process requests.' (CoordinatorLoadInProgressException)
2025-08-13 02:13:44,759 INFO  [org.apa.kaf.cli.con.int.ConsumerCoordinator] (Thread-603) [Consumer clientId=consumer-Consumer-topic-957e8a9d_f791_416d_829a_092e3e4b493f-1, groupId=Consumer-topic-957e8a9d_f791_416d_829a_092e3e4b493f] (Re-)joining group
2025-08-13 02:13:44,766 INFO  [org.apa.kaf.cli.con.int.ConsumerCoordinator] (Thread-603) [Consumer clientId=consumer-Consumer-topic-957e8a9d_f791_416d_829a_092e3e4b493f-1, groupId=Consumer-topic-957e8a9d_f791_416d_829a_092e3e4b493f] Request joining group due to: need to re-join with the given member-id: consumer-Consumer-topic-957e8a9d_f791_416d_829a_092e3e4b493f-1-0c6580e2-6a23-46b2-a74a-b10cf42a4c96
2025-08-13 02:13:44,767 INFO  [org.apa.kaf.cli.con.int.ConsumerCoordinator] (Thread-603) [Consumer clientId=consumer-Consumer-topic-957e8a9d_f791_416d_829a_092e3e4b493f-1, groupId=Consumer-topic-957e8a9d_f791_416d_829a_092e3e4b493f] (Re-)joining group
2025-08-13 02:13:45,046 INFO  [io.api.tes.ser.api.KafkaSerdesTester] (Thread-603) None found
2025-08-13 02:13:46,046 INFO  [io.api.tes.ser.api.KafkaSerdesTester] (Thread-603) None found
2025-08-13 02:13:47,047 INFO  [io.api.tes.ser.api.KafkaSerdesTester] (Thread-603) None found
2025-08-13 02:13:47,780 INFO  [org.apa.kaf.cli.con.int.ConsumerCoordinator] (Thread-603) [Consumer clientId=consumer-Consumer-topic-957e8a9d_f791_416d_829a_092e3e4b493f-1, groupId=Consumer-topic-957e8a9d_f791_416d_829a_092e3e4b493f] Successfully joined group with generation Generation{generationId=1, memberId='consumer-Consumer-topic-957e8a9d_f791_416d_829a_092e3e4b493f-1-0c6580e2-6a23-46b2-a74a-b10cf42a4c96', protocol='range'}
2025-08-13 02:13:47,787 INFO  [org.apa.kaf.cli.con.int.ConsumerCoordinator] (Thread-603) [Consumer clientId=consumer-Consumer-topic-957e8a9d_f791_416d_829a_092e3e4b493f-1, groupId=Consumer-topic-957e8a9d_f791_416d_829a_092e3e4b493f] Finished assignment for group at generation 1: {consumer-Consumer-topic-957e8a9d_f791_416d_829a_092e3e4b493f-1-0c6580e2-6a23-46b2-a74a-b10cf42a4c96=Assignment(partitions=[topic-957e8a9d_f791_416d_829a_092e3e4b493f-0])}
2025-08-13 02:13:47,809 INFO  [org.apa.kaf.cli.con.int.ConsumerCoordinator] (Thread-603) [Consumer clientId=consumer-Consumer-topic-957e8a9d_f791_416d_829a_092e3e4b493f-1, groupId=Consumer-topic-957e8a9d_f791_416d_829a_092e3e4b493f] Successfully synced group in generation Generation{generationId=1, memberId='consumer-Consumer-topic-957e8a9d_f791_416d_829a_092e3e4b493f-1-0c6580e2-6a23-46b2-a74a-b10cf42a4c96', protocol='range'}
2025-08-13 02:13:47,809 INFO  [org.apa.kaf.cli.con.int.ConsumerCoordinator] (Thread-603) [Consumer clientId=consumer-Consumer-topic-957e8a9d_f791_416d_829a_092e3e4b493f-1, groupId=Consumer-topic-957e8a9d_f791_416d_829a_092e3e4b493f] Notifying assignor about the new Assignment(partitions=[topic-957e8a9d_f791_416d_829a_092e3e4b493f-0])
2025-08-13 02:13:47,814 INFO  [org.apa.kaf.cli.con.int.ConsumerRebalanceListenerInvoker] (Thread-603) [Consumer clientId=consumer-Consumer-topic-957e8a9d_f791_416d_829a_092e3e4b493f-1, groupId=Consumer-topic-957e8a9d_f791_416d_829a_092e3e4b493f] Adding newly assigned partitions: topic-957e8a9d_f791_416d_829a_092e3e4b493f-0
2025-08-13 02:13:47,837 INFO  [org.apa.kaf.cli.con.int.ConsumerCoordinator] (Thread-603) [Consumer clientId=consumer-Consumer-topic-957e8a9d_f791_416d_829a_092e3e4b493f-1, groupId=Consumer-topic-957e8a9d_f791_416d_829a_092e3e4b493f] Found no committed offset for partition topic-957e8a9d_f791_416d_829a_092e3e4b493f-0
2025-08-13 02:13:47,860 INFO  [org.apa.kaf.cli.con.int.SubscriptionState] (Thread-603) [Consumer clientId=consumer-Consumer-topic-957e8a9d_f791_416d_829a_092e3e4b493f-1, groupId=Consumer-topic-957e8a9d_f791_416d_829a_092e3e4b493f] Resetting offset for partition topic-957e8a9d_f791_416d_829a_092e3e4b493f-0 to position FetchPosition{offset=0, offsetEpoch=Optional.empty, currentLeader=LeaderAndEpoch{leader=Optional[localhost:32769 (id: 0 rack: null)], epoch=0}}.
2025-08-13 02:13:47,981 INFO  [io.api.tes.ser.api.KafkaSerdesTester] (Thread-603) topic-957e8a9d_f791_416d_829a_092e3e4b493f 0 0 {"key11755051222797": "value-0"}
2025-08-13 02:13:47,982 INFO  [io.api.tes.ser.api.KafkaSerdesTester] (Thread-603) topic-957e8a9d_f791_416d_829a_092e3e4b493f 0 1 {"key11755051222797": "value-1"}
2025-08-13 02:13:47,982 INFO  [io.api.tes.ser.api.KafkaSerdesTester] (Thread-603) topic-957e8a9d_f791_416d_829a_092e3e4b493f 0 2 {"key11755051222797": "value-2"}
2025-08-13 02:13:47,982 INFO  [io.api.tes.ser.api.KafkaSerdesTester] (Thread-603) topic-957e8a9d_f791_416d_829a_092e3e4b493f 0 3 {"key11755051222797": "value-3"}
2025-08-13 02:13:47,982 INFO  [io.api.tes.ser.api.KafkaSerdesTester] (Thread-603) topic-957e8a9d_f791_416d_829a_092e3e4b493f 0 4 {"key11755051222797": "value-4"}
2025-08-13 02:13:47,982 INFO  [io.api.tes.ser.api.KafkaSerdesTester] (Thread-603) topic-957e8a9d_f791_416d_829a_092e3e4b493f 0 5 {"key11755051222797": "value-5"}
2025-08-13 02:13:47,986 INFO  [io.api.tes.ser.api.KafkaSerdesTester] (Thread-603) topic-957e8a9d_f791_416d_829a_092e3e4b493f 0 6 {"key11755051222797": "value-6"}
2025-08-13 02:13:47,986 INFO  [io.api.tes.ser.api.KafkaSerdesTester] (Thread-603) topic-957e8a9d_f791_416d_829a_092e3e4b493f 0 7 {"key11755051222797": "value-7"}
2025-08-13 02:13:47,987 INFO  [io.api.tes.ser.api.KafkaSerdesTester] (Thread-603) topic-957e8a9d_f791_416d_829a_092e3e4b493f 0 8 {"key11755051222797": "value-8"}
2025-08-13 02:13:47,987 INFO  [io.api.tes.ser.api.KafkaSerdesTester] (Thread-603) topic-957e8a9d_f791_416d_829a_092e3e4b493f 0 9 {"key11755051222797": "value-9"}
2025-08-13 02:13:47,987 INFO  [io.api.tes.ser.api.KafkaSerdesTester] (Thread-603) Consumed 10 messages
2025-08-13 02:13:48,022 INFO  [org.apa.kaf.cli.con.int.ConsumerRebalanceListenerInvoker] (Thread-603) [Consumer clientId=consumer-Consumer-topic-957e8a9d_f791_416d_829a_092e3e4b493f-1, groupId=Consumer-topic-957e8a9d_f791_416d_829a_092e3e4b493f] Revoke previously assigned partitions topic-957e8a9d_f791_416d_829a_092e3e4b493f-0
2025-08-13 02:13:48,022 INFO  [org.apa.kaf.cli.con.int.ConsumerCoordinator] (Thread-603) [Consumer clientId=consumer-Consumer-topic-957e8a9d_f791_416d_829a_092e3e4b493f-1, groupId=Consumer-topic-957e8a9d_f791_416d_829a_092e3e4b493f] Member consumer-Consumer-topic-957e8a9d_f791_416d_829a_092e3e4b493f-1-0c6580e2-6a23-46b2-a74a-b10cf42a4c96 sending LeaveGroup request to coordinator localhost:32769 (id: 2147483647 rack: null) due to the consumer is being closed
2025-08-13 02:13:48,025 INFO  [org.apa.kaf.cli.con.int.ConsumerCoordinator] (Thread-603) [Consumer clientId=consumer-Consumer-topic-957e8a9d_f791_416d_829a_092e3e4b493f-1, groupId=Consumer-topic-957e8a9d_f791_416d_829a_092e3e4b493f] Resetting generation and member id due to: consumer pro-actively leaving the group
2025-08-13 02:13:48,027 INFO  [org.apa.kaf.cli.con.int.ConsumerCoordinator] (Thread-603) [Consumer clientId=consumer-Consumer-topic-957e8a9d_f791_416d_829a_092e3e4b493f-1, groupId=Consumer-topic-957e8a9d_f791_416d_829a_092e3e4b493f] Request joining group due to: consumer pro-actively leaving the group
2025-08-13 02:13:48,499 INFO  [org.apa.kaf.com.met.Metrics] (Thread-603) Metrics scheduler closed
2025-08-13 02:13:48,499 INFO  [org.apa.kaf.com.met.Metrics] (Thread-603) Closing reporter org.apache.kafka.common.metrics.JmxReporter
2025-08-13 02:13:48,500 INFO  [org.apa.kaf.com.met.Metrics] (Thread-603) Closing reporter org.apache.kafka.common.telemetry.internals.ClientTelemetryReporter
2025-08-13 02:13:48,500 INFO  [org.apa.kaf.com.met.Metrics] (Thread-603) Metrics reporters closed
2025-08-13 02:13:48,509 INFO  [org.apa.kaf.com.uti.AppInfoParser] (Thread-603) App info kafka.consumer for consumer-Consumer-topic-957e8a9d_f791_416d_829a_092e3e4b493f-1 unregistered
2025-08-13 02:13:48,512 INFO  [io.api.tes.uti.TestSeparator] (main) io.apicurio.tests.serdes.apicurio.AvroSerdeIT.testGlobalIdInHeaders-FINISHED
2025-08-13 02:13:48,512 INFO  [io.api.tes.uti.TestSeparator] (main) ############################################################################
Test passed: testGlobalIdInHeaders
]]></system-out>
  </testcase>
  <testcase name="testSimpleTopicIdStrategyFindLatest" classname="io.apicurio.tests.serdes.apicurio.AvroSerdeIT" time="4.986">
    <system-out><![CDATA[2025-08-13 02:13:48,519 INFO  [io.api.tes.uti.TestSeparator] (main) ############################################################################
2025-08-13 02:13:48,519 INFO  [io.api.tes.uti.TestSeparator] (main) io.apicurio.tests.serdes.apicurio.AvroSerdeIT.testSimpleTopicIdStrategyFindLatest-STARTED
2025-08-13 02:13:48,520 INFO  [io.api.tes.ser.api.AvroSerdeIT] (main) Registering Avro Schema: {"type":"record","name":"myrecordapicurio1","fields":[{"name":"key11755051228519","type":"string"}]}
**** Registry Base URL: http://registry-app-pg17.apps.ci419.apicurio-testing.org:80
2025-08-13 02:13:49,619 INFO  [org.apa.kaf.cli.pro.ProducerConfig] (main) ProducerConfig values: 
	acks = -1
	auto.include.jmx.reporter = true
	batch.size = 16384
	bootstrap.servers = [PLAINTEXT://localhost:32769]
	buffer.memory = 33554432
	client.dns.lookup = use_all_dns_ips
	client.id = Producer-topic-612bfd52_087c_4874_a2be_97e32bda555e
	compression.gzip.level = -1
	compression.lz4.level = 9
	compression.type = none
	compression.zstd.level = 3
	connections.max.idle.ms = 10000
	delivery.timeout.ms = 120000
	enable.idempotence = true
	enable.metrics.push = true
	interceptor.classes = []
	key.serializer = class org.apache.kafka.common.serialization.StringSerializer
	linger.ms = 0
	max.block.ms = 60000
	max.in.flight.requests.per.connection = 5
	max.request.size = 1048576
	metadata.max.age.ms = 300000
	metadata.max.idle.ms = 300000
	metadata.recovery.strategy = none
	metric.reporters = []
	metrics.num.samples = 2
	metrics.recording.level = INFO
	metrics.sample.window.ms = 30000
	partitioner.adaptive.partitioning.enable = true
	partitioner.availability.timeout.ms = 0
	partitioner.class = null
	partitioner.ignore.keys = false
	receive.buffer.bytes = 32768
	reconnect.backoff.max.ms = 1000
	reconnect.backoff.ms = 50
	request.timeout.ms = 5000
	retries = 2147483647
	retry.backoff.max.ms = 1000
	retry.backoff.ms = 100
	sasl.client.callback.handler.class = null
	sasl.jaas.config = null
	sasl.kerberos.kinit.cmd = /usr/bin/kinit
	sasl.kerberos.min.time.before.relogin = 60000
	sasl.kerberos.service.name = null
	sasl.kerberos.ticket.renew.jitter = 0.05
	sasl.kerberos.ticket.renew.window.factor = 0.8
	sasl.login.callback.handler.class = null
	sasl.login.class = null
	sasl.login.connect.timeout.ms = null
	sasl.login.read.timeout.ms = null
	sasl.login.refresh.buffer.seconds = 300
	sasl.login.refresh.min.period.seconds = 60
	sasl.login.refresh.window.factor = 0.8
	sasl.login.refresh.window.jitter = 0.05
	sasl.login.retry.backoff.max.ms = 10000
	sasl.login.retry.backoff.ms = 100
	sasl.mechanism = GSSAPI
	sasl.oauthbearer.clock.skew.seconds = 30
	sasl.oauthbearer.expected.audience = null
	sasl.oauthbearer.expected.issuer = null
	sasl.oauthbearer.header.urlencode = false
	sasl.oauthbearer.jwks.endpoint.refresh.ms = 3600000
	sasl.oauthbearer.jwks.endpoint.retry.backoff.max.ms = 10000
	sasl.oauthbearer.jwks.endpoint.retry.backoff.ms = 100
	sasl.oauthbearer.jwks.endpoint.url = null
	sasl.oauthbearer.scope.claim.name = scope
	sasl.oauthbearer.sub.claim.name = sub
	sasl.oauthbearer.token.endpoint.url = null
	security.protocol = PLAINTEXT
	security.providers = null
	send.buffer.bytes = 131072
	socket.connection.setup.timeout.max.ms = 30000
	socket.connection.setup.timeout.ms = 10000
	ssl.cipher.suites = null
	ssl.enabled.protocols = [TLSv1.2, TLSv1.3]
	ssl.endpoint.identification.algorithm = https
	ssl.engine.factory.class = null
	ssl.key.password = null
	ssl.keymanager.algorithm = SunX509
	ssl.keystore.certificate.chain = null
	ssl.keystore.key = null
	ssl.keystore.location = null
	ssl.keystore.password = null
	ssl.keystore.type = JKS
	ssl.protocol = TLSv1.3
	ssl.provider = null
	ssl.secure.random.implementation = null
	ssl.trustmanager.algorithm = PKIX
	ssl.truststore.certificates = null
	ssl.truststore.location = null
	ssl.truststore.password = null
	ssl.truststore.type = JKS
	transaction.timeout.ms = 60000
	transactional.id = null
	value.serializer = class io.apicurio.registry.serde.avro.AvroKafkaSerializer

2025-08-13 02:13:49,619 INFO  [org.apa.kaf.com.tel.int.KafkaMetricsCollector] (main) initializing Kafka metrics collector
2025-08-13 02:13:49,624 INFO  [org.apa.kaf.cli.pro.KafkaProducer] (main) [Producer clientId=Producer-topic-612bfd52_087c_4874_a2be_97e32bda555e] Instantiated an idempotent producer.
2025-08-13 02:13:49,633 INFO  [org.apa.kaf.cli.pro.ProducerConfig] (main) These configurations '[apicurio.registry.find-latest, apicurio.registry.artifact.group-id, apicurio.registry.url, apicurio.registry.artifact-resolver-strategy]' were supplied but are not used yet.
2025-08-13 02:13:49,633 INFO  [org.apa.kaf.com.uti.AppInfoParser] (main) Kafka version: 3.9.1
2025-08-13 02:13:49,633 INFO  [org.apa.kaf.com.uti.AppInfoParser] (main) Kafka commitId: f745dfdcee2b9851
2025-08-13 02:13:49,633 INFO  [org.apa.kaf.com.uti.AppInfoParser] (main) Kafka startTimeMs: 1755051229633
2025-08-13 02:13:49,633 INFO  [io.api.tes.ser.api.SimpleSerdesTesterBuilder$SimpleSerdesTester] (main) Using producer configuration: {apicurio.registry.find-latest=true, apicurio.registry.artifact.group-id=topic-612bfd52_087c_4874_a2be_97e32bda555e, apicurio.registry.url=http://registry-app-pg17.apps.ci419.apicurio-testing.org:80/apis/registry/v3, apicurio.registry.artifact-resolver-strategy=io.apicurio.registry.serde.strategy.SimpleTopicIdStrategy, value.serializer=io.apicurio.registry.serde.avro.AvroKafkaSerializer, request.timeout.ms=5000, acks=all, bootstrap.servers=PLAINTEXT://localhost:32769, connections.max.idle.ms=10000, key.serializer=org.apache.kafka.common.serialization.StringSerializer, client.id=Producer-topic-612bfd52_087c_4874_a2be_97e32bda555e}
2025-08-13 02:13:49,634 INFO  [io.api.tes.ser.api.SimpleSerdesTesterBuilder$SimpleSerdesTester] (main) Using consumer configuration: {}
2025-08-13 02:13:49,636 INFO  [io.api.tes.ser.api.KafkaSerdesTester] (Thread-606) Sending message {"key11755051228519": "value-0"} to topic topic-612bfd52_087c_4874_a2be_97e32bda555e
2025-08-13 02:13:49,645 INFO  [org.apa.kaf.cli.Metadata] (kafka-producer-network-thread | Producer-topic-612bfd52_087c_4874_a2be_97e32bda555e) [Producer clientId=Producer-topic-612bfd52_087c_4874_a2be_97e32bda555e] Cluster ID: NjaB_jQRSOy2vs25Uo6hCg
2025-08-13 02:13:49,649 INFO  [org.apa.kaf.cli.pro.int.TransactionManager] (kafka-producer-network-thread | Producer-topic-612bfd52_087c_4874_a2be_97e32bda555e) [Producer clientId=Producer-topic-612bfd52_087c_4874_a2be_97e32bda555e] ProducerId set to 1 with epoch 0
2025-08-13 02:13:49,767 INFO  [io.api.tes.ser.api.KafkaSerdesTester] (Thread-606) Sending message {"key11755051228519": "value-1"} to topic topic-612bfd52_087c_4874_a2be_97e32bda555e
2025-08-13 02:13:49,771 INFO  [io.api.tes.ser.api.KafkaSerdesTester] (Thread-606) Sending message {"key11755051228519": "value-2"} to topic topic-612bfd52_087c_4874_a2be_97e32bda555e
2025-08-13 02:13:49,776 INFO  [io.api.tes.ser.api.KafkaSerdesTester] (Thread-606) Sending message {"key11755051228519": "value-3"} to topic topic-612bfd52_087c_4874_a2be_97e32bda555e
2025-08-13 02:13:49,780 INFO  [io.api.tes.ser.api.KafkaSerdesTester] (Thread-606) Sending message {"key11755051228519": "value-4"} to topic topic-612bfd52_087c_4874_a2be_97e32bda555e
2025-08-13 02:13:49,788 INFO  [io.api.tes.ser.api.KafkaSerdesTester] (Thread-606) Sending message {"key11755051228519": "value-5"} to topic topic-612bfd52_087c_4874_a2be_97e32bda555e
2025-08-13 02:13:49,795 INFO  [io.api.tes.ser.api.KafkaSerdesTester] (Thread-606) Sending message {"key11755051228519": "value-6"} to topic topic-612bfd52_087c_4874_a2be_97e32bda555e
2025-08-13 02:13:49,802 INFO  [io.api.tes.ser.api.KafkaSerdesTester] (Thread-606) Sending message {"key11755051228519": "value-7"} to topic topic-612bfd52_087c_4874_a2be_97e32bda555e
2025-08-13 02:13:49,807 INFO  [io.api.tes.ser.api.KafkaSerdesTester] (Thread-606) Sending message {"key11755051228519": "value-8"} to topic topic-612bfd52_087c_4874_a2be_97e32bda555e
2025-08-13 02:13:49,809 INFO  [io.api.tes.ser.api.KafkaSerdesTester] (Thread-606) Sending message {"key11755051228519": "value-9"} to topic topic-612bfd52_087c_4874_a2be_97e32bda555e
2025-08-13 02:13:49,812 INFO  [io.api.tes.ser.api.KafkaSerdesTester] (Thread-606) Produced 10 messages
2025-08-13 02:13:49,812 INFO  [org.apa.kaf.cli.pro.KafkaProducer] (Thread-606) [Producer clientId=Producer-topic-612bfd52_087c_4874_a2be_97e32bda555e] Closing the Kafka producer with timeoutMillis = 9223372036854775807 ms.
2025-08-13 02:13:49,820 INFO  [org.apa.kaf.com.met.Metrics] (Thread-606) Metrics scheduler closed
2025-08-13 02:13:49,820 INFO  [org.apa.kaf.com.met.Metrics] (Thread-606) Closing reporter org.apache.kafka.common.metrics.JmxReporter
2025-08-13 02:13:49,822 INFO  [org.apa.kaf.com.met.Metrics] (Thread-606) Closing reporter org.apache.kafka.common.telemetry.internals.ClientTelemetryReporter
2025-08-13 02:13:49,822 INFO  [org.apa.kaf.com.met.Metrics] (Thread-606) Metrics reporters closed
2025-08-13 02:13:49,823 INFO  [org.apa.kaf.com.uti.AppInfoParser] (Thread-606) App info kafka.producer for Producer-topic-612bfd52_087c_4874_a2be_97e32bda555e unregistered
**** Registry Base URL: http://registry-app-pg17.apps.ci419.apicurio-testing.org:80
2025-08-13 02:13:49,824 INFO  [org.apa.kaf.cli.con.ConsumerConfig] (main) ConsumerConfig values: 
	allow.auto.create.topics = true
	auto.commit.interval.ms = 500
	auto.include.jmx.reporter = true
	auto.offset.reset = earliest
	bootstrap.servers = [PLAINTEXT://localhost:32769]
	check.crcs = true
	client.dns.lookup = use_all_dns_ips
	client.id = consumer-Consumer-topic-612bfd52_087c_4874_a2be_97e32bda555e-2
	client.rack = 
	connections.max.idle.ms = 10000
	default.api.timeout.ms = 60000
	enable.auto.commit = true
	enable.metrics.push = true
	exclude.internal.topics = true
	fetch.max.bytes = 52428800
	fetch.max.wait.ms = 500
	fetch.min.bytes = 1
	group.id = Consumer-topic-612bfd52_087c_4874_a2be_97e32bda555e
	group.instance.id = null
	group.protocol = classic
	group.remote.assignor = null
	heartbeat.interval.ms = 3000
	interceptor.classes = []
	internal.leave.group.on.close = true
	internal.throw.on.fetch.stable.offset.unsupported = false
	isolation.level = read_uncommitted
	key.deserializer = class org.apache.kafka.common.serialization.StringDeserializer
	max.partition.fetch.bytes = 1048576
	max.poll.interval.ms = 300000
	max.poll.records = 500
	metadata.max.age.ms = 300000
	metadata.recovery.strategy = none
	metric.reporters = []
	metrics.num.samples = 2
	metrics.recording.level = INFO
	metrics.sample.window.ms = 30000
	partition.assignment.strategy = [class org.apache.kafka.clients.consumer.RangeAssignor, class org.apache.kafka.clients.consumer.CooperativeStickyAssignor]
	receive.buffer.bytes = 65536
	reconnect.backoff.max.ms = 1000
	reconnect.backoff.ms = 50
	request.timeout.ms = 5000
	retry.backoff.max.ms = 1000
	retry.backoff.ms = 100
	sasl.client.callback.handler.class = null
	sasl.jaas.config = null
	sasl.kerberos.kinit.cmd = /usr/bin/kinit
	sasl.kerberos.min.time.before.relogin = 60000
	sasl.kerberos.service.name = null
	sasl.kerberos.ticket.renew.jitter = 0.05
	sasl.kerberos.ticket.renew.window.factor = 0.8
	sasl.login.callback.handler.class = null
	sasl.login.class = null
	sasl.login.connect.timeout.ms = null
	sasl.login.read.timeout.ms = null
	sasl.login.refresh.buffer.seconds = 300
	sasl.login.refresh.min.period.seconds = 60
	sasl.login.refresh.window.factor = 0.8
	sasl.login.refresh.window.jitter = 0.05
	sasl.login.retry.backoff.max.ms = 10000
	sasl.login.retry.backoff.ms = 100
	sasl.mechanism = GSSAPI
	sasl.oauthbearer.clock.skew.seconds = 30
	sasl.oauthbearer.expected.audience = null
	sasl.oauthbearer.expected.issuer = null
	sasl.oauthbearer.header.urlencode = false
	sasl.oauthbearer.jwks.endpoint.refresh.ms = 3600000
	sasl.oauthbearer.jwks.endpoint.retry.backoff.max.ms = 10000
	sasl.oauthbearer.jwks.endpoint.retry.backoff.ms = 100
	sasl.oauthbearer.jwks.endpoint.url = null
	sasl.oauthbearer.scope.claim.name = scope
	sasl.oauthbearer.sub.claim.name = sub
	sasl.oauthbearer.token.endpoint.url = null
	security.protocol = PLAINTEXT
	security.providers = null
	send.buffer.bytes = 131072
	session.timeout.ms = 45000
	socket.connection.setup.timeout.max.ms = 30000
	socket.connection.setup.timeout.ms = 10000
	ssl.cipher.suites = null
	ssl.enabled.protocols = [TLSv1.2, TLSv1.3]
	ssl.endpoint.identification.algorithm = https
	ssl.engine.factory.class = null
	ssl.key.password = null
	ssl.keymanager.algorithm = SunX509
	ssl.keystore.certificate.chain = null
	ssl.keystore.key = null
	ssl.keystore.location = null
	ssl.keystore.password = null
	ssl.keystore.type = JKS
	ssl.protocol = TLSv1.3
	ssl.provider = null
	ssl.secure.random.implementation = null
	ssl.trustmanager.algorithm = PKIX
	ssl.truststore.certificates = null
	ssl.truststore.location = null
	ssl.truststore.password = null
	ssl.truststore.type = JKS
	value.deserializer = class io.apicurio.registry.serde.avro.AvroKafkaDeserializer

2025-08-13 02:13:49,824 INFO  [org.apa.kaf.com.tel.int.KafkaMetricsCollector] (main) initializing Kafka metrics collector
2025-08-13 02:13:49,841 INFO  [org.apa.kaf.cli.con.ConsumerConfig] (main) These configurations '[apicurio.registry.url]' were supplied but are not used yet.
2025-08-13 02:13:49,842 INFO  [org.apa.kaf.com.uti.AppInfoParser] (main) Kafka version: 3.9.1
2025-08-13 02:13:49,842 INFO  [org.apa.kaf.com.uti.AppInfoParser] (main) Kafka commitId: f745dfdcee2b9851
2025-08-13 02:13:49,843 INFO  [org.apa.kaf.com.uti.AppInfoParser] (main) Kafka startTimeMs: 1755051229842
2025-08-13 02:13:49,844 INFO  [org.apa.kaf.cli.con.int.ClassicKafkaConsumer] (Thread-609) [Consumer clientId=consumer-Consumer-topic-612bfd52_087c_4874_a2be_97e32bda555e-2, groupId=Consumer-topic-612bfd52_087c_4874_a2be_97e32bda555e] Subscribed to topic(s): topic-612bfd52_087c_4874_a2be_97e32bda555e
2025-08-13 02:13:49,853 INFO  [org.apa.kaf.cli.Metadata] (Thread-609) [Consumer clientId=consumer-Consumer-topic-612bfd52_087c_4874_a2be_97e32bda555e-2, groupId=Consumer-topic-612bfd52_087c_4874_a2be_97e32bda555e] Cluster ID: NjaB_jQRSOy2vs25Uo6hCg
2025-08-13 02:13:49,859 INFO  [org.apa.kaf.cli.con.int.ConsumerCoordinator] (Thread-609) [Consumer clientId=consumer-Consumer-topic-612bfd52_087c_4874_a2be_97e32bda555e-2, groupId=Consumer-topic-612bfd52_087c_4874_a2be_97e32bda555e] Discovered group coordinator localhost:32769 (id: 2147483647 rack: null)
2025-08-13 02:13:49,865 INFO  [org.apa.kaf.cli.con.int.ConsumerCoordinator] (Thread-609) [Consumer clientId=consumer-Consumer-topic-612bfd52_087c_4874_a2be_97e32bda555e-2, groupId=Consumer-topic-612bfd52_087c_4874_a2be_97e32bda555e] (Re-)joining group
2025-08-13 02:13:49,867 INFO  [org.apa.kaf.cli.con.int.ConsumerCoordinator] (Thread-609) [Consumer clientId=consumer-Consumer-topic-612bfd52_087c_4874_a2be_97e32bda555e-2, groupId=Consumer-topic-612bfd52_087c_4874_a2be_97e32bda555e] Request joining group due to: need to re-join with the given member-id: consumer-Consumer-topic-612bfd52_087c_4874_a2be_97e32bda555e-2-f1f3b9c8-078a-4f74-a971-2421f92fb0d6
2025-08-13 02:13:49,868 INFO  [org.apa.kaf.cli.con.int.ConsumerCoordinator] (Thread-609) [Consumer clientId=consumer-Consumer-topic-612bfd52_087c_4874_a2be_97e32bda555e-2, groupId=Consumer-topic-612bfd52_087c_4874_a2be_97e32bda555e] (Re-)joining group
2025-08-13 02:13:50,844 INFO  [io.api.tes.ser.api.KafkaSerdesTester] (Thread-609) None found
2025-08-13 02:13:51,846 INFO  [io.api.tes.ser.api.KafkaSerdesTester] (Thread-609) None found
2025-08-13 02:13:52,846 INFO  [io.api.tes.ser.api.KafkaSerdesTester] (Thread-609) None found
2025-08-13 02:13:52,871 INFO  [org.apa.kaf.cli.con.int.ConsumerCoordinator] (Thread-609) [Consumer clientId=consumer-Consumer-topic-612bfd52_087c_4874_a2be_97e32bda555e-2, groupId=Consumer-topic-612bfd52_087c_4874_a2be_97e32bda555e] Successfully joined group with generation Generation{generationId=1, memberId='consumer-Consumer-topic-612bfd52_087c_4874_a2be_97e32bda555e-2-f1f3b9c8-078a-4f74-a971-2421f92fb0d6', protocol='range'}
2025-08-13 02:13:52,872 INFO  [org.apa.kaf.cli.con.int.ConsumerCoordinator] (Thread-609) [Consumer clientId=consumer-Consumer-topic-612bfd52_087c_4874_a2be_97e32bda555e-2, groupId=Consumer-topic-612bfd52_087c_4874_a2be_97e32bda555e] Finished assignment for group at generation 1: {consumer-Consumer-topic-612bfd52_087c_4874_a2be_97e32bda555e-2-f1f3b9c8-078a-4f74-a971-2421f92fb0d6=Assignment(partitions=[topic-612bfd52_087c_4874_a2be_97e32bda555e-0])}
2025-08-13 02:13:52,879 INFO  [org.apa.kaf.cli.con.int.ConsumerCoordinator] (Thread-609) [Consumer clientId=consumer-Consumer-topic-612bfd52_087c_4874_a2be_97e32bda555e-2, groupId=Consumer-topic-612bfd52_087c_4874_a2be_97e32bda555e] Successfully synced group in generation Generation{generationId=1, memberId='consumer-Consumer-topic-612bfd52_087c_4874_a2be_97e32bda555e-2-f1f3b9c8-078a-4f74-a971-2421f92fb0d6', protocol='range'}
2025-08-13 02:13:52,879 INFO  [org.apa.kaf.cli.con.int.ConsumerCoordinator] (Thread-609) [Consumer clientId=consumer-Consumer-topic-612bfd52_087c_4874_a2be_97e32bda555e-2, groupId=Consumer-topic-612bfd52_087c_4874_a2be_97e32bda555e] Notifying assignor about the new Assignment(partitions=[topic-612bfd52_087c_4874_a2be_97e32bda555e-0])
2025-08-13 02:13:52,880 INFO  [org.apa.kaf.cli.con.int.ConsumerRebalanceListenerInvoker] (Thread-609) [Consumer clientId=consumer-Consumer-topic-612bfd52_087c_4874_a2be_97e32bda555e-2, groupId=Consumer-topic-612bfd52_087c_4874_a2be_97e32bda555e] Adding newly assigned partitions: topic-612bfd52_087c_4874_a2be_97e32bda555e-0
2025-08-13 02:13:52,881 INFO  [org.apa.kaf.cli.con.int.ConsumerCoordinator] (Thread-609) [Consumer clientId=consumer-Consumer-topic-612bfd52_087c_4874_a2be_97e32bda555e-2, groupId=Consumer-topic-612bfd52_087c_4874_a2be_97e32bda555e] Found no committed offset for partition topic-612bfd52_087c_4874_a2be_97e32bda555e-0
2025-08-13 02:13:52,893 INFO  [org.apa.kaf.cli.con.int.SubscriptionState] (Thread-609) [Consumer clientId=consumer-Consumer-topic-612bfd52_087c_4874_a2be_97e32bda555e-2, groupId=Consumer-topic-612bfd52_087c_4874_a2be_97e32bda555e] Resetting offset for partition topic-612bfd52_087c_4874_a2be_97e32bda555e-0 to position FetchPosition{offset=0, offsetEpoch=Optional.empty, currentLeader=LeaderAndEpoch{leader=Optional[localhost:32769 (id: 0 rack: null)], epoch=0}}.
2025-08-13 02:13:52,984 INFO  [io.api.tes.ser.api.KafkaSerdesTester] (Thread-609) topic-612bfd52_087c_4874_a2be_97e32bda555e 0 0 {"key11755051228519": "value-0"}
2025-08-13 02:13:52,984 INFO  [io.api.tes.ser.api.KafkaSerdesTester] (Thread-609) topic-612bfd52_087c_4874_a2be_97e32bda555e 0 1 {"key11755051228519": "value-1"}
2025-08-13 02:13:52,985 INFO  [io.api.tes.ser.api.KafkaSerdesTester] (Thread-609) topic-612bfd52_087c_4874_a2be_97e32bda555e 0 2 {"key11755051228519": "value-2"}
2025-08-13 02:13:52,985 INFO  [io.api.tes.ser.api.KafkaSerdesTester] (Thread-609) topic-612bfd52_087c_4874_a2be_97e32bda555e 0 3 {"key11755051228519": "value-3"}
2025-08-13 02:13:52,985 INFO  [io.api.tes.ser.api.KafkaSerdesTester] (Thread-609) topic-612bfd52_087c_4874_a2be_97e32bda555e 0 4 {"key11755051228519": "value-4"}
2025-08-13 02:13:52,985 INFO  [io.api.tes.ser.api.KafkaSerdesTester] (Thread-609) topic-612bfd52_087c_4874_a2be_97e32bda555e 0 5 {"key11755051228519": "value-5"}
2025-08-13 02:13:52,985 INFO  [io.api.tes.ser.api.KafkaSerdesTester] (Thread-609) topic-612bfd52_087c_4874_a2be_97e32bda555e 0 6 {"key11755051228519": "value-6"}
2025-08-13 02:13:52,985 INFO  [io.api.tes.ser.api.KafkaSerdesTester] (Thread-609) topic-612bfd52_087c_4874_a2be_97e32bda555e 0 7 {"key11755051228519": "value-7"}
2025-08-13 02:13:52,986 INFO  [io.api.tes.ser.api.KafkaSerdesTester] (Thread-609) topic-612bfd52_087c_4874_a2be_97e32bda555e 0 8 {"key11755051228519": "value-8"}
2025-08-13 02:13:52,986 INFO  [io.api.tes.ser.api.KafkaSerdesTester] (Thread-609) topic-612bfd52_087c_4874_a2be_97e32bda555e 0 9 {"key11755051228519": "value-9"}
2025-08-13 02:13:52,986 INFO  [io.api.tes.ser.api.KafkaSerdesTester] (Thread-609) Consumed 10 messages
2025-08-13 02:13:52,994 INFO  [org.apa.kaf.cli.con.int.ConsumerRebalanceListenerInvoker] (Thread-609) [Consumer clientId=consumer-Consumer-topic-612bfd52_087c_4874_a2be_97e32bda555e-2, groupId=Consumer-topic-612bfd52_087c_4874_a2be_97e32bda555e] Revoke previously assigned partitions topic-612bfd52_087c_4874_a2be_97e32bda555e-0
2025-08-13 02:13:52,994 INFO  [org.apa.kaf.cli.con.int.ConsumerCoordinator] (Thread-609) [Consumer clientId=consumer-Consumer-topic-612bfd52_087c_4874_a2be_97e32bda555e-2, groupId=Consumer-topic-612bfd52_087c_4874_a2be_97e32bda555e] Member consumer-Consumer-topic-612bfd52_087c_4874_a2be_97e32bda555e-2-f1f3b9c8-078a-4f74-a971-2421f92fb0d6 sending LeaveGroup request to coordinator localhost:32769 (id: 2147483647 rack: null) due to the consumer is being closed
2025-08-13 02:13:52,995 INFO  [org.apa.kaf.cli.con.int.ConsumerCoordinator] (Thread-609) [Consumer clientId=consumer-Consumer-topic-612bfd52_087c_4874_a2be_97e32bda555e-2, groupId=Consumer-topic-612bfd52_087c_4874_a2be_97e32bda555e] Resetting generation and member id due to: consumer pro-actively leaving the group
2025-08-13 02:13:52,995 INFO  [org.apa.kaf.cli.con.int.ConsumerCoordinator] (Thread-609) [Consumer clientId=consumer-Consumer-topic-612bfd52_087c_4874_a2be_97e32bda555e-2, groupId=Consumer-topic-612bfd52_087c_4874_a2be_97e32bda555e] Request joining group due to: consumer pro-actively leaving the group
2025-08-13 02:13:53,490 INFO  [org.apa.kaf.com.met.Metrics] (Thread-609) Metrics scheduler closed
2025-08-13 02:13:53,490 INFO  [org.apa.kaf.com.met.Metrics] (Thread-609) Closing reporter org.apache.kafka.common.metrics.JmxReporter
2025-08-13 02:13:53,490 INFO  [org.apa.kaf.com.met.Metrics] (Thread-609) Closing reporter org.apache.kafka.common.telemetry.internals.ClientTelemetryReporter
2025-08-13 02:13:53,490 INFO  [org.apa.kaf.com.met.Metrics] (Thread-609) Metrics reporters closed
2025-08-13 02:13:53,498 INFO  [org.apa.kaf.com.uti.AppInfoParser] (Thread-609) App info kafka.consumer for consumer-Consumer-topic-612bfd52_087c_4874_a2be_97e32bda555e-2 unregistered
2025-08-13 02:13:53,498 INFO  [io.api.tes.uti.TestSeparator] (main) io.apicurio.tests.serdes.apicurio.AvroSerdeIT.testSimpleTopicIdStrategyFindLatest-FINISHED
2025-08-13 02:13:53,498 INFO  [io.api.tes.uti.TestSeparator] (main) ############################################################################
Test passed: testSimpleTopicIdStrategyFindLatest
]]></system-out>
  </testcase>
  <testcase name="testWrongSchema" classname="io.apicurio.tests.serdes.apicurio.AvroSerdeIT" time="1.351">
    <system-out><![CDATA[2025-08-13 02:13:53,500 INFO  [io.api.tes.uti.TestSeparator] (main) ############################################################################
2025-08-13 02:13:53,500 INFO  [io.api.tes.uti.TestSeparator] (main) io.apicurio.tests.serdes.apicurio.AvroSerdeIT.testWrongSchema-STARTED
**** Registry Base URL: http://registry-app-pg17.apps.ci419.apicurio-testing.org:80
2025-08-13 02:13:54,742 INFO  [org.apa.kaf.cli.pro.ProducerConfig] (main) ProducerConfig values: 
	acks = -1
	auto.include.jmx.reporter = true
	batch.size = 16384
	bootstrap.servers = [PLAINTEXT://localhost:32769]
	buffer.memory = 33554432
	client.dns.lookup = use_all_dns_ips
	client.id = Producer-sc3a5d14dxe03ax4898x8279x145e423e0b8f
	compression.gzip.level = -1
	compression.lz4.level = 9
	compression.type = none
	compression.zstd.level = 3
	connections.max.idle.ms = 10000
	delivery.timeout.ms = 120000
	enable.idempotence = true
	enable.metrics.push = true
	interceptor.classes = []
	key.serializer = class org.apache.kafka.common.serialization.StringSerializer
	linger.ms = 0
	max.block.ms = 60000
	max.in.flight.requests.per.connection = 5
	max.request.size = 1048576
	metadata.max.age.ms = 300000
	metadata.max.idle.ms = 300000
	metadata.recovery.strategy = none
	metric.reporters = []
	metrics.num.samples = 2
	metrics.recording.level = INFO
	metrics.sample.window.ms = 30000
	partitioner.adaptive.partitioning.enable = true
	partitioner.availability.timeout.ms = 0
	partitioner.class = null
	partitioner.ignore.keys = false
	receive.buffer.bytes = 32768
	reconnect.backoff.max.ms = 1000
	reconnect.backoff.ms = 50
	request.timeout.ms = 5000
	retries = 2147483647
	retry.backoff.max.ms = 1000
	retry.backoff.ms = 100
	sasl.client.callback.handler.class = null
	sasl.jaas.config = null
	sasl.kerberos.kinit.cmd = /usr/bin/kinit
	sasl.kerberos.min.time.before.relogin = 60000
	sasl.kerberos.service.name = null
	sasl.kerberos.ticket.renew.jitter = 0.05
	sasl.kerberos.ticket.renew.window.factor = 0.8
	sasl.login.callback.handler.class = null
	sasl.login.class = null
	sasl.login.connect.timeout.ms = null
	sasl.login.read.timeout.ms = null
	sasl.login.refresh.buffer.seconds = 300
	sasl.login.refresh.min.period.seconds = 60
	sasl.login.refresh.window.factor = 0.8
	sasl.login.refresh.window.jitter = 0.05
	sasl.login.retry.backoff.max.ms = 10000
	sasl.login.retry.backoff.ms = 100
	sasl.mechanism = GSSAPI
	sasl.oauthbearer.clock.skew.seconds = 30
	sasl.oauthbearer.expected.audience = null
	sasl.oauthbearer.expected.issuer = null
	sasl.oauthbearer.header.urlencode = false
	sasl.oauthbearer.jwks.endpoint.refresh.ms = 3600000
	sasl.oauthbearer.jwks.endpoint.retry.backoff.max.ms = 10000
	sasl.oauthbearer.jwks.endpoint.retry.backoff.ms = 100
	sasl.oauthbearer.jwks.endpoint.url = null
	sasl.oauthbearer.scope.claim.name = scope
	sasl.oauthbearer.sub.claim.name = sub
	sasl.oauthbearer.token.endpoint.url = null
	security.protocol = PLAINTEXT
	security.providers = null
	send.buffer.bytes = 131072
	socket.connection.setup.timeout.max.ms = 30000
	socket.connection.setup.timeout.ms = 10000
	ssl.cipher.suites = null
	ssl.enabled.protocols = [TLSv1.2, TLSv1.3]
	ssl.endpoint.identification.algorithm = https
	ssl.engine.factory.class = null
	ssl.key.password = null
	ssl.keymanager.algorithm = SunX509
	ssl.keystore.certificate.chain = null
	ssl.keystore.key = null
	ssl.keystore.location = null
	ssl.keystore.password = null
	ssl.keystore.type = JKS
	ssl.protocol = TLSv1.3
	ssl.provider = null
	ssl.secure.random.implementation = null
	ssl.trustmanager.algorithm = PKIX
	ssl.truststore.certificates = null
	ssl.truststore.location = null
	ssl.truststore.password = null
	ssl.truststore.type = JKS
	transaction.timeout.ms = 60000
	transactional.id = null
	value.serializer = class io.apicurio.registry.serde.avro.AvroKafkaSerializer

2025-08-13 02:13:54,743 INFO  [org.apa.kaf.com.tel.int.KafkaMetricsCollector] (main) initializing Kafka metrics collector
2025-08-13 02:13:54,746 INFO  [org.apa.kaf.cli.pro.KafkaProducer] (main) [Producer clientId=Producer-sc3a5d14dxe03ax4898x8279x145e423e0b8f] Instantiated an idempotent producer.
2025-08-13 02:13:54,753 INFO  [org.apa.kaf.cli.pro.ProducerConfig] (main) These configurations '[apicurio.registry.find-latest, apicurio.registry.url, apicurio.registry.artifact-resolver-strategy]' were supplied but are not used yet.
2025-08-13 02:13:54,753 INFO  [org.apa.kaf.com.uti.AppInfoParser] (main) Kafka version: 3.9.1
2025-08-13 02:13:54,753 INFO  [org.apa.kaf.com.uti.AppInfoParser] (main) Kafka commitId: f745dfdcee2b9851
2025-08-13 02:13:54,753 INFO  [org.apa.kaf.com.uti.AppInfoParser] (main) Kafka startTimeMs: 1755051234753
2025-08-13 02:13:54,759 INFO  [io.api.tes.ser.api.KafkaSerdesTester] (Thread-612) Sending message {"keyB": "value-0"} to topic sc3a5d14dxe03ax4898x8279x145e423e0b8f
2025-08-13 02:13:54,760 INFO  [org.apa.kaf.cli.Metadata] (kafka-producer-network-thread | Producer-sc3a5d14dxe03ax4898x8279x145e423e0b8f) [Producer clientId=Producer-sc3a5d14dxe03ax4898x8279x145e423e0b8f] Cluster ID: NjaB_jQRSOy2vs25Uo6hCg
2025-08-13 02:13:54,762 INFO  [org.apa.kaf.cli.pro.int.TransactionManager] (kafka-producer-network-thread | Producer-sc3a5d14dxe03ax4898x8279x145e423e0b8f) [Producer clientId=Producer-sc3a5d14dxe03ax4898x8279x145e423e0b8f] ProducerId set to 2 with epoch 0
2025-08-13 02:13:54,842 INFO  [org.apa.kaf.cli.pro.KafkaProducer] (Thread-612) [Producer clientId=Producer-sc3a5d14dxe03ax4898x8279x145e423e0b8f] Closing the Kafka producer with timeoutMillis = 9223372036854775807 ms.
2025-08-13 02:13:54,847 INFO  [org.apa.kaf.com.met.Metrics] (Thread-612) Metrics scheduler closed
2025-08-13 02:13:54,848 INFO  [org.apa.kaf.com.met.Metrics] (Thread-612) Closing reporter org.apache.kafka.common.metrics.JmxReporter
2025-08-13 02:13:54,848 INFO  [org.apa.kaf.com.met.Metrics] (Thread-612) Closing reporter org.apache.kafka.common.telemetry.internals.ClientTelemetryReporter
2025-08-13 02:13:54,848 INFO  [org.apa.kaf.com.met.Metrics] (Thread-612) Metrics reporters closed
2025-08-13 02:13:54,848 INFO  [org.apa.kaf.com.uti.AppInfoParser] (Thread-612) App info kafka.producer for Producer-sc3a5d14dxe03ax4898x8279x145e423e0b8f unregistered
2025-08-13 02:13:54,850 INFO  [io.api.tes.uti.TestSeparator] (main) io.apicurio.tests.serdes.apicurio.AvroSerdeIT.testWrongSchema-FINISHED
2025-08-13 02:13:54,850 INFO  [io.api.tes.uti.TestSeparator] (main) ############################################################################
Test passed: testWrongSchema
]]></system-out>
    <system-err><![CDATA[io.apicurio.registry.rest.client.models.ProblemDetails
	at io.apicurio.registry.rest.client.models.ProblemDetails.createFromDiscriminatorValue(ProblemDetails.java:58)
	at io.kiota.serialization.json.JsonParseNode.getObjectValue(JsonParseNode.java:247)
	at io.kiota.http.vertx.VertXRequestAdapter.lambda$throwIfFailedResponse$0(VertXRequestAdapter.java:400)
	at com.microsoft.kiota.ApiExceptionBuilder.<init>(ApiExceptionBuilder.java:26)
	at io.kiota.http.vertx.VertXRequestAdapter.throwIfFailedResponse(VertXRequestAdapter.java:399)
	at io.kiota.http.vertx.VertXRequestAdapter.send(VertXRequestAdapter.java:170)
	at io.apicurio.registry.rest.client.groups.item.artifacts.item.versions.item.WithVersionExpressionItemRequestBuilder.get(WithVersionExpressionItemRequestBuilder.java:128)
	at io.apicurio.registry.rest.client.groups.item.artifacts.item.versions.item.WithVersionExpressionItemRequestBuilder.get(WithVersionExpressionItemRequestBuilder.java:111)
	at io.apicurio.registry.resolver.client.RegistryClientFacadeImpl.getVersionCoordinatesByGAV(RegistryClientFacadeImpl.java:159)
	at io.apicurio.registry.resolver.DefaultSchemaResolver.resolveByCoordinates(DefaultSchemaResolver.java:352)
	at io.apicurio.registry.resolver.DefaultSchemaResolver.lambda$resolveSchemaByArtifactReferenceCached$6(DefaultSchemaResolver.java:340)
	at io.apicurio.registry.resolver.cache.ERCache.lambda$getValue$0(ERCache.java:174)
	at io.apicurio.registry.resolver.cache.ERCache.retry(ERCache.java:227)
	at io.apicurio.registry.resolver.cache.ERCache.getValue(ERCache.java:173)
	at io.apicurio.registry.resolver.cache.ERCache.getByArtifactCoordinates(ERCache.java:158)
	at io.apicurio.registry.resolver.DefaultSchemaResolver.resolveSchemaByArtifactReferenceCached(DefaultSchemaResolver.java:338)
	at io.apicurio.registry.resolver.DefaultSchemaResolver.resolveSchemaByCoordinates(DefaultSchemaResolver.java:193)
	at io.apicurio.registry.resolver.DefaultSchemaResolver.getSchemaFromRegistry(DefaultSchemaResolver.java:130)
	at io.apicurio.registry.resolver.DefaultSchemaResolver.lambda$resolveSchema$0(DefaultSchemaResolver.java:84)
	at java.base/java.util.Optional.orElseGet(Optional.java:364)
	at io.apicurio.registry.resolver.DefaultSchemaResolver.resolveSchema(DefaultSchemaResolver.java:84)
	at io.apicurio.registry.serde.AbstractSerializer.serializeData(AbstractSerializer.java:62)
	at io.apicurio.registry.serde.KafkaSerializer.serialize(KafkaSerializer.java:77)
	at org.apache.kafka.clients.producer.KafkaProducer.doSend(KafkaProducer.java:1046)
	at org.apache.kafka.clients.producer.KafkaProducer.send(KafkaProducer.java:993)
	at org.apache.kafka.clients.producer.KafkaProducer.send(KafkaProducer.java:875)
	at io.apicurio.tests.serdes.apicurio.KafkaSerdesTester.lambda$produceMessages$3(KafkaSerdesTester.java:138)
	at java.base/java.util.concurrent.CompletableFuture$AsyncSupply.run(CompletableFuture.java:1768)
	at java.base/java.lang.Thread.run(Thread.java:840)
]]></system-err>
  </testcase>
  <testcase name="testAvroJSON" classname="io.apicurio.tests.serdes.apicurio.AvroSerdeIT" time="3.96">
    <system-out><![CDATA[2025-08-13 02:13:54,851 INFO  [io.api.tes.uti.TestSeparator] (main) ############################################################################
2025-08-13 02:13:54,851 INFO  [io.api.tes.uti.TestSeparator] (main) io.apicurio.tests.serdes.apicurio.AvroSerdeIT.testAvroJSON-STARTED
**** Registry Base URL: http://registry-app-pg17.apps.ci419.apicurio-testing.org:80
2025-08-13 02:13:54,863 INFO  [org.apa.kaf.cli.pro.ProducerConfig] (main) ProducerConfig values: 
	acks = -1
	auto.include.jmx.reporter = true
	batch.size = 16384
	bootstrap.servers = [PLAINTEXT://localhost:32769]
	buffer.memory = 33554432
	client.dns.lookup = use_all_dns_ips
	client.id = Producer-topic-904aae2f_6217_4590_86f4_171a21b21ef1
	compression.gzip.level = -1
	compression.lz4.level = 9
	compression.type = none
	compression.zstd.level = 3
	connections.max.idle.ms = 10000
	delivery.timeout.ms = 120000
	enable.idempotence = true
	enable.metrics.push = true
	interceptor.classes = []
	key.serializer = class org.apache.kafka.common.serialization.StringSerializer
	linger.ms = 0
	max.block.ms = 60000
	max.in.flight.requests.per.connection = 5
	max.request.size = 1048576
	metadata.max.age.ms = 300000
	metadata.max.idle.ms = 300000
	metadata.recovery.strategy = none
	metric.reporters = []
	metrics.num.samples = 2
	metrics.recording.level = INFO
	metrics.sample.window.ms = 30000
	partitioner.adaptive.partitioning.enable = true
	partitioner.availability.timeout.ms = 0
	partitioner.class = null
	partitioner.ignore.keys = false
	receive.buffer.bytes = 32768
	reconnect.backoff.max.ms = 1000
	reconnect.backoff.ms = 50
	request.timeout.ms = 5000
	retries = 2147483647
	retry.backoff.max.ms = 1000
	retry.backoff.ms = 100
	sasl.client.callback.handler.class = null
	sasl.jaas.config = null
	sasl.kerberos.kinit.cmd = /usr/bin/kinit
	sasl.kerberos.min.time.before.relogin = 60000
	sasl.kerberos.service.name = null
	sasl.kerberos.ticket.renew.jitter = 0.05
	sasl.kerberos.ticket.renew.window.factor = 0.8
	sasl.login.callback.handler.class = null
	sasl.login.class = null
	sasl.login.connect.timeout.ms = null
	sasl.login.read.timeout.ms = null
	sasl.login.refresh.buffer.seconds = 300
	sasl.login.refresh.min.period.seconds = 60
	sasl.login.refresh.window.factor = 0.8
	sasl.login.refresh.window.jitter = 0.05
	sasl.login.retry.backoff.max.ms = 10000
	sasl.login.retry.backoff.ms = 100
	sasl.mechanism = GSSAPI
	sasl.oauthbearer.clock.skew.seconds = 30
	sasl.oauthbearer.expected.audience = null
	sasl.oauthbearer.expected.issuer = null
	sasl.oauthbearer.header.urlencode = false
	sasl.oauthbearer.jwks.endpoint.refresh.ms = 3600000
	sasl.oauthbearer.jwks.endpoint.retry.backoff.max.ms = 10000
	sasl.oauthbearer.jwks.endpoint.retry.backoff.ms = 100
	sasl.oauthbearer.jwks.endpoint.url = null
	sasl.oauthbearer.scope.claim.name = scope
	sasl.oauthbearer.sub.claim.name = sub
	sasl.oauthbearer.token.endpoint.url = null
	security.protocol = PLAINTEXT
	security.providers = null
	send.buffer.bytes = 131072
	socket.connection.setup.timeout.max.ms = 30000
	socket.connection.setup.timeout.ms = 10000
	ssl.cipher.suites = null
	ssl.enabled.protocols = [TLSv1.2, TLSv1.3]
	ssl.endpoint.identification.algorithm = https
	ssl.engine.factory.class = null
	ssl.key.password = null
	ssl.keymanager.algorithm = SunX509
	ssl.keystore.certificate.chain = null
	ssl.keystore.key = null
	ssl.keystore.location = null
	ssl.keystore.password = null
	ssl.keystore.type = JKS
	ssl.protocol = TLSv1.3
	ssl.provider = null
	ssl.secure.random.implementation = null
	ssl.trustmanager.algorithm = PKIX
	ssl.truststore.certificates = null
	ssl.truststore.location = null
	ssl.truststore.password = null
	ssl.truststore.type = JKS
	transaction.timeout.ms = 60000
	transactional.id = null
	value.serializer = class io.apicurio.registry.serde.avro.AvroKafkaSerializer

2025-08-13 02:13:54,864 INFO  [org.apa.kaf.com.tel.int.KafkaMetricsCollector] (main) initializing Kafka metrics collector
2025-08-13 02:13:54,867 INFO  [org.apa.kaf.cli.pro.KafkaProducer] (main) [Producer clientId=Producer-topic-904aae2f_6217_4590_86f4_171a21b21ef1] Instantiated an idempotent producer.
2025-08-13 02:13:54,872 INFO  [org.apa.kaf.cli.pro.ProducerConfig] (main) These configurations '[apicurio.registry.avro.encoding, apicurio.registry.url, apicurio.registry.auto-register, apicurio.registry.artifact-resolver-strategy]' were supplied but are not used yet.
2025-08-13 02:13:54,872 INFO  [org.apa.kaf.com.uti.AppInfoParser] (main) Kafka version: 3.9.1
2025-08-13 02:13:54,872 INFO  [org.apa.kaf.com.uti.AppInfoParser] (main) Kafka commitId: f745dfdcee2b9851
2025-08-13 02:13:54,872 INFO  [org.apa.kaf.com.uti.AppInfoParser] (main) Kafka startTimeMs: 1755051234872
2025-08-13 02:13:54,872 INFO  [io.api.tes.ser.api.SimpleSerdesTesterBuilder$SimpleSerdesTester] (main) Using producer configuration: {apicurio.registry.avro.encoding=JSON, apicurio.registry.url=http://registry-app-pg17.apps.ci419.apicurio-testing.org:80/apis/registry/v3, apicurio.registry.auto-register=true, apicurio.registry.artifact-resolver-strategy=io.apicurio.registry.serde.strategy.TopicIdStrategy, value.serializer=io.apicurio.registry.serde.avro.AvroKafkaSerializer, request.timeout.ms=5000, acks=all, bootstrap.servers=PLAINTEXT://localhost:32769, connections.max.idle.ms=10000, key.serializer=org.apache.kafka.common.serialization.StringSerializer, client.id=Producer-topic-904aae2f_6217_4590_86f4_171a21b21ef1}
2025-08-13 02:13:54,872 INFO  [io.api.tes.ser.api.SimpleSerdesTesterBuilder$SimpleSerdesTester] (main) Using consumer configuration: {apicurio.registry.avro.encoding=JSON}
2025-08-13 02:13:54,874 INFO  [io.api.tes.ser.api.KafkaSerdesTester] (Thread-615) Sending message {"bar": "value-0"} to topic topic-904aae2f_6217_4590_86f4_171a21b21ef1
2025-08-13 02:13:54,877 WARN  [org.apa.kaf.cli.NetworkClient] (kafka-producer-network-thread | Producer-topic-904aae2f_6217_4590_86f4_171a21b21ef1) [Producer clientId=Producer-topic-904aae2f_6217_4590_86f4_171a21b21ef1] The metadata response from the cluster reported a recoverable issue with correlation id 1 : {topic-904aae2f_6217_4590_86f4_171a21b21ef1=UNKNOWN_TOPIC_OR_PARTITION}
2025-08-13 02:13:54,878 INFO  [org.apa.kaf.cli.Metadata] (kafka-producer-network-thread | Producer-topic-904aae2f_6217_4590_86f4_171a21b21ef1) [Producer clientId=Producer-topic-904aae2f_6217_4590_86f4_171a21b21ef1] Cluster ID: NjaB_jQRSOy2vs25Uo6hCg
2025-08-13 02:13:54,878 INFO  [org.apa.kaf.cli.pro.int.TransactionManager] (kafka-producer-network-thread | Producer-topic-904aae2f_6217_4590_86f4_171a21b21ef1) [Producer clientId=Producer-topic-904aae2f_6217_4590_86f4_171a21b21ef1] ProducerId set to 3 with epoch 0
2025-08-13 02:13:55,074 INFO  [io.api.tes.ser.api.KafkaSerdesTester] (Thread-615) Sending message {"bar": "value-1"} to topic topic-904aae2f_6217_4590_86f4_171a21b21ef1
2025-08-13 02:13:55,076 INFO  [io.api.tes.ser.api.KafkaSerdesTester] (Thread-615) Sending message {"bar": "value-2"} to topic topic-904aae2f_6217_4590_86f4_171a21b21ef1
2025-08-13 02:13:55,078 INFO  [io.api.tes.ser.api.KafkaSerdesTester] (Thread-615) Sending message {"bar": "value-3"} to topic topic-904aae2f_6217_4590_86f4_171a21b21ef1
2025-08-13 02:13:55,080 INFO  [io.api.tes.ser.api.KafkaSerdesTester] (Thread-615) Sending message {"bar": "value-4"} to topic topic-904aae2f_6217_4590_86f4_171a21b21ef1
2025-08-13 02:13:55,083 INFO  [io.api.tes.ser.api.KafkaSerdesTester] (Thread-615) Sending message {"bar": "value-5"} to topic topic-904aae2f_6217_4590_86f4_171a21b21ef1
2025-08-13 02:13:55,086 INFO  [io.api.tes.ser.api.KafkaSerdesTester] (Thread-615) Sending message {"bar": "value-6"} to topic topic-904aae2f_6217_4590_86f4_171a21b21ef1
2025-08-13 02:13:55,090 INFO  [io.api.tes.ser.api.KafkaSerdesTester] (Thread-615) Sending message {"bar": "value-7"} to topic topic-904aae2f_6217_4590_86f4_171a21b21ef1
2025-08-13 02:13:55,093 INFO  [io.api.tes.ser.api.KafkaSerdesTester] (Thread-615) Sending message {"bar": "value-8"} to topic topic-904aae2f_6217_4590_86f4_171a21b21ef1
2025-08-13 02:13:55,095 INFO  [io.api.tes.ser.api.KafkaSerdesTester] (Thread-615) Sending message {"bar": "value-9"} to topic topic-904aae2f_6217_4590_86f4_171a21b21ef1
2025-08-13 02:13:55,097 INFO  [io.api.tes.ser.api.KafkaSerdesTester] (Thread-615) Produced 10 messages
2025-08-13 02:13:55,097 INFO  [org.apa.kaf.cli.pro.KafkaProducer] (Thread-615) [Producer clientId=Producer-topic-904aae2f_6217_4590_86f4_171a21b21ef1] Closing the Kafka producer with timeoutMillis = 9223372036854775807 ms.
2025-08-13 02:13:55,103 INFO  [org.apa.kaf.com.met.Metrics] (Thread-615) Metrics scheduler closed
2025-08-13 02:13:55,103 INFO  [org.apa.kaf.com.met.Metrics] (Thread-615) Closing reporter org.apache.kafka.common.metrics.JmxReporter
2025-08-13 02:13:55,103 INFO  [org.apa.kaf.com.met.Metrics] (Thread-615) Closing reporter org.apache.kafka.common.telemetry.internals.ClientTelemetryReporter
2025-08-13 02:13:55,103 INFO  [org.apa.kaf.com.met.Metrics] (Thread-615) Metrics reporters closed
2025-08-13 02:13:55,104 INFO  [org.apa.kaf.com.uti.AppInfoParser] (Thread-615) App info kafka.producer for Producer-topic-904aae2f_6217_4590_86f4_171a21b21ef1 unregistered
**** Registry Base URL: http://registry-app-pg17.apps.ci419.apicurio-testing.org:80
2025-08-13 02:13:55,165 INFO  [org.apa.kaf.cli.con.ConsumerConfig] (main) ConsumerConfig values: 
	allow.auto.create.topics = true
	auto.commit.interval.ms = 500
	auto.include.jmx.reporter = true
	auto.offset.reset = earliest
	bootstrap.servers = [PLAINTEXT://localhost:32769]
	check.crcs = true
	client.dns.lookup = use_all_dns_ips
	client.id = consumer-Consumer-topic-904aae2f_6217_4590_86f4_171a21b21ef1-3
	client.rack = 
	connections.max.idle.ms = 10000
	default.api.timeout.ms = 60000
	enable.auto.commit = true
	enable.metrics.push = true
	exclude.internal.topics = true
	fetch.max.bytes = 52428800
	fetch.max.wait.ms = 500
	fetch.min.bytes = 1
	group.id = Consumer-topic-904aae2f_6217_4590_86f4_171a21b21ef1
	group.instance.id = null
	group.protocol = classic
	group.remote.assignor = null
	heartbeat.interval.ms = 3000
	interceptor.classes = []
	internal.leave.group.on.close = true
	internal.throw.on.fetch.stable.offset.unsupported = false
	isolation.level = read_uncommitted
	key.deserializer = class org.apache.kafka.common.serialization.StringDeserializer
	max.partition.fetch.bytes = 1048576
	max.poll.interval.ms = 300000
	max.poll.records = 500
	metadata.max.age.ms = 300000
	metadata.recovery.strategy = none
	metric.reporters = []
	metrics.num.samples = 2
	metrics.recording.level = INFO
	metrics.sample.window.ms = 30000
	partition.assignment.strategy = [class org.apache.kafka.clients.consumer.RangeAssignor, class org.apache.kafka.clients.consumer.CooperativeStickyAssignor]
	receive.buffer.bytes = 65536
	reconnect.backoff.max.ms = 1000
	reconnect.backoff.ms = 50
	request.timeout.ms = 5000
	retry.backoff.max.ms = 1000
	retry.backoff.ms = 100
	sasl.client.callback.handler.class = null
	sasl.jaas.config = null
	sasl.kerberos.kinit.cmd = /usr/bin/kinit
	sasl.kerberos.min.time.before.relogin = 60000
	sasl.kerberos.service.name = null
	sasl.kerberos.ticket.renew.jitter = 0.05
	sasl.kerberos.ticket.renew.window.factor = 0.8
	sasl.login.callback.handler.class = null
	sasl.login.class = null
	sasl.login.connect.timeout.ms = null
	sasl.login.read.timeout.ms = null
	sasl.login.refresh.buffer.seconds = 300
	sasl.login.refresh.min.period.seconds = 60
	sasl.login.refresh.window.factor = 0.8
	sasl.login.refresh.window.jitter = 0.05
	sasl.login.retry.backoff.max.ms = 10000
	sasl.login.retry.backoff.ms = 100
	sasl.mechanism = GSSAPI
	sasl.oauthbearer.clock.skew.seconds = 30
	sasl.oauthbearer.expected.audience = null
	sasl.oauthbearer.expected.issuer = null
	sasl.oauthbearer.header.urlencode = false
	sasl.oauthbearer.jwks.endpoint.refresh.ms = 3600000
	sasl.oauthbearer.jwks.endpoint.retry.backoff.max.ms = 10000
	sasl.oauthbearer.jwks.endpoint.retry.backoff.ms = 100
	sasl.oauthbearer.jwks.endpoint.url = null
	sasl.oauthbearer.scope.claim.name = scope
	sasl.oauthbearer.sub.claim.name = sub
	sasl.oauthbearer.token.endpoint.url = null
	security.protocol = PLAINTEXT
	security.providers = null
	send.buffer.bytes = 131072
	session.timeout.ms = 45000
	socket.connection.setup.timeout.max.ms = 30000
	socket.connection.setup.timeout.ms = 10000
	ssl.cipher.suites = null
	ssl.enabled.protocols = [TLSv1.2, TLSv1.3]
	ssl.endpoint.identification.algorithm = https
	ssl.engine.factory.class = null
	ssl.key.password = null
	ssl.keymanager.algorithm = SunX509
	ssl.keystore.certificate.chain = null
	ssl.keystore.key = null
	ssl.keystore.location = null
	ssl.keystore.password = null
	ssl.keystore.type = JKS
	ssl.protocol = TLSv1.3
	ssl.provider = null
	ssl.secure.random.implementation = null
	ssl.trustmanager.algorithm = PKIX
	ssl.truststore.certificates = null
	ssl.truststore.location = null
	ssl.truststore.password = null
	ssl.truststore.type = JKS
	value.deserializer = class io.apicurio.registry.serde.avro.AvroKafkaDeserializer

2025-08-13 02:13:55,165 INFO  [org.apa.kaf.com.tel.int.KafkaMetricsCollector] (main) initializing Kafka metrics collector
2025-08-13 02:13:55,174 INFO  [org.apa.kaf.cli.con.ConsumerConfig] (main) These configurations '[apicurio.registry.avro.encoding, apicurio.registry.url]' were supplied but are not used yet.
2025-08-13 02:13:55,174 INFO  [org.apa.kaf.com.uti.AppInfoParser] (main) Kafka version: 3.9.1
2025-08-13 02:13:55,174 INFO  [org.apa.kaf.com.uti.AppInfoParser] (main) Kafka commitId: f745dfdcee2b9851
2025-08-13 02:13:55,174 INFO  [org.apa.kaf.com.uti.AppInfoParser] (main) Kafka startTimeMs: 1755051235174
2025-08-13 02:13:55,175 INFO  [org.apa.kaf.cli.con.int.ClassicKafkaConsumer] (Thread-618) [Consumer clientId=consumer-Consumer-topic-904aae2f_6217_4590_86f4_171a21b21ef1-3, groupId=Consumer-topic-904aae2f_6217_4590_86f4_171a21b21ef1] Subscribed to topic(s): topic-904aae2f_6217_4590_86f4_171a21b21ef1
2025-08-13 02:13:55,185 INFO  [org.apa.kaf.cli.Metadata] (Thread-618) [Consumer clientId=consumer-Consumer-topic-904aae2f_6217_4590_86f4_171a21b21ef1-3, groupId=Consumer-topic-904aae2f_6217_4590_86f4_171a21b21ef1] Cluster ID: NjaB_jQRSOy2vs25Uo6hCg
2025-08-13 02:13:55,189 INFO  [org.apa.kaf.cli.con.int.ConsumerCoordinator] (Thread-618) [Consumer clientId=consumer-Consumer-topic-904aae2f_6217_4590_86f4_171a21b21ef1-3, groupId=Consumer-topic-904aae2f_6217_4590_86f4_171a21b21ef1] Discovered group coordinator localhost:32769 (id: 2147483647 rack: null)
2025-08-13 02:13:55,193 INFO  [org.apa.kaf.cli.con.int.ConsumerCoordinator] (Thread-618) [Consumer clientId=consumer-Consumer-topic-904aae2f_6217_4590_86f4_171a21b21ef1-3, groupId=Consumer-topic-904aae2f_6217_4590_86f4_171a21b21ef1] (Re-)joining group
2025-08-13 02:13:55,195 INFO  [org.apa.kaf.cli.con.int.ConsumerCoordinator] (Thread-618) [Consumer clientId=consumer-Consumer-topic-904aae2f_6217_4590_86f4_171a21b21ef1-3, groupId=Consumer-topic-904aae2f_6217_4590_86f4_171a21b21ef1] Request joining group due to: need to re-join with the given member-id: consumer-Consumer-topic-904aae2f_6217_4590_86f4_171a21b21ef1-3-164930ab-c1e1-4e7a-84cb-572c96ca0618
2025-08-13 02:13:55,196 INFO  [org.apa.kaf.cli.con.int.ConsumerCoordinator] (Thread-618) [Consumer clientId=consumer-Consumer-topic-904aae2f_6217_4590_86f4_171a21b21ef1-3, groupId=Consumer-topic-904aae2f_6217_4590_86f4_171a21b21ef1] (Re-)joining group
2025-08-13 02:13:56,176 INFO  [io.api.tes.ser.api.KafkaSerdesTester] (Thread-618) None found
2025-08-13 02:13:57,176 INFO  [io.api.tes.ser.api.KafkaSerdesTester] (Thread-618) None found
2025-08-13 02:13:58,177 INFO  [io.api.tes.ser.api.KafkaSerdesTester] (Thread-618) None found
2025-08-13 02:13:58,199 INFO  [org.apa.kaf.cli.con.int.ConsumerCoordinator] (Thread-618) [Consumer clientId=consumer-Consumer-topic-904aae2f_6217_4590_86f4_171a21b21ef1-3, groupId=Consumer-topic-904aae2f_6217_4590_86f4_171a21b21ef1] Successfully joined group with generation Generation{generationId=1, memberId='consumer-Consumer-topic-904aae2f_6217_4590_86f4_171a21b21ef1-3-164930ab-c1e1-4e7a-84cb-572c96ca0618', protocol='range'}
2025-08-13 02:13:58,199 INFO  [org.apa.kaf.cli.con.int.ConsumerCoordinator] (Thread-618) [Consumer clientId=consumer-Consumer-topic-904aae2f_6217_4590_86f4_171a21b21ef1-3, groupId=Consumer-topic-904aae2f_6217_4590_86f4_171a21b21ef1] Finished assignment for group at generation 1: {consumer-Consumer-topic-904aae2f_6217_4590_86f4_171a21b21ef1-3-164930ab-c1e1-4e7a-84cb-572c96ca0618=Assignment(partitions=[topic-904aae2f_6217_4590_86f4_171a21b21ef1-0])}
2025-08-13 02:13:58,206 INFO  [org.apa.kaf.cli.con.int.ConsumerCoordinator] (Thread-618) [Consumer clientId=consumer-Consumer-topic-904aae2f_6217_4590_86f4_171a21b21ef1-3, groupId=Consumer-topic-904aae2f_6217_4590_86f4_171a21b21ef1] Successfully synced group in generation Generation{generationId=1, memberId='consumer-Consumer-topic-904aae2f_6217_4590_86f4_171a21b21ef1-3-164930ab-c1e1-4e7a-84cb-572c96ca0618', protocol='range'}
2025-08-13 02:13:58,207 INFO  [org.apa.kaf.cli.con.int.ConsumerCoordinator] (Thread-618) [Consumer clientId=consumer-Consumer-topic-904aae2f_6217_4590_86f4_171a21b21ef1-3, groupId=Consumer-topic-904aae2f_6217_4590_86f4_171a21b21ef1] Notifying assignor about the new Assignment(partitions=[topic-904aae2f_6217_4590_86f4_171a21b21ef1-0])
2025-08-13 02:13:58,207 INFO  [org.apa.kaf.cli.con.int.ConsumerRebalanceListenerInvoker] (Thread-618) [Consumer clientId=consumer-Consumer-topic-904aae2f_6217_4590_86f4_171a21b21ef1-3, groupId=Consumer-topic-904aae2f_6217_4590_86f4_171a21b21ef1] Adding newly assigned partitions: topic-904aae2f_6217_4590_86f4_171a21b21ef1-0
2025-08-13 02:13:58,208 INFO  [org.apa.kaf.cli.con.int.ConsumerCoordinator] (Thread-618) [Consumer clientId=consumer-Consumer-topic-904aae2f_6217_4590_86f4_171a21b21ef1-3, groupId=Consumer-topic-904aae2f_6217_4590_86f4_171a21b21ef1] Found no committed offset for partition topic-904aae2f_6217_4590_86f4_171a21b21ef1-0
2025-08-13 02:13:58,210 INFO  [org.apa.kaf.cli.con.int.SubscriptionState] (Thread-618) [Consumer clientId=consumer-Consumer-topic-904aae2f_6217_4590_86f4_171a21b21ef1-3, groupId=Consumer-topic-904aae2f_6217_4590_86f4_171a21b21ef1] Resetting offset for partition topic-904aae2f_6217_4590_86f4_171a21b21ef1-0 to position FetchPosition{offset=0, offsetEpoch=Optional.empty, currentLeader=LeaderAndEpoch{leader=Optional[localhost:32769 (id: 0 rack: null)], epoch=0}}.
2025-08-13 02:13:58,294 INFO  [io.api.tes.ser.api.KafkaSerdesTester] (Thread-618) topic-904aae2f_6217_4590_86f4_171a21b21ef1 0 0 {"bar": "value-0"}
2025-08-13 02:13:58,294 INFO  [io.api.tes.ser.api.KafkaSerdesTester] (Thread-618) topic-904aae2f_6217_4590_86f4_171a21b21ef1 0 1 {"bar": "value-1"}
2025-08-13 02:13:58,294 INFO  [io.api.tes.ser.api.KafkaSerdesTester] (Thread-618) topic-904aae2f_6217_4590_86f4_171a21b21ef1 0 2 {"bar": "value-2"}
2025-08-13 02:13:58,294 INFO  [io.api.tes.ser.api.KafkaSerdesTester] (Thread-618) topic-904aae2f_6217_4590_86f4_171a21b21ef1 0 3 {"bar": "value-3"}
2025-08-13 02:13:58,296 INFO  [io.api.tes.ser.api.KafkaSerdesTester] (Thread-618) topic-904aae2f_6217_4590_86f4_171a21b21ef1 0 4 {"bar": "value-4"}
2025-08-13 02:13:58,296 INFO  [io.api.tes.ser.api.KafkaSerdesTester] (Thread-618) topic-904aae2f_6217_4590_86f4_171a21b21ef1 0 5 {"bar": "value-5"}
2025-08-13 02:13:58,296 INFO  [io.api.tes.ser.api.KafkaSerdesTester] (Thread-618) topic-904aae2f_6217_4590_86f4_171a21b21ef1 0 6 {"bar": "value-6"}
2025-08-13 02:13:58,296 INFO  [io.api.tes.ser.api.KafkaSerdesTester] (Thread-618) topic-904aae2f_6217_4590_86f4_171a21b21ef1 0 7 {"bar": "value-7"}
2025-08-13 02:13:58,297 INFO  [io.api.tes.ser.api.KafkaSerdesTester] (Thread-618) topic-904aae2f_6217_4590_86f4_171a21b21ef1 0 8 {"bar": "value-8"}
2025-08-13 02:13:58,297 INFO  [io.api.tes.ser.api.KafkaSerdesTester] (Thread-618) topic-904aae2f_6217_4590_86f4_171a21b21ef1 0 9 {"bar": "value-9"}
2025-08-13 02:13:58,297 INFO  [io.api.tes.ser.api.KafkaSerdesTester] (Thread-618) Consumed 10 messages
2025-08-13 02:13:58,306 INFO  [org.apa.kaf.cli.con.int.ConsumerRebalanceListenerInvoker] (Thread-618) [Consumer clientId=consumer-Consumer-topic-904aae2f_6217_4590_86f4_171a21b21ef1-3, groupId=Consumer-topic-904aae2f_6217_4590_86f4_171a21b21ef1] Revoke previously assigned partitions topic-904aae2f_6217_4590_86f4_171a21b21ef1-0
2025-08-13 02:13:58,306 INFO  [org.apa.kaf.cli.con.int.ConsumerCoordinator] (Thread-618) [Consumer clientId=consumer-Consumer-topic-904aae2f_6217_4590_86f4_171a21b21ef1-3, groupId=Consumer-topic-904aae2f_6217_4590_86f4_171a21b21ef1] Member consumer-Consumer-topic-904aae2f_6217_4590_86f4_171a21b21ef1-3-164930ab-c1e1-4e7a-84cb-572c96ca0618 sending LeaveGroup request to coordinator localhost:32769 (id: 2147483647 rack: null) due to the consumer is being closed
2025-08-13 02:13:58,309 INFO  [org.apa.kaf.cli.con.int.ConsumerCoordinator] (Thread-618) [Consumer clientId=consumer-Consumer-topic-904aae2f_6217_4590_86f4_171a21b21ef1-3, groupId=Consumer-topic-904aae2f_6217_4590_86f4_171a21b21ef1] Resetting generation and member id due to: consumer pro-actively leaving the group
2025-08-13 02:13:58,309 INFO  [org.apa.kaf.cli.con.int.ConsumerCoordinator] (Thread-618) [Consumer clientId=consumer-Consumer-topic-904aae2f_6217_4590_86f4_171a21b21ef1-3, groupId=Consumer-topic-904aae2f_6217_4590_86f4_171a21b21ef1] Request joining group due to: consumer pro-actively leaving the group
2025-08-13 02:13:58,798 INFO  [org.apa.kaf.com.met.Metrics] (Thread-618) Metrics scheduler closed
2025-08-13 02:13:58,798 INFO  [org.apa.kaf.com.met.Metrics] (Thread-618) Closing reporter org.apache.kafka.common.metrics.JmxReporter
2025-08-13 02:13:58,798 INFO  [org.apa.kaf.com.met.Metrics] (Thread-618) Closing reporter org.apache.kafka.common.telemetry.internals.ClientTelemetryReporter
2025-08-13 02:13:58,798 INFO  [org.apa.kaf.com.met.Metrics] (Thread-618) Metrics reporters closed
2025-08-13 02:13:58,809 INFO  [org.apa.kaf.com.uti.AppInfoParser] (Thread-618) App info kafka.consumer for consumer-Consumer-topic-904aae2f_6217_4590_86f4_171a21b21ef1-3 unregistered
2025-08-13 02:13:58,810 INFO  [io.api.tes.uti.TestSeparator] (main) io.apicurio.tests.serdes.apicurio.AvroSerdeIT.testAvroJSON-FINISHED
2025-08-13 02:13:58,810 INFO  [io.api.tes.uti.TestSeparator] (main) ############################################################################
Test passed: testAvroJSON
]]></system-out>
  </testcase>
  <testcase name="testTopicIdStrategyAutoRegister" classname="io.apicurio.tests.serdes.apicurio.AvroSerdeIT" time="4.029">
    <system-out><![CDATA[2025-08-13 02:13:58,815 INFO  [io.api.tes.uti.TestSeparator] (main) ############################################################################
2025-08-13 02:13:58,815 INFO  [io.api.tes.uti.TestSeparator] (main) io.apicurio.tests.serdes.apicurio.AvroSerdeIT.testTopicIdStrategyAutoRegister-STARTED
**** Registry Base URL: http://registry-app-pg17.apps.ci419.apicurio-testing.org:80
2025-08-13 02:13:58,819 INFO  [org.apa.kaf.cli.pro.ProducerConfig] (main) ProducerConfig values: 
	acks = -1
	auto.include.jmx.reporter = true
	batch.size = 16384
	bootstrap.servers = [PLAINTEXT://localhost:32769]
	buffer.memory = 33554432
	client.dns.lookup = use_all_dns_ips
	client.id = Producer-topic-b448796b_5152_408f_906d_2599fe2bf77b
	compression.gzip.level = -1
	compression.lz4.level = 9
	compression.type = none
	compression.zstd.level = 3
	connections.max.idle.ms = 10000
	delivery.timeout.ms = 120000
	enable.idempotence = true
	enable.metrics.push = true
	interceptor.classes = []
	key.serializer = class org.apache.kafka.common.serialization.StringSerializer
	linger.ms = 0
	max.block.ms = 60000
	max.in.flight.requests.per.connection = 5
	max.request.size = 1048576
	metadata.max.age.ms = 300000
	metadata.max.idle.ms = 300000
	metadata.recovery.strategy = none
	metric.reporters = []
	metrics.num.samples = 2
	metrics.recording.level = INFO
	metrics.sample.window.ms = 30000
	partitioner.adaptive.partitioning.enable = true
	partitioner.availability.timeout.ms = 0
	partitioner.class = null
	partitioner.ignore.keys = false
	receive.buffer.bytes = 32768
	reconnect.backoff.max.ms = 1000
	reconnect.backoff.ms = 50
	request.timeout.ms = 5000
	retries = 2147483647
	retry.backoff.max.ms = 1000
	retry.backoff.ms = 100
	sasl.client.callback.handler.class = null
	sasl.jaas.config = null
	sasl.kerberos.kinit.cmd = /usr/bin/kinit
	sasl.kerberos.min.time.before.relogin = 60000
	sasl.kerberos.service.name = null
	sasl.kerberos.ticket.renew.jitter = 0.05
	sasl.kerberos.ticket.renew.window.factor = 0.8
	sasl.login.callback.handler.class = null
	sasl.login.class = null
	sasl.login.connect.timeout.ms = null
	sasl.login.read.timeout.ms = null
	sasl.login.refresh.buffer.seconds = 300
	sasl.login.refresh.min.period.seconds = 60
	sasl.login.refresh.window.factor = 0.8
	sasl.login.refresh.window.jitter = 0.05
	sasl.login.retry.backoff.max.ms = 10000
	sasl.login.retry.backoff.ms = 100
	sasl.mechanism = GSSAPI
	sasl.oauthbearer.clock.skew.seconds = 30
	sasl.oauthbearer.expected.audience = null
	sasl.oauthbearer.expected.issuer = null
	sasl.oauthbearer.header.urlencode = false
	sasl.oauthbearer.jwks.endpoint.refresh.ms = 3600000
	sasl.oauthbearer.jwks.endpoint.retry.backoff.max.ms = 10000
	sasl.oauthbearer.jwks.endpoint.retry.backoff.ms = 100
	sasl.oauthbearer.jwks.endpoint.url = null
	sasl.oauthbearer.scope.claim.name = scope
	sasl.oauthbearer.sub.claim.name = sub
	sasl.oauthbearer.token.endpoint.url = null
	security.protocol = PLAINTEXT
	security.providers = null
	send.buffer.bytes = 131072
	socket.connection.setup.timeout.max.ms = 30000
	socket.connection.setup.timeout.ms = 10000
	ssl.cipher.suites = null
	ssl.enabled.protocols = [TLSv1.2, TLSv1.3]
	ssl.endpoint.identification.algorithm = https
	ssl.engine.factory.class = null
	ssl.key.password = null
	ssl.keymanager.algorithm = SunX509
	ssl.keystore.certificate.chain = null
	ssl.keystore.key = null
	ssl.keystore.location = null
	ssl.keystore.password = null
	ssl.keystore.type = JKS
	ssl.protocol = TLSv1.3
	ssl.provider = null
	ssl.secure.random.implementation = null
	ssl.trustmanager.algorithm = PKIX
	ssl.truststore.certificates = null
	ssl.truststore.location = null
	ssl.truststore.password = null
	ssl.truststore.type = JKS
	transaction.timeout.ms = 60000
	transactional.id = null
	value.serializer = class io.apicurio.registry.serde.avro.AvroKafkaSerializer

2025-08-13 02:13:58,820 INFO  [org.apa.kaf.com.tel.int.KafkaMetricsCollector] (main) initializing Kafka metrics collector
2025-08-13 02:13:58,827 INFO  [org.apa.kaf.cli.pro.KafkaProducer] (main) [Producer clientId=Producer-topic-b448796b_5152_408f_906d_2599fe2bf77b] Instantiated an idempotent producer.
2025-08-13 02:13:58,830 INFO  [org.apa.kaf.cli.pro.ProducerConfig] (main) These configurations '[apicurio.registry.url, apicurio.registry.auto-register, apicurio.registry.artifact-resolver-strategy]' were supplied but are not used yet.
2025-08-13 02:13:58,830 INFO  [org.apa.kaf.com.uti.AppInfoParser] (main) Kafka version: 3.9.1
2025-08-13 02:13:58,830 INFO  [org.apa.kaf.com.uti.AppInfoParser] (main) Kafka commitId: f745dfdcee2b9851
2025-08-13 02:13:58,830 INFO  [org.apa.kaf.com.uti.AppInfoParser] (main) Kafka startTimeMs: 1755051238830
2025-08-13 02:13:58,831 INFO  [io.api.tes.ser.api.SimpleSerdesTesterBuilder$SimpleSerdesTester] (main) Using producer configuration: {apicurio.registry.url=http://registry-app-pg17.apps.ci419.apicurio-testing.org:80/apis/registry/v3, apicurio.registry.auto-register=true, apicurio.registry.artifact-resolver-strategy=io.apicurio.registry.serde.strategy.TopicIdStrategy, value.serializer=io.apicurio.registry.serde.avro.AvroKafkaSerializer, request.timeout.ms=5000, acks=all, bootstrap.servers=PLAINTEXT://localhost:32769, connections.max.idle.ms=10000, key.serializer=org.apache.kafka.common.serialization.StringSerializer, client.id=Producer-topic-b448796b_5152_408f_906d_2599fe2bf77b}
2025-08-13 02:13:58,831 INFO  [io.api.tes.ser.api.SimpleSerdesTesterBuilder$SimpleSerdesTester] (main) Using consumer configuration: {}
2025-08-13 02:13:58,832 INFO  [io.api.tes.ser.api.KafkaSerdesTester] (Thread-621) Sending message {"key11755051238815": "value-0"} to topic topic-b448796b_5152_408f_906d_2599fe2bf77b
2025-08-13 02:13:58,837 WARN  [org.apa.kaf.cli.NetworkClient] (kafka-producer-network-thread | Producer-topic-b448796b_5152_408f_906d_2599fe2bf77b) [Producer clientId=Producer-topic-b448796b_5152_408f_906d_2599fe2bf77b] The metadata response from the cluster reported a recoverable issue with correlation id 1 : {topic-b448796b_5152_408f_906d_2599fe2bf77b=UNKNOWN_TOPIC_OR_PARTITION}
2025-08-13 02:13:58,838 INFO  [org.apa.kaf.cli.Metadata] (kafka-producer-network-thread | Producer-topic-b448796b_5152_408f_906d_2599fe2bf77b) [Producer clientId=Producer-topic-b448796b_5152_408f_906d_2599fe2bf77b] Cluster ID: NjaB_jQRSOy2vs25Uo6hCg
2025-08-13 02:13:58,840 INFO  [org.apa.kaf.cli.pro.int.TransactionManager] (kafka-producer-network-thread | Producer-topic-b448796b_5152_408f_906d_2599fe2bf77b) [Producer clientId=Producer-topic-b448796b_5152_408f_906d_2599fe2bf77b] ProducerId set to 4 with epoch 0
2025-08-13 02:13:59,043 INFO  [io.api.tes.ser.api.KafkaSerdesTester] (Thread-621) Sending message {"key11755051238815": "value-1"} to topic topic-b448796b_5152_408f_906d_2599fe2bf77b
2025-08-13 02:13:59,046 INFO  [io.api.tes.ser.api.KafkaSerdesTester] (Thread-621) Sending message {"key11755051238815": "value-2"} to topic topic-b448796b_5152_408f_906d_2599fe2bf77b
2025-08-13 02:13:59,049 INFO  [io.api.tes.ser.api.KafkaSerdesTester] (Thread-621) Sending message {"key11755051238815": "value-3"} to topic topic-b448796b_5152_408f_906d_2599fe2bf77b
2025-08-13 02:13:59,051 INFO  [io.api.tes.ser.api.KafkaSerdesTester] (Thread-621) Sending message {"key11755051238815": "value-4"} to topic topic-b448796b_5152_408f_906d_2599fe2bf77b
2025-08-13 02:13:59,053 INFO  [io.api.tes.ser.api.KafkaSerdesTester] (Thread-621) Sending message {"key11755051238815": "value-5"} to topic topic-b448796b_5152_408f_906d_2599fe2bf77b
2025-08-13 02:13:59,056 INFO  [io.api.tes.ser.api.KafkaSerdesTester] (Thread-621) Sending message {"key11755051238815": "value-6"} to topic topic-b448796b_5152_408f_906d_2599fe2bf77b
2025-08-13 02:13:59,058 INFO  [io.api.tes.ser.api.KafkaSerdesTester] (Thread-621) Sending message {"key11755051238815": "value-7"} to topic topic-b448796b_5152_408f_906d_2599fe2bf77b
2025-08-13 02:13:59,060 INFO  [io.api.tes.ser.api.KafkaSerdesTester] (Thread-621) Sending message {"key11755051238815": "value-8"} to topic topic-b448796b_5152_408f_906d_2599fe2bf77b
2025-08-13 02:13:59,062 INFO  [io.api.tes.ser.api.KafkaSerdesTester] (Thread-621) Sending message {"key11755051238815": "value-9"} to topic topic-b448796b_5152_408f_906d_2599fe2bf77b
2025-08-13 02:13:59,064 INFO  [io.api.tes.ser.api.KafkaSerdesTester] (Thread-621) Produced 10 messages
2025-08-13 02:13:59,065 INFO  [org.apa.kaf.cli.pro.KafkaProducer] (Thread-621) [Producer clientId=Producer-topic-b448796b_5152_408f_906d_2599fe2bf77b] Closing the Kafka producer with timeoutMillis = 9223372036854775807 ms.
2025-08-13 02:13:59,068 INFO  [org.apa.kaf.com.met.Metrics] (Thread-621) Metrics scheduler closed
2025-08-13 02:13:59,068 INFO  [org.apa.kaf.com.met.Metrics] (Thread-621) Closing reporter org.apache.kafka.common.metrics.JmxReporter
2025-08-13 02:13:59,068 INFO  [org.apa.kaf.com.met.Metrics] (Thread-621) Closing reporter org.apache.kafka.common.telemetry.internals.ClientTelemetryReporter
2025-08-13 02:13:59,068 INFO  [org.apa.kaf.com.met.Metrics] (Thread-621) Metrics reporters closed
2025-08-13 02:13:59,070 INFO  [org.apa.kaf.com.uti.AppInfoParser] (Thread-621) App info kafka.producer for Producer-topic-b448796b_5152_408f_906d_2599fe2bf77b unregistered
**** Registry Base URL: http://registry-app-pg17.apps.ci419.apicurio-testing.org:80
2025-08-13 02:13:59,128 INFO  [org.apa.kaf.cli.con.ConsumerConfig] (main) ConsumerConfig values: 
	allow.auto.create.topics = true
	auto.commit.interval.ms = 500
	auto.include.jmx.reporter = true
	auto.offset.reset = earliest
	bootstrap.servers = [PLAINTEXT://localhost:32769]
	check.crcs = true
	client.dns.lookup = use_all_dns_ips
	client.id = consumer-Consumer-topic-b448796b_5152_408f_906d_2599fe2bf77b-4
	client.rack = 
	connections.max.idle.ms = 10000
	default.api.timeout.ms = 60000
	enable.auto.commit = true
	enable.metrics.push = true
	exclude.internal.topics = true
	fetch.max.bytes = 52428800
	fetch.max.wait.ms = 500
	fetch.min.bytes = 1
	group.id = Consumer-topic-b448796b_5152_408f_906d_2599fe2bf77b
	group.instance.id = null
	group.protocol = classic
	group.remote.assignor = null
	heartbeat.interval.ms = 3000
	interceptor.classes = []
	internal.leave.group.on.close = true
	internal.throw.on.fetch.stable.offset.unsupported = false
	isolation.level = read_uncommitted
	key.deserializer = class org.apache.kafka.common.serialization.StringDeserializer
	max.partition.fetch.bytes = 1048576
	max.poll.interval.ms = 300000
	max.poll.records = 500
	metadata.max.age.ms = 300000
	metadata.recovery.strategy = none
	metric.reporters = []
	metrics.num.samples = 2
	metrics.recording.level = INFO
	metrics.sample.window.ms = 30000
	partition.assignment.strategy = [class org.apache.kafka.clients.consumer.RangeAssignor, class org.apache.kafka.clients.consumer.CooperativeStickyAssignor]
	receive.buffer.bytes = 65536
	reconnect.backoff.max.ms = 1000
	reconnect.backoff.ms = 50
	request.timeout.ms = 5000
	retry.backoff.max.ms = 1000
	retry.backoff.ms = 100
	sasl.client.callback.handler.class = null
	sasl.jaas.config = null
	sasl.kerberos.kinit.cmd = /usr/bin/kinit
	sasl.kerberos.min.time.before.relogin = 60000
	sasl.kerberos.service.name = null
	sasl.kerberos.ticket.renew.jitter = 0.05
	sasl.kerberos.ticket.renew.window.factor = 0.8
	sasl.login.callback.handler.class = null
	sasl.login.class = null
	sasl.login.connect.timeout.ms = null
	sasl.login.read.timeout.ms = null
	sasl.login.refresh.buffer.seconds = 300
	sasl.login.refresh.min.period.seconds = 60
	sasl.login.refresh.window.factor = 0.8
	sasl.login.refresh.window.jitter = 0.05
	sasl.login.retry.backoff.max.ms = 10000
	sasl.login.retry.backoff.ms = 100
	sasl.mechanism = GSSAPI
	sasl.oauthbearer.clock.skew.seconds = 30
	sasl.oauthbearer.expected.audience = null
	sasl.oauthbearer.expected.issuer = null
	sasl.oauthbearer.header.urlencode = false
	sasl.oauthbearer.jwks.endpoint.refresh.ms = 3600000
	sasl.oauthbearer.jwks.endpoint.retry.backoff.max.ms = 10000
	sasl.oauthbearer.jwks.endpoint.retry.backoff.ms = 100
	sasl.oauthbearer.jwks.endpoint.url = null
	sasl.oauthbearer.scope.claim.name = scope
	sasl.oauthbearer.sub.claim.name = sub
	sasl.oauthbearer.token.endpoint.url = null
	security.protocol = PLAINTEXT
	security.providers = null
	send.buffer.bytes = 131072
	session.timeout.ms = 45000
	socket.connection.setup.timeout.max.ms = 30000
	socket.connection.setup.timeout.ms = 10000
	ssl.cipher.suites = null
	ssl.enabled.protocols = [TLSv1.2, TLSv1.3]
	ssl.endpoint.identification.algorithm = https
	ssl.engine.factory.class = null
	ssl.key.password = null
	ssl.keymanager.algorithm = SunX509
	ssl.keystore.certificate.chain = null
	ssl.keystore.key = null
	ssl.keystore.location = null
	ssl.keystore.password = null
	ssl.keystore.type = JKS
	ssl.protocol = TLSv1.3
	ssl.provider = null
	ssl.secure.random.implementation = null
	ssl.trustmanager.algorithm = PKIX
	ssl.truststore.certificates = null
	ssl.truststore.location = null
	ssl.truststore.password = null
	ssl.truststore.type = JKS
	value.deserializer = class io.apicurio.registry.serde.avro.AvroKafkaDeserializer

2025-08-13 02:13:59,128 INFO  [org.apa.kaf.com.tel.int.KafkaMetricsCollector] (main) initializing Kafka metrics collector
2025-08-13 02:13:59,136 INFO  [org.apa.kaf.cli.con.ConsumerConfig] (main) These configurations '[apicurio.registry.url]' were supplied but are not used yet.
2025-08-13 02:13:59,136 INFO  [org.apa.kaf.com.uti.AppInfoParser] (main) Kafka version: 3.9.1
2025-08-13 02:13:59,136 INFO  [org.apa.kaf.com.uti.AppInfoParser] (main) Kafka commitId: f745dfdcee2b9851
2025-08-13 02:13:59,136 INFO  [org.apa.kaf.com.uti.AppInfoParser] (main) Kafka startTimeMs: 1755051239136
2025-08-13 02:13:59,137 INFO  [org.apa.kaf.cli.con.int.ClassicKafkaConsumer] (Thread-624) [Consumer clientId=consumer-Consumer-topic-b448796b_5152_408f_906d_2599fe2bf77b-4, groupId=Consumer-topic-b448796b_5152_408f_906d_2599fe2bf77b] Subscribed to topic(s): topic-b448796b_5152_408f_906d_2599fe2bf77b
2025-08-13 02:13:59,144 INFO  [org.apa.kaf.cli.Metadata] (Thread-624) [Consumer clientId=consumer-Consumer-topic-b448796b_5152_408f_906d_2599fe2bf77b-4, groupId=Consumer-topic-b448796b_5152_408f_906d_2599fe2bf77b] Cluster ID: NjaB_jQRSOy2vs25Uo6hCg
2025-08-13 02:13:59,147 INFO  [org.apa.kaf.cli.con.int.ConsumerCoordinator] (Thread-624) [Consumer clientId=consumer-Consumer-topic-b448796b_5152_408f_906d_2599fe2bf77b-4, groupId=Consumer-topic-b448796b_5152_408f_906d_2599fe2bf77b] Discovered group coordinator localhost:32769 (id: 2147483647 rack: null)
2025-08-13 02:13:59,152 INFO  [org.apa.kaf.cli.con.int.ConsumerCoordinator] (Thread-624) [Consumer clientId=consumer-Consumer-topic-b448796b_5152_408f_906d_2599fe2bf77b-4, groupId=Consumer-topic-b448796b_5152_408f_906d_2599fe2bf77b] (Re-)joining group
2025-08-13 02:13:59,158 INFO  [org.apa.kaf.cli.con.int.ConsumerCoordinator] (Thread-624) [Consumer clientId=consumer-Consumer-topic-b448796b_5152_408f_906d_2599fe2bf77b-4, groupId=Consumer-topic-b448796b_5152_408f_906d_2599fe2bf77b] Request joining group due to: need to re-join with the given member-id: consumer-Consumer-topic-b448796b_5152_408f_906d_2599fe2bf77b-4-a64d2402-de58-48bf-8742-0a78ea28b39a
2025-08-13 02:13:59,158 INFO  [org.apa.kaf.cli.con.int.ConsumerCoordinator] (Thread-624) [Consumer clientId=consumer-Consumer-topic-b448796b_5152_408f_906d_2599fe2bf77b-4, groupId=Consumer-topic-b448796b_5152_408f_906d_2599fe2bf77b] (Re-)joining group
2025-08-13 02:14:00,137 INFO  [io.api.tes.ser.api.KafkaSerdesTester] (Thread-624) None found
2025-08-13 02:14:01,138 INFO  [io.api.tes.ser.api.KafkaSerdesTester] (Thread-624) None found
2025-08-13 02:14:02,138 INFO  [io.api.tes.ser.api.KafkaSerdesTester] (Thread-624) None found
2025-08-13 02:14:02,161 INFO  [org.apa.kaf.cli.con.int.ConsumerCoordinator] (Thread-624) [Consumer clientId=consumer-Consumer-topic-b448796b_5152_408f_906d_2599fe2bf77b-4, groupId=Consumer-topic-b448796b_5152_408f_906d_2599fe2bf77b] Successfully joined group with generation Generation{generationId=1, memberId='consumer-Consumer-topic-b448796b_5152_408f_906d_2599fe2bf77b-4-a64d2402-de58-48bf-8742-0a78ea28b39a', protocol='range'}
2025-08-13 02:14:02,162 INFO  [org.apa.kaf.cli.con.int.ConsumerCoordinator] (Thread-624) [Consumer clientId=consumer-Consumer-topic-b448796b_5152_408f_906d_2599fe2bf77b-4, groupId=Consumer-topic-b448796b_5152_408f_906d_2599fe2bf77b] Finished assignment for group at generation 1: {consumer-Consumer-topic-b448796b_5152_408f_906d_2599fe2bf77b-4-a64d2402-de58-48bf-8742-0a78ea28b39a=Assignment(partitions=[topic-b448796b_5152_408f_906d_2599fe2bf77b-0])}
2025-08-13 02:14:02,169 INFO  [org.apa.kaf.cli.con.int.ConsumerCoordinator] (Thread-624) [Consumer clientId=consumer-Consumer-topic-b448796b_5152_408f_906d_2599fe2bf77b-4, groupId=Consumer-topic-b448796b_5152_408f_906d_2599fe2bf77b] Successfully synced group in generation Generation{generationId=1, memberId='consumer-Consumer-topic-b448796b_5152_408f_906d_2599fe2bf77b-4-a64d2402-de58-48bf-8742-0a78ea28b39a', protocol='range'}
2025-08-13 02:14:02,170 INFO  [org.apa.kaf.cli.con.int.ConsumerCoordinator] (Thread-624) [Consumer clientId=consumer-Consumer-topic-b448796b_5152_408f_906d_2599fe2bf77b-4, groupId=Consumer-topic-b448796b_5152_408f_906d_2599fe2bf77b] Notifying assignor about the new Assignment(partitions=[topic-b448796b_5152_408f_906d_2599fe2bf77b-0])
2025-08-13 02:14:02,170 INFO  [org.apa.kaf.cli.con.int.ConsumerRebalanceListenerInvoker] (Thread-624) [Consumer clientId=consumer-Consumer-topic-b448796b_5152_408f_906d_2599fe2bf77b-4, groupId=Consumer-topic-b448796b_5152_408f_906d_2599fe2bf77b] Adding newly assigned partitions: topic-b448796b_5152_408f_906d_2599fe2bf77b-0
2025-08-13 02:14:02,171 INFO  [org.apa.kaf.cli.con.int.ConsumerCoordinator] (Thread-624) [Consumer clientId=consumer-Consumer-topic-b448796b_5152_408f_906d_2599fe2bf77b-4, groupId=Consumer-topic-b448796b_5152_408f_906d_2599fe2bf77b] Found no committed offset for partition topic-b448796b_5152_408f_906d_2599fe2bf77b-0
2025-08-13 02:14:02,175 INFO  [org.apa.kaf.cli.con.int.SubscriptionState] (Thread-624) [Consumer clientId=consumer-Consumer-topic-b448796b_5152_408f_906d_2599fe2bf77b-4, groupId=Consumer-topic-b448796b_5152_408f_906d_2599fe2bf77b] Resetting offset for partition topic-b448796b_5152_408f_906d_2599fe2bf77b-0 to position FetchPosition{offset=0, offsetEpoch=Optional.empty, currentLeader=LeaderAndEpoch{leader=Optional[localhost:32769 (id: 0 rack: null)], epoch=0}}.
2025-08-13 02:14:02,263 INFO  [io.api.tes.ser.api.KafkaSerdesTester] (Thread-624) topic-b448796b_5152_408f_906d_2599fe2bf77b 0 0 {"key11755051238815": "value-0"}
2025-08-13 02:14:02,263 INFO  [io.api.tes.ser.api.KafkaSerdesTester] (Thread-624) topic-b448796b_5152_408f_906d_2599fe2bf77b 0 1 {"key11755051238815": "value-1"}
2025-08-13 02:14:02,263 INFO  [io.api.tes.ser.api.KafkaSerdesTester] (Thread-624) topic-b448796b_5152_408f_906d_2599fe2bf77b 0 2 {"key11755051238815": "value-2"}
2025-08-13 02:14:02,263 INFO  [io.api.tes.ser.api.KafkaSerdesTester] (Thread-624) topic-b448796b_5152_408f_906d_2599fe2bf77b 0 3 {"key11755051238815": "value-3"}
2025-08-13 02:14:02,264 INFO  [io.api.tes.ser.api.KafkaSerdesTester] (Thread-624) topic-b448796b_5152_408f_906d_2599fe2bf77b 0 4 {"key11755051238815": "value-4"}
2025-08-13 02:14:02,264 INFO  [io.api.tes.ser.api.KafkaSerdesTester] (Thread-624) topic-b448796b_5152_408f_906d_2599fe2bf77b 0 5 {"key11755051238815": "value-5"}
2025-08-13 02:14:02,264 INFO  [io.api.tes.ser.api.KafkaSerdesTester] (Thread-624) topic-b448796b_5152_408f_906d_2599fe2bf77b 0 6 {"key11755051238815": "value-6"}
2025-08-13 02:14:02,264 INFO  [io.api.tes.ser.api.KafkaSerdesTester] (Thread-624) topic-b448796b_5152_408f_906d_2599fe2bf77b 0 7 {"key11755051238815": "value-7"}
2025-08-13 02:14:02,264 INFO  [io.api.tes.ser.api.KafkaSerdesTester] (Thread-624) topic-b448796b_5152_408f_906d_2599fe2bf77b 0 8 {"key11755051238815": "value-8"}
2025-08-13 02:14:02,265 INFO  [io.api.tes.ser.api.KafkaSerdesTester] (Thread-624) topic-b448796b_5152_408f_906d_2599fe2bf77b 0 9 {"key11755051238815": "value-9"}
2025-08-13 02:14:02,265 INFO  [io.api.tes.ser.api.KafkaSerdesTester] (Thread-624) Consumed 10 messages
2025-08-13 02:14:02,272 INFO  [org.apa.kaf.cli.con.int.ConsumerRebalanceListenerInvoker] (Thread-624) [Consumer clientId=consumer-Consumer-topic-b448796b_5152_408f_906d_2599fe2bf77b-4, groupId=Consumer-topic-b448796b_5152_408f_906d_2599fe2bf77b] Revoke previously assigned partitions topic-b448796b_5152_408f_906d_2599fe2bf77b-0
2025-08-13 02:14:02,272 INFO  [org.apa.kaf.cli.con.int.ConsumerCoordinator] (Thread-624) [Consumer clientId=consumer-Consumer-topic-b448796b_5152_408f_906d_2599fe2bf77b-4, groupId=Consumer-topic-b448796b_5152_408f_906d_2599fe2bf77b] Member consumer-Consumer-topic-b448796b_5152_408f_906d_2599fe2bf77b-4-a64d2402-de58-48bf-8742-0a78ea28b39a sending LeaveGroup request to coordinator localhost:32769 (id: 2147483647 rack: null) due to the consumer is being closed
2025-08-13 02:14:02,272 INFO  [org.apa.kaf.cli.con.int.ConsumerCoordinator] (Thread-624) [Consumer clientId=consumer-Consumer-topic-b448796b_5152_408f_906d_2599fe2bf77b-4, groupId=Consumer-topic-b448796b_5152_408f_906d_2599fe2bf77b] Resetting generation and member id due to: consumer pro-actively leaving the group
2025-08-13 02:14:02,273 INFO  [org.apa.kaf.cli.con.int.ConsumerCoordinator] (Thread-624) [Consumer clientId=consumer-Consumer-topic-b448796b_5152_408f_906d_2599fe2bf77b-4, groupId=Consumer-topic-b448796b_5152_408f_906d_2599fe2bf77b] Request joining group due to: consumer pro-actively leaving the group
2025-08-13 02:14:02,767 INFO  [org.apa.kaf.com.met.Metrics] (Thread-624) Metrics scheduler closed
2025-08-13 02:14:02,767 INFO  [org.apa.kaf.com.met.Metrics] (Thread-624) Closing reporter org.apache.kafka.common.metrics.JmxReporter
2025-08-13 02:14:02,767 INFO  [org.apa.kaf.com.met.Metrics] (Thread-624) Closing reporter org.apache.kafka.common.telemetry.internals.ClientTelemetryReporter
2025-08-13 02:14:02,767 INFO  [org.apa.kaf.com.met.Metrics] (Thread-624) Metrics reporters closed
2025-08-13 02:14:02,771 INFO  [org.apa.kaf.com.uti.AppInfoParser] (Thread-624) App info kafka.consumer for consumer-Consumer-topic-b448796b_5152_408f_906d_2599fe2bf77b-4 unregistered
2025-08-13 02:14:02,840 INFO  [io.api.tes.uti.TestSeparator] (main) io.apicurio.tests.serdes.apicurio.AvroSerdeIT.testTopicIdStrategyAutoRegister-FINISHED
2025-08-13 02:14:02,840 INFO  [io.api.tes.uti.TestSeparator] (main) ############################################################################
Test passed: testTopicIdStrategyAutoRegister
]]></system-out>
  </testcase>
  <testcase name="testRecordIdStrategydFindLatest" classname="io.apicurio.tests.serdes.apicurio.AvroSerdeIT" time="4.885">
    <system-out><![CDATA[2025-08-13 02:14:02,841 INFO  [io.api.tes.uti.TestSeparator] (main) ############################################################################
2025-08-13 02:14:02,842 INFO  [io.api.tes.uti.TestSeparator] (main) io.apicurio.tests.serdes.apicurio.AvroSerdeIT.testRecordIdStrategydFindLatest-STARTED
2025-08-13 02:14:02,842 INFO  [io.api.tes.ser.api.AvroSerdeIT] (main) Registering Avro Schema: {"type":"record","name":"s6a72fd5ex961fx4c3dxaee1x34e0bc2e5be2","namespace":"sa1e22334xc60fx49d1xa8e0xa72f82a1512a","fields":[{"name":"key11755051242842","type":"string"}]}
**** Registry Base URL: http://registry-app-pg17.apps.ci419.apicurio-testing.org:80
2025-08-13 02:14:03,926 INFO  [org.apa.kaf.cli.pro.ProducerConfig] (main) ProducerConfig values: 
	acks = -1
	auto.include.jmx.reporter = true
	batch.size = 16384
	bootstrap.servers = [PLAINTEXT://localhost:32769]
	buffer.memory = 33554432
	client.dns.lookup = use_all_dns_ips
	client.id = Producer-topic-3ed2e5fb_939c_438e_9fc8_075509978d6c
	compression.gzip.level = -1
	compression.lz4.level = 9
	compression.type = none
	compression.zstd.level = 3
	connections.max.idle.ms = 10000
	delivery.timeout.ms = 120000
	enable.idempotence = true
	enable.metrics.push = true
	interceptor.classes = []
	key.serializer = class org.apache.kafka.common.serialization.StringSerializer
	linger.ms = 0
	max.block.ms = 60000
	max.in.flight.requests.per.connection = 5
	max.request.size = 1048576
	metadata.max.age.ms = 300000
	metadata.max.idle.ms = 300000
	metadata.recovery.strategy = none
	metric.reporters = []
	metrics.num.samples = 2
	metrics.recording.level = INFO
	metrics.sample.window.ms = 30000
	partitioner.adaptive.partitioning.enable = true
	partitioner.availability.timeout.ms = 0
	partitioner.class = null
	partitioner.ignore.keys = false
	receive.buffer.bytes = 32768
	reconnect.backoff.max.ms = 1000
	reconnect.backoff.ms = 50
	request.timeout.ms = 5000
	retries = 2147483647
	retry.backoff.max.ms = 1000
	retry.backoff.ms = 100
	sasl.client.callback.handler.class = null
	sasl.jaas.config = null
	sasl.kerberos.kinit.cmd = /usr/bin/kinit
	sasl.kerberos.min.time.before.relogin = 60000
	sasl.kerberos.service.name = null
	sasl.kerberos.ticket.renew.jitter = 0.05
	sasl.kerberos.ticket.renew.window.factor = 0.8
	sasl.login.callback.handler.class = null
	sasl.login.class = null
	sasl.login.connect.timeout.ms = null
	sasl.login.read.timeout.ms = null
	sasl.login.refresh.buffer.seconds = 300
	sasl.login.refresh.min.period.seconds = 60
	sasl.login.refresh.window.factor = 0.8
	sasl.login.refresh.window.jitter = 0.05
	sasl.login.retry.backoff.max.ms = 10000
	sasl.login.retry.backoff.ms = 100
	sasl.mechanism = GSSAPI
	sasl.oauthbearer.clock.skew.seconds = 30
	sasl.oauthbearer.expected.audience = null
	sasl.oauthbearer.expected.issuer = null
	sasl.oauthbearer.header.urlencode = false
	sasl.oauthbearer.jwks.endpoint.refresh.ms = 3600000
	sasl.oauthbearer.jwks.endpoint.retry.backoff.max.ms = 10000
	sasl.oauthbearer.jwks.endpoint.retry.backoff.ms = 100
	sasl.oauthbearer.jwks.endpoint.url = null
	sasl.oauthbearer.scope.claim.name = scope
	sasl.oauthbearer.sub.claim.name = sub
	sasl.oauthbearer.token.endpoint.url = null
	security.protocol = PLAINTEXT
	security.providers = null
	send.buffer.bytes = 131072
	socket.connection.setup.timeout.max.ms = 30000
	socket.connection.setup.timeout.ms = 10000
	ssl.cipher.suites = null
	ssl.enabled.protocols = [TLSv1.2, TLSv1.3]
	ssl.endpoint.identification.algorithm = https
	ssl.engine.factory.class = null
	ssl.key.password = null
	ssl.keymanager.algorithm = SunX509
	ssl.keystore.certificate.chain = null
	ssl.keystore.key = null
	ssl.keystore.location = null
	ssl.keystore.password = null
	ssl.keystore.type = JKS
	ssl.protocol = TLSv1.3
	ssl.provider = null
	ssl.secure.random.implementation = null
	ssl.trustmanager.algorithm = PKIX
	ssl.truststore.certificates = null
	ssl.truststore.location = null
	ssl.truststore.password = null
	ssl.truststore.type = JKS
	transaction.timeout.ms = 60000
	transactional.id = null
	value.serializer = class io.apicurio.registry.serde.avro.AvroKafkaSerializer

2025-08-13 02:14:03,926 INFO  [org.apa.kaf.com.tel.int.KafkaMetricsCollector] (main) initializing Kafka metrics collector
2025-08-13 02:14:03,930 INFO  [org.apa.kaf.cli.pro.KafkaProducer] (main) [Producer clientId=Producer-topic-3ed2e5fb_939c_438e_9fc8_075509978d6c] Instantiated an idempotent producer.
2025-08-13 02:14:03,932 INFO  [org.apa.kaf.cli.pro.ProducerConfig] (main) These configurations '[apicurio.registry.find-latest, apicurio.registry.url, apicurio.registry.artifact-resolver-strategy]' were supplied but are not used yet.
2025-08-13 02:14:03,932 INFO  [org.apa.kaf.com.uti.AppInfoParser] (main) Kafka version: 3.9.1
2025-08-13 02:14:03,932 INFO  [org.apa.kaf.com.uti.AppInfoParser] (main) Kafka commitId: f745dfdcee2b9851
2025-08-13 02:14:03,932 INFO  [org.apa.kaf.com.uti.AppInfoParser] (main) Kafka startTimeMs: 1755051243932
2025-08-13 02:14:03,933 INFO  [io.api.tes.ser.api.SimpleSerdesTesterBuilder$SimpleSerdesTester] (main) Using producer configuration: {apicurio.registry.find-latest=true, apicurio.registry.url=http://registry-app-pg17.apps.ci419.apicurio-testing.org:80/apis/registry/v3, apicurio.registry.artifact-resolver-strategy=io.apicurio.registry.serde.avro.strategy.RecordIdStrategy, value.serializer=io.apicurio.registry.serde.avro.AvroKafkaSerializer, request.timeout.ms=5000, acks=all, bootstrap.servers=PLAINTEXT://localhost:32769, connections.max.idle.ms=10000, key.serializer=org.apache.kafka.common.serialization.StringSerializer, client.id=Producer-topic-3ed2e5fb_939c_438e_9fc8_075509978d6c}
2025-08-13 02:14:03,933 INFO  [io.api.tes.ser.api.SimpleSerdesTesterBuilder$SimpleSerdesTester] (main) Using consumer configuration: {}
2025-08-13 02:14:03,934 INFO  [io.api.tes.ser.api.KafkaSerdesTester] (Thread-627) Sending message {"key11755051242842": "value-0"} to topic topic-3ed2e5fb_939c_438e_9fc8_075509978d6c
2025-08-13 02:14:03,937 INFO  [org.apa.kaf.cli.Metadata] (kafka-producer-network-thread | Producer-topic-3ed2e5fb_939c_438e_9fc8_075509978d6c) [Producer clientId=Producer-topic-3ed2e5fb_939c_438e_9fc8_075509978d6c] Cluster ID: NjaB_jQRSOy2vs25Uo6hCg
2025-08-13 02:14:03,938 INFO  [org.apa.kaf.cli.pro.int.TransactionManager] (kafka-producer-network-thread | Producer-topic-3ed2e5fb_939c_438e_9fc8_075509978d6c) [Producer clientId=Producer-topic-3ed2e5fb_939c_438e_9fc8_075509978d6c] ProducerId set to 5 with epoch 0
2025-08-13 02:14:04,051 INFO  [io.api.tes.ser.api.KafkaSerdesTester] (Thread-627) Sending message {"key11755051242842": "value-1"} to topic topic-3ed2e5fb_939c_438e_9fc8_075509978d6c
2025-08-13 02:14:04,053 INFO  [io.api.tes.ser.api.KafkaSerdesTester] (Thread-627) Sending message {"key11755051242842": "value-2"} to topic topic-3ed2e5fb_939c_438e_9fc8_075509978d6c
2025-08-13 02:14:04,057 INFO  [io.api.tes.ser.api.KafkaSerdesTester] (Thread-627) Sending message {"key11755051242842": "value-3"} to topic topic-3ed2e5fb_939c_438e_9fc8_075509978d6c
2025-08-13 02:14:04,060 INFO  [io.api.tes.ser.api.KafkaSerdesTester] (Thread-627) Sending message {"key11755051242842": "value-4"} to topic topic-3ed2e5fb_939c_438e_9fc8_075509978d6c
2025-08-13 02:14:04,065 INFO  [io.api.tes.ser.api.KafkaSerdesTester] (Thread-627) Sending message {"key11755051242842": "value-5"} to topic topic-3ed2e5fb_939c_438e_9fc8_075509978d6c
2025-08-13 02:14:04,070 INFO  [io.api.tes.ser.api.KafkaSerdesTester] (Thread-627) Sending message {"key11755051242842": "value-6"} to topic topic-3ed2e5fb_939c_438e_9fc8_075509978d6c
2025-08-13 02:14:04,073 INFO  [io.api.tes.ser.api.KafkaSerdesTester] (Thread-627) Sending message {"key11755051242842": "value-7"} to topic topic-3ed2e5fb_939c_438e_9fc8_075509978d6c
2025-08-13 02:14:04,076 INFO  [io.api.tes.ser.api.KafkaSerdesTester] (Thread-627) Sending message {"key11755051242842": "value-8"} to topic topic-3ed2e5fb_939c_438e_9fc8_075509978d6c
2025-08-13 02:14:04,078 INFO  [io.api.tes.ser.api.KafkaSerdesTester] (Thread-627) Sending message {"key11755051242842": "value-9"} to topic topic-3ed2e5fb_939c_438e_9fc8_075509978d6c
2025-08-13 02:14:04,080 INFO  [io.api.tes.ser.api.KafkaSerdesTester] (Thread-627) Produced 10 messages
2025-08-13 02:14:04,081 INFO  [org.apa.kaf.cli.pro.KafkaProducer] (Thread-627) [Producer clientId=Producer-topic-3ed2e5fb_939c_438e_9fc8_075509978d6c] Closing the Kafka producer with timeoutMillis = 9223372036854775807 ms.
2025-08-13 02:14:04,084 INFO  [org.apa.kaf.com.met.Metrics] (Thread-627) Metrics scheduler closed
2025-08-13 02:14:04,084 INFO  [org.apa.kaf.com.met.Metrics] (Thread-627) Closing reporter org.apache.kafka.common.metrics.JmxReporter
2025-08-13 02:14:04,084 INFO  [org.apa.kaf.com.met.Metrics] (Thread-627) Closing reporter org.apache.kafka.common.telemetry.internals.ClientTelemetryReporter
2025-08-13 02:14:04,084 INFO  [org.apa.kaf.com.met.Metrics] (Thread-627) Metrics reporters closed
2025-08-13 02:14:04,085 INFO  [org.apa.kaf.com.uti.AppInfoParser] (Thread-627) App info kafka.producer for Producer-topic-3ed2e5fb_939c_438e_9fc8_075509978d6c unregistered
**** Registry Base URL: http://registry-app-pg17.apps.ci419.apicurio-testing.org:80
2025-08-13 02:14:04,086 INFO  [org.apa.kaf.cli.con.ConsumerConfig] (main) ConsumerConfig values: 
	allow.auto.create.topics = true
	auto.commit.interval.ms = 500
	auto.include.jmx.reporter = true
	auto.offset.reset = earliest
	bootstrap.servers = [PLAINTEXT://localhost:32769]
	check.crcs = true
	client.dns.lookup = use_all_dns_ips
	client.id = consumer-Consumer-topic-3ed2e5fb_939c_438e_9fc8_075509978d6c-5
	client.rack = 
	connections.max.idle.ms = 10000
	default.api.timeout.ms = 60000
	enable.auto.commit = true
	enable.metrics.push = true
	exclude.internal.topics = true
	fetch.max.bytes = 52428800
	fetch.max.wait.ms = 500
	fetch.min.bytes = 1
	group.id = Consumer-topic-3ed2e5fb_939c_438e_9fc8_075509978d6c
	group.instance.id = null
	group.protocol = classic
	group.remote.assignor = null
	heartbeat.interval.ms = 3000
	interceptor.classes = []
	internal.leave.group.on.close = true
	internal.throw.on.fetch.stable.offset.unsupported = false
	isolation.level = read_uncommitted
	key.deserializer = class org.apache.kafka.common.serialization.StringDeserializer
	max.partition.fetch.bytes = 1048576
	max.poll.interval.ms = 300000
	max.poll.records = 500
	metadata.max.age.ms = 300000
	metadata.recovery.strategy = none
	metric.reporters = []
	metrics.num.samples = 2
	metrics.recording.level = INFO
	metrics.sample.window.ms = 30000
	partition.assignment.strategy = [class org.apache.kafka.clients.consumer.RangeAssignor, class org.apache.kafka.clients.consumer.CooperativeStickyAssignor]
	receive.buffer.bytes = 65536
	reconnect.backoff.max.ms = 1000
	reconnect.backoff.ms = 50
	request.timeout.ms = 5000
	retry.backoff.max.ms = 1000
	retry.backoff.ms = 100
	sasl.client.callback.handler.class = null
	sasl.jaas.config = null
	sasl.kerberos.kinit.cmd = /usr/bin/kinit
	sasl.kerberos.min.time.before.relogin = 60000
	sasl.kerberos.service.name = null
	sasl.kerberos.ticket.renew.jitter = 0.05
	sasl.kerberos.ticket.renew.window.factor = 0.8
	sasl.login.callback.handler.class = null
	sasl.login.class = null
	sasl.login.connect.timeout.ms = null
	sasl.login.read.timeout.ms = null
	sasl.login.refresh.buffer.seconds = 300
	sasl.login.refresh.min.period.seconds = 60
	sasl.login.refresh.window.factor = 0.8
	sasl.login.refresh.window.jitter = 0.05
	sasl.login.retry.backoff.max.ms = 10000
	sasl.login.retry.backoff.ms = 100
	sasl.mechanism = GSSAPI
	sasl.oauthbearer.clock.skew.seconds = 30
	sasl.oauthbearer.expected.audience = null
	sasl.oauthbearer.expected.issuer = null
	sasl.oauthbearer.header.urlencode = false
	sasl.oauthbearer.jwks.endpoint.refresh.ms = 3600000
	sasl.oauthbearer.jwks.endpoint.retry.backoff.max.ms = 10000
	sasl.oauthbearer.jwks.endpoint.retry.backoff.ms = 100
	sasl.oauthbearer.jwks.endpoint.url = null
	sasl.oauthbearer.scope.claim.name = scope
	sasl.oauthbearer.sub.claim.name = sub
	sasl.oauthbearer.token.endpoint.url = null
	security.protocol = PLAINTEXT
	security.providers = null
	send.buffer.bytes = 131072
	session.timeout.ms = 45000
	socket.connection.setup.timeout.max.ms = 30000
	socket.connection.setup.timeout.ms = 10000
	ssl.cipher.suites = null
	ssl.enabled.protocols = [TLSv1.2, TLSv1.3]
	ssl.endpoint.identification.algorithm = https
	ssl.engine.factory.class = null
	ssl.key.password = null
	ssl.keymanager.algorithm = SunX509
	ssl.keystore.certificate.chain = null
	ssl.keystore.key = null
	ssl.keystore.location = null
	ssl.keystore.password = null
	ssl.keystore.type = JKS
	ssl.protocol = TLSv1.3
	ssl.provider = null
	ssl.secure.random.implementation = null
	ssl.trustmanager.algorithm = PKIX
	ssl.truststore.certificates = null
	ssl.truststore.location = null
	ssl.truststore.password = null
	ssl.truststore.type = JKS
	value.deserializer = class io.apicurio.registry.serde.avro.AvroKafkaDeserializer

2025-08-13 02:14:04,087 INFO  [org.apa.kaf.com.tel.int.KafkaMetricsCollector] (main) initializing Kafka metrics collector
2025-08-13 02:14:04,095 INFO  [org.apa.kaf.cli.con.ConsumerConfig] (main) These configurations '[apicurio.registry.url]' were supplied but are not used yet.
2025-08-13 02:14:04,096 INFO  [org.apa.kaf.com.uti.AppInfoParser] (main) Kafka version: 3.9.1
2025-08-13 02:14:04,096 INFO  [org.apa.kaf.com.uti.AppInfoParser] (main) Kafka commitId: f745dfdcee2b9851
2025-08-13 02:14:04,096 INFO  [org.apa.kaf.com.uti.AppInfoParser] (main) Kafka startTimeMs: 1755051244095
2025-08-13 02:14:04,096 INFO  [org.apa.kaf.cli.con.int.ClassicKafkaConsumer] (Thread-630) [Consumer clientId=consumer-Consumer-topic-3ed2e5fb_939c_438e_9fc8_075509978d6c-5, groupId=Consumer-topic-3ed2e5fb_939c_438e_9fc8_075509978d6c] Subscribed to topic(s): topic-3ed2e5fb_939c_438e_9fc8_075509978d6c
2025-08-13 02:14:04,106 INFO  [org.apa.kaf.cli.Metadata] (Thread-630) [Consumer clientId=consumer-Consumer-topic-3ed2e5fb_939c_438e_9fc8_075509978d6c-5, groupId=Consumer-topic-3ed2e5fb_939c_438e_9fc8_075509978d6c] Cluster ID: NjaB_jQRSOy2vs25Uo6hCg
2025-08-13 02:14:04,111 INFO  [org.apa.kaf.cli.con.int.ConsumerCoordinator] (Thread-630) [Consumer clientId=consumer-Consumer-topic-3ed2e5fb_939c_438e_9fc8_075509978d6c-5, groupId=Consumer-topic-3ed2e5fb_939c_438e_9fc8_075509978d6c] Discovered group coordinator localhost:32769 (id: 2147483647 rack: null)
2025-08-13 02:14:04,114 INFO  [org.apa.kaf.cli.con.int.ConsumerCoordinator] (Thread-630) [Consumer clientId=consumer-Consumer-topic-3ed2e5fb_939c_438e_9fc8_075509978d6c-5, groupId=Consumer-topic-3ed2e5fb_939c_438e_9fc8_075509978d6c] (Re-)joining group
2025-08-13 02:14:04,119 INFO  [org.apa.kaf.cli.con.int.ConsumerCoordinator] (Thread-630) [Consumer clientId=consumer-Consumer-topic-3ed2e5fb_939c_438e_9fc8_075509978d6c-5, groupId=Consumer-topic-3ed2e5fb_939c_438e_9fc8_075509978d6c] Request joining group due to: need to re-join with the given member-id: consumer-Consumer-topic-3ed2e5fb_939c_438e_9fc8_075509978d6c-5-5ae348e4-3710-451b-951e-e9797e475c56
2025-08-13 02:14:04,120 INFO  [org.apa.kaf.cli.con.int.ConsumerCoordinator] (Thread-630) [Consumer clientId=consumer-Consumer-topic-3ed2e5fb_939c_438e_9fc8_075509978d6c-5, groupId=Consumer-topic-3ed2e5fb_939c_438e_9fc8_075509978d6c] (Re-)joining group
2025-08-13 02:14:05,096 INFO  [io.api.tes.ser.api.KafkaSerdesTester] (Thread-630) None found
2025-08-13 02:14:06,097 INFO  [io.api.tes.ser.api.KafkaSerdesTester] (Thread-630) None found
2025-08-13 02:14:07,097 INFO  [io.api.tes.ser.api.KafkaSerdesTester] (Thread-630) None found
2025-08-13 02:14:07,124 INFO  [org.apa.kaf.cli.con.int.ConsumerCoordinator] (Thread-630) [Consumer clientId=consumer-Consumer-topic-3ed2e5fb_939c_438e_9fc8_075509978d6c-5, groupId=Consumer-topic-3ed2e5fb_939c_438e_9fc8_075509978d6c] Successfully joined group with generation Generation{generationId=1, memberId='consumer-Consumer-topic-3ed2e5fb_939c_438e_9fc8_075509978d6c-5-5ae348e4-3710-451b-951e-e9797e475c56', protocol='range'}
2025-08-13 02:14:07,125 INFO  [org.apa.kaf.cli.con.int.ConsumerCoordinator] (Thread-630) [Consumer clientId=consumer-Consumer-topic-3ed2e5fb_939c_438e_9fc8_075509978d6c-5, groupId=Consumer-topic-3ed2e5fb_939c_438e_9fc8_075509978d6c] Finished assignment for group at generation 1: {consumer-Consumer-topic-3ed2e5fb_939c_438e_9fc8_075509978d6c-5-5ae348e4-3710-451b-951e-e9797e475c56=Assignment(partitions=[topic-3ed2e5fb_939c_438e_9fc8_075509978d6c-0])}
2025-08-13 02:14:07,131 INFO  [org.apa.kaf.cli.con.int.ConsumerCoordinator] (Thread-630) [Consumer clientId=consumer-Consumer-topic-3ed2e5fb_939c_438e_9fc8_075509978d6c-5, groupId=Consumer-topic-3ed2e5fb_939c_438e_9fc8_075509978d6c] Successfully synced group in generation Generation{generationId=1, memberId='consumer-Consumer-topic-3ed2e5fb_939c_438e_9fc8_075509978d6c-5-5ae348e4-3710-451b-951e-e9797e475c56', protocol='range'}
2025-08-13 02:14:07,132 INFO  [org.apa.kaf.cli.con.int.ConsumerCoordinator] (Thread-630) [Consumer clientId=consumer-Consumer-topic-3ed2e5fb_939c_438e_9fc8_075509978d6c-5, groupId=Consumer-topic-3ed2e5fb_939c_438e_9fc8_075509978d6c] Notifying assignor about the new Assignment(partitions=[topic-3ed2e5fb_939c_438e_9fc8_075509978d6c-0])
2025-08-13 02:14:07,132 INFO  [org.apa.kaf.cli.con.int.ConsumerRebalanceListenerInvoker] (Thread-630) [Consumer clientId=consumer-Consumer-topic-3ed2e5fb_939c_438e_9fc8_075509978d6c-5, groupId=Consumer-topic-3ed2e5fb_939c_438e_9fc8_075509978d6c] Adding newly assigned partitions: topic-3ed2e5fb_939c_438e_9fc8_075509978d6c-0
2025-08-13 02:14:07,133 INFO  [org.apa.kaf.cli.con.int.ConsumerCoordinator] (Thread-630) [Consumer clientId=consumer-Consumer-topic-3ed2e5fb_939c_438e_9fc8_075509978d6c-5, groupId=Consumer-topic-3ed2e5fb_939c_438e_9fc8_075509978d6c] Found no committed offset for partition topic-3ed2e5fb_939c_438e_9fc8_075509978d6c-0
2025-08-13 02:14:07,137 INFO  [org.apa.kaf.cli.con.int.SubscriptionState] (Thread-630) [Consumer clientId=consumer-Consumer-topic-3ed2e5fb_939c_438e_9fc8_075509978d6c-5, groupId=Consumer-topic-3ed2e5fb_939c_438e_9fc8_075509978d6c] Resetting offset for partition topic-3ed2e5fb_939c_438e_9fc8_075509978d6c-0 to position FetchPosition{offset=0, offsetEpoch=Optional.empty, currentLeader=LeaderAndEpoch{leader=Optional[localhost:32769 (id: 0 rack: null)], epoch=0}}.
2025-08-13 02:14:07,219 INFO  [io.api.tes.ser.api.KafkaSerdesTester] (Thread-630) topic-3ed2e5fb_939c_438e_9fc8_075509978d6c 0 0 {"key11755051242842": "value-0"}
2025-08-13 02:14:07,219 INFO  [io.api.tes.ser.api.KafkaSerdesTester] (Thread-630) topic-3ed2e5fb_939c_438e_9fc8_075509978d6c 0 1 {"key11755051242842": "value-1"}
2025-08-13 02:14:07,219 INFO  [io.api.tes.ser.api.KafkaSerdesTester] (Thread-630) topic-3ed2e5fb_939c_438e_9fc8_075509978d6c 0 2 {"key11755051242842": "value-2"}
2025-08-13 02:14:07,219 INFO  [io.api.tes.ser.api.KafkaSerdesTester] (Thread-630) topic-3ed2e5fb_939c_438e_9fc8_075509978d6c 0 3 {"key11755051242842": "value-3"}
2025-08-13 02:14:07,219 INFO  [io.api.tes.ser.api.KafkaSerdesTester] (Thread-630) topic-3ed2e5fb_939c_438e_9fc8_075509978d6c 0 4 {"key11755051242842": "value-4"}
2025-08-13 02:14:07,219 INFO  [io.api.tes.ser.api.KafkaSerdesTester] (Thread-630) topic-3ed2e5fb_939c_438e_9fc8_075509978d6c 0 5 {"key11755051242842": "value-5"}
2025-08-13 02:14:07,219 INFO  [io.api.tes.ser.api.KafkaSerdesTester] (Thread-630) topic-3ed2e5fb_939c_438e_9fc8_075509978d6c 0 6 {"key11755051242842": "value-6"}
2025-08-13 02:14:07,219 INFO  [io.api.tes.ser.api.KafkaSerdesTester] (Thread-630) topic-3ed2e5fb_939c_438e_9fc8_075509978d6c 0 7 {"key11755051242842": "value-7"}
2025-08-13 02:14:07,219 INFO  [io.api.tes.ser.api.KafkaSerdesTester] (Thread-630) topic-3ed2e5fb_939c_438e_9fc8_075509978d6c 0 8 {"key11755051242842": "value-8"}
2025-08-13 02:14:07,219 INFO  [io.api.tes.ser.api.KafkaSerdesTester] (Thread-630) topic-3ed2e5fb_939c_438e_9fc8_075509978d6c 0 9 {"key11755051242842": "value-9"}
2025-08-13 02:14:07,219 INFO  [io.api.tes.ser.api.KafkaSerdesTester] (Thread-630) Consumed 10 messages
2025-08-13 02:14:07,227 INFO  [org.apa.kaf.cli.con.int.ConsumerRebalanceListenerInvoker] (Thread-630) [Consumer clientId=consumer-Consumer-topic-3ed2e5fb_939c_438e_9fc8_075509978d6c-5, groupId=Consumer-topic-3ed2e5fb_939c_438e_9fc8_075509978d6c] Revoke previously assigned partitions topic-3ed2e5fb_939c_438e_9fc8_075509978d6c-0
2025-08-13 02:14:07,227 INFO  [org.apa.kaf.cli.con.int.ConsumerCoordinator] (Thread-630) [Consumer clientId=consumer-Consumer-topic-3ed2e5fb_939c_438e_9fc8_075509978d6c-5, groupId=Consumer-topic-3ed2e5fb_939c_438e_9fc8_075509978d6c] Member consumer-Consumer-topic-3ed2e5fb_939c_438e_9fc8_075509978d6c-5-5ae348e4-3710-451b-951e-e9797e475c56 sending LeaveGroup request to coordinator localhost:32769 (id: 2147483647 rack: null) due to the consumer is being closed
2025-08-13 02:14:07,227 INFO  [org.apa.kaf.cli.con.int.ConsumerCoordinator] (Thread-630) [Consumer clientId=consumer-Consumer-topic-3ed2e5fb_939c_438e_9fc8_075509978d6c-5, groupId=Consumer-topic-3ed2e5fb_939c_438e_9fc8_075509978d6c] Resetting generation and member id due to: consumer pro-actively leaving the group
2025-08-13 02:14:07,227 INFO  [org.apa.kaf.cli.con.int.ConsumerCoordinator] (Thread-630) [Consumer clientId=consumer-Consumer-topic-3ed2e5fb_939c_438e_9fc8_075509978d6c-5, groupId=Consumer-topic-3ed2e5fb_939c_438e_9fc8_075509978d6c] Request joining group due to: consumer pro-actively leaving the group
2025-08-13 02:14:07,722 INFO  [org.apa.kaf.com.met.Metrics] (Thread-630) Metrics scheduler closed
2025-08-13 02:14:07,722 INFO  [org.apa.kaf.com.met.Metrics] (Thread-630) Closing reporter org.apache.kafka.common.metrics.JmxReporter
2025-08-13 02:14:07,722 INFO  [org.apa.kaf.com.met.Metrics] (Thread-630) Closing reporter org.apache.kafka.common.telemetry.internals.ClientTelemetryReporter
2025-08-13 02:14:07,722 INFO  [org.apa.kaf.com.met.Metrics] (Thread-630) Metrics reporters closed
2025-08-13 02:14:07,725 INFO  [org.apa.kaf.com.uti.AppInfoParser] (Thread-630) App info kafka.consumer for consumer-Consumer-topic-3ed2e5fb_939c_438e_9fc8_075509978d6c-5 unregistered
2025-08-13 02:14:07,725 INFO  [io.api.tes.uti.TestSeparator] (main) io.apicurio.tests.serdes.apicurio.AvroSerdeIT.testRecordIdStrategydFindLatest-FINISHED
2025-08-13 02:14:07,725 INFO  [io.api.tes.uti.TestSeparator] (main) ############################################################################
Test passed: testRecordIdStrategydFindLatest
]]></system-out>
  </testcase>
  <testcase name="testReflectAutoRegister" classname="io.apicurio.tests.serdes.apicurio.AvroSerdeIT" time="3.85">
    <system-out><![CDATA[2025-08-13 02:14:07,730 INFO  [io.api.tes.uti.TestSeparator] (main) ############################################################################
2025-08-13 02:14:07,730 INFO  [io.api.tes.uti.TestSeparator] (main) io.apicurio.tests.serdes.apicurio.AvroSerdeIT.testReflectAutoRegister-STARTED
**** Registry Base URL: http://registry-app-pg17.apps.ci419.apicurio-testing.org:80
2025-08-13 02:14:07,739 INFO  [org.apa.kaf.cli.pro.ProducerConfig] (main) ProducerConfig values: 
	acks = -1
	auto.include.jmx.reporter = true
	batch.size = 16384
	bootstrap.servers = [PLAINTEXT://localhost:32769]
	buffer.memory = 33554432
	client.dns.lookup = use_all_dns_ips
	client.id = Producer-topic-f430d415_4b96_4e4f_9932_96f4a55a218e
	compression.gzip.level = -1
	compression.lz4.level = 9
	compression.type = none
	compression.zstd.level = 3
	connections.max.idle.ms = 10000
	delivery.timeout.ms = 120000
	enable.idempotence = true
	enable.metrics.push = true
	interceptor.classes = []
	key.serializer = class org.apache.kafka.common.serialization.StringSerializer
	linger.ms = 0
	max.block.ms = 60000
	max.in.flight.requests.per.connection = 5
	max.request.size = 1048576
	metadata.max.age.ms = 300000
	metadata.max.idle.ms = 300000
	metadata.recovery.strategy = none
	metric.reporters = []
	metrics.num.samples = 2
	metrics.recording.level = INFO
	metrics.sample.window.ms = 30000
	partitioner.adaptive.partitioning.enable = true
	partitioner.availability.timeout.ms = 0
	partitioner.class = null
	partitioner.ignore.keys = false
	receive.buffer.bytes = 32768
	reconnect.backoff.max.ms = 1000
	reconnect.backoff.ms = 50
	request.timeout.ms = 5000
	retries = 2147483647
	retry.backoff.max.ms = 1000
	retry.backoff.ms = 100
	sasl.client.callback.handler.class = null
	sasl.jaas.config = null
	sasl.kerberos.kinit.cmd = /usr/bin/kinit
	sasl.kerberos.min.time.before.relogin = 60000
	sasl.kerberos.service.name = null
	sasl.kerberos.ticket.renew.jitter = 0.05
	sasl.kerberos.ticket.renew.window.factor = 0.8
	sasl.login.callback.handler.class = null
	sasl.login.class = null
	sasl.login.connect.timeout.ms = null
	sasl.login.read.timeout.ms = null
	sasl.login.refresh.buffer.seconds = 300
	sasl.login.refresh.min.period.seconds = 60
	sasl.login.refresh.window.factor = 0.8
	sasl.login.refresh.window.jitter = 0.05
	sasl.login.retry.backoff.max.ms = 10000
	sasl.login.retry.backoff.ms = 100
	sasl.mechanism = GSSAPI
	sasl.oauthbearer.clock.skew.seconds = 30
	sasl.oauthbearer.expected.audience = null
	sasl.oauthbearer.expected.issuer = null
	sasl.oauthbearer.header.urlencode = false
	sasl.oauthbearer.jwks.endpoint.refresh.ms = 3600000
	sasl.oauthbearer.jwks.endpoint.retry.backoff.max.ms = 10000
	sasl.oauthbearer.jwks.endpoint.retry.backoff.ms = 100
	sasl.oauthbearer.jwks.endpoint.url = null
	sasl.oauthbearer.scope.claim.name = scope
	sasl.oauthbearer.sub.claim.name = sub
	sasl.oauthbearer.token.endpoint.url = null
	security.protocol = PLAINTEXT
	security.providers = null
	send.buffer.bytes = 131072
	socket.connection.setup.timeout.max.ms = 30000
	socket.connection.setup.timeout.ms = 10000
	ssl.cipher.suites = null
	ssl.enabled.protocols = [TLSv1.2, TLSv1.3]
	ssl.endpoint.identification.algorithm = https
	ssl.engine.factory.class = null
	ssl.key.password = null
	ssl.keymanager.algorithm = SunX509
	ssl.keystore.certificate.chain = null
	ssl.keystore.key = null
	ssl.keystore.location = null
	ssl.keystore.password = null
	ssl.keystore.type = JKS
	ssl.protocol = TLSv1.3
	ssl.provider = null
	ssl.secure.random.implementation = null
	ssl.trustmanager.algorithm = PKIX
	ssl.truststore.certificates = null
	ssl.truststore.location = null
	ssl.truststore.password = null
	ssl.truststore.type = JKS
	transaction.timeout.ms = 60000
	transactional.id = null
	value.serializer = class io.apicurio.registry.serde.avro.AvroKafkaSerializer

2025-08-13 02:14:07,739 INFO  [org.apa.kaf.com.tel.int.KafkaMetricsCollector] (main) initializing Kafka metrics collector
2025-08-13 02:14:07,749 INFO  [org.apa.kaf.cli.pro.KafkaProducer] (main) [Producer clientId=Producer-topic-f430d415_4b96_4e4f_9932_96f4a55a218e] Instantiated an idempotent producer.
2025-08-13 02:14:07,751 INFO  [org.apa.kaf.cli.pro.ProducerConfig] (main) These configurations '[apicurio.registry.url, apicurio.registry.auto-register, apicurio.registry.artifact-resolver-strategy, apicurio.registry.avro-datum-provider]' were supplied but are not used yet.
2025-08-13 02:14:07,751 INFO  [org.apa.kaf.com.uti.AppInfoParser] (main) Kafka version: 3.9.1
2025-08-13 02:14:07,754 INFO  [org.apa.kaf.com.uti.AppInfoParser] (main) Kafka commitId: f745dfdcee2b9851
2025-08-13 02:14:07,755 INFO  [org.apa.kaf.com.uti.AppInfoParser] (main) Kafka startTimeMs: 1755051247751
2025-08-13 02:14:07,755 INFO  [io.api.tes.ser.api.SimpleSerdesTesterBuilder$SimpleSerdesTester] (main) Using producer configuration: {apicurio.registry.url=http://registry-app-pg17.apps.ci419.apicurio-testing.org:80/apis/registry/v3, apicurio.registry.auto-register=true, apicurio.registry.artifact-resolver-strategy=io.apicurio.registry.serde.strategy.TopicIdStrategy, value.serializer=io.apicurio.registry.serde.avro.AvroKafkaSerializer, request.timeout.ms=5000, acks=all, bootstrap.servers=PLAINTEXT://localhost:32769, connections.max.idle.ms=10000, key.serializer=org.apache.kafka.common.serialization.StringSerializer, apicurio.registry.avro-datum-provider=io.apicurio.registry.serde.avro.ReflectAvroDatumProvider, client.id=Producer-topic-f430d415_4b96_4e4f_9932_96f4a55a218e}
2025-08-13 02:14:07,755 INFO  [io.api.tes.ser.api.SimpleSerdesTesterBuilder$SimpleSerdesTester] (main) Using consumer configuration: {apicurio.registry.avro-datum-provider=io.apicurio.registry.serde.avro.ReflectAvroDatumProvider}
2025-08-13 02:14:07,757 INFO  [io.api.tes.ser.api.KafkaSerdesTester] (Thread-633) Sending message io.apicurio.tests.common.serdes.TestObject@3dbd29cb to topic topic-f430d415_4b96_4e4f_9932_96f4a55a218e
2025-08-13 02:14:07,759 INFO  [org.apa.kaf.cli.Metadata] (kafka-producer-network-thread | Producer-topic-f430d415_4b96_4e4f_9932_96f4a55a218e) [Producer clientId=Producer-topic-f430d415_4b96_4e4f_9932_96f4a55a218e] Cluster ID: NjaB_jQRSOy2vs25Uo6hCg
2025-08-13 02:14:07,760 INFO  [org.apa.kaf.cli.pro.int.TransactionManager] (kafka-producer-network-thread | Producer-topic-f430d415_4b96_4e4f_9932_96f4a55a218e) [Producer clientId=Producer-topic-f430d415_4b96_4e4f_9932_96f4a55a218e] ProducerId set to 6 with epoch 0
2025-08-13 02:14:07,866 INFO  [io.api.tes.ser.api.KafkaSerdesTester] (Thread-633) Sending message io.apicurio.tests.common.serdes.TestObject@3dbd29cb to topic topic-f430d415_4b96_4e4f_9932_96f4a55a218e
2025-08-13 02:14:07,869 INFO  [io.api.tes.ser.api.KafkaSerdesTester] (Thread-633) Sending message io.apicurio.tests.common.serdes.TestObject@3dbd29cb to topic topic-f430d415_4b96_4e4f_9932_96f4a55a218e
2025-08-13 02:14:07,871 INFO  [io.api.tes.ser.api.KafkaSerdesTester] (Thread-633) Sending message io.apicurio.tests.common.serdes.TestObject@3dbd29cb to topic topic-f430d415_4b96_4e4f_9932_96f4a55a218e
2025-08-13 02:14:07,873 INFO  [io.api.tes.ser.api.KafkaSerdesTester] (Thread-633) Sending message io.apicurio.tests.common.serdes.TestObject@3dbd29cb to topic topic-f430d415_4b96_4e4f_9932_96f4a55a218e
2025-08-13 02:14:07,875 INFO  [io.api.tes.ser.api.KafkaSerdesTester] (Thread-633) Sending message io.apicurio.tests.common.serdes.TestObject@3dbd29cb to topic topic-f430d415_4b96_4e4f_9932_96f4a55a218e
2025-08-13 02:14:07,880 INFO  [io.api.tes.ser.api.KafkaSerdesTester] (Thread-633) Sending message io.apicurio.tests.common.serdes.TestObject@3dbd29cb to topic topic-f430d415_4b96_4e4f_9932_96f4a55a218e
2025-08-13 02:14:07,883 INFO  [io.api.tes.ser.api.KafkaSerdesTester] (Thread-633) Sending message io.apicurio.tests.common.serdes.TestObject@3dbd29cb to topic topic-f430d415_4b96_4e4f_9932_96f4a55a218e
2025-08-13 02:14:07,884 INFO  [io.api.tes.ser.api.KafkaSerdesTester] (Thread-633) Sending message io.apicurio.tests.common.serdes.TestObject@3dbd29cb to topic topic-f430d415_4b96_4e4f_9932_96f4a55a218e
2025-08-13 02:14:07,886 INFO  [io.api.tes.ser.api.KafkaSerdesTester] (Thread-633) Sending message io.apicurio.tests.common.serdes.TestObject@3dbd29cb to topic topic-f430d415_4b96_4e4f_9932_96f4a55a218e
2025-08-13 02:14:07,888 INFO  [io.api.tes.ser.api.KafkaSerdesTester] (Thread-633) Produced 10 messages
2025-08-13 02:14:07,888 INFO  [org.apa.kaf.cli.pro.KafkaProducer] (Thread-633) [Producer clientId=Producer-topic-f430d415_4b96_4e4f_9932_96f4a55a218e] Closing the Kafka producer with timeoutMillis = 9223372036854775807 ms.
2025-08-13 02:14:07,891 INFO  [org.apa.kaf.com.met.Metrics] (Thread-633) Metrics scheduler closed
2025-08-13 02:14:07,891 INFO  [org.apa.kaf.com.met.Metrics] (Thread-633) Closing reporter org.apache.kafka.common.metrics.JmxReporter
2025-08-13 02:14:07,891 INFO  [org.apa.kaf.com.met.Metrics] (Thread-633) Closing reporter org.apache.kafka.common.telemetry.internals.ClientTelemetryReporter
2025-08-13 02:14:07,891 INFO  [org.apa.kaf.com.met.Metrics] (Thread-633) Metrics reporters closed
2025-08-13 02:14:07,891 INFO  [org.apa.kaf.com.uti.AppInfoParser] (Thread-633) App info kafka.producer for Producer-topic-f430d415_4b96_4e4f_9932_96f4a55a218e unregistered
**** Registry Base URL: http://registry-app-pg17.apps.ci419.apicurio-testing.org:80
2025-08-13 02:14:07,949 INFO  [org.apa.kaf.cli.con.ConsumerConfig] (main) ConsumerConfig values: 
	allow.auto.create.topics = true
	auto.commit.interval.ms = 500
	auto.include.jmx.reporter = true
	auto.offset.reset = earliest
	bootstrap.servers = [PLAINTEXT://localhost:32769]
	check.crcs = true
	client.dns.lookup = use_all_dns_ips
	client.id = consumer-Consumer-topic-f430d415_4b96_4e4f_9932_96f4a55a218e-6
	client.rack = 
	connections.max.idle.ms = 10000
	default.api.timeout.ms = 60000
	enable.auto.commit = true
	enable.metrics.push = true
	exclude.internal.topics = true
	fetch.max.bytes = 52428800
	fetch.max.wait.ms = 500
	fetch.min.bytes = 1
	group.id = Consumer-topic-f430d415_4b96_4e4f_9932_96f4a55a218e
	group.instance.id = null
	group.protocol = classic
	group.remote.assignor = null
	heartbeat.interval.ms = 3000
	interceptor.classes = []
	internal.leave.group.on.close = true
	internal.throw.on.fetch.stable.offset.unsupported = false
	isolation.level = read_uncommitted
	key.deserializer = class org.apache.kafka.common.serialization.StringDeserializer
	max.partition.fetch.bytes = 1048576
	max.poll.interval.ms = 300000
	max.poll.records = 500
	metadata.max.age.ms = 300000
	metadata.recovery.strategy = none
	metric.reporters = []
	metrics.num.samples = 2
	metrics.recording.level = INFO
	metrics.sample.window.ms = 30000
	partition.assignment.strategy = [class org.apache.kafka.clients.consumer.RangeAssignor, class org.apache.kafka.clients.consumer.CooperativeStickyAssignor]
	receive.buffer.bytes = 65536
	reconnect.backoff.max.ms = 1000
	reconnect.backoff.ms = 50
	request.timeout.ms = 5000
	retry.backoff.max.ms = 1000
	retry.backoff.ms = 100
	sasl.client.callback.handler.class = null
	sasl.jaas.config = null
	sasl.kerberos.kinit.cmd = /usr/bin/kinit
	sasl.kerberos.min.time.before.relogin = 60000
	sasl.kerberos.service.name = null
	sasl.kerberos.ticket.renew.jitter = 0.05
	sasl.kerberos.ticket.renew.window.factor = 0.8
	sasl.login.callback.handler.class = null
	sasl.login.class = null
	sasl.login.connect.timeout.ms = null
	sasl.login.read.timeout.ms = null
	sasl.login.refresh.buffer.seconds = 300
	sasl.login.refresh.min.period.seconds = 60
	sasl.login.refresh.window.factor = 0.8
	sasl.login.refresh.window.jitter = 0.05
	sasl.login.retry.backoff.max.ms = 10000
	sasl.login.retry.backoff.ms = 100
	sasl.mechanism = GSSAPI
	sasl.oauthbearer.clock.skew.seconds = 30
	sasl.oauthbearer.expected.audience = null
	sasl.oauthbearer.expected.issuer = null
	sasl.oauthbearer.header.urlencode = false
	sasl.oauthbearer.jwks.endpoint.refresh.ms = 3600000
	sasl.oauthbearer.jwks.endpoint.retry.backoff.max.ms = 10000
	sasl.oauthbearer.jwks.endpoint.retry.backoff.ms = 100
	sasl.oauthbearer.jwks.endpoint.url = null
	sasl.oauthbearer.scope.claim.name = scope
	sasl.oauthbearer.sub.claim.name = sub
	sasl.oauthbearer.token.endpoint.url = null
	security.protocol = PLAINTEXT
	security.providers = null
	send.buffer.bytes = 131072
	session.timeout.ms = 45000
	socket.connection.setup.timeout.max.ms = 30000
	socket.connection.setup.timeout.ms = 10000
	ssl.cipher.suites = null
	ssl.enabled.protocols = [TLSv1.2, TLSv1.3]
	ssl.endpoint.identification.algorithm = https
	ssl.engine.factory.class = null
	ssl.key.password = null
	ssl.keymanager.algorithm = SunX509
	ssl.keystore.certificate.chain = null
	ssl.keystore.key = null
	ssl.keystore.location = null
	ssl.keystore.password = null
	ssl.keystore.type = JKS
	ssl.protocol = TLSv1.3
	ssl.provider = null
	ssl.secure.random.implementation = null
	ssl.trustmanager.algorithm = PKIX
	ssl.truststore.certificates = null
	ssl.truststore.location = null
	ssl.truststore.password = null
	ssl.truststore.type = JKS
	value.deserializer = class io.apicurio.registry.serde.avro.AvroKafkaDeserializer

2025-08-13 02:14:07,949 INFO  [org.apa.kaf.com.tel.int.KafkaMetricsCollector] (main) initializing Kafka metrics collector
2025-08-13 02:14:07,955 INFO  [org.apa.kaf.cli.con.ConsumerConfig] (main) These configurations '[apicurio.registry.url, apicurio.registry.avro-datum-provider]' were supplied but are not used yet.
2025-08-13 02:14:07,955 INFO  [org.apa.kaf.com.uti.AppInfoParser] (main) Kafka version: 3.9.1
2025-08-13 02:14:07,955 INFO  [org.apa.kaf.com.uti.AppInfoParser] (main) Kafka commitId: f745dfdcee2b9851
2025-08-13 02:14:07,955 INFO  [org.apa.kaf.com.uti.AppInfoParser] (main) Kafka startTimeMs: 1755051247955
2025-08-13 02:14:07,955 INFO  [org.apa.kaf.cli.con.int.ClassicKafkaConsumer] (Thread-636) [Consumer clientId=consumer-Consumer-topic-f430d415_4b96_4e4f_9932_96f4a55a218e-6, groupId=Consumer-topic-f430d415_4b96_4e4f_9932_96f4a55a218e] Subscribed to topic(s): topic-f430d415_4b96_4e4f_9932_96f4a55a218e
2025-08-13 02:14:07,960 INFO  [org.apa.kaf.cli.Metadata] (Thread-636) [Consumer clientId=consumer-Consumer-topic-f430d415_4b96_4e4f_9932_96f4a55a218e-6, groupId=Consumer-topic-f430d415_4b96_4e4f_9932_96f4a55a218e] Cluster ID: NjaB_jQRSOy2vs25Uo6hCg
2025-08-13 02:14:07,960 INFO  [org.apa.kaf.cli.con.int.ConsumerCoordinator] (Thread-636) [Consumer clientId=consumer-Consumer-topic-f430d415_4b96_4e4f_9932_96f4a55a218e-6, groupId=Consumer-topic-f430d415_4b96_4e4f_9932_96f4a55a218e] Discovered group coordinator localhost:32769 (id: 2147483647 rack: null)
2025-08-13 02:14:07,961 INFO  [org.apa.kaf.cli.con.int.ConsumerCoordinator] (Thread-636) [Consumer clientId=consumer-Consumer-topic-f430d415_4b96_4e4f_9932_96f4a55a218e-6, groupId=Consumer-topic-f430d415_4b96_4e4f_9932_96f4a55a218e] (Re-)joining group
2025-08-13 02:14:07,967 INFO  [org.apa.kaf.cli.con.int.ConsumerCoordinator] (Thread-636) [Consumer clientId=consumer-Consumer-topic-f430d415_4b96_4e4f_9932_96f4a55a218e-6, groupId=Consumer-topic-f430d415_4b96_4e4f_9932_96f4a55a218e] Request joining group due to: need to re-join with the given member-id: consumer-Consumer-topic-f430d415_4b96_4e4f_9932_96f4a55a218e-6-f0c02008-6481-4db2-96d6-02a4024abf12
2025-08-13 02:14:07,967 INFO  [org.apa.kaf.cli.con.int.ConsumerCoordinator] (Thread-636) [Consumer clientId=consumer-Consumer-topic-f430d415_4b96_4e4f_9932_96f4a55a218e-6, groupId=Consumer-topic-f430d415_4b96_4e4f_9932_96f4a55a218e] (Re-)joining group
2025-08-13 02:14:08,955 INFO  [io.api.tes.ser.api.KafkaSerdesTester] (Thread-636) None found
2025-08-13 02:14:09,955 INFO  [io.api.tes.ser.api.KafkaSerdesTester] (Thread-636) None found
2025-08-13 02:14:10,956 INFO  [io.api.tes.ser.api.KafkaSerdesTester] (Thread-636) None found
2025-08-13 02:14:10,970 INFO  [org.apa.kaf.cli.con.int.ConsumerCoordinator] (Thread-636) [Consumer clientId=consumer-Consumer-topic-f430d415_4b96_4e4f_9932_96f4a55a218e-6, groupId=Consumer-topic-f430d415_4b96_4e4f_9932_96f4a55a218e] Successfully joined group with generation Generation{generationId=1, memberId='consumer-Consumer-topic-f430d415_4b96_4e4f_9932_96f4a55a218e-6-f0c02008-6481-4db2-96d6-02a4024abf12', protocol='range'}
2025-08-13 02:14:10,970 INFO  [org.apa.kaf.cli.con.int.ConsumerCoordinator] (Thread-636) [Consumer clientId=consumer-Consumer-topic-f430d415_4b96_4e4f_9932_96f4a55a218e-6, groupId=Consumer-topic-f430d415_4b96_4e4f_9932_96f4a55a218e] Finished assignment for group at generation 1: {consumer-Consumer-topic-f430d415_4b96_4e4f_9932_96f4a55a218e-6-f0c02008-6481-4db2-96d6-02a4024abf12=Assignment(partitions=[topic-f430d415_4b96_4e4f_9932_96f4a55a218e-0])}
2025-08-13 02:14:10,977 INFO  [org.apa.kaf.cli.con.int.ConsumerCoordinator] (Thread-636) [Consumer clientId=consumer-Consumer-topic-f430d415_4b96_4e4f_9932_96f4a55a218e-6, groupId=Consumer-topic-f430d415_4b96_4e4f_9932_96f4a55a218e] Successfully synced group in generation Generation{generationId=1, memberId='consumer-Consumer-topic-f430d415_4b96_4e4f_9932_96f4a55a218e-6-f0c02008-6481-4db2-96d6-02a4024abf12', protocol='range'}
2025-08-13 02:14:10,978 INFO  [org.apa.kaf.cli.con.int.ConsumerCoordinator] (Thread-636) [Consumer clientId=consumer-Consumer-topic-f430d415_4b96_4e4f_9932_96f4a55a218e-6, groupId=Consumer-topic-f430d415_4b96_4e4f_9932_96f4a55a218e] Notifying assignor about the new Assignment(partitions=[topic-f430d415_4b96_4e4f_9932_96f4a55a218e-0])
2025-08-13 02:14:10,978 INFO  [org.apa.kaf.cli.con.int.ConsumerRebalanceListenerInvoker] (Thread-636) [Consumer clientId=consumer-Consumer-topic-f430d415_4b96_4e4f_9932_96f4a55a218e-6, groupId=Consumer-topic-f430d415_4b96_4e4f_9932_96f4a55a218e] Adding newly assigned partitions: topic-f430d415_4b96_4e4f_9932_96f4a55a218e-0
2025-08-13 02:14:10,979 INFO  [org.apa.kaf.cli.con.int.ConsumerCoordinator] (Thread-636) [Consumer clientId=consumer-Consumer-topic-f430d415_4b96_4e4f_9932_96f4a55a218e-6, groupId=Consumer-topic-f430d415_4b96_4e4f_9932_96f4a55a218e] Found no committed offset for partition topic-f430d415_4b96_4e4f_9932_96f4a55a218e-0
2025-08-13 02:14:10,985 INFO  [org.apa.kaf.cli.con.int.SubscriptionState] (Thread-636) [Consumer clientId=consumer-Consumer-topic-f430d415_4b96_4e4f_9932_96f4a55a218e-6, groupId=Consumer-topic-f430d415_4b96_4e4f_9932_96f4a55a218e] Resetting offset for partition topic-f430d415_4b96_4e4f_9932_96f4a55a218e-0 to position FetchPosition{offset=0, offsetEpoch=Optional.empty, currentLeader=LeaderAndEpoch{leader=Optional[localhost:32769 (id: 0 rack: null)], epoch=0}}.
2025-08-13 02:14:11,069 INFO  [io.api.tes.ser.api.KafkaSerdesTester] (Thread-636) topic-f430d415_4b96_4e4f_9932_96f4a55a218e 0 0 io.apicurio.tests.common.serdes.TestObject@3dbd29cb
2025-08-13 02:14:11,069 INFO  [io.api.tes.ser.api.KafkaSerdesTester] (Thread-636) topic-f430d415_4b96_4e4f_9932_96f4a55a218e 0 1 io.apicurio.tests.common.serdes.TestObject@3dbd29cb
2025-08-13 02:14:11,069 INFO  [io.api.tes.ser.api.KafkaSerdesTester] (Thread-636) topic-f430d415_4b96_4e4f_9932_96f4a55a218e 0 2 io.apicurio.tests.common.serdes.TestObject@3dbd29cb
2025-08-13 02:14:11,069 INFO  [io.api.tes.ser.api.KafkaSerdesTester] (Thread-636) topic-f430d415_4b96_4e4f_9932_96f4a55a218e 0 3 io.apicurio.tests.common.serdes.TestObject@3dbd29cb
2025-08-13 02:14:11,070 INFO  [io.api.tes.ser.api.KafkaSerdesTester] (Thread-636) topic-f430d415_4b96_4e4f_9932_96f4a55a218e 0 4 io.apicurio.tests.common.serdes.TestObject@3dbd29cb
2025-08-13 02:14:11,070 INFO  [io.api.tes.ser.api.KafkaSerdesTester] (Thread-636) topic-f430d415_4b96_4e4f_9932_96f4a55a218e 0 5 io.apicurio.tests.common.serdes.TestObject@3dbd29cb
2025-08-13 02:14:11,070 INFO  [io.api.tes.ser.api.KafkaSerdesTester] (Thread-636) topic-f430d415_4b96_4e4f_9932_96f4a55a218e 0 6 io.apicurio.tests.common.serdes.TestObject@3dbd29cb
2025-08-13 02:14:11,070 INFO  [io.api.tes.ser.api.KafkaSerdesTester] (Thread-636) topic-f430d415_4b96_4e4f_9932_96f4a55a218e 0 7 io.apicurio.tests.common.serdes.TestObject@3dbd29cb
2025-08-13 02:14:11,070 INFO  [io.api.tes.ser.api.KafkaSerdesTester] (Thread-636) topic-f430d415_4b96_4e4f_9932_96f4a55a218e 0 8 io.apicurio.tests.common.serdes.TestObject@3dbd29cb
2025-08-13 02:14:11,070 INFO  [io.api.tes.ser.api.KafkaSerdesTester] (Thread-636) topic-f430d415_4b96_4e4f_9932_96f4a55a218e 0 9 io.apicurio.tests.common.serdes.TestObject@3dbd29cb
2025-08-13 02:14:11,070 INFO  [io.api.tes.ser.api.KafkaSerdesTester] (Thread-636) Consumed 10 messages
2025-08-13 02:14:11,078 INFO  [org.apa.kaf.cli.con.int.ConsumerRebalanceListenerInvoker] (Thread-636) [Consumer clientId=consumer-Consumer-topic-f430d415_4b96_4e4f_9932_96f4a55a218e-6, groupId=Consumer-topic-f430d415_4b96_4e4f_9932_96f4a55a218e] Revoke previously assigned partitions topic-f430d415_4b96_4e4f_9932_96f4a55a218e-0
2025-08-13 02:14:11,078 INFO  [org.apa.kaf.cli.con.int.ConsumerCoordinator] (Thread-636) [Consumer clientId=consumer-Consumer-topic-f430d415_4b96_4e4f_9932_96f4a55a218e-6, groupId=Consumer-topic-f430d415_4b96_4e4f_9932_96f4a55a218e] Member consumer-Consumer-topic-f430d415_4b96_4e4f_9932_96f4a55a218e-6-f0c02008-6481-4db2-96d6-02a4024abf12 sending LeaveGroup request to coordinator localhost:32769 (id: 2147483647 rack: null) due to the consumer is being closed
2025-08-13 02:14:11,078 INFO  [org.apa.kaf.cli.con.int.ConsumerCoordinator] (Thread-636) [Consumer clientId=consumer-Consumer-topic-f430d415_4b96_4e4f_9932_96f4a55a218e-6, groupId=Consumer-topic-f430d415_4b96_4e4f_9932_96f4a55a218e] Resetting generation and member id due to: consumer pro-actively leaving the group
2025-08-13 02:14:11,078 INFO  [org.apa.kaf.cli.con.int.ConsumerCoordinator] (Thread-636) [Consumer clientId=consumer-Consumer-topic-f430d415_4b96_4e4f_9932_96f4a55a218e-6, groupId=Consumer-topic-f430d415_4b96_4e4f_9932_96f4a55a218e] Request joining group due to: consumer pro-actively leaving the group
2025-08-13 02:14:11,572 INFO  [org.apa.kaf.com.met.Metrics] (Thread-636) Metrics scheduler closed
2025-08-13 02:14:11,572 INFO  [org.apa.kaf.com.met.Metrics] (Thread-636) Closing reporter org.apache.kafka.common.metrics.JmxReporter
2025-08-13 02:14:11,572 INFO  [org.apa.kaf.com.met.Metrics] (Thread-636) Closing reporter org.apache.kafka.common.telemetry.internals.ClientTelemetryReporter
2025-08-13 02:14:11,572 INFO  [org.apa.kaf.com.met.Metrics] (Thread-636) Metrics reporters closed
2025-08-13 02:14:11,575 INFO  [org.apa.kaf.com.uti.AppInfoParser] (Thread-636) App info kafka.consumer for consumer-Consumer-topic-f430d415_4b96_4e4f_9932_96f4a55a218e-6 unregistered
2025-08-13 02:14:11,575 INFO  [io.api.tes.uti.TestSeparator] (main) io.apicurio.tests.serdes.apicurio.AvroSerdeIT.testReflectAutoRegister-FINISHED
2025-08-13 02:14:11,576 INFO  [io.api.tes.uti.TestSeparator] (main) ############################################################################
Test passed: testReflectAutoRegister
]]></system-out>
  </testcase>
  <testcase name="testArtifactNotFound" classname="io.apicurio.tests.serdes.apicurio.AvroSerdeIT" time="0.25">
    <system-out><![CDATA[2025-08-13 02:14:11,580 INFO  [io.api.tes.uti.TestSeparator] (main) ############################################################################
2025-08-13 02:14:11,580 INFO  [io.api.tes.uti.TestSeparator] (main) io.apicurio.tests.serdes.apicurio.AvroSerdeIT.testArtifactNotFound-STARTED
**** Registry Base URL: http://registry-app-pg17.apps.ci419.apicurio-testing.org:80
2025-08-13 02:14:11,582 INFO  [org.apa.kaf.cli.pro.ProducerConfig] (main) ProducerConfig values: 
	acks = -1
	auto.include.jmx.reporter = true
	batch.size = 16384
	bootstrap.servers = [PLAINTEXT://localhost:32769]
	buffer.memory = 33554432
	client.dns.lookup = use_all_dns_ips
	client.id = Producer-s2ef12886x639bx45e7x8ef3x25d7ea06380f
	compression.gzip.level = -1
	compression.lz4.level = 9
	compression.type = none
	compression.zstd.level = 3
	connections.max.idle.ms = 10000
	delivery.timeout.ms = 120000
	enable.idempotence = true
	enable.metrics.push = true
	interceptor.classes = []
	key.serializer = class org.apache.kafka.common.serialization.StringSerializer
	linger.ms = 0
	max.block.ms = 60000
	max.in.flight.requests.per.connection = 5
	max.request.size = 1048576
	metadata.max.age.ms = 300000
	metadata.max.idle.ms = 300000
	metadata.recovery.strategy = none
	metric.reporters = []
	metrics.num.samples = 2
	metrics.recording.level = INFO
	metrics.sample.window.ms = 30000
	partitioner.adaptive.partitioning.enable = true
	partitioner.availability.timeout.ms = 0
	partitioner.class = null
	partitioner.ignore.keys = false
	receive.buffer.bytes = 32768
	reconnect.backoff.max.ms = 1000
	reconnect.backoff.ms = 50
	request.timeout.ms = 5000
	retries = 2147483647
	retry.backoff.max.ms = 1000
	retry.backoff.ms = 100
	sasl.client.callback.handler.class = null
	sasl.jaas.config = null
	sasl.kerberos.kinit.cmd = /usr/bin/kinit
	sasl.kerberos.min.time.before.relogin = 60000
	sasl.kerberos.service.name = null
	sasl.kerberos.ticket.renew.jitter = 0.05
	sasl.kerberos.ticket.renew.window.factor = 0.8
	sasl.login.callback.handler.class = null
	sasl.login.class = null
	sasl.login.connect.timeout.ms = null
	sasl.login.read.timeout.ms = null
	sasl.login.refresh.buffer.seconds = 300
	sasl.login.refresh.min.period.seconds = 60
	sasl.login.refresh.window.factor = 0.8
	sasl.login.refresh.window.jitter = 0.05
	sasl.login.retry.backoff.max.ms = 10000
	sasl.login.retry.backoff.ms = 100
	sasl.mechanism = GSSAPI
	sasl.oauthbearer.clock.skew.seconds = 30
	sasl.oauthbearer.expected.audience = null
	sasl.oauthbearer.expected.issuer = null
	sasl.oauthbearer.header.urlencode = false
	sasl.oauthbearer.jwks.endpoint.refresh.ms = 3600000
	sasl.oauthbearer.jwks.endpoint.retry.backoff.max.ms = 10000
	sasl.oauthbearer.jwks.endpoint.retry.backoff.ms = 100
	sasl.oauthbearer.jwks.endpoint.url = null
	sasl.oauthbearer.scope.claim.name = scope
	sasl.oauthbearer.sub.claim.name = sub
	sasl.oauthbearer.token.endpoint.url = null
	security.protocol = PLAINTEXT
	security.providers = null
	send.buffer.bytes = 131072
	socket.connection.setup.timeout.max.ms = 30000
	socket.connection.setup.timeout.ms = 10000
	ssl.cipher.suites = null
	ssl.enabled.protocols = [TLSv1.2, TLSv1.3]
	ssl.endpoint.identification.algorithm = https
	ssl.engine.factory.class = null
	ssl.key.password = null
	ssl.keymanager.algorithm = SunX509
	ssl.keystore.certificate.chain = null
	ssl.keystore.key = null
	ssl.keystore.location = null
	ssl.keystore.password = null
	ssl.keystore.type = JKS
	ssl.protocol = TLSv1.3
	ssl.provider = null
	ssl.secure.random.implementation = null
	ssl.trustmanager.algorithm = PKIX
	ssl.truststore.certificates = null
	ssl.truststore.location = null
	ssl.truststore.password = null
	ssl.truststore.type = JKS
	transaction.timeout.ms = 60000
	transactional.id = null
	value.serializer = class io.apicurio.registry.serde.avro.AvroKafkaSerializer

2025-08-13 02:14:11,583 INFO  [org.apa.kaf.com.tel.int.KafkaMetricsCollector] (main) initializing Kafka metrics collector
2025-08-13 02:14:11,587 INFO  [org.apa.kaf.cli.pro.KafkaProducer] (main) [Producer clientId=Producer-s2ef12886x639bx45e7x8ef3x25d7ea06380f] Instantiated an idempotent producer.
2025-08-13 02:14:11,604 INFO  [org.apa.kaf.cli.pro.ProducerConfig] (main) These configurations '[apicurio.registry.url, apicurio.registry.artifact-resolver-strategy]' were supplied but are not used yet.
2025-08-13 02:14:11,604 INFO  [org.apa.kaf.com.uti.AppInfoParser] (main) Kafka version: 3.9.1
2025-08-13 02:14:11,604 INFO  [org.apa.kaf.com.uti.AppInfoParser] (main) Kafka commitId: f745dfdcee2b9851
2025-08-13 02:14:11,604 INFO  [org.apa.kaf.com.uti.AppInfoParser] (main) Kafka startTimeMs: 1755051251604
2025-08-13 02:14:11,605 INFO  [io.api.tes.ser.api.KafkaSerdesTester] (Thread-639) Sending message {"keyB": "value-0"} to topic s2ef12886x639bx45e7x8ef3x25d7ea06380f
2025-08-13 02:14:11,606 INFO  [org.apa.kaf.cli.Metadata] (kafka-producer-network-thread | Producer-s2ef12886x639bx45e7x8ef3x25d7ea06380f) [Producer clientId=Producer-s2ef12886x639bx45e7x8ef3x25d7ea06380f] Cluster ID: NjaB_jQRSOy2vs25Uo6hCg
2025-08-13 02:14:11,607 INFO  [org.apa.kaf.cli.pro.int.TransactionManager] (kafka-producer-network-thread | Producer-s2ef12886x639bx45e7x8ef3x25d7ea06380f) [Producer clientId=Producer-s2ef12886x639bx45e7x8ef3x25d7ea06380f] ProducerId set to 7 with epoch 0
2025-08-13 02:14:11,612 WARN  [org.apa.kaf.cli.NetworkClient] (kafka-producer-network-thread | Producer-s2ef12886x639bx45e7x8ef3x25d7ea06380f) [Producer clientId=Producer-s2ef12886x639bx45e7x8ef3x25d7ea06380f] The metadata response from the cluster reported a recoverable issue with correlation id 5 : {s2ef12886x639bx45e7x8ef3x25d7ea06380f=UNKNOWN_TOPIC_OR_PARTITION}
2025-08-13 02:14:11,725 INFO  [DefaultSchemaResolver] (Thread-639) Retrieving schema content using string: {"type":"record","name":"myrecord","namespace":"mygroup","fields":[{"name":"keyB","type":"string"}]}
2025-08-13 02:14:11,819 INFO  [org.apa.kaf.cli.pro.KafkaProducer] (Thread-639) [Producer clientId=Producer-s2ef12886x639bx45e7x8ef3x25d7ea06380f] Closing the Kafka producer with timeoutMillis = 9223372036854775807 ms.
2025-08-13 02:14:11,824 INFO  [org.apa.kaf.com.met.Metrics] (Thread-639) Metrics scheduler closed
2025-08-13 02:14:11,824 INFO  [org.apa.kaf.com.met.Metrics] (Thread-639) Closing reporter org.apache.kafka.common.metrics.JmxReporter
2025-08-13 02:14:11,825 INFO  [org.apa.kaf.com.met.Metrics] (Thread-639) Closing reporter org.apache.kafka.common.telemetry.internals.ClientTelemetryReporter
2025-08-13 02:14:11,825 INFO  [org.apa.kaf.com.met.Metrics] (Thread-639) Metrics reporters closed
2025-08-13 02:14:11,825 INFO  [org.apa.kaf.com.uti.AppInfoParser] (Thread-639) App info kafka.producer for Producer-s2ef12886x639bx45e7x8ef3x25d7ea06380f unregistered
2025-08-13 02:14:11,826 INFO  [io.api.tes.uti.TestSeparator] (main) io.apicurio.tests.serdes.apicurio.AvroSerdeIT.testArtifactNotFound-FINISHED
2025-08-13 02:14:11,826 INFO  [io.api.tes.uti.TestSeparator] (main) ############################################################################
Test passed: testArtifactNotFound
]]></system-out>
    <system-err><![CDATA[java.lang.RuntimeException: Could not resolve artifact reference by content: {"type":"record","name":"myrecord","namespace":"mygroup","fields":[{"name":"keyB","type":"string"}]}&ArtifactReference [groupId=default, artifactId=s2ef12886x639bx45e7x8ef3x25d7ea06380f-value, version=null, globalId=null, contentId=null, contentHash=null]
	at io.apicurio.registry.resolver.DefaultSchemaResolver.lambda$handleResolveSchemaByContent$3(DefaultSchemaResolver.java:265)
	at io.apicurio.registry.resolver.cache.ERCache.lambda$getValue$0(ERCache.java:174)
	at io.apicurio.registry.resolver.cache.ERCache.retry(ERCache.java:227)
	at io.apicurio.registry.resolver.cache.ERCache.getValue(ERCache.java:173)
	at io.apicurio.registry.resolver.cache.ERCache.getByContent(ERCache.java:147)
	at io.apicurio.registry.resolver.DefaultSchemaResolver.handleResolveSchemaByContent(DefaultSchemaResolver.java:253)
	at io.apicurio.registry.resolver.DefaultSchemaResolver.getSchemaFromRegistry(DefaultSchemaResolver.java:138)
	at io.apicurio.registry.resolver.DefaultSchemaResolver.lambda$resolveSchema$0(DefaultSchemaResolver.java:84)
	at java.base/java.util.Optional.orElseGet(Optional.java:364)
	at io.apicurio.registry.resolver.DefaultSchemaResolver.resolveSchema(DefaultSchemaResolver.java:84)
	at io.apicurio.registry.serde.AbstractSerializer.serializeData(AbstractSerializer.java:62)
	at io.apicurio.registry.serde.KafkaSerializer.serialize(KafkaSerializer.java:77)
	at org.apache.kafka.clients.producer.KafkaProducer.doSend(KafkaProducer.java:1046)
	at org.apache.kafka.clients.producer.KafkaProducer.send(KafkaProducer.java:993)
	at org.apache.kafka.clients.producer.KafkaProducer.send(KafkaProducer.java:875)
	at io.apicurio.tests.serdes.apicurio.KafkaSerdesTester.lambda$produceMessages$3(KafkaSerdesTester.java:138)
	at java.base/java.util.concurrent.CompletableFuture$AsyncSupply.run(CompletableFuture.java:1768)
	at java.base/java.lang.Thread.run(Thread.java:840)
]]></system-err>
  </testcase>
  <testcase name="testAvroSerDesFailDifferentSchemaByRecordName" classname="io.apicurio.tests.serdes.apicurio.AvroSerdeIT" time="1.16">
    <system-out><![CDATA[2025-08-13 02:14:11,827 INFO  [io.api.tes.uti.TestSeparator] (main) ############################################################################
2025-08-13 02:14:11,827 INFO  [io.api.tes.uti.TestSeparator] (main) io.apicurio.tests.serdes.apicurio.AvroSerdeIT.testAvroSerDesFailDifferentSchemaByRecordName-STARTED
**** Registry Base URL: http://registry-app-pg17.apps.ci419.apicurio-testing.org:80
2025-08-13 02:14:12,918 INFO  [org.apa.kaf.cli.pro.ProducerConfig] (main) ProducerConfig values: 
	acks = -1
	auto.include.jmx.reporter = true
	batch.size = 16384
	bootstrap.servers = [PLAINTEXT://localhost:32769]
	buffer.memory = 33554432
	client.dns.lookup = use_all_dns_ips
	client.id = Producer-topic-52db7321_0506_49e6_8030_be33cc2ed174
	compression.gzip.level = -1
	compression.lz4.level = 9
	compression.type = none
	compression.zstd.level = 3
	connections.max.idle.ms = 10000
	delivery.timeout.ms = 120000
	enable.idempotence = true
	enable.metrics.push = true
	interceptor.classes = []
	key.serializer = class org.apache.kafka.common.serialization.StringSerializer
	linger.ms = 0
	max.block.ms = 60000
	max.in.flight.requests.per.connection = 5
	max.request.size = 1048576
	metadata.max.age.ms = 300000
	metadata.max.idle.ms = 300000
	metadata.recovery.strategy = none
	metric.reporters = []
	metrics.num.samples = 2
	metrics.recording.level = INFO
	metrics.sample.window.ms = 30000
	partitioner.adaptive.partitioning.enable = true
	partitioner.availability.timeout.ms = 0
	partitioner.class = null
	partitioner.ignore.keys = false
	receive.buffer.bytes = 32768
	reconnect.backoff.max.ms = 1000
	reconnect.backoff.ms = 50
	request.timeout.ms = 5000
	retries = 2147483647
	retry.backoff.max.ms = 1000
	retry.backoff.ms = 100
	sasl.client.callback.handler.class = null
	sasl.jaas.config = null
	sasl.kerberos.kinit.cmd = /usr/bin/kinit
	sasl.kerberos.min.time.before.relogin = 60000
	sasl.kerberos.service.name = null
	sasl.kerberos.ticket.renew.jitter = 0.05
	sasl.kerberos.ticket.renew.window.factor = 0.8
	sasl.login.callback.handler.class = null
	sasl.login.class = null
	sasl.login.connect.timeout.ms = null
	sasl.login.read.timeout.ms = null
	sasl.login.refresh.buffer.seconds = 300
	sasl.login.refresh.min.period.seconds = 60
	sasl.login.refresh.window.factor = 0.8
	sasl.login.refresh.window.jitter = 0.05
	sasl.login.retry.backoff.max.ms = 10000
	sasl.login.retry.backoff.ms = 100
	sasl.mechanism = GSSAPI
	sasl.oauthbearer.clock.skew.seconds = 30
	sasl.oauthbearer.expected.audience = null
	sasl.oauthbearer.expected.issuer = null
	sasl.oauthbearer.header.urlencode = false
	sasl.oauthbearer.jwks.endpoint.refresh.ms = 3600000
	sasl.oauthbearer.jwks.endpoint.retry.backoff.max.ms = 10000
	sasl.oauthbearer.jwks.endpoint.retry.backoff.ms = 100
	sasl.oauthbearer.jwks.endpoint.url = null
	sasl.oauthbearer.scope.claim.name = scope
	sasl.oauthbearer.sub.claim.name = sub
	sasl.oauthbearer.token.endpoint.url = null
	security.protocol = PLAINTEXT
	security.providers = null
	send.buffer.bytes = 131072
	socket.connection.setup.timeout.max.ms = 30000
	socket.connection.setup.timeout.ms = 10000
	ssl.cipher.suites = null
	ssl.enabled.protocols = [TLSv1.2, TLSv1.3]
	ssl.endpoint.identification.algorithm = https
	ssl.engine.factory.class = null
	ssl.key.password = null
	ssl.keymanager.algorithm = SunX509
	ssl.keystore.certificate.chain = null
	ssl.keystore.key = null
	ssl.keystore.location = null
	ssl.keystore.password = null
	ssl.keystore.type = JKS
	ssl.protocol = TLSv1.3
	ssl.provider = null
	ssl.secure.random.implementation = null
	ssl.trustmanager.algorithm = PKIX
	ssl.truststore.certificates = null
	ssl.truststore.location = null
	ssl.truststore.password = null
	ssl.truststore.type = JKS
	transaction.timeout.ms = 60000
	transactional.id = null
	value.serializer = class io.apicurio.registry.serde.avro.AvroKafkaSerializer

2025-08-13 02:14:12,918 INFO  [org.apa.kaf.com.tel.int.KafkaMetricsCollector] (main) initializing Kafka metrics collector
2025-08-13 02:14:12,922 INFO  [org.apa.kaf.cli.pro.KafkaProducer] (main) [Producer clientId=Producer-topic-52db7321_0506_49e6_8030_be33cc2ed174] Instantiated an idempotent producer.
2025-08-13 02:14:12,924 INFO  [org.apa.kaf.cli.pro.ProducerConfig] (main) These configurations '[apicurio.registry.find-latest, apicurio.registry.url, apicurio.registry.artifact-resolver-strategy]' were supplied but are not used yet.
2025-08-13 02:14:12,924 INFO  [org.apa.kaf.com.uti.AppInfoParser] (main) Kafka version: 3.9.1
2025-08-13 02:14:12,924 INFO  [org.apa.kaf.com.uti.AppInfoParser] (main) Kafka commitId: f745dfdcee2b9851
2025-08-13 02:14:12,924 INFO  [org.apa.kaf.com.uti.AppInfoParser] (main) Kafka startTimeMs: 1755051252924
2025-08-13 02:14:12,926 INFO  [io.api.tes.ser.api.KafkaSerdesTester] (Thread-642) Sending message {"keyB": "value-0"} to topic topic-52db7321_0506_49e6_8030_be33cc2ed174
2025-08-13 02:14:12,930 INFO  [org.apa.kaf.cli.Metadata] (kafka-producer-network-thread | Producer-topic-52db7321_0506_49e6_8030_be33cc2ed174) [Producer clientId=Producer-topic-52db7321_0506_49e6_8030_be33cc2ed174] Cluster ID: NjaB_jQRSOy2vs25Uo6hCg
2025-08-13 02:14:12,931 INFO  [org.apa.kaf.cli.pro.int.TransactionManager] (kafka-producer-network-thread | Producer-topic-52db7321_0506_49e6_8030_be33cc2ed174) [Producer clientId=Producer-topic-52db7321_0506_49e6_8030_be33cc2ed174] ProducerId set to 8 with epoch 0
2025-08-13 02:14:12,983 INFO  [org.apa.kaf.cli.pro.KafkaProducer] (Thread-642) [Producer clientId=Producer-topic-52db7321_0506_49e6_8030_be33cc2ed174] Closing the Kafka producer with timeoutMillis = 9223372036854775807 ms.
2025-08-13 02:14:12,985 INFO  [org.apa.kaf.com.met.Metrics] (Thread-642) Metrics scheduler closed
2025-08-13 02:14:12,985 INFO  [org.apa.kaf.com.met.Metrics] (Thread-642) Closing reporter org.apache.kafka.common.metrics.JmxReporter
2025-08-13 02:14:12,985 INFO  [org.apa.kaf.com.met.Metrics] (Thread-642) Closing reporter org.apache.kafka.common.telemetry.internals.ClientTelemetryReporter
2025-08-13 02:14:12,985 INFO  [org.apa.kaf.com.met.Metrics] (Thread-642) Metrics reporters closed
2025-08-13 02:14:12,985 INFO  [org.apa.kaf.com.uti.AppInfoParser] (Thread-642) App info kafka.producer for Producer-topic-52db7321_0506_49e6_8030_be33cc2ed174 unregistered
2025-08-13 02:14:12,985 INFO  [io.api.tes.uti.TestSeparator] (main) io.apicurio.tests.serdes.apicurio.AvroSerdeIT.testAvroSerDesFailDifferentSchemaByRecordName-FINISHED
2025-08-13 02:14:12,985 INFO  [io.api.tes.uti.TestSeparator] (main) ############################################################################
Test passed: testAvroSerDesFailDifferentSchemaByRecordName
]]></system-out>
    <system-err><![CDATA[io.apicurio.registry.rest.client.models.ProblemDetails
	at io.apicurio.registry.rest.client.models.ProblemDetails.createFromDiscriminatorValue(ProblemDetails.java:58)
	at io.kiota.serialization.json.JsonParseNode.getObjectValue(JsonParseNode.java:247)
	at io.kiota.http.vertx.VertXRequestAdapter.lambda$throwIfFailedResponse$0(VertXRequestAdapter.java:400)
	at com.microsoft.kiota.ApiExceptionBuilder.<init>(ApiExceptionBuilder.java:26)
	at io.kiota.http.vertx.VertXRequestAdapter.throwIfFailedResponse(VertXRequestAdapter.java:399)
	at io.kiota.http.vertx.VertXRequestAdapter.send(VertXRequestAdapter.java:170)
	at io.apicurio.registry.rest.client.groups.item.artifacts.item.versions.item.WithVersionExpressionItemRequestBuilder.get(WithVersionExpressionItemRequestBuilder.java:128)
	at io.apicurio.registry.rest.client.groups.item.artifacts.item.versions.item.WithVersionExpressionItemRequestBuilder.get(WithVersionExpressionItemRequestBuilder.java:111)
	at io.apicurio.registry.resolver.client.RegistryClientFacadeImpl.getVersionCoordinatesByGAV(RegistryClientFacadeImpl.java:159)
	at io.apicurio.registry.resolver.DefaultSchemaResolver.resolveByCoordinates(DefaultSchemaResolver.java:352)
	at io.apicurio.registry.resolver.DefaultSchemaResolver.lambda$resolveSchemaByArtifactReferenceCached$6(DefaultSchemaResolver.java:340)
	at io.apicurio.registry.resolver.cache.ERCache.lambda$getValue$0(ERCache.java:174)
	at io.apicurio.registry.resolver.cache.ERCache.retry(ERCache.java:227)
	at io.apicurio.registry.resolver.cache.ERCache.getValue(ERCache.java:173)
	at io.apicurio.registry.resolver.cache.ERCache.getByArtifactCoordinates(ERCache.java:158)
	at io.apicurio.registry.resolver.DefaultSchemaResolver.resolveSchemaByArtifactReferenceCached(DefaultSchemaResolver.java:338)
	at io.apicurio.registry.resolver.DefaultSchemaResolver.resolveSchemaByCoordinates(DefaultSchemaResolver.java:193)
	at io.apicurio.registry.resolver.DefaultSchemaResolver.getSchemaFromRegistry(DefaultSchemaResolver.java:130)
	at io.apicurio.registry.resolver.DefaultSchemaResolver.lambda$resolveSchema$0(DefaultSchemaResolver.java:84)
	at java.base/java.util.Optional.orElseGet(Optional.java:364)
	at io.apicurio.registry.resolver.DefaultSchemaResolver.resolveSchema(DefaultSchemaResolver.java:84)
	at io.apicurio.registry.serde.AbstractSerializer.serializeData(AbstractSerializer.java:62)
	at io.apicurio.registry.serde.KafkaSerializer.serialize(KafkaSerializer.java:77)
	at org.apache.kafka.clients.producer.KafkaProducer.doSend(KafkaProducer.java:1046)
	at org.apache.kafka.clients.producer.KafkaProducer.send(KafkaProducer.java:993)
	at org.apache.kafka.clients.producer.KafkaProducer.send(KafkaProducer.java:875)
	at io.apicurio.tests.serdes.apicurio.KafkaSerdesTester.lambda$produceMessages$3(KafkaSerdesTester.java:138)
	at java.base/java.util.concurrent.CompletableFuture$AsyncSupply.run(CompletableFuture.java:1768)
	at java.base/java.lang.Thread.run(Thread.java:840)
]]></system-err>
  </testcase>
  <testcase name="testTopicIdStrategyFindLatest" classname="io.apicurio.tests.serdes.apicurio.AvroSerdeIT" time="4.881">
    <system-out><![CDATA[2025-08-13 02:14:12,987 INFO  [io.api.tes.uti.TestSeparator] (main) ############################################################################
2025-08-13 02:14:12,987 INFO  [io.api.tes.uti.TestSeparator] (main) io.apicurio.tests.serdes.apicurio.AvroSerdeIT.testTopicIdStrategyFindLatest-STARTED
2025-08-13 02:14:12,992 INFO  [io.api.tes.ser.api.AvroSerdeIT] (main) Registering Avro Schema: {"type":"record","name":"myrecordapicurio1","fields":[{"name":"key11755051252990","type":"string"}]}
**** Registry Base URL: http://registry-app-pg17.apps.ci419.apicurio-testing.org:80
2025-08-13 02:14:14,063 INFO  [org.apa.kaf.cli.pro.ProducerConfig] (main) ProducerConfig values: 
	acks = -1
	auto.include.jmx.reporter = true
	batch.size = 16384
	bootstrap.servers = [PLAINTEXT://localhost:32769]
	buffer.memory = 33554432
	client.dns.lookup = use_all_dns_ips
	client.id = Producer-topic-7de19832_d7da_41c3_83a4_6141db93556d
	compression.gzip.level = -1
	compression.lz4.level = 9
	compression.type = none
	compression.zstd.level = 3
	connections.max.idle.ms = 10000
	delivery.timeout.ms = 120000
	enable.idempotence = true
	enable.metrics.push = true
	interceptor.classes = []
	key.serializer = class org.apache.kafka.common.serialization.StringSerializer
	linger.ms = 0
	max.block.ms = 60000
	max.in.flight.requests.per.connection = 5
	max.request.size = 1048576
	metadata.max.age.ms = 300000
	metadata.max.idle.ms = 300000
	metadata.recovery.strategy = none
	metric.reporters = []
	metrics.num.samples = 2
	metrics.recording.level = INFO
	metrics.sample.window.ms = 30000
	partitioner.adaptive.partitioning.enable = true
	partitioner.availability.timeout.ms = 0
	partitioner.class = null
	partitioner.ignore.keys = false
	receive.buffer.bytes = 32768
	reconnect.backoff.max.ms = 1000
	reconnect.backoff.ms = 50
	request.timeout.ms = 5000
	retries = 2147483647
	retry.backoff.max.ms = 1000
	retry.backoff.ms = 100
	sasl.client.callback.handler.class = null
	sasl.jaas.config = null
	sasl.kerberos.kinit.cmd = /usr/bin/kinit
	sasl.kerberos.min.time.before.relogin = 60000
	sasl.kerberos.service.name = null
	sasl.kerberos.ticket.renew.jitter = 0.05
	sasl.kerberos.ticket.renew.window.factor = 0.8
	sasl.login.callback.handler.class = null
	sasl.login.class = null
	sasl.login.connect.timeout.ms = null
	sasl.login.read.timeout.ms = null
	sasl.login.refresh.buffer.seconds = 300
	sasl.login.refresh.min.period.seconds = 60
	sasl.login.refresh.window.factor = 0.8
	sasl.login.refresh.window.jitter = 0.05
	sasl.login.retry.backoff.max.ms = 10000
	sasl.login.retry.backoff.ms = 100
	sasl.mechanism = GSSAPI
	sasl.oauthbearer.clock.skew.seconds = 30
	sasl.oauthbearer.expected.audience = null
	sasl.oauthbearer.expected.issuer = null
	sasl.oauthbearer.header.urlencode = false
	sasl.oauthbearer.jwks.endpoint.refresh.ms = 3600000
	sasl.oauthbearer.jwks.endpoint.retry.backoff.max.ms = 10000
	sasl.oauthbearer.jwks.endpoint.retry.backoff.ms = 100
	sasl.oauthbearer.jwks.endpoint.url = null
	sasl.oauthbearer.scope.claim.name = scope
	sasl.oauthbearer.sub.claim.name = sub
	sasl.oauthbearer.token.endpoint.url = null
	security.protocol = PLAINTEXT
	security.providers = null
	send.buffer.bytes = 131072
	socket.connection.setup.timeout.max.ms = 30000
	socket.connection.setup.timeout.ms = 10000
	ssl.cipher.suites = null
	ssl.enabled.protocols = [TLSv1.2, TLSv1.3]
	ssl.endpoint.identification.algorithm = https
	ssl.engine.factory.class = null
	ssl.key.password = null
	ssl.keymanager.algorithm = SunX509
	ssl.keystore.certificate.chain = null
	ssl.keystore.key = null
	ssl.keystore.location = null
	ssl.keystore.password = null
	ssl.keystore.type = JKS
	ssl.protocol = TLSv1.3
	ssl.provider = null
	ssl.secure.random.implementation = null
	ssl.trustmanager.algorithm = PKIX
	ssl.truststore.certificates = null
	ssl.truststore.location = null
	ssl.truststore.password = null
	ssl.truststore.type = JKS
	transaction.timeout.ms = 60000
	transactional.id = null
	value.serializer = class io.apicurio.registry.serde.avro.AvroKafkaSerializer

2025-08-13 02:14:14,063 INFO  [org.apa.kaf.com.tel.int.KafkaMetricsCollector] (main) initializing Kafka metrics collector
2025-08-13 02:14:14,067 INFO  [org.apa.kaf.cli.pro.KafkaProducer] (main) [Producer clientId=Producer-topic-7de19832_d7da_41c3_83a4_6141db93556d] Instantiated an idempotent producer.
2025-08-13 02:14:14,070 INFO  [org.apa.kaf.cli.pro.ProducerConfig] (main) These configurations '[apicurio.registry.find-latest, apicurio.registry.url, apicurio.registry.artifact-resolver-strategy]' were supplied but are not used yet.
2025-08-13 02:14:14,070 INFO  [org.apa.kaf.com.uti.AppInfoParser] (main) Kafka version: 3.9.1
2025-08-13 02:14:14,070 INFO  [org.apa.kaf.com.uti.AppInfoParser] (main) Kafka commitId: f745dfdcee2b9851
2025-08-13 02:14:14,070 INFO  [org.apa.kaf.com.uti.AppInfoParser] (main) Kafka startTimeMs: 1755051254070
2025-08-13 02:14:14,070 INFO  [io.api.tes.ser.api.SimpleSerdesTesterBuilder$SimpleSerdesTester] (main) Using producer configuration: {apicurio.registry.find-latest=true, apicurio.registry.url=http://registry-app-pg17.apps.ci419.apicurio-testing.org:80/apis/registry/v3, apicurio.registry.artifact-resolver-strategy=io.apicurio.registry.serde.strategy.TopicIdStrategy, value.serializer=io.apicurio.registry.serde.avro.AvroKafkaSerializer, request.timeout.ms=5000, acks=all, bootstrap.servers=PLAINTEXT://localhost:32769, connections.max.idle.ms=10000, key.serializer=org.apache.kafka.common.serialization.StringSerializer, client.id=Producer-topic-7de19832_d7da_41c3_83a4_6141db93556d}
2025-08-13 02:14:14,070 INFO  [io.api.tes.ser.api.SimpleSerdesTesterBuilder$SimpleSerdesTester] (main) Using consumer configuration: {}
2025-08-13 02:14:14,071 INFO  [io.api.tes.ser.api.KafkaSerdesTester] (Thread-645) Sending message {"key11755051252990": "value-0"} to topic topic-7de19832_d7da_41c3_83a4_6141db93556d
2025-08-13 02:14:14,077 INFO  [org.apa.kaf.cli.Metadata] (kafka-producer-network-thread | Producer-topic-7de19832_d7da_41c3_83a4_6141db93556d) [Producer clientId=Producer-topic-7de19832_d7da_41c3_83a4_6141db93556d] Cluster ID: NjaB_jQRSOy2vs25Uo6hCg
2025-08-13 02:14:14,078 INFO  [org.apa.kaf.cli.pro.int.TransactionManager] (kafka-producer-network-thread | Producer-topic-7de19832_d7da_41c3_83a4_6141db93556d) [Producer clientId=Producer-topic-7de19832_d7da_41c3_83a4_6141db93556d] ProducerId set to 9 with epoch 0
2025-08-13 02:14:14,186 INFO  [io.api.tes.ser.api.KafkaSerdesTester] (Thread-645) Sending message {"key11755051252990": "value-1"} to topic topic-7de19832_d7da_41c3_83a4_6141db93556d
2025-08-13 02:14:14,189 INFO  [io.api.tes.ser.api.KafkaSerdesTester] (Thread-645) Sending message {"key11755051252990": "value-2"} to topic topic-7de19832_d7da_41c3_83a4_6141db93556d
2025-08-13 02:14:14,192 INFO  [io.api.tes.ser.api.KafkaSerdesTester] (Thread-645) Sending message {"key11755051252990": "value-3"} to topic topic-7de19832_d7da_41c3_83a4_6141db93556d
2025-08-13 02:14:14,196 INFO  [io.api.tes.ser.api.KafkaSerdesTester] (Thread-645) Sending message {"key11755051252990": "value-4"} to topic topic-7de19832_d7da_41c3_83a4_6141db93556d
2025-08-13 02:14:14,198 INFO  [io.api.tes.ser.api.KafkaSerdesTester] (Thread-645) Sending message {"key11755051252990": "value-5"} to topic topic-7de19832_d7da_41c3_83a4_6141db93556d
2025-08-13 02:14:14,200 INFO  [io.api.tes.ser.api.KafkaSerdesTester] (Thread-645) Sending message {"key11755051252990": "value-6"} to topic topic-7de19832_d7da_41c3_83a4_6141db93556d
2025-08-13 02:14:14,202 INFO  [io.api.tes.ser.api.KafkaSerdesTester] (Thread-645) Sending message {"key11755051252990": "value-7"} to topic topic-7de19832_d7da_41c3_83a4_6141db93556d
2025-08-13 02:14:14,204 INFO  [io.api.tes.ser.api.KafkaSerdesTester] (Thread-645) Sending message {"key11755051252990": "value-8"} to topic topic-7de19832_d7da_41c3_83a4_6141db93556d
2025-08-13 02:14:14,206 INFO  [io.api.tes.ser.api.KafkaSerdesTester] (Thread-645) Sending message {"key11755051252990": "value-9"} to topic topic-7de19832_d7da_41c3_83a4_6141db93556d
2025-08-13 02:14:14,209 INFO  [io.api.tes.ser.api.KafkaSerdesTester] (Thread-645) Produced 10 messages
2025-08-13 02:14:14,209 INFO  [org.apa.kaf.cli.pro.KafkaProducer] (Thread-645) [Producer clientId=Producer-topic-7de19832_d7da_41c3_83a4_6141db93556d] Closing the Kafka producer with timeoutMillis = 9223372036854775807 ms.
2025-08-13 02:14:14,212 INFO  [org.apa.kaf.com.met.Metrics] (Thread-645) Metrics scheduler closed
2025-08-13 02:14:14,212 INFO  [org.apa.kaf.com.met.Metrics] (Thread-645) Closing reporter org.apache.kafka.common.metrics.JmxReporter
2025-08-13 02:14:14,212 INFO  [org.apa.kaf.com.met.Metrics] (Thread-645) Closing reporter org.apache.kafka.common.telemetry.internals.ClientTelemetryReporter
2025-08-13 02:14:14,212 INFO  [org.apa.kaf.com.met.Metrics] (Thread-645) Metrics reporters closed
2025-08-13 02:14:14,212 INFO  [org.apa.kaf.com.uti.AppInfoParser] (Thread-645) App info kafka.producer for Producer-topic-7de19832_d7da_41c3_83a4_6141db93556d unregistered
**** Registry Base URL: http://registry-app-pg17.apps.ci419.apicurio-testing.org:80
2025-08-13 02:14:14,213 INFO  [org.apa.kaf.cli.con.ConsumerConfig] (main) ConsumerConfig values: 
	allow.auto.create.topics = true
	auto.commit.interval.ms = 500
	auto.include.jmx.reporter = true
	auto.offset.reset = earliest
	bootstrap.servers = [PLAINTEXT://localhost:32769]
	check.crcs = true
	client.dns.lookup = use_all_dns_ips
	client.id = consumer-Consumer-topic-7de19832_d7da_41c3_83a4_6141db93556d-7
	client.rack = 
	connections.max.idle.ms = 10000
	default.api.timeout.ms = 60000
	enable.auto.commit = true
	enable.metrics.push = true
	exclude.internal.topics = true
	fetch.max.bytes = 52428800
	fetch.max.wait.ms = 500
	fetch.min.bytes = 1
	group.id = Consumer-topic-7de19832_d7da_41c3_83a4_6141db93556d
	group.instance.id = null
	group.protocol = classic
	group.remote.assignor = null
	heartbeat.interval.ms = 3000
	interceptor.classes = []
	internal.leave.group.on.close = true
	internal.throw.on.fetch.stable.offset.unsupported = false
	isolation.level = read_uncommitted
	key.deserializer = class org.apache.kafka.common.serialization.StringDeserializer
	max.partition.fetch.bytes = 1048576
	max.poll.interval.ms = 300000
	max.poll.records = 500
	metadata.max.age.ms = 300000
	metadata.recovery.strategy = none
	metric.reporters = []
	metrics.num.samples = 2
	metrics.recording.level = INFO
	metrics.sample.window.ms = 30000
	partition.assignment.strategy = [class org.apache.kafka.clients.consumer.RangeAssignor, class org.apache.kafka.clients.consumer.CooperativeStickyAssignor]
	receive.buffer.bytes = 65536
	reconnect.backoff.max.ms = 1000
	reconnect.backoff.ms = 50
	request.timeout.ms = 5000
	retry.backoff.max.ms = 1000
	retry.backoff.ms = 100
	sasl.client.callback.handler.class = null
	sasl.jaas.config = null
	sasl.kerberos.kinit.cmd = /usr/bin/kinit
	sasl.kerberos.min.time.before.relogin = 60000
	sasl.kerberos.service.name = null
	sasl.kerberos.ticket.renew.jitter = 0.05
	sasl.kerberos.ticket.renew.window.factor = 0.8
	sasl.login.callback.handler.class = null
	sasl.login.class = null
	sasl.login.connect.timeout.ms = null
	sasl.login.read.timeout.ms = null
	sasl.login.refresh.buffer.seconds = 300
	sasl.login.refresh.min.period.seconds = 60
	sasl.login.refresh.window.factor = 0.8
	sasl.login.refresh.window.jitter = 0.05
	sasl.login.retry.backoff.max.ms = 10000
	sasl.login.retry.backoff.ms = 100
	sasl.mechanism = GSSAPI
	sasl.oauthbearer.clock.skew.seconds = 30
	sasl.oauthbearer.expected.audience = null
	sasl.oauthbearer.expected.issuer = null
	sasl.oauthbearer.header.urlencode = false
	sasl.oauthbearer.jwks.endpoint.refresh.ms = 3600000
	sasl.oauthbearer.jwks.endpoint.retry.backoff.max.ms = 10000
	sasl.oauthbearer.jwks.endpoint.retry.backoff.ms = 100
	sasl.oauthbearer.jwks.endpoint.url = null
	sasl.oauthbearer.scope.claim.name = scope
	sasl.oauthbearer.sub.claim.name = sub
	sasl.oauthbearer.token.endpoint.url = null
	security.protocol = PLAINTEXT
	security.providers = null
	send.buffer.bytes = 131072
	session.timeout.ms = 45000
	socket.connection.setup.timeout.max.ms = 30000
	socket.connection.setup.timeout.ms = 10000
	ssl.cipher.suites = null
	ssl.enabled.protocols = [TLSv1.2, TLSv1.3]
	ssl.endpoint.identification.algorithm = https
	ssl.engine.factory.class = null
	ssl.key.password = null
	ssl.keymanager.algorithm = SunX509
	ssl.keystore.certificate.chain = null
	ssl.keystore.key = null
	ssl.keystore.location = null
	ssl.keystore.password = null
	ssl.keystore.type = JKS
	ssl.protocol = TLSv1.3
	ssl.provider = null
	ssl.secure.random.implementation = null
	ssl.trustmanager.algorithm = PKIX
	ssl.truststore.certificates = null
	ssl.truststore.location = null
	ssl.truststore.password = null
	ssl.truststore.type = JKS
	value.deserializer = class io.apicurio.registry.serde.avro.AvroKafkaDeserializer

2025-08-13 02:14:14,213 INFO  [org.apa.kaf.com.tel.int.KafkaMetricsCollector] (main) initializing Kafka metrics collector
2025-08-13 02:14:14,223 INFO  [org.apa.kaf.cli.con.ConsumerConfig] (main) These configurations '[apicurio.registry.url]' were supplied but are not used yet.
2025-08-13 02:14:14,223 INFO  [org.apa.kaf.com.uti.AppInfoParser] (main) Kafka version: 3.9.1
2025-08-13 02:14:14,223 INFO  [org.apa.kaf.com.uti.AppInfoParser] (main) Kafka commitId: f745dfdcee2b9851
2025-08-13 02:14:14,223 INFO  [org.apa.kaf.com.uti.AppInfoParser] (main) Kafka startTimeMs: 1755051254223
2025-08-13 02:14:14,223 INFO  [org.apa.kaf.cli.con.int.ClassicKafkaConsumer] (Thread-648) [Consumer clientId=consumer-Consumer-topic-7de19832_d7da_41c3_83a4_6141db93556d-7, groupId=Consumer-topic-7de19832_d7da_41c3_83a4_6141db93556d] Subscribed to topic(s): topic-7de19832_d7da_41c3_83a4_6141db93556d
2025-08-13 02:14:14,232 INFO  [org.apa.kaf.cli.Metadata] (Thread-648) [Consumer clientId=consumer-Consumer-topic-7de19832_d7da_41c3_83a4_6141db93556d-7, groupId=Consumer-topic-7de19832_d7da_41c3_83a4_6141db93556d] Cluster ID: NjaB_jQRSOy2vs25Uo6hCg
2025-08-13 02:14:14,234 INFO  [org.apa.kaf.cli.con.int.ConsumerCoordinator] (Thread-648) [Consumer clientId=consumer-Consumer-topic-7de19832_d7da_41c3_83a4_6141db93556d-7, groupId=Consumer-topic-7de19832_d7da_41c3_83a4_6141db93556d] Discovered group coordinator localhost:32769 (id: 2147483647 rack: null)
2025-08-13 02:14:14,242 INFO  [org.apa.kaf.cli.con.int.ConsumerCoordinator] (Thread-648) [Consumer clientId=consumer-Consumer-topic-7de19832_d7da_41c3_83a4_6141db93556d-7, groupId=Consumer-topic-7de19832_d7da_41c3_83a4_6141db93556d] (Re-)joining group
2025-08-13 02:14:14,246 INFO  [org.apa.kaf.cli.con.int.ConsumerCoordinator] (Thread-648) [Consumer clientId=consumer-Consumer-topic-7de19832_d7da_41c3_83a4_6141db93556d-7, groupId=Consumer-topic-7de19832_d7da_41c3_83a4_6141db93556d] Request joining group due to: need to re-join with the given member-id: consumer-Consumer-topic-7de19832_d7da_41c3_83a4_6141db93556d-7-2067dc6b-30c6-4b50-a818-f1ccbfa89a17
2025-08-13 02:14:14,246 INFO  [org.apa.kaf.cli.con.int.ConsumerCoordinator] (Thread-648) [Consumer clientId=consumer-Consumer-topic-7de19832_d7da_41c3_83a4_6141db93556d-7, groupId=Consumer-topic-7de19832_d7da_41c3_83a4_6141db93556d] (Re-)joining group
2025-08-13 02:14:15,225 INFO  [io.api.tes.ser.api.KafkaSerdesTester] (Thread-648) None found
2025-08-13 02:14:16,225 INFO  [io.api.tes.ser.api.KafkaSerdesTester] (Thread-648) None found
2025-08-13 02:14:17,226 INFO  [io.api.tes.ser.api.KafkaSerdesTester] (Thread-648) None found
2025-08-13 02:14:17,252 INFO  [org.apa.kaf.cli.con.int.ConsumerCoordinator] (Thread-648) [Consumer clientId=consumer-Consumer-topic-7de19832_d7da_41c3_83a4_6141db93556d-7, groupId=Consumer-topic-7de19832_d7da_41c3_83a4_6141db93556d] Successfully joined group with generation Generation{generationId=1, memberId='consumer-Consumer-topic-7de19832_d7da_41c3_83a4_6141db93556d-7-2067dc6b-30c6-4b50-a818-f1ccbfa89a17', protocol='range'}
2025-08-13 02:14:17,252 INFO  [org.apa.kaf.cli.con.int.ConsumerCoordinator] (Thread-648) [Consumer clientId=consumer-Consumer-topic-7de19832_d7da_41c3_83a4_6141db93556d-7, groupId=Consumer-topic-7de19832_d7da_41c3_83a4_6141db93556d] Finished assignment for group at generation 1: {consumer-Consumer-topic-7de19832_d7da_41c3_83a4_6141db93556d-7-2067dc6b-30c6-4b50-a818-f1ccbfa89a17=Assignment(partitions=[topic-7de19832_d7da_41c3_83a4_6141db93556d-0])}
2025-08-13 02:14:17,260 INFO  [org.apa.kaf.cli.con.int.ConsumerCoordinator] (kafka-coordinator-heartbeat-thread | Consumer-topic-7de19832_d7da_41c3_83a4_6141db93556d) [Consumer clientId=consumer-Consumer-topic-7de19832_d7da_41c3_83a4_6141db93556d-7, groupId=Consumer-topic-7de19832_d7da_41c3_83a4_6141db93556d] Successfully synced group in generation Generation{generationId=1, memberId='consumer-Consumer-topic-7de19832_d7da_41c3_83a4_6141db93556d-7-2067dc6b-30c6-4b50-a818-f1ccbfa89a17', protocol='range'}
2025-08-13 02:14:17,261 INFO  [org.apa.kaf.cli.con.int.ConsumerCoordinator] (Thread-648) [Consumer clientId=consumer-Consumer-topic-7de19832_d7da_41c3_83a4_6141db93556d-7, groupId=Consumer-topic-7de19832_d7da_41c3_83a4_6141db93556d] Notifying assignor about the new Assignment(partitions=[topic-7de19832_d7da_41c3_83a4_6141db93556d-0])
2025-08-13 02:14:17,261 INFO  [org.apa.kaf.cli.con.int.ConsumerRebalanceListenerInvoker] (Thread-648) [Consumer clientId=consumer-Consumer-topic-7de19832_d7da_41c3_83a4_6141db93556d-7, groupId=Consumer-topic-7de19832_d7da_41c3_83a4_6141db93556d] Adding newly assigned partitions: topic-7de19832_d7da_41c3_83a4_6141db93556d-0
2025-08-13 02:14:17,263 INFO  [org.apa.kaf.cli.con.int.ConsumerCoordinator] (Thread-648) [Consumer clientId=consumer-Consumer-topic-7de19832_d7da_41c3_83a4_6141db93556d-7, groupId=Consumer-topic-7de19832_d7da_41c3_83a4_6141db93556d] Found no committed offset for partition topic-7de19832_d7da_41c3_83a4_6141db93556d-0
2025-08-13 02:14:17,270 INFO  [org.apa.kaf.cli.con.int.SubscriptionState] (Thread-648) [Consumer clientId=consumer-Consumer-topic-7de19832_d7da_41c3_83a4_6141db93556d-7, groupId=Consumer-topic-7de19832_d7da_41c3_83a4_6141db93556d] Resetting offset for partition topic-7de19832_d7da_41c3_83a4_6141db93556d-0 to position FetchPosition{offset=0, offsetEpoch=Optional.empty, currentLeader=LeaderAndEpoch{leader=Optional[localhost:32769 (id: 0 rack: null)], epoch=0}}.
2025-08-13 02:14:17,360 INFO  [io.api.tes.ser.api.KafkaSerdesTester] (Thread-648) topic-7de19832_d7da_41c3_83a4_6141db93556d 0 0 {"key11755051252990": "value-0"}
2025-08-13 02:14:17,360 INFO  [io.api.tes.ser.api.KafkaSerdesTester] (Thread-648) topic-7de19832_d7da_41c3_83a4_6141db93556d 0 1 {"key11755051252990": "value-1"}
2025-08-13 02:14:17,360 INFO  [io.api.tes.ser.api.KafkaSerdesTester] (Thread-648) topic-7de19832_d7da_41c3_83a4_6141db93556d 0 2 {"key11755051252990": "value-2"}
2025-08-13 02:14:17,360 INFO  [io.api.tes.ser.api.KafkaSerdesTester] (Thread-648) topic-7de19832_d7da_41c3_83a4_6141db93556d 0 3 {"key11755051252990": "value-3"}
2025-08-13 02:14:17,360 INFO  [io.api.tes.ser.api.KafkaSerdesTester] (Thread-648) topic-7de19832_d7da_41c3_83a4_6141db93556d 0 4 {"key11755051252990": "value-4"}
2025-08-13 02:14:17,360 INFO  [io.api.tes.ser.api.KafkaSerdesTester] (Thread-648) topic-7de19832_d7da_41c3_83a4_6141db93556d 0 5 {"key11755051252990": "value-5"}
2025-08-13 02:14:17,360 INFO  [io.api.tes.ser.api.KafkaSerdesTester] (Thread-648) topic-7de19832_d7da_41c3_83a4_6141db93556d 0 6 {"key11755051252990": "value-6"}
2025-08-13 02:14:17,360 INFO  [io.api.tes.ser.api.KafkaSerdesTester] (Thread-648) topic-7de19832_d7da_41c3_83a4_6141db93556d 0 7 {"key11755051252990": "value-7"}
2025-08-13 02:14:17,360 INFO  [io.api.tes.ser.api.KafkaSerdesTester] (Thread-648) topic-7de19832_d7da_41c3_83a4_6141db93556d 0 8 {"key11755051252990": "value-8"}
2025-08-13 02:14:17,360 INFO  [io.api.tes.ser.api.KafkaSerdesTester] (Thread-648) topic-7de19832_d7da_41c3_83a4_6141db93556d 0 9 {"key11755051252990": "value-9"}
2025-08-13 02:14:17,360 INFO  [io.api.tes.ser.api.KafkaSerdesTester] (Thread-648) Consumed 10 messages
2025-08-13 02:14:17,368 INFO  [org.apa.kaf.cli.con.int.ConsumerRebalanceListenerInvoker] (Thread-648) [Consumer clientId=consumer-Consumer-topic-7de19832_d7da_41c3_83a4_6141db93556d-7, groupId=Consumer-topic-7de19832_d7da_41c3_83a4_6141db93556d] Revoke previously assigned partitions topic-7de19832_d7da_41c3_83a4_6141db93556d-0
2025-08-13 02:14:17,369 INFO  [org.apa.kaf.cli.con.int.ConsumerCoordinator] (Thread-648) [Consumer clientId=consumer-Consumer-topic-7de19832_d7da_41c3_83a4_6141db93556d-7, groupId=Consumer-topic-7de19832_d7da_41c3_83a4_6141db93556d] Member consumer-Consumer-topic-7de19832_d7da_41c3_83a4_6141db93556d-7-2067dc6b-30c6-4b50-a818-f1ccbfa89a17 sending LeaveGroup request to coordinator localhost:32769 (id: 2147483647 rack: null) due to the consumer is being closed
2025-08-13 02:14:17,369 INFO  [org.apa.kaf.cli.con.int.ConsumerCoordinator] (Thread-648) [Consumer clientId=consumer-Consumer-topic-7de19832_d7da_41c3_83a4_6141db93556d-7, groupId=Consumer-topic-7de19832_d7da_41c3_83a4_6141db93556d] Resetting generation and member id due to: consumer pro-actively leaving the group
2025-08-13 02:14:17,369 INFO  [org.apa.kaf.cli.con.int.ConsumerCoordinator] (Thread-648) [Consumer clientId=consumer-Consumer-topic-7de19832_d7da_41c3_83a4_6141db93556d-7, groupId=Consumer-topic-7de19832_d7da_41c3_83a4_6141db93556d] Request joining group due to: consumer pro-actively leaving the group
2025-08-13 02:14:17,863 INFO  [org.apa.kaf.com.met.Metrics] (Thread-648) Metrics scheduler closed
2025-08-13 02:14:17,863 INFO  [org.apa.kaf.com.met.Metrics] (Thread-648) Closing reporter org.apache.kafka.common.metrics.JmxReporter
2025-08-13 02:14:17,863 INFO  [org.apa.kaf.com.met.Metrics] (Thread-648) Closing reporter org.apache.kafka.common.telemetry.internals.ClientTelemetryReporter
2025-08-13 02:14:17,863 INFO  [org.apa.kaf.com.met.Metrics] (Thread-648) Metrics reporters closed
2025-08-13 02:14:17,866 INFO  [org.apa.kaf.com.uti.AppInfoParser] (Thread-648) App info kafka.consumer for consumer-Consumer-topic-7de19832_d7da_41c3_83a4_6141db93556d-7 unregistered
2025-08-13 02:14:17,866 INFO  [io.api.tes.uti.TestSeparator] (main) io.apicurio.tests.serdes.apicurio.AvroSerdeIT.testTopicIdStrategyFindLatest-FINISHED
2025-08-13 02:14:17,866 INFO  [io.api.tes.uti.TestSeparator] (main) ############################################################################
Test passed: testTopicIdStrategyFindLatest
]]></system-out>
  </testcase>
  <testcase name="testAvroUnionWithSpecificReader" classname="io.apicurio.tests.serdes.apicurio.AvroSerdeIT" time="4.063">
    <system-out><![CDATA[2025-08-13 02:14:17,869 INFO  [io.api.tes.uti.TestSeparator] (main) ############################################################################
2025-08-13 02:14:17,869 INFO  [io.api.tes.uti.TestSeparator] (main) io.apicurio.tests.serdes.apicurio.AvroSerdeIT.testAvroUnionWithSpecificReader-STARTED
**** Registry Base URL: http://registry-app-pg17.apps.ci419.apicurio-testing.org:80
2025-08-13 02:14:17,879 INFO  [org.apa.kaf.cli.pro.ProducerConfig] (main) ProducerConfig values: 
	acks = -1
	auto.include.jmx.reporter = true
	batch.size = 16384
	bootstrap.servers = [PLAINTEXT://localhost:32769]
	buffer.memory = 33554432
	client.dns.lookup = use_all_dns_ips
	client.id = Producer-topic-92a97628_e064_4b42_8897_ee50bb9eb691
	compression.gzip.level = -1
	compression.lz4.level = 9
	compression.type = none
	compression.zstd.level = 3
	connections.max.idle.ms = 10000
	delivery.timeout.ms = 120000
	enable.idempotence = true
	enable.metrics.push = true
	interceptor.classes = []
	key.serializer = class org.apache.kafka.common.serialization.StringSerializer
	linger.ms = 0
	max.block.ms = 60000
	max.in.flight.requests.per.connection = 5
	max.request.size = 1048576
	metadata.max.age.ms = 300000
	metadata.max.idle.ms = 300000
	metadata.recovery.strategy = none
	metric.reporters = []
	metrics.num.samples = 2
	metrics.recording.level = INFO
	metrics.sample.window.ms = 30000
	partitioner.adaptive.partitioning.enable = true
	partitioner.availability.timeout.ms = 0
	partitioner.class = null
	partitioner.ignore.keys = false
	receive.buffer.bytes = 32768
	reconnect.backoff.max.ms = 1000
	reconnect.backoff.ms = 50
	request.timeout.ms = 5000
	retries = 2147483647
	retry.backoff.max.ms = 1000
	retry.backoff.ms = 100
	sasl.client.callback.handler.class = null
	sasl.jaas.config = null
	sasl.kerberos.kinit.cmd = /usr/bin/kinit
	sasl.kerberos.min.time.before.relogin = 60000
	sasl.kerberos.service.name = null
	sasl.kerberos.ticket.renew.jitter = 0.05
	sasl.kerberos.ticket.renew.window.factor = 0.8
	sasl.login.callback.handler.class = null
	sasl.login.class = null
	sasl.login.connect.timeout.ms = null
	sasl.login.read.timeout.ms = null
	sasl.login.refresh.buffer.seconds = 300
	sasl.login.refresh.min.period.seconds = 60
	sasl.login.refresh.window.factor = 0.8
	sasl.login.refresh.window.jitter = 0.05
	sasl.login.retry.backoff.max.ms = 10000
	sasl.login.retry.backoff.ms = 100
	sasl.mechanism = GSSAPI
	sasl.oauthbearer.clock.skew.seconds = 30
	sasl.oauthbearer.expected.audience = null
	sasl.oauthbearer.expected.issuer = null
	sasl.oauthbearer.header.urlencode = false
	sasl.oauthbearer.jwks.endpoint.refresh.ms = 3600000
	sasl.oauthbearer.jwks.endpoint.retry.backoff.max.ms = 10000
	sasl.oauthbearer.jwks.endpoint.retry.backoff.ms = 100
	sasl.oauthbearer.jwks.endpoint.url = null
	sasl.oauthbearer.scope.claim.name = scope
	sasl.oauthbearer.sub.claim.name = sub
	sasl.oauthbearer.token.endpoint.url = null
	security.protocol = PLAINTEXT
	security.providers = null
	send.buffer.bytes = 131072
	socket.connection.setup.timeout.max.ms = 30000
	socket.connection.setup.timeout.ms = 10000
	ssl.cipher.suites = null
	ssl.enabled.protocols = [TLSv1.2, TLSv1.3]
	ssl.endpoint.identification.algorithm = https
	ssl.engine.factory.class = null
	ssl.key.password = null
	ssl.keymanager.algorithm = SunX509
	ssl.keystore.certificate.chain = null
	ssl.keystore.key = null
	ssl.keystore.location = null
	ssl.keystore.password = null
	ssl.keystore.type = JKS
	ssl.protocol = TLSv1.3
	ssl.provider = null
	ssl.secure.random.implementation = null
	ssl.trustmanager.algorithm = PKIX
	ssl.truststore.certificates = null
	ssl.truststore.location = null
	ssl.truststore.password = null
	ssl.truststore.type = JKS
	transaction.timeout.ms = 60000
	transactional.id = null
	value.serializer = class io.apicurio.registry.serde.avro.AvroKafkaSerializer

2025-08-13 02:14:17,879 INFO  [org.apa.kaf.com.tel.int.KafkaMetricsCollector] (main) initializing Kafka metrics collector
2025-08-13 02:14:17,888 INFO  [org.apa.kaf.cli.pro.KafkaProducer] (main) [Producer clientId=Producer-topic-92a97628_e064_4b42_8897_ee50bb9eb691] Instantiated an idempotent producer.
2025-08-13 02:14:17,897 INFO  [org.apa.kaf.cli.pro.ProducerConfig] (main) These configurations '[apicurio.registry.url, apicurio.registry.auto-register, apicurio.registry.artifact-resolver-strategy]' were supplied but are not used yet.
2025-08-13 02:14:17,897 INFO  [org.apa.kaf.com.uti.AppInfoParser] (main) Kafka version: 3.9.1
2025-08-13 02:14:17,897 INFO  [org.apa.kaf.com.uti.AppInfoParser] (main) Kafka commitId: f745dfdcee2b9851
2025-08-13 02:14:17,897 INFO  [org.apa.kaf.com.uti.AppInfoParser] (main) Kafka startTimeMs: 1755051257897
2025-08-13 02:14:17,897 INFO  [io.api.tes.ser.api.SimpleSerdesTesterBuilder$SimpleSerdesTester] (main) Using producer configuration: {apicurio.registry.url=http://registry-app-pg17.apps.ci419.apicurio-testing.org:80/apis/registry/v3, apicurio.registry.auto-register=true, apicurio.registry.artifact-resolver-strategy=io.apicurio.registry.serde.strategy.TopicIdStrategy, value.serializer=io.apicurio.registry.serde.avro.AvroKafkaSerializer, request.timeout.ms=5000, acks=all, bootstrap.servers=PLAINTEXT://localhost:32769, connections.max.idle.ms=10000, key.serializer=org.apache.kafka.common.serialization.StringSerializer, client.id=Producer-topic-92a97628_e064_4b42_8897_ee50bb9eb691}
2025-08-13 02:14:17,897 INFO  [io.api.tes.ser.api.SimpleSerdesTesterBuilder$SimpleSerdesTester] (main) Using consumer configuration: {}
2025-08-13 02:14:17,899 INFO  [io.api.tes.ser.api.KafkaSerdesTester] (Thread-651) Sending message {"id": "record-0"} to topic topic-92a97628_e064_4b42_8897_ee50bb9eb691
2025-08-13 02:14:17,916 INFO  [org.apa.kaf.cli.Metadata] (kafka-producer-network-thread | Producer-topic-92a97628_e064_4b42_8897_ee50bb9eb691) [Producer clientId=Producer-topic-92a97628_e064_4b42_8897_ee50bb9eb691] Cluster ID: NjaB_jQRSOy2vs25Uo6hCg
2025-08-13 02:14:17,916 INFO  [org.apa.kaf.cli.pro.int.TransactionManager] (kafka-producer-network-thread | Producer-topic-92a97628_e064_4b42_8897_ee50bb9eb691) [Producer clientId=Producer-topic-92a97628_e064_4b42_8897_ee50bb9eb691] ProducerId set to 10 with epoch 0
2025-08-13 02:14:18,004 INFO  [io.api.tes.ser.api.KafkaSerdesTester] (Thread-651) Sending message {"value": 1} to topic topic-92a97628_e064_4b42_8897_ee50bb9eb691
2025-08-13 02:14:18,076 INFO  [io.api.tes.ser.api.KafkaSerdesTester] (Thread-651) Sending message {"active": true} to topic topic-92a97628_e064_4b42_8897_ee50bb9eb691
2025-08-13 02:14:18,146 INFO  [io.api.tes.ser.api.KafkaSerdesTester] (Thread-651) Sending message {"id": "record-3"} to topic topic-92a97628_e064_4b42_8897_ee50bb9eb691
2025-08-13 02:14:18,148 INFO  [io.api.tes.ser.api.KafkaSerdesTester] (Thread-651) Sending message {"value": 4} to topic topic-92a97628_e064_4b42_8897_ee50bb9eb691
2025-08-13 02:14:18,151 INFO  [io.api.tes.ser.api.KafkaSerdesTester] (Thread-651) Sending message {"active": false} to topic topic-92a97628_e064_4b42_8897_ee50bb9eb691
2025-08-13 02:14:18,154 INFO  [io.api.tes.ser.api.KafkaSerdesTester] (Thread-651) Sending message {"id": "record-6"} to topic topic-92a97628_e064_4b42_8897_ee50bb9eb691
2025-08-13 02:14:18,156 INFO  [io.api.tes.ser.api.KafkaSerdesTester] (Thread-651) Sending message {"value": 7} to topic topic-92a97628_e064_4b42_8897_ee50bb9eb691
2025-08-13 02:14:18,158 INFO  [io.api.tes.ser.api.KafkaSerdesTester] (Thread-651) Sending message {"active": true} to topic topic-92a97628_e064_4b42_8897_ee50bb9eb691
2025-08-13 02:14:18,159 INFO  [io.api.tes.ser.api.KafkaSerdesTester] (Thread-651) Sending message {"id": "record-9"} to topic topic-92a97628_e064_4b42_8897_ee50bb9eb691
2025-08-13 02:14:18,161 INFO  [io.api.tes.ser.api.KafkaSerdesTester] (Thread-651) Produced 10 messages
2025-08-13 02:14:18,161 INFO  [org.apa.kaf.cli.pro.KafkaProducer] (Thread-651) [Producer clientId=Producer-topic-92a97628_e064_4b42_8897_ee50bb9eb691] Closing the Kafka producer with timeoutMillis = 9223372036854775807 ms.
2025-08-13 02:14:18,164 INFO  [org.apa.kaf.com.met.Metrics] (Thread-651) Metrics scheduler closed
2025-08-13 02:14:18,164 INFO  [org.apa.kaf.com.met.Metrics] (Thread-651) Closing reporter org.apache.kafka.common.metrics.JmxReporter
2025-08-13 02:14:18,164 INFO  [org.apa.kaf.com.met.Metrics] (Thread-651) Closing reporter org.apache.kafka.common.telemetry.internals.ClientTelemetryReporter
2025-08-13 02:14:18,164 INFO  [org.apa.kaf.com.met.Metrics] (Thread-651) Metrics reporters closed
2025-08-13 02:14:18,164 INFO  [org.apa.kaf.com.uti.AppInfoParser] (Thread-651) App info kafka.producer for Producer-topic-92a97628_e064_4b42_8897_ee50bb9eb691 unregistered
2025-08-13 02:14:18,193 INFO  [io.api.tes.ser.api.AvroSerdeIT] (main) Artifact topic-92a97628_e064_4b42_8897_ee50bb9eb691-value found in registry with globalId 25
**** Registry Base URL: http://registry-app-pg17.apps.ci419.apicurio-testing.org:80
2025-08-13 02:14:18,194 INFO  [org.apa.kaf.cli.con.ConsumerConfig] (main) ConsumerConfig values: 
	allow.auto.create.topics = true
	auto.commit.interval.ms = 500
	auto.include.jmx.reporter = true
	auto.offset.reset = earliest
	bootstrap.servers = [PLAINTEXT://localhost:32769]
	check.crcs = true
	client.dns.lookup = use_all_dns_ips
	client.id = consumer-Consumer-topic-92a97628_e064_4b42_8897_ee50bb9eb691-8
	client.rack = 
	connections.max.idle.ms = 10000
	default.api.timeout.ms = 60000
	enable.auto.commit = true
	enable.metrics.push = true
	exclude.internal.topics = true
	fetch.max.bytes = 52428800
	fetch.max.wait.ms = 500
	fetch.min.bytes = 1
	group.id = Consumer-topic-92a97628_e064_4b42_8897_ee50bb9eb691
	group.instance.id = null
	group.protocol = classic
	group.remote.assignor = null
	heartbeat.interval.ms = 3000
	interceptor.classes = []
	internal.leave.group.on.close = true
	internal.throw.on.fetch.stable.offset.unsupported = false
	isolation.level = read_uncommitted
	key.deserializer = class org.apache.kafka.common.serialization.StringDeserializer
	max.partition.fetch.bytes = 1048576
	max.poll.interval.ms = 300000
	max.poll.records = 500
	metadata.max.age.ms = 300000
	metadata.recovery.strategy = none
	metric.reporters = []
	metrics.num.samples = 2
	metrics.recording.level = INFO
	metrics.sample.window.ms = 30000
	partition.assignment.strategy = [class org.apache.kafka.clients.consumer.RangeAssignor, class org.apache.kafka.clients.consumer.CooperativeStickyAssignor]
	receive.buffer.bytes = 65536
	reconnect.backoff.max.ms = 1000
	reconnect.backoff.ms = 50
	request.timeout.ms = 5000
	retry.backoff.max.ms = 1000
	retry.backoff.ms = 100
	sasl.client.callback.handler.class = null
	sasl.jaas.config = null
	sasl.kerberos.kinit.cmd = /usr/bin/kinit
	sasl.kerberos.min.time.before.relogin = 60000
	sasl.kerberos.service.name = null
	sasl.kerberos.ticket.renew.jitter = 0.05
	sasl.kerberos.ticket.renew.window.factor = 0.8
	sasl.login.callback.handler.class = null
	sasl.login.class = null
	sasl.login.connect.timeout.ms = null
	sasl.login.read.timeout.ms = null
	sasl.login.refresh.buffer.seconds = 300
	sasl.login.refresh.min.period.seconds = 60
	sasl.login.refresh.window.factor = 0.8
	sasl.login.refresh.window.jitter = 0.05
	sasl.login.retry.backoff.max.ms = 10000
	sasl.login.retry.backoff.ms = 100
	sasl.mechanism = GSSAPI
	sasl.oauthbearer.clock.skew.seconds = 30
	sasl.oauthbearer.expected.audience = null
	sasl.oauthbearer.expected.issuer = null
	sasl.oauthbearer.header.urlencode = false
	sasl.oauthbearer.jwks.endpoint.refresh.ms = 3600000
	sasl.oauthbearer.jwks.endpoint.retry.backoff.max.ms = 10000
	sasl.oauthbearer.jwks.endpoint.retry.backoff.ms = 100
	sasl.oauthbearer.jwks.endpoint.url = null
	sasl.oauthbearer.scope.claim.name = scope
	sasl.oauthbearer.sub.claim.name = sub
	sasl.oauthbearer.token.endpoint.url = null
	security.protocol = PLAINTEXT
	security.providers = null
	send.buffer.bytes = 131072
	session.timeout.ms = 45000
	socket.connection.setup.timeout.max.ms = 30000
	socket.connection.setup.timeout.ms = 10000
	ssl.cipher.suites = null
	ssl.enabled.protocols = [TLSv1.2, TLSv1.3]
	ssl.endpoint.identification.algorithm = https
	ssl.engine.factory.class = null
	ssl.key.password = null
	ssl.keymanager.algorithm = SunX509
	ssl.keystore.certificate.chain = null
	ssl.keystore.key = null
	ssl.keystore.location = null
	ssl.keystore.password = null
	ssl.keystore.type = JKS
	ssl.protocol = TLSv1.3
	ssl.provider = null
	ssl.secure.random.implementation = null
	ssl.trustmanager.algorithm = PKIX
	ssl.truststore.certificates = null
	ssl.truststore.location = null
	ssl.truststore.password = null
	ssl.truststore.type = JKS
	value.deserializer = class io.apicurio.registry.serde.avro.AvroKafkaDeserializer

2025-08-13 02:14:18,194 INFO  [org.apa.kaf.com.tel.int.KafkaMetricsCollector] (main) initializing Kafka metrics collector
2025-08-13 02:14:18,203 INFO  [org.apa.kaf.cli.con.ConsumerConfig] (main) These configurations '[apicurio.registry.url]' were supplied but are not used yet.
2025-08-13 02:14:18,203 INFO  [org.apa.kaf.com.uti.AppInfoParser] (main) Kafka version: 3.9.1
2025-08-13 02:14:18,203 INFO  [org.apa.kaf.com.uti.AppInfoParser] (main) Kafka commitId: f745dfdcee2b9851
2025-08-13 02:14:18,203 INFO  [org.apa.kaf.com.uti.AppInfoParser] (main) Kafka startTimeMs: 1755051258203
2025-08-13 02:14:18,203 INFO  [org.apa.kaf.cli.con.int.ClassicKafkaConsumer] (Thread-654) [Consumer clientId=consumer-Consumer-topic-92a97628_e064_4b42_8897_ee50bb9eb691-8, groupId=Consumer-topic-92a97628_e064_4b42_8897_ee50bb9eb691] Subscribed to topic(s): topic-92a97628_e064_4b42_8897_ee50bb9eb691
2025-08-13 02:14:18,216 INFO  [org.apa.kaf.cli.Metadata] (Thread-654) [Consumer clientId=consumer-Consumer-topic-92a97628_e064_4b42_8897_ee50bb9eb691-8, groupId=Consumer-topic-92a97628_e064_4b42_8897_ee50bb9eb691] Cluster ID: NjaB_jQRSOy2vs25Uo6hCg
2025-08-13 02:14:18,219 INFO  [org.apa.kaf.cli.con.int.ConsumerCoordinator] (Thread-654) [Consumer clientId=consumer-Consumer-topic-92a97628_e064_4b42_8897_ee50bb9eb691-8, groupId=Consumer-topic-92a97628_e064_4b42_8897_ee50bb9eb691] Discovered group coordinator localhost:32769 (id: 2147483647 rack: null)
2025-08-13 02:14:18,221 INFO  [org.apa.kaf.cli.con.int.ConsumerCoordinator] (Thread-654) [Consumer clientId=consumer-Consumer-topic-92a97628_e064_4b42_8897_ee50bb9eb691-8, groupId=Consumer-topic-92a97628_e064_4b42_8897_ee50bb9eb691] (Re-)joining group
2025-08-13 02:14:18,225 INFO  [org.apa.kaf.cli.con.int.ConsumerCoordinator] (Thread-654) [Consumer clientId=consumer-Consumer-topic-92a97628_e064_4b42_8897_ee50bb9eb691-8, groupId=Consumer-topic-92a97628_e064_4b42_8897_ee50bb9eb691] Request joining group due to: need to re-join with the given member-id: consumer-Consumer-topic-92a97628_e064_4b42_8897_ee50bb9eb691-8-d5b82774-c115-4284-9448-ab0bf402387f
2025-08-13 02:14:18,225 INFO  [org.apa.kaf.cli.con.int.ConsumerCoordinator] (Thread-654) [Consumer clientId=consumer-Consumer-topic-92a97628_e064_4b42_8897_ee50bb9eb691-8, groupId=Consumer-topic-92a97628_e064_4b42_8897_ee50bb9eb691] (Re-)joining group
2025-08-13 02:14:19,204 INFO  [io.api.tes.ser.api.KafkaSerdesTester] (Thread-654) None found
2025-08-13 02:14:20,204 INFO  [io.api.tes.ser.api.KafkaSerdesTester] (Thread-654) None found
2025-08-13 02:14:21,205 INFO  [io.api.tes.ser.api.KafkaSerdesTester] (Thread-654) None found
2025-08-13 02:14:21,227 INFO  [org.apa.kaf.cli.con.int.ConsumerCoordinator] (Thread-654) [Consumer clientId=consumer-Consumer-topic-92a97628_e064_4b42_8897_ee50bb9eb691-8, groupId=Consumer-topic-92a97628_e064_4b42_8897_ee50bb9eb691] Successfully joined group with generation Generation{generationId=1, memberId='consumer-Consumer-topic-92a97628_e064_4b42_8897_ee50bb9eb691-8-d5b82774-c115-4284-9448-ab0bf402387f', protocol='range'}
2025-08-13 02:14:21,227 INFO  [org.apa.kaf.cli.con.int.ConsumerCoordinator] (Thread-654) [Consumer clientId=consumer-Consumer-topic-92a97628_e064_4b42_8897_ee50bb9eb691-8, groupId=Consumer-topic-92a97628_e064_4b42_8897_ee50bb9eb691] Finished assignment for group at generation 1: {consumer-Consumer-topic-92a97628_e064_4b42_8897_ee50bb9eb691-8-d5b82774-c115-4284-9448-ab0bf402387f=Assignment(partitions=[topic-92a97628_e064_4b42_8897_ee50bb9eb691-0])}
2025-08-13 02:14:21,234 INFO  [org.apa.kaf.cli.con.int.ConsumerCoordinator] (Thread-654) [Consumer clientId=consumer-Consumer-topic-92a97628_e064_4b42_8897_ee50bb9eb691-8, groupId=Consumer-topic-92a97628_e064_4b42_8897_ee50bb9eb691] Successfully synced group in generation Generation{generationId=1, memberId='consumer-Consumer-topic-92a97628_e064_4b42_8897_ee50bb9eb691-8-d5b82774-c115-4284-9448-ab0bf402387f', protocol='range'}
2025-08-13 02:14:21,234 INFO  [org.apa.kaf.cli.con.int.ConsumerCoordinator] (Thread-654) [Consumer clientId=consumer-Consumer-topic-92a97628_e064_4b42_8897_ee50bb9eb691-8, groupId=Consumer-topic-92a97628_e064_4b42_8897_ee50bb9eb691] Notifying assignor about the new Assignment(partitions=[topic-92a97628_e064_4b42_8897_ee50bb9eb691-0])
2025-08-13 02:14:21,234 INFO  [org.apa.kaf.cli.con.int.ConsumerRebalanceListenerInvoker] (Thread-654) [Consumer clientId=consumer-Consumer-topic-92a97628_e064_4b42_8897_ee50bb9eb691-8, groupId=Consumer-topic-92a97628_e064_4b42_8897_ee50bb9eb691] Adding newly assigned partitions: topic-92a97628_e064_4b42_8897_ee50bb9eb691-0
2025-08-13 02:14:21,235 INFO  [org.apa.kaf.cli.con.int.ConsumerCoordinator] (Thread-654) [Consumer clientId=consumer-Consumer-topic-92a97628_e064_4b42_8897_ee50bb9eb691-8, groupId=Consumer-topic-92a97628_e064_4b42_8897_ee50bb9eb691] Found no committed offset for partition topic-92a97628_e064_4b42_8897_ee50bb9eb691-0
2025-08-13 02:14:21,239 INFO  [org.apa.kaf.cli.con.int.SubscriptionState] (Thread-654) [Consumer clientId=consumer-Consumer-topic-92a97628_e064_4b42_8897_ee50bb9eb691-8, groupId=Consumer-topic-92a97628_e064_4b42_8897_ee50bb9eb691] Resetting offset for partition topic-92a97628_e064_4b42_8897_ee50bb9eb691-0 to position FetchPosition{offset=0, offsetEpoch=Optional.empty, currentLeader=LeaderAndEpoch{leader=Optional[localhost:32769 (id: 0 rack: null)], epoch=0}}.
2025-08-13 02:14:21,423 INFO  [io.api.tes.ser.api.KafkaSerdesTester] (Thread-654) topic-92a97628_e064_4b42_8897_ee50bb9eb691 0 0 {"id": "record-0"}
2025-08-13 02:14:21,423 INFO  [io.api.tes.ser.api.KafkaSerdesTester] (Thread-654) topic-92a97628_e064_4b42_8897_ee50bb9eb691 0 1 {"value": 1}
2025-08-13 02:14:21,423 INFO  [io.api.tes.ser.api.KafkaSerdesTester] (Thread-654) topic-92a97628_e064_4b42_8897_ee50bb9eb691 0 2 {"active": true}
2025-08-13 02:14:21,423 INFO  [io.api.tes.ser.api.KafkaSerdesTester] (Thread-654) topic-92a97628_e064_4b42_8897_ee50bb9eb691 0 3 {"id": "record-3"}
2025-08-13 02:14:21,423 INFO  [io.api.tes.ser.api.KafkaSerdesTester] (Thread-654) topic-92a97628_e064_4b42_8897_ee50bb9eb691 0 4 {"value": 4}
2025-08-13 02:14:21,423 INFO  [io.api.tes.ser.api.KafkaSerdesTester] (Thread-654) topic-92a97628_e064_4b42_8897_ee50bb9eb691 0 5 {"active": false}
2025-08-13 02:14:21,423 INFO  [io.api.tes.ser.api.KafkaSerdesTester] (Thread-654) topic-92a97628_e064_4b42_8897_ee50bb9eb691 0 6 {"id": "record-6"}
2025-08-13 02:14:21,423 INFO  [io.api.tes.ser.api.KafkaSerdesTester] (Thread-654) topic-92a97628_e064_4b42_8897_ee50bb9eb691 0 7 {"value": 7}
2025-08-13 02:14:21,423 INFO  [io.api.tes.ser.api.KafkaSerdesTester] (Thread-654) topic-92a97628_e064_4b42_8897_ee50bb9eb691 0 8 {"active": true}
2025-08-13 02:14:21,423 INFO  [io.api.tes.ser.api.KafkaSerdesTester] (Thread-654) topic-92a97628_e064_4b42_8897_ee50bb9eb691 0 9 {"id": "record-9"}
2025-08-13 02:14:21,423 INFO  [io.api.tes.ser.api.KafkaSerdesTester] (Thread-654) Consumed 10 messages
2025-08-13 02:14:21,430 INFO  [org.apa.kaf.cli.con.int.ConsumerRebalanceListenerInvoker] (Thread-654) [Consumer clientId=consumer-Consumer-topic-92a97628_e064_4b42_8897_ee50bb9eb691-8, groupId=Consumer-topic-92a97628_e064_4b42_8897_ee50bb9eb691] Revoke previously assigned partitions topic-92a97628_e064_4b42_8897_ee50bb9eb691-0
2025-08-13 02:14:21,430 INFO  [org.apa.kaf.cli.con.int.ConsumerCoordinator] (Thread-654) [Consumer clientId=consumer-Consumer-topic-92a97628_e064_4b42_8897_ee50bb9eb691-8, groupId=Consumer-topic-92a97628_e064_4b42_8897_ee50bb9eb691] Member consumer-Consumer-topic-92a97628_e064_4b42_8897_ee50bb9eb691-8-d5b82774-c115-4284-9448-ab0bf402387f sending LeaveGroup request to coordinator localhost:32769 (id: 2147483647 rack: null) due to the consumer is being closed
2025-08-13 02:14:21,430 INFO  [org.apa.kaf.cli.con.int.ConsumerCoordinator] (Thread-654) [Consumer clientId=consumer-Consumer-topic-92a97628_e064_4b42_8897_ee50bb9eb691-8, groupId=Consumer-topic-92a97628_e064_4b42_8897_ee50bb9eb691] Resetting generation and member id due to: consumer pro-actively leaving the group
2025-08-13 02:14:21,430 INFO  [org.apa.kaf.cli.con.int.ConsumerCoordinator] (Thread-654) [Consumer clientId=consumer-Consumer-topic-92a97628_e064_4b42_8897_ee50bb9eb691-8, groupId=Consumer-topic-92a97628_e064_4b42_8897_ee50bb9eb691] Request joining group due to: consumer pro-actively leaving the group
2025-08-13 02:14:21,925 INFO  [org.apa.kaf.com.met.Metrics] (Thread-654) Metrics scheduler closed
2025-08-13 02:14:21,925 INFO  [org.apa.kaf.com.met.Metrics] (Thread-654) Closing reporter org.apache.kafka.common.metrics.JmxReporter
2025-08-13 02:14:21,925 INFO  [org.apa.kaf.com.met.Metrics] (Thread-654) Closing reporter org.apache.kafka.common.telemetry.internals.ClientTelemetryReporter
2025-08-13 02:14:21,925 INFO  [org.apa.kaf.com.met.Metrics] (Thread-654) Metrics reporters closed
2025-08-13 02:14:21,928 INFO  [org.apa.kaf.com.uti.AppInfoParser] (Thread-654) App info kafka.consumer for consumer-Consumer-topic-92a97628_e064_4b42_8897_ee50bb9eb691-8 unregistered
2025-08-13 02:14:21,929 INFO  [io.api.tes.uti.TestSeparator] (main) io.apicurio.tests.serdes.apicurio.AvroSerdeIT.testAvroUnionWithSpecificReader-FINISHED
2025-08-13 02:14:21,929 INFO  [io.api.tes.uti.TestSeparator] (main) ############################################################################
Test passed: testAvroUnionWithSpecificReader
]]></system-out>
  </testcase>
  <testcase name="testEvolveAvroApicurioReusingClient" classname="io.apicurio.tests.serdes.apicurio.AvroSerdeIT" time="7.505">
    <system-out><![CDATA[2025-08-13 02:14:21,933 INFO  [io.api.tes.uti.TestSeparator] (main) ############################################################################
2025-08-13 02:14:21,933 INFO  [io.api.tes.uti.TestSeparator] (main) io.apicurio.tests.serdes.apicurio.AvroSerdeIT.testEvolveAvroApicurioReusingClient-STARTED
2025-08-13 02:14:21,936 INFO  [io.api.tes.ser.api.AvroSerdeIT] (main) Registering Avro Schema: {"type":"record","name":"sbd998b70x52cax4136xb5ddx189f74f12dd7","namespace":"ns_770a56d1_dbc2_4911_a344_1b099de4921b","fields":[{"name":"key11755051261933","type":"string"}]}
**** Registry Base URL: http://registry-app-pg17.apps.ci419.apicurio-testing.org:80
2025-08-13 02:14:23,015 INFO  [org.apa.kaf.cli.pro.ProducerConfig] (main) ProducerConfig values: 
	acks = -1
	auto.include.jmx.reporter = true
	batch.size = 16384
	bootstrap.servers = [PLAINTEXT://localhost:32769]
	buffer.memory = 33554432
	client.dns.lookup = use_all_dns_ips
	client.id = Producer-topic-fe4fa365_475c_4dd4_ab9f_07af69912bd1
	compression.gzip.level = -1
	compression.lz4.level = 9
	compression.type = none
	compression.zstd.level = 3
	connections.max.idle.ms = 10000
	delivery.timeout.ms = 120000
	enable.idempotence = true
	enable.metrics.push = true
	interceptor.classes = []
	key.serializer = class org.apache.kafka.common.serialization.StringSerializer
	linger.ms = 0
	max.block.ms = 60000
	max.in.flight.requests.per.connection = 5
	max.request.size = 1048576
	metadata.max.age.ms = 300000
	metadata.max.idle.ms = 300000
	metadata.recovery.strategy = none
	metric.reporters = []
	metrics.num.samples = 2
	metrics.recording.level = INFO
	metrics.sample.window.ms = 30000
	partitioner.adaptive.partitioning.enable = true
	partitioner.availability.timeout.ms = 0
	partitioner.class = null
	partitioner.ignore.keys = false
	receive.buffer.bytes = 32768
	reconnect.backoff.max.ms = 1000
	reconnect.backoff.ms = 50
	request.timeout.ms = 5000
	retries = 2147483647
	retry.backoff.max.ms = 1000
	retry.backoff.ms = 100
	sasl.client.callback.handler.class = null
	sasl.jaas.config = null
	sasl.kerberos.kinit.cmd = /usr/bin/kinit
	sasl.kerberos.min.time.before.relogin = 60000
	sasl.kerberos.service.name = null
	sasl.kerberos.ticket.renew.jitter = 0.05
	sasl.kerberos.ticket.renew.window.factor = 0.8
	sasl.login.callback.handler.class = null
	sasl.login.class = null
	sasl.login.connect.timeout.ms = null
	sasl.login.read.timeout.ms = null
	sasl.login.refresh.buffer.seconds = 300
	sasl.login.refresh.min.period.seconds = 60
	sasl.login.refresh.window.factor = 0.8
	sasl.login.refresh.window.jitter = 0.05
	sasl.login.retry.backoff.max.ms = 10000
	sasl.login.retry.backoff.ms = 100
	sasl.mechanism = GSSAPI
	sasl.oauthbearer.clock.skew.seconds = 30
	sasl.oauthbearer.expected.audience = null
	sasl.oauthbearer.expected.issuer = null
	sasl.oauthbearer.header.urlencode = false
	sasl.oauthbearer.jwks.endpoint.refresh.ms = 3600000
	sasl.oauthbearer.jwks.endpoint.retry.backoff.max.ms = 10000
	sasl.oauthbearer.jwks.endpoint.retry.backoff.ms = 100
	sasl.oauthbearer.jwks.endpoint.url = null
	sasl.oauthbearer.scope.claim.name = scope
	sasl.oauthbearer.sub.claim.name = sub
	sasl.oauthbearer.token.endpoint.url = null
	security.protocol = PLAINTEXT
	security.providers = null
	send.buffer.bytes = 131072
	socket.connection.setup.timeout.max.ms = 30000
	socket.connection.setup.timeout.ms = 10000
	ssl.cipher.suites = null
	ssl.enabled.protocols = [TLSv1.2, TLSv1.3]
	ssl.endpoint.identification.algorithm = https
	ssl.engine.factory.class = null
	ssl.key.password = null
	ssl.keymanager.algorithm = SunX509
	ssl.keystore.certificate.chain = null
	ssl.keystore.key = null
	ssl.keystore.location = null
	ssl.keystore.password = null
	ssl.keystore.type = JKS
	ssl.protocol = TLSv1.3
	ssl.provider = null
	ssl.secure.random.implementation = null
	ssl.trustmanager.algorithm = PKIX
	ssl.truststore.certificates = null
	ssl.truststore.location = null
	ssl.truststore.password = null
	ssl.truststore.type = JKS
	transaction.timeout.ms = 60000
	transactional.id = null
	value.serializer = class io.apicurio.registry.serde.avro.AvroKafkaSerializer

2025-08-13 02:14:23,015 INFO  [org.apa.kaf.com.tel.int.KafkaMetricsCollector] (main) initializing Kafka metrics collector
2025-08-13 02:14:23,018 INFO  [org.apa.kaf.cli.pro.KafkaProducer] (main) [Producer clientId=Producer-topic-fe4fa365_475c_4dd4_ab9f_07af69912bd1] Instantiated an idempotent producer.
2025-08-13 02:14:23,020 INFO  [org.apa.kaf.cli.pro.ProducerConfig] (main) These configurations '[apicurio.registry.url, apicurio.registry.artifact-resolver-strategy]' were supplied but are not used yet.
2025-08-13 02:14:23,020 INFO  [org.apa.kaf.com.uti.AppInfoParser] (main) Kafka version: 3.9.1
2025-08-13 02:14:23,020 INFO  [org.apa.kaf.com.uti.AppInfoParser] (main) Kafka commitId: f745dfdcee2b9851
2025-08-13 02:14:23,020 INFO  [org.apa.kaf.com.uti.AppInfoParser] (main) Kafka startTimeMs: 1755051263020
**** Registry Base URL: http://registry-app-pg17.apps.ci419.apicurio-testing.org:80
2025-08-13 02:14:23,021 INFO  [org.apa.kaf.cli.con.ConsumerConfig] (main) ConsumerConfig values: 
	allow.auto.create.topics = true
	auto.commit.interval.ms = 500
	auto.include.jmx.reporter = true
	auto.offset.reset = earliest
	bootstrap.servers = [PLAINTEXT://localhost:32769]
	check.crcs = true
	client.dns.lookup = use_all_dns_ips
	client.id = consumer-Consumer-topic-fe4fa365_475c_4dd4_ab9f_07af69912bd1-9
	client.rack = 
	connections.max.idle.ms = 10000
	default.api.timeout.ms = 60000
	enable.auto.commit = true
	enable.metrics.push = true
	exclude.internal.topics = true
	fetch.max.bytes = 52428800
	fetch.max.wait.ms = 500
	fetch.min.bytes = 1
	group.id = Consumer-topic-fe4fa365_475c_4dd4_ab9f_07af69912bd1
	group.instance.id = null
	group.protocol = classic
	group.remote.assignor = null
	heartbeat.interval.ms = 3000
	interceptor.classes = []
	internal.leave.group.on.close = true
	internal.throw.on.fetch.stable.offset.unsupported = false
	isolation.level = read_uncommitted
	key.deserializer = class org.apache.kafka.common.serialization.StringDeserializer
	max.partition.fetch.bytes = 1048576
	max.poll.interval.ms = 300000
	max.poll.records = 500
	metadata.max.age.ms = 300000
	metadata.recovery.strategy = none
	metric.reporters = []
	metrics.num.samples = 2
	metrics.recording.level = INFO
	metrics.sample.window.ms = 30000
	partition.assignment.strategy = [class org.apache.kafka.clients.consumer.RangeAssignor, class org.apache.kafka.clients.consumer.CooperativeStickyAssignor]
	receive.buffer.bytes = 65536
	reconnect.backoff.max.ms = 1000
	reconnect.backoff.ms = 50
	request.timeout.ms = 5000
	retry.backoff.max.ms = 1000
	retry.backoff.ms = 100
	sasl.client.callback.handler.class = null
	sasl.jaas.config = null
	sasl.kerberos.kinit.cmd = /usr/bin/kinit
	sasl.kerberos.min.time.before.relogin = 60000
	sasl.kerberos.service.name = null
	sasl.kerberos.ticket.renew.jitter = 0.05
	sasl.kerberos.ticket.renew.window.factor = 0.8
	sasl.login.callback.handler.class = null
	sasl.login.class = null
	sasl.login.connect.timeout.ms = null
	sasl.login.read.timeout.ms = null
	sasl.login.refresh.buffer.seconds = 300
	sasl.login.refresh.min.period.seconds = 60
	sasl.login.refresh.window.factor = 0.8
	sasl.login.refresh.window.jitter = 0.05
	sasl.login.retry.backoff.max.ms = 10000
	sasl.login.retry.backoff.ms = 100
	sasl.mechanism = GSSAPI
	sasl.oauthbearer.clock.skew.seconds = 30
	sasl.oauthbearer.expected.audience = null
	sasl.oauthbearer.expected.issuer = null
	sasl.oauthbearer.header.urlencode = false
	sasl.oauthbearer.jwks.endpoint.refresh.ms = 3600000
	sasl.oauthbearer.jwks.endpoint.retry.backoff.max.ms = 10000
	sasl.oauthbearer.jwks.endpoint.retry.backoff.ms = 100
	sasl.oauthbearer.jwks.endpoint.url = null
	sasl.oauthbearer.scope.claim.name = scope
	sasl.oauthbearer.sub.claim.name = sub
	sasl.oauthbearer.token.endpoint.url = null
	security.protocol = PLAINTEXT
	security.providers = null
	send.buffer.bytes = 131072
	session.timeout.ms = 45000
	socket.connection.setup.timeout.max.ms = 30000
	socket.connection.setup.timeout.ms = 10000
	ssl.cipher.suites = null
	ssl.enabled.protocols = [TLSv1.2, TLSv1.3]
	ssl.endpoint.identification.algorithm = https
	ssl.engine.factory.class = null
	ssl.key.password = null
	ssl.keymanager.algorithm = SunX509
	ssl.keystore.certificate.chain = null
	ssl.keystore.key = null
	ssl.keystore.location = null
	ssl.keystore.password = null
	ssl.keystore.type = JKS
	ssl.protocol = TLSv1.3
	ssl.provider = null
	ssl.secure.random.implementation = null
	ssl.trustmanager.algorithm = PKIX
	ssl.truststore.certificates = null
	ssl.truststore.location = null
	ssl.truststore.password = null
	ssl.truststore.type = JKS
	value.deserializer = class io.apicurio.registry.serde.avro.AvroKafkaDeserializer

2025-08-13 02:14:23,021 INFO  [org.apa.kaf.com.tel.int.KafkaMetricsCollector] (main) initializing Kafka metrics collector
2025-08-13 02:14:23,028 INFO  [org.apa.kaf.cli.Metadata] (kafka-producer-network-thread | Producer-topic-fe4fa365_475c_4dd4_ab9f_07af69912bd1) [Producer clientId=Producer-topic-fe4fa365_475c_4dd4_ab9f_07af69912bd1] Cluster ID: NjaB_jQRSOy2vs25Uo6hCg
2025-08-13 02:14:23,028 INFO  [org.apa.kaf.cli.pro.int.TransactionManager] (kafka-producer-network-thread | Producer-topic-fe4fa365_475c_4dd4_ab9f_07af69912bd1) [Producer clientId=Producer-topic-fe4fa365_475c_4dd4_ab9f_07af69912bd1] ProducerId set to 11 with epoch 0
2025-08-13 02:14:23,030 INFO  [org.apa.kaf.cli.con.ConsumerConfig] (main) These configurations '[apicurio.registry.url]' were supplied but are not used yet.
2025-08-13 02:14:23,030 INFO  [org.apa.kaf.com.uti.AppInfoParser] (main) Kafka version: 3.9.1
2025-08-13 02:14:23,030 INFO  [org.apa.kaf.com.uti.AppInfoParser] (main) Kafka commitId: f745dfdcee2b9851
2025-08-13 02:14:23,030 INFO  [org.apa.kaf.com.uti.AppInfoParser] (main) Kafka startTimeMs: 1755051263030
2025-08-13 02:14:23,033 INFO  [io.api.tes.ser.api.KafkaSerdesTester] (Thread-659) Sending message {"key11755051261933": "value-0"} to topic topic-fe4fa365_475c_4dd4_ab9f_07af69912bd1
2025-08-13 02:14:23,039 INFO  [DefaultSchemaResolver] (Thread-659) Retrieving schema content using string: {"type":"record","name":"sbd998b70x52cax4136xb5ddx189f74f12dd7","namespace":"ns_770a56d1_dbc2_4911_a344_1b099de4921b","fields":[{"name":"key11755051261933","type":"string"}]}
2025-08-13 02:14:23,313 INFO  [io.api.tes.ser.api.KafkaSerdesTester] (Thread-659) Sending message {"key11755051261933": "value-1"} to topic topic-fe4fa365_475c_4dd4_ab9f_07af69912bd1
2025-08-13 02:14:23,315 INFO  [io.api.tes.ser.api.KafkaSerdesTester] (Thread-659) Sending message {"key11755051261933": "value-2"} to topic topic-fe4fa365_475c_4dd4_ab9f_07af69912bd1
2025-08-13 02:14:23,317 INFO  [io.api.tes.ser.api.KafkaSerdesTester] (Thread-659) Sending message {"key11755051261933": "value-3"} to topic topic-fe4fa365_475c_4dd4_ab9f_07af69912bd1
2025-08-13 02:14:23,318 INFO  [io.api.tes.ser.api.KafkaSerdesTester] (Thread-659) Sending message {"key11755051261933": "value-4"} to topic topic-fe4fa365_475c_4dd4_ab9f_07af69912bd1
2025-08-13 02:14:23,321 INFO  [io.api.tes.ser.api.KafkaSerdesTester] (Thread-659) Sending message {"key11755051261933": "value-5"} to topic topic-fe4fa365_475c_4dd4_ab9f_07af69912bd1
2025-08-13 02:14:23,323 INFO  [io.api.tes.ser.api.KafkaSerdesTester] (Thread-659) Sending message {"key11755051261933": "value-6"} to topic topic-fe4fa365_475c_4dd4_ab9f_07af69912bd1
2025-08-13 02:14:23,324 INFO  [io.api.tes.ser.api.KafkaSerdesTester] (Thread-659) Sending message {"key11755051261933": "value-7"} to topic topic-fe4fa365_475c_4dd4_ab9f_07af69912bd1
2025-08-13 02:14:23,326 INFO  [io.api.tes.ser.api.KafkaSerdesTester] (Thread-659) Sending message {"key11755051261933": "value-8"} to topic topic-fe4fa365_475c_4dd4_ab9f_07af69912bd1
2025-08-13 02:14:23,328 INFO  [io.api.tes.ser.api.KafkaSerdesTester] (Thread-659) Sending message {"key11755051261933": "value-9"} to topic topic-fe4fa365_475c_4dd4_ab9f_07af69912bd1
2025-08-13 02:14:23,329 INFO  [io.api.tes.ser.api.KafkaSerdesTester] (Thread-659) Produced 10 messages
2025-08-13 02:14:23,330 INFO  [org.apa.kaf.cli.con.int.ClassicKafkaConsumer] (Thread-660) [Consumer clientId=consumer-Consumer-topic-fe4fa365_475c_4dd4_ab9f_07af69912bd1-9, groupId=Consumer-topic-fe4fa365_475c_4dd4_ab9f_07af69912bd1] Subscribed to topic(s): topic-fe4fa365_475c_4dd4_ab9f_07af69912bd1
2025-08-13 02:14:23,334 INFO  [org.apa.kaf.cli.Metadata] (Thread-660) [Consumer clientId=consumer-Consumer-topic-fe4fa365_475c_4dd4_ab9f_07af69912bd1-9, groupId=Consumer-topic-fe4fa365_475c_4dd4_ab9f_07af69912bd1] Cluster ID: NjaB_jQRSOy2vs25Uo6hCg
2025-08-13 02:14:23,335 INFO  [org.apa.kaf.cli.con.int.ConsumerCoordinator] (Thread-660) [Consumer clientId=consumer-Consumer-topic-fe4fa365_475c_4dd4_ab9f_07af69912bd1-9, groupId=Consumer-topic-fe4fa365_475c_4dd4_ab9f_07af69912bd1] Discovered group coordinator localhost:32769 (id: 2147483647 rack: null)
2025-08-13 02:14:23,336 INFO  [org.apa.kaf.cli.con.int.ConsumerCoordinator] (Thread-660) [Consumer clientId=consumer-Consumer-topic-fe4fa365_475c_4dd4_ab9f_07af69912bd1-9, groupId=Consumer-topic-fe4fa365_475c_4dd4_ab9f_07af69912bd1] (Re-)joining group
2025-08-13 02:14:23,339 INFO  [org.apa.kaf.cli.con.int.ConsumerCoordinator] (Thread-660) [Consumer clientId=consumer-Consumer-topic-fe4fa365_475c_4dd4_ab9f_07af69912bd1-9, groupId=Consumer-topic-fe4fa365_475c_4dd4_ab9f_07af69912bd1] Request joining group due to: need to re-join with the given member-id: consumer-Consumer-topic-fe4fa365_475c_4dd4_ab9f_07af69912bd1-9-f187575d-ea8d-43e3-9941-88d3631df97b
2025-08-13 02:14:23,339 INFO  [org.apa.kaf.cli.con.int.ConsumerCoordinator] (Thread-660) [Consumer clientId=consumer-Consumer-topic-fe4fa365_475c_4dd4_ab9f_07af69912bd1-9, groupId=Consumer-topic-fe4fa365_475c_4dd4_ab9f_07af69912bd1] (Re-)joining group
2025-08-13 02:14:24,330 INFO  [io.api.tes.ser.api.KafkaSerdesTester] (Thread-660) None found
2025-08-13 02:14:25,330 INFO  [io.api.tes.ser.api.KafkaSerdesTester] (Thread-660) None found
2025-08-13 02:14:26,331 INFO  [io.api.tes.ser.api.KafkaSerdesTester] (Thread-660) None found
2025-08-13 02:14:26,341 INFO  [org.apa.kaf.cli.con.int.ConsumerCoordinator] (Thread-660) [Consumer clientId=consumer-Consumer-topic-fe4fa365_475c_4dd4_ab9f_07af69912bd1-9, groupId=Consumer-topic-fe4fa365_475c_4dd4_ab9f_07af69912bd1] Successfully joined group with generation Generation{generationId=1, memberId='consumer-Consumer-topic-fe4fa365_475c_4dd4_ab9f_07af69912bd1-9-f187575d-ea8d-43e3-9941-88d3631df97b', protocol='range'}
2025-08-13 02:14:26,341 INFO  [org.apa.kaf.cli.con.int.ConsumerCoordinator] (Thread-660) [Consumer clientId=consumer-Consumer-topic-fe4fa365_475c_4dd4_ab9f_07af69912bd1-9, groupId=Consumer-topic-fe4fa365_475c_4dd4_ab9f_07af69912bd1] Finished assignment for group at generation 1: {consumer-Consumer-topic-fe4fa365_475c_4dd4_ab9f_07af69912bd1-9-f187575d-ea8d-43e3-9941-88d3631df97b=Assignment(partitions=[topic-fe4fa365_475c_4dd4_ab9f_07af69912bd1-0])}
2025-08-13 02:14:26,349 INFO  [org.apa.kaf.cli.con.int.ConsumerCoordinator] (Thread-660) [Consumer clientId=consumer-Consumer-topic-fe4fa365_475c_4dd4_ab9f_07af69912bd1-9, groupId=Consumer-topic-fe4fa365_475c_4dd4_ab9f_07af69912bd1] Successfully synced group in generation Generation{generationId=1, memberId='consumer-Consumer-topic-fe4fa365_475c_4dd4_ab9f_07af69912bd1-9-f187575d-ea8d-43e3-9941-88d3631df97b', protocol='range'}
2025-08-13 02:14:26,349 INFO  [org.apa.kaf.cli.con.int.ConsumerCoordinator] (Thread-660) [Consumer clientId=consumer-Consumer-topic-fe4fa365_475c_4dd4_ab9f_07af69912bd1-9, groupId=Consumer-topic-fe4fa365_475c_4dd4_ab9f_07af69912bd1] Notifying assignor about the new Assignment(partitions=[topic-fe4fa365_475c_4dd4_ab9f_07af69912bd1-0])
2025-08-13 02:14:26,349 INFO  [org.apa.kaf.cli.con.int.ConsumerRebalanceListenerInvoker] (Thread-660) [Consumer clientId=consumer-Consumer-topic-fe4fa365_475c_4dd4_ab9f_07af69912bd1-9, groupId=Consumer-topic-fe4fa365_475c_4dd4_ab9f_07af69912bd1] Adding newly assigned partitions: topic-fe4fa365_475c_4dd4_ab9f_07af69912bd1-0
2025-08-13 02:14:26,350 INFO  [org.apa.kaf.cli.con.int.ConsumerCoordinator] (Thread-660) [Consumer clientId=consumer-Consumer-topic-fe4fa365_475c_4dd4_ab9f_07af69912bd1-9, groupId=Consumer-topic-fe4fa365_475c_4dd4_ab9f_07af69912bd1] Found no committed offset for partition topic-fe4fa365_475c_4dd4_ab9f_07af69912bd1-0
2025-08-13 02:14:26,353 INFO  [org.apa.kaf.cli.con.int.SubscriptionState] (Thread-660) [Consumer clientId=consumer-Consumer-topic-fe4fa365_475c_4dd4_ab9f_07af69912bd1-9, groupId=Consumer-topic-fe4fa365_475c_4dd4_ab9f_07af69912bd1] Resetting offset for partition topic-fe4fa365_475c_4dd4_ab9f_07af69912bd1-0 to position FetchPosition{offset=0, offsetEpoch=Optional.empty, currentLeader=LeaderAndEpoch{leader=Optional[localhost:32769 (id: 0 rack: null)], epoch=0}}.
2025-08-13 02:14:26,434 INFO  [io.api.tes.ser.api.KafkaSerdesTester] (Thread-660) topic-fe4fa365_475c_4dd4_ab9f_07af69912bd1 0 0 {"key11755051261933": "value-0"}
2025-08-13 02:14:26,434 INFO  [io.api.tes.ser.api.KafkaSerdesTester] (Thread-660) topic-fe4fa365_475c_4dd4_ab9f_07af69912bd1 0 1 {"key11755051261933": "value-1"}
2025-08-13 02:14:26,434 INFO  [io.api.tes.ser.api.KafkaSerdesTester] (Thread-660) topic-fe4fa365_475c_4dd4_ab9f_07af69912bd1 0 2 {"key11755051261933": "value-2"}
2025-08-13 02:14:26,434 INFO  [io.api.tes.ser.api.KafkaSerdesTester] (Thread-660) topic-fe4fa365_475c_4dd4_ab9f_07af69912bd1 0 3 {"key11755051261933": "value-3"}
2025-08-13 02:14:26,434 INFO  [io.api.tes.ser.api.KafkaSerdesTester] (Thread-660) topic-fe4fa365_475c_4dd4_ab9f_07af69912bd1 0 4 {"key11755051261933": "value-4"}
2025-08-13 02:14:26,434 INFO  [io.api.tes.ser.api.KafkaSerdesTester] (Thread-660) topic-fe4fa365_475c_4dd4_ab9f_07af69912bd1 0 5 {"key11755051261933": "value-5"}
2025-08-13 02:14:26,434 INFO  [io.api.tes.ser.api.KafkaSerdesTester] (Thread-660) topic-fe4fa365_475c_4dd4_ab9f_07af69912bd1 0 6 {"key11755051261933": "value-6"}
2025-08-13 02:14:26,434 INFO  [io.api.tes.ser.api.KafkaSerdesTester] (Thread-660) topic-fe4fa365_475c_4dd4_ab9f_07af69912bd1 0 7 {"key11755051261933": "value-7"}
2025-08-13 02:14:26,434 INFO  [io.api.tes.ser.api.KafkaSerdesTester] (Thread-660) topic-fe4fa365_475c_4dd4_ab9f_07af69912bd1 0 8 {"key11755051261933": "value-8"}
2025-08-13 02:14:26,434 INFO  [io.api.tes.ser.api.KafkaSerdesTester] (Thread-660) topic-fe4fa365_475c_4dd4_ab9f_07af69912bd1 0 9 {"key11755051261933": "value-9"}
2025-08-13 02:14:26,434 INFO  [io.api.tes.ser.api.KafkaSerdesTester] (Thread-660) Consumed 10 messages
2025-08-13 02:14:26,435 INFO  [io.api.tes.ser.api.AvroSerdeIT] (main) Registering Avro Schema 2: {"type":"record","name":"sbd998b70x52cax4136xb5ddx189f74f12dd7","namespace":"ns_770a56d1_dbc2_4911_a344_1b099de4921b","fields":[{"name":"key11755051261933","type":"string"},{"name":"key21755051266435","type":"string"}]}
2025-08-13 02:14:27,519 INFO  [io.api.tes.ser.api.KafkaSerdesTester] (Thread-661) Sending message {"key11755051261933": "value-0", "key21755051266435": "value-0"} to topic topic-fe4fa365_475c_4dd4_ab9f_07af69912bd1
2025-08-13 02:14:27,520 INFO  [DefaultSchemaResolver] (Thread-661) Retrieving schema content using string: {"type":"record","name":"sbd998b70x52cax4136xb5ddx189f74f12dd7","namespace":"ns_770a56d1_dbc2_4911_a344_1b099de4921b","fields":[{"name":"key11755051261933","type":"string"},{"name":"key21755051266435","type":"string"}]}
2025-08-13 02:14:27,558 INFO  [io.api.tes.ser.api.KafkaSerdesTester] (Thread-661) Sending message {"key11755051261933": "value-1", "key21755051266435": "value-1"} to topic topic-fe4fa365_475c_4dd4_ab9f_07af69912bd1
2025-08-13 02:14:27,564 INFO  [io.api.tes.ser.api.KafkaSerdesTester] (Thread-661) Sending message {"key11755051261933": "value-2", "key21755051266435": "value-2"} to topic topic-fe4fa365_475c_4dd4_ab9f_07af69912bd1
2025-08-13 02:14:27,566 INFO  [io.api.tes.ser.api.KafkaSerdesTester] (Thread-661) Sending message {"key11755051261933": "value-3", "key21755051266435": "value-3"} to topic topic-fe4fa365_475c_4dd4_ab9f_07af69912bd1
2025-08-13 02:14:27,569 INFO  [io.api.tes.ser.api.KafkaSerdesTester] (Thread-661) Sending message {"key11755051261933": "value-4", "key21755051266435": "value-4"} to topic topic-fe4fa365_475c_4dd4_ab9f_07af69912bd1
2025-08-13 02:14:27,571 INFO  [io.api.tes.ser.api.KafkaSerdesTester] (Thread-661) Sending message {"key11755051261933": "value-5", "key21755051266435": "value-5"} to topic topic-fe4fa365_475c_4dd4_ab9f_07af69912bd1
2025-08-13 02:14:27,574 INFO  [io.api.tes.ser.api.KafkaSerdesTester] (Thread-661) Sending message {"key11755051261933": "value-6", "key21755051266435": "value-6"} to topic topic-fe4fa365_475c_4dd4_ab9f_07af69912bd1
2025-08-13 02:14:27,576 INFO  [io.api.tes.ser.api.KafkaSerdesTester] (Thread-661) Sending message {"key11755051261933": "value-7", "key21755051266435": "value-7"} to topic topic-fe4fa365_475c_4dd4_ab9f_07af69912bd1
2025-08-13 02:14:27,577 INFO  [io.api.tes.ser.api.KafkaSerdesTester] (Thread-661) Sending message {"key11755051261933": "value-8", "key21755051266435": "value-8"} to topic topic-fe4fa365_475c_4dd4_ab9f_07af69912bd1
2025-08-13 02:14:27,579 INFO  [io.api.tes.ser.api.KafkaSerdesTester] (Thread-661) Sending message {"key11755051261933": "value-9", "key21755051266435": "value-9"} to topic topic-fe4fa365_475c_4dd4_ab9f_07af69912bd1
2025-08-13 02:14:27,582 INFO  [io.api.tes.ser.api.KafkaSerdesTester] (Thread-661) Produced 10 messages
2025-08-13 02:14:27,582 INFO  [io.api.tes.ser.api.KafkaSerdesTester] (Thread-662) Sending message {"key11755051261933": "value-0"} to topic topic-fe4fa365_475c_4dd4_ab9f_07af69912bd1
2025-08-13 02:14:27,587 INFO  [io.api.tes.ser.api.KafkaSerdesTester] (Thread-662) Sending message {"key11755051261933": "value-1"} to topic topic-fe4fa365_475c_4dd4_ab9f_07af69912bd1
2025-08-13 02:14:27,590 INFO  [io.api.tes.ser.api.KafkaSerdesTester] (Thread-662) Sending message {"key11755051261933": "value-2"} to topic topic-fe4fa365_475c_4dd4_ab9f_07af69912bd1
2025-08-13 02:14:27,596 INFO  [io.api.tes.ser.api.KafkaSerdesTester] (Thread-662) Sending message {"key11755051261933": "value-3"} to topic topic-fe4fa365_475c_4dd4_ab9f_07af69912bd1
2025-08-13 02:14:27,598 INFO  [io.api.tes.ser.api.KafkaSerdesTester] (Thread-662) Sending message {"key11755051261933": "value-4"} to topic topic-fe4fa365_475c_4dd4_ab9f_07af69912bd1
2025-08-13 02:14:27,599 INFO  [io.api.tes.ser.api.KafkaSerdesTester] (Thread-662) Sending message {"key11755051261933": "value-5"} to topic topic-fe4fa365_475c_4dd4_ab9f_07af69912bd1
2025-08-13 02:14:27,601 INFO  [io.api.tes.ser.api.KafkaSerdesTester] (Thread-662) Sending message {"key11755051261933": "value-6"} to topic topic-fe4fa365_475c_4dd4_ab9f_07af69912bd1
2025-08-13 02:14:27,602 INFO  [io.api.tes.ser.api.KafkaSerdesTester] (Thread-662) Sending message {"key11755051261933": "value-7"} to topic topic-fe4fa365_475c_4dd4_ab9f_07af69912bd1
2025-08-13 02:14:27,605 INFO  [io.api.tes.ser.api.KafkaSerdesTester] (Thread-662) Sending message {"key11755051261933": "value-8"} to topic topic-fe4fa365_475c_4dd4_ab9f_07af69912bd1
2025-08-13 02:14:27,611 INFO  [io.api.tes.ser.api.KafkaSerdesTester] (Thread-662) Sending message {"key11755051261933": "value-9"} to topic topic-fe4fa365_475c_4dd4_ab9f_07af69912bd1
2025-08-13 02:14:27,615 INFO  [io.api.tes.ser.api.KafkaSerdesTester] (Thread-662) Produced 10 messages
2025-08-13 02:14:27,617 INFO  [org.apa.kaf.cli.con.int.ClassicKafkaConsumer] (Thread-663) [Consumer clientId=consumer-Consumer-topic-fe4fa365_475c_4dd4_ab9f_07af69912bd1-9, groupId=Consumer-topic-fe4fa365_475c_4dd4_ab9f_07af69912bd1] Subscribed to topic(s): topic-fe4fa365_475c_4dd4_ab9f_07af69912bd1
2025-08-13 02:14:27,678 INFO  [io.api.tes.ser.api.KafkaSerdesTester] (Thread-663) topic-fe4fa365_475c_4dd4_ab9f_07af69912bd1 0 10 {"key11755051261933": "value-0", "key21755051266435": "value-0"}
2025-08-13 02:14:27,679 INFO  [io.api.tes.ser.api.KafkaSerdesTester] (Thread-663) topic-fe4fa365_475c_4dd4_ab9f_07af69912bd1 0 11 {"key11755051261933": "value-1", "key21755051266435": "value-1"}
2025-08-13 02:14:27,679 INFO  [io.api.tes.ser.api.KafkaSerdesTester] (Thread-663) topic-fe4fa365_475c_4dd4_ab9f_07af69912bd1 0 12 {"key11755051261933": "value-2", "key21755051266435": "value-2"}
2025-08-13 02:14:27,679 INFO  [io.api.tes.ser.api.KafkaSerdesTester] (Thread-663) topic-fe4fa365_475c_4dd4_ab9f_07af69912bd1 0 13 {"key11755051261933": "value-3", "key21755051266435": "value-3"}
2025-08-13 02:14:27,679 INFO  [io.api.tes.ser.api.KafkaSerdesTester] (Thread-663) topic-fe4fa365_475c_4dd4_ab9f_07af69912bd1 0 14 {"key11755051261933": "value-4", "key21755051266435": "value-4"}
2025-08-13 02:14:27,679 INFO  [io.api.tes.ser.api.KafkaSerdesTester] (Thread-663) topic-fe4fa365_475c_4dd4_ab9f_07af69912bd1 0 15 {"key11755051261933": "value-5", "key21755051266435": "value-5"}
2025-08-13 02:14:27,679 INFO  [io.api.tes.ser.api.KafkaSerdesTester] (Thread-663) topic-fe4fa365_475c_4dd4_ab9f_07af69912bd1 0 16 {"key11755051261933": "value-6", "key21755051266435": "value-6"}
2025-08-13 02:14:27,679 INFO  [io.api.tes.ser.api.KafkaSerdesTester] (Thread-663) topic-fe4fa365_475c_4dd4_ab9f_07af69912bd1 0 17 {"key11755051261933": "value-7", "key21755051266435": "value-7"}
2025-08-13 02:14:27,679 INFO  [io.api.tes.ser.api.KafkaSerdesTester] (Thread-663) topic-fe4fa365_475c_4dd4_ab9f_07af69912bd1 0 18 {"key11755051261933": "value-8", "key21755051266435": "value-8"}
2025-08-13 02:14:27,679 INFO  [io.api.tes.ser.api.KafkaSerdesTester] (Thread-663) topic-fe4fa365_475c_4dd4_ab9f_07af69912bd1 0 19 {"key11755051261933": "value-9", "key21755051266435": "value-9"}
2025-08-13 02:14:27,679 INFO  [io.api.tes.ser.api.KafkaSerdesTester] (Thread-663) topic-fe4fa365_475c_4dd4_ab9f_07af69912bd1 0 20 {"key11755051261933": "value-0"}
2025-08-13 02:14:27,679 INFO  [io.api.tes.ser.api.KafkaSerdesTester] (Thread-663) topic-fe4fa365_475c_4dd4_ab9f_07af69912bd1 0 21 {"key11755051261933": "value-1"}
2025-08-13 02:14:27,679 INFO  [io.api.tes.ser.api.KafkaSerdesTester] (Thread-663) topic-fe4fa365_475c_4dd4_ab9f_07af69912bd1 0 22 {"key11755051261933": "value-2"}
2025-08-13 02:14:27,679 INFO  [io.api.tes.ser.api.KafkaSerdesTester] (Thread-663) topic-fe4fa365_475c_4dd4_ab9f_07af69912bd1 0 23 {"key11755051261933": "value-3"}
2025-08-13 02:14:27,679 INFO  [io.api.tes.ser.api.KafkaSerdesTester] (Thread-663) topic-fe4fa365_475c_4dd4_ab9f_07af69912bd1 0 24 {"key11755051261933": "value-4"}
2025-08-13 02:14:27,679 INFO  [io.api.tes.ser.api.KafkaSerdesTester] (Thread-663) topic-fe4fa365_475c_4dd4_ab9f_07af69912bd1 0 25 {"key11755051261933": "value-5"}
2025-08-13 02:14:27,679 INFO  [io.api.tes.ser.api.KafkaSerdesTester] (Thread-663) topic-fe4fa365_475c_4dd4_ab9f_07af69912bd1 0 26 {"key11755051261933": "value-6"}
2025-08-13 02:14:27,679 INFO  [io.api.tes.ser.api.KafkaSerdesTester] (Thread-663) topic-fe4fa365_475c_4dd4_ab9f_07af69912bd1 0 27 {"key11755051261933": "value-7"}
2025-08-13 02:14:27,679 INFO  [io.api.tes.ser.api.KafkaSerdesTester] (Thread-663) topic-fe4fa365_475c_4dd4_ab9f_07af69912bd1 0 28 {"key11755051261933": "value-8"}
2025-08-13 02:14:27,679 INFO  [io.api.tes.ser.api.KafkaSerdesTester] (Thread-663) topic-fe4fa365_475c_4dd4_ab9f_07af69912bd1 0 29 {"key11755051261933": "value-9"}
2025-08-13 02:14:27,679 INFO  [io.api.tes.ser.api.KafkaSerdesTester] (Thread-663) Consumed 20 messages
2025-08-13 02:14:27,680 INFO  [io.api.tes.ser.api.AvroSerdeIT] (main) Registering Avro Schema 3: {"type":"record","name":"sbd998b70x52cax4136xb5ddx189f74f12dd7","namespace":"ns_770a56d1_dbc2_4911_a344_1b099de4921b","fields":[{"name":"key11755051261933","type":"string"},{"name":"key21755051266435","type":"string"},{"name":"key31755051267679","type":"string"}]}
2025-08-13 02:14:28,763 INFO  [io.api.tes.ser.api.KafkaSerdesTester] (Thread-664) Sending message {"key11755051261933": "value-0", "key21755051266435": "value-0", "key31755051267679": "value-0"} to topic topic-fe4fa365_475c_4dd4_ab9f_07af69912bd1
2025-08-13 02:14:28,763 INFO  [DefaultSchemaResolver] (Thread-664) Retrieving schema content using string: {"type":"record","name":"sbd998b70x52cax4136xb5ddx189f74f12dd7","namespace":"ns_770a56d1_dbc2_4911_a344_1b099de4921b","fields":[{"name":"key11755051261933","type":"string"},{"name":"key21755051266435","type":"string"},{"name":"key31755051267679","type":"string"}]}
2025-08-13 02:14:28,797 INFO  [io.api.tes.ser.api.KafkaSerdesTester] (Thread-664) Sending message {"key11755051261933": "value-1", "key21755051266435": "value-1", "key31755051267679": "value-1"} to topic topic-fe4fa365_475c_4dd4_ab9f_07af69912bd1
2025-08-13 02:14:28,799 INFO  [io.api.tes.ser.api.KafkaSerdesTester] (Thread-664) Sending message {"key11755051261933": "value-2", "key21755051266435": "value-2", "key31755051267679": "value-2"} to topic topic-fe4fa365_475c_4dd4_ab9f_07af69912bd1
2025-08-13 02:14:28,802 INFO  [io.api.tes.ser.api.KafkaSerdesTester] (Thread-664) Sending message {"key11755051261933": "value-3", "key21755051266435": "value-3", "key31755051267679": "value-3"} to topic topic-fe4fa365_475c_4dd4_ab9f_07af69912bd1
2025-08-13 02:14:28,804 INFO  [io.api.tes.ser.api.KafkaSerdesTester] (Thread-664) Sending message {"key11755051261933": "value-4", "key21755051266435": "value-4", "key31755051267679": "value-4"} to topic topic-fe4fa365_475c_4dd4_ab9f_07af69912bd1
2025-08-13 02:14:28,805 INFO  [io.api.tes.ser.api.KafkaSerdesTester] (Thread-664) Sending message {"key11755051261933": "value-5", "key21755051266435": "value-5", "key31755051267679": "value-5"} to topic topic-fe4fa365_475c_4dd4_ab9f_07af69912bd1
2025-08-13 02:14:28,806 INFO  [io.api.tes.ser.api.KafkaSerdesTester] (Thread-664) Sending message {"key11755051261933": "value-6", "key21755051266435": "value-6", "key31755051267679": "value-6"} to topic topic-fe4fa365_475c_4dd4_ab9f_07af69912bd1
2025-08-13 02:14:28,809 INFO  [io.api.tes.ser.api.KafkaSerdesTester] (Thread-664) Sending message {"key11755051261933": "value-7", "key21755051266435": "value-7", "key31755051267679": "value-7"} to topic topic-fe4fa365_475c_4dd4_ab9f_07af69912bd1
2025-08-13 02:14:28,814 INFO  [io.api.tes.ser.api.KafkaSerdesTester] (Thread-664) Sending message {"key11755051261933": "value-8", "key21755051266435": "value-8", "key31755051267679": "value-8"} to topic topic-fe4fa365_475c_4dd4_ab9f_07af69912bd1
2025-08-13 02:14:28,817 INFO  [io.api.tes.ser.api.KafkaSerdesTester] (Thread-664) Sending message {"key11755051261933": "value-9", "key21755051266435": "value-9", "key31755051267679": "value-9"} to topic topic-fe4fa365_475c_4dd4_ab9f_07af69912bd1
2025-08-13 02:14:28,818 INFO  [io.api.tes.ser.api.KafkaSerdesTester] (Thread-664) Produced 10 messages
2025-08-13 02:14:28,819 INFO  [io.api.tes.ser.api.KafkaSerdesTester] (Thread-665) Sending message {"key11755051261933": "value-0", "key21755051266435": "value-0"} to topic topic-fe4fa365_475c_4dd4_ab9f_07af69912bd1
2025-08-13 02:14:28,821 INFO  [io.api.tes.ser.api.KafkaSerdesTester] (Thread-665) Sending message {"key11755051261933": "value-1", "key21755051266435": "value-1"} to topic topic-fe4fa365_475c_4dd4_ab9f_07af69912bd1
2025-08-13 02:14:28,822 INFO  [io.api.tes.ser.api.KafkaSerdesTester] (Thread-665) Sending message {"key11755051261933": "value-2", "key21755051266435": "value-2"} to topic topic-fe4fa365_475c_4dd4_ab9f_07af69912bd1
2025-08-13 02:14:28,824 INFO  [io.api.tes.ser.api.KafkaSerdesTester] (Thread-665) Sending message {"key11755051261933": "value-3", "key21755051266435": "value-3"} to topic topic-fe4fa365_475c_4dd4_ab9f_07af69912bd1
2025-08-13 02:14:28,825 INFO  [io.api.tes.ser.api.KafkaSerdesTester] (Thread-665) Sending message {"key11755051261933": "value-4", "key21755051266435": "value-4"} to topic topic-fe4fa365_475c_4dd4_ab9f_07af69912bd1
2025-08-13 02:14:28,827 INFO  [io.api.tes.ser.api.KafkaSerdesTester] (Thread-665) Sending message {"key11755051261933": "value-5", "key21755051266435": "value-5"} to topic topic-fe4fa365_475c_4dd4_ab9f_07af69912bd1
2025-08-13 02:14:28,829 INFO  [io.api.tes.ser.api.KafkaSerdesTester] (Thread-665) Sending message {"key11755051261933": "value-6", "key21755051266435": "value-6"} to topic topic-fe4fa365_475c_4dd4_ab9f_07af69912bd1
2025-08-13 02:14:28,830 INFO  [io.api.tes.ser.api.KafkaSerdesTester] (Thread-665) Sending message {"key11755051261933": "value-7", "key21755051266435": "value-7"} to topic topic-fe4fa365_475c_4dd4_ab9f_07af69912bd1
2025-08-13 02:14:28,835 INFO  [io.api.tes.ser.api.KafkaSerdesTester] (Thread-665) Sending message {"key11755051261933": "value-8", "key21755051266435": "value-8"} to topic topic-fe4fa365_475c_4dd4_ab9f_07af69912bd1
2025-08-13 02:14:28,837 INFO  [io.api.tes.ser.api.KafkaSerdesTester] (Thread-665) Sending message {"key11755051261933": "value-9", "key21755051266435": "value-9"} to topic topic-fe4fa365_475c_4dd4_ab9f_07af69912bd1
2025-08-13 02:14:28,841 INFO  [io.api.tes.ser.api.KafkaSerdesTester] (Thread-665) Produced 10 messages
2025-08-13 02:14:28,842 INFO  [io.api.tes.ser.api.KafkaSerdesTester] (Thread-666) Sending message {"key11755051261933": "value-0"} to topic topic-fe4fa365_475c_4dd4_ab9f_07af69912bd1
2025-08-13 02:14:28,845 INFO  [io.api.tes.ser.api.KafkaSerdesTester] (Thread-666) Sending message {"key11755051261933": "value-1"} to topic topic-fe4fa365_475c_4dd4_ab9f_07af69912bd1
2025-08-13 02:14:28,849 INFO  [io.api.tes.ser.api.KafkaSerdesTester] (Thread-666) Sending message {"key11755051261933": "value-2"} to topic topic-fe4fa365_475c_4dd4_ab9f_07af69912bd1
2025-08-13 02:14:28,851 INFO  [io.api.tes.ser.api.KafkaSerdesTester] (Thread-666) Sending message {"key11755051261933": "value-3"} to topic topic-fe4fa365_475c_4dd4_ab9f_07af69912bd1
2025-08-13 02:14:28,856 INFO  [io.api.tes.ser.api.KafkaSerdesTester] (Thread-666) Sending message {"key11755051261933": "value-4"} to topic topic-fe4fa365_475c_4dd4_ab9f_07af69912bd1
2025-08-13 02:14:28,858 INFO  [io.api.tes.ser.api.KafkaSerdesTester] (Thread-666) Sending message {"key11755051261933": "value-5"} to topic topic-fe4fa365_475c_4dd4_ab9f_07af69912bd1
2025-08-13 02:14:28,859 INFO  [io.api.tes.ser.api.KafkaSerdesTester] (Thread-666) Sending message {"key11755051261933": "value-6"} to topic topic-fe4fa365_475c_4dd4_ab9f_07af69912bd1
2025-08-13 02:14:28,861 INFO  [io.api.tes.ser.api.KafkaSerdesTester] (Thread-666) Sending message {"key11755051261933": "value-7"} to topic topic-fe4fa365_475c_4dd4_ab9f_07af69912bd1
2025-08-13 02:14:28,862 INFO  [io.api.tes.ser.api.KafkaSerdesTester] (Thread-666) Sending message {"key11755051261933": "value-8"} to topic topic-fe4fa365_475c_4dd4_ab9f_07af69912bd1
2025-08-13 02:14:28,864 INFO  [io.api.tes.ser.api.KafkaSerdesTester] (Thread-666) Sending message {"key11755051261933": "value-9"} to topic topic-fe4fa365_475c_4dd4_ab9f_07af69912bd1
2025-08-13 02:14:28,865 INFO  [io.api.tes.ser.api.KafkaSerdesTester] (Thread-666) Produced 10 messages
2025-08-13 02:14:28,866 INFO  [org.apa.kaf.cli.con.int.ClassicKafkaConsumer] (Thread-667) [Consumer clientId=consumer-Consumer-topic-fe4fa365_475c_4dd4_ab9f_07af69912bd1-9, groupId=Consumer-topic-fe4fa365_475c_4dd4_ab9f_07af69912bd1] Subscribed to topic(s): topic-fe4fa365_475c_4dd4_ab9f_07af69912bd1
2025-08-13 02:14:28,926 INFO  [io.api.tes.ser.api.KafkaSerdesTester] (Thread-667) topic-fe4fa365_475c_4dd4_ab9f_07af69912bd1 0 30 {"key11755051261933": "value-0", "key21755051266435": "value-0", "key31755051267679": "value-0"}
2025-08-13 02:14:28,926 INFO  [io.api.tes.ser.api.KafkaSerdesTester] (Thread-667) topic-fe4fa365_475c_4dd4_ab9f_07af69912bd1 0 31 {"key11755051261933": "value-1", "key21755051266435": "value-1", "key31755051267679": "value-1"}
2025-08-13 02:14:28,926 INFO  [io.api.tes.ser.api.KafkaSerdesTester] (Thread-667) topic-fe4fa365_475c_4dd4_ab9f_07af69912bd1 0 32 {"key11755051261933": "value-2", "key21755051266435": "value-2", "key31755051267679": "value-2"}
2025-08-13 02:14:28,926 INFO  [io.api.tes.ser.api.KafkaSerdesTester] (Thread-667) topic-fe4fa365_475c_4dd4_ab9f_07af69912bd1 0 33 {"key11755051261933": "value-3", "key21755051266435": "value-3", "key31755051267679": "value-3"}
2025-08-13 02:14:28,926 INFO  [io.api.tes.ser.api.KafkaSerdesTester] (Thread-667) topic-fe4fa365_475c_4dd4_ab9f_07af69912bd1 0 34 {"key11755051261933": "value-4", "key21755051266435": "value-4", "key31755051267679": "value-4"}
2025-08-13 02:14:28,926 INFO  [io.api.tes.ser.api.KafkaSerdesTester] (Thread-667) topic-fe4fa365_475c_4dd4_ab9f_07af69912bd1 0 35 {"key11755051261933": "value-5", "key21755051266435": "value-5", "key31755051267679": "value-5"}
2025-08-13 02:14:28,926 INFO  [io.api.tes.ser.api.KafkaSerdesTester] (Thread-667) topic-fe4fa365_475c_4dd4_ab9f_07af69912bd1 0 36 {"key11755051261933": "value-6", "key21755051266435": "value-6", "key31755051267679": "value-6"}
2025-08-13 02:14:28,926 INFO  [io.api.tes.ser.api.KafkaSerdesTester] (Thread-667) topic-fe4fa365_475c_4dd4_ab9f_07af69912bd1 0 37 {"key11755051261933": "value-7", "key21755051266435": "value-7", "key31755051267679": "value-7"}
2025-08-13 02:14:28,926 INFO  [io.api.tes.ser.api.KafkaSerdesTester] (Thread-667) topic-fe4fa365_475c_4dd4_ab9f_07af69912bd1 0 38 {"key11755051261933": "value-8", "key21755051266435": "value-8", "key31755051267679": "value-8"}
2025-08-13 02:14:28,927 INFO  [io.api.tes.ser.api.KafkaSerdesTester] (Thread-667) topic-fe4fa365_475c_4dd4_ab9f_07af69912bd1 0 39 {"key11755051261933": "value-9", "key21755051266435": "value-9", "key31755051267679": "value-9"}
2025-08-13 02:14:28,927 INFO  [io.api.tes.ser.api.KafkaSerdesTester] (Thread-667) topic-fe4fa365_475c_4dd4_ab9f_07af69912bd1 0 40 {"key11755051261933": "value-0", "key21755051266435": "value-0"}
2025-08-13 02:14:28,927 INFO  [io.api.tes.ser.api.KafkaSerdesTester] (Thread-667) topic-fe4fa365_475c_4dd4_ab9f_07af69912bd1 0 41 {"key11755051261933": "value-1", "key21755051266435": "value-1"}
2025-08-13 02:14:28,927 INFO  [io.api.tes.ser.api.KafkaSerdesTester] (Thread-667) topic-fe4fa365_475c_4dd4_ab9f_07af69912bd1 0 42 {"key11755051261933": "value-2", "key21755051266435": "value-2"}
2025-08-13 02:14:28,927 INFO  [io.api.tes.ser.api.KafkaSerdesTester] (Thread-667) topic-fe4fa365_475c_4dd4_ab9f_07af69912bd1 0 43 {"key11755051261933": "value-3", "key21755051266435": "value-3"}
2025-08-13 02:14:28,927 INFO  [io.api.tes.ser.api.KafkaSerdesTester] (Thread-667) topic-fe4fa365_475c_4dd4_ab9f_07af69912bd1 0 44 {"key11755051261933": "value-4", "key21755051266435": "value-4"}
2025-08-13 02:14:28,927 INFO  [io.api.tes.ser.api.KafkaSerdesTester] (Thread-667) topic-fe4fa365_475c_4dd4_ab9f_07af69912bd1 0 45 {"key11755051261933": "value-5", "key21755051266435": "value-5"}
2025-08-13 02:14:28,927 INFO  [io.api.tes.ser.api.KafkaSerdesTester] (Thread-667) topic-fe4fa365_475c_4dd4_ab9f_07af69912bd1 0 46 {"key11755051261933": "value-6", "key21755051266435": "value-6"}
2025-08-13 02:14:28,927 INFO  [io.api.tes.ser.api.KafkaSerdesTester] (Thread-667) topic-fe4fa365_475c_4dd4_ab9f_07af69912bd1 0 47 {"key11755051261933": "value-7", "key21755051266435": "value-7"}
2025-08-13 02:14:28,927 INFO  [io.api.tes.ser.api.KafkaSerdesTester] (Thread-667) topic-fe4fa365_475c_4dd4_ab9f_07af69912bd1 0 48 {"key11755051261933": "value-8", "key21755051266435": "value-8"}
2025-08-13 02:14:28,927 INFO  [io.api.tes.ser.api.KafkaSerdesTester] (Thread-667) topic-fe4fa365_475c_4dd4_ab9f_07af69912bd1 0 49 {"key11755051261933": "value-9", "key21755051266435": "value-9"}
2025-08-13 02:14:28,927 INFO  [io.api.tes.ser.api.KafkaSerdesTester] (Thread-667) topic-fe4fa365_475c_4dd4_ab9f_07af69912bd1 0 50 {"key11755051261933": "value-0"}
2025-08-13 02:14:28,927 INFO  [io.api.tes.ser.api.KafkaSerdesTester] (Thread-667) topic-fe4fa365_475c_4dd4_ab9f_07af69912bd1 0 51 {"key11755051261933": "value-1"}
2025-08-13 02:14:28,927 INFO  [io.api.tes.ser.api.KafkaSerdesTester] (Thread-667) topic-fe4fa365_475c_4dd4_ab9f_07af69912bd1 0 52 {"key11755051261933": "value-2"}
2025-08-13 02:14:28,927 INFO  [io.api.tes.ser.api.KafkaSerdesTester] (Thread-667) topic-fe4fa365_475c_4dd4_ab9f_07af69912bd1 0 53 {"key11755051261933": "value-3"}
2025-08-13 02:14:28,927 INFO  [io.api.tes.ser.api.KafkaSerdesTester] (Thread-667) topic-fe4fa365_475c_4dd4_ab9f_07af69912bd1 0 54 {"key11755051261933": "value-4"}
2025-08-13 02:14:28,927 INFO  [io.api.tes.ser.api.KafkaSerdesTester] (Thread-667) topic-fe4fa365_475c_4dd4_ab9f_07af69912bd1 0 55 {"key11755051261933": "value-5"}
2025-08-13 02:14:28,927 INFO  [io.api.tes.ser.api.KafkaSerdesTester] (Thread-667) topic-fe4fa365_475c_4dd4_ab9f_07af69912bd1 0 56 {"key11755051261933": "value-6"}
2025-08-13 02:14:28,927 INFO  [io.api.tes.ser.api.KafkaSerdesTester] (Thread-667) topic-fe4fa365_475c_4dd4_ab9f_07af69912bd1 0 57 {"key11755051261933": "value-7"}
2025-08-13 02:14:28,927 INFO  [io.api.tes.ser.api.KafkaSerdesTester] (Thread-667) topic-fe4fa365_475c_4dd4_ab9f_07af69912bd1 0 58 {"key11755051261933": "value-8"}
2025-08-13 02:14:28,927 INFO  [io.api.tes.ser.api.KafkaSerdesTester] (Thread-667) topic-fe4fa365_475c_4dd4_ab9f_07af69912bd1 0 59 {"key11755051261933": "value-9"}
2025-08-13 02:14:28,927 INFO  [io.api.tes.ser.api.KafkaSerdesTester] (Thread-667) Consumed 30 messages
2025-08-13 02:14:28,929 INFO  [org.apa.kaf.cli.pro.KafkaProducer] (main) [Producer clientId=Producer-topic-fe4fa365_475c_4dd4_ab9f_07af69912bd1] Closing the Kafka producer with timeoutMillis = 9223372036854775807 ms.
2025-08-13 02:14:28,933 INFO  [org.apa.kaf.com.met.Metrics] (main) Metrics scheduler closed
2025-08-13 02:14:28,933 INFO  [org.apa.kaf.com.met.Metrics] (main) Closing reporter org.apache.kafka.common.metrics.JmxReporter
2025-08-13 02:14:28,933 INFO  [org.apa.kaf.com.met.Metrics] (main) Closing reporter org.apache.kafka.common.telemetry.internals.ClientTelemetryReporter
2025-08-13 02:14:28,933 INFO  [org.apa.kaf.com.met.Metrics] (main) Metrics reporters closed
2025-08-13 02:14:28,933 INFO  [org.apa.kaf.com.uti.AppInfoParser] (main) App info kafka.producer for Producer-topic-fe4fa365_475c_4dd4_ab9f_07af69912bd1 unregistered
2025-08-13 02:14:28,945 INFO  [org.apa.kaf.cli.con.int.ConsumerRebalanceListenerInvoker] (main) [Consumer clientId=consumer-Consumer-topic-fe4fa365_475c_4dd4_ab9f_07af69912bd1-9, groupId=Consumer-topic-fe4fa365_475c_4dd4_ab9f_07af69912bd1] Revoke previously assigned partitions topic-fe4fa365_475c_4dd4_ab9f_07af69912bd1-0
2025-08-13 02:14:28,945 INFO  [org.apa.kaf.cli.con.int.ConsumerCoordinator] (main) [Consumer clientId=consumer-Consumer-topic-fe4fa365_475c_4dd4_ab9f_07af69912bd1-9, groupId=Consumer-topic-fe4fa365_475c_4dd4_ab9f_07af69912bd1] Member consumer-Consumer-topic-fe4fa365_475c_4dd4_ab9f_07af69912bd1-9-f187575d-ea8d-43e3-9941-88d3631df97b sending LeaveGroup request to coordinator localhost:32769 (id: 2147483647 rack: null) due to the consumer is being closed
2025-08-13 02:14:28,946 INFO  [org.apa.kaf.cli.con.int.ConsumerCoordinator] (main) [Consumer clientId=consumer-Consumer-topic-fe4fa365_475c_4dd4_ab9f_07af69912bd1-9, groupId=Consumer-topic-fe4fa365_475c_4dd4_ab9f_07af69912bd1] Resetting generation and member id due to: consumer pro-actively leaving the group
2025-08-13 02:14:28,946 INFO  [org.apa.kaf.cli.con.int.ConsumerCoordinator] (main) [Consumer clientId=consumer-Consumer-topic-fe4fa365_475c_4dd4_ab9f_07af69912bd1-9, groupId=Consumer-topic-fe4fa365_475c_4dd4_ab9f_07af69912bd1] Request joining group due to: consumer pro-actively leaving the group
2025-08-13 02:14:29,433 INFO  [org.apa.kaf.com.met.Metrics] (main) Metrics scheduler closed
2025-08-13 02:14:29,433 INFO  [org.apa.kaf.com.met.Metrics] (main) Closing reporter org.apache.kafka.common.metrics.JmxReporter
2025-08-13 02:14:29,433 INFO  [org.apa.kaf.com.met.Metrics] (main) Closing reporter org.apache.kafka.common.telemetry.internals.ClientTelemetryReporter
2025-08-13 02:14:29,433 INFO  [org.apa.kaf.com.met.Metrics] (main) Metrics reporters closed
2025-08-13 02:14:29,436 INFO  [org.apa.kaf.com.uti.AppInfoParser] (main) App info kafka.consumer for consumer-Consumer-topic-fe4fa365_475c_4dd4_ab9f_07af69912bd1-9 unregistered
2025-08-13 02:14:29,436 INFO  [io.api.tes.uti.TestSeparator] (main) io.apicurio.tests.serdes.apicurio.AvroSerdeIT.testEvolveAvroApicurioReusingClient-FINISHED
2025-08-13 02:14:29,436 INFO  [io.api.tes.uti.TestSeparator] (main) ############################################################################
Test passed: testEvolveAvroApicurioReusingClient
]]></system-out>
  </testcase>
  <testcase name="testProducerUsesDefaultConsumerUsesGlobalId" classname="io.apicurio.tests.serdes.apicurio.AvroSerdeIT" time="0.0">
    <skipped message="void io.apicurio.tests.serdes.apicurio.AvroSerdeIT.testProducerUsesDefaultConsumerUsesGlobalId() throws java.lang.Exception is @Disabled"/>
  </testcase>
  <testcase name="testEvolveAvroApicurio" classname="io.apicurio.tests.serdes.apicurio.AvroSerdeIT" time="14.917">
    <system-out><![CDATA[2025-08-13 02:14:29,442 INFO  [io.api.tes.uti.TestSeparator] (main) ############################################################################
2025-08-13 02:14:29,442 INFO  [io.api.tes.uti.TestSeparator] (main) io.apicurio.tests.serdes.apicurio.AvroSerdeIT.testEvolveAvroApicurio-STARTED
2025-08-13 02:14:29,447 INFO  [io.api.tes.ser.api.AvroSerdeIT] (main) Registering Avro Schema: {"type":"record","name":"s294629e5xf6b6x4315xb024xa7b7d467025a","namespace":"ns_7201dd2d_a38f_4b8e_b5a0_1dfc0dbb4afb","fields":[{"name":"key11755051269447","type":"string"}]}
**** Registry Base URL: http://registry-app-pg17.apps.ci419.apicurio-testing.org:80
2025-08-13 02:14:30,529 INFO  [org.apa.kaf.cli.pro.ProducerConfig] (main) ProducerConfig values: 
	acks = -1
	auto.include.jmx.reporter = true
	batch.size = 16384
	bootstrap.servers = [PLAINTEXT://localhost:32769]
	buffer.memory = 33554432
	client.dns.lookup = use_all_dns_ips
	client.id = Producer-topic-58811226_71bc_48b7_99d8_860d9adc4eb1
	compression.gzip.level = -1
	compression.lz4.level = 9
	compression.type = none
	compression.zstd.level = 3
	connections.max.idle.ms = 10000
	delivery.timeout.ms = 120000
	enable.idempotence = true
	enable.metrics.push = true
	interceptor.classes = []
	key.serializer = class org.apache.kafka.common.serialization.StringSerializer
	linger.ms = 0
	max.block.ms = 60000
	max.in.flight.requests.per.connection = 5
	max.request.size = 1048576
	metadata.max.age.ms = 300000
	metadata.max.idle.ms = 300000
	metadata.recovery.strategy = none
	metric.reporters = []
	metrics.num.samples = 2
	metrics.recording.level = INFO
	metrics.sample.window.ms = 30000
	partitioner.adaptive.partitioning.enable = true
	partitioner.availability.timeout.ms = 0
	partitioner.class = null
	partitioner.ignore.keys = false
	receive.buffer.bytes = 32768
	reconnect.backoff.max.ms = 1000
	reconnect.backoff.ms = 50
	request.timeout.ms = 5000
	retries = 2147483647
	retry.backoff.max.ms = 1000
	retry.backoff.ms = 100
	sasl.client.callback.handler.class = null
	sasl.jaas.config = null
	sasl.kerberos.kinit.cmd = /usr/bin/kinit
	sasl.kerberos.min.time.before.relogin = 60000
	sasl.kerberos.service.name = null
	sasl.kerberos.ticket.renew.jitter = 0.05
	sasl.kerberos.ticket.renew.window.factor = 0.8
	sasl.login.callback.handler.class = null
	sasl.login.class = null
	sasl.login.connect.timeout.ms = null
	sasl.login.read.timeout.ms = null
	sasl.login.refresh.buffer.seconds = 300
	sasl.login.refresh.min.period.seconds = 60
	sasl.login.refresh.window.factor = 0.8
	sasl.login.refresh.window.jitter = 0.05
	sasl.login.retry.backoff.max.ms = 10000
	sasl.login.retry.backoff.ms = 100
	sasl.mechanism = GSSAPI
	sasl.oauthbearer.clock.skew.seconds = 30
	sasl.oauthbearer.expected.audience = null
	sasl.oauthbearer.expected.issuer = null
	sasl.oauthbearer.header.urlencode = false
	sasl.oauthbearer.jwks.endpoint.refresh.ms = 3600000
	sasl.oauthbearer.jwks.endpoint.retry.backoff.max.ms = 10000
	sasl.oauthbearer.jwks.endpoint.retry.backoff.ms = 100
	sasl.oauthbearer.jwks.endpoint.url = null
	sasl.oauthbearer.scope.claim.name = scope
	sasl.oauthbearer.sub.claim.name = sub
	sasl.oauthbearer.token.endpoint.url = null
	security.protocol = PLAINTEXT
	security.providers = null
	send.buffer.bytes = 131072
	socket.connection.setup.timeout.max.ms = 30000
	socket.connection.setup.timeout.ms = 10000
	ssl.cipher.suites = null
	ssl.enabled.protocols = [TLSv1.2, TLSv1.3]
	ssl.endpoint.identification.algorithm = https
	ssl.engine.factory.class = null
	ssl.key.password = null
	ssl.keymanager.algorithm = SunX509
	ssl.keystore.certificate.chain = null
	ssl.keystore.key = null
	ssl.keystore.location = null
	ssl.keystore.password = null
	ssl.keystore.type = JKS
	ssl.protocol = TLSv1.3
	ssl.provider = null
	ssl.secure.random.implementation = null
	ssl.trustmanager.algorithm = PKIX
	ssl.truststore.certificates = null
	ssl.truststore.location = null
	ssl.truststore.password = null
	ssl.truststore.type = JKS
	transaction.timeout.ms = 60000
	transactional.id = null
	value.serializer = class io.apicurio.registry.serde.avro.AvroKafkaSerializer

2025-08-13 02:14:30,529 INFO  [org.apa.kaf.com.tel.int.KafkaMetricsCollector] (main) initializing Kafka metrics collector
2025-08-13 02:14:30,533 INFO  [org.apa.kaf.cli.pro.KafkaProducer] (main) [Producer clientId=Producer-topic-58811226_71bc_48b7_99d8_860d9adc4eb1] Instantiated an idempotent producer.
2025-08-13 02:14:30,536 INFO  [org.apa.kaf.cli.pro.ProducerConfig] (main) These configurations '[apicurio.registry.url, apicurio.registry.artifact-resolver-strategy]' were supplied but are not used yet.
2025-08-13 02:14:30,536 INFO  [org.apa.kaf.com.uti.AppInfoParser] (main) Kafka version: 3.9.1
2025-08-13 02:14:30,536 INFO  [org.apa.kaf.com.uti.AppInfoParser] (main) Kafka commitId: f745dfdcee2b9851
2025-08-13 02:14:30,536 INFO  [org.apa.kaf.com.uti.AppInfoParser] (main) Kafka startTimeMs: 1755051270536
**** Registry Base URL: http://registry-app-pg17.apps.ci419.apicurio-testing.org:80
2025-08-13 02:14:30,537 INFO  [org.apa.kaf.cli.con.ConsumerConfig] (main) ConsumerConfig values: 
	allow.auto.create.topics = true
	auto.commit.interval.ms = 500
	auto.include.jmx.reporter = true
	auto.offset.reset = earliest
	bootstrap.servers = [PLAINTEXT://localhost:32769]
	check.crcs = true
	client.dns.lookup = use_all_dns_ips
	client.id = consumer-Consumer-topic-58811226_71bc_48b7_99d8_860d9adc4eb1-10
	client.rack = 
	connections.max.idle.ms = 10000
	default.api.timeout.ms = 60000
	enable.auto.commit = true
	enable.metrics.push = true
	exclude.internal.topics = true
	fetch.max.bytes = 52428800
	fetch.max.wait.ms = 500
	fetch.min.bytes = 1
	group.id = Consumer-topic-58811226_71bc_48b7_99d8_860d9adc4eb1
	group.instance.id = null
	group.protocol = classic
	group.remote.assignor = null
	heartbeat.interval.ms = 3000
	interceptor.classes = []
	internal.leave.group.on.close = true
	internal.throw.on.fetch.stable.offset.unsupported = false
	isolation.level = read_uncommitted
	key.deserializer = class org.apache.kafka.common.serialization.StringDeserializer
	max.partition.fetch.bytes = 1048576
	max.poll.interval.ms = 300000
	max.poll.records = 500
	metadata.max.age.ms = 300000
	metadata.recovery.strategy = none
	metric.reporters = []
	metrics.num.samples = 2
	metrics.recording.level = INFO
	metrics.sample.window.ms = 30000
	partition.assignment.strategy = [class org.apache.kafka.clients.consumer.RangeAssignor, class org.apache.kafka.clients.consumer.CooperativeStickyAssignor]
	receive.buffer.bytes = 65536
	reconnect.backoff.max.ms = 1000
	reconnect.backoff.ms = 50
	request.timeout.ms = 5000
	retry.backoff.max.ms = 1000
	retry.backoff.ms = 100
	sasl.client.callback.handler.class = null
	sasl.jaas.config = null
	sasl.kerberos.kinit.cmd = /usr/bin/kinit
	sasl.kerberos.min.time.before.relogin = 60000
	sasl.kerberos.service.name = null
	sasl.kerberos.ticket.renew.jitter = 0.05
	sasl.kerberos.ticket.renew.window.factor = 0.8
	sasl.login.callback.handler.class = null
	sasl.login.class = null
	sasl.login.connect.timeout.ms = null
	sasl.login.read.timeout.ms = null
	sasl.login.refresh.buffer.seconds = 300
	sasl.login.refresh.min.period.seconds = 60
	sasl.login.refresh.window.factor = 0.8
	sasl.login.refresh.window.jitter = 0.05
	sasl.login.retry.backoff.max.ms = 10000
	sasl.login.retry.backoff.ms = 100
	sasl.mechanism = GSSAPI
	sasl.oauthbearer.clock.skew.seconds = 30
	sasl.oauthbearer.expected.audience = null
	sasl.oauthbearer.expected.issuer = null
	sasl.oauthbearer.header.urlencode = false
	sasl.oauthbearer.jwks.endpoint.refresh.ms = 3600000
	sasl.oauthbearer.jwks.endpoint.retry.backoff.max.ms = 10000
	sasl.oauthbearer.jwks.endpoint.retry.backoff.ms = 100
	sasl.oauthbearer.jwks.endpoint.url = null
	sasl.oauthbearer.scope.claim.name = scope
	sasl.oauthbearer.sub.claim.name = sub
	sasl.oauthbearer.token.endpoint.url = null
	security.protocol = PLAINTEXT
	security.providers = null
	send.buffer.bytes = 131072
	session.timeout.ms = 45000
	socket.connection.setup.timeout.max.ms = 30000
	socket.connection.setup.timeout.ms = 10000
	ssl.cipher.suites = null
	ssl.enabled.protocols = [TLSv1.2, TLSv1.3]
	ssl.endpoint.identification.algorithm = https
	ssl.engine.factory.class = null
	ssl.key.password = null
	ssl.keymanager.algorithm = SunX509
	ssl.keystore.certificate.chain = null
	ssl.keystore.key = null
	ssl.keystore.location = null
	ssl.keystore.password = null
	ssl.keystore.type = JKS
	ssl.protocol = TLSv1.3
	ssl.provider = null
	ssl.secure.random.implementation = null
	ssl.trustmanager.algorithm = PKIX
	ssl.truststore.certificates = null
	ssl.truststore.location = null
	ssl.truststore.password = null
	ssl.truststore.type = JKS
	value.deserializer = class io.apicurio.registry.serde.avro.AvroKafkaDeserializer

2025-08-13 02:14:30,537 INFO  [org.apa.kaf.com.tel.int.KafkaMetricsCollector] (main) initializing Kafka metrics collector
2025-08-13 02:14:30,542 INFO  [org.apa.kaf.cli.Metadata] (kafka-producer-network-thread | Producer-topic-58811226_71bc_48b7_99d8_860d9adc4eb1) [Producer clientId=Producer-topic-58811226_71bc_48b7_99d8_860d9adc4eb1] Cluster ID: NjaB_jQRSOy2vs25Uo6hCg
2025-08-13 02:14:30,542 INFO  [org.apa.kaf.cli.pro.int.TransactionManager] (kafka-producer-network-thread | Producer-topic-58811226_71bc_48b7_99d8_860d9adc4eb1) [Producer clientId=Producer-topic-58811226_71bc_48b7_99d8_860d9adc4eb1] ProducerId set to 12 with epoch 0
2025-08-13 02:14:30,549 INFO  [org.apa.kaf.cli.con.ConsumerConfig] (main) These configurations '[apicurio.registry.url]' were supplied but are not used yet.
2025-08-13 02:14:30,549 INFO  [org.apa.kaf.com.uti.AppInfoParser] (main) Kafka version: 3.9.1
2025-08-13 02:14:30,549 INFO  [org.apa.kaf.com.uti.AppInfoParser] (main) Kafka commitId: f745dfdcee2b9851
2025-08-13 02:14:30,549 INFO  [org.apa.kaf.com.uti.AppInfoParser] (main) Kafka startTimeMs: 1755051270549
2025-08-13 02:14:30,549 INFO  [io.api.tes.ser.api.KafkaSerdesTester] (Thread-672) Sending message {"key11755051269447": "value-0"} to topic topic-58811226_71bc_48b7_99d8_860d9adc4eb1
2025-08-13 02:14:30,555 INFO  [DefaultSchemaResolver] (Thread-672) Retrieving schema content using string: {"type":"record","name":"s294629e5xf6b6x4315xb024xa7b7d467025a","namespace":"ns_7201dd2d_a38f_4b8e_b5a0_1dfc0dbb4afb","fields":[{"name":"key11755051269447","type":"string"}]}
2025-08-13 02:14:30,612 INFO  [io.api.tes.ser.api.KafkaSerdesTester] (Thread-672) Sending message {"key11755051269447": "value-1"} to topic topic-58811226_71bc_48b7_99d8_860d9adc4eb1
2025-08-13 02:14:30,614 INFO  [io.api.tes.ser.api.KafkaSerdesTester] (Thread-672) Sending message {"key11755051269447": "value-2"} to topic topic-58811226_71bc_48b7_99d8_860d9adc4eb1
2025-08-13 02:14:30,616 INFO  [io.api.tes.ser.api.KafkaSerdesTester] (Thread-672) Sending message {"key11755051269447": "value-3"} to topic topic-58811226_71bc_48b7_99d8_860d9adc4eb1
2025-08-13 02:14:30,621 INFO  [io.api.tes.ser.api.KafkaSerdesTester] (Thread-672) Sending message {"key11755051269447": "value-4"} to topic topic-58811226_71bc_48b7_99d8_860d9adc4eb1
2025-08-13 02:14:30,623 INFO  [io.api.tes.ser.api.KafkaSerdesTester] (Thread-672) Sending message {"key11755051269447": "value-5"} to topic topic-58811226_71bc_48b7_99d8_860d9adc4eb1
2025-08-13 02:14:30,628 INFO  [io.api.tes.ser.api.KafkaSerdesTester] (Thread-672) Sending message {"key11755051269447": "value-6"} to topic topic-58811226_71bc_48b7_99d8_860d9adc4eb1
2025-08-13 02:14:30,632 INFO  [io.api.tes.ser.api.KafkaSerdesTester] (Thread-672) Sending message {"key11755051269447": "value-7"} to topic topic-58811226_71bc_48b7_99d8_860d9adc4eb1
2025-08-13 02:14:30,634 INFO  [io.api.tes.ser.api.KafkaSerdesTester] (Thread-672) Sending message {"key11755051269447": "value-8"} to topic topic-58811226_71bc_48b7_99d8_860d9adc4eb1
2025-08-13 02:14:30,639 INFO  [io.api.tes.ser.api.KafkaSerdesTester] (Thread-672) Sending message {"key11755051269447": "value-9"} to topic topic-58811226_71bc_48b7_99d8_860d9adc4eb1
2025-08-13 02:14:30,640 INFO  [io.api.tes.ser.api.KafkaSerdesTester] (Thread-672) Produced 10 messages
2025-08-13 02:14:30,640 INFO  [org.apa.kaf.cli.pro.KafkaProducer] (Thread-672) [Producer clientId=Producer-topic-58811226_71bc_48b7_99d8_860d9adc4eb1] Closing the Kafka producer with timeoutMillis = 9223372036854775807 ms.
2025-08-13 02:14:30,646 INFO  [org.apa.kaf.com.met.Metrics] (Thread-672) Metrics scheduler closed
2025-08-13 02:14:30,646 INFO  [org.apa.kaf.com.met.Metrics] (Thread-672) Closing reporter org.apache.kafka.common.metrics.JmxReporter
2025-08-13 02:14:30,646 INFO  [org.apa.kaf.com.met.Metrics] (Thread-672) Closing reporter org.apache.kafka.common.telemetry.internals.ClientTelemetryReporter
2025-08-13 02:14:30,646 INFO  [org.apa.kaf.com.met.Metrics] (Thread-672) Metrics reporters closed
2025-08-13 02:14:30,646 INFO  [org.apa.kaf.com.uti.AppInfoParser] (Thread-672) App info kafka.producer for Producer-topic-58811226_71bc_48b7_99d8_860d9adc4eb1 unregistered
2025-08-13 02:14:30,647 INFO  [org.apa.kaf.cli.con.int.ClassicKafkaConsumer] (Thread-673) [Consumer clientId=consumer-Consumer-topic-58811226_71bc_48b7_99d8_860d9adc4eb1-10, groupId=Consumer-topic-58811226_71bc_48b7_99d8_860d9adc4eb1] Subscribed to topic(s): topic-58811226_71bc_48b7_99d8_860d9adc4eb1
2025-08-13 02:14:30,655 INFO  [org.apa.kaf.cli.Metadata] (Thread-673) [Consumer clientId=consumer-Consumer-topic-58811226_71bc_48b7_99d8_860d9adc4eb1-10, groupId=Consumer-topic-58811226_71bc_48b7_99d8_860d9adc4eb1] Cluster ID: NjaB_jQRSOy2vs25Uo6hCg
2025-08-13 02:14:30,656 INFO  [org.apa.kaf.cli.con.int.ConsumerCoordinator] (Thread-673) [Consumer clientId=consumer-Consumer-topic-58811226_71bc_48b7_99d8_860d9adc4eb1-10, groupId=Consumer-topic-58811226_71bc_48b7_99d8_860d9adc4eb1] Discovered group coordinator localhost:32769 (id: 2147483647 rack: null)
2025-08-13 02:14:30,660 INFO  [org.apa.kaf.cli.con.int.ConsumerCoordinator] (Thread-673) [Consumer clientId=consumer-Consumer-topic-58811226_71bc_48b7_99d8_860d9adc4eb1-10, groupId=Consumer-topic-58811226_71bc_48b7_99d8_860d9adc4eb1] (Re-)joining group
2025-08-13 02:14:30,666 INFO  [org.apa.kaf.cli.con.int.ConsumerCoordinator] (Thread-673) [Consumer clientId=consumer-Consumer-topic-58811226_71bc_48b7_99d8_860d9adc4eb1-10, groupId=Consumer-topic-58811226_71bc_48b7_99d8_860d9adc4eb1] Request joining group due to: need to re-join with the given member-id: consumer-Consumer-topic-58811226_71bc_48b7_99d8_860d9adc4eb1-10-52847641-a2ba-41f7-bb1e-9a7056305c3b
2025-08-13 02:14:30,666 INFO  [org.apa.kaf.cli.con.int.ConsumerCoordinator] (Thread-673) [Consumer clientId=consumer-Consumer-topic-58811226_71bc_48b7_99d8_860d9adc4eb1-10, groupId=Consumer-topic-58811226_71bc_48b7_99d8_860d9adc4eb1] (Re-)joining group
2025-08-13 02:14:31,647 INFO  [io.api.tes.ser.api.KafkaSerdesTester] (Thread-673) None found
2025-08-13 02:14:32,647 INFO  [io.api.tes.ser.api.KafkaSerdesTester] (Thread-673) None found
2025-08-13 02:14:33,649 INFO  [io.api.tes.ser.api.KafkaSerdesTester] (Thread-673) None found
2025-08-13 02:14:33,668 INFO  [org.apa.kaf.cli.con.int.ConsumerCoordinator] (Thread-673) [Consumer clientId=consumer-Consumer-topic-58811226_71bc_48b7_99d8_860d9adc4eb1-10, groupId=Consumer-topic-58811226_71bc_48b7_99d8_860d9adc4eb1] Successfully joined group with generation Generation{generationId=1, memberId='consumer-Consumer-topic-58811226_71bc_48b7_99d8_860d9adc4eb1-10-52847641-a2ba-41f7-bb1e-9a7056305c3b', protocol='range'}
2025-08-13 02:14:33,669 INFO  [org.apa.kaf.cli.con.int.ConsumerCoordinator] (Thread-673) [Consumer clientId=consumer-Consumer-topic-58811226_71bc_48b7_99d8_860d9adc4eb1-10, groupId=Consumer-topic-58811226_71bc_48b7_99d8_860d9adc4eb1] Finished assignment for group at generation 1: {consumer-Consumer-topic-58811226_71bc_48b7_99d8_860d9adc4eb1-10-52847641-a2ba-41f7-bb1e-9a7056305c3b=Assignment(partitions=[topic-58811226_71bc_48b7_99d8_860d9adc4eb1-0])}
2025-08-13 02:14:33,676 INFO  [org.apa.kaf.cli.con.int.ConsumerCoordinator] (Thread-673) [Consumer clientId=consumer-Consumer-topic-58811226_71bc_48b7_99d8_860d9adc4eb1-10, groupId=Consumer-topic-58811226_71bc_48b7_99d8_860d9adc4eb1] Successfully synced group in generation Generation{generationId=1, memberId='consumer-Consumer-topic-58811226_71bc_48b7_99d8_860d9adc4eb1-10-52847641-a2ba-41f7-bb1e-9a7056305c3b', protocol='range'}
2025-08-13 02:14:33,676 INFO  [org.apa.kaf.cli.con.int.ConsumerCoordinator] (Thread-673) [Consumer clientId=consumer-Consumer-topic-58811226_71bc_48b7_99d8_860d9adc4eb1-10, groupId=Consumer-topic-58811226_71bc_48b7_99d8_860d9adc4eb1] Notifying assignor about the new Assignment(partitions=[topic-58811226_71bc_48b7_99d8_860d9adc4eb1-0])
2025-08-13 02:14:33,676 INFO  [org.apa.kaf.cli.con.int.ConsumerRebalanceListenerInvoker] (Thread-673) [Consumer clientId=consumer-Consumer-topic-58811226_71bc_48b7_99d8_860d9adc4eb1-10, groupId=Consumer-topic-58811226_71bc_48b7_99d8_860d9adc4eb1] Adding newly assigned partitions: topic-58811226_71bc_48b7_99d8_860d9adc4eb1-0
2025-08-13 02:14:33,677 INFO  [org.apa.kaf.cli.con.int.ConsumerCoordinator] (Thread-673) [Consumer clientId=consumer-Consumer-topic-58811226_71bc_48b7_99d8_860d9adc4eb1-10, groupId=Consumer-topic-58811226_71bc_48b7_99d8_860d9adc4eb1] Found no committed offset for partition topic-58811226_71bc_48b7_99d8_860d9adc4eb1-0
2025-08-13 02:14:33,682 INFO  [org.apa.kaf.cli.con.int.SubscriptionState] (Thread-673) [Consumer clientId=consumer-Consumer-topic-58811226_71bc_48b7_99d8_860d9adc4eb1-10, groupId=Consumer-topic-58811226_71bc_48b7_99d8_860d9adc4eb1] Resetting offset for partition topic-58811226_71bc_48b7_99d8_860d9adc4eb1-0 to position FetchPosition{offset=0, offsetEpoch=Optional.empty, currentLeader=LeaderAndEpoch{leader=Optional[localhost:32769 (id: 0 rack: null)], epoch=0}}.
2025-08-13 02:14:33,766 INFO  [io.api.tes.ser.api.KafkaSerdesTester] (Thread-673) topic-58811226_71bc_48b7_99d8_860d9adc4eb1 0 0 {"key11755051269447": "value-0"}
2025-08-13 02:14:33,767 INFO  [io.api.tes.ser.api.KafkaSerdesTester] (Thread-673) topic-58811226_71bc_48b7_99d8_860d9adc4eb1 0 1 {"key11755051269447": "value-1"}
2025-08-13 02:14:33,767 INFO  [io.api.tes.ser.api.KafkaSerdesTester] (Thread-673) topic-58811226_71bc_48b7_99d8_860d9adc4eb1 0 2 {"key11755051269447": "value-2"}
2025-08-13 02:14:33,767 INFO  [io.api.tes.ser.api.KafkaSerdesTester] (Thread-673) topic-58811226_71bc_48b7_99d8_860d9adc4eb1 0 3 {"key11755051269447": "value-3"}
2025-08-13 02:14:33,767 INFO  [io.api.tes.ser.api.KafkaSerdesTester] (Thread-673) topic-58811226_71bc_48b7_99d8_860d9adc4eb1 0 4 {"key11755051269447": "value-4"}
2025-08-13 02:14:33,767 INFO  [io.api.tes.ser.api.KafkaSerdesTester] (Thread-673) topic-58811226_71bc_48b7_99d8_860d9adc4eb1 0 5 {"key11755051269447": "value-5"}
2025-08-13 02:14:33,767 INFO  [io.api.tes.ser.api.KafkaSerdesTester] (Thread-673) topic-58811226_71bc_48b7_99d8_860d9adc4eb1 0 6 {"key11755051269447": "value-6"}
2025-08-13 02:14:33,767 INFO  [io.api.tes.ser.api.KafkaSerdesTester] (Thread-673) topic-58811226_71bc_48b7_99d8_860d9adc4eb1 0 7 {"key11755051269447": "value-7"}
2025-08-13 02:14:33,767 INFO  [io.api.tes.ser.api.KafkaSerdesTester] (Thread-673) topic-58811226_71bc_48b7_99d8_860d9adc4eb1 0 8 {"key11755051269447": "value-8"}
2025-08-13 02:14:33,767 INFO  [io.api.tes.ser.api.KafkaSerdesTester] (Thread-673) topic-58811226_71bc_48b7_99d8_860d9adc4eb1 0 9 {"key11755051269447": "value-9"}
2025-08-13 02:14:33,767 INFO  [io.api.tes.ser.api.KafkaSerdesTester] (Thread-673) Consumed 10 messages
2025-08-13 02:14:33,774 INFO  [org.apa.kaf.cli.con.int.ConsumerRebalanceListenerInvoker] (Thread-673) [Consumer clientId=consumer-Consumer-topic-58811226_71bc_48b7_99d8_860d9adc4eb1-10, groupId=Consumer-topic-58811226_71bc_48b7_99d8_860d9adc4eb1] Revoke previously assigned partitions topic-58811226_71bc_48b7_99d8_860d9adc4eb1-0
2025-08-13 02:14:33,774 INFO  [org.apa.kaf.cli.con.int.ConsumerCoordinator] (Thread-673) [Consumer clientId=consumer-Consumer-topic-58811226_71bc_48b7_99d8_860d9adc4eb1-10, groupId=Consumer-topic-58811226_71bc_48b7_99d8_860d9adc4eb1] Member consumer-Consumer-topic-58811226_71bc_48b7_99d8_860d9adc4eb1-10-52847641-a2ba-41f7-bb1e-9a7056305c3b sending LeaveGroup request to coordinator localhost:32769 (id: 2147483647 rack: null) due to the consumer is being closed
2025-08-13 02:14:33,775 INFO  [org.apa.kaf.cli.con.int.ConsumerCoordinator] (Thread-673) [Consumer clientId=consumer-Consumer-topic-58811226_71bc_48b7_99d8_860d9adc4eb1-10, groupId=Consumer-topic-58811226_71bc_48b7_99d8_860d9adc4eb1] Resetting generation and member id due to: consumer pro-actively leaving the group
2025-08-13 02:14:33,775 INFO  [org.apa.kaf.cli.con.int.ConsumerCoordinator] (Thread-673) [Consumer clientId=consumer-Consumer-topic-58811226_71bc_48b7_99d8_860d9adc4eb1-10, groupId=Consumer-topic-58811226_71bc_48b7_99d8_860d9adc4eb1] Request joining group due to: consumer pro-actively leaving the group
2025-08-13 02:14:34,269 INFO  [org.apa.kaf.com.met.Metrics] (Thread-673) Metrics scheduler closed
2025-08-13 02:14:34,269 INFO  [org.apa.kaf.com.met.Metrics] (Thread-673) Closing reporter org.apache.kafka.common.metrics.JmxReporter
2025-08-13 02:14:34,269 INFO  [org.apa.kaf.com.met.Metrics] (Thread-673) Closing reporter org.apache.kafka.common.telemetry.internals.ClientTelemetryReporter
2025-08-13 02:14:34,269 INFO  [org.apa.kaf.com.met.Metrics] (Thread-673) Metrics reporters closed
2025-08-13 02:14:34,272 INFO  [org.apa.kaf.com.uti.AppInfoParser] (Thread-673) App info kafka.consumer for consumer-Consumer-topic-58811226_71bc_48b7_99d8_860d9adc4eb1-10 unregistered
2025-08-13 02:14:34,272 INFO  [io.api.tes.ser.api.AvroSerdeIT] (main) Registering Avro Schema 2: {"type":"record","name":"s294629e5xf6b6x4315xb024xa7b7d467025a","namespace":"ns_7201dd2d_a38f_4b8e_b5a0_1dfc0dbb4afb","fields":[{"name":"key11755051269447","type":"string"},{"name":"key21755051274272","type":"string"}]}
**** Registry Base URL: http://registry-app-pg17.apps.ci419.apicurio-testing.org:80
2025-08-13 02:14:35,356 INFO  [org.apa.kaf.cli.pro.ProducerConfig] (main) ProducerConfig values: 
	acks = -1
	auto.include.jmx.reporter = true
	batch.size = 16384
	bootstrap.servers = [PLAINTEXT://localhost:32769]
	buffer.memory = 33554432
	client.dns.lookup = use_all_dns_ips
	client.id = Producer-topic-58811226_71bc_48b7_99d8_860d9adc4eb1
	compression.gzip.level = -1
	compression.lz4.level = 9
	compression.type = none
	compression.zstd.level = 3
	connections.max.idle.ms = 10000
	delivery.timeout.ms = 120000
	enable.idempotence = true
	enable.metrics.push = true
	interceptor.classes = []
	key.serializer = class org.apache.kafka.common.serialization.StringSerializer
	linger.ms = 0
	max.block.ms = 60000
	max.in.flight.requests.per.connection = 5
	max.request.size = 1048576
	metadata.max.age.ms = 300000
	metadata.max.idle.ms = 300000
	metadata.recovery.strategy = none
	metric.reporters = []
	metrics.num.samples = 2
	metrics.recording.level = INFO
	metrics.sample.window.ms = 30000
	partitioner.adaptive.partitioning.enable = true
	partitioner.availability.timeout.ms = 0
	partitioner.class = null
	partitioner.ignore.keys = false
	receive.buffer.bytes = 32768
	reconnect.backoff.max.ms = 1000
	reconnect.backoff.ms = 50
	request.timeout.ms = 5000
	retries = 2147483647
	retry.backoff.max.ms = 1000
	retry.backoff.ms = 100
	sasl.client.callback.handler.class = null
	sasl.jaas.config = null
	sasl.kerberos.kinit.cmd = /usr/bin/kinit
	sasl.kerberos.min.time.before.relogin = 60000
	sasl.kerberos.service.name = null
	sasl.kerberos.ticket.renew.jitter = 0.05
	sasl.kerberos.ticket.renew.window.factor = 0.8
	sasl.login.callback.handler.class = null
	sasl.login.class = null
	sasl.login.connect.timeout.ms = null
	sasl.login.read.timeout.ms = null
	sasl.login.refresh.buffer.seconds = 300
	sasl.login.refresh.min.period.seconds = 60
	sasl.login.refresh.window.factor = 0.8
	sasl.login.refresh.window.jitter = 0.05
	sasl.login.retry.backoff.max.ms = 10000
	sasl.login.retry.backoff.ms = 100
	sasl.mechanism = GSSAPI
	sasl.oauthbearer.clock.skew.seconds = 30
	sasl.oauthbearer.expected.audience = null
	sasl.oauthbearer.expected.issuer = null
	sasl.oauthbearer.header.urlencode = false
	sasl.oauthbearer.jwks.endpoint.refresh.ms = 3600000
	sasl.oauthbearer.jwks.endpoint.retry.backoff.max.ms = 10000
	sasl.oauthbearer.jwks.endpoint.retry.backoff.ms = 100
	sasl.oauthbearer.jwks.endpoint.url = null
	sasl.oauthbearer.scope.claim.name = scope
	sasl.oauthbearer.sub.claim.name = sub
	sasl.oauthbearer.token.endpoint.url = null
	security.protocol = PLAINTEXT
	security.providers = null
	send.buffer.bytes = 131072
	socket.connection.setup.timeout.max.ms = 30000
	socket.connection.setup.timeout.ms = 10000
	ssl.cipher.suites = null
	ssl.enabled.protocols = [TLSv1.2, TLSv1.3]
	ssl.endpoint.identification.algorithm = https
	ssl.engine.factory.class = null
	ssl.key.password = null
	ssl.keymanager.algorithm = SunX509
	ssl.keystore.certificate.chain = null
	ssl.keystore.key = null
	ssl.keystore.location = null
	ssl.keystore.password = null
	ssl.keystore.type = JKS
	ssl.protocol = TLSv1.3
	ssl.provider = null
	ssl.secure.random.implementation = null
	ssl.trustmanager.algorithm = PKIX
	ssl.truststore.certificates = null
	ssl.truststore.location = null
	ssl.truststore.password = null
	ssl.truststore.type = JKS
	transaction.timeout.ms = 60000
	transactional.id = null
	value.serializer = class io.apicurio.registry.serde.avro.AvroKafkaSerializer

2025-08-13 02:14:35,356 INFO  [org.apa.kaf.com.tel.int.KafkaMetricsCollector] (main) initializing Kafka metrics collector
2025-08-13 02:14:35,360 INFO  [org.apa.kaf.cli.pro.KafkaProducer] (main) [Producer clientId=Producer-topic-58811226_71bc_48b7_99d8_860d9adc4eb1] Instantiated an idempotent producer.
2025-08-13 02:14:35,362 INFO  [org.apa.kaf.cli.pro.ProducerConfig] (main) These configurations '[apicurio.registry.url, apicurio.registry.artifact-resolver-strategy]' were supplied but are not used yet.
2025-08-13 02:14:35,362 INFO  [org.apa.kaf.com.uti.AppInfoParser] (main) Kafka version: 3.9.1
2025-08-13 02:14:35,362 INFO  [org.apa.kaf.com.uti.AppInfoParser] (main) Kafka commitId: f745dfdcee2b9851
2025-08-13 02:14:35,362 INFO  [org.apa.kaf.com.uti.AppInfoParser] (main) Kafka startTimeMs: 1755051275362
2025-08-13 02:14:35,363 INFO  [io.api.tes.ser.api.KafkaSerdesTester] (Thread-676) Sending message {"key11755051269447": "value-0", "key21755051274272": "value-0"} to topic topic-58811226_71bc_48b7_99d8_860d9adc4eb1
2025-08-13 02:14:35,367 INFO  [org.apa.kaf.cli.Metadata] (kafka-producer-network-thread | Producer-topic-58811226_71bc_48b7_99d8_860d9adc4eb1) [Producer clientId=Producer-topic-58811226_71bc_48b7_99d8_860d9adc4eb1] Cluster ID: NjaB_jQRSOy2vs25Uo6hCg
2025-08-13 02:14:35,367 INFO  [org.apa.kaf.cli.pro.int.TransactionManager] (kafka-producer-network-thread | Producer-topic-58811226_71bc_48b7_99d8_860d9adc4eb1) [Producer clientId=Producer-topic-58811226_71bc_48b7_99d8_860d9adc4eb1] ProducerId set to 13 with epoch 0
2025-08-13 02:14:35,367 INFO  [DefaultSchemaResolver] (Thread-676) Retrieving schema content using string: {"type":"record","name":"s294629e5xf6b6x4315xb024xa7b7d467025a","namespace":"ns_7201dd2d_a38f_4b8e_b5a0_1dfc0dbb4afb","fields":[{"name":"key11755051269447","type":"string"},{"name":"key21755051274272","type":"string"}]}
2025-08-13 02:14:35,425 INFO  [io.api.tes.ser.api.KafkaSerdesTester] (Thread-676) Sending message {"key11755051269447": "value-1", "key21755051274272": "value-1"} to topic topic-58811226_71bc_48b7_99d8_860d9adc4eb1
2025-08-13 02:14:35,427 INFO  [io.api.tes.ser.api.KafkaSerdesTester] (Thread-676) Sending message {"key11755051269447": "value-2", "key21755051274272": "value-2"} to topic topic-58811226_71bc_48b7_99d8_860d9adc4eb1
2025-08-13 02:14:35,429 INFO  [io.api.tes.ser.api.KafkaSerdesTester] (Thread-676) Sending message {"key11755051269447": "value-3", "key21755051274272": "value-3"} to topic topic-58811226_71bc_48b7_99d8_860d9adc4eb1
2025-08-13 02:14:35,433 INFO  [io.api.tes.ser.api.KafkaSerdesTester] (Thread-676) Sending message {"key11755051269447": "value-4", "key21755051274272": "value-4"} to topic topic-58811226_71bc_48b7_99d8_860d9adc4eb1
2025-08-13 02:14:35,435 INFO  [io.api.tes.ser.api.KafkaSerdesTester] (Thread-676) Sending message {"key11755051269447": "value-5", "key21755051274272": "value-5"} to topic topic-58811226_71bc_48b7_99d8_860d9adc4eb1
2025-08-13 02:14:35,441 INFO  [io.api.tes.ser.api.KafkaSerdesTester] (Thread-676) Sending message {"key11755051269447": "value-6", "key21755051274272": "value-6"} to topic topic-58811226_71bc_48b7_99d8_860d9adc4eb1
2025-08-13 02:14:35,442 INFO  [io.api.tes.ser.api.KafkaSerdesTester] (Thread-676) Sending message {"key11755051269447": "value-7", "key21755051274272": "value-7"} to topic topic-58811226_71bc_48b7_99d8_860d9adc4eb1
2025-08-13 02:14:35,444 INFO  [io.api.tes.ser.api.KafkaSerdesTester] (Thread-676) Sending message {"key11755051269447": "value-8", "key21755051274272": "value-8"} to topic topic-58811226_71bc_48b7_99d8_860d9adc4eb1
2025-08-13 02:14:35,445 INFO  [io.api.tes.ser.api.KafkaSerdesTester] (Thread-676) Sending message {"key11755051269447": "value-9", "key21755051274272": "value-9"} to topic topic-58811226_71bc_48b7_99d8_860d9adc4eb1
2025-08-13 02:14:35,446 INFO  [io.api.tes.ser.api.KafkaSerdesTester] (Thread-676) Produced 10 messages
2025-08-13 02:14:35,446 INFO  [org.apa.kaf.cli.pro.KafkaProducer] (Thread-676) [Producer clientId=Producer-topic-58811226_71bc_48b7_99d8_860d9adc4eb1] Closing the Kafka producer with timeoutMillis = 9223372036854775807 ms.
2025-08-13 02:14:35,450 INFO  [org.apa.kaf.com.met.Metrics] (Thread-676) Metrics scheduler closed
2025-08-13 02:14:35,450 INFO  [org.apa.kaf.com.met.Metrics] (Thread-676) Closing reporter org.apache.kafka.common.metrics.JmxReporter
2025-08-13 02:14:35,450 INFO  [org.apa.kaf.com.met.Metrics] (Thread-676) Closing reporter org.apache.kafka.common.telemetry.internals.ClientTelemetryReporter
2025-08-13 02:14:35,450 INFO  [org.apa.kaf.com.met.Metrics] (Thread-676) Metrics reporters closed
2025-08-13 02:14:35,450 INFO  [org.apa.kaf.com.uti.AppInfoParser] (Thread-676) App info kafka.producer for Producer-topic-58811226_71bc_48b7_99d8_860d9adc4eb1 unregistered
**** Registry Base URL: http://registry-app-pg17.apps.ci419.apicurio-testing.org:80
2025-08-13 02:14:35,451 INFO  [org.apa.kaf.cli.pro.ProducerConfig] (main) ProducerConfig values: 
	acks = -1
	auto.include.jmx.reporter = true
	batch.size = 16384
	bootstrap.servers = [PLAINTEXT://localhost:32769]
	buffer.memory = 33554432
	client.dns.lookup = use_all_dns_ips
	client.id = Producer-topic-58811226_71bc_48b7_99d8_860d9adc4eb1
	compression.gzip.level = -1
	compression.lz4.level = 9
	compression.type = none
	compression.zstd.level = 3
	connections.max.idle.ms = 10000
	delivery.timeout.ms = 120000
	enable.idempotence = true
	enable.metrics.push = true
	interceptor.classes = []
	key.serializer = class org.apache.kafka.common.serialization.StringSerializer
	linger.ms = 0
	max.block.ms = 60000
	max.in.flight.requests.per.connection = 5
	max.request.size = 1048576
	metadata.max.age.ms = 300000
	metadata.max.idle.ms = 300000
	metadata.recovery.strategy = none
	metric.reporters = []
	metrics.num.samples = 2
	metrics.recording.level = INFO
	metrics.sample.window.ms = 30000
	partitioner.adaptive.partitioning.enable = true
	partitioner.availability.timeout.ms = 0
	partitioner.class = null
	partitioner.ignore.keys = false
	receive.buffer.bytes = 32768
	reconnect.backoff.max.ms = 1000
	reconnect.backoff.ms = 50
	request.timeout.ms = 5000
	retries = 2147483647
	retry.backoff.max.ms = 1000
	retry.backoff.ms = 100
	sasl.client.callback.handler.class = null
	sasl.jaas.config = null
	sasl.kerberos.kinit.cmd = /usr/bin/kinit
	sasl.kerberos.min.time.before.relogin = 60000
	sasl.kerberos.service.name = null
	sasl.kerberos.ticket.renew.jitter = 0.05
	sasl.kerberos.ticket.renew.window.factor = 0.8
	sasl.login.callback.handler.class = null
	sasl.login.class = null
	sasl.login.connect.timeout.ms = null
	sasl.login.read.timeout.ms = null
	sasl.login.refresh.buffer.seconds = 300
	sasl.login.refresh.min.period.seconds = 60
	sasl.login.refresh.window.factor = 0.8
	sasl.login.refresh.window.jitter = 0.05
	sasl.login.retry.backoff.max.ms = 10000
	sasl.login.retry.backoff.ms = 100
	sasl.mechanism = GSSAPI
	sasl.oauthbearer.clock.skew.seconds = 30
	sasl.oauthbearer.expected.audience = null
	sasl.oauthbearer.expected.issuer = null
	sasl.oauthbearer.header.urlencode = false
	sasl.oauthbearer.jwks.endpoint.refresh.ms = 3600000
	sasl.oauthbearer.jwks.endpoint.retry.backoff.max.ms = 10000
	sasl.oauthbearer.jwks.endpoint.retry.backoff.ms = 100
	sasl.oauthbearer.jwks.endpoint.url = null
	sasl.oauthbearer.scope.claim.name = scope
	sasl.oauthbearer.sub.claim.name = sub
	sasl.oauthbearer.token.endpoint.url = null
	security.protocol = PLAINTEXT
	security.providers = null
	send.buffer.bytes = 131072
	socket.connection.setup.timeout.max.ms = 30000
	socket.connection.setup.timeout.ms = 10000
	ssl.cipher.suites = null
	ssl.enabled.protocols = [TLSv1.2, TLSv1.3]
	ssl.endpoint.identification.algorithm = https
	ssl.engine.factory.class = null
	ssl.key.password = null
	ssl.keymanager.algorithm = SunX509
	ssl.keystore.certificate.chain = null
	ssl.keystore.key = null
	ssl.keystore.location = null
	ssl.keystore.password = null
	ssl.keystore.type = JKS
	ssl.protocol = TLSv1.3
	ssl.provider = null
	ssl.secure.random.implementation = null
	ssl.trustmanager.algorithm = PKIX
	ssl.truststore.certificates = null
	ssl.truststore.location = null
	ssl.truststore.password = null
	ssl.truststore.type = JKS
	transaction.timeout.ms = 60000
	transactional.id = null
	value.serializer = class io.apicurio.registry.serde.avro.AvroKafkaSerializer

2025-08-13 02:14:35,451 INFO  [org.apa.kaf.com.tel.int.KafkaMetricsCollector] (main) initializing Kafka metrics collector
2025-08-13 02:14:35,455 INFO  [org.apa.kaf.cli.pro.KafkaProducer] (main) [Producer clientId=Producer-topic-58811226_71bc_48b7_99d8_860d9adc4eb1] Instantiated an idempotent producer.
2025-08-13 02:14:35,459 INFO  [org.apa.kaf.cli.pro.ProducerConfig] (main) These configurations '[apicurio.registry.url, apicurio.registry.artifact-resolver-strategy]' were supplied but are not used yet.
2025-08-13 02:14:35,459 INFO  [org.apa.kaf.com.uti.AppInfoParser] (main) Kafka version: 3.9.1
2025-08-13 02:14:35,459 INFO  [org.apa.kaf.com.uti.AppInfoParser] (main) Kafka commitId: f745dfdcee2b9851
2025-08-13 02:14:35,460 INFO  [org.apa.kaf.com.uti.AppInfoParser] (main) Kafka startTimeMs: 1755051275459
2025-08-13 02:14:35,461 INFO  [io.api.tes.ser.api.KafkaSerdesTester] (Thread-679) Sending message {"key11755051269447": "value-0"} to topic topic-58811226_71bc_48b7_99d8_860d9adc4eb1
2025-08-13 02:14:35,464 INFO  [org.apa.kaf.cli.Metadata] (kafka-producer-network-thread | Producer-topic-58811226_71bc_48b7_99d8_860d9adc4eb1) [Producer clientId=Producer-topic-58811226_71bc_48b7_99d8_860d9adc4eb1] Cluster ID: NjaB_jQRSOy2vs25Uo6hCg
2025-08-13 02:14:35,465 INFO  [DefaultSchemaResolver] (Thread-679) Retrieving schema content using string: {"type":"record","name":"s294629e5xf6b6x4315xb024xa7b7d467025a","namespace":"ns_7201dd2d_a38f_4b8e_b5a0_1dfc0dbb4afb","fields":[{"name":"key11755051269447","type":"string"}]}
2025-08-13 02:14:35,467 INFO  [org.apa.kaf.cli.pro.int.TransactionManager] (kafka-producer-network-thread | Producer-topic-58811226_71bc_48b7_99d8_860d9adc4eb1) [Producer clientId=Producer-topic-58811226_71bc_48b7_99d8_860d9adc4eb1] ProducerId set to 14 with epoch 0
2025-08-13 02:14:35,525 INFO  [io.api.tes.ser.api.KafkaSerdesTester] (Thread-679) Sending message {"key11755051269447": "value-1"} to topic topic-58811226_71bc_48b7_99d8_860d9adc4eb1
2025-08-13 02:14:35,527 INFO  [io.api.tes.ser.api.KafkaSerdesTester] (Thread-679) Sending message {"key11755051269447": "value-2"} to topic topic-58811226_71bc_48b7_99d8_860d9adc4eb1
2025-08-13 02:14:35,528 INFO  [io.api.tes.ser.api.KafkaSerdesTester] (Thread-679) Sending message {"key11755051269447": "value-3"} to topic topic-58811226_71bc_48b7_99d8_860d9adc4eb1
2025-08-13 02:14:35,529 INFO  [io.api.tes.ser.api.KafkaSerdesTester] (Thread-679) Sending message {"key11755051269447": "value-4"} to topic topic-58811226_71bc_48b7_99d8_860d9adc4eb1
2025-08-13 02:14:35,531 INFO  [io.api.tes.ser.api.KafkaSerdesTester] (Thread-679) Sending message {"key11755051269447": "value-5"} to topic topic-58811226_71bc_48b7_99d8_860d9adc4eb1
2025-08-13 02:14:35,532 INFO  [io.api.tes.ser.api.KafkaSerdesTester] (Thread-679) Sending message {"key11755051269447": "value-6"} to topic topic-58811226_71bc_48b7_99d8_860d9adc4eb1
2025-08-13 02:14:35,533 INFO  [io.api.tes.ser.api.KafkaSerdesTester] (Thread-679) Sending message {"key11755051269447": "value-7"} to topic topic-58811226_71bc_48b7_99d8_860d9adc4eb1
2025-08-13 02:14:35,534 INFO  [io.api.tes.ser.api.KafkaSerdesTester] (Thread-679) Sending message {"key11755051269447": "value-8"} to topic topic-58811226_71bc_48b7_99d8_860d9adc4eb1
2025-08-13 02:14:35,536 INFO  [io.api.tes.ser.api.KafkaSerdesTester] (Thread-679) Sending message {"key11755051269447": "value-9"} to topic topic-58811226_71bc_48b7_99d8_860d9adc4eb1
2025-08-13 02:14:35,537 INFO  [io.api.tes.ser.api.KafkaSerdesTester] (Thread-679) Produced 10 messages
2025-08-13 02:14:35,537 INFO  [org.apa.kaf.cli.pro.KafkaProducer] (Thread-679) [Producer clientId=Producer-topic-58811226_71bc_48b7_99d8_860d9adc4eb1] Closing the Kafka producer with timeoutMillis = 9223372036854775807 ms.
2025-08-13 02:14:35,539 INFO  [org.apa.kaf.com.met.Metrics] (Thread-679) Metrics scheduler closed
2025-08-13 02:14:35,539 INFO  [org.apa.kaf.com.met.Metrics] (Thread-679) Closing reporter org.apache.kafka.common.metrics.JmxReporter
2025-08-13 02:14:35,539 INFO  [org.apa.kaf.com.met.Metrics] (Thread-679) Closing reporter org.apache.kafka.common.telemetry.internals.ClientTelemetryReporter
2025-08-13 02:14:35,539 INFO  [org.apa.kaf.com.met.Metrics] (Thread-679) Metrics reporters closed
2025-08-13 02:14:35,539 INFO  [org.apa.kaf.com.uti.AppInfoParser] (Thread-679) App info kafka.producer for Producer-topic-58811226_71bc_48b7_99d8_860d9adc4eb1 unregistered
**** Registry Base URL: http://registry-app-pg17.apps.ci419.apicurio-testing.org:80
2025-08-13 02:14:35,540 INFO  [org.apa.kaf.cli.con.ConsumerConfig] (main) ConsumerConfig values: 
	allow.auto.create.topics = true
	auto.commit.interval.ms = 500
	auto.include.jmx.reporter = true
	auto.offset.reset = earliest
	bootstrap.servers = [PLAINTEXT://localhost:32769]
	check.crcs = true
	client.dns.lookup = use_all_dns_ips
	client.id = consumer-Consumer-topic-58811226_71bc_48b7_99d8_860d9adc4eb1-11
	client.rack = 
	connections.max.idle.ms = 10000
	default.api.timeout.ms = 60000
	enable.auto.commit = true
	enable.metrics.push = true
	exclude.internal.topics = true
	fetch.max.bytes = 52428800
	fetch.max.wait.ms = 500
	fetch.min.bytes = 1
	group.id = Consumer-topic-58811226_71bc_48b7_99d8_860d9adc4eb1
	group.instance.id = null
	group.protocol = classic
	group.remote.assignor = null
	heartbeat.interval.ms = 3000
	interceptor.classes = []
	internal.leave.group.on.close = true
	internal.throw.on.fetch.stable.offset.unsupported = false
	isolation.level = read_uncommitted
	key.deserializer = class org.apache.kafka.common.serialization.StringDeserializer
	max.partition.fetch.bytes = 1048576
	max.poll.interval.ms = 300000
	max.poll.records = 500
	metadata.max.age.ms = 300000
	metadata.recovery.strategy = none
	metric.reporters = []
	metrics.num.samples = 2
	metrics.recording.level = INFO
	metrics.sample.window.ms = 30000
	partition.assignment.strategy = [class org.apache.kafka.clients.consumer.RangeAssignor, class org.apache.kafka.clients.consumer.CooperativeStickyAssignor]
	receive.buffer.bytes = 65536
	reconnect.backoff.max.ms = 1000
	reconnect.backoff.ms = 50
	request.timeout.ms = 5000
	retry.backoff.max.ms = 1000
	retry.backoff.ms = 100
	sasl.client.callback.handler.class = null
	sasl.jaas.config = null
	sasl.kerberos.kinit.cmd = /usr/bin/kinit
	sasl.kerberos.min.time.before.relogin = 60000
	sasl.kerberos.service.name = null
	sasl.kerberos.ticket.renew.jitter = 0.05
	sasl.kerberos.ticket.renew.window.factor = 0.8
	sasl.login.callback.handler.class = null
	sasl.login.class = null
	sasl.login.connect.timeout.ms = null
	sasl.login.read.timeout.ms = null
	sasl.login.refresh.buffer.seconds = 300
	sasl.login.refresh.min.period.seconds = 60
	sasl.login.refresh.window.factor = 0.8
	sasl.login.refresh.window.jitter = 0.05
	sasl.login.retry.backoff.max.ms = 10000
	sasl.login.retry.backoff.ms = 100
	sasl.mechanism = GSSAPI
	sasl.oauthbearer.clock.skew.seconds = 30
	sasl.oauthbearer.expected.audience = null
	sasl.oauthbearer.expected.issuer = null
	sasl.oauthbearer.header.urlencode = false
	sasl.oauthbearer.jwks.endpoint.refresh.ms = 3600000
	sasl.oauthbearer.jwks.endpoint.retry.backoff.max.ms = 10000
	sasl.oauthbearer.jwks.endpoint.retry.backoff.ms = 100
	sasl.oauthbearer.jwks.endpoint.url = null
	sasl.oauthbearer.scope.claim.name = scope
	sasl.oauthbearer.sub.claim.name = sub
	sasl.oauthbearer.token.endpoint.url = null
	security.protocol = PLAINTEXT
	security.providers = null
	send.buffer.bytes = 131072
	session.timeout.ms = 45000
	socket.connection.setup.timeout.max.ms = 30000
	socket.connection.setup.timeout.ms = 10000
	ssl.cipher.suites = null
	ssl.enabled.protocols = [TLSv1.2, TLSv1.3]
	ssl.endpoint.identification.algorithm = https
	ssl.engine.factory.class = null
	ssl.key.password = null
	ssl.keymanager.algorithm = SunX509
	ssl.keystore.certificate.chain = null
	ssl.keystore.key = null
	ssl.keystore.location = null
	ssl.keystore.password = null
	ssl.keystore.type = JKS
	ssl.protocol = TLSv1.3
	ssl.provider = null
	ssl.secure.random.implementation = null
	ssl.trustmanager.algorithm = PKIX
	ssl.truststore.certificates = null
	ssl.truststore.location = null
	ssl.truststore.password = null
	ssl.truststore.type = JKS
	value.deserializer = class io.apicurio.registry.serde.avro.AvroKafkaDeserializer

2025-08-13 02:14:35,540 INFO  [org.apa.kaf.com.tel.int.KafkaMetricsCollector] (main) initializing Kafka metrics collector
2025-08-13 02:14:35,546 INFO  [org.apa.kaf.cli.con.ConsumerConfig] (main) These configurations '[apicurio.registry.url]' were supplied but are not used yet.
2025-08-13 02:14:35,546 INFO  [org.apa.kaf.com.uti.AppInfoParser] (main) Kafka version: 3.9.1
2025-08-13 02:14:35,546 INFO  [org.apa.kaf.com.uti.AppInfoParser] (main) Kafka commitId: f745dfdcee2b9851
2025-08-13 02:14:35,546 INFO  [org.apa.kaf.com.uti.AppInfoParser] (main) Kafka startTimeMs: 1755051275546
2025-08-13 02:14:35,547 INFO  [org.apa.kaf.cli.con.int.ClassicKafkaConsumer] (Thread-682) [Consumer clientId=consumer-Consumer-topic-58811226_71bc_48b7_99d8_860d9adc4eb1-11, groupId=Consumer-topic-58811226_71bc_48b7_99d8_860d9adc4eb1] Subscribed to topic(s): topic-58811226_71bc_48b7_99d8_860d9adc4eb1
2025-08-13 02:14:35,550 INFO  [org.apa.kaf.cli.Metadata] (Thread-682) [Consumer clientId=consumer-Consumer-topic-58811226_71bc_48b7_99d8_860d9adc4eb1-11, groupId=Consumer-topic-58811226_71bc_48b7_99d8_860d9adc4eb1] Cluster ID: NjaB_jQRSOy2vs25Uo6hCg
2025-08-13 02:14:35,550 INFO  [org.apa.kaf.cli.con.int.ConsumerCoordinator] (Thread-682) [Consumer clientId=consumer-Consumer-topic-58811226_71bc_48b7_99d8_860d9adc4eb1-11, groupId=Consumer-topic-58811226_71bc_48b7_99d8_860d9adc4eb1] Discovered group coordinator localhost:32769 (id: 2147483647 rack: null)
2025-08-13 02:14:35,552 INFO  [org.apa.kaf.cli.con.int.ConsumerCoordinator] (Thread-682) [Consumer clientId=consumer-Consumer-topic-58811226_71bc_48b7_99d8_860d9adc4eb1-11, groupId=Consumer-topic-58811226_71bc_48b7_99d8_860d9adc4eb1] (Re-)joining group
2025-08-13 02:14:35,554 INFO  [org.apa.kaf.cli.con.int.ConsumerCoordinator] (Thread-682) [Consumer clientId=consumer-Consumer-topic-58811226_71bc_48b7_99d8_860d9adc4eb1-11, groupId=Consumer-topic-58811226_71bc_48b7_99d8_860d9adc4eb1] Request joining group due to: need to re-join with the given member-id: consumer-Consumer-topic-58811226_71bc_48b7_99d8_860d9adc4eb1-11-61496024-42a5-496d-b446-75ddcdff0e05
2025-08-13 02:14:35,554 INFO  [org.apa.kaf.cli.con.int.ConsumerCoordinator] (Thread-682) [Consumer clientId=consumer-Consumer-topic-58811226_71bc_48b7_99d8_860d9adc4eb1-11, groupId=Consumer-topic-58811226_71bc_48b7_99d8_860d9adc4eb1] (Re-)joining group
2025-08-13 02:14:36,547 INFO  [io.api.tes.ser.api.KafkaSerdesTester] (Thread-682) None found
2025-08-13 02:14:37,547 INFO  [io.api.tes.ser.api.KafkaSerdesTester] (Thread-682) None found
2025-08-13 02:14:38,548 INFO  [io.api.tes.ser.api.KafkaSerdesTester] (Thread-682) None found
2025-08-13 02:14:38,556 INFO  [org.apa.kaf.cli.con.int.ConsumerCoordinator] (Thread-682) [Consumer clientId=consumer-Consumer-topic-58811226_71bc_48b7_99d8_860d9adc4eb1-11, groupId=Consumer-topic-58811226_71bc_48b7_99d8_860d9adc4eb1] Successfully joined group with generation Generation{generationId=3, memberId='consumer-Consumer-topic-58811226_71bc_48b7_99d8_860d9adc4eb1-11-61496024-42a5-496d-b446-75ddcdff0e05', protocol='range'}
2025-08-13 02:14:38,557 INFO  [org.apa.kaf.cli.con.int.ConsumerCoordinator] (Thread-682) [Consumer clientId=consumer-Consumer-topic-58811226_71bc_48b7_99d8_860d9adc4eb1-11, groupId=Consumer-topic-58811226_71bc_48b7_99d8_860d9adc4eb1] Finished assignment for group at generation 3: {consumer-Consumer-topic-58811226_71bc_48b7_99d8_860d9adc4eb1-11-61496024-42a5-496d-b446-75ddcdff0e05=Assignment(partitions=[topic-58811226_71bc_48b7_99d8_860d9adc4eb1-0])}
2025-08-13 02:14:38,564 INFO  [org.apa.kaf.cli.con.int.ConsumerCoordinator] (Thread-682) [Consumer clientId=consumer-Consumer-topic-58811226_71bc_48b7_99d8_860d9adc4eb1-11, groupId=Consumer-topic-58811226_71bc_48b7_99d8_860d9adc4eb1] Successfully synced group in generation Generation{generationId=3, memberId='consumer-Consumer-topic-58811226_71bc_48b7_99d8_860d9adc4eb1-11-61496024-42a5-496d-b446-75ddcdff0e05', protocol='range'}
2025-08-13 02:14:38,564 INFO  [org.apa.kaf.cli.con.int.ConsumerCoordinator] (Thread-682) [Consumer clientId=consumer-Consumer-topic-58811226_71bc_48b7_99d8_860d9adc4eb1-11, groupId=Consumer-topic-58811226_71bc_48b7_99d8_860d9adc4eb1] Notifying assignor about the new Assignment(partitions=[topic-58811226_71bc_48b7_99d8_860d9adc4eb1-0])
2025-08-13 02:14:38,564 INFO  [org.apa.kaf.cli.con.int.ConsumerRebalanceListenerInvoker] (Thread-682) [Consumer clientId=consumer-Consumer-topic-58811226_71bc_48b7_99d8_860d9adc4eb1-11, groupId=Consumer-topic-58811226_71bc_48b7_99d8_860d9adc4eb1] Adding newly assigned partitions: topic-58811226_71bc_48b7_99d8_860d9adc4eb1-0
2025-08-13 02:14:38,566 INFO  [org.apa.kaf.cli.con.int.ConsumerUtils] (Thread-682) Setting offset for partition topic-58811226_71bc_48b7_99d8_860d9adc4eb1-0 to the committed offset FetchPosition{offset=10, offsetEpoch=Optional[0], currentLeader=LeaderAndEpoch{leader=Optional[localhost:32769 (id: 0 rack: null)], epoch=0}}
2025-08-13 02:14:38,715 INFO  [io.api.tes.ser.api.KafkaSerdesTester] (Thread-682) topic-58811226_71bc_48b7_99d8_860d9adc4eb1 0 10 {"key11755051269447": "value-0", "key21755051274272": "value-0"}
2025-08-13 02:14:38,715 INFO  [io.api.tes.ser.api.KafkaSerdesTester] (Thread-682) topic-58811226_71bc_48b7_99d8_860d9adc4eb1 0 11 {"key11755051269447": "value-1", "key21755051274272": "value-1"}
2025-08-13 02:14:38,715 INFO  [io.api.tes.ser.api.KafkaSerdesTester] (Thread-682) topic-58811226_71bc_48b7_99d8_860d9adc4eb1 0 12 {"key11755051269447": "value-2", "key21755051274272": "value-2"}
2025-08-13 02:14:38,715 INFO  [io.api.tes.ser.api.KafkaSerdesTester] (Thread-682) topic-58811226_71bc_48b7_99d8_860d9adc4eb1 0 13 {"key11755051269447": "value-3", "key21755051274272": "value-3"}
2025-08-13 02:14:38,715 INFO  [io.api.tes.ser.api.KafkaSerdesTester] (Thread-682) topic-58811226_71bc_48b7_99d8_860d9adc4eb1 0 14 {"key11755051269447": "value-4", "key21755051274272": "value-4"}
2025-08-13 02:14:38,715 INFO  [io.api.tes.ser.api.KafkaSerdesTester] (Thread-682) topic-58811226_71bc_48b7_99d8_860d9adc4eb1 0 15 {"key11755051269447": "value-5", "key21755051274272": "value-5"}
2025-08-13 02:14:38,715 INFO  [io.api.tes.ser.api.KafkaSerdesTester] (Thread-682) topic-58811226_71bc_48b7_99d8_860d9adc4eb1 0 16 {"key11755051269447": "value-6", "key21755051274272": "value-6"}
2025-08-13 02:14:38,715 INFO  [io.api.tes.ser.api.KafkaSerdesTester] (Thread-682) topic-58811226_71bc_48b7_99d8_860d9adc4eb1 0 17 {"key11755051269447": "value-7", "key21755051274272": "value-7"}
2025-08-13 02:14:38,715 INFO  [io.api.tes.ser.api.KafkaSerdesTester] (Thread-682) topic-58811226_71bc_48b7_99d8_860d9adc4eb1 0 18 {"key11755051269447": "value-8", "key21755051274272": "value-8"}
2025-08-13 02:14:38,715 INFO  [io.api.tes.ser.api.KafkaSerdesTester] (Thread-682) topic-58811226_71bc_48b7_99d8_860d9adc4eb1 0 19 {"key11755051269447": "value-9", "key21755051274272": "value-9"}
2025-08-13 02:14:38,715 INFO  [io.api.tes.ser.api.KafkaSerdesTester] (Thread-682) topic-58811226_71bc_48b7_99d8_860d9adc4eb1 0 20 {"key11755051269447": "value-0"}
2025-08-13 02:14:38,715 INFO  [io.api.tes.ser.api.KafkaSerdesTester] (Thread-682) topic-58811226_71bc_48b7_99d8_860d9adc4eb1 0 21 {"key11755051269447": "value-1"}
2025-08-13 02:14:38,715 INFO  [io.api.tes.ser.api.KafkaSerdesTester] (Thread-682) topic-58811226_71bc_48b7_99d8_860d9adc4eb1 0 22 {"key11755051269447": "value-2"}
2025-08-13 02:14:38,715 INFO  [io.api.tes.ser.api.KafkaSerdesTester] (Thread-682) topic-58811226_71bc_48b7_99d8_860d9adc4eb1 0 23 {"key11755051269447": "value-3"}
2025-08-13 02:14:38,715 INFO  [io.api.tes.ser.api.KafkaSerdesTester] (Thread-682) topic-58811226_71bc_48b7_99d8_860d9adc4eb1 0 24 {"key11755051269447": "value-4"}
2025-08-13 02:14:38,715 INFO  [io.api.tes.ser.api.KafkaSerdesTester] (Thread-682) topic-58811226_71bc_48b7_99d8_860d9adc4eb1 0 25 {"key11755051269447": "value-5"}
2025-08-13 02:14:38,715 INFO  [io.api.tes.ser.api.KafkaSerdesTester] (Thread-682) topic-58811226_71bc_48b7_99d8_860d9adc4eb1 0 26 {"key11755051269447": "value-6"}
2025-08-13 02:14:38,715 INFO  [io.api.tes.ser.api.KafkaSerdesTester] (Thread-682) topic-58811226_71bc_48b7_99d8_860d9adc4eb1 0 27 {"key11755051269447": "value-7"}
2025-08-13 02:14:38,715 INFO  [io.api.tes.ser.api.KafkaSerdesTester] (Thread-682) topic-58811226_71bc_48b7_99d8_860d9adc4eb1 0 28 {"key11755051269447": "value-8"}
2025-08-13 02:14:38,715 INFO  [io.api.tes.ser.api.KafkaSerdesTester] (Thread-682) topic-58811226_71bc_48b7_99d8_860d9adc4eb1 0 29 {"key11755051269447": "value-9"}
2025-08-13 02:14:38,715 INFO  [io.api.tes.ser.api.KafkaSerdesTester] (Thread-682) Consumed 20 messages
2025-08-13 02:14:38,724 INFO  [org.apa.kaf.cli.con.int.ConsumerRebalanceListenerInvoker] (Thread-682) [Consumer clientId=consumer-Consumer-topic-58811226_71bc_48b7_99d8_860d9adc4eb1-11, groupId=Consumer-topic-58811226_71bc_48b7_99d8_860d9adc4eb1] Revoke previously assigned partitions topic-58811226_71bc_48b7_99d8_860d9adc4eb1-0
2025-08-13 02:14:38,724 INFO  [org.apa.kaf.cli.con.int.ConsumerCoordinator] (Thread-682) [Consumer clientId=consumer-Consumer-topic-58811226_71bc_48b7_99d8_860d9adc4eb1-11, groupId=Consumer-topic-58811226_71bc_48b7_99d8_860d9adc4eb1] Member consumer-Consumer-topic-58811226_71bc_48b7_99d8_860d9adc4eb1-11-61496024-42a5-496d-b446-75ddcdff0e05 sending LeaveGroup request to coordinator localhost:32769 (id: 2147483647 rack: null) due to the consumer is being closed
2025-08-13 02:14:38,724 INFO  [org.apa.kaf.cli.con.int.ConsumerCoordinator] (Thread-682) [Consumer clientId=consumer-Consumer-topic-58811226_71bc_48b7_99d8_860d9adc4eb1-11, groupId=Consumer-topic-58811226_71bc_48b7_99d8_860d9adc4eb1] Resetting generation and member id due to: consumer pro-actively leaving the group
2025-08-13 02:14:38,724 INFO  [org.apa.kaf.cli.con.int.ConsumerCoordinator] (Thread-682) [Consumer clientId=consumer-Consumer-topic-58811226_71bc_48b7_99d8_860d9adc4eb1-11, groupId=Consumer-topic-58811226_71bc_48b7_99d8_860d9adc4eb1] Request joining group due to: consumer pro-actively leaving the group
2025-08-13 02:14:39,218 INFO  [org.apa.kaf.com.met.Metrics] (Thread-682) Metrics scheduler closed
2025-08-13 02:14:39,218 INFO  [org.apa.kaf.com.met.Metrics] (Thread-682) Closing reporter org.apache.kafka.common.metrics.JmxReporter
2025-08-13 02:14:39,218 INFO  [org.apa.kaf.com.met.Metrics] (Thread-682) Closing reporter org.apache.kafka.common.telemetry.internals.ClientTelemetryReporter
2025-08-13 02:14:39,218 INFO  [org.apa.kaf.com.met.Metrics] (Thread-682) Metrics reporters closed
2025-08-13 02:14:39,221 INFO  [org.apa.kaf.com.uti.AppInfoParser] (Thread-682) App info kafka.consumer for consumer-Consumer-topic-58811226_71bc_48b7_99d8_860d9adc4eb1-11 unregistered
2025-08-13 02:14:39,222 INFO  [io.api.tes.ser.api.AvroSerdeIT] (main) Registering Avro Schema 3: {"type":"record","name":"s294629e5xf6b6x4315xb024xa7b7d467025a","namespace":"ns_7201dd2d_a38f_4b8e_b5a0_1dfc0dbb4afb","fields":[{"name":"key11755051269447","type":"string"},{"name":"key21755051274272","type":"string"},{"name":"key31755051279222","type":"string"}]}
**** Registry Base URL: http://registry-app-pg17.apps.ci419.apicurio-testing.org:80
2025-08-13 02:14:40,306 INFO  [org.apa.kaf.cli.pro.ProducerConfig] (main) ProducerConfig values: 
	acks = -1
	auto.include.jmx.reporter = true
	batch.size = 16384
	bootstrap.servers = [PLAINTEXT://localhost:32769]
	buffer.memory = 33554432
	client.dns.lookup = use_all_dns_ips
	client.id = Producer-topic-58811226_71bc_48b7_99d8_860d9adc4eb1
	compression.gzip.level = -1
	compression.lz4.level = 9
	compression.type = none
	compression.zstd.level = 3
	connections.max.idle.ms = 10000
	delivery.timeout.ms = 120000
	enable.idempotence = true
	enable.metrics.push = true
	interceptor.classes = []
	key.serializer = class org.apache.kafka.common.serialization.StringSerializer
	linger.ms = 0
	max.block.ms = 60000
	max.in.flight.requests.per.connection = 5
	max.request.size = 1048576
	metadata.max.age.ms = 300000
	metadata.max.idle.ms = 300000
	metadata.recovery.strategy = none
	metric.reporters = []
	metrics.num.samples = 2
	metrics.recording.level = INFO
	metrics.sample.window.ms = 30000
	partitioner.adaptive.partitioning.enable = true
	partitioner.availability.timeout.ms = 0
	partitioner.class = null
	partitioner.ignore.keys = false
	receive.buffer.bytes = 32768
	reconnect.backoff.max.ms = 1000
	reconnect.backoff.ms = 50
	request.timeout.ms = 5000
	retries = 2147483647
	retry.backoff.max.ms = 1000
	retry.backoff.ms = 100
	sasl.client.callback.handler.class = null
	sasl.jaas.config = null
	sasl.kerberos.kinit.cmd = /usr/bin/kinit
	sasl.kerberos.min.time.before.relogin = 60000
	sasl.kerberos.service.name = null
	sasl.kerberos.ticket.renew.jitter = 0.05
	sasl.kerberos.ticket.renew.window.factor = 0.8
	sasl.login.callback.handler.class = null
	sasl.login.class = null
	sasl.login.connect.timeout.ms = null
	sasl.login.read.timeout.ms = null
	sasl.login.refresh.buffer.seconds = 300
	sasl.login.refresh.min.period.seconds = 60
	sasl.login.refresh.window.factor = 0.8
	sasl.login.refresh.window.jitter = 0.05
	sasl.login.retry.backoff.max.ms = 10000
	sasl.login.retry.backoff.ms = 100
	sasl.mechanism = GSSAPI
	sasl.oauthbearer.clock.skew.seconds = 30
	sasl.oauthbearer.expected.audience = null
	sasl.oauthbearer.expected.issuer = null
	sasl.oauthbearer.header.urlencode = false
	sasl.oauthbearer.jwks.endpoint.refresh.ms = 3600000
	sasl.oauthbearer.jwks.endpoint.retry.backoff.max.ms = 10000
	sasl.oauthbearer.jwks.endpoint.retry.backoff.ms = 100
	sasl.oauthbearer.jwks.endpoint.url = null
	sasl.oauthbearer.scope.claim.name = scope
	sasl.oauthbearer.sub.claim.name = sub
	sasl.oauthbearer.token.endpoint.url = null
	security.protocol = PLAINTEXT
	security.providers = null
	send.buffer.bytes = 131072
	socket.connection.setup.timeout.max.ms = 30000
	socket.connection.setup.timeout.ms = 10000
	ssl.cipher.suites = null
	ssl.enabled.protocols = [TLSv1.2, TLSv1.3]
	ssl.endpoint.identification.algorithm = https
	ssl.engine.factory.class = null
	ssl.key.password = null
	ssl.keymanager.algorithm = SunX509
	ssl.keystore.certificate.chain = null
	ssl.keystore.key = null
	ssl.keystore.location = null
	ssl.keystore.password = null
	ssl.keystore.type = JKS
	ssl.protocol = TLSv1.3
	ssl.provider = null
	ssl.secure.random.implementation = null
	ssl.trustmanager.algorithm = PKIX
	ssl.truststore.certificates = null
	ssl.truststore.location = null
	ssl.truststore.password = null
	ssl.truststore.type = JKS
	transaction.timeout.ms = 60000
	transactional.id = null
	value.serializer = class io.apicurio.registry.serde.avro.AvroKafkaSerializer

2025-08-13 02:14:40,306 INFO  [org.apa.kaf.com.tel.int.KafkaMetricsCollector] (main) initializing Kafka metrics collector
2025-08-13 02:14:40,311 INFO  [org.apa.kaf.cli.pro.KafkaProducer] (main) [Producer clientId=Producer-topic-58811226_71bc_48b7_99d8_860d9adc4eb1] Instantiated an idempotent producer.
2025-08-13 02:14:40,313 INFO  [org.apa.kaf.cli.pro.ProducerConfig] (main) These configurations '[apicurio.registry.url, apicurio.registry.artifact-resolver-strategy]' were supplied but are not used yet.
2025-08-13 02:14:40,313 INFO  [org.apa.kaf.com.uti.AppInfoParser] (main) Kafka version: 3.9.1
2025-08-13 02:14:40,313 INFO  [org.apa.kaf.com.uti.AppInfoParser] (main) Kafka commitId: f745dfdcee2b9851
2025-08-13 02:14:40,313 INFO  [org.apa.kaf.com.uti.AppInfoParser] (main) Kafka startTimeMs: 1755051280313
2025-08-13 02:14:40,317 INFO  [io.api.tes.ser.api.KafkaSerdesTester] (Thread-685) Sending message {"key11755051269447": "value-0", "key21755051274272": "value-0", "key31755051279222": "value-0"} to topic topic-58811226_71bc_48b7_99d8_860d9adc4eb1
2025-08-13 02:14:40,322 INFO  [org.apa.kaf.cli.Metadata] (kafka-producer-network-thread | Producer-topic-58811226_71bc_48b7_99d8_860d9adc4eb1) [Producer clientId=Producer-topic-58811226_71bc_48b7_99d8_860d9adc4eb1] Cluster ID: NjaB_jQRSOy2vs25Uo6hCg
2025-08-13 02:14:40,322 INFO  [DefaultSchemaResolver] (Thread-685) Retrieving schema content using string: {"type":"record","name":"s294629e5xf6b6x4315xb024xa7b7d467025a","namespace":"ns_7201dd2d_a38f_4b8e_b5a0_1dfc0dbb4afb","fields":[{"name":"key11755051269447","type":"string"},{"name":"key21755051274272","type":"string"},{"name":"key31755051279222","type":"string"}]}
2025-08-13 02:14:40,324 INFO  [org.apa.kaf.cli.pro.int.TransactionManager] (kafka-producer-network-thread | Producer-topic-58811226_71bc_48b7_99d8_860d9adc4eb1) [Producer clientId=Producer-topic-58811226_71bc_48b7_99d8_860d9adc4eb1] ProducerId set to 15 with epoch 0
2025-08-13 02:14:40,390 INFO  [io.api.tes.ser.api.KafkaSerdesTester] (Thread-685) Sending message {"key11755051269447": "value-1", "key21755051274272": "value-1", "key31755051279222": "value-1"} to topic topic-58811226_71bc_48b7_99d8_860d9adc4eb1
2025-08-13 02:14:40,393 INFO  [io.api.tes.ser.api.KafkaSerdesTester] (Thread-685) Sending message {"key11755051269447": "value-2", "key21755051274272": "value-2", "key31755051279222": "value-2"} to topic topic-58811226_71bc_48b7_99d8_860d9adc4eb1
2025-08-13 02:14:40,395 INFO  [io.api.tes.ser.api.KafkaSerdesTester] (Thread-685) Sending message {"key11755051269447": "value-3", "key21755051274272": "value-3", "key31755051279222": "value-3"} to topic topic-58811226_71bc_48b7_99d8_860d9adc4eb1
2025-08-13 02:14:40,396 INFO  [io.api.tes.ser.api.KafkaSerdesTester] (Thread-685) Sending message {"key11755051269447": "value-4", "key21755051274272": "value-4", "key31755051279222": "value-4"} to topic topic-58811226_71bc_48b7_99d8_860d9adc4eb1
2025-08-13 02:14:40,397 INFO  [io.api.tes.ser.api.KafkaSerdesTester] (Thread-685) Sending message {"key11755051269447": "value-5", "key21755051274272": "value-5", "key31755051279222": "value-5"} to topic topic-58811226_71bc_48b7_99d8_860d9adc4eb1
2025-08-13 02:14:40,400 INFO  [io.api.tes.ser.api.KafkaSerdesTester] (Thread-685) Sending message {"key11755051269447": "value-6", "key21755051274272": "value-6", "key31755051279222": "value-6"} to topic topic-58811226_71bc_48b7_99d8_860d9adc4eb1
2025-08-13 02:14:40,403 INFO  [io.api.tes.ser.api.KafkaSerdesTester] (Thread-685) Sending message {"key11755051269447": "value-7", "key21755051274272": "value-7", "key31755051279222": "value-7"} to topic topic-58811226_71bc_48b7_99d8_860d9adc4eb1
2025-08-13 02:14:40,405 INFO  [io.api.tes.ser.api.KafkaSerdesTester] (Thread-685) Sending message {"key11755051269447": "value-8", "key21755051274272": "value-8", "key31755051279222": "value-8"} to topic topic-58811226_71bc_48b7_99d8_860d9adc4eb1
2025-08-13 02:14:40,411 INFO  [io.api.tes.ser.api.KafkaSerdesTester] (Thread-685) Sending message {"key11755051269447": "value-9", "key21755051274272": "value-9", "key31755051279222": "value-9"} to topic topic-58811226_71bc_48b7_99d8_860d9adc4eb1
2025-08-13 02:14:40,413 INFO  [io.api.tes.ser.api.KafkaSerdesTester] (Thread-685) Produced 10 messages
2025-08-13 02:14:40,414 INFO  [org.apa.kaf.cli.pro.KafkaProducer] (Thread-685) [Producer clientId=Producer-topic-58811226_71bc_48b7_99d8_860d9adc4eb1] Closing the Kafka producer with timeoutMillis = 9223372036854775807 ms.
2025-08-13 02:14:40,417 INFO  [org.apa.kaf.com.met.Metrics] (Thread-685) Metrics scheduler closed
2025-08-13 02:14:40,417 INFO  [org.apa.kaf.com.met.Metrics] (Thread-685) Closing reporter org.apache.kafka.common.metrics.JmxReporter
2025-08-13 02:14:40,417 INFO  [org.apa.kaf.com.met.Metrics] (Thread-685) Closing reporter org.apache.kafka.common.telemetry.internals.ClientTelemetryReporter
2025-08-13 02:14:40,417 INFO  [org.apa.kaf.com.met.Metrics] (Thread-685) Metrics reporters closed
2025-08-13 02:14:40,419 INFO  [org.apa.kaf.com.uti.AppInfoParser] (Thread-685) App info kafka.producer for Producer-topic-58811226_71bc_48b7_99d8_860d9adc4eb1 unregistered
**** Registry Base URL: http://registry-app-pg17.apps.ci419.apicurio-testing.org:80
2025-08-13 02:14:40,419 INFO  [org.apa.kaf.cli.pro.ProducerConfig] (main) ProducerConfig values: 
	acks = -1
	auto.include.jmx.reporter = true
	batch.size = 16384
	bootstrap.servers = [PLAINTEXT://localhost:32769]
	buffer.memory = 33554432
	client.dns.lookup = use_all_dns_ips
	client.id = Producer-topic-58811226_71bc_48b7_99d8_860d9adc4eb1
	compression.gzip.level = -1
	compression.lz4.level = 9
	compression.type = none
	compression.zstd.level = 3
	connections.max.idle.ms = 10000
	delivery.timeout.ms = 120000
	enable.idempotence = true
	enable.metrics.push = true
	interceptor.classes = []
	key.serializer = class org.apache.kafka.common.serialization.StringSerializer
	linger.ms = 0
	max.block.ms = 60000
	max.in.flight.requests.per.connection = 5
	max.request.size = 1048576
	metadata.max.age.ms = 300000
	metadata.max.idle.ms = 300000
	metadata.recovery.strategy = none
	metric.reporters = []
	metrics.num.samples = 2
	metrics.recording.level = INFO
	metrics.sample.window.ms = 30000
	partitioner.adaptive.partitioning.enable = true
	partitioner.availability.timeout.ms = 0
	partitioner.class = null
	partitioner.ignore.keys = false
	receive.buffer.bytes = 32768
	reconnect.backoff.max.ms = 1000
	reconnect.backoff.ms = 50
	request.timeout.ms = 5000
	retries = 2147483647
	retry.backoff.max.ms = 1000
	retry.backoff.ms = 100
	sasl.client.callback.handler.class = null
	sasl.jaas.config = null
	sasl.kerberos.kinit.cmd = /usr/bin/kinit
	sasl.kerberos.min.time.before.relogin = 60000
	sasl.kerberos.service.name = null
	sasl.kerberos.ticket.renew.jitter = 0.05
	sasl.kerberos.ticket.renew.window.factor = 0.8
	sasl.login.callback.handler.class = null
	sasl.login.class = null
	sasl.login.connect.timeout.ms = null
	sasl.login.read.timeout.ms = null
	sasl.login.refresh.buffer.seconds = 300
	sasl.login.refresh.min.period.seconds = 60
	sasl.login.refresh.window.factor = 0.8
	sasl.login.refresh.window.jitter = 0.05
	sasl.login.retry.backoff.max.ms = 10000
	sasl.login.retry.backoff.ms = 100
	sasl.mechanism = GSSAPI
	sasl.oauthbearer.clock.skew.seconds = 30
	sasl.oauthbearer.expected.audience = null
	sasl.oauthbearer.expected.issuer = null
	sasl.oauthbearer.header.urlencode = false
	sasl.oauthbearer.jwks.endpoint.refresh.ms = 3600000
	sasl.oauthbearer.jwks.endpoint.retry.backoff.max.ms = 10000
	sasl.oauthbearer.jwks.endpoint.retry.backoff.ms = 100
	sasl.oauthbearer.jwks.endpoint.url = null
	sasl.oauthbearer.scope.claim.name = scope
	sasl.oauthbearer.sub.claim.name = sub
	sasl.oauthbearer.token.endpoint.url = null
	security.protocol = PLAINTEXT
	security.providers = null
	send.buffer.bytes = 131072
	socket.connection.setup.timeout.max.ms = 30000
	socket.connection.setup.timeout.ms = 10000
	ssl.cipher.suites = null
	ssl.enabled.protocols = [TLSv1.2, TLSv1.3]
	ssl.endpoint.identification.algorithm = https
	ssl.engine.factory.class = null
	ssl.key.password = null
	ssl.keymanager.algorithm = SunX509
	ssl.keystore.certificate.chain = null
	ssl.keystore.key = null
	ssl.keystore.location = null
	ssl.keystore.password = null
	ssl.keystore.type = JKS
	ssl.protocol = TLSv1.3
	ssl.provider = null
	ssl.secure.random.implementation = null
	ssl.trustmanager.algorithm = PKIX
	ssl.truststore.certificates = null
	ssl.truststore.location = null
	ssl.truststore.password = null
	ssl.truststore.type = JKS
	transaction.timeout.ms = 60000
	transactional.id = null
	value.serializer = class io.apicurio.registry.serde.avro.AvroKafkaSerializer

2025-08-13 02:14:40,419 INFO  [org.apa.kaf.com.tel.int.KafkaMetricsCollector] (main) initializing Kafka metrics collector
2025-08-13 02:14:40,429 INFO  [org.apa.kaf.cli.pro.KafkaProducer] (main) [Producer clientId=Producer-topic-58811226_71bc_48b7_99d8_860d9adc4eb1] Instantiated an idempotent producer.
2025-08-13 02:14:40,435 INFO  [org.apa.kaf.cli.pro.ProducerConfig] (main) These configurations '[apicurio.registry.url, apicurio.registry.artifact-resolver-strategy]' were supplied but are not used yet.
2025-08-13 02:14:40,435 INFO  [org.apa.kaf.com.uti.AppInfoParser] (main) Kafka version: 3.9.1
2025-08-13 02:14:40,435 INFO  [org.apa.kaf.com.uti.AppInfoParser] (main) Kafka commitId: f745dfdcee2b9851
2025-08-13 02:14:40,435 INFO  [org.apa.kaf.com.uti.AppInfoParser] (main) Kafka startTimeMs: 1755051280435
2025-08-13 02:14:40,437 INFO  [io.api.tes.ser.api.KafkaSerdesTester] (Thread-688) Sending message {"key11755051269447": "value-0", "key21755051274272": "value-0"} to topic topic-58811226_71bc_48b7_99d8_860d9adc4eb1
2025-08-13 02:14:40,444 INFO  [org.apa.kaf.cli.Metadata] (kafka-producer-network-thread | Producer-topic-58811226_71bc_48b7_99d8_860d9adc4eb1) [Producer clientId=Producer-topic-58811226_71bc_48b7_99d8_860d9adc4eb1] Cluster ID: NjaB_jQRSOy2vs25Uo6hCg
2025-08-13 02:14:40,445 INFO  [DefaultSchemaResolver] (Thread-688) Retrieving schema content using string: {"type":"record","name":"s294629e5xf6b6x4315xb024xa7b7d467025a","namespace":"ns_7201dd2d_a38f_4b8e_b5a0_1dfc0dbb4afb","fields":[{"name":"key11755051269447","type":"string"},{"name":"key21755051274272","type":"string"}]}
2025-08-13 02:14:40,446 INFO  [org.apa.kaf.cli.pro.int.TransactionManager] (kafka-producer-network-thread | Producer-topic-58811226_71bc_48b7_99d8_860d9adc4eb1) [Producer clientId=Producer-topic-58811226_71bc_48b7_99d8_860d9adc4eb1] ProducerId set to 16 with epoch 0
2025-08-13 02:14:40,514 INFO  [io.api.tes.ser.api.KafkaSerdesTester] (Thread-688) Sending message {"key11755051269447": "value-1", "key21755051274272": "value-1"} to topic topic-58811226_71bc_48b7_99d8_860d9adc4eb1
2025-08-13 02:14:40,518 INFO  [io.api.tes.ser.api.KafkaSerdesTester] (Thread-688) Sending message {"key11755051269447": "value-2", "key21755051274272": "value-2"} to topic topic-58811226_71bc_48b7_99d8_860d9adc4eb1
2025-08-13 02:14:40,521 INFO  [io.api.tes.ser.api.KafkaSerdesTester] (Thread-688) Sending message {"key11755051269447": "value-3", "key21755051274272": "value-3"} to topic topic-58811226_71bc_48b7_99d8_860d9adc4eb1
2025-08-13 02:14:40,522 INFO  [io.api.tes.ser.api.KafkaSerdesTester] (Thread-688) Sending message {"key11755051269447": "value-4", "key21755051274272": "value-4"} to topic topic-58811226_71bc_48b7_99d8_860d9adc4eb1
2025-08-13 02:14:40,526 INFO  [io.api.tes.ser.api.KafkaSerdesTester] (Thread-688) Sending message {"key11755051269447": "value-5", "key21755051274272": "value-5"} to topic topic-58811226_71bc_48b7_99d8_860d9adc4eb1
2025-08-13 02:14:40,531 INFO  [io.api.tes.ser.api.KafkaSerdesTester] (Thread-688) Sending message {"key11755051269447": "value-6", "key21755051274272": "value-6"} to topic topic-58811226_71bc_48b7_99d8_860d9adc4eb1
2025-08-13 02:14:40,533 INFO  [io.api.tes.ser.api.KafkaSerdesTester] (Thread-688) Sending message {"key11755051269447": "value-7", "key21755051274272": "value-7"} to topic topic-58811226_71bc_48b7_99d8_860d9adc4eb1
2025-08-13 02:14:40,537 INFO  [io.api.tes.ser.api.KafkaSerdesTester] (Thread-688) Sending message {"key11755051269447": "value-8", "key21755051274272": "value-8"} to topic topic-58811226_71bc_48b7_99d8_860d9adc4eb1
2025-08-13 02:14:40,538 INFO  [io.api.tes.ser.api.KafkaSerdesTester] (Thread-688) Sending message {"key11755051269447": "value-9", "key21755051274272": "value-9"} to topic topic-58811226_71bc_48b7_99d8_860d9adc4eb1
2025-08-13 02:14:40,541 INFO  [io.api.tes.ser.api.KafkaSerdesTester] (Thread-688) Produced 10 messages
2025-08-13 02:14:40,541 INFO  [org.apa.kaf.cli.pro.KafkaProducer] (Thread-688) [Producer clientId=Producer-topic-58811226_71bc_48b7_99d8_860d9adc4eb1] Closing the Kafka producer with timeoutMillis = 9223372036854775807 ms.
2025-08-13 02:14:40,543 INFO  [org.apa.kaf.com.met.Metrics] (Thread-688) Metrics scheduler closed
2025-08-13 02:14:40,543 INFO  [org.apa.kaf.com.met.Metrics] (Thread-688) Closing reporter org.apache.kafka.common.metrics.JmxReporter
2025-08-13 02:14:40,543 INFO  [org.apa.kaf.com.met.Metrics] (Thread-688) Closing reporter org.apache.kafka.common.telemetry.internals.ClientTelemetryReporter
2025-08-13 02:14:40,543 INFO  [org.apa.kaf.com.met.Metrics] (Thread-688) Metrics reporters closed
2025-08-13 02:14:40,544 INFO  [org.apa.kaf.com.uti.AppInfoParser] (Thread-688) App info kafka.producer for Producer-topic-58811226_71bc_48b7_99d8_860d9adc4eb1 unregistered
**** Registry Base URL: http://registry-app-pg17.apps.ci419.apicurio-testing.org:80
2025-08-13 02:14:40,544 INFO  [org.apa.kaf.cli.pro.ProducerConfig] (main) ProducerConfig values: 
	acks = -1
	auto.include.jmx.reporter = true
	batch.size = 16384
	bootstrap.servers = [PLAINTEXT://localhost:32769]
	buffer.memory = 33554432
	client.dns.lookup = use_all_dns_ips
	client.id = Producer-topic-58811226_71bc_48b7_99d8_860d9adc4eb1
	compression.gzip.level = -1
	compression.lz4.level = 9
	compression.type = none
	compression.zstd.level = 3
	connections.max.idle.ms = 10000
	delivery.timeout.ms = 120000
	enable.idempotence = true
	enable.metrics.push = true
	interceptor.classes = []
	key.serializer = class org.apache.kafka.common.serialization.StringSerializer
	linger.ms = 0
	max.block.ms = 60000
	max.in.flight.requests.per.connection = 5
	max.request.size = 1048576
	metadata.max.age.ms = 300000
	metadata.max.idle.ms = 300000
	metadata.recovery.strategy = none
	metric.reporters = []
	metrics.num.samples = 2
	metrics.recording.level = INFO
	metrics.sample.window.ms = 30000
	partitioner.adaptive.partitioning.enable = true
	partitioner.availability.timeout.ms = 0
	partitioner.class = null
	partitioner.ignore.keys = false
	receive.buffer.bytes = 32768
	reconnect.backoff.max.ms = 1000
	reconnect.backoff.ms = 50
	request.timeout.ms = 5000
	retries = 2147483647
	retry.backoff.max.ms = 1000
	retry.backoff.ms = 100
	sasl.client.callback.handler.class = null
	sasl.jaas.config = null
	sasl.kerberos.kinit.cmd = /usr/bin/kinit
	sasl.kerberos.min.time.before.relogin = 60000
	sasl.kerberos.service.name = null
	sasl.kerberos.ticket.renew.jitter = 0.05
	sasl.kerberos.ticket.renew.window.factor = 0.8
	sasl.login.callback.handler.class = null
	sasl.login.class = null
	sasl.login.connect.timeout.ms = null
	sasl.login.read.timeout.ms = null
	sasl.login.refresh.buffer.seconds = 300
	sasl.login.refresh.min.period.seconds = 60
	sasl.login.refresh.window.factor = 0.8
	sasl.login.refresh.window.jitter = 0.05
	sasl.login.retry.backoff.max.ms = 10000
	sasl.login.retry.backoff.ms = 100
	sasl.mechanism = GSSAPI
	sasl.oauthbearer.clock.skew.seconds = 30
	sasl.oauthbearer.expected.audience = null
	sasl.oauthbearer.expected.issuer = null
	sasl.oauthbearer.header.urlencode = false
	sasl.oauthbearer.jwks.endpoint.refresh.ms = 3600000
	sasl.oauthbearer.jwks.endpoint.retry.backoff.max.ms = 10000
	sasl.oauthbearer.jwks.endpoint.retry.backoff.ms = 100
	sasl.oauthbearer.jwks.endpoint.url = null
	sasl.oauthbearer.scope.claim.name = scope
	sasl.oauthbearer.sub.claim.name = sub
	sasl.oauthbearer.token.endpoint.url = null
	security.protocol = PLAINTEXT
	security.providers = null
	send.buffer.bytes = 131072
	socket.connection.setup.timeout.max.ms = 30000
	socket.connection.setup.timeout.ms = 10000
	ssl.cipher.suites = null
	ssl.enabled.protocols = [TLSv1.2, TLSv1.3]
	ssl.endpoint.identification.algorithm = https
	ssl.engine.factory.class = null
	ssl.key.password = null
	ssl.keymanager.algorithm = SunX509
	ssl.keystore.certificate.chain = null
	ssl.keystore.key = null
	ssl.keystore.location = null
	ssl.keystore.password = null
	ssl.keystore.type = JKS
	ssl.protocol = TLSv1.3
	ssl.provider = null
	ssl.secure.random.implementation = null
	ssl.trustmanager.algorithm = PKIX
	ssl.truststore.certificates = null
	ssl.truststore.location = null
	ssl.truststore.password = null
	ssl.truststore.type = JKS
	transaction.timeout.ms = 60000
	transactional.id = null
	value.serializer = class io.apicurio.registry.serde.avro.AvroKafkaSerializer

2025-08-13 02:14:40,546 INFO  [org.apa.kaf.com.tel.int.KafkaMetricsCollector] (main) initializing Kafka metrics collector
2025-08-13 02:14:40,551 INFO  [org.apa.kaf.cli.pro.KafkaProducer] (main) [Producer clientId=Producer-topic-58811226_71bc_48b7_99d8_860d9adc4eb1] Instantiated an idempotent producer.
2025-08-13 02:14:40,553 INFO  [org.apa.kaf.cli.pro.ProducerConfig] (main) These configurations '[apicurio.registry.url, apicurio.registry.artifact-resolver-strategy]' were supplied but are not used yet.
2025-08-13 02:14:40,553 INFO  [org.apa.kaf.com.uti.AppInfoParser] (main) Kafka version: 3.9.1
2025-08-13 02:14:40,553 INFO  [org.apa.kaf.com.uti.AppInfoParser] (main) Kafka commitId: f745dfdcee2b9851
2025-08-13 02:14:40,553 INFO  [org.apa.kaf.com.uti.AppInfoParser] (main) Kafka startTimeMs: 1755051280553
2025-08-13 02:14:40,557 INFO  [io.api.tes.ser.api.KafkaSerdesTester] (Thread-691) Sending message {"key11755051269447": "value-0"} to topic topic-58811226_71bc_48b7_99d8_860d9adc4eb1
2025-08-13 02:14:40,559 INFO  [org.apa.kaf.cli.Metadata] (kafka-producer-network-thread | Producer-topic-58811226_71bc_48b7_99d8_860d9adc4eb1) [Producer clientId=Producer-topic-58811226_71bc_48b7_99d8_860d9adc4eb1] Cluster ID: NjaB_jQRSOy2vs25Uo6hCg
2025-08-13 02:14:40,560 INFO  [org.apa.kaf.cli.pro.int.TransactionManager] (kafka-producer-network-thread | Producer-topic-58811226_71bc_48b7_99d8_860d9adc4eb1) [Producer clientId=Producer-topic-58811226_71bc_48b7_99d8_860d9adc4eb1] ProducerId set to 17 with epoch 0
2025-08-13 02:14:40,561 INFO  [DefaultSchemaResolver] (Thread-691) Retrieving schema content using string: {"type":"record","name":"s294629e5xf6b6x4315xb024xa7b7d467025a","namespace":"ns_7201dd2d_a38f_4b8e_b5a0_1dfc0dbb4afb","fields":[{"name":"key11755051269447","type":"string"}]}
2025-08-13 02:14:40,616 INFO  [io.api.tes.ser.api.KafkaSerdesTester] (Thread-691) Sending message {"key11755051269447": "value-1"} to topic topic-58811226_71bc_48b7_99d8_860d9adc4eb1
2025-08-13 02:14:40,618 INFO  [io.api.tes.ser.api.KafkaSerdesTester] (Thread-691) Sending message {"key11755051269447": "value-2"} to topic topic-58811226_71bc_48b7_99d8_860d9adc4eb1
2025-08-13 02:14:40,621 INFO  [io.api.tes.ser.api.KafkaSerdesTester] (Thread-691) Sending message {"key11755051269447": "value-3"} to topic topic-58811226_71bc_48b7_99d8_860d9adc4eb1
2025-08-13 02:14:40,622 INFO  [io.api.tes.ser.api.KafkaSerdesTester] (Thread-691) Sending message {"key11755051269447": "value-4"} to topic topic-58811226_71bc_48b7_99d8_860d9adc4eb1
2025-08-13 02:14:40,623 INFO  [io.api.tes.ser.api.KafkaSerdesTester] (Thread-691) Sending message {"key11755051269447": "value-5"} to topic topic-58811226_71bc_48b7_99d8_860d9adc4eb1
2025-08-13 02:14:40,625 INFO  [io.api.tes.ser.api.KafkaSerdesTester] (Thread-691) Sending message {"key11755051269447": "value-6"} to topic topic-58811226_71bc_48b7_99d8_860d9adc4eb1
2025-08-13 02:14:40,627 INFO  [io.api.tes.ser.api.KafkaSerdesTester] (Thread-691) Sending message {"key11755051269447": "value-7"} to topic topic-58811226_71bc_48b7_99d8_860d9adc4eb1
2025-08-13 02:14:40,630 INFO  [io.api.tes.ser.api.KafkaSerdesTester] (Thread-691) Sending message {"key11755051269447": "value-8"} to topic topic-58811226_71bc_48b7_99d8_860d9adc4eb1
2025-08-13 02:14:40,634 INFO  [io.api.tes.ser.api.KafkaSerdesTester] (Thread-691) Sending message {"key11755051269447": "value-9"} to topic topic-58811226_71bc_48b7_99d8_860d9adc4eb1
2025-08-13 02:14:40,637 INFO  [io.api.tes.ser.api.KafkaSerdesTester] (Thread-691) Produced 10 messages
2025-08-13 02:14:40,637 INFO  [org.apa.kaf.cli.pro.KafkaProducer] (Thread-691) [Producer clientId=Producer-topic-58811226_71bc_48b7_99d8_860d9adc4eb1] Closing the Kafka producer with timeoutMillis = 9223372036854775807 ms.
2025-08-13 02:14:40,640 INFO  [org.apa.kaf.com.met.Metrics] (Thread-691) Metrics scheduler closed
2025-08-13 02:14:40,640 INFO  [org.apa.kaf.com.met.Metrics] (Thread-691) Closing reporter org.apache.kafka.common.metrics.JmxReporter
2025-08-13 02:14:40,640 INFO  [org.apa.kaf.com.met.Metrics] (Thread-691) Closing reporter org.apache.kafka.common.telemetry.internals.ClientTelemetryReporter
2025-08-13 02:14:40,640 INFO  [org.apa.kaf.com.met.Metrics] (Thread-691) Metrics reporters closed
2025-08-13 02:14:40,640 INFO  [org.apa.kaf.com.uti.AppInfoParser] (Thread-691) App info kafka.producer for Producer-topic-58811226_71bc_48b7_99d8_860d9adc4eb1 unregistered
**** Registry Base URL: http://registry-app-pg17.apps.ci419.apicurio-testing.org:80
2025-08-13 02:14:40,641 INFO  [org.apa.kaf.cli.con.ConsumerConfig] (main) ConsumerConfig values: 
	allow.auto.create.topics = true
	auto.commit.interval.ms = 500
	auto.include.jmx.reporter = true
	auto.offset.reset = earliest
	bootstrap.servers = [PLAINTEXT://localhost:32769]
	check.crcs = true
	client.dns.lookup = use_all_dns_ips
	client.id = consumer-Consumer-topic-58811226_71bc_48b7_99d8_860d9adc4eb1-12
	client.rack = 
	connections.max.idle.ms = 10000
	default.api.timeout.ms = 60000
	enable.auto.commit = true
	enable.metrics.push = true
	exclude.internal.topics = true
	fetch.max.bytes = 52428800
	fetch.max.wait.ms = 500
	fetch.min.bytes = 1
	group.id = Consumer-topic-58811226_71bc_48b7_99d8_860d9adc4eb1
	group.instance.id = null
	group.protocol = classic
	group.remote.assignor = null
	heartbeat.interval.ms = 3000
	interceptor.classes = []
	internal.leave.group.on.close = true
	internal.throw.on.fetch.stable.offset.unsupported = false
	isolation.level = read_uncommitted
	key.deserializer = class org.apache.kafka.common.serialization.StringDeserializer
	max.partition.fetch.bytes = 1048576
	max.poll.interval.ms = 300000
	max.poll.records = 500
	metadata.max.age.ms = 300000
	metadata.recovery.strategy = none
	metric.reporters = []
	metrics.num.samples = 2
	metrics.recording.level = INFO
	metrics.sample.window.ms = 30000
	partition.assignment.strategy = [class org.apache.kafka.clients.consumer.RangeAssignor, class org.apache.kafka.clients.consumer.CooperativeStickyAssignor]
	receive.buffer.bytes = 65536
	reconnect.backoff.max.ms = 1000
	reconnect.backoff.ms = 50
	request.timeout.ms = 5000
	retry.backoff.max.ms = 1000
	retry.backoff.ms = 100
	sasl.client.callback.handler.class = null
	sasl.jaas.config = null
	sasl.kerberos.kinit.cmd = /usr/bin/kinit
	sasl.kerberos.min.time.before.relogin = 60000
	sasl.kerberos.service.name = null
	sasl.kerberos.ticket.renew.jitter = 0.05
	sasl.kerberos.ticket.renew.window.factor = 0.8
	sasl.login.callback.handler.class = null
	sasl.login.class = null
	sasl.login.connect.timeout.ms = null
	sasl.login.read.timeout.ms = null
	sasl.login.refresh.buffer.seconds = 300
	sasl.login.refresh.min.period.seconds = 60
	sasl.login.refresh.window.factor = 0.8
	sasl.login.refresh.window.jitter = 0.05
	sasl.login.retry.backoff.max.ms = 10000
	sasl.login.retry.backoff.ms = 100
	sasl.mechanism = GSSAPI
	sasl.oauthbearer.clock.skew.seconds = 30
	sasl.oauthbearer.expected.audience = null
	sasl.oauthbearer.expected.issuer = null
	sasl.oauthbearer.header.urlencode = false
	sasl.oauthbearer.jwks.endpoint.refresh.ms = 3600000
	sasl.oauthbearer.jwks.endpoint.retry.backoff.max.ms = 10000
	sasl.oauthbearer.jwks.endpoint.retry.backoff.ms = 100
	sasl.oauthbearer.jwks.endpoint.url = null
	sasl.oauthbearer.scope.claim.name = scope
	sasl.oauthbearer.sub.claim.name = sub
	sasl.oauthbearer.token.endpoint.url = null
	security.protocol = PLAINTEXT
	security.providers = null
	send.buffer.bytes = 131072
	session.timeout.ms = 45000
	socket.connection.setup.timeout.max.ms = 30000
	socket.connection.setup.timeout.ms = 10000
	ssl.cipher.suites = null
	ssl.enabled.protocols = [TLSv1.2, TLSv1.3]
	ssl.endpoint.identification.algorithm = https
	ssl.engine.factory.class = null
	ssl.key.password = null
	ssl.keymanager.algorithm = SunX509
	ssl.keystore.certificate.chain = null
	ssl.keystore.key = null
	ssl.keystore.location = null
	ssl.keystore.password = null
	ssl.keystore.type = JKS
	ssl.protocol = TLSv1.3
	ssl.provider = null
	ssl.secure.random.implementation = null
	ssl.trustmanager.algorithm = PKIX
	ssl.truststore.certificates = null
	ssl.truststore.location = null
	ssl.truststore.password = null
	ssl.truststore.type = JKS
	value.deserializer = class io.apicurio.registry.serde.avro.AvroKafkaDeserializer

2025-08-13 02:14:40,641 INFO  [org.apa.kaf.com.tel.int.KafkaMetricsCollector] (main) initializing Kafka metrics collector
2025-08-13 02:14:40,646 INFO  [org.apa.kaf.cli.con.ConsumerConfig] (main) These configurations '[apicurio.registry.url]' were supplied but are not used yet.
2025-08-13 02:14:40,646 INFO  [org.apa.kaf.com.uti.AppInfoParser] (main) Kafka version: 3.9.1
2025-08-13 02:14:40,646 INFO  [org.apa.kaf.com.uti.AppInfoParser] (main) Kafka commitId: f745dfdcee2b9851
2025-08-13 02:14:40,646 INFO  [org.apa.kaf.com.uti.AppInfoParser] (main) Kafka startTimeMs: 1755051280646
2025-08-13 02:14:40,647 INFO  [org.apa.kaf.cli.con.int.ClassicKafkaConsumer] (Thread-694) [Consumer clientId=consumer-Consumer-topic-58811226_71bc_48b7_99d8_860d9adc4eb1-12, groupId=Consumer-topic-58811226_71bc_48b7_99d8_860d9adc4eb1] Subscribed to topic(s): topic-58811226_71bc_48b7_99d8_860d9adc4eb1
2025-08-13 02:14:40,651 INFO  [org.apa.kaf.cli.Metadata] (Thread-694) [Consumer clientId=consumer-Consumer-topic-58811226_71bc_48b7_99d8_860d9adc4eb1-12, groupId=Consumer-topic-58811226_71bc_48b7_99d8_860d9adc4eb1] Cluster ID: NjaB_jQRSOy2vs25Uo6hCg
2025-08-13 02:14:40,651 INFO  [org.apa.kaf.cli.con.int.ConsumerCoordinator] (Thread-694) [Consumer clientId=consumer-Consumer-topic-58811226_71bc_48b7_99d8_860d9adc4eb1-12, groupId=Consumer-topic-58811226_71bc_48b7_99d8_860d9adc4eb1] Discovered group coordinator localhost:32769 (id: 2147483647 rack: null)
2025-08-13 02:14:40,653 INFO  [org.apa.kaf.cli.con.int.ConsumerCoordinator] (Thread-694) [Consumer clientId=consumer-Consumer-topic-58811226_71bc_48b7_99d8_860d9adc4eb1-12, groupId=Consumer-topic-58811226_71bc_48b7_99d8_860d9adc4eb1] (Re-)joining group
2025-08-13 02:14:40,655 INFO  [org.apa.kaf.cli.con.int.ConsumerCoordinator] (Thread-694) [Consumer clientId=consumer-Consumer-topic-58811226_71bc_48b7_99d8_860d9adc4eb1-12, groupId=Consumer-topic-58811226_71bc_48b7_99d8_860d9adc4eb1] Request joining group due to: need to re-join with the given member-id: consumer-Consumer-topic-58811226_71bc_48b7_99d8_860d9adc4eb1-12-5dc94efe-ede9-4cd0-8937-318bfdaf4b1f
2025-08-13 02:14:40,655 INFO  [org.apa.kaf.cli.con.int.ConsumerCoordinator] (Thread-694) [Consumer clientId=consumer-Consumer-topic-58811226_71bc_48b7_99d8_860d9adc4eb1-12, groupId=Consumer-topic-58811226_71bc_48b7_99d8_860d9adc4eb1] (Re-)joining group
2025-08-13 02:14:41,648 INFO  [io.api.tes.ser.api.KafkaSerdesTester] (Thread-694) None found
2025-08-13 02:14:42,648 INFO  [io.api.tes.ser.api.KafkaSerdesTester] (Thread-694) None found
2025-08-13 02:14:43,648 INFO  [io.api.tes.ser.api.KafkaSerdesTester] (Thread-694) None found
2025-08-13 02:14:43,657 INFO  [org.apa.kaf.cli.con.int.ConsumerCoordinator] (Thread-694) [Consumer clientId=consumer-Consumer-topic-58811226_71bc_48b7_99d8_860d9adc4eb1-12, groupId=Consumer-topic-58811226_71bc_48b7_99d8_860d9adc4eb1] Successfully joined group with generation Generation{generationId=5, memberId='consumer-Consumer-topic-58811226_71bc_48b7_99d8_860d9adc4eb1-12-5dc94efe-ede9-4cd0-8937-318bfdaf4b1f', protocol='range'}
2025-08-13 02:14:43,657 INFO  [org.apa.kaf.cli.con.int.ConsumerCoordinator] (Thread-694) [Consumer clientId=consumer-Consumer-topic-58811226_71bc_48b7_99d8_860d9adc4eb1-12, groupId=Consumer-topic-58811226_71bc_48b7_99d8_860d9adc4eb1] Finished assignment for group at generation 5: {consumer-Consumer-topic-58811226_71bc_48b7_99d8_860d9adc4eb1-12-5dc94efe-ede9-4cd0-8937-318bfdaf4b1f=Assignment(partitions=[topic-58811226_71bc_48b7_99d8_860d9adc4eb1-0])}
2025-08-13 02:14:43,664 INFO  [org.apa.kaf.cli.con.int.ConsumerCoordinator] (Thread-694) [Consumer clientId=consumer-Consumer-topic-58811226_71bc_48b7_99d8_860d9adc4eb1-12, groupId=Consumer-topic-58811226_71bc_48b7_99d8_860d9adc4eb1] Successfully synced group in generation Generation{generationId=5, memberId='consumer-Consumer-topic-58811226_71bc_48b7_99d8_860d9adc4eb1-12-5dc94efe-ede9-4cd0-8937-318bfdaf4b1f', protocol='range'}
2025-08-13 02:14:43,664 INFO  [org.apa.kaf.cli.con.int.ConsumerCoordinator] (Thread-694) [Consumer clientId=consumer-Consumer-topic-58811226_71bc_48b7_99d8_860d9adc4eb1-12, groupId=Consumer-topic-58811226_71bc_48b7_99d8_860d9adc4eb1] Notifying assignor about the new Assignment(partitions=[topic-58811226_71bc_48b7_99d8_860d9adc4eb1-0])
2025-08-13 02:14:43,664 INFO  [org.apa.kaf.cli.con.int.ConsumerRebalanceListenerInvoker] (Thread-694) [Consumer clientId=consumer-Consumer-topic-58811226_71bc_48b7_99d8_860d9adc4eb1-12, groupId=Consumer-topic-58811226_71bc_48b7_99d8_860d9adc4eb1] Adding newly assigned partitions: topic-58811226_71bc_48b7_99d8_860d9adc4eb1-0
2025-08-13 02:14:43,665 INFO  [org.apa.kaf.cli.con.int.ConsumerUtils] (Thread-694) Setting offset for partition topic-58811226_71bc_48b7_99d8_860d9adc4eb1-0 to the committed offset FetchPosition{offset=30, offsetEpoch=Optional[0], currentLeader=LeaderAndEpoch{leader=Optional[localhost:32769 (id: 0 rack: null)], epoch=0}}
2025-08-13 02:14:43,852 INFO  [io.api.tes.ser.api.KafkaSerdesTester] (Thread-694) topic-58811226_71bc_48b7_99d8_860d9adc4eb1 0 30 {"key11755051269447": "value-0", "key21755051274272": "value-0", "key31755051279222": "value-0"}
2025-08-13 02:14:43,852 INFO  [io.api.tes.ser.api.KafkaSerdesTester] (Thread-694) topic-58811226_71bc_48b7_99d8_860d9adc4eb1 0 31 {"key11755051269447": "value-1", "key21755051274272": "value-1", "key31755051279222": "value-1"}
2025-08-13 02:14:43,852 INFO  [io.api.tes.ser.api.KafkaSerdesTester] (Thread-694) topic-58811226_71bc_48b7_99d8_860d9adc4eb1 0 32 {"key11755051269447": "value-2", "key21755051274272": "value-2", "key31755051279222": "value-2"}
2025-08-13 02:14:43,852 INFO  [io.api.tes.ser.api.KafkaSerdesTester] (Thread-694) topic-58811226_71bc_48b7_99d8_860d9adc4eb1 0 33 {"key11755051269447": "value-3", "key21755051274272": "value-3", "key31755051279222": "value-3"}
2025-08-13 02:14:43,852 INFO  [io.api.tes.ser.api.KafkaSerdesTester] (Thread-694) topic-58811226_71bc_48b7_99d8_860d9adc4eb1 0 34 {"key11755051269447": "value-4", "key21755051274272": "value-4", "key31755051279222": "value-4"}
2025-08-13 02:14:43,852 INFO  [io.api.tes.ser.api.KafkaSerdesTester] (Thread-694) topic-58811226_71bc_48b7_99d8_860d9adc4eb1 0 35 {"key11755051269447": "value-5", "key21755051274272": "value-5", "key31755051279222": "value-5"}
2025-08-13 02:14:43,852 INFO  [io.api.tes.ser.api.KafkaSerdesTester] (Thread-694) topic-58811226_71bc_48b7_99d8_860d9adc4eb1 0 36 {"key11755051269447": "value-6", "key21755051274272": "value-6", "key31755051279222": "value-6"}
2025-08-13 02:14:43,852 INFO  [io.api.tes.ser.api.KafkaSerdesTester] (Thread-694) topic-58811226_71bc_48b7_99d8_860d9adc4eb1 0 37 {"key11755051269447": "value-7", "key21755051274272": "value-7", "key31755051279222": "value-7"}
2025-08-13 02:14:43,853 INFO  [io.api.tes.ser.api.KafkaSerdesTester] (Thread-694) topic-58811226_71bc_48b7_99d8_860d9adc4eb1 0 38 {"key11755051269447": "value-8", "key21755051274272": "value-8", "key31755051279222": "value-8"}
2025-08-13 02:14:43,853 INFO  [io.api.tes.ser.api.KafkaSerdesTester] (Thread-694) topic-58811226_71bc_48b7_99d8_860d9adc4eb1 0 39 {"key11755051269447": "value-9", "key21755051274272": "value-9", "key31755051279222": "value-9"}
2025-08-13 02:14:43,853 INFO  [io.api.tes.ser.api.KafkaSerdesTester] (Thread-694) topic-58811226_71bc_48b7_99d8_860d9adc4eb1 0 40 {"key11755051269447": "value-0", "key21755051274272": "value-0"}
2025-08-13 02:14:43,853 INFO  [io.api.tes.ser.api.KafkaSerdesTester] (Thread-694) topic-58811226_71bc_48b7_99d8_860d9adc4eb1 0 41 {"key11755051269447": "value-1", "key21755051274272": "value-1"}
2025-08-13 02:14:43,853 INFO  [io.api.tes.ser.api.KafkaSerdesTester] (Thread-694) topic-58811226_71bc_48b7_99d8_860d9adc4eb1 0 42 {"key11755051269447": "value-2", "key21755051274272": "value-2"}
2025-08-13 02:14:43,853 INFO  [io.api.tes.ser.api.KafkaSerdesTester] (Thread-694) topic-58811226_71bc_48b7_99d8_860d9adc4eb1 0 43 {"key11755051269447": "value-3", "key21755051274272": "value-3"}
2025-08-13 02:14:43,853 INFO  [io.api.tes.ser.api.KafkaSerdesTester] (Thread-694) topic-58811226_71bc_48b7_99d8_860d9adc4eb1 0 44 {"key11755051269447": "value-4", "key21755051274272": "value-4"}
2025-08-13 02:14:43,853 INFO  [io.api.tes.ser.api.KafkaSerdesTester] (Thread-694) topic-58811226_71bc_48b7_99d8_860d9adc4eb1 0 45 {"key11755051269447": "value-5", "key21755051274272": "value-5"}
2025-08-13 02:14:43,853 INFO  [io.api.tes.ser.api.KafkaSerdesTester] (Thread-694) topic-58811226_71bc_48b7_99d8_860d9adc4eb1 0 46 {"key11755051269447": "value-6", "key21755051274272": "value-6"}
2025-08-13 02:14:43,853 INFO  [io.api.tes.ser.api.KafkaSerdesTester] (Thread-694) topic-58811226_71bc_48b7_99d8_860d9adc4eb1 0 47 {"key11755051269447": "value-7", "key21755051274272": "value-7"}
2025-08-13 02:14:43,853 INFO  [io.api.tes.ser.api.KafkaSerdesTester] (Thread-694) topic-58811226_71bc_48b7_99d8_860d9adc4eb1 0 48 {"key11755051269447": "value-8", "key21755051274272": "value-8"}
2025-08-13 02:14:43,853 INFO  [io.api.tes.ser.api.KafkaSerdesTester] (Thread-694) topic-58811226_71bc_48b7_99d8_860d9adc4eb1 0 49 {"key11755051269447": "value-9", "key21755051274272": "value-9"}
2025-08-13 02:14:43,853 INFO  [io.api.tes.ser.api.KafkaSerdesTester] (Thread-694) topic-58811226_71bc_48b7_99d8_860d9adc4eb1 0 50 {"key11755051269447": "value-0"}
2025-08-13 02:14:43,853 INFO  [io.api.tes.ser.api.KafkaSerdesTester] (Thread-694) topic-58811226_71bc_48b7_99d8_860d9adc4eb1 0 51 {"key11755051269447": "value-1"}
2025-08-13 02:14:43,853 INFO  [io.api.tes.ser.api.KafkaSerdesTester] (Thread-694) topic-58811226_71bc_48b7_99d8_860d9adc4eb1 0 52 {"key11755051269447": "value-2"}
2025-08-13 02:14:43,853 INFO  [io.api.tes.ser.api.KafkaSerdesTester] (Thread-694) topic-58811226_71bc_48b7_99d8_860d9adc4eb1 0 53 {"key11755051269447": "value-3"}
2025-08-13 02:14:43,853 INFO  [io.api.tes.ser.api.KafkaSerdesTester] (Thread-694) topic-58811226_71bc_48b7_99d8_860d9adc4eb1 0 54 {"key11755051269447": "value-4"}
2025-08-13 02:14:43,853 INFO  [io.api.tes.ser.api.KafkaSerdesTester] (Thread-694) topic-58811226_71bc_48b7_99d8_860d9adc4eb1 0 55 {"key11755051269447": "value-5"}
2025-08-13 02:14:43,853 INFO  [io.api.tes.ser.api.KafkaSerdesTester] (Thread-694) topic-58811226_71bc_48b7_99d8_860d9adc4eb1 0 56 {"key11755051269447": "value-6"}
2025-08-13 02:14:43,853 INFO  [io.api.tes.ser.api.KafkaSerdesTester] (Thread-694) topic-58811226_71bc_48b7_99d8_860d9adc4eb1 0 57 {"key11755051269447": "value-7"}
2025-08-13 02:14:43,853 INFO  [io.api.tes.ser.api.KafkaSerdesTester] (Thread-694) topic-58811226_71bc_48b7_99d8_860d9adc4eb1 0 58 {"key11755051269447": "value-8"}
2025-08-13 02:14:43,853 INFO  [io.api.tes.ser.api.KafkaSerdesTester] (Thread-694) topic-58811226_71bc_48b7_99d8_860d9adc4eb1 0 59 {"key11755051269447": "value-9"}
2025-08-13 02:14:43,853 INFO  [io.api.tes.ser.api.KafkaSerdesTester] (Thread-694) Consumed 30 messages
2025-08-13 02:14:43,861 INFO  [org.apa.kaf.cli.con.int.ConsumerRebalanceListenerInvoker] (Thread-694) [Consumer clientId=consumer-Consumer-topic-58811226_71bc_48b7_99d8_860d9adc4eb1-12, groupId=Consumer-topic-58811226_71bc_48b7_99d8_860d9adc4eb1] Revoke previously assigned partitions topic-58811226_71bc_48b7_99d8_860d9adc4eb1-0
2025-08-13 02:14:43,861 INFO  [org.apa.kaf.cli.con.int.ConsumerCoordinator] (Thread-694) [Consumer clientId=consumer-Consumer-topic-58811226_71bc_48b7_99d8_860d9adc4eb1-12, groupId=Consumer-topic-58811226_71bc_48b7_99d8_860d9adc4eb1] Member consumer-Consumer-topic-58811226_71bc_48b7_99d8_860d9adc4eb1-12-5dc94efe-ede9-4cd0-8937-318bfdaf4b1f sending LeaveGroup request to coordinator localhost:32769 (id: 2147483647 rack: null) due to the consumer is being closed
2025-08-13 02:14:43,861 INFO  [org.apa.kaf.cli.con.int.ConsumerCoordinator] (Thread-694) [Consumer clientId=consumer-Consumer-topic-58811226_71bc_48b7_99d8_860d9adc4eb1-12, groupId=Consumer-topic-58811226_71bc_48b7_99d8_860d9adc4eb1] Resetting generation and member id due to: consumer pro-actively leaving the group
2025-08-13 02:14:43,861 INFO  [org.apa.kaf.cli.con.int.ConsumerCoordinator] (Thread-694) [Consumer clientId=consumer-Consumer-topic-58811226_71bc_48b7_99d8_860d9adc4eb1-12, groupId=Consumer-topic-58811226_71bc_48b7_99d8_860d9adc4eb1] Request joining group due to: consumer pro-actively leaving the group
2025-08-13 02:14:44,355 INFO  [org.apa.kaf.com.met.Metrics] (Thread-694) Metrics scheduler closed
2025-08-13 02:14:44,355 INFO  [org.apa.kaf.com.met.Metrics] (Thread-694) Closing reporter org.apache.kafka.common.metrics.JmxReporter
2025-08-13 02:14:44,355 INFO  [org.apa.kaf.com.met.Metrics] (Thread-694) Closing reporter org.apache.kafka.common.telemetry.internals.ClientTelemetryReporter
2025-08-13 02:14:44,355 INFO  [org.apa.kaf.com.met.Metrics] (Thread-694) Metrics reporters closed
2025-08-13 02:14:44,357 INFO  [org.apa.kaf.com.uti.AppInfoParser] (Thread-694) App info kafka.consumer for consumer-Consumer-topic-58811226_71bc_48b7_99d8_860d9adc4eb1-12 unregistered
2025-08-13 02:14:44,357 INFO  [org.apa.kaf.cli.pro.KafkaProducer] (main) [Producer clientId=Producer-topic-58811226_71bc_48b7_99d8_860d9adc4eb1] Closing the Kafka producer with timeoutMillis = 9223372036854775807 ms.
2025-08-13 02:14:44,357 INFO  [org.apa.kaf.com.met.Metrics] (main) Metrics scheduler closed
2025-08-13 02:14:44,357 INFO  [org.apa.kaf.com.met.Metrics] (main) Closing reporter org.apache.kafka.common.metrics.JmxReporter
2025-08-13 02:14:44,357 INFO  [org.apa.kaf.com.met.Metrics] (main) Closing reporter org.apache.kafka.common.telemetry.internals.ClientTelemetryReporter
2025-08-13 02:14:44,358 INFO  [org.apa.kaf.com.met.Metrics] (main) Metrics reporters closed
2025-08-13 02:14:44,358 INFO  [org.apa.kaf.com.uti.AppInfoParser] (main) App info kafka.producer for Producer-topic-58811226_71bc_48b7_99d8_860d9adc4eb1 unregistered
2025-08-13 02:14:44,358 INFO  [io.api.tes.uti.TestSeparator] (main) io.apicurio.tests.serdes.apicurio.AvroSerdeIT.testEvolveAvroApicurio-FINISHED
2025-08-13 02:14:44,358 INFO  [io.api.tes.uti.TestSeparator] (main) ############################################################################
Test passed: testEvolveAvroApicurio
]]></system-out>
  </testcase>
  <testcase name="testTopicRecordIdStrategydFindLatest" classname="io.apicurio.tests.serdes.apicurio.AvroSerdeIT" time="4.843">
    <system-out><![CDATA[2025-08-13 02:14:44,360 INFO  [io.api.tes.uti.TestSeparator] (main) ############################################################################
2025-08-13 02:14:44,360 INFO  [io.api.tes.uti.TestSeparator] (main) io.apicurio.tests.serdes.apicurio.AvroSerdeIT.testTopicRecordIdStrategydFindLatest-STARTED
2025-08-13 02:14:44,364 INFO  [io.api.tes.ser.api.AvroSerdeIT] (main) Registering Avro Schema: {"type":"record","name":"sa0361785xdbf0x4f88x9a4fx464990c1db38","namespace":"sdb6aa941x416cx4b7dx9f1ex48f2bd2c309d","fields":[{"name":"key11755051284360","type":"string"}]}
**** Registry Base URL: http://registry-app-pg17.apps.ci419.apicurio-testing.org:80
2025-08-13 02:14:45,440 INFO  [org.apa.kaf.cli.pro.ProducerConfig] (main) ProducerConfig values: 
	acks = -1
	auto.include.jmx.reporter = true
	batch.size = 16384
	bootstrap.servers = [PLAINTEXT://localhost:32769]
	buffer.memory = 33554432
	client.dns.lookup = use_all_dns_ips
	client.id = Producer-topic-71e39181_a1c0_444e_8e94_9d45183a4396
	compression.gzip.level = -1
	compression.lz4.level = 9
	compression.type = none
	compression.zstd.level = 3
	connections.max.idle.ms = 10000
	delivery.timeout.ms = 120000
	enable.idempotence = true
	enable.metrics.push = true
	interceptor.classes = []
	key.serializer = class org.apache.kafka.common.serialization.StringSerializer
	linger.ms = 0
	max.block.ms = 60000
	max.in.flight.requests.per.connection = 5
	max.request.size = 1048576
	metadata.max.age.ms = 300000
	metadata.max.idle.ms = 300000
	metadata.recovery.strategy = none
	metric.reporters = []
	metrics.num.samples = 2
	metrics.recording.level = INFO
	metrics.sample.window.ms = 30000
	partitioner.adaptive.partitioning.enable = true
	partitioner.availability.timeout.ms = 0
	partitioner.class = null
	partitioner.ignore.keys = false
	receive.buffer.bytes = 32768
	reconnect.backoff.max.ms = 1000
	reconnect.backoff.ms = 50
	request.timeout.ms = 5000
	retries = 2147483647
	retry.backoff.max.ms = 1000
	retry.backoff.ms = 100
	sasl.client.callback.handler.class = null
	sasl.jaas.config = null
	sasl.kerberos.kinit.cmd = /usr/bin/kinit
	sasl.kerberos.min.time.before.relogin = 60000
	sasl.kerberos.service.name = null
	sasl.kerberos.ticket.renew.jitter = 0.05
	sasl.kerberos.ticket.renew.window.factor = 0.8
	sasl.login.callback.handler.class = null
	sasl.login.class = null
	sasl.login.connect.timeout.ms = null
	sasl.login.read.timeout.ms = null
	sasl.login.refresh.buffer.seconds = 300
	sasl.login.refresh.min.period.seconds = 60
	sasl.login.refresh.window.factor = 0.8
	sasl.login.refresh.window.jitter = 0.05
	sasl.login.retry.backoff.max.ms = 10000
	sasl.login.retry.backoff.ms = 100
	sasl.mechanism = GSSAPI
	sasl.oauthbearer.clock.skew.seconds = 30
	sasl.oauthbearer.expected.audience = null
	sasl.oauthbearer.expected.issuer = null
	sasl.oauthbearer.header.urlencode = false
	sasl.oauthbearer.jwks.endpoint.refresh.ms = 3600000
	sasl.oauthbearer.jwks.endpoint.retry.backoff.max.ms = 10000
	sasl.oauthbearer.jwks.endpoint.retry.backoff.ms = 100
	sasl.oauthbearer.jwks.endpoint.url = null
	sasl.oauthbearer.scope.claim.name = scope
	sasl.oauthbearer.sub.claim.name = sub
	sasl.oauthbearer.token.endpoint.url = null
	security.protocol = PLAINTEXT
	security.providers = null
	send.buffer.bytes = 131072
	socket.connection.setup.timeout.max.ms = 30000
	socket.connection.setup.timeout.ms = 10000
	ssl.cipher.suites = null
	ssl.enabled.protocols = [TLSv1.2, TLSv1.3]
	ssl.endpoint.identification.algorithm = https
	ssl.engine.factory.class = null
	ssl.key.password = null
	ssl.keymanager.algorithm = SunX509
	ssl.keystore.certificate.chain = null
	ssl.keystore.key = null
	ssl.keystore.location = null
	ssl.keystore.password = null
	ssl.keystore.type = JKS
	ssl.protocol = TLSv1.3
	ssl.provider = null
	ssl.secure.random.implementation = null
	ssl.trustmanager.algorithm = PKIX
	ssl.truststore.certificates = null
	ssl.truststore.location = null
	ssl.truststore.password = null
	ssl.truststore.type = JKS
	transaction.timeout.ms = 60000
	transactional.id = null
	value.serializer = class io.apicurio.registry.serde.avro.AvroKafkaSerializer

2025-08-13 02:14:45,441 INFO  [org.apa.kaf.com.tel.int.KafkaMetricsCollector] (main) initializing Kafka metrics collector
2025-08-13 02:14:45,443 INFO  [org.apa.kaf.cli.pro.KafkaProducer] (main) [Producer clientId=Producer-topic-71e39181_a1c0_444e_8e94_9d45183a4396] Instantiated an idempotent producer.
2025-08-13 02:14:45,445 INFO  [org.apa.kaf.cli.pro.ProducerConfig] (main) These configurations '[apicurio.registry.find-latest, apicurio.registry.url, apicurio.registry.artifact-resolver-strategy]' were supplied but are not used yet.
2025-08-13 02:14:45,445 INFO  [org.apa.kaf.com.uti.AppInfoParser] (main) Kafka version: 3.9.1
2025-08-13 02:14:45,445 INFO  [org.apa.kaf.com.uti.AppInfoParser] (main) Kafka commitId: f745dfdcee2b9851
2025-08-13 02:14:45,445 INFO  [org.apa.kaf.com.uti.AppInfoParser] (main) Kafka startTimeMs: 1755051285445
2025-08-13 02:14:45,445 INFO  [io.api.tes.ser.api.SimpleSerdesTesterBuilder$SimpleSerdesTester] (main) Using producer configuration: {apicurio.registry.find-latest=true, apicurio.registry.url=http://registry-app-pg17.apps.ci419.apicurio-testing.org:80/apis/registry/v3, apicurio.registry.artifact-resolver-strategy=io.apicurio.registry.serde.avro.strategy.TopicRecordIdStrategy, value.serializer=io.apicurio.registry.serde.avro.AvroKafkaSerializer, request.timeout.ms=5000, acks=all, bootstrap.servers=PLAINTEXT://localhost:32769, connections.max.idle.ms=10000, key.serializer=org.apache.kafka.common.serialization.StringSerializer, client.id=Producer-topic-71e39181_a1c0_444e_8e94_9d45183a4396}
2025-08-13 02:14:45,445 INFO  [io.api.tes.ser.api.SimpleSerdesTesterBuilder$SimpleSerdesTester] (main) Using consumer configuration: {}
2025-08-13 02:14:45,446 INFO  [io.api.tes.ser.api.KafkaSerdesTester] (Thread-697) Sending message {"key11755051284360": "value-0"} to topic topic-71e39181_a1c0_444e_8e94_9d45183a4396
2025-08-13 02:14:45,448 INFO  [org.apa.kaf.cli.Metadata] (kafka-producer-network-thread | Producer-topic-71e39181_a1c0_444e_8e94_9d45183a4396) [Producer clientId=Producer-topic-71e39181_a1c0_444e_8e94_9d45183a4396] Cluster ID: NjaB_jQRSOy2vs25Uo6hCg
2025-08-13 02:14:45,448 INFO  [org.apa.kaf.cli.pro.int.TransactionManager] (kafka-producer-network-thread | Producer-topic-71e39181_a1c0_444e_8e94_9d45183a4396) [Producer clientId=Producer-topic-71e39181_a1c0_444e_8e94_9d45183a4396] ProducerId set to 18 with epoch 0
2025-08-13 02:14:45,560 INFO  [io.api.tes.ser.api.KafkaSerdesTester] (Thread-697) Sending message {"key11755051284360": "value-1"} to topic topic-71e39181_a1c0_444e_8e94_9d45183a4396
2025-08-13 02:14:45,561 INFO  [io.api.tes.ser.api.KafkaSerdesTester] (Thread-697) Sending message {"key11755051284360": "value-2"} to topic topic-71e39181_a1c0_444e_8e94_9d45183a4396
2025-08-13 02:14:45,563 INFO  [io.api.tes.ser.api.KafkaSerdesTester] (Thread-697) Sending message {"key11755051284360": "value-3"} to topic topic-71e39181_a1c0_444e_8e94_9d45183a4396
2025-08-13 02:14:45,564 INFO  [io.api.tes.ser.api.KafkaSerdesTester] (Thread-697) Sending message {"key11755051284360": "value-4"} to topic topic-71e39181_a1c0_444e_8e94_9d45183a4396
2025-08-13 02:14:45,569 INFO  [io.api.tes.ser.api.KafkaSerdesTester] (Thread-697) Sending message {"key11755051284360": "value-5"} to topic topic-71e39181_a1c0_444e_8e94_9d45183a4396
2025-08-13 02:14:45,570 INFO  [io.api.tes.ser.api.KafkaSerdesTester] (Thread-697) Sending message {"key11755051284360": "value-6"} to topic topic-71e39181_a1c0_444e_8e94_9d45183a4396
2025-08-13 02:14:45,572 INFO  [io.api.tes.ser.api.KafkaSerdesTester] (Thread-697) Sending message {"key11755051284360": "value-7"} to topic topic-71e39181_a1c0_444e_8e94_9d45183a4396
2025-08-13 02:14:45,575 INFO  [io.api.tes.ser.api.KafkaSerdesTester] (Thread-697) Sending message {"key11755051284360": "value-8"} to topic topic-71e39181_a1c0_444e_8e94_9d45183a4396
2025-08-13 02:14:45,576 INFO  [io.api.tes.ser.api.KafkaSerdesTester] (Thread-697) Sending message {"key11755051284360": "value-9"} to topic topic-71e39181_a1c0_444e_8e94_9d45183a4396
2025-08-13 02:14:45,578 INFO  [io.api.tes.ser.api.KafkaSerdesTester] (Thread-697) Produced 10 messages
2025-08-13 02:14:45,578 INFO  [org.apa.kaf.cli.pro.KafkaProducer] (Thread-697) [Producer clientId=Producer-topic-71e39181_a1c0_444e_8e94_9d45183a4396] Closing the Kafka producer with timeoutMillis = 9223372036854775807 ms.
2025-08-13 02:14:45,581 INFO  [org.apa.kaf.com.met.Metrics] (Thread-697) Metrics scheduler closed
2025-08-13 02:14:45,581 INFO  [org.apa.kaf.com.met.Metrics] (Thread-697) Closing reporter org.apache.kafka.common.metrics.JmxReporter
2025-08-13 02:14:45,581 INFO  [org.apa.kaf.com.met.Metrics] (Thread-697) Closing reporter org.apache.kafka.common.telemetry.internals.ClientTelemetryReporter
2025-08-13 02:14:45,581 INFO  [org.apa.kaf.com.met.Metrics] (Thread-697) Metrics reporters closed
2025-08-13 02:14:45,581 INFO  [org.apa.kaf.com.uti.AppInfoParser] (Thread-697) App info kafka.producer for Producer-topic-71e39181_a1c0_444e_8e94_9d45183a4396 unregistered
**** Registry Base URL: http://registry-app-pg17.apps.ci419.apicurio-testing.org:80
2025-08-13 02:14:45,582 INFO  [org.apa.kaf.cli.con.ConsumerConfig] (main) ConsumerConfig values: 
	allow.auto.create.topics = true
	auto.commit.interval.ms = 500
	auto.include.jmx.reporter = true
	auto.offset.reset = earliest
	bootstrap.servers = [PLAINTEXT://localhost:32769]
	check.crcs = true
	client.dns.lookup = use_all_dns_ips
	client.id = consumer-Consumer-topic-71e39181_a1c0_444e_8e94_9d45183a4396-13
	client.rack = 
	connections.max.idle.ms = 10000
	default.api.timeout.ms = 60000
	enable.auto.commit = true
	enable.metrics.push = true
	exclude.internal.topics = true
	fetch.max.bytes = 52428800
	fetch.max.wait.ms = 500
	fetch.min.bytes = 1
	group.id = Consumer-topic-71e39181_a1c0_444e_8e94_9d45183a4396
	group.instance.id = null
	group.protocol = classic
	group.remote.assignor = null
	heartbeat.interval.ms = 3000
	interceptor.classes = []
	internal.leave.group.on.close = true
	internal.throw.on.fetch.stable.offset.unsupported = false
	isolation.level = read_uncommitted
	key.deserializer = class org.apache.kafka.common.serialization.StringDeserializer
	max.partition.fetch.bytes = 1048576
	max.poll.interval.ms = 300000
	max.poll.records = 500
	metadata.max.age.ms = 300000
	metadata.recovery.strategy = none
	metric.reporters = []
	metrics.num.samples = 2
	metrics.recording.level = INFO
	metrics.sample.window.ms = 30000
	partition.assignment.strategy = [class org.apache.kafka.clients.consumer.RangeAssignor, class org.apache.kafka.clients.consumer.CooperativeStickyAssignor]
	receive.buffer.bytes = 65536
	reconnect.backoff.max.ms = 1000
	reconnect.backoff.ms = 50
	request.timeout.ms = 5000
	retry.backoff.max.ms = 1000
	retry.backoff.ms = 100
	sasl.client.callback.handler.class = null
	sasl.jaas.config = null
	sasl.kerberos.kinit.cmd = /usr/bin/kinit
	sasl.kerberos.min.time.before.relogin = 60000
	sasl.kerberos.service.name = null
	sasl.kerberos.ticket.renew.jitter = 0.05
	sasl.kerberos.ticket.renew.window.factor = 0.8
	sasl.login.callback.handler.class = null
	sasl.login.class = null
	sasl.login.connect.timeout.ms = null
	sasl.login.read.timeout.ms = null
	sasl.login.refresh.buffer.seconds = 300
	sasl.login.refresh.min.period.seconds = 60
	sasl.login.refresh.window.factor = 0.8
	sasl.login.refresh.window.jitter = 0.05
	sasl.login.retry.backoff.max.ms = 10000
	sasl.login.retry.backoff.ms = 100
	sasl.mechanism = GSSAPI
	sasl.oauthbearer.clock.skew.seconds = 30
	sasl.oauthbearer.expected.audience = null
	sasl.oauthbearer.expected.issuer = null
	sasl.oauthbearer.header.urlencode = false
	sasl.oauthbearer.jwks.endpoint.refresh.ms = 3600000
	sasl.oauthbearer.jwks.endpoint.retry.backoff.max.ms = 10000
	sasl.oauthbearer.jwks.endpoint.retry.backoff.ms = 100
	sasl.oauthbearer.jwks.endpoint.url = null
	sasl.oauthbearer.scope.claim.name = scope
	sasl.oauthbearer.sub.claim.name = sub
	sasl.oauthbearer.token.endpoint.url = null
	security.protocol = PLAINTEXT
	security.providers = null
	send.buffer.bytes = 131072
	session.timeout.ms = 45000
	socket.connection.setup.timeout.max.ms = 30000
	socket.connection.setup.timeout.ms = 10000
	ssl.cipher.suites = null
	ssl.enabled.protocols = [TLSv1.2, TLSv1.3]
	ssl.endpoint.identification.algorithm = https
	ssl.engine.factory.class = null
	ssl.key.password = null
	ssl.keymanager.algorithm = SunX509
	ssl.keystore.certificate.chain = null
	ssl.keystore.key = null
	ssl.keystore.location = null
	ssl.keystore.password = null
	ssl.keystore.type = JKS
	ssl.protocol = TLSv1.3
	ssl.provider = null
	ssl.secure.random.implementation = null
	ssl.trustmanager.algorithm = PKIX
	ssl.truststore.certificates = null
	ssl.truststore.location = null
	ssl.truststore.password = null
	ssl.truststore.type = JKS
	value.deserializer = class io.apicurio.registry.serde.avro.AvroKafkaDeserializer

2025-08-13 02:14:45,582 INFO  [org.apa.kaf.com.tel.int.KafkaMetricsCollector] (main) initializing Kafka metrics collector
2025-08-13 02:14:45,587 INFO  [org.apa.kaf.cli.con.ConsumerConfig] (main) These configurations '[apicurio.registry.url]' were supplied but are not used yet.
2025-08-13 02:14:45,587 INFO  [org.apa.kaf.com.uti.AppInfoParser] (main) Kafka version: 3.9.1
2025-08-13 02:14:45,587 INFO  [org.apa.kaf.com.uti.AppInfoParser] (main) Kafka commitId: f745dfdcee2b9851
2025-08-13 02:14:45,587 INFO  [org.apa.kaf.com.uti.AppInfoParser] (main) Kafka startTimeMs: 1755051285587
2025-08-13 02:14:45,588 INFO  [org.apa.kaf.cli.con.int.ClassicKafkaConsumer] (Thread-700) [Consumer clientId=consumer-Consumer-topic-71e39181_a1c0_444e_8e94_9d45183a4396-13, groupId=Consumer-topic-71e39181_a1c0_444e_8e94_9d45183a4396] Subscribed to topic(s): topic-71e39181_a1c0_444e_8e94_9d45183a4396
2025-08-13 02:14:45,591 INFO  [org.apa.kaf.cli.Metadata] (Thread-700) [Consumer clientId=consumer-Consumer-topic-71e39181_a1c0_444e_8e94_9d45183a4396-13, groupId=Consumer-topic-71e39181_a1c0_444e_8e94_9d45183a4396] Cluster ID: NjaB_jQRSOy2vs25Uo6hCg
2025-08-13 02:14:45,592 INFO  [org.apa.kaf.cli.con.int.ConsumerCoordinator] (Thread-700) [Consumer clientId=consumer-Consumer-topic-71e39181_a1c0_444e_8e94_9d45183a4396-13, groupId=Consumer-topic-71e39181_a1c0_444e_8e94_9d45183a4396] Discovered group coordinator localhost:32769 (id: 2147483647 rack: null)
2025-08-13 02:14:45,594 INFO  [org.apa.kaf.cli.con.int.ConsumerCoordinator] (Thread-700) [Consumer clientId=consumer-Consumer-topic-71e39181_a1c0_444e_8e94_9d45183a4396-13, groupId=Consumer-topic-71e39181_a1c0_444e_8e94_9d45183a4396] (Re-)joining group
2025-08-13 02:14:45,598 INFO  [org.apa.kaf.cli.con.int.ConsumerCoordinator] (Thread-700) [Consumer clientId=consumer-Consumer-topic-71e39181_a1c0_444e_8e94_9d45183a4396-13, groupId=Consumer-topic-71e39181_a1c0_444e_8e94_9d45183a4396] Request joining group due to: need to re-join with the given member-id: consumer-Consumer-topic-71e39181_a1c0_444e_8e94_9d45183a4396-13-e4a56561-1021-4cb8-a795-8da1764b4ffb
2025-08-13 02:14:45,598 INFO  [org.apa.kaf.cli.con.int.ConsumerCoordinator] (Thread-700) [Consumer clientId=consumer-Consumer-topic-71e39181_a1c0_444e_8e94_9d45183a4396-13, groupId=Consumer-topic-71e39181_a1c0_444e_8e94_9d45183a4396] (Re-)joining group
2025-08-13 02:14:46,588 INFO  [io.api.tes.ser.api.KafkaSerdesTester] (Thread-700) None found
2025-08-13 02:14:47,588 INFO  [io.api.tes.ser.api.KafkaSerdesTester] (Thread-700) None found
2025-08-13 02:14:48,588 INFO  [io.api.tes.ser.api.KafkaSerdesTester] (Thread-700) None found
2025-08-13 02:14:48,601 INFO  [org.apa.kaf.cli.con.int.ConsumerCoordinator] (Thread-700) [Consumer clientId=consumer-Consumer-topic-71e39181_a1c0_444e_8e94_9d45183a4396-13, groupId=Consumer-topic-71e39181_a1c0_444e_8e94_9d45183a4396] Successfully joined group with generation Generation{generationId=1, memberId='consumer-Consumer-topic-71e39181_a1c0_444e_8e94_9d45183a4396-13-e4a56561-1021-4cb8-a795-8da1764b4ffb', protocol='range'}
2025-08-13 02:14:48,601 INFO  [org.apa.kaf.cli.con.int.ConsumerCoordinator] (Thread-700) [Consumer clientId=consumer-Consumer-topic-71e39181_a1c0_444e_8e94_9d45183a4396-13, groupId=Consumer-topic-71e39181_a1c0_444e_8e94_9d45183a4396] Finished assignment for group at generation 1: {consumer-Consumer-topic-71e39181_a1c0_444e_8e94_9d45183a4396-13-e4a56561-1021-4cb8-a795-8da1764b4ffb=Assignment(partitions=[topic-71e39181_a1c0_444e_8e94_9d45183a4396-0])}
2025-08-13 02:14:48,608 INFO  [org.apa.kaf.cli.con.int.ConsumerCoordinator] (Thread-700) [Consumer clientId=consumer-Consumer-topic-71e39181_a1c0_444e_8e94_9d45183a4396-13, groupId=Consumer-topic-71e39181_a1c0_444e_8e94_9d45183a4396] Successfully synced group in generation Generation{generationId=1, memberId='consumer-Consumer-topic-71e39181_a1c0_444e_8e94_9d45183a4396-13-e4a56561-1021-4cb8-a795-8da1764b4ffb', protocol='range'}
2025-08-13 02:14:48,608 INFO  [org.apa.kaf.cli.con.int.ConsumerCoordinator] (Thread-700) [Consumer clientId=consumer-Consumer-topic-71e39181_a1c0_444e_8e94_9d45183a4396-13, groupId=Consumer-topic-71e39181_a1c0_444e_8e94_9d45183a4396] Notifying assignor about the new Assignment(partitions=[topic-71e39181_a1c0_444e_8e94_9d45183a4396-0])
2025-08-13 02:14:48,608 INFO  [org.apa.kaf.cli.con.int.ConsumerRebalanceListenerInvoker] (Thread-700) [Consumer clientId=consumer-Consumer-topic-71e39181_a1c0_444e_8e94_9d45183a4396-13, groupId=Consumer-topic-71e39181_a1c0_444e_8e94_9d45183a4396] Adding newly assigned partitions: topic-71e39181_a1c0_444e_8e94_9d45183a4396-0
2025-08-13 02:14:48,612 INFO  [org.apa.kaf.cli.con.int.ConsumerCoordinator] (Thread-700) [Consumer clientId=consumer-Consumer-topic-71e39181_a1c0_444e_8e94_9d45183a4396-13, groupId=Consumer-topic-71e39181_a1c0_444e_8e94_9d45183a4396] Found no committed offset for partition topic-71e39181_a1c0_444e_8e94_9d45183a4396-0
2025-08-13 02:14:48,616 INFO  [org.apa.kaf.cli.con.int.SubscriptionState] (Thread-700) [Consumer clientId=consumer-Consumer-topic-71e39181_a1c0_444e_8e94_9d45183a4396-13, groupId=Consumer-topic-71e39181_a1c0_444e_8e94_9d45183a4396] Resetting offset for partition topic-71e39181_a1c0_444e_8e94_9d45183a4396-0 to position FetchPosition{offset=0, offsetEpoch=Optional.empty, currentLeader=LeaderAndEpoch{leader=Optional[localhost:32769 (id: 0 rack: null)], epoch=0}}.
2025-08-13 02:14:48,696 INFO  [io.api.tes.ser.api.KafkaSerdesTester] (Thread-700) topic-71e39181_a1c0_444e_8e94_9d45183a4396 0 0 {"key11755051284360": "value-0"}
2025-08-13 02:14:48,697 INFO  [io.api.tes.ser.api.KafkaSerdesTester] (Thread-700) topic-71e39181_a1c0_444e_8e94_9d45183a4396 0 1 {"key11755051284360": "value-1"}
2025-08-13 02:14:48,697 INFO  [io.api.tes.ser.api.KafkaSerdesTester] (Thread-700) topic-71e39181_a1c0_444e_8e94_9d45183a4396 0 2 {"key11755051284360": "value-2"}
2025-08-13 02:14:48,697 INFO  [io.api.tes.ser.api.KafkaSerdesTester] (Thread-700) topic-71e39181_a1c0_444e_8e94_9d45183a4396 0 3 {"key11755051284360": "value-3"}
2025-08-13 02:14:48,697 INFO  [io.api.tes.ser.api.KafkaSerdesTester] (Thread-700) topic-71e39181_a1c0_444e_8e94_9d45183a4396 0 4 {"key11755051284360": "value-4"}
2025-08-13 02:14:48,697 INFO  [io.api.tes.ser.api.KafkaSerdesTester] (Thread-700) topic-71e39181_a1c0_444e_8e94_9d45183a4396 0 5 {"key11755051284360": "value-5"}
2025-08-13 02:14:48,697 INFO  [io.api.tes.ser.api.KafkaSerdesTester] (Thread-700) topic-71e39181_a1c0_444e_8e94_9d45183a4396 0 6 {"key11755051284360": "value-6"}
2025-08-13 02:14:48,697 INFO  [io.api.tes.ser.api.KafkaSerdesTester] (Thread-700) topic-71e39181_a1c0_444e_8e94_9d45183a4396 0 7 {"key11755051284360": "value-7"}
2025-08-13 02:14:48,697 INFO  [io.api.tes.ser.api.KafkaSerdesTester] (Thread-700) topic-71e39181_a1c0_444e_8e94_9d45183a4396 0 8 {"key11755051284360": "value-8"}
2025-08-13 02:14:48,697 INFO  [io.api.tes.ser.api.KafkaSerdesTester] (Thread-700) topic-71e39181_a1c0_444e_8e94_9d45183a4396 0 9 {"key11755051284360": "value-9"}
2025-08-13 02:14:48,697 INFO  [io.api.tes.ser.api.KafkaSerdesTester] (Thread-700) Consumed 10 messages
2025-08-13 02:14:48,706 INFO  [org.apa.kaf.cli.con.int.ConsumerRebalanceListenerInvoker] (Thread-700) [Consumer clientId=consumer-Consumer-topic-71e39181_a1c0_444e_8e94_9d45183a4396-13, groupId=Consumer-topic-71e39181_a1c0_444e_8e94_9d45183a4396] Revoke previously assigned partitions topic-71e39181_a1c0_444e_8e94_9d45183a4396-0
2025-08-13 02:14:48,706 INFO  [org.apa.kaf.cli.con.int.ConsumerCoordinator] (Thread-700) [Consumer clientId=consumer-Consumer-topic-71e39181_a1c0_444e_8e94_9d45183a4396-13, groupId=Consumer-topic-71e39181_a1c0_444e_8e94_9d45183a4396] Member consumer-Consumer-topic-71e39181_a1c0_444e_8e94_9d45183a4396-13-e4a56561-1021-4cb8-a795-8da1764b4ffb sending LeaveGroup request to coordinator localhost:32769 (id: 2147483647 rack: null) due to the consumer is being closed
2025-08-13 02:14:48,706 INFO  [org.apa.kaf.cli.con.int.ConsumerCoordinator] (Thread-700) [Consumer clientId=consumer-Consumer-topic-71e39181_a1c0_444e_8e94_9d45183a4396-13, groupId=Consumer-topic-71e39181_a1c0_444e_8e94_9d45183a4396] Resetting generation and member id due to: consumer pro-actively leaving the group
2025-08-13 02:14:48,706 INFO  [org.apa.kaf.cli.con.int.ConsumerCoordinator] (Thread-700) [Consumer clientId=consumer-Consumer-topic-71e39181_a1c0_444e_8e94_9d45183a4396-13, groupId=Consumer-topic-71e39181_a1c0_444e_8e94_9d45183a4396] Request joining group due to: consumer pro-actively leaving the group
2025-08-13 02:14:49,199 INFO  [org.apa.kaf.com.met.Metrics] (Thread-700) Metrics scheduler closed
2025-08-13 02:14:49,199 INFO  [org.apa.kaf.com.met.Metrics] (Thread-700) Closing reporter org.apache.kafka.common.metrics.JmxReporter
2025-08-13 02:14:49,199 INFO  [org.apa.kaf.com.met.Metrics] (Thread-700) Closing reporter org.apache.kafka.common.telemetry.internals.ClientTelemetryReporter
2025-08-13 02:14:49,199 INFO  [org.apa.kaf.com.met.Metrics] (Thread-700) Metrics reporters closed
2025-08-13 02:14:49,201 INFO  [org.apa.kaf.com.uti.AppInfoParser] (Thread-700) App info kafka.consumer for consumer-Consumer-topic-71e39181_a1c0_444e_8e94_9d45183a4396-13 unregistered
2025-08-13 02:14:49,202 INFO  [io.api.tes.uti.TestSeparator] (main) io.apicurio.tests.serdes.apicurio.AvroSerdeIT.testTopicRecordIdStrategydFindLatest-FINISHED
2025-08-13 02:14:49,202 INFO  [io.api.tes.uti.TestSeparator] (main) ############################################################################
Test passed: testTopicRecordIdStrategydFindLatest
]]></system-out>
  </testcase>
  <testcase name="testAvroConfluentForMultipleTopics" classname="io.apicurio.tests.serdes.apicurio.AvroSerdeIT" time="12.249">
    <system-out><![CDATA[2025-08-13 02:14:49,203 INFO  [io.api.tes.uti.TestSeparator] (main) ############################################################################
2025-08-13 02:14:49,203 INFO  [io.api.tes.uti.TestSeparator] (main) io.apicurio.tests.serdes.apicurio.AvroSerdeIT.testAvroConfluentForMultipleTopics-STARTED
2025-08-13 02:14:49,204 INFO  [io.api.tes.ser.api.AvroSerdeIT] (main) Registering Avro Schema: {"type":"record","name":"myrecordconfluent","fields":[{"name":"key11755051289204","type":"string"}]}
**** Registry Base URL: http://registry-app-pg17.apps.ci419.apicurio-testing.org:80
2025-08-13 02:14:50,306 INFO  [org.apa.kaf.cli.pro.ProducerConfig] (main) ProducerConfig values: 
	acks = -1
	auto.include.jmx.reporter = true
	batch.size = 16384
	bootstrap.servers = [PLAINTEXT://localhost:32769]
	buffer.memory = 33554432
	client.dns.lookup = use_all_dns_ips
	client.id = Producer-topic-fc7b80a0_a34d_442f_b7b8_6e7f1273e418
	compression.gzip.level = -1
	compression.lz4.level = 9
	compression.type = none
	compression.zstd.level = 3
	connections.max.idle.ms = 10000
	delivery.timeout.ms = 120000
	enable.idempotence = true
	enable.metrics.push = true
	interceptor.classes = []
	key.serializer = class org.apache.kafka.common.serialization.StringSerializer
	linger.ms = 0
	max.block.ms = 60000
	max.in.flight.requests.per.connection = 5
	max.request.size = 1048576
	metadata.max.age.ms = 300000
	metadata.max.idle.ms = 300000
	metadata.recovery.strategy = none
	metric.reporters = []
	metrics.num.samples = 2
	metrics.recording.level = INFO
	metrics.sample.window.ms = 30000
	partitioner.adaptive.partitioning.enable = true
	partitioner.availability.timeout.ms = 0
	partitioner.class = null
	partitioner.ignore.keys = false
	receive.buffer.bytes = 32768
	reconnect.backoff.max.ms = 1000
	reconnect.backoff.ms = 50
	request.timeout.ms = 5000
	retries = 2147483647
	retry.backoff.max.ms = 1000
	retry.backoff.ms = 100
	sasl.client.callback.handler.class = null
	sasl.jaas.config = null
	sasl.kerberos.kinit.cmd = /usr/bin/kinit
	sasl.kerberos.min.time.before.relogin = 60000
	sasl.kerberos.service.name = null
	sasl.kerberos.ticket.renew.jitter = 0.05
	sasl.kerberos.ticket.renew.window.factor = 0.8
	sasl.login.callback.handler.class = null
	sasl.login.class = null
	sasl.login.connect.timeout.ms = null
	sasl.login.read.timeout.ms = null
	sasl.login.refresh.buffer.seconds = 300
	sasl.login.refresh.min.period.seconds = 60
	sasl.login.refresh.window.factor = 0.8
	sasl.login.refresh.window.jitter = 0.05
	sasl.login.retry.backoff.max.ms = 10000
	sasl.login.retry.backoff.ms = 100
	sasl.mechanism = GSSAPI
	sasl.oauthbearer.clock.skew.seconds = 30
	sasl.oauthbearer.expected.audience = null
	sasl.oauthbearer.expected.issuer = null
	sasl.oauthbearer.header.urlencode = false
	sasl.oauthbearer.jwks.endpoint.refresh.ms = 3600000
	sasl.oauthbearer.jwks.endpoint.retry.backoff.max.ms = 10000
	sasl.oauthbearer.jwks.endpoint.retry.backoff.ms = 100
	sasl.oauthbearer.jwks.endpoint.url = null
	sasl.oauthbearer.scope.claim.name = scope
	sasl.oauthbearer.sub.claim.name = sub
	sasl.oauthbearer.token.endpoint.url = null
	security.protocol = PLAINTEXT
	security.providers = null
	send.buffer.bytes = 131072
	socket.connection.setup.timeout.max.ms = 30000
	socket.connection.setup.timeout.ms = 10000
	ssl.cipher.suites = null
	ssl.enabled.protocols = [TLSv1.2, TLSv1.3]
	ssl.endpoint.identification.algorithm = https
	ssl.engine.factory.class = null
	ssl.key.password = null
	ssl.keymanager.algorithm = SunX509
	ssl.keystore.certificate.chain = null
	ssl.keystore.key = null
	ssl.keystore.location = null
	ssl.keystore.password = null
	ssl.keystore.type = JKS
	ssl.protocol = TLSv1.3
	ssl.provider = null
	ssl.secure.random.implementation = null
	ssl.trustmanager.algorithm = PKIX
	ssl.truststore.certificates = null
	ssl.truststore.location = null
	ssl.truststore.password = null
	ssl.truststore.type = JKS
	transaction.timeout.ms = 60000
	transactional.id = null
	value.serializer = class io.apicurio.registry.serde.avro.AvroKafkaSerializer

2025-08-13 02:14:50,306 INFO  [org.apa.kaf.com.tel.int.KafkaMetricsCollector] (main) initializing Kafka metrics collector
2025-08-13 02:14:50,310 INFO  [org.apa.kaf.cli.pro.KafkaProducer] (main) [Producer clientId=Producer-topic-fc7b80a0_a34d_442f_b7b8_6e7f1273e418] Instantiated an idempotent producer.
2025-08-13 02:14:50,311 INFO  [org.apa.kaf.cli.pro.ProducerConfig] (main) These configurations '[apicurio.registry.url, apicurio.registry.artifact-resolver-strategy]' were supplied but are not used yet.
2025-08-13 02:14:50,311 INFO  [org.apa.kaf.com.uti.AppInfoParser] (main) Kafka version: 3.9.1
2025-08-13 02:14:50,311 INFO  [org.apa.kaf.com.uti.AppInfoParser] (main) Kafka commitId: f745dfdcee2b9851
2025-08-13 02:14:50,311 INFO  [org.apa.kaf.com.uti.AppInfoParser] (main) Kafka startTimeMs: 1755051290311
**** Registry Base URL: http://registry-app-pg17.apps.ci419.apicurio-testing.org:80
2025-08-13 02:14:50,312 INFO  [org.apa.kaf.cli.pro.ProducerConfig] (main) ProducerConfig values: 
	acks = -1
	auto.include.jmx.reporter = true
	batch.size = 16384
	bootstrap.servers = [PLAINTEXT://localhost:32769]
	buffer.memory = 33554432
	client.dns.lookup = use_all_dns_ips
	client.id = Producer-topic-90464c06_a46e_4fcc_9c51_d0c645c4b3d5
	compression.gzip.level = -1
	compression.lz4.level = 9
	compression.type = none
	compression.zstd.level = 3
	connections.max.idle.ms = 10000
	delivery.timeout.ms = 120000
	enable.idempotence = true
	enable.metrics.push = true
	interceptor.classes = []
	key.serializer = class org.apache.kafka.common.serialization.StringSerializer
	linger.ms = 0
	max.block.ms = 60000
	max.in.flight.requests.per.connection = 5
	max.request.size = 1048576
	metadata.max.age.ms = 300000
	metadata.max.idle.ms = 300000
	metadata.recovery.strategy = none
	metric.reporters = []
	metrics.num.samples = 2
	metrics.recording.level = INFO
	metrics.sample.window.ms = 30000
	partitioner.adaptive.partitioning.enable = true
	partitioner.availability.timeout.ms = 0
	partitioner.class = null
	partitioner.ignore.keys = false
	receive.buffer.bytes = 32768
	reconnect.backoff.max.ms = 1000
	reconnect.backoff.ms = 50
	request.timeout.ms = 5000
	retries = 2147483647
	retry.backoff.max.ms = 1000
	retry.backoff.ms = 100
	sasl.client.callback.handler.class = null
	sasl.jaas.config = null
	sasl.kerberos.kinit.cmd = /usr/bin/kinit
	sasl.kerberos.min.time.before.relogin = 60000
	sasl.kerberos.service.name = null
	sasl.kerberos.ticket.renew.jitter = 0.05
	sasl.kerberos.ticket.renew.window.factor = 0.8
	sasl.login.callback.handler.class = null
	sasl.login.class = null
	sasl.login.connect.timeout.ms = null
	sasl.login.read.timeout.ms = null
	sasl.login.refresh.buffer.seconds = 300
	sasl.login.refresh.min.period.seconds = 60
	sasl.login.refresh.window.factor = 0.8
	sasl.login.refresh.window.jitter = 0.05
	sasl.login.retry.backoff.max.ms = 10000
	sasl.login.retry.backoff.ms = 100
	sasl.mechanism = GSSAPI
	sasl.oauthbearer.clock.skew.seconds = 30
	sasl.oauthbearer.expected.audience = null
	sasl.oauthbearer.expected.issuer = null
	sasl.oauthbearer.header.urlencode = false
	sasl.oauthbearer.jwks.endpoint.refresh.ms = 3600000
	sasl.oauthbearer.jwks.endpoint.retry.backoff.max.ms = 10000
	sasl.oauthbearer.jwks.endpoint.retry.backoff.ms = 100
	sasl.oauthbearer.jwks.endpoint.url = null
	sasl.oauthbearer.scope.claim.name = scope
	sasl.oauthbearer.sub.claim.name = sub
	sasl.oauthbearer.token.endpoint.url = null
	security.protocol = PLAINTEXT
	security.providers = null
	send.buffer.bytes = 131072
	socket.connection.setup.timeout.max.ms = 30000
	socket.connection.setup.timeout.ms = 10000
	ssl.cipher.suites = null
	ssl.enabled.protocols = [TLSv1.2, TLSv1.3]
	ssl.endpoint.identification.algorithm = https
	ssl.engine.factory.class = null
	ssl.key.password = null
	ssl.keymanager.algorithm = SunX509
	ssl.keystore.certificate.chain = null
	ssl.keystore.key = null
	ssl.keystore.location = null
	ssl.keystore.password = null
	ssl.keystore.type = JKS
	ssl.protocol = TLSv1.3
	ssl.provider = null
	ssl.secure.random.implementation = null
	ssl.trustmanager.algorithm = PKIX
	ssl.truststore.certificates = null
	ssl.truststore.location = null
	ssl.truststore.password = null
	ssl.truststore.type = JKS
	transaction.timeout.ms = 60000
	transactional.id = null
	value.serializer = class io.apicurio.registry.serde.avro.AvroKafkaSerializer

2025-08-13 02:14:50,312 INFO  [org.apa.kaf.com.tel.int.KafkaMetricsCollector] (main) initializing Kafka metrics collector
2025-08-13 02:14:50,318 INFO  [org.apa.kaf.cli.pro.KafkaProducer] (main) [Producer clientId=Producer-topic-90464c06_a46e_4fcc_9c51_d0c645c4b3d5] Instantiated an idempotent producer.
2025-08-13 02:14:50,319 INFO  [org.apa.kaf.cli.Metadata] (kafka-producer-network-thread | Producer-topic-fc7b80a0_a34d_442f_b7b8_6e7f1273e418) [Producer clientId=Producer-topic-fc7b80a0_a34d_442f_b7b8_6e7f1273e418] Cluster ID: NjaB_jQRSOy2vs25Uo6hCg
2025-08-13 02:14:50,319 INFO  [org.apa.kaf.cli.pro.int.TransactionManager] (kafka-producer-network-thread | Producer-topic-fc7b80a0_a34d_442f_b7b8_6e7f1273e418) [Producer clientId=Producer-topic-fc7b80a0_a34d_442f_b7b8_6e7f1273e418] ProducerId set to 19 with epoch 0
2025-08-13 02:14:50,322 INFO  [org.apa.kaf.cli.pro.ProducerConfig] (main) These configurations '[apicurio.registry.url, apicurio.registry.artifact-resolver-strategy]' were supplied but are not used yet.
2025-08-13 02:14:50,322 INFO  [org.apa.kaf.com.uti.AppInfoParser] (main) Kafka version: 3.9.1
2025-08-13 02:14:50,322 INFO  [org.apa.kaf.com.uti.AppInfoParser] (main) Kafka commitId: f745dfdcee2b9851
2025-08-13 02:14:50,322 INFO  [org.apa.kaf.com.uti.AppInfoParser] (main) Kafka startTimeMs: 1755051290322
**** Registry Base URL: http://registry-app-pg17.apps.ci419.apicurio-testing.org:80
2025-08-13 02:14:50,323 INFO  [org.apa.kaf.cli.pro.ProducerConfig] (main) ProducerConfig values: 
	acks = -1
	auto.include.jmx.reporter = true
	batch.size = 16384
	bootstrap.servers = [PLAINTEXT://localhost:32769]
	buffer.memory = 33554432
	client.dns.lookup = use_all_dns_ips
	client.id = Producer-topic-90c7c7b1_27d3_4fc1_8cb5_d18ae2e27bd5
	compression.gzip.level = -1
	compression.lz4.level = 9
	compression.type = none
	compression.zstd.level = 3
	connections.max.idle.ms = 10000
	delivery.timeout.ms = 120000
	enable.idempotence = true
	enable.metrics.push = true
	interceptor.classes = []
	key.serializer = class org.apache.kafka.common.serialization.StringSerializer
	linger.ms = 0
	max.block.ms = 60000
	max.in.flight.requests.per.connection = 5
	max.request.size = 1048576
	metadata.max.age.ms = 300000
	metadata.max.idle.ms = 300000
	metadata.recovery.strategy = none
	metric.reporters = []
	metrics.num.samples = 2
	metrics.recording.level = INFO
	metrics.sample.window.ms = 30000
	partitioner.adaptive.partitioning.enable = true
	partitioner.availability.timeout.ms = 0
	partitioner.class = null
	partitioner.ignore.keys = false
	receive.buffer.bytes = 32768
	reconnect.backoff.max.ms = 1000
	reconnect.backoff.ms = 50
	request.timeout.ms = 5000
	retries = 2147483647
	retry.backoff.max.ms = 1000
	retry.backoff.ms = 100
	sasl.client.callback.handler.class = null
	sasl.jaas.config = null
	sasl.kerberos.kinit.cmd = /usr/bin/kinit
	sasl.kerberos.min.time.before.relogin = 60000
	sasl.kerberos.service.name = null
	sasl.kerberos.ticket.renew.jitter = 0.05
	sasl.kerberos.ticket.renew.window.factor = 0.8
	sasl.login.callback.handler.class = null
	sasl.login.class = null
	sasl.login.connect.timeout.ms = null
	sasl.login.read.timeout.ms = null
	sasl.login.refresh.buffer.seconds = 300
	sasl.login.refresh.min.period.seconds = 60
	sasl.login.refresh.window.factor = 0.8
	sasl.login.refresh.window.jitter = 0.05
	sasl.login.retry.backoff.max.ms = 10000
	sasl.login.retry.backoff.ms = 100
	sasl.mechanism = GSSAPI
	sasl.oauthbearer.clock.skew.seconds = 30
	sasl.oauthbearer.expected.audience = null
	sasl.oauthbearer.expected.issuer = null
	sasl.oauthbearer.header.urlencode = false
	sasl.oauthbearer.jwks.endpoint.refresh.ms = 3600000
	sasl.oauthbearer.jwks.endpoint.retry.backoff.max.ms = 10000
	sasl.oauthbearer.jwks.endpoint.retry.backoff.ms = 100
	sasl.oauthbearer.jwks.endpoint.url = null
	sasl.oauthbearer.scope.claim.name = scope
	sasl.oauthbearer.sub.claim.name = sub
	sasl.oauthbearer.token.endpoint.url = null
	security.protocol = PLAINTEXT
	security.providers = null
	send.buffer.bytes = 131072
	socket.connection.setup.timeout.max.ms = 30000
	socket.connection.setup.timeout.ms = 10000
	ssl.cipher.suites = null
	ssl.enabled.protocols = [TLSv1.2, TLSv1.3]
	ssl.endpoint.identification.algorithm = https
	ssl.engine.factory.class = null
	ssl.key.password = null
	ssl.keymanager.algorithm = SunX509
	ssl.keystore.certificate.chain = null
	ssl.keystore.key = null
	ssl.keystore.location = null
	ssl.keystore.password = null
	ssl.keystore.type = JKS
	ssl.protocol = TLSv1.3
	ssl.provider = null
	ssl.secure.random.implementation = null
	ssl.trustmanager.algorithm = PKIX
	ssl.truststore.certificates = null
	ssl.truststore.location = null
	ssl.truststore.password = null
	ssl.truststore.type = JKS
	transaction.timeout.ms = 60000
	transactional.id = null
	value.serializer = class io.apicurio.registry.serde.avro.AvroKafkaSerializer

2025-08-13 02:14:50,323 INFO  [org.apa.kaf.com.tel.int.KafkaMetricsCollector] (main) initializing Kafka metrics collector
2025-08-13 02:14:50,325 INFO  [org.apa.kaf.cli.Metadata] (kafka-producer-network-thread | Producer-topic-90464c06_a46e_4fcc_9c51_d0c645c4b3d5) [Producer clientId=Producer-topic-90464c06_a46e_4fcc_9c51_d0c645c4b3d5] Cluster ID: NjaB_jQRSOy2vs25Uo6hCg
2025-08-13 02:14:50,325 INFO  [org.apa.kaf.cli.pro.int.TransactionManager] (kafka-producer-network-thread | Producer-topic-90464c06_a46e_4fcc_9c51_d0c645c4b3d5) [Producer clientId=Producer-topic-90464c06_a46e_4fcc_9c51_d0c645c4b3d5] ProducerId set to 20 with epoch 0
2025-08-13 02:14:50,330 INFO  [org.apa.kaf.cli.pro.KafkaProducer] (main) [Producer clientId=Producer-topic-90c7c7b1_27d3_4fc1_8cb5_d18ae2e27bd5] Instantiated an idempotent producer.
2025-08-13 02:14:50,332 INFO  [org.apa.kaf.cli.pro.ProducerConfig] (main) These configurations '[apicurio.registry.url, apicurio.registry.artifact-resolver-strategy]' were supplied but are not used yet.
2025-08-13 02:14:50,332 INFO  [org.apa.kaf.com.uti.AppInfoParser] (main) Kafka version: 3.9.1
2025-08-13 02:14:50,332 INFO  [org.apa.kaf.com.uti.AppInfoParser] (main) Kafka commitId: f745dfdcee2b9851
2025-08-13 02:14:50,332 INFO  [org.apa.kaf.com.uti.AppInfoParser] (main) Kafka startTimeMs: 1755051290332
**** Registry Base URL: http://registry-app-pg17.apps.ci419.apicurio-testing.org:80
2025-08-13 02:14:50,332 INFO  [org.apa.kaf.cli.con.ConsumerConfig] (main) ConsumerConfig values: 
	allow.auto.create.topics = true
	auto.commit.interval.ms = 500
	auto.include.jmx.reporter = true
	auto.offset.reset = earliest
	bootstrap.servers = [PLAINTEXT://localhost:32769]
	check.crcs = true
	client.dns.lookup = use_all_dns_ips
	client.id = consumer-Consumer-topic-fc7b80a0_a34d_442f_b7b8_6e7f1273e418-14
	client.rack = 
	connections.max.idle.ms = 10000
	default.api.timeout.ms = 60000
	enable.auto.commit = true
	enable.metrics.push = true
	exclude.internal.topics = true
	fetch.max.bytes = 52428800
	fetch.max.wait.ms = 500
	fetch.min.bytes = 1
	group.id = Consumer-topic-fc7b80a0_a34d_442f_b7b8_6e7f1273e418
	group.instance.id = null
	group.protocol = classic
	group.remote.assignor = null
	heartbeat.interval.ms = 3000
	interceptor.classes = []
	internal.leave.group.on.close = true
	internal.throw.on.fetch.stable.offset.unsupported = false
	isolation.level = read_uncommitted
	key.deserializer = class org.apache.kafka.common.serialization.StringDeserializer
	max.partition.fetch.bytes = 1048576
	max.poll.interval.ms = 300000
	max.poll.records = 500
	metadata.max.age.ms = 300000
	metadata.recovery.strategy = none
	metric.reporters = []
	metrics.num.samples = 2
	metrics.recording.level = INFO
	metrics.sample.window.ms = 30000
	partition.assignment.strategy = [class org.apache.kafka.clients.consumer.RangeAssignor, class org.apache.kafka.clients.consumer.CooperativeStickyAssignor]
	receive.buffer.bytes = 65536
	reconnect.backoff.max.ms = 1000
	reconnect.backoff.ms = 50
	request.timeout.ms = 5000
	retry.backoff.max.ms = 1000
	retry.backoff.ms = 100
	sasl.client.callback.handler.class = null
	sasl.jaas.config = null
	sasl.kerberos.kinit.cmd = /usr/bin/kinit
	sasl.kerberos.min.time.before.relogin = 60000
	sasl.kerberos.service.name = null
	sasl.kerberos.ticket.renew.jitter = 0.05
	sasl.kerberos.ticket.renew.window.factor = 0.8
	sasl.login.callback.handler.class = null
	sasl.login.class = null
	sasl.login.connect.timeout.ms = null
	sasl.login.read.timeout.ms = null
	sasl.login.refresh.buffer.seconds = 300
	sasl.login.refresh.min.period.seconds = 60
	sasl.login.refresh.window.factor = 0.8
	sasl.login.refresh.window.jitter = 0.05
	sasl.login.retry.backoff.max.ms = 10000
	sasl.login.retry.backoff.ms = 100
	sasl.mechanism = GSSAPI
	sasl.oauthbearer.clock.skew.seconds = 30
	sasl.oauthbearer.expected.audience = null
	sasl.oauthbearer.expected.issuer = null
	sasl.oauthbearer.header.urlencode = false
	sasl.oauthbearer.jwks.endpoint.refresh.ms = 3600000
	sasl.oauthbearer.jwks.endpoint.retry.backoff.max.ms = 10000
	sasl.oauthbearer.jwks.endpoint.retry.backoff.ms = 100
	sasl.oauthbearer.jwks.endpoint.url = null
	sasl.oauthbearer.scope.claim.name = scope
	sasl.oauthbearer.sub.claim.name = sub
	sasl.oauthbearer.token.endpoint.url = null
	security.protocol = PLAINTEXT
	security.providers = null
	send.buffer.bytes = 131072
	session.timeout.ms = 45000
	socket.connection.setup.timeout.max.ms = 30000
	socket.connection.setup.timeout.ms = 10000
	ssl.cipher.suites = null
	ssl.enabled.protocols = [TLSv1.2, TLSv1.3]
	ssl.endpoint.identification.algorithm = https
	ssl.engine.factory.class = null
	ssl.key.password = null
	ssl.keymanager.algorithm = SunX509
	ssl.keystore.certificate.chain = null
	ssl.keystore.key = null
	ssl.keystore.location = null
	ssl.keystore.password = null
	ssl.keystore.type = JKS
	ssl.protocol = TLSv1.3
	ssl.provider = null
	ssl.secure.random.implementation = null
	ssl.trustmanager.algorithm = PKIX
	ssl.truststore.certificates = null
	ssl.truststore.location = null
	ssl.truststore.password = null
	ssl.truststore.type = JKS
	value.deserializer = class io.apicurio.registry.serde.avro.AvroKafkaDeserializer

2025-08-13 02:14:50,332 INFO  [org.apa.kaf.com.tel.int.KafkaMetricsCollector] (main) initializing Kafka metrics collector
2025-08-13 02:14:50,338 INFO  [org.apa.kaf.cli.Metadata] (kafka-producer-network-thread | Producer-topic-90c7c7b1_27d3_4fc1_8cb5_d18ae2e27bd5) [Producer clientId=Producer-topic-90c7c7b1_27d3_4fc1_8cb5_d18ae2e27bd5] Cluster ID: NjaB_jQRSOy2vs25Uo6hCg
2025-08-13 02:14:50,339 INFO  [org.apa.kaf.cli.pro.int.TransactionManager] (kafka-producer-network-thread | Producer-topic-90c7c7b1_27d3_4fc1_8cb5_d18ae2e27bd5) [Producer clientId=Producer-topic-90c7c7b1_27d3_4fc1_8cb5_d18ae2e27bd5] ProducerId set to 21 with epoch 0
2025-08-13 02:14:50,341 INFO  [org.apa.kaf.cli.con.ConsumerConfig] (main) These configurations '[apicurio.registry.url]' were supplied but are not used yet.
2025-08-13 02:14:50,341 INFO  [org.apa.kaf.com.uti.AppInfoParser] (main) Kafka version: 3.9.1
2025-08-13 02:14:50,341 INFO  [org.apa.kaf.com.uti.AppInfoParser] (main) Kafka commitId: f745dfdcee2b9851
2025-08-13 02:14:50,341 INFO  [org.apa.kaf.com.uti.AppInfoParser] (main) Kafka startTimeMs: 1755051290341
**** Registry Base URL: http://registry-app-pg17.apps.ci419.apicurio-testing.org:80
2025-08-13 02:14:50,342 INFO  [org.apa.kaf.cli.con.ConsumerConfig] (main) ConsumerConfig values: 
	allow.auto.create.topics = true
	auto.commit.interval.ms = 500
	auto.include.jmx.reporter = true
	auto.offset.reset = earliest
	bootstrap.servers = [PLAINTEXT://localhost:32769]
	check.crcs = true
	client.dns.lookup = use_all_dns_ips
	client.id = consumer-Consumer-topic-90464c06_a46e_4fcc_9c51_d0c645c4b3d5-15
	client.rack = 
	connections.max.idle.ms = 10000
	default.api.timeout.ms = 60000
	enable.auto.commit = true
	enable.metrics.push = true
	exclude.internal.topics = true
	fetch.max.bytes = 52428800
	fetch.max.wait.ms = 500
	fetch.min.bytes = 1
	group.id = Consumer-topic-90464c06_a46e_4fcc_9c51_d0c645c4b3d5
	group.instance.id = null
	group.protocol = classic
	group.remote.assignor = null
	heartbeat.interval.ms = 3000
	interceptor.classes = []
	internal.leave.group.on.close = true
	internal.throw.on.fetch.stable.offset.unsupported = false
	isolation.level = read_uncommitted
	key.deserializer = class org.apache.kafka.common.serialization.StringDeserializer
	max.partition.fetch.bytes = 1048576
	max.poll.interval.ms = 300000
	max.poll.records = 500
	metadata.max.age.ms = 300000
	metadata.recovery.strategy = none
	metric.reporters = []
	metrics.num.samples = 2
	metrics.recording.level = INFO
	metrics.sample.window.ms = 30000
	partition.assignment.strategy = [class org.apache.kafka.clients.consumer.RangeAssignor, class org.apache.kafka.clients.consumer.CooperativeStickyAssignor]
	receive.buffer.bytes = 65536
	reconnect.backoff.max.ms = 1000
	reconnect.backoff.ms = 50
	request.timeout.ms = 5000
	retry.backoff.max.ms = 1000
	retry.backoff.ms = 100
	sasl.client.callback.handler.class = null
	sasl.jaas.config = null
	sasl.kerberos.kinit.cmd = /usr/bin/kinit
	sasl.kerberos.min.time.before.relogin = 60000
	sasl.kerberos.service.name = null
	sasl.kerberos.ticket.renew.jitter = 0.05
	sasl.kerberos.ticket.renew.window.factor = 0.8
	sasl.login.callback.handler.class = null
	sasl.login.class = null
	sasl.login.connect.timeout.ms = null
	sasl.login.read.timeout.ms = null
	sasl.login.refresh.buffer.seconds = 300
	sasl.login.refresh.min.period.seconds = 60
	sasl.login.refresh.window.factor = 0.8
	sasl.login.refresh.window.jitter = 0.05
	sasl.login.retry.backoff.max.ms = 10000
	sasl.login.retry.backoff.ms = 100
	sasl.mechanism = GSSAPI
	sasl.oauthbearer.clock.skew.seconds = 30
	sasl.oauthbearer.expected.audience = null
	sasl.oauthbearer.expected.issuer = null
	sasl.oauthbearer.header.urlencode = false
	sasl.oauthbearer.jwks.endpoint.refresh.ms = 3600000
	sasl.oauthbearer.jwks.endpoint.retry.backoff.max.ms = 10000
	sasl.oauthbearer.jwks.endpoint.retry.backoff.ms = 100
	sasl.oauthbearer.jwks.endpoint.url = null
	sasl.oauthbearer.scope.claim.name = scope
	sasl.oauthbearer.sub.claim.name = sub
	sasl.oauthbearer.token.endpoint.url = null
	security.protocol = PLAINTEXT
	security.providers = null
	send.buffer.bytes = 131072
	session.timeout.ms = 45000
	socket.connection.setup.timeout.max.ms = 30000
	socket.connection.setup.timeout.ms = 10000
	ssl.cipher.suites = null
	ssl.enabled.protocols = [TLSv1.2, TLSv1.3]
	ssl.endpoint.identification.algorithm = https
	ssl.engine.factory.class = null
	ssl.key.password = null
	ssl.keymanager.algorithm = SunX509
	ssl.keystore.certificate.chain = null
	ssl.keystore.key = null
	ssl.keystore.location = null
	ssl.keystore.password = null
	ssl.keystore.type = JKS
	ssl.protocol = TLSv1.3
	ssl.provider = null
	ssl.secure.random.implementation = null
	ssl.trustmanager.algorithm = PKIX
	ssl.truststore.certificates = null
	ssl.truststore.location = null
	ssl.truststore.password = null
	ssl.truststore.type = JKS
	value.deserializer = class io.apicurio.registry.serde.avro.AvroKafkaDeserializer

2025-08-13 02:14:50,342 INFO  [org.apa.kaf.com.tel.int.KafkaMetricsCollector] (main) initializing Kafka metrics collector
2025-08-13 02:14:50,353 INFO  [org.apa.kaf.cli.con.ConsumerConfig] (main) These configurations '[apicurio.registry.url]' were supplied but are not used yet.
2025-08-13 02:14:50,353 INFO  [org.apa.kaf.com.uti.AppInfoParser] (main) Kafka version: 3.9.1
2025-08-13 02:14:50,353 INFO  [org.apa.kaf.com.uti.AppInfoParser] (main) Kafka commitId: f745dfdcee2b9851
2025-08-13 02:14:50,353 INFO  [org.apa.kaf.com.uti.AppInfoParser] (main) Kafka startTimeMs: 1755051290353
**** Registry Base URL: http://registry-app-pg17.apps.ci419.apicurio-testing.org:80
2025-08-13 02:14:50,354 INFO  [org.apa.kaf.cli.con.ConsumerConfig] (main) ConsumerConfig values: 
	allow.auto.create.topics = true
	auto.commit.interval.ms = 500
	auto.include.jmx.reporter = true
	auto.offset.reset = earliest
	bootstrap.servers = [PLAINTEXT://localhost:32769]
	check.crcs = true
	client.dns.lookup = use_all_dns_ips
	client.id = consumer-Consumer-topic-90c7c7b1_27d3_4fc1_8cb5_d18ae2e27bd5-16
	client.rack = 
	connections.max.idle.ms = 10000
	default.api.timeout.ms = 60000
	enable.auto.commit = true
	enable.metrics.push = true
	exclude.internal.topics = true
	fetch.max.bytes = 52428800
	fetch.max.wait.ms = 500
	fetch.min.bytes = 1
	group.id = Consumer-topic-90c7c7b1_27d3_4fc1_8cb5_d18ae2e27bd5
	group.instance.id = null
	group.protocol = classic
	group.remote.assignor = null
	heartbeat.interval.ms = 3000
	interceptor.classes = []
	internal.leave.group.on.close = true
	internal.throw.on.fetch.stable.offset.unsupported = false
	isolation.level = read_uncommitted
	key.deserializer = class org.apache.kafka.common.serialization.StringDeserializer
	max.partition.fetch.bytes = 1048576
	max.poll.interval.ms = 300000
	max.poll.records = 500
	metadata.max.age.ms = 300000
	metadata.recovery.strategy = none
	metric.reporters = []
	metrics.num.samples = 2
	metrics.recording.level = INFO
	metrics.sample.window.ms = 30000
	partition.assignment.strategy = [class org.apache.kafka.clients.consumer.RangeAssignor, class org.apache.kafka.clients.consumer.CooperativeStickyAssignor]
	receive.buffer.bytes = 65536
	reconnect.backoff.max.ms = 1000
	reconnect.backoff.ms = 50
	request.timeout.ms = 5000
	retry.backoff.max.ms = 1000
	retry.backoff.ms = 100
	sasl.client.callback.handler.class = null
	sasl.jaas.config = null
	sasl.kerberos.kinit.cmd = /usr/bin/kinit
	sasl.kerberos.min.time.before.relogin = 60000
	sasl.kerberos.service.name = null
	sasl.kerberos.ticket.renew.jitter = 0.05
	sasl.kerberos.ticket.renew.window.factor = 0.8
	sasl.login.callback.handler.class = null
	sasl.login.class = null
	sasl.login.connect.timeout.ms = null
	sasl.login.read.timeout.ms = null
	sasl.login.refresh.buffer.seconds = 300
	sasl.login.refresh.min.period.seconds = 60
	sasl.login.refresh.window.factor = 0.8
	sasl.login.refresh.window.jitter = 0.05
	sasl.login.retry.backoff.max.ms = 10000
	sasl.login.retry.backoff.ms = 100
	sasl.mechanism = GSSAPI
	sasl.oauthbearer.clock.skew.seconds = 30
	sasl.oauthbearer.expected.audience = null
	sasl.oauthbearer.expected.issuer = null
	sasl.oauthbearer.header.urlencode = false
	sasl.oauthbearer.jwks.endpoint.refresh.ms = 3600000
	sasl.oauthbearer.jwks.endpoint.retry.backoff.max.ms = 10000
	sasl.oauthbearer.jwks.endpoint.retry.backoff.ms = 100
	sasl.oauthbearer.jwks.endpoint.url = null
	sasl.oauthbearer.scope.claim.name = scope
	sasl.oauthbearer.sub.claim.name = sub
	sasl.oauthbearer.token.endpoint.url = null
	security.protocol = PLAINTEXT
	security.providers = null
	send.buffer.bytes = 131072
	session.timeout.ms = 45000
	socket.connection.setup.timeout.max.ms = 30000
	socket.connection.setup.timeout.ms = 10000
	ssl.cipher.suites = null
	ssl.enabled.protocols = [TLSv1.2, TLSv1.3]
	ssl.endpoint.identification.algorithm = https
	ssl.engine.factory.class = null
	ssl.key.password = null
	ssl.keymanager.algorithm = SunX509
	ssl.keystore.certificate.chain = null
	ssl.keystore.key = null
	ssl.keystore.location = null
	ssl.keystore.password = null
	ssl.keystore.type = JKS
	ssl.protocol = TLSv1.3
	ssl.provider = null
	ssl.secure.random.implementation = null
	ssl.trustmanager.algorithm = PKIX
	ssl.truststore.certificates = null
	ssl.truststore.location = null
	ssl.truststore.password = null
	ssl.truststore.type = JKS
	value.deserializer = class io.apicurio.registry.serde.avro.AvroKafkaDeserializer

2025-08-13 02:14:50,354 INFO  [org.apa.kaf.com.tel.int.KafkaMetricsCollector] (main) initializing Kafka metrics collector
2025-08-13 02:14:50,365 INFO  [org.apa.kaf.cli.con.ConsumerConfig] (main) These configurations '[apicurio.registry.url]' were supplied but are not used yet.
2025-08-13 02:14:50,365 INFO  [org.apa.kaf.com.uti.AppInfoParser] (main) Kafka version: 3.9.1
2025-08-13 02:14:50,365 INFO  [org.apa.kaf.com.uti.AppInfoParser] (main) Kafka commitId: f745dfdcee2b9851
2025-08-13 02:14:50,365 INFO  [org.apa.kaf.com.uti.AppInfoParser] (main) Kafka startTimeMs: 1755051290365
2025-08-13 02:14:50,366 INFO  [io.api.tes.ser.api.KafkaSerdesTester] (Thread-713) Sending message {"key11755051289204": "value-0"} to topic topic-fc7b80a0_a34d_442f_b7b8_6e7f1273e418
2025-08-13 02:14:50,373 INFO  [DefaultSchemaResolver] (Thread-713) Retrieving schema content using string: {"type":"record","name":"myrecordconfluent","fields":[{"name":"key11755051289204","type":"string"}]}
2025-08-13 02:14:50,436 INFO  [io.api.tes.ser.api.KafkaSerdesTester] (Thread-713) Sending message {"key11755051289204": "value-1"} to topic topic-fc7b80a0_a34d_442f_b7b8_6e7f1273e418
2025-08-13 02:14:50,437 INFO  [io.api.tes.ser.api.KafkaSerdesTester] (Thread-713) Sending message {"key11755051289204": "value-2"} to topic topic-fc7b80a0_a34d_442f_b7b8_6e7f1273e418
2025-08-13 02:14:50,439 INFO  [io.api.tes.ser.api.KafkaSerdesTester] (Thread-713) Sending message {"key11755051289204": "value-3"} to topic topic-fc7b80a0_a34d_442f_b7b8_6e7f1273e418
2025-08-13 02:14:50,441 INFO  [io.api.tes.ser.api.KafkaSerdesTester] (Thread-713) Sending message {"key11755051289204": "value-4"} to topic topic-fc7b80a0_a34d_442f_b7b8_6e7f1273e418
2025-08-13 02:14:50,442 INFO  [io.api.tes.ser.api.KafkaSerdesTester] (Thread-713) Sending message {"key11755051289204": "value-5"} to topic topic-fc7b80a0_a34d_442f_b7b8_6e7f1273e418
2025-08-13 02:14:50,444 INFO  [io.api.tes.ser.api.KafkaSerdesTester] (Thread-713) Sending message {"key11755051289204": "value-6"} to topic topic-fc7b80a0_a34d_442f_b7b8_6e7f1273e418
2025-08-13 02:14:50,445 INFO  [io.api.tes.ser.api.KafkaSerdesTester] (Thread-713) Sending message {"key11755051289204": "value-7"} to topic topic-fc7b80a0_a34d_442f_b7b8_6e7f1273e418
2025-08-13 02:14:50,446 INFO  [io.api.tes.ser.api.KafkaSerdesTester] (Thread-713) Sending message {"key11755051289204": "value-8"} to topic topic-fc7b80a0_a34d_442f_b7b8_6e7f1273e418
2025-08-13 02:14:50,447 INFO  [io.api.tes.ser.api.KafkaSerdesTester] (Thread-713) Sending message {"key11755051289204": "value-9"} to topic topic-fc7b80a0_a34d_442f_b7b8_6e7f1273e418
2025-08-13 02:14:50,448 INFO  [io.api.tes.ser.api.KafkaSerdesTester] (Thread-713) Produced 10 messages
2025-08-13 02:14:50,449 INFO  [org.apa.kaf.cli.pro.KafkaProducer] (Thread-713) [Producer clientId=Producer-topic-fc7b80a0_a34d_442f_b7b8_6e7f1273e418] Closing the Kafka producer with timeoutMillis = 9223372036854775807 ms.
2025-08-13 02:14:50,451 INFO  [org.apa.kaf.com.met.Metrics] (Thread-713) Metrics scheduler closed
2025-08-13 02:14:50,451 INFO  [org.apa.kaf.com.met.Metrics] (Thread-713) Closing reporter org.apache.kafka.common.metrics.JmxReporter
2025-08-13 02:14:50,451 INFO  [org.apa.kaf.com.met.Metrics] (Thread-713) Closing reporter org.apache.kafka.common.telemetry.internals.ClientTelemetryReporter
2025-08-13 02:14:50,451 INFO  [org.apa.kaf.com.met.Metrics] (Thread-713) Metrics reporters closed
2025-08-13 02:14:50,451 INFO  [org.apa.kaf.com.uti.AppInfoParser] (Thread-713) App info kafka.producer for Producer-topic-fc7b80a0_a34d_442f_b7b8_6e7f1273e418 unregistered
2025-08-13 02:14:50,452 INFO  [io.api.tes.ser.api.KafkaSerdesTester] (Thread-714) Sending message {"key11755051289204": "value-0"} to topic topic-90464c06_a46e_4fcc_9c51_d0c645c4b3d5
2025-08-13 02:14:50,456 INFO  [DefaultSchemaResolver] (Thread-714) Retrieving schema content using string: {"type":"record","name":"myrecordconfluent","fields":[{"name":"key11755051289204","type":"string"}]}
2025-08-13 02:14:50,514 INFO  [io.api.tes.ser.api.KafkaSerdesTester] (Thread-714) Sending message {"key11755051289204": "value-1"} to topic topic-90464c06_a46e_4fcc_9c51_d0c645c4b3d5
2025-08-13 02:14:50,516 INFO  [io.api.tes.ser.api.KafkaSerdesTester] (Thread-714) Sending message {"key11755051289204": "value-2"} to topic topic-90464c06_a46e_4fcc_9c51_d0c645c4b3d5
2025-08-13 02:14:50,517 INFO  [io.api.tes.ser.api.KafkaSerdesTester] (Thread-714) Sending message {"key11755051289204": "value-3"} to topic topic-90464c06_a46e_4fcc_9c51_d0c645c4b3d5
2025-08-13 02:14:50,518 INFO  [io.api.tes.ser.api.KafkaSerdesTester] (Thread-714) Sending message {"key11755051289204": "value-4"} to topic topic-90464c06_a46e_4fcc_9c51_d0c645c4b3d5
2025-08-13 02:14:50,519 INFO  [io.api.tes.ser.api.KafkaSerdesTester] (Thread-714) Sending message {"key11755051289204": "value-5"} to topic topic-90464c06_a46e_4fcc_9c51_d0c645c4b3d5
2025-08-13 02:14:50,521 INFO  [io.api.tes.ser.api.KafkaSerdesTester] (Thread-714) Sending message {"key11755051289204": "value-6"} to topic topic-90464c06_a46e_4fcc_9c51_d0c645c4b3d5
2025-08-13 02:14:50,522 INFO  [io.api.tes.ser.api.KafkaSerdesTester] (Thread-714) Sending message {"key11755051289204": "value-7"} to topic topic-90464c06_a46e_4fcc_9c51_d0c645c4b3d5
2025-08-13 02:14:50,524 INFO  [io.api.tes.ser.api.KafkaSerdesTester] (Thread-714) Sending message {"key11755051289204": "value-8"} to topic topic-90464c06_a46e_4fcc_9c51_d0c645c4b3d5
2025-08-13 02:14:50,525 INFO  [io.api.tes.ser.api.KafkaSerdesTester] (Thread-714) Sending message {"key11755051289204": "value-9"} to topic topic-90464c06_a46e_4fcc_9c51_d0c645c4b3d5
2025-08-13 02:14:50,527 INFO  [io.api.tes.ser.api.KafkaSerdesTester] (Thread-714) Produced 10 messages
2025-08-13 02:14:50,527 INFO  [org.apa.kaf.cli.pro.KafkaProducer] (Thread-714) [Producer clientId=Producer-topic-90464c06_a46e_4fcc_9c51_d0c645c4b3d5] Closing the Kafka producer with timeoutMillis = 9223372036854775807 ms.
2025-08-13 02:14:50,528 INFO  [org.apa.kaf.com.met.Metrics] (Thread-714) Metrics scheduler closed
2025-08-13 02:14:50,529 INFO  [org.apa.kaf.com.met.Metrics] (Thread-714) Closing reporter org.apache.kafka.common.metrics.JmxReporter
2025-08-13 02:14:50,529 INFO  [org.apa.kaf.com.met.Metrics] (Thread-714) Closing reporter org.apache.kafka.common.telemetry.internals.ClientTelemetryReporter
2025-08-13 02:14:50,529 INFO  [org.apa.kaf.com.met.Metrics] (Thread-714) Metrics reporters closed
2025-08-13 02:14:50,529 INFO  [org.apa.kaf.com.uti.AppInfoParser] (Thread-714) App info kafka.producer for Producer-topic-90464c06_a46e_4fcc_9c51_d0c645c4b3d5 unregistered
2025-08-13 02:14:50,530 INFO  [io.api.tes.ser.api.KafkaSerdesTester] (Thread-715) Sending message {"key11755051289204": "value-0"} to topic topic-90c7c7b1_27d3_4fc1_8cb5_d18ae2e27bd5
2025-08-13 02:14:50,533 INFO  [DefaultSchemaResolver] (Thread-715) Retrieving schema content using string: {"type":"record","name":"myrecordconfluent","fields":[{"name":"key11755051289204","type":"string"}]}
2025-08-13 02:14:50,588 INFO  [io.api.tes.ser.api.KafkaSerdesTester] (Thread-715) Sending message {"key11755051289204": "value-1"} to topic topic-90c7c7b1_27d3_4fc1_8cb5_d18ae2e27bd5
2025-08-13 02:14:50,590 INFO  [io.api.tes.ser.api.KafkaSerdesTester] (Thread-715) Sending message {"key11755051289204": "value-2"} to topic topic-90c7c7b1_27d3_4fc1_8cb5_d18ae2e27bd5
2025-08-13 02:14:50,591 INFO  [io.api.tes.ser.api.KafkaSerdesTester] (Thread-715) Sending message {"key11755051289204": "value-3"} to topic topic-90c7c7b1_27d3_4fc1_8cb5_d18ae2e27bd5
2025-08-13 02:14:50,592 INFO  [io.api.tes.ser.api.KafkaSerdesTester] (Thread-715) Sending message {"key11755051289204": "value-4"} to topic topic-90c7c7b1_27d3_4fc1_8cb5_d18ae2e27bd5
2025-08-13 02:14:50,594 INFO  [io.api.tes.ser.api.KafkaSerdesTester] (Thread-715) Sending message {"key11755051289204": "value-5"} to topic topic-90c7c7b1_27d3_4fc1_8cb5_d18ae2e27bd5
2025-08-13 02:14:50,596 INFO  [io.api.tes.ser.api.KafkaSerdesTester] (Thread-715) Sending message {"key11755051289204": "value-6"} to topic topic-90c7c7b1_27d3_4fc1_8cb5_d18ae2e27bd5
2025-08-13 02:14:50,598 INFO  [io.api.tes.ser.api.KafkaSerdesTester] (Thread-715) Sending message {"key11755051289204": "value-7"} to topic topic-90c7c7b1_27d3_4fc1_8cb5_d18ae2e27bd5
2025-08-13 02:14:50,600 INFO  [io.api.tes.ser.api.KafkaSerdesTester] (Thread-715) Sending message {"key11755051289204": "value-8"} to topic topic-90c7c7b1_27d3_4fc1_8cb5_d18ae2e27bd5
2025-08-13 02:14:50,602 INFO  [io.api.tes.ser.api.KafkaSerdesTester] (Thread-715) Sending message {"key11755051289204": "value-9"} to topic topic-90c7c7b1_27d3_4fc1_8cb5_d18ae2e27bd5
2025-08-13 02:14:50,603 INFO  [io.api.tes.ser.api.KafkaSerdesTester] (Thread-715) Produced 10 messages
2025-08-13 02:14:50,603 INFO  [org.apa.kaf.cli.pro.KafkaProducer] (Thread-715) [Producer clientId=Producer-topic-90c7c7b1_27d3_4fc1_8cb5_d18ae2e27bd5] Closing the Kafka producer with timeoutMillis = 9223372036854775807 ms.
2025-08-13 02:14:50,604 INFO  [org.apa.kaf.com.met.Metrics] (Thread-715) Metrics scheduler closed
2025-08-13 02:14:50,604 INFO  [org.apa.kaf.com.met.Metrics] (Thread-715) Closing reporter org.apache.kafka.common.metrics.JmxReporter
2025-08-13 02:14:50,605 INFO  [org.apa.kaf.com.met.Metrics] (Thread-715) Closing reporter org.apache.kafka.common.telemetry.internals.ClientTelemetryReporter
2025-08-13 02:14:50,605 INFO  [org.apa.kaf.com.met.Metrics] (Thread-715) Metrics reporters closed
2025-08-13 02:14:50,605 INFO  [org.apa.kaf.com.uti.AppInfoParser] (Thread-715) App info kafka.producer for Producer-topic-90c7c7b1_27d3_4fc1_8cb5_d18ae2e27bd5 unregistered
2025-08-13 02:14:50,609 INFO  [org.apa.kaf.cli.con.int.ClassicKafkaConsumer] (Thread-716) [Consumer clientId=consumer-Consumer-topic-fc7b80a0_a34d_442f_b7b8_6e7f1273e418-14, groupId=Consumer-topic-fc7b80a0_a34d_442f_b7b8_6e7f1273e418] Subscribed to topic(s): topic-fc7b80a0_a34d_442f_b7b8_6e7f1273e418
2025-08-13 02:14:50,614 INFO  [org.apa.kaf.cli.Metadata] (Thread-716) [Consumer clientId=consumer-Consumer-topic-fc7b80a0_a34d_442f_b7b8_6e7f1273e418-14, groupId=Consumer-topic-fc7b80a0_a34d_442f_b7b8_6e7f1273e418] Cluster ID: NjaB_jQRSOy2vs25Uo6hCg
2025-08-13 02:14:50,616 INFO  [org.apa.kaf.cli.con.int.ConsumerCoordinator] (Thread-716) [Consumer clientId=consumer-Consumer-topic-fc7b80a0_a34d_442f_b7b8_6e7f1273e418-14, groupId=Consumer-topic-fc7b80a0_a34d_442f_b7b8_6e7f1273e418] Discovered group coordinator localhost:32769 (id: 2147483647 rack: null)
2025-08-13 02:14:50,621 INFO  [org.apa.kaf.cli.con.int.ConsumerCoordinator] (Thread-716) [Consumer clientId=consumer-Consumer-topic-fc7b80a0_a34d_442f_b7b8_6e7f1273e418-14, groupId=Consumer-topic-fc7b80a0_a34d_442f_b7b8_6e7f1273e418] (Re-)joining group
2025-08-13 02:14:50,623 INFO  [org.apa.kaf.cli.con.int.ConsumerCoordinator] (Thread-716) [Consumer clientId=consumer-Consumer-topic-fc7b80a0_a34d_442f_b7b8_6e7f1273e418-14, groupId=Consumer-topic-fc7b80a0_a34d_442f_b7b8_6e7f1273e418] Request joining group due to: need to re-join with the given member-id: consumer-Consumer-topic-fc7b80a0_a34d_442f_b7b8_6e7f1273e418-14-1fee77d2-1511-4bca-9133-c9f224851173
2025-08-13 02:14:50,623 INFO  [org.apa.kaf.cli.con.int.ConsumerCoordinator] (Thread-716) [Consumer clientId=consumer-Consumer-topic-fc7b80a0_a34d_442f_b7b8_6e7f1273e418-14, groupId=Consumer-topic-fc7b80a0_a34d_442f_b7b8_6e7f1273e418] (Re-)joining group
2025-08-13 02:14:51,609 INFO  [io.api.tes.ser.api.KafkaSerdesTester] (Thread-716) None found
2025-08-13 02:14:52,609 INFO  [io.api.tes.ser.api.KafkaSerdesTester] (Thread-716) None found
2025-08-13 02:14:53,609 INFO  [io.api.tes.ser.api.KafkaSerdesTester] (Thread-716) None found
2025-08-13 02:14:53,625 INFO  [org.apa.kaf.cli.con.int.ConsumerCoordinator] (Thread-716) [Consumer clientId=consumer-Consumer-topic-fc7b80a0_a34d_442f_b7b8_6e7f1273e418-14, groupId=Consumer-topic-fc7b80a0_a34d_442f_b7b8_6e7f1273e418] Successfully joined group with generation Generation{generationId=1, memberId='consumer-Consumer-topic-fc7b80a0_a34d_442f_b7b8_6e7f1273e418-14-1fee77d2-1511-4bca-9133-c9f224851173', protocol='range'}
2025-08-13 02:14:53,625 INFO  [org.apa.kaf.cli.con.int.ConsumerCoordinator] (Thread-716) [Consumer clientId=consumer-Consumer-topic-fc7b80a0_a34d_442f_b7b8_6e7f1273e418-14, groupId=Consumer-topic-fc7b80a0_a34d_442f_b7b8_6e7f1273e418] Finished assignment for group at generation 1: {consumer-Consumer-topic-fc7b80a0_a34d_442f_b7b8_6e7f1273e418-14-1fee77d2-1511-4bca-9133-c9f224851173=Assignment(partitions=[topic-fc7b80a0_a34d_442f_b7b8_6e7f1273e418-0])}
2025-08-13 02:14:53,632 INFO  [org.apa.kaf.cli.con.int.ConsumerCoordinator] (Thread-716) [Consumer clientId=consumer-Consumer-topic-fc7b80a0_a34d_442f_b7b8_6e7f1273e418-14, groupId=Consumer-topic-fc7b80a0_a34d_442f_b7b8_6e7f1273e418] Successfully synced group in generation Generation{generationId=1, memberId='consumer-Consumer-topic-fc7b80a0_a34d_442f_b7b8_6e7f1273e418-14-1fee77d2-1511-4bca-9133-c9f224851173', protocol='range'}
2025-08-13 02:14:53,632 INFO  [org.apa.kaf.cli.con.int.ConsumerCoordinator] (Thread-716) [Consumer clientId=consumer-Consumer-topic-fc7b80a0_a34d_442f_b7b8_6e7f1273e418-14, groupId=Consumer-topic-fc7b80a0_a34d_442f_b7b8_6e7f1273e418] Notifying assignor about the new Assignment(partitions=[topic-fc7b80a0_a34d_442f_b7b8_6e7f1273e418-0])
2025-08-13 02:14:53,632 INFO  [org.apa.kaf.cli.con.int.ConsumerRebalanceListenerInvoker] (Thread-716) [Consumer clientId=consumer-Consumer-topic-fc7b80a0_a34d_442f_b7b8_6e7f1273e418-14, groupId=Consumer-topic-fc7b80a0_a34d_442f_b7b8_6e7f1273e418] Adding newly assigned partitions: topic-fc7b80a0_a34d_442f_b7b8_6e7f1273e418-0
2025-08-13 02:14:53,633 INFO  [org.apa.kaf.cli.con.int.ConsumerCoordinator] (Thread-716) [Consumer clientId=consumer-Consumer-topic-fc7b80a0_a34d_442f_b7b8_6e7f1273e418-14, groupId=Consumer-topic-fc7b80a0_a34d_442f_b7b8_6e7f1273e418] Found no committed offset for partition topic-fc7b80a0_a34d_442f_b7b8_6e7f1273e418-0
2025-08-13 02:14:53,636 INFO  [org.apa.kaf.cli.con.int.SubscriptionState] (Thread-716) [Consumer clientId=consumer-Consumer-topic-fc7b80a0_a34d_442f_b7b8_6e7f1273e418-14, groupId=Consumer-topic-fc7b80a0_a34d_442f_b7b8_6e7f1273e418] Resetting offset for partition topic-fc7b80a0_a34d_442f_b7b8_6e7f1273e418-0 to position FetchPosition{offset=0, offsetEpoch=Optional.empty, currentLeader=LeaderAndEpoch{leader=Optional[localhost:32769 (id: 0 rack: null)], epoch=0}}.
2025-08-13 02:14:53,714 INFO  [io.api.tes.ser.api.KafkaSerdesTester] (Thread-716) topic-fc7b80a0_a34d_442f_b7b8_6e7f1273e418 0 0 {"key11755051289204": "value-0"}
2025-08-13 02:14:53,715 INFO  [io.api.tes.ser.api.KafkaSerdesTester] (Thread-716) topic-fc7b80a0_a34d_442f_b7b8_6e7f1273e418 0 1 {"key11755051289204": "value-1"}
2025-08-13 02:14:53,715 INFO  [io.api.tes.ser.api.KafkaSerdesTester] (Thread-716) topic-fc7b80a0_a34d_442f_b7b8_6e7f1273e418 0 2 {"key11755051289204": "value-2"}
2025-08-13 02:14:53,715 INFO  [io.api.tes.ser.api.KafkaSerdesTester] (Thread-716) topic-fc7b80a0_a34d_442f_b7b8_6e7f1273e418 0 3 {"key11755051289204": "value-3"}
2025-08-13 02:14:53,715 INFO  [io.api.tes.ser.api.KafkaSerdesTester] (Thread-716) topic-fc7b80a0_a34d_442f_b7b8_6e7f1273e418 0 4 {"key11755051289204": "value-4"}
2025-08-13 02:14:53,715 INFO  [io.api.tes.ser.api.KafkaSerdesTester] (Thread-716) topic-fc7b80a0_a34d_442f_b7b8_6e7f1273e418 0 5 {"key11755051289204": "value-5"}
2025-08-13 02:14:53,715 INFO  [io.api.tes.ser.api.KafkaSerdesTester] (Thread-716) topic-fc7b80a0_a34d_442f_b7b8_6e7f1273e418 0 6 {"key11755051289204": "value-6"}
2025-08-13 02:14:53,715 INFO  [io.api.tes.ser.api.KafkaSerdesTester] (Thread-716) topic-fc7b80a0_a34d_442f_b7b8_6e7f1273e418 0 7 {"key11755051289204": "value-7"}
2025-08-13 02:14:53,715 INFO  [io.api.tes.ser.api.KafkaSerdesTester] (Thread-716) topic-fc7b80a0_a34d_442f_b7b8_6e7f1273e418 0 8 {"key11755051289204": "value-8"}
2025-08-13 02:14:53,715 INFO  [io.api.tes.ser.api.KafkaSerdesTester] (Thread-716) topic-fc7b80a0_a34d_442f_b7b8_6e7f1273e418 0 9 {"key11755051289204": "value-9"}
2025-08-13 02:14:53,715 INFO  [io.api.tes.ser.api.KafkaSerdesTester] (Thread-716) Consumed 10 messages
2025-08-13 02:14:53,723 INFO  [org.apa.kaf.cli.con.int.ConsumerRebalanceListenerInvoker] (Thread-716) [Consumer clientId=consumer-Consumer-topic-fc7b80a0_a34d_442f_b7b8_6e7f1273e418-14, groupId=Consumer-topic-fc7b80a0_a34d_442f_b7b8_6e7f1273e418] Revoke previously assigned partitions topic-fc7b80a0_a34d_442f_b7b8_6e7f1273e418-0
2025-08-13 02:14:53,723 INFO  [org.apa.kaf.cli.con.int.ConsumerCoordinator] (Thread-716) [Consumer clientId=consumer-Consumer-topic-fc7b80a0_a34d_442f_b7b8_6e7f1273e418-14, groupId=Consumer-topic-fc7b80a0_a34d_442f_b7b8_6e7f1273e418] Member consumer-Consumer-topic-fc7b80a0_a34d_442f_b7b8_6e7f1273e418-14-1fee77d2-1511-4bca-9133-c9f224851173 sending LeaveGroup request to coordinator localhost:32769 (id: 2147483647 rack: null) due to the consumer is being closed
2025-08-13 02:14:53,723 INFO  [org.apa.kaf.cli.con.int.ConsumerCoordinator] (Thread-716) [Consumer clientId=consumer-Consumer-topic-fc7b80a0_a34d_442f_b7b8_6e7f1273e418-14, groupId=Consumer-topic-fc7b80a0_a34d_442f_b7b8_6e7f1273e418] Resetting generation and member id due to: consumer pro-actively leaving the group
2025-08-13 02:14:53,723 INFO  [org.apa.kaf.cli.con.int.ConsumerCoordinator] (Thread-716) [Consumer clientId=consumer-Consumer-topic-fc7b80a0_a34d_442f_b7b8_6e7f1273e418-14, groupId=Consumer-topic-fc7b80a0_a34d_442f_b7b8_6e7f1273e418] Request joining group due to: consumer pro-actively leaving the group
2025-08-13 02:14:54,216 INFO  [org.apa.kaf.com.met.Metrics] (Thread-716) Metrics scheduler closed
2025-08-13 02:14:54,216 INFO  [org.apa.kaf.com.met.Metrics] (Thread-716) Closing reporter org.apache.kafka.common.metrics.JmxReporter
2025-08-13 02:14:54,216 INFO  [org.apa.kaf.com.met.Metrics] (Thread-716) Closing reporter org.apache.kafka.common.telemetry.internals.ClientTelemetryReporter
2025-08-13 02:14:54,216 INFO  [org.apa.kaf.com.met.Metrics] (Thread-716) Metrics reporters closed
2025-08-13 02:14:54,219 INFO  [org.apa.kaf.com.uti.AppInfoParser] (Thread-716) App info kafka.consumer for consumer-Consumer-topic-fc7b80a0_a34d_442f_b7b8_6e7f1273e418-14 unregistered
2025-08-13 02:14:54,220 INFO  [org.apa.kaf.cli.con.int.ClassicKafkaConsumer] (Thread-717) [Consumer clientId=consumer-Consumer-topic-90464c06_a46e_4fcc_9c51_d0c645c4b3d5-15, groupId=Consumer-topic-90464c06_a46e_4fcc_9c51_d0c645c4b3d5] Subscribed to topic(s): topic-90464c06_a46e_4fcc_9c51_d0c645c4b3d5
2025-08-13 02:14:54,225 INFO  [org.apa.kaf.cli.Metadata] (Thread-717) [Consumer clientId=consumer-Consumer-topic-90464c06_a46e_4fcc_9c51_d0c645c4b3d5-15, groupId=Consumer-topic-90464c06_a46e_4fcc_9c51_d0c645c4b3d5] Cluster ID: NjaB_jQRSOy2vs25Uo6hCg
2025-08-13 02:14:54,225 INFO  [org.apa.kaf.cli.con.int.ConsumerCoordinator] (Thread-717) [Consumer clientId=consumer-Consumer-topic-90464c06_a46e_4fcc_9c51_d0c645c4b3d5-15, groupId=Consumer-topic-90464c06_a46e_4fcc_9c51_d0c645c4b3d5] Discovered group coordinator localhost:32769 (id: 2147483647 rack: null)
2025-08-13 02:14:54,226 INFO  [org.apa.kaf.cli.con.int.ConsumerCoordinator] (Thread-717) [Consumer clientId=consumer-Consumer-topic-90464c06_a46e_4fcc_9c51_d0c645c4b3d5-15, groupId=Consumer-topic-90464c06_a46e_4fcc_9c51_d0c645c4b3d5] (Re-)joining group
2025-08-13 02:14:54,229 INFO  [org.apa.kaf.cli.con.int.ConsumerCoordinator] (Thread-717) [Consumer clientId=consumer-Consumer-topic-90464c06_a46e_4fcc_9c51_d0c645c4b3d5-15, groupId=Consumer-topic-90464c06_a46e_4fcc_9c51_d0c645c4b3d5] Request joining group due to: need to re-join with the given member-id: consumer-Consumer-topic-90464c06_a46e_4fcc_9c51_d0c645c4b3d5-15-cdd6561b-499c-45fb-88ee-a6b3426bcc25
2025-08-13 02:14:54,230 INFO  [org.apa.kaf.cli.con.int.ConsumerCoordinator] (Thread-717) [Consumer clientId=consumer-Consumer-topic-90464c06_a46e_4fcc_9c51_d0c645c4b3d5-15, groupId=Consumer-topic-90464c06_a46e_4fcc_9c51_d0c645c4b3d5] (Re-)joining group
2025-08-13 02:14:55,221 INFO  [io.api.tes.ser.api.KafkaSerdesTester] (Thread-717) None found
2025-08-13 02:14:56,221 INFO  [io.api.tes.ser.api.KafkaSerdesTester] (Thread-717) None found
2025-08-13 02:14:57,221 INFO  [io.api.tes.ser.api.KafkaSerdesTester] (Thread-717) None found
2025-08-13 02:14:57,231 INFO  [org.apa.kaf.cli.con.int.ConsumerCoordinator] (Thread-717) [Consumer clientId=consumer-Consumer-topic-90464c06_a46e_4fcc_9c51_d0c645c4b3d5-15, groupId=Consumer-topic-90464c06_a46e_4fcc_9c51_d0c645c4b3d5] Successfully joined group with generation Generation{generationId=1, memberId='consumer-Consumer-topic-90464c06_a46e_4fcc_9c51_d0c645c4b3d5-15-cdd6561b-499c-45fb-88ee-a6b3426bcc25', protocol='range'}
2025-08-13 02:14:57,232 INFO  [org.apa.kaf.cli.con.int.ConsumerCoordinator] (Thread-717) [Consumer clientId=consumer-Consumer-topic-90464c06_a46e_4fcc_9c51_d0c645c4b3d5-15, groupId=Consumer-topic-90464c06_a46e_4fcc_9c51_d0c645c4b3d5] Finished assignment for group at generation 1: {consumer-Consumer-topic-90464c06_a46e_4fcc_9c51_d0c645c4b3d5-15-cdd6561b-499c-45fb-88ee-a6b3426bcc25=Assignment(partitions=[topic-90464c06_a46e_4fcc_9c51_d0c645c4b3d5-0])}
2025-08-13 02:14:57,239 INFO  [org.apa.kaf.cli.con.int.ConsumerCoordinator] (Thread-717) [Consumer clientId=consumer-Consumer-topic-90464c06_a46e_4fcc_9c51_d0c645c4b3d5-15, groupId=Consumer-topic-90464c06_a46e_4fcc_9c51_d0c645c4b3d5] Successfully synced group in generation Generation{generationId=1, memberId='consumer-Consumer-topic-90464c06_a46e_4fcc_9c51_d0c645c4b3d5-15-cdd6561b-499c-45fb-88ee-a6b3426bcc25', protocol='range'}
2025-08-13 02:14:57,239 INFO  [org.apa.kaf.cli.con.int.ConsumerCoordinator] (Thread-717) [Consumer clientId=consumer-Consumer-topic-90464c06_a46e_4fcc_9c51_d0c645c4b3d5-15, groupId=Consumer-topic-90464c06_a46e_4fcc_9c51_d0c645c4b3d5] Notifying assignor about the new Assignment(partitions=[topic-90464c06_a46e_4fcc_9c51_d0c645c4b3d5-0])
2025-08-13 02:14:57,239 INFO  [org.apa.kaf.cli.con.int.ConsumerRebalanceListenerInvoker] (Thread-717) [Consumer clientId=consumer-Consumer-topic-90464c06_a46e_4fcc_9c51_d0c645c4b3d5-15, groupId=Consumer-topic-90464c06_a46e_4fcc_9c51_d0c645c4b3d5] Adding newly assigned partitions: topic-90464c06_a46e_4fcc_9c51_d0c645c4b3d5-0
2025-08-13 02:14:57,240 INFO  [org.apa.kaf.cli.con.int.ConsumerCoordinator] (Thread-717) [Consumer clientId=consumer-Consumer-topic-90464c06_a46e_4fcc_9c51_d0c645c4b3d5-15, groupId=Consumer-topic-90464c06_a46e_4fcc_9c51_d0c645c4b3d5] Found no committed offset for partition topic-90464c06_a46e_4fcc_9c51_d0c645c4b3d5-0
2025-08-13 02:14:57,242 INFO  [org.apa.kaf.cli.con.int.SubscriptionState] (Thread-717) [Consumer clientId=consumer-Consumer-topic-90464c06_a46e_4fcc_9c51_d0c645c4b3d5-15, groupId=Consumer-topic-90464c06_a46e_4fcc_9c51_d0c645c4b3d5] Resetting offset for partition topic-90464c06_a46e_4fcc_9c51_d0c645c4b3d5-0 to position FetchPosition{offset=0, offsetEpoch=Optional.empty, currentLeader=LeaderAndEpoch{leader=Optional[localhost:32769 (id: 0 rack: null)], epoch=0}}.
2025-08-13 02:14:57,325 INFO  [io.api.tes.ser.api.KafkaSerdesTester] (Thread-717) topic-90464c06_a46e_4fcc_9c51_d0c645c4b3d5 0 0 {"key11755051289204": "value-0"}
2025-08-13 02:14:57,326 INFO  [io.api.tes.ser.api.KafkaSerdesTester] (Thread-717) topic-90464c06_a46e_4fcc_9c51_d0c645c4b3d5 0 1 {"key11755051289204": "value-1"}
2025-08-13 02:14:57,326 INFO  [io.api.tes.ser.api.KafkaSerdesTester] (Thread-717) topic-90464c06_a46e_4fcc_9c51_d0c645c4b3d5 0 2 {"key11755051289204": "value-2"}
2025-08-13 02:14:57,326 INFO  [io.api.tes.ser.api.KafkaSerdesTester] (Thread-717) topic-90464c06_a46e_4fcc_9c51_d0c645c4b3d5 0 3 {"key11755051289204": "value-3"}
2025-08-13 02:14:57,326 INFO  [io.api.tes.ser.api.KafkaSerdesTester] (Thread-717) topic-90464c06_a46e_4fcc_9c51_d0c645c4b3d5 0 4 {"key11755051289204": "value-4"}
2025-08-13 02:14:57,326 INFO  [io.api.tes.ser.api.KafkaSerdesTester] (Thread-717) topic-90464c06_a46e_4fcc_9c51_d0c645c4b3d5 0 5 {"key11755051289204": "value-5"}
2025-08-13 02:14:57,326 INFO  [io.api.tes.ser.api.KafkaSerdesTester] (Thread-717) topic-90464c06_a46e_4fcc_9c51_d0c645c4b3d5 0 6 {"key11755051289204": "value-6"}
2025-08-13 02:14:57,326 INFO  [io.api.tes.ser.api.KafkaSerdesTester] (Thread-717) topic-90464c06_a46e_4fcc_9c51_d0c645c4b3d5 0 7 {"key11755051289204": "value-7"}
2025-08-13 02:14:57,326 INFO  [io.api.tes.ser.api.KafkaSerdesTester] (Thread-717) topic-90464c06_a46e_4fcc_9c51_d0c645c4b3d5 0 8 {"key11755051289204": "value-8"}
2025-08-13 02:14:57,326 INFO  [io.api.tes.ser.api.KafkaSerdesTester] (Thread-717) topic-90464c06_a46e_4fcc_9c51_d0c645c4b3d5 0 9 {"key11755051289204": "value-9"}
2025-08-13 02:14:57,326 INFO  [io.api.tes.ser.api.KafkaSerdesTester] (Thread-717) Consumed 10 messages
2025-08-13 02:14:57,334 INFO  [org.apa.kaf.cli.con.int.ConsumerRebalanceListenerInvoker] (Thread-717) [Consumer clientId=consumer-Consumer-topic-90464c06_a46e_4fcc_9c51_d0c645c4b3d5-15, groupId=Consumer-topic-90464c06_a46e_4fcc_9c51_d0c645c4b3d5] Revoke previously assigned partitions topic-90464c06_a46e_4fcc_9c51_d0c645c4b3d5-0
2025-08-13 02:14:57,335 INFO  [org.apa.kaf.cli.con.int.ConsumerCoordinator] (Thread-717) [Consumer clientId=consumer-Consumer-topic-90464c06_a46e_4fcc_9c51_d0c645c4b3d5-15, groupId=Consumer-topic-90464c06_a46e_4fcc_9c51_d0c645c4b3d5] Member consumer-Consumer-topic-90464c06_a46e_4fcc_9c51_d0c645c4b3d5-15-cdd6561b-499c-45fb-88ee-a6b3426bcc25 sending LeaveGroup request to coordinator localhost:32769 (id: 2147483647 rack: null) due to the consumer is being closed
2025-08-13 02:14:57,335 INFO  [org.apa.kaf.cli.con.int.ConsumerCoordinator] (Thread-717) [Consumer clientId=consumer-Consumer-topic-90464c06_a46e_4fcc_9c51_d0c645c4b3d5-15, groupId=Consumer-topic-90464c06_a46e_4fcc_9c51_d0c645c4b3d5] Resetting generation and member id due to: consumer pro-actively leaving the group
2025-08-13 02:14:57,335 INFO  [org.apa.kaf.cli.con.int.ConsumerCoordinator] (Thread-717) [Consumer clientId=consumer-Consumer-topic-90464c06_a46e_4fcc_9c51_d0c645c4b3d5-15, groupId=Consumer-topic-90464c06_a46e_4fcc_9c51_d0c645c4b3d5] Request joining group due to: consumer pro-actively leaving the group
2025-08-13 02:14:57,827 INFO  [org.apa.kaf.com.met.Metrics] (Thread-717) Metrics scheduler closed
2025-08-13 02:14:57,827 INFO  [org.apa.kaf.com.met.Metrics] (Thread-717) Closing reporter org.apache.kafka.common.metrics.JmxReporter
2025-08-13 02:14:57,827 INFO  [org.apa.kaf.com.met.Metrics] (Thread-717) Closing reporter org.apache.kafka.common.telemetry.internals.ClientTelemetryReporter
2025-08-13 02:14:57,827 INFO  [org.apa.kaf.com.met.Metrics] (Thread-717) Metrics reporters closed
2025-08-13 02:14:57,829 INFO  [org.apa.kaf.com.uti.AppInfoParser] (Thread-717) App info kafka.consumer for consumer-Consumer-topic-90464c06_a46e_4fcc_9c51_d0c645c4b3d5-15 unregistered
2025-08-13 02:14:57,829 INFO  [org.apa.kaf.cli.con.int.ClassicKafkaConsumer] (Thread-718) [Consumer clientId=consumer-Consumer-topic-90c7c7b1_27d3_4fc1_8cb5_d18ae2e27bd5-16, groupId=Consumer-topic-90c7c7b1_27d3_4fc1_8cb5_d18ae2e27bd5] Subscribed to topic(s): topic-90c7c7b1_27d3_4fc1_8cb5_d18ae2e27bd5
2025-08-13 02:14:57,837 INFO  [org.apa.kaf.cli.Metadata] (Thread-718) [Consumer clientId=consumer-Consumer-topic-90c7c7b1_27d3_4fc1_8cb5_d18ae2e27bd5-16, groupId=Consumer-topic-90c7c7b1_27d3_4fc1_8cb5_d18ae2e27bd5] Cluster ID: NjaB_jQRSOy2vs25Uo6hCg
2025-08-13 02:14:57,837 INFO  [org.apa.kaf.cli.con.int.ConsumerCoordinator] (Thread-718) [Consumer clientId=consumer-Consumer-topic-90c7c7b1_27d3_4fc1_8cb5_d18ae2e27bd5-16, groupId=Consumer-topic-90c7c7b1_27d3_4fc1_8cb5_d18ae2e27bd5] Discovered group coordinator localhost:32769 (id: 2147483647 rack: null)
2025-08-13 02:14:57,838 INFO  [org.apa.kaf.cli.con.int.ConsumerCoordinator] (Thread-718) [Consumer clientId=consumer-Consumer-topic-90c7c7b1_27d3_4fc1_8cb5_d18ae2e27bd5-16, groupId=Consumer-topic-90c7c7b1_27d3_4fc1_8cb5_d18ae2e27bd5] (Re-)joining group
2025-08-13 02:14:57,842 INFO  [org.apa.kaf.cli.con.int.ConsumerCoordinator] (Thread-718) [Consumer clientId=consumer-Consumer-topic-90c7c7b1_27d3_4fc1_8cb5_d18ae2e27bd5-16, groupId=Consumer-topic-90c7c7b1_27d3_4fc1_8cb5_d18ae2e27bd5] Request joining group due to: need to re-join with the given member-id: consumer-Consumer-topic-90c7c7b1_27d3_4fc1_8cb5_d18ae2e27bd5-16-47887ae2-6231-4e0c-ad37-a97894be2cdd
2025-08-13 02:14:57,842 INFO  [org.apa.kaf.cli.con.int.ConsumerCoordinator] (Thread-718) [Consumer clientId=consumer-Consumer-topic-90c7c7b1_27d3_4fc1_8cb5_d18ae2e27bd5-16, groupId=Consumer-topic-90c7c7b1_27d3_4fc1_8cb5_d18ae2e27bd5] (Re-)joining group
2025-08-13 02:14:58,829 INFO  [io.api.tes.ser.api.KafkaSerdesTester] (Thread-718) None found
2025-08-13 02:14:59,829 INFO  [io.api.tes.ser.api.KafkaSerdesTester] (Thread-718) None found
2025-08-13 02:15:00,829 INFO  [io.api.tes.ser.api.KafkaSerdesTester] (Thread-718) None found
2025-08-13 02:15:00,844 INFO  [org.apa.kaf.cli.con.int.ConsumerCoordinator] (Thread-718) [Consumer clientId=consumer-Consumer-topic-90c7c7b1_27d3_4fc1_8cb5_d18ae2e27bd5-16, groupId=Consumer-topic-90c7c7b1_27d3_4fc1_8cb5_d18ae2e27bd5] Successfully joined group with generation Generation{generationId=1, memberId='consumer-Consumer-topic-90c7c7b1_27d3_4fc1_8cb5_d18ae2e27bd5-16-47887ae2-6231-4e0c-ad37-a97894be2cdd', protocol='range'}
2025-08-13 02:15:00,844 INFO  [org.apa.kaf.cli.con.int.ConsumerCoordinator] (Thread-718) [Consumer clientId=consumer-Consumer-topic-90c7c7b1_27d3_4fc1_8cb5_d18ae2e27bd5-16, groupId=Consumer-topic-90c7c7b1_27d3_4fc1_8cb5_d18ae2e27bd5] Finished assignment for group at generation 1: {consumer-Consumer-topic-90c7c7b1_27d3_4fc1_8cb5_d18ae2e27bd5-16-47887ae2-6231-4e0c-ad37-a97894be2cdd=Assignment(partitions=[topic-90c7c7b1_27d3_4fc1_8cb5_d18ae2e27bd5-0])}
2025-08-13 02:15:00,852 INFO  [org.apa.kaf.cli.con.int.ConsumerCoordinator] (Thread-718) [Consumer clientId=consumer-Consumer-topic-90c7c7b1_27d3_4fc1_8cb5_d18ae2e27bd5-16, groupId=Consumer-topic-90c7c7b1_27d3_4fc1_8cb5_d18ae2e27bd5] Successfully synced group in generation Generation{generationId=1, memberId='consumer-Consumer-topic-90c7c7b1_27d3_4fc1_8cb5_d18ae2e27bd5-16-47887ae2-6231-4e0c-ad37-a97894be2cdd', protocol='range'}
2025-08-13 02:15:00,853 INFO  [org.apa.kaf.cli.con.int.ConsumerCoordinator] (Thread-718) [Consumer clientId=consumer-Consumer-topic-90c7c7b1_27d3_4fc1_8cb5_d18ae2e27bd5-16, groupId=Consumer-topic-90c7c7b1_27d3_4fc1_8cb5_d18ae2e27bd5] Notifying assignor about the new Assignment(partitions=[topic-90c7c7b1_27d3_4fc1_8cb5_d18ae2e27bd5-0])
2025-08-13 02:15:00,853 INFO  [org.apa.kaf.cli.con.int.ConsumerRebalanceListenerInvoker] (Thread-718) [Consumer clientId=consumer-Consumer-topic-90c7c7b1_27d3_4fc1_8cb5_d18ae2e27bd5-16, groupId=Consumer-topic-90c7c7b1_27d3_4fc1_8cb5_d18ae2e27bd5] Adding newly assigned partitions: topic-90c7c7b1_27d3_4fc1_8cb5_d18ae2e27bd5-0
2025-08-13 02:15:00,854 INFO  [org.apa.kaf.cli.con.int.ConsumerCoordinator] (Thread-718) [Consumer clientId=consumer-Consumer-topic-90c7c7b1_27d3_4fc1_8cb5_d18ae2e27bd5-16, groupId=Consumer-topic-90c7c7b1_27d3_4fc1_8cb5_d18ae2e27bd5] Found no committed offset for partition topic-90c7c7b1_27d3_4fc1_8cb5_d18ae2e27bd5-0
2025-08-13 02:15:00,863 INFO  [org.apa.kaf.cli.con.int.SubscriptionState] (Thread-718) [Consumer clientId=consumer-Consumer-topic-90c7c7b1_27d3_4fc1_8cb5_d18ae2e27bd5-16, groupId=Consumer-topic-90c7c7b1_27d3_4fc1_8cb5_d18ae2e27bd5] Resetting offset for partition topic-90c7c7b1_27d3_4fc1_8cb5_d18ae2e27bd5-0 to position FetchPosition{offset=0, offsetEpoch=Optional.empty, currentLeader=LeaderAndEpoch{leader=Optional[localhost:32769 (id: 0 rack: null)], epoch=0}}.
2025-08-13 02:15:00,947 INFO  [io.api.tes.ser.api.KafkaSerdesTester] (Thread-718) topic-90c7c7b1_27d3_4fc1_8cb5_d18ae2e27bd5 0 0 {"key11755051289204": "value-0"}
2025-08-13 02:15:00,947 INFO  [io.api.tes.ser.api.KafkaSerdesTester] (Thread-718) topic-90c7c7b1_27d3_4fc1_8cb5_d18ae2e27bd5 0 1 {"key11755051289204": "value-1"}
2025-08-13 02:15:00,947 INFO  [io.api.tes.ser.api.KafkaSerdesTester] (Thread-718) topic-90c7c7b1_27d3_4fc1_8cb5_d18ae2e27bd5 0 2 {"key11755051289204": "value-2"}
2025-08-13 02:15:00,947 INFO  [io.api.tes.ser.api.KafkaSerdesTester] (Thread-718) topic-90c7c7b1_27d3_4fc1_8cb5_d18ae2e27bd5 0 3 {"key11755051289204": "value-3"}
2025-08-13 02:15:00,947 INFO  [io.api.tes.ser.api.KafkaSerdesTester] (Thread-718) topic-90c7c7b1_27d3_4fc1_8cb5_d18ae2e27bd5 0 4 {"key11755051289204": "value-4"}
2025-08-13 02:15:00,947 INFO  [io.api.tes.ser.api.KafkaSerdesTester] (Thread-718) topic-90c7c7b1_27d3_4fc1_8cb5_d18ae2e27bd5 0 5 {"key11755051289204": "value-5"}
2025-08-13 02:15:00,947 INFO  [io.api.tes.ser.api.KafkaSerdesTester] (Thread-718) topic-90c7c7b1_27d3_4fc1_8cb5_d18ae2e27bd5 0 6 {"key11755051289204": "value-6"}
2025-08-13 02:15:00,947 INFO  [io.api.tes.ser.api.KafkaSerdesTester] (Thread-718) topic-90c7c7b1_27d3_4fc1_8cb5_d18ae2e27bd5 0 7 {"key11755051289204": "value-7"}
2025-08-13 02:15:00,947 INFO  [io.api.tes.ser.api.KafkaSerdesTester] (Thread-718) topic-90c7c7b1_27d3_4fc1_8cb5_d18ae2e27bd5 0 8 {"key11755051289204": "value-8"}
2025-08-13 02:15:00,947 INFO  [io.api.tes.ser.api.KafkaSerdesTester] (Thread-718) topic-90c7c7b1_27d3_4fc1_8cb5_d18ae2e27bd5 0 9 {"key11755051289204": "value-9"}
2025-08-13 02:15:00,947 INFO  [io.api.tes.ser.api.KafkaSerdesTester] (Thread-718) Consumed 10 messages
2025-08-13 02:15:00,954 INFO  [org.apa.kaf.cli.con.int.ConsumerRebalanceListenerInvoker] (Thread-718) [Consumer clientId=consumer-Consumer-topic-90c7c7b1_27d3_4fc1_8cb5_d18ae2e27bd5-16, groupId=Consumer-topic-90c7c7b1_27d3_4fc1_8cb5_d18ae2e27bd5] Revoke previously assigned partitions topic-90c7c7b1_27d3_4fc1_8cb5_d18ae2e27bd5-0
2025-08-13 02:15:00,954 INFO  [org.apa.kaf.cli.con.int.ConsumerCoordinator] (Thread-718) [Consumer clientId=consumer-Consumer-topic-90c7c7b1_27d3_4fc1_8cb5_d18ae2e27bd5-16, groupId=Consumer-topic-90c7c7b1_27d3_4fc1_8cb5_d18ae2e27bd5] Member consumer-Consumer-topic-90c7c7b1_27d3_4fc1_8cb5_d18ae2e27bd5-16-47887ae2-6231-4e0c-ad37-a97894be2cdd sending LeaveGroup request to coordinator localhost:32769 (id: 2147483647 rack: null) due to the consumer is being closed
2025-08-13 02:15:00,954 INFO  [org.apa.kaf.cli.con.int.ConsumerCoordinator] (Thread-718) [Consumer clientId=consumer-Consumer-topic-90c7c7b1_27d3_4fc1_8cb5_d18ae2e27bd5-16, groupId=Consumer-topic-90c7c7b1_27d3_4fc1_8cb5_d18ae2e27bd5] Resetting generation and member id due to: consumer pro-actively leaving the group
2025-08-13 02:15:00,954 INFO  [org.apa.kaf.cli.con.int.ConsumerCoordinator] (Thread-718) [Consumer clientId=consumer-Consumer-topic-90c7c7b1_27d3_4fc1_8cb5_d18ae2e27bd5-16, groupId=Consumer-topic-90c7c7b1_27d3_4fc1_8cb5_d18ae2e27bd5] Request joining group due to: consumer pro-actively leaving the group
2025-08-13 02:15:01,448 INFO  [org.apa.kaf.com.met.Metrics] (Thread-718) Metrics scheduler closed
2025-08-13 02:15:01,448 INFO  [org.apa.kaf.com.met.Metrics] (Thread-718) Closing reporter org.apache.kafka.common.metrics.JmxReporter
2025-08-13 02:15:01,448 INFO  [org.apa.kaf.com.met.Metrics] (Thread-718) Closing reporter org.apache.kafka.common.telemetry.internals.ClientTelemetryReporter
2025-08-13 02:15:01,448 INFO  [org.apa.kaf.com.met.Metrics] (Thread-718) Metrics reporters closed
2025-08-13 02:15:01,451 INFO  [org.apa.kaf.com.uti.AppInfoParser] (Thread-718) App info kafka.consumer for consumer-Consumer-topic-90c7c7b1_27d3_4fc1_8cb5_d18ae2e27bd5-16 unregistered
2025-08-13 02:15:01,452 INFO  [io.api.tes.uti.TestSeparator] (main) io.apicurio.tests.serdes.apicurio.AvroSerdeIT.testAvroConfluentForMultipleTopics-FINISHED
2025-08-13 02:15:01,452 INFO  [io.api.tes.uti.TestSeparator] (main) ############################################################################
Test passed: testAvroConfluentForMultipleTopics
]]></system-out>
  </testcase>
  <testcase name="testFirstRequestFailsRateLimited" classname="io.apicurio.tests.serdes.apicurio.AvroSerdeIT" time="1.082">
    <system-out><![CDATA[2025-08-13 02:15:01,453 INFO  [io.api.tes.uti.TestSeparator] (main) ############################################################################
2025-08-13 02:15:01,453 INFO  [io.api.tes.uti.TestSeparator] (main) io.apicurio.tests.serdes.apicurio.AvroSerdeIT.testFirstRequestFailsRateLimited-STARTED
2025-08-13 02:15:02,065 WARN  [org.ecl.jet.ser.AbstractConnector] (main) Acceptors should be <= availableProcessors: NetworkTrafficServerConnector@65028252{HTTP/1.1, (http/1.1, h2c)}{0.0.0.0:0} 
2025-08-13 02:15:02,177 INFO  [org.ecl.jet.ser.Server] (main) jetty-11.0.15; built: 2023-04-11T18:37:53.775Z; git: 5bc5e562c8d05c5862505aebe5cf83a61bdbcb96; jvm 17.0.16+8
2025-08-13 02:15:02,203 INFO  [org.ecl.jet.ser.han.ContextHandler] (main) Started o.e.j.s.ServletContextHandler@60019f4b{/__admin,null,AVAILABLE}
2025-08-13 02:15:02,210 INFO  [org.ecl.jet.ser.han.Con.ROOT] (main) RequestHandlerClass from context returned com.github.tomakehurst.wiremock.http.StubRequestHandler. Normalized mapped under returned 'null'
2025-08-13 02:15:02,211 INFO  [org.ecl.jet.ser.han.ContextHandler] (main) Started o.e.j.s.ServletContextHandler@296a6a10{/,null,AVAILABLE}
2025-08-13 02:15:02,221 INFO  [org.ecl.jet.ser.AbstractConnector] (main) Started NetworkTrafficServerConnector@65028252{HTTP/1.1, (http/1.1, h2c)}{0.0.0.0:34703}
2025-08-13 02:15:02,224 INFO  [org.ecl.jet.ser.Server] (main) Started Server@55dbd0f7{STARTING}[11.0.15,sto=1000] @108686ms
**** Registry Base URL: http://registry-app-pg17.apps.ci419.apicurio-testing.org:80
2025-08-13 02:15:02,234 INFO  [org.apa.kaf.cli.pro.ProducerConfig] (main) ProducerConfig values: 
	acks = -1
	auto.include.jmx.reporter = true
	batch.size = 16384
	bootstrap.servers = [PLAINTEXT://localhost:32769]
	buffer.memory = 33554432
	client.dns.lookup = use_all_dns_ips
	client.id = Producer-topic-4540da92_1918_4c8f_939a_7b5f1ead96bc
	compression.gzip.level = -1
	compression.lz4.level = 9
	compression.type = none
	compression.zstd.level = 3
	connections.max.idle.ms = 10000
	delivery.timeout.ms = 120000
	enable.idempotence = true
	enable.metrics.push = true
	interceptor.classes = []
	key.serializer = class org.apache.kafka.common.serialization.StringSerializer
	linger.ms = 0
	max.block.ms = 60000
	max.in.flight.requests.per.connection = 5
	max.request.size = 1048576
	metadata.max.age.ms = 300000
	metadata.max.idle.ms = 300000
	metadata.recovery.strategy = none
	metric.reporters = []
	metrics.num.samples = 2
	metrics.recording.level = INFO
	metrics.sample.window.ms = 30000
	partitioner.adaptive.partitioning.enable = true
	partitioner.availability.timeout.ms = 0
	partitioner.class = null
	partitioner.ignore.keys = false
	receive.buffer.bytes = 32768
	reconnect.backoff.max.ms = 1000
	reconnect.backoff.ms = 50
	request.timeout.ms = 5000
	retries = 2147483647
	retry.backoff.max.ms = 1000
	retry.backoff.ms = 100
	sasl.client.callback.handler.class = null
	sasl.jaas.config = null
	sasl.kerberos.kinit.cmd = /usr/bin/kinit
	sasl.kerberos.min.time.before.relogin = 60000
	sasl.kerberos.service.name = null
	sasl.kerberos.ticket.renew.jitter = 0.05
	sasl.kerberos.ticket.renew.window.factor = 0.8
	sasl.login.callback.handler.class = null
	sasl.login.class = null
	sasl.login.connect.timeout.ms = null
	sasl.login.read.timeout.ms = null
	sasl.login.refresh.buffer.seconds = 300
	sasl.login.refresh.min.period.seconds = 60
	sasl.login.refresh.window.factor = 0.8
	sasl.login.refresh.window.jitter = 0.05
	sasl.login.retry.backoff.max.ms = 10000
	sasl.login.retry.backoff.ms = 100
	sasl.mechanism = GSSAPI
	sasl.oauthbearer.clock.skew.seconds = 30
	sasl.oauthbearer.expected.audience = null
	sasl.oauthbearer.expected.issuer = null
	sasl.oauthbearer.header.urlencode = false
	sasl.oauthbearer.jwks.endpoint.refresh.ms = 3600000
	sasl.oauthbearer.jwks.endpoint.retry.backoff.max.ms = 10000
	sasl.oauthbearer.jwks.endpoint.retry.backoff.ms = 100
	sasl.oauthbearer.jwks.endpoint.url = null
	sasl.oauthbearer.scope.claim.name = scope
	sasl.oauthbearer.sub.claim.name = sub
	sasl.oauthbearer.token.endpoint.url = null
	security.protocol = PLAINTEXT
	security.providers = null
	send.buffer.bytes = 131072
	socket.connection.setup.timeout.max.ms = 30000
	socket.connection.setup.timeout.ms = 10000
	ssl.cipher.suites = null
	ssl.enabled.protocols = [TLSv1.2, TLSv1.3]
	ssl.endpoint.identification.algorithm = https
	ssl.engine.factory.class = null
	ssl.key.password = null
	ssl.keymanager.algorithm = SunX509
	ssl.keystore.certificate.chain = null
	ssl.keystore.key = null
	ssl.keystore.location = null
	ssl.keystore.password = null
	ssl.keystore.type = JKS
	ssl.protocol = TLSv1.3
	ssl.provider = null
	ssl.secure.random.implementation = null
	ssl.trustmanager.algorithm = PKIX
	ssl.truststore.certificates = null
	ssl.truststore.location = null
	ssl.truststore.password = null
	ssl.truststore.type = JKS
	transaction.timeout.ms = 60000
	transactional.id = null
	value.serializer = class io.apicurio.registry.serde.avro.AvroKafkaSerializer

2025-08-13 02:15:02,234 INFO  [org.apa.kaf.com.tel.int.KafkaMetricsCollector] (main) initializing Kafka metrics collector
2025-08-13 02:15:02,238 INFO  [org.apa.kaf.cli.pro.KafkaProducer] (main) [Producer clientId=Producer-topic-4540da92_1918_4c8f_939a_7b5f1ead96bc] Instantiated an idempotent producer.
2025-08-13 02:15:02,241 INFO  [org.apa.kaf.cli.pro.ProducerConfig] (main) These configurations '[apicurio.registry.url, apicurio.registry.artifact-resolver-strategy]' were supplied but are not used yet.
2025-08-13 02:15:02,241 INFO  [org.apa.kaf.com.uti.AppInfoParser] (main) Kafka version: 3.9.1
2025-08-13 02:15:02,241 INFO  [org.apa.kaf.com.uti.AppInfoParser] (main) Kafka commitId: f745dfdcee2b9851
2025-08-13 02:15:02,241 INFO  [org.apa.kaf.com.uti.AppInfoParser] (main) Kafka startTimeMs: 1755051302241
2025-08-13 02:15:02,243 INFO  [io.api.tes.ser.api.KafkaSerdesTester] (Thread-729) Sending message {"keyB": "value-0"} to topic topic-4540da92_1918_4c8f_939a_7b5f1ead96bc
2025-08-13 02:15:02,248 WARN  [org.apa.kaf.cli.NetworkClient] (kafka-producer-network-thread | Producer-topic-4540da92_1918_4c8f_939a_7b5f1ead96bc) [Producer clientId=Producer-topic-4540da92_1918_4c8f_939a_7b5f1ead96bc] The metadata response from the cluster reported a recoverable issue with correlation id 1 : {topic-4540da92_1918_4c8f_939a_7b5f1ead96bc=UNKNOWN_TOPIC_OR_PARTITION}
2025-08-13 02:15:02,248 INFO  [org.apa.kaf.cli.Metadata] (kafka-producer-network-thread | Producer-topic-4540da92_1918_4c8f_939a_7b5f1ead96bc) [Producer clientId=Producer-topic-4540da92_1918_4c8f_939a_7b5f1ead96bc] Cluster ID: NjaB_jQRSOy2vs25Uo6hCg
2025-08-13 02:15:02,249 INFO  [org.apa.kaf.cli.pro.int.TransactionManager] (kafka-producer-network-thread | Producer-topic-4540da92_1918_4c8f_939a_7b5f1ead96bc) [Producer clientId=Producer-topic-4540da92_1918_4c8f_939a_7b5f1ead96bc] ProducerId set to 22 with epoch 0
2025-08-13 02:15:02,361 INFO  [DefaultSchemaResolver] (Thread-729) Retrieving schema content using string: {"type":"record","name":"myrecord","namespace":"mygroup","fields":[{"name":"keyB","type":"string"}]}
2025-08-13 02:15:02,519 INFO  [org.apa.kaf.cli.pro.KafkaProducer] (Thread-729) [Producer clientId=Producer-topic-4540da92_1918_4c8f_939a_7b5f1ead96bc] Closing the Kafka producer with timeoutMillis = 9223372036854775807 ms.
2025-08-13 02:15:02,522 INFO  [org.apa.kaf.com.met.Metrics] (Thread-729) Metrics scheduler closed
2025-08-13 02:15:02,522 INFO  [org.apa.kaf.com.met.Metrics] (Thread-729) Closing reporter org.apache.kafka.common.metrics.JmxReporter
2025-08-13 02:15:02,522 INFO  [org.apa.kaf.com.met.Metrics] (Thread-729) Closing reporter org.apache.kafka.common.telemetry.internals.ClientTelemetryReporter
2025-08-13 02:15:02,522 INFO  [org.apa.kaf.com.met.Metrics] (Thread-729) Metrics reporters closed
2025-08-13 02:15:02,522 INFO  [org.apa.kaf.com.uti.AppInfoParser] (Thread-729) App info kafka.producer for Producer-topic-4540da92_1918_4c8f_939a_7b5f1ead96bc unregistered
2025-08-13 02:15:02,526 INFO  [org.ecl.jet.ser.Server] (main) Stopped Server@55dbd0f7{STOPPING}[11.0.15,sto=1000]
2025-08-13 02:15:02,527 INFO  [org.ecl.jet.ser.Server] (main) Shutdown Server@55dbd0f7{STOPPING}[11.0.15,sto=1000]
2025-08-13 02:15:02,531 INFO  [org.ecl.jet.ser.AbstractConnector] (main) Stopped NetworkTrafficServerConnector@65028252{HTTP/1.1, (http/1.1, h2c)}{0.0.0.0:0}
2025-08-13 02:15:02,533 INFO  [org.ecl.jet.ser.han.ContextHandler] (main) Stopped o.e.j.s.ServletContextHandler@296a6a10{/,null,STOPPED}
2025-08-13 02:15:02,533 INFO  [org.ecl.jet.ser.han.ContextHandler] (main) Stopped o.e.j.s.ServletContextHandler@60019f4b{/__admin,null,STOPPED}
2025-08-13 02:15:02,535 INFO  [io.api.tes.uti.TestSeparator] (main) io.apicurio.tests.serdes.apicurio.AvroSerdeIT.testFirstRequestFailsRateLimited-FINISHED
2025-08-13 02:15:02,535 INFO  [io.api.tes.uti.TestSeparator] (main) ############################################################################
Test passed: testFirstRequestFailsRateLimited
]]></system-out>
    <system-err><![CDATA[com.microsoft.kiota.ApiException: the server returned an unexpected status code and no error class is registered for this code 429
	at com.microsoft.kiota.ApiExceptionBuilder.withMessage(ApiExceptionBuilder.java:45)
	at io.kiota.http.vertx.VertXRequestAdapter.throwIfFailedResponse(VertXRequestAdapter.java:370)
	at io.kiota.http.vertx.VertXRequestAdapter.send(VertXRequestAdapter.java:170)
	at io.apicurio.registry.rest.client.search.versions.VersionsRequestBuilder.post(VersionsRequestBuilder.java:94)
	at io.apicurio.registry.resolver.client.RegistryClientFacadeImpl.searchVersionsByContent(RegistryClientFacadeImpl.java:106)
	at io.apicurio.registry.resolver.DefaultSchemaResolver.lambda$handleResolveSchemaByContent$3(DefaultSchemaResolver.java:258)
	at io.apicurio.registry.resolver.cache.ERCache.lambda$getValue$0(ERCache.java:174)
	at io.apicurio.registry.resolver.cache.ERCache.retry(ERCache.java:227)
	at io.apicurio.registry.resolver.cache.ERCache.getValue(ERCache.java:173)
	at io.apicurio.registry.resolver.cache.ERCache.getByContent(ERCache.java:147)
	at io.apicurio.registry.resolver.DefaultSchemaResolver.handleResolveSchemaByContent(DefaultSchemaResolver.java:253)
	at io.apicurio.registry.resolver.DefaultSchemaResolver.getSchemaFromRegistry(DefaultSchemaResolver.java:138)
	at io.apicurio.registry.resolver.DefaultSchemaResolver.lambda$resolveSchema$0(DefaultSchemaResolver.java:84)
	at java.base/java.util.Optional.orElseGet(Optional.java:364)
	at io.apicurio.registry.resolver.DefaultSchemaResolver.resolveSchema(DefaultSchemaResolver.java:84)
	at io.apicurio.registry.serde.AbstractSerializer.serializeData(AbstractSerializer.java:62)
	at io.apicurio.registry.serde.KafkaSerializer.serialize(KafkaSerializer.java:77)
	at org.apache.kafka.clients.producer.KafkaProducer.doSend(KafkaProducer.java:1046)
	at org.apache.kafka.clients.producer.KafkaProducer.send(KafkaProducer.java:993)
	at org.apache.kafka.clients.producer.KafkaProducer.send(KafkaProducer.java:875)
	at io.apicurio.tests.serdes.apicurio.KafkaSerdesTester.lambda$produceMessages$3(KafkaSerdesTester.java:138)
	at java.base/java.util.concurrent.CompletableFuture$AsyncSupply.run(CompletableFuture.java:1768)
	at java.base/java.lang.Thread.run(Thread.java:840)
]]></system-err>
  </testcase>
  <testcase name="testFirstEmptyFieldConfusedAsMagicByte" classname="io.apicurio.tests.serdes.apicurio.AvroSerdeIT" time="3.891">
    <system-out><![CDATA[2025-08-13 02:15:02,538 INFO  [io.api.tes.uti.TestSeparator] (main) ############################################################################
2025-08-13 02:15:02,538 INFO  [io.api.tes.uti.TestSeparator] (main) io.apicurio.tests.serdes.apicurio.AvroSerdeIT.testFirstEmptyFieldConfusedAsMagicByte-STARTED
**** Registry Base URL: http://registry-app-pg17.apps.ci419.apicurio-testing.org:80
2025-08-13 02:15:02,540 INFO  [org.apa.kaf.cli.pro.ProducerConfig] (main) ProducerConfig values: 
	acks = -1
	auto.include.jmx.reporter = true
	batch.size = 16384
	bootstrap.servers = [PLAINTEXT://localhost:32769]
	buffer.memory = 33554432
	client.dns.lookup = use_all_dns_ips
	client.id = Producer-topic-20f306c2_aa72_488e_8cce_4bf7e38fe513
	compression.gzip.level = -1
	compression.lz4.level = 9
	compression.type = none
	compression.zstd.level = 3
	connections.max.idle.ms = 10000
	delivery.timeout.ms = 120000
	enable.idempotence = true
	enable.metrics.push = true
	interceptor.classes = []
	key.serializer = class org.apache.kafka.common.serialization.StringSerializer
	linger.ms = 0
	max.block.ms = 60000
	max.in.flight.requests.per.connection = 5
	max.request.size = 1048576
	metadata.max.age.ms = 300000
	metadata.max.idle.ms = 300000
	metadata.recovery.strategy = none
	metric.reporters = []
	metrics.num.samples = 2
	metrics.recording.level = INFO
	metrics.sample.window.ms = 30000
	partitioner.adaptive.partitioning.enable = true
	partitioner.availability.timeout.ms = 0
	partitioner.class = null
	partitioner.ignore.keys = false
	receive.buffer.bytes = 32768
	reconnect.backoff.max.ms = 1000
	reconnect.backoff.ms = 50
	request.timeout.ms = 5000
	retries = 2147483647
	retry.backoff.max.ms = 1000
	retry.backoff.ms = 100
	sasl.client.callback.handler.class = null
	sasl.jaas.config = null
	sasl.kerberos.kinit.cmd = /usr/bin/kinit
	sasl.kerberos.min.time.before.relogin = 60000
	sasl.kerberos.service.name = null
	sasl.kerberos.ticket.renew.jitter = 0.05
	sasl.kerberos.ticket.renew.window.factor = 0.8
	sasl.login.callback.handler.class = null
	sasl.login.class = null
	sasl.login.connect.timeout.ms = null
	sasl.login.read.timeout.ms = null
	sasl.login.refresh.buffer.seconds = 300
	sasl.login.refresh.min.period.seconds = 60
	sasl.login.refresh.window.factor = 0.8
	sasl.login.refresh.window.jitter = 0.05
	sasl.login.retry.backoff.max.ms = 10000
	sasl.login.retry.backoff.ms = 100
	sasl.mechanism = GSSAPI
	sasl.oauthbearer.clock.skew.seconds = 30
	sasl.oauthbearer.expected.audience = null
	sasl.oauthbearer.expected.issuer = null
	sasl.oauthbearer.header.urlencode = false
	sasl.oauthbearer.jwks.endpoint.refresh.ms = 3600000
	sasl.oauthbearer.jwks.endpoint.retry.backoff.max.ms = 10000
	sasl.oauthbearer.jwks.endpoint.retry.backoff.ms = 100
	sasl.oauthbearer.jwks.endpoint.url = null
	sasl.oauthbearer.scope.claim.name = scope
	sasl.oauthbearer.sub.claim.name = sub
	sasl.oauthbearer.token.endpoint.url = null
	security.protocol = PLAINTEXT
	security.providers = null
	send.buffer.bytes = 131072
	socket.connection.setup.timeout.max.ms = 30000
	socket.connection.setup.timeout.ms = 10000
	ssl.cipher.suites = null
	ssl.enabled.protocols = [TLSv1.2, TLSv1.3]
	ssl.endpoint.identification.algorithm = https
	ssl.engine.factory.class = null
	ssl.key.password = null
	ssl.keymanager.algorithm = SunX509
	ssl.keystore.certificate.chain = null
	ssl.keystore.key = null
	ssl.keystore.location = null
	ssl.keystore.password = null
	ssl.keystore.type = JKS
	ssl.protocol = TLSv1.3
	ssl.provider = null
	ssl.secure.random.implementation = null
	ssl.trustmanager.algorithm = PKIX
	ssl.truststore.certificates = null
	ssl.truststore.location = null
	ssl.truststore.password = null
	ssl.truststore.type = JKS
	transaction.timeout.ms = 60000
	transactional.id = null
	value.serializer = class io.apicurio.registry.serde.avro.AvroKafkaSerializer

2025-08-13 02:15:02,542 INFO  [org.apa.kaf.com.tel.int.KafkaMetricsCollector] (main) initializing Kafka metrics collector
2025-08-13 02:15:02,551 INFO  [org.apa.kaf.cli.pro.KafkaProducer] (main) [Producer clientId=Producer-topic-20f306c2_aa72_488e_8cce_4bf7e38fe513] Instantiated an idempotent producer.
2025-08-13 02:15:02,553 INFO  [org.apa.kaf.cli.pro.ProducerConfig] (main) These configurations '[apicurio.registry.url, apicurio.registry.auto-register, apicurio.registry.artifact-resolver-strategy]' were supplied but are not used yet.
2025-08-13 02:15:02,553 INFO  [org.apa.kaf.com.uti.AppInfoParser] (main) Kafka version: 3.9.1
2025-08-13 02:15:02,553 INFO  [org.apa.kaf.com.uti.AppInfoParser] (main) Kafka commitId: f745dfdcee2b9851
2025-08-13 02:15:02,553 INFO  [org.apa.kaf.com.uti.AppInfoParser] (main) Kafka startTimeMs: 1755051302553
2025-08-13 02:15:02,553 INFO  [io.api.tes.ser.api.SimpleSerdesTesterBuilder$SimpleSerdesTester] (main) Using producer configuration: {apicurio.registry.url=http://registry-app-pg17.apps.ci419.apicurio-testing.org:80/apis/registry/v3, apicurio.registry.auto-register=true, apicurio.registry.artifact-resolver-strategy=io.apicurio.registry.serde.strategy.SimpleTopicIdStrategy, value.serializer=io.apicurio.registry.serde.avro.AvroKafkaSerializer, request.timeout.ms=5000, acks=all, bootstrap.servers=PLAINTEXT://localhost:32769, connections.max.idle.ms=10000, key.serializer=org.apache.kafka.common.serialization.StringSerializer, client.id=Producer-topic-20f306c2_aa72_488e_8cce_4bf7e38fe513}
2025-08-13 02:15:02,553 INFO  [io.api.tes.ser.api.SimpleSerdesTesterBuilder$SimpleSerdesTester] (main) Using consumer configuration: {}
2025-08-13 02:15:02,554 INFO  [io.api.tes.ser.api.KafkaSerdesTester] (Thread-732) Sending message {"username": null} to topic topic-20f306c2_aa72_488e_8cce_4bf7e38fe513
2025-08-13 02:15:02,558 WARN  [org.apa.kaf.cli.NetworkClient] (kafka-producer-network-thread | Producer-topic-20f306c2_aa72_488e_8cce_4bf7e38fe513) [Producer clientId=Producer-topic-20f306c2_aa72_488e_8cce_4bf7e38fe513] The metadata response from the cluster reported a recoverable issue with correlation id 1 : {topic-20f306c2_aa72_488e_8cce_4bf7e38fe513=UNKNOWN_TOPIC_OR_PARTITION}
2025-08-13 02:15:02,558 INFO  [org.apa.kaf.cli.Metadata] (kafka-producer-network-thread | Producer-topic-20f306c2_aa72_488e_8cce_4bf7e38fe513) [Producer clientId=Producer-topic-20f306c2_aa72_488e_8cce_4bf7e38fe513] Cluster ID: NjaB_jQRSOy2vs25Uo6hCg
2025-08-13 02:15:02,558 INFO  [org.apa.kaf.cli.pro.int.TransactionManager] (kafka-producer-network-thread | Producer-topic-20f306c2_aa72_488e_8cce_4bf7e38fe513) [Producer clientId=Producer-topic-20f306c2_aa72_488e_8cce_4bf7e38fe513] ProducerId set to 23 with epoch 0
2025-08-13 02:15:02,748 INFO  [io.api.tes.ser.api.KafkaSerdesTester] (Thread-732) Sending message {"username": null} to topic topic-20f306c2_aa72_488e_8cce_4bf7e38fe513
2025-08-13 02:15:02,750 INFO  [io.api.tes.ser.api.KafkaSerdesTester] (Thread-732) Sending message {"username": "value-2"} to topic topic-20f306c2_aa72_488e_8cce_4bf7e38fe513
2025-08-13 02:15:02,751 INFO  [io.api.tes.ser.api.KafkaSerdesTester] (Thread-732) Sending message {"username": null} to topic topic-20f306c2_aa72_488e_8cce_4bf7e38fe513
2025-08-13 02:15:02,752 INFO  [io.api.tes.ser.api.KafkaSerdesTester] (Thread-732) Sending message {"username": "value-4"} to topic topic-20f306c2_aa72_488e_8cce_4bf7e38fe513
2025-08-13 02:15:02,753 INFO  [io.api.tes.ser.api.KafkaSerdesTester] (Thread-732) Sending message {"username": null} to topic topic-20f306c2_aa72_488e_8cce_4bf7e38fe513
2025-08-13 02:15:02,755 INFO  [io.api.tes.ser.api.KafkaSerdesTester] (Thread-732) Sending message {"username": "value-6"} to topic topic-20f306c2_aa72_488e_8cce_4bf7e38fe513
2025-08-13 02:15:02,756 INFO  [io.api.tes.ser.api.KafkaSerdesTester] (Thread-732) Sending message {"username": null} to topic topic-20f306c2_aa72_488e_8cce_4bf7e38fe513
2025-08-13 02:15:02,758 INFO  [io.api.tes.ser.api.KafkaSerdesTester] (Thread-732) Sending message {"username": "value-8"} to topic topic-20f306c2_aa72_488e_8cce_4bf7e38fe513
2025-08-13 02:15:02,759 INFO  [io.api.tes.ser.api.KafkaSerdesTester] (Thread-732) Sending message {"username": null} to topic topic-20f306c2_aa72_488e_8cce_4bf7e38fe513
2025-08-13 02:15:02,760 INFO  [io.api.tes.ser.api.KafkaSerdesTester] (Thread-732) Produced 10 messages
2025-08-13 02:15:02,760 INFO  [org.apa.kaf.cli.pro.KafkaProducer] (Thread-732) [Producer clientId=Producer-topic-20f306c2_aa72_488e_8cce_4bf7e38fe513] Closing the Kafka producer with timeoutMillis = 9223372036854775807 ms.
2025-08-13 02:15:02,762 INFO  [org.apa.kaf.com.met.Metrics] (Thread-732) Metrics scheduler closed
2025-08-13 02:15:02,762 INFO  [org.apa.kaf.com.met.Metrics] (Thread-732) Closing reporter org.apache.kafka.common.metrics.JmxReporter
2025-08-13 02:15:02,762 INFO  [org.apa.kaf.com.met.Metrics] (Thread-732) Closing reporter org.apache.kafka.common.telemetry.internals.ClientTelemetryReporter
2025-08-13 02:15:02,762 INFO  [org.apa.kaf.com.met.Metrics] (Thread-732) Metrics reporters closed
2025-08-13 02:15:02,762 INFO  [org.apa.kaf.com.uti.AppInfoParser] (Thread-732) App info kafka.producer for Producer-topic-20f306c2_aa72_488e_8cce_4bf7e38fe513 unregistered
**** Registry Base URL: http://registry-app-pg17.apps.ci419.apicurio-testing.org:80
2025-08-13 02:15:02,819 INFO  [org.apa.kaf.cli.con.ConsumerConfig] (main) ConsumerConfig values: 
	allow.auto.create.topics = true
	auto.commit.interval.ms = 500
	auto.include.jmx.reporter = true
	auto.offset.reset = earliest
	bootstrap.servers = [PLAINTEXT://localhost:32769]
	check.crcs = true
	client.dns.lookup = use_all_dns_ips
	client.id = consumer-Consumer-topic-20f306c2_aa72_488e_8cce_4bf7e38fe513-17
	client.rack = 
	connections.max.idle.ms = 10000
	default.api.timeout.ms = 60000
	enable.auto.commit = true
	enable.metrics.push = true
	exclude.internal.topics = true
	fetch.max.bytes = 52428800
	fetch.max.wait.ms = 500
	fetch.min.bytes = 1
	group.id = Consumer-topic-20f306c2_aa72_488e_8cce_4bf7e38fe513
	group.instance.id = null
	group.protocol = classic
	group.remote.assignor = null
	heartbeat.interval.ms = 3000
	interceptor.classes = []
	internal.leave.group.on.close = true
	internal.throw.on.fetch.stable.offset.unsupported = false
	isolation.level = read_uncommitted
	key.deserializer = class org.apache.kafka.common.serialization.StringDeserializer
	max.partition.fetch.bytes = 1048576
	max.poll.interval.ms = 300000
	max.poll.records = 500
	metadata.max.age.ms = 300000
	metadata.recovery.strategy = none
	metric.reporters = []
	metrics.num.samples = 2
	metrics.recording.level = INFO
	metrics.sample.window.ms = 30000
	partition.assignment.strategy = [class org.apache.kafka.clients.consumer.RangeAssignor, class org.apache.kafka.clients.consumer.CooperativeStickyAssignor]
	receive.buffer.bytes = 65536
	reconnect.backoff.max.ms = 1000
	reconnect.backoff.ms = 50
	request.timeout.ms = 5000
	retry.backoff.max.ms = 1000
	retry.backoff.ms = 100
	sasl.client.callback.handler.class = null
	sasl.jaas.config = null
	sasl.kerberos.kinit.cmd = /usr/bin/kinit
	sasl.kerberos.min.time.before.relogin = 60000
	sasl.kerberos.service.name = null
	sasl.kerberos.ticket.renew.jitter = 0.05
	sasl.kerberos.ticket.renew.window.factor = 0.8
	sasl.login.callback.handler.class = null
	sasl.login.class = null
	sasl.login.connect.timeout.ms = null
	sasl.login.read.timeout.ms = null
	sasl.login.refresh.buffer.seconds = 300
	sasl.login.refresh.min.period.seconds = 60
	sasl.login.refresh.window.factor = 0.8
	sasl.login.refresh.window.jitter = 0.05
	sasl.login.retry.backoff.max.ms = 10000
	sasl.login.retry.backoff.ms = 100
	sasl.mechanism = GSSAPI
	sasl.oauthbearer.clock.skew.seconds = 30
	sasl.oauthbearer.expected.audience = null
	sasl.oauthbearer.expected.issuer = null
	sasl.oauthbearer.header.urlencode = false
	sasl.oauthbearer.jwks.endpoint.refresh.ms = 3600000
	sasl.oauthbearer.jwks.endpoint.retry.backoff.max.ms = 10000
	sasl.oauthbearer.jwks.endpoint.retry.backoff.ms = 100
	sasl.oauthbearer.jwks.endpoint.url = null
	sasl.oauthbearer.scope.claim.name = scope
	sasl.oauthbearer.sub.claim.name = sub
	sasl.oauthbearer.token.endpoint.url = null
	security.protocol = PLAINTEXT
	security.providers = null
	send.buffer.bytes = 131072
	session.timeout.ms = 45000
	socket.connection.setup.timeout.max.ms = 30000
	socket.connection.setup.timeout.ms = 10000
	ssl.cipher.suites = null
	ssl.enabled.protocols = [TLSv1.2, TLSv1.3]
	ssl.endpoint.identification.algorithm = https
	ssl.engine.factory.class = null
	ssl.key.password = null
	ssl.keymanager.algorithm = SunX509
	ssl.keystore.certificate.chain = null
	ssl.keystore.key = null
	ssl.keystore.location = null
	ssl.keystore.password = null
	ssl.keystore.type = JKS
	ssl.protocol = TLSv1.3
	ssl.provider = null
	ssl.secure.random.implementation = null
	ssl.trustmanager.algorithm = PKIX
	ssl.truststore.certificates = null
	ssl.truststore.location = null
	ssl.truststore.password = null
	ssl.truststore.type = JKS
	value.deserializer = class io.apicurio.registry.serde.avro.AvroKafkaDeserializer

2025-08-13 02:15:02,820 INFO  [org.apa.kaf.com.tel.int.KafkaMetricsCollector] (main) initializing Kafka metrics collector
2025-08-13 02:15:02,825 INFO  [org.apa.kaf.cli.con.ConsumerConfig] (main) These configurations '[apicurio.registry.url]' were supplied but are not used yet.
2025-08-13 02:15:02,825 INFO  [org.apa.kaf.com.uti.AppInfoParser] (main) Kafka version: 3.9.1
2025-08-13 02:15:02,825 INFO  [org.apa.kaf.com.uti.AppInfoParser] (main) Kafka commitId: f745dfdcee2b9851
2025-08-13 02:15:02,825 INFO  [org.apa.kaf.com.uti.AppInfoParser] (main) Kafka startTimeMs: 1755051302825
2025-08-13 02:15:02,826 INFO  [org.apa.kaf.cli.con.int.ClassicKafkaConsumer] (Thread-735) [Consumer clientId=consumer-Consumer-topic-20f306c2_aa72_488e_8cce_4bf7e38fe513-17, groupId=Consumer-topic-20f306c2_aa72_488e_8cce_4bf7e38fe513] Subscribed to topic(s): topic-20f306c2_aa72_488e_8cce_4bf7e38fe513
2025-08-13 02:15:02,831 INFO  [org.apa.kaf.cli.Metadata] (Thread-735) [Consumer clientId=consumer-Consumer-topic-20f306c2_aa72_488e_8cce_4bf7e38fe513-17, groupId=Consumer-topic-20f306c2_aa72_488e_8cce_4bf7e38fe513] Cluster ID: NjaB_jQRSOy2vs25Uo6hCg
2025-08-13 02:15:02,832 INFO  [org.apa.kaf.cli.con.int.ConsumerCoordinator] (Thread-735) [Consumer clientId=consumer-Consumer-topic-20f306c2_aa72_488e_8cce_4bf7e38fe513-17, groupId=Consumer-topic-20f306c2_aa72_488e_8cce_4bf7e38fe513] Discovered group coordinator localhost:32769 (id: 2147483647 rack: null)
2025-08-13 02:15:02,833 INFO  [org.apa.kaf.cli.con.int.ConsumerCoordinator] (Thread-735) [Consumer clientId=consumer-Consumer-topic-20f306c2_aa72_488e_8cce_4bf7e38fe513-17, groupId=Consumer-topic-20f306c2_aa72_488e_8cce_4bf7e38fe513] (Re-)joining group
2025-08-13 02:15:02,835 INFO  [org.apa.kaf.cli.con.int.ConsumerCoordinator] (Thread-735) [Consumer clientId=consumer-Consumer-topic-20f306c2_aa72_488e_8cce_4bf7e38fe513-17, groupId=Consumer-topic-20f306c2_aa72_488e_8cce_4bf7e38fe513] Request joining group due to: need to re-join with the given member-id: consumer-Consumer-topic-20f306c2_aa72_488e_8cce_4bf7e38fe513-17-617df4f4-1015-498d-b4e8-fdd40dd6c02b
2025-08-13 02:15:02,835 INFO  [org.apa.kaf.cli.con.int.ConsumerCoordinator] (Thread-735) [Consumer clientId=consumer-Consumer-topic-20f306c2_aa72_488e_8cce_4bf7e38fe513-17, groupId=Consumer-topic-20f306c2_aa72_488e_8cce_4bf7e38fe513] (Re-)joining group
2025-08-13 02:15:03,827 INFO  [io.api.tes.ser.api.KafkaSerdesTester] (Thread-735) None found
2025-08-13 02:15:04,827 INFO  [io.api.tes.ser.api.KafkaSerdesTester] (Thread-735) None found
2025-08-13 02:15:05,827 INFO  [io.api.tes.ser.api.KafkaSerdesTester] (Thread-735) None found
2025-08-13 02:15:05,836 INFO  [org.apa.kaf.cli.con.int.ConsumerCoordinator] (Thread-735) [Consumer clientId=consumer-Consumer-topic-20f306c2_aa72_488e_8cce_4bf7e38fe513-17, groupId=Consumer-topic-20f306c2_aa72_488e_8cce_4bf7e38fe513] Successfully joined group with generation Generation{generationId=1, memberId='consumer-Consumer-topic-20f306c2_aa72_488e_8cce_4bf7e38fe513-17-617df4f4-1015-498d-b4e8-fdd40dd6c02b', protocol='range'}
2025-08-13 02:15:05,837 INFO  [org.apa.kaf.cli.con.int.ConsumerCoordinator] (Thread-735) [Consumer clientId=consumer-Consumer-topic-20f306c2_aa72_488e_8cce_4bf7e38fe513-17, groupId=Consumer-topic-20f306c2_aa72_488e_8cce_4bf7e38fe513] Finished assignment for group at generation 1: {consumer-Consumer-topic-20f306c2_aa72_488e_8cce_4bf7e38fe513-17-617df4f4-1015-498d-b4e8-fdd40dd6c02b=Assignment(partitions=[topic-20f306c2_aa72_488e_8cce_4bf7e38fe513-0])}
2025-08-13 02:15:05,844 INFO  [org.apa.kaf.cli.con.int.ConsumerCoordinator] (Thread-735) [Consumer clientId=consumer-Consumer-topic-20f306c2_aa72_488e_8cce_4bf7e38fe513-17, groupId=Consumer-topic-20f306c2_aa72_488e_8cce_4bf7e38fe513] Successfully synced group in generation Generation{generationId=1, memberId='consumer-Consumer-topic-20f306c2_aa72_488e_8cce_4bf7e38fe513-17-617df4f4-1015-498d-b4e8-fdd40dd6c02b', protocol='range'}
2025-08-13 02:15:05,844 INFO  [org.apa.kaf.cli.con.int.ConsumerCoordinator] (Thread-735) [Consumer clientId=consumer-Consumer-topic-20f306c2_aa72_488e_8cce_4bf7e38fe513-17, groupId=Consumer-topic-20f306c2_aa72_488e_8cce_4bf7e38fe513] Notifying assignor about the new Assignment(partitions=[topic-20f306c2_aa72_488e_8cce_4bf7e38fe513-0])
2025-08-13 02:15:05,844 INFO  [org.apa.kaf.cli.con.int.ConsumerRebalanceListenerInvoker] (Thread-735) [Consumer clientId=consumer-Consumer-topic-20f306c2_aa72_488e_8cce_4bf7e38fe513-17, groupId=Consumer-topic-20f306c2_aa72_488e_8cce_4bf7e38fe513] Adding newly assigned partitions: topic-20f306c2_aa72_488e_8cce_4bf7e38fe513-0
2025-08-13 02:15:05,845 INFO  [org.apa.kaf.cli.con.int.ConsumerCoordinator] (Thread-735) [Consumer clientId=consumer-Consumer-topic-20f306c2_aa72_488e_8cce_4bf7e38fe513-17, groupId=Consumer-topic-20f306c2_aa72_488e_8cce_4bf7e38fe513] Found no committed offset for partition topic-20f306c2_aa72_488e_8cce_4bf7e38fe513-0
2025-08-13 02:15:05,848 INFO  [org.apa.kaf.cli.con.int.SubscriptionState] (Thread-735) [Consumer clientId=consumer-Consumer-topic-20f306c2_aa72_488e_8cce_4bf7e38fe513-17, groupId=Consumer-topic-20f306c2_aa72_488e_8cce_4bf7e38fe513] Resetting offset for partition topic-20f306c2_aa72_488e_8cce_4bf7e38fe513-0 to position FetchPosition{offset=0, offsetEpoch=Optional.empty, currentLeader=LeaderAndEpoch{leader=Optional[localhost:32769 (id: 0 rack: null)], epoch=0}}.
2025-08-13 02:15:05,924 INFO  [io.api.tes.ser.api.KafkaSerdesTester] (Thread-735) topic-20f306c2_aa72_488e_8cce_4bf7e38fe513 0 0 {"username": null}
2025-08-13 02:15:05,924 INFO  [io.api.tes.ser.api.KafkaSerdesTester] (Thread-735) topic-20f306c2_aa72_488e_8cce_4bf7e38fe513 0 1 {"username": null}
2025-08-13 02:15:05,924 INFO  [io.api.tes.ser.api.KafkaSerdesTester] (Thread-735) topic-20f306c2_aa72_488e_8cce_4bf7e38fe513 0 2 {"username": "value-2"}
2025-08-13 02:15:05,924 INFO  [io.api.tes.ser.api.KafkaSerdesTester] (Thread-735) topic-20f306c2_aa72_488e_8cce_4bf7e38fe513 0 3 {"username": null}
2025-08-13 02:15:05,924 INFO  [io.api.tes.ser.api.KafkaSerdesTester] (Thread-735) topic-20f306c2_aa72_488e_8cce_4bf7e38fe513 0 4 {"username": "value-4"}
2025-08-13 02:15:05,924 INFO  [io.api.tes.ser.api.KafkaSerdesTester] (Thread-735) topic-20f306c2_aa72_488e_8cce_4bf7e38fe513 0 5 {"username": null}
2025-08-13 02:15:05,924 INFO  [io.api.tes.ser.api.KafkaSerdesTester] (Thread-735) topic-20f306c2_aa72_488e_8cce_4bf7e38fe513 0 6 {"username": "value-6"}
2025-08-13 02:15:05,924 INFO  [io.api.tes.ser.api.KafkaSerdesTester] (Thread-735) topic-20f306c2_aa72_488e_8cce_4bf7e38fe513 0 7 {"username": null}
2025-08-13 02:15:05,924 INFO  [io.api.tes.ser.api.KafkaSerdesTester] (Thread-735) topic-20f306c2_aa72_488e_8cce_4bf7e38fe513 0 8 {"username": "value-8"}
2025-08-13 02:15:05,924 INFO  [io.api.tes.ser.api.KafkaSerdesTester] (Thread-735) topic-20f306c2_aa72_488e_8cce_4bf7e38fe513 0 9 {"username": null}
2025-08-13 02:15:05,924 INFO  [io.api.tes.ser.api.KafkaSerdesTester] (Thread-735) Consumed 10 messages
2025-08-13 02:15:05,930 INFO  [org.apa.kaf.cli.con.int.ConsumerRebalanceListenerInvoker] (Thread-735) [Consumer clientId=consumer-Consumer-topic-20f306c2_aa72_488e_8cce_4bf7e38fe513-17, groupId=Consumer-topic-20f306c2_aa72_488e_8cce_4bf7e38fe513] Revoke previously assigned partitions topic-20f306c2_aa72_488e_8cce_4bf7e38fe513-0
2025-08-13 02:15:05,930 INFO  [org.apa.kaf.cli.con.int.ConsumerCoordinator] (Thread-735) [Consumer clientId=consumer-Consumer-topic-20f306c2_aa72_488e_8cce_4bf7e38fe513-17, groupId=Consumer-topic-20f306c2_aa72_488e_8cce_4bf7e38fe513] Member consumer-Consumer-topic-20f306c2_aa72_488e_8cce_4bf7e38fe513-17-617df4f4-1015-498d-b4e8-fdd40dd6c02b sending LeaveGroup request to coordinator localhost:32769 (id: 2147483647 rack: null) due to the consumer is being closed
2025-08-13 02:15:05,931 INFO  [org.apa.kaf.cli.con.int.ConsumerCoordinator] (Thread-735) [Consumer clientId=consumer-Consumer-topic-20f306c2_aa72_488e_8cce_4bf7e38fe513-17, groupId=Consumer-topic-20f306c2_aa72_488e_8cce_4bf7e38fe513] Resetting generation and member id due to: consumer pro-actively leaving the group
2025-08-13 02:15:05,931 INFO  [org.apa.kaf.cli.con.int.ConsumerCoordinator] (Thread-735) [Consumer clientId=consumer-Consumer-topic-20f306c2_aa72_488e_8cce_4bf7e38fe513-17, groupId=Consumer-topic-20f306c2_aa72_488e_8cce_4bf7e38fe513] Request joining group due to: consumer pro-actively leaving the group
2025-08-13 02:15:06,425 INFO  [org.apa.kaf.com.met.Metrics] (Thread-735) Metrics scheduler closed
2025-08-13 02:15:06,425 INFO  [org.apa.kaf.com.met.Metrics] (Thread-735) Closing reporter org.apache.kafka.common.metrics.JmxReporter
2025-08-13 02:15:06,425 INFO  [org.apa.kaf.com.met.Metrics] (Thread-735) Closing reporter org.apache.kafka.common.telemetry.internals.ClientTelemetryReporter
2025-08-13 02:15:06,425 INFO  [org.apa.kaf.com.met.Metrics] (Thread-735) Metrics reporters closed
2025-08-13 02:15:06,427 INFO  [org.apa.kaf.com.uti.AppInfoParser] (Thread-735) App info kafka.consumer for consumer-Consumer-topic-20f306c2_aa72_488e_8cce_4bf7e38fe513-17 unregistered
2025-08-13 02:15:06,428 INFO  [io.api.tes.uti.TestSeparator] (main) io.apicurio.tests.serdes.apicurio.AvroSerdeIT.testFirstEmptyFieldConfusedAsMagicByte-FINISHED
2025-08-13 02:15:06,428 INFO  [io.api.tes.uti.TestSeparator] (main) ############################################################################
Test passed: testFirstEmptyFieldConfusedAsMagicByte
]]></system-out>
  </testcase>
  <testcase name="testAvroSerDesFailDifferentSchemaByContent" classname="io.apicurio.tests.serdes.apicurio.AvroSerdeIT" time="1.186">
    <system-out><![CDATA[2025-08-13 02:15:06,431 INFO  [io.api.tes.uti.TestSeparator] (main) ############################################################################
2025-08-13 02:15:06,431 INFO  [io.api.tes.uti.TestSeparator] (main) io.apicurio.tests.serdes.apicurio.AvroSerdeIT.testAvroSerDesFailDifferentSchemaByContent-STARTED
**** Registry Base URL: http://registry-app-pg17.apps.ci419.apicurio-testing.org:80
2025-08-13 02:15:07,521 INFO  [org.apa.kaf.cli.pro.ProducerConfig] (main) ProducerConfig values: 
	acks = -1
	auto.include.jmx.reporter = true
	batch.size = 16384
	bootstrap.servers = [PLAINTEXT://localhost:32769]
	buffer.memory = 33554432
	client.dns.lookup = use_all_dns_ips
	client.id = Producer-topic-1c7a8a70_4294_4d72_a811_609deb636283
	compression.gzip.level = -1
	compression.lz4.level = 9
	compression.type = none
	compression.zstd.level = 3
	connections.max.idle.ms = 10000
	delivery.timeout.ms = 120000
	enable.idempotence = true
	enable.metrics.push = true
	interceptor.classes = []
	key.serializer = class org.apache.kafka.common.serialization.StringSerializer
	linger.ms = 0
	max.block.ms = 60000
	max.in.flight.requests.per.connection = 5
	max.request.size = 1048576
	metadata.max.age.ms = 300000
	metadata.max.idle.ms = 300000
	metadata.recovery.strategy = none
	metric.reporters = []
	metrics.num.samples = 2
	metrics.recording.level = INFO
	metrics.sample.window.ms = 30000
	partitioner.adaptive.partitioning.enable = true
	partitioner.availability.timeout.ms = 0
	partitioner.class = null
	partitioner.ignore.keys = false
	receive.buffer.bytes = 32768
	reconnect.backoff.max.ms = 1000
	reconnect.backoff.ms = 50
	request.timeout.ms = 5000
	retries = 2147483647
	retry.backoff.max.ms = 1000
	retry.backoff.ms = 100
	sasl.client.callback.handler.class = null
	sasl.jaas.config = null
	sasl.kerberos.kinit.cmd = /usr/bin/kinit
	sasl.kerberos.min.time.before.relogin = 60000
	sasl.kerberos.service.name = null
	sasl.kerberos.ticket.renew.jitter = 0.05
	sasl.kerberos.ticket.renew.window.factor = 0.8
	sasl.login.callback.handler.class = null
	sasl.login.class = null
	sasl.login.connect.timeout.ms = null
	sasl.login.read.timeout.ms = null
	sasl.login.refresh.buffer.seconds = 300
	sasl.login.refresh.min.period.seconds = 60
	sasl.login.refresh.window.factor = 0.8
	sasl.login.refresh.window.jitter = 0.05
	sasl.login.retry.backoff.max.ms = 10000
	sasl.login.retry.backoff.ms = 100
	sasl.mechanism = GSSAPI
	sasl.oauthbearer.clock.skew.seconds = 30
	sasl.oauthbearer.expected.audience = null
	sasl.oauthbearer.expected.issuer = null
	sasl.oauthbearer.header.urlencode = false
	sasl.oauthbearer.jwks.endpoint.refresh.ms = 3600000
	sasl.oauthbearer.jwks.endpoint.retry.backoff.max.ms = 10000
	sasl.oauthbearer.jwks.endpoint.retry.backoff.ms = 100
	sasl.oauthbearer.jwks.endpoint.url = null
	sasl.oauthbearer.scope.claim.name = scope
	sasl.oauthbearer.sub.claim.name = sub
	sasl.oauthbearer.token.endpoint.url = null
	security.protocol = PLAINTEXT
	security.providers = null
	send.buffer.bytes = 131072
	socket.connection.setup.timeout.max.ms = 30000
	socket.connection.setup.timeout.ms = 10000
	ssl.cipher.suites = null
	ssl.enabled.protocols = [TLSv1.2, TLSv1.3]
	ssl.endpoint.identification.algorithm = https
	ssl.engine.factory.class = null
	ssl.key.password = null
	ssl.keymanager.algorithm = SunX509
	ssl.keystore.certificate.chain = null
	ssl.keystore.key = null
	ssl.keystore.location = null
	ssl.keystore.password = null
	ssl.keystore.type = JKS
	ssl.protocol = TLSv1.3
	ssl.provider = null
	ssl.secure.random.implementation = null
	ssl.trustmanager.algorithm = PKIX
	ssl.truststore.certificates = null
	ssl.truststore.location = null
	ssl.truststore.password = null
	ssl.truststore.type = JKS
	transaction.timeout.ms = 60000
	transactional.id = null
	value.serializer = class io.apicurio.registry.serde.avro.AvroKafkaSerializer

2025-08-13 02:15:07,521 INFO  [org.apa.kaf.com.tel.int.KafkaMetricsCollector] (main) initializing Kafka metrics collector
2025-08-13 02:15:07,524 INFO  [org.apa.kaf.cli.pro.KafkaProducer] (main) [Producer clientId=Producer-topic-1c7a8a70_4294_4d72_a811_609deb636283] Instantiated an idempotent producer.
2025-08-13 02:15:07,526 INFO  [org.apa.kaf.cli.pro.ProducerConfig] (main) These configurations '[apicurio.registry.url, apicurio.registry.artifact-resolver-strategy]' were supplied but are not used yet.
2025-08-13 02:15:07,526 INFO  [org.apa.kaf.com.uti.AppInfoParser] (main) Kafka version: 3.9.1
2025-08-13 02:15:07,526 INFO  [org.apa.kaf.com.uti.AppInfoParser] (main) Kafka commitId: f745dfdcee2b9851
2025-08-13 02:15:07,526 INFO  [org.apa.kaf.com.uti.AppInfoParser] (main) Kafka startTimeMs: 1755051307526
2025-08-13 02:15:07,528 INFO  [io.api.tes.ser.api.KafkaSerdesTester] (Thread-738) Sending message {"keyB": "value-0"} to topic topic-1c7a8a70_4294_4d72_a811_609deb636283
2025-08-13 02:15:07,530 INFO  [org.apa.kaf.cli.Metadata] (kafka-producer-network-thread | Producer-topic-1c7a8a70_4294_4d72_a811_609deb636283) [Producer clientId=Producer-topic-1c7a8a70_4294_4d72_a811_609deb636283] Cluster ID: NjaB_jQRSOy2vs25Uo6hCg
2025-08-13 02:15:07,531 INFO  [org.apa.kaf.cli.pro.int.TransactionManager] (kafka-producer-network-thread | Producer-topic-1c7a8a70_4294_4d72_a811_609deb636283) [Producer clientId=Producer-topic-1c7a8a70_4294_4d72_a811_609deb636283] ProducerId set to 24 with epoch 0
2025-08-13 02:15:07,531 INFO  [DefaultSchemaResolver] (Thread-738) Retrieving schema content using string: {"type":"record","name":"se169415bx34c1x4f05x8b5ex80c8d6ab77b4","namespace":"s489d7282xa196x40a9x960bx78ba7b42ddc8","fields":[{"name":"keyB","type":"string"}]}
2025-08-13 02:15:07,612 INFO  [org.apa.kaf.cli.pro.KafkaProducer] (Thread-738) [Producer clientId=Producer-topic-1c7a8a70_4294_4d72_a811_609deb636283] Closing the Kafka producer with timeoutMillis = 9223372036854775807 ms.
2025-08-13 02:15:07,613 INFO  [org.apa.kaf.com.met.Metrics] (Thread-738) Metrics scheduler closed
2025-08-13 02:15:07,613 INFO  [org.apa.kaf.com.met.Metrics] (Thread-738) Closing reporter org.apache.kafka.common.metrics.JmxReporter
2025-08-13 02:15:07,613 INFO  [org.apa.kaf.com.met.Metrics] (Thread-738) Closing reporter org.apache.kafka.common.telemetry.internals.ClientTelemetryReporter
2025-08-13 02:15:07,613 INFO  [org.apa.kaf.com.met.Metrics] (Thread-738) Metrics reporters closed
2025-08-13 02:15:07,613 INFO  [org.apa.kaf.com.uti.AppInfoParser] (Thread-738) App info kafka.producer for Producer-topic-1c7a8a70_4294_4d72_a811_609deb636283 unregistered
2025-08-13 02:15:07,614 INFO  [io.api.tes.uti.TestSeparator] (main) io.apicurio.tests.serdes.apicurio.AvroSerdeIT.testAvroSerDesFailDifferentSchemaByContent-FINISHED
2025-08-13 02:15:07,614 INFO  [io.api.tes.uti.TestSeparator] (main) ############################################################################
Test passed: testAvroSerDesFailDifferentSchemaByContent
]]></system-out>
    <system-err><![CDATA[java.lang.RuntimeException: Could not resolve artifact reference by content: {"type":"record","name":"se169415bx34c1x4f05x8b5ex80c8d6ab77b4","namespace":"s489d7282xa196x40a9x960bx78ba7b42ddc8","fields":[{"name":"keyB","type":"string"}]}&ArtifactReference [groupId=s489d7282xa196x40a9x960bx78ba7b42ddc8, artifactId=se169415bx34c1x4f05x8b5ex80c8d6ab77b4, version=null, globalId=null, contentId=null, contentHash=null]
	at io.apicurio.registry.resolver.DefaultSchemaResolver.lambda$handleResolveSchemaByContent$3(DefaultSchemaResolver.java:265)
	at io.apicurio.registry.resolver.cache.ERCache.lambda$getValue$0(ERCache.java:174)
	at io.apicurio.registry.resolver.cache.ERCache.retry(ERCache.java:227)
	at io.apicurio.registry.resolver.cache.ERCache.getValue(ERCache.java:173)
	at io.apicurio.registry.resolver.cache.ERCache.getByContent(ERCache.java:147)
	at io.apicurio.registry.resolver.DefaultSchemaResolver.handleResolveSchemaByContent(DefaultSchemaResolver.java:253)
	at io.apicurio.registry.resolver.DefaultSchemaResolver.getSchemaFromRegistry(DefaultSchemaResolver.java:138)
	at io.apicurio.registry.resolver.DefaultSchemaResolver.lambda$resolveSchema$0(DefaultSchemaResolver.java:84)
	at java.base/java.util.Optional.orElseGet(Optional.java:364)
	at io.apicurio.registry.resolver.DefaultSchemaResolver.resolveSchema(DefaultSchemaResolver.java:84)
	at io.apicurio.registry.serde.AbstractSerializer.serializeData(AbstractSerializer.java:62)
	at io.apicurio.registry.serde.KafkaSerializer.serialize(KafkaSerializer.java:77)
	at org.apache.kafka.clients.producer.KafkaProducer.doSend(KafkaProducer.java:1046)
	at org.apache.kafka.clients.producer.KafkaProducer.send(KafkaProducer.java:993)
	at org.apache.kafka.clients.producer.KafkaProducer.send(KafkaProducer.java:875)
	at io.apicurio.tests.serdes.apicurio.KafkaSerdesTester.lambda$produceMessages$3(KafkaSerdesTester.java:138)
	at java.base/java.util.concurrent.CompletableFuture$AsyncSupply.run(CompletableFuture.java:1768)
	at java.base/java.lang.Thread.run(Thread.java:840)
]]></system-err>
  </testcase>
  <testcase name="testGlobalIdInBody" classname="io.apicurio.tests.serdes.apicurio.AvroSerdeIT" time="3.908">
    <system-out><![CDATA[2025-08-13 02:15:07,617 INFO  [io.api.tes.uti.TestSeparator] (main) ############################################################################
2025-08-13 02:15:07,617 INFO  [io.api.tes.uti.TestSeparator] (main) io.apicurio.tests.serdes.apicurio.AvroSerdeIT.testGlobalIdInBody-STARTED
**** Registry Base URL: http://registry-app-pg17.apps.ci419.apicurio-testing.org:80
2025-08-13 02:15:07,623 INFO  [org.apa.kaf.cli.pro.ProducerConfig] (main) ProducerConfig values: 
	acks = -1
	auto.include.jmx.reporter = true
	batch.size = 16384
	bootstrap.servers = [PLAINTEXT://localhost:32769]
	buffer.memory = 33554432
	client.dns.lookup = use_all_dns_ips
	client.id = Producer-topic-4d847056_d17c_4294_8c7b_fe763f1e752d
	compression.gzip.level = -1
	compression.lz4.level = 9
	compression.type = none
	compression.zstd.level = 3
	connections.max.idle.ms = 10000
	delivery.timeout.ms = 120000
	enable.idempotence = true
	enable.metrics.push = true
	interceptor.classes = []
	key.serializer = class org.apache.kafka.common.serialization.StringSerializer
	linger.ms = 0
	max.block.ms = 60000
	max.in.flight.requests.per.connection = 5
	max.request.size = 1048576
	metadata.max.age.ms = 300000
	metadata.max.idle.ms = 300000
	metadata.recovery.strategy = none
	metric.reporters = []
	metrics.num.samples = 2
	metrics.recording.level = INFO
	metrics.sample.window.ms = 30000
	partitioner.adaptive.partitioning.enable = true
	partitioner.availability.timeout.ms = 0
	partitioner.class = null
	partitioner.ignore.keys = false
	receive.buffer.bytes = 32768
	reconnect.backoff.max.ms = 1000
	reconnect.backoff.ms = 50
	request.timeout.ms = 5000
	retries = 2147483647
	retry.backoff.max.ms = 1000
	retry.backoff.ms = 100
	sasl.client.callback.handler.class = null
	sasl.jaas.config = null
	sasl.kerberos.kinit.cmd = /usr/bin/kinit
	sasl.kerberos.min.time.before.relogin = 60000
	sasl.kerberos.service.name = null
	sasl.kerberos.ticket.renew.jitter = 0.05
	sasl.kerberos.ticket.renew.window.factor = 0.8
	sasl.login.callback.handler.class = null
	sasl.login.class = null
	sasl.login.connect.timeout.ms = null
	sasl.login.read.timeout.ms = null
	sasl.login.refresh.buffer.seconds = 300
	sasl.login.refresh.min.period.seconds = 60
	sasl.login.refresh.window.factor = 0.8
	sasl.login.refresh.window.jitter = 0.05
	sasl.login.retry.backoff.max.ms = 10000
	sasl.login.retry.backoff.ms = 100
	sasl.mechanism = GSSAPI
	sasl.oauthbearer.clock.skew.seconds = 30
	sasl.oauthbearer.expected.audience = null
	sasl.oauthbearer.expected.issuer = null
	sasl.oauthbearer.header.urlencode = false
	sasl.oauthbearer.jwks.endpoint.refresh.ms = 3600000
	sasl.oauthbearer.jwks.endpoint.retry.backoff.max.ms = 10000
	sasl.oauthbearer.jwks.endpoint.retry.backoff.ms = 100
	sasl.oauthbearer.jwks.endpoint.url = null
	sasl.oauthbearer.scope.claim.name = scope
	sasl.oauthbearer.sub.claim.name = sub
	sasl.oauthbearer.token.endpoint.url = null
	security.protocol = PLAINTEXT
	security.providers = null
	send.buffer.bytes = 131072
	socket.connection.setup.timeout.max.ms = 30000
	socket.connection.setup.timeout.ms = 10000
	ssl.cipher.suites = null
	ssl.enabled.protocols = [TLSv1.2, TLSv1.3]
	ssl.endpoint.identification.algorithm = https
	ssl.engine.factory.class = null
	ssl.key.password = null
	ssl.keymanager.algorithm = SunX509
	ssl.keystore.certificate.chain = null
	ssl.keystore.key = null
	ssl.keystore.location = null
	ssl.keystore.password = null
	ssl.keystore.type = JKS
	ssl.protocol = TLSv1.3
	ssl.provider = null
	ssl.secure.random.implementation = null
	ssl.trustmanager.algorithm = PKIX
	ssl.truststore.certificates = null
	ssl.truststore.location = null
	ssl.truststore.password = null
	ssl.truststore.type = JKS
	transaction.timeout.ms = 60000
	transactional.id = null
	value.serializer = class io.apicurio.registry.serde.avro.AvroKafkaSerializer

2025-08-13 02:15:07,623 INFO  [org.apa.kaf.com.tel.int.KafkaMetricsCollector] (main) initializing Kafka metrics collector
2025-08-13 02:15:07,629 INFO  [org.apa.kaf.cli.pro.KafkaProducer] (main) [Producer clientId=Producer-topic-4d847056_d17c_4294_8c7b_fe763f1e752d] Instantiated an idempotent producer.
2025-08-13 02:15:07,630 INFO  [org.apa.kaf.cli.pro.ProducerConfig] (main) These configurations '[apicurio.registry.url, apicurio.registry.auto-register, apicurio.registry.use-id, apicurio.registry.artifact-resolver-strategy]' were supplied but are not used yet.
2025-08-13 02:15:07,630 INFO  [org.apa.kaf.com.uti.AppInfoParser] (main) Kafka version: 3.9.1
2025-08-13 02:15:07,630 INFO  [org.apa.kaf.com.uti.AppInfoParser] (main) Kafka commitId: f745dfdcee2b9851
2025-08-13 02:15:07,630 INFO  [org.apa.kaf.com.uti.AppInfoParser] (main) Kafka startTimeMs: 1755051307630
2025-08-13 02:15:07,630 INFO  [io.api.tes.ser.api.SimpleSerdesTesterBuilder$SimpleSerdesTester] (main) Using producer configuration: {apicurio.registry.url=http://registry-app-pg17.apps.ci419.apicurio-testing.org:80/apis/registry/v3, apicurio.registry.auto-register=true, apicurio.registry.use-id=globalId, apicurio.registry.artifact-resolver-strategy=io.apicurio.registry.serde.strategy.TopicIdStrategy, value.serializer=io.apicurio.registry.serde.avro.AvroKafkaSerializer, request.timeout.ms=5000, acks=all, bootstrap.servers=PLAINTEXT://localhost:32769, connections.max.idle.ms=10000, key.serializer=org.apache.kafka.common.serialization.StringSerializer, client.id=Producer-topic-4d847056_d17c_4294_8c7b_fe763f1e752d}
2025-08-13 02:15:07,631 INFO  [io.api.tes.ser.api.SimpleSerdesTesterBuilder$SimpleSerdesTester] (main) Using consumer configuration: {apicurio.registry.use-id=globalId}
2025-08-13 02:15:07,632 INFO  [io.api.tes.ser.api.KafkaSerdesTester] (Thread-741) Sending message {"key11755051307618": "value-0"} to topic topic-4d847056_d17c_4294_8c7b_fe763f1e752d
2025-08-13 02:15:07,636 WARN  [org.apa.kaf.cli.NetworkClient] (kafka-producer-network-thread | Producer-topic-4d847056_d17c_4294_8c7b_fe763f1e752d) [Producer clientId=Producer-topic-4d847056_d17c_4294_8c7b_fe763f1e752d] The metadata response from the cluster reported a recoverable issue with correlation id 1 : {topic-4d847056_d17c_4294_8c7b_fe763f1e752d=UNKNOWN_TOPIC_OR_PARTITION}
2025-08-13 02:15:07,637 INFO  [org.apa.kaf.cli.Metadata] (kafka-producer-network-thread | Producer-topic-4d847056_d17c_4294_8c7b_fe763f1e752d) [Producer clientId=Producer-topic-4d847056_d17c_4294_8c7b_fe763f1e752d] Cluster ID: NjaB_jQRSOy2vs25Uo6hCg
2025-08-13 02:15:07,637 INFO  [org.apa.kaf.cli.pro.int.TransactionManager] (kafka-producer-network-thread | Producer-topic-4d847056_d17c_4294_8c7b_fe763f1e752d) [Producer clientId=Producer-topic-4d847056_d17c_4294_8c7b_fe763f1e752d] ProducerId set to 25 with epoch 0
2025-08-13 02:15:07,829 INFO  [io.api.tes.ser.api.KafkaSerdesTester] (Thread-741) Sending message {"key11755051307618": "value-1"} to topic topic-4d847056_d17c_4294_8c7b_fe763f1e752d
2025-08-13 02:15:07,831 INFO  [io.api.tes.ser.api.KafkaSerdesTester] (Thread-741) Sending message {"key11755051307618": "value-2"} to topic topic-4d847056_d17c_4294_8c7b_fe763f1e752d
2025-08-13 02:15:07,832 INFO  [io.api.tes.ser.api.KafkaSerdesTester] (Thread-741) Sending message {"key11755051307618": "value-3"} to topic topic-4d847056_d17c_4294_8c7b_fe763f1e752d
2025-08-13 02:15:07,833 INFO  [io.api.tes.ser.api.KafkaSerdesTester] (Thread-741) Sending message {"key11755051307618": "value-4"} to topic topic-4d847056_d17c_4294_8c7b_fe763f1e752d
2025-08-13 02:15:07,834 INFO  [io.api.tes.ser.api.KafkaSerdesTester] (Thread-741) Sending message {"key11755051307618": "value-5"} to topic topic-4d847056_d17c_4294_8c7b_fe763f1e752d
2025-08-13 02:15:07,839 INFO  [io.api.tes.ser.api.KafkaSerdesTester] (Thread-741) Sending message {"key11755051307618": "value-6"} to topic topic-4d847056_d17c_4294_8c7b_fe763f1e752d
2025-08-13 02:15:07,841 INFO  [io.api.tes.ser.api.KafkaSerdesTester] (Thread-741) Sending message {"key11755051307618": "value-7"} to topic topic-4d847056_d17c_4294_8c7b_fe763f1e752d
2025-08-13 02:15:07,845 INFO  [io.api.tes.ser.api.KafkaSerdesTester] (Thread-741) Sending message {"key11755051307618": "value-8"} to topic topic-4d847056_d17c_4294_8c7b_fe763f1e752d
2025-08-13 02:15:07,847 INFO  [io.api.tes.ser.api.KafkaSerdesTester] (Thread-741) Sending message {"key11755051307618": "value-9"} to topic topic-4d847056_d17c_4294_8c7b_fe763f1e752d
2025-08-13 02:15:07,848 INFO  [io.api.tes.ser.api.KafkaSerdesTester] (Thread-741) Produced 10 messages
2025-08-13 02:15:07,848 INFO  [org.apa.kaf.cli.pro.KafkaProducer] (Thread-741) [Producer clientId=Producer-topic-4d847056_d17c_4294_8c7b_fe763f1e752d] Closing the Kafka producer with timeoutMillis = 9223372036854775807 ms.
2025-08-13 02:15:07,850 INFO  [org.apa.kaf.com.met.Metrics] (Thread-741) Metrics scheduler closed
2025-08-13 02:15:07,851 INFO  [org.apa.kaf.com.met.Metrics] (Thread-741) Closing reporter org.apache.kafka.common.metrics.JmxReporter
2025-08-13 02:15:07,851 INFO  [org.apa.kaf.com.met.Metrics] (Thread-741) Closing reporter org.apache.kafka.common.telemetry.internals.ClientTelemetryReporter
2025-08-13 02:15:07,851 INFO  [org.apa.kaf.com.met.Metrics] (Thread-741) Metrics reporters closed
2025-08-13 02:15:07,851 INFO  [org.apa.kaf.com.uti.AppInfoParser] (Thread-741) App info kafka.producer for Producer-topic-4d847056_d17c_4294_8c7b_fe763f1e752d unregistered
**** Registry Base URL: http://registry-app-pg17.apps.ci419.apicurio-testing.org:80
2025-08-13 02:15:07,905 INFO  [org.apa.kaf.cli.con.ConsumerConfig] (main) ConsumerConfig values: 
	allow.auto.create.topics = true
	auto.commit.interval.ms = 500
	auto.include.jmx.reporter = true
	auto.offset.reset = earliest
	bootstrap.servers = [PLAINTEXT://localhost:32769]
	check.crcs = true
	client.dns.lookup = use_all_dns_ips
	client.id = consumer-Consumer-topic-4d847056_d17c_4294_8c7b_fe763f1e752d-18
	client.rack = 
	connections.max.idle.ms = 10000
	default.api.timeout.ms = 60000
	enable.auto.commit = true
	enable.metrics.push = true
	exclude.internal.topics = true
	fetch.max.bytes = 52428800
	fetch.max.wait.ms = 500
	fetch.min.bytes = 1
	group.id = Consumer-topic-4d847056_d17c_4294_8c7b_fe763f1e752d
	group.instance.id = null
	group.protocol = classic
	group.remote.assignor = null
	heartbeat.interval.ms = 3000
	interceptor.classes = []
	internal.leave.group.on.close = true
	internal.throw.on.fetch.stable.offset.unsupported = false
	isolation.level = read_uncommitted
	key.deserializer = class org.apache.kafka.common.serialization.StringDeserializer
	max.partition.fetch.bytes = 1048576
	max.poll.interval.ms = 300000
	max.poll.records = 500
	metadata.max.age.ms = 300000
	metadata.recovery.strategy = none
	metric.reporters = []
	metrics.num.samples = 2
	metrics.recording.level = INFO
	metrics.sample.window.ms = 30000
	partition.assignment.strategy = [class org.apache.kafka.clients.consumer.RangeAssignor, class org.apache.kafka.clients.consumer.CooperativeStickyAssignor]
	receive.buffer.bytes = 65536
	reconnect.backoff.max.ms = 1000
	reconnect.backoff.ms = 50
	request.timeout.ms = 5000
	retry.backoff.max.ms = 1000
	retry.backoff.ms = 100
	sasl.client.callback.handler.class = null
	sasl.jaas.config = null
	sasl.kerberos.kinit.cmd = /usr/bin/kinit
	sasl.kerberos.min.time.before.relogin = 60000
	sasl.kerberos.service.name = null
	sasl.kerberos.ticket.renew.jitter = 0.05
	sasl.kerberos.ticket.renew.window.factor = 0.8
	sasl.login.callback.handler.class = null
	sasl.login.class = null
	sasl.login.connect.timeout.ms = null
	sasl.login.read.timeout.ms = null
	sasl.login.refresh.buffer.seconds = 300
	sasl.login.refresh.min.period.seconds = 60
	sasl.login.refresh.window.factor = 0.8
	sasl.login.refresh.window.jitter = 0.05
	sasl.login.retry.backoff.max.ms = 10000
	sasl.login.retry.backoff.ms = 100
	sasl.mechanism = GSSAPI
	sasl.oauthbearer.clock.skew.seconds = 30
	sasl.oauthbearer.expected.audience = null
	sasl.oauthbearer.expected.issuer = null
	sasl.oauthbearer.header.urlencode = false
	sasl.oauthbearer.jwks.endpoint.refresh.ms = 3600000
	sasl.oauthbearer.jwks.endpoint.retry.backoff.max.ms = 10000
	sasl.oauthbearer.jwks.endpoint.retry.backoff.ms = 100
	sasl.oauthbearer.jwks.endpoint.url = null
	sasl.oauthbearer.scope.claim.name = scope
	sasl.oauthbearer.sub.claim.name = sub
	sasl.oauthbearer.token.endpoint.url = null
	security.protocol = PLAINTEXT
	security.providers = null
	send.buffer.bytes = 131072
	session.timeout.ms = 45000
	socket.connection.setup.timeout.max.ms = 30000
	socket.connection.setup.timeout.ms = 10000
	ssl.cipher.suites = null
	ssl.enabled.protocols = [TLSv1.2, TLSv1.3]
	ssl.endpoint.identification.algorithm = https
	ssl.engine.factory.class = null
	ssl.key.password = null
	ssl.keymanager.algorithm = SunX509
	ssl.keystore.certificate.chain = null
	ssl.keystore.key = null
	ssl.keystore.location = null
	ssl.keystore.password = null
	ssl.keystore.type = JKS
	ssl.protocol = TLSv1.3
	ssl.provider = null
	ssl.secure.random.implementation = null
	ssl.trustmanager.algorithm = PKIX
	ssl.truststore.certificates = null
	ssl.truststore.location = null
	ssl.truststore.password = null
	ssl.truststore.type = JKS
	value.deserializer = class io.apicurio.registry.serde.avro.AvroKafkaDeserializer

2025-08-13 02:15:07,905 INFO  [org.apa.kaf.com.tel.int.KafkaMetricsCollector] (main) initializing Kafka metrics collector
2025-08-13 02:15:07,910 INFO  [org.apa.kaf.cli.con.ConsumerConfig] (main) These configurations '[apicurio.registry.url, apicurio.registry.use-id]' were supplied but are not used yet.
2025-08-13 02:15:07,910 INFO  [org.apa.kaf.com.uti.AppInfoParser] (main) Kafka version: 3.9.1
2025-08-13 02:15:07,910 INFO  [org.apa.kaf.com.uti.AppInfoParser] (main) Kafka commitId: f745dfdcee2b9851
2025-08-13 02:15:07,910 INFO  [org.apa.kaf.com.uti.AppInfoParser] (main) Kafka startTimeMs: 1755051307910
2025-08-13 02:15:07,910 INFO  [org.apa.kaf.cli.con.int.ClassicKafkaConsumer] (Thread-744) [Consumer clientId=consumer-Consumer-topic-4d847056_d17c_4294_8c7b_fe763f1e752d-18, groupId=Consumer-topic-4d847056_d17c_4294_8c7b_fe763f1e752d] Subscribed to topic(s): topic-4d847056_d17c_4294_8c7b_fe763f1e752d
2025-08-13 02:15:07,915 INFO  [org.apa.kaf.cli.Metadata] (Thread-744) [Consumer clientId=consumer-Consumer-topic-4d847056_d17c_4294_8c7b_fe763f1e752d-18, groupId=Consumer-topic-4d847056_d17c_4294_8c7b_fe763f1e752d] Cluster ID: NjaB_jQRSOy2vs25Uo6hCg
2025-08-13 02:15:07,916 INFO  [org.apa.kaf.cli.con.int.ConsumerCoordinator] (Thread-744) [Consumer clientId=consumer-Consumer-topic-4d847056_d17c_4294_8c7b_fe763f1e752d-18, groupId=Consumer-topic-4d847056_d17c_4294_8c7b_fe763f1e752d] Discovered group coordinator localhost:32769 (id: 2147483647 rack: null)
2025-08-13 02:15:07,917 INFO  [org.apa.kaf.cli.con.int.ConsumerCoordinator] (Thread-744) [Consumer clientId=consumer-Consumer-topic-4d847056_d17c_4294_8c7b_fe763f1e752d-18, groupId=Consumer-topic-4d847056_d17c_4294_8c7b_fe763f1e752d] (Re-)joining group
2025-08-13 02:15:07,921 INFO  [org.apa.kaf.cli.con.int.ConsumerCoordinator] (Thread-744) [Consumer clientId=consumer-Consumer-topic-4d847056_d17c_4294_8c7b_fe763f1e752d-18, groupId=Consumer-topic-4d847056_d17c_4294_8c7b_fe763f1e752d] Request joining group due to: need to re-join with the given member-id: consumer-Consumer-topic-4d847056_d17c_4294_8c7b_fe763f1e752d-18-04c34187-f0b7-4a11-98c1-49c422f14e8d
2025-08-13 02:15:07,921 INFO  [org.apa.kaf.cli.con.int.ConsumerCoordinator] (Thread-744) [Consumer clientId=consumer-Consumer-topic-4d847056_d17c_4294_8c7b_fe763f1e752d-18, groupId=Consumer-topic-4d847056_d17c_4294_8c7b_fe763f1e752d] (Re-)joining group
2025-08-13 02:15:08,912 INFO  [io.api.tes.ser.api.KafkaSerdesTester] (Thread-744) None found
2025-08-13 02:15:09,912 INFO  [io.api.tes.ser.api.KafkaSerdesTester] (Thread-744) None found
2025-08-13 02:15:10,913 INFO  [io.api.tes.ser.api.KafkaSerdesTester] (Thread-744) None found
2025-08-13 02:15:10,923 INFO  [org.apa.kaf.cli.con.int.ConsumerCoordinator] (Thread-744) [Consumer clientId=consumer-Consumer-topic-4d847056_d17c_4294_8c7b_fe763f1e752d-18, groupId=Consumer-topic-4d847056_d17c_4294_8c7b_fe763f1e752d] Successfully joined group with generation Generation{generationId=1, memberId='consumer-Consumer-topic-4d847056_d17c_4294_8c7b_fe763f1e752d-18-04c34187-f0b7-4a11-98c1-49c422f14e8d', protocol='range'}
2025-08-13 02:15:10,923 INFO  [org.apa.kaf.cli.con.int.ConsumerCoordinator] (Thread-744) [Consumer clientId=consumer-Consumer-topic-4d847056_d17c_4294_8c7b_fe763f1e752d-18, groupId=Consumer-topic-4d847056_d17c_4294_8c7b_fe763f1e752d] Finished assignment for group at generation 1: {consumer-Consumer-topic-4d847056_d17c_4294_8c7b_fe763f1e752d-18-04c34187-f0b7-4a11-98c1-49c422f14e8d=Assignment(partitions=[topic-4d847056_d17c_4294_8c7b_fe763f1e752d-0])}
2025-08-13 02:15:10,930 INFO  [org.apa.kaf.cli.con.int.ConsumerCoordinator] (Thread-744) [Consumer clientId=consumer-Consumer-topic-4d847056_d17c_4294_8c7b_fe763f1e752d-18, groupId=Consumer-topic-4d847056_d17c_4294_8c7b_fe763f1e752d] Successfully synced group in generation Generation{generationId=1, memberId='consumer-Consumer-topic-4d847056_d17c_4294_8c7b_fe763f1e752d-18-04c34187-f0b7-4a11-98c1-49c422f14e8d', protocol='range'}
2025-08-13 02:15:10,930 INFO  [org.apa.kaf.cli.con.int.ConsumerCoordinator] (Thread-744) [Consumer clientId=consumer-Consumer-topic-4d847056_d17c_4294_8c7b_fe763f1e752d-18, groupId=Consumer-topic-4d847056_d17c_4294_8c7b_fe763f1e752d] Notifying assignor about the new Assignment(partitions=[topic-4d847056_d17c_4294_8c7b_fe763f1e752d-0])
2025-08-13 02:15:10,930 INFO  [org.apa.kaf.cli.con.int.ConsumerRebalanceListenerInvoker] (Thread-744) [Consumer clientId=consumer-Consumer-topic-4d847056_d17c_4294_8c7b_fe763f1e752d-18, groupId=Consumer-topic-4d847056_d17c_4294_8c7b_fe763f1e752d] Adding newly assigned partitions: topic-4d847056_d17c_4294_8c7b_fe763f1e752d-0
2025-08-13 02:15:10,930 INFO  [org.apa.kaf.cli.con.int.ConsumerCoordinator] (Thread-744) [Consumer clientId=consumer-Consumer-topic-4d847056_d17c_4294_8c7b_fe763f1e752d-18, groupId=Consumer-topic-4d847056_d17c_4294_8c7b_fe763f1e752d] Found no committed offset for partition topic-4d847056_d17c_4294_8c7b_fe763f1e752d-0
2025-08-13 02:15:10,934 INFO  [org.apa.kaf.cli.con.int.SubscriptionState] (Thread-744) [Consumer clientId=consumer-Consumer-topic-4d847056_d17c_4294_8c7b_fe763f1e752d-18, groupId=Consumer-topic-4d847056_d17c_4294_8c7b_fe763f1e752d] Resetting offset for partition topic-4d847056_d17c_4294_8c7b_fe763f1e752d-0 to position FetchPosition{offset=0, offsetEpoch=Optional.empty, currentLeader=LeaderAndEpoch{leader=Optional[localhost:32769 (id: 0 rack: null)], epoch=0}}.
2025-08-13 02:15:11,017 INFO  [io.api.tes.ser.api.KafkaSerdesTester] (Thread-744) topic-4d847056_d17c_4294_8c7b_fe763f1e752d 0 0 {"key11755051307618": "value-0"}
2025-08-13 02:15:11,017 INFO  [io.api.tes.ser.api.KafkaSerdesTester] (Thread-744) topic-4d847056_d17c_4294_8c7b_fe763f1e752d 0 1 {"key11755051307618": "value-1"}
2025-08-13 02:15:11,017 INFO  [io.api.tes.ser.api.KafkaSerdesTester] (Thread-744) topic-4d847056_d17c_4294_8c7b_fe763f1e752d 0 2 {"key11755051307618": "value-2"}
2025-08-13 02:15:11,017 INFO  [io.api.tes.ser.api.KafkaSerdesTester] (Thread-744) topic-4d847056_d17c_4294_8c7b_fe763f1e752d 0 3 {"key11755051307618": "value-3"}
2025-08-13 02:15:11,017 INFO  [io.api.tes.ser.api.KafkaSerdesTester] (Thread-744) topic-4d847056_d17c_4294_8c7b_fe763f1e752d 0 4 {"key11755051307618": "value-4"}
2025-08-13 02:15:11,017 INFO  [io.api.tes.ser.api.KafkaSerdesTester] (Thread-744) topic-4d847056_d17c_4294_8c7b_fe763f1e752d 0 5 {"key11755051307618": "value-5"}
2025-08-13 02:15:11,017 INFO  [io.api.tes.ser.api.KafkaSerdesTester] (Thread-744) topic-4d847056_d17c_4294_8c7b_fe763f1e752d 0 6 {"key11755051307618": "value-6"}
2025-08-13 02:15:11,017 INFO  [io.api.tes.ser.api.KafkaSerdesTester] (Thread-744) topic-4d847056_d17c_4294_8c7b_fe763f1e752d 0 7 {"key11755051307618": "value-7"}
2025-08-13 02:15:11,017 INFO  [io.api.tes.ser.api.KafkaSerdesTester] (Thread-744) topic-4d847056_d17c_4294_8c7b_fe763f1e752d 0 8 {"key11755051307618": "value-8"}
2025-08-13 02:15:11,017 INFO  [io.api.tes.ser.api.KafkaSerdesTester] (Thread-744) topic-4d847056_d17c_4294_8c7b_fe763f1e752d 0 9 {"key11755051307618": "value-9"}
2025-08-13 02:15:11,017 INFO  [io.api.tes.ser.api.KafkaSerdesTester] (Thread-744) Consumed 10 messages
2025-08-13 02:15:11,025 INFO  [org.apa.kaf.cli.con.int.ConsumerRebalanceListenerInvoker] (Thread-744) [Consumer clientId=consumer-Consumer-topic-4d847056_d17c_4294_8c7b_fe763f1e752d-18, groupId=Consumer-topic-4d847056_d17c_4294_8c7b_fe763f1e752d] Revoke previously assigned partitions topic-4d847056_d17c_4294_8c7b_fe763f1e752d-0
2025-08-13 02:15:11,025 INFO  [org.apa.kaf.cli.con.int.ConsumerCoordinator] (Thread-744) [Consumer clientId=consumer-Consumer-topic-4d847056_d17c_4294_8c7b_fe763f1e752d-18, groupId=Consumer-topic-4d847056_d17c_4294_8c7b_fe763f1e752d] Member consumer-Consumer-topic-4d847056_d17c_4294_8c7b_fe763f1e752d-18-04c34187-f0b7-4a11-98c1-49c422f14e8d sending LeaveGroup request to coordinator localhost:32769 (id: 2147483647 rack: null) due to the consumer is being closed
2025-08-13 02:15:11,025 INFO  [org.apa.kaf.cli.con.int.ConsumerCoordinator] (Thread-744) [Consumer clientId=consumer-Consumer-topic-4d847056_d17c_4294_8c7b_fe763f1e752d-18, groupId=Consumer-topic-4d847056_d17c_4294_8c7b_fe763f1e752d] Resetting generation and member id due to: consumer pro-actively leaving the group
2025-08-13 02:15:11,025 INFO  [org.apa.kaf.cli.con.int.ConsumerCoordinator] (Thread-744) [Consumer clientId=consumer-Consumer-topic-4d847056_d17c_4294_8c7b_fe763f1e752d-18, groupId=Consumer-topic-4d847056_d17c_4294_8c7b_fe763f1e752d] Request joining group due to: consumer pro-actively leaving the group
2025-08-13 02:15:11,520 INFO  [org.apa.kaf.com.met.Metrics] (Thread-744) Metrics scheduler closed
2025-08-13 02:15:11,520 INFO  [org.apa.kaf.com.met.Metrics] (Thread-744) Closing reporter org.apache.kafka.common.metrics.JmxReporter
2025-08-13 02:15:11,520 INFO  [org.apa.kaf.com.met.Metrics] (Thread-744) Closing reporter org.apache.kafka.common.telemetry.internals.ClientTelemetryReporter
2025-08-13 02:15:11,520 INFO  [org.apa.kaf.com.met.Metrics] (Thread-744) Metrics reporters closed
2025-08-13 02:15:11,521 INFO  [org.apa.kaf.com.uti.AppInfoParser] (Thread-744) App info kafka.consumer for consumer-Consumer-topic-4d847056_d17c_4294_8c7b_fe763f1e752d-18 unregistered
2025-08-13 02:15:11,523 INFO  [io.api.tes.uti.TestSeparator] (main) io.apicurio.tests.serdes.apicurio.AvroSerdeIT.testGlobalIdInBody-FINISHED
2025-08-13 02:15:11,523 INFO  [io.api.tes.uti.TestSeparator] (main) ############################################################################
Test passed: testGlobalIdInBody
]]></system-out>
  </testcase>
  <testcase name="testProducerUsesGlobalIdConsumerUsesDefault" classname="io.apicurio.tests.serdes.apicurio.AvroSerdeIT" time="0.0">
    <skipped message="void io.apicurio.tests.serdes.apicurio.AvroSerdeIT.testProducerUsesGlobalIdConsumerUsesDefault() throws java.lang.Exception is @Disabled"/>
  </testcase>
</testsuite>