<?xml version="1.0" encoding="UTF-8"?>
<testsuite xmlns:xsi="http://www.w3.org/2001/XMLSchema-instance" xsi:noNamespaceSchemaLocation="https://maven.apache.org/surefire/maven-failsafe-plugin/xsd/failsafe-test-report.xsd" version="3.0.2" name="io.apicurio.tests.serdes.apicurio.AvroSerdeIT" time="103.402" tests="21" errors="0" skipped="2" failures="0">
  <properties>
    <property name="java.specification.version" value="17"/>
    <property name="sun.jnu.encoding" value="UTF-8"/>
    <property name="java.class.path" value="/home/runner/work/apicurio-testing/apicurio-testing/clusters/ci419/namespaces/ksql047/tests/integration/apicurio-registry/integration-tests/target/test-classes:/home/runner/work/apicurio-testing/apicurio-testing/clusters/ci419/namespaces/ksql047/tests/integration/apicurio-registry/integration-tests/target/apicurio-registry-integration-tests-3.0.12-SNAPSHOT.jar:/home/runner/.m2/repository/io/quarkus/quarkus-junit5/3.20.2/quarkus-junit5-3.20.2.jar:/home/runner/.m2/repository/io/quarkus/quarkus-bootstrap-core/3.20.2/quarkus-bootstrap-core-3.20.2.jar:/home/runner/.m2/repository/io/quarkus/quarkus-classloader-commons/3.20.2/quarkus-classloader-commons-3.20.2.jar:/home/runner/.m2/repository/io/quarkus/quarkus-bootstrap-app-model/3.20.2/quarkus-bootstrap-app-model-3.20.2.jar:/home/runner/.m2/repository/io/smallrye/common/smallrye-common-io/2.12.0/smallrye-common-io-2.12.0.jar:/home/runner/.m2/repository/org/eclipse/sisu/org.eclipse.sisu.inject/0.9.0.M3/org.eclipse.sisu.inject-0.9.0.M3.jar:/home/runner/.m2/repository/io/quarkus/quarkus-test-common/3.20.2/quarkus-test-common-3.20.2.jar:/home/runner/.m2/repository/io/quarkus/quarkus-core-deployment/3.20.2/quarkus-core-deployment-3.20.2.jar:/home/runner/.m2/repository/org/aesh/readline/2.6/readline-2.6.jar:/home/runner/.m2/repository/org/fusesource/jansi/jansi/2.4.0/jansi-2.4.0.jar:/home/runner/.m2/repository/org/aesh/aesh/2.8.2/aesh-2.8.2.jar:/home/runner/.m2/repository/io/quarkus/gizmo/gizmo/1.8.0/gizmo-1.8.0.jar:/home/runner/.m2/repository/org/ow2/asm/asm-util/9.7.1/asm-util-9.7.1.jar:/home/runner/.m2/repository/org/ow2/asm/asm-analysis/9.7.1/asm-analysis-9.7.1.jar:/home/runner/.m2/repository/org/ow2/asm/asm-commons/9.7.1/asm-commons-9.7.1.jar:/home/runner/.m2/repository/org/ow2/asm/asm-tree/9.7.1/asm-tree-9.7.1.jar:/home/runner/.m2/repository/io/quarkus/quarkus-hibernate-validator-spi/3.20.2/quarkus-hibernate-validator-spi-3.20.2.jar:/home/runner/.m2/repository/io/quarkus/quarkus-class-change-agent/3.20.2/quarkus-class-change-agent-3.20.2.jar:/home/runner/.m2/repository/io/quarkus/quarkus-devtools-utilities/3.20.2/quarkus-devtools-utilities-3.20.2.jar:/home/runner/.m2/repository/io/quarkus/quarkus-builder/3.20.2/quarkus-builder-3.20.2.jar:/home/runner/.m2/repository/org/graalvm/sdk/nativeimage/23.1.2/nativeimage-23.1.2.jar:/home/runner/.m2/repository/org/graalvm/sdk/word/23.1.2/word-23.1.2.jar:/home/runner/.m2/repository/io/quarkus/quarkus-bootstrap-maven-resolver/3.20.2/quarkus-bootstrap-maven-resolver-3.20.2.jar:/home/runner/.m2/repository/io/smallrye/beanbag/smallrye-beanbag-maven/1.5.2/smallrye-beanbag-maven-1.5.2.jar:/home/runner/.m2/repository/io/smallrye/beanbag/smallrye-beanbag-sisu/1.5.2/smallrye-beanbag-sisu-1.5.2.jar:/home/runner/.m2/repository/io/smallrye/beanbag/smallrye-beanbag/1.5.2/smallrye-beanbag-1.5.2.jar:/home/runner/.m2/repository/javax/inject/javax.inject/1/javax.inject-1.jar:/home/runner/.m2/repository/org/apache/maven/maven-artifact/3.9.9/maven-artifact-3.9.9.jar:/home/runner/.m2/repository/org/apache/maven/maven-builder-support/3.9.9/maven-builder-support-3.9.9.jar:/home/runner/.m2/repository/org/apache/maven/maven-model/3.9.9/maven-model-3.9.9.jar:/home/runner/.m2/repository/org/apache/maven/maven-model-builder/3.9.9/maven-model-builder-3.9.9.jar:/home/runner/.m2/repository/org/apache/maven/maven-repository-metadata/3.9.9/maven-repository-metadata-3.9.9.jar:/home/runner/.m2/repository/org/apache/maven/maven-settings/3.9.9/maven-settings-3.9.9.jar:/home/runner/.m2/repository/org/apache/maven/resolver/maven-resolver-api/1.9.22/maven-resolver-api-1.9.22.jar:/home/runner/.m2/repository/org/apache/maven/resolver/maven-resolver-impl/1.9.22/maven-resolver-impl-1.9.22.jar:/home/runner/.m2/repository/org/apache/maven/resolver/maven-resolver-named-locks/1.9.22/maven-resolver-named-locks-1.9.22.jar:/home/runner/.m2/repository/org/apache/maven/resolver/maven-resolver-spi/1.9.22/maven-resolver-spi-1.9.22.jar:/home/runner/.m2/repository/org/apache/maven/resolver/maven-resolver-util/1.9.22/maven-resolver-util-1.9.22.jar:/home/runner/.m2/repository/org/apache/maven/resolver/maven-resolver-transport-http/1.9.20/maven-resolver-transport-http-1.9.20.jar:/home/runner/.m2/repository/org/apache/maven/wagon/wagon-provider-api/3.5.3/wagon-provider-api-3.5.3.jar:/home/runner/.m2/repository/org/apache/maven/wagon/wagon-http-shared/3.5.3/wagon-http-shared-3.5.3.jar:/home/runner/.m2/repository/org/codehaus/plexus/plexus-interpolation/1.26/plexus-interpolation-1.26.jar:/home/runner/.m2/repository/org/codehaus/plexus/plexus-utils/3.5.1/plexus-utils-3.5.1.jar:/home/runner/.m2/repository/org/codehaus/plexus/plexus-xml/4.0.1/plexus-xml-4.0.1.jar:/home/runner/.m2/repository/org/apache/maven/maven-xml-impl/4.0.0-alpha-5/maven-xml-impl-4.0.0-alpha-5.jar:/home/runner/.m2/repository/org/apache/maven/maven-api-xml/4.0.0-alpha-5/maven-api-xml-4.0.0-alpha-5.jar:/home/runner/.m2/repository/org/apache/maven/maven-api-meta/4.0.0-alpha-5/maven-api-meta-4.0.0-alpha-5.jar:/home/runner/.m2/repository/org/codehaus/plexus/plexus-cipher/2.0/plexus-cipher-2.0.jar:/home/runner/.m2/repository/org/codehaus/plexus/plexus-sec-dispatcher/2.0/plexus-sec-dispatcher-2.0.jar:/home/runner/.m2/repository/org/apache/maven/maven-embedder/3.9.9/maven-embedder-3.9.9.jar:/home/runner/.m2/repository/org/apache/maven/maven-core/3.9.9/maven-core-3.9.9.jar:/home/runner/.m2/repository/org/codehaus/plexus/plexus-component-annotations/2.1.0/plexus-component-annotations-2.1.0.jar:/home/runner/.m2/repository/org/apache/maven/maven-plugin-api/3.9.9/maven-plugin-api-3.9.9.jar:/home/runner/.m2/repository/org/apache/maven/shared/maven-shared-utils/3.4.2/maven-shared-utils-3.4.2.jar:/home/runner/.m2/repository/com/google/inject/guice/5.1.0/guice-5.1.0.jar:/home/runner/.m2/repository/aopalliance/aopalliance/1.0/aopalliance-1.0.jar:/home/runner/.m2/repository/org/codehaus/plexus/plexus-classworlds/2.6.0/plexus-classworlds-2.6.0.jar:/home/runner/.m2/repository/commons-cli/commons-cli/1.8.0/commons-cli-1.8.0.jar:/home/runner/.m2/repository/org/eclipse/sisu/org.eclipse.sisu.plexus/0.9.0.M3/org.eclipse.sisu.plexus-0.9.0.M3.jar:/home/runner/.m2/repository/org/apache/maven/maven-settings-builder/3.9.9/maven-settings-builder-3.9.9.jar:/home/runner/.m2/repository/org/apache/maven/maven-resolver-provider/3.9.9/maven-resolver-provider-3.9.9.jar:/home/runner/.m2/repository/org/apache/maven/resolver/maven-resolver-connector-basic/1.9.22/maven-resolver-connector-basic-1.9.22.jar:/home/runner/.m2/repository/org/apache/maven/resolver/maven-resolver-transport-wagon/1.9.22/maven-resolver-transport-wagon-1.9.22.jar:/home/runner/.m2/repository/org/apache/maven/wagon/wagon-http/3.5.3/wagon-http-3.5.3.jar:/home/runner/.m2/repository/org/apache/maven/wagon/wagon-file/3.5.3/wagon-file-3.5.3.jar:/home/runner/.m2/repository/io/quarkus/quarkus-bootstrap-gradle-resolver/3.20.2/quarkus-bootstrap-gradle-resolver-3.20.2.jar:/home/runner/.m2/repository/io/smallrye/jandex/3.3.0/jandex-3.3.0.jar:/home/runner/.m2/repository/org/jboss/logging/commons-logging-jboss-logging/1.0.0.Final/commons-logging-jboss-logging-1.0.0.Final.jar:/home/runner/.m2/repository/io/quarkus/quarkus-junit5-config/3.20.2/quarkus-junit5-config-3.20.2.jar:/home/runner/.m2/repository/org/junit/jupiter/junit-jupiter-api/5.12.1/junit-jupiter-api-5.12.1.jar:/home/runner/.m2/repository/io/smallrye/config/smallrye-config/3.11.4/smallrye-config-3.11.4.jar:/home/runner/.m2/repository/io/smallrye/config/smallrye-config-core/3.11.4/smallrye-config-core-3.11.4.jar:/home/runner/.m2/repository/io/smallrye/common/smallrye-common-classloader/2.12.0/smallrye-common-classloader-2.12.0.jar:/home/runner/.m2/repository/io/smallrye/config/smallrye-config-common/3.11.4/smallrye-config-common-3.11.4.jar:/home/runner/.m2/repository/org/junit/jupiter/junit-jupiter/5.12.1/junit-jupiter-5.12.1.jar:/home/runner/.m2/repository/org/junit/jupiter/junit-jupiter-params/5.12.1/junit-jupiter-params-5.12.1.jar:/home/runner/.m2/repository/org/junit/jupiter/junit-jupiter-engine/5.12.1/junit-jupiter-engine-5.12.1.jar:/home/runner/.m2/repository/io/quarkus/quarkus-core/3.20.2/quarkus-core-3.20.2.jar:/home/runner/.m2/repository/jakarta/enterprise/jakarta.enterprise.cdi-api/4.1.0/jakarta.enterprise.cdi-api-4.1.0.jar:/home/runner/.m2/repository/jakarta/enterprise/jakarta.enterprise.lang-model/4.1.0/jakarta.enterprise.lang-model-4.1.0.jar:/home/runner/.m2/repository/jakarta/el/jakarta.el-api/5.0.1/jakarta.el-api-5.0.1.jar:/home/runner/.m2/repository/jakarta/interceptor/jakarta.interceptor-api/2.2.0/jakarta.interceptor-api-2.2.0.jar:/home/runner/.m2/repository/jakarta/inject/jakarta.inject-api/2.0.1/jakarta.inject-api-2.0.1.jar:/home/runner/.m2/repository/io/smallrye/common/smallrye-common-os/2.12.0/smallrye-common-os-2.12.0.jar:/home/runner/.m2/repository/io/quarkus/quarkus-ide-launcher/3.20.2/quarkus-ide-launcher-3.20.2.jar:/home/runner/.m2/repository/io/quarkus/quarkus-development-mode-spi/3.20.2/quarkus-development-mode-spi-3.20.2.jar:/home/runner/.m2/repository/org/jboss/logging/jboss-logging/3.6.1.Final/jboss-logging-3.6.1.Final.jar:/home/runner/.m2/repository/org/jboss/logmanager/jboss-logmanager/3.1.2.Final/jboss-logmanager-3.1.2.Final.jar:/home/runner/.m2/repository/io/smallrye/common/smallrye-common-constraint/2.12.0/smallrye-common-constraint-2.12.0.jar:/home/runner/.m2/repository/io/smallrye/common/smallrye-common-cpu/2.12.0/smallrye-common-cpu-2.12.0.jar:/home/runner/.m2/repository/io/smallrye/common/smallrye-common-expression/2.12.0/smallrye-common-expression-2.12.0.jar:/home/runner/.m2/repository/io/smallrye/common/smallrye-common-net/2.12.0/smallrye-common-net-2.12.0.jar:/home/runner/.m2/repository/io/smallrye/common/smallrye-common-ref/2.12.0/smallrye-common-ref-2.12.0.jar:/home/runner/.m2/repository/jakarta/json/jakarta.json-api/2.1.3/jakarta.json-api-2.1.3.jar:/home/runner/.m2/repository/org/eclipse/parsson/parsson/1.1.7/parsson-1.1.7.jar:/home/runner/.m2/repository/org/jboss/logging/jboss-logging-annotations/3.0.4.Final/jboss-logging-annotations-3.0.4.Final.jar:/home/runner/.m2/repository/org/jboss/threads/jboss-threads/3.8.0.Final/jboss-threads-3.8.0.Final.jar:/home/runner/.m2/repository/io/smallrye/common/smallrye-common-annotation/2.12.0/smallrye-common-annotation-2.12.0.jar:/home/runner/.m2/repository/io/smallrye/common/smallrye-common-function/2.12.0/smallrye-common-function-2.12.0.jar:/home/runner/.m2/repository/org/jboss/slf4j/slf4j-jboss-logmanager/2.0.0.Final/slf4j-jboss-logmanager-2.0.0.Final.jar:/home/runner/.m2/repository/org/wildfly/common/wildfly-common/2.0.1/wildfly-common-2.0.1.jar:/home/runner/.m2/repository/io/quarkus/quarkus-bootstrap-runner/3.20.2/quarkus-bootstrap-runner-3.20.2.jar:/home/runner/.m2/repository/io/github/crac/org-crac/0.1.3/org-crac-0.1.3.jar:/home/runner/.m2/repository/io/quarkus/quarkus-fs-util/0.0.10/quarkus-fs-util-0.0.10.jar:/home/runner/.m2/repository/org/jboss/marshalling/jboss-marshalling/2.2.2.Final/jboss-marshalling-2.2.2.Final.jar:/home/runner/.m2/repository/io/fabric8/kubernetes-client/7.1.0/kubernetes-client-7.1.0.jar:/home/runner/.m2/repository/io/fabric8/kubernetes-client-api/7.1.0/kubernetes-client-api-7.1.0.jar:/home/runner/.m2/repository/io/fabric8/kubernetes-model-core/7.1.0/kubernetes-model-core-7.1.0.jar:/home/runner/.m2/repository/io/fabric8/kubernetes-model-common/7.1.0/kubernetes-model-common-7.1.0.jar:/home/runner/.m2/repository/javax/annotation/javax.annotation-api/1.3.2/javax.annotation-api-1.3.2.jar:/home/runner/.m2/repository/io/fabric8/kubernetes-model-gatewayapi/7.1.0/kubernetes-model-gatewayapi-7.1.0.jar:/home/runner/.m2/repository/io/fabric8/kubernetes-model-resource/7.1.0/kubernetes-model-resource-7.1.0.jar:/home/runner/.m2/repository/io/fabric8/kubernetes-model-rbac/7.1.0/kubernetes-model-rbac-7.1.0.jar:/home/runner/.m2/repository/io/fabric8/kubernetes-model-admissionregistration/7.1.0/kubernetes-model-admissionregistration-7.1.0.jar:/home/runner/.m2/repository/io/fabric8/kubernetes-model-apps/7.1.0/kubernetes-model-apps-7.1.0.jar:/home/runner/.m2/repository/io/fabric8/kubernetes-model-autoscaling/7.1.0/kubernetes-model-autoscaling-7.1.0.jar:/home/runner/.m2/repository/io/fabric8/kubernetes-model-apiextensions/7.1.0/kubernetes-model-apiextensions-7.1.0.jar:/home/runner/.m2/repository/io/fabric8/kubernetes-model-batch/7.1.0/kubernetes-model-batch-7.1.0.jar:/home/runner/.m2/repository/io/fabric8/kubernetes-model-certificates/7.1.0/kubernetes-model-certificates-7.1.0.jar:/home/runner/.m2/repository/io/fabric8/kubernetes-model-coordination/7.1.0/kubernetes-model-coordination-7.1.0.jar:/home/runner/.m2/repository/io/fabric8/kubernetes-model-discovery/7.1.0/kubernetes-model-discovery-7.1.0.jar:/home/runner/.m2/repository/io/fabric8/kubernetes-model-events/7.1.0/kubernetes-model-events-7.1.0.jar:/home/runner/.m2/repository/io/fabric8/kubernetes-model-extensions/7.1.0/kubernetes-model-extensions-7.1.0.jar:/home/runner/.m2/repository/io/fabric8/kubernetes-model-flowcontrol/7.1.0/kubernetes-model-flowcontrol-7.1.0.jar:/home/runner/.m2/repository/io/fabric8/kubernetes-model-networking/7.1.0/kubernetes-model-networking-7.1.0.jar:/home/runner/.m2/repository/io/fabric8/kubernetes-model-metrics/7.1.0/kubernetes-model-metrics-7.1.0.jar:/home/runner/.m2/repository/io/fabric8/kubernetes-model-policy/7.1.0/kubernetes-model-policy-7.1.0.jar:/home/runner/.m2/repository/io/fabric8/kubernetes-model-scheduling/7.1.0/kubernetes-model-scheduling-7.1.0.jar:/home/runner/.m2/repository/io/fabric8/kubernetes-model-storageclass/7.1.0/kubernetes-model-storageclass-7.1.0.jar:/home/runner/.m2/repository/io/fabric8/kubernetes-model-node/7.1.0/kubernetes-model-node-7.1.0.jar:/home/runner/.m2/repository/org/snakeyaml/snakeyaml-engine/2.9/snakeyaml-engine-2.9.jar:/home/runner/.m2/repository/com/fasterxml/jackson/dataformat/jackson-dataformat-yaml/2.18.2/jackson-dataformat-yaml-2.18.2.jar:/home/runner/.m2/repository/com/fasterxml/jackson/datatype/jackson-datatype-jsr310/2.18.2/jackson-datatype-jsr310-2.18.2.jar:/home/runner/.m2/repository/io/fabric8/zjsonpatch/7.1.0/zjsonpatch-7.1.0.jar:/home/runner/.m2/repository/io/fabric8/kubernetes-httpclient-vertx/7.1.0/kubernetes-httpclient-vertx-7.1.0.jar:/home/runner/.m2/repository/io/vertx/vertx-web-client/4.5.16/vertx-web-client-4.5.16.jar:/home/runner/.m2/repository/io/vertx/vertx-web-common/4.5.16/vertx-web-common-4.5.16.jar:/home/runner/.m2/repository/io/vertx/vertx-auth-common/4.5.16/vertx-auth-common-4.5.16.jar:/home/runner/.m2/repository/io/vertx/vertx-uri-template/4.5.16/vertx-uri-template-4.5.16.jar:/home/runner/.m2/repository/io/fabric8/openshift-client/7.1.0/openshift-client-7.1.0.jar:/home/runner/.m2/repository/io/fabric8/openshift-client-api/7.1.0/openshift-client-api-7.1.0.jar:/home/runner/.m2/repository/io/fabric8/openshift-model/7.1.0/openshift-model-7.1.0.jar:/home/runner/.m2/repository/io/fabric8/openshift-model-autoscaling/7.1.0/openshift-model-autoscaling-7.1.0.jar:/home/runner/.m2/repository/io/fabric8/openshift-model-operator/7.1.0/openshift-model-operator-7.1.0.jar:/home/runner/.m2/repository/io/fabric8/openshift-model-operatorhub/7.1.0/openshift-model-operatorhub-7.1.0.jar:/home/runner/.m2/repository/io/fabric8/openshift-model-machine/7.1.0/openshift-model-machine-7.1.0.jar:/home/runner/.m2/repository/io/fabric8/openshift-model-whereabouts/7.1.0/openshift-model-whereabouts-7.1.0.jar:/home/runner/.m2/repository/io/fabric8/openshift-model-monitoring/7.1.0/openshift-model-monitoring-7.1.0.jar:/home/runner/.m2/repository/io/fabric8/openshift-model-storageversionmigrator/7.1.0/openshift-model-storageversionmigrator-7.1.0.jar:/home/runner/.m2/repository/io/fabric8/openshift-model-tuned/7.1.0/openshift-model-tuned-7.1.0.jar:/home/runner/.m2/repository/io/fabric8/openshift-model-console/7.1.0/openshift-model-console-7.1.0.jar:/home/runner/.m2/repository/io/fabric8/openshift-model-config/7.1.0/openshift-model-config-7.1.0.jar:/home/runner/.m2/repository/io/fabric8/openshift-model-machineconfiguration/7.1.0/openshift-model-machineconfiguration-7.1.0.jar:/home/runner/.m2/repository/io/fabric8/openshift-model-miscellaneous/7.1.0/openshift-model-miscellaneous-7.1.0.jar:/home/runner/.m2/repository/io/fabric8/openshift-model-hive/7.1.0/openshift-model-hive-7.1.0.jar:/home/runner/.m2/repository/io/fabric8/openshift-model-installer/7.1.0/openshift-model-installer-7.1.0.jar:/home/runner/.m2/repository/org/junit/platform/junit-platform-launcher/1.12.1/junit-platform-launcher-1.12.1.jar:/home/runner/.m2/repository/org/junit/platform/junit-platform-engine/1.12.1/junit-platform-engine-1.12.1.jar:/home/runner/.m2/repository/org/opentest4j/opentest4j/1.3.0/opentest4j-1.3.0.jar:/home/runner/.m2/repository/org/junit/platform/junit-platform-commons/1.12.1/junit-platform-commons-1.12.1.jar:/home/runner/.m2/repository/org/apiguardian/apiguardian-api/1.1.2/apiguardian-api-1.1.2.jar:/home/runner/.m2/repository/jakarta/ws/rs/jakarta.ws.rs-api/3.1.0/jakarta.ws.rs-api-3.1.0.jar:/home/runner/work/apicurio-testing/apicurio-testing/clusters/ci419/namespaces/ksql047/tests/integration/apicurio-registry/java-sdk/target/apicurio-registry-java-sdk-3.0.12-SNAPSHOT.jar:/home/runner/.m2/repository/com/microsoft/kiota/microsoft-kiota-abstractions/1.8.9/microsoft-kiota-abstractions-1.8.9.jar:/home/runner/.m2/repository/io/github/std-uritemplate/std-uritemplate/2.0.0/std-uritemplate-2.0.0.jar:/home/runner/.m2/repository/io/kiota/kiota-http-jdk/0.0.29/kiota-http-jdk-0.0.29.jar:/home/runner/.m2/repository/io/kiota/kiota-http-vertx/0.0.29/kiota-http-vertx-0.0.29.jar:/home/runner/.m2/repository/io/kiota/kiota-serialization-jackson/0.0.29/kiota-serialization-jackson-0.0.29.jar:/home/runner/.m2/repository/com/microsoft/kiota/microsoft-kiota-serialization-text/1.8.9/microsoft-kiota-serialization-text-1.8.9.jar:/home/runner/.m2/repository/com/microsoft/kiota/microsoft-kiota-serialization-form/1.8.9/microsoft-kiota-serialization-form-1.8.9.jar:/home/runner/.m2/repository/com/microsoft/kiota/microsoft-kiota-serialization-multipart/1.8.9/microsoft-kiota-serialization-multipart-1.8.9.jar:/home/runner/.m2/repository/jakarta/annotation/jakarta.annotation-api/3.0.0/jakarta.annotation-api-3.0.0.jar:/home/runner/.m2/repository/io/vertx/vertx-auth-oauth2/4.5.16/vertx-auth-oauth2-4.5.16.jar:/home/runner/work/apicurio-testing/apicurio-testing/clusters/ci419/namespaces/ksql047/tests/integration/apicurio-registry/java-sdk-v2/target/apicurio-registry-v2-java-sdk-3.0.12-SNAPSHOT.jar:/home/runner/work/apicurio-testing/apicurio-testing/clusters/ci419/namespaces/ksql047/tests/integration/apicurio-registry/utils/kafka/target/apicurio-registry-utils-kafka-3.0.12-SNAPSHOT-tests.jar:/home/runner/.m2/repository/org/eclipse/microprofile/config/microprofile-config-api/3.1/microprofile-config-api-3.1.jar:/home/runner/.m2/repository/org/apache/kafka/kafka-clients/3.9.1/kafka-clients-3.9.1.jar:/home/runner/.m2/repository/com/github/luben/zstd-jni/1.5.6-4/zstd-jni-1.5.6-4.jar:/home/runner/.m2/repository/org/lz4/lz4-java/1.8.0/lz4-java-1.8.0.jar:/home/runner/.m2/repository/org/xerial/snappy/snappy-java/1.1.10.5/snappy-java-1.1.10.5.jar:/home/runner/.m2/repository/org/slf4j/slf4j-api/2.0.6/slf4j-api-2.0.6.jar:/home/runner/work/apicurio-testing/apicurio-testing/clusters/ci419/namespaces/ksql047/tests/integration/apicurio-registry/utils/tests/target/apicurio-registry-utils-tests-3.0.12-SNAPSHOT.jar:/home/runner/work/apicurio-testing/apicurio-testing/clusters/ci419/namespaces/ksql047/tests/integration/apicurio-registry/common/target/apicurio-registry-common-3.0.12-SNAPSHOT.jar:/home/runner/.m2/repository/jakarta/validation/jakarta.validation-api/3.0.2/jakarta.validation-api-3.0.2.jar:/home/runner/.m2/repository/com/github/dasniko/testcontainers-keycloak/3.8.0/testcontainers-keycloak-3.8.0.jar:/home/runner/.m2/repository/org/testcontainers/testcontainers/1.20.6/testcontainers-1.20.6.jar:/home/runner/.m2/repository/org/rnorth/duct-tape/duct-tape/1.0.8/duct-tape-1.0.8.jar:/home/runner/.m2/repository/com/github/docker-java/docker-java-transport-zerodep/3.4.1/docker-java-transport-zerodep-3.4.1.jar:/home/runner/.m2/repository/com/github/docker-java/docker-java-transport/3.4.1/docker-java-transport-3.4.1.jar:/home/runner/.m2/repository/net/java/dev/jna/jna/5.8.0/jna-5.8.0.jar:/home/runner/.m2/repository/io/quarkus/quarkus-junit4-mock/3.20.2/quarkus-junit4-mock-3.20.2.jar:/home/runner/.m2/repository/org/jboss/shrinkwrap/shrinkwrap-api/2.0.0-beta-2/shrinkwrap-api-2.0.0-beta-2.jar:/home/runner/.m2/repository/org/jboss/shrinkwrap/shrinkwrap-impl-base/2.0.0-beta-2/shrinkwrap-impl-base-2.0.0-beta-2.jar:/home/runner/.m2/repository/org/jboss/shrinkwrap/shrinkwrap-spi/2.0.0-beta-2/shrinkwrap-spi-2.0.0-beta-2.jar:/home/runner/.m2/repository/org/keycloak/keycloak-admin-client/26.0.4/keycloak-admin-client-26.0.4.jar:/home/runner/.m2/repository/org/keycloak/keycloak-client-common-synced/26.0.4/keycloak-client-common-synced-26.0.4.jar:/home/runner/.m2/repository/jakarta/activation/jakarta.activation-api/2.1.3/jakarta.activation-api-2.1.3.jar:/home/runner/.m2/repository/org/eclipse/microprofile/openapi/microprofile-openapi-api/4.0.2/microprofile-openapi-api-4.0.2.jar:/home/runner/.m2/repository/org/jboss/resteasy/resteasy-client/6.2.12.Final/resteasy-client-6.2.12.Final.jar:/home/runner/.m2/repository/org/jboss/resteasy/resteasy-client-api/6.2.12.Final/resteasy-client-api-6.2.12.Final.jar:/home/runner/.m2/repository/org/jboss/resteasy/resteasy-core-spi/6.2.12.Final/resteasy-core-spi-6.2.12.Final.jar:/home/runner/.m2/repository/org/jboss/resteasy/resteasy-core/6.2.12.Final/resteasy-core-6.2.12.Final.jar:/home/runner/.m2/repository/org/eclipse/angus/angus-activation/2.0.2/angus-activation-2.0.2.jar:/home/runner/.m2/repository/com/ibm/async/asyncutil/0.1.0/asyncutil-0.1.0.jar:/home/runner/.m2/repository/org/reactivestreams/reactive-streams/1.0.4/reactive-streams-1.0.4.jar:/home/runner/.m2/repository/org/jboss/resteasy/resteasy-multipart-provider/6.2.12.Final/resteasy-multipart-provider-6.2.12.Final.jar:/home/runner/.m2/repository/jakarta/mail/jakarta.mail-api/2.1.3/jakarta.mail-api-2.1.3.jar:/home/runner/.m2/repository/org/eclipse/angus/angus-mail/2.0.3/angus-mail-2.0.3.jar:/home/runner/.m2/repository/org/apache/james/apache-mime4j-dom/0.8.12/apache-mime4j-dom-0.8.12.jar:/home/runner/.m2/repository/org/apache/james/apache-mime4j-core/0.8.12/apache-mime4j-core-0.8.12.jar:/home/runner/.m2/repository/org/apache/james/apache-mime4j-storage/0.8.12/apache-mime4j-storage-0.8.12.jar:/home/runner/.m2/repository/org/jboss/resteasy/resteasy-jackson2-provider/6.2.12.Final/resteasy-jackson2-provider-6.2.12.Final.jar:/home/runner/.m2/repository/com/fasterxml/jackson/jakarta/rs/jackson-jakarta-rs-base/2.18.2/jackson-jakarta-rs-base-2.18.2.jar:/home/runner/.m2/repository/com/fasterxml/jackson/jakarta/rs/jackson-jakarta-rs-json-provider/2.18.2/jackson-jakarta-rs-json-provider-2.18.2.jar:/home/runner/.m2/repository/com/fasterxml/jackson/module/jackson-module-jakarta-xmlbind-annotations/2.18.2/jackson-module-jakarta-xmlbind-annotations-2.18.2.jar:/home/runner/.m2/repository/com/github/java-json-tools/json-patch/1.13/json-patch-1.13.jar:/home/runner/.m2/repository/com/github/java-json-tools/msg-simple/1.2/msg-simple-1.2.jar:/home/runner/.m2/repository/com/github/java-json-tools/btf/1.3/btf-1.3.jar:/home/runner/.m2/repository/com/github/java-json-tools/jackson-coreutils/2.0/jackson-coreutils-2.0.jar:/home/runner/.m2/repository/org/jboss/resteasy/resteasy-jaxb-provider/6.2.12.Final/resteasy-jaxb-provider-6.2.12.Final.jar:/home/runner/.m2/repository/org/glassfish/jaxb/codemodel/4.0.5/codemodel-4.0.5.jar:/home/runner/.m2/repository/org/glassfish/jaxb/jaxb-core/4.0.5/jaxb-core-4.0.5.jar:/home/runner/.m2/repository/org/glassfish/jaxb/jaxb-jxc/4.0.5/jaxb-jxc-4.0.5.jar:/home/runner/.m2/repository/org/glassfish/jaxb/jaxb-runtime/4.0.5/jaxb-runtime-4.0.5.jar:/home/runner/.m2/repository/org/glassfish/jaxb/txw2/4.0.5/txw2-4.0.5.jar:/home/runner/.m2/repository/org/glassfish/jaxb/jaxb-xjc/4.0.5/jaxb-xjc-4.0.5.jar:/home/runner/.m2/repository/org/glassfish/jaxb/xsom/4.0.5/xsom-4.0.5.jar:/home/runner/.m2/repository/com/sun/istack/istack-commons-runtime/4.1.2/istack-commons-runtime-4.1.2.jar:/home/runner/.m2/repository/com/sun/istack/istack-commons-tools/4.1.2/istack-commons-tools-4.1.2.jar:/home/runner/.m2/repository/com/sun/xml/bind/external/relaxng-datatype/4.0.5/relaxng-datatype-4.0.5.jar:/home/runner/.m2/repository/com/sun/xml/bind/external/rngom/4.0.5/rngom-4.0.5.jar:/home/runner/.m2/repository/org/testcontainers/mssqlserver/1.20.6/mssqlserver-1.20.6.jar:/home/runner/.m2/repository/org/testcontainers/jdbc/1.20.6/jdbc-1.20.6.jar:/home/runner/.m2/repository/org/testcontainers/database-commons/1.20.6/database-commons-1.20.6.jar:/home/runner/.m2/repository/org/testcontainers/mysql/1.20.6/mysql-1.20.6.jar:/home/runner/.m2/repository/io/strimzi/strimzi-test-container/0.111.0/strimzi-test-container-0.111.0.jar:/home/runner/.m2/repository/org/testcontainers/toxiproxy/1.20.6/toxiproxy-1.20.6.jar:/home/runner/.m2/repository/com/github/docker-java/docker-java-api/3.4.1/docker-java-api-3.4.1.jar:/home/runner/.m2/repository/org/apache/logging/log4j/log4j-slf4j-impl/2.19.0/log4j-slf4j-impl-2.19.0.jar:/home/runner/.m2/repository/org/apache/logging/log4j/log4j-api/2.24.3/log4j-api-2.24.3.jar:/home/runner/.m2/repository/org/apache/logging/log4j/log4j-core/2.19.0/log4j-core-2.19.0.jar:/home/runner/.m2/repository/eu/rekawek/toxiproxy/toxiproxy-java/2.1.7/toxiproxy-java-2.1.7.jar:/home/runner/.m2/repository/org/testcontainers/pulsar/1.21.3/pulsar-1.21.3.jar:/home/runner/.m2/repository/io/debezium/debezium-testing-testcontainers/2.7.4.Final/debezium-testing-testcontainers-2.7.4.Final.jar:/home/runner/.m2/repository/org/testcontainers/kafka/1.20.6/kafka-1.20.6.jar:/home/runner/.m2/repository/com/squareup/okhttp3/okhttp/4.8.1/okhttp-4.8.1.jar:/home/runner/.m2/repository/com/squareup/okio/okio/3.10.2/okio-3.10.2.jar:/home/runner/.m2/repository/com/squareup/okio/okio-jvm/3.10.2/okio-jvm-3.10.2.jar:/home/runner/.m2/repository/org/jetbrains/kotlin/kotlin-stdlib/2.0.21/kotlin-stdlib-2.0.21.jar:/home/runner/.m2/repository/org/awaitility/awaitility/4.3.0/awaitility-4.3.0.jar:/home/runner/.m2/repository/org/testcontainers/mongodb/1.20.6/mongodb-1.20.6.jar:/home/runner/.m2/repository/org/testcontainers/mariadb/1.20.6/mariadb-1.20.6.jar:/home/runner/.m2/repository/org/testcontainers/oracle-xe/1.20.6/oracle-xe-1.20.6.jar:/home/runner/.m2/repository/org/testcontainers/postgresql/1.20.6/postgresql-1.20.6.jar:/home/runner/.m2/repository/org/wiremock/wiremock/3.0.1/wiremock-3.0.1.jar:/home/runner/.m2/repository/org/eclipse/jetty/jetty-server/11.0.15/jetty-server-11.0.15.jar:/home/runner/.m2/repository/org/eclipse/jetty/toolchain/jetty-jakarta-servlet-api/5.0.2/jetty-jakarta-servlet-api-5.0.2.jar:/home/runner/.m2/repository/org/eclipse/jetty/jetty-http/11.0.15/jetty-http-11.0.15.jar:/home/runner/.m2/repository/org/eclipse/jetty/jetty-io/11.0.15/jetty-io-11.0.15.jar:/home/runner/.m2/repository/org/eclipse/jetty/jetty-servlet/11.0.15/jetty-servlet-11.0.15.jar:/home/runner/.m2/repository/org/eclipse/jetty/jetty-security/11.0.15/jetty-security-11.0.15.jar:/home/runner/.m2/repository/org/eclipse/jetty/jetty-servlets/11.0.15/jetty-servlets-11.0.15.jar:/home/runner/.m2/repository/org/eclipse/jetty/jetty-util/11.0.15/jetty-util-11.0.15.jar:/home/runner/.m2/repository/org/eclipse/jetty/jetty-webapp/11.0.15/jetty-webapp-11.0.15.jar:/home/runner/.m2/repository/org/eclipse/jetty/jetty-xml/11.0.15/jetty-xml-11.0.15.jar:/home/runner/.m2/repository/org/eclipse/jetty/jetty-proxy/11.0.15/jetty-proxy-11.0.15.jar:/home/runner/.m2/repository/org/eclipse/jetty/jetty-client/11.0.15/jetty-client-11.0.15.jar:/home/runner/.m2/repository/org/eclipse/jetty/http2/http2-server/11.0.15/http2-server-11.0.15.jar:/home/runner/.m2/repository/org/eclipse/jetty/http2/http2-common/11.0.15/http2-common-11.0.15.jar:/home/runner/.m2/repository/org/eclipse/jetty/http2/http2-hpack/11.0.15/http2-hpack-11.0.15.jar:/home/runner/.m2/repository/org/eclipse/jetty/jetty-alpn-server/11.0.15/jetty-alpn-server-11.0.15.jar:/home/runner/.m2/repository/org/eclipse/jetty/jetty-alpn-java-server/11.0.15/jetty-alpn-java-server-11.0.15.jar:/home/runner/.m2/repository/org/eclipse/jetty/jetty-alpn-java-client/11.0.15/jetty-alpn-java-client-11.0.15.jar:/home/runner/.m2/repository/org/eclipse/jetty/jetty-alpn-client/11.0.15/jetty-alpn-client-11.0.15.jar:/home/runner/.m2/repository/org/apache/httpcomponents/client5/httpclient5/5.2.1/httpclient5-5.2.1.jar:/home/runner/.m2/repository/org/apache/httpcomponents/core5/httpcore5/5.2/httpcore5-5.2.jar:/home/runner/.m2/repository/org/apache/httpcomponents/core5/httpcore5-h2/5.2/httpcore5-h2-5.2.jar:/home/runner/.m2/repository/org/xmlunit/xmlunit-core/2.9.1/xmlunit-core-2.9.1.jar:/home/runner/.m2/repository/jakarta/xml/bind/jakarta.xml.bind-api/4.0.2/jakarta.xml.bind-api-4.0.2.jar:/home/runner/.m2/repository/org/xmlunit/xmlunit-legacy/2.9.1/xmlunit-legacy-2.9.1.jar:/home/runner/.m2/repository/org/xmlunit/xmlunit-placeholders/2.9.1/xmlunit-placeholders-2.9.1.jar:/home/runner/.m2/repository/net/javacrumbs/json-unit/json-unit-core/2.38.0/json-unit-core-2.38.0.jar:/home/runner/.m2/repository/org/hamcrest/hamcrest-core/2.2/hamcrest-core-2.2.jar:/home/runner/.m2/repository/com/jayway/jsonpath/json-path/2.8.0/json-path-2.8.0.jar:/home/runner/.m2/repository/net/minidev/json-smart/2.4.10/json-smart-2.4.10.jar:/home/runner/.m2/repository/net/minidev/accessors-smart/2.4.9/accessors-smart-2.4.9.jar:/home/runner/.m2/repository/org/ow2/asm/asm/9.7.1/asm-9.7.1.jar:/home/runner/.m2/repository/net/sf/jopt-simple/jopt-simple/5.0.4/jopt-simple-5.0.4.jar:/home/runner/.m2/repository/com/github/jknack/handlebars/4.3.1/handlebars-4.3.1.jar:/home/runner/.m2/repository/com/github/jknack/handlebars-helpers/4.3.1/handlebars-helpers-4.3.1.jar:/home/runner/.m2/repository/commons-fileupload/commons-fileupload/1.5/commons-fileupload-1.5.jar:/home/runner/.m2/repository/com/networknt/json-schema-validator/1.5.8/json-schema-validator-1.5.8.jar:/home/runner/.m2/repository/com/ethlo/time/itu/1.10.3/itu-1.10.3.jar:/home/runner/.m2/repository/io/quarkus/quarkus-smallrye-jwt-build/3.20.2/quarkus-smallrye-jwt-build-3.20.2.jar:/home/runner/.m2/repository/io/smallrye/smallrye-jwt-build/4.6.2/smallrye-jwt-build-4.6.2.jar:/home/runner/.m2/repository/org/eclipse/microprofile/jwt/microprofile-jwt-auth-api/2.1/microprofile-jwt-auth-api-2.1.jar:/home/runner/.m2/repository/org/bitbucket/b_c/jose4j/0.9.6/jose4j-0.9.6.jar:/home/runner/.m2/repository/io/smallrye/smallrye-jwt-common/4.6.2/smallrye-jwt-common-4.6.2.jar:/home/runner/.m2/repository/io/quarkus/quarkus-jsonp/3.20.2/quarkus-jsonp-3.20.2.jar:/home/runner/.m2/repository/io/quarkus/quarkus-arc/3.20.2/quarkus-arc-3.20.2.jar:/home/runner/.m2/repository/io/quarkus/arc/arc/3.20.2/arc-3.20.2.jar:/home/runner/.m2/repository/jakarta/transaction/jakarta.transaction-api/2.0.1/jakarta.transaction-api-2.0.1.jar:/home/runner/.m2/repository/io/smallrye/reactive/mutiny/2.9.2/mutiny-2.9.2.jar:/home/runner/.m2/repository/org/jctools/jctools-core/4.0.5/jctools-core-4.0.5.jar:/home/runner/.m2/repository/org/eclipse/microprofile/context-propagation/microprofile-context-propagation-api/1.3/microprofile-context-propagation-api-1.3.jar:/home/runner/.m2/repository/io/apicurio/apicurio-common-rest-client-common/0.1.18.Final/apicurio-common-rest-client-common-0.1.18.Final.jar:/home/runner/work/apicurio-testing/apicurio-testing/clusters/ci419/namespaces/ksql047/tests/integration/apicurio-registry/utils/maven-plugin/target/apicurio-registry-maven-plugin-3.0.12-SNAPSHOT.jar:/home/runner/.m2/repository/com/fasterxml/jackson/core/jackson-databind/2.18.2/jackson-databind-2.18.2.jar:/home/runner/.m2/repository/org/apache/avro/avro/1.12.0/avro-1.12.0.jar:/home/runner/.m2/repository/com/google/protobuf/protobuf-java/4.31.1/protobuf-java-4.31.1.jar:/home/runner/.m2/repository/com/google/protobuf/protobuf-java-util/4.31.1/protobuf-java-util-4.31.1.jar:/home/runner/.m2/repository/com/google/code/findbugs/jsr305/3.0.2/jsr305-3.0.2.jar:/home/runner/.m2/repository/com/google/code/gson/gson/2.12.1/gson-2.12.1.jar:/home/runner/.m2/repository/com/google/errorprone/error_prone_annotations/2.36.0/error_prone_annotations-2.36.0.jar:/home/runner/.m2/repository/com/google/j2objc/j2objc-annotations/2.8/j2objc-annotations-2.8.jar:/home/runner/work/apicurio-testing/apicurio-testing/clusters/ci419/namespaces/ksql047/tests/integration/apicurio-registry/schema-util/util-provider/target/apicurio-registry-schema-util-provider-3.0.12-SNAPSHOT.jar:/home/runner/work/apicurio-testing/apicurio-testing/clusters/ci419/namespaces/ksql047/tests/integration/apicurio-registry/schema-util/common/target/apicurio-registry-schema-util-common-3.0.12-SNAPSHOT.jar:/home/runner/.m2/repository/com/fasterxml/jackson/module/jackson-module-parameter-names/2.18.2/jackson-module-parameter-names-2.18.2.jar:/home/runner/.m2/repository/com/fasterxml/jackson/datatype/jackson-datatype-json-org/2.18.2/jackson-datatype-json-org-2.18.2.jar:/home/runner/work/apicurio-testing/apicurio-testing/clusters/ci419/namespaces/ksql047/tests/integration/apicurio-registry/schema-util/json/target/apicurio-registry-schema-util-json-3.0.12-SNAPSHOT.jar:/home/runner/.m2/repository/com/github/erosb/everit-json-schema/1.14.5/everit-json-schema-1.14.5.jar:/home/runner/.m2/repository/commons-validator/commons-validator/1.9.0/commons-validator-1.9.0.jar:/home/runner/.m2/repository/commons-digester/commons-digester/2.1/commons-digester-2.1.jar:/home/runner/.m2/repository/commons-collections/commons-collections/3.2.2/commons-collections-3.2.2.jar:/home/runner/.m2/repository/com/damnhandy/handy-uri-templates/2.1.8/handy-uri-templates-2.1.8.jar:/home/runner/.m2/repository/joda-time/joda-time/2.10.2/joda-time-2.10.2.jar:/home/runner/.m2/repository/com/github/erosb/json-sKema/0.20.0/json-sKema-0.20.0.jar:/home/runner/.m2/repository/io/vertx/vertx-json-schema/4.5.16/vertx-json-schema-4.5.16.jar:/home/runner/work/apicurio-testing/apicurio-testing/clusters/ci419/namespaces/ksql047/tests/integration/apicurio-registry/schema-util/protobuf/target/apicurio-registry-schema-util-protobuf-3.0.12-SNAPSHOT.jar:/home/runner/work/apicurio-testing/apicurio-testing/clusters/ci419/namespaces/ksql047/tests/integration/apicurio-registry/utils/protobuf-schema-utilities/target/apicurio-registry-protobuf-schema-utilities-3.0.12-SNAPSHOT.jar:/home/runner/.m2/repository/com/google/api/grpc/proto-google-common-protos/2.52.0/proto-google-common-protos-2.52.0.jar:/home/runner/.m2/repository/com/squareup/wire/wire-schema-jvm/5.3.3/wire-schema-jvm-5.3.3.jar:/home/runner/.m2/repository/com/palantir/javapoet/javapoet/0.6.0/javapoet-0.6.0.jar:/home/runner/.m2/repository/com/squareup/kotlinpoet-jvm/2.0.0/kotlinpoet-jvm-2.0.0.jar:/home/runner/.m2/repository/org/jetbrains/kotlin/kotlin-reflect/2.0.21/kotlin-reflect-2.0.21.jar:/home/runner/.m2/repository/com/squareup/wire/wire-runtime-jvm/5.3.3/wire-runtime-jvm-5.3.3.jar:/home/runner/.m2/repository/com/ibm/icu/icu4j/76.1/icu4j-76.1.jar:/home/runner/.m2/repository/com/squareup/okio/okio-fakefilesystem/3.10.2/okio-fakefilesystem-3.10.2.jar:/home/runner/.m2/repository/com/squareup/okio/okio-fakefilesystem-jvm/3.10.2/okio-fakefilesystem-jvm-3.10.2.jar:/home/runner/.m2/repository/org/jetbrains/kotlinx/kotlinx-datetime-jvm/0.6.1/kotlinx-datetime-jvm-0.6.1.jar:/home/runner/work/apicurio-testing/apicurio-testing/clusters/ci419/namespaces/ksql047/tests/integration/apicurio-registry/schema-util/asyncapi/target/apicurio-registry-schema-util-asyncapi-3.0.12-SNAPSHOT.jar:/home/runner/work/apicurio-testing/apicurio-testing/clusters/ci419/namespaces/ksql047/tests/integration/apicurio-registry/schema-util/avro/target/apicurio-registry-schema-util-avro-3.0.12-SNAPSHOT.jar:/home/runner/work/apicurio-testing/apicurio-testing/clusters/ci419/namespaces/ksql047/tests/integration/apicurio-registry/schema-util/graphql/target/apicurio-registry-schema-util-graphql-3.0.12-SNAPSHOT.jar:/home/runner/.m2/repository/com/graphql-java/graphql-java/22.4/graphql-java-22.4.jar:/home/runner/.m2/repository/com/graphql-java/java-dataloader/3.3.0/java-dataloader-3.3.0.jar:/home/runner/work/apicurio-testing/apicurio-testing/clusters/ci419/namespaces/ksql047/tests/integration/apicurio-registry/schema-util/kconnect/target/apicurio-registry-schema-util-kconnect-3.0.12-SNAPSHOT.jar:/home/runner/work/apicurio-testing/apicurio-testing/clusters/ci419/namespaces/ksql047/tests/integration/apicurio-registry/schema-util/openapi/target/apicurio-registry-schema-util-openapi-3.0.12-SNAPSHOT.jar:/home/runner/.m2/repository/io/apicurio/apicurio-data-models/2.2.2/apicurio-data-models-2.2.2.jar:/home/runner/.m2/repository/org/openapitools/openapidiff/openapi-diff-core/2.1.2/openapi-diff-core-2.1.2.jar:/home/runner/.m2/repository/io/swagger/parser/v3/swagger-parser/2.1.28/swagger-parser-2.1.28.jar:/home/runner/.m2/repository/io/swagger/parser/v3/swagger-parser-v2-converter/2.1.28/swagger-parser-v2-converter-2.1.28.jar:/home/runner/.m2/repository/io/swagger/swagger-core/1.6.16/swagger-core-1.6.16.jar:/home/runner/.m2/repository/io/swagger/swagger-models/1.6.16/swagger-models-1.6.16.jar:/home/runner/.m2/repository/io/swagger/swagger-annotations/1.6.16/swagger-annotations-1.6.16.jar:/home/runner/.m2/repository/io/swagger/swagger-parser/1.0.75/swagger-parser-1.0.75.jar:/home/runner/.m2/repository/io/swagger/swagger-parser-safe-url-resolver/1.0.75/swagger-parser-safe-url-resolver-1.0.75.jar:/home/runner/.m2/repository/io/swagger/swagger-compat-spec-parser/1.0.75/swagger-compat-spec-parser-1.0.75.jar:/home/runner/.m2/repository/com/github/java-json-tools/json-schema-validator/2.2.14/json-schema-validator-2.2.14.jar:/home/runner/.m2/repository/com/github/java-json-tools/jackson-coreutils-equivalence/1.0/jackson-coreutils-equivalence-1.0.jar:/home/runner/.m2/repository/com/github/java-json-tools/json-schema-core/1.2.14/json-schema-core-1.2.14.jar:/home/runner/.m2/repository/com/github/java-json-tools/uri-template/0.10/uri-template-0.10.jar:/home/runner/.m2/repository/com/googlecode/libphonenumber/libphonenumber/8.11.1/libphonenumber-8.11.1.jar:/home/runner/.m2/repository/com/j2html/j2html/1.6.0/j2html-1.6.0.jar:/home/runner/.m2/repository/org/apache/commons/commons-collections4/4.5.0/commons-collections4-4.5.0.jar:/home/runner/.m2/repository/org/slf4j/jcl-over-slf4j/2.0.17/jcl-over-slf4j-2.0.17.jar:/home/runner/.m2/repository/io/swagger/parser/v3/swagger-parser-v3/2.1.31/swagger-parser-v3-2.1.31.jar:/home/runner/.m2/repository/io/swagger/core/v3/swagger-models/2.2.34/swagger-models-2.2.34.jar:/home/runner/.m2/repository/io/swagger/core/v3/swagger-core/2.2.34/swagger-core-2.2.34.jar:/home/runner/.m2/repository/io/swagger/parser/v3/swagger-parser-core/2.1.31/swagger-parser-core-2.1.31.jar:/home/runner/.m2/repository/io/swagger/parser/v3/swagger-parser-safe-url-resolver/2.1.31/swagger-parser-safe-url-resolver-2.1.31.jar:/home/runner/work/apicurio-testing/apicurio-testing/clusters/ci419/namespaces/ksql047/tests/integration/apicurio-registry/schema-util/wsdl/target/apicurio-registry-schema-util-wsdl-3.0.12-SNAPSHOT.jar:/home/runner/.m2/repository/wsdl4j/wsdl4j/1.6.3/wsdl4j-1.6.3.jar:/home/runner/work/apicurio-testing/apicurio-testing/clusters/ci419/namespaces/ksql047/tests/integration/apicurio-registry/schema-util/xml/target/apicurio-registry-schema-util-xml-3.0.12-SNAPSHOT.jar:/home/runner/.m2/repository/org/apache/santuario/xmlsec/4.0.4/xmlsec-4.0.4.jar:/home/runner/.m2/repository/com/fasterxml/woodstox/woodstox-core/7.1.1/woodstox-core-7.1.1.jar:/home/runner/.m2/repository/org/codehaus/woodstox/stax2-api/4.2.2/stax2-api-4.2.2.jar:/home/runner/work/apicurio-testing/apicurio-testing/clusters/ci419/namespaces/ksql047/tests/integration/apicurio-registry/schema-util/xsd/target/apicurio-registry-schema-util-xsd-3.0.12-SNAPSHOT.jar:/home/runner/work/apicurio-testing/apicurio-testing/clusters/ci419/namespaces/ksql047/tests/integration/apicurio-registry/serdes/kafka/jsonschema-serde/target/apicurio-registry-jsonschema-serde-kafka-3.0.12-SNAPSHOT.jar:/home/runner/work/apicurio-testing/apicurio-testing/clusters/ci419/namespaces/ksql047/tests/integration/apicurio-registry/serdes/kafka/serde-kafka-common/target/apicurio-registry-serde-kafka-common-3.0.12-SNAPSHOT.jar:/home/runner/work/apicurio-testing/apicurio-testing/clusters/ci419/namespaces/ksql047/tests/integration/apicurio-registry/serdes/generic/serde-common/target/apicurio-registry-serde-common-3.0.12-SNAPSHOT.jar:/home/runner/work/apicurio-testing/apicurio-testing/clusters/ci419/namespaces/ksql047/tests/integration/apicurio-registry/serdes/generic/serde-common-jsonschema/target/apicurio-registry-serde-common-jsonschema-3.0.12-SNAPSHOT.jar:/home/runner/.m2/repository/org/json/json/20250107/json-20250107.jar:/home/runner/work/apicurio-testing/apicurio-testing/clusters/ci419/namespaces/ksql047/tests/integration/apicurio-registry/serdes/kafka/avro-serde/target/apicurio-registry-avro-serde-kafka-3.0.12-SNAPSHOT.jar:/home/runner/work/apicurio-testing/apicurio-testing/clusters/ci419/namespaces/ksql047/tests/integration/apicurio-registry/serdes/generic/serde-common-avro/target/apicurio-registry-serde-common-avro-3.0.12-SNAPSHOT.jar:/home/runner/work/apicurio-testing/apicurio-testing/clusters/ci419/namespaces/ksql047/tests/integration/apicurio-registry/serdes/kafka/protobuf-serde/target/apicurio-registry-protobuf-serde-kafka-3.0.12-SNAPSHOT.jar:/home/runner/work/apicurio-testing/apicurio-testing/clusters/ci419/namespaces/ksql047/tests/integration/apicurio-registry/serdes/generic/serde-common-protobuf/target/apicurio-registry-serde-common-protobuf-3.0.12-SNAPSHOT.jar:/home/runner/.m2/repository/com/squareup/wire/wire-schema/5.3.3/wire-schema-5.3.3.jar:/home/runner/.m2/repository/com/squareup/wire/wire-runtime/5.3.3/wire-runtime-5.3.3.jar:/home/runner/work/apicurio-testing/apicurio-testing/clusters/ci419/namespaces/ksql047/tests/integration/apicurio-registry/serdes/pulsar/avro-serde/target/apicurio-registry-avro-serde-pulsar-3.0.12-SNAPSHOT.jar:/home/runner/.m2/repository/org/apache/pulsar/pulsar-functions-api/3.3.8/pulsar-functions-api-3.3.8.jar:/home/runner/work/apicurio-testing/apicurio-testing/clusters/ci419/namespaces/ksql047/tests/integration/apicurio-registry/serdes/nats/avro-serde/target/apicurio-registry-avro-serde-nats-3.0.12-SNAPSHOT.jar:/home/runner/.m2/repository/io/nats/jnats/2.21.4/jnats-2.21.4.jar:/home/runner/.m2/repository/org/bouncycastle/bcprov-lts8on/2.73.7/bcprov-lts8on-2.73.7.jar:/home/runner/.m2/repository/org/jetbrains/annotations/26.0.2/annotations-26.0.2.jar:/home/runner/work/apicurio-testing/apicurio-testing/clusters/ci419/namespaces/ksql047/tests/integration/apicurio-registry/utils/converter/target/apicurio-registry-utils-converter-3.0.12-SNAPSHOT.jar:/home/runner/work/apicurio-testing/apicurio-testing/clusters/ci419/namespaces/ksql047/tests/integration/apicurio-registry/schema-resolver/target/apicurio-registry-schema-resolver-3.0.12-SNAPSHOT.jar:/home/runner/.m2/repository/org/apache/kafka/connect-api/3.9.1/connect-api-3.9.1.jar:/home/runner/.m2/repository/javax/ws/rs/javax.ws.rs-api/2.1.1/javax.ws.rs-api-2.1.1.jar:/home/runner/.m2/repository/org/apache/kafka/connect-json/3.9.1/connect-json-3.9.1.jar:/home/runner/.m2/repository/com/fasterxml/jackson/datatype/jackson-datatype-jdk8/2.18.2/jackson-datatype-jdk8-2.18.2.jar:/home/runner/.m2/repository/com/fasterxml/jackson/module/jackson-module-afterburner/2.18.2/jackson-module-afterburner-2.18.2.jar:/home/runner/work/apicurio-testing/apicurio-testing/clusters/ci419/namespaces/ksql047/tests/integration/apicurio-registry/utils/kafka/target/apicurio-registry-utils-kafka-3.0.12-SNAPSHOT.jar:/home/runner/.m2/repository/org/apache/pulsar/pulsar-client/3.3.8/pulsar-client-3.3.8.jar:/home/runner/.m2/repository/org/apache/pulsar/pulsar-client-api/3.3.8/pulsar-client-api-3.3.8.jar:/home/runner/.m2/repository/org/apache/pulsar/pulsar-client-admin-api/3.3.8/pulsar-client-admin-api-3.3.8.jar:/home/runner/.m2/repository/org/apache/pulsar/bouncy-castle-bc/3.3.8/bouncy-castle-bc-3.3.8-pkg.jar:/home/runner/.m2/repository/org/bouncycastle/bcpkix-jdk18on/1.81/bcpkix-jdk18on-1.81.jar:/home/runner/.m2/repository/org/bouncycastle/bcutil-jdk18on/1.81/bcutil-jdk18on-1.81.jar:/home/runner/.m2/repository/org/bouncycastle/bcprov-jdk18on/1.81/bcprov-jdk18on-1.81.jar:/home/runner/.m2/repository/io/opentelemetry/opentelemetry-api/1.44.1/opentelemetry-api-1.44.1.jar:/home/runner/.m2/repository/io/opentelemetry/opentelemetry-context/1.44.1/opentelemetry-context-1.44.1.jar:/home/runner/.m2/repository/io/opentelemetry/opentelemetry-api-incubator/1.44.1-alpha/opentelemetry-api-incubator-1.44.1-alpha.jar:/home/runner/.m2/repository/com/fasterxml/jackson/core/jackson-annotations/2.18.2/jackson-annotations-2.18.2.jar:/home/runner/.m2/repository/javax/validation/validation-api/1.1.0.Final/validation-api-1.1.0.Final.jar:/home/runner/.m2/repository/org/jspecify/jspecify/1.0.0/jspecify-1.0.0.jar:/home/runner/.m2/repository/org/apache/commons/commons-configuration2/2.12.0/commons-configuration2-2.12.0.jar:/home/runner/.m2/repository/commons-logging/commons-logging/1.3.5/commons-logging-1.3.5.jar:/home/runner/.m2/repository/org/apache/commons/commons-text/1.13.0/commons-text-1.13.0.jar:/home/runner/.m2/repository/io/confluent/kafka-avro-serializer/8.0.0/kafka-avro-serializer-8.0.0.jar:/home/runner/.m2/repository/org/apache/commons/commons-compress/1.27.1/commons-compress-1.27.1.jar:/home/runner/.m2/repository/io/confluent/kafka-schema-serializer/8.0.0/kafka-schema-serializer-8.0.0.jar:/home/runner/.m2/repository/com/fasterxml/jackson/dataformat/jackson-dataformat-csv/2.18.2/jackson-dataformat-csv-2.18.2.jar:/home/runner/.m2/repository/io/confluent/kafka-schema-registry-client/8.0.0/kafka-schema-registry-client-8.0.0.jar:/home/runner/.m2/repository/org/yaml/snakeyaml/2.3/snakeyaml-2.3.jar:/home/runner/.m2/repository/io/swagger/core/v3/swagger-annotations/2.2.29/swagger-annotations-2.2.29.jar:/home/runner/.m2/repository/com/google/guava/guava/33.4.0-jre/guava-33.4.0-jre.jar:/home/runner/.m2/repository/com/google/guava/failureaccess/1.0.1/failureaccess-1.0.1.jar:/home/runner/.m2/repository/org/checkerframework/checker-qual/3.49.0/checker-qual-3.49.0.jar:/home/runner/.m2/repository/io/confluent/logredactor/1.0.13/logredactor-1.0.13.jar:/home/runner/.m2/repository/com/google/re2j/re2j/1.6/re2j-1.6.jar:/home/runner/.m2/repository/io/confluent/logredactor-metrics/1.0.13/logredactor-metrics-1.0.13.jar:/home/runner/.m2/repository/com/eclipsesource/minimal-json/minimal-json/0.9.5/minimal-json-0.9.5.jar:/home/runner/.m2/repository/io/confluent/common-utils/8.0.0/common-utils-8.0.0.jar:/home/runner/.m2/repository/io/confluent/kafka-connect-avro-converter/8.0.0/kafka-connect-avro-converter-8.0.0.jar:/home/runner/.m2/repository/io/confluent/kafka-connect-avro-data/8.0.0/kafka-connect-avro-data-8.0.0.jar:/home/runner/.m2/repository/io/confluent/kafka-schema-converter/8.0.0/kafka-schema-converter-8.0.0.jar:/home/runner/.m2/repository/io/rest-assured/rest-assured/5.5.1/rest-assured-5.5.1.jar:/home/runner/.m2/repository/org/apache/groovy/groovy/4.0.22/groovy-4.0.22.jar:/home/runner/.m2/repository/org/apache/groovy/groovy-xml/4.0.22/groovy-xml-4.0.22.jar:/home/runner/.m2/repository/org/apache/httpcomponents/httpclient/4.5.14/httpclient-4.5.14.jar:/home/runner/.m2/repository/org/apache/httpcomponents/httpcore/4.4.16/httpcore-4.4.16.jar:/home/runner/.m2/repository/org/apache/httpcomponents/httpmime/4.5.14/httpmime-4.5.14.jar:/home/runner/.m2/repository/org/hamcrest/hamcrest/2.2/hamcrest-2.2.jar:/home/runner/.m2/repository/org/ccil/cowan/tagsoup/tagsoup/1.2.1/tagsoup-1.2.1.jar:/home/runner/.m2/repository/io/rest-assured/json-path/5.5.1/json-path-5.5.1.jar:/home/runner/.m2/repository/org/apache/groovy/groovy-json/4.0.22/groovy-json-4.0.22.jar:/home/runner/.m2/repository/io/rest-assured/rest-assured-common/5.5.1/rest-assured-common-5.5.1.jar:/home/runner/.m2/repository/io/rest-assured/xml-path/5.5.1/xml-path-5.5.1.jar:/home/runner/.m2/repository/io/zonky/test/embedded-postgres/2.1.0/embedded-postgres-2.1.0.jar:/home/runner/.m2/repository/io/zonky/test/postgres/embedded-postgres-binaries-windows-amd64/14.15.0/embedded-postgres-binaries-windows-amd64-14.15.0.jar:/home/runner/.m2/repository/io/zonky/test/postgres/embedded-postgres-binaries-darwin-amd64/14.15.0/embedded-postgres-binaries-darwin-amd64-14.15.0.jar:/home/runner/.m2/repository/io/zonky/test/postgres/embedded-postgres-binaries-linux-amd64/14.15.0/embedded-postgres-binaries-linux-amd64-14.15.0.jar:/home/runner/.m2/repository/io/zonky/test/postgres/embedded-postgres-binaries-linux-amd64-alpine/14.15.0/embedded-postgres-binaries-linux-amd64-alpine-14.15.0.jar:/home/runner/.m2/repository/org/apache/commons/commons-lang3/3.17.0/commons-lang3-3.17.0.jar:/home/runner/.m2/repository/org/tukaani/xz/1.10/xz-1.10.jar:/home/runner/.m2/repository/commons-codec/commons-codec/1.19.0/commons-codec-1.19.0.jar:/home/runner/.m2/repository/org/postgresql/postgresql/42.7.7/postgresql-42.7.7.jar:/home/runner/.m2/repository/commons-io/commons-io/2.18.0/commons-io-2.18.0.jar:/home/runner/work/apicurio-testing/apicurio-testing/clusters/ci419/namespaces/ksql047/tests/integration/apicurio-registry/utils/importexport/target/apicurio-registry-utils-import-export-3.0.12-SNAPSHOT.jar:/home/runner/.m2/repository/io/vertx/vertx-core/4.5.16/vertx-core-4.5.16.jar:/home/runner/.m2/repository/io/netty/netty-common/4.1.121.Final/netty-common-4.1.121.Final.jar:/home/runner/.m2/repository/io/netty/netty-buffer/4.1.121.Final/netty-buffer-4.1.121.Final.jar:/home/runner/.m2/repository/io/netty/netty-transport/4.1.121.Final/netty-transport-4.1.121.Final.jar:/home/runner/.m2/repository/io/netty/netty-handler/4.1.121.Final/netty-handler-4.1.121.Final.jar:/home/runner/.m2/repository/io/netty/netty-transport-native-unix-common/4.1.121.Final/netty-transport-native-unix-common-4.1.121.Final.jar:/home/runner/.m2/repository/io/netty/netty-codec/4.1.121.Final/netty-codec-4.1.121.Final.jar:/home/runner/.m2/repository/io/netty/netty-handler-proxy/4.1.121.Final/netty-handler-proxy-4.1.121.Final.jar:/home/runner/.m2/repository/io/netty/netty-codec-socks/4.1.121.Final/netty-codec-socks-4.1.121.Final.jar:/home/runner/.m2/repository/io/netty/netty-codec-http/4.1.121.Final/netty-codec-http-4.1.121.Final.jar:/home/runner/.m2/repository/io/netty/netty-codec-http2/4.1.121.Final/netty-codec-http2-4.1.121.Final.jar:/home/runner/.m2/repository/io/netty/netty-resolver/4.1.121.Final/netty-resolver-4.1.121.Final.jar:/home/runner/.m2/repository/io/netty/netty-resolver-dns/4.1.121.Final/netty-resolver-dns-4.1.121.Final.jar:/home/runner/.m2/repository/io/netty/netty-codec-dns/4.1.121.Final/netty-codec-dns-4.1.121.Final.jar:/home/runner/.m2/repository/com/fasterxml/jackson/core/jackson-core/2.18.2/jackson-core-2.18.2.jar:"/>
    <property name="java.vm.vendor" value="Eclipse Adoptium"/>
    <property name="maven.javadoc.skip" value="true"/>
    <property name="sun.arch.data.model" value="64"/>
    <property name="java.vendor.url" value="https://adoptium.net/"/>
    <property name="user.timezone" value="Etc/UTC"/>
    <property name="os.name" value="Linux"/>
    <property name="java.vm.specification.version" value="17"/>
    <property name="sun.java.launcher" value="SUN_STANDARD"/>
    <property name="quarkus.http.test-port" value="80"/>
    <property name="sun.boot.library.path" value="/usr/lib/jvm/temurin-17-jdk-amd64/lib"/>
    <property name="sun.java.command" value="/home/runner/work/apicurio-testing/apicurio-testing/clusters/ci419/namespaces/ksql047/tests/integration/apicurio-registry/integration-tests/target/surefire/surefirebooter-20250813164127017_3.jar /home/runner/work/apicurio-testing/apicurio-testing/clusters/ci419/namespaces/ksql047/tests/integration/apicurio-registry/integration-tests/target/surefire 2025-08-13T16-41-26_940-jvmRun1 surefire-20250813164127017_1tmp surefire_0-20250813164127017_2tmp"/>
    <property name="maven.home" value="/home/runner/.m2/wrapper/dists/apache-maven-3.9.8-bin/4fnp1ql35bgk2a0p7m31ovbgb0/apache-maven-3.9.8"/>
    <property name="jdk.debug" value="release"/>
    <property name="surefire.test.class.path" value="/home/runner/work/apicurio-testing/apicurio-testing/clusters/ci419/namespaces/ksql047/tests/integration/apicurio-registry/integration-tests/target/test-classes:/home/runner/work/apicurio-testing/apicurio-testing/clusters/ci419/namespaces/ksql047/tests/integration/apicurio-registry/integration-tests/target/apicurio-registry-integration-tests-3.0.12-SNAPSHOT.jar:/home/runner/.m2/repository/io/quarkus/quarkus-junit5/3.20.2/quarkus-junit5-3.20.2.jar:/home/runner/.m2/repository/io/quarkus/quarkus-bootstrap-core/3.20.2/quarkus-bootstrap-core-3.20.2.jar:/home/runner/.m2/repository/io/quarkus/quarkus-classloader-commons/3.20.2/quarkus-classloader-commons-3.20.2.jar:/home/runner/.m2/repository/io/quarkus/quarkus-bootstrap-app-model/3.20.2/quarkus-bootstrap-app-model-3.20.2.jar:/home/runner/.m2/repository/io/smallrye/common/smallrye-common-io/2.12.0/smallrye-common-io-2.12.0.jar:/home/runner/.m2/repository/org/eclipse/sisu/org.eclipse.sisu.inject/0.9.0.M3/org.eclipse.sisu.inject-0.9.0.M3.jar:/home/runner/.m2/repository/io/quarkus/quarkus-test-common/3.20.2/quarkus-test-common-3.20.2.jar:/home/runner/.m2/repository/io/quarkus/quarkus-core-deployment/3.20.2/quarkus-core-deployment-3.20.2.jar:/home/runner/.m2/repository/org/aesh/readline/2.6/readline-2.6.jar:/home/runner/.m2/repository/org/fusesource/jansi/jansi/2.4.0/jansi-2.4.0.jar:/home/runner/.m2/repository/org/aesh/aesh/2.8.2/aesh-2.8.2.jar:/home/runner/.m2/repository/io/quarkus/gizmo/gizmo/1.8.0/gizmo-1.8.0.jar:/home/runner/.m2/repository/org/ow2/asm/asm-util/9.7.1/asm-util-9.7.1.jar:/home/runner/.m2/repository/org/ow2/asm/asm-analysis/9.7.1/asm-analysis-9.7.1.jar:/home/runner/.m2/repository/org/ow2/asm/asm-commons/9.7.1/asm-commons-9.7.1.jar:/home/runner/.m2/repository/org/ow2/asm/asm-tree/9.7.1/asm-tree-9.7.1.jar:/home/runner/.m2/repository/io/quarkus/quarkus-hibernate-validator-spi/3.20.2/quarkus-hibernate-validator-spi-3.20.2.jar:/home/runner/.m2/repository/io/quarkus/quarkus-class-change-agent/3.20.2/quarkus-class-change-agent-3.20.2.jar:/home/runner/.m2/repository/io/quarkus/quarkus-devtools-utilities/3.20.2/quarkus-devtools-utilities-3.20.2.jar:/home/runner/.m2/repository/io/quarkus/quarkus-builder/3.20.2/quarkus-builder-3.20.2.jar:/home/runner/.m2/repository/org/graalvm/sdk/nativeimage/23.1.2/nativeimage-23.1.2.jar:/home/runner/.m2/repository/org/graalvm/sdk/word/23.1.2/word-23.1.2.jar:/home/runner/.m2/repository/io/quarkus/quarkus-bootstrap-maven-resolver/3.20.2/quarkus-bootstrap-maven-resolver-3.20.2.jar:/home/runner/.m2/repository/io/smallrye/beanbag/smallrye-beanbag-maven/1.5.2/smallrye-beanbag-maven-1.5.2.jar:/home/runner/.m2/repository/io/smallrye/beanbag/smallrye-beanbag-sisu/1.5.2/smallrye-beanbag-sisu-1.5.2.jar:/home/runner/.m2/repository/io/smallrye/beanbag/smallrye-beanbag/1.5.2/smallrye-beanbag-1.5.2.jar:/home/runner/.m2/repository/javax/inject/javax.inject/1/javax.inject-1.jar:/home/runner/.m2/repository/org/apache/maven/maven-artifact/3.9.9/maven-artifact-3.9.9.jar:/home/runner/.m2/repository/org/apache/maven/maven-builder-support/3.9.9/maven-builder-support-3.9.9.jar:/home/runner/.m2/repository/org/apache/maven/maven-model/3.9.9/maven-model-3.9.9.jar:/home/runner/.m2/repository/org/apache/maven/maven-model-builder/3.9.9/maven-model-builder-3.9.9.jar:/home/runner/.m2/repository/org/apache/maven/maven-repository-metadata/3.9.9/maven-repository-metadata-3.9.9.jar:/home/runner/.m2/repository/org/apache/maven/maven-settings/3.9.9/maven-settings-3.9.9.jar:/home/runner/.m2/repository/org/apache/maven/resolver/maven-resolver-api/1.9.22/maven-resolver-api-1.9.22.jar:/home/runner/.m2/repository/org/apache/maven/resolver/maven-resolver-impl/1.9.22/maven-resolver-impl-1.9.22.jar:/home/runner/.m2/repository/org/apache/maven/resolver/maven-resolver-named-locks/1.9.22/maven-resolver-named-locks-1.9.22.jar:/home/runner/.m2/repository/org/apache/maven/resolver/maven-resolver-spi/1.9.22/maven-resolver-spi-1.9.22.jar:/home/runner/.m2/repository/org/apache/maven/resolver/maven-resolver-util/1.9.22/maven-resolver-util-1.9.22.jar:/home/runner/.m2/repository/org/apache/maven/resolver/maven-resolver-transport-http/1.9.20/maven-resolver-transport-http-1.9.20.jar:/home/runner/.m2/repository/org/apache/maven/wagon/wagon-provider-api/3.5.3/wagon-provider-api-3.5.3.jar:/home/runner/.m2/repository/org/apache/maven/wagon/wagon-http-shared/3.5.3/wagon-http-shared-3.5.3.jar:/home/runner/.m2/repository/org/codehaus/plexus/plexus-interpolation/1.26/plexus-interpolation-1.26.jar:/home/runner/.m2/repository/org/codehaus/plexus/plexus-utils/3.5.1/plexus-utils-3.5.1.jar:/home/runner/.m2/repository/org/codehaus/plexus/plexus-xml/4.0.1/plexus-xml-4.0.1.jar:/home/runner/.m2/repository/org/apache/maven/maven-xml-impl/4.0.0-alpha-5/maven-xml-impl-4.0.0-alpha-5.jar:/home/runner/.m2/repository/org/apache/maven/maven-api-xml/4.0.0-alpha-5/maven-api-xml-4.0.0-alpha-5.jar:/home/runner/.m2/repository/org/apache/maven/maven-api-meta/4.0.0-alpha-5/maven-api-meta-4.0.0-alpha-5.jar:/home/runner/.m2/repository/org/codehaus/plexus/plexus-cipher/2.0/plexus-cipher-2.0.jar:/home/runner/.m2/repository/org/codehaus/plexus/plexus-sec-dispatcher/2.0/plexus-sec-dispatcher-2.0.jar:/home/runner/.m2/repository/org/apache/maven/maven-embedder/3.9.9/maven-embedder-3.9.9.jar:/home/runner/.m2/repository/org/apache/maven/maven-core/3.9.9/maven-core-3.9.9.jar:/home/runner/.m2/repository/org/codehaus/plexus/plexus-component-annotations/2.1.0/plexus-component-annotations-2.1.0.jar:/home/runner/.m2/repository/org/apache/maven/maven-plugin-api/3.9.9/maven-plugin-api-3.9.9.jar:/home/runner/.m2/repository/org/apache/maven/shared/maven-shared-utils/3.4.2/maven-shared-utils-3.4.2.jar:/home/runner/.m2/repository/com/google/inject/guice/5.1.0/guice-5.1.0.jar:/home/runner/.m2/repository/aopalliance/aopalliance/1.0/aopalliance-1.0.jar:/home/runner/.m2/repository/org/codehaus/plexus/plexus-classworlds/2.6.0/plexus-classworlds-2.6.0.jar:/home/runner/.m2/repository/commons-cli/commons-cli/1.8.0/commons-cli-1.8.0.jar:/home/runner/.m2/repository/org/eclipse/sisu/org.eclipse.sisu.plexus/0.9.0.M3/org.eclipse.sisu.plexus-0.9.0.M3.jar:/home/runner/.m2/repository/org/apache/maven/maven-settings-builder/3.9.9/maven-settings-builder-3.9.9.jar:/home/runner/.m2/repository/org/apache/maven/maven-resolver-provider/3.9.9/maven-resolver-provider-3.9.9.jar:/home/runner/.m2/repository/org/apache/maven/resolver/maven-resolver-connector-basic/1.9.22/maven-resolver-connector-basic-1.9.22.jar:/home/runner/.m2/repository/org/apache/maven/resolver/maven-resolver-transport-wagon/1.9.22/maven-resolver-transport-wagon-1.9.22.jar:/home/runner/.m2/repository/org/apache/maven/wagon/wagon-http/3.5.3/wagon-http-3.5.3.jar:/home/runner/.m2/repository/org/apache/maven/wagon/wagon-file/3.5.3/wagon-file-3.5.3.jar:/home/runner/.m2/repository/io/quarkus/quarkus-bootstrap-gradle-resolver/3.20.2/quarkus-bootstrap-gradle-resolver-3.20.2.jar:/home/runner/.m2/repository/io/smallrye/jandex/3.3.0/jandex-3.3.0.jar:/home/runner/.m2/repository/org/jboss/logging/commons-logging-jboss-logging/1.0.0.Final/commons-logging-jboss-logging-1.0.0.Final.jar:/home/runner/.m2/repository/io/quarkus/quarkus-junit5-config/3.20.2/quarkus-junit5-config-3.20.2.jar:/home/runner/.m2/repository/org/junit/jupiter/junit-jupiter-api/5.12.1/junit-jupiter-api-5.12.1.jar:/home/runner/.m2/repository/io/smallrye/config/smallrye-config/3.11.4/smallrye-config-3.11.4.jar:/home/runner/.m2/repository/io/smallrye/config/smallrye-config-core/3.11.4/smallrye-config-core-3.11.4.jar:/home/runner/.m2/repository/io/smallrye/common/smallrye-common-classloader/2.12.0/smallrye-common-classloader-2.12.0.jar:/home/runner/.m2/repository/io/smallrye/config/smallrye-config-common/3.11.4/smallrye-config-common-3.11.4.jar:/home/runner/.m2/repository/org/junit/jupiter/junit-jupiter/5.12.1/junit-jupiter-5.12.1.jar:/home/runner/.m2/repository/org/junit/jupiter/junit-jupiter-params/5.12.1/junit-jupiter-params-5.12.1.jar:/home/runner/.m2/repository/org/junit/jupiter/junit-jupiter-engine/5.12.1/junit-jupiter-engine-5.12.1.jar:/home/runner/.m2/repository/io/quarkus/quarkus-core/3.20.2/quarkus-core-3.20.2.jar:/home/runner/.m2/repository/jakarta/enterprise/jakarta.enterprise.cdi-api/4.1.0/jakarta.enterprise.cdi-api-4.1.0.jar:/home/runner/.m2/repository/jakarta/enterprise/jakarta.enterprise.lang-model/4.1.0/jakarta.enterprise.lang-model-4.1.0.jar:/home/runner/.m2/repository/jakarta/el/jakarta.el-api/5.0.1/jakarta.el-api-5.0.1.jar:/home/runner/.m2/repository/jakarta/interceptor/jakarta.interceptor-api/2.2.0/jakarta.interceptor-api-2.2.0.jar:/home/runner/.m2/repository/jakarta/inject/jakarta.inject-api/2.0.1/jakarta.inject-api-2.0.1.jar:/home/runner/.m2/repository/io/smallrye/common/smallrye-common-os/2.12.0/smallrye-common-os-2.12.0.jar:/home/runner/.m2/repository/io/quarkus/quarkus-ide-launcher/3.20.2/quarkus-ide-launcher-3.20.2.jar:/home/runner/.m2/repository/io/quarkus/quarkus-development-mode-spi/3.20.2/quarkus-development-mode-spi-3.20.2.jar:/home/runner/.m2/repository/org/jboss/logging/jboss-logging/3.6.1.Final/jboss-logging-3.6.1.Final.jar:/home/runner/.m2/repository/org/jboss/logmanager/jboss-logmanager/3.1.2.Final/jboss-logmanager-3.1.2.Final.jar:/home/runner/.m2/repository/io/smallrye/common/smallrye-common-constraint/2.12.0/smallrye-common-constraint-2.12.0.jar:/home/runner/.m2/repository/io/smallrye/common/smallrye-common-cpu/2.12.0/smallrye-common-cpu-2.12.0.jar:/home/runner/.m2/repository/io/smallrye/common/smallrye-common-expression/2.12.0/smallrye-common-expression-2.12.0.jar:/home/runner/.m2/repository/io/smallrye/common/smallrye-common-net/2.12.0/smallrye-common-net-2.12.0.jar:/home/runner/.m2/repository/io/smallrye/common/smallrye-common-ref/2.12.0/smallrye-common-ref-2.12.0.jar:/home/runner/.m2/repository/jakarta/json/jakarta.json-api/2.1.3/jakarta.json-api-2.1.3.jar:/home/runner/.m2/repository/org/eclipse/parsson/parsson/1.1.7/parsson-1.1.7.jar:/home/runner/.m2/repository/org/jboss/logging/jboss-logging-annotations/3.0.4.Final/jboss-logging-annotations-3.0.4.Final.jar:/home/runner/.m2/repository/org/jboss/threads/jboss-threads/3.8.0.Final/jboss-threads-3.8.0.Final.jar:/home/runner/.m2/repository/io/smallrye/common/smallrye-common-annotation/2.12.0/smallrye-common-annotation-2.12.0.jar:/home/runner/.m2/repository/io/smallrye/common/smallrye-common-function/2.12.0/smallrye-common-function-2.12.0.jar:/home/runner/.m2/repository/org/jboss/slf4j/slf4j-jboss-logmanager/2.0.0.Final/slf4j-jboss-logmanager-2.0.0.Final.jar:/home/runner/.m2/repository/org/wildfly/common/wildfly-common/2.0.1/wildfly-common-2.0.1.jar:/home/runner/.m2/repository/io/quarkus/quarkus-bootstrap-runner/3.20.2/quarkus-bootstrap-runner-3.20.2.jar:/home/runner/.m2/repository/io/github/crac/org-crac/0.1.3/org-crac-0.1.3.jar:/home/runner/.m2/repository/io/quarkus/quarkus-fs-util/0.0.10/quarkus-fs-util-0.0.10.jar:/home/runner/.m2/repository/org/jboss/marshalling/jboss-marshalling/2.2.2.Final/jboss-marshalling-2.2.2.Final.jar:/home/runner/.m2/repository/io/fabric8/kubernetes-client/7.1.0/kubernetes-client-7.1.0.jar:/home/runner/.m2/repository/io/fabric8/kubernetes-client-api/7.1.0/kubernetes-client-api-7.1.0.jar:/home/runner/.m2/repository/io/fabric8/kubernetes-model-core/7.1.0/kubernetes-model-core-7.1.0.jar:/home/runner/.m2/repository/io/fabric8/kubernetes-model-common/7.1.0/kubernetes-model-common-7.1.0.jar:/home/runner/.m2/repository/javax/annotation/javax.annotation-api/1.3.2/javax.annotation-api-1.3.2.jar:/home/runner/.m2/repository/io/fabric8/kubernetes-model-gatewayapi/7.1.0/kubernetes-model-gatewayapi-7.1.0.jar:/home/runner/.m2/repository/io/fabric8/kubernetes-model-resource/7.1.0/kubernetes-model-resource-7.1.0.jar:/home/runner/.m2/repository/io/fabric8/kubernetes-model-rbac/7.1.0/kubernetes-model-rbac-7.1.0.jar:/home/runner/.m2/repository/io/fabric8/kubernetes-model-admissionregistration/7.1.0/kubernetes-model-admissionregistration-7.1.0.jar:/home/runner/.m2/repository/io/fabric8/kubernetes-model-apps/7.1.0/kubernetes-model-apps-7.1.0.jar:/home/runner/.m2/repository/io/fabric8/kubernetes-model-autoscaling/7.1.0/kubernetes-model-autoscaling-7.1.0.jar:/home/runner/.m2/repository/io/fabric8/kubernetes-model-apiextensions/7.1.0/kubernetes-model-apiextensions-7.1.0.jar:/home/runner/.m2/repository/io/fabric8/kubernetes-model-batch/7.1.0/kubernetes-model-batch-7.1.0.jar:/home/runner/.m2/repository/io/fabric8/kubernetes-model-certificates/7.1.0/kubernetes-model-certificates-7.1.0.jar:/home/runner/.m2/repository/io/fabric8/kubernetes-model-coordination/7.1.0/kubernetes-model-coordination-7.1.0.jar:/home/runner/.m2/repository/io/fabric8/kubernetes-model-discovery/7.1.0/kubernetes-model-discovery-7.1.0.jar:/home/runner/.m2/repository/io/fabric8/kubernetes-model-events/7.1.0/kubernetes-model-events-7.1.0.jar:/home/runner/.m2/repository/io/fabric8/kubernetes-model-extensions/7.1.0/kubernetes-model-extensions-7.1.0.jar:/home/runner/.m2/repository/io/fabric8/kubernetes-model-flowcontrol/7.1.0/kubernetes-model-flowcontrol-7.1.0.jar:/home/runner/.m2/repository/io/fabric8/kubernetes-model-networking/7.1.0/kubernetes-model-networking-7.1.0.jar:/home/runner/.m2/repository/io/fabric8/kubernetes-model-metrics/7.1.0/kubernetes-model-metrics-7.1.0.jar:/home/runner/.m2/repository/io/fabric8/kubernetes-model-policy/7.1.0/kubernetes-model-policy-7.1.0.jar:/home/runner/.m2/repository/io/fabric8/kubernetes-model-scheduling/7.1.0/kubernetes-model-scheduling-7.1.0.jar:/home/runner/.m2/repository/io/fabric8/kubernetes-model-storageclass/7.1.0/kubernetes-model-storageclass-7.1.0.jar:/home/runner/.m2/repository/io/fabric8/kubernetes-model-node/7.1.0/kubernetes-model-node-7.1.0.jar:/home/runner/.m2/repository/org/snakeyaml/snakeyaml-engine/2.9/snakeyaml-engine-2.9.jar:/home/runner/.m2/repository/com/fasterxml/jackson/dataformat/jackson-dataformat-yaml/2.18.2/jackson-dataformat-yaml-2.18.2.jar:/home/runner/.m2/repository/com/fasterxml/jackson/datatype/jackson-datatype-jsr310/2.18.2/jackson-datatype-jsr310-2.18.2.jar:/home/runner/.m2/repository/io/fabric8/zjsonpatch/7.1.0/zjsonpatch-7.1.0.jar:/home/runner/.m2/repository/io/fabric8/kubernetes-httpclient-vertx/7.1.0/kubernetes-httpclient-vertx-7.1.0.jar:/home/runner/.m2/repository/io/vertx/vertx-web-client/4.5.16/vertx-web-client-4.5.16.jar:/home/runner/.m2/repository/io/vertx/vertx-web-common/4.5.16/vertx-web-common-4.5.16.jar:/home/runner/.m2/repository/io/vertx/vertx-auth-common/4.5.16/vertx-auth-common-4.5.16.jar:/home/runner/.m2/repository/io/vertx/vertx-uri-template/4.5.16/vertx-uri-template-4.5.16.jar:/home/runner/.m2/repository/io/fabric8/openshift-client/7.1.0/openshift-client-7.1.0.jar:/home/runner/.m2/repository/io/fabric8/openshift-client-api/7.1.0/openshift-client-api-7.1.0.jar:/home/runner/.m2/repository/io/fabric8/openshift-model/7.1.0/openshift-model-7.1.0.jar:/home/runner/.m2/repository/io/fabric8/openshift-model-autoscaling/7.1.0/openshift-model-autoscaling-7.1.0.jar:/home/runner/.m2/repository/io/fabric8/openshift-model-operator/7.1.0/openshift-model-operator-7.1.0.jar:/home/runner/.m2/repository/io/fabric8/openshift-model-operatorhub/7.1.0/openshift-model-operatorhub-7.1.0.jar:/home/runner/.m2/repository/io/fabric8/openshift-model-machine/7.1.0/openshift-model-machine-7.1.0.jar:/home/runner/.m2/repository/io/fabric8/openshift-model-whereabouts/7.1.0/openshift-model-whereabouts-7.1.0.jar:/home/runner/.m2/repository/io/fabric8/openshift-model-monitoring/7.1.0/openshift-model-monitoring-7.1.0.jar:/home/runner/.m2/repository/io/fabric8/openshift-model-storageversionmigrator/7.1.0/openshift-model-storageversionmigrator-7.1.0.jar:/home/runner/.m2/repository/io/fabric8/openshift-model-tuned/7.1.0/openshift-model-tuned-7.1.0.jar:/home/runner/.m2/repository/io/fabric8/openshift-model-console/7.1.0/openshift-model-console-7.1.0.jar:/home/runner/.m2/repository/io/fabric8/openshift-model-config/7.1.0/openshift-model-config-7.1.0.jar:/home/runner/.m2/repository/io/fabric8/openshift-model-machineconfiguration/7.1.0/openshift-model-machineconfiguration-7.1.0.jar:/home/runner/.m2/repository/io/fabric8/openshift-model-miscellaneous/7.1.0/openshift-model-miscellaneous-7.1.0.jar:/home/runner/.m2/repository/io/fabric8/openshift-model-hive/7.1.0/openshift-model-hive-7.1.0.jar:/home/runner/.m2/repository/io/fabric8/openshift-model-installer/7.1.0/openshift-model-installer-7.1.0.jar:/home/runner/.m2/repository/org/junit/platform/junit-platform-launcher/1.12.1/junit-platform-launcher-1.12.1.jar:/home/runner/.m2/repository/org/junit/platform/junit-platform-engine/1.12.1/junit-platform-engine-1.12.1.jar:/home/runner/.m2/repository/org/opentest4j/opentest4j/1.3.0/opentest4j-1.3.0.jar:/home/runner/.m2/repository/org/junit/platform/junit-platform-commons/1.12.1/junit-platform-commons-1.12.1.jar:/home/runner/.m2/repository/org/apiguardian/apiguardian-api/1.1.2/apiguardian-api-1.1.2.jar:/home/runner/.m2/repository/jakarta/ws/rs/jakarta.ws.rs-api/3.1.0/jakarta.ws.rs-api-3.1.0.jar:/home/runner/work/apicurio-testing/apicurio-testing/clusters/ci419/namespaces/ksql047/tests/integration/apicurio-registry/java-sdk/target/apicurio-registry-java-sdk-3.0.12-SNAPSHOT.jar:/home/runner/.m2/repository/com/microsoft/kiota/microsoft-kiota-abstractions/1.8.9/microsoft-kiota-abstractions-1.8.9.jar:/home/runner/.m2/repository/io/github/std-uritemplate/std-uritemplate/2.0.0/std-uritemplate-2.0.0.jar:/home/runner/.m2/repository/io/kiota/kiota-http-jdk/0.0.29/kiota-http-jdk-0.0.29.jar:/home/runner/.m2/repository/io/kiota/kiota-http-vertx/0.0.29/kiota-http-vertx-0.0.29.jar:/home/runner/.m2/repository/io/kiota/kiota-serialization-jackson/0.0.29/kiota-serialization-jackson-0.0.29.jar:/home/runner/.m2/repository/com/microsoft/kiota/microsoft-kiota-serialization-text/1.8.9/microsoft-kiota-serialization-text-1.8.9.jar:/home/runner/.m2/repository/com/microsoft/kiota/microsoft-kiota-serialization-form/1.8.9/microsoft-kiota-serialization-form-1.8.9.jar:/home/runner/.m2/repository/com/microsoft/kiota/microsoft-kiota-serialization-multipart/1.8.9/microsoft-kiota-serialization-multipart-1.8.9.jar:/home/runner/.m2/repository/jakarta/annotation/jakarta.annotation-api/3.0.0/jakarta.annotation-api-3.0.0.jar:/home/runner/.m2/repository/io/vertx/vertx-auth-oauth2/4.5.16/vertx-auth-oauth2-4.5.16.jar:/home/runner/work/apicurio-testing/apicurio-testing/clusters/ci419/namespaces/ksql047/tests/integration/apicurio-registry/java-sdk-v2/target/apicurio-registry-v2-java-sdk-3.0.12-SNAPSHOT.jar:/home/runner/work/apicurio-testing/apicurio-testing/clusters/ci419/namespaces/ksql047/tests/integration/apicurio-registry/utils/kafka/target/apicurio-registry-utils-kafka-3.0.12-SNAPSHOT-tests.jar:/home/runner/.m2/repository/org/eclipse/microprofile/config/microprofile-config-api/3.1/microprofile-config-api-3.1.jar:/home/runner/.m2/repository/org/apache/kafka/kafka-clients/3.9.1/kafka-clients-3.9.1.jar:/home/runner/.m2/repository/com/github/luben/zstd-jni/1.5.6-4/zstd-jni-1.5.6-4.jar:/home/runner/.m2/repository/org/lz4/lz4-java/1.8.0/lz4-java-1.8.0.jar:/home/runner/.m2/repository/org/xerial/snappy/snappy-java/1.1.10.5/snappy-java-1.1.10.5.jar:/home/runner/.m2/repository/org/slf4j/slf4j-api/2.0.6/slf4j-api-2.0.6.jar:/home/runner/work/apicurio-testing/apicurio-testing/clusters/ci419/namespaces/ksql047/tests/integration/apicurio-registry/utils/tests/target/apicurio-registry-utils-tests-3.0.12-SNAPSHOT.jar:/home/runner/work/apicurio-testing/apicurio-testing/clusters/ci419/namespaces/ksql047/tests/integration/apicurio-registry/common/target/apicurio-registry-common-3.0.12-SNAPSHOT.jar:/home/runner/.m2/repository/jakarta/validation/jakarta.validation-api/3.0.2/jakarta.validation-api-3.0.2.jar:/home/runner/.m2/repository/com/github/dasniko/testcontainers-keycloak/3.8.0/testcontainers-keycloak-3.8.0.jar:/home/runner/.m2/repository/org/testcontainers/testcontainers/1.20.6/testcontainers-1.20.6.jar:/home/runner/.m2/repository/org/rnorth/duct-tape/duct-tape/1.0.8/duct-tape-1.0.8.jar:/home/runner/.m2/repository/com/github/docker-java/docker-java-transport-zerodep/3.4.1/docker-java-transport-zerodep-3.4.1.jar:/home/runner/.m2/repository/com/github/docker-java/docker-java-transport/3.4.1/docker-java-transport-3.4.1.jar:/home/runner/.m2/repository/net/java/dev/jna/jna/5.8.0/jna-5.8.0.jar:/home/runner/.m2/repository/io/quarkus/quarkus-junit4-mock/3.20.2/quarkus-junit4-mock-3.20.2.jar:/home/runner/.m2/repository/org/jboss/shrinkwrap/shrinkwrap-api/2.0.0-beta-2/shrinkwrap-api-2.0.0-beta-2.jar:/home/runner/.m2/repository/org/jboss/shrinkwrap/shrinkwrap-impl-base/2.0.0-beta-2/shrinkwrap-impl-base-2.0.0-beta-2.jar:/home/runner/.m2/repository/org/jboss/shrinkwrap/shrinkwrap-spi/2.0.0-beta-2/shrinkwrap-spi-2.0.0-beta-2.jar:/home/runner/.m2/repository/org/keycloak/keycloak-admin-client/26.0.4/keycloak-admin-client-26.0.4.jar:/home/runner/.m2/repository/org/keycloak/keycloak-client-common-synced/26.0.4/keycloak-client-common-synced-26.0.4.jar:/home/runner/.m2/repository/jakarta/activation/jakarta.activation-api/2.1.3/jakarta.activation-api-2.1.3.jar:/home/runner/.m2/repository/org/eclipse/microprofile/openapi/microprofile-openapi-api/4.0.2/microprofile-openapi-api-4.0.2.jar:/home/runner/.m2/repository/org/jboss/resteasy/resteasy-client/6.2.12.Final/resteasy-client-6.2.12.Final.jar:/home/runner/.m2/repository/org/jboss/resteasy/resteasy-client-api/6.2.12.Final/resteasy-client-api-6.2.12.Final.jar:/home/runner/.m2/repository/org/jboss/resteasy/resteasy-core-spi/6.2.12.Final/resteasy-core-spi-6.2.12.Final.jar:/home/runner/.m2/repository/org/jboss/resteasy/resteasy-core/6.2.12.Final/resteasy-core-6.2.12.Final.jar:/home/runner/.m2/repository/org/eclipse/angus/angus-activation/2.0.2/angus-activation-2.0.2.jar:/home/runner/.m2/repository/com/ibm/async/asyncutil/0.1.0/asyncutil-0.1.0.jar:/home/runner/.m2/repository/org/reactivestreams/reactive-streams/1.0.4/reactive-streams-1.0.4.jar:/home/runner/.m2/repository/org/jboss/resteasy/resteasy-multipart-provider/6.2.12.Final/resteasy-multipart-provider-6.2.12.Final.jar:/home/runner/.m2/repository/jakarta/mail/jakarta.mail-api/2.1.3/jakarta.mail-api-2.1.3.jar:/home/runner/.m2/repository/org/eclipse/angus/angus-mail/2.0.3/angus-mail-2.0.3.jar:/home/runner/.m2/repository/org/apache/james/apache-mime4j-dom/0.8.12/apache-mime4j-dom-0.8.12.jar:/home/runner/.m2/repository/org/apache/james/apache-mime4j-core/0.8.12/apache-mime4j-core-0.8.12.jar:/home/runner/.m2/repository/org/apache/james/apache-mime4j-storage/0.8.12/apache-mime4j-storage-0.8.12.jar:/home/runner/.m2/repository/org/jboss/resteasy/resteasy-jackson2-provider/6.2.12.Final/resteasy-jackson2-provider-6.2.12.Final.jar:/home/runner/.m2/repository/com/fasterxml/jackson/jakarta/rs/jackson-jakarta-rs-base/2.18.2/jackson-jakarta-rs-base-2.18.2.jar:/home/runner/.m2/repository/com/fasterxml/jackson/jakarta/rs/jackson-jakarta-rs-json-provider/2.18.2/jackson-jakarta-rs-json-provider-2.18.2.jar:/home/runner/.m2/repository/com/fasterxml/jackson/module/jackson-module-jakarta-xmlbind-annotations/2.18.2/jackson-module-jakarta-xmlbind-annotations-2.18.2.jar:/home/runner/.m2/repository/com/github/java-json-tools/json-patch/1.13/json-patch-1.13.jar:/home/runner/.m2/repository/com/github/java-json-tools/msg-simple/1.2/msg-simple-1.2.jar:/home/runner/.m2/repository/com/github/java-json-tools/btf/1.3/btf-1.3.jar:/home/runner/.m2/repository/com/github/java-json-tools/jackson-coreutils/2.0/jackson-coreutils-2.0.jar:/home/runner/.m2/repository/org/jboss/resteasy/resteasy-jaxb-provider/6.2.12.Final/resteasy-jaxb-provider-6.2.12.Final.jar:/home/runner/.m2/repository/org/glassfish/jaxb/codemodel/4.0.5/codemodel-4.0.5.jar:/home/runner/.m2/repository/org/glassfish/jaxb/jaxb-core/4.0.5/jaxb-core-4.0.5.jar:/home/runner/.m2/repository/org/glassfish/jaxb/jaxb-jxc/4.0.5/jaxb-jxc-4.0.5.jar:/home/runner/.m2/repository/org/glassfish/jaxb/jaxb-runtime/4.0.5/jaxb-runtime-4.0.5.jar:/home/runner/.m2/repository/org/glassfish/jaxb/txw2/4.0.5/txw2-4.0.5.jar:/home/runner/.m2/repository/org/glassfish/jaxb/jaxb-xjc/4.0.5/jaxb-xjc-4.0.5.jar:/home/runner/.m2/repository/org/glassfish/jaxb/xsom/4.0.5/xsom-4.0.5.jar:/home/runner/.m2/repository/com/sun/istack/istack-commons-runtime/4.1.2/istack-commons-runtime-4.1.2.jar:/home/runner/.m2/repository/com/sun/istack/istack-commons-tools/4.1.2/istack-commons-tools-4.1.2.jar:/home/runner/.m2/repository/com/sun/xml/bind/external/relaxng-datatype/4.0.5/relaxng-datatype-4.0.5.jar:/home/runner/.m2/repository/com/sun/xml/bind/external/rngom/4.0.5/rngom-4.0.5.jar:/home/runner/.m2/repository/org/testcontainers/mssqlserver/1.20.6/mssqlserver-1.20.6.jar:/home/runner/.m2/repository/org/testcontainers/jdbc/1.20.6/jdbc-1.20.6.jar:/home/runner/.m2/repository/org/testcontainers/database-commons/1.20.6/database-commons-1.20.6.jar:/home/runner/.m2/repository/org/testcontainers/mysql/1.20.6/mysql-1.20.6.jar:/home/runner/.m2/repository/io/strimzi/strimzi-test-container/0.111.0/strimzi-test-container-0.111.0.jar:/home/runner/.m2/repository/org/testcontainers/toxiproxy/1.20.6/toxiproxy-1.20.6.jar:/home/runner/.m2/repository/com/github/docker-java/docker-java-api/3.4.1/docker-java-api-3.4.1.jar:/home/runner/.m2/repository/org/apache/logging/log4j/log4j-slf4j-impl/2.19.0/log4j-slf4j-impl-2.19.0.jar:/home/runner/.m2/repository/org/apache/logging/log4j/log4j-api/2.24.3/log4j-api-2.24.3.jar:/home/runner/.m2/repository/org/apache/logging/log4j/log4j-core/2.19.0/log4j-core-2.19.0.jar:/home/runner/.m2/repository/eu/rekawek/toxiproxy/toxiproxy-java/2.1.7/toxiproxy-java-2.1.7.jar:/home/runner/.m2/repository/org/testcontainers/pulsar/1.21.3/pulsar-1.21.3.jar:/home/runner/.m2/repository/io/debezium/debezium-testing-testcontainers/2.7.4.Final/debezium-testing-testcontainers-2.7.4.Final.jar:/home/runner/.m2/repository/org/testcontainers/kafka/1.20.6/kafka-1.20.6.jar:/home/runner/.m2/repository/com/squareup/okhttp3/okhttp/4.8.1/okhttp-4.8.1.jar:/home/runner/.m2/repository/com/squareup/okio/okio/3.10.2/okio-3.10.2.jar:/home/runner/.m2/repository/com/squareup/okio/okio-jvm/3.10.2/okio-jvm-3.10.2.jar:/home/runner/.m2/repository/org/jetbrains/kotlin/kotlin-stdlib/2.0.21/kotlin-stdlib-2.0.21.jar:/home/runner/.m2/repository/org/awaitility/awaitility/4.3.0/awaitility-4.3.0.jar:/home/runner/.m2/repository/org/testcontainers/mongodb/1.20.6/mongodb-1.20.6.jar:/home/runner/.m2/repository/org/testcontainers/mariadb/1.20.6/mariadb-1.20.6.jar:/home/runner/.m2/repository/org/testcontainers/oracle-xe/1.20.6/oracle-xe-1.20.6.jar:/home/runner/.m2/repository/org/testcontainers/postgresql/1.20.6/postgresql-1.20.6.jar:/home/runner/.m2/repository/org/wiremock/wiremock/3.0.1/wiremock-3.0.1.jar:/home/runner/.m2/repository/org/eclipse/jetty/jetty-server/11.0.15/jetty-server-11.0.15.jar:/home/runner/.m2/repository/org/eclipse/jetty/toolchain/jetty-jakarta-servlet-api/5.0.2/jetty-jakarta-servlet-api-5.0.2.jar:/home/runner/.m2/repository/org/eclipse/jetty/jetty-http/11.0.15/jetty-http-11.0.15.jar:/home/runner/.m2/repository/org/eclipse/jetty/jetty-io/11.0.15/jetty-io-11.0.15.jar:/home/runner/.m2/repository/org/eclipse/jetty/jetty-servlet/11.0.15/jetty-servlet-11.0.15.jar:/home/runner/.m2/repository/org/eclipse/jetty/jetty-security/11.0.15/jetty-security-11.0.15.jar:/home/runner/.m2/repository/org/eclipse/jetty/jetty-servlets/11.0.15/jetty-servlets-11.0.15.jar:/home/runner/.m2/repository/org/eclipse/jetty/jetty-util/11.0.15/jetty-util-11.0.15.jar:/home/runner/.m2/repository/org/eclipse/jetty/jetty-webapp/11.0.15/jetty-webapp-11.0.15.jar:/home/runner/.m2/repository/org/eclipse/jetty/jetty-xml/11.0.15/jetty-xml-11.0.15.jar:/home/runner/.m2/repository/org/eclipse/jetty/jetty-proxy/11.0.15/jetty-proxy-11.0.15.jar:/home/runner/.m2/repository/org/eclipse/jetty/jetty-client/11.0.15/jetty-client-11.0.15.jar:/home/runner/.m2/repository/org/eclipse/jetty/http2/http2-server/11.0.15/http2-server-11.0.15.jar:/home/runner/.m2/repository/org/eclipse/jetty/http2/http2-common/11.0.15/http2-common-11.0.15.jar:/home/runner/.m2/repository/org/eclipse/jetty/http2/http2-hpack/11.0.15/http2-hpack-11.0.15.jar:/home/runner/.m2/repository/org/eclipse/jetty/jetty-alpn-server/11.0.15/jetty-alpn-server-11.0.15.jar:/home/runner/.m2/repository/org/eclipse/jetty/jetty-alpn-java-server/11.0.15/jetty-alpn-java-server-11.0.15.jar:/home/runner/.m2/repository/org/eclipse/jetty/jetty-alpn-java-client/11.0.15/jetty-alpn-java-client-11.0.15.jar:/home/runner/.m2/repository/org/eclipse/jetty/jetty-alpn-client/11.0.15/jetty-alpn-client-11.0.15.jar:/home/runner/.m2/repository/org/apache/httpcomponents/client5/httpclient5/5.2.1/httpclient5-5.2.1.jar:/home/runner/.m2/repository/org/apache/httpcomponents/core5/httpcore5/5.2/httpcore5-5.2.jar:/home/runner/.m2/repository/org/apache/httpcomponents/core5/httpcore5-h2/5.2/httpcore5-h2-5.2.jar:/home/runner/.m2/repository/org/xmlunit/xmlunit-core/2.9.1/xmlunit-core-2.9.1.jar:/home/runner/.m2/repository/jakarta/xml/bind/jakarta.xml.bind-api/4.0.2/jakarta.xml.bind-api-4.0.2.jar:/home/runner/.m2/repository/org/xmlunit/xmlunit-legacy/2.9.1/xmlunit-legacy-2.9.1.jar:/home/runner/.m2/repository/org/xmlunit/xmlunit-placeholders/2.9.1/xmlunit-placeholders-2.9.1.jar:/home/runner/.m2/repository/net/javacrumbs/json-unit/json-unit-core/2.38.0/json-unit-core-2.38.0.jar:/home/runner/.m2/repository/org/hamcrest/hamcrest-core/2.2/hamcrest-core-2.2.jar:/home/runner/.m2/repository/com/jayway/jsonpath/json-path/2.8.0/json-path-2.8.0.jar:/home/runner/.m2/repository/net/minidev/json-smart/2.4.10/json-smart-2.4.10.jar:/home/runner/.m2/repository/net/minidev/accessors-smart/2.4.9/accessors-smart-2.4.9.jar:/home/runner/.m2/repository/org/ow2/asm/asm/9.7.1/asm-9.7.1.jar:/home/runner/.m2/repository/net/sf/jopt-simple/jopt-simple/5.0.4/jopt-simple-5.0.4.jar:/home/runner/.m2/repository/com/github/jknack/handlebars/4.3.1/handlebars-4.3.1.jar:/home/runner/.m2/repository/com/github/jknack/handlebars-helpers/4.3.1/handlebars-helpers-4.3.1.jar:/home/runner/.m2/repository/commons-fileupload/commons-fileupload/1.5/commons-fileupload-1.5.jar:/home/runner/.m2/repository/com/networknt/json-schema-validator/1.5.8/json-schema-validator-1.5.8.jar:/home/runner/.m2/repository/com/ethlo/time/itu/1.10.3/itu-1.10.3.jar:/home/runner/.m2/repository/io/quarkus/quarkus-smallrye-jwt-build/3.20.2/quarkus-smallrye-jwt-build-3.20.2.jar:/home/runner/.m2/repository/io/smallrye/smallrye-jwt-build/4.6.2/smallrye-jwt-build-4.6.2.jar:/home/runner/.m2/repository/org/eclipse/microprofile/jwt/microprofile-jwt-auth-api/2.1/microprofile-jwt-auth-api-2.1.jar:/home/runner/.m2/repository/org/bitbucket/b_c/jose4j/0.9.6/jose4j-0.9.6.jar:/home/runner/.m2/repository/io/smallrye/smallrye-jwt-common/4.6.2/smallrye-jwt-common-4.6.2.jar:/home/runner/.m2/repository/io/quarkus/quarkus-jsonp/3.20.2/quarkus-jsonp-3.20.2.jar:/home/runner/.m2/repository/io/quarkus/quarkus-arc/3.20.2/quarkus-arc-3.20.2.jar:/home/runner/.m2/repository/io/quarkus/arc/arc/3.20.2/arc-3.20.2.jar:/home/runner/.m2/repository/jakarta/transaction/jakarta.transaction-api/2.0.1/jakarta.transaction-api-2.0.1.jar:/home/runner/.m2/repository/io/smallrye/reactive/mutiny/2.9.2/mutiny-2.9.2.jar:/home/runner/.m2/repository/org/jctools/jctools-core/4.0.5/jctools-core-4.0.5.jar:/home/runner/.m2/repository/org/eclipse/microprofile/context-propagation/microprofile-context-propagation-api/1.3/microprofile-context-propagation-api-1.3.jar:/home/runner/.m2/repository/io/apicurio/apicurio-common-rest-client-common/0.1.18.Final/apicurio-common-rest-client-common-0.1.18.Final.jar:/home/runner/work/apicurio-testing/apicurio-testing/clusters/ci419/namespaces/ksql047/tests/integration/apicurio-registry/utils/maven-plugin/target/apicurio-registry-maven-plugin-3.0.12-SNAPSHOT.jar:/home/runner/.m2/repository/com/fasterxml/jackson/core/jackson-databind/2.18.2/jackson-databind-2.18.2.jar:/home/runner/.m2/repository/org/apache/avro/avro/1.12.0/avro-1.12.0.jar:/home/runner/.m2/repository/com/google/protobuf/protobuf-java/4.31.1/protobuf-java-4.31.1.jar:/home/runner/.m2/repository/com/google/protobuf/protobuf-java-util/4.31.1/protobuf-java-util-4.31.1.jar:/home/runner/.m2/repository/com/google/code/findbugs/jsr305/3.0.2/jsr305-3.0.2.jar:/home/runner/.m2/repository/com/google/code/gson/gson/2.12.1/gson-2.12.1.jar:/home/runner/.m2/repository/com/google/errorprone/error_prone_annotations/2.36.0/error_prone_annotations-2.36.0.jar:/home/runner/.m2/repository/com/google/j2objc/j2objc-annotations/2.8/j2objc-annotations-2.8.jar:/home/runner/work/apicurio-testing/apicurio-testing/clusters/ci419/namespaces/ksql047/tests/integration/apicurio-registry/schema-util/util-provider/target/apicurio-registry-schema-util-provider-3.0.12-SNAPSHOT.jar:/home/runner/work/apicurio-testing/apicurio-testing/clusters/ci419/namespaces/ksql047/tests/integration/apicurio-registry/schema-util/common/target/apicurio-registry-schema-util-common-3.0.12-SNAPSHOT.jar:/home/runner/.m2/repository/com/fasterxml/jackson/module/jackson-module-parameter-names/2.18.2/jackson-module-parameter-names-2.18.2.jar:/home/runner/.m2/repository/com/fasterxml/jackson/datatype/jackson-datatype-json-org/2.18.2/jackson-datatype-json-org-2.18.2.jar:/home/runner/work/apicurio-testing/apicurio-testing/clusters/ci419/namespaces/ksql047/tests/integration/apicurio-registry/schema-util/json/target/apicurio-registry-schema-util-json-3.0.12-SNAPSHOT.jar:/home/runner/.m2/repository/com/github/erosb/everit-json-schema/1.14.5/everit-json-schema-1.14.5.jar:/home/runner/.m2/repository/commons-validator/commons-validator/1.9.0/commons-validator-1.9.0.jar:/home/runner/.m2/repository/commons-digester/commons-digester/2.1/commons-digester-2.1.jar:/home/runner/.m2/repository/commons-collections/commons-collections/3.2.2/commons-collections-3.2.2.jar:/home/runner/.m2/repository/com/damnhandy/handy-uri-templates/2.1.8/handy-uri-templates-2.1.8.jar:/home/runner/.m2/repository/joda-time/joda-time/2.10.2/joda-time-2.10.2.jar:/home/runner/.m2/repository/com/github/erosb/json-sKema/0.20.0/json-sKema-0.20.0.jar:/home/runner/.m2/repository/io/vertx/vertx-json-schema/4.5.16/vertx-json-schema-4.5.16.jar:/home/runner/work/apicurio-testing/apicurio-testing/clusters/ci419/namespaces/ksql047/tests/integration/apicurio-registry/schema-util/protobuf/target/apicurio-registry-schema-util-protobuf-3.0.12-SNAPSHOT.jar:/home/runner/work/apicurio-testing/apicurio-testing/clusters/ci419/namespaces/ksql047/tests/integration/apicurio-registry/utils/protobuf-schema-utilities/target/apicurio-registry-protobuf-schema-utilities-3.0.12-SNAPSHOT.jar:/home/runner/.m2/repository/com/google/api/grpc/proto-google-common-protos/2.52.0/proto-google-common-protos-2.52.0.jar:/home/runner/.m2/repository/com/squareup/wire/wire-schema-jvm/5.3.3/wire-schema-jvm-5.3.3.jar:/home/runner/.m2/repository/com/palantir/javapoet/javapoet/0.6.0/javapoet-0.6.0.jar:/home/runner/.m2/repository/com/squareup/kotlinpoet-jvm/2.0.0/kotlinpoet-jvm-2.0.0.jar:/home/runner/.m2/repository/org/jetbrains/kotlin/kotlin-reflect/2.0.21/kotlin-reflect-2.0.21.jar:/home/runner/.m2/repository/com/squareup/wire/wire-runtime-jvm/5.3.3/wire-runtime-jvm-5.3.3.jar:/home/runner/.m2/repository/com/ibm/icu/icu4j/76.1/icu4j-76.1.jar:/home/runner/.m2/repository/com/squareup/okio/okio-fakefilesystem/3.10.2/okio-fakefilesystem-3.10.2.jar:/home/runner/.m2/repository/com/squareup/okio/okio-fakefilesystem-jvm/3.10.2/okio-fakefilesystem-jvm-3.10.2.jar:/home/runner/.m2/repository/org/jetbrains/kotlinx/kotlinx-datetime-jvm/0.6.1/kotlinx-datetime-jvm-0.6.1.jar:/home/runner/work/apicurio-testing/apicurio-testing/clusters/ci419/namespaces/ksql047/tests/integration/apicurio-registry/schema-util/asyncapi/target/apicurio-registry-schema-util-asyncapi-3.0.12-SNAPSHOT.jar:/home/runner/work/apicurio-testing/apicurio-testing/clusters/ci419/namespaces/ksql047/tests/integration/apicurio-registry/schema-util/avro/target/apicurio-registry-schema-util-avro-3.0.12-SNAPSHOT.jar:/home/runner/work/apicurio-testing/apicurio-testing/clusters/ci419/namespaces/ksql047/tests/integration/apicurio-registry/schema-util/graphql/target/apicurio-registry-schema-util-graphql-3.0.12-SNAPSHOT.jar:/home/runner/.m2/repository/com/graphql-java/graphql-java/22.4/graphql-java-22.4.jar:/home/runner/.m2/repository/com/graphql-java/java-dataloader/3.3.0/java-dataloader-3.3.0.jar:/home/runner/work/apicurio-testing/apicurio-testing/clusters/ci419/namespaces/ksql047/tests/integration/apicurio-registry/schema-util/kconnect/target/apicurio-registry-schema-util-kconnect-3.0.12-SNAPSHOT.jar:/home/runner/work/apicurio-testing/apicurio-testing/clusters/ci419/namespaces/ksql047/tests/integration/apicurio-registry/schema-util/openapi/target/apicurio-registry-schema-util-openapi-3.0.12-SNAPSHOT.jar:/home/runner/.m2/repository/io/apicurio/apicurio-data-models/2.2.2/apicurio-data-models-2.2.2.jar:/home/runner/.m2/repository/org/openapitools/openapidiff/openapi-diff-core/2.1.2/openapi-diff-core-2.1.2.jar:/home/runner/.m2/repository/io/swagger/parser/v3/swagger-parser/2.1.28/swagger-parser-2.1.28.jar:/home/runner/.m2/repository/io/swagger/parser/v3/swagger-parser-v2-converter/2.1.28/swagger-parser-v2-converter-2.1.28.jar:/home/runner/.m2/repository/io/swagger/swagger-core/1.6.16/swagger-core-1.6.16.jar:/home/runner/.m2/repository/io/swagger/swagger-models/1.6.16/swagger-models-1.6.16.jar:/home/runner/.m2/repository/io/swagger/swagger-annotations/1.6.16/swagger-annotations-1.6.16.jar:/home/runner/.m2/repository/io/swagger/swagger-parser/1.0.75/swagger-parser-1.0.75.jar:/home/runner/.m2/repository/io/swagger/swagger-parser-safe-url-resolver/1.0.75/swagger-parser-safe-url-resolver-1.0.75.jar:/home/runner/.m2/repository/io/swagger/swagger-compat-spec-parser/1.0.75/swagger-compat-spec-parser-1.0.75.jar:/home/runner/.m2/repository/com/github/java-json-tools/json-schema-validator/2.2.14/json-schema-validator-2.2.14.jar:/home/runner/.m2/repository/com/github/java-json-tools/jackson-coreutils-equivalence/1.0/jackson-coreutils-equivalence-1.0.jar:/home/runner/.m2/repository/com/github/java-json-tools/json-schema-core/1.2.14/json-schema-core-1.2.14.jar:/home/runner/.m2/repository/com/github/java-json-tools/uri-template/0.10/uri-template-0.10.jar:/home/runner/.m2/repository/com/googlecode/libphonenumber/libphonenumber/8.11.1/libphonenumber-8.11.1.jar:/home/runner/.m2/repository/com/j2html/j2html/1.6.0/j2html-1.6.0.jar:/home/runner/.m2/repository/org/apache/commons/commons-collections4/4.5.0/commons-collections4-4.5.0.jar:/home/runner/.m2/repository/org/slf4j/jcl-over-slf4j/2.0.17/jcl-over-slf4j-2.0.17.jar:/home/runner/.m2/repository/io/swagger/parser/v3/swagger-parser-v3/2.1.31/swagger-parser-v3-2.1.31.jar:/home/runner/.m2/repository/io/swagger/core/v3/swagger-models/2.2.34/swagger-models-2.2.34.jar:/home/runner/.m2/repository/io/swagger/core/v3/swagger-core/2.2.34/swagger-core-2.2.34.jar:/home/runner/.m2/repository/io/swagger/parser/v3/swagger-parser-core/2.1.31/swagger-parser-core-2.1.31.jar:/home/runner/.m2/repository/io/swagger/parser/v3/swagger-parser-safe-url-resolver/2.1.31/swagger-parser-safe-url-resolver-2.1.31.jar:/home/runner/work/apicurio-testing/apicurio-testing/clusters/ci419/namespaces/ksql047/tests/integration/apicurio-registry/schema-util/wsdl/target/apicurio-registry-schema-util-wsdl-3.0.12-SNAPSHOT.jar:/home/runner/.m2/repository/wsdl4j/wsdl4j/1.6.3/wsdl4j-1.6.3.jar:/home/runner/work/apicurio-testing/apicurio-testing/clusters/ci419/namespaces/ksql047/tests/integration/apicurio-registry/schema-util/xml/target/apicurio-registry-schema-util-xml-3.0.12-SNAPSHOT.jar:/home/runner/.m2/repository/org/apache/santuario/xmlsec/4.0.4/xmlsec-4.0.4.jar:/home/runner/.m2/repository/com/fasterxml/woodstox/woodstox-core/7.1.1/woodstox-core-7.1.1.jar:/home/runner/.m2/repository/org/codehaus/woodstox/stax2-api/4.2.2/stax2-api-4.2.2.jar:/home/runner/work/apicurio-testing/apicurio-testing/clusters/ci419/namespaces/ksql047/tests/integration/apicurio-registry/schema-util/xsd/target/apicurio-registry-schema-util-xsd-3.0.12-SNAPSHOT.jar:/home/runner/work/apicurio-testing/apicurio-testing/clusters/ci419/namespaces/ksql047/tests/integration/apicurio-registry/serdes/kafka/jsonschema-serde/target/apicurio-registry-jsonschema-serde-kafka-3.0.12-SNAPSHOT.jar:/home/runner/work/apicurio-testing/apicurio-testing/clusters/ci419/namespaces/ksql047/tests/integration/apicurio-registry/serdes/kafka/serde-kafka-common/target/apicurio-registry-serde-kafka-common-3.0.12-SNAPSHOT.jar:/home/runner/work/apicurio-testing/apicurio-testing/clusters/ci419/namespaces/ksql047/tests/integration/apicurio-registry/serdes/generic/serde-common/target/apicurio-registry-serde-common-3.0.12-SNAPSHOT.jar:/home/runner/work/apicurio-testing/apicurio-testing/clusters/ci419/namespaces/ksql047/tests/integration/apicurio-registry/serdes/generic/serde-common-jsonschema/target/apicurio-registry-serde-common-jsonschema-3.0.12-SNAPSHOT.jar:/home/runner/.m2/repository/org/json/json/20250107/json-20250107.jar:/home/runner/work/apicurio-testing/apicurio-testing/clusters/ci419/namespaces/ksql047/tests/integration/apicurio-registry/serdes/kafka/avro-serde/target/apicurio-registry-avro-serde-kafka-3.0.12-SNAPSHOT.jar:/home/runner/work/apicurio-testing/apicurio-testing/clusters/ci419/namespaces/ksql047/tests/integration/apicurio-registry/serdes/generic/serde-common-avro/target/apicurio-registry-serde-common-avro-3.0.12-SNAPSHOT.jar:/home/runner/work/apicurio-testing/apicurio-testing/clusters/ci419/namespaces/ksql047/tests/integration/apicurio-registry/serdes/kafka/protobuf-serde/target/apicurio-registry-protobuf-serde-kafka-3.0.12-SNAPSHOT.jar:/home/runner/work/apicurio-testing/apicurio-testing/clusters/ci419/namespaces/ksql047/tests/integration/apicurio-registry/serdes/generic/serde-common-protobuf/target/apicurio-registry-serde-common-protobuf-3.0.12-SNAPSHOT.jar:/home/runner/.m2/repository/com/squareup/wire/wire-schema/5.3.3/wire-schema-5.3.3.jar:/home/runner/.m2/repository/com/squareup/wire/wire-runtime/5.3.3/wire-runtime-5.3.3.jar:/home/runner/work/apicurio-testing/apicurio-testing/clusters/ci419/namespaces/ksql047/tests/integration/apicurio-registry/serdes/pulsar/avro-serde/target/apicurio-registry-avro-serde-pulsar-3.0.12-SNAPSHOT.jar:/home/runner/.m2/repository/org/apache/pulsar/pulsar-functions-api/3.3.8/pulsar-functions-api-3.3.8.jar:/home/runner/work/apicurio-testing/apicurio-testing/clusters/ci419/namespaces/ksql047/tests/integration/apicurio-registry/serdes/nats/avro-serde/target/apicurio-registry-avro-serde-nats-3.0.12-SNAPSHOT.jar:/home/runner/.m2/repository/io/nats/jnats/2.21.4/jnats-2.21.4.jar:/home/runner/.m2/repository/org/bouncycastle/bcprov-lts8on/2.73.7/bcprov-lts8on-2.73.7.jar:/home/runner/.m2/repository/org/jetbrains/annotations/26.0.2/annotations-26.0.2.jar:/home/runner/work/apicurio-testing/apicurio-testing/clusters/ci419/namespaces/ksql047/tests/integration/apicurio-registry/utils/converter/target/apicurio-registry-utils-converter-3.0.12-SNAPSHOT.jar:/home/runner/work/apicurio-testing/apicurio-testing/clusters/ci419/namespaces/ksql047/tests/integration/apicurio-registry/schema-resolver/target/apicurio-registry-schema-resolver-3.0.12-SNAPSHOT.jar:/home/runner/.m2/repository/org/apache/kafka/connect-api/3.9.1/connect-api-3.9.1.jar:/home/runner/.m2/repository/javax/ws/rs/javax.ws.rs-api/2.1.1/javax.ws.rs-api-2.1.1.jar:/home/runner/.m2/repository/org/apache/kafka/connect-json/3.9.1/connect-json-3.9.1.jar:/home/runner/.m2/repository/com/fasterxml/jackson/datatype/jackson-datatype-jdk8/2.18.2/jackson-datatype-jdk8-2.18.2.jar:/home/runner/.m2/repository/com/fasterxml/jackson/module/jackson-module-afterburner/2.18.2/jackson-module-afterburner-2.18.2.jar:/home/runner/work/apicurio-testing/apicurio-testing/clusters/ci419/namespaces/ksql047/tests/integration/apicurio-registry/utils/kafka/target/apicurio-registry-utils-kafka-3.0.12-SNAPSHOT.jar:/home/runner/.m2/repository/org/apache/pulsar/pulsar-client/3.3.8/pulsar-client-3.3.8.jar:/home/runner/.m2/repository/org/apache/pulsar/pulsar-client-api/3.3.8/pulsar-client-api-3.3.8.jar:/home/runner/.m2/repository/org/apache/pulsar/pulsar-client-admin-api/3.3.8/pulsar-client-admin-api-3.3.8.jar:/home/runner/.m2/repository/org/apache/pulsar/bouncy-castle-bc/3.3.8/bouncy-castle-bc-3.3.8-pkg.jar:/home/runner/.m2/repository/org/bouncycastle/bcpkix-jdk18on/1.81/bcpkix-jdk18on-1.81.jar:/home/runner/.m2/repository/org/bouncycastle/bcutil-jdk18on/1.81/bcutil-jdk18on-1.81.jar:/home/runner/.m2/repository/org/bouncycastle/bcprov-jdk18on/1.81/bcprov-jdk18on-1.81.jar:/home/runner/.m2/repository/io/opentelemetry/opentelemetry-api/1.44.1/opentelemetry-api-1.44.1.jar:/home/runner/.m2/repository/io/opentelemetry/opentelemetry-context/1.44.1/opentelemetry-context-1.44.1.jar:/home/runner/.m2/repository/io/opentelemetry/opentelemetry-api-incubator/1.44.1-alpha/opentelemetry-api-incubator-1.44.1-alpha.jar:/home/runner/.m2/repository/com/fasterxml/jackson/core/jackson-annotations/2.18.2/jackson-annotations-2.18.2.jar:/home/runner/.m2/repository/javax/validation/validation-api/1.1.0.Final/validation-api-1.1.0.Final.jar:/home/runner/.m2/repository/org/jspecify/jspecify/1.0.0/jspecify-1.0.0.jar:/home/runner/.m2/repository/org/apache/commons/commons-configuration2/2.12.0/commons-configuration2-2.12.0.jar:/home/runner/.m2/repository/commons-logging/commons-logging/1.3.5/commons-logging-1.3.5.jar:/home/runner/.m2/repository/org/apache/commons/commons-text/1.13.0/commons-text-1.13.0.jar:/home/runner/.m2/repository/io/confluent/kafka-avro-serializer/8.0.0/kafka-avro-serializer-8.0.0.jar:/home/runner/.m2/repository/org/apache/commons/commons-compress/1.27.1/commons-compress-1.27.1.jar:/home/runner/.m2/repository/io/confluent/kafka-schema-serializer/8.0.0/kafka-schema-serializer-8.0.0.jar:/home/runner/.m2/repository/com/fasterxml/jackson/dataformat/jackson-dataformat-csv/2.18.2/jackson-dataformat-csv-2.18.2.jar:/home/runner/.m2/repository/io/confluent/kafka-schema-registry-client/8.0.0/kafka-schema-registry-client-8.0.0.jar:/home/runner/.m2/repository/org/yaml/snakeyaml/2.3/snakeyaml-2.3.jar:/home/runner/.m2/repository/io/swagger/core/v3/swagger-annotations/2.2.29/swagger-annotations-2.2.29.jar:/home/runner/.m2/repository/com/google/guava/guava/33.4.0-jre/guava-33.4.0-jre.jar:/home/runner/.m2/repository/com/google/guava/failureaccess/1.0.1/failureaccess-1.0.1.jar:/home/runner/.m2/repository/org/checkerframework/checker-qual/3.49.0/checker-qual-3.49.0.jar:/home/runner/.m2/repository/io/confluent/logredactor/1.0.13/logredactor-1.0.13.jar:/home/runner/.m2/repository/com/google/re2j/re2j/1.6/re2j-1.6.jar:/home/runner/.m2/repository/io/confluent/logredactor-metrics/1.0.13/logredactor-metrics-1.0.13.jar:/home/runner/.m2/repository/com/eclipsesource/minimal-json/minimal-json/0.9.5/minimal-json-0.9.5.jar:/home/runner/.m2/repository/io/confluent/common-utils/8.0.0/common-utils-8.0.0.jar:/home/runner/.m2/repository/io/confluent/kafka-connect-avro-converter/8.0.0/kafka-connect-avro-converter-8.0.0.jar:/home/runner/.m2/repository/io/confluent/kafka-connect-avro-data/8.0.0/kafka-connect-avro-data-8.0.0.jar:/home/runner/.m2/repository/io/confluent/kafka-schema-converter/8.0.0/kafka-schema-converter-8.0.0.jar:/home/runner/.m2/repository/io/rest-assured/rest-assured/5.5.1/rest-assured-5.5.1.jar:/home/runner/.m2/repository/org/apache/groovy/groovy/4.0.22/groovy-4.0.22.jar:/home/runner/.m2/repository/org/apache/groovy/groovy-xml/4.0.22/groovy-xml-4.0.22.jar:/home/runner/.m2/repository/org/apache/httpcomponents/httpclient/4.5.14/httpclient-4.5.14.jar:/home/runner/.m2/repository/org/apache/httpcomponents/httpcore/4.4.16/httpcore-4.4.16.jar:/home/runner/.m2/repository/org/apache/httpcomponents/httpmime/4.5.14/httpmime-4.5.14.jar:/home/runner/.m2/repository/org/hamcrest/hamcrest/2.2/hamcrest-2.2.jar:/home/runner/.m2/repository/org/ccil/cowan/tagsoup/tagsoup/1.2.1/tagsoup-1.2.1.jar:/home/runner/.m2/repository/io/rest-assured/json-path/5.5.1/json-path-5.5.1.jar:/home/runner/.m2/repository/org/apache/groovy/groovy-json/4.0.22/groovy-json-4.0.22.jar:/home/runner/.m2/repository/io/rest-assured/rest-assured-common/5.5.1/rest-assured-common-5.5.1.jar:/home/runner/.m2/repository/io/rest-assured/xml-path/5.5.1/xml-path-5.5.1.jar:/home/runner/.m2/repository/io/zonky/test/embedded-postgres/2.1.0/embedded-postgres-2.1.0.jar:/home/runner/.m2/repository/io/zonky/test/postgres/embedded-postgres-binaries-windows-amd64/14.15.0/embedded-postgres-binaries-windows-amd64-14.15.0.jar:/home/runner/.m2/repository/io/zonky/test/postgres/embedded-postgres-binaries-darwin-amd64/14.15.0/embedded-postgres-binaries-darwin-amd64-14.15.0.jar:/home/runner/.m2/repository/io/zonky/test/postgres/embedded-postgres-binaries-linux-amd64/14.15.0/embedded-postgres-binaries-linux-amd64-14.15.0.jar:/home/runner/.m2/repository/io/zonky/test/postgres/embedded-postgres-binaries-linux-amd64-alpine/14.15.0/embedded-postgres-binaries-linux-amd64-alpine-14.15.0.jar:/home/runner/.m2/repository/org/apache/commons/commons-lang3/3.17.0/commons-lang3-3.17.0.jar:/home/runner/.m2/repository/org/tukaani/xz/1.10/xz-1.10.jar:/home/runner/.m2/repository/commons-codec/commons-codec/1.19.0/commons-codec-1.19.0.jar:/home/runner/.m2/repository/org/postgresql/postgresql/42.7.7/postgresql-42.7.7.jar:/home/runner/.m2/repository/commons-io/commons-io/2.18.0/commons-io-2.18.0.jar:/home/runner/work/apicurio-testing/apicurio-testing/clusters/ci419/namespaces/ksql047/tests/integration/apicurio-registry/utils/importexport/target/apicurio-registry-utils-import-export-3.0.12-SNAPSHOT.jar:/home/runner/.m2/repository/io/vertx/vertx-core/4.5.16/vertx-core-4.5.16.jar:/home/runner/.m2/repository/io/netty/netty-common/4.1.121.Final/netty-common-4.1.121.Final.jar:/home/runner/.m2/repository/io/netty/netty-buffer/4.1.121.Final/netty-buffer-4.1.121.Final.jar:/home/runner/.m2/repository/io/netty/netty-transport/4.1.121.Final/netty-transport-4.1.121.Final.jar:/home/runner/.m2/repository/io/netty/netty-handler/4.1.121.Final/netty-handler-4.1.121.Final.jar:/home/runner/.m2/repository/io/netty/netty-transport-native-unix-common/4.1.121.Final/netty-transport-native-unix-common-4.1.121.Final.jar:/home/runner/.m2/repository/io/netty/netty-codec/4.1.121.Final/netty-codec-4.1.121.Final.jar:/home/runner/.m2/repository/io/netty/netty-handler-proxy/4.1.121.Final/netty-handler-proxy-4.1.121.Final.jar:/home/runner/.m2/repository/io/netty/netty-codec-socks/4.1.121.Final/netty-codec-socks-4.1.121.Final.jar:/home/runner/.m2/repository/io/netty/netty-codec-http/4.1.121.Final/netty-codec-http-4.1.121.Final.jar:/home/runner/.m2/repository/io/netty/netty-codec-http2/4.1.121.Final/netty-codec-http2-4.1.121.Final.jar:/home/runner/.m2/repository/io/netty/netty-resolver/4.1.121.Final/netty-resolver-4.1.121.Final.jar:/home/runner/.m2/repository/io/netty/netty-resolver-dns/4.1.121.Final/netty-resolver-dns-4.1.121.Final.jar:/home/runner/.m2/repository/io/netty/netty-codec-dns/4.1.121.Final/netty-codec-dns-4.1.121.Final.jar:/home/runner/.m2/repository/com/fasterxml/jackson/core/jackson-core/2.18.2/jackson-core-2.18.2.jar:"/>
    <property name="sun.cpu.endian" value="little"/>
    <property name="user.home" value="/home/runner"/>
    <property name="user.language" value="en"/>
    <property name="jboss.log-version" value="false"/>
    <property name="java.specification.vendor" value="Oracle Corporation"/>
    <property name="java.version.date" value="2025-07-15"/>
    <property name="java.home" value="/usr/lib/jvm/temurin-17-jdk-amd64"/>
    <property name="file.separator" value="/"/>
    <property name="basedir" value="/home/runner/work/apicurio-testing/apicurio-testing/clusters/ci419/namespaces/ksql047/tests/integration/apicurio-registry/integration-tests"/>
    <property name="java.vm.compressedOopsMode" value="32-bit"/>
    <property name="line.separator" value="&#10;"/>
    <property name="java.specification.name" value="Java Platform API Specification"/>
    <property name="java.vm.specification.vendor" value="Oracle Corporation"/>
    <property name="quarkus.http.test-host" value="registry-app-ksql047.apps.ci419.apicurio-testing.org"/>
    <property name="surefire.real.class.path" value="/home/runner/work/apicurio-testing/apicurio-testing/clusters/ci419/namespaces/ksql047/tests/integration/apicurio-registry/integration-tests/target/surefire/surefirebooter-20250813164127017_3.jar"/>
    <property name="sun.management.compiler" value="HotSpot 64-Bit Tiered Compilers"/>
    <property name="org.eclipse.jetty.http.HttpGenerator.STRICT" value="true"/>
    <property name="java.runtime.version" value="17.0.16+8"/>
    <property name="user.name" value="runner"/>
    <property name="path.separator" value=":"/>
    <property name="os.version" value="6.8.0-1031-azure"/>
    <property name="java.runtime.name" value="OpenJDK Runtime Environment"/>
    <property name="file.encoding" value="UTF-8"/>
    <property name="jnidispatch.path" value="/home/runner/.cache/JNA/temp/jna10384494097648682503.tmp"/>
    <property name="java.vm.name" value="OpenJDK 64-Bit Server VM"/>
    <property name="jna.platform.library.path" value="/usr/lib/x86_64-linux-gnu:/lib/x86_64-linux-gnu:/usr/lib64:/lib64:/usr/lib:/lib:/lib32:/usr/local/lib:/usr/lib/x86_64-linux-gnu/libfakeroot"/>
    <property name="java.vendor.version" value="Temurin-17.0.16+8"/>
    <property name="quarkus.oidc.token-path" value="https://keycloak-ksql047.apps.ci419.apicurio-testing.org/realms/registry/protocol/openid-connect/token"/>
    <property name="quarkus.http.host" value="registry-app-ksql047.apps.ci419.apicurio-testing.org"/>
    <property name="localRepository" value="/home/runner/.m2/repository"/>
    <property name="javax.xml.xpath.XPathFactory:http://java.sun.com/jaxp/xpath/dom" value="com.sun.org.apache.xpath.internal.jaxp.XPathFactoryImpl"/>
    <property name="jna.loaded" value="true"/>
    <property name="java.vendor.url.bug" value="https://github.com/adoptium/adoptium-support/issues"/>
    <property name="jetty.git.hash" value="5bc5e562c8d05c5862505aebe5cf83a61bdbcb96"/>
    <property name="java.io.tmpdir" value="/tmp"/>
    <property name="quarkus.http.test-protocol" value="http"/>
    <property name="java.version" value="17.0.16"/>
    <property name="user.dir" value="/home/runner/work/apicurio-testing/apicurio-testing/clusters/ci419/namespaces/ksql047/tests/integration/apicurio-registry/integration-tests"/>
    <property name="os.arch" value="amd64"/>
    <property name="groups" value="( smoke | serdes | acceptance | ui)"/>
    <property name="java.vm.specification.name" value="Java Virtual Machine Specification"/>
    <property name="native.encoding" value="UTF-8"/>
    <property name="java.util.logging.manager" value="org.jboss.logmanager.LogManager"/>
    <property name="java.library.path" value="/usr/java/packages/lib:/usr/lib64:/lib64:/lib:/usr/lib"/>
    <property name="jdk.console" value="java.base"/>
    <property name="java.vm.info" value="mixed mode, sharing"/>
    <property name="java.vendor" value="Eclipse Adoptium"/>
    <property name="java.vm.version" value="17.0.16+8"/>
    <property name="java.specification.maintenance.version" value="1"/>
    <property name="sun.io.unicode.encoding" value="UnicodeLittle"/>
    <property name="javax.xml.transform.TransformerFactory" value="com.sun.org.apache.xalan.internal.xsltc.trax.TransformerFactoryImpl"/>
    <property name="java.class.version" value="61.0"/>
  </properties>
  <testcase name="testGlobalIdInHeaders" classname="io.apicurio.tests.serdes.apicurio.AvroSerdeIT" time="6.06">
    <system-out><![CDATA[**** Registry Base URL: http://registry-app-ksql047.apps.ci419.apicurio-testing.org:80
**** Registry Base URL: http://registry-app-ksql047.apps.ci419.apicurio-testing.org:80
2025-08-13 16:41:38,855 INFO  [io.api.tes.ser.api.AvroSerdeIT] (main) RestAssured configured with http://registry-app-ksql047.apps.ci419.apicurio-testing.org:80/apis/registry/v3
2025-08-13 16:41:38,889 INFO  [io.api.tes.uti.KafkaFacade] (main) Starting kafka container
2025-08-13 16:41:38,933 INFO  [org.tes.ima.PullPolicy] (main) Image pull policy will be performed by: DefaultPullPolicy()
2025-08-13 16:41:38,936 INFO  [org.tes.uti.ImageNameSubstitutor] (main) Image name substitution will be performed by: DefaultImageNameSubstitutor (composite of 'ConfigurationFileImageNameSubstitutor' and 'PrefixingImageNameSubstitutor')
2025-08-13 16:41:38,945 INFO  [org.tes.DockerClientFactory] (main) Testcontainers version: 1.20.6
2025-08-13 16:41:39,486 INFO  [org.tes.doc.DockerClientProviderStrategy] (main) Found Docker environment with local Unix socket (unix:///var/run/docker.sock)
2025-08-13 16:41:39,495 INFO  [org.tes.DockerClientFactory] (main) Docker host IP address is localhost
2025-08-13 16:41:39,513 INFO  [org.tes.DockerClientFactory] (main) Connected to docker: 
  Server Version: 28.0.4
  API Version: 1.48
  Operating System: Ubuntu 22.04.5 LTS
  Total Memory: 7944 MB
2025-08-13 16:41:39,553 INFO  [tc.tes.11.0] (main) Pulling docker image: testcontainers/ryuk:0.11.0. Please be patient; this may take some time but only needs to be done once.
2025-08-13 16:41:39,823 INFO  [tc.tes.11.0] (docker-java-stream--1295187651) Starting to pull image
2025-08-13 16:41:39,847 INFO  [tc.tes.11.0] (docker-java-stream--1295187651) Pulling image layers:  0 pending,  0 downloaded,  0 extracted, (0 bytes/0 bytes)
2025-08-13 16:41:39,952 INFO  [tc.tes.11.0] (docker-java-stream--1295187651) Pulling image layers:  2 pending,  1 downloaded,  0 extracted, (114 KB/? MB)
2025-08-13 16:41:39,997 INFO  [tc.tes.11.0] (docker-java-stream--1295187651) Pulling image layers:  1 pending,  2 downloaded,  0 extracted, (114 KB/? MB)
2025-08-13 16:41:40,004 INFO  [tc.tes.11.0] (docker-java-stream--1295187651) Pulling image layers:  0 pending,  3 downloaded,  0 extracted, (3 MB/10 MB)
2025-08-13 16:41:40,159 INFO  [tc.tes.11.0] (docker-java-stream--1295187651) Pulling image layers:  0 pending,  3 downloaded,  1 extracted, (3 MB/10 MB)
2025-08-13 16:41:41,168 INFO  [tc.tes.11.0] (docker-java-stream--1295187651) Pulling image layers:  0 pending,  3 downloaded,  2 extracted, (4 MB/10 MB)
2025-08-13 16:41:41,208 INFO  [tc.tes.11.0] (docker-java-stream--1295187651) Pulling image layers:  0 pending,  3 downloaded,  3 extracted, (10 MB/10 MB)
2025-08-13 16:41:41,214 INFO  [tc.tes.11.0] (docker-java-stream--1295187651) Pull complete. 3 layers, pulled in 1s (downloaded 10 MB at 10 MB/s)
2025-08-13 16:41:41,215 INFO  [tc.tes.11.0] (main) Image testcontainers/ryuk:0.11.0 pull took PT1.660838812S
2025-08-13 16:41:41,245 INFO  [tc.tes.11.0] (main) Creating container for image: testcontainers/ryuk:0.11.0
2025-08-13 16:41:41,345 INFO  [tc.tes.11.0] (main) Container testcontainers/ryuk:0.11.0 is starting: 098272e888f8d2d3c9908f74450e622b5e8f66787a6dd926325b1d449e5d6d95
2025-08-13 16:41:42,389 INFO  [tc.tes.11.0] (main) Container testcontainers/ryuk:0.11.0 started in PT1.144148248S
2025-08-13 16:41:42,395 INFO  [org.tes.uti.RyukResourceReaper] (main) Ryuk started - will monitor and terminate Testcontainers containers on JVM exit
2025-08-13 16:41:42,396 INFO  [org.tes.DockerClientFactory] (main) Checking the system...
2025-08-13 16:41:42,396 INFO  [org.tes.DockerClientFactory] (main) ✔︎ Docker server version should be at least 1.6.0
2025-08-13 16:41:42,399 INFO  [io.str.tes.con.KafkaVersionService] (main) Latest release of Kafka is:LogicalKafkaVersionEntity{version='4.0.0', image='quay.io/strimzi-test-container/test-container:0.111.0-kafka-4.0.0'}
2025-08-13 16:41:42,400 INFO  [io.str.tes.con.KafkaVersionService] (main) Latest release of Kafka is:LogicalKafkaVersionEntity{version='4.0.0', image='quay.io/strimzi-test-container/test-container:0.111.0-kafka-4.0.0'}
2025-08-13 16:41:42,400 INFO  [io.str.tes.con.KafkaVersionService] (main) No Kafka version specified. Using latest release: 4.0.0
2025-08-13 16:41:42,405 INFO  [tc.qua.io/.111.0-k.0.0] (main) Pulling docker image: quay.io/strimzi-test-container/test-container:0.111.0-kafka-4.0.0. Please be patient; this may take some time but only needs to be done once.
2025-08-13 16:41:42,812 INFO  [tc.qua.io/.111.0-k.0.0] (docker-java-stream--29267298) Starting to pull image
2025-08-13 16:41:42,813 INFO  [tc.qua.io/.111.0-k.0.0] (docker-java-stream--29267298) Pulling image layers:  0 pending,  0 downloaded,  0 extracted, (0 bytes/0 bytes)
2025-08-13 16:41:43,416 INFO  [tc.qua.io/.111.0-k.0.0] (docker-java-stream--29267298) Pulling image layers:  6 pending,  1 downloaded,  0 extracted, (21 MB/? MB)
2025-08-13 16:41:43,587 INFO  [tc.qua.io/.111.0-k.0.0] (docker-java-stream--29267298) Pulling image layers:  5 pending,  2 downloaded,  0 extracted, (42 MB/? MB)
2025-08-13 16:41:43,829 INFO  [tc.qua.io/.111.0-k.0.0] (docker-java-stream--29267298) Pulling image layers:  4 pending,  3 downloaded,  0 extracted, (74 MB/? MB)
2025-08-13 16:41:44,038 INFO  [tc.qua.io/.111.0-k.0.0] (docker-java-stream--29267298) Pulling image layers:  3 pending,  4 downloaded,  0 extracted, (125 MB/? MB)
2025-08-13 16:41:44,261 INFO  [tc.qua.io/.111.0-k.0.0] (docker-java-stream--29267298) Pulling image layers:  2 pending,  5 downloaded,  0 extracted, (178 MB/? MB)
2025-08-13 16:41:44,468 INFO  [tc.qua.io/.111.0-k.0.0] (docker-java-stream--29267298) Pulling image layers:  1 pending,  6 downloaded,  0 extracted, (215 MB/? MB)
2025-08-13 16:41:44,730 INFO  [tc.qua.io/.111.0-k.0.0] (docker-java-stream--29267298) Pulling image layers:  0 pending,  7 downloaded,  0 extracted, (225 MB/249 MB)
2025-08-13 16:41:45,072 INFO  [tc.qua.io/.111.0-k.0.0] (docker-java-stream--29267298) Pulling image layers:  0 pending,  7 downloaded,  1 extracted, (230 MB/249 MB)
2025-08-13 16:41:48,862 INFO  [tc.qua.io/.111.0-k.0.0] (docker-java-stream--29267298) Pulling image layers:  0 pending,  7 downloaded,  2 extracted, (231 MB/249 MB)
2025-08-13 16:41:48,903 INFO  [tc.qua.io/.111.0-k.0.0] (docker-java-stream--29267298) Pulling image layers:  0 pending,  7 downloaded,  3 extracted, (231 MB/249 MB)
2025-08-13 16:41:48,918 INFO  [tc.qua.io/.111.0-k.0.0] (docker-java-stream--29267298) Pulling image layers:  0 pending,  7 downloaded,  4 extracted, (231 MB/249 MB)
2025-08-13 16:41:50,014 INFO  [tc.qua.io/.111.0-k.0.0] (docker-java-stream--29267298) Pulling image layers:  0 pending,  7 downloaded,  5 extracted, (249 MB/249 MB)
2025-08-13 16:41:50,052 INFO  [tc.qua.io/.111.0-k.0.0] (docker-java-stream--29267298) Pulling image layers:  0 pending,  7 downloaded,  6 extracted, (249 MB/249 MB)
2025-08-13 16:41:50,072 INFO  [tc.qua.io/.111.0-k.0.0] (docker-java-stream--29267298) Pulling image layers:  0 pending,  7 downloaded,  7 extracted, (249 MB/249 MB)
2025-08-13 16:41:50,079 INFO  [tc.qua.io/.111.0-k.0.0] (docker-java-stream--29267298) Pull complete. 7 layers, pulled in 7s (downloaded 249 MB at 35 MB/s)
2025-08-13 16:41:50,079 INFO  [tc.qua.io/.111.0-k.0.0] (main) Image quay.io/strimzi-test-container/test-container:0.111.0-kafka-4.0.0 pull took PT7.673154674S
2025-08-13 16:41:50,083 INFO  [tc.qua.io/.111.0-k.0.0] (main) Creating container for image: quay.io/strimzi-test-container/test-container:0.111.0-kafka-4.0.0
2025-08-13 16:41:50,153 INFO  [tc.qua.io/.111.0-k.0.0] (main) Container quay.io/strimzi-test-container/test-container:0.111.0-kafka-4.0.0 is starting: e91199868eb2e09ba4c90da70eb3b6d0fcffae0a167ab0323f66251b23bb7ee8
2025-08-13 16:41:50,360 INFO  [io.str.tes.con.StrimziKafkaContainer] (main) Mapped port: 32769
2025-08-13 16:41:50,361 WARN  [io.str.tes.con.StrimziKafkaContainer] (main) Node ID is not set. Using broker ID 0 as the default node ID.
2025-08-13 16:41:50,361 INFO  [io.str.tes.con.StrimziKafkaContainer] (main) This is all advertised listeners for Kafka PLAINTEXT://localhost:32769,BROKER1://172.18.0.2:9091,CONTROLLER://broker-0:9094
2025-08-13 16:41:50,390 INFO  [io.str.tes.con.StrimziKafkaContainer] (main) New `cluster.id` has been generated: MGWopiWBQlear_SiqMs63w
2025-08-13 16:41:50,391 INFO  [io.str.tes.con.StrimziKafkaContainer] (main) Copying command to 'STARTER_SCRIPT' script.
2025-08-13 16:41:55,656 INFO  [tc.qua.io/.111.0-k.0.0] (main) Container quay.io/strimzi-test-container/test-container:0.111.0-kafka-4.0.0 started in PT5.573483691S
2025-08-13 16:41:55,658 INFO  [io.api.tes.uti.TestSeparator] (main) ############################################################################
2025-08-13 16:41:55,662 INFO  [io.api.tes.uti.TestSeparator] (main) io.apicurio.tests.serdes.apicurio.AvroSerdeIT.testGlobalIdInHeaders-STARTED
2025-08-13 16:41:55,683 INFO  [org.apa.kaf.cli.adm.AdminClientConfig] (main) AdminClientConfig values: 
	auto.include.jmx.reporter = true
	bootstrap.controllers = []
	bootstrap.servers = [PLAINTEXT://localhost:32769]
	client.dns.lookup = use_all_dns_ips
	client.id = 
	connections.max.idle.ms = 10000
	default.api.timeout.ms = 60000
	enable.metrics.push = true
	metadata.max.age.ms = 300000
	metadata.recovery.strategy = none
	metric.reporters = []
	metrics.num.samples = 2
	metrics.recording.level = INFO
	metrics.sample.window.ms = 30000
	receive.buffer.bytes = 65536
	reconnect.backoff.max.ms = 1000
	reconnect.backoff.ms = 50
	request.timeout.ms = 5000
	retries = 2147483647
	retry.backoff.max.ms = 1000
	retry.backoff.ms = 100
	sasl.client.callback.handler.class = null
	sasl.jaas.config = null
	sasl.kerberos.kinit.cmd = /usr/bin/kinit
	sasl.kerberos.min.time.before.relogin = 60000
	sasl.kerberos.service.name = null
	sasl.kerberos.ticket.renew.jitter = 0.05
	sasl.kerberos.ticket.renew.window.factor = 0.8
	sasl.login.callback.handler.class = null
	sasl.login.class = null
	sasl.login.connect.timeout.ms = null
	sasl.login.read.timeout.ms = null
	sasl.login.refresh.buffer.seconds = 300
	sasl.login.refresh.min.period.seconds = 60
	sasl.login.refresh.window.factor = 0.8
	sasl.login.refresh.window.jitter = 0.05
	sasl.login.retry.backoff.max.ms = 10000
	sasl.login.retry.backoff.ms = 100
	sasl.mechanism = GSSAPI
	sasl.oauthbearer.clock.skew.seconds = 30
	sasl.oauthbearer.expected.audience = null
	sasl.oauthbearer.expected.issuer = null
	sasl.oauthbearer.header.urlencode = false
	sasl.oauthbearer.jwks.endpoint.refresh.ms = 3600000
	sasl.oauthbearer.jwks.endpoint.retry.backoff.max.ms = 10000
	sasl.oauthbearer.jwks.endpoint.retry.backoff.ms = 100
	sasl.oauthbearer.jwks.endpoint.url = null
	sasl.oauthbearer.scope.claim.name = scope
	sasl.oauthbearer.sub.claim.name = sub
	sasl.oauthbearer.token.endpoint.url = null
	security.protocol = PLAINTEXT
	security.providers = null
	send.buffer.bytes = 131072
	socket.connection.setup.timeout.max.ms = 30000
	socket.connection.setup.timeout.ms = 10000
	ssl.cipher.suites = null
	ssl.enabled.protocols = [TLSv1.2, TLSv1.3]
	ssl.endpoint.identification.algorithm = https
	ssl.engine.factory.class = null
	ssl.key.password = null
	ssl.keymanager.algorithm = SunX509
	ssl.keystore.certificate.chain = null
	ssl.keystore.key = null
	ssl.keystore.location = null
	ssl.keystore.password = null
	ssl.keystore.type = JKS
	ssl.protocol = TLSv1.3
	ssl.provider = null
	ssl.secure.random.implementation = null
	ssl.trustmanager.algorithm = PKIX
	ssl.truststore.certificates = null
	ssl.truststore.location = null
	ssl.truststore.password = null
	ssl.truststore.type = JKS

2025-08-13 16:41:56,025 INFO  [org.apa.kaf.com.uti.AppInfoParser] (main) Kafka version: 3.9.1
2025-08-13 16:41:56,025 INFO  [org.apa.kaf.com.uti.AppInfoParser] (main) Kafka commitId: f745dfdcee2b9851
2025-08-13 16:41:56,025 INFO  [org.apa.kaf.com.uti.AppInfoParser] (main) Kafka startTimeMs: 1755103316024
**** Registry Base URL: http://registry-app-ksql047.apps.ci419.apicurio-testing.org:80
2025-08-13 16:41:56,084 INFO  [org.apa.kaf.cli.pro.ProducerConfig] (main) ProducerConfig values: 
	acks = -1
	auto.include.jmx.reporter = true
	batch.size = 16384
	bootstrap.servers = [PLAINTEXT://localhost:32769]
	buffer.memory = 33554432
	client.dns.lookup = use_all_dns_ips
	client.id = Producer-topic-28bbbef6_5580_4691_827c_b89465afe0b5
	compression.gzip.level = -1
	compression.lz4.level = 9
	compression.type = none
	compression.zstd.level = 3
	connections.max.idle.ms = 10000
	delivery.timeout.ms = 120000
	enable.idempotence = true
	enable.metrics.push = true
	interceptor.classes = []
	key.serializer = class org.apache.kafka.common.serialization.StringSerializer
	linger.ms = 0
	max.block.ms = 60000
	max.in.flight.requests.per.connection = 5
	max.request.size = 1048576
	metadata.max.age.ms = 300000
	metadata.max.idle.ms = 300000
	metadata.recovery.strategy = none
	metric.reporters = []
	metrics.num.samples = 2
	metrics.recording.level = INFO
	metrics.sample.window.ms = 30000
	partitioner.adaptive.partitioning.enable = true
	partitioner.availability.timeout.ms = 0
	partitioner.class = null
	partitioner.ignore.keys = false
	receive.buffer.bytes = 32768
	reconnect.backoff.max.ms = 1000
	reconnect.backoff.ms = 50
	request.timeout.ms = 5000
	retries = 2147483647
	retry.backoff.max.ms = 1000
	retry.backoff.ms = 100
	sasl.client.callback.handler.class = null
	sasl.jaas.config = null
	sasl.kerberos.kinit.cmd = /usr/bin/kinit
	sasl.kerberos.min.time.before.relogin = 60000
	sasl.kerberos.service.name = null
	sasl.kerberos.ticket.renew.jitter = 0.05
	sasl.kerberos.ticket.renew.window.factor = 0.8
	sasl.login.callback.handler.class = null
	sasl.login.class = null
	sasl.login.connect.timeout.ms = null
	sasl.login.read.timeout.ms = null
	sasl.login.refresh.buffer.seconds = 300
	sasl.login.refresh.min.period.seconds = 60
	sasl.login.refresh.window.factor = 0.8
	sasl.login.refresh.window.jitter = 0.05
	sasl.login.retry.backoff.max.ms = 10000
	sasl.login.retry.backoff.ms = 100
	sasl.mechanism = GSSAPI
	sasl.oauthbearer.clock.skew.seconds = 30
	sasl.oauthbearer.expected.audience = null
	sasl.oauthbearer.expected.issuer = null
	sasl.oauthbearer.header.urlencode = false
	sasl.oauthbearer.jwks.endpoint.refresh.ms = 3600000
	sasl.oauthbearer.jwks.endpoint.retry.backoff.max.ms = 10000
	sasl.oauthbearer.jwks.endpoint.retry.backoff.ms = 100
	sasl.oauthbearer.jwks.endpoint.url = null
	sasl.oauthbearer.scope.claim.name = scope
	sasl.oauthbearer.sub.claim.name = sub
	sasl.oauthbearer.token.endpoint.url = null
	security.protocol = PLAINTEXT
	security.providers = null
	send.buffer.bytes = 131072
	socket.connection.setup.timeout.max.ms = 30000
	socket.connection.setup.timeout.ms = 10000
	ssl.cipher.suites = null
	ssl.enabled.protocols = [TLSv1.2, TLSv1.3]
	ssl.endpoint.identification.algorithm = https
	ssl.engine.factory.class = null
	ssl.key.password = null
	ssl.keymanager.algorithm = SunX509
	ssl.keystore.certificate.chain = null
	ssl.keystore.key = null
	ssl.keystore.location = null
	ssl.keystore.password = null
	ssl.keystore.type = JKS
	ssl.protocol = TLSv1.3
	ssl.provider = null
	ssl.secure.random.implementation = null
	ssl.trustmanager.algorithm = PKIX
	ssl.truststore.certificates = null
	ssl.truststore.location = null
	ssl.truststore.password = null
	ssl.truststore.type = JKS
	transaction.timeout.ms = 60000
	transactional.id = null
	value.serializer = class io.apicurio.registry.serde.avro.AvroKafkaSerializer

2025-08-13 16:41:56,125 INFO  [org.apa.kaf.com.tel.int.KafkaMetricsCollector] (main) initializing Kafka metrics collector
2025-08-13 16:41:56,155 INFO  [org.apa.kaf.cli.pro.KafkaProducer] (main) [Producer clientId=Producer-topic-28bbbef6_5580_4691_827c_b89465afe0b5] Instantiated an idempotent producer.
2025-08-13 16:41:56,208 INFO  [org.apa.kaf.cli.pro.ProducerConfig] (main) These configurations '[apicurio.registry.url, apicurio.registry.auto-register, apicurio.registry.use-id, apicurio.registry.artifact-resolver-strategy]' were supplied but are not used yet.
2025-08-13 16:41:56,208 INFO  [org.apa.kaf.com.uti.AppInfoParser] (main) Kafka version: 3.9.1
2025-08-13 16:41:56,208 INFO  [org.apa.kaf.com.uti.AppInfoParser] (main) Kafka commitId: f745dfdcee2b9851
2025-08-13 16:41:56,208 INFO  [org.apa.kaf.com.uti.AppInfoParser] (main) Kafka startTimeMs: 1755103316208
2025-08-13 16:41:56,209 INFO  [io.api.tes.ser.api.SimpleSerdesTesterBuilder$SimpleSerdesTester] (main) Using producer configuration: {apicurio.registry.url=http://registry-app-ksql047.apps.ci419.apicurio-testing.org:80/apis/registry/v3, apicurio.registry.auto-register=true, apicurio.registry.use-id=globalId, apicurio.registry.artifact-resolver-strategy=io.apicurio.registry.serde.strategy.TopicIdStrategy, value.serializer=io.apicurio.registry.serde.avro.AvroKafkaSerializer, request.timeout.ms=5000, acks=all, bootstrap.servers=PLAINTEXT://localhost:32769, connections.max.idle.ms=10000, key.serializer=org.apache.kafka.common.serialization.StringSerializer, client.id=Producer-topic-28bbbef6_5580_4691_827c_b89465afe0b5}
2025-08-13 16:41:56,209 INFO  [io.api.tes.ser.api.SimpleSerdesTesterBuilder$SimpleSerdesTester] (main) Using consumer configuration: {apicurio.registry.use-id=globalId}
2025-08-13 16:41:56,217 INFO  [io.api.tes.ser.api.KafkaSerdesTester] (Thread-600) Sending message {"key11755103316056": "value-0"} to topic topic-28bbbef6_5580_4691_827c_b89465afe0b5
2025-08-13 16:41:56,609 WARN  [org.apa.kaf.cli.NetworkClient] (kafka-producer-network-thread | Producer-topic-28bbbef6_5580_4691_827c_b89465afe0b5) [Producer clientId=Producer-topic-28bbbef6_5580_4691_827c_b89465afe0b5] The metadata response from the cluster reported a recoverable issue with correlation id 1 : {topic-28bbbef6_5580_4691_827c_b89465afe0b5=UNKNOWN_TOPIC_OR_PARTITION}
2025-08-13 16:41:56,612 INFO  [org.apa.kaf.cli.Metadata] (kafka-producer-network-thread | Producer-topic-28bbbef6_5580_4691_827c_b89465afe0b5) [Producer clientId=Producer-topic-28bbbef6_5580_4691_827c_b89465afe0b5] Cluster ID: MGWopiWBQlear_SiqMs63w
2025-08-13 16:41:56,746 INFO  [org.apa.kaf.cli.pro.int.TransactionManager] (kafka-producer-network-thread | Producer-topic-28bbbef6_5580_4691_827c_b89465afe0b5) [Producer clientId=Producer-topic-28bbbef6_5580_4691_827c_b89465afe0b5] ProducerId set to 0 with epoch 0
2025-08-13 16:41:56,935 INFO  [io.api.tes.ser.api.KafkaSerdesTester] (Thread-600) Sending message {"key11755103316056": "value-1"} to topic topic-28bbbef6_5580_4691_827c_b89465afe0b5
2025-08-13 16:41:56,951 INFO  [io.api.tes.ser.api.KafkaSerdesTester] (Thread-600) Sending message {"key11755103316056": "value-2"} to topic topic-28bbbef6_5580_4691_827c_b89465afe0b5
2025-08-13 16:41:56,961 INFO  [io.api.tes.ser.api.KafkaSerdesTester] (Thread-600) Sending message {"key11755103316056": "value-3"} to topic topic-28bbbef6_5580_4691_827c_b89465afe0b5
2025-08-13 16:41:56,965 INFO  [io.api.tes.ser.api.KafkaSerdesTester] (Thread-600) Sending message {"key11755103316056": "value-4"} to topic topic-28bbbef6_5580_4691_827c_b89465afe0b5
2025-08-13 16:41:56,968 INFO  [io.api.tes.ser.api.KafkaSerdesTester] (Thread-600) Sending message {"key11755103316056": "value-5"} to topic topic-28bbbef6_5580_4691_827c_b89465afe0b5
2025-08-13 16:41:56,977 INFO  [io.api.tes.ser.api.KafkaSerdesTester] (Thread-600) Sending message {"key11755103316056": "value-6"} to topic topic-28bbbef6_5580_4691_827c_b89465afe0b5
2025-08-13 16:41:56,987 INFO  [io.api.tes.ser.api.KafkaSerdesTester] (Thread-600) Sending message {"key11755103316056": "value-7"} to topic topic-28bbbef6_5580_4691_827c_b89465afe0b5
2025-08-13 16:41:56,994 INFO  [io.api.tes.ser.api.KafkaSerdesTester] (Thread-600) Sending message {"key11755103316056": "value-8"} to topic topic-28bbbef6_5580_4691_827c_b89465afe0b5
2025-08-13 16:41:57,000 INFO  [io.api.tes.ser.api.KafkaSerdesTester] (Thread-600) Sending message {"key11755103316056": "value-9"} to topic topic-28bbbef6_5580_4691_827c_b89465afe0b5
2025-08-13 16:41:57,009 INFO  [io.api.tes.ser.api.KafkaSerdesTester] (Thread-600) Produced 10 messages
2025-08-13 16:41:57,010 INFO  [org.apa.kaf.cli.pro.KafkaProducer] (Thread-600) [Producer clientId=Producer-topic-28bbbef6_5580_4691_827c_b89465afe0b5] Closing the Kafka producer with timeoutMillis = 9223372036854775807 ms.
2025-08-13 16:41:57,031 INFO  [org.apa.kaf.com.met.Metrics] (Thread-600) Metrics scheduler closed
2025-08-13 16:41:57,031 INFO  [org.apa.kaf.com.met.Metrics] (Thread-600) Closing reporter org.apache.kafka.common.metrics.JmxReporter
2025-08-13 16:41:57,031 INFO  [org.apa.kaf.com.met.Metrics] (Thread-600) Closing reporter org.apache.kafka.common.telemetry.internals.ClientTelemetryReporter
2025-08-13 16:41:57,031 INFO  [org.apa.kaf.com.met.Metrics] (Thread-600) Metrics reporters closed
2025-08-13 16:41:57,036 INFO  [org.apa.kaf.com.uti.AppInfoParser] (Thread-600) App info kafka.producer for Producer-topic-28bbbef6_5580_4691_827c_b89465afe0b5 unregistered
**** Registry Base URL: http://registry-app-ksql047.apps.ci419.apicurio-testing.org:80
2025-08-13 16:41:57,092 INFO  [org.apa.kaf.cli.con.ConsumerConfig] (main) ConsumerConfig values: 
	allow.auto.create.topics = true
	auto.commit.interval.ms = 500
	auto.include.jmx.reporter = true
	auto.offset.reset = earliest
	bootstrap.servers = [PLAINTEXT://localhost:32769]
	check.crcs = true
	client.dns.lookup = use_all_dns_ips
	client.id = consumer-Consumer-topic-28bbbef6_5580_4691_827c_b89465afe0b5-1
	client.rack = 
	connections.max.idle.ms = 10000
	default.api.timeout.ms = 60000
	enable.auto.commit = true
	enable.metrics.push = true
	exclude.internal.topics = true
	fetch.max.bytes = 52428800
	fetch.max.wait.ms = 500
	fetch.min.bytes = 1
	group.id = Consumer-topic-28bbbef6_5580_4691_827c_b89465afe0b5
	group.instance.id = null
	group.protocol = classic
	group.remote.assignor = null
	heartbeat.interval.ms = 3000
	interceptor.classes = []
	internal.leave.group.on.close = true
	internal.throw.on.fetch.stable.offset.unsupported = false
	isolation.level = read_uncommitted
	key.deserializer = class org.apache.kafka.common.serialization.StringDeserializer
	max.partition.fetch.bytes = 1048576
	max.poll.interval.ms = 300000
	max.poll.records = 500
	metadata.max.age.ms = 300000
	metadata.recovery.strategy = none
	metric.reporters = []
	metrics.num.samples = 2
	metrics.recording.level = INFO
	metrics.sample.window.ms = 30000
	partition.assignment.strategy = [class org.apache.kafka.clients.consumer.RangeAssignor, class org.apache.kafka.clients.consumer.CooperativeStickyAssignor]
	receive.buffer.bytes = 65536
	reconnect.backoff.max.ms = 1000
	reconnect.backoff.ms = 50
	request.timeout.ms = 5000
	retry.backoff.max.ms = 1000
	retry.backoff.ms = 100
	sasl.client.callback.handler.class = null
	sasl.jaas.config = null
	sasl.kerberos.kinit.cmd = /usr/bin/kinit
	sasl.kerberos.min.time.before.relogin = 60000
	sasl.kerberos.service.name = null
	sasl.kerberos.ticket.renew.jitter = 0.05
	sasl.kerberos.ticket.renew.window.factor = 0.8
	sasl.login.callback.handler.class = null
	sasl.login.class = null
	sasl.login.connect.timeout.ms = null
	sasl.login.read.timeout.ms = null
	sasl.login.refresh.buffer.seconds = 300
	sasl.login.refresh.min.period.seconds = 60
	sasl.login.refresh.window.factor = 0.8
	sasl.login.refresh.window.jitter = 0.05
	sasl.login.retry.backoff.max.ms = 10000
	sasl.login.retry.backoff.ms = 100
	sasl.mechanism = GSSAPI
	sasl.oauthbearer.clock.skew.seconds = 30
	sasl.oauthbearer.expected.audience = null
	sasl.oauthbearer.expected.issuer = null
	sasl.oauthbearer.header.urlencode = false
	sasl.oauthbearer.jwks.endpoint.refresh.ms = 3600000
	sasl.oauthbearer.jwks.endpoint.retry.backoff.max.ms = 10000
	sasl.oauthbearer.jwks.endpoint.retry.backoff.ms = 100
	sasl.oauthbearer.jwks.endpoint.url = null
	sasl.oauthbearer.scope.claim.name = scope
	sasl.oauthbearer.sub.claim.name = sub
	sasl.oauthbearer.token.endpoint.url = null
	security.protocol = PLAINTEXT
	security.providers = null
	send.buffer.bytes = 131072
	session.timeout.ms = 45000
	socket.connection.setup.timeout.max.ms = 30000
	socket.connection.setup.timeout.ms = 10000
	ssl.cipher.suites = null
	ssl.enabled.protocols = [TLSv1.2, TLSv1.3]
	ssl.endpoint.identification.algorithm = https
	ssl.engine.factory.class = null
	ssl.key.password = null
	ssl.keymanager.algorithm = SunX509
	ssl.keystore.certificate.chain = null
	ssl.keystore.key = null
	ssl.keystore.location = null
	ssl.keystore.password = null
	ssl.keystore.type = JKS
	ssl.protocol = TLSv1.3
	ssl.provider = null
	ssl.secure.random.implementation = null
	ssl.trustmanager.algorithm = PKIX
	ssl.truststore.certificates = null
	ssl.truststore.location = null
	ssl.truststore.password = null
	ssl.truststore.type = JKS
	value.deserializer = class io.apicurio.registry.serde.avro.AvroKafkaDeserializer

2025-08-13 16:41:57,115 INFO  [org.apa.kaf.com.tel.int.KafkaMetricsCollector] (main) initializing Kafka metrics collector
2025-08-13 16:41:57,210 INFO  [org.apa.kaf.cli.con.ConsumerConfig] (main) These configurations '[apicurio.registry.url, apicurio.registry.use-id]' were supplied but are not used yet.
2025-08-13 16:41:57,210 INFO  [org.apa.kaf.com.uti.AppInfoParser] (main) Kafka version: 3.9.1
2025-08-13 16:41:57,210 INFO  [org.apa.kaf.com.uti.AppInfoParser] (main) Kafka commitId: f745dfdcee2b9851
2025-08-13 16:41:57,210 INFO  [org.apa.kaf.com.uti.AppInfoParser] (main) Kafka startTimeMs: 1755103317210
2025-08-13 16:41:57,214 INFO  [org.apa.kaf.cli.con.int.ClassicKafkaConsumer] (Thread-603) [Consumer clientId=consumer-Consumer-topic-28bbbef6_5580_4691_827c_b89465afe0b5-1, groupId=Consumer-topic-28bbbef6_5580_4691_827c_b89465afe0b5] Subscribed to topic(s): topic-28bbbef6_5580_4691_827c_b89465afe0b5
2025-08-13 16:41:57,228 INFO  [org.apa.kaf.cli.Metadata] (Thread-603) [Consumer clientId=consumer-Consumer-topic-28bbbef6_5580_4691_827c_b89465afe0b5-1, groupId=Consumer-topic-28bbbef6_5580_4691_827c_b89465afe0b5] Cluster ID: MGWopiWBQlear_SiqMs63w
2025-08-13 16:41:57,412 INFO  [org.apa.kaf.cli.con.int.ConsumerCoordinator] (Thread-603) [Consumer clientId=consumer-Consumer-topic-28bbbef6_5580_4691_827c_b89465afe0b5-1, groupId=Consumer-topic-28bbbef6_5580_4691_827c_b89465afe0b5] Discovered group coordinator localhost:32769 (id: 2147483647 rack: null)
2025-08-13 16:41:57,426 INFO  [org.apa.kaf.cli.con.int.ConsumerCoordinator] (Thread-603) [Consumer clientId=consumer-Consumer-topic-28bbbef6_5580_4691_827c_b89465afe0b5-1, groupId=Consumer-topic-28bbbef6_5580_4691_827c_b89465afe0b5] (Re-)joining group
2025-08-13 16:41:57,470 INFO  [org.apa.kaf.cli.con.int.ConsumerCoordinator] (Thread-603) [Consumer clientId=consumer-Consumer-topic-28bbbef6_5580_4691_827c_b89465afe0b5-1, groupId=Consumer-topic-28bbbef6_5580_4691_827c_b89465afe0b5] Group coordinator localhost:32769 (id: 2147483647 rack: null) is unavailable or invalid due to cause: error response NOT_COORDINATOR. isDisconnected: false. Rediscovery will be attempted.
2025-08-13 16:41:57,470 INFO  [org.apa.kaf.cli.con.int.ConsumerCoordinator] (Thread-603) [Consumer clientId=consumer-Consumer-topic-28bbbef6_5580_4691_827c_b89465afe0b5-1, groupId=Consumer-topic-28bbbef6_5580_4691_827c_b89465afe0b5] Requesting disconnect from last known coordinator localhost:32769 (id: 2147483647 rack: null)
2025-08-13 16:41:57,470 INFO  [org.apa.kaf.cli.con.int.ConsumerCoordinator] (Thread-603) [Consumer clientId=consumer-Consumer-topic-28bbbef6_5580_4691_827c_b89465afe0b5-1, groupId=Consumer-topic-28bbbef6_5580_4691_827c_b89465afe0b5] JoinGroup failed: This is not the correct coordinator. Marking coordinator unknown. Sent generation was Generation{generationId=-1, memberId='', protocol='null'}
2025-08-13 16:41:57,472 INFO  [org.apa.kaf.cli.NetworkClient] (Thread-603) [Consumer clientId=consumer-Consumer-topic-28bbbef6_5580_4691_827c_b89465afe0b5-1, groupId=Consumer-topic-28bbbef6_5580_4691_827c_b89465afe0b5] Client requested disconnect from node 2147483647
2025-08-13 16:41:57,489 INFO  [org.apa.kaf.cli.con.int.ConsumerCoordinator] (Thread-603) [Consumer clientId=consumer-Consumer-topic-28bbbef6_5580_4691_827c_b89465afe0b5-1, groupId=Consumer-topic-28bbbef6_5580_4691_827c_b89465afe0b5] Discovered group coordinator localhost:32769 (id: 2147483647 rack: null)
2025-08-13 16:41:57,489 INFO  [org.apa.kaf.cli.con.int.ConsumerCoordinator] (Thread-603) [Consumer clientId=consumer-Consumer-topic-28bbbef6_5580_4691_827c_b89465afe0b5-1, groupId=Consumer-topic-28bbbef6_5580_4691_827c_b89465afe0b5] Group coordinator localhost:32769 (id: 2147483647 rack: null) is unavailable or invalid due to cause: coordinator unavailable. isDisconnected: false. Rediscovery will be attempted.
2025-08-13 16:41:57,489 INFO  [org.apa.kaf.cli.con.int.ConsumerCoordinator] (Thread-603) [Consumer clientId=consumer-Consumer-topic-28bbbef6_5580_4691_827c_b89465afe0b5-1, groupId=Consumer-topic-28bbbef6_5580_4691_827c_b89465afe0b5] Requesting disconnect from last known coordinator localhost:32769 (id: 2147483647 rack: null)
2025-08-13 16:41:57,587 INFO  [org.apa.kaf.cli.con.int.ConsumerCoordinator] (Thread-603) [Consumer clientId=consumer-Consumer-topic-28bbbef6_5580_4691_827c_b89465afe0b5-1, groupId=Consumer-topic-28bbbef6_5580_4691_827c_b89465afe0b5] Discovered group coordinator localhost:32769 (id: 2147483647 rack: null)
2025-08-13 16:41:57,591 INFO  [org.apa.kaf.cli.con.int.ConsumerCoordinator] (Thread-603) [Consumer clientId=consumer-Consumer-topic-28bbbef6_5580_4691_827c_b89465afe0b5-1, groupId=Consumer-topic-28bbbef6_5580_4691_827c_b89465afe0b5] Request joining group due to: rebalance failed due to 'This is not the correct coordinator.' (NotCoordinatorException)
2025-08-13 16:41:57,592 INFO  [org.apa.kaf.cli.con.int.ConsumerCoordinator] (Thread-603) [Consumer clientId=consumer-Consumer-topic-28bbbef6_5580_4691_827c_b89465afe0b5-1, groupId=Consumer-topic-28bbbef6_5580_4691_827c_b89465afe0b5] (Re-)joining group
2025-08-13 16:41:57,599 INFO  [org.apa.kaf.cli.con.int.ConsumerCoordinator] (Thread-603) [Consumer clientId=consumer-Consumer-topic-28bbbef6_5580_4691_827c_b89465afe0b5-1, groupId=Consumer-topic-28bbbef6_5580_4691_827c_b89465afe0b5] Group coordinator localhost:32769 (id: 2147483647 rack: null) is unavailable or invalid due to cause: error response NOT_COORDINATOR. isDisconnected: false. Rediscovery will be attempted.
2025-08-13 16:41:57,600 INFO  [org.apa.kaf.cli.con.int.ConsumerCoordinator] (Thread-603) [Consumer clientId=consumer-Consumer-topic-28bbbef6_5580_4691_827c_b89465afe0b5-1, groupId=Consumer-topic-28bbbef6_5580_4691_827c_b89465afe0b5] Requesting disconnect from last known coordinator localhost:32769 (id: 2147483647 rack: null)
2025-08-13 16:41:57,600 INFO  [org.apa.kaf.cli.con.int.ConsumerCoordinator] (Thread-603) [Consumer clientId=consumer-Consumer-topic-28bbbef6_5580_4691_827c_b89465afe0b5-1, groupId=Consumer-topic-28bbbef6_5580_4691_827c_b89465afe0b5] JoinGroup failed: This is not the correct coordinator. Marking coordinator unknown. Sent generation was Generation{generationId=-1, memberId='', protocol='null'}
2025-08-13 16:41:57,600 INFO  [org.apa.kaf.cli.NetworkClient] (Thread-603) [Consumer clientId=consumer-Consumer-topic-28bbbef6_5580_4691_827c_b89465afe0b5-1, groupId=Consumer-topic-28bbbef6_5580_4691_827c_b89465afe0b5] Client requested disconnect from node 2147483647
2025-08-13 16:41:57,608 INFO  [org.apa.kaf.cli.con.int.ConsumerCoordinator] (Thread-603) [Consumer clientId=consumer-Consumer-topic-28bbbef6_5580_4691_827c_b89465afe0b5-1, groupId=Consumer-topic-28bbbef6_5580_4691_827c_b89465afe0b5] Discovered group coordinator localhost:32769 (id: 2147483647 rack: null)
2025-08-13 16:41:57,611 INFO  [org.apa.kaf.cli.con.int.ConsumerCoordinator] (Thread-603) [Consumer clientId=consumer-Consumer-topic-28bbbef6_5580_4691_827c_b89465afe0b5-1, groupId=Consumer-topic-28bbbef6_5580_4691_827c_b89465afe0b5] Group coordinator localhost:32769 (id: 2147483647 rack: null) is unavailable or invalid due to cause: coordinator unavailable. isDisconnected: false. Rediscovery will be attempted.
2025-08-13 16:41:57,611 INFO  [org.apa.kaf.cli.con.int.ConsumerCoordinator] (Thread-603) [Consumer clientId=consumer-Consumer-topic-28bbbef6_5580_4691_827c_b89465afe0b5-1, groupId=Consumer-topic-28bbbef6_5580_4691_827c_b89465afe0b5] Requesting disconnect from last known coordinator localhost:32769 (id: 2147483647 rack: null)
2025-08-13 16:41:57,707 INFO  [org.apa.kaf.cli.con.int.ConsumerCoordinator] (Thread-603) [Consumer clientId=consumer-Consumer-topic-28bbbef6_5580_4691_827c_b89465afe0b5-1, groupId=Consumer-topic-28bbbef6_5580_4691_827c_b89465afe0b5] Discovered group coordinator localhost:32769 (id: 2147483647 rack: null)
2025-08-13 16:41:57,709 INFO  [org.apa.kaf.cli.con.int.ConsumerCoordinator] (Thread-603) [Consumer clientId=consumer-Consumer-topic-28bbbef6_5580_4691_827c_b89465afe0b5-1, groupId=Consumer-topic-28bbbef6_5580_4691_827c_b89465afe0b5] Request joining group due to: rebalance failed due to 'This is not the correct coordinator.' (NotCoordinatorException)
2025-08-13 16:41:57,710 INFO  [org.apa.kaf.cli.con.int.ConsumerCoordinator] (Thread-603) [Consumer clientId=consumer-Consumer-topic-28bbbef6_5580_4691_827c_b89465afe0b5-1, groupId=Consumer-topic-28bbbef6_5580_4691_827c_b89465afe0b5] (Re-)joining group
2025-08-13 16:41:57,720 INFO  [org.apa.kaf.cli.con.int.ConsumerCoordinator] (Thread-603) [Consumer clientId=consumer-Consumer-topic-28bbbef6_5580_4691_827c_b89465afe0b5-1, groupId=Consumer-topic-28bbbef6_5580_4691_827c_b89465afe0b5] Group coordinator localhost:32769 (id: 2147483647 rack: null) is unavailable or invalid due to cause: error response NOT_COORDINATOR. isDisconnected: false. Rediscovery will be attempted.
2025-08-13 16:41:57,720 INFO  [org.apa.kaf.cli.con.int.ConsumerCoordinator] (Thread-603) [Consumer clientId=consumer-Consumer-topic-28bbbef6_5580_4691_827c_b89465afe0b5-1, groupId=Consumer-topic-28bbbef6_5580_4691_827c_b89465afe0b5] Requesting disconnect from last known coordinator localhost:32769 (id: 2147483647 rack: null)
2025-08-13 16:41:57,720 INFO  [org.apa.kaf.cli.con.int.ConsumerCoordinator] (Thread-603) [Consumer clientId=consumer-Consumer-topic-28bbbef6_5580_4691_827c_b89465afe0b5-1, groupId=Consumer-topic-28bbbef6_5580_4691_827c_b89465afe0b5] JoinGroup failed: This is not the correct coordinator. Marking coordinator unknown. Sent generation was Generation{generationId=-1, memberId='', protocol='null'}
2025-08-13 16:41:57,720 INFO  [org.apa.kaf.cli.NetworkClient] (Thread-603) [Consumer clientId=consumer-Consumer-topic-28bbbef6_5580_4691_827c_b89465afe0b5-1, groupId=Consumer-topic-28bbbef6_5580_4691_827c_b89465afe0b5] Client requested disconnect from node 2147483647
2025-08-13 16:41:57,726 INFO  [org.apa.kaf.cli.con.int.ConsumerCoordinator] (Thread-603) [Consumer clientId=consumer-Consumer-topic-28bbbef6_5580_4691_827c_b89465afe0b5-1, groupId=Consumer-topic-28bbbef6_5580_4691_827c_b89465afe0b5] Discovered group coordinator localhost:32769 (id: 2147483647 rack: null)
2025-08-13 16:41:57,727 INFO  [org.apa.kaf.cli.con.int.ConsumerCoordinator] (Thread-603) [Consumer clientId=consumer-Consumer-topic-28bbbef6_5580_4691_827c_b89465afe0b5-1, groupId=Consumer-topic-28bbbef6_5580_4691_827c_b89465afe0b5] Group coordinator localhost:32769 (id: 2147483647 rack: null) is unavailable or invalid due to cause: coordinator unavailable. isDisconnected: false. Rediscovery will be attempted.
2025-08-13 16:41:57,727 INFO  [org.apa.kaf.cli.con.int.ConsumerCoordinator] (Thread-603) [Consumer clientId=consumer-Consumer-topic-28bbbef6_5580_4691_827c_b89465afe0b5-1, groupId=Consumer-topic-28bbbef6_5580_4691_827c_b89465afe0b5] Requesting disconnect from last known coordinator localhost:32769 (id: 2147483647 rack: null)
2025-08-13 16:41:57,833 INFO  [org.apa.kaf.cli.con.int.ConsumerCoordinator] (Thread-603) [Consumer clientId=consumer-Consumer-topic-28bbbef6_5580_4691_827c_b89465afe0b5-1, groupId=Consumer-topic-28bbbef6_5580_4691_827c_b89465afe0b5] Discovered group coordinator localhost:32769 (id: 2147483647 rack: null)
2025-08-13 16:41:57,836 INFO  [org.apa.kaf.cli.con.int.ConsumerCoordinator] (Thread-603) [Consumer clientId=consumer-Consumer-topic-28bbbef6_5580_4691_827c_b89465afe0b5-1, groupId=Consumer-topic-28bbbef6_5580_4691_827c_b89465afe0b5] Request joining group due to: rebalance failed due to 'This is not the correct coordinator.' (NotCoordinatorException)
2025-08-13 16:41:57,836 INFO  [org.apa.kaf.cli.con.int.ConsumerCoordinator] (Thread-603) [Consumer clientId=consumer-Consumer-topic-28bbbef6_5580_4691_827c_b89465afe0b5-1, groupId=Consumer-topic-28bbbef6_5580_4691_827c_b89465afe0b5] (Re-)joining group
2025-08-13 16:41:57,845 INFO  [org.apa.kaf.cli.con.int.ConsumerCoordinator] (Thread-603) [Consumer clientId=consumer-Consumer-topic-28bbbef6_5580_4691_827c_b89465afe0b5-1, groupId=Consumer-topic-28bbbef6_5580_4691_827c_b89465afe0b5] Group coordinator localhost:32769 (id: 2147483647 rack: null) is unavailable or invalid due to cause: error response NOT_COORDINATOR. isDisconnected: false. Rediscovery will be attempted.
2025-08-13 16:41:57,845 INFO  [org.apa.kaf.cli.con.int.ConsumerCoordinator] (Thread-603) [Consumer clientId=consumer-Consumer-topic-28bbbef6_5580_4691_827c_b89465afe0b5-1, groupId=Consumer-topic-28bbbef6_5580_4691_827c_b89465afe0b5] Requesting disconnect from last known coordinator localhost:32769 (id: 2147483647 rack: null)
2025-08-13 16:41:57,848 INFO  [org.apa.kaf.cli.con.int.ConsumerCoordinator] (Thread-603) [Consumer clientId=consumer-Consumer-topic-28bbbef6_5580_4691_827c_b89465afe0b5-1, groupId=Consumer-topic-28bbbef6_5580_4691_827c_b89465afe0b5] JoinGroup failed: This is not the correct coordinator. Marking coordinator unknown. Sent generation was Generation{generationId=-1, memberId='', protocol='null'}
2025-08-13 16:41:57,848 INFO  [org.apa.kaf.cli.NetworkClient] (Thread-603) [Consumer clientId=consumer-Consumer-topic-28bbbef6_5580_4691_827c_b89465afe0b5-1, groupId=Consumer-topic-28bbbef6_5580_4691_827c_b89465afe0b5] Client requested disconnect from node 2147483647
2025-08-13 16:41:57,855 INFO  [org.apa.kaf.cli.con.int.ConsumerCoordinator] (Thread-603) [Consumer clientId=consumer-Consumer-topic-28bbbef6_5580_4691_827c_b89465afe0b5-1, groupId=Consumer-topic-28bbbef6_5580_4691_827c_b89465afe0b5] Discovered group coordinator localhost:32769 (id: 2147483647 rack: null)
2025-08-13 16:41:57,855 INFO  [org.apa.kaf.cli.con.int.ConsumerCoordinator] (Thread-603) [Consumer clientId=consumer-Consumer-topic-28bbbef6_5580_4691_827c_b89465afe0b5-1, groupId=Consumer-topic-28bbbef6_5580_4691_827c_b89465afe0b5] Group coordinator localhost:32769 (id: 2147483647 rack: null) is unavailable or invalid due to cause: coordinator unavailable. isDisconnected: false. Rediscovery will be attempted.
2025-08-13 16:41:57,856 INFO  [org.apa.kaf.cli.con.int.ConsumerCoordinator] (Thread-603) [Consumer clientId=consumer-Consumer-topic-28bbbef6_5580_4691_827c_b89465afe0b5-1, groupId=Consumer-topic-28bbbef6_5580_4691_827c_b89465afe0b5] Requesting disconnect from last known coordinator localhost:32769 (id: 2147483647 rack: null)
2025-08-13 16:41:57,959 INFO  [org.apa.kaf.cli.con.int.ConsumerCoordinator] (Thread-603) [Consumer clientId=consumer-Consumer-topic-28bbbef6_5580_4691_827c_b89465afe0b5-1, groupId=Consumer-topic-28bbbef6_5580_4691_827c_b89465afe0b5] Discovered group coordinator localhost:32769 (id: 2147483647 rack: null)
2025-08-13 16:41:57,960 INFO  [org.apa.kaf.cli.con.int.ConsumerCoordinator] (Thread-603) [Consumer clientId=consumer-Consumer-topic-28bbbef6_5580_4691_827c_b89465afe0b5-1, groupId=Consumer-topic-28bbbef6_5580_4691_827c_b89465afe0b5] Request joining group due to: rebalance failed due to 'This is not the correct coordinator.' (NotCoordinatorException)
2025-08-13 16:41:57,962 INFO  [org.apa.kaf.cli.con.int.ConsumerCoordinator] (Thread-603) [Consumer clientId=consumer-Consumer-topic-28bbbef6_5580_4691_827c_b89465afe0b5-1, groupId=Consumer-topic-28bbbef6_5580_4691_827c_b89465afe0b5] (Re-)joining group
2025-08-13 16:41:57,983 INFO  [org.apa.kaf.cli.con.int.ConsumerCoordinator] (Thread-603) [Consumer clientId=consumer-Consumer-topic-28bbbef6_5580_4691_827c_b89465afe0b5-1, groupId=Consumer-topic-28bbbef6_5580_4691_827c_b89465afe0b5] Request joining group due to: need to re-join with the given member-id: consumer-Consumer-topic-28bbbef6_5580_4691_827c_b89465afe0b5-1-d1cfb345-f58f-45be-afba-991b1a4f635c
2025-08-13 16:41:57,983 INFO  [org.apa.kaf.cli.con.int.ConsumerCoordinator] (Thread-603) [Consumer clientId=consumer-Consumer-topic-28bbbef6_5580_4691_827c_b89465afe0b5-1, groupId=Consumer-topic-28bbbef6_5580_4691_827c_b89465afe0b5] (Re-)joining group
2025-08-13 16:41:58,215 INFO  [io.api.tes.ser.api.KafkaSerdesTester] (Thread-603) None found
2025-08-13 16:41:59,215 INFO  [io.api.tes.ser.api.KafkaSerdesTester] (Thread-603) None found
2025-08-13 16:42:00,215 INFO  [io.api.tes.ser.api.KafkaSerdesTester] (Thread-603) None found
2025-08-13 16:42:01,003 INFO  [org.apa.kaf.cli.con.int.ConsumerCoordinator] (Thread-603) [Consumer clientId=consumer-Consumer-topic-28bbbef6_5580_4691_827c_b89465afe0b5-1, groupId=Consumer-topic-28bbbef6_5580_4691_827c_b89465afe0b5] Successfully joined group with generation Generation{generationId=1, memberId='consumer-Consumer-topic-28bbbef6_5580_4691_827c_b89465afe0b5-1-d1cfb345-f58f-45be-afba-991b1a4f635c', protocol='range'}
2025-08-13 16:42:01,014 INFO  [org.apa.kaf.cli.con.int.ConsumerCoordinator] (Thread-603) [Consumer clientId=consumer-Consumer-topic-28bbbef6_5580_4691_827c_b89465afe0b5-1, groupId=Consumer-topic-28bbbef6_5580_4691_827c_b89465afe0b5] Finished assignment for group at generation 1: {consumer-Consumer-topic-28bbbef6_5580_4691_827c_b89465afe0b5-1-d1cfb345-f58f-45be-afba-991b1a4f635c=Assignment(partitions=[topic-28bbbef6_5580_4691_827c_b89465afe0b5-0])}
2025-08-13 16:42:01,032 INFO  [org.apa.kaf.cli.con.int.ConsumerCoordinator] (Thread-603) [Consumer clientId=consumer-Consumer-topic-28bbbef6_5580_4691_827c_b89465afe0b5-1, groupId=Consumer-topic-28bbbef6_5580_4691_827c_b89465afe0b5] Successfully synced group in generation Generation{generationId=1, memberId='consumer-Consumer-topic-28bbbef6_5580_4691_827c_b89465afe0b5-1-d1cfb345-f58f-45be-afba-991b1a4f635c', protocol='range'}
2025-08-13 16:42:01,032 INFO  [org.apa.kaf.cli.con.int.ConsumerCoordinator] (Thread-603) [Consumer clientId=consumer-Consumer-topic-28bbbef6_5580_4691_827c_b89465afe0b5-1, groupId=Consumer-topic-28bbbef6_5580_4691_827c_b89465afe0b5] Notifying assignor about the new Assignment(partitions=[topic-28bbbef6_5580_4691_827c_b89465afe0b5-0])
2025-08-13 16:42:01,038 INFO  [org.apa.kaf.cli.con.int.ConsumerRebalanceListenerInvoker] (Thread-603) [Consumer clientId=consumer-Consumer-topic-28bbbef6_5580_4691_827c_b89465afe0b5-1, groupId=Consumer-topic-28bbbef6_5580_4691_827c_b89465afe0b5] Adding newly assigned partitions: topic-28bbbef6_5580_4691_827c_b89465afe0b5-0
2025-08-13 16:42:01,053 INFO  [org.apa.kaf.cli.con.int.ConsumerCoordinator] (Thread-603) [Consumer clientId=consumer-Consumer-topic-28bbbef6_5580_4691_827c_b89465afe0b5-1, groupId=Consumer-topic-28bbbef6_5580_4691_827c_b89465afe0b5] Found no committed offset for partition topic-28bbbef6_5580_4691_827c_b89465afe0b5-0
2025-08-13 16:42:01,075 INFO  [org.apa.kaf.cli.con.int.SubscriptionState] (Thread-603) [Consumer clientId=consumer-Consumer-topic-28bbbef6_5580_4691_827c_b89465afe0b5-1, groupId=Consumer-topic-28bbbef6_5580_4691_827c_b89465afe0b5] Resetting offset for partition topic-28bbbef6_5580_4691_827c_b89465afe0b5-0 to position FetchPosition{offset=0, offsetEpoch=Optional.empty, currentLeader=LeaderAndEpoch{leader=Optional[localhost:32769 (id: 0 rack: null)], epoch=0}}.
2025-08-13 16:42:01,181 INFO  [io.api.tes.ser.api.KafkaSerdesTester] (Thread-603) topic-28bbbef6_5580_4691_827c_b89465afe0b5 0 0 {"key11755103316056": "value-0"}
2025-08-13 16:42:01,181 INFO  [io.api.tes.ser.api.KafkaSerdesTester] (Thread-603) topic-28bbbef6_5580_4691_827c_b89465afe0b5 0 1 {"key11755103316056": "value-1"}
2025-08-13 16:42:01,182 INFO  [io.api.tes.ser.api.KafkaSerdesTester] (Thread-603) topic-28bbbef6_5580_4691_827c_b89465afe0b5 0 2 {"key11755103316056": "value-2"}
2025-08-13 16:42:01,182 INFO  [io.api.tes.ser.api.KafkaSerdesTester] (Thread-603) topic-28bbbef6_5580_4691_827c_b89465afe0b5 0 3 {"key11755103316056": "value-3"}
2025-08-13 16:42:01,182 INFO  [io.api.tes.ser.api.KafkaSerdesTester] (Thread-603) topic-28bbbef6_5580_4691_827c_b89465afe0b5 0 4 {"key11755103316056": "value-4"}
2025-08-13 16:42:01,182 INFO  [io.api.tes.ser.api.KafkaSerdesTester] (Thread-603) topic-28bbbef6_5580_4691_827c_b89465afe0b5 0 5 {"key11755103316056": "value-5"}
2025-08-13 16:42:01,182 INFO  [io.api.tes.ser.api.KafkaSerdesTester] (Thread-603) topic-28bbbef6_5580_4691_827c_b89465afe0b5 0 6 {"key11755103316056": "value-6"}
2025-08-13 16:42:01,182 INFO  [io.api.tes.ser.api.KafkaSerdesTester] (Thread-603) topic-28bbbef6_5580_4691_827c_b89465afe0b5 0 7 {"key11755103316056": "value-7"}
2025-08-13 16:42:01,182 INFO  [io.api.tes.ser.api.KafkaSerdesTester] (Thread-603) topic-28bbbef6_5580_4691_827c_b89465afe0b5 0 8 {"key11755103316056": "value-8"}
2025-08-13 16:42:01,186 INFO  [io.api.tes.ser.api.KafkaSerdesTester] (Thread-603) topic-28bbbef6_5580_4691_827c_b89465afe0b5 0 9 {"key11755103316056": "value-9"}
2025-08-13 16:42:01,186 INFO  [io.api.tes.ser.api.KafkaSerdesTester] (Thread-603) Consumed 10 messages
2025-08-13 16:42:01,224 INFO  [org.apa.kaf.cli.con.int.ConsumerRebalanceListenerInvoker] (Thread-603) [Consumer clientId=consumer-Consumer-topic-28bbbef6_5580_4691_827c_b89465afe0b5-1, groupId=Consumer-topic-28bbbef6_5580_4691_827c_b89465afe0b5] Revoke previously assigned partitions topic-28bbbef6_5580_4691_827c_b89465afe0b5-0
2025-08-13 16:42:01,227 INFO  [org.apa.kaf.cli.con.int.ConsumerCoordinator] (Thread-603) [Consumer clientId=consumer-Consumer-topic-28bbbef6_5580_4691_827c_b89465afe0b5-1, groupId=Consumer-topic-28bbbef6_5580_4691_827c_b89465afe0b5] Member consumer-Consumer-topic-28bbbef6_5580_4691_827c_b89465afe0b5-1-d1cfb345-f58f-45be-afba-991b1a4f635c sending LeaveGroup request to coordinator localhost:32769 (id: 2147483647 rack: null) due to the consumer is being closed
2025-08-13 16:42:01,228 INFO  [org.apa.kaf.cli.con.int.ConsumerCoordinator] (Thread-603) [Consumer clientId=consumer-Consumer-topic-28bbbef6_5580_4691_827c_b89465afe0b5-1, groupId=Consumer-topic-28bbbef6_5580_4691_827c_b89465afe0b5] Resetting generation and member id due to: consumer pro-actively leaving the group
2025-08-13 16:42:01,228 INFO  [org.apa.kaf.cli.con.int.ConsumerCoordinator] (Thread-603) [Consumer clientId=consumer-Consumer-topic-28bbbef6_5580_4691_827c_b89465afe0b5-1, groupId=Consumer-topic-28bbbef6_5580_4691_827c_b89465afe0b5] Request joining group due to: consumer pro-actively leaving the group
2025-08-13 16:42:01,708 INFO  [org.apa.kaf.com.met.Metrics] (Thread-603) Metrics scheduler closed
2025-08-13 16:42:01,709 INFO  [org.apa.kaf.com.met.Metrics] (Thread-603) Closing reporter org.apache.kafka.common.metrics.JmxReporter
2025-08-13 16:42:01,709 INFO  [org.apa.kaf.com.met.Metrics] (Thread-603) Closing reporter org.apache.kafka.common.telemetry.internals.ClientTelemetryReporter
2025-08-13 16:42:01,709 INFO  [org.apa.kaf.com.met.Metrics] (Thread-603) Metrics reporters closed
2025-08-13 16:42:01,716 INFO  [org.apa.kaf.com.uti.AppInfoParser] (Thread-603) App info kafka.consumer for consumer-Consumer-topic-28bbbef6_5580_4691_827c_b89465afe0b5-1 unregistered
2025-08-13 16:42:01,716 INFO  [io.api.tes.uti.TestSeparator] (main) io.apicurio.tests.serdes.apicurio.AvroSerdeIT.testGlobalIdInHeaders-FINISHED
2025-08-13 16:42:01,716 INFO  [io.api.tes.uti.TestSeparator] (main) ############################################################################
Test passed: testGlobalIdInHeaders
]]></system-out>
  </testcase>
  <testcase name="testSimpleTopicIdStrategyFindLatest" classname="io.apicurio.tests.serdes.apicurio.AvroSerdeIT" time="4.848">
    <system-out><![CDATA[2025-08-13 16:42:01,718 INFO  [io.api.tes.uti.TestSeparator] (main) ############################################################################
2025-08-13 16:42:01,718 INFO  [io.api.tes.uti.TestSeparator] (main) io.apicurio.tests.serdes.apicurio.AvroSerdeIT.testSimpleTopicIdStrategyFindLatest-STARTED
2025-08-13 16:42:01,721 INFO  [io.api.tes.ser.api.AvroSerdeIT] (main) Registering Avro Schema: {"type":"record","name":"myrecordapicurio1","fields":[{"name":"key11755103321720","type":"string"}]}
**** Registry Base URL: http://registry-app-ksql047.apps.ci419.apicurio-testing.org:80
2025-08-13 16:42:02,837 INFO  [org.apa.kaf.cli.pro.ProducerConfig] (main) ProducerConfig values: 
	acks = -1
	auto.include.jmx.reporter = true
	batch.size = 16384
	bootstrap.servers = [PLAINTEXT://localhost:32769]
	buffer.memory = 33554432
	client.dns.lookup = use_all_dns_ips
	client.id = Producer-topic-a124c899_2fe7_406e_b78f_3cc3dc767e56
	compression.gzip.level = -1
	compression.lz4.level = 9
	compression.type = none
	compression.zstd.level = 3
	connections.max.idle.ms = 10000
	delivery.timeout.ms = 120000
	enable.idempotence = true
	enable.metrics.push = true
	interceptor.classes = []
	key.serializer = class org.apache.kafka.common.serialization.StringSerializer
	linger.ms = 0
	max.block.ms = 60000
	max.in.flight.requests.per.connection = 5
	max.request.size = 1048576
	metadata.max.age.ms = 300000
	metadata.max.idle.ms = 300000
	metadata.recovery.strategy = none
	metric.reporters = []
	metrics.num.samples = 2
	metrics.recording.level = INFO
	metrics.sample.window.ms = 30000
	partitioner.adaptive.partitioning.enable = true
	partitioner.availability.timeout.ms = 0
	partitioner.class = null
	partitioner.ignore.keys = false
	receive.buffer.bytes = 32768
	reconnect.backoff.max.ms = 1000
	reconnect.backoff.ms = 50
	request.timeout.ms = 5000
	retries = 2147483647
	retry.backoff.max.ms = 1000
	retry.backoff.ms = 100
	sasl.client.callback.handler.class = null
	sasl.jaas.config = null
	sasl.kerberos.kinit.cmd = /usr/bin/kinit
	sasl.kerberos.min.time.before.relogin = 60000
	sasl.kerberos.service.name = null
	sasl.kerberos.ticket.renew.jitter = 0.05
	sasl.kerberos.ticket.renew.window.factor = 0.8
	sasl.login.callback.handler.class = null
	sasl.login.class = null
	sasl.login.connect.timeout.ms = null
	sasl.login.read.timeout.ms = null
	sasl.login.refresh.buffer.seconds = 300
	sasl.login.refresh.min.period.seconds = 60
	sasl.login.refresh.window.factor = 0.8
	sasl.login.refresh.window.jitter = 0.05
	sasl.login.retry.backoff.max.ms = 10000
	sasl.login.retry.backoff.ms = 100
	sasl.mechanism = GSSAPI
	sasl.oauthbearer.clock.skew.seconds = 30
	sasl.oauthbearer.expected.audience = null
	sasl.oauthbearer.expected.issuer = null
	sasl.oauthbearer.header.urlencode = false
	sasl.oauthbearer.jwks.endpoint.refresh.ms = 3600000
	sasl.oauthbearer.jwks.endpoint.retry.backoff.max.ms = 10000
	sasl.oauthbearer.jwks.endpoint.retry.backoff.ms = 100
	sasl.oauthbearer.jwks.endpoint.url = null
	sasl.oauthbearer.scope.claim.name = scope
	sasl.oauthbearer.sub.claim.name = sub
	sasl.oauthbearer.token.endpoint.url = null
	security.protocol = PLAINTEXT
	security.providers = null
	send.buffer.bytes = 131072
	socket.connection.setup.timeout.max.ms = 30000
	socket.connection.setup.timeout.ms = 10000
	ssl.cipher.suites = null
	ssl.enabled.protocols = [TLSv1.2, TLSv1.3]
	ssl.endpoint.identification.algorithm = https
	ssl.engine.factory.class = null
	ssl.key.password = null
	ssl.keymanager.algorithm = SunX509
	ssl.keystore.certificate.chain = null
	ssl.keystore.key = null
	ssl.keystore.location = null
	ssl.keystore.password = null
	ssl.keystore.type = JKS
	ssl.protocol = TLSv1.3
	ssl.provider = null
	ssl.secure.random.implementation = null
	ssl.trustmanager.algorithm = PKIX
	ssl.truststore.certificates = null
	ssl.truststore.location = null
	ssl.truststore.password = null
	ssl.truststore.type = JKS
	transaction.timeout.ms = 60000
	transactional.id = null
	value.serializer = class io.apicurio.registry.serde.avro.AvroKafkaSerializer

2025-08-13 16:42:02,837 INFO  [org.apa.kaf.com.tel.int.KafkaMetricsCollector] (main) initializing Kafka metrics collector
2025-08-13 16:42:02,841 INFO  [org.apa.kaf.cli.pro.KafkaProducer] (main) [Producer clientId=Producer-topic-a124c899_2fe7_406e_b78f_3cc3dc767e56] Instantiated an idempotent producer.
2025-08-13 16:42:02,850 INFO  [org.apa.kaf.cli.pro.ProducerConfig] (main) These configurations '[apicurio.registry.find-latest, apicurio.registry.artifact.group-id, apicurio.registry.url, apicurio.registry.artifact-resolver-strategy]' were supplied but are not used yet.
2025-08-13 16:42:02,850 INFO  [org.apa.kaf.com.uti.AppInfoParser] (main) Kafka version: 3.9.1
2025-08-13 16:42:02,850 INFO  [org.apa.kaf.com.uti.AppInfoParser] (main) Kafka commitId: f745dfdcee2b9851
2025-08-13 16:42:02,851 INFO  [org.apa.kaf.com.uti.AppInfoParser] (main) Kafka startTimeMs: 1755103322850
2025-08-13 16:42:02,852 INFO  [io.api.tes.ser.api.SimpleSerdesTesterBuilder$SimpleSerdesTester] (main) Using producer configuration: {apicurio.registry.find-latest=true, apicurio.registry.artifact.group-id=topic-a124c899_2fe7_406e_b78f_3cc3dc767e56, apicurio.registry.url=http://registry-app-ksql047.apps.ci419.apicurio-testing.org:80/apis/registry/v3, apicurio.registry.artifact-resolver-strategy=io.apicurio.registry.serde.strategy.SimpleTopicIdStrategy, value.serializer=io.apicurio.registry.serde.avro.AvroKafkaSerializer, request.timeout.ms=5000, acks=all, bootstrap.servers=PLAINTEXT://localhost:32769, connections.max.idle.ms=10000, key.serializer=org.apache.kafka.common.serialization.StringSerializer, client.id=Producer-topic-a124c899_2fe7_406e_b78f_3cc3dc767e56}
2025-08-13 16:42:02,852 INFO  [io.api.tes.ser.api.SimpleSerdesTesterBuilder$SimpleSerdesTester] (main) Using consumer configuration: {}
2025-08-13 16:42:02,858 INFO  [io.api.tes.ser.api.KafkaSerdesTester] (Thread-606) Sending message {"key11755103321720": "value-0"} to topic topic-a124c899_2fe7_406e_b78f_3cc3dc767e56
2025-08-13 16:42:02,859 INFO  [org.apa.kaf.cli.Metadata] (kafka-producer-network-thread | Producer-topic-a124c899_2fe7_406e_b78f_3cc3dc767e56) [Producer clientId=Producer-topic-a124c899_2fe7_406e_b78f_3cc3dc767e56] Cluster ID: MGWopiWBQlear_SiqMs63w
2025-08-13 16:42:02,861 INFO  [org.apa.kaf.cli.pro.int.TransactionManager] (kafka-producer-network-thread | Producer-topic-a124c899_2fe7_406e_b78f_3cc3dc767e56) [Producer clientId=Producer-topic-a124c899_2fe7_406e_b78f_3cc3dc767e56] ProducerId set to 1 with epoch 0
2025-08-13 16:42:02,914 INFO  [io.api.tes.ser.api.KafkaSerdesTester] (Thread-606) Sending message {"key11755103321720": "value-1"} to topic topic-a124c899_2fe7_406e_b78f_3cc3dc767e56
2025-08-13 16:42:02,921 INFO  [io.api.tes.ser.api.KafkaSerdesTester] (Thread-606) Sending message {"key11755103321720": "value-2"} to topic topic-a124c899_2fe7_406e_b78f_3cc3dc767e56
2025-08-13 16:42:02,924 INFO  [io.api.tes.ser.api.KafkaSerdesTester] (Thread-606) Sending message {"key11755103321720": "value-3"} to topic topic-a124c899_2fe7_406e_b78f_3cc3dc767e56
2025-08-13 16:42:02,927 INFO  [io.api.tes.ser.api.KafkaSerdesTester] (Thread-606) Sending message {"key11755103321720": "value-4"} to topic topic-a124c899_2fe7_406e_b78f_3cc3dc767e56
2025-08-13 16:42:02,929 INFO  [io.api.tes.ser.api.KafkaSerdesTester] (Thread-606) Sending message {"key11755103321720": "value-5"} to topic topic-a124c899_2fe7_406e_b78f_3cc3dc767e56
2025-08-13 16:42:02,933 INFO  [io.api.tes.ser.api.KafkaSerdesTester] (Thread-606) Sending message {"key11755103321720": "value-6"} to topic topic-a124c899_2fe7_406e_b78f_3cc3dc767e56
2025-08-13 16:42:02,936 INFO  [io.api.tes.ser.api.KafkaSerdesTester] (Thread-606) Sending message {"key11755103321720": "value-7"} to topic topic-a124c899_2fe7_406e_b78f_3cc3dc767e56
2025-08-13 16:42:02,939 INFO  [io.api.tes.ser.api.KafkaSerdesTester] (Thread-606) Sending message {"key11755103321720": "value-8"} to topic topic-a124c899_2fe7_406e_b78f_3cc3dc767e56
2025-08-13 16:42:02,942 INFO  [io.api.tes.ser.api.KafkaSerdesTester] (Thread-606) Sending message {"key11755103321720": "value-9"} to topic topic-a124c899_2fe7_406e_b78f_3cc3dc767e56
2025-08-13 16:42:02,944 INFO  [io.api.tes.ser.api.KafkaSerdesTester] (Thread-606) Produced 10 messages
2025-08-13 16:42:02,944 INFO  [org.apa.kaf.cli.pro.KafkaProducer] (Thread-606) [Producer clientId=Producer-topic-a124c899_2fe7_406e_b78f_3cc3dc767e56] Closing the Kafka producer with timeoutMillis = 9223372036854775807 ms.
2025-08-13 16:42:02,952 INFO  [org.apa.kaf.com.met.Metrics] (Thread-606) Metrics scheduler closed
2025-08-13 16:42:02,952 INFO  [org.apa.kaf.com.met.Metrics] (Thread-606) Closing reporter org.apache.kafka.common.metrics.JmxReporter
2025-08-13 16:42:02,952 INFO  [org.apa.kaf.com.met.Metrics] (Thread-606) Closing reporter org.apache.kafka.common.telemetry.internals.ClientTelemetryReporter
2025-08-13 16:42:02,952 INFO  [org.apa.kaf.com.met.Metrics] (Thread-606) Metrics reporters closed
2025-08-13 16:42:02,952 INFO  [org.apa.kaf.com.uti.AppInfoParser] (Thread-606) App info kafka.producer for Producer-topic-a124c899_2fe7_406e_b78f_3cc3dc767e56 unregistered
**** Registry Base URL: http://registry-app-ksql047.apps.ci419.apicurio-testing.org:80
2025-08-13 16:42:02,954 INFO  [org.apa.kaf.cli.con.ConsumerConfig] (main) ConsumerConfig values: 
	allow.auto.create.topics = true
	auto.commit.interval.ms = 500
	auto.include.jmx.reporter = true
	auto.offset.reset = earliest
	bootstrap.servers = [PLAINTEXT://localhost:32769]
	check.crcs = true
	client.dns.lookup = use_all_dns_ips
	client.id = consumer-Consumer-topic-a124c899_2fe7_406e_b78f_3cc3dc767e56-2
	client.rack = 
	connections.max.idle.ms = 10000
	default.api.timeout.ms = 60000
	enable.auto.commit = true
	enable.metrics.push = true
	exclude.internal.topics = true
	fetch.max.bytes = 52428800
	fetch.max.wait.ms = 500
	fetch.min.bytes = 1
	group.id = Consumer-topic-a124c899_2fe7_406e_b78f_3cc3dc767e56
	group.instance.id = null
	group.protocol = classic
	group.remote.assignor = null
	heartbeat.interval.ms = 3000
	interceptor.classes = []
	internal.leave.group.on.close = true
	internal.throw.on.fetch.stable.offset.unsupported = false
	isolation.level = read_uncommitted
	key.deserializer = class org.apache.kafka.common.serialization.StringDeserializer
	max.partition.fetch.bytes = 1048576
	max.poll.interval.ms = 300000
	max.poll.records = 500
	metadata.max.age.ms = 300000
	metadata.recovery.strategy = none
	metric.reporters = []
	metrics.num.samples = 2
	metrics.recording.level = INFO
	metrics.sample.window.ms = 30000
	partition.assignment.strategy = [class org.apache.kafka.clients.consumer.RangeAssignor, class org.apache.kafka.clients.consumer.CooperativeStickyAssignor]
	receive.buffer.bytes = 65536
	reconnect.backoff.max.ms = 1000
	reconnect.backoff.ms = 50
	request.timeout.ms = 5000
	retry.backoff.max.ms = 1000
	retry.backoff.ms = 100
	sasl.client.callback.handler.class = null
	sasl.jaas.config = null
	sasl.kerberos.kinit.cmd = /usr/bin/kinit
	sasl.kerberos.min.time.before.relogin = 60000
	sasl.kerberos.service.name = null
	sasl.kerberos.ticket.renew.jitter = 0.05
	sasl.kerberos.ticket.renew.window.factor = 0.8
	sasl.login.callback.handler.class = null
	sasl.login.class = null
	sasl.login.connect.timeout.ms = null
	sasl.login.read.timeout.ms = null
	sasl.login.refresh.buffer.seconds = 300
	sasl.login.refresh.min.period.seconds = 60
	sasl.login.refresh.window.factor = 0.8
	sasl.login.refresh.window.jitter = 0.05
	sasl.login.retry.backoff.max.ms = 10000
	sasl.login.retry.backoff.ms = 100
	sasl.mechanism = GSSAPI
	sasl.oauthbearer.clock.skew.seconds = 30
	sasl.oauthbearer.expected.audience = null
	sasl.oauthbearer.expected.issuer = null
	sasl.oauthbearer.header.urlencode = false
	sasl.oauthbearer.jwks.endpoint.refresh.ms = 3600000
	sasl.oauthbearer.jwks.endpoint.retry.backoff.max.ms = 10000
	sasl.oauthbearer.jwks.endpoint.retry.backoff.ms = 100
	sasl.oauthbearer.jwks.endpoint.url = null
	sasl.oauthbearer.scope.claim.name = scope
	sasl.oauthbearer.sub.claim.name = sub
	sasl.oauthbearer.token.endpoint.url = null
	security.protocol = PLAINTEXT
	security.providers = null
	send.buffer.bytes = 131072
	session.timeout.ms = 45000
	socket.connection.setup.timeout.max.ms = 30000
	socket.connection.setup.timeout.ms = 10000
	ssl.cipher.suites = null
	ssl.enabled.protocols = [TLSv1.2, TLSv1.3]
	ssl.endpoint.identification.algorithm = https
	ssl.engine.factory.class = null
	ssl.key.password = null
	ssl.keymanager.algorithm = SunX509
	ssl.keystore.certificate.chain = null
	ssl.keystore.key = null
	ssl.keystore.location = null
	ssl.keystore.password = null
	ssl.keystore.type = JKS
	ssl.protocol = TLSv1.3
	ssl.provider = null
	ssl.secure.random.implementation = null
	ssl.trustmanager.algorithm = PKIX
	ssl.truststore.certificates = null
	ssl.truststore.location = null
	ssl.truststore.password = null
	ssl.truststore.type = JKS
	value.deserializer = class io.apicurio.registry.serde.avro.AvroKafkaDeserializer

2025-08-13 16:42:02,956 INFO  [org.apa.kaf.com.tel.int.KafkaMetricsCollector] (main) initializing Kafka metrics collector
2025-08-13 16:42:02,972 INFO  [org.apa.kaf.cli.con.ConsumerConfig] (main) These configurations '[apicurio.registry.url]' were supplied but are not used yet.
2025-08-13 16:42:02,972 INFO  [org.apa.kaf.com.uti.AppInfoParser] (main) Kafka version: 3.9.1
2025-08-13 16:42:02,972 INFO  [org.apa.kaf.com.uti.AppInfoParser] (main) Kafka commitId: f745dfdcee2b9851
2025-08-13 16:42:02,972 INFO  [org.apa.kaf.com.uti.AppInfoParser] (main) Kafka startTimeMs: 1755103322972
2025-08-13 16:42:02,974 INFO  [org.apa.kaf.cli.con.int.ClassicKafkaConsumer] (Thread-609) [Consumer clientId=consumer-Consumer-topic-a124c899_2fe7_406e_b78f_3cc3dc767e56-2, groupId=Consumer-topic-a124c899_2fe7_406e_b78f_3cc3dc767e56] Subscribed to topic(s): topic-a124c899_2fe7_406e_b78f_3cc3dc767e56
2025-08-13 16:42:02,981 INFO  [org.apa.kaf.cli.Metadata] (Thread-609) [Consumer clientId=consumer-Consumer-topic-a124c899_2fe7_406e_b78f_3cc3dc767e56-2, groupId=Consumer-topic-a124c899_2fe7_406e_b78f_3cc3dc767e56] Cluster ID: MGWopiWBQlear_SiqMs63w
2025-08-13 16:42:02,986 INFO  [org.apa.kaf.cli.con.int.ConsumerCoordinator] (Thread-609) [Consumer clientId=consumer-Consumer-topic-a124c899_2fe7_406e_b78f_3cc3dc767e56-2, groupId=Consumer-topic-a124c899_2fe7_406e_b78f_3cc3dc767e56] Discovered group coordinator localhost:32769 (id: 2147483647 rack: null)
2025-08-13 16:42:02,994 INFO  [org.apa.kaf.cli.con.int.ConsumerCoordinator] (Thread-609) [Consumer clientId=consumer-Consumer-topic-a124c899_2fe7_406e_b78f_3cc3dc767e56-2, groupId=Consumer-topic-a124c899_2fe7_406e_b78f_3cc3dc767e56] (Re-)joining group
2025-08-13 16:42:03,000 INFO  [org.apa.kaf.cli.con.int.ConsumerCoordinator] (Thread-609) [Consumer clientId=consumer-Consumer-topic-a124c899_2fe7_406e_b78f_3cc3dc767e56-2, groupId=Consumer-topic-a124c899_2fe7_406e_b78f_3cc3dc767e56] Request joining group due to: need to re-join with the given member-id: consumer-Consumer-topic-a124c899_2fe7_406e_b78f_3cc3dc767e56-2-fcd15a1a-0d30-4567-843a-3e0cfc68eeab
2025-08-13 16:42:03,001 INFO  [org.apa.kaf.cli.con.int.ConsumerCoordinator] (Thread-609) [Consumer clientId=consumer-Consumer-topic-a124c899_2fe7_406e_b78f_3cc3dc767e56-2, groupId=Consumer-topic-a124c899_2fe7_406e_b78f_3cc3dc767e56] (Re-)joining group
2025-08-13 16:42:03,974 INFO  [io.api.tes.ser.api.KafkaSerdesTester] (Thread-609) None found
2025-08-13 16:42:04,976 INFO  [io.api.tes.ser.api.KafkaSerdesTester] (Thread-609) None found
2025-08-13 16:42:05,977 INFO  [io.api.tes.ser.api.KafkaSerdesTester] (Thread-609) None found
2025-08-13 16:42:06,004 INFO  [org.apa.kaf.cli.con.int.ConsumerCoordinator] (Thread-609) [Consumer clientId=consumer-Consumer-topic-a124c899_2fe7_406e_b78f_3cc3dc767e56-2, groupId=Consumer-topic-a124c899_2fe7_406e_b78f_3cc3dc767e56] Successfully joined group with generation Generation{generationId=1, memberId='consumer-Consumer-topic-a124c899_2fe7_406e_b78f_3cc3dc767e56-2-fcd15a1a-0d30-4567-843a-3e0cfc68eeab', protocol='range'}
2025-08-13 16:42:06,004 INFO  [org.apa.kaf.cli.con.int.ConsumerCoordinator] (Thread-609) [Consumer clientId=consumer-Consumer-topic-a124c899_2fe7_406e_b78f_3cc3dc767e56-2, groupId=Consumer-topic-a124c899_2fe7_406e_b78f_3cc3dc767e56] Finished assignment for group at generation 1: {consumer-Consumer-topic-a124c899_2fe7_406e_b78f_3cc3dc767e56-2-fcd15a1a-0d30-4567-843a-3e0cfc68eeab=Assignment(partitions=[topic-a124c899_2fe7_406e_b78f_3cc3dc767e56-0])}
2025-08-13 16:42:06,013 INFO  [org.apa.kaf.cli.con.int.ConsumerCoordinator] (Thread-609) [Consumer clientId=consumer-Consumer-topic-a124c899_2fe7_406e_b78f_3cc3dc767e56-2, groupId=Consumer-topic-a124c899_2fe7_406e_b78f_3cc3dc767e56] Successfully synced group in generation Generation{generationId=1, memberId='consumer-Consumer-topic-a124c899_2fe7_406e_b78f_3cc3dc767e56-2-fcd15a1a-0d30-4567-843a-3e0cfc68eeab', protocol='range'}
2025-08-13 16:42:06,013 INFO  [org.apa.kaf.cli.con.int.ConsumerCoordinator] (Thread-609) [Consumer clientId=consumer-Consumer-topic-a124c899_2fe7_406e_b78f_3cc3dc767e56-2, groupId=Consumer-topic-a124c899_2fe7_406e_b78f_3cc3dc767e56] Notifying assignor about the new Assignment(partitions=[topic-a124c899_2fe7_406e_b78f_3cc3dc767e56-0])
2025-08-13 16:42:06,014 INFO  [org.apa.kaf.cli.con.int.ConsumerRebalanceListenerInvoker] (Thread-609) [Consumer clientId=consumer-Consumer-topic-a124c899_2fe7_406e_b78f_3cc3dc767e56-2, groupId=Consumer-topic-a124c899_2fe7_406e_b78f_3cc3dc767e56] Adding newly assigned partitions: topic-a124c899_2fe7_406e_b78f_3cc3dc767e56-0
2025-08-13 16:42:06,015 INFO  [org.apa.kaf.cli.con.int.ConsumerCoordinator] (Thread-609) [Consumer clientId=consumer-Consumer-topic-a124c899_2fe7_406e_b78f_3cc3dc767e56-2, groupId=Consumer-topic-a124c899_2fe7_406e_b78f_3cc3dc767e56] Found no committed offset for partition topic-a124c899_2fe7_406e_b78f_3cc3dc767e56-0
2025-08-13 16:42:06,018 INFO  [org.apa.kaf.cli.con.int.SubscriptionState] (Thread-609) [Consumer clientId=consumer-Consumer-topic-a124c899_2fe7_406e_b78f_3cc3dc767e56-2, groupId=Consumer-topic-a124c899_2fe7_406e_b78f_3cc3dc767e56] Resetting offset for partition topic-a124c899_2fe7_406e_b78f_3cc3dc767e56-0 to position FetchPosition{offset=0, offsetEpoch=Optional.empty, currentLeader=LeaderAndEpoch{leader=Optional[localhost:32769 (id: 0 rack: null)], epoch=0}}.
2025-08-13 16:42:06,052 INFO  [io.api.tes.ser.api.KafkaSerdesTester] (Thread-609) topic-a124c899_2fe7_406e_b78f_3cc3dc767e56 0 0 {"key11755103321720": "value-0"}
2025-08-13 16:42:06,052 INFO  [io.api.tes.ser.api.KafkaSerdesTester] (Thread-609) topic-a124c899_2fe7_406e_b78f_3cc3dc767e56 0 1 {"key11755103321720": "value-1"}
2025-08-13 16:42:06,052 INFO  [io.api.tes.ser.api.KafkaSerdesTester] (Thread-609) topic-a124c899_2fe7_406e_b78f_3cc3dc767e56 0 2 {"key11755103321720": "value-2"}
2025-08-13 16:42:06,052 INFO  [io.api.tes.ser.api.KafkaSerdesTester] (Thread-609) topic-a124c899_2fe7_406e_b78f_3cc3dc767e56 0 3 {"key11755103321720": "value-3"}
2025-08-13 16:42:06,052 INFO  [io.api.tes.ser.api.KafkaSerdesTester] (Thread-609) topic-a124c899_2fe7_406e_b78f_3cc3dc767e56 0 4 {"key11755103321720": "value-4"}
2025-08-13 16:42:06,052 INFO  [io.api.tes.ser.api.KafkaSerdesTester] (Thread-609) topic-a124c899_2fe7_406e_b78f_3cc3dc767e56 0 5 {"key11755103321720": "value-5"}
2025-08-13 16:42:06,053 INFO  [io.api.tes.ser.api.KafkaSerdesTester] (Thread-609) topic-a124c899_2fe7_406e_b78f_3cc3dc767e56 0 6 {"key11755103321720": "value-6"}
2025-08-13 16:42:06,053 INFO  [io.api.tes.ser.api.KafkaSerdesTester] (Thread-609) topic-a124c899_2fe7_406e_b78f_3cc3dc767e56 0 7 {"key11755103321720": "value-7"}
2025-08-13 16:42:06,053 INFO  [io.api.tes.ser.api.KafkaSerdesTester] (Thread-609) topic-a124c899_2fe7_406e_b78f_3cc3dc767e56 0 8 {"key11755103321720": "value-8"}
2025-08-13 16:42:06,053 INFO  [io.api.tes.ser.api.KafkaSerdesTester] (Thread-609) topic-a124c899_2fe7_406e_b78f_3cc3dc767e56 0 9 {"key11755103321720": "value-9"}
2025-08-13 16:42:06,053 INFO  [io.api.tes.ser.api.KafkaSerdesTester] (Thread-609) Consumed 10 messages
2025-08-13 16:42:06,062 INFO  [org.apa.kaf.cli.con.int.ConsumerRebalanceListenerInvoker] (Thread-609) [Consumer clientId=consumer-Consumer-topic-a124c899_2fe7_406e_b78f_3cc3dc767e56-2, groupId=Consumer-topic-a124c899_2fe7_406e_b78f_3cc3dc767e56] Revoke previously assigned partitions topic-a124c899_2fe7_406e_b78f_3cc3dc767e56-0
2025-08-13 16:42:06,063 INFO  [org.apa.kaf.cli.con.int.ConsumerCoordinator] (Thread-609) [Consumer clientId=consumer-Consumer-topic-a124c899_2fe7_406e_b78f_3cc3dc767e56-2, groupId=Consumer-topic-a124c899_2fe7_406e_b78f_3cc3dc767e56] Member consumer-Consumer-topic-a124c899_2fe7_406e_b78f_3cc3dc767e56-2-fcd15a1a-0d30-4567-843a-3e0cfc68eeab sending LeaveGroup request to coordinator localhost:32769 (id: 2147483647 rack: null) due to the consumer is being closed
2025-08-13 16:42:06,063 INFO  [org.apa.kaf.cli.con.int.ConsumerCoordinator] (Thread-609) [Consumer clientId=consumer-Consumer-topic-a124c899_2fe7_406e_b78f_3cc3dc767e56-2, groupId=Consumer-topic-a124c899_2fe7_406e_b78f_3cc3dc767e56] Resetting generation and member id due to: consumer pro-actively leaving the group
2025-08-13 16:42:06,063 INFO  [org.apa.kaf.cli.con.int.ConsumerCoordinator] (Thread-609) [Consumer clientId=consumer-Consumer-topic-a124c899_2fe7_406e_b78f_3cc3dc767e56-2, groupId=Consumer-topic-a124c899_2fe7_406e_b78f_3cc3dc767e56] Request joining group due to: consumer pro-actively leaving the group
2025-08-13 16:42:06,557 INFO  [org.apa.kaf.com.met.Metrics] (Thread-609) Metrics scheduler closed
2025-08-13 16:42:06,557 INFO  [org.apa.kaf.com.met.Metrics] (Thread-609) Closing reporter org.apache.kafka.common.metrics.JmxReporter
2025-08-13 16:42:06,558 INFO  [org.apa.kaf.com.met.Metrics] (Thread-609) Closing reporter org.apache.kafka.common.telemetry.internals.ClientTelemetryReporter
2025-08-13 16:42:06,558 INFO  [org.apa.kaf.com.met.Metrics] (Thread-609) Metrics reporters closed
2025-08-13 16:42:06,563 INFO  [org.apa.kaf.com.uti.AppInfoParser] (Thread-609) App info kafka.consumer for consumer-Consumer-topic-a124c899_2fe7_406e_b78f_3cc3dc767e56-2 unregistered
2025-08-13 16:42:06,564 INFO  [io.api.tes.uti.TestSeparator] (main) io.apicurio.tests.serdes.apicurio.AvroSerdeIT.testSimpleTopicIdStrategyFindLatest-FINISHED
2025-08-13 16:42:06,564 INFO  [io.api.tes.uti.TestSeparator] (main) ############################################################################
Test passed: testSimpleTopicIdStrategyFindLatest
]]></system-out>
  </testcase>
  <testcase name="testWrongSchema" classname="io.apicurio.tests.serdes.apicurio.AvroSerdeIT" time="1.141">
    <system-out><![CDATA[2025-08-13 16:42:06,566 INFO  [io.api.tes.uti.TestSeparator] (main) ############################################################################
2025-08-13 16:42:06,566 INFO  [io.api.tes.uti.TestSeparator] (main) io.apicurio.tests.serdes.apicurio.AvroSerdeIT.testWrongSchema-STARTED
**** Registry Base URL: http://registry-app-ksql047.apps.ci419.apicurio-testing.org:80
2025-08-13 16:42:07,643 INFO  [org.apa.kaf.cli.pro.ProducerConfig] (main) ProducerConfig values: 
	acks = -1
	auto.include.jmx.reporter = true
	batch.size = 16384
	bootstrap.servers = [PLAINTEXT://localhost:32769]
	buffer.memory = 33554432
	client.dns.lookup = use_all_dns_ips
	client.id = Producer-s0066d480xba53x4b10xb455x1df80533dec0
	compression.gzip.level = -1
	compression.lz4.level = 9
	compression.type = none
	compression.zstd.level = 3
	connections.max.idle.ms = 10000
	delivery.timeout.ms = 120000
	enable.idempotence = true
	enable.metrics.push = true
	interceptor.classes = []
	key.serializer = class org.apache.kafka.common.serialization.StringSerializer
	linger.ms = 0
	max.block.ms = 60000
	max.in.flight.requests.per.connection = 5
	max.request.size = 1048576
	metadata.max.age.ms = 300000
	metadata.max.idle.ms = 300000
	metadata.recovery.strategy = none
	metric.reporters = []
	metrics.num.samples = 2
	metrics.recording.level = INFO
	metrics.sample.window.ms = 30000
	partitioner.adaptive.partitioning.enable = true
	partitioner.availability.timeout.ms = 0
	partitioner.class = null
	partitioner.ignore.keys = false
	receive.buffer.bytes = 32768
	reconnect.backoff.max.ms = 1000
	reconnect.backoff.ms = 50
	request.timeout.ms = 5000
	retries = 2147483647
	retry.backoff.max.ms = 1000
	retry.backoff.ms = 100
	sasl.client.callback.handler.class = null
	sasl.jaas.config = null
	sasl.kerberos.kinit.cmd = /usr/bin/kinit
	sasl.kerberos.min.time.before.relogin = 60000
	sasl.kerberos.service.name = null
	sasl.kerberos.ticket.renew.jitter = 0.05
	sasl.kerberos.ticket.renew.window.factor = 0.8
	sasl.login.callback.handler.class = null
	sasl.login.class = null
	sasl.login.connect.timeout.ms = null
	sasl.login.read.timeout.ms = null
	sasl.login.refresh.buffer.seconds = 300
	sasl.login.refresh.min.period.seconds = 60
	sasl.login.refresh.window.factor = 0.8
	sasl.login.refresh.window.jitter = 0.05
	sasl.login.retry.backoff.max.ms = 10000
	sasl.login.retry.backoff.ms = 100
	sasl.mechanism = GSSAPI
	sasl.oauthbearer.clock.skew.seconds = 30
	sasl.oauthbearer.expected.audience = null
	sasl.oauthbearer.expected.issuer = null
	sasl.oauthbearer.header.urlencode = false
	sasl.oauthbearer.jwks.endpoint.refresh.ms = 3600000
	sasl.oauthbearer.jwks.endpoint.retry.backoff.max.ms = 10000
	sasl.oauthbearer.jwks.endpoint.retry.backoff.ms = 100
	sasl.oauthbearer.jwks.endpoint.url = null
	sasl.oauthbearer.scope.claim.name = scope
	sasl.oauthbearer.sub.claim.name = sub
	sasl.oauthbearer.token.endpoint.url = null
	security.protocol = PLAINTEXT
	security.providers = null
	send.buffer.bytes = 131072
	socket.connection.setup.timeout.max.ms = 30000
	socket.connection.setup.timeout.ms = 10000
	ssl.cipher.suites = null
	ssl.enabled.protocols = [TLSv1.2, TLSv1.3]
	ssl.endpoint.identification.algorithm = https
	ssl.engine.factory.class = null
	ssl.key.password = null
	ssl.keymanager.algorithm = SunX509
	ssl.keystore.certificate.chain = null
	ssl.keystore.key = null
	ssl.keystore.location = null
	ssl.keystore.password = null
	ssl.keystore.type = JKS
	ssl.protocol = TLSv1.3
	ssl.provider = null
	ssl.secure.random.implementation = null
	ssl.trustmanager.algorithm = PKIX
	ssl.truststore.certificates = null
	ssl.truststore.location = null
	ssl.truststore.password = null
	ssl.truststore.type = JKS
	transaction.timeout.ms = 60000
	transactional.id = null
	value.serializer = class io.apicurio.registry.serde.avro.AvroKafkaSerializer

2025-08-13 16:42:07,643 INFO  [org.apa.kaf.com.tel.int.KafkaMetricsCollector] (main) initializing Kafka metrics collector
2025-08-13 16:42:07,647 INFO  [org.apa.kaf.cli.pro.KafkaProducer] (main) [Producer clientId=Producer-s0066d480xba53x4b10xb455x1df80533dec0] Instantiated an idempotent producer.
2025-08-13 16:42:07,650 INFO  [org.apa.kaf.cli.pro.ProducerConfig] (main) These configurations '[apicurio.registry.find-latest, apicurio.registry.url, apicurio.registry.artifact-resolver-strategy]' were supplied but are not used yet.
2025-08-13 16:42:07,650 INFO  [org.apa.kaf.com.uti.AppInfoParser] (main) Kafka version: 3.9.1
2025-08-13 16:42:07,650 INFO  [org.apa.kaf.com.uti.AppInfoParser] (main) Kafka commitId: f745dfdcee2b9851
2025-08-13 16:42:07,650 INFO  [org.apa.kaf.com.uti.AppInfoParser] (main) Kafka startTimeMs: 1755103327650
2025-08-13 16:42:07,655 INFO  [io.api.tes.ser.api.KafkaSerdesTester] (Thread-612) Sending message {"keyB": "value-0"} to topic s0066d480xba53x4b10xb455x1df80533dec0
2025-08-13 16:42:07,658 INFO  [org.apa.kaf.cli.Metadata] (kafka-producer-network-thread | Producer-s0066d480xba53x4b10xb455x1df80533dec0) [Producer clientId=Producer-s0066d480xba53x4b10xb455x1df80533dec0] Cluster ID: MGWopiWBQlear_SiqMs63w
2025-08-13 16:42:07,661 INFO  [org.apa.kaf.cli.pro.int.TransactionManager] (kafka-producer-network-thread | Producer-s0066d480xba53x4b10xb455x1df80533dec0) [Producer clientId=Producer-s0066d480xba53x4b10xb455x1df80533dec0] ProducerId set to 2 with epoch 0
2025-08-13 16:42:07,696 INFO  [org.apa.kaf.cli.pro.KafkaProducer] (Thread-612) [Producer clientId=Producer-s0066d480xba53x4b10xb455x1df80533dec0] Closing the Kafka producer with timeoutMillis = 9223372036854775807 ms.
2025-08-13 16:42:07,702 INFO  [org.apa.kaf.com.met.Metrics] (Thread-612) Metrics scheduler closed
2025-08-13 16:42:07,702 INFO  [org.apa.kaf.com.met.Metrics] (Thread-612) Closing reporter org.apache.kafka.common.metrics.JmxReporter
2025-08-13 16:42:07,702 INFO  [org.apa.kaf.com.met.Metrics] (Thread-612) Closing reporter org.apache.kafka.common.telemetry.internals.ClientTelemetryReporter
2025-08-13 16:42:07,702 INFO  [org.apa.kaf.com.met.Metrics] (Thread-612) Metrics reporters closed
2025-08-13 16:42:07,703 INFO  [org.apa.kaf.com.uti.AppInfoParser] (Thread-612) App info kafka.producer for Producer-s0066d480xba53x4b10xb455x1df80533dec0 unregistered
2025-08-13 16:42:07,706 INFO  [io.api.tes.uti.TestSeparator] (main) io.apicurio.tests.serdes.apicurio.AvroSerdeIT.testWrongSchema-FINISHED
2025-08-13 16:42:07,706 INFO  [io.api.tes.uti.TestSeparator] (main) ############################################################################
Test passed: testWrongSchema
]]></system-out>
    <system-err><![CDATA[io.apicurio.registry.rest.client.models.ProblemDetails
	at io.apicurio.registry.rest.client.models.ProblemDetails.createFromDiscriminatorValue(ProblemDetails.java:58)
	at io.kiota.serialization.json.JsonParseNode.getObjectValue(JsonParseNode.java:247)
	at io.kiota.http.vertx.VertXRequestAdapter.lambda$throwIfFailedResponse$0(VertXRequestAdapter.java:400)
	at com.microsoft.kiota.ApiExceptionBuilder.<init>(ApiExceptionBuilder.java:26)
	at io.kiota.http.vertx.VertXRequestAdapter.throwIfFailedResponse(VertXRequestAdapter.java:399)
	at io.kiota.http.vertx.VertXRequestAdapter.send(VertXRequestAdapter.java:170)
	at io.apicurio.registry.rest.client.groups.item.artifacts.item.versions.item.WithVersionExpressionItemRequestBuilder.get(WithVersionExpressionItemRequestBuilder.java:128)
	at io.apicurio.registry.rest.client.groups.item.artifacts.item.versions.item.WithVersionExpressionItemRequestBuilder.get(WithVersionExpressionItemRequestBuilder.java:111)
	at io.apicurio.registry.resolver.client.RegistryClientFacadeImpl.getVersionCoordinatesByGAV(RegistryClientFacadeImpl.java:159)
	at io.apicurio.registry.resolver.DefaultSchemaResolver.resolveByCoordinates(DefaultSchemaResolver.java:352)
	at io.apicurio.registry.resolver.DefaultSchemaResolver.lambda$resolveSchemaByArtifactReferenceCached$6(DefaultSchemaResolver.java:340)
	at io.apicurio.registry.resolver.cache.ERCache.lambda$getValue$0(ERCache.java:174)
	at io.apicurio.registry.resolver.cache.ERCache.retry(ERCache.java:227)
	at io.apicurio.registry.resolver.cache.ERCache.getValue(ERCache.java:173)
	at io.apicurio.registry.resolver.cache.ERCache.getByArtifactCoordinates(ERCache.java:158)
	at io.apicurio.registry.resolver.DefaultSchemaResolver.resolveSchemaByArtifactReferenceCached(DefaultSchemaResolver.java:338)
	at io.apicurio.registry.resolver.DefaultSchemaResolver.resolveSchemaByCoordinates(DefaultSchemaResolver.java:193)
	at io.apicurio.registry.resolver.DefaultSchemaResolver.getSchemaFromRegistry(DefaultSchemaResolver.java:130)
	at io.apicurio.registry.resolver.DefaultSchemaResolver.lambda$resolveSchema$0(DefaultSchemaResolver.java:84)
	at java.base/java.util.Optional.orElseGet(Optional.java:364)
	at io.apicurio.registry.resolver.DefaultSchemaResolver.resolveSchema(DefaultSchemaResolver.java:84)
	at io.apicurio.registry.serde.AbstractSerializer.serializeData(AbstractSerializer.java:62)
	at io.apicurio.registry.serde.KafkaSerializer.serialize(KafkaSerializer.java:77)
	at org.apache.kafka.clients.producer.KafkaProducer.doSend(KafkaProducer.java:1046)
	at org.apache.kafka.clients.producer.KafkaProducer.send(KafkaProducer.java:993)
	at org.apache.kafka.clients.producer.KafkaProducer.send(KafkaProducer.java:875)
	at io.apicurio.tests.serdes.apicurio.KafkaSerdesTester.lambda$produceMessages$3(KafkaSerdesTester.java:138)
	at java.base/java.util.concurrent.CompletableFuture$AsyncSupply.run(CompletableFuture.java:1768)
	at java.base/java.lang.Thread.run(Thread.java:840)
]]></system-err>
  </testcase>
  <testcase name="testAvroJSON" classname="io.apicurio.tests.serdes.apicurio.AvroSerdeIT" time="3.914">
    <system-out><![CDATA[2025-08-13 16:42:07,710 INFO  [io.api.tes.uti.TestSeparator] (main) ############################################################################
2025-08-13 16:42:07,710 INFO  [io.api.tes.uti.TestSeparator] (main) io.apicurio.tests.serdes.apicurio.AvroSerdeIT.testAvroJSON-STARTED
**** Registry Base URL: http://registry-app-ksql047.apps.ci419.apicurio-testing.org:80
2025-08-13 16:42:07,718 INFO  [org.apa.kaf.cli.pro.ProducerConfig] (main) ProducerConfig values: 
	acks = -1
	auto.include.jmx.reporter = true
	batch.size = 16384
	bootstrap.servers = [PLAINTEXT://localhost:32769]
	buffer.memory = 33554432
	client.dns.lookup = use_all_dns_ips
	client.id = Producer-topic-5734ab4e_ca0a_4705_a948_5459e210ab68
	compression.gzip.level = -1
	compression.lz4.level = 9
	compression.type = none
	compression.zstd.level = 3
	connections.max.idle.ms = 10000
	delivery.timeout.ms = 120000
	enable.idempotence = true
	enable.metrics.push = true
	interceptor.classes = []
	key.serializer = class org.apache.kafka.common.serialization.StringSerializer
	linger.ms = 0
	max.block.ms = 60000
	max.in.flight.requests.per.connection = 5
	max.request.size = 1048576
	metadata.max.age.ms = 300000
	metadata.max.idle.ms = 300000
	metadata.recovery.strategy = none
	metric.reporters = []
	metrics.num.samples = 2
	metrics.recording.level = INFO
	metrics.sample.window.ms = 30000
	partitioner.adaptive.partitioning.enable = true
	partitioner.availability.timeout.ms = 0
	partitioner.class = null
	partitioner.ignore.keys = false
	receive.buffer.bytes = 32768
	reconnect.backoff.max.ms = 1000
	reconnect.backoff.ms = 50
	request.timeout.ms = 5000
	retries = 2147483647
	retry.backoff.max.ms = 1000
	retry.backoff.ms = 100
	sasl.client.callback.handler.class = null
	sasl.jaas.config = null
	sasl.kerberos.kinit.cmd = /usr/bin/kinit
	sasl.kerberos.min.time.before.relogin = 60000
	sasl.kerberos.service.name = null
	sasl.kerberos.ticket.renew.jitter = 0.05
	sasl.kerberos.ticket.renew.window.factor = 0.8
	sasl.login.callback.handler.class = null
	sasl.login.class = null
	sasl.login.connect.timeout.ms = null
	sasl.login.read.timeout.ms = null
	sasl.login.refresh.buffer.seconds = 300
	sasl.login.refresh.min.period.seconds = 60
	sasl.login.refresh.window.factor = 0.8
	sasl.login.refresh.window.jitter = 0.05
	sasl.login.retry.backoff.max.ms = 10000
	sasl.login.retry.backoff.ms = 100
	sasl.mechanism = GSSAPI
	sasl.oauthbearer.clock.skew.seconds = 30
	sasl.oauthbearer.expected.audience = null
	sasl.oauthbearer.expected.issuer = null
	sasl.oauthbearer.header.urlencode = false
	sasl.oauthbearer.jwks.endpoint.refresh.ms = 3600000
	sasl.oauthbearer.jwks.endpoint.retry.backoff.max.ms = 10000
	sasl.oauthbearer.jwks.endpoint.retry.backoff.ms = 100
	sasl.oauthbearer.jwks.endpoint.url = null
	sasl.oauthbearer.scope.claim.name = scope
	sasl.oauthbearer.sub.claim.name = sub
	sasl.oauthbearer.token.endpoint.url = null
	security.protocol = PLAINTEXT
	security.providers = null
	send.buffer.bytes = 131072
	socket.connection.setup.timeout.max.ms = 30000
	socket.connection.setup.timeout.ms = 10000
	ssl.cipher.suites = null
	ssl.enabled.protocols = [TLSv1.2, TLSv1.3]
	ssl.endpoint.identification.algorithm = https
	ssl.engine.factory.class = null
	ssl.key.password = null
	ssl.keymanager.algorithm = SunX509
	ssl.keystore.certificate.chain = null
	ssl.keystore.key = null
	ssl.keystore.location = null
	ssl.keystore.password = null
	ssl.keystore.type = JKS
	ssl.protocol = TLSv1.3
	ssl.provider = null
	ssl.secure.random.implementation = null
	ssl.trustmanager.algorithm = PKIX
	ssl.truststore.certificates = null
	ssl.truststore.location = null
	ssl.truststore.password = null
	ssl.truststore.type = JKS
	transaction.timeout.ms = 60000
	transactional.id = null
	value.serializer = class io.apicurio.registry.serde.avro.AvroKafkaSerializer

2025-08-13 16:42:07,719 INFO  [org.apa.kaf.com.tel.int.KafkaMetricsCollector] (main) initializing Kafka metrics collector
2025-08-13 16:42:07,728 INFO  [org.apa.kaf.cli.pro.KafkaProducer] (main) [Producer clientId=Producer-topic-5734ab4e_ca0a_4705_a948_5459e210ab68] Instantiated an idempotent producer.
2025-08-13 16:42:07,736 INFO  [org.apa.kaf.cli.pro.ProducerConfig] (main) These configurations '[apicurio.registry.avro.encoding, apicurio.registry.url, apicurio.registry.auto-register, apicurio.registry.artifact-resolver-strategy]' were supplied but are not used yet.
2025-08-13 16:42:07,737 INFO  [org.apa.kaf.com.uti.AppInfoParser] (main) Kafka version: 3.9.1
2025-08-13 16:42:07,737 INFO  [org.apa.kaf.com.uti.AppInfoParser] (main) Kafka commitId: f745dfdcee2b9851
2025-08-13 16:42:07,737 INFO  [org.apa.kaf.com.uti.AppInfoParser] (main) Kafka startTimeMs: 1755103327736
2025-08-13 16:42:07,737 INFO  [io.api.tes.ser.api.SimpleSerdesTesterBuilder$SimpleSerdesTester] (main) Using producer configuration: {apicurio.registry.avro.encoding=JSON, apicurio.registry.url=http://registry-app-ksql047.apps.ci419.apicurio-testing.org:80/apis/registry/v3, apicurio.registry.auto-register=true, apicurio.registry.artifact-resolver-strategy=io.apicurio.registry.serde.strategy.TopicIdStrategy, value.serializer=io.apicurio.registry.serde.avro.AvroKafkaSerializer, request.timeout.ms=5000, acks=all, bootstrap.servers=PLAINTEXT://localhost:32769, connections.max.idle.ms=10000, key.serializer=org.apache.kafka.common.serialization.StringSerializer, client.id=Producer-topic-5734ab4e_ca0a_4705_a948_5459e210ab68}
2025-08-13 16:42:07,737 INFO  [io.api.tes.ser.api.SimpleSerdesTesterBuilder$SimpleSerdesTester] (main) Using consumer configuration: {apicurio.registry.avro.encoding=JSON}
2025-08-13 16:42:07,738 INFO  [io.api.tes.ser.api.KafkaSerdesTester] (Thread-615) Sending message {"bar": "value-0"} to topic topic-5734ab4e_ca0a_4705_a948_5459e210ab68
2025-08-13 16:42:07,749 WARN  [org.apa.kaf.cli.NetworkClient] (kafka-producer-network-thread | Producer-topic-5734ab4e_ca0a_4705_a948_5459e210ab68) [Producer clientId=Producer-topic-5734ab4e_ca0a_4705_a948_5459e210ab68] The metadata response from the cluster reported a recoverable issue with correlation id 1 : {topic-5734ab4e_ca0a_4705_a948_5459e210ab68=UNKNOWN_TOPIC_OR_PARTITION}
2025-08-13 16:42:07,751 INFO  [org.apa.kaf.cli.Metadata] (kafka-producer-network-thread | Producer-topic-5734ab4e_ca0a_4705_a948_5459e210ab68) [Producer clientId=Producer-topic-5734ab4e_ca0a_4705_a948_5459e210ab68] Cluster ID: MGWopiWBQlear_SiqMs63w
2025-08-13 16:42:07,751 INFO  [org.apa.kaf.cli.pro.int.TransactionManager] (kafka-producer-network-thread | Producer-topic-5734ab4e_ca0a_4705_a948_5459e210ab68) [Producer clientId=Producer-topic-5734ab4e_ca0a_4705_a948_5459e210ab68] ProducerId set to 3 with epoch 0
2025-08-13 16:42:07,958 INFO  [io.api.tes.ser.api.KafkaSerdesTester] (Thread-615) Sending message {"bar": "value-1"} to topic topic-5734ab4e_ca0a_4705_a948_5459e210ab68
2025-08-13 16:42:07,960 INFO  [io.api.tes.ser.api.KafkaSerdesTester] (Thread-615) Sending message {"bar": "value-2"} to topic topic-5734ab4e_ca0a_4705_a948_5459e210ab68
2025-08-13 16:42:07,963 INFO  [io.api.tes.ser.api.KafkaSerdesTester] (Thread-615) Sending message {"bar": "value-3"} to topic topic-5734ab4e_ca0a_4705_a948_5459e210ab68
2025-08-13 16:42:07,965 INFO  [io.api.tes.ser.api.KafkaSerdesTester] (Thread-615) Sending message {"bar": "value-4"} to topic topic-5734ab4e_ca0a_4705_a948_5459e210ab68
2025-08-13 16:42:07,968 INFO  [io.api.tes.ser.api.KafkaSerdesTester] (Thread-615) Sending message {"bar": "value-5"} to topic topic-5734ab4e_ca0a_4705_a948_5459e210ab68
2025-08-13 16:42:07,973 INFO  [io.api.tes.ser.api.KafkaSerdesTester] (Thread-615) Sending message {"bar": "value-6"} to topic topic-5734ab4e_ca0a_4705_a948_5459e210ab68
2025-08-13 16:42:07,979 INFO  [io.api.tes.ser.api.KafkaSerdesTester] (Thread-615) Sending message {"bar": "value-7"} to topic topic-5734ab4e_ca0a_4705_a948_5459e210ab68
2025-08-13 16:42:07,983 INFO  [io.api.tes.ser.api.KafkaSerdesTester] (Thread-615) Sending message {"bar": "value-8"} to topic topic-5734ab4e_ca0a_4705_a948_5459e210ab68
2025-08-13 16:42:07,987 INFO  [io.api.tes.ser.api.KafkaSerdesTester] (Thread-615) Sending message {"bar": "value-9"} to topic topic-5734ab4e_ca0a_4705_a948_5459e210ab68
2025-08-13 16:42:07,989 INFO  [io.api.tes.ser.api.KafkaSerdesTester] (Thread-615) Produced 10 messages
2025-08-13 16:42:07,989 INFO  [org.apa.kaf.cli.pro.KafkaProducer] (Thread-615) [Producer clientId=Producer-topic-5734ab4e_ca0a_4705_a948_5459e210ab68] Closing the Kafka producer with timeoutMillis = 9223372036854775807 ms.
2025-08-13 16:42:07,997 INFO  [org.apa.kaf.com.met.Metrics] (Thread-615) Metrics scheduler closed
2025-08-13 16:42:07,997 INFO  [org.apa.kaf.com.met.Metrics] (Thread-615) Closing reporter org.apache.kafka.common.metrics.JmxReporter
2025-08-13 16:42:07,997 INFO  [org.apa.kaf.com.met.Metrics] (Thread-615) Closing reporter org.apache.kafka.common.telemetry.internals.ClientTelemetryReporter
2025-08-13 16:42:07,997 INFO  [org.apa.kaf.com.met.Metrics] (Thread-615) Metrics reporters closed
2025-08-13 16:42:08,001 INFO  [org.apa.kaf.com.uti.AppInfoParser] (Thread-615) App info kafka.producer for Producer-topic-5734ab4e_ca0a_4705_a948_5459e210ab68 unregistered
**** Registry Base URL: http://registry-app-ksql047.apps.ci419.apicurio-testing.org:80
2025-08-13 16:42:08,025 INFO  [org.apa.kaf.cli.con.ConsumerConfig] (main) ConsumerConfig values: 
	allow.auto.create.topics = true
	auto.commit.interval.ms = 500
	auto.include.jmx.reporter = true
	auto.offset.reset = earliest
	bootstrap.servers = [PLAINTEXT://localhost:32769]
	check.crcs = true
	client.dns.lookup = use_all_dns_ips
	client.id = consumer-Consumer-topic-5734ab4e_ca0a_4705_a948_5459e210ab68-3
	client.rack = 
	connections.max.idle.ms = 10000
	default.api.timeout.ms = 60000
	enable.auto.commit = true
	enable.metrics.push = true
	exclude.internal.topics = true
	fetch.max.bytes = 52428800
	fetch.max.wait.ms = 500
	fetch.min.bytes = 1
	group.id = Consumer-topic-5734ab4e_ca0a_4705_a948_5459e210ab68
	group.instance.id = null
	group.protocol = classic
	group.remote.assignor = null
	heartbeat.interval.ms = 3000
	interceptor.classes = []
	internal.leave.group.on.close = true
	internal.throw.on.fetch.stable.offset.unsupported = false
	isolation.level = read_uncommitted
	key.deserializer = class org.apache.kafka.common.serialization.StringDeserializer
	max.partition.fetch.bytes = 1048576
	max.poll.interval.ms = 300000
	max.poll.records = 500
	metadata.max.age.ms = 300000
	metadata.recovery.strategy = none
	metric.reporters = []
	metrics.num.samples = 2
	metrics.recording.level = INFO
	metrics.sample.window.ms = 30000
	partition.assignment.strategy = [class org.apache.kafka.clients.consumer.RangeAssignor, class org.apache.kafka.clients.consumer.CooperativeStickyAssignor]
	receive.buffer.bytes = 65536
	reconnect.backoff.max.ms = 1000
	reconnect.backoff.ms = 50
	request.timeout.ms = 5000
	retry.backoff.max.ms = 1000
	retry.backoff.ms = 100
	sasl.client.callback.handler.class = null
	sasl.jaas.config = null
	sasl.kerberos.kinit.cmd = /usr/bin/kinit
	sasl.kerberos.min.time.before.relogin = 60000
	sasl.kerberos.service.name = null
	sasl.kerberos.ticket.renew.jitter = 0.05
	sasl.kerberos.ticket.renew.window.factor = 0.8
	sasl.login.callback.handler.class = null
	sasl.login.class = null
	sasl.login.connect.timeout.ms = null
	sasl.login.read.timeout.ms = null
	sasl.login.refresh.buffer.seconds = 300
	sasl.login.refresh.min.period.seconds = 60
	sasl.login.refresh.window.factor = 0.8
	sasl.login.refresh.window.jitter = 0.05
	sasl.login.retry.backoff.max.ms = 10000
	sasl.login.retry.backoff.ms = 100
	sasl.mechanism = GSSAPI
	sasl.oauthbearer.clock.skew.seconds = 30
	sasl.oauthbearer.expected.audience = null
	sasl.oauthbearer.expected.issuer = null
	sasl.oauthbearer.header.urlencode = false
	sasl.oauthbearer.jwks.endpoint.refresh.ms = 3600000
	sasl.oauthbearer.jwks.endpoint.retry.backoff.max.ms = 10000
	sasl.oauthbearer.jwks.endpoint.retry.backoff.ms = 100
	sasl.oauthbearer.jwks.endpoint.url = null
	sasl.oauthbearer.scope.claim.name = scope
	sasl.oauthbearer.sub.claim.name = sub
	sasl.oauthbearer.token.endpoint.url = null
	security.protocol = PLAINTEXT
	security.providers = null
	send.buffer.bytes = 131072
	session.timeout.ms = 45000
	socket.connection.setup.timeout.max.ms = 30000
	socket.connection.setup.timeout.ms = 10000
	ssl.cipher.suites = null
	ssl.enabled.protocols = [TLSv1.2, TLSv1.3]
	ssl.endpoint.identification.algorithm = https
	ssl.engine.factory.class = null
	ssl.key.password = null
	ssl.keymanager.algorithm = SunX509
	ssl.keystore.certificate.chain = null
	ssl.keystore.key = null
	ssl.keystore.location = null
	ssl.keystore.password = null
	ssl.keystore.type = JKS
	ssl.protocol = TLSv1.3
	ssl.provider = null
	ssl.secure.random.implementation = null
	ssl.trustmanager.algorithm = PKIX
	ssl.truststore.certificates = null
	ssl.truststore.location = null
	ssl.truststore.password = null
	ssl.truststore.type = JKS
	value.deserializer = class io.apicurio.registry.serde.avro.AvroKafkaDeserializer

2025-08-13 16:42:08,026 INFO  [org.apa.kaf.com.tel.int.KafkaMetricsCollector] (main) initializing Kafka metrics collector
2025-08-13 16:42:08,036 INFO  [org.apa.kaf.cli.con.ConsumerConfig] (main) These configurations '[apicurio.registry.avro.encoding, apicurio.registry.url]' were supplied but are not used yet.
2025-08-13 16:42:08,036 INFO  [org.apa.kaf.com.uti.AppInfoParser] (main) Kafka version: 3.9.1
2025-08-13 16:42:08,036 INFO  [org.apa.kaf.com.uti.AppInfoParser] (main) Kafka commitId: f745dfdcee2b9851
2025-08-13 16:42:08,036 INFO  [org.apa.kaf.com.uti.AppInfoParser] (main) Kafka startTimeMs: 1755103328036
2025-08-13 16:42:08,037 INFO  [org.apa.kaf.cli.con.int.ClassicKafkaConsumer] (Thread-618) [Consumer clientId=consumer-Consumer-topic-5734ab4e_ca0a_4705_a948_5459e210ab68-3, groupId=Consumer-topic-5734ab4e_ca0a_4705_a948_5459e210ab68] Subscribed to topic(s): topic-5734ab4e_ca0a_4705_a948_5459e210ab68
2025-08-13 16:42:08,046 INFO  [org.apa.kaf.cli.Metadata] (Thread-618) [Consumer clientId=consumer-Consumer-topic-5734ab4e_ca0a_4705_a948_5459e210ab68-3, groupId=Consumer-topic-5734ab4e_ca0a_4705_a948_5459e210ab68] Cluster ID: MGWopiWBQlear_SiqMs63w
2025-08-13 16:42:08,053 INFO  [org.apa.kaf.cli.con.int.ConsumerCoordinator] (Thread-618) [Consumer clientId=consumer-Consumer-topic-5734ab4e_ca0a_4705_a948_5459e210ab68-3, groupId=Consumer-topic-5734ab4e_ca0a_4705_a948_5459e210ab68] Discovered group coordinator localhost:32769 (id: 2147483647 rack: null)
2025-08-13 16:42:08,057 INFO  [org.apa.kaf.cli.con.int.ConsumerCoordinator] (Thread-618) [Consumer clientId=consumer-Consumer-topic-5734ab4e_ca0a_4705_a948_5459e210ab68-3, groupId=Consumer-topic-5734ab4e_ca0a_4705_a948_5459e210ab68] (Re-)joining group
2025-08-13 16:42:08,060 INFO  [org.apa.kaf.cli.con.int.ConsumerCoordinator] (Thread-618) [Consumer clientId=consumer-Consumer-topic-5734ab4e_ca0a_4705_a948_5459e210ab68-3, groupId=Consumer-topic-5734ab4e_ca0a_4705_a948_5459e210ab68] Request joining group due to: need to re-join with the given member-id: consumer-Consumer-topic-5734ab4e_ca0a_4705_a948_5459e210ab68-3-71aaeadb-b1fc-441a-98d7-45f336acb4b0
2025-08-13 16:42:08,061 INFO  [org.apa.kaf.cli.con.int.ConsumerCoordinator] (Thread-618) [Consumer clientId=consumer-Consumer-topic-5734ab4e_ca0a_4705_a948_5459e210ab68-3, groupId=Consumer-topic-5734ab4e_ca0a_4705_a948_5459e210ab68] (Re-)joining group
2025-08-13 16:42:09,038 INFO  [io.api.tes.ser.api.KafkaSerdesTester] (Thread-618) None found
2025-08-13 16:42:10,038 INFO  [io.api.tes.ser.api.KafkaSerdesTester] (Thread-618) None found
2025-08-13 16:42:11,039 INFO  [io.api.tes.ser.api.KafkaSerdesTester] (Thread-618) None found
2025-08-13 16:42:11,064 INFO  [org.apa.kaf.cli.con.int.ConsumerCoordinator] (Thread-618) [Consumer clientId=consumer-Consumer-topic-5734ab4e_ca0a_4705_a948_5459e210ab68-3, groupId=Consumer-topic-5734ab4e_ca0a_4705_a948_5459e210ab68] Successfully joined group with generation Generation{generationId=1, memberId='consumer-Consumer-topic-5734ab4e_ca0a_4705_a948_5459e210ab68-3-71aaeadb-b1fc-441a-98d7-45f336acb4b0', protocol='range'}
2025-08-13 16:42:11,064 INFO  [org.apa.kaf.cli.con.int.ConsumerCoordinator] (Thread-618) [Consumer clientId=consumer-Consumer-topic-5734ab4e_ca0a_4705_a948_5459e210ab68-3, groupId=Consumer-topic-5734ab4e_ca0a_4705_a948_5459e210ab68] Finished assignment for group at generation 1: {consumer-Consumer-topic-5734ab4e_ca0a_4705_a948_5459e210ab68-3-71aaeadb-b1fc-441a-98d7-45f336acb4b0=Assignment(partitions=[topic-5734ab4e_ca0a_4705_a948_5459e210ab68-0])}
2025-08-13 16:42:11,072 INFO  [org.apa.kaf.cli.con.int.ConsumerCoordinator] (Thread-618) [Consumer clientId=consumer-Consumer-topic-5734ab4e_ca0a_4705_a948_5459e210ab68-3, groupId=Consumer-topic-5734ab4e_ca0a_4705_a948_5459e210ab68] Successfully synced group in generation Generation{generationId=1, memberId='consumer-Consumer-topic-5734ab4e_ca0a_4705_a948_5459e210ab68-3-71aaeadb-b1fc-441a-98d7-45f336acb4b0', protocol='range'}
2025-08-13 16:42:11,072 INFO  [org.apa.kaf.cli.con.int.ConsumerCoordinator] (Thread-618) [Consumer clientId=consumer-Consumer-topic-5734ab4e_ca0a_4705_a948_5459e210ab68-3, groupId=Consumer-topic-5734ab4e_ca0a_4705_a948_5459e210ab68] Notifying assignor about the new Assignment(partitions=[topic-5734ab4e_ca0a_4705_a948_5459e210ab68-0])
2025-08-13 16:42:11,072 INFO  [org.apa.kaf.cli.con.int.ConsumerRebalanceListenerInvoker] (Thread-618) [Consumer clientId=consumer-Consumer-topic-5734ab4e_ca0a_4705_a948_5459e210ab68-3, groupId=Consumer-topic-5734ab4e_ca0a_4705_a948_5459e210ab68] Adding newly assigned partitions: topic-5734ab4e_ca0a_4705_a948_5459e210ab68-0
2025-08-13 16:42:11,074 INFO  [org.apa.kaf.cli.con.int.ConsumerCoordinator] (Thread-618) [Consumer clientId=consumer-Consumer-topic-5734ab4e_ca0a_4705_a948_5459e210ab68-3, groupId=Consumer-topic-5734ab4e_ca0a_4705_a948_5459e210ab68] Found no committed offset for partition topic-5734ab4e_ca0a_4705_a948_5459e210ab68-0
2025-08-13 16:42:11,079 INFO  [org.apa.kaf.cli.con.int.SubscriptionState] (Thread-618) [Consumer clientId=consumer-Consumer-topic-5734ab4e_ca0a_4705_a948_5459e210ab68-3, groupId=Consumer-topic-5734ab4e_ca0a_4705_a948_5459e210ab68] Resetting offset for partition topic-5734ab4e_ca0a_4705_a948_5459e210ab68-0 to position FetchPosition{offset=0, offsetEpoch=Optional.empty, currentLeader=LeaderAndEpoch{leader=Optional[localhost:32769 (id: 0 rack: null)], epoch=0}}.
2025-08-13 16:42:11,112 INFO  [io.api.tes.ser.api.KafkaSerdesTester] (Thread-618) topic-5734ab4e_ca0a_4705_a948_5459e210ab68 0 0 {"bar": "value-0"}
2025-08-13 16:42:11,113 INFO  [io.api.tes.ser.api.KafkaSerdesTester] (Thread-618) topic-5734ab4e_ca0a_4705_a948_5459e210ab68 0 1 {"bar": "value-1"}
2025-08-13 16:42:11,114 INFO  [io.api.tes.ser.api.KafkaSerdesTester] (Thread-618) topic-5734ab4e_ca0a_4705_a948_5459e210ab68 0 2 {"bar": "value-2"}
2025-08-13 16:42:11,114 INFO  [io.api.tes.ser.api.KafkaSerdesTester] (Thread-618) topic-5734ab4e_ca0a_4705_a948_5459e210ab68 0 3 {"bar": "value-3"}
2025-08-13 16:42:11,114 INFO  [io.api.tes.ser.api.KafkaSerdesTester] (Thread-618) topic-5734ab4e_ca0a_4705_a948_5459e210ab68 0 4 {"bar": "value-4"}
2025-08-13 16:42:11,114 INFO  [io.api.tes.ser.api.KafkaSerdesTester] (Thread-618) topic-5734ab4e_ca0a_4705_a948_5459e210ab68 0 5 {"bar": "value-5"}
2025-08-13 16:42:11,114 INFO  [io.api.tes.ser.api.KafkaSerdesTester] (Thread-618) topic-5734ab4e_ca0a_4705_a948_5459e210ab68 0 6 {"bar": "value-6"}
2025-08-13 16:42:11,114 INFO  [io.api.tes.ser.api.KafkaSerdesTester] (Thread-618) topic-5734ab4e_ca0a_4705_a948_5459e210ab68 0 7 {"bar": "value-7"}
2025-08-13 16:42:11,114 INFO  [io.api.tes.ser.api.KafkaSerdesTester] (Thread-618) topic-5734ab4e_ca0a_4705_a948_5459e210ab68 0 8 {"bar": "value-8"}
2025-08-13 16:42:11,114 INFO  [io.api.tes.ser.api.KafkaSerdesTester] (Thread-618) topic-5734ab4e_ca0a_4705_a948_5459e210ab68 0 9 {"bar": "value-9"}
2025-08-13 16:42:11,114 INFO  [io.api.tes.ser.api.KafkaSerdesTester] (Thread-618) Consumed 10 messages
2025-08-13 16:42:11,122 INFO  [org.apa.kaf.cli.con.int.ConsumerRebalanceListenerInvoker] (Thread-618) [Consumer clientId=consumer-Consumer-topic-5734ab4e_ca0a_4705_a948_5459e210ab68-3, groupId=Consumer-topic-5734ab4e_ca0a_4705_a948_5459e210ab68] Revoke previously assigned partitions topic-5734ab4e_ca0a_4705_a948_5459e210ab68-0
2025-08-13 16:42:11,122 INFO  [org.apa.kaf.cli.con.int.ConsumerCoordinator] (Thread-618) [Consumer clientId=consumer-Consumer-topic-5734ab4e_ca0a_4705_a948_5459e210ab68-3, groupId=Consumer-topic-5734ab4e_ca0a_4705_a948_5459e210ab68] Member consumer-Consumer-topic-5734ab4e_ca0a_4705_a948_5459e210ab68-3-71aaeadb-b1fc-441a-98d7-45f336acb4b0 sending LeaveGroup request to coordinator localhost:32769 (id: 2147483647 rack: null) due to the consumer is being closed
2025-08-13 16:42:11,123 INFO  [org.apa.kaf.cli.con.int.ConsumerCoordinator] (Thread-618) [Consumer clientId=consumer-Consumer-topic-5734ab4e_ca0a_4705_a948_5459e210ab68-3, groupId=Consumer-topic-5734ab4e_ca0a_4705_a948_5459e210ab68] Resetting generation and member id due to: consumer pro-actively leaving the group
2025-08-13 16:42:11,123 INFO  [org.apa.kaf.cli.con.int.ConsumerCoordinator] (Thread-618) [Consumer clientId=consumer-Consumer-topic-5734ab4e_ca0a_4705_a948_5459e210ab68-3, groupId=Consumer-topic-5734ab4e_ca0a_4705_a948_5459e210ab68] Request joining group due to: consumer pro-actively leaving the group
2025-08-13 16:42:11,614 INFO  [org.apa.kaf.com.met.Metrics] (Thread-618) Metrics scheduler closed
2025-08-13 16:42:11,615 INFO  [org.apa.kaf.com.met.Metrics] (Thread-618) Closing reporter org.apache.kafka.common.metrics.JmxReporter
2025-08-13 16:42:11,615 INFO  [org.apa.kaf.com.met.Metrics] (Thread-618) Closing reporter org.apache.kafka.common.telemetry.internals.ClientTelemetryReporter
2025-08-13 16:42:11,615 INFO  [org.apa.kaf.com.met.Metrics] (Thread-618) Metrics reporters closed
2025-08-13 16:42:11,620 INFO  [org.apa.kaf.com.uti.AppInfoParser] (Thread-618) App info kafka.consumer for consumer-Consumer-topic-5734ab4e_ca0a_4705_a948_5459e210ab68-3 unregistered
2025-08-13 16:42:11,620 INFO  [io.api.tes.uti.TestSeparator] (main) io.apicurio.tests.serdes.apicurio.AvroSerdeIT.testAvroJSON-FINISHED
2025-08-13 16:42:11,621 INFO  [io.api.tes.uti.TestSeparator] (main) ############################################################################
Test passed: testAvroJSON
]]></system-out>
  </testcase>
  <testcase name="testTopicIdStrategyAutoRegister" classname="io.apicurio.tests.serdes.apicurio.AvroSerdeIT" time="3.869">
    <system-out><![CDATA[2025-08-13 16:42:11,622 INFO  [io.api.tes.uti.TestSeparator] (main) ############################################################################
2025-08-13 16:42:11,622 INFO  [io.api.tes.uti.TestSeparator] (main) io.apicurio.tests.serdes.apicurio.AvroSerdeIT.testTopicIdStrategyAutoRegister-STARTED
**** Registry Base URL: http://registry-app-ksql047.apps.ci419.apicurio-testing.org:80
2025-08-13 16:42:11,627 INFO  [org.apa.kaf.cli.pro.ProducerConfig] (main) ProducerConfig values: 
	acks = -1
	auto.include.jmx.reporter = true
	batch.size = 16384
	bootstrap.servers = [PLAINTEXT://localhost:32769]
	buffer.memory = 33554432
	client.dns.lookup = use_all_dns_ips
	client.id = Producer-topic-64d6cb48_7f9d_475b_a0ae_d02c40b3b6e9
	compression.gzip.level = -1
	compression.lz4.level = 9
	compression.type = none
	compression.zstd.level = 3
	connections.max.idle.ms = 10000
	delivery.timeout.ms = 120000
	enable.idempotence = true
	enable.metrics.push = true
	interceptor.classes = []
	key.serializer = class org.apache.kafka.common.serialization.StringSerializer
	linger.ms = 0
	max.block.ms = 60000
	max.in.flight.requests.per.connection = 5
	max.request.size = 1048576
	metadata.max.age.ms = 300000
	metadata.max.idle.ms = 300000
	metadata.recovery.strategy = none
	metric.reporters = []
	metrics.num.samples = 2
	metrics.recording.level = INFO
	metrics.sample.window.ms = 30000
	partitioner.adaptive.partitioning.enable = true
	partitioner.availability.timeout.ms = 0
	partitioner.class = null
	partitioner.ignore.keys = false
	receive.buffer.bytes = 32768
	reconnect.backoff.max.ms = 1000
	reconnect.backoff.ms = 50
	request.timeout.ms = 5000
	retries = 2147483647
	retry.backoff.max.ms = 1000
	retry.backoff.ms = 100
	sasl.client.callback.handler.class = null
	sasl.jaas.config = null
	sasl.kerberos.kinit.cmd = /usr/bin/kinit
	sasl.kerberos.min.time.before.relogin = 60000
	sasl.kerberos.service.name = null
	sasl.kerberos.ticket.renew.jitter = 0.05
	sasl.kerberos.ticket.renew.window.factor = 0.8
	sasl.login.callback.handler.class = null
	sasl.login.class = null
	sasl.login.connect.timeout.ms = null
	sasl.login.read.timeout.ms = null
	sasl.login.refresh.buffer.seconds = 300
	sasl.login.refresh.min.period.seconds = 60
	sasl.login.refresh.window.factor = 0.8
	sasl.login.refresh.window.jitter = 0.05
	sasl.login.retry.backoff.max.ms = 10000
	sasl.login.retry.backoff.ms = 100
	sasl.mechanism = GSSAPI
	sasl.oauthbearer.clock.skew.seconds = 30
	sasl.oauthbearer.expected.audience = null
	sasl.oauthbearer.expected.issuer = null
	sasl.oauthbearer.header.urlencode = false
	sasl.oauthbearer.jwks.endpoint.refresh.ms = 3600000
	sasl.oauthbearer.jwks.endpoint.retry.backoff.max.ms = 10000
	sasl.oauthbearer.jwks.endpoint.retry.backoff.ms = 100
	sasl.oauthbearer.jwks.endpoint.url = null
	sasl.oauthbearer.scope.claim.name = scope
	sasl.oauthbearer.sub.claim.name = sub
	sasl.oauthbearer.token.endpoint.url = null
	security.protocol = PLAINTEXT
	security.providers = null
	send.buffer.bytes = 131072
	socket.connection.setup.timeout.max.ms = 30000
	socket.connection.setup.timeout.ms = 10000
	ssl.cipher.suites = null
	ssl.enabled.protocols = [TLSv1.2, TLSv1.3]
	ssl.endpoint.identification.algorithm = https
	ssl.engine.factory.class = null
	ssl.key.password = null
	ssl.keymanager.algorithm = SunX509
	ssl.keystore.certificate.chain = null
	ssl.keystore.key = null
	ssl.keystore.location = null
	ssl.keystore.password = null
	ssl.keystore.type = JKS
	ssl.protocol = TLSv1.3
	ssl.provider = null
	ssl.secure.random.implementation = null
	ssl.trustmanager.algorithm = PKIX
	ssl.truststore.certificates = null
	ssl.truststore.location = null
	ssl.truststore.password = null
	ssl.truststore.type = JKS
	transaction.timeout.ms = 60000
	transactional.id = null
	value.serializer = class io.apicurio.registry.serde.avro.AvroKafkaSerializer

2025-08-13 16:42:11,627 INFO  [org.apa.kaf.com.tel.int.KafkaMetricsCollector] (main) initializing Kafka metrics collector
2025-08-13 16:42:11,634 INFO  [org.apa.kaf.cli.pro.KafkaProducer] (main) [Producer clientId=Producer-topic-64d6cb48_7f9d_475b_a0ae_d02c40b3b6e9] Instantiated an idempotent producer.
2025-08-13 16:42:11,637 INFO  [org.apa.kaf.cli.pro.ProducerConfig] (main) These configurations '[apicurio.registry.url, apicurio.registry.auto-register, apicurio.registry.artifact-resolver-strategy]' were supplied but are not used yet.
2025-08-13 16:42:11,637 INFO  [org.apa.kaf.com.uti.AppInfoParser] (main) Kafka version: 3.9.1
2025-08-13 16:42:11,637 INFO  [org.apa.kaf.com.uti.AppInfoParser] (main) Kafka commitId: f745dfdcee2b9851
2025-08-13 16:42:11,637 INFO  [org.apa.kaf.com.uti.AppInfoParser] (main) Kafka startTimeMs: 1755103331637
2025-08-13 16:42:11,637 INFO  [io.api.tes.ser.api.SimpleSerdesTesterBuilder$SimpleSerdesTester] (main) Using producer configuration: {apicurio.registry.url=http://registry-app-ksql047.apps.ci419.apicurio-testing.org:80/apis/registry/v3, apicurio.registry.auto-register=true, apicurio.registry.artifact-resolver-strategy=io.apicurio.registry.serde.strategy.TopicIdStrategy, value.serializer=io.apicurio.registry.serde.avro.AvroKafkaSerializer, request.timeout.ms=5000, acks=all, bootstrap.servers=PLAINTEXT://localhost:32769, connections.max.idle.ms=10000, key.serializer=org.apache.kafka.common.serialization.StringSerializer, client.id=Producer-topic-64d6cb48_7f9d_475b_a0ae_d02c40b3b6e9}
2025-08-13 16:42:11,637 INFO  [io.api.tes.ser.api.SimpleSerdesTesterBuilder$SimpleSerdesTester] (main) Using consumer configuration: {}
2025-08-13 16:42:11,643 INFO  [io.api.tes.ser.api.KafkaSerdesTester] (Thread-621) Sending message {"key11755103331625": "value-0"} to topic topic-64d6cb48_7f9d_475b_a0ae_d02c40b3b6e9
2025-08-13 16:42:11,649 WARN  [org.apa.kaf.cli.NetworkClient] (kafka-producer-network-thread | Producer-topic-64d6cb48_7f9d_475b_a0ae_d02c40b3b6e9) [Producer clientId=Producer-topic-64d6cb48_7f9d_475b_a0ae_d02c40b3b6e9] The metadata response from the cluster reported a recoverable issue with correlation id 1 : {topic-64d6cb48_7f9d_475b_a0ae_d02c40b3b6e9=UNKNOWN_TOPIC_OR_PARTITION}
2025-08-13 16:42:11,650 INFO  [org.apa.kaf.cli.Metadata] (kafka-producer-network-thread | Producer-topic-64d6cb48_7f9d_475b_a0ae_d02c40b3b6e9) [Producer clientId=Producer-topic-64d6cb48_7f9d_475b_a0ae_d02c40b3b6e9] Cluster ID: MGWopiWBQlear_SiqMs63w
2025-08-13 16:42:11,651 INFO  [org.apa.kaf.cli.pro.int.TransactionManager] (kafka-producer-network-thread | Producer-topic-64d6cb48_7f9d_475b_a0ae_d02c40b3b6e9) [Producer clientId=Producer-topic-64d6cb48_7f9d_475b_a0ae_d02c40b3b6e9] ProducerId set to 4 with epoch 0
2025-08-13 16:42:11,832 INFO  [io.api.tes.ser.api.KafkaSerdesTester] (Thread-621) Sending message {"key11755103331625": "value-1"} to topic topic-64d6cb48_7f9d_475b_a0ae_d02c40b3b6e9
2025-08-13 16:42:11,837 INFO  [io.api.tes.ser.api.KafkaSerdesTester] (Thread-621) Sending message {"key11755103331625": "value-2"} to topic topic-64d6cb48_7f9d_475b_a0ae_d02c40b3b6e9
2025-08-13 16:42:11,839 INFO  [io.api.tes.ser.api.KafkaSerdesTester] (Thread-621) Sending message {"key11755103331625": "value-3"} to topic topic-64d6cb48_7f9d_475b_a0ae_d02c40b3b6e9
2025-08-13 16:42:11,842 INFO  [io.api.tes.ser.api.KafkaSerdesTester] (Thread-621) Sending message {"key11755103331625": "value-4"} to topic topic-64d6cb48_7f9d_475b_a0ae_d02c40b3b6e9
2025-08-13 16:42:11,845 INFO  [io.api.tes.ser.api.KafkaSerdesTester] (Thread-621) Sending message {"key11755103331625": "value-5"} to topic topic-64d6cb48_7f9d_475b_a0ae_d02c40b3b6e9
2025-08-13 16:42:11,848 INFO  [io.api.tes.ser.api.KafkaSerdesTester] (Thread-621) Sending message {"key11755103331625": "value-6"} to topic topic-64d6cb48_7f9d_475b_a0ae_d02c40b3b6e9
2025-08-13 16:42:11,850 INFO  [io.api.tes.ser.api.KafkaSerdesTester] (Thread-621) Sending message {"key11755103331625": "value-7"} to topic topic-64d6cb48_7f9d_475b_a0ae_d02c40b3b6e9
2025-08-13 16:42:11,852 INFO  [io.api.tes.ser.api.KafkaSerdesTester] (Thread-621) Sending message {"key11755103331625": "value-8"} to topic topic-64d6cb48_7f9d_475b_a0ae_d02c40b3b6e9
2025-08-13 16:42:11,854 INFO  [io.api.tes.ser.api.KafkaSerdesTester] (Thread-621) Sending message {"key11755103331625": "value-9"} to topic topic-64d6cb48_7f9d_475b_a0ae_d02c40b3b6e9
2025-08-13 16:42:11,855 INFO  [io.api.tes.ser.api.KafkaSerdesTester] (Thread-621) Produced 10 messages
2025-08-13 16:42:11,855 INFO  [org.apa.kaf.cli.pro.KafkaProducer] (Thread-621) [Producer clientId=Producer-topic-64d6cb48_7f9d_475b_a0ae_d02c40b3b6e9] Closing the Kafka producer with timeoutMillis = 9223372036854775807 ms.
2025-08-13 16:42:11,858 INFO  [org.apa.kaf.com.met.Metrics] (Thread-621) Metrics scheduler closed
2025-08-13 16:42:11,858 INFO  [org.apa.kaf.com.met.Metrics] (Thread-621) Closing reporter org.apache.kafka.common.metrics.JmxReporter
2025-08-13 16:42:11,859 INFO  [org.apa.kaf.com.met.Metrics] (Thread-621) Closing reporter org.apache.kafka.common.telemetry.internals.ClientTelemetryReporter
2025-08-13 16:42:11,859 INFO  [org.apa.kaf.com.met.Metrics] (Thread-621) Metrics reporters closed
2025-08-13 16:42:11,859 INFO  [org.apa.kaf.com.uti.AppInfoParser] (Thread-621) App info kafka.producer for Producer-topic-64d6cb48_7f9d_475b_a0ae_d02c40b3b6e9 unregistered
**** Registry Base URL: http://registry-app-ksql047.apps.ci419.apicurio-testing.org:80
2025-08-13 16:42:11,884 INFO  [org.apa.kaf.cli.con.ConsumerConfig] (main) ConsumerConfig values: 
	allow.auto.create.topics = true
	auto.commit.interval.ms = 500
	auto.include.jmx.reporter = true
	auto.offset.reset = earliest
	bootstrap.servers = [PLAINTEXT://localhost:32769]
	check.crcs = true
	client.dns.lookup = use_all_dns_ips
	client.id = consumer-Consumer-topic-64d6cb48_7f9d_475b_a0ae_d02c40b3b6e9-4
	client.rack = 
	connections.max.idle.ms = 10000
	default.api.timeout.ms = 60000
	enable.auto.commit = true
	enable.metrics.push = true
	exclude.internal.topics = true
	fetch.max.bytes = 52428800
	fetch.max.wait.ms = 500
	fetch.min.bytes = 1
	group.id = Consumer-topic-64d6cb48_7f9d_475b_a0ae_d02c40b3b6e9
	group.instance.id = null
	group.protocol = classic
	group.remote.assignor = null
	heartbeat.interval.ms = 3000
	interceptor.classes = []
	internal.leave.group.on.close = true
	internal.throw.on.fetch.stable.offset.unsupported = false
	isolation.level = read_uncommitted
	key.deserializer = class org.apache.kafka.common.serialization.StringDeserializer
	max.partition.fetch.bytes = 1048576
	max.poll.interval.ms = 300000
	max.poll.records = 500
	metadata.max.age.ms = 300000
	metadata.recovery.strategy = none
	metric.reporters = []
	metrics.num.samples = 2
	metrics.recording.level = INFO
	metrics.sample.window.ms = 30000
	partition.assignment.strategy = [class org.apache.kafka.clients.consumer.RangeAssignor, class org.apache.kafka.clients.consumer.CooperativeStickyAssignor]
	receive.buffer.bytes = 65536
	reconnect.backoff.max.ms = 1000
	reconnect.backoff.ms = 50
	request.timeout.ms = 5000
	retry.backoff.max.ms = 1000
	retry.backoff.ms = 100
	sasl.client.callback.handler.class = null
	sasl.jaas.config = null
	sasl.kerberos.kinit.cmd = /usr/bin/kinit
	sasl.kerberos.min.time.before.relogin = 60000
	sasl.kerberos.service.name = null
	sasl.kerberos.ticket.renew.jitter = 0.05
	sasl.kerberos.ticket.renew.window.factor = 0.8
	sasl.login.callback.handler.class = null
	sasl.login.class = null
	sasl.login.connect.timeout.ms = null
	sasl.login.read.timeout.ms = null
	sasl.login.refresh.buffer.seconds = 300
	sasl.login.refresh.min.period.seconds = 60
	sasl.login.refresh.window.factor = 0.8
	sasl.login.refresh.window.jitter = 0.05
	sasl.login.retry.backoff.max.ms = 10000
	sasl.login.retry.backoff.ms = 100
	sasl.mechanism = GSSAPI
	sasl.oauthbearer.clock.skew.seconds = 30
	sasl.oauthbearer.expected.audience = null
	sasl.oauthbearer.expected.issuer = null
	sasl.oauthbearer.header.urlencode = false
	sasl.oauthbearer.jwks.endpoint.refresh.ms = 3600000
	sasl.oauthbearer.jwks.endpoint.retry.backoff.max.ms = 10000
	sasl.oauthbearer.jwks.endpoint.retry.backoff.ms = 100
	sasl.oauthbearer.jwks.endpoint.url = null
	sasl.oauthbearer.scope.claim.name = scope
	sasl.oauthbearer.sub.claim.name = sub
	sasl.oauthbearer.token.endpoint.url = null
	security.protocol = PLAINTEXT
	security.providers = null
	send.buffer.bytes = 131072
	session.timeout.ms = 45000
	socket.connection.setup.timeout.max.ms = 30000
	socket.connection.setup.timeout.ms = 10000
	ssl.cipher.suites = null
	ssl.enabled.protocols = [TLSv1.2, TLSv1.3]
	ssl.endpoint.identification.algorithm = https
	ssl.engine.factory.class = null
	ssl.key.password = null
	ssl.keymanager.algorithm = SunX509
	ssl.keystore.certificate.chain = null
	ssl.keystore.key = null
	ssl.keystore.location = null
	ssl.keystore.password = null
	ssl.keystore.type = JKS
	ssl.protocol = TLSv1.3
	ssl.provider = null
	ssl.secure.random.implementation = null
	ssl.trustmanager.algorithm = PKIX
	ssl.truststore.certificates = null
	ssl.truststore.location = null
	ssl.truststore.password = null
	ssl.truststore.type = JKS
	value.deserializer = class io.apicurio.registry.serde.avro.AvroKafkaDeserializer

2025-08-13 16:42:11,884 INFO  [org.apa.kaf.com.tel.int.KafkaMetricsCollector] (main) initializing Kafka metrics collector
2025-08-13 16:42:11,891 INFO  [org.apa.kaf.cli.con.ConsumerConfig] (main) These configurations '[apicurio.registry.url]' were supplied but are not used yet.
2025-08-13 16:42:11,892 INFO  [org.apa.kaf.com.uti.AppInfoParser] (main) Kafka version: 3.9.1
2025-08-13 16:42:11,892 INFO  [org.apa.kaf.com.uti.AppInfoParser] (main) Kafka commitId: f745dfdcee2b9851
2025-08-13 16:42:11,892 INFO  [org.apa.kaf.com.uti.AppInfoParser] (main) Kafka startTimeMs: 1755103331892
2025-08-13 16:42:11,893 INFO  [org.apa.kaf.cli.con.int.ClassicKafkaConsumer] (Thread-624) [Consumer clientId=consumer-Consumer-topic-64d6cb48_7f9d_475b_a0ae_d02c40b3b6e9-4, groupId=Consumer-topic-64d6cb48_7f9d_475b_a0ae_d02c40b3b6e9] Subscribed to topic(s): topic-64d6cb48_7f9d_475b_a0ae_d02c40b3b6e9
2025-08-13 16:42:11,901 INFO  [org.apa.kaf.cli.Metadata] (Thread-624) [Consumer clientId=consumer-Consumer-topic-64d6cb48_7f9d_475b_a0ae_d02c40b3b6e9-4, groupId=Consumer-topic-64d6cb48_7f9d_475b_a0ae_d02c40b3b6e9] Cluster ID: MGWopiWBQlear_SiqMs63w
2025-08-13 16:42:11,904 INFO  [org.apa.kaf.cli.con.int.ConsumerCoordinator] (Thread-624) [Consumer clientId=consumer-Consumer-topic-64d6cb48_7f9d_475b_a0ae_d02c40b3b6e9-4, groupId=Consumer-topic-64d6cb48_7f9d_475b_a0ae_d02c40b3b6e9] Discovered group coordinator localhost:32769 (id: 2147483647 rack: null)
2025-08-13 16:42:11,909 INFO  [org.apa.kaf.cli.con.int.ConsumerCoordinator] (Thread-624) [Consumer clientId=consumer-Consumer-topic-64d6cb48_7f9d_475b_a0ae_d02c40b3b6e9-4, groupId=Consumer-topic-64d6cb48_7f9d_475b_a0ae_d02c40b3b6e9] (Re-)joining group
2025-08-13 16:42:11,912 INFO  [org.apa.kaf.cli.con.int.ConsumerCoordinator] (Thread-624) [Consumer clientId=consumer-Consumer-topic-64d6cb48_7f9d_475b_a0ae_d02c40b3b6e9-4, groupId=Consumer-topic-64d6cb48_7f9d_475b_a0ae_d02c40b3b6e9] Request joining group due to: need to re-join with the given member-id: consumer-Consumer-topic-64d6cb48_7f9d_475b_a0ae_d02c40b3b6e9-4-64f58e3d-398e-459f-baa4-449dfe16aaef
2025-08-13 16:42:11,912 INFO  [org.apa.kaf.cli.con.int.ConsumerCoordinator] (Thread-624) [Consumer clientId=consumer-Consumer-topic-64d6cb48_7f9d_475b_a0ae_d02c40b3b6e9-4, groupId=Consumer-topic-64d6cb48_7f9d_475b_a0ae_d02c40b3b6e9] (Re-)joining group
2025-08-13 16:42:12,894 INFO  [io.api.tes.ser.api.KafkaSerdesTester] (Thread-624) None found
2025-08-13 16:42:13,895 INFO  [io.api.tes.ser.api.KafkaSerdesTester] (Thread-624) None found
2025-08-13 16:42:14,895 INFO  [io.api.tes.ser.api.KafkaSerdesTester] (Thread-624) None found
2025-08-13 16:42:14,914 INFO  [org.apa.kaf.cli.con.int.ConsumerCoordinator] (Thread-624) [Consumer clientId=consumer-Consumer-topic-64d6cb48_7f9d_475b_a0ae_d02c40b3b6e9-4, groupId=Consumer-topic-64d6cb48_7f9d_475b_a0ae_d02c40b3b6e9] Successfully joined group with generation Generation{generationId=1, memberId='consumer-Consumer-topic-64d6cb48_7f9d_475b_a0ae_d02c40b3b6e9-4-64f58e3d-398e-459f-baa4-449dfe16aaef', protocol='range'}
2025-08-13 16:42:14,915 INFO  [org.apa.kaf.cli.con.int.ConsumerCoordinator] (Thread-624) [Consumer clientId=consumer-Consumer-topic-64d6cb48_7f9d_475b_a0ae_d02c40b3b6e9-4, groupId=Consumer-topic-64d6cb48_7f9d_475b_a0ae_d02c40b3b6e9] Finished assignment for group at generation 1: {consumer-Consumer-topic-64d6cb48_7f9d_475b_a0ae_d02c40b3b6e9-4-64f58e3d-398e-459f-baa4-449dfe16aaef=Assignment(partitions=[topic-64d6cb48_7f9d_475b_a0ae_d02c40b3b6e9-0])}
2025-08-13 16:42:14,923 INFO  [org.apa.kaf.cli.con.int.ConsumerCoordinator] (Thread-624) [Consumer clientId=consumer-Consumer-topic-64d6cb48_7f9d_475b_a0ae_d02c40b3b6e9-4, groupId=Consumer-topic-64d6cb48_7f9d_475b_a0ae_d02c40b3b6e9] Successfully synced group in generation Generation{generationId=1, memberId='consumer-Consumer-topic-64d6cb48_7f9d_475b_a0ae_d02c40b3b6e9-4-64f58e3d-398e-459f-baa4-449dfe16aaef', protocol='range'}
2025-08-13 16:42:14,923 INFO  [org.apa.kaf.cli.con.int.ConsumerCoordinator] (Thread-624) [Consumer clientId=consumer-Consumer-topic-64d6cb48_7f9d_475b_a0ae_d02c40b3b6e9-4, groupId=Consumer-topic-64d6cb48_7f9d_475b_a0ae_d02c40b3b6e9] Notifying assignor about the new Assignment(partitions=[topic-64d6cb48_7f9d_475b_a0ae_d02c40b3b6e9-0])
2025-08-13 16:42:14,923 INFO  [org.apa.kaf.cli.con.int.ConsumerRebalanceListenerInvoker] (Thread-624) [Consumer clientId=consumer-Consumer-topic-64d6cb48_7f9d_475b_a0ae_d02c40b3b6e9-4, groupId=Consumer-topic-64d6cb48_7f9d_475b_a0ae_d02c40b3b6e9] Adding newly assigned partitions: topic-64d6cb48_7f9d_475b_a0ae_d02c40b3b6e9-0
2025-08-13 16:42:14,925 INFO  [org.apa.kaf.cli.con.int.ConsumerCoordinator] (Thread-624) [Consumer clientId=consumer-Consumer-topic-64d6cb48_7f9d_475b_a0ae_d02c40b3b6e9-4, groupId=Consumer-topic-64d6cb48_7f9d_475b_a0ae_d02c40b3b6e9] Found no committed offset for partition topic-64d6cb48_7f9d_475b_a0ae_d02c40b3b6e9-0
2025-08-13 16:42:14,926 INFO  [org.apa.kaf.cli.con.int.SubscriptionState] (Thread-624) [Consumer clientId=consumer-Consumer-topic-64d6cb48_7f9d_475b_a0ae_d02c40b3b6e9-4, groupId=Consumer-topic-64d6cb48_7f9d_475b_a0ae_d02c40b3b6e9] Resetting offset for partition topic-64d6cb48_7f9d_475b_a0ae_d02c40b3b6e9-0 to position FetchPosition{offset=0, offsetEpoch=Optional.empty, currentLeader=LeaderAndEpoch{leader=Optional[localhost:32769 (id: 0 rack: null)], epoch=0}}.
2025-08-13 16:42:14,954 INFO  [io.api.tes.ser.api.KafkaSerdesTester] (Thread-624) topic-64d6cb48_7f9d_475b_a0ae_d02c40b3b6e9 0 0 {"key11755103331625": "value-0"}
2025-08-13 16:42:14,954 INFO  [io.api.tes.ser.api.KafkaSerdesTester] (Thread-624) topic-64d6cb48_7f9d_475b_a0ae_d02c40b3b6e9 0 1 {"key11755103331625": "value-1"}
2025-08-13 16:42:14,954 INFO  [io.api.tes.ser.api.KafkaSerdesTester] (Thread-624) topic-64d6cb48_7f9d_475b_a0ae_d02c40b3b6e9 0 2 {"key11755103331625": "value-2"}
2025-08-13 16:42:14,954 INFO  [io.api.tes.ser.api.KafkaSerdesTester] (Thread-624) topic-64d6cb48_7f9d_475b_a0ae_d02c40b3b6e9 0 3 {"key11755103331625": "value-3"}
2025-08-13 16:42:14,954 INFO  [io.api.tes.ser.api.KafkaSerdesTester] (Thread-624) topic-64d6cb48_7f9d_475b_a0ae_d02c40b3b6e9 0 4 {"key11755103331625": "value-4"}
2025-08-13 16:42:14,954 INFO  [io.api.tes.ser.api.KafkaSerdesTester] (Thread-624) topic-64d6cb48_7f9d_475b_a0ae_d02c40b3b6e9 0 5 {"key11755103331625": "value-5"}
2025-08-13 16:42:14,955 INFO  [io.api.tes.ser.api.KafkaSerdesTester] (Thread-624) topic-64d6cb48_7f9d_475b_a0ae_d02c40b3b6e9 0 6 {"key11755103331625": "value-6"}
2025-08-13 16:42:14,955 INFO  [io.api.tes.ser.api.KafkaSerdesTester] (Thread-624) topic-64d6cb48_7f9d_475b_a0ae_d02c40b3b6e9 0 7 {"key11755103331625": "value-7"}
2025-08-13 16:42:14,955 INFO  [io.api.tes.ser.api.KafkaSerdesTester] (Thread-624) topic-64d6cb48_7f9d_475b_a0ae_d02c40b3b6e9 0 8 {"key11755103331625": "value-8"}
2025-08-13 16:42:14,955 INFO  [io.api.tes.ser.api.KafkaSerdesTester] (Thread-624) topic-64d6cb48_7f9d_475b_a0ae_d02c40b3b6e9 0 9 {"key11755103331625": "value-9"}
2025-08-13 16:42:14,955 INFO  [io.api.tes.ser.api.KafkaSerdesTester] (Thread-624) Consumed 10 messages
2025-08-13 16:42:14,963 INFO  [org.apa.kaf.cli.con.int.ConsumerRebalanceListenerInvoker] (Thread-624) [Consumer clientId=consumer-Consumer-topic-64d6cb48_7f9d_475b_a0ae_d02c40b3b6e9-4, groupId=Consumer-topic-64d6cb48_7f9d_475b_a0ae_d02c40b3b6e9] Revoke previously assigned partitions topic-64d6cb48_7f9d_475b_a0ae_d02c40b3b6e9-0
2025-08-13 16:42:14,963 INFO  [org.apa.kaf.cli.con.int.ConsumerCoordinator] (Thread-624) [Consumer clientId=consumer-Consumer-topic-64d6cb48_7f9d_475b_a0ae_d02c40b3b6e9-4, groupId=Consumer-topic-64d6cb48_7f9d_475b_a0ae_d02c40b3b6e9] Member consumer-Consumer-topic-64d6cb48_7f9d_475b_a0ae_d02c40b3b6e9-4-64f58e3d-398e-459f-baa4-449dfe16aaef sending LeaveGroup request to coordinator localhost:32769 (id: 2147483647 rack: null) due to the consumer is being closed
2025-08-13 16:42:14,963 INFO  [org.apa.kaf.cli.con.int.ConsumerCoordinator] (Thread-624) [Consumer clientId=consumer-Consumer-topic-64d6cb48_7f9d_475b_a0ae_d02c40b3b6e9-4, groupId=Consumer-topic-64d6cb48_7f9d_475b_a0ae_d02c40b3b6e9] Resetting generation and member id due to: consumer pro-actively leaving the group
2025-08-13 16:42:14,963 INFO  [org.apa.kaf.cli.con.int.ConsumerCoordinator] (Thread-624) [Consumer clientId=consumer-Consumer-topic-64d6cb48_7f9d_475b_a0ae_d02c40b3b6e9-4, groupId=Consumer-topic-64d6cb48_7f9d_475b_a0ae_d02c40b3b6e9] Request joining group due to: consumer pro-actively leaving the group
2025-08-13 16:42:15,458 INFO  [org.apa.kaf.com.met.Metrics] (Thread-624) Metrics scheduler closed
2025-08-13 16:42:15,459 INFO  [org.apa.kaf.com.met.Metrics] (Thread-624) Closing reporter org.apache.kafka.common.metrics.JmxReporter
2025-08-13 16:42:15,459 INFO  [org.apa.kaf.com.met.Metrics] (Thread-624) Closing reporter org.apache.kafka.common.telemetry.internals.ClientTelemetryReporter
2025-08-13 16:42:15,459 INFO  [org.apa.kaf.com.met.Metrics] (Thread-624) Metrics reporters closed
2025-08-13 16:42:15,463 INFO  [org.apa.kaf.com.uti.AppInfoParser] (Thread-624) App info kafka.consumer for consumer-Consumer-topic-64d6cb48_7f9d_475b_a0ae_d02c40b3b6e9-4 unregistered
2025-08-13 16:42:15,489 INFO  [io.api.tes.uti.TestSeparator] (main) io.apicurio.tests.serdes.apicurio.AvroSerdeIT.testTopicIdStrategyAutoRegister-FINISHED
2025-08-13 16:42:15,489 INFO  [io.api.tes.uti.TestSeparator] (main) ############################################################################
Test passed: testTopicIdStrategyAutoRegister
]]></system-out>
  </testcase>
  <testcase name="testRecordIdStrategydFindLatest" classname="io.apicurio.tests.serdes.apicurio.AvroSerdeIT" time="4.778">
    <system-out><![CDATA[2025-08-13 16:42:15,492 INFO  [io.api.tes.uti.TestSeparator] (main) ############################################################################
2025-08-13 16:42:15,492 INFO  [io.api.tes.uti.TestSeparator] (main) io.apicurio.tests.serdes.apicurio.AvroSerdeIT.testRecordIdStrategydFindLatest-STARTED
2025-08-13 16:42:15,495 INFO  [io.api.tes.ser.api.AvroSerdeIT] (main) Registering Avro Schema: {"type":"record","name":"sc774a037x2887x481bx9f1axe98a67ad53b6","namespace":"safc2efd7x63c9x43edx9bebxc63adabd62fe","fields":[{"name":"key11755103335493","type":"string"}]}
**** Registry Base URL: http://registry-app-ksql047.apps.ci419.apicurio-testing.org:80
2025-08-13 16:42:16,564 INFO  [org.apa.kaf.cli.pro.ProducerConfig] (main) ProducerConfig values: 
	acks = -1
	auto.include.jmx.reporter = true
	batch.size = 16384
	bootstrap.servers = [PLAINTEXT://localhost:32769]
	buffer.memory = 33554432
	client.dns.lookup = use_all_dns_ips
	client.id = Producer-topic-b71a2b49_e7c2_4af5_a63f_50da1f69ca40
	compression.gzip.level = -1
	compression.lz4.level = 9
	compression.type = none
	compression.zstd.level = 3
	connections.max.idle.ms = 10000
	delivery.timeout.ms = 120000
	enable.idempotence = true
	enable.metrics.push = true
	interceptor.classes = []
	key.serializer = class org.apache.kafka.common.serialization.StringSerializer
	linger.ms = 0
	max.block.ms = 60000
	max.in.flight.requests.per.connection = 5
	max.request.size = 1048576
	metadata.max.age.ms = 300000
	metadata.max.idle.ms = 300000
	metadata.recovery.strategy = none
	metric.reporters = []
	metrics.num.samples = 2
	metrics.recording.level = INFO
	metrics.sample.window.ms = 30000
	partitioner.adaptive.partitioning.enable = true
	partitioner.availability.timeout.ms = 0
	partitioner.class = null
	partitioner.ignore.keys = false
	receive.buffer.bytes = 32768
	reconnect.backoff.max.ms = 1000
	reconnect.backoff.ms = 50
	request.timeout.ms = 5000
	retries = 2147483647
	retry.backoff.max.ms = 1000
	retry.backoff.ms = 100
	sasl.client.callback.handler.class = null
	sasl.jaas.config = null
	sasl.kerberos.kinit.cmd = /usr/bin/kinit
	sasl.kerberos.min.time.before.relogin = 60000
	sasl.kerberos.service.name = null
	sasl.kerberos.ticket.renew.jitter = 0.05
	sasl.kerberos.ticket.renew.window.factor = 0.8
	sasl.login.callback.handler.class = null
	sasl.login.class = null
	sasl.login.connect.timeout.ms = null
	sasl.login.read.timeout.ms = null
	sasl.login.refresh.buffer.seconds = 300
	sasl.login.refresh.min.period.seconds = 60
	sasl.login.refresh.window.factor = 0.8
	sasl.login.refresh.window.jitter = 0.05
	sasl.login.retry.backoff.max.ms = 10000
	sasl.login.retry.backoff.ms = 100
	sasl.mechanism = GSSAPI
	sasl.oauthbearer.clock.skew.seconds = 30
	sasl.oauthbearer.expected.audience = null
	sasl.oauthbearer.expected.issuer = null
	sasl.oauthbearer.header.urlencode = false
	sasl.oauthbearer.jwks.endpoint.refresh.ms = 3600000
	sasl.oauthbearer.jwks.endpoint.retry.backoff.max.ms = 10000
	sasl.oauthbearer.jwks.endpoint.retry.backoff.ms = 100
	sasl.oauthbearer.jwks.endpoint.url = null
	sasl.oauthbearer.scope.claim.name = scope
	sasl.oauthbearer.sub.claim.name = sub
	sasl.oauthbearer.token.endpoint.url = null
	security.protocol = PLAINTEXT
	security.providers = null
	send.buffer.bytes = 131072
	socket.connection.setup.timeout.max.ms = 30000
	socket.connection.setup.timeout.ms = 10000
	ssl.cipher.suites = null
	ssl.enabled.protocols = [TLSv1.2, TLSv1.3]
	ssl.endpoint.identification.algorithm = https
	ssl.engine.factory.class = null
	ssl.key.password = null
	ssl.keymanager.algorithm = SunX509
	ssl.keystore.certificate.chain = null
	ssl.keystore.key = null
	ssl.keystore.location = null
	ssl.keystore.password = null
	ssl.keystore.type = JKS
	ssl.protocol = TLSv1.3
	ssl.provider = null
	ssl.secure.random.implementation = null
	ssl.trustmanager.algorithm = PKIX
	ssl.truststore.certificates = null
	ssl.truststore.location = null
	ssl.truststore.password = null
	ssl.truststore.type = JKS
	transaction.timeout.ms = 60000
	transactional.id = null
	value.serializer = class io.apicurio.registry.serde.avro.AvroKafkaSerializer

2025-08-13 16:42:16,564 INFO  [org.apa.kaf.com.tel.int.KafkaMetricsCollector] (main) initializing Kafka metrics collector
2025-08-13 16:42:16,568 INFO  [org.apa.kaf.cli.pro.KafkaProducer] (main) [Producer clientId=Producer-topic-b71a2b49_e7c2_4af5_a63f_50da1f69ca40] Instantiated an idempotent producer.
2025-08-13 16:42:16,571 INFO  [org.apa.kaf.cli.pro.ProducerConfig] (main) These configurations '[apicurio.registry.find-latest, apicurio.registry.url, apicurio.registry.artifact-resolver-strategy]' were supplied but are not used yet.
2025-08-13 16:42:16,571 INFO  [org.apa.kaf.com.uti.AppInfoParser] (main) Kafka version: 3.9.1
2025-08-13 16:42:16,571 INFO  [org.apa.kaf.com.uti.AppInfoParser] (main) Kafka commitId: f745dfdcee2b9851
2025-08-13 16:42:16,571 INFO  [org.apa.kaf.com.uti.AppInfoParser] (main) Kafka startTimeMs: 1755103336571
2025-08-13 16:42:16,571 INFO  [io.api.tes.ser.api.SimpleSerdesTesterBuilder$SimpleSerdesTester] (main) Using producer configuration: {apicurio.registry.find-latest=true, apicurio.registry.url=http://registry-app-ksql047.apps.ci419.apicurio-testing.org:80/apis/registry/v3, apicurio.registry.artifact-resolver-strategy=io.apicurio.registry.serde.avro.strategy.RecordIdStrategy, value.serializer=io.apicurio.registry.serde.avro.AvroKafkaSerializer, request.timeout.ms=5000, acks=all, bootstrap.servers=PLAINTEXT://localhost:32769, connections.max.idle.ms=10000, key.serializer=org.apache.kafka.common.serialization.StringSerializer, client.id=Producer-topic-b71a2b49_e7c2_4af5_a63f_50da1f69ca40}
2025-08-13 16:42:16,571 INFO  [io.api.tes.ser.api.SimpleSerdesTesterBuilder$SimpleSerdesTester] (main) Using consumer configuration: {}
2025-08-13 16:42:16,573 INFO  [io.api.tes.ser.api.KafkaSerdesTester] (Thread-627) Sending message {"key11755103335493": "value-0"} to topic topic-b71a2b49_e7c2_4af5_a63f_50da1f69ca40
2025-08-13 16:42:16,578 INFO  [org.apa.kaf.cli.Metadata] (kafka-producer-network-thread | Producer-topic-b71a2b49_e7c2_4af5_a63f_50da1f69ca40) [Producer clientId=Producer-topic-b71a2b49_e7c2_4af5_a63f_50da1f69ca40] Cluster ID: MGWopiWBQlear_SiqMs63w
2025-08-13 16:42:16,580 INFO  [org.apa.kaf.cli.pro.int.TransactionManager] (kafka-producer-network-thread | Producer-topic-b71a2b49_e7c2_4af5_a63f_50da1f69ca40) [Producer clientId=Producer-topic-b71a2b49_e7c2_4af5_a63f_50da1f69ca40] ProducerId set to 5 with epoch 0
2025-08-13 16:42:16,624 INFO  [io.api.tes.ser.api.KafkaSerdesTester] (Thread-627) Sending message {"key11755103335493": "value-1"} to topic topic-b71a2b49_e7c2_4af5_a63f_50da1f69ca40
2025-08-13 16:42:16,627 INFO  [io.api.tes.ser.api.KafkaSerdesTester] (Thread-627) Sending message {"key11755103335493": "value-2"} to topic topic-b71a2b49_e7c2_4af5_a63f_50da1f69ca40
2025-08-13 16:42:16,630 INFO  [io.api.tes.ser.api.KafkaSerdesTester] (Thread-627) Sending message {"key11755103335493": "value-3"} to topic topic-b71a2b49_e7c2_4af5_a63f_50da1f69ca40
2025-08-13 16:42:16,632 INFO  [io.api.tes.ser.api.KafkaSerdesTester] (Thread-627) Sending message {"key11755103335493": "value-4"} to topic topic-b71a2b49_e7c2_4af5_a63f_50da1f69ca40
2025-08-13 16:42:16,637 INFO  [io.api.tes.ser.api.KafkaSerdesTester] (Thread-627) Sending message {"key11755103335493": "value-5"} to topic topic-b71a2b49_e7c2_4af5_a63f_50da1f69ca40
2025-08-13 16:42:16,641 INFO  [io.api.tes.ser.api.KafkaSerdesTester] (Thread-627) Sending message {"key11755103335493": "value-6"} to topic topic-b71a2b49_e7c2_4af5_a63f_50da1f69ca40
2025-08-13 16:42:16,646 INFO  [io.api.tes.ser.api.KafkaSerdesTester] (Thread-627) Sending message {"key11755103335493": "value-7"} to topic topic-b71a2b49_e7c2_4af5_a63f_50da1f69ca40
2025-08-13 16:42:16,650 INFO  [io.api.tes.ser.api.KafkaSerdesTester] (Thread-627) Sending message {"key11755103335493": "value-8"} to topic topic-b71a2b49_e7c2_4af5_a63f_50da1f69ca40
2025-08-13 16:42:16,653 INFO  [io.api.tes.ser.api.KafkaSerdesTester] (Thread-627) Sending message {"key11755103335493": "value-9"} to topic topic-b71a2b49_e7c2_4af5_a63f_50da1f69ca40
2025-08-13 16:42:16,657 INFO  [io.api.tes.ser.api.KafkaSerdesTester] (Thread-627) Produced 10 messages
2025-08-13 16:42:16,657 INFO  [org.apa.kaf.cli.pro.KafkaProducer] (Thread-627) [Producer clientId=Producer-topic-b71a2b49_e7c2_4af5_a63f_50da1f69ca40] Closing the Kafka producer with timeoutMillis = 9223372036854775807 ms.
2025-08-13 16:42:16,659 INFO  [org.apa.kaf.com.met.Metrics] (Thread-627) Metrics scheduler closed
2025-08-13 16:42:16,660 INFO  [org.apa.kaf.com.met.Metrics] (Thread-627) Closing reporter org.apache.kafka.common.metrics.JmxReporter
2025-08-13 16:42:16,660 INFO  [org.apa.kaf.com.met.Metrics] (Thread-627) Closing reporter org.apache.kafka.common.telemetry.internals.ClientTelemetryReporter
2025-08-13 16:42:16,660 INFO  [org.apa.kaf.com.met.Metrics] (Thread-627) Metrics reporters closed
2025-08-13 16:42:16,660 INFO  [org.apa.kaf.com.uti.AppInfoParser] (Thread-627) App info kafka.producer for Producer-topic-b71a2b49_e7c2_4af5_a63f_50da1f69ca40 unregistered
**** Registry Base URL: http://registry-app-ksql047.apps.ci419.apicurio-testing.org:80
2025-08-13 16:42:16,661 INFO  [org.apa.kaf.cli.con.ConsumerConfig] (main) ConsumerConfig values: 
	allow.auto.create.topics = true
	auto.commit.interval.ms = 500
	auto.include.jmx.reporter = true
	auto.offset.reset = earliest
	bootstrap.servers = [PLAINTEXT://localhost:32769]
	check.crcs = true
	client.dns.lookup = use_all_dns_ips
	client.id = consumer-Consumer-topic-b71a2b49_e7c2_4af5_a63f_50da1f69ca40-5
	client.rack = 
	connections.max.idle.ms = 10000
	default.api.timeout.ms = 60000
	enable.auto.commit = true
	enable.metrics.push = true
	exclude.internal.topics = true
	fetch.max.bytes = 52428800
	fetch.max.wait.ms = 500
	fetch.min.bytes = 1
	group.id = Consumer-topic-b71a2b49_e7c2_4af5_a63f_50da1f69ca40
	group.instance.id = null
	group.protocol = classic
	group.remote.assignor = null
	heartbeat.interval.ms = 3000
	interceptor.classes = []
	internal.leave.group.on.close = true
	internal.throw.on.fetch.stable.offset.unsupported = false
	isolation.level = read_uncommitted
	key.deserializer = class org.apache.kafka.common.serialization.StringDeserializer
	max.partition.fetch.bytes = 1048576
	max.poll.interval.ms = 300000
	max.poll.records = 500
	metadata.max.age.ms = 300000
	metadata.recovery.strategy = none
	metric.reporters = []
	metrics.num.samples = 2
	metrics.recording.level = INFO
	metrics.sample.window.ms = 30000
	partition.assignment.strategy = [class org.apache.kafka.clients.consumer.RangeAssignor, class org.apache.kafka.clients.consumer.CooperativeStickyAssignor]
	receive.buffer.bytes = 65536
	reconnect.backoff.max.ms = 1000
	reconnect.backoff.ms = 50
	request.timeout.ms = 5000
	retry.backoff.max.ms = 1000
	retry.backoff.ms = 100
	sasl.client.callback.handler.class = null
	sasl.jaas.config = null
	sasl.kerberos.kinit.cmd = /usr/bin/kinit
	sasl.kerberos.min.time.before.relogin = 60000
	sasl.kerberos.service.name = null
	sasl.kerberos.ticket.renew.jitter = 0.05
	sasl.kerberos.ticket.renew.window.factor = 0.8
	sasl.login.callback.handler.class = null
	sasl.login.class = null
	sasl.login.connect.timeout.ms = null
	sasl.login.read.timeout.ms = null
	sasl.login.refresh.buffer.seconds = 300
	sasl.login.refresh.min.period.seconds = 60
	sasl.login.refresh.window.factor = 0.8
	sasl.login.refresh.window.jitter = 0.05
	sasl.login.retry.backoff.max.ms = 10000
	sasl.login.retry.backoff.ms = 100
	sasl.mechanism = GSSAPI
	sasl.oauthbearer.clock.skew.seconds = 30
	sasl.oauthbearer.expected.audience = null
	sasl.oauthbearer.expected.issuer = null
	sasl.oauthbearer.header.urlencode = false
	sasl.oauthbearer.jwks.endpoint.refresh.ms = 3600000
	sasl.oauthbearer.jwks.endpoint.retry.backoff.max.ms = 10000
	sasl.oauthbearer.jwks.endpoint.retry.backoff.ms = 100
	sasl.oauthbearer.jwks.endpoint.url = null
	sasl.oauthbearer.scope.claim.name = scope
	sasl.oauthbearer.sub.claim.name = sub
	sasl.oauthbearer.token.endpoint.url = null
	security.protocol = PLAINTEXT
	security.providers = null
	send.buffer.bytes = 131072
	session.timeout.ms = 45000
	socket.connection.setup.timeout.max.ms = 30000
	socket.connection.setup.timeout.ms = 10000
	ssl.cipher.suites = null
	ssl.enabled.protocols = [TLSv1.2, TLSv1.3]
	ssl.endpoint.identification.algorithm = https
	ssl.engine.factory.class = null
	ssl.key.password = null
	ssl.keymanager.algorithm = SunX509
	ssl.keystore.certificate.chain = null
	ssl.keystore.key = null
	ssl.keystore.location = null
	ssl.keystore.password = null
	ssl.keystore.type = JKS
	ssl.protocol = TLSv1.3
	ssl.provider = null
	ssl.secure.random.implementation = null
	ssl.trustmanager.algorithm = PKIX
	ssl.truststore.certificates = null
	ssl.truststore.location = null
	ssl.truststore.password = null
	ssl.truststore.type = JKS
	value.deserializer = class io.apicurio.registry.serde.avro.AvroKafkaDeserializer

2025-08-13 16:42:16,661 INFO  [org.apa.kaf.com.tel.int.KafkaMetricsCollector] (main) initializing Kafka metrics collector
2025-08-13 16:42:16,669 INFO  [org.apa.kaf.cli.con.ConsumerConfig] (main) These configurations '[apicurio.registry.url]' were supplied but are not used yet.
2025-08-13 16:42:16,669 INFO  [org.apa.kaf.com.uti.AppInfoParser] (main) Kafka version: 3.9.1
2025-08-13 16:42:16,669 INFO  [org.apa.kaf.com.uti.AppInfoParser] (main) Kafka commitId: f745dfdcee2b9851
2025-08-13 16:42:16,669 INFO  [org.apa.kaf.com.uti.AppInfoParser] (main) Kafka startTimeMs: 1755103336669
2025-08-13 16:42:16,670 INFO  [org.apa.kaf.cli.con.int.ClassicKafkaConsumer] (Thread-630) [Consumer clientId=consumer-Consumer-topic-b71a2b49_e7c2_4af5_a63f_50da1f69ca40-5, groupId=Consumer-topic-b71a2b49_e7c2_4af5_a63f_50da1f69ca40] Subscribed to topic(s): topic-b71a2b49_e7c2_4af5_a63f_50da1f69ca40
2025-08-13 16:42:16,682 INFO  [org.apa.kaf.cli.Metadata] (Thread-630) [Consumer clientId=consumer-Consumer-topic-b71a2b49_e7c2_4af5_a63f_50da1f69ca40-5, groupId=Consumer-topic-b71a2b49_e7c2_4af5_a63f_50da1f69ca40] Cluster ID: MGWopiWBQlear_SiqMs63w
2025-08-13 16:42:16,686 INFO  [org.apa.kaf.cli.con.int.ConsumerCoordinator] (Thread-630) [Consumer clientId=consumer-Consumer-topic-b71a2b49_e7c2_4af5_a63f_50da1f69ca40-5, groupId=Consumer-topic-b71a2b49_e7c2_4af5_a63f_50da1f69ca40] Discovered group coordinator localhost:32769 (id: 2147483647 rack: null)
2025-08-13 16:42:16,693 INFO  [org.apa.kaf.cli.con.int.ConsumerCoordinator] (Thread-630) [Consumer clientId=consumer-Consumer-topic-b71a2b49_e7c2_4af5_a63f_50da1f69ca40-5, groupId=Consumer-topic-b71a2b49_e7c2_4af5_a63f_50da1f69ca40] (Re-)joining group
2025-08-13 16:42:16,699 INFO  [org.apa.kaf.cli.con.int.ConsumerCoordinator] (Thread-630) [Consumer clientId=consumer-Consumer-topic-b71a2b49_e7c2_4af5_a63f_50da1f69ca40-5, groupId=Consumer-topic-b71a2b49_e7c2_4af5_a63f_50da1f69ca40] Request joining group due to: need to re-join with the given member-id: consumer-Consumer-topic-b71a2b49_e7c2_4af5_a63f_50da1f69ca40-5-9191341b-b1be-4aca-853b-667d0fee1d22
2025-08-13 16:42:16,700 INFO  [org.apa.kaf.cli.con.int.ConsumerCoordinator] (Thread-630) [Consumer clientId=consumer-Consumer-topic-b71a2b49_e7c2_4af5_a63f_50da1f69ca40-5, groupId=Consumer-topic-b71a2b49_e7c2_4af5_a63f_50da1f69ca40] (Re-)joining group
2025-08-13 16:42:17,670 INFO  [io.api.tes.ser.api.KafkaSerdesTester] (Thread-630) None found
2025-08-13 16:42:18,671 INFO  [io.api.tes.ser.api.KafkaSerdesTester] (Thread-630) None found
2025-08-13 16:42:19,672 INFO  [io.api.tes.ser.api.KafkaSerdesTester] (Thread-630) None found
2025-08-13 16:42:19,703 INFO  [org.apa.kaf.cli.con.int.ConsumerCoordinator] (Thread-630) [Consumer clientId=consumer-Consumer-topic-b71a2b49_e7c2_4af5_a63f_50da1f69ca40-5, groupId=Consumer-topic-b71a2b49_e7c2_4af5_a63f_50da1f69ca40] Successfully joined group with generation Generation{generationId=1, memberId='consumer-Consumer-topic-b71a2b49_e7c2_4af5_a63f_50da1f69ca40-5-9191341b-b1be-4aca-853b-667d0fee1d22', protocol='range'}
2025-08-13 16:42:19,704 INFO  [org.apa.kaf.cli.con.int.ConsumerCoordinator] (Thread-630) [Consumer clientId=consumer-Consumer-topic-b71a2b49_e7c2_4af5_a63f_50da1f69ca40-5, groupId=Consumer-topic-b71a2b49_e7c2_4af5_a63f_50da1f69ca40] Finished assignment for group at generation 1: {consumer-Consumer-topic-b71a2b49_e7c2_4af5_a63f_50da1f69ca40-5-9191341b-b1be-4aca-853b-667d0fee1d22=Assignment(partitions=[topic-b71a2b49_e7c2_4af5_a63f_50da1f69ca40-0])}
2025-08-13 16:42:19,711 INFO  [org.apa.kaf.cli.con.int.ConsumerCoordinator] (Thread-630) [Consumer clientId=consumer-Consumer-topic-b71a2b49_e7c2_4af5_a63f_50da1f69ca40-5, groupId=Consumer-topic-b71a2b49_e7c2_4af5_a63f_50da1f69ca40] Successfully synced group in generation Generation{generationId=1, memberId='consumer-Consumer-topic-b71a2b49_e7c2_4af5_a63f_50da1f69ca40-5-9191341b-b1be-4aca-853b-667d0fee1d22', protocol='range'}
2025-08-13 16:42:19,712 INFO  [org.apa.kaf.cli.con.int.ConsumerCoordinator] (Thread-630) [Consumer clientId=consumer-Consumer-topic-b71a2b49_e7c2_4af5_a63f_50da1f69ca40-5, groupId=Consumer-topic-b71a2b49_e7c2_4af5_a63f_50da1f69ca40] Notifying assignor about the new Assignment(partitions=[topic-b71a2b49_e7c2_4af5_a63f_50da1f69ca40-0])
2025-08-13 16:42:19,712 INFO  [org.apa.kaf.cli.con.int.ConsumerRebalanceListenerInvoker] (Thread-630) [Consumer clientId=consumer-Consumer-topic-b71a2b49_e7c2_4af5_a63f_50da1f69ca40-5, groupId=Consumer-topic-b71a2b49_e7c2_4af5_a63f_50da1f69ca40] Adding newly assigned partitions: topic-b71a2b49_e7c2_4af5_a63f_50da1f69ca40-0
2025-08-13 16:42:19,715 INFO  [org.apa.kaf.cli.con.int.ConsumerCoordinator] (Thread-630) [Consumer clientId=consumer-Consumer-topic-b71a2b49_e7c2_4af5_a63f_50da1f69ca40-5, groupId=Consumer-topic-b71a2b49_e7c2_4af5_a63f_50da1f69ca40] Found no committed offset for partition topic-b71a2b49_e7c2_4af5_a63f_50da1f69ca40-0
2025-08-13 16:42:19,732 INFO  [org.apa.kaf.cli.con.int.SubscriptionState] (Thread-630) [Consumer clientId=consumer-Consumer-topic-b71a2b49_e7c2_4af5_a63f_50da1f69ca40-5, groupId=Consumer-topic-b71a2b49_e7c2_4af5_a63f_50da1f69ca40] Resetting offset for partition topic-b71a2b49_e7c2_4af5_a63f_50da1f69ca40-0 to position FetchPosition{offset=0, offsetEpoch=Optional.empty, currentLeader=LeaderAndEpoch{leader=Optional[localhost:32769 (id: 0 rack: null)], epoch=0}}.
2025-08-13 16:42:19,759 INFO  [io.api.tes.ser.api.KafkaSerdesTester] (Thread-630) topic-b71a2b49_e7c2_4af5_a63f_50da1f69ca40 0 0 {"key11755103335493": "value-0"}
2025-08-13 16:42:19,759 INFO  [io.api.tes.ser.api.KafkaSerdesTester] (Thread-630) topic-b71a2b49_e7c2_4af5_a63f_50da1f69ca40 0 1 {"key11755103335493": "value-1"}
2025-08-13 16:42:19,759 INFO  [io.api.tes.ser.api.KafkaSerdesTester] (Thread-630) topic-b71a2b49_e7c2_4af5_a63f_50da1f69ca40 0 2 {"key11755103335493": "value-2"}
2025-08-13 16:42:19,759 INFO  [io.api.tes.ser.api.KafkaSerdesTester] (Thread-630) topic-b71a2b49_e7c2_4af5_a63f_50da1f69ca40 0 3 {"key11755103335493": "value-3"}
2025-08-13 16:42:19,759 INFO  [io.api.tes.ser.api.KafkaSerdesTester] (Thread-630) topic-b71a2b49_e7c2_4af5_a63f_50da1f69ca40 0 4 {"key11755103335493": "value-4"}
2025-08-13 16:42:19,759 INFO  [io.api.tes.ser.api.KafkaSerdesTester] (Thread-630) topic-b71a2b49_e7c2_4af5_a63f_50da1f69ca40 0 5 {"key11755103335493": "value-5"}
2025-08-13 16:42:19,759 INFO  [io.api.tes.ser.api.KafkaSerdesTester] (Thread-630) topic-b71a2b49_e7c2_4af5_a63f_50da1f69ca40 0 6 {"key11755103335493": "value-6"}
2025-08-13 16:42:19,759 INFO  [io.api.tes.ser.api.KafkaSerdesTester] (Thread-630) topic-b71a2b49_e7c2_4af5_a63f_50da1f69ca40 0 7 {"key11755103335493": "value-7"}
2025-08-13 16:42:19,760 INFO  [io.api.tes.ser.api.KafkaSerdesTester] (Thread-630) topic-b71a2b49_e7c2_4af5_a63f_50da1f69ca40 0 8 {"key11755103335493": "value-8"}
2025-08-13 16:42:19,760 INFO  [io.api.tes.ser.api.KafkaSerdesTester] (Thread-630) topic-b71a2b49_e7c2_4af5_a63f_50da1f69ca40 0 9 {"key11755103335493": "value-9"}
2025-08-13 16:42:19,760 INFO  [io.api.tes.ser.api.KafkaSerdesTester] (Thread-630) Consumed 10 messages
2025-08-13 16:42:19,767 INFO  [org.apa.kaf.cli.con.int.ConsumerRebalanceListenerInvoker] (Thread-630) [Consumer clientId=consumer-Consumer-topic-b71a2b49_e7c2_4af5_a63f_50da1f69ca40-5, groupId=Consumer-topic-b71a2b49_e7c2_4af5_a63f_50da1f69ca40] Revoke previously assigned partitions topic-b71a2b49_e7c2_4af5_a63f_50da1f69ca40-0
2025-08-13 16:42:19,768 INFO  [org.apa.kaf.cli.con.int.ConsumerCoordinator] (Thread-630) [Consumer clientId=consumer-Consumer-topic-b71a2b49_e7c2_4af5_a63f_50da1f69ca40-5, groupId=Consumer-topic-b71a2b49_e7c2_4af5_a63f_50da1f69ca40] Member consumer-Consumer-topic-b71a2b49_e7c2_4af5_a63f_50da1f69ca40-5-9191341b-b1be-4aca-853b-667d0fee1d22 sending LeaveGroup request to coordinator localhost:32769 (id: 2147483647 rack: null) due to the consumer is being closed
2025-08-13 16:42:19,768 INFO  [org.apa.kaf.cli.con.int.ConsumerCoordinator] (Thread-630) [Consumer clientId=consumer-Consumer-topic-b71a2b49_e7c2_4af5_a63f_50da1f69ca40-5, groupId=Consumer-topic-b71a2b49_e7c2_4af5_a63f_50da1f69ca40] Resetting generation and member id due to: consumer pro-actively leaving the group
2025-08-13 16:42:19,768 INFO  [org.apa.kaf.cli.con.int.ConsumerCoordinator] (Thread-630) [Consumer clientId=consumer-Consumer-topic-b71a2b49_e7c2_4af5_a63f_50da1f69ca40-5, groupId=Consumer-topic-b71a2b49_e7c2_4af5_a63f_50da1f69ca40] Request joining group due to: consumer pro-actively leaving the group
2025-08-13 16:42:20,262 INFO  [org.apa.kaf.com.met.Metrics] (Thread-630) Metrics scheduler closed
2025-08-13 16:42:20,263 INFO  [org.apa.kaf.com.met.Metrics] (Thread-630) Closing reporter org.apache.kafka.common.metrics.JmxReporter
2025-08-13 16:42:20,263 INFO  [org.apa.kaf.com.met.Metrics] (Thread-630) Closing reporter org.apache.kafka.common.telemetry.internals.ClientTelemetryReporter
2025-08-13 16:42:20,263 INFO  [org.apa.kaf.com.met.Metrics] (Thread-630) Metrics reporters closed
2025-08-13 16:42:20,265 INFO  [org.apa.kaf.com.uti.AppInfoParser] (Thread-630) App info kafka.consumer for consumer-Consumer-topic-b71a2b49_e7c2_4af5_a63f_50da1f69ca40-5 unregistered
2025-08-13 16:42:20,266 INFO  [io.api.tes.uti.TestSeparator] (main) io.apicurio.tests.serdes.apicurio.AvroSerdeIT.testRecordIdStrategydFindLatest-FINISHED
2025-08-13 16:42:20,266 INFO  [io.api.tes.uti.TestSeparator] (main) ############################################################################
Test passed: testRecordIdStrategydFindLatest
]]></system-out>
  </testcase>
  <testcase name="testReflectAutoRegister" classname="io.apicurio.tests.serdes.apicurio.AvroSerdeIT" time="3.912">
    <system-out><![CDATA[2025-08-13 16:42:20,272 INFO  [io.api.tes.uti.TestSeparator] (main) ############################################################################
2025-08-13 16:42:20,272 INFO  [io.api.tes.uti.TestSeparator] (main) io.apicurio.tests.serdes.apicurio.AvroSerdeIT.testReflectAutoRegister-STARTED
**** Registry Base URL: http://registry-app-ksql047.apps.ci419.apicurio-testing.org:80
2025-08-13 16:42:20,277 INFO  [org.apa.kaf.cli.pro.ProducerConfig] (main) ProducerConfig values: 
	acks = -1
	auto.include.jmx.reporter = true
	batch.size = 16384
	bootstrap.servers = [PLAINTEXT://localhost:32769]
	buffer.memory = 33554432
	client.dns.lookup = use_all_dns_ips
	client.id = Producer-topic-da3adbbd_8c43_46ed_ac8a_8f8142af54a9
	compression.gzip.level = -1
	compression.lz4.level = 9
	compression.type = none
	compression.zstd.level = 3
	connections.max.idle.ms = 10000
	delivery.timeout.ms = 120000
	enable.idempotence = true
	enable.metrics.push = true
	interceptor.classes = []
	key.serializer = class org.apache.kafka.common.serialization.StringSerializer
	linger.ms = 0
	max.block.ms = 60000
	max.in.flight.requests.per.connection = 5
	max.request.size = 1048576
	metadata.max.age.ms = 300000
	metadata.max.idle.ms = 300000
	metadata.recovery.strategy = none
	metric.reporters = []
	metrics.num.samples = 2
	metrics.recording.level = INFO
	metrics.sample.window.ms = 30000
	partitioner.adaptive.partitioning.enable = true
	partitioner.availability.timeout.ms = 0
	partitioner.class = null
	partitioner.ignore.keys = false
	receive.buffer.bytes = 32768
	reconnect.backoff.max.ms = 1000
	reconnect.backoff.ms = 50
	request.timeout.ms = 5000
	retries = 2147483647
	retry.backoff.max.ms = 1000
	retry.backoff.ms = 100
	sasl.client.callback.handler.class = null
	sasl.jaas.config = null
	sasl.kerberos.kinit.cmd = /usr/bin/kinit
	sasl.kerberos.min.time.before.relogin = 60000
	sasl.kerberos.service.name = null
	sasl.kerberos.ticket.renew.jitter = 0.05
	sasl.kerberos.ticket.renew.window.factor = 0.8
	sasl.login.callback.handler.class = null
	sasl.login.class = null
	sasl.login.connect.timeout.ms = null
	sasl.login.read.timeout.ms = null
	sasl.login.refresh.buffer.seconds = 300
	sasl.login.refresh.min.period.seconds = 60
	sasl.login.refresh.window.factor = 0.8
	sasl.login.refresh.window.jitter = 0.05
	sasl.login.retry.backoff.max.ms = 10000
	sasl.login.retry.backoff.ms = 100
	sasl.mechanism = GSSAPI
	sasl.oauthbearer.clock.skew.seconds = 30
	sasl.oauthbearer.expected.audience = null
	sasl.oauthbearer.expected.issuer = null
	sasl.oauthbearer.header.urlencode = false
	sasl.oauthbearer.jwks.endpoint.refresh.ms = 3600000
	sasl.oauthbearer.jwks.endpoint.retry.backoff.max.ms = 10000
	sasl.oauthbearer.jwks.endpoint.retry.backoff.ms = 100
	sasl.oauthbearer.jwks.endpoint.url = null
	sasl.oauthbearer.scope.claim.name = scope
	sasl.oauthbearer.sub.claim.name = sub
	sasl.oauthbearer.token.endpoint.url = null
	security.protocol = PLAINTEXT
	security.providers = null
	send.buffer.bytes = 131072
	socket.connection.setup.timeout.max.ms = 30000
	socket.connection.setup.timeout.ms = 10000
	ssl.cipher.suites = null
	ssl.enabled.protocols = [TLSv1.2, TLSv1.3]
	ssl.endpoint.identification.algorithm = https
	ssl.engine.factory.class = null
	ssl.key.password = null
	ssl.keymanager.algorithm = SunX509
	ssl.keystore.certificate.chain = null
	ssl.keystore.key = null
	ssl.keystore.location = null
	ssl.keystore.password = null
	ssl.keystore.type = JKS
	ssl.protocol = TLSv1.3
	ssl.provider = null
	ssl.secure.random.implementation = null
	ssl.trustmanager.algorithm = PKIX
	ssl.truststore.certificates = null
	ssl.truststore.location = null
	ssl.truststore.password = null
	ssl.truststore.type = JKS
	transaction.timeout.ms = 60000
	transactional.id = null
	value.serializer = class io.apicurio.registry.serde.avro.AvroKafkaSerializer

2025-08-13 16:42:20,277 INFO  [org.apa.kaf.com.tel.int.KafkaMetricsCollector] (main) initializing Kafka metrics collector
2025-08-13 16:42:20,295 INFO  [org.apa.kaf.cli.pro.KafkaProducer] (main) [Producer clientId=Producer-topic-da3adbbd_8c43_46ed_ac8a_8f8142af54a9] Instantiated an idempotent producer.
2025-08-13 16:42:20,299 INFO  [org.apa.kaf.cli.pro.ProducerConfig] (main) These configurations '[apicurio.registry.url, apicurio.registry.auto-register, apicurio.registry.artifact-resolver-strategy, apicurio.registry.avro-datum-provider]' were supplied but are not used yet.
2025-08-13 16:42:20,300 INFO  [org.apa.kaf.com.uti.AppInfoParser] (main) Kafka version: 3.9.1
2025-08-13 16:42:20,300 INFO  [org.apa.kaf.com.uti.AppInfoParser] (main) Kafka commitId: f745dfdcee2b9851
2025-08-13 16:42:20,301 INFO  [org.apa.kaf.com.uti.AppInfoParser] (main) Kafka startTimeMs: 1755103340299
2025-08-13 16:42:20,301 INFO  [io.api.tes.ser.api.SimpleSerdesTesterBuilder$SimpleSerdesTester] (main) Using producer configuration: {apicurio.registry.url=http://registry-app-ksql047.apps.ci419.apicurio-testing.org:80/apis/registry/v3, apicurio.registry.auto-register=true, apicurio.registry.artifact-resolver-strategy=io.apicurio.registry.serde.strategy.TopicIdStrategy, value.serializer=io.apicurio.registry.serde.avro.AvroKafkaSerializer, request.timeout.ms=5000, acks=all, bootstrap.servers=PLAINTEXT://localhost:32769, connections.max.idle.ms=10000, key.serializer=org.apache.kafka.common.serialization.StringSerializer, apicurio.registry.avro-datum-provider=io.apicurio.registry.serde.avro.ReflectAvroDatumProvider, client.id=Producer-topic-da3adbbd_8c43_46ed_ac8a_8f8142af54a9}
2025-08-13 16:42:20,301 INFO  [io.api.tes.ser.api.SimpleSerdesTesterBuilder$SimpleSerdesTester] (main) Using consumer configuration: {apicurio.registry.avro-datum-provider=io.apicurio.registry.serde.avro.ReflectAvroDatumProvider}
2025-08-13 16:42:20,302 INFO  [io.api.tes.ser.api.KafkaSerdesTester] (Thread-633) Sending message io.apicurio.tests.common.serdes.TestObject@3dbd29cb to topic topic-da3adbbd_8c43_46ed_ac8a_8f8142af54a9
2025-08-13 16:42:20,314 WARN  [org.apa.kaf.cli.NetworkClient] (kafka-producer-network-thread | Producer-topic-da3adbbd_8c43_46ed_ac8a_8f8142af54a9) [Producer clientId=Producer-topic-da3adbbd_8c43_46ed_ac8a_8f8142af54a9] The metadata response from the cluster reported a recoverable issue with correlation id 1 : {topic-da3adbbd_8c43_46ed_ac8a_8f8142af54a9=UNKNOWN_TOPIC_OR_PARTITION}
2025-08-13 16:42:20,314 INFO  [org.apa.kaf.cli.Metadata] (kafka-producer-network-thread | Producer-topic-da3adbbd_8c43_46ed_ac8a_8f8142af54a9) [Producer clientId=Producer-topic-da3adbbd_8c43_46ed_ac8a_8f8142af54a9] Cluster ID: MGWopiWBQlear_SiqMs63w
2025-08-13 16:42:20,315 INFO  [org.apa.kaf.cli.pro.int.TransactionManager] (kafka-producer-network-thread | Producer-topic-da3adbbd_8c43_46ed_ac8a_8f8142af54a9) [Producer clientId=Producer-topic-da3adbbd_8c43_46ed_ac8a_8f8142af54a9] ProducerId set to 6 with epoch 0
2025-08-13 16:42:20,506 INFO  [io.api.tes.ser.api.KafkaSerdesTester] (Thread-633) Sending message io.apicurio.tests.common.serdes.TestObject@3dbd29cb to topic topic-da3adbbd_8c43_46ed_ac8a_8f8142af54a9
2025-08-13 16:42:20,508 INFO  [io.api.tes.ser.api.KafkaSerdesTester] (Thread-633) Sending message io.apicurio.tests.common.serdes.TestObject@3dbd29cb to topic topic-da3adbbd_8c43_46ed_ac8a_8f8142af54a9
2025-08-13 16:42:20,513 INFO  [io.api.tes.ser.api.KafkaSerdesTester] (Thread-633) Sending message io.apicurio.tests.common.serdes.TestObject@3dbd29cb to topic topic-da3adbbd_8c43_46ed_ac8a_8f8142af54a9
2025-08-13 16:42:20,522 INFO  [io.api.tes.ser.api.KafkaSerdesTester] (Thread-633) Sending message io.apicurio.tests.common.serdes.TestObject@3dbd29cb to topic topic-da3adbbd_8c43_46ed_ac8a_8f8142af54a9
2025-08-13 16:42:20,526 INFO  [io.api.tes.ser.api.KafkaSerdesTester] (Thread-633) Sending message io.apicurio.tests.common.serdes.TestObject@3dbd29cb to topic topic-da3adbbd_8c43_46ed_ac8a_8f8142af54a9
2025-08-13 16:42:20,533 INFO  [io.api.tes.ser.api.KafkaSerdesTester] (Thread-633) Sending message io.apicurio.tests.common.serdes.TestObject@3dbd29cb to topic topic-da3adbbd_8c43_46ed_ac8a_8f8142af54a9
2025-08-13 16:42:20,538 INFO  [io.api.tes.ser.api.KafkaSerdesTester] (Thread-633) Sending message io.apicurio.tests.common.serdes.TestObject@3dbd29cb to topic topic-da3adbbd_8c43_46ed_ac8a_8f8142af54a9
2025-08-13 16:42:20,546 INFO  [io.api.tes.ser.api.KafkaSerdesTester] (Thread-633) Sending message io.apicurio.tests.common.serdes.TestObject@3dbd29cb to topic topic-da3adbbd_8c43_46ed_ac8a_8f8142af54a9
2025-08-13 16:42:20,553 INFO  [io.api.tes.ser.api.KafkaSerdesTester] (Thread-633) Sending message io.apicurio.tests.common.serdes.TestObject@3dbd29cb to topic topic-da3adbbd_8c43_46ed_ac8a_8f8142af54a9
2025-08-13 16:42:20,557 INFO  [io.api.tes.ser.api.KafkaSerdesTester] (Thread-633) Produced 10 messages
2025-08-13 16:42:20,557 INFO  [org.apa.kaf.cli.pro.KafkaProducer] (Thread-633) [Producer clientId=Producer-topic-da3adbbd_8c43_46ed_ac8a_8f8142af54a9] Closing the Kafka producer with timeoutMillis = 9223372036854775807 ms.
2025-08-13 16:42:20,562 INFO  [org.apa.kaf.com.met.Metrics] (Thread-633) Metrics scheduler closed
2025-08-13 16:42:20,562 INFO  [org.apa.kaf.com.met.Metrics] (Thread-633) Closing reporter org.apache.kafka.common.metrics.JmxReporter
2025-08-13 16:42:20,562 INFO  [org.apa.kaf.com.met.Metrics] (Thread-633) Closing reporter org.apache.kafka.common.telemetry.internals.ClientTelemetryReporter
2025-08-13 16:42:20,562 INFO  [org.apa.kaf.com.met.Metrics] (Thread-633) Metrics reporters closed
2025-08-13 16:42:20,563 INFO  [org.apa.kaf.com.uti.AppInfoParser] (Thread-633) App info kafka.producer for Producer-topic-da3adbbd_8c43_46ed_ac8a_8f8142af54a9 unregistered
**** Registry Base URL: http://registry-app-ksql047.apps.ci419.apicurio-testing.org:80
2025-08-13 16:42:20,591 INFO  [org.apa.kaf.cli.con.ConsumerConfig] (main) ConsumerConfig values: 
	allow.auto.create.topics = true
	auto.commit.interval.ms = 500
	auto.include.jmx.reporter = true
	auto.offset.reset = earliest
	bootstrap.servers = [PLAINTEXT://localhost:32769]
	check.crcs = true
	client.dns.lookup = use_all_dns_ips
	client.id = consumer-Consumer-topic-da3adbbd_8c43_46ed_ac8a_8f8142af54a9-6
	client.rack = 
	connections.max.idle.ms = 10000
	default.api.timeout.ms = 60000
	enable.auto.commit = true
	enable.metrics.push = true
	exclude.internal.topics = true
	fetch.max.bytes = 52428800
	fetch.max.wait.ms = 500
	fetch.min.bytes = 1
	group.id = Consumer-topic-da3adbbd_8c43_46ed_ac8a_8f8142af54a9
	group.instance.id = null
	group.protocol = classic
	group.remote.assignor = null
	heartbeat.interval.ms = 3000
	interceptor.classes = []
	internal.leave.group.on.close = true
	internal.throw.on.fetch.stable.offset.unsupported = false
	isolation.level = read_uncommitted
	key.deserializer = class org.apache.kafka.common.serialization.StringDeserializer
	max.partition.fetch.bytes = 1048576
	max.poll.interval.ms = 300000
	max.poll.records = 500
	metadata.max.age.ms = 300000
	metadata.recovery.strategy = none
	metric.reporters = []
	metrics.num.samples = 2
	metrics.recording.level = INFO
	metrics.sample.window.ms = 30000
	partition.assignment.strategy = [class org.apache.kafka.clients.consumer.RangeAssignor, class org.apache.kafka.clients.consumer.CooperativeStickyAssignor]
	receive.buffer.bytes = 65536
	reconnect.backoff.max.ms = 1000
	reconnect.backoff.ms = 50
	request.timeout.ms = 5000
	retry.backoff.max.ms = 1000
	retry.backoff.ms = 100
	sasl.client.callback.handler.class = null
	sasl.jaas.config = null
	sasl.kerberos.kinit.cmd = /usr/bin/kinit
	sasl.kerberos.min.time.before.relogin = 60000
	sasl.kerberos.service.name = null
	sasl.kerberos.ticket.renew.jitter = 0.05
	sasl.kerberos.ticket.renew.window.factor = 0.8
	sasl.login.callback.handler.class = null
	sasl.login.class = null
	sasl.login.connect.timeout.ms = null
	sasl.login.read.timeout.ms = null
	sasl.login.refresh.buffer.seconds = 300
	sasl.login.refresh.min.period.seconds = 60
	sasl.login.refresh.window.factor = 0.8
	sasl.login.refresh.window.jitter = 0.05
	sasl.login.retry.backoff.max.ms = 10000
	sasl.login.retry.backoff.ms = 100
	sasl.mechanism = GSSAPI
	sasl.oauthbearer.clock.skew.seconds = 30
	sasl.oauthbearer.expected.audience = null
	sasl.oauthbearer.expected.issuer = null
	sasl.oauthbearer.header.urlencode = false
	sasl.oauthbearer.jwks.endpoint.refresh.ms = 3600000
	sasl.oauthbearer.jwks.endpoint.retry.backoff.max.ms = 10000
	sasl.oauthbearer.jwks.endpoint.retry.backoff.ms = 100
	sasl.oauthbearer.jwks.endpoint.url = null
	sasl.oauthbearer.scope.claim.name = scope
	sasl.oauthbearer.sub.claim.name = sub
	sasl.oauthbearer.token.endpoint.url = null
	security.protocol = PLAINTEXT
	security.providers = null
	send.buffer.bytes = 131072
	session.timeout.ms = 45000
	socket.connection.setup.timeout.max.ms = 30000
	socket.connection.setup.timeout.ms = 10000
	ssl.cipher.suites = null
	ssl.enabled.protocols = [TLSv1.2, TLSv1.3]
	ssl.endpoint.identification.algorithm = https
	ssl.engine.factory.class = null
	ssl.key.password = null
	ssl.keymanager.algorithm = SunX509
	ssl.keystore.certificate.chain = null
	ssl.keystore.key = null
	ssl.keystore.location = null
	ssl.keystore.password = null
	ssl.keystore.type = JKS
	ssl.protocol = TLSv1.3
	ssl.provider = null
	ssl.secure.random.implementation = null
	ssl.trustmanager.algorithm = PKIX
	ssl.truststore.certificates = null
	ssl.truststore.location = null
	ssl.truststore.password = null
	ssl.truststore.type = JKS
	value.deserializer = class io.apicurio.registry.serde.avro.AvroKafkaDeserializer

2025-08-13 16:42:20,591 INFO  [org.apa.kaf.com.tel.int.KafkaMetricsCollector] (main) initializing Kafka metrics collector
2025-08-13 16:42:20,601 INFO  [org.apa.kaf.cli.con.ConsumerConfig] (main) These configurations '[apicurio.registry.url, apicurio.registry.avro-datum-provider]' were supplied but are not used yet.
2025-08-13 16:42:20,601 INFO  [org.apa.kaf.com.uti.AppInfoParser] (main) Kafka version: 3.9.1
2025-08-13 16:42:20,601 INFO  [org.apa.kaf.com.uti.AppInfoParser] (main) Kafka commitId: f745dfdcee2b9851
2025-08-13 16:42:20,601 INFO  [org.apa.kaf.com.uti.AppInfoParser] (main) Kafka startTimeMs: 1755103340601
2025-08-13 16:42:20,602 INFO  [org.apa.kaf.cli.con.int.ClassicKafkaConsumer] (Thread-636) [Consumer clientId=consumer-Consumer-topic-da3adbbd_8c43_46ed_ac8a_8f8142af54a9-6, groupId=Consumer-topic-da3adbbd_8c43_46ed_ac8a_8f8142af54a9] Subscribed to topic(s): topic-da3adbbd_8c43_46ed_ac8a_8f8142af54a9
2025-08-13 16:42:20,607 INFO  [org.apa.kaf.cli.Metadata] (Thread-636) [Consumer clientId=consumer-Consumer-topic-da3adbbd_8c43_46ed_ac8a_8f8142af54a9-6, groupId=Consumer-topic-da3adbbd_8c43_46ed_ac8a_8f8142af54a9] Cluster ID: MGWopiWBQlear_SiqMs63w
2025-08-13 16:42:20,608 INFO  [org.apa.kaf.cli.con.int.ConsumerCoordinator] (Thread-636) [Consumer clientId=consumer-Consumer-topic-da3adbbd_8c43_46ed_ac8a_8f8142af54a9-6, groupId=Consumer-topic-da3adbbd_8c43_46ed_ac8a_8f8142af54a9] Discovered group coordinator localhost:32769 (id: 2147483647 rack: null)
2025-08-13 16:42:20,611 INFO  [org.apa.kaf.cli.con.int.ConsumerCoordinator] (Thread-636) [Consumer clientId=consumer-Consumer-topic-da3adbbd_8c43_46ed_ac8a_8f8142af54a9-6, groupId=Consumer-topic-da3adbbd_8c43_46ed_ac8a_8f8142af54a9] (Re-)joining group
2025-08-13 16:42:20,615 INFO  [org.apa.kaf.cli.con.int.ConsumerCoordinator] (Thread-636) [Consumer clientId=consumer-Consumer-topic-da3adbbd_8c43_46ed_ac8a_8f8142af54a9-6, groupId=Consumer-topic-da3adbbd_8c43_46ed_ac8a_8f8142af54a9] Request joining group due to: need to re-join with the given member-id: consumer-Consumer-topic-da3adbbd_8c43_46ed_ac8a_8f8142af54a9-6-760ab645-89db-4dae-bb88-0fc4f3b17d94
2025-08-13 16:42:20,615 INFO  [org.apa.kaf.cli.con.int.ConsumerCoordinator] (Thread-636) [Consumer clientId=consumer-Consumer-topic-da3adbbd_8c43_46ed_ac8a_8f8142af54a9-6, groupId=Consumer-topic-da3adbbd_8c43_46ed_ac8a_8f8142af54a9] (Re-)joining group
2025-08-13 16:42:21,603 INFO  [io.api.tes.ser.api.KafkaSerdesTester] (Thread-636) None found
2025-08-13 16:42:22,603 INFO  [io.api.tes.ser.api.KafkaSerdesTester] (Thread-636) None found
2025-08-13 16:42:23,603 INFO  [io.api.tes.ser.api.KafkaSerdesTester] (Thread-636) None found
2025-08-13 16:42:23,617 INFO  [org.apa.kaf.cli.con.int.ConsumerCoordinator] (Thread-636) [Consumer clientId=consumer-Consumer-topic-da3adbbd_8c43_46ed_ac8a_8f8142af54a9-6, groupId=Consumer-topic-da3adbbd_8c43_46ed_ac8a_8f8142af54a9] Successfully joined group with generation Generation{generationId=1, memberId='consumer-Consumer-topic-da3adbbd_8c43_46ed_ac8a_8f8142af54a9-6-760ab645-89db-4dae-bb88-0fc4f3b17d94', protocol='range'}
2025-08-13 16:42:23,617 INFO  [org.apa.kaf.cli.con.int.ConsumerCoordinator] (Thread-636) [Consumer clientId=consumer-Consumer-topic-da3adbbd_8c43_46ed_ac8a_8f8142af54a9-6, groupId=Consumer-topic-da3adbbd_8c43_46ed_ac8a_8f8142af54a9] Finished assignment for group at generation 1: {consumer-Consumer-topic-da3adbbd_8c43_46ed_ac8a_8f8142af54a9-6-760ab645-89db-4dae-bb88-0fc4f3b17d94=Assignment(partitions=[topic-da3adbbd_8c43_46ed_ac8a_8f8142af54a9-0])}
2025-08-13 16:42:23,625 INFO  [org.apa.kaf.cli.con.int.ConsumerCoordinator] (Thread-636) [Consumer clientId=consumer-Consumer-topic-da3adbbd_8c43_46ed_ac8a_8f8142af54a9-6, groupId=Consumer-topic-da3adbbd_8c43_46ed_ac8a_8f8142af54a9] Successfully synced group in generation Generation{generationId=1, memberId='consumer-Consumer-topic-da3adbbd_8c43_46ed_ac8a_8f8142af54a9-6-760ab645-89db-4dae-bb88-0fc4f3b17d94', protocol='range'}
2025-08-13 16:42:23,625 INFO  [org.apa.kaf.cli.con.int.ConsumerCoordinator] (Thread-636) [Consumer clientId=consumer-Consumer-topic-da3adbbd_8c43_46ed_ac8a_8f8142af54a9-6, groupId=Consumer-topic-da3adbbd_8c43_46ed_ac8a_8f8142af54a9] Notifying assignor about the new Assignment(partitions=[topic-da3adbbd_8c43_46ed_ac8a_8f8142af54a9-0])
2025-08-13 16:42:23,625 INFO  [org.apa.kaf.cli.con.int.ConsumerRebalanceListenerInvoker] (Thread-636) [Consumer clientId=consumer-Consumer-topic-da3adbbd_8c43_46ed_ac8a_8f8142af54a9-6, groupId=Consumer-topic-da3adbbd_8c43_46ed_ac8a_8f8142af54a9] Adding newly assigned partitions: topic-da3adbbd_8c43_46ed_ac8a_8f8142af54a9-0
2025-08-13 16:42:23,626 INFO  [org.apa.kaf.cli.con.int.ConsumerCoordinator] (Thread-636) [Consumer clientId=consumer-Consumer-topic-da3adbbd_8c43_46ed_ac8a_8f8142af54a9-6, groupId=Consumer-topic-da3adbbd_8c43_46ed_ac8a_8f8142af54a9] Found no committed offset for partition topic-da3adbbd_8c43_46ed_ac8a_8f8142af54a9-0
2025-08-13 16:42:23,633 INFO  [org.apa.kaf.cli.con.int.SubscriptionState] (Thread-636) [Consumer clientId=consumer-Consumer-topic-da3adbbd_8c43_46ed_ac8a_8f8142af54a9-6, groupId=Consumer-topic-da3adbbd_8c43_46ed_ac8a_8f8142af54a9] Resetting offset for partition topic-da3adbbd_8c43_46ed_ac8a_8f8142af54a9-0 to position FetchPosition{offset=0, offsetEpoch=Optional.empty, currentLeader=LeaderAndEpoch{leader=Optional[localhost:32769 (id: 0 rack: null)], epoch=0}}.
2025-08-13 16:42:23,672 INFO  [io.api.tes.ser.api.KafkaSerdesTester] (Thread-636) topic-da3adbbd_8c43_46ed_ac8a_8f8142af54a9 0 0 io.apicurio.tests.common.serdes.TestObject@3dbd29cb
2025-08-13 16:42:23,672 INFO  [io.api.tes.ser.api.KafkaSerdesTester] (Thread-636) topic-da3adbbd_8c43_46ed_ac8a_8f8142af54a9 0 1 io.apicurio.tests.common.serdes.TestObject@3dbd29cb
2025-08-13 16:42:23,672 INFO  [io.api.tes.ser.api.KafkaSerdesTester] (Thread-636) topic-da3adbbd_8c43_46ed_ac8a_8f8142af54a9 0 2 io.apicurio.tests.common.serdes.TestObject@3dbd29cb
2025-08-13 16:42:23,672 INFO  [io.api.tes.ser.api.KafkaSerdesTester] (Thread-636) topic-da3adbbd_8c43_46ed_ac8a_8f8142af54a9 0 3 io.apicurio.tests.common.serdes.TestObject@3dbd29cb
2025-08-13 16:42:23,673 INFO  [io.api.tes.ser.api.KafkaSerdesTester] (Thread-636) topic-da3adbbd_8c43_46ed_ac8a_8f8142af54a9 0 4 io.apicurio.tests.common.serdes.TestObject@3dbd29cb
2025-08-13 16:42:23,673 INFO  [io.api.tes.ser.api.KafkaSerdesTester] (Thread-636) topic-da3adbbd_8c43_46ed_ac8a_8f8142af54a9 0 5 io.apicurio.tests.common.serdes.TestObject@3dbd29cb
2025-08-13 16:42:23,673 INFO  [io.api.tes.ser.api.KafkaSerdesTester] (Thread-636) topic-da3adbbd_8c43_46ed_ac8a_8f8142af54a9 0 6 io.apicurio.tests.common.serdes.TestObject@3dbd29cb
2025-08-13 16:42:23,673 INFO  [io.api.tes.ser.api.KafkaSerdesTester] (Thread-636) topic-da3adbbd_8c43_46ed_ac8a_8f8142af54a9 0 7 io.apicurio.tests.common.serdes.TestObject@3dbd29cb
2025-08-13 16:42:23,673 INFO  [io.api.tes.ser.api.KafkaSerdesTester] (Thread-636) topic-da3adbbd_8c43_46ed_ac8a_8f8142af54a9 0 8 io.apicurio.tests.common.serdes.TestObject@3dbd29cb
2025-08-13 16:42:23,673 INFO  [io.api.tes.ser.api.KafkaSerdesTester] (Thread-636) topic-da3adbbd_8c43_46ed_ac8a_8f8142af54a9 0 9 io.apicurio.tests.common.serdes.TestObject@3dbd29cb
2025-08-13 16:42:23,673 INFO  [io.api.tes.ser.api.KafkaSerdesTester] (Thread-636) Consumed 10 messages
2025-08-13 16:42:23,680 INFO  [org.apa.kaf.cli.con.int.ConsumerRebalanceListenerInvoker] (Thread-636) [Consumer clientId=consumer-Consumer-topic-da3adbbd_8c43_46ed_ac8a_8f8142af54a9-6, groupId=Consumer-topic-da3adbbd_8c43_46ed_ac8a_8f8142af54a9] Revoke previously assigned partitions topic-da3adbbd_8c43_46ed_ac8a_8f8142af54a9-0
2025-08-13 16:42:23,681 INFO  [org.apa.kaf.cli.con.int.ConsumerCoordinator] (Thread-636) [Consumer clientId=consumer-Consumer-topic-da3adbbd_8c43_46ed_ac8a_8f8142af54a9-6, groupId=Consumer-topic-da3adbbd_8c43_46ed_ac8a_8f8142af54a9] Member consumer-Consumer-topic-da3adbbd_8c43_46ed_ac8a_8f8142af54a9-6-760ab645-89db-4dae-bb88-0fc4f3b17d94 sending LeaveGroup request to coordinator localhost:32769 (id: 2147483647 rack: null) due to the consumer is being closed
2025-08-13 16:42:23,681 INFO  [org.apa.kaf.cli.con.int.ConsumerCoordinator] (Thread-636) [Consumer clientId=consumer-Consumer-topic-da3adbbd_8c43_46ed_ac8a_8f8142af54a9-6, groupId=Consumer-topic-da3adbbd_8c43_46ed_ac8a_8f8142af54a9] Resetting generation and member id due to: consumer pro-actively leaving the group
2025-08-13 16:42:23,681 INFO  [org.apa.kaf.cli.con.int.ConsumerCoordinator] (Thread-636) [Consumer clientId=consumer-Consumer-topic-da3adbbd_8c43_46ed_ac8a_8f8142af54a9-6, groupId=Consumer-topic-da3adbbd_8c43_46ed_ac8a_8f8142af54a9] Request joining group due to: consumer pro-actively leaving the group
2025-08-13 16:42:24,177 INFO  [org.apa.kaf.com.met.Metrics] (Thread-636) Metrics scheduler closed
2025-08-13 16:42:24,177 INFO  [org.apa.kaf.com.met.Metrics] (Thread-636) Closing reporter org.apache.kafka.common.metrics.JmxReporter
2025-08-13 16:42:24,177 INFO  [org.apa.kaf.com.met.Metrics] (Thread-636) Closing reporter org.apache.kafka.common.telemetry.internals.ClientTelemetryReporter
2025-08-13 16:42:24,177 INFO  [org.apa.kaf.com.met.Metrics] (Thread-636) Metrics reporters closed
2025-08-13 16:42:24,179 INFO  [org.apa.kaf.com.uti.AppInfoParser] (Thread-636) App info kafka.consumer for consumer-Consumer-topic-da3adbbd_8c43_46ed_ac8a_8f8142af54a9-6 unregistered
2025-08-13 16:42:24,180 INFO  [io.api.tes.uti.TestSeparator] (main) io.apicurio.tests.serdes.apicurio.AvroSerdeIT.testReflectAutoRegister-FINISHED
2025-08-13 16:42:24,180 INFO  [io.api.tes.uti.TestSeparator] (main) ############################################################################
Test passed: testReflectAutoRegister
]]></system-out>
  </testcase>
  <testcase name="testArtifactNotFound" classname="io.apicurio.tests.serdes.apicurio.AvroSerdeIT" time="0.19">
    <system-out><![CDATA[2025-08-13 16:42:24,184 INFO  [io.api.tes.uti.TestSeparator] (main) ############################################################################
2025-08-13 16:42:24,184 INFO  [io.api.tes.uti.TestSeparator] (main) io.apicurio.tests.serdes.apicurio.AvroSerdeIT.testArtifactNotFound-STARTED
**** Registry Base URL: http://registry-app-ksql047.apps.ci419.apicurio-testing.org:80
2025-08-13 16:42:24,185 INFO  [org.apa.kaf.cli.pro.ProducerConfig] (main) ProducerConfig values: 
	acks = -1
	auto.include.jmx.reporter = true
	batch.size = 16384
	bootstrap.servers = [PLAINTEXT://localhost:32769]
	buffer.memory = 33554432
	client.dns.lookup = use_all_dns_ips
	client.id = Producer-s965c14e0x8e34x4e7axa5dex1684a1c8841b
	compression.gzip.level = -1
	compression.lz4.level = 9
	compression.type = none
	compression.zstd.level = 3
	connections.max.idle.ms = 10000
	delivery.timeout.ms = 120000
	enable.idempotence = true
	enable.metrics.push = true
	interceptor.classes = []
	key.serializer = class org.apache.kafka.common.serialization.StringSerializer
	linger.ms = 0
	max.block.ms = 60000
	max.in.flight.requests.per.connection = 5
	max.request.size = 1048576
	metadata.max.age.ms = 300000
	metadata.max.idle.ms = 300000
	metadata.recovery.strategy = none
	metric.reporters = []
	metrics.num.samples = 2
	metrics.recording.level = INFO
	metrics.sample.window.ms = 30000
	partitioner.adaptive.partitioning.enable = true
	partitioner.availability.timeout.ms = 0
	partitioner.class = null
	partitioner.ignore.keys = false
	receive.buffer.bytes = 32768
	reconnect.backoff.max.ms = 1000
	reconnect.backoff.ms = 50
	request.timeout.ms = 5000
	retries = 2147483647
	retry.backoff.max.ms = 1000
	retry.backoff.ms = 100
	sasl.client.callback.handler.class = null
	sasl.jaas.config = null
	sasl.kerberos.kinit.cmd = /usr/bin/kinit
	sasl.kerberos.min.time.before.relogin = 60000
	sasl.kerberos.service.name = null
	sasl.kerberos.ticket.renew.jitter = 0.05
	sasl.kerberos.ticket.renew.window.factor = 0.8
	sasl.login.callback.handler.class = null
	sasl.login.class = null
	sasl.login.connect.timeout.ms = null
	sasl.login.read.timeout.ms = null
	sasl.login.refresh.buffer.seconds = 300
	sasl.login.refresh.min.period.seconds = 60
	sasl.login.refresh.window.factor = 0.8
	sasl.login.refresh.window.jitter = 0.05
	sasl.login.retry.backoff.max.ms = 10000
	sasl.login.retry.backoff.ms = 100
	sasl.mechanism = GSSAPI
	sasl.oauthbearer.clock.skew.seconds = 30
	sasl.oauthbearer.expected.audience = null
	sasl.oauthbearer.expected.issuer = null
	sasl.oauthbearer.header.urlencode = false
	sasl.oauthbearer.jwks.endpoint.refresh.ms = 3600000
	sasl.oauthbearer.jwks.endpoint.retry.backoff.max.ms = 10000
	sasl.oauthbearer.jwks.endpoint.retry.backoff.ms = 100
	sasl.oauthbearer.jwks.endpoint.url = null
	sasl.oauthbearer.scope.claim.name = scope
	sasl.oauthbearer.sub.claim.name = sub
	sasl.oauthbearer.token.endpoint.url = null
	security.protocol = PLAINTEXT
	security.providers = null
	send.buffer.bytes = 131072
	socket.connection.setup.timeout.max.ms = 30000
	socket.connection.setup.timeout.ms = 10000
	ssl.cipher.suites = null
	ssl.enabled.protocols = [TLSv1.2, TLSv1.3]
	ssl.endpoint.identification.algorithm = https
	ssl.engine.factory.class = null
	ssl.key.password = null
	ssl.keymanager.algorithm = SunX509
	ssl.keystore.certificate.chain = null
	ssl.keystore.key = null
	ssl.keystore.location = null
	ssl.keystore.password = null
	ssl.keystore.type = JKS
	ssl.protocol = TLSv1.3
	ssl.provider = null
	ssl.secure.random.implementation = null
	ssl.trustmanager.algorithm = PKIX
	ssl.truststore.certificates = null
	ssl.truststore.location = null
	ssl.truststore.password = null
	ssl.truststore.type = JKS
	transaction.timeout.ms = 60000
	transactional.id = null
	value.serializer = class io.apicurio.registry.serde.avro.AvroKafkaSerializer

2025-08-13 16:42:24,185 INFO  [org.apa.kaf.com.tel.int.KafkaMetricsCollector] (main) initializing Kafka metrics collector
2025-08-13 16:42:24,196 INFO  [org.apa.kaf.cli.pro.KafkaProducer] (main) [Producer clientId=Producer-s965c14e0x8e34x4e7axa5dex1684a1c8841b] Instantiated an idempotent producer.
2025-08-13 16:42:24,198 INFO  [org.apa.kaf.cli.pro.ProducerConfig] (main) These configurations '[apicurio.registry.url, apicurio.registry.artifact-resolver-strategy]' were supplied but are not used yet.
2025-08-13 16:42:24,199 INFO  [org.apa.kaf.com.uti.AppInfoParser] (main) Kafka version: 3.9.1
2025-08-13 16:42:24,199 INFO  [org.apa.kaf.com.uti.AppInfoParser] (main) Kafka commitId: f745dfdcee2b9851
2025-08-13 16:42:24,199 INFO  [org.apa.kaf.com.uti.AppInfoParser] (main) Kafka startTimeMs: 1755103344199
2025-08-13 16:42:24,202 INFO  [io.api.tes.ser.api.KafkaSerdesTester] (Thread-639) Sending message {"keyB": "value-0"} to topic s965c14e0x8e34x4e7axa5dex1684a1c8841b
2025-08-13 16:42:24,208 WARN  [org.apa.kaf.cli.NetworkClient] (kafka-producer-network-thread | Producer-s965c14e0x8e34x4e7axa5dex1684a1c8841b) [Producer clientId=Producer-s965c14e0x8e34x4e7axa5dex1684a1c8841b] The metadata response from the cluster reported a recoverable issue with correlation id 1 : {s965c14e0x8e34x4e7axa5dex1684a1c8841b=UNKNOWN_TOPIC_OR_PARTITION}
2025-08-13 16:42:24,208 INFO  [org.apa.kaf.cli.Metadata] (kafka-producer-network-thread | Producer-s965c14e0x8e34x4e7axa5dex1684a1c8841b) [Producer clientId=Producer-s965c14e0x8e34x4e7axa5dex1684a1c8841b] Cluster ID: MGWopiWBQlear_SiqMs63w
2025-08-13 16:42:24,209 INFO  [org.apa.kaf.cli.pro.int.TransactionManager] (kafka-producer-network-thread | Producer-s965c14e0x8e34x4e7axa5dex1684a1c8841b) [Producer clientId=Producer-s965c14e0x8e34x4e7axa5dex1684a1c8841b] ProducerId set to 7 with epoch 0
2025-08-13 16:42:24,328 INFO  [DefaultSchemaResolver] (Thread-639) Retrieving schema content using string: {"type":"record","name":"myrecord","namespace":"mygroup","fields":[{"name":"keyB","type":"string"}]}
2025-08-13 16:42:24,366 INFO  [org.apa.kaf.cli.pro.KafkaProducer] (Thread-639) [Producer clientId=Producer-s965c14e0x8e34x4e7axa5dex1684a1c8841b] Closing the Kafka producer with timeoutMillis = 9223372036854775807 ms.
2025-08-13 16:42:24,370 INFO  [org.apa.kaf.com.met.Metrics] (Thread-639) Metrics scheduler closed
2025-08-13 16:42:24,370 INFO  [org.apa.kaf.com.met.Metrics] (Thread-639) Closing reporter org.apache.kafka.common.metrics.JmxReporter
2025-08-13 16:42:24,370 INFO  [org.apa.kaf.com.met.Metrics] (Thread-639) Closing reporter org.apache.kafka.common.telemetry.internals.ClientTelemetryReporter
2025-08-13 16:42:24,370 INFO  [org.apa.kaf.com.met.Metrics] (Thread-639) Metrics reporters closed
2025-08-13 16:42:24,370 INFO  [org.apa.kaf.com.uti.AppInfoParser] (Thread-639) App info kafka.producer for Producer-s965c14e0x8e34x4e7axa5dex1684a1c8841b unregistered
2025-08-13 16:42:24,371 INFO  [io.api.tes.uti.TestSeparator] (main) io.apicurio.tests.serdes.apicurio.AvroSerdeIT.testArtifactNotFound-FINISHED
2025-08-13 16:42:24,371 INFO  [io.api.tes.uti.TestSeparator] (main) ############################################################################
Test passed: testArtifactNotFound
]]></system-out>
    <system-err><![CDATA[java.lang.RuntimeException: Could not resolve artifact reference by content: {"type":"record","name":"myrecord","namespace":"mygroup","fields":[{"name":"keyB","type":"string"}]}&ArtifactReference [groupId=default, artifactId=s965c14e0x8e34x4e7axa5dex1684a1c8841b-value, version=null, globalId=null, contentId=null, contentHash=null]
	at io.apicurio.registry.resolver.DefaultSchemaResolver.lambda$handleResolveSchemaByContent$3(DefaultSchemaResolver.java:265)
	at io.apicurio.registry.resolver.cache.ERCache.lambda$getValue$0(ERCache.java:174)
	at io.apicurio.registry.resolver.cache.ERCache.retry(ERCache.java:227)
	at io.apicurio.registry.resolver.cache.ERCache.getValue(ERCache.java:173)
	at io.apicurio.registry.resolver.cache.ERCache.getByContent(ERCache.java:147)
	at io.apicurio.registry.resolver.DefaultSchemaResolver.handleResolveSchemaByContent(DefaultSchemaResolver.java:253)
	at io.apicurio.registry.resolver.DefaultSchemaResolver.getSchemaFromRegistry(DefaultSchemaResolver.java:138)
	at io.apicurio.registry.resolver.DefaultSchemaResolver.lambda$resolveSchema$0(DefaultSchemaResolver.java:84)
	at java.base/java.util.Optional.orElseGet(Optional.java:364)
	at io.apicurio.registry.resolver.DefaultSchemaResolver.resolveSchema(DefaultSchemaResolver.java:84)
	at io.apicurio.registry.serde.AbstractSerializer.serializeData(AbstractSerializer.java:62)
	at io.apicurio.registry.serde.KafkaSerializer.serialize(KafkaSerializer.java:77)
	at org.apache.kafka.clients.producer.KafkaProducer.doSend(KafkaProducer.java:1046)
	at org.apache.kafka.clients.producer.KafkaProducer.send(KafkaProducer.java:993)
	at org.apache.kafka.clients.producer.KafkaProducer.send(KafkaProducer.java:875)
	at io.apicurio.tests.serdes.apicurio.KafkaSerdesTester.lambda$produceMessages$3(KafkaSerdesTester.java:138)
	at java.base/java.util.concurrent.CompletableFuture$AsyncSupply.run(CompletableFuture.java:1768)
	at java.base/java.lang.Thread.run(Thread.java:840)
]]></system-err>
  </testcase>
  <testcase name="testAvroSerDesFailDifferentSchemaByRecordName" classname="io.apicurio.tests.serdes.apicurio.AvroSerdeIT" time="1.108">
    <system-out><![CDATA[2025-08-13 16:42:24,375 INFO  [io.api.tes.uti.TestSeparator] (main) ############################################################################
2025-08-13 16:42:24,376 INFO  [io.api.tes.uti.TestSeparator] (main) io.apicurio.tests.serdes.apicurio.AvroSerdeIT.testAvroSerDesFailDifferentSchemaByRecordName-STARTED
**** Registry Base URL: http://registry-app-ksql047.apps.ci419.apicurio-testing.org:80
2025-08-13 16:42:25,448 INFO  [org.apa.kaf.cli.pro.ProducerConfig] (main) ProducerConfig values: 
	acks = -1
	auto.include.jmx.reporter = true
	batch.size = 16384
	bootstrap.servers = [PLAINTEXT://localhost:32769]
	buffer.memory = 33554432
	client.dns.lookup = use_all_dns_ips
	client.id = Producer-topic-3723156e_7d43_4c46_ae45_52532c0b1b3b
	compression.gzip.level = -1
	compression.lz4.level = 9
	compression.type = none
	compression.zstd.level = 3
	connections.max.idle.ms = 10000
	delivery.timeout.ms = 120000
	enable.idempotence = true
	enable.metrics.push = true
	interceptor.classes = []
	key.serializer = class org.apache.kafka.common.serialization.StringSerializer
	linger.ms = 0
	max.block.ms = 60000
	max.in.flight.requests.per.connection = 5
	max.request.size = 1048576
	metadata.max.age.ms = 300000
	metadata.max.idle.ms = 300000
	metadata.recovery.strategy = none
	metric.reporters = []
	metrics.num.samples = 2
	metrics.recording.level = INFO
	metrics.sample.window.ms = 30000
	partitioner.adaptive.partitioning.enable = true
	partitioner.availability.timeout.ms = 0
	partitioner.class = null
	partitioner.ignore.keys = false
	receive.buffer.bytes = 32768
	reconnect.backoff.max.ms = 1000
	reconnect.backoff.ms = 50
	request.timeout.ms = 5000
	retries = 2147483647
	retry.backoff.max.ms = 1000
	retry.backoff.ms = 100
	sasl.client.callback.handler.class = null
	sasl.jaas.config = null
	sasl.kerberos.kinit.cmd = /usr/bin/kinit
	sasl.kerberos.min.time.before.relogin = 60000
	sasl.kerberos.service.name = null
	sasl.kerberos.ticket.renew.jitter = 0.05
	sasl.kerberos.ticket.renew.window.factor = 0.8
	sasl.login.callback.handler.class = null
	sasl.login.class = null
	sasl.login.connect.timeout.ms = null
	sasl.login.read.timeout.ms = null
	sasl.login.refresh.buffer.seconds = 300
	sasl.login.refresh.min.period.seconds = 60
	sasl.login.refresh.window.factor = 0.8
	sasl.login.refresh.window.jitter = 0.05
	sasl.login.retry.backoff.max.ms = 10000
	sasl.login.retry.backoff.ms = 100
	sasl.mechanism = GSSAPI
	sasl.oauthbearer.clock.skew.seconds = 30
	sasl.oauthbearer.expected.audience = null
	sasl.oauthbearer.expected.issuer = null
	sasl.oauthbearer.header.urlencode = false
	sasl.oauthbearer.jwks.endpoint.refresh.ms = 3600000
	sasl.oauthbearer.jwks.endpoint.retry.backoff.max.ms = 10000
	sasl.oauthbearer.jwks.endpoint.retry.backoff.ms = 100
	sasl.oauthbearer.jwks.endpoint.url = null
	sasl.oauthbearer.scope.claim.name = scope
	sasl.oauthbearer.sub.claim.name = sub
	sasl.oauthbearer.token.endpoint.url = null
	security.protocol = PLAINTEXT
	security.providers = null
	send.buffer.bytes = 131072
	socket.connection.setup.timeout.max.ms = 30000
	socket.connection.setup.timeout.ms = 10000
	ssl.cipher.suites = null
	ssl.enabled.protocols = [TLSv1.2, TLSv1.3]
	ssl.endpoint.identification.algorithm = https
	ssl.engine.factory.class = null
	ssl.key.password = null
	ssl.keymanager.algorithm = SunX509
	ssl.keystore.certificate.chain = null
	ssl.keystore.key = null
	ssl.keystore.location = null
	ssl.keystore.password = null
	ssl.keystore.type = JKS
	ssl.protocol = TLSv1.3
	ssl.provider = null
	ssl.secure.random.implementation = null
	ssl.trustmanager.algorithm = PKIX
	ssl.truststore.certificates = null
	ssl.truststore.location = null
	ssl.truststore.password = null
	ssl.truststore.type = JKS
	transaction.timeout.ms = 60000
	transactional.id = null
	value.serializer = class io.apicurio.registry.serde.avro.AvroKafkaSerializer

2025-08-13 16:42:25,448 INFO  [org.apa.kaf.com.tel.int.KafkaMetricsCollector] (main) initializing Kafka metrics collector
2025-08-13 16:42:25,451 INFO  [org.apa.kaf.cli.pro.KafkaProducer] (main) [Producer clientId=Producer-topic-3723156e_7d43_4c46_ae45_52532c0b1b3b] Instantiated an idempotent producer.
2025-08-13 16:42:25,453 INFO  [org.apa.kaf.cli.pro.ProducerConfig] (main) These configurations '[apicurio.registry.find-latest, apicurio.registry.url, apicurio.registry.artifact-resolver-strategy]' were supplied but are not used yet.
2025-08-13 16:42:25,453 INFO  [org.apa.kaf.com.uti.AppInfoParser] (main) Kafka version: 3.9.1
2025-08-13 16:42:25,453 INFO  [org.apa.kaf.com.uti.AppInfoParser] (main) Kafka commitId: f745dfdcee2b9851
2025-08-13 16:42:25,453 INFO  [org.apa.kaf.com.uti.AppInfoParser] (main) Kafka startTimeMs: 1755103345453
2025-08-13 16:42:25,454 INFO  [io.api.tes.ser.api.KafkaSerdesTester] (Thread-642) Sending message {"keyB": "value-0"} to topic topic-3723156e_7d43_4c46_ae45_52532c0b1b3b
2025-08-13 16:42:25,458 INFO  [org.apa.kaf.cli.Metadata] (kafka-producer-network-thread | Producer-topic-3723156e_7d43_4c46_ae45_52532c0b1b3b) [Producer clientId=Producer-topic-3723156e_7d43_4c46_ae45_52532c0b1b3b] Cluster ID: MGWopiWBQlear_SiqMs63w
2025-08-13 16:42:25,460 INFO  [org.apa.kaf.cli.pro.int.TransactionManager] (kafka-producer-network-thread | Producer-topic-3723156e_7d43_4c46_ae45_52532c0b1b3b) [Producer clientId=Producer-topic-3723156e_7d43_4c46_ae45_52532c0b1b3b] ProducerId set to 8 with epoch 0
2025-08-13 16:42:25,477 INFO  [org.apa.kaf.cli.pro.KafkaProducer] (Thread-642) [Producer clientId=Producer-topic-3723156e_7d43_4c46_ae45_52532c0b1b3b] Closing the Kafka producer with timeoutMillis = 9223372036854775807 ms.
2025-08-13 16:42:25,478 INFO  [org.apa.kaf.com.met.Metrics] (Thread-642) Metrics scheduler closed
2025-08-13 16:42:25,479 INFO  [org.apa.kaf.com.met.Metrics] (Thread-642) Closing reporter org.apache.kafka.common.metrics.JmxReporter
2025-08-13 16:42:25,479 INFO  [org.apa.kaf.com.met.Metrics] (Thread-642) Closing reporter org.apache.kafka.common.telemetry.internals.ClientTelemetryReporter
2025-08-13 16:42:25,479 INFO  [org.apa.kaf.com.met.Metrics] (Thread-642) Metrics reporters closed
2025-08-13 16:42:25,479 INFO  [org.apa.kaf.com.uti.AppInfoParser] (Thread-642) App info kafka.producer for Producer-topic-3723156e_7d43_4c46_ae45_52532c0b1b3b unregistered
2025-08-13 16:42:25,479 INFO  [io.api.tes.uti.TestSeparator] (main) io.apicurio.tests.serdes.apicurio.AvroSerdeIT.testAvroSerDesFailDifferentSchemaByRecordName-FINISHED
2025-08-13 16:42:25,479 INFO  [io.api.tes.uti.TestSeparator] (main) ############################################################################
Test passed: testAvroSerDesFailDifferentSchemaByRecordName
]]></system-out>
    <system-err><![CDATA[io.apicurio.registry.rest.client.models.ProblemDetails
	at io.apicurio.registry.rest.client.models.ProblemDetails.createFromDiscriminatorValue(ProblemDetails.java:58)
	at io.kiota.serialization.json.JsonParseNode.getObjectValue(JsonParseNode.java:247)
	at io.kiota.http.vertx.VertXRequestAdapter.lambda$throwIfFailedResponse$0(VertXRequestAdapter.java:400)
	at com.microsoft.kiota.ApiExceptionBuilder.<init>(ApiExceptionBuilder.java:26)
	at io.kiota.http.vertx.VertXRequestAdapter.throwIfFailedResponse(VertXRequestAdapter.java:399)
	at io.kiota.http.vertx.VertXRequestAdapter.send(VertXRequestAdapter.java:170)
	at io.apicurio.registry.rest.client.groups.item.artifacts.item.versions.item.WithVersionExpressionItemRequestBuilder.get(WithVersionExpressionItemRequestBuilder.java:128)
	at io.apicurio.registry.rest.client.groups.item.artifacts.item.versions.item.WithVersionExpressionItemRequestBuilder.get(WithVersionExpressionItemRequestBuilder.java:111)
	at io.apicurio.registry.resolver.client.RegistryClientFacadeImpl.getVersionCoordinatesByGAV(RegistryClientFacadeImpl.java:159)
	at io.apicurio.registry.resolver.DefaultSchemaResolver.resolveByCoordinates(DefaultSchemaResolver.java:352)
	at io.apicurio.registry.resolver.DefaultSchemaResolver.lambda$resolveSchemaByArtifactReferenceCached$6(DefaultSchemaResolver.java:340)
	at io.apicurio.registry.resolver.cache.ERCache.lambda$getValue$0(ERCache.java:174)
	at io.apicurio.registry.resolver.cache.ERCache.retry(ERCache.java:227)
	at io.apicurio.registry.resolver.cache.ERCache.getValue(ERCache.java:173)
	at io.apicurio.registry.resolver.cache.ERCache.getByArtifactCoordinates(ERCache.java:158)
	at io.apicurio.registry.resolver.DefaultSchemaResolver.resolveSchemaByArtifactReferenceCached(DefaultSchemaResolver.java:338)
	at io.apicurio.registry.resolver.DefaultSchemaResolver.resolveSchemaByCoordinates(DefaultSchemaResolver.java:193)
	at io.apicurio.registry.resolver.DefaultSchemaResolver.getSchemaFromRegistry(DefaultSchemaResolver.java:130)
	at io.apicurio.registry.resolver.DefaultSchemaResolver.lambda$resolveSchema$0(DefaultSchemaResolver.java:84)
	at java.base/java.util.Optional.orElseGet(Optional.java:364)
	at io.apicurio.registry.resolver.DefaultSchemaResolver.resolveSchema(DefaultSchemaResolver.java:84)
	at io.apicurio.registry.serde.AbstractSerializer.serializeData(AbstractSerializer.java:62)
	at io.apicurio.registry.serde.KafkaSerializer.serialize(KafkaSerializer.java:77)
	at org.apache.kafka.clients.producer.KafkaProducer.doSend(KafkaProducer.java:1046)
	at org.apache.kafka.clients.producer.KafkaProducer.send(KafkaProducer.java:993)
	at org.apache.kafka.clients.producer.KafkaProducer.send(KafkaProducer.java:875)
	at io.apicurio.tests.serdes.apicurio.KafkaSerdesTester.lambda$produceMessages$3(KafkaSerdesTester.java:138)
	at java.base/java.util.concurrent.CompletableFuture$AsyncSupply.run(CompletableFuture.java:1768)
	at java.base/java.lang.Thread.run(Thread.java:840)
]]></system-err>
  </testcase>
  <testcase name="testTopicIdStrategyFindLatest" classname="io.apicurio.tests.serdes.apicurio.AvroSerdeIT" time="4.756">
    <system-out><![CDATA[2025-08-13 16:42:25,484 INFO  [io.api.tes.uti.TestSeparator] (main) ############################################################################
2025-08-13 16:42:25,484 INFO  [io.api.tes.uti.TestSeparator] (main) io.apicurio.tests.serdes.apicurio.AvroSerdeIT.testTopicIdStrategyFindLatest-STARTED
2025-08-13 16:42:25,487 INFO  [io.api.tes.ser.api.AvroSerdeIT] (main) Registering Avro Schema: {"type":"record","name":"myrecordapicurio1","fields":[{"name":"key11755103345484","type":"string"}]}
**** Registry Base URL: http://registry-app-ksql047.apps.ci419.apicurio-testing.org:80
2025-08-13 16:42:26,574 INFO  [org.apa.kaf.cli.pro.ProducerConfig] (main) ProducerConfig values: 
	acks = -1
	auto.include.jmx.reporter = true
	batch.size = 16384
	bootstrap.servers = [PLAINTEXT://localhost:32769]
	buffer.memory = 33554432
	client.dns.lookup = use_all_dns_ips
	client.id = Producer-topic-1b10042a_ea52_40e5_a7e3_7074591e0e1f
	compression.gzip.level = -1
	compression.lz4.level = 9
	compression.type = none
	compression.zstd.level = 3
	connections.max.idle.ms = 10000
	delivery.timeout.ms = 120000
	enable.idempotence = true
	enable.metrics.push = true
	interceptor.classes = []
	key.serializer = class org.apache.kafka.common.serialization.StringSerializer
	linger.ms = 0
	max.block.ms = 60000
	max.in.flight.requests.per.connection = 5
	max.request.size = 1048576
	metadata.max.age.ms = 300000
	metadata.max.idle.ms = 300000
	metadata.recovery.strategy = none
	metric.reporters = []
	metrics.num.samples = 2
	metrics.recording.level = INFO
	metrics.sample.window.ms = 30000
	partitioner.adaptive.partitioning.enable = true
	partitioner.availability.timeout.ms = 0
	partitioner.class = null
	partitioner.ignore.keys = false
	receive.buffer.bytes = 32768
	reconnect.backoff.max.ms = 1000
	reconnect.backoff.ms = 50
	request.timeout.ms = 5000
	retries = 2147483647
	retry.backoff.max.ms = 1000
	retry.backoff.ms = 100
	sasl.client.callback.handler.class = null
	sasl.jaas.config = null
	sasl.kerberos.kinit.cmd = /usr/bin/kinit
	sasl.kerberos.min.time.before.relogin = 60000
	sasl.kerberos.service.name = null
	sasl.kerberos.ticket.renew.jitter = 0.05
	sasl.kerberos.ticket.renew.window.factor = 0.8
	sasl.login.callback.handler.class = null
	sasl.login.class = null
	sasl.login.connect.timeout.ms = null
	sasl.login.read.timeout.ms = null
	sasl.login.refresh.buffer.seconds = 300
	sasl.login.refresh.min.period.seconds = 60
	sasl.login.refresh.window.factor = 0.8
	sasl.login.refresh.window.jitter = 0.05
	sasl.login.retry.backoff.max.ms = 10000
	sasl.login.retry.backoff.ms = 100
	sasl.mechanism = GSSAPI
	sasl.oauthbearer.clock.skew.seconds = 30
	sasl.oauthbearer.expected.audience = null
	sasl.oauthbearer.expected.issuer = null
	sasl.oauthbearer.header.urlencode = false
	sasl.oauthbearer.jwks.endpoint.refresh.ms = 3600000
	sasl.oauthbearer.jwks.endpoint.retry.backoff.max.ms = 10000
	sasl.oauthbearer.jwks.endpoint.retry.backoff.ms = 100
	sasl.oauthbearer.jwks.endpoint.url = null
	sasl.oauthbearer.scope.claim.name = scope
	sasl.oauthbearer.sub.claim.name = sub
	sasl.oauthbearer.token.endpoint.url = null
	security.protocol = PLAINTEXT
	security.providers = null
	send.buffer.bytes = 131072
	socket.connection.setup.timeout.max.ms = 30000
	socket.connection.setup.timeout.ms = 10000
	ssl.cipher.suites = null
	ssl.enabled.protocols = [TLSv1.2, TLSv1.3]
	ssl.endpoint.identification.algorithm = https
	ssl.engine.factory.class = null
	ssl.key.password = null
	ssl.keymanager.algorithm = SunX509
	ssl.keystore.certificate.chain = null
	ssl.keystore.key = null
	ssl.keystore.location = null
	ssl.keystore.password = null
	ssl.keystore.type = JKS
	ssl.protocol = TLSv1.3
	ssl.provider = null
	ssl.secure.random.implementation = null
	ssl.trustmanager.algorithm = PKIX
	ssl.truststore.certificates = null
	ssl.truststore.location = null
	ssl.truststore.password = null
	ssl.truststore.type = JKS
	transaction.timeout.ms = 60000
	transactional.id = null
	value.serializer = class io.apicurio.registry.serde.avro.AvroKafkaSerializer

2025-08-13 16:42:26,574 INFO  [org.apa.kaf.com.tel.int.KafkaMetricsCollector] (main) initializing Kafka metrics collector
2025-08-13 16:42:26,578 INFO  [org.apa.kaf.cli.pro.KafkaProducer] (main) [Producer clientId=Producer-topic-1b10042a_ea52_40e5_a7e3_7074591e0e1f] Instantiated an idempotent producer.
2025-08-13 16:42:26,582 INFO  [org.apa.kaf.cli.pro.ProducerConfig] (main) These configurations '[apicurio.registry.find-latest, apicurio.registry.url, apicurio.registry.artifact-resolver-strategy]' were supplied but are not used yet.
2025-08-13 16:42:26,582 INFO  [org.apa.kaf.com.uti.AppInfoParser] (main) Kafka version: 3.9.1
2025-08-13 16:42:26,582 INFO  [org.apa.kaf.com.uti.AppInfoParser] (main) Kafka commitId: f745dfdcee2b9851
2025-08-13 16:42:26,582 INFO  [org.apa.kaf.com.uti.AppInfoParser] (main) Kafka startTimeMs: 1755103346582
2025-08-13 16:42:26,582 INFO  [io.api.tes.ser.api.SimpleSerdesTesterBuilder$SimpleSerdesTester] (main) Using producer configuration: {apicurio.registry.find-latest=true, apicurio.registry.url=http://registry-app-ksql047.apps.ci419.apicurio-testing.org:80/apis/registry/v3, apicurio.registry.artifact-resolver-strategy=io.apicurio.registry.serde.strategy.TopicIdStrategy, value.serializer=io.apicurio.registry.serde.avro.AvroKafkaSerializer, request.timeout.ms=5000, acks=all, bootstrap.servers=PLAINTEXT://localhost:32769, connections.max.idle.ms=10000, key.serializer=org.apache.kafka.common.serialization.StringSerializer, client.id=Producer-topic-1b10042a_ea52_40e5_a7e3_7074591e0e1f}
2025-08-13 16:42:26,582 INFO  [io.api.tes.ser.api.SimpleSerdesTesterBuilder$SimpleSerdesTester] (main) Using consumer configuration: {}
2025-08-13 16:42:26,584 INFO  [io.api.tes.ser.api.KafkaSerdesTester] (Thread-645) Sending message {"key11755103345484": "value-0"} to topic topic-1b10042a_ea52_40e5_a7e3_7074591e0e1f
2025-08-13 16:42:26,588 INFO  [org.apa.kaf.cli.Metadata] (kafka-producer-network-thread | Producer-topic-1b10042a_ea52_40e5_a7e3_7074591e0e1f) [Producer clientId=Producer-topic-1b10042a_ea52_40e5_a7e3_7074591e0e1f] Cluster ID: MGWopiWBQlear_SiqMs63w
2025-08-13 16:42:26,589 INFO  [org.apa.kaf.cli.pro.int.TransactionManager] (kafka-producer-network-thread | Producer-topic-1b10042a_ea52_40e5_a7e3_7074591e0e1f) [Producer clientId=Producer-topic-1b10042a_ea52_40e5_a7e3_7074591e0e1f] ProducerId set to 9 with epoch 0
2025-08-13 16:42:26,635 INFO  [io.api.tes.ser.api.KafkaSerdesTester] (Thread-645) Sending message {"key11755103345484": "value-1"} to topic topic-1b10042a_ea52_40e5_a7e3_7074591e0e1f
2025-08-13 16:42:26,638 INFO  [io.api.tes.ser.api.KafkaSerdesTester] (Thread-645) Sending message {"key11755103345484": "value-2"} to topic topic-1b10042a_ea52_40e5_a7e3_7074591e0e1f
2025-08-13 16:42:26,643 INFO  [io.api.tes.ser.api.KafkaSerdesTester] (Thread-645) Sending message {"key11755103345484": "value-3"} to topic topic-1b10042a_ea52_40e5_a7e3_7074591e0e1f
2025-08-13 16:42:26,646 INFO  [io.api.tes.ser.api.KafkaSerdesTester] (Thread-645) Sending message {"key11755103345484": "value-4"} to topic topic-1b10042a_ea52_40e5_a7e3_7074591e0e1f
2025-08-13 16:42:26,648 INFO  [io.api.tes.ser.api.KafkaSerdesTester] (Thread-645) Sending message {"key11755103345484": "value-5"} to topic topic-1b10042a_ea52_40e5_a7e3_7074591e0e1f
2025-08-13 16:42:26,650 INFO  [io.api.tes.ser.api.KafkaSerdesTester] (Thread-645) Sending message {"key11755103345484": "value-6"} to topic topic-1b10042a_ea52_40e5_a7e3_7074591e0e1f
2025-08-13 16:42:26,652 INFO  [io.api.tes.ser.api.KafkaSerdesTester] (Thread-645) Sending message {"key11755103345484": "value-7"} to topic topic-1b10042a_ea52_40e5_a7e3_7074591e0e1f
2025-08-13 16:42:26,655 INFO  [io.api.tes.ser.api.KafkaSerdesTester] (Thread-645) Sending message {"key11755103345484": "value-8"} to topic topic-1b10042a_ea52_40e5_a7e3_7074591e0e1f
2025-08-13 16:42:26,659 INFO  [io.api.tes.ser.api.KafkaSerdesTester] (Thread-645) Sending message {"key11755103345484": "value-9"} to topic topic-1b10042a_ea52_40e5_a7e3_7074591e0e1f
2025-08-13 16:42:26,661 INFO  [io.api.tes.ser.api.KafkaSerdesTester] (Thread-645) Produced 10 messages
2025-08-13 16:42:26,661 INFO  [org.apa.kaf.cli.pro.KafkaProducer] (Thread-645) [Producer clientId=Producer-topic-1b10042a_ea52_40e5_a7e3_7074591e0e1f] Closing the Kafka producer with timeoutMillis = 9223372036854775807 ms.
2025-08-13 16:42:26,664 INFO  [org.apa.kaf.com.met.Metrics] (Thread-645) Metrics scheduler closed
2025-08-13 16:42:26,664 INFO  [org.apa.kaf.com.met.Metrics] (Thread-645) Closing reporter org.apache.kafka.common.metrics.JmxReporter
2025-08-13 16:42:26,664 INFO  [org.apa.kaf.com.met.Metrics] (Thread-645) Closing reporter org.apache.kafka.common.telemetry.internals.ClientTelemetryReporter
2025-08-13 16:42:26,664 INFO  [org.apa.kaf.com.met.Metrics] (Thread-645) Metrics reporters closed
2025-08-13 16:42:26,664 INFO  [org.apa.kaf.com.uti.AppInfoParser] (Thread-645) App info kafka.producer for Producer-topic-1b10042a_ea52_40e5_a7e3_7074591e0e1f unregistered
**** Registry Base URL: http://registry-app-ksql047.apps.ci419.apicurio-testing.org:80
2025-08-13 16:42:26,665 INFO  [org.apa.kaf.cli.con.ConsumerConfig] (main) ConsumerConfig values: 
	allow.auto.create.topics = true
	auto.commit.interval.ms = 500
	auto.include.jmx.reporter = true
	auto.offset.reset = earliest
	bootstrap.servers = [PLAINTEXT://localhost:32769]
	check.crcs = true
	client.dns.lookup = use_all_dns_ips
	client.id = consumer-Consumer-topic-1b10042a_ea52_40e5_a7e3_7074591e0e1f-7
	client.rack = 
	connections.max.idle.ms = 10000
	default.api.timeout.ms = 60000
	enable.auto.commit = true
	enable.metrics.push = true
	exclude.internal.topics = true
	fetch.max.bytes = 52428800
	fetch.max.wait.ms = 500
	fetch.min.bytes = 1
	group.id = Consumer-topic-1b10042a_ea52_40e5_a7e3_7074591e0e1f
	group.instance.id = null
	group.protocol = classic
	group.remote.assignor = null
	heartbeat.interval.ms = 3000
	interceptor.classes = []
	internal.leave.group.on.close = true
	internal.throw.on.fetch.stable.offset.unsupported = false
	isolation.level = read_uncommitted
	key.deserializer = class org.apache.kafka.common.serialization.StringDeserializer
	max.partition.fetch.bytes = 1048576
	max.poll.interval.ms = 300000
	max.poll.records = 500
	metadata.max.age.ms = 300000
	metadata.recovery.strategy = none
	metric.reporters = []
	metrics.num.samples = 2
	metrics.recording.level = INFO
	metrics.sample.window.ms = 30000
	partition.assignment.strategy = [class org.apache.kafka.clients.consumer.RangeAssignor, class org.apache.kafka.clients.consumer.CooperativeStickyAssignor]
	receive.buffer.bytes = 65536
	reconnect.backoff.max.ms = 1000
	reconnect.backoff.ms = 50
	request.timeout.ms = 5000
	retry.backoff.max.ms = 1000
	retry.backoff.ms = 100
	sasl.client.callback.handler.class = null
	sasl.jaas.config = null
	sasl.kerberos.kinit.cmd = /usr/bin/kinit
	sasl.kerberos.min.time.before.relogin = 60000
	sasl.kerberos.service.name = null
	sasl.kerberos.ticket.renew.jitter = 0.05
	sasl.kerberos.ticket.renew.window.factor = 0.8
	sasl.login.callback.handler.class = null
	sasl.login.class = null
	sasl.login.connect.timeout.ms = null
	sasl.login.read.timeout.ms = null
	sasl.login.refresh.buffer.seconds = 300
	sasl.login.refresh.min.period.seconds = 60
	sasl.login.refresh.window.factor = 0.8
	sasl.login.refresh.window.jitter = 0.05
	sasl.login.retry.backoff.max.ms = 10000
	sasl.login.retry.backoff.ms = 100
	sasl.mechanism = GSSAPI
	sasl.oauthbearer.clock.skew.seconds = 30
	sasl.oauthbearer.expected.audience = null
	sasl.oauthbearer.expected.issuer = null
	sasl.oauthbearer.header.urlencode = false
	sasl.oauthbearer.jwks.endpoint.refresh.ms = 3600000
	sasl.oauthbearer.jwks.endpoint.retry.backoff.max.ms = 10000
	sasl.oauthbearer.jwks.endpoint.retry.backoff.ms = 100
	sasl.oauthbearer.jwks.endpoint.url = null
	sasl.oauthbearer.scope.claim.name = scope
	sasl.oauthbearer.sub.claim.name = sub
	sasl.oauthbearer.token.endpoint.url = null
	security.protocol = PLAINTEXT
	security.providers = null
	send.buffer.bytes = 131072
	session.timeout.ms = 45000
	socket.connection.setup.timeout.max.ms = 30000
	socket.connection.setup.timeout.ms = 10000
	ssl.cipher.suites = null
	ssl.enabled.protocols = [TLSv1.2, TLSv1.3]
	ssl.endpoint.identification.algorithm = https
	ssl.engine.factory.class = null
	ssl.key.password = null
	ssl.keymanager.algorithm = SunX509
	ssl.keystore.certificate.chain = null
	ssl.keystore.key = null
	ssl.keystore.location = null
	ssl.keystore.password = null
	ssl.keystore.type = JKS
	ssl.protocol = TLSv1.3
	ssl.provider = null
	ssl.secure.random.implementation = null
	ssl.trustmanager.algorithm = PKIX
	ssl.truststore.certificates = null
	ssl.truststore.location = null
	ssl.truststore.password = null
	ssl.truststore.type = JKS
	value.deserializer = class io.apicurio.registry.serde.avro.AvroKafkaDeserializer

2025-08-13 16:42:26,666 INFO  [org.apa.kaf.com.tel.int.KafkaMetricsCollector] (main) initializing Kafka metrics collector
2025-08-13 16:42:26,675 INFO  [org.apa.kaf.cli.con.ConsumerConfig] (main) These configurations '[apicurio.registry.url]' were supplied but are not used yet.
2025-08-13 16:42:26,676 INFO  [org.apa.kaf.com.uti.AppInfoParser] (main) Kafka version: 3.9.1
2025-08-13 16:42:26,676 INFO  [org.apa.kaf.com.uti.AppInfoParser] (main) Kafka commitId: f745dfdcee2b9851
2025-08-13 16:42:26,676 INFO  [org.apa.kaf.com.uti.AppInfoParser] (main) Kafka startTimeMs: 1755103346676
2025-08-13 16:42:26,678 INFO  [org.apa.kaf.cli.con.int.ClassicKafkaConsumer] (Thread-648) [Consumer clientId=consumer-Consumer-topic-1b10042a_ea52_40e5_a7e3_7074591e0e1f-7, groupId=Consumer-topic-1b10042a_ea52_40e5_a7e3_7074591e0e1f] Subscribed to topic(s): topic-1b10042a_ea52_40e5_a7e3_7074591e0e1f
2025-08-13 16:42:26,683 INFO  [org.apa.kaf.cli.Metadata] (Thread-648) [Consumer clientId=consumer-Consumer-topic-1b10042a_ea52_40e5_a7e3_7074591e0e1f-7, groupId=Consumer-topic-1b10042a_ea52_40e5_a7e3_7074591e0e1f] Cluster ID: MGWopiWBQlear_SiqMs63w
2025-08-13 16:42:26,684 INFO  [org.apa.kaf.cli.con.int.ConsumerCoordinator] (Thread-648) [Consumer clientId=consumer-Consumer-topic-1b10042a_ea52_40e5_a7e3_7074591e0e1f-7, groupId=Consumer-topic-1b10042a_ea52_40e5_a7e3_7074591e0e1f] Discovered group coordinator localhost:32769 (id: 2147483647 rack: null)
2025-08-13 16:42:26,685 INFO  [org.apa.kaf.cli.con.int.ConsumerCoordinator] (Thread-648) [Consumer clientId=consumer-Consumer-topic-1b10042a_ea52_40e5_a7e3_7074591e0e1f-7, groupId=Consumer-topic-1b10042a_ea52_40e5_a7e3_7074591e0e1f] (Re-)joining group
2025-08-13 16:42:26,688 INFO  [org.apa.kaf.cli.con.int.ConsumerCoordinator] (Thread-648) [Consumer clientId=consumer-Consumer-topic-1b10042a_ea52_40e5_a7e3_7074591e0e1f-7, groupId=Consumer-topic-1b10042a_ea52_40e5_a7e3_7074591e0e1f] Request joining group due to: need to re-join with the given member-id: consumer-Consumer-topic-1b10042a_ea52_40e5_a7e3_7074591e0e1f-7-72e3df33-85be-440a-afce-f25abb795ce8
2025-08-13 16:42:26,688 INFO  [org.apa.kaf.cli.con.int.ConsumerCoordinator] (Thread-648) [Consumer clientId=consumer-Consumer-topic-1b10042a_ea52_40e5_a7e3_7074591e0e1f-7, groupId=Consumer-topic-1b10042a_ea52_40e5_a7e3_7074591e0e1f] (Re-)joining group
2025-08-13 16:42:27,678 INFO  [io.api.tes.ser.api.KafkaSerdesTester] (Thread-648) None found
2025-08-13 16:42:28,679 INFO  [io.api.tes.ser.api.KafkaSerdesTester] (Thread-648) None found
2025-08-13 16:42:29,679 INFO  [io.api.tes.ser.api.KafkaSerdesTester] (Thread-648) None found
2025-08-13 16:42:29,690 INFO  [org.apa.kaf.cli.con.int.ConsumerCoordinator] (Thread-648) [Consumer clientId=consumer-Consumer-topic-1b10042a_ea52_40e5_a7e3_7074591e0e1f-7, groupId=Consumer-topic-1b10042a_ea52_40e5_a7e3_7074591e0e1f] Successfully joined group with generation Generation{generationId=1, memberId='consumer-Consumer-topic-1b10042a_ea52_40e5_a7e3_7074591e0e1f-7-72e3df33-85be-440a-afce-f25abb795ce8', protocol='range'}
2025-08-13 16:42:29,690 INFO  [org.apa.kaf.cli.con.int.ConsumerCoordinator] (Thread-648) [Consumer clientId=consumer-Consumer-topic-1b10042a_ea52_40e5_a7e3_7074591e0e1f-7, groupId=Consumer-topic-1b10042a_ea52_40e5_a7e3_7074591e0e1f] Finished assignment for group at generation 1: {consumer-Consumer-topic-1b10042a_ea52_40e5_a7e3_7074591e0e1f-7-72e3df33-85be-440a-afce-f25abb795ce8=Assignment(partitions=[topic-1b10042a_ea52_40e5_a7e3_7074591e0e1f-0])}
2025-08-13 16:42:29,698 INFO  [org.apa.kaf.cli.con.int.ConsumerCoordinator] (Thread-648) [Consumer clientId=consumer-Consumer-topic-1b10042a_ea52_40e5_a7e3_7074591e0e1f-7, groupId=Consumer-topic-1b10042a_ea52_40e5_a7e3_7074591e0e1f] Successfully synced group in generation Generation{generationId=1, memberId='consumer-Consumer-topic-1b10042a_ea52_40e5_a7e3_7074591e0e1f-7-72e3df33-85be-440a-afce-f25abb795ce8', protocol='range'}
2025-08-13 16:42:29,698 INFO  [org.apa.kaf.cli.con.int.ConsumerCoordinator] (Thread-648) [Consumer clientId=consumer-Consumer-topic-1b10042a_ea52_40e5_a7e3_7074591e0e1f-7, groupId=Consumer-topic-1b10042a_ea52_40e5_a7e3_7074591e0e1f] Notifying assignor about the new Assignment(partitions=[topic-1b10042a_ea52_40e5_a7e3_7074591e0e1f-0])
2025-08-13 16:42:29,698 INFO  [org.apa.kaf.cli.con.int.ConsumerRebalanceListenerInvoker] (Thread-648) [Consumer clientId=consumer-Consumer-topic-1b10042a_ea52_40e5_a7e3_7074591e0e1f-7, groupId=Consumer-topic-1b10042a_ea52_40e5_a7e3_7074591e0e1f] Adding newly assigned partitions: topic-1b10042a_ea52_40e5_a7e3_7074591e0e1f-0
2025-08-13 16:42:29,700 INFO  [org.apa.kaf.cli.con.int.ConsumerCoordinator] (Thread-648) [Consumer clientId=consumer-Consumer-topic-1b10042a_ea52_40e5_a7e3_7074591e0e1f-7, groupId=Consumer-topic-1b10042a_ea52_40e5_a7e3_7074591e0e1f] Found no committed offset for partition topic-1b10042a_ea52_40e5_a7e3_7074591e0e1f-0
2025-08-13 16:42:29,703 INFO  [org.apa.kaf.cli.con.int.SubscriptionState] (Thread-648) [Consumer clientId=consumer-Consumer-topic-1b10042a_ea52_40e5_a7e3_7074591e0e1f-7, groupId=Consumer-topic-1b10042a_ea52_40e5_a7e3_7074591e0e1f] Resetting offset for partition topic-1b10042a_ea52_40e5_a7e3_7074591e0e1f-0 to position FetchPosition{offset=0, offsetEpoch=Optional.empty, currentLeader=LeaderAndEpoch{leader=Optional[localhost:32769 (id: 0 rack: null)], epoch=0}}.
2025-08-13 16:42:29,730 INFO  [io.api.tes.ser.api.KafkaSerdesTester] (Thread-648) topic-1b10042a_ea52_40e5_a7e3_7074591e0e1f 0 0 {"key11755103345484": "value-0"}
2025-08-13 16:42:29,731 INFO  [io.api.tes.ser.api.KafkaSerdesTester] (Thread-648) topic-1b10042a_ea52_40e5_a7e3_7074591e0e1f 0 1 {"key11755103345484": "value-1"}
2025-08-13 16:42:29,731 INFO  [io.api.tes.ser.api.KafkaSerdesTester] (Thread-648) topic-1b10042a_ea52_40e5_a7e3_7074591e0e1f 0 2 {"key11755103345484": "value-2"}
2025-08-13 16:42:29,731 INFO  [io.api.tes.ser.api.KafkaSerdesTester] (Thread-648) topic-1b10042a_ea52_40e5_a7e3_7074591e0e1f 0 3 {"key11755103345484": "value-3"}
2025-08-13 16:42:29,731 INFO  [io.api.tes.ser.api.KafkaSerdesTester] (Thread-648) topic-1b10042a_ea52_40e5_a7e3_7074591e0e1f 0 4 {"key11755103345484": "value-4"}
2025-08-13 16:42:29,731 INFO  [io.api.tes.ser.api.KafkaSerdesTester] (Thread-648) topic-1b10042a_ea52_40e5_a7e3_7074591e0e1f 0 5 {"key11755103345484": "value-5"}
2025-08-13 16:42:29,731 INFO  [io.api.tes.ser.api.KafkaSerdesTester] (Thread-648) topic-1b10042a_ea52_40e5_a7e3_7074591e0e1f 0 6 {"key11755103345484": "value-6"}
2025-08-13 16:42:29,731 INFO  [io.api.tes.ser.api.KafkaSerdesTester] (Thread-648) topic-1b10042a_ea52_40e5_a7e3_7074591e0e1f 0 7 {"key11755103345484": "value-7"}
2025-08-13 16:42:29,731 INFO  [io.api.tes.ser.api.KafkaSerdesTester] (Thread-648) topic-1b10042a_ea52_40e5_a7e3_7074591e0e1f 0 8 {"key11755103345484": "value-8"}
2025-08-13 16:42:29,732 INFO  [io.api.tes.ser.api.KafkaSerdesTester] (Thread-648) topic-1b10042a_ea52_40e5_a7e3_7074591e0e1f 0 9 {"key11755103345484": "value-9"}
2025-08-13 16:42:29,732 INFO  [io.api.tes.ser.api.KafkaSerdesTester] (Thread-648) Consumed 10 messages
2025-08-13 16:42:29,740 INFO  [org.apa.kaf.cli.con.int.ConsumerRebalanceListenerInvoker] (Thread-648) [Consumer clientId=consumer-Consumer-topic-1b10042a_ea52_40e5_a7e3_7074591e0e1f-7, groupId=Consumer-topic-1b10042a_ea52_40e5_a7e3_7074591e0e1f] Revoke previously assigned partitions topic-1b10042a_ea52_40e5_a7e3_7074591e0e1f-0
2025-08-13 16:42:29,740 INFO  [org.apa.kaf.cli.con.int.ConsumerCoordinator] (Thread-648) [Consumer clientId=consumer-Consumer-topic-1b10042a_ea52_40e5_a7e3_7074591e0e1f-7, groupId=Consumer-topic-1b10042a_ea52_40e5_a7e3_7074591e0e1f] Member consumer-Consumer-topic-1b10042a_ea52_40e5_a7e3_7074591e0e1f-7-72e3df33-85be-440a-afce-f25abb795ce8 sending LeaveGroup request to coordinator localhost:32769 (id: 2147483647 rack: null) due to the consumer is being closed
2025-08-13 16:42:29,741 INFO  [org.apa.kaf.cli.con.int.ConsumerCoordinator] (Thread-648) [Consumer clientId=consumer-Consumer-topic-1b10042a_ea52_40e5_a7e3_7074591e0e1f-7, groupId=Consumer-topic-1b10042a_ea52_40e5_a7e3_7074591e0e1f] Resetting generation and member id due to: consumer pro-actively leaving the group
2025-08-13 16:42:29,741 INFO  [org.apa.kaf.cli.con.int.ConsumerCoordinator] (Thread-648) [Consumer clientId=consumer-Consumer-topic-1b10042a_ea52_40e5_a7e3_7074591e0e1f-7, groupId=Consumer-topic-1b10042a_ea52_40e5_a7e3_7074591e0e1f] Request joining group due to: consumer pro-actively leaving the group
2025-08-13 16:42:30,233 INFO  [org.apa.kaf.com.met.Metrics] (Thread-648) Metrics scheduler closed
2025-08-13 16:42:30,233 INFO  [org.apa.kaf.com.met.Metrics] (Thread-648) Closing reporter org.apache.kafka.common.metrics.JmxReporter
2025-08-13 16:42:30,233 INFO  [org.apa.kaf.com.met.Metrics] (Thread-648) Closing reporter org.apache.kafka.common.telemetry.internals.ClientTelemetryReporter
2025-08-13 16:42:30,233 INFO  [org.apa.kaf.com.met.Metrics] (Thread-648) Metrics reporters closed
2025-08-13 16:42:30,235 INFO  [org.apa.kaf.com.uti.AppInfoParser] (Thread-648) App info kafka.consumer for consumer-Consumer-topic-1b10042a_ea52_40e5_a7e3_7074591e0e1f-7 unregistered
2025-08-13 16:42:30,236 INFO  [io.api.tes.uti.TestSeparator] (main) io.apicurio.tests.serdes.apicurio.AvroSerdeIT.testTopicIdStrategyFindLatest-FINISHED
2025-08-13 16:42:30,236 INFO  [io.api.tes.uti.TestSeparator] (main) ############################################################################
Test passed: testTopicIdStrategyFindLatest
]]></system-out>
  </testcase>
  <testcase name="testAvroUnionWithSpecificReader" classname="io.apicurio.tests.serdes.apicurio.AvroSerdeIT" time="3.999">
    <system-out><![CDATA[2025-08-13 16:42:30,237 INFO  [io.api.tes.uti.TestSeparator] (main) ############################################################################
2025-08-13 16:42:30,237 INFO  [io.api.tes.uti.TestSeparator] (main) io.apicurio.tests.serdes.apicurio.AvroSerdeIT.testAvroUnionWithSpecificReader-STARTED
**** Registry Base URL: http://registry-app-ksql047.apps.ci419.apicurio-testing.org:80
2025-08-13 16:42:30,242 INFO  [org.apa.kaf.cli.pro.ProducerConfig] (main) ProducerConfig values: 
	acks = -1
	auto.include.jmx.reporter = true
	batch.size = 16384
	bootstrap.servers = [PLAINTEXT://localhost:32769]
	buffer.memory = 33554432
	client.dns.lookup = use_all_dns_ips
	client.id = Producer-topic-8230c403_8c11_47f5_b6c4_4d3a1366f544
	compression.gzip.level = -1
	compression.lz4.level = 9
	compression.type = none
	compression.zstd.level = 3
	connections.max.idle.ms = 10000
	delivery.timeout.ms = 120000
	enable.idempotence = true
	enable.metrics.push = true
	interceptor.classes = []
	key.serializer = class org.apache.kafka.common.serialization.StringSerializer
	linger.ms = 0
	max.block.ms = 60000
	max.in.flight.requests.per.connection = 5
	max.request.size = 1048576
	metadata.max.age.ms = 300000
	metadata.max.idle.ms = 300000
	metadata.recovery.strategy = none
	metric.reporters = []
	metrics.num.samples = 2
	metrics.recording.level = INFO
	metrics.sample.window.ms = 30000
	partitioner.adaptive.partitioning.enable = true
	partitioner.availability.timeout.ms = 0
	partitioner.class = null
	partitioner.ignore.keys = false
	receive.buffer.bytes = 32768
	reconnect.backoff.max.ms = 1000
	reconnect.backoff.ms = 50
	request.timeout.ms = 5000
	retries = 2147483647
	retry.backoff.max.ms = 1000
	retry.backoff.ms = 100
	sasl.client.callback.handler.class = null
	sasl.jaas.config = null
	sasl.kerberos.kinit.cmd = /usr/bin/kinit
	sasl.kerberos.min.time.before.relogin = 60000
	sasl.kerberos.service.name = null
	sasl.kerberos.ticket.renew.jitter = 0.05
	sasl.kerberos.ticket.renew.window.factor = 0.8
	sasl.login.callback.handler.class = null
	sasl.login.class = null
	sasl.login.connect.timeout.ms = null
	sasl.login.read.timeout.ms = null
	sasl.login.refresh.buffer.seconds = 300
	sasl.login.refresh.min.period.seconds = 60
	sasl.login.refresh.window.factor = 0.8
	sasl.login.refresh.window.jitter = 0.05
	sasl.login.retry.backoff.max.ms = 10000
	sasl.login.retry.backoff.ms = 100
	sasl.mechanism = GSSAPI
	sasl.oauthbearer.clock.skew.seconds = 30
	sasl.oauthbearer.expected.audience = null
	sasl.oauthbearer.expected.issuer = null
	sasl.oauthbearer.header.urlencode = false
	sasl.oauthbearer.jwks.endpoint.refresh.ms = 3600000
	sasl.oauthbearer.jwks.endpoint.retry.backoff.max.ms = 10000
	sasl.oauthbearer.jwks.endpoint.retry.backoff.ms = 100
	sasl.oauthbearer.jwks.endpoint.url = null
	sasl.oauthbearer.scope.claim.name = scope
	sasl.oauthbearer.sub.claim.name = sub
	sasl.oauthbearer.token.endpoint.url = null
	security.protocol = PLAINTEXT
	security.providers = null
	send.buffer.bytes = 131072
	socket.connection.setup.timeout.max.ms = 30000
	socket.connection.setup.timeout.ms = 10000
	ssl.cipher.suites = null
	ssl.enabled.protocols = [TLSv1.2, TLSv1.3]
	ssl.endpoint.identification.algorithm = https
	ssl.engine.factory.class = null
	ssl.key.password = null
	ssl.keymanager.algorithm = SunX509
	ssl.keystore.certificate.chain = null
	ssl.keystore.key = null
	ssl.keystore.location = null
	ssl.keystore.password = null
	ssl.keystore.type = JKS
	ssl.protocol = TLSv1.3
	ssl.provider = null
	ssl.secure.random.implementation = null
	ssl.trustmanager.algorithm = PKIX
	ssl.truststore.certificates = null
	ssl.truststore.location = null
	ssl.truststore.password = null
	ssl.truststore.type = JKS
	transaction.timeout.ms = 60000
	transactional.id = null
	value.serializer = class io.apicurio.registry.serde.avro.AvroKafkaSerializer

2025-08-13 16:42:30,242 INFO  [org.apa.kaf.com.tel.int.KafkaMetricsCollector] (main) initializing Kafka metrics collector
2025-08-13 16:42:30,252 INFO  [org.apa.kaf.cli.pro.KafkaProducer] (main) [Producer clientId=Producer-topic-8230c403_8c11_47f5_b6c4_4d3a1366f544] Instantiated an idempotent producer.
2025-08-13 16:42:30,254 INFO  [org.apa.kaf.cli.pro.ProducerConfig] (main) These configurations '[apicurio.registry.url, apicurio.registry.auto-register, apicurio.registry.artifact-resolver-strategy]' were supplied but are not used yet.
2025-08-13 16:42:30,254 INFO  [org.apa.kaf.com.uti.AppInfoParser] (main) Kafka version: 3.9.1
2025-08-13 16:42:30,254 INFO  [org.apa.kaf.com.uti.AppInfoParser] (main) Kafka commitId: f745dfdcee2b9851
2025-08-13 16:42:30,254 INFO  [org.apa.kaf.com.uti.AppInfoParser] (main) Kafka startTimeMs: 1755103350254
2025-08-13 16:42:30,255 INFO  [io.api.tes.ser.api.SimpleSerdesTesterBuilder$SimpleSerdesTester] (main) Using producer configuration: {apicurio.registry.url=http://registry-app-ksql047.apps.ci419.apicurio-testing.org:80/apis/registry/v3, apicurio.registry.auto-register=true, apicurio.registry.artifact-resolver-strategy=io.apicurio.registry.serde.strategy.TopicIdStrategy, value.serializer=io.apicurio.registry.serde.avro.AvroKafkaSerializer, request.timeout.ms=5000, acks=all, bootstrap.servers=PLAINTEXT://localhost:32769, connections.max.idle.ms=10000, key.serializer=org.apache.kafka.common.serialization.StringSerializer, client.id=Producer-topic-8230c403_8c11_47f5_b6c4_4d3a1366f544}
2025-08-13 16:42:30,255 INFO  [io.api.tes.ser.api.SimpleSerdesTesterBuilder$SimpleSerdesTester] (main) Using consumer configuration: {}
2025-08-13 16:42:30,259 INFO  [io.api.tes.ser.api.KafkaSerdesTester] (Thread-651) Sending message {"id": "record-0"} to topic topic-8230c403_8c11_47f5_b6c4_4d3a1366f544
2025-08-13 16:42:30,266 WARN  [org.apa.kaf.cli.NetworkClient] (kafka-producer-network-thread | Producer-topic-8230c403_8c11_47f5_b6c4_4d3a1366f544) [Producer clientId=Producer-topic-8230c403_8c11_47f5_b6c4_4d3a1366f544] The metadata response from the cluster reported a recoverable issue with correlation id 1 : {topic-8230c403_8c11_47f5_b6c4_4d3a1366f544=UNKNOWN_TOPIC_OR_PARTITION}
2025-08-13 16:42:30,266 INFO  [org.apa.kaf.cli.Metadata] (kafka-producer-network-thread | Producer-topic-8230c403_8c11_47f5_b6c4_4d3a1366f544) [Producer clientId=Producer-topic-8230c403_8c11_47f5_b6c4_4d3a1366f544] Cluster ID: MGWopiWBQlear_SiqMs63w
2025-08-13 16:42:30,266 INFO  [org.apa.kaf.cli.pro.int.TransactionManager] (kafka-producer-network-thread | Producer-topic-8230c403_8c11_47f5_b6c4_4d3a1366f544) [Producer clientId=Producer-topic-8230c403_8c11_47f5_b6c4_4d3a1366f544] ProducerId set to 10 with epoch 0
2025-08-13 16:42:30,448 INFO  [io.api.tes.ser.api.KafkaSerdesTester] (Thread-651) Sending message {"value": 1} to topic topic-8230c403_8c11_47f5_b6c4_4d3a1366f544
2025-08-13 16:42:30,515 INFO  [io.api.tes.ser.api.KafkaSerdesTester] (Thread-651) Sending message {"active": true} to topic topic-8230c403_8c11_47f5_b6c4_4d3a1366f544
2025-08-13 16:42:30,580 INFO  [io.api.tes.ser.api.KafkaSerdesTester] (Thread-651) Sending message {"id": "record-3"} to topic topic-8230c403_8c11_47f5_b6c4_4d3a1366f544
2025-08-13 16:42:30,582 INFO  [io.api.tes.ser.api.KafkaSerdesTester] (Thread-651) Sending message {"value": 4} to topic topic-8230c403_8c11_47f5_b6c4_4d3a1366f544
2025-08-13 16:42:30,586 INFO  [io.api.tes.ser.api.KafkaSerdesTester] (Thread-651) Sending message {"active": false} to topic topic-8230c403_8c11_47f5_b6c4_4d3a1366f544
2025-08-13 16:42:30,589 INFO  [io.api.tes.ser.api.KafkaSerdesTester] (Thread-651) Sending message {"id": "record-6"} to topic topic-8230c403_8c11_47f5_b6c4_4d3a1366f544
2025-08-13 16:42:30,591 INFO  [io.api.tes.ser.api.KafkaSerdesTester] (Thread-651) Sending message {"value": 7} to topic topic-8230c403_8c11_47f5_b6c4_4d3a1366f544
2025-08-13 16:42:30,593 INFO  [io.api.tes.ser.api.KafkaSerdesTester] (Thread-651) Sending message {"active": true} to topic topic-8230c403_8c11_47f5_b6c4_4d3a1366f544
2025-08-13 16:42:30,594 INFO  [io.api.tes.ser.api.KafkaSerdesTester] (Thread-651) Sending message {"id": "record-9"} to topic topic-8230c403_8c11_47f5_b6c4_4d3a1366f544
2025-08-13 16:42:30,596 INFO  [io.api.tes.ser.api.KafkaSerdesTester] (Thread-651) Produced 10 messages
2025-08-13 16:42:30,596 INFO  [org.apa.kaf.cli.pro.KafkaProducer] (Thread-651) [Producer clientId=Producer-topic-8230c403_8c11_47f5_b6c4_4d3a1366f544] Closing the Kafka producer with timeoutMillis = 9223372036854775807 ms.
2025-08-13 16:42:30,599 INFO  [org.apa.kaf.com.met.Metrics] (Thread-651) Metrics scheduler closed
2025-08-13 16:42:30,599 INFO  [org.apa.kaf.com.met.Metrics] (Thread-651) Closing reporter org.apache.kafka.common.metrics.JmxReporter
2025-08-13 16:42:30,599 INFO  [org.apa.kaf.com.met.Metrics] (Thread-651) Closing reporter org.apache.kafka.common.telemetry.internals.ClientTelemetryReporter
2025-08-13 16:42:30,600 INFO  [org.apa.kaf.com.met.Metrics] (Thread-651) Metrics reporters closed
2025-08-13 16:42:30,600 INFO  [org.apa.kaf.com.uti.AppInfoParser] (Thread-651) App info kafka.producer for Producer-topic-8230c403_8c11_47f5_b6c4_4d3a1366f544 unregistered
2025-08-13 16:42:30,616 INFO  [io.api.tes.ser.api.AvroSerdeIT] (main) Artifact topic-8230c403_8c11_47f5_b6c4_4d3a1366f544-value found in registry with globalId 25
**** Registry Base URL: http://registry-app-ksql047.apps.ci419.apicurio-testing.org:80
2025-08-13 16:42:30,616 INFO  [org.apa.kaf.cli.con.ConsumerConfig] (main) ConsumerConfig values: 
	allow.auto.create.topics = true
	auto.commit.interval.ms = 500
	auto.include.jmx.reporter = true
	auto.offset.reset = earliest
	bootstrap.servers = [PLAINTEXT://localhost:32769]
	check.crcs = true
	client.dns.lookup = use_all_dns_ips
	client.id = consumer-Consumer-topic-8230c403_8c11_47f5_b6c4_4d3a1366f544-8
	client.rack = 
	connections.max.idle.ms = 10000
	default.api.timeout.ms = 60000
	enable.auto.commit = true
	enable.metrics.push = true
	exclude.internal.topics = true
	fetch.max.bytes = 52428800
	fetch.max.wait.ms = 500
	fetch.min.bytes = 1
	group.id = Consumer-topic-8230c403_8c11_47f5_b6c4_4d3a1366f544
	group.instance.id = null
	group.protocol = classic
	group.remote.assignor = null
	heartbeat.interval.ms = 3000
	interceptor.classes = []
	internal.leave.group.on.close = true
	internal.throw.on.fetch.stable.offset.unsupported = false
	isolation.level = read_uncommitted
	key.deserializer = class org.apache.kafka.common.serialization.StringDeserializer
	max.partition.fetch.bytes = 1048576
	max.poll.interval.ms = 300000
	max.poll.records = 500
	metadata.max.age.ms = 300000
	metadata.recovery.strategy = none
	metric.reporters = []
	metrics.num.samples = 2
	metrics.recording.level = INFO
	metrics.sample.window.ms = 30000
	partition.assignment.strategy = [class org.apache.kafka.clients.consumer.RangeAssignor, class org.apache.kafka.clients.consumer.CooperativeStickyAssignor]
	receive.buffer.bytes = 65536
	reconnect.backoff.max.ms = 1000
	reconnect.backoff.ms = 50
	request.timeout.ms = 5000
	retry.backoff.max.ms = 1000
	retry.backoff.ms = 100
	sasl.client.callback.handler.class = null
	sasl.jaas.config = null
	sasl.kerberos.kinit.cmd = /usr/bin/kinit
	sasl.kerberos.min.time.before.relogin = 60000
	sasl.kerberos.service.name = null
	sasl.kerberos.ticket.renew.jitter = 0.05
	sasl.kerberos.ticket.renew.window.factor = 0.8
	sasl.login.callback.handler.class = null
	sasl.login.class = null
	sasl.login.connect.timeout.ms = null
	sasl.login.read.timeout.ms = null
	sasl.login.refresh.buffer.seconds = 300
	sasl.login.refresh.min.period.seconds = 60
	sasl.login.refresh.window.factor = 0.8
	sasl.login.refresh.window.jitter = 0.05
	sasl.login.retry.backoff.max.ms = 10000
	sasl.login.retry.backoff.ms = 100
	sasl.mechanism = GSSAPI
	sasl.oauthbearer.clock.skew.seconds = 30
	sasl.oauthbearer.expected.audience = null
	sasl.oauthbearer.expected.issuer = null
	sasl.oauthbearer.header.urlencode = false
	sasl.oauthbearer.jwks.endpoint.refresh.ms = 3600000
	sasl.oauthbearer.jwks.endpoint.retry.backoff.max.ms = 10000
	sasl.oauthbearer.jwks.endpoint.retry.backoff.ms = 100
	sasl.oauthbearer.jwks.endpoint.url = null
	sasl.oauthbearer.scope.claim.name = scope
	sasl.oauthbearer.sub.claim.name = sub
	sasl.oauthbearer.token.endpoint.url = null
	security.protocol = PLAINTEXT
	security.providers = null
	send.buffer.bytes = 131072
	session.timeout.ms = 45000
	socket.connection.setup.timeout.max.ms = 30000
	socket.connection.setup.timeout.ms = 10000
	ssl.cipher.suites = null
	ssl.enabled.protocols = [TLSv1.2, TLSv1.3]
	ssl.endpoint.identification.algorithm = https
	ssl.engine.factory.class = null
	ssl.key.password = null
	ssl.keymanager.algorithm = SunX509
	ssl.keystore.certificate.chain = null
	ssl.keystore.key = null
	ssl.keystore.location = null
	ssl.keystore.password = null
	ssl.keystore.type = JKS
	ssl.protocol = TLSv1.3
	ssl.provider = null
	ssl.secure.random.implementation = null
	ssl.trustmanager.algorithm = PKIX
	ssl.truststore.certificates = null
	ssl.truststore.location = null
	ssl.truststore.password = null
	ssl.truststore.type = JKS
	value.deserializer = class io.apicurio.registry.serde.avro.AvroKafkaDeserializer

2025-08-13 16:42:30,617 INFO  [org.apa.kaf.com.tel.int.KafkaMetricsCollector] (main) initializing Kafka metrics collector
2025-08-13 16:42:30,623 INFO  [org.apa.kaf.cli.con.ConsumerConfig] (main) These configurations '[apicurio.registry.url]' were supplied but are not used yet.
2025-08-13 16:42:30,624 INFO  [org.apa.kaf.com.uti.AppInfoParser] (main) Kafka version: 3.9.1
2025-08-13 16:42:30,624 INFO  [org.apa.kaf.com.uti.AppInfoParser] (main) Kafka commitId: f745dfdcee2b9851
2025-08-13 16:42:30,624 INFO  [org.apa.kaf.com.uti.AppInfoParser] (main) Kafka startTimeMs: 1755103350624
2025-08-13 16:42:30,625 INFO  [org.apa.kaf.cli.con.int.ClassicKafkaConsumer] (Thread-654) [Consumer clientId=consumer-Consumer-topic-8230c403_8c11_47f5_b6c4_4d3a1366f544-8, groupId=Consumer-topic-8230c403_8c11_47f5_b6c4_4d3a1366f544] Subscribed to topic(s): topic-8230c403_8c11_47f5_b6c4_4d3a1366f544
2025-08-13 16:42:30,633 INFO  [org.apa.kaf.cli.Metadata] (Thread-654) [Consumer clientId=consumer-Consumer-topic-8230c403_8c11_47f5_b6c4_4d3a1366f544-8, groupId=Consumer-topic-8230c403_8c11_47f5_b6c4_4d3a1366f544] Cluster ID: MGWopiWBQlear_SiqMs63w
2025-08-13 16:42:30,636 INFO  [org.apa.kaf.cli.con.int.ConsumerCoordinator] (Thread-654) [Consumer clientId=consumer-Consumer-topic-8230c403_8c11_47f5_b6c4_4d3a1366f544-8, groupId=Consumer-topic-8230c403_8c11_47f5_b6c4_4d3a1366f544] Discovered group coordinator localhost:32769 (id: 2147483647 rack: null)
2025-08-13 16:42:30,637 INFO  [org.apa.kaf.cli.con.int.ConsumerCoordinator] (Thread-654) [Consumer clientId=consumer-Consumer-topic-8230c403_8c11_47f5_b6c4_4d3a1366f544-8, groupId=Consumer-topic-8230c403_8c11_47f5_b6c4_4d3a1366f544] (Re-)joining group
2025-08-13 16:42:30,645 INFO  [org.apa.kaf.cli.con.int.ConsumerCoordinator] (Thread-654) [Consumer clientId=consumer-Consumer-topic-8230c403_8c11_47f5_b6c4_4d3a1366f544-8, groupId=Consumer-topic-8230c403_8c11_47f5_b6c4_4d3a1366f544] Request joining group due to: need to re-join with the given member-id: consumer-Consumer-topic-8230c403_8c11_47f5_b6c4_4d3a1366f544-8-8e175be0-beb7-4a0a-b16c-cef883d6fb92
2025-08-13 16:42:30,645 INFO  [org.apa.kaf.cli.con.int.ConsumerCoordinator] (Thread-654) [Consumer clientId=consumer-Consumer-topic-8230c403_8c11_47f5_b6c4_4d3a1366f544-8, groupId=Consumer-topic-8230c403_8c11_47f5_b6c4_4d3a1366f544] (Re-)joining group
2025-08-13 16:42:31,626 INFO  [io.api.tes.ser.api.KafkaSerdesTester] (Thread-654) None found
2025-08-13 16:42:32,626 INFO  [io.api.tes.ser.api.KafkaSerdesTester] (Thread-654) None found
2025-08-13 16:42:33,627 INFO  [io.api.tes.ser.api.KafkaSerdesTester] (Thread-654) None found
2025-08-13 16:42:33,648 INFO  [org.apa.kaf.cli.con.int.ConsumerCoordinator] (Thread-654) [Consumer clientId=consumer-Consumer-topic-8230c403_8c11_47f5_b6c4_4d3a1366f544-8, groupId=Consumer-topic-8230c403_8c11_47f5_b6c4_4d3a1366f544] Successfully joined group with generation Generation{generationId=1, memberId='consumer-Consumer-topic-8230c403_8c11_47f5_b6c4_4d3a1366f544-8-8e175be0-beb7-4a0a-b16c-cef883d6fb92', protocol='range'}
2025-08-13 16:42:33,648 INFO  [org.apa.kaf.cli.con.int.ConsumerCoordinator] (Thread-654) [Consumer clientId=consumer-Consumer-topic-8230c403_8c11_47f5_b6c4_4d3a1366f544-8, groupId=Consumer-topic-8230c403_8c11_47f5_b6c4_4d3a1366f544] Finished assignment for group at generation 1: {consumer-Consumer-topic-8230c403_8c11_47f5_b6c4_4d3a1366f544-8-8e175be0-beb7-4a0a-b16c-cef883d6fb92=Assignment(partitions=[topic-8230c403_8c11_47f5_b6c4_4d3a1366f544-0])}
2025-08-13 16:42:33,657 INFO  [org.apa.kaf.cli.con.int.ConsumerCoordinator] (Thread-654) [Consumer clientId=consumer-Consumer-topic-8230c403_8c11_47f5_b6c4_4d3a1366f544-8, groupId=Consumer-topic-8230c403_8c11_47f5_b6c4_4d3a1366f544] Successfully synced group in generation Generation{generationId=1, memberId='consumer-Consumer-topic-8230c403_8c11_47f5_b6c4_4d3a1366f544-8-8e175be0-beb7-4a0a-b16c-cef883d6fb92', protocol='range'}
2025-08-13 16:42:33,658 INFO  [org.apa.kaf.cli.con.int.ConsumerCoordinator] (Thread-654) [Consumer clientId=consumer-Consumer-topic-8230c403_8c11_47f5_b6c4_4d3a1366f544-8, groupId=Consumer-topic-8230c403_8c11_47f5_b6c4_4d3a1366f544] Notifying assignor about the new Assignment(partitions=[topic-8230c403_8c11_47f5_b6c4_4d3a1366f544-0])
2025-08-13 16:42:33,658 INFO  [org.apa.kaf.cli.con.int.ConsumerRebalanceListenerInvoker] (Thread-654) [Consumer clientId=consumer-Consumer-topic-8230c403_8c11_47f5_b6c4_4d3a1366f544-8, groupId=Consumer-topic-8230c403_8c11_47f5_b6c4_4d3a1366f544] Adding newly assigned partitions: topic-8230c403_8c11_47f5_b6c4_4d3a1366f544-0
2025-08-13 16:42:33,660 INFO  [org.apa.kaf.cli.con.int.ConsumerCoordinator] (Thread-654) [Consumer clientId=consumer-Consumer-topic-8230c403_8c11_47f5_b6c4_4d3a1366f544-8, groupId=Consumer-topic-8230c403_8c11_47f5_b6c4_4d3a1366f544] Found no committed offset for partition topic-8230c403_8c11_47f5_b6c4_4d3a1366f544-0
2025-08-13 16:42:33,667 INFO  [org.apa.kaf.cli.con.int.SubscriptionState] (Thread-654) [Consumer clientId=consumer-Consumer-topic-8230c403_8c11_47f5_b6c4_4d3a1366f544-8, groupId=Consumer-topic-8230c403_8c11_47f5_b6c4_4d3a1366f544] Resetting offset for partition topic-8230c403_8c11_47f5_b6c4_4d3a1366f544-0 to position FetchPosition{offset=0, offsetEpoch=Optional.empty, currentLeader=LeaderAndEpoch{leader=Optional[localhost:32769 (id: 0 rack: null)], epoch=0}}.
2025-08-13 16:42:33,730 INFO  [io.api.tes.ser.api.KafkaSerdesTester] (Thread-654) topic-8230c403_8c11_47f5_b6c4_4d3a1366f544 0 0 {"id": "record-0"}
2025-08-13 16:42:33,730 INFO  [io.api.tes.ser.api.KafkaSerdesTester] (Thread-654) topic-8230c403_8c11_47f5_b6c4_4d3a1366f544 0 1 {"value": 1}
2025-08-13 16:42:33,730 INFO  [io.api.tes.ser.api.KafkaSerdesTester] (Thread-654) topic-8230c403_8c11_47f5_b6c4_4d3a1366f544 0 2 {"active": true}
2025-08-13 16:42:33,730 INFO  [io.api.tes.ser.api.KafkaSerdesTester] (Thread-654) topic-8230c403_8c11_47f5_b6c4_4d3a1366f544 0 3 {"id": "record-3"}
2025-08-13 16:42:33,730 INFO  [io.api.tes.ser.api.KafkaSerdesTester] (Thread-654) topic-8230c403_8c11_47f5_b6c4_4d3a1366f544 0 4 {"value": 4}
2025-08-13 16:42:33,730 INFO  [io.api.tes.ser.api.KafkaSerdesTester] (Thread-654) topic-8230c403_8c11_47f5_b6c4_4d3a1366f544 0 5 {"active": false}
2025-08-13 16:42:33,730 INFO  [io.api.tes.ser.api.KafkaSerdesTester] (Thread-654) topic-8230c403_8c11_47f5_b6c4_4d3a1366f544 0 6 {"id": "record-6"}
2025-08-13 16:42:33,730 INFO  [io.api.tes.ser.api.KafkaSerdesTester] (Thread-654) topic-8230c403_8c11_47f5_b6c4_4d3a1366f544 0 7 {"value": 7}
2025-08-13 16:42:33,730 INFO  [io.api.tes.ser.api.KafkaSerdesTester] (Thread-654) topic-8230c403_8c11_47f5_b6c4_4d3a1366f544 0 8 {"active": true}
2025-08-13 16:42:33,730 INFO  [io.api.tes.ser.api.KafkaSerdesTester] (Thread-654) topic-8230c403_8c11_47f5_b6c4_4d3a1366f544 0 9 {"id": "record-9"}
2025-08-13 16:42:33,730 INFO  [io.api.tes.ser.api.KafkaSerdesTester] (Thread-654) Consumed 10 messages
2025-08-13 16:42:33,737 INFO  [org.apa.kaf.cli.con.int.ConsumerRebalanceListenerInvoker] (Thread-654) [Consumer clientId=consumer-Consumer-topic-8230c403_8c11_47f5_b6c4_4d3a1366f544-8, groupId=Consumer-topic-8230c403_8c11_47f5_b6c4_4d3a1366f544] Revoke previously assigned partitions topic-8230c403_8c11_47f5_b6c4_4d3a1366f544-0
2025-08-13 16:42:33,737 INFO  [org.apa.kaf.cli.con.int.ConsumerCoordinator] (Thread-654) [Consumer clientId=consumer-Consumer-topic-8230c403_8c11_47f5_b6c4_4d3a1366f544-8, groupId=Consumer-topic-8230c403_8c11_47f5_b6c4_4d3a1366f544] Member consumer-Consumer-topic-8230c403_8c11_47f5_b6c4_4d3a1366f544-8-8e175be0-beb7-4a0a-b16c-cef883d6fb92 sending LeaveGroup request to coordinator localhost:32769 (id: 2147483647 rack: null) due to the consumer is being closed
2025-08-13 16:42:33,738 INFO  [org.apa.kaf.cli.con.int.ConsumerCoordinator] (Thread-654) [Consumer clientId=consumer-Consumer-topic-8230c403_8c11_47f5_b6c4_4d3a1366f544-8, groupId=Consumer-topic-8230c403_8c11_47f5_b6c4_4d3a1366f544] Resetting generation and member id due to: consumer pro-actively leaving the group
2025-08-13 16:42:33,738 INFO  [org.apa.kaf.cli.con.int.ConsumerCoordinator] (Thread-654) [Consumer clientId=consumer-Consumer-topic-8230c403_8c11_47f5_b6c4_4d3a1366f544-8, groupId=Consumer-topic-8230c403_8c11_47f5_b6c4_4d3a1366f544] Request joining group due to: consumer pro-actively leaving the group
2025-08-13 16:42:34,231 INFO  [org.apa.kaf.com.met.Metrics] (Thread-654) Metrics scheduler closed
2025-08-13 16:42:34,231 INFO  [org.apa.kaf.com.met.Metrics] (Thread-654) Closing reporter org.apache.kafka.common.metrics.JmxReporter
2025-08-13 16:42:34,231 INFO  [org.apa.kaf.com.met.Metrics] (Thread-654) Closing reporter org.apache.kafka.common.telemetry.internals.ClientTelemetryReporter
2025-08-13 16:42:34,231 INFO  [org.apa.kaf.com.met.Metrics] (Thread-654) Metrics reporters closed
2025-08-13 16:42:34,233 INFO  [org.apa.kaf.com.uti.AppInfoParser] (Thread-654) App info kafka.consumer for consumer-Consumer-topic-8230c403_8c11_47f5_b6c4_4d3a1366f544-8 unregistered
2025-08-13 16:42:34,235 INFO  [io.api.tes.uti.TestSeparator] (main) io.apicurio.tests.serdes.apicurio.AvroSerdeIT.testAvroUnionWithSpecificReader-FINISHED
2025-08-13 16:42:34,235 INFO  [io.api.tes.uti.TestSeparator] (main) ############################################################################
Test passed: testAvroUnionWithSpecificReader
]]></system-out>
  </testcase>
  <testcase name="testEvolveAvroApicurioReusingClient" classname="io.apicurio.tests.serdes.apicurio.AvroSerdeIT" time="7.085">
    <system-out><![CDATA[2025-08-13 16:42:34,236 INFO  [io.api.tes.uti.TestSeparator] (main) ############################################################################
2025-08-13 16:42:34,236 INFO  [io.api.tes.uti.TestSeparator] (main) io.apicurio.tests.serdes.apicurio.AvroSerdeIT.testEvolveAvroApicurioReusingClient-STARTED
2025-08-13 16:42:34,240 INFO  [io.api.tes.ser.api.AvroSerdeIT] (main) Registering Avro Schema: {"type":"record","name":"s5cdec8aax090ex4dcbx9e5dxb9d44d7da892","namespace":"ns_05f1e715_d747_4049_a396_f2c861f1979f","fields":[{"name":"key11755103354239","type":"string"}]}
**** Registry Base URL: http://registry-app-ksql047.apps.ci419.apicurio-testing.org:80
2025-08-13 16:42:35,307 INFO  [org.apa.kaf.cli.pro.ProducerConfig] (main) ProducerConfig values: 
	acks = -1
	auto.include.jmx.reporter = true
	batch.size = 16384
	bootstrap.servers = [PLAINTEXT://localhost:32769]
	buffer.memory = 33554432
	client.dns.lookup = use_all_dns_ips
	client.id = Producer-topic-430f52ea_841a_4b18_a8ce_2ee0353bc11e
	compression.gzip.level = -1
	compression.lz4.level = 9
	compression.type = none
	compression.zstd.level = 3
	connections.max.idle.ms = 10000
	delivery.timeout.ms = 120000
	enable.idempotence = true
	enable.metrics.push = true
	interceptor.classes = []
	key.serializer = class org.apache.kafka.common.serialization.StringSerializer
	linger.ms = 0
	max.block.ms = 60000
	max.in.flight.requests.per.connection = 5
	max.request.size = 1048576
	metadata.max.age.ms = 300000
	metadata.max.idle.ms = 300000
	metadata.recovery.strategy = none
	metric.reporters = []
	metrics.num.samples = 2
	metrics.recording.level = INFO
	metrics.sample.window.ms = 30000
	partitioner.adaptive.partitioning.enable = true
	partitioner.availability.timeout.ms = 0
	partitioner.class = null
	partitioner.ignore.keys = false
	receive.buffer.bytes = 32768
	reconnect.backoff.max.ms = 1000
	reconnect.backoff.ms = 50
	request.timeout.ms = 5000
	retries = 2147483647
	retry.backoff.max.ms = 1000
	retry.backoff.ms = 100
	sasl.client.callback.handler.class = null
	sasl.jaas.config = null
	sasl.kerberos.kinit.cmd = /usr/bin/kinit
	sasl.kerberos.min.time.before.relogin = 60000
	sasl.kerberos.service.name = null
	sasl.kerberos.ticket.renew.jitter = 0.05
	sasl.kerberos.ticket.renew.window.factor = 0.8
	sasl.login.callback.handler.class = null
	sasl.login.class = null
	sasl.login.connect.timeout.ms = null
	sasl.login.read.timeout.ms = null
	sasl.login.refresh.buffer.seconds = 300
	sasl.login.refresh.min.period.seconds = 60
	sasl.login.refresh.window.factor = 0.8
	sasl.login.refresh.window.jitter = 0.05
	sasl.login.retry.backoff.max.ms = 10000
	sasl.login.retry.backoff.ms = 100
	sasl.mechanism = GSSAPI
	sasl.oauthbearer.clock.skew.seconds = 30
	sasl.oauthbearer.expected.audience = null
	sasl.oauthbearer.expected.issuer = null
	sasl.oauthbearer.header.urlencode = false
	sasl.oauthbearer.jwks.endpoint.refresh.ms = 3600000
	sasl.oauthbearer.jwks.endpoint.retry.backoff.max.ms = 10000
	sasl.oauthbearer.jwks.endpoint.retry.backoff.ms = 100
	sasl.oauthbearer.jwks.endpoint.url = null
	sasl.oauthbearer.scope.claim.name = scope
	sasl.oauthbearer.sub.claim.name = sub
	sasl.oauthbearer.token.endpoint.url = null
	security.protocol = PLAINTEXT
	security.providers = null
	send.buffer.bytes = 131072
	socket.connection.setup.timeout.max.ms = 30000
	socket.connection.setup.timeout.ms = 10000
	ssl.cipher.suites = null
	ssl.enabled.protocols = [TLSv1.2, TLSv1.3]
	ssl.endpoint.identification.algorithm = https
	ssl.engine.factory.class = null
	ssl.key.password = null
	ssl.keymanager.algorithm = SunX509
	ssl.keystore.certificate.chain = null
	ssl.keystore.key = null
	ssl.keystore.location = null
	ssl.keystore.password = null
	ssl.keystore.type = JKS
	ssl.protocol = TLSv1.3
	ssl.provider = null
	ssl.secure.random.implementation = null
	ssl.trustmanager.algorithm = PKIX
	ssl.truststore.certificates = null
	ssl.truststore.location = null
	ssl.truststore.password = null
	ssl.truststore.type = JKS
	transaction.timeout.ms = 60000
	transactional.id = null
	value.serializer = class io.apicurio.registry.serde.avro.AvroKafkaSerializer

2025-08-13 16:42:35,307 INFO  [org.apa.kaf.com.tel.int.KafkaMetricsCollector] (main) initializing Kafka metrics collector
2025-08-13 16:42:35,311 INFO  [org.apa.kaf.cli.pro.KafkaProducer] (main) [Producer clientId=Producer-topic-430f52ea_841a_4b18_a8ce_2ee0353bc11e] Instantiated an idempotent producer.
2025-08-13 16:42:35,312 INFO  [org.apa.kaf.cli.pro.ProducerConfig] (main) These configurations '[apicurio.registry.url, apicurio.registry.artifact-resolver-strategy]' were supplied but are not used yet.
2025-08-13 16:42:35,312 INFO  [org.apa.kaf.com.uti.AppInfoParser] (main) Kafka version: 3.9.1
2025-08-13 16:42:35,312 INFO  [org.apa.kaf.com.uti.AppInfoParser] (main) Kafka commitId: f745dfdcee2b9851
2025-08-13 16:42:35,313 INFO  [org.apa.kaf.com.uti.AppInfoParser] (main) Kafka startTimeMs: 1755103355312
**** Registry Base URL: http://registry-app-ksql047.apps.ci419.apicurio-testing.org:80
2025-08-13 16:42:35,313 INFO  [org.apa.kaf.cli.con.ConsumerConfig] (main) ConsumerConfig values: 
	allow.auto.create.topics = true
	auto.commit.interval.ms = 500
	auto.include.jmx.reporter = true
	auto.offset.reset = earliest
	bootstrap.servers = [PLAINTEXT://localhost:32769]
	check.crcs = true
	client.dns.lookup = use_all_dns_ips
	client.id = consumer-Consumer-topic-430f52ea_841a_4b18_a8ce_2ee0353bc11e-9
	client.rack = 
	connections.max.idle.ms = 10000
	default.api.timeout.ms = 60000
	enable.auto.commit = true
	enable.metrics.push = true
	exclude.internal.topics = true
	fetch.max.bytes = 52428800
	fetch.max.wait.ms = 500
	fetch.min.bytes = 1
	group.id = Consumer-topic-430f52ea_841a_4b18_a8ce_2ee0353bc11e
	group.instance.id = null
	group.protocol = classic
	group.remote.assignor = null
	heartbeat.interval.ms = 3000
	interceptor.classes = []
	internal.leave.group.on.close = true
	internal.throw.on.fetch.stable.offset.unsupported = false
	isolation.level = read_uncommitted
	key.deserializer = class org.apache.kafka.common.serialization.StringDeserializer
	max.partition.fetch.bytes = 1048576
	max.poll.interval.ms = 300000
	max.poll.records = 500
	metadata.max.age.ms = 300000
	metadata.recovery.strategy = none
	metric.reporters = []
	metrics.num.samples = 2
	metrics.recording.level = INFO
	metrics.sample.window.ms = 30000
	partition.assignment.strategy = [class org.apache.kafka.clients.consumer.RangeAssignor, class org.apache.kafka.clients.consumer.CooperativeStickyAssignor]
	receive.buffer.bytes = 65536
	reconnect.backoff.max.ms = 1000
	reconnect.backoff.ms = 50
	request.timeout.ms = 5000
	retry.backoff.max.ms = 1000
	retry.backoff.ms = 100
	sasl.client.callback.handler.class = null
	sasl.jaas.config = null
	sasl.kerberos.kinit.cmd = /usr/bin/kinit
	sasl.kerberos.min.time.before.relogin = 60000
	sasl.kerberos.service.name = null
	sasl.kerberos.ticket.renew.jitter = 0.05
	sasl.kerberos.ticket.renew.window.factor = 0.8
	sasl.login.callback.handler.class = null
	sasl.login.class = null
	sasl.login.connect.timeout.ms = null
	sasl.login.read.timeout.ms = null
	sasl.login.refresh.buffer.seconds = 300
	sasl.login.refresh.min.period.seconds = 60
	sasl.login.refresh.window.factor = 0.8
	sasl.login.refresh.window.jitter = 0.05
	sasl.login.retry.backoff.max.ms = 10000
	sasl.login.retry.backoff.ms = 100
	sasl.mechanism = GSSAPI
	sasl.oauthbearer.clock.skew.seconds = 30
	sasl.oauthbearer.expected.audience = null
	sasl.oauthbearer.expected.issuer = null
	sasl.oauthbearer.header.urlencode = false
	sasl.oauthbearer.jwks.endpoint.refresh.ms = 3600000
	sasl.oauthbearer.jwks.endpoint.retry.backoff.max.ms = 10000
	sasl.oauthbearer.jwks.endpoint.retry.backoff.ms = 100
	sasl.oauthbearer.jwks.endpoint.url = null
	sasl.oauthbearer.scope.claim.name = scope
	sasl.oauthbearer.sub.claim.name = sub
	sasl.oauthbearer.token.endpoint.url = null
	security.protocol = PLAINTEXT
	security.providers = null
	send.buffer.bytes = 131072
	session.timeout.ms = 45000
	socket.connection.setup.timeout.max.ms = 30000
	socket.connection.setup.timeout.ms = 10000
	ssl.cipher.suites = null
	ssl.enabled.protocols = [TLSv1.2, TLSv1.3]
	ssl.endpoint.identification.algorithm = https
	ssl.engine.factory.class = null
	ssl.key.password = null
	ssl.keymanager.algorithm = SunX509
	ssl.keystore.certificate.chain = null
	ssl.keystore.key = null
	ssl.keystore.location = null
	ssl.keystore.password = null
	ssl.keystore.type = JKS
	ssl.protocol = TLSv1.3
	ssl.provider = null
	ssl.secure.random.implementation = null
	ssl.trustmanager.algorithm = PKIX
	ssl.truststore.certificates = null
	ssl.truststore.location = null
	ssl.truststore.password = null
	ssl.truststore.type = JKS
	value.deserializer = class io.apicurio.registry.serde.avro.AvroKafkaDeserializer

2025-08-13 16:42:35,314 INFO  [org.apa.kaf.com.tel.int.KafkaMetricsCollector] (main) initializing Kafka metrics collector
2025-08-13 16:42:35,319 INFO  [org.apa.kaf.cli.Metadata] (kafka-producer-network-thread | Producer-topic-430f52ea_841a_4b18_a8ce_2ee0353bc11e) [Producer clientId=Producer-topic-430f52ea_841a_4b18_a8ce_2ee0353bc11e] Cluster ID: MGWopiWBQlear_SiqMs63w
2025-08-13 16:42:35,321 INFO  [org.apa.kaf.cli.con.ConsumerConfig] (main) These configurations '[apicurio.registry.url]' were supplied but are not used yet.
2025-08-13 16:42:35,321 INFO  [org.apa.kaf.com.uti.AppInfoParser] (main) Kafka version: 3.9.1
2025-08-13 16:42:35,321 INFO  [org.apa.kaf.com.uti.AppInfoParser] (main) Kafka commitId: f745dfdcee2b9851
2025-08-13 16:42:35,321 INFO  [org.apa.kaf.com.uti.AppInfoParser] (main) Kafka startTimeMs: 1755103355321
2025-08-13 16:42:35,322 INFO  [org.apa.kaf.cli.pro.int.TransactionManager] (kafka-producer-network-thread | Producer-topic-430f52ea_841a_4b18_a8ce_2ee0353bc11e) [Producer clientId=Producer-topic-430f52ea_841a_4b18_a8ce_2ee0353bc11e] ProducerId set to 11 with epoch 0
2025-08-13 16:42:35,324 INFO  [io.api.tes.ser.api.KafkaSerdesTester] (Thread-659) Sending message {"key11755103354239": "value-0"} to topic topic-430f52ea_841a_4b18_a8ce_2ee0353bc11e
2025-08-13 16:42:35,327 INFO  [DefaultSchemaResolver] (Thread-659) Retrieving schema content using string: {"type":"record","name":"s5cdec8aax090ex4dcbx9e5dxb9d44d7da892","namespace":"ns_05f1e715_d747_4049_a396_f2c861f1979f","fields":[{"name":"key11755103354239","type":"string"}]}
2025-08-13 16:42:35,352 INFO  [io.api.tes.ser.api.KafkaSerdesTester] (Thread-659) Sending message {"key11755103354239": "value-1"} to topic topic-430f52ea_841a_4b18_a8ce_2ee0353bc11e
2025-08-13 16:42:35,355 INFO  [io.api.tes.ser.api.KafkaSerdesTester] (Thread-659) Sending message {"key11755103354239": "value-2"} to topic topic-430f52ea_841a_4b18_a8ce_2ee0353bc11e
2025-08-13 16:42:35,357 INFO  [io.api.tes.ser.api.KafkaSerdesTester] (Thread-659) Sending message {"key11755103354239": "value-3"} to topic topic-430f52ea_841a_4b18_a8ce_2ee0353bc11e
2025-08-13 16:42:35,361 INFO  [io.api.tes.ser.api.KafkaSerdesTester] (Thread-659) Sending message {"key11755103354239": "value-4"} to topic topic-430f52ea_841a_4b18_a8ce_2ee0353bc11e
2025-08-13 16:42:35,365 INFO  [io.api.tes.ser.api.KafkaSerdesTester] (Thread-659) Sending message {"key11755103354239": "value-5"} to topic topic-430f52ea_841a_4b18_a8ce_2ee0353bc11e
2025-08-13 16:42:35,367 INFO  [io.api.tes.ser.api.KafkaSerdesTester] (Thread-659) Sending message {"key11755103354239": "value-6"} to topic topic-430f52ea_841a_4b18_a8ce_2ee0353bc11e
2025-08-13 16:42:35,369 INFO  [io.api.tes.ser.api.KafkaSerdesTester] (Thread-659) Sending message {"key11755103354239": "value-7"} to topic topic-430f52ea_841a_4b18_a8ce_2ee0353bc11e
2025-08-13 16:42:35,371 INFO  [io.api.tes.ser.api.KafkaSerdesTester] (Thread-659) Sending message {"key11755103354239": "value-8"} to topic topic-430f52ea_841a_4b18_a8ce_2ee0353bc11e
2025-08-13 16:42:35,373 INFO  [io.api.tes.ser.api.KafkaSerdesTester] (Thread-659) Sending message {"key11755103354239": "value-9"} to topic topic-430f52ea_841a_4b18_a8ce_2ee0353bc11e
2025-08-13 16:42:35,376 INFO  [io.api.tes.ser.api.KafkaSerdesTester] (Thread-659) Produced 10 messages
2025-08-13 16:42:35,377 INFO  [org.apa.kaf.cli.con.int.ClassicKafkaConsumer] (Thread-660) [Consumer clientId=consumer-Consumer-topic-430f52ea_841a_4b18_a8ce_2ee0353bc11e-9, groupId=Consumer-topic-430f52ea_841a_4b18_a8ce_2ee0353bc11e] Subscribed to topic(s): topic-430f52ea_841a_4b18_a8ce_2ee0353bc11e
2025-08-13 16:42:35,381 INFO  [org.apa.kaf.cli.Metadata] (Thread-660) [Consumer clientId=consumer-Consumer-topic-430f52ea_841a_4b18_a8ce_2ee0353bc11e-9, groupId=Consumer-topic-430f52ea_841a_4b18_a8ce_2ee0353bc11e] Cluster ID: MGWopiWBQlear_SiqMs63w
2025-08-13 16:42:35,383 INFO  [org.apa.kaf.cli.con.int.ConsumerCoordinator] (Thread-660) [Consumer clientId=consumer-Consumer-topic-430f52ea_841a_4b18_a8ce_2ee0353bc11e-9, groupId=Consumer-topic-430f52ea_841a_4b18_a8ce_2ee0353bc11e] Discovered group coordinator localhost:32769 (id: 2147483647 rack: null)
2025-08-13 16:42:35,386 INFO  [org.apa.kaf.cli.con.int.ConsumerCoordinator] (Thread-660) [Consumer clientId=consumer-Consumer-topic-430f52ea_841a_4b18_a8ce_2ee0353bc11e-9, groupId=Consumer-topic-430f52ea_841a_4b18_a8ce_2ee0353bc11e] (Re-)joining group
2025-08-13 16:42:35,389 INFO  [org.apa.kaf.cli.con.int.ConsumerCoordinator] (Thread-660) [Consumer clientId=consumer-Consumer-topic-430f52ea_841a_4b18_a8ce_2ee0353bc11e-9, groupId=Consumer-topic-430f52ea_841a_4b18_a8ce_2ee0353bc11e] Request joining group due to: need to re-join with the given member-id: consumer-Consumer-topic-430f52ea_841a_4b18_a8ce_2ee0353bc11e-9-2dcb9b8b-5839-4fce-9b11-774b2fbf72ed
2025-08-13 16:42:35,389 INFO  [org.apa.kaf.cli.con.int.ConsumerCoordinator] (Thread-660) [Consumer clientId=consumer-Consumer-topic-430f52ea_841a_4b18_a8ce_2ee0353bc11e-9, groupId=Consumer-topic-430f52ea_841a_4b18_a8ce_2ee0353bc11e] (Re-)joining group
2025-08-13 16:42:36,377 INFO  [io.api.tes.ser.api.KafkaSerdesTester] (Thread-660) None found
2025-08-13 16:42:37,377 INFO  [io.api.tes.ser.api.KafkaSerdesTester] (Thread-660) None found
2025-08-13 16:42:38,377 INFO  [io.api.tes.ser.api.KafkaSerdesTester] (Thread-660) None found
2025-08-13 16:42:38,391 INFO  [org.apa.kaf.cli.con.int.ConsumerCoordinator] (Thread-660) [Consumer clientId=consumer-Consumer-topic-430f52ea_841a_4b18_a8ce_2ee0353bc11e-9, groupId=Consumer-topic-430f52ea_841a_4b18_a8ce_2ee0353bc11e] Successfully joined group with generation Generation{generationId=1, memberId='consumer-Consumer-topic-430f52ea_841a_4b18_a8ce_2ee0353bc11e-9-2dcb9b8b-5839-4fce-9b11-774b2fbf72ed', protocol='range'}
2025-08-13 16:42:38,391 INFO  [org.apa.kaf.cli.con.int.ConsumerCoordinator] (Thread-660) [Consumer clientId=consumer-Consumer-topic-430f52ea_841a_4b18_a8ce_2ee0353bc11e-9, groupId=Consumer-topic-430f52ea_841a_4b18_a8ce_2ee0353bc11e] Finished assignment for group at generation 1: {consumer-Consumer-topic-430f52ea_841a_4b18_a8ce_2ee0353bc11e-9-2dcb9b8b-5839-4fce-9b11-774b2fbf72ed=Assignment(partitions=[topic-430f52ea_841a_4b18_a8ce_2ee0353bc11e-0])}
2025-08-13 16:42:38,399 INFO  [org.apa.kaf.cli.con.int.ConsumerCoordinator] (Thread-660) [Consumer clientId=consumer-Consumer-topic-430f52ea_841a_4b18_a8ce_2ee0353bc11e-9, groupId=Consumer-topic-430f52ea_841a_4b18_a8ce_2ee0353bc11e] Successfully synced group in generation Generation{generationId=1, memberId='consumer-Consumer-topic-430f52ea_841a_4b18_a8ce_2ee0353bc11e-9-2dcb9b8b-5839-4fce-9b11-774b2fbf72ed', protocol='range'}
2025-08-13 16:42:38,399 INFO  [org.apa.kaf.cli.con.int.ConsumerCoordinator] (Thread-660) [Consumer clientId=consumer-Consumer-topic-430f52ea_841a_4b18_a8ce_2ee0353bc11e-9, groupId=Consumer-topic-430f52ea_841a_4b18_a8ce_2ee0353bc11e] Notifying assignor about the new Assignment(partitions=[topic-430f52ea_841a_4b18_a8ce_2ee0353bc11e-0])
2025-08-13 16:42:38,399 INFO  [org.apa.kaf.cli.con.int.ConsumerRebalanceListenerInvoker] (Thread-660) [Consumer clientId=consumer-Consumer-topic-430f52ea_841a_4b18_a8ce_2ee0353bc11e-9, groupId=Consumer-topic-430f52ea_841a_4b18_a8ce_2ee0353bc11e] Adding newly assigned partitions: topic-430f52ea_841a_4b18_a8ce_2ee0353bc11e-0
2025-08-13 16:42:38,400 INFO  [org.apa.kaf.cli.con.int.ConsumerCoordinator] (Thread-660) [Consumer clientId=consumer-Consumer-topic-430f52ea_841a_4b18_a8ce_2ee0353bc11e-9, groupId=Consumer-topic-430f52ea_841a_4b18_a8ce_2ee0353bc11e] Found no committed offset for partition topic-430f52ea_841a_4b18_a8ce_2ee0353bc11e-0
2025-08-13 16:42:38,404 INFO  [org.apa.kaf.cli.con.int.SubscriptionState] (Thread-660) [Consumer clientId=consumer-Consumer-topic-430f52ea_841a_4b18_a8ce_2ee0353bc11e-9, groupId=Consumer-topic-430f52ea_841a_4b18_a8ce_2ee0353bc11e] Resetting offset for partition topic-430f52ea_841a_4b18_a8ce_2ee0353bc11e-0 to position FetchPosition{offset=0, offsetEpoch=Optional.empty, currentLeader=LeaderAndEpoch{leader=Optional[localhost:32769 (id: 0 rack: null)], epoch=0}}.
2025-08-13 16:42:38,504 INFO  [io.api.tes.ser.api.KafkaSerdesTester] (Thread-660) topic-430f52ea_841a_4b18_a8ce_2ee0353bc11e 0 0 {"key11755103354239": "value-0"}
2025-08-13 16:42:38,505 INFO  [io.api.tes.ser.api.KafkaSerdesTester] (Thread-660) topic-430f52ea_841a_4b18_a8ce_2ee0353bc11e 0 1 {"key11755103354239": "value-1"}
2025-08-13 16:42:38,505 INFO  [io.api.tes.ser.api.KafkaSerdesTester] (Thread-660) topic-430f52ea_841a_4b18_a8ce_2ee0353bc11e 0 2 {"key11755103354239": "value-2"}
2025-08-13 16:42:38,505 INFO  [io.api.tes.ser.api.KafkaSerdesTester] (Thread-660) topic-430f52ea_841a_4b18_a8ce_2ee0353bc11e 0 3 {"key11755103354239": "value-3"}
2025-08-13 16:42:38,505 INFO  [io.api.tes.ser.api.KafkaSerdesTester] (Thread-660) topic-430f52ea_841a_4b18_a8ce_2ee0353bc11e 0 4 {"key11755103354239": "value-4"}
2025-08-13 16:42:38,505 INFO  [io.api.tes.ser.api.KafkaSerdesTester] (Thread-660) topic-430f52ea_841a_4b18_a8ce_2ee0353bc11e 0 5 {"key11755103354239": "value-5"}
2025-08-13 16:42:38,505 INFO  [io.api.tes.ser.api.KafkaSerdesTester] (Thread-660) topic-430f52ea_841a_4b18_a8ce_2ee0353bc11e 0 6 {"key11755103354239": "value-6"}
2025-08-13 16:42:38,505 INFO  [io.api.tes.ser.api.KafkaSerdesTester] (Thread-660) topic-430f52ea_841a_4b18_a8ce_2ee0353bc11e 0 7 {"key11755103354239": "value-7"}
2025-08-13 16:42:38,505 INFO  [io.api.tes.ser.api.KafkaSerdesTester] (Thread-660) topic-430f52ea_841a_4b18_a8ce_2ee0353bc11e 0 8 {"key11755103354239": "value-8"}
2025-08-13 16:42:38,505 INFO  [io.api.tes.ser.api.KafkaSerdesTester] (Thread-660) topic-430f52ea_841a_4b18_a8ce_2ee0353bc11e 0 9 {"key11755103354239": "value-9"}
2025-08-13 16:42:38,505 INFO  [io.api.tes.ser.api.KafkaSerdesTester] (Thread-660) Consumed 10 messages
2025-08-13 16:42:38,506 INFO  [io.api.tes.ser.api.AvroSerdeIT] (main) Registering Avro Schema 2: {"type":"record","name":"s5cdec8aax090ex4dcbx9e5dxb9d44d7da892","namespace":"ns_05f1e715_d747_4049_a396_f2c861f1979f","fields":[{"name":"key11755103354239","type":"string"},{"name":"key21755103358505","type":"string"}]}
2025-08-13 16:42:39,564 INFO  [io.api.tes.ser.api.KafkaSerdesTester] (Thread-661) Sending message {"key11755103354239": "value-0", "key21755103358505": "value-0"} to topic topic-430f52ea_841a_4b18_a8ce_2ee0353bc11e
2025-08-13 16:42:39,564 INFO  [DefaultSchemaResolver] (Thread-661) Retrieving schema content using string: {"type":"record","name":"s5cdec8aax090ex4dcbx9e5dxb9d44d7da892","namespace":"ns_05f1e715_d747_4049_a396_f2c861f1979f","fields":[{"name":"key11755103354239","type":"string"},{"name":"key21755103358505","type":"string"}]}
2025-08-13 16:42:39,582 INFO  [io.api.tes.ser.api.KafkaSerdesTester] (Thread-661) Sending message {"key11755103354239": "value-1", "key21755103358505": "value-1"} to topic topic-430f52ea_841a_4b18_a8ce_2ee0353bc11e
2025-08-13 16:42:39,583 INFO  [io.api.tes.ser.api.KafkaSerdesTester] (Thread-661) Sending message {"key11755103354239": "value-2", "key21755103358505": "value-2"} to topic topic-430f52ea_841a_4b18_a8ce_2ee0353bc11e
2025-08-13 16:42:39,585 INFO  [io.api.tes.ser.api.KafkaSerdesTester] (Thread-661) Sending message {"key11755103354239": "value-3", "key21755103358505": "value-3"} to topic topic-430f52ea_841a_4b18_a8ce_2ee0353bc11e
2025-08-13 16:42:39,587 INFO  [io.api.tes.ser.api.KafkaSerdesTester] (Thread-661) Sending message {"key11755103354239": "value-4", "key21755103358505": "value-4"} to topic topic-430f52ea_841a_4b18_a8ce_2ee0353bc11e
2025-08-13 16:42:39,589 INFO  [io.api.tes.ser.api.KafkaSerdesTester] (Thread-661) Sending message {"key11755103354239": "value-5", "key21755103358505": "value-5"} to topic topic-430f52ea_841a_4b18_a8ce_2ee0353bc11e
2025-08-13 16:42:39,594 INFO  [io.api.tes.ser.api.KafkaSerdesTester] (Thread-661) Sending message {"key11755103354239": "value-6", "key21755103358505": "value-6"} to topic topic-430f52ea_841a_4b18_a8ce_2ee0353bc11e
2025-08-13 16:42:39,597 INFO  [io.api.tes.ser.api.KafkaSerdesTester] (Thread-661) Sending message {"key11755103354239": "value-7", "key21755103358505": "value-7"} to topic topic-430f52ea_841a_4b18_a8ce_2ee0353bc11e
2025-08-13 16:42:39,600 INFO  [io.api.tes.ser.api.KafkaSerdesTester] (Thread-661) Sending message {"key11755103354239": "value-8", "key21755103358505": "value-8"} to topic topic-430f52ea_841a_4b18_a8ce_2ee0353bc11e
2025-08-13 16:42:39,605 INFO  [io.api.tes.ser.api.KafkaSerdesTester] (Thread-661) Sending message {"key11755103354239": "value-9", "key21755103358505": "value-9"} to topic topic-430f52ea_841a_4b18_a8ce_2ee0353bc11e
2025-08-13 16:42:39,608 INFO  [io.api.tes.ser.api.KafkaSerdesTester] (Thread-661) Produced 10 messages
2025-08-13 16:42:39,611 INFO  [io.api.tes.ser.api.KafkaSerdesTester] (Thread-662) Sending message {"key11755103354239": "value-0"} to topic topic-430f52ea_841a_4b18_a8ce_2ee0353bc11e
2025-08-13 16:42:39,614 INFO  [io.api.tes.ser.api.KafkaSerdesTester] (Thread-662) Sending message {"key11755103354239": "value-1"} to topic topic-430f52ea_841a_4b18_a8ce_2ee0353bc11e
2025-08-13 16:42:39,619 INFO  [io.api.tes.ser.api.KafkaSerdesTester] (Thread-662) Sending message {"key11755103354239": "value-2"} to topic topic-430f52ea_841a_4b18_a8ce_2ee0353bc11e
2025-08-13 16:42:39,623 INFO  [io.api.tes.ser.api.KafkaSerdesTester] (Thread-662) Sending message {"key11755103354239": "value-3"} to topic topic-430f52ea_841a_4b18_a8ce_2ee0353bc11e
2025-08-13 16:42:39,624 INFO  [io.api.tes.ser.api.KafkaSerdesTester] (Thread-662) Sending message {"key11755103354239": "value-4"} to topic topic-430f52ea_841a_4b18_a8ce_2ee0353bc11e
2025-08-13 16:42:39,626 INFO  [io.api.tes.ser.api.KafkaSerdesTester] (Thread-662) Sending message {"key11755103354239": "value-5"} to topic topic-430f52ea_841a_4b18_a8ce_2ee0353bc11e
2025-08-13 16:42:39,627 INFO  [io.api.tes.ser.api.KafkaSerdesTester] (Thread-662) Sending message {"key11755103354239": "value-6"} to topic topic-430f52ea_841a_4b18_a8ce_2ee0353bc11e
2025-08-13 16:42:39,628 INFO  [io.api.tes.ser.api.KafkaSerdesTester] (Thread-662) Sending message {"key11755103354239": "value-7"} to topic topic-430f52ea_841a_4b18_a8ce_2ee0353bc11e
2025-08-13 16:42:39,630 INFO  [io.api.tes.ser.api.KafkaSerdesTester] (Thread-662) Sending message {"key11755103354239": "value-8"} to topic topic-430f52ea_841a_4b18_a8ce_2ee0353bc11e
2025-08-13 16:42:39,640 INFO  [io.api.tes.ser.api.KafkaSerdesTester] (Thread-662) Sending message {"key11755103354239": "value-9"} to topic topic-430f52ea_841a_4b18_a8ce_2ee0353bc11e
2025-08-13 16:42:39,643 INFO  [io.api.tes.ser.api.KafkaSerdesTester] (Thread-662) Produced 10 messages
2025-08-13 16:42:39,644 INFO  [org.apa.kaf.cli.con.int.ClassicKafkaConsumer] (Thread-663) [Consumer clientId=consumer-Consumer-topic-430f52ea_841a_4b18_a8ce_2ee0353bc11e-9, groupId=Consumer-topic-430f52ea_841a_4b18_a8ce_2ee0353bc11e] Subscribed to topic(s): topic-430f52ea_841a_4b18_a8ce_2ee0353bc11e
2025-08-13 16:42:39,665 INFO  [io.api.tes.ser.api.KafkaSerdesTester] (Thread-663) topic-430f52ea_841a_4b18_a8ce_2ee0353bc11e 0 10 {"key11755103354239": "value-0", "key21755103358505": "value-0"}
2025-08-13 16:42:39,666 INFO  [io.api.tes.ser.api.KafkaSerdesTester] (Thread-663) topic-430f52ea_841a_4b18_a8ce_2ee0353bc11e 0 11 {"key11755103354239": "value-1", "key21755103358505": "value-1"}
2025-08-13 16:42:39,666 INFO  [io.api.tes.ser.api.KafkaSerdesTester] (Thread-663) topic-430f52ea_841a_4b18_a8ce_2ee0353bc11e 0 12 {"key11755103354239": "value-2", "key21755103358505": "value-2"}
2025-08-13 16:42:39,666 INFO  [io.api.tes.ser.api.KafkaSerdesTester] (Thread-663) topic-430f52ea_841a_4b18_a8ce_2ee0353bc11e 0 13 {"key11755103354239": "value-3", "key21755103358505": "value-3"}
2025-08-13 16:42:39,666 INFO  [io.api.tes.ser.api.KafkaSerdesTester] (Thread-663) topic-430f52ea_841a_4b18_a8ce_2ee0353bc11e 0 14 {"key11755103354239": "value-4", "key21755103358505": "value-4"}
2025-08-13 16:42:39,666 INFO  [io.api.tes.ser.api.KafkaSerdesTester] (Thread-663) topic-430f52ea_841a_4b18_a8ce_2ee0353bc11e 0 15 {"key11755103354239": "value-5", "key21755103358505": "value-5"}
2025-08-13 16:42:39,666 INFO  [io.api.tes.ser.api.KafkaSerdesTester] (Thread-663) topic-430f52ea_841a_4b18_a8ce_2ee0353bc11e 0 16 {"key11755103354239": "value-6", "key21755103358505": "value-6"}
2025-08-13 16:42:39,666 INFO  [io.api.tes.ser.api.KafkaSerdesTester] (Thread-663) topic-430f52ea_841a_4b18_a8ce_2ee0353bc11e 0 17 {"key11755103354239": "value-7", "key21755103358505": "value-7"}
2025-08-13 16:42:39,666 INFO  [io.api.tes.ser.api.KafkaSerdesTester] (Thread-663) topic-430f52ea_841a_4b18_a8ce_2ee0353bc11e 0 18 {"key11755103354239": "value-8", "key21755103358505": "value-8"}
2025-08-13 16:42:39,666 INFO  [io.api.tes.ser.api.KafkaSerdesTester] (Thread-663) topic-430f52ea_841a_4b18_a8ce_2ee0353bc11e 0 19 {"key11755103354239": "value-9", "key21755103358505": "value-9"}
2025-08-13 16:42:39,666 INFO  [io.api.tes.ser.api.KafkaSerdesTester] (Thread-663) topic-430f52ea_841a_4b18_a8ce_2ee0353bc11e 0 20 {"key11755103354239": "value-0"}
2025-08-13 16:42:39,666 INFO  [io.api.tes.ser.api.KafkaSerdesTester] (Thread-663) topic-430f52ea_841a_4b18_a8ce_2ee0353bc11e 0 21 {"key11755103354239": "value-1"}
2025-08-13 16:42:39,666 INFO  [io.api.tes.ser.api.KafkaSerdesTester] (Thread-663) topic-430f52ea_841a_4b18_a8ce_2ee0353bc11e 0 22 {"key11755103354239": "value-2"}
2025-08-13 16:42:39,666 INFO  [io.api.tes.ser.api.KafkaSerdesTester] (Thread-663) topic-430f52ea_841a_4b18_a8ce_2ee0353bc11e 0 23 {"key11755103354239": "value-3"}
2025-08-13 16:42:39,666 INFO  [io.api.tes.ser.api.KafkaSerdesTester] (Thread-663) topic-430f52ea_841a_4b18_a8ce_2ee0353bc11e 0 24 {"key11755103354239": "value-4"}
2025-08-13 16:42:39,666 INFO  [io.api.tes.ser.api.KafkaSerdesTester] (Thread-663) topic-430f52ea_841a_4b18_a8ce_2ee0353bc11e 0 25 {"key11755103354239": "value-5"}
2025-08-13 16:42:39,666 INFO  [io.api.tes.ser.api.KafkaSerdesTester] (Thread-663) topic-430f52ea_841a_4b18_a8ce_2ee0353bc11e 0 26 {"key11755103354239": "value-6"}
2025-08-13 16:42:39,666 INFO  [io.api.tes.ser.api.KafkaSerdesTester] (Thread-663) topic-430f52ea_841a_4b18_a8ce_2ee0353bc11e 0 27 {"key11755103354239": "value-7"}
2025-08-13 16:42:39,667 INFO  [io.api.tes.ser.api.KafkaSerdesTester] (Thread-663) topic-430f52ea_841a_4b18_a8ce_2ee0353bc11e 0 28 {"key11755103354239": "value-8"}
2025-08-13 16:42:39,667 INFO  [io.api.tes.ser.api.KafkaSerdesTester] (Thread-663) topic-430f52ea_841a_4b18_a8ce_2ee0353bc11e 0 29 {"key11755103354239": "value-9"}
2025-08-13 16:42:39,667 INFO  [io.api.tes.ser.api.KafkaSerdesTester] (Thread-663) Consumed 20 messages
2025-08-13 16:42:39,667 INFO  [io.api.tes.ser.api.AvroSerdeIT] (main) Registering Avro Schema 3: {"type":"record","name":"s5cdec8aax090ex4dcbx9e5dxb9d44d7da892","namespace":"ns_05f1e715_d747_4049_a396_f2c861f1979f","fields":[{"name":"key11755103354239","type":"string"},{"name":"key21755103358505","type":"string"},{"name":"key31755103359667","type":"string"}]}
2025-08-13 16:42:40,722 INFO  [io.api.tes.ser.api.KafkaSerdesTester] (Thread-664) Sending message {"key11755103354239": "value-0", "key21755103358505": "value-0", "key31755103359667": "value-0"} to topic topic-430f52ea_841a_4b18_a8ce_2ee0353bc11e
2025-08-13 16:42:40,722 INFO  [DefaultSchemaResolver] (Thread-664) Retrieving schema content using string: {"type":"record","name":"s5cdec8aax090ex4dcbx9e5dxb9d44d7da892","namespace":"ns_05f1e715_d747_4049_a396_f2c861f1979f","fields":[{"name":"key11755103354239","type":"string"},{"name":"key21755103358505","type":"string"},{"name":"key31755103359667","type":"string"}]}
2025-08-13 16:42:40,736 INFO  [io.api.tes.ser.api.KafkaSerdesTester] (Thread-664) Sending message {"key11755103354239": "value-1", "key21755103358505": "value-1", "key31755103359667": "value-1"} to topic topic-430f52ea_841a_4b18_a8ce_2ee0353bc11e
2025-08-13 16:42:40,738 INFO  [io.api.tes.ser.api.KafkaSerdesTester] (Thread-664) Sending message {"key11755103354239": "value-2", "key21755103358505": "value-2", "key31755103359667": "value-2"} to topic topic-430f52ea_841a_4b18_a8ce_2ee0353bc11e
2025-08-13 16:42:40,740 INFO  [io.api.tes.ser.api.KafkaSerdesTester] (Thread-664) Sending message {"key11755103354239": "value-3", "key21755103358505": "value-3", "key31755103359667": "value-3"} to topic topic-430f52ea_841a_4b18_a8ce_2ee0353bc11e
2025-08-13 16:42:40,745 INFO  [io.api.tes.ser.api.KafkaSerdesTester] (Thread-664) Sending message {"key11755103354239": "value-4", "key21755103358505": "value-4", "key31755103359667": "value-4"} to topic topic-430f52ea_841a_4b18_a8ce_2ee0353bc11e
2025-08-13 16:42:40,748 INFO  [io.api.tes.ser.api.KafkaSerdesTester] (Thread-664) Sending message {"key11755103354239": "value-5", "key21755103358505": "value-5", "key31755103359667": "value-5"} to topic topic-430f52ea_841a_4b18_a8ce_2ee0353bc11e
2025-08-13 16:42:40,751 INFO  [io.api.tes.ser.api.KafkaSerdesTester] (Thread-664) Sending message {"key11755103354239": "value-6", "key21755103358505": "value-6", "key31755103359667": "value-6"} to topic topic-430f52ea_841a_4b18_a8ce_2ee0353bc11e
2025-08-13 16:42:40,752 INFO  [io.api.tes.ser.api.KafkaSerdesTester] (Thread-664) Sending message {"key11755103354239": "value-7", "key21755103358505": "value-7", "key31755103359667": "value-7"} to topic topic-430f52ea_841a_4b18_a8ce_2ee0353bc11e
2025-08-13 16:42:40,754 INFO  [io.api.tes.ser.api.KafkaSerdesTester] (Thread-664) Sending message {"key11755103354239": "value-8", "key21755103358505": "value-8", "key31755103359667": "value-8"} to topic topic-430f52ea_841a_4b18_a8ce_2ee0353bc11e
2025-08-13 16:42:40,756 INFO  [io.api.tes.ser.api.KafkaSerdesTester] (Thread-664) Sending message {"key11755103354239": "value-9", "key21755103358505": "value-9", "key31755103359667": "value-9"} to topic topic-430f52ea_841a_4b18_a8ce_2ee0353bc11e
2025-08-13 16:42:40,759 INFO  [io.api.tes.ser.api.KafkaSerdesTester] (Thread-664) Produced 10 messages
2025-08-13 16:42:40,759 INFO  [io.api.tes.ser.api.KafkaSerdesTester] (Thread-665) Sending message {"key11755103354239": "value-0", "key21755103358505": "value-0"} to topic topic-430f52ea_841a_4b18_a8ce_2ee0353bc11e
2025-08-13 16:42:40,761 INFO  [io.api.tes.ser.api.KafkaSerdesTester] (Thread-665) Sending message {"key11755103354239": "value-1", "key21755103358505": "value-1"} to topic topic-430f52ea_841a_4b18_a8ce_2ee0353bc11e
2025-08-13 16:42:40,762 INFO  [io.api.tes.ser.api.KafkaSerdesTester] (Thread-665) Sending message {"key11755103354239": "value-2", "key21755103358505": "value-2"} to topic topic-430f52ea_841a_4b18_a8ce_2ee0353bc11e
2025-08-13 16:42:40,763 INFO  [io.api.tes.ser.api.KafkaSerdesTester] (Thread-665) Sending message {"key11755103354239": "value-3", "key21755103358505": "value-3"} to topic topic-430f52ea_841a_4b18_a8ce_2ee0353bc11e
2025-08-13 16:42:40,764 INFO  [io.api.tes.ser.api.KafkaSerdesTester] (Thread-665) Sending message {"key11755103354239": "value-4", "key21755103358505": "value-4"} to topic topic-430f52ea_841a_4b18_a8ce_2ee0353bc11e
2025-08-13 16:42:40,765 INFO  [io.api.tes.ser.api.KafkaSerdesTester] (Thread-665) Sending message {"key11755103354239": "value-5", "key21755103358505": "value-5"} to topic topic-430f52ea_841a_4b18_a8ce_2ee0353bc11e
2025-08-13 16:42:40,767 INFO  [io.api.tes.ser.api.KafkaSerdesTester] (Thread-665) Sending message {"key11755103354239": "value-6", "key21755103358505": "value-6"} to topic topic-430f52ea_841a_4b18_a8ce_2ee0353bc11e
2025-08-13 16:42:40,768 INFO  [io.api.tes.ser.api.KafkaSerdesTester] (Thread-665) Sending message {"key11755103354239": "value-7", "key21755103358505": "value-7"} to topic topic-430f52ea_841a_4b18_a8ce_2ee0353bc11e
2025-08-13 16:42:40,771 INFO  [io.api.tes.ser.api.KafkaSerdesTester] (Thread-665) Sending message {"key11755103354239": "value-8", "key21755103358505": "value-8"} to topic topic-430f52ea_841a_4b18_a8ce_2ee0353bc11e
2025-08-13 16:42:40,774 INFO  [io.api.tes.ser.api.KafkaSerdesTester] (Thread-665) Sending message {"key11755103354239": "value-9", "key21755103358505": "value-9"} to topic topic-430f52ea_841a_4b18_a8ce_2ee0353bc11e
2025-08-13 16:42:40,775 INFO  [io.api.tes.ser.api.KafkaSerdesTester] (Thread-665) Produced 10 messages
2025-08-13 16:42:40,775 INFO  [io.api.tes.ser.api.KafkaSerdesTester] (Thread-666) Sending message {"key11755103354239": "value-0"} to topic topic-430f52ea_841a_4b18_a8ce_2ee0353bc11e
2025-08-13 16:42:40,777 INFO  [io.api.tes.ser.api.KafkaSerdesTester] (Thread-666) Sending message {"key11755103354239": "value-1"} to topic topic-430f52ea_841a_4b18_a8ce_2ee0353bc11e
2025-08-13 16:42:40,778 INFO  [io.api.tes.ser.api.KafkaSerdesTester] (Thread-666) Sending message {"key11755103354239": "value-2"} to topic topic-430f52ea_841a_4b18_a8ce_2ee0353bc11e
2025-08-13 16:42:40,780 INFO  [io.api.tes.ser.api.KafkaSerdesTester] (Thread-666) Sending message {"key11755103354239": "value-3"} to topic topic-430f52ea_841a_4b18_a8ce_2ee0353bc11e
2025-08-13 16:42:40,782 INFO  [io.api.tes.ser.api.KafkaSerdesTester] (Thread-666) Sending message {"key11755103354239": "value-4"} to topic topic-430f52ea_841a_4b18_a8ce_2ee0353bc11e
2025-08-13 16:42:40,783 INFO  [io.api.tes.ser.api.KafkaSerdesTester] (Thread-666) Sending message {"key11755103354239": "value-5"} to topic topic-430f52ea_841a_4b18_a8ce_2ee0353bc11e
2025-08-13 16:42:40,784 INFO  [io.api.tes.ser.api.KafkaSerdesTester] (Thread-666) Sending message {"key11755103354239": "value-6"} to topic topic-430f52ea_841a_4b18_a8ce_2ee0353bc11e
2025-08-13 16:42:40,785 INFO  [io.api.tes.ser.api.KafkaSerdesTester] (Thread-666) Sending message {"key11755103354239": "value-7"} to topic topic-430f52ea_841a_4b18_a8ce_2ee0353bc11e
2025-08-13 16:42:40,787 INFO  [io.api.tes.ser.api.KafkaSerdesTester] (Thread-666) Sending message {"key11755103354239": "value-8"} to topic topic-430f52ea_841a_4b18_a8ce_2ee0353bc11e
2025-08-13 16:42:40,788 INFO  [io.api.tes.ser.api.KafkaSerdesTester] (Thread-666) Sending message {"key11755103354239": "value-9"} to topic topic-430f52ea_841a_4b18_a8ce_2ee0353bc11e
2025-08-13 16:42:40,790 INFO  [io.api.tes.ser.api.KafkaSerdesTester] (Thread-666) Produced 10 messages
2025-08-13 16:42:40,791 INFO  [org.apa.kaf.cli.con.int.ClassicKafkaConsumer] (Thread-667) [Consumer clientId=consumer-Consumer-topic-430f52ea_841a_4b18_a8ce_2ee0353bc11e-9, groupId=Consumer-topic-430f52ea_841a_4b18_a8ce_2ee0353bc11e] Subscribed to topic(s): topic-430f52ea_841a_4b18_a8ce_2ee0353bc11e
2025-08-13 16:42:40,813 INFO  [io.api.tes.ser.api.KafkaSerdesTester] (Thread-667) topic-430f52ea_841a_4b18_a8ce_2ee0353bc11e 0 30 {"key11755103354239": "value-0", "key21755103358505": "value-0", "key31755103359667": "value-0"}
2025-08-13 16:42:40,814 INFO  [io.api.tes.ser.api.KafkaSerdesTester] (Thread-667) topic-430f52ea_841a_4b18_a8ce_2ee0353bc11e 0 31 {"key11755103354239": "value-1", "key21755103358505": "value-1", "key31755103359667": "value-1"}
2025-08-13 16:42:40,814 INFO  [io.api.tes.ser.api.KafkaSerdesTester] (Thread-667) topic-430f52ea_841a_4b18_a8ce_2ee0353bc11e 0 32 {"key11755103354239": "value-2", "key21755103358505": "value-2", "key31755103359667": "value-2"}
2025-08-13 16:42:40,814 INFO  [io.api.tes.ser.api.KafkaSerdesTester] (Thread-667) topic-430f52ea_841a_4b18_a8ce_2ee0353bc11e 0 33 {"key11755103354239": "value-3", "key21755103358505": "value-3", "key31755103359667": "value-3"}
2025-08-13 16:42:40,814 INFO  [io.api.tes.ser.api.KafkaSerdesTester] (Thread-667) topic-430f52ea_841a_4b18_a8ce_2ee0353bc11e 0 34 {"key11755103354239": "value-4", "key21755103358505": "value-4", "key31755103359667": "value-4"}
2025-08-13 16:42:40,814 INFO  [io.api.tes.ser.api.KafkaSerdesTester] (Thread-667) topic-430f52ea_841a_4b18_a8ce_2ee0353bc11e 0 35 {"key11755103354239": "value-5", "key21755103358505": "value-5", "key31755103359667": "value-5"}
2025-08-13 16:42:40,814 INFO  [io.api.tes.ser.api.KafkaSerdesTester] (Thread-667) topic-430f52ea_841a_4b18_a8ce_2ee0353bc11e 0 36 {"key11755103354239": "value-6", "key21755103358505": "value-6", "key31755103359667": "value-6"}
2025-08-13 16:42:40,814 INFO  [io.api.tes.ser.api.KafkaSerdesTester] (Thread-667) topic-430f52ea_841a_4b18_a8ce_2ee0353bc11e 0 37 {"key11755103354239": "value-7", "key21755103358505": "value-7", "key31755103359667": "value-7"}
2025-08-13 16:42:40,814 INFO  [io.api.tes.ser.api.KafkaSerdesTester] (Thread-667) topic-430f52ea_841a_4b18_a8ce_2ee0353bc11e 0 38 {"key11755103354239": "value-8", "key21755103358505": "value-8", "key31755103359667": "value-8"}
2025-08-13 16:42:40,814 INFO  [io.api.tes.ser.api.KafkaSerdesTester] (Thread-667) topic-430f52ea_841a_4b18_a8ce_2ee0353bc11e 0 39 {"key11755103354239": "value-9", "key21755103358505": "value-9", "key31755103359667": "value-9"}
2025-08-13 16:42:40,814 INFO  [io.api.tes.ser.api.KafkaSerdesTester] (Thread-667) topic-430f52ea_841a_4b18_a8ce_2ee0353bc11e 0 40 {"key11755103354239": "value-0", "key21755103358505": "value-0"}
2025-08-13 16:42:40,814 INFO  [io.api.tes.ser.api.KafkaSerdesTester] (Thread-667) topic-430f52ea_841a_4b18_a8ce_2ee0353bc11e 0 41 {"key11755103354239": "value-1", "key21755103358505": "value-1"}
2025-08-13 16:42:40,814 INFO  [io.api.tes.ser.api.KafkaSerdesTester] (Thread-667) topic-430f52ea_841a_4b18_a8ce_2ee0353bc11e 0 42 {"key11755103354239": "value-2", "key21755103358505": "value-2"}
2025-08-13 16:42:40,814 INFO  [io.api.tes.ser.api.KafkaSerdesTester] (Thread-667) topic-430f52ea_841a_4b18_a8ce_2ee0353bc11e 0 43 {"key11755103354239": "value-3", "key21755103358505": "value-3"}
2025-08-13 16:42:40,814 INFO  [io.api.tes.ser.api.KafkaSerdesTester] (Thread-667) topic-430f52ea_841a_4b18_a8ce_2ee0353bc11e 0 44 {"key11755103354239": "value-4", "key21755103358505": "value-4"}
2025-08-13 16:42:40,814 INFO  [io.api.tes.ser.api.KafkaSerdesTester] (Thread-667) topic-430f52ea_841a_4b18_a8ce_2ee0353bc11e 0 45 {"key11755103354239": "value-5", "key21755103358505": "value-5"}
2025-08-13 16:42:40,814 INFO  [io.api.tes.ser.api.KafkaSerdesTester] (Thread-667) topic-430f52ea_841a_4b18_a8ce_2ee0353bc11e 0 46 {"key11755103354239": "value-6", "key21755103358505": "value-6"}
2025-08-13 16:42:40,815 INFO  [io.api.tes.ser.api.KafkaSerdesTester] (Thread-667) topic-430f52ea_841a_4b18_a8ce_2ee0353bc11e 0 47 {"key11755103354239": "value-7", "key21755103358505": "value-7"}
2025-08-13 16:42:40,815 INFO  [io.api.tes.ser.api.KafkaSerdesTester] (Thread-667) topic-430f52ea_841a_4b18_a8ce_2ee0353bc11e 0 48 {"key11755103354239": "value-8", "key21755103358505": "value-8"}
2025-08-13 16:42:40,815 INFO  [io.api.tes.ser.api.KafkaSerdesTester] (Thread-667) topic-430f52ea_841a_4b18_a8ce_2ee0353bc11e 0 49 {"key11755103354239": "value-9", "key21755103358505": "value-9"}
2025-08-13 16:42:40,815 INFO  [io.api.tes.ser.api.KafkaSerdesTester] (Thread-667) topic-430f52ea_841a_4b18_a8ce_2ee0353bc11e 0 50 {"key11755103354239": "value-0"}
2025-08-13 16:42:40,815 INFO  [io.api.tes.ser.api.KafkaSerdesTester] (Thread-667) topic-430f52ea_841a_4b18_a8ce_2ee0353bc11e 0 51 {"key11755103354239": "value-1"}
2025-08-13 16:42:40,815 INFO  [io.api.tes.ser.api.KafkaSerdesTester] (Thread-667) topic-430f52ea_841a_4b18_a8ce_2ee0353bc11e 0 52 {"key11755103354239": "value-2"}
2025-08-13 16:42:40,815 INFO  [io.api.tes.ser.api.KafkaSerdesTester] (Thread-667) topic-430f52ea_841a_4b18_a8ce_2ee0353bc11e 0 53 {"key11755103354239": "value-3"}
2025-08-13 16:42:40,815 INFO  [io.api.tes.ser.api.KafkaSerdesTester] (Thread-667) topic-430f52ea_841a_4b18_a8ce_2ee0353bc11e 0 54 {"key11755103354239": "value-4"}
2025-08-13 16:42:40,815 INFO  [io.api.tes.ser.api.KafkaSerdesTester] (Thread-667) topic-430f52ea_841a_4b18_a8ce_2ee0353bc11e 0 55 {"key11755103354239": "value-5"}
2025-08-13 16:42:40,815 INFO  [io.api.tes.ser.api.KafkaSerdesTester] (Thread-667) topic-430f52ea_841a_4b18_a8ce_2ee0353bc11e 0 56 {"key11755103354239": "value-6"}
2025-08-13 16:42:40,815 INFO  [io.api.tes.ser.api.KafkaSerdesTester] (Thread-667) topic-430f52ea_841a_4b18_a8ce_2ee0353bc11e 0 57 {"key11755103354239": "value-7"}
2025-08-13 16:42:40,816 INFO  [io.api.tes.ser.api.KafkaSerdesTester] (Thread-667) topic-430f52ea_841a_4b18_a8ce_2ee0353bc11e 0 58 {"key11755103354239": "value-8"}
2025-08-13 16:42:40,816 INFO  [io.api.tes.ser.api.KafkaSerdesTester] (Thread-667) topic-430f52ea_841a_4b18_a8ce_2ee0353bc11e 0 59 {"key11755103354239": "value-9"}
2025-08-13 16:42:40,816 INFO  [io.api.tes.ser.api.KafkaSerdesTester] (Thread-667) Consumed 30 messages
2025-08-13 16:42:40,816 INFO  [org.apa.kaf.cli.pro.KafkaProducer] (main) [Producer clientId=Producer-topic-430f52ea_841a_4b18_a8ce_2ee0353bc11e] Closing the Kafka producer with timeoutMillis = 9223372036854775807 ms.
2025-08-13 16:42:40,818 INFO  [org.apa.kaf.com.met.Metrics] (main) Metrics scheduler closed
2025-08-13 16:42:40,818 INFO  [org.apa.kaf.com.met.Metrics] (main) Closing reporter org.apache.kafka.common.metrics.JmxReporter
2025-08-13 16:42:40,818 INFO  [org.apa.kaf.com.met.Metrics] (main) Closing reporter org.apache.kafka.common.telemetry.internals.ClientTelemetryReporter
2025-08-13 16:42:40,818 INFO  [org.apa.kaf.com.met.Metrics] (main) Metrics reporters closed
2025-08-13 16:42:40,818 INFO  [org.apa.kaf.com.uti.AppInfoParser] (main) App info kafka.producer for Producer-topic-430f52ea_841a_4b18_a8ce_2ee0353bc11e unregistered
2025-08-13 16:42:40,826 INFO  [org.apa.kaf.cli.con.int.ConsumerRebalanceListenerInvoker] (main) [Consumer clientId=consumer-Consumer-topic-430f52ea_841a_4b18_a8ce_2ee0353bc11e-9, groupId=Consumer-topic-430f52ea_841a_4b18_a8ce_2ee0353bc11e] Revoke previously assigned partitions topic-430f52ea_841a_4b18_a8ce_2ee0353bc11e-0
2025-08-13 16:42:40,826 INFO  [org.apa.kaf.cli.con.int.ConsumerCoordinator] (main) [Consumer clientId=consumer-Consumer-topic-430f52ea_841a_4b18_a8ce_2ee0353bc11e-9, groupId=Consumer-topic-430f52ea_841a_4b18_a8ce_2ee0353bc11e] Member consumer-Consumer-topic-430f52ea_841a_4b18_a8ce_2ee0353bc11e-9-2dcb9b8b-5839-4fce-9b11-774b2fbf72ed sending LeaveGroup request to coordinator localhost:32769 (id: 2147483647 rack: null) due to the consumer is being closed
2025-08-13 16:42:40,826 INFO  [org.apa.kaf.cli.con.int.ConsumerCoordinator] (main) [Consumer clientId=consumer-Consumer-topic-430f52ea_841a_4b18_a8ce_2ee0353bc11e-9, groupId=Consumer-topic-430f52ea_841a_4b18_a8ce_2ee0353bc11e] Resetting generation and member id due to: consumer pro-actively leaving the group
2025-08-13 16:42:40,826 INFO  [org.apa.kaf.cli.con.int.ConsumerCoordinator] (main) [Consumer clientId=consumer-Consumer-topic-430f52ea_841a_4b18_a8ce_2ee0353bc11e-9, groupId=Consumer-topic-430f52ea_841a_4b18_a8ce_2ee0353bc11e] Request joining group due to: consumer pro-actively leaving the group
2025-08-13 16:42:41,317 INFO  [org.apa.kaf.com.met.Metrics] (main) Metrics scheduler closed
2025-08-13 16:42:41,317 INFO  [org.apa.kaf.com.met.Metrics] (main) Closing reporter org.apache.kafka.common.metrics.JmxReporter
2025-08-13 16:42:41,317 INFO  [org.apa.kaf.com.met.Metrics] (main) Closing reporter org.apache.kafka.common.telemetry.internals.ClientTelemetryReporter
2025-08-13 16:42:41,317 INFO  [org.apa.kaf.com.met.Metrics] (main) Metrics reporters closed
2025-08-13 16:42:41,320 INFO  [org.apa.kaf.com.uti.AppInfoParser] (main) App info kafka.consumer for consumer-Consumer-topic-430f52ea_841a_4b18_a8ce_2ee0353bc11e-9 unregistered
2025-08-13 16:42:41,320 INFO  [io.api.tes.uti.TestSeparator] (main) io.apicurio.tests.serdes.apicurio.AvroSerdeIT.testEvolveAvroApicurioReusingClient-FINISHED
2025-08-13 16:42:41,320 INFO  [io.api.tes.uti.TestSeparator] (main) ############################################################################
Test passed: testEvolveAvroApicurioReusingClient
]]></system-out>
  </testcase>
  <testcase name="testProducerUsesDefaultConsumerUsesGlobalId" classname="io.apicurio.tests.serdes.apicurio.AvroSerdeIT" time="0.0">
    <skipped message="void io.apicurio.tests.serdes.apicurio.AvroSerdeIT.testProducerUsesDefaultConsumerUsesGlobalId() throws java.lang.Exception is @Disabled"/>
  </testcase>
  <testcase name="testEvolveAvroApicurio" classname="io.apicurio.tests.serdes.apicurio.AvroSerdeIT" time="14.324">
    <system-out><![CDATA[2025-08-13 16:42:41,325 INFO  [io.api.tes.uti.TestSeparator] (main) ############################################################################
2025-08-13 16:42:41,325 INFO  [io.api.tes.uti.TestSeparator] (main) io.apicurio.tests.serdes.apicurio.AvroSerdeIT.testEvolveAvroApicurio-STARTED
2025-08-13 16:42:41,326 INFO  [io.api.tes.ser.api.AvroSerdeIT] (main) Registering Avro Schema: {"type":"record","name":"s8d42a173xe343x4d94xba42x6db0499b3a23","namespace":"ns_7696ff5f_346d_45f1_a6cf_26e5595894c7","fields":[{"name":"key11755103361325","type":"string"}]}
**** Registry Base URL: http://registry-app-ksql047.apps.ci419.apicurio-testing.org:80
2025-08-13 16:42:42,392 INFO  [org.apa.kaf.cli.pro.ProducerConfig] (main) ProducerConfig values: 
	acks = -1
	auto.include.jmx.reporter = true
	batch.size = 16384
	bootstrap.servers = [PLAINTEXT://localhost:32769]
	buffer.memory = 33554432
	client.dns.lookup = use_all_dns_ips
	client.id = Producer-topic-4676519d_4053_48ba_a7c4_34b315b2f694
	compression.gzip.level = -1
	compression.lz4.level = 9
	compression.type = none
	compression.zstd.level = 3
	connections.max.idle.ms = 10000
	delivery.timeout.ms = 120000
	enable.idempotence = true
	enable.metrics.push = true
	interceptor.classes = []
	key.serializer = class org.apache.kafka.common.serialization.StringSerializer
	linger.ms = 0
	max.block.ms = 60000
	max.in.flight.requests.per.connection = 5
	max.request.size = 1048576
	metadata.max.age.ms = 300000
	metadata.max.idle.ms = 300000
	metadata.recovery.strategy = none
	metric.reporters = []
	metrics.num.samples = 2
	metrics.recording.level = INFO
	metrics.sample.window.ms = 30000
	partitioner.adaptive.partitioning.enable = true
	partitioner.availability.timeout.ms = 0
	partitioner.class = null
	partitioner.ignore.keys = false
	receive.buffer.bytes = 32768
	reconnect.backoff.max.ms = 1000
	reconnect.backoff.ms = 50
	request.timeout.ms = 5000
	retries = 2147483647
	retry.backoff.max.ms = 1000
	retry.backoff.ms = 100
	sasl.client.callback.handler.class = null
	sasl.jaas.config = null
	sasl.kerberos.kinit.cmd = /usr/bin/kinit
	sasl.kerberos.min.time.before.relogin = 60000
	sasl.kerberos.service.name = null
	sasl.kerberos.ticket.renew.jitter = 0.05
	sasl.kerberos.ticket.renew.window.factor = 0.8
	sasl.login.callback.handler.class = null
	sasl.login.class = null
	sasl.login.connect.timeout.ms = null
	sasl.login.read.timeout.ms = null
	sasl.login.refresh.buffer.seconds = 300
	sasl.login.refresh.min.period.seconds = 60
	sasl.login.refresh.window.factor = 0.8
	sasl.login.refresh.window.jitter = 0.05
	sasl.login.retry.backoff.max.ms = 10000
	sasl.login.retry.backoff.ms = 100
	sasl.mechanism = GSSAPI
	sasl.oauthbearer.clock.skew.seconds = 30
	sasl.oauthbearer.expected.audience = null
	sasl.oauthbearer.expected.issuer = null
	sasl.oauthbearer.header.urlencode = false
	sasl.oauthbearer.jwks.endpoint.refresh.ms = 3600000
	sasl.oauthbearer.jwks.endpoint.retry.backoff.max.ms = 10000
	sasl.oauthbearer.jwks.endpoint.retry.backoff.ms = 100
	sasl.oauthbearer.jwks.endpoint.url = null
	sasl.oauthbearer.scope.claim.name = scope
	sasl.oauthbearer.sub.claim.name = sub
	sasl.oauthbearer.token.endpoint.url = null
	security.protocol = PLAINTEXT
	security.providers = null
	send.buffer.bytes = 131072
	socket.connection.setup.timeout.max.ms = 30000
	socket.connection.setup.timeout.ms = 10000
	ssl.cipher.suites = null
	ssl.enabled.protocols = [TLSv1.2, TLSv1.3]
	ssl.endpoint.identification.algorithm = https
	ssl.engine.factory.class = null
	ssl.key.password = null
	ssl.keymanager.algorithm = SunX509
	ssl.keystore.certificate.chain = null
	ssl.keystore.key = null
	ssl.keystore.location = null
	ssl.keystore.password = null
	ssl.keystore.type = JKS
	ssl.protocol = TLSv1.3
	ssl.provider = null
	ssl.secure.random.implementation = null
	ssl.trustmanager.algorithm = PKIX
	ssl.truststore.certificates = null
	ssl.truststore.location = null
	ssl.truststore.password = null
	ssl.truststore.type = JKS
	transaction.timeout.ms = 60000
	transactional.id = null
	value.serializer = class io.apicurio.registry.serde.avro.AvroKafkaSerializer

2025-08-13 16:42:42,392 INFO  [org.apa.kaf.com.tel.int.KafkaMetricsCollector] (main) initializing Kafka metrics collector
2025-08-13 16:42:42,396 INFO  [org.apa.kaf.cli.pro.KafkaProducer] (main) [Producer clientId=Producer-topic-4676519d_4053_48ba_a7c4_34b315b2f694] Instantiated an idempotent producer.
2025-08-13 16:42:42,400 INFO  [org.apa.kaf.cli.pro.ProducerConfig] (main) These configurations '[apicurio.registry.url, apicurio.registry.artifact-resolver-strategy]' were supplied but are not used yet.
2025-08-13 16:42:42,400 INFO  [org.apa.kaf.com.uti.AppInfoParser] (main) Kafka version: 3.9.1
2025-08-13 16:42:42,400 INFO  [org.apa.kaf.com.uti.AppInfoParser] (main) Kafka commitId: f745dfdcee2b9851
2025-08-13 16:42:42,400 INFO  [org.apa.kaf.com.uti.AppInfoParser] (main) Kafka startTimeMs: 1755103362400
**** Registry Base URL: http://registry-app-ksql047.apps.ci419.apicurio-testing.org:80
2025-08-13 16:42:42,402 INFO  [org.apa.kaf.cli.con.ConsumerConfig] (main) ConsumerConfig values: 
	allow.auto.create.topics = true
	auto.commit.interval.ms = 500
	auto.include.jmx.reporter = true
	auto.offset.reset = earliest
	bootstrap.servers = [PLAINTEXT://localhost:32769]
	check.crcs = true
	client.dns.lookup = use_all_dns_ips
	client.id = consumer-Consumer-topic-4676519d_4053_48ba_a7c4_34b315b2f694-10
	client.rack = 
	connections.max.idle.ms = 10000
	default.api.timeout.ms = 60000
	enable.auto.commit = true
	enable.metrics.push = true
	exclude.internal.topics = true
	fetch.max.bytes = 52428800
	fetch.max.wait.ms = 500
	fetch.min.bytes = 1
	group.id = Consumer-topic-4676519d_4053_48ba_a7c4_34b315b2f694
	group.instance.id = null
	group.protocol = classic
	group.remote.assignor = null
	heartbeat.interval.ms = 3000
	interceptor.classes = []
	internal.leave.group.on.close = true
	internal.throw.on.fetch.stable.offset.unsupported = false
	isolation.level = read_uncommitted
	key.deserializer = class org.apache.kafka.common.serialization.StringDeserializer
	max.partition.fetch.bytes = 1048576
	max.poll.interval.ms = 300000
	max.poll.records = 500
	metadata.max.age.ms = 300000
	metadata.recovery.strategy = none
	metric.reporters = []
	metrics.num.samples = 2
	metrics.recording.level = INFO
	metrics.sample.window.ms = 30000
	partition.assignment.strategy = [class org.apache.kafka.clients.consumer.RangeAssignor, class org.apache.kafka.clients.consumer.CooperativeStickyAssignor]
	receive.buffer.bytes = 65536
	reconnect.backoff.max.ms = 1000
	reconnect.backoff.ms = 50
	request.timeout.ms = 5000
	retry.backoff.max.ms = 1000
	retry.backoff.ms = 100
	sasl.client.callback.handler.class = null
	sasl.jaas.config = null
	sasl.kerberos.kinit.cmd = /usr/bin/kinit
	sasl.kerberos.min.time.before.relogin = 60000
	sasl.kerberos.service.name = null
	sasl.kerberos.ticket.renew.jitter = 0.05
	sasl.kerberos.ticket.renew.window.factor = 0.8
	sasl.login.callback.handler.class = null
	sasl.login.class = null
	sasl.login.connect.timeout.ms = null
	sasl.login.read.timeout.ms = null
	sasl.login.refresh.buffer.seconds = 300
	sasl.login.refresh.min.period.seconds = 60
	sasl.login.refresh.window.factor = 0.8
	sasl.login.refresh.window.jitter = 0.05
	sasl.login.retry.backoff.max.ms = 10000
	sasl.login.retry.backoff.ms = 100
	sasl.mechanism = GSSAPI
	sasl.oauthbearer.clock.skew.seconds = 30
	sasl.oauthbearer.expected.audience = null
	sasl.oauthbearer.expected.issuer = null
	sasl.oauthbearer.header.urlencode = false
	sasl.oauthbearer.jwks.endpoint.refresh.ms = 3600000
	sasl.oauthbearer.jwks.endpoint.retry.backoff.max.ms = 10000
	sasl.oauthbearer.jwks.endpoint.retry.backoff.ms = 100
	sasl.oauthbearer.jwks.endpoint.url = null
	sasl.oauthbearer.scope.claim.name = scope
	sasl.oauthbearer.sub.claim.name = sub
	sasl.oauthbearer.token.endpoint.url = null
	security.protocol = PLAINTEXT
	security.providers = null
	send.buffer.bytes = 131072
	session.timeout.ms = 45000
	socket.connection.setup.timeout.max.ms = 30000
	socket.connection.setup.timeout.ms = 10000
	ssl.cipher.suites = null
	ssl.enabled.protocols = [TLSv1.2, TLSv1.3]
	ssl.endpoint.identification.algorithm = https
	ssl.engine.factory.class = null
	ssl.key.password = null
	ssl.keymanager.algorithm = SunX509
	ssl.keystore.certificate.chain = null
	ssl.keystore.key = null
	ssl.keystore.location = null
	ssl.keystore.password = null
	ssl.keystore.type = JKS
	ssl.protocol = TLSv1.3
	ssl.provider = null
	ssl.secure.random.implementation = null
	ssl.trustmanager.algorithm = PKIX
	ssl.truststore.certificates = null
	ssl.truststore.location = null
	ssl.truststore.password = null
	ssl.truststore.type = JKS
	value.deserializer = class io.apicurio.registry.serde.avro.AvroKafkaDeserializer

2025-08-13 16:42:42,402 INFO  [org.apa.kaf.com.tel.int.KafkaMetricsCollector] (main) initializing Kafka metrics collector
2025-08-13 16:42:42,406 INFO  [org.apa.kaf.cli.Metadata] (kafka-producer-network-thread | Producer-topic-4676519d_4053_48ba_a7c4_34b315b2f694) [Producer clientId=Producer-topic-4676519d_4053_48ba_a7c4_34b315b2f694] Cluster ID: MGWopiWBQlear_SiqMs63w
2025-08-13 16:42:42,409 INFO  [org.apa.kaf.cli.pro.int.TransactionManager] (kafka-producer-network-thread | Producer-topic-4676519d_4053_48ba_a7c4_34b315b2f694) [Producer clientId=Producer-topic-4676519d_4053_48ba_a7c4_34b315b2f694] ProducerId set to 12 with epoch 0
2025-08-13 16:42:42,413 INFO  [org.apa.kaf.cli.con.ConsumerConfig] (main) These configurations '[apicurio.registry.url]' were supplied but are not used yet.
2025-08-13 16:42:42,413 INFO  [org.apa.kaf.com.uti.AppInfoParser] (main) Kafka version: 3.9.1
2025-08-13 16:42:42,413 INFO  [org.apa.kaf.com.uti.AppInfoParser] (main) Kafka commitId: f745dfdcee2b9851
2025-08-13 16:42:42,413 INFO  [org.apa.kaf.com.uti.AppInfoParser] (main) Kafka startTimeMs: 1755103362413
2025-08-13 16:42:42,414 INFO  [io.api.tes.ser.api.KafkaSerdesTester] (Thread-672) Sending message {"key11755103361325": "value-0"} to topic topic-4676519d_4053_48ba_a7c4_34b315b2f694
2025-08-13 16:42:42,416 INFO  [DefaultSchemaResolver] (Thread-672) Retrieving schema content using string: {"type":"record","name":"s8d42a173xe343x4d94xba42x6db0499b3a23","namespace":"ns_7696ff5f_346d_45f1_a6cf_26e5595894c7","fields":[{"name":"key11755103361325","type":"string"}]}
2025-08-13 16:42:42,438 INFO  [io.api.tes.ser.api.KafkaSerdesTester] (Thread-672) Sending message {"key11755103361325": "value-1"} to topic topic-4676519d_4053_48ba_a7c4_34b315b2f694
2025-08-13 16:42:42,440 INFO  [io.api.tes.ser.api.KafkaSerdesTester] (Thread-672) Sending message {"key11755103361325": "value-2"} to topic topic-4676519d_4053_48ba_a7c4_34b315b2f694
2025-08-13 16:42:42,441 INFO  [io.api.tes.ser.api.KafkaSerdesTester] (Thread-672) Sending message {"key11755103361325": "value-3"} to topic topic-4676519d_4053_48ba_a7c4_34b315b2f694
2025-08-13 16:42:42,444 INFO  [io.api.tes.ser.api.KafkaSerdesTester] (Thread-672) Sending message {"key11755103361325": "value-4"} to topic topic-4676519d_4053_48ba_a7c4_34b315b2f694
2025-08-13 16:42:42,446 INFO  [io.api.tes.ser.api.KafkaSerdesTester] (Thread-672) Sending message {"key11755103361325": "value-5"} to topic topic-4676519d_4053_48ba_a7c4_34b315b2f694
2025-08-13 16:42:42,447 INFO  [io.api.tes.ser.api.KafkaSerdesTester] (Thread-672) Sending message {"key11755103361325": "value-6"} to topic topic-4676519d_4053_48ba_a7c4_34b315b2f694
2025-08-13 16:42:42,449 INFO  [io.api.tes.ser.api.KafkaSerdesTester] (Thread-672) Sending message {"key11755103361325": "value-7"} to topic topic-4676519d_4053_48ba_a7c4_34b315b2f694
2025-08-13 16:42:42,451 INFO  [io.api.tes.ser.api.KafkaSerdesTester] (Thread-672) Sending message {"key11755103361325": "value-8"} to topic topic-4676519d_4053_48ba_a7c4_34b315b2f694
2025-08-13 16:42:42,454 INFO  [io.api.tes.ser.api.KafkaSerdesTester] (Thread-672) Sending message {"key11755103361325": "value-9"} to topic topic-4676519d_4053_48ba_a7c4_34b315b2f694
2025-08-13 16:42:42,455 INFO  [io.api.tes.ser.api.KafkaSerdesTester] (Thread-672) Produced 10 messages
2025-08-13 16:42:42,455 INFO  [org.apa.kaf.cli.pro.KafkaProducer] (Thread-672) [Producer clientId=Producer-topic-4676519d_4053_48ba_a7c4_34b315b2f694] Closing the Kafka producer with timeoutMillis = 9223372036854775807 ms.
2025-08-13 16:42:42,458 INFO  [org.apa.kaf.com.met.Metrics] (Thread-672) Metrics scheduler closed
2025-08-13 16:42:42,458 INFO  [org.apa.kaf.com.met.Metrics] (Thread-672) Closing reporter org.apache.kafka.common.metrics.JmxReporter
2025-08-13 16:42:42,458 INFO  [org.apa.kaf.com.met.Metrics] (Thread-672) Closing reporter org.apache.kafka.common.telemetry.internals.ClientTelemetryReporter
2025-08-13 16:42:42,458 INFO  [org.apa.kaf.com.met.Metrics] (Thread-672) Metrics reporters closed
2025-08-13 16:42:42,459 INFO  [org.apa.kaf.com.uti.AppInfoParser] (Thread-672) App info kafka.producer for Producer-topic-4676519d_4053_48ba_a7c4_34b315b2f694 unregistered
2025-08-13 16:42:42,461 INFO  [org.apa.kaf.cli.con.int.ClassicKafkaConsumer] (Thread-673) [Consumer clientId=consumer-Consumer-topic-4676519d_4053_48ba_a7c4_34b315b2f694-10, groupId=Consumer-topic-4676519d_4053_48ba_a7c4_34b315b2f694] Subscribed to topic(s): topic-4676519d_4053_48ba_a7c4_34b315b2f694
2025-08-13 16:42:42,474 INFO  [org.apa.kaf.cli.Metadata] (Thread-673) [Consumer clientId=consumer-Consumer-topic-4676519d_4053_48ba_a7c4_34b315b2f694-10, groupId=Consumer-topic-4676519d_4053_48ba_a7c4_34b315b2f694] Cluster ID: MGWopiWBQlear_SiqMs63w
2025-08-13 16:42:42,475 INFO  [org.apa.kaf.cli.con.int.ConsumerCoordinator] (Thread-673) [Consumer clientId=consumer-Consumer-topic-4676519d_4053_48ba_a7c4_34b315b2f694-10, groupId=Consumer-topic-4676519d_4053_48ba_a7c4_34b315b2f694] Discovered group coordinator localhost:32769 (id: 2147483647 rack: null)
2025-08-13 16:42:42,479 INFO  [org.apa.kaf.cli.con.int.ConsumerCoordinator] (Thread-673) [Consumer clientId=consumer-Consumer-topic-4676519d_4053_48ba_a7c4_34b315b2f694-10, groupId=Consumer-topic-4676519d_4053_48ba_a7c4_34b315b2f694] (Re-)joining group
2025-08-13 16:42:42,488 INFO  [org.apa.kaf.cli.con.int.ConsumerCoordinator] (Thread-673) [Consumer clientId=consumer-Consumer-topic-4676519d_4053_48ba_a7c4_34b315b2f694-10, groupId=Consumer-topic-4676519d_4053_48ba_a7c4_34b315b2f694] Request joining group due to: need to re-join with the given member-id: consumer-Consumer-topic-4676519d_4053_48ba_a7c4_34b315b2f694-10-ac988974-e8ad-4bf6-b259-9b1cfedaa4c1
2025-08-13 16:42:42,488 INFO  [org.apa.kaf.cli.con.int.ConsumerCoordinator] (Thread-673) [Consumer clientId=consumer-Consumer-topic-4676519d_4053_48ba_a7c4_34b315b2f694-10, groupId=Consumer-topic-4676519d_4053_48ba_a7c4_34b315b2f694] (Re-)joining group
2025-08-13 16:42:43,461 INFO  [io.api.tes.ser.api.KafkaSerdesTester] (Thread-673) None found
2025-08-13 16:42:44,461 INFO  [io.api.tes.ser.api.KafkaSerdesTester] (Thread-673) None found
2025-08-13 16:42:45,462 INFO  [io.api.tes.ser.api.KafkaSerdesTester] (Thread-673) None found
2025-08-13 16:42:45,491 INFO  [org.apa.kaf.cli.con.int.ConsumerCoordinator] (Thread-673) [Consumer clientId=consumer-Consumer-topic-4676519d_4053_48ba_a7c4_34b315b2f694-10, groupId=Consumer-topic-4676519d_4053_48ba_a7c4_34b315b2f694] Successfully joined group with generation Generation{generationId=1, memberId='consumer-Consumer-topic-4676519d_4053_48ba_a7c4_34b315b2f694-10-ac988974-e8ad-4bf6-b259-9b1cfedaa4c1', protocol='range'}
2025-08-13 16:42:45,491 INFO  [org.apa.kaf.cli.con.int.ConsumerCoordinator] (Thread-673) [Consumer clientId=consumer-Consumer-topic-4676519d_4053_48ba_a7c4_34b315b2f694-10, groupId=Consumer-topic-4676519d_4053_48ba_a7c4_34b315b2f694] Finished assignment for group at generation 1: {consumer-Consumer-topic-4676519d_4053_48ba_a7c4_34b315b2f694-10-ac988974-e8ad-4bf6-b259-9b1cfedaa4c1=Assignment(partitions=[topic-4676519d_4053_48ba_a7c4_34b315b2f694-0])}
2025-08-13 16:42:45,498 INFO  [org.apa.kaf.cli.con.int.ConsumerCoordinator] (Thread-673) [Consumer clientId=consumer-Consumer-topic-4676519d_4053_48ba_a7c4_34b315b2f694-10, groupId=Consumer-topic-4676519d_4053_48ba_a7c4_34b315b2f694] Successfully synced group in generation Generation{generationId=1, memberId='consumer-Consumer-topic-4676519d_4053_48ba_a7c4_34b315b2f694-10-ac988974-e8ad-4bf6-b259-9b1cfedaa4c1', protocol='range'}
2025-08-13 16:42:45,498 INFO  [org.apa.kaf.cli.con.int.ConsumerCoordinator] (Thread-673) [Consumer clientId=consumer-Consumer-topic-4676519d_4053_48ba_a7c4_34b315b2f694-10, groupId=Consumer-topic-4676519d_4053_48ba_a7c4_34b315b2f694] Notifying assignor about the new Assignment(partitions=[topic-4676519d_4053_48ba_a7c4_34b315b2f694-0])
2025-08-13 16:42:45,498 INFO  [org.apa.kaf.cli.con.int.ConsumerRebalanceListenerInvoker] (Thread-673) [Consumer clientId=consumer-Consumer-topic-4676519d_4053_48ba_a7c4_34b315b2f694-10, groupId=Consumer-topic-4676519d_4053_48ba_a7c4_34b315b2f694] Adding newly assigned partitions: topic-4676519d_4053_48ba_a7c4_34b315b2f694-0
2025-08-13 16:42:45,499 INFO  [org.apa.kaf.cli.con.int.ConsumerCoordinator] (Thread-673) [Consumer clientId=consumer-Consumer-topic-4676519d_4053_48ba_a7c4_34b315b2f694-10, groupId=Consumer-topic-4676519d_4053_48ba_a7c4_34b315b2f694] Found no committed offset for partition topic-4676519d_4053_48ba_a7c4_34b315b2f694-0
2025-08-13 16:42:45,501 INFO  [org.apa.kaf.cli.con.int.SubscriptionState] (Thread-673) [Consumer clientId=consumer-Consumer-topic-4676519d_4053_48ba_a7c4_34b315b2f694-10, groupId=Consumer-topic-4676519d_4053_48ba_a7c4_34b315b2f694] Resetting offset for partition topic-4676519d_4053_48ba_a7c4_34b315b2f694-0 to position FetchPosition{offset=0, offsetEpoch=Optional.empty, currentLeader=LeaderAndEpoch{leader=Optional[localhost:32769 (id: 0 rack: null)], epoch=0}}.
2025-08-13 16:42:45,528 INFO  [io.api.tes.ser.api.KafkaSerdesTester] (Thread-673) topic-4676519d_4053_48ba_a7c4_34b315b2f694 0 0 {"key11755103361325": "value-0"}
2025-08-13 16:42:45,528 INFO  [io.api.tes.ser.api.KafkaSerdesTester] (Thread-673) topic-4676519d_4053_48ba_a7c4_34b315b2f694 0 1 {"key11755103361325": "value-1"}
2025-08-13 16:42:45,528 INFO  [io.api.tes.ser.api.KafkaSerdesTester] (Thread-673) topic-4676519d_4053_48ba_a7c4_34b315b2f694 0 2 {"key11755103361325": "value-2"}
2025-08-13 16:42:45,528 INFO  [io.api.tes.ser.api.KafkaSerdesTester] (Thread-673) topic-4676519d_4053_48ba_a7c4_34b315b2f694 0 3 {"key11755103361325": "value-3"}
2025-08-13 16:42:45,528 INFO  [io.api.tes.ser.api.KafkaSerdesTester] (Thread-673) topic-4676519d_4053_48ba_a7c4_34b315b2f694 0 4 {"key11755103361325": "value-4"}
2025-08-13 16:42:45,528 INFO  [io.api.tes.ser.api.KafkaSerdesTester] (Thread-673) topic-4676519d_4053_48ba_a7c4_34b315b2f694 0 5 {"key11755103361325": "value-5"}
2025-08-13 16:42:45,528 INFO  [io.api.tes.ser.api.KafkaSerdesTester] (Thread-673) topic-4676519d_4053_48ba_a7c4_34b315b2f694 0 6 {"key11755103361325": "value-6"}
2025-08-13 16:42:45,528 INFO  [io.api.tes.ser.api.KafkaSerdesTester] (Thread-673) topic-4676519d_4053_48ba_a7c4_34b315b2f694 0 7 {"key11755103361325": "value-7"}
2025-08-13 16:42:45,529 INFO  [io.api.tes.ser.api.KafkaSerdesTester] (Thread-673) topic-4676519d_4053_48ba_a7c4_34b315b2f694 0 8 {"key11755103361325": "value-8"}
2025-08-13 16:42:45,529 INFO  [io.api.tes.ser.api.KafkaSerdesTester] (Thread-673) topic-4676519d_4053_48ba_a7c4_34b315b2f694 0 9 {"key11755103361325": "value-9"}
2025-08-13 16:42:45,529 INFO  [io.api.tes.ser.api.KafkaSerdesTester] (Thread-673) Consumed 10 messages
2025-08-13 16:42:45,538 INFO  [org.apa.kaf.cli.con.int.ConsumerRebalanceListenerInvoker] (Thread-673) [Consumer clientId=consumer-Consumer-topic-4676519d_4053_48ba_a7c4_34b315b2f694-10, groupId=Consumer-topic-4676519d_4053_48ba_a7c4_34b315b2f694] Revoke previously assigned partitions topic-4676519d_4053_48ba_a7c4_34b315b2f694-0
2025-08-13 16:42:45,538 INFO  [org.apa.kaf.cli.con.int.ConsumerCoordinator] (Thread-673) [Consumer clientId=consumer-Consumer-topic-4676519d_4053_48ba_a7c4_34b315b2f694-10, groupId=Consumer-topic-4676519d_4053_48ba_a7c4_34b315b2f694] Member consumer-Consumer-topic-4676519d_4053_48ba_a7c4_34b315b2f694-10-ac988974-e8ad-4bf6-b259-9b1cfedaa4c1 sending LeaveGroup request to coordinator localhost:32769 (id: 2147483647 rack: null) due to the consumer is being closed
2025-08-13 16:42:45,540 INFO  [org.apa.kaf.cli.con.int.ConsumerCoordinator] (Thread-673) [Consumer clientId=consumer-Consumer-topic-4676519d_4053_48ba_a7c4_34b315b2f694-10, groupId=Consumer-topic-4676519d_4053_48ba_a7c4_34b315b2f694] Resetting generation and member id due to: consumer pro-actively leaving the group
2025-08-13 16:42:45,540 INFO  [org.apa.kaf.cli.con.int.ConsumerCoordinator] (Thread-673) [Consumer clientId=consumer-Consumer-topic-4676519d_4053_48ba_a7c4_34b315b2f694-10, groupId=Consumer-topic-4676519d_4053_48ba_a7c4_34b315b2f694] Request joining group due to: consumer pro-actively leaving the group
2025-08-13 16:42:46,031 INFO  [org.apa.kaf.com.met.Metrics] (Thread-673) Metrics scheduler closed
2025-08-13 16:42:46,031 INFO  [org.apa.kaf.com.met.Metrics] (Thread-673) Closing reporter org.apache.kafka.common.metrics.JmxReporter
2025-08-13 16:42:46,031 INFO  [org.apa.kaf.com.met.Metrics] (Thread-673) Closing reporter org.apache.kafka.common.telemetry.internals.ClientTelemetryReporter
2025-08-13 16:42:46,031 INFO  [org.apa.kaf.com.met.Metrics] (Thread-673) Metrics reporters closed
2025-08-13 16:42:46,033 INFO  [org.apa.kaf.com.uti.AppInfoParser] (Thread-673) App info kafka.consumer for consumer-Consumer-topic-4676519d_4053_48ba_a7c4_34b315b2f694-10 unregistered
2025-08-13 16:42:46,034 INFO  [io.api.tes.ser.api.AvroSerdeIT] (main) Registering Avro Schema 2: {"type":"record","name":"s8d42a173xe343x4d94xba42x6db0499b3a23","namespace":"ns_7696ff5f_346d_45f1_a6cf_26e5595894c7","fields":[{"name":"key11755103361325","type":"string"},{"name":"key21755103366033","type":"string"}]}
**** Registry Base URL: http://registry-app-ksql047.apps.ci419.apicurio-testing.org:80
2025-08-13 16:42:47,088 INFO  [org.apa.kaf.cli.pro.ProducerConfig] (main) ProducerConfig values: 
	acks = -1
	auto.include.jmx.reporter = true
	batch.size = 16384
	bootstrap.servers = [PLAINTEXT://localhost:32769]
	buffer.memory = 33554432
	client.dns.lookup = use_all_dns_ips
	client.id = Producer-topic-4676519d_4053_48ba_a7c4_34b315b2f694
	compression.gzip.level = -1
	compression.lz4.level = 9
	compression.type = none
	compression.zstd.level = 3
	connections.max.idle.ms = 10000
	delivery.timeout.ms = 120000
	enable.idempotence = true
	enable.metrics.push = true
	interceptor.classes = []
	key.serializer = class org.apache.kafka.common.serialization.StringSerializer
	linger.ms = 0
	max.block.ms = 60000
	max.in.flight.requests.per.connection = 5
	max.request.size = 1048576
	metadata.max.age.ms = 300000
	metadata.max.idle.ms = 300000
	metadata.recovery.strategy = none
	metric.reporters = []
	metrics.num.samples = 2
	metrics.recording.level = INFO
	metrics.sample.window.ms = 30000
	partitioner.adaptive.partitioning.enable = true
	partitioner.availability.timeout.ms = 0
	partitioner.class = null
	partitioner.ignore.keys = false
	receive.buffer.bytes = 32768
	reconnect.backoff.max.ms = 1000
	reconnect.backoff.ms = 50
	request.timeout.ms = 5000
	retries = 2147483647
	retry.backoff.max.ms = 1000
	retry.backoff.ms = 100
	sasl.client.callback.handler.class = null
	sasl.jaas.config = null
	sasl.kerberos.kinit.cmd = /usr/bin/kinit
	sasl.kerberos.min.time.before.relogin = 60000
	sasl.kerberos.service.name = null
	sasl.kerberos.ticket.renew.jitter = 0.05
	sasl.kerberos.ticket.renew.window.factor = 0.8
	sasl.login.callback.handler.class = null
	sasl.login.class = null
	sasl.login.connect.timeout.ms = null
	sasl.login.read.timeout.ms = null
	sasl.login.refresh.buffer.seconds = 300
	sasl.login.refresh.min.period.seconds = 60
	sasl.login.refresh.window.factor = 0.8
	sasl.login.refresh.window.jitter = 0.05
	sasl.login.retry.backoff.max.ms = 10000
	sasl.login.retry.backoff.ms = 100
	sasl.mechanism = GSSAPI
	sasl.oauthbearer.clock.skew.seconds = 30
	sasl.oauthbearer.expected.audience = null
	sasl.oauthbearer.expected.issuer = null
	sasl.oauthbearer.header.urlencode = false
	sasl.oauthbearer.jwks.endpoint.refresh.ms = 3600000
	sasl.oauthbearer.jwks.endpoint.retry.backoff.max.ms = 10000
	sasl.oauthbearer.jwks.endpoint.retry.backoff.ms = 100
	sasl.oauthbearer.jwks.endpoint.url = null
	sasl.oauthbearer.scope.claim.name = scope
	sasl.oauthbearer.sub.claim.name = sub
	sasl.oauthbearer.token.endpoint.url = null
	security.protocol = PLAINTEXT
	security.providers = null
	send.buffer.bytes = 131072
	socket.connection.setup.timeout.max.ms = 30000
	socket.connection.setup.timeout.ms = 10000
	ssl.cipher.suites = null
	ssl.enabled.protocols = [TLSv1.2, TLSv1.3]
	ssl.endpoint.identification.algorithm = https
	ssl.engine.factory.class = null
	ssl.key.password = null
	ssl.keymanager.algorithm = SunX509
	ssl.keystore.certificate.chain = null
	ssl.keystore.key = null
	ssl.keystore.location = null
	ssl.keystore.password = null
	ssl.keystore.type = JKS
	ssl.protocol = TLSv1.3
	ssl.provider = null
	ssl.secure.random.implementation = null
	ssl.trustmanager.algorithm = PKIX
	ssl.truststore.certificates = null
	ssl.truststore.location = null
	ssl.truststore.password = null
	ssl.truststore.type = JKS
	transaction.timeout.ms = 60000
	transactional.id = null
	value.serializer = class io.apicurio.registry.serde.avro.AvroKafkaSerializer

2025-08-13 16:42:47,088 INFO  [org.apa.kaf.com.tel.int.KafkaMetricsCollector] (main) initializing Kafka metrics collector
2025-08-13 16:42:47,091 INFO  [org.apa.kaf.cli.pro.KafkaProducer] (main) [Producer clientId=Producer-topic-4676519d_4053_48ba_a7c4_34b315b2f694] Instantiated an idempotent producer.
2025-08-13 16:42:47,092 INFO  [org.apa.kaf.cli.pro.ProducerConfig] (main) These configurations '[apicurio.registry.url, apicurio.registry.artifact-resolver-strategy]' were supplied but are not used yet.
2025-08-13 16:42:47,092 INFO  [org.apa.kaf.com.uti.AppInfoParser] (main) Kafka version: 3.9.1
2025-08-13 16:42:47,092 INFO  [org.apa.kaf.com.uti.AppInfoParser] (main) Kafka commitId: f745dfdcee2b9851
2025-08-13 16:42:47,092 INFO  [org.apa.kaf.com.uti.AppInfoParser] (main) Kafka startTimeMs: 1755103367092
2025-08-13 16:42:47,093 INFO  [io.api.tes.ser.api.KafkaSerdesTester] (Thread-676) Sending message {"key11755103361325": "value-0", "key21755103366033": "value-0"} to topic topic-4676519d_4053_48ba_a7c4_34b315b2f694
2025-08-13 16:42:47,098 INFO  [org.apa.kaf.cli.Metadata] (kafka-producer-network-thread | Producer-topic-4676519d_4053_48ba_a7c4_34b315b2f694) [Producer clientId=Producer-topic-4676519d_4053_48ba_a7c4_34b315b2f694] Cluster ID: MGWopiWBQlear_SiqMs63w
2025-08-13 16:42:47,098 INFO  [org.apa.kaf.cli.pro.int.TransactionManager] (kafka-producer-network-thread | Producer-topic-4676519d_4053_48ba_a7c4_34b315b2f694) [Producer clientId=Producer-topic-4676519d_4053_48ba_a7c4_34b315b2f694] ProducerId set to 13 with epoch 0
2025-08-13 16:42:47,099 INFO  [DefaultSchemaResolver] (Thread-676) Retrieving schema content using string: {"type":"record","name":"s8d42a173xe343x4d94xba42x6db0499b3a23","namespace":"ns_7696ff5f_346d_45f1_a6cf_26e5595894c7","fields":[{"name":"key11755103361325","type":"string"},{"name":"key21755103366033","type":"string"}]}
2025-08-13 16:42:47,121 INFO  [io.api.tes.ser.api.KafkaSerdesTester] (Thread-676) Sending message {"key11755103361325": "value-1", "key21755103366033": "value-1"} to topic topic-4676519d_4053_48ba_a7c4_34b315b2f694
2025-08-13 16:42:47,123 INFO  [io.api.tes.ser.api.KafkaSerdesTester] (Thread-676) Sending message {"key11755103361325": "value-2", "key21755103366033": "value-2"} to topic topic-4676519d_4053_48ba_a7c4_34b315b2f694
2025-08-13 16:42:47,126 INFO  [io.api.tes.ser.api.KafkaSerdesTester] (Thread-676) Sending message {"key11755103361325": "value-3", "key21755103366033": "value-3"} to topic topic-4676519d_4053_48ba_a7c4_34b315b2f694
2025-08-13 16:42:47,129 INFO  [io.api.tes.ser.api.KafkaSerdesTester] (Thread-676) Sending message {"key11755103361325": "value-4", "key21755103366033": "value-4"} to topic topic-4676519d_4053_48ba_a7c4_34b315b2f694
2025-08-13 16:42:47,131 INFO  [io.api.tes.ser.api.KafkaSerdesTester] (Thread-676) Sending message {"key11755103361325": "value-5", "key21755103366033": "value-5"} to topic topic-4676519d_4053_48ba_a7c4_34b315b2f694
2025-08-13 16:42:47,134 INFO  [io.api.tes.ser.api.KafkaSerdesTester] (Thread-676) Sending message {"key11755103361325": "value-6", "key21755103366033": "value-6"} to topic topic-4676519d_4053_48ba_a7c4_34b315b2f694
2025-08-13 16:42:47,136 INFO  [io.api.tes.ser.api.KafkaSerdesTester] (Thread-676) Sending message {"key11755103361325": "value-7", "key21755103366033": "value-7"} to topic topic-4676519d_4053_48ba_a7c4_34b315b2f694
2025-08-13 16:42:47,139 INFO  [io.api.tes.ser.api.KafkaSerdesTester] (Thread-676) Sending message {"key11755103361325": "value-8", "key21755103366033": "value-8"} to topic topic-4676519d_4053_48ba_a7c4_34b315b2f694
2025-08-13 16:42:47,140 INFO  [io.api.tes.ser.api.KafkaSerdesTester] (Thread-676) Sending message {"key11755103361325": "value-9", "key21755103366033": "value-9"} to topic topic-4676519d_4053_48ba_a7c4_34b315b2f694
2025-08-13 16:42:47,142 INFO  [io.api.tes.ser.api.KafkaSerdesTester] (Thread-676) Produced 10 messages
2025-08-13 16:42:47,142 INFO  [org.apa.kaf.cli.pro.KafkaProducer] (Thread-676) [Producer clientId=Producer-topic-4676519d_4053_48ba_a7c4_34b315b2f694] Closing the Kafka producer with timeoutMillis = 9223372036854775807 ms.
2025-08-13 16:42:47,145 INFO  [org.apa.kaf.com.met.Metrics] (Thread-676) Metrics scheduler closed
2025-08-13 16:42:47,145 INFO  [org.apa.kaf.com.met.Metrics] (Thread-676) Closing reporter org.apache.kafka.common.metrics.JmxReporter
2025-08-13 16:42:47,145 INFO  [org.apa.kaf.com.met.Metrics] (Thread-676) Closing reporter org.apache.kafka.common.telemetry.internals.ClientTelemetryReporter
2025-08-13 16:42:47,145 INFO  [org.apa.kaf.com.met.Metrics] (Thread-676) Metrics reporters closed
2025-08-13 16:42:47,145 INFO  [org.apa.kaf.com.uti.AppInfoParser] (Thread-676) App info kafka.producer for Producer-topic-4676519d_4053_48ba_a7c4_34b315b2f694 unregistered
**** Registry Base URL: http://registry-app-ksql047.apps.ci419.apicurio-testing.org:80
2025-08-13 16:42:47,146 INFO  [org.apa.kaf.cli.pro.ProducerConfig] (main) ProducerConfig values: 
	acks = -1
	auto.include.jmx.reporter = true
	batch.size = 16384
	bootstrap.servers = [PLAINTEXT://localhost:32769]
	buffer.memory = 33554432
	client.dns.lookup = use_all_dns_ips
	client.id = Producer-topic-4676519d_4053_48ba_a7c4_34b315b2f694
	compression.gzip.level = -1
	compression.lz4.level = 9
	compression.type = none
	compression.zstd.level = 3
	connections.max.idle.ms = 10000
	delivery.timeout.ms = 120000
	enable.idempotence = true
	enable.metrics.push = true
	interceptor.classes = []
	key.serializer = class org.apache.kafka.common.serialization.StringSerializer
	linger.ms = 0
	max.block.ms = 60000
	max.in.flight.requests.per.connection = 5
	max.request.size = 1048576
	metadata.max.age.ms = 300000
	metadata.max.idle.ms = 300000
	metadata.recovery.strategy = none
	metric.reporters = []
	metrics.num.samples = 2
	metrics.recording.level = INFO
	metrics.sample.window.ms = 30000
	partitioner.adaptive.partitioning.enable = true
	partitioner.availability.timeout.ms = 0
	partitioner.class = null
	partitioner.ignore.keys = false
	receive.buffer.bytes = 32768
	reconnect.backoff.max.ms = 1000
	reconnect.backoff.ms = 50
	request.timeout.ms = 5000
	retries = 2147483647
	retry.backoff.max.ms = 1000
	retry.backoff.ms = 100
	sasl.client.callback.handler.class = null
	sasl.jaas.config = null
	sasl.kerberos.kinit.cmd = /usr/bin/kinit
	sasl.kerberos.min.time.before.relogin = 60000
	sasl.kerberos.service.name = null
	sasl.kerberos.ticket.renew.jitter = 0.05
	sasl.kerberos.ticket.renew.window.factor = 0.8
	sasl.login.callback.handler.class = null
	sasl.login.class = null
	sasl.login.connect.timeout.ms = null
	sasl.login.read.timeout.ms = null
	sasl.login.refresh.buffer.seconds = 300
	sasl.login.refresh.min.period.seconds = 60
	sasl.login.refresh.window.factor = 0.8
	sasl.login.refresh.window.jitter = 0.05
	sasl.login.retry.backoff.max.ms = 10000
	sasl.login.retry.backoff.ms = 100
	sasl.mechanism = GSSAPI
	sasl.oauthbearer.clock.skew.seconds = 30
	sasl.oauthbearer.expected.audience = null
	sasl.oauthbearer.expected.issuer = null
	sasl.oauthbearer.header.urlencode = false
	sasl.oauthbearer.jwks.endpoint.refresh.ms = 3600000
	sasl.oauthbearer.jwks.endpoint.retry.backoff.max.ms = 10000
	sasl.oauthbearer.jwks.endpoint.retry.backoff.ms = 100
	sasl.oauthbearer.jwks.endpoint.url = null
	sasl.oauthbearer.scope.claim.name = scope
	sasl.oauthbearer.sub.claim.name = sub
	sasl.oauthbearer.token.endpoint.url = null
	security.protocol = PLAINTEXT
	security.providers = null
	send.buffer.bytes = 131072
	socket.connection.setup.timeout.max.ms = 30000
	socket.connection.setup.timeout.ms = 10000
	ssl.cipher.suites = null
	ssl.enabled.protocols = [TLSv1.2, TLSv1.3]
	ssl.endpoint.identification.algorithm = https
	ssl.engine.factory.class = null
	ssl.key.password = null
	ssl.keymanager.algorithm = SunX509
	ssl.keystore.certificate.chain = null
	ssl.keystore.key = null
	ssl.keystore.location = null
	ssl.keystore.password = null
	ssl.keystore.type = JKS
	ssl.protocol = TLSv1.3
	ssl.provider = null
	ssl.secure.random.implementation = null
	ssl.trustmanager.algorithm = PKIX
	ssl.truststore.certificates = null
	ssl.truststore.location = null
	ssl.truststore.password = null
	ssl.truststore.type = JKS
	transaction.timeout.ms = 60000
	transactional.id = null
	value.serializer = class io.apicurio.registry.serde.avro.AvroKafkaSerializer

2025-08-13 16:42:47,146 INFO  [org.apa.kaf.com.tel.int.KafkaMetricsCollector] (main) initializing Kafka metrics collector
2025-08-13 16:42:47,152 INFO  [org.apa.kaf.cli.pro.KafkaProducer] (main) [Producer clientId=Producer-topic-4676519d_4053_48ba_a7c4_34b315b2f694] Instantiated an idempotent producer.
2025-08-13 16:42:47,155 INFO  [org.apa.kaf.cli.pro.ProducerConfig] (main) These configurations '[apicurio.registry.url, apicurio.registry.artifact-resolver-strategy]' were supplied but are not used yet.
2025-08-13 16:42:47,155 INFO  [org.apa.kaf.com.uti.AppInfoParser] (main) Kafka version: 3.9.1
2025-08-13 16:42:47,155 INFO  [org.apa.kaf.com.uti.AppInfoParser] (main) Kafka commitId: f745dfdcee2b9851
2025-08-13 16:42:47,155 INFO  [org.apa.kaf.com.uti.AppInfoParser] (main) Kafka startTimeMs: 1755103367155
2025-08-13 16:42:47,159 INFO  [io.api.tes.ser.api.KafkaSerdesTester] (Thread-679) Sending message {"key11755103361325": "value-0"} to topic topic-4676519d_4053_48ba_a7c4_34b315b2f694
2025-08-13 16:42:47,160 INFO  [org.apa.kaf.cli.Metadata] (kafka-producer-network-thread | Producer-topic-4676519d_4053_48ba_a7c4_34b315b2f694) [Producer clientId=Producer-topic-4676519d_4053_48ba_a7c4_34b315b2f694] Cluster ID: MGWopiWBQlear_SiqMs63w
2025-08-13 16:42:47,163 INFO  [org.apa.kaf.cli.pro.int.TransactionManager] (kafka-producer-network-thread | Producer-topic-4676519d_4053_48ba_a7c4_34b315b2f694) [Producer clientId=Producer-topic-4676519d_4053_48ba_a7c4_34b315b2f694] ProducerId set to 14 with epoch 0
2025-08-13 16:42:47,165 INFO  [DefaultSchemaResolver] (Thread-679) Retrieving schema content using string: {"type":"record","name":"s8d42a173xe343x4d94xba42x6db0499b3a23","namespace":"ns_7696ff5f_346d_45f1_a6cf_26e5595894c7","fields":[{"name":"key11755103361325","type":"string"}]}
2025-08-13 16:42:47,187 INFO  [io.api.tes.ser.api.KafkaSerdesTester] (Thread-679) Sending message {"key11755103361325": "value-1"} to topic topic-4676519d_4053_48ba_a7c4_34b315b2f694
2025-08-13 16:42:47,189 INFO  [io.api.tes.ser.api.KafkaSerdesTester] (Thread-679) Sending message {"key11755103361325": "value-2"} to topic topic-4676519d_4053_48ba_a7c4_34b315b2f694
2025-08-13 16:42:47,190 INFO  [io.api.tes.ser.api.KafkaSerdesTester] (Thread-679) Sending message {"key11755103361325": "value-3"} to topic topic-4676519d_4053_48ba_a7c4_34b315b2f694
2025-08-13 16:42:47,191 INFO  [io.api.tes.ser.api.KafkaSerdesTester] (Thread-679) Sending message {"key11755103361325": "value-4"} to topic topic-4676519d_4053_48ba_a7c4_34b315b2f694
2025-08-13 16:42:47,192 INFO  [io.api.tes.ser.api.KafkaSerdesTester] (Thread-679) Sending message {"key11755103361325": "value-5"} to topic topic-4676519d_4053_48ba_a7c4_34b315b2f694
2025-08-13 16:42:47,193 INFO  [io.api.tes.ser.api.KafkaSerdesTester] (Thread-679) Sending message {"key11755103361325": "value-6"} to topic topic-4676519d_4053_48ba_a7c4_34b315b2f694
2025-08-13 16:42:47,194 INFO  [io.api.tes.ser.api.KafkaSerdesTester] (Thread-679) Sending message {"key11755103361325": "value-7"} to topic topic-4676519d_4053_48ba_a7c4_34b315b2f694
2025-08-13 16:42:47,195 INFO  [io.api.tes.ser.api.KafkaSerdesTester] (Thread-679) Sending message {"key11755103361325": "value-8"} to topic topic-4676519d_4053_48ba_a7c4_34b315b2f694
2025-08-13 16:42:47,196 INFO  [io.api.tes.ser.api.KafkaSerdesTester] (Thread-679) Sending message {"key11755103361325": "value-9"} to topic topic-4676519d_4053_48ba_a7c4_34b315b2f694
2025-08-13 16:42:47,198 INFO  [io.api.tes.ser.api.KafkaSerdesTester] (Thread-679) Produced 10 messages
2025-08-13 16:42:47,198 INFO  [org.apa.kaf.cli.pro.KafkaProducer] (Thread-679) [Producer clientId=Producer-topic-4676519d_4053_48ba_a7c4_34b315b2f694] Closing the Kafka producer with timeoutMillis = 9223372036854775807 ms.
2025-08-13 16:42:47,200 INFO  [org.apa.kaf.com.met.Metrics] (Thread-679) Metrics scheduler closed
2025-08-13 16:42:47,200 INFO  [org.apa.kaf.com.met.Metrics] (Thread-679) Closing reporter org.apache.kafka.common.metrics.JmxReporter
2025-08-13 16:42:47,200 INFO  [org.apa.kaf.com.met.Metrics] (Thread-679) Closing reporter org.apache.kafka.common.telemetry.internals.ClientTelemetryReporter
2025-08-13 16:42:47,200 INFO  [org.apa.kaf.com.met.Metrics] (Thread-679) Metrics reporters closed
2025-08-13 16:42:47,200 INFO  [org.apa.kaf.com.uti.AppInfoParser] (Thread-679) App info kafka.producer for Producer-topic-4676519d_4053_48ba_a7c4_34b315b2f694 unregistered
**** Registry Base URL: http://registry-app-ksql047.apps.ci419.apicurio-testing.org:80
2025-08-13 16:42:47,201 INFO  [org.apa.kaf.cli.con.ConsumerConfig] (main) ConsumerConfig values: 
	allow.auto.create.topics = true
	auto.commit.interval.ms = 500
	auto.include.jmx.reporter = true
	auto.offset.reset = earliest
	bootstrap.servers = [PLAINTEXT://localhost:32769]
	check.crcs = true
	client.dns.lookup = use_all_dns_ips
	client.id = consumer-Consumer-topic-4676519d_4053_48ba_a7c4_34b315b2f694-11
	client.rack = 
	connections.max.idle.ms = 10000
	default.api.timeout.ms = 60000
	enable.auto.commit = true
	enable.metrics.push = true
	exclude.internal.topics = true
	fetch.max.bytes = 52428800
	fetch.max.wait.ms = 500
	fetch.min.bytes = 1
	group.id = Consumer-topic-4676519d_4053_48ba_a7c4_34b315b2f694
	group.instance.id = null
	group.protocol = classic
	group.remote.assignor = null
	heartbeat.interval.ms = 3000
	interceptor.classes = []
	internal.leave.group.on.close = true
	internal.throw.on.fetch.stable.offset.unsupported = false
	isolation.level = read_uncommitted
	key.deserializer = class org.apache.kafka.common.serialization.StringDeserializer
	max.partition.fetch.bytes = 1048576
	max.poll.interval.ms = 300000
	max.poll.records = 500
	metadata.max.age.ms = 300000
	metadata.recovery.strategy = none
	metric.reporters = []
	metrics.num.samples = 2
	metrics.recording.level = INFO
	metrics.sample.window.ms = 30000
	partition.assignment.strategy = [class org.apache.kafka.clients.consumer.RangeAssignor, class org.apache.kafka.clients.consumer.CooperativeStickyAssignor]
	receive.buffer.bytes = 65536
	reconnect.backoff.max.ms = 1000
	reconnect.backoff.ms = 50
	request.timeout.ms = 5000
	retry.backoff.max.ms = 1000
	retry.backoff.ms = 100
	sasl.client.callback.handler.class = null
	sasl.jaas.config = null
	sasl.kerberos.kinit.cmd = /usr/bin/kinit
	sasl.kerberos.min.time.before.relogin = 60000
	sasl.kerberos.service.name = null
	sasl.kerberos.ticket.renew.jitter = 0.05
	sasl.kerberos.ticket.renew.window.factor = 0.8
	sasl.login.callback.handler.class = null
	sasl.login.class = null
	sasl.login.connect.timeout.ms = null
	sasl.login.read.timeout.ms = null
	sasl.login.refresh.buffer.seconds = 300
	sasl.login.refresh.min.period.seconds = 60
	sasl.login.refresh.window.factor = 0.8
	sasl.login.refresh.window.jitter = 0.05
	sasl.login.retry.backoff.max.ms = 10000
	sasl.login.retry.backoff.ms = 100
	sasl.mechanism = GSSAPI
	sasl.oauthbearer.clock.skew.seconds = 30
	sasl.oauthbearer.expected.audience = null
	sasl.oauthbearer.expected.issuer = null
	sasl.oauthbearer.header.urlencode = false
	sasl.oauthbearer.jwks.endpoint.refresh.ms = 3600000
	sasl.oauthbearer.jwks.endpoint.retry.backoff.max.ms = 10000
	sasl.oauthbearer.jwks.endpoint.retry.backoff.ms = 100
	sasl.oauthbearer.jwks.endpoint.url = null
	sasl.oauthbearer.scope.claim.name = scope
	sasl.oauthbearer.sub.claim.name = sub
	sasl.oauthbearer.token.endpoint.url = null
	security.protocol = PLAINTEXT
	security.providers = null
	send.buffer.bytes = 131072
	session.timeout.ms = 45000
	socket.connection.setup.timeout.max.ms = 30000
	socket.connection.setup.timeout.ms = 10000
	ssl.cipher.suites = null
	ssl.enabled.protocols = [TLSv1.2, TLSv1.3]
	ssl.endpoint.identification.algorithm = https
	ssl.engine.factory.class = null
	ssl.key.password = null
	ssl.keymanager.algorithm = SunX509
	ssl.keystore.certificate.chain = null
	ssl.keystore.key = null
	ssl.keystore.location = null
	ssl.keystore.password = null
	ssl.keystore.type = JKS
	ssl.protocol = TLSv1.3
	ssl.provider = null
	ssl.secure.random.implementation = null
	ssl.trustmanager.algorithm = PKIX
	ssl.truststore.certificates = null
	ssl.truststore.location = null
	ssl.truststore.password = null
	ssl.truststore.type = JKS
	value.deserializer = class io.apicurio.registry.serde.avro.AvroKafkaDeserializer

2025-08-13 16:42:47,201 INFO  [org.apa.kaf.com.tel.int.KafkaMetricsCollector] (main) initializing Kafka metrics collector
2025-08-13 16:42:47,208 INFO  [org.apa.kaf.cli.con.ConsumerConfig] (main) These configurations '[apicurio.registry.url]' were supplied but are not used yet.
2025-08-13 16:42:47,208 INFO  [org.apa.kaf.com.uti.AppInfoParser] (main) Kafka version: 3.9.1
2025-08-13 16:42:47,208 INFO  [org.apa.kaf.com.uti.AppInfoParser] (main) Kafka commitId: f745dfdcee2b9851
2025-08-13 16:42:47,208 INFO  [org.apa.kaf.com.uti.AppInfoParser] (main) Kafka startTimeMs: 1755103367208
2025-08-13 16:42:47,208 INFO  [org.apa.kaf.cli.con.int.ClassicKafkaConsumer] (Thread-682) [Consumer clientId=consumer-Consumer-topic-4676519d_4053_48ba_a7c4_34b315b2f694-11, groupId=Consumer-topic-4676519d_4053_48ba_a7c4_34b315b2f694] Subscribed to topic(s): topic-4676519d_4053_48ba_a7c4_34b315b2f694
2025-08-13 16:42:47,211 INFO  [org.apa.kaf.cli.Metadata] (Thread-682) [Consumer clientId=consumer-Consumer-topic-4676519d_4053_48ba_a7c4_34b315b2f694-11, groupId=Consumer-topic-4676519d_4053_48ba_a7c4_34b315b2f694] Cluster ID: MGWopiWBQlear_SiqMs63w
2025-08-13 16:42:47,212 INFO  [org.apa.kaf.cli.con.int.ConsumerCoordinator] (Thread-682) [Consumer clientId=consumer-Consumer-topic-4676519d_4053_48ba_a7c4_34b315b2f694-11, groupId=Consumer-topic-4676519d_4053_48ba_a7c4_34b315b2f694] Discovered group coordinator localhost:32769 (id: 2147483647 rack: null)
2025-08-13 16:42:47,213 INFO  [org.apa.kaf.cli.con.int.ConsumerCoordinator] (Thread-682) [Consumer clientId=consumer-Consumer-topic-4676519d_4053_48ba_a7c4_34b315b2f694-11, groupId=Consumer-topic-4676519d_4053_48ba_a7c4_34b315b2f694] (Re-)joining group
2025-08-13 16:42:47,214 INFO  [org.apa.kaf.cli.con.int.ConsumerCoordinator] (Thread-682) [Consumer clientId=consumer-Consumer-topic-4676519d_4053_48ba_a7c4_34b315b2f694-11, groupId=Consumer-topic-4676519d_4053_48ba_a7c4_34b315b2f694] Request joining group due to: need to re-join with the given member-id: consumer-Consumer-topic-4676519d_4053_48ba_a7c4_34b315b2f694-11-aace7cb5-b4fb-4542-b00b-2e3161bd6b2f
2025-08-13 16:42:47,215 INFO  [org.apa.kaf.cli.con.int.ConsumerCoordinator] (Thread-682) [Consumer clientId=consumer-Consumer-topic-4676519d_4053_48ba_a7c4_34b315b2f694-11, groupId=Consumer-topic-4676519d_4053_48ba_a7c4_34b315b2f694] (Re-)joining group
2025-08-13 16:42:48,208 INFO  [io.api.tes.ser.api.KafkaSerdesTester] (Thread-682) None found
2025-08-13 16:42:49,209 INFO  [io.api.tes.ser.api.KafkaSerdesTester] (Thread-682) None found
2025-08-13 16:42:50,209 INFO  [io.api.tes.ser.api.KafkaSerdesTester] (Thread-682) None found
2025-08-13 16:42:50,216 INFO  [org.apa.kaf.cli.con.int.ConsumerCoordinator] (Thread-682) [Consumer clientId=consumer-Consumer-topic-4676519d_4053_48ba_a7c4_34b315b2f694-11, groupId=Consumer-topic-4676519d_4053_48ba_a7c4_34b315b2f694] Successfully joined group with generation Generation{generationId=3, memberId='consumer-Consumer-topic-4676519d_4053_48ba_a7c4_34b315b2f694-11-aace7cb5-b4fb-4542-b00b-2e3161bd6b2f', protocol='range'}
2025-08-13 16:42:50,217 INFO  [org.apa.kaf.cli.con.int.ConsumerCoordinator] (Thread-682) [Consumer clientId=consumer-Consumer-topic-4676519d_4053_48ba_a7c4_34b315b2f694-11, groupId=Consumer-topic-4676519d_4053_48ba_a7c4_34b315b2f694] Finished assignment for group at generation 3: {consumer-Consumer-topic-4676519d_4053_48ba_a7c4_34b315b2f694-11-aace7cb5-b4fb-4542-b00b-2e3161bd6b2f=Assignment(partitions=[topic-4676519d_4053_48ba_a7c4_34b315b2f694-0])}
2025-08-13 16:42:50,223 INFO  [org.apa.kaf.cli.con.int.ConsumerCoordinator] (Thread-682) [Consumer clientId=consumer-Consumer-topic-4676519d_4053_48ba_a7c4_34b315b2f694-11, groupId=Consumer-topic-4676519d_4053_48ba_a7c4_34b315b2f694] Successfully synced group in generation Generation{generationId=3, memberId='consumer-Consumer-topic-4676519d_4053_48ba_a7c4_34b315b2f694-11-aace7cb5-b4fb-4542-b00b-2e3161bd6b2f', protocol='range'}
2025-08-13 16:42:50,223 INFO  [org.apa.kaf.cli.con.int.ConsumerCoordinator] (Thread-682) [Consumer clientId=consumer-Consumer-topic-4676519d_4053_48ba_a7c4_34b315b2f694-11, groupId=Consumer-topic-4676519d_4053_48ba_a7c4_34b315b2f694] Notifying assignor about the new Assignment(partitions=[topic-4676519d_4053_48ba_a7c4_34b315b2f694-0])
2025-08-13 16:42:50,223 INFO  [org.apa.kaf.cli.con.int.ConsumerRebalanceListenerInvoker] (Thread-682) [Consumer clientId=consumer-Consumer-topic-4676519d_4053_48ba_a7c4_34b315b2f694-11, groupId=Consumer-topic-4676519d_4053_48ba_a7c4_34b315b2f694] Adding newly assigned partitions: topic-4676519d_4053_48ba_a7c4_34b315b2f694-0
2025-08-13 16:42:50,225 INFO  [org.apa.kaf.cli.con.int.ConsumerUtils] (Thread-682) Setting offset for partition topic-4676519d_4053_48ba_a7c4_34b315b2f694-0 to the committed offset FetchPosition{offset=10, offsetEpoch=Optional[0], currentLeader=LeaderAndEpoch{leader=Optional[localhost:32769 (id: 0 rack: null)], epoch=0}}
2025-08-13 16:42:50,277 INFO  [io.api.tes.ser.api.KafkaSerdesTester] (Thread-682) topic-4676519d_4053_48ba_a7c4_34b315b2f694 0 10 {"key11755103361325": "value-0", "key21755103366033": "value-0"}
2025-08-13 16:42:50,277 INFO  [io.api.tes.ser.api.KafkaSerdesTester] (Thread-682) topic-4676519d_4053_48ba_a7c4_34b315b2f694 0 11 {"key11755103361325": "value-1", "key21755103366033": "value-1"}
2025-08-13 16:42:50,277 INFO  [io.api.tes.ser.api.KafkaSerdesTester] (Thread-682) topic-4676519d_4053_48ba_a7c4_34b315b2f694 0 12 {"key11755103361325": "value-2", "key21755103366033": "value-2"}
2025-08-13 16:42:50,277 INFO  [io.api.tes.ser.api.KafkaSerdesTester] (Thread-682) topic-4676519d_4053_48ba_a7c4_34b315b2f694 0 13 {"key11755103361325": "value-3", "key21755103366033": "value-3"}
2025-08-13 16:42:50,278 INFO  [io.api.tes.ser.api.KafkaSerdesTester] (Thread-682) topic-4676519d_4053_48ba_a7c4_34b315b2f694 0 14 {"key11755103361325": "value-4", "key21755103366033": "value-4"}
2025-08-13 16:42:50,278 INFO  [io.api.tes.ser.api.KafkaSerdesTester] (Thread-682) topic-4676519d_4053_48ba_a7c4_34b315b2f694 0 15 {"key11755103361325": "value-5", "key21755103366033": "value-5"}
2025-08-13 16:42:50,278 INFO  [io.api.tes.ser.api.KafkaSerdesTester] (Thread-682) topic-4676519d_4053_48ba_a7c4_34b315b2f694 0 16 {"key11755103361325": "value-6", "key21755103366033": "value-6"}
2025-08-13 16:42:50,278 INFO  [io.api.tes.ser.api.KafkaSerdesTester] (Thread-682) topic-4676519d_4053_48ba_a7c4_34b315b2f694 0 17 {"key11755103361325": "value-7", "key21755103366033": "value-7"}
2025-08-13 16:42:50,278 INFO  [io.api.tes.ser.api.KafkaSerdesTester] (Thread-682) topic-4676519d_4053_48ba_a7c4_34b315b2f694 0 18 {"key11755103361325": "value-8", "key21755103366033": "value-8"}
2025-08-13 16:42:50,278 INFO  [io.api.tes.ser.api.KafkaSerdesTester] (Thread-682) topic-4676519d_4053_48ba_a7c4_34b315b2f694 0 19 {"key11755103361325": "value-9", "key21755103366033": "value-9"}
2025-08-13 16:42:50,278 INFO  [io.api.tes.ser.api.KafkaSerdesTester] (Thread-682) topic-4676519d_4053_48ba_a7c4_34b315b2f694 0 20 {"key11755103361325": "value-0"}
2025-08-13 16:42:50,278 INFO  [io.api.tes.ser.api.KafkaSerdesTester] (Thread-682) topic-4676519d_4053_48ba_a7c4_34b315b2f694 0 21 {"key11755103361325": "value-1"}
2025-08-13 16:42:50,278 INFO  [io.api.tes.ser.api.KafkaSerdesTester] (Thread-682) topic-4676519d_4053_48ba_a7c4_34b315b2f694 0 22 {"key11755103361325": "value-2"}
2025-08-13 16:42:50,278 INFO  [io.api.tes.ser.api.KafkaSerdesTester] (Thread-682) topic-4676519d_4053_48ba_a7c4_34b315b2f694 0 23 {"key11755103361325": "value-3"}
2025-08-13 16:42:50,278 INFO  [io.api.tes.ser.api.KafkaSerdesTester] (Thread-682) topic-4676519d_4053_48ba_a7c4_34b315b2f694 0 24 {"key11755103361325": "value-4"}
2025-08-13 16:42:50,278 INFO  [io.api.tes.ser.api.KafkaSerdesTester] (Thread-682) topic-4676519d_4053_48ba_a7c4_34b315b2f694 0 25 {"key11755103361325": "value-5"}
2025-08-13 16:42:50,279 INFO  [io.api.tes.ser.api.KafkaSerdesTester] (Thread-682) topic-4676519d_4053_48ba_a7c4_34b315b2f694 0 26 {"key11755103361325": "value-6"}
2025-08-13 16:42:50,279 INFO  [io.api.tes.ser.api.KafkaSerdesTester] (Thread-682) topic-4676519d_4053_48ba_a7c4_34b315b2f694 0 27 {"key11755103361325": "value-7"}
2025-08-13 16:42:50,279 INFO  [io.api.tes.ser.api.KafkaSerdesTester] (Thread-682) topic-4676519d_4053_48ba_a7c4_34b315b2f694 0 28 {"key11755103361325": "value-8"}
2025-08-13 16:42:50,279 INFO  [io.api.tes.ser.api.KafkaSerdesTester] (Thread-682) topic-4676519d_4053_48ba_a7c4_34b315b2f694 0 29 {"key11755103361325": "value-9"}
2025-08-13 16:42:50,279 INFO  [io.api.tes.ser.api.KafkaSerdesTester] (Thread-682) Consumed 20 messages
2025-08-13 16:42:50,286 INFO  [org.apa.kaf.cli.con.int.ConsumerRebalanceListenerInvoker] (Thread-682) [Consumer clientId=consumer-Consumer-topic-4676519d_4053_48ba_a7c4_34b315b2f694-11, groupId=Consumer-topic-4676519d_4053_48ba_a7c4_34b315b2f694] Revoke previously assigned partitions topic-4676519d_4053_48ba_a7c4_34b315b2f694-0
2025-08-13 16:42:50,286 INFO  [org.apa.kaf.cli.con.int.ConsumerCoordinator] (Thread-682) [Consumer clientId=consumer-Consumer-topic-4676519d_4053_48ba_a7c4_34b315b2f694-11, groupId=Consumer-topic-4676519d_4053_48ba_a7c4_34b315b2f694] Member consumer-Consumer-topic-4676519d_4053_48ba_a7c4_34b315b2f694-11-aace7cb5-b4fb-4542-b00b-2e3161bd6b2f sending LeaveGroup request to coordinator localhost:32769 (id: 2147483647 rack: null) due to the consumer is being closed
2025-08-13 16:42:50,286 INFO  [org.apa.kaf.cli.con.int.ConsumerCoordinator] (Thread-682) [Consumer clientId=consumer-Consumer-topic-4676519d_4053_48ba_a7c4_34b315b2f694-11, groupId=Consumer-topic-4676519d_4053_48ba_a7c4_34b315b2f694] Resetting generation and member id due to: consumer pro-actively leaving the group
2025-08-13 16:42:50,286 INFO  [org.apa.kaf.cli.con.int.ConsumerCoordinator] (Thread-682) [Consumer clientId=consumer-Consumer-topic-4676519d_4053_48ba_a7c4_34b315b2f694-11, groupId=Consumer-topic-4676519d_4053_48ba_a7c4_34b315b2f694] Request joining group due to: consumer pro-actively leaving the group
2025-08-13 16:42:50,779 INFO  [org.apa.kaf.com.met.Metrics] (Thread-682) Metrics scheduler closed
2025-08-13 16:42:50,780 INFO  [org.apa.kaf.com.met.Metrics] (Thread-682) Closing reporter org.apache.kafka.common.metrics.JmxReporter
2025-08-13 16:42:50,780 INFO  [org.apa.kaf.com.met.Metrics] (Thread-682) Closing reporter org.apache.kafka.common.telemetry.internals.ClientTelemetryReporter
2025-08-13 16:42:50,780 INFO  [org.apa.kaf.com.met.Metrics] (Thread-682) Metrics reporters closed
2025-08-13 16:42:50,782 INFO  [org.apa.kaf.com.uti.AppInfoParser] (Thread-682) App info kafka.consumer for consumer-Consumer-topic-4676519d_4053_48ba_a7c4_34b315b2f694-11 unregistered
2025-08-13 16:42:50,782 INFO  [io.api.tes.ser.api.AvroSerdeIT] (main) Registering Avro Schema 3: {"type":"record","name":"s8d42a173xe343x4d94xba42x6db0499b3a23","namespace":"ns_7696ff5f_346d_45f1_a6cf_26e5595894c7","fields":[{"name":"key11755103361325","type":"string"},{"name":"key21755103366033","type":"string"},{"name":"key31755103370782","type":"string"}]}
**** Registry Base URL: http://registry-app-ksql047.apps.ci419.apicurio-testing.org:80
2025-08-13 16:42:51,832 INFO  [org.apa.kaf.cli.pro.ProducerConfig] (main) ProducerConfig values: 
	acks = -1
	auto.include.jmx.reporter = true
	batch.size = 16384
	bootstrap.servers = [PLAINTEXT://localhost:32769]
	buffer.memory = 33554432
	client.dns.lookup = use_all_dns_ips
	client.id = Producer-topic-4676519d_4053_48ba_a7c4_34b315b2f694
	compression.gzip.level = -1
	compression.lz4.level = 9
	compression.type = none
	compression.zstd.level = 3
	connections.max.idle.ms = 10000
	delivery.timeout.ms = 120000
	enable.idempotence = true
	enable.metrics.push = true
	interceptor.classes = []
	key.serializer = class org.apache.kafka.common.serialization.StringSerializer
	linger.ms = 0
	max.block.ms = 60000
	max.in.flight.requests.per.connection = 5
	max.request.size = 1048576
	metadata.max.age.ms = 300000
	metadata.max.idle.ms = 300000
	metadata.recovery.strategy = none
	metric.reporters = []
	metrics.num.samples = 2
	metrics.recording.level = INFO
	metrics.sample.window.ms = 30000
	partitioner.adaptive.partitioning.enable = true
	partitioner.availability.timeout.ms = 0
	partitioner.class = null
	partitioner.ignore.keys = false
	receive.buffer.bytes = 32768
	reconnect.backoff.max.ms = 1000
	reconnect.backoff.ms = 50
	request.timeout.ms = 5000
	retries = 2147483647
	retry.backoff.max.ms = 1000
	retry.backoff.ms = 100
	sasl.client.callback.handler.class = null
	sasl.jaas.config = null
	sasl.kerberos.kinit.cmd = /usr/bin/kinit
	sasl.kerberos.min.time.before.relogin = 60000
	sasl.kerberos.service.name = null
	sasl.kerberos.ticket.renew.jitter = 0.05
	sasl.kerberos.ticket.renew.window.factor = 0.8
	sasl.login.callback.handler.class = null
	sasl.login.class = null
	sasl.login.connect.timeout.ms = null
	sasl.login.read.timeout.ms = null
	sasl.login.refresh.buffer.seconds = 300
	sasl.login.refresh.min.period.seconds = 60
	sasl.login.refresh.window.factor = 0.8
	sasl.login.refresh.window.jitter = 0.05
	sasl.login.retry.backoff.max.ms = 10000
	sasl.login.retry.backoff.ms = 100
	sasl.mechanism = GSSAPI
	sasl.oauthbearer.clock.skew.seconds = 30
	sasl.oauthbearer.expected.audience = null
	sasl.oauthbearer.expected.issuer = null
	sasl.oauthbearer.header.urlencode = false
	sasl.oauthbearer.jwks.endpoint.refresh.ms = 3600000
	sasl.oauthbearer.jwks.endpoint.retry.backoff.max.ms = 10000
	sasl.oauthbearer.jwks.endpoint.retry.backoff.ms = 100
	sasl.oauthbearer.jwks.endpoint.url = null
	sasl.oauthbearer.scope.claim.name = scope
	sasl.oauthbearer.sub.claim.name = sub
	sasl.oauthbearer.token.endpoint.url = null
	security.protocol = PLAINTEXT
	security.providers = null
	send.buffer.bytes = 131072
	socket.connection.setup.timeout.max.ms = 30000
	socket.connection.setup.timeout.ms = 10000
	ssl.cipher.suites = null
	ssl.enabled.protocols = [TLSv1.2, TLSv1.3]
	ssl.endpoint.identification.algorithm = https
	ssl.engine.factory.class = null
	ssl.key.password = null
	ssl.keymanager.algorithm = SunX509
	ssl.keystore.certificate.chain = null
	ssl.keystore.key = null
	ssl.keystore.location = null
	ssl.keystore.password = null
	ssl.keystore.type = JKS
	ssl.protocol = TLSv1.3
	ssl.provider = null
	ssl.secure.random.implementation = null
	ssl.trustmanager.algorithm = PKIX
	ssl.truststore.certificates = null
	ssl.truststore.location = null
	ssl.truststore.password = null
	ssl.truststore.type = JKS
	transaction.timeout.ms = 60000
	transactional.id = null
	value.serializer = class io.apicurio.registry.serde.avro.AvroKafkaSerializer

2025-08-13 16:42:51,832 INFO  [org.apa.kaf.com.tel.int.KafkaMetricsCollector] (main) initializing Kafka metrics collector
2025-08-13 16:42:51,836 INFO  [org.apa.kaf.cli.pro.KafkaProducer] (main) [Producer clientId=Producer-topic-4676519d_4053_48ba_a7c4_34b315b2f694] Instantiated an idempotent producer.
2025-08-13 16:42:51,837 INFO  [org.apa.kaf.cli.pro.ProducerConfig] (main) These configurations '[apicurio.registry.url, apicurio.registry.artifact-resolver-strategy]' were supplied but are not used yet.
2025-08-13 16:42:51,837 INFO  [org.apa.kaf.com.uti.AppInfoParser] (main) Kafka version: 3.9.1
2025-08-13 16:42:51,837 INFO  [org.apa.kaf.com.uti.AppInfoParser] (main) Kafka commitId: f745dfdcee2b9851
2025-08-13 16:42:51,837 INFO  [org.apa.kaf.com.uti.AppInfoParser] (main) Kafka startTimeMs: 1755103371837
2025-08-13 16:42:51,838 INFO  [io.api.tes.ser.api.KafkaSerdesTester] (Thread-685) Sending message {"key11755103361325": "value-0", "key21755103366033": "value-0", "key31755103370782": "value-0"} to topic topic-4676519d_4053_48ba_a7c4_34b315b2f694
2025-08-13 16:42:51,842 INFO  [org.apa.kaf.cli.Metadata] (kafka-producer-network-thread | Producer-topic-4676519d_4053_48ba_a7c4_34b315b2f694) [Producer clientId=Producer-topic-4676519d_4053_48ba_a7c4_34b315b2f694] Cluster ID: MGWopiWBQlear_SiqMs63w
2025-08-13 16:42:51,842 INFO  [DefaultSchemaResolver] (Thread-685) Retrieving schema content using string: {"type":"record","name":"s8d42a173xe343x4d94xba42x6db0499b3a23","namespace":"ns_7696ff5f_346d_45f1_a6cf_26e5595894c7","fields":[{"name":"key11755103361325","type":"string"},{"name":"key21755103366033","type":"string"},{"name":"key31755103370782","type":"string"}]}
2025-08-13 16:42:51,844 INFO  [org.apa.kaf.cli.pro.int.TransactionManager] (kafka-producer-network-thread | Producer-topic-4676519d_4053_48ba_a7c4_34b315b2f694) [Producer clientId=Producer-topic-4676519d_4053_48ba_a7c4_34b315b2f694] ProducerId set to 15 with epoch 0
2025-08-13 16:42:51,870 INFO  [io.api.tes.ser.api.KafkaSerdesTester] (Thread-685) Sending message {"key11755103361325": "value-1", "key21755103366033": "value-1", "key31755103370782": "value-1"} to topic topic-4676519d_4053_48ba_a7c4_34b315b2f694
2025-08-13 16:42:51,873 INFO  [io.api.tes.ser.api.KafkaSerdesTester] (Thread-685) Sending message {"key11755103361325": "value-2", "key21755103366033": "value-2", "key31755103370782": "value-2"} to topic topic-4676519d_4053_48ba_a7c4_34b315b2f694
2025-08-13 16:42:51,876 INFO  [io.api.tes.ser.api.KafkaSerdesTester] (Thread-685) Sending message {"key11755103361325": "value-3", "key21755103366033": "value-3", "key31755103370782": "value-3"} to topic topic-4676519d_4053_48ba_a7c4_34b315b2f694
2025-08-13 16:42:51,878 INFO  [io.api.tes.ser.api.KafkaSerdesTester] (Thread-685) Sending message {"key11755103361325": "value-4", "key21755103366033": "value-4", "key31755103370782": "value-4"} to topic topic-4676519d_4053_48ba_a7c4_34b315b2f694
2025-08-13 16:42:51,880 INFO  [io.api.tes.ser.api.KafkaSerdesTester] (Thread-685) Sending message {"key11755103361325": "value-5", "key21755103366033": "value-5", "key31755103370782": "value-5"} to topic topic-4676519d_4053_48ba_a7c4_34b315b2f694
2025-08-13 16:42:51,884 INFO  [io.api.tes.ser.api.KafkaSerdesTester] (Thread-685) Sending message {"key11755103361325": "value-6", "key21755103366033": "value-6", "key31755103370782": "value-6"} to topic topic-4676519d_4053_48ba_a7c4_34b315b2f694
2025-08-13 16:42:51,887 INFO  [io.api.tes.ser.api.KafkaSerdesTester] (Thread-685) Sending message {"key11755103361325": "value-7", "key21755103366033": "value-7", "key31755103370782": "value-7"} to topic topic-4676519d_4053_48ba_a7c4_34b315b2f694
2025-08-13 16:42:51,889 INFO  [io.api.tes.ser.api.KafkaSerdesTester] (Thread-685) Sending message {"key11755103361325": "value-8", "key21755103366033": "value-8", "key31755103370782": "value-8"} to topic topic-4676519d_4053_48ba_a7c4_34b315b2f694
2025-08-13 16:42:51,892 INFO  [io.api.tes.ser.api.KafkaSerdesTester] (Thread-685) Sending message {"key11755103361325": "value-9", "key21755103366033": "value-9", "key31755103370782": "value-9"} to topic topic-4676519d_4053_48ba_a7c4_34b315b2f694
2025-08-13 16:42:51,896 INFO  [io.api.tes.ser.api.KafkaSerdesTester] (Thread-685) Produced 10 messages
2025-08-13 16:42:51,896 INFO  [org.apa.kaf.cli.pro.KafkaProducer] (Thread-685) [Producer clientId=Producer-topic-4676519d_4053_48ba_a7c4_34b315b2f694] Closing the Kafka producer with timeoutMillis = 9223372036854775807 ms.
2025-08-13 16:42:51,900 INFO  [org.apa.kaf.com.met.Metrics] (Thread-685) Metrics scheduler closed
2025-08-13 16:42:51,900 INFO  [org.apa.kaf.com.met.Metrics] (Thread-685) Closing reporter org.apache.kafka.common.metrics.JmxReporter
2025-08-13 16:42:51,900 INFO  [org.apa.kaf.com.met.Metrics] (Thread-685) Closing reporter org.apache.kafka.common.telemetry.internals.ClientTelemetryReporter
2025-08-13 16:42:51,900 INFO  [org.apa.kaf.com.met.Metrics] (Thread-685) Metrics reporters closed
2025-08-13 16:42:51,900 INFO  [org.apa.kaf.com.uti.AppInfoParser] (Thread-685) App info kafka.producer for Producer-topic-4676519d_4053_48ba_a7c4_34b315b2f694 unregistered
**** Registry Base URL: http://registry-app-ksql047.apps.ci419.apicurio-testing.org:80
2025-08-13 16:42:51,901 INFO  [org.apa.kaf.cli.pro.ProducerConfig] (main) ProducerConfig values: 
	acks = -1
	auto.include.jmx.reporter = true
	batch.size = 16384
	bootstrap.servers = [PLAINTEXT://localhost:32769]
	buffer.memory = 33554432
	client.dns.lookup = use_all_dns_ips
	client.id = Producer-topic-4676519d_4053_48ba_a7c4_34b315b2f694
	compression.gzip.level = -1
	compression.lz4.level = 9
	compression.type = none
	compression.zstd.level = 3
	connections.max.idle.ms = 10000
	delivery.timeout.ms = 120000
	enable.idempotence = true
	enable.metrics.push = true
	interceptor.classes = []
	key.serializer = class org.apache.kafka.common.serialization.StringSerializer
	linger.ms = 0
	max.block.ms = 60000
	max.in.flight.requests.per.connection = 5
	max.request.size = 1048576
	metadata.max.age.ms = 300000
	metadata.max.idle.ms = 300000
	metadata.recovery.strategy = none
	metric.reporters = []
	metrics.num.samples = 2
	metrics.recording.level = INFO
	metrics.sample.window.ms = 30000
	partitioner.adaptive.partitioning.enable = true
	partitioner.availability.timeout.ms = 0
	partitioner.class = null
	partitioner.ignore.keys = false
	receive.buffer.bytes = 32768
	reconnect.backoff.max.ms = 1000
	reconnect.backoff.ms = 50
	request.timeout.ms = 5000
	retries = 2147483647
	retry.backoff.max.ms = 1000
	retry.backoff.ms = 100
	sasl.client.callback.handler.class = null
	sasl.jaas.config = null
	sasl.kerberos.kinit.cmd = /usr/bin/kinit
	sasl.kerberos.min.time.before.relogin = 60000
	sasl.kerberos.service.name = null
	sasl.kerberos.ticket.renew.jitter = 0.05
	sasl.kerberos.ticket.renew.window.factor = 0.8
	sasl.login.callback.handler.class = null
	sasl.login.class = null
	sasl.login.connect.timeout.ms = null
	sasl.login.read.timeout.ms = null
	sasl.login.refresh.buffer.seconds = 300
	sasl.login.refresh.min.period.seconds = 60
	sasl.login.refresh.window.factor = 0.8
	sasl.login.refresh.window.jitter = 0.05
	sasl.login.retry.backoff.max.ms = 10000
	sasl.login.retry.backoff.ms = 100
	sasl.mechanism = GSSAPI
	sasl.oauthbearer.clock.skew.seconds = 30
	sasl.oauthbearer.expected.audience = null
	sasl.oauthbearer.expected.issuer = null
	sasl.oauthbearer.header.urlencode = false
	sasl.oauthbearer.jwks.endpoint.refresh.ms = 3600000
	sasl.oauthbearer.jwks.endpoint.retry.backoff.max.ms = 10000
	sasl.oauthbearer.jwks.endpoint.retry.backoff.ms = 100
	sasl.oauthbearer.jwks.endpoint.url = null
	sasl.oauthbearer.scope.claim.name = scope
	sasl.oauthbearer.sub.claim.name = sub
	sasl.oauthbearer.token.endpoint.url = null
	security.protocol = PLAINTEXT
	security.providers = null
	send.buffer.bytes = 131072
	socket.connection.setup.timeout.max.ms = 30000
	socket.connection.setup.timeout.ms = 10000
	ssl.cipher.suites = null
	ssl.enabled.protocols = [TLSv1.2, TLSv1.3]
	ssl.endpoint.identification.algorithm = https
	ssl.engine.factory.class = null
	ssl.key.password = null
	ssl.keymanager.algorithm = SunX509
	ssl.keystore.certificate.chain = null
	ssl.keystore.key = null
	ssl.keystore.location = null
	ssl.keystore.password = null
	ssl.keystore.type = JKS
	ssl.protocol = TLSv1.3
	ssl.provider = null
	ssl.secure.random.implementation = null
	ssl.trustmanager.algorithm = PKIX
	ssl.truststore.certificates = null
	ssl.truststore.location = null
	ssl.truststore.password = null
	ssl.truststore.type = JKS
	transaction.timeout.ms = 60000
	transactional.id = null
	value.serializer = class io.apicurio.registry.serde.avro.AvroKafkaSerializer

2025-08-13 16:42:51,901 INFO  [org.apa.kaf.com.tel.int.KafkaMetricsCollector] (main) initializing Kafka metrics collector
2025-08-13 16:42:51,907 INFO  [org.apa.kaf.cli.pro.KafkaProducer] (main) [Producer clientId=Producer-topic-4676519d_4053_48ba_a7c4_34b315b2f694] Instantiated an idempotent producer.
2025-08-13 16:42:51,910 INFO  [org.apa.kaf.cli.pro.ProducerConfig] (main) These configurations '[apicurio.registry.url, apicurio.registry.artifact-resolver-strategy]' were supplied but are not used yet.
2025-08-13 16:42:51,910 INFO  [org.apa.kaf.com.uti.AppInfoParser] (main) Kafka version: 3.9.1
2025-08-13 16:42:51,910 INFO  [org.apa.kaf.com.uti.AppInfoParser] (main) Kafka commitId: f745dfdcee2b9851
2025-08-13 16:42:51,910 INFO  [org.apa.kaf.com.uti.AppInfoParser] (main) Kafka startTimeMs: 1755103371910
2025-08-13 16:42:51,913 INFO  [io.api.tes.ser.api.KafkaSerdesTester] (Thread-688) Sending message {"key11755103361325": "value-0", "key21755103366033": "value-0"} to topic topic-4676519d_4053_48ba_a7c4_34b315b2f694
2025-08-13 16:42:51,915 INFO  [org.apa.kaf.cli.Metadata] (kafka-producer-network-thread | Producer-topic-4676519d_4053_48ba_a7c4_34b315b2f694) [Producer clientId=Producer-topic-4676519d_4053_48ba_a7c4_34b315b2f694] Cluster ID: MGWopiWBQlear_SiqMs63w
2025-08-13 16:42:51,916 INFO  [org.apa.kaf.cli.pro.int.TransactionManager] (kafka-producer-network-thread | Producer-topic-4676519d_4053_48ba_a7c4_34b315b2f694) [Producer clientId=Producer-topic-4676519d_4053_48ba_a7c4_34b315b2f694] ProducerId set to 16 with epoch 0
2025-08-13 16:42:51,919 INFO  [DefaultSchemaResolver] (Thread-688) Retrieving schema content using string: {"type":"record","name":"s8d42a173xe343x4d94xba42x6db0499b3a23","namespace":"ns_7696ff5f_346d_45f1_a6cf_26e5595894c7","fields":[{"name":"key11755103361325","type":"string"},{"name":"key21755103366033","type":"string"}]}
2025-08-13 16:42:51,939 INFO  [io.api.tes.ser.api.KafkaSerdesTester] (Thread-688) Sending message {"key11755103361325": "value-1", "key21755103366033": "value-1"} to topic topic-4676519d_4053_48ba_a7c4_34b315b2f694
2025-08-13 16:42:51,940 INFO  [io.api.tes.ser.api.KafkaSerdesTester] (Thread-688) Sending message {"key11755103361325": "value-2", "key21755103366033": "value-2"} to topic topic-4676519d_4053_48ba_a7c4_34b315b2f694
2025-08-13 16:42:51,941 INFO  [io.api.tes.ser.api.KafkaSerdesTester] (Thread-688) Sending message {"key11755103361325": "value-3", "key21755103366033": "value-3"} to topic topic-4676519d_4053_48ba_a7c4_34b315b2f694
2025-08-13 16:42:51,943 INFO  [io.api.tes.ser.api.KafkaSerdesTester] (Thread-688) Sending message {"key11755103361325": "value-4", "key21755103366033": "value-4"} to topic topic-4676519d_4053_48ba_a7c4_34b315b2f694
2025-08-13 16:42:51,944 INFO  [io.api.tes.ser.api.KafkaSerdesTester] (Thread-688) Sending message {"key11755103361325": "value-5", "key21755103366033": "value-5"} to topic topic-4676519d_4053_48ba_a7c4_34b315b2f694
2025-08-13 16:42:51,945 INFO  [io.api.tes.ser.api.KafkaSerdesTester] (Thread-688) Sending message {"key11755103361325": "value-6", "key21755103366033": "value-6"} to topic topic-4676519d_4053_48ba_a7c4_34b315b2f694
2025-08-13 16:42:51,946 INFO  [io.api.tes.ser.api.KafkaSerdesTester] (Thread-688) Sending message {"key11755103361325": "value-7", "key21755103366033": "value-7"} to topic topic-4676519d_4053_48ba_a7c4_34b315b2f694
2025-08-13 16:42:51,950 INFO  [io.api.tes.ser.api.KafkaSerdesTester] (Thread-688) Sending message {"key11755103361325": "value-8", "key21755103366033": "value-8"} to topic topic-4676519d_4053_48ba_a7c4_34b315b2f694
2025-08-13 16:42:51,951 INFO  [io.api.tes.ser.api.KafkaSerdesTester] (Thread-688) Sending message {"key11755103361325": "value-9", "key21755103366033": "value-9"} to topic topic-4676519d_4053_48ba_a7c4_34b315b2f694
2025-08-13 16:42:51,953 INFO  [io.api.tes.ser.api.KafkaSerdesTester] (Thread-688) Produced 10 messages
2025-08-13 16:42:51,953 INFO  [org.apa.kaf.cli.pro.KafkaProducer] (Thread-688) [Producer clientId=Producer-topic-4676519d_4053_48ba_a7c4_34b315b2f694] Closing the Kafka producer with timeoutMillis = 9223372036854775807 ms.
2025-08-13 16:42:51,956 INFO  [org.apa.kaf.com.met.Metrics] (Thread-688) Metrics scheduler closed
2025-08-13 16:42:51,956 INFO  [org.apa.kaf.com.met.Metrics] (Thread-688) Closing reporter org.apache.kafka.common.metrics.JmxReporter
2025-08-13 16:42:51,956 INFO  [org.apa.kaf.com.met.Metrics] (Thread-688) Closing reporter org.apache.kafka.common.telemetry.internals.ClientTelemetryReporter
2025-08-13 16:42:51,956 INFO  [org.apa.kaf.com.met.Metrics] (Thread-688) Metrics reporters closed
2025-08-13 16:42:51,956 INFO  [org.apa.kaf.com.uti.AppInfoParser] (Thread-688) App info kafka.producer for Producer-topic-4676519d_4053_48ba_a7c4_34b315b2f694 unregistered
**** Registry Base URL: http://registry-app-ksql047.apps.ci419.apicurio-testing.org:80
2025-08-13 16:42:51,957 INFO  [org.apa.kaf.cli.pro.ProducerConfig] (main) ProducerConfig values: 
	acks = -1
	auto.include.jmx.reporter = true
	batch.size = 16384
	bootstrap.servers = [PLAINTEXT://localhost:32769]
	buffer.memory = 33554432
	client.dns.lookup = use_all_dns_ips
	client.id = Producer-topic-4676519d_4053_48ba_a7c4_34b315b2f694
	compression.gzip.level = -1
	compression.lz4.level = 9
	compression.type = none
	compression.zstd.level = 3
	connections.max.idle.ms = 10000
	delivery.timeout.ms = 120000
	enable.idempotence = true
	enable.metrics.push = true
	interceptor.classes = []
	key.serializer = class org.apache.kafka.common.serialization.StringSerializer
	linger.ms = 0
	max.block.ms = 60000
	max.in.flight.requests.per.connection = 5
	max.request.size = 1048576
	metadata.max.age.ms = 300000
	metadata.max.idle.ms = 300000
	metadata.recovery.strategy = none
	metric.reporters = []
	metrics.num.samples = 2
	metrics.recording.level = INFO
	metrics.sample.window.ms = 30000
	partitioner.adaptive.partitioning.enable = true
	partitioner.availability.timeout.ms = 0
	partitioner.class = null
	partitioner.ignore.keys = false
	receive.buffer.bytes = 32768
	reconnect.backoff.max.ms = 1000
	reconnect.backoff.ms = 50
	request.timeout.ms = 5000
	retries = 2147483647
	retry.backoff.max.ms = 1000
	retry.backoff.ms = 100
	sasl.client.callback.handler.class = null
	sasl.jaas.config = null
	sasl.kerberos.kinit.cmd = /usr/bin/kinit
	sasl.kerberos.min.time.before.relogin = 60000
	sasl.kerberos.service.name = null
	sasl.kerberos.ticket.renew.jitter = 0.05
	sasl.kerberos.ticket.renew.window.factor = 0.8
	sasl.login.callback.handler.class = null
	sasl.login.class = null
	sasl.login.connect.timeout.ms = null
	sasl.login.read.timeout.ms = null
	sasl.login.refresh.buffer.seconds = 300
	sasl.login.refresh.min.period.seconds = 60
	sasl.login.refresh.window.factor = 0.8
	sasl.login.refresh.window.jitter = 0.05
	sasl.login.retry.backoff.max.ms = 10000
	sasl.login.retry.backoff.ms = 100
	sasl.mechanism = GSSAPI
	sasl.oauthbearer.clock.skew.seconds = 30
	sasl.oauthbearer.expected.audience = null
	sasl.oauthbearer.expected.issuer = null
	sasl.oauthbearer.header.urlencode = false
	sasl.oauthbearer.jwks.endpoint.refresh.ms = 3600000
	sasl.oauthbearer.jwks.endpoint.retry.backoff.max.ms = 10000
	sasl.oauthbearer.jwks.endpoint.retry.backoff.ms = 100
	sasl.oauthbearer.jwks.endpoint.url = null
	sasl.oauthbearer.scope.claim.name = scope
	sasl.oauthbearer.sub.claim.name = sub
	sasl.oauthbearer.token.endpoint.url = null
	security.protocol = PLAINTEXT
	security.providers = null
	send.buffer.bytes = 131072
	socket.connection.setup.timeout.max.ms = 30000
	socket.connection.setup.timeout.ms = 10000
	ssl.cipher.suites = null
	ssl.enabled.protocols = [TLSv1.2, TLSv1.3]
	ssl.endpoint.identification.algorithm = https
	ssl.engine.factory.class = null
	ssl.key.password = null
	ssl.keymanager.algorithm = SunX509
	ssl.keystore.certificate.chain = null
	ssl.keystore.key = null
	ssl.keystore.location = null
	ssl.keystore.password = null
	ssl.keystore.type = JKS
	ssl.protocol = TLSv1.3
	ssl.provider = null
	ssl.secure.random.implementation = null
	ssl.trustmanager.algorithm = PKIX
	ssl.truststore.certificates = null
	ssl.truststore.location = null
	ssl.truststore.password = null
	ssl.truststore.type = JKS
	transaction.timeout.ms = 60000
	transactional.id = null
	value.serializer = class io.apicurio.registry.serde.avro.AvroKafkaSerializer

2025-08-13 16:42:51,958 INFO  [org.apa.kaf.com.tel.int.KafkaMetricsCollector] (main) initializing Kafka metrics collector
2025-08-13 16:42:51,965 INFO  [org.apa.kaf.cli.pro.KafkaProducer] (main) [Producer clientId=Producer-topic-4676519d_4053_48ba_a7c4_34b315b2f694] Instantiated an idempotent producer.
2025-08-13 16:42:51,968 INFO  [org.apa.kaf.cli.pro.ProducerConfig] (main) These configurations '[apicurio.registry.url, apicurio.registry.artifact-resolver-strategy]' were supplied but are not used yet.
2025-08-13 16:42:51,968 INFO  [org.apa.kaf.com.uti.AppInfoParser] (main) Kafka version: 3.9.1
2025-08-13 16:42:51,968 INFO  [org.apa.kaf.com.uti.AppInfoParser] (main) Kafka commitId: f745dfdcee2b9851
2025-08-13 16:42:51,968 INFO  [org.apa.kaf.com.uti.AppInfoParser] (main) Kafka startTimeMs: 1755103371968
2025-08-13 16:42:51,971 INFO  [io.api.tes.ser.api.KafkaSerdesTester] (Thread-691) Sending message {"key11755103361325": "value-0"} to topic topic-4676519d_4053_48ba_a7c4_34b315b2f694
2025-08-13 16:42:51,980 INFO  [org.apa.kaf.cli.Metadata] (kafka-producer-network-thread | Producer-topic-4676519d_4053_48ba_a7c4_34b315b2f694) [Producer clientId=Producer-topic-4676519d_4053_48ba_a7c4_34b315b2f694] Cluster ID: MGWopiWBQlear_SiqMs63w
2025-08-13 16:42:51,981 INFO  [DefaultSchemaResolver] (Thread-691) Retrieving schema content using string: {"type":"record","name":"s8d42a173xe343x4d94xba42x6db0499b3a23","namespace":"ns_7696ff5f_346d_45f1_a6cf_26e5595894c7","fields":[{"name":"key11755103361325","type":"string"}]}
2025-08-13 16:42:51,983 INFO  [org.apa.kaf.cli.pro.int.TransactionManager] (kafka-producer-network-thread | Producer-topic-4676519d_4053_48ba_a7c4_34b315b2f694) [Producer clientId=Producer-topic-4676519d_4053_48ba_a7c4_34b315b2f694] ProducerId set to 17 with epoch 0
2025-08-13 16:42:52,006 INFO  [io.api.tes.ser.api.KafkaSerdesTester] (Thread-691) Sending message {"key11755103361325": "value-1"} to topic topic-4676519d_4053_48ba_a7c4_34b315b2f694
2025-08-13 16:42:52,009 INFO  [io.api.tes.ser.api.KafkaSerdesTester] (Thread-691) Sending message {"key11755103361325": "value-2"} to topic topic-4676519d_4053_48ba_a7c4_34b315b2f694
2025-08-13 16:42:52,012 INFO  [io.api.tes.ser.api.KafkaSerdesTester] (Thread-691) Sending message {"key11755103361325": "value-3"} to topic topic-4676519d_4053_48ba_a7c4_34b315b2f694
2025-08-13 16:42:52,014 INFO  [io.api.tes.ser.api.KafkaSerdesTester] (Thread-691) Sending message {"key11755103361325": "value-4"} to topic topic-4676519d_4053_48ba_a7c4_34b315b2f694
2025-08-13 16:42:52,019 INFO  [io.api.tes.ser.api.KafkaSerdesTester] (Thread-691) Sending message {"key11755103361325": "value-5"} to topic topic-4676519d_4053_48ba_a7c4_34b315b2f694
2025-08-13 16:42:52,025 INFO  [io.api.tes.ser.api.KafkaSerdesTester] (Thread-691) Sending message {"key11755103361325": "value-6"} to topic topic-4676519d_4053_48ba_a7c4_34b315b2f694
2025-08-13 16:42:52,026 INFO  [io.api.tes.ser.api.KafkaSerdesTester] (Thread-691) Sending message {"key11755103361325": "value-7"} to topic topic-4676519d_4053_48ba_a7c4_34b315b2f694
2025-08-13 16:42:52,028 INFO  [io.api.tes.ser.api.KafkaSerdesTester] (Thread-691) Sending message {"key11755103361325": "value-8"} to topic topic-4676519d_4053_48ba_a7c4_34b315b2f694
2025-08-13 16:42:52,029 INFO  [io.api.tes.ser.api.KafkaSerdesTester] (Thread-691) Sending message {"key11755103361325": "value-9"} to topic topic-4676519d_4053_48ba_a7c4_34b315b2f694
2025-08-13 16:42:52,031 INFO  [io.api.tes.ser.api.KafkaSerdesTester] (Thread-691) Produced 10 messages
2025-08-13 16:42:52,031 INFO  [org.apa.kaf.cli.pro.KafkaProducer] (Thread-691) [Producer clientId=Producer-topic-4676519d_4053_48ba_a7c4_34b315b2f694] Closing the Kafka producer with timeoutMillis = 9223372036854775807 ms.
2025-08-13 16:42:52,033 INFO  [org.apa.kaf.com.met.Metrics] (Thread-691) Metrics scheduler closed
2025-08-13 16:42:52,033 INFO  [org.apa.kaf.com.met.Metrics] (Thread-691) Closing reporter org.apache.kafka.common.metrics.JmxReporter
2025-08-13 16:42:52,033 INFO  [org.apa.kaf.com.met.Metrics] (Thread-691) Closing reporter org.apache.kafka.common.telemetry.internals.ClientTelemetryReporter
2025-08-13 16:42:52,033 INFO  [org.apa.kaf.com.met.Metrics] (Thread-691) Metrics reporters closed
2025-08-13 16:42:52,033 INFO  [org.apa.kaf.com.uti.AppInfoParser] (Thread-691) App info kafka.producer for Producer-topic-4676519d_4053_48ba_a7c4_34b315b2f694 unregistered
**** Registry Base URL: http://registry-app-ksql047.apps.ci419.apicurio-testing.org:80
2025-08-13 16:42:52,034 INFO  [org.apa.kaf.cli.con.ConsumerConfig] (main) ConsumerConfig values: 
	allow.auto.create.topics = true
	auto.commit.interval.ms = 500
	auto.include.jmx.reporter = true
	auto.offset.reset = earliest
	bootstrap.servers = [PLAINTEXT://localhost:32769]
	check.crcs = true
	client.dns.lookup = use_all_dns_ips
	client.id = consumer-Consumer-topic-4676519d_4053_48ba_a7c4_34b315b2f694-12
	client.rack = 
	connections.max.idle.ms = 10000
	default.api.timeout.ms = 60000
	enable.auto.commit = true
	enable.metrics.push = true
	exclude.internal.topics = true
	fetch.max.bytes = 52428800
	fetch.max.wait.ms = 500
	fetch.min.bytes = 1
	group.id = Consumer-topic-4676519d_4053_48ba_a7c4_34b315b2f694
	group.instance.id = null
	group.protocol = classic
	group.remote.assignor = null
	heartbeat.interval.ms = 3000
	interceptor.classes = []
	internal.leave.group.on.close = true
	internal.throw.on.fetch.stable.offset.unsupported = false
	isolation.level = read_uncommitted
	key.deserializer = class org.apache.kafka.common.serialization.StringDeserializer
	max.partition.fetch.bytes = 1048576
	max.poll.interval.ms = 300000
	max.poll.records = 500
	metadata.max.age.ms = 300000
	metadata.recovery.strategy = none
	metric.reporters = []
	metrics.num.samples = 2
	metrics.recording.level = INFO
	metrics.sample.window.ms = 30000
	partition.assignment.strategy = [class org.apache.kafka.clients.consumer.RangeAssignor, class org.apache.kafka.clients.consumer.CooperativeStickyAssignor]
	receive.buffer.bytes = 65536
	reconnect.backoff.max.ms = 1000
	reconnect.backoff.ms = 50
	request.timeout.ms = 5000
	retry.backoff.max.ms = 1000
	retry.backoff.ms = 100
	sasl.client.callback.handler.class = null
	sasl.jaas.config = null
	sasl.kerberos.kinit.cmd = /usr/bin/kinit
	sasl.kerberos.min.time.before.relogin = 60000
	sasl.kerberos.service.name = null
	sasl.kerberos.ticket.renew.jitter = 0.05
	sasl.kerberos.ticket.renew.window.factor = 0.8
	sasl.login.callback.handler.class = null
	sasl.login.class = null
	sasl.login.connect.timeout.ms = null
	sasl.login.read.timeout.ms = null
	sasl.login.refresh.buffer.seconds = 300
	sasl.login.refresh.min.period.seconds = 60
	sasl.login.refresh.window.factor = 0.8
	sasl.login.refresh.window.jitter = 0.05
	sasl.login.retry.backoff.max.ms = 10000
	sasl.login.retry.backoff.ms = 100
	sasl.mechanism = GSSAPI
	sasl.oauthbearer.clock.skew.seconds = 30
	sasl.oauthbearer.expected.audience = null
	sasl.oauthbearer.expected.issuer = null
	sasl.oauthbearer.header.urlencode = false
	sasl.oauthbearer.jwks.endpoint.refresh.ms = 3600000
	sasl.oauthbearer.jwks.endpoint.retry.backoff.max.ms = 10000
	sasl.oauthbearer.jwks.endpoint.retry.backoff.ms = 100
	sasl.oauthbearer.jwks.endpoint.url = null
	sasl.oauthbearer.scope.claim.name = scope
	sasl.oauthbearer.sub.claim.name = sub
	sasl.oauthbearer.token.endpoint.url = null
	security.protocol = PLAINTEXT
	security.providers = null
	send.buffer.bytes = 131072
	session.timeout.ms = 45000
	socket.connection.setup.timeout.max.ms = 30000
	socket.connection.setup.timeout.ms = 10000
	ssl.cipher.suites = null
	ssl.enabled.protocols = [TLSv1.2, TLSv1.3]
	ssl.endpoint.identification.algorithm = https
	ssl.engine.factory.class = null
	ssl.key.password = null
	ssl.keymanager.algorithm = SunX509
	ssl.keystore.certificate.chain = null
	ssl.keystore.key = null
	ssl.keystore.location = null
	ssl.keystore.password = null
	ssl.keystore.type = JKS
	ssl.protocol = TLSv1.3
	ssl.provider = null
	ssl.secure.random.implementation = null
	ssl.trustmanager.algorithm = PKIX
	ssl.truststore.certificates = null
	ssl.truststore.location = null
	ssl.truststore.password = null
	ssl.truststore.type = JKS
	value.deserializer = class io.apicurio.registry.serde.avro.AvroKafkaDeserializer

2025-08-13 16:42:52,035 INFO  [org.apa.kaf.com.tel.int.KafkaMetricsCollector] (main) initializing Kafka metrics collector
2025-08-13 16:42:52,045 INFO  [org.apa.kaf.cli.con.ConsumerConfig] (main) These configurations '[apicurio.registry.url]' were supplied but are not used yet.
2025-08-13 16:42:52,046 INFO  [org.apa.kaf.com.uti.AppInfoParser] (main) Kafka version: 3.9.1
2025-08-13 16:42:52,046 INFO  [org.apa.kaf.com.uti.AppInfoParser] (main) Kafka commitId: f745dfdcee2b9851
2025-08-13 16:42:52,046 INFO  [org.apa.kaf.com.uti.AppInfoParser] (main) Kafka startTimeMs: 1755103372046
2025-08-13 16:42:52,046 INFO  [org.apa.kaf.cli.con.int.ClassicKafkaConsumer] (Thread-694) [Consumer clientId=consumer-Consumer-topic-4676519d_4053_48ba_a7c4_34b315b2f694-12, groupId=Consumer-topic-4676519d_4053_48ba_a7c4_34b315b2f694] Subscribed to topic(s): topic-4676519d_4053_48ba_a7c4_34b315b2f694
2025-08-13 16:42:52,052 INFO  [org.apa.kaf.cli.Metadata] (Thread-694) [Consumer clientId=consumer-Consumer-topic-4676519d_4053_48ba_a7c4_34b315b2f694-12, groupId=Consumer-topic-4676519d_4053_48ba_a7c4_34b315b2f694] Cluster ID: MGWopiWBQlear_SiqMs63w
2025-08-13 16:42:52,056 INFO  [org.apa.kaf.cli.con.int.ConsumerCoordinator] (Thread-694) [Consumer clientId=consumer-Consumer-topic-4676519d_4053_48ba_a7c4_34b315b2f694-12, groupId=Consumer-topic-4676519d_4053_48ba_a7c4_34b315b2f694] Discovered group coordinator localhost:32769 (id: 2147483647 rack: null)
2025-08-13 16:42:52,062 INFO  [org.apa.kaf.cli.con.int.ConsumerCoordinator] (Thread-694) [Consumer clientId=consumer-Consumer-topic-4676519d_4053_48ba_a7c4_34b315b2f694-12, groupId=Consumer-topic-4676519d_4053_48ba_a7c4_34b315b2f694] (Re-)joining group
2025-08-13 16:42:52,067 INFO  [org.apa.kaf.cli.con.int.ConsumerCoordinator] (Thread-694) [Consumer clientId=consumer-Consumer-topic-4676519d_4053_48ba_a7c4_34b315b2f694-12, groupId=Consumer-topic-4676519d_4053_48ba_a7c4_34b315b2f694] Request joining group due to: need to re-join with the given member-id: consumer-Consumer-topic-4676519d_4053_48ba_a7c4_34b315b2f694-12-7634e345-4cf3-4157-b774-a9560a924bfa
2025-08-13 16:42:52,067 INFO  [org.apa.kaf.cli.con.int.ConsumerCoordinator] (Thread-694) [Consumer clientId=consumer-Consumer-topic-4676519d_4053_48ba_a7c4_34b315b2f694-12, groupId=Consumer-topic-4676519d_4053_48ba_a7c4_34b315b2f694] (Re-)joining group
2025-08-13 16:42:53,046 INFO  [io.api.tes.ser.api.KafkaSerdesTester] (Thread-694) None found
2025-08-13 16:42:54,047 INFO  [io.api.tes.ser.api.KafkaSerdesTester] (Thread-694) None found
2025-08-13 16:42:55,048 INFO  [io.api.tes.ser.api.KafkaSerdesTester] (Thread-694) None found
2025-08-13 16:42:55,070 INFO  [org.apa.kaf.cli.con.int.ConsumerCoordinator] (Thread-694) [Consumer clientId=consumer-Consumer-topic-4676519d_4053_48ba_a7c4_34b315b2f694-12, groupId=Consumer-topic-4676519d_4053_48ba_a7c4_34b315b2f694] Successfully joined group with generation Generation{generationId=5, memberId='consumer-Consumer-topic-4676519d_4053_48ba_a7c4_34b315b2f694-12-7634e345-4cf3-4157-b774-a9560a924bfa', protocol='range'}
2025-08-13 16:42:55,070 INFO  [org.apa.kaf.cli.con.int.ConsumerCoordinator] (Thread-694) [Consumer clientId=consumer-Consumer-topic-4676519d_4053_48ba_a7c4_34b315b2f694-12, groupId=Consumer-topic-4676519d_4053_48ba_a7c4_34b315b2f694] Finished assignment for group at generation 5: {consumer-Consumer-topic-4676519d_4053_48ba_a7c4_34b315b2f694-12-7634e345-4cf3-4157-b774-a9560a924bfa=Assignment(partitions=[topic-4676519d_4053_48ba_a7c4_34b315b2f694-0])}
2025-08-13 16:42:55,077 INFO  [org.apa.kaf.cli.con.int.ConsumerCoordinator] (Thread-694) [Consumer clientId=consumer-Consumer-topic-4676519d_4053_48ba_a7c4_34b315b2f694-12, groupId=Consumer-topic-4676519d_4053_48ba_a7c4_34b315b2f694] Successfully synced group in generation Generation{generationId=5, memberId='consumer-Consumer-topic-4676519d_4053_48ba_a7c4_34b315b2f694-12-7634e345-4cf3-4157-b774-a9560a924bfa', protocol='range'}
2025-08-13 16:42:55,077 INFO  [org.apa.kaf.cli.con.int.ConsumerCoordinator] (Thread-694) [Consumer clientId=consumer-Consumer-topic-4676519d_4053_48ba_a7c4_34b315b2f694-12, groupId=Consumer-topic-4676519d_4053_48ba_a7c4_34b315b2f694] Notifying assignor about the new Assignment(partitions=[topic-4676519d_4053_48ba_a7c4_34b315b2f694-0])
2025-08-13 16:42:55,078 INFO  [org.apa.kaf.cli.con.int.ConsumerRebalanceListenerInvoker] (Thread-694) [Consumer clientId=consumer-Consumer-topic-4676519d_4053_48ba_a7c4_34b315b2f694-12, groupId=Consumer-topic-4676519d_4053_48ba_a7c4_34b315b2f694] Adding newly assigned partitions: topic-4676519d_4053_48ba_a7c4_34b315b2f694-0
2025-08-13 16:42:55,079 INFO  [org.apa.kaf.cli.con.int.ConsumerUtils] (Thread-694) Setting offset for partition topic-4676519d_4053_48ba_a7c4_34b315b2f694-0 to the committed offset FetchPosition{offset=30, offsetEpoch=Optional[0], currentLeader=LeaderAndEpoch{leader=Optional[localhost:32769 (id: 0 rack: null)], epoch=0}}
2025-08-13 16:42:55,141 INFO  [io.api.tes.ser.api.KafkaSerdesTester] (Thread-694) topic-4676519d_4053_48ba_a7c4_34b315b2f694 0 30 {"key11755103361325": "value-0", "key21755103366033": "value-0", "key31755103370782": "value-0"}
2025-08-13 16:42:55,141 INFO  [io.api.tes.ser.api.KafkaSerdesTester] (Thread-694) topic-4676519d_4053_48ba_a7c4_34b315b2f694 0 31 {"key11755103361325": "value-1", "key21755103366033": "value-1", "key31755103370782": "value-1"}
2025-08-13 16:42:55,142 INFO  [io.api.tes.ser.api.KafkaSerdesTester] (Thread-694) topic-4676519d_4053_48ba_a7c4_34b315b2f694 0 32 {"key11755103361325": "value-2", "key21755103366033": "value-2", "key31755103370782": "value-2"}
2025-08-13 16:42:55,142 INFO  [io.api.tes.ser.api.KafkaSerdesTester] (Thread-694) topic-4676519d_4053_48ba_a7c4_34b315b2f694 0 33 {"key11755103361325": "value-3", "key21755103366033": "value-3", "key31755103370782": "value-3"}
2025-08-13 16:42:55,142 INFO  [io.api.tes.ser.api.KafkaSerdesTester] (Thread-694) topic-4676519d_4053_48ba_a7c4_34b315b2f694 0 34 {"key11755103361325": "value-4", "key21755103366033": "value-4", "key31755103370782": "value-4"}
2025-08-13 16:42:55,142 INFO  [io.api.tes.ser.api.KafkaSerdesTester] (Thread-694) topic-4676519d_4053_48ba_a7c4_34b315b2f694 0 35 {"key11755103361325": "value-5", "key21755103366033": "value-5", "key31755103370782": "value-5"}
2025-08-13 16:42:55,142 INFO  [io.api.tes.ser.api.KafkaSerdesTester] (Thread-694) topic-4676519d_4053_48ba_a7c4_34b315b2f694 0 36 {"key11755103361325": "value-6", "key21755103366033": "value-6", "key31755103370782": "value-6"}
2025-08-13 16:42:55,142 INFO  [io.api.tes.ser.api.KafkaSerdesTester] (Thread-694) topic-4676519d_4053_48ba_a7c4_34b315b2f694 0 37 {"key11755103361325": "value-7", "key21755103366033": "value-7", "key31755103370782": "value-7"}
2025-08-13 16:42:55,142 INFO  [io.api.tes.ser.api.KafkaSerdesTester] (Thread-694) topic-4676519d_4053_48ba_a7c4_34b315b2f694 0 38 {"key11755103361325": "value-8", "key21755103366033": "value-8", "key31755103370782": "value-8"}
2025-08-13 16:42:55,142 INFO  [io.api.tes.ser.api.KafkaSerdesTester] (Thread-694) topic-4676519d_4053_48ba_a7c4_34b315b2f694 0 39 {"key11755103361325": "value-9", "key21755103366033": "value-9", "key31755103370782": "value-9"}
2025-08-13 16:42:55,142 INFO  [io.api.tes.ser.api.KafkaSerdesTester] (Thread-694) topic-4676519d_4053_48ba_a7c4_34b315b2f694 0 40 {"key11755103361325": "value-0", "key21755103366033": "value-0"}
2025-08-13 16:42:55,142 INFO  [io.api.tes.ser.api.KafkaSerdesTester] (Thread-694) topic-4676519d_4053_48ba_a7c4_34b315b2f694 0 41 {"key11755103361325": "value-1", "key21755103366033": "value-1"}
2025-08-13 16:42:55,142 INFO  [io.api.tes.ser.api.KafkaSerdesTester] (Thread-694) topic-4676519d_4053_48ba_a7c4_34b315b2f694 0 42 {"key11755103361325": "value-2", "key21755103366033": "value-2"}
2025-08-13 16:42:55,142 INFO  [io.api.tes.ser.api.KafkaSerdesTester] (Thread-694) topic-4676519d_4053_48ba_a7c4_34b315b2f694 0 43 {"key11755103361325": "value-3", "key21755103366033": "value-3"}
2025-08-13 16:42:55,142 INFO  [io.api.tes.ser.api.KafkaSerdesTester] (Thread-694) topic-4676519d_4053_48ba_a7c4_34b315b2f694 0 44 {"key11755103361325": "value-4", "key21755103366033": "value-4"}
2025-08-13 16:42:55,142 INFO  [io.api.tes.ser.api.KafkaSerdesTester] (Thread-694) topic-4676519d_4053_48ba_a7c4_34b315b2f694 0 45 {"key11755103361325": "value-5", "key21755103366033": "value-5"}
2025-08-13 16:42:55,142 INFO  [io.api.tes.ser.api.KafkaSerdesTester] (Thread-694) topic-4676519d_4053_48ba_a7c4_34b315b2f694 0 46 {"key11755103361325": "value-6", "key21755103366033": "value-6"}
2025-08-13 16:42:55,142 INFO  [io.api.tes.ser.api.KafkaSerdesTester] (Thread-694) topic-4676519d_4053_48ba_a7c4_34b315b2f694 0 47 {"key11755103361325": "value-7", "key21755103366033": "value-7"}
2025-08-13 16:42:55,142 INFO  [io.api.tes.ser.api.KafkaSerdesTester] (Thread-694) topic-4676519d_4053_48ba_a7c4_34b315b2f694 0 48 {"key11755103361325": "value-8", "key21755103366033": "value-8"}
2025-08-13 16:42:55,142 INFO  [io.api.tes.ser.api.KafkaSerdesTester] (Thread-694) topic-4676519d_4053_48ba_a7c4_34b315b2f694 0 49 {"key11755103361325": "value-9", "key21755103366033": "value-9"}
2025-08-13 16:42:55,142 INFO  [io.api.tes.ser.api.KafkaSerdesTester] (Thread-694) topic-4676519d_4053_48ba_a7c4_34b315b2f694 0 50 {"key11755103361325": "value-0"}
2025-08-13 16:42:55,142 INFO  [io.api.tes.ser.api.KafkaSerdesTester] (Thread-694) topic-4676519d_4053_48ba_a7c4_34b315b2f694 0 51 {"key11755103361325": "value-1"}
2025-08-13 16:42:55,142 INFO  [io.api.tes.ser.api.KafkaSerdesTester] (Thread-694) topic-4676519d_4053_48ba_a7c4_34b315b2f694 0 52 {"key11755103361325": "value-2"}
2025-08-13 16:42:55,142 INFO  [io.api.tes.ser.api.KafkaSerdesTester] (Thread-694) topic-4676519d_4053_48ba_a7c4_34b315b2f694 0 53 {"key11755103361325": "value-3"}
2025-08-13 16:42:55,142 INFO  [io.api.tes.ser.api.KafkaSerdesTester] (Thread-694) topic-4676519d_4053_48ba_a7c4_34b315b2f694 0 54 {"key11755103361325": "value-4"}
2025-08-13 16:42:55,142 INFO  [io.api.tes.ser.api.KafkaSerdesTester] (Thread-694) topic-4676519d_4053_48ba_a7c4_34b315b2f694 0 55 {"key11755103361325": "value-5"}
2025-08-13 16:42:55,143 INFO  [io.api.tes.ser.api.KafkaSerdesTester] (Thread-694) topic-4676519d_4053_48ba_a7c4_34b315b2f694 0 56 {"key11755103361325": "value-6"}
2025-08-13 16:42:55,143 INFO  [io.api.tes.ser.api.KafkaSerdesTester] (Thread-694) topic-4676519d_4053_48ba_a7c4_34b315b2f694 0 57 {"key11755103361325": "value-7"}
2025-08-13 16:42:55,143 INFO  [io.api.tes.ser.api.KafkaSerdesTester] (Thread-694) topic-4676519d_4053_48ba_a7c4_34b315b2f694 0 58 {"key11755103361325": "value-8"}
2025-08-13 16:42:55,143 INFO  [io.api.tes.ser.api.KafkaSerdesTester] (Thread-694) topic-4676519d_4053_48ba_a7c4_34b315b2f694 0 59 {"key11755103361325": "value-9"}
2025-08-13 16:42:55,143 INFO  [io.api.tes.ser.api.KafkaSerdesTester] (Thread-694) Consumed 30 messages
2025-08-13 16:42:55,151 INFO  [org.apa.kaf.cli.con.int.ConsumerRebalanceListenerInvoker] (Thread-694) [Consumer clientId=consumer-Consumer-topic-4676519d_4053_48ba_a7c4_34b315b2f694-12, groupId=Consumer-topic-4676519d_4053_48ba_a7c4_34b315b2f694] Revoke previously assigned partitions topic-4676519d_4053_48ba_a7c4_34b315b2f694-0
2025-08-13 16:42:55,151 INFO  [org.apa.kaf.cli.con.int.ConsumerCoordinator] (Thread-694) [Consumer clientId=consumer-Consumer-topic-4676519d_4053_48ba_a7c4_34b315b2f694-12, groupId=Consumer-topic-4676519d_4053_48ba_a7c4_34b315b2f694] Member consumer-Consumer-topic-4676519d_4053_48ba_a7c4_34b315b2f694-12-7634e345-4cf3-4157-b774-a9560a924bfa sending LeaveGroup request to coordinator localhost:32769 (id: 2147483647 rack: null) due to the consumer is being closed
2025-08-13 16:42:55,152 INFO  [org.apa.kaf.cli.con.int.ConsumerCoordinator] (Thread-694) [Consumer clientId=consumer-Consumer-topic-4676519d_4053_48ba_a7c4_34b315b2f694-12, groupId=Consumer-topic-4676519d_4053_48ba_a7c4_34b315b2f694] Resetting generation and member id due to: consumer pro-actively leaving the group
2025-08-13 16:42:55,152 INFO  [org.apa.kaf.cli.con.int.ConsumerCoordinator] (Thread-694) [Consumer clientId=consumer-Consumer-topic-4676519d_4053_48ba_a7c4_34b315b2f694-12, groupId=Consumer-topic-4676519d_4053_48ba_a7c4_34b315b2f694] Request joining group due to: consumer pro-actively leaving the group
2025-08-13 16:42:55,644 INFO  [org.apa.kaf.com.met.Metrics] (Thread-694) Metrics scheduler closed
2025-08-13 16:42:55,645 INFO  [org.apa.kaf.com.met.Metrics] (Thread-694) Closing reporter org.apache.kafka.common.metrics.JmxReporter
2025-08-13 16:42:55,645 INFO  [org.apa.kaf.com.met.Metrics] (Thread-694) Closing reporter org.apache.kafka.common.telemetry.internals.ClientTelemetryReporter
2025-08-13 16:42:55,645 INFO  [org.apa.kaf.com.met.Metrics] (Thread-694) Metrics reporters closed
2025-08-13 16:42:55,647 INFO  [org.apa.kaf.com.uti.AppInfoParser] (Thread-694) App info kafka.consumer for consumer-Consumer-topic-4676519d_4053_48ba_a7c4_34b315b2f694-12 unregistered
2025-08-13 16:42:55,647 INFO  [org.apa.kaf.cli.pro.KafkaProducer] (main) [Producer clientId=Producer-topic-4676519d_4053_48ba_a7c4_34b315b2f694] Closing the Kafka producer with timeoutMillis = 9223372036854775807 ms.
2025-08-13 16:42:55,647 INFO  [org.apa.kaf.com.met.Metrics] (main) Metrics scheduler closed
2025-08-13 16:42:55,647 INFO  [org.apa.kaf.com.met.Metrics] (main) Closing reporter org.apache.kafka.common.metrics.JmxReporter
2025-08-13 16:42:55,647 INFO  [org.apa.kaf.com.met.Metrics] (main) Closing reporter org.apache.kafka.common.telemetry.internals.ClientTelemetryReporter
2025-08-13 16:42:55,647 INFO  [org.apa.kaf.com.met.Metrics] (main) Metrics reporters closed
2025-08-13 16:42:55,647 INFO  [org.apa.kaf.com.uti.AppInfoParser] (main) App info kafka.producer for Producer-topic-4676519d_4053_48ba_a7c4_34b315b2f694 unregistered
2025-08-13 16:42:55,648 INFO  [io.api.tes.uti.TestSeparator] (main) io.apicurio.tests.serdes.apicurio.AvroSerdeIT.testEvolveAvroApicurio-FINISHED
2025-08-13 16:42:55,648 INFO  [io.api.tes.uti.TestSeparator] (main) ############################################################################
Test passed: testEvolveAvroApicurio
]]></system-out>
  </testcase>
  <testcase name="testTopicRecordIdStrategydFindLatest" classname="io.apicurio.tests.serdes.apicurio.AvroSerdeIT" time="4.72">
    <system-out><![CDATA[2025-08-13 16:42:55,652 INFO  [io.api.tes.uti.TestSeparator] (main) ############################################################################
2025-08-13 16:42:55,652 INFO  [io.api.tes.uti.TestSeparator] (main) io.apicurio.tests.serdes.apicurio.AvroSerdeIT.testTopicRecordIdStrategydFindLatest-STARTED
2025-08-13 16:42:55,653 INFO  [io.api.tes.ser.api.AvroSerdeIT] (main) Registering Avro Schema: {"type":"record","name":"s4eb5ab2ex8a24x47ebxb179xc3b0f82ef1ff","namespace":"sb6ce3a80x0076x4094xbd23xb47d331ed9b4","fields":[{"name":"key11755103375652","type":"string"}]}
**** Registry Base URL: http://registry-app-ksql047.apps.ci419.apicurio-testing.org:80
2025-08-13 16:42:56,716 INFO  [org.apa.kaf.cli.pro.ProducerConfig] (main) ProducerConfig values: 
	acks = -1
	auto.include.jmx.reporter = true
	batch.size = 16384
	bootstrap.servers = [PLAINTEXT://localhost:32769]
	buffer.memory = 33554432
	client.dns.lookup = use_all_dns_ips
	client.id = Producer-topic-a476b74c_38a1_4d4d_9707_ae87332a7666
	compression.gzip.level = -1
	compression.lz4.level = 9
	compression.type = none
	compression.zstd.level = 3
	connections.max.idle.ms = 10000
	delivery.timeout.ms = 120000
	enable.idempotence = true
	enable.metrics.push = true
	interceptor.classes = []
	key.serializer = class org.apache.kafka.common.serialization.StringSerializer
	linger.ms = 0
	max.block.ms = 60000
	max.in.flight.requests.per.connection = 5
	max.request.size = 1048576
	metadata.max.age.ms = 300000
	metadata.max.idle.ms = 300000
	metadata.recovery.strategy = none
	metric.reporters = []
	metrics.num.samples = 2
	metrics.recording.level = INFO
	metrics.sample.window.ms = 30000
	partitioner.adaptive.partitioning.enable = true
	partitioner.availability.timeout.ms = 0
	partitioner.class = null
	partitioner.ignore.keys = false
	receive.buffer.bytes = 32768
	reconnect.backoff.max.ms = 1000
	reconnect.backoff.ms = 50
	request.timeout.ms = 5000
	retries = 2147483647
	retry.backoff.max.ms = 1000
	retry.backoff.ms = 100
	sasl.client.callback.handler.class = null
	sasl.jaas.config = null
	sasl.kerberos.kinit.cmd = /usr/bin/kinit
	sasl.kerberos.min.time.before.relogin = 60000
	sasl.kerberos.service.name = null
	sasl.kerberos.ticket.renew.jitter = 0.05
	sasl.kerberos.ticket.renew.window.factor = 0.8
	sasl.login.callback.handler.class = null
	sasl.login.class = null
	sasl.login.connect.timeout.ms = null
	sasl.login.read.timeout.ms = null
	sasl.login.refresh.buffer.seconds = 300
	sasl.login.refresh.min.period.seconds = 60
	sasl.login.refresh.window.factor = 0.8
	sasl.login.refresh.window.jitter = 0.05
	sasl.login.retry.backoff.max.ms = 10000
	sasl.login.retry.backoff.ms = 100
	sasl.mechanism = GSSAPI
	sasl.oauthbearer.clock.skew.seconds = 30
	sasl.oauthbearer.expected.audience = null
	sasl.oauthbearer.expected.issuer = null
	sasl.oauthbearer.header.urlencode = false
	sasl.oauthbearer.jwks.endpoint.refresh.ms = 3600000
	sasl.oauthbearer.jwks.endpoint.retry.backoff.max.ms = 10000
	sasl.oauthbearer.jwks.endpoint.retry.backoff.ms = 100
	sasl.oauthbearer.jwks.endpoint.url = null
	sasl.oauthbearer.scope.claim.name = scope
	sasl.oauthbearer.sub.claim.name = sub
	sasl.oauthbearer.token.endpoint.url = null
	security.protocol = PLAINTEXT
	security.providers = null
	send.buffer.bytes = 131072
	socket.connection.setup.timeout.max.ms = 30000
	socket.connection.setup.timeout.ms = 10000
	ssl.cipher.suites = null
	ssl.enabled.protocols = [TLSv1.2, TLSv1.3]
	ssl.endpoint.identification.algorithm = https
	ssl.engine.factory.class = null
	ssl.key.password = null
	ssl.keymanager.algorithm = SunX509
	ssl.keystore.certificate.chain = null
	ssl.keystore.key = null
	ssl.keystore.location = null
	ssl.keystore.password = null
	ssl.keystore.type = JKS
	ssl.protocol = TLSv1.3
	ssl.provider = null
	ssl.secure.random.implementation = null
	ssl.trustmanager.algorithm = PKIX
	ssl.truststore.certificates = null
	ssl.truststore.location = null
	ssl.truststore.password = null
	ssl.truststore.type = JKS
	transaction.timeout.ms = 60000
	transactional.id = null
	value.serializer = class io.apicurio.registry.serde.avro.AvroKafkaSerializer

2025-08-13 16:42:56,716 INFO  [org.apa.kaf.com.tel.int.KafkaMetricsCollector] (main) initializing Kafka metrics collector
2025-08-13 16:42:56,719 INFO  [org.apa.kaf.cli.pro.KafkaProducer] (main) [Producer clientId=Producer-topic-a476b74c_38a1_4d4d_9707_ae87332a7666] Instantiated an idempotent producer.
2025-08-13 16:42:56,721 INFO  [org.apa.kaf.cli.pro.ProducerConfig] (main) These configurations '[apicurio.registry.find-latest, apicurio.registry.url, apicurio.registry.artifact-resolver-strategy]' were supplied but are not used yet.
2025-08-13 16:42:56,721 INFO  [org.apa.kaf.com.uti.AppInfoParser] (main) Kafka version: 3.9.1
2025-08-13 16:42:56,721 INFO  [org.apa.kaf.com.uti.AppInfoParser] (main) Kafka commitId: f745dfdcee2b9851
2025-08-13 16:42:56,721 INFO  [org.apa.kaf.com.uti.AppInfoParser] (main) Kafka startTimeMs: 1755103376721
2025-08-13 16:42:56,721 INFO  [io.api.tes.ser.api.SimpleSerdesTesterBuilder$SimpleSerdesTester] (main) Using producer configuration: {apicurio.registry.find-latest=true, apicurio.registry.url=http://registry-app-ksql047.apps.ci419.apicurio-testing.org:80/apis/registry/v3, apicurio.registry.artifact-resolver-strategy=io.apicurio.registry.serde.avro.strategy.TopicRecordIdStrategy, value.serializer=io.apicurio.registry.serde.avro.AvroKafkaSerializer, request.timeout.ms=5000, acks=all, bootstrap.servers=PLAINTEXT://localhost:32769, connections.max.idle.ms=10000, key.serializer=org.apache.kafka.common.serialization.StringSerializer, client.id=Producer-topic-a476b74c_38a1_4d4d_9707_ae87332a7666}
2025-08-13 16:42:56,721 INFO  [io.api.tes.ser.api.SimpleSerdesTesterBuilder$SimpleSerdesTester] (main) Using consumer configuration: {}
2025-08-13 16:42:56,722 INFO  [io.api.tes.ser.api.KafkaSerdesTester] (Thread-697) Sending message {"key11755103375652": "value-0"} to topic topic-a476b74c_38a1_4d4d_9707_ae87332a7666
2025-08-13 16:42:56,725 INFO  [org.apa.kaf.cli.Metadata] (kafka-producer-network-thread | Producer-topic-a476b74c_38a1_4d4d_9707_ae87332a7666) [Producer clientId=Producer-topic-a476b74c_38a1_4d4d_9707_ae87332a7666] Cluster ID: MGWopiWBQlear_SiqMs63w
2025-08-13 16:42:56,726 INFO  [org.apa.kaf.cli.pro.int.TransactionManager] (kafka-producer-network-thread | Producer-topic-a476b74c_38a1_4d4d_9707_ae87332a7666) [Producer clientId=Producer-topic-a476b74c_38a1_4d4d_9707_ae87332a7666] ProducerId set to 18 with epoch 0
2025-08-13 16:42:56,760 INFO  [io.api.tes.ser.api.KafkaSerdesTester] (Thread-697) Sending message {"key11755103375652": "value-1"} to topic topic-a476b74c_38a1_4d4d_9707_ae87332a7666
2025-08-13 16:42:56,762 INFO  [io.api.tes.ser.api.KafkaSerdesTester] (Thread-697) Sending message {"key11755103375652": "value-2"} to topic topic-a476b74c_38a1_4d4d_9707_ae87332a7666
2025-08-13 16:42:56,764 INFO  [io.api.tes.ser.api.KafkaSerdesTester] (Thread-697) Sending message {"key11755103375652": "value-3"} to topic topic-a476b74c_38a1_4d4d_9707_ae87332a7666
2025-08-13 16:42:56,765 INFO  [io.api.tes.ser.api.KafkaSerdesTester] (Thread-697) Sending message {"key11755103375652": "value-4"} to topic topic-a476b74c_38a1_4d4d_9707_ae87332a7666
2025-08-13 16:42:56,768 INFO  [io.api.tes.ser.api.KafkaSerdesTester] (Thread-697) Sending message {"key11755103375652": "value-5"} to topic topic-a476b74c_38a1_4d4d_9707_ae87332a7666
2025-08-13 16:42:56,769 INFO  [io.api.tes.ser.api.KafkaSerdesTester] (Thread-697) Sending message {"key11755103375652": "value-6"} to topic topic-a476b74c_38a1_4d4d_9707_ae87332a7666
2025-08-13 16:42:56,771 INFO  [io.api.tes.ser.api.KafkaSerdesTester] (Thread-697) Sending message {"key11755103375652": "value-7"} to topic topic-a476b74c_38a1_4d4d_9707_ae87332a7666
2025-08-13 16:42:56,772 INFO  [io.api.tes.ser.api.KafkaSerdesTester] (Thread-697) Sending message {"key11755103375652": "value-8"} to topic topic-a476b74c_38a1_4d4d_9707_ae87332a7666
2025-08-13 16:42:56,774 INFO  [io.api.tes.ser.api.KafkaSerdesTester] (Thread-697) Sending message {"key11755103375652": "value-9"} to topic topic-a476b74c_38a1_4d4d_9707_ae87332a7666
2025-08-13 16:42:56,776 INFO  [io.api.tes.ser.api.KafkaSerdesTester] (Thread-697) Produced 10 messages
2025-08-13 16:42:56,776 INFO  [org.apa.kaf.cli.pro.KafkaProducer] (Thread-697) [Producer clientId=Producer-topic-a476b74c_38a1_4d4d_9707_ae87332a7666] Closing the Kafka producer with timeoutMillis = 9223372036854775807 ms.
2025-08-13 16:42:56,780 INFO  [org.apa.kaf.com.met.Metrics] (Thread-697) Metrics scheduler closed
2025-08-13 16:42:56,780 INFO  [org.apa.kaf.com.met.Metrics] (Thread-697) Closing reporter org.apache.kafka.common.metrics.JmxReporter
2025-08-13 16:42:56,780 INFO  [org.apa.kaf.com.met.Metrics] (Thread-697) Closing reporter org.apache.kafka.common.telemetry.internals.ClientTelemetryReporter
2025-08-13 16:42:56,780 INFO  [org.apa.kaf.com.met.Metrics] (Thread-697) Metrics reporters closed
2025-08-13 16:42:56,780 INFO  [org.apa.kaf.com.uti.AppInfoParser] (Thread-697) App info kafka.producer for Producer-topic-a476b74c_38a1_4d4d_9707_ae87332a7666 unregistered
**** Registry Base URL: http://registry-app-ksql047.apps.ci419.apicurio-testing.org:80
2025-08-13 16:42:56,782 INFO  [org.apa.kaf.cli.con.ConsumerConfig] (main) ConsumerConfig values: 
	allow.auto.create.topics = true
	auto.commit.interval.ms = 500
	auto.include.jmx.reporter = true
	auto.offset.reset = earliest
	bootstrap.servers = [PLAINTEXT://localhost:32769]
	check.crcs = true
	client.dns.lookup = use_all_dns_ips
	client.id = consumer-Consumer-topic-a476b74c_38a1_4d4d_9707_ae87332a7666-13
	client.rack = 
	connections.max.idle.ms = 10000
	default.api.timeout.ms = 60000
	enable.auto.commit = true
	enable.metrics.push = true
	exclude.internal.topics = true
	fetch.max.bytes = 52428800
	fetch.max.wait.ms = 500
	fetch.min.bytes = 1
	group.id = Consumer-topic-a476b74c_38a1_4d4d_9707_ae87332a7666
	group.instance.id = null
	group.protocol = classic
	group.remote.assignor = null
	heartbeat.interval.ms = 3000
	interceptor.classes = []
	internal.leave.group.on.close = true
	internal.throw.on.fetch.stable.offset.unsupported = false
	isolation.level = read_uncommitted
	key.deserializer = class org.apache.kafka.common.serialization.StringDeserializer
	max.partition.fetch.bytes = 1048576
	max.poll.interval.ms = 300000
	max.poll.records = 500
	metadata.max.age.ms = 300000
	metadata.recovery.strategy = none
	metric.reporters = []
	metrics.num.samples = 2
	metrics.recording.level = INFO
	metrics.sample.window.ms = 30000
	partition.assignment.strategy = [class org.apache.kafka.clients.consumer.RangeAssignor, class org.apache.kafka.clients.consumer.CooperativeStickyAssignor]
	receive.buffer.bytes = 65536
	reconnect.backoff.max.ms = 1000
	reconnect.backoff.ms = 50
	request.timeout.ms = 5000
	retry.backoff.max.ms = 1000
	retry.backoff.ms = 100
	sasl.client.callback.handler.class = null
	sasl.jaas.config = null
	sasl.kerberos.kinit.cmd = /usr/bin/kinit
	sasl.kerberos.min.time.before.relogin = 60000
	sasl.kerberos.service.name = null
	sasl.kerberos.ticket.renew.jitter = 0.05
	sasl.kerberos.ticket.renew.window.factor = 0.8
	sasl.login.callback.handler.class = null
	sasl.login.class = null
	sasl.login.connect.timeout.ms = null
	sasl.login.read.timeout.ms = null
	sasl.login.refresh.buffer.seconds = 300
	sasl.login.refresh.min.period.seconds = 60
	sasl.login.refresh.window.factor = 0.8
	sasl.login.refresh.window.jitter = 0.05
	sasl.login.retry.backoff.max.ms = 10000
	sasl.login.retry.backoff.ms = 100
	sasl.mechanism = GSSAPI
	sasl.oauthbearer.clock.skew.seconds = 30
	sasl.oauthbearer.expected.audience = null
	sasl.oauthbearer.expected.issuer = null
	sasl.oauthbearer.header.urlencode = false
	sasl.oauthbearer.jwks.endpoint.refresh.ms = 3600000
	sasl.oauthbearer.jwks.endpoint.retry.backoff.max.ms = 10000
	sasl.oauthbearer.jwks.endpoint.retry.backoff.ms = 100
	sasl.oauthbearer.jwks.endpoint.url = null
	sasl.oauthbearer.scope.claim.name = scope
	sasl.oauthbearer.sub.claim.name = sub
	sasl.oauthbearer.token.endpoint.url = null
	security.protocol = PLAINTEXT
	security.providers = null
	send.buffer.bytes = 131072
	session.timeout.ms = 45000
	socket.connection.setup.timeout.max.ms = 30000
	socket.connection.setup.timeout.ms = 10000
	ssl.cipher.suites = null
	ssl.enabled.protocols = [TLSv1.2, TLSv1.3]
	ssl.endpoint.identification.algorithm = https
	ssl.engine.factory.class = null
	ssl.key.password = null
	ssl.keymanager.algorithm = SunX509
	ssl.keystore.certificate.chain = null
	ssl.keystore.key = null
	ssl.keystore.location = null
	ssl.keystore.password = null
	ssl.keystore.type = JKS
	ssl.protocol = TLSv1.3
	ssl.provider = null
	ssl.secure.random.implementation = null
	ssl.trustmanager.algorithm = PKIX
	ssl.truststore.certificates = null
	ssl.truststore.location = null
	ssl.truststore.password = null
	ssl.truststore.type = JKS
	value.deserializer = class io.apicurio.registry.serde.avro.AvroKafkaDeserializer

2025-08-13 16:42:56,782 INFO  [org.apa.kaf.com.tel.int.KafkaMetricsCollector] (main) initializing Kafka metrics collector
2025-08-13 16:42:56,801 INFO  [org.apa.kaf.cli.con.ConsumerConfig] (main) These configurations '[apicurio.registry.url]' were supplied but are not used yet.
2025-08-13 16:42:56,801 INFO  [org.apa.kaf.com.uti.AppInfoParser] (main) Kafka version: 3.9.1
2025-08-13 16:42:56,801 INFO  [org.apa.kaf.com.uti.AppInfoParser] (main) Kafka commitId: f745dfdcee2b9851
2025-08-13 16:42:56,801 INFO  [org.apa.kaf.com.uti.AppInfoParser] (main) Kafka startTimeMs: 1755103376801
2025-08-13 16:42:56,803 INFO  [org.apa.kaf.cli.con.int.ClassicKafkaConsumer] (Thread-700) [Consumer clientId=consumer-Consumer-topic-a476b74c_38a1_4d4d_9707_ae87332a7666-13, groupId=Consumer-topic-a476b74c_38a1_4d4d_9707_ae87332a7666] Subscribed to topic(s): topic-a476b74c_38a1_4d4d_9707_ae87332a7666
2025-08-13 16:42:56,808 INFO  [org.apa.kaf.cli.Metadata] (Thread-700) [Consumer clientId=consumer-Consumer-topic-a476b74c_38a1_4d4d_9707_ae87332a7666-13, groupId=Consumer-topic-a476b74c_38a1_4d4d_9707_ae87332a7666] Cluster ID: MGWopiWBQlear_SiqMs63w
2025-08-13 16:42:56,811 INFO  [org.apa.kaf.cli.con.int.ConsumerCoordinator] (Thread-700) [Consumer clientId=consumer-Consumer-topic-a476b74c_38a1_4d4d_9707_ae87332a7666-13, groupId=Consumer-topic-a476b74c_38a1_4d4d_9707_ae87332a7666] Discovered group coordinator localhost:32769 (id: 2147483647 rack: null)
2025-08-13 16:42:56,813 INFO  [org.apa.kaf.cli.con.int.ConsumerCoordinator] (Thread-700) [Consumer clientId=consumer-Consumer-topic-a476b74c_38a1_4d4d_9707_ae87332a7666-13, groupId=Consumer-topic-a476b74c_38a1_4d4d_9707_ae87332a7666] (Re-)joining group
2025-08-13 16:42:56,819 INFO  [org.apa.kaf.cli.con.int.ConsumerCoordinator] (Thread-700) [Consumer clientId=consumer-Consumer-topic-a476b74c_38a1_4d4d_9707_ae87332a7666-13, groupId=Consumer-topic-a476b74c_38a1_4d4d_9707_ae87332a7666] Request joining group due to: need to re-join with the given member-id: consumer-Consumer-topic-a476b74c_38a1_4d4d_9707_ae87332a7666-13-ac5a2865-269a-4463-afc0-0f1c55bcd268
2025-08-13 16:42:56,820 INFO  [org.apa.kaf.cli.con.int.ConsumerCoordinator] (Thread-700) [Consumer clientId=consumer-Consumer-topic-a476b74c_38a1_4d4d_9707_ae87332a7666-13, groupId=Consumer-topic-a476b74c_38a1_4d4d_9707_ae87332a7666] (Re-)joining group
2025-08-13 16:42:57,804 INFO  [io.api.tes.ser.api.KafkaSerdesTester] (Thread-700) None found
2025-08-13 16:42:58,804 INFO  [io.api.tes.ser.api.KafkaSerdesTester] (Thread-700) None found
2025-08-13 16:42:59,805 INFO  [io.api.tes.ser.api.KafkaSerdesTester] (Thread-700) None found
2025-08-13 16:42:59,822 INFO  [org.apa.kaf.cli.con.int.ConsumerCoordinator] (Thread-700) [Consumer clientId=consumer-Consumer-topic-a476b74c_38a1_4d4d_9707_ae87332a7666-13, groupId=Consumer-topic-a476b74c_38a1_4d4d_9707_ae87332a7666] Successfully joined group with generation Generation{generationId=1, memberId='consumer-Consumer-topic-a476b74c_38a1_4d4d_9707_ae87332a7666-13-ac5a2865-269a-4463-afc0-0f1c55bcd268', protocol='range'}
2025-08-13 16:42:59,822 INFO  [org.apa.kaf.cli.con.int.ConsumerCoordinator] (Thread-700) [Consumer clientId=consumer-Consumer-topic-a476b74c_38a1_4d4d_9707_ae87332a7666-13, groupId=Consumer-topic-a476b74c_38a1_4d4d_9707_ae87332a7666] Finished assignment for group at generation 1: {consumer-Consumer-topic-a476b74c_38a1_4d4d_9707_ae87332a7666-13-ac5a2865-269a-4463-afc0-0f1c55bcd268=Assignment(partitions=[topic-a476b74c_38a1_4d4d_9707_ae87332a7666-0])}
2025-08-13 16:42:59,829 INFO  [org.apa.kaf.cli.con.int.ConsumerCoordinator] (Thread-700) [Consumer clientId=consumer-Consumer-topic-a476b74c_38a1_4d4d_9707_ae87332a7666-13, groupId=Consumer-topic-a476b74c_38a1_4d4d_9707_ae87332a7666] Successfully synced group in generation Generation{generationId=1, memberId='consumer-Consumer-topic-a476b74c_38a1_4d4d_9707_ae87332a7666-13-ac5a2865-269a-4463-afc0-0f1c55bcd268', protocol='range'}
2025-08-13 16:42:59,829 INFO  [org.apa.kaf.cli.con.int.ConsumerCoordinator] (Thread-700) [Consumer clientId=consumer-Consumer-topic-a476b74c_38a1_4d4d_9707_ae87332a7666-13, groupId=Consumer-topic-a476b74c_38a1_4d4d_9707_ae87332a7666] Notifying assignor about the new Assignment(partitions=[topic-a476b74c_38a1_4d4d_9707_ae87332a7666-0])
2025-08-13 16:42:59,829 INFO  [org.apa.kaf.cli.con.int.ConsumerRebalanceListenerInvoker] (Thread-700) [Consumer clientId=consumer-Consumer-topic-a476b74c_38a1_4d4d_9707_ae87332a7666-13, groupId=Consumer-topic-a476b74c_38a1_4d4d_9707_ae87332a7666] Adding newly assigned partitions: topic-a476b74c_38a1_4d4d_9707_ae87332a7666-0
2025-08-13 16:42:59,830 INFO  [org.apa.kaf.cli.con.int.ConsumerCoordinator] (Thread-700) [Consumer clientId=consumer-Consumer-topic-a476b74c_38a1_4d4d_9707_ae87332a7666-13, groupId=Consumer-topic-a476b74c_38a1_4d4d_9707_ae87332a7666] Found no committed offset for partition topic-a476b74c_38a1_4d4d_9707_ae87332a7666-0
2025-08-13 16:42:59,834 INFO  [org.apa.kaf.cli.con.int.SubscriptionState] (Thread-700) [Consumer clientId=consumer-Consumer-topic-a476b74c_38a1_4d4d_9707_ae87332a7666-13, groupId=Consumer-topic-a476b74c_38a1_4d4d_9707_ae87332a7666] Resetting offset for partition topic-a476b74c_38a1_4d4d_9707_ae87332a7666-0 to position FetchPosition{offset=0, offsetEpoch=Optional.empty, currentLeader=LeaderAndEpoch{leader=Optional[localhost:32769 (id: 0 rack: null)], epoch=0}}.
2025-08-13 16:42:59,862 INFO  [io.api.tes.ser.api.KafkaSerdesTester] (Thread-700) topic-a476b74c_38a1_4d4d_9707_ae87332a7666 0 0 {"key11755103375652": "value-0"}
2025-08-13 16:42:59,862 INFO  [io.api.tes.ser.api.KafkaSerdesTester] (Thread-700) topic-a476b74c_38a1_4d4d_9707_ae87332a7666 0 1 {"key11755103375652": "value-1"}
2025-08-13 16:42:59,862 INFO  [io.api.tes.ser.api.KafkaSerdesTester] (Thread-700) topic-a476b74c_38a1_4d4d_9707_ae87332a7666 0 2 {"key11755103375652": "value-2"}
2025-08-13 16:42:59,862 INFO  [io.api.tes.ser.api.KafkaSerdesTester] (Thread-700) topic-a476b74c_38a1_4d4d_9707_ae87332a7666 0 3 {"key11755103375652": "value-3"}
2025-08-13 16:42:59,862 INFO  [io.api.tes.ser.api.KafkaSerdesTester] (Thread-700) topic-a476b74c_38a1_4d4d_9707_ae87332a7666 0 4 {"key11755103375652": "value-4"}
2025-08-13 16:42:59,862 INFO  [io.api.tes.ser.api.KafkaSerdesTester] (Thread-700) topic-a476b74c_38a1_4d4d_9707_ae87332a7666 0 5 {"key11755103375652": "value-5"}
2025-08-13 16:42:59,862 INFO  [io.api.tes.ser.api.KafkaSerdesTester] (Thread-700) topic-a476b74c_38a1_4d4d_9707_ae87332a7666 0 6 {"key11755103375652": "value-6"}
2025-08-13 16:42:59,862 INFO  [io.api.tes.ser.api.KafkaSerdesTester] (Thread-700) topic-a476b74c_38a1_4d4d_9707_ae87332a7666 0 7 {"key11755103375652": "value-7"}
2025-08-13 16:42:59,862 INFO  [io.api.tes.ser.api.KafkaSerdesTester] (Thread-700) topic-a476b74c_38a1_4d4d_9707_ae87332a7666 0 8 {"key11755103375652": "value-8"}
2025-08-13 16:42:59,862 INFO  [io.api.tes.ser.api.KafkaSerdesTester] (Thread-700) topic-a476b74c_38a1_4d4d_9707_ae87332a7666 0 9 {"key11755103375652": "value-9"}
2025-08-13 16:42:59,862 INFO  [io.api.tes.ser.api.KafkaSerdesTester] (Thread-700) Consumed 10 messages
2025-08-13 16:42:59,868 INFO  [org.apa.kaf.cli.con.int.ConsumerRebalanceListenerInvoker] (Thread-700) [Consumer clientId=consumer-Consumer-topic-a476b74c_38a1_4d4d_9707_ae87332a7666-13, groupId=Consumer-topic-a476b74c_38a1_4d4d_9707_ae87332a7666] Revoke previously assigned partitions topic-a476b74c_38a1_4d4d_9707_ae87332a7666-0
2025-08-13 16:42:59,868 INFO  [org.apa.kaf.cli.con.int.ConsumerCoordinator] (Thread-700) [Consumer clientId=consumer-Consumer-topic-a476b74c_38a1_4d4d_9707_ae87332a7666-13, groupId=Consumer-topic-a476b74c_38a1_4d4d_9707_ae87332a7666] Member consumer-Consumer-topic-a476b74c_38a1_4d4d_9707_ae87332a7666-13-ac5a2865-269a-4463-afc0-0f1c55bcd268 sending LeaveGroup request to coordinator localhost:32769 (id: 2147483647 rack: null) due to the consumer is being closed
2025-08-13 16:42:59,869 INFO  [org.apa.kaf.cli.con.int.ConsumerCoordinator] (Thread-700) [Consumer clientId=consumer-Consumer-topic-a476b74c_38a1_4d4d_9707_ae87332a7666-13, groupId=Consumer-topic-a476b74c_38a1_4d4d_9707_ae87332a7666] Resetting generation and member id due to: consumer pro-actively leaving the group
2025-08-13 16:42:59,869 INFO  [org.apa.kaf.cli.con.int.ConsumerCoordinator] (Thread-700) [Consumer clientId=consumer-Consumer-topic-a476b74c_38a1_4d4d_9707_ae87332a7666-13, groupId=Consumer-topic-a476b74c_38a1_4d4d_9707_ae87332a7666] Request joining group due to: consumer pro-actively leaving the group
2025-08-13 16:43:00,366 INFO  [org.apa.kaf.com.met.Metrics] (Thread-700) Metrics scheduler closed
2025-08-13 16:43:00,366 INFO  [org.apa.kaf.com.met.Metrics] (Thread-700) Closing reporter org.apache.kafka.common.metrics.JmxReporter
2025-08-13 16:43:00,366 INFO  [org.apa.kaf.com.met.Metrics] (Thread-700) Closing reporter org.apache.kafka.common.telemetry.internals.ClientTelemetryReporter
2025-08-13 16:43:00,366 INFO  [org.apa.kaf.com.met.Metrics] (Thread-700) Metrics reporters closed
2025-08-13 16:43:00,368 INFO  [org.apa.kaf.com.uti.AppInfoParser] (Thread-700) App info kafka.consumer for consumer-Consumer-topic-a476b74c_38a1_4d4d_9707_ae87332a7666-13 unregistered
2025-08-13 16:43:00,368 INFO  [io.api.tes.uti.TestSeparator] (main) io.apicurio.tests.serdes.apicurio.AvroSerdeIT.testTopicRecordIdStrategydFindLatest-FINISHED
2025-08-13 16:43:00,368 INFO  [io.api.tes.uti.TestSeparator] (main) ############################################################################
Test passed: testTopicRecordIdStrategydFindLatest
]]></system-out>
  </testcase>
  <testcase name="testAvroConfluentForMultipleTopics" classname="io.apicurio.tests.serdes.apicurio.AvroSerdeIT" time="11.979">
    <system-out><![CDATA[2025-08-13 16:43:00,371 INFO  [io.api.tes.uti.TestSeparator] (main) ############################################################################
2025-08-13 16:43:00,371 INFO  [io.api.tes.uti.TestSeparator] (main) io.apicurio.tests.serdes.apicurio.AvroSerdeIT.testAvroConfluentForMultipleTopics-STARTED
2025-08-13 16:43:00,373 INFO  [io.api.tes.ser.api.AvroSerdeIT] (main) Registering Avro Schema: {"type":"record","name":"myrecordconfluent","fields":[{"name":"key11755103380372","type":"string"}]}
**** Registry Base URL: http://registry-app-ksql047.apps.ci419.apicurio-testing.org:80
2025-08-13 16:43:01,434 INFO  [org.apa.kaf.cli.pro.ProducerConfig] (main) ProducerConfig values: 
	acks = -1
	auto.include.jmx.reporter = true
	batch.size = 16384
	bootstrap.servers = [PLAINTEXT://localhost:32769]
	buffer.memory = 33554432
	client.dns.lookup = use_all_dns_ips
	client.id = Producer-topic-b9fee0be_d71b_4266_8481_003f71ffda4a
	compression.gzip.level = -1
	compression.lz4.level = 9
	compression.type = none
	compression.zstd.level = 3
	connections.max.idle.ms = 10000
	delivery.timeout.ms = 120000
	enable.idempotence = true
	enable.metrics.push = true
	interceptor.classes = []
	key.serializer = class org.apache.kafka.common.serialization.StringSerializer
	linger.ms = 0
	max.block.ms = 60000
	max.in.flight.requests.per.connection = 5
	max.request.size = 1048576
	metadata.max.age.ms = 300000
	metadata.max.idle.ms = 300000
	metadata.recovery.strategy = none
	metric.reporters = []
	metrics.num.samples = 2
	metrics.recording.level = INFO
	metrics.sample.window.ms = 30000
	partitioner.adaptive.partitioning.enable = true
	partitioner.availability.timeout.ms = 0
	partitioner.class = null
	partitioner.ignore.keys = false
	receive.buffer.bytes = 32768
	reconnect.backoff.max.ms = 1000
	reconnect.backoff.ms = 50
	request.timeout.ms = 5000
	retries = 2147483647
	retry.backoff.max.ms = 1000
	retry.backoff.ms = 100
	sasl.client.callback.handler.class = null
	sasl.jaas.config = null
	sasl.kerberos.kinit.cmd = /usr/bin/kinit
	sasl.kerberos.min.time.before.relogin = 60000
	sasl.kerberos.service.name = null
	sasl.kerberos.ticket.renew.jitter = 0.05
	sasl.kerberos.ticket.renew.window.factor = 0.8
	sasl.login.callback.handler.class = null
	sasl.login.class = null
	sasl.login.connect.timeout.ms = null
	sasl.login.read.timeout.ms = null
	sasl.login.refresh.buffer.seconds = 300
	sasl.login.refresh.min.period.seconds = 60
	sasl.login.refresh.window.factor = 0.8
	sasl.login.refresh.window.jitter = 0.05
	sasl.login.retry.backoff.max.ms = 10000
	sasl.login.retry.backoff.ms = 100
	sasl.mechanism = GSSAPI
	sasl.oauthbearer.clock.skew.seconds = 30
	sasl.oauthbearer.expected.audience = null
	sasl.oauthbearer.expected.issuer = null
	sasl.oauthbearer.header.urlencode = false
	sasl.oauthbearer.jwks.endpoint.refresh.ms = 3600000
	sasl.oauthbearer.jwks.endpoint.retry.backoff.max.ms = 10000
	sasl.oauthbearer.jwks.endpoint.retry.backoff.ms = 100
	sasl.oauthbearer.jwks.endpoint.url = null
	sasl.oauthbearer.scope.claim.name = scope
	sasl.oauthbearer.sub.claim.name = sub
	sasl.oauthbearer.token.endpoint.url = null
	security.protocol = PLAINTEXT
	security.providers = null
	send.buffer.bytes = 131072
	socket.connection.setup.timeout.max.ms = 30000
	socket.connection.setup.timeout.ms = 10000
	ssl.cipher.suites = null
	ssl.enabled.protocols = [TLSv1.2, TLSv1.3]
	ssl.endpoint.identification.algorithm = https
	ssl.engine.factory.class = null
	ssl.key.password = null
	ssl.keymanager.algorithm = SunX509
	ssl.keystore.certificate.chain = null
	ssl.keystore.key = null
	ssl.keystore.location = null
	ssl.keystore.password = null
	ssl.keystore.type = JKS
	ssl.protocol = TLSv1.3
	ssl.provider = null
	ssl.secure.random.implementation = null
	ssl.trustmanager.algorithm = PKIX
	ssl.truststore.certificates = null
	ssl.truststore.location = null
	ssl.truststore.password = null
	ssl.truststore.type = JKS
	transaction.timeout.ms = 60000
	transactional.id = null
	value.serializer = class io.apicurio.registry.serde.avro.AvroKafkaSerializer

2025-08-13 16:43:01,435 INFO  [org.apa.kaf.com.tel.int.KafkaMetricsCollector] (main) initializing Kafka metrics collector
2025-08-13 16:43:01,437 INFO  [org.apa.kaf.cli.pro.KafkaProducer] (main) [Producer clientId=Producer-topic-b9fee0be_d71b_4266_8481_003f71ffda4a] Instantiated an idempotent producer.
2025-08-13 16:43:01,441 INFO  [org.apa.kaf.cli.pro.ProducerConfig] (main) These configurations '[apicurio.registry.url, apicurio.registry.artifact-resolver-strategy]' were supplied but are not used yet.
2025-08-13 16:43:01,441 INFO  [org.apa.kaf.com.uti.AppInfoParser] (main) Kafka version: 3.9.1
2025-08-13 16:43:01,441 INFO  [org.apa.kaf.com.uti.AppInfoParser] (main) Kafka commitId: f745dfdcee2b9851
2025-08-13 16:43:01,441 INFO  [org.apa.kaf.com.uti.AppInfoParser] (main) Kafka startTimeMs: 1755103381441
**** Registry Base URL: http://registry-app-ksql047.apps.ci419.apicurio-testing.org:80
2025-08-13 16:43:01,442 INFO  [org.apa.kaf.cli.pro.ProducerConfig] (main) ProducerConfig values: 
	acks = -1
	auto.include.jmx.reporter = true
	batch.size = 16384
	bootstrap.servers = [PLAINTEXT://localhost:32769]
	buffer.memory = 33554432
	client.dns.lookup = use_all_dns_ips
	client.id = Producer-topic-d8328484_db3e_434e_b155_9dcd4ea4c506
	compression.gzip.level = -1
	compression.lz4.level = 9
	compression.type = none
	compression.zstd.level = 3
	connections.max.idle.ms = 10000
	delivery.timeout.ms = 120000
	enable.idempotence = true
	enable.metrics.push = true
	interceptor.classes = []
	key.serializer = class org.apache.kafka.common.serialization.StringSerializer
	linger.ms = 0
	max.block.ms = 60000
	max.in.flight.requests.per.connection = 5
	max.request.size = 1048576
	metadata.max.age.ms = 300000
	metadata.max.idle.ms = 300000
	metadata.recovery.strategy = none
	metric.reporters = []
	metrics.num.samples = 2
	metrics.recording.level = INFO
	metrics.sample.window.ms = 30000
	partitioner.adaptive.partitioning.enable = true
	partitioner.availability.timeout.ms = 0
	partitioner.class = null
	partitioner.ignore.keys = false
	receive.buffer.bytes = 32768
	reconnect.backoff.max.ms = 1000
	reconnect.backoff.ms = 50
	request.timeout.ms = 5000
	retries = 2147483647
	retry.backoff.max.ms = 1000
	retry.backoff.ms = 100
	sasl.client.callback.handler.class = null
	sasl.jaas.config = null
	sasl.kerberos.kinit.cmd = /usr/bin/kinit
	sasl.kerberos.min.time.before.relogin = 60000
	sasl.kerberos.service.name = null
	sasl.kerberos.ticket.renew.jitter = 0.05
	sasl.kerberos.ticket.renew.window.factor = 0.8
	sasl.login.callback.handler.class = null
	sasl.login.class = null
	sasl.login.connect.timeout.ms = null
	sasl.login.read.timeout.ms = null
	sasl.login.refresh.buffer.seconds = 300
	sasl.login.refresh.min.period.seconds = 60
	sasl.login.refresh.window.factor = 0.8
	sasl.login.refresh.window.jitter = 0.05
	sasl.login.retry.backoff.max.ms = 10000
	sasl.login.retry.backoff.ms = 100
	sasl.mechanism = GSSAPI
	sasl.oauthbearer.clock.skew.seconds = 30
	sasl.oauthbearer.expected.audience = null
	sasl.oauthbearer.expected.issuer = null
	sasl.oauthbearer.header.urlencode = false
	sasl.oauthbearer.jwks.endpoint.refresh.ms = 3600000
	sasl.oauthbearer.jwks.endpoint.retry.backoff.max.ms = 10000
	sasl.oauthbearer.jwks.endpoint.retry.backoff.ms = 100
	sasl.oauthbearer.jwks.endpoint.url = null
	sasl.oauthbearer.scope.claim.name = scope
	sasl.oauthbearer.sub.claim.name = sub
	sasl.oauthbearer.token.endpoint.url = null
	security.protocol = PLAINTEXT
	security.providers = null
	send.buffer.bytes = 131072
	socket.connection.setup.timeout.max.ms = 30000
	socket.connection.setup.timeout.ms = 10000
	ssl.cipher.suites = null
	ssl.enabled.protocols = [TLSv1.2, TLSv1.3]
	ssl.endpoint.identification.algorithm = https
	ssl.engine.factory.class = null
	ssl.key.password = null
	ssl.keymanager.algorithm = SunX509
	ssl.keystore.certificate.chain = null
	ssl.keystore.key = null
	ssl.keystore.location = null
	ssl.keystore.password = null
	ssl.keystore.type = JKS
	ssl.protocol = TLSv1.3
	ssl.provider = null
	ssl.secure.random.implementation = null
	ssl.trustmanager.algorithm = PKIX
	ssl.truststore.certificates = null
	ssl.truststore.location = null
	ssl.truststore.password = null
	ssl.truststore.type = JKS
	transaction.timeout.ms = 60000
	transactional.id = null
	value.serializer = class io.apicurio.registry.serde.avro.AvroKafkaSerializer

2025-08-13 16:43:01,442 INFO  [org.apa.kaf.com.tel.int.KafkaMetricsCollector] (main) initializing Kafka metrics collector
2025-08-13 16:43:01,446 INFO  [org.apa.kaf.cli.pro.KafkaProducer] (main) [Producer clientId=Producer-topic-d8328484_db3e_434e_b155_9dcd4ea4c506] Instantiated an idempotent producer.
2025-08-13 16:43:01,447 INFO  [org.apa.kaf.cli.Metadata] (kafka-producer-network-thread | Producer-topic-b9fee0be_d71b_4266_8481_003f71ffda4a) [Producer clientId=Producer-topic-b9fee0be_d71b_4266_8481_003f71ffda4a] Cluster ID: MGWopiWBQlear_SiqMs63w
2025-08-13 16:43:01,447 INFO  [org.apa.kaf.cli.pro.int.TransactionManager] (kafka-producer-network-thread | Producer-topic-b9fee0be_d71b_4266_8481_003f71ffda4a) [Producer clientId=Producer-topic-b9fee0be_d71b_4266_8481_003f71ffda4a] ProducerId set to 19 with epoch 0
2025-08-13 16:43:01,449 INFO  [org.apa.kaf.cli.pro.ProducerConfig] (main) These configurations '[apicurio.registry.url, apicurio.registry.artifact-resolver-strategy]' were supplied but are not used yet.
2025-08-13 16:43:01,449 INFO  [org.apa.kaf.com.uti.AppInfoParser] (main) Kafka version: 3.9.1
2025-08-13 16:43:01,449 INFO  [org.apa.kaf.com.uti.AppInfoParser] (main) Kafka commitId: f745dfdcee2b9851
2025-08-13 16:43:01,449 INFO  [org.apa.kaf.com.uti.AppInfoParser] (main) Kafka startTimeMs: 1755103381449
**** Registry Base URL: http://registry-app-ksql047.apps.ci419.apicurio-testing.org:80
2025-08-13 16:43:01,451 INFO  [org.apa.kaf.cli.pro.ProducerConfig] (main) ProducerConfig values: 
	acks = -1
	auto.include.jmx.reporter = true
	batch.size = 16384
	bootstrap.servers = [PLAINTEXT://localhost:32769]
	buffer.memory = 33554432
	client.dns.lookup = use_all_dns_ips
	client.id = Producer-topic-35fc2e96_c607_4cd1_87fc_dd7b9845b4c5
	compression.gzip.level = -1
	compression.lz4.level = 9
	compression.type = none
	compression.zstd.level = 3
	connections.max.idle.ms = 10000
	delivery.timeout.ms = 120000
	enable.idempotence = true
	enable.metrics.push = true
	interceptor.classes = []
	key.serializer = class org.apache.kafka.common.serialization.StringSerializer
	linger.ms = 0
	max.block.ms = 60000
	max.in.flight.requests.per.connection = 5
	max.request.size = 1048576
	metadata.max.age.ms = 300000
	metadata.max.idle.ms = 300000
	metadata.recovery.strategy = none
	metric.reporters = []
	metrics.num.samples = 2
	metrics.recording.level = INFO
	metrics.sample.window.ms = 30000
	partitioner.adaptive.partitioning.enable = true
	partitioner.availability.timeout.ms = 0
	partitioner.class = null
	partitioner.ignore.keys = false
	receive.buffer.bytes = 32768
	reconnect.backoff.max.ms = 1000
	reconnect.backoff.ms = 50
	request.timeout.ms = 5000
	retries = 2147483647
	retry.backoff.max.ms = 1000
	retry.backoff.ms = 100
	sasl.client.callback.handler.class = null
	sasl.jaas.config = null
	sasl.kerberos.kinit.cmd = /usr/bin/kinit
	sasl.kerberos.min.time.before.relogin = 60000
	sasl.kerberos.service.name = null
	sasl.kerberos.ticket.renew.jitter = 0.05
	sasl.kerberos.ticket.renew.window.factor = 0.8
	sasl.login.callback.handler.class = null
	sasl.login.class = null
	sasl.login.connect.timeout.ms = null
	sasl.login.read.timeout.ms = null
	sasl.login.refresh.buffer.seconds = 300
	sasl.login.refresh.min.period.seconds = 60
	sasl.login.refresh.window.factor = 0.8
	sasl.login.refresh.window.jitter = 0.05
	sasl.login.retry.backoff.max.ms = 10000
	sasl.login.retry.backoff.ms = 100
	sasl.mechanism = GSSAPI
	sasl.oauthbearer.clock.skew.seconds = 30
	sasl.oauthbearer.expected.audience = null
	sasl.oauthbearer.expected.issuer = null
	sasl.oauthbearer.header.urlencode = false
	sasl.oauthbearer.jwks.endpoint.refresh.ms = 3600000
	sasl.oauthbearer.jwks.endpoint.retry.backoff.max.ms = 10000
	sasl.oauthbearer.jwks.endpoint.retry.backoff.ms = 100
	sasl.oauthbearer.jwks.endpoint.url = null
	sasl.oauthbearer.scope.claim.name = scope
	sasl.oauthbearer.sub.claim.name = sub
	sasl.oauthbearer.token.endpoint.url = null
	security.protocol = PLAINTEXT
	security.providers = null
	send.buffer.bytes = 131072
	socket.connection.setup.timeout.max.ms = 30000
	socket.connection.setup.timeout.ms = 10000
	ssl.cipher.suites = null
	ssl.enabled.protocols = [TLSv1.2, TLSv1.3]
	ssl.endpoint.identification.algorithm = https
	ssl.engine.factory.class = null
	ssl.key.password = null
	ssl.keymanager.algorithm = SunX509
	ssl.keystore.certificate.chain = null
	ssl.keystore.key = null
	ssl.keystore.location = null
	ssl.keystore.password = null
	ssl.keystore.type = JKS
	ssl.protocol = TLSv1.3
	ssl.provider = null
	ssl.secure.random.implementation = null
	ssl.trustmanager.algorithm = PKIX
	ssl.truststore.certificates = null
	ssl.truststore.location = null
	ssl.truststore.password = null
	ssl.truststore.type = JKS
	transaction.timeout.ms = 60000
	transactional.id = null
	value.serializer = class io.apicurio.registry.serde.avro.AvroKafkaSerializer

2025-08-13 16:43:01,452 INFO  [org.apa.kaf.com.tel.int.KafkaMetricsCollector] (main) initializing Kafka metrics collector
2025-08-13 16:43:01,454 INFO  [org.apa.kaf.cli.Metadata] (kafka-producer-network-thread | Producer-topic-d8328484_db3e_434e_b155_9dcd4ea4c506) [Producer clientId=Producer-topic-d8328484_db3e_434e_b155_9dcd4ea4c506] Cluster ID: MGWopiWBQlear_SiqMs63w
2025-08-13 16:43:01,455 INFO  [org.apa.kaf.cli.pro.int.TransactionManager] (kafka-producer-network-thread | Producer-topic-d8328484_db3e_434e_b155_9dcd4ea4c506) [Producer clientId=Producer-topic-d8328484_db3e_434e_b155_9dcd4ea4c506] ProducerId set to 20 with epoch 0
2025-08-13 16:43:01,456 INFO  [org.apa.kaf.cli.pro.KafkaProducer] (main) [Producer clientId=Producer-topic-35fc2e96_c607_4cd1_87fc_dd7b9845b4c5] Instantiated an idempotent producer.
2025-08-13 16:43:01,465 INFO  [org.apa.kaf.cli.pro.ProducerConfig] (main) These configurations '[apicurio.registry.url, apicurio.registry.artifact-resolver-strategy]' were supplied but are not used yet.
2025-08-13 16:43:01,465 INFO  [org.apa.kaf.com.uti.AppInfoParser] (main) Kafka version: 3.9.1
2025-08-13 16:43:01,465 INFO  [org.apa.kaf.com.uti.AppInfoParser] (main) Kafka commitId: f745dfdcee2b9851
2025-08-13 16:43:01,465 INFO  [org.apa.kaf.com.uti.AppInfoParser] (main) Kafka startTimeMs: 1755103381465
**** Registry Base URL: http://registry-app-ksql047.apps.ci419.apicurio-testing.org:80
2025-08-13 16:43:01,465 INFO  [org.apa.kaf.cli.con.ConsumerConfig] (main) ConsumerConfig values: 
	allow.auto.create.topics = true
	auto.commit.interval.ms = 500
	auto.include.jmx.reporter = true
	auto.offset.reset = earliest
	bootstrap.servers = [PLAINTEXT://localhost:32769]
	check.crcs = true
	client.dns.lookup = use_all_dns_ips
	client.id = consumer-Consumer-topic-b9fee0be_d71b_4266_8481_003f71ffda4a-14
	client.rack = 
	connections.max.idle.ms = 10000
	default.api.timeout.ms = 60000
	enable.auto.commit = true
	enable.metrics.push = true
	exclude.internal.topics = true
	fetch.max.bytes = 52428800
	fetch.max.wait.ms = 500
	fetch.min.bytes = 1
	group.id = Consumer-topic-b9fee0be_d71b_4266_8481_003f71ffda4a
	group.instance.id = null
	group.protocol = classic
	group.remote.assignor = null
	heartbeat.interval.ms = 3000
	interceptor.classes = []
	internal.leave.group.on.close = true
	internal.throw.on.fetch.stable.offset.unsupported = false
	isolation.level = read_uncommitted
	key.deserializer = class org.apache.kafka.common.serialization.StringDeserializer
	max.partition.fetch.bytes = 1048576
	max.poll.interval.ms = 300000
	max.poll.records = 500
	metadata.max.age.ms = 300000
	metadata.recovery.strategy = none
	metric.reporters = []
	metrics.num.samples = 2
	metrics.recording.level = INFO
	metrics.sample.window.ms = 30000
	partition.assignment.strategy = [class org.apache.kafka.clients.consumer.RangeAssignor, class org.apache.kafka.clients.consumer.CooperativeStickyAssignor]
	receive.buffer.bytes = 65536
	reconnect.backoff.max.ms = 1000
	reconnect.backoff.ms = 50
	request.timeout.ms = 5000
	retry.backoff.max.ms = 1000
	retry.backoff.ms = 100
	sasl.client.callback.handler.class = null
	sasl.jaas.config = null
	sasl.kerberos.kinit.cmd = /usr/bin/kinit
	sasl.kerberos.min.time.before.relogin = 60000
	sasl.kerberos.service.name = null
	sasl.kerberos.ticket.renew.jitter = 0.05
	sasl.kerberos.ticket.renew.window.factor = 0.8
	sasl.login.callback.handler.class = null
	sasl.login.class = null
	sasl.login.connect.timeout.ms = null
	sasl.login.read.timeout.ms = null
	sasl.login.refresh.buffer.seconds = 300
	sasl.login.refresh.min.period.seconds = 60
	sasl.login.refresh.window.factor = 0.8
	sasl.login.refresh.window.jitter = 0.05
	sasl.login.retry.backoff.max.ms = 10000
	sasl.login.retry.backoff.ms = 100
	sasl.mechanism = GSSAPI
	sasl.oauthbearer.clock.skew.seconds = 30
	sasl.oauthbearer.expected.audience = null
	sasl.oauthbearer.expected.issuer = null
	sasl.oauthbearer.header.urlencode = false
	sasl.oauthbearer.jwks.endpoint.refresh.ms = 3600000
	sasl.oauthbearer.jwks.endpoint.retry.backoff.max.ms = 10000
	sasl.oauthbearer.jwks.endpoint.retry.backoff.ms = 100
	sasl.oauthbearer.jwks.endpoint.url = null
	sasl.oauthbearer.scope.claim.name = scope
	sasl.oauthbearer.sub.claim.name = sub
	sasl.oauthbearer.token.endpoint.url = null
	security.protocol = PLAINTEXT
	security.providers = null
	send.buffer.bytes = 131072
	session.timeout.ms = 45000
	socket.connection.setup.timeout.max.ms = 30000
	socket.connection.setup.timeout.ms = 10000
	ssl.cipher.suites = null
	ssl.enabled.protocols = [TLSv1.2, TLSv1.3]
	ssl.endpoint.identification.algorithm = https
	ssl.engine.factory.class = null
	ssl.key.password = null
	ssl.keymanager.algorithm = SunX509
	ssl.keystore.certificate.chain = null
	ssl.keystore.key = null
	ssl.keystore.location = null
	ssl.keystore.password = null
	ssl.keystore.type = JKS
	ssl.protocol = TLSv1.3
	ssl.provider = null
	ssl.secure.random.implementation = null
	ssl.trustmanager.algorithm = PKIX
	ssl.truststore.certificates = null
	ssl.truststore.location = null
	ssl.truststore.password = null
	ssl.truststore.type = JKS
	value.deserializer = class io.apicurio.registry.serde.avro.AvroKafkaDeserializer

2025-08-13 16:43:01,466 INFO  [org.apa.kaf.com.tel.int.KafkaMetricsCollector] (main) initializing Kafka metrics collector
2025-08-13 16:43:01,472 INFO  [org.apa.kaf.cli.Metadata] (kafka-producer-network-thread | Producer-topic-35fc2e96_c607_4cd1_87fc_dd7b9845b4c5) [Producer clientId=Producer-topic-35fc2e96_c607_4cd1_87fc_dd7b9845b4c5] Cluster ID: MGWopiWBQlear_SiqMs63w
2025-08-13 16:43:01,473 INFO  [org.apa.kaf.cli.pro.int.TransactionManager] (kafka-producer-network-thread | Producer-topic-35fc2e96_c607_4cd1_87fc_dd7b9845b4c5) [Producer clientId=Producer-topic-35fc2e96_c607_4cd1_87fc_dd7b9845b4c5] ProducerId set to 21 with epoch 0
2025-08-13 16:43:01,480 INFO  [org.apa.kaf.cli.con.ConsumerConfig] (main) These configurations '[apicurio.registry.url]' were supplied but are not used yet.
2025-08-13 16:43:01,480 INFO  [org.apa.kaf.com.uti.AppInfoParser] (main) Kafka version: 3.9.1
2025-08-13 16:43:01,480 INFO  [org.apa.kaf.com.uti.AppInfoParser] (main) Kafka commitId: f745dfdcee2b9851
2025-08-13 16:43:01,480 INFO  [org.apa.kaf.com.uti.AppInfoParser] (main) Kafka startTimeMs: 1755103381480
**** Registry Base URL: http://registry-app-ksql047.apps.ci419.apicurio-testing.org:80
2025-08-13 16:43:01,481 INFO  [org.apa.kaf.cli.con.ConsumerConfig] (main) ConsumerConfig values: 
	allow.auto.create.topics = true
	auto.commit.interval.ms = 500
	auto.include.jmx.reporter = true
	auto.offset.reset = earliest
	bootstrap.servers = [PLAINTEXT://localhost:32769]
	check.crcs = true
	client.dns.lookup = use_all_dns_ips
	client.id = consumer-Consumer-topic-d8328484_db3e_434e_b155_9dcd4ea4c506-15
	client.rack = 
	connections.max.idle.ms = 10000
	default.api.timeout.ms = 60000
	enable.auto.commit = true
	enable.metrics.push = true
	exclude.internal.topics = true
	fetch.max.bytes = 52428800
	fetch.max.wait.ms = 500
	fetch.min.bytes = 1
	group.id = Consumer-topic-d8328484_db3e_434e_b155_9dcd4ea4c506
	group.instance.id = null
	group.protocol = classic
	group.remote.assignor = null
	heartbeat.interval.ms = 3000
	interceptor.classes = []
	internal.leave.group.on.close = true
	internal.throw.on.fetch.stable.offset.unsupported = false
	isolation.level = read_uncommitted
	key.deserializer = class org.apache.kafka.common.serialization.StringDeserializer
	max.partition.fetch.bytes = 1048576
	max.poll.interval.ms = 300000
	max.poll.records = 500
	metadata.max.age.ms = 300000
	metadata.recovery.strategy = none
	metric.reporters = []
	metrics.num.samples = 2
	metrics.recording.level = INFO
	metrics.sample.window.ms = 30000
	partition.assignment.strategy = [class org.apache.kafka.clients.consumer.RangeAssignor, class org.apache.kafka.clients.consumer.CooperativeStickyAssignor]
	receive.buffer.bytes = 65536
	reconnect.backoff.max.ms = 1000
	reconnect.backoff.ms = 50
	request.timeout.ms = 5000
	retry.backoff.max.ms = 1000
	retry.backoff.ms = 100
	sasl.client.callback.handler.class = null
	sasl.jaas.config = null
	sasl.kerberos.kinit.cmd = /usr/bin/kinit
	sasl.kerberos.min.time.before.relogin = 60000
	sasl.kerberos.service.name = null
	sasl.kerberos.ticket.renew.jitter = 0.05
	sasl.kerberos.ticket.renew.window.factor = 0.8
	sasl.login.callback.handler.class = null
	sasl.login.class = null
	sasl.login.connect.timeout.ms = null
	sasl.login.read.timeout.ms = null
	sasl.login.refresh.buffer.seconds = 300
	sasl.login.refresh.min.period.seconds = 60
	sasl.login.refresh.window.factor = 0.8
	sasl.login.refresh.window.jitter = 0.05
	sasl.login.retry.backoff.max.ms = 10000
	sasl.login.retry.backoff.ms = 100
	sasl.mechanism = GSSAPI
	sasl.oauthbearer.clock.skew.seconds = 30
	sasl.oauthbearer.expected.audience = null
	sasl.oauthbearer.expected.issuer = null
	sasl.oauthbearer.header.urlencode = false
	sasl.oauthbearer.jwks.endpoint.refresh.ms = 3600000
	sasl.oauthbearer.jwks.endpoint.retry.backoff.max.ms = 10000
	sasl.oauthbearer.jwks.endpoint.retry.backoff.ms = 100
	sasl.oauthbearer.jwks.endpoint.url = null
	sasl.oauthbearer.scope.claim.name = scope
	sasl.oauthbearer.sub.claim.name = sub
	sasl.oauthbearer.token.endpoint.url = null
	security.protocol = PLAINTEXT
	security.providers = null
	send.buffer.bytes = 131072
	session.timeout.ms = 45000
	socket.connection.setup.timeout.max.ms = 30000
	socket.connection.setup.timeout.ms = 10000
	ssl.cipher.suites = null
	ssl.enabled.protocols = [TLSv1.2, TLSv1.3]
	ssl.endpoint.identification.algorithm = https
	ssl.engine.factory.class = null
	ssl.key.password = null
	ssl.keymanager.algorithm = SunX509
	ssl.keystore.certificate.chain = null
	ssl.keystore.key = null
	ssl.keystore.location = null
	ssl.keystore.password = null
	ssl.keystore.type = JKS
	ssl.protocol = TLSv1.3
	ssl.provider = null
	ssl.secure.random.implementation = null
	ssl.trustmanager.algorithm = PKIX
	ssl.truststore.certificates = null
	ssl.truststore.location = null
	ssl.truststore.password = null
	ssl.truststore.type = JKS
	value.deserializer = class io.apicurio.registry.serde.avro.AvroKafkaDeserializer

2025-08-13 16:43:01,481 INFO  [org.apa.kaf.com.tel.int.KafkaMetricsCollector] (main) initializing Kafka metrics collector
2025-08-13 16:43:01,487 INFO  [org.apa.kaf.cli.con.ConsumerConfig] (main) These configurations '[apicurio.registry.url]' were supplied but are not used yet.
2025-08-13 16:43:01,487 INFO  [org.apa.kaf.com.uti.AppInfoParser] (main) Kafka version: 3.9.1
2025-08-13 16:43:01,487 INFO  [org.apa.kaf.com.uti.AppInfoParser] (main) Kafka commitId: f745dfdcee2b9851
2025-08-13 16:43:01,487 INFO  [org.apa.kaf.com.uti.AppInfoParser] (main) Kafka startTimeMs: 1755103381487
**** Registry Base URL: http://registry-app-ksql047.apps.ci419.apicurio-testing.org:80
2025-08-13 16:43:01,487 INFO  [org.apa.kaf.cli.con.ConsumerConfig] (main) ConsumerConfig values: 
	allow.auto.create.topics = true
	auto.commit.interval.ms = 500
	auto.include.jmx.reporter = true
	auto.offset.reset = earliest
	bootstrap.servers = [PLAINTEXT://localhost:32769]
	check.crcs = true
	client.dns.lookup = use_all_dns_ips
	client.id = consumer-Consumer-topic-35fc2e96_c607_4cd1_87fc_dd7b9845b4c5-16
	client.rack = 
	connections.max.idle.ms = 10000
	default.api.timeout.ms = 60000
	enable.auto.commit = true
	enable.metrics.push = true
	exclude.internal.topics = true
	fetch.max.bytes = 52428800
	fetch.max.wait.ms = 500
	fetch.min.bytes = 1
	group.id = Consumer-topic-35fc2e96_c607_4cd1_87fc_dd7b9845b4c5
	group.instance.id = null
	group.protocol = classic
	group.remote.assignor = null
	heartbeat.interval.ms = 3000
	interceptor.classes = []
	internal.leave.group.on.close = true
	internal.throw.on.fetch.stable.offset.unsupported = false
	isolation.level = read_uncommitted
	key.deserializer = class org.apache.kafka.common.serialization.StringDeserializer
	max.partition.fetch.bytes = 1048576
	max.poll.interval.ms = 300000
	max.poll.records = 500
	metadata.max.age.ms = 300000
	metadata.recovery.strategy = none
	metric.reporters = []
	metrics.num.samples = 2
	metrics.recording.level = INFO
	metrics.sample.window.ms = 30000
	partition.assignment.strategy = [class org.apache.kafka.clients.consumer.RangeAssignor, class org.apache.kafka.clients.consumer.CooperativeStickyAssignor]
	receive.buffer.bytes = 65536
	reconnect.backoff.max.ms = 1000
	reconnect.backoff.ms = 50
	request.timeout.ms = 5000
	retry.backoff.max.ms = 1000
	retry.backoff.ms = 100
	sasl.client.callback.handler.class = null
	sasl.jaas.config = null
	sasl.kerberos.kinit.cmd = /usr/bin/kinit
	sasl.kerberos.min.time.before.relogin = 60000
	sasl.kerberos.service.name = null
	sasl.kerberos.ticket.renew.jitter = 0.05
	sasl.kerberos.ticket.renew.window.factor = 0.8
	sasl.login.callback.handler.class = null
	sasl.login.class = null
	sasl.login.connect.timeout.ms = null
	sasl.login.read.timeout.ms = null
	sasl.login.refresh.buffer.seconds = 300
	sasl.login.refresh.min.period.seconds = 60
	sasl.login.refresh.window.factor = 0.8
	sasl.login.refresh.window.jitter = 0.05
	sasl.login.retry.backoff.max.ms = 10000
	sasl.login.retry.backoff.ms = 100
	sasl.mechanism = GSSAPI
	sasl.oauthbearer.clock.skew.seconds = 30
	sasl.oauthbearer.expected.audience = null
	sasl.oauthbearer.expected.issuer = null
	sasl.oauthbearer.header.urlencode = false
	sasl.oauthbearer.jwks.endpoint.refresh.ms = 3600000
	sasl.oauthbearer.jwks.endpoint.retry.backoff.max.ms = 10000
	sasl.oauthbearer.jwks.endpoint.retry.backoff.ms = 100
	sasl.oauthbearer.jwks.endpoint.url = null
	sasl.oauthbearer.scope.claim.name = scope
	sasl.oauthbearer.sub.claim.name = sub
	sasl.oauthbearer.token.endpoint.url = null
	security.protocol = PLAINTEXT
	security.providers = null
	send.buffer.bytes = 131072
	session.timeout.ms = 45000
	socket.connection.setup.timeout.max.ms = 30000
	socket.connection.setup.timeout.ms = 10000
	ssl.cipher.suites = null
	ssl.enabled.protocols = [TLSv1.2, TLSv1.3]
	ssl.endpoint.identification.algorithm = https
	ssl.engine.factory.class = null
	ssl.key.password = null
	ssl.keymanager.algorithm = SunX509
	ssl.keystore.certificate.chain = null
	ssl.keystore.key = null
	ssl.keystore.location = null
	ssl.keystore.password = null
	ssl.keystore.type = JKS
	ssl.protocol = TLSv1.3
	ssl.provider = null
	ssl.secure.random.implementation = null
	ssl.trustmanager.algorithm = PKIX
	ssl.truststore.certificates = null
	ssl.truststore.location = null
	ssl.truststore.password = null
	ssl.truststore.type = JKS
	value.deserializer = class io.apicurio.registry.serde.avro.AvroKafkaDeserializer

2025-08-13 16:43:01,487 INFO  [org.apa.kaf.com.tel.int.KafkaMetricsCollector] (main) initializing Kafka metrics collector
2025-08-13 16:43:01,497 INFO  [org.apa.kaf.cli.con.ConsumerConfig] (main) These configurations '[apicurio.registry.url]' were supplied but are not used yet.
2025-08-13 16:43:01,497 INFO  [org.apa.kaf.com.uti.AppInfoParser] (main) Kafka version: 3.9.1
2025-08-13 16:43:01,497 INFO  [org.apa.kaf.com.uti.AppInfoParser] (main) Kafka commitId: f745dfdcee2b9851
2025-08-13 16:43:01,497 INFO  [org.apa.kaf.com.uti.AppInfoParser] (main) Kafka startTimeMs: 1755103381497
2025-08-13 16:43:01,497 INFO  [io.api.tes.ser.api.KafkaSerdesTester] (Thread-713) Sending message {"key11755103380372": "value-0"} to topic topic-b9fee0be_d71b_4266_8481_003f71ffda4a
2025-08-13 16:43:01,503 INFO  [DefaultSchemaResolver] (Thread-713) Retrieving schema content using string: {"type":"record","name":"myrecordconfluent","fields":[{"name":"key11755103380372","type":"string"}]}
2025-08-13 16:43:01,525 INFO  [io.api.tes.ser.api.KafkaSerdesTester] (Thread-713) Sending message {"key11755103380372": "value-1"} to topic topic-b9fee0be_d71b_4266_8481_003f71ffda4a
2025-08-13 16:43:01,527 INFO  [io.api.tes.ser.api.KafkaSerdesTester] (Thread-713) Sending message {"key11755103380372": "value-2"} to topic topic-b9fee0be_d71b_4266_8481_003f71ffda4a
2025-08-13 16:43:01,528 INFO  [io.api.tes.ser.api.KafkaSerdesTester] (Thread-713) Sending message {"key11755103380372": "value-3"} to topic topic-b9fee0be_d71b_4266_8481_003f71ffda4a
2025-08-13 16:43:01,530 INFO  [io.api.tes.ser.api.KafkaSerdesTester] (Thread-713) Sending message {"key11755103380372": "value-4"} to topic topic-b9fee0be_d71b_4266_8481_003f71ffda4a
2025-08-13 16:43:01,531 INFO  [io.api.tes.ser.api.KafkaSerdesTester] (Thread-713) Sending message {"key11755103380372": "value-5"} to topic topic-b9fee0be_d71b_4266_8481_003f71ffda4a
2025-08-13 16:43:01,532 INFO  [io.api.tes.ser.api.KafkaSerdesTester] (Thread-713) Sending message {"key11755103380372": "value-6"} to topic topic-b9fee0be_d71b_4266_8481_003f71ffda4a
2025-08-13 16:43:01,533 INFO  [io.api.tes.ser.api.KafkaSerdesTester] (Thread-713) Sending message {"key11755103380372": "value-7"} to topic topic-b9fee0be_d71b_4266_8481_003f71ffda4a
2025-08-13 16:43:01,535 INFO  [io.api.tes.ser.api.KafkaSerdesTester] (Thread-713) Sending message {"key11755103380372": "value-8"} to topic topic-b9fee0be_d71b_4266_8481_003f71ffda4a
2025-08-13 16:43:01,536 INFO  [io.api.tes.ser.api.KafkaSerdesTester] (Thread-713) Sending message {"key11755103380372": "value-9"} to topic topic-b9fee0be_d71b_4266_8481_003f71ffda4a
2025-08-13 16:43:01,538 INFO  [io.api.tes.ser.api.KafkaSerdesTester] (Thread-713) Produced 10 messages
2025-08-13 16:43:01,538 INFO  [org.apa.kaf.cli.pro.KafkaProducer] (Thread-713) [Producer clientId=Producer-topic-b9fee0be_d71b_4266_8481_003f71ffda4a] Closing the Kafka producer with timeoutMillis = 9223372036854775807 ms.
2025-08-13 16:43:01,540 INFO  [org.apa.kaf.com.met.Metrics] (Thread-713) Metrics scheduler closed
2025-08-13 16:43:01,540 INFO  [org.apa.kaf.com.met.Metrics] (Thread-713) Closing reporter org.apache.kafka.common.metrics.JmxReporter
2025-08-13 16:43:01,540 INFO  [org.apa.kaf.com.met.Metrics] (Thread-713) Closing reporter org.apache.kafka.common.telemetry.internals.ClientTelemetryReporter
2025-08-13 16:43:01,540 INFO  [org.apa.kaf.com.met.Metrics] (Thread-713) Metrics reporters closed
2025-08-13 16:43:01,541 INFO  [org.apa.kaf.com.uti.AppInfoParser] (Thread-713) App info kafka.producer for Producer-topic-b9fee0be_d71b_4266_8481_003f71ffda4a unregistered
2025-08-13 16:43:01,542 INFO  [io.api.tes.ser.api.KafkaSerdesTester] (Thread-714) Sending message {"key11755103380372": "value-0"} to topic topic-d8328484_db3e_434e_b155_9dcd4ea4c506
2025-08-13 16:43:01,547 INFO  [DefaultSchemaResolver] (Thread-714) Retrieving schema content using string: {"type":"record","name":"myrecordconfluent","fields":[{"name":"key11755103380372","type":"string"}]}
2025-08-13 16:43:01,571 INFO  [io.api.tes.ser.api.KafkaSerdesTester] (Thread-714) Sending message {"key11755103380372": "value-1"} to topic topic-d8328484_db3e_434e_b155_9dcd4ea4c506
2025-08-13 16:43:01,572 INFO  [io.api.tes.ser.api.KafkaSerdesTester] (Thread-714) Sending message {"key11755103380372": "value-2"} to topic topic-d8328484_db3e_434e_b155_9dcd4ea4c506
2025-08-13 16:43:01,574 INFO  [io.api.tes.ser.api.KafkaSerdesTester] (Thread-714) Sending message {"key11755103380372": "value-3"} to topic topic-d8328484_db3e_434e_b155_9dcd4ea4c506
2025-08-13 16:43:01,575 INFO  [io.api.tes.ser.api.KafkaSerdesTester] (Thread-714) Sending message {"key11755103380372": "value-4"} to topic topic-d8328484_db3e_434e_b155_9dcd4ea4c506
2025-08-13 16:43:01,576 INFO  [io.api.tes.ser.api.KafkaSerdesTester] (Thread-714) Sending message {"key11755103380372": "value-5"} to topic topic-d8328484_db3e_434e_b155_9dcd4ea4c506
2025-08-13 16:43:01,577 INFO  [io.api.tes.ser.api.KafkaSerdesTester] (Thread-714) Sending message {"key11755103380372": "value-6"} to topic topic-d8328484_db3e_434e_b155_9dcd4ea4c506
2025-08-13 16:43:01,578 INFO  [io.api.tes.ser.api.KafkaSerdesTester] (Thread-714) Sending message {"key11755103380372": "value-7"} to topic topic-d8328484_db3e_434e_b155_9dcd4ea4c506
2025-08-13 16:43:01,579 INFO  [io.api.tes.ser.api.KafkaSerdesTester] (Thread-714) Sending message {"key11755103380372": "value-8"} to topic topic-d8328484_db3e_434e_b155_9dcd4ea4c506
2025-08-13 16:43:01,581 INFO  [io.api.tes.ser.api.KafkaSerdesTester] (Thread-714) Sending message {"key11755103380372": "value-9"} to topic topic-d8328484_db3e_434e_b155_9dcd4ea4c506
2025-08-13 16:43:01,584 INFO  [io.api.tes.ser.api.KafkaSerdesTester] (Thread-714) Produced 10 messages
2025-08-13 16:43:01,584 INFO  [org.apa.kaf.cli.pro.KafkaProducer] (Thread-714) [Producer clientId=Producer-topic-d8328484_db3e_434e_b155_9dcd4ea4c506] Closing the Kafka producer with timeoutMillis = 9223372036854775807 ms.
2025-08-13 16:43:01,587 INFO  [org.apa.kaf.com.met.Metrics] (Thread-714) Metrics scheduler closed
2025-08-13 16:43:01,587 INFO  [org.apa.kaf.com.met.Metrics] (Thread-714) Closing reporter org.apache.kafka.common.metrics.JmxReporter
2025-08-13 16:43:01,587 INFO  [org.apa.kaf.com.met.Metrics] (Thread-714) Closing reporter org.apache.kafka.common.telemetry.internals.ClientTelemetryReporter
2025-08-13 16:43:01,587 INFO  [org.apa.kaf.com.met.Metrics] (Thread-714) Metrics reporters closed
2025-08-13 16:43:01,587 INFO  [org.apa.kaf.com.uti.AppInfoParser] (Thread-714) App info kafka.producer for Producer-topic-d8328484_db3e_434e_b155_9dcd4ea4c506 unregistered
2025-08-13 16:43:01,588 INFO  [io.api.tes.ser.api.KafkaSerdesTester] (Thread-715) Sending message {"key11755103380372": "value-0"} to topic topic-35fc2e96_c607_4cd1_87fc_dd7b9845b4c5
2025-08-13 16:43:01,592 INFO  [DefaultSchemaResolver] (Thread-715) Retrieving schema content using string: {"type":"record","name":"myrecordconfluent","fields":[{"name":"key11755103380372","type":"string"}]}
2025-08-13 16:43:01,657 INFO  [io.api.tes.ser.api.KafkaSerdesTester] (Thread-715) Sending message {"key11755103380372": "value-1"} to topic topic-35fc2e96_c607_4cd1_87fc_dd7b9845b4c5
2025-08-13 16:43:01,658 INFO  [io.api.tes.ser.api.KafkaSerdesTester] (Thread-715) Sending message {"key11755103380372": "value-2"} to topic topic-35fc2e96_c607_4cd1_87fc_dd7b9845b4c5
2025-08-13 16:43:01,660 INFO  [io.api.tes.ser.api.KafkaSerdesTester] (Thread-715) Sending message {"key11755103380372": "value-3"} to topic topic-35fc2e96_c607_4cd1_87fc_dd7b9845b4c5
2025-08-13 16:43:01,662 INFO  [io.api.tes.ser.api.KafkaSerdesTester] (Thread-715) Sending message {"key11755103380372": "value-4"} to topic topic-35fc2e96_c607_4cd1_87fc_dd7b9845b4c5
2025-08-13 16:43:01,663 INFO  [io.api.tes.ser.api.KafkaSerdesTester] (Thread-715) Sending message {"key11755103380372": "value-5"} to topic topic-35fc2e96_c607_4cd1_87fc_dd7b9845b4c5
2025-08-13 16:43:01,665 INFO  [io.api.tes.ser.api.KafkaSerdesTester] (Thread-715) Sending message {"key11755103380372": "value-6"} to topic topic-35fc2e96_c607_4cd1_87fc_dd7b9845b4c5
2025-08-13 16:43:01,667 INFO  [io.api.tes.ser.api.KafkaSerdesTester] (Thread-715) Sending message {"key11755103380372": "value-7"} to topic topic-35fc2e96_c607_4cd1_87fc_dd7b9845b4c5
2025-08-13 16:43:01,669 INFO  [io.api.tes.ser.api.KafkaSerdesTester] (Thread-715) Sending message {"key11755103380372": "value-8"} to topic topic-35fc2e96_c607_4cd1_87fc_dd7b9845b4c5
2025-08-13 16:43:01,670 INFO  [io.api.tes.ser.api.KafkaSerdesTester] (Thread-715) Sending message {"key11755103380372": "value-9"} to topic topic-35fc2e96_c607_4cd1_87fc_dd7b9845b4c5
2025-08-13 16:43:01,672 INFO  [io.api.tes.ser.api.KafkaSerdesTester] (Thread-715) Produced 10 messages
2025-08-13 16:43:01,672 INFO  [org.apa.kaf.cli.pro.KafkaProducer] (Thread-715) [Producer clientId=Producer-topic-35fc2e96_c607_4cd1_87fc_dd7b9845b4c5] Closing the Kafka producer with timeoutMillis = 9223372036854775807 ms.
2025-08-13 16:43:01,674 INFO  [org.apa.kaf.com.met.Metrics] (Thread-715) Metrics scheduler closed
2025-08-13 16:43:01,674 INFO  [org.apa.kaf.com.met.Metrics] (Thread-715) Closing reporter org.apache.kafka.common.metrics.JmxReporter
2025-08-13 16:43:01,674 INFO  [org.apa.kaf.com.met.Metrics] (Thread-715) Closing reporter org.apache.kafka.common.telemetry.internals.ClientTelemetryReporter
2025-08-13 16:43:01,674 INFO  [org.apa.kaf.com.met.Metrics] (Thread-715) Metrics reporters closed
2025-08-13 16:43:01,675 INFO  [org.apa.kaf.com.uti.AppInfoParser] (Thread-715) App info kafka.producer for Producer-topic-35fc2e96_c607_4cd1_87fc_dd7b9845b4c5 unregistered
2025-08-13 16:43:01,675 INFO  [org.apa.kaf.cli.con.int.ClassicKafkaConsumer] (Thread-716) [Consumer clientId=consumer-Consumer-topic-b9fee0be_d71b_4266_8481_003f71ffda4a-14, groupId=Consumer-topic-b9fee0be_d71b_4266_8481_003f71ffda4a] Subscribed to topic(s): topic-b9fee0be_d71b_4266_8481_003f71ffda4a
2025-08-13 16:43:01,680 INFO  [org.apa.kaf.cli.Metadata] (Thread-716) [Consumer clientId=consumer-Consumer-topic-b9fee0be_d71b_4266_8481_003f71ffda4a-14, groupId=Consumer-topic-b9fee0be_d71b_4266_8481_003f71ffda4a] Cluster ID: MGWopiWBQlear_SiqMs63w
2025-08-13 16:43:01,681 INFO  [org.apa.kaf.cli.con.int.ConsumerCoordinator] (Thread-716) [Consumer clientId=consumer-Consumer-topic-b9fee0be_d71b_4266_8481_003f71ffda4a-14, groupId=Consumer-topic-b9fee0be_d71b_4266_8481_003f71ffda4a] Discovered group coordinator localhost:32769 (id: 2147483647 rack: null)
2025-08-13 16:43:01,682 INFO  [org.apa.kaf.cli.con.int.ConsumerCoordinator] (Thread-716) [Consumer clientId=consumer-Consumer-topic-b9fee0be_d71b_4266_8481_003f71ffda4a-14, groupId=Consumer-topic-b9fee0be_d71b_4266_8481_003f71ffda4a] (Re-)joining group
2025-08-13 16:43:01,689 INFO  [org.apa.kaf.cli.con.int.ConsumerCoordinator] (Thread-716) [Consumer clientId=consumer-Consumer-topic-b9fee0be_d71b_4266_8481_003f71ffda4a-14, groupId=Consumer-topic-b9fee0be_d71b_4266_8481_003f71ffda4a] Request joining group due to: need to re-join with the given member-id: consumer-Consumer-topic-b9fee0be_d71b_4266_8481_003f71ffda4a-14-82b69161-e8d0-4863-abd5-931e6fb69fd8
2025-08-13 16:43:01,689 INFO  [org.apa.kaf.cli.con.int.ConsumerCoordinator] (Thread-716) [Consumer clientId=consumer-Consumer-topic-b9fee0be_d71b_4266_8481_003f71ffda4a-14, groupId=Consumer-topic-b9fee0be_d71b_4266_8481_003f71ffda4a] (Re-)joining group
2025-08-13 16:43:02,675 INFO  [io.api.tes.ser.api.KafkaSerdesTester] (Thread-716) None found
2025-08-13 16:43:03,675 INFO  [io.api.tes.ser.api.KafkaSerdesTester] (Thread-716) None found
2025-08-13 16:43:04,675 INFO  [io.api.tes.ser.api.KafkaSerdesTester] (Thread-716) None found
2025-08-13 16:43:04,691 INFO  [org.apa.kaf.cli.con.int.ConsumerCoordinator] (Thread-716) [Consumer clientId=consumer-Consumer-topic-b9fee0be_d71b_4266_8481_003f71ffda4a-14, groupId=Consumer-topic-b9fee0be_d71b_4266_8481_003f71ffda4a] Successfully joined group with generation Generation{generationId=1, memberId='consumer-Consumer-topic-b9fee0be_d71b_4266_8481_003f71ffda4a-14-82b69161-e8d0-4863-abd5-931e6fb69fd8', protocol='range'}
2025-08-13 16:43:04,691 INFO  [org.apa.kaf.cli.con.int.ConsumerCoordinator] (Thread-716) [Consumer clientId=consumer-Consumer-topic-b9fee0be_d71b_4266_8481_003f71ffda4a-14, groupId=Consumer-topic-b9fee0be_d71b_4266_8481_003f71ffda4a] Finished assignment for group at generation 1: {consumer-Consumer-topic-b9fee0be_d71b_4266_8481_003f71ffda4a-14-82b69161-e8d0-4863-abd5-931e6fb69fd8=Assignment(partitions=[topic-b9fee0be_d71b_4266_8481_003f71ffda4a-0])}
2025-08-13 16:43:04,697 INFO  [org.apa.kaf.cli.con.int.ConsumerCoordinator] (Thread-716) [Consumer clientId=consumer-Consumer-topic-b9fee0be_d71b_4266_8481_003f71ffda4a-14, groupId=Consumer-topic-b9fee0be_d71b_4266_8481_003f71ffda4a] Successfully synced group in generation Generation{generationId=1, memberId='consumer-Consumer-topic-b9fee0be_d71b_4266_8481_003f71ffda4a-14-82b69161-e8d0-4863-abd5-931e6fb69fd8', protocol='range'}
2025-08-13 16:43:04,697 INFO  [org.apa.kaf.cli.con.int.ConsumerCoordinator] (Thread-716) [Consumer clientId=consumer-Consumer-topic-b9fee0be_d71b_4266_8481_003f71ffda4a-14, groupId=Consumer-topic-b9fee0be_d71b_4266_8481_003f71ffda4a] Notifying assignor about the new Assignment(partitions=[topic-b9fee0be_d71b_4266_8481_003f71ffda4a-0])
2025-08-13 16:43:04,697 INFO  [org.apa.kaf.cli.con.int.ConsumerRebalanceListenerInvoker] (Thread-716) [Consumer clientId=consumer-Consumer-topic-b9fee0be_d71b_4266_8481_003f71ffda4a-14, groupId=Consumer-topic-b9fee0be_d71b_4266_8481_003f71ffda4a] Adding newly assigned partitions: topic-b9fee0be_d71b_4266_8481_003f71ffda4a-0
2025-08-13 16:43:04,698 INFO  [org.apa.kaf.cli.con.int.ConsumerCoordinator] (Thread-716) [Consumer clientId=consumer-Consumer-topic-b9fee0be_d71b_4266_8481_003f71ffda4a-14, groupId=Consumer-topic-b9fee0be_d71b_4266_8481_003f71ffda4a] Found no committed offset for partition topic-b9fee0be_d71b_4266_8481_003f71ffda4a-0
2025-08-13 16:43:04,701 INFO  [org.apa.kaf.cli.con.int.SubscriptionState] (Thread-716) [Consumer clientId=consumer-Consumer-topic-b9fee0be_d71b_4266_8481_003f71ffda4a-14, groupId=Consumer-topic-b9fee0be_d71b_4266_8481_003f71ffda4a] Resetting offset for partition topic-b9fee0be_d71b_4266_8481_003f71ffda4a-0 to position FetchPosition{offset=0, offsetEpoch=Optional.empty, currentLeader=LeaderAndEpoch{leader=Optional[localhost:32769 (id: 0 rack: null)], epoch=0}}.
2025-08-13 16:43:04,726 INFO  [io.api.tes.ser.api.KafkaSerdesTester] (Thread-716) topic-b9fee0be_d71b_4266_8481_003f71ffda4a 0 0 {"key11755103380372": "value-0"}
2025-08-13 16:43:04,726 INFO  [io.api.tes.ser.api.KafkaSerdesTester] (Thread-716) topic-b9fee0be_d71b_4266_8481_003f71ffda4a 0 1 {"key11755103380372": "value-1"}
2025-08-13 16:43:04,726 INFO  [io.api.tes.ser.api.KafkaSerdesTester] (Thread-716) topic-b9fee0be_d71b_4266_8481_003f71ffda4a 0 2 {"key11755103380372": "value-2"}
2025-08-13 16:43:04,726 INFO  [io.api.tes.ser.api.KafkaSerdesTester] (Thread-716) topic-b9fee0be_d71b_4266_8481_003f71ffda4a 0 3 {"key11755103380372": "value-3"}
2025-08-13 16:43:04,726 INFO  [io.api.tes.ser.api.KafkaSerdesTester] (Thread-716) topic-b9fee0be_d71b_4266_8481_003f71ffda4a 0 4 {"key11755103380372": "value-4"}
2025-08-13 16:43:04,726 INFO  [io.api.tes.ser.api.KafkaSerdesTester] (Thread-716) topic-b9fee0be_d71b_4266_8481_003f71ffda4a 0 5 {"key11755103380372": "value-5"}
2025-08-13 16:43:04,726 INFO  [io.api.tes.ser.api.KafkaSerdesTester] (Thread-716) topic-b9fee0be_d71b_4266_8481_003f71ffda4a 0 6 {"key11755103380372": "value-6"}
2025-08-13 16:43:04,726 INFO  [io.api.tes.ser.api.KafkaSerdesTester] (Thread-716) topic-b9fee0be_d71b_4266_8481_003f71ffda4a 0 7 {"key11755103380372": "value-7"}
2025-08-13 16:43:04,726 INFO  [io.api.tes.ser.api.KafkaSerdesTester] (Thread-716) topic-b9fee0be_d71b_4266_8481_003f71ffda4a 0 8 {"key11755103380372": "value-8"}
2025-08-13 16:43:04,726 INFO  [io.api.tes.ser.api.KafkaSerdesTester] (Thread-716) topic-b9fee0be_d71b_4266_8481_003f71ffda4a 0 9 {"key11755103380372": "value-9"}
2025-08-13 16:43:04,726 INFO  [io.api.tes.ser.api.KafkaSerdesTester] (Thread-716) Consumed 10 messages
2025-08-13 16:43:04,734 INFO  [org.apa.kaf.cli.con.int.ConsumerRebalanceListenerInvoker] (Thread-716) [Consumer clientId=consumer-Consumer-topic-b9fee0be_d71b_4266_8481_003f71ffda4a-14, groupId=Consumer-topic-b9fee0be_d71b_4266_8481_003f71ffda4a] Revoke previously assigned partitions topic-b9fee0be_d71b_4266_8481_003f71ffda4a-0
2025-08-13 16:43:04,734 INFO  [org.apa.kaf.cli.con.int.ConsumerCoordinator] (Thread-716) [Consumer clientId=consumer-Consumer-topic-b9fee0be_d71b_4266_8481_003f71ffda4a-14, groupId=Consumer-topic-b9fee0be_d71b_4266_8481_003f71ffda4a] Member consumer-Consumer-topic-b9fee0be_d71b_4266_8481_003f71ffda4a-14-82b69161-e8d0-4863-abd5-931e6fb69fd8 sending LeaveGroup request to coordinator localhost:32769 (id: 2147483647 rack: null) due to the consumer is being closed
2025-08-13 16:43:04,735 INFO  [org.apa.kaf.cli.con.int.ConsumerCoordinator] (Thread-716) [Consumer clientId=consumer-Consumer-topic-b9fee0be_d71b_4266_8481_003f71ffda4a-14, groupId=Consumer-topic-b9fee0be_d71b_4266_8481_003f71ffda4a] Resetting generation and member id due to: consumer pro-actively leaving the group
2025-08-13 16:43:04,735 INFO  [org.apa.kaf.cli.con.int.ConsumerCoordinator] (Thread-716) [Consumer clientId=consumer-Consumer-topic-b9fee0be_d71b_4266_8481_003f71ffda4a-14, groupId=Consumer-topic-b9fee0be_d71b_4266_8481_003f71ffda4a] Request joining group due to: consumer pro-actively leaving the group
2025-08-13 16:43:05,229 INFO  [org.apa.kaf.com.met.Metrics] (Thread-716) Metrics scheduler closed
2025-08-13 16:43:05,229 INFO  [org.apa.kaf.com.met.Metrics] (Thread-716) Closing reporter org.apache.kafka.common.metrics.JmxReporter
2025-08-13 16:43:05,229 INFO  [org.apa.kaf.com.met.Metrics] (Thread-716) Closing reporter org.apache.kafka.common.telemetry.internals.ClientTelemetryReporter
2025-08-13 16:43:05,229 INFO  [org.apa.kaf.com.met.Metrics] (Thread-716) Metrics reporters closed
2025-08-13 16:43:05,232 INFO  [org.apa.kaf.com.uti.AppInfoParser] (Thread-716) App info kafka.consumer for consumer-Consumer-topic-b9fee0be_d71b_4266_8481_003f71ffda4a-14 unregistered
2025-08-13 16:43:05,233 INFO  [org.apa.kaf.cli.con.int.ClassicKafkaConsumer] (Thread-717) [Consumer clientId=consumer-Consumer-topic-d8328484_db3e_434e_b155_9dcd4ea4c506-15, groupId=Consumer-topic-d8328484_db3e_434e_b155_9dcd4ea4c506] Subscribed to topic(s): topic-d8328484_db3e_434e_b155_9dcd4ea4c506
2025-08-13 16:43:05,240 INFO  [org.apa.kaf.cli.Metadata] (Thread-717) [Consumer clientId=consumer-Consumer-topic-d8328484_db3e_434e_b155_9dcd4ea4c506-15, groupId=Consumer-topic-d8328484_db3e_434e_b155_9dcd4ea4c506] Cluster ID: MGWopiWBQlear_SiqMs63w
2025-08-13 16:43:05,241 INFO  [org.apa.kaf.cli.con.int.ConsumerCoordinator] (Thread-717) [Consumer clientId=consumer-Consumer-topic-d8328484_db3e_434e_b155_9dcd4ea4c506-15, groupId=Consumer-topic-d8328484_db3e_434e_b155_9dcd4ea4c506] Discovered group coordinator localhost:32769 (id: 2147483647 rack: null)
2025-08-13 16:43:05,243 INFO  [org.apa.kaf.cli.con.int.ConsumerCoordinator] (Thread-717) [Consumer clientId=consumer-Consumer-topic-d8328484_db3e_434e_b155_9dcd4ea4c506-15, groupId=Consumer-topic-d8328484_db3e_434e_b155_9dcd4ea4c506] (Re-)joining group
2025-08-13 16:43:05,245 INFO  [org.apa.kaf.cli.con.int.ConsumerCoordinator] (Thread-717) [Consumer clientId=consumer-Consumer-topic-d8328484_db3e_434e_b155_9dcd4ea4c506-15, groupId=Consumer-topic-d8328484_db3e_434e_b155_9dcd4ea4c506] Request joining group due to: need to re-join with the given member-id: consumer-Consumer-topic-d8328484_db3e_434e_b155_9dcd4ea4c506-15-1f225acf-d5b3-4f75-a303-506659677781
2025-08-13 16:43:05,245 INFO  [org.apa.kaf.cli.con.int.ConsumerCoordinator] (Thread-717) [Consumer clientId=consumer-Consumer-topic-d8328484_db3e_434e_b155_9dcd4ea4c506-15, groupId=Consumer-topic-d8328484_db3e_434e_b155_9dcd4ea4c506] (Re-)joining group
2025-08-13 16:43:06,234 INFO  [io.api.tes.ser.api.KafkaSerdesTester] (Thread-717) None found
2025-08-13 16:43:07,235 INFO  [io.api.tes.ser.api.KafkaSerdesTester] (Thread-717) None found
2025-08-13 16:43:08,236 INFO  [io.api.tes.ser.api.KafkaSerdesTester] (Thread-717) None found
2025-08-13 16:43:08,247 INFO  [org.apa.kaf.cli.con.int.ConsumerCoordinator] (Thread-717) [Consumer clientId=consumer-Consumer-topic-d8328484_db3e_434e_b155_9dcd4ea4c506-15, groupId=Consumer-topic-d8328484_db3e_434e_b155_9dcd4ea4c506] Successfully joined group with generation Generation{generationId=1, memberId='consumer-Consumer-topic-d8328484_db3e_434e_b155_9dcd4ea4c506-15-1f225acf-d5b3-4f75-a303-506659677781', protocol='range'}
2025-08-13 16:43:08,248 INFO  [org.apa.kaf.cli.con.int.ConsumerCoordinator] (Thread-717) [Consumer clientId=consumer-Consumer-topic-d8328484_db3e_434e_b155_9dcd4ea4c506-15, groupId=Consumer-topic-d8328484_db3e_434e_b155_9dcd4ea4c506] Finished assignment for group at generation 1: {consumer-Consumer-topic-d8328484_db3e_434e_b155_9dcd4ea4c506-15-1f225acf-d5b3-4f75-a303-506659677781=Assignment(partitions=[topic-d8328484_db3e_434e_b155_9dcd4ea4c506-0])}
2025-08-13 16:43:08,255 INFO  [org.apa.kaf.cli.con.int.ConsumerCoordinator] (Thread-717) [Consumer clientId=consumer-Consumer-topic-d8328484_db3e_434e_b155_9dcd4ea4c506-15, groupId=Consumer-topic-d8328484_db3e_434e_b155_9dcd4ea4c506] Successfully synced group in generation Generation{generationId=1, memberId='consumer-Consumer-topic-d8328484_db3e_434e_b155_9dcd4ea4c506-15-1f225acf-d5b3-4f75-a303-506659677781', protocol='range'}
2025-08-13 16:43:08,255 INFO  [org.apa.kaf.cli.con.int.ConsumerCoordinator] (Thread-717) [Consumer clientId=consumer-Consumer-topic-d8328484_db3e_434e_b155_9dcd4ea4c506-15, groupId=Consumer-topic-d8328484_db3e_434e_b155_9dcd4ea4c506] Notifying assignor about the new Assignment(partitions=[topic-d8328484_db3e_434e_b155_9dcd4ea4c506-0])
2025-08-13 16:43:08,255 INFO  [org.apa.kaf.cli.con.int.ConsumerRebalanceListenerInvoker] (Thread-717) [Consumer clientId=consumer-Consumer-topic-d8328484_db3e_434e_b155_9dcd4ea4c506-15, groupId=Consumer-topic-d8328484_db3e_434e_b155_9dcd4ea4c506] Adding newly assigned partitions: topic-d8328484_db3e_434e_b155_9dcd4ea4c506-0
2025-08-13 16:43:08,257 INFO  [org.apa.kaf.cli.con.int.ConsumerCoordinator] (Thread-717) [Consumer clientId=consumer-Consumer-topic-d8328484_db3e_434e_b155_9dcd4ea4c506-15, groupId=Consumer-topic-d8328484_db3e_434e_b155_9dcd4ea4c506] Found no committed offset for partition topic-d8328484_db3e_434e_b155_9dcd4ea4c506-0
2025-08-13 16:43:08,260 INFO  [org.apa.kaf.cli.con.int.SubscriptionState] (Thread-717) [Consumer clientId=consumer-Consumer-topic-d8328484_db3e_434e_b155_9dcd4ea4c506-15, groupId=Consumer-topic-d8328484_db3e_434e_b155_9dcd4ea4c506] Resetting offset for partition topic-d8328484_db3e_434e_b155_9dcd4ea4c506-0 to position FetchPosition{offset=0, offsetEpoch=Optional.empty, currentLeader=LeaderAndEpoch{leader=Optional[localhost:32769 (id: 0 rack: null)], epoch=0}}.
2025-08-13 16:43:08,286 INFO  [io.api.tes.ser.api.KafkaSerdesTester] (Thread-717) topic-d8328484_db3e_434e_b155_9dcd4ea4c506 0 0 {"key11755103380372": "value-0"}
2025-08-13 16:43:08,286 INFO  [io.api.tes.ser.api.KafkaSerdesTester] (Thread-717) topic-d8328484_db3e_434e_b155_9dcd4ea4c506 0 1 {"key11755103380372": "value-1"}
2025-08-13 16:43:08,286 INFO  [io.api.tes.ser.api.KafkaSerdesTester] (Thread-717) topic-d8328484_db3e_434e_b155_9dcd4ea4c506 0 2 {"key11755103380372": "value-2"}
2025-08-13 16:43:08,286 INFO  [io.api.tes.ser.api.KafkaSerdesTester] (Thread-717) topic-d8328484_db3e_434e_b155_9dcd4ea4c506 0 3 {"key11755103380372": "value-3"}
2025-08-13 16:43:08,286 INFO  [io.api.tes.ser.api.KafkaSerdesTester] (Thread-717) topic-d8328484_db3e_434e_b155_9dcd4ea4c506 0 4 {"key11755103380372": "value-4"}
2025-08-13 16:43:08,286 INFO  [io.api.tes.ser.api.KafkaSerdesTester] (Thread-717) topic-d8328484_db3e_434e_b155_9dcd4ea4c506 0 5 {"key11755103380372": "value-5"}
2025-08-13 16:43:08,286 INFO  [io.api.tes.ser.api.KafkaSerdesTester] (Thread-717) topic-d8328484_db3e_434e_b155_9dcd4ea4c506 0 6 {"key11755103380372": "value-6"}
2025-08-13 16:43:08,286 INFO  [io.api.tes.ser.api.KafkaSerdesTester] (Thread-717) topic-d8328484_db3e_434e_b155_9dcd4ea4c506 0 7 {"key11755103380372": "value-7"}
2025-08-13 16:43:08,286 INFO  [io.api.tes.ser.api.KafkaSerdesTester] (Thread-717) topic-d8328484_db3e_434e_b155_9dcd4ea4c506 0 8 {"key11755103380372": "value-8"}
2025-08-13 16:43:08,286 INFO  [io.api.tes.ser.api.KafkaSerdesTester] (Thread-717) topic-d8328484_db3e_434e_b155_9dcd4ea4c506 0 9 {"key11755103380372": "value-9"}
2025-08-13 16:43:08,286 INFO  [io.api.tes.ser.api.KafkaSerdesTester] (Thread-717) Consumed 10 messages
2025-08-13 16:43:08,294 INFO  [org.apa.kaf.cli.con.int.ConsumerRebalanceListenerInvoker] (Thread-717) [Consumer clientId=consumer-Consumer-topic-d8328484_db3e_434e_b155_9dcd4ea4c506-15, groupId=Consumer-topic-d8328484_db3e_434e_b155_9dcd4ea4c506] Revoke previously assigned partitions topic-d8328484_db3e_434e_b155_9dcd4ea4c506-0
2025-08-13 16:43:08,294 INFO  [org.apa.kaf.cli.con.int.ConsumerCoordinator] (Thread-717) [Consumer clientId=consumer-Consumer-topic-d8328484_db3e_434e_b155_9dcd4ea4c506-15, groupId=Consumer-topic-d8328484_db3e_434e_b155_9dcd4ea4c506] Member consumer-Consumer-topic-d8328484_db3e_434e_b155_9dcd4ea4c506-15-1f225acf-d5b3-4f75-a303-506659677781 sending LeaveGroup request to coordinator localhost:32769 (id: 2147483647 rack: null) due to the consumer is being closed
2025-08-13 16:43:08,294 INFO  [org.apa.kaf.cli.con.int.ConsumerCoordinator] (Thread-717) [Consumer clientId=consumer-Consumer-topic-d8328484_db3e_434e_b155_9dcd4ea4c506-15, groupId=Consumer-topic-d8328484_db3e_434e_b155_9dcd4ea4c506] Resetting generation and member id due to: consumer pro-actively leaving the group
2025-08-13 16:43:08,294 INFO  [org.apa.kaf.cli.con.int.ConsumerCoordinator] (Thread-717) [Consumer clientId=consumer-Consumer-topic-d8328484_db3e_434e_b155_9dcd4ea4c506-15, groupId=Consumer-topic-d8328484_db3e_434e_b155_9dcd4ea4c506] Request joining group due to: consumer pro-actively leaving the group
2025-08-13 16:43:08,788 INFO  [org.apa.kaf.com.met.Metrics] (Thread-717) Metrics scheduler closed
2025-08-13 16:43:08,788 INFO  [org.apa.kaf.com.met.Metrics] (Thread-717) Closing reporter org.apache.kafka.common.metrics.JmxReporter
2025-08-13 16:43:08,788 INFO  [org.apa.kaf.com.met.Metrics] (Thread-717) Closing reporter org.apache.kafka.common.telemetry.internals.ClientTelemetryReporter
2025-08-13 16:43:08,788 INFO  [org.apa.kaf.com.met.Metrics] (Thread-717) Metrics reporters closed
2025-08-13 16:43:08,791 INFO  [org.apa.kaf.com.uti.AppInfoParser] (Thread-717) App info kafka.consumer for consumer-Consumer-topic-d8328484_db3e_434e_b155_9dcd4ea4c506-15 unregistered
2025-08-13 16:43:08,792 INFO  [org.apa.kaf.cli.con.int.ClassicKafkaConsumer] (Thread-718) [Consumer clientId=consumer-Consumer-topic-35fc2e96_c607_4cd1_87fc_dd7b9845b4c5-16, groupId=Consumer-topic-35fc2e96_c607_4cd1_87fc_dd7b9845b4c5] Subscribed to topic(s): topic-35fc2e96_c607_4cd1_87fc_dd7b9845b4c5
2025-08-13 16:43:08,800 INFO  [org.apa.kaf.cli.Metadata] (Thread-718) [Consumer clientId=consumer-Consumer-topic-35fc2e96_c607_4cd1_87fc_dd7b9845b4c5-16, groupId=Consumer-topic-35fc2e96_c607_4cd1_87fc_dd7b9845b4c5] Cluster ID: MGWopiWBQlear_SiqMs63w
2025-08-13 16:43:08,800 INFO  [org.apa.kaf.cli.con.int.ConsumerCoordinator] (Thread-718) [Consumer clientId=consumer-Consumer-topic-35fc2e96_c607_4cd1_87fc_dd7b9845b4c5-16, groupId=Consumer-topic-35fc2e96_c607_4cd1_87fc_dd7b9845b4c5] Discovered group coordinator localhost:32769 (id: 2147483647 rack: null)
2025-08-13 16:43:08,802 INFO  [org.apa.kaf.cli.con.int.ConsumerCoordinator] (Thread-718) [Consumer clientId=consumer-Consumer-topic-35fc2e96_c607_4cd1_87fc_dd7b9845b4c5-16, groupId=Consumer-topic-35fc2e96_c607_4cd1_87fc_dd7b9845b4c5] (Re-)joining group
2025-08-13 16:43:08,804 INFO  [org.apa.kaf.cli.con.int.ConsumerCoordinator] (Thread-718) [Consumer clientId=consumer-Consumer-topic-35fc2e96_c607_4cd1_87fc_dd7b9845b4c5-16, groupId=Consumer-topic-35fc2e96_c607_4cd1_87fc_dd7b9845b4c5] Request joining group due to: need to re-join with the given member-id: consumer-Consumer-topic-35fc2e96_c607_4cd1_87fc_dd7b9845b4c5-16-1c47db20-0942-4b53-ab14-2c5afb1f73bb
2025-08-13 16:43:08,804 INFO  [org.apa.kaf.cli.con.int.ConsumerCoordinator] (Thread-718) [Consumer clientId=consumer-Consumer-topic-35fc2e96_c607_4cd1_87fc_dd7b9845b4c5-16, groupId=Consumer-topic-35fc2e96_c607_4cd1_87fc_dd7b9845b4c5] (Re-)joining group
2025-08-13 16:43:09,792 INFO  [io.api.tes.ser.api.KafkaSerdesTester] (Thread-718) None found
2025-08-13 16:43:10,792 INFO  [io.api.tes.ser.api.KafkaSerdesTester] (Thread-718) None found
2025-08-13 16:43:11,792 INFO  [io.api.tes.ser.api.KafkaSerdesTester] (Thread-718) None found
2025-08-13 16:43:11,806 INFO  [org.apa.kaf.cli.con.int.ConsumerCoordinator] (Thread-718) [Consumer clientId=consumer-Consumer-topic-35fc2e96_c607_4cd1_87fc_dd7b9845b4c5-16, groupId=Consumer-topic-35fc2e96_c607_4cd1_87fc_dd7b9845b4c5] Successfully joined group with generation Generation{generationId=1, memberId='consumer-Consumer-topic-35fc2e96_c607_4cd1_87fc_dd7b9845b4c5-16-1c47db20-0942-4b53-ab14-2c5afb1f73bb', protocol='range'}
2025-08-13 16:43:11,806 INFO  [org.apa.kaf.cli.con.int.ConsumerCoordinator] (Thread-718) [Consumer clientId=consumer-Consumer-topic-35fc2e96_c607_4cd1_87fc_dd7b9845b4c5-16, groupId=Consumer-topic-35fc2e96_c607_4cd1_87fc_dd7b9845b4c5] Finished assignment for group at generation 1: {consumer-Consumer-topic-35fc2e96_c607_4cd1_87fc_dd7b9845b4c5-16-1c47db20-0942-4b53-ab14-2c5afb1f73bb=Assignment(partitions=[topic-35fc2e96_c607_4cd1_87fc_dd7b9845b4c5-0])}
2025-08-13 16:43:11,812 INFO  [org.apa.kaf.cli.con.int.ConsumerCoordinator] (Thread-718) [Consumer clientId=consumer-Consumer-topic-35fc2e96_c607_4cd1_87fc_dd7b9845b4c5-16, groupId=Consumer-topic-35fc2e96_c607_4cd1_87fc_dd7b9845b4c5] Successfully synced group in generation Generation{generationId=1, memberId='consumer-Consumer-topic-35fc2e96_c607_4cd1_87fc_dd7b9845b4c5-16-1c47db20-0942-4b53-ab14-2c5afb1f73bb', protocol='range'}
2025-08-13 16:43:11,813 INFO  [org.apa.kaf.cli.con.int.ConsumerCoordinator] (Thread-718) [Consumer clientId=consumer-Consumer-topic-35fc2e96_c607_4cd1_87fc_dd7b9845b4c5-16, groupId=Consumer-topic-35fc2e96_c607_4cd1_87fc_dd7b9845b4c5] Notifying assignor about the new Assignment(partitions=[topic-35fc2e96_c607_4cd1_87fc_dd7b9845b4c5-0])
2025-08-13 16:43:11,813 INFO  [org.apa.kaf.cli.con.int.ConsumerRebalanceListenerInvoker] (Thread-718) [Consumer clientId=consumer-Consumer-topic-35fc2e96_c607_4cd1_87fc_dd7b9845b4c5-16, groupId=Consumer-topic-35fc2e96_c607_4cd1_87fc_dd7b9845b4c5] Adding newly assigned partitions: topic-35fc2e96_c607_4cd1_87fc_dd7b9845b4c5-0
2025-08-13 16:43:11,813 INFO  [org.apa.kaf.cli.con.int.ConsumerCoordinator] (Thread-718) [Consumer clientId=consumer-Consumer-topic-35fc2e96_c607_4cd1_87fc_dd7b9845b4c5-16, groupId=Consumer-topic-35fc2e96_c607_4cd1_87fc_dd7b9845b4c5] Found no committed offset for partition topic-35fc2e96_c607_4cd1_87fc_dd7b9845b4c5-0
2025-08-13 16:43:11,816 INFO  [org.apa.kaf.cli.con.int.SubscriptionState] (Thread-718) [Consumer clientId=consumer-Consumer-topic-35fc2e96_c607_4cd1_87fc_dd7b9845b4c5-16, groupId=Consumer-topic-35fc2e96_c607_4cd1_87fc_dd7b9845b4c5] Resetting offset for partition topic-35fc2e96_c607_4cd1_87fc_dd7b9845b4c5-0 to position FetchPosition{offset=0, offsetEpoch=Optional.empty, currentLeader=LeaderAndEpoch{leader=Optional[localhost:32769 (id: 0 rack: null)], epoch=0}}.
2025-08-13 16:43:11,840 INFO  [io.api.tes.ser.api.KafkaSerdesTester] (Thread-718) topic-35fc2e96_c607_4cd1_87fc_dd7b9845b4c5 0 0 {"key11755103380372": "value-0"}
2025-08-13 16:43:11,840 INFO  [io.api.tes.ser.api.KafkaSerdesTester] (Thread-718) topic-35fc2e96_c607_4cd1_87fc_dd7b9845b4c5 0 1 {"key11755103380372": "value-1"}
2025-08-13 16:43:11,840 INFO  [io.api.tes.ser.api.KafkaSerdesTester] (Thread-718) topic-35fc2e96_c607_4cd1_87fc_dd7b9845b4c5 0 2 {"key11755103380372": "value-2"}
2025-08-13 16:43:11,840 INFO  [io.api.tes.ser.api.KafkaSerdesTester] (Thread-718) topic-35fc2e96_c607_4cd1_87fc_dd7b9845b4c5 0 3 {"key11755103380372": "value-3"}
2025-08-13 16:43:11,840 INFO  [io.api.tes.ser.api.KafkaSerdesTester] (Thread-718) topic-35fc2e96_c607_4cd1_87fc_dd7b9845b4c5 0 4 {"key11755103380372": "value-4"}
2025-08-13 16:43:11,840 INFO  [io.api.tes.ser.api.KafkaSerdesTester] (Thread-718) topic-35fc2e96_c607_4cd1_87fc_dd7b9845b4c5 0 5 {"key11755103380372": "value-5"}
2025-08-13 16:43:11,840 INFO  [io.api.tes.ser.api.KafkaSerdesTester] (Thread-718) topic-35fc2e96_c607_4cd1_87fc_dd7b9845b4c5 0 6 {"key11755103380372": "value-6"}
2025-08-13 16:43:11,840 INFO  [io.api.tes.ser.api.KafkaSerdesTester] (Thread-718) topic-35fc2e96_c607_4cd1_87fc_dd7b9845b4c5 0 7 {"key11755103380372": "value-7"}
2025-08-13 16:43:11,840 INFO  [io.api.tes.ser.api.KafkaSerdesTester] (Thread-718) topic-35fc2e96_c607_4cd1_87fc_dd7b9845b4c5 0 8 {"key11755103380372": "value-8"}
2025-08-13 16:43:11,840 INFO  [io.api.tes.ser.api.KafkaSerdesTester] (Thread-718) topic-35fc2e96_c607_4cd1_87fc_dd7b9845b4c5 0 9 {"key11755103380372": "value-9"}
2025-08-13 16:43:11,840 INFO  [io.api.tes.ser.api.KafkaSerdesTester] (Thread-718) Consumed 10 messages
2025-08-13 16:43:11,850 INFO  [org.apa.kaf.cli.con.int.ConsumerRebalanceListenerInvoker] (Thread-718) [Consumer clientId=consumer-Consumer-topic-35fc2e96_c607_4cd1_87fc_dd7b9845b4c5-16, groupId=Consumer-topic-35fc2e96_c607_4cd1_87fc_dd7b9845b4c5] Revoke previously assigned partitions topic-35fc2e96_c607_4cd1_87fc_dd7b9845b4c5-0
2025-08-13 16:43:11,850 INFO  [org.apa.kaf.cli.con.int.ConsumerCoordinator] (Thread-718) [Consumer clientId=consumer-Consumer-topic-35fc2e96_c607_4cd1_87fc_dd7b9845b4c5-16, groupId=Consumer-topic-35fc2e96_c607_4cd1_87fc_dd7b9845b4c5] Member consumer-Consumer-topic-35fc2e96_c607_4cd1_87fc_dd7b9845b4c5-16-1c47db20-0942-4b53-ab14-2c5afb1f73bb sending LeaveGroup request to coordinator localhost:32769 (id: 2147483647 rack: null) due to the consumer is being closed
2025-08-13 16:43:11,850 INFO  [org.apa.kaf.cli.con.int.ConsumerCoordinator] (Thread-718) [Consumer clientId=consumer-Consumer-topic-35fc2e96_c607_4cd1_87fc_dd7b9845b4c5-16, groupId=Consumer-topic-35fc2e96_c607_4cd1_87fc_dd7b9845b4c5] Resetting generation and member id due to: consumer pro-actively leaving the group
2025-08-13 16:43:11,850 INFO  [org.apa.kaf.cli.con.int.ConsumerCoordinator] (Thread-718) [Consumer clientId=consumer-Consumer-topic-35fc2e96_c607_4cd1_87fc_dd7b9845b4c5-16, groupId=Consumer-topic-35fc2e96_c607_4cd1_87fc_dd7b9845b4c5] Request joining group due to: consumer pro-actively leaving the group
2025-08-13 16:43:12,344 INFO  [org.apa.kaf.com.met.Metrics] (Thread-718) Metrics scheduler closed
2025-08-13 16:43:12,345 INFO  [org.apa.kaf.com.met.Metrics] (Thread-718) Closing reporter org.apache.kafka.common.metrics.JmxReporter
2025-08-13 16:43:12,345 INFO  [org.apa.kaf.com.met.Metrics] (Thread-718) Closing reporter org.apache.kafka.common.telemetry.internals.ClientTelemetryReporter
2025-08-13 16:43:12,345 INFO  [org.apa.kaf.com.met.Metrics] (Thread-718) Metrics reporters closed
2025-08-13 16:43:12,346 INFO  [org.apa.kaf.com.uti.AppInfoParser] (Thread-718) App info kafka.consumer for consumer-Consumer-topic-35fc2e96_c607_4cd1_87fc_dd7b9845b4c5-16 unregistered
2025-08-13 16:43:12,347 INFO  [io.api.tes.uti.TestSeparator] (main) io.apicurio.tests.serdes.apicurio.AvroSerdeIT.testAvroConfluentForMultipleTopics-FINISHED
2025-08-13 16:43:12,347 INFO  [io.api.tes.uti.TestSeparator] (main) ############################################################################
Test passed: testAvroConfluentForMultipleTopics
]]></system-out>
  </testcase>
  <testcase name="testFirstRequestFailsRateLimited" classname="io.apicurio.tests.serdes.apicurio.AvroSerdeIT" time="1.011">
    <system-out><![CDATA[2025-08-13 16:43:12,349 INFO  [io.api.tes.uti.TestSeparator] (main) ############################################################################
2025-08-13 16:43:12,349 INFO  [io.api.tes.uti.TestSeparator] (main) io.apicurio.tests.serdes.apicurio.AvroSerdeIT.testFirstRequestFailsRateLimited-STARTED
2025-08-13 16:43:12,870 WARN  [org.ecl.jet.ser.AbstractConnector] (main) Acceptors should be <= availableProcessors: NetworkTrafficServerConnector@495b3b23{HTTP/1.1, (http/1.1, h2c)}{0.0.0.0:0} 
2025-08-13 16:43:12,987 INFO  [org.ecl.jet.ser.Server] (main) jetty-11.0.15; built: 2023-04-11T18:37:53.775Z; git: 5bc5e562c8d05c5862505aebe5cf83a61bdbcb96; jvm 17.0.16+8
2025-08-13 16:43:13,015 INFO  [org.ecl.jet.ser.han.ContextHandler] (main) Started o.e.j.s.ServletContextHandler@6719b4a{/__admin,null,AVAILABLE}
2025-08-13 16:43:13,026 INFO  [org.ecl.jet.ser.han.Con.ROOT] (main) RequestHandlerClass from context returned com.github.tomakehurst.wiremock.http.StubRequestHandler. Normalized mapped under returned 'null'
2025-08-13 16:43:13,026 INFO  [org.ecl.jet.ser.han.ContextHandler] (main) Started o.e.j.s.ServletContextHandler@6198bac2{/,null,AVAILABLE}
2025-08-13 16:43:13,034 INFO  [org.ecl.jet.ser.AbstractConnector] (main) Started NetworkTrafficServerConnector@495b3b23{HTTP/1.1, (http/1.1, h2c)}{0.0.0.0:38487}
2025-08-13 16:43:13,035 INFO  [org.ecl.jet.ser.Server] (main) Started Server@680882bd{STARTING}[11.0.15,sto=1000] @105917ms
**** Registry Base URL: http://registry-app-ksql047.apps.ci419.apicurio-testing.org:80
2025-08-13 16:43:13,048 INFO  [org.apa.kaf.cli.pro.ProducerConfig] (main) ProducerConfig values: 
	acks = -1
	auto.include.jmx.reporter = true
	batch.size = 16384
	bootstrap.servers = [PLAINTEXT://localhost:32769]
	buffer.memory = 33554432
	client.dns.lookup = use_all_dns_ips
	client.id = Producer-topic-b074169b_3a50_473f_87a8_7c5b18ba8647
	compression.gzip.level = -1
	compression.lz4.level = 9
	compression.type = none
	compression.zstd.level = 3
	connections.max.idle.ms = 10000
	delivery.timeout.ms = 120000
	enable.idempotence = true
	enable.metrics.push = true
	interceptor.classes = []
	key.serializer = class org.apache.kafka.common.serialization.StringSerializer
	linger.ms = 0
	max.block.ms = 60000
	max.in.flight.requests.per.connection = 5
	max.request.size = 1048576
	metadata.max.age.ms = 300000
	metadata.max.idle.ms = 300000
	metadata.recovery.strategy = none
	metric.reporters = []
	metrics.num.samples = 2
	metrics.recording.level = INFO
	metrics.sample.window.ms = 30000
	partitioner.adaptive.partitioning.enable = true
	partitioner.availability.timeout.ms = 0
	partitioner.class = null
	partitioner.ignore.keys = false
	receive.buffer.bytes = 32768
	reconnect.backoff.max.ms = 1000
	reconnect.backoff.ms = 50
	request.timeout.ms = 5000
	retries = 2147483647
	retry.backoff.max.ms = 1000
	retry.backoff.ms = 100
	sasl.client.callback.handler.class = null
	sasl.jaas.config = null
	sasl.kerberos.kinit.cmd = /usr/bin/kinit
	sasl.kerberos.min.time.before.relogin = 60000
	sasl.kerberos.service.name = null
	sasl.kerberos.ticket.renew.jitter = 0.05
	sasl.kerberos.ticket.renew.window.factor = 0.8
	sasl.login.callback.handler.class = null
	sasl.login.class = null
	sasl.login.connect.timeout.ms = null
	sasl.login.read.timeout.ms = null
	sasl.login.refresh.buffer.seconds = 300
	sasl.login.refresh.min.period.seconds = 60
	sasl.login.refresh.window.factor = 0.8
	sasl.login.refresh.window.jitter = 0.05
	sasl.login.retry.backoff.max.ms = 10000
	sasl.login.retry.backoff.ms = 100
	sasl.mechanism = GSSAPI
	sasl.oauthbearer.clock.skew.seconds = 30
	sasl.oauthbearer.expected.audience = null
	sasl.oauthbearer.expected.issuer = null
	sasl.oauthbearer.header.urlencode = false
	sasl.oauthbearer.jwks.endpoint.refresh.ms = 3600000
	sasl.oauthbearer.jwks.endpoint.retry.backoff.max.ms = 10000
	sasl.oauthbearer.jwks.endpoint.retry.backoff.ms = 100
	sasl.oauthbearer.jwks.endpoint.url = null
	sasl.oauthbearer.scope.claim.name = scope
	sasl.oauthbearer.sub.claim.name = sub
	sasl.oauthbearer.token.endpoint.url = null
	security.protocol = PLAINTEXT
	security.providers = null
	send.buffer.bytes = 131072
	socket.connection.setup.timeout.max.ms = 30000
	socket.connection.setup.timeout.ms = 10000
	ssl.cipher.suites = null
	ssl.enabled.protocols = [TLSv1.2, TLSv1.3]
	ssl.endpoint.identification.algorithm = https
	ssl.engine.factory.class = null
	ssl.key.password = null
	ssl.keymanager.algorithm = SunX509
	ssl.keystore.certificate.chain = null
	ssl.keystore.key = null
	ssl.keystore.location = null
	ssl.keystore.password = null
	ssl.keystore.type = JKS
	ssl.protocol = TLSv1.3
	ssl.provider = null
	ssl.secure.random.implementation = null
	ssl.trustmanager.algorithm = PKIX
	ssl.truststore.certificates = null
	ssl.truststore.location = null
	ssl.truststore.password = null
	ssl.truststore.type = JKS
	transaction.timeout.ms = 60000
	transactional.id = null
	value.serializer = class io.apicurio.registry.serde.avro.AvroKafkaSerializer

2025-08-13 16:43:13,049 INFO  [org.apa.kaf.com.tel.int.KafkaMetricsCollector] (main) initializing Kafka metrics collector
2025-08-13 16:43:13,053 INFO  [org.apa.kaf.cli.pro.KafkaProducer] (main) [Producer clientId=Producer-topic-b074169b_3a50_473f_87a8_7c5b18ba8647] Instantiated an idempotent producer.
2025-08-13 16:43:13,056 INFO  [org.apa.kaf.cli.pro.ProducerConfig] (main) These configurations '[apicurio.registry.url, apicurio.registry.artifact-resolver-strategy]' were supplied but are not used yet.
2025-08-13 16:43:13,056 INFO  [org.apa.kaf.com.uti.AppInfoParser] (main) Kafka version: 3.9.1
2025-08-13 16:43:13,056 INFO  [org.apa.kaf.com.uti.AppInfoParser] (main) Kafka commitId: f745dfdcee2b9851
2025-08-13 16:43:13,056 INFO  [org.apa.kaf.com.uti.AppInfoParser] (main) Kafka startTimeMs: 1755103393056
2025-08-13 16:43:13,058 INFO  [io.api.tes.ser.api.KafkaSerdesTester] (Thread-729) Sending message {"keyB": "value-0"} to topic topic-b074169b_3a50_473f_87a8_7c5b18ba8647
2025-08-13 16:43:13,063 WARN  [org.apa.kaf.cli.NetworkClient] (kafka-producer-network-thread | Producer-topic-b074169b_3a50_473f_87a8_7c5b18ba8647) [Producer clientId=Producer-topic-b074169b_3a50_473f_87a8_7c5b18ba8647] The metadata response from the cluster reported a recoverable issue with correlation id 1 : {topic-b074169b_3a50_473f_87a8_7c5b18ba8647=UNKNOWN_TOPIC_OR_PARTITION}
2025-08-13 16:43:13,064 INFO  [org.apa.kaf.cli.Metadata] (kafka-producer-network-thread | Producer-topic-b074169b_3a50_473f_87a8_7c5b18ba8647) [Producer clientId=Producer-topic-b074169b_3a50_473f_87a8_7c5b18ba8647] Cluster ID: MGWopiWBQlear_SiqMs63w
2025-08-13 16:43:13,064 INFO  [org.apa.kaf.cli.pro.int.TransactionManager] (kafka-producer-network-thread | Producer-topic-b074169b_3a50_473f_87a8_7c5b18ba8647) [Producer clientId=Producer-topic-b074169b_3a50_473f_87a8_7c5b18ba8647] ProducerId set to 22 with epoch 0
2025-08-13 16:43:13,183 INFO  [DefaultSchemaResolver] (Thread-729) Retrieving schema content using string: {"type":"record","name":"myrecord","namespace":"mygroup","fields":[{"name":"keyB","type":"string"}]}
2025-08-13 16:43:13,341 INFO  [org.apa.kaf.cli.pro.KafkaProducer] (Thread-729) [Producer clientId=Producer-topic-b074169b_3a50_473f_87a8_7c5b18ba8647] Closing the Kafka producer with timeoutMillis = 9223372036854775807 ms.
2025-08-13 16:43:13,345 INFO  [org.apa.kaf.com.met.Metrics] (Thread-729) Metrics scheduler closed
2025-08-13 16:43:13,345 INFO  [org.apa.kaf.com.met.Metrics] (Thread-729) Closing reporter org.apache.kafka.common.metrics.JmxReporter
2025-08-13 16:43:13,345 INFO  [org.apa.kaf.com.met.Metrics] (Thread-729) Closing reporter org.apache.kafka.common.telemetry.internals.ClientTelemetryReporter
2025-08-13 16:43:13,345 INFO  [org.apa.kaf.com.met.Metrics] (Thread-729) Metrics reporters closed
2025-08-13 16:43:13,346 INFO  [org.apa.kaf.com.uti.AppInfoParser] (Thread-729) App info kafka.producer for Producer-topic-b074169b_3a50_473f_87a8_7c5b18ba8647 unregistered
2025-08-13 16:43:13,347 INFO  [org.ecl.jet.ser.Server] (main) Stopped Server@680882bd{STOPPING}[11.0.15,sto=1000]
2025-08-13 16:43:13,347 INFO  [org.ecl.jet.ser.Server] (main) Shutdown Server@680882bd{STOPPING}[11.0.15,sto=1000]
2025-08-13 16:43:13,353 INFO  [org.ecl.jet.ser.AbstractConnector] (main) Stopped NetworkTrafficServerConnector@495b3b23{HTTP/1.1, (http/1.1, h2c)}{0.0.0.0:0}
2025-08-13 16:43:13,356 INFO  [org.ecl.jet.ser.han.ContextHandler] (main) Stopped o.e.j.s.ServletContextHandler@6198bac2{/,null,STOPPED}
2025-08-13 16:43:13,356 INFO  [org.ecl.jet.ser.han.ContextHandler] (main) Stopped o.e.j.s.ServletContextHandler@6719b4a{/__admin,null,STOPPED}
2025-08-13 16:43:13,359 INFO  [io.api.tes.uti.TestSeparator] (main) io.apicurio.tests.serdes.apicurio.AvroSerdeIT.testFirstRequestFailsRateLimited-FINISHED
2025-08-13 16:43:13,359 INFO  [io.api.tes.uti.TestSeparator] (main) ############################################################################
Test passed: testFirstRequestFailsRateLimited
]]></system-out>
    <system-err><![CDATA[com.microsoft.kiota.ApiException: the server returned an unexpected status code and no error class is registered for this code 429
	at com.microsoft.kiota.ApiExceptionBuilder.withMessage(ApiExceptionBuilder.java:45)
	at io.kiota.http.vertx.VertXRequestAdapter.throwIfFailedResponse(VertXRequestAdapter.java:370)
	at io.kiota.http.vertx.VertXRequestAdapter.send(VertXRequestAdapter.java:170)
	at io.apicurio.registry.rest.client.search.versions.VersionsRequestBuilder.post(VersionsRequestBuilder.java:94)
	at io.apicurio.registry.resolver.client.RegistryClientFacadeImpl.searchVersionsByContent(RegistryClientFacadeImpl.java:106)
	at io.apicurio.registry.resolver.DefaultSchemaResolver.lambda$handleResolveSchemaByContent$3(DefaultSchemaResolver.java:258)
	at io.apicurio.registry.resolver.cache.ERCache.lambda$getValue$0(ERCache.java:174)
	at io.apicurio.registry.resolver.cache.ERCache.retry(ERCache.java:227)
	at io.apicurio.registry.resolver.cache.ERCache.getValue(ERCache.java:173)
	at io.apicurio.registry.resolver.cache.ERCache.getByContent(ERCache.java:147)
	at io.apicurio.registry.resolver.DefaultSchemaResolver.handleResolveSchemaByContent(DefaultSchemaResolver.java:253)
	at io.apicurio.registry.resolver.DefaultSchemaResolver.getSchemaFromRegistry(DefaultSchemaResolver.java:138)
	at io.apicurio.registry.resolver.DefaultSchemaResolver.lambda$resolveSchema$0(DefaultSchemaResolver.java:84)
	at java.base/java.util.Optional.orElseGet(Optional.java:364)
	at io.apicurio.registry.resolver.DefaultSchemaResolver.resolveSchema(DefaultSchemaResolver.java:84)
	at io.apicurio.registry.serde.AbstractSerializer.serializeData(AbstractSerializer.java:62)
	at io.apicurio.registry.serde.KafkaSerializer.serialize(KafkaSerializer.java:77)
	at org.apache.kafka.clients.producer.KafkaProducer.doSend(KafkaProducer.java:1046)
	at org.apache.kafka.clients.producer.KafkaProducer.send(KafkaProducer.java:993)
	at org.apache.kafka.clients.producer.KafkaProducer.send(KafkaProducer.java:875)
	at io.apicurio.tests.serdes.apicurio.KafkaSerdesTester.lambda$produceMessages$3(KafkaSerdesTester.java:138)
	at java.base/java.util.concurrent.CompletableFuture$AsyncSupply.run(CompletableFuture.java:1768)
	at java.base/java.lang.Thread.run(Thread.java:840)
]]></system-err>
  </testcase>
  <testcase name="testFirstEmptyFieldConfusedAsMagicByte" classname="io.apicurio.tests.serdes.apicurio.AvroSerdeIT" time="3.835">
    <system-out><![CDATA[2025-08-13 16:43:13,361 INFO  [io.api.tes.uti.TestSeparator] (main) ############################################################################
2025-08-13 16:43:13,361 INFO  [io.api.tes.uti.TestSeparator] (main) io.apicurio.tests.serdes.apicurio.AvroSerdeIT.testFirstEmptyFieldConfusedAsMagicByte-STARTED
**** Registry Base URL: http://registry-app-ksql047.apps.ci419.apicurio-testing.org:80
2025-08-13 16:43:13,369 INFO  [org.apa.kaf.cli.pro.ProducerConfig] (main) ProducerConfig values: 
	acks = -1
	auto.include.jmx.reporter = true
	batch.size = 16384
	bootstrap.servers = [PLAINTEXT://localhost:32769]
	buffer.memory = 33554432
	client.dns.lookup = use_all_dns_ips
	client.id = Producer-topic-a564ebd8_f382_4146_be9a_45cf0b6ad42e
	compression.gzip.level = -1
	compression.lz4.level = 9
	compression.type = none
	compression.zstd.level = 3
	connections.max.idle.ms = 10000
	delivery.timeout.ms = 120000
	enable.idempotence = true
	enable.metrics.push = true
	interceptor.classes = []
	key.serializer = class org.apache.kafka.common.serialization.StringSerializer
	linger.ms = 0
	max.block.ms = 60000
	max.in.flight.requests.per.connection = 5
	max.request.size = 1048576
	metadata.max.age.ms = 300000
	metadata.max.idle.ms = 300000
	metadata.recovery.strategy = none
	metric.reporters = []
	metrics.num.samples = 2
	metrics.recording.level = INFO
	metrics.sample.window.ms = 30000
	partitioner.adaptive.partitioning.enable = true
	partitioner.availability.timeout.ms = 0
	partitioner.class = null
	partitioner.ignore.keys = false
	receive.buffer.bytes = 32768
	reconnect.backoff.max.ms = 1000
	reconnect.backoff.ms = 50
	request.timeout.ms = 5000
	retries = 2147483647
	retry.backoff.max.ms = 1000
	retry.backoff.ms = 100
	sasl.client.callback.handler.class = null
	sasl.jaas.config = null
	sasl.kerberos.kinit.cmd = /usr/bin/kinit
	sasl.kerberos.min.time.before.relogin = 60000
	sasl.kerberos.service.name = null
	sasl.kerberos.ticket.renew.jitter = 0.05
	sasl.kerberos.ticket.renew.window.factor = 0.8
	sasl.login.callback.handler.class = null
	sasl.login.class = null
	sasl.login.connect.timeout.ms = null
	sasl.login.read.timeout.ms = null
	sasl.login.refresh.buffer.seconds = 300
	sasl.login.refresh.min.period.seconds = 60
	sasl.login.refresh.window.factor = 0.8
	sasl.login.refresh.window.jitter = 0.05
	sasl.login.retry.backoff.max.ms = 10000
	sasl.login.retry.backoff.ms = 100
	sasl.mechanism = GSSAPI
	sasl.oauthbearer.clock.skew.seconds = 30
	sasl.oauthbearer.expected.audience = null
	sasl.oauthbearer.expected.issuer = null
	sasl.oauthbearer.header.urlencode = false
	sasl.oauthbearer.jwks.endpoint.refresh.ms = 3600000
	sasl.oauthbearer.jwks.endpoint.retry.backoff.max.ms = 10000
	sasl.oauthbearer.jwks.endpoint.retry.backoff.ms = 100
	sasl.oauthbearer.jwks.endpoint.url = null
	sasl.oauthbearer.scope.claim.name = scope
	sasl.oauthbearer.sub.claim.name = sub
	sasl.oauthbearer.token.endpoint.url = null
	security.protocol = PLAINTEXT
	security.providers = null
	send.buffer.bytes = 131072
	socket.connection.setup.timeout.max.ms = 30000
	socket.connection.setup.timeout.ms = 10000
	ssl.cipher.suites = null
	ssl.enabled.protocols = [TLSv1.2, TLSv1.3]
	ssl.endpoint.identification.algorithm = https
	ssl.engine.factory.class = null
	ssl.key.password = null
	ssl.keymanager.algorithm = SunX509
	ssl.keystore.certificate.chain = null
	ssl.keystore.key = null
	ssl.keystore.location = null
	ssl.keystore.password = null
	ssl.keystore.type = JKS
	ssl.protocol = TLSv1.3
	ssl.provider = null
	ssl.secure.random.implementation = null
	ssl.trustmanager.algorithm = PKIX
	ssl.truststore.certificates = null
	ssl.truststore.location = null
	ssl.truststore.password = null
	ssl.truststore.type = JKS
	transaction.timeout.ms = 60000
	transactional.id = null
	value.serializer = class io.apicurio.registry.serde.avro.AvroKafkaSerializer

2025-08-13 16:43:13,373 INFO  [org.apa.kaf.com.tel.int.KafkaMetricsCollector] (main) initializing Kafka metrics collector
2025-08-13 16:43:13,380 INFO  [org.apa.kaf.cli.pro.KafkaProducer] (main) [Producer clientId=Producer-topic-a564ebd8_f382_4146_be9a_45cf0b6ad42e] Instantiated an idempotent producer.
2025-08-13 16:43:13,381 INFO  [org.apa.kaf.cli.pro.ProducerConfig] (main) These configurations '[apicurio.registry.url, apicurio.registry.auto-register, apicurio.registry.artifact-resolver-strategy]' were supplied but are not used yet.
2025-08-13 16:43:13,382 INFO  [org.apa.kaf.com.uti.AppInfoParser] (main) Kafka version: 3.9.1
2025-08-13 16:43:13,382 INFO  [org.apa.kaf.com.uti.AppInfoParser] (main) Kafka commitId: f745dfdcee2b9851
2025-08-13 16:43:13,382 INFO  [org.apa.kaf.com.uti.AppInfoParser] (main) Kafka startTimeMs: 1755103393382
2025-08-13 16:43:13,382 INFO  [io.api.tes.ser.api.SimpleSerdesTesterBuilder$SimpleSerdesTester] (main) Using producer configuration: {apicurio.registry.url=http://registry-app-ksql047.apps.ci419.apicurio-testing.org:80/apis/registry/v3, apicurio.registry.auto-register=true, apicurio.registry.artifact-resolver-strategy=io.apicurio.registry.serde.strategy.SimpleTopicIdStrategy, value.serializer=io.apicurio.registry.serde.avro.AvroKafkaSerializer, request.timeout.ms=5000, acks=all, bootstrap.servers=PLAINTEXT://localhost:32769, connections.max.idle.ms=10000, key.serializer=org.apache.kafka.common.serialization.StringSerializer, client.id=Producer-topic-a564ebd8_f382_4146_be9a_45cf0b6ad42e}
2025-08-13 16:43:13,382 INFO  [io.api.tes.ser.api.SimpleSerdesTesterBuilder$SimpleSerdesTester] (main) Using consumer configuration: {}
2025-08-13 16:43:13,383 INFO  [io.api.tes.ser.api.KafkaSerdesTester] (Thread-732) Sending message {"username": null} to topic topic-a564ebd8_f382_4146_be9a_45cf0b6ad42e
2025-08-13 16:43:13,387 WARN  [org.apa.kaf.cli.NetworkClient] (kafka-producer-network-thread | Producer-topic-a564ebd8_f382_4146_be9a_45cf0b6ad42e) [Producer clientId=Producer-topic-a564ebd8_f382_4146_be9a_45cf0b6ad42e] The metadata response from the cluster reported a recoverable issue with correlation id 1 : {topic-a564ebd8_f382_4146_be9a_45cf0b6ad42e=UNKNOWN_TOPIC_OR_PARTITION}
2025-08-13 16:43:13,387 INFO  [org.apa.kaf.cli.Metadata] (kafka-producer-network-thread | Producer-topic-a564ebd8_f382_4146_be9a_45cf0b6ad42e) [Producer clientId=Producer-topic-a564ebd8_f382_4146_be9a_45cf0b6ad42e] Cluster ID: MGWopiWBQlear_SiqMs63w
2025-08-13 16:43:13,388 INFO  [org.apa.kaf.cli.pro.int.TransactionManager] (kafka-producer-network-thread | Producer-topic-a564ebd8_f382_4146_be9a_45cf0b6ad42e) [Producer clientId=Producer-topic-a564ebd8_f382_4146_be9a_45cf0b6ad42e] ProducerId set to 23 with epoch 0
2025-08-13 16:43:13,586 INFO  [io.api.tes.ser.api.KafkaSerdesTester] (Thread-732) Sending message {"username": null} to topic topic-a564ebd8_f382_4146_be9a_45cf0b6ad42e
2025-08-13 16:43:13,587 INFO  [io.api.tes.ser.api.KafkaSerdesTester] (Thread-732) Sending message {"username": "value-2"} to topic topic-a564ebd8_f382_4146_be9a_45cf0b6ad42e
2025-08-13 16:43:13,591 INFO  [io.api.tes.ser.api.KafkaSerdesTester] (Thread-732) Sending message {"username": null} to topic topic-a564ebd8_f382_4146_be9a_45cf0b6ad42e
2025-08-13 16:43:13,592 INFO  [io.api.tes.ser.api.KafkaSerdesTester] (Thread-732) Sending message {"username": "value-4"} to topic topic-a564ebd8_f382_4146_be9a_45cf0b6ad42e
2025-08-13 16:43:13,595 INFO  [io.api.tes.ser.api.KafkaSerdesTester] (Thread-732) Sending message {"username": null} to topic topic-a564ebd8_f382_4146_be9a_45cf0b6ad42e
2025-08-13 16:43:13,597 INFO  [io.api.tes.ser.api.KafkaSerdesTester] (Thread-732) Sending message {"username": "value-6"} to topic topic-a564ebd8_f382_4146_be9a_45cf0b6ad42e
2025-08-13 16:43:13,599 INFO  [io.api.tes.ser.api.KafkaSerdesTester] (Thread-732) Sending message {"username": null} to topic topic-a564ebd8_f382_4146_be9a_45cf0b6ad42e
2025-08-13 16:43:13,600 INFO  [io.api.tes.ser.api.KafkaSerdesTester] (Thread-732) Sending message {"username": "value-8"} to topic topic-a564ebd8_f382_4146_be9a_45cf0b6ad42e
2025-08-13 16:43:13,606 INFO  [io.api.tes.ser.api.KafkaSerdesTester] (Thread-732) Sending message {"username": null} to topic topic-a564ebd8_f382_4146_be9a_45cf0b6ad42e
2025-08-13 16:43:13,608 INFO  [io.api.tes.ser.api.KafkaSerdesTester] (Thread-732) Produced 10 messages
2025-08-13 16:43:13,608 INFO  [org.apa.kaf.cli.pro.KafkaProducer] (Thread-732) [Producer clientId=Producer-topic-a564ebd8_f382_4146_be9a_45cf0b6ad42e] Closing the Kafka producer with timeoutMillis = 9223372036854775807 ms.
2025-08-13 16:43:13,610 INFO  [org.apa.kaf.com.met.Metrics] (Thread-732) Metrics scheduler closed
2025-08-13 16:43:13,610 INFO  [org.apa.kaf.com.met.Metrics] (Thread-732) Closing reporter org.apache.kafka.common.metrics.JmxReporter
2025-08-13 16:43:13,610 INFO  [org.apa.kaf.com.met.Metrics] (Thread-732) Closing reporter org.apache.kafka.common.telemetry.internals.ClientTelemetryReporter
2025-08-13 16:43:13,610 INFO  [org.apa.kaf.com.met.Metrics] (Thread-732) Metrics reporters closed
2025-08-13 16:43:13,610 INFO  [org.apa.kaf.com.uti.AppInfoParser] (Thread-732) App info kafka.producer for Producer-topic-a564ebd8_f382_4146_be9a_45cf0b6ad42e unregistered
**** Registry Base URL: http://registry-app-ksql047.apps.ci419.apicurio-testing.org:80
2025-08-13 16:43:13,630 INFO  [org.apa.kaf.cli.con.ConsumerConfig] (main) ConsumerConfig values: 
	allow.auto.create.topics = true
	auto.commit.interval.ms = 500
	auto.include.jmx.reporter = true
	auto.offset.reset = earliest
	bootstrap.servers = [PLAINTEXT://localhost:32769]
	check.crcs = true
	client.dns.lookup = use_all_dns_ips
	client.id = consumer-Consumer-topic-a564ebd8_f382_4146_be9a_45cf0b6ad42e-17
	client.rack = 
	connections.max.idle.ms = 10000
	default.api.timeout.ms = 60000
	enable.auto.commit = true
	enable.metrics.push = true
	exclude.internal.topics = true
	fetch.max.bytes = 52428800
	fetch.max.wait.ms = 500
	fetch.min.bytes = 1
	group.id = Consumer-topic-a564ebd8_f382_4146_be9a_45cf0b6ad42e
	group.instance.id = null
	group.protocol = classic
	group.remote.assignor = null
	heartbeat.interval.ms = 3000
	interceptor.classes = []
	internal.leave.group.on.close = true
	internal.throw.on.fetch.stable.offset.unsupported = false
	isolation.level = read_uncommitted
	key.deserializer = class org.apache.kafka.common.serialization.StringDeserializer
	max.partition.fetch.bytes = 1048576
	max.poll.interval.ms = 300000
	max.poll.records = 500
	metadata.max.age.ms = 300000
	metadata.recovery.strategy = none
	metric.reporters = []
	metrics.num.samples = 2
	metrics.recording.level = INFO
	metrics.sample.window.ms = 30000
	partition.assignment.strategy = [class org.apache.kafka.clients.consumer.RangeAssignor, class org.apache.kafka.clients.consumer.CooperativeStickyAssignor]
	receive.buffer.bytes = 65536
	reconnect.backoff.max.ms = 1000
	reconnect.backoff.ms = 50
	request.timeout.ms = 5000
	retry.backoff.max.ms = 1000
	retry.backoff.ms = 100
	sasl.client.callback.handler.class = null
	sasl.jaas.config = null
	sasl.kerberos.kinit.cmd = /usr/bin/kinit
	sasl.kerberos.min.time.before.relogin = 60000
	sasl.kerberos.service.name = null
	sasl.kerberos.ticket.renew.jitter = 0.05
	sasl.kerberos.ticket.renew.window.factor = 0.8
	sasl.login.callback.handler.class = null
	sasl.login.class = null
	sasl.login.connect.timeout.ms = null
	sasl.login.read.timeout.ms = null
	sasl.login.refresh.buffer.seconds = 300
	sasl.login.refresh.min.period.seconds = 60
	sasl.login.refresh.window.factor = 0.8
	sasl.login.refresh.window.jitter = 0.05
	sasl.login.retry.backoff.max.ms = 10000
	sasl.login.retry.backoff.ms = 100
	sasl.mechanism = GSSAPI
	sasl.oauthbearer.clock.skew.seconds = 30
	sasl.oauthbearer.expected.audience = null
	sasl.oauthbearer.expected.issuer = null
	sasl.oauthbearer.header.urlencode = false
	sasl.oauthbearer.jwks.endpoint.refresh.ms = 3600000
	sasl.oauthbearer.jwks.endpoint.retry.backoff.max.ms = 10000
	sasl.oauthbearer.jwks.endpoint.retry.backoff.ms = 100
	sasl.oauthbearer.jwks.endpoint.url = null
	sasl.oauthbearer.scope.claim.name = scope
	sasl.oauthbearer.sub.claim.name = sub
	sasl.oauthbearer.token.endpoint.url = null
	security.protocol = PLAINTEXT
	security.providers = null
	send.buffer.bytes = 131072
	session.timeout.ms = 45000
	socket.connection.setup.timeout.max.ms = 30000
	socket.connection.setup.timeout.ms = 10000
	ssl.cipher.suites = null
	ssl.enabled.protocols = [TLSv1.2, TLSv1.3]
	ssl.endpoint.identification.algorithm = https
	ssl.engine.factory.class = null
	ssl.key.password = null
	ssl.keymanager.algorithm = SunX509
	ssl.keystore.certificate.chain = null
	ssl.keystore.key = null
	ssl.keystore.location = null
	ssl.keystore.password = null
	ssl.keystore.type = JKS
	ssl.protocol = TLSv1.3
	ssl.provider = null
	ssl.secure.random.implementation = null
	ssl.trustmanager.algorithm = PKIX
	ssl.truststore.certificates = null
	ssl.truststore.location = null
	ssl.truststore.password = null
	ssl.truststore.type = JKS
	value.deserializer = class io.apicurio.registry.serde.avro.AvroKafkaDeserializer

2025-08-13 16:43:13,631 INFO  [org.apa.kaf.com.tel.int.KafkaMetricsCollector] (main) initializing Kafka metrics collector
2025-08-13 16:43:13,640 INFO  [org.apa.kaf.cli.con.ConsumerConfig] (main) These configurations '[apicurio.registry.url]' were supplied but are not used yet.
2025-08-13 16:43:13,640 INFO  [org.apa.kaf.com.uti.AppInfoParser] (main) Kafka version: 3.9.1
2025-08-13 16:43:13,640 INFO  [org.apa.kaf.com.uti.AppInfoParser] (main) Kafka commitId: f745dfdcee2b9851
2025-08-13 16:43:13,641 INFO  [org.apa.kaf.com.uti.AppInfoParser] (main) Kafka startTimeMs: 1755103393640
2025-08-13 16:43:13,641 INFO  [org.apa.kaf.cli.con.int.ClassicKafkaConsumer] (Thread-735) [Consumer clientId=consumer-Consumer-topic-a564ebd8_f382_4146_be9a_45cf0b6ad42e-17, groupId=Consumer-topic-a564ebd8_f382_4146_be9a_45cf0b6ad42e] Subscribed to topic(s): topic-a564ebd8_f382_4146_be9a_45cf0b6ad42e
2025-08-13 16:43:13,645 INFO  [org.apa.kaf.cli.Metadata] (Thread-735) [Consumer clientId=consumer-Consumer-topic-a564ebd8_f382_4146_be9a_45cf0b6ad42e-17, groupId=Consumer-topic-a564ebd8_f382_4146_be9a_45cf0b6ad42e] Cluster ID: MGWopiWBQlear_SiqMs63w
2025-08-13 16:43:13,646 INFO  [org.apa.kaf.cli.con.int.ConsumerCoordinator] (Thread-735) [Consumer clientId=consumer-Consumer-topic-a564ebd8_f382_4146_be9a_45cf0b6ad42e-17, groupId=Consumer-topic-a564ebd8_f382_4146_be9a_45cf0b6ad42e] Discovered group coordinator localhost:32769 (id: 2147483647 rack: null)
2025-08-13 16:43:13,648 INFO  [org.apa.kaf.cli.con.int.ConsumerCoordinator] (Thread-735) [Consumer clientId=consumer-Consumer-topic-a564ebd8_f382_4146_be9a_45cf0b6ad42e-17, groupId=Consumer-topic-a564ebd8_f382_4146_be9a_45cf0b6ad42e] (Re-)joining group
2025-08-13 16:43:13,650 INFO  [org.apa.kaf.cli.con.int.ConsumerCoordinator] (Thread-735) [Consumer clientId=consumer-Consumer-topic-a564ebd8_f382_4146_be9a_45cf0b6ad42e-17, groupId=Consumer-topic-a564ebd8_f382_4146_be9a_45cf0b6ad42e] Request joining group due to: need to re-join with the given member-id: consumer-Consumer-topic-a564ebd8_f382_4146_be9a_45cf0b6ad42e-17-7d3f27ad-6c6b-4f52-bae0-5e11e71361a0
2025-08-13 16:43:13,651 INFO  [org.apa.kaf.cli.con.int.ConsumerCoordinator] (Thread-735) [Consumer clientId=consumer-Consumer-topic-a564ebd8_f382_4146_be9a_45cf0b6ad42e-17, groupId=Consumer-topic-a564ebd8_f382_4146_be9a_45cf0b6ad42e] (Re-)joining group
2025-08-13 16:43:14,642 INFO  [io.api.tes.ser.api.KafkaSerdesTester] (Thread-735) None found
2025-08-13 16:43:15,642 INFO  [io.api.tes.ser.api.KafkaSerdesTester] (Thread-735) None found
2025-08-13 16:43:16,642 INFO  [io.api.tes.ser.api.KafkaSerdesTester] (Thread-735) None found
2025-08-13 16:43:16,652 INFO  [org.apa.kaf.cli.con.int.ConsumerCoordinator] (Thread-735) [Consumer clientId=consumer-Consumer-topic-a564ebd8_f382_4146_be9a_45cf0b6ad42e-17, groupId=Consumer-topic-a564ebd8_f382_4146_be9a_45cf0b6ad42e] Successfully joined group with generation Generation{generationId=1, memberId='consumer-Consumer-topic-a564ebd8_f382_4146_be9a_45cf0b6ad42e-17-7d3f27ad-6c6b-4f52-bae0-5e11e71361a0', protocol='range'}
2025-08-13 16:43:16,653 INFO  [org.apa.kaf.cli.con.int.ConsumerCoordinator] (Thread-735) [Consumer clientId=consumer-Consumer-topic-a564ebd8_f382_4146_be9a_45cf0b6ad42e-17, groupId=Consumer-topic-a564ebd8_f382_4146_be9a_45cf0b6ad42e] Finished assignment for group at generation 1: {consumer-Consumer-topic-a564ebd8_f382_4146_be9a_45cf0b6ad42e-17-7d3f27ad-6c6b-4f52-bae0-5e11e71361a0=Assignment(partitions=[topic-a564ebd8_f382_4146_be9a_45cf0b6ad42e-0])}
2025-08-13 16:43:16,659 INFO  [org.apa.kaf.cli.con.int.ConsumerCoordinator] (Thread-735) [Consumer clientId=consumer-Consumer-topic-a564ebd8_f382_4146_be9a_45cf0b6ad42e-17, groupId=Consumer-topic-a564ebd8_f382_4146_be9a_45cf0b6ad42e] Successfully synced group in generation Generation{generationId=1, memberId='consumer-Consumer-topic-a564ebd8_f382_4146_be9a_45cf0b6ad42e-17-7d3f27ad-6c6b-4f52-bae0-5e11e71361a0', protocol='range'}
2025-08-13 16:43:16,659 INFO  [org.apa.kaf.cli.con.int.ConsumerCoordinator] (Thread-735) [Consumer clientId=consumer-Consumer-topic-a564ebd8_f382_4146_be9a_45cf0b6ad42e-17, groupId=Consumer-topic-a564ebd8_f382_4146_be9a_45cf0b6ad42e] Notifying assignor about the new Assignment(partitions=[topic-a564ebd8_f382_4146_be9a_45cf0b6ad42e-0])
2025-08-13 16:43:16,660 INFO  [org.apa.kaf.cli.con.int.ConsumerRebalanceListenerInvoker] (Thread-735) [Consumer clientId=consumer-Consumer-topic-a564ebd8_f382_4146_be9a_45cf0b6ad42e-17, groupId=Consumer-topic-a564ebd8_f382_4146_be9a_45cf0b6ad42e] Adding newly assigned partitions: topic-a564ebd8_f382_4146_be9a_45cf0b6ad42e-0
2025-08-13 16:43:16,660 INFO  [org.apa.kaf.cli.con.int.ConsumerCoordinator] (Thread-735) [Consumer clientId=consumer-Consumer-topic-a564ebd8_f382_4146_be9a_45cf0b6ad42e-17, groupId=Consumer-topic-a564ebd8_f382_4146_be9a_45cf0b6ad42e] Found no committed offset for partition topic-a564ebd8_f382_4146_be9a_45cf0b6ad42e-0
2025-08-13 16:43:16,663 INFO  [org.apa.kaf.cli.con.int.SubscriptionState] (Thread-735) [Consumer clientId=consumer-Consumer-topic-a564ebd8_f382_4146_be9a_45cf0b6ad42e-17, groupId=Consumer-topic-a564ebd8_f382_4146_be9a_45cf0b6ad42e] Resetting offset for partition topic-a564ebd8_f382_4146_be9a_45cf0b6ad42e-0 to position FetchPosition{offset=0, offsetEpoch=Optional.empty, currentLeader=LeaderAndEpoch{leader=Optional[localhost:32769 (id: 0 rack: null)], epoch=0}}.
2025-08-13 16:43:16,688 INFO  [io.api.tes.ser.api.KafkaSerdesTester] (Thread-735) topic-a564ebd8_f382_4146_be9a_45cf0b6ad42e 0 0 {"username": null}
2025-08-13 16:43:16,688 INFO  [io.api.tes.ser.api.KafkaSerdesTester] (Thread-735) topic-a564ebd8_f382_4146_be9a_45cf0b6ad42e 0 1 {"username": null}
2025-08-13 16:43:16,688 INFO  [io.api.tes.ser.api.KafkaSerdesTester] (Thread-735) topic-a564ebd8_f382_4146_be9a_45cf0b6ad42e 0 2 {"username": "value-2"}
2025-08-13 16:43:16,688 INFO  [io.api.tes.ser.api.KafkaSerdesTester] (Thread-735) topic-a564ebd8_f382_4146_be9a_45cf0b6ad42e 0 3 {"username": null}
2025-08-13 16:43:16,688 INFO  [io.api.tes.ser.api.KafkaSerdesTester] (Thread-735) topic-a564ebd8_f382_4146_be9a_45cf0b6ad42e 0 4 {"username": "value-4"}
2025-08-13 16:43:16,688 INFO  [io.api.tes.ser.api.KafkaSerdesTester] (Thread-735) topic-a564ebd8_f382_4146_be9a_45cf0b6ad42e 0 5 {"username": null}
2025-08-13 16:43:16,688 INFO  [io.api.tes.ser.api.KafkaSerdesTester] (Thread-735) topic-a564ebd8_f382_4146_be9a_45cf0b6ad42e 0 6 {"username": "value-6"}
2025-08-13 16:43:16,688 INFO  [io.api.tes.ser.api.KafkaSerdesTester] (Thread-735) topic-a564ebd8_f382_4146_be9a_45cf0b6ad42e 0 7 {"username": null}
2025-08-13 16:43:16,688 INFO  [io.api.tes.ser.api.KafkaSerdesTester] (Thread-735) topic-a564ebd8_f382_4146_be9a_45cf0b6ad42e 0 8 {"username": "value-8"}
2025-08-13 16:43:16,688 INFO  [io.api.tes.ser.api.KafkaSerdesTester] (Thread-735) topic-a564ebd8_f382_4146_be9a_45cf0b6ad42e 0 9 {"username": null}
2025-08-13 16:43:16,688 INFO  [io.api.tes.ser.api.KafkaSerdesTester] (Thread-735) Consumed 10 messages
2025-08-13 16:43:16,696 INFO  [org.apa.kaf.cli.con.int.ConsumerRebalanceListenerInvoker] (Thread-735) [Consumer clientId=consumer-Consumer-topic-a564ebd8_f382_4146_be9a_45cf0b6ad42e-17, groupId=Consumer-topic-a564ebd8_f382_4146_be9a_45cf0b6ad42e] Revoke previously assigned partitions topic-a564ebd8_f382_4146_be9a_45cf0b6ad42e-0
2025-08-13 16:43:16,696 INFO  [org.apa.kaf.cli.con.int.ConsumerCoordinator] (Thread-735) [Consumer clientId=consumer-Consumer-topic-a564ebd8_f382_4146_be9a_45cf0b6ad42e-17, groupId=Consumer-topic-a564ebd8_f382_4146_be9a_45cf0b6ad42e] Member consumer-Consumer-topic-a564ebd8_f382_4146_be9a_45cf0b6ad42e-17-7d3f27ad-6c6b-4f52-bae0-5e11e71361a0 sending LeaveGroup request to coordinator localhost:32769 (id: 2147483647 rack: null) due to the consumer is being closed
2025-08-13 16:43:16,696 INFO  [org.apa.kaf.cli.con.int.ConsumerCoordinator] (Thread-735) [Consumer clientId=consumer-Consumer-topic-a564ebd8_f382_4146_be9a_45cf0b6ad42e-17, groupId=Consumer-topic-a564ebd8_f382_4146_be9a_45cf0b6ad42e] Resetting generation and member id due to: consumer pro-actively leaving the group
2025-08-13 16:43:16,696 INFO  [org.apa.kaf.cli.con.int.ConsumerCoordinator] (Thread-735) [Consumer clientId=consumer-Consumer-topic-a564ebd8_f382_4146_be9a_45cf0b6ad42e-17, groupId=Consumer-topic-a564ebd8_f382_4146_be9a_45cf0b6ad42e] Request joining group due to: consumer pro-actively leaving the group
2025-08-13 16:43:17,191 INFO  [org.apa.kaf.com.met.Metrics] (Thread-735) Metrics scheduler closed
2025-08-13 16:43:17,191 INFO  [org.apa.kaf.com.met.Metrics] (Thread-735) Closing reporter org.apache.kafka.common.metrics.JmxReporter
2025-08-13 16:43:17,191 INFO  [org.apa.kaf.com.met.Metrics] (Thread-735) Closing reporter org.apache.kafka.common.telemetry.internals.ClientTelemetryReporter
2025-08-13 16:43:17,191 INFO  [org.apa.kaf.com.met.Metrics] (Thread-735) Metrics reporters closed
2025-08-13 16:43:17,194 INFO  [org.apa.kaf.com.uti.AppInfoParser] (Thread-735) App info kafka.consumer for consumer-Consumer-topic-a564ebd8_f382_4146_be9a_45cf0b6ad42e-17 unregistered
2025-08-13 16:43:17,194 INFO  [io.api.tes.uti.TestSeparator] (main) io.apicurio.tests.serdes.apicurio.AvroSerdeIT.testFirstEmptyFieldConfusedAsMagicByte-FINISHED
2025-08-13 16:43:17,194 INFO  [io.api.tes.uti.TestSeparator] (main) ############################################################################
Test passed: testFirstEmptyFieldConfusedAsMagicByte
]]></system-out>
  </testcase>
  <testcase name="testAvroSerDesFailDifferentSchemaByContent" classname="io.apicurio.tests.serdes.apicurio.AvroSerdeIT" time="1.109">
    <system-out><![CDATA[2025-08-13 16:43:17,196 INFO  [io.api.tes.uti.TestSeparator] (main) ############################################################################
2025-08-13 16:43:17,196 INFO  [io.api.tes.uti.TestSeparator] (main) io.apicurio.tests.serdes.apicurio.AvroSerdeIT.testAvroSerDesFailDifferentSchemaByContent-STARTED
**** Registry Base URL: http://registry-app-ksql047.apps.ci419.apicurio-testing.org:80
2025-08-13 16:43:18,263 INFO  [org.apa.kaf.cli.pro.ProducerConfig] (main) ProducerConfig values: 
	acks = -1
	auto.include.jmx.reporter = true
	batch.size = 16384
	bootstrap.servers = [PLAINTEXT://localhost:32769]
	buffer.memory = 33554432
	client.dns.lookup = use_all_dns_ips
	client.id = Producer-topic-469f7244_3bb1_4413_a02b_148861ecc3b3
	compression.gzip.level = -1
	compression.lz4.level = 9
	compression.type = none
	compression.zstd.level = 3
	connections.max.idle.ms = 10000
	delivery.timeout.ms = 120000
	enable.idempotence = true
	enable.metrics.push = true
	interceptor.classes = []
	key.serializer = class org.apache.kafka.common.serialization.StringSerializer
	linger.ms = 0
	max.block.ms = 60000
	max.in.flight.requests.per.connection = 5
	max.request.size = 1048576
	metadata.max.age.ms = 300000
	metadata.max.idle.ms = 300000
	metadata.recovery.strategy = none
	metric.reporters = []
	metrics.num.samples = 2
	metrics.recording.level = INFO
	metrics.sample.window.ms = 30000
	partitioner.adaptive.partitioning.enable = true
	partitioner.availability.timeout.ms = 0
	partitioner.class = null
	partitioner.ignore.keys = false
	receive.buffer.bytes = 32768
	reconnect.backoff.max.ms = 1000
	reconnect.backoff.ms = 50
	request.timeout.ms = 5000
	retries = 2147483647
	retry.backoff.max.ms = 1000
	retry.backoff.ms = 100
	sasl.client.callback.handler.class = null
	sasl.jaas.config = null
	sasl.kerberos.kinit.cmd = /usr/bin/kinit
	sasl.kerberos.min.time.before.relogin = 60000
	sasl.kerberos.service.name = null
	sasl.kerberos.ticket.renew.jitter = 0.05
	sasl.kerberos.ticket.renew.window.factor = 0.8
	sasl.login.callback.handler.class = null
	sasl.login.class = null
	sasl.login.connect.timeout.ms = null
	sasl.login.read.timeout.ms = null
	sasl.login.refresh.buffer.seconds = 300
	sasl.login.refresh.min.period.seconds = 60
	sasl.login.refresh.window.factor = 0.8
	sasl.login.refresh.window.jitter = 0.05
	sasl.login.retry.backoff.max.ms = 10000
	sasl.login.retry.backoff.ms = 100
	sasl.mechanism = GSSAPI
	sasl.oauthbearer.clock.skew.seconds = 30
	sasl.oauthbearer.expected.audience = null
	sasl.oauthbearer.expected.issuer = null
	sasl.oauthbearer.header.urlencode = false
	sasl.oauthbearer.jwks.endpoint.refresh.ms = 3600000
	sasl.oauthbearer.jwks.endpoint.retry.backoff.max.ms = 10000
	sasl.oauthbearer.jwks.endpoint.retry.backoff.ms = 100
	sasl.oauthbearer.jwks.endpoint.url = null
	sasl.oauthbearer.scope.claim.name = scope
	sasl.oauthbearer.sub.claim.name = sub
	sasl.oauthbearer.token.endpoint.url = null
	security.protocol = PLAINTEXT
	security.providers = null
	send.buffer.bytes = 131072
	socket.connection.setup.timeout.max.ms = 30000
	socket.connection.setup.timeout.ms = 10000
	ssl.cipher.suites = null
	ssl.enabled.protocols = [TLSv1.2, TLSv1.3]
	ssl.endpoint.identification.algorithm = https
	ssl.engine.factory.class = null
	ssl.key.password = null
	ssl.keymanager.algorithm = SunX509
	ssl.keystore.certificate.chain = null
	ssl.keystore.key = null
	ssl.keystore.location = null
	ssl.keystore.password = null
	ssl.keystore.type = JKS
	ssl.protocol = TLSv1.3
	ssl.provider = null
	ssl.secure.random.implementation = null
	ssl.trustmanager.algorithm = PKIX
	ssl.truststore.certificates = null
	ssl.truststore.location = null
	ssl.truststore.password = null
	ssl.truststore.type = JKS
	transaction.timeout.ms = 60000
	transactional.id = null
	value.serializer = class io.apicurio.registry.serde.avro.AvroKafkaSerializer

2025-08-13 16:43:18,263 INFO  [org.apa.kaf.com.tel.int.KafkaMetricsCollector] (main) initializing Kafka metrics collector
2025-08-13 16:43:18,266 INFO  [org.apa.kaf.cli.pro.KafkaProducer] (main) [Producer clientId=Producer-topic-469f7244_3bb1_4413_a02b_148861ecc3b3] Instantiated an idempotent producer.
2025-08-13 16:43:18,267 INFO  [org.apa.kaf.cli.pro.ProducerConfig] (main) These configurations '[apicurio.registry.url, apicurio.registry.artifact-resolver-strategy]' were supplied but are not used yet.
2025-08-13 16:43:18,267 INFO  [org.apa.kaf.com.uti.AppInfoParser] (main) Kafka version: 3.9.1
2025-08-13 16:43:18,267 INFO  [org.apa.kaf.com.uti.AppInfoParser] (main) Kafka commitId: f745dfdcee2b9851
2025-08-13 16:43:18,267 INFO  [org.apa.kaf.com.uti.AppInfoParser] (main) Kafka startTimeMs: 1755103398267
2025-08-13 16:43:18,268 INFO  [io.api.tes.ser.api.KafkaSerdesTester] (Thread-738) Sending message {"keyB": "value-0"} to topic topic-469f7244_3bb1_4413_a02b_148861ecc3b3
2025-08-13 16:43:18,271 INFO  [org.apa.kaf.cli.Metadata] (kafka-producer-network-thread | Producer-topic-469f7244_3bb1_4413_a02b_148861ecc3b3) [Producer clientId=Producer-topic-469f7244_3bb1_4413_a02b_148861ecc3b3] Cluster ID: MGWopiWBQlear_SiqMs63w
2025-08-13 16:43:18,271 INFO  [org.apa.kaf.cli.pro.int.TransactionManager] (kafka-producer-network-thread | Producer-topic-469f7244_3bb1_4413_a02b_148861ecc3b3) [Producer clientId=Producer-topic-469f7244_3bb1_4413_a02b_148861ecc3b3] ProducerId set to 24 with epoch 0
2025-08-13 16:43:18,271 INFO  [DefaultSchemaResolver] (Thread-738) Retrieving schema content using string: {"type":"record","name":"s051d773bxe044x4be8xafeax53432da940d7","namespace":"s09fc3bbfx6430x4430x8f62x2e568552e68b","fields":[{"name":"keyB","type":"string"}]}
2025-08-13 16:43:18,300 INFO  [org.apa.kaf.cli.pro.KafkaProducer] (Thread-738) [Producer clientId=Producer-topic-469f7244_3bb1_4413_a02b_148861ecc3b3] Closing the Kafka producer with timeoutMillis = 9223372036854775807 ms.
2025-08-13 16:43:18,301 INFO  [org.apa.kaf.com.met.Metrics] (Thread-738) Metrics scheduler closed
2025-08-13 16:43:18,301 INFO  [org.apa.kaf.com.met.Metrics] (Thread-738) Closing reporter org.apache.kafka.common.metrics.JmxReporter
2025-08-13 16:43:18,301 INFO  [org.apa.kaf.com.met.Metrics] (Thread-738) Closing reporter org.apache.kafka.common.telemetry.internals.ClientTelemetryReporter
2025-08-13 16:43:18,301 INFO  [org.apa.kaf.com.met.Metrics] (Thread-738) Metrics reporters closed
2025-08-13 16:43:18,302 INFO  [org.apa.kaf.com.uti.AppInfoParser] (Thread-738) App info kafka.producer for Producer-topic-469f7244_3bb1_4413_a02b_148861ecc3b3 unregistered
2025-08-13 16:43:18,304 INFO  [io.api.tes.uti.TestSeparator] (main) io.apicurio.tests.serdes.apicurio.AvroSerdeIT.testAvroSerDesFailDifferentSchemaByContent-FINISHED
2025-08-13 16:43:18,304 INFO  [io.api.tes.uti.TestSeparator] (main) ############################################################################
Test passed: testAvroSerDesFailDifferentSchemaByContent
]]></system-out>
    <system-err><![CDATA[java.lang.RuntimeException: Could not resolve artifact reference by content: {"type":"record","name":"s051d773bxe044x4be8xafeax53432da940d7","namespace":"s09fc3bbfx6430x4430x8f62x2e568552e68b","fields":[{"name":"keyB","type":"string"}]}&ArtifactReference [groupId=s09fc3bbfx6430x4430x8f62x2e568552e68b, artifactId=s051d773bxe044x4be8xafeax53432da940d7, version=null, globalId=null, contentId=null, contentHash=null]
	at io.apicurio.registry.resolver.DefaultSchemaResolver.lambda$handleResolveSchemaByContent$3(DefaultSchemaResolver.java:265)
	at io.apicurio.registry.resolver.cache.ERCache.lambda$getValue$0(ERCache.java:174)
	at io.apicurio.registry.resolver.cache.ERCache.retry(ERCache.java:227)
	at io.apicurio.registry.resolver.cache.ERCache.getValue(ERCache.java:173)
	at io.apicurio.registry.resolver.cache.ERCache.getByContent(ERCache.java:147)
	at io.apicurio.registry.resolver.DefaultSchemaResolver.handleResolveSchemaByContent(DefaultSchemaResolver.java:253)
	at io.apicurio.registry.resolver.DefaultSchemaResolver.getSchemaFromRegistry(DefaultSchemaResolver.java:138)
	at io.apicurio.registry.resolver.DefaultSchemaResolver.lambda$resolveSchema$0(DefaultSchemaResolver.java:84)
	at java.base/java.util.Optional.orElseGet(Optional.java:364)
	at io.apicurio.registry.resolver.DefaultSchemaResolver.resolveSchema(DefaultSchemaResolver.java:84)
	at io.apicurio.registry.serde.AbstractSerializer.serializeData(AbstractSerializer.java:62)
	at io.apicurio.registry.serde.KafkaSerializer.serialize(KafkaSerializer.java:77)
	at org.apache.kafka.clients.producer.KafkaProducer.doSend(KafkaProducer.java:1046)
	at org.apache.kafka.clients.producer.KafkaProducer.send(KafkaProducer.java:993)
	at org.apache.kafka.clients.producer.KafkaProducer.send(KafkaProducer.java:875)
	at io.apicurio.tests.serdes.apicurio.KafkaSerdesTester.lambda$produceMessages$3(KafkaSerdesTester.java:138)
	at java.base/java.util.concurrent.CompletableFuture$AsyncSupply.run(CompletableFuture.java:1768)
	at java.base/java.lang.Thread.run(Thread.java:840)
]]></system-err>
  </testcase>
  <testcase name="testGlobalIdInBody" classname="io.apicurio.tests.serdes.apicurio.AvroSerdeIT" time="3.834">
    <system-out><![CDATA[2025-08-13 16:43:18,308 INFO  [io.api.tes.uti.TestSeparator] (main) ############################################################################
2025-08-13 16:43:18,308 INFO  [io.api.tes.uti.TestSeparator] (main) io.apicurio.tests.serdes.apicurio.AvroSerdeIT.testGlobalIdInBody-STARTED
**** Registry Base URL: http://registry-app-ksql047.apps.ci419.apicurio-testing.org:80
2025-08-13 16:43:18,310 INFO  [org.apa.kaf.cli.pro.ProducerConfig] (main) ProducerConfig values: 
	acks = -1
	auto.include.jmx.reporter = true
	batch.size = 16384
	bootstrap.servers = [PLAINTEXT://localhost:32769]
	buffer.memory = 33554432
	client.dns.lookup = use_all_dns_ips
	client.id = Producer-topic-72ae1b21_92ef_4271_88df_ac794db5118a
	compression.gzip.level = -1
	compression.lz4.level = 9
	compression.type = none
	compression.zstd.level = 3
	connections.max.idle.ms = 10000
	delivery.timeout.ms = 120000
	enable.idempotence = true
	enable.metrics.push = true
	interceptor.classes = []
	key.serializer = class org.apache.kafka.common.serialization.StringSerializer
	linger.ms = 0
	max.block.ms = 60000
	max.in.flight.requests.per.connection = 5
	max.request.size = 1048576
	metadata.max.age.ms = 300000
	metadata.max.idle.ms = 300000
	metadata.recovery.strategy = none
	metric.reporters = []
	metrics.num.samples = 2
	metrics.recording.level = INFO
	metrics.sample.window.ms = 30000
	partitioner.adaptive.partitioning.enable = true
	partitioner.availability.timeout.ms = 0
	partitioner.class = null
	partitioner.ignore.keys = false
	receive.buffer.bytes = 32768
	reconnect.backoff.max.ms = 1000
	reconnect.backoff.ms = 50
	request.timeout.ms = 5000
	retries = 2147483647
	retry.backoff.max.ms = 1000
	retry.backoff.ms = 100
	sasl.client.callback.handler.class = null
	sasl.jaas.config = null
	sasl.kerberos.kinit.cmd = /usr/bin/kinit
	sasl.kerberos.min.time.before.relogin = 60000
	sasl.kerberos.service.name = null
	sasl.kerberos.ticket.renew.jitter = 0.05
	sasl.kerberos.ticket.renew.window.factor = 0.8
	sasl.login.callback.handler.class = null
	sasl.login.class = null
	sasl.login.connect.timeout.ms = null
	sasl.login.read.timeout.ms = null
	sasl.login.refresh.buffer.seconds = 300
	sasl.login.refresh.min.period.seconds = 60
	sasl.login.refresh.window.factor = 0.8
	sasl.login.refresh.window.jitter = 0.05
	sasl.login.retry.backoff.max.ms = 10000
	sasl.login.retry.backoff.ms = 100
	sasl.mechanism = GSSAPI
	sasl.oauthbearer.clock.skew.seconds = 30
	sasl.oauthbearer.expected.audience = null
	sasl.oauthbearer.expected.issuer = null
	sasl.oauthbearer.header.urlencode = false
	sasl.oauthbearer.jwks.endpoint.refresh.ms = 3600000
	sasl.oauthbearer.jwks.endpoint.retry.backoff.max.ms = 10000
	sasl.oauthbearer.jwks.endpoint.retry.backoff.ms = 100
	sasl.oauthbearer.jwks.endpoint.url = null
	sasl.oauthbearer.scope.claim.name = scope
	sasl.oauthbearer.sub.claim.name = sub
	sasl.oauthbearer.token.endpoint.url = null
	security.protocol = PLAINTEXT
	security.providers = null
	send.buffer.bytes = 131072
	socket.connection.setup.timeout.max.ms = 30000
	socket.connection.setup.timeout.ms = 10000
	ssl.cipher.suites = null
	ssl.enabled.protocols = [TLSv1.2, TLSv1.3]
	ssl.endpoint.identification.algorithm = https
	ssl.engine.factory.class = null
	ssl.key.password = null
	ssl.keymanager.algorithm = SunX509
	ssl.keystore.certificate.chain = null
	ssl.keystore.key = null
	ssl.keystore.location = null
	ssl.keystore.password = null
	ssl.keystore.type = JKS
	ssl.protocol = TLSv1.3
	ssl.provider = null
	ssl.secure.random.implementation = null
	ssl.trustmanager.algorithm = PKIX
	ssl.truststore.certificates = null
	ssl.truststore.location = null
	ssl.truststore.password = null
	ssl.truststore.type = JKS
	transaction.timeout.ms = 60000
	transactional.id = null
	value.serializer = class io.apicurio.registry.serde.avro.AvroKafkaSerializer

2025-08-13 16:43:18,313 INFO  [org.apa.kaf.com.tel.int.KafkaMetricsCollector] (main) initializing Kafka metrics collector
2025-08-13 16:43:18,324 INFO  [org.apa.kaf.cli.pro.KafkaProducer] (main) [Producer clientId=Producer-topic-72ae1b21_92ef_4271_88df_ac794db5118a] Instantiated an idempotent producer.
2025-08-13 16:43:18,328 INFO  [org.apa.kaf.cli.pro.ProducerConfig] (main) These configurations '[apicurio.registry.url, apicurio.registry.auto-register, apicurio.registry.use-id, apicurio.registry.artifact-resolver-strategy]' were supplied but are not used yet.
2025-08-13 16:43:18,329 INFO  [org.apa.kaf.com.uti.AppInfoParser] (main) Kafka version: 3.9.1
2025-08-13 16:43:18,329 INFO  [org.apa.kaf.com.uti.AppInfoParser] (main) Kafka commitId: f745dfdcee2b9851
2025-08-13 16:43:18,329 INFO  [org.apa.kaf.com.uti.AppInfoParser] (main) Kafka startTimeMs: 1755103398328
2025-08-13 16:43:18,330 INFO  [io.api.tes.ser.api.SimpleSerdesTesterBuilder$SimpleSerdesTester] (main) Using producer configuration: {apicurio.registry.url=http://registry-app-ksql047.apps.ci419.apicurio-testing.org:80/apis/registry/v3, apicurio.registry.auto-register=true, apicurio.registry.use-id=globalId, apicurio.registry.artifact-resolver-strategy=io.apicurio.registry.serde.strategy.TopicIdStrategy, value.serializer=io.apicurio.registry.serde.avro.AvroKafkaSerializer, request.timeout.ms=5000, acks=all, bootstrap.servers=PLAINTEXT://localhost:32769, connections.max.idle.ms=10000, key.serializer=org.apache.kafka.common.serialization.StringSerializer, client.id=Producer-topic-72ae1b21_92ef_4271_88df_ac794db5118a}
2025-08-13 16:43:18,330 INFO  [io.api.tes.ser.api.SimpleSerdesTesterBuilder$SimpleSerdesTester] (main) Using consumer configuration: {apicurio.registry.use-id=globalId}
2025-08-13 16:43:18,331 INFO  [io.api.tes.ser.api.KafkaSerdesTester] (Thread-741) Sending message {"key11755103398309": "value-0"} to topic topic-72ae1b21_92ef_4271_88df_ac794db5118a
2025-08-13 16:43:18,333 INFO  [org.apa.kaf.cli.Metadata] (kafka-producer-network-thread | Producer-topic-72ae1b21_92ef_4271_88df_ac794db5118a) [Producer clientId=Producer-topic-72ae1b21_92ef_4271_88df_ac794db5118a] Cluster ID: MGWopiWBQlear_SiqMs63w
2025-08-13 16:43:18,333 INFO  [org.apa.kaf.cli.pro.int.TransactionManager] (kafka-producer-network-thread | Producer-topic-72ae1b21_92ef_4271_88df_ac794db5118a) [Producer clientId=Producer-topic-72ae1b21_92ef_4271_88df_ac794db5118a] ProducerId set to 25 with epoch 0
2025-08-13 16:43:18,340 WARN  [org.apa.kaf.cli.NetworkClient] (kafka-producer-network-thread | Producer-topic-72ae1b21_92ef_4271_88df_ac794db5118a) [Producer clientId=Producer-topic-72ae1b21_92ef_4271_88df_ac794db5118a] The metadata response from the cluster reported a recoverable issue with correlation id 5 : {topic-72ae1b21_92ef_4271_88df_ac794db5118a=UNKNOWN_TOPIC_OR_PARTITION}
2025-08-13 16:43:18,525 INFO  [io.api.tes.ser.api.KafkaSerdesTester] (Thread-741) Sending message {"key11755103398309": "value-1"} to topic topic-72ae1b21_92ef_4271_88df_ac794db5118a
2025-08-13 16:43:18,527 INFO  [io.api.tes.ser.api.KafkaSerdesTester] (Thread-741) Sending message {"key11755103398309": "value-2"} to topic topic-72ae1b21_92ef_4271_88df_ac794db5118a
2025-08-13 16:43:18,529 INFO  [io.api.tes.ser.api.KafkaSerdesTester] (Thread-741) Sending message {"key11755103398309": "value-3"} to topic topic-72ae1b21_92ef_4271_88df_ac794db5118a
2025-08-13 16:43:18,532 INFO  [io.api.tes.ser.api.KafkaSerdesTester] (Thread-741) Sending message {"key11755103398309": "value-4"} to topic topic-72ae1b21_92ef_4271_88df_ac794db5118a
2025-08-13 16:43:18,537 INFO  [io.api.tes.ser.api.KafkaSerdesTester] (Thread-741) Sending message {"key11755103398309": "value-5"} to topic topic-72ae1b21_92ef_4271_88df_ac794db5118a
2025-08-13 16:43:18,542 INFO  [io.api.tes.ser.api.KafkaSerdesTester] (Thread-741) Sending message {"key11755103398309": "value-6"} to topic topic-72ae1b21_92ef_4271_88df_ac794db5118a
2025-08-13 16:43:18,543 INFO  [io.api.tes.ser.api.KafkaSerdesTester] (Thread-741) Sending message {"key11755103398309": "value-7"} to topic topic-72ae1b21_92ef_4271_88df_ac794db5118a
2025-08-13 16:43:18,545 INFO  [io.api.tes.ser.api.KafkaSerdesTester] (Thread-741) Sending message {"key11755103398309": "value-8"} to topic topic-72ae1b21_92ef_4271_88df_ac794db5118a
2025-08-13 16:43:18,547 INFO  [io.api.tes.ser.api.KafkaSerdesTester] (Thread-741) Sending message {"key11755103398309": "value-9"} to topic topic-72ae1b21_92ef_4271_88df_ac794db5118a
2025-08-13 16:43:18,549 INFO  [io.api.tes.ser.api.KafkaSerdesTester] (Thread-741) Produced 10 messages
2025-08-13 16:43:18,550 INFO  [org.apa.kaf.cli.pro.KafkaProducer] (Thread-741) [Producer clientId=Producer-topic-72ae1b21_92ef_4271_88df_ac794db5118a] Closing the Kafka producer with timeoutMillis = 9223372036854775807 ms.
2025-08-13 16:43:18,553 INFO  [org.apa.kaf.com.met.Metrics] (Thread-741) Metrics scheduler closed
2025-08-13 16:43:18,553 INFO  [org.apa.kaf.com.met.Metrics] (Thread-741) Closing reporter org.apache.kafka.common.metrics.JmxReporter
2025-08-13 16:43:18,553 INFO  [org.apa.kaf.com.met.Metrics] (Thread-741) Closing reporter org.apache.kafka.common.telemetry.internals.ClientTelemetryReporter
2025-08-13 16:43:18,553 INFO  [org.apa.kaf.com.met.Metrics] (Thread-741) Metrics reporters closed
2025-08-13 16:43:18,554 INFO  [org.apa.kaf.com.uti.AppInfoParser] (Thread-741) App info kafka.producer for Producer-topic-72ae1b21_92ef_4271_88df_ac794db5118a unregistered
**** Registry Base URL: http://registry-app-ksql047.apps.ci419.apicurio-testing.org:80
2025-08-13 16:43:18,578 INFO  [org.apa.kaf.cli.con.ConsumerConfig] (main) ConsumerConfig values: 
	allow.auto.create.topics = true
	auto.commit.interval.ms = 500
	auto.include.jmx.reporter = true
	auto.offset.reset = earliest
	bootstrap.servers = [PLAINTEXT://localhost:32769]
	check.crcs = true
	client.dns.lookup = use_all_dns_ips
	client.id = consumer-Consumer-topic-72ae1b21_92ef_4271_88df_ac794db5118a-18
	client.rack = 
	connections.max.idle.ms = 10000
	default.api.timeout.ms = 60000
	enable.auto.commit = true
	enable.metrics.push = true
	exclude.internal.topics = true
	fetch.max.bytes = 52428800
	fetch.max.wait.ms = 500
	fetch.min.bytes = 1
	group.id = Consumer-topic-72ae1b21_92ef_4271_88df_ac794db5118a
	group.instance.id = null
	group.protocol = classic
	group.remote.assignor = null
	heartbeat.interval.ms = 3000
	interceptor.classes = []
	internal.leave.group.on.close = true
	internal.throw.on.fetch.stable.offset.unsupported = false
	isolation.level = read_uncommitted
	key.deserializer = class org.apache.kafka.common.serialization.StringDeserializer
	max.partition.fetch.bytes = 1048576
	max.poll.interval.ms = 300000
	max.poll.records = 500
	metadata.max.age.ms = 300000
	metadata.recovery.strategy = none
	metric.reporters = []
	metrics.num.samples = 2
	metrics.recording.level = INFO
	metrics.sample.window.ms = 30000
	partition.assignment.strategy = [class org.apache.kafka.clients.consumer.RangeAssignor, class org.apache.kafka.clients.consumer.CooperativeStickyAssignor]
	receive.buffer.bytes = 65536
	reconnect.backoff.max.ms = 1000
	reconnect.backoff.ms = 50
	request.timeout.ms = 5000
	retry.backoff.max.ms = 1000
	retry.backoff.ms = 100
	sasl.client.callback.handler.class = null
	sasl.jaas.config = null
	sasl.kerberos.kinit.cmd = /usr/bin/kinit
	sasl.kerberos.min.time.before.relogin = 60000
	sasl.kerberos.service.name = null
	sasl.kerberos.ticket.renew.jitter = 0.05
	sasl.kerberos.ticket.renew.window.factor = 0.8
	sasl.login.callback.handler.class = null
	sasl.login.class = null
	sasl.login.connect.timeout.ms = null
	sasl.login.read.timeout.ms = null
	sasl.login.refresh.buffer.seconds = 300
	sasl.login.refresh.min.period.seconds = 60
	sasl.login.refresh.window.factor = 0.8
	sasl.login.refresh.window.jitter = 0.05
	sasl.login.retry.backoff.max.ms = 10000
	sasl.login.retry.backoff.ms = 100
	sasl.mechanism = GSSAPI
	sasl.oauthbearer.clock.skew.seconds = 30
	sasl.oauthbearer.expected.audience = null
	sasl.oauthbearer.expected.issuer = null
	sasl.oauthbearer.header.urlencode = false
	sasl.oauthbearer.jwks.endpoint.refresh.ms = 3600000
	sasl.oauthbearer.jwks.endpoint.retry.backoff.max.ms = 10000
	sasl.oauthbearer.jwks.endpoint.retry.backoff.ms = 100
	sasl.oauthbearer.jwks.endpoint.url = null
	sasl.oauthbearer.scope.claim.name = scope
	sasl.oauthbearer.sub.claim.name = sub
	sasl.oauthbearer.token.endpoint.url = null
	security.protocol = PLAINTEXT
	security.providers = null
	send.buffer.bytes = 131072
	session.timeout.ms = 45000
	socket.connection.setup.timeout.max.ms = 30000
	socket.connection.setup.timeout.ms = 10000
	ssl.cipher.suites = null
	ssl.enabled.protocols = [TLSv1.2, TLSv1.3]
	ssl.endpoint.identification.algorithm = https
	ssl.engine.factory.class = null
	ssl.key.password = null
	ssl.keymanager.algorithm = SunX509
	ssl.keystore.certificate.chain = null
	ssl.keystore.key = null
	ssl.keystore.location = null
	ssl.keystore.password = null
	ssl.keystore.type = JKS
	ssl.protocol = TLSv1.3
	ssl.provider = null
	ssl.secure.random.implementation = null
	ssl.trustmanager.algorithm = PKIX
	ssl.truststore.certificates = null
	ssl.truststore.location = null
	ssl.truststore.password = null
	ssl.truststore.type = JKS
	value.deserializer = class io.apicurio.registry.serde.avro.AvroKafkaDeserializer

2025-08-13 16:43:18,578 INFO  [org.apa.kaf.com.tel.int.KafkaMetricsCollector] (main) initializing Kafka metrics collector
2025-08-13 16:43:18,584 INFO  [org.apa.kaf.cli.con.ConsumerConfig] (main) These configurations '[apicurio.registry.url, apicurio.registry.use-id]' were supplied but are not used yet.
2025-08-13 16:43:18,584 INFO  [org.apa.kaf.com.uti.AppInfoParser] (main) Kafka version: 3.9.1
2025-08-13 16:43:18,584 INFO  [org.apa.kaf.com.uti.AppInfoParser] (main) Kafka commitId: f745dfdcee2b9851
2025-08-13 16:43:18,585 INFO  [org.apa.kaf.com.uti.AppInfoParser] (main) Kafka startTimeMs: 1755103398584
2025-08-13 16:43:18,585 INFO  [org.apa.kaf.cli.con.int.ClassicKafkaConsumer] (Thread-744) [Consumer clientId=consumer-Consumer-topic-72ae1b21_92ef_4271_88df_ac794db5118a-18, groupId=Consumer-topic-72ae1b21_92ef_4271_88df_ac794db5118a] Subscribed to topic(s): topic-72ae1b21_92ef_4271_88df_ac794db5118a
2025-08-13 16:43:18,590 INFO  [org.apa.kaf.cli.Metadata] (Thread-744) [Consumer clientId=consumer-Consumer-topic-72ae1b21_92ef_4271_88df_ac794db5118a-18, groupId=Consumer-topic-72ae1b21_92ef_4271_88df_ac794db5118a] Cluster ID: MGWopiWBQlear_SiqMs63w
2025-08-13 16:43:18,591 INFO  [org.apa.kaf.cli.con.int.ConsumerCoordinator] (Thread-744) [Consumer clientId=consumer-Consumer-topic-72ae1b21_92ef_4271_88df_ac794db5118a-18, groupId=Consumer-topic-72ae1b21_92ef_4271_88df_ac794db5118a] Discovered group coordinator localhost:32769 (id: 2147483647 rack: null)
2025-08-13 16:43:18,594 INFO  [org.apa.kaf.cli.con.int.ConsumerCoordinator] (Thread-744) [Consumer clientId=consumer-Consumer-topic-72ae1b21_92ef_4271_88df_ac794db5118a-18, groupId=Consumer-topic-72ae1b21_92ef_4271_88df_ac794db5118a] (Re-)joining group
2025-08-13 16:43:18,596 INFO  [org.apa.kaf.cli.con.int.ConsumerCoordinator] (Thread-744) [Consumer clientId=consumer-Consumer-topic-72ae1b21_92ef_4271_88df_ac794db5118a-18, groupId=Consumer-topic-72ae1b21_92ef_4271_88df_ac794db5118a] Request joining group due to: need to re-join with the given member-id: consumer-Consumer-topic-72ae1b21_92ef_4271_88df_ac794db5118a-18-dbb90249-b7a2-4e14-8029-d0ad4ff3173d
2025-08-13 16:43:18,596 INFO  [org.apa.kaf.cli.con.int.ConsumerCoordinator] (Thread-744) [Consumer clientId=consumer-Consumer-topic-72ae1b21_92ef_4271_88df_ac794db5118a-18, groupId=Consumer-topic-72ae1b21_92ef_4271_88df_ac794db5118a] (Re-)joining group
2025-08-13 16:43:19,585 INFO  [io.api.tes.ser.api.KafkaSerdesTester] (Thread-744) None found
2025-08-13 16:43:20,585 INFO  [io.api.tes.ser.api.KafkaSerdesTester] (Thread-744) None found
2025-08-13 16:43:21,585 INFO  [io.api.tes.ser.api.KafkaSerdesTester] (Thread-744) None found
2025-08-13 16:43:21,598 INFO  [org.apa.kaf.cli.con.int.ConsumerCoordinator] (Thread-744) [Consumer clientId=consumer-Consumer-topic-72ae1b21_92ef_4271_88df_ac794db5118a-18, groupId=Consumer-topic-72ae1b21_92ef_4271_88df_ac794db5118a] Successfully joined group with generation Generation{generationId=1, memberId='consumer-Consumer-topic-72ae1b21_92ef_4271_88df_ac794db5118a-18-dbb90249-b7a2-4e14-8029-d0ad4ff3173d', protocol='range'}
2025-08-13 16:43:21,598 INFO  [org.apa.kaf.cli.con.int.ConsumerCoordinator] (Thread-744) [Consumer clientId=consumer-Consumer-topic-72ae1b21_92ef_4271_88df_ac794db5118a-18, groupId=Consumer-topic-72ae1b21_92ef_4271_88df_ac794db5118a] Finished assignment for group at generation 1: {consumer-Consumer-topic-72ae1b21_92ef_4271_88df_ac794db5118a-18-dbb90249-b7a2-4e14-8029-d0ad4ff3173d=Assignment(partitions=[topic-72ae1b21_92ef_4271_88df_ac794db5118a-0])}
2025-08-13 16:43:21,605 INFO  [org.apa.kaf.cli.con.int.ConsumerCoordinator] (Thread-744) [Consumer clientId=consumer-Consumer-topic-72ae1b21_92ef_4271_88df_ac794db5118a-18, groupId=Consumer-topic-72ae1b21_92ef_4271_88df_ac794db5118a] Successfully synced group in generation Generation{generationId=1, memberId='consumer-Consumer-topic-72ae1b21_92ef_4271_88df_ac794db5118a-18-dbb90249-b7a2-4e14-8029-d0ad4ff3173d', protocol='range'}
2025-08-13 16:43:21,605 INFO  [org.apa.kaf.cli.con.int.ConsumerCoordinator] (Thread-744) [Consumer clientId=consumer-Consumer-topic-72ae1b21_92ef_4271_88df_ac794db5118a-18, groupId=Consumer-topic-72ae1b21_92ef_4271_88df_ac794db5118a] Notifying assignor about the new Assignment(partitions=[topic-72ae1b21_92ef_4271_88df_ac794db5118a-0])
2025-08-13 16:43:21,605 INFO  [org.apa.kaf.cli.con.int.ConsumerRebalanceListenerInvoker] (Thread-744) [Consumer clientId=consumer-Consumer-topic-72ae1b21_92ef_4271_88df_ac794db5118a-18, groupId=Consumer-topic-72ae1b21_92ef_4271_88df_ac794db5118a] Adding newly assigned partitions: topic-72ae1b21_92ef_4271_88df_ac794db5118a-0
2025-08-13 16:43:21,606 INFO  [org.apa.kaf.cli.con.int.ConsumerCoordinator] (Thread-744) [Consumer clientId=consumer-Consumer-topic-72ae1b21_92ef_4271_88df_ac794db5118a-18, groupId=Consumer-topic-72ae1b21_92ef_4271_88df_ac794db5118a] Found no committed offset for partition topic-72ae1b21_92ef_4271_88df_ac794db5118a-0
2025-08-13 16:43:21,608 INFO  [org.apa.kaf.cli.con.int.SubscriptionState] (Thread-744) [Consumer clientId=consumer-Consumer-topic-72ae1b21_92ef_4271_88df_ac794db5118a-18, groupId=Consumer-topic-72ae1b21_92ef_4271_88df_ac794db5118a] Resetting offset for partition topic-72ae1b21_92ef_4271_88df_ac794db5118a-0 to position FetchPosition{offset=0, offsetEpoch=Optional.empty, currentLeader=LeaderAndEpoch{leader=Optional[localhost:32769 (id: 0 rack: null)], epoch=0}}.
2025-08-13 16:43:21,637 INFO  [io.api.tes.ser.api.KafkaSerdesTester] (Thread-744) topic-72ae1b21_92ef_4271_88df_ac794db5118a 0 0 {"key11755103398309": "value-0"}
2025-08-13 16:43:21,637 INFO  [io.api.tes.ser.api.KafkaSerdesTester] (Thread-744) topic-72ae1b21_92ef_4271_88df_ac794db5118a 0 1 {"key11755103398309": "value-1"}
2025-08-13 16:43:21,637 INFO  [io.api.tes.ser.api.KafkaSerdesTester] (Thread-744) topic-72ae1b21_92ef_4271_88df_ac794db5118a 0 2 {"key11755103398309": "value-2"}
2025-08-13 16:43:21,637 INFO  [io.api.tes.ser.api.KafkaSerdesTester] (Thread-744) topic-72ae1b21_92ef_4271_88df_ac794db5118a 0 3 {"key11755103398309": "value-3"}
2025-08-13 16:43:21,637 INFO  [io.api.tes.ser.api.KafkaSerdesTester] (Thread-744) topic-72ae1b21_92ef_4271_88df_ac794db5118a 0 4 {"key11755103398309": "value-4"}
2025-08-13 16:43:21,637 INFO  [io.api.tes.ser.api.KafkaSerdesTester] (Thread-744) topic-72ae1b21_92ef_4271_88df_ac794db5118a 0 5 {"key11755103398309": "value-5"}
2025-08-13 16:43:21,637 INFO  [io.api.tes.ser.api.KafkaSerdesTester] (Thread-744) topic-72ae1b21_92ef_4271_88df_ac794db5118a 0 6 {"key11755103398309": "value-6"}
2025-08-13 16:43:21,637 INFO  [io.api.tes.ser.api.KafkaSerdesTester] (Thread-744) topic-72ae1b21_92ef_4271_88df_ac794db5118a 0 7 {"key11755103398309": "value-7"}
2025-08-13 16:43:21,637 INFO  [io.api.tes.ser.api.KafkaSerdesTester] (Thread-744) topic-72ae1b21_92ef_4271_88df_ac794db5118a 0 8 {"key11755103398309": "value-8"}
2025-08-13 16:43:21,637 INFO  [io.api.tes.ser.api.KafkaSerdesTester] (Thread-744) topic-72ae1b21_92ef_4271_88df_ac794db5118a 0 9 {"key11755103398309": "value-9"}
2025-08-13 16:43:21,637 INFO  [io.api.tes.ser.api.KafkaSerdesTester] (Thread-744) Consumed 10 messages
2025-08-13 16:43:21,645 INFO  [org.apa.kaf.cli.con.int.ConsumerRebalanceListenerInvoker] (Thread-744) [Consumer clientId=consumer-Consumer-topic-72ae1b21_92ef_4271_88df_ac794db5118a-18, groupId=Consumer-topic-72ae1b21_92ef_4271_88df_ac794db5118a] Revoke previously assigned partitions topic-72ae1b21_92ef_4271_88df_ac794db5118a-0
2025-08-13 16:43:21,645 INFO  [org.apa.kaf.cli.con.int.ConsumerCoordinator] (Thread-744) [Consumer clientId=consumer-Consumer-topic-72ae1b21_92ef_4271_88df_ac794db5118a-18, groupId=Consumer-topic-72ae1b21_92ef_4271_88df_ac794db5118a] Member consumer-Consumer-topic-72ae1b21_92ef_4271_88df_ac794db5118a-18-dbb90249-b7a2-4e14-8029-d0ad4ff3173d sending LeaveGroup request to coordinator localhost:32769 (id: 2147483647 rack: null) due to the consumer is being closed
2025-08-13 16:43:21,645 INFO  [org.apa.kaf.cli.con.int.ConsumerCoordinator] (Thread-744) [Consumer clientId=consumer-Consumer-topic-72ae1b21_92ef_4271_88df_ac794db5118a-18, groupId=Consumer-topic-72ae1b21_92ef_4271_88df_ac794db5118a] Resetting generation and member id due to: consumer pro-actively leaving the group
2025-08-13 16:43:21,645 INFO  [org.apa.kaf.cli.con.int.ConsumerCoordinator] (Thread-744) [Consumer clientId=consumer-Consumer-topic-72ae1b21_92ef_4271_88df_ac794db5118a-18, groupId=Consumer-topic-72ae1b21_92ef_4271_88df_ac794db5118a] Request joining group due to: consumer pro-actively leaving the group
2025-08-13 16:43:22,138 INFO  [org.apa.kaf.com.met.Metrics] (Thread-744) Metrics scheduler closed
2025-08-13 16:43:22,138 INFO  [org.apa.kaf.com.met.Metrics] (Thread-744) Closing reporter org.apache.kafka.common.metrics.JmxReporter
2025-08-13 16:43:22,138 INFO  [org.apa.kaf.com.met.Metrics] (Thread-744) Closing reporter org.apache.kafka.common.telemetry.internals.ClientTelemetryReporter
2025-08-13 16:43:22,138 INFO  [org.apa.kaf.com.met.Metrics] (Thread-744) Metrics reporters closed
2025-08-13 16:43:22,140 INFO  [org.apa.kaf.com.uti.AppInfoParser] (Thread-744) App info kafka.consumer for consumer-Consumer-topic-72ae1b21_92ef_4271_88df_ac794db5118a-18 unregistered
2025-08-13 16:43:22,140 INFO  [io.api.tes.uti.TestSeparator] (main) io.apicurio.tests.serdes.apicurio.AvroSerdeIT.testGlobalIdInBody-FINISHED
2025-08-13 16:43:22,140 INFO  [io.api.tes.uti.TestSeparator] (main) ############################################################################
Test passed: testGlobalIdInBody
]]></system-out>
  </testcase>
  <testcase name="testProducerUsesGlobalIdConsumerUsesDefault" classname="io.apicurio.tests.serdes.apicurio.AvroSerdeIT" time="0.0">
    <skipped message="void io.apicurio.tests.serdes.apicurio.AvroSerdeIT.testProducerUsesGlobalIdConsumerUsesDefault() throws java.lang.Exception is @Disabled"/>
  </testcase>
</testsuite>