<?xml version="1.0" encoding="UTF-8"?>
<testsuite xmlns:xsi="http://www.w3.org/2001/XMLSchema-instance" xsi:noNamespaceSchemaLocation="https://maven.apache.org/surefire/maven-failsafe-plugin/xsd/failsafe-test-report.xsd" version="3.0.2" name="io.apicurio.tests.serdes.apicurio.AvroSerdeIT" time="118.745" tests="21" errors="0" skipped="2" failures="0">
  <properties>
    <property name="java.specification.version" value="17"/>
    <property name="sun.jnu.encoding" value="UTF-8"/>
    <property name="java.class.path" value="/home/runner/work/apicurio-testing/apicurio-testing/clusters/ci419/namespaces/mysql/tests/integration/apicurio-registry/integration-tests/target/test-classes:/home/runner/work/apicurio-testing/apicurio-testing/clusters/ci419/namespaces/mysql/tests/integration/apicurio-registry/integration-tests/target/apicurio-registry-integration-tests-3.0.12-SNAPSHOT.jar:/home/runner/.m2/repository/io/quarkus/quarkus-junit5/3.20.2/quarkus-junit5-3.20.2.jar:/home/runner/.m2/repository/io/quarkus/quarkus-bootstrap-core/3.20.2/quarkus-bootstrap-core-3.20.2.jar:/home/runner/.m2/repository/io/quarkus/quarkus-classloader-commons/3.20.2/quarkus-classloader-commons-3.20.2.jar:/home/runner/.m2/repository/io/quarkus/quarkus-bootstrap-app-model/3.20.2/quarkus-bootstrap-app-model-3.20.2.jar:/home/runner/.m2/repository/io/smallrye/common/smallrye-common-io/2.12.0/smallrye-common-io-2.12.0.jar:/home/runner/.m2/repository/org/eclipse/sisu/org.eclipse.sisu.inject/0.9.0.M3/org.eclipse.sisu.inject-0.9.0.M3.jar:/home/runner/.m2/repository/io/quarkus/quarkus-test-common/3.20.2/quarkus-test-common-3.20.2.jar:/home/runner/.m2/repository/io/quarkus/quarkus-core-deployment/3.20.2/quarkus-core-deployment-3.20.2.jar:/home/runner/.m2/repository/org/aesh/readline/2.6/readline-2.6.jar:/home/runner/.m2/repository/org/fusesource/jansi/jansi/2.4.0/jansi-2.4.0.jar:/home/runner/.m2/repository/org/aesh/aesh/2.8.2/aesh-2.8.2.jar:/home/runner/.m2/repository/io/quarkus/gizmo/gizmo/1.8.0/gizmo-1.8.0.jar:/home/runner/.m2/repository/org/ow2/asm/asm-util/9.7.1/asm-util-9.7.1.jar:/home/runner/.m2/repository/org/ow2/asm/asm-analysis/9.7.1/asm-analysis-9.7.1.jar:/home/runner/.m2/repository/org/ow2/asm/asm-commons/9.7.1/asm-commons-9.7.1.jar:/home/runner/.m2/repository/org/ow2/asm/asm-tree/9.7.1/asm-tree-9.7.1.jar:/home/runner/.m2/repository/io/quarkus/quarkus-hibernate-validator-spi/3.20.2/quarkus-hibernate-validator-spi-3.20.2.jar:/home/runner/.m2/repository/io/quarkus/quarkus-class-change-agent/3.20.2/quarkus-class-change-agent-3.20.2.jar:/home/runner/.m2/repository/io/quarkus/quarkus-devtools-utilities/3.20.2/quarkus-devtools-utilities-3.20.2.jar:/home/runner/.m2/repository/io/quarkus/quarkus-builder/3.20.2/quarkus-builder-3.20.2.jar:/home/runner/.m2/repository/org/graalvm/sdk/nativeimage/23.1.2/nativeimage-23.1.2.jar:/home/runner/.m2/repository/org/graalvm/sdk/word/23.1.2/word-23.1.2.jar:/home/runner/.m2/repository/io/quarkus/quarkus-bootstrap-maven-resolver/3.20.2/quarkus-bootstrap-maven-resolver-3.20.2.jar:/home/runner/.m2/repository/io/smallrye/beanbag/smallrye-beanbag-maven/1.5.2/smallrye-beanbag-maven-1.5.2.jar:/home/runner/.m2/repository/io/smallrye/beanbag/smallrye-beanbag-sisu/1.5.2/smallrye-beanbag-sisu-1.5.2.jar:/home/runner/.m2/repository/io/smallrye/beanbag/smallrye-beanbag/1.5.2/smallrye-beanbag-1.5.2.jar:/home/runner/.m2/repository/javax/inject/javax.inject/1/javax.inject-1.jar:/home/runner/.m2/repository/org/apache/maven/maven-artifact/3.9.9/maven-artifact-3.9.9.jar:/home/runner/.m2/repository/org/apache/maven/maven-builder-support/3.9.9/maven-builder-support-3.9.9.jar:/home/runner/.m2/repository/org/apache/maven/maven-model/3.9.9/maven-model-3.9.9.jar:/home/runner/.m2/repository/org/apache/maven/maven-model-builder/3.9.9/maven-model-builder-3.9.9.jar:/home/runner/.m2/repository/org/apache/maven/maven-repository-metadata/3.9.9/maven-repository-metadata-3.9.9.jar:/home/runner/.m2/repository/org/apache/maven/maven-settings/3.9.9/maven-settings-3.9.9.jar:/home/runner/.m2/repository/org/apache/maven/resolver/maven-resolver-api/1.9.22/maven-resolver-api-1.9.22.jar:/home/runner/.m2/repository/org/apache/maven/resolver/maven-resolver-impl/1.9.22/maven-resolver-impl-1.9.22.jar:/home/runner/.m2/repository/org/apache/maven/resolver/maven-resolver-named-locks/1.9.22/maven-resolver-named-locks-1.9.22.jar:/home/runner/.m2/repository/org/apache/maven/resolver/maven-resolver-spi/1.9.22/maven-resolver-spi-1.9.22.jar:/home/runner/.m2/repository/org/apache/maven/resolver/maven-resolver-util/1.9.22/maven-resolver-util-1.9.22.jar:/home/runner/.m2/repository/org/apache/maven/resolver/maven-resolver-transport-http/1.9.20/maven-resolver-transport-http-1.9.20.jar:/home/runner/.m2/repository/org/apache/maven/wagon/wagon-provider-api/3.5.3/wagon-provider-api-3.5.3.jar:/home/runner/.m2/repository/org/apache/maven/wagon/wagon-http-shared/3.5.3/wagon-http-shared-3.5.3.jar:/home/runner/.m2/repository/org/codehaus/plexus/plexus-interpolation/1.26/plexus-interpolation-1.26.jar:/home/runner/.m2/repository/org/codehaus/plexus/plexus-utils/3.5.1/plexus-utils-3.5.1.jar:/home/runner/.m2/repository/org/codehaus/plexus/plexus-xml/4.0.1/plexus-xml-4.0.1.jar:/home/runner/.m2/repository/org/apache/maven/maven-xml-impl/4.0.0-alpha-5/maven-xml-impl-4.0.0-alpha-5.jar:/home/runner/.m2/repository/org/apache/maven/maven-api-xml/4.0.0-alpha-5/maven-api-xml-4.0.0-alpha-5.jar:/home/runner/.m2/repository/org/apache/maven/maven-api-meta/4.0.0-alpha-5/maven-api-meta-4.0.0-alpha-5.jar:/home/runner/.m2/repository/org/codehaus/plexus/plexus-cipher/2.0/plexus-cipher-2.0.jar:/home/runner/.m2/repository/org/codehaus/plexus/plexus-sec-dispatcher/2.0/plexus-sec-dispatcher-2.0.jar:/home/runner/.m2/repository/org/apache/maven/maven-embedder/3.9.9/maven-embedder-3.9.9.jar:/home/runner/.m2/repository/org/apache/maven/maven-core/3.9.9/maven-core-3.9.9.jar:/home/runner/.m2/repository/org/codehaus/plexus/plexus-component-annotations/2.1.0/plexus-component-annotations-2.1.0.jar:/home/runner/.m2/repository/org/apache/maven/maven-plugin-api/3.9.9/maven-plugin-api-3.9.9.jar:/home/runner/.m2/repository/org/apache/maven/shared/maven-shared-utils/3.4.2/maven-shared-utils-3.4.2.jar:/home/runner/.m2/repository/com/google/inject/guice/5.1.0/guice-5.1.0.jar:/home/runner/.m2/repository/aopalliance/aopalliance/1.0/aopalliance-1.0.jar:/home/runner/.m2/repository/org/codehaus/plexus/plexus-classworlds/2.6.0/plexus-classworlds-2.6.0.jar:/home/runner/.m2/repository/commons-cli/commons-cli/1.8.0/commons-cli-1.8.0.jar:/home/runner/.m2/repository/org/eclipse/sisu/org.eclipse.sisu.plexus/0.9.0.M3/org.eclipse.sisu.plexus-0.9.0.M3.jar:/home/runner/.m2/repository/org/apache/maven/maven-settings-builder/3.9.9/maven-settings-builder-3.9.9.jar:/home/runner/.m2/repository/org/apache/maven/maven-resolver-provider/3.9.9/maven-resolver-provider-3.9.9.jar:/home/runner/.m2/repository/org/apache/maven/resolver/maven-resolver-connector-basic/1.9.22/maven-resolver-connector-basic-1.9.22.jar:/home/runner/.m2/repository/org/apache/maven/resolver/maven-resolver-transport-wagon/1.9.22/maven-resolver-transport-wagon-1.9.22.jar:/home/runner/.m2/repository/org/apache/maven/wagon/wagon-http/3.5.3/wagon-http-3.5.3.jar:/home/runner/.m2/repository/org/apache/maven/wagon/wagon-file/3.5.3/wagon-file-3.5.3.jar:/home/runner/.m2/repository/io/quarkus/quarkus-bootstrap-gradle-resolver/3.20.2/quarkus-bootstrap-gradle-resolver-3.20.2.jar:/home/runner/.m2/repository/io/smallrye/jandex/3.3.0/jandex-3.3.0.jar:/home/runner/.m2/repository/org/jboss/logging/commons-logging-jboss-logging/1.0.0.Final/commons-logging-jboss-logging-1.0.0.Final.jar:/home/runner/.m2/repository/io/quarkus/quarkus-junit5-config/3.20.2/quarkus-junit5-config-3.20.2.jar:/home/runner/.m2/repository/org/junit/jupiter/junit-jupiter-api/5.12.1/junit-jupiter-api-5.12.1.jar:/home/runner/.m2/repository/io/smallrye/config/smallrye-config/3.11.4/smallrye-config-3.11.4.jar:/home/runner/.m2/repository/io/smallrye/config/smallrye-config-core/3.11.4/smallrye-config-core-3.11.4.jar:/home/runner/.m2/repository/io/smallrye/common/smallrye-common-classloader/2.12.0/smallrye-common-classloader-2.12.0.jar:/home/runner/.m2/repository/io/smallrye/config/smallrye-config-common/3.11.4/smallrye-config-common-3.11.4.jar:/home/runner/.m2/repository/org/junit/jupiter/junit-jupiter/5.12.1/junit-jupiter-5.12.1.jar:/home/runner/.m2/repository/org/junit/jupiter/junit-jupiter-params/5.12.1/junit-jupiter-params-5.12.1.jar:/home/runner/.m2/repository/org/junit/jupiter/junit-jupiter-engine/5.12.1/junit-jupiter-engine-5.12.1.jar:/home/runner/.m2/repository/io/quarkus/quarkus-core/3.20.2/quarkus-core-3.20.2.jar:/home/runner/.m2/repository/jakarta/enterprise/jakarta.enterprise.cdi-api/4.1.0/jakarta.enterprise.cdi-api-4.1.0.jar:/home/runner/.m2/repository/jakarta/enterprise/jakarta.enterprise.lang-model/4.1.0/jakarta.enterprise.lang-model-4.1.0.jar:/home/runner/.m2/repository/jakarta/el/jakarta.el-api/5.0.1/jakarta.el-api-5.0.1.jar:/home/runner/.m2/repository/jakarta/interceptor/jakarta.interceptor-api/2.2.0/jakarta.interceptor-api-2.2.0.jar:/home/runner/.m2/repository/jakarta/inject/jakarta.inject-api/2.0.1/jakarta.inject-api-2.0.1.jar:/home/runner/.m2/repository/io/smallrye/common/smallrye-common-os/2.12.0/smallrye-common-os-2.12.0.jar:/home/runner/.m2/repository/io/quarkus/quarkus-ide-launcher/3.20.2/quarkus-ide-launcher-3.20.2.jar:/home/runner/.m2/repository/io/quarkus/quarkus-development-mode-spi/3.20.2/quarkus-development-mode-spi-3.20.2.jar:/home/runner/.m2/repository/org/jboss/logging/jboss-logging/3.6.1.Final/jboss-logging-3.6.1.Final.jar:/home/runner/.m2/repository/org/jboss/logmanager/jboss-logmanager/3.1.2.Final/jboss-logmanager-3.1.2.Final.jar:/home/runner/.m2/repository/io/smallrye/common/smallrye-common-constraint/2.12.0/smallrye-common-constraint-2.12.0.jar:/home/runner/.m2/repository/io/smallrye/common/smallrye-common-cpu/2.12.0/smallrye-common-cpu-2.12.0.jar:/home/runner/.m2/repository/io/smallrye/common/smallrye-common-expression/2.12.0/smallrye-common-expression-2.12.0.jar:/home/runner/.m2/repository/io/smallrye/common/smallrye-common-net/2.12.0/smallrye-common-net-2.12.0.jar:/home/runner/.m2/repository/io/smallrye/common/smallrye-common-ref/2.12.0/smallrye-common-ref-2.12.0.jar:/home/runner/.m2/repository/jakarta/json/jakarta.json-api/2.1.3/jakarta.json-api-2.1.3.jar:/home/runner/.m2/repository/org/eclipse/parsson/parsson/1.1.7/parsson-1.1.7.jar:/home/runner/.m2/repository/org/jboss/logging/jboss-logging-annotations/3.0.4.Final/jboss-logging-annotations-3.0.4.Final.jar:/home/runner/.m2/repository/org/jboss/threads/jboss-threads/3.8.0.Final/jboss-threads-3.8.0.Final.jar:/home/runner/.m2/repository/io/smallrye/common/smallrye-common-annotation/2.12.0/smallrye-common-annotation-2.12.0.jar:/home/runner/.m2/repository/io/smallrye/common/smallrye-common-function/2.12.0/smallrye-common-function-2.12.0.jar:/home/runner/.m2/repository/org/jboss/slf4j/slf4j-jboss-logmanager/2.0.0.Final/slf4j-jboss-logmanager-2.0.0.Final.jar:/home/runner/.m2/repository/org/wildfly/common/wildfly-common/2.0.1/wildfly-common-2.0.1.jar:/home/runner/.m2/repository/io/quarkus/quarkus-bootstrap-runner/3.20.2/quarkus-bootstrap-runner-3.20.2.jar:/home/runner/.m2/repository/io/github/crac/org-crac/0.1.3/org-crac-0.1.3.jar:/home/runner/.m2/repository/io/quarkus/quarkus-fs-util/0.0.10/quarkus-fs-util-0.0.10.jar:/home/runner/.m2/repository/org/jboss/marshalling/jboss-marshalling/2.2.2.Final/jboss-marshalling-2.2.2.Final.jar:/home/runner/.m2/repository/io/fabric8/kubernetes-client/7.1.0/kubernetes-client-7.1.0.jar:/home/runner/.m2/repository/io/fabric8/kubernetes-client-api/7.1.0/kubernetes-client-api-7.1.0.jar:/home/runner/.m2/repository/io/fabric8/kubernetes-model-core/7.1.0/kubernetes-model-core-7.1.0.jar:/home/runner/.m2/repository/io/fabric8/kubernetes-model-common/7.1.0/kubernetes-model-common-7.1.0.jar:/home/runner/.m2/repository/javax/annotation/javax.annotation-api/1.3.2/javax.annotation-api-1.3.2.jar:/home/runner/.m2/repository/io/fabric8/kubernetes-model-gatewayapi/7.1.0/kubernetes-model-gatewayapi-7.1.0.jar:/home/runner/.m2/repository/io/fabric8/kubernetes-model-resource/7.1.0/kubernetes-model-resource-7.1.0.jar:/home/runner/.m2/repository/io/fabric8/kubernetes-model-rbac/7.1.0/kubernetes-model-rbac-7.1.0.jar:/home/runner/.m2/repository/io/fabric8/kubernetes-model-admissionregistration/7.1.0/kubernetes-model-admissionregistration-7.1.0.jar:/home/runner/.m2/repository/io/fabric8/kubernetes-model-apps/7.1.0/kubernetes-model-apps-7.1.0.jar:/home/runner/.m2/repository/io/fabric8/kubernetes-model-autoscaling/7.1.0/kubernetes-model-autoscaling-7.1.0.jar:/home/runner/.m2/repository/io/fabric8/kubernetes-model-apiextensions/7.1.0/kubernetes-model-apiextensions-7.1.0.jar:/home/runner/.m2/repository/io/fabric8/kubernetes-model-batch/7.1.0/kubernetes-model-batch-7.1.0.jar:/home/runner/.m2/repository/io/fabric8/kubernetes-model-certificates/7.1.0/kubernetes-model-certificates-7.1.0.jar:/home/runner/.m2/repository/io/fabric8/kubernetes-model-coordination/7.1.0/kubernetes-model-coordination-7.1.0.jar:/home/runner/.m2/repository/io/fabric8/kubernetes-model-discovery/7.1.0/kubernetes-model-discovery-7.1.0.jar:/home/runner/.m2/repository/io/fabric8/kubernetes-model-events/7.1.0/kubernetes-model-events-7.1.0.jar:/home/runner/.m2/repository/io/fabric8/kubernetes-model-extensions/7.1.0/kubernetes-model-extensions-7.1.0.jar:/home/runner/.m2/repository/io/fabric8/kubernetes-model-flowcontrol/7.1.0/kubernetes-model-flowcontrol-7.1.0.jar:/home/runner/.m2/repository/io/fabric8/kubernetes-model-networking/7.1.0/kubernetes-model-networking-7.1.0.jar:/home/runner/.m2/repository/io/fabric8/kubernetes-model-metrics/7.1.0/kubernetes-model-metrics-7.1.0.jar:/home/runner/.m2/repository/io/fabric8/kubernetes-model-policy/7.1.0/kubernetes-model-policy-7.1.0.jar:/home/runner/.m2/repository/io/fabric8/kubernetes-model-scheduling/7.1.0/kubernetes-model-scheduling-7.1.0.jar:/home/runner/.m2/repository/io/fabric8/kubernetes-model-storageclass/7.1.0/kubernetes-model-storageclass-7.1.0.jar:/home/runner/.m2/repository/io/fabric8/kubernetes-model-node/7.1.0/kubernetes-model-node-7.1.0.jar:/home/runner/.m2/repository/org/snakeyaml/snakeyaml-engine/2.9/snakeyaml-engine-2.9.jar:/home/runner/.m2/repository/com/fasterxml/jackson/dataformat/jackson-dataformat-yaml/2.18.2/jackson-dataformat-yaml-2.18.2.jar:/home/runner/.m2/repository/com/fasterxml/jackson/datatype/jackson-datatype-jsr310/2.18.2/jackson-datatype-jsr310-2.18.2.jar:/home/runner/.m2/repository/io/fabric8/zjsonpatch/7.1.0/zjsonpatch-7.1.0.jar:/home/runner/.m2/repository/io/fabric8/kubernetes-httpclient-vertx/7.1.0/kubernetes-httpclient-vertx-7.1.0.jar:/home/runner/.m2/repository/io/vertx/vertx-web-client/4.5.16/vertx-web-client-4.5.16.jar:/home/runner/.m2/repository/io/vertx/vertx-web-common/4.5.16/vertx-web-common-4.5.16.jar:/home/runner/.m2/repository/io/vertx/vertx-auth-common/4.5.16/vertx-auth-common-4.5.16.jar:/home/runner/.m2/repository/io/vertx/vertx-uri-template/4.5.16/vertx-uri-template-4.5.16.jar:/home/runner/.m2/repository/io/fabric8/openshift-client/7.1.0/openshift-client-7.1.0.jar:/home/runner/.m2/repository/io/fabric8/openshift-client-api/7.1.0/openshift-client-api-7.1.0.jar:/home/runner/.m2/repository/io/fabric8/openshift-model/7.1.0/openshift-model-7.1.0.jar:/home/runner/.m2/repository/io/fabric8/openshift-model-autoscaling/7.1.0/openshift-model-autoscaling-7.1.0.jar:/home/runner/.m2/repository/io/fabric8/openshift-model-operator/7.1.0/openshift-model-operator-7.1.0.jar:/home/runner/.m2/repository/io/fabric8/openshift-model-operatorhub/7.1.0/openshift-model-operatorhub-7.1.0.jar:/home/runner/.m2/repository/io/fabric8/openshift-model-machine/7.1.0/openshift-model-machine-7.1.0.jar:/home/runner/.m2/repository/io/fabric8/openshift-model-whereabouts/7.1.0/openshift-model-whereabouts-7.1.0.jar:/home/runner/.m2/repository/io/fabric8/openshift-model-monitoring/7.1.0/openshift-model-monitoring-7.1.0.jar:/home/runner/.m2/repository/io/fabric8/openshift-model-storageversionmigrator/7.1.0/openshift-model-storageversionmigrator-7.1.0.jar:/home/runner/.m2/repository/io/fabric8/openshift-model-tuned/7.1.0/openshift-model-tuned-7.1.0.jar:/home/runner/.m2/repository/io/fabric8/openshift-model-console/7.1.0/openshift-model-console-7.1.0.jar:/home/runner/.m2/repository/io/fabric8/openshift-model-config/7.1.0/openshift-model-config-7.1.0.jar:/home/runner/.m2/repository/io/fabric8/openshift-model-machineconfiguration/7.1.0/openshift-model-machineconfiguration-7.1.0.jar:/home/runner/.m2/repository/io/fabric8/openshift-model-miscellaneous/7.1.0/openshift-model-miscellaneous-7.1.0.jar:/home/runner/.m2/repository/io/fabric8/openshift-model-hive/7.1.0/openshift-model-hive-7.1.0.jar:/home/runner/.m2/repository/io/fabric8/openshift-model-installer/7.1.0/openshift-model-installer-7.1.0.jar:/home/runner/.m2/repository/org/junit/platform/junit-platform-launcher/1.12.1/junit-platform-launcher-1.12.1.jar:/home/runner/.m2/repository/org/junit/platform/junit-platform-engine/1.12.1/junit-platform-engine-1.12.1.jar:/home/runner/.m2/repository/org/opentest4j/opentest4j/1.3.0/opentest4j-1.3.0.jar:/home/runner/.m2/repository/org/junit/platform/junit-platform-commons/1.12.1/junit-platform-commons-1.12.1.jar:/home/runner/.m2/repository/org/apiguardian/apiguardian-api/1.1.2/apiguardian-api-1.1.2.jar:/home/runner/.m2/repository/jakarta/ws/rs/jakarta.ws.rs-api/3.1.0/jakarta.ws.rs-api-3.1.0.jar:/home/runner/work/apicurio-testing/apicurio-testing/clusters/ci419/namespaces/mysql/tests/integration/apicurio-registry/java-sdk/target/apicurio-registry-java-sdk-3.0.12-SNAPSHOT.jar:/home/runner/.m2/repository/com/microsoft/kiota/microsoft-kiota-abstractions/1.8.9/microsoft-kiota-abstractions-1.8.9.jar:/home/runner/.m2/repository/io/github/std-uritemplate/std-uritemplate/2.0.0/std-uritemplate-2.0.0.jar:/home/runner/.m2/repository/io/kiota/kiota-http-jdk/0.0.29/kiota-http-jdk-0.0.29.jar:/home/runner/.m2/repository/io/kiota/kiota-http-vertx/0.0.29/kiota-http-vertx-0.0.29.jar:/home/runner/.m2/repository/io/kiota/kiota-serialization-jackson/0.0.29/kiota-serialization-jackson-0.0.29.jar:/home/runner/.m2/repository/com/microsoft/kiota/microsoft-kiota-serialization-text/1.8.9/microsoft-kiota-serialization-text-1.8.9.jar:/home/runner/.m2/repository/com/microsoft/kiota/microsoft-kiota-serialization-form/1.8.9/microsoft-kiota-serialization-form-1.8.9.jar:/home/runner/.m2/repository/com/microsoft/kiota/microsoft-kiota-serialization-multipart/1.8.9/microsoft-kiota-serialization-multipart-1.8.9.jar:/home/runner/.m2/repository/jakarta/annotation/jakarta.annotation-api/3.0.0/jakarta.annotation-api-3.0.0.jar:/home/runner/.m2/repository/io/vertx/vertx-auth-oauth2/4.5.16/vertx-auth-oauth2-4.5.16.jar:/home/runner/work/apicurio-testing/apicurio-testing/clusters/ci419/namespaces/mysql/tests/integration/apicurio-registry/java-sdk-v2/target/apicurio-registry-v2-java-sdk-3.0.12-SNAPSHOT.jar:/home/runner/work/apicurio-testing/apicurio-testing/clusters/ci419/namespaces/mysql/tests/integration/apicurio-registry/utils/kafka/target/apicurio-registry-utils-kafka-3.0.12-SNAPSHOT-tests.jar:/home/runner/.m2/repository/org/eclipse/microprofile/config/microprofile-config-api/3.1/microprofile-config-api-3.1.jar:/home/runner/.m2/repository/org/apache/kafka/kafka-clients/3.9.1/kafka-clients-3.9.1.jar:/home/runner/.m2/repository/com/github/luben/zstd-jni/1.5.6-4/zstd-jni-1.5.6-4.jar:/home/runner/.m2/repository/org/lz4/lz4-java/1.8.0/lz4-java-1.8.0.jar:/home/runner/.m2/repository/org/xerial/snappy/snappy-java/1.1.10.5/snappy-java-1.1.10.5.jar:/home/runner/.m2/repository/org/slf4j/slf4j-api/2.0.6/slf4j-api-2.0.6.jar:/home/runner/work/apicurio-testing/apicurio-testing/clusters/ci419/namespaces/mysql/tests/integration/apicurio-registry/utils/tests/target/apicurio-registry-utils-tests-3.0.12-SNAPSHOT.jar:/home/runner/work/apicurio-testing/apicurio-testing/clusters/ci419/namespaces/mysql/tests/integration/apicurio-registry/common/target/apicurio-registry-common-3.0.12-SNAPSHOT.jar:/home/runner/.m2/repository/jakarta/validation/jakarta.validation-api/3.0.2/jakarta.validation-api-3.0.2.jar:/home/runner/.m2/repository/com/github/dasniko/testcontainers-keycloak/3.8.0/testcontainers-keycloak-3.8.0.jar:/home/runner/.m2/repository/org/testcontainers/testcontainers/1.20.6/testcontainers-1.20.6.jar:/home/runner/.m2/repository/org/rnorth/duct-tape/duct-tape/1.0.8/duct-tape-1.0.8.jar:/home/runner/.m2/repository/com/github/docker-java/docker-java-transport-zerodep/3.4.1/docker-java-transport-zerodep-3.4.1.jar:/home/runner/.m2/repository/com/github/docker-java/docker-java-transport/3.4.1/docker-java-transport-3.4.1.jar:/home/runner/.m2/repository/net/java/dev/jna/jna/5.8.0/jna-5.8.0.jar:/home/runner/.m2/repository/io/quarkus/quarkus-junit4-mock/3.20.2/quarkus-junit4-mock-3.20.2.jar:/home/runner/.m2/repository/org/jboss/shrinkwrap/shrinkwrap-api/2.0.0-beta-2/shrinkwrap-api-2.0.0-beta-2.jar:/home/runner/.m2/repository/org/jboss/shrinkwrap/shrinkwrap-impl-base/2.0.0-beta-2/shrinkwrap-impl-base-2.0.0-beta-2.jar:/home/runner/.m2/repository/org/jboss/shrinkwrap/shrinkwrap-spi/2.0.0-beta-2/shrinkwrap-spi-2.0.0-beta-2.jar:/home/runner/.m2/repository/org/keycloak/keycloak-admin-client/26.0.4/keycloak-admin-client-26.0.4.jar:/home/runner/.m2/repository/org/keycloak/keycloak-client-common-synced/26.0.4/keycloak-client-common-synced-26.0.4.jar:/home/runner/.m2/repository/jakarta/activation/jakarta.activation-api/2.1.3/jakarta.activation-api-2.1.3.jar:/home/runner/.m2/repository/org/eclipse/microprofile/openapi/microprofile-openapi-api/4.0.2/microprofile-openapi-api-4.0.2.jar:/home/runner/.m2/repository/org/jboss/resteasy/resteasy-client/6.2.12.Final/resteasy-client-6.2.12.Final.jar:/home/runner/.m2/repository/org/jboss/resteasy/resteasy-client-api/6.2.12.Final/resteasy-client-api-6.2.12.Final.jar:/home/runner/.m2/repository/org/jboss/resteasy/resteasy-core-spi/6.2.12.Final/resteasy-core-spi-6.2.12.Final.jar:/home/runner/.m2/repository/org/jboss/resteasy/resteasy-core/6.2.12.Final/resteasy-core-6.2.12.Final.jar:/home/runner/.m2/repository/org/eclipse/angus/angus-activation/2.0.2/angus-activation-2.0.2.jar:/home/runner/.m2/repository/com/ibm/async/asyncutil/0.1.0/asyncutil-0.1.0.jar:/home/runner/.m2/repository/org/reactivestreams/reactive-streams/1.0.4/reactive-streams-1.0.4.jar:/home/runner/.m2/repository/org/jboss/resteasy/resteasy-multipart-provider/6.2.12.Final/resteasy-multipart-provider-6.2.12.Final.jar:/home/runner/.m2/repository/jakarta/mail/jakarta.mail-api/2.1.3/jakarta.mail-api-2.1.3.jar:/home/runner/.m2/repository/org/eclipse/angus/angus-mail/2.0.3/angus-mail-2.0.3.jar:/home/runner/.m2/repository/org/apache/james/apache-mime4j-dom/0.8.12/apache-mime4j-dom-0.8.12.jar:/home/runner/.m2/repository/org/apache/james/apache-mime4j-core/0.8.12/apache-mime4j-core-0.8.12.jar:/home/runner/.m2/repository/org/apache/james/apache-mime4j-storage/0.8.12/apache-mime4j-storage-0.8.12.jar:/home/runner/.m2/repository/org/jboss/resteasy/resteasy-jackson2-provider/6.2.12.Final/resteasy-jackson2-provider-6.2.12.Final.jar:/home/runner/.m2/repository/com/fasterxml/jackson/jakarta/rs/jackson-jakarta-rs-base/2.18.2/jackson-jakarta-rs-base-2.18.2.jar:/home/runner/.m2/repository/com/fasterxml/jackson/jakarta/rs/jackson-jakarta-rs-json-provider/2.18.2/jackson-jakarta-rs-json-provider-2.18.2.jar:/home/runner/.m2/repository/com/fasterxml/jackson/module/jackson-module-jakarta-xmlbind-annotations/2.18.2/jackson-module-jakarta-xmlbind-annotations-2.18.2.jar:/home/runner/.m2/repository/com/github/java-json-tools/json-patch/1.13/json-patch-1.13.jar:/home/runner/.m2/repository/com/github/java-json-tools/msg-simple/1.2/msg-simple-1.2.jar:/home/runner/.m2/repository/com/github/java-json-tools/btf/1.3/btf-1.3.jar:/home/runner/.m2/repository/com/github/java-json-tools/jackson-coreutils/2.0/jackson-coreutils-2.0.jar:/home/runner/.m2/repository/org/jboss/resteasy/resteasy-jaxb-provider/6.2.12.Final/resteasy-jaxb-provider-6.2.12.Final.jar:/home/runner/.m2/repository/org/glassfish/jaxb/codemodel/4.0.5/codemodel-4.0.5.jar:/home/runner/.m2/repository/org/glassfish/jaxb/jaxb-core/4.0.5/jaxb-core-4.0.5.jar:/home/runner/.m2/repository/org/glassfish/jaxb/jaxb-jxc/4.0.5/jaxb-jxc-4.0.5.jar:/home/runner/.m2/repository/org/glassfish/jaxb/jaxb-runtime/4.0.5/jaxb-runtime-4.0.5.jar:/home/runner/.m2/repository/org/glassfish/jaxb/txw2/4.0.5/txw2-4.0.5.jar:/home/runner/.m2/repository/org/glassfish/jaxb/jaxb-xjc/4.0.5/jaxb-xjc-4.0.5.jar:/home/runner/.m2/repository/org/glassfish/jaxb/xsom/4.0.5/xsom-4.0.5.jar:/home/runner/.m2/repository/com/sun/istack/istack-commons-runtime/4.1.2/istack-commons-runtime-4.1.2.jar:/home/runner/.m2/repository/com/sun/istack/istack-commons-tools/4.1.2/istack-commons-tools-4.1.2.jar:/home/runner/.m2/repository/com/sun/xml/bind/external/relaxng-datatype/4.0.5/relaxng-datatype-4.0.5.jar:/home/runner/.m2/repository/com/sun/xml/bind/external/rngom/4.0.5/rngom-4.0.5.jar:/home/runner/.m2/repository/org/testcontainers/mssqlserver/1.20.6/mssqlserver-1.20.6.jar:/home/runner/.m2/repository/org/testcontainers/jdbc/1.20.6/jdbc-1.20.6.jar:/home/runner/.m2/repository/org/testcontainers/database-commons/1.20.6/database-commons-1.20.6.jar:/home/runner/.m2/repository/org/testcontainers/mysql/1.20.6/mysql-1.20.6.jar:/home/runner/.m2/repository/io/strimzi/strimzi-test-container/0.111.0/strimzi-test-container-0.111.0.jar:/home/runner/.m2/repository/org/testcontainers/toxiproxy/1.20.6/toxiproxy-1.20.6.jar:/home/runner/.m2/repository/com/github/docker-java/docker-java-api/3.4.1/docker-java-api-3.4.1.jar:/home/runner/.m2/repository/org/apache/logging/log4j/log4j-slf4j-impl/2.19.0/log4j-slf4j-impl-2.19.0.jar:/home/runner/.m2/repository/org/apache/logging/log4j/log4j-api/2.24.3/log4j-api-2.24.3.jar:/home/runner/.m2/repository/org/apache/logging/log4j/log4j-core/2.19.0/log4j-core-2.19.0.jar:/home/runner/.m2/repository/eu/rekawek/toxiproxy/toxiproxy-java/2.1.7/toxiproxy-java-2.1.7.jar:/home/runner/.m2/repository/org/testcontainers/pulsar/1.21.3/pulsar-1.21.3.jar:/home/runner/.m2/repository/io/debezium/debezium-testing-testcontainers/2.7.4.Final/debezium-testing-testcontainers-2.7.4.Final.jar:/home/runner/.m2/repository/org/testcontainers/kafka/1.20.6/kafka-1.20.6.jar:/home/runner/.m2/repository/com/squareup/okhttp3/okhttp/4.8.1/okhttp-4.8.1.jar:/home/runner/.m2/repository/com/squareup/okio/okio/3.10.2/okio-3.10.2.jar:/home/runner/.m2/repository/com/squareup/okio/okio-jvm/3.10.2/okio-jvm-3.10.2.jar:/home/runner/.m2/repository/org/jetbrains/kotlin/kotlin-stdlib/2.0.21/kotlin-stdlib-2.0.21.jar:/home/runner/.m2/repository/org/awaitility/awaitility/4.3.0/awaitility-4.3.0.jar:/home/runner/.m2/repository/org/testcontainers/mongodb/1.20.6/mongodb-1.20.6.jar:/home/runner/.m2/repository/org/testcontainers/mariadb/1.20.6/mariadb-1.20.6.jar:/home/runner/.m2/repository/org/testcontainers/oracle-xe/1.20.6/oracle-xe-1.20.6.jar:/home/runner/.m2/repository/org/testcontainers/postgresql/1.20.6/postgresql-1.20.6.jar:/home/runner/.m2/repository/org/wiremock/wiremock/3.0.1/wiremock-3.0.1.jar:/home/runner/.m2/repository/org/eclipse/jetty/jetty-server/11.0.15/jetty-server-11.0.15.jar:/home/runner/.m2/repository/org/eclipse/jetty/toolchain/jetty-jakarta-servlet-api/5.0.2/jetty-jakarta-servlet-api-5.0.2.jar:/home/runner/.m2/repository/org/eclipse/jetty/jetty-http/11.0.15/jetty-http-11.0.15.jar:/home/runner/.m2/repository/org/eclipse/jetty/jetty-io/11.0.15/jetty-io-11.0.15.jar:/home/runner/.m2/repository/org/eclipse/jetty/jetty-servlet/11.0.15/jetty-servlet-11.0.15.jar:/home/runner/.m2/repository/org/eclipse/jetty/jetty-security/11.0.15/jetty-security-11.0.15.jar:/home/runner/.m2/repository/org/eclipse/jetty/jetty-servlets/11.0.15/jetty-servlets-11.0.15.jar:/home/runner/.m2/repository/org/eclipse/jetty/jetty-util/11.0.15/jetty-util-11.0.15.jar:/home/runner/.m2/repository/org/eclipse/jetty/jetty-webapp/11.0.15/jetty-webapp-11.0.15.jar:/home/runner/.m2/repository/org/eclipse/jetty/jetty-xml/11.0.15/jetty-xml-11.0.15.jar:/home/runner/.m2/repository/org/eclipse/jetty/jetty-proxy/11.0.15/jetty-proxy-11.0.15.jar:/home/runner/.m2/repository/org/eclipse/jetty/jetty-client/11.0.15/jetty-client-11.0.15.jar:/home/runner/.m2/repository/org/eclipse/jetty/http2/http2-server/11.0.15/http2-server-11.0.15.jar:/home/runner/.m2/repository/org/eclipse/jetty/http2/http2-common/11.0.15/http2-common-11.0.15.jar:/home/runner/.m2/repository/org/eclipse/jetty/http2/http2-hpack/11.0.15/http2-hpack-11.0.15.jar:/home/runner/.m2/repository/org/eclipse/jetty/jetty-alpn-server/11.0.15/jetty-alpn-server-11.0.15.jar:/home/runner/.m2/repository/org/eclipse/jetty/jetty-alpn-java-server/11.0.15/jetty-alpn-java-server-11.0.15.jar:/home/runner/.m2/repository/org/eclipse/jetty/jetty-alpn-java-client/11.0.15/jetty-alpn-java-client-11.0.15.jar:/home/runner/.m2/repository/org/eclipse/jetty/jetty-alpn-client/11.0.15/jetty-alpn-client-11.0.15.jar:/home/runner/.m2/repository/org/apache/httpcomponents/client5/httpclient5/5.2.1/httpclient5-5.2.1.jar:/home/runner/.m2/repository/org/apache/httpcomponents/core5/httpcore5/5.2/httpcore5-5.2.jar:/home/runner/.m2/repository/org/apache/httpcomponents/core5/httpcore5-h2/5.2/httpcore5-h2-5.2.jar:/home/runner/.m2/repository/org/xmlunit/xmlunit-core/2.9.1/xmlunit-core-2.9.1.jar:/home/runner/.m2/repository/jakarta/xml/bind/jakarta.xml.bind-api/4.0.2/jakarta.xml.bind-api-4.0.2.jar:/home/runner/.m2/repository/org/xmlunit/xmlunit-legacy/2.9.1/xmlunit-legacy-2.9.1.jar:/home/runner/.m2/repository/org/xmlunit/xmlunit-placeholders/2.9.1/xmlunit-placeholders-2.9.1.jar:/home/runner/.m2/repository/net/javacrumbs/json-unit/json-unit-core/2.38.0/json-unit-core-2.38.0.jar:/home/runner/.m2/repository/org/hamcrest/hamcrest-core/2.2/hamcrest-core-2.2.jar:/home/runner/.m2/repository/com/jayway/jsonpath/json-path/2.8.0/json-path-2.8.0.jar:/home/runner/.m2/repository/net/minidev/json-smart/2.4.10/json-smart-2.4.10.jar:/home/runner/.m2/repository/net/minidev/accessors-smart/2.4.9/accessors-smart-2.4.9.jar:/home/runner/.m2/repository/org/ow2/asm/asm/9.7.1/asm-9.7.1.jar:/home/runner/.m2/repository/net/sf/jopt-simple/jopt-simple/5.0.4/jopt-simple-5.0.4.jar:/home/runner/.m2/repository/com/github/jknack/handlebars/4.3.1/handlebars-4.3.1.jar:/home/runner/.m2/repository/com/github/jknack/handlebars-helpers/4.3.1/handlebars-helpers-4.3.1.jar:/home/runner/.m2/repository/commons-fileupload/commons-fileupload/1.5/commons-fileupload-1.5.jar:/home/runner/.m2/repository/com/networknt/json-schema-validator/1.5.8/json-schema-validator-1.5.8.jar:/home/runner/.m2/repository/com/ethlo/time/itu/1.10.3/itu-1.10.3.jar:/home/runner/.m2/repository/io/quarkus/quarkus-smallrye-jwt-build/3.20.2/quarkus-smallrye-jwt-build-3.20.2.jar:/home/runner/.m2/repository/io/smallrye/smallrye-jwt-build/4.6.2/smallrye-jwt-build-4.6.2.jar:/home/runner/.m2/repository/org/eclipse/microprofile/jwt/microprofile-jwt-auth-api/2.1/microprofile-jwt-auth-api-2.1.jar:/home/runner/.m2/repository/org/bitbucket/b_c/jose4j/0.9.6/jose4j-0.9.6.jar:/home/runner/.m2/repository/io/smallrye/smallrye-jwt-common/4.6.2/smallrye-jwt-common-4.6.2.jar:/home/runner/.m2/repository/io/quarkus/quarkus-jsonp/3.20.2/quarkus-jsonp-3.20.2.jar:/home/runner/.m2/repository/io/quarkus/quarkus-arc/3.20.2/quarkus-arc-3.20.2.jar:/home/runner/.m2/repository/io/quarkus/arc/arc/3.20.2/arc-3.20.2.jar:/home/runner/.m2/repository/jakarta/transaction/jakarta.transaction-api/2.0.1/jakarta.transaction-api-2.0.1.jar:/home/runner/.m2/repository/io/smallrye/reactive/mutiny/2.9.2/mutiny-2.9.2.jar:/home/runner/.m2/repository/org/jctools/jctools-core/4.0.5/jctools-core-4.0.5.jar:/home/runner/.m2/repository/org/eclipse/microprofile/context-propagation/microprofile-context-propagation-api/1.3/microprofile-context-propagation-api-1.3.jar:/home/runner/.m2/repository/io/apicurio/apicurio-common-rest-client-common/0.1.18.Final/apicurio-common-rest-client-common-0.1.18.Final.jar:/home/runner/work/apicurio-testing/apicurio-testing/clusters/ci419/namespaces/mysql/tests/integration/apicurio-registry/utils/maven-plugin/target/apicurio-registry-maven-plugin-3.0.12-SNAPSHOT.jar:/home/runner/.m2/repository/com/fasterxml/jackson/core/jackson-databind/2.18.2/jackson-databind-2.18.2.jar:/home/runner/.m2/repository/org/apache/avro/avro/1.12.0/avro-1.12.0.jar:/home/runner/.m2/repository/com/google/protobuf/protobuf-java/4.31.1/protobuf-java-4.31.1.jar:/home/runner/.m2/repository/com/google/protobuf/protobuf-java-util/4.31.1/protobuf-java-util-4.31.1.jar:/home/runner/.m2/repository/com/google/code/findbugs/jsr305/3.0.2/jsr305-3.0.2.jar:/home/runner/.m2/repository/com/google/code/gson/gson/2.12.1/gson-2.12.1.jar:/home/runner/.m2/repository/com/google/errorprone/error_prone_annotations/2.36.0/error_prone_annotations-2.36.0.jar:/home/runner/.m2/repository/com/google/j2objc/j2objc-annotations/2.8/j2objc-annotations-2.8.jar:/home/runner/work/apicurio-testing/apicurio-testing/clusters/ci419/namespaces/mysql/tests/integration/apicurio-registry/schema-util/util-provider/target/apicurio-registry-schema-util-provider-3.0.12-SNAPSHOT.jar:/home/runner/work/apicurio-testing/apicurio-testing/clusters/ci419/namespaces/mysql/tests/integration/apicurio-registry/schema-util/common/target/apicurio-registry-schema-util-common-3.0.12-SNAPSHOT.jar:/home/runner/.m2/repository/com/fasterxml/jackson/module/jackson-module-parameter-names/2.18.2/jackson-module-parameter-names-2.18.2.jar:/home/runner/.m2/repository/com/fasterxml/jackson/datatype/jackson-datatype-json-org/2.18.2/jackson-datatype-json-org-2.18.2.jar:/home/runner/work/apicurio-testing/apicurio-testing/clusters/ci419/namespaces/mysql/tests/integration/apicurio-registry/schema-util/json/target/apicurio-registry-schema-util-json-3.0.12-SNAPSHOT.jar:/home/runner/.m2/repository/com/github/erosb/everit-json-schema/1.14.5/everit-json-schema-1.14.5.jar:/home/runner/.m2/repository/commons-validator/commons-validator/1.9.0/commons-validator-1.9.0.jar:/home/runner/.m2/repository/commons-digester/commons-digester/2.1/commons-digester-2.1.jar:/home/runner/.m2/repository/commons-collections/commons-collections/3.2.2/commons-collections-3.2.2.jar:/home/runner/.m2/repository/com/damnhandy/handy-uri-templates/2.1.8/handy-uri-templates-2.1.8.jar:/home/runner/.m2/repository/joda-time/joda-time/2.10.2/joda-time-2.10.2.jar:/home/runner/.m2/repository/com/github/erosb/json-sKema/0.20.0/json-sKema-0.20.0.jar:/home/runner/.m2/repository/io/vertx/vertx-json-schema/4.5.16/vertx-json-schema-4.5.16.jar:/home/runner/work/apicurio-testing/apicurio-testing/clusters/ci419/namespaces/mysql/tests/integration/apicurio-registry/schema-util/protobuf/target/apicurio-registry-schema-util-protobuf-3.0.12-SNAPSHOT.jar:/home/runner/work/apicurio-testing/apicurio-testing/clusters/ci419/namespaces/mysql/tests/integration/apicurio-registry/utils/protobuf-schema-utilities/target/apicurio-registry-protobuf-schema-utilities-3.0.12-SNAPSHOT.jar:/home/runner/.m2/repository/com/google/api/grpc/proto-google-common-protos/2.52.0/proto-google-common-protos-2.52.0.jar:/home/runner/.m2/repository/com/squareup/wire/wire-schema-jvm/5.3.3/wire-schema-jvm-5.3.3.jar:/home/runner/.m2/repository/com/palantir/javapoet/javapoet/0.6.0/javapoet-0.6.0.jar:/home/runner/.m2/repository/com/squareup/kotlinpoet-jvm/2.0.0/kotlinpoet-jvm-2.0.0.jar:/home/runner/.m2/repository/org/jetbrains/kotlin/kotlin-reflect/2.0.21/kotlin-reflect-2.0.21.jar:/home/runner/.m2/repository/com/squareup/wire/wire-runtime-jvm/5.3.3/wire-runtime-jvm-5.3.3.jar:/home/runner/.m2/repository/com/ibm/icu/icu4j/76.1/icu4j-76.1.jar:/home/runner/.m2/repository/com/squareup/okio/okio-fakefilesystem/3.10.2/okio-fakefilesystem-3.10.2.jar:/home/runner/.m2/repository/com/squareup/okio/okio-fakefilesystem-jvm/3.10.2/okio-fakefilesystem-jvm-3.10.2.jar:/home/runner/.m2/repository/org/jetbrains/kotlinx/kotlinx-datetime-jvm/0.6.1/kotlinx-datetime-jvm-0.6.1.jar:/home/runner/work/apicurio-testing/apicurio-testing/clusters/ci419/namespaces/mysql/tests/integration/apicurio-registry/schema-util/asyncapi/target/apicurio-registry-schema-util-asyncapi-3.0.12-SNAPSHOT.jar:/home/runner/work/apicurio-testing/apicurio-testing/clusters/ci419/namespaces/mysql/tests/integration/apicurio-registry/schema-util/avro/target/apicurio-registry-schema-util-avro-3.0.12-SNAPSHOT.jar:/home/runner/work/apicurio-testing/apicurio-testing/clusters/ci419/namespaces/mysql/tests/integration/apicurio-registry/schema-util/graphql/target/apicurio-registry-schema-util-graphql-3.0.12-SNAPSHOT.jar:/home/runner/.m2/repository/com/graphql-java/graphql-java/22.4/graphql-java-22.4.jar:/home/runner/.m2/repository/com/graphql-java/java-dataloader/3.3.0/java-dataloader-3.3.0.jar:/home/runner/work/apicurio-testing/apicurio-testing/clusters/ci419/namespaces/mysql/tests/integration/apicurio-registry/schema-util/kconnect/target/apicurio-registry-schema-util-kconnect-3.0.12-SNAPSHOT.jar:/home/runner/work/apicurio-testing/apicurio-testing/clusters/ci419/namespaces/mysql/tests/integration/apicurio-registry/schema-util/openapi/target/apicurio-registry-schema-util-openapi-3.0.12-SNAPSHOT.jar:/home/runner/.m2/repository/io/apicurio/apicurio-data-models/2.2.2/apicurio-data-models-2.2.2.jar:/home/runner/.m2/repository/org/openapitools/openapidiff/openapi-diff-core/2.1.2/openapi-diff-core-2.1.2.jar:/home/runner/.m2/repository/io/swagger/parser/v3/swagger-parser/2.1.28/swagger-parser-2.1.28.jar:/home/runner/.m2/repository/io/swagger/parser/v3/swagger-parser-v2-converter/2.1.28/swagger-parser-v2-converter-2.1.28.jar:/home/runner/.m2/repository/io/swagger/swagger-core/1.6.16/swagger-core-1.6.16.jar:/home/runner/.m2/repository/io/swagger/swagger-models/1.6.16/swagger-models-1.6.16.jar:/home/runner/.m2/repository/io/swagger/swagger-annotations/1.6.16/swagger-annotations-1.6.16.jar:/home/runner/.m2/repository/io/swagger/swagger-parser/1.0.75/swagger-parser-1.0.75.jar:/home/runner/.m2/repository/io/swagger/swagger-parser-safe-url-resolver/1.0.75/swagger-parser-safe-url-resolver-1.0.75.jar:/home/runner/.m2/repository/io/swagger/swagger-compat-spec-parser/1.0.75/swagger-compat-spec-parser-1.0.75.jar:/home/runner/.m2/repository/com/github/java-json-tools/json-schema-validator/2.2.14/json-schema-validator-2.2.14.jar:/home/runner/.m2/repository/com/github/java-json-tools/jackson-coreutils-equivalence/1.0/jackson-coreutils-equivalence-1.0.jar:/home/runner/.m2/repository/com/github/java-json-tools/json-schema-core/1.2.14/json-schema-core-1.2.14.jar:/home/runner/.m2/repository/com/github/java-json-tools/uri-template/0.10/uri-template-0.10.jar:/home/runner/.m2/repository/com/googlecode/libphonenumber/libphonenumber/8.11.1/libphonenumber-8.11.1.jar:/home/runner/.m2/repository/com/j2html/j2html/1.6.0/j2html-1.6.0.jar:/home/runner/.m2/repository/org/apache/commons/commons-collections4/4.5.0/commons-collections4-4.5.0.jar:/home/runner/.m2/repository/org/slf4j/jcl-over-slf4j/2.0.17/jcl-over-slf4j-2.0.17.jar:/home/runner/.m2/repository/io/swagger/parser/v3/swagger-parser-v3/2.1.31/swagger-parser-v3-2.1.31.jar:/home/runner/.m2/repository/io/swagger/core/v3/swagger-models/2.2.34/swagger-models-2.2.34.jar:/home/runner/.m2/repository/io/swagger/core/v3/swagger-core/2.2.34/swagger-core-2.2.34.jar:/home/runner/.m2/repository/io/swagger/parser/v3/swagger-parser-core/2.1.31/swagger-parser-core-2.1.31.jar:/home/runner/.m2/repository/io/swagger/parser/v3/swagger-parser-safe-url-resolver/2.1.31/swagger-parser-safe-url-resolver-2.1.31.jar:/home/runner/work/apicurio-testing/apicurio-testing/clusters/ci419/namespaces/mysql/tests/integration/apicurio-registry/schema-util/wsdl/target/apicurio-registry-schema-util-wsdl-3.0.12-SNAPSHOT.jar:/home/runner/.m2/repository/wsdl4j/wsdl4j/1.6.3/wsdl4j-1.6.3.jar:/home/runner/work/apicurio-testing/apicurio-testing/clusters/ci419/namespaces/mysql/tests/integration/apicurio-registry/schema-util/xml/target/apicurio-registry-schema-util-xml-3.0.12-SNAPSHOT.jar:/home/runner/.m2/repository/org/apache/santuario/xmlsec/4.0.4/xmlsec-4.0.4.jar:/home/runner/.m2/repository/com/fasterxml/woodstox/woodstox-core/7.1.1/woodstox-core-7.1.1.jar:/home/runner/.m2/repository/org/codehaus/woodstox/stax2-api/4.2.2/stax2-api-4.2.2.jar:/home/runner/work/apicurio-testing/apicurio-testing/clusters/ci419/namespaces/mysql/tests/integration/apicurio-registry/schema-util/xsd/target/apicurio-registry-schema-util-xsd-3.0.12-SNAPSHOT.jar:/home/runner/work/apicurio-testing/apicurio-testing/clusters/ci419/namespaces/mysql/tests/integration/apicurio-registry/serdes/kafka/jsonschema-serde/target/apicurio-registry-jsonschema-serde-kafka-3.0.12-SNAPSHOT.jar:/home/runner/work/apicurio-testing/apicurio-testing/clusters/ci419/namespaces/mysql/tests/integration/apicurio-registry/serdes/kafka/serde-kafka-common/target/apicurio-registry-serde-kafka-common-3.0.12-SNAPSHOT.jar:/home/runner/work/apicurio-testing/apicurio-testing/clusters/ci419/namespaces/mysql/tests/integration/apicurio-registry/serdes/generic/serde-common/target/apicurio-registry-serde-common-3.0.12-SNAPSHOT.jar:/home/runner/work/apicurio-testing/apicurio-testing/clusters/ci419/namespaces/mysql/tests/integration/apicurio-registry/serdes/generic/serde-common-jsonschema/target/apicurio-registry-serde-common-jsonschema-3.0.12-SNAPSHOT.jar:/home/runner/.m2/repository/org/json/json/20250107/json-20250107.jar:/home/runner/work/apicurio-testing/apicurio-testing/clusters/ci419/namespaces/mysql/tests/integration/apicurio-registry/serdes/kafka/avro-serde/target/apicurio-registry-avro-serde-kafka-3.0.12-SNAPSHOT.jar:/home/runner/work/apicurio-testing/apicurio-testing/clusters/ci419/namespaces/mysql/tests/integration/apicurio-registry/serdes/generic/serde-common-avro/target/apicurio-registry-serde-common-avro-3.0.12-SNAPSHOT.jar:/home/runner/work/apicurio-testing/apicurio-testing/clusters/ci419/namespaces/mysql/tests/integration/apicurio-registry/serdes/kafka/protobuf-serde/target/apicurio-registry-protobuf-serde-kafka-3.0.12-SNAPSHOT.jar:/home/runner/work/apicurio-testing/apicurio-testing/clusters/ci419/namespaces/mysql/tests/integration/apicurio-registry/serdes/generic/serde-common-protobuf/target/apicurio-registry-serde-common-protobuf-3.0.12-SNAPSHOT.jar:/home/runner/.m2/repository/com/squareup/wire/wire-schema/5.3.3/wire-schema-5.3.3.jar:/home/runner/.m2/repository/com/squareup/wire/wire-runtime/5.3.3/wire-runtime-5.3.3.jar:/home/runner/work/apicurio-testing/apicurio-testing/clusters/ci419/namespaces/mysql/tests/integration/apicurio-registry/serdes/pulsar/avro-serde/target/apicurio-registry-avro-serde-pulsar-3.0.12-SNAPSHOT.jar:/home/runner/.m2/repository/org/apache/pulsar/pulsar-functions-api/3.3.8/pulsar-functions-api-3.3.8.jar:/home/runner/work/apicurio-testing/apicurio-testing/clusters/ci419/namespaces/mysql/tests/integration/apicurio-registry/serdes/nats/avro-serde/target/apicurio-registry-avro-serde-nats-3.0.12-SNAPSHOT.jar:/home/runner/.m2/repository/io/nats/jnats/2.21.4/jnats-2.21.4.jar:/home/runner/.m2/repository/org/bouncycastle/bcprov-lts8on/2.73.7/bcprov-lts8on-2.73.7.jar:/home/runner/.m2/repository/org/jetbrains/annotations/26.0.2/annotations-26.0.2.jar:/home/runner/work/apicurio-testing/apicurio-testing/clusters/ci419/namespaces/mysql/tests/integration/apicurio-registry/utils/converter/target/apicurio-registry-utils-converter-3.0.12-SNAPSHOT.jar:/home/runner/work/apicurio-testing/apicurio-testing/clusters/ci419/namespaces/mysql/tests/integration/apicurio-registry/schema-resolver/target/apicurio-registry-schema-resolver-3.0.12-SNAPSHOT.jar:/home/runner/.m2/repository/org/apache/kafka/connect-api/3.9.1/connect-api-3.9.1.jar:/home/runner/.m2/repository/javax/ws/rs/javax.ws.rs-api/2.1.1/javax.ws.rs-api-2.1.1.jar:/home/runner/.m2/repository/org/apache/kafka/connect-json/3.9.1/connect-json-3.9.1.jar:/home/runner/.m2/repository/com/fasterxml/jackson/datatype/jackson-datatype-jdk8/2.18.2/jackson-datatype-jdk8-2.18.2.jar:/home/runner/.m2/repository/com/fasterxml/jackson/module/jackson-module-afterburner/2.18.2/jackson-module-afterburner-2.18.2.jar:/home/runner/work/apicurio-testing/apicurio-testing/clusters/ci419/namespaces/mysql/tests/integration/apicurio-registry/utils/kafka/target/apicurio-registry-utils-kafka-3.0.12-SNAPSHOT.jar:/home/runner/.m2/repository/org/apache/pulsar/pulsar-client/3.3.8/pulsar-client-3.3.8.jar:/home/runner/.m2/repository/org/apache/pulsar/pulsar-client-api/3.3.8/pulsar-client-api-3.3.8.jar:/home/runner/.m2/repository/org/apache/pulsar/pulsar-client-admin-api/3.3.8/pulsar-client-admin-api-3.3.8.jar:/home/runner/.m2/repository/org/apache/pulsar/bouncy-castle-bc/3.3.8/bouncy-castle-bc-3.3.8-pkg.jar:/home/runner/.m2/repository/org/bouncycastle/bcpkix-jdk18on/1.81/bcpkix-jdk18on-1.81.jar:/home/runner/.m2/repository/org/bouncycastle/bcutil-jdk18on/1.81/bcutil-jdk18on-1.81.jar:/home/runner/.m2/repository/org/bouncycastle/bcprov-jdk18on/1.81/bcprov-jdk18on-1.81.jar:/home/runner/.m2/repository/io/opentelemetry/opentelemetry-api/1.44.1/opentelemetry-api-1.44.1.jar:/home/runner/.m2/repository/io/opentelemetry/opentelemetry-context/1.44.1/opentelemetry-context-1.44.1.jar:/home/runner/.m2/repository/io/opentelemetry/opentelemetry-api-incubator/1.44.1-alpha/opentelemetry-api-incubator-1.44.1-alpha.jar:/home/runner/.m2/repository/com/fasterxml/jackson/core/jackson-annotations/2.18.2/jackson-annotations-2.18.2.jar:/home/runner/.m2/repository/javax/validation/validation-api/1.1.0.Final/validation-api-1.1.0.Final.jar:/home/runner/.m2/repository/org/jspecify/jspecify/1.0.0/jspecify-1.0.0.jar:/home/runner/.m2/repository/org/apache/commons/commons-configuration2/2.12.0/commons-configuration2-2.12.0.jar:/home/runner/.m2/repository/commons-logging/commons-logging/1.3.5/commons-logging-1.3.5.jar:/home/runner/.m2/repository/org/apache/commons/commons-text/1.13.0/commons-text-1.13.0.jar:/home/runner/.m2/repository/io/confluent/kafka-avro-serializer/8.0.0/kafka-avro-serializer-8.0.0.jar:/home/runner/.m2/repository/org/apache/commons/commons-compress/1.27.1/commons-compress-1.27.1.jar:/home/runner/.m2/repository/io/confluent/kafka-schema-serializer/8.0.0/kafka-schema-serializer-8.0.0.jar:/home/runner/.m2/repository/com/fasterxml/jackson/dataformat/jackson-dataformat-csv/2.18.2/jackson-dataformat-csv-2.18.2.jar:/home/runner/.m2/repository/io/confluent/kafka-schema-registry-client/8.0.0/kafka-schema-registry-client-8.0.0.jar:/home/runner/.m2/repository/org/yaml/snakeyaml/2.3/snakeyaml-2.3.jar:/home/runner/.m2/repository/io/swagger/core/v3/swagger-annotations/2.2.29/swagger-annotations-2.2.29.jar:/home/runner/.m2/repository/com/google/guava/guava/33.4.0-jre/guava-33.4.0-jre.jar:/home/runner/.m2/repository/com/google/guava/failureaccess/1.0.1/failureaccess-1.0.1.jar:/home/runner/.m2/repository/org/checkerframework/checker-qual/3.49.0/checker-qual-3.49.0.jar:/home/runner/.m2/repository/io/confluent/logredactor/1.0.13/logredactor-1.0.13.jar:/home/runner/.m2/repository/com/google/re2j/re2j/1.6/re2j-1.6.jar:/home/runner/.m2/repository/io/confluent/logredactor-metrics/1.0.13/logredactor-metrics-1.0.13.jar:/home/runner/.m2/repository/com/eclipsesource/minimal-json/minimal-json/0.9.5/minimal-json-0.9.5.jar:/home/runner/.m2/repository/io/confluent/common-utils/8.0.0/common-utils-8.0.0.jar:/home/runner/.m2/repository/io/confluent/kafka-connect-avro-converter/8.0.0/kafka-connect-avro-converter-8.0.0.jar:/home/runner/.m2/repository/io/confluent/kafka-connect-avro-data/8.0.0/kafka-connect-avro-data-8.0.0.jar:/home/runner/.m2/repository/io/confluent/kafka-schema-converter/8.0.0/kafka-schema-converter-8.0.0.jar:/home/runner/.m2/repository/io/rest-assured/rest-assured/5.5.1/rest-assured-5.5.1.jar:/home/runner/.m2/repository/org/apache/groovy/groovy/4.0.22/groovy-4.0.22.jar:/home/runner/.m2/repository/org/apache/groovy/groovy-xml/4.0.22/groovy-xml-4.0.22.jar:/home/runner/.m2/repository/org/apache/httpcomponents/httpclient/4.5.14/httpclient-4.5.14.jar:/home/runner/.m2/repository/org/apache/httpcomponents/httpcore/4.4.16/httpcore-4.4.16.jar:/home/runner/.m2/repository/org/apache/httpcomponents/httpmime/4.5.14/httpmime-4.5.14.jar:/home/runner/.m2/repository/org/hamcrest/hamcrest/2.2/hamcrest-2.2.jar:/home/runner/.m2/repository/org/ccil/cowan/tagsoup/tagsoup/1.2.1/tagsoup-1.2.1.jar:/home/runner/.m2/repository/io/rest-assured/json-path/5.5.1/json-path-5.5.1.jar:/home/runner/.m2/repository/org/apache/groovy/groovy-json/4.0.22/groovy-json-4.0.22.jar:/home/runner/.m2/repository/io/rest-assured/rest-assured-common/5.5.1/rest-assured-common-5.5.1.jar:/home/runner/.m2/repository/io/rest-assured/xml-path/5.5.1/xml-path-5.5.1.jar:/home/runner/.m2/repository/io/zonky/test/embedded-postgres/2.1.0/embedded-postgres-2.1.0.jar:/home/runner/.m2/repository/io/zonky/test/postgres/embedded-postgres-binaries-windows-amd64/14.15.0/embedded-postgres-binaries-windows-amd64-14.15.0.jar:/home/runner/.m2/repository/io/zonky/test/postgres/embedded-postgres-binaries-darwin-amd64/14.15.0/embedded-postgres-binaries-darwin-amd64-14.15.0.jar:/home/runner/.m2/repository/io/zonky/test/postgres/embedded-postgres-binaries-linux-amd64/14.15.0/embedded-postgres-binaries-linux-amd64-14.15.0.jar:/home/runner/.m2/repository/io/zonky/test/postgres/embedded-postgres-binaries-linux-amd64-alpine/14.15.0/embedded-postgres-binaries-linux-amd64-alpine-14.15.0.jar:/home/runner/.m2/repository/org/apache/commons/commons-lang3/3.17.0/commons-lang3-3.17.0.jar:/home/runner/.m2/repository/org/tukaani/xz/1.10/xz-1.10.jar:/home/runner/.m2/repository/commons-codec/commons-codec/1.19.0/commons-codec-1.19.0.jar:/home/runner/.m2/repository/org/postgresql/postgresql/42.7.7/postgresql-42.7.7.jar:/home/runner/.m2/repository/commons-io/commons-io/2.18.0/commons-io-2.18.0.jar:/home/runner/work/apicurio-testing/apicurio-testing/clusters/ci419/namespaces/mysql/tests/integration/apicurio-registry/utils/importexport/target/apicurio-registry-utils-import-export-3.0.12-SNAPSHOT.jar:/home/runner/.m2/repository/io/vertx/vertx-core/4.5.16/vertx-core-4.5.16.jar:/home/runner/.m2/repository/io/netty/netty-common/4.1.121.Final/netty-common-4.1.121.Final.jar:/home/runner/.m2/repository/io/netty/netty-buffer/4.1.121.Final/netty-buffer-4.1.121.Final.jar:/home/runner/.m2/repository/io/netty/netty-transport/4.1.121.Final/netty-transport-4.1.121.Final.jar:/home/runner/.m2/repository/io/netty/netty-handler/4.1.121.Final/netty-handler-4.1.121.Final.jar:/home/runner/.m2/repository/io/netty/netty-transport-native-unix-common/4.1.121.Final/netty-transport-native-unix-common-4.1.121.Final.jar:/home/runner/.m2/repository/io/netty/netty-codec/4.1.121.Final/netty-codec-4.1.121.Final.jar:/home/runner/.m2/repository/io/netty/netty-handler-proxy/4.1.121.Final/netty-handler-proxy-4.1.121.Final.jar:/home/runner/.m2/repository/io/netty/netty-codec-socks/4.1.121.Final/netty-codec-socks-4.1.121.Final.jar:/home/runner/.m2/repository/io/netty/netty-codec-http/4.1.121.Final/netty-codec-http-4.1.121.Final.jar:/home/runner/.m2/repository/io/netty/netty-codec-http2/4.1.121.Final/netty-codec-http2-4.1.121.Final.jar:/home/runner/.m2/repository/io/netty/netty-resolver/4.1.121.Final/netty-resolver-4.1.121.Final.jar:/home/runner/.m2/repository/io/netty/netty-resolver-dns/4.1.121.Final/netty-resolver-dns-4.1.121.Final.jar:/home/runner/.m2/repository/io/netty/netty-codec-dns/4.1.121.Final/netty-codec-dns-4.1.121.Final.jar:/home/runner/.m2/repository/com/fasterxml/jackson/core/jackson-core/2.18.2/jackson-core-2.18.2.jar:"/>
    <property name="java.vm.vendor" value="Eclipse Adoptium"/>
    <property name="maven.javadoc.skip" value="true"/>
    <property name="sun.arch.data.model" value="64"/>
    <property name="java.vendor.url" value="https://adoptium.net/"/>
    <property name="user.timezone" value="Etc/UTC"/>
    <property name="os.name" value="Linux"/>
    <property name="java.vm.specification.version" value="17"/>
    <property name="sun.java.launcher" value="SUN_STANDARD"/>
    <property name="quarkus.http.test-port" value="80"/>
    <property name="sun.boot.library.path" value="/usr/lib/jvm/temurin-17-jdk-amd64/lib"/>
    <property name="sun.java.command" value="/home/runner/work/apicurio-testing/apicurio-testing/clusters/ci419/namespaces/mysql/tests/integration/apicurio-registry/integration-tests/target/surefire/surefirebooter-20250813182114250_3.jar /home/runner/work/apicurio-testing/apicurio-testing/clusters/ci419/namespaces/mysql/tests/integration/apicurio-registry/integration-tests/target/surefire 2025-08-13T18-21-14_169-jvmRun1 surefire-20250813182114250_1tmp surefire_0-20250813182114250_2tmp"/>
    <property name="maven.home" value="/home/runner/.m2/wrapper/dists/apache-maven-3.9.8-bin/4fnp1ql35bgk2a0p7m31ovbgb0/apache-maven-3.9.8"/>
    <property name="jdk.debug" value="release"/>
    <property name="surefire.test.class.path" value="/home/runner/work/apicurio-testing/apicurio-testing/clusters/ci419/namespaces/mysql/tests/integration/apicurio-registry/integration-tests/target/test-classes:/home/runner/work/apicurio-testing/apicurio-testing/clusters/ci419/namespaces/mysql/tests/integration/apicurio-registry/integration-tests/target/apicurio-registry-integration-tests-3.0.12-SNAPSHOT.jar:/home/runner/.m2/repository/io/quarkus/quarkus-junit5/3.20.2/quarkus-junit5-3.20.2.jar:/home/runner/.m2/repository/io/quarkus/quarkus-bootstrap-core/3.20.2/quarkus-bootstrap-core-3.20.2.jar:/home/runner/.m2/repository/io/quarkus/quarkus-classloader-commons/3.20.2/quarkus-classloader-commons-3.20.2.jar:/home/runner/.m2/repository/io/quarkus/quarkus-bootstrap-app-model/3.20.2/quarkus-bootstrap-app-model-3.20.2.jar:/home/runner/.m2/repository/io/smallrye/common/smallrye-common-io/2.12.0/smallrye-common-io-2.12.0.jar:/home/runner/.m2/repository/org/eclipse/sisu/org.eclipse.sisu.inject/0.9.0.M3/org.eclipse.sisu.inject-0.9.0.M3.jar:/home/runner/.m2/repository/io/quarkus/quarkus-test-common/3.20.2/quarkus-test-common-3.20.2.jar:/home/runner/.m2/repository/io/quarkus/quarkus-core-deployment/3.20.2/quarkus-core-deployment-3.20.2.jar:/home/runner/.m2/repository/org/aesh/readline/2.6/readline-2.6.jar:/home/runner/.m2/repository/org/fusesource/jansi/jansi/2.4.0/jansi-2.4.0.jar:/home/runner/.m2/repository/org/aesh/aesh/2.8.2/aesh-2.8.2.jar:/home/runner/.m2/repository/io/quarkus/gizmo/gizmo/1.8.0/gizmo-1.8.0.jar:/home/runner/.m2/repository/org/ow2/asm/asm-util/9.7.1/asm-util-9.7.1.jar:/home/runner/.m2/repository/org/ow2/asm/asm-analysis/9.7.1/asm-analysis-9.7.1.jar:/home/runner/.m2/repository/org/ow2/asm/asm-commons/9.7.1/asm-commons-9.7.1.jar:/home/runner/.m2/repository/org/ow2/asm/asm-tree/9.7.1/asm-tree-9.7.1.jar:/home/runner/.m2/repository/io/quarkus/quarkus-hibernate-validator-spi/3.20.2/quarkus-hibernate-validator-spi-3.20.2.jar:/home/runner/.m2/repository/io/quarkus/quarkus-class-change-agent/3.20.2/quarkus-class-change-agent-3.20.2.jar:/home/runner/.m2/repository/io/quarkus/quarkus-devtools-utilities/3.20.2/quarkus-devtools-utilities-3.20.2.jar:/home/runner/.m2/repository/io/quarkus/quarkus-builder/3.20.2/quarkus-builder-3.20.2.jar:/home/runner/.m2/repository/org/graalvm/sdk/nativeimage/23.1.2/nativeimage-23.1.2.jar:/home/runner/.m2/repository/org/graalvm/sdk/word/23.1.2/word-23.1.2.jar:/home/runner/.m2/repository/io/quarkus/quarkus-bootstrap-maven-resolver/3.20.2/quarkus-bootstrap-maven-resolver-3.20.2.jar:/home/runner/.m2/repository/io/smallrye/beanbag/smallrye-beanbag-maven/1.5.2/smallrye-beanbag-maven-1.5.2.jar:/home/runner/.m2/repository/io/smallrye/beanbag/smallrye-beanbag-sisu/1.5.2/smallrye-beanbag-sisu-1.5.2.jar:/home/runner/.m2/repository/io/smallrye/beanbag/smallrye-beanbag/1.5.2/smallrye-beanbag-1.5.2.jar:/home/runner/.m2/repository/javax/inject/javax.inject/1/javax.inject-1.jar:/home/runner/.m2/repository/org/apache/maven/maven-artifact/3.9.9/maven-artifact-3.9.9.jar:/home/runner/.m2/repository/org/apache/maven/maven-builder-support/3.9.9/maven-builder-support-3.9.9.jar:/home/runner/.m2/repository/org/apache/maven/maven-model/3.9.9/maven-model-3.9.9.jar:/home/runner/.m2/repository/org/apache/maven/maven-model-builder/3.9.9/maven-model-builder-3.9.9.jar:/home/runner/.m2/repository/org/apache/maven/maven-repository-metadata/3.9.9/maven-repository-metadata-3.9.9.jar:/home/runner/.m2/repository/org/apache/maven/maven-settings/3.9.9/maven-settings-3.9.9.jar:/home/runner/.m2/repository/org/apache/maven/resolver/maven-resolver-api/1.9.22/maven-resolver-api-1.9.22.jar:/home/runner/.m2/repository/org/apache/maven/resolver/maven-resolver-impl/1.9.22/maven-resolver-impl-1.9.22.jar:/home/runner/.m2/repository/org/apache/maven/resolver/maven-resolver-named-locks/1.9.22/maven-resolver-named-locks-1.9.22.jar:/home/runner/.m2/repository/org/apache/maven/resolver/maven-resolver-spi/1.9.22/maven-resolver-spi-1.9.22.jar:/home/runner/.m2/repository/org/apache/maven/resolver/maven-resolver-util/1.9.22/maven-resolver-util-1.9.22.jar:/home/runner/.m2/repository/org/apache/maven/resolver/maven-resolver-transport-http/1.9.20/maven-resolver-transport-http-1.9.20.jar:/home/runner/.m2/repository/org/apache/maven/wagon/wagon-provider-api/3.5.3/wagon-provider-api-3.5.3.jar:/home/runner/.m2/repository/org/apache/maven/wagon/wagon-http-shared/3.5.3/wagon-http-shared-3.5.3.jar:/home/runner/.m2/repository/org/codehaus/plexus/plexus-interpolation/1.26/plexus-interpolation-1.26.jar:/home/runner/.m2/repository/org/codehaus/plexus/plexus-utils/3.5.1/plexus-utils-3.5.1.jar:/home/runner/.m2/repository/org/codehaus/plexus/plexus-xml/4.0.1/plexus-xml-4.0.1.jar:/home/runner/.m2/repository/org/apache/maven/maven-xml-impl/4.0.0-alpha-5/maven-xml-impl-4.0.0-alpha-5.jar:/home/runner/.m2/repository/org/apache/maven/maven-api-xml/4.0.0-alpha-5/maven-api-xml-4.0.0-alpha-5.jar:/home/runner/.m2/repository/org/apache/maven/maven-api-meta/4.0.0-alpha-5/maven-api-meta-4.0.0-alpha-5.jar:/home/runner/.m2/repository/org/codehaus/plexus/plexus-cipher/2.0/plexus-cipher-2.0.jar:/home/runner/.m2/repository/org/codehaus/plexus/plexus-sec-dispatcher/2.0/plexus-sec-dispatcher-2.0.jar:/home/runner/.m2/repository/org/apache/maven/maven-embedder/3.9.9/maven-embedder-3.9.9.jar:/home/runner/.m2/repository/org/apache/maven/maven-core/3.9.9/maven-core-3.9.9.jar:/home/runner/.m2/repository/org/codehaus/plexus/plexus-component-annotations/2.1.0/plexus-component-annotations-2.1.0.jar:/home/runner/.m2/repository/org/apache/maven/maven-plugin-api/3.9.9/maven-plugin-api-3.9.9.jar:/home/runner/.m2/repository/org/apache/maven/shared/maven-shared-utils/3.4.2/maven-shared-utils-3.4.2.jar:/home/runner/.m2/repository/com/google/inject/guice/5.1.0/guice-5.1.0.jar:/home/runner/.m2/repository/aopalliance/aopalliance/1.0/aopalliance-1.0.jar:/home/runner/.m2/repository/org/codehaus/plexus/plexus-classworlds/2.6.0/plexus-classworlds-2.6.0.jar:/home/runner/.m2/repository/commons-cli/commons-cli/1.8.0/commons-cli-1.8.0.jar:/home/runner/.m2/repository/org/eclipse/sisu/org.eclipse.sisu.plexus/0.9.0.M3/org.eclipse.sisu.plexus-0.9.0.M3.jar:/home/runner/.m2/repository/org/apache/maven/maven-settings-builder/3.9.9/maven-settings-builder-3.9.9.jar:/home/runner/.m2/repository/org/apache/maven/maven-resolver-provider/3.9.9/maven-resolver-provider-3.9.9.jar:/home/runner/.m2/repository/org/apache/maven/resolver/maven-resolver-connector-basic/1.9.22/maven-resolver-connector-basic-1.9.22.jar:/home/runner/.m2/repository/org/apache/maven/resolver/maven-resolver-transport-wagon/1.9.22/maven-resolver-transport-wagon-1.9.22.jar:/home/runner/.m2/repository/org/apache/maven/wagon/wagon-http/3.5.3/wagon-http-3.5.3.jar:/home/runner/.m2/repository/org/apache/maven/wagon/wagon-file/3.5.3/wagon-file-3.5.3.jar:/home/runner/.m2/repository/io/quarkus/quarkus-bootstrap-gradle-resolver/3.20.2/quarkus-bootstrap-gradle-resolver-3.20.2.jar:/home/runner/.m2/repository/io/smallrye/jandex/3.3.0/jandex-3.3.0.jar:/home/runner/.m2/repository/org/jboss/logging/commons-logging-jboss-logging/1.0.0.Final/commons-logging-jboss-logging-1.0.0.Final.jar:/home/runner/.m2/repository/io/quarkus/quarkus-junit5-config/3.20.2/quarkus-junit5-config-3.20.2.jar:/home/runner/.m2/repository/org/junit/jupiter/junit-jupiter-api/5.12.1/junit-jupiter-api-5.12.1.jar:/home/runner/.m2/repository/io/smallrye/config/smallrye-config/3.11.4/smallrye-config-3.11.4.jar:/home/runner/.m2/repository/io/smallrye/config/smallrye-config-core/3.11.4/smallrye-config-core-3.11.4.jar:/home/runner/.m2/repository/io/smallrye/common/smallrye-common-classloader/2.12.0/smallrye-common-classloader-2.12.0.jar:/home/runner/.m2/repository/io/smallrye/config/smallrye-config-common/3.11.4/smallrye-config-common-3.11.4.jar:/home/runner/.m2/repository/org/junit/jupiter/junit-jupiter/5.12.1/junit-jupiter-5.12.1.jar:/home/runner/.m2/repository/org/junit/jupiter/junit-jupiter-params/5.12.1/junit-jupiter-params-5.12.1.jar:/home/runner/.m2/repository/org/junit/jupiter/junit-jupiter-engine/5.12.1/junit-jupiter-engine-5.12.1.jar:/home/runner/.m2/repository/io/quarkus/quarkus-core/3.20.2/quarkus-core-3.20.2.jar:/home/runner/.m2/repository/jakarta/enterprise/jakarta.enterprise.cdi-api/4.1.0/jakarta.enterprise.cdi-api-4.1.0.jar:/home/runner/.m2/repository/jakarta/enterprise/jakarta.enterprise.lang-model/4.1.0/jakarta.enterprise.lang-model-4.1.0.jar:/home/runner/.m2/repository/jakarta/el/jakarta.el-api/5.0.1/jakarta.el-api-5.0.1.jar:/home/runner/.m2/repository/jakarta/interceptor/jakarta.interceptor-api/2.2.0/jakarta.interceptor-api-2.2.0.jar:/home/runner/.m2/repository/jakarta/inject/jakarta.inject-api/2.0.1/jakarta.inject-api-2.0.1.jar:/home/runner/.m2/repository/io/smallrye/common/smallrye-common-os/2.12.0/smallrye-common-os-2.12.0.jar:/home/runner/.m2/repository/io/quarkus/quarkus-ide-launcher/3.20.2/quarkus-ide-launcher-3.20.2.jar:/home/runner/.m2/repository/io/quarkus/quarkus-development-mode-spi/3.20.2/quarkus-development-mode-spi-3.20.2.jar:/home/runner/.m2/repository/org/jboss/logging/jboss-logging/3.6.1.Final/jboss-logging-3.6.1.Final.jar:/home/runner/.m2/repository/org/jboss/logmanager/jboss-logmanager/3.1.2.Final/jboss-logmanager-3.1.2.Final.jar:/home/runner/.m2/repository/io/smallrye/common/smallrye-common-constraint/2.12.0/smallrye-common-constraint-2.12.0.jar:/home/runner/.m2/repository/io/smallrye/common/smallrye-common-cpu/2.12.0/smallrye-common-cpu-2.12.0.jar:/home/runner/.m2/repository/io/smallrye/common/smallrye-common-expression/2.12.0/smallrye-common-expression-2.12.0.jar:/home/runner/.m2/repository/io/smallrye/common/smallrye-common-net/2.12.0/smallrye-common-net-2.12.0.jar:/home/runner/.m2/repository/io/smallrye/common/smallrye-common-ref/2.12.0/smallrye-common-ref-2.12.0.jar:/home/runner/.m2/repository/jakarta/json/jakarta.json-api/2.1.3/jakarta.json-api-2.1.3.jar:/home/runner/.m2/repository/org/eclipse/parsson/parsson/1.1.7/parsson-1.1.7.jar:/home/runner/.m2/repository/org/jboss/logging/jboss-logging-annotations/3.0.4.Final/jboss-logging-annotations-3.0.4.Final.jar:/home/runner/.m2/repository/org/jboss/threads/jboss-threads/3.8.0.Final/jboss-threads-3.8.0.Final.jar:/home/runner/.m2/repository/io/smallrye/common/smallrye-common-annotation/2.12.0/smallrye-common-annotation-2.12.0.jar:/home/runner/.m2/repository/io/smallrye/common/smallrye-common-function/2.12.0/smallrye-common-function-2.12.0.jar:/home/runner/.m2/repository/org/jboss/slf4j/slf4j-jboss-logmanager/2.0.0.Final/slf4j-jboss-logmanager-2.0.0.Final.jar:/home/runner/.m2/repository/org/wildfly/common/wildfly-common/2.0.1/wildfly-common-2.0.1.jar:/home/runner/.m2/repository/io/quarkus/quarkus-bootstrap-runner/3.20.2/quarkus-bootstrap-runner-3.20.2.jar:/home/runner/.m2/repository/io/github/crac/org-crac/0.1.3/org-crac-0.1.3.jar:/home/runner/.m2/repository/io/quarkus/quarkus-fs-util/0.0.10/quarkus-fs-util-0.0.10.jar:/home/runner/.m2/repository/org/jboss/marshalling/jboss-marshalling/2.2.2.Final/jboss-marshalling-2.2.2.Final.jar:/home/runner/.m2/repository/io/fabric8/kubernetes-client/7.1.0/kubernetes-client-7.1.0.jar:/home/runner/.m2/repository/io/fabric8/kubernetes-client-api/7.1.0/kubernetes-client-api-7.1.0.jar:/home/runner/.m2/repository/io/fabric8/kubernetes-model-core/7.1.0/kubernetes-model-core-7.1.0.jar:/home/runner/.m2/repository/io/fabric8/kubernetes-model-common/7.1.0/kubernetes-model-common-7.1.0.jar:/home/runner/.m2/repository/javax/annotation/javax.annotation-api/1.3.2/javax.annotation-api-1.3.2.jar:/home/runner/.m2/repository/io/fabric8/kubernetes-model-gatewayapi/7.1.0/kubernetes-model-gatewayapi-7.1.0.jar:/home/runner/.m2/repository/io/fabric8/kubernetes-model-resource/7.1.0/kubernetes-model-resource-7.1.0.jar:/home/runner/.m2/repository/io/fabric8/kubernetes-model-rbac/7.1.0/kubernetes-model-rbac-7.1.0.jar:/home/runner/.m2/repository/io/fabric8/kubernetes-model-admissionregistration/7.1.0/kubernetes-model-admissionregistration-7.1.0.jar:/home/runner/.m2/repository/io/fabric8/kubernetes-model-apps/7.1.0/kubernetes-model-apps-7.1.0.jar:/home/runner/.m2/repository/io/fabric8/kubernetes-model-autoscaling/7.1.0/kubernetes-model-autoscaling-7.1.0.jar:/home/runner/.m2/repository/io/fabric8/kubernetes-model-apiextensions/7.1.0/kubernetes-model-apiextensions-7.1.0.jar:/home/runner/.m2/repository/io/fabric8/kubernetes-model-batch/7.1.0/kubernetes-model-batch-7.1.0.jar:/home/runner/.m2/repository/io/fabric8/kubernetes-model-certificates/7.1.0/kubernetes-model-certificates-7.1.0.jar:/home/runner/.m2/repository/io/fabric8/kubernetes-model-coordination/7.1.0/kubernetes-model-coordination-7.1.0.jar:/home/runner/.m2/repository/io/fabric8/kubernetes-model-discovery/7.1.0/kubernetes-model-discovery-7.1.0.jar:/home/runner/.m2/repository/io/fabric8/kubernetes-model-events/7.1.0/kubernetes-model-events-7.1.0.jar:/home/runner/.m2/repository/io/fabric8/kubernetes-model-extensions/7.1.0/kubernetes-model-extensions-7.1.0.jar:/home/runner/.m2/repository/io/fabric8/kubernetes-model-flowcontrol/7.1.0/kubernetes-model-flowcontrol-7.1.0.jar:/home/runner/.m2/repository/io/fabric8/kubernetes-model-networking/7.1.0/kubernetes-model-networking-7.1.0.jar:/home/runner/.m2/repository/io/fabric8/kubernetes-model-metrics/7.1.0/kubernetes-model-metrics-7.1.0.jar:/home/runner/.m2/repository/io/fabric8/kubernetes-model-policy/7.1.0/kubernetes-model-policy-7.1.0.jar:/home/runner/.m2/repository/io/fabric8/kubernetes-model-scheduling/7.1.0/kubernetes-model-scheduling-7.1.0.jar:/home/runner/.m2/repository/io/fabric8/kubernetes-model-storageclass/7.1.0/kubernetes-model-storageclass-7.1.0.jar:/home/runner/.m2/repository/io/fabric8/kubernetes-model-node/7.1.0/kubernetes-model-node-7.1.0.jar:/home/runner/.m2/repository/org/snakeyaml/snakeyaml-engine/2.9/snakeyaml-engine-2.9.jar:/home/runner/.m2/repository/com/fasterxml/jackson/dataformat/jackson-dataformat-yaml/2.18.2/jackson-dataformat-yaml-2.18.2.jar:/home/runner/.m2/repository/com/fasterxml/jackson/datatype/jackson-datatype-jsr310/2.18.2/jackson-datatype-jsr310-2.18.2.jar:/home/runner/.m2/repository/io/fabric8/zjsonpatch/7.1.0/zjsonpatch-7.1.0.jar:/home/runner/.m2/repository/io/fabric8/kubernetes-httpclient-vertx/7.1.0/kubernetes-httpclient-vertx-7.1.0.jar:/home/runner/.m2/repository/io/vertx/vertx-web-client/4.5.16/vertx-web-client-4.5.16.jar:/home/runner/.m2/repository/io/vertx/vertx-web-common/4.5.16/vertx-web-common-4.5.16.jar:/home/runner/.m2/repository/io/vertx/vertx-auth-common/4.5.16/vertx-auth-common-4.5.16.jar:/home/runner/.m2/repository/io/vertx/vertx-uri-template/4.5.16/vertx-uri-template-4.5.16.jar:/home/runner/.m2/repository/io/fabric8/openshift-client/7.1.0/openshift-client-7.1.0.jar:/home/runner/.m2/repository/io/fabric8/openshift-client-api/7.1.0/openshift-client-api-7.1.0.jar:/home/runner/.m2/repository/io/fabric8/openshift-model/7.1.0/openshift-model-7.1.0.jar:/home/runner/.m2/repository/io/fabric8/openshift-model-autoscaling/7.1.0/openshift-model-autoscaling-7.1.0.jar:/home/runner/.m2/repository/io/fabric8/openshift-model-operator/7.1.0/openshift-model-operator-7.1.0.jar:/home/runner/.m2/repository/io/fabric8/openshift-model-operatorhub/7.1.0/openshift-model-operatorhub-7.1.0.jar:/home/runner/.m2/repository/io/fabric8/openshift-model-machine/7.1.0/openshift-model-machine-7.1.0.jar:/home/runner/.m2/repository/io/fabric8/openshift-model-whereabouts/7.1.0/openshift-model-whereabouts-7.1.0.jar:/home/runner/.m2/repository/io/fabric8/openshift-model-monitoring/7.1.0/openshift-model-monitoring-7.1.0.jar:/home/runner/.m2/repository/io/fabric8/openshift-model-storageversionmigrator/7.1.0/openshift-model-storageversionmigrator-7.1.0.jar:/home/runner/.m2/repository/io/fabric8/openshift-model-tuned/7.1.0/openshift-model-tuned-7.1.0.jar:/home/runner/.m2/repository/io/fabric8/openshift-model-console/7.1.0/openshift-model-console-7.1.0.jar:/home/runner/.m2/repository/io/fabric8/openshift-model-config/7.1.0/openshift-model-config-7.1.0.jar:/home/runner/.m2/repository/io/fabric8/openshift-model-machineconfiguration/7.1.0/openshift-model-machineconfiguration-7.1.0.jar:/home/runner/.m2/repository/io/fabric8/openshift-model-miscellaneous/7.1.0/openshift-model-miscellaneous-7.1.0.jar:/home/runner/.m2/repository/io/fabric8/openshift-model-hive/7.1.0/openshift-model-hive-7.1.0.jar:/home/runner/.m2/repository/io/fabric8/openshift-model-installer/7.1.0/openshift-model-installer-7.1.0.jar:/home/runner/.m2/repository/org/junit/platform/junit-platform-launcher/1.12.1/junit-platform-launcher-1.12.1.jar:/home/runner/.m2/repository/org/junit/platform/junit-platform-engine/1.12.1/junit-platform-engine-1.12.1.jar:/home/runner/.m2/repository/org/opentest4j/opentest4j/1.3.0/opentest4j-1.3.0.jar:/home/runner/.m2/repository/org/junit/platform/junit-platform-commons/1.12.1/junit-platform-commons-1.12.1.jar:/home/runner/.m2/repository/org/apiguardian/apiguardian-api/1.1.2/apiguardian-api-1.1.2.jar:/home/runner/.m2/repository/jakarta/ws/rs/jakarta.ws.rs-api/3.1.0/jakarta.ws.rs-api-3.1.0.jar:/home/runner/work/apicurio-testing/apicurio-testing/clusters/ci419/namespaces/mysql/tests/integration/apicurio-registry/java-sdk/target/apicurio-registry-java-sdk-3.0.12-SNAPSHOT.jar:/home/runner/.m2/repository/com/microsoft/kiota/microsoft-kiota-abstractions/1.8.9/microsoft-kiota-abstractions-1.8.9.jar:/home/runner/.m2/repository/io/github/std-uritemplate/std-uritemplate/2.0.0/std-uritemplate-2.0.0.jar:/home/runner/.m2/repository/io/kiota/kiota-http-jdk/0.0.29/kiota-http-jdk-0.0.29.jar:/home/runner/.m2/repository/io/kiota/kiota-http-vertx/0.0.29/kiota-http-vertx-0.0.29.jar:/home/runner/.m2/repository/io/kiota/kiota-serialization-jackson/0.0.29/kiota-serialization-jackson-0.0.29.jar:/home/runner/.m2/repository/com/microsoft/kiota/microsoft-kiota-serialization-text/1.8.9/microsoft-kiota-serialization-text-1.8.9.jar:/home/runner/.m2/repository/com/microsoft/kiota/microsoft-kiota-serialization-form/1.8.9/microsoft-kiota-serialization-form-1.8.9.jar:/home/runner/.m2/repository/com/microsoft/kiota/microsoft-kiota-serialization-multipart/1.8.9/microsoft-kiota-serialization-multipart-1.8.9.jar:/home/runner/.m2/repository/jakarta/annotation/jakarta.annotation-api/3.0.0/jakarta.annotation-api-3.0.0.jar:/home/runner/.m2/repository/io/vertx/vertx-auth-oauth2/4.5.16/vertx-auth-oauth2-4.5.16.jar:/home/runner/work/apicurio-testing/apicurio-testing/clusters/ci419/namespaces/mysql/tests/integration/apicurio-registry/java-sdk-v2/target/apicurio-registry-v2-java-sdk-3.0.12-SNAPSHOT.jar:/home/runner/work/apicurio-testing/apicurio-testing/clusters/ci419/namespaces/mysql/tests/integration/apicurio-registry/utils/kafka/target/apicurio-registry-utils-kafka-3.0.12-SNAPSHOT-tests.jar:/home/runner/.m2/repository/org/eclipse/microprofile/config/microprofile-config-api/3.1/microprofile-config-api-3.1.jar:/home/runner/.m2/repository/org/apache/kafka/kafka-clients/3.9.1/kafka-clients-3.9.1.jar:/home/runner/.m2/repository/com/github/luben/zstd-jni/1.5.6-4/zstd-jni-1.5.6-4.jar:/home/runner/.m2/repository/org/lz4/lz4-java/1.8.0/lz4-java-1.8.0.jar:/home/runner/.m2/repository/org/xerial/snappy/snappy-java/1.1.10.5/snappy-java-1.1.10.5.jar:/home/runner/.m2/repository/org/slf4j/slf4j-api/2.0.6/slf4j-api-2.0.6.jar:/home/runner/work/apicurio-testing/apicurio-testing/clusters/ci419/namespaces/mysql/tests/integration/apicurio-registry/utils/tests/target/apicurio-registry-utils-tests-3.0.12-SNAPSHOT.jar:/home/runner/work/apicurio-testing/apicurio-testing/clusters/ci419/namespaces/mysql/tests/integration/apicurio-registry/common/target/apicurio-registry-common-3.0.12-SNAPSHOT.jar:/home/runner/.m2/repository/jakarta/validation/jakarta.validation-api/3.0.2/jakarta.validation-api-3.0.2.jar:/home/runner/.m2/repository/com/github/dasniko/testcontainers-keycloak/3.8.0/testcontainers-keycloak-3.8.0.jar:/home/runner/.m2/repository/org/testcontainers/testcontainers/1.20.6/testcontainers-1.20.6.jar:/home/runner/.m2/repository/org/rnorth/duct-tape/duct-tape/1.0.8/duct-tape-1.0.8.jar:/home/runner/.m2/repository/com/github/docker-java/docker-java-transport-zerodep/3.4.1/docker-java-transport-zerodep-3.4.1.jar:/home/runner/.m2/repository/com/github/docker-java/docker-java-transport/3.4.1/docker-java-transport-3.4.1.jar:/home/runner/.m2/repository/net/java/dev/jna/jna/5.8.0/jna-5.8.0.jar:/home/runner/.m2/repository/io/quarkus/quarkus-junit4-mock/3.20.2/quarkus-junit4-mock-3.20.2.jar:/home/runner/.m2/repository/org/jboss/shrinkwrap/shrinkwrap-api/2.0.0-beta-2/shrinkwrap-api-2.0.0-beta-2.jar:/home/runner/.m2/repository/org/jboss/shrinkwrap/shrinkwrap-impl-base/2.0.0-beta-2/shrinkwrap-impl-base-2.0.0-beta-2.jar:/home/runner/.m2/repository/org/jboss/shrinkwrap/shrinkwrap-spi/2.0.0-beta-2/shrinkwrap-spi-2.0.0-beta-2.jar:/home/runner/.m2/repository/org/keycloak/keycloak-admin-client/26.0.4/keycloak-admin-client-26.0.4.jar:/home/runner/.m2/repository/org/keycloak/keycloak-client-common-synced/26.0.4/keycloak-client-common-synced-26.0.4.jar:/home/runner/.m2/repository/jakarta/activation/jakarta.activation-api/2.1.3/jakarta.activation-api-2.1.3.jar:/home/runner/.m2/repository/org/eclipse/microprofile/openapi/microprofile-openapi-api/4.0.2/microprofile-openapi-api-4.0.2.jar:/home/runner/.m2/repository/org/jboss/resteasy/resteasy-client/6.2.12.Final/resteasy-client-6.2.12.Final.jar:/home/runner/.m2/repository/org/jboss/resteasy/resteasy-client-api/6.2.12.Final/resteasy-client-api-6.2.12.Final.jar:/home/runner/.m2/repository/org/jboss/resteasy/resteasy-core-spi/6.2.12.Final/resteasy-core-spi-6.2.12.Final.jar:/home/runner/.m2/repository/org/jboss/resteasy/resteasy-core/6.2.12.Final/resteasy-core-6.2.12.Final.jar:/home/runner/.m2/repository/org/eclipse/angus/angus-activation/2.0.2/angus-activation-2.0.2.jar:/home/runner/.m2/repository/com/ibm/async/asyncutil/0.1.0/asyncutil-0.1.0.jar:/home/runner/.m2/repository/org/reactivestreams/reactive-streams/1.0.4/reactive-streams-1.0.4.jar:/home/runner/.m2/repository/org/jboss/resteasy/resteasy-multipart-provider/6.2.12.Final/resteasy-multipart-provider-6.2.12.Final.jar:/home/runner/.m2/repository/jakarta/mail/jakarta.mail-api/2.1.3/jakarta.mail-api-2.1.3.jar:/home/runner/.m2/repository/org/eclipse/angus/angus-mail/2.0.3/angus-mail-2.0.3.jar:/home/runner/.m2/repository/org/apache/james/apache-mime4j-dom/0.8.12/apache-mime4j-dom-0.8.12.jar:/home/runner/.m2/repository/org/apache/james/apache-mime4j-core/0.8.12/apache-mime4j-core-0.8.12.jar:/home/runner/.m2/repository/org/apache/james/apache-mime4j-storage/0.8.12/apache-mime4j-storage-0.8.12.jar:/home/runner/.m2/repository/org/jboss/resteasy/resteasy-jackson2-provider/6.2.12.Final/resteasy-jackson2-provider-6.2.12.Final.jar:/home/runner/.m2/repository/com/fasterxml/jackson/jakarta/rs/jackson-jakarta-rs-base/2.18.2/jackson-jakarta-rs-base-2.18.2.jar:/home/runner/.m2/repository/com/fasterxml/jackson/jakarta/rs/jackson-jakarta-rs-json-provider/2.18.2/jackson-jakarta-rs-json-provider-2.18.2.jar:/home/runner/.m2/repository/com/fasterxml/jackson/module/jackson-module-jakarta-xmlbind-annotations/2.18.2/jackson-module-jakarta-xmlbind-annotations-2.18.2.jar:/home/runner/.m2/repository/com/github/java-json-tools/json-patch/1.13/json-patch-1.13.jar:/home/runner/.m2/repository/com/github/java-json-tools/msg-simple/1.2/msg-simple-1.2.jar:/home/runner/.m2/repository/com/github/java-json-tools/btf/1.3/btf-1.3.jar:/home/runner/.m2/repository/com/github/java-json-tools/jackson-coreutils/2.0/jackson-coreutils-2.0.jar:/home/runner/.m2/repository/org/jboss/resteasy/resteasy-jaxb-provider/6.2.12.Final/resteasy-jaxb-provider-6.2.12.Final.jar:/home/runner/.m2/repository/org/glassfish/jaxb/codemodel/4.0.5/codemodel-4.0.5.jar:/home/runner/.m2/repository/org/glassfish/jaxb/jaxb-core/4.0.5/jaxb-core-4.0.5.jar:/home/runner/.m2/repository/org/glassfish/jaxb/jaxb-jxc/4.0.5/jaxb-jxc-4.0.5.jar:/home/runner/.m2/repository/org/glassfish/jaxb/jaxb-runtime/4.0.5/jaxb-runtime-4.0.5.jar:/home/runner/.m2/repository/org/glassfish/jaxb/txw2/4.0.5/txw2-4.0.5.jar:/home/runner/.m2/repository/org/glassfish/jaxb/jaxb-xjc/4.0.5/jaxb-xjc-4.0.5.jar:/home/runner/.m2/repository/org/glassfish/jaxb/xsom/4.0.5/xsom-4.0.5.jar:/home/runner/.m2/repository/com/sun/istack/istack-commons-runtime/4.1.2/istack-commons-runtime-4.1.2.jar:/home/runner/.m2/repository/com/sun/istack/istack-commons-tools/4.1.2/istack-commons-tools-4.1.2.jar:/home/runner/.m2/repository/com/sun/xml/bind/external/relaxng-datatype/4.0.5/relaxng-datatype-4.0.5.jar:/home/runner/.m2/repository/com/sun/xml/bind/external/rngom/4.0.5/rngom-4.0.5.jar:/home/runner/.m2/repository/org/testcontainers/mssqlserver/1.20.6/mssqlserver-1.20.6.jar:/home/runner/.m2/repository/org/testcontainers/jdbc/1.20.6/jdbc-1.20.6.jar:/home/runner/.m2/repository/org/testcontainers/database-commons/1.20.6/database-commons-1.20.6.jar:/home/runner/.m2/repository/org/testcontainers/mysql/1.20.6/mysql-1.20.6.jar:/home/runner/.m2/repository/io/strimzi/strimzi-test-container/0.111.0/strimzi-test-container-0.111.0.jar:/home/runner/.m2/repository/org/testcontainers/toxiproxy/1.20.6/toxiproxy-1.20.6.jar:/home/runner/.m2/repository/com/github/docker-java/docker-java-api/3.4.1/docker-java-api-3.4.1.jar:/home/runner/.m2/repository/org/apache/logging/log4j/log4j-slf4j-impl/2.19.0/log4j-slf4j-impl-2.19.0.jar:/home/runner/.m2/repository/org/apache/logging/log4j/log4j-api/2.24.3/log4j-api-2.24.3.jar:/home/runner/.m2/repository/org/apache/logging/log4j/log4j-core/2.19.0/log4j-core-2.19.0.jar:/home/runner/.m2/repository/eu/rekawek/toxiproxy/toxiproxy-java/2.1.7/toxiproxy-java-2.1.7.jar:/home/runner/.m2/repository/org/testcontainers/pulsar/1.21.3/pulsar-1.21.3.jar:/home/runner/.m2/repository/io/debezium/debezium-testing-testcontainers/2.7.4.Final/debezium-testing-testcontainers-2.7.4.Final.jar:/home/runner/.m2/repository/org/testcontainers/kafka/1.20.6/kafka-1.20.6.jar:/home/runner/.m2/repository/com/squareup/okhttp3/okhttp/4.8.1/okhttp-4.8.1.jar:/home/runner/.m2/repository/com/squareup/okio/okio/3.10.2/okio-3.10.2.jar:/home/runner/.m2/repository/com/squareup/okio/okio-jvm/3.10.2/okio-jvm-3.10.2.jar:/home/runner/.m2/repository/org/jetbrains/kotlin/kotlin-stdlib/2.0.21/kotlin-stdlib-2.0.21.jar:/home/runner/.m2/repository/org/awaitility/awaitility/4.3.0/awaitility-4.3.0.jar:/home/runner/.m2/repository/org/testcontainers/mongodb/1.20.6/mongodb-1.20.6.jar:/home/runner/.m2/repository/org/testcontainers/mariadb/1.20.6/mariadb-1.20.6.jar:/home/runner/.m2/repository/org/testcontainers/oracle-xe/1.20.6/oracle-xe-1.20.6.jar:/home/runner/.m2/repository/org/testcontainers/postgresql/1.20.6/postgresql-1.20.6.jar:/home/runner/.m2/repository/org/wiremock/wiremock/3.0.1/wiremock-3.0.1.jar:/home/runner/.m2/repository/org/eclipse/jetty/jetty-server/11.0.15/jetty-server-11.0.15.jar:/home/runner/.m2/repository/org/eclipse/jetty/toolchain/jetty-jakarta-servlet-api/5.0.2/jetty-jakarta-servlet-api-5.0.2.jar:/home/runner/.m2/repository/org/eclipse/jetty/jetty-http/11.0.15/jetty-http-11.0.15.jar:/home/runner/.m2/repository/org/eclipse/jetty/jetty-io/11.0.15/jetty-io-11.0.15.jar:/home/runner/.m2/repository/org/eclipse/jetty/jetty-servlet/11.0.15/jetty-servlet-11.0.15.jar:/home/runner/.m2/repository/org/eclipse/jetty/jetty-security/11.0.15/jetty-security-11.0.15.jar:/home/runner/.m2/repository/org/eclipse/jetty/jetty-servlets/11.0.15/jetty-servlets-11.0.15.jar:/home/runner/.m2/repository/org/eclipse/jetty/jetty-util/11.0.15/jetty-util-11.0.15.jar:/home/runner/.m2/repository/org/eclipse/jetty/jetty-webapp/11.0.15/jetty-webapp-11.0.15.jar:/home/runner/.m2/repository/org/eclipse/jetty/jetty-xml/11.0.15/jetty-xml-11.0.15.jar:/home/runner/.m2/repository/org/eclipse/jetty/jetty-proxy/11.0.15/jetty-proxy-11.0.15.jar:/home/runner/.m2/repository/org/eclipse/jetty/jetty-client/11.0.15/jetty-client-11.0.15.jar:/home/runner/.m2/repository/org/eclipse/jetty/http2/http2-server/11.0.15/http2-server-11.0.15.jar:/home/runner/.m2/repository/org/eclipse/jetty/http2/http2-common/11.0.15/http2-common-11.0.15.jar:/home/runner/.m2/repository/org/eclipse/jetty/http2/http2-hpack/11.0.15/http2-hpack-11.0.15.jar:/home/runner/.m2/repository/org/eclipse/jetty/jetty-alpn-server/11.0.15/jetty-alpn-server-11.0.15.jar:/home/runner/.m2/repository/org/eclipse/jetty/jetty-alpn-java-server/11.0.15/jetty-alpn-java-server-11.0.15.jar:/home/runner/.m2/repository/org/eclipse/jetty/jetty-alpn-java-client/11.0.15/jetty-alpn-java-client-11.0.15.jar:/home/runner/.m2/repository/org/eclipse/jetty/jetty-alpn-client/11.0.15/jetty-alpn-client-11.0.15.jar:/home/runner/.m2/repository/org/apache/httpcomponents/client5/httpclient5/5.2.1/httpclient5-5.2.1.jar:/home/runner/.m2/repository/org/apache/httpcomponents/core5/httpcore5/5.2/httpcore5-5.2.jar:/home/runner/.m2/repository/org/apache/httpcomponents/core5/httpcore5-h2/5.2/httpcore5-h2-5.2.jar:/home/runner/.m2/repository/org/xmlunit/xmlunit-core/2.9.1/xmlunit-core-2.9.1.jar:/home/runner/.m2/repository/jakarta/xml/bind/jakarta.xml.bind-api/4.0.2/jakarta.xml.bind-api-4.0.2.jar:/home/runner/.m2/repository/org/xmlunit/xmlunit-legacy/2.9.1/xmlunit-legacy-2.9.1.jar:/home/runner/.m2/repository/org/xmlunit/xmlunit-placeholders/2.9.1/xmlunit-placeholders-2.9.1.jar:/home/runner/.m2/repository/net/javacrumbs/json-unit/json-unit-core/2.38.0/json-unit-core-2.38.0.jar:/home/runner/.m2/repository/org/hamcrest/hamcrest-core/2.2/hamcrest-core-2.2.jar:/home/runner/.m2/repository/com/jayway/jsonpath/json-path/2.8.0/json-path-2.8.0.jar:/home/runner/.m2/repository/net/minidev/json-smart/2.4.10/json-smart-2.4.10.jar:/home/runner/.m2/repository/net/minidev/accessors-smart/2.4.9/accessors-smart-2.4.9.jar:/home/runner/.m2/repository/org/ow2/asm/asm/9.7.1/asm-9.7.1.jar:/home/runner/.m2/repository/net/sf/jopt-simple/jopt-simple/5.0.4/jopt-simple-5.0.4.jar:/home/runner/.m2/repository/com/github/jknack/handlebars/4.3.1/handlebars-4.3.1.jar:/home/runner/.m2/repository/com/github/jknack/handlebars-helpers/4.3.1/handlebars-helpers-4.3.1.jar:/home/runner/.m2/repository/commons-fileupload/commons-fileupload/1.5/commons-fileupload-1.5.jar:/home/runner/.m2/repository/com/networknt/json-schema-validator/1.5.8/json-schema-validator-1.5.8.jar:/home/runner/.m2/repository/com/ethlo/time/itu/1.10.3/itu-1.10.3.jar:/home/runner/.m2/repository/io/quarkus/quarkus-smallrye-jwt-build/3.20.2/quarkus-smallrye-jwt-build-3.20.2.jar:/home/runner/.m2/repository/io/smallrye/smallrye-jwt-build/4.6.2/smallrye-jwt-build-4.6.2.jar:/home/runner/.m2/repository/org/eclipse/microprofile/jwt/microprofile-jwt-auth-api/2.1/microprofile-jwt-auth-api-2.1.jar:/home/runner/.m2/repository/org/bitbucket/b_c/jose4j/0.9.6/jose4j-0.9.6.jar:/home/runner/.m2/repository/io/smallrye/smallrye-jwt-common/4.6.2/smallrye-jwt-common-4.6.2.jar:/home/runner/.m2/repository/io/quarkus/quarkus-jsonp/3.20.2/quarkus-jsonp-3.20.2.jar:/home/runner/.m2/repository/io/quarkus/quarkus-arc/3.20.2/quarkus-arc-3.20.2.jar:/home/runner/.m2/repository/io/quarkus/arc/arc/3.20.2/arc-3.20.2.jar:/home/runner/.m2/repository/jakarta/transaction/jakarta.transaction-api/2.0.1/jakarta.transaction-api-2.0.1.jar:/home/runner/.m2/repository/io/smallrye/reactive/mutiny/2.9.2/mutiny-2.9.2.jar:/home/runner/.m2/repository/org/jctools/jctools-core/4.0.5/jctools-core-4.0.5.jar:/home/runner/.m2/repository/org/eclipse/microprofile/context-propagation/microprofile-context-propagation-api/1.3/microprofile-context-propagation-api-1.3.jar:/home/runner/.m2/repository/io/apicurio/apicurio-common-rest-client-common/0.1.18.Final/apicurio-common-rest-client-common-0.1.18.Final.jar:/home/runner/work/apicurio-testing/apicurio-testing/clusters/ci419/namespaces/mysql/tests/integration/apicurio-registry/utils/maven-plugin/target/apicurio-registry-maven-plugin-3.0.12-SNAPSHOT.jar:/home/runner/.m2/repository/com/fasterxml/jackson/core/jackson-databind/2.18.2/jackson-databind-2.18.2.jar:/home/runner/.m2/repository/org/apache/avro/avro/1.12.0/avro-1.12.0.jar:/home/runner/.m2/repository/com/google/protobuf/protobuf-java/4.31.1/protobuf-java-4.31.1.jar:/home/runner/.m2/repository/com/google/protobuf/protobuf-java-util/4.31.1/protobuf-java-util-4.31.1.jar:/home/runner/.m2/repository/com/google/code/findbugs/jsr305/3.0.2/jsr305-3.0.2.jar:/home/runner/.m2/repository/com/google/code/gson/gson/2.12.1/gson-2.12.1.jar:/home/runner/.m2/repository/com/google/errorprone/error_prone_annotations/2.36.0/error_prone_annotations-2.36.0.jar:/home/runner/.m2/repository/com/google/j2objc/j2objc-annotations/2.8/j2objc-annotations-2.8.jar:/home/runner/work/apicurio-testing/apicurio-testing/clusters/ci419/namespaces/mysql/tests/integration/apicurio-registry/schema-util/util-provider/target/apicurio-registry-schema-util-provider-3.0.12-SNAPSHOT.jar:/home/runner/work/apicurio-testing/apicurio-testing/clusters/ci419/namespaces/mysql/tests/integration/apicurio-registry/schema-util/common/target/apicurio-registry-schema-util-common-3.0.12-SNAPSHOT.jar:/home/runner/.m2/repository/com/fasterxml/jackson/module/jackson-module-parameter-names/2.18.2/jackson-module-parameter-names-2.18.2.jar:/home/runner/.m2/repository/com/fasterxml/jackson/datatype/jackson-datatype-json-org/2.18.2/jackson-datatype-json-org-2.18.2.jar:/home/runner/work/apicurio-testing/apicurio-testing/clusters/ci419/namespaces/mysql/tests/integration/apicurio-registry/schema-util/json/target/apicurio-registry-schema-util-json-3.0.12-SNAPSHOT.jar:/home/runner/.m2/repository/com/github/erosb/everit-json-schema/1.14.5/everit-json-schema-1.14.5.jar:/home/runner/.m2/repository/commons-validator/commons-validator/1.9.0/commons-validator-1.9.0.jar:/home/runner/.m2/repository/commons-digester/commons-digester/2.1/commons-digester-2.1.jar:/home/runner/.m2/repository/commons-collections/commons-collections/3.2.2/commons-collections-3.2.2.jar:/home/runner/.m2/repository/com/damnhandy/handy-uri-templates/2.1.8/handy-uri-templates-2.1.8.jar:/home/runner/.m2/repository/joda-time/joda-time/2.10.2/joda-time-2.10.2.jar:/home/runner/.m2/repository/com/github/erosb/json-sKema/0.20.0/json-sKema-0.20.0.jar:/home/runner/.m2/repository/io/vertx/vertx-json-schema/4.5.16/vertx-json-schema-4.5.16.jar:/home/runner/work/apicurio-testing/apicurio-testing/clusters/ci419/namespaces/mysql/tests/integration/apicurio-registry/schema-util/protobuf/target/apicurio-registry-schema-util-protobuf-3.0.12-SNAPSHOT.jar:/home/runner/work/apicurio-testing/apicurio-testing/clusters/ci419/namespaces/mysql/tests/integration/apicurio-registry/utils/protobuf-schema-utilities/target/apicurio-registry-protobuf-schema-utilities-3.0.12-SNAPSHOT.jar:/home/runner/.m2/repository/com/google/api/grpc/proto-google-common-protos/2.52.0/proto-google-common-protos-2.52.0.jar:/home/runner/.m2/repository/com/squareup/wire/wire-schema-jvm/5.3.3/wire-schema-jvm-5.3.3.jar:/home/runner/.m2/repository/com/palantir/javapoet/javapoet/0.6.0/javapoet-0.6.0.jar:/home/runner/.m2/repository/com/squareup/kotlinpoet-jvm/2.0.0/kotlinpoet-jvm-2.0.0.jar:/home/runner/.m2/repository/org/jetbrains/kotlin/kotlin-reflect/2.0.21/kotlin-reflect-2.0.21.jar:/home/runner/.m2/repository/com/squareup/wire/wire-runtime-jvm/5.3.3/wire-runtime-jvm-5.3.3.jar:/home/runner/.m2/repository/com/ibm/icu/icu4j/76.1/icu4j-76.1.jar:/home/runner/.m2/repository/com/squareup/okio/okio-fakefilesystem/3.10.2/okio-fakefilesystem-3.10.2.jar:/home/runner/.m2/repository/com/squareup/okio/okio-fakefilesystem-jvm/3.10.2/okio-fakefilesystem-jvm-3.10.2.jar:/home/runner/.m2/repository/org/jetbrains/kotlinx/kotlinx-datetime-jvm/0.6.1/kotlinx-datetime-jvm-0.6.1.jar:/home/runner/work/apicurio-testing/apicurio-testing/clusters/ci419/namespaces/mysql/tests/integration/apicurio-registry/schema-util/asyncapi/target/apicurio-registry-schema-util-asyncapi-3.0.12-SNAPSHOT.jar:/home/runner/work/apicurio-testing/apicurio-testing/clusters/ci419/namespaces/mysql/tests/integration/apicurio-registry/schema-util/avro/target/apicurio-registry-schema-util-avro-3.0.12-SNAPSHOT.jar:/home/runner/work/apicurio-testing/apicurio-testing/clusters/ci419/namespaces/mysql/tests/integration/apicurio-registry/schema-util/graphql/target/apicurio-registry-schema-util-graphql-3.0.12-SNAPSHOT.jar:/home/runner/.m2/repository/com/graphql-java/graphql-java/22.4/graphql-java-22.4.jar:/home/runner/.m2/repository/com/graphql-java/java-dataloader/3.3.0/java-dataloader-3.3.0.jar:/home/runner/work/apicurio-testing/apicurio-testing/clusters/ci419/namespaces/mysql/tests/integration/apicurio-registry/schema-util/kconnect/target/apicurio-registry-schema-util-kconnect-3.0.12-SNAPSHOT.jar:/home/runner/work/apicurio-testing/apicurio-testing/clusters/ci419/namespaces/mysql/tests/integration/apicurio-registry/schema-util/openapi/target/apicurio-registry-schema-util-openapi-3.0.12-SNAPSHOT.jar:/home/runner/.m2/repository/io/apicurio/apicurio-data-models/2.2.2/apicurio-data-models-2.2.2.jar:/home/runner/.m2/repository/org/openapitools/openapidiff/openapi-diff-core/2.1.2/openapi-diff-core-2.1.2.jar:/home/runner/.m2/repository/io/swagger/parser/v3/swagger-parser/2.1.28/swagger-parser-2.1.28.jar:/home/runner/.m2/repository/io/swagger/parser/v3/swagger-parser-v2-converter/2.1.28/swagger-parser-v2-converter-2.1.28.jar:/home/runner/.m2/repository/io/swagger/swagger-core/1.6.16/swagger-core-1.6.16.jar:/home/runner/.m2/repository/io/swagger/swagger-models/1.6.16/swagger-models-1.6.16.jar:/home/runner/.m2/repository/io/swagger/swagger-annotations/1.6.16/swagger-annotations-1.6.16.jar:/home/runner/.m2/repository/io/swagger/swagger-parser/1.0.75/swagger-parser-1.0.75.jar:/home/runner/.m2/repository/io/swagger/swagger-parser-safe-url-resolver/1.0.75/swagger-parser-safe-url-resolver-1.0.75.jar:/home/runner/.m2/repository/io/swagger/swagger-compat-spec-parser/1.0.75/swagger-compat-spec-parser-1.0.75.jar:/home/runner/.m2/repository/com/github/java-json-tools/json-schema-validator/2.2.14/json-schema-validator-2.2.14.jar:/home/runner/.m2/repository/com/github/java-json-tools/jackson-coreutils-equivalence/1.0/jackson-coreutils-equivalence-1.0.jar:/home/runner/.m2/repository/com/github/java-json-tools/json-schema-core/1.2.14/json-schema-core-1.2.14.jar:/home/runner/.m2/repository/com/github/java-json-tools/uri-template/0.10/uri-template-0.10.jar:/home/runner/.m2/repository/com/googlecode/libphonenumber/libphonenumber/8.11.1/libphonenumber-8.11.1.jar:/home/runner/.m2/repository/com/j2html/j2html/1.6.0/j2html-1.6.0.jar:/home/runner/.m2/repository/org/apache/commons/commons-collections4/4.5.0/commons-collections4-4.5.0.jar:/home/runner/.m2/repository/org/slf4j/jcl-over-slf4j/2.0.17/jcl-over-slf4j-2.0.17.jar:/home/runner/.m2/repository/io/swagger/parser/v3/swagger-parser-v3/2.1.31/swagger-parser-v3-2.1.31.jar:/home/runner/.m2/repository/io/swagger/core/v3/swagger-models/2.2.34/swagger-models-2.2.34.jar:/home/runner/.m2/repository/io/swagger/core/v3/swagger-core/2.2.34/swagger-core-2.2.34.jar:/home/runner/.m2/repository/io/swagger/parser/v3/swagger-parser-core/2.1.31/swagger-parser-core-2.1.31.jar:/home/runner/.m2/repository/io/swagger/parser/v3/swagger-parser-safe-url-resolver/2.1.31/swagger-parser-safe-url-resolver-2.1.31.jar:/home/runner/work/apicurio-testing/apicurio-testing/clusters/ci419/namespaces/mysql/tests/integration/apicurio-registry/schema-util/wsdl/target/apicurio-registry-schema-util-wsdl-3.0.12-SNAPSHOT.jar:/home/runner/.m2/repository/wsdl4j/wsdl4j/1.6.3/wsdl4j-1.6.3.jar:/home/runner/work/apicurio-testing/apicurio-testing/clusters/ci419/namespaces/mysql/tests/integration/apicurio-registry/schema-util/xml/target/apicurio-registry-schema-util-xml-3.0.12-SNAPSHOT.jar:/home/runner/.m2/repository/org/apache/santuario/xmlsec/4.0.4/xmlsec-4.0.4.jar:/home/runner/.m2/repository/com/fasterxml/woodstox/woodstox-core/7.1.1/woodstox-core-7.1.1.jar:/home/runner/.m2/repository/org/codehaus/woodstox/stax2-api/4.2.2/stax2-api-4.2.2.jar:/home/runner/work/apicurio-testing/apicurio-testing/clusters/ci419/namespaces/mysql/tests/integration/apicurio-registry/schema-util/xsd/target/apicurio-registry-schema-util-xsd-3.0.12-SNAPSHOT.jar:/home/runner/work/apicurio-testing/apicurio-testing/clusters/ci419/namespaces/mysql/tests/integration/apicurio-registry/serdes/kafka/jsonschema-serde/target/apicurio-registry-jsonschema-serde-kafka-3.0.12-SNAPSHOT.jar:/home/runner/work/apicurio-testing/apicurio-testing/clusters/ci419/namespaces/mysql/tests/integration/apicurio-registry/serdes/kafka/serde-kafka-common/target/apicurio-registry-serde-kafka-common-3.0.12-SNAPSHOT.jar:/home/runner/work/apicurio-testing/apicurio-testing/clusters/ci419/namespaces/mysql/tests/integration/apicurio-registry/serdes/generic/serde-common/target/apicurio-registry-serde-common-3.0.12-SNAPSHOT.jar:/home/runner/work/apicurio-testing/apicurio-testing/clusters/ci419/namespaces/mysql/tests/integration/apicurio-registry/serdes/generic/serde-common-jsonschema/target/apicurio-registry-serde-common-jsonschema-3.0.12-SNAPSHOT.jar:/home/runner/.m2/repository/org/json/json/20250107/json-20250107.jar:/home/runner/work/apicurio-testing/apicurio-testing/clusters/ci419/namespaces/mysql/tests/integration/apicurio-registry/serdes/kafka/avro-serde/target/apicurio-registry-avro-serde-kafka-3.0.12-SNAPSHOT.jar:/home/runner/work/apicurio-testing/apicurio-testing/clusters/ci419/namespaces/mysql/tests/integration/apicurio-registry/serdes/generic/serde-common-avro/target/apicurio-registry-serde-common-avro-3.0.12-SNAPSHOT.jar:/home/runner/work/apicurio-testing/apicurio-testing/clusters/ci419/namespaces/mysql/tests/integration/apicurio-registry/serdes/kafka/protobuf-serde/target/apicurio-registry-protobuf-serde-kafka-3.0.12-SNAPSHOT.jar:/home/runner/work/apicurio-testing/apicurio-testing/clusters/ci419/namespaces/mysql/tests/integration/apicurio-registry/serdes/generic/serde-common-protobuf/target/apicurio-registry-serde-common-protobuf-3.0.12-SNAPSHOT.jar:/home/runner/.m2/repository/com/squareup/wire/wire-schema/5.3.3/wire-schema-5.3.3.jar:/home/runner/.m2/repository/com/squareup/wire/wire-runtime/5.3.3/wire-runtime-5.3.3.jar:/home/runner/work/apicurio-testing/apicurio-testing/clusters/ci419/namespaces/mysql/tests/integration/apicurio-registry/serdes/pulsar/avro-serde/target/apicurio-registry-avro-serde-pulsar-3.0.12-SNAPSHOT.jar:/home/runner/.m2/repository/org/apache/pulsar/pulsar-functions-api/3.3.8/pulsar-functions-api-3.3.8.jar:/home/runner/work/apicurio-testing/apicurio-testing/clusters/ci419/namespaces/mysql/tests/integration/apicurio-registry/serdes/nats/avro-serde/target/apicurio-registry-avro-serde-nats-3.0.12-SNAPSHOT.jar:/home/runner/.m2/repository/io/nats/jnats/2.21.4/jnats-2.21.4.jar:/home/runner/.m2/repository/org/bouncycastle/bcprov-lts8on/2.73.7/bcprov-lts8on-2.73.7.jar:/home/runner/.m2/repository/org/jetbrains/annotations/26.0.2/annotations-26.0.2.jar:/home/runner/work/apicurio-testing/apicurio-testing/clusters/ci419/namespaces/mysql/tests/integration/apicurio-registry/utils/converter/target/apicurio-registry-utils-converter-3.0.12-SNAPSHOT.jar:/home/runner/work/apicurio-testing/apicurio-testing/clusters/ci419/namespaces/mysql/tests/integration/apicurio-registry/schema-resolver/target/apicurio-registry-schema-resolver-3.0.12-SNAPSHOT.jar:/home/runner/.m2/repository/org/apache/kafka/connect-api/3.9.1/connect-api-3.9.1.jar:/home/runner/.m2/repository/javax/ws/rs/javax.ws.rs-api/2.1.1/javax.ws.rs-api-2.1.1.jar:/home/runner/.m2/repository/org/apache/kafka/connect-json/3.9.1/connect-json-3.9.1.jar:/home/runner/.m2/repository/com/fasterxml/jackson/datatype/jackson-datatype-jdk8/2.18.2/jackson-datatype-jdk8-2.18.2.jar:/home/runner/.m2/repository/com/fasterxml/jackson/module/jackson-module-afterburner/2.18.2/jackson-module-afterburner-2.18.2.jar:/home/runner/work/apicurio-testing/apicurio-testing/clusters/ci419/namespaces/mysql/tests/integration/apicurio-registry/utils/kafka/target/apicurio-registry-utils-kafka-3.0.12-SNAPSHOT.jar:/home/runner/.m2/repository/org/apache/pulsar/pulsar-client/3.3.8/pulsar-client-3.3.8.jar:/home/runner/.m2/repository/org/apache/pulsar/pulsar-client-api/3.3.8/pulsar-client-api-3.3.8.jar:/home/runner/.m2/repository/org/apache/pulsar/pulsar-client-admin-api/3.3.8/pulsar-client-admin-api-3.3.8.jar:/home/runner/.m2/repository/org/apache/pulsar/bouncy-castle-bc/3.3.8/bouncy-castle-bc-3.3.8-pkg.jar:/home/runner/.m2/repository/org/bouncycastle/bcpkix-jdk18on/1.81/bcpkix-jdk18on-1.81.jar:/home/runner/.m2/repository/org/bouncycastle/bcutil-jdk18on/1.81/bcutil-jdk18on-1.81.jar:/home/runner/.m2/repository/org/bouncycastle/bcprov-jdk18on/1.81/bcprov-jdk18on-1.81.jar:/home/runner/.m2/repository/io/opentelemetry/opentelemetry-api/1.44.1/opentelemetry-api-1.44.1.jar:/home/runner/.m2/repository/io/opentelemetry/opentelemetry-context/1.44.1/opentelemetry-context-1.44.1.jar:/home/runner/.m2/repository/io/opentelemetry/opentelemetry-api-incubator/1.44.1-alpha/opentelemetry-api-incubator-1.44.1-alpha.jar:/home/runner/.m2/repository/com/fasterxml/jackson/core/jackson-annotations/2.18.2/jackson-annotations-2.18.2.jar:/home/runner/.m2/repository/javax/validation/validation-api/1.1.0.Final/validation-api-1.1.0.Final.jar:/home/runner/.m2/repository/org/jspecify/jspecify/1.0.0/jspecify-1.0.0.jar:/home/runner/.m2/repository/org/apache/commons/commons-configuration2/2.12.0/commons-configuration2-2.12.0.jar:/home/runner/.m2/repository/commons-logging/commons-logging/1.3.5/commons-logging-1.3.5.jar:/home/runner/.m2/repository/org/apache/commons/commons-text/1.13.0/commons-text-1.13.0.jar:/home/runner/.m2/repository/io/confluent/kafka-avro-serializer/8.0.0/kafka-avro-serializer-8.0.0.jar:/home/runner/.m2/repository/org/apache/commons/commons-compress/1.27.1/commons-compress-1.27.1.jar:/home/runner/.m2/repository/io/confluent/kafka-schema-serializer/8.0.0/kafka-schema-serializer-8.0.0.jar:/home/runner/.m2/repository/com/fasterxml/jackson/dataformat/jackson-dataformat-csv/2.18.2/jackson-dataformat-csv-2.18.2.jar:/home/runner/.m2/repository/io/confluent/kafka-schema-registry-client/8.0.0/kafka-schema-registry-client-8.0.0.jar:/home/runner/.m2/repository/org/yaml/snakeyaml/2.3/snakeyaml-2.3.jar:/home/runner/.m2/repository/io/swagger/core/v3/swagger-annotations/2.2.29/swagger-annotations-2.2.29.jar:/home/runner/.m2/repository/com/google/guava/guava/33.4.0-jre/guava-33.4.0-jre.jar:/home/runner/.m2/repository/com/google/guava/failureaccess/1.0.1/failureaccess-1.0.1.jar:/home/runner/.m2/repository/org/checkerframework/checker-qual/3.49.0/checker-qual-3.49.0.jar:/home/runner/.m2/repository/io/confluent/logredactor/1.0.13/logredactor-1.0.13.jar:/home/runner/.m2/repository/com/google/re2j/re2j/1.6/re2j-1.6.jar:/home/runner/.m2/repository/io/confluent/logredactor-metrics/1.0.13/logredactor-metrics-1.0.13.jar:/home/runner/.m2/repository/com/eclipsesource/minimal-json/minimal-json/0.9.5/minimal-json-0.9.5.jar:/home/runner/.m2/repository/io/confluent/common-utils/8.0.0/common-utils-8.0.0.jar:/home/runner/.m2/repository/io/confluent/kafka-connect-avro-converter/8.0.0/kafka-connect-avro-converter-8.0.0.jar:/home/runner/.m2/repository/io/confluent/kafka-connect-avro-data/8.0.0/kafka-connect-avro-data-8.0.0.jar:/home/runner/.m2/repository/io/confluent/kafka-schema-converter/8.0.0/kafka-schema-converter-8.0.0.jar:/home/runner/.m2/repository/io/rest-assured/rest-assured/5.5.1/rest-assured-5.5.1.jar:/home/runner/.m2/repository/org/apache/groovy/groovy/4.0.22/groovy-4.0.22.jar:/home/runner/.m2/repository/org/apache/groovy/groovy-xml/4.0.22/groovy-xml-4.0.22.jar:/home/runner/.m2/repository/org/apache/httpcomponents/httpclient/4.5.14/httpclient-4.5.14.jar:/home/runner/.m2/repository/org/apache/httpcomponents/httpcore/4.4.16/httpcore-4.4.16.jar:/home/runner/.m2/repository/org/apache/httpcomponents/httpmime/4.5.14/httpmime-4.5.14.jar:/home/runner/.m2/repository/org/hamcrest/hamcrest/2.2/hamcrest-2.2.jar:/home/runner/.m2/repository/org/ccil/cowan/tagsoup/tagsoup/1.2.1/tagsoup-1.2.1.jar:/home/runner/.m2/repository/io/rest-assured/json-path/5.5.1/json-path-5.5.1.jar:/home/runner/.m2/repository/org/apache/groovy/groovy-json/4.0.22/groovy-json-4.0.22.jar:/home/runner/.m2/repository/io/rest-assured/rest-assured-common/5.5.1/rest-assured-common-5.5.1.jar:/home/runner/.m2/repository/io/rest-assured/xml-path/5.5.1/xml-path-5.5.1.jar:/home/runner/.m2/repository/io/zonky/test/embedded-postgres/2.1.0/embedded-postgres-2.1.0.jar:/home/runner/.m2/repository/io/zonky/test/postgres/embedded-postgres-binaries-windows-amd64/14.15.0/embedded-postgres-binaries-windows-amd64-14.15.0.jar:/home/runner/.m2/repository/io/zonky/test/postgres/embedded-postgres-binaries-darwin-amd64/14.15.0/embedded-postgres-binaries-darwin-amd64-14.15.0.jar:/home/runner/.m2/repository/io/zonky/test/postgres/embedded-postgres-binaries-linux-amd64/14.15.0/embedded-postgres-binaries-linux-amd64-14.15.0.jar:/home/runner/.m2/repository/io/zonky/test/postgres/embedded-postgres-binaries-linux-amd64-alpine/14.15.0/embedded-postgres-binaries-linux-amd64-alpine-14.15.0.jar:/home/runner/.m2/repository/org/apache/commons/commons-lang3/3.17.0/commons-lang3-3.17.0.jar:/home/runner/.m2/repository/org/tukaani/xz/1.10/xz-1.10.jar:/home/runner/.m2/repository/commons-codec/commons-codec/1.19.0/commons-codec-1.19.0.jar:/home/runner/.m2/repository/org/postgresql/postgresql/42.7.7/postgresql-42.7.7.jar:/home/runner/.m2/repository/commons-io/commons-io/2.18.0/commons-io-2.18.0.jar:/home/runner/work/apicurio-testing/apicurio-testing/clusters/ci419/namespaces/mysql/tests/integration/apicurio-registry/utils/importexport/target/apicurio-registry-utils-import-export-3.0.12-SNAPSHOT.jar:/home/runner/.m2/repository/io/vertx/vertx-core/4.5.16/vertx-core-4.5.16.jar:/home/runner/.m2/repository/io/netty/netty-common/4.1.121.Final/netty-common-4.1.121.Final.jar:/home/runner/.m2/repository/io/netty/netty-buffer/4.1.121.Final/netty-buffer-4.1.121.Final.jar:/home/runner/.m2/repository/io/netty/netty-transport/4.1.121.Final/netty-transport-4.1.121.Final.jar:/home/runner/.m2/repository/io/netty/netty-handler/4.1.121.Final/netty-handler-4.1.121.Final.jar:/home/runner/.m2/repository/io/netty/netty-transport-native-unix-common/4.1.121.Final/netty-transport-native-unix-common-4.1.121.Final.jar:/home/runner/.m2/repository/io/netty/netty-codec/4.1.121.Final/netty-codec-4.1.121.Final.jar:/home/runner/.m2/repository/io/netty/netty-handler-proxy/4.1.121.Final/netty-handler-proxy-4.1.121.Final.jar:/home/runner/.m2/repository/io/netty/netty-codec-socks/4.1.121.Final/netty-codec-socks-4.1.121.Final.jar:/home/runner/.m2/repository/io/netty/netty-codec-http/4.1.121.Final/netty-codec-http-4.1.121.Final.jar:/home/runner/.m2/repository/io/netty/netty-codec-http2/4.1.121.Final/netty-codec-http2-4.1.121.Final.jar:/home/runner/.m2/repository/io/netty/netty-resolver/4.1.121.Final/netty-resolver-4.1.121.Final.jar:/home/runner/.m2/repository/io/netty/netty-resolver-dns/4.1.121.Final/netty-resolver-dns-4.1.121.Final.jar:/home/runner/.m2/repository/io/netty/netty-codec-dns/4.1.121.Final/netty-codec-dns-4.1.121.Final.jar:/home/runner/.m2/repository/com/fasterxml/jackson/core/jackson-core/2.18.2/jackson-core-2.18.2.jar:"/>
    <property name="sun.cpu.endian" value="little"/>
    <property name="user.home" value="/home/runner"/>
    <property name="user.language" value="en"/>
    <property name="jboss.log-version" value="false"/>
    <property name="java.specification.vendor" value="Oracle Corporation"/>
    <property name="java.version.date" value="2025-07-15"/>
    <property name="java.home" value="/usr/lib/jvm/temurin-17-jdk-amd64"/>
    <property name="file.separator" value="/"/>
    <property name="basedir" value="/home/runner/work/apicurio-testing/apicurio-testing/clusters/ci419/namespaces/mysql/tests/integration/apicurio-registry/integration-tests"/>
    <property name="java.vm.compressedOopsMode" value="32-bit"/>
    <property name="line.separator" value="&#10;"/>
    <property name="java.specification.name" value="Java Platform API Specification"/>
    <property name="java.vm.specification.vendor" value="Oracle Corporation"/>
    <property name="quarkus.http.test-host" value="registry-app-mysql.apps.ci419.apicurio-testing.org"/>
    <property name="surefire.real.class.path" value="/home/runner/work/apicurio-testing/apicurio-testing/clusters/ci419/namespaces/mysql/tests/integration/apicurio-registry/integration-tests/target/surefire/surefirebooter-20250813182114250_3.jar"/>
    <property name="sun.management.compiler" value="HotSpot 64-Bit Tiered Compilers"/>
    <property name="org.eclipse.jetty.http.HttpGenerator.STRICT" value="true"/>
    <property name="java.runtime.version" value="17.0.16+8"/>
    <property name="user.name" value="runner"/>
    <property name="path.separator" value=":"/>
    <property name="os.version" value="6.8.0-1031-azure"/>
    <property name="java.runtime.name" value="OpenJDK Runtime Environment"/>
    <property name="file.encoding" value="UTF-8"/>
    <property name="jnidispatch.path" value="/home/runner/.cache/JNA/temp/jna2532670577482935430.tmp"/>
    <property name="java.vm.name" value="OpenJDK 64-Bit Server VM"/>
    <property name="jna.platform.library.path" value="/usr/lib/x86_64-linux-gnu:/lib/x86_64-linux-gnu:/usr/lib64:/lib64:/usr/lib:/lib:/lib32:/usr/local/lib:/usr/lib/x86_64-linux-gnu/libfakeroot"/>
    <property name="java.vendor.version" value="Temurin-17.0.16+8"/>
    <property name="quarkus.oidc.token-path" value="https://keycloak-mysql.apps.ci419.apicurio-testing.org/realms/registry/protocol/openid-connect/token"/>
    <property name="quarkus.http.host" value="registry-app-mysql.apps.ci419.apicurio-testing.org"/>
    <property name="localRepository" value="/home/runner/.m2/repository"/>
    <property name="javax.xml.xpath.XPathFactory:http://java.sun.com/jaxp/xpath/dom" value="com.sun.org.apache.xpath.internal.jaxp.XPathFactoryImpl"/>
    <property name="jna.loaded" value="true"/>
    <property name="java.vendor.url.bug" value="https://github.com/adoptium/adoptium-support/issues"/>
    <property name="jetty.git.hash" value="5bc5e562c8d05c5862505aebe5cf83a61bdbcb96"/>
    <property name="java.io.tmpdir" value="/tmp"/>
    <property name="quarkus.http.test-protocol" value="http"/>
    <property name="java.version" value="17.0.16"/>
    <property name="user.dir" value="/home/runner/work/apicurio-testing/apicurio-testing/clusters/ci419/namespaces/mysql/tests/integration/apicurio-registry/integration-tests"/>
    <property name="os.arch" value="amd64"/>
    <property name="groups" value="( smoke | serdes | acceptance | ui)"/>
    <property name="java.vm.specification.name" value="Java Virtual Machine Specification"/>
    <property name="native.encoding" value="UTF-8"/>
    <property name="java.util.logging.manager" value="org.jboss.logmanager.LogManager"/>
    <property name="java.library.path" value="/usr/java/packages/lib:/usr/lib64:/lib64:/lib:/usr/lib"/>
    <property name="jdk.console" value="java.base"/>
    <property name="java.vm.info" value="mixed mode, sharing"/>
    <property name="java.vendor" value="Eclipse Adoptium"/>
    <property name="java.vm.version" value="17.0.16+8"/>
    <property name="java.specification.maintenance.version" value="1"/>
    <property name="sun.io.unicode.encoding" value="UnicodeLittle"/>
    <property name="javax.xml.transform.TransformerFactory" value="com.sun.org.apache.xalan.internal.xsltc.trax.TransformerFactoryImpl"/>
    <property name="java.class.version" value="61.0"/>
  </properties>
  <testcase name="testGlobalIdInHeaders" classname="io.apicurio.tests.serdes.apicurio.AvroSerdeIT" time="6.245">
    <system-out><![CDATA[**** Registry Base URL: http://registry-app-mysql.apps.ci419.apicurio-testing.org:80
**** Registry Base URL: http://registry-app-mysql.apps.ci419.apicurio-testing.org:80
2025-08-13 18:21:28,298 INFO  [io.api.tes.ser.api.AvroSerdeIT] (main) RestAssured configured with http://registry-app-mysql.apps.ci419.apicurio-testing.org:80/apis/registry/v3
2025-08-13 18:21:28,459 INFO  [io.api.tes.uti.KafkaFacade] (main) Starting kafka container
2025-08-13 18:21:28,506 INFO  [org.tes.ima.PullPolicy] (main) Image pull policy will be performed by: DefaultPullPolicy()
2025-08-13 18:21:28,511 INFO  [org.tes.uti.ImageNameSubstitutor] (main) Image name substitution will be performed by: DefaultImageNameSubstitutor (composite of 'ConfigurationFileImageNameSubstitutor' and 'PrefixingImageNameSubstitutor')
2025-08-13 18:21:28,523 INFO  [org.tes.DockerClientFactory] (main) Testcontainers version: 1.20.6
2025-08-13 18:21:29,033 INFO  [org.tes.doc.DockerClientProviderStrategy] (main) Found Docker environment with local Unix socket (unix:///var/run/docker.sock)
2025-08-13 18:21:29,040 INFO  [org.tes.DockerClientFactory] (main) Docker host IP address is localhost
2025-08-13 18:21:29,061 INFO  [org.tes.DockerClientFactory] (main) Connected to docker: 
  Server Version: 28.0.4
  API Version: 1.48
  Operating System: Ubuntu 22.04.5 LTS
  Total Memory: 7944 MB
2025-08-13 18:21:29,099 INFO  [tc.tes.11.0] (main) Pulling docker image: testcontainers/ryuk:0.11.0. Please be patient; this may take some time but only needs to be done once.
2025-08-13 18:21:30,113 INFO  [tc.tes.11.0] (docker-java-stream--1295187651) Starting to pull image
2025-08-13 18:21:30,135 INFO  [tc.tes.11.0] (docker-java-stream--1295187651) Pulling image layers:  0 pending,  0 downloaded,  0 extracted, (0 bytes/0 bytes)
2025-08-13 18:21:30,630 INFO  [tc.tes.11.0] (docker-java-stream--1295187651) Pulling image layers:  2 pending,  1 downloaded,  0 extracted, (771 KB/? MB)
2025-08-13 18:21:30,706 INFO  [tc.tes.11.0] (docker-java-stream--1295187651) Pulling image layers:  1 pending,  2 downloaded,  0 extracted, (879 KB/? MB)
2025-08-13 18:21:30,750 INFO  [tc.tes.11.0] (docker-java-stream--1295187651) Pulling image layers:  0 pending,  3 downloaded,  0 extracted, (7 MB/10 MB)
2025-08-13 18:21:30,828 INFO  [tc.tes.11.0] (docker-java-stream--1295187651) Pulling image layers:  0 pending,  3 downloaded,  1 extracted, (10 MB/10 MB)
2025-08-13 18:21:31,809 INFO  [tc.tes.11.0] (docker-java-stream--1295187651) Pulling image layers:  0 pending,  3 downloaded,  2 extracted, (10 MB/10 MB)
2025-08-13 18:21:31,851 INFO  [tc.tes.11.0] (docker-java-stream--1295187651) Pulling image layers:  0 pending,  3 downloaded,  3 extracted, (10 MB/10 MB)
2025-08-13 18:21:31,859 INFO  [tc.tes.11.0] (docker-java-stream--1295187651) Pull complete. 3 layers, pulled in 1s (downloaded 10 MB at 10 MB/s)
2025-08-13 18:21:31,860 INFO  [tc.tes.11.0] (main) Image testcontainers/ryuk:0.11.0 pull took PT2.759903497S
2025-08-13 18:21:31,877 INFO  [tc.tes.11.0] (main) Creating container for image: testcontainers/ryuk:0.11.0
2025-08-13 18:21:31,953 INFO  [tc.tes.11.0] (main) Container testcontainers/ryuk:0.11.0 is starting: 79010c9762987b4d4ab2342571224ce51b0c74357ccde453cb0077c72bc1f4ac
2025-08-13 18:21:32,273 INFO  [tc.tes.11.0] (main) Container testcontainers/ryuk:0.11.0 started in PT0.396120558S
2025-08-13 18:21:32,279 INFO  [org.tes.uti.RyukResourceReaper] (main) Ryuk started - will monitor and terminate Testcontainers containers on JVM exit
2025-08-13 18:21:32,279 INFO  [org.tes.DockerClientFactory] (main) Checking the system...
2025-08-13 18:21:32,280 INFO  [org.tes.DockerClientFactory] (main) ✔︎ Docker server version should be at least 1.6.0
2025-08-13 18:21:32,284 INFO  [io.str.tes.con.KafkaVersionService] (main) Latest release of Kafka is:LogicalKafkaVersionEntity{version='4.0.0', image='quay.io/strimzi-test-container/test-container:0.111.0-kafka-4.0.0'}
2025-08-13 18:21:32,285 INFO  [io.str.tes.con.KafkaVersionService] (main) Latest release of Kafka is:LogicalKafkaVersionEntity{version='4.0.0', image='quay.io/strimzi-test-container/test-container:0.111.0-kafka-4.0.0'}
2025-08-13 18:21:32,285 INFO  [io.str.tes.con.KafkaVersionService] (main) No Kafka version specified. Using latest release: 4.0.0
2025-08-13 18:21:32,290 INFO  [tc.qua.io/.111.0-k.0.0] (main) Pulling docker image: quay.io/strimzi-test-container/test-container:0.111.0-kafka-4.0.0. Please be patient; this may take some time but only needs to be done once.
2025-08-13 18:21:33,516 INFO  [tc.qua.io/.111.0-k.0.0] (docker-java-stream--29267298) Starting to pull image
2025-08-13 18:21:33,517 INFO  [tc.qua.io/.111.0-k.0.0] (docker-java-stream--29267298) Pulling image layers:  0 pending,  0 downloaded,  0 extracted, (0 bytes/0 bytes)
2025-08-13 18:21:34,571 INFO  [tc.qua.io/.111.0-k.0.0] (docker-java-stream--29267298) Pulling image layers:  6 pending,  1 downloaded,  0 extracted, (3 MB/? MB)
2025-08-13 18:21:34,901 INFO  [tc.qua.io/.111.0-k.0.0] (docker-java-stream--29267298) Pulling image layers:  5 pending,  2 downloaded,  0 extracted, (43 MB/? MB)
2025-08-13 18:21:34,934 INFO  [tc.qua.io/.111.0-k.0.0] (docker-java-stream--29267298) Pulling image layers:  4 pending,  3 downloaded,  0 extracted, (48 MB/? MB)
2025-08-13 18:21:35,410 INFO  [tc.qua.io/.111.0-k.0.0] (docker-java-stream--29267298) Pulling image layers:  3 pending,  4 downloaded,  0 extracted, (68 MB/? MB)
2025-08-13 18:21:35,701 INFO  [tc.qua.io/.111.0-k.0.0] (docker-java-stream--29267298) Pulling image layers:  2 pending,  5 downloaded,  0 extracted, (89 MB/? MB)
2025-08-13 18:21:36,026 INFO  [tc.qua.io/.111.0-k.0.0] (docker-java-stream--29267298) Pulling image layers:  2 pending,  5 downloaded,  1 extracted, (106 MB/? MB)
2025-08-13 18:21:37,325 INFO  [tc.qua.io/.111.0-k.0.0] (docker-java-stream--29267298) Pulling image layers:  1 pending,  6 downloaded,  1 extracted, (174 MB/? MB)
2025-08-13 18:21:39,371 INFO  [tc.qua.io/.111.0-k.0.0] (docker-java-stream--29267298) Pulling image layers:  0 pending,  7 downloaded,  1 extracted, (242 MB/249 MB)
2025-08-13 18:21:39,864 INFO  [tc.qua.io/.111.0-k.0.0] (docker-java-stream--29267298) Pulling image layers:  0 pending,  7 downloaded,  2 extracted, (246 MB/249 MB)
2025-08-13 18:21:41,805 INFO  [tc.qua.io/.111.0-k.0.0] (docker-java-stream--29267298) Pulling image layers:  0 pending,  7 downloaded,  3 extracted, (246 MB/249 MB)
2025-08-13 18:21:41,823 INFO  [tc.qua.io/.111.0-k.0.0] (docker-java-stream--29267298) Pulling image layers:  0 pending,  7 downloaded,  4 extracted, (246 MB/249 MB)
2025-08-13 18:21:42,910 INFO  [tc.qua.io/.111.0-k.0.0] (docker-java-stream--29267298) Pulling image layers:  0 pending,  7 downloaded,  5 extracted, (249 MB/249 MB)
2025-08-13 18:21:42,947 INFO  [tc.qua.io/.111.0-k.0.0] (docker-java-stream--29267298) Pulling image layers:  0 pending,  7 downloaded,  6 extracted, (249 MB/249 MB)
2025-08-13 18:21:42,959 INFO  [tc.qua.io/.111.0-k.0.0] (docker-java-stream--29267298) Pulling image layers:  0 pending,  7 downloaded,  7 extracted, (249 MB/249 MB)
2025-08-13 18:21:42,967 INFO  [tc.qua.io/.111.0-k.0.0] (docker-java-stream--29267298) Pull complete. 7 layers, pulled in 9s (downloaded 249 MB at 27 MB/s)
2025-08-13 18:21:42,967 INFO  [tc.qua.io/.111.0-k.0.0] (main) Image quay.io/strimzi-test-container/test-container:0.111.0-kafka-4.0.0 pull took PT10.677153662S
2025-08-13 18:21:42,971 INFO  [tc.qua.io/.111.0-k.0.0] (main) Creating container for image: quay.io/strimzi-test-container/test-container:0.111.0-kafka-4.0.0
2025-08-13 18:21:43,045 INFO  [tc.qua.io/.111.0-k.0.0] (main) Container quay.io/strimzi-test-container/test-container:0.111.0-kafka-4.0.0 is starting: 61bed48ed7e217e2446212bfcc905f6ca6963d101548c0199db197eb8f955116
2025-08-13 18:21:43,208 INFO  [io.str.tes.con.StrimziKafkaContainer] (main) Mapped port: 32769
2025-08-13 18:21:43,209 WARN  [io.str.tes.con.StrimziKafkaContainer] (main) Node ID is not set. Using broker ID 0 as the default node ID.
2025-08-13 18:21:43,209 INFO  [io.str.tes.con.StrimziKafkaContainer] (main) This is all advertised listeners for Kafka PLAINTEXT://localhost:32769,BROKER1://172.18.0.2:9091,CONTROLLER://broker-0:9094
2025-08-13 18:21:43,234 INFO  [io.str.tes.con.StrimziKafkaContainer] (main) New `cluster.id` has been generated: qvRm5C5FS3SD7xP4bjB8Pg
2025-08-13 18:21:43,236 INFO  [io.str.tes.con.StrimziKafkaContainer] (main) Copying command to 'STARTER_SCRIPT' script.
2025-08-13 18:21:48,522 INFO  [tc.qua.io/.111.0-k.0.0] (main) Container quay.io/strimzi-test-container/test-container:0.111.0-kafka-4.0.0 started in PT5.550967082S
2025-08-13 18:21:48,525 INFO  [io.api.tes.uti.TestSeparator] (main) ############################################################################
2025-08-13 18:21:48,525 INFO  [io.api.tes.uti.TestSeparator] (main) io.apicurio.tests.serdes.apicurio.AvroSerdeIT.testGlobalIdInHeaders-STARTED
2025-08-13 18:21:48,535 INFO  [org.apa.kaf.cli.adm.AdminClientConfig] (main) AdminClientConfig values: 
	auto.include.jmx.reporter = true
	bootstrap.controllers = []
	bootstrap.servers = [PLAINTEXT://localhost:32769]
	client.dns.lookup = use_all_dns_ips
	client.id = 
	connections.max.idle.ms = 10000
	default.api.timeout.ms = 60000
	enable.metrics.push = true
	metadata.max.age.ms = 300000
	metadata.recovery.strategy = none
	metric.reporters = []
	metrics.num.samples = 2
	metrics.recording.level = INFO
	metrics.sample.window.ms = 30000
	receive.buffer.bytes = 65536
	reconnect.backoff.max.ms = 1000
	reconnect.backoff.ms = 50
	request.timeout.ms = 5000
	retries = 2147483647
	retry.backoff.max.ms = 1000
	retry.backoff.ms = 100
	sasl.client.callback.handler.class = null
	sasl.jaas.config = null
	sasl.kerberos.kinit.cmd = /usr/bin/kinit
	sasl.kerberos.min.time.before.relogin = 60000
	sasl.kerberos.service.name = null
	sasl.kerberos.ticket.renew.jitter = 0.05
	sasl.kerberos.ticket.renew.window.factor = 0.8
	sasl.login.callback.handler.class = null
	sasl.login.class = null
	sasl.login.connect.timeout.ms = null
	sasl.login.read.timeout.ms = null
	sasl.login.refresh.buffer.seconds = 300
	sasl.login.refresh.min.period.seconds = 60
	sasl.login.refresh.window.factor = 0.8
	sasl.login.refresh.window.jitter = 0.05
	sasl.login.retry.backoff.max.ms = 10000
	sasl.login.retry.backoff.ms = 100
	sasl.mechanism = GSSAPI
	sasl.oauthbearer.clock.skew.seconds = 30
	sasl.oauthbearer.expected.audience = null
	sasl.oauthbearer.expected.issuer = null
	sasl.oauthbearer.header.urlencode = false
	sasl.oauthbearer.jwks.endpoint.refresh.ms = 3600000
	sasl.oauthbearer.jwks.endpoint.retry.backoff.max.ms = 10000
	sasl.oauthbearer.jwks.endpoint.retry.backoff.ms = 100
	sasl.oauthbearer.jwks.endpoint.url = null
	sasl.oauthbearer.scope.claim.name = scope
	sasl.oauthbearer.sub.claim.name = sub
	sasl.oauthbearer.token.endpoint.url = null
	security.protocol = PLAINTEXT
	security.providers = null
	send.buffer.bytes = 131072
	socket.connection.setup.timeout.max.ms = 30000
	socket.connection.setup.timeout.ms = 10000
	ssl.cipher.suites = null
	ssl.enabled.protocols = [TLSv1.2, TLSv1.3]
	ssl.endpoint.identification.algorithm = https
	ssl.engine.factory.class = null
	ssl.key.password = null
	ssl.keymanager.algorithm = SunX509
	ssl.keystore.certificate.chain = null
	ssl.keystore.key = null
	ssl.keystore.location = null
	ssl.keystore.password = null
	ssl.keystore.type = JKS
	ssl.protocol = TLSv1.3
	ssl.provider = null
	ssl.secure.random.implementation = null
	ssl.trustmanager.algorithm = PKIX
	ssl.truststore.certificates = null
	ssl.truststore.location = null
	ssl.truststore.password = null
	ssl.truststore.type = JKS

2025-08-13 18:21:48,826 INFO  [org.apa.kaf.com.uti.AppInfoParser] (main) Kafka version: 3.9.1
2025-08-13 18:21:48,827 INFO  [org.apa.kaf.com.uti.AppInfoParser] (main) Kafka commitId: f745dfdcee2b9851
2025-08-13 18:21:48,827 INFO  [org.apa.kaf.com.uti.AppInfoParser] (main) Kafka startTimeMs: 1755109308824
**** Registry Base URL: http://registry-app-mysql.apps.ci419.apicurio-testing.org:80
2025-08-13 18:21:48,869 INFO  [org.apa.kaf.cli.pro.ProducerConfig] (main) ProducerConfig values: 
	acks = -1
	auto.include.jmx.reporter = true
	batch.size = 16384
	bootstrap.servers = [PLAINTEXT://localhost:32769]
	buffer.memory = 33554432
	client.dns.lookup = use_all_dns_ips
	client.id = Producer-topic-9d9d45a7_5489_403c_9459_fb2ae700d02c
	compression.gzip.level = -1
	compression.lz4.level = 9
	compression.type = none
	compression.zstd.level = 3
	connections.max.idle.ms = 10000
	delivery.timeout.ms = 120000
	enable.idempotence = true
	enable.metrics.push = true
	interceptor.classes = []
	key.serializer = class org.apache.kafka.common.serialization.StringSerializer
	linger.ms = 0
	max.block.ms = 60000
	max.in.flight.requests.per.connection = 5
	max.request.size = 1048576
	metadata.max.age.ms = 300000
	metadata.max.idle.ms = 300000
	metadata.recovery.strategy = none
	metric.reporters = []
	metrics.num.samples = 2
	metrics.recording.level = INFO
	metrics.sample.window.ms = 30000
	partitioner.adaptive.partitioning.enable = true
	partitioner.availability.timeout.ms = 0
	partitioner.class = null
	partitioner.ignore.keys = false
	receive.buffer.bytes = 32768
	reconnect.backoff.max.ms = 1000
	reconnect.backoff.ms = 50
	request.timeout.ms = 5000
	retries = 2147483647
	retry.backoff.max.ms = 1000
	retry.backoff.ms = 100
	sasl.client.callback.handler.class = null
	sasl.jaas.config = null
	sasl.kerberos.kinit.cmd = /usr/bin/kinit
	sasl.kerberos.min.time.before.relogin = 60000
	sasl.kerberos.service.name = null
	sasl.kerberos.ticket.renew.jitter = 0.05
	sasl.kerberos.ticket.renew.window.factor = 0.8
	sasl.login.callback.handler.class = null
	sasl.login.class = null
	sasl.login.connect.timeout.ms = null
	sasl.login.read.timeout.ms = null
	sasl.login.refresh.buffer.seconds = 300
	sasl.login.refresh.min.period.seconds = 60
	sasl.login.refresh.window.factor = 0.8
	sasl.login.refresh.window.jitter = 0.05
	sasl.login.retry.backoff.max.ms = 10000
	sasl.login.retry.backoff.ms = 100
	sasl.mechanism = GSSAPI
	sasl.oauthbearer.clock.skew.seconds = 30
	sasl.oauthbearer.expected.audience = null
	sasl.oauthbearer.expected.issuer = null
	sasl.oauthbearer.header.urlencode = false
	sasl.oauthbearer.jwks.endpoint.refresh.ms = 3600000
	sasl.oauthbearer.jwks.endpoint.retry.backoff.max.ms = 10000
	sasl.oauthbearer.jwks.endpoint.retry.backoff.ms = 100
	sasl.oauthbearer.jwks.endpoint.url = null
	sasl.oauthbearer.scope.claim.name = scope
	sasl.oauthbearer.sub.claim.name = sub
	sasl.oauthbearer.token.endpoint.url = null
	security.protocol = PLAINTEXT
	security.providers = null
	send.buffer.bytes = 131072
	socket.connection.setup.timeout.max.ms = 30000
	socket.connection.setup.timeout.ms = 10000
	ssl.cipher.suites = null
	ssl.enabled.protocols = [TLSv1.2, TLSv1.3]
	ssl.endpoint.identification.algorithm = https
	ssl.engine.factory.class = null
	ssl.key.password = null
	ssl.keymanager.algorithm = SunX509
	ssl.keystore.certificate.chain = null
	ssl.keystore.key = null
	ssl.keystore.location = null
	ssl.keystore.password = null
	ssl.keystore.type = JKS
	ssl.protocol = TLSv1.3
	ssl.provider = null
	ssl.secure.random.implementation = null
	ssl.trustmanager.algorithm = PKIX
	ssl.truststore.certificates = null
	ssl.truststore.location = null
	ssl.truststore.password = null
	ssl.truststore.type = JKS
	transaction.timeout.ms = 60000
	transactional.id = null
	value.serializer = class io.apicurio.registry.serde.avro.AvroKafkaSerializer

2025-08-13 18:21:48,904 INFO  [org.apa.kaf.com.tel.int.KafkaMetricsCollector] (main) initializing Kafka metrics collector
2025-08-13 18:21:48,930 INFO  [org.apa.kaf.cli.pro.KafkaProducer] (main) [Producer clientId=Producer-topic-9d9d45a7_5489_403c_9459_fb2ae700d02c] Instantiated an idempotent producer.
2025-08-13 18:21:48,970 INFO  [org.apa.kaf.cli.pro.ProducerConfig] (main) These configurations '[apicurio.registry.url, apicurio.registry.auto-register, apicurio.registry.use-id, apicurio.registry.artifact-resolver-strategy]' were supplied but are not used yet.
2025-08-13 18:21:48,970 INFO  [org.apa.kaf.com.uti.AppInfoParser] (main) Kafka version: 3.9.1
2025-08-13 18:21:48,971 INFO  [org.apa.kaf.com.uti.AppInfoParser] (main) Kafka commitId: f745dfdcee2b9851
2025-08-13 18:21:48,971 INFO  [org.apa.kaf.com.uti.AppInfoParser] (main) Kafka startTimeMs: 1755109308970
2025-08-13 18:21:48,971 INFO  [io.api.tes.ser.api.SimpleSerdesTesterBuilder$SimpleSerdesTester] (main) Using producer configuration: {apicurio.registry.url=http://registry-app-mysql.apps.ci419.apicurio-testing.org:80/apis/registry/v3, apicurio.registry.auto-register=true, apicurio.registry.use-id=globalId, apicurio.registry.artifact-resolver-strategy=io.apicurio.registry.serde.strategy.TopicIdStrategy, value.serializer=io.apicurio.registry.serde.avro.AvroKafkaSerializer, request.timeout.ms=5000, acks=all, bootstrap.servers=PLAINTEXT://localhost:32769, connections.max.idle.ms=10000, key.serializer=org.apache.kafka.common.serialization.StringSerializer, client.id=Producer-topic-9d9d45a7_5489_403c_9459_fb2ae700d02c}
2025-08-13 18:21:48,971 INFO  [io.api.tes.ser.api.SimpleSerdesTesterBuilder$SimpleSerdesTester] (main) Using consumer configuration: {apicurio.registry.use-id=globalId}
2025-08-13 18:21:48,977 INFO  [io.api.tes.ser.api.KafkaSerdesTester] (Thread-600) Sending message {"key11755109308849": "value-0"} to topic topic-9d9d45a7_5489_403c_9459_fb2ae700d02c
2025-08-13 18:21:49,355 WARN  [org.apa.kaf.cli.NetworkClient] (kafka-producer-network-thread | Producer-topic-9d9d45a7_5489_403c_9459_fb2ae700d02c) [Producer clientId=Producer-topic-9d9d45a7_5489_403c_9459_fb2ae700d02c] The metadata response from the cluster reported a recoverable issue with correlation id 1 : {topic-9d9d45a7_5489_403c_9459_fb2ae700d02c=UNKNOWN_TOPIC_OR_PARTITION}
2025-08-13 18:21:49,361 INFO  [org.apa.kaf.cli.Metadata] (kafka-producer-network-thread | Producer-topic-9d9d45a7_5489_403c_9459_fb2ae700d02c) [Producer clientId=Producer-topic-9d9d45a7_5489_403c_9459_fb2ae700d02c] Cluster ID: qvRm5C5FS3SD7xP4bjB8Pg
2025-08-13 18:21:49,478 INFO  [org.apa.kaf.cli.pro.int.TransactionManager] (kafka-producer-network-thread | Producer-topic-9d9d45a7_5489_403c_9459_fb2ae700d02c) [Producer clientId=Producer-topic-9d9d45a7_5489_403c_9459_fb2ae700d02c] ProducerId set to 0 with epoch 0
2025-08-13 18:21:49,760 INFO  [io.api.tes.ser.api.KafkaSerdesTester] (Thread-600) Sending message {"key11755109308849": "value-1"} to topic topic-9d9d45a7_5489_403c_9459_fb2ae700d02c
2025-08-13 18:21:49,769 INFO  [io.api.tes.ser.api.KafkaSerdesTester] (Thread-600) Sending message {"key11755109308849": "value-2"} to topic topic-9d9d45a7_5489_403c_9459_fb2ae700d02c
2025-08-13 18:21:49,778 INFO  [io.api.tes.ser.api.KafkaSerdesTester] (Thread-600) Sending message {"key11755109308849": "value-3"} to topic topic-9d9d45a7_5489_403c_9459_fb2ae700d02c
2025-08-13 18:21:49,785 INFO  [io.api.tes.ser.api.KafkaSerdesTester] (Thread-600) Sending message {"key11755109308849": "value-4"} to topic topic-9d9d45a7_5489_403c_9459_fb2ae700d02c
2025-08-13 18:21:49,792 INFO  [io.api.tes.ser.api.KafkaSerdesTester] (Thread-600) Sending message {"key11755109308849": "value-5"} to topic topic-9d9d45a7_5489_403c_9459_fb2ae700d02c
2025-08-13 18:21:49,797 INFO  [io.api.tes.ser.api.KafkaSerdesTester] (Thread-600) Sending message {"key11755109308849": "value-6"} to topic topic-9d9d45a7_5489_403c_9459_fb2ae700d02c
2025-08-13 18:21:49,804 INFO  [io.api.tes.ser.api.KafkaSerdesTester] (Thread-600) Sending message {"key11755109308849": "value-7"} to topic topic-9d9d45a7_5489_403c_9459_fb2ae700d02c
2025-08-13 18:21:49,809 INFO  [io.api.tes.ser.api.KafkaSerdesTester] (Thread-600) Sending message {"key11755109308849": "value-8"} to topic topic-9d9d45a7_5489_403c_9459_fb2ae700d02c
2025-08-13 18:21:49,813 INFO  [io.api.tes.ser.api.KafkaSerdesTester] (Thread-600) Sending message {"key11755109308849": "value-9"} to topic topic-9d9d45a7_5489_403c_9459_fb2ae700d02c
2025-08-13 18:21:49,821 INFO  [io.api.tes.ser.api.KafkaSerdesTester] (Thread-600) Produced 10 messages
2025-08-13 18:21:49,822 INFO  [org.apa.kaf.cli.pro.KafkaProducer] (Thread-600) [Producer clientId=Producer-topic-9d9d45a7_5489_403c_9459_fb2ae700d02c] Closing the Kafka producer with timeoutMillis = 9223372036854775807 ms.
2025-08-13 18:21:49,837 INFO  [org.apa.kaf.com.met.Metrics] (Thread-600) Metrics scheduler closed
2025-08-13 18:21:49,838 INFO  [org.apa.kaf.com.met.Metrics] (Thread-600) Closing reporter org.apache.kafka.common.metrics.JmxReporter
2025-08-13 18:21:49,838 INFO  [org.apa.kaf.com.met.Metrics] (Thread-600) Closing reporter org.apache.kafka.common.telemetry.internals.ClientTelemetryReporter
2025-08-13 18:21:49,838 INFO  [org.apa.kaf.com.met.Metrics] (Thread-600) Metrics reporters closed
2025-08-13 18:21:49,839 INFO  [org.apa.kaf.com.uti.AppInfoParser] (Thread-600) App info kafka.producer for Producer-topic-9d9d45a7_5489_403c_9459_fb2ae700d02c unregistered
**** Registry Base URL: http://registry-app-mysql.apps.ci419.apicurio-testing.org:80
2025-08-13 18:21:50,031 INFO  [org.apa.kaf.cli.con.ConsumerConfig] (main) ConsumerConfig values: 
	allow.auto.create.topics = true
	auto.commit.interval.ms = 500
	auto.include.jmx.reporter = true
	auto.offset.reset = earliest
	bootstrap.servers = [PLAINTEXT://localhost:32769]
	check.crcs = true
	client.dns.lookup = use_all_dns_ips
	client.id = consumer-Consumer-topic-9d9d45a7_5489_403c_9459_fb2ae700d02c-1
	client.rack = 
	connections.max.idle.ms = 10000
	default.api.timeout.ms = 60000
	enable.auto.commit = true
	enable.metrics.push = true
	exclude.internal.topics = true
	fetch.max.bytes = 52428800
	fetch.max.wait.ms = 500
	fetch.min.bytes = 1
	group.id = Consumer-topic-9d9d45a7_5489_403c_9459_fb2ae700d02c
	group.instance.id = null
	group.protocol = classic
	group.remote.assignor = null
	heartbeat.interval.ms = 3000
	interceptor.classes = []
	internal.leave.group.on.close = true
	internal.throw.on.fetch.stable.offset.unsupported = false
	isolation.level = read_uncommitted
	key.deserializer = class org.apache.kafka.common.serialization.StringDeserializer
	max.partition.fetch.bytes = 1048576
	max.poll.interval.ms = 300000
	max.poll.records = 500
	metadata.max.age.ms = 300000
	metadata.recovery.strategy = none
	metric.reporters = []
	metrics.num.samples = 2
	metrics.recording.level = INFO
	metrics.sample.window.ms = 30000
	partition.assignment.strategy = [class org.apache.kafka.clients.consumer.RangeAssignor, class org.apache.kafka.clients.consumer.CooperativeStickyAssignor]
	receive.buffer.bytes = 65536
	reconnect.backoff.max.ms = 1000
	reconnect.backoff.ms = 50
	request.timeout.ms = 5000
	retry.backoff.max.ms = 1000
	retry.backoff.ms = 100
	sasl.client.callback.handler.class = null
	sasl.jaas.config = null
	sasl.kerberos.kinit.cmd = /usr/bin/kinit
	sasl.kerberos.min.time.before.relogin = 60000
	sasl.kerberos.service.name = null
	sasl.kerberos.ticket.renew.jitter = 0.05
	sasl.kerberos.ticket.renew.window.factor = 0.8
	sasl.login.callback.handler.class = null
	sasl.login.class = null
	sasl.login.connect.timeout.ms = null
	sasl.login.read.timeout.ms = null
	sasl.login.refresh.buffer.seconds = 300
	sasl.login.refresh.min.period.seconds = 60
	sasl.login.refresh.window.factor = 0.8
	sasl.login.refresh.window.jitter = 0.05
	sasl.login.retry.backoff.max.ms = 10000
	sasl.login.retry.backoff.ms = 100
	sasl.mechanism = GSSAPI
	sasl.oauthbearer.clock.skew.seconds = 30
	sasl.oauthbearer.expected.audience = null
	sasl.oauthbearer.expected.issuer = null
	sasl.oauthbearer.header.urlencode = false
	sasl.oauthbearer.jwks.endpoint.refresh.ms = 3600000
	sasl.oauthbearer.jwks.endpoint.retry.backoff.max.ms = 10000
	sasl.oauthbearer.jwks.endpoint.retry.backoff.ms = 100
	sasl.oauthbearer.jwks.endpoint.url = null
	sasl.oauthbearer.scope.claim.name = scope
	sasl.oauthbearer.sub.claim.name = sub
	sasl.oauthbearer.token.endpoint.url = null
	security.protocol = PLAINTEXT
	security.providers = null
	send.buffer.bytes = 131072
	session.timeout.ms = 45000
	socket.connection.setup.timeout.max.ms = 30000
	socket.connection.setup.timeout.ms = 10000
	ssl.cipher.suites = null
	ssl.enabled.protocols = [TLSv1.2, TLSv1.3]
	ssl.endpoint.identification.algorithm = https
	ssl.engine.factory.class = null
	ssl.key.password = null
	ssl.keymanager.algorithm = SunX509
	ssl.keystore.certificate.chain = null
	ssl.keystore.key = null
	ssl.keystore.location = null
	ssl.keystore.password = null
	ssl.keystore.type = JKS
	ssl.protocol = TLSv1.3
	ssl.provider = null
	ssl.secure.random.implementation = null
	ssl.trustmanager.algorithm = PKIX
	ssl.truststore.certificates = null
	ssl.truststore.location = null
	ssl.truststore.password = null
	ssl.truststore.type = JKS
	value.deserializer = class io.apicurio.registry.serde.avro.AvroKafkaDeserializer

2025-08-13 18:21:50,040 INFO  [org.apa.kaf.com.tel.int.KafkaMetricsCollector] (main) initializing Kafka metrics collector
2025-08-13 18:21:50,089 INFO  [org.apa.kaf.cli.con.ConsumerConfig] (main) These configurations '[apicurio.registry.url, apicurio.registry.use-id]' were supplied but are not used yet.
2025-08-13 18:21:50,089 INFO  [org.apa.kaf.com.uti.AppInfoParser] (main) Kafka version: 3.9.1
2025-08-13 18:21:50,089 INFO  [org.apa.kaf.com.uti.AppInfoParser] (main) Kafka commitId: f745dfdcee2b9851
2025-08-13 18:21:50,090 INFO  [org.apa.kaf.com.uti.AppInfoParser] (main) Kafka startTimeMs: 1755109310089
2025-08-13 18:21:50,093 INFO  [org.apa.kaf.cli.con.int.ClassicKafkaConsumer] (Thread-603) [Consumer clientId=consumer-Consumer-topic-9d9d45a7_5489_403c_9459_fb2ae700d02c-1, groupId=Consumer-topic-9d9d45a7_5489_403c_9459_fb2ae700d02c] Subscribed to topic(s): topic-9d9d45a7_5489_403c_9459_fb2ae700d02c
2025-08-13 18:21:50,106 INFO  [org.apa.kaf.cli.Metadata] (Thread-603) [Consumer clientId=consumer-Consumer-topic-9d9d45a7_5489_403c_9459_fb2ae700d02c-1, groupId=Consumer-topic-9d9d45a7_5489_403c_9459_fb2ae700d02c] Cluster ID: qvRm5C5FS3SD7xP4bjB8Pg
2025-08-13 18:21:50,261 INFO  [org.apa.kaf.cli.con.int.ConsumerCoordinator] (Thread-603) [Consumer clientId=consumer-Consumer-topic-9d9d45a7_5489_403c_9459_fb2ae700d02c-1, groupId=Consumer-topic-9d9d45a7_5489_403c_9459_fb2ae700d02c] Discovered group coordinator localhost:32769 (id: 2147483647 rack: null)
2025-08-13 18:21:50,281 INFO  [org.apa.kaf.cli.con.int.ConsumerCoordinator] (Thread-603) [Consumer clientId=consumer-Consumer-topic-9d9d45a7_5489_403c_9459_fb2ae700d02c-1, groupId=Consumer-topic-9d9d45a7_5489_403c_9459_fb2ae700d02c] (Re-)joining group
2025-08-13 18:21:50,317 INFO  [org.apa.kaf.cli.con.int.ConsumerCoordinator] (Thread-603) [Consumer clientId=consumer-Consumer-topic-9d9d45a7_5489_403c_9459_fb2ae700d02c-1, groupId=Consumer-topic-9d9d45a7_5489_403c_9459_fb2ae700d02c] Group coordinator localhost:32769 (id: 2147483647 rack: null) is unavailable or invalid due to cause: error response NOT_COORDINATOR. isDisconnected: false. Rediscovery will be attempted.
2025-08-13 18:21:50,317 INFO  [org.apa.kaf.cli.con.int.ConsumerCoordinator] (Thread-603) [Consumer clientId=consumer-Consumer-topic-9d9d45a7_5489_403c_9459_fb2ae700d02c-1, groupId=Consumer-topic-9d9d45a7_5489_403c_9459_fb2ae700d02c] Requesting disconnect from last known coordinator localhost:32769 (id: 2147483647 rack: null)
2025-08-13 18:21:50,318 INFO  [org.apa.kaf.cli.con.int.ConsumerCoordinator] (Thread-603) [Consumer clientId=consumer-Consumer-topic-9d9d45a7_5489_403c_9459_fb2ae700d02c-1, groupId=Consumer-topic-9d9d45a7_5489_403c_9459_fb2ae700d02c] JoinGroup failed: This is not the correct coordinator. Marking coordinator unknown. Sent generation was Generation{generationId=-1, memberId='', protocol='null'}
2025-08-13 18:21:50,318 INFO  [org.apa.kaf.cli.NetworkClient] (Thread-603) [Consumer clientId=consumer-Consumer-topic-9d9d45a7_5489_403c_9459_fb2ae700d02c-1, groupId=Consumer-topic-9d9d45a7_5489_403c_9459_fb2ae700d02c] Client requested disconnect from node 2147483647
2025-08-13 18:21:50,324 INFO  [org.apa.kaf.cli.con.int.ConsumerCoordinator] (Thread-603) [Consumer clientId=consumer-Consumer-topic-9d9d45a7_5489_403c_9459_fb2ae700d02c-1, groupId=Consumer-topic-9d9d45a7_5489_403c_9459_fb2ae700d02c] Discovered group coordinator localhost:32769 (id: 2147483647 rack: null)
2025-08-13 18:21:50,325 INFO  [org.apa.kaf.cli.con.int.ConsumerCoordinator] (Thread-603) [Consumer clientId=consumer-Consumer-topic-9d9d45a7_5489_403c_9459_fb2ae700d02c-1, groupId=Consumer-topic-9d9d45a7_5489_403c_9459_fb2ae700d02c] Group coordinator localhost:32769 (id: 2147483647 rack: null) is unavailable or invalid due to cause: coordinator unavailable. isDisconnected: false. Rediscovery will be attempted.
2025-08-13 18:21:50,325 INFO  [org.apa.kaf.cli.con.int.ConsumerCoordinator] (Thread-603) [Consumer clientId=consumer-Consumer-topic-9d9d45a7_5489_403c_9459_fb2ae700d02c-1, groupId=Consumer-topic-9d9d45a7_5489_403c_9459_fb2ae700d02c] Requesting disconnect from last known coordinator localhost:32769 (id: 2147483647 rack: null)
2025-08-13 18:21:50,443 INFO  [org.apa.kaf.cli.con.int.ConsumerCoordinator] (Thread-603) [Consumer clientId=consumer-Consumer-topic-9d9d45a7_5489_403c_9459_fb2ae700d02c-1, groupId=Consumer-topic-9d9d45a7_5489_403c_9459_fb2ae700d02c] Discovered group coordinator localhost:32769 (id: 2147483647 rack: null)
2025-08-13 18:21:50,444 INFO  [org.apa.kaf.cli.con.int.ConsumerCoordinator] (Thread-603) [Consumer clientId=consumer-Consumer-topic-9d9d45a7_5489_403c_9459_fb2ae700d02c-1, groupId=Consumer-topic-9d9d45a7_5489_403c_9459_fb2ae700d02c] Request joining group due to: rebalance failed due to 'This is not the correct coordinator.' (NotCoordinatorException)
2025-08-13 18:21:50,445 INFO  [org.apa.kaf.cli.con.int.ConsumerCoordinator] (Thread-603) [Consumer clientId=consumer-Consumer-topic-9d9d45a7_5489_403c_9459_fb2ae700d02c-1, groupId=Consumer-topic-9d9d45a7_5489_403c_9459_fb2ae700d02c] (Re-)joining group
2025-08-13 18:21:50,455 INFO  [org.apa.kaf.cli.con.int.ConsumerCoordinator] (Thread-603) [Consumer clientId=consumer-Consumer-topic-9d9d45a7_5489_403c_9459_fb2ae700d02c-1, groupId=Consumer-topic-9d9d45a7_5489_403c_9459_fb2ae700d02c] Group coordinator localhost:32769 (id: 2147483647 rack: null) is unavailable or invalid due to cause: error response NOT_COORDINATOR. isDisconnected: false. Rediscovery will be attempted.
2025-08-13 18:21:50,456 INFO  [org.apa.kaf.cli.con.int.ConsumerCoordinator] (Thread-603) [Consumer clientId=consumer-Consumer-topic-9d9d45a7_5489_403c_9459_fb2ae700d02c-1, groupId=Consumer-topic-9d9d45a7_5489_403c_9459_fb2ae700d02c] Requesting disconnect from last known coordinator localhost:32769 (id: 2147483647 rack: null)
2025-08-13 18:21:50,456 INFO  [org.apa.kaf.cli.con.int.ConsumerCoordinator] (Thread-603) [Consumer clientId=consumer-Consumer-topic-9d9d45a7_5489_403c_9459_fb2ae700d02c-1, groupId=Consumer-topic-9d9d45a7_5489_403c_9459_fb2ae700d02c] JoinGroup failed: This is not the correct coordinator. Marking coordinator unknown. Sent generation was Generation{generationId=-1, memberId='', protocol='null'}
2025-08-13 18:21:50,457 INFO  [org.apa.kaf.cli.NetworkClient] (Thread-603) [Consumer clientId=consumer-Consumer-topic-9d9d45a7_5489_403c_9459_fb2ae700d02c-1, groupId=Consumer-topic-9d9d45a7_5489_403c_9459_fb2ae700d02c] Client requested disconnect from node 2147483647
2025-08-13 18:21:50,460 INFO  [org.apa.kaf.cli.con.int.ConsumerCoordinator] (Thread-603) [Consumer clientId=consumer-Consumer-topic-9d9d45a7_5489_403c_9459_fb2ae700d02c-1, groupId=Consumer-topic-9d9d45a7_5489_403c_9459_fb2ae700d02c] Discovered group coordinator localhost:32769 (id: 2147483647 rack: null)
2025-08-13 18:21:50,461 INFO  [org.apa.kaf.cli.con.int.ConsumerCoordinator] (Thread-603) [Consumer clientId=consumer-Consumer-topic-9d9d45a7_5489_403c_9459_fb2ae700d02c-1, groupId=Consumer-topic-9d9d45a7_5489_403c_9459_fb2ae700d02c] Group coordinator localhost:32769 (id: 2147483647 rack: null) is unavailable or invalid due to cause: coordinator unavailable. isDisconnected: false. Rediscovery will be attempted.
2025-08-13 18:21:50,461 INFO  [org.apa.kaf.cli.con.int.ConsumerCoordinator] (Thread-603) [Consumer clientId=consumer-Consumer-topic-9d9d45a7_5489_403c_9459_fb2ae700d02c-1, groupId=Consumer-topic-9d9d45a7_5489_403c_9459_fb2ae700d02c] Requesting disconnect from last known coordinator localhost:32769 (id: 2147483647 rack: null)
2025-08-13 18:21:50,571 INFO  [org.apa.kaf.cli.con.int.ConsumerCoordinator] (Thread-603) [Consumer clientId=consumer-Consumer-topic-9d9d45a7_5489_403c_9459_fb2ae700d02c-1, groupId=Consumer-topic-9d9d45a7_5489_403c_9459_fb2ae700d02c] Discovered group coordinator localhost:32769 (id: 2147483647 rack: null)
2025-08-13 18:21:50,572 INFO  [org.apa.kaf.cli.con.int.ConsumerCoordinator] (Thread-603) [Consumer clientId=consumer-Consumer-topic-9d9d45a7_5489_403c_9459_fb2ae700d02c-1, groupId=Consumer-topic-9d9d45a7_5489_403c_9459_fb2ae700d02c] Request joining group due to: rebalance failed due to 'This is not the correct coordinator.' (NotCoordinatorException)
2025-08-13 18:21:50,572 INFO  [org.apa.kaf.cli.con.int.ConsumerCoordinator] (Thread-603) [Consumer clientId=consumer-Consumer-topic-9d9d45a7_5489_403c_9459_fb2ae700d02c-1, groupId=Consumer-topic-9d9d45a7_5489_403c_9459_fb2ae700d02c] (Re-)joining group
2025-08-13 18:21:50,586 INFO  [org.apa.kaf.cli.con.int.ConsumerCoordinator] (Thread-603) [Consumer clientId=consumer-Consumer-topic-9d9d45a7_5489_403c_9459_fb2ae700d02c-1, groupId=Consumer-topic-9d9d45a7_5489_403c_9459_fb2ae700d02c] Group coordinator localhost:32769 (id: 2147483647 rack: null) is unavailable or invalid due to cause: error response NOT_COORDINATOR. isDisconnected: false. Rediscovery will be attempted.
2025-08-13 18:21:50,586 INFO  [org.apa.kaf.cli.con.int.ConsumerCoordinator] (Thread-603) [Consumer clientId=consumer-Consumer-topic-9d9d45a7_5489_403c_9459_fb2ae700d02c-1, groupId=Consumer-topic-9d9d45a7_5489_403c_9459_fb2ae700d02c] Requesting disconnect from last known coordinator localhost:32769 (id: 2147483647 rack: null)
2025-08-13 18:21:50,586 INFO  [org.apa.kaf.cli.con.int.ConsumerCoordinator] (Thread-603) [Consumer clientId=consumer-Consumer-topic-9d9d45a7_5489_403c_9459_fb2ae700d02c-1, groupId=Consumer-topic-9d9d45a7_5489_403c_9459_fb2ae700d02c] JoinGroup failed: This is not the correct coordinator. Marking coordinator unknown. Sent generation was Generation{generationId=-1, memberId='', protocol='null'}
2025-08-13 18:21:50,586 INFO  [org.apa.kaf.cli.NetworkClient] (Thread-603) [Consumer clientId=consumer-Consumer-topic-9d9d45a7_5489_403c_9459_fb2ae700d02c-1, groupId=Consumer-topic-9d9d45a7_5489_403c_9459_fb2ae700d02c] Client requested disconnect from node 2147483647
2025-08-13 18:21:50,589 INFO  [org.apa.kaf.cli.con.int.ConsumerCoordinator] (Thread-603) [Consumer clientId=consumer-Consumer-topic-9d9d45a7_5489_403c_9459_fb2ae700d02c-1, groupId=Consumer-topic-9d9d45a7_5489_403c_9459_fb2ae700d02c] Discovered group coordinator localhost:32769 (id: 2147483647 rack: null)
2025-08-13 18:21:50,590 INFO  [org.apa.kaf.cli.con.int.ConsumerCoordinator] (Thread-603) [Consumer clientId=consumer-Consumer-topic-9d9d45a7_5489_403c_9459_fb2ae700d02c-1, groupId=Consumer-topic-9d9d45a7_5489_403c_9459_fb2ae700d02c] Group coordinator localhost:32769 (id: 2147483647 rack: null) is unavailable or invalid due to cause: coordinator unavailable. isDisconnected: false. Rediscovery will be attempted.
2025-08-13 18:21:50,590 INFO  [org.apa.kaf.cli.con.int.ConsumerCoordinator] (Thread-603) [Consumer clientId=consumer-Consumer-topic-9d9d45a7_5489_403c_9459_fb2ae700d02c-1, groupId=Consumer-topic-9d9d45a7_5489_403c_9459_fb2ae700d02c] Requesting disconnect from last known coordinator localhost:32769 (id: 2147483647 rack: null)
2025-08-13 18:21:50,714 INFO  [org.apa.kaf.cli.con.int.ConsumerCoordinator] (Thread-603) [Consumer clientId=consumer-Consumer-topic-9d9d45a7_5489_403c_9459_fb2ae700d02c-1, groupId=Consumer-topic-9d9d45a7_5489_403c_9459_fb2ae700d02c] Discovered group coordinator localhost:32769 (id: 2147483647 rack: null)
2025-08-13 18:21:50,716 INFO  [org.apa.kaf.cli.con.int.ConsumerCoordinator] (Thread-603) [Consumer clientId=consumer-Consumer-topic-9d9d45a7_5489_403c_9459_fb2ae700d02c-1, groupId=Consumer-topic-9d9d45a7_5489_403c_9459_fb2ae700d02c] Request joining group due to: rebalance failed due to 'This is not the correct coordinator.' (NotCoordinatorException)
2025-08-13 18:21:50,718 INFO  [org.apa.kaf.cli.con.int.ConsumerCoordinator] (Thread-603) [Consumer clientId=consumer-Consumer-topic-9d9d45a7_5489_403c_9459_fb2ae700d02c-1, groupId=Consumer-topic-9d9d45a7_5489_403c_9459_fb2ae700d02c] (Re-)joining group
2025-08-13 18:21:50,741 INFO  [org.apa.kaf.cli.con.int.ConsumerCoordinator] (Thread-603) [Consumer clientId=consumer-Consumer-topic-9d9d45a7_5489_403c_9459_fb2ae700d02c-1, groupId=Consumer-topic-9d9d45a7_5489_403c_9459_fb2ae700d02c] JoinGroup failed: Coordinator localhost:32769 (id: 2147483647 rack: null) is loading the group.
2025-08-13 18:21:50,741 INFO  [org.apa.kaf.cli.con.int.ConsumerCoordinator] (Thread-603) [Consumer clientId=consumer-Consumer-topic-9d9d45a7_5489_403c_9459_fb2ae700d02c-1, groupId=Consumer-topic-9d9d45a7_5489_403c_9459_fb2ae700d02c] Request joining group due to: rebalance failed due to 'The coordinator is loading and hence can't process requests.' (CoordinatorLoadInProgressException)
2025-08-13 18:21:50,842 INFO  [org.apa.kaf.cli.con.int.ConsumerCoordinator] (Thread-603) [Consumer clientId=consumer-Consumer-topic-9d9d45a7_5489_403c_9459_fb2ae700d02c-1, groupId=Consumer-topic-9d9d45a7_5489_403c_9459_fb2ae700d02c] (Re-)joining group
2025-08-13 18:21:50,849 INFO  [org.apa.kaf.cli.con.int.ConsumerCoordinator] (Thread-603) [Consumer clientId=consumer-Consumer-topic-9d9d45a7_5489_403c_9459_fb2ae700d02c-1, groupId=Consumer-topic-9d9d45a7_5489_403c_9459_fb2ae700d02c] Request joining group due to: need to re-join with the given member-id: consumer-Consumer-topic-9d9d45a7_5489_403c_9459_fb2ae700d02c-1-09a524c7-0927-4e33-8ead-b19ede54251a
2025-08-13 18:21:50,849 INFO  [org.apa.kaf.cli.con.int.ConsumerCoordinator] (Thread-603) [Consumer clientId=consumer-Consumer-topic-9d9d45a7_5489_403c_9459_fb2ae700d02c-1, groupId=Consumer-topic-9d9d45a7_5489_403c_9459_fb2ae700d02c] (Re-)joining group
2025-08-13 18:21:51,094 INFO  [io.api.tes.ser.api.KafkaSerdesTester] (Thread-603) None found
2025-08-13 18:21:52,095 INFO  [io.api.tes.ser.api.KafkaSerdesTester] (Thread-603) None found
2025-08-13 18:21:53,097 INFO  [io.api.tes.ser.api.KafkaSerdesTester] (Thread-603) None found
2025-08-13 18:21:53,866 INFO  [org.apa.kaf.cli.con.int.ConsumerCoordinator] (Thread-603) [Consumer clientId=consumer-Consumer-topic-9d9d45a7_5489_403c_9459_fb2ae700d02c-1, groupId=Consumer-topic-9d9d45a7_5489_403c_9459_fb2ae700d02c] Successfully joined group with generation Generation{generationId=1, memberId='consumer-Consumer-topic-9d9d45a7_5489_403c_9459_fb2ae700d02c-1-09a524c7-0927-4e33-8ead-b19ede54251a', protocol='range'}
2025-08-13 18:21:53,878 INFO  [org.apa.kaf.cli.con.int.ConsumerCoordinator] (Thread-603) [Consumer clientId=consumer-Consumer-topic-9d9d45a7_5489_403c_9459_fb2ae700d02c-1, groupId=Consumer-topic-9d9d45a7_5489_403c_9459_fb2ae700d02c] Finished assignment for group at generation 1: {consumer-Consumer-topic-9d9d45a7_5489_403c_9459_fb2ae700d02c-1-09a524c7-0927-4e33-8ead-b19ede54251a=Assignment(partitions=[topic-9d9d45a7_5489_403c_9459_fb2ae700d02c-0])}
2025-08-13 18:21:53,894 INFO  [org.apa.kaf.cli.con.int.ConsumerCoordinator] (Thread-603) [Consumer clientId=consumer-Consumer-topic-9d9d45a7_5489_403c_9459_fb2ae700d02c-1, groupId=Consumer-topic-9d9d45a7_5489_403c_9459_fb2ae700d02c] Successfully synced group in generation Generation{generationId=1, memberId='consumer-Consumer-topic-9d9d45a7_5489_403c_9459_fb2ae700d02c-1-09a524c7-0927-4e33-8ead-b19ede54251a', protocol='range'}
2025-08-13 18:21:53,894 INFO  [org.apa.kaf.cli.con.int.ConsumerCoordinator] (Thread-603) [Consumer clientId=consumer-Consumer-topic-9d9d45a7_5489_403c_9459_fb2ae700d02c-1, groupId=Consumer-topic-9d9d45a7_5489_403c_9459_fb2ae700d02c] Notifying assignor about the new Assignment(partitions=[topic-9d9d45a7_5489_403c_9459_fb2ae700d02c-0])
2025-08-13 18:21:53,898 INFO  [org.apa.kaf.cli.con.int.ConsumerRebalanceListenerInvoker] (Thread-603) [Consumer clientId=consumer-Consumer-topic-9d9d45a7_5489_403c_9459_fb2ae700d02c-1, groupId=Consumer-topic-9d9d45a7_5489_403c_9459_fb2ae700d02c] Adding newly assigned partitions: topic-9d9d45a7_5489_403c_9459_fb2ae700d02c-0
2025-08-13 18:21:53,913 INFO  [org.apa.kaf.cli.con.int.ConsumerCoordinator] (Thread-603) [Consumer clientId=consumer-Consumer-topic-9d9d45a7_5489_403c_9459_fb2ae700d02c-1, groupId=Consumer-topic-9d9d45a7_5489_403c_9459_fb2ae700d02c] Found no committed offset for partition topic-9d9d45a7_5489_403c_9459_fb2ae700d02c-0
2025-08-13 18:21:53,932 INFO  [org.apa.kaf.cli.con.int.SubscriptionState] (Thread-603) [Consumer clientId=consumer-Consumer-topic-9d9d45a7_5489_403c_9459_fb2ae700d02c-1, groupId=Consumer-topic-9d9d45a7_5489_403c_9459_fb2ae700d02c] Resetting offset for partition topic-9d9d45a7_5489_403c_9459_fb2ae700d02c-0 to position FetchPosition{offset=0, offsetEpoch=Optional.empty, currentLeader=LeaderAndEpoch{leader=Optional[localhost:32769 (id: 0 rack: null)], epoch=0}}.
2025-08-13 18:21:54,236 INFO  [io.api.tes.ser.api.KafkaSerdesTester] (Thread-603) topic-9d9d45a7_5489_403c_9459_fb2ae700d02c 0 0 {"key11755109308849": "value-0"}
2025-08-13 18:21:54,236 INFO  [io.api.tes.ser.api.KafkaSerdesTester] (Thread-603) topic-9d9d45a7_5489_403c_9459_fb2ae700d02c 0 1 {"key11755109308849": "value-1"}
2025-08-13 18:21:54,236 INFO  [io.api.tes.ser.api.KafkaSerdesTester] (Thread-603) topic-9d9d45a7_5489_403c_9459_fb2ae700d02c 0 2 {"key11755109308849": "value-2"}
2025-08-13 18:21:54,236 INFO  [io.api.tes.ser.api.KafkaSerdesTester] (Thread-603) topic-9d9d45a7_5489_403c_9459_fb2ae700d02c 0 3 {"key11755109308849": "value-3"}
2025-08-13 18:21:54,236 INFO  [io.api.tes.ser.api.KafkaSerdesTester] (Thread-603) topic-9d9d45a7_5489_403c_9459_fb2ae700d02c 0 4 {"key11755109308849": "value-4"}
2025-08-13 18:21:54,236 INFO  [io.api.tes.ser.api.KafkaSerdesTester] (Thread-603) topic-9d9d45a7_5489_403c_9459_fb2ae700d02c 0 5 {"key11755109308849": "value-5"}
2025-08-13 18:21:54,236 INFO  [io.api.tes.ser.api.KafkaSerdesTester] (Thread-603) topic-9d9d45a7_5489_403c_9459_fb2ae700d02c 0 6 {"key11755109308849": "value-6"}
2025-08-13 18:21:54,238 INFO  [io.api.tes.ser.api.KafkaSerdesTester] (Thread-603) topic-9d9d45a7_5489_403c_9459_fb2ae700d02c 0 7 {"key11755109308849": "value-7"}
2025-08-13 18:21:54,238 INFO  [io.api.tes.ser.api.KafkaSerdesTester] (Thread-603) topic-9d9d45a7_5489_403c_9459_fb2ae700d02c 0 8 {"key11755109308849": "value-8"}
2025-08-13 18:21:54,238 INFO  [io.api.tes.ser.api.KafkaSerdesTester] (Thread-603) topic-9d9d45a7_5489_403c_9459_fb2ae700d02c 0 9 {"key11755109308849": "value-9"}
2025-08-13 18:21:54,238 INFO  [io.api.tes.ser.api.KafkaSerdesTester] (Thread-603) Consumed 10 messages
2025-08-13 18:21:54,273 INFO  [org.apa.kaf.cli.con.int.ConsumerRebalanceListenerInvoker] (Thread-603) [Consumer clientId=consumer-Consumer-topic-9d9d45a7_5489_403c_9459_fb2ae700d02c-1, groupId=Consumer-topic-9d9d45a7_5489_403c_9459_fb2ae700d02c] Revoke previously assigned partitions topic-9d9d45a7_5489_403c_9459_fb2ae700d02c-0
2025-08-13 18:21:54,273 INFO  [org.apa.kaf.cli.con.int.ConsumerCoordinator] (Thread-603) [Consumer clientId=consumer-Consumer-topic-9d9d45a7_5489_403c_9459_fb2ae700d02c-1, groupId=Consumer-topic-9d9d45a7_5489_403c_9459_fb2ae700d02c] Member consumer-Consumer-topic-9d9d45a7_5489_403c_9459_fb2ae700d02c-1-09a524c7-0927-4e33-8ead-b19ede54251a sending LeaveGroup request to coordinator localhost:32769 (id: 2147483647 rack: null) due to the consumer is being closed
2025-08-13 18:21:54,278 INFO  [org.apa.kaf.cli.con.int.ConsumerCoordinator] (Thread-603) [Consumer clientId=consumer-Consumer-topic-9d9d45a7_5489_403c_9459_fb2ae700d02c-1, groupId=Consumer-topic-9d9d45a7_5489_403c_9459_fb2ae700d02c] Resetting generation and member id due to: consumer pro-actively leaving the group
2025-08-13 18:21:54,280 INFO  [org.apa.kaf.cli.con.int.ConsumerCoordinator] (Thread-603) [Consumer clientId=consumer-Consumer-topic-9d9d45a7_5489_403c_9459_fb2ae700d02c-1, groupId=Consumer-topic-9d9d45a7_5489_403c_9459_fb2ae700d02c] Request joining group due to: consumer pro-actively leaving the group
2025-08-13 18:21:54,755 INFO  [org.apa.kaf.com.met.Metrics] (Thread-603) Metrics scheduler closed
2025-08-13 18:21:54,755 INFO  [org.apa.kaf.com.met.Metrics] (Thread-603) Closing reporter org.apache.kafka.common.metrics.JmxReporter
2025-08-13 18:21:54,755 INFO  [org.apa.kaf.com.met.Metrics] (Thread-603) Closing reporter org.apache.kafka.common.telemetry.internals.ClientTelemetryReporter
2025-08-13 18:21:54,757 INFO  [org.apa.kaf.com.met.Metrics] (Thread-603) Metrics reporters closed
2025-08-13 18:21:54,766 INFO  [org.apa.kaf.com.uti.AppInfoParser] (Thread-603) App info kafka.consumer for consumer-Consumer-topic-9d9d45a7_5489_403c_9459_fb2ae700d02c-1 unregistered
2025-08-13 18:21:54,767 INFO  [io.api.tes.uti.TestSeparator] (main) io.apicurio.tests.serdes.apicurio.AvroSerdeIT.testGlobalIdInHeaders-FINISHED
2025-08-13 18:21:54,767 INFO  [io.api.tes.uti.TestSeparator] (main) ############################################################################
Test passed: testGlobalIdInHeaders
]]></system-out>
  </testcase>
  <testcase name="testSimpleTopicIdStrategyFindLatest" classname="io.apicurio.tests.serdes.apicurio.AvroSerdeIT" time="5.457">
    <system-out><![CDATA[2025-08-13 18:21:54,771 INFO  [io.api.tes.uti.TestSeparator] (main) ############################################################################
2025-08-13 18:21:54,771 INFO  [io.api.tes.uti.TestSeparator] (main) io.apicurio.tests.serdes.apicurio.AvroSerdeIT.testSimpleTopicIdStrategyFindLatest-STARTED
2025-08-13 18:21:54,778 INFO  [io.api.tes.ser.api.AvroSerdeIT] (main) Registering Avro Schema: {"type":"record","name":"myrecordapicurio1","fields":[{"name":"key11755109314772","type":"string"}]}
**** Registry Base URL: http://registry-app-mysql.apps.ci419.apicurio-testing.org:80
2025-08-13 18:21:55,999 INFO  [org.apa.kaf.cli.pro.ProducerConfig] (main) ProducerConfig values: 
	acks = -1
	auto.include.jmx.reporter = true
	batch.size = 16384
	bootstrap.servers = [PLAINTEXT://localhost:32769]
	buffer.memory = 33554432
	client.dns.lookup = use_all_dns_ips
	client.id = Producer-topic-f12c7d2e_5944_4152_bd35_814cf8ee89b5
	compression.gzip.level = -1
	compression.lz4.level = 9
	compression.type = none
	compression.zstd.level = 3
	connections.max.idle.ms = 10000
	delivery.timeout.ms = 120000
	enable.idempotence = true
	enable.metrics.push = true
	interceptor.classes = []
	key.serializer = class org.apache.kafka.common.serialization.StringSerializer
	linger.ms = 0
	max.block.ms = 60000
	max.in.flight.requests.per.connection = 5
	max.request.size = 1048576
	metadata.max.age.ms = 300000
	metadata.max.idle.ms = 300000
	metadata.recovery.strategy = none
	metric.reporters = []
	metrics.num.samples = 2
	metrics.recording.level = INFO
	metrics.sample.window.ms = 30000
	partitioner.adaptive.partitioning.enable = true
	partitioner.availability.timeout.ms = 0
	partitioner.class = null
	partitioner.ignore.keys = false
	receive.buffer.bytes = 32768
	reconnect.backoff.max.ms = 1000
	reconnect.backoff.ms = 50
	request.timeout.ms = 5000
	retries = 2147483647
	retry.backoff.max.ms = 1000
	retry.backoff.ms = 100
	sasl.client.callback.handler.class = null
	sasl.jaas.config = null
	sasl.kerberos.kinit.cmd = /usr/bin/kinit
	sasl.kerberos.min.time.before.relogin = 60000
	sasl.kerberos.service.name = null
	sasl.kerberos.ticket.renew.jitter = 0.05
	sasl.kerberos.ticket.renew.window.factor = 0.8
	sasl.login.callback.handler.class = null
	sasl.login.class = null
	sasl.login.connect.timeout.ms = null
	sasl.login.read.timeout.ms = null
	sasl.login.refresh.buffer.seconds = 300
	sasl.login.refresh.min.period.seconds = 60
	sasl.login.refresh.window.factor = 0.8
	sasl.login.refresh.window.jitter = 0.05
	sasl.login.retry.backoff.max.ms = 10000
	sasl.login.retry.backoff.ms = 100
	sasl.mechanism = GSSAPI
	sasl.oauthbearer.clock.skew.seconds = 30
	sasl.oauthbearer.expected.audience = null
	sasl.oauthbearer.expected.issuer = null
	sasl.oauthbearer.header.urlencode = false
	sasl.oauthbearer.jwks.endpoint.refresh.ms = 3600000
	sasl.oauthbearer.jwks.endpoint.retry.backoff.max.ms = 10000
	sasl.oauthbearer.jwks.endpoint.retry.backoff.ms = 100
	sasl.oauthbearer.jwks.endpoint.url = null
	sasl.oauthbearer.scope.claim.name = scope
	sasl.oauthbearer.sub.claim.name = sub
	sasl.oauthbearer.token.endpoint.url = null
	security.protocol = PLAINTEXT
	security.providers = null
	send.buffer.bytes = 131072
	socket.connection.setup.timeout.max.ms = 30000
	socket.connection.setup.timeout.ms = 10000
	ssl.cipher.suites = null
	ssl.enabled.protocols = [TLSv1.2, TLSv1.3]
	ssl.endpoint.identification.algorithm = https
	ssl.engine.factory.class = null
	ssl.key.password = null
	ssl.keymanager.algorithm = SunX509
	ssl.keystore.certificate.chain = null
	ssl.keystore.key = null
	ssl.keystore.location = null
	ssl.keystore.password = null
	ssl.keystore.type = JKS
	ssl.protocol = TLSv1.3
	ssl.provider = null
	ssl.secure.random.implementation = null
	ssl.trustmanager.algorithm = PKIX
	ssl.truststore.certificates = null
	ssl.truststore.location = null
	ssl.truststore.password = null
	ssl.truststore.type = JKS
	transaction.timeout.ms = 60000
	transactional.id = null
	value.serializer = class io.apicurio.registry.serde.avro.AvroKafkaSerializer

2025-08-13 18:21:56,000 INFO  [org.apa.kaf.com.tel.int.KafkaMetricsCollector] (main) initializing Kafka metrics collector
2025-08-13 18:21:56,004 INFO  [org.apa.kaf.cli.pro.KafkaProducer] (main) [Producer clientId=Producer-topic-f12c7d2e_5944_4152_bd35_814cf8ee89b5] Instantiated an idempotent producer.
2025-08-13 18:21:56,008 INFO  [org.apa.kaf.cli.pro.ProducerConfig] (main) These configurations '[apicurio.registry.find-latest, apicurio.registry.artifact.group-id, apicurio.registry.url, apicurio.registry.artifact-resolver-strategy]' were supplied but are not used yet.
2025-08-13 18:21:56,009 INFO  [org.apa.kaf.com.uti.AppInfoParser] (main) Kafka version: 3.9.1
2025-08-13 18:21:56,009 INFO  [org.apa.kaf.com.uti.AppInfoParser] (main) Kafka commitId: f745dfdcee2b9851
2025-08-13 18:21:56,009 INFO  [org.apa.kaf.com.uti.AppInfoParser] (main) Kafka startTimeMs: 1755109316009
2025-08-13 18:21:56,009 INFO  [io.api.tes.ser.api.SimpleSerdesTesterBuilder$SimpleSerdesTester] (main) Using producer configuration: {apicurio.registry.find-latest=true, apicurio.registry.artifact.group-id=topic-f12c7d2e_5944_4152_bd35_814cf8ee89b5, apicurio.registry.url=http://registry-app-mysql.apps.ci419.apicurio-testing.org:80/apis/registry/v3, apicurio.registry.artifact-resolver-strategy=io.apicurio.registry.serde.strategy.SimpleTopicIdStrategy, value.serializer=io.apicurio.registry.serde.avro.AvroKafkaSerializer, request.timeout.ms=5000, acks=all, bootstrap.servers=PLAINTEXT://localhost:32769, connections.max.idle.ms=10000, key.serializer=org.apache.kafka.common.serialization.StringSerializer, client.id=Producer-topic-f12c7d2e_5944_4152_bd35_814cf8ee89b5}
2025-08-13 18:21:56,009 INFO  [io.api.tes.ser.api.SimpleSerdesTesterBuilder$SimpleSerdesTester] (main) Using consumer configuration: {}
2025-08-13 18:21:56,012 INFO  [io.api.tes.ser.api.KafkaSerdesTester] (Thread-606) Sending message {"key11755109314772": "value-0"} to topic topic-f12c7d2e_5944_4152_bd35_814cf8ee89b5
2025-08-13 18:21:56,015 INFO  [org.apa.kaf.cli.Metadata] (kafka-producer-network-thread | Producer-topic-f12c7d2e_5944_4152_bd35_814cf8ee89b5) [Producer clientId=Producer-topic-f12c7d2e_5944_4152_bd35_814cf8ee89b5] Cluster ID: qvRm5C5FS3SD7xP4bjB8Pg
2025-08-13 18:21:56,023 INFO  [org.apa.kaf.cli.pro.int.TransactionManager] (kafka-producer-network-thread | Producer-topic-f12c7d2e_5944_4152_bd35_814cf8ee89b5) [Producer clientId=Producer-topic-f12c7d2e_5944_4152_bd35_814cf8ee89b5] ProducerId set to 1 with epoch 0
2025-08-13 18:21:56,352 INFO  [io.api.tes.ser.api.KafkaSerdesTester] (Thread-606) Sending message {"key11755109314772": "value-1"} to topic topic-f12c7d2e_5944_4152_bd35_814cf8ee89b5
2025-08-13 18:21:56,355 INFO  [io.api.tes.ser.api.KafkaSerdesTester] (Thread-606) Sending message {"key11755109314772": "value-2"} to topic topic-f12c7d2e_5944_4152_bd35_814cf8ee89b5
2025-08-13 18:21:56,357 INFO  [io.api.tes.ser.api.KafkaSerdesTester] (Thread-606) Sending message {"key11755109314772": "value-3"} to topic topic-f12c7d2e_5944_4152_bd35_814cf8ee89b5
2025-08-13 18:21:56,361 INFO  [io.api.tes.ser.api.KafkaSerdesTester] (Thread-606) Sending message {"key11755109314772": "value-4"} to topic topic-f12c7d2e_5944_4152_bd35_814cf8ee89b5
2025-08-13 18:21:56,364 INFO  [io.api.tes.ser.api.KafkaSerdesTester] (Thread-606) Sending message {"key11755109314772": "value-5"} to topic topic-f12c7d2e_5944_4152_bd35_814cf8ee89b5
2025-08-13 18:21:56,368 INFO  [io.api.tes.ser.api.KafkaSerdesTester] (Thread-606) Sending message {"key11755109314772": "value-6"} to topic topic-f12c7d2e_5944_4152_bd35_814cf8ee89b5
2025-08-13 18:21:56,372 INFO  [io.api.tes.ser.api.KafkaSerdesTester] (Thread-606) Sending message {"key11755109314772": "value-7"} to topic topic-f12c7d2e_5944_4152_bd35_814cf8ee89b5
2025-08-13 18:21:56,376 INFO  [io.api.tes.ser.api.KafkaSerdesTester] (Thread-606) Sending message {"key11755109314772": "value-8"} to topic topic-f12c7d2e_5944_4152_bd35_814cf8ee89b5
2025-08-13 18:21:56,378 INFO  [io.api.tes.ser.api.KafkaSerdesTester] (Thread-606) Sending message {"key11755109314772": "value-9"} to topic topic-f12c7d2e_5944_4152_bd35_814cf8ee89b5
2025-08-13 18:21:56,381 INFO  [io.api.tes.ser.api.KafkaSerdesTester] (Thread-606) Produced 10 messages
2025-08-13 18:21:56,381 INFO  [org.apa.kaf.cli.pro.KafkaProducer] (Thread-606) [Producer clientId=Producer-topic-f12c7d2e_5944_4152_bd35_814cf8ee89b5] Closing the Kafka producer with timeoutMillis = 9223372036854775807 ms.
2025-08-13 18:21:56,385 INFO  [org.apa.kaf.com.met.Metrics] (Thread-606) Metrics scheduler closed
2025-08-13 18:21:56,385 INFO  [org.apa.kaf.com.met.Metrics] (Thread-606) Closing reporter org.apache.kafka.common.metrics.JmxReporter
2025-08-13 18:21:56,385 INFO  [org.apa.kaf.com.met.Metrics] (Thread-606) Closing reporter org.apache.kafka.common.telemetry.internals.ClientTelemetryReporter
2025-08-13 18:21:56,386 INFO  [org.apa.kaf.com.met.Metrics] (Thread-606) Metrics reporters closed
2025-08-13 18:21:56,386 INFO  [org.apa.kaf.com.uti.AppInfoParser] (Thread-606) App info kafka.producer for Producer-topic-f12c7d2e_5944_4152_bd35_814cf8ee89b5 unregistered
**** Registry Base URL: http://registry-app-mysql.apps.ci419.apicurio-testing.org:80
2025-08-13 18:21:56,388 INFO  [org.apa.kaf.cli.con.ConsumerConfig] (main) ConsumerConfig values: 
	allow.auto.create.topics = true
	auto.commit.interval.ms = 500
	auto.include.jmx.reporter = true
	auto.offset.reset = earliest
	bootstrap.servers = [PLAINTEXT://localhost:32769]
	check.crcs = true
	client.dns.lookup = use_all_dns_ips
	client.id = consumer-Consumer-topic-f12c7d2e_5944_4152_bd35_814cf8ee89b5-2
	client.rack = 
	connections.max.idle.ms = 10000
	default.api.timeout.ms = 60000
	enable.auto.commit = true
	enable.metrics.push = true
	exclude.internal.topics = true
	fetch.max.bytes = 52428800
	fetch.max.wait.ms = 500
	fetch.min.bytes = 1
	group.id = Consumer-topic-f12c7d2e_5944_4152_bd35_814cf8ee89b5
	group.instance.id = null
	group.protocol = classic
	group.remote.assignor = null
	heartbeat.interval.ms = 3000
	interceptor.classes = []
	internal.leave.group.on.close = true
	internal.throw.on.fetch.stable.offset.unsupported = false
	isolation.level = read_uncommitted
	key.deserializer = class org.apache.kafka.common.serialization.StringDeserializer
	max.partition.fetch.bytes = 1048576
	max.poll.interval.ms = 300000
	max.poll.records = 500
	metadata.max.age.ms = 300000
	metadata.recovery.strategy = none
	metric.reporters = []
	metrics.num.samples = 2
	metrics.recording.level = INFO
	metrics.sample.window.ms = 30000
	partition.assignment.strategy = [class org.apache.kafka.clients.consumer.RangeAssignor, class org.apache.kafka.clients.consumer.CooperativeStickyAssignor]
	receive.buffer.bytes = 65536
	reconnect.backoff.max.ms = 1000
	reconnect.backoff.ms = 50
	request.timeout.ms = 5000
	retry.backoff.max.ms = 1000
	retry.backoff.ms = 100
	sasl.client.callback.handler.class = null
	sasl.jaas.config = null
	sasl.kerberos.kinit.cmd = /usr/bin/kinit
	sasl.kerberos.min.time.before.relogin = 60000
	sasl.kerberos.service.name = null
	sasl.kerberos.ticket.renew.jitter = 0.05
	sasl.kerberos.ticket.renew.window.factor = 0.8
	sasl.login.callback.handler.class = null
	sasl.login.class = null
	sasl.login.connect.timeout.ms = null
	sasl.login.read.timeout.ms = null
	sasl.login.refresh.buffer.seconds = 300
	sasl.login.refresh.min.period.seconds = 60
	sasl.login.refresh.window.factor = 0.8
	sasl.login.refresh.window.jitter = 0.05
	sasl.login.retry.backoff.max.ms = 10000
	sasl.login.retry.backoff.ms = 100
	sasl.mechanism = GSSAPI
	sasl.oauthbearer.clock.skew.seconds = 30
	sasl.oauthbearer.expected.audience = null
	sasl.oauthbearer.expected.issuer = null
	sasl.oauthbearer.header.urlencode = false
	sasl.oauthbearer.jwks.endpoint.refresh.ms = 3600000
	sasl.oauthbearer.jwks.endpoint.retry.backoff.max.ms = 10000
	sasl.oauthbearer.jwks.endpoint.retry.backoff.ms = 100
	sasl.oauthbearer.jwks.endpoint.url = null
	sasl.oauthbearer.scope.claim.name = scope
	sasl.oauthbearer.sub.claim.name = sub
	sasl.oauthbearer.token.endpoint.url = null
	security.protocol = PLAINTEXT
	security.providers = null
	send.buffer.bytes = 131072
	session.timeout.ms = 45000
	socket.connection.setup.timeout.max.ms = 30000
	socket.connection.setup.timeout.ms = 10000
	ssl.cipher.suites = null
	ssl.enabled.protocols = [TLSv1.2, TLSv1.3]
	ssl.endpoint.identification.algorithm = https
	ssl.engine.factory.class = null
	ssl.key.password = null
	ssl.keymanager.algorithm = SunX509
	ssl.keystore.certificate.chain = null
	ssl.keystore.key = null
	ssl.keystore.location = null
	ssl.keystore.password = null
	ssl.keystore.type = JKS
	ssl.protocol = TLSv1.3
	ssl.provider = null
	ssl.secure.random.implementation = null
	ssl.trustmanager.algorithm = PKIX
	ssl.truststore.certificates = null
	ssl.truststore.location = null
	ssl.truststore.password = null
	ssl.truststore.type = JKS
	value.deserializer = class io.apicurio.registry.serde.avro.AvroKafkaDeserializer

2025-08-13 18:21:56,389 INFO  [org.apa.kaf.com.tel.int.KafkaMetricsCollector] (main) initializing Kafka metrics collector
2025-08-13 18:21:56,403 INFO  [org.apa.kaf.cli.con.ConsumerConfig] (main) These configurations '[apicurio.registry.url]' were supplied but are not used yet.
2025-08-13 18:21:56,403 INFO  [org.apa.kaf.com.uti.AppInfoParser] (main) Kafka version: 3.9.1
2025-08-13 18:21:56,403 INFO  [org.apa.kaf.com.uti.AppInfoParser] (main) Kafka commitId: f745dfdcee2b9851
2025-08-13 18:21:56,403 INFO  [org.apa.kaf.com.uti.AppInfoParser] (main) Kafka startTimeMs: 1755109316403
2025-08-13 18:21:56,404 INFO  [org.apa.kaf.cli.con.int.ClassicKafkaConsumer] (Thread-609) [Consumer clientId=consumer-Consumer-topic-f12c7d2e_5944_4152_bd35_814cf8ee89b5-2, groupId=Consumer-topic-f12c7d2e_5944_4152_bd35_814cf8ee89b5] Subscribed to topic(s): topic-f12c7d2e_5944_4152_bd35_814cf8ee89b5
2025-08-13 18:21:56,419 INFO  [org.apa.kaf.cli.Metadata] (Thread-609) [Consumer clientId=consumer-Consumer-topic-f12c7d2e_5944_4152_bd35_814cf8ee89b5-2, groupId=Consumer-topic-f12c7d2e_5944_4152_bd35_814cf8ee89b5] Cluster ID: qvRm5C5FS3SD7xP4bjB8Pg
2025-08-13 18:21:56,423 INFO  [org.apa.kaf.cli.con.int.ConsumerCoordinator] (Thread-609) [Consumer clientId=consumer-Consumer-topic-f12c7d2e_5944_4152_bd35_814cf8ee89b5-2, groupId=Consumer-topic-f12c7d2e_5944_4152_bd35_814cf8ee89b5] Discovered group coordinator localhost:32769 (id: 2147483647 rack: null)
2025-08-13 18:21:56,427 INFO  [org.apa.kaf.cli.con.int.ConsumerCoordinator] (Thread-609) [Consumer clientId=consumer-Consumer-topic-f12c7d2e_5944_4152_bd35_814cf8ee89b5-2, groupId=Consumer-topic-f12c7d2e_5944_4152_bd35_814cf8ee89b5] (Re-)joining group
2025-08-13 18:21:56,433 INFO  [org.apa.kaf.cli.con.int.ConsumerCoordinator] (Thread-609) [Consumer clientId=consumer-Consumer-topic-f12c7d2e_5944_4152_bd35_814cf8ee89b5-2, groupId=Consumer-topic-f12c7d2e_5944_4152_bd35_814cf8ee89b5] Request joining group due to: need to re-join with the given member-id: consumer-Consumer-topic-f12c7d2e_5944_4152_bd35_814cf8ee89b5-2-f10a1749-5880-4a18-b302-f1fe238c6fa3
2025-08-13 18:21:56,433 INFO  [org.apa.kaf.cli.con.int.ConsumerCoordinator] (Thread-609) [Consumer clientId=consumer-Consumer-topic-f12c7d2e_5944_4152_bd35_814cf8ee89b5-2, groupId=Consumer-topic-f12c7d2e_5944_4152_bd35_814cf8ee89b5] (Re-)joining group
2025-08-13 18:21:57,405 INFO  [io.api.tes.ser.api.KafkaSerdesTester] (Thread-609) None found
2025-08-13 18:21:58,406 INFO  [io.api.tes.ser.api.KafkaSerdesTester] (Thread-609) None found
2025-08-13 18:21:59,406 INFO  [io.api.tes.ser.api.KafkaSerdesTester] (Thread-609) None found
2025-08-13 18:21:59,436 INFO  [org.apa.kaf.cli.con.int.ConsumerCoordinator] (Thread-609) [Consumer clientId=consumer-Consumer-topic-f12c7d2e_5944_4152_bd35_814cf8ee89b5-2, groupId=Consumer-topic-f12c7d2e_5944_4152_bd35_814cf8ee89b5] Successfully joined group with generation Generation{generationId=1, memberId='consumer-Consumer-topic-f12c7d2e_5944_4152_bd35_814cf8ee89b5-2-f10a1749-5880-4a18-b302-f1fe238c6fa3', protocol='range'}
2025-08-13 18:21:59,436 INFO  [org.apa.kaf.cli.con.int.ConsumerCoordinator] (Thread-609) [Consumer clientId=consumer-Consumer-topic-f12c7d2e_5944_4152_bd35_814cf8ee89b5-2, groupId=Consumer-topic-f12c7d2e_5944_4152_bd35_814cf8ee89b5] Finished assignment for group at generation 1: {consumer-Consumer-topic-f12c7d2e_5944_4152_bd35_814cf8ee89b5-2-f10a1749-5880-4a18-b302-f1fe238c6fa3=Assignment(partitions=[topic-f12c7d2e_5944_4152_bd35_814cf8ee89b5-0])}
2025-08-13 18:21:59,444 INFO  [org.apa.kaf.cli.con.int.ConsumerCoordinator] (Thread-609) [Consumer clientId=consumer-Consumer-topic-f12c7d2e_5944_4152_bd35_814cf8ee89b5-2, groupId=Consumer-topic-f12c7d2e_5944_4152_bd35_814cf8ee89b5] Successfully synced group in generation Generation{generationId=1, memberId='consumer-Consumer-topic-f12c7d2e_5944_4152_bd35_814cf8ee89b5-2-f10a1749-5880-4a18-b302-f1fe238c6fa3', protocol='range'}
2025-08-13 18:21:59,444 INFO  [org.apa.kaf.cli.con.int.ConsumerCoordinator] (Thread-609) [Consumer clientId=consumer-Consumer-topic-f12c7d2e_5944_4152_bd35_814cf8ee89b5-2, groupId=Consumer-topic-f12c7d2e_5944_4152_bd35_814cf8ee89b5] Notifying assignor about the new Assignment(partitions=[topic-f12c7d2e_5944_4152_bd35_814cf8ee89b5-0])
2025-08-13 18:21:59,444 INFO  [org.apa.kaf.cli.con.int.ConsumerRebalanceListenerInvoker] (Thread-609) [Consumer clientId=consumer-Consumer-topic-f12c7d2e_5944_4152_bd35_814cf8ee89b5-2, groupId=Consumer-topic-f12c7d2e_5944_4152_bd35_814cf8ee89b5] Adding newly assigned partitions: topic-f12c7d2e_5944_4152_bd35_814cf8ee89b5-0
2025-08-13 18:21:59,447 INFO  [org.apa.kaf.cli.con.int.ConsumerCoordinator] (Thread-609) [Consumer clientId=consumer-Consumer-topic-f12c7d2e_5944_4152_bd35_814cf8ee89b5-2, groupId=Consumer-topic-f12c7d2e_5944_4152_bd35_814cf8ee89b5] Found no committed offset for partition topic-f12c7d2e_5944_4152_bd35_814cf8ee89b5-0
2025-08-13 18:21:59,454 INFO  [org.apa.kaf.cli.con.int.SubscriptionState] (Thread-609) [Consumer clientId=consumer-Consumer-topic-f12c7d2e_5944_4152_bd35_814cf8ee89b5-2, groupId=Consumer-topic-f12c7d2e_5944_4152_bd35_814cf8ee89b5] Resetting offset for partition topic-f12c7d2e_5944_4152_bd35_814cf8ee89b5-0 to position FetchPosition{offset=0, offsetEpoch=Optional.empty, currentLeader=LeaderAndEpoch{leader=Optional[localhost:32769 (id: 0 rack: null)], epoch=0}}.
2025-08-13 18:21:59,713 INFO  [io.api.tes.ser.api.KafkaSerdesTester] (Thread-609) topic-f12c7d2e_5944_4152_bd35_814cf8ee89b5 0 0 {"key11755109314772": "value-0"}
2025-08-13 18:21:59,714 INFO  [io.api.tes.ser.api.KafkaSerdesTester] (Thread-609) topic-f12c7d2e_5944_4152_bd35_814cf8ee89b5 0 1 {"key11755109314772": "value-1"}
2025-08-13 18:21:59,714 INFO  [io.api.tes.ser.api.KafkaSerdesTester] (Thread-609) topic-f12c7d2e_5944_4152_bd35_814cf8ee89b5 0 2 {"key11755109314772": "value-2"}
2025-08-13 18:21:59,714 INFO  [io.api.tes.ser.api.KafkaSerdesTester] (Thread-609) topic-f12c7d2e_5944_4152_bd35_814cf8ee89b5 0 3 {"key11755109314772": "value-3"}
2025-08-13 18:21:59,714 INFO  [io.api.tes.ser.api.KafkaSerdesTester] (Thread-609) topic-f12c7d2e_5944_4152_bd35_814cf8ee89b5 0 4 {"key11755109314772": "value-4"}
2025-08-13 18:21:59,714 INFO  [io.api.tes.ser.api.KafkaSerdesTester] (Thread-609) topic-f12c7d2e_5944_4152_bd35_814cf8ee89b5 0 5 {"key11755109314772": "value-5"}
2025-08-13 18:21:59,714 INFO  [io.api.tes.ser.api.KafkaSerdesTester] (Thread-609) topic-f12c7d2e_5944_4152_bd35_814cf8ee89b5 0 6 {"key11755109314772": "value-6"}
2025-08-13 18:21:59,714 INFO  [io.api.tes.ser.api.KafkaSerdesTester] (Thread-609) topic-f12c7d2e_5944_4152_bd35_814cf8ee89b5 0 7 {"key11755109314772": "value-7"}
2025-08-13 18:21:59,715 INFO  [io.api.tes.ser.api.KafkaSerdesTester] (Thread-609) topic-f12c7d2e_5944_4152_bd35_814cf8ee89b5 0 8 {"key11755109314772": "value-8"}
2025-08-13 18:21:59,715 INFO  [io.api.tes.ser.api.KafkaSerdesTester] (Thread-609) topic-f12c7d2e_5944_4152_bd35_814cf8ee89b5 0 9 {"key11755109314772": "value-9"}
2025-08-13 18:21:59,715 INFO  [io.api.tes.ser.api.KafkaSerdesTester] (Thread-609) Consumed 10 messages
2025-08-13 18:21:59,723 INFO  [org.apa.kaf.cli.con.int.ConsumerRebalanceListenerInvoker] (Thread-609) [Consumer clientId=consumer-Consumer-topic-f12c7d2e_5944_4152_bd35_814cf8ee89b5-2, groupId=Consumer-topic-f12c7d2e_5944_4152_bd35_814cf8ee89b5] Revoke previously assigned partitions topic-f12c7d2e_5944_4152_bd35_814cf8ee89b5-0
2025-08-13 18:21:59,724 INFO  [org.apa.kaf.cli.con.int.ConsumerCoordinator] (Thread-609) [Consumer clientId=consumer-Consumer-topic-f12c7d2e_5944_4152_bd35_814cf8ee89b5-2, groupId=Consumer-topic-f12c7d2e_5944_4152_bd35_814cf8ee89b5] Member consumer-Consumer-topic-f12c7d2e_5944_4152_bd35_814cf8ee89b5-2-f10a1749-5880-4a18-b302-f1fe238c6fa3 sending LeaveGroup request to coordinator localhost:32769 (id: 2147483647 rack: null) due to the consumer is being closed
2025-08-13 18:21:59,725 INFO  [org.apa.kaf.cli.con.int.ConsumerCoordinator] (Thread-609) [Consumer clientId=consumer-Consumer-topic-f12c7d2e_5944_4152_bd35_814cf8ee89b5-2, groupId=Consumer-topic-f12c7d2e_5944_4152_bd35_814cf8ee89b5] Resetting generation and member id due to: consumer pro-actively leaving the group
2025-08-13 18:21:59,725 INFO  [org.apa.kaf.cli.con.int.ConsumerCoordinator] (Thread-609) [Consumer clientId=consumer-Consumer-topic-f12c7d2e_5944_4152_bd35_814cf8ee89b5-2, groupId=Consumer-topic-f12c7d2e_5944_4152_bd35_814cf8ee89b5] Request joining group due to: consumer pro-actively leaving the group
2025-08-13 18:22:00,219 INFO  [org.apa.kaf.com.met.Metrics] (Thread-609) Metrics scheduler closed
2025-08-13 18:22:00,220 INFO  [org.apa.kaf.com.met.Metrics] (Thread-609) Closing reporter org.apache.kafka.common.metrics.JmxReporter
2025-08-13 18:22:00,220 INFO  [org.apa.kaf.com.met.Metrics] (Thread-609) Closing reporter org.apache.kafka.common.telemetry.internals.ClientTelemetryReporter
2025-08-13 18:22:00,220 INFO  [org.apa.kaf.com.met.Metrics] (Thread-609) Metrics reporters closed
2025-08-13 18:22:00,225 INFO  [org.apa.kaf.com.uti.AppInfoParser] (Thread-609) App info kafka.consumer for consumer-Consumer-topic-f12c7d2e_5944_4152_bd35_814cf8ee89b5-2 unregistered
2025-08-13 18:22:00,226 INFO  [io.api.tes.uti.TestSeparator] (main) io.apicurio.tests.serdes.apicurio.AvroSerdeIT.testSimpleTopicIdStrategyFindLatest-FINISHED
2025-08-13 18:22:00,226 INFO  [io.api.tes.uti.TestSeparator] (main) ############################################################################
Test passed: testSimpleTopicIdStrategyFindLatest
]]></system-out>
  </testcase>
  <testcase name="testWrongSchema" classname="io.apicurio.tests.serdes.apicurio.AvroSerdeIT" time="1.421">
    <system-out><![CDATA[2025-08-13 18:22:00,228 INFO  [io.api.tes.uti.TestSeparator] (main) ############################################################################
2025-08-13 18:22:00,230 INFO  [io.api.tes.uti.TestSeparator] (main) io.apicurio.tests.serdes.apicurio.AvroSerdeIT.testWrongSchema-STARTED
**** Registry Base URL: http://registry-app-mysql.apps.ci419.apicurio-testing.org:80
2025-08-13 18:22:01,447 INFO  [org.apa.kaf.cli.pro.ProducerConfig] (main) ProducerConfig values: 
	acks = -1
	auto.include.jmx.reporter = true
	batch.size = 16384
	bootstrap.servers = [PLAINTEXT://localhost:32769]
	buffer.memory = 33554432
	client.dns.lookup = use_all_dns_ips
	client.id = Producer-sb2cbacbexa378x4517x8733xf0fe9bf6bf35
	compression.gzip.level = -1
	compression.lz4.level = 9
	compression.type = none
	compression.zstd.level = 3
	connections.max.idle.ms = 10000
	delivery.timeout.ms = 120000
	enable.idempotence = true
	enable.metrics.push = true
	interceptor.classes = []
	key.serializer = class org.apache.kafka.common.serialization.StringSerializer
	linger.ms = 0
	max.block.ms = 60000
	max.in.flight.requests.per.connection = 5
	max.request.size = 1048576
	metadata.max.age.ms = 300000
	metadata.max.idle.ms = 300000
	metadata.recovery.strategy = none
	metric.reporters = []
	metrics.num.samples = 2
	metrics.recording.level = INFO
	metrics.sample.window.ms = 30000
	partitioner.adaptive.partitioning.enable = true
	partitioner.availability.timeout.ms = 0
	partitioner.class = null
	partitioner.ignore.keys = false
	receive.buffer.bytes = 32768
	reconnect.backoff.max.ms = 1000
	reconnect.backoff.ms = 50
	request.timeout.ms = 5000
	retries = 2147483647
	retry.backoff.max.ms = 1000
	retry.backoff.ms = 100
	sasl.client.callback.handler.class = null
	sasl.jaas.config = null
	sasl.kerberos.kinit.cmd = /usr/bin/kinit
	sasl.kerberos.min.time.before.relogin = 60000
	sasl.kerberos.service.name = null
	sasl.kerberos.ticket.renew.jitter = 0.05
	sasl.kerberos.ticket.renew.window.factor = 0.8
	sasl.login.callback.handler.class = null
	sasl.login.class = null
	sasl.login.connect.timeout.ms = null
	sasl.login.read.timeout.ms = null
	sasl.login.refresh.buffer.seconds = 300
	sasl.login.refresh.min.period.seconds = 60
	sasl.login.refresh.window.factor = 0.8
	sasl.login.refresh.window.jitter = 0.05
	sasl.login.retry.backoff.max.ms = 10000
	sasl.login.retry.backoff.ms = 100
	sasl.mechanism = GSSAPI
	sasl.oauthbearer.clock.skew.seconds = 30
	sasl.oauthbearer.expected.audience = null
	sasl.oauthbearer.expected.issuer = null
	sasl.oauthbearer.header.urlencode = false
	sasl.oauthbearer.jwks.endpoint.refresh.ms = 3600000
	sasl.oauthbearer.jwks.endpoint.retry.backoff.max.ms = 10000
	sasl.oauthbearer.jwks.endpoint.retry.backoff.ms = 100
	sasl.oauthbearer.jwks.endpoint.url = null
	sasl.oauthbearer.scope.claim.name = scope
	sasl.oauthbearer.sub.claim.name = sub
	sasl.oauthbearer.token.endpoint.url = null
	security.protocol = PLAINTEXT
	security.providers = null
	send.buffer.bytes = 131072
	socket.connection.setup.timeout.max.ms = 30000
	socket.connection.setup.timeout.ms = 10000
	ssl.cipher.suites = null
	ssl.enabled.protocols = [TLSv1.2, TLSv1.3]
	ssl.endpoint.identification.algorithm = https
	ssl.engine.factory.class = null
	ssl.key.password = null
	ssl.keymanager.algorithm = SunX509
	ssl.keystore.certificate.chain = null
	ssl.keystore.key = null
	ssl.keystore.location = null
	ssl.keystore.password = null
	ssl.keystore.type = JKS
	ssl.protocol = TLSv1.3
	ssl.provider = null
	ssl.secure.random.implementation = null
	ssl.trustmanager.algorithm = PKIX
	ssl.truststore.certificates = null
	ssl.truststore.location = null
	ssl.truststore.password = null
	ssl.truststore.type = JKS
	transaction.timeout.ms = 60000
	transactional.id = null
	value.serializer = class io.apicurio.registry.serde.avro.AvroKafkaSerializer

2025-08-13 18:22:01,448 INFO  [org.apa.kaf.com.tel.int.KafkaMetricsCollector] (main) initializing Kafka metrics collector
2025-08-13 18:22:01,453 INFO  [org.apa.kaf.cli.pro.KafkaProducer] (main) [Producer clientId=Producer-sb2cbacbexa378x4517x8733xf0fe9bf6bf35] Instantiated an idempotent producer.
2025-08-13 18:22:01,457 INFO  [org.apa.kaf.cli.pro.ProducerConfig] (main) These configurations '[apicurio.registry.find-latest, apicurio.registry.url, apicurio.registry.artifact-resolver-strategy]' were supplied but are not used yet.
2025-08-13 18:22:01,457 INFO  [org.apa.kaf.com.uti.AppInfoParser] (main) Kafka version: 3.9.1
2025-08-13 18:22:01,457 INFO  [org.apa.kaf.com.uti.AppInfoParser] (main) Kafka commitId: f745dfdcee2b9851
2025-08-13 18:22:01,457 INFO  [org.apa.kaf.com.uti.AppInfoParser] (main) Kafka startTimeMs: 1755109321457
2025-08-13 18:22:01,460 INFO  [io.api.tes.ser.api.KafkaSerdesTester] (Thread-612) Sending message {"keyB": "value-0"} to topic sb2cbacbexa378x4517x8733xf0fe9bf6bf35
2025-08-13 18:22:01,465 INFO  [org.apa.kaf.cli.Metadata] (kafka-producer-network-thread | Producer-sb2cbacbexa378x4517x8733xf0fe9bf6bf35) [Producer clientId=Producer-sb2cbacbexa378x4517x8733xf0fe9bf6bf35] Cluster ID: qvRm5C5FS3SD7xP4bjB8Pg
2025-08-13 18:22:01,468 INFO  [org.apa.kaf.cli.pro.int.TransactionManager] (kafka-producer-network-thread | Producer-sb2cbacbexa378x4517x8733xf0fe9bf6bf35) [Producer clientId=Producer-sb2cbacbexa378x4517x8733xf0fe9bf6bf35] ProducerId set to 2 with epoch 0
2025-08-13 18:22:01,642 INFO  [org.apa.kaf.cli.pro.KafkaProducer] (Thread-612) [Producer clientId=Producer-sb2cbacbexa378x4517x8733xf0fe9bf6bf35] Closing the Kafka producer with timeoutMillis = 9223372036854775807 ms.
2025-08-13 18:22:01,645 INFO  [org.apa.kaf.com.met.Metrics] (Thread-612) Metrics scheduler closed
2025-08-13 18:22:01,645 INFO  [org.apa.kaf.com.met.Metrics] (Thread-612) Closing reporter org.apache.kafka.common.metrics.JmxReporter
2025-08-13 18:22:01,645 INFO  [org.apa.kaf.com.met.Metrics] (Thread-612) Closing reporter org.apache.kafka.common.telemetry.internals.ClientTelemetryReporter
2025-08-13 18:22:01,645 INFO  [org.apa.kaf.com.met.Metrics] (Thread-612) Metrics reporters closed
2025-08-13 18:22:01,647 INFO  [org.apa.kaf.com.uti.AppInfoParser] (Thread-612) App info kafka.producer for Producer-sb2cbacbexa378x4517x8733xf0fe9bf6bf35 unregistered
2025-08-13 18:22:01,647 INFO  [io.api.tes.uti.TestSeparator] (main) io.apicurio.tests.serdes.apicurio.AvroSerdeIT.testWrongSchema-FINISHED
2025-08-13 18:22:01,647 INFO  [io.api.tes.uti.TestSeparator] (main) ############################################################################
Test passed: testWrongSchema
]]></system-out>
    <system-err><![CDATA[io.apicurio.registry.rest.client.models.ProblemDetails
	at io.apicurio.registry.rest.client.models.ProblemDetails.createFromDiscriminatorValue(ProblemDetails.java:58)
	at io.kiota.serialization.json.JsonParseNode.getObjectValue(JsonParseNode.java:247)
	at io.kiota.http.vertx.VertXRequestAdapter.lambda$throwIfFailedResponse$0(VertXRequestAdapter.java:400)
	at com.microsoft.kiota.ApiExceptionBuilder.<init>(ApiExceptionBuilder.java:26)
	at io.kiota.http.vertx.VertXRequestAdapter.throwIfFailedResponse(VertXRequestAdapter.java:399)
	at io.kiota.http.vertx.VertXRequestAdapter.send(VertXRequestAdapter.java:170)
	at io.apicurio.registry.rest.client.groups.item.artifacts.item.versions.item.WithVersionExpressionItemRequestBuilder.get(WithVersionExpressionItemRequestBuilder.java:128)
	at io.apicurio.registry.rest.client.groups.item.artifacts.item.versions.item.WithVersionExpressionItemRequestBuilder.get(WithVersionExpressionItemRequestBuilder.java:111)
	at io.apicurio.registry.resolver.client.RegistryClientFacadeImpl.getVersionCoordinatesByGAV(RegistryClientFacadeImpl.java:159)
	at io.apicurio.registry.resolver.DefaultSchemaResolver.resolveByCoordinates(DefaultSchemaResolver.java:352)
	at io.apicurio.registry.resolver.DefaultSchemaResolver.lambda$resolveSchemaByArtifactReferenceCached$6(DefaultSchemaResolver.java:340)
	at io.apicurio.registry.resolver.cache.ERCache.lambda$getValue$0(ERCache.java:174)
	at io.apicurio.registry.resolver.cache.ERCache.retry(ERCache.java:227)
	at io.apicurio.registry.resolver.cache.ERCache.getValue(ERCache.java:173)
	at io.apicurio.registry.resolver.cache.ERCache.getByArtifactCoordinates(ERCache.java:158)
	at io.apicurio.registry.resolver.DefaultSchemaResolver.resolveSchemaByArtifactReferenceCached(DefaultSchemaResolver.java:338)
	at io.apicurio.registry.resolver.DefaultSchemaResolver.resolveSchemaByCoordinates(DefaultSchemaResolver.java:193)
	at io.apicurio.registry.resolver.DefaultSchemaResolver.getSchemaFromRegistry(DefaultSchemaResolver.java:130)
	at io.apicurio.registry.resolver.DefaultSchemaResolver.lambda$resolveSchema$0(DefaultSchemaResolver.java:84)
	at java.base/java.util.Optional.orElseGet(Optional.java:364)
	at io.apicurio.registry.resolver.DefaultSchemaResolver.resolveSchema(DefaultSchemaResolver.java:84)
	at io.apicurio.registry.serde.AbstractSerializer.serializeData(AbstractSerializer.java:62)
	at io.apicurio.registry.serde.KafkaSerializer.serialize(KafkaSerializer.java:77)
	at org.apache.kafka.clients.producer.KafkaProducer.doSend(KafkaProducer.java:1046)
	at org.apache.kafka.clients.producer.KafkaProducer.send(KafkaProducer.java:993)
	at org.apache.kafka.clients.producer.KafkaProducer.send(KafkaProducer.java:875)
	at io.apicurio.tests.serdes.apicurio.KafkaSerdesTester.lambda$produceMessages$3(KafkaSerdesTester.java:138)
	at java.base/java.util.concurrent.CompletableFuture$AsyncSupply.run(CompletableFuture.java:1768)
	at java.base/java.lang.Thread.run(Thread.java:840)
]]></system-err>
  </testcase>
  <testcase name="testAvroJSON" classname="io.apicurio.tests.serdes.apicurio.AvroSerdeIT" time="4.357">
    <system-out><![CDATA[2025-08-13 18:22:01,649 INFO  [io.api.tes.uti.TestSeparator] (main) ############################################################################
2025-08-13 18:22:01,649 INFO  [io.api.tes.uti.TestSeparator] (main) io.apicurio.tests.serdes.apicurio.AvroSerdeIT.testAvroJSON-STARTED
**** Registry Base URL: http://registry-app-mysql.apps.ci419.apicurio-testing.org:80
2025-08-13 18:22:01,657 INFO  [org.apa.kaf.cli.pro.ProducerConfig] (main) ProducerConfig values: 
	acks = -1
	auto.include.jmx.reporter = true
	batch.size = 16384
	bootstrap.servers = [PLAINTEXT://localhost:32769]
	buffer.memory = 33554432
	client.dns.lookup = use_all_dns_ips
	client.id = Producer-topic-5c9122db_8b12_47f4_8396_54a071276be0
	compression.gzip.level = -1
	compression.lz4.level = 9
	compression.type = none
	compression.zstd.level = 3
	connections.max.idle.ms = 10000
	delivery.timeout.ms = 120000
	enable.idempotence = true
	enable.metrics.push = true
	interceptor.classes = []
	key.serializer = class org.apache.kafka.common.serialization.StringSerializer
	linger.ms = 0
	max.block.ms = 60000
	max.in.flight.requests.per.connection = 5
	max.request.size = 1048576
	metadata.max.age.ms = 300000
	metadata.max.idle.ms = 300000
	metadata.recovery.strategy = none
	metric.reporters = []
	metrics.num.samples = 2
	metrics.recording.level = INFO
	metrics.sample.window.ms = 30000
	partitioner.adaptive.partitioning.enable = true
	partitioner.availability.timeout.ms = 0
	partitioner.class = null
	partitioner.ignore.keys = false
	receive.buffer.bytes = 32768
	reconnect.backoff.max.ms = 1000
	reconnect.backoff.ms = 50
	request.timeout.ms = 5000
	retries = 2147483647
	retry.backoff.max.ms = 1000
	retry.backoff.ms = 100
	sasl.client.callback.handler.class = null
	sasl.jaas.config = null
	sasl.kerberos.kinit.cmd = /usr/bin/kinit
	sasl.kerberos.min.time.before.relogin = 60000
	sasl.kerberos.service.name = null
	sasl.kerberos.ticket.renew.jitter = 0.05
	sasl.kerberos.ticket.renew.window.factor = 0.8
	sasl.login.callback.handler.class = null
	sasl.login.class = null
	sasl.login.connect.timeout.ms = null
	sasl.login.read.timeout.ms = null
	sasl.login.refresh.buffer.seconds = 300
	sasl.login.refresh.min.period.seconds = 60
	sasl.login.refresh.window.factor = 0.8
	sasl.login.refresh.window.jitter = 0.05
	sasl.login.retry.backoff.max.ms = 10000
	sasl.login.retry.backoff.ms = 100
	sasl.mechanism = GSSAPI
	sasl.oauthbearer.clock.skew.seconds = 30
	sasl.oauthbearer.expected.audience = null
	sasl.oauthbearer.expected.issuer = null
	sasl.oauthbearer.header.urlencode = false
	sasl.oauthbearer.jwks.endpoint.refresh.ms = 3600000
	sasl.oauthbearer.jwks.endpoint.retry.backoff.max.ms = 10000
	sasl.oauthbearer.jwks.endpoint.retry.backoff.ms = 100
	sasl.oauthbearer.jwks.endpoint.url = null
	sasl.oauthbearer.scope.claim.name = scope
	sasl.oauthbearer.sub.claim.name = sub
	sasl.oauthbearer.token.endpoint.url = null
	security.protocol = PLAINTEXT
	security.providers = null
	send.buffer.bytes = 131072
	socket.connection.setup.timeout.max.ms = 30000
	socket.connection.setup.timeout.ms = 10000
	ssl.cipher.suites = null
	ssl.enabled.protocols = [TLSv1.2, TLSv1.3]
	ssl.endpoint.identification.algorithm = https
	ssl.engine.factory.class = null
	ssl.key.password = null
	ssl.keymanager.algorithm = SunX509
	ssl.keystore.certificate.chain = null
	ssl.keystore.key = null
	ssl.keystore.location = null
	ssl.keystore.password = null
	ssl.keystore.type = JKS
	ssl.protocol = TLSv1.3
	ssl.provider = null
	ssl.secure.random.implementation = null
	ssl.trustmanager.algorithm = PKIX
	ssl.truststore.certificates = null
	ssl.truststore.location = null
	ssl.truststore.password = null
	ssl.truststore.type = JKS
	transaction.timeout.ms = 60000
	transactional.id = null
	value.serializer = class io.apicurio.registry.serde.avro.AvroKafkaSerializer

2025-08-13 18:22:01,657 INFO  [org.apa.kaf.com.tel.int.KafkaMetricsCollector] (main) initializing Kafka metrics collector
2025-08-13 18:22:01,665 INFO  [org.apa.kaf.cli.pro.KafkaProducer] (main) [Producer clientId=Producer-topic-5c9122db_8b12_47f4_8396_54a071276be0] Instantiated an idempotent producer.
2025-08-13 18:22:01,674 INFO  [org.apa.kaf.cli.pro.ProducerConfig] (main) These configurations '[apicurio.registry.avro.encoding, apicurio.registry.url, apicurio.registry.auto-register, apicurio.registry.artifact-resolver-strategy]' were supplied but are not used yet.
2025-08-13 18:22:01,675 INFO  [org.apa.kaf.com.uti.AppInfoParser] (main) Kafka version: 3.9.1
2025-08-13 18:22:01,675 INFO  [org.apa.kaf.com.uti.AppInfoParser] (main) Kafka commitId: f745dfdcee2b9851
2025-08-13 18:22:01,675 INFO  [org.apa.kaf.com.uti.AppInfoParser] (main) Kafka startTimeMs: 1755109321675
2025-08-13 18:22:01,675 INFO  [io.api.tes.ser.api.SimpleSerdesTesterBuilder$SimpleSerdesTester] (main) Using producer configuration: {apicurio.registry.avro.encoding=JSON, apicurio.registry.url=http://registry-app-mysql.apps.ci419.apicurio-testing.org:80/apis/registry/v3, apicurio.registry.auto-register=true, apicurio.registry.artifact-resolver-strategy=io.apicurio.registry.serde.strategy.TopicIdStrategy, value.serializer=io.apicurio.registry.serde.avro.AvroKafkaSerializer, request.timeout.ms=5000, acks=all, bootstrap.servers=PLAINTEXT://localhost:32769, connections.max.idle.ms=10000, key.serializer=org.apache.kafka.common.serialization.StringSerializer, client.id=Producer-topic-5c9122db_8b12_47f4_8396_54a071276be0}
2025-08-13 18:22:01,675 INFO  [io.api.tes.ser.api.SimpleSerdesTesterBuilder$SimpleSerdesTester] (main) Using consumer configuration: {apicurio.registry.avro.encoding=JSON}
2025-08-13 18:22:01,675 INFO  [io.api.tes.ser.api.KafkaSerdesTester] (Thread-615) Sending message {"bar": "value-0"} to topic topic-5c9122db_8b12_47f4_8396_54a071276be0
2025-08-13 18:22:01,682 WARN  [org.apa.kaf.cli.NetworkClient] (kafka-producer-network-thread | Producer-topic-5c9122db_8b12_47f4_8396_54a071276be0) [Producer clientId=Producer-topic-5c9122db_8b12_47f4_8396_54a071276be0] The metadata response from the cluster reported a recoverable issue with correlation id 1 : {topic-5c9122db_8b12_47f4_8396_54a071276be0=UNKNOWN_TOPIC_OR_PARTITION}
2025-08-13 18:22:01,683 INFO  [org.apa.kaf.cli.Metadata] (kafka-producer-network-thread | Producer-topic-5c9122db_8b12_47f4_8396_54a071276be0) [Producer clientId=Producer-topic-5c9122db_8b12_47f4_8396_54a071276be0] Cluster ID: qvRm5C5FS3SD7xP4bjB8Pg
2025-08-13 18:22:01,683 INFO  [org.apa.kaf.cli.pro.int.TransactionManager] (kafka-producer-network-thread | Producer-topic-5c9122db_8b12_47f4_8396_54a071276be0) [Producer clientId=Producer-topic-5c9122db_8b12_47f4_8396_54a071276be0] ProducerId set to 3 with epoch 0
2025-08-13 18:22:02,005 INFO  [io.api.tes.ser.api.KafkaSerdesTester] (Thread-615) Sending message {"bar": "value-1"} to topic topic-5c9122db_8b12_47f4_8396_54a071276be0
2025-08-13 18:22:02,008 INFO  [io.api.tes.ser.api.KafkaSerdesTester] (Thread-615) Sending message {"bar": "value-2"} to topic topic-5c9122db_8b12_47f4_8396_54a071276be0
2025-08-13 18:22:02,011 INFO  [io.api.tes.ser.api.KafkaSerdesTester] (Thread-615) Sending message {"bar": "value-3"} to topic topic-5c9122db_8b12_47f4_8396_54a071276be0
2025-08-13 18:22:02,013 INFO  [io.api.tes.ser.api.KafkaSerdesTester] (Thread-615) Sending message {"bar": "value-4"} to topic topic-5c9122db_8b12_47f4_8396_54a071276be0
2025-08-13 18:22:02,015 INFO  [io.api.tes.ser.api.KafkaSerdesTester] (Thread-615) Sending message {"bar": "value-5"} to topic topic-5c9122db_8b12_47f4_8396_54a071276be0
2025-08-13 18:22:02,018 INFO  [io.api.tes.ser.api.KafkaSerdesTester] (Thread-615) Sending message {"bar": "value-6"} to topic topic-5c9122db_8b12_47f4_8396_54a071276be0
2025-08-13 18:22:02,020 INFO  [io.api.tes.ser.api.KafkaSerdesTester] (Thread-615) Sending message {"bar": "value-7"} to topic topic-5c9122db_8b12_47f4_8396_54a071276be0
2025-08-13 18:22:02,024 INFO  [io.api.tes.ser.api.KafkaSerdesTester] (Thread-615) Sending message {"bar": "value-8"} to topic topic-5c9122db_8b12_47f4_8396_54a071276be0
2025-08-13 18:22:02,031 INFO  [io.api.tes.ser.api.KafkaSerdesTester] (Thread-615) Sending message {"bar": "value-9"} to topic topic-5c9122db_8b12_47f4_8396_54a071276be0
2025-08-13 18:22:02,033 INFO  [io.api.tes.ser.api.KafkaSerdesTester] (Thread-615) Produced 10 messages
2025-08-13 18:22:02,033 INFO  [org.apa.kaf.cli.pro.KafkaProducer] (Thread-615) [Producer clientId=Producer-topic-5c9122db_8b12_47f4_8396_54a071276be0] Closing the Kafka producer with timeoutMillis = 9223372036854775807 ms.
2025-08-13 18:22:02,037 INFO  [org.apa.kaf.com.met.Metrics] (Thread-615) Metrics scheduler closed
2025-08-13 18:22:02,037 INFO  [org.apa.kaf.com.met.Metrics] (Thread-615) Closing reporter org.apache.kafka.common.metrics.JmxReporter
2025-08-13 18:22:02,038 INFO  [org.apa.kaf.com.met.Metrics] (Thread-615) Closing reporter org.apache.kafka.common.telemetry.internals.ClientTelemetryReporter
2025-08-13 18:22:02,038 INFO  [org.apa.kaf.com.met.Metrics] (Thread-615) Metrics reporters closed
2025-08-13 18:22:02,038 INFO  [org.apa.kaf.com.uti.AppInfoParser] (Thread-615) App info kafka.producer for Producer-topic-5c9122db_8b12_47f4_8396_54a071276be0 unregistered
**** Registry Base URL: http://registry-app-mysql.apps.ci419.apicurio-testing.org:80
2025-08-13 18:22:02,212 INFO  [org.apa.kaf.cli.con.ConsumerConfig] (main) ConsumerConfig values: 
	allow.auto.create.topics = true
	auto.commit.interval.ms = 500
	auto.include.jmx.reporter = true
	auto.offset.reset = earliest
	bootstrap.servers = [PLAINTEXT://localhost:32769]
	check.crcs = true
	client.dns.lookup = use_all_dns_ips
	client.id = consumer-Consumer-topic-5c9122db_8b12_47f4_8396_54a071276be0-3
	client.rack = 
	connections.max.idle.ms = 10000
	default.api.timeout.ms = 60000
	enable.auto.commit = true
	enable.metrics.push = true
	exclude.internal.topics = true
	fetch.max.bytes = 52428800
	fetch.max.wait.ms = 500
	fetch.min.bytes = 1
	group.id = Consumer-topic-5c9122db_8b12_47f4_8396_54a071276be0
	group.instance.id = null
	group.protocol = classic
	group.remote.assignor = null
	heartbeat.interval.ms = 3000
	interceptor.classes = []
	internal.leave.group.on.close = true
	internal.throw.on.fetch.stable.offset.unsupported = false
	isolation.level = read_uncommitted
	key.deserializer = class org.apache.kafka.common.serialization.StringDeserializer
	max.partition.fetch.bytes = 1048576
	max.poll.interval.ms = 300000
	max.poll.records = 500
	metadata.max.age.ms = 300000
	metadata.recovery.strategy = none
	metric.reporters = []
	metrics.num.samples = 2
	metrics.recording.level = INFO
	metrics.sample.window.ms = 30000
	partition.assignment.strategy = [class org.apache.kafka.clients.consumer.RangeAssignor, class org.apache.kafka.clients.consumer.CooperativeStickyAssignor]
	receive.buffer.bytes = 65536
	reconnect.backoff.max.ms = 1000
	reconnect.backoff.ms = 50
	request.timeout.ms = 5000
	retry.backoff.max.ms = 1000
	retry.backoff.ms = 100
	sasl.client.callback.handler.class = null
	sasl.jaas.config = null
	sasl.kerberos.kinit.cmd = /usr/bin/kinit
	sasl.kerberos.min.time.before.relogin = 60000
	sasl.kerberos.service.name = null
	sasl.kerberos.ticket.renew.jitter = 0.05
	sasl.kerberos.ticket.renew.window.factor = 0.8
	sasl.login.callback.handler.class = null
	sasl.login.class = null
	sasl.login.connect.timeout.ms = null
	sasl.login.read.timeout.ms = null
	sasl.login.refresh.buffer.seconds = 300
	sasl.login.refresh.min.period.seconds = 60
	sasl.login.refresh.window.factor = 0.8
	sasl.login.refresh.window.jitter = 0.05
	sasl.login.retry.backoff.max.ms = 10000
	sasl.login.retry.backoff.ms = 100
	sasl.mechanism = GSSAPI
	sasl.oauthbearer.clock.skew.seconds = 30
	sasl.oauthbearer.expected.audience = null
	sasl.oauthbearer.expected.issuer = null
	sasl.oauthbearer.header.urlencode = false
	sasl.oauthbearer.jwks.endpoint.refresh.ms = 3600000
	sasl.oauthbearer.jwks.endpoint.retry.backoff.max.ms = 10000
	sasl.oauthbearer.jwks.endpoint.retry.backoff.ms = 100
	sasl.oauthbearer.jwks.endpoint.url = null
	sasl.oauthbearer.scope.claim.name = scope
	sasl.oauthbearer.sub.claim.name = sub
	sasl.oauthbearer.token.endpoint.url = null
	security.protocol = PLAINTEXT
	security.providers = null
	send.buffer.bytes = 131072
	session.timeout.ms = 45000
	socket.connection.setup.timeout.max.ms = 30000
	socket.connection.setup.timeout.ms = 10000
	ssl.cipher.suites = null
	ssl.enabled.protocols = [TLSv1.2, TLSv1.3]
	ssl.endpoint.identification.algorithm = https
	ssl.engine.factory.class = null
	ssl.key.password = null
	ssl.keymanager.algorithm = SunX509
	ssl.keystore.certificate.chain = null
	ssl.keystore.key = null
	ssl.keystore.location = null
	ssl.keystore.password = null
	ssl.keystore.type = JKS
	ssl.protocol = TLSv1.3
	ssl.provider = null
	ssl.secure.random.implementation = null
	ssl.trustmanager.algorithm = PKIX
	ssl.truststore.certificates = null
	ssl.truststore.location = null
	ssl.truststore.password = null
	ssl.truststore.type = JKS
	value.deserializer = class io.apicurio.registry.serde.avro.AvroKafkaDeserializer

2025-08-13 18:22:02,212 INFO  [org.apa.kaf.com.tel.int.KafkaMetricsCollector] (main) initializing Kafka metrics collector
2025-08-13 18:22:02,219 INFO  [org.apa.kaf.cli.con.ConsumerConfig] (main) These configurations '[apicurio.registry.avro.encoding, apicurio.registry.url]' were supplied but are not used yet.
2025-08-13 18:22:02,219 INFO  [org.apa.kaf.com.uti.AppInfoParser] (main) Kafka version: 3.9.1
2025-08-13 18:22:02,219 INFO  [org.apa.kaf.com.uti.AppInfoParser] (main) Kafka commitId: f745dfdcee2b9851
2025-08-13 18:22:02,219 INFO  [org.apa.kaf.com.uti.AppInfoParser] (main) Kafka startTimeMs: 1755109322219
2025-08-13 18:22:02,220 INFO  [org.apa.kaf.cli.con.int.ClassicKafkaConsumer] (Thread-618) [Consumer clientId=consumer-Consumer-topic-5c9122db_8b12_47f4_8396_54a071276be0-3, groupId=Consumer-topic-5c9122db_8b12_47f4_8396_54a071276be0] Subscribed to topic(s): topic-5c9122db_8b12_47f4_8396_54a071276be0
2025-08-13 18:22:02,226 INFO  [org.apa.kaf.cli.Metadata] (Thread-618) [Consumer clientId=consumer-Consumer-topic-5c9122db_8b12_47f4_8396_54a071276be0-3, groupId=Consumer-topic-5c9122db_8b12_47f4_8396_54a071276be0] Cluster ID: qvRm5C5FS3SD7xP4bjB8Pg
2025-08-13 18:22:02,231 INFO  [org.apa.kaf.cli.con.int.ConsumerCoordinator] (Thread-618) [Consumer clientId=consumer-Consumer-topic-5c9122db_8b12_47f4_8396_54a071276be0-3, groupId=Consumer-topic-5c9122db_8b12_47f4_8396_54a071276be0] Discovered group coordinator localhost:32769 (id: 2147483647 rack: null)
2025-08-13 18:22:02,233 INFO  [org.apa.kaf.cli.con.int.ConsumerCoordinator] (Thread-618) [Consumer clientId=consumer-Consumer-topic-5c9122db_8b12_47f4_8396_54a071276be0-3, groupId=Consumer-topic-5c9122db_8b12_47f4_8396_54a071276be0] (Re-)joining group
2025-08-13 18:22:02,238 INFO  [org.apa.kaf.cli.con.int.ConsumerCoordinator] (Thread-618) [Consumer clientId=consumer-Consumer-topic-5c9122db_8b12_47f4_8396_54a071276be0-3, groupId=Consumer-topic-5c9122db_8b12_47f4_8396_54a071276be0] Request joining group due to: need to re-join with the given member-id: consumer-Consumer-topic-5c9122db_8b12_47f4_8396_54a071276be0-3-bf7d1abe-f9cd-4a32-a1d1-c6b3404871ef
2025-08-13 18:22:02,238 INFO  [org.apa.kaf.cli.con.int.ConsumerCoordinator] (Thread-618) [Consumer clientId=consumer-Consumer-topic-5c9122db_8b12_47f4_8396_54a071276be0-3, groupId=Consumer-topic-5c9122db_8b12_47f4_8396_54a071276be0] (Re-)joining group
2025-08-13 18:22:03,220 INFO  [io.api.tes.ser.api.KafkaSerdesTester] (Thread-618) None found
2025-08-13 18:22:04,220 INFO  [io.api.tes.ser.api.KafkaSerdesTester] (Thread-618) None found
2025-08-13 18:22:05,220 INFO  [io.api.tes.ser.api.KafkaSerdesTester] (Thread-618) None found
2025-08-13 18:22:05,241 INFO  [org.apa.kaf.cli.con.int.ConsumerCoordinator] (Thread-618) [Consumer clientId=consumer-Consumer-topic-5c9122db_8b12_47f4_8396_54a071276be0-3, groupId=Consumer-topic-5c9122db_8b12_47f4_8396_54a071276be0] Successfully joined group with generation Generation{generationId=1, memberId='consumer-Consumer-topic-5c9122db_8b12_47f4_8396_54a071276be0-3-bf7d1abe-f9cd-4a32-a1d1-c6b3404871ef', protocol='range'}
2025-08-13 18:22:05,242 INFO  [org.apa.kaf.cli.con.int.ConsumerCoordinator] (Thread-618) [Consumer clientId=consumer-Consumer-topic-5c9122db_8b12_47f4_8396_54a071276be0-3, groupId=Consumer-topic-5c9122db_8b12_47f4_8396_54a071276be0] Finished assignment for group at generation 1: {consumer-Consumer-topic-5c9122db_8b12_47f4_8396_54a071276be0-3-bf7d1abe-f9cd-4a32-a1d1-c6b3404871ef=Assignment(partitions=[topic-5c9122db_8b12_47f4_8396_54a071276be0-0])}
2025-08-13 18:22:05,250 INFO  [org.apa.kaf.cli.con.int.ConsumerCoordinator] (Thread-618) [Consumer clientId=consumer-Consumer-topic-5c9122db_8b12_47f4_8396_54a071276be0-3, groupId=Consumer-topic-5c9122db_8b12_47f4_8396_54a071276be0] Successfully synced group in generation Generation{generationId=1, memberId='consumer-Consumer-topic-5c9122db_8b12_47f4_8396_54a071276be0-3-bf7d1abe-f9cd-4a32-a1d1-c6b3404871ef', protocol='range'}
2025-08-13 18:22:05,250 INFO  [org.apa.kaf.cli.con.int.ConsumerCoordinator] (Thread-618) [Consumer clientId=consumer-Consumer-topic-5c9122db_8b12_47f4_8396_54a071276be0-3, groupId=Consumer-topic-5c9122db_8b12_47f4_8396_54a071276be0] Notifying assignor about the new Assignment(partitions=[topic-5c9122db_8b12_47f4_8396_54a071276be0-0])
2025-08-13 18:22:05,250 INFO  [org.apa.kaf.cli.con.int.ConsumerRebalanceListenerInvoker] (Thread-618) [Consumer clientId=consumer-Consumer-topic-5c9122db_8b12_47f4_8396_54a071276be0-3, groupId=Consumer-topic-5c9122db_8b12_47f4_8396_54a071276be0] Adding newly assigned partitions: topic-5c9122db_8b12_47f4_8396_54a071276be0-0
2025-08-13 18:22:05,251 INFO  [org.apa.kaf.cli.con.int.ConsumerCoordinator] (Thread-618) [Consumer clientId=consumer-Consumer-topic-5c9122db_8b12_47f4_8396_54a071276be0-3, groupId=Consumer-topic-5c9122db_8b12_47f4_8396_54a071276be0] Found no committed offset for partition topic-5c9122db_8b12_47f4_8396_54a071276be0-0
2025-08-13 18:22:05,259 INFO  [org.apa.kaf.cli.con.int.SubscriptionState] (Thread-618) [Consumer clientId=consumer-Consumer-topic-5c9122db_8b12_47f4_8396_54a071276be0-3, groupId=Consumer-topic-5c9122db_8b12_47f4_8396_54a071276be0] Resetting offset for partition topic-5c9122db_8b12_47f4_8396_54a071276be0-0 to position FetchPosition{offset=0, offsetEpoch=Optional.empty, currentLeader=LeaderAndEpoch{leader=Optional[localhost:32769 (id: 0 rack: null)], epoch=0}}.
2025-08-13 18:22:05,494 INFO  [io.api.tes.ser.api.KafkaSerdesTester] (Thread-618) topic-5c9122db_8b12_47f4_8396_54a071276be0 0 0 {"bar": "value-0"}
2025-08-13 18:22:05,494 INFO  [io.api.tes.ser.api.KafkaSerdesTester] (Thread-618) topic-5c9122db_8b12_47f4_8396_54a071276be0 0 1 {"bar": "value-1"}
2025-08-13 18:22:05,494 INFO  [io.api.tes.ser.api.KafkaSerdesTester] (Thread-618) topic-5c9122db_8b12_47f4_8396_54a071276be0 0 2 {"bar": "value-2"}
2025-08-13 18:22:05,494 INFO  [io.api.tes.ser.api.KafkaSerdesTester] (Thread-618) topic-5c9122db_8b12_47f4_8396_54a071276be0 0 3 {"bar": "value-3"}
2025-08-13 18:22:05,494 INFO  [io.api.tes.ser.api.KafkaSerdesTester] (Thread-618) topic-5c9122db_8b12_47f4_8396_54a071276be0 0 4 {"bar": "value-4"}
2025-08-13 18:22:05,494 INFO  [io.api.tes.ser.api.KafkaSerdesTester] (Thread-618) topic-5c9122db_8b12_47f4_8396_54a071276be0 0 5 {"bar": "value-5"}
2025-08-13 18:22:05,494 INFO  [io.api.tes.ser.api.KafkaSerdesTester] (Thread-618) topic-5c9122db_8b12_47f4_8396_54a071276be0 0 6 {"bar": "value-6"}
2025-08-13 18:22:05,495 INFO  [io.api.tes.ser.api.KafkaSerdesTester] (Thread-618) topic-5c9122db_8b12_47f4_8396_54a071276be0 0 7 {"bar": "value-7"}
2025-08-13 18:22:05,495 INFO  [io.api.tes.ser.api.KafkaSerdesTester] (Thread-618) topic-5c9122db_8b12_47f4_8396_54a071276be0 0 8 {"bar": "value-8"}
2025-08-13 18:22:05,495 INFO  [io.api.tes.ser.api.KafkaSerdesTester] (Thread-618) topic-5c9122db_8b12_47f4_8396_54a071276be0 0 9 {"bar": "value-9"}
2025-08-13 18:22:05,495 INFO  [io.api.tes.ser.api.KafkaSerdesTester] (Thread-618) Consumed 10 messages
2025-08-13 18:22:05,502 INFO  [org.apa.kaf.cli.con.int.ConsumerRebalanceListenerInvoker] (Thread-618) [Consumer clientId=consumer-Consumer-topic-5c9122db_8b12_47f4_8396_54a071276be0-3, groupId=Consumer-topic-5c9122db_8b12_47f4_8396_54a071276be0] Revoke previously assigned partitions topic-5c9122db_8b12_47f4_8396_54a071276be0-0
2025-08-13 18:22:05,502 INFO  [org.apa.kaf.cli.con.int.ConsumerCoordinator] (Thread-618) [Consumer clientId=consumer-Consumer-topic-5c9122db_8b12_47f4_8396_54a071276be0-3, groupId=Consumer-topic-5c9122db_8b12_47f4_8396_54a071276be0] Member consumer-Consumer-topic-5c9122db_8b12_47f4_8396_54a071276be0-3-bf7d1abe-f9cd-4a32-a1d1-c6b3404871ef sending LeaveGroup request to coordinator localhost:32769 (id: 2147483647 rack: null) due to the consumer is being closed
2025-08-13 18:22:05,502 INFO  [org.apa.kaf.cli.con.int.ConsumerCoordinator] (Thread-618) [Consumer clientId=consumer-Consumer-topic-5c9122db_8b12_47f4_8396_54a071276be0-3, groupId=Consumer-topic-5c9122db_8b12_47f4_8396_54a071276be0] Resetting generation and member id due to: consumer pro-actively leaving the group
2025-08-13 18:22:05,502 INFO  [org.apa.kaf.cli.con.int.ConsumerCoordinator] (Thread-618) [Consumer clientId=consumer-Consumer-topic-5c9122db_8b12_47f4_8396_54a071276be0-3, groupId=Consumer-topic-5c9122db_8b12_47f4_8396_54a071276be0] Request joining group due to: consumer pro-actively leaving the group
2025-08-13 18:22:05,997 INFO  [org.apa.kaf.com.met.Metrics] (Thread-618) Metrics scheduler closed
2025-08-13 18:22:05,997 INFO  [org.apa.kaf.com.met.Metrics] (Thread-618) Closing reporter org.apache.kafka.common.metrics.JmxReporter
2025-08-13 18:22:05,997 INFO  [org.apa.kaf.com.met.Metrics] (Thread-618) Closing reporter org.apache.kafka.common.telemetry.internals.ClientTelemetryReporter
2025-08-13 18:22:05,997 INFO  [org.apa.kaf.com.met.Metrics] (Thread-618) Metrics reporters closed
2025-08-13 18:22:06,003 INFO  [org.apa.kaf.com.uti.AppInfoParser] (Thread-618) App info kafka.consumer for consumer-Consumer-topic-5c9122db_8b12_47f4_8396_54a071276be0-3 unregistered
2025-08-13 18:22:06,005 INFO  [io.api.tes.uti.TestSeparator] (main) io.apicurio.tests.serdes.apicurio.AvroSerdeIT.testAvroJSON-FINISHED
2025-08-13 18:22:06,005 INFO  [io.api.tes.uti.TestSeparator] (main) ############################################################################
Test passed: testAvroJSON
]]></system-out>
  </testcase>
  <testcase name="testTopicIdStrategyAutoRegister" classname="io.apicurio.tests.serdes.apicurio.AvroSerdeIT" time="4.504">
    <system-out><![CDATA[2025-08-13 18:22:06,008 INFO  [io.api.tes.uti.TestSeparator] (main) ############################################################################
2025-08-13 18:22:06,009 INFO  [io.api.tes.uti.TestSeparator] (main) io.apicurio.tests.serdes.apicurio.AvroSerdeIT.testTopicIdStrategyAutoRegister-STARTED
**** Registry Base URL: http://registry-app-mysql.apps.ci419.apicurio-testing.org:80
2025-08-13 18:22:06,012 INFO  [org.apa.kaf.cli.pro.ProducerConfig] (main) ProducerConfig values: 
	acks = -1
	auto.include.jmx.reporter = true
	batch.size = 16384
	bootstrap.servers = [PLAINTEXT://localhost:32769]
	buffer.memory = 33554432
	client.dns.lookup = use_all_dns_ips
	client.id = Producer-topic-a7255be0_ee92_4620_8238_acb51c37e9f6
	compression.gzip.level = -1
	compression.lz4.level = 9
	compression.type = none
	compression.zstd.level = 3
	connections.max.idle.ms = 10000
	delivery.timeout.ms = 120000
	enable.idempotence = true
	enable.metrics.push = true
	interceptor.classes = []
	key.serializer = class org.apache.kafka.common.serialization.StringSerializer
	linger.ms = 0
	max.block.ms = 60000
	max.in.flight.requests.per.connection = 5
	max.request.size = 1048576
	metadata.max.age.ms = 300000
	metadata.max.idle.ms = 300000
	metadata.recovery.strategy = none
	metric.reporters = []
	metrics.num.samples = 2
	metrics.recording.level = INFO
	metrics.sample.window.ms = 30000
	partitioner.adaptive.partitioning.enable = true
	partitioner.availability.timeout.ms = 0
	partitioner.class = null
	partitioner.ignore.keys = false
	receive.buffer.bytes = 32768
	reconnect.backoff.max.ms = 1000
	reconnect.backoff.ms = 50
	request.timeout.ms = 5000
	retries = 2147483647
	retry.backoff.max.ms = 1000
	retry.backoff.ms = 100
	sasl.client.callback.handler.class = null
	sasl.jaas.config = null
	sasl.kerberos.kinit.cmd = /usr/bin/kinit
	sasl.kerberos.min.time.before.relogin = 60000
	sasl.kerberos.service.name = null
	sasl.kerberos.ticket.renew.jitter = 0.05
	sasl.kerberos.ticket.renew.window.factor = 0.8
	sasl.login.callback.handler.class = null
	sasl.login.class = null
	sasl.login.connect.timeout.ms = null
	sasl.login.read.timeout.ms = null
	sasl.login.refresh.buffer.seconds = 300
	sasl.login.refresh.min.period.seconds = 60
	sasl.login.refresh.window.factor = 0.8
	sasl.login.refresh.window.jitter = 0.05
	sasl.login.retry.backoff.max.ms = 10000
	sasl.login.retry.backoff.ms = 100
	sasl.mechanism = GSSAPI
	sasl.oauthbearer.clock.skew.seconds = 30
	sasl.oauthbearer.expected.audience = null
	sasl.oauthbearer.expected.issuer = null
	sasl.oauthbearer.header.urlencode = false
	sasl.oauthbearer.jwks.endpoint.refresh.ms = 3600000
	sasl.oauthbearer.jwks.endpoint.retry.backoff.max.ms = 10000
	sasl.oauthbearer.jwks.endpoint.retry.backoff.ms = 100
	sasl.oauthbearer.jwks.endpoint.url = null
	sasl.oauthbearer.scope.claim.name = scope
	sasl.oauthbearer.sub.claim.name = sub
	sasl.oauthbearer.token.endpoint.url = null
	security.protocol = PLAINTEXT
	security.providers = null
	send.buffer.bytes = 131072
	socket.connection.setup.timeout.max.ms = 30000
	socket.connection.setup.timeout.ms = 10000
	ssl.cipher.suites = null
	ssl.enabled.protocols = [TLSv1.2, TLSv1.3]
	ssl.endpoint.identification.algorithm = https
	ssl.engine.factory.class = null
	ssl.key.password = null
	ssl.keymanager.algorithm = SunX509
	ssl.keystore.certificate.chain = null
	ssl.keystore.key = null
	ssl.keystore.location = null
	ssl.keystore.password = null
	ssl.keystore.type = JKS
	ssl.protocol = TLSv1.3
	ssl.provider = null
	ssl.secure.random.implementation = null
	ssl.trustmanager.algorithm = PKIX
	ssl.truststore.certificates = null
	ssl.truststore.location = null
	ssl.truststore.password = null
	ssl.truststore.type = JKS
	transaction.timeout.ms = 60000
	transactional.id = null
	value.serializer = class io.apicurio.registry.serde.avro.AvroKafkaSerializer

2025-08-13 18:22:06,012 INFO  [org.apa.kaf.com.tel.int.KafkaMetricsCollector] (main) initializing Kafka metrics collector
2025-08-13 18:22:06,016 INFO  [org.apa.kaf.cli.pro.KafkaProducer] (main) [Producer clientId=Producer-topic-a7255be0_ee92_4620_8238_acb51c37e9f6] Instantiated an idempotent producer.
2025-08-13 18:22:06,023 INFO  [org.apa.kaf.cli.pro.ProducerConfig] (main) These configurations '[apicurio.registry.url, apicurio.registry.auto-register, apicurio.registry.artifact-resolver-strategy]' were supplied but are not used yet.
2025-08-13 18:22:06,023 INFO  [org.apa.kaf.com.uti.AppInfoParser] (main) Kafka version: 3.9.1
2025-08-13 18:22:06,023 INFO  [org.apa.kaf.com.uti.AppInfoParser] (main) Kafka commitId: f745dfdcee2b9851
2025-08-13 18:22:06,023 INFO  [org.apa.kaf.com.uti.AppInfoParser] (main) Kafka startTimeMs: 1755109326023
2025-08-13 18:22:06,024 INFO  [io.api.tes.ser.api.SimpleSerdesTesterBuilder$SimpleSerdesTester] (main) Using producer configuration: {apicurio.registry.url=http://registry-app-mysql.apps.ci419.apicurio-testing.org:80/apis/registry/v3, apicurio.registry.auto-register=true, apicurio.registry.artifact-resolver-strategy=io.apicurio.registry.serde.strategy.TopicIdStrategy, value.serializer=io.apicurio.registry.serde.avro.AvroKafkaSerializer, request.timeout.ms=5000, acks=all, bootstrap.servers=PLAINTEXT://localhost:32769, connections.max.idle.ms=10000, key.serializer=org.apache.kafka.common.serialization.StringSerializer, client.id=Producer-topic-a7255be0_ee92_4620_8238_acb51c37e9f6}
2025-08-13 18:22:06,024 INFO  [io.api.tes.ser.api.SimpleSerdesTesterBuilder$SimpleSerdesTester] (main) Using consumer configuration: {}
2025-08-13 18:22:06,026 INFO  [io.api.tes.ser.api.KafkaSerdesTester] (Thread-621) Sending message {"key11755109326010": "value-0"} to topic topic-a7255be0_ee92_4620_8238_acb51c37e9f6
2025-08-13 18:22:06,034 WARN  [org.apa.kaf.cli.NetworkClient] (kafka-producer-network-thread | Producer-topic-a7255be0_ee92_4620_8238_acb51c37e9f6) [Producer clientId=Producer-topic-a7255be0_ee92_4620_8238_acb51c37e9f6] The metadata response from the cluster reported a recoverable issue with correlation id 1 : {topic-a7255be0_ee92_4620_8238_acb51c37e9f6=UNKNOWN_TOPIC_OR_PARTITION}
2025-08-13 18:22:06,034 INFO  [org.apa.kaf.cli.Metadata] (kafka-producer-network-thread | Producer-topic-a7255be0_ee92_4620_8238_acb51c37e9f6) [Producer clientId=Producer-topic-a7255be0_ee92_4620_8238_acb51c37e9f6] Cluster ID: qvRm5C5FS3SD7xP4bjB8Pg
2025-08-13 18:22:06,036 INFO  [org.apa.kaf.cli.pro.int.TransactionManager] (kafka-producer-network-thread | Producer-topic-a7255be0_ee92_4620_8238_acb51c37e9f6) [Producer clientId=Producer-topic-a7255be0_ee92_4620_8238_acb51c37e9f6] ProducerId set to 4 with epoch 0
2025-08-13 18:22:06,349 INFO  [io.api.tes.ser.api.KafkaSerdesTester] (Thread-621) Sending message {"key11755109326010": "value-1"} to topic topic-a7255be0_ee92_4620_8238_acb51c37e9f6
2025-08-13 18:22:06,352 INFO  [io.api.tes.ser.api.KafkaSerdesTester] (Thread-621) Sending message {"key11755109326010": "value-2"} to topic topic-a7255be0_ee92_4620_8238_acb51c37e9f6
2025-08-13 18:22:06,354 INFO  [io.api.tes.ser.api.KafkaSerdesTester] (Thread-621) Sending message {"key11755109326010": "value-3"} to topic topic-a7255be0_ee92_4620_8238_acb51c37e9f6
2025-08-13 18:22:06,356 INFO  [io.api.tes.ser.api.KafkaSerdesTester] (Thread-621) Sending message {"key11755109326010": "value-4"} to topic topic-a7255be0_ee92_4620_8238_acb51c37e9f6
2025-08-13 18:22:06,358 INFO  [io.api.tes.ser.api.KafkaSerdesTester] (Thread-621) Sending message {"key11755109326010": "value-5"} to topic topic-a7255be0_ee92_4620_8238_acb51c37e9f6
2025-08-13 18:22:06,360 INFO  [io.api.tes.ser.api.KafkaSerdesTester] (Thread-621) Sending message {"key11755109326010": "value-6"} to topic topic-a7255be0_ee92_4620_8238_acb51c37e9f6
2025-08-13 18:22:06,364 INFO  [io.api.tes.ser.api.KafkaSerdesTester] (Thread-621) Sending message {"key11755109326010": "value-7"} to topic topic-a7255be0_ee92_4620_8238_acb51c37e9f6
2025-08-13 18:22:06,366 INFO  [io.api.tes.ser.api.KafkaSerdesTester] (Thread-621) Sending message {"key11755109326010": "value-8"} to topic topic-a7255be0_ee92_4620_8238_acb51c37e9f6
2025-08-13 18:22:06,368 INFO  [io.api.tes.ser.api.KafkaSerdesTester] (Thread-621) Sending message {"key11755109326010": "value-9"} to topic topic-a7255be0_ee92_4620_8238_acb51c37e9f6
2025-08-13 18:22:06,370 INFO  [io.api.tes.ser.api.KafkaSerdesTester] (Thread-621) Produced 10 messages
2025-08-13 18:22:06,370 INFO  [org.apa.kaf.cli.pro.KafkaProducer] (Thread-621) [Producer clientId=Producer-topic-a7255be0_ee92_4620_8238_acb51c37e9f6] Closing the Kafka producer with timeoutMillis = 9223372036854775807 ms.
2025-08-13 18:22:06,373 INFO  [org.apa.kaf.com.met.Metrics] (Thread-621) Metrics scheduler closed
2025-08-13 18:22:06,374 INFO  [org.apa.kaf.com.met.Metrics] (Thread-621) Closing reporter org.apache.kafka.common.metrics.JmxReporter
2025-08-13 18:22:06,374 INFO  [org.apa.kaf.com.met.Metrics] (Thread-621) Closing reporter org.apache.kafka.common.telemetry.internals.ClientTelemetryReporter
2025-08-13 18:22:06,374 INFO  [org.apa.kaf.com.met.Metrics] (Thread-621) Metrics reporters closed
2025-08-13 18:22:06,374 INFO  [org.apa.kaf.com.uti.AppInfoParser] (Thread-621) App info kafka.producer for Producer-topic-a7255be0_ee92_4620_8238_acb51c37e9f6 unregistered
**** Registry Base URL: http://registry-app-mysql.apps.ci419.apicurio-testing.org:80
2025-08-13 18:22:06,546 INFO  [org.apa.kaf.cli.con.ConsumerConfig] (main) ConsumerConfig values: 
	allow.auto.create.topics = true
	auto.commit.interval.ms = 500
	auto.include.jmx.reporter = true
	auto.offset.reset = earliest
	bootstrap.servers = [PLAINTEXT://localhost:32769]
	check.crcs = true
	client.dns.lookup = use_all_dns_ips
	client.id = consumer-Consumer-topic-a7255be0_ee92_4620_8238_acb51c37e9f6-4
	client.rack = 
	connections.max.idle.ms = 10000
	default.api.timeout.ms = 60000
	enable.auto.commit = true
	enable.metrics.push = true
	exclude.internal.topics = true
	fetch.max.bytes = 52428800
	fetch.max.wait.ms = 500
	fetch.min.bytes = 1
	group.id = Consumer-topic-a7255be0_ee92_4620_8238_acb51c37e9f6
	group.instance.id = null
	group.protocol = classic
	group.remote.assignor = null
	heartbeat.interval.ms = 3000
	interceptor.classes = []
	internal.leave.group.on.close = true
	internal.throw.on.fetch.stable.offset.unsupported = false
	isolation.level = read_uncommitted
	key.deserializer = class org.apache.kafka.common.serialization.StringDeserializer
	max.partition.fetch.bytes = 1048576
	max.poll.interval.ms = 300000
	max.poll.records = 500
	metadata.max.age.ms = 300000
	metadata.recovery.strategy = none
	metric.reporters = []
	metrics.num.samples = 2
	metrics.recording.level = INFO
	metrics.sample.window.ms = 30000
	partition.assignment.strategy = [class org.apache.kafka.clients.consumer.RangeAssignor, class org.apache.kafka.clients.consumer.CooperativeStickyAssignor]
	receive.buffer.bytes = 65536
	reconnect.backoff.max.ms = 1000
	reconnect.backoff.ms = 50
	request.timeout.ms = 5000
	retry.backoff.max.ms = 1000
	retry.backoff.ms = 100
	sasl.client.callback.handler.class = null
	sasl.jaas.config = null
	sasl.kerberos.kinit.cmd = /usr/bin/kinit
	sasl.kerberos.min.time.before.relogin = 60000
	sasl.kerberos.service.name = null
	sasl.kerberos.ticket.renew.jitter = 0.05
	sasl.kerberos.ticket.renew.window.factor = 0.8
	sasl.login.callback.handler.class = null
	sasl.login.class = null
	sasl.login.connect.timeout.ms = null
	sasl.login.read.timeout.ms = null
	sasl.login.refresh.buffer.seconds = 300
	sasl.login.refresh.min.period.seconds = 60
	sasl.login.refresh.window.factor = 0.8
	sasl.login.refresh.window.jitter = 0.05
	sasl.login.retry.backoff.max.ms = 10000
	sasl.login.retry.backoff.ms = 100
	sasl.mechanism = GSSAPI
	sasl.oauthbearer.clock.skew.seconds = 30
	sasl.oauthbearer.expected.audience = null
	sasl.oauthbearer.expected.issuer = null
	sasl.oauthbearer.header.urlencode = false
	sasl.oauthbearer.jwks.endpoint.refresh.ms = 3600000
	sasl.oauthbearer.jwks.endpoint.retry.backoff.max.ms = 10000
	sasl.oauthbearer.jwks.endpoint.retry.backoff.ms = 100
	sasl.oauthbearer.jwks.endpoint.url = null
	sasl.oauthbearer.scope.claim.name = scope
	sasl.oauthbearer.sub.claim.name = sub
	sasl.oauthbearer.token.endpoint.url = null
	security.protocol = PLAINTEXT
	security.providers = null
	send.buffer.bytes = 131072
	session.timeout.ms = 45000
	socket.connection.setup.timeout.max.ms = 30000
	socket.connection.setup.timeout.ms = 10000
	ssl.cipher.suites = null
	ssl.enabled.protocols = [TLSv1.2, TLSv1.3]
	ssl.endpoint.identification.algorithm = https
	ssl.engine.factory.class = null
	ssl.key.password = null
	ssl.keymanager.algorithm = SunX509
	ssl.keystore.certificate.chain = null
	ssl.keystore.key = null
	ssl.keystore.location = null
	ssl.keystore.password = null
	ssl.keystore.type = JKS
	ssl.protocol = TLSv1.3
	ssl.provider = null
	ssl.secure.random.implementation = null
	ssl.trustmanager.algorithm = PKIX
	ssl.truststore.certificates = null
	ssl.truststore.location = null
	ssl.truststore.password = null
	ssl.truststore.type = JKS
	value.deserializer = class io.apicurio.registry.serde.avro.AvroKafkaDeserializer

2025-08-13 18:22:06,547 INFO  [org.apa.kaf.com.tel.int.KafkaMetricsCollector] (main) initializing Kafka metrics collector
2025-08-13 18:22:06,553 INFO  [org.apa.kaf.cli.con.ConsumerConfig] (main) These configurations '[apicurio.registry.url]' were supplied but are not used yet.
2025-08-13 18:22:06,554 INFO  [org.apa.kaf.com.uti.AppInfoParser] (main) Kafka version: 3.9.1
2025-08-13 18:22:06,554 INFO  [org.apa.kaf.com.uti.AppInfoParser] (main) Kafka commitId: f745dfdcee2b9851
2025-08-13 18:22:06,554 INFO  [org.apa.kaf.com.uti.AppInfoParser] (main) Kafka startTimeMs: 1755109326554
2025-08-13 18:22:06,554 INFO  [org.apa.kaf.cli.con.int.ClassicKafkaConsumer] (Thread-624) [Consumer clientId=consumer-Consumer-topic-a7255be0_ee92_4620_8238_acb51c37e9f6-4, groupId=Consumer-topic-a7255be0_ee92_4620_8238_acb51c37e9f6] Subscribed to topic(s): topic-a7255be0_ee92_4620_8238_acb51c37e9f6
2025-08-13 18:22:06,560 INFO  [org.apa.kaf.cli.Metadata] (Thread-624) [Consumer clientId=consumer-Consumer-topic-a7255be0_ee92_4620_8238_acb51c37e9f6-4, groupId=Consumer-topic-a7255be0_ee92_4620_8238_acb51c37e9f6] Cluster ID: qvRm5C5FS3SD7xP4bjB8Pg
2025-08-13 18:22:06,561 INFO  [org.apa.kaf.cli.con.int.ConsumerCoordinator] (Thread-624) [Consumer clientId=consumer-Consumer-topic-a7255be0_ee92_4620_8238_acb51c37e9f6-4, groupId=Consumer-topic-a7255be0_ee92_4620_8238_acb51c37e9f6] Discovered group coordinator localhost:32769 (id: 2147483647 rack: null)
2025-08-13 18:22:06,565 INFO  [org.apa.kaf.cli.con.int.ConsumerCoordinator] (Thread-624) [Consumer clientId=consumer-Consumer-topic-a7255be0_ee92_4620_8238_acb51c37e9f6-4, groupId=Consumer-topic-a7255be0_ee92_4620_8238_acb51c37e9f6] (Re-)joining group
2025-08-13 18:22:06,567 INFO  [org.apa.kaf.cli.con.int.ConsumerCoordinator] (Thread-624) [Consumer clientId=consumer-Consumer-topic-a7255be0_ee92_4620_8238_acb51c37e9f6-4, groupId=Consumer-topic-a7255be0_ee92_4620_8238_acb51c37e9f6] Request joining group due to: need to re-join with the given member-id: consumer-Consumer-topic-a7255be0_ee92_4620_8238_acb51c37e9f6-4-acede22d-5b50-459e-8743-f28cba953ca1
2025-08-13 18:22:06,567 INFO  [org.apa.kaf.cli.con.int.ConsumerCoordinator] (Thread-624) [Consumer clientId=consumer-Consumer-topic-a7255be0_ee92_4620_8238_acb51c37e9f6-4, groupId=Consumer-topic-a7255be0_ee92_4620_8238_acb51c37e9f6] (Re-)joining group
2025-08-13 18:22:07,554 INFO  [io.api.tes.ser.api.KafkaSerdesTester] (Thread-624) None found
2025-08-13 18:22:08,554 INFO  [io.api.tes.ser.api.KafkaSerdesTester] (Thread-624) None found
2025-08-13 18:22:09,554 INFO  [io.api.tes.ser.api.KafkaSerdesTester] (Thread-624) None found
2025-08-13 18:22:09,570 INFO  [org.apa.kaf.cli.con.int.ConsumerCoordinator] (Thread-624) [Consumer clientId=consumer-Consumer-topic-a7255be0_ee92_4620_8238_acb51c37e9f6-4, groupId=Consumer-topic-a7255be0_ee92_4620_8238_acb51c37e9f6] Successfully joined group with generation Generation{generationId=1, memberId='consumer-Consumer-topic-a7255be0_ee92_4620_8238_acb51c37e9f6-4-acede22d-5b50-459e-8743-f28cba953ca1', protocol='range'}
2025-08-13 18:22:09,570 INFO  [org.apa.kaf.cli.con.int.ConsumerCoordinator] (Thread-624) [Consumer clientId=consumer-Consumer-topic-a7255be0_ee92_4620_8238_acb51c37e9f6-4, groupId=Consumer-topic-a7255be0_ee92_4620_8238_acb51c37e9f6] Finished assignment for group at generation 1: {consumer-Consumer-topic-a7255be0_ee92_4620_8238_acb51c37e9f6-4-acede22d-5b50-459e-8743-f28cba953ca1=Assignment(partitions=[topic-a7255be0_ee92_4620_8238_acb51c37e9f6-0])}
2025-08-13 18:22:09,578 INFO  [org.apa.kaf.cli.con.int.ConsumerCoordinator] (Thread-624) [Consumer clientId=consumer-Consumer-topic-a7255be0_ee92_4620_8238_acb51c37e9f6-4, groupId=Consumer-topic-a7255be0_ee92_4620_8238_acb51c37e9f6] Successfully synced group in generation Generation{generationId=1, memberId='consumer-Consumer-topic-a7255be0_ee92_4620_8238_acb51c37e9f6-4-acede22d-5b50-459e-8743-f28cba953ca1', protocol='range'}
2025-08-13 18:22:09,578 INFO  [org.apa.kaf.cli.con.int.ConsumerCoordinator] (Thread-624) [Consumer clientId=consumer-Consumer-topic-a7255be0_ee92_4620_8238_acb51c37e9f6-4, groupId=Consumer-topic-a7255be0_ee92_4620_8238_acb51c37e9f6] Notifying assignor about the new Assignment(partitions=[topic-a7255be0_ee92_4620_8238_acb51c37e9f6-0])
2025-08-13 18:22:09,578 INFO  [org.apa.kaf.cli.con.int.ConsumerRebalanceListenerInvoker] (Thread-624) [Consumer clientId=consumer-Consumer-topic-a7255be0_ee92_4620_8238_acb51c37e9f6-4, groupId=Consumer-topic-a7255be0_ee92_4620_8238_acb51c37e9f6] Adding newly assigned partitions: topic-a7255be0_ee92_4620_8238_acb51c37e9f6-0
2025-08-13 18:22:09,580 INFO  [org.apa.kaf.cli.con.int.ConsumerCoordinator] (Thread-624) [Consumer clientId=consumer-Consumer-topic-a7255be0_ee92_4620_8238_acb51c37e9f6-4, groupId=Consumer-topic-a7255be0_ee92_4620_8238_acb51c37e9f6] Found no committed offset for partition topic-a7255be0_ee92_4620_8238_acb51c37e9f6-0
2025-08-13 18:22:09,584 INFO  [org.apa.kaf.cli.con.int.SubscriptionState] (Thread-624) [Consumer clientId=consumer-Consumer-topic-a7255be0_ee92_4620_8238_acb51c37e9f6-4, groupId=Consumer-topic-a7255be0_ee92_4620_8238_acb51c37e9f6] Resetting offset for partition topic-a7255be0_ee92_4620_8238_acb51c37e9f6-0 to position FetchPosition{offset=0, offsetEpoch=Optional.empty, currentLeader=LeaderAndEpoch{leader=Optional[localhost:32769 (id: 0 rack: null)], epoch=0}}.
2025-08-13 18:22:09,829 INFO  [io.api.tes.ser.api.KafkaSerdesTester] (Thread-624) topic-a7255be0_ee92_4620_8238_acb51c37e9f6 0 0 {"key11755109326010": "value-0"}
2025-08-13 18:22:09,829 INFO  [io.api.tes.ser.api.KafkaSerdesTester] (Thread-624) topic-a7255be0_ee92_4620_8238_acb51c37e9f6 0 1 {"key11755109326010": "value-1"}
2025-08-13 18:22:09,829 INFO  [io.api.tes.ser.api.KafkaSerdesTester] (Thread-624) topic-a7255be0_ee92_4620_8238_acb51c37e9f6 0 2 {"key11755109326010": "value-2"}
2025-08-13 18:22:09,829 INFO  [io.api.tes.ser.api.KafkaSerdesTester] (Thread-624) topic-a7255be0_ee92_4620_8238_acb51c37e9f6 0 3 {"key11755109326010": "value-3"}
2025-08-13 18:22:09,829 INFO  [io.api.tes.ser.api.KafkaSerdesTester] (Thread-624) topic-a7255be0_ee92_4620_8238_acb51c37e9f6 0 4 {"key11755109326010": "value-4"}
2025-08-13 18:22:09,830 INFO  [io.api.tes.ser.api.KafkaSerdesTester] (Thread-624) topic-a7255be0_ee92_4620_8238_acb51c37e9f6 0 5 {"key11755109326010": "value-5"}
2025-08-13 18:22:09,830 INFO  [io.api.tes.ser.api.KafkaSerdesTester] (Thread-624) topic-a7255be0_ee92_4620_8238_acb51c37e9f6 0 6 {"key11755109326010": "value-6"}
2025-08-13 18:22:09,830 INFO  [io.api.tes.ser.api.KafkaSerdesTester] (Thread-624) topic-a7255be0_ee92_4620_8238_acb51c37e9f6 0 7 {"key11755109326010": "value-7"}
2025-08-13 18:22:09,830 INFO  [io.api.tes.ser.api.KafkaSerdesTester] (Thread-624) topic-a7255be0_ee92_4620_8238_acb51c37e9f6 0 8 {"key11755109326010": "value-8"}
2025-08-13 18:22:09,830 INFO  [io.api.tes.ser.api.KafkaSerdesTester] (Thread-624) topic-a7255be0_ee92_4620_8238_acb51c37e9f6 0 9 {"key11755109326010": "value-9"}
2025-08-13 18:22:09,830 INFO  [io.api.tes.ser.api.KafkaSerdesTester] (Thread-624) Consumed 10 messages
2025-08-13 18:22:09,837 INFO  [org.apa.kaf.cli.con.int.ConsumerRebalanceListenerInvoker] (Thread-624) [Consumer clientId=consumer-Consumer-topic-a7255be0_ee92_4620_8238_acb51c37e9f6-4, groupId=Consumer-topic-a7255be0_ee92_4620_8238_acb51c37e9f6] Revoke previously assigned partitions topic-a7255be0_ee92_4620_8238_acb51c37e9f6-0
2025-08-13 18:22:09,837 INFO  [org.apa.kaf.cli.con.int.ConsumerCoordinator] (Thread-624) [Consumer clientId=consumer-Consumer-topic-a7255be0_ee92_4620_8238_acb51c37e9f6-4, groupId=Consumer-topic-a7255be0_ee92_4620_8238_acb51c37e9f6] Member consumer-Consumer-topic-a7255be0_ee92_4620_8238_acb51c37e9f6-4-acede22d-5b50-459e-8743-f28cba953ca1 sending LeaveGroup request to coordinator localhost:32769 (id: 2147483647 rack: null) due to the consumer is being closed
2025-08-13 18:22:09,837 INFO  [org.apa.kaf.cli.con.int.ConsumerCoordinator] (Thread-624) [Consumer clientId=consumer-Consumer-topic-a7255be0_ee92_4620_8238_acb51c37e9f6-4, groupId=Consumer-topic-a7255be0_ee92_4620_8238_acb51c37e9f6] Resetting generation and member id due to: consumer pro-actively leaving the group
2025-08-13 18:22:09,837 INFO  [org.apa.kaf.cli.con.int.ConsumerCoordinator] (Thread-624) [Consumer clientId=consumer-Consumer-topic-a7255be0_ee92_4620_8238_acb51c37e9f6-4, groupId=Consumer-topic-a7255be0_ee92_4620_8238_acb51c37e9f6] Request joining group due to: consumer pro-actively leaving the group
2025-08-13 18:22:10,332 INFO  [org.apa.kaf.com.met.Metrics] (Thread-624) Metrics scheduler closed
2025-08-13 18:22:10,333 INFO  [org.apa.kaf.com.met.Metrics] (Thread-624) Closing reporter org.apache.kafka.common.metrics.JmxReporter
2025-08-13 18:22:10,333 INFO  [org.apa.kaf.com.met.Metrics] (Thread-624) Closing reporter org.apache.kafka.common.telemetry.internals.ClientTelemetryReporter
2025-08-13 18:22:10,333 INFO  [org.apa.kaf.com.met.Metrics] (Thread-624) Metrics reporters closed
2025-08-13 18:22:10,335 INFO  [org.apa.kaf.com.uti.AppInfoParser] (Thread-624) App info kafka.consumer for consumer-Consumer-topic-a7255be0_ee92_4620_8238_acb51c37e9f6-4 unregistered
2025-08-13 18:22:10,510 INFO  [io.api.tes.uti.TestSeparator] (main) io.apicurio.tests.serdes.apicurio.AvroSerdeIT.testTopicIdStrategyAutoRegister-FINISHED
2025-08-13 18:22:10,510 INFO  [io.api.tes.uti.TestSeparator] (main) ############################################################################
Test passed: testTopicIdStrategyAutoRegister
]]></system-out>
  </testcase>
  <testcase name="testRecordIdStrategydFindLatest" classname="io.apicurio.tests.serdes.apicurio.AvroSerdeIT" time="5.396">
    <system-out><![CDATA[2025-08-13 18:22:10,512 INFO  [io.api.tes.uti.TestSeparator] (main) ############################################################################
2025-08-13 18:22:10,512 INFO  [io.api.tes.uti.TestSeparator] (main) io.apicurio.tests.serdes.apicurio.AvroSerdeIT.testRecordIdStrategydFindLatest-STARTED
2025-08-13 18:22:10,512 INFO  [io.api.tes.ser.api.AvroSerdeIT] (main) Registering Avro Schema: {"type":"record","name":"s9d134efcx99bbx4033x8ec8x87ddc4ed20a0","namespace":"s0367a622xf871x487fxba63xd7f2f61baf4c","fields":[{"name":"key11755109330512","type":"string"}]}
**** Registry Base URL: http://registry-app-mysql.apps.ci419.apicurio-testing.org:80
2025-08-13 18:22:11,718 INFO  [org.apa.kaf.cli.pro.ProducerConfig] (main) ProducerConfig values: 
	acks = -1
	auto.include.jmx.reporter = true
	batch.size = 16384
	bootstrap.servers = [PLAINTEXT://localhost:32769]
	buffer.memory = 33554432
	client.dns.lookup = use_all_dns_ips
	client.id = Producer-topic-de01f6de_22c8_42d1_a5b3_0333f8502028
	compression.gzip.level = -1
	compression.lz4.level = 9
	compression.type = none
	compression.zstd.level = 3
	connections.max.idle.ms = 10000
	delivery.timeout.ms = 120000
	enable.idempotence = true
	enable.metrics.push = true
	interceptor.classes = []
	key.serializer = class org.apache.kafka.common.serialization.StringSerializer
	linger.ms = 0
	max.block.ms = 60000
	max.in.flight.requests.per.connection = 5
	max.request.size = 1048576
	metadata.max.age.ms = 300000
	metadata.max.idle.ms = 300000
	metadata.recovery.strategy = none
	metric.reporters = []
	metrics.num.samples = 2
	metrics.recording.level = INFO
	metrics.sample.window.ms = 30000
	partitioner.adaptive.partitioning.enable = true
	partitioner.availability.timeout.ms = 0
	partitioner.class = null
	partitioner.ignore.keys = false
	receive.buffer.bytes = 32768
	reconnect.backoff.max.ms = 1000
	reconnect.backoff.ms = 50
	request.timeout.ms = 5000
	retries = 2147483647
	retry.backoff.max.ms = 1000
	retry.backoff.ms = 100
	sasl.client.callback.handler.class = null
	sasl.jaas.config = null
	sasl.kerberos.kinit.cmd = /usr/bin/kinit
	sasl.kerberos.min.time.before.relogin = 60000
	sasl.kerberos.service.name = null
	sasl.kerberos.ticket.renew.jitter = 0.05
	sasl.kerberos.ticket.renew.window.factor = 0.8
	sasl.login.callback.handler.class = null
	sasl.login.class = null
	sasl.login.connect.timeout.ms = null
	sasl.login.read.timeout.ms = null
	sasl.login.refresh.buffer.seconds = 300
	sasl.login.refresh.min.period.seconds = 60
	sasl.login.refresh.window.factor = 0.8
	sasl.login.refresh.window.jitter = 0.05
	sasl.login.retry.backoff.max.ms = 10000
	sasl.login.retry.backoff.ms = 100
	sasl.mechanism = GSSAPI
	sasl.oauthbearer.clock.skew.seconds = 30
	sasl.oauthbearer.expected.audience = null
	sasl.oauthbearer.expected.issuer = null
	sasl.oauthbearer.header.urlencode = false
	sasl.oauthbearer.jwks.endpoint.refresh.ms = 3600000
	sasl.oauthbearer.jwks.endpoint.retry.backoff.max.ms = 10000
	sasl.oauthbearer.jwks.endpoint.retry.backoff.ms = 100
	sasl.oauthbearer.jwks.endpoint.url = null
	sasl.oauthbearer.scope.claim.name = scope
	sasl.oauthbearer.sub.claim.name = sub
	sasl.oauthbearer.token.endpoint.url = null
	security.protocol = PLAINTEXT
	security.providers = null
	send.buffer.bytes = 131072
	socket.connection.setup.timeout.max.ms = 30000
	socket.connection.setup.timeout.ms = 10000
	ssl.cipher.suites = null
	ssl.enabled.protocols = [TLSv1.2, TLSv1.3]
	ssl.endpoint.identification.algorithm = https
	ssl.engine.factory.class = null
	ssl.key.password = null
	ssl.keymanager.algorithm = SunX509
	ssl.keystore.certificate.chain = null
	ssl.keystore.key = null
	ssl.keystore.location = null
	ssl.keystore.password = null
	ssl.keystore.type = JKS
	ssl.protocol = TLSv1.3
	ssl.provider = null
	ssl.secure.random.implementation = null
	ssl.trustmanager.algorithm = PKIX
	ssl.truststore.certificates = null
	ssl.truststore.location = null
	ssl.truststore.password = null
	ssl.truststore.type = JKS
	transaction.timeout.ms = 60000
	transactional.id = null
	value.serializer = class io.apicurio.registry.serde.avro.AvroKafkaSerializer

2025-08-13 18:22:11,719 INFO  [org.apa.kaf.com.tel.int.KafkaMetricsCollector] (main) initializing Kafka metrics collector
2025-08-13 18:22:11,722 INFO  [org.apa.kaf.cli.pro.KafkaProducer] (main) [Producer clientId=Producer-topic-de01f6de_22c8_42d1_a5b3_0333f8502028] Instantiated an idempotent producer.
2025-08-13 18:22:11,725 INFO  [org.apa.kaf.cli.pro.ProducerConfig] (main) These configurations '[apicurio.registry.find-latest, apicurio.registry.url, apicurio.registry.artifact-resolver-strategy]' were supplied but are not used yet.
2025-08-13 18:22:11,725 INFO  [org.apa.kaf.com.uti.AppInfoParser] (main) Kafka version: 3.9.1
2025-08-13 18:22:11,725 INFO  [org.apa.kaf.com.uti.AppInfoParser] (main) Kafka commitId: f745dfdcee2b9851
2025-08-13 18:22:11,725 INFO  [org.apa.kaf.com.uti.AppInfoParser] (main) Kafka startTimeMs: 1755109331725
2025-08-13 18:22:11,725 INFO  [io.api.tes.ser.api.SimpleSerdesTesterBuilder$SimpleSerdesTester] (main) Using producer configuration: {apicurio.registry.find-latest=true, apicurio.registry.url=http://registry-app-mysql.apps.ci419.apicurio-testing.org:80/apis/registry/v3, apicurio.registry.artifact-resolver-strategy=io.apicurio.registry.serde.avro.strategy.RecordIdStrategy, value.serializer=io.apicurio.registry.serde.avro.AvroKafkaSerializer, request.timeout.ms=5000, acks=all, bootstrap.servers=PLAINTEXT://localhost:32769, connections.max.idle.ms=10000, key.serializer=org.apache.kafka.common.serialization.StringSerializer, client.id=Producer-topic-de01f6de_22c8_42d1_a5b3_0333f8502028}
2025-08-13 18:22:11,725 INFO  [io.api.tes.ser.api.SimpleSerdesTesterBuilder$SimpleSerdesTester] (main) Using consumer configuration: {}
2025-08-13 18:22:11,727 INFO  [io.api.tes.ser.api.KafkaSerdesTester] (Thread-627) Sending message {"key11755109330512": "value-0"} to topic topic-de01f6de_22c8_42d1_a5b3_0333f8502028
2025-08-13 18:22:11,731 INFO  [org.apa.kaf.cli.Metadata] (kafka-producer-network-thread | Producer-topic-de01f6de_22c8_42d1_a5b3_0333f8502028) [Producer clientId=Producer-topic-de01f6de_22c8_42d1_a5b3_0333f8502028] Cluster ID: qvRm5C5FS3SD7xP4bjB8Pg
2025-08-13 18:22:11,731 INFO  [org.apa.kaf.cli.pro.int.TransactionManager] (kafka-producer-network-thread | Producer-topic-de01f6de_22c8_42d1_a5b3_0333f8502028) [Producer clientId=Producer-topic-de01f6de_22c8_42d1_a5b3_0333f8502028] ProducerId set to 5 with epoch 0
2025-08-13 18:22:12,067 INFO  [io.api.tes.ser.api.KafkaSerdesTester] (Thread-627) Sending message {"key11755109330512": "value-1"} to topic topic-de01f6de_22c8_42d1_a5b3_0333f8502028
2025-08-13 18:22:12,072 INFO  [io.api.tes.ser.api.KafkaSerdesTester] (Thread-627) Sending message {"key11755109330512": "value-2"} to topic topic-de01f6de_22c8_42d1_a5b3_0333f8502028
2025-08-13 18:22:12,075 INFO  [io.api.tes.ser.api.KafkaSerdesTester] (Thread-627) Sending message {"key11755109330512": "value-3"} to topic topic-de01f6de_22c8_42d1_a5b3_0333f8502028
2025-08-13 18:22:12,077 INFO  [io.api.tes.ser.api.KafkaSerdesTester] (Thread-627) Sending message {"key11755109330512": "value-4"} to topic topic-de01f6de_22c8_42d1_a5b3_0333f8502028
2025-08-13 18:22:12,079 INFO  [io.api.tes.ser.api.KafkaSerdesTester] (Thread-627) Sending message {"key11755109330512": "value-5"} to topic topic-de01f6de_22c8_42d1_a5b3_0333f8502028
2025-08-13 18:22:12,081 INFO  [io.api.tes.ser.api.KafkaSerdesTester] (Thread-627) Sending message {"key11755109330512": "value-6"} to topic topic-de01f6de_22c8_42d1_a5b3_0333f8502028
2025-08-13 18:22:12,083 INFO  [io.api.tes.ser.api.KafkaSerdesTester] (Thread-627) Sending message {"key11755109330512": "value-7"} to topic topic-de01f6de_22c8_42d1_a5b3_0333f8502028
2025-08-13 18:22:12,086 INFO  [io.api.tes.ser.api.KafkaSerdesTester] (Thread-627) Sending message {"key11755109330512": "value-8"} to topic topic-de01f6de_22c8_42d1_a5b3_0333f8502028
2025-08-13 18:22:12,088 INFO  [io.api.tes.ser.api.KafkaSerdesTester] (Thread-627) Sending message {"key11755109330512": "value-9"} to topic topic-de01f6de_22c8_42d1_a5b3_0333f8502028
2025-08-13 18:22:12,090 INFO  [io.api.tes.ser.api.KafkaSerdesTester] (Thread-627) Produced 10 messages
2025-08-13 18:22:12,090 INFO  [org.apa.kaf.cli.pro.KafkaProducer] (Thread-627) [Producer clientId=Producer-topic-de01f6de_22c8_42d1_a5b3_0333f8502028] Closing the Kafka producer with timeoutMillis = 9223372036854775807 ms.
2025-08-13 18:22:12,093 INFO  [org.apa.kaf.com.met.Metrics] (Thread-627) Metrics scheduler closed
2025-08-13 18:22:12,093 INFO  [org.apa.kaf.com.met.Metrics] (Thread-627) Closing reporter org.apache.kafka.common.metrics.JmxReporter
2025-08-13 18:22:12,093 INFO  [org.apa.kaf.com.met.Metrics] (Thread-627) Closing reporter org.apache.kafka.common.telemetry.internals.ClientTelemetryReporter
2025-08-13 18:22:12,093 INFO  [org.apa.kaf.com.met.Metrics] (Thread-627) Metrics reporters closed
2025-08-13 18:22:12,094 INFO  [org.apa.kaf.com.uti.AppInfoParser] (Thread-627) App info kafka.producer for Producer-topic-de01f6de_22c8_42d1_a5b3_0333f8502028 unregistered
**** Registry Base URL: http://registry-app-mysql.apps.ci419.apicurio-testing.org:80
2025-08-13 18:22:12,094 INFO  [org.apa.kaf.cli.con.ConsumerConfig] (main) ConsumerConfig values: 
	allow.auto.create.topics = true
	auto.commit.interval.ms = 500
	auto.include.jmx.reporter = true
	auto.offset.reset = earliest
	bootstrap.servers = [PLAINTEXT://localhost:32769]
	check.crcs = true
	client.dns.lookup = use_all_dns_ips
	client.id = consumer-Consumer-topic-de01f6de_22c8_42d1_a5b3_0333f8502028-5
	client.rack = 
	connections.max.idle.ms = 10000
	default.api.timeout.ms = 60000
	enable.auto.commit = true
	enable.metrics.push = true
	exclude.internal.topics = true
	fetch.max.bytes = 52428800
	fetch.max.wait.ms = 500
	fetch.min.bytes = 1
	group.id = Consumer-topic-de01f6de_22c8_42d1_a5b3_0333f8502028
	group.instance.id = null
	group.protocol = classic
	group.remote.assignor = null
	heartbeat.interval.ms = 3000
	interceptor.classes = []
	internal.leave.group.on.close = true
	internal.throw.on.fetch.stable.offset.unsupported = false
	isolation.level = read_uncommitted
	key.deserializer = class org.apache.kafka.common.serialization.StringDeserializer
	max.partition.fetch.bytes = 1048576
	max.poll.interval.ms = 300000
	max.poll.records = 500
	metadata.max.age.ms = 300000
	metadata.recovery.strategy = none
	metric.reporters = []
	metrics.num.samples = 2
	metrics.recording.level = INFO
	metrics.sample.window.ms = 30000
	partition.assignment.strategy = [class org.apache.kafka.clients.consumer.RangeAssignor, class org.apache.kafka.clients.consumer.CooperativeStickyAssignor]
	receive.buffer.bytes = 65536
	reconnect.backoff.max.ms = 1000
	reconnect.backoff.ms = 50
	request.timeout.ms = 5000
	retry.backoff.max.ms = 1000
	retry.backoff.ms = 100
	sasl.client.callback.handler.class = null
	sasl.jaas.config = null
	sasl.kerberos.kinit.cmd = /usr/bin/kinit
	sasl.kerberos.min.time.before.relogin = 60000
	sasl.kerberos.service.name = null
	sasl.kerberos.ticket.renew.jitter = 0.05
	sasl.kerberos.ticket.renew.window.factor = 0.8
	sasl.login.callback.handler.class = null
	sasl.login.class = null
	sasl.login.connect.timeout.ms = null
	sasl.login.read.timeout.ms = null
	sasl.login.refresh.buffer.seconds = 300
	sasl.login.refresh.min.period.seconds = 60
	sasl.login.refresh.window.factor = 0.8
	sasl.login.refresh.window.jitter = 0.05
	sasl.login.retry.backoff.max.ms = 10000
	sasl.login.retry.backoff.ms = 100
	sasl.mechanism = GSSAPI
	sasl.oauthbearer.clock.skew.seconds = 30
	sasl.oauthbearer.expected.audience = null
	sasl.oauthbearer.expected.issuer = null
	sasl.oauthbearer.header.urlencode = false
	sasl.oauthbearer.jwks.endpoint.refresh.ms = 3600000
	sasl.oauthbearer.jwks.endpoint.retry.backoff.max.ms = 10000
	sasl.oauthbearer.jwks.endpoint.retry.backoff.ms = 100
	sasl.oauthbearer.jwks.endpoint.url = null
	sasl.oauthbearer.scope.claim.name = scope
	sasl.oauthbearer.sub.claim.name = sub
	sasl.oauthbearer.token.endpoint.url = null
	security.protocol = PLAINTEXT
	security.providers = null
	send.buffer.bytes = 131072
	session.timeout.ms = 45000
	socket.connection.setup.timeout.max.ms = 30000
	socket.connection.setup.timeout.ms = 10000
	ssl.cipher.suites = null
	ssl.enabled.protocols = [TLSv1.2, TLSv1.3]
	ssl.endpoint.identification.algorithm = https
	ssl.engine.factory.class = null
	ssl.key.password = null
	ssl.keymanager.algorithm = SunX509
	ssl.keystore.certificate.chain = null
	ssl.keystore.key = null
	ssl.keystore.location = null
	ssl.keystore.password = null
	ssl.keystore.type = JKS
	ssl.protocol = TLSv1.3
	ssl.provider = null
	ssl.secure.random.implementation = null
	ssl.trustmanager.algorithm = PKIX
	ssl.truststore.certificates = null
	ssl.truststore.location = null
	ssl.truststore.password = null
	ssl.truststore.type = JKS
	value.deserializer = class io.apicurio.registry.serde.avro.AvroKafkaDeserializer

2025-08-13 18:22:12,095 INFO  [org.apa.kaf.com.tel.int.KafkaMetricsCollector] (main) initializing Kafka metrics collector
2025-08-13 18:22:12,104 INFO  [org.apa.kaf.cli.con.ConsumerConfig] (main) These configurations '[apicurio.registry.url]' were supplied but are not used yet.
2025-08-13 18:22:12,104 INFO  [org.apa.kaf.com.uti.AppInfoParser] (main) Kafka version: 3.9.1
2025-08-13 18:22:12,104 INFO  [org.apa.kaf.com.uti.AppInfoParser] (main) Kafka commitId: f745dfdcee2b9851
2025-08-13 18:22:12,104 INFO  [org.apa.kaf.com.uti.AppInfoParser] (main) Kafka startTimeMs: 1755109332104
2025-08-13 18:22:12,105 INFO  [org.apa.kaf.cli.con.int.ClassicKafkaConsumer] (Thread-630) [Consumer clientId=consumer-Consumer-topic-de01f6de_22c8_42d1_a5b3_0333f8502028-5, groupId=Consumer-topic-de01f6de_22c8_42d1_a5b3_0333f8502028] Subscribed to topic(s): topic-de01f6de_22c8_42d1_a5b3_0333f8502028
2025-08-13 18:22:12,117 INFO  [org.apa.kaf.cli.Metadata] (Thread-630) [Consumer clientId=consumer-Consumer-topic-de01f6de_22c8_42d1_a5b3_0333f8502028-5, groupId=Consumer-topic-de01f6de_22c8_42d1_a5b3_0333f8502028] Cluster ID: qvRm5C5FS3SD7xP4bjB8Pg
2025-08-13 18:22:12,120 INFO  [org.apa.kaf.cli.con.int.ConsumerCoordinator] (Thread-630) [Consumer clientId=consumer-Consumer-topic-de01f6de_22c8_42d1_a5b3_0333f8502028-5, groupId=Consumer-topic-de01f6de_22c8_42d1_a5b3_0333f8502028] Discovered group coordinator localhost:32769 (id: 2147483647 rack: null)
2025-08-13 18:22:12,122 INFO  [org.apa.kaf.cli.con.int.ConsumerCoordinator] (Thread-630) [Consumer clientId=consumer-Consumer-topic-de01f6de_22c8_42d1_a5b3_0333f8502028-5, groupId=Consumer-topic-de01f6de_22c8_42d1_a5b3_0333f8502028] (Re-)joining group
2025-08-13 18:22:12,128 INFO  [org.apa.kaf.cli.con.int.ConsumerCoordinator] (Thread-630) [Consumer clientId=consumer-Consumer-topic-de01f6de_22c8_42d1_a5b3_0333f8502028-5, groupId=Consumer-topic-de01f6de_22c8_42d1_a5b3_0333f8502028] Request joining group due to: need to re-join with the given member-id: consumer-Consumer-topic-de01f6de_22c8_42d1_a5b3_0333f8502028-5-85a21eab-6e3a-471c-a390-c47ea773e6ba
2025-08-13 18:22:12,129 INFO  [org.apa.kaf.cli.con.int.ConsumerCoordinator] (Thread-630) [Consumer clientId=consumer-Consumer-topic-de01f6de_22c8_42d1_a5b3_0333f8502028-5, groupId=Consumer-topic-de01f6de_22c8_42d1_a5b3_0333f8502028] (Re-)joining group
2025-08-13 18:22:13,106 INFO  [io.api.tes.ser.api.KafkaSerdesTester] (Thread-630) None found
2025-08-13 18:22:14,106 INFO  [io.api.tes.ser.api.KafkaSerdesTester] (Thread-630) None found
2025-08-13 18:22:15,106 INFO  [io.api.tes.ser.api.KafkaSerdesTester] (Thread-630) None found
2025-08-13 18:22:15,132 INFO  [org.apa.kaf.cli.con.int.ConsumerCoordinator] (Thread-630) [Consumer clientId=consumer-Consumer-topic-de01f6de_22c8_42d1_a5b3_0333f8502028-5, groupId=Consumer-topic-de01f6de_22c8_42d1_a5b3_0333f8502028] Successfully joined group with generation Generation{generationId=1, memberId='consumer-Consumer-topic-de01f6de_22c8_42d1_a5b3_0333f8502028-5-85a21eab-6e3a-471c-a390-c47ea773e6ba', protocol='range'}
2025-08-13 18:22:15,133 INFO  [org.apa.kaf.cli.con.int.ConsumerCoordinator] (Thread-630) [Consumer clientId=consumer-Consumer-topic-de01f6de_22c8_42d1_a5b3_0333f8502028-5, groupId=Consumer-topic-de01f6de_22c8_42d1_a5b3_0333f8502028] Finished assignment for group at generation 1: {consumer-Consumer-topic-de01f6de_22c8_42d1_a5b3_0333f8502028-5-85a21eab-6e3a-471c-a390-c47ea773e6ba=Assignment(partitions=[topic-de01f6de_22c8_42d1_a5b3_0333f8502028-0])}
2025-08-13 18:22:15,141 INFO  [org.apa.kaf.cli.con.int.ConsumerCoordinator] (Thread-630) [Consumer clientId=consumer-Consumer-topic-de01f6de_22c8_42d1_a5b3_0333f8502028-5, groupId=Consumer-topic-de01f6de_22c8_42d1_a5b3_0333f8502028] Successfully synced group in generation Generation{generationId=1, memberId='consumer-Consumer-topic-de01f6de_22c8_42d1_a5b3_0333f8502028-5-85a21eab-6e3a-471c-a390-c47ea773e6ba', protocol='range'}
2025-08-13 18:22:15,141 INFO  [org.apa.kaf.cli.con.int.ConsumerCoordinator] (Thread-630) [Consumer clientId=consumer-Consumer-topic-de01f6de_22c8_42d1_a5b3_0333f8502028-5, groupId=Consumer-topic-de01f6de_22c8_42d1_a5b3_0333f8502028] Notifying assignor about the new Assignment(partitions=[topic-de01f6de_22c8_42d1_a5b3_0333f8502028-0])
2025-08-13 18:22:15,141 INFO  [org.apa.kaf.cli.con.int.ConsumerRebalanceListenerInvoker] (Thread-630) [Consumer clientId=consumer-Consumer-topic-de01f6de_22c8_42d1_a5b3_0333f8502028-5, groupId=Consumer-topic-de01f6de_22c8_42d1_a5b3_0333f8502028] Adding newly assigned partitions: topic-de01f6de_22c8_42d1_a5b3_0333f8502028-0
2025-08-13 18:22:15,143 INFO  [org.apa.kaf.cli.con.int.ConsumerCoordinator] (Thread-630) [Consumer clientId=consumer-Consumer-topic-de01f6de_22c8_42d1_a5b3_0333f8502028-5, groupId=Consumer-topic-de01f6de_22c8_42d1_a5b3_0333f8502028] Found no committed offset for partition topic-de01f6de_22c8_42d1_a5b3_0333f8502028-0
2025-08-13 18:22:15,151 INFO  [org.apa.kaf.cli.con.int.SubscriptionState] (Thread-630) [Consumer clientId=consumer-Consumer-topic-de01f6de_22c8_42d1_a5b3_0333f8502028-5, groupId=Consumer-topic-de01f6de_22c8_42d1_a5b3_0333f8502028] Resetting offset for partition topic-de01f6de_22c8_42d1_a5b3_0333f8502028-0 to position FetchPosition{offset=0, offsetEpoch=Optional.empty, currentLeader=LeaderAndEpoch{leader=Optional[localhost:32769 (id: 0 rack: null)], epoch=0}}.
2025-08-13 18:22:15,397 INFO  [io.api.tes.ser.api.KafkaSerdesTester] (Thread-630) topic-de01f6de_22c8_42d1_a5b3_0333f8502028 0 0 {"key11755109330512": "value-0"}
2025-08-13 18:22:15,397 INFO  [io.api.tes.ser.api.KafkaSerdesTester] (Thread-630) topic-de01f6de_22c8_42d1_a5b3_0333f8502028 0 1 {"key11755109330512": "value-1"}
2025-08-13 18:22:15,397 INFO  [io.api.tes.ser.api.KafkaSerdesTester] (Thread-630) topic-de01f6de_22c8_42d1_a5b3_0333f8502028 0 2 {"key11755109330512": "value-2"}
2025-08-13 18:22:15,397 INFO  [io.api.tes.ser.api.KafkaSerdesTester] (Thread-630) topic-de01f6de_22c8_42d1_a5b3_0333f8502028 0 3 {"key11755109330512": "value-3"}
2025-08-13 18:22:15,397 INFO  [io.api.tes.ser.api.KafkaSerdesTester] (Thread-630) topic-de01f6de_22c8_42d1_a5b3_0333f8502028 0 4 {"key11755109330512": "value-4"}
2025-08-13 18:22:15,397 INFO  [io.api.tes.ser.api.KafkaSerdesTester] (Thread-630) topic-de01f6de_22c8_42d1_a5b3_0333f8502028 0 5 {"key11755109330512": "value-5"}
2025-08-13 18:22:15,397 INFO  [io.api.tes.ser.api.KafkaSerdesTester] (Thread-630) topic-de01f6de_22c8_42d1_a5b3_0333f8502028 0 6 {"key11755109330512": "value-6"}
2025-08-13 18:22:15,397 INFO  [io.api.tes.ser.api.KafkaSerdesTester] (Thread-630) topic-de01f6de_22c8_42d1_a5b3_0333f8502028 0 7 {"key11755109330512": "value-7"}
2025-08-13 18:22:15,397 INFO  [io.api.tes.ser.api.KafkaSerdesTester] (Thread-630) topic-de01f6de_22c8_42d1_a5b3_0333f8502028 0 8 {"key11755109330512": "value-8"}
2025-08-13 18:22:15,398 INFO  [io.api.tes.ser.api.KafkaSerdesTester] (Thread-630) topic-de01f6de_22c8_42d1_a5b3_0333f8502028 0 9 {"key11755109330512": "value-9"}
2025-08-13 18:22:15,398 INFO  [io.api.tes.ser.api.KafkaSerdesTester] (Thread-630) Consumed 10 messages
2025-08-13 18:22:15,405 INFO  [org.apa.kaf.cli.con.int.ConsumerRebalanceListenerInvoker] (Thread-630) [Consumer clientId=consumer-Consumer-topic-de01f6de_22c8_42d1_a5b3_0333f8502028-5, groupId=Consumer-topic-de01f6de_22c8_42d1_a5b3_0333f8502028] Revoke previously assigned partitions topic-de01f6de_22c8_42d1_a5b3_0333f8502028-0
2025-08-13 18:22:15,406 INFO  [org.apa.kaf.cli.con.int.ConsumerCoordinator] (Thread-630) [Consumer clientId=consumer-Consumer-topic-de01f6de_22c8_42d1_a5b3_0333f8502028-5, groupId=Consumer-topic-de01f6de_22c8_42d1_a5b3_0333f8502028] Member consumer-Consumer-topic-de01f6de_22c8_42d1_a5b3_0333f8502028-5-85a21eab-6e3a-471c-a390-c47ea773e6ba sending LeaveGroup request to coordinator localhost:32769 (id: 2147483647 rack: null) due to the consumer is being closed
2025-08-13 18:22:15,406 INFO  [org.apa.kaf.cli.con.int.ConsumerCoordinator] (Thread-630) [Consumer clientId=consumer-Consumer-topic-de01f6de_22c8_42d1_a5b3_0333f8502028-5, groupId=Consumer-topic-de01f6de_22c8_42d1_a5b3_0333f8502028] Resetting generation and member id due to: consumer pro-actively leaving the group
2025-08-13 18:22:15,406 INFO  [org.apa.kaf.cli.con.int.ConsumerCoordinator] (Thread-630) [Consumer clientId=consumer-Consumer-topic-de01f6de_22c8_42d1_a5b3_0333f8502028-5, groupId=Consumer-topic-de01f6de_22c8_42d1_a5b3_0333f8502028] Request joining group due to: consumer pro-actively leaving the group
2025-08-13 18:22:15,902 INFO  [org.apa.kaf.com.met.Metrics] (Thread-630) Metrics scheduler closed
2025-08-13 18:22:15,903 INFO  [org.apa.kaf.com.met.Metrics] (Thread-630) Closing reporter org.apache.kafka.common.metrics.JmxReporter
2025-08-13 18:22:15,903 INFO  [org.apa.kaf.com.met.Metrics] (Thread-630) Closing reporter org.apache.kafka.common.telemetry.internals.ClientTelemetryReporter
2025-08-13 18:22:15,903 INFO  [org.apa.kaf.com.met.Metrics] (Thread-630) Metrics reporters closed
2025-08-13 18:22:15,905 INFO  [org.apa.kaf.com.uti.AppInfoParser] (Thread-630) App info kafka.consumer for consumer-Consumer-topic-de01f6de_22c8_42d1_a5b3_0333f8502028-5 unregistered
2025-08-13 18:22:15,906 INFO  [io.api.tes.uti.TestSeparator] (main) io.apicurio.tests.serdes.apicurio.AvroSerdeIT.testRecordIdStrategydFindLatest-FINISHED
2025-08-13 18:22:15,906 INFO  [io.api.tes.uti.TestSeparator] (main) ############################################################################
Test passed: testRecordIdStrategydFindLatest
]]></system-out>
  </testcase>
  <testcase name="testReflectAutoRegister" classname="io.apicurio.tests.serdes.apicurio.AvroSerdeIT" time="4.376">
    <system-out><![CDATA[2025-08-13 18:22:15,911 INFO  [io.api.tes.uti.TestSeparator] (main) ############################################################################
2025-08-13 18:22:15,911 INFO  [io.api.tes.uti.TestSeparator] (main) io.apicurio.tests.serdes.apicurio.AvroSerdeIT.testReflectAutoRegister-STARTED
**** Registry Base URL: http://registry-app-mysql.apps.ci419.apicurio-testing.org:80
2025-08-13 18:22:15,915 INFO  [org.apa.kaf.cli.pro.ProducerConfig] (main) ProducerConfig values: 
	acks = -1
	auto.include.jmx.reporter = true
	batch.size = 16384
	bootstrap.servers = [PLAINTEXT://localhost:32769]
	buffer.memory = 33554432
	client.dns.lookup = use_all_dns_ips
	client.id = Producer-topic-4b39c2c2_961a_445d_94d1_9bd0e7e2c1ad
	compression.gzip.level = -1
	compression.lz4.level = 9
	compression.type = none
	compression.zstd.level = 3
	connections.max.idle.ms = 10000
	delivery.timeout.ms = 120000
	enable.idempotence = true
	enable.metrics.push = true
	interceptor.classes = []
	key.serializer = class org.apache.kafka.common.serialization.StringSerializer
	linger.ms = 0
	max.block.ms = 60000
	max.in.flight.requests.per.connection = 5
	max.request.size = 1048576
	metadata.max.age.ms = 300000
	metadata.max.idle.ms = 300000
	metadata.recovery.strategy = none
	metric.reporters = []
	metrics.num.samples = 2
	metrics.recording.level = INFO
	metrics.sample.window.ms = 30000
	partitioner.adaptive.partitioning.enable = true
	partitioner.availability.timeout.ms = 0
	partitioner.class = null
	partitioner.ignore.keys = false
	receive.buffer.bytes = 32768
	reconnect.backoff.max.ms = 1000
	reconnect.backoff.ms = 50
	request.timeout.ms = 5000
	retries = 2147483647
	retry.backoff.max.ms = 1000
	retry.backoff.ms = 100
	sasl.client.callback.handler.class = null
	sasl.jaas.config = null
	sasl.kerberos.kinit.cmd = /usr/bin/kinit
	sasl.kerberos.min.time.before.relogin = 60000
	sasl.kerberos.service.name = null
	sasl.kerberos.ticket.renew.jitter = 0.05
	sasl.kerberos.ticket.renew.window.factor = 0.8
	sasl.login.callback.handler.class = null
	sasl.login.class = null
	sasl.login.connect.timeout.ms = null
	sasl.login.read.timeout.ms = null
	sasl.login.refresh.buffer.seconds = 300
	sasl.login.refresh.min.period.seconds = 60
	sasl.login.refresh.window.factor = 0.8
	sasl.login.refresh.window.jitter = 0.05
	sasl.login.retry.backoff.max.ms = 10000
	sasl.login.retry.backoff.ms = 100
	sasl.mechanism = GSSAPI
	sasl.oauthbearer.clock.skew.seconds = 30
	sasl.oauthbearer.expected.audience = null
	sasl.oauthbearer.expected.issuer = null
	sasl.oauthbearer.header.urlencode = false
	sasl.oauthbearer.jwks.endpoint.refresh.ms = 3600000
	sasl.oauthbearer.jwks.endpoint.retry.backoff.max.ms = 10000
	sasl.oauthbearer.jwks.endpoint.retry.backoff.ms = 100
	sasl.oauthbearer.jwks.endpoint.url = null
	sasl.oauthbearer.scope.claim.name = scope
	sasl.oauthbearer.sub.claim.name = sub
	sasl.oauthbearer.token.endpoint.url = null
	security.protocol = PLAINTEXT
	security.providers = null
	send.buffer.bytes = 131072
	socket.connection.setup.timeout.max.ms = 30000
	socket.connection.setup.timeout.ms = 10000
	ssl.cipher.suites = null
	ssl.enabled.protocols = [TLSv1.2, TLSv1.3]
	ssl.endpoint.identification.algorithm = https
	ssl.engine.factory.class = null
	ssl.key.password = null
	ssl.keymanager.algorithm = SunX509
	ssl.keystore.certificate.chain = null
	ssl.keystore.key = null
	ssl.keystore.location = null
	ssl.keystore.password = null
	ssl.keystore.type = JKS
	ssl.protocol = TLSv1.3
	ssl.provider = null
	ssl.secure.random.implementation = null
	ssl.trustmanager.algorithm = PKIX
	ssl.truststore.certificates = null
	ssl.truststore.location = null
	ssl.truststore.password = null
	ssl.truststore.type = JKS
	transaction.timeout.ms = 60000
	transactional.id = null
	value.serializer = class io.apicurio.registry.serde.avro.AvroKafkaSerializer

2025-08-13 18:22:15,917 INFO  [org.apa.kaf.com.tel.int.KafkaMetricsCollector] (main) initializing Kafka metrics collector
2025-08-13 18:22:15,933 INFO  [org.apa.kaf.cli.pro.KafkaProducer] (main) [Producer clientId=Producer-topic-4b39c2c2_961a_445d_94d1_9bd0e7e2c1ad] Instantiated an idempotent producer.
2025-08-13 18:22:15,935 INFO  [org.apa.kaf.cli.pro.ProducerConfig] (main) These configurations '[apicurio.registry.url, apicurio.registry.auto-register, apicurio.registry.artifact-resolver-strategy, apicurio.registry.avro-datum-provider]' were supplied but are not used yet.
2025-08-13 18:22:15,935 INFO  [org.apa.kaf.com.uti.AppInfoParser] (main) Kafka version: 3.9.1
2025-08-13 18:22:15,935 INFO  [org.apa.kaf.com.uti.AppInfoParser] (main) Kafka commitId: f745dfdcee2b9851
2025-08-13 18:22:15,935 INFO  [org.apa.kaf.com.uti.AppInfoParser] (main) Kafka startTimeMs: 1755109335935
2025-08-13 18:22:15,935 INFO  [io.api.tes.ser.api.SimpleSerdesTesterBuilder$SimpleSerdesTester] (main) Using producer configuration: {apicurio.registry.url=http://registry-app-mysql.apps.ci419.apicurio-testing.org:80/apis/registry/v3, apicurio.registry.auto-register=true, apicurio.registry.artifact-resolver-strategy=io.apicurio.registry.serde.strategy.TopicIdStrategy, value.serializer=io.apicurio.registry.serde.avro.AvroKafkaSerializer, request.timeout.ms=5000, acks=all, bootstrap.servers=PLAINTEXT://localhost:32769, connections.max.idle.ms=10000, key.serializer=org.apache.kafka.common.serialization.StringSerializer, apicurio.registry.avro-datum-provider=io.apicurio.registry.serde.avro.ReflectAvroDatumProvider, client.id=Producer-topic-4b39c2c2_961a_445d_94d1_9bd0e7e2c1ad}
2025-08-13 18:22:15,936 INFO  [io.api.tes.ser.api.SimpleSerdesTesterBuilder$SimpleSerdesTester] (main) Using consumer configuration: {apicurio.registry.avro-datum-provider=io.apicurio.registry.serde.avro.ReflectAvroDatumProvider}
2025-08-13 18:22:15,938 INFO  [io.api.tes.ser.api.KafkaSerdesTester] (Thread-633) Sending message io.apicurio.tests.common.serdes.TestObject@3dbd29cb to topic topic-4b39c2c2_961a_445d_94d1_9bd0e7e2c1ad
2025-08-13 18:22:15,942 WARN  [org.apa.kaf.cli.NetworkClient] (kafka-producer-network-thread | Producer-topic-4b39c2c2_961a_445d_94d1_9bd0e7e2c1ad) [Producer clientId=Producer-topic-4b39c2c2_961a_445d_94d1_9bd0e7e2c1ad] The metadata response from the cluster reported a recoverable issue with correlation id 1 : {topic-4b39c2c2_961a_445d_94d1_9bd0e7e2c1ad=UNKNOWN_TOPIC_OR_PARTITION}
2025-08-13 18:22:15,942 INFO  [org.apa.kaf.cli.Metadata] (kafka-producer-network-thread | Producer-topic-4b39c2c2_961a_445d_94d1_9bd0e7e2c1ad) [Producer clientId=Producer-topic-4b39c2c2_961a_445d_94d1_9bd0e7e2c1ad] Cluster ID: qvRm5C5FS3SD7xP4bjB8Pg
2025-08-13 18:22:15,943 INFO  [org.apa.kaf.cli.pro.int.TransactionManager] (kafka-producer-network-thread | Producer-topic-4b39c2c2_961a_445d_94d1_9bd0e7e2c1ad) [Producer clientId=Producer-topic-4b39c2c2_961a_445d_94d1_9bd0e7e2c1ad] ProducerId set to 6 with epoch 0
2025-08-13 18:22:16,271 INFO  [io.api.tes.ser.api.KafkaSerdesTester] (Thread-633) Sending message io.apicurio.tests.common.serdes.TestObject@3dbd29cb to topic topic-4b39c2c2_961a_445d_94d1_9bd0e7e2c1ad
2025-08-13 18:22:16,273 INFO  [io.api.tes.ser.api.KafkaSerdesTester] (Thread-633) Sending message io.apicurio.tests.common.serdes.TestObject@3dbd29cb to topic topic-4b39c2c2_961a_445d_94d1_9bd0e7e2c1ad
2025-08-13 18:22:16,276 INFO  [io.api.tes.ser.api.KafkaSerdesTester] (Thread-633) Sending message io.apicurio.tests.common.serdes.TestObject@3dbd29cb to topic topic-4b39c2c2_961a_445d_94d1_9bd0e7e2c1ad
2025-08-13 18:22:16,279 INFO  [io.api.tes.ser.api.KafkaSerdesTester] (Thread-633) Sending message io.apicurio.tests.common.serdes.TestObject@3dbd29cb to topic topic-4b39c2c2_961a_445d_94d1_9bd0e7e2c1ad
2025-08-13 18:22:16,281 INFO  [io.api.tes.ser.api.KafkaSerdesTester] (Thread-633) Sending message io.apicurio.tests.common.serdes.TestObject@3dbd29cb to topic topic-4b39c2c2_961a_445d_94d1_9bd0e7e2c1ad
2025-08-13 18:22:16,284 INFO  [io.api.tes.ser.api.KafkaSerdesTester] (Thread-633) Sending message io.apicurio.tests.common.serdes.TestObject@3dbd29cb to topic topic-4b39c2c2_961a_445d_94d1_9bd0e7e2c1ad
2025-08-13 18:22:16,286 INFO  [io.api.tes.ser.api.KafkaSerdesTester] (Thread-633) Sending message io.apicurio.tests.common.serdes.TestObject@3dbd29cb to topic topic-4b39c2c2_961a_445d_94d1_9bd0e7e2c1ad
2025-08-13 18:22:16,288 INFO  [io.api.tes.ser.api.KafkaSerdesTester] (Thread-633) Sending message io.apicurio.tests.common.serdes.TestObject@3dbd29cb to topic topic-4b39c2c2_961a_445d_94d1_9bd0e7e2c1ad
2025-08-13 18:22:16,289 INFO  [io.api.tes.ser.api.KafkaSerdesTester] (Thread-633) Sending message io.apicurio.tests.common.serdes.TestObject@3dbd29cb to topic topic-4b39c2c2_961a_445d_94d1_9bd0e7e2c1ad
2025-08-13 18:22:16,291 INFO  [io.api.tes.ser.api.KafkaSerdesTester] (Thread-633) Produced 10 messages
2025-08-13 18:22:16,291 INFO  [org.apa.kaf.cli.pro.KafkaProducer] (Thread-633) [Producer clientId=Producer-topic-4b39c2c2_961a_445d_94d1_9bd0e7e2c1ad] Closing the Kafka producer with timeoutMillis = 9223372036854775807 ms.
2025-08-13 18:22:16,294 INFO  [org.apa.kaf.com.met.Metrics] (Thread-633) Metrics scheduler closed
2025-08-13 18:22:16,294 INFO  [org.apa.kaf.com.met.Metrics] (Thread-633) Closing reporter org.apache.kafka.common.metrics.JmxReporter
2025-08-13 18:22:16,294 INFO  [org.apa.kaf.com.met.Metrics] (Thread-633) Closing reporter org.apache.kafka.common.telemetry.internals.ClientTelemetryReporter
2025-08-13 18:22:16,294 INFO  [org.apa.kaf.com.met.Metrics] (Thread-633) Metrics reporters closed
2025-08-13 18:22:16,295 INFO  [org.apa.kaf.com.uti.AppInfoParser] (Thread-633) App info kafka.producer for Producer-topic-4b39c2c2_961a_445d_94d1_9bd0e7e2c1ad unregistered
**** Registry Base URL: http://registry-app-mysql.apps.ci419.apicurio-testing.org:80
2025-08-13 18:22:16,473 INFO  [org.apa.kaf.cli.con.ConsumerConfig] (main) ConsumerConfig values: 
	allow.auto.create.topics = true
	auto.commit.interval.ms = 500
	auto.include.jmx.reporter = true
	auto.offset.reset = earliest
	bootstrap.servers = [PLAINTEXT://localhost:32769]
	check.crcs = true
	client.dns.lookup = use_all_dns_ips
	client.id = consumer-Consumer-topic-4b39c2c2_961a_445d_94d1_9bd0e7e2c1ad-6
	client.rack = 
	connections.max.idle.ms = 10000
	default.api.timeout.ms = 60000
	enable.auto.commit = true
	enable.metrics.push = true
	exclude.internal.topics = true
	fetch.max.bytes = 52428800
	fetch.max.wait.ms = 500
	fetch.min.bytes = 1
	group.id = Consumer-topic-4b39c2c2_961a_445d_94d1_9bd0e7e2c1ad
	group.instance.id = null
	group.protocol = classic
	group.remote.assignor = null
	heartbeat.interval.ms = 3000
	interceptor.classes = []
	internal.leave.group.on.close = true
	internal.throw.on.fetch.stable.offset.unsupported = false
	isolation.level = read_uncommitted
	key.deserializer = class org.apache.kafka.common.serialization.StringDeserializer
	max.partition.fetch.bytes = 1048576
	max.poll.interval.ms = 300000
	max.poll.records = 500
	metadata.max.age.ms = 300000
	metadata.recovery.strategy = none
	metric.reporters = []
	metrics.num.samples = 2
	metrics.recording.level = INFO
	metrics.sample.window.ms = 30000
	partition.assignment.strategy = [class org.apache.kafka.clients.consumer.RangeAssignor, class org.apache.kafka.clients.consumer.CooperativeStickyAssignor]
	receive.buffer.bytes = 65536
	reconnect.backoff.max.ms = 1000
	reconnect.backoff.ms = 50
	request.timeout.ms = 5000
	retry.backoff.max.ms = 1000
	retry.backoff.ms = 100
	sasl.client.callback.handler.class = null
	sasl.jaas.config = null
	sasl.kerberos.kinit.cmd = /usr/bin/kinit
	sasl.kerberos.min.time.before.relogin = 60000
	sasl.kerberos.service.name = null
	sasl.kerberos.ticket.renew.jitter = 0.05
	sasl.kerberos.ticket.renew.window.factor = 0.8
	sasl.login.callback.handler.class = null
	sasl.login.class = null
	sasl.login.connect.timeout.ms = null
	sasl.login.read.timeout.ms = null
	sasl.login.refresh.buffer.seconds = 300
	sasl.login.refresh.min.period.seconds = 60
	sasl.login.refresh.window.factor = 0.8
	sasl.login.refresh.window.jitter = 0.05
	sasl.login.retry.backoff.max.ms = 10000
	sasl.login.retry.backoff.ms = 100
	sasl.mechanism = GSSAPI
	sasl.oauthbearer.clock.skew.seconds = 30
	sasl.oauthbearer.expected.audience = null
	sasl.oauthbearer.expected.issuer = null
	sasl.oauthbearer.header.urlencode = false
	sasl.oauthbearer.jwks.endpoint.refresh.ms = 3600000
	sasl.oauthbearer.jwks.endpoint.retry.backoff.max.ms = 10000
	sasl.oauthbearer.jwks.endpoint.retry.backoff.ms = 100
	sasl.oauthbearer.jwks.endpoint.url = null
	sasl.oauthbearer.scope.claim.name = scope
	sasl.oauthbearer.sub.claim.name = sub
	sasl.oauthbearer.token.endpoint.url = null
	security.protocol = PLAINTEXT
	security.providers = null
	send.buffer.bytes = 131072
	session.timeout.ms = 45000
	socket.connection.setup.timeout.max.ms = 30000
	socket.connection.setup.timeout.ms = 10000
	ssl.cipher.suites = null
	ssl.enabled.protocols = [TLSv1.2, TLSv1.3]
	ssl.endpoint.identification.algorithm = https
	ssl.engine.factory.class = null
	ssl.key.password = null
	ssl.keymanager.algorithm = SunX509
	ssl.keystore.certificate.chain = null
	ssl.keystore.key = null
	ssl.keystore.location = null
	ssl.keystore.password = null
	ssl.keystore.type = JKS
	ssl.protocol = TLSv1.3
	ssl.provider = null
	ssl.secure.random.implementation = null
	ssl.trustmanager.algorithm = PKIX
	ssl.truststore.certificates = null
	ssl.truststore.location = null
	ssl.truststore.password = null
	ssl.truststore.type = JKS
	value.deserializer = class io.apicurio.registry.serde.avro.AvroKafkaDeserializer

2025-08-13 18:22:16,473 INFO  [org.apa.kaf.com.tel.int.KafkaMetricsCollector] (main) initializing Kafka metrics collector
2025-08-13 18:22:16,478 INFO  [org.apa.kaf.cli.con.ConsumerConfig] (main) These configurations '[apicurio.registry.url, apicurio.registry.avro-datum-provider]' were supplied but are not used yet.
2025-08-13 18:22:16,478 INFO  [org.apa.kaf.com.uti.AppInfoParser] (main) Kafka version: 3.9.1
2025-08-13 18:22:16,478 INFO  [org.apa.kaf.com.uti.AppInfoParser] (main) Kafka commitId: f745dfdcee2b9851
2025-08-13 18:22:16,478 INFO  [org.apa.kaf.com.uti.AppInfoParser] (main) Kafka startTimeMs: 1755109336478
2025-08-13 18:22:16,478 INFO  [org.apa.kaf.cli.con.int.ClassicKafkaConsumer] (Thread-636) [Consumer clientId=consumer-Consumer-topic-4b39c2c2_961a_445d_94d1_9bd0e7e2c1ad-6, groupId=Consumer-topic-4b39c2c2_961a_445d_94d1_9bd0e7e2c1ad] Subscribed to topic(s): topic-4b39c2c2_961a_445d_94d1_9bd0e7e2c1ad
2025-08-13 18:22:16,485 INFO  [org.apa.kaf.cli.Metadata] (Thread-636) [Consumer clientId=consumer-Consumer-topic-4b39c2c2_961a_445d_94d1_9bd0e7e2c1ad-6, groupId=Consumer-topic-4b39c2c2_961a_445d_94d1_9bd0e7e2c1ad] Cluster ID: qvRm5C5FS3SD7xP4bjB8Pg
2025-08-13 18:22:16,486 INFO  [org.apa.kaf.cli.con.int.ConsumerCoordinator] (Thread-636) [Consumer clientId=consumer-Consumer-topic-4b39c2c2_961a_445d_94d1_9bd0e7e2c1ad-6, groupId=Consumer-topic-4b39c2c2_961a_445d_94d1_9bd0e7e2c1ad] Discovered group coordinator localhost:32769 (id: 2147483647 rack: null)
2025-08-13 18:22:16,488 INFO  [org.apa.kaf.cli.con.int.ConsumerCoordinator] (Thread-636) [Consumer clientId=consumer-Consumer-topic-4b39c2c2_961a_445d_94d1_9bd0e7e2c1ad-6, groupId=Consumer-topic-4b39c2c2_961a_445d_94d1_9bd0e7e2c1ad] (Re-)joining group
2025-08-13 18:22:16,494 INFO  [org.apa.kaf.cli.con.int.ConsumerCoordinator] (Thread-636) [Consumer clientId=consumer-Consumer-topic-4b39c2c2_961a_445d_94d1_9bd0e7e2c1ad-6, groupId=Consumer-topic-4b39c2c2_961a_445d_94d1_9bd0e7e2c1ad] Request joining group due to: need to re-join with the given member-id: consumer-Consumer-topic-4b39c2c2_961a_445d_94d1_9bd0e7e2c1ad-6-30fb09cc-9bcc-4847-94cd-25f9fda777b6
2025-08-13 18:22:16,494 INFO  [org.apa.kaf.cli.con.int.ConsumerCoordinator] (Thread-636) [Consumer clientId=consumer-Consumer-topic-4b39c2c2_961a_445d_94d1_9bd0e7e2c1ad-6, groupId=Consumer-topic-4b39c2c2_961a_445d_94d1_9bd0e7e2c1ad] (Re-)joining group
2025-08-13 18:22:17,479 INFO  [io.api.tes.ser.api.KafkaSerdesTester] (Thread-636) None found
2025-08-13 18:22:18,480 INFO  [io.api.tes.ser.api.KafkaSerdesTester] (Thread-636) None found
2025-08-13 18:22:19,480 INFO  [io.api.tes.ser.api.KafkaSerdesTester] (Thread-636) None found
2025-08-13 18:22:19,497 INFO  [org.apa.kaf.cli.con.int.ConsumerCoordinator] (Thread-636) [Consumer clientId=consumer-Consumer-topic-4b39c2c2_961a_445d_94d1_9bd0e7e2c1ad-6, groupId=Consumer-topic-4b39c2c2_961a_445d_94d1_9bd0e7e2c1ad] Successfully joined group with generation Generation{generationId=1, memberId='consumer-Consumer-topic-4b39c2c2_961a_445d_94d1_9bd0e7e2c1ad-6-30fb09cc-9bcc-4847-94cd-25f9fda777b6', protocol='range'}
2025-08-13 18:22:19,497 INFO  [org.apa.kaf.cli.con.int.ConsumerCoordinator] (Thread-636) [Consumer clientId=consumer-Consumer-topic-4b39c2c2_961a_445d_94d1_9bd0e7e2c1ad-6, groupId=Consumer-topic-4b39c2c2_961a_445d_94d1_9bd0e7e2c1ad] Finished assignment for group at generation 1: {consumer-Consumer-topic-4b39c2c2_961a_445d_94d1_9bd0e7e2c1ad-6-30fb09cc-9bcc-4847-94cd-25f9fda777b6=Assignment(partitions=[topic-4b39c2c2_961a_445d_94d1_9bd0e7e2c1ad-0])}
2025-08-13 18:22:19,505 INFO  [org.apa.kaf.cli.con.int.ConsumerCoordinator] (Thread-636) [Consumer clientId=consumer-Consumer-topic-4b39c2c2_961a_445d_94d1_9bd0e7e2c1ad-6, groupId=Consumer-topic-4b39c2c2_961a_445d_94d1_9bd0e7e2c1ad] Successfully synced group in generation Generation{generationId=1, memberId='consumer-Consumer-topic-4b39c2c2_961a_445d_94d1_9bd0e7e2c1ad-6-30fb09cc-9bcc-4847-94cd-25f9fda777b6', protocol='range'}
2025-08-13 18:22:19,505 INFO  [org.apa.kaf.cli.con.int.ConsumerCoordinator] (Thread-636) [Consumer clientId=consumer-Consumer-topic-4b39c2c2_961a_445d_94d1_9bd0e7e2c1ad-6, groupId=Consumer-topic-4b39c2c2_961a_445d_94d1_9bd0e7e2c1ad] Notifying assignor about the new Assignment(partitions=[topic-4b39c2c2_961a_445d_94d1_9bd0e7e2c1ad-0])
2025-08-13 18:22:19,505 INFO  [org.apa.kaf.cli.con.int.ConsumerRebalanceListenerInvoker] (Thread-636) [Consumer clientId=consumer-Consumer-topic-4b39c2c2_961a_445d_94d1_9bd0e7e2c1ad-6, groupId=Consumer-topic-4b39c2c2_961a_445d_94d1_9bd0e7e2c1ad] Adding newly assigned partitions: topic-4b39c2c2_961a_445d_94d1_9bd0e7e2c1ad-0
2025-08-13 18:22:19,506 INFO  [org.apa.kaf.cli.con.int.ConsumerCoordinator] (Thread-636) [Consumer clientId=consumer-Consumer-topic-4b39c2c2_961a_445d_94d1_9bd0e7e2c1ad-6, groupId=Consumer-topic-4b39c2c2_961a_445d_94d1_9bd0e7e2c1ad] Found no committed offset for partition topic-4b39c2c2_961a_445d_94d1_9bd0e7e2c1ad-0
2025-08-13 18:22:19,510 INFO  [org.apa.kaf.cli.con.int.SubscriptionState] (Thread-636) [Consumer clientId=consumer-Consumer-topic-4b39c2c2_961a_445d_94d1_9bd0e7e2c1ad-6, groupId=Consumer-topic-4b39c2c2_961a_445d_94d1_9bd0e7e2c1ad] Resetting offset for partition topic-4b39c2c2_961a_445d_94d1_9bd0e7e2c1ad-0 to position FetchPosition{offset=0, offsetEpoch=Optional.empty, currentLeader=LeaderAndEpoch{leader=Optional[localhost:32769 (id: 0 rack: null)], epoch=0}}.
2025-08-13 18:22:19,776 INFO  [io.api.tes.ser.api.KafkaSerdesTester] (Thread-636) topic-4b39c2c2_961a_445d_94d1_9bd0e7e2c1ad 0 0 io.apicurio.tests.common.serdes.TestObject@3dbd29cb
2025-08-13 18:22:19,776 INFO  [io.api.tes.ser.api.KafkaSerdesTester] (Thread-636) topic-4b39c2c2_961a_445d_94d1_9bd0e7e2c1ad 0 1 io.apicurio.tests.common.serdes.TestObject@3dbd29cb
2025-08-13 18:22:19,776 INFO  [io.api.tes.ser.api.KafkaSerdesTester] (Thread-636) topic-4b39c2c2_961a_445d_94d1_9bd0e7e2c1ad 0 2 io.apicurio.tests.common.serdes.TestObject@3dbd29cb
2025-08-13 18:22:19,776 INFO  [io.api.tes.ser.api.KafkaSerdesTester] (Thread-636) topic-4b39c2c2_961a_445d_94d1_9bd0e7e2c1ad 0 3 io.apicurio.tests.common.serdes.TestObject@3dbd29cb
2025-08-13 18:22:19,776 INFO  [io.api.tes.ser.api.KafkaSerdesTester] (Thread-636) topic-4b39c2c2_961a_445d_94d1_9bd0e7e2c1ad 0 4 io.apicurio.tests.common.serdes.TestObject@3dbd29cb
2025-08-13 18:22:19,776 INFO  [io.api.tes.ser.api.KafkaSerdesTester] (Thread-636) topic-4b39c2c2_961a_445d_94d1_9bd0e7e2c1ad 0 5 io.apicurio.tests.common.serdes.TestObject@3dbd29cb
2025-08-13 18:22:19,776 INFO  [io.api.tes.ser.api.KafkaSerdesTester] (Thread-636) topic-4b39c2c2_961a_445d_94d1_9bd0e7e2c1ad 0 6 io.apicurio.tests.common.serdes.TestObject@3dbd29cb
2025-08-13 18:22:19,776 INFO  [io.api.tes.ser.api.KafkaSerdesTester] (Thread-636) topic-4b39c2c2_961a_445d_94d1_9bd0e7e2c1ad 0 7 io.apicurio.tests.common.serdes.TestObject@3dbd29cb
2025-08-13 18:22:19,776 INFO  [io.api.tes.ser.api.KafkaSerdesTester] (Thread-636) topic-4b39c2c2_961a_445d_94d1_9bd0e7e2c1ad 0 8 io.apicurio.tests.common.serdes.TestObject@3dbd29cb
2025-08-13 18:22:19,776 INFO  [io.api.tes.ser.api.KafkaSerdesTester] (Thread-636) topic-4b39c2c2_961a_445d_94d1_9bd0e7e2c1ad 0 9 io.apicurio.tests.common.serdes.TestObject@3dbd29cb
2025-08-13 18:22:19,776 INFO  [io.api.tes.ser.api.KafkaSerdesTester] (Thread-636) Consumed 10 messages
2025-08-13 18:22:19,784 INFO  [org.apa.kaf.cli.con.int.ConsumerRebalanceListenerInvoker] (Thread-636) [Consumer clientId=consumer-Consumer-topic-4b39c2c2_961a_445d_94d1_9bd0e7e2c1ad-6, groupId=Consumer-topic-4b39c2c2_961a_445d_94d1_9bd0e7e2c1ad] Revoke previously assigned partitions topic-4b39c2c2_961a_445d_94d1_9bd0e7e2c1ad-0
2025-08-13 18:22:19,784 INFO  [org.apa.kaf.cli.con.int.ConsumerCoordinator] (Thread-636) [Consumer clientId=consumer-Consumer-topic-4b39c2c2_961a_445d_94d1_9bd0e7e2c1ad-6, groupId=Consumer-topic-4b39c2c2_961a_445d_94d1_9bd0e7e2c1ad] Member consumer-Consumer-topic-4b39c2c2_961a_445d_94d1_9bd0e7e2c1ad-6-30fb09cc-9bcc-4847-94cd-25f9fda777b6 sending LeaveGroup request to coordinator localhost:32769 (id: 2147483647 rack: null) due to the consumer is being closed
2025-08-13 18:22:19,784 INFO  [org.apa.kaf.cli.con.int.ConsumerCoordinator] (Thread-636) [Consumer clientId=consumer-Consumer-topic-4b39c2c2_961a_445d_94d1_9bd0e7e2c1ad-6, groupId=Consumer-topic-4b39c2c2_961a_445d_94d1_9bd0e7e2c1ad] Resetting generation and member id due to: consumer pro-actively leaving the group
2025-08-13 18:22:19,784 INFO  [org.apa.kaf.cli.con.int.ConsumerCoordinator] (Thread-636) [Consumer clientId=consumer-Consumer-topic-4b39c2c2_961a_445d_94d1_9bd0e7e2c1ad-6, groupId=Consumer-topic-4b39c2c2_961a_445d_94d1_9bd0e7e2c1ad] Request joining group due to: consumer pro-actively leaving the group
2025-08-13 18:22:20,279 INFO  [org.apa.kaf.com.met.Metrics] (Thread-636) Metrics scheduler closed
2025-08-13 18:22:20,279 INFO  [org.apa.kaf.com.met.Metrics] (Thread-636) Closing reporter org.apache.kafka.common.metrics.JmxReporter
2025-08-13 18:22:20,279 INFO  [org.apa.kaf.com.met.Metrics] (Thread-636) Closing reporter org.apache.kafka.common.telemetry.internals.ClientTelemetryReporter
2025-08-13 18:22:20,279 INFO  [org.apa.kaf.com.met.Metrics] (Thread-636) Metrics reporters closed
2025-08-13 18:22:20,282 INFO  [org.apa.kaf.com.uti.AppInfoParser] (Thread-636) App info kafka.consumer for consumer-Consumer-topic-4b39c2c2_961a_445d_94d1_9bd0e7e2c1ad-6 unregistered
2025-08-13 18:22:20,283 INFO  [io.api.tes.uti.TestSeparator] (main) io.apicurio.tests.serdes.apicurio.AvroSerdeIT.testReflectAutoRegister-FINISHED
2025-08-13 18:22:20,283 INFO  [io.api.tes.uti.TestSeparator] (main) ############################################################################
Test passed: testReflectAutoRegister
]]></system-out>
  </testcase>
  <testcase name="testArtifactNotFound" classname="io.apicurio.tests.serdes.apicurio.AvroSerdeIT" time="0.391">
    <system-out><![CDATA[2025-08-13 18:22:20,285 INFO  [io.api.tes.uti.TestSeparator] (main) ############################################################################
2025-08-13 18:22:20,287 INFO  [io.api.tes.uti.TestSeparator] (main) io.apicurio.tests.serdes.apicurio.AvroSerdeIT.testArtifactNotFound-STARTED
**** Registry Base URL: http://registry-app-mysql.apps.ci419.apicurio-testing.org:80
2025-08-13 18:22:20,289 INFO  [org.apa.kaf.cli.pro.ProducerConfig] (main) ProducerConfig values: 
	acks = -1
	auto.include.jmx.reporter = true
	batch.size = 16384
	bootstrap.servers = [PLAINTEXT://localhost:32769]
	buffer.memory = 33554432
	client.dns.lookup = use_all_dns_ips
	client.id = Producer-s4418a13fx0c46x4803x8780xaff02a0ed6ef
	compression.gzip.level = -1
	compression.lz4.level = 9
	compression.type = none
	compression.zstd.level = 3
	connections.max.idle.ms = 10000
	delivery.timeout.ms = 120000
	enable.idempotence = true
	enable.metrics.push = true
	interceptor.classes = []
	key.serializer = class org.apache.kafka.common.serialization.StringSerializer
	linger.ms = 0
	max.block.ms = 60000
	max.in.flight.requests.per.connection = 5
	max.request.size = 1048576
	metadata.max.age.ms = 300000
	metadata.max.idle.ms = 300000
	metadata.recovery.strategy = none
	metric.reporters = []
	metrics.num.samples = 2
	metrics.recording.level = INFO
	metrics.sample.window.ms = 30000
	partitioner.adaptive.partitioning.enable = true
	partitioner.availability.timeout.ms = 0
	partitioner.class = null
	partitioner.ignore.keys = false
	receive.buffer.bytes = 32768
	reconnect.backoff.max.ms = 1000
	reconnect.backoff.ms = 50
	request.timeout.ms = 5000
	retries = 2147483647
	retry.backoff.max.ms = 1000
	retry.backoff.ms = 100
	sasl.client.callback.handler.class = null
	sasl.jaas.config = null
	sasl.kerberos.kinit.cmd = /usr/bin/kinit
	sasl.kerberos.min.time.before.relogin = 60000
	sasl.kerberos.service.name = null
	sasl.kerberos.ticket.renew.jitter = 0.05
	sasl.kerberos.ticket.renew.window.factor = 0.8
	sasl.login.callback.handler.class = null
	sasl.login.class = null
	sasl.login.connect.timeout.ms = null
	sasl.login.read.timeout.ms = null
	sasl.login.refresh.buffer.seconds = 300
	sasl.login.refresh.min.period.seconds = 60
	sasl.login.refresh.window.factor = 0.8
	sasl.login.refresh.window.jitter = 0.05
	sasl.login.retry.backoff.max.ms = 10000
	sasl.login.retry.backoff.ms = 100
	sasl.mechanism = GSSAPI
	sasl.oauthbearer.clock.skew.seconds = 30
	sasl.oauthbearer.expected.audience = null
	sasl.oauthbearer.expected.issuer = null
	sasl.oauthbearer.header.urlencode = false
	sasl.oauthbearer.jwks.endpoint.refresh.ms = 3600000
	sasl.oauthbearer.jwks.endpoint.retry.backoff.max.ms = 10000
	sasl.oauthbearer.jwks.endpoint.retry.backoff.ms = 100
	sasl.oauthbearer.jwks.endpoint.url = null
	sasl.oauthbearer.scope.claim.name = scope
	sasl.oauthbearer.sub.claim.name = sub
	sasl.oauthbearer.token.endpoint.url = null
	security.protocol = PLAINTEXT
	security.providers = null
	send.buffer.bytes = 131072
	socket.connection.setup.timeout.max.ms = 30000
	socket.connection.setup.timeout.ms = 10000
	ssl.cipher.suites = null
	ssl.enabled.protocols = [TLSv1.2, TLSv1.3]
	ssl.endpoint.identification.algorithm = https
	ssl.engine.factory.class = null
	ssl.key.password = null
	ssl.keymanager.algorithm = SunX509
	ssl.keystore.certificate.chain = null
	ssl.keystore.key = null
	ssl.keystore.location = null
	ssl.keystore.password = null
	ssl.keystore.type = JKS
	ssl.protocol = TLSv1.3
	ssl.provider = null
	ssl.secure.random.implementation = null
	ssl.trustmanager.algorithm = PKIX
	ssl.truststore.certificates = null
	ssl.truststore.location = null
	ssl.truststore.password = null
	ssl.truststore.type = JKS
	transaction.timeout.ms = 60000
	transactional.id = null
	value.serializer = class io.apicurio.registry.serde.avro.AvroKafkaSerializer

2025-08-13 18:22:20,289 INFO  [org.apa.kaf.com.tel.int.KafkaMetricsCollector] (main) initializing Kafka metrics collector
2025-08-13 18:22:20,294 INFO  [org.apa.kaf.cli.pro.KafkaProducer] (main) [Producer clientId=Producer-s4418a13fx0c46x4803x8780xaff02a0ed6ef] Instantiated an idempotent producer.
2025-08-13 18:22:20,296 INFO  [org.apa.kaf.cli.pro.ProducerConfig] (main) These configurations '[apicurio.registry.url, apicurio.registry.artifact-resolver-strategy]' were supplied but are not used yet.
2025-08-13 18:22:20,296 INFO  [org.apa.kaf.com.uti.AppInfoParser] (main) Kafka version: 3.9.1
2025-08-13 18:22:20,296 INFO  [org.apa.kaf.com.uti.AppInfoParser] (main) Kafka commitId: f745dfdcee2b9851
2025-08-13 18:22:20,296 INFO  [org.apa.kaf.com.uti.AppInfoParser] (main) Kafka startTimeMs: 1755109340296
2025-08-13 18:22:20,299 INFO  [io.api.tes.ser.api.KafkaSerdesTester] (Thread-639) Sending message {"keyB": "value-0"} to topic s4418a13fx0c46x4803x8780xaff02a0ed6ef
2025-08-13 18:22:20,307 WARN  [org.apa.kaf.cli.NetworkClient] (kafka-producer-network-thread | Producer-s4418a13fx0c46x4803x8780xaff02a0ed6ef) [Producer clientId=Producer-s4418a13fx0c46x4803x8780xaff02a0ed6ef] The metadata response from the cluster reported a recoverable issue with correlation id 1 : {s4418a13fx0c46x4803x8780xaff02a0ed6ef=UNKNOWN_TOPIC_OR_PARTITION}
2025-08-13 18:22:20,307 INFO  [org.apa.kaf.cli.Metadata] (kafka-producer-network-thread | Producer-s4418a13fx0c46x4803x8780xaff02a0ed6ef) [Producer clientId=Producer-s4418a13fx0c46x4803x8780xaff02a0ed6ef] Cluster ID: qvRm5C5FS3SD7xP4bjB8Pg
2025-08-13 18:22:20,307 INFO  [org.apa.kaf.cli.pro.int.TransactionManager] (kafka-producer-network-thread | Producer-s4418a13fx0c46x4803x8780xaff02a0ed6ef) [Producer clientId=Producer-s4418a13fx0c46x4803x8780xaff02a0ed6ef] ProducerId set to 7 with epoch 0
2025-08-13 18:22:20,430 INFO  [DefaultSchemaResolver] (Thread-639) Retrieving schema content using string: {"type":"record","name":"myrecord","namespace":"mygroup","fields":[{"name":"keyB","type":"string"}]}
2025-08-13 18:22:20,669 INFO  [org.apa.kaf.cli.pro.KafkaProducer] (Thread-639) [Producer clientId=Producer-s4418a13fx0c46x4803x8780xaff02a0ed6ef] Closing the Kafka producer with timeoutMillis = 9223372036854775807 ms.
2025-08-13 18:22:20,672 INFO  [org.apa.kaf.com.met.Metrics] (Thread-639) Metrics scheduler closed
2025-08-13 18:22:20,672 INFO  [org.apa.kaf.com.met.Metrics] (Thread-639) Closing reporter org.apache.kafka.common.metrics.JmxReporter
2025-08-13 18:22:20,672 INFO  [org.apa.kaf.com.met.Metrics] (Thread-639) Closing reporter org.apache.kafka.common.telemetry.internals.ClientTelemetryReporter
2025-08-13 18:22:20,672 INFO  [org.apa.kaf.com.met.Metrics] (Thread-639) Metrics reporters closed
2025-08-13 18:22:20,673 INFO  [org.apa.kaf.com.uti.AppInfoParser] (Thread-639) App info kafka.producer for Producer-s4418a13fx0c46x4803x8780xaff02a0ed6ef unregistered
2025-08-13 18:22:20,675 INFO  [io.api.tes.uti.TestSeparator] (main) io.apicurio.tests.serdes.apicurio.AvroSerdeIT.testArtifactNotFound-FINISHED
2025-08-13 18:22:20,675 INFO  [io.api.tes.uti.TestSeparator] (main) ############################################################################
Test passed: testArtifactNotFound
]]></system-out>
    <system-err><![CDATA[java.lang.RuntimeException: Could not resolve artifact reference by content: {"type":"record","name":"myrecord","namespace":"mygroup","fields":[{"name":"keyB","type":"string"}]}&ArtifactReference [groupId=default, artifactId=s4418a13fx0c46x4803x8780xaff02a0ed6ef-value, version=null, globalId=null, contentId=null, contentHash=null]
	at io.apicurio.registry.resolver.DefaultSchemaResolver.lambda$handleResolveSchemaByContent$3(DefaultSchemaResolver.java:265)
	at io.apicurio.registry.resolver.cache.ERCache.lambda$getValue$0(ERCache.java:174)
	at io.apicurio.registry.resolver.cache.ERCache.retry(ERCache.java:227)
	at io.apicurio.registry.resolver.cache.ERCache.getValue(ERCache.java:173)
	at io.apicurio.registry.resolver.cache.ERCache.getByContent(ERCache.java:147)
	at io.apicurio.registry.resolver.DefaultSchemaResolver.handleResolveSchemaByContent(DefaultSchemaResolver.java:253)
	at io.apicurio.registry.resolver.DefaultSchemaResolver.getSchemaFromRegistry(DefaultSchemaResolver.java:138)
	at io.apicurio.registry.resolver.DefaultSchemaResolver.lambda$resolveSchema$0(DefaultSchemaResolver.java:84)
	at java.base/java.util.Optional.orElseGet(Optional.java:364)
	at io.apicurio.registry.resolver.DefaultSchemaResolver.resolveSchema(DefaultSchemaResolver.java:84)
	at io.apicurio.registry.serde.AbstractSerializer.serializeData(AbstractSerializer.java:62)
	at io.apicurio.registry.serde.KafkaSerializer.serialize(KafkaSerializer.java:77)
	at org.apache.kafka.clients.producer.KafkaProducer.doSend(KafkaProducer.java:1046)
	at org.apache.kafka.clients.producer.KafkaProducer.send(KafkaProducer.java:993)
	at org.apache.kafka.clients.producer.KafkaProducer.send(KafkaProducer.java:875)
	at io.apicurio.tests.serdes.apicurio.KafkaSerdesTester.lambda$produceMessages$3(KafkaSerdesTester.java:138)
	at java.base/java.util.concurrent.CompletableFuture$AsyncSupply.run(CompletableFuture.java:1768)
	at java.base/java.lang.Thread.run(Thread.java:840)
]]></system-err>
  </testcase>
  <testcase name="testAvroSerDesFailDifferentSchemaByRecordName" classname="io.apicurio.tests.serdes.apicurio.AvroSerdeIT" time="1.406">
    <system-out><![CDATA[2025-08-13 18:22:20,678 INFO  [io.api.tes.uti.TestSeparator] (main) ############################################################################
2025-08-13 18:22:20,678 INFO  [io.api.tes.uti.TestSeparator] (main) io.apicurio.tests.serdes.apicurio.AvroSerdeIT.testAvroSerDesFailDifferentSchemaByRecordName-STARTED
**** Registry Base URL: http://registry-app-mysql.apps.ci419.apicurio-testing.org:80
2025-08-13 18:22:21,887 INFO  [org.apa.kaf.cli.pro.ProducerConfig] (main) ProducerConfig values: 
	acks = -1
	auto.include.jmx.reporter = true
	batch.size = 16384
	bootstrap.servers = [PLAINTEXT://localhost:32769]
	buffer.memory = 33554432
	client.dns.lookup = use_all_dns_ips
	client.id = Producer-topic-02b4e4e3_a39d_416c_ad5e_8144989362aa
	compression.gzip.level = -1
	compression.lz4.level = 9
	compression.type = none
	compression.zstd.level = 3
	connections.max.idle.ms = 10000
	delivery.timeout.ms = 120000
	enable.idempotence = true
	enable.metrics.push = true
	interceptor.classes = []
	key.serializer = class org.apache.kafka.common.serialization.StringSerializer
	linger.ms = 0
	max.block.ms = 60000
	max.in.flight.requests.per.connection = 5
	max.request.size = 1048576
	metadata.max.age.ms = 300000
	metadata.max.idle.ms = 300000
	metadata.recovery.strategy = none
	metric.reporters = []
	metrics.num.samples = 2
	metrics.recording.level = INFO
	metrics.sample.window.ms = 30000
	partitioner.adaptive.partitioning.enable = true
	partitioner.availability.timeout.ms = 0
	partitioner.class = null
	partitioner.ignore.keys = false
	receive.buffer.bytes = 32768
	reconnect.backoff.max.ms = 1000
	reconnect.backoff.ms = 50
	request.timeout.ms = 5000
	retries = 2147483647
	retry.backoff.max.ms = 1000
	retry.backoff.ms = 100
	sasl.client.callback.handler.class = null
	sasl.jaas.config = null
	sasl.kerberos.kinit.cmd = /usr/bin/kinit
	sasl.kerberos.min.time.before.relogin = 60000
	sasl.kerberos.service.name = null
	sasl.kerberos.ticket.renew.jitter = 0.05
	sasl.kerberos.ticket.renew.window.factor = 0.8
	sasl.login.callback.handler.class = null
	sasl.login.class = null
	sasl.login.connect.timeout.ms = null
	sasl.login.read.timeout.ms = null
	sasl.login.refresh.buffer.seconds = 300
	sasl.login.refresh.min.period.seconds = 60
	sasl.login.refresh.window.factor = 0.8
	sasl.login.refresh.window.jitter = 0.05
	sasl.login.retry.backoff.max.ms = 10000
	sasl.login.retry.backoff.ms = 100
	sasl.mechanism = GSSAPI
	sasl.oauthbearer.clock.skew.seconds = 30
	sasl.oauthbearer.expected.audience = null
	sasl.oauthbearer.expected.issuer = null
	sasl.oauthbearer.header.urlencode = false
	sasl.oauthbearer.jwks.endpoint.refresh.ms = 3600000
	sasl.oauthbearer.jwks.endpoint.retry.backoff.max.ms = 10000
	sasl.oauthbearer.jwks.endpoint.retry.backoff.ms = 100
	sasl.oauthbearer.jwks.endpoint.url = null
	sasl.oauthbearer.scope.claim.name = scope
	sasl.oauthbearer.sub.claim.name = sub
	sasl.oauthbearer.token.endpoint.url = null
	security.protocol = PLAINTEXT
	security.providers = null
	send.buffer.bytes = 131072
	socket.connection.setup.timeout.max.ms = 30000
	socket.connection.setup.timeout.ms = 10000
	ssl.cipher.suites = null
	ssl.enabled.protocols = [TLSv1.2, TLSv1.3]
	ssl.endpoint.identification.algorithm = https
	ssl.engine.factory.class = null
	ssl.key.password = null
	ssl.keymanager.algorithm = SunX509
	ssl.keystore.certificate.chain = null
	ssl.keystore.key = null
	ssl.keystore.location = null
	ssl.keystore.password = null
	ssl.keystore.type = JKS
	ssl.protocol = TLSv1.3
	ssl.provider = null
	ssl.secure.random.implementation = null
	ssl.trustmanager.algorithm = PKIX
	ssl.truststore.certificates = null
	ssl.truststore.location = null
	ssl.truststore.password = null
	ssl.truststore.type = JKS
	transaction.timeout.ms = 60000
	transactional.id = null
	value.serializer = class io.apicurio.registry.serde.avro.AvroKafkaSerializer

2025-08-13 18:22:21,888 INFO  [org.apa.kaf.com.tel.int.KafkaMetricsCollector] (main) initializing Kafka metrics collector
2025-08-13 18:22:21,892 INFO  [org.apa.kaf.cli.pro.KafkaProducer] (main) [Producer clientId=Producer-topic-02b4e4e3_a39d_416c_ad5e_8144989362aa] Instantiated an idempotent producer.
2025-08-13 18:22:21,894 INFO  [org.apa.kaf.cli.pro.ProducerConfig] (main) These configurations '[apicurio.registry.find-latest, apicurio.registry.url, apicurio.registry.artifact-resolver-strategy]' were supplied but are not used yet.
2025-08-13 18:22:21,894 INFO  [org.apa.kaf.com.uti.AppInfoParser] (main) Kafka version: 3.9.1
2025-08-13 18:22:21,894 INFO  [org.apa.kaf.com.uti.AppInfoParser] (main) Kafka commitId: f745dfdcee2b9851
2025-08-13 18:22:21,894 INFO  [org.apa.kaf.com.uti.AppInfoParser] (main) Kafka startTimeMs: 1755109341894
2025-08-13 18:22:21,896 INFO  [io.api.tes.ser.api.KafkaSerdesTester] (Thread-642) Sending message {"keyB": "value-0"} to topic topic-02b4e4e3_a39d_416c_ad5e_8144989362aa
2025-08-13 18:22:21,912 INFO  [org.apa.kaf.cli.Metadata] (kafka-producer-network-thread | Producer-topic-02b4e4e3_a39d_416c_ad5e_8144989362aa) [Producer clientId=Producer-topic-02b4e4e3_a39d_416c_ad5e_8144989362aa] Cluster ID: qvRm5C5FS3SD7xP4bjB8Pg
2025-08-13 18:22:21,913 INFO  [org.apa.kaf.cli.pro.int.TransactionManager] (kafka-producer-network-thread | Producer-topic-02b4e4e3_a39d_416c_ad5e_8144989362aa) [Producer clientId=Producer-topic-02b4e4e3_a39d_416c_ad5e_8144989362aa] ProducerId set to 8 with epoch 0
2025-08-13 18:22:22,079 INFO  [org.apa.kaf.cli.pro.KafkaProducer] (Thread-642) [Producer clientId=Producer-topic-02b4e4e3_a39d_416c_ad5e_8144989362aa] Closing the Kafka producer with timeoutMillis = 9223372036854775807 ms.
2025-08-13 18:22:22,081 INFO  [org.apa.kaf.com.met.Metrics] (Thread-642) Metrics scheduler closed
2025-08-13 18:22:22,081 INFO  [org.apa.kaf.com.met.Metrics] (Thread-642) Closing reporter org.apache.kafka.common.metrics.JmxReporter
2025-08-13 18:22:22,081 INFO  [org.apa.kaf.com.met.Metrics] (Thread-642) Closing reporter org.apache.kafka.common.telemetry.internals.ClientTelemetryReporter
2025-08-13 18:22:22,081 INFO  [org.apa.kaf.com.met.Metrics] (Thread-642) Metrics reporters closed
2025-08-13 18:22:22,081 INFO  [org.apa.kaf.com.uti.AppInfoParser] (Thread-642) App info kafka.producer for Producer-topic-02b4e4e3_a39d_416c_ad5e_8144989362aa unregistered
2025-08-13 18:22:22,082 INFO  [io.api.tes.uti.TestSeparator] (main) io.apicurio.tests.serdes.apicurio.AvroSerdeIT.testAvroSerDesFailDifferentSchemaByRecordName-FINISHED
2025-08-13 18:22:22,082 INFO  [io.api.tes.uti.TestSeparator] (main) ############################################################################
Test passed: testAvroSerDesFailDifferentSchemaByRecordName
]]></system-out>
    <system-err><![CDATA[io.apicurio.registry.rest.client.models.ProblemDetails
	at io.apicurio.registry.rest.client.models.ProblemDetails.createFromDiscriminatorValue(ProblemDetails.java:58)
	at io.kiota.serialization.json.JsonParseNode.getObjectValue(JsonParseNode.java:247)
	at io.kiota.http.vertx.VertXRequestAdapter.lambda$throwIfFailedResponse$0(VertXRequestAdapter.java:400)
	at com.microsoft.kiota.ApiExceptionBuilder.<init>(ApiExceptionBuilder.java:26)
	at io.kiota.http.vertx.VertXRequestAdapter.throwIfFailedResponse(VertXRequestAdapter.java:399)
	at io.kiota.http.vertx.VertXRequestAdapter.send(VertXRequestAdapter.java:170)
	at io.apicurio.registry.rest.client.groups.item.artifacts.item.versions.item.WithVersionExpressionItemRequestBuilder.get(WithVersionExpressionItemRequestBuilder.java:128)
	at io.apicurio.registry.rest.client.groups.item.artifacts.item.versions.item.WithVersionExpressionItemRequestBuilder.get(WithVersionExpressionItemRequestBuilder.java:111)
	at io.apicurio.registry.resolver.client.RegistryClientFacadeImpl.getVersionCoordinatesByGAV(RegistryClientFacadeImpl.java:159)
	at io.apicurio.registry.resolver.DefaultSchemaResolver.resolveByCoordinates(DefaultSchemaResolver.java:352)
	at io.apicurio.registry.resolver.DefaultSchemaResolver.lambda$resolveSchemaByArtifactReferenceCached$6(DefaultSchemaResolver.java:340)
	at io.apicurio.registry.resolver.cache.ERCache.lambda$getValue$0(ERCache.java:174)
	at io.apicurio.registry.resolver.cache.ERCache.retry(ERCache.java:227)
	at io.apicurio.registry.resolver.cache.ERCache.getValue(ERCache.java:173)
	at io.apicurio.registry.resolver.cache.ERCache.getByArtifactCoordinates(ERCache.java:158)
	at io.apicurio.registry.resolver.DefaultSchemaResolver.resolveSchemaByArtifactReferenceCached(DefaultSchemaResolver.java:338)
	at io.apicurio.registry.resolver.DefaultSchemaResolver.resolveSchemaByCoordinates(DefaultSchemaResolver.java:193)
	at io.apicurio.registry.resolver.DefaultSchemaResolver.getSchemaFromRegistry(DefaultSchemaResolver.java:130)
	at io.apicurio.registry.resolver.DefaultSchemaResolver.lambda$resolveSchema$0(DefaultSchemaResolver.java:84)
	at java.base/java.util.Optional.orElseGet(Optional.java:364)
	at io.apicurio.registry.resolver.DefaultSchemaResolver.resolveSchema(DefaultSchemaResolver.java:84)
	at io.apicurio.registry.serde.AbstractSerializer.serializeData(AbstractSerializer.java:62)
	at io.apicurio.registry.serde.KafkaSerializer.serialize(KafkaSerializer.java:77)
	at org.apache.kafka.clients.producer.KafkaProducer.doSend(KafkaProducer.java:1046)
	at org.apache.kafka.clients.producer.KafkaProducer.send(KafkaProducer.java:993)
	at org.apache.kafka.clients.producer.KafkaProducer.send(KafkaProducer.java:875)
	at io.apicurio.tests.serdes.apicurio.KafkaSerdesTester.lambda$produceMessages$3(KafkaSerdesTester.java:138)
	at java.base/java.util.concurrent.CompletableFuture$AsyncSupply.run(CompletableFuture.java:1768)
	at java.base/java.lang.Thread.run(Thread.java:840)
]]></system-err>
  </testcase>
  <testcase name="testTopicIdStrategyFindLatest" classname="io.apicurio.tests.serdes.apicurio.AvroSerdeIT" time="5.426">
    <system-out><![CDATA[2025-08-13 18:22:22,086 INFO  [io.api.tes.uti.TestSeparator] (main) ############################################################################
2025-08-13 18:22:22,086 INFO  [io.api.tes.uti.TestSeparator] (main) io.apicurio.tests.serdes.apicurio.AvroSerdeIT.testTopicIdStrategyFindLatest-STARTED
2025-08-13 18:22:22,087 INFO  [io.api.tes.ser.api.AvroSerdeIT] (main) Registering Avro Schema: {"type":"record","name":"myrecordapicurio1","fields":[{"name":"key11755109342087","type":"string"}]}
**** Registry Base URL: http://registry-app-mysql.apps.ci419.apicurio-testing.org:80
2025-08-13 18:22:23,291 INFO  [org.apa.kaf.cli.pro.ProducerConfig] (main) ProducerConfig values: 
	acks = -1
	auto.include.jmx.reporter = true
	batch.size = 16384
	bootstrap.servers = [PLAINTEXT://localhost:32769]
	buffer.memory = 33554432
	client.dns.lookup = use_all_dns_ips
	client.id = Producer-topic-f47a99f6_5013_4561_8993_a006e0aa32f6
	compression.gzip.level = -1
	compression.lz4.level = 9
	compression.type = none
	compression.zstd.level = 3
	connections.max.idle.ms = 10000
	delivery.timeout.ms = 120000
	enable.idempotence = true
	enable.metrics.push = true
	interceptor.classes = []
	key.serializer = class org.apache.kafka.common.serialization.StringSerializer
	linger.ms = 0
	max.block.ms = 60000
	max.in.flight.requests.per.connection = 5
	max.request.size = 1048576
	metadata.max.age.ms = 300000
	metadata.max.idle.ms = 300000
	metadata.recovery.strategy = none
	metric.reporters = []
	metrics.num.samples = 2
	metrics.recording.level = INFO
	metrics.sample.window.ms = 30000
	partitioner.adaptive.partitioning.enable = true
	partitioner.availability.timeout.ms = 0
	partitioner.class = null
	partitioner.ignore.keys = false
	receive.buffer.bytes = 32768
	reconnect.backoff.max.ms = 1000
	reconnect.backoff.ms = 50
	request.timeout.ms = 5000
	retries = 2147483647
	retry.backoff.max.ms = 1000
	retry.backoff.ms = 100
	sasl.client.callback.handler.class = null
	sasl.jaas.config = null
	sasl.kerberos.kinit.cmd = /usr/bin/kinit
	sasl.kerberos.min.time.before.relogin = 60000
	sasl.kerberos.service.name = null
	sasl.kerberos.ticket.renew.jitter = 0.05
	sasl.kerberos.ticket.renew.window.factor = 0.8
	sasl.login.callback.handler.class = null
	sasl.login.class = null
	sasl.login.connect.timeout.ms = null
	sasl.login.read.timeout.ms = null
	sasl.login.refresh.buffer.seconds = 300
	sasl.login.refresh.min.period.seconds = 60
	sasl.login.refresh.window.factor = 0.8
	sasl.login.refresh.window.jitter = 0.05
	sasl.login.retry.backoff.max.ms = 10000
	sasl.login.retry.backoff.ms = 100
	sasl.mechanism = GSSAPI
	sasl.oauthbearer.clock.skew.seconds = 30
	sasl.oauthbearer.expected.audience = null
	sasl.oauthbearer.expected.issuer = null
	sasl.oauthbearer.header.urlencode = false
	sasl.oauthbearer.jwks.endpoint.refresh.ms = 3600000
	sasl.oauthbearer.jwks.endpoint.retry.backoff.max.ms = 10000
	sasl.oauthbearer.jwks.endpoint.retry.backoff.ms = 100
	sasl.oauthbearer.jwks.endpoint.url = null
	sasl.oauthbearer.scope.claim.name = scope
	sasl.oauthbearer.sub.claim.name = sub
	sasl.oauthbearer.token.endpoint.url = null
	security.protocol = PLAINTEXT
	security.providers = null
	send.buffer.bytes = 131072
	socket.connection.setup.timeout.max.ms = 30000
	socket.connection.setup.timeout.ms = 10000
	ssl.cipher.suites = null
	ssl.enabled.protocols = [TLSv1.2, TLSv1.3]
	ssl.endpoint.identification.algorithm = https
	ssl.engine.factory.class = null
	ssl.key.password = null
	ssl.keymanager.algorithm = SunX509
	ssl.keystore.certificate.chain = null
	ssl.keystore.key = null
	ssl.keystore.location = null
	ssl.keystore.password = null
	ssl.keystore.type = JKS
	ssl.protocol = TLSv1.3
	ssl.provider = null
	ssl.secure.random.implementation = null
	ssl.trustmanager.algorithm = PKIX
	ssl.truststore.certificates = null
	ssl.truststore.location = null
	ssl.truststore.password = null
	ssl.truststore.type = JKS
	transaction.timeout.ms = 60000
	transactional.id = null
	value.serializer = class io.apicurio.registry.serde.avro.AvroKafkaSerializer

2025-08-13 18:22:23,291 INFO  [org.apa.kaf.com.tel.int.KafkaMetricsCollector] (main) initializing Kafka metrics collector
2025-08-13 18:22:23,294 INFO  [org.apa.kaf.cli.pro.KafkaProducer] (main) [Producer clientId=Producer-topic-f47a99f6_5013_4561_8993_a006e0aa32f6] Instantiated an idempotent producer.
2025-08-13 18:22:23,299 INFO  [org.apa.kaf.cli.pro.ProducerConfig] (main) These configurations '[apicurio.registry.find-latest, apicurio.registry.url, apicurio.registry.artifact-resolver-strategy]' were supplied but are not used yet.
2025-08-13 18:22:23,299 INFO  [org.apa.kaf.com.uti.AppInfoParser] (main) Kafka version: 3.9.1
2025-08-13 18:22:23,299 INFO  [org.apa.kaf.com.uti.AppInfoParser] (main) Kafka commitId: f745dfdcee2b9851
2025-08-13 18:22:23,299 INFO  [org.apa.kaf.com.uti.AppInfoParser] (main) Kafka startTimeMs: 1755109343299
2025-08-13 18:22:23,300 INFO  [io.api.tes.ser.api.SimpleSerdesTesterBuilder$SimpleSerdesTester] (main) Using producer configuration: {apicurio.registry.find-latest=true, apicurio.registry.url=http://registry-app-mysql.apps.ci419.apicurio-testing.org:80/apis/registry/v3, apicurio.registry.artifact-resolver-strategy=io.apicurio.registry.serde.strategy.TopicIdStrategy, value.serializer=io.apicurio.registry.serde.avro.AvroKafkaSerializer, request.timeout.ms=5000, acks=all, bootstrap.servers=PLAINTEXT://localhost:32769, connections.max.idle.ms=10000, key.serializer=org.apache.kafka.common.serialization.StringSerializer, client.id=Producer-topic-f47a99f6_5013_4561_8993_a006e0aa32f6}
2025-08-13 18:22:23,300 INFO  [io.api.tes.ser.api.SimpleSerdesTesterBuilder$SimpleSerdesTester] (main) Using consumer configuration: {}
2025-08-13 18:22:23,301 INFO  [io.api.tes.ser.api.KafkaSerdesTester] (Thread-645) Sending message {"key11755109342087": "value-0"} to topic topic-f47a99f6_5013_4561_8993_a006e0aa32f6
2025-08-13 18:22:23,305 INFO  [org.apa.kaf.cli.Metadata] (kafka-producer-network-thread | Producer-topic-f47a99f6_5013_4561_8993_a006e0aa32f6) [Producer clientId=Producer-topic-f47a99f6_5013_4561_8993_a006e0aa32f6] Cluster ID: qvRm5C5FS3SD7xP4bjB8Pg
2025-08-13 18:22:23,306 INFO  [org.apa.kaf.cli.pro.int.TransactionManager] (kafka-producer-network-thread | Producer-topic-f47a99f6_5013_4561_8993_a006e0aa32f6) [Producer clientId=Producer-topic-f47a99f6_5013_4561_8993_a006e0aa32f6] ProducerId set to 9 with epoch 0
2025-08-13 18:22:23,650 INFO  [io.api.tes.ser.api.KafkaSerdesTester] (Thread-645) Sending message {"key11755109342087": "value-1"} to topic topic-f47a99f6_5013_4561_8993_a006e0aa32f6
2025-08-13 18:22:23,653 INFO  [io.api.tes.ser.api.KafkaSerdesTester] (Thread-645) Sending message {"key11755109342087": "value-2"} to topic topic-f47a99f6_5013_4561_8993_a006e0aa32f6
2025-08-13 18:22:23,655 INFO  [io.api.tes.ser.api.KafkaSerdesTester] (Thread-645) Sending message {"key11755109342087": "value-3"} to topic topic-f47a99f6_5013_4561_8993_a006e0aa32f6
2025-08-13 18:22:23,659 INFO  [io.api.tes.ser.api.KafkaSerdesTester] (Thread-645) Sending message {"key11755109342087": "value-4"} to topic topic-f47a99f6_5013_4561_8993_a006e0aa32f6
2025-08-13 18:22:23,661 INFO  [io.api.tes.ser.api.KafkaSerdesTester] (Thread-645) Sending message {"key11755109342087": "value-5"} to topic topic-f47a99f6_5013_4561_8993_a006e0aa32f6
2025-08-13 18:22:23,664 INFO  [io.api.tes.ser.api.KafkaSerdesTester] (Thread-645) Sending message {"key11755109342087": "value-6"} to topic topic-f47a99f6_5013_4561_8993_a006e0aa32f6
2025-08-13 18:22:23,668 INFO  [io.api.tes.ser.api.KafkaSerdesTester] (Thread-645) Sending message {"key11755109342087": "value-7"} to topic topic-f47a99f6_5013_4561_8993_a006e0aa32f6
2025-08-13 18:22:23,671 INFO  [io.api.tes.ser.api.KafkaSerdesTester] (Thread-645) Sending message {"key11755109342087": "value-8"} to topic topic-f47a99f6_5013_4561_8993_a006e0aa32f6
2025-08-13 18:22:23,674 INFO  [io.api.tes.ser.api.KafkaSerdesTester] (Thread-645) Sending message {"key11755109342087": "value-9"} to topic topic-f47a99f6_5013_4561_8993_a006e0aa32f6
2025-08-13 18:22:23,678 INFO  [io.api.tes.ser.api.KafkaSerdesTester] (Thread-645) Produced 10 messages
2025-08-13 18:22:23,678 INFO  [org.apa.kaf.cli.pro.KafkaProducer] (Thread-645) [Producer clientId=Producer-topic-f47a99f6_5013_4561_8993_a006e0aa32f6] Closing the Kafka producer with timeoutMillis = 9223372036854775807 ms.
2025-08-13 18:22:23,682 INFO  [org.apa.kaf.com.met.Metrics] (Thread-645) Metrics scheduler closed
2025-08-13 18:22:23,682 INFO  [org.apa.kaf.com.met.Metrics] (Thread-645) Closing reporter org.apache.kafka.common.metrics.JmxReporter
2025-08-13 18:22:23,682 INFO  [org.apa.kaf.com.met.Metrics] (Thread-645) Closing reporter org.apache.kafka.common.telemetry.internals.ClientTelemetryReporter
2025-08-13 18:22:23,684 INFO  [org.apa.kaf.com.met.Metrics] (Thread-645) Metrics reporters closed
2025-08-13 18:22:23,684 INFO  [org.apa.kaf.com.uti.AppInfoParser] (Thread-645) App info kafka.producer for Producer-topic-f47a99f6_5013_4561_8993_a006e0aa32f6 unregistered
**** Registry Base URL: http://registry-app-mysql.apps.ci419.apicurio-testing.org:80
2025-08-13 18:22:23,685 INFO  [org.apa.kaf.cli.con.ConsumerConfig] (main) ConsumerConfig values: 
	allow.auto.create.topics = true
	auto.commit.interval.ms = 500
	auto.include.jmx.reporter = true
	auto.offset.reset = earliest
	bootstrap.servers = [PLAINTEXT://localhost:32769]
	check.crcs = true
	client.dns.lookup = use_all_dns_ips
	client.id = consumer-Consumer-topic-f47a99f6_5013_4561_8993_a006e0aa32f6-7
	client.rack = 
	connections.max.idle.ms = 10000
	default.api.timeout.ms = 60000
	enable.auto.commit = true
	enable.metrics.push = true
	exclude.internal.topics = true
	fetch.max.bytes = 52428800
	fetch.max.wait.ms = 500
	fetch.min.bytes = 1
	group.id = Consumer-topic-f47a99f6_5013_4561_8993_a006e0aa32f6
	group.instance.id = null
	group.protocol = classic
	group.remote.assignor = null
	heartbeat.interval.ms = 3000
	interceptor.classes = []
	internal.leave.group.on.close = true
	internal.throw.on.fetch.stable.offset.unsupported = false
	isolation.level = read_uncommitted
	key.deserializer = class org.apache.kafka.common.serialization.StringDeserializer
	max.partition.fetch.bytes = 1048576
	max.poll.interval.ms = 300000
	max.poll.records = 500
	metadata.max.age.ms = 300000
	metadata.recovery.strategy = none
	metric.reporters = []
	metrics.num.samples = 2
	metrics.recording.level = INFO
	metrics.sample.window.ms = 30000
	partition.assignment.strategy = [class org.apache.kafka.clients.consumer.RangeAssignor, class org.apache.kafka.clients.consumer.CooperativeStickyAssignor]
	receive.buffer.bytes = 65536
	reconnect.backoff.max.ms = 1000
	reconnect.backoff.ms = 50
	request.timeout.ms = 5000
	retry.backoff.max.ms = 1000
	retry.backoff.ms = 100
	sasl.client.callback.handler.class = null
	sasl.jaas.config = null
	sasl.kerberos.kinit.cmd = /usr/bin/kinit
	sasl.kerberos.min.time.before.relogin = 60000
	sasl.kerberos.service.name = null
	sasl.kerberos.ticket.renew.jitter = 0.05
	sasl.kerberos.ticket.renew.window.factor = 0.8
	sasl.login.callback.handler.class = null
	sasl.login.class = null
	sasl.login.connect.timeout.ms = null
	sasl.login.read.timeout.ms = null
	sasl.login.refresh.buffer.seconds = 300
	sasl.login.refresh.min.period.seconds = 60
	sasl.login.refresh.window.factor = 0.8
	sasl.login.refresh.window.jitter = 0.05
	sasl.login.retry.backoff.max.ms = 10000
	sasl.login.retry.backoff.ms = 100
	sasl.mechanism = GSSAPI
	sasl.oauthbearer.clock.skew.seconds = 30
	sasl.oauthbearer.expected.audience = null
	sasl.oauthbearer.expected.issuer = null
	sasl.oauthbearer.header.urlencode = false
	sasl.oauthbearer.jwks.endpoint.refresh.ms = 3600000
	sasl.oauthbearer.jwks.endpoint.retry.backoff.max.ms = 10000
	sasl.oauthbearer.jwks.endpoint.retry.backoff.ms = 100
	sasl.oauthbearer.jwks.endpoint.url = null
	sasl.oauthbearer.scope.claim.name = scope
	sasl.oauthbearer.sub.claim.name = sub
	sasl.oauthbearer.token.endpoint.url = null
	security.protocol = PLAINTEXT
	security.providers = null
	send.buffer.bytes = 131072
	session.timeout.ms = 45000
	socket.connection.setup.timeout.max.ms = 30000
	socket.connection.setup.timeout.ms = 10000
	ssl.cipher.suites = null
	ssl.enabled.protocols = [TLSv1.2, TLSv1.3]
	ssl.endpoint.identification.algorithm = https
	ssl.engine.factory.class = null
	ssl.key.password = null
	ssl.keymanager.algorithm = SunX509
	ssl.keystore.certificate.chain = null
	ssl.keystore.key = null
	ssl.keystore.location = null
	ssl.keystore.password = null
	ssl.keystore.type = JKS
	ssl.protocol = TLSv1.3
	ssl.provider = null
	ssl.secure.random.implementation = null
	ssl.trustmanager.algorithm = PKIX
	ssl.truststore.certificates = null
	ssl.truststore.location = null
	ssl.truststore.password = null
	ssl.truststore.type = JKS
	value.deserializer = class io.apicurio.registry.serde.avro.AvroKafkaDeserializer

2025-08-13 18:22:23,685 INFO  [org.apa.kaf.com.tel.int.KafkaMetricsCollector] (main) initializing Kafka metrics collector
2025-08-13 18:22:23,703 INFO  [org.apa.kaf.cli.con.ConsumerConfig] (main) These configurations '[apicurio.registry.url]' were supplied but are not used yet.
2025-08-13 18:22:23,703 INFO  [org.apa.kaf.com.uti.AppInfoParser] (main) Kafka version: 3.9.1
2025-08-13 18:22:23,703 INFO  [org.apa.kaf.com.uti.AppInfoParser] (main) Kafka commitId: f745dfdcee2b9851
2025-08-13 18:22:23,705 INFO  [org.apa.kaf.com.uti.AppInfoParser] (main) Kafka startTimeMs: 1755109343703
2025-08-13 18:22:23,705 INFO  [org.apa.kaf.cli.con.int.ClassicKafkaConsumer] (Thread-648) [Consumer clientId=consumer-Consumer-topic-f47a99f6_5013_4561_8993_a006e0aa32f6-7, groupId=Consumer-topic-f47a99f6_5013_4561_8993_a006e0aa32f6] Subscribed to topic(s): topic-f47a99f6_5013_4561_8993_a006e0aa32f6
2025-08-13 18:22:23,719 INFO  [org.apa.kaf.cli.Metadata] (Thread-648) [Consumer clientId=consumer-Consumer-topic-f47a99f6_5013_4561_8993_a006e0aa32f6-7, groupId=Consumer-topic-f47a99f6_5013_4561_8993_a006e0aa32f6] Cluster ID: qvRm5C5FS3SD7xP4bjB8Pg
2025-08-13 18:22:23,721 INFO  [org.apa.kaf.cli.con.int.ConsumerCoordinator] (Thread-648) [Consumer clientId=consumer-Consumer-topic-f47a99f6_5013_4561_8993_a006e0aa32f6-7, groupId=Consumer-topic-f47a99f6_5013_4561_8993_a006e0aa32f6] Discovered group coordinator localhost:32769 (id: 2147483647 rack: null)
2025-08-13 18:22:23,724 INFO  [org.apa.kaf.cli.con.int.ConsumerCoordinator] (Thread-648) [Consumer clientId=consumer-Consumer-topic-f47a99f6_5013_4561_8993_a006e0aa32f6-7, groupId=Consumer-topic-f47a99f6_5013_4561_8993_a006e0aa32f6] (Re-)joining group
2025-08-13 18:22:23,732 INFO  [org.apa.kaf.cli.con.int.ConsumerCoordinator] (Thread-648) [Consumer clientId=consumer-Consumer-topic-f47a99f6_5013_4561_8993_a006e0aa32f6-7, groupId=Consumer-topic-f47a99f6_5013_4561_8993_a006e0aa32f6] Request joining group due to: need to re-join with the given member-id: consumer-Consumer-topic-f47a99f6_5013_4561_8993_a006e0aa32f6-7-b77f5d7e-80b7-4f84-b25b-bdbe61741de8
2025-08-13 18:22:23,732 INFO  [org.apa.kaf.cli.con.int.ConsumerCoordinator] (Thread-648) [Consumer clientId=consumer-Consumer-topic-f47a99f6_5013_4561_8993_a006e0aa32f6-7, groupId=Consumer-topic-f47a99f6_5013_4561_8993_a006e0aa32f6] (Re-)joining group
2025-08-13 18:22:24,705 INFO  [io.api.tes.ser.api.KafkaSerdesTester] (Thread-648) None found
2025-08-13 18:22:25,705 INFO  [io.api.tes.ser.api.KafkaSerdesTester] (Thread-648) None found
2025-08-13 18:22:26,706 INFO  [io.api.tes.ser.api.KafkaSerdesTester] (Thread-648) None found
2025-08-13 18:22:26,736 INFO  [org.apa.kaf.cli.con.int.ConsumerCoordinator] (Thread-648) [Consumer clientId=consumer-Consumer-topic-f47a99f6_5013_4561_8993_a006e0aa32f6-7, groupId=Consumer-topic-f47a99f6_5013_4561_8993_a006e0aa32f6] Successfully joined group with generation Generation{generationId=1, memberId='consumer-Consumer-topic-f47a99f6_5013_4561_8993_a006e0aa32f6-7-b77f5d7e-80b7-4f84-b25b-bdbe61741de8', protocol='range'}
2025-08-13 18:22:26,736 INFO  [org.apa.kaf.cli.con.int.ConsumerCoordinator] (Thread-648) [Consumer clientId=consumer-Consumer-topic-f47a99f6_5013_4561_8993_a006e0aa32f6-7, groupId=Consumer-topic-f47a99f6_5013_4561_8993_a006e0aa32f6] Finished assignment for group at generation 1: {consumer-Consumer-topic-f47a99f6_5013_4561_8993_a006e0aa32f6-7-b77f5d7e-80b7-4f84-b25b-bdbe61741de8=Assignment(partitions=[topic-f47a99f6_5013_4561_8993_a006e0aa32f6-0])}
2025-08-13 18:22:26,744 INFO  [org.apa.kaf.cli.con.int.ConsumerCoordinator] (Thread-648) [Consumer clientId=consumer-Consumer-topic-f47a99f6_5013_4561_8993_a006e0aa32f6-7, groupId=Consumer-topic-f47a99f6_5013_4561_8993_a006e0aa32f6] Successfully synced group in generation Generation{generationId=1, memberId='consumer-Consumer-topic-f47a99f6_5013_4561_8993_a006e0aa32f6-7-b77f5d7e-80b7-4f84-b25b-bdbe61741de8', protocol='range'}
2025-08-13 18:22:26,744 INFO  [org.apa.kaf.cli.con.int.ConsumerCoordinator] (Thread-648) [Consumer clientId=consumer-Consumer-topic-f47a99f6_5013_4561_8993_a006e0aa32f6-7, groupId=Consumer-topic-f47a99f6_5013_4561_8993_a006e0aa32f6] Notifying assignor about the new Assignment(partitions=[topic-f47a99f6_5013_4561_8993_a006e0aa32f6-0])
2025-08-13 18:22:26,744 INFO  [org.apa.kaf.cli.con.int.ConsumerRebalanceListenerInvoker] (Thread-648) [Consumer clientId=consumer-Consumer-topic-f47a99f6_5013_4561_8993_a006e0aa32f6-7, groupId=Consumer-topic-f47a99f6_5013_4561_8993_a006e0aa32f6] Adding newly assigned partitions: topic-f47a99f6_5013_4561_8993_a006e0aa32f6-0
2025-08-13 18:22:26,745 INFO  [org.apa.kaf.cli.con.int.ConsumerCoordinator] (Thread-648) [Consumer clientId=consumer-Consumer-topic-f47a99f6_5013_4561_8993_a006e0aa32f6-7, groupId=Consumer-topic-f47a99f6_5013_4561_8993_a006e0aa32f6] Found no committed offset for partition topic-f47a99f6_5013_4561_8993_a006e0aa32f6-0
2025-08-13 18:22:26,746 INFO  [org.apa.kaf.cli.con.int.SubscriptionState] (Thread-648) [Consumer clientId=consumer-Consumer-topic-f47a99f6_5013_4561_8993_a006e0aa32f6-7, groupId=Consumer-topic-f47a99f6_5013_4561_8993_a006e0aa32f6] Resetting offset for partition topic-f47a99f6_5013_4561_8993_a006e0aa32f6-0 to position FetchPosition{offset=0, offsetEpoch=Optional.empty, currentLeader=LeaderAndEpoch{leader=Optional[localhost:32769 (id: 0 rack: null)], epoch=0}}.
2025-08-13 18:22:27,003 INFO  [io.api.tes.ser.api.KafkaSerdesTester] (Thread-648) topic-f47a99f6_5013_4561_8993_a006e0aa32f6 0 0 {"key11755109342087": "value-0"}
2025-08-13 18:22:27,003 INFO  [io.api.tes.ser.api.KafkaSerdesTester] (Thread-648) topic-f47a99f6_5013_4561_8993_a006e0aa32f6 0 1 {"key11755109342087": "value-1"}
2025-08-13 18:22:27,003 INFO  [io.api.tes.ser.api.KafkaSerdesTester] (Thread-648) topic-f47a99f6_5013_4561_8993_a006e0aa32f6 0 2 {"key11755109342087": "value-2"}
2025-08-13 18:22:27,003 INFO  [io.api.tes.ser.api.KafkaSerdesTester] (Thread-648) topic-f47a99f6_5013_4561_8993_a006e0aa32f6 0 3 {"key11755109342087": "value-3"}
2025-08-13 18:22:27,003 INFO  [io.api.tes.ser.api.KafkaSerdesTester] (Thread-648) topic-f47a99f6_5013_4561_8993_a006e0aa32f6 0 4 {"key11755109342087": "value-4"}
2025-08-13 18:22:27,003 INFO  [io.api.tes.ser.api.KafkaSerdesTester] (Thread-648) topic-f47a99f6_5013_4561_8993_a006e0aa32f6 0 5 {"key11755109342087": "value-5"}
2025-08-13 18:22:27,003 INFO  [io.api.tes.ser.api.KafkaSerdesTester] (Thread-648) topic-f47a99f6_5013_4561_8993_a006e0aa32f6 0 6 {"key11755109342087": "value-6"}
2025-08-13 18:22:27,003 INFO  [io.api.tes.ser.api.KafkaSerdesTester] (Thread-648) topic-f47a99f6_5013_4561_8993_a006e0aa32f6 0 7 {"key11755109342087": "value-7"}
2025-08-13 18:22:27,003 INFO  [io.api.tes.ser.api.KafkaSerdesTester] (Thread-648) topic-f47a99f6_5013_4561_8993_a006e0aa32f6 0 8 {"key11755109342087": "value-8"}
2025-08-13 18:22:27,003 INFO  [io.api.tes.ser.api.KafkaSerdesTester] (Thread-648) topic-f47a99f6_5013_4561_8993_a006e0aa32f6 0 9 {"key11755109342087": "value-9"}
2025-08-13 18:22:27,003 INFO  [io.api.tes.ser.api.KafkaSerdesTester] (Thread-648) Consumed 10 messages
2025-08-13 18:22:27,011 INFO  [org.apa.kaf.cli.con.int.ConsumerRebalanceListenerInvoker] (Thread-648) [Consumer clientId=consumer-Consumer-topic-f47a99f6_5013_4561_8993_a006e0aa32f6-7, groupId=Consumer-topic-f47a99f6_5013_4561_8993_a006e0aa32f6] Revoke previously assigned partitions topic-f47a99f6_5013_4561_8993_a006e0aa32f6-0
2025-08-13 18:22:27,011 INFO  [org.apa.kaf.cli.con.int.ConsumerCoordinator] (Thread-648) [Consumer clientId=consumer-Consumer-topic-f47a99f6_5013_4561_8993_a006e0aa32f6-7, groupId=Consumer-topic-f47a99f6_5013_4561_8993_a006e0aa32f6] Member consumer-Consumer-topic-f47a99f6_5013_4561_8993_a006e0aa32f6-7-b77f5d7e-80b7-4f84-b25b-bdbe61741de8 sending LeaveGroup request to coordinator localhost:32769 (id: 2147483647 rack: null) due to the consumer is being closed
2025-08-13 18:22:27,011 INFO  [org.apa.kaf.cli.con.int.ConsumerCoordinator] (Thread-648) [Consumer clientId=consumer-Consumer-topic-f47a99f6_5013_4561_8993_a006e0aa32f6-7, groupId=Consumer-topic-f47a99f6_5013_4561_8993_a006e0aa32f6] Resetting generation and member id due to: consumer pro-actively leaving the group
2025-08-13 18:22:27,011 INFO  [org.apa.kaf.cli.con.int.ConsumerCoordinator] (Thread-648) [Consumer clientId=consumer-Consumer-topic-f47a99f6_5013_4561_8993_a006e0aa32f6-7, groupId=Consumer-topic-f47a99f6_5013_4561_8993_a006e0aa32f6] Request joining group due to: consumer pro-actively leaving the group
2025-08-13 18:22:27,506 INFO  [org.apa.kaf.com.met.Metrics] (Thread-648) Metrics scheduler closed
2025-08-13 18:22:27,506 INFO  [org.apa.kaf.com.met.Metrics] (Thread-648) Closing reporter org.apache.kafka.common.metrics.JmxReporter
2025-08-13 18:22:27,506 INFO  [org.apa.kaf.com.met.Metrics] (Thread-648) Closing reporter org.apache.kafka.common.telemetry.internals.ClientTelemetryReporter
2025-08-13 18:22:27,506 INFO  [org.apa.kaf.com.met.Metrics] (Thread-648) Metrics reporters closed
2025-08-13 18:22:27,509 INFO  [org.apa.kaf.com.uti.AppInfoParser] (Thread-648) App info kafka.consumer for consumer-Consumer-topic-f47a99f6_5013_4561_8993_a006e0aa32f6-7 unregistered
2025-08-13 18:22:27,509 INFO  [io.api.tes.uti.TestSeparator] (main) io.apicurio.tests.serdes.apicurio.AvroSerdeIT.testTopicIdStrategyFindLatest-FINISHED
2025-08-13 18:22:27,509 INFO  [io.api.tes.uti.TestSeparator] (main) ############################################################################
Test passed: testTopicIdStrategyFindLatest
]]></system-out>
  </testcase>
  <testcase name="testAvroUnionWithSpecificReader" classname="io.apicurio.tests.serdes.apicurio.AvroSerdeIT" time="4.923">
    <system-out><![CDATA[2025-08-13 18:22:27,510 INFO  [io.api.tes.uti.TestSeparator] (main) ############################################################################
2025-08-13 18:22:27,510 INFO  [io.api.tes.uti.TestSeparator] (main) io.apicurio.tests.serdes.apicurio.AvroSerdeIT.testAvroUnionWithSpecificReader-STARTED
**** Registry Base URL: http://registry-app-mysql.apps.ci419.apicurio-testing.org:80
2025-08-13 18:22:27,514 INFO  [org.apa.kaf.cli.pro.ProducerConfig] (main) ProducerConfig values: 
	acks = -1
	auto.include.jmx.reporter = true
	batch.size = 16384
	bootstrap.servers = [PLAINTEXT://localhost:32769]
	buffer.memory = 33554432
	client.dns.lookup = use_all_dns_ips
	client.id = Producer-topic-96d24c33_91af_4cb4_91ef_2898ad3d48c6
	compression.gzip.level = -1
	compression.lz4.level = 9
	compression.type = none
	compression.zstd.level = 3
	connections.max.idle.ms = 10000
	delivery.timeout.ms = 120000
	enable.idempotence = true
	enable.metrics.push = true
	interceptor.classes = []
	key.serializer = class org.apache.kafka.common.serialization.StringSerializer
	linger.ms = 0
	max.block.ms = 60000
	max.in.flight.requests.per.connection = 5
	max.request.size = 1048576
	metadata.max.age.ms = 300000
	metadata.max.idle.ms = 300000
	metadata.recovery.strategy = none
	metric.reporters = []
	metrics.num.samples = 2
	metrics.recording.level = INFO
	metrics.sample.window.ms = 30000
	partitioner.adaptive.partitioning.enable = true
	partitioner.availability.timeout.ms = 0
	partitioner.class = null
	partitioner.ignore.keys = false
	receive.buffer.bytes = 32768
	reconnect.backoff.max.ms = 1000
	reconnect.backoff.ms = 50
	request.timeout.ms = 5000
	retries = 2147483647
	retry.backoff.max.ms = 1000
	retry.backoff.ms = 100
	sasl.client.callback.handler.class = null
	sasl.jaas.config = null
	sasl.kerberos.kinit.cmd = /usr/bin/kinit
	sasl.kerberos.min.time.before.relogin = 60000
	sasl.kerberos.service.name = null
	sasl.kerberos.ticket.renew.jitter = 0.05
	sasl.kerberos.ticket.renew.window.factor = 0.8
	sasl.login.callback.handler.class = null
	sasl.login.class = null
	sasl.login.connect.timeout.ms = null
	sasl.login.read.timeout.ms = null
	sasl.login.refresh.buffer.seconds = 300
	sasl.login.refresh.min.period.seconds = 60
	sasl.login.refresh.window.factor = 0.8
	sasl.login.refresh.window.jitter = 0.05
	sasl.login.retry.backoff.max.ms = 10000
	sasl.login.retry.backoff.ms = 100
	sasl.mechanism = GSSAPI
	sasl.oauthbearer.clock.skew.seconds = 30
	sasl.oauthbearer.expected.audience = null
	sasl.oauthbearer.expected.issuer = null
	sasl.oauthbearer.header.urlencode = false
	sasl.oauthbearer.jwks.endpoint.refresh.ms = 3600000
	sasl.oauthbearer.jwks.endpoint.retry.backoff.max.ms = 10000
	sasl.oauthbearer.jwks.endpoint.retry.backoff.ms = 100
	sasl.oauthbearer.jwks.endpoint.url = null
	sasl.oauthbearer.scope.claim.name = scope
	sasl.oauthbearer.sub.claim.name = sub
	sasl.oauthbearer.token.endpoint.url = null
	security.protocol = PLAINTEXT
	security.providers = null
	send.buffer.bytes = 131072
	socket.connection.setup.timeout.max.ms = 30000
	socket.connection.setup.timeout.ms = 10000
	ssl.cipher.suites = null
	ssl.enabled.protocols = [TLSv1.2, TLSv1.3]
	ssl.endpoint.identification.algorithm = https
	ssl.engine.factory.class = null
	ssl.key.password = null
	ssl.keymanager.algorithm = SunX509
	ssl.keystore.certificate.chain = null
	ssl.keystore.key = null
	ssl.keystore.location = null
	ssl.keystore.password = null
	ssl.keystore.type = JKS
	ssl.protocol = TLSv1.3
	ssl.provider = null
	ssl.secure.random.implementation = null
	ssl.trustmanager.algorithm = PKIX
	ssl.truststore.certificates = null
	ssl.truststore.location = null
	ssl.truststore.password = null
	ssl.truststore.type = JKS
	transaction.timeout.ms = 60000
	transactional.id = null
	value.serializer = class io.apicurio.registry.serde.avro.AvroKafkaSerializer

2025-08-13 18:22:27,514 INFO  [org.apa.kaf.com.tel.int.KafkaMetricsCollector] (main) initializing Kafka metrics collector
2025-08-13 18:22:27,527 INFO  [org.apa.kaf.cli.pro.KafkaProducer] (main) [Producer clientId=Producer-topic-96d24c33_91af_4cb4_91ef_2898ad3d48c6] Instantiated an idempotent producer.
2025-08-13 18:22:27,531 INFO  [org.apa.kaf.cli.pro.ProducerConfig] (main) These configurations '[apicurio.registry.url, apicurio.registry.auto-register, apicurio.registry.artifact-resolver-strategy]' were supplied but are not used yet.
2025-08-13 18:22:27,531 INFO  [org.apa.kaf.com.uti.AppInfoParser] (main) Kafka version: 3.9.1
2025-08-13 18:22:27,531 INFO  [org.apa.kaf.com.uti.AppInfoParser] (main) Kafka commitId: f745dfdcee2b9851
2025-08-13 18:22:27,532 INFO  [org.apa.kaf.com.uti.AppInfoParser] (main) Kafka startTimeMs: 1755109347531
2025-08-13 18:22:27,532 INFO  [io.api.tes.ser.api.SimpleSerdesTesterBuilder$SimpleSerdesTester] (main) Using producer configuration: {apicurio.registry.url=http://registry-app-mysql.apps.ci419.apicurio-testing.org:80/apis/registry/v3, apicurio.registry.auto-register=true, apicurio.registry.artifact-resolver-strategy=io.apicurio.registry.serde.strategy.TopicIdStrategy, value.serializer=io.apicurio.registry.serde.avro.AvroKafkaSerializer, request.timeout.ms=5000, acks=all, bootstrap.servers=PLAINTEXT://localhost:32769, connections.max.idle.ms=10000, key.serializer=org.apache.kafka.common.serialization.StringSerializer, client.id=Producer-topic-96d24c33_91af_4cb4_91ef_2898ad3d48c6}
2025-08-13 18:22:27,532 INFO  [io.api.tes.ser.api.SimpleSerdesTesterBuilder$SimpleSerdesTester] (main) Using consumer configuration: {}
2025-08-13 18:22:27,533 INFO  [io.api.tes.ser.api.KafkaSerdesTester] (Thread-651) Sending message {"id": "record-0"} to topic topic-96d24c33_91af_4cb4_91ef_2898ad3d48c6
2025-08-13 18:22:27,541 WARN  [org.apa.kaf.cli.NetworkClient] (kafka-producer-network-thread | Producer-topic-96d24c33_91af_4cb4_91ef_2898ad3d48c6) [Producer clientId=Producer-topic-96d24c33_91af_4cb4_91ef_2898ad3d48c6] The metadata response from the cluster reported a recoverable issue with correlation id 1 : {topic-96d24c33_91af_4cb4_91ef_2898ad3d48c6=UNKNOWN_TOPIC_OR_PARTITION}
2025-08-13 18:22:27,541 INFO  [org.apa.kaf.cli.Metadata] (kafka-producer-network-thread | Producer-topic-96d24c33_91af_4cb4_91ef_2898ad3d48c6) [Producer clientId=Producer-topic-96d24c33_91af_4cb4_91ef_2898ad3d48c6] Cluster ID: qvRm5C5FS3SD7xP4bjB8Pg
2025-08-13 18:22:27,541 INFO  [org.apa.kaf.cli.pro.int.TransactionManager] (kafka-producer-network-thread | Producer-topic-96d24c33_91af_4cb4_91ef_2898ad3d48c6) [Producer clientId=Producer-topic-96d24c33_91af_4cb4_91ef_2898ad3d48c6] ProducerId set to 10 with epoch 0
2025-08-13 18:22:27,861 INFO  [io.api.tes.ser.api.KafkaSerdesTester] (Thread-651) Sending message {"value": 1} to topic topic-96d24c33_91af_4cb4_91ef_2898ad3d48c6
2025-08-13 18:22:28,051 INFO  [io.api.tes.ser.api.KafkaSerdesTester] (Thread-651) Sending message {"active": true} to topic topic-96d24c33_91af_4cb4_91ef_2898ad3d48c6
2025-08-13 18:22:28,209 INFO  [io.api.tes.ser.api.KafkaSerdesTester] (Thread-651) Sending message {"id": "record-3"} to topic topic-96d24c33_91af_4cb4_91ef_2898ad3d48c6
2025-08-13 18:22:28,211 INFO  [io.api.tes.ser.api.KafkaSerdesTester] (Thread-651) Sending message {"value": 4} to topic topic-96d24c33_91af_4cb4_91ef_2898ad3d48c6
2025-08-13 18:22:28,216 INFO  [io.api.tes.ser.api.KafkaSerdesTester] (Thread-651) Sending message {"active": false} to topic topic-96d24c33_91af_4cb4_91ef_2898ad3d48c6
2025-08-13 18:22:28,218 INFO  [io.api.tes.ser.api.KafkaSerdesTester] (Thread-651) Sending message {"id": "record-6"} to topic topic-96d24c33_91af_4cb4_91ef_2898ad3d48c6
2025-08-13 18:22:28,223 INFO  [io.api.tes.ser.api.KafkaSerdesTester] (Thread-651) Sending message {"value": 7} to topic topic-96d24c33_91af_4cb4_91ef_2898ad3d48c6
2025-08-13 18:22:28,228 INFO  [io.api.tes.ser.api.KafkaSerdesTester] (Thread-651) Sending message {"active": true} to topic topic-96d24c33_91af_4cb4_91ef_2898ad3d48c6
2025-08-13 18:22:28,231 INFO  [io.api.tes.ser.api.KafkaSerdesTester] (Thread-651) Sending message {"id": "record-9"} to topic topic-96d24c33_91af_4cb4_91ef_2898ad3d48c6
2025-08-13 18:22:28,234 INFO  [io.api.tes.ser.api.KafkaSerdesTester] (Thread-651) Produced 10 messages
2025-08-13 18:22:28,234 INFO  [org.apa.kaf.cli.pro.KafkaProducer] (Thread-651) [Producer clientId=Producer-topic-96d24c33_91af_4cb4_91ef_2898ad3d48c6] Closing the Kafka producer with timeoutMillis = 9223372036854775807 ms.
2025-08-13 18:22:28,237 INFO  [org.apa.kaf.com.met.Metrics] (Thread-651) Metrics scheduler closed
2025-08-13 18:22:28,237 INFO  [org.apa.kaf.com.met.Metrics] (Thread-651) Closing reporter org.apache.kafka.common.metrics.JmxReporter
2025-08-13 18:22:28,237 INFO  [org.apa.kaf.com.met.Metrics] (Thread-651) Closing reporter org.apache.kafka.common.telemetry.internals.ClientTelemetryReporter
2025-08-13 18:22:28,237 INFO  [org.apa.kaf.com.met.Metrics] (Thread-651) Metrics reporters closed
2025-08-13 18:22:28,237 INFO  [org.apa.kaf.com.uti.AppInfoParser] (Thread-651) App info kafka.producer for Producer-topic-96d24c33_91af_4cb4_91ef_2898ad3d48c6 unregistered
2025-08-13 18:22:28,326 INFO  [io.api.tes.ser.api.AvroSerdeIT] (main) Artifact topic-96d24c33_91af_4cb4_91ef_2898ad3d48c6-value found in registry with globalId 25
**** Registry Base URL: http://registry-app-mysql.apps.ci419.apicurio-testing.org:80
2025-08-13 18:22:28,327 INFO  [org.apa.kaf.cli.con.ConsumerConfig] (main) ConsumerConfig values: 
	allow.auto.create.topics = true
	auto.commit.interval.ms = 500
	auto.include.jmx.reporter = true
	auto.offset.reset = earliest
	bootstrap.servers = [PLAINTEXT://localhost:32769]
	check.crcs = true
	client.dns.lookup = use_all_dns_ips
	client.id = consumer-Consumer-topic-96d24c33_91af_4cb4_91ef_2898ad3d48c6-8
	client.rack = 
	connections.max.idle.ms = 10000
	default.api.timeout.ms = 60000
	enable.auto.commit = true
	enable.metrics.push = true
	exclude.internal.topics = true
	fetch.max.bytes = 52428800
	fetch.max.wait.ms = 500
	fetch.min.bytes = 1
	group.id = Consumer-topic-96d24c33_91af_4cb4_91ef_2898ad3d48c6
	group.instance.id = null
	group.protocol = classic
	group.remote.assignor = null
	heartbeat.interval.ms = 3000
	interceptor.classes = []
	internal.leave.group.on.close = true
	internal.throw.on.fetch.stable.offset.unsupported = false
	isolation.level = read_uncommitted
	key.deserializer = class org.apache.kafka.common.serialization.StringDeserializer
	max.partition.fetch.bytes = 1048576
	max.poll.interval.ms = 300000
	max.poll.records = 500
	metadata.max.age.ms = 300000
	metadata.recovery.strategy = none
	metric.reporters = []
	metrics.num.samples = 2
	metrics.recording.level = INFO
	metrics.sample.window.ms = 30000
	partition.assignment.strategy = [class org.apache.kafka.clients.consumer.RangeAssignor, class org.apache.kafka.clients.consumer.CooperativeStickyAssignor]
	receive.buffer.bytes = 65536
	reconnect.backoff.max.ms = 1000
	reconnect.backoff.ms = 50
	request.timeout.ms = 5000
	retry.backoff.max.ms = 1000
	retry.backoff.ms = 100
	sasl.client.callback.handler.class = null
	sasl.jaas.config = null
	sasl.kerberos.kinit.cmd = /usr/bin/kinit
	sasl.kerberos.min.time.before.relogin = 60000
	sasl.kerberos.service.name = null
	sasl.kerberos.ticket.renew.jitter = 0.05
	sasl.kerberos.ticket.renew.window.factor = 0.8
	sasl.login.callback.handler.class = null
	sasl.login.class = null
	sasl.login.connect.timeout.ms = null
	sasl.login.read.timeout.ms = null
	sasl.login.refresh.buffer.seconds = 300
	sasl.login.refresh.min.period.seconds = 60
	sasl.login.refresh.window.factor = 0.8
	sasl.login.refresh.window.jitter = 0.05
	sasl.login.retry.backoff.max.ms = 10000
	sasl.login.retry.backoff.ms = 100
	sasl.mechanism = GSSAPI
	sasl.oauthbearer.clock.skew.seconds = 30
	sasl.oauthbearer.expected.audience = null
	sasl.oauthbearer.expected.issuer = null
	sasl.oauthbearer.header.urlencode = false
	sasl.oauthbearer.jwks.endpoint.refresh.ms = 3600000
	sasl.oauthbearer.jwks.endpoint.retry.backoff.max.ms = 10000
	sasl.oauthbearer.jwks.endpoint.retry.backoff.ms = 100
	sasl.oauthbearer.jwks.endpoint.url = null
	sasl.oauthbearer.scope.claim.name = scope
	sasl.oauthbearer.sub.claim.name = sub
	sasl.oauthbearer.token.endpoint.url = null
	security.protocol = PLAINTEXT
	security.providers = null
	send.buffer.bytes = 131072
	session.timeout.ms = 45000
	socket.connection.setup.timeout.max.ms = 30000
	socket.connection.setup.timeout.ms = 10000
	ssl.cipher.suites = null
	ssl.enabled.protocols = [TLSv1.2, TLSv1.3]
	ssl.endpoint.identification.algorithm = https
	ssl.engine.factory.class = null
	ssl.key.password = null
	ssl.keymanager.algorithm = SunX509
	ssl.keystore.certificate.chain = null
	ssl.keystore.key = null
	ssl.keystore.location = null
	ssl.keystore.password = null
	ssl.keystore.type = JKS
	ssl.protocol = TLSv1.3
	ssl.provider = null
	ssl.secure.random.implementation = null
	ssl.trustmanager.algorithm = PKIX
	ssl.truststore.certificates = null
	ssl.truststore.location = null
	ssl.truststore.password = null
	ssl.truststore.type = JKS
	value.deserializer = class io.apicurio.registry.serde.avro.AvroKafkaDeserializer

2025-08-13 18:22:28,328 INFO  [org.apa.kaf.com.tel.int.KafkaMetricsCollector] (main) initializing Kafka metrics collector
2025-08-13 18:22:28,332 INFO  [org.apa.kaf.cli.con.ConsumerConfig] (main) These configurations '[apicurio.registry.url]' were supplied but are not used yet.
2025-08-13 18:22:28,332 INFO  [org.apa.kaf.com.uti.AppInfoParser] (main) Kafka version: 3.9.1
2025-08-13 18:22:28,332 INFO  [org.apa.kaf.com.uti.AppInfoParser] (main) Kafka commitId: f745dfdcee2b9851
2025-08-13 18:22:28,332 INFO  [org.apa.kaf.com.uti.AppInfoParser] (main) Kafka startTimeMs: 1755109348332
2025-08-13 18:22:28,333 INFO  [org.apa.kaf.cli.con.int.ClassicKafkaConsumer] (Thread-654) [Consumer clientId=consumer-Consumer-topic-96d24c33_91af_4cb4_91ef_2898ad3d48c6-8, groupId=Consumer-topic-96d24c33_91af_4cb4_91ef_2898ad3d48c6] Subscribed to topic(s): topic-96d24c33_91af_4cb4_91ef_2898ad3d48c6
2025-08-13 18:22:28,343 INFO  [org.apa.kaf.cli.Metadata] (Thread-654) [Consumer clientId=consumer-Consumer-topic-96d24c33_91af_4cb4_91ef_2898ad3d48c6-8, groupId=Consumer-topic-96d24c33_91af_4cb4_91ef_2898ad3d48c6] Cluster ID: qvRm5C5FS3SD7xP4bjB8Pg
2025-08-13 18:22:28,345 INFO  [org.apa.kaf.cli.con.int.ConsumerCoordinator] (Thread-654) [Consumer clientId=consumer-Consumer-topic-96d24c33_91af_4cb4_91ef_2898ad3d48c6-8, groupId=Consumer-topic-96d24c33_91af_4cb4_91ef_2898ad3d48c6] Discovered group coordinator localhost:32769 (id: 2147483647 rack: null)
2025-08-13 18:22:28,348 INFO  [org.apa.kaf.cli.con.int.ConsumerCoordinator] (Thread-654) [Consumer clientId=consumer-Consumer-topic-96d24c33_91af_4cb4_91ef_2898ad3d48c6-8, groupId=Consumer-topic-96d24c33_91af_4cb4_91ef_2898ad3d48c6] (Re-)joining group
2025-08-13 18:22:28,350 INFO  [org.apa.kaf.cli.con.int.ConsumerCoordinator] (Thread-654) [Consumer clientId=consumer-Consumer-topic-96d24c33_91af_4cb4_91ef_2898ad3d48c6-8, groupId=Consumer-topic-96d24c33_91af_4cb4_91ef_2898ad3d48c6] Request joining group due to: need to re-join with the given member-id: consumer-Consumer-topic-96d24c33_91af_4cb4_91ef_2898ad3d48c6-8-1f6f8f8a-a22c-4a4d-bff6-030b11db398b
2025-08-13 18:22:28,350 INFO  [org.apa.kaf.cli.con.int.ConsumerCoordinator] (Thread-654) [Consumer clientId=consumer-Consumer-topic-96d24c33_91af_4cb4_91ef_2898ad3d48c6-8, groupId=Consumer-topic-96d24c33_91af_4cb4_91ef_2898ad3d48c6] (Re-)joining group
2025-08-13 18:22:29,333 INFO  [io.api.tes.ser.api.KafkaSerdesTester] (Thread-654) None found
2025-08-13 18:22:30,333 INFO  [io.api.tes.ser.api.KafkaSerdesTester] (Thread-654) None found
2025-08-13 18:22:31,333 INFO  [io.api.tes.ser.api.KafkaSerdesTester] (Thread-654) None found
2025-08-13 18:22:31,353 INFO  [org.apa.kaf.cli.con.int.ConsumerCoordinator] (Thread-654) [Consumer clientId=consumer-Consumer-topic-96d24c33_91af_4cb4_91ef_2898ad3d48c6-8, groupId=Consumer-topic-96d24c33_91af_4cb4_91ef_2898ad3d48c6] Successfully joined group with generation Generation{generationId=1, memberId='consumer-Consumer-topic-96d24c33_91af_4cb4_91ef_2898ad3d48c6-8-1f6f8f8a-a22c-4a4d-bff6-030b11db398b', protocol='range'}
2025-08-13 18:22:31,353 INFO  [org.apa.kaf.cli.con.int.ConsumerCoordinator] (Thread-654) [Consumer clientId=consumer-Consumer-topic-96d24c33_91af_4cb4_91ef_2898ad3d48c6-8, groupId=Consumer-topic-96d24c33_91af_4cb4_91ef_2898ad3d48c6] Finished assignment for group at generation 1: {consumer-Consumer-topic-96d24c33_91af_4cb4_91ef_2898ad3d48c6-8-1f6f8f8a-a22c-4a4d-bff6-030b11db398b=Assignment(partitions=[topic-96d24c33_91af_4cb4_91ef_2898ad3d48c6-0])}
2025-08-13 18:22:31,361 INFO  [org.apa.kaf.cli.con.int.ConsumerCoordinator] (Thread-654) [Consumer clientId=consumer-Consumer-topic-96d24c33_91af_4cb4_91ef_2898ad3d48c6-8, groupId=Consumer-topic-96d24c33_91af_4cb4_91ef_2898ad3d48c6] Successfully synced group in generation Generation{generationId=1, memberId='consumer-Consumer-topic-96d24c33_91af_4cb4_91ef_2898ad3d48c6-8-1f6f8f8a-a22c-4a4d-bff6-030b11db398b', protocol='range'}
2025-08-13 18:22:31,361 INFO  [org.apa.kaf.cli.con.int.ConsumerCoordinator] (Thread-654) [Consumer clientId=consumer-Consumer-topic-96d24c33_91af_4cb4_91ef_2898ad3d48c6-8, groupId=Consumer-topic-96d24c33_91af_4cb4_91ef_2898ad3d48c6] Notifying assignor about the new Assignment(partitions=[topic-96d24c33_91af_4cb4_91ef_2898ad3d48c6-0])
2025-08-13 18:22:31,361 INFO  [org.apa.kaf.cli.con.int.ConsumerRebalanceListenerInvoker] (Thread-654) [Consumer clientId=consumer-Consumer-topic-96d24c33_91af_4cb4_91ef_2898ad3d48c6-8, groupId=Consumer-topic-96d24c33_91af_4cb4_91ef_2898ad3d48c6] Adding newly assigned partitions: topic-96d24c33_91af_4cb4_91ef_2898ad3d48c6-0
2025-08-13 18:22:31,363 INFO  [org.apa.kaf.cli.con.int.ConsumerCoordinator] (Thread-654) [Consumer clientId=consumer-Consumer-topic-96d24c33_91af_4cb4_91ef_2898ad3d48c6-8, groupId=Consumer-topic-96d24c33_91af_4cb4_91ef_2898ad3d48c6] Found no committed offset for partition topic-96d24c33_91af_4cb4_91ef_2898ad3d48c6-0
2025-08-13 18:22:31,367 INFO  [org.apa.kaf.cli.con.int.SubscriptionState] (Thread-654) [Consumer clientId=consumer-Consumer-topic-96d24c33_91af_4cb4_91ef_2898ad3d48c6-8, groupId=Consumer-topic-96d24c33_91af_4cb4_91ef_2898ad3d48c6] Resetting offset for partition topic-96d24c33_91af_4cb4_91ef_2898ad3d48c6-0 to position FetchPosition{offset=0, offsetEpoch=Optional.empty, currentLeader=LeaderAndEpoch{leader=Optional[localhost:32769 (id: 0 rack: null)], epoch=0}}.
2025-08-13 18:22:31,925 INFO  [io.api.tes.ser.api.KafkaSerdesTester] (Thread-654) topic-96d24c33_91af_4cb4_91ef_2898ad3d48c6 0 0 {"id": "record-0"}
2025-08-13 18:22:31,926 INFO  [io.api.tes.ser.api.KafkaSerdesTester] (Thread-654) topic-96d24c33_91af_4cb4_91ef_2898ad3d48c6 0 1 {"value": 1}
2025-08-13 18:22:31,926 INFO  [io.api.tes.ser.api.KafkaSerdesTester] (Thread-654) topic-96d24c33_91af_4cb4_91ef_2898ad3d48c6 0 2 {"active": true}
2025-08-13 18:22:31,926 INFO  [io.api.tes.ser.api.KafkaSerdesTester] (Thread-654) topic-96d24c33_91af_4cb4_91ef_2898ad3d48c6 0 3 {"id": "record-3"}
2025-08-13 18:22:31,926 INFO  [io.api.tes.ser.api.KafkaSerdesTester] (Thread-654) topic-96d24c33_91af_4cb4_91ef_2898ad3d48c6 0 4 {"value": 4}
2025-08-13 18:22:31,926 INFO  [io.api.tes.ser.api.KafkaSerdesTester] (Thread-654) topic-96d24c33_91af_4cb4_91ef_2898ad3d48c6 0 5 {"active": false}
2025-08-13 18:22:31,926 INFO  [io.api.tes.ser.api.KafkaSerdesTester] (Thread-654) topic-96d24c33_91af_4cb4_91ef_2898ad3d48c6 0 6 {"id": "record-6"}
2025-08-13 18:22:31,926 INFO  [io.api.tes.ser.api.KafkaSerdesTester] (Thread-654) topic-96d24c33_91af_4cb4_91ef_2898ad3d48c6 0 7 {"value": 7}
2025-08-13 18:22:31,926 INFO  [io.api.tes.ser.api.KafkaSerdesTester] (Thread-654) topic-96d24c33_91af_4cb4_91ef_2898ad3d48c6 0 8 {"active": true}
2025-08-13 18:22:31,926 INFO  [io.api.tes.ser.api.KafkaSerdesTester] (Thread-654) topic-96d24c33_91af_4cb4_91ef_2898ad3d48c6 0 9 {"id": "record-9"}
2025-08-13 18:22:31,926 INFO  [io.api.tes.ser.api.KafkaSerdesTester] (Thread-654) Consumed 10 messages
2025-08-13 18:22:31,935 INFO  [org.apa.kaf.cli.con.int.ConsumerRebalanceListenerInvoker] (Thread-654) [Consumer clientId=consumer-Consumer-topic-96d24c33_91af_4cb4_91ef_2898ad3d48c6-8, groupId=Consumer-topic-96d24c33_91af_4cb4_91ef_2898ad3d48c6] Revoke previously assigned partitions topic-96d24c33_91af_4cb4_91ef_2898ad3d48c6-0
2025-08-13 18:22:31,935 INFO  [org.apa.kaf.cli.con.int.ConsumerCoordinator] (Thread-654) [Consumer clientId=consumer-Consumer-topic-96d24c33_91af_4cb4_91ef_2898ad3d48c6-8, groupId=Consumer-topic-96d24c33_91af_4cb4_91ef_2898ad3d48c6] Member consumer-Consumer-topic-96d24c33_91af_4cb4_91ef_2898ad3d48c6-8-1f6f8f8a-a22c-4a4d-bff6-030b11db398b sending LeaveGroup request to coordinator localhost:32769 (id: 2147483647 rack: null) due to the consumer is being closed
2025-08-13 18:22:31,935 INFO  [org.apa.kaf.cli.con.int.ConsumerCoordinator] (Thread-654) [Consumer clientId=consumer-Consumer-topic-96d24c33_91af_4cb4_91ef_2898ad3d48c6-8, groupId=Consumer-topic-96d24c33_91af_4cb4_91ef_2898ad3d48c6] Resetting generation and member id due to: consumer pro-actively leaving the group
2025-08-13 18:22:31,935 INFO  [org.apa.kaf.cli.con.int.ConsumerCoordinator] (Thread-654) [Consumer clientId=consumer-Consumer-topic-96d24c33_91af_4cb4_91ef_2898ad3d48c6-8, groupId=Consumer-topic-96d24c33_91af_4cb4_91ef_2898ad3d48c6] Request joining group due to: consumer pro-actively leaving the group
2025-08-13 18:22:32,429 INFO  [org.apa.kaf.com.met.Metrics] (Thread-654) Metrics scheduler closed
2025-08-13 18:22:32,429 INFO  [org.apa.kaf.com.met.Metrics] (Thread-654) Closing reporter org.apache.kafka.common.metrics.JmxReporter
2025-08-13 18:22:32,429 INFO  [org.apa.kaf.com.met.Metrics] (Thread-654) Closing reporter org.apache.kafka.common.telemetry.internals.ClientTelemetryReporter
2025-08-13 18:22:32,429 INFO  [org.apa.kaf.com.met.Metrics] (Thread-654) Metrics reporters closed
2025-08-13 18:22:32,432 INFO  [org.apa.kaf.com.uti.AppInfoParser] (Thread-654) App info kafka.consumer for consumer-Consumer-topic-96d24c33_91af_4cb4_91ef_2898ad3d48c6-8 unregistered
2025-08-13 18:22:32,433 INFO  [io.api.tes.uti.TestSeparator] (main) io.apicurio.tests.serdes.apicurio.AvroSerdeIT.testAvroUnionWithSpecificReader-FINISHED
2025-08-13 18:22:32,433 INFO  [io.api.tes.uti.TestSeparator] (main) ############################################################################
Test passed: testAvroUnionWithSpecificReader
]]></system-out>
  </testcase>
  <testcase name="testEvolveAvroApicurioReusingClient" classname="io.apicurio.tests.serdes.apicurio.AvroSerdeIT" time="8.27">
    <system-out><![CDATA[2025-08-13 18:22:32,435 INFO  [io.api.tes.uti.TestSeparator] (main) ############################################################################
2025-08-13 18:22:32,435 INFO  [io.api.tes.uti.TestSeparator] (main) io.apicurio.tests.serdes.apicurio.AvroSerdeIT.testEvolveAvroApicurioReusingClient-STARTED
2025-08-13 18:22:32,436 INFO  [io.api.tes.ser.api.AvroSerdeIT] (main) Registering Avro Schema: {"type":"record","name":"s9f90844dx1adax4223xabb7xd26c706e64f9","namespace":"ns_fd6b424a_78dd_43ab_a3fc_b8eed90ca6c8","fields":[{"name":"key11755109352435","type":"string"}]}
**** Registry Base URL: http://registry-app-mysql.apps.ci419.apicurio-testing.org:80
2025-08-13 18:22:33,655 INFO  [org.apa.kaf.cli.pro.ProducerConfig] (main) ProducerConfig values: 
	acks = -1
	auto.include.jmx.reporter = true
	batch.size = 16384
	bootstrap.servers = [PLAINTEXT://localhost:32769]
	buffer.memory = 33554432
	client.dns.lookup = use_all_dns_ips
	client.id = Producer-topic-b87ff5ed_e171_4fae_918d_f12a0e518dd5
	compression.gzip.level = -1
	compression.lz4.level = 9
	compression.type = none
	compression.zstd.level = 3
	connections.max.idle.ms = 10000
	delivery.timeout.ms = 120000
	enable.idempotence = true
	enable.metrics.push = true
	interceptor.classes = []
	key.serializer = class org.apache.kafka.common.serialization.StringSerializer
	linger.ms = 0
	max.block.ms = 60000
	max.in.flight.requests.per.connection = 5
	max.request.size = 1048576
	metadata.max.age.ms = 300000
	metadata.max.idle.ms = 300000
	metadata.recovery.strategy = none
	metric.reporters = []
	metrics.num.samples = 2
	metrics.recording.level = INFO
	metrics.sample.window.ms = 30000
	partitioner.adaptive.partitioning.enable = true
	partitioner.availability.timeout.ms = 0
	partitioner.class = null
	partitioner.ignore.keys = false
	receive.buffer.bytes = 32768
	reconnect.backoff.max.ms = 1000
	reconnect.backoff.ms = 50
	request.timeout.ms = 5000
	retries = 2147483647
	retry.backoff.max.ms = 1000
	retry.backoff.ms = 100
	sasl.client.callback.handler.class = null
	sasl.jaas.config = null
	sasl.kerberos.kinit.cmd = /usr/bin/kinit
	sasl.kerberos.min.time.before.relogin = 60000
	sasl.kerberos.service.name = null
	sasl.kerberos.ticket.renew.jitter = 0.05
	sasl.kerberos.ticket.renew.window.factor = 0.8
	sasl.login.callback.handler.class = null
	sasl.login.class = null
	sasl.login.connect.timeout.ms = null
	sasl.login.read.timeout.ms = null
	sasl.login.refresh.buffer.seconds = 300
	sasl.login.refresh.min.period.seconds = 60
	sasl.login.refresh.window.factor = 0.8
	sasl.login.refresh.window.jitter = 0.05
	sasl.login.retry.backoff.max.ms = 10000
	sasl.login.retry.backoff.ms = 100
	sasl.mechanism = GSSAPI
	sasl.oauthbearer.clock.skew.seconds = 30
	sasl.oauthbearer.expected.audience = null
	sasl.oauthbearer.expected.issuer = null
	sasl.oauthbearer.header.urlencode = false
	sasl.oauthbearer.jwks.endpoint.refresh.ms = 3600000
	sasl.oauthbearer.jwks.endpoint.retry.backoff.max.ms = 10000
	sasl.oauthbearer.jwks.endpoint.retry.backoff.ms = 100
	sasl.oauthbearer.jwks.endpoint.url = null
	sasl.oauthbearer.scope.claim.name = scope
	sasl.oauthbearer.sub.claim.name = sub
	sasl.oauthbearer.token.endpoint.url = null
	security.protocol = PLAINTEXT
	security.providers = null
	send.buffer.bytes = 131072
	socket.connection.setup.timeout.max.ms = 30000
	socket.connection.setup.timeout.ms = 10000
	ssl.cipher.suites = null
	ssl.enabled.protocols = [TLSv1.2, TLSv1.3]
	ssl.endpoint.identification.algorithm = https
	ssl.engine.factory.class = null
	ssl.key.password = null
	ssl.keymanager.algorithm = SunX509
	ssl.keystore.certificate.chain = null
	ssl.keystore.key = null
	ssl.keystore.location = null
	ssl.keystore.password = null
	ssl.keystore.type = JKS
	ssl.protocol = TLSv1.3
	ssl.provider = null
	ssl.secure.random.implementation = null
	ssl.trustmanager.algorithm = PKIX
	ssl.truststore.certificates = null
	ssl.truststore.location = null
	ssl.truststore.password = null
	ssl.truststore.type = JKS
	transaction.timeout.ms = 60000
	transactional.id = null
	value.serializer = class io.apicurio.registry.serde.avro.AvroKafkaSerializer

2025-08-13 18:22:33,656 INFO  [org.apa.kaf.com.tel.int.KafkaMetricsCollector] (main) initializing Kafka metrics collector
2025-08-13 18:22:33,659 INFO  [org.apa.kaf.cli.pro.KafkaProducer] (main) [Producer clientId=Producer-topic-b87ff5ed_e171_4fae_918d_f12a0e518dd5] Instantiated an idempotent producer.
2025-08-13 18:22:33,661 INFO  [org.apa.kaf.cli.pro.ProducerConfig] (main) These configurations '[apicurio.registry.url, apicurio.registry.artifact-resolver-strategy]' were supplied but are not used yet.
2025-08-13 18:22:33,661 INFO  [org.apa.kaf.com.uti.AppInfoParser] (main) Kafka version: 3.9.1
2025-08-13 18:22:33,661 INFO  [org.apa.kaf.com.uti.AppInfoParser] (main) Kafka commitId: f745dfdcee2b9851
2025-08-13 18:22:33,661 INFO  [org.apa.kaf.com.uti.AppInfoParser] (main) Kafka startTimeMs: 1755109353661
**** Registry Base URL: http://registry-app-mysql.apps.ci419.apicurio-testing.org:80
2025-08-13 18:22:33,661 INFO  [org.apa.kaf.cli.con.ConsumerConfig] (main) ConsumerConfig values: 
	allow.auto.create.topics = true
	auto.commit.interval.ms = 500
	auto.include.jmx.reporter = true
	auto.offset.reset = earliest
	bootstrap.servers = [PLAINTEXT://localhost:32769]
	check.crcs = true
	client.dns.lookup = use_all_dns_ips
	client.id = consumer-Consumer-topic-b87ff5ed_e171_4fae_918d_f12a0e518dd5-9
	client.rack = 
	connections.max.idle.ms = 10000
	default.api.timeout.ms = 60000
	enable.auto.commit = true
	enable.metrics.push = true
	exclude.internal.topics = true
	fetch.max.bytes = 52428800
	fetch.max.wait.ms = 500
	fetch.min.bytes = 1
	group.id = Consumer-topic-b87ff5ed_e171_4fae_918d_f12a0e518dd5
	group.instance.id = null
	group.protocol = classic
	group.remote.assignor = null
	heartbeat.interval.ms = 3000
	interceptor.classes = []
	internal.leave.group.on.close = true
	internal.throw.on.fetch.stable.offset.unsupported = false
	isolation.level = read_uncommitted
	key.deserializer = class org.apache.kafka.common.serialization.StringDeserializer
	max.partition.fetch.bytes = 1048576
	max.poll.interval.ms = 300000
	max.poll.records = 500
	metadata.max.age.ms = 300000
	metadata.recovery.strategy = none
	metric.reporters = []
	metrics.num.samples = 2
	metrics.recording.level = INFO
	metrics.sample.window.ms = 30000
	partition.assignment.strategy = [class org.apache.kafka.clients.consumer.RangeAssignor, class org.apache.kafka.clients.consumer.CooperativeStickyAssignor]
	receive.buffer.bytes = 65536
	reconnect.backoff.max.ms = 1000
	reconnect.backoff.ms = 50
	request.timeout.ms = 5000
	retry.backoff.max.ms = 1000
	retry.backoff.ms = 100
	sasl.client.callback.handler.class = null
	sasl.jaas.config = null
	sasl.kerberos.kinit.cmd = /usr/bin/kinit
	sasl.kerberos.min.time.before.relogin = 60000
	sasl.kerberos.service.name = null
	sasl.kerberos.ticket.renew.jitter = 0.05
	sasl.kerberos.ticket.renew.window.factor = 0.8
	sasl.login.callback.handler.class = null
	sasl.login.class = null
	sasl.login.connect.timeout.ms = null
	sasl.login.read.timeout.ms = null
	sasl.login.refresh.buffer.seconds = 300
	sasl.login.refresh.min.period.seconds = 60
	sasl.login.refresh.window.factor = 0.8
	sasl.login.refresh.window.jitter = 0.05
	sasl.login.retry.backoff.max.ms = 10000
	sasl.login.retry.backoff.ms = 100
	sasl.mechanism = GSSAPI
	sasl.oauthbearer.clock.skew.seconds = 30
	sasl.oauthbearer.expected.audience = null
	sasl.oauthbearer.expected.issuer = null
	sasl.oauthbearer.header.urlencode = false
	sasl.oauthbearer.jwks.endpoint.refresh.ms = 3600000
	sasl.oauthbearer.jwks.endpoint.retry.backoff.max.ms = 10000
	sasl.oauthbearer.jwks.endpoint.retry.backoff.ms = 100
	sasl.oauthbearer.jwks.endpoint.url = null
	sasl.oauthbearer.scope.claim.name = scope
	sasl.oauthbearer.sub.claim.name = sub
	sasl.oauthbearer.token.endpoint.url = null
	security.protocol = PLAINTEXT
	security.providers = null
	send.buffer.bytes = 131072
	session.timeout.ms = 45000
	socket.connection.setup.timeout.max.ms = 30000
	socket.connection.setup.timeout.ms = 10000
	ssl.cipher.suites = null
	ssl.enabled.protocols = [TLSv1.2, TLSv1.3]
	ssl.endpoint.identification.algorithm = https
	ssl.engine.factory.class = null
	ssl.key.password = null
	ssl.keymanager.algorithm = SunX509
	ssl.keystore.certificate.chain = null
	ssl.keystore.key = null
	ssl.keystore.location = null
	ssl.keystore.password = null
	ssl.keystore.type = JKS
	ssl.protocol = TLSv1.3
	ssl.provider = null
	ssl.secure.random.implementation = null
	ssl.trustmanager.algorithm = PKIX
	ssl.truststore.certificates = null
	ssl.truststore.location = null
	ssl.truststore.password = null
	ssl.truststore.type = JKS
	value.deserializer = class io.apicurio.registry.serde.avro.AvroKafkaDeserializer

2025-08-13 18:22:33,662 INFO  [org.apa.kaf.com.tel.int.KafkaMetricsCollector] (main) initializing Kafka metrics collector
2025-08-13 18:22:33,668 INFO  [org.apa.kaf.cli.con.ConsumerConfig] (main) These configurations '[apicurio.registry.url]' were supplied but are not used yet.
2025-08-13 18:22:33,668 INFO  [org.apa.kaf.com.uti.AppInfoParser] (main) Kafka version: 3.9.1
2025-08-13 18:22:33,668 INFO  [org.apa.kaf.com.uti.AppInfoParser] (main) Kafka commitId: f745dfdcee2b9851
2025-08-13 18:22:33,668 INFO  [org.apa.kaf.com.uti.AppInfoParser] (main) Kafka startTimeMs: 1755109353668
2025-08-13 18:22:33,670 INFO  [org.apa.kaf.cli.Metadata] (kafka-producer-network-thread | Producer-topic-b87ff5ed_e171_4fae_918d_f12a0e518dd5) [Producer clientId=Producer-topic-b87ff5ed_e171_4fae_918d_f12a0e518dd5] Cluster ID: qvRm5C5FS3SD7xP4bjB8Pg
2025-08-13 18:22:33,670 INFO  [org.apa.kaf.cli.pro.int.TransactionManager] (kafka-producer-network-thread | Producer-topic-b87ff5ed_e171_4fae_918d_f12a0e518dd5) [Producer clientId=Producer-topic-b87ff5ed_e171_4fae_918d_f12a0e518dd5] ProducerId set to 11 with epoch 0
2025-08-13 18:22:33,676 INFO  [io.api.tes.ser.api.KafkaSerdesTester] (Thread-659) Sending message {"key11755109352435": "value-0"} to topic topic-b87ff5ed_e171_4fae_918d_f12a0e518dd5
2025-08-13 18:22:33,682 INFO  [DefaultSchemaResolver] (Thread-659) Retrieving schema content using string: {"type":"record","name":"s9f90844dx1adax4223xabb7xd26c706e64f9","namespace":"ns_fd6b424a_78dd_43ab_a3fc_b8eed90ca6c8","fields":[{"name":"key11755109352435","type":"string"}]}
2025-08-13 18:22:33,848 INFO  [io.api.tes.ser.api.KafkaSerdesTester] (Thread-659) Sending message {"key11755109352435": "value-1"} to topic topic-b87ff5ed_e171_4fae_918d_f12a0e518dd5
2025-08-13 18:22:33,850 INFO  [io.api.tes.ser.api.KafkaSerdesTester] (Thread-659) Sending message {"key11755109352435": "value-2"} to topic topic-b87ff5ed_e171_4fae_918d_f12a0e518dd5
2025-08-13 18:22:33,851 INFO  [io.api.tes.ser.api.KafkaSerdesTester] (Thread-659) Sending message {"key11755109352435": "value-3"} to topic topic-b87ff5ed_e171_4fae_918d_f12a0e518dd5
2025-08-13 18:22:33,853 INFO  [io.api.tes.ser.api.KafkaSerdesTester] (Thread-659) Sending message {"key11755109352435": "value-4"} to topic topic-b87ff5ed_e171_4fae_918d_f12a0e518dd5
2025-08-13 18:22:33,855 INFO  [io.api.tes.ser.api.KafkaSerdesTester] (Thread-659) Sending message {"key11755109352435": "value-5"} to topic topic-b87ff5ed_e171_4fae_918d_f12a0e518dd5
2025-08-13 18:22:33,856 INFO  [io.api.tes.ser.api.KafkaSerdesTester] (Thread-659) Sending message {"key11755109352435": "value-6"} to topic topic-b87ff5ed_e171_4fae_918d_f12a0e518dd5
2025-08-13 18:22:33,857 INFO  [io.api.tes.ser.api.KafkaSerdesTester] (Thread-659) Sending message {"key11755109352435": "value-7"} to topic topic-b87ff5ed_e171_4fae_918d_f12a0e518dd5
2025-08-13 18:22:33,859 INFO  [io.api.tes.ser.api.KafkaSerdesTester] (Thread-659) Sending message {"key11755109352435": "value-8"} to topic topic-b87ff5ed_e171_4fae_918d_f12a0e518dd5
2025-08-13 18:22:33,861 INFO  [io.api.tes.ser.api.KafkaSerdesTester] (Thread-659) Sending message {"key11755109352435": "value-9"} to topic topic-b87ff5ed_e171_4fae_918d_f12a0e518dd5
2025-08-13 18:22:33,863 INFO  [io.api.tes.ser.api.KafkaSerdesTester] (Thread-659) Produced 10 messages
2025-08-13 18:22:33,863 INFO  [org.apa.kaf.cli.con.int.ClassicKafkaConsumer] (Thread-660) [Consumer clientId=consumer-Consumer-topic-b87ff5ed_e171_4fae_918d_f12a0e518dd5-9, groupId=Consumer-topic-b87ff5ed_e171_4fae_918d_f12a0e518dd5] Subscribed to topic(s): topic-b87ff5ed_e171_4fae_918d_f12a0e518dd5
2025-08-13 18:22:33,869 INFO  [org.apa.kaf.cli.Metadata] (Thread-660) [Consumer clientId=consumer-Consumer-topic-b87ff5ed_e171_4fae_918d_f12a0e518dd5-9, groupId=Consumer-topic-b87ff5ed_e171_4fae_918d_f12a0e518dd5] Cluster ID: qvRm5C5FS3SD7xP4bjB8Pg
2025-08-13 18:22:33,869 INFO  [org.apa.kaf.cli.con.int.ConsumerCoordinator] (Thread-660) [Consumer clientId=consumer-Consumer-topic-b87ff5ed_e171_4fae_918d_f12a0e518dd5-9, groupId=Consumer-topic-b87ff5ed_e171_4fae_918d_f12a0e518dd5] Discovered group coordinator localhost:32769 (id: 2147483647 rack: null)
2025-08-13 18:22:33,870 INFO  [org.apa.kaf.cli.con.int.ConsumerCoordinator] (Thread-660) [Consumer clientId=consumer-Consumer-topic-b87ff5ed_e171_4fae_918d_f12a0e518dd5-9, groupId=Consumer-topic-b87ff5ed_e171_4fae_918d_f12a0e518dd5] (Re-)joining group
2025-08-13 18:22:33,872 INFO  [org.apa.kaf.cli.con.int.ConsumerCoordinator] (Thread-660) [Consumer clientId=consumer-Consumer-topic-b87ff5ed_e171_4fae_918d_f12a0e518dd5-9, groupId=Consumer-topic-b87ff5ed_e171_4fae_918d_f12a0e518dd5] Request joining group due to: need to re-join with the given member-id: consumer-Consumer-topic-b87ff5ed_e171_4fae_918d_f12a0e518dd5-9-78d845e8-d958-4546-a813-0053174bfbd7
2025-08-13 18:22:33,872 INFO  [org.apa.kaf.cli.con.int.ConsumerCoordinator] (Thread-660) [Consumer clientId=consumer-Consumer-topic-b87ff5ed_e171_4fae_918d_f12a0e518dd5-9, groupId=Consumer-topic-b87ff5ed_e171_4fae_918d_f12a0e518dd5] (Re-)joining group
2025-08-13 18:22:34,863 INFO  [io.api.tes.ser.api.KafkaSerdesTester] (Thread-660) None found
2025-08-13 18:22:35,863 INFO  [io.api.tes.ser.api.KafkaSerdesTester] (Thread-660) None found
2025-08-13 18:22:36,863 INFO  [io.api.tes.ser.api.KafkaSerdesTester] (Thread-660) None found
2025-08-13 18:22:36,873 INFO  [org.apa.kaf.cli.con.int.ConsumerCoordinator] (Thread-660) [Consumer clientId=consumer-Consumer-topic-b87ff5ed_e171_4fae_918d_f12a0e518dd5-9, groupId=Consumer-topic-b87ff5ed_e171_4fae_918d_f12a0e518dd5] Successfully joined group with generation Generation{generationId=1, memberId='consumer-Consumer-topic-b87ff5ed_e171_4fae_918d_f12a0e518dd5-9-78d845e8-d958-4546-a813-0053174bfbd7', protocol='range'}
2025-08-13 18:22:36,874 INFO  [org.apa.kaf.cli.con.int.ConsumerCoordinator] (Thread-660) [Consumer clientId=consumer-Consumer-topic-b87ff5ed_e171_4fae_918d_f12a0e518dd5-9, groupId=Consumer-topic-b87ff5ed_e171_4fae_918d_f12a0e518dd5] Finished assignment for group at generation 1: {consumer-Consumer-topic-b87ff5ed_e171_4fae_918d_f12a0e518dd5-9-78d845e8-d958-4546-a813-0053174bfbd7=Assignment(partitions=[topic-b87ff5ed_e171_4fae_918d_f12a0e518dd5-0])}
2025-08-13 18:22:36,880 INFO  [org.apa.kaf.cli.con.int.ConsumerCoordinator] (Thread-660) [Consumer clientId=consumer-Consumer-topic-b87ff5ed_e171_4fae_918d_f12a0e518dd5-9, groupId=Consumer-topic-b87ff5ed_e171_4fae_918d_f12a0e518dd5] Successfully synced group in generation Generation{generationId=1, memberId='consumer-Consumer-topic-b87ff5ed_e171_4fae_918d_f12a0e518dd5-9-78d845e8-d958-4546-a813-0053174bfbd7', protocol='range'}
2025-08-13 18:22:36,880 INFO  [org.apa.kaf.cli.con.int.ConsumerCoordinator] (Thread-660) [Consumer clientId=consumer-Consumer-topic-b87ff5ed_e171_4fae_918d_f12a0e518dd5-9, groupId=Consumer-topic-b87ff5ed_e171_4fae_918d_f12a0e518dd5] Notifying assignor about the new Assignment(partitions=[topic-b87ff5ed_e171_4fae_918d_f12a0e518dd5-0])
2025-08-13 18:22:36,881 INFO  [org.apa.kaf.cli.con.int.ConsumerRebalanceListenerInvoker] (Thread-660) [Consumer clientId=consumer-Consumer-topic-b87ff5ed_e171_4fae_918d_f12a0e518dd5-9, groupId=Consumer-topic-b87ff5ed_e171_4fae_918d_f12a0e518dd5] Adding newly assigned partitions: topic-b87ff5ed_e171_4fae_918d_f12a0e518dd5-0
2025-08-13 18:22:36,881 INFO  [org.apa.kaf.cli.con.int.ConsumerCoordinator] (Thread-660) [Consumer clientId=consumer-Consumer-topic-b87ff5ed_e171_4fae_918d_f12a0e518dd5-9, groupId=Consumer-topic-b87ff5ed_e171_4fae_918d_f12a0e518dd5] Found no committed offset for partition topic-b87ff5ed_e171_4fae_918d_f12a0e518dd5-0
2025-08-13 18:22:36,885 INFO  [org.apa.kaf.cli.con.int.SubscriptionState] (Thread-660) [Consumer clientId=consumer-Consumer-topic-b87ff5ed_e171_4fae_918d_f12a0e518dd5-9, groupId=Consumer-topic-b87ff5ed_e171_4fae_918d_f12a0e518dd5] Resetting offset for partition topic-b87ff5ed_e171_4fae_918d_f12a0e518dd5-0 to position FetchPosition{offset=0, offsetEpoch=Optional.empty, currentLeader=LeaderAndEpoch{leader=Optional[localhost:32769 (id: 0 rack: null)], epoch=0}}.
2025-08-13 18:22:37,127 INFO  [io.api.tes.ser.api.KafkaSerdesTester] (Thread-660) topic-b87ff5ed_e171_4fae_918d_f12a0e518dd5 0 0 {"key11755109352435": "value-0"}
2025-08-13 18:22:37,127 INFO  [io.api.tes.ser.api.KafkaSerdesTester] (Thread-660) topic-b87ff5ed_e171_4fae_918d_f12a0e518dd5 0 1 {"key11755109352435": "value-1"}
2025-08-13 18:22:37,127 INFO  [io.api.tes.ser.api.KafkaSerdesTester] (Thread-660) topic-b87ff5ed_e171_4fae_918d_f12a0e518dd5 0 2 {"key11755109352435": "value-2"}
2025-08-13 18:22:37,127 INFO  [io.api.tes.ser.api.KafkaSerdesTester] (Thread-660) topic-b87ff5ed_e171_4fae_918d_f12a0e518dd5 0 3 {"key11755109352435": "value-3"}
2025-08-13 18:22:37,127 INFO  [io.api.tes.ser.api.KafkaSerdesTester] (Thread-660) topic-b87ff5ed_e171_4fae_918d_f12a0e518dd5 0 4 {"key11755109352435": "value-4"}
2025-08-13 18:22:37,127 INFO  [io.api.tes.ser.api.KafkaSerdesTester] (Thread-660) topic-b87ff5ed_e171_4fae_918d_f12a0e518dd5 0 5 {"key11755109352435": "value-5"}
2025-08-13 18:22:37,127 INFO  [io.api.tes.ser.api.KafkaSerdesTester] (Thread-660) topic-b87ff5ed_e171_4fae_918d_f12a0e518dd5 0 6 {"key11755109352435": "value-6"}
2025-08-13 18:22:37,127 INFO  [io.api.tes.ser.api.KafkaSerdesTester] (Thread-660) topic-b87ff5ed_e171_4fae_918d_f12a0e518dd5 0 7 {"key11755109352435": "value-7"}
2025-08-13 18:22:37,127 INFO  [io.api.tes.ser.api.KafkaSerdesTester] (Thread-660) topic-b87ff5ed_e171_4fae_918d_f12a0e518dd5 0 8 {"key11755109352435": "value-8"}
2025-08-13 18:22:37,127 INFO  [io.api.tes.ser.api.KafkaSerdesTester] (Thread-660) topic-b87ff5ed_e171_4fae_918d_f12a0e518dd5 0 9 {"key11755109352435": "value-9"}
2025-08-13 18:22:37,127 INFO  [io.api.tes.ser.api.KafkaSerdesTester] (Thread-660) Consumed 10 messages
2025-08-13 18:22:37,129 INFO  [io.api.tes.ser.api.AvroSerdeIT] (main) Registering Avro Schema 2: {"type":"record","name":"s9f90844dx1adax4223xabb7xd26c706e64f9","namespace":"ns_fd6b424a_78dd_43ab_a3fc_b8eed90ca6c8","fields":[{"name":"key11755109352435","type":"string"},{"name":"key21755109357128","type":"string"}]}
2025-08-13 18:22:38,350 INFO  [io.api.tes.ser.api.KafkaSerdesTester] (Thread-661) Sending message {"key11755109352435": "value-0", "key21755109357128": "value-0"} to topic topic-b87ff5ed_e171_4fae_918d_f12a0e518dd5
2025-08-13 18:22:38,351 INFO  [DefaultSchemaResolver] (Thread-661) Retrieving schema content using string: {"type":"record","name":"s9f90844dx1adax4223xabb7xd26c706e64f9","namespace":"ns_fd6b424a_78dd_43ab_a3fc_b8eed90ca6c8","fields":[{"name":"key11755109352435","type":"string"},{"name":"key21755109357128","type":"string"}]}
2025-08-13 18:22:38,442 INFO  [io.api.tes.ser.api.KafkaSerdesTester] (Thread-661) Sending message {"key11755109352435": "value-1", "key21755109357128": "value-1"} to topic topic-b87ff5ed_e171_4fae_918d_f12a0e518dd5
2025-08-13 18:22:38,444 INFO  [io.api.tes.ser.api.KafkaSerdesTester] (Thread-661) Sending message {"key11755109352435": "value-2", "key21755109357128": "value-2"} to topic topic-b87ff5ed_e171_4fae_918d_f12a0e518dd5
2025-08-13 18:22:38,446 INFO  [io.api.tes.ser.api.KafkaSerdesTester] (Thread-661) Sending message {"key11755109352435": "value-3", "key21755109357128": "value-3"} to topic topic-b87ff5ed_e171_4fae_918d_f12a0e518dd5
2025-08-13 18:22:38,448 INFO  [io.api.tes.ser.api.KafkaSerdesTester] (Thread-661) Sending message {"key11755109352435": "value-4", "key21755109357128": "value-4"} to topic topic-b87ff5ed_e171_4fae_918d_f12a0e518dd5
2025-08-13 18:22:38,449 INFO  [io.api.tes.ser.api.KafkaSerdesTester] (Thread-661) Sending message {"key11755109352435": "value-5", "key21755109357128": "value-5"} to topic topic-b87ff5ed_e171_4fae_918d_f12a0e518dd5
2025-08-13 18:22:38,454 INFO  [io.api.tes.ser.api.KafkaSerdesTester] (Thread-661) Sending message {"key11755109352435": "value-6", "key21755109357128": "value-6"} to topic topic-b87ff5ed_e171_4fae_918d_f12a0e518dd5
2025-08-13 18:22:38,455 INFO  [io.api.tes.ser.api.KafkaSerdesTester] (Thread-661) Sending message {"key11755109352435": "value-7", "key21755109357128": "value-7"} to topic topic-b87ff5ed_e171_4fae_918d_f12a0e518dd5
2025-08-13 18:22:38,457 INFO  [io.api.tes.ser.api.KafkaSerdesTester] (Thread-661) Sending message {"key11755109352435": "value-8", "key21755109357128": "value-8"} to topic topic-b87ff5ed_e171_4fae_918d_f12a0e518dd5
2025-08-13 18:22:38,458 INFO  [io.api.tes.ser.api.KafkaSerdesTester] (Thread-661) Sending message {"key11755109352435": "value-9", "key21755109357128": "value-9"} to topic topic-b87ff5ed_e171_4fae_918d_f12a0e518dd5
2025-08-13 18:22:38,462 INFO  [io.api.tes.ser.api.KafkaSerdesTester] (Thread-661) Produced 10 messages
2025-08-13 18:22:38,463 INFO  [io.api.tes.ser.api.KafkaSerdesTester] (Thread-662) Sending message {"key11755109352435": "value-0"} to topic topic-b87ff5ed_e171_4fae_918d_f12a0e518dd5
2025-08-13 18:22:38,465 INFO  [io.api.tes.ser.api.KafkaSerdesTester] (Thread-662) Sending message {"key11755109352435": "value-1"} to topic topic-b87ff5ed_e171_4fae_918d_f12a0e518dd5
2025-08-13 18:22:38,467 INFO  [io.api.tes.ser.api.KafkaSerdesTester] (Thread-662) Sending message {"key11755109352435": "value-2"} to topic topic-b87ff5ed_e171_4fae_918d_f12a0e518dd5
2025-08-13 18:22:38,468 INFO  [io.api.tes.ser.api.KafkaSerdesTester] (Thread-662) Sending message {"key11755109352435": "value-3"} to topic topic-b87ff5ed_e171_4fae_918d_f12a0e518dd5
2025-08-13 18:22:38,471 INFO  [io.api.tes.ser.api.KafkaSerdesTester] (Thread-662) Sending message {"key11755109352435": "value-4"} to topic topic-b87ff5ed_e171_4fae_918d_f12a0e518dd5
2025-08-13 18:22:38,473 INFO  [io.api.tes.ser.api.KafkaSerdesTester] (Thread-662) Sending message {"key11755109352435": "value-5"} to topic topic-b87ff5ed_e171_4fae_918d_f12a0e518dd5
2025-08-13 18:22:38,474 INFO  [io.api.tes.ser.api.KafkaSerdesTester] (Thread-662) Sending message {"key11755109352435": "value-6"} to topic topic-b87ff5ed_e171_4fae_918d_f12a0e518dd5
2025-08-13 18:22:38,476 INFO  [io.api.tes.ser.api.KafkaSerdesTester] (Thread-662) Sending message {"key11755109352435": "value-7"} to topic topic-b87ff5ed_e171_4fae_918d_f12a0e518dd5
2025-08-13 18:22:38,477 INFO  [io.api.tes.ser.api.KafkaSerdesTester] (Thread-662) Sending message {"key11755109352435": "value-8"} to topic topic-b87ff5ed_e171_4fae_918d_f12a0e518dd5
2025-08-13 18:22:38,479 INFO  [io.api.tes.ser.api.KafkaSerdesTester] (Thread-662) Sending message {"key11755109352435": "value-9"} to topic topic-b87ff5ed_e171_4fae_918d_f12a0e518dd5
2025-08-13 18:22:38,482 INFO  [io.api.tes.ser.api.KafkaSerdesTester] (Thread-662) Produced 10 messages
2025-08-13 18:22:38,483 INFO  [org.apa.kaf.cli.con.int.ClassicKafkaConsumer] (Thread-663) [Consumer clientId=consumer-Consumer-topic-b87ff5ed_e171_4fae_918d_f12a0e518dd5-9, groupId=Consumer-topic-b87ff5ed_e171_4fae_918d_f12a0e518dd5] Subscribed to topic(s): topic-b87ff5ed_e171_4fae_918d_f12a0e518dd5
2025-08-13 18:22:38,651 INFO  [io.api.tes.ser.api.KafkaSerdesTester] (Thread-663) topic-b87ff5ed_e171_4fae_918d_f12a0e518dd5 0 10 {"key11755109352435": "value-0", "key21755109357128": "value-0"}
2025-08-13 18:22:38,652 INFO  [io.api.tes.ser.api.KafkaSerdesTester] (Thread-663) topic-b87ff5ed_e171_4fae_918d_f12a0e518dd5 0 11 {"key11755109352435": "value-1", "key21755109357128": "value-1"}
2025-08-13 18:22:38,652 INFO  [io.api.tes.ser.api.KafkaSerdesTester] (Thread-663) topic-b87ff5ed_e171_4fae_918d_f12a0e518dd5 0 12 {"key11755109352435": "value-2", "key21755109357128": "value-2"}
2025-08-13 18:22:38,652 INFO  [io.api.tes.ser.api.KafkaSerdesTester] (Thread-663) topic-b87ff5ed_e171_4fae_918d_f12a0e518dd5 0 13 {"key11755109352435": "value-3", "key21755109357128": "value-3"}
2025-08-13 18:22:38,652 INFO  [io.api.tes.ser.api.KafkaSerdesTester] (Thread-663) topic-b87ff5ed_e171_4fae_918d_f12a0e518dd5 0 14 {"key11755109352435": "value-4", "key21755109357128": "value-4"}
2025-08-13 18:22:38,652 INFO  [io.api.tes.ser.api.KafkaSerdesTester] (Thread-663) topic-b87ff5ed_e171_4fae_918d_f12a0e518dd5 0 15 {"key11755109352435": "value-5", "key21755109357128": "value-5"}
2025-08-13 18:22:38,652 INFO  [io.api.tes.ser.api.KafkaSerdesTester] (Thread-663) topic-b87ff5ed_e171_4fae_918d_f12a0e518dd5 0 16 {"key11755109352435": "value-6", "key21755109357128": "value-6"}
2025-08-13 18:22:38,652 INFO  [io.api.tes.ser.api.KafkaSerdesTester] (Thread-663) topic-b87ff5ed_e171_4fae_918d_f12a0e518dd5 0 17 {"key11755109352435": "value-7", "key21755109357128": "value-7"}
2025-08-13 18:22:38,652 INFO  [io.api.tes.ser.api.KafkaSerdesTester] (Thread-663) topic-b87ff5ed_e171_4fae_918d_f12a0e518dd5 0 18 {"key11755109352435": "value-8", "key21755109357128": "value-8"}
2025-08-13 18:22:38,652 INFO  [io.api.tes.ser.api.KafkaSerdesTester] (Thread-663) topic-b87ff5ed_e171_4fae_918d_f12a0e518dd5 0 19 {"key11755109352435": "value-9", "key21755109357128": "value-9"}
2025-08-13 18:22:38,652 INFO  [io.api.tes.ser.api.KafkaSerdesTester] (Thread-663) topic-b87ff5ed_e171_4fae_918d_f12a0e518dd5 0 20 {"key11755109352435": "value-0"}
2025-08-13 18:22:38,652 INFO  [io.api.tes.ser.api.KafkaSerdesTester] (Thread-663) topic-b87ff5ed_e171_4fae_918d_f12a0e518dd5 0 21 {"key11755109352435": "value-1"}
2025-08-13 18:22:38,652 INFO  [io.api.tes.ser.api.KafkaSerdesTester] (Thread-663) topic-b87ff5ed_e171_4fae_918d_f12a0e518dd5 0 22 {"key11755109352435": "value-2"}
2025-08-13 18:22:38,652 INFO  [io.api.tes.ser.api.KafkaSerdesTester] (Thread-663) topic-b87ff5ed_e171_4fae_918d_f12a0e518dd5 0 23 {"key11755109352435": "value-3"}
2025-08-13 18:22:38,652 INFO  [io.api.tes.ser.api.KafkaSerdesTester] (Thread-663) topic-b87ff5ed_e171_4fae_918d_f12a0e518dd5 0 24 {"key11755109352435": "value-4"}
2025-08-13 18:22:38,652 INFO  [io.api.tes.ser.api.KafkaSerdesTester] (Thread-663) topic-b87ff5ed_e171_4fae_918d_f12a0e518dd5 0 25 {"key11755109352435": "value-5"}
2025-08-13 18:22:38,652 INFO  [io.api.tes.ser.api.KafkaSerdesTester] (Thread-663) topic-b87ff5ed_e171_4fae_918d_f12a0e518dd5 0 26 {"key11755109352435": "value-6"}
2025-08-13 18:22:38,652 INFO  [io.api.tes.ser.api.KafkaSerdesTester] (Thread-663) topic-b87ff5ed_e171_4fae_918d_f12a0e518dd5 0 27 {"key11755109352435": "value-7"}
2025-08-13 18:22:38,652 INFO  [io.api.tes.ser.api.KafkaSerdesTester] (Thread-663) topic-b87ff5ed_e171_4fae_918d_f12a0e518dd5 0 28 {"key11755109352435": "value-8"}
2025-08-13 18:22:38,652 INFO  [io.api.tes.ser.api.KafkaSerdesTester] (Thread-663) topic-b87ff5ed_e171_4fae_918d_f12a0e518dd5 0 29 {"key11755109352435": "value-9"}
2025-08-13 18:22:38,652 INFO  [io.api.tes.ser.api.KafkaSerdesTester] (Thread-663) Consumed 20 messages
2025-08-13 18:22:38,653 INFO  [io.api.tes.ser.api.AvroSerdeIT] (main) Registering Avro Schema 3: {"type":"record","name":"s9f90844dx1adax4223xabb7xd26c706e64f9","namespace":"ns_fd6b424a_78dd_43ab_a3fc_b8eed90ca6c8","fields":[{"name":"key11755109352435","type":"string"},{"name":"key21755109357128","type":"string"},{"name":"key31755109358653","type":"string"}]}
2025-08-13 18:22:39,867 INFO  [io.api.tes.ser.api.KafkaSerdesTester] (Thread-664) Sending message {"key11755109352435": "value-0", "key21755109357128": "value-0", "key31755109358653": "value-0"} to topic topic-b87ff5ed_e171_4fae_918d_f12a0e518dd5
2025-08-13 18:22:39,867 INFO  [DefaultSchemaResolver] (Thread-664) Retrieving schema content using string: {"type":"record","name":"s9f90844dx1adax4223xabb7xd26c706e64f9","namespace":"ns_fd6b424a_78dd_43ab_a3fc_b8eed90ca6c8","fields":[{"name":"key11755109352435","type":"string"},{"name":"key21755109357128","type":"string"},{"name":"key31755109358653","type":"string"}]}
2025-08-13 18:22:39,956 INFO  [io.api.tes.ser.api.KafkaSerdesTester] (Thread-664) Sending message {"key11755109352435": "value-1", "key21755109357128": "value-1", "key31755109358653": "value-1"} to topic topic-b87ff5ed_e171_4fae_918d_f12a0e518dd5
2025-08-13 18:22:39,960 INFO  [io.api.tes.ser.api.KafkaSerdesTester] (Thread-664) Sending message {"key11755109352435": "value-2", "key21755109357128": "value-2", "key31755109358653": "value-2"} to topic topic-b87ff5ed_e171_4fae_918d_f12a0e518dd5
2025-08-13 18:22:39,962 INFO  [io.api.tes.ser.api.KafkaSerdesTester] (Thread-664) Sending message {"key11755109352435": "value-3", "key21755109357128": "value-3", "key31755109358653": "value-3"} to topic topic-b87ff5ed_e171_4fae_918d_f12a0e518dd5
2025-08-13 18:22:39,965 INFO  [io.api.tes.ser.api.KafkaSerdesTester] (Thread-664) Sending message {"key11755109352435": "value-4", "key21755109357128": "value-4", "key31755109358653": "value-4"} to topic topic-b87ff5ed_e171_4fae_918d_f12a0e518dd5
2025-08-13 18:22:39,968 INFO  [io.api.tes.ser.api.KafkaSerdesTester] (Thread-664) Sending message {"key11755109352435": "value-5", "key21755109357128": "value-5", "key31755109358653": "value-5"} to topic topic-b87ff5ed_e171_4fae_918d_f12a0e518dd5
2025-08-13 18:22:39,969 INFO  [io.api.tes.ser.api.KafkaSerdesTester] (Thread-664) Sending message {"key11755109352435": "value-6", "key21755109357128": "value-6", "key31755109358653": "value-6"} to topic topic-b87ff5ed_e171_4fae_918d_f12a0e518dd5
2025-08-13 18:22:39,971 INFO  [io.api.tes.ser.api.KafkaSerdesTester] (Thread-664) Sending message {"key11755109352435": "value-7", "key21755109357128": "value-7", "key31755109358653": "value-7"} to topic topic-b87ff5ed_e171_4fae_918d_f12a0e518dd5
2025-08-13 18:22:39,973 INFO  [io.api.tes.ser.api.KafkaSerdesTester] (Thread-664) Sending message {"key11755109352435": "value-8", "key21755109357128": "value-8", "key31755109358653": "value-8"} to topic topic-b87ff5ed_e171_4fae_918d_f12a0e518dd5
2025-08-13 18:22:39,974 INFO  [io.api.tes.ser.api.KafkaSerdesTester] (Thread-664) Sending message {"key11755109352435": "value-9", "key21755109357128": "value-9", "key31755109358653": "value-9"} to topic topic-b87ff5ed_e171_4fae_918d_f12a0e518dd5
2025-08-13 18:22:39,976 INFO  [io.api.tes.ser.api.KafkaSerdesTester] (Thread-664) Produced 10 messages
2025-08-13 18:22:39,977 INFO  [io.api.tes.ser.api.KafkaSerdesTester] (Thread-665) Sending message {"key11755109352435": "value-0", "key21755109357128": "value-0"} to topic topic-b87ff5ed_e171_4fae_918d_f12a0e518dd5
2025-08-13 18:22:39,979 INFO  [io.api.tes.ser.api.KafkaSerdesTester] (Thread-665) Sending message {"key11755109352435": "value-1", "key21755109357128": "value-1"} to topic topic-b87ff5ed_e171_4fae_918d_f12a0e518dd5
2025-08-13 18:22:39,981 INFO  [io.api.tes.ser.api.KafkaSerdesTester] (Thread-665) Sending message {"key11755109352435": "value-2", "key21755109357128": "value-2"} to topic topic-b87ff5ed_e171_4fae_918d_f12a0e518dd5
2025-08-13 18:22:39,982 INFO  [io.api.tes.ser.api.KafkaSerdesTester] (Thread-665) Sending message {"key11755109352435": "value-3", "key21755109357128": "value-3"} to topic topic-b87ff5ed_e171_4fae_918d_f12a0e518dd5
2025-08-13 18:22:39,983 INFO  [io.api.tes.ser.api.KafkaSerdesTester] (Thread-665) Sending message {"key11755109352435": "value-4", "key21755109357128": "value-4"} to topic topic-b87ff5ed_e171_4fae_918d_f12a0e518dd5
2025-08-13 18:22:39,985 INFO  [io.api.tes.ser.api.KafkaSerdesTester] (Thread-665) Sending message {"key11755109352435": "value-5", "key21755109357128": "value-5"} to topic topic-b87ff5ed_e171_4fae_918d_f12a0e518dd5
2025-08-13 18:22:39,986 INFO  [io.api.tes.ser.api.KafkaSerdesTester] (Thread-665) Sending message {"key11755109352435": "value-6", "key21755109357128": "value-6"} to topic topic-b87ff5ed_e171_4fae_918d_f12a0e518dd5
2025-08-13 18:22:39,988 INFO  [io.api.tes.ser.api.KafkaSerdesTester] (Thread-665) Sending message {"key11755109352435": "value-7", "key21755109357128": "value-7"} to topic topic-b87ff5ed_e171_4fae_918d_f12a0e518dd5
2025-08-13 18:22:39,995 INFO  [io.api.tes.ser.api.KafkaSerdesTester] (Thread-665) Sending message {"key11755109352435": "value-8", "key21755109357128": "value-8"} to topic topic-b87ff5ed_e171_4fae_918d_f12a0e518dd5
2025-08-13 18:22:39,997 INFO  [io.api.tes.ser.api.KafkaSerdesTester] (Thread-665) Sending message {"key11755109352435": "value-9", "key21755109357128": "value-9"} to topic topic-b87ff5ed_e171_4fae_918d_f12a0e518dd5
2025-08-13 18:22:39,999 INFO  [io.api.tes.ser.api.KafkaSerdesTester] (Thread-665) Produced 10 messages
2025-08-13 18:22:39,999 INFO  [io.api.tes.ser.api.KafkaSerdesTester] (Thread-666) Sending message {"key11755109352435": "value-0"} to topic topic-b87ff5ed_e171_4fae_918d_f12a0e518dd5
2025-08-13 18:22:40,003 INFO  [io.api.tes.ser.api.KafkaSerdesTester] (Thread-666) Sending message {"key11755109352435": "value-1"} to topic topic-b87ff5ed_e171_4fae_918d_f12a0e518dd5
2025-08-13 18:22:40,005 INFO  [io.api.tes.ser.api.KafkaSerdesTester] (Thread-666) Sending message {"key11755109352435": "value-2"} to topic topic-b87ff5ed_e171_4fae_918d_f12a0e518dd5
2025-08-13 18:22:40,007 INFO  [io.api.tes.ser.api.KafkaSerdesTester] (Thread-666) Sending message {"key11755109352435": "value-3"} to topic topic-b87ff5ed_e171_4fae_918d_f12a0e518dd5
2025-08-13 18:22:40,009 INFO  [io.api.tes.ser.api.KafkaSerdesTester] (Thread-666) Sending message {"key11755109352435": "value-4"} to topic topic-b87ff5ed_e171_4fae_918d_f12a0e518dd5
2025-08-13 18:22:40,010 INFO  [io.api.tes.ser.api.KafkaSerdesTester] (Thread-666) Sending message {"key11755109352435": "value-5"} to topic topic-b87ff5ed_e171_4fae_918d_f12a0e518dd5
2025-08-13 18:22:40,014 INFO  [io.api.tes.ser.api.KafkaSerdesTester] (Thread-666) Sending message {"key11755109352435": "value-6"} to topic topic-b87ff5ed_e171_4fae_918d_f12a0e518dd5
2025-08-13 18:22:40,016 INFO  [io.api.tes.ser.api.KafkaSerdesTester] (Thread-666) Sending message {"key11755109352435": "value-7"} to topic topic-b87ff5ed_e171_4fae_918d_f12a0e518dd5
2025-08-13 18:22:40,018 INFO  [io.api.tes.ser.api.KafkaSerdesTester] (Thread-666) Sending message {"key11755109352435": "value-8"} to topic topic-b87ff5ed_e171_4fae_918d_f12a0e518dd5
2025-08-13 18:22:40,022 INFO  [io.api.tes.ser.api.KafkaSerdesTester] (Thread-666) Sending message {"key11755109352435": "value-9"} to topic topic-b87ff5ed_e171_4fae_918d_f12a0e518dd5
2025-08-13 18:22:40,024 INFO  [io.api.tes.ser.api.KafkaSerdesTester] (Thread-666) Produced 10 messages
2025-08-13 18:22:40,026 INFO  [org.apa.kaf.cli.con.int.ClassicKafkaConsumer] (Thread-667) [Consumer clientId=consumer-Consumer-topic-b87ff5ed_e171_4fae_918d_f12a0e518dd5-9, groupId=Consumer-topic-b87ff5ed_e171_4fae_918d_f12a0e518dd5] Subscribed to topic(s): topic-b87ff5ed_e171_4fae_918d_f12a0e518dd5
2025-08-13 18:22:40,197 INFO  [io.api.tes.ser.api.KafkaSerdesTester] (Thread-667) topic-b87ff5ed_e171_4fae_918d_f12a0e518dd5 0 30 {"key11755109352435": "value-0", "key21755109357128": "value-0", "key31755109358653": "value-0"}
2025-08-13 18:22:40,197 INFO  [io.api.tes.ser.api.KafkaSerdesTester] (Thread-667) topic-b87ff5ed_e171_4fae_918d_f12a0e518dd5 0 31 {"key11755109352435": "value-1", "key21755109357128": "value-1", "key31755109358653": "value-1"}
2025-08-13 18:22:40,197 INFO  [io.api.tes.ser.api.KafkaSerdesTester] (Thread-667) topic-b87ff5ed_e171_4fae_918d_f12a0e518dd5 0 32 {"key11755109352435": "value-2", "key21755109357128": "value-2", "key31755109358653": "value-2"}
2025-08-13 18:22:40,197 INFO  [io.api.tes.ser.api.KafkaSerdesTester] (Thread-667) topic-b87ff5ed_e171_4fae_918d_f12a0e518dd5 0 33 {"key11755109352435": "value-3", "key21755109357128": "value-3", "key31755109358653": "value-3"}
2025-08-13 18:22:40,197 INFO  [io.api.tes.ser.api.KafkaSerdesTester] (Thread-667) topic-b87ff5ed_e171_4fae_918d_f12a0e518dd5 0 34 {"key11755109352435": "value-4", "key21755109357128": "value-4", "key31755109358653": "value-4"}
2025-08-13 18:22:40,197 INFO  [io.api.tes.ser.api.KafkaSerdesTester] (Thread-667) topic-b87ff5ed_e171_4fae_918d_f12a0e518dd5 0 35 {"key11755109352435": "value-5", "key21755109357128": "value-5", "key31755109358653": "value-5"}
2025-08-13 18:22:40,197 INFO  [io.api.tes.ser.api.KafkaSerdesTester] (Thread-667) topic-b87ff5ed_e171_4fae_918d_f12a0e518dd5 0 36 {"key11755109352435": "value-6", "key21755109357128": "value-6", "key31755109358653": "value-6"}
2025-08-13 18:22:40,197 INFO  [io.api.tes.ser.api.KafkaSerdesTester] (Thread-667) topic-b87ff5ed_e171_4fae_918d_f12a0e518dd5 0 37 {"key11755109352435": "value-7", "key21755109357128": "value-7", "key31755109358653": "value-7"}
2025-08-13 18:22:40,197 INFO  [io.api.tes.ser.api.KafkaSerdesTester] (Thread-667) topic-b87ff5ed_e171_4fae_918d_f12a0e518dd5 0 38 {"key11755109352435": "value-8", "key21755109357128": "value-8", "key31755109358653": "value-8"}
2025-08-13 18:22:40,197 INFO  [io.api.tes.ser.api.KafkaSerdesTester] (Thread-667) topic-b87ff5ed_e171_4fae_918d_f12a0e518dd5 0 39 {"key11755109352435": "value-9", "key21755109357128": "value-9", "key31755109358653": "value-9"}
2025-08-13 18:22:40,197 INFO  [io.api.tes.ser.api.KafkaSerdesTester] (Thread-667) topic-b87ff5ed_e171_4fae_918d_f12a0e518dd5 0 40 {"key11755109352435": "value-0", "key21755109357128": "value-0"}
2025-08-13 18:22:40,197 INFO  [io.api.tes.ser.api.KafkaSerdesTester] (Thread-667) topic-b87ff5ed_e171_4fae_918d_f12a0e518dd5 0 41 {"key11755109352435": "value-1", "key21755109357128": "value-1"}
2025-08-13 18:22:40,197 INFO  [io.api.tes.ser.api.KafkaSerdesTester] (Thread-667) topic-b87ff5ed_e171_4fae_918d_f12a0e518dd5 0 42 {"key11755109352435": "value-2", "key21755109357128": "value-2"}
2025-08-13 18:22:40,197 INFO  [io.api.tes.ser.api.KafkaSerdesTester] (Thread-667) topic-b87ff5ed_e171_4fae_918d_f12a0e518dd5 0 43 {"key11755109352435": "value-3", "key21755109357128": "value-3"}
2025-08-13 18:22:40,198 INFO  [io.api.tes.ser.api.KafkaSerdesTester] (Thread-667) topic-b87ff5ed_e171_4fae_918d_f12a0e518dd5 0 44 {"key11755109352435": "value-4", "key21755109357128": "value-4"}
2025-08-13 18:22:40,198 INFO  [io.api.tes.ser.api.KafkaSerdesTester] (Thread-667) topic-b87ff5ed_e171_4fae_918d_f12a0e518dd5 0 45 {"key11755109352435": "value-5", "key21755109357128": "value-5"}
2025-08-13 18:22:40,198 INFO  [io.api.tes.ser.api.KafkaSerdesTester] (Thread-667) topic-b87ff5ed_e171_4fae_918d_f12a0e518dd5 0 46 {"key11755109352435": "value-6", "key21755109357128": "value-6"}
2025-08-13 18:22:40,198 INFO  [io.api.tes.ser.api.KafkaSerdesTester] (Thread-667) topic-b87ff5ed_e171_4fae_918d_f12a0e518dd5 0 47 {"key11755109352435": "value-7", "key21755109357128": "value-7"}
2025-08-13 18:22:40,198 INFO  [io.api.tes.ser.api.KafkaSerdesTester] (Thread-667) topic-b87ff5ed_e171_4fae_918d_f12a0e518dd5 0 48 {"key11755109352435": "value-8", "key21755109357128": "value-8"}
2025-08-13 18:22:40,198 INFO  [io.api.tes.ser.api.KafkaSerdesTester] (Thread-667) topic-b87ff5ed_e171_4fae_918d_f12a0e518dd5 0 49 {"key11755109352435": "value-9", "key21755109357128": "value-9"}
2025-08-13 18:22:40,198 INFO  [io.api.tes.ser.api.KafkaSerdesTester] (Thread-667) topic-b87ff5ed_e171_4fae_918d_f12a0e518dd5 0 50 {"key11755109352435": "value-0"}
2025-08-13 18:22:40,198 INFO  [io.api.tes.ser.api.KafkaSerdesTester] (Thread-667) topic-b87ff5ed_e171_4fae_918d_f12a0e518dd5 0 51 {"key11755109352435": "value-1"}
2025-08-13 18:22:40,198 INFO  [io.api.tes.ser.api.KafkaSerdesTester] (Thread-667) topic-b87ff5ed_e171_4fae_918d_f12a0e518dd5 0 52 {"key11755109352435": "value-2"}
2025-08-13 18:22:40,198 INFO  [io.api.tes.ser.api.KafkaSerdesTester] (Thread-667) topic-b87ff5ed_e171_4fae_918d_f12a0e518dd5 0 53 {"key11755109352435": "value-3"}
2025-08-13 18:22:40,198 INFO  [io.api.tes.ser.api.KafkaSerdesTester] (Thread-667) topic-b87ff5ed_e171_4fae_918d_f12a0e518dd5 0 54 {"key11755109352435": "value-4"}
2025-08-13 18:22:40,198 INFO  [io.api.tes.ser.api.KafkaSerdesTester] (Thread-667) topic-b87ff5ed_e171_4fae_918d_f12a0e518dd5 0 55 {"key11755109352435": "value-5"}
2025-08-13 18:22:40,199 INFO  [io.api.tes.ser.api.KafkaSerdesTester] (Thread-667) topic-b87ff5ed_e171_4fae_918d_f12a0e518dd5 0 56 {"key11755109352435": "value-6"}
2025-08-13 18:22:40,199 INFO  [io.api.tes.ser.api.KafkaSerdesTester] (Thread-667) topic-b87ff5ed_e171_4fae_918d_f12a0e518dd5 0 57 {"key11755109352435": "value-7"}
2025-08-13 18:22:40,199 INFO  [io.api.tes.ser.api.KafkaSerdesTester] (Thread-667) topic-b87ff5ed_e171_4fae_918d_f12a0e518dd5 0 58 {"key11755109352435": "value-8"}
2025-08-13 18:22:40,199 INFO  [io.api.tes.ser.api.KafkaSerdesTester] (Thread-667) topic-b87ff5ed_e171_4fae_918d_f12a0e518dd5 0 59 {"key11755109352435": "value-9"}
2025-08-13 18:22:40,199 INFO  [io.api.tes.ser.api.KafkaSerdesTester] (Thread-667) Consumed 30 messages
2025-08-13 18:22:40,199 INFO  [org.apa.kaf.cli.pro.KafkaProducer] (main) [Producer clientId=Producer-topic-b87ff5ed_e171_4fae_918d_f12a0e518dd5] Closing the Kafka producer with timeoutMillis = 9223372036854775807 ms.
2025-08-13 18:22:40,201 INFO  [org.apa.kaf.com.met.Metrics] (main) Metrics scheduler closed
2025-08-13 18:22:40,201 INFO  [org.apa.kaf.com.met.Metrics] (main) Closing reporter org.apache.kafka.common.metrics.JmxReporter
2025-08-13 18:22:40,201 INFO  [org.apa.kaf.com.met.Metrics] (main) Closing reporter org.apache.kafka.common.telemetry.internals.ClientTelemetryReporter
2025-08-13 18:22:40,201 INFO  [org.apa.kaf.com.met.Metrics] (main) Metrics reporters closed
2025-08-13 18:22:40,201 INFO  [org.apa.kaf.com.uti.AppInfoParser] (main) App info kafka.producer for Producer-topic-b87ff5ed_e171_4fae_918d_f12a0e518dd5 unregistered
2025-08-13 18:22:40,209 INFO  [org.apa.kaf.cli.con.int.ConsumerRebalanceListenerInvoker] (main) [Consumer clientId=consumer-Consumer-topic-b87ff5ed_e171_4fae_918d_f12a0e518dd5-9, groupId=Consumer-topic-b87ff5ed_e171_4fae_918d_f12a0e518dd5] Revoke previously assigned partitions topic-b87ff5ed_e171_4fae_918d_f12a0e518dd5-0
2025-08-13 18:22:40,209 INFO  [org.apa.kaf.cli.con.int.ConsumerCoordinator] (main) [Consumer clientId=consumer-Consumer-topic-b87ff5ed_e171_4fae_918d_f12a0e518dd5-9, groupId=Consumer-topic-b87ff5ed_e171_4fae_918d_f12a0e518dd5] Member consumer-Consumer-topic-b87ff5ed_e171_4fae_918d_f12a0e518dd5-9-78d845e8-d958-4546-a813-0053174bfbd7 sending LeaveGroup request to coordinator localhost:32769 (id: 2147483647 rack: null) due to the consumer is being closed
2025-08-13 18:22:40,209 INFO  [org.apa.kaf.cli.con.int.ConsumerCoordinator] (main) [Consumer clientId=consumer-Consumer-topic-b87ff5ed_e171_4fae_918d_f12a0e518dd5-9, groupId=Consumer-topic-b87ff5ed_e171_4fae_918d_f12a0e518dd5] Resetting generation and member id due to: consumer pro-actively leaving the group
2025-08-13 18:22:40,209 INFO  [org.apa.kaf.cli.con.int.ConsumerCoordinator] (main) [Consumer clientId=consumer-Consumer-topic-b87ff5ed_e171_4fae_918d_f12a0e518dd5-9, groupId=Consumer-topic-b87ff5ed_e171_4fae_918d_f12a0e518dd5] Request joining group due to: consumer pro-actively leaving the group
2025-08-13 18:22:40,700 INFO  [org.apa.kaf.com.met.Metrics] (main) Metrics scheduler closed
2025-08-13 18:22:40,700 INFO  [org.apa.kaf.com.met.Metrics] (main) Closing reporter org.apache.kafka.common.metrics.JmxReporter
2025-08-13 18:22:40,700 INFO  [org.apa.kaf.com.met.Metrics] (main) Closing reporter org.apache.kafka.common.telemetry.internals.ClientTelemetryReporter
2025-08-13 18:22:40,700 INFO  [org.apa.kaf.com.met.Metrics] (main) Metrics reporters closed
2025-08-13 18:22:40,703 INFO  [org.apa.kaf.com.uti.AppInfoParser] (main) App info kafka.consumer for consumer-Consumer-topic-b87ff5ed_e171_4fae_918d_f12a0e518dd5-9 unregistered
2025-08-13 18:22:40,703 INFO  [io.api.tes.uti.TestSeparator] (main) io.apicurio.tests.serdes.apicurio.AvroSerdeIT.testEvolveAvroApicurioReusingClient-FINISHED
2025-08-13 18:22:40,703 INFO  [io.api.tes.uti.TestSeparator] (main) ############################################################################
Test passed: testEvolveAvroApicurioReusingClient
]]></system-out>
  </testcase>
  <testcase name="testProducerUsesDefaultConsumerUsesGlobalId" classname="io.apicurio.tests.serdes.apicurio.AvroSerdeIT" time="0.0">
    <skipped message="void io.apicurio.tests.serdes.apicurio.AvroSerdeIT.testProducerUsesDefaultConsumerUsesGlobalId() throws java.lang.Exception is @Disabled"/>
  </testcase>
  <testcase name="testEvolveAvroApicurio" classname="io.apicurio.tests.serdes.apicurio.AvroSerdeIT" time="16.712">
    <system-out><![CDATA[2025-08-13 18:22:40,710 INFO  [io.api.tes.uti.TestSeparator] (main) ############################################################################
2025-08-13 18:22:40,710 INFO  [io.api.tes.uti.TestSeparator] (main) io.apicurio.tests.serdes.apicurio.AvroSerdeIT.testEvolveAvroApicurio-STARTED
2025-08-13 18:22:40,711 INFO  [io.api.tes.ser.api.AvroSerdeIT] (main) Registering Avro Schema: {"type":"record","name":"s56eb25f4x7422x4debx9cefx3175f8e94a46","namespace":"ns_7c97abe9_802b_4669_9c9b_626785e0d5d2","fields":[{"name":"key11755109360711","type":"string"}]}
**** Registry Base URL: http://registry-app-mysql.apps.ci419.apicurio-testing.org:80
2025-08-13 18:22:41,919 INFO  [org.apa.kaf.cli.pro.ProducerConfig] (main) ProducerConfig values: 
	acks = -1
	auto.include.jmx.reporter = true
	batch.size = 16384
	bootstrap.servers = [PLAINTEXT://localhost:32769]
	buffer.memory = 33554432
	client.dns.lookup = use_all_dns_ips
	client.id = Producer-topic-d9d0bc86_fd86_42fb_ba05_265d2e2da832
	compression.gzip.level = -1
	compression.lz4.level = 9
	compression.type = none
	compression.zstd.level = 3
	connections.max.idle.ms = 10000
	delivery.timeout.ms = 120000
	enable.idempotence = true
	enable.metrics.push = true
	interceptor.classes = []
	key.serializer = class org.apache.kafka.common.serialization.StringSerializer
	linger.ms = 0
	max.block.ms = 60000
	max.in.flight.requests.per.connection = 5
	max.request.size = 1048576
	metadata.max.age.ms = 300000
	metadata.max.idle.ms = 300000
	metadata.recovery.strategy = none
	metric.reporters = []
	metrics.num.samples = 2
	metrics.recording.level = INFO
	metrics.sample.window.ms = 30000
	partitioner.adaptive.partitioning.enable = true
	partitioner.availability.timeout.ms = 0
	partitioner.class = null
	partitioner.ignore.keys = false
	receive.buffer.bytes = 32768
	reconnect.backoff.max.ms = 1000
	reconnect.backoff.ms = 50
	request.timeout.ms = 5000
	retries = 2147483647
	retry.backoff.max.ms = 1000
	retry.backoff.ms = 100
	sasl.client.callback.handler.class = null
	sasl.jaas.config = null
	sasl.kerberos.kinit.cmd = /usr/bin/kinit
	sasl.kerberos.min.time.before.relogin = 60000
	sasl.kerberos.service.name = null
	sasl.kerberos.ticket.renew.jitter = 0.05
	sasl.kerberos.ticket.renew.window.factor = 0.8
	sasl.login.callback.handler.class = null
	sasl.login.class = null
	sasl.login.connect.timeout.ms = null
	sasl.login.read.timeout.ms = null
	sasl.login.refresh.buffer.seconds = 300
	sasl.login.refresh.min.period.seconds = 60
	sasl.login.refresh.window.factor = 0.8
	sasl.login.refresh.window.jitter = 0.05
	sasl.login.retry.backoff.max.ms = 10000
	sasl.login.retry.backoff.ms = 100
	sasl.mechanism = GSSAPI
	sasl.oauthbearer.clock.skew.seconds = 30
	sasl.oauthbearer.expected.audience = null
	sasl.oauthbearer.expected.issuer = null
	sasl.oauthbearer.header.urlencode = false
	sasl.oauthbearer.jwks.endpoint.refresh.ms = 3600000
	sasl.oauthbearer.jwks.endpoint.retry.backoff.max.ms = 10000
	sasl.oauthbearer.jwks.endpoint.retry.backoff.ms = 100
	sasl.oauthbearer.jwks.endpoint.url = null
	sasl.oauthbearer.scope.claim.name = scope
	sasl.oauthbearer.sub.claim.name = sub
	sasl.oauthbearer.token.endpoint.url = null
	security.protocol = PLAINTEXT
	security.providers = null
	send.buffer.bytes = 131072
	socket.connection.setup.timeout.max.ms = 30000
	socket.connection.setup.timeout.ms = 10000
	ssl.cipher.suites = null
	ssl.enabled.protocols = [TLSv1.2, TLSv1.3]
	ssl.endpoint.identification.algorithm = https
	ssl.engine.factory.class = null
	ssl.key.password = null
	ssl.keymanager.algorithm = SunX509
	ssl.keystore.certificate.chain = null
	ssl.keystore.key = null
	ssl.keystore.location = null
	ssl.keystore.password = null
	ssl.keystore.type = JKS
	ssl.protocol = TLSv1.3
	ssl.provider = null
	ssl.secure.random.implementation = null
	ssl.trustmanager.algorithm = PKIX
	ssl.truststore.certificates = null
	ssl.truststore.location = null
	ssl.truststore.password = null
	ssl.truststore.type = JKS
	transaction.timeout.ms = 60000
	transactional.id = null
	value.serializer = class io.apicurio.registry.serde.avro.AvroKafkaSerializer

2025-08-13 18:22:41,919 INFO  [org.apa.kaf.com.tel.int.KafkaMetricsCollector] (main) initializing Kafka metrics collector
2025-08-13 18:22:41,927 INFO  [org.apa.kaf.cli.pro.KafkaProducer] (main) [Producer clientId=Producer-topic-d9d0bc86_fd86_42fb_ba05_265d2e2da832] Instantiated an idempotent producer.
2025-08-13 18:22:41,930 INFO  [org.apa.kaf.cli.pro.ProducerConfig] (main) These configurations '[apicurio.registry.url, apicurio.registry.artifact-resolver-strategy]' were supplied but are not used yet.
2025-08-13 18:22:41,930 INFO  [org.apa.kaf.com.uti.AppInfoParser] (main) Kafka version: 3.9.1
2025-08-13 18:22:41,930 INFO  [org.apa.kaf.com.uti.AppInfoParser] (main) Kafka commitId: f745dfdcee2b9851
2025-08-13 18:22:41,931 INFO  [org.apa.kaf.com.uti.AppInfoParser] (main) Kafka startTimeMs: 1755109361930
**** Registry Base URL: http://registry-app-mysql.apps.ci419.apicurio-testing.org:80
2025-08-13 18:22:41,931 INFO  [org.apa.kaf.cli.con.ConsumerConfig] (main) ConsumerConfig values: 
	allow.auto.create.topics = true
	auto.commit.interval.ms = 500
	auto.include.jmx.reporter = true
	auto.offset.reset = earliest
	bootstrap.servers = [PLAINTEXT://localhost:32769]
	check.crcs = true
	client.dns.lookup = use_all_dns_ips
	client.id = consumer-Consumer-topic-d9d0bc86_fd86_42fb_ba05_265d2e2da832-10
	client.rack = 
	connections.max.idle.ms = 10000
	default.api.timeout.ms = 60000
	enable.auto.commit = true
	enable.metrics.push = true
	exclude.internal.topics = true
	fetch.max.bytes = 52428800
	fetch.max.wait.ms = 500
	fetch.min.bytes = 1
	group.id = Consumer-topic-d9d0bc86_fd86_42fb_ba05_265d2e2da832
	group.instance.id = null
	group.protocol = classic
	group.remote.assignor = null
	heartbeat.interval.ms = 3000
	interceptor.classes = []
	internal.leave.group.on.close = true
	internal.throw.on.fetch.stable.offset.unsupported = false
	isolation.level = read_uncommitted
	key.deserializer = class org.apache.kafka.common.serialization.StringDeserializer
	max.partition.fetch.bytes = 1048576
	max.poll.interval.ms = 300000
	max.poll.records = 500
	metadata.max.age.ms = 300000
	metadata.recovery.strategy = none
	metric.reporters = []
	metrics.num.samples = 2
	metrics.recording.level = INFO
	metrics.sample.window.ms = 30000
	partition.assignment.strategy = [class org.apache.kafka.clients.consumer.RangeAssignor, class org.apache.kafka.clients.consumer.CooperativeStickyAssignor]
	receive.buffer.bytes = 65536
	reconnect.backoff.max.ms = 1000
	reconnect.backoff.ms = 50
	request.timeout.ms = 5000
	retry.backoff.max.ms = 1000
	retry.backoff.ms = 100
	sasl.client.callback.handler.class = null
	sasl.jaas.config = null
	sasl.kerberos.kinit.cmd = /usr/bin/kinit
	sasl.kerberos.min.time.before.relogin = 60000
	sasl.kerberos.service.name = null
	sasl.kerberos.ticket.renew.jitter = 0.05
	sasl.kerberos.ticket.renew.window.factor = 0.8
	sasl.login.callback.handler.class = null
	sasl.login.class = null
	sasl.login.connect.timeout.ms = null
	sasl.login.read.timeout.ms = null
	sasl.login.refresh.buffer.seconds = 300
	sasl.login.refresh.min.period.seconds = 60
	sasl.login.refresh.window.factor = 0.8
	sasl.login.refresh.window.jitter = 0.05
	sasl.login.retry.backoff.max.ms = 10000
	sasl.login.retry.backoff.ms = 100
	sasl.mechanism = GSSAPI
	sasl.oauthbearer.clock.skew.seconds = 30
	sasl.oauthbearer.expected.audience = null
	sasl.oauthbearer.expected.issuer = null
	sasl.oauthbearer.header.urlencode = false
	sasl.oauthbearer.jwks.endpoint.refresh.ms = 3600000
	sasl.oauthbearer.jwks.endpoint.retry.backoff.max.ms = 10000
	sasl.oauthbearer.jwks.endpoint.retry.backoff.ms = 100
	sasl.oauthbearer.jwks.endpoint.url = null
	sasl.oauthbearer.scope.claim.name = scope
	sasl.oauthbearer.sub.claim.name = sub
	sasl.oauthbearer.token.endpoint.url = null
	security.protocol = PLAINTEXT
	security.providers = null
	send.buffer.bytes = 131072
	session.timeout.ms = 45000
	socket.connection.setup.timeout.max.ms = 30000
	socket.connection.setup.timeout.ms = 10000
	ssl.cipher.suites = null
	ssl.enabled.protocols = [TLSv1.2, TLSv1.3]
	ssl.endpoint.identification.algorithm = https
	ssl.engine.factory.class = null
	ssl.key.password = null
	ssl.keymanager.algorithm = SunX509
	ssl.keystore.certificate.chain = null
	ssl.keystore.key = null
	ssl.keystore.location = null
	ssl.keystore.password = null
	ssl.keystore.type = JKS
	ssl.protocol = TLSv1.3
	ssl.provider = null
	ssl.secure.random.implementation = null
	ssl.trustmanager.algorithm = PKIX
	ssl.truststore.certificates = null
	ssl.truststore.location = null
	ssl.truststore.password = null
	ssl.truststore.type = JKS
	value.deserializer = class io.apicurio.registry.serde.avro.AvroKafkaDeserializer

2025-08-13 18:22:41,931 INFO  [org.apa.kaf.com.tel.int.KafkaMetricsCollector] (main) initializing Kafka metrics collector
2025-08-13 18:22:41,938 INFO  [org.apa.kaf.cli.Metadata] (kafka-producer-network-thread | Producer-topic-d9d0bc86_fd86_42fb_ba05_265d2e2da832) [Producer clientId=Producer-topic-d9d0bc86_fd86_42fb_ba05_265d2e2da832] Cluster ID: qvRm5C5FS3SD7xP4bjB8Pg
2025-08-13 18:22:41,939 INFO  [org.apa.kaf.cli.pro.int.TransactionManager] (kafka-producer-network-thread | Producer-topic-d9d0bc86_fd86_42fb_ba05_265d2e2da832) [Producer clientId=Producer-topic-d9d0bc86_fd86_42fb_ba05_265d2e2da832] ProducerId set to 12 with epoch 0
2025-08-13 18:22:41,945 INFO  [org.apa.kaf.cli.con.ConsumerConfig] (main) These configurations '[apicurio.registry.url]' were supplied but are not used yet.
2025-08-13 18:22:41,945 INFO  [org.apa.kaf.com.uti.AppInfoParser] (main) Kafka version: 3.9.1
2025-08-13 18:22:41,945 INFO  [org.apa.kaf.com.uti.AppInfoParser] (main) Kafka commitId: f745dfdcee2b9851
2025-08-13 18:22:41,945 INFO  [org.apa.kaf.com.uti.AppInfoParser] (main) Kafka startTimeMs: 1755109361945
2025-08-13 18:22:41,945 INFO  [io.api.tes.ser.api.KafkaSerdesTester] (Thread-672) Sending message {"key11755109360711": "value-0"} to topic topic-d9d0bc86_fd86_42fb_ba05_265d2e2da832
2025-08-13 18:22:41,949 INFO  [DefaultSchemaResolver] (Thread-672) Retrieving schema content using string: {"type":"record","name":"s56eb25f4x7422x4debx9cefx3175f8e94a46","namespace":"ns_7c97abe9_802b_4669_9c9b_626785e0d5d2","fields":[{"name":"key11755109360711","type":"string"}]}
2025-08-13 18:22:42,109 INFO  [io.api.tes.ser.api.KafkaSerdesTester] (Thread-672) Sending message {"key11755109360711": "value-1"} to topic topic-d9d0bc86_fd86_42fb_ba05_265d2e2da832
2025-08-13 18:22:42,111 INFO  [io.api.tes.ser.api.KafkaSerdesTester] (Thread-672) Sending message {"key11755109360711": "value-2"} to topic topic-d9d0bc86_fd86_42fb_ba05_265d2e2da832
2025-08-13 18:22:42,112 INFO  [io.api.tes.ser.api.KafkaSerdesTester] (Thread-672) Sending message {"key11755109360711": "value-3"} to topic topic-d9d0bc86_fd86_42fb_ba05_265d2e2da832
2025-08-13 18:22:42,114 INFO  [io.api.tes.ser.api.KafkaSerdesTester] (Thread-672) Sending message {"key11755109360711": "value-4"} to topic topic-d9d0bc86_fd86_42fb_ba05_265d2e2da832
2025-08-13 18:22:42,115 INFO  [io.api.tes.ser.api.KafkaSerdesTester] (Thread-672) Sending message {"key11755109360711": "value-5"} to topic topic-d9d0bc86_fd86_42fb_ba05_265d2e2da832
2025-08-13 18:22:42,116 INFO  [io.api.tes.ser.api.KafkaSerdesTester] (Thread-672) Sending message {"key11755109360711": "value-6"} to topic topic-d9d0bc86_fd86_42fb_ba05_265d2e2da832
2025-08-13 18:22:42,118 INFO  [io.api.tes.ser.api.KafkaSerdesTester] (Thread-672) Sending message {"key11755109360711": "value-7"} to topic topic-d9d0bc86_fd86_42fb_ba05_265d2e2da832
2025-08-13 18:22:42,120 INFO  [io.api.tes.ser.api.KafkaSerdesTester] (Thread-672) Sending message {"key11755109360711": "value-8"} to topic topic-d9d0bc86_fd86_42fb_ba05_265d2e2da832
2025-08-13 18:22:42,122 INFO  [io.api.tes.ser.api.KafkaSerdesTester] (Thread-672) Sending message {"key11755109360711": "value-9"} to topic topic-d9d0bc86_fd86_42fb_ba05_265d2e2da832
2025-08-13 18:22:42,129 INFO  [io.api.tes.ser.api.KafkaSerdesTester] (Thread-672) Produced 10 messages
2025-08-13 18:22:42,129 INFO  [org.apa.kaf.cli.pro.KafkaProducer] (Thread-672) [Producer clientId=Producer-topic-d9d0bc86_fd86_42fb_ba05_265d2e2da832] Closing the Kafka producer with timeoutMillis = 9223372036854775807 ms.
2025-08-13 18:22:42,131 INFO  [org.apa.kaf.com.met.Metrics] (Thread-672) Metrics scheduler closed
2025-08-13 18:22:42,131 INFO  [org.apa.kaf.com.met.Metrics] (Thread-672) Closing reporter org.apache.kafka.common.metrics.JmxReporter
2025-08-13 18:22:42,131 INFO  [org.apa.kaf.com.met.Metrics] (Thread-672) Closing reporter org.apache.kafka.common.telemetry.internals.ClientTelemetryReporter
2025-08-13 18:22:42,131 INFO  [org.apa.kaf.com.met.Metrics] (Thread-672) Metrics reporters closed
2025-08-13 18:22:42,131 INFO  [org.apa.kaf.com.uti.AppInfoParser] (Thread-672) App info kafka.producer for Producer-topic-d9d0bc86_fd86_42fb_ba05_265d2e2da832 unregistered
2025-08-13 18:22:42,132 INFO  [org.apa.kaf.cli.con.int.ClassicKafkaConsumer] (Thread-673) [Consumer clientId=consumer-Consumer-topic-d9d0bc86_fd86_42fb_ba05_265d2e2da832-10, groupId=Consumer-topic-d9d0bc86_fd86_42fb_ba05_265d2e2da832] Subscribed to topic(s): topic-d9d0bc86_fd86_42fb_ba05_265d2e2da832
2025-08-13 18:22:42,138 INFO  [org.apa.kaf.cli.Metadata] (Thread-673) [Consumer clientId=consumer-Consumer-topic-d9d0bc86_fd86_42fb_ba05_265d2e2da832-10, groupId=Consumer-topic-d9d0bc86_fd86_42fb_ba05_265d2e2da832] Cluster ID: qvRm5C5FS3SD7xP4bjB8Pg
2025-08-13 18:22:42,140 INFO  [org.apa.kaf.cli.con.int.ConsumerCoordinator] (Thread-673) [Consumer clientId=consumer-Consumer-topic-d9d0bc86_fd86_42fb_ba05_265d2e2da832-10, groupId=Consumer-topic-d9d0bc86_fd86_42fb_ba05_265d2e2da832] Discovered group coordinator localhost:32769 (id: 2147483647 rack: null)
2025-08-13 18:22:42,143 INFO  [org.apa.kaf.cli.con.int.ConsumerCoordinator] (Thread-673) [Consumer clientId=consumer-Consumer-topic-d9d0bc86_fd86_42fb_ba05_265d2e2da832-10, groupId=Consumer-topic-d9d0bc86_fd86_42fb_ba05_265d2e2da832] (Re-)joining group
2025-08-13 18:22:42,146 INFO  [org.apa.kaf.cli.con.int.ConsumerCoordinator] (Thread-673) [Consumer clientId=consumer-Consumer-topic-d9d0bc86_fd86_42fb_ba05_265d2e2da832-10, groupId=Consumer-topic-d9d0bc86_fd86_42fb_ba05_265d2e2da832] Request joining group due to: need to re-join with the given member-id: consumer-Consumer-topic-d9d0bc86_fd86_42fb_ba05_265d2e2da832-10-ddf2dadc-1d22-4f4d-9d13-8a22f5c04504
2025-08-13 18:22:42,146 INFO  [org.apa.kaf.cli.con.int.ConsumerCoordinator] (Thread-673) [Consumer clientId=consumer-Consumer-topic-d9d0bc86_fd86_42fb_ba05_265d2e2da832-10, groupId=Consumer-topic-d9d0bc86_fd86_42fb_ba05_265d2e2da832] (Re-)joining group
2025-08-13 18:22:43,132 INFO  [io.api.tes.ser.api.KafkaSerdesTester] (Thread-673) None found
2025-08-13 18:22:44,132 INFO  [io.api.tes.ser.api.KafkaSerdesTester] (Thread-673) None found
2025-08-13 18:22:45,133 INFO  [io.api.tes.ser.api.KafkaSerdesTester] (Thread-673) None found
2025-08-13 18:22:45,147 INFO  [org.apa.kaf.cli.con.int.ConsumerCoordinator] (Thread-673) [Consumer clientId=consumer-Consumer-topic-d9d0bc86_fd86_42fb_ba05_265d2e2da832-10, groupId=Consumer-topic-d9d0bc86_fd86_42fb_ba05_265d2e2da832] Successfully joined group with generation Generation{generationId=1, memberId='consumer-Consumer-topic-d9d0bc86_fd86_42fb_ba05_265d2e2da832-10-ddf2dadc-1d22-4f4d-9d13-8a22f5c04504', protocol='range'}
2025-08-13 18:22:45,148 INFO  [org.apa.kaf.cli.con.int.ConsumerCoordinator] (Thread-673) [Consumer clientId=consumer-Consumer-topic-d9d0bc86_fd86_42fb_ba05_265d2e2da832-10, groupId=Consumer-topic-d9d0bc86_fd86_42fb_ba05_265d2e2da832] Finished assignment for group at generation 1: {consumer-Consumer-topic-d9d0bc86_fd86_42fb_ba05_265d2e2da832-10-ddf2dadc-1d22-4f4d-9d13-8a22f5c04504=Assignment(partitions=[topic-d9d0bc86_fd86_42fb_ba05_265d2e2da832-0])}
2025-08-13 18:22:45,155 INFO  [org.apa.kaf.cli.con.int.ConsumerCoordinator] (Thread-673) [Consumer clientId=consumer-Consumer-topic-d9d0bc86_fd86_42fb_ba05_265d2e2da832-10, groupId=Consumer-topic-d9d0bc86_fd86_42fb_ba05_265d2e2da832] Successfully synced group in generation Generation{generationId=1, memberId='consumer-Consumer-topic-d9d0bc86_fd86_42fb_ba05_265d2e2da832-10-ddf2dadc-1d22-4f4d-9d13-8a22f5c04504', protocol='range'}
2025-08-13 18:22:45,155 INFO  [org.apa.kaf.cli.con.int.ConsumerCoordinator] (Thread-673) [Consumer clientId=consumer-Consumer-topic-d9d0bc86_fd86_42fb_ba05_265d2e2da832-10, groupId=Consumer-topic-d9d0bc86_fd86_42fb_ba05_265d2e2da832] Notifying assignor about the new Assignment(partitions=[topic-d9d0bc86_fd86_42fb_ba05_265d2e2da832-0])
2025-08-13 18:22:45,155 INFO  [org.apa.kaf.cli.con.int.ConsumerRebalanceListenerInvoker] (Thread-673) [Consumer clientId=consumer-Consumer-topic-d9d0bc86_fd86_42fb_ba05_265d2e2da832-10, groupId=Consumer-topic-d9d0bc86_fd86_42fb_ba05_265d2e2da832] Adding newly assigned partitions: topic-d9d0bc86_fd86_42fb_ba05_265d2e2da832-0
2025-08-13 18:22:45,157 INFO  [org.apa.kaf.cli.con.int.ConsumerCoordinator] (Thread-673) [Consumer clientId=consumer-Consumer-topic-d9d0bc86_fd86_42fb_ba05_265d2e2da832-10, groupId=Consumer-topic-d9d0bc86_fd86_42fb_ba05_265d2e2da832] Found no committed offset for partition topic-d9d0bc86_fd86_42fb_ba05_265d2e2da832-0
2025-08-13 18:22:45,162 INFO  [org.apa.kaf.cli.con.int.SubscriptionState] (Thread-673) [Consumer clientId=consumer-Consumer-topic-d9d0bc86_fd86_42fb_ba05_265d2e2da832-10, groupId=Consumer-topic-d9d0bc86_fd86_42fb_ba05_265d2e2da832] Resetting offset for partition topic-d9d0bc86_fd86_42fb_ba05_265d2e2da832-0 to position FetchPosition{offset=0, offsetEpoch=Optional.empty, currentLeader=LeaderAndEpoch{leader=Optional[localhost:32769 (id: 0 rack: null)], epoch=0}}.
2025-08-13 18:22:45,400 INFO  [io.api.tes.ser.api.KafkaSerdesTester] (Thread-673) topic-d9d0bc86_fd86_42fb_ba05_265d2e2da832 0 0 {"key11755109360711": "value-0"}
2025-08-13 18:22:45,400 INFO  [io.api.tes.ser.api.KafkaSerdesTester] (Thread-673) topic-d9d0bc86_fd86_42fb_ba05_265d2e2da832 0 1 {"key11755109360711": "value-1"}
2025-08-13 18:22:45,400 INFO  [io.api.tes.ser.api.KafkaSerdesTester] (Thread-673) topic-d9d0bc86_fd86_42fb_ba05_265d2e2da832 0 2 {"key11755109360711": "value-2"}
2025-08-13 18:22:45,400 INFO  [io.api.tes.ser.api.KafkaSerdesTester] (Thread-673) topic-d9d0bc86_fd86_42fb_ba05_265d2e2da832 0 3 {"key11755109360711": "value-3"}
2025-08-13 18:22:45,400 INFO  [io.api.tes.ser.api.KafkaSerdesTester] (Thread-673) topic-d9d0bc86_fd86_42fb_ba05_265d2e2da832 0 4 {"key11755109360711": "value-4"}
2025-08-13 18:22:45,400 INFO  [io.api.tes.ser.api.KafkaSerdesTester] (Thread-673) topic-d9d0bc86_fd86_42fb_ba05_265d2e2da832 0 5 {"key11755109360711": "value-5"}
2025-08-13 18:22:45,400 INFO  [io.api.tes.ser.api.KafkaSerdesTester] (Thread-673) topic-d9d0bc86_fd86_42fb_ba05_265d2e2da832 0 6 {"key11755109360711": "value-6"}
2025-08-13 18:22:45,400 INFO  [io.api.tes.ser.api.KafkaSerdesTester] (Thread-673) topic-d9d0bc86_fd86_42fb_ba05_265d2e2da832 0 7 {"key11755109360711": "value-7"}
2025-08-13 18:22:45,400 INFO  [io.api.tes.ser.api.KafkaSerdesTester] (Thread-673) topic-d9d0bc86_fd86_42fb_ba05_265d2e2da832 0 8 {"key11755109360711": "value-8"}
2025-08-13 18:22:45,400 INFO  [io.api.tes.ser.api.KafkaSerdesTester] (Thread-673) topic-d9d0bc86_fd86_42fb_ba05_265d2e2da832 0 9 {"key11755109360711": "value-9"}
2025-08-13 18:22:45,400 INFO  [io.api.tes.ser.api.KafkaSerdesTester] (Thread-673) Consumed 10 messages
2025-08-13 18:22:45,407 INFO  [org.apa.kaf.cli.con.int.ConsumerRebalanceListenerInvoker] (Thread-673) [Consumer clientId=consumer-Consumer-topic-d9d0bc86_fd86_42fb_ba05_265d2e2da832-10, groupId=Consumer-topic-d9d0bc86_fd86_42fb_ba05_265d2e2da832] Revoke previously assigned partitions topic-d9d0bc86_fd86_42fb_ba05_265d2e2da832-0
2025-08-13 18:22:45,407 INFO  [org.apa.kaf.cli.con.int.ConsumerCoordinator] (Thread-673) [Consumer clientId=consumer-Consumer-topic-d9d0bc86_fd86_42fb_ba05_265d2e2da832-10, groupId=Consumer-topic-d9d0bc86_fd86_42fb_ba05_265d2e2da832] Member consumer-Consumer-topic-d9d0bc86_fd86_42fb_ba05_265d2e2da832-10-ddf2dadc-1d22-4f4d-9d13-8a22f5c04504 sending LeaveGroup request to coordinator localhost:32769 (id: 2147483647 rack: null) due to the consumer is being closed
2025-08-13 18:22:45,407 INFO  [org.apa.kaf.cli.con.int.ConsumerCoordinator] (Thread-673) [Consumer clientId=consumer-Consumer-topic-d9d0bc86_fd86_42fb_ba05_265d2e2da832-10, groupId=Consumer-topic-d9d0bc86_fd86_42fb_ba05_265d2e2da832] Resetting generation and member id due to: consumer pro-actively leaving the group
2025-08-13 18:22:45,407 INFO  [org.apa.kaf.cli.con.int.ConsumerCoordinator] (Thread-673) [Consumer clientId=consumer-Consumer-topic-d9d0bc86_fd86_42fb_ba05_265d2e2da832-10, groupId=Consumer-topic-d9d0bc86_fd86_42fb_ba05_265d2e2da832] Request joining group due to: consumer pro-actively leaving the group
2025-08-13 18:22:45,902 INFO  [org.apa.kaf.com.met.Metrics] (Thread-673) Metrics scheduler closed
2025-08-13 18:22:45,903 INFO  [org.apa.kaf.com.met.Metrics] (Thread-673) Closing reporter org.apache.kafka.common.metrics.JmxReporter
2025-08-13 18:22:45,903 INFO  [org.apa.kaf.com.met.Metrics] (Thread-673) Closing reporter org.apache.kafka.common.telemetry.internals.ClientTelemetryReporter
2025-08-13 18:22:45,903 INFO  [org.apa.kaf.com.met.Metrics] (Thread-673) Metrics reporters closed
2025-08-13 18:22:45,905 INFO  [org.apa.kaf.com.uti.AppInfoParser] (Thread-673) App info kafka.consumer for consumer-Consumer-topic-d9d0bc86_fd86_42fb_ba05_265d2e2da832-10 unregistered
2025-08-13 18:22:45,905 INFO  [io.api.tes.ser.api.AvroSerdeIT] (main) Registering Avro Schema 2: {"type":"record","name":"s56eb25f4x7422x4debx9cefx3175f8e94a46","namespace":"ns_7c97abe9_802b_4669_9c9b_626785e0d5d2","fields":[{"name":"key11755109360711","type":"string"},{"name":"key21755109365905","type":"string"}]}
**** Registry Base URL: http://registry-app-mysql.apps.ci419.apicurio-testing.org:80
2025-08-13 18:22:47,121 INFO  [org.apa.kaf.cli.pro.ProducerConfig] (main) ProducerConfig values: 
	acks = -1
	auto.include.jmx.reporter = true
	batch.size = 16384
	bootstrap.servers = [PLAINTEXT://localhost:32769]
	buffer.memory = 33554432
	client.dns.lookup = use_all_dns_ips
	client.id = Producer-topic-d9d0bc86_fd86_42fb_ba05_265d2e2da832
	compression.gzip.level = -1
	compression.lz4.level = 9
	compression.type = none
	compression.zstd.level = 3
	connections.max.idle.ms = 10000
	delivery.timeout.ms = 120000
	enable.idempotence = true
	enable.metrics.push = true
	interceptor.classes = []
	key.serializer = class org.apache.kafka.common.serialization.StringSerializer
	linger.ms = 0
	max.block.ms = 60000
	max.in.flight.requests.per.connection = 5
	max.request.size = 1048576
	metadata.max.age.ms = 300000
	metadata.max.idle.ms = 300000
	metadata.recovery.strategy = none
	metric.reporters = []
	metrics.num.samples = 2
	metrics.recording.level = INFO
	metrics.sample.window.ms = 30000
	partitioner.adaptive.partitioning.enable = true
	partitioner.availability.timeout.ms = 0
	partitioner.class = null
	partitioner.ignore.keys = false
	receive.buffer.bytes = 32768
	reconnect.backoff.max.ms = 1000
	reconnect.backoff.ms = 50
	request.timeout.ms = 5000
	retries = 2147483647
	retry.backoff.max.ms = 1000
	retry.backoff.ms = 100
	sasl.client.callback.handler.class = null
	sasl.jaas.config = null
	sasl.kerberos.kinit.cmd = /usr/bin/kinit
	sasl.kerberos.min.time.before.relogin = 60000
	sasl.kerberos.service.name = null
	sasl.kerberos.ticket.renew.jitter = 0.05
	sasl.kerberos.ticket.renew.window.factor = 0.8
	sasl.login.callback.handler.class = null
	sasl.login.class = null
	sasl.login.connect.timeout.ms = null
	sasl.login.read.timeout.ms = null
	sasl.login.refresh.buffer.seconds = 300
	sasl.login.refresh.min.period.seconds = 60
	sasl.login.refresh.window.factor = 0.8
	sasl.login.refresh.window.jitter = 0.05
	sasl.login.retry.backoff.max.ms = 10000
	sasl.login.retry.backoff.ms = 100
	sasl.mechanism = GSSAPI
	sasl.oauthbearer.clock.skew.seconds = 30
	sasl.oauthbearer.expected.audience = null
	sasl.oauthbearer.expected.issuer = null
	sasl.oauthbearer.header.urlencode = false
	sasl.oauthbearer.jwks.endpoint.refresh.ms = 3600000
	sasl.oauthbearer.jwks.endpoint.retry.backoff.max.ms = 10000
	sasl.oauthbearer.jwks.endpoint.retry.backoff.ms = 100
	sasl.oauthbearer.jwks.endpoint.url = null
	sasl.oauthbearer.scope.claim.name = scope
	sasl.oauthbearer.sub.claim.name = sub
	sasl.oauthbearer.token.endpoint.url = null
	security.protocol = PLAINTEXT
	security.providers = null
	send.buffer.bytes = 131072
	socket.connection.setup.timeout.max.ms = 30000
	socket.connection.setup.timeout.ms = 10000
	ssl.cipher.suites = null
	ssl.enabled.protocols = [TLSv1.2, TLSv1.3]
	ssl.endpoint.identification.algorithm = https
	ssl.engine.factory.class = null
	ssl.key.password = null
	ssl.keymanager.algorithm = SunX509
	ssl.keystore.certificate.chain = null
	ssl.keystore.key = null
	ssl.keystore.location = null
	ssl.keystore.password = null
	ssl.keystore.type = JKS
	ssl.protocol = TLSv1.3
	ssl.provider = null
	ssl.secure.random.implementation = null
	ssl.trustmanager.algorithm = PKIX
	ssl.truststore.certificates = null
	ssl.truststore.location = null
	ssl.truststore.password = null
	ssl.truststore.type = JKS
	transaction.timeout.ms = 60000
	transactional.id = null
	value.serializer = class io.apicurio.registry.serde.avro.AvroKafkaSerializer

2025-08-13 18:22:47,121 INFO  [org.apa.kaf.com.tel.int.KafkaMetricsCollector] (main) initializing Kafka metrics collector
2025-08-13 18:22:47,124 INFO  [org.apa.kaf.cli.pro.KafkaProducer] (main) [Producer clientId=Producer-topic-d9d0bc86_fd86_42fb_ba05_265d2e2da832] Instantiated an idempotent producer.
2025-08-13 18:22:47,126 INFO  [org.apa.kaf.cli.pro.ProducerConfig] (main) These configurations '[apicurio.registry.url, apicurio.registry.artifact-resolver-strategy]' were supplied but are not used yet.
2025-08-13 18:22:47,126 INFO  [org.apa.kaf.com.uti.AppInfoParser] (main) Kafka version: 3.9.1
2025-08-13 18:22:47,126 INFO  [org.apa.kaf.com.uti.AppInfoParser] (main) Kafka commitId: f745dfdcee2b9851
2025-08-13 18:22:47,126 INFO  [org.apa.kaf.com.uti.AppInfoParser] (main) Kafka startTimeMs: 1755109367126
2025-08-13 18:22:47,126 INFO  [io.api.tes.ser.api.KafkaSerdesTester] (Thread-676) Sending message {"key11755109360711": "value-0", "key21755109365905": "value-0"} to topic topic-d9d0bc86_fd86_42fb_ba05_265d2e2da832
2025-08-13 18:22:47,135 INFO  [org.apa.kaf.cli.Metadata] (kafka-producer-network-thread | Producer-topic-d9d0bc86_fd86_42fb_ba05_265d2e2da832) [Producer clientId=Producer-topic-d9d0bc86_fd86_42fb_ba05_265d2e2da832] Cluster ID: qvRm5C5FS3SD7xP4bjB8Pg
2025-08-13 18:22:47,135 INFO  [org.apa.kaf.cli.pro.int.TransactionManager] (kafka-producer-network-thread | Producer-topic-d9d0bc86_fd86_42fb_ba05_265d2e2da832) [Producer clientId=Producer-topic-d9d0bc86_fd86_42fb_ba05_265d2e2da832] ProducerId set to 13 with epoch 0
2025-08-13 18:22:47,135 INFO  [DefaultSchemaResolver] (Thread-676) Retrieving schema content using string: {"type":"record","name":"s56eb25f4x7422x4debx9cefx3175f8e94a46","namespace":"ns_7c97abe9_802b_4669_9c9b_626785e0d5d2","fields":[{"name":"key11755109360711","type":"string"},{"name":"key21755109365905","type":"string"}]}
2025-08-13 18:22:47,307 INFO  [io.api.tes.ser.api.KafkaSerdesTester] (Thread-676) Sending message {"key11755109360711": "value-1", "key21755109365905": "value-1"} to topic topic-d9d0bc86_fd86_42fb_ba05_265d2e2da832
2025-08-13 18:22:47,309 INFO  [io.api.tes.ser.api.KafkaSerdesTester] (Thread-676) Sending message {"key11755109360711": "value-2", "key21755109365905": "value-2"} to topic topic-d9d0bc86_fd86_42fb_ba05_265d2e2da832
2025-08-13 18:22:47,311 INFO  [io.api.tes.ser.api.KafkaSerdesTester] (Thread-676) Sending message {"key11755109360711": "value-3", "key21755109365905": "value-3"} to topic topic-d9d0bc86_fd86_42fb_ba05_265d2e2da832
2025-08-13 18:22:47,312 INFO  [io.api.tes.ser.api.KafkaSerdesTester] (Thread-676) Sending message {"key11755109360711": "value-4", "key21755109365905": "value-4"} to topic topic-d9d0bc86_fd86_42fb_ba05_265d2e2da832
2025-08-13 18:22:47,315 INFO  [io.api.tes.ser.api.KafkaSerdesTester] (Thread-676) Sending message {"key11755109360711": "value-5", "key21755109365905": "value-5"} to topic topic-d9d0bc86_fd86_42fb_ba05_265d2e2da832
2025-08-13 18:22:47,317 INFO  [io.api.tes.ser.api.KafkaSerdesTester] (Thread-676) Sending message {"key11755109360711": "value-6", "key21755109365905": "value-6"} to topic topic-d9d0bc86_fd86_42fb_ba05_265d2e2da832
2025-08-13 18:22:47,318 INFO  [io.api.tes.ser.api.KafkaSerdesTester] (Thread-676) Sending message {"key11755109360711": "value-7", "key21755109365905": "value-7"} to topic topic-d9d0bc86_fd86_42fb_ba05_265d2e2da832
2025-08-13 18:22:47,320 INFO  [io.api.tes.ser.api.KafkaSerdesTester] (Thread-676) Sending message {"key11755109360711": "value-8", "key21755109365905": "value-8"} to topic topic-d9d0bc86_fd86_42fb_ba05_265d2e2da832
2025-08-13 18:22:47,321 INFO  [io.api.tes.ser.api.KafkaSerdesTester] (Thread-676) Sending message {"key11755109360711": "value-9", "key21755109365905": "value-9"} to topic topic-d9d0bc86_fd86_42fb_ba05_265d2e2da832
2025-08-13 18:22:47,323 INFO  [io.api.tes.ser.api.KafkaSerdesTester] (Thread-676) Produced 10 messages
2025-08-13 18:22:47,323 INFO  [org.apa.kaf.cli.pro.KafkaProducer] (Thread-676) [Producer clientId=Producer-topic-d9d0bc86_fd86_42fb_ba05_265d2e2da832] Closing the Kafka producer with timeoutMillis = 9223372036854775807 ms.
2025-08-13 18:22:47,326 INFO  [org.apa.kaf.com.met.Metrics] (Thread-676) Metrics scheduler closed
2025-08-13 18:22:47,326 INFO  [org.apa.kaf.com.met.Metrics] (Thread-676) Closing reporter org.apache.kafka.common.metrics.JmxReporter
2025-08-13 18:22:47,326 INFO  [org.apa.kaf.com.met.Metrics] (Thread-676) Closing reporter org.apache.kafka.common.telemetry.internals.ClientTelemetryReporter
2025-08-13 18:22:47,326 INFO  [org.apa.kaf.com.met.Metrics] (Thread-676) Metrics reporters closed
2025-08-13 18:22:47,326 INFO  [org.apa.kaf.com.uti.AppInfoParser] (Thread-676) App info kafka.producer for Producer-topic-d9d0bc86_fd86_42fb_ba05_265d2e2da832 unregistered
**** Registry Base URL: http://registry-app-mysql.apps.ci419.apicurio-testing.org:80
2025-08-13 18:22:47,327 INFO  [org.apa.kaf.cli.pro.ProducerConfig] (main) ProducerConfig values: 
	acks = -1
	auto.include.jmx.reporter = true
	batch.size = 16384
	bootstrap.servers = [PLAINTEXT://localhost:32769]
	buffer.memory = 33554432
	client.dns.lookup = use_all_dns_ips
	client.id = Producer-topic-d9d0bc86_fd86_42fb_ba05_265d2e2da832
	compression.gzip.level = -1
	compression.lz4.level = 9
	compression.type = none
	compression.zstd.level = 3
	connections.max.idle.ms = 10000
	delivery.timeout.ms = 120000
	enable.idempotence = true
	enable.metrics.push = true
	interceptor.classes = []
	key.serializer = class org.apache.kafka.common.serialization.StringSerializer
	linger.ms = 0
	max.block.ms = 60000
	max.in.flight.requests.per.connection = 5
	max.request.size = 1048576
	metadata.max.age.ms = 300000
	metadata.max.idle.ms = 300000
	metadata.recovery.strategy = none
	metric.reporters = []
	metrics.num.samples = 2
	metrics.recording.level = INFO
	metrics.sample.window.ms = 30000
	partitioner.adaptive.partitioning.enable = true
	partitioner.availability.timeout.ms = 0
	partitioner.class = null
	partitioner.ignore.keys = false
	receive.buffer.bytes = 32768
	reconnect.backoff.max.ms = 1000
	reconnect.backoff.ms = 50
	request.timeout.ms = 5000
	retries = 2147483647
	retry.backoff.max.ms = 1000
	retry.backoff.ms = 100
	sasl.client.callback.handler.class = null
	sasl.jaas.config = null
	sasl.kerberos.kinit.cmd = /usr/bin/kinit
	sasl.kerberos.min.time.before.relogin = 60000
	sasl.kerberos.service.name = null
	sasl.kerberos.ticket.renew.jitter = 0.05
	sasl.kerberos.ticket.renew.window.factor = 0.8
	sasl.login.callback.handler.class = null
	sasl.login.class = null
	sasl.login.connect.timeout.ms = null
	sasl.login.read.timeout.ms = null
	sasl.login.refresh.buffer.seconds = 300
	sasl.login.refresh.min.period.seconds = 60
	sasl.login.refresh.window.factor = 0.8
	sasl.login.refresh.window.jitter = 0.05
	sasl.login.retry.backoff.max.ms = 10000
	sasl.login.retry.backoff.ms = 100
	sasl.mechanism = GSSAPI
	sasl.oauthbearer.clock.skew.seconds = 30
	sasl.oauthbearer.expected.audience = null
	sasl.oauthbearer.expected.issuer = null
	sasl.oauthbearer.header.urlencode = false
	sasl.oauthbearer.jwks.endpoint.refresh.ms = 3600000
	sasl.oauthbearer.jwks.endpoint.retry.backoff.max.ms = 10000
	sasl.oauthbearer.jwks.endpoint.retry.backoff.ms = 100
	sasl.oauthbearer.jwks.endpoint.url = null
	sasl.oauthbearer.scope.claim.name = scope
	sasl.oauthbearer.sub.claim.name = sub
	sasl.oauthbearer.token.endpoint.url = null
	security.protocol = PLAINTEXT
	security.providers = null
	send.buffer.bytes = 131072
	socket.connection.setup.timeout.max.ms = 30000
	socket.connection.setup.timeout.ms = 10000
	ssl.cipher.suites = null
	ssl.enabled.protocols = [TLSv1.2, TLSv1.3]
	ssl.endpoint.identification.algorithm = https
	ssl.engine.factory.class = null
	ssl.key.password = null
	ssl.keymanager.algorithm = SunX509
	ssl.keystore.certificate.chain = null
	ssl.keystore.key = null
	ssl.keystore.location = null
	ssl.keystore.password = null
	ssl.keystore.type = JKS
	ssl.protocol = TLSv1.3
	ssl.provider = null
	ssl.secure.random.implementation = null
	ssl.trustmanager.algorithm = PKIX
	ssl.truststore.certificates = null
	ssl.truststore.location = null
	ssl.truststore.password = null
	ssl.truststore.type = JKS
	transaction.timeout.ms = 60000
	transactional.id = null
	value.serializer = class io.apicurio.registry.serde.avro.AvroKafkaSerializer

2025-08-13 18:22:47,328 INFO  [org.apa.kaf.com.tel.int.KafkaMetricsCollector] (main) initializing Kafka metrics collector
2025-08-13 18:22:47,339 INFO  [org.apa.kaf.cli.pro.KafkaProducer] (main) [Producer clientId=Producer-topic-d9d0bc86_fd86_42fb_ba05_265d2e2da832] Instantiated an idempotent producer.
2025-08-13 18:22:47,341 INFO  [org.apa.kaf.cli.pro.ProducerConfig] (main) These configurations '[apicurio.registry.url, apicurio.registry.artifact-resolver-strategy]' were supplied but are not used yet.
2025-08-13 18:22:47,341 INFO  [org.apa.kaf.com.uti.AppInfoParser] (main) Kafka version: 3.9.1
2025-08-13 18:22:47,341 INFO  [org.apa.kaf.com.uti.AppInfoParser] (main) Kafka commitId: f745dfdcee2b9851
2025-08-13 18:22:47,341 INFO  [org.apa.kaf.com.uti.AppInfoParser] (main) Kafka startTimeMs: 1755109367341
2025-08-13 18:22:47,343 INFO  [io.api.tes.ser.api.KafkaSerdesTester] (Thread-679) Sending message {"key11755109360711": "value-0"} to topic topic-d9d0bc86_fd86_42fb_ba05_265d2e2da832
2025-08-13 18:22:47,346 INFO  [org.apa.kaf.cli.Metadata] (kafka-producer-network-thread | Producer-topic-d9d0bc86_fd86_42fb_ba05_265d2e2da832) [Producer clientId=Producer-topic-d9d0bc86_fd86_42fb_ba05_265d2e2da832] Cluster ID: qvRm5C5FS3SD7xP4bjB8Pg
2025-08-13 18:22:47,346 INFO  [DefaultSchemaResolver] (Thread-679) Retrieving schema content using string: {"type":"record","name":"s56eb25f4x7422x4debx9cefx3175f8e94a46","namespace":"ns_7c97abe9_802b_4669_9c9b_626785e0d5d2","fields":[{"name":"key11755109360711","type":"string"}]}
2025-08-13 18:22:47,348 INFO  [org.apa.kaf.cli.pro.int.TransactionManager] (kafka-producer-network-thread | Producer-topic-d9d0bc86_fd86_42fb_ba05_265d2e2da832) [Producer clientId=Producer-topic-d9d0bc86_fd86_42fb_ba05_265d2e2da832] ProducerId set to 14 with epoch 0
2025-08-13 18:22:47,517 INFO  [io.api.tes.ser.api.KafkaSerdesTester] (Thread-679) Sending message {"key11755109360711": "value-1"} to topic topic-d9d0bc86_fd86_42fb_ba05_265d2e2da832
2025-08-13 18:22:47,519 INFO  [io.api.tes.ser.api.KafkaSerdesTester] (Thread-679) Sending message {"key11755109360711": "value-2"} to topic topic-d9d0bc86_fd86_42fb_ba05_265d2e2da832
2025-08-13 18:22:47,520 INFO  [io.api.tes.ser.api.KafkaSerdesTester] (Thread-679) Sending message {"key11755109360711": "value-3"} to topic topic-d9d0bc86_fd86_42fb_ba05_265d2e2da832
2025-08-13 18:22:47,522 INFO  [io.api.tes.ser.api.KafkaSerdesTester] (Thread-679) Sending message {"key11755109360711": "value-4"} to topic topic-d9d0bc86_fd86_42fb_ba05_265d2e2da832
2025-08-13 18:22:47,524 INFO  [io.api.tes.ser.api.KafkaSerdesTester] (Thread-679) Sending message {"key11755109360711": "value-5"} to topic topic-d9d0bc86_fd86_42fb_ba05_265d2e2da832
2025-08-13 18:22:47,525 INFO  [io.api.tes.ser.api.KafkaSerdesTester] (Thread-679) Sending message {"key11755109360711": "value-6"} to topic topic-d9d0bc86_fd86_42fb_ba05_265d2e2da832
2025-08-13 18:22:47,527 INFO  [io.api.tes.ser.api.KafkaSerdesTester] (Thread-679) Sending message {"key11755109360711": "value-7"} to topic topic-d9d0bc86_fd86_42fb_ba05_265d2e2da832
2025-08-13 18:22:47,530 INFO  [io.api.tes.ser.api.KafkaSerdesTester] (Thread-679) Sending message {"key11755109360711": "value-8"} to topic topic-d9d0bc86_fd86_42fb_ba05_265d2e2da832
2025-08-13 18:22:47,532 INFO  [io.api.tes.ser.api.KafkaSerdesTester] (Thread-679) Sending message {"key11755109360711": "value-9"} to topic topic-d9d0bc86_fd86_42fb_ba05_265d2e2da832
2025-08-13 18:22:47,536 INFO  [io.api.tes.ser.api.KafkaSerdesTester] (Thread-679) Produced 10 messages
2025-08-13 18:22:47,537 INFO  [org.apa.kaf.cli.pro.KafkaProducer] (Thread-679) [Producer clientId=Producer-topic-d9d0bc86_fd86_42fb_ba05_265d2e2da832] Closing the Kafka producer with timeoutMillis = 9223372036854775807 ms.
2025-08-13 18:22:47,539 INFO  [org.apa.kaf.com.met.Metrics] (Thread-679) Metrics scheduler closed
2025-08-13 18:22:47,539 INFO  [org.apa.kaf.com.met.Metrics] (Thread-679) Closing reporter org.apache.kafka.common.metrics.JmxReporter
2025-08-13 18:22:47,539 INFO  [org.apa.kaf.com.met.Metrics] (Thread-679) Closing reporter org.apache.kafka.common.telemetry.internals.ClientTelemetryReporter
2025-08-13 18:22:47,539 INFO  [org.apa.kaf.com.met.Metrics] (Thread-679) Metrics reporters closed
2025-08-13 18:22:47,540 INFO  [org.apa.kaf.com.uti.AppInfoParser] (Thread-679) App info kafka.producer for Producer-topic-d9d0bc86_fd86_42fb_ba05_265d2e2da832 unregistered
**** Registry Base URL: http://registry-app-mysql.apps.ci419.apicurio-testing.org:80
2025-08-13 18:22:47,540 INFO  [org.apa.kaf.cli.con.ConsumerConfig] (main) ConsumerConfig values: 
	allow.auto.create.topics = true
	auto.commit.interval.ms = 500
	auto.include.jmx.reporter = true
	auto.offset.reset = earliest
	bootstrap.servers = [PLAINTEXT://localhost:32769]
	check.crcs = true
	client.dns.lookup = use_all_dns_ips
	client.id = consumer-Consumer-topic-d9d0bc86_fd86_42fb_ba05_265d2e2da832-11
	client.rack = 
	connections.max.idle.ms = 10000
	default.api.timeout.ms = 60000
	enable.auto.commit = true
	enable.metrics.push = true
	exclude.internal.topics = true
	fetch.max.bytes = 52428800
	fetch.max.wait.ms = 500
	fetch.min.bytes = 1
	group.id = Consumer-topic-d9d0bc86_fd86_42fb_ba05_265d2e2da832
	group.instance.id = null
	group.protocol = classic
	group.remote.assignor = null
	heartbeat.interval.ms = 3000
	interceptor.classes = []
	internal.leave.group.on.close = true
	internal.throw.on.fetch.stable.offset.unsupported = false
	isolation.level = read_uncommitted
	key.deserializer = class org.apache.kafka.common.serialization.StringDeserializer
	max.partition.fetch.bytes = 1048576
	max.poll.interval.ms = 300000
	max.poll.records = 500
	metadata.max.age.ms = 300000
	metadata.recovery.strategy = none
	metric.reporters = []
	metrics.num.samples = 2
	metrics.recording.level = INFO
	metrics.sample.window.ms = 30000
	partition.assignment.strategy = [class org.apache.kafka.clients.consumer.RangeAssignor, class org.apache.kafka.clients.consumer.CooperativeStickyAssignor]
	receive.buffer.bytes = 65536
	reconnect.backoff.max.ms = 1000
	reconnect.backoff.ms = 50
	request.timeout.ms = 5000
	retry.backoff.max.ms = 1000
	retry.backoff.ms = 100
	sasl.client.callback.handler.class = null
	sasl.jaas.config = null
	sasl.kerberos.kinit.cmd = /usr/bin/kinit
	sasl.kerberos.min.time.before.relogin = 60000
	sasl.kerberos.service.name = null
	sasl.kerberos.ticket.renew.jitter = 0.05
	sasl.kerberos.ticket.renew.window.factor = 0.8
	sasl.login.callback.handler.class = null
	sasl.login.class = null
	sasl.login.connect.timeout.ms = null
	sasl.login.read.timeout.ms = null
	sasl.login.refresh.buffer.seconds = 300
	sasl.login.refresh.min.period.seconds = 60
	sasl.login.refresh.window.factor = 0.8
	sasl.login.refresh.window.jitter = 0.05
	sasl.login.retry.backoff.max.ms = 10000
	sasl.login.retry.backoff.ms = 100
	sasl.mechanism = GSSAPI
	sasl.oauthbearer.clock.skew.seconds = 30
	sasl.oauthbearer.expected.audience = null
	sasl.oauthbearer.expected.issuer = null
	sasl.oauthbearer.header.urlencode = false
	sasl.oauthbearer.jwks.endpoint.refresh.ms = 3600000
	sasl.oauthbearer.jwks.endpoint.retry.backoff.max.ms = 10000
	sasl.oauthbearer.jwks.endpoint.retry.backoff.ms = 100
	sasl.oauthbearer.jwks.endpoint.url = null
	sasl.oauthbearer.scope.claim.name = scope
	sasl.oauthbearer.sub.claim.name = sub
	sasl.oauthbearer.token.endpoint.url = null
	security.protocol = PLAINTEXT
	security.providers = null
	send.buffer.bytes = 131072
	session.timeout.ms = 45000
	socket.connection.setup.timeout.max.ms = 30000
	socket.connection.setup.timeout.ms = 10000
	ssl.cipher.suites = null
	ssl.enabled.protocols = [TLSv1.2, TLSv1.3]
	ssl.endpoint.identification.algorithm = https
	ssl.engine.factory.class = null
	ssl.key.password = null
	ssl.keymanager.algorithm = SunX509
	ssl.keystore.certificate.chain = null
	ssl.keystore.key = null
	ssl.keystore.location = null
	ssl.keystore.password = null
	ssl.keystore.type = JKS
	ssl.protocol = TLSv1.3
	ssl.provider = null
	ssl.secure.random.implementation = null
	ssl.trustmanager.algorithm = PKIX
	ssl.truststore.certificates = null
	ssl.truststore.location = null
	ssl.truststore.password = null
	ssl.truststore.type = JKS
	value.deserializer = class io.apicurio.registry.serde.avro.AvroKafkaDeserializer

2025-08-13 18:22:47,540 INFO  [org.apa.kaf.com.tel.int.KafkaMetricsCollector] (main) initializing Kafka metrics collector
2025-08-13 18:22:47,548 INFO  [org.apa.kaf.cli.con.ConsumerConfig] (main) These configurations '[apicurio.registry.url]' were supplied but are not used yet.
2025-08-13 18:22:47,548 INFO  [org.apa.kaf.com.uti.AppInfoParser] (main) Kafka version: 3.9.1
2025-08-13 18:22:47,548 INFO  [org.apa.kaf.com.uti.AppInfoParser] (main) Kafka commitId: f745dfdcee2b9851
2025-08-13 18:22:47,548 INFO  [org.apa.kaf.com.uti.AppInfoParser] (main) Kafka startTimeMs: 1755109367548
2025-08-13 18:22:47,549 INFO  [org.apa.kaf.cli.con.int.ClassicKafkaConsumer] (Thread-682) [Consumer clientId=consumer-Consumer-topic-d9d0bc86_fd86_42fb_ba05_265d2e2da832-11, groupId=Consumer-topic-d9d0bc86_fd86_42fb_ba05_265d2e2da832] Subscribed to topic(s): topic-d9d0bc86_fd86_42fb_ba05_265d2e2da832
2025-08-13 18:22:47,555 INFO  [org.apa.kaf.cli.Metadata] (Thread-682) [Consumer clientId=consumer-Consumer-topic-d9d0bc86_fd86_42fb_ba05_265d2e2da832-11, groupId=Consumer-topic-d9d0bc86_fd86_42fb_ba05_265d2e2da832] Cluster ID: qvRm5C5FS3SD7xP4bjB8Pg
2025-08-13 18:22:47,555 INFO  [org.apa.kaf.cli.con.int.ConsumerCoordinator] (Thread-682) [Consumer clientId=consumer-Consumer-topic-d9d0bc86_fd86_42fb_ba05_265d2e2da832-11, groupId=Consumer-topic-d9d0bc86_fd86_42fb_ba05_265d2e2da832] Discovered group coordinator localhost:32769 (id: 2147483647 rack: null)
2025-08-13 18:22:47,558 INFO  [org.apa.kaf.cli.con.int.ConsumerCoordinator] (Thread-682) [Consumer clientId=consumer-Consumer-topic-d9d0bc86_fd86_42fb_ba05_265d2e2da832-11, groupId=Consumer-topic-d9d0bc86_fd86_42fb_ba05_265d2e2da832] (Re-)joining group
2025-08-13 18:22:47,560 INFO  [org.apa.kaf.cli.con.int.ConsumerCoordinator] (Thread-682) [Consumer clientId=consumer-Consumer-topic-d9d0bc86_fd86_42fb_ba05_265d2e2da832-11, groupId=Consumer-topic-d9d0bc86_fd86_42fb_ba05_265d2e2da832] Request joining group due to: need to re-join with the given member-id: consumer-Consumer-topic-d9d0bc86_fd86_42fb_ba05_265d2e2da832-11-f2a86b7d-2949-4808-a0c0-d35f63332632
2025-08-13 18:22:47,560 INFO  [org.apa.kaf.cli.con.int.ConsumerCoordinator] (Thread-682) [Consumer clientId=consumer-Consumer-topic-d9d0bc86_fd86_42fb_ba05_265d2e2da832-11, groupId=Consumer-topic-d9d0bc86_fd86_42fb_ba05_265d2e2da832] (Re-)joining group
2025-08-13 18:22:48,549 INFO  [io.api.tes.ser.api.KafkaSerdesTester] (Thread-682) None found
2025-08-13 18:22:49,549 INFO  [io.api.tes.ser.api.KafkaSerdesTester] (Thread-682) None found
2025-08-13 18:22:50,549 INFO  [io.api.tes.ser.api.KafkaSerdesTester] (Thread-682) None found
2025-08-13 18:22:50,562 INFO  [org.apa.kaf.cli.con.int.ConsumerCoordinator] (Thread-682) [Consumer clientId=consumer-Consumer-topic-d9d0bc86_fd86_42fb_ba05_265d2e2da832-11, groupId=Consumer-topic-d9d0bc86_fd86_42fb_ba05_265d2e2da832] Successfully joined group with generation Generation{generationId=3, memberId='consumer-Consumer-topic-d9d0bc86_fd86_42fb_ba05_265d2e2da832-11-f2a86b7d-2949-4808-a0c0-d35f63332632', protocol='range'}
2025-08-13 18:22:50,563 INFO  [org.apa.kaf.cli.con.int.ConsumerCoordinator] (Thread-682) [Consumer clientId=consumer-Consumer-topic-d9d0bc86_fd86_42fb_ba05_265d2e2da832-11, groupId=Consumer-topic-d9d0bc86_fd86_42fb_ba05_265d2e2da832] Finished assignment for group at generation 3: {consumer-Consumer-topic-d9d0bc86_fd86_42fb_ba05_265d2e2da832-11-f2a86b7d-2949-4808-a0c0-d35f63332632=Assignment(partitions=[topic-d9d0bc86_fd86_42fb_ba05_265d2e2da832-0])}
2025-08-13 18:22:50,570 INFO  [org.apa.kaf.cli.con.int.ConsumerCoordinator] (Thread-682) [Consumer clientId=consumer-Consumer-topic-d9d0bc86_fd86_42fb_ba05_265d2e2da832-11, groupId=Consumer-topic-d9d0bc86_fd86_42fb_ba05_265d2e2da832] Successfully synced group in generation Generation{generationId=3, memberId='consumer-Consumer-topic-d9d0bc86_fd86_42fb_ba05_265d2e2da832-11-f2a86b7d-2949-4808-a0c0-d35f63332632', protocol='range'}
2025-08-13 18:22:50,570 INFO  [org.apa.kaf.cli.con.int.ConsumerCoordinator] (Thread-682) [Consumer clientId=consumer-Consumer-topic-d9d0bc86_fd86_42fb_ba05_265d2e2da832-11, groupId=Consumer-topic-d9d0bc86_fd86_42fb_ba05_265d2e2da832] Notifying assignor about the new Assignment(partitions=[topic-d9d0bc86_fd86_42fb_ba05_265d2e2da832-0])
2025-08-13 18:22:50,570 INFO  [org.apa.kaf.cli.con.int.ConsumerRebalanceListenerInvoker] (Thread-682) [Consumer clientId=consumer-Consumer-topic-d9d0bc86_fd86_42fb_ba05_265d2e2da832-11, groupId=Consumer-topic-d9d0bc86_fd86_42fb_ba05_265d2e2da832] Adding newly assigned partitions: topic-d9d0bc86_fd86_42fb_ba05_265d2e2da832-0
2025-08-13 18:22:50,572 INFO  [org.apa.kaf.cli.con.int.ConsumerUtils] (Thread-682) Setting offset for partition topic-d9d0bc86_fd86_42fb_ba05_265d2e2da832-0 to the committed offset FetchPosition{offset=10, offsetEpoch=Optional[0], currentLeader=LeaderAndEpoch{leader=Optional[localhost:32769 (id: 0 rack: null)], epoch=0}}
2025-08-13 18:22:50,989 INFO  [io.api.tes.ser.api.KafkaSerdesTester] (Thread-682) topic-d9d0bc86_fd86_42fb_ba05_265d2e2da832 0 10 {"key11755109360711": "value-0", "key21755109365905": "value-0"}
2025-08-13 18:22:50,989 INFO  [io.api.tes.ser.api.KafkaSerdesTester] (Thread-682) topic-d9d0bc86_fd86_42fb_ba05_265d2e2da832 0 11 {"key11755109360711": "value-1", "key21755109365905": "value-1"}
2025-08-13 18:22:50,989 INFO  [io.api.tes.ser.api.KafkaSerdesTester] (Thread-682) topic-d9d0bc86_fd86_42fb_ba05_265d2e2da832 0 12 {"key11755109360711": "value-2", "key21755109365905": "value-2"}
2025-08-13 18:22:50,989 INFO  [io.api.tes.ser.api.KafkaSerdesTester] (Thread-682) topic-d9d0bc86_fd86_42fb_ba05_265d2e2da832 0 13 {"key11755109360711": "value-3", "key21755109365905": "value-3"}
2025-08-13 18:22:50,989 INFO  [io.api.tes.ser.api.KafkaSerdesTester] (Thread-682) topic-d9d0bc86_fd86_42fb_ba05_265d2e2da832 0 14 {"key11755109360711": "value-4", "key21755109365905": "value-4"}
2025-08-13 18:22:50,989 INFO  [io.api.tes.ser.api.KafkaSerdesTester] (Thread-682) topic-d9d0bc86_fd86_42fb_ba05_265d2e2da832 0 15 {"key11755109360711": "value-5", "key21755109365905": "value-5"}
2025-08-13 18:22:50,989 INFO  [io.api.tes.ser.api.KafkaSerdesTester] (Thread-682) topic-d9d0bc86_fd86_42fb_ba05_265d2e2da832 0 16 {"key11755109360711": "value-6", "key21755109365905": "value-6"}
2025-08-13 18:22:50,989 INFO  [io.api.tes.ser.api.KafkaSerdesTester] (Thread-682) topic-d9d0bc86_fd86_42fb_ba05_265d2e2da832 0 17 {"key11755109360711": "value-7", "key21755109365905": "value-7"}
2025-08-13 18:22:50,989 INFO  [io.api.tes.ser.api.KafkaSerdesTester] (Thread-682) topic-d9d0bc86_fd86_42fb_ba05_265d2e2da832 0 18 {"key11755109360711": "value-8", "key21755109365905": "value-8"}
2025-08-13 18:22:50,989 INFO  [io.api.tes.ser.api.KafkaSerdesTester] (Thread-682) topic-d9d0bc86_fd86_42fb_ba05_265d2e2da832 0 19 {"key11755109360711": "value-9", "key21755109365905": "value-9"}
2025-08-13 18:22:50,989 INFO  [io.api.tes.ser.api.KafkaSerdesTester] (Thread-682) topic-d9d0bc86_fd86_42fb_ba05_265d2e2da832 0 20 {"key11755109360711": "value-0"}
2025-08-13 18:22:50,989 INFO  [io.api.tes.ser.api.KafkaSerdesTester] (Thread-682) topic-d9d0bc86_fd86_42fb_ba05_265d2e2da832 0 21 {"key11755109360711": "value-1"}
2025-08-13 18:22:50,989 INFO  [io.api.tes.ser.api.KafkaSerdesTester] (Thread-682) topic-d9d0bc86_fd86_42fb_ba05_265d2e2da832 0 22 {"key11755109360711": "value-2"}
2025-08-13 18:22:50,989 INFO  [io.api.tes.ser.api.KafkaSerdesTester] (Thread-682) topic-d9d0bc86_fd86_42fb_ba05_265d2e2da832 0 23 {"key11755109360711": "value-3"}
2025-08-13 18:22:50,989 INFO  [io.api.tes.ser.api.KafkaSerdesTester] (Thread-682) topic-d9d0bc86_fd86_42fb_ba05_265d2e2da832 0 24 {"key11755109360711": "value-4"}
2025-08-13 18:22:50,989 INFO  [io.api.tes.ser.api.KafkaSerdesTester] (Thread-682) topic-d9d0bc86_fd86_42fb_ba05_265d2e2da832 0 25 {"key11755109360711": "value-5"}
2025-08-13 18:22:50,989 INFO  [io.api.tes.ser.api.KafkaSerdesTester] (Thread-682) topic-d9d0bc86_fd86_42fb_ba05_265d2e2da832 0 26 {"key11755109360711": "value-6"}
2025-08-13 18:22:50,989 INFO  [io.api.tes.ser.api.KafkaSerdesTester] (Thread-682) topic-d9d0bc86_fd86_42fb_ba05_265d2e2da832 0 27 {"key11755109360711": "value-7"}
2025-08-13 18:22:50,989 INFO  [io.api.tes.ser.api.KafkaSerdesTester] (Thread-682) topic-d9d0bc86_fd86_42fb_ba05_265d2e2da832 0 28 {"key11755109360711": "value-8"}
2025-08-13 18:22:50,989 INFO  [io.api.tes.ser.api.KafkaSerdesTester] (Thread-682) topic-d9d0bc86_fd86_42fb_ba05_265d2e2da832 0 29 {"key11755109360711": "value-9"}
2025-08-13 18:22:50,989 INFO  [io.api.tes.ser.api.KafkaSerdesTester] (Thread-682) Consumed 20 messages
2025-08-13 18:22:50,997 INFO  [org.apa.kaf.cli.con.int.ConsumerRebalanceListenerInvoker] (Thread-682) [Consumer clientId=consumer-Consumer-topic-d9d0bc86_fd86_42fb_ba05_265d2e2da832-11, groupId=Consumer-topic-d9d0bc86_fd86_42fb_ba05_265d2e2da832] Revoke previously assigned partitions topic-d9d0bc86_fd86_42fb_ba05_265d2e2da832-0
2025-08-13 18:22:50,997 INFO  [org.apa.kaf.cli.con.int.ConsumerCoordinator] (Thread-682) [Consumer clientId=consumer-Consumer-topic-d9d0bc86_fd86_42fb_ba05_265d2e2da832-11, groupId=Consumer-topic-d9d0bc86_fd86_42fb_ba05_265d2e2da832] Member consumer-Consumer-topic-d9d0bc86_fd86_42fb_ba05_265d2e2da832-11-f2a86b7d-2949-4808-a0c0-d35f63332632 sending LeaveGroup request to coordinator localhost:32769 (id: 2147483647 rack: null) due to the consumer is being closed
2025-08-13 18:22:50,997 INFO  [org.apa.kaf.cli.con.int.ConsumerCoordinator] (Thread-682) [Consumer clientId=consumer-Consumer-topic-d9d0bc86_fd86_42fb_ba05_265d2e2da832-11, groupId=Consumer-topic-d9d0bc86_fd86_42fb_ba05_265d2e2da832] Resetting generation and member id due to: consumer pro-actively leaving the group
2025-08-13 18:22:50,997 INFO  [org.apa.kaf.cli.con.int.ConsumerCoordinator] (Thread-682) [Consumer clientId=consumer-Consumer-topic-d9d0bc86_fd86_42fb_ba05_265d2e2da832-11, groupId=Consumer-topic-d9d0bc86_fd86_42fb_ba05_265d2e2da832] Request joining group due to: consumer pro-actively leaving the group
2025-08-13 18:22:51,493 INFO  [org.apa.kaf.com.met.Metrics] (Thread-682) Metrics scheduler closed
2025-08-13 18:22:51,493 INFO  [org.apa.kaf.com.met.Metrics] (Thread-682) Closing reporter org.apache.kafka.common.metrics.JmxReporter
2025-08-13 18:22:51,493 INFO  [org.apa.kaf.com.met.Metrics] (Thread-682) Closing reporter org.apache.kafka.common.telemetry.internals.ClientTelemetryReporter
2025-08-13 18:22:51,493 INFO  [org.apa.kaf.com.met.Metrics] (Thread-682) Metrics reporters closed
2025-08-13 18:22:51,495 INFO  [org.apa.kaf.com.uti.AppInfoParser] (Thread-682) App info kafka.consumer for consumer-Consumer-topic-d9d0bc86_fd86_42fb_ba05_265d2e2da832-11 unregistered
2025-08-13 18:22:51,497 INFO  [io.api.tes.ser.api.AvroSerdeIT] (main) Registering Avro Schema 3: {"type":"record","name":"s56eb25f4x7422x4debx9cefx3175f8e94a46","namespace":"ns_7c97abe9_802b_4669_9c9b_626785e0d5d2","fields":[{"name":"key11755109360711","type":"string"},{"name":"key21755109365905","type":"string"},{"name":"key31755109371496","type":"string"}]}
**** Registry Base URL: http://registry-app-mysql.apps.ci419.apicurio-testing.org:80
2025-08-13 18:22:52,710 INFO  [org.apa.kaf.cli.pro.ProducerConfig] (main) ProducerConfig values: 
	acks = -1
	auto.include.jmx.reporter = true
	batch.size = 16384
	bootstrap.servers = [PLAINTEXT://localhost:32769]
	buffer.memory = 33554432
	client.dns.lookup = use_all_dns_ips
	client.id = Producer-topic-d9d0bc86_fd86_42fb_ba05_265d2e2da832
	compression.gzip.level = -1
	compression.lz4.level = 9
	compression.type = none
	compression.zstd.level = 3
	connections.max.idle.ms = 10000
	delivery.timeout.ms = 120000
	enable.idempotence = true
	enable.metrics.push = true
	interceptor.classes = []
	key.serializer = class org.apache.kafka.common.serialization.StringSerializer
	linger.ms = 0
	max.block.ms = 60000
	max.in.flight.requests.per.connection = 5
	max.request.size = 1048576
	metadata.max.age.ms = 300000
	metadata.max.idle.ms = 300000
	metadata.recovery.strategy = none
	metric.reporters = []
	metrics.num.samples = 2
	metrics.recording.level = INFO
	metrics.sample.window.ms = 30000
	partitioner.adaptive.partitioning.enable = true
	partitioner.availability.timeout.ms = 0
	partitioner.class = null
	partitioner.ignore.keys = false
	receive.buffer.bytes = 32768
	reconnect.backoff.max.ms = 1000
	reconnect.backoff.ms = 50
	request.timeout.ms = 5000
	retries = 2147483647
	retry.backoff.max.ms = 1000
	retry.backoff.ms = 100
	sasl.client.callback.handler.class = null
	sasl.jaas.config = null
	sasl.kerberos.kinit.cmd = /usr/bin/kinit
	sasl.kerberos.min.time.before.relogin = 60000
	sasl.kerberos.service.name = null
	sasl.kerberos.ticket.renew.jitter = 0.05
	sasl.kerberos.ticket.renew.window.factor = 0.8
	sasl.login.callback.handler.class = null
	sasl.login.class = null
	sasl.login.connect.timeout.ms = null
	sasl.login.read.timeout.ms = null
	sasl.login.refresh.buffer.seconds = 300
	sasl.login.refresh.min.period.seconds = 60
	sasl.login.refresh.window.factor = 0.8
	sasl.login.refresh.window.jitter = 0.05
	sasl.login.retry.backoff.max.ms = 10000
	sasl.login.retry.backoff.ms = 100
	sasl.mechanism = GSSAPI
	sasl.oauthbearer.clock.skew.seconds = 30
	sasl.oauthbearer.expected.audience = null
	sasl.oauthbearer.expected.issuer = null
	sasl.oauthbearer.header.urlencode = false
	sasl.oauthbearer.jwks.endpoint.refresh.ms = 3600000
	sasl.oauthbearer.jwks.endpoint.retry.backoff.max.ms = 10000
	sasl.oauthbearer.jwks.endpoint.retry.backoff.ms = 100
	sasl.oauthbearer.jwks.endpoint.url = null
	sasl.oauthbearer.scope.claim.name = scope
	sasl.oauthbearer.sub.claim.name = sub
	sasl.oauthbearer.token.endpoint.url = null
	security.protocol = PLAINTEXT
	security.providers = null
	send.buffer.bytes = 131072
	socket.connection.setup.timeout.max.ms = 30000
	socket.connection.setup.timeout.ms = 10000
	ssl.cipher.suites = null
	ssl.enabled.protocols = [TLSv1.2, TLSv1.3]
	ssl.endpoint.identification.algorithm = https
	ssl.engine.factory.class = null
	ssl.key.password = null
	ssl.keymanager.algorithm = SunX509
	ssl.keystore.certificate.chain = null
	ssl.keystore.key = null
	ssl.keystore.location = null
	ssl.keystore.password = null
	ssl.keystore.type = JKS
	ssl.protocol = TLSv1.3
	ssl.provider = null
	ssl.secure.random.implementation = null
	ssl.trustmanager.algorithm = PKIX
	ssl.truststore.certificates = null
	ssl.truststore.location = null
	ssl.truststore.password = null
	ssl.truststore.type = JKS
	transaction.timeout.ms = 60000
	transactional.id = null
	value.serializer = class io.apicurio.registry.serde.avro.AvroKafkaSerializer

2025-08-13 18:22:52,710 INFO  [org.apa.kaf.com.tel.int.KafkaMetricsCollector] (main) initializing Kafka metrics collector
2025-08-13 18:22:52,714 INFO  [org.apa.kaf.cli.pro.KafkaProducer] (main) [Producer clientId=Producer-topic-d9d0bc86_fd86_42fb_ba05_265d2e2da832] Instantiated an idempotent producer.
2025-08-13 18:22:52,716 INFO  [org.apa.kaf.cli.pro.ProducerConfig] (main) These configurations '[apicurio.registry.url, apicurio.registry.artifact-resolver-strategy]' were supplied but are not used yet.
2025-08-13 18:22:52,716 INFO  [org.apa.kaf.com.uti.AppInfoParser] (main) Kafka version: 3.9.1
2025-08-13 18:22:52,716 INFO  [org.apa.kaf.com.uti.AppInfoParser] (main) Kafka commitId: f745dfdcee2b9851
2025-08-13 18:22:52,716 INFO  [org.apa.kaf.com.uti.AppInfoParser] (main) Kafka startTimeMs: 1755109372716
2025-08-13 18:22:52,716 INFO  [io.api.tes.ser.api.KafkaSerdesTester] (Thread-685) Sending message {"key11755109360711": "value-0", "key21755109365905": "value-0", "key31755109371496": "value-0"} to topic topic-d9d0bc86_fd86_42fb_ba05_265d2e2da832
2025-08-13 18:22:52,720 INFO  [org.apa.kaf.cli.Metadata] (kafka-producer-network-thread | Producer-topic-d9d0bc86_fd86_42fb_ba05_265d2e2da832) [Producer clientId=Producer-topic-d9d0bc86_fd86_42fb_ba05_265d2e2da832] Cluster ID: qvRm5C5FS3SD7xP4bjB8Pg
2025-08-13 18:22:52,720 INFO  [org.apa.kaf.cli.pro.int.TransactionManager] (kafka-producer-network-thread | Producer-topic-d9d0bc86_fd86_42fb_ba05_265d2e2da832) [Producer clientId=Producer-topic-d9d0bc86_fd86_42fb_ba05_265d2e2da832] ProducerId set to 15 with epoch 0
2025-08-13 18:22:52,720 INFO  [DefaultSchemaResolver] (Thread-685) Retrieving schema content using string: {"type":"record","name":"s56eb25f4x7422x4debx9cefx3175f8e94a46","namespace":"ns_7c97abe9_802b_4669_9c9b_626785e0d5d2","fields":[{"name":"key11755109360711","type":"string"},{"name":"key21755109365905","type":"string"},{"name":"key31755109371496","type":"string"}]}
2025-08-13 18:22:52,879 INFO  [io.api.tes.ser.api.KafkaSerdesTester] (Thread-685) Sending message {"key11755109360711": "value-1", "key21755109365905": "value-1", "key31755109371496": "value-1"} to topic topic-d9d0bc86_fd86_42fb_ba05_265d2e2da832
2025-08-13 18:22:52,880 INFO  [io.api.tes.ser.api.KafkaSerdesTester] (Thread-685) Sending message {"key11755109360711": "value-2", "key21755109365905": "value-2", "key31755109371496": "value-2"} to topic topic-d9d0bc86_fd86_42fb_ba05_265d2e2da832
2025-08-13 18:22:52,882 INFO  [io.api.tes.ser.api.KafkaSerdesTester] (Thread-685) Sending message {"key11755109360711": "value-3", "key21755109365905": "value-3", "key31755109371496": "value-3"} to topic topic-d9d0bc86_fd86_42fb_ba05_265d2e2da832
2025-08-13 18:22:52,885 INFO  [io.api.tes.ser.api.KafkaSerdesTester] (Thread-685) Sending message {"key11755109360711": "value-4", "key21755109365905": "value-4", "key31755109371496": "value-4"} to topic topic-d9d0bc86_fd86_42fb_ba05_265d2e2da832
2025-08-13 18:22:52,887 INFO  [io.api.tes.ser.api.KafkaSerdesTester] (Thread-685) Sending message {"key11755109360711": "value-5", "key21755109365905": "value-5", "key31755109371496": "value-5"} to topic topic-d9d0bc86_fd86_42fb_ba05_265d2e2da832
2025-08-13 18:22:52,890 INFO  [io.api.tes.ser.api.KafkaSerdesTester] (Thread-685) Sending message {"key11755109360711": "value-6", "key21755109365905": "value-6", "key31755109371496": "value-6"} to topic topic-d9d0bc86_fd86_42fb_ba05_265d2e2da832
2025-08-13 18:22:52,892 INFO  [io.api.tes.ser.api.KafkaSerdesTester] (Thread-685) Sending message {"key11755109360711": "value-7", "key21755109365905": "value-7", "key31755109371496": "value-7"} to topic topic-d9d0bc86_fd86_42fb_ba05_265d2e2da832
2025-08-13 18:22:52,894 INFO  [io.api.tes.ser.api.KafkaSerdesTester] (Thread-685) Sending message {"key11755109360711": "value-8", "key21755109365905": "value-8", "key31755109371496": "value-8"} to topic topic-d9d0bc86_fd86_42fb_ba05_265d2e2da832
2025-08-13 18:22:52,899 INFO  [io.api.tes.ser.api.KafkaSerdesTester] (Thread-685) Sending message {"key11755109360711": "value-9", "key21755109365905": "value-9", "key31755109371496": "value-9"} to topic topic-d9d0bc86_fd86_42fb_ba05_265d2e2da832
2025-08-13 18:22:52,900 INFO  [io.api.tes.ser.api.KafkaSerdesTester] (Thread-685) Produced 10 messages
2025-08-13 18:22:52,900 INFO  [org.apa.kaf.cli.pro.KafkaProducer] (Thread-685) [Producer clientId=Producer-topic-d9d0bc86_fd86_42fb_ba05_265d2e2da832] Closing the Kafka producer with timeoutMillis = 9223372036854775807 ms.
2025-08-13 18:22:52,902 INFO  [org.apa.kaf.com.met.Metrics] (Thread-685) Metrics scheduler closed
2025-08-13 18:22:52,902 INFO  [org.apa.kaf.com.met.Metrics] (Thread-685) Closing reporter org.apache.kafka.common.metrics.JmxReporter
2025-08-13 18:22:52,902 INFO  [org.apa.kaf.com.met.Metrics] (Thread-685) Closing reporter org.apache.kafka.common.telemetry.internals.ClientTelemetryReporter
2025-08-13 18:22:52,902 INFO  [org.apa.kaf.com.met.Metrics] (Thread-685) Metrics reporters closed
2025-08-13 18:22:52,903 INFO  [org.apa.kaf.com.uti.AppInfoParser] (Thread-685) App info kafka.producer for Producer-topic-d9d0bc86_fd86_42fb_ba05_265d2e2da832 unregistered
**** Registry Base URL: http://registry-app-mysql.apps.ci419.apicurio-testing.org:80
2025-08-13 18:22:52,904 INFO  [org.apa.kaf.cli.pro.ProducerConfig] (main) ProducerConfig values: 
	acks = -1
	auto.include.jmx.reporter = true
	batch.size = 16384
	bootstrap.servers = [PLAINTEXT://localhost:32769]
	buffer.memory = 33554432
	client.dns.lookup = use_all_dns_ips
	client.id = Producer-topic-d9d0bc86_fd86_42fb_ba05_265d2e2da832
	compression.gzip.level = -1
	compression.lz4.level = 9
	compression.type = none
	compression.zstd.level = 3
	connections.max.idle.ms = 10000
	delivery.timeout.ms = 120000
	enable.idempotence = true
	enable.metrics.push = true
	interceptor.classes = []
	key.serializer = class org.apache.kafka.common.serialization.StringSerializer
	linger.ms = 0
	max.block.ms = 60000
	max.in.flight.requests.per.connection = 5
	max.request.size = 1048576
	metadata.max.age.ms = 300000
	metadata.max.idle.ms = 300000
	metadata.recovery.strategy = none
	metric.reporters = []
	metrics.num.samples = 2
	metrics.recording.level = INFO
	metrics.sample.window.ms = 30000
	partitioner.adaptive.partitioning.enable = true
	partitioner.availability.timeout.ms = 0
	partitioner.class = null
	partitioner.ignore.keys = false
	receive.buffer.bytes = 32768
	reconnect.backoff.max.ms = 1000
	reconnect.backoff.ms = 50
	request.timeout.ms = 5000
	retries = 2147483647
	retry.backoff.max.ms = 1000
	retry.backoff.ms = 100
	sasl.client.callback.handler.class = null
	sasl.jaas.config = null
	sasl.kerberos.kinit.cmd = /usr/bin/kinit
	sasl.kerberos.min.time.before.relogin = 60000
	sasl.kerberos.service.name = null
	sasl.kerberos.ticket.renew.jitter = 0.05
	sasl.kerberos.ticket.renew.window.factor = 0.8
	sasl.login.callback.handler.class = null
	sasl.login.class = null
	sasl.login.connect.timeout.ms = null
	sasl.login.read.timeout.ms = null
	sasl.login.refresh.buffer.seconds = 300
	sasl.login.refresh.min.period.seconds = 60
	sasl.login.refresh.window.factor = 0.8
	sasl.login.refresh.window.jitter = 0.05
	sasl.login.retry.backoff.max.ms = 10000
	sasl.login.retry.backoff.ms = 100
	sasl.mechanism = GSSAPI
	sasl.oauthbearer.clock.skew.seconds = 30
	sasl.oauthbearer.expected.audience = null
	sasl.oauthbearer.expected.issuer = null
	sasl.oauthbearer.header.urlencode = false
	sasl.oauthbearer.jwks.endpoint.refresh.ms = 3600000
	sasl.oauthbearer.jwks.endpoint.retry.backoff.max.ms = 10000
	sasl.oauthbearer.jwks.endpoint.retry.backoff.ms = 100
	sasl.oauthbearer.jwks.endpoint.url = null
	sasl.oauthbearer.scope.claim.name = scope
	sasl.oauthbearer.sub.claim.name = sub
	sasl.oauthbearer.token.endpoint.url = null
	security.protocol = PLAINTEXT
	security.providers = null
	send.buffer.bytes = 131072
	socket.connection.setup.timeout.max.ms = 30000
	socket.connection.setup.timeout.ms = 10000
	ssl.cipher.suites = null
	ssl.enabled.protocols = [TLSv1.2, TLSv1.3]
	ssl.endpoint.identification.algorithm = https
	ssl.engine.factory.class = null
	ssl.key.password = null
	ssl.keymanager.algorithm = SunX509
	ssl.keystore.certificate.chain = null
	ssl.keystore.key = null
	ssl.keystore.location = null
	ssl.keystore.password = null
	ssl.keystore.type = JKS
	ssl.protocol = TLSv1.3
	ssl.provider = null
	ssl.secure.random.implementation = null
	ssl.trustmanager.algorithm = PKIX
	ssl.truststore.certificates = null
	ssl.truststore.location = null
	ssl.truststore.password = null
	ssl.truststore.type = JKS
	transaction.timeout.ms = 60000
	transactional.id = null
	value.serializer = class io.apicurio.registry.serde.avro.AvroKafkaSerializer

2025-08-13 18:22:52,904 INFO  [org.apa.kaf.com.tel.int.KafkaMetricsCollector] (main) initializing Kafka metrics collector
2025-08-13 18:22:52,912 INFO  [org.apa.kaf.cli.pro.KafkaProducer] (main) [Producer clientId=Producer-topic-d9d0bc86_fd86_42fb_ba05_265d2e2da832] Instantiated an idempotent producer.
2025-08-13 18:22:52,915 INFO  [org.apa.kaf.cli.pro.ProducerConfig] (main) These configurations '[apicurio.registry.url, apicurio.registry.artifact-resolver-strategy]' were supplied but are not used yet.
2025-08-13 18:22:52,915 INFO  [org.apa.kaf.com.uti.AppInfoParser] (main) Kafka version: 3.9.1
2025-08-13 18:22:52,915 INFO  [org.apa.kaf.com.uti.AppInfoParser] (main) Kafka commitId: f745dfdcee2b9851
2025-08-13 18:22:52,915 INFO  [org.apa.kaf.com.uti.AppInfoParser] (main) Kafka startTimeMs: 1755109372915
2025-08-13 18:22:52,917 INFO  [io.api.tes.ser.api.KafkaSerdesTester] (Thread-688) Sending message {"key11755109360711": "value-0", "key21755109365905": "value-0"} to topic topic-d9d0bc86_fd86_42fb_ba05_265d2e2da832
2025-08-13 18:22:52,919 INFO  [org.apa.kaf.cli.Metadata] (kafka-producer-network-thread | Producer-topic-d9d0bc86_fd86_42fb_ba05_265d2e2da832) [Producer clientId=Producer-topic-d9d0bc86_fd86_42fb_ba05_265d2e2da832] Cluster ID: qvRm5C5FS3SD7xP4bjB8Pg
2025-08-13 18:22:52,919 INFO  [DefaultSchemaResolver] (Thread-688) Retrieving schema content using string: {"type":"record","name":"s56eb25f4x7422x4debx9cefx3175f8e94a46","namespace":"ns_7c97abe9_802b_4669_9c9b_626785e0d5d2","fields":[{"name":"key11755109360711","type":"string"},{"name":"key21755109365905","type":"string"}]}
2025-08-13 18:22:52,920 INFO  [org.apa.kaf.cli.pro.int.TransactionManager] (kafka-producer-network-thread | Producer-topic-d9d0bc86_fd86_42fb_ba05_265d2e2da832) [Producer clientId=Producer-topic-d9d0bc86_fd86_42fb_ba05_265d2e2da832] ProducerId set to 16 with epoch 0
2025-08-13 18:22:53,085 INFO  [io.api.tes.ser.api.KafkaSerdesTester] (Thread-688) Sending message {"key11755109360711": "value-1", "key21755109365905": "value-1"} to topic topic-d9d0bc86_fd86_42fb_ba05_265d2e2da832
2025-08-13 18:22:53,087 INFO  [io.api.tes.ser.api.KafkaSerdesTester] (Thread-688) Sending message {"key11755109360711": "value-2", "key21755109365905": "value-2"} to topic topic-d9d0bc86_fd86_42fb_ba05_265d2e2da832
2025-08-13 18:22:53,089 INFO  [io.api.tes.ser.api.KafkaSerdesTester] (Thread-688) Sending message {"key11755109360711": "value-3", "key21755109365905": "value-3"} to topic topic-d9d0bc86_fd86_42fb_ba05_265d2e2da832
2025-08-13 18:22:53,090 INFO  [io.api.tes.ser.api.KafkaSerdesTester] (Thread-688) Sending message {"key11755109360711": "value-4", "key21755109365905": "value-4"} to topic topic-d9d0bc86_fd86_42fb_ba05_265d2e2da832
2025-08-13 18:22:53,092 INFO  [io.api.tes.ser.api.KafkaSerdesTester] (Thread-688) Sending message {"key11755109360711": "value-5", "key21755109365905": "value-5"} to topic topic-d9d0bc86_fd86_42fb_ba05_265d2e2da832
2025-08-13 18:22:53,094 INFO  [io.api.tes.ser.api.KafkaSerdesTester] (Thread-688) Sending message {"key11755109360711": "value-6", "key21755109365905": "value-6"} to topic topic-d9d0bc86_fd86_42fb_ba05_265d2e2da832
2025-08-13 18:22:53,095 INFO  [io.api.tes.ser.api.KafkaSerdesTester] (Thread-688) Sending message {"key11755109360711": "value-7", "key21755109365905": "value-7"} to topic topic-d9d0bc86_fd86_42fb_ba05_265d2e2da832
2025-08-13 18:22:53,099 INFO  [io.api.tes.ser.api.KafkaSerdesTester] (Thread-688) Sending message {"key11755109360711": "value-8", "key21755109365905": "value-8"} to topic topic-d9d0bc86_fd86_42fb_ba05_265d2e2da832
2025-08-13 18:22:53,101 INFO  [io.api.tes.ser.api.KafkaSerdesTester] (Thread-688) Sending message {"key11755109360711": "value-9", "key21755109365905": "value-9"} to topic topic-d9d0bc86_fd86_42fb_ba05_265d2e2da832
2025-08-13 18:22:53,104 INFO  [io.api.tes.ser.api.KafkaSerdesTester] (Thread-688) Produced 10 messages
2025-08-13 18:22:53,104 INFO  [org.apa.kaf.cli.pro.KafkaProducer] (Thread-688) [Producer clientId=Producer-topic-d9d0bc86_fd86_42fb_ba05_265d2e2da832] Closing the Kafka producer with timeoutMillis = 9223372036854775807 ms.
2025-08-13 18:22:53,106 INFO  [org.apa.kaf.com.met.Metrics] (Thread-688) Metrics scheduler closed
2025-08-13 18:22:53,106 INFO  [org.apa.kaf.com.met.Metrics] (Thread-688) Closing reporter org.apache.kafka.common.metrics.JmxReporter
2025-08-13 18:22:53,106 INFO  [org.apa.kaf.com.met.Metrics] (Thread-688) Closing reporter org.apache.kafka.common.telemetry.internals.ClientTelemetryReporter
2025-08-13 18:22:53,106 INFO  [org.apa.kaf.com.met.Metrics] (Thread-688) Metrics reporters closed
2025-08-13 18:22:53,106 INFO  [org.apa.kaf.com.uti.AppInfoParser] (Thread-688) App info kafka.producer for Producer-topic-d9d0bc86_fd86_42fb_ba05_265d2e2da832 unregistered
**** Registry Base URL: http://registry-app-mysql.apps.ci419.apicurio-testing.org:80
2025-08-13 18:22:53,108 INFO  [org.apa.kaf.cli.pro.ProducerConfig] (main) ProducerConfig values: 
	acks = -1
	auto.include.jmx.reporter = true
	batch.size = 16384
	bootstrap.servers = [PLAINTEXT://localhost:32769]
	buffer.memory = 33554432
	client.dns.lookup = use_all_dns_ips
	client.id = Producer-topic-d9d0bc86_fd86_42fb_ba05_265d2e2da832
	compression.gzip.level = -1
	compression.lz4.level = 9
	compression.type = none
	compression.zstd.level = 3
	connections.max.idle.ms = 10000
	delivery.timeout.ms = 120000
	enable.idempotence = true
	enable.metrics.push = true
	interceptor.classes = []
	key.serializer = class org.apache.kafka.common.serialization.StringSerializer
	linger.ms = 0
	max.block.ms = 60000
	max.in.flight.requests.per.connection = 5
	max.request.size = 1048576
	metadata.max.age.ms = 300000
	metadata.max.idle.ms = 300000
	metadata.recovery.strategy = none
	metric.reporters = []
	metrics.num.samples = 2
	metrics.recording.level = INFO
	metrics.sample.window.ms = 30000
	partitioner.adaptive.partitioning.enable = true
	partitioner.availability.timeout.ms = 0
	partitioner.class = null
	partitioner.ignore.keys = false
	receive.buffer.bytes = 32768
	reconnect.backoff.max.ms = 1000
	reconnect.backoff.ms = 50
	request.timeout.ms = 5000
	retries = 2147483647
	retry.backoff.max.ms = 1000
	retry.backoff.ms = 100
	sasl.client.callback.handler.class = null
	sasl.jaas.config = null
	sasl.kerberos.kinit.cmd = /usr/bin/kinit
	sasl.kerberos.min.time.before.relogin = 60000
	sasl.kerberos.service.name = null
	sasl.kerberos.ticket.renew.jitter = 0.05
	sasl.kerberos.ticket.renew.window.factor = 0.8
	sasl.login.callback.handler.class = null
	sasl.login.class = null
	sasl.login.connect.timeout.ms = null
	sasl.login.read.timeout.ms = null
	sasl.login.refresh.buffer.seconds = 300
	sasl.login.refresh.min.period.seconds = 60
	sasl.login.refresh.window.factor = 0.8
	sasl.login.refresh.window.jitter = 0.05
	sasl.login.retry.backoff.max.ms = 10000
	sasl.login.retry.backoff.ms = 100
	sasl.mechanism = GSSAPI
	sasl.oauthbearer.clock.skew.seconds = 30
	sasl.oauthbearer.expected.audience = null
	sasl.oauthbearer.expected.issuer = null
	sasl.oauthbearer.header.urlencode = false
	sasl.oauthbearer.jwks.endpoint.refresh.ms = 3600000
	sasl.oauthbearer.jwks.endpoint.retry.backoff.max.ms = 10000
	sasl.oauthbearer.jwks.endpoint.retry.backoff.ms = 100
	sasl.oauthbearer.jwks.endpoint.url = null
	sasl.oauthbearer.scope.claim.name = scope
	sasl.oauthbearer.sub.claim.name = sub
	sasl.oauthbearer.token.endpoint.url = null
	security.protocol = PLAINTEXT
	security.providers = null
	send.buffer.bytes = 131072
	socket.connection.setup.timeout.max.ms = 30000
	socket.connection.setup.timeout.ms = 10000
	ssl.cipher.suites = null
	ssl.enabled.protocols = [TLSv1.2, TLSv1.3]
	ssl.endpoint.identification.algorithm = https
	ssl.engine.factory.class = null
	ssl.key.password = null
	ssl.keymanager.algorithm = SunX509
	ssl.keystore.certificate.chain = null
	ssl.keystore.key = null
	ssl.keystore.location = null
	ssl.keystore.password = null
	ssl.keystore.type = JKS
	ssl.protocol = TLSv1.3
	ssl.provider = null
	ssl.secure.random.implementation = null
	ssl.trustmanager.algorithm = PKIX
	ssl.truststore.certificates = null
	ssl.truststore.location = null
	ssl.truststore.password = null
	ssl.truststore.type = JKS
	transaction.timeout.ms = 60000
	transactional.id = null
	value.serializer = class io.apicurio.registry.serde.avro.AvroKafkaSerializer

2025-08-13 18:22:53,108 INFO  [org.apa.kaf.com.tel.int.KafkaMetricsCollector] (main) initializing Kafka metrics collector
2025-08-13 18:22:53,114 INFO  [org.apa.kaf.cli.pro.KafkaProducer] (main) [Producer clientId=Producer-topic-d9d0bc86_fd86_42fb_ba05_265d2e2da832] Instantiated an idempotent producer.
2025-08-13 18:22:53,116 INFO  [org.apa.kaf.cli.pro.ProducerConfig] (main) These configurations '[apicurio.registry.url, apicurio.registry.artifact-resolver-strategy]' were supplied but are not used yet.
2025-08-13 18:22:53,116 INFO  [org.apa.kaf.com.uti.AppInfoParser] (main) Kafka version: 3.9.1
2025-08-13 18:22:53,116 INFO  [org.apa.kaf.com.uti.AppInfoParser] (main) Kafka commitId: f745dfdcee2b9851
2025-08-13 18:22:53,116 INFO  [org.apa.kaf.com.uti.AppInfoParser] (main) Kafka startTimeMs: 1755109373116
2025-08-13 18:22:53,118 INFO  [io.api.tes.ser.api.KafkaSerdesTester] (Thread-691) Sending message {"key11755109360711": "value-0"} to topic topic-d9d0bc86_fd86_42fb_ba05_265d2e2da832
2025-08-13 18:22:53,123 INFO  [org.apa.kaf.cli.Metadata] (kafka-producer-network-thread | Producer-topic-d9d0bc86_fd86_42fb_ba05_265d2e2da832) [Producer clientId=Producer-topic-d9d0bc86_fd86_42fb_ba05_265d2e2da832] Cluster ID: qvRm5C5FS3SD7xP4bjB8Pg
2025-08-13 18:22:53,124 INFO  [org.apa.kaf.cli.pro.int.TransactionManager] (kafka-producer-network-thread | Producer-topic-d9d0bc86_fd86_42fb_ba05_265d2e2da832) [Producer clientId=Producer-topic-d9d0bc86_fd86_42fb_ba05_265d2e2da832] ProducerId set to 17 with epoch 0
2025-08-13 18:22:53,124 INFO  [DefaultSchemaResolver] (Thread-691) Retrieving schema content using string: {"type":"record","name":"s56eb25f4x7422x4debx9cefx3175f8e94a46","namespace":"ns_7c97abe9_802b_4669_9c9b_626785e0d5d2","fields":[{"name":"key11755109360711","type":"string"}]}
2025-08-13 18:22:53,287 INFO  [io.api.tes.ser.api.KafkaSerdesTester] (Thread-691) Sending message {"key11755109360711": "value-1"} to topic topic-d9d0bc86_fd86_42fb_ba05_265d2e2da832
2025-08-13 18:22:53,289 INFO  [io.api.tes.ser.api.KafkaSerdesTester] (Thread-691) Sending message {"key11755109360711": "value-2"} to topic topic-d9d0bc86_fd86_42fb_ba05_265d2e2da832
2025-08-13 18:22:53,293 INFO  [io.api.tes.ser.api.KafkaSerdesTester] (Thread-691) Sending message {"key11755109360711": "value-3"} to topic topic-d9d0bc86_fd86_42fb_ba05_265d2e2da832
2025-08-13 18:22:53,295 INFO  [io.api.tes.ser.api.KafkaSerdesTester] (Thread-691) Sending message {"key11755109360711": "value-4"} to topic topic-d9d0bc86_fd86_42fb_ba05_265d2e2da832
2025-08-13 18:22:53,296 INFO  [io.api.tes.ser.api.KafkaSerdesTester] (Thread-691) Sending message {"key11755109360711": "value-5"} to topic topic-d9d0bc86_fd86_42fb_ba05_265d2e2da832
2025-08-13 18:22:53,299 INFO  [io.api.tes.ser.api.KafkaSerdesTester] (Thread-691) Sending message {"key11755109360711": "value-6"} to topic topic-d9d0bc86_fd86_42fb_ba05_265d2e2da832
2025-08-13 18:22:53,300 INFO  [io.api.tes.ser.api.KafkaSerdesTester] (Thread-691) Sending message {"key11755109360711": "value-7"} to topic topic-d9d0bc86_fd86_42fb_ba05_265d2e2da832
2025-08-13 18:22:53,303 INFO  [io.api.tes.ser.api.KafkaSerdesTester] (Thread-691) Sending message {"key11755109360711": "value-8"} to topic topic-d9d0bc86_fd86_42fb_ba05_265d2e2da832
2025-08-13 18:22:53,306 INFO  [io.api.tes.ser.api.KafkaSerdesTester] (Thread-691) Sending message {"key11755109360711": "value-9"} to topic topic-d9d0bc86_fd86_42fb_ba05_265d2e2da832
2025-08-13 18:22:53,307 INFO  [io.api.tes.ser.api.KafkaSerdesTester] (Thread-691) Produced 10 messages
2025-08-13 18:22:53,307 INFO  [org.apa.kaf.cli.pro.KafkaProducer] (Thread-691) [Producer clientId=Producer-topic-d9d0bc86_fd86_42fb_ba05_265d2e2da832] Closing the Kafka producer with timeoutMillis = 9223372036854775807 ms.
2025-08-13 18:22:53,309 INFO  [org.apa.kaf.com.met.Metrics] (Thread-691) Metrics scheduler closed
2025-08-13 18:22:53,309 INFO  [org.apa.kaf.com.met.Metrics] (Thread-691) Closing reporter org.apache.kafka.common.metrics.JmxReporter
2025-08-13 18:22:53,309 INFO  [org.apa.kaf.com.met.Metrics] (Thread-691) Closing reporter org.apache.kafka.common.telemetry.internals.ClientTelemetryReporter
2025-08-13 18:22:53,309 INFO  [org.apa.kaf.com.met.Metrics] (Thread-691) Metrics reporters closed
2025-08-13 18:22:53,309 INFO  [org.apa.kaf.com.uti.AppInfoParser] (Thread-691) App info kafka.producer for Producer-topic-d9d0bc86_fd86_42fb_ba05_265d2e2da832 unregistered
**** Registry Base URL: http://registry-app-mysql.apps.ci419.apicurio-testing.org:80
2025-08-13 18:22:53,310 INFO  [org.apa.kaf.cli.con.ConsumerConfig] (main) ConsumerConfig values: 
	allow.auto.create.topics = true
	auto.commit.interval.ms = 500
	auto.include.jmx.reporter = true
	auto.offset.reset = earliest
	bootstrap.servers = [PLAINTEXT://localhost:32769]
	check.crcs = true
	client.dns.lookup = use_all_dns_ips
	client.id = consumer-Consumer-topic-d9d0bc86_fd86_42fb_ba05_265d2e2da832-12
	client.rack = 
	connections.max.idle.ms = 10000
	default.api.timeout.ms = 60000
	enable.auto.commit = true
	enable.metrics.push = true
	exclude.internal.topics = true
	fetch.max.bytes = 52428800
	fetch.max.wait.ms = 500
	fetch.min.bytes = 1
	group.id = Consumer-topic-d9d0bc86_fd86_42fb_ba05_265d2e2da832
	group.instance.id = null
	group.protocol = classic
	group.remote.assignor = null
	heartbeat.interval.ms = 3000
	interceptor.classes = []
	internal.leave.group.on.close = true
	internal.throw.on.fetch.stable.offset.unsupported = false
	isolation.level = read_uncommitted
	key.deserializer = class org.apache.kafka.common.serialization.StringDeserializer
	max.partition.fetch.bytes = 1048576
	max.poll.interval.ms = 300000
	max.poll.records = 500
	metadata.max.age.ms = 300000
	metadata.recovery.strategy = none
	metric.reporters = []
	metrics.num.samples = 2
	metrics.recording.level = INFO
	metrics.sample.window.ms = 30000
	partition.assignment.strategy = [class org.apache.kafka.clients.consumer.RangeAssignor, class org.apache.kafka.clients.consumer.CooperativeStickyAssignor]
	receive.buffer.bytes = 65536
	reconnect.backoff.max.ms = 1000
	reconnect.backoff.ms = 50
	request.timeout.ms = 5000
	retry.backoff.max.ms = 1000
	retry.backoff.ms = 100
	sasl.client.callback.handler.class = null
	sasl.jaas.config = null
	sasl.kerberos.kinit.cmd = /usr/bin/kinit
	sasl.kerberos.min.time.before.relogin = 60000
	sasl.kerberos.service.name = null
	sasl.kerberos.ticket.renew.jitter = 0.05
	sasl.kerberos.ticket.renew.window.factor = 0.8
	sasl.login.callback.handler.class = null
	sasl.login.class = null
	sasl.login.connect.timeout.ms = null
	sasl.login.read.timeout.ms = null
	sasl.login.refresh.buffer.seconds = 300
	sasl.login.refresh.min.period.seconds = 60
	sasl.login.refresh.window.factor = 0.8
	sasl.login.refresh.window.jitter = 0.05
	sasl.login.retry.backoff.max.ms = 10000
	sasl.login.retry.backoff.ms = 100
	sasl.mechanism = GSSAPI
	sasl.oauthbearer.clock.skew.seconds = 30
	sasl.oauthbearer.expected.audience = null
	sasl.oauthbearer.expected.issuer = null
	sasl.oauthbearer.header.urlencode = false
	sasl.oauthbearer.jwks.endpoint.refresh.ms = 3600000
	sasl.oauthbearer.jwks.endpoint.retry.backoff.max.ms = 10000
	sasl.oauthbearer.jwks.endpoint.retry.backoff.ms = 100
	sasl.oauthbearer.jwks.endpoint.url = null
	sasl.oauthbearer.scope.claim.name = scope
	sasl.oauthbearer.sub.claim.name = sub
	sasl.oauthbearer.token.endpoint.url = null
	security.protocol = PLAINTEXT
	security.providers = null
	send.buffer.bytes = 131072
	session.timeout.ms = 45000
	socket.connection.setup.timeout.max.ms = 30000
	socket.connection.setup.timeout.ms = 10000
	ssl.cipher.suites = null
	ssl.enabled.protocols = [TLSv1.2, TLSv1.3]
	ssl.endpoint.identification.algorithm = https
	ssl.engine.factory.class = null
	ssl.key.password = null
	ssl.keymanager.algorithm = SunX509
	ssl.keystore.certificate.chain = null
	ssl.keystore.key = null
	ssl.keystore.location = null
	ssl.keystore.password = null
	ssl.keystore.type = JKS
	ssl.protocol = TLSv1.3
	ssl.provider = null
	ssl.secure.random.implementation = null
	ssl.trustmanager.algorithm = PKIX
	ssl.truststore.certificates = null
	ssl.truststore.location = null
	ssl.truststore.password = null
	ssl.truststore.type = JKS
	value.deserializer = class io.apicurio.registry.serde.avro.AvroKafkaDeserializer

2025-08-13 18:22:53,310 INFO  [org.apa.kaf.com.tel.int.KafkaMetricsCollector] (main) initializing Kafka metrics collector
2025-08-13 18:22:53,315 INFO  [org.apa.kaf.cli.con.ConsumerConfig] (main) These configurations '[apicurio.registry.url]' were supplied but are not used yet.
2025-08-13 18:22:53,316 INFO  [org.apa.kaf.com.uti.AppInfoParser] (main) Kafka version: 3.9.1
2025-08-13 18:22:53,316 INFO  [org.apa.kaf.com.uti.AppInfoParser] (main) Kafka commitId: f745dfdcee2b9851
2025-08-13 18:22:53,316 INFO  [org.apa.kaf.com.uti.AppInfoParser] (main) Kafka startTimeMs: 1755109373315
2025-08-13 18:22:53,316 INFO  [org.apa.kaf.cli.con.int.ClassicKafkaConsumer] (Thread-694) [Consumer clientId=consumer-Consumer-topic-d9d0bc86_fd86_42fb_ba05_265d2e2da832-12, groupId=Consumer-topic-d9d0bc86_fd86_42fb_ba05_265d2e2da832] Subscribed to topic(s): topic-d9d0bc86_fd86_42fb_ba05_265d2e2da832
2025-08-13 18:22:53,320 INFO  [org.apa.kaf.cli.Metadata] (Thread-694) [Consumer clientId=consumer-Consumer-topic-d9d0bc86_fd86_42fb_ba05_265d2e2da832-12, groupId=Consumer-topic-d9d0bc86_fd86_42fb_ba05_265d2e2da832] Cluster ID: qvRm5C5FS3SD7xP4bjB8Pg
2025-08-13 18:22:53,321 INFO  [org.apa.kaf.cli.con.int.ConsumerCoordinator] (Thread-694) [Consumer clientId=consumer-Consumer-topic-d9d0bc86_fd86_42fb_ba05_265d2e2da832-12, groupId=Consumer-topic-d9d0bc86_fd86_42fb_ba05_265d2e2da832] Discovered group coordinator localhost:32769 (id: 2147483647 rack: null)
2025-08-13 18:22:53,324 INFO  [org.apa.kaf.cli.con.int.ConsumerCoordinator] (Thread-694) [Consumer clientId=consumer-Consumer-topic-d9d0bc86_fd86_42fb_ba05_265d2e2da832-12, groupId=Consumer-topic-d9d0bc86_fd86_42fb_ba05_265d2e2da832] (Re-)joining group
2025-08-13 18:22:53,327 INFO  [org.apa.kaf.cli.con.int.ConsumerCoordinator] (Thread-694) [Consumer clientId=consumer-Consumer-topic-d9d0bc86_fd86_42fb_ba05_265d2e2da832-12, groupId=Consumer-topic-d9d0bc86_fd86_42fb_ba05_265d2e2da832] Request joining group due to: need to re-join with the given member-id: consumer-Consumer-topic-d9d0bc86_fd86_42fb_ba05_265d2e2da832-12-95354903-1775-4248-a0b3-7855102b0671
2025-08-13 18:22:53,327 INFO  [org.apa.kaf.cli.con.int.ConsumerCoordinator] (Thread-694) [Consumer clientId=consumer-Consumer-topic-d9d0bc86_fd86_42fb_ba05_265d2e2da832-12, groupId=Consumer-topic-d9d0bc86_fd86_42fb_ba05_265d2e2da832] (Re-)joining group
2025-08-13 18:22:54,316 INFO  [io.api.tes.ser.api.KafkaSerdesTester] (Thread-694) None found
2025-08-13 18:22:55,317 INFO  [io.api.tes.ser.api.KafkaSerdesTester] (Thread-694) None found
2025-08-13 18:22:56,317 INFO  [io.api.tes.ser.api.KafkaSerdesTester] (Thread-694) None found
2025-08-13 18:22:56,328 INFO  [org.apa.kaf.cli.con.int.ConsumerCoordinator] (Thread-694) [Consumer clientId=consumer-Consumer-topic-d9d0bc86_fd86_42fb_ba05_265d2e2da832-12, groupId=Consumer-topic-d9d0bc86_fd86_42fb_ba05_265d2e2da832] Successfully joined group with generation Generation{generationId=5, memberId='consumer-Consumer-topic-d9d0bc86_fd86_42fb_ba05_265d2e2da832-12-95354903-1775-4248-a0b3-7855102b0671', protocol='range'}
2025-08-13 18:22:56,329 INFO  [org.apa.kaf.cli.con.int.ConsumerCoordinator] (Thread-694) [Consumer clientId=consumer-Consumer-topic-d9d0bc86_fd86_42fb_ba05_265d2e2da832-12, groupId=Consumer-topic-d9d0bc86_fd86_42fb_ba05_265d2e2da832] Finished assignment for group at generation 5: {consumer-Consumer-topic-d9d0bc86_fd86_42fb_ba05_265d2e2da832-12-95354903-1775-4248-a0b3-7855102b0671=Assignment(partitions=[topic-d9d0bc86_fd86_42fb_ba05_265d2e2da832-0])}
2025-08-13 18:22:56,336 INFO  [org.apa.kaf.cli.con.int.ConsumerCoordinator] (Thread-694) [Consumer clientId=consumer-Consumer-topic-d9d0bc86_fd86_42fb_ba05_265d2e2da832-12, groupId=Consumer-topic-d9d0bc86_fd86_42fb_ba05_265d2e2da832] Successfully synced group in generation Generation{generationId=5, memberId='consumer-Consumer-topic-d9d0bc86_fd86_42fb_ba05_265d2e2da832-12-95354903-1775-4248-a0b3-7855102b0671', protocol='range'}
2025-08-13 18:22:56,336 INFO  [org.apa.kaf.cli.con.int.ConsumerCoordinator] (Thread-694) [Consumer clientId=consumer-Consumer-topic-d9d0bc86_fd86_42fb_ba05_265d2e2da832-12, groupId=Consumer-topic-d9d0bc86_fd86_42fb_ba05_265d2e2da832] Notifying assignor about the new Assignment(partitions=[topic-d9d0bc86_fd86_42fb_ba05_265d2e2da832-0])
2025-08-13 18:22:56,336 INFO  [org.apa.kaf.cli.con.int.ConsumerRebalanceListenerInvoker] (Thread-694) [Consumer clientId=consumer-Consumer-topic-d9d0bc86_fd86_42fb_ba05_265d2e2da832-12, groupId=Consumer-topic-d9d0bc86_fd86_42fb_ba05_265d2e2da832] Adding newly assigned partitions: topic-d9d0bc86_fd86_42fb_ba05_265d2e2da832-0
2025-08-13 18:22:56,339 INFO  [org.apa.kaf.cli.con.int.ConsumerUtils] (Thread-694) Setting offset for partition topic-d9d0bc86_fd86_42fb_ba05_265d2e2da832-0 to the committed offset FetchPosition{offset=30, offsetEpoch=Optional[0], currentLeader=LeaderAndEpoch{leader=Optional[localhost:32769 (id: 0 rack: null)], epoch=0}}
2025-08-13 18:22:56,915 INFO  [io.api.tes.ser.api.KafkaSerdesTester] (Thread-694) topic-d9d0bc86_fd86_42fb_ba05_265d2e2da832 0 30 {"key11755109360711": "value-0", "key21755109365905": "value-0", "key31755109371496": "value-0"}
2025-08-13 18:22:56,915 INFO  [io.api.tes.ser.api.KafkaSerdesTester] (Thread-694) topic-d9d0bc86_fd86_42fb_ba05_265d2e2da832 0 31 {"key11755109360711": "value-1", "key21755109365905": "value-1", "key31755109371496": "value-1"}
2025-08-13 18:22:56,915 INFO  [io.api.tes.ser.api.KafkaSerdesTester] (Thread-694) topic-d9d0bc86_fd86_42fb_ba05_265d2e2da832 0 32 {"key11755109360711": "value-2", "key21755109365905": "value-2", "key31755109371496": "value-2"}
2025-08-13 18:22:56,915 INFO  [io.api.tes.ser.api.KafkaSerdesTester] (Thread-694) topic-d9d0bc86_fd86_42fb_ba05_265d2e2da832 0 33 {"key11755109360711": "value-3", "key21755109365905": "value-3", "key31755109371496": "value-3"}
2025-08-13 18:22:56,915 INFO  [io.api.tes.ser.api.KafkaSerdesTester] (Thread-694) topic-d9d0bc86_fd86_42fb_ba05_265d2e2da832 0 34 {"key11755109360711": "value-4", "key21755109365905": "value-4", "key31755109371496": "value-4"}
2025-08-13 18:22:56,915 INFO  [io.api.tes.ser.api.KafkaSerdesTester] (Thread-694) topic-d9d0bc86_fd86_42fb_ba05_265d2e2da832 0 35 {"key11755109360711": "value-5", "key21755109365905": "value-5", "key31755109371496": "value-5"}
2025-08-13 18:22:56,915 INFO  [io.api.tes.ser.api.KafkaSerdesTester] (Thread-694) topic-d9d0bc86_fd86_42fb_ba05_265d2e2da832 0 36 {"key11755109360711": "value-6", "key21755109365905": "value-6", "key31755109371496": "value-6"}
2025-08-13 18:22:56,915 INFO  [io.api.tes.ser.api.KafkaSerdesTester] (Thread-694) topic-d9d0bc86_fd86_42fb_ba05_265d2e2da832 0 37 {"key11755109360711": "value-7", "key21755109365905": "value-7", "key31755109371496": "value-7"}
2025-08-13 18:22:56,915 INFO  [io.api.tes.ser.api.KafkaSerdesTester] (Thread-694) topic-d9d0bc86_fd86_42fb_ba05_265d2e2da832 0 38 {"key11755109360711": "value-8", "key21755109365905": "value-8", "key31755109371496": "value-8"}
2025-08-13 18:22:56,916 INFO  [io.api.tes.ser.api.KafkaSerdesTester] (Thread-694) topic-d9d0bc86_fd86_42fb_ba05_265d2e2da832 0 39 {"key11755109360711": "value-9", "key21755109365905": "value-9", "key31755109371496": "value-9"}
2025-08-13 18:22:56,916 INFO  [io.api.tes.ser.api.KafkaSerdesTester] (Thread-694) topic-d9d0bc86_fd86_42fb_ba05_265d2e2da832 0 40 {"key11755109360711": "value-0", "key21755109365905": "value-0"}
2025-08-13 18:22:56,916 INFO  [io.api.tes.ser.api.KafkaSerdesTester] (Thread-694) topic-d9d0bc86_fd86_42fb_ba05_265d2e2da832 0 41 {"key11755109360711": "value-1", "key21755109365905": "value-1"}
2025-08-13 18:22:56,916 INFO  [io.api.tes.ser.api.KafkaSerdesTester] (Thread-694) topic-d9d0bc86_fd86_42fb_ba05_265d2e2da832 0 42 {"key11755109360711": "value-2", "key21755109365905": "value-2"}
2025-08-13 18:22:56,916 INFO  [io.api.tes.ser.api.KafkaSerdesTester] (Thread-694) topic-d9d0bc86_fd86_42fb_ba05_265d2e2da832 0 43 {"key11755109360711": "value-3", "key21755109365905": "value-3"}
2025-08-13 18:22:56,916 INFO  [io.api.tes.ser.api.KafkaSerdesTester] (Thread-694) topic-d9d0bc86_fd86_42fb_ba05_265d2e2da832 0 44 {"key11755109360711": "value-4", "key21755109365905": "value-4"}
2025-08-13 18:22:56,916 INFO  [io.api.tes.ser.api.KafkaSerdesTester] (Thread-694) topic-d9d0bc86_fd86_42fb_ba05_265d2e2da832 0 45 {"key11755109360711": "value-5", "key21755109365905": "value-5"}
2025-08-13 18:22:56,916 INFO  [io.api.tes.ser.api.KafkaSerdesTester] (Thread-694) topic-d9d0bc86_fd86_42fb_ba05_265d2e2da832 0 46 {"key11755109360711": "value-6", "key21755109365905": "value-6"}
2025-08-13 18:22:56,916 INFO  [io.api.tes.ser.api.KafkaSerdesTester] (Thread-694) topic-d9d0bc86_fd86_42fb_ba05_265d2e2da832 0 47 {"key11755109360711": "value-7", "key21755109365905": "value-7"}
2025-08-13 18:22:56,916 INFO  [io.api.tes.ser.api.KafkaSerdesTester] (Thread-694) topic-d9d0bc86_fd86_42fb_ba05_265d2e2da832 0 48 {"key11755109360711": "value-8", "key21755109365905": "value-8"}
2025-08-13 18:22:56,916 INFO  [io.api.tes.ser.api.KafkaSerdesTester] (Thread-694) topic-d9d0bc86_fd86_42fb_ba05_265d2e2da832 0 49 {"key11755109360711": "value-9", "key21755109365905": "value-9"}
2025-08-13 18:22:56,916 INFO  [io.api.tes.ser.api.KafkaSerdesTester] (Thread-694) topic-d9d0bc86_fd86_42fb_ba05_265d2e2da832 0 50 {"key11755109360711": "value-0"}
2025-08-13 18:22:56,916 INFO  [io.api.tes.ser.api.KafkaSerdesTester] (Thread-694) topic-d9d0bc86_fd86_42fb_ba05_265d2e2da832 0 51 {"key11755109360711": "value-1"}
2025-08-13 18:22:56,916 INFO  [io.api.tes.ser.api.KafkaSerdesTester] (Thread-694) topic-d9d0bc86_fd86_42fb_ba05_265d2e2da832 0 52 {"key11755109360711": "value-2"}
2025-08-13 18:22:56,916 INFO  [io.api.tes.ser.api.KafkaSerdesTester] (Thread-694) topic-d9d0bc86_fd86_42fb_ba05_265d2e2da832 0 53 {"key11755109360711": "value-3"}
2025-08-13 18:22:56,916 INFO  [io.api.tes.ser.api.KafkaSerdesTester] (Thread-694) topic-d9d0bc86_fd86_42fb_ba05_265d2e2da832 0 54 {"key11755109360711": "value-4"}
2025-08-13 18:22:56,916 INFO  [io.api.tes.ser.api.KafkaSerdesTester] (Thread-694) topic-d9d0bc86_fd86_42fb_ba05_265d2e2da832 0 55 {"key11755109360711": "value-5"}
2025-08-13 18:22:56,916 INFO  [io.api.tes.ser.api.KafkaSerdesTester] (Thread-694) topic-d9d0bc86_fd86_42fb_ba05_265d2e2da832 0 56 {"key11755109360711": "value-6"}
2025-08-13 18:22:56,916 INFO  [io.api.tes.ser.api.KafkaSerdesTester] (Thread-694) topic-d9d0bc86_fd86_42fb_ba05_265d2e2da832 0 57 {"key11755109360711": "value-7"}
2025-08-13 18:22:56,916 INFO  [io.api.tes.ser.api.KafkaSerdesTester] (Thread-694) topic-d9d0bc86_fd86_42fb_ba05_265d2e2da832 0 58 {"key11755109360711": "value-8"}
2025-08-13 18:22:56,916 INFO  [io.api.tes.ser.api.KafkaSerdesTester] (Thread-694) topic-d9d0bc86_fd86_42fb_ba05_265d2e2da832 0 59 {"key11755109360711": "value-9"}
2025-08-13 18:22:56,916 INFO  [io.api.tes.ser.api.KafkaSerdesTester] (Thread-694) Consumed 30 messages
2025-08-13 18:22:56,923 INFO  [org.apa.kaf.cli.con.int.ConsumerRebalanceListenerInvoker] (Thread-694) [Consumer clientId=consumer-Consumer-topic-d9d0bc86_fd86_42fb_ba05_265d2e2da832-12, groupId=Consumer-topic-d9d0bc86_fd86_42fb_ba05_265d2e2da832] Revoke previously assigned partitions topic-d9d0bc86_fd86_42fb_ba05_265d2e2da832-0
2025-08-13 18:22:56,924 INFO  [org.apa.kaf.cli.con.int.ConsumerCoordinator] (Thread-694) [Consumer clientId=consumer-Consumer-topic-d9d0bc86_fd86_42fb_ba05_265d2e2da832-12, groupId=Consumer-topic-d9d0bc86_fd86_42fb_ba05_265d2e2da832] Member consumer-Consumer-topic-d9d0bc86_fd86_42fb_ba05_265d2e2da832-12-95354903-1775-4248-a0b3-7855102b0671 sending LeaveGroup request to coordinator localhost:32769 (id: 2147483647 rack: null) due to the consumer is being closed
2025-08-13 18:22:56,924 INFO  [org.apa.kaf.cli.con.int.ConsumerCoordinator] (Thread-694) [Consumer clientId=consumer-Consumer-topic-d9d0bc86_fd86_42fb_ba05_265d2e2da832-12, groupId=Consumer-topic-d9d0bc86_fd86_42fb_ba05_265d2e2da832] Resetting generation and member id due to: consumer pro-actively leaving the group
2025-08-13 18:22:56,924 INFO  [org.apa.kaf.cli.con.int.ConsumerCoordinator] (Thread-694) [Consumer clientId=consumer-Consumer-topic-d9d0bc86_fd86_42fb_ba05_265d2e2da832-12, groupId=Consumer-topic-d9d0bc86_fd86_42fb_ba05_265d2e2da832] Request joining group due to: consumer pro-actively leaving the group
2025-08-13 18:22:57,417 INFO  [org.apa.kaf.com.met.Metrics] (Thread-694) Metrics scheduler closed
2025-08-13 18:22:57,417 INFO  [org.apa.kaf.com.met.Metrics] (Thread-694) Closing reporter org.apache.kafka.common.metrics.JmxReporter
2025-08-13 18:22:57,417 INFO  [org.apa.kaf.com.met.Metrics] (Thread-694) Closing reporter org.apache.kafka.common.telemetry.internals.ClientTelemetryReporter
2025-08-13 18:22:57,417 INFO  [org.apa.kaf.com.met.Metrics] (Thread-694) Metrics reporters closed
2025-08-13 18:22:57,419 INFO  [org.apa.kaf.com.uti.AppInfoParser] (Thread-694) App info kafka.consumer for consumer-Consumer-topic-d9d0bc86_fd86_42fb_ba05_265d2e2da832-12 unregistered
2025-08-13 18:22:57,419 INFO  [org.apa.kaf.cli.pro.KafkaProducer] (main) [Producer clientId=Producer-topic-d9d0bc86_fd86_42fb_ba05_265d2e2da832] Closing the Kafka producer with timeoutMillis = 9223372036854775807 ms.
2025-08-13 18:22:57,419 INFO  [org.apa.kaf.com.met.Metrics] (main) Metrics scheduler closed
2025-08-13 18:22:57,419 INFO  [org.apa.kaf.com.met.Metrics] (main) Closing reporter org.apache.kafka.common.metrics.JmxReporter
2025-08-13 18:22:57,419 INFO  [org.apa.kaf.com.met.Metrics] (main) Closing reporter org.apache.kafka.common.telemetry.internals.ClientTelemetryReporter
2025-08-13 18:22:57,419 INFO  [org.apa.kaf.com.met.Metrics] (main) Metrics reporters closed
2025-08-13 18:22:57,419 INFO  [org.apa.kaf.com.uti.AppInfoParser] (main) App info kafka.producer for Producer-topic-d9d0bc86_fd86_42fb_ba05_265d2e2da832 unregistered
2025-08-13 18:22:57,420 INFO  [io.api.tes.uti.TestSeparator] (main) io.apicurio.tests.serdes.apicurio.AvroSerdeIT.testEvolveAvroApicurio-FINISHED
2025-08-13 18:22:57,420 INFO  [io.api.tes.uti.TestSeparator] (main) ############################################################################
Test passed: testEvolveAvroApicurio
]]></system-out>
  </testcase>
  <testcase name="testTopicRecordIdStrategydFindLatest" classname="io.apicurio.tests.serdes.apicurio.AvroSerdeIT" time="5.345">
    <system-out><![CDATA[2025-08-13 18:22:57,421 INFO  [io.api.tes.uti.TestSeparator] (main) ############################################################################
2025-08-13 18:22:57,421 INFO  [io.api.tes.uti.TestSeparator] (main) io.apicurio.tests.serdes.apicurio.AvroSerdeIT.testTopicRecordIdStrategydFindLatest-STARTED
2025-08-13 18:22:57,422 INFO  [io.api.tes.ser.api.AvroSerdeIT] (main) Registering Avro Schema: {"type":"record","name":"sd0d76548x352cx4039xba6fx374487fae16e","namespace":"sd197450exa331x4837x9393x2d523f62202a","fields":[{"name":"key11755109377421","type":"string"}]}
**** Registry Base URL: http://registry-app-mysql.apps.ci419.apicurio-testing.org:80
2025-08-13 18:22:58,630 INFO  [org.apa.kaf.cli.pro.ProducerConfig] (main) ProducerConfig values: 
	acks = -1
	auto.include.jmx.reporter = true
	batch.size = 16384
	bootstrap.servers = [PLAINTEXT://localhost:32769]
	buffer.memory = 33554432
	client.dns.lookup = use_all_dns_ips
	client.id = Producer-topic-3f9c0301_ea61_40fb_bc07_c488f2854fc2
	compression.gzip.level = -1
	compression.lz4.level = 9
	compression.type = none
	compression.zstd.level = 3
	connections.max.idle.ms = 10000
	delivery.timeout.ms = 120000
	enable.idempotence = true
	enable.metrics.push = true
	interceptor.classes = []
	key.serializer = class org.apache.kafka.common.serialization.StringSerializer
	linger.ms = 0
	max.block.ms = 60000
	max.in.flight.requests.per.connection = 5
	max.request.size = 1048576
	metadata.max.age.ms = 300000
	metadata.max.idle.ms = 300000
	metadata.recovery.strategy = none
	metric.reporters = []
	metrics.num.samples = 2
	metrics.recording.level = INFO
	metrics.sample.window.ms = 30000
	partitioner.adaptive.partitioning.enable = true
	partitioner.availability.timeout.ms = 0
	partitioner.class = null
	partitioner.ignore.keys = false
	receive.buffer.bytes = 32768
	reconnect.backoff.max.ms = 1000
	reconnect.backoff.ms = 50
	request.timeout.ms = 5000
	retries = 2147483647
	retry.backoff.max.ms = 1000
	retry.backoff.ms = 100
	sasl.client.callback.handler.class = null
	sasl.jaas.config = null
	sasl.kerberos.kinit.cmd = /usr/bin/kinit
	sasl.kerberos.min.time.before.relogin = 60000
	sasl.kerberos.service.name = null
	sasl.kerberos.ticket.renew.jitter = 0.05
	sasl.kerberos.ticket.renew.window.factor = 0.8
	sasl.login.callback.handler.class = null
	sasl.login.class = null
	sasl.login.connect.timeout.ms = null
	sasl.login.read.timeout.ms = null
	sasl.login.refresh.buffer.seconds = 300
	sasl.login.refresh.min.period.seconds = 60
	sasl.login.refresh.window.factor = 0.8
	sasl.login.refresh.window.jitter = 0.05
	sasl.login.retry.backoff.max.ms = 10000
	sasl.login.retry.backoff.ms = 100
	sasl.mechanism = GSSAPI
	sasl.oauthbearer.clock.skew.seconds = 30
	sasl.oauthbearer.expected.audience = null
	sasl.oauthbearer.expected.issuer = null
	sasl.oauthbearer.header.urlencode = false
	sasl.oauthbearer.jwks.endpoint.refresh.ms = 3600000
	sasl.oauthbearer.jwks.endpoint.retry.backoff.max.ms = 10000
	sasl.oauthbearer.jwks.endpoint.retry.backoff.ms = 100
	sasl.oauthbearer.jwks.endpoint.url = null
	sasl.oauthbearer.scope.claim.name = scope
	sasl.oauthbearer.sub.claim.name = sub
	sasl.oauthbearer.token.endpoint.url = null
	security.protocol = PLAINTEXT
	security.providers = null
	send.buffer.bytes = 131072
	socket.connection.setup.timeout.max.ms = 30000
	socket.connection.setup.timeout.ms = 10000
	ssl.cipher.suites = null
	ssl.enabled.protocols = [TLSv1.2, TLSv1.3]
	ssl.endpoint.identification.algorithm = https
	ssl.engine.factory.class = null
	ssl.key.password = null
	ssl.keymanager.algorithm = SunX509
	ssl.keystore.certificate.chain = null
	ssl.keystore.key = null
	ssl.keystore.location = null
	ssl.keystore.password = null
	ssl.keystore.type = JKS
	ssl.protocol = TLSv1.3
	ssl.provider = null
	ssl.secure.random.implementation = null
	ssl.trustmanager.algorithm = PKIX
	ssl.truststore.certificates = null
	ssl.truststore.location = null
	ssl.truststore.password = null
	ssl.truststore.type = JKS
	transaction.timeout.ms = 60000
	transactional.id = null
	value.serializer = class io.apicurio.registry.serde.avro.AvroKafkaSerializer

2025-08-13 18:22:58,630 INFO  [org.apa.kaf.com.tel.int.KafkaMetricsCollector] (main) initializing Kafka metrics collector
2025-08-13 18:22:58,633 INFO  [org.apa.kaf.cli.pro.KafkaProducer] (main) [Producer clientId=Producer-topic-3f9c0301_ea61_40fb_bc07_c488f2854fc2] Instantiated an idempotent producer.
2025-08-13 18:22:58,634 INFO  [org.apa.kaf.cli.pro.ProducerConfig] (main) These configurations '[apicurio.registry.find-latest, apicurio.registry.url, apicurio.registry.artifact-resolver-strategy]' were supplied but are not used yet.
2025-08-13 18:22:58,634 INFO  [org.apa.kaf.com.uti.AppInfoParser] (main) Kafka version: 3.9.1
2025-08-13 18:22:58,634 INFO  [org.apa.kaf.com.uti.AppInfoParser] (main) Kafka commitId: f745dfdcee2b9851
2025-08-13 18:22:58,634 INFO  [org.apa.kaf.com.uti.AppInfoParser] (main) Kafka startTimeMs: 1755109378634
2025-08-13 18:22:58,635 INFO  [io.api.tes.ser.api.SimpleSerdesTesterBuilder$SimpleSerdesTester] (main) Using producer configuration: {apicurio.registry.find-latest=true, apicurio.registry.url=http://registry-app-mysql.apps.ci419.apicurio-testing.org:80/apis/registry/v3, apicurio.registry.artifact-resolver-strategy=io.apicurio.registry.serde.avro.strategy.TopicRecordIdStrategy, value.serializer=io.apicurio.registry.serde.avro.AvroKafkaSerializer, request.timeout.ms=5000, acks=all, bootstrap.servers=PLAINTEXT://localhost:32769, connections.max.idle.ms=10000, key.serializer=org.apache.kafka.common.serialization.StringSerializer, client.id=Producer-topic-3f9c0301_ea61_40fb_bc07_c488f2854fc2}
2025-08-13 18:22:58,635 INFO  [io.api.tes.ser.api.SimpleSerdesTesterBuilder$SimpleSerdesTester] (main) Using consumer configuration: {}
2025-08-13 18:22:58,636 INFO  [io.api.tes.ser.api.KafkaSerdesTester] (Thread-697) Sending message {"key11755109377421": "value-0"} to topic topic-3f9c0301_ea61_40fb_bc07_c488f2854fc2
2025-08-13 18:22:58,639 INFO  [org.apa.kaf.cli.Metadata] (kafka-producer-network-thread | Producer-topic-3f9c0301_ea61_40fb_bc07_c488f2854fc2) [Producer clientId=Producer-topic-3f9c0301_ea61_40fb_bc07_c488f2854fc2] Cluster ID: qvRm5C5FS3SD7xP4bjB8Pg
2025-08-13 18:22:58,639 INFO  [org.apa.kaf.cli.pro.int.TransactionManager] (kafka-producer-network-thread | Producer-topic-3f9c0301_ea61_40fb_bc07_c488f2854fc2) [Producer clientId=Producer-topic-3f9c0301_ea61_40fb_bc07_c488f2854fc2] ProducerId set to 18 with epoch 0
2025-08-13 18:22:58,959 INFO  [io.api.tes.ser.api.KafkaSerdesTester] (Thread-697) Sending message {"key11755109377421": "value-1"} to topic topic-3f9c0301_ea61_40fb_bc07_c488f2854fc2
2025-08-13 18:22:58,960 INFO  [io.api.tes.ser.api.KafkaSerdesTester] (Thread-697) Sending message {"key11755109377421": "value-2"} to topic topic-3f9c0301_ea61_40fb_bc07_c488f2854fc2
2025-08-13 18:22:58,962 INFO  [io.api.tes.ser.api.KafkaSerdesTester] (Thread-697) Sending message {"key11755109377421": "value-3"} to topic topic-3f9c0301_ea61_40fb_bc07_c488f2854fc2
2025-08-13 18:22:58,963 INFO  [io.api.tes.ser.api.KafkaSerdesTester] (Thread-697) Sending message {"key11755109377421": "value-4"} to topic topic-3f9c0301_ea61_40fb_bc07_c488f2854fc2
2025-08-13 18:22:58,965 INFO  [io.api.tes.ser.api.KafkaSerdesTester] (Thread-697) Sending message {"key11755109377421": "value-5"} to topic topic-3f9c0301_ea61_40fb_bc07_c488f2854fc2
2025-08-13 18:22:58,966 INFO  [io.api.tes.ser.api.KafkaSerdesTester] (Thread-697) Sending message {"key11755109377421": "value-6"} to topic topic-3f9c0301_ea61_40fb_bc07_c488f2854fc2
2025-08-13 18:22:58,968 INFO  [io.api.tes.ser.api.KafkaSerdesTester] (Thread-697) Sending message {"key11755109377421": "value-7"} to topic topic-3f9c0301_ea61_40fb_bc07_c488f2854fc2
2025-08-13 18:22:58,971 INFO  [io.api.tes.ser.api.KafkaSerdesTester] (Thread-697) Sending message {"key11755109377421": "value-8"} to topic topic-3f9c0301_ea61_40fb_bc07_c488f2854fc2
2025-08-13 18:22:58,972 INFO  [io.api.tes.ser.api.KafkaSerdesTester] (Thread-697) Sending message {"key11755109377421": "value-9"} to topic topic-3f9c0301_ea61_40fb_bc07_c488f2854fc2
2025-08-13 18:22:58,974 INFO  [io.api.tes.ser.api.KafkaSerdesTester] (Thread-697) Produced 10 messages
2025-08-13 18:22:58,974 INFO  [org.apa.kaf.cli.pro.KafkaProducer] (Thread-697) [Producer clientId=Producer-topic-3f9c0301_ea61_40fb_bc07_c488f2854fc2] Closing the Kafka producer with timeoutMillis = 9223372036854775807 ms.
2025-08-13 18:22:58,977 INFO  [org.apa.kaf.com.met.Metrics] (Thread-697) Metrics scheduler closed
2025-08-13 18:22:58,977 INFO  [org.apa.kaf.com.met.Metrics] (Thread-697) Closing reporter org.apache.kafka.common.metrics.JmxReporter
2025-08-13 18:22:58,977 INFO  [org.apa.kaf.com.met.Metrics] (Thread-697) Closing reporter org.apache.kafka.common.telemetry.internals.ClientTelemetryReporter
2025-08-13 18:22:58,977 INFO  [org.apa.kaf.com.met.Metrics] (Thread-697) Metrics reporters closed
2025-08-13 18:22:58,977 INFO  [org.apa.kaf.com.uti.AppInfoParser] (Thread-697) App info kafka.producer for Producer-topic-3f9c0301_ea61_40fb_bc07_c488f2854fc2 unregistered
**** Registry Base URL: http://registry-app-mysql.apps.ci419.apicurio-testing.org:80
2025-08-13 18:22:58,978 INFO  [org.apa.kaf.cli.con.ConsumerConfig] (main) ConsumerConfig values: 
	allow.auto.create.topics = true
	auto.commit.interval.ms = 500
	auto.include.jmx.reporter = true
	auto.offset.reset = earliest
	bootstrap.servers = [PLAINTEXT://localhost:32769]
	check.crcs = true
	client.dns.lookup = use_all_dns_ips
	client.id = consumer-Consumer-topic-3f9c0301_ea61_40fb_bc07_c488f2854fc2-13
	client.rack = 
	connections.max.idle.ms = 10000
	default.api.timeout.ms = 60000
	enable.auto.commit = true
	enable.metrics.push = true
	exclude.internal.topics = true
	fetch.max.bytes = 52428800
	fetch.max.wait.ms = 500
	fetch.min.bytes = 1
	group.id = Consumer-topic-3f9c0301_ea61_40fb_bc07_c488f2854fc2
	group.instance.id = null
	group.protocol = classic
	group.remote.assignor = null
	heartbeat.interval.ms = 3000
	interceptor.classes = []
	internal.leave.group.on.close = true
	internal.throw.on.fetch.stable.offset.unsupported = false
	isolation.level = read_uncommitted
	key.deserializer = class org.apache.kafka.common.serialization.StringDeserializer
	max.partition.fetch.bytes = 1048576
	max.poll.interval.ms = 300000
	max.poll.records = 500
	metadata.max.age.ms = 300000
	metadata.recovery.strategy = none
	metric.reporters = []
	metrics.num.samples = 2
	metrics.recording.level = INFO
	metrics.sample.window.ms = 30000
	partition.assignment.strategy = [class org.apache.kafka.clients.consumer.RangeAssignor, class org.apache.kafka.clients.consumer.CooperativeStickyAssignor]
	receive.buffer.bytes = 65536
	reconnect.backoff.max.ms = 1000
	reconnect.backoff.ms = 50
	request.timeout.ms = 5000
	retry.backoff.max.ms = 1000
	retry.backoff.ms = 100
	sasl.client.callback.handler.class = null
	sasl.jaas.config = null
	sasl.kerberos.kinit.cmd = /usr/bin/kinit
	sasl.kerberos.min.time.before.relogin = 60000
	sasl.kerberos.service.name = null
	sasl.kerberos.ticket.renew.jitter = 0.05
	sasl.kerberos.ticket.renew.window.factor = 0.8
	sasl.login.callback.handler.class = null
	sasl.login.class = null
	sasl.login.connect.timeout.ms = null
	sasl.login.read.timeout.ms = null
	sasl.login.refresh.buffer.seconds = 300
	sasl.login.refresh.min.period.seconds = 60
	sasl.login.refresh.window.factor = 0.8
	sasl.login.refresh.window.jitter = 0.05
	sasl.login.retry.backoff.max.ms = 10000
	sasl.login.retry.backoff.ms = 100
	sasl.mechanism = GSSAPI
	sasl.oauthbearer.clock.skew.seconds = 30
	sasl.oauthbearer.expected.audience = null
	sasl.oauthbearer.expected.issuer = null
	sasl.oauthbearer.header.urlencode = false
	sasl.oauthbearer.jwks.endpoint.refresh.ms = 3600000
	sasl.oauthbearer.jwks.endpoint.retry.backoff.max.ms = 10000
	sasl.oauthbearer.jwks.endpoint.retry.backoff.ms = 100
	sasl.oauthbearer.jwks.endpoint.url = null
	sasl.oauthbearer.scope.claim.name = scope
	sasl.oauthbearer.sub.claim.name = sub
	sasl.oauthbearer.token.endpoint.url = null
	security.protocol = PLAINTEXT
	security.providers = null
	send.buffer.bytes = 131072
	session.timeout.ms = 45000
	socket.connection.setup.timeout.max.ms = 30000
	socket.connection.setup.timeout.ms = 10000
	ssl.cipher.suites = null
	ssl.enabled.protocols = [TLSv1.2, TLSv1.3]
	ssl.endpoint.identification.algorithm = https
	ssl.engine.factory.class = null
	ssl.key.password = null
	ssl.keymanager.algorithm = SunX509
	ssl.keystore.certificate.chain = null
	ssl.keystore.key = null
	ssl.keystore.location = null
	ssl.keystore.password = null
	ssl.keystore.type = JKS
	ssl.protocol = TLSv1.3
	ssl.provider = null
	ssl.secure.random.implementation = null
	ssl.trustmanager.algorithm = PKIX
	ssl.truststore.certificates = null
	ssl.truststore.location = null
	ssl.truststore.password = null
	ssl.truststore.type = JKS
	value.deserializer = class io.apicurio.registry.serde.avro.AvroKafkaDeserializer

2025-08-13 18:22:58,980 INFO  [org.apa.kaf.com.tel.int.KafkaMetricsCollector] (main) initializing Kafka metrics collector
2025-08-13 18:22:58,988 INFO  [org.apa.kaf.cli.con.ConsumerConfig] (main) These configurations '[apicurio.registry.url]' were supplied but are not used yet.
2025-08-13 18:22:58,988 INFO  [org.apa.kaf.com.uti.AppInfoParser] (main) Kafka version: 3.9.1
2025-08-13 18:22:58,988 INFO  [org.apa.kaf.com.uti.AppInfoParser] (main) Kafka commitId: f745dfdcee2b9851
2025-08-13 18:22:58,988 INFO  [org.apa.kaf.com.uti.AppInfoParser] (main) Kafka startTimeMs: 1755109378988
2025-08-13 18:22:58,988 INFO  [org.apa.kaf.cli.con.int.ClassicKafkaConsumer] (Thread-700) [Consumer clientId=consumer-Consumer-topic-3f9c0301_ea61_40fb_bc07_c488f2854fc2-13, groupId=Consumer-topic-3f9c0301_ea61_40fb_bc07_c488f2854fc2] Subscribed to topic(s): topic-3f9c0301_ea61_40fb_bc07_c488f2854fc2
2025-08-13 18:22:58,992 INFO  [org.apa.kaf.cli.Metadata] (Thread-700) [Consumer clientId=consumer-Consumer-topic-3f9c0301_ea61_40fb_bc07_c488f2854fc2-13, groupId=Consumer-topic-3f9c0301_ea61_40fb_bc07_c488f2854fc2] Cluster ID: qvRm5C5FS3SD7xP4bjB8Pg
2025-08-13 18:22:58,992 INFO  [org.apa.kaf.cli.con.int.ConsumerCoordinator] (Thread-700) [Consumer clientId=consumer-Consumer-topic-3f9c0301_ea61_40fb_bc07_c488f2854fc2-13, groupId=Consumer-topic-3f9c0301_ea61_40fb_bc07_c488f2854fc2] Discovered group coordinator localhost:32769 (id: 2147483647 rack: null)
2025-08-13 18:22:58,995 INFO  [org.apa.kaf.cli.con.int.ConsumerCoordinator] (Thread-700) [Consumer clientId=consumer-Consumer-topic-3f9c0301_ea61_40fb_bc07_c488f2854fc2-13, groupId=Consumer-topic-3f9c0301_ea61_40fb_bc07_c488f2854fc2] (Re-)joining group
2025-08-13 18:22:59,000 INFO  [org.apa.kaf.cli.con.int.ConsumerCoordinator] (Thread-700) [Consumer clientId=consumer-Consumer-topic-3f9c0301_ea61_40fb_bc07_c488f2854fc2-13, groupId=Consumer-topic-3f9c0301_ea61_40fb_bc07_c488f2854fc2] Request joining group due to: need to re-join with the given member-id: consumer-Consumer-topic-3f9c0301_ea61_40fb_bc07_c488f2854fc2-13-e315b009-245a-480f-923c-14872438ebd2
2025-08-13 18:22:59,000 INFO  [org.apa.kaf.cli.con.int.ConsumerCoordinator] (Thread-700) [Consumer clientId=consumer-Consumer-topic-3f9c0301_ea61_40fb_bc07_c488f2854fc2-13, groupId=Consumer-topic-3f9c0301_ea61_40fb_bc07_c488f2854fc2] (Re-)joining group
2025-08-13 18:22:59,989 INFO  [io.api.tes.ser.api.KafkaSerdesTester] (Thread-700) None found
2025-08-13 18:23:00,989 INFO  [io.api.tes.ser.api.KafkaSerdesTester] (Thread-700) None found
2025-08-13 18:23:01,990 INFO  [io.api.tes.ser.api.KafkaSerdesTester] (Thread-700) None found
2025-08-13 18:23:02,004 INFO  [org.apa.kaf.cli.con.int.ConsumerCoordinator] (Thread-700) [Consumer clientId=consumer-Consumer-topic-3f9c0301_ea61_40fb_bc07_c488f2854fc2-13, groupId=Consumer-topic-3f9c0301_ea61_40fb_bc07_c488f2854fc2] Successfully joined group with generation Generation{generationId=1, memberId='consumer-Consumer-topic-3f9c0301_ea61_40fb_bc07_c488f2854fc2-13-e315b009-245a-480f-923c-14872438ebd2', protocol='range'}
2025-08-13 18:23:02,004 INFO  [org.apa.kaf.cli.con.int.ConsumerCoordinator] (Thread-700) [Consumer clientId=consumer-Consumer-topic-3f9c0301_ea61_40fb_bc07_c488f2854fc2-13, groupId=Consumer-topic-3f9c0301_ea61_40fb_bc07_c488f2854fc2] Finished assignment for group at generation 1: {consumer-Consumer-topic-3f9c0301_ea61_40fb_bc07_c488f2854fc2-13-e315b009-245a-480f-923c-14872438ebd2=Assignment(partitions=[topic-3f9c0301_ea61_40fb_bc07_c488f2854fc2-0])}
2025-08-13 18:23:02,012 INFO  [org.apa.kaf.cli.con.int.ConsumerCoordinator] (Thread-700) [Consumer clientId=consumer-Consumer-topic-3f9c0301_ea61_40fb_bc07_c488f2854fc2-13, groupId=Consumer-topic-3f9c0301_ea61_40fb_bc07_c488f2854fc2] Successfully synced group in generation Generation{generationId=1, memberId='consumer-Consumer-topic-3f9c0301_ea61_40fb_bc07_c488f2854fc2-13-e315b009-245a-480f-923c-14872438ebd2', protocol='range'}
2025-08-13 18:23:02,012 INFO  [org.apa.kaf.cli.con.int.ConsumerCoordinator] (Thread-700) [Consumer clientId=consumer-Consumer-topic-3f9c0301_ea61_40fb_bc07_c488f2854fc2-13, groupId=Consumer-topic-3f9c0301_ea61_40fb_bc07_c488f2854fc2] Notifying assignor about the new Assignment(partitions=[topic-3f9c0301_ea61_40fb_bc07_c488f2854fc2-0])
2025-08-13 18:23:02,012 INFO  [org.apa.kaf.cli.con.int.ConsumerRebalanceListenerInvoker] (Thread-700) [Consumer clientId=consumer-Consumer-topic-3f9c0301_ea61_40fb_bc07_c488f2854fc2-13, groupId=Consumer-topic-3f9c0301_ea61_40fb_bc07_c488f2854fc2] Adding newly assigned partitions: topic-3f9c0301_ea61_40fb_bc07_c488f2854fc2-0
2025-08-13 18:23:02,013 INFO  [org.apa.kaf.cli.con.int.ConsumerCoordinator] (Thread-700) [Consumer clientId=consumer-Consumer-topic-3f9c0301_ea61_40fb_bc07_c488f2854fc2-13, groupId=Consumer-topic-3f9c0301_ea61_40fb_bc07_c488f2854fc2] Found no committed offset for partition topic-3f9c0301_ea61_40fb_bc07_c488f2854fc2-0
2025-08-13 18:23:02,016 INFO  [org.apa.kaf.cli.con.int.SubscriptionState] (Thread-700) [Consumer clientId=consumer-Consumer-topic-3f9c0301_ea61_40fb_bc07_c488f2854fc2-13, groupId=Consumer-topic-3f9c0301_ea61_40fb_bc07_c488f2854fc2] Resetting offset for partition topic-3f9c0301_ea61_40fb_bc07_c488f2854fc2-0 to position FetchPosition{offset=0, offsetEpoch=Optional.empty, currentLeader=LeaderAndEpoch{leader=Optional[localhost:32769 (id: 0 rack: null)], epoch=0}}.
2025-08-13 18:23:02,260 INFO  [io.api.tes.ser.api.KafkaSerdesTester] (Thread-700) topic-3f9c0301_ea61_40fb_bc07_c488f2854fc2 0 0 {"key11755109377421": "value-0"}
2025-08-13 18:23:02,260 INFO  [io.api.tes.ser.api.KafkaSerdesTester] (Thread-700) topic-3f9c0301_ea61_40fb_bc07_c488f2854fc2 0 1 {"key11755109377421": "value-1"}
2025-08-13 18:23:02,260 INFO  [io.api.tes.ser.api.KafkaSerdesTester] (Thread-700) topic-3f9c0301_ea61_40fb_bc07_c488f2854fc2 0 2 {"key11755109377421": "value-2"}
2025-08-13 18:23:02,260 INFO  [io.api.tes.ser.api.KafkaSerdesTester] (Thread-700) topic-3f9c0301_ea61_40fb_bc07_c488f2854fc2 0 3 {"key11755109377421": "value-3"}
2025-08-13 18:23:02,260 INFO  [io.api.tes.ser.api.KafkaSerdesTester] (Thread-700) topic-3f9c0301_ea61_40fb_bc07_c488f2854fc2 0 4 {"key11755109377421": "value-4"}
2025-08-13 18:23:02,260 INFO  [io.api.tes.ser.api.KafkaSerdesTester] (Thread-700) topic-3f9c0301_ea61_40fb_bc07_c488f2854fc2 0 5 {"key11755109377421": "value-5"}
2025-08-13 18:23:02,260 INFO  [io.api.tes.ser.api.KafkaSerdesTester] (Thread-700) topic-3f9c0301_ea61_40fb_bc07_c488f2854fc2 0 6 {"key11755109377421": "value-6"}
2025-08-13 18:23:02,260 INFO  [io.api.tes.ser.api.KafkaSerdesTester] (Thread-700) topic-3f9c0301_ea61_40fb_bc07_c488f2854fc2 0 7 {"key11755109377421": "value-7"}
2025-08-13 18:23:02,260 INFO  [io.api.tes.ser.api.KafkaSerdesTester] (Thread-700) topic-3f9c0301_ea61_40fb_bc07_c488f2854fc2 0 8 {"key11755109377421": "value-8"}
2025-08-13 18:23:02,260 INFO  [io.api.tes.ser.api.KafkaSerdesTester] (Thread-700) topic-3f9c0301_ea61_40fb_bc07_c488f2854fc2 0 9 {"key11755109377421": "value-9"}
2025-08-13 18:23:02,260 INFO  [io.api.tes.ser.api.KafkaSerdesTester] (Thread-700) Consumed 10 messages
2025-08-13 18:23:02,267 INFO  [org.apa.kaf.cli.con.int.ConsumerRebalanceListenerInvoker] (Thread-700) [Consumer clientId=consumer-Consumer-topic-3f9c0301_ea61_40fb_bc07_c488f2854fc2-13, groupId=Consumer-topic-3f9c0301_ea61_40fb_bc07_c488f2854fc2] Revoke previously assigned partitions topic-3f9c0301_ea61_40fb_bc07_c488f2854fc2-0
2025-08-13 18:23:02,267 INFO  [org.apa.kaf.cli.con.int.ConsumerCoordinator] (Thread-700) [Consumer clientId=consumer-Consumer-topic-3f9c0301_ea61_40fb_bc07_c488f2854fc2-13, groupId=Consumer-topic-3f9c0301_ea61_40fb_bc07_c488f2854fc2] Member consumer-Consumer-topic-3f9c0301_ea61_40fb_bc07_c488f2854fc2-13-e315b009-245a-480f-923c-14872438ebd2 sending LeaveGroup request to coordinator localhost:32769 (id: 2147483647 rack: null) due to the consumer is being closed
2025-08-13 18:23:02,267 INFO  [org.apa.kaf.cli.con.int.ConsumerCoordinator] (Thread-700) [Consumer clientId=consumer-Consumer-topic-3f9c0301_ea61_40fb_bc07_c488f2854fc2-13, groupId=Consumer-topic-3f9c0301_ea61_40fb_bc07_c488f2854fc2] Resetting generation and member id due to: consumer pro-actively leaving the group
2025-08-13 18:23:02,267 INFO  [org.apa.kaf.cli.con.int.ConsumerCoordinator] (Thread-700) [Consumer clientId=consumer-Consumer-topic-3f9c0301_ea61_40fb_bc07_c488f2854fc2-13, groupId=Consumer-topic-3f9c0301_ea61_40fb_bc07_c488f2854fc2] Request joining group due to: consumer pro-actively leaving the group
2025-08-13 18:23:02,763 INFO  [org.apa.kaf.com.met.Metrics] (Thread-700) Metrics scheduler closed
2025-08-13 18:23:02,763 INFO  [org.apa.kaf.com.met.Metrics] (Thread-700) Closing reporter org.apache.kafka.common.metrics.JmxReporter
2025-08-13 18:23:02,763 INFO  [org.apa.kaf.com.met.Metrics] (Thread-700) Closing reporter org.apache.kafka.common.telemetry.internals.ClientTelemetryReporter
2025-08-13 18:23:02,763 INFO  [org.apa.kaf.com.met.Metrics] (Thread-700) Metrics reporters closed
2025-08-13 18:23:02,764 INFO  [org.apa.kaf.com.uti.AppInfoParser] (Thread-700) App info kafka.consumer for consumer-Consumer-topic-3f9c0301_ea61_40fb_bc07_c488f2854fc2-13 unregistered
2025-08-13 18:23:02,765 INFO  [io.api.tes.uti.TestSeparator] (main) io.apicurio.tests.serdes.apicurio.AvroSerdeIT.testTopicRecordIdStrategydFindLatest-FINISHED
2025-08-13 18:23:02,765 INFO  [io.api.tes.uti.TestSeparator] (main) ############################################################################
Test passed: testTopicRecordIdStrategydFindLatest
]]></system-out>
  </testcase>
  <testcase name="testAvroConfluentForMultipleTopics" classname="io.apicurio.tests.serdes.apicurio.AvroSerdeIT" time="13.124">
    <system-out><![CDATA[2025-08-13 18:23:02,769 INFO  [io.api.tes.uti.TestSeparator] (main) ############################################################################
2025-08-13 18:23:02,769 INFO  [io.api.tes.uti.TestSeparator] (main) io.apicurio.tests.serdes.apicurio.AvroSerdeIT.testAvroConfluentForMultipleTopics-STARTED
2025-08-13 18:23:02,769 INFO  [io.api.tes.ser.api.AvroSerdeIT] (main) Registering Avro Schema: {"type":"record","name":"myrecordconfluent","fields":[{"name":"key11755109382769","type":"string"}]}
**** Registry Base URL: http://registry-app-mysql.apps.ci419.apicurio-testing.org:80
2025-08-13 18:23:03,977 INFO  [org.apa.kaf.cli.pro.ProducerConfig] (main) ProducerConfig values: 
	acks = -1
	auto.include.jmx.reporter = true
	batch.size = 16384
	bootstrap.servers = [PLAINTEXT://localhost:32769]
	buffer.memory = 33554432
	client.dns.lookup = use_all_dns_ips
	client.id = Producer-topic-aeab2a7f_5c00_45bd_b2e9_90f11d909bca
	compression.gzip.level = -1
	compression.lz4.level = 9
	compression.type = none
	compression.zstd.level = 3
	connections.max.idle.ms = 10000
	delivery.timeout.ms = 120000
	enable.idempotence = true
	enable.metrics.push = true
	interceptor.classes = []
	key.serializer = class org.apache.kafka.common.serialization.StringSerializer
	linger.ms = 0
	max.block.ms = 60000
	max.in.flight.requests.per.connection = 5
	max.request.size = 1048576
	metadata.max.age.ms = 300000
	metadata.max.idle.ms = 300000
	metadata.recovery.strategy = none
	metric.reporters = []
	metrics.num.samples = 2
	metrics.recording.level = INFO
	metrics.sample.window.ms = 30000
	partitioner.adaptive.partitioning.enable = true
	partitioner.availability.timeout.ms = 0
	partitioner.class = null
	partitioner.ignore.keys = false
	receive.buffer.bytes = 32768
	reconnect.backoff.max.ms = 1000
	reconnect.backoff.ms = 50
	request.timeout.ms = 5000
	retries = 2147483647
	retry.backoff.max.ms = 1000
	retry.backoff.ms = 100
	sasl.client.callback.handler.class = null
	sasl.jaas.config = null
	sasl.kerberos.kinit.cmd = /usr/bin/kinit
	sasl.kerberos.min.time.before.relogin = 60000
	sasl.kerberos.service.name = null
	sasl.kerberos.ticket.renew.jitter = 0.05
	sasl.kerberos.ticket.renew.window.factor = 0.8
	sasl.login.callback.handler.class = null
	sasl.login.class = null
	sasl.login.connect.timeout.ms = null
	sasl.login.read.timeout.ms = null
	sasl.login.refresh.buffer.seconds = 300
	sasl.login.refresh.min.period.seconds = 60
	sasl.login.refresh.window.factor = 0.8
	sasl.login.refresh.window.jitter = 0.05
	sasl.login.retry.backoff.max.ms = 10000
	sasl.login.retry.backoff.ms = 100
	sasl.mechanism = GSSAPI
	sasl.oauthbearer.clock.skew.seconds = 30
	sasl.oauthbearer.expected.audience = null
	sasl.oauthbearer.expected.issuer = null
	sasl.oauthbearer.header.urlencode = false
	sasl.oauthbearer.jwks.endpoint.refresh.ms = 3600000
	sasl.oauthbearer.jwks.endpoint.retry.backoff.max.ms = 10000
	sasl.oauthbearer.jwks.endpoint.retry.backoff.ms = 100
	sasl.oauthbearer.jwks.endpoint.url = null
	sasl.oauthbearer.scope.claim.name = scope
	sasl.oauthbearer.sub.claim.name = sub
	sasl.oauthbearer.token.endpoint.url = null
	security.protocol = PLAINTEXT
	security.providers = null
	send.buffer.bytes = 131072
	socket.connection.setup.timeout.max.ms = 30000
	socket.connection.setup.timeout.ms = 10000
	ssl.cipher.suites = null
	ssl.enabled.protocols = [TLSv1.2, TLSv1.3]
	ssl.endpoint.identification.algorithm = https
	ssl.engine.factory.class = null
	ssl.key.password = null
	ssl.keymanager.algorithm = SunX509
	ssl.keystore.certificate.chain = null
	ssl.keystore.key = null
	ssl.keystore.location = null
	ssl.keystore.password = null
	ssl.keystore.type = JKS
	ssl.protocol = TLSv1.3
	ssl.provider = null
	ssl.secure.random.implementation = null
	ssl.trustmanager.algorithm = PKIX
	ssl.truststore.certificates = null
	ssl.truststore.location = null
	ssl.truststore.password = null
	ssl.truststore.type = JKS
	transaction.timeout.ms = 60000
	transactional.id = null
	value.serializer = class io.apicurio.registry.serde.avro.AvroKafkaSerializer

2025-08-13 18:23:03,977 INFO  [org.apa.kaf.com.tel.int.KafkaMetricsCollector] (main) initializing Kafka metrics collector
2025-08-13 18:23:03,980 INFO  [org.apa.kaf.cli.pro.KafkaProducer] (main) [Producer clientId=Producer-topic-aeab2a7f_5c00_45bd_b2e9_90f11d909bca] Instantiated an idempotent producer.
2025-08-13 18:23:03,982 INFO  [org.apa.kaf.cli.pro.ProducerConfig] (main) These configurations '[apicurio.registry.url, apicurio.registry.artifact-resolver-strategy]' were supplied but are not used yet.
2025-08-13 18:23:03,982 INFO  [org.apa.kaf.com.uti.AppInfoParser] (main) Kafka version: 3.9.1
2025-08-13 18:23:03,982 INFO  [org.apa.kaf.com.uti.AppInfoParser] (main) Kafka commitId: f745dfdcee2b9851
2025-08-13 18:23:03,982 INFO  [org.apa.kaf.com.uti.AppInfoParser] (main) Kafka startTimeMs: 1755109383982
**** Registry Base URL: http://registry-app-mysql.apps.ci419.apicurio-testing.org:80
2025-08-13 18:23:03,983 INFO  [org.apa.kaf.cli.pro.ProducerConfig] (main) ProducerConfig values: 
	acks = -1
	auto.include.jmx.reporter = true
	batch.size = 16384
	bootstrap.servers = [PLAINTEXT://localhost:32769]
	buffer.memory = 33554432
	client.dns.lookup = use_all_dns_ips
	client.id = Producer-topic-bb853deb_6c07_45ba_a39c_afd0e4d42eef
	compression.gzip.level = -1
	compression.lz4.level = 9
	compression.type = none
	compression.zstd.level = 3
	connections.max.idle.ms = 10000
	delivery.timeout.ms = 120000
	enable.idempotence = true
	enable.metrics.push = true
	interceptor.classes = []
	key.serializer = class org.apache.kafka.common.serialization.StringSerializer
	linger.ms = 0
	max.block.ms = 60000
	max.in.flight.requests.per.connection = 5
	max.request.size = 1048576
	metadata.max.age.ms = 300000
	metadata.max.idle.ms = 300000
	metadata.recovery.strategy = none
	metric.reporters = []
	metrics.num.samples = 2
	metrics.recording.level = INFO
	metrics.sample.window.ms = 30000
	partitioner.adaptive.partitioning.enable = true
	partitioner.availability.timeout.ms = 0
	partitioner.class = null
	partitioner.ignore.keys = false
	receive.buffer.bytes = 32768
	reconnect.backoff.max.ms = 1000
	reconnect.backoff.ms = 50
	request.timeout.ms = 5000
	retries = 2147483647
	retry.backoff.max.ms = 1000
	retry.backoff.ms = 100
	sasl.client.callback.handler.class = null
	sasl.jaas.config = null
	sasl.kerberos.kinit.cmd = /usr/bin/kinit
	sasl.kerberos.min.time.before.relogin = 60000
	sasl.kerberos.service.name = null
	sasl.kerberos.ticket.renew.jitter = 0.05
	sasl.kerberos.ticket.renew.window.factor = 0.8
	sasl.login.callback.handler.class = null
	sasl.login.class = null
	sasl.login.connect.timeout.ms = null
	sasl.login.read.timeout.ms = null
	sasl.login.refresh.buffer.seconds = 300
	sasl.login.refresh.min.period.seconds = 60
	sasl.login.refresh.window.factor = 0.8
	sasl.login.refresh.window.jitter = 0.05
	sasl.login.retry.backoff.max.ms = 10000
	sasl.login.retry.backoff.ms = 100
	sasl.mechanism = GSSAPI
	sasl.oauthbearer.clock.skew.seconds = 30
	sasl.oauthbearer.expected.audience = null
	sasl.oauthbearer.expected.issuer = null
	sasl.oauthbearer.header.urlencode = false
	sasl.oauthbearer.jwks.endpoint.refresh.ms = 3600000
	sasl.oauthbearer.jwks.endpoint.retry.backoff.max.ms = 10000
	sasl.oauthbearer.jwks.endpoint.retry.backoff.ms = 100
	sasl.oauthbearer.jwks.endpoint.url = null
	sasl.oauthbearer.scope.claim.name = scope
	sasl.oauthbearer.sub.claim.name = sub
	sasl.oauthbearer.token.endpoint.url = null
	security.protocol = PLAINTEXT
	security.providers = null
	send.buffer.bytes = 131072
	socket.connection.setup.timeout.max.ms = 30000
	socket.connection.setup.timeout.ms = 10000
	ssl.cipher.suites = null
	ssl.enabled.protocols = [TLSv1.2, TLSv1.3]
	ssl.endpoint.identification.algorithm = https
	ssl.engine.factory.class = null
	ssl.key.password = null
	ssl.keymanager.algorithm = SunX509
	ssl.keystore.certificate.chain = null
	ssl.keystore.key = null
	ssl.keystore.location = null
	ssl.keystore.password = null
	ssl.keystore.type = JKS
	ssl.protocol = TLSv1.3
	ssl.provider = null
	ssl.secure.random.implementation = null
	ssl.trustmanager.algorithm = PKIX
	ssl.truststore.certificates = null
	ssl.truststore.location = null
	ssl.truststore.password = null
	ssl.truststore.type = JKS
	transaction.timeout.ms = 60000
	transactional.id = null
	value.serializer = class io.apicurio.registry.serde.avro.AvroKafkaSerializer

2025-08-13 18:23:03,983 INFO  [org.apa.kaf.com.tel.int.KafkaMetricsCollector] (main) initializing Kafka metrics collector
2025-08-13 18:23:03,988 INFO  [org.apa.kaf.cli.pro.KafkaProducer] (main) [Producer clientId=Producer-topic-bb853deb_6c07_45ba_a39c_afd0e4d42eef] Instantiated an idempotent producer.
2025-08-13 18:23:03,990 INFO  [org.apa.kaf.cli.Metadata] (kafka-producer-network-thread | Producer-topic-aeab2a7f_5c00_45bd_b2e9_90f11d909bca) [Producer clientId=Producer-topic-aeab2a7f_5c00_45bd_b2e9_90f11d909bca] Cluster ID: qvRm5C5FS3SD7xP4bjB8Pg
2025-08-13 18:23:03,991 INFO  [org.apa.kaf.cli.pro.ProducerConfig] (main) These configurations '[apicurio.registry.url, apicurio.registry.artifact-resolver-strategy]' were supplied but are not used yet.
2025-08-13 18:23:03,991 INFO  [org.apa.kaf.com.uti.AppInfoParser] (main) Kafka version: 3.9.1
2025-08-13 18:23:03,991 INFO  [org.apa.kaf.com.uti.AppInfoParser] (main) Kafka commitId: f745dfdcee2b9851
2025-08-13 18:23:03,991 INFO  [org.apa.kaf.com.uti.AppInfoParser] (main) Kafka startTimeMs: 1755109383991
**** Registry Base URL: http://registry-app-mysql.apps.ci419.apicurio-testing.org:80
2025-08-13 18:23:03,993 INFO  [org.apa.kaf.cli.pro.int.TransactionManager] (kafka-producer-network-thread | Producer-topic-aeab2a7f_5c00_45bd_b2e9_90f11d909bca) [Producer clientId=Producer-topic-aeab2a7f_5c00_45bd_b2e9_90f11d909bca] ProducerId set to 19 with epoch 0
2025-08-13 18:23:03,994 INFO  [org.apa.kaf.cli.pro.ProducerConfig] (main) ProducerConfig values: 
	acks = -1
	auto.include.jmx.reporter = true
	batch.size = 16384
	bootstrap.servers = [PLAINTEXT://localhost:32769]
	buffer.memory = 33554432
	client.dns.lookup = use_all_dns_ips
	client.id = Producer-topic-2f4d8814_b7bb_4cb1_af03_9038ff7416db
	compression.gzip.level = -1
	compression.lz4.level = 9
	compression.type = none
	compression.zstd.level = 3
	connections.max.idle.ms = 10000
	delivery.timeout.ms = 120000
	enable.idempotence = true
	enable.metrics.push = true
	interceptor.classes = []
	key.serializer = class org.apache.kafka.common.serialization.StringSerializer
	linger.ms = 0
	max.block.ms = 60000
	max.in.flight.requests.per.connection = 5
	max.request.size = 1048576
	metadata.max.age.ms = 300000
	metadata.max.idle.ms = 300000
	metadata.recovery.strategy = none
	metric.reporters = []
	metrics.num.samples = 2
	metrics.recording.level = INFO
	metrics.sample.window.ms = 30000
	partitioner.adaptive.partitioning.enable = true
	partitioner.availability.timeout.ms = 0
	partitioner.class = null
	partitioner.ignore.keys = false
	receive.buffer.bytes = 32768
	reconnect.backoff.max.ms = 1000
	reconnect.backoff.ms = 50
	request.timeout.ms = 5000
	retries = 2147483647
	retry.backoff.max.ms = 1000
	retry.backoff.ms = 100
	sasl.client.callback.handler.class = null
	sasl.jaas.config = null
	sasl.kerberos.kinit.cmd = /usr/bin/kinit
	sasl.kerberos.min.time.before.relogin = 60000
	sasl.kerberos.service.name = null
	sasl.kerberos.ticket.renew.jitter = 0.05
	sasl.kerberos.ticket.renew.window.factor = 0.8
	sasl.login.callback.handler.class = null
	sasl.login.class = null
	sasl.login.connect.timeout.ms = null
	sasl.login.read.timeout.ms = null
	sasl.login.refresh.buffer.seconds = 300
	sasl.login.refresh.min.period.seconds = 60
	sasl.login.refresh.window.factor = 0.8
	sasl.login.refresh.window.jitter = 0.05
	sasl.login.retry.backoff.max.ms = 10000
	sasl.login.retry.backoff.ms = 100
	sasl.mechanism = GSSAPI
	sasl.oauthbearer.clock.skew.seconds = 30
	sasl.oauthbearer.expected.audience = null
	sasl.oauthbearer.expected.issuer = null
	sasl.oauthbearer.header.urlencode = false
	sasl.oauthbearer.jwks.endpoint.refresh.ms = 3600000
	sasl.oauthbearer.jwks.endpoint.retry.backoff.max.ms = 10000
	sasl.oauthbearer.jwks.endpoint.retry.backoff.ms = 100
	sasl.oauthbearer.jwks.endpoint.url = null
	sasl.oauthbearer.scope.claim.name = scope
	sasl.oauthbearer.sub.claim.name = sub
	sasl.oauthbearer.token.endpoint.url = null
	security.protocol = PLAINTEXT
	security.providers = null
	send.buffer.bytes = 131072
	socket.connection.setup.timeout.max.ms = 30000
	socket.connection.setup.timeout.ms = 10000
	ssl.cipher.suites = null
	ssl.enabled.protocols = [TLSv1.2, TLSv1.3]
	ssl.endpoint.identification.algorithm = https
	ssl.engine.factory.class = null
	ssl.key.password = null
	ssl.keymanager.algorithm = SunX509
	ssl.keystore.certificate.chain = null
	ssl.keystore.key = null
	ssl.keystore.location = null
	ssl.keystore.password = null
	ssl.keystore.type = JKS
	ssl.protocol = TLSv1.3
	ssl.provider = null
	ssl.secure.random.implementation = null
	ssl.trustmanager.algorithm = PKIX
	ssl.truststore.certificates = null
	ssl.truststore.location = null
	ssl.truststore.password = null
	ssl.truststore.type = JKS
	transaction.timeout.ms = 60000
	transactional.id = null
	value.serializer = class io.apicurio.registry.serde.avro.AvroKafkaSerializer

2025-08-13 18:23:03,994 INFO  [org.apa.kaf.com.tel.int.KafkaMetricsCollector] (main) initializing Kafka metrics collector
2025-08-13 18:23:03,995 INFO  [org.apa.kaf.cli.Metadata] (kafka-producer-network-thread | Producer-topic-bb853deb_6c07_45ba_a39c_afd0e4d42eef) [Producer clientId=Producer-topic-bb853deb_6c07_45ba_a39c_afd0e4d42eef] Cluster ID: qvRm5C5FS3SD7xP4bjB8Pg
2025-08-13 18:23:03,996 INFO  [org.apa.kaf.cli.pro.int.TransactionManager] (kafka-producer-network-thread | Producer-topic-bb853deb_6c07_45ba_a39c_afd0e4d42eef) [Producer clientId=Producer-topic-bb853deb_6c07_45ba_a39c_afd0e4d42eef] ProducerId set to 20 with epoch 0
2025-08-13 18:23:04,003 INFO  [org.apa.kaf.cli.pro.KafkaProducer] (main) [Producer clientId=Producer-topic-2f4d8814_b7bb_4cb1_af03_9038ff7416db] Instantiated an idempotent producer.
2025-08-13 18:23:04,005 INFO  [org.apa.kaf.cli.pro.ProducerConfig] (main) These configurations '[apicurio.registry.url, apicurio.registry.artifact-resolver-strategy]' were supplied but are not used yet.
2025-08-13 18:23:04,005 INFO  [org.apa.kaf.com.uti.AppInfoParser] (main) Kafka version: 3.9.1
2025-08-13 18:23:04,005 INFO  [org.apa.kaf.com.uti.AppInfoParser] (main) Kafka commitId: f745dfdcee2b9851
2025-08-13 18:23:04,005 INFO  [org.apa.kaf.com.uti.AppInfoParser] (main) Kafka startTimeMs: 1755109384005
**** Registry Base URL: http://registry-app-mysql.apps.ci419.apicurio-testing.org:80
2025-08-13 18:23:04,005 INFO  [org.apa.kaf.cli.con.ConsumerConfig] (main) ConsumerConfig values: 
	allow.auto.create.topics = true
	auto.commit.interval.ms = 500
	auto.include.jmx.reporter = true
	auto.offset.reset = earliest
	bootstrap.servers = [PLAINTEXT://localhost:32769]
	check.crcs = true
	client.dns.lookup = use_all_dns_ips
	client.id = consumer-Consumer-topic-aeab2a7f_5c00_45bd_b2e9_90f11d909bca-14
	client.rack = 
	connections.max.idle.ms = 10000
	default.api.timeout.ms = 60000
	enable.auto.commit = true
	enable.metrics.push = true
	exclude.internal.topics = true
	fetch.max.bytes = 52428800
	fetch.max.wait.ms = 500
	fetch.min.bytes = 1
	group.id = Consumer-topic-aeab2a7f_5c00_45bd_b2e9_90f11d909bca
	group.instance.id = null
	group.protocol = classic
	group.remote.assignor = null
	heartbeat.interval.ms = 3000
	interceptor.classes = []
	internal.leave.group.on.close = true
	internal.throw.on.fetch.stable.offset.unsupported = false
	isolation.level = read_uncommitted
	key.deserializer = class org.apache.kafka.common.serialization.StringDeserializer
	max.partition.fetch.bytes = 1048576
	max.poll.interval.ms = 300000
	max.poll.records = 500
	metadata.max.age.ms = 300000
	metadata.recovery.strategy = none
	metric.reporters = []
	metrics.num.samples = 2
	metrics.recording.level = INFO
	metrics.sample.window.ms = 30000
	partition.assignment.strategy = [class org.apache.kafka.clients.consumer.RangeAssignor, class org.apache.kafka.clients.consumer.CooperativeStickyAssignor]
	receive.buffer.bytes = 65536
	reconnect.backoff.max.ms = 1000
	reconnect.backoff.ms = 50
	request.timeout.ms = 5000
	retry.backoff.max.ms = 1000
	retry.backoff.ms = 100
	sasl.client.callback.handler.class = null
	sasl.jaas.config = null
	sasl.kerberos.kinit.cmd = /usr/bin/kinit
	sasl.kerberos.min.time.before.relogin = 60000
	sasl.kerberos.service.name = null
	sasl.kerberos.ticket.renew.jitter = 0.05
	sasl.kerberos.ticket.renew.window.factor = 0.8
	sasl.login.callback.handler.class = null
	sasl.login.class = null
	sasl.login.connect.timeout.ms = null
	sasl.login.read.timeout.ms = null
	sasl.login.refresh.buffer.seconds = 300
	sasl.login.refresh.min.period.seconds = 60
	sasl.login.refresh.window.factor = 0.8
	sasl.login.refresh.window.jitter = 0.05
	sasl.login.retry.backoff.max.ms = 10000
	sasl.login.retry.backoff.ms = 100
	sasl.mechanism = GSSAPI
	sasl.oauthbearer.clock.skew.seconds = 30
	sasl.oauthbearer.expected.audience = null
	sasl.oauthbearer.expected.issuer = null
	sasl.oauthbearer.header.urlencode = false
	sasl.oauthbearer.jwks.endpoint.refresh.ms = 3600000
	sasl.oauthbearer.jwks.endpoint.retry.backoff.max.ms = 10000
	sasl.oauthbearer.jwks.endpoint.retry.backoff.ms = 100
	sasl.oauthbearer.jwks.endpoint.url = null
	sasl.oauthbearer.scope.claim.name = scope
	sasl.oauthbearer.sub.claim.name = sub
	sasl.oauthbearer.token.endpoint.url = null
	security.protocol = PLAINTEXT
	security.providers = null
	send.buffer.bytes = 131072
	session.timeout.ms = 45000
	socket.connection.setup.timeout.max.ms = 30000
	socket.connection.setup.timeout.ms = 10000
	ssl.cipher.suites = null
	ssl.enabled.protocols = [TLSv1.2, TLSv1.3]
	ssl.endpoint.identification.algorithm = https
	ssl.engine.factory.class = null
	ssl.key.password = null
	ssl.keymanager.algorithm = SunX509
	ssl.keystore.certificate.chain = null
	ssl.keystore.key = null
	ssl.keystore.location = null
	ssl.keystore.password = null
	ssl.keystore.type = JKS
	ssl.protocol = TLSv1.3
	ssl.provider = null
	ssl.secure.random.implementation = null
	ssl.trustmanager.algorithm = PKIX
	ssl.truststore.certificates = null
	ssl.truststore.location = null
	ssl.truststore.password = null
	ssl.truststore.type = JKS
	value.deserializer = class io.apicurio.registry.serde.avro.AvroKafkaDeserializer

2025-08-13 18:23:04,006 INFO  [org.apa.kaf.com.tel.int.KafkaMetricsCollector] (main) initializing Kafka metrics collector
2025-08-13 18:23:04,010 INFO  [org.apa.kaf.cli.Metadata] (kafka-producer-network-thread | Producer-topic-2f4d8814_b7bb_4cb1_af03_9038ff7416db) [Producer clientId=Producer-topic-2f4d8814_b7bb_4cb1_af03_9038ff7416db] Cluster ID: qvRm5C5FS3SD7xP4bjB8Pg
2025-08-13 18:23:04,010 INFO  [org.apa.kaf.cli.pro.int.TransactionManager] (kafka-producer-network-thread | Producer-topic-2f4d8814_b7bb_4cb1_af03_9038ff7416db) [Producer clientId=Producer-topic-2f4d8814_b7bb_4cb1_af03_9038ff7416db] ProducerId set to 21 with epoch 0
2025-08-13 18:23:04,013 INFO  [org.apa.kaf.cli.con.ConsumerConfig] (main) These configurations '[apicurio.registry.url]' were supplied but are not used yet.
2025-08-13 18:23:04,013 INFO  [org.apa.kaf.com.uti.AppInfoParser] (main) Kafka version: 3.9.1
2025-08-13 18:23:04,013 INFO  [org.apa.kaf.com.uti.AppInfoParser] (main) Kafka commitId: f745dfdcee2b9851
2025-08-13 18:23:04,013 INFO  [org.apa.kaf.com.uti.AppInfoParser] (main) Kafka startTimeMs: 1755109384013
**** Registry Base URL: http://registry-app-mysql.apps.ci419.apicurio-testing.org:80
2025-08-13 18:23:04,014 INFO  [org.apa.kaf.cli.con.ConsumerConfig] (main) ConsumerConfig values: 
	allow.auto.create.topics = true
	auto.commit.interval.ms = 500
	auto.include.jmx.reporter = true
	auto.offset.reset = earliest
	bootstrap.servers = [PLAINTEXT://localhost:32769]
	check.crcs = true
	client.dns.lookup = use_all_dns_ips
	client.id = consumer-Consumer-topic-bb853deb_6c07_45ba_a39c_afd0e4d42eef-15
	client.rack = 
	connections.max.idle.ms = 10000
	default.api.timeout.ms = 60000
	enable.auto.commit = true
	enable.metrics.push = true
	exclude.internal.topics = true
	fetch.max.bytes = 52428800
	fetch.max.wait.ms = 500
	fetch.min.bytes = 1
	group.id = Consumer-topic-bb853deb_6c07_45ba_a39c_afd0e4d42eef
	group.instance.id = null
	group.protocol = classic
	group.remote.assignor = null
	heartbeat.interval.ms = 3000
	interceptor.classes = []
	internal.leave.group.on.close = true
	internal.throw.on.fetch.stable.offset.unsupported = false
	isolation.level = read_uncommitted
	key.deserializer = class org.apache.kafka.common.serialization.StringDeserializer
	max.partition.fetch.bytes = 1048576
	max.poll.interval.ms = 300000
	max.poll.records = 500
	metadata.max.age.ms = 300000
	metadata.recovery.strategy = none
	metric.reporters = []
	metrics.num.samples = 2
	metrics.recording.level = INFO
	metrics.sample.window.ms = 30000
	partition.assignment.strategy = [class org.apache.kafka.clients.consumer.RangeAssignor, class org.apache.kafka.clients.consumer.CooperativeStickyAssignor]
	receive.buffer.bytes = 65536
	reconnect.backoff.max.ms = 1000
	reconnect.backoff.ms = 50
	request.timeout.ms = 5000
	retry.backoff.max.ms = 1000
	retry.backoff.ms = 100
	sasl.client.callback.handler.class = null
	sasl.jaas.config = null
	sasl.kerberos.kinit.cmd = /usr/bin/kinit
	sasl.kerberos.min.time.before.relogin = 60000
	sasl.kerberos.service.name = null
	sasl.kerberos.ticket.renew.jitter = 0.05
	sasl.kerberos.ticket.renew.window.factor = 0.8
	sasl.login.callback.handler.class = null
	sasl.login.class = null
	sasl.login.connect.timeout.ms = null
	sasl.login.read.timeout.ms = null
	sasl.login.refresh.buffer.seconds = 300
	sasl.login.refresh.min.period.seconds = 60
	sasl.login.refresh.window.factor = 0.8
	sasl.login.refresh.window.jitter = 0.05
	sasl.login.retry.backoff.max.ms = 10000
	sasl.login.retry.backoff.ms = 100
	sasl.mechanism = GSSAPI
	sasl.oauthbearer.clock.skew.seconds = 30
	sasl.oauthbearer.expected.audience = null
	sasl.oauthbearer.expected.issuer = null
	sasl.oauthbearer.header.urlencode = false
	sasl.oauthbearer.jwks.endpoint.refresh.ms = 3600000
	sasl.oauthbearer.jwks.endpoint.retry.backoff.max.ms = 10000
	sasl.oauthbearer.jwks.endpoint.retry.backoff.ms = 100
	sasl.oauthbearer.jwks.endpoint.url = null
	sasl.oauthbearer.scope.claim.name = scope
	sasl.oauthbearer.sub.claim.name = sub
	sasl.oauthbearer.token.endpoint.url = null
	security.protocol = PLAINTEXT
	security.providers = null
	send.buffer.bytes = 131072
	session.timeout.ms = 45000
	socket.connection.setup.timeout.max.ms = 30000
	socket.connection.setup.timeout.ms = 10000
	ssl.cipher.suites = null
	ssl.enabled.protocols = [TLSv1.2, TLSv1.3]
	ssl.endpoint.identification.algorithm = https
	ssl.engine.factory.class = null
	ssl.key.password = null
	ssl.keymanager.algorithm = SunX509
	ssl.keystore.certificate.chain = null
	ssl.keystore.key = null
	ssl.keystore.location = null
	ssl.keystore.password = null
	ssl.keystore.type = JKS
	ssl.protocol = TLSv1.3
	ssl.provider = null
	ssl.secure.random.implementation = null
	ssl.trustmanager.algorithm = PKIX
	ssl.truststore.certificates = null
	ssl.truststore.location = null
	ssl.truststore.password = null
	ssl.truststore.type = JKS
	value.deserializer = class io.apicurio.registry.serde.avro.AvroKafkaDeserializer

2025-08-13 18:23:04,015 INFO  [org.apa.kaf.com.tel.int.KafkaMetricsCollector] (main) initializing Kafka metrics collector
2025-08-13 18:23:04,020 INFO  [org.apa.kaf.cli.con.ConsumerConfig] (main) These configurations '[apicurio.registry.url]' were supplied but are not used yet.
2025-08-13 18:23:04,020 INFO  [org.apa.kaf.com.uti.AppInfoParser] (main) Kafka version: 3.9.1
2025-08-13 18:23:04,020 INFO  [org.apa.kaf.com.uti.AppInfoParser] (main) Kafka commitId: f745dfdcee2b9851
2025-08-13 18:23:04,020 INFO  [org.apa.kaf.com.uti.AppInfoParser] (main) Kafka startTimeMs: 1755109384020
**** Registry Base URL: http://registry-app-mysql.apps.ci419.apicurio-testing.org:80
2025-08-13 18:23:04,021 INFO  [org.apa.kaf.cli.con.ConsumerConfig] (main) ConsumerConfig values: 
	allow.auto.create.topics = true
	auto.commit.interval.ms = 500
	auto.include.jmx.reporter = true
	auto.offset.reset = earliest
	bootstrap.servers = [PLAINTEXT://localhost:32769]
	check.crcs = true
	client.dns.lookup = use_all_dns_ips
	client.id = consumer-Consumer-topic-2f4d8814_b7bb_4cb1_af03_9038ff7416db-16
	client.rack = 
	connections.max.idle.ms = 10000
	default.api.timeout.ms = 60000
	enable.auto.commit = true
	enable.metrics.push = true
	exclude.internal.topics = true
	fetch.max.bytes = 52428800
	fetch.max.wait.ms = 500
	fetch.min.bytes = 1
	group.id = Consumer-topic-2f4d8814_b7bb_4cb1_af03_9038ff7416db
	group.instance.id = null
	group.protocol = classic
	group.remote.assignor = null
	heartbeat.interval.ms = 3000
	interceptor.classes = []
	internal.leave.group.on.close = true
	internal.throw.on.fetch.stable.offset.unsupported = false
	isolation.level = read_uncommitted
	key.deserializer = class org.apache.kafka.common.serialization.StringDeserializer
	max.partition.fetch.bytes = 1048576
	max.poll.interval.ms = 300000
	max.poll.records = 500
	metadata.max.age.ms = 300000
	metadata.recovery.strategy = none
	metric.reporters = []
	metrics.num.samples = 2
	metrics.recording.level = INFO
	metrics.sample.window.ms = 30000
	partition.assignment.strategy = [class org.apache.kafka.clients.consumer.RangeAssignor, class org.apache.kafka.clients.consumer.CooperativeStickyAssignor]
	receive.buffer.bytes = 65536
	reconnect.backoff.max.ms = 1000
	reconnect.backoff.ms = 50
	request.timeout.ms = 5000
	retry.backoff.max.ms = 1000
	retry.backoff.ms = 100
	sasl.client.callback.handler.class = null
	sasl.jaas.config = null
	sasl.kerberos.kinit.cmd = /usr/bin/kinit
	sasl.kerberos.min.time.before.relogin = 60000
	sasl.kerberos.service.name = null
	sasl.kerberos.ticket.renew.jitter = 0.05
	sasl.kerberos.ticket.renew.window.factor = 0.8
	sasl.login.callback.handler.class = null
	sasl.login.class = null
	sasl.login.connect.timeout.ms = null
	sasl.login.read.timeout.ms = null
	sasl.login.refresh.buffer.seconds = 300
	sasl.login.refresh.min.period.seconds = 60
	sasl.login.refresh.window.factor = 0.8
	sasl.login.refresh.window.jitter = 0.05
	sasl.login.retry.backoff.max.ms = 10000
	sasl.login.retry.backoff.ms = 100
	sasl.mechanism = GSSAPI
	sasl.oauthbearer.clock.skew.seconds = 30
	sasl.oauthbearer.expected.audience = null
	sasl.oauthbearer.expected.issuer = null
	sasl.oauthbearer.header.urlencode = false
	sasl.oauthbearer.jwks.endpoint.refresh.ms = 3600000
	sasl.oauthbearer.jwks.endpoint.retry.backoff.max.ms = 10000
	sasl.oauthbearer.jwks.endpoint.retry.backoff.ms = 100
	sasl.oauthbearer.jwks.endpoint.url = null
	sasl.oauthbearer.scope.claim.name = scope
	sasl.oauthbearer.sub.claim.name = sub
	sasl.oauthbearer.token.endpoint.url = null
	security.protocol = PLAINTEXT
	security.providers = null
	send.buffer.bytes = 131072
	session.timeout.ms = 45000
	socket.connection.setup.timeout.max.ms = 30000
	socket.connection.setup.timeout.ms = 10000
	ssl.cipher.suites = null
	ssl.enabled.protocols = [TLSv1.2, TLSv1.3]
	ssl.endpoint.identification.algorithm = https
	ssl.engine.factory.class = null
	ssl.key.password = null
	ssl.keymanager.algorithm = SunX509
	ssl.keystore.certificate.chain = null
	ssl.keystore.key = null
	ssl.keystore.location = null
	ssl.keystore.password = null
	ssl.keystore.type = JKS
	ssl.protocol = TLSv1.3
	ssl.provider = null
	ssl.secure.random.implementation = null
	ssl.trustmanager.algorithm = PKIX
	ssl.truststore.certificates = null
	ssl.truststore.location = null
	ssl.truststore.password = null
	ssl.truststore.type = JKS
	value.deserializer = class io.apicurio.registry.serde.avro.AvroKafkaDeserializer

2025-08-13 18:23:04,021 INFO  [org.apa.kaf.com.tel.int.KafkaMetricsCollector] (main) initializing Kafka metrics collector
2025-08-13 18:23:04,028 INFO  [org.apa.kaf.cli.con.ConsumerConfig] (main) These configurations '[apicurio.registry.url]' were supplied but are not used yet.
2025-08-13 18:23:04,028 INFO  [org.apa.kaf.com.uti.AppInfoParser] (main) Kafka version: 3.9.1
2025-08-13 18:23:04,028 INFO  [org.apa.kaf.com.uti.AppInfoParser] (main) Kafka commitId: f745dfdcee2b9851
2025-08-13 18:23:04,028 INFO  [org.apa.kaf.com.uti.AppInfoParser] (main) Kafka startTimeMs: 1755109384028
2025-08-13 18:23:04,029 INFO  [io.api.tes.ser.api.KafkaSerdesTester] (Thread-713) Sending message {"key11755109382769": "value-0"} to topic topic-aeab2a7f_5c00_45bd_b2e9_90f11d909bca
2025-08-13 18:23:04,034 INFO  [DefaultSchemaResolver] (Thread-713) Retrieving schema content using string: {"type":"record","name":"myrecordconfluent","fields":[{"name":"key11755109382769","type":"string"}]}
2025-08-13 18:23:04,192 INFO  [io.api.tes.ser.api.KafkaSerdesTester] (Thread-713) Sending message {"key11755109382769": "value-1"} to topic topic-aeab2a7f_5c00_45bd_b2e9_90f11d909bca
2025-08-13 18:23:04,193 INFO  [io.api.tes.ser.api.KafkaSerdesTester] (Thread-713) Sending message {"key11755109382769": "value-2"} to topic topic-aeab2a7f_5c00_45bd_b2e9_90f11d909bca
2025-08-13 18:23:04,194 INFO  [io.api.tes.ser.api.KafkaSerdesTester] (Thread-713) Sending message {"key11755109382769": "value-3"} to topic topic-aeab2a7f_5c00_45bd_b2e9_90f11d909bca
2025-08-13 18:23:04,195 INFO  [io.api.tes.ser.api.KafkaSerdesTester] (Thread-713) Sending message {"key11755109382769": "value-4"} to topic topic-aeab2a7f_5c00_45bd_b2e9_90f11d909bca
2025-08-13 18:23:04,196 INFO  [io.api.tes.ser.api.KafkaSerdesTester] (Thread-713) Sending message {"key11755109382769": "value-5"} to topic topic-aeab2a7f_5c00_45bd_b2e9_90f11d909bca
2025-08-13 18:23:04,197 INFO  [io.api.tes.ser.api.KafkaSerdesTester] (Thread-713) Sending message {"key11755109382769": "value-6"} to topic topic-aeab2a7f_5c00_45bd_b2e9_90f11d909bca
2025-08-13 18:23:04,198 INFO  [io.api.tes.ser.api.KafkaSerdesTester] (Thread-713) Sending message {"key11755109382769": "value-7"} to topic topic-aeab2a7f_5c00_45bd_b2e9_90f11d909bca
2025-08-13 18:23:04,199 INFO  [io.api.tes.ser.api.KafkaSerdesTester] (Thread-713) Sending message {"key11755109382769": "value-8"} to topic topic-aeab2a7f_5c00_45bd_b2e9_90f11d909bca
2025-08-13 18:23:04,200 INFO  [io.api.tes.ser.api.KafkaSerdesTester] (Thread-713) Sending message {"key11755109382769": "value-9"} to topic topic-aeab2a7f_5c00_45bd_b2e9_90f11d909bca
2025-08-13 18:23:04,201 INFO  [io.api.tes.ser.api.KafkaSerdesTester] (Thread-713) Produced 10 messages
2025-08-13 18:23:04,201 INFO  [org.apa.kaf.cli.pro.KafkaProducer] (Thread-713) [Producer clientId=Producer-topic-aeab2a7f_5c00_45bd_b2e9_90f11d909bca] Closing the Kafka producer with timeoutMillis = 9223372036854775807 ms.
2025-08-13 18:23:04,203 INFO  [org.apa.kaf.com.met.Metrics] (Thread-713) Metrics scheduler closed
2025-08-13 18:23:04,203 INFO  [org.apa.kaf.com.met.Metrics] (Thread-713) Closing reporter org.apache.kafka.common.metrics.JmxReporter
2025-08-13 18:23:04,203 INFO  [org.apa.kaf.com.met.Metrics] (Thread-713) Closing reporter org.apache.kafka.common.telemetry.internals.ClientTelemetryReporter
2025-08-13 18:23:04,203 INFO  [org.apa.kaf.com.met.Metrics] (Thread-713) Metrics reporters closed
2025-08-13 18:23:04,203 INFO  [org.apa.kaf.com.uti.AppInfoParser] (Thread-713) App info kafka.producer for Producer-topic-aeab2a7f_5c00_45bd_b2e9_90f11d909bca unregistered
2025-08-13 18:23:04,205 INFO  [io.api.tes.ser.api.KafkaSerdesTester] (Thread-714) Sending message {"key11755109382769": "value-0"} to topic topic-bb853deb_6c07_45ba_a39c_afd0e4d42eef
2025-08-13 18:23:04,207 INFO  [DefaultSchemaResolver] (Thread-714) Retrieving schema content using string: {"type":"record","name":"myrecordconfluent","fields":[{"name":"key11755109382769","type":"string"}]}
2025-08-13 18:23:04,369 INFO  [io.api.tes.ser.api.KafkaSerdesTester] (Thread-714) Sending message {"key11755109382769": "value-1"} to topic topic-bb853deb_6c07_45ba_a39c_afd0e4d42eef
2025-08-13 18:23:04,370 INFO  [io.api.tes.ser.api.KafkaSerdesTester] (Thread-714) Sending message {"key11755109382769": "value-2"} to topic topic-bb853deb_6c07_45ba_a39c_afd0e4d42eef
2025-08-13 18:23:04,371 INFO  [io.api.tes.ser.api.KafkaSerdesTester] (Thread-714) Sending message {"key11755109382769": "value-3"} to topic topic-bb853deb_6c07_45ba_a39c_afd0e4d42eef
2025-08-13 18:23:04,374 INFO  [io.api.tes.ser.api.KafkaSerdesTester] (Thread-714) Sending message {"key11755109382769": "value-4"} to topic topic-bb853deb_6c07_45ba_a39c_afd0e4d42eef
2025-08-13 18:23:04,376 INFO  [io.api.tes.ser.api.KafkaSerdesTester] (Thread-714) Sending message {"key11755109382769": "value-5"} to topic topic-bb853deb_6c07_45ba_a39c_afd0e4d42eef
2025-08-13 18:23:04,379 INFO  [io.api.tes.ser.api.KafkaSerdesTester] (Thread-714) Sending message {"key11755109382769": "value-6"} to topic topic-bb853deb_6c07_45ba_a39c_afd0e4d42eef
2025-08-13 18:23:04,381 INFO  [io.api.tes.ser.api.KafkaSerdesTester] (Thread-714) Sending message {"key11755109382769": "value-7"} to topic topic-bb853deb_6c07_45ba_a39c_afd0e4d42eef
2025-08-13 18:23:04,382 INFO  [io.api.tes.ser.api.KafkaSerdesTester] (Thread-714) Sending message {"key11755109382769": "value-8"} to topic topic-bb853deb_6c07_45ba_a39c_afd0e4d42eef
2025-08-13 18:23:04,383 INFO  [io.api.tes.ser.api.KafkaSerdesTester] (Thread-714) Sending message {"key11755109382769": "value-9"} to topic topic-bb853deb_6c07_45ba_a39c_afd0e4d42eef
2025-08-13 18:23:04,384 INFO  [io.api.tes.ser.api.KafkaSerdesTester] (Thread-714) Produced 10 messages
2025-08-13 18:23:04,384 INFO  [org.apa.kaf.cli.pro.KafkaProducer] (Thread-714) [Producer clientId=Producer-topic-bb853deb_6c07_45ba_a39c_afd0e4d42eef] Closing the Kafka producer with timeoutMillis = 9223372036854775807 ms.
2025-08-13 18:23:04,386 INFO  [org.apa.kaf.com.met.Metrics] (Thread-714) Metrics scheduler closed
2025-08-13 18:23:04,386 INFO  [org.apa.kaf.com.met.Metrics] (Thread-714) Closing reporter org.apache.kafka.common.metrics.JmxReporter
2025-08-13 18:23:04,386 INFO  [org.apa.kaf.com.met.Metrics] (Thread-714) Closing reporter org.apache.kafka.common.telemetry.internals.ClientTelemetryReporter
2025-08-13 18:23:04,386 INFO  [org.apa.kaf.com.met.Metrics] (Thread-714) Metrics reporters closed
2025-08-13 18:23:04,386 INFO  [org.apa.kaf.com.uti.AppInfoParser] (Thread-714) App info kafka.producer for Producer-topic-bb853deb_6c07_45ba_a39c_afd0e4d42eef unregistered
2025-08-13 18:23:04,387 INFO  [io.api.tes.ser.api.KafkaSerdesTester] (Thread-715) Sending message {"key11755109382769": "value-0"} to topic topic-2f4d8814_b7bb_4cb1_af03_9038ff7416db
2025-08-13 18:23:04,391 INFO  [DefaultSchemaResolver] (Thread-715) Retrieving schema content using string: {"type":"record","name":"myrecordconfluent","fields":[{"name":"key11755109382769","type":"string"}]}
2025-08-13 18:23:04,552 INFO  [io.api.tes.ser.api.KafkaSerdesTester] (Thread-715) Sending message {"key11755109382769": "value-1"} to topic topic-2f4d8814_b7bb_4cb1_af03_9038ff7416db
2025-08-13 18:23:04,555 INFO  [io.api.tes.ser.api.KafkaSerdesTester] (Thread-715) Sending message {"key11755109382769": "value-2"} to topic topic-2f4d8814_b7bb_4cb1_af03_9038ff7416db
2025-08-13 18:23:04,556 INFO  [io.api.tes.ser.api.KafkaSerdesTester] (Thread-715) Sending message {"key11755109382769": "value-3"} to topic topic-2f4d8814_b7bb_4cb1_af03_9038ff7416db
2025-08-13 18:23:04,558 INFO  [io.api.tes.ser.api.KafkaSerdesTester] (Thread-715) Sending message {"key11755109382769": "value-4"} to topic topic-2f4d8814_b7bb_4cb1_af03_9038ff7416db
2025-08-13 18:23:04,560 INFO  [io.api.tes.ser.api.KafkaSerdesTester] (Thread-715) Sending message {"key11755109382769": "value-5"} to topic topic-2f4d8814_b7bb_4cb1_af03_9038ff7416db
2025-08-13 18:23:04,562 INFO  [io.api.tes.ser.api.KafkaSerdesTester] (Thread-715) Sending message {"key11755109382769": "value-6"} to topic topic-2f4d8814_b7bb_4cb1_af03_9038ff7416db
2025-08-13 18:23:04,563 INFO  [io.api.tes.ser.api.KafkaSerdesTester] (Thread-715) Sending message {"key11755109382769": "value-7"} to topic topic-2f4d8814_b7bb_4cb1_af03_9038ff7416db
2025-08-13 18:23:04,567 INFO  [io.api.tes.ser.api.KafkaSerdesTester] (Thread-715) Sending message {"key11755109382769": "value-8"} to topic topic-2f4d8814_b7bb_4cb1_af03_9038ff7416db
2025-08-13 18:23:04,568 INFO  [io.api.tes.ser.api.KafkaSerdesTester] (Thread-715) Sending message {"key11755109382769": "value-9"} to topic topic-2f4d8814_b7bb_4cb1_af03_9038ff7416db
2025-08-13 18:23:04,570 INFO  [io.api.tes.ser.api.KafkaSerdesTester] (Thread-715) Produced 10 messages
2025-08-13 18:23:04,570 INFO  [org.apa.kaf.cli.pro.KafkaProducer] (Thread-715) [Producer clientId=Producer-topic-2f4d8814_b7bb_4cb1_af03_9038ff7416db] Closing the Kafka producer with timeoutMillis = 9223372036854775807 ms.
2025-08-13 18:23:04,572 INFO  [org.apa.kaf.com.met.Metrics] (Thread-715) Metrics scheduler closed
2025-08-13 18:23:04,573 INFO  [org.apa.kaf.com.met.Metrics] (Thread-715) Closing reporter org.apache.kafka.common.metrics.JmxReporter
2025-08-13 18:23:04,573 INFO  [org.apa.kaf.com.met.Metrics] (Thread-715) Closing reporter org.apache.kafka.common.telemetry.internals.ClientTelemetryReporter
2025-08-13 18:23:04,573 INFO  [org.apa.kaf.com.met.Metrics] (Thread-715) Metrics reporters closed
2025-08-13 18:23:04,573 INFO  [org.apa.kaf.com.uti.AppInfoParser] (Thread-715) App info kafka.producer for Producer-topic-2f4d8814_b7bb_4cb1_af03_9038ff7416db unregistered
2025-08-13 18:23:04,575 INFO  [org.apa.kaf.cli.con.int.ClassicKafkaConsumer] (Thread-716) [Consumer clientId=consumer-Consumer-topic-aeab2a7f_5c00_45bd_b2e9_90f11d909bca-14, groupId=Consumer-topic-aeab2a7f_5c00_45bd_b2e9_90f11d909bca] Subscribed to topic(s): topic-aeab2a7f_5c00_45bd_b2e9_90f11d909bca
2025-08-13 18:23:04,579 INFO  [org.apa.kaf.cli.Metadata] (Thread-716) [Consumer clientId=consumer-Consumer-topic-aeab2a7f_5c00_45bd_b2e9_90f11d909bca-14, groupId=Consumer-topic-aeab2a7f_5c00_45bd_b2e9_90f11d909bca] Cluster ID: qvRm5C5FS3SD7xP4bjB8Pg
2025-08-13 18:23:04,580 INFO  [org.apa.kaf.cli.con.int.ConsumerCoordinator] (Thread-716) [Consumer clientId=consumer-Consumer-topic-aeab2a7f_5c00_45bd_b2e9_90f11d909bca-14, groupId=Consumer-topic-aeab2a7f_5c00_45bd_b2e9_90f11d909bca] Discovered group coordinator localhost:32769 (id: 2147483647 rack: null)
2025-08-13 18:23:04,582 INFO  [org.apa.kaf.cli.con.int.ConsumerCoordinator] (Thread-716) [Consumer clientId=consumer-Consumer-topic-aeab2a7f_5c00_45bd_b2e9_90f11d909bca-14, groupId=Consumer-topic-aeab2a7f_5c00_45bd_b2e9_90f11d909bca] (Re-)joining group
2025-08-13 18:23:04,584 INFO  [org.apa.kaf.cli.con.int.ConsumerCoordinator] (Thread-716) [Consumer clientId=consumer-Consumer-topic-aeab2a7f_5c00_45bd_b2e9_90f11d909bca-14, groupId=Consumer-topic-aeab2a7f_5c00_45bd_b2e9_90f11d909bca] Request joining group due to: need to re-join with the given member-id: consumer-Consumer-topic-aeab2a7f_5c00_45bd_b2e9_90f11d909bca-14-485dcd15-3082-414b-ad13-7ea2b1ca5b9b
2025-08-13 18:23:04,584 INFO  [org.apa.kaf.cli.con.int.ConsumerCoordinator] (Thread-716) [Consumer clientId=consumer-Consumer-topic-aeab2a7f_5c00_45bd_b2e9_90f11d909bca-14, groupId=Consumer-topic-aeab2a7f_5c00_45bd_b2e9_90f11d909bca] (Re-)joining group
2025-08-13 18:23:05,575 INFO  [io.api.tes.ser.api.KafkaSerdesTester] (Thread-716) None found
2025-08-13 18:23:06,575 INFO  [io.api.tes.ser.api.KafkaSerdesTester] (Thread-716) None found
2025-08-13 18:23:07,576 INFO  [io.api.tes.ser.api.KafkaSerdesTester] (Thread-716) None found
2025-08-13 18:23:07,586 INFO  [org.apa.kaf.cli.con.int.ConsumerCoordinator] (Thread-716) [Consumer clientId=consumer-Consumer-topic-aeab2a7f_5c00_45bd_b2e9_90f11d909bca-14, groupId=Consumer-topic-aeab2a7f_5c00_45bd_b2e9_90f11d909bca] Successfully joined group with generation Generation{generationId=1, memberId='consumer-Consumer-topic-aeab2a7f_5c00_45bd_b2e9_90f11d909bca-14-485dcd15-3082-414b-ad13-7ea2b1ca5b9b', protocol='range'}
2025-08-13 18:23:07,586 INFO  [org.apa.kaf.cli.con.int.ConsumerCoordinator] (Thread-716) [Consumer clientId=consumer-Consumer-topic-aeab2a7f_5c00_45bd_b2e9_90f11d909bca-14, groupId=Consumer-topic-aeab2a7f_5c00_45bd_b2e9_90f11d909bca] Finished assignment for group at generation 1: {consumer-Consumer-topic-aeab2a7f_5c00_45bd_b2e9_90f11d909bca-14-485dcd15-3082-414b-ad13-7ea2b1ca5b9b=Assignment(partitions=[topic-aeab2a7f_5c00_45bd_b2e9_90f11d909bca-0])}
2025-08-13 18:23:07,593 INFO  [org.apa.kaf.cli.con.int.ConsumerCoordinator] (Thread-716) [Consumer clientId=consumer-Consumer-topic-aeab2a7f_5c00_45bd_b2e9_90f11d909bca-14, groupId=Consumer-topic-aeab2a7f_5c00_45bd_b2e9_90f11d909bca] Successfully synced group in generation Generation{generationId=1, memberId='consumer-Consumer-topic-aeab2a7f_5c00_45bd_b2e9_90f11d909bca-14-485dcd15-3082-414b-ad13-7ea2b1ca5b9b', protocol='range'}
2025-08-13 18:23:07,594 INFO  [org.apa.kaf.cli.con.int.ConsumerCoordinator] (Thread-716) [Consumer clientId=consumer-Consumer-topic-aeab2a7f_5c00_45bd_b2e9_90f11d909bca-14, groupId=Consumer-topic-aeab2a7f_5c00_45bd_b2e9_90f11d909bca] Notifying assignor about the new Assignment(partitions=[topic-aeab2a7f_5c00_45bd_b2e9_90f11d909bca-0])
2025-08-13 18:23:07,594 INFO  [org.apa.kaf.cli.con.int.ConsumerRebalanceListenerInvoker] (Thread-716) [Consumer clientId=consumer-Consumer-topic-aeab2a7f_5c00_45bd_b2e9_90f11d909bca-14, groupId=Consumer-topic-aeab2a7f_5c00_45bd_b2e9_90f11d909bca] Adding newly assigned partitions: topic-aeab2a7f_5c00_45bd_b2e9_90f11d909bca-0
2025-08-13 18:23:07,594 INFO  [org.apa.kaf.cli.con.int.ConsumerCoordinator] (Thread-716) [Consumer clientId=consumer-Consumer-topic-aeab2a7f_5c00_45bd_b2e9_90f11d909bca-14, groupId=Consumer-topic-aeab2a7f_5c00_45bd_b2e9_90f11d909bca] Found no committed offset for partition topic-aeab2a7f_5c00_45bd_b2e9_90f11d909bca-0
2025-08-13 18:23:07,597 INFO  [org.apa.kaf.cli.con.int.SubscriptionState] (Thread-716) [Consumer clientId=consumer-Consumer-topic-aeab2a7f_5c00_45bd_b2e9_90f11d909bca-14, groupId=Consumer-topic-aeab2a7f_5c00_45bd_b2e9_90f11d909bca] Resetting offset for partition topic-aeab2a7f_5c00_45bd_b2e9_90f11d909bca-0 to position FetchPosition{offset=0, offsetEpoch=Optional.empty, currentLeader=LeaderAndEpoch{leader=Optional[localhost:32769 (id: 0 rack: null)], epoch=0}}.
2025-08-13 18:23:07,840 INFO  [io.api.tes.ser.api.KafkaSerdesTester] (Thread-716) topic-aeab2a7f_5c00_45bd_b2e9_90f11d909bca 0 0 {"key11755109382769": "value-0"}
2025-08-13 18:23:07,840 INFO  [io.api.tes.ser.api.KafkaSerdesTester] (Thread-716) topic-aeab2a7f_5c00_45bd_b2e9_90f11d909bca 0 1 {"key11755109382769": "value-1"}
2025-08-13 18:23:07,840 INFO  [io.api.tes.ser.api.KafkaSerdesTester] (Thread-716) topic-aeab2a7f_5c00_45bd_b2e9_90f11d909bca 0 2 {"key11755109382769": "value-2"}
2025-08-13 18:23:07,840 INFO  [io.api.tes.ser.api.KafkaSerdesTester] (Thread-716) topic-aeab2a7f_5c00_45bd_b2e9_90f11d909bca 0 3 {"key11755109382769": "value-3"}
2025-08-13 18:23:07,840 INFO  [io.api.tes.ser.api.KafkaSerdesTester] (Thread-716) topic-aeab2a7f_5c00_45bd_b2e9_90f11d909bca 0 4 {"key11755109382769": "value-4"}
2025-08-13 18:23:07,840 INFO  [io.api.tes.ser.api.KafkaSerdesTester] (Thread-716) topic-aeab2a7f_5c00_45bd_b2e9_90f11d909bca 0 5 {"key11755109382769": "value-5"}
2025-08-13 18:23:07,840 INFO  [io.api.tes.ser.api.KafkaSerdesTester] (Thread-716) topic-aeab2a7f_5c00_45bd_b2e9_90f11d909bca 0 6 {"key11755109382769": "value-6"}
2025-08-13 18:23:07,840 INFO  [io.api.tes.ser.api.KafkaSerdesTester] (Thread-716) topic-aeab2a7f_5c00_45bd_b2e9_90f11d909bca 0 7 {"key11755109382769": "value-7"}
2025-08-13 18:23:07,840 INFO  [io.api.tes.ser.api.KafkaSerdesTester] (Thread-716) topic-aeab2a7f_5c00_45bd_b2e9_90f11d909bca 0 8 {"key11755109382769": "value-8"}
2025-08-13 18:23:07,840 INFO  [io.api.tes.ser.api.KafkaSerdesTester] (Thread-716) topic-aeab2a7f_5c00_45bd_b2e9_90f11d909bca 0 9 {"key11755109382769": "value-9"}
2025-08-13 18:23:07,840 INFO  [io.api.tes.ser.api.KafkaSerdesTester] (Thread-716) Consumed 10 messages
2025-08-13 18:23:07,846 INFO  [org.apa.kaf.cli.con.int.ConsumerRebalanceListenerInvoker] (Thread-716) [Consumer clientId=consumer-Consumer-topic-aeab2a7f_5c00_45bd_b2e9_90f11d909bca-14, groupId=Consumer-topic-aeab2a7f_5c00_45bd_b2e9_90f11d909bca] Revoke previously assigned partitions topic-aeab2a7f_5c00_45bd_b2e9_90f11d909bca-0
2025-08-13 18:23:07,846 INFO  [org.apa.kaf.cli.con.int.ConsumerCoordinator] (Thread-716) [Consumer clientId=consumer-Consumer-topic-aeab2a7f_5c00_45bd_b2e9_90f11d909bca-14, groupId=Consumer-topic-aeab2a7f_5c00_45bd_b2e9_90f11d909bca] Member consumer-Consumer-topic-aeab2a7f_5c00_45bd_b2e9_90f11d909bca-14-485dcd15-3082-414b-ad13-7ea2b1ca5b9b sending LeaveGroup request to coordinator localhost:32769 (id: 2147483647 rack: null) due to the consumer is being closed
2025-08-13 18:23:07,846 INFO  [org.apa.kaf.cli.con.int.ConsumerCoordinator] (Thread-716) [Consumer clientId=consumer-Consumer-topic-aeab2a7f_5c00_45bd_b2e9_90f11d909bca-14, groupId=Consumer-topic-aeab2a7f_5c00_45bd_b2e9_90f11d909bca] Resetting generation and member id due to: consumer pro-actively leaving the group
2025-08-13 18:23:07,846 INFO  [org.apa.kaf.cli.con.int.ConsumerCoordinator] (Thread-716) [Consumer clientId=consumer-Consumer-topic-aeab2a7f_5c00_45bd_b2e9_90f11d909bca-14, groupId=Consumer-topic-aeab2a7f_5c00_45bd_b2e9_90f11d909bca] Request joining group due to: consumer pro-actively leaving the group
2025-08-13 18:23:08,342 INFO  [org.apa.kaf.com.met.Metrics] (Thread-716) Metrics scheduler closed
2025-08-13 18:23:08,342 INFO  [org.apa.kaf.com.met.Metrics] (Thread-716) Closing reporter org.apache.kafka.common.metrics.JmxReporter
2025-08-13 18:23:08,342 INFO  [org.apa.kaf.com.met.Metrics] (Thread-716) Closing reporter org.apache.kafka.common.telemetry.internals.ClientTelemetryReporter
2025-08-13 18:23:08,342 INFO  [org.apa.kaf.com.met.Metrics] (Thread-716) Metrics reporters closed
2025-08-13 18:23:08,345 INFO  [org.apa.kaf.com.uti.AppInfoParser] (Thread-716) App info kafka.consumer for consumer-Consumer-topic-aeab2a7f_5c00_45bd_b2e9_90f11d909bca-14 unregistered
2025-08-13 18:23:08,351 INFO  [org.apa.kaf.cli.con.int.ClassicKafkaConsumer] (Thread-717) [Consumer clientId=consumer-Consumer-topic-bb853deb_6c07_45ba_a39c_afd0e4d42eef-15, groupId=Consumer-topic-bb853deb_6c07_45ba_a39c_afd0e4d42eef] Subscribed to topic(s): topic-bb853deb_6c07_45ba_a39c_afd0e4d42eef
2025-08-13 18:23:08,358 INFO  [org.apa.kaf.cli.Metadata] (Thread-717) [Consumer clientId=consumer-Consumer-topic-bb853deb_6c07_45ba_a39c_afd0e4d42eef-15, groupId=Consumer-topic-bb853deb_6c07_45ba_a39c_afd0e4d42eef] Cluster ID: qvRm5C5FS3SD7xP4bjB8Pg
2025-08-13 18:23:08,360 INFO  [org.apa.kaf.cli.con.int.ConsumerCoordinator] (Thread-717) [Consumer clientId=consumer-Consumer-topic-bb853deb_6c07_45ba_a39c_afd0e4d42eef-15, groupId=Consumer-topic-bb853deb_6c07_45ba_a39c_afd0e4d42eef] Discovered group coordinator localhost:32769 (id: 2147483647 rack: null)
2025-08-13 18:23:08,364 INFO  [org.apa.kaf.cli.con.int.ConsumerCoordinator] (Thread-717) [Consumer clientId=consumer-Consumer-topic-bb853deb_6c07_45ba_a39c_afd0e4d42eef-15, groupId=Consumer-topic-bb853deb_6c07_45ba_a39c_afd0e4d42eef] (Re-)joining group
2025-08-13 18:23:08,367 INFO  [org.apa.kaf.cli.con.int.ConsumerCoordinator] (Thread-717) [Consumer clientId=consumer-Consumer-topic-bb853deb_6c07_45ba_a39c_afd0e4d42eef-15, groupId=Consumer-topic-bb853deb_6c07_45ba_a39c_afd0e4d42eef] Request joining group due to: need to re-join with the given member-id: consumer-Consumer-topic-bb853deb_6c07_45ba_a39c_afd0e4d42eef-15-1fc90837-e768-4a0a-9ea2-7ad382dd3f61
2025-08-13 18:23:08,367 INFO  [org.apa.kaf.cli.con.int.ConsumerCoordinator] (Thread-717) [Consumer clientId=consumer-Consumer-topic-bb853deb_6c07_45ba_a39c_afd0e4d42eef-15, groupId=Consumer-topic-bb853deb_6c07_45ba_a39c_afd0e4d42eef] (Re-)joining group
2025-08-13 18:23:09,351 INFO  [io.api.tes.ser.api.KafkaSerdesTester] (Thread-717) None found
2025-08-13 18:23:10,351 INFO  [io.api.tes.ser.api.KafkaSerdesTester] (Thread-717) None found
2025-08-13 18:23:11,351 INFO  [io.api.tes.ser.api.KafkaSerdesTester] (Thread-717) None found
2025-08-13 18:23:11,369 INFO  [org.apa.kaf.cli.con.int.ConsumerCoordinator] (Thread-717) [Consumer clientId=consumer-Consumer-topic-bb853deb_6c07_45ba_a39c_afd0e4d42eef-15, groupId=Consumer-topic-bb853deb_6c07_45ba_a39c_afd0e4d42eef] Successfully joined group with generation Generation{generationId=1, memberId='consumer-Consumer-topic-bb853deb_6c07_45ba_a39c_afd0e4d42eef-15-1fc90837-e768-4a0a-9ea2-7ad382dd3f61', protocol='range'}
2025-08-13 18:23:11,369 INFO  [org.apa.kaf.cli.con.int.ConsumerCoordinator] (Thread-717) [Consumer clientId=consumer-Consumer-topic-bb853deb_6c07_45ba_a39c_afd0e4d42eef-15, groupId=Consumer-topic-bb853deb_6c07_45ba_a39c_afd0e4d42eef] Finished assignment for group at generation 1: {consumer-Consumer-topic-bb853deb_6c07_45ba_a39c_afd0e4d42eef-15-1fc90837-e768-4a0a-9ea2-7ad382dd3f61=Assignment(partitions=[topic-bb853deb_6c07_45ba_a39c_afd0e4d42eef-0])}
2025-08-13 18:23:11,375 INFO  [org.apa.kaf.cli.con.int.ConsumerCoordinator] (Thread-717) [Consumer clientId=consumer-Consumer-topic-bb853deb_6c07_45ba_a39c_afd0e4d42eef-15, groupId=Consumer-topic-bb853deb_6c07_45ba_a39c_afd0e4d42eef] Successfully synced group in generation Generation{generationId=1, memberId='consumer-Consumer-topic-bb853deb_6c07_45ba_a39c_afd0e4d42eef-15-1fc90837-e768-4a0a-9ea2-7ad382dd3f61', protocol='range'}
2025-08-13 18:23:11,375 INFO  [org.apa.kaf.cli.con.int.ConsumerCoordinator] (Thread-717) [Consumer clientId=consumer-Consumer-topic-bb853deb_6c07_45ba_a39c_afd0e4d42eef-15, groupId=Consumer-topic-bb853deb_6c07_45ba_a39c_afd0e4d42eef] Notifying assignor about the new Assignment(partitions=[topic-bb853deb_6c07_45ba_a39c_afd0e4d42eef-0])
2025-08-13 18:23:11,375 INFO  [org.apa.kaf.cli.con.int.ConsumerRebalanceListenerInvoker] (Thread-717) [Consumer clientId=consumer-Consumer-topic-bb853deb_6c07_45ba_a39c_afd0e4d42eef-15, groupId=Consumer-topic-bb853deb_6c07_45ba_a39c_afd0e4d42eef] Adding newly assigned partitions: topic-bb853deb_6c07_45ba_a39c_afd0e4d42eef-0
2025-08-13 18:23:11,376 INFO  [org.apa.kaf.cli.con.int.ConsumerCoordinator] (Thread-717) [Consumer clientId=consumer-Consumer-topic-bb853deb_6c07_45ba_a39c_afd0e4d42eef-15, groupId=Consumer-topic-bb853deb_6c07_45ba_a39c_afd0e4d42eef] Found no committed offset for partition topic-bb853deb_6c07_45ba_a39c_afd0e4d42eef-0
2025-08-13 18:23:11,377 INFO  [org.apa.kaf.cli.con.int.SubscriptionState] (Thread-717) [Consumer clientId=consumer-Consumer-topic-bb853deb_6c07_45ba_a39c_afd0e4d42eef-15, groupId=Consumer-topic-bb853deb_6c07_45ba_a39c_afd0e4d42eef] Resetting offset for partition topic-bb853deb_6c07_45ba_a39c_afd0e4d42eef-0 to position FetchPosition{offset=0, offsetEpoch=Optional.empty, currentLeader=LeaderAndEpoch{leader=Optional[localhost:32769 (id: 0 rack: null)], epoch=0}}.
2025-08-13 18:23:11,612 INFO  [io.api.tes.ser.api.KafkaSerdesTester] (Thread-717) topic-bb853deb_6c07_45ba_a39c_afd0e4d42eef 0 0 {"key11755109382769": "value-0"}
2025-08-13 18:23:11,612 INFO  [io.api.tes.ser.api.KafkaSerdesTester] (Thread-717) topic-bb853deb_6c07_45ba_a39c_afd0e4d42eef 0 1 {"key11755109382769": "value-1"}
2025-08-13 18:23:11,612 INFO  [io.api.tes.ser.api.KafkaSerdesTester] (Thread-717) topic-bb853deb_6c07_45ba_a39c_afd0e4d42eef 0 2 {"key11755109382769": "value-2"}
2025-08-13 18:23:11,612 INFO  [io.api.tes.ser.api.KafkaSerdesTester] (Thread-717) topic-bb853deb_6c07_45ba_a39c_afd0e4d42eef 0 3 {"key11755109382769": "value-3"}
2025-08-13 18:23:11,612 INFO  [io.api.tes.ser.api.KafkaSerdesTester] (Thread-717) topic-bb853deb_6c07_45ba_a39c_afd0e4d42eef 0 4 {"key11755109382769": "value-4"}
2025-08-13 18:23:11,612 INFO  [io.api.tes.ser.api.KafkaSerdesTester] (Thread-717) topic-bb853deb_6c07_45ba_a39c_afd0e4d42eef 0 5 {"key11755109382769": "value-5"}
2025-08-13 18:23:11,612 INFO  [io.api.tes.ser.api.KafkaSerdesTester] (Thread-717) topic-bb853deb_6c07_45ba_a39c_afd0e4d42eef 0 6 {"key11755109382769": "value-6"}
2025-08-13 18:23:11,612 INFO  [io.api.tes.ser.api.KafkaSerdesTester] (Thread-717) topic-bb853deb_6c07_45ba_a39c_afd0e4d42eef 0 7 {"key11755109382769": "value-7"}
2025-08-13 18:23:11,612 INFO  [io.api.tes.ser.api.KafkaSerdesTester] (Thread-717) topic-bb853deb_6c07_45ba_a39c_afd0e4d42eef 0 8 {"key11755109382769": "value-8"}
2025-08-13 18:23:11,612 INFO  [io.api.tes.ser.api.KafkaSerdesTester] (Thread-717) topic-bb853deb_6c07_45ba_a39c_afd0e4d42eef 0 9 {"key11755109382769": "value-9"}
2025-08-13 18:23:11,612 INFO  [io.api.tes.ser.api.KafkaSerdesTester] (Thread-717) Consumed 10 messages
2025-08-13 18:23:11,620 INFO  [org.apa.kaf.cli.con.int.ConsumerRebalanceListenerInvoker] (Thread-717) [Consumer clientId=consumer-Consumer-topic-bb853deb_6c07_45ba_a39c_afd0e4d42eef-15, groupId=Consumer-topic-bb853deb_6c07_45ba_a39c_afd0e4d42eef] Revoke previously assigned partitions topic-bb853deb_6c07_45ba_a39c_afd0e4d42eef-0
2025-08-13 18:23:11,620 INFO  [org.apa.kaf.cli.con.int.ConsumerCoordinator] (Thread-717) [Consumer clientId=consumer-Consumer-topic-bb853deb_6c07_45ba_a39c_afd0e4d42eef-15, groupId=Consumer-topic-bb853deb_6c07_45ba_a39c_afd0e4d42eef] Member consumer-Consumer-topic-bb853deb_6c07_45ba_a39c_afd0e4d42eef-15-1fc90837-e768-4a0a-9ea2-7ad382dd3f61 sending LeaveGroup request to coordinator localhost:32769 (id: 2147483647 rack: null) due to the consumer is being closed
2025-08-13 18:23:11,620 INFO  [org.apa.kaf.cli.con.int.ConsumerCoordinator] (Thread-717) [Consumer clientId=consumer-Consumer-topic-bb853deb_6c07_45ba_a39c_afd0e4d42eef-15, groupId=Consumer-topic-bb853deb_6c07_45ba_a39c_afd0e4d42eef] Resetting generation and member id due to: consumer pro-actively leaving the group
2025-08-13 18:23:11,620 INFO  [org.apa.kaf.cli.con.int.ConsumerCoordinator] (Thread-717) [Consumer clientId=consumer-Consumer-topic-bb853deb_6c07_45ba_a39c_afd0e4d42eef-15, groupId=Consumer-topic-bb853deb_6c07_45ba_a39c_afd0e4d42eef] Request joining group due to: consumer pro-actively leaving the group
2025-08-13 18:23:12,116 INFO  [org.apa.kaf.com.met.Metrics] (Thread-717) Metrics scheduler closed
2025-08-13 18:23:12,116 INFO  [org.apa.kaf.com.met.Metrics] (Thread-717) Closing reporter org.apache.kafka.common.metrics.JmxReporter
2025-08-13 18:23:12,116 INFO  [org.apa.kaf.com.met.Metrics] (Thread-717) Closing reporter org.apache.kafka.common.telemetry.internals.ClientTelemetryReporter
2025-08-13 18:23:12,116 INFO  [org.apa.kaf.com.met.Metrics] (Thread-717) Metrics reporters closed
2025-08-13 18:23:12,118 INFO  [org.apa.kaf.com.uti.AppInfoParser] (Thread-717) App info kafka.consumer for consumer-Consumer-topic-bb853deb_6c07_45ba_a39c_afd0e4d42eef-15 unregistered
2025-08-13 18:23:12,118 INFO  [org.apa.kaf.cli.con.int.ClassicKafkaConsumer] (Thread-718) [Consumer clientId=consumer-Consumer-topic-2f4d8814_b7bb_4cb1_af03_9038ff7416db-16, groupId=Consumer-topic-2f4d8814_b7bb_4cb1_af03_9038ff7416db] Subscribed to topic(s): topic-2f4d8814_b7bb_4cb1_af03_9038ff7416db
2025-08-13 18:23:12,123 INFO  [org.apa.kaf.cli.Metadata] (Thread-718) [Consumer clientId=consumer-Consumer-topic-2f4d8814_b7bb_4cb1_af03_9038ff7416db-16, groupId=Consumer-topic-2f4d8814_b7bb_4cb1_af03_9038ff7416db] Cluster ID: qvRm5C5FS3SD7xP4bjB8Pg
2025-08-13 18:23:12,123 INFO  [org.apa.kaf.cli.con.int.ConsumerCoordinator] (Thread-718) [Consumer clientId=consumer-Consumer-topic-2f4d8814_b7bb_4cb1_af03_9038ff7416db-16, groupId=Consumer-topic-2f4d8814_b7bb_4cb1_af03_9038ff7416db] Discovered group coordinator localhost:32769 (id: 2147483647 rack: null)
2025-08-13 18:23:12,124 INFO  [org.apa.kaf.cli.con.int.ConsumerCoordinator] (Thread-718) [Consumer clientId=consumer-Consumer-topic-2f4d8814_b7bb_4cb1_af03_9038ff7416db-16, groupId=Consumer-topic-2f4d8814_b7bb_4cb1_af03_9038ff7416db] (Re-)joining group
2025-08-13 18:23:12,126 INFO  [org.apa.kaf.cli.con.int.ConsumerCoordinator] (Thread-718) [Consumer clientId=consumer-Consumer-topic-2f4d8814_b7bb_4cb1_af03_9038ff7416db-16, groupId=Consumer-topic-2f4d8814_b7bb_4cb1_af03_9038ff7416db] Request joining group due to: need to re-join with the given member-id: consumer-Consumer-topic-2f4d8814_b7bb_4cb1_af03_9038ff7416db-16-9ffe37b2-9380-4852-8df4-504b0714760a
2025-08-13 18:23:12,126 INFO  [org.apa.kaf.cli.con.int.ConsumerCoordinator] (Thread-718) [Consumer clientId=consumer-Consumer-topic-2f4d8814_b7bb_4cb1_af03_9038ff7416db-16, groupId=Consumer-topic-2f4d8814_b7bb_4cb1_af03_9038ff7416db] (Re-)joining group
2025-08-13 18:23:13,118 INFO  [io.api.tes.ser.api.KafkaSerdesTester] (Thread-718) None found
2025-08-13 18:23:14,118 INFO  [io.api.tes.ser.api.KafkaSerdesTester] (Thread-718) None found
2025-08-13 18:23:15,118 INFO  [io.api.tes.ser.api.KafkaSerdesTester] (Thread-718) None found
2025-08-13 18:23:15,127 INFO  [org.apa.kaf.cli.con.int.ConsumerCoordinator] (Thread-718) [Consumer clientId=consumer-Consumer-topic-2f4d8814_b7bb_4cb1_af03_9038ff7416db-16, groupId=Consumer-topic-2f4d8814_b7bb_4cb1_af03_9038ff7416db] Successfully joined group with generation Generation{generationId=1, memberId='consumer-Consumer-topic-2f4d8814_b7bb_4cb1_af03_9038ff7416db-16-9ffe37b2-9380-4852-8df4-504b0714760a', protocol='range'}
2025-08-13 18:23:15,128 INFO  [org.apa.kaf.cli.con.int.ConsumerCoordinator] (Thread-718) [Consumer clientId=consumer-Consumer-topic-2f4d8814_b7bb_4cb1_af03_9038ff7416db-16, groupId=Consumer-topic-2f4d8814_b7bb_4cb1_af03_9038ff7416db] Finished assignment for group at generation 1: {consumer-Consumer-topic-2f4d8814_b7bb_4cb1_af03_9038ff7416db-16-9ffe37b2-9380-4852-8df4-504b0714760a=Assignment(partitions=[topic-2f4d8814_b7bb_4cb1_af03_9038ff7416db-0])}
2025-08-13 18:23:15,134 INFO  [org.apa.kaf.cli.con.int.ConsumerCoordinator] (Thread-718) [Consumer clientId=consumer-Consumer-topic-2f4d8814_b7bb_4cb1_af03_9038ff7416db-16, groupId=Consumer-topic-2f4d8814_b7bb_4cb1_af03_9038ff7416db] Successfully synced group in generation Generation{generationId=1, memberId='consumer-Consumer-topic-2f4d8814_b7bb_4cb1_af03_9038ff7416db-16-9ffe37b2-9380-4852-8df4-504b0714760a', protocol='range'}
2025-08-13 18:23:15,134 INFO  [org.apa.kaf.cli.con.int.ConsumerCoordinator] (Thread-718) [Consumer clientId=consumer-Consumer-topic-2f4d8814_b7bb_4cb1_af03_9038ff7416db-16, groupId=Consumer-topic-2f4d8814_b7bb_4cb1_af03_9038ff7416db] Notifying assignor about the new Assignment(partitions=[topic-2f4d8814_b7bb_4cb1_af03_9038ff7416db-0])
2025-08-13 18:23:15,135 INFO  [org.apa.kaf.cli.con.int.ConsumerRebalanceListenerInvoker] (Thread-718) [Consumer clientId=consumer-Consumer-topic-2f4d8814_b7bb_4cb1_af03_9038ff7416db-16, groupId=Consumer-topic-2f4d8814_b7bb_4cb1_af03_9038ff7416db] Adding newly assigned partitions: topic-2f4d8814_b7bb_4cb1_af03_9038ff7416db-0
2025-08-13 18:23:15,136 INFO  [org.apa.kaf.cli.con.int.ConsumerCoordinator] (Thread-718) [Consumer clientId=consumer-Consumer-topic-2f4d8814_b7bb_4cb1_af03_9038ff7416db-16, groupId=Consumer-topic-2f4d8814_b7bb_4cb1_af03_9038ff7416db] Found no committed offset for partition topic-2f4d8814_b7bb_4cb1_af03_9038ff7416db-0
2025-08-13 18:23:15,138 INFO  [org.apa.kaf.cli.con.int.SubscriptionState] (Thread-718) [Consumer clientId=consumer-Consumer-topic-2f4d8814_b7bb_4cb1_af03_9038ff7416db-16, groupId=Consumer-topic-2f4d8814_b7bb_4cb1_af03_9038ff7416db] Resetting offset for partition topic-2f4d8814_b7bb_4cb1_af03_9038ff7416db-0 to position FetchPosition{offset=0, offsetEpoch=Optional.empty, currentLeader=LeaderAndEpoch{leader=Optional[localhost:32769 (id: 0 rack: null)], epoch=0}}.
2025-08-13 18:23:15,382 INFO  [io.api.tes.ser.api.KafkaSerdesTester] (Thread-718) topic-2f4d8814_b7bb_4cb1_af03_9038ff7416db 0 0 {"key11755109382769": "value-0"}
2025-08-13 18:23:15,382 INFO  [io.api.tes.ser.api.KafkaSerdesTester] (Thread-718) topic-2f4d8814_b7bb_4cb1_af03_9038ff7416db 0 1 {"key11755109382769": "value-1"}
2025-08-13 18:23:15,382 INFO  [io.api.tes.ser.api.KafkaSerdesTester] (Thread-718) topic-2f4d8814_b7bb_4cb1_af03_9038ff7416db 0 2 {"key11755109382769": "value-2"}
2025-08-13 18:23:15,382 INFO  [io.api.tes.ser.api.KafkaSerdesTester] (Thread-718) topic-2f4d8814_b7bb_4cb1_af03_9038ff7416db 0 3 {"key11755109382769": "value-3"}
2025-08-13 18:23:15,382 INFO  [io.api.tes.ser.api.KafkaSerdesTester] (Thread-718) topic-2f4d8814_b7bb_4cb1_af03_9038ff7416db 0 4 {"key11755109382769": "value-4"}
2025-08-13 18:23:15,382 INFO  [io.api.tes.ser.api.KafkaSerdesTester] (Thread-718) topic-2f4d8814_b7bb_4cb1_af03_9038ff7416db 0 5 {"key11755109382769": "value-5"}
2025-08-13 18:23:15,382 INFO  [io.api.tes.ser.api.KafkaSerdesTester] (Thread-718) topic-2f4d8814_b7bb_4cb1_af03_9038ff7416db 0 6 {"key11755109382769": "value-6"}
2025-08-13 18:23:15,382 INFO  [io.api.tes.ser.api.KafkaSerdesTester] (Thread-718) topic-2f4d8814_b7bb_4cb1_af03_9038ff7416db 0 7 {"key11755109382769": "value-7"}
2025-08-13 18:23:15,382 INFO  [io.api.tes.ser.api.KafkaSerdesTester] (Thread-718) topic-2f4d8814_b7bb_4cb1_af03_9038ff7416db 0 8 {"key11755109382769": "value-8"}
2025-08-13 18:23:15,382 INFO  [io.api.tes.ser.api.KafkaSerdesTester] (Thread-718) topic-2f4d8814_b7bb_4cb1_af03_9038ff7416db 0 9 {"key11755109382769": "value-9"}
2025-08-13 18:23:15,382 INFO  [io.api.tes.ser.api.KafkaSerdesTester] (Thread-718) Consumed 10 messages
2025-08-13 18:23:15,391 INFO  [org.apa.kaf.cli.con.int.ConsumerRebalanceListenerInvoker] (Thread-718) [Consumer clientId=consumer-Consumer-topic-2f4d8814_b7bb_4cb1_af03_9038ff7416db-16, groupId=Consumer-topic-2f4d8814_b7bb_4cb1_af03_9038ff7416db] Revoke previously assigned partitions topic-2f4d8814_b7bb_4cb1_af03_9038ff7416db-0
2025-08-13 18:23:15,391 INFO  [org.apa.kaf.cli.con.int.ConsumerCoordinator] (Thread-718) [Consumer clientId=consumer-Consumer-topic-2f4d8814_b7bb_4cb1_af03_9038ff7416db-16, groupId=Consumer-topic-2f4d8814_b7bb_4cb1_af03_9038ff7416db] Member consumer-Consumer-topic-2f4d8814_b7bb_4cb1_af03_9038ff7416db-16-9ffe37b2-9380-4852-8df4-504b0714760a sending LeaveGroup request to coordinator localhost:32769 (id: 2147483647 rack: null) due to the consumer is being closed
2025-08-13 18:23:15,391 INFO  [org.apa.kaf.cli.con.int.ConsumerCoordinator] (Thread-718) [Consumer clientId=consumer-Consumer-topic-2f4d8814_b7bb_4cb1_af03_9038ff7416db-16, groupId=Consumer-topic-2f4d8814_b7bb_4cb1_af03_9038ff7416db] Resetting generation and member id due to: consumer pro-actively leaving the group
2025-08-13 18:23:15,391 INFO  [org.apa.kaf.cli.con.int.ConsumerCoordinator] (Thread-718) [Consumer clientId=consumer-Consumer-topic-2f4d8814_b7bb_4cb1_af03_9038ff7416db-16, groupId=Consumer-topic-2f4d8814_b7bb_4cb1_af03_9038ff7416db] Request joining group due to: consumer pro-actively leaving the group
2025-08-13 18:23:15,886 INFO  [org.apa.kaf.com.met.Metrics] (Thread-718) Metrics scheduler closed
2025-08-13 18:23:15,886 INFO  [org.apa.kaf.com.met.Metrics] (Thread-718) Closing reporter org.apache.kafka.common.metrics.JmxReporter
2025-08-13 18:23:15,886 INFO  [org.apa.kaf.com.met.Metrics] (Thread-718) Closing reporter org.apache.kafka.common.telemetry.internals.ClientTelemetryReporter
2025-08-13 18:23:15,886 INFO  [org.apa.kaf.com.met.Metrics] (Thread-718) Metrics reporters closed
2025-08-13 18:23:15,888 INFO  [org.apa.kaf.com.uti.AppInfoParser] (Thread-718) App info kafka.consumer for consumer-Consumer-topic-2f4d8814_b7bb_4cb1_af03_9038ff7416db-16 unregistered
2025-08-13 18:23:15,889 INFO  [io.api.tes.uti.TestSeparator] (main) io.apicurio.tests.serdes.apicurio.AvroSerdeIT.testAvroConfluentForMultipleTopics-FINISHED
2025-08-13 18:23:15,889 INFO  [io.api.tes.uti.TestSeparator] (main) ############################################################################
Test passed: testAvroConfluentForMultipleTopics
]]></system-out>
  </testcase>
  <testcase name="testFirstRequestFailsRateLimited" classname="io.apicurio.tests.serdes.apicurio.AvroSerdeIT" time="0.959">
    <system-out><![CDATA[2025-08-13 18:23:15,891 INFO  [io.api.tes.uti.TestSeparator] (main) ############################################################################
2025-08-13 18:23:15,891 INFO  [io.api.tes.uti.TestSeparator] (main) io.apicurio.tests.serdes.apicurio.AvroSerdeIT.testFirstRequestFailsRateLimited-STARTED
2025-08-13 18:23:16,315 WARN  [org.ecl.jet.ser.AbstractConnector] (main) Acceptors should be <= availableProcessors: NetworkTrafficServerConnector@50859a18{HTTP/1.1, (http/1.1, h2c)}{0.0.0.0:0} 
2025-08-13 18:23:16,418 INFO  [org.ecl.jet.ser.Server] (main) jetty-11.0.15; built: 2023-04-11T18:37:53.775Z; git: 5bc5e562c8d05c5862505aebe5cf83a61bdbcb96; jvm 17.0.16+8
2025-08-13 18:23:16,457 INFO  [org.ecl.jet.ser.han.ContextHandler] (main) Started o.e.j.s.ServletContextHandler@64f514d2{/__admin,null,AVAILABLE}
2025-08-13 18:23:16,466 INFO  [org.ecl.jet.ser.han.Con.ROOT] (main) RequestHandlerClass from context returned com.github.tomakehurst.wiremock.http.StubRequestHandler. Normalized mapped under returned 'null'
2025-08-13 18:23:16,470 INFO  [org.ecl.jet.ser.han.ContextHandler] (main) Started o.e.j.s.ServletContextHandler@2de1a93d{/,null,AVAILABLE}
2025-08-13 18:23:16,477 INFO  [org.ecl.jet.ser.AbstractConnector] (main) Started NetworkTrafficServerConnector@50859a18{HTTP/1.1, (http/1.1, h2c)}{0.0.0.0:41093}
2025-08-13 18:23:16,479 INFO  [org.ecl.jet.ser.Server] (main) Started Server@71ca6a60{STARTING}[11.0.15,sto=1000] @122160ms
**** Registry Base URL: http://registry-app-mysql.apps.ci419.apicurio-testing.org:80
2025-08-13 18:23:16,498 INFO  [org.apa.kaf.cli.pro.ProducerConfig] (main) ProducerConfig values: 
	acks = -1
	auto.include.jmx.reporter = true
	batch.size = 16384
	bootstrap.servers = [PLAINTEXT://localhost:32769]
	buffer.memory = 33554432
	client.dns.lookup = use_all_dns_ips
	client.id = Producer-topic-a8355a94_8efd_4808_8795_c71fd2871157
	compression.gzip.level = -1
	compression.lz4.level = 9
	compression.type = none
	compression.zstd.level = 3
	connections.max.idle.ms = 10000
	delivery.timeout.ms = 120000
	enable.idempotence = true
	enable.metrics.push = true
	interceptor.classes = []
	key.serializer = class org.apache.kafka.common.serialization.StringSerializer
	linger.ms = 0
	max.block.ms = 60000
	max.in.flight.requests.per.connection = 5
	max.request.size = 1048576
	metadata.max.age.ms = 300000
	metadata.max.idle.ms = 300000
	metadata.recovery.strategy = none
	metric.reporters = []
	metrics.num.samples = 2
	metrics.recording.level = INFO
	metrics.sample.window.ms = 30000
	partitioner.adaptive.partitioning.enable = true
	partitioner.availability.timeout.ms = 0
	partitioner.class = null
	partitioner.ignore.keys = false
	receive.buffer.bytes = 32768
	reconnect.backoff.max.ms = 1000
	reconnect.backoff.ms = 50
	request.timeout.ms = 5000
	retries = 2147483647
	retry.backoff.max.ms = 1000
	retry.backoff.ms = 100
	sasl.client.callback.handler.class = null
	sasl.jaas.config = null
	sasl.kerberos.kinit.cmd = /usr/bin/kinit
	sasl.kerberos.min.time.before.relogin = 60000
	sasl.kerberos.service.name = null
	sasl.kerberos.ticket.renew.jitter = 0.05
	sasl.kerberos.ticket.renew.window.factor = 0.8
	sasl.login.callback.handler.class = null
	sasl.login.class = null
	sasl.login.connect.timeout.ms = null
	sasl.login.read.timeout.ms = null
	sasl.login.refresh.buffer.seconds = 300
	sasl.login.refresh.min.period.seconds = 60
	sasl.login.refresh.window.factor = 0.8
	sasl.login.refresh.window.jitter = 0.05
	sasl.login.retry.backoff.max.ms = 10000
	sasl.login.retry.backoff.ms = 100
	sasl.mechanism = GSSAPI
	sasl.oauthbearer.clock.skew.seconds = 30
	sasl.oauthbearer.expected.audience = null
	sasl.oauthbearer.expected.issuer = null
	sasl.oauthbearer.header.urlencode = false
	sasl.oauthbearer.jwks.endpoint.refresh.ms = 3600000
	sasl.oauthbearer.jwks.endpoint.retry.backoff.max.ms = 10000
	sasl.oauthbearer.jwks.endpoint.retry.backoff.ms = 100
	sasl.oauthbearer.jwks.endpoint.url = null
	sasl.oauthbearer.scope.claim.name = scope
	sasl.oauthbearer.sub.claim.name = sub
	sasl.oauthbearer.token.endpoint.url = null
	security.protocol = PLAINTEXT
	security.providers = null
	send.buffer.bytes = 131072
	socket.connection.setup.timeout.max.ms = 30000
	socket.connection.setup.timeout.ms = 10000
	ssl.cipher.suites = null
	ssl.enabled.protocols = [TLSv1.2, TLSv1.3]
	ssl.endpoint.identification.algorithm = https
	ssl.engine.factory.class = null
	ssl.key.password = null
	ssl.keymanager.algorithm = SunX509
	ssl.keystore.certificate.chain = null
	ssl.keystore.key = null
	ssl.keystore.location = null
	ssl.keystore.password = null
	ssl.keystore.type = JKS
	ssl.protocol = TLSv1.3
	ssl.provider = null
	ssl.secure.random.implementation = null
	ssl.trustmanager.algorithm = PKIX
	ssl.truststore.certificates = null
	ssl.truststore.location = null
	ssl.truststore.password = null
	ssl.truststore.type = JKS
	transaction.timeout.ms = 60000
	transactional.id = null
	value.serializer = class io.apicurio.registry.serde.avro.AvroKafkaSerializer

2025-08-13 18:23:16,498 INFO  [org.apa.kaf.com.tel.int.KafkaMetricsCollector] (main) initializing Kafka metrics collector
2025-08-13 18:23:16,506 INFO  [org.apa.kaf.cli.pro.KafkaProducer] (main) [Producer clientId=Producer-topic-a8355a94_8efd_4808_8795_c71fd2871157] Instantiated an idempotent producer.
2025-08-13 18:23:16,509 INFO  [org.apa.kaf.cli.pro.ProducerConfig] (main) These configurations '[apicurio.registry.url, apicurio.registry.artifact-resolver-strategy]' were supplied but are not used yet.
2025-08-13 18:23:16,510 INFO  [org.apa.kaf.com.uti.AppInfoParser] (main) Kafka version: 3.9.1
2025-08-13 18:23:16,510 INFO  [org.apa.kaf.com.uti.AppInfoParser] (main) Kafka commitId: f745dfdcee2b9851
2025-08-13 18:23:16,510 INFO  [org.apa.kaf.com.uti.AppInfoParser] (main) Kafka startTimeMs: 1755109396510
2025-08-13 18:23:16,511 INFO  [io.api.tes.ser.api.KafkaSerdesTester] (Thread-729) Sending message {"keyB": "value-0"} to topic topic-a8355a94_8efd_4808_8795_c71fd2871157
2025-08-13 18:23:16,521 WARN  [org.apa.kaf.cli.NetworkClient] (kafka-producer-network-thread | Producer-topic-a8355a94_8efd_4808_8795_c71fd2871157) [Producer clientId=Producer-topic-a8355a94_8efd_4808_8795_c71fd2871157] The metadata response from the cluster reported a recoverable issue with correlation id 1 : {topic-a8355a94_8efd_4808_8795_c71fd2871157=UNKNOWN_TOPIC_OR_PARTITION}
2025-08-13 18:23:16,523 INFO  [org.apa.kaf.cli.Metadata] (kafka-producer-network-thread | Producer-topic-a8355a94_8efd_4808_8795_c71fd2871157) [Producer clientId=Producer-topic-a8355a94_8efd_4808_8795_c71fd2871157] Cluster ID: qvRm5C5FS3SD7xP4bjB8Pg
2025-08-13 18:23:16,523 INFO  [org.apa.kaf.cli.pro.int.TransactionManager] (kafka-producer-network-thread | Producer-topic-a8355a94_8efd_4808_8795_c71fd2871157) [Producer clientId=Producer-topic-a8355a94_8efd_4808_8795_c71fd2871157] ProducerId set to 22 with epoch 0
2025-08-13 18:23:16,642 INFO  [DefaultSchemaResolver] (Thread-729) Retrieving schema content using string: {"type":"record","name":"myrecord","namespace":"mygroup","fields":[{"name":"keyB","type":"string"}]}
2025-08-13 18:23:16,828 INFO  [org.apa.kaf.cli.pro.KafkaProducer] (Thread-729) [Producer clientId=Producer-topic-a8355a94_8efd_4808_8795_c71fd2871157] Closing the Kafka producer with timeoutMillis = 9223372036854775807 ms.
2025-08-13 18:23:16,831 INFO  [org.apa.kaf.com.met.Metrics] (Thread-729) Metrics scheduler closed
2025-08-13 18:23:16,831 INFO  [org.apa.kaf.com.met.Metrics] (Thread-729) Closing reporter org.apache.kafka.common.metrics.JmxReporter
2025-08-13 18:23:16,831 INFO  [org.apa.kaf.com.met.Metrics] (Thread-729) Closing reporter org.apache.kafka.common.telemetry.internals.ClientTelemetryReporter
2025-08-13 18:23:16,831 INFO  [org.apa.kaf.com.met.Metrics] (Thread-729) Metrics reporters closed
2025-08-13 18:23:16,832 INFO  [org.apa.kaf.com.uti.AppInfoParser] (Thread-729) App info kafka.producer for Producer-topic-a8355a94_8efd_4808_8795_c71fd2871157 unregistered
2025-08-13 18:23:16,835 INFO  [org.ecl.jet.ser.Server] (main) Stopped Server@71ca6a60{STOPPING}[11.0.15,sto=1000]
2025-08-13 18:23:16,835 INFO  [org.ecl.jet.ser.Server] (main) Shutdown Server@71ca6a60{STOPPING}[11.0.15,sto=1000]
2025-08-13 18:23:16,841 INFO  [org.ecl.jet.ser.AbstractConnector] (main) Stopped NetworkTrafficServerConnector@50859a18{HTTP/1.1, (http/1.1, h2c)}{0.0.0.0:0}
2025-08-13 18:23:16,845 INFO  [org.ecl.jet.ser.han.ContextHandler] (main) Stopped o.e.j.s.ServletContextHandler@2de1a93d{/,null,STOPPED}
2025-08-13 18:23:16,846 INFO  [org.ecl.jet.ser.han.ContextHandler] (main) Stopped o.e.j.s.ServletContextHandler@64f514d2{/__admin,null,STOPPED}
2025-08-13 18:23:16,848 INFO  [io.api.tes.uti.TestSeparator] (main) io.apicurio.tests.serdes.apicurio.AvroSerdeIT.testFirstRequestFailsRateLimited-FINISHED
2025-08-13 18:23:16,849 INFO  [io.api.tes.uti.TestSeparator] (main) ############################################################################
Test passed: testFirstRequestFailsRateLimited
]]></system-out>
    <system-err><![CDATA[com.microsoft.kiota.ApiException: the server returned an unexpected status code and no error class is registered for this code 429
	at com.microsoft.kiota.ApiExceptionBuilder.withMessage(ApiExceptionBuilder.java:45)
	at io.kiota.http.vertx.VertXRequestAdapter.throwIfFailedResponse(VertXRequestAdapter.java:370)
	at io.kiota.http.vertx.VertXRequestAdapter.send(VertXRequestAdapter.java:170)
	at io.apicurio.registry.rest.client.search.versions.VersionsRequestBuilder.post(VersionsRequestBuilder.java:94)
	at io.apicurio.registry.resolver.client.RegistryClientFacadeImpl.searchVersionsByContent(RegistryClientFacadeImpl.java:106)
	at io.apicurio.registry.resolver.DefaultSchemaResolver.lambda$handleResolveSchemaByContent$3(DefaultSchemaResolver.java:258)
	at io.apicurio.registry.resolver.cache.ERCache.lambda$getValue$0(ERCache.java:174)
	at io.apicurio.registry.resolver.cache.ERCache.retry(ERCache.java:227)
	at io.apicurio.registry.resolver.cache.ERCache.getValue(ERCache.java:173)
	at io.apicurio.registry.resolver.cache.ERCache.getByContent(ERCache.java:147)
	at io.apicurio.registry.resolver.DefaultSchemaResolver.handleResolveSchemaByContent(DefaultSchemaResolver.java:253)
	at io.apicurio.registry.resolver.DefaultSchemaResolver.getSchemaFromRegistry(DefaultSchemaResolver.java:138)
	at io.apicurio.registry.resolver.DefaultSchemaResolver.lambda$resolveSchema$0(DefaultSchemaResolver.java:84)
	at java.base/java.util.Optional.orElseGet(Optional.java:364)
	at io.apicurio.registry.resolver.DefaultSchemaResolver.resolveSchema(DefaultSchemaResolver.java:84)
	at io.apicurio.registry.serde.AbstractSerializer.serializeData(AbstractSerializer.java:62)
	at io.apicurio.registry.serde.KafkaSerializer.serialize(KafkaSerializer.java:77)
	at org.apache.kafka.clients.producer.KafkaProducer.doSend(KafkaProducer.java:1046)
	at org.apache.kafka.clients.producer.KafkaProducer.send(KafkaProducer.java:993)
	at org.apache.kafka.clients.producer.KafkaProducer.send(KafkaProducer.java:875)
	at io.apicurio.tests.serdes.apicurio.KafkaSerdesTester.lambda$produceMessages$3(KafkaSerdesTester.java:138)
	at java.base/java.util.concurrent.CompletableFuture$AsyncSupply.run(CompletableFuture.java:1768)
	at java.base/java.lang.Thread.run(Thread.java:840)
]]></system-err>
  </testcase>
  <testcase name="testFirstEmptyFieldConfusedAsMagicByte" classname="io.apicurio.tests.serdes.apicurio.AvroSerdeIT" time="4.33">
    <system-out><![CDATA[2025-08-13 18:23:16,851 INFO  [io.api.tes.uti.TestSeparator] (main) ############################################################################
2025-08-13 18:23:16,851 INFO  [io.api.tes.uti.TestSeparator] (main) io.apicurio.tests.serdes.apicurio.AvroSerdeIT.testFirstEmptyFieldConfusedAsMagicByte-STARTED
**** Registry Base URL: http://registry-app-mysql.apps.ci419.apicurio-testing.org:80
2025-08-13 18:23:16,853 INFO  [org.apa.kaf.cli.pro.ProducerConfig] (main) ProducerConfig values: 
	acks = -1
	auto.include.jmx.reporter = true
	batch.size = 16384
	bootstrap.servers = [PLAINTEXT://localhost:32769]
	buffer.memory = 33554432
	client.dns.lookup = use_all_dns_ips
	client.id = Producer-topic-719e3631_85b2_46db_8fab_2232cc96cf53
	compression.gzip.level = -1
	compression.lz4.level = 9
	compression.type = none
	compression.zstd.level = 3
	connections.max.idle.ms = 10000
	delivery.timeout.ms = 120000
	enable.idempotence = true
	enable.metrics.push = true
	interceptor.classes = []
	key.serializer = class org.apache.kafka.common.serialization.StringSerializer
	linger.ms = 0
	max.block.ms = 60000
	max.in.flight.requests.per.connection = 5
	max.request.size = 1048576
	metadata.max.age.ms = 300000
	metadata.max.idle.ms = 300000
	metadata.recovery.strategy = none
	metric.reporters = []
	metrics.num.samples = 2
	metrics.recording.level = INFO
	metrics.sample.window.ms = 30000
	partitioner.adaptive.partitioning.enable = true
	partitioner.availability.timeout.ms = 0
	partitioner.class = null
	partitioner.ignore.keys = false
	receive.buffer.bytes = 32768
	reconnect.backoff.max.ms = 1000
	reconnect.backoff.ms = 50
	request.timeout.ms = 5000
	retries = 2147483647
	retry.backoff.max.ms = 1000
	retry.backoff.ms = 100
	sasl.client.callback.handler.class = null
	sasl.jaas.config = null
	sasl.kerberos.kinit.cmd = /usr/bin/kinit
	sasl.kerberos.min.time.before.relogin = 60000
	sasl.kerberos.service.name = null
	sasl.kerberos.ticket.renew.jitter = 0.05
	sasl.kerberos.ticket.renew.window.factor = 0.8
	sasl.login.callback.handler.class = null
	sasl.login.class = null
	sasl.login.connect.timeout.ms = null
	sasl.login.read.timeout.ms = null
	sasl.login.refresh.buffer.seconds = 300
	sasl.login.refresh.min.period.seconds = 60
	sasl.login.refresh.window.factor = 0.8
	sasl.login.refresh.window.jitter = 0.05
	sasl.login.retry.backoff.max.ms = 10000
	sasl.login.retry.backoff.ms = 100
	sasl.mechanism = GSSAPI
	sasl.oauthbearer.clock.skew.seconds = 30
	sasl.oauthbearer.expected.audience = null
	sasl.oauthbearer.expected.issuer = null
	sasl.oauthbearer.header.urlencode = false
	sasl.oauthbearer.jwks.endpoint.refresh.ms = 3600000
	sasl.oauthbearer.jwks.endpoint.retry.backoff.max.ms = 10000
	sasl.oauthbearer.jwks.endpoint.retry.backoff.ms = 100
	sasl.oauthbearer.jwks.endpoint.url = null
	sasl.oauthbearer.scope.claim.name = scope
	sasl.oauthbearer.sub.claim.name = sub
	sasl.oauthbearer.token.endpoint.url = null
	security.protocol = PLAINTEXT
	security.providers = null
	send.buffer.bytes = 131072
	socket.connection.setup.timeout.max.ms = 30000
	socket.connection.setup.timeout.ms = 10000
	ssl.cipher.suites = null
	ssl.enabled.protocols = [TLSv1.2, TLSv1.3]
	ssl.endpoint.identification.algorithm = https
	ssl.engine.factory.class = null
	ssl.key.password = null
	ssl.keymanager.algorithm = SunX509
	ssl.keystore.certificate.chain = null
	ssl.keystore.key = null
	ssl.keystore.location = null
	ssl.keystore.password = null
	ssl.keystore.type = JKS
	ssl.protocol = TLSv1.3
	ssl.provider = null
	ssl.secure.random.implementation = null
	ssl.trustmanager.algorithm = PKIX
	ssl.truststore.certificates = null
	ssl.truststore.location = null
	ssl.truststore.password = null
	ssl.truststore.type = JKS
	transaction.timeout.ms = 60000
	transactional.id = null
	value.serializer = class io.apicurio.registry.serde.avro.AvroKafkaSerializer

2025-08-13 18:23:16,853 INFO  [org.apa.kaf.com.tel.int.KafkaMetricsCollector] (main) initializing Kafka metrics collector
2025-08-13 18:23:16,859 INFO  [org.apa.kaf.cli.pro.KafkaProducer] (main) [Producer clientId=Producer-topic-719e3631_85b2_46db_8fab_2232cc96cf53] Instantiated an idempotent producer.
2025-08-13 18:23:16,861 INFO  [org.apa.kaf.cli.pro.ProducerConfig] (main) These configurations '[apicurio.registry.url, apicurio.registry.auto-register, apicurio.registry.artifact-resolver-strategy]' were supplied but are not used yet.
2025-08-13 18:23:16,861 INFO  [org.apa.kaf.com.uti.AppInfoParser] (main) Kafka version: 3.9.1
2025-08-13 18:23:16,861 INFO  [org.apa.kaf.com.uti.AppInfoParser] (main) Kafka commitId: f745dfdcee2b9851
2025-08-13 18:23:16,861 INFO  [org.apa.kaf.com.uti.AppInfoParser] (main) Kafka startTimeMs: 1755109396861
2025-08-13 18:23:16,861 INFO  [io.api.tes.ser.api.SimpleSerdesTesterBuilder$SimpleSerdesTester] (main) Using producer configuration: {apicurio.registry.url=http://registry-app-mysql.apps.ci419.apicurio-testing.org:80/apis/registry/v3, apicurio.registry.auto-register=true, apicurio.registry.artifact-resolver-strategy=io.apicurio.registry.serde.strategy.SimpleTopicIdStrategy, value.serializer=io.apicurio.registry.serde.avro.AvroKafkaSerializer, request.timeout.ms=5000, acks=all, bootstrap.servers=PLAINTEXT://localhost:32769, connections.max.idle.ms=10000, key.serializer=org.apache.kafka.common.serialization.StringSerializer, client.id=Producer-topic-719e3631_85b2_46db_8fab_2232cc96cf53}
2025-08-13 18:23:16,861 INFO  [io.api.tes.ser.api.SimpleSerdesTesterBuilder$SimpleSerdesTester] (main) Using consumer configuration: {}
2025-08-13 18:23:16,862 INFO  [io.api.tes.ser.api.KafkaSerdesTester] (Thread-732) Sending message {"username": null} to topic topic-719e3631_85b2_46db_8fab_2232cc96cf53
2025-08-13 18:23:16,866 WARN  [org.apa.kaf.cli.NetworkClient] (kafka-producer-network-thread | Producer-topic-719e3631_85b2_46db_8fab_2232cc96cf53) [Producer clientId=Producer-topic-719e3631_85b2_46db_8fab_2232cc96cf53] The metadata response from the cluster reported a recoverable issue with correlation id 1 : {topic-719e3631_85b2_46db_8fab_2232cc96cf53=UNKNOWN_TOPIC_OR_PARTITION}
2025-08-13 18:23:16,866 INFO  [org.apa.kaf.cli.Metadata] (kafka-producer-network-thread | Producer-topic-719e3631_85b2_46db_8fab_2232cc96cf53) [Producer clientId=Producer-topic-719e3631_85b2_46db_8fab_2232cc96cf53] Cluster ID: qvRm5C5FS3SD7xP4bjB8Pg
2025-08-13 18:23:16,866 INFO  [org.apa.kaf.cli.pro.int.TransactionManager] (kafka-producer-network-thread | Producer-topic-719e3631_85b2_46db_8fab_2232cc96cf53) [Producer clientId=Producer-topic-719e3631_85b2_46db_8fab_2232cc96cf53] ProducerId set to 23 with epoch 0
2025-08-13 18:23:17,182 INFO  [io.api.tes.ser.api.KafkaSerdesTester] (Thread-732) Sending message {"username": null} to topic topic-719e3631_85b2_46db_8fab_2232cc96cf53
2025-08-13 18:23:17,184 INFO  [io.api.tes.ser.api.KafkaSerdesTester] (Thread-732) Sending message {"username": "value-2"} to topic topic-719e3631_85b2_46db_8fab_2232cc96cf53
2025-08-13 18:23:17,185 INFO  [io.api.tes.ser.api.KafkaSerdesTester] (Thread-732) Sending message {"username": null} to topic topic-719e3631_85b2_46db_8fab_2232cc96cf53
2025-08-13 18:23:17,186 INFO  [io.api.tes.ser.api.KafkaSerdesTester] (Thread-732) Sending message {"username": "value-4"} to topic topic-719e3631_85b2_46db_8fab_2232cc96cf53
2025-08-13 18:23:17,187 INFO  [io.api.tes.ser.api.KafkaSerdesTester] (Thread-732) Sending message {"username": null} to topic topic-719e3631_85b2_46db_8fab_2232cc96cf53
2025-08-13 18:23:17,190 INFO  [io.api.tes.ser.api.KafkaSerdesTester] (Thread-732) Sending message {"username": "value-6"} to topic topic-719e3631_85b2_46db_8fab_2232cc96cf53
2025-08-13 18:23:17,195 INFO  [io.api.tes.ser.api.KafkaSerdesTester] (Thread-732) Sending message {"username": null} to topic topic-719e3631_85b2_46db_8fab_2232cc96cf53
2025-08-13 18:23:17,199 INFO  [io.api.tes.ser.api.KafkaSerdesTester] (Thread-732) Sending message {"username": "value-8"} to topic topic-719e3631_85b2_46db_8fab_2232cc96cf53
2025-08-13 18:23:17,202 INFO  [io.api.tes.ser.api.KafkaSerdesTester] (Thread-732) Sending message {"username": null} to topic topic-719e3631_85b2_46db_8fab_2232cc96cf53
2025-08-13 18:23:17,204 INFO  [io.api.tes.ser.api.KafkaSerdesTester] (Thread-732) Produced 10 messages
2025-08-13 18:23:17,204 INFO  [org.apa.kaf.cli.pro.KafkaProducer] (Thread-732) [Producer clientId=Producer-topic-719e3631_85b2_46db_8fab_2232cc96cf53] Closing the Kafka producer with timeoutMillis = 9223372036854775807 ms.
2025-08-13 18:23:17,208 INFO  [org.apa.kaf.com.met.Metrics] (Thread-732) Metrics scheduler closed
2025-08-13 18:23:17,208 INFO  [org.apa.kaf.com.met.Metrics] (Thread-732) Closing reporter org.apache.kafka.common.metrics.JmxReporter
2025-08-13 18:23:17,208 INFO  [org.apa.kaf.com.met.Metrics] (Thread-732) Closing reporter org.apache.kafka.common.telemetry.internals.ClientTelemetryReporter
2025-08-13 18:23:17,208 INFO  [org.apa.kaf.com.met.Metrics] (Thread-732) Metrics reporters closed
2025-08-13 18:23:17,209 INFO  [org.apa.kaf.com.uti.AppInfoParser] (Thread-732) App info kafka.producer for Producer-topic-719e3631_85b2_46db_8fab_2232cc96cf53 unregistered
**** Registry Base URL: http://registry-app-mysql.apps.ci419.apicurio-testing.org:80
2025-08-13 18:23:17,412 INFO  [org.apa.kaf.cli.con.ConsumerConfig] (main) ConsumerConfig values: 
	allow.auto.create.topics = true
	auto.commit.interval.ms = 500
	auto.include.jmx.reporter = true
	auto.offset.reset = earliest
	bootstrap.servers = [PLAINTEXT://localhost:32769]
	check.crcs = true
	client.dns.lookup = use_all_dns_ips
	client.id = consumer-Consumer-topic-719e3631_85b2_46db_8fab_2232cc96cf53-17
	client.rack = 
	connections.max.idle.ms = 10000
	default.api.timeout.ms = 60000
	enable.auto.commit = true
	enable.metrics.push = true
	exclude.internal.topics = true
	fetch.max.bytes = 52428800
	fetch.max.wait.ms = 500
	fetch.min.bytes = 1
	group.id = Consumer-topic-719e3631_85b2_46db_8fab_2232cc96cf53
	group.instance.id = null
	group.protocol = classic
	group.remote.assignor = null
	heartbeat.interval.ms = 3000
	interceptor.classes = []
	internal.leave.group.on.close = true
	internal.throw.on.fetch.stable.offset.unsupported = false
	isolation.level = read_uncommitted
	key.deserializer = class org.apache.kafka.common.serialization.StringDeserializer
	max.partition.fetch.bytes = 1048576
	max.poll.interval.ms = 300000
	max.poll.records = 500
	metadata.max.age.ms = 300000
	metadata.recovery.strategy = none
	metric.reporters = []
	metrics.num.samples = 2
	metrics.recording.level = INFO
	metrics.sample.window.ms = 30000
	partition.assignment.strategy = [class org.apache.kafka.clients.consumer.RangeAssignor, class org.apache.kafka.clients.consumer.CooperativeStickyAssignor]
	receive.buffer.bytes = 65536
	reconnect.backoff.max.ms = 1000
	reconnect.backoff.ms = 50
	request.timeout.ms = 5000
	retry.backoff.max.ms = 1000
	retry.backoff.ms = 100
	sasl.client.callback.handler.class = null
	sasl.jaas.config = null
	sasl.kerberos.kinit.cmd = /usr/bin/kinit
	sasl.kerberos.min.time.before.relogin = 60000
	sasl.kerberos.service.name = null
	sasl.kerberos.ticket.renew.jitter = 0.05
	sasl.kerberos.ticket.renew.window.factor = 0.8
	sasl.login.callback.handler.class = null
	sasl.login.class = null
	sasl.login.connect.timeout.ms = null
	sasl.login.read.timeout.ms = null
	sasl.login.refresh.buffer.seconds = 300
	sasl.login.refresh.min.period.seconds = 60
	sasl.login.refresh.window.factor = 0.8
	sasl.login.refresh.window.jitter = 0.05
	sasl.login.retry.backoff.max.ms = 10000
	sasl.login.retry.backoff.ms = 100
	sasl.mechanism = GSSAPI
	sasl.oauthbearer.clock.skew.seconds = 30
	sasl.oauthbearer.expected.audience = null
	sasl.oauthbearer.expected.issuer = null
	sasl.oauthbearer.header.urlencode = false
	sasl.oauthbearer.jwks.endpoint.refresh.ms = 3600000
	sasl.oauthbearer.jwks.endpoint.retry.backoff.max.ms = 10000
	sasl.oauthbearer.jwks.endpoint.retry.backoff.ms = 100
	sasl.oauthbearer.jwks.endpoint.url = null
	sasl.oauthbearer.scope.claim.name = scope
	sasl.oauthbearer.sub.claim.name = sub
	sasl.oauthbearer.token.endpoint.url = null
	security.protocol = PLAINTEXT
	security.providers = null
	send.buffer.bytes = 131072
	session.timeout.ms = 45000
	socket.connection.setup.timeout.max.ms = 30000
	socket.connection.setup.timeout.ms = 10000
	ssl.cipher.suites = null
	ssl.enabled.protocols = [TLSv1.2, TLSv1.3]
	ssl.endpoint.identification.algorithm = https
	ssl.engine.factory.class = null
	ssl.key.password = null
	ssl.keymanager.algorithm = SunX509
	ssl.keystore.certificate.chain = null
	ssl.keystore.key = null
	ssl.keystore.location = null
	ssl.keystore.password = null
	ssl.keystore.type = JKS
	ssl.protocol = TLSv1.3
	ssl.provider = null
	ssl.secure.random.implementation = null
	ssl.trustmanager.algorithm = PKIX
	ssl.truststore.certificates = null
	ssl.truststore.location = null
	ssl.truststore.password = null
	ssl.truststore.type = JKS
	value.deserializer = class io.apicurio.registry.serde.avro.AvroKafkaDeserializer

2025-08-13 18:23:17,412 INFO  [org.apa.kaf.com.tel.int.KafkaMetricsCollector] (main) initializing Kafka metrics collector
2025-08-13 18:23:17,418 INFO  [org.apa.kaf.cli.con.ConsumerConfig] (main) These configurations '[apicurio.registry.url]' were supplied but are not used yet.
2025-08-13 18:23:17,418 INFO  [org.apa.kaf.com.uti.AppInfoParser] (main) Kafka version: 3.9.1
2025-08-13 18:23:17,418 INFO  [org.apa.kaf.com.uti.AppInfoParser] (main) Kafka commitId: f745dfdcee2b9851
2025-08-13 18:23:17,418 INFO  [org.apa.kaf.com.uti.AppInfoParser] (main) Kafka startTimeMs: 1755109397418
2025-08-13 18:23:17,418 INFO  [org.apa.kaf.cli.con.int.ClassicKafkaConsumer] (Thread-735) [Consumer clientId=consumer-Consumer-topic-719e3631_85b2_46db_8fab_2232cc96cf53-17, groupId=Consumer-topic-719e3631_85b2_46db_8fab_2232cc96cf53] Subscribed to topic(s): topic-719e3631_85b2_46db_8fab_2232cc96cf53
2025-08-13 18:23:17,427 INFO  [org.apa.kaf.cli.Metadata] (Thread-735) [Consumer clientId=consumer-Consumer-topic-719e3631_85b2_46db_8fab_2232cc96cf53-17, groupId=Consumer-topic-719e3631_85b2_46db_8fab_2232cc96cf53] Cluster ID: qvRm5C5FS3SD7xP4bjB8Pg
2025-08-13 18:23:17,428 INFO  [org.apa.kaf.cli.con.int.ConsumerCoordinator] (Thread-735) [Consumer clientId=consumer-Consumer-topic-719e3631_85b2_46db_8fab_2232cc96cf53-17, groupId=Consumer-topic-719e3631_85b2_46db_8fab_2232cc96cf53] Discovered group coordinator localhost:32769 (id: 2147483647 rack: null)
2025-08-13 18:23:17,432 INFO  [org.apa.kaf.cli.con.int.ConsumerCoordinator] (Thread-735) [Consumer clientId=consumer-Consumer-topic-719e3631_85b2_46db_8fab_2232cc96cf53-17, groupId=Consumer-topic-719e3631_85b2_46db_8fab_2232cc96cf53] (Re-)joining group
2025-08-13 18:23:17,433 INFO  [org.apa.kaf.cli.con.int.ConsumerCoordinator] (Thread-735) [Consumer clientId=consumer-Consumer-topic-719e3631_85b2_46db_8fab_2232cc96cf53-17, groupId=Consumer-topic-719e3631_85b2_46db_8fab_2232cc96cf53] Request joining group due to: need to re-join with the given member-id: consumer-Consumer-topic-719e3631_85b2_46db_8fab_2232cc96cf53-17-2863cd34-da2f-40e1-955a-e6092927ef09
2025-08-13 18:23:17,434 INFO  [org.apa.kaf.cli.con.int.ConsumerCoordinator] (Thread-735) [Consumer clientId=consumer-Consumer-topic-719e3631_85b2_46db_8fab_2232cc96cf53-17, groupId=Consumer-topic-719e3631_85b2_46db_8fab_2232cc96cf53] (Re-)joining group
2025-08-13 18:23:18,418 INFO  [io.api.tes.ser.api.KafkaSerdesTester] (Thread-735) None found
2025-08-13 18:23:19,418 INFO  [io.api.tes.ser.api.KafkaSerdesTester] (Thread-735) None found
2025-08-13 18:23:20,418 INFO  [io.api.tes.ser.api.KafkaSerdesTester] (Thread-735) None found
2025-08-13 18:23:20,435 INFO  [org.apa.kaf.cli.con.int.ConsumerCoordinator] (Thread-735) [Consumer clientId=consumer-Consumer-topic-719e3631_85b2_46db_8fab_2232cc96cf53-17, groupId=Consumer-topic-719e3631_85b2_46db_8fab_2232cc96cf53] Successfully joined group with generation Generation{generationId=1, memberId='consumer-Consumer-topic-719e3631_85b2_46db_8fab_2232cc96cf53-17-2863cd34-da2f-40e1-955a-e6092927ef09', protocol='range'}
2025-08-13 18:23:20,435 INFO  [org.apa.kaf.cli.con.int.ConsumerCoordinator] (Thread-735) [Consumer clientId=consumer-Consumer-topic-719e3631_85b2_46db_8fab_2232cc96cf53-17, groupId=Consumer-topic-719e3631_85b2_46db_8fab_2232cc96cf53] Finished assignment for group at generation 1: {consumer-Consumer-topic-719e3631_85b2_46db_8fab_2232cc96cf53-17-2863cd34-da2f-40e1-955a-e6092927ef09=Assignment(partitions=[topic-719e3631_85b2_46db_8fab_2232cc96cf53-0])}
2025-08-13 18:23:20,442 INFO  [org.apa.kaf.cli.con.int.ConsumerCoordinator] (Thread-735) [Consumer clientId=consumer-Consumer-topic-719e3631_85b2_46db_8fab_2232cc96cf53-17, groupId=Consumer-topic-719e3631_85b2_46db_8fab_2232cc96cf53] Successfully synced group in generation Generation{generationId=1, memberId='consumer-Consumer-topic-719e3631_85b2_46db_8fab_2232cc96cf53-17-2863cd34-da2f-40e1-955a-e6092927ef09', protocol='range'}
2025-08-13 18:23:20,442 INFO  [org.apa.kaf.cli.con.int.ConsumerCoordinator] (Thread-735) [Consumer clientId=consumer-Consumer-topic-719e3631_85b2_46db_8fab_2232cc96cf53-17, groupId=Consumer-topic-719e3631_85b2_46db_8fab_2232cc96cf53] Notifying assignor about the new Assignment(partitions=[topic-719e3631_85b2_46db_8fab_2232cc96cf53-0])
2025-08-13 18:23:20,442 INFO  [org.apa.kaf.cli.con.int.ConsumerRebalanceListenerInvoker] (Thread-735) [Consumer clientId=consumer-Consumer-topic-719e3631_85b2_46db_8fab_2232cc96cf53-17, groupId=Consumer-topic-719e3631_85b2_46db_8fab_2232cc96cf53] Adding newly assigned partitions: topic-719e3631_85b2_46db_8fab_2232cc96cf53-0
2025-08-13 18:23:20,443 INFO  [org.apa.kaf.cli.con.int.ConsumerCoordinator] (Thread-735) [Consumer clientId=consumer-Consumer-topic-719e3631_85b2_46db_8fab_2232cc96cf53-17, groupId=Consumer-topic-719e3631_85b2_46db_8fab_2232cc96cf53] Found no committed offset for partition topic-719e3631_85b2_46db_8fab_2232cc96cf53-0
2025-08-13 18:23:20,444 INFO  [org.apa.kaf.cli.con.int.SubscriptionState] (Thread-735) [Consumer clientId=consumer-Consumer-topic-719e3631_85b2_46db_8fab_2232cc96cf53-17, groupId=Consumer-topic-719e3631_85b2_46db_8fab_2232cc96cf53] Resetting offset for partition topic-719e3631_85b2_46db_8fab_2232cc96cf53-0 to position FetchPosition{offset=0, offsetEpoch=Optional.empty, currentLeader=LeaderAndEpoch{leader=Optional[localhost:32769 (id: 0 rack: null)], epoch=0}}.
2025-08-13 18:23:20,674 INFO  [io.api.tes.ser.api.KafkaSerdesTester] (Thread-735) topic-719e3631_85b2_46db_8fab_2232cc96cf53 0 0 {"username": null}
2025-08-13 18:23:20,674 INFO  [io.api.tes.ser.api.KafkaSerdesTester] (Thread-735) topic-719e3631_85b2_46db_8fab_2232cc96cf53 0 1 {"username": null}
2025-08-13 18:23:20,674 INFO  [io.api.tes.ser.api.KafkaSerdesTester] (Thread-735) topic-719e3631_85b2_46db_8fab_2232cc96cf53 0 2 {"username": "value-2"}
2025-08-13 18:23:20,674 INFO  [io.api.tes.ser.api.KafkaSerdesTester] (Thread-735) topic-719e3631_85b2_46db_8fab_2232cc96cf53 0 3 {"username": null}
2025-08-13 18:23:20,674 INFO  [io.api.tes.ser.api.KafkaSerdesTester] (Thread-735) topic-719e3631_85b2_46db_8fab_2232cc96cf53 0 4 {"username": "value-4"}
2025-08-13 18:23:20,674 INFO  [io.api.tes.ser.api.KafkaSerdesTester] (Thread-735) topic-719e3631_85b2_46db_8fab_2232cc96cf53 0 5 {"username": null}
2025-08-13 18:23:20,674 INFO  [io.api.tes.ser.api.KafkaSerdesTester] (Thread-735) topic-719e3631_85b2_46db_8fab_2232cc96cf53 0 6 {"username": "value-6"}
2025-08-13 18:23:20,674 INFO  [io.api.tes.ser.api.KafkaSerdesTester] (Thread-735) topic-719e3631_85b2_46db_8fab_2232cc96cf53 0 7 {"username": null}
2025-08-13 18:23:20,675 INFO  [io.api.tes.ser.api.KafkaSerdesTester] (Thread-735) topic-719e3631_85b2_46db_8fab_2232cc96cf53 0 8 {"username": "value-8"}
2025-08-13 18:23:20,675 INFO  [io.api.tes.ser.api.KafkaSerdesTester] (Thread-735) topic-719e3631_85b2_46db_8fab_2232cc96cf53 0 9 {"username": null}
2025-08-13 18:23:20,675 INFO  [io.api.tes.ser.api.KafkaSerdesTester] (Thread-735) Consumed 10 messages
2025-08-13 18:23:20,682 INFO  [org.apa.kaf.cli.con.int.ConsumerRebalanceListenerInvoker] (Thread-735) [Consumer clientId=consumer-Consumer-topic-719e3631_85b2_46db_8fab_2232cc96cf53-17, groupId=Consumer-topic-719e3631_85b2_46db_8fab_2232cc96cf53] Revoke previously assigned partitions topic-719e3631_85b2_46db_8fab_2232cc96cf53-0
2025-08-13 18:23:20,682 INFO  [org.apa.kaf.cli.con.int.ConsumerCoordinator] (Thread-735) [Consumer clientId=consumer-Consumer-topic-719e3631_85b2_46db_8fab_2232cc96cf53-17, groupId=Consumer-topic-719e3631_85b2_46db_8fab_2232cc96cf53] Member consumer-Consumer-topic-719e3631_85b2_46db_8fab_2232cc96cf53-17-2863cd34-da2f-40e1-955a-e6092927ef09 sending LeaveGroup request to coordinator localhost:32769 (id: 2147483647 rack: null) due to the consumer is being closed
2025-08-13 18:23:20,682 INFO  [org.apa.kaf.cli.con.int.ConsumerCoordinator] (Thread-735) [Consumer clientId=consumer-Consumer-topic-719e3631_85b2_46db_8fab_2232cc96cf53-17, groupId=Consumer-topic-719e3631_85b2_46db_8fab_2232cc96cf53] Resetting generation and member id due to: consumer pro-actively leaving the group
2025-08-13 18:23:20,683 INFO  [org.apa.kaf.cli.con.int.ConsumerCoordinator] (Thread-735) [Consumer clientId=consumer-Consumer-topic-719e3631_85b2_46db_8fab_2232cc96cf53-17, groupId=Consumer-topic-719e3631_85b2_46db_8fab_2232cc96cf53] Request joining group due to: consumer pro-actively leaving the group
2025-08-13 18:23:21,177 INFO  [org.apa.kaf.com.met.Metrics] (Thread-735) Metrics scheduler closed
2025-08-13 18:23:21,177 INFO  [org.apa.kaf.com.met.Metrics] (Thread-735) Closing reporter org.apache.kafka.common.metrics.JmxReporter
2025-08-13 18:23:21,178 INFO  [org.apa.kaf.com.met.Metrics] (Thread-735) Closing reporter org.apache.kafka.common.telemetry.internals.ClientTelemetryReporter
2025-08-13 18:23:21,178 INFO  [org.apa.kaf.com.met.Metrics] (Thread-735) Metrics reporters closed
2025-08-13 18:23:21,179 INFO  [org.apa.kaf.com.uti.AppInfoParser] (Thread-735) App info kafka.consumer for consumer-Consumer-topic-719e3631_85b2_46db_8fab_2232cc96cf53-17 unregistered
2025-08-13 18:23:21,180 INFO  [io.api.tes.uti.TestSeparator] (main) io.apicurio.tests.serdes.apicurio.AvroSerdeIT.testFirstEmptyFieldConfusedAsMagicByte-FINISHED
2025-08-13 18:23:21,180 INFO  [io.api.tes.uti.TestSeparator] (main) ############################################################################
Test passed: testFirstEmptyFieldConfusedAsMagicByte
]]></system-out>
  </testcase>
  <testcase name="testAvroSerDesFailDifferentSchemaByContent" classname="io.apicurio.tests.serdes.apicurio.AvroSerdeIT" time="1.467">
    <system-out><![CDATA[2025-08-13 18:23:21,183 INFO  [io.api.tes.uti.TestSeparator] (main) ############################################################################
2025-08-13 18:23:21,183 INFO  [io.api.tes.uti.TestSeparator] (main) io.apicurio.tests.serdes.apicurio.AvroSerdeIT.testAvroSerDesFailDifferentSchemaByContent-STARTED
**** Registry Base URL: http://registry-app-mysql.apps.ci419.apicurio-testing.org:80
2025-08-13 18:23:22,396 INFO  [org.apa.kaf.cli.pro.ProducerConfig] (main) ProducerConfig values: 
	acks = -1
	auto.include.jmx.reporter = true
	batch.size = 16384
	bootstrap.servers = [PLAINTEXT://localhost:32769]
	buffer.memory = 33554432
	client.dns.lookup = use_all_dns_ips
	client.id = Producer-topic-66ef3224_d076_406c_b4a9_a0a76c1e234f
	compression.gzip.level = -1
	compression.lz4.level = 9
	compression.type = none
	compression.zstd.level = 3
	connections.max.idle.ms = 10000
	delivery.timeout.ms = 120000
	enable.idempotence = true
	enable.metrics.push = true
	interceptor.classes = []
	key.serializer = class org.apache.kafka.common.serialization.StringSerializer
	linger.ms = 0
	max.block.ms = 60000
	max.in.flight.requests.per.connection = 5
	max.request.size = 1048576
	metadata.max.age.ms = 300000
	metadata.max.idle.ms = 300000
	metadata.recovery.strategy = none
	metric.reporters = []
	metrics.num.samples = 2
	metrics.recording.level = INFO
	metrics.sample.window.ms = 30000
	partitioner.adaptive.partitioning.enable = true
	partitioner.availability.timeout.ms = 0
	partitioner.class = null
	partitioner.ignore.keys = false
	receive.buffer.bytes = 32768
	reconnect.backoff.max.ms = 1000
	reconnect.backoff.ms = 50
	request.timeout.ms = 5000
	retries = 2147483647
	retry.backoff.max.ms = 1000
	retry.backoff.ms = 100
	sasl.client.callback.handler.class = null
	sasl.jaas.config = null
	sasl.kerberos.kinit.cmd = /usr/bin/kinit
	sasl.kerberos.min.time.before.relogin = 60000
	sasl.kerberos.service.name = null
	sasl.kerberos.ticket.renew.jitter = 0.05
	sasl.kerberos.ticket.renew.window.factor = 0.8
	sasl.login.callback.handler.class = null
	sasl.login.class = null
	sasl.login.connect.timeout.ms = null
	sasl.login.read.timeout.ms = null
	sasl.login.refresh.buffer.seconds = 300
	sasl.login.refresh.min.period.seconds = 60
	sasl.login.refresh.window.factor = 0.8
	sasl.login.refresh.window.jitter = 0.05
	sasl.login.retry.backoff.max.ms = 10000
	sasl.login.retry.backoff.ms = 100
	sasl.mechanism = GSSAPI
	sasl.oauthbearer.clock.skew.seconds = 30
	sasl.oauthbearer.expected.audience = null
	sasl.oauthbearer.expected.issuer = null
	sasl.oauthbearer.header.urlencode = false
	sasl.oauthbearer.jwks.endpoint.refresh.ms = 3600000
	sasl.oauthbearer.jwks.endpoint.retry.backoff.max.ms = 10000
	sasl.oauthbearer.jwks.endpoint.retry.backoff.ms = 100
	sasl.oauthbearer.jwks.endpoint.url = null
	sasl.oauthbearer.scope.claim.name = scope
	sasl.oauthbearer.sub.claim.name = sub
	sasl.oauthbearer.token.endpoint.url = null
	security.protocol = PLAINTEXT
	security.providers = null
	send.buffer.bytes = 131072
	socket.connection.setup.timeout.max.ms = 30000
	socket.connection.setup.timeout.ms = 10000
	ssl.cipher.suites = null
	ssl.enabled.protocols = [TLSv1.2, TLSv1.3]
	ssl.endpoint.identification.algorithm = https
	ssl.engine.factory.class = null
	ssl.key.password = null
	ssl.keymanager.algorithm = SunX509
	ssl.keystore.certificate.chain = null
	ssl.keystore.key = null
	ssl.keystore.location = null
	ssl.keystore.password = null
	ssl.keystore.type = JKS
	ssl.protocol = TLSv1.3
	ssl.provider = null
	ssl.secure.random.implementation = null
	ssl.trustmanager.algorithm = PKIX
	ssl.truststore.certificates = null
	ssl.truststore.location = null
	ssl.truststore.password = null
	ssl.truststore.type = JKS
	transaction.timeout.ms = 60000
	transactional.id = null
	value.serializer = class io.apicurio.registry.serde.avro.AvroKafkaSerializer

2025-08-13 18:23:22,397 INFO  [org.apa.kaf.com.tel.int.KafkaMetricsCollector] (main) initializing Kafka metrics collector
2025-08-13 18:23:22,400 INFO  [org.apa.kaf.cli.pro.KafkaProducer] (main) [Producer clientId=Producer-topic-66ef3224_d076_406c_b4a9_a0a76c1e234f] Instantiated an idempotent producer.
2025-08-13 18:23:22,402 INFO  [org.apa.kaf.cli.pro.ProducerConfig] (main) These configurations '[apicurio.registry.url, apicurio.registry.artifact-resolver-strategy]' were supplied but are not used yet.
2025-08-13 18:23:22,402 INFO  [org.apa.kaf.com.uti.AppInfoParser] (main) Kafka version: 3.9.1
2025-08-13 18:23:22,402 INFO  [org.apa.kaf.com.uti.AppInfoParser] (main) Kafka commitId: f745dfdcee2b9851
2025-08-13 18:23:22,402 INFO  [org.apa.kaf.com.uti.AppInfoParser] (main) Kafka startTimeMs: 1755109402402
2025-08-13 18:23:22,404 INFO  [io.api.tes.ser.api.KafkaSerdesTester] (Thread-738) Sending message {"keyB": "value-0"} to topic topic-66ef3224_d076_406c_b4a9_a0a76c1e234f
2025-08-13 18:23:22,406 INFO  [org.apa.kaf.cli.Metadata] (kafka-producer-network-thread | Producer-topic-66ef3224_d076_406c_b4a9_a0a76c1e234f) [Producer clientId=Producer-topic-66ef3224_d076_406c_b4a9_a0a76c1e234f] Cluster ID: qvRm5C5FS3SD7xP4bjB8Pg
2025-08-13 18:23:22,406 INFO  [DefaultSchemaResolver] (Thread-738) Retrieving schema content using string: {"type":"record","name":"s4b676831x8114x4d63x8de6x1a44324ccdd8","namespace":"se5b70234x8029x491cxb30dx9a1c2065ad4c","fields":[{"name":"keyB","type":"string"}]}
2025-08-13 18:23:22,407 INFO  [org.apa.kaf.cli.pro.int.TransactionManager] (kafka-producer-network-thread | Producer-topic-66ef3224_d076_406c_b4a9_a0a76c1e234f) [Producer clientId=Producer-topic-66ef3224_d076_406c_b4a9_a0a76c1e234f] ProducerId set to 24 with epoch 0
2025-08-13 18:23:22,644 INFO  [org.apa.kaf.cli.pro.KafkaProducer] (Thread-738) [Producer clientId=Producer-topic-66ef3224_d076_406c_b4a9_a0a76c1e234f] Closing the Kafka producer with timeoutMillis = 9223372036854775807 ms.
2025-08-13 18:23:22,646 INFO  [org.apa.kaf.com.met.Metrics] (Thread-738) Metrics scheduler closed
2025-08-13 18:23:22,647 INFO  [org.apa.kaf.com.met.Metrics] (Thread-738) Closing reporter org.apache.kafka.common.metrics.JmxReporter
2025-08-13 18:23:22,647 INFO  [org.apa.kaf.com.met.Metrics] (Thread-738) Closing reporter org.apache.kafka.common.telemetry.internals.ClientTelemetryReporter
2025-08-13 18:23:22,647 INFO  [org.apa.kaf.com.met.Metrics] (Thread-738) Metrics reporters closed
2025-08-13 18:23:22,647 INFO  [org.apa.kaf.com.uti.AppInfoParser] (Thread-738) App info kafka.producer for Producer-topic-66ef3224_d076_406c_b4a9_a0a76c1e234f unregistered
2025-08-13 18:23:22,648 INFO  [io.api.tes.uti.TestSeparator] (main) io.apicurio.tests.serdes.apicurio.AvroSerdeIT.testAvroSerDesFailDifferentSchemaByContent-FINISHED
2025-08-13 18:23:22,648 INFO  [io.api.tes.uti.TestSeparator] (main) ############################################################################
Test passed: testAvroSerDesFailDifferentSchemaByContent
]]></system-out>
    <system-err><![CDATA[java.lang.RuntimeException: Could not resolve artifact reference by content: {"type":"record","name":"s4b676831x8114x4d63x8de6x1a44324ccdd8","namespace":"se5b70234x8029x491cxb30dx9a1c2065ad4c","fields":[{"name":"keyB","type":"string"}]}&ArtifactReference [groupId=se5b70234x8029x491cxb30dx9a1c2065ad4c, artifactId=s4b676831x8114x4d63x8de6x1a44324ccdd8, version=null, globalId=null, contentId=null, contentHash=null]
	at io.apicurio.registry.resolver.DefaultSchemaResolver.lambda$handleResolveSchemaByContent$3(DefaultSchemaResolver.java:265)
	at io.apicurio.registry.resolver.cache.ERCache.lambda$getValue$0(ERCache.java:174)
	at io.apicurio.registry.resolver.cache.ERCache.retry(ERCache.java:227)
	at io.apicurio.registry.resolver.cache.ERCache.getValue(ERCache.java:173)
	at io.apicurio.registry.resolver.cache.ERCache.getByContent(ERCache.java:147)
	at io.apicurio.registry.resolver.DefaultSchemaResolver.handleResolveSchemaByContent(DefaultSchemaResolver.java:253)
	at io.apicurio.registry.resolver.DefaultSchemaResolver.getSchemaFromRegistry(DefaultSchemaResolver.java:138)
	at io.apicurio.registry.resolver.DefaultSchemaResolver.lambda$resolveSchema$0(DefaultSchemaResolver.java:84)
	at java.base/java.util.Optional.orElseGet(Optional.java:364)
	at io.apicurio.registry.resolver.DefaultSchemaResolver.resolveSchema(DefaultSchemaResolver.java:84)
	at io.apicurio.registry.serde.AbstractSerializer.serializeData(AbstractSerializer.java:62)
	at io.apicurio.registry.serde.KafkaSerializer.serialize(KafkaSerializer.java:77)
	at org.apache.kafka.clients.producer.KafkaProducer.doSend(KafkaProducer.java:1046)
	at org.apache.kafka.clients.producer.KafkaProducer.send(KafkaProducer.java:993)
	at org.apache.kafka.clients.producer.KafkaProducer.send(KafkaProducer.java:875)
	at io.apicurio.tests.serdes.apicurio.KafkaSerdesTester.lambda$produceMessages$3(KafkaSerdesTester.java:138)
	at java.base/java.util.concurrent.CompletableFuture$AsyncSupply.run(CompletableFuture.java:1768)
	at java.base/java.lang.Thread.run(Thread.java:840)
]]></system-err>
  </testcase>
  <testcase name="testGlobalIdInBody" classname="io.apicurio.tests.serdes.apicurio.AvroSerdeIT" time="4.3">
    <system-out><![CDATA[2025-08-13 18:23:22,649 INFO  [io.api.tes.uti.TestSeparator] (main) ############################################################################
2025-08-13 18:23:22,649 INFO  [io.api.tes.uti.TestSeparator] (main) io.apicurio.tests.serdes.apicurio.AvroSerdeIT.testGlobalIdInBody-STARTED
**** Registry Base URL: http://registry-app-mysql.apps.ci419.apicurio-testing.org:80
2025-08-13 18:23:22,654 INFO  [org.apa.kaf.cli.pro.ProducerConfig] (main) ProducerConfig values: 
	acks = -1
	auto.include.jmx.reporter = true
	batch.size = 16384
	bootstrap.servers = [PLAINTEXT://localhost:32769]
	buffer.memory = 33554432
	client.dns.lookup = use_all_dns_ips
	client.id = Producer-topic-4d89555a_0a12_4320_be6a_2f5318c7ed8b
	compression.gzip.level = -1
	compression.lz4.level = 9
	compression.type = none
	compression.zstd.level = 3
	connections.max.idle.ms = 10000
	delivery.timeout.ms = 120000
	enable.idempotence = true
	enable.metrics.push = true
	interceptor.classes = []
	key.serializer = class org.apache.kafka.common.serialization.StringSerializer
	linger.ms = 0
	max.block.ms = 60000
	max.in.flight.requests.per.connection = 5
	max.request.size = 1048576
	metadata.max.age.ms = 300000
	metadata.max.idle.ms = 300000
	metadata.recovery.strategy = none
	metric.reporters = []
	metrics.num.samples = 2
	metrics.recording.level = INFO
	metrics.sample.window.ms = 30000
	partitioner.adaptive.partitioning.enable = true
	partitioner.availability.timeout.ms = 0
	partitioner.class = null
	partitioner.ignore.keys = false
	receive.buffer.bytes = 32768
	reconnect.backoff.max.ms = 1000
	reconnect.backoff.ms = 50
	request.timeout.ms = 5000
	retries = 2147483647
	retry.backoff.max.ms = 1000
	retry.backoff.ms = 100
	sasl.client.callback.handler.class = null
	sasl.jaas.config = null
	sasl.kerberos.kinit.cmd = /usr/bin/kinit
	sasl.kerberos.min.time.before.relogin = 60000
	sasl.kerberos.service.name = null
	sasl.kerberos.ticket.renew.jitter = 0.05
	sasl.kerberos.ticket.renew.window.factor = 0.8
	sasl.login.callback.handler.class = null
	sasl.login.class = null
	sasl.login.connect.timeout.ms = null
	sasl.login.read.timeout.ms = null
	sasl.login.refresh.buffer.seconds = 300
	sasl.login.refresh.min.period.seconds = 60
	sasl.login.refresh.window.factor = 0.8
	sasl.login.refresh.window.jitter = 0.05
	sasl.login.retry.backoff.max.ms = 10000
	sasl.login.retry.backoff.ms = 100
	sasl.mechanism = GSSAPI
	sasl.oauthbearer.clock.skew.seconds = 30
	sasl.oauthbearer.expected.audience = null
	sasl.oauthbearer.expected.issuer = null
	sasl.oauthbearer.header.urlencode = false
	sasl.oauthbearer.jwks.endpoint.refresh.ms = 3600000
	sasl.oauthbearer.jwks.endpoint.retry.backoff.max.ms = 10000
	sasl.oauthbearer.jwks.endpoint.retry.backoff.ms = 100
	sasl.oauthbearer.jwks.endpoint.url = null
	sasl.oauthbearer.scope.claim.name = scope
	sasl.oauthbearer.sub.claim.name = sub
	sasl.oauthbearer.token.endpoint.url = null
	security.protocol = PLAINTEXT
	security.providers = null
	send.buffer.bytes = 131072
	socket.connection.setup.timeout.max.ms = 30000
	socket.connection.setup.timeout.ms = 10000
	ssl.cipher.suites = null
	ssl.enabled.protocols = [TLSv1.2, TLSv1.3]
	ssl.endpoint.identification.algorithm = https
	ssl.engine.factory.class = null
	ssl.key.password = null
	ssl.keymanager.algorithm = SunX509
	ssl.keystore.certificate.chain = null
	ssl.keystore.key = null
	ssl.keystore.location = null
	ssl.keystore.password = null
	ssl.keystore.type = JKS
	ssl.protocol = TLSv1.3
	ssl.provider = null
	ssl.secure.random.implementation = null
	ssl.trustmanager.algorithm = PKIX
	ssl.truststore.certificates = null
	ssl.truststore.location = null
	ssl.truststore.password = null
	ssl.truststore.type = JKS
	transaction.timeout.ms = 60000
	transactional.id = null
	value.serializer = class io.apicurio.registry.serde.avro.AvroKafkaSerializer

2025-08-13 18:23:22,654 INFO  [org.apa.kaf.com.tel.int.KafkaMetricsCollector] (main) initializing Kafka metrics collector
2025-08-13 18:23:22,658 INFO  [org.apa.kaf.cli.pro.KafkaProducer] (main) [Producer clientId=Producer-topic-4d89555a_0a12_4320_be6a_2f5318c7ed8b] Instantiated an idempotent producer.
2025-08-13 18:23:22,659 INFO  [org.apa.kaf.cli.pro.ProducerConfig] (main) These configurations '[apicurio.registry.url, apicurio.registry.auto-register, apicurio.registry.use-id, apicurio.registry.artifact-resolver-strategy]' were supplied but are not used yet.
2025-08-13 18:23:22,659 INFO  [org.apa.kaf.com.uti.AppInfoParser] (main) Kafka version: 3.9.1
2025-08-13 18:23:22,659 INFO  [org.apa.kaf.com.uti.AppInfoParser] (main) Kafka commitId: f745dfdcee2b9851
2025-08-13 18:23:22,660 INFO  [org.apa.kaf.com.uti.AppInfoParser] (main) Kafka startTimeMs: 1755109402659
2025-08-13 18:23:22,660 INFO  [io.api.tes.ser.api.SimpleSerdesTesterBuilder$SimpleSerdesTester] (main) Using producer configuration: {apicurio.registry.url=http://registry-app-mysql.apps.ci419.apicurio-testing.org:80/apis/registry/v3, apicurio.registry.auto-register=true, apicurio.registry.use-id=globalId, apicurio.registry.artifact-resolver-strategy=io.apicurio.registry.serde.strategy.TopicIdStrategy, value.serializer=io.apicurio.registry.serde.avro.AvroKafkaSerializer, request.timeout.ms=5000, acks=all, bootstrap.servers=PLAINTEXT://localhost:32769, connections.max.idle.ms=10000, key.serializer=org.apache.kafka.common.serialization.StringSerializer, client.id=Producer-topic-4d89555a_0a12_4320_be6a_2f5318c7ed8b}
2025-08-13 18:23:22,660 INFO  [io.api.tes.ser.api.SimpleSerdesTesterBuilder$SimpleSerdesTester] (main) Using consumer configuration: {apicurio.registry.use-id=globalId}
2025-08-13 18:23:22,662 INFO  [io.api.tes.ser.api.KafkaSerdesTester] (Thread-741) Sending message {"key11755109402649": "value-0"} to topic topic-4d89555a_0a12_4320_be6a_2f5318c7ed8b
2025-08-13 18:23:22,664 WARN  [org.apa.kaf.cli.NetworkClient] (kafka-producer-network-thread | Producer-topic-4d89555a_0a12_4320_be6a_2f5318c7ed8b) [Producer clientId=Producer-topic-4d89555a_0a12_4320_be6a_2f5318c7ed8b] The metadata response from the cluster reported a recoverable issue with correlation id 1 : {topic-4d89555a_0a12_4320_be6a_2f5318c7ed8b=UNKNOWN_TOPIC_OR_PARTITION}
2025-08-13 18:23:22,664 INFO  [org.apa.kaf.cli.Metadata] (kafka-producer-network-thread | Producer-topic-4d89555a_0a12_4320_be6a_2f5318c7ed8b) [Producer clientId=Producer-topic-4d89555a_0a12_4320_be6a_2f5318c7ed8b] Cluster ID: qvRm5C5FS3SD7xP4bjB8Pg
2025-08-13 18:23:22,664 INFO  [org.apa.kaf.cli.pro.int.TransactionManager] (kafka-producer-network-thread | Producer-topic-4d89555a_0a12_4320_be6a_2f5318c7ed8b) [Producer clientId=Producer-topic-4d89555a_0a12_4320_be6a_2f5318c7ed8b] ProducerId set to 25 with epoch 0
2025-08-13 18:23:22,976 INFO  [io.api.tes.ser.api.KafkaSerdesTester] (Thread-741) Sending message {"key11755109402649": "value-1"} to topic topic-4d89555a_0a12_4320_be6a_2f5318c7ed8b
2025-08-13 18:23:22,978 INFO  [io.api.tes.ser.api.KafkaSerdesTester] (Thread-741) Sending message {"key11755109402649": "value-2"} to topic topic-4d89555a_0a12_4320_be6a_2f5318c7ed8b
2025-08-13 18:23:22,979 INFO  [io.api.tes.ser.api.KafkaSerdesTester] (Thread-741) Sending message {"key11755109402649": "value-3"} to topic topic-4d89555a_0a12_4320_be6a_2f5318c7ed8b
2025-08-13 18:23:22,980 INFO  [io.api.tes.ser.api.KafkaSerdesTester] (Thread-741) Sending message {"key11755109402649": "value-4"} to topic topic-4d89555a_0a12_4320_be6a_2f5318c7ed8b
2025-08-13 18:23:22,983 INFO  [io.api.tes.ser.api.KafkaSerdesTester] (Thread-741) Sending message {"key11755109402649": "value-5"} to topic topic-4d89555a_0a12_4320_be6a_2f5318c7ed8b
2025-08-13 18:23:22,990 INFO  [io.api.tes.ser.api.KafkaSerdesTester] (Thread-741) Sending message {"key11755109402649": "value-6"} to topic topic-4d89555a_0a12_4320_be6a_2f5318c7ed8b
2025-08-13 18:23:22,994 INFO  [io.api.tes.ser.api.KafkaSerdesTester] (Thread-741) Sending message {"key11755109402649": "value-7"} to topic topic-4d89555a_0a12_4320_be6a_2f5318c7ed8b
2025-08-13 18:23:22,995 INFO  [io.api.tes.ser.api.KafkaSerdesTester] (Thread-741) Sending message {"key11755109402649": "value-8"} to topic topic-4d89555a_0a12_4320_be6a_2f5318c7ed8b
2025-08-13 18:23:22,996 INFO  [io.api.tes.ser.api.KafkaSerdesTester] (Thread-741) Sending message {"key11755109402649": "value-9"} to topic topic-4d89555a_0a12_4320_be6a_2f5318c7ed8b
2025-08-13 18:23:22,999 INFO  [io.api.tes.ser.api.KafkaSerdesTester] (Thread-741) Produced 10 messages
2025-08-13 18:23:22,999 INFO  [org.apa.kaf.cli.pro.KafkaProducer] (Thread-741) [Producer clientId=Producer-topic-4d89555a_0a12_4320_be6a_2f5318c7ed8b] Closing the Kafka producer with timeoutMillis = 9223372036854775807 ms.
2025-08-13 18:23:23,001 INFO  [org.apa.kaf.com.met.Metrics] (Thread-741) Metrics scheduler closed
2025-08-13 18:23:23,001 INFO  [org.apa.kaf.com.met.Metrics] (Thread-741) Closing reporter org.apache.kafka.common.metrics.JmxReporter
2025-08-13 18:23:23,001 INFO  [org.apa.kaf.com.met.Metrics] (Thread-741) Closing reporter org.apache.kafka.common.telemetry.internals.ClientTelemetryReporter
2025-08-13 18:23:23,001 INFO  [org.apa.kaf.com.met.Metrics] (Thread-741) Metrics reporters closed
2025-08-13 18:23:23,002 INFO  [org.apa.kaf.com.uti.AppInfoParser] (Thread-741) App info kafka.producer for Producer-topic-4d89555a_0a12_4320_be6a_2f5318c7ed8b unregistered
**** Registry Base URL: http://registry-app-mysql.apps.ci419.apicurio-testing.org:80
2025-08-13 18:23:23,172 INFO  [org.apa.kaf.cli.con.ConsumerConfig] (main) ConsumerConfig values: 
	allow.auto.create.topics = true
	auto.commit.interval.ms = 500
	auto.include.jmx.reporter = true
	auto.offset.reset = earliest
	bootstrap.servers = [PLAINTEXT://localhost:32769]
	check.crcs = true
	client.dns.lookup = use_all_dns_ips
	client.id = consumer-Consumer-topic-4d89555a_0a12_4320_be6a_2f5318c7ed8b-18
	client.rack = 
	connections.max.idle.ms = 10000
	default.api.timeout.ms = 60000
	enable.auto.commit = true
	enable.metrics.push = true
	exclude.internal.topics = true
	fetch.max.bytes = 52428800
	fetch.max.wait.ms = 500
	fetch.min.bytes = 1
	group.id = Consumer-topic-4d89555a_0a12_4320_be6a_2f5318c7ed8b
	group.instance.id = null
	group.protocol = classic
	group.remote.assignor = null
	heartbeat.interval.ms = 3000
	interceptor.classes = []
	internal.leave.group.on.close = true
	internal.throw.on.fetch.stable.offset.unsupported = false
	isolation.level = read_uncommitted
	key.deserializer = class org.apache.kafka.common.serialization.StringDeserializer
	max.partition.fetch.bytes = 1048576
	max.poll.interval.ms = 300000
	max.poll.records = 500
	metadata.max.age.ms = 300000
	metadata.recovery.strategy = none
	metric.reporters = []
	metrics.num.samples = 2
	metrics.recording.level = INFO
	metrics.sample.window.ms = 30000
	partition.assignment.strategy = [class org.apache.kafka.clients.consumer.RangeAssignor, class org.apache.kafka.clients.consumer.CooperativeStickyAssignor]
	receive.buffer.bytes = 65536
	reconnect.backoff.max.ms = 1000
	reconnect.backoff.ms = 50
	request.timeout.ms = 5000
	retry.backoff.max.ms = 1000
	retry.backoff.ms = 100
	sasl.client.callback.handler.class = null
	sasl.jaas.config = null
	sasl.kerberos.kinit.cmd = /usr/bin/kinit
	sasl.kerberos.min.time.before.relogin = 60000
	sasl.kerberos.service.name = null
	sasl.kerberos.ticket.renew.jitter = 0.05
	sasl.kerberos.ticket.renew.window.factor = 0.8
	sasl.login.callback.handler.class = null
	sasl.login.class = null
	sasl.login.connect.timeout.ms = null
	sasl.login.read.timeout.ms = null
	sasl.login.refresh.buffer.seconds = 300
	sasl.login.refresh.min.period.seconds = 60
	sasl.login.refresh.window.factor = 0.8
	sasl.login.refresh.window.jitter = 0.05
	sasl.login.retry.backoff.max.ms = 10000
	sasl.login.retry.backoff.ms = 100
	sasl.mechanism = GSSAPI
	sasl.oauthbearer.clock.skew.seconds = 30
	sasl.oauthbearer.expected.audience = null
	sasl.oauthbearer.expected.issuer = null
	sasl.oauthbearer.header.urlencode = false
	sasl.oauthbearer.jwks.endpoint.refresh.ms = 3600000
	sasl.oauthbearer.jwks.endpoint.retry.backoff.max.ms = 10000
	sasl.oauthbearer.jwks.endpoint.retry.backoff.ms = 100
	sasl.oauthbearer.jwks.endpoint.url = null
	sasl.oauthbearer.scope.claim.name = scope
	sasl.oauthbearer.sub.claim.name = sub
	sasl.oauthbearer.token.endpoint.url = null
	security.protocol = PLAINTEXT
	security.providers = null
	send.buffer.bytes = 131072
	session.timeout.ms = 45000
	socket.connection.setup.timeout.max.ms = 30000
	socket.connection.setup.timeout.ms = 10000
	ssl.cipher.suites = null
	ssl.enabled.protocols = [TLSv1.2, TLSv1.3]
	ssl.endpoint.identification.algorithm = https
	ssl.engine.factory.class = null
	ssl.key.password = null
	ssl.keymanager.algorithm = SunX509
	ssl.keystore.certificate.chain = null
	ssl.keystore.key = null
	ssl.keystore.location = null
	ssl.keystore.password = null
	ssl.keystore.type = JKS
	ssl.protocol = TLSv1.3
	ssl.provider = null
	ssl.secure.random.implementation = null
	ssl.trustmanager.algorithm = PKIX
	ssl.truststore.certificates = null
	ssl.truststore.location = null
	ssl.truststore.password = null
	ssl.truststore.type = JKS
	value.deserializer = class io.apicurio.registry.serde.avro.AvroKafkaDeserializer

2025-08-13 18:23:23,172 INFO  [org.apa.kaf.com.tel.int.KafkaMetricsCollector] (main) initializing Kafka metrics collector
2025-08-13 18:23:23,177 INFO  [org.apa.kaf.cli.con.ConsumerConfig] (main) These configurations '[apicurio.registry.url, apicurio.registry.use-id]' were supplied but are not used yet.
2025-08-13 18:23:23,177 INFO  [org.apa.kaf.com.uti.AppInfoParser] (main) Kafka version: 3.9.1
2025-08-13 18:23:23,177 INFO  [org.apa.kaf.com.uti.AppInfoParser] (main) Kafka commitId: f745dfdcee2b9851
2025-08-13 18:23:23,177 INFO  [org.apa.kaf.com.uti.AppInfoParser] (main) Kafka startTimeMs: 1755109403177
2025-08-13 18:23:23,177 INFO  [org.apa.kaf.cli.con.int.ClassicKafkaConsumer] (Thread-744) [Consumer clientId=consumer-Consumer-topic-4d89555a_0a12_4320_be6a_2f5318c7ed8b-18, groupId=Consumer-topic-4d89555a_0a12_4320_be6a_2f5318c7ed8b] Subscribed to topic(s): topic-4d89555a_0a12_4320_be6a_2f5318c7ed8b
2025-08-13 18:23:23,181 INFO  [org.apa.kaf.cli.Metadata] (Thread-744) [Consumer clientId=consumer-Consumer-topic-4d89555a_0a12_4320_be6a_2f5318c7ed8b-18, groupId=Consumer-topic-4d89555a_0a12_4320_be6a_2f5318c7ed8b] Cluster ID: qvRm5C5FS3SD7xP4bjB8Pg
2025-08-13 18:23:23,181 INFO  [org.apa.kaf.cli.con.int.ConsumerCoordinator] (Thread-744) [Consumer clientId=consumer-Consumer-topic-4d89555a_0a12_4320_be6a_2f5318c7ed8b-18, groupId=Consumer-topic-4d89555a_0a12_4320_be6a_2f5318c7ed8b] Discovered group coordinator localhost:32769 (id: 2147483647 rack: null)
2025-08-13 18:23:23,183 INFO  [org.apa.kaf.cli.con.int.ConsumerCoordinator] (Thread-744) [Consumer clientId=consumer-Consumer-topic-4d89555a_0a12_4320_be6a_2f5318c7ed8b-18, groupId=Consumer-topic-4d89555a_0a12_4320_be6a_2f5318c7ed8b] (Re-)joining group
2025-08-13 18:23:23,185 INFO  [org.apa.kaf.cli.con.int.ConsumerCoordinator] (Thread-744) [Consumer clientId=consumer-Consumer-topic-4d89555a_0a12_4320_be6a_2f5318c7ed8b-18, groupId=Consumer-topic-4d89555a_0a12_4320_be6a_2f5318c7ed8b] Request joining group due to: need to re-join with the given member-id: consumer-Consumer-topic-4d89555a_0a12_4320_be6a_2f5318c7ed8b-18-d1c8fac7-0cb4-4721-9ff7-866b006e8ea4
2025-08-13 18:23:23,185 INFO  [org.apa.kaf.cli.con.int.ConsumerCoordinator] (Thread-744) [Consumer clientId=consumer-Consumer-topic-4d89555a_0a12_4320_be6a_2f5318c7ed8b-18, groupId=Consumer-topic-4d89555a_0a12_4320_be6a_2f5318c7ed8b] (Re-)joining group
2025-08-13 18:23:24,177 INFO  [io.api.tes.ser.api.KafkaSerdesTester] (Thread-744) None found
2025-08-13 18:23:25,178 INFO  [io.api.tes.ser.api.KafkaSerdesTester] (Thread-744) None found
2025-08-13 18:23:26,178 INFO  [io.api.tes.ser.api.KafkaSerdesTester] (Thread-744) None found
2025-08-13 18:23:26,186 INFO  [org.apa.kaf.cli.con.int.ConsumerCoordinator] (Thread-744) [Consumer clientId=consumer-Consumer-topic-4d89555a_0a12_4320_be6a_2f5318c7ed8b-18, groupId=Consumer-topic-4d89555a_0a12_4320_be6a_2f5318c7ed8b] Successfully joined group with generation Generation{generationId=1, memberId='consumer-Consumer-topic-4d89555a_0a12_4320_be6a_2f5318c7ed8b-18-d1c8fac7-0cb4-4721-9ff7-866b006e8ea4', protocol='range'}
2025-08-13 18:23:26,186 INFO  [org.apa.kaf.cli.con.int.ConsumerCoordinator] (Thread-744) [Consumer clientId=consumer-Consumer-topic-4d89555a_0a12_4320_be6a_2f5318c7ed8b-18, groupId=Consumer-topic-4d89555a_0a12_4320_be6a_2f5318c7ed8b] Finished assignment for group at generation 1: {consumer-Consumer-topic-4d89555a_0a12_4320_be6a_2f5318c7ed8b-18-d1c8fac7-0cb4-4721-9ff7-866b006e8ea4=Assignment(partitions=[topic-4d89555a_0a12_4320_be6a_2f5318c7ed8b-0])}
2025-08-13 18:23:26,193 INFO  [org.apa.kaf.cli.con.int.ConsumerCoordinator] (Thread-744) [Consumer clientId=consumer-Consumer-topic-4d89555a_0a12_4320_be6a_2f5318c7ed8b-18, groupId=Consumer-topic-4d89555a_0a12_4320_be6a_2f5318c7ed8b] Successfully synced group in generation Generation{generationId=1, memberId='consumer-Consumer-topic-4d89555a_0a12_4320_be6a_2f5318c7ed8b-18-d1c8fac7-0cb4-4721-9ff7-866b006e8ea4', protocol='range'}
2025-08-13 18:23:26,193 INFO  [org.apa.kaf.cli.con.int.ConsumerCoordinator] (Thread-744) [Consumer clientId=consumer-Consumer-topic-4d89555a_0a12_4320_be6a_2f5318c7ed8b-18, groupId=Consumer-topic-4d89555a_0a12_4320_be6a_2f5318c7ed8b] Notifying assignor about the new Assignment(partitions=[topic-4d89555a_0a12_4320_be6a_2f5318c7ed8b-0])
2025-08-13 18:23:26,193 INFO  [org.apa.kaf.cli.con.int.ConsumerRebalanceListenerInvoker] (Thread-744) [Consumer clientId=consumer-Consumer-topic-4d89555a_0a12_4320_be6a_2f5318c7ed8b-18, groupId=Consumer-topic-4d89555a_0a12_4320_be6a_2f5318c7ed8b] Adding newly assigned partitions: topic-4d89555a_0a12_4320_be6a_2f5318c7ed8b-0
2025-08-13 18:23:26,194 INFO  [org.apa.kaf.cli.con.int.ConsumerCoordinator] (Thread-744) [Consumer clientId=consumer-Consumer-topic-4d89555a_0a12_4320_be6a_2f5318c7ed8b-18, groupId=Consumer-topic-4d89555a_0a12_4320_be6a_2f5318c7ed8b] Found no committed offset for partition topic-4d89555a_0a12_4320_be6a_2f5318c7ed8b-0
2025-08-13 18:23:26,197 INFO  [org.apa.kaf.cli.con.int.SubscriptionState] (Thread-744) [Consumer clientId=consumer-Consumer-topic-4d89555a_0a12_4320_be6a_2f5318c7ed8b-18, groupId=Consumer-topic-4d89555a_0a12_4320_be6a_2f5318c7ed8b] Resetting offset for partition topic-4d89555a_0a12_4320_be6a_2f5318c7ed8b-0 to position FetchPosition{offset=0, offsetEpoch=Optional.empty, currentLeader=LeaderAndEpoch{leader=Optional[localhost:32769 (id: 0 rack: null)], epoch=0}}.
2025-08-13 18:23:26,443 INFO  [io.api.tes.ser.api.KafkaSerdesTester] (Thread-744) topic-4d89555a_0a12_4320_be6a_2f5318c7ed8b 0 0 {"key11755109402649": "value-0"}
2025-08-13 18:23:26,443 INFO  [io.api.tes.ser.api.KafkaSerdesTester] (Thread-744) topic-4d89555a_0a12_4320_be6a_2f5318c7ed8b 0 1 {"key11755109402649": "value-1"}
2025-08-13 18:23:26,443 INFO  [io.api.tes.ser.api.KafkaSerdesTester] (Thread-744) topic-4d89555a_0a12_4320_be6a_2f5318c7ed8b 0 2 {"key11755109402649": "value-2"}
2025-08-13 18:23:26,443 INFO  [io.api.tes.ser.api.KafkaSerdesTester] (Thread-744) topic-4d89555a_0a12_4320_be6a_2f5318c7ed8b 0 3 {"key11755109402649": "value-3"}
2025-08-13 18:23:26,443 INFO  [io.api.tes.ser.api.KafkaSerdesTester] (Thread-744) topic-4d89555a_0a12_4320_be6a_2f5318c7ed8b 0 4 {"key11755109402649": "value-4"}
2025-08-13 18:23:26,443 INFO  [io.api.tes.ser.api.KafkaSerdesTester] (Thread-744) topic-4d89555a_0a12_4320_be6a_2f5318c7ed8b 0 5 {"key11755109402649": "value-5"}
2025-08-13 18:23:26,443 INFO  [io.api.tes.ser.api.KafkaSerdesTester] (Thread-744) topic-4d89555a_0a12_4320_be6a_2f5318c7ed8b 0 6 {"key11755109402649": "value-6"}
2025-08-13 18:23:26,443 INFO  [io.api.tes.ser.api.KafkaSerdesTester] (Thread-744) topic-4d89555a_0a12_4320_be6a_2f5318c7ed8b 0 7 {"key11755109402649": "value-7"}
2025-08-13 18:23:26,443 INFO  [io.api.tes.ser.api.KafkaSerdesTester] (Thread-744) topic-4d89555a_0a12_4320_be6a_2f5318c7ed8b 0 8 {"key11755109402649": "value-8"}
2025-08-13 18:23:26,443 INFO  [io.api.tes.ser.api.KafkaSerdesTester] (Thread-744) topic-4d89555a_0a12_4320_be6a_2f5318c7ed8b 0 9 {"key11755109402649": "value-9"}
2025-08-13 18:23:26,443 INFO  [io.api.tes.ser.api.KafkaSerdesTester] (Thread-744) Consumed 10 messages
2025-08-13 18:23:26,450 INFO  [org.apa.kaf.cli.con.int.ConsumerRebalanceListenerInvoker] (Thread-744) [Consumer clientId=consumer-Consumer-topic-4d89555a_0a12_4320_be6a_2f5318c7ed8b-18, groupId=Consumer-topic-4d89555a_0a12_4320_be6a_2f5318c7ed8b] Revoke previously assigned partitions topic-4d89555a_0a12_4320_be6a_2f5318c7ed8b-0
2025-08-13 18:23:26,450 INFO  [org.apa.kaf.cli.con.int.ConsumerCoordinator] (Thread-744) [Consumer clientId=consumer-Consumer-topic-4d89555a_0a12_4320_be6a_2f5318c7ed8b-18, groupId=Consumer-topic-4d89555a_0a12_4320_be6a_2f5318c7ed8b] Member consumer-Consumer-topic-4d89555a_0a12_4320_be6a_2f5318c7ed8b-18-d1c8fac7-0cb4-4721-9ff7-866b006e8ea4 sending LeaveGroup request to coordinator localhost:32769 (id: 2147483647 rack: null) due to the consumer is being closed
2025-08-13 18:23:26,451 INFO  [org.apa.kaf.cli.con.int.ConsumerCoordinator] (Thread-744) [Consumer clientId=consumer-Consumer-topic-4d89555a_0a12_4320_be6a_2f5318c7ed8b-18, groupId=Consumer-topic-4d89555a_0a12_4320_be6a_2f5318c7ed8b] Resetting generation and member id due to: consumer pro-actively leaving the group
2025-08-13 18:23:26,451 INFO  [org.apa.kaf.cli.con.int.ConsumerCoordinator] (Thread-744) [Consumer clientId=consumer-Consumer-topic-4d89555a_0a12_4320_be6a_2f5318c7ed8b-18, groupId=Consumer-topic-4d89555a_0a12_4320_be6a_2f5318c7ed8b] Request joining group due to: consumer pro-actively leaving the group
2025-08-13 18:23:26,946 INFO  [org.apa.kaf.com.met.Metrics] (Thread-744) Metrics scheduler closed
2025-08-13 18:23:26,946 INFO  [org.apa.kaf.com.met.Metrics] (Thread-744) Closing reporter org.apache.kafka.common.metrics.JmxReporter
2025-08-13 18:23:26,946 INFO  [org.apa.kaf.com.met.Metrics] (Thread-744) Closing reporter org.apache.kafka.common.telemetry.internals.ClientTelemetryReporter
2025-08-13 18:23:26,946 INFO  [org.apa.kaf.com.met.Metrics] (Thread-744) Metrics reporters closed
2025-08-13 18:23:26,947 INFO  [org.apa.kaf.com.uti.AppInfoParser] (Thread-744) App info kafka.consumer for consumer-Consumer-topic-4d89555a_0a12_4320_be6a_2f5318c7ed8b-18 unregistered
2025-08-13 18:23:26,948 INFO  [io.api.tes.uti.TestSeparator] (main) io.apicurio.tests.serdes.apicurio.AvroSerdeIT.testGlobalIdInBody-FINISHED
2025-08-13 18:23:26,948 INFO  [io.api.tes.uti.TestSeparator] (main) ############################################################################
Test passed: testGlobalIdInBody
]]></system-out>
  </testcase>
  <testcase name="testProducerUsesGlobalIdConsumerUsesDefault" classname="io.apicurio.tests.serdes.apicurio.AvroSerdeIT" time="0.0">
    <skipped message="void io.apicurio.tests.serdes.apicurio.AvroSerdeIT.testProducerUsesGlobalIdConsumerUsesDefault() throws java.lang.Exception is @Disabled"/>
  </testcase>
</testsuite>