<?xml version="1.0" encoding="UTF-8"?>
<testsuite xmlns:xsi="http://www.w3.org/2001/XMLSchema-instance" xsi:noNamespaceSchemaLocation="https://maven.apache.org/surefire/maven-failsafe-plugin/xsd/failsafe-test-report.xsd" version="3.0.2" name="io.apicurio.tests.serdes.apicurio.AvroSerdeIT" time="104.944" tests="21" errors="0" skipped="2" failures="0">
  <properties>
    <property name="java.specification.version" value="17"/>
    <property name="sun.jnu.encoding" value="UTF-8"/>
    <property name="java.class.path" value="/home/runner/work/apicurio-testing/apicurio-testing/clusters/ci419/namespaces/inmemory/tests/integration/apicurio-registry/integration-tests/target/test-classes:/home/runner/work/apicurio-testing/apicurio-testing/clusters/ci419/namespaces/inmemory/tests/integration/apicurio-registry/integration-tests/target/apicurio-registry-integration-tests-3.0.12-SNAPSHOT.jar:/home/runner/.m2/repository/io/quarkus/quarkus-junit5/3.20.2/quarkus-junit5-3.20.2.jar:/home/runner/.m2/repository/io/quarkus/quarkus-bootstrap-core/3.20.2/quarkus-bootstrap-core-3.20.2.jar:/home/runner/.m2/repository/io/quarkus/quarkus-classloader-commons/3.20.2/quarkus-classloader-commons-3.20.2.jar:/home/runner/.m2/repository/io/quarkus/quarkus-bootstrap-app-model/3.20.2/quarkus-bootstrap-app-model-3.20.2.jar:/home/runner/.m2/repository/io/smallrye/common/smallrye-common-io/2.12.0/smallrye-common-io-2.12.0.jar:/home/runner/.m2/repository/org/eclipse/sisu/org.eclipse.sisu.inject/0.9.0.M3/org.eclipse.sisu.inject-0.9.0.M3.jar:/home/runner/.m2/repository/io/quarkus/quarkus-test-common/3.20.2/quarkus-test-common-3.20.2.jar:/home/runner/.m2/repository/io/quarkus/quarkus-core-deployment/3.20.2/quarkus-core-deployment-3.20.2.jar:/home/runner/.m2/repository/org/aesh/readline/2.6/readline-2.6.jar:/home/runner/.m2/repository/org/fusesource/jansi/jansi/2.4.0/jansi-2.4.0.jar:/home/runner/.m2/repository/org/aesh/aesh/2.8.2/aesh-2.8.2.jar:/home/runner/.m2/repository/io/quarkus/gizmo/gizmo/1.8.0/gizmo-1.8.0.jar:/home/runner/.m2/repository/org/ow2/asm/asm-util/9.7.1/asm-util-9.7.1.jar:/home/runner/.m2/repository/org/ow2/asm/asm-analysis/9.7.1/asm-analysis-9.7.1.jar:/home/runner/.m2/repository/org/ow2/asm/asm-commons/9.7.1/asm-commons-9.7.1.jar:/home/runner/.m2/repository/org/ow2/asm/asm-tree/9.7.1/asm-tree-9.7.1.jar:/home/runner/.m2/repository/io/quarkus/quarkus-hibernate-validator-spi/3.20.2/quarkus-hibernate-validator-spi-3.20.2.jar:/home/runner/.m2/repository/io/quarkus/quarkus-class-change-agent/3.20.2/quarkus-class-change-agent-3.20.2.jar:/home/runner/.m2/repository/io/quarkus/quarkus-devtools-utilities/3.20.2/quarkus-devtools-utilities-3.20.2.jar:/home/runner/.m2/repository/io/quarkus/quarkus-builder/3.20.2/quarkus-builder-3.20.2.jar:/home/runner/.m2/repository/org/graalvm/sdk/nativeimage/23.1.2/nativeimage-23.1.2.jar:/home/runner/.m2/repository/org/graalvm/sdk/word/23.1.2/word-23.1.2.jar:/home/runner/.m2/repository/io/quarkus/quarkus-bootstrap-maven-resolver/3.20.2/quarkus-bootstrap-maven-resolver-3.20.2.jar:/home/runner/.m2/repository/io/smallrye/beanbag/smallrye-beanbag-maven/1.5.2/smallrye-beanbag-maven-1.5.2.jar:/home/runner/.m2/repository/io/smallrye/beanbag/smallrye-beanbag-sisu/1.5.2/smallrye-beanbag-sisu-1.5.2.jar:/home/runner/.m2/repository/io/smallrye/beanbag/smallrye-beanbag/1.5.2/smallrye-beanbag-1.5.2.jar:/home/runner/.m2/repository/javax/inject/javax.inject/1/javax.inject-1.jar:/home/runner/.m2/repository/org/apache/maven/maven-artifact/3.9.9/maven-artifact-3.9.9.jar:/home/runner/.m2/repository/org/apache/maven/maven-builder-support/3.9.9/maven-builder-support-3.9.9.jar:/home/runner/.m2/repository/org/apache/maven/maven-model/3.9.9/maven-model-3.9.9.jar:/home/runner/.m2/repository/org/apache/maven/maven-model-builder/3.9.9/maven-model-builder-3.9.9.jar:/home/runner/.m2/repository/org/apache/maven/maven-repository-metadata/3.9.9/maven-repository-metadata-3.9.9.jar:/home/runner/.m2/repository/org/apache/maven/maven-settings/3.9.9/maven-settings-3.9.9.jar:/home/runner/.m2/repository/org/apache/maven/resolver/maven-resolver-api/1.9.22/maven-resolver-api-1.9.22.jar:/home/runner/.m2/repository/org/apache/maven/resolver/maven-resolver-impl/1.9.22/maven-resolver-impl-1.9.22.jar:/home/runner/.m2/repository/org/apache/maven/resolver/maven-resolver-named-locks/1.9.22/maven-resolver-named-locks-1.9.22.jar:/home/runner/.m2/repository/org/apache/maven/resolver/maven-resolver-spi/1.9.22/maven-resolver-spi-1.9.22.jar:/home/runner/.m2/repository/org/apache/maven/resolver/maven-resolver-util/1.9.22/maven-resolver-util-1.9.22.jar:/home/runner/.m2/repository/org/apache/maven/resolver/maven-resolver-transport-http/1.9.20/maven-resolver-transport-http-1.9.20.jar:/home/runner/.m2/repository/org/apache/maven/wagon/wagon-provider-api/3.5.3/wagon-provider-api-3.5.3.jar:/home/runner/.m2/repository/org/apache/maven/wagon/wagon-http-shared/3.5.3/wagon-http-shared-3.5.3.jar:/home/runner/.m2/repository/org/codehaus/plexus/plexus-interpolation/1.26/plexus-interpolation-1.26.jar:/home/runner/.m2/repository/org/codehaus/plexus/plexus-utils/3.5.1/plexus-utils-3.5.1.jar:/home/runner/.m2/repository/org/codehaus/plexus/plexus-xml/4.0.1/plexus-xml-4.0.1.jar:/home/runner/.m2/repository/org/apache/maven/maven-xml-impl/4.0.0-alpha-5/maven-xml-impl-4.0.0-alpha-5.jar:/home/runner/.m2/repository/org/apache/maven/maven-api-xml/4.0.0-alpha-5/maven-api-xml-4.0.0-alpha-5.jar:/home/runner/.m2/repository/org/apache/maven/maven-api-meta/4.0.0-alpha-5/maven-api-meta-4.0.0-alpha-5.jar:/home/runner/.m2/repository/org/codehaus/plexus/plexus-cipher/2.0/plexus-cipher-2.0.jar:/home/runner/.m2/repository/org/codehaus/plexus/plexus-sec-dispatcher/2.0/plexus-sec-dispatcher-2.0.jar:/home/runner/.m2/repository/org/apache/maven/maven-embedder/3.9.9/maven-embedder-3.9.9.jar:/home/runner/.m2/repository/org/apache/maven/maven-core/3.9.9/maven-core-3.9.9.jar:/home/runner/.m2/repository/org/codehaus/plexus/plexus-component-annotations/2.1.0/plexus-component-annotations-2.1.0.jar:/home/runner/.m2/repository/org/apache/maven/maven-plugin-api/3.9.9/maven-plugin-api-3.9.9.jar:/home/runner/.m2/repository/org/apache/maven/shared/maven-shared-utils/3.4.2/maven-shared-utils-3.4.2.jar:/home/runner/.m2/repository/com/google/inject/guice/5.1.0/guice-5.1.0.jar:/home/runner/.m2/repository/aopalliance/aopalliance/1.0/aopalliance-1.0.jar:/home/runner/.m2/repository/org/codehaus/plexus/plexus-classworlds/2.6.0/plexus-classworlds-2.6.0.jar:/home/runner/.m2/repository/commons-cli/commons-cli/1.8.0/commons-cli-1.8.0.jar:/home/runner/.m2/repository/org/eclipse/sisu/org.eclipse.sisu.plexus/0.9.0.M3/org.eclipse.sisu.plexus-0.9.0.M3.jar:/home/runner/.m2/repository/org/apache/maven/maven-settings-builder/3.9.9/maven-settings-builder-3.9.9.jar:/home/runner/.m2/repository/org/apache/maven/maven-resolver-provider/3.9.9/maven-resolver-provider-3.9.9.jar:/home/runner/.m2/repository/org/apache/maven/resolver/maven-resolver-connector-basic/1.9.22/maven-resolver-connector-basic-1.9.22.jar:/home/runner/.m2/repository/org/apache/maven/resolver/maven-resolver-transport-wagon/1.9.22/maven-resolver-transport-wagon-1.9.22.jar:/home/runner/.m2/repository/org/apache/maven/wagon/wagon-http/3.5.3/wagon-http-3.5.3.jar:/home/runner/.m2/repository/org/apache/maven/wagon/wagon-file/3.5.3/wagon-file-3.5.3.jar:/home/runner/.m2/repository/io/quarkus/quarkus-bootstrap-gradle-resolver/3.20.2/quarkus-bootstrap-gradle-resolver-3.20.2.jar:/home/runner/.m2/repository/io/smallrye/jandex/3.3.0/jandex-3.3.0.jar:/home/runner/.m2/repository/org/jboss/logging/commons-logging-jboss-logging/1.0.0.Final/commons-logging-jboss-logging-1.0.0.Final.jar:/home/runner/.m2/repository/io/quarkus/quarkus-junit5-config/3.20.2/quarkus-junit5-config-3.20.2.jar:/home/runner/.m2/repository/org/junit/jupiter/junit-jupiter-api/5.12.1/junit-jupiter-api-5.12.1.jar:/home/runner/.m2/repository/io/smallrye/config/smallrye-config/3.11.4/smallrye-config-3.11.4.jar:/home/runner/.m2/repository/io/smallrye/config/smallrye-config-core/3.11.4/smallrye-config-core-3.11.4.jar:/home/runner/.m2/repository/io/smallrye/common/smallrye-common-classloader/2.12.0/smallrye-common-classloader-2.12.0.jar:/home/runner/.m2/repository/io/smallrye/config/smallrye-config-common/3.11.4/smallrye-config-common-3.11.4.jar:/home/runner/.m2/repository/org/junit/jupiter/junit-jupiter/5.12.1/junit-jupiter-5.12.1.jar:/home/runner/.m2/repository/org/junit/jupiter/junit-jupiter-params/5.12.1/junit-jupiter-params-5.12.1.jar:/home/runner/.m2/repository/org/junit/jupiter/junit-jupiter-engine/5.12.1/junit-jupiter-engine-5.12.1.jar:/home/runner/.m2/repository/io/quarkus/quarkus-core/3.20.2/quarkus-core-3.20.2.jar:/home/runner/.m2/repository/jakarta/enterprise/jakarta.enterprise.cdi-api/4.1.0/jakarta.enterprise.cdi-api-4.1.0.jar:/home/runner/.m2/repository/jakarta/enterprise/jakarta.enterprise.lang-model/4.1.0/jakarta.enterprise.lang-model-4.1.0.jar:/home/runner/.m2/repository/jakarta/el/jakarta.el-api/5.0.1/jakarta.el-api-5.0.1.jar:/home/runner/.m2/repository/jakarta/interceptor/jakarta.interceptor-api/2.2.0/jakarta.interceptor-api-2.2.0.jar:/home/runner/.m2/repository/jakarta/inject/jakarta.inject-api/2.0.1/jakarta.inject-api-2.0.1.jar:/home/runner/.m2/repository/io/smallrye/common/smallrye-common-os/2.12.0/smallrye-common-os-2.12.0.jar:/home/runner/.m2/repository/io/quarkus/quarkus-ide-launcher/3.20.2/quarkus-ide-launcher-3.20.2.jar:/home/runner/.m2/repository/io/quarkus/quarkus-development-mode-spi/3.20.2/quarkus-development-mode-spi-3.20.2.jar:/home/runner/.m2/repository/org/jboss/logging/jboss-logging/3.6.1.Final/jboss-logging-3.6.1.Final.jar:/home/runner/.m2/repository/org/jboss/logmanager/jboss-logmanager/3.1.2.Final/jboss-logmanager-3.1.2.Final.jar:/home/runner/.m2/repository/io/smallrye/common/smallrye-common-constraint/2.12.0/smallrye-common-constraint-2.12.0.jar:/home/runner/.m2/repository/io/smallrye/common/smallrye-common-cpu/2.12.0/smallrye-common-cpu-2.12.0.jar:/home/runner/.m2/repository/io/smallrye/common/smallrye-common-expression/2.12.0/smallrye-common-expression-2.12.0.jar:/home/runner/.m2/repository/io/smallrye/common/smallrye-common-net/2.12.0/smallrye-common-net-2.12.0.jar:/home/runner/.m2/repository/io/smallrye/common/smallrye-common-ref/2.12.0/smallrye-common-ref-2.12.0.jar:/home/runner/.m2/repository/jakarta/json/jakarta.json-api/2.1.3/jakarta.json-api-2.1.3.jar:/home/runner/.m2/repository/org/eclipse/parsson/parsson/1.1.7/parsson-1.1.7.jar:/home/runner/.m2/repository/org/jboss/logging/jboss-logging-annotations/3.0.4.Final/jboss-logging-annotations-3.0.4.Final.jar:/home/runner/.m2/repository/org/jboss/threads/jboss-threads/3.8.0.Final/jboss-threads-3.8.0.Final.jar:/home/runner/.m2/repository/io/smallrye/common/smallrye-common-annotation/2.12.0/smallrye-common-annotation-2.12.0.jar:/home/runner/.m2/repository/io/smallrye/common/smallrye-common-function/2.12.0/smallrye-common-function-2.12.0.jar:/home/runner/.m2/repository/org/jboss/slf4j/slf4j-jboss-logmanager/2.0.0.Final/slf4j-jboss-logmanager-2.0.0.Final.jar:/home/runner/.m2/repository/org/wildfly/common/wildfly-common/2.0.1/wildfly-common-2.0.1.jar:/home/runner/.m2/repository/io/quarkus/quarkus-bootstrap-runner/3.20.2/quarkus-bootstrap-runner-3.20.2.jar:/home/runner/.m2/repository/io/github/crac/org-crac/0.1.3/org-crac-0.1.3.jar:/home/runner/.m2/repository/io/quarkus/quarkus-fs-util/0.0.10/quarkus-fs-util-0.0.10.jar:/home/runner/.m2/repository/org/jboss/marshalling/jboss-marshalling/2.2.2.Final/jboss-marshalling-2.2.2.Final.jar:/home/runner/.m2/repository/io/fabric8/kubernetes-client/7.1.0/kubernetes-client-7.1.0.jar:/home/runner/.m2/repository/io/fabric8/kubernetes-client-api/7.1.0/kubernetes-client-api-7.1.0.jar:/home/runner/.m2/repository/io/fabric8/kubernetes-model-core/7.1.0/kubernetes-model-core-7.1.0.jar:/home/runner/.m2/repository/io/fabric8/kubernetes-model-common/7.1.0/kubernetes-model-common-7.1.0.jar:/home/runner/.m2/repository/javax/annotation/javax.annotation-api/1.3.2/javax.annotation-api-1.3.2.jar:/home/runner/.m2/repository/io/fabric8/kubernetes-model-gatewayapi/7.1.0/kubernetes-model-gatewayapi-7.1.0.jar:/home/runner/.m2/repository/io/fabric8/kubernetes-model-resource/7.1.0/kubernetes-model-resource-7.1.0.jar:/home/runner/.m2/repository/io/fabric8/kubernetes-model-rbac/7.1.0/kubernetes-model-rbac-7.1.0.jar:/home/runner/.m2/repository/io/fabric8/kubernetes-model-admissionregistration/7.1.0/kubernetes-model-admissionregistration-7.1.0.jar:/home/runner/.m2/repository/io/fabric8/kubernetes-model-apps/7.1.0/kubernetes-model-apps-7.1.0.jar:/home/runner/.m2/repository/io/fabric8/kubernetes-model-autoscaling/7.1.0/kubernetes-model-autoscaling-7.1.0.jar:/home/runner/.m2/repository/io/fabric8/kubernetes-model-apiextensions/7.1.0/kubernetes-model-apiextensions-7.1.0.jar:/home/runner/.m2/repository/io/fabric8/kubernetes-model-batch/7.1.0/kubernetes-model-batch-7.1.0.jar:/home/runner/.m2/repository/io/fabric8/kubernetes-model-certificates/7.1.0/kubernetes-model-certificates-7.1.0.jar:/home/runner/.m2/repository/io/fabric8/kubernetes-model-coordination/7.1.0/kubernetes-model-coordination-7.1.0.jar:/home/runner/.m2/repository/io/fabric8/kubernetes-model-discovery/7.1.0/kubernetes-model-discovery-7.1.0.jar:/home/runner/.m2/repository/io/fabric8/kubernetes-model-events/7.1.0/kubernetes-model-events-7.1.0.jar:/home/runner/.m2/repository/io/fabric8/kubernetes-model-extensions/7.1.0/kubernetes-model-extensions-7.1.0.jar:/home/runner/.m2/repository/io/fabric8/kubernetes-model-flowcontrol/7.1.0/kubernetes-model-flowcontrol-7.1.0.jar:/home/runner/.m2/repository/io/fabric8/kubernetes-model-networking/7.1.0/kubernetes-model-networking-7.1.0.jar:/home/runner/.m2/repository/io/fabric8/kubernetes-model-metrics/7.1.0/kubernetes-model-metrics-7.1.0.jar:/home/runner/.m2/repository/io/fabric8/kubernetes-model-policy/7.1.0/kubernetes-model-policy-7.1.0.jar:/home/runner/.m2/repository/io/fabric8/kubernetes-model-scheduling/7.1.0/kubernetes-model-scheduling-7.1.0.jar:/home/runner/.m2/repository/io/fabric8/kubernetes-model-storageclass/7.1.0/kubernetes-model-storageclass-7.1.0.jar:/home/runner/.m2/repository/io/fabric8/kubernetes-model-node/7.1.0/kubernetes-model-node-7.1.0.jar:/home/runner/.m2/repository/org/snakeyaml/snakeyaml-engine/2.9/snakeyaml-engine-2.9.jar:/home/runner/.m2/repository/com/fasterxml/jackson/dataformat/jackson-dataformat-yaml/2.18.2/jackson-dataformat-yaml-2.18.2.jar:/home/runner/.m2/repository/com/fasterxml/jackson/datatype/jackson-datatype-jsr310/2.18.2/jackson-datatype-jsr310-2.18.2.jar:/home/runner/.m2/repository/io/fabric8/zjsonpatch/7.1.0/zjsonpatch-7.1.0.jar:/home/runner/.m2/repository/io/fabric8/kubernetes-httpclient-vertx/7.1.0/kubernetes-httpclient-vertx-7.1.0.jar:/home/runner/.m2/repository/io/vertx/vertx-web-client/4.5.16/vertx-web-client-4.5.16.jar:/home/runner/.m2/repository/io/vertx/vertx-web-common/4.5.16/vertx-web-common-4.5.16.jar:/home/runner/.m2/repository/io/vertx/vertx-auth-common/4.5.16/vertx-auth-common-4.5.16.jar:/home/runner/.m2/repository/io/vertx/vertx-uri-template/4.5.16/vertx-uri-template-4.5.16.jar:/home/runner/.m2/repository/io/fabric8/openshift-client/7.1.0/openshift-client-7.1.0.jar:/home/runner/.m2/repository/io/fabric8/openshift-client-api/7.1.0/openshift-client-api-7.1.0.jar:/home/runner/.m2/repository/io/fabric8/openshift-model/7.1.0/openshift-model-7.1.0.jar:/home/runner/.m2/repository/io/fabric8/openshift-model-autoscaling/7.1.0/openshift-model-autoscaling-7.1.0.jar:/home/runner/.m2/repository/io/fabric8/openshift-model-operator/7.1.0/openshift-model-operator-7.1.0.jar:/home/runner/.m2/repository/io/fabric8/openshift-model-operatorhub/7.1.0/openshift-model-operatorhub-7.1.0.jar:/home/runner/.m2/repository/io/fabric8/openshift-model-machine/7.1.0/openshift-model-machine-7.1.0.jar:/home/runner/.m2/repository/io/fabric8/openshift-model-whereabouts/7.1.0/openshift-model-whereabouts-7.1.0.jar:/home/runner/.m2/repository/io/fabric8/openshift-model-monitoring/7.1.0/openshift-model-monitoring-7.1.0.jar:/home/runner/.m2/repository/io/fabric8/openshift-model-storageversionmigrator/7.1.0/openshift-model-storageversionmigrator-7.1.0.jar:/home/runner/.m2/repository/io/fabric8/openshift-model-tuned/7.1.0/openshift-model-tuned-7.1.0.jar:/home/runner/.m2/repository/io/fabric8/openshift-model-console/7.1.0/openshift-model-console-7.1.0.jar:/home/runner/.m2/repository/io/fabric8/openshift-model-config/7.1.0/openshift-model-config-7.1.0.jar:/home/runner/.m2/repository/io/fabric8/openshift-model-machineconfiguration/7.1.0/openshift-model-machineconfiguration-7.1.0.jar:/home/runner/.m2/repository/io/fabric8/openshift-model-miscellaneous/7.1.0/openshift-model-miscellaneous-7.1.0.jar:/home/runner/.m2/repository/io/fabric8/openshift-model-hive/7.1.0/openshift-model-hive-7.1.0.jar:/home/runner/.m2/repository/io/fabric8/openshift-model-installer/7.1.0/openshift-model-installer-7.1.0.jar:/home/runner/.m2/repository/org/junit/platform/junit-platform-launcher/1.12.1/junit-platform-launcher-1.12.1.jar:/home/runner/.m2/repository/org/junit/platform/junit-platform-engine/1.12.1/junit-platform-engine-1.12.1.jar:/home/runner/.m2/repository/org/opentest4j/opentest4j/1.3.0/opentest4j-1.3.0.jar:/home/runner/.m2/repository/org/junit/platform/junit-platform-commons/1.12.1/junit-platform-commons-1.12.1.jar:/home/runner/.m2/repository/org/apiguardian/apiguardian-api/1.1.2/apiguardian-api-1.1.2.jar:/home/runner/.m2/repository/jakarta/ws/rs/jakarta.ws.rs-api/3.1.0/jakarta.ws.rs-api-3.1.0.jar:/home/runner/work/apicurio-testing/apicurio-testing/clusters/ci419/namespaces/inmemory/tests/integration/apicurio-registry/java-sdk/target/apicurio-registry-java-sdk-3.0.12-SNAPSHOT.jar:/home/runner/.m2/repository/com/microsoft/kiota/microsoft-kiota-abstractions/1.8.8/microsoft-kiota-abstractions-1.8.8.jar:/home/runner/.m2/repository/io/github/std-uritemplate/std-uritemplate/2.0.0/std-uritemplate-2.0.0.jar:/home/runner/.m2/repository/io/kiota/kiota-http-jdk/0.0.29/kiota-http-jdk-0.0.29.jar:/home/runner/.m2/repository/io/kiota/kiota-http-vertx/0.0.29/kiota-http-vertx-0.0.29.jar:/home/runner/.m2/repository/io/kiota/kiota-serialization-jackson/0.0.29/kiota-serialization-jackson-0.0.29.jar:/home/runner/.m2/repository/com/microsoft/kiota/microsoft-kiota-serialization-text/1.8.8/microsoft-kiota-serialization-text-1.8.8.jar:/home/runner/.m2/repository/com/microsoft/kiota/microsoft-kiota-serialization-form/1.8.8/microsoft-kiota-serialization-form-1.8.8.jar:/home/runner/.m2/repository/com/microsoft/kiota/microsoft-kiota-serialization-multipart/1.8.8/microsoft-kiota-serialization-multipart-1.8.8.jar:/home/runner/.m2/repository/jakarta/annotation/jakarta.annotation-api/3.0.0/jakarta.annotation-api-3.0.0.jar:/home/runner/.m2/repository/io/vertx/vertx-auth-oauth2/4.5.16/vertx-auth-oauth2-4.5.16.jar:/home/runner/work/apicurio-testing/apicurio-testing/clusters/ci419/namespaces/inmemory/tests/integration/apicurio-registry/java-sdk-v2/target/apicurio-registry-v2-java-sdk-3.0.12-SNAPSHOT.jar:/home/runner/work/apicurio-testing/apicurio-testing/clusters/ci419/namespaces/inmemory/tests/integration/apicurio-registry/utils/kafka/target/apicurio-registry-utils-kafka-3.0.12-SNAPSHOT-tests.jar:/home/runner/.m2/repository/org/eclipse/microprofile/config/microprofile-config-api/3.1/microprofile-config-api-3.1.jar:/home/runner/.m2/repository/org/apache/kafka/kafka-clients/3.9.1/kafka-clients-3.9.1.jar:/home/runner/.m2/repository/com/github/luben/zstd-jni/1.5.6-4/zstd-jni-1.5.6-4.jar:/home/runner/.m2/repository/org/lz4/lz4-java/1.8.0/lz4-java-1.8.0.jar:/home/runner/.m2/repository/org/xerial/snappy/snappy-java/1.1.10.5/snappy-java-1.1.10.5.jar:/home/runner/.m2/repository/org/slf4j/slf4j-api/2.0.6/slf4j-api-2.0.6.jar:/home/runner/work/apicurio-testing/apicurio-testing/clusters/ci419/namespaces/inmemory/tests/integration/apicurio-registry/utils/tests/target/apicurio-registry-utils-tests-3.0.12-SNAPSHOT.jar:/home/runner/work/apicurio-testing/apicurio-testing/clusters/ci419/namespaces/inmemory/tests/integration/apicurio-registry/common/target/apicurio-registry-common-3.0.12-SNAPSHOT.jar:/home/runner/.m2/repository/jakarta/validation/jakarta.validation-api/3.0.2/jakarta.validation-api-3.0.2.jar:/home/runner/.m2/repository/com/github/dasniko/testcontainers-keycloak/3.8.0/testcontainers-keycloak-3.8.0.jar:/home/runner/.m2/repository/org/testcontainers/testcontainers/1.20.6/testcontainers-1.20.6.jar:/home/runner/.m2/repository/org/rnorth/duct-tape/duct-tape/1.0.8/duct-tape-1.0.8.jar:/home/runner/.m2/repository/com/github/docker-java/docker-java-transport-zerodep/3.4.1/docker-java-transport-zerodep-3.4.1.jar:/home/runner/.m2/repository/com/github/docker-java/docker-java-transport/3.4.1/docker-java-transport-3.4.1.jar:/home/runner/.m2/repository/net/java/dev/jna/jna/5.8.0/jna-5.8.0.jar:/home/runner/.m2/repository/io/quarkus/quarkus-junit4-mock/3.20.2/quarkus-junit4-mock-3.20.2.jar:/home/runner/.m2/repository/org/jboss/shrinkwrap/shrinkwrap-api/2.0.0-beta-2/shrinkwrap-api-2.0.0-beta-2.jar:/home/runner/.m2/repository/org/jboss/shrinkwrap/shrinkwrap-impl-base/2.0.0-beta-2/shrinkwrap-impl-base-2.0.0-beta-2.jar:/home/runner/.m2/repository/org/jboss/shrinkwrap/shrinkwrap-spi/2.0.0-beta-2/shrinkwrap-spi-2.0.0-beta-2.jar:/home/runner/.m2/repository/org/keycloak/keycloak-admin-client/26.0.4/keycloak-admin-client-26.0.4.jar:/home/runner/.m2/repository/org/keycloak/keycloak-client-common-synced/26.0.4/keycloak-client-common-synced-26.0.4.jar:/home/runner/.m2/repository/jakarta/activation/jakarta.activation-api/2.1.3/jakarta.activation-api-2.1.3.jar:/home/runner/.m2/repository/org/eclipse/microprofile/openapi/microprofile-openapi-api/4.0.2/microprofile-openapi-api-4.0.2.jar:/home/runner/.m2/repository/org/jboss/resteasy/resteasy-client/6.2.12.Final/resteasy-client-6.2.12.Final.jar:/home/runner/.m2/repository/org/jboss/resteasy/resteasy-client-api/6.2.12.Final/resteasy-client-api-6.2.12.Final.jar:/home/runner/.m2/repository/org/jboss/resteasy/resteasy-core-spi/6.2.12.Final/resteasy-core-spi-6.2.12.Final.jar:/home/runner/.m2/repository/org/jboss/resteasy/resteasy-core/6.2.12.Final/resteasy-core-6.2.12.Final.jar:/home/runner/.m2/repository/org/eclipse/angus/angus-activation/2.0.2/angus-activation-2.0.2.jar:/home/runner/.m2/repository/com/ibm/async/asyncutil/0.1.0/asyncutil-0.1.0.jar:/home/runner/.m2/repository/org/reactivestreams/reactive-streams/1.0.4/reactive-streams-1.0.4.jar:/home/runner/.m2/repository/org/jboss/resteasy/resteasy-multipart-provider/6.2.12.Final/resteasy-multipart-provider-6.2.12.Final.jar:/home/runner/.m2/repository/jakarta/mail/jakarta.mail-api/2.1.3/jakarta.mail-api-2.1.3.jar:/home/runner/.m2/repository/org/eclipse/angus/angus-mail/2.0.3/angus-mail-2.0.3.jar:/home/runner/.m2/repository/org/apache/james/apache-mime4j-dom/0.8.12/apache-mime4j-dom-0.8.12.jar:/home/runner/.m2/repository/org/apache/james/apache-mime4j-core/0.8.12/apache-mime4j-core-0.8.12.jar:/home/runner/.m2/repository/org/apache/james/apache-mime4j-storage/0.8.12/apache-mime4j-storage-0.8.12.jar:/home/runner/.m2/repository/org/jboss/resteasy/resteasy-jackson2-provider/6.2.12.Final/resteasy-jackson2-provider-6.2.12.Final.jar:/home/runner/.m2/repository/com/fasterxml/jackson/jakarta/rs/jackson-jakarta-rs-base/2.18.2/jackson-jakarta-rs-base-2.18.2.jar:/home/runner/.m2/repository/com/fasterxml/jackson/jakarta/rs/jackson-jakarta-rs-json-provider/2.18.2/jackson-jakarta-rs-json-provider-2.18.2.jar:/home/runner/.m2/repository/com/fasterxml/jackson/module/jackson-module-jakarta-xmlbind-annotations/2.18.2/jackson-module-jakarta-xmlbind-annotations-2.18.2.jar:/home/runner/.m2/repository/com/github/java-json-tools/json-patch/1.13/json-patch-1.13.jar:/home/runner/.m2/repository/com/github/java-json-tools/msg-simple/1.2/msg-simple-1.2.jar:/home/runner/.m2/repository/com/github/java-json-tools/btf/1.3/btf-1.3.jar:/home/runner/.m2/repository/com/github/java-json-tools/jackson-coreutils/2.0/jackson-coreutils-2.0.jar:/home/runner/.m2/repository/org/jboss/resteasy/resteasy-jaxb-provider/6.2.12.Final/resteasy-jaxb-provider-6.2.12.Final.jar:/home/runner/.m2/repository/org/glassfish/jaxb/codemodel/4.0.5/codemodel-4.0.5.jar:/home/runner/.m2/repository/org/glassfish/jaxb/jaxb-core/4.0.5/jaxb-core-4.0.5.jar:/home/runner/.m2/repository/org/glassfish/jaxb/jaxb-jxc/4.0.5/jaxb-jxc-4.0.5.jar:/home/runner/.m2/repository/org/glassfish/jaxb/jaxb-runtime/4.0.5/jaxb-runtime-4.0.5.jar:/home/runner/.m2/repository/org/glassfish/jaxb/txw2/4.0.5/txw2-4.0.5.jar:/home/runner/.m2/repository/org/glassfish/jaxb/jaxb-xjc/4.0.5/jaxb-xjc-4.0.5.jar:/home/runner/.m2/repository/org/glassfish/jaxb/xsom/4.0.5/xsom-4.0.5.jar:/home/runner/.m2/repository/com/sun/istack/istack-commons-runtime/4.1.2/istack-commons-runtime-4.1.2.jar:/home/runner/.m2/repository/com/sun/istack/istack-commons-tools/4.1.2/istack-commons-tools-4.1.2.jar:/home/runner/.m2/repository/com/sun/xml/bind/external/relaxng-datatype/4.0.5/relaxng-datatype-4.0.5.jar:/home/runner/.m2/repository/com/sun/xml/bind/external/rngom/4.0.5/rngom-4.0.5.jar:/home/runner/.m2/repository/org/testcontainers/mssqlserver/1.20.6/mssqlserver-1.20.6.jar:/home/runner/.m2/repository/org/testcontainers/jdbc/1.20.6/jdbc-1.20.6.jar:/home/runner/.m2/repository/org/testcontainers/database-commons/1.20.6/database-commons-1.20.6.jar:/home/runner/.m2/repository/org/testcontainers/mysql/1.20.6/mysql-1.20.6.jar:/home/runner/.m2/repository/io/strimzi/strimzi-test-container/0.111.0/strimzi-test-container-0.111.0.jar:/home/runner/.m2/repository/org/testcontainers/toxiproxy/1.20.6/toxiproxy-1.20.6.jar:/home/runner/.m2/repository/com/github/docker-java/docker-java-api/3.4.1/docker-java-api-3.4.1.jar:/home/runner/.m2/repository/org/apache/logging/log4j/log4j-slf4j-impl/2.19.0/log4j-slf4j-impl-2.19.0.jar:/home/runner/.m2/repository/org/apache/logging/log4j/log4j-api/2.24.3/log4j-api-2.24.3.jar:/home/runner/.m2/repository/org/apache/logging/log4j/log4j-core/2.19.0/log4j-core-2.19.0.jar:/home/runner/.m2/repository/eu/rekawek/toxiproxy/toxiproxy-java/2.1.7/toxiproxy-java-2.1.7.jar:/home/runner/.m2/repository/org/testcontainers/pulsar/1.21.3/pulsar-1.21.3.jar:/home/runner/.m2/repository/io/debezium/debezium-testing-testcontainers/2.7.4.Final/debezium-testing-testcontainers-2.7.4.Final.jar:/home/runner/.m2/repository/org/testcontainers/kafka/1.20.6/kafka-1.20.6.jar:/home/runner/.m2/repository/com/squareup/okhttp3/okhttp/4.8.1/okhttp-4.8.1.jar:/home/runner/.m2/repository/com/squareup/okio/okio/3.10.2/okio-3.10.2.jar:/home/runner/.m2/repository/com/squareup/okio/okio-jvm/3.10.2/okio-jvm-3.10.2.jar:/home/runner/.m2/repository/org/jetbrains/kotlin/kotlin-stdlib/2.0.21/kotlin-stdlib-2.0.21.jar:/home/runner/.m2/repository/org/awaitility/awaitility/4.3.0/awaitility-4.3.0.jar:/home/runner/.m2/repository/org/testcontainers/mongodb/1.20.6/mongodb-1.20.6.jar:/home/runner/.m2/repository/org/testcontainers/mariadb/1.20.6/mariadb-1.20.6.jar:/home/runner/.m2/repository/org/testcontainers/oracle-xe/1.20.6/oracle-xe-1.20.6.jar:/home/runner/.m2/repository/org/testcontainers/postgresql/1.20.6/postgresql-1.20.6.jar:/home/runner/.m2/repository/org/wiremock/wiremock/3.0.1/wiremock-3.0.1.jar:/home/runner/.m2/repository/org/eclipse/jetty/jetty-server/11.0.15/jetty-server-11.0.15.jar:/home/runner/.m2/repository/org/eclipse/jetty/toolchain/jetty-jakarta-servlet-api/5.0.2/jetty-jakarta-servlet-api-5.0.2.jar:/home/runner/.m2/repository/org/eclipse/jetty/jetty-http/11.0.15/jetty-http-11.0.15.jar:/home/runner/.m2/repository/org/eclipse/jetty/jetty-io/11.0.15/jetty-io-11.0.15.jar:/home/runner/.m2/repository/org/eclipse/jetty/jetty-servlet/11.0.15/jetty-servlet-11.0.15.jar:/home/runner/.m2/repository/org/eclipse/jetty/jetty-security/11.0.15/jetty-security-11.0.15.jar:/home/runner/.m2/repository/org/eclipse/jetty/jetty-servlets/11.0.15/jetty-servlets-11.0.15.jar:/home/runner/.m2/repository/org/eclipse/jetty/jetty-util/11.0.15/jetty-util-11.0.15.jar:/home/runner/.m2/repository/org/eclipse/jetty/jetty-webapp/11.0.15/jetty-webapp-11.0.15.jar:/home/runner/.m2/repository/org/eclipse/jetty/jetty-xml/11.0.15/jetty-xml-11.0.15.jar:/home/runner/.m2/repository/org/eclipse/jetty/jetty-proxy/11.0.15/jetty-proxy-11.0.15.jar:/home/runner/.m2/repository/org/eclipse/jetty/jetty-client/11.0.15/jetty-client-11.0.15.jar:/home/runner/.m2/repository/org/eclipse/jetty/http2/http2-server/11.0.15/http2-server-11.0.15.jar:/home/runner/.m2/repository/org/eclipse/jetty/http2/http2-common/11.0.15/http2-common-11.0.15.jar:/home/runner/.m2/repository/org/eclipse/jetty/http2/http2-hpack/11.0.15/http2-hpack-11.0.15.jar:/home/runner/.m2/repository/org/eclipse/jetty/jetty-alpn-server/11.0.15/jetty-alpn-server-11.0.15.jar:/home/runner/.m2/repository/org/eclipse/jetty/jetty-alpn-java-server/11.0.15/jetty-alpn-java-server-11.0.15.jar:/home/runner/.m2/repository/org/eclipse/jetty/jetty-alpn-java-client/11.0.15/jetty-alpn-java-client-11.0.15.jar:/home/runner/.m2/repository/org/eclipse/jetty/jetty-alpn-client/11.0.15/jetty-alpn-client-11.0.15.jar:/home/runner/.m2/repository/org/apache/httpcomponents/client5/httpclient5/5.2.1/httpclient5-5.2.1.jar:/home/runner/.m2/repository/org/apache/httpcomponents/core5/httpcore5/5.2/httpcore5-5.2.jar:/home/runner/.m2/repository/org/apache/httpcomponents/core5/httpcore5-h2/5.2/httpcore5-h2-5.2.jar:/home/runner/.m2/repository/org/xmlunit/xmlunit-core/2.9.1/xmlunit-core-2.9.1.jar:/home/runner/.m2/repository/jakarta/xml/bind/jakarta.xml.bind-api/4.0.2/jakarta.xml.bind-api-4.0.2.jar:/home/runner/.m2/repository/org/xmlunit/xmlunit-legacy/2.9.1/xmlunit-legacy-2.9.1.jar:/home/runner/.m2/repository/org/xmlunit/xmlunit-placeholders/2.9.1/xmlunit-placeholders-2.9.1.jar:/home/runner/.m2/repository/net/javacrumbs/json-unit/json-unit-core/2.38.0/json-unit-core-2.38.0.jar:/home/runner/.m2/repository/org/hamcrest/hamcrest-core/2.2/hamcrest-core-2.2.jar:/home/runner/.m2/repository/com/jayway/jsonpath/json-path/2.8.0/json-path-2.8.0.jar:/home/runner/.m2/repository/net/minidev/json-smart/2.4.10/json-smart-2.4.10.jar:/home/runner/.m2/repository/net/minidev/accessors-smart/2.4.9/accessors-smart-2.4.9.jar:/home/runner/.m2/repository/org/ow2/asm/asm/9.7.1/asm-9.7.1.jar:/home/runner/.m2/repository/net/sf/jopt-simple/jopt-simple/5.0.4/jopt-simple-5.0.4.jar:/home/runner/.m2/repository/com/github/jknack/handlebars/4.3.1/handlebars-4.3.1.jar:/home/runner/.m2/repository/com/github/jknack/handlebars-helpers/4.3.1/handlebars-helpers-4.3.1.jar:/home/runner/.m2/repository/commons-fileupload/commons-fileupload/1.5/commons-fileupload-1.5.jar:/home/runner/.m2/repository/com/networknt/json-schema-validator/1.5.8/json-schema-validator-1.5.8.jar:/home/runner/.m2/repository/com/ethlo/time/itu/1.10.3/itu-1.10.3.jar:/home/runner/.m2/repository/io/quarkus/quarkus-smallrye-jwt-build/3.20.2/quarkus-smallrye-jwt-build-3.20.2.jar:/home/runner/.m2/repository/io/smallrye/smallrye-jwt-build/4.6.2/smallrye-jwt-build-4.6.2.jar:/home/runner/.m2/repository/org/eclipse/microprofile/jwt/microprofile-jwt-auth-api/2.1/microprofile-jwt-auth-api-2.1.jar:/home/runner/.m2/repository/org/bitbucket/b_c/jose4j/0.9.6/jose4j-0.9.6.jar:/home/runner/.m2/repository/io/smallrye/smallrye-jwt-common/4.6.2/smallrye-jwt-common-4.6.2.jar:/home/runner/.m2/repository/io/quarkus/quarkus-jsonp/3.20.2/quarkus-jsonp-3.20.2.jar:/home/runner/.m2/repository/io/quarkus/quarkus-arc/3.20.2/quarkus-arc-3.20.2.jar:/home/runner/.m2/repository/io/quarkus/arc/arc/3.20.2/arc-3.20.2.jar:/home/runner/.m2/repository/jakarta/transaction/jakarta.transaction-api/2.0.1/jakarta.transaction-api-2.0.1.jar:/home/runner/.m2/repository/io/smallrye/reactive/mutiny/2.9.2/mutiny-2.9.2.jar:/home/runner/.m2/repository/org/jctools/jctools-core/4.0.5/jctools-core-4.0.5.jar:/home/runner/.m2/repository/org/eclipse/microprofile/context-propagation/microprofile-context-propagation-api/1.3/microprofile-context-propagation-api-1.3.jar:/home/runner/.m2/repository/io/apicurio/apicurio-common-rest-client-common/0.1.18.Final/apicurio-common-rest-client-common-0.1.18.Final.jar:/home/runner/work/apicurio-testing/apicurio-testing/clusters/ci419/namespaces/inmemory/tests/integration/apicurio-registry/utils/maven-plugin/target/apicurio-registry-maven-plugin-3.0.12-SNAPSHOT.jar:/home/runner/.m2/repository/com/fasterxml/jackson/core/jackson-databind/2.18.2/jackson-databind-2.18.2.jar:/home/runner/.m2/repository/org/apache/avro/avro/1.12.0/avro-1.12.0.jar:/home/runner/.m2/repository/com/google/protobuf/protobuf-java/4.31.1/protobuf-java-4.31.1.jar:/home/runner/.m2/repository/com/google/protobuf/protobuf-java-util/4.31.1/protobuf-java-util-4.31.1.jar:/home/runner/.m2/repository/com/google/code/findbugs/jsr305/3.0.2/jsr305-3.0.2.jar:/home/runner/.m2/repository/com/google/code/gson/gson/2.12.1/gson-2.12.1.jar:/home/runner/.m2/repository/com/google/errorprone/error_prone_annotations/2.36.0/error_prone_annotations-2.36.0.jar:/home/runner/.m2/repository/com/google/j2objc/j2objc-annotations/2.8/j2objc-annotations-2.8.jar:/home/runner/work/apicurio-testing/apicurio-testing/clusters/ci419/namespaces/inmemory/tests/integration/apicurio-registry/schema-util/util-provider/target/apicurio-registry-schema-util-provider-3.0.12-SNAPSHOT.jar:/home/runner/work/apicurio-testing/apicurio-testing/clusters/ci419/namespaces/inmemory/tests/integration/apicurio-registry/schema-util/common/target/apicurio-registry-schema-util-common-3.0.12-SNAPSHOT.jar:/home/runner/.m2/repository/com/fasterxml/jackson/module/jackson-module-parameter-names/2.18.2/jackson-module-parameter-names-2.18.2.jar:/home/runner/.m2/repository/com/fasterxml/jackson/datatype/jackson-datatype-json-org/2.18.2/jackson-datatype-json-org-2.18.2.jar:/home/runner/work/apicurio-testing/apicurio-testing/clusters/ci419/namespaces/inmemory/tests/integration/apicurio-registry/schema-util/json/target/apicurio-registry-schema-util-json-3.0.12-SNAPSHOT.jar:/home/runner/.m2/repository/com/github/erosb/everit-json-schema/1.14.5/everit-json-schema-1.14.5.jar:/home/runner/.m2/repository/commons-validator/commons-validator/1.9.0/commons-validator-1.9.0.jar:/home/runner/.m2/repository/commons-digester/commons-digester/2.1/commons-digester-2.1.jar:/home/runner/.m2/repository/commons-collections/commons-collections/3.2.2/commons-collections-3.2.2.jar:/home/runner/.m2/repository/com/damnhandy/handy-uri-templates/2.1.8/handy-uri-templates-2.1.8.jar:/home/runner/.m2/repository/joda-time/joda-time/2.10.2/joda-time-2.10.2.jar:/home/runner/.m2/repository/com/github/erosb/json-sKema/0.20.0/json-sKema-0.20.0.jar:/home/runner/.m2/repository/io/vertx/vertx-json-schema/4.5.16/vertx-json-schema-4.5.16.jar:/home/runner/work/apicurio-testing/apicurio-testing/clusters/ci419/namespaces/inmemory/tests/integration/apicurio-registry/schema-util/protobuf/target/apicurio-registry-schema-util-protobuf-3.0.12-SNAPSHOT.jar:/home/runner/work/apicurio-testing/apicurio-testing/clusters/ci419/namespaces/inmemory/tests/integration/apicurio-registry/utils/protobuf-schema-utilities/target/apicurio-registry-protobuf-schema-utilities-3.0.12-SNAPSHOT.jar:/home/runner/.m2/repository/com/google/api/grpc/proto-google-common-protos/2.52.0/proto-google-common-protos-2.52.0.jar:/home/runner/.m2/repository/com/squareup/wire/wire-schema-jvm/5.3.3/wire-schema-jvm-5.3.3.jar:/home/runner/.m2/repository/com/palantir/javapoet/javapoet/0.6.0/javapoet-0.6.0.jar:/home/runner/.m2/repository/com/squareup/kotlinpoet-jvm/2.0.0/kotlinpoet-jvm-2.0.0.jar:/home/runner/.m2/repository/org/jetbrains/kotlin/kotlin-reflect/2.0.21/kotlin-reflect-2.0.21.jar:/home/runner/.m2/repository/com/squareup/wire/wire-runtime-jvm/5.3.3/wire-runtime-jvm-5.3.3.jar:/home/runner/.m2/repository/com/ibm/icu/icu4j/76.1/icu4j-76.1.jar:/home/runner/.m2/repository/com/squareup/okio/okio-fakefilesystem/3.10.2/okio-fakefilesystem-3.10.2.jar:/home/runner/.m2/repository/com/squareup/okio/okio-fakefilesystem-jvm/3.10.2/okio-fakefilesystem-jvm-3.10.2.jar:/home/runner/.m2/repository/org/jetbrains/kotlinx/kotlinx-datetime-jvm/0.6.1/kotlinx-datetime-jvm-0.6.1.jar:/home/runner/work/apicurio-testing/apicurio-testing/clusters/ci419/namespaces/inmemory/tests/integration/apicurio-registry/schema-util/asyncapi/target/apicurio-registry-schema-util-asyncapi-3.0.12-SNAPSHOT.jar:/home/runner/work/apicurio-testing/apicurio-testing/clusters/ci419/namespaces/inmemory/tests/integration/apicurio-registry/schema-util/avro/target/apicurio-registry-schema-util-avro-3.0.12-SNAPSHOT.jar:/home/runner/work/apicurio-testing/apicurio-testing/clusters/ci419/namespaces/inmemory/tests/integration/apicurio-registry/schema-util/graphql/target/apicurio-registry-schema-util-graphql-3.0.12-SNAPSHOT.jar:/home/runner/.m2/repository/com/graphql-java/graphql-java/22.4/graphql-java-22.4.jar:/home/runner/.m2/repository/com/graphql-java/java-dataloader/3.3.0/java-dataloader-3.3.0.jar:/home/runner/work/apicurio-testing/apicurio-testing/clusters/ci419/namespaces/inmemory/tests/integration/apicurio-registry/schema-util/kconnect/target/apicurio-registry-schema-util-kconnect-3.0.12-SNAPSHOT.jar:/home/runner/work/apicurio-testing/apicurio-testing/clusters/ci419/namespaces/inmemory/tests/integration/apicurio-registry/schema-util/openapi/target/apicurio-registry-schema-util-openapi-3.0.12-SNAPSHOT.jar:/home/runner/.m2/repository/io/apicurio/apicurio-data-models/2.2.2/apicurio-data-models-2.2.2.jar:/home/runner/.m2/repository/org/openapitools/openapidiff/openapi-diff-core/2.1.2/openapi-diff-core-2.1.2.jar:/home/runner/.m2/repository/io/swagger/parser/v3/swagger-parser/2.1.28/swagger-parser-2.1.28.jar:/home/runner/.m2/repository/io/swagger/parser/v3/swagger-parser-v2-converter/2.1.28/swagger-parser-v2-converter-2.1.28.jar:/home/runner/.m2/repository/io/swagger/swagger-core/1.6.16/swagger-core-1.6.16.jar:/home/runner/.m2/repository/io/swagger/swagger-models/1.6.16/swagger-models-1.6.16.jar:/home/runner/.m2/repository/io/swagger/swagger-annotations/1.6.16/swagger-annotations-1.6.16.jar:/home/runner/.m2/repository/io/swagger/swagger-parser/1.0.75/swagger-parser-1.0.75.jar:/home/runner/.m2/repository/io/swagger/swagger-parser-safe-url-resolver/1.0.75/swagger-parser-safe-url-resolver-1.0.75.jar:/home/runner/.m2/repository/io/swagger/swagger-compat-spec-parser/1.0.75/swagger-compat-spec-parser-1.0.75.jar:/home/runner/.m2/repository/com/github/java-json-tools/json-schema-validator/2.2.14/json-schema-validator-2.2.14.jar:/home/runner/.m2/repository/com/github/java-json-tools/jackson-coreutils-equivalence/1.0/jackson-coreutils-equivalence-1.0.jar:/home/runner/.m2/repository/com/github/java-json-tools/json-schema-core/1.2.14/json-schema-core-1.2.14.jar:/home/runner/.m2/repository/com/github/java-json-tools/uri-template/0.10/uri-template-0.10.jar:/home/runner/.m2/repository/com/googlecode/libphonenumber/libphonenumber/8.11.1/libphonenumber-8.11.1.jar:/home/runner/.m2/repository/com/j2html/j2html/1.6.0/j2html-1.6.0.jar:/home/runner/.m2/repository/org/apache/commons/commons-collections4/4.5.0/commons-collections4-4.5.0.jar:/home/runner/.m2/repository/org/slf4j/jcl-over-slf4j/2.0.17/jcl-over-slf4j-2.0.17.jar:/home/runner/.m2/repository/io/swagger/parser/v3/swagger-parser-v3/2.1.31/swagger-parser-v3-2.1.31.jar:/home/runner/.m2/repository/io/swagger/core/v3/swagger-models/2.2.34/swagger-models-2.2.34.jar:/home/runner/.m2/repository/io/swagger/core/v3/swagger-core/2.2.34/swagger-core-2.2.34.jar:/home/runner/.m2/repository/io/swagger/parser/v3/swagger-parser-core/2.1.31/swagger-parser-core-2.1.31.jar:/home/runner/.m2/repository/io/swagger/parser/v3/swagger-parser-safe-url-resolver/2.1.31/swagger-parser-safe-url-resolver-2.1.31.jar:/home/runner/work/apicurio-testing/apicurio-testing/clusters/ci419/namespaces/inmemory/tests/integration/apicurio-registry/schema-util/wsdl/target/apicurio-registry-schema-util-wsdl-3.0.12-SNAPSHOT.jar:/home/runner/.m2/repository/wsdl4j/wsdl4j/1.6.3/wsdl4j-1.6.3.jar:/home/runner/work/apicurio-testing/apicurio-testing/clusters/ci419/namespaces/inmemory/tests/integration/apicurio-registry/schema-util/xml/target/apicurio-registry-schema-util-xml-3.0.12-SNAPSHOT.jar:/home/runner/.m2/repository/org/apache/santuario/xmlsec/4.0.4/xmlsec-4.0.4.jar:/home/runner/.m2/repository/com/fasterxml/woodstox/woodstox-core/7.1.1/woodstox-core-7.1.1.jar:/home/runner/.m2/repository/org/codehaus/woodstox/stax2-api/4.2.2/stax2-api-4.2.2.jar:/home/runner/work/apicurio-testing/apicurio-testing/clusters/ci419/namespaces/inmemory/tests/integration/apicurio-registry/schema-util/xsd/target/apicurio-registry-schema-util-xsd-3.0.12-SNAPSHOT.jar:/home/runner/work/apicurio-testing/apicurio-testing/clusters/ci419/namespaces/inmemory/tests/integration/apicurio-registry/serdes/kafka/jsonschema-serde/target/apicurio-registry-jsonschema-serde-kafka-3.0.12-SNAPSHOT.jar:/home/runner/work/apicurio-testing/apicurio-testing/clusters/ci419/namespaces/inmemory/tests/integration/apicurio-registry/serdes/kafka/serde-kafka-common/target/apicurio-registry-serde-kafka-common-3.0.12-SNAPSHOT.jar:/home/runner/work/apicurio-testing/apicurio-testing/clusters/ci419/namespaces/inmemory/tests/integration/apicurio-registry/serdes/generic/serde-common/target/apicurio-registry-serde-common-3.0.12-SNAPSHOT.jar:/home/runner/work/apicurio-testing/apicurio-testing/clusters/ci419/namespaces/inmemory/tests/integration/apicurio-registry/serdes/generic/serde-common-jsonschema/target/apicurio-registry-serde-common-jsonschema-3.0.12-SNAPSHOT.jar:/home/runner/.m2/repository/org/json/json/20250107/json-20250107.jar:/home/runner/work/apicurio-testing/apicurio-testing/clusters/ci419/namespaces/inmemory/tests/integration/apicurio-registry/serdes/kafka/avro-serde/target/apicurio-registry-avro-serde-kafka-3.0.12-SNAPSHOT.jar:/home/runner/work/apicurio-testing/apicurio-testing/clusters/ci419/namespaces/inmemory/tests/integration/apicurio-registry/serdes/generic/serde-common-avro/target/apicurio-registry-serde-common-avro-3.0.12-SNAPSHOT.jar:/home/runner/work/apicurio-testing/apicurio-testing/clusters/ci419/namespaces/inmemory/tests/integration/apicurio-registry/serdes/kafka/protobuf-serde/target/apicurio-registry-protobuf-serde-kafka-3.0.12-SNAPSHOT.jar:/home/runner/work/apicurio-testing/apicurio-testing/clusters/ci419/namespaces/inmemory/tests/integration/apicurio-registry/serdes/generic/serde-common-protobuf/target/apicurio-registry-serde-common-protobuf-3.0.12-SNAPSHOT.jar:/home/runner/.m2/repository/com/squareup/wire/wire-schema/5.3.3/wire-schema-5.3.3.jar:/home/runner/.m2/repository/com/squareup/wire/wire-runtime/5.3.3/wire-runtime-5.3.3.jar:/home/runner/work/apicurio-testing/apicurio-testing/clusters/ci419/namespaces/inmemory/tests/integration/apicurio-registry/serdes/pulsar/avro-serde/target/apicurio-registry-avro-serde-pulsar-3.0.12-SNAPSHOT.jar:/home/runner/.m2/repository/org/apache/pulsar/pulsar-functions-api/3.3.8/pulsar-functions-api-3.3.8.jar:/home/runner/work/apicurio-testing/apicurio-testing/clusters/ci419/namespaces/inmemory/tests/integration/apicurio-registry/serdes/nats/avro-serde/target/apicurio-registry-avro-serde-nats-3.0.12-SNAPSHOT.jar:/home/runner/.m2/repository/io/nats/jnats/2.21.4/jnats-2.21.4.jar:/home/runner/.m2/repository/org/bouncycastle/bcprov-lts8on/2.73.7/bcprov-lts8on-2.73.7.jar:/home/runner/.m2/repository/org/jetbrains/annotations/26.0.2/annotations-26.0.2.jar:/home/runner/work/apicurio-testing/apicurio-testing/clusters/ci419/namespaces/inmemory/tests/integration/apicurio-registry/utils/converter/target/apicurio-registry-utils-converter-3.0.12-SNAPSHOT.jar:/home/runner/work/apicurio-testing/apicurio-testing/clusters/ci419/namespaces/inmemory/tests/integration/apicurio-registry/schema-resolver/target/apicurio-registry-schema-resolver-3.0.12-SNAPSHOT.jar:/home/runner/.m2/repository/org/apache/kafka/connect-api/3.9.1/connect-api-3.9.1.jar:/home/runner/.m2/repository/javax/ws/rs/javax.ws.rs-api/2.1.1/javax.ws.rs-api-2.1.1.jar:/home/runner/.m2/repository/org/apache/kafka/connect-json/3.9.1/connect-json-3.9.1.jar:/home/runner/.m2/repository/com/fasterxml/jackson/datatype/jackson-datatype-jdk8/2.18.2/jackson-datatype-jdk8-2.18.2.jar:/home/runner/.m2/repository/com/fasterxml/jackson/module/jackson-module-afterburner/2.18.2/jackson-module-afterburner-2.18.2.jar:/home/runner/work/apicurio-testing/apicurio-testing/clusters/ci419/namespaces/inmemory/tests/integration/apicurio-registry/utils/kafka/target/apicurio-registry-utils-kafka-3.0.12-SNAPSHOT.jar:/home/runner/.m2/repository/org/apache/pulsar/pulsar-client/3.3.8/pulsar-client-3.3.8.jar:/home/runner/.m2/repository/org/apache/pulsar/pulsar-client-api/3.3.8/pulsar-client-api-3.3.8.jar:/home/runner/.m2/repository/org/apache/pulsar/pulsar-client-admin-api/3.3.8/pulsar-client-admin-api-3.3.8.jar:/home/runner/.m2/repository/org/apache/pulsar/bouncy-castle-bc/3.3.8/bouncy-castle-bc-3.3.8-pkg.jar:/home/runner/.m2/repository/org/bouncycastle/bcpkix-jdk18on/1.81/bcpkix-jdk18on-1.81.jar:/home/runner/.m2/repository/org/bouncycastle/bcutil-jdk18on/1.81/bcutil-jdk18on-1.81.jar:/home/runner/.m2/repository/org/bouncycastle/bcprov-jdk18on/1.81/bcprov-jdk18on-1.81.jar:/home/runner/.m2/repository/io/opentelemetry/opentelemetry-api/1.44.1/opentelemetry-api-1.44.1.jar:/home/runner/.m2/repository/io/opentelemetry/opentelemetry-context/1.44.1/opentelemetry-context-1.44.1.jar:/home/runner/.m2/repository/io/opentelemetry/opentelemetry-api-incubator/1.44.1-alpha/opentelemetry-api-incubator-1.44.1-alpha.jar:/home/runner/.m2/repository/com/fasterxml/jackson/core/jackson-annotations/2.18.2/jackson-annotations-2.18.2.jar:/home/runner/.m2/repository/javax/validation/validation-api/1.1.0.Final/validation-api-1.1.0.Final.jar:/home/runner/.m2/repository/org/jspecify/jspecify/1.0.0/jspecify-1.0.0.jar:/home/runner/.m2/repository/org/apache/commons/commons-configuration2/2.12.0/commons-configuration2-2.12.0.jar:/home/runner/.m2/repository/commons-logging/commons-logging/1.3.5/commons-logging-1.3.5.jar:/home/runner/.m2/repository/org/apache/commons/commons-text/1.13.0/commons-text-1.13.0.jar:/home/runner/.m2/repository/io/confluent/kafka-avro-serializer/8.0.0/kafka-avro-serializer-8.0.0.jar:/home/runner/.m2/repository/org/apache/commons/commons-compress/1.27.1/commons-compress-1.27.1.jar:/home/runner/.m2/repository/io/confluent/kafka-schema-serializer/8.0.0/kafka-schema-serializer-8.0.0.jar:/home/runner/.m2/repository/com/fasterxml/jackson/dataformat/jackson-dataformat-csv/2.18.2/jackson-dataformat-csv-2.18.2.jar:/home/runner/.m2/repository/io/confluent/kafka-schema-registry-client/8.0.0/kafka-schema-registry-client-8.0.0.jar:/home/runner/.m2/repository/org/yaml/snakeyaml/2.3/snakeyaml-2.3.jar:/home/runner/.m2/repository/io/swagger/core/v3/swagger-annotations/2.2.29/swagger-annotations-2.2.29.jar:/home/runner/.m2/repository/com/google/guava/guava/33.4.0-jre/guava-33.4.0-jre.jar:/home/runner/.m2/repository/com/google/guava/failureaccess/1.0.1/failureaccess-1.0.1.jar:/home/runner/.m2/repository/org/checkerframework/checker-qual/3.49.0/checker-qual-3.49.0.jar:/home/runner/.m2/repository/io/confluent/logredactor/1.0.13/logredactor-1.0.13.jar:/home/runner/.m2/repository/com/google/re2j/re2j/1.6/re2j-1.6.jar:/home/runner/.m2/repository/io/confluent/logredactor-metrics/1.0.13/logredactor-metrics-1.0.13.jar:/home/runner/.m2/repository/com/eclipsesource/minimal-json/minimal-json/0.9.5/minimal-json-0.9.5.jar:/home/runner/.m2/repository/io/confluent/common-utils/8.0.0/common-utils-8.0.0.jar:/home/runner/.m2/repository/io/confluent/kafka-connect-avro-converter/8.0.0/kafka-connect-avro-converter-8.0.0.jar:/home/runner/.m2/repository/io/confluent/kafka-connect-avro-data/8.0.0/kafka-connect-avro-data-8.0.0.jar:/home/runner/.m2/repository/io/confluent/kafka-schema-converter/8.0.0/kafka-schema-converter-8.0.0.jar:/home/runner/.m2/repository/io/rest-assured/rest-assured/5.5.1/rest-assured-5.5.1.jar:/home/runner/.m2/repository/org/apache/groovy/groovy/4.0.22/groovy-4.0.22.jar:/home/runner/.m2/repository/org/apache/groovy/groovy-xml/4.0.22/groovy-xml-4.0.22.jar:/home/runner/.m2/repository/org/apache/httpcomponents/httpclient/4.5.14/httpclient-4.5.14.jar:/home/runner/.m2/repository/org/apache/httpcomponents/httpcore/4.4.16/httpcore-4.4.16.jar:/home/runner/.m2/repository/org/apache/httpcomponents/httpmime/4.5.14/httpmime-4.5.14.jar:/home/runner/.m2/repository/org/hamcrest/hamcrest/2.2/hamcrest-2.2.jar:/home/runner/.m2/repository/org/ccil/cowan/tagsoup/tagsoup/1.2.1/tagsoup-1.2.1.jar:/home/runner/.m2/repository/io/rest-assured/json-path/5.5.1/json-path-5.5.1.jar:/home/runner/.m2/repository/org/apache/groovy/groovy-json/4.0.22/groovy-json-4.0.22.jar:/home/runner/.m2/repository/io/rest-assured/rest-assured-common/5.5.1/rest-assured-common-5.5.1.jar:/home/runner/.m2/repository/io/rest-assured/xml-path/5.5.1/xml-path-5.5.1.jar:/home/runner/.m2/repository/io/zonky/test/embedded-postgres/2.1.0/embedded-postgres-2.1.0.jar:/home/runner/.m2/repository/io/zonky/test/postgres/embedded-postgres-binaries-windows-amd64/14.15.0/embedded-postgres-binaries-windows-amd64-14.15.0.jar:/home/runner/.m2/repository/io/zonky/test/postgres/embedded-postgres-binaries-darwin-amd64/14.15.0/embedded-postgres-binaries-darwin-amd64-14.15.0.jar:/home/runner/.m2/repository/io/zonky/test/postgres/embedded-postgres-binaries-linux-amd64/14.15.0/embedded-postgres-binaries-linux-amd64-14.15.0.jar:/home/runner/.m2/repository/io/zonky/test/postgres/embedded-postgres-binaries-linux-amd64-alpine/14.15.0/embedded-postgres-binaries-linux-amd64-alpine-14.15.0.jar:/home/runner/.m2/repository/org/apache/commons/commons-lang3/3.17.0/commons-lang3-3.17.0.jar:/home/runner/.m2/repository/org/tukaani/xz/1.10/xz-1.10.jar:/home/runner/.m2/repository/commons-codec/commons-codec/1.19.0/commons-codec-1.19.0.jar:/home/runner/.m2/repository/org/postgresql/postgresql/42.7.7/postgresql-42.7.7.jar:/home/runner/.m2/repository/commons-io/commons-io/2.18.0/commons-io-2.18.0.jar:/home/runner/work/apicurio-testing/apicurio-testing/clusters/ci419/namespaces/inmemory/tests/integration/apicurio-registry/utils/importexport/target/apicurio-registry-utils-import-export-3.0.12-SNAPSHOT.jar:/home/runner/.m2/repository/io/vertx/vertx-core/4.5.16/vertx-core-4.5.16.jar:/home/runner/.m2/repository/io/netty/netty-common/4.1.121.Final/netty-common-4.1.121.Final.jar:/home/runner/.m2/repository/io/netty/netty-buffer/4.1.121.Final/netty-buffer-4.1.121.Final.jar:/home/runner/.m2/repository/io/netty/netty-transport/4.1.121.Final/netty-transport-4.1.121.Final.jar:/home/runner/.m2/repository/io/netty/netty-handler/4.1.121.Final/netty-handler-4.1.121.Final.jar:/home/runner/.m2/repository/io/netty/netty-transport-native-unix-common/4.1.121.Final/netty-transport-native-unix-common-4.1.121.Final.jar:/home/runner/.m2/repository/io/netty/netty-codec/4.1.121.Final/netty-codec-4.1.121.Final.jar:/home/runner/.m2/repository/io/netty/netty-handler-proxy/4.1.121.Final/netty-handler-proxy-4.1.121.Final.jar:/home/runner/.m2/repository/io/netty/netty-codec-socks/4.1.121.Final/netty-codec-socks-4.1.121.Final.jar:/home/runner/.m2/repository/io/netty/netty-codec-http/4.1.121.Final/netty-codec-http-4.1.121.Final.jar:/home/runner/.m2/repository/io/netty/netty-codec-http2/4.1.121.Final/netty-codec-http2-4.1.121.Final.jar:/home/runner/.m2/repository/io/netty/netty-resolver/4.1.121.Final/netty-resolver-4.1.121.Final.jar:/home/runner/.m2/repository/io/netty/netty-resolver-dns/4.1.121.Final/netty-resolver-dns-4.1.121.Final.jar:/home/runner/.m2/repository/io/netty/netty-codec-dns/4.1.121.Final/netty-codec-dns-4.1.121.Final.jar:/home/runner/.m2/repository/com/fasterxml/jackson/core/jackson-core/2.18.2/jackson-core-2.18.2.jar:"/>
    <property name="java.vm.vendor" value="Eclipse Adoptium"/>
    <property name="maven.javadoc.skip" value="true"/>
    <property name="sun.arch.data.model" value="64"/>
    <property name="java.vendor.url" value="https://adoptium.net/"/>
    <property name="user.timezone" value="Etc/UTC"/>
    <property name="os.name" value="Linux"/>
    <property name="java.vm.specification.version" value="17"/>
    <property name="sun.java.launcher" value="SUN_STANDARD"/>
    <property name="quarkus.http.test-port" value="80"/>
    <property name="sun.boot.library.path" value="/usr/lib/jvm/temurin-17-jdk-amd64/lib"/>
    <property name="sun.java.command" value="/home/runner/work/apicurio-testing/apicurio-testing/clusters/ci419/namespaces/inmemory/tests/integration/apicurio-registry/integration-tests/target/surefire/surefirebooter-20250807202609897_3.jar /home/runner/work/apicurio-testing/apicurio-testing/clusters/ci419/namespaces/inmemory/tests/integration/apicurio-registry/integration-tests/target/surefire 2025-08-07T20-26-09_792-jvmRun1 surefire-20250807202609897_1tmp surefire_0-20250807202609897_2tmp"/>
    <property name="maven.home" value="/home/runner/.m2/wrapper/dists/apache-maven-3.9.8-bin/4fnp1ql35bgk2a0p7m31ovbgb0/apache-maven-3.9.8"/>
    <property name="jdk.debug" value="release"/>
    <property name="surefire.test.class.path" value="/home/runner/work/apicurio-testing/apicurio-testing/clusters/ci419/namespaces/inmemory/tests/integration/apicurio-registry/integration-tests/target/test-classes:/home/runner/work/apicurio-testing/apicurio-testing/clusters/ci419/namespaces/inmemory/tests/integration/apicurio-registry/integration-tests/target/apicurio-registry-integration-tests-3.0.12-SNAPSHOT.jar:/home/runner/.m2/repository/io/quarkus/quarkus-junit5/3.20.2/quarkus-junit5-3.20.2.jar:/home/runner/.m2/repository/io/quarkus/quarkus-bootstrap-core/3.20.2/quarkus-bootstrap-core-3.20.2.jar:/home/runner/.m2/repository/io/quarkus/quarkus-classloader-commons/3.20.2/quarkus-classloader-commons-3.20.2.jar:/home/runner/.m2/repository/io/quarkus/quarkus-bootstrap-app-model/3.20.2/quarkus-bootstrap-app-model-3.20.2.jar:/home/runner/.m2/repository/io/smallrye/common/smallrye-common-io/2.12.0/smallrye-common-io-2.12.0.jar:/home/runner/.m2/repository/org/eclipse/sisu/org.eclipse.sisu.inject/0.9.0.M3/org.eclipse.sisu.inject-0.9.0.M3.jar:/home/runner/.m2/repository/io/quarkus/quarkus-test-common/3.20.2/quarkus-test-common-3.20.2.jar:/home/runner/.m2/repository/io/quarkus/quarkus-core-deployment/3.20.2/quarkus-core-deployment-3.20.2.jar:/home/runner/.m2/repository/org/aesh/readline/2.6/readline-2.6.jar:/home/runner/.m2/repository/org/fusesource/jansi/jansi/2.4.0/jansi-2.4.0.jar:/home/runner/.m2/repository/org/aesh/aesh/2.8.2/aesh-2.8.2.jar:/home/runner/.m2/repository/io/quarkus/gizmo/gizmo/1.8.0/gizmo-1.8.0.jar:/home/runner/.m2/repository/org/ow2/asm/asm-util/9.7.1/asm-util-9.7.1.jar:/home/runner/.m2/repository/org/ow2/asm/asm-analysis/9.7.1/asm-analysis-9.7.1.jar:/home/runner/.m2/repository/org/ow2/asm/asm-commons/9.7.1/asm-commons-9.7.1.jar:/home/runner/.m2/repository/org/ow2/asm/asm-tree/9.7.1/asm-tree-9.7.1.jar:/home/runner/.m2/repository/io/quarkus/quarkus-hibernate-validator-spi/3.20.2/quarkus-hibernate-validator-spi-3.20.2.jar:/home/runner/.m2/repository/io/quarkus/quarkus-class-change-agent/3.20.2/quarkus-class-change-agent-3.20.2.jar:/home/runner/.m2/repository/io/quarkus/quarkus-devtools-utilities/3.20.2/quarkus-devtools-utilities-3.20.2.jar:/home/runner/.m2/repository/io/quarkus/quarkus-builder/3.20.2/quarkus-builder-3.20.2.jar:/home/runner/.m2/repository/org/graalvm/sdk/nativeimage/23.1.2/nativeimage-23.1.2.jar:/home/runner/.m2/repository/org/graalvm/sdk/word/23.1.2/word-23.1.2.jar:/home/runner/.m2/repository/io/quarkus/quarkus-bootstrap-maven-resolver/3.20.2/quarkus-bootstrap-maven-resolver-3.20.2.jar:/home/runner/.m2/repository/io/smallrye/beanbag/smallrye-beanbag-maven/1.5.2/smallrye-beanbag-maven-1.5.2.jar:/home/runner/.m2/repository/io/smallrye/beanbag/smallrye-beanbag-sisu/1.5.2/smallrye-beanbag-sisu-1.5.2.jar:/home/runner/.m2/repository/io/smallrye/beanbag/smallrye-beanbag/1.5.2/smallrye-beanbag-1.5.2.jar:/home/runner/.m2/repository/javax/inject/javax.inject/1/javax.inject-1.jar:/home/runner/.m2/repository/org/apache/maven/maven-artifact/3.9.9/maven-artifact-3.9.9.jar:/home/runner/.m2/repository/org/apache/maven/maven-builder-support/3.9.9/maven-builder-support-3.9.9.jar:/home/runner/.m2/repository/org/apache/maven/maven-model/3.9.9/maven-model-3.9.9.jar:/home/runner/.m2/repository/org/apache/maven/maven-model-builder/3.9.9/maven-model-builder-3.9.9.jar:/home/runner/.m2/repository/org/apache/maven/maven-repository-metadata/3.9.9/maven-repository-metadata-3.9.9.jar:/home/runner/.m2/repository/org/apache/maven/maven-settings/3.9.9/maven-settings-3.9.9.jar:/home/runner/.m2/repository/org/apache/maven/resolver/maven-resolver-api/1.9.22/maven-resolver-api-1.9.22.jar:/home/runner/.m2/repository/org/apache/maven/resolver/maven-resolver-impl/1.9.22/maven-resolver-impl-1.9.22.jar:/home/runner/.m2/repository/org/apache/maven/resolver/maven-resolver-named-locks/1.9.22/maven-resolver-named-locks-1.9.22.jar:/home/runner/.m2/repository/org/apache/maven/resolver/maven-resolver-spi/1.9.22/maven-resolver-spi-1.9.22.jar:/home/runner/.m2/repository/org/apache/maven/resolver/maven-resolver-util/1.9.22/maven-resolver-util-1.9.22.jar:/home/runner/.m2/repository/org/apache/maven/resolver/maven-resolver-transport-http/1.9.20/maven-resolver-transport-http-1.9.20.jar:/home/runner/.m2/repository/org/apache/maven/wagon/wagon-provider-api/3.5.3/wagon-provider-api-3.5.3.jar:/home/runner/.m2/repository/org/apache/maven/wagon/wagon-http-shared/3.5.3/wagon-http-shared-3.5.3.jar:/home/runner/.m2/repository/org/codehaus/plexus/plexus-interpolation/1.26/plexus-interpolation-1.26.jar:/home/runner/.m2/repository/org/codehaus/plexus/plexus-utils/3.5.1/plexus-utils-3.5.1.jar:/home/runner/.m2/repository/org/codehaus/plexus/plexus-xml/4.0.1/plexus-xml-4.0.1.jar:/home/runner/.m2/repository/org/apache/maven/maven-xml-impl/4.0.0-alpha-5/maven-xml-impl-4.0.0-alpha-5.jar:/home/runner/.m2/repository/org/apache/maven/maven-api-xml/4.0.0-alpha-5/maven-api-xml-4.0.0-alpha-5.jar:/home/runner/.m2/repository/org/apache/maven/maven-api-meta/4.0.0-alpha-5/maven-api-meta-4.0.0-alpha-5.jar:/home/runner/.m2/repository/org/codehaus/plexus/plexus-cipher/2.0/plexus-cipher-2.0.jar:/home/runner/.m2/repository/org/codehaus/plexus/plexus-sec-dispatcher/2.0/plexus-sec-dispatcher-2.0.jar:/home/runner/.m2/repository/org/apache/maven/maven-embedder/3.9.9/maven-embedder-3.9.9.jar:/home/runner/.m2/repository/org/apache/maven/maven-core/3.9.9/maven-core-3.9.9.jar:/home/runner/.m2/repository/org/codehaus/plexus/plexus-component-annotations/2.1.0/plexus-component-annotations-2.1.0.jar:/home/runner/.m2/repository/org/apache/maven/maven-plugin-api/3.9.9/maven-plugin-api-3.9.9.jar:/home/runner/.m2/repository/org/apache/maven/shared/maven-shared-utils/3.4.2/maven-shared-utils-3.4.2.jar:/home/runner/.m2/repository/com/google/inject/guice/5.1.0/guice-5.1.0.jar:/home/runner/.m2/repository/aopalliance/aopalliance/1.0/aopalliance-1.0.jar:/home/runner/.m2/repository/org/codehaus/plexus/plexus-classworlds/2.6.0/plexus-classworlds-2.6.0.jar:/home/runner/.m2/repository/commons-cli/commons-cli/1.8.0/commons-cli-1.8.0.jar:/home/runner/.m2/repository/org/eclipse/sisu/org.eclipse.sisu.plexus/0.9.0.M3/org.eclipse.sisu.plexus-0.9.0.M3.jar:/home/runner/.m2/repository/org/apache/maven/maven-settings-builder/3.9.9/maven-settings-builder-3.9.9.jar:/home/runner/.m2/repository/org/apache/maven/maven-resolver-provider/3.9.9/maven-resolver-provider-3.9.9.jar:/home/runner/.m2/repository/org/apache/maven/resolver/maven-resolver-connector-basic/1.9.22/maven-resolver-connector-basic-1.9.22.jar:/home/runner/.m2/repository/org/apache/maven/resolver/maven-resolver-transport-wagon/1.9.22/maven-resolver-transport-wagon-1.9.22.jar:/home/runner/.m2/repository/org/apache/maven/wagon/wagon-http/3.5.3/wagon-http-3.5.3.jar:/home/runner/.m2/repository/org/apache/maven/wagon/wagon-file/3.5.3/wagon-file-3.5.3.jar:/home/runner/.m2/repository/io/quarkus/quarkus-bootstrap-gradle-resolver/3.20.2/quarkus-bootstrap-gradle-resolver-3.20.2.jar:/home/runner/.m2/repository/io/smallrye/jandex/3.3.0/jandex-3.3.0.jar:/home/runner/.m2/repository/org/jboss/logging/commons-logging-jboss-logging/1.0.0.Final/commons-logging-jboss-logging-1.0.0.Final.jar:/home/runner/.m2/repository/io/quarkus/quarkus-junit5-config/3.20.2/quarkus-junit5-config-3.20.2.jar:/home/runner/.m2/repository/org/junit/jupiter/junit-jupiter-api/5.12.1/junit-jupiter-api-5.12.1.jar:/home/runner/.m2/repository/io/smallrye/config/smallrye-config/3.11.4/smallrye-config-3.11.4.jar:/home/runner/.m2/repository/io/smallrye/config/smallrye-config-core/3.11.4/smallrye-config-core-3.11.4.jar:/home/runner/.m2/repository/io/smallrye/common/smallrye-common-classloader/2.12.0/smallrye-common-classloader-2.12.0.jar:/home/runner/.m2/repository/io/smallrye/config/smallrye-config-common/3.11.4/smallrye-config-common-3.11.4.jar:/home/runner/.m2/repository/org/junit/jupiter/junit-jupiter/5.12.1/junit-jupiter-5.12.1.jar:/home/runner/.m2/repository/org/junit/jupiter/junit-jupiter-params/5.12.1/junit-jupiter-params-5.12.1.jar:/home/runner/.m2/repository/org/junit/jupiter/junit-jupiter-engine/5.12.1/junit-jupiter-engine-5.12.1.jar:/home/runner/.m2/repository/io/quarkus/quarkus-core/3.20.2/quarkus-core-3.20.2.jar:/home/runner/.m2/repository/jakarta/enterprise/jakarta.enterprise.cdi-api/4.1.0/jakarta.enterprise.cdi-api-4.1.0.jar:/home/runner/.m2/repository/jakarta/enterprise/jakarta.enterprise.lang-model/4.1.0/jakarta.enterprise.lang-model-4.1.0.jar:/home/runner/.m2/repository/jakarta/el/jakarta.el-api/5.0.1/jakarta.el-api-5.0.1.jar:/home/runner/.m2/repository/jakarta/interceptor/jakarta.interceptor-api/2.2.0/jakarta.interceptor-api-2.2.0.jar:/home/runner/.m2/repository/jakarta/inject/jakarta.inject-api/2.0.1/jakarta.inject-api-2.0.1.jar:/home/runner/.m2/repository/io/smallrye/common/smallrye-common-os/2.12.0/smallrye-common-os-2.12.0.jar:/home/runner/.m2/repository/io/quarkus/quarkus-ide-launcher/3.20.2/quarkus-ide-launcher-3.20.2.jar:/home/runner/.m2/repository/io/quarkus/quarkus-development-mode-spi/3.20.2/quarkus-development-mode-spi-3.20.2.jar:/home/runner/.m2/repository/org/jboss/logging/jboss-logging/3.6.1.Final/jboss-logging-3.6.1.Final.jar:/home/runner/.m2/repository/org/jboss/logmanager/jboss-logmanager/3.1.2.Final/jboss-logmanager-3.1.2.Final.jar:/home/runner/.m2/repository/io/smallrye/common/smallrye-common-constraint/2.12.0/smallrye-common-constraint-2.12.0.jar:/home/runner/.m2/repository/io/smallrye/common/smallrye-common-cpu/2.12.0/smallrye-common-cpu-2.12.0.jar:/home/runner/.m2/repository/io/smallrye/common/smallrye-common-expression/2.12.0/smallrye-common-expression-2.12.0.jar:/home/runner/.m2/repository/io/smallrye/common/smallrye-common-net/2.12.0/smallrye-common-net-2.12.0.jar:/home/runner/.m2/repository/io/smallrye/common/smallrye-common-ref/2.12.0/smallrye-common-ref-2.12.0.jar:/home/runner/.m2/repository/jakarta/json/jakarta.json-api/2.1.3/jakarta.json-api-2.1.3.jar:/home/runner/.m2/repository/org/eclipse/parsson/parsson/1.1.7/parsson-1.1.7.jar:/home/runner/.m2/repository/org/jboss/logging/jboss-logging-annotations/3.0.4.Final/jboss-logging-annotations-3.0.4.Final.jar:/home/runner/.m2/repository/org/jboss/threads/jboss-threads/3.8.0.Final/jboss-threads-3.8.0.Final.jar:/home/runner/.m2/repository/io/smallrye/common/smallrye-common-annotation/2.12.0/smallrye-common-annotation-2.12.0.jar:/home/runner/.m2/repository/io/smallrye/common/smallrye-common-function/2.12.0/smallrye-common-function-2.12.0.jar:/home/runner/.m2/repository/org/jboss/slf4j/slf4j-jboss-logmanager/2.0.0.Final/slf4j-jboss-logmanager-2.0.0.Final.jar:/home/runner/.m2/repository/org/wildfly/common/wildfly-common/2.0.1/wildfly-common-2.0.1.jar:/home/runner/.m2/repository/io/quarkus/quarkus-bootstrap-runner/3.20.2/quarkus-bootstrap-runner-3.20.2.jar:/home/runner/.m2/repository/io/github/crac/org-crac/0.1.3/org-crac-0.1.3.jar:/home/runner/.m2/repository/io/quarkus/quarkus-fs-util/0.0.10/quarkus-fs-util-0.0.10.jar:/home/runner/.m2/repository/org/jboss/marshalling/jboss-marshalling/2.2.2.Final/jboss-marshalling-2.2.2.Final.jar:/home/runner/.m2/repository/io/fabric8/kubernetes-client/7.1.0/kubernetes-client-7.1.0.jar:/home/runner/.m2/repository/io/fabric8/kubernetes-client-api/7.1.0/kubernetes-client-api-7.1.0.jar:/home/runner/.m2/repository/io/fabric8/kubernetes-model-core/7.1.0/kubernetes-model-core-7.1.0.jar:/home/runner/.m2/repository/io/fabric8/kubernetes-model-common/7.1.0/kubernetes-model-common-7.1.0.jar:/home/runner/.m2/repository/javax/annotation/javax.annotation-api/1.3.2/javax.annotation-api-1.3.2.jar:/home/runner/.m2/repository/io/fabric8/kubernetes-model-gatewayapi/7.1.0/kubernetes-model-gatewayapi-7.1.0.jar:/home/runner/.m2/repository/io/fabric8/kubernetes-model-resource/7.1.0/kubernetes-model-resource-7.1.0.jar:/home/runner/.m2/repository/io/fabric8/kubernetes-model-rbac/7.1.0/kubernetes-model-rbac-7.1.0.jar:/home/runner/.m2/repository/io/fabric8/kubernetes-model-admissionregistration/7.1.0/kubernetes-model-admissionregistration-7.1.0.jar:/home/runner/.m2/repository/io/fabric8/kubernetes-model-apps/7.1.0/kubernetes-model-apps-7.1.0.jar:/home/runner/.m2/repository/io/fabric8/kubernetes-model-autoscaling/7.1.0/kubernetes-model-autoscaling-7.1.0.jar:/home/runner/.m2/repository/io/fabric8/kubernetes-model-apiextensions/7.1.0/kubernetes-model-apiextensions-7.1.0.jar:/home/runner/.m2/repository/io/fabric8/kubernetes-model-batch/7.1.0/kubernetes-model-batch-7.1.0.jar:/home/runner/.m2/repository/io/fabric8/kubernetes-model-certificates/7.1.0/kubernetes-model-certificates-7.1.0.jar:/home/runner/.m2/repository/io/fabric8/kubernetes-model-coordination/7.1.0/kubernetes-model-coordination-7.1.0.jar:/home/runner/.m2/repository/io/fabric8/kubernetes-model-discovery/7.1.0/kubernetes-model-discovery-7.1.0.jar:/home/runner/.m2/repository/io/fabric8/kubernetes-model-events/7.1.0/kubernetes-model-events-7.1.0.jar:/home/runner/.m2/repository/io/fabric8/kubernetes-model-extensions/7.1.0/kubernetes-model-extensions-7.1.0.jar:/home/runner/.m2/repository/io/fabric8/kubernetes-model-flowcontrol/7.1.0/kubernetes-model-flowcontrol-7.1.0.jar:/home/runner/.m2/repository/io/fabric8/kubernetes-model-networking/7.1.0/kubernetes-model-networking-7.1.0.jar:/home/runner/.m2/repository/io/fabric8/kubernetes-model-metrics/7.1.0/kubernetes-model-metrics-7.1.0.jar:/home/runner/.m2/repository/io/fabric8/kubernetes-model-policy/7.1.0/kubernetes-model-policy-7.1.0.jar:/home/runner/.m2/repository/io/fabric8/kubernetes-model-scheduling/7.1.0/kubernetes-model-scheduling-7.1.0.jar:/home/runner/.m2/repository/io/fabric8/kubernetes-model-storageclass/7.1.0/kubernetes-model-storageclass-7.1.0.jar:/home/runner/.m2/repository/io/fabric8/kubernetes-model-node/7.1.0/kubernetes-model-node-7.1.0.jar:/home/runner/.m2/repository/org/snakeyaml/snakeyaml-engine/2.9/snakeyaml-engine-2.9.jar:/home/runner/.m2/repository/com/fasterxml/jackson/dataformat/jackson-dataformat-yaml/2.18.2/jackson-dataformat-yaml-2.18.2.jar:/home/runner/.m2/repository/com/fasterxml/jackson/datatype/jackson-datatype-jsr310/2.18.2/jackson-datatype-jsr310-2.18.2.jar:/home/runner/.m2/repository/io/fabric8/zjsonpatch/7.1.0/zjsonpatch-7.1.0.jar:/home/runner/.m2/repository/io/fabric8/kubernetes-httpclient-vertx/7.1.0/kubernetes-httpclient-vertx-7.1.0.jar:/home/runner/.m2/repository/io/vertx/vertx-web-client/4.5.16/vertx-web-client-4.5.16.jar:/home/runner/.m2/repository/io/vertx/vertx-web-common/4.5.16/vertx-web-common-4.5.16.jar:/home/runner/.m2/repository/io/vertx/vertx-auth-common/4.5.16/vertx-auth-common-4.5.16.jar:/home/runner/.m2/repository/io/vertx/vertx-uri-template/4.5.16/vertx-uri-template-4.5.16.jar:/home/runner/.m2/repository/io/fabric8/openshift-client/7.1.0/openshift-client-7.1.0.jar:/home/runner/.m2/repository/io/fabric8/openshift-client-api/7.1.0/openshift-client-api-7.1.0.jar:/home/runner/.m2/repository/io/fabric8/openshift-model/7.1.0/openshift-model-7.1.0.jar:/home/runner/.m2/repository/io/fabric8/openshift-model-autoscaling/7.1.0/openshift-model-autoscaling-7.1.0.jar:/home/runner/.m2/repository/io/fabric8/openshift-model-operator/7.1.0/openshift-model-operator-7.1.0.jar:/home/runner/.m2/repository/io/fabric8/openshift-model-operatorhub/7.1.0/openshift-model-operatorhub-7.1.0.jar:/home/runner/.m2/repository/io/fabric8/openshift-model-machine/7.1.0/openshift-model-machine-7.1.0.jar:/home/runner/.m2/repository/io/fabric8/openshift-model-whereabouts/7.1.0/openshift-model-whereabouts-7.1.0.jar:/home/runner/.m2/repository/io/fabric8/openshift-model-monitoring/7.1.0/openshift-model-monitoring-7.1.0.jar:/home/runner/.m2/repository/io/fabric8/openshift-model-storageversionmigrator/7.1.0/openshift-model-storageversionmigrator-7.1.0.jar:/home/runner/.m2/repository/io/fabric8/openshift-model-tuned/7.1.0/openshift-model-tuned-7.1.0.jar:/home/runner/.m2/repository/io/fabric8/openshift-model-console/7.1.0/openshift-model-console-7.1.0.jar:/home/runner/.m2/repository/io/fabric8/openshift-model-config/7.1.0/openshift-model-config-7.1.0.jar:/home/runner/.m2/repository/io/fabric8/openshift-model-machineconfiguration/7.1.0/openshift-model-machineconfiguration-7.1.0.jar:/home/runner/.m2/repository/io/fabric8/openshift-model-miscellaneous/7.1.0/openshift-model-miscellaneous-7.1.0.jar:/home/runner/.m2/repository/io/fabric8/openshift-model-hive/7.1.0/openshift-model-hive-7.1.0.jar:/home/runner/.m2/repository/io/fabric8/openshift-model-installer/7.1.0/openshift-model-installer-7.1.0.jar:/home/runner/.m2/repository/org/junit/platform/junit-platform-launcher/1.12.1/junit-platform-launcher-1.12.1.jar:/home/runner/.m2/repository/org/junit/platform/junit-platform-engine/1.12.1/junit-platform-engine-1.12.1.jar:/home/runner/.m2/repository/org/opentest4j/opentest4j/1.3.0/opentest4j-1.3.0.jar:/home/runner/.m2/repository/org/junit/platform/junit-platform-commons/1.12.1/junit-platform-commons-1.12.1.jar:/home/runner/.m2/repository/org/apiguardian/apiguardian-api/1.1.2/apiguardian-api-1.1.2.jar:/home/runner/.m2/repository/jakarta/ws/rs/jakarta.ws.rs-api/3.1.0/jakarta.ws.rs-api-3.1.0.jar:/home/runner/work/apicurio-testing/apicurio-testing/clusters/ci419/namespaces/inmemory/tests/integration/apicurio-registry/java-sdk/target/apicurio-registry-java-sdk-3.0.12-SNAPSHOT.jar:/home/runner/.m2/repository/com/microsoft/kiota/microsoft-kiota-abstractions/1.8.8/microsoft-kiota-abstractions-1.8.8.jar:/home/runner/.m2/repository/io/github/std-uritemplate/std-uritemplate/2.0.0/std-uritemplate-2.0.0.jar:/home/runner/.m2/repository/io/kiota/kiota-http-jdk/0.0.29/kiota-http-jdk-0.0.29.jar:/home/runner/.m2/repository/io/kiota/kiota-http-vertx/0.0.29/kiota-http-vertx-0.0.29.jar:/home/runner/.m2/repository/io/kiota/kiota-serialization-jackson/0.0.29/kiota-serialization-jackson-0.0.29.jar:/home/runner/.m2/repository/com/microsoft/kiota/microsoft-kiota-serialization-text/1.8.8/microsoft-kiota-serialization-text-1.8.8.jar:/home/runner/.m2/repository/com/microsoft/kiota/microsoft-kiota-serialization-form/1.8.8/microsoft-kiota-serialization-form-1.8.8.jar:/home/runner/.m2/repository/com/microsoft/kiota/microsoft-kiota-serialization-multipart/1.8.8/microsoft-kiota-serialization-multipart-1.8.8.jar:/home/runner/.m2/repository/jakarta/annotation/jakarta.annotation-api/3.0.0/jakarta.annotation-api-3.0.0.jar:/home/runner/.m2/repository/io/vertx/vertx-auth-oauth2/4.5.16/vertx-auth-oauth2-4.5.16.jar:/home/runner/work/apicurio-testing/apicurio-testing/clusters/ci419/namespaces/inmemory/tests/integration/apicurio-registry/java-sdk-v2/target/apicurio-registry-v2-java-sdk-3.0.12-SNAPSHOT.jar:/home/runner/work/apicurio-testing/apicurio-testing/clusters/ci419/namespaces/inmemory/tests/integration/apicurio-registry/utils/kafka/target/apicurio-registry-utils-kafka-3.0.12-SNAPSHOT-tests.jar:/home/runner/.m2/repository/org/eclipse/microprofile/config/microprofile-config-api/3.1/microprofile-config-api-3.1.jar:/home/runner/.m2/repository/org/apache/kafka/kafka-clients/3.9.1/kafka-clients-3.9.1.jar:/home/runner/.m2/repository/com/github/luben/zstd-jni/1.5.6-4/zstd-jni-1.5.6-4.jar:/home/runner/.m2/repository/org/lz4/lz4-java/1.8.0/lz4-java-1.8.0.jar:/home/runner/.m2/repository/org/xerial/snappy/snappy-java/1.1.10.5/snappy-java-1.1.10.5.jar:/home/runner/.m2/repository/org/slf4j/slf4j-api/2.0.6/slf4j-api-2.0.6.jar:/home/runner/work/apicurio-testing/apicurio-testing/clusters/ci419/namespaces/inmemory/tests/integration/apicurio-registry/utils/tests/target/apicurio-registry-utils-tests-3.0.12-SNAPSHOT.jar:/home/runner/work/apicurio-testing/apicurio-testing/clusters/ci419/namespaces/inmemory/tests/integration/apicurio-registry/common/target/apicurio-registry-common-3.0.12-SNAPSHOT.jar:/home/runner/.m2/repository/jakarta/validation/jakarta.validation-api/3.0.2/jakarta.validation-api-3.0.2.jar:/home/runner/.m2/repository/com/github/dasniko/testcontainers-keycloak/3.8.0/testcontainers-keycloak-3.8.0.jar:/home/runner/.m2/repository/org/testcontainers/testcontainers/1.20.6/testcontainers-1.20.6.jar:/home/runner/.m2/repository/org/rnorth/duct-tape/duct-tape/1.0.8/duct-tape-1.0.8.jar:/home/runner/.m2/repository/com/github/docker-java/docker-java-transport-zerodep/3.4.1/docker-java-transport-zerodep-3.4.1.jar:/home/runner/.m2/repository/com/github/docker-java/docker-java-transport/3.4.1/docker-java-transport-3.4.1.jar:/home/runner/.m2/repository/net/java/dev/jna/jna/5.8.0/jna-5.8.0.jar:/home/runner/.m2/repository/io/quarkus/quarkus-junit4-mock/3.20.2/quarkus-junit4-mock-3.20.2.jar:/home/runner/.m2/repository/org/jboss/shrinkwrap/shrinkwrap-api/2.0.0-beta-2/shrinkwrap-api-2.0.0-beta-2.jar:/home/runner/.m2/repository/org/jboss/shrinkwrap/shrinkwrap-impl-base/2.0.0-beta-2/shrinkwrap-impl-base-2.0.0-beta-2.jar:/home/runner/.m2/repository/org/jboss/shrinkwrap/shrinkwrap-spi/2.0.0-beta-2/shrinkwrap-spi-2.0.0-beta-2.jar:/home/runner/.m2/repository/org/keycloak/keycloak-admin-client/26.0.4/keycloak-admin-client-26.0.4.jar:/home/runner/.m2/repository/org/keycloak/keycloak-client-common-synced/26.0.4/keycloak-client-common-synced-26.0.4.jar:/home/runner/.m2/repository/jakarta/activation/jakarta.activation-api/2.1.3/jakarta.activation-api-2.1.3.jar:/home/runner/.m2/repository/org/eclipse/microprofile/openapi/microprofile-openapi-api/4.0.2/microprofile-openapi-api-4.0.2.jar:/home/runner/.m2/repository/org/jboss/resteasy/resteasy-client/6.2.12.Final/resteasy-client-6.2.12.Final.jar:/home/runner/.m2/repository/org/jboss/resteasy/resteasy-client-api/6.2.12.Final/resteasy-client-api-6.2.12.Final.jar:/home/runner/.m2/repository/org/jboss/resteasy/resteasy-core-spi/6.2.12.Final/resteasy-core-spi-6.2.12.Final.jar:/home/runner/.m2/repository/org/jboss/resteasy/resteasy-core/6.2.12.Final/resteasy-core-6.2.12.Final.jar:/home/runner/.m2/repository/org/eclipse/angus/angus-activation/2.0.2/angus-activation-2.0.2.jar:/home/runner/.m2/repository/com/ibm/async/asyncutil/0.1.0/asyncutil-0.1.0.jar:/home/runner/.m2/repository/org/reactivestreams/reactive-streams/1.0.4/reactive-streams-1.0.4.jar:/home/runner/.m2/repository/org/jboss/resteasy/resteasy-multipart-provider/6.2.12.Final/resteasy-multipart-provider-6.2.12.Final.jar:/home/runner/.m2/repository/jakarta/mail/jakarta.mail-api/2.1.3/jakarta.mail-api-2.1.3.jar:/home/runner/.m2/repository/org/eclipse/angus/angus-mail/2.0.3/angus-mail-2.0.3.jar:/home/runner/.m2/repository/org/apache/james/apache-mime4j-dom/0.8.12/apache-mime4j-dom-0.8.12.jar:/home/runner/.m2/repository/org/apache/james/apache-mime4j-core/0.8.12/apache-mime4j-core-0.8.12.jar:/home/runner/.m2/repository/org/apache/james/apache-mime4j-storage/0.8.12/apache-mime4j-storage-0.8.12.jar:/home/runner/.m2/repository/org/jboss/resteasy/resteasy-jackson2-provider/6.2.12.Final/resteasy-jackson2-provider-6.2.12.Final.jar:/home/runner/.m2/repository/com/fasterxml/jackson/jakarta/rs/jackson-jakarta-rs-base/2.18.2/jackson-jakarta-rs-base-2.18.2.jar:/home/runner/.m2/repository/com/fasterxml/jackson/jakarta/rs/jackson-jakarta-rs-json-provider/2.18.2/jackson-jakarta-rs-json-provider-2.18.2.jar:/home/runner/.m2/repository/com/fasterxml/jackson/module/jackson-module-jakarta-xmlbind-annotations/2.18.2/jackson-module-jakarta-xmlbind-annotations-2.18.2.jar:/home/runner/.m2/repository/com/github/java-json-tools/json-patch/1.13/json-patch-1.13.jar:/home/runner/.m2/repository/com/github/java-json-tools/msg-simple/1.2/msg-simple-1.2.jar:/home/runner/.m2/repository/com/github/java-json-tools/btf/1.3/btf-1.3.jar:/home/runner/.m2/repository/com/github/java-json-tools/jackson-coreutils/2.0/jackson-coreutils-2.0.jar:/home/runner/.m2/repository/org/jboss/resteasy/resteasy-jaxb-provider/6.2.12.Final/resteasy-jaxb-provider-6.2.12.Final.jar:/home/runner/.m2/repository/org/glassfish/jaxb/codemodel/4.0.5/codemodel-4.0.5.jar:/home/runner/.m2/repository/org/glassfish/jaxb/jaxb-core/4.0.5/jaxb-core-4.0.5.jar:/home/runner/.m2/repository/org/glassfish/jaxb/jaxb-jxc/4.0.5/jaxb-jxc-4.0.5.jar:/home/runner/.m2/repository/org/glassfish/jaxb/jaxb-runtime/4.0.5/jaxb-runtime-4.0.5.jar:/home/runner/.m2/repository/org/glassfish/jaxb/txw2/4.0.5/txw2-4.0.5.jar:/home/runner/.m2/repository/org/glassfish/jaxb/jaxb-xjc/4.0.5/jaxb-xjc-4.0.5.jar:/home/runner/.m2/repository/org/glassfish/jaxb/xsom/4.0.5/xsom-4.0.5.jar:/home/runner/.m2/repository/com/sun/istack/istack-commons-runtime/4.1.2/istack-commons-runtime-4.1.2.jar:/home/runner/.m2/repository/com/sun/istack/istack-commons-tools/4.1.2/istack-commons-tools-4.1.2.jar:/home/runner/.m2/repository/com/sun/xml/bind/external/relaxng-datatype/4.0.5/relaxng-datatype-4.0.5.jar:/home/runner/.m2/repository/com/sun/xml/bind/external/rngom/4.0.5/rngom-4.0.5.jar:/home/runner/.m2/repository/org/testcontainers/mssqlserver/1.20.6/mssqlserver-1.20.6.jar:/home/runner/.m2/repository/org/testcontainers/jdbc/1.20.6/jdbc-1.20.6.jar:/home/runner/.m2/repository/org/testcontainers/database-commons/1.20.6/database-commons-1.20.6.jar:/home/runner/.m2/repository/org/testcontainers/mysql/1.20.6/mysql-1.20.6.jar:/home/runner/.m2/repository/io/strimzi/strimzi-test-container/0.111.0/strimzi-test-container-0.111.0.jar:/home/runner/.m2/repository/org/testcontainers/toxiproxy/1.20.6/toxiproxy-1.20.6.jar:/home/runner/.m2/repository/com/github/docker-java/docker-java-api/3.4.1/docker-java-api-3.4.1.jar:/home/runner/.m2/repository/org/apache/logging/log4j/log4j-slf4j-impl/2.19.0/log4j-slf4j-impl-2.19.0.jar:/home/runner/.m2/repository/org/apache/logging/log4j/log4j-api/2.24.3/log4j-api-2.24.3.jar:/home/runner/.m2/repository/org/apache/logging/log4j/log4j-core/2.19.0/log4j-core-2.19.0.jar:/home/runner/.m2/repository/eu/rekawek/toxiproxy/toxiproxy-java/2.1.7/toxiproxy-java-2.1.7.jar:/home/runner/.m2/repository/org/testcontainers/pulsar/1.21.3/pulsar-1.21.3.jar:/home/runner/.m2/repository/io/debezium/debezium-testing-testcontainers/2.7.4.Final/debezium-testing-testcontainers-2.7.4.Final.jar:/home/runner/.m2/repository/org/testcontainers/kafka/1.20.6/kafka-1.20.6.jar:/home/runner/.m2/repository/com/squareup/okhttp3/okhttp/4.8.1/okhttp-4.8.1.jar:/home/runner/.m2/repository/com/squareup/okio/okio/3.10.2/okio-3.10.2.jar:/home/runner/.m2/repository/com/squareup/okio/okio-jvm/3.10.2/okio-jvm-3.10.2.jar:/home/runner/.m2/repository/org/jetbrains/kotlin/kotlin-stdlib/2.0.21/kotlin-stdlib-2.0.21.jar:/home/runner/.m2/repository/org/awaitility/awaitility/4.3.0/awaitility-4.3.0.jar:/home/runner/.m2/repository/org/testcontainers/mongodb/1.20.6/mongodb-1.20.6.jar:/home/runner/.m2/repository/org/testcontainers/mariadb/1.20.6/mariadb-1.20.6.jar:/home/runner/.m2/repository/org/testcontainers/oracle-xe/1.20.6/oracle-xe-1.20.6.jar:/home/runner/.m2/repository/org/testcontainers/postgresql/1.20.6/postgresql-1.20.6.jar:/home/runner/.m2/repository/org/wiremock/wiremock/3.0.1/wiremock-3.0.1.jar:/home/runner/.m2/repository/org/eclipse/jetty/jetty-server/11.0.15/jetty-server-11.0.15.jar:/home/runner/.m2/repository/org/eclipse/jetty/toolchain/jetty-jakarta-servlet-api/5.0.2/jetty-jakarta-servlet-api-5.0.2.jar:/home/runner/.m2/repository/org/eclipse/jetty/jetty-http/11.0.15/jetty-http-11.0.15.jar:/home/runner/.m2/repository/org/eclipse/jetty/jetty-io/11.0.15/jetty-io-11.0.15.jar:/home/runner/.m2/repository/org/eclipse/jetty/jetty-servlet/11.0.15/jetty-servlet-11.0.15.jar:/home/runner/.m2/repository/org/eclipse/jetty/jetty-security/11.0.15/jetty-security-11.0.15.jar:/home/runner/.m2/repository/org/eclipse/jetty/jetty-servlets/11.0.15/jetty-servlets-11.0.15.jar:/home/runner/.m2/repository/org/eclipse/jetty/jetty-util/11.0.15/jetty-util-11.0.15.jar:/home/runner/.m2/repository/org/eclipse/jetty/jetty-webapp/11.0.15/jetty-webapp-11.0.15.jar:/home/runner/.m2/repository/org/eclipse/jetty/jetty-xml/11.0.15/jetty-xml-11.0.15.jar:/home/runner/.m2/repository/org/eclipse/jetty/jetty-proxy/11.0.15/jetty-proxy-11.0.15.jar:/home/runner/.m2/repository/org/eclipse/jetty/jetty-client/11.0.15/jetty-client-11.0.15.jar:/home/runner/.m2/repository/org/eclipse/jetty/http2/http2-server/11.0.15/http2-server-11.0.15.jar:/home/runner/.m2/repository/org/eclipse/jetty/http2/http2-common/11.0.15/http2-common-11.0.15.jar:/home/runner/.m2/repository/org/eclipse/jetty/http2/http2-hpack/11.0.15/http2-hpack-11.0.15.jar:/home/runner/.m2/repository/org/eclipse/jetty/jetty-alpn-server/11.0.15/jetty-alpn-server-11.0.15.jar:/home/runner/.m2/repository/org/eclipse/jetty/jetty-alpn-java-server/11.0.15/jetty-alpn-java-server-11.0.15.jar:/home/runner/.m2/repository/org/eclipse/jetty/jetty-alpn-java-client/11.0.15/jetty-alpn-java-client-11.0.15.jar:/home/runner/.m2/repository/org/eclipse/jetty/jetty-alpn-client/11.0.15/jetty-alpn-client-11.0.15.jar:/home/runner/.m2/repository/org/apache/httpcomponents/client5/httpclient5/5.2.1/httpclient5-5.2.1.jar:/home/runner/.m2/repository/org/apache/httpcomponents/core5/httpcore5/5.2/httpcore5-5.2.jar:/home/runner/.m2/repository/org/apache/httpcomponents/core5/httpcore5-h2/5.2/httpcore5-h2-5.2.jar:/home/runner/.m2/repository/org/xmlunit/xmlunit-core/2.9.1/xmlunit-core-2.9.1.jar:/home/runner/.m2/repository/jakarta/xml/bind/jakarta.xml.bind-api/4.0.2/jakarta.xml.bind-api-4.0.2.jar:/home/runner/.m2/repository/org/xmlunit/xmlunit-legacy/2.9.1/xmlunit-legacy-2.9.1.jar:/home/runner/.m2/repository/org/xmlunit/xmlunit-placeholders/2.9.1/xmlunit-placeholders-2.9.1.jar:/home/runner/.m2/repository/net/javacrumbs/json-unit/json-unit-core/2.38.0/json-unit-core-2.38.0.jar:/home/runner/.m2/repository/org/hamcrest/hamcrest-core/2.2/hamcrest-core-2.2.jar:/home/runner/.m2/repository/com/jayway/jsonpath/json-path/2.8.0/json-path-2.8.0.jar:/home/runner/.m2/repository/net/minidev/json-smart/2.4.10/json-smart-2.4.10.jar:/home/runner/.m2/repository/net/minidev/accessors-smart/2.4.9/accessors-smart-2.4.9.jar:/home/runner/.m2/repository/org/ow2/asm/asm/9.7.1/asm-9.7.1.jar:/home/runner/.m2/repository/net/sf/jopt-simple/jopt-simple/5.0.4/jopt-simple-5.0.4.jar:/home/runner/.m2/repository/com/github/jknack/handlebars/4.3.1/handlebars-4.3.1.jar:/home/runner/.m2/repository/com/github/jknack/handlebars-helpers/4.3.1/handlebars-helpers-4.3.1.jar:/home/runner/.m2/repository/commons-fileupload/commons-fileupload/1.5/commons-fileupload-1.5.jar:/home/runner/.m2/repository/com/networknt/json-schema-validator/1.5.8/json-schema-validator-1.5.8.jar:/home/runner/.m2/repository/com/ethlo/time/itu/1.10.3/itu-1.10.3.jar:/home/runner/.m2/repository/io/quarkus/quarkus-smallrye-jwt-build/3.20.2/quarkus-smallrye-jwt-build-3.20.2.jar:/home/runner/.m2/repository/io/smallrye/smallrye-jwt-build/4.6.2/smallrye-jwt-build-4.6.2.jar:/home/runner/.m2/repository/org/eclipse/microprofile/jwt/microprofile-jwt-auth-api/2.1/microprofile-jwt-auth-api-2.1.jar:/home/runner/.m2/repository/org/bitbucket/b_c/jose4j/0.9.6/jose4j-0.9.6.jar:/home/runner/.m2/repository/io/smallrye/smallrye-jwt-common/4.6.2/smallrye-jwt-common-4.6.2.jar:/home/runner/.m2/repository/io/quarkus/quarkus-jsonp/3.20.2/quarkus-jsonp-3.20.2.jar:/home/runner/.m2/repository/io/quarkus/quarkus-arc/3.20.2/quarkus-arc-3.20.2.jar:/home/runner/.m2/repository/io/quarkus/arc/arc/3.20.2/arc-3.20.2.jar:/home/runner/.m2/repository/jakarta/transaction/jakarta.transaction-api/2.0.1/jakarta.transaction-api-2.0.1.jar:/home/runner/.m2/repository/io/smallrye/reactive/mutiny/2.9.2/mutiny-2.9.2.jar:/home/runner/.m2/repository/org/jctools/jctools-core/4.0.5/jctools-core-4.0.5.jar:/home/runner/.m2/repository/org/eclipse/microprofile/context-propagation/microprofile-context-propagation-api/1.3/microprofile-context-propagation-api-1.3.jar:/home/runner/.m2/repository/io/apicurio/apicurio-common-rest-client-common/0.1.18.Final/apicurio-common-rest-client-common-0.1.18.Final.jar:/home/runner/work/apicurio-testing/apicurio-testing/clusters/ci419/namespaces/inmemory/tests/integration/apicurio-registry/utils/maven-plugin/target/apicurio-registry-maven-plugin-3.0.12-SNAPSHOT.jar:/home/runner/.m2/repository/com/fasterxml/jackson/core/jackson-databind/2.18.2/jackson-databind-2.18.2.jar:/home/runner/.m2/repository/org/apache/avro/avro/1.12.0/avro-1.12.0.jar:/home/runner/.m2/repository/com/google/protobuf/protobuf-java/4.31.1/protobuf-java-4.31.1.jar:/home/runner/.m2/repository/com/google/protobuf/protobuf-java-util/4.31.1/protobuf-java-util-4.31.1.jar:/home/runner/.m2/repository/com/google/code/findbugs/jsr305/3.0.2/jsr305-3.0.2.jar:/home/runner/.m2/repository/com/google/code/gson/gson/2.12.1/gson-2.12.1.jar:/home/runner/.m2/repository/com/google/errorprone/error_prone_annotations/2.36.0/error_prone_annotations-2.36.0.jar:/home/runner/.m2/repository/com/google/j2objc/j2objc-annotations/2.8/j2objc-annotations-2.8.jar:/home/runner/work/apicurio-testing/apicurio-testing/clusters/ci419/namespaces/inmemory/tests/integration/apicurio-registry/schema-util/util-provider/target/apicurio-registry-schema-util-provider-3.0.12-SNAPSHOT.jar:/home/runner/work/apicurio-testing/apicurio-testing/clusters/ci419/namespaces/inmemory/tests/integration/apicurio-registry/schema-util/common/target/apicurio-registry-schema-util-common-3.0.12-SNAPSHOT.jar:/home/runner/.m2/repository/com/fasterxml/jackson/module/jackson-module-parameter-names/2.18.2/jackson-module-parameter-names-2.18.2.jar:/home/runner/.m2/repository/com/fasterxml/jackson/datatype/jackson-datatype-json-org/2.18.2/jackson-datatype-json-org-2.18.2.jar:/home/runner/work/apicurio-testing/apicurio-testing/clusters/ci419/namespaces/inmemory/tests/integration/apicurio-registry/schema-util/json/target/apicurio-registry-schema-util-json-3.0.12-SNAPSHOT.jar:/home/runner/.m2/repository/com/github/erosb/everit-json-schema/1.14.5/everit-json-schema-1.14.5.jar:/home/runner/.m2/repository/commons-validator/commons-validator/1.9.0/commons-validator-1.9.0.jar:/home/runner/.m2/repository/commons-digester/commons-digester/2.1/commons-digester-2.1.jar:/home/runner/.m2/repository/commons-collections/commons-collections/3.2.2/commons-collections-3.2.2.jar:/home/runner/.m2/repository/com/damnhandy/handy-uri-templates/2.1.8/handy-uri-templates-2.1.8.jar:/home/runner/.m2/repository/joda-time/joda-time/2.10.2/joda-time-2.10.2.jar:/home/runner/.m2/repository/com/github/erosb/json-sKema/0.20.0/json-sKema-0.20.0.jar:/home/runner/.m2/repository/io/vertx/vertx-json-schema/4.5.16/vertx-json-schema-4.5.16.jar:/home/runner/work/apicurio-testing/apicurio-testing/clusters/ci419/namespaces/inmemory/tests/integration/apicurio-registry/schema-util/protobuf/target/apicurio-registry-schema-util-protobuf-3.0.12-SNAPSHOT.jar:/home/runner/work/apicurio-testing/apicurio-testing/clusters/ci419/namespaces/inmemory/tests/integration/apicurio-registry/utils/protobuf-schema-utilities/target/apicurio-registry-protobuf-schema-utilities-3.0.12-SNAPSHOT.jar:/home/runner/.m2/repository/com/google/api/grpc/proto-google-common-protos/2.52.0/proto-google-common-protos-2.52.0.jar:/home/runner/.m2/repository/com/squareup/wire/wire-schema-jvm/5.3.3/wire-schema-jvm-5.3.3.jar:/home/runner/.m2/repository/com/palantir/javapoet/javapoet/0.6.0/javapoet-0.6.0.jar:/home/runner/.m2/repository/com/squareup/kotlinpoet-jvm/2.0.0/kotlinpoet-jvm-2.0.0.jar:/home/runner/.m2/repository/org/jetbrains/kotlin/kotlin-reflect/2.0.21/kotlin-reflect-2.0.21.jar:/home/runner/.m2/repository/com/squareup/wire/wire-runtime-jvm/5.3.3/wire-runtime-jvm-5.3.3.jar:/home/runner/.m2/repository/com/ibm/icu/icu4j/76.1/icu4j-76.1.jar:/home/runner/.m2/repository/com/squareup/okio/okio-fakefilesystem/3.10.2/okio-fakefilesystem-3.10.2.jar:/home/runner/.m2/repository/com/squareup/okio/okio-fakefilesystem-jvm/3.10.2/okio-fakefilesystem-jvm-3.10.2.jar:/home/runner/.m2/repository/org/jetbrains/kotlinx/kotlinx-datetime-jvm/0.6.1/kotlinx-datetime-jvm-0.6.1.jar:/home/runner/work/apicurio-testing/apicurio-testing/clusters/ci419/namespaces/inmemory/tests/integration/apicurio-registry/schema-util/asyncapi/target/apicurio-registry-schema-util-asyncapi-3.0.12-SNAPSHOT.jar:/home/runner/work/apicurio-testing/apicurio-testing/clusters/ci419/namespaces/inmemory/tests/integration/apicurio-registry/schema-util/avro/target/apicurio-registry-schema-util-avro-3.0.12-SNAPSHOT.jar:/home/runner/work/apicurio-testing/apicurio-testing/clusters/ci419/namespaces/inmemory/tests/integration/apicurio-registry/schema-util/graphql/target/apicurio-registry-schema-util-graphql-3.0.12-SNAPSHOT.jar:/home/runner/.m2/repository/com/graphql-java/graphql-java/22.4/graphql-java-22.4.jar:/home/runner/.m2/repository/com/graphql-java/java-dataloader/3.3.0/java-dataloader-3.3.0.jar:/home/runner/work/apicurio-testing/apicurio-testing/clusters/ci419/namespaces/inmemory/tests/integration/apicurio-registry/schema-util/kconnect/target/apicurio-registry-schema-util-kconnect-3.0.12-SNAPSHOT.jar:/home/runner/work/apicurio-testing/apicurio-testing/clusters/ci419/namespaces/inmemory/tests/integration/apicurio-registry/schema-util/openapi/target/apicurio-registry-schema-util-openapi-3.0.12-SNAPSHOT.jar:/home/runner/.m2/repository/io/apicurio/apicurio-data-models/2.2.2/apicurio-data-models-2.2.2.jar:/home/runner/.m2/repository/org/openapitools/openapidiff/openapi-diff-core/2.1.2/openapi-diff-core-2.1.2.jar:/home/runner/.m2/repository/io/swagger/parser/v3/swagger-parser/2.1.28/swagger-parser-2.1.28.jar:/home/runner/.m2/repository/io/swagger/parser/v3/swagger-parser-v2-converter/2.1.28/swagger-parser-v2-converter-2.1.28.jar:/home/runner/.m2/repository/io/swagger/swagger-core/1.6.16/swagger-core-1.6.16.jar:/home/runner/.m2/repository/io/swagger/swagger-models/1.6.16/swagger-models-1.6.16.jar:/home/runner/.m2/repository/io/swagger/swagger-annotations/1.6.16/swagger-annotations-1.6.16.jar:/home/runner/.m2/repository/io/swagger/swagger-parser/1.0.75/swagger-parser-1.0.75.jar:/home/runner/.m2/repository/io/swagger/swagger-parser-safe-url-resolver/1.0.75/swagger-parser-safe-url-resolver-1.0.75.jar:/home/runner/.m2/repository/io/swagger/swagger-compat-spec-parser/1.0.75/swagger-compat-spec-parser-1.0.75.jar:/home/runner/.m2/repository/com/github/java-json-tools/json-schema-validator/2.2.14/json-schema-validator-2.2.14.jar:/home/runner/.m2/repository/com/github/java-json-tools/jackson-coreutils-equivalence/1.0/jackson-coreutils-equivalence-1.0.jar:/home/runner/.m2/repository/com/github/java-json-tools/json-schema-core/1.2.14/json-schema-core-1.2.14.jar:/home/runner/.m2/repository/com/github/java-json-tools/uri-template/0.10/uri-template-0.10.jar:/home/runner/.m2/repository/com/googlecode/libphonenumber/libphonenumber/8.11.1/libphonenumber-8.11.1.jar:/home/runner/.m2/repository/com/j2html/j2html/1.6.0/j2html-1.6.0.jar:/home/runner/.m2/repository/org/apache/commons/commons-collections4/4.5.0/commons-collections4-4.5.0.jar:/home/runner/.m2/repository/org/slf4j/jcl-over-slf4j/2.0.17/jcl-over-slf4j-2.0.17.jar:/home/runner/.m2/repository/io/swagger/parser/v3/swagger-parser-v3/2.1.31/swagger-parser-v3-2.1.31.jar:/home/runner/.m2/repository/io/swagger/core/v3/swagger-models/2.2.34/swagger-models-2.2.34.jar:/home/runner/.m2/repository/io/swagger/core/v3/swagger-core/2.2.34/swagger-core-2.2.34.jar:/home/runner/.m2/repository/io/swagger/parser/v3/swagger-parser-core/2.1.31/swagger-parser-core-2.1.31.jar:/home/runner/.m2/repository/io/swagger/parser/v3/swagger-parser-safe-url-resolver/2.1.31/swagger-parser-safe-url-resolver-2.1.31.jar:/home/runner/work/apicurio-testing/apicurio-testing/clusters/ci419/namespaces/inmemory/tests/integration/apicurio-registry/schema-util/wsdl/target/apicurio-registry-schema-util-wsdl-3.0.12-SNAPSHOT.jar:/home/runner/.m2/repository/wsdl4j/wsdl4j/1.6.3/wsdl4j-1.6.3.jar:/home/runner/work/apicurio-testing/apicurio-testing/clusters/ci419/namespaces/inmemory/tests/integration/apicurio-registry/schema-util/xml/target/apicurio-registry-schema-util-xml-3.0.12-SNAPSHOT.jar:/home/runner/.m2/repository/org/apache/santuario/xmlsec/4.0.4/xmlsec-4.0.4.jar:/home/runner/.m2/repository/com/fasterxml/woodstox/woodstox-core/7.1.1/woodstox-core-7.1.1.jar:/home/runner/.m2/repository/org/codehaus/woodstox/stax2-api/4.2.2/stax2-api-4.2.2.jar:/home/runner/work/apicurio-testing/apicurio-testing/clusters/ci419/namespaces/inmemory/tests/integration/apicurio-registry/schema-util/xsd/target/apicurio-registry-schema-util-xsd-3.0.12-SNAPSHOT.jar:/home/runner/work/apicurio-testing/apicurio-testing/clusters/ci419/namespaces/inmemory/tests/integration/apicurio-registry/serdes/kafka/jsonschema-serde/target/apicurio-registry-jsonschema-serde-kafka-3.0.12-SNAPSHOT.jar:/home/runner/work/apicurio-testing/apicurio-testing/clusters/ci419/namespaces/inmemory/tests/integration/apicurio-registry/serdes/kafka/serde-kafka-common/target/apicurio-registry-serde-kafka-common-3.0.12-SNAPSHOT.jar:/home/runner/work/apicurio-testing/apicurio-testing/clusters/ci419/namespaces/inmemory/tests/integration/apicurio-registry/serdes/generic/serde-common/target/apicurio-registry-serde-common-3.0.12-SNAPSHOT.jar:/home/runner/work/apicurio-testing/apicurio-testing/clusters/ci419/namespaces/inmemory/tests/integration/apicurio-registry/serdes/generic/serde-common-jsonschema/target/apicurio-registry-serde-common-jsonschema-3.0.12-SNAPSHOT.jar:/home/runner/.m2/repository/org/json/json/20250107/json-20250107.jar:/home/runner/work/apicurio-testing/apicurio-testing/clusters/ci419/namespaces/inmemory/tests/integration/apicurio-registry/serdes/kafka/avro-serde/target/apicurio-registry-avro-serde-kafka-3.0.12-SNAPSHOT.jar:/home/runner/work/apicurio-testing/apicurio-testing/clusters/ci419/namespaces/inmemory/tests/integration/apicurio-registry/serdes/generic/serde-common-avro/target/apicurio-registry-serde-common-avro-3.0.12-SNAPSHOT.jar:/home/runner/work/apicurio-testing/apicurio-testing/clusters/ci419/namespaces/inmemory/tests/integration/apicurio-registry/serdes/kafka/protobuf-serde/target/apicurio-registry-protobuf-serde-kafka-3.0.12-SNAPSHOT.jar:/home/runner/work/apicurio-testing/apicurio-testing/clusters/ci419/namespaces/inmemory/tests/integration/apicurio-registry/serdes/generic/serde-common-protobuf/target/apicurio-registry-serde-common-protobuf-3.0.12-SNAPSHOT.jar:/home/runner/.m2/repository/com/squareup/wire/wire-schema/5.3.3/wire-schema-5.3.3.jar:/home/runner/.m2/repository/com/squareup/wire/wire-runtime/5.3.3/wire-runtime-5.3.3.jar:/home/runner/work/apicurio-testing/apicurio-testing/clusters/ci419/namespaces/inmemory/tests/integration/apicurio-registry/serdes/pulsar/avro-serde/target/apicurio-registry-avro-serde-pulsar-3.0.12-SNAPSHOT.jar:/home/runner/.m2/repository/org/apache/pulsar/pulsar-functions-api/3.3.8/pulsar-functions-api-3.3.8.jar:/home/runner/work/apicurio-testing/apicurio-testing/clusters/ci419/namespaces/inmemory/tests/integration/apicurio-registry/serdes/nats/avro-serde/target/apicurio-registry-avro-serde-nats-3.0.12-SNAPSHOT.jar:/home/runner/.m2/repository/io/nats/jnats/2.21.4/jnats-2.21.4.jar:/home/runner/.m2/repository/org/bouncycastle/bcprov-lts8on/2.73.7/bcprov-lts8on-2.73.7.jar:/home/runner/.m2/repository/org/jetbrains/annotations/26.0.2/annotations-26.0.2.jar:/home/runner/work/apicurio-testing/apicurio-testing/clusters/ci419/namespaces/inmemory/tests/integration/apicurio-registry/utils/converter/target/apicurio-registry-utils-converter-3.0.12-SNAPSHOT.jar:/home/runner/work/apicurio-testing/apicurio-testing/clusters/ci419/namespaces/inmemory/tests/integration/apicurio-registry/schema-resolver/target/apicurio-registry-schema-resolver-3.0.12-SNAPSHOT.jar:/home/runner/.m2/repository/org/apache/kafka/connect-api/3.9.1/connect-api-3.9.1.jar:/home/runner/.m2/repository/javax/ws/rs/javax.ws.rs-api/2.1.1/javax.ws.rs-api-2.1.1.jar:/home/runner/.m2/repository/org/apache/kafka/connect-json/3.9.1/connect-json-3.9.1.jar:/home/runner/.m2/repository/com/fasterxml/jackson/datatype/jackson-datatype-jdk8/2.18.2/jackson-datatype-jdk8-2.18.2.jar:/home/runner/.m2/repository/com/fasterxml/jackson/module/jackson-module-afterburner/2.18.2/jackson-module-afterburner-2.18.2.jar:/home/runner/work/apicurio-testing/apicurio-testing/clusters/ci419/namespaces/inmemory/tests/integration/apicurio-registry/utils/kafka/target/apicurio-registry-utils-kafka-3.0.12-SNAPSHOT.jar:/home/runner/.m2/repository/org/apache/pulsar/pulsar-client/3.3.8/pulsar-client-3.3.8.jar:/home/runner/.m2/repository/org/apache/pulsar/pulsar-client-api/3.3.8/pulsar-client-api-3.3.8.jar:/home/runner/.m2/repository/org/apache/pulsar/pulsar-client-admin-api/3.3.8/pulsar-client-admin-api-3.3.8.jar:/home/runner/.m2/repository/org/apache/pulsar/bouncy-castle-bc/3.3.8/bouncy-castle-bc-3.3.8-pkg.jar:/home/runner/.m2/repository/org/bouncycastle/bcpkix-jdk18on/1.81/bcpkix-jdk18on-1.81.jar:/home/runner/.m2/repository/org/bouncycastle/bcutil-jdk18on/1.81/bcutil-jdk18on-1.81.jar:/home/runner/.m2/repository/org/bouncycastle/bcprov-jdk18on/1.81/bcprov-jdk18on-1.81.jar:/home/runner/.m2/repository/io/opentelemetry/opentelemetry-api/1.44.1/opentelemetry-api-1.44.1.jar:/home/runner/.m2/repository/io/opentelemetry/opentelemetry-context/1.44.1/opentelemetry-context-1.44.1.jar:/home/runner/.m2/repository/io/opentelemetry/opentelemetry-api-incubator/1.44.1-alpha/opentelemetry-api-incubator-1.44.1-alpha.jar:/home/runner/.m2/repository/com/fasterxml/jackson/core/jackson-annotations/2.18.2/jackson-annotations-2.18.2.jar:/home/runner/.m2/repository/javax/validation/validation-api/1.1.0.Final/validation-api-1.1.0.Final.jar:/home/runner/.m2/repository/org/jspecify/jspecify/1.0.0/jspecify-1.0.0.jar:/home/runner/.m2/repository/org/apache/commons/commons-configuration2/2.12.0/commons-configuration2-2.12.0.jar:/home/runner/.m2/repository/commons-logging/commons-logging/1.3.5/commons-logging-1.3.5.jar:/home/runner/.m2/repository/org/apache/commons/commons-text/1.13.0/commons-text-1.13.0.jar:/home/runner/.m2/repository/io/confluent/kafka-avro-serializer/8.0.0/kafka-avro-serializer-8.0.0.jar:/home/runner/.m2/repository/org/apache/commons/commons-compress/1.27.1/commons-compress-1.27.1.jar:/home/runner/.m2/repository/io/confluent/kafka-schema-serializer/8.0.0/kafka-schema-serializer-8.0.0.jar:/home/runner/.m2/repository/com/fasterxml/jackson/dataformat/jackson-dataformat-csv/2.18.2/jackson-dataformat-csv-2.18.2.jar:/home/runner/.m2/repository/io/confluent/kafka-schema-registry-client/8.0.0/kafka-schema-registry-client-8.0.0.jar:/home/runner/.m2/repository/org/yaml/snakeyaml/2.3/snakeyaml-2.3.jar:/home/runner/.m2/repository/io/swagger/core/v3/swagger-annotations/2.2.29/swagger-annotations-2.2.29.jar:/home/runner/.m2/repository/com/google/guava/guava/33.4.0-jre/guava-33.4.0-jre.jar:/home/runner/.m2/repository/com/google/guava/failureaccess/1.0.1/failureaccess-1.0.1.jar:/home/runner/.m2/repository/org/checkerframework/checker-qual/3.49.0/checker-qual-3.49.0.jar:/home/runner/.m2/repository/io/confluent/logredactor/1.0.13/logredactor-1.0.13.jar:/home/runner/.m2/repository/com/google/re2j/re2j/1.6/re2j-1.6.jar:/home/runner/.m2/repository/io/confluent/logredactor-metrics/1.0.13/logredactor-metrics-1.0.13.jar:/home/runner/.m2/repository/com/eclipsesource/minimal-json/minimal-json/0.9.5/minimal-json-0.9.5.jar:/home/runner/.m2/repository/io/confluent/common-utils/8.0.0/common-utils-8.0.0.jar:/home/runner/.m2/repository/io/confluent/kafka-connect-avro-converter/8.0.0/kafka-connect-avro-converter-8.0.0.jar:/home/runner/.m2/repository/io/confluent/kafka-connect-avro-data/8.0.0/kafka-connect-avro-data-8.0.0.jar:/home/runner/.m2/repository/io/confluent/kafka-schema-converter/8.0.0/kafka-schema-converter-8.0.0.jar:/home/runner/.m2/repository/io/rest-assured/rest-assured/5.5.1/rest-assured-5.5.1.jar:/home/runner/.m2/repository/org/apache/groovy/groovy/4.0.22/groovy-4.0.22.jar:/home/runner/.m2/repository/org/apache/groovy/groovy-xml/4.0.22/groovy-xml-4.0.22.jar:/home/runner/.m2/repository/org/apache/httpcomponents/httpclient/4.5.14/httpclient-4.5.14.jar:/home/runner/.m2/repository/org/apache/httpcomponents/httpcore/4.4.16/httpcore-4.4.16.jar:/home/runner/.m2/repository/org/apache/httpcomponents/httpmime/4.5.14/httpmime-4.5.14.jar:/home/runner/.m2/repository/org/hamcrest/hamcrest/2.2/hamcrest-2.2.jar:/home/runner/.m2/repository/org/ccil/cowan/tagsoup/tagsoup/1.2.1/tagsoup-1.2.1.jar:/home/runner/.m2/repository/io/rest-assured/json-path/5.5.1/json-path-5.5.1.jar:/home/runner/.m2/repository/org/apache/groovy/groovy-json/4.0.22/groovy-json-4.0.22.jar:/home/runner/.m2/repository/io/rest-assured/rest-assured-common/5.5.1/rest-assured-common-5.5.1.jar:/home/runner/.m2/repository/io/rest-assured/xml-path/5.5.1/xml-path-5.5.1.jar:/home/runner/.m2/repository/io/zonky/test/embedded-postgres/2.1.0/embedded-postgres-2.1.0.jar:/home/runner/.m2/repository/io/zonky/test/postgres/embedded-postgres-binaries-windows-amd64/14.15.0/embedded-postgres-binaries-windows-amd64-14.15.0.jar:/home/runner/.m2/repository/io/zonky/test/postgres/embedded-postgres-binaries-darwin-amd64/14.15.0/embedded-postgres-binaries-darwin-amd64-14.15.0.jar:/home/runner/.m2/repository/io/zonky/test/postgres/embedded-postgres-binaries-linux-amd64/14.15.0/embedded-postgres-binaries-linux-amd64-14.15.0.jar:/home/runner/.m2/repository/io/zonky/test/postgres/embedded-postgres-binaries-linux-amd64-alpine/14.15.0/embedded-postgres-binaries-linux-amd64-alpine-14.15.0.jar:/home/runner/.m2/repository/org/apache/commons/commons-lang3/3.17.0/commons-lang3-3.17.0.jar:/home/runner/.m2/repository/org/tukaani/xz/1.10/xz-1.10.jar:/home/runner/.m2/repository/commons-codec/commons-codec/1.19.0/commons-codec-1.19.0.jar:/home/runner/.m2/repository/org/postgresql/postgresql/42.7.7/postgresql-42.7.7.jar:/home/runner/.m2/repository/commons-io/commons-io/2.18.0/commons-io-2.18.0.jar:/home/runner/work/apicurio-testing/apicurio-testing/clusters/ci419/namespaces/inmemory/tests/integration/apicurio-registry/utils/importexport/target/apicurio-registry-utils-import-export-3.0.12-SNAPSHOT.jar:/home/runner/.m2/repository/io/vertx/vertx-core/4.5.16/vertx-core-4.5.16.jar:/home/runner/.m2/repository/io/netty/netty-common/4.1.121.Final/netty-common-4.1.121.Final.jar:/home/runner/.m2/repository/io/netty/netty-buffer/4.1.121.Final/netty-buffer-4.1.121.Final.jar:/home/runner/.m2/repository/io/netty/netty-transport/4.1.121.Final/netty-transport-4.1.121.Final.jar:/home/runner/.m2/repository/io/netty/netty-handler/4.1.121.Final/netty-handler-4.1.121.Final.jar:/home/runner/.m2/repository/io/netty/netty-transport-native-unix-common/4.1.121.Final/netty-transport-native-unix-common-4.1.121.Final.jar:/home/runner/.m2/repository/io/netty/netty-codec/4.1.121.Final/netty-codec-4.1.121.Final.jar:/home/runner/.m2/repository/io/netty/netty-handler-proxy/4.1.121.Final/netty-handler-proxy-4.1.121.Final.jar:/home/runner/.m2/repository/io/netty/netty-codec-socks/4.1.121.Final/netty-codec-socks-4.1.121.Final.jar:/home/runner/.m2/repository/io/netty/netty-codec-http/4.1.121.Final/netty-codec-http-4.1.121.Final.jar:/home/runner/.m2/repository/io/netty/netty-codec-http2/4.1.121.Final/netty-codec-http2-4.1.121.Final.jar:/home/runner/.m2/repository/io/netty/netty-resolver/4.1.121.Final/netty-resolver-4.1.121.Final.jar:/home/runner/.m2/repository/io/netty/netty-resolver-dns/4.1.121.Final/netty-resolver-dns-4.1.121.Final.jar:/home/runner/.m2/repository/io/netty/netty-codec-dns/4.1.121.Final/netty-codec-dns-4.1.121.Final.jar:/home/runner/.m2/repository/com/fasterxml/jackson/core/jackson-core/2.18.2/jackson-core-2.18.2.jar:"/>
    <property name="sun.cpu.endian" value="little"/>
    <property name="user.home" value="/home/runner"/>
    <property name="user.language" value="en"/>
    <property name="jboss.log-version" value="false"/>
    <property name="java.specification.vendor" value="Oracle Corporation"/>
    <property name="java.version.date" value="2025-07-15"/>
    <property name="java.home" value="/usr/lib/jvm/temurin-17-jdk-amd64"/>
    <property name="file.separator" value="/"/>
    <property name="basedir" value="/home/runner/work/apicurio-testing/apicurio-testing/clusters/ci419/namespaces/inmemory/tests/integration/apicurio-registry/integration-tests"/>
    <property name="java.vm.compressedOopsMode" value="32-bit"/>
    <property name="line.separator" value="&#10;"/>
    <property name="java.specification.name" value="Java Platform API Specification"/>
    <property name="java.vm.specification.vendor" value="Oracle Corporation"/>
    <property name="quarkus.http.test-host" value="registry-app-inmemory.apps.ci419.apicurio-testing.org"/>
    <property name="surefire.real.class.path" value="/home/runner/work/apicurio-testing/apicurio-testing/clusters/ci419/namespaces/inmemory/tests/integration/apicurio-registry/integration-tests/target/surefire/surefirebooter-20250807202609897_3.jar"/>
    <property name="sun.management.compiler" value="HotSpot 64-Bit Tiered Compilers"/>
    <property name="org.eclipse.jetty.http.HttpGenerator.STRICT" value="true"/>
    <property name="java.runtime.version" value="17.0.16+8"/>
    <property name="user.name" value="runner"/>
    <property name="path.separator" value=":"/>
    <property name="os.version" value="6.8.0-1031-azure"/>
    <property name="java.runtime.name" value="OpenJDK Runtime Environment"/>
    <property name="file.encoding" value="UTF-8"/>
    <property name="jnidispatch.path" value="/home/runner/.cache/JNA/temp/jna7969828943696358551.tmp"/>
    <property name="java.vm.name" value="OpenJDK 64-Bit Server VM"/>
    <property name="jna.platform.library.path" value="/usr/lib/x86_64-linux-gnu:/lib/x86_64-linux-gnu:/usr/lib64:/lib64:/usr/lib:/lib:/lib32:/usr/local/lib:/usr/lib/x86_64-linux-gnu/libfakeroot"/>
    <property name="java.vendor.version" value="Temurin-17.0.16+8"/>
    <property name="quarkus.oidc.token-path" value="https://keycloak-inmemory.apps.ci419.apicurio-testing.org/realms/registry/protocol/openid-connect/token"/>
    <property name="quarkus.http.host" value="registry-app-inmemory.apps.ci419.apicurio-testing.org"/>
    <property name="localRepository" value="/home/runner/.m2/repository"/>
    <property name="javax.xml.xpath.XPathFactory:http://java.sun.com/jaxp/xpath/dom" value="com.sun.org.apache.xpath.internal.jaxp.XPathFactoryImpl"/>
    <property name="jna.loaded" value="true"/>
    <property name="java.vendor.url.bug" value="https://github.com/adoptium/adoptium-support/issues"/>
    <property name="jetty.git.hash" value="5bc5e562c8d05c5862505aebe5cf83a61bdbcb96"/>
    <property name="java.io.tmpdir" value="/tmp"/>
    <property name="quarkus.http.test-protocol" value="http"/>
    <property name="java.version" value="17.0.16"/>
    <property name="user.dir" value="/home/runner/work/apicurio-testing/apicurio-testing/clusters/ci419/namespaces/inmemory/tests/integration/apicurio-registry/integration-tests"/>
    <property name="os.arch" value="amd64"/>
    <property name="groups" value="( smoke | serdes | acceptance | ui)"/>
    <property name="java.vm.specification.name" value="Java Virtual Machine Specification"/>
    <property name="native.encoding" value="UTF-8"/>
    <property name="java.util.logging.manager" value="org.jboss.logmanager.LogManager"/>
    <property name="java.library.path" value="/usr/java/packages/lib:/usr/lib64:/lib64:/lib:/usr/lib"/>
    <property name="jdk.console" value="java.base"/>
    <property name="java.vm.info" value="mixed mode, sharing"/>
    <property name="java.vendor" value="Eclipse Adoptium"/>
    <property name="java.vm.version" value="17.0.16+8"/>
    <property name="java.specification.maintenance.version" value="1"/>
    <property name="sun.io.unicode.encoding" value="UnicodeLittle"/>
    <property name="javax.xml.transform.TransformerFactory" value="com.sun.org.apache.xalan.internal.xsltc.trax.TransformerFactoryImpl"/>
    <property name="java.class.version" value="61.0"/>
  </properties>
  <testcase name="testGlobalIdInHeaders" classname="io.apicurio.tests.serdes.apicurio.AvroSerdeIT" time="6.007">
    <system-out><![CDATA[**** Registry Base URL: http://registry-app-inmemory.apps.ci419.apicurio-testing.org:80
**** Registry Base URL: http://registry-app-inmemory.apps.ci419.apicurio-testing.org:80
2025-08-07 20:26:21,893 INFO  [io.api.tes.ser.api.AvroSerdeIT] (main) RestAssured configured with http://registry-app-inmemory.apps.ci419.apicurio-testing.org:80/apis/registry/v3
2025-08-07 20:26:21,947 INFO  [io.api.tes.uti.KafkaFacade] (main) Starting kafka container
2025-08-07 20:26:21,992 INFO  [org.tes.ima.PullPolicy] (main) Image pull policy will be performed by: DefaultPullPolicy()
2025-08-07 20:26:21,995 INFO  [org.tes.uti.ImageNameSubstitutor] (main) Image name substitution will be performed by: DefaultImageNameSubstitutor (composite of 'ConfigurationFileImageNameSubstitutor' and 'PrefixingImageNameSubstitutor')
2025-08-07 20:26:22,005 INFO  [org.tes.DockerClientFactory] (main) Testcontainers version: 1.20.6
2025-08-07 20:26:22,497 INFO  [org.tes.doc.DockerClientProviderStrategy] (main) Found Docker environment with local Unix socket (unix:///var/run/docker.sock)
2025-08-07 20:26:22,505 INFO  [org.tes.DockerClientFactory] (main) Docker host IP address is localhost
2025-08-07 20:26:22,525 INFO  [org.tes.DockerClientFactory] (main) Connected to docker: 
  Server Version: 28.0.4
  API Version: 1.48
  Operating System: Ubuntu 22.04.5 LTS
  Total Memory: 7944 MB
2025-08-07 20:26:22,563 INFO  [tc.tes.11.0] (main) Pulling docker image: testcontainers/ryuk:0.11.0. Please be patient; this may take some time but only needs to be done once.
2025-08-07 20:26:22,997 INFO  [tc.tes.11.0] (docker-java-stream--1295187651) Starting to pull image
2025-08-07 20:26:23,064 INFO  [tc.tes.11.0] (docker-java-stream--1295187651) Pulling image layers:  0 pending,  0 downloaded,  0 extracted, (0 bytes/0 bytes)
2025-08-07 20:26:23,253 INFO  [tc.tes.11.0] (docker-java-stream--1295187651) Pulling image layers:  2 pending,  1 downloaded,  0 extracted, (44 KB/? MB)
2025-08-07 20:26:23,265 INFO  [tc.tes.11.0] (docker-java-stream--1295187651) Pulling image layers:  1 pending,  2 downloaded,  0 extracted, (44 KB/? MB)
2025-08-07 20:26:23,331 INFO  [tc.tes.11.0] (docker-java-stream--1295187651) Pulling image layers:  0 pending,  3 downloaded,  0 extracted, (141 KB/10 MB)
2025-08-07 20:26:23,396 INFO  [tc.tes.11.0] (docker-java-stream--1295187651) Pulling image layers:  0 pending,  3 downloaded,  1 extracted, (3 MB/10 MB)
2025-08-07 20:26:24,380 INFO  [tc.tes.11.0] (docker-java-stream--1295187651) Pulling image layers:  0 pending,  3 downloaded,  2 extracted, (4 MB/10 MB)
2025-08-07 20:26:24,423 INFO  [tc.tes.11.0] (docker-java-stream--1295187651) Pulling image layers:  0 pending,  3 downloaded,  3 extracted, (10 MB/10 MB)
2025-08-07 20:26:24,431 INFO  [tc.tes.11.0] (docker-java-stream--1295187651) Pull complete. 3 layers, pulled in 1s (downloaded 10 MB at 10 MB/s)
2025-08-07 20:26:24,431 INFO  [tc.tes.11.0] (main) Image testcontainers/ryuk:0.11.0 pull took PT1.867198168S
2025-08-07 20:26:24,455 INFO  [tc.tes.11.0] (main) Creating container for image: testcontainers/ryuk:0.11.0
2025-08-07 20:26:24,541 INFO  [tc.tes.11.0] (main) Container testcontainers/ryuk:0.11.0 is starting: 87f742b0df54e8c9d3a0843f52425ec1ce2552ee8153af38b79bb17a41116967
2025-08-07 20:26:24,863 INFO  [tc.tes.11.0] (main) Container testcontainers/ryuk:0.11.0 started in PT0.408473202S
2025-08-07 20:26:24,868 INFO  [org.tes.uti.RyukResourceReaper] (main) Ryuk started - will monitor and terminate Testcontainers containers on JVM exit
2025-08-07 20:26:24,869 INFO  [org.tes.DockerClientFactory] (main) Checking the system...
2025-08-07 20:26:24,869 INFO  [org.tes.DockerClientFactory] (main) ✔︎ Docker server version should be at least 1.6.0
2025-08-07 20:26:24,872 INFO  [io.str.tes.con.KafkaVersionService] (main) Latest release of Kafka is:LogicalKafkaVersionEntity{version='4.0.0', image='quay.io/strimzi-test-container/test-container:0.111.0-kafka-4.0.0'}
2025-08-07 20:26:24,872 INFO  [io.str.tes.con.KafkaVersionService] (main) Latest release of Kafka is:LogicalKafkaVersionEntity{version='4.0.0', image='quay.io/strimzi-test-container/test-container:0.111.0-kafka-4.0.0'}
2025-08-07 20:26:24,872 INFO  [io.str.tes.con.KafkaVersionService] (main) No Kafka version specified. Using latest release: 4.0.0
2025-08-07 20:26:24,877 INFO  [tc.qua.io/.111.0-k.0.0] (main) Pulling docker image: quay.io/strimzi-test-container/test-container:0.111.0-kafka-4.0.0. Please be patient; this may take some time but only needs to be done once.
2025-08-07 20:26:25,437 INFO  [tc.qua.io/.111.0-k.0.0] (docker-java-stream--29267298) Starting to pull image
2025-08-07 20:26:25,438 INFO  [tc.qua.io/.111.0-k.0.0] (docker-java-stream--29267298) Pulling image layers:  0 pending,  0 downloaded,  0 extracted, (0 bytes/0 bytes)
2025-08-07 20:26:25,856 INFO  [tc.qua.io/.111.0-k.0.0] (docker-java-stream--29267298) Pulling image layers:  6 pending,  1 downloaded,  0 extracted, (8 MB/? MB)
2025-08-07 20:26:26,080 INFO  [tc.qua.io/.111.0-k.0.0] (docker-java-stream--29267298) Pulling image layers:  5 pending,  2 downloaded,  0 extracted, (34 MB/? MB)
2025-08-07 20:26:26,253 INFO  [tc.qua.io/.111.0-k.0.0] (docker-java-stream--29267298) Pulling image layers:  4 pending,  3 downloaded,  0 extracted, (62 MB/? MB)
2025-08-07 20:26:26,490 INFO  [tc.qua.io/.111.0-k.0.0] (docker-java-stream--29267298) Pulling image layers:  3 pending,  4 downloaded,  0 extracted, (87 MB/? MB)
2025-08-07 20:26:26,647 INFO  [tc.qua.io/.111.0-k.0.0] (docker-java-stream--29267298) Pulling image layers:  2 pending,  5 downloaded,  0 extracted, (111 MB/? MB)
2025-08-07 20:26:26,991 INFO  [tc.qua.io/.111.0-k.0.0] (docker-java-stream--29267298) Pulling image layers:  1 pending,  6 downloaded,  0 extracted, (159 MB/? MB)
2025-08-07 20:26:27,537 INFO  [tc.qua.io/.111.0-k.0.0] (docker-java-stream--29267298) Pulling image layers:  1 pending,  6 downloaded,  1 extracted, (195 MB/? MB)
2025-08-07 20:26:28,103 INFO  [tc.qua.io/.111.0-k.0.0] (docker-java-stream--29267298) Pulling image layers:  0 pending,  7 downloaded,  1 extracted, (233 MB/249 MB)
2025-08-07 20:26:31,483 INFO  [tc.qua.io/.111.0-k.0.0] (docker-java-stream--29267298) Pulling image layers:  0 pending,  7 downloaded,  2 extracted, (236 MB/249 MB)
2025-08-07 20:26:31,515 INFO  [tc.qua.io/.111.0-k.0.0] (docker-java-stream--29267298) Pulling image layers:  0 pending,  7 downloaded,  3 extracted, (239 MB/249 MB)
2025-08-07 20:26:31,536 INFO  [tc.qua.io/.111.0-k.0.0] (docker-java-stream--29267298) Pulling image layers:  0 pending,  7 downloaded,  4 extracted, (239 MB/249 MB)
2025-08-07 20:26:32,637 INFO  [tc.qua.io/.111.0-k.0.0] (docker-java-stream--29267298) Pulling image layers:  0 pending,  7 downloaded,  5 extracted, (247 MB/249 MB)
2025-08-07 20:26:32,671 INFO  [tc.qua.io/.111.0-k.0.0] (docker-java-stream--29267298) Pulling image layers:  0 pending,  7 downloaded,  6 extracted, (249 MB/249 MB)
2025-08-07 20:26:32,688 INFO  [tc.qua.io/.111.0-k.0.0] (docker-java-stream--29267298) Pulling image layers:  0 pending,  7 downloaded,  7 extracted, (249 MB/249 MB)
2025-08-07 20:26:32,694 INFO  [tc.qua.io/.111.0-k.0.0] (docker-java-stream--29267298) Pull complete. 7 layers, pulled in 7s (downloaded 249 MB at 35 MB/s)
2025-08-07 20:26:32,695 INFO  [tc.qua.io/.111.0-k.0.0] (main) Image quay.io/strimzi-test-container/test-container:0.111.0-kafka-4.0.0 pull took PT7.816881297S
2025-08-07 20:26:32,697 INFO  [tc.qua.io/.111.0-k.0.0] (main) Creating container for image: quay.io/strimzi-test-container/test-container:0.111.0-kafka-4.0.0
2025-08-07 20:26:32,763 INFO  [tc.qua.io/.111.0-k.0.0] (main) Container quay.io/strimzi-test-container/test-container:0.111.0-kafka-4.0.0 is starting: f34dea10847fce364552027e85add1b89e309c32699eee1a90dac24e686dcaee
2025-08-07 20:26:32,942 INFO  [io.str.tes.con.StrimziKafkaContainer] (main) Mapped port: 32769
2025-08-07 20:26:32,942 WARN  [io.str.tes.con.StrimziKafkaContainer] (main) Node ID is not set. Using broker ID 0 as the default node ID.
2025-08-07 20:26:32,943 INFO  [io.str.tes.con.StrimziKafkaContainer] (main) This is all advertised listeners for Kafka PLAINTEXT://localhost:32769,BROKER1://172.18.0.2:9091,CONTROLLER://broker-0:9094
2025-08-07 20:26:32,977 INFO  [io.str.tes.con.StrimziKafkaContainer] (main) New `cluster.id` has been generated: hNYxEGJzT_KJiJb9MK3e4A
2025-08-07 20:26:32,979 INFO  [io.str.tes.con.StrimziKafkaContainer] (main) Copying command to 'STARTER_SCRIPT' script.
2025-08-07 20:26:38,265 INFO  [tc.qua.io/.111.0-k.0.0] (main) Container quay.io/strimzi-test-container/test-container:0.111.0-kafka-4.0.0 started in PT5.567255381S
2025-08-07 20:26:38,267 INFO  [io.api.tes.uti.TestSeparator] (main) ############################################################################
2025-08-07 20:26:38,267 INFO  [io.api.tes.uti.TestSeparator] (main) io.apicurio.tests.serdes.apicurio.AvroSerdeIT.testGlobalIdInHeaders-STARTED
2025-08-07 20:26:38,276 INFO  [org.apa.kaf.cli.adm.AdminClientConfig] (main) AdminClientConfig values: 
	auto.include.jmx.reporter = true
	bootstrap.controllers = []
	bootstrap.servers = [PLAINTEXT://localhost:32769]
	client.dns.lookup = use_all_dns_ips
	client.id = 
	connections.max.idle.ms = 10000
	default.api.timeout.ms = 60000
	enable.metrics.push = true
	metadata.max.age.ms = 300000
	metadata.recovery.strategy = none
	metric.reporters = []
	metrics.num.samples = 2
	metrics.recording.level = INFO
	metrics.sample.window.ms = 30000
	receive.buffer.bytes = 65536
	reconnect.backoff.max.ms = 1000
	reconnect.backoff.ms = 50
	request.timeout.ms = 5000
	retries = 2147483647
	retry.backoff.max.ms = 1000
	retry.backoff.ms = 100
	sasl.client.callback.handler.class = null
	sasl.jaas.config = null
	sasl.kerberos.kinit.cmd = /usr/bin/kinit
	sasl.kerberos.min.time.before.relogin = 60000
	sasl.kerberos.service.name = null
	sasl.kerberos.ticket.renew.jitter = 0.05
	sasl.kerberos.ticket.renew.window.factor = 0.8
	sasl.login.callback.handler.class = null
	sasl.login.class = null
	sasl.login.connect.timeout.ms = null
	sasl.login.read.timeout.ms = null
	sasl.login.refresh.buffer.seconds = 300
	sasl.login.refresh.min.period.seconds = 60
	sasl.login.refresh.window.factor = 0.8
	sasl.login.refresh.window.jitter = 0.05
	sasl.login.retry.backoff.max.ms = 10000
	sasl.login.retry.backoff.ms = 100
	sasl.mechanism = GSSAPI
	sasl.oauthbearer.clock.skew.seconds = 30
	sasl.oauthbearer.expected.audience = null
	sasl.oauthbearer.expected.issuer = null
	sasl.oauthbearer.header.urlencode = false
	sasl.oauthbearer.jwks.endpoint.refresh.ms = 3600000
	sasl.oauthbearer.jwks.endpoint.retry.backoff.max.ms = 10000
	sasl.oauthbearer.jwks.endpoint.retry.backoff.ms = 100
	sasl.oauthbearer.jwks.endpoint.url = null
	sasl.oauthbearer.scope.claim.name = scope
	sasl.oauthbearer.sub.claim.name = sub
	sasl.oauthbearer.token.endpoint.url = null
	security.protocol = PLAINTEXT
	security.providers = null
	send.buffer.bytes = 131072
	socket.connection.setup.timeout.max.ms = 30000
	socket.connection.setup.timeout.ms = 10000
	ssl.cipher.suites = null
	ssl.enabled.protocols = [TLSv1.2, TLSv1.3]
	ssl.endpoint.identification.algorithm = https
	ssl.engine.factory.class = null
	ssl.key.password = null
	ssl.keymanager.algorithm = SunX509
	ssl.keystore.certificate.chain = null
	ssl.keystore.key = null
	ssl.keystore.location = null
	ssl.keystore.password = null
	ssl.keystore.type = JKS
	ssl.protocol = TLSv1.3
	ssl.provider = null
	ssl.secure.random.implementation = null
	ssl.trustmanager.algorithm = PKIX
	ssl.truststore.certificates = null
	ssl.truststore.location = null
	ssl.truststore.password = null
	ssl.truststore.type = JKS

2025-08-07 20:26:38,662 INFO  [org.apa.kaf.com.uti.AppInfoParser] (main) Kafka version: 3.9.1
2025-08-07 20:26:38,662 INFO  [org.apa.kaf.com.uti.AppInfoParser] (main) Kafka commitId: f745dfdcee2b9851
2025-08-07 20:26:38,663 INFO  [org.apa.kaf.com.uti.AppInfoParser] (main) Kafka startTimeMs: 1754598398660
**** Registry Base URL: http://registry-app-inmemory.apps.ci419.apicurio-testing.org:80
2025-08-07 20:26:38,725 INFO  [org.apa.kaf.cli.pro.ProducerConfig] (main) ProducerConfig values: 
	acks = -1
	auto.include.jmx.reporter = true
	batch.size = 16384
	bootstrap.servers = [PLAINTEXT://localhost:32769]
	buffer.memory = 33554432
	client.dns.lookup = use_all_dns_ips
	client.id = Producer-topic-d6967ea2_449f_4682_844b_4962a7025099
	compression.gzip.level = -1
	compression.lz4.level = 9
	compression.type = none
	compression.zstd.level = 3
	connections.max.idle.ms = 10000
	delivery.timeout.ms = 120000
	enable.idempotence = true
	enable.metrics.push = true
	interceptor.classes = []
	key.serializer = class org.apache.kafka.common.serialization.StringSerializer
	linger.ms = 0
	max.block.ms = 60000
	max.in.flight.requests.per.connection = 5
	max.request.size = 1048576
	metadata.max.age.ms = 300000
	metadata.max.idle.ms = 300000
	metadata.recovery.strategy = none
	metric.reporters = []
	metrics.num.samples = 2
	metrics.recording.level = INFO
	metrics.sample.window.ms = 30000
	partitioner.adaptive.partitioning.enable = true
	partitioner.availability.timeout.ms = 0
	partitioner.class = null
	partitioner.ignore.keys = false
	receive.buffer.bytes = 32768
	reconnect.backoff.max.ms = 1000
	reconnect.backoff.ms = 50
	request.timeout.ms = 5000
	retries = 2147483647
	retry.backoff.max.ms = 1000
	retry.backoff.ms = 100
	sasl.client.callback.handler.class = null
	sasl.jaas.config = null
	sasl.kerberos.kinit.cmd = /usr/bin/kinit
	sasl.kerberos.min.time.before.relogin = 60000
	sasl.kerberos.service.name = null
	sasl.kerberos.ticket.renew.jitter = 0.05
	sasl.kerberos.ticket.renew.window.factor = 0.8
	sasl.login.callback.handler.class = null
	sasl.login.class = null
	sasl.login.connect.timeout.ms = null
	sasl.login.read.timeout.ms = null
	sasl.login.refresh.buffer.seconds = 300
	sasl.login.refresh.min.period.seconds = 60
	sasl.login.refresh.window.factor = 0.8
	sasl.login.refresh.window.jitter = 0.05
	sasl.login.retry.backoff.max.ms = 10000
	sasl.login.retry.backoff.ms = 100
	sasl.mechanism = GSSAPI
	sasl.oauthbearer.clock.skew.seconds = 30
	sasl.oauthbearer.expected.audience = null
	sasl.oauthbearer.expected.issuer = null
	sasl.oauthbearer.header.urlencode = false
	sasl.oauthbearer.jwks.endpoint.refresh.ms = 3600000
	sasl.oauthbearer.jwks.endpoint.retry.backoff.max.ms = 10000
	sasl.oauthbearer.jwks.endpoint.retry.backoff.ms = 100
	sasl.oauthbearer.jwks.endpoint.url = null
	sasl.oauthbearer.scope.claim.name = scope
	sasl.oauthbearer.sub.claim.name = sub
	sasl.oauthbearer.token.endpoint.url = null
	security.protocol = PLAINTEXT
	security.providers = null
	send.buffer.bytes = 131072
	socket.connection.setup.timeout.max.ms = 30000
	socket.connection.setup.timeout.ms = 10000
	ssl.cipher.suites = null
	ssl.enabled.protocols = [TLSv1.2, TLSv1.3]
	ssl.endpoint.identification.algorithm = https
	ssl.engine.factory.class = null
	ssl.key.password = null
	ssl.keymanager.algorithm = SunX509
	ssl.keystore.certificate.chain = null
	ssl.keystore.key = null
	ssl.keystore.location = null
	ssl.keystore.password = null
	ssl.keystore.type = JKS
	ssl.protocol = TLSv1.3
	ssl.provider = null
	ssl.secure.random.implementation = null
	ssl.trustmanager.algorithm = PKIX
	ssl.truststore.certificates = null
	ssl.truststore.location = null
	ssl.truststore.password = null
	ssl.truststore.type = JKS
	transaction.timeout.ms = 60000
	transactional.id = null
	value.serializer = class io.apicurio.registry.serde.avro.AvroKafkaSerializer

2025-08-07 20:26:38,775 INFO  [org.apa.kaf.com.tel.int.KafkaMetricsCollector] (main) initializing Kafka metrics collector
2025-08-07 20:26:38,804 INFO  [org.apa.kaf.cli.pro.KafkaProducer] (main) [Producer clientId=Producer-topic-d6967ea2_449f_4682_844b_4962a7025099] Instantiated an idempotent producer.
2025-08-07 20:26:38,854 INFO  [org.apa.kaf.cli.pro.ProducerConfig] (main) These configurations '[apicurio.registry.url, apicurio.registry.auto-register, apicurio.registry.use-id, apicurio.registry.artifact-resolver-strategy]' were supplied but are not used yet.
2025-08-07 20:26:38,854 INFO  [org.apa.kaf.com.uti.AppInfoParser] (main) Kafka version: 3.9.1
2025-08-07 20:26:38,854 INFO  [org.apa.kaf.com.uti.AppInfoParser] (main) Kafka commitId: f745dfdcee2b9851
2025-08-07 20:26:38,854 INFO  [org.apa.kaf.com.uti.AppInfoParser] (main) Kafka startTimeMs: 1754598398854
2025-08-07 20:26:38,855 INFO  [io.api.tes.ser.api.SimpleSerdesTesterBuilder$SimpleSerdesTester] (main) Using producer configuration: {apicurio.registry.url=http://registry-app-inmemory.apps.ci419.apicurio-testing.org:80/apis/registry/v3, apicurio.registry.auto-register=true, apicurio.registry.use-id=globalId, apicurio.registry.artifact-resolver-strategy=io.apicurio.registry.serde.strategy.TopicIdStrategy, value.serializer=io.apicurio.registry.serde.avro.AvroKafkaSerializer, request.timeout.ms=5000, acks=all, bootstrap.servers=PLAINTEXT://localhost:32769, connections.max.idle.ms=10000, key.serializer=org.apache.kafka.common.serialization.StringSerializer, client.id=Producer-topic-d6967ea2_449f_4682_844b_4962a7025099}
2025-08-07 20:26:38,855 INFO  [io.api.tes.ser.api.SimpleSerdesTesterBuilder$SimpleSerdesTester] (main) Using consumer configuration: {apicurio.registry.use-id=globalId}
2025-08-07 20:26:38,865 INFO  [io.api.tes.ser.api.KafkaSerdesTester] (Thread-600) Sending message {"key11754598398712": "value-0"} to topic topic-d6967ea2_449f_4682_844b_4962a7025099
2025-08-07 20:26:39,214 WARN  [org.apa.kaf.cli.NetworkClient] (kafka-producer-network-thread | Producer-topic-d6967ea2_449f_4682_844b_4962a7025099) [Producer clientId=Producer-topic-d6967ea2_449f_4682_844b_4962a7025099] The metadata response from the cluster reported a recoverable issue with correlation id 1 : {topic-d6967ea2_449f_4682_844b_4962a7025099=UNKNOWN_TOPIC_OR_PARTITION}
2025-08-07 20:26:39,216 INFO  [org.apa.kaf.cli.Metadata] (kafka-producer-network-thread | Producer-topic-d6967ea2_449f_4682_844b_4962a7025099) [Producer clientId=Producer-topic-d6967ea2_449f_4682_844b_4962a7025099] Cluster ID: hNYxEGJzT_KJiJb9MK3e4A
2025-08-07 20:26:39,343 INFO  [org.apa.kaf.cli.pro.int.TransactionManager] (kafka-producer-network-thread | Producer-topic-d6967ea2_449f_4682_844b_4962a7025099) [Producer clientId=Producer-topic-d6967ea2_449f_4682_844b_4962a7025099] ProducerId set to 0 with epoch 0
2025-08-07 20:26:39,503 INFO  [io.api.tes.ser.api.KafkaSerdesTester] (Thread-600) Sending message {"key11754598398712": "value-1"} to topic topic-d6967ea2_449f_4682_844b_4962a7025099
2025-08-07 20:26:39,514 INFO  [io.api.tes.ser.api.KafkaSerdesTester] (Thread-600) Sending message {"key11754598398712": "value-2"} to topic topic-d6967ea2_449f_4682_844b_4962a7025099
2025-08-07 20:26:39,518 INFO  [io.api.tes.ser.api.KafkaSerdesTester] (Thread-600) Sending message {"key11754598398712": "value-3"} to topic topic-d6967ea2_449f_4682_844b_4962a7025099
2025-08-07 20:26:39,524 INFO  [io.api.tes.ser.api.KafkaSerdesTester] (Thread-600) Sending message {"key11754598398712": "value-4"} to topic topic-d6967ea2_449f_4682_844b_4962a7025099
2025-08-07 20:26:39,528 INFO  [io.api.tes.ser.api.KafkaSerdesTester] (Thread-600) Sending message {"key11754598398712": "value-5"} to topic topic-d6967ea2_449f_4682_844b_4962a7025099
2025-08-07 20:26:39,537 INFO  [io.api.tes.ser.api.KafkaSerdesTester] (Thread-600) Sending message {"key11754598398712": "value-6"} to topic topic-d6967ea2_449f_4682_844b_4962a7025099
2025-08-07 20:26:39,543 INFO  [io.api.tes.ser.api.KafkaSerdesTester] (Thread-600) Sending message {"key11754598398712": "value-7"} to topic topic-d6967ea2_449f_4682_844b_4962a7025099
2025-08-07 20:26:39,547 INFO  [io.api.tes.ser.api.KafkaSerdesTester] (Thread-600) Sending message {"key11754598398712": "value-8"} to topic topic-d6967ea2_449f_4682_844b_4962a7025099
2025-08-07 20:26:39,550 INFO  [io.api.tes.ser.api.KafkaSerdesTester] (Thread-600) Sending message {"key11754598398712": "value-9"} to topic topic-d6967ea2_449f_4682_844b_4962a7025099
2025-08-07 20:26:39,553 INFO  [io.api.tes.ser.api.KafkaSerdesTester] (Thread-600) Produced 10 messages
2025-08-07 20:26:39,553 INFO  [org.apa.kaf.cli.pro.KafkaProducer] (Thread-600) [Producer clientId=Producer-topic-d6967ea2_449f_4682_844b_4962a7025099] Closing the Kafka producer with timeoutMillis = 9223372036854775807 ms.
2025-08-07 20:26:39,565 INFO  [org.apa.kaf.com.met.Metrics] (Thread-600) Metrics scheduler closed
2025-08-07 20:26:39,565 INFO  [org.apa.kaf.com.met.Metrics] (Thread-600) Closing reporter org.apache.kafka.common.metrics.JmxReporter
2025-08-07 20:26:39,565 INFO  [org.apa.kaf.com.met.Metrics] (Thread-600) Closing reporter org.apache.kafka.common.telemetry.internals.ClientTelemetryReporter
2025-08-07 20:26:39,567 INFO  [org.apa.kaf.com.met.Metrics] (Thread-600) Metrics reporters closed
2025-08-07 20:26:39,568 INFO  [org.apa.kaf.com.uti.AppInfoParser] (Thread-600) App info kafka.producer for Producer-topic-d6967ea2_449f_4682_844b_4962a7025099 unregistered
**** Registry Base URL: http://registry-app-inmemory.apps.ci419.apicurio-testing.org:80
2025-08-07 20:26:39,645 INFO  [org.apa.kaf.cli.con.ConsumerConfig] (main) ConsumerConfig values: 
	allow.auto.create.topics = true
	auto.commit.interval.ms = 500
	auto.include.jmx.reporter = true
	auto.offset.reset = earliest
	bootstrap.servers = [PLAINTEXT://localhost:32769]
	check.crcs = true
	client.dns.lookup = use_all_dns_ips
	client.id = consumer-Consumer-topic-d6967ea2_449f_4682_844b_4962a7025099-1
	client.rack = 
	connections.max.idle.ms = 10000
	default.api.timeout.ms = 60000
	enable.auto.commit = true
	enable.metrics.push = true
	exclude.internal.topics = true
	fetch.max.bytes = 52428800
	fetch.max.wait.ms = 500
	fetch.min.bytes = 1
	group.id = Consumer-topic-d6967ea2_449f_4682_844b_4962a7025099
	group.instance.id = null
	group.protocol = classic
	group.remote.assignor = null
	heartbeat.interval.ms = 3000
	interceptor.classes = []
	internal.leave.group.on.close = true
	internal.throw.on.fetch.stable.offset.unsupported = false
	isolation.level = read_uncommitted
	key.deserializer = class org.apache.kafka.common.serialization.StringDeserializer
	max.partition.fetch.bytes = 1048576
	max.poll.interval.ms = 300000
	max.poll.records = 500
	metadata.max.age.ms = 300000
	metadata.recovery.strategy = none
	metric.reporters = []
	metrics.num.samples = 2
	metrics.recording.level = INFO
	metrics.sample.window.ms = 30000
	partition.assignment.strategy = [class org.apache.kafka.clients.consumer.RangeAssignor, class org.apache.kafka.clients.consumer.CooperativeStickyAssignor]
	receive.buffer.bytes = 65536
	reconnect.backoff.max.ms = 1000
	reconnect.backoff.ms = 50
	request.timeout.ms = 5000
	retry.backoff.max.ms = 1000
	retry.backoff.ms = 100
	sasl.client.callback.handler.class = null
	sasl.jaas.config = null
	sasl.kerberos.kinit.cmd = /usr/bin/kinit
	sasl.kerberos.min.time.before.relogin = 60000
	sasl.kerberos.service.name = null
	sasl.kerberos.ticket.renew.jitter = 0.05
	sasl.kerberos.ticket.renew.window.factor = 0.8
	sasl.login.callback.handler.class = null
	sasl.login.class = null
	sasl.login.connect.timeout.ms = null
	sasl.login.read.timeout.ms = null
	sasl.login.refresh.buffer.seconds = 300
	sasl.login.refresh.min.period.seconds = 60
	sasl.login.refresh.window.factor = 0.8
	sasl.login.refresh.window.jitter = 0.05
	sasl.login.retry.backoff.max.ms = 10000
	sasl.login.retry.backoff.ms = 100
	sasl.mechanism = GSSAPI
	sasl.oauthbearer.clock.skew.seconds = 30
	sasl.oauthbearer.expected.audience = null
	sasl.oauthbearer.expected.issuer = null
	sasl.oauthbearer.header.urlencode = false
	sasl.oauthbearer.jwks.endpoint.refresh.ms = 3600000
	sasl.oauthbearer.jwks.endpoint.retry.backoff.max.ms = 10000
	sasl.oauthbearer.jwks.endpoint.retry.backoff.ms = 100
	sasl.oauthbearer.jwks.endpoint.url = null
	sasl.oauthbearer.scope.claim.name = scope
	sasl.oauthbearer.sub.claim.name = sub
	sasl.oauthbearer.token.endpoint.url = null
	security.protocol = PLAINTEXT
	security.providers = null
	send.buffer.bytes = 131072
	session.timeout.ms = 45000
	socket.connection.setup.timeout.max.ms = 30000
	socket.connection.setup.timeout.ms = 10000
	ssl.cipher.suites = null
	ssl.enabled.protocols = [TLSv1.2, TLSv1.3]
	ssl.endpoint.identification.algorithm = https
	ssl.engine.factory.class = null
	ssl.key.password = null
	ssl.keymanager.algorithm = SunX509
	ssl.keystore.certificate.chain = null
	ssl.keystore.key = null
	ssl.keystore.location = null
	ssl.keystore.password = null
	ssl.keystore.type = JKS
	ssl.protocol = TLSv1.3
	ssl.provider = null
	ssl.secure.random.implementation = null
	ssl.trustmanager.algorithm = PKIX
	ssl.truststore.certificates = null
	ssl.truststore.location = null
	ssl.truststore.password = null
	ssl.truststore.type = JKS
	value.deserializer = class io.apicurio.registry.serde.avro.AvroKafkaDeserializer

2025-08-07 20:26:39,668 INFO  [org.apa.kaf.com.tel.int.KafkaMetricsCollector] (main) initializing Kafka metrics collector
2025-08-07 20:26:39,761 INFO  [org.apa.kaf.cli.con.ConsumerConfig] (main) These configurations '[apicurio.registry.url, apicurio.registry.use-id]' were supplied but are not used yet.
2025-08-07 20:26:39,762 INFO  [org.apa.kaf.com.uti.AppInfoParser] (main) Kafka version: 3.9.1
2025-08-07 20:26:39,762 INFO  [org.apa.kaf.com.uti.AppInfoParser] (main) Kafka commitId: f745dfdcee2b9851
2025-08-07 20:26:39,762 INFO  [org.apa.kaf.com.uti.AppInfoParser] (main) Kafka startTimeMs: 1754598399762
2025-08-07 20:26:39,764 INFO  [org.apa.kaf.cli.con.int.ClassicKafkaConsumer] (Thread-603) [Consumer clientId=consumer-Consumer-topic-d6967ea2_449f_4682_844b_4962a7025099-1, groupId=Consumer-topic-d6967ea2_449f_4682_844b_4962a7025099] Subscribed to topic(s): topic-d6967ea2_449f_4682_844b_4962a7025099
2025-08-07 20:26:39,781 INFO  [org.apa.kaf.cli.Metadata] (Thread-603) [Consumer clientId=consumer-Consumer-topic-d6967ea2_449f_4682_844b_4962a7025099-1, groupId=Consumer-topic-d6967ea2_449f_4682_844b_4962a7025099] Cluster ID: hNYxEGJzT_KJiJb9MK3e4A
2025-08-07 20:26:39,935 INFO  [org.apa.kaf.cli.con.int.ConsumerCoordinator] (Thread-603) [Consumer clientId=consumer-Consumer-topic-d6967ea2_449f_4682_844b_4962a7025099-1, groupId=Consumer-topic-d6967ea2_449f_4682_844b_4962a7025099] Discovered group coordinator localhost:32769 (id: 2147483647 rack: null)
2025-08-07 20:26:39,953 INFO  [org.apa.kaf.cli.con.int.ConsumerCoordinator] (Thread-603) [Consumer clientId=consumer-Consumer-topic-d6967ea2_449f_4682_844b_4962a7025099-1, groupId=Consumer-topic-d6967ea2_449f_4682_844b_4962a7025099] (Re-)joining group
2025-08-07 20:26:39,989 INFO  [org.apa.kaf.cli.con.int.ConsumerCoordinator] (Thread-603) [Consumer clientId=consumer-Consumer-topic-d6967ea2_449f_4682_844b_4962a7025099-1, groupId=Consumer-topic-d6967ea2_449f_4682_844b_4962a7025099] Group coordinator localhost:32769 (id: 2147483647 rack: null) is unavailable or invalid due to cause: error response NOT_COORDINATOR. isDisconnected: false. Rediscovery will be attempted.
2025-08-07 20:26:39,989 INFO  [org.apa.kaf.cli.con.int.ConsumerCoordinator] (Thread-603) [Consumer clientId=consumer-Consumer-topic-d6967ea2_449f_4682_844b_4962a7025099-1, groupId=Consumer-topic-d6967ea2_449f_4682_844b_4962a7025099] Requesting disconnect from last known coordinator localhost:32769 (id: 2147483647 rack: null)
2025-08-07 20:26:39,989 INFO  [org.apa.kaf.cli.con.int.ConsumerCoordinator] (Thread-603) [Consumer clientId=consumer-Consumer-topic-d6967ea2_449f_4682_844b_4962a7025099-1, groupId=Consumer-topic-d6967ea2_449f_4682_844b_4962a7025099] JoinGroup failed: This is not the correct coordinator. Marking coordinator unknown. Sent generation was Generation{generationId=-1, memberId='', protocol='null'}
2025-08-07 20:26:39,991 INFO  [org.apa.kaf.cli.NetworkClient] (Thread-603) [Consumer clientId=consumer-Consumer-topic-d6967ea2_449f_4682_844b_4962a7025099-1, groupId=Consumer-topic-d6967ea2_449f_4682_844b_4962a7025099] Client requested disconnect from node 2147483647
2025-08-07 20:26:39,998 INFO  [org.apa.kaf.cli.con.int.ConsumerCoordinator] (Thread-603) [Consumer clientId=consumer-Consumer-topic-d6967ea2_449f_4682_844b_4962a7025099-1, groupId=Consumer-topic-d6967ea2_449f_4682_844b_4962a7025099] Discovered group coordinator localhost:32769 (id: 2147483647 rack: null)
2025-08-07 20:26:39,999 INFO  [org.apa.kaf.cli.con.int.ConsumerCoordinator] (Thread-603) [Consumer clientId=consumer-Consumer-topic-d6967ea2_449f_4682_844b_4962a7025099-1, groupId=Consumer-topic-d6967ea2_449f_4682_844b_4962a7025099] Group coordinator localhost:32769 (id: 2147483647 rack: null) is unavailable or invalid due to cause: coordinator unavailable. isDisconnected: false. Rediscovery will be attempted.
2025-08-07 20:26:39,999 INFO  [org.apa.kaf.cli.con.int.ConsumerCoordinator] (Thread-603) [Consumer clientId=consumer-Consumer-topic-d6967ea2_449f_4682_844b_4962a7025099-1, groupId=Consumer-topic-d6967ea2_449f_4682_844b_4962a7025099] Requesting disconnect from last known coordinator localhost:32769 (id: 2147483647 rack: null)
2025-08-07 20:26:40,090 INFO  [org.apa.kaf.cli.con.int.ConsumerCoordinator] (Thread-603) [Consumer clientId=consumer-Consumer-topic-d6967ea2_449f_4682_844b_4962a7025099-1, groupId=Consumer-topic-d6967ea2_449f_4682_844b_4962a7025099] Discovered group coordinator localhost:32769 (id: 2147483647 rack: null)
2025-08-07 20:26:40,092 INFO  [org.apa.kaf.cli.con.int.ConsumerCoordinator] (Thread-603) [Consumer clientId=consumer-Consumer-topic-d6967ea2_449f_4682_844b_4962a7025099-1, groupId=Consumer-topic-d6967ea2_449f_4682_844b_4962a7025099] Request joining group due to: rebalance failed due to 'This is not the correct coordinator.' (NotCoordinatorException)
2025-08-07 20:26:40,093 INFO  [org.apa.kaf.cli.con.int.ConsumerCoordinator] (Thread-603) [Consumer clientId=consumer-Consumer-topic-d6967ea2_449f_4682_844b_4962a7025099-1, groupId=Consumer-topic-d6967ea2_449f_4682_844b_4962a7025099] (Re-)joining group
2025-08-07 20:26:40,102 INFO  [org.apa.kaf.cli.con.int.ConsumerCoordinator] (Thread-603) [Consumer clientId=consumer-Consumer-topic-d6967ea2_449f_4682_844b_4962a7025099-1, groupId=Consumer-topic-d6967ea2_449f_4682_844b_4962a7025099] Group coordinator localhost:32769 (id: 2147483647 rack: null) is unavailable or invalid due to cause: error response NOT_COORDINATOR. isDisconnected: false. Rediscovery will be attempted.
2025-08-07 20:26:40,102 INFO  [org.apa.kaf.cli.con.int.ConsumerCoordinator] (Thread-603) [Consumer clientId=consumer-Consumer-topic-d6967ea2_449f_4682_844b_4962a7025099-1, groupId=Consumer-topic-d6967ea2_449f_4682_844b_4962a7025099] Requesting disconnect from last known coordinator localhost:32769 (id: 2147483647 rack: null)
2025-08-07 20:26:40,102 INFO  [org.apa.kaf.cli.con.int.ConsumerCoordinator] (Thread-603) [Consumer clientId=consumer-Consumer-topic-d6967ea2_449f_4682_844b_4962a7025099-1, groupId=Consumer-topic-d6967ea2_449f_4682_844b_4962a7025099] JoinGroup failed: This is not the correct coordinator. Marking coordinator unknown. Sent generation was Generation{generationId=-1, memberId='', protocol='null'}
2025-08-07 20:26:40,103 INFO  [org.apa.kaf.cli.NetworkClient] (Thread-603) [Consumer clientId=consumer-Consumer-topic-d6967ea2_449f_4682_844b_4962a7025099-1, groupId=Consumer-topic-d6967ea2_449f_4682_844b_4962a7025099] Client requested disconnect from node 2147483647
2025-08-07 20:26:40,115 INFO  [org.apa.kaf.cli.con.int.ConsumerCoordinator] (Thread-603) [Consumer clientId=consumer-Consumer-topic-d6967ea2_449f_4682_844b_4962a7025099-1, groupId=Consumer-topic-d6967ea2_449f_4682_844b_4962a7025099] Discovered group coordinator localhost:32769 (id: 2147483647 rack: null)
2025-08-07 20:26:40,115 INFO  [org.apa.kaf.cli.con.int.ConsumerCoordinator] (Thread-603) [Consumer clientId=consumer-Consumer-topic-d6967ea2_449f_4682_844b_4962a7025099-1, groupId=Consumer-topic-d6967ea2_449f_4682_844b_4962a7025099] Group coordinator localhost:32769 (id: 2147483647 rack: null) is unavailable or invalid due to cause: coordinator unavailable. isDisconnected: false. Rediscovery will be attempted.
2025-08-07 20:26:40,115 INFO  [org.apa.kaf.cli.con.int.ConsumerCoordinator] (Thread-603) [Consumer clientId=consumer-Consumer-topic-d6967ea2_449f_4682_844b_4962a7025099-1, groupId=Consumer-topic-d6967ea2_449f_4682_844b_4962a7025099] Requesting disconnect from last known coordinator localhost:32769 (id: 2147483647 rack: null)
2025-08-07 20:26:40,225 INFO  [org.apa.kaf.cli.con.int.ConsumerCoordinator] (Thread-603) [Consumer clientId=consumer-Consumer-topic-d6967ea2_449f_4682_844b_4962a7025099-1, groupId=Consumer-topic-d6967ea2_449f_4682_844b_4962a7025099] Discovered group coordinator localhost:32769 (id: 2147483647 rack: null)
2025-08-07 20:26:40,228 INFO  [org.apa.kaf.cli.con.int.ConsumerCoordinator] (Thread-603) [Consumer clientId=consumer-Consumer-topic-d6967ea2_449f_4682_844b_4962a7025099-1, groupId=Consumer-topic-d6967ea2_449f_4682_844b_4962a7025099] Request joining group due to: rebalance failed due to 'This is not the correct coordinator.' (NotCoordinatorException)
2025-08-07 20:26:40,228 INFO  [org.apa.kaf.cli.con.int.ConsumerCoordinator] (Thread-603) [Consumer clientId=consumer-Consumer-topic-d6967ea2_449f_4682_844b_4962a7025099-1, groupId=Consumer-topic-d6967ea2_449f_4682_844b_4962a7025099] (Re-)joining group
2025-08-07 20:26:40,240 INFO  [org.apa.kaf.cli.con.int.ConsumerCoordinator] (Thread-603) [Consumer clientId=consumer-Consumer-topic-d6967ea2_449f_4682_844b_4962a7025099-1, groupId=Consumer-topic-d6967ea2_449f_4682_844b_4962a7025099] Group coordinator localhost:32769 (id: 2147483647 rack: null) is unavailable or invalid due to cause: error response NOT_COORDINATOR. isDisconnected: false. Rediscovery will be attempted.
2025-08-07 20:26:40,240 INFO  [org.apa.kaf.cli.con.int.ConsumerCoordinator] (Thread-603) [Consumer clientId=consumer-Consumer-topic-d6967ea2_449f_4682_844b_4962a7025099-1, groupId=Consumer-topic-d6967ea2_449f_4682_844b_4962a7025099] Requesting disconnect from last known coordinator localhost:32769 (id: 2147483647 rack: null)
2025-08-07 20:26:40,240 INFO  [org.apa.kaf.cli.con.int.ConsumerCoordinator] (Thread-603) [Consumer clientId=consumer-Consumer-topic-d6967ea2_449f_4682_844b_4962a7025099-1, groupId=Consumer-topic-d6967ea2_449f_4682_844b_4962a7025099] JoinGroup failed: This is not the correct coordinator. Marking coordinator unknown. Sent generation was Generation{generationId=-1, memberId='', protocol='null'}
2025-08-07 20:26:40,240 INFO  [org.apa.kaf.cli.NetworkClient] (Thread-603) [Consumer clientId=consumer-Consumer-topic-d6967ea2_449f_4682_844b_4962a7025099-1, groupId=Consumer-topic-d6967ea2_449f_4682_844b_4962a7025099] Client requested disconnect from node 2147483647
2025-08-07 20:26:40,255 INFO  [org.apa.kaf.cli.con.int.ConsumerCoordinator] (Thread-603) [Consumer clientId=consumer-Consumer-topic-d6967ea2_449f_4682_844b_4962a7025099-1, groupId=Consumer-topic-d6967ea2_449f_4682_844b_4962a7025099] Discovered group coordinator localhost:32769 (id: 2147483647 rack: null)
2025-08-07 20:26:40,255 INFO  [org.apa.kaf.cli.con.int.ConsumerCoordinator] (Thread-603) [Consumer clientId=consumer-Consumer-topic-d6967ea2_449f_4682_844b_4962a7025099-1, groupId=Consumer-topic-d6967ea2_449f_4682_844b_4962a7025099] Group coordinator localhost:32769 (id: 2147483647 rack: null) is unavailable or invalid due to cause: coordinator unavailable. isDisconnected: false. Rediscovery will be attempted.
2025-08-07 20:26:40,255 INFO  [org.apa.kaf.cli.con.int.ConsumerCoordinator] (Thread-603) [Consumer clientId=consumer-Consumer-topic-d6967ea2_449f_4682_844b_4962a7025099-1, groupId=Consumer-topic-d6967ea2_449f_4682_844b_4962a7025099] Requesting disconnect from last known coordinator localhost:32769 (id: 2147483647 rack: null)
2025-08-07 20:26:40,342 INFO  [org.apa.kaf.cli.con.int.ConsumerCoordinator] (Thread-603) [Consumer clientId=consumer-Consumer-topic-d6967ea2_449f_4682_844b_4962a7025099-1, groupId=Consumer-topic-d6967ea2_449f_4682_844b_4962a7025099] Discovered group coordinator localhost:32769 (id: 2147483647 rack: null)
2025-08-07 20:26:40,345 INFO  [org.apa.kaf.cli.con.int.ConsumerCoordinator] (Thread-603) [Consumer clientId=consumer-Consumer-topic-d6967ea2_449f_4682_844b_4962a7025099-1, groupId=Consumer-topic-d6967ea2_449f_4682_844b_4962a7025099] Request joining group due to: rebalance failed due to 'This is not the correct coordinator.' (NotCoordinatorException)
2025-08-07 20:26:40,347 INFO  [org.apa.kaf.cli.con.int.ConsumerCoordinator] (Thread-603) [Consumer clientId=consumer-Consumer-topic-d6967ea2_449f_4682_844b_4962a7025099-1, groupId=Consumer-topic-d6967ea2_449f_4682_844b_4962a7025099] (Re-)joining group
2025-08-07 20:26:40,355 INFO  [org.apa.kaf.cli.con.int.ConsumerCoordinator] (Thread-603) [Consumer clientId=consumer-Consumer-topic-d6967ea2_449f_4682_844b_4962a7025099-1, groupId=Consumer-topic-d6967ea2_449f_4682_844b_4962a7025099] Group coordinator localhost:32769 (id: 2147483647 rack: null) is unavailable or invalid due to cause: error response NOT_COORDINATOR. isDisconnected: false. Rediscovery will be attempted.
2025-08-07 20:26:40,355 INFO  [org.apa.kaf.cli.con.int.ConsumerCoordinator] (Thread-603) [Consumer clientId=consumer-Consumer-topic-d6967ea2_449f_4682_844b_4962a7025099-1, groupId=Consumer-topic-d6967ea2_449f_4682_844b_4962a7025099] Requesting disconnect from last known coordinator localhost:32769 (id: 2147483647 rack: null)
2025-08-07 20:26:40,355 INFO  [org.apa.kaf.cli.con.int.ConsumerCoordinator] (Thread-603) [Consumer clientId=consumer-Consumer-topic-d6967ea2_449f_4682_844b_4962a7025099-1, groupId=Consumer-topic-d6967ea2_449f_4682_844b_4962a7025099] JoinGroup failed: This is not the correct coordinator. Marking coordinator unknown. Sent generation was Generation{generationId=-1, memberId='', protocol='null'}
2025-08-07 20:26:40,356 INFO  [org.apa.kaf.cli.NetworkClient] (Thread-603) [Consumer clientId=consumer-Consumer-topic-d6967ea2_449f_4682_844b_4962a7025099-1, groupId=Consumer-topic-d6967ea2_449f_4682_844b_4962a7025099] Client requested disconnect from node 2147483647
2025-08-07 20:26:40,358 INFO  [org.apa.kaf.cli.con.int.ConsumerCoordinator] (Thread-603) [Consumer clientId=consumer-Consumer-topic-d6967ea2_449f_4682_844b_4962a7025099-1, groupId=Consumer-topic-d6967ea2_449f_4682_844b_4962a7025099] Discovered group coordinator localhost:32769 (id: 2147483647 rack: null)
2025-08-07 20:26:40,358 INFO  [org.apa.kaf.cli.con.int.ConsumerCoordinator] (Thread-603) [Consumer clientId=consumer-Consumer-topic-d6967ea2_449f_4682_844b_4962a7025099-1, groupId=Consumer-topic-d6967ea2_449f_4682_844b_4962a7025099] Group coordinator localhost:32769 (id: 2147483647 rack: null) is unavailable or invalid due to cause: coordinator unavailable. isDisconnected: false. Rediscovery will be attempted.
2025-08-07 20:26:40,361 INFO  [org.apa.kaf.cli.con.int.ConsumerCoordinator] (Thread-603) [Consumer clientId=consumer-Consumer-topic-d6967ea2_449f_4682_844b_4962a7025099-1, groupId=Consumer-topic-d6967ea2_449f_4682_844b_4962a7025099] Requesting disconnect from last known coordinator localhost:32769 (id: 2147483647 rack: null)
2025-08-07 20:26:40,463 INFO  [org.apa.kaf.cli.con.int.ConsumerCoordinator] (Thread-603) [Consumer clientId=consumer-Consumer-topic-d6967ea2_449f_4682_844b_4962a7025099-1, groupId=Consumer-topic-d6967ea2_449f_4682_844b_4962a7025099] Discovered group coordinator localhost:32769 (id: 2147483647 rack: null)
2025-08-07 20:26:40,464 INFO  [org.apa.kaf.cli.con.int.ConsumerCoordinator] (Thread-603) [Consumer clientId=consumer-Consumer-topic-d6967ea2_449f_4682_844b_4962a7025099-1, groupId=Consumer-topic-d6967ea2_449f_4682_844b_4962a7025099] Request joining group due to: rebalance failed due to 'This is not the correct coordinator.' (NotCoordinatorException)
2025-08-07 20:26:40,467 INFO  [org.apa.kaf.cli.con.int.ConsumerCoordinator] (Thread-603) [Consumer clientId=consumer-Consumer-topic-d6967ea2_449f_4682_844b_4962a7025099-1, groupId=Consumer-topic-d6967ea2_449f_4682_844b_4962a7025099] (Re-)joining group
2025-08-07 20:26:40,498 INFO  [org.apa.kaf.cli.con.int.ConsumerCoordinator] (Thread-603) [Consumer clientId=consumer-Consumer-topic-d6967ea2_449f_4682_844b_4962a7025099-1, groupId=Consumer-topic-d6967ea2_449f_4682_844b_4962a7025099] Request joining group due to: need to re-join with the given member-id: consumer-Consumer-topic-d6967ea2_449f_4682_844b_4962a7025099-1-335fb72c-e1c8-4bcc-9d0a-75b725526c93
2025-08-07 20:26:40,498 INFO  [org.apa.kaf.cli.con.int.ConsumerCoordinator] (Thread-603) [Consumer clientId=consumer-Consumer-topic-d6967ea2_449f_4682_844b_4962a7025099-1, groupId=Consumer-topic-d6967ea2_449f_4682_844b_4962a7025099] (Re-)joining group
2025-08-07 20:26:40,765 INFO  [io.api.tes.ser.api.KafkaSerdesTester] (Thread-603) None found
2025-08-07 20:26:41,766 INFO  [io.api.tes.ser.api.KafkaSerdesTester] (Thread-603) None found
2025-08-07 20:26:42,766 INFO  [io.api.tes.ser.api.KafkaSerdesTester] (Thread-603) None found
2025-08-07 20:26:43,520 INFO  [org.apa.kaf.cli.con.int.ConsumerCoordinator] (Thread-603) [Consumer clientId=consumer-Consumer-topic-d6967ea2_449f_4682_844b_4962a7025099-1, groupId=Consumer-topic-d6967ea2_449f_4682_844b_4962a7025099] Successfully joined group with generation Generation{generationId=1, memberId='consumer-Consumer-topic-d6967ea2_449f_4682_844b_4962a7025099-1-335fb72c-e1c8-4bcc-9d0a-75b725526c93', protocol='range'}
2025-08-07 20:26:43,533 INFO  [org.apa.kaf.cli.con.int.ConsumerCoordinator] (Thread-603) [Consumer clientId=consumer-Consumer-topic-d6967ea2_449f_4682_844b_4962a7025099-1, groupId=Consumer-topic-d6967ea2_449f_4682_844b_4962a7025099] Finished assignment for group at generation 1: {consumer-Consumer-topic-d6967ea2_449f_4682_844b_4962a7025099-1-335fb72c-e1c8-4bcc-9d0a-75b725526c93=Assignment(partitions=[topic-d6967ea2_449f_4682_844b_4962a7025099-0])}
2025-08-07 20:26:43,552 INFO  [org.apa.kaf.cli.con.int.ConsumerCoordinator] (Thread-603) [Consumer clientId=consumer-Consumer-topic-d6967ea2_449f_4682_844b_4962a7025099-1, groupId=Consumer-topic-d6967ea2_449f_4682_844b_4962a7025099] Successfully synced group in generation Generation{generationId=1, memberId='consumer-Consumer-topic-d6967ea2_449f_4682_844b_4962a7025099-1-335fb72c-e1c8-4bcc-9d0a-75b725526c93', protocol='range'}
2025-08-07 20:26:43,554 INFO  [org.apa.kaf.cli.con.int.ConsumerCoordinator] (Thread-603) [Consumer clientId=consumer-Consumer-topic-d6967ea2_449f_4682_844b_4962a7025099-1, groupId=Consumer-topic-d6967ea2_449f_4682_844b_4962a7025099] Notifying assignor about the new Assignment(partitions=[topic-d6967ea2_449f_4682_844b_4962a7025099-0])
2025-08-07 20:26:43,557 INFO  [org.apa.kaf.cli.con.int.ConsumerRebalanceListenerInvoker] (Thread-603) [Consumer clientId=consumer-Consumer-topic-d6967ea2_449f_4682_844b_4962a7025099-1, groupId=Consumer-topic-d6967ea2_449f_4682_844b_4962a7025099] Adding newly assigned partitions: topic-d6967ea2_449f_4682_844b_4962a7025099-0
2025-08-07 20:26:43,578 INFO  [org.apa.kaf.cli.con.int.ConsumerCoordinator] (Thread-603) [Consumer clientId=consumer-Consumer-topic-d6967ea2_449f_4682_844b_4962a7025099-1, groupId=Consumer-topic-d6967ea2_449f_4682_844b_4962a7025099] Found no committed offset for partition topic-d6967ea2_449f_4682_844b_4962a7025099-0
2025-08-07 20:26:43,592 INFO  [org.apa.kaf.cli.con.int.SubscriptionState] (Thread-603) [Consumer clientId=consumer-Consumer-topic-d6967ea2_449f_4682_844b_4962a7025099-1, groupId=Consumer-topic-d6967ea2_449f_4682_844b_4962a7025099] Resetting offset for partition topic-d6967ea2_449f_4682_844b_4962a7025099-0 to position FetchPosition{offset=0, offsetEpoch=Optional.empty, currentLeader=LeaderAndEpoch{leader=Optional[localhost:32769 (id: 0 rack: null)], epoch=0}}.
2025-08-07 20:26:43,742 INFO  [io.api.tes.ser.api.KafkaSerdesTester] (Thread-603) topic-d6967ea2_449f_4682_844b_4962a7025099 0 0 {"key11754598398712": "value-0"}
2025-08-07 20:26:43,744 INFO  [io.api.tes.ser.api.KafkaSerdesTester] (Thread-603) topic-d6967ea2_449f_4682_844b_4962a7025099 0 1 {"key11754598398712": "value-1"}
2025-08-07 20:26:43,745 INFO  [io.api.tes.ser.api.KafkaSerdesTester] (Thread-603) topic-d6967ea2_449f_4682_844b_4962a7025099 0 2 {"key11754598398712": "value-2"}
2025-08-07 20:26:43,745 INFO  [io.api.tes.ser.api.KafkaSerdesTester] (Thread-603) topic-d6967ea2_449f_4682_844b_4962a7025099 0 3 {"key11754598398712": "value-3"}
2025-08-07 20:26:43,745 INFO  [io.api.tes.ser.api.KafkaSerdesTester] (Thread-603) topic-d6967ea2_449f_4682_844b_4962a7025099 0 4 {"key11754598398712": "value-4"}
2025-08-07 20:26:43,746 INFO  [io.api.tes.ser.api.KafkaSerdesTester] (Thread-603) topic-d6967ea2_449f_4682_844b_4962a7025099 0 5 {"key11754598398712": "value-5"}
2025-08-07 20:26:43,746 INFO  [io.api.tes.ser.api.KafkaSerdesTester] (Thread-603) topic-d6967ea2_449f_4682_844b_4962a7025099 0 6 {"key11754598398712": "value-6"}
2025-08-07 20:26:43,746 INFO  [io.api.tes.ser.api.KafkaSerdesTester] (Thread-603) topic-d6967ea2_449f_4682_844b_4962a7025099 0 7 {"key11754598398712": "value-7"}
2025-08-07 20:26:43,746 INFO  [io.api.tes.ser.api.KafkaSerdesTester] (Thread-603) topic-d6967ea2_449f_4682_844b_4962a7025099 0 8 {"key11754598398712": "value-8"}
2025-08-07 20:26:43,747 INFO  [io.api.tes.ser.api.KafkaSerdesTester] (Thread-603) topic-d6967ea2_449f_4682_844b_4962a7025099 0 9 {"key11754598398712": "value-9"}
2025-08-07 20:26:43,747 INFO  [io.api.tes.ser.api.KafkaSerdesTester] (Thread-603) Consumed 10 messages
2025-08-07 20:26:43,770 INFO  [org.apa.kaf.cli.con.int.ConsumerRebalanceListenerInvoker] (Thread-603) [Consumer clientId=consumer-Consumer-topic-d6967ea2_449f_4682_844b_4962a7025099-1, groupId=Consumer-topic-d6967ea2_449f_4682_844b_4962a7025099] Revoke previously assigned partitions topic-d6967ea2_449f_4682_844b_4962a7025099-0
2025-08-07 20:26:43,770 INFO  [org.apa.kaf.cli.con.int.ConsumerCoordinator] (Thread-603) [Consumer clientId=consumer-Consumer-topic-d6967ea2_449f_4682_844b_4962a7025099-1, groupId=Consumer-topic-d6967ea2_449f_4682_844b_4962a7025099] Member consumer-Consumer-topic-d6967ea2_449f_4682_844b_4962a7025099-1-335fb72c-e1c8-4bcc-9d0a-75b725526c93 sending LeaveGroup request to coordinator localhost:32769 (id: 2147483647 rack: null) due to the consumer is being closed
2025-08-07 20:26:43,772 INFO  [org.apa.kaf.cli.con.int.ConsumerCoordinator] (Thread-603) [Consumer clientId=consumer-Consumer-topic-d6967ea2_449f_4682_844b_4962a7025099-1, groupId=Consumer-topic-d6967ea2_449f_4682_844b_4962a7025099] Resetting generation and member id due to: consumer pro-actively leaving the group
2025-08-07 20:26:43,772 INFO  [org.apa.kaf.cli.con.int.ConsumerCoordinator] (Thread-603) [Consumer clientId=consumer-Consumer-topic-d6967ea2_449f_4682_844b_4962a7025099-1, groupId=Consumer-topic-d6967ea2_449f_4682_844b_4962a7025099] Request joining group due to: consumer pro-actively leaving the group
2025-08-07 20:26:44,259 INFO  [org.apa.kaf.com.met.Metrics] (Thread-603) Metrics scheduler closed
2025-08-07 20:26:44,260 INFO  [org.apa.kaf.com.met.Metrics] (Thread-603) Closing reporter org.apache.kafka.common.metrics.JmxReporter
2025-08-07 20:26:44,260 INFO  [org.apa.kaf.com.met.Metrics] (Thread-603) Closing reporter org.apache.kafka.common.telemetry.internals.ClientTelemetryReporter
2025-08-07 20:26:44,260 INFO  [org.apa.kaf.com.met.Metrics] (Thread-603) Metrics reporters closed
2025-08-07 20:26:44,271 INFO  [org.apa.kaf.com.uti.AppInfoParser] (Thread-603) App info kafka.consumer for consumer-Consumer-topic-d6967ea2_449f_4682_844b_4962a7025099-1 unregistered
2025-08-07 20:26:44,273 INFO  [io.api.tes.uti.TestSeparator] (main) io.apicurio.tests.serdes.apicurio.AvroSerdeIT.testGlobalIdInHeaders-FINISHED
2025-08-07 20:26:44,273 INFO  [io.api.tes.uti.TestSeparator] (main) ############################################################################
Test passed: testGlobalIdInHeaders
]]></system-out>
  </testcase>
  <testcase name="testSimpleTopicIdStrategyFindLatest" classname="io.apicurio.tests.serdes.apicurio.AvroSerdeIT" time="4.915">
    <system-out><![CDATA[2025-08-07 20:26:44,276 INFO  [io.api.tes.uti.TestSeparator] (main) ############################################################################
2025-08-07 20:26:44,277 INFO  [io.api.tes.uti.TestSeparator] (main) io.apicurio.tests.serdes.apicurio.AvroSerdeIT.testSimpleTopicIdStrategyFindLatest-STARTED
2025-08-07 20:26:44,280 INFO  [io.api.tes.ser.api.AvroSerdeIT] (main) Registering Avro Schema: {"type":"record","name":"myrecordapicurio1","fields":[{"name":"key11754598404277","type":"string"}]}
**** Registry Base URL: http://registry-app-inmemory.apps.ci419.apicurio-testing.org:80
2025-08-07 20:26:45,355 INFO  [org.apa.kaf.cli.pro.ProducerConfig] (main) ProducerConfig values: 
	acks = -1
	auto.include.jmx.reporter = true
	batch.size = 16384
	bootstrap.servers = [PLAINTEXT://localhost:32769]
	buffer.memory = 33554432
	client.dns.lookup = use_all_dns_ips
	client.id = Producer-topic-53faf17b_8f71_4ae7_992c_ebef275cff91
	compression.gzip.level = -1
	compression.lz4.level = 9
	compression.type = none
	compression.zstd.level = 3
	connections.max.idle.ms = 10000
	delivery.timeout.ms = 120000
	enable.idempotence = true
	enable.metrics.push = true
	interceptor.classes = []
	key.serializer = class org.apache.kafka.common.serialization.StringSerializer
	linger.ms = 0
	max.block.ms = 60000
	max.in.flight.requests.per.connection = 5
	max.request.size = 1048576
	metadata.max.age.ms = 300000
	metadata.max.idle.ms = 300000
	metadata.recovery.strategy = none
	metric.reporters = []
	metrics.num.samples = 2
	metrics.recording.level = INFO
	metrics.sample.window.ms = 30000
	partitioner.adaptive.partitioning.enable = true
	partitioner.availability.timeout.ms = 0
	partitioner.class = null
	partitioner.ignore.keys = false
	receive.buffer.bytes = 32768
	reconnect.backoff.max.ms = 1000
	reconnect.backoff.ms = 50
	request.timeout.ms = 5000
	retries = 2147483647
	retry.backoff.max.ms = 1000
	retry.backoff.ms = 100
	sasl.client.callback.handler.class = null
	sasl.jaas.config = null
	sasl.kerberos.kinit.cmd = /usr/bin/kinit
	sasl.kerberos.min.time.before.relogin = 60000
	sasl.kerberos.service.name = null
	sasl.kerberos.ticket.renew.jitter = 0.05
	sasl.kerberos.ticket.renew.window.factor = 0.8
	sasl.login.callback.handler.class = null
	sasl.login.class = null
	sasl.login.connect.timeout.ms = null
	sasl.login.read.timeout.ms = null
	sasl.login.refresh.buffer.seconds = 300
	sasl.login.refresh.min.period.seconds = 60
	sasl.login.refresh.window.factor = 0.8
	sasl.login.refresh.window.jitter = 0.05
	sasl.login.retry.backoff.max.ms = 10000
	sasl.login.retry.backoff.ms = 100
	sasl.mechanism = GSSAPI
	sasl.oauthbearer.clock.skew.seconds = 30
	sasl.oauthbearer.expected.audience = null
	sasl.oauthbearer.expected.issuer = null
	sasl.oauthbearer.header.urlencode = false
	sasl.oauthbearer.jwks.endpoint.refresh.ms = 3600000
	sasl.oauthbearer.jwks.endpoint.retry.backoff.max.ms = 10000
	sasl.oauthbearer.jwks.endpoint.retry.backoff.ms = 100
	sasl.oauthbearer.jwks.endpoint.url = null
	sasl.oauthbearer.scope.claim.name = scope
	sasl.oauthbearer.sub.claim.name = sub
	sasl.oauthbearer.token.endpoint.url = null
	security.protocol = PLAINTEXT
	security.providers = null
	send.buffer.bytes = 131072
	socket.connection.setup.timeout.max.ms = 30000
	socket.connection.setup.timeout.ms = 10000
	ssl.cipher.suites = null
	ssl.enabled.protocols = [TLSv1.2, TLSv1.3]
	ssl.endpoint.identification.algorithm = https
	ssl.engine.factory.class = null
	ssl.key.password = null
	ssl.keymanager.algorithm = SunX509
	ssl.keystore.certificate.chain = null
	ssl.keystore.key = null
	ssl.keystore.location = null
	ssl.keystore.password = null
	ssl.keystore.type = JKS
	ssl.protocol = TLSv1.3
	ssl.provider = null
	ssl.secure.random.implementation = null
	ssl.trustmanager.algorithm = PKIX
	ssl.truststore.certificates = null
	ssl.truststore.location = null
	ssl.truststore.password = null
	ssl.truststore.type = JKS
	transaction.timeout.ms = 60000
	transactional.id = null
	value.serializer = class io.apicurio.registry.serde.avro.AvroKafkaSerializer

2025-08-07 20:26:45,356 INFO  [org.apa.kaf.com.tel.int.KafkaMetricsCollector] (main) initializing Kafka metrics collector
2025-08-07 20:26:45,360 INFO  [org.apa.kaf.cli.pro.KafkaProducer] (main) [Producer clientId=Producer-topic-53faf17b_8f71_4ae7_992c_ebef275cff91] Instantiated an idempotent producer.
2025-08-07 20:26:45,364 INFO  [org.apa.kaf.cli.pro.ProducerConfig] (main) These configurations '[apicurio.registry.find-latest, apicurio.registry.artifact.group-id, apicurio.registry.url, apicurio.registry.artifact-resolver-strategy]' were supplied but are not used yet.
2025-08-07 20:26:45,364 INFO  [org.apa.kaf.com.uti.AppInfoParser] (main) Kafka version: 3.9.1
2025-08-07 20:26:45,364 INFO  [org.apa.kaf.com.uti.AppInfoParser] (main) Kafka commitId: f745dfdcee2b9851
2025-08-07 20:26:45,365 INFO  [org.apa.kaf.com.uti.AppInfoParser] (main) Kafka startTimeMs: 1754598405364
2025-08-07 20:26:45,365 INFO  [io.api.tes.ser.api.SimpleSerdesTesterBuilder$SimpleSerdesTester] (main) Using producer configuration: {apicurio.registry.find-latest=true, apicurio.registry.artifact.group-id=topic-53faf17b_8f71_4ae7_992c_ebef275cff91, apicurio.registry.url=http://registry-app-inmemory.apps.ci419.apicurio-testing.org:80/apis/registry/v3, apicurio.registry.artifact-resolver-strategy=io.apicurio.registry.serde.strategy.SimpleTopicIdStrategy, value.serializer=io.apicurio.registry.serde.avro.AvroKafkaSerializer, request.timeout.ms=5000, acks=all, bootstrap.servers=PLAINTEXT://localhost:32769, connections.max.idle.ms=10000, key.serializer=org.apache.kafka.common.serialization.StringSerializer, client.id=Producer-topic-53faf17b_8f71_4ae7_992c_ebef275cff91}
2025-08-07 20:26:45,365 INFO  [io.api.tes.ser.api.SimpleSerdesTesterBuilder$SimpleSerdesTester] (main) Using consumer configuration: {}
2025-08-07 20:26:45,369 INFO  [io.api.tes.ser.api.KafkaSerdesTester] (Thread-606) Sending message {"key11754598404277": "value-0"} to topic topic-53faf17b_8f71_4ae7_992c_ebef275cff91
2025-08-07 20:26:45,376 INFO  [org.apa.kaf.cli.Metadata] (kafka-producer-network-thread | Producer-topic-53faf17b_8f71_4ae7_992c_ebef275cff91) [Producer clientId=Producer-topic-53faf17b_8f71_4ae7_992c_ebef275cff91] Cluster ID: hNYxEGJzT_KJiJb9MK3e4A
2025-08-07 20:26:45,376 INFO  [org.apa.kaf.cli.pro.int.TransactionManager] (kafka-producer-network-thread | Producer-topic-53faf17b_8f71_4ae7_992c_ebef275cff91) [Producer clientId=Producer-topic-53faf17b_8f71_4ae7_992c_ebef275cff91] ProducerId set to 1 with epoch 0
2025-08-07 20:26:45,502 INFO  [io.api.tes.ser.api.KafkaSerdesTester] (Thread-606) Sending message {"key11754598404277": "value-1"} to topic topic-53faf17b_8f71_4ae7_992c_ebef275cff91
2025-08-07 20:26:45,506 INFO  [io.api.tes.ser.api.KafkaSerdesTester] (Thread-606) Sending message {"key11754598404277": "value-2"} to topic topic-53faf17b_8f71_4ae7_992c_ebef275cff91
2025-08-07 20:26:45,508 INFO  [io.api.tes.ser.api.KafkaSerdesTester] (Thread-606) Sending message {"key11754598404277": "value-3"} to topic topic-53faf17b_8f71_4ae7_992c_ebef275cff91
2025-08-07 20:26:45,510 INFO  [io.api.tes.ser.api.KafkaSerdesTester] (Thread-606) Sending message {"key11754598404277": "value-4"} to topic topic-53faf17b_8f71_4ae7_992c_ebef275cff91
2025-08-07 20:26:45,512 INFO  [io.api.tes.ser.api.KafkaSerdesTester] (Thread-606) Sending message {"key11754598404277": "value-5"} to topic topic-53faf17b_8f71_4ae7_992c_ebef275cff91
2025-08-07 20:26:45,515 INFO  [io.api.tes.ser.api.KafkaSerdesTester] (Thread-606) Sending message {"key11754598404277": "value-6"} to topic topic-53faf17b_8f71_4ae7_992c_ebef275cff91
2025-08-07 20:26:45,518 INFO  [io.api.tes.ser.api.KafkaSerdesTester] (Thread-606) Sending message {"key11754598404277": "value-7"} to topic topic-53faf17b_8f71_4ae7_992c_ebef275cff91
2025-08-07 20:26:45,521 INFO  [io.api.tes.ser.api.KafkaSerdesTester] (Thread-606) Sending message {"key11754598404277": "value-8"} to topic topic-53faf17b_8f71_4ae7_992c_ebef275cff91
2025-08-07 20:26:45,524 INFO  [io.api.tes.ser.api.KafkaSerdesTester] (Thread-606) Sending message {"key11754598404277": "value-9"} to topic topic-53faf17b_8f71_4ae7_992c_ebef275cff91
2025-08-07 20:26:45,526 INFO  [io.api.tes.ser.api.KafkaSerdesTester] (Thread-606) Produced 10 messages
2025-08-07 20:26:45,527 INFO  [org.apa.kaf.cli.pro.KafkaProducer] (Thread-606) [Producer clientId=Producer-topic-53faf17b_8f71_4ae7_992c_ebef275cff91] Closing the Kafka producer with timeoutMillis = 9223372036854775807 ms.
2025-08-07 20:26:45,537 INFO  [org.apa.kaf.com.met.Metrics] (Thread-606) Metrics scheduler closed
2025-08-07 20:26:45,538 INFO  [org.apa.kaf.com.met.Metrics] (Thread-606) Closing reporter org.apache.kafka.common.metrics.JmxReporter
2025-08-07 20:26:45,538 INFO  [org.apa.kaf.com.met.Metrics] (Thread-606) Closing reporter org.apache.kafka.common.telemetry.internals.ClientTelemetryReporter
2025-08-07 20:26:45,538 INFO  [org.apa.kaf.com.met.Metrics] (Thread-606) Metrics reporters closed
2025-08-07 20:26:45,538 INFO  [org.apa.kaf.com.uti.AppInfoParser] (Thread-606) App info kafka.producer for Producer-topic-53faf17b_8f71_4ae7_992c_ebef275cff91 unregistered
**** Registry Base URL: http://registry-app-inmemory.apps.ci419.apicurio-testing.org:80
2025-08-07 20:26:45,540 INFO  [org.apa.kaf.cli.con.ConsumerConfig] (main) ConsumerConfig values: 
	allow.auto.create.topics = true
	auto.commit.interval.ms = 500
	auto.include.jmx.reporter = true
	auto.offset.reset = earliest
	bootstrap.servers = [PLAINTEXT://localhost:32769]
	check.crcs = true
	client.dns.lookup = use_all_dns_ips
	client.id = consumer-Consumer-topic-53faf17b_8f71_4ae7_992c_ebef275cff91-2
	client.rack = 
	connections.max.idle.ms = 10000
	default.api.timeout.ms = 60000
	enable.auto.commit = true
	enable.metrics.push = true
	exclude.internal.topics = true
	fetch.max.bytes = 52428800
	fetch.max.wait.ms = 500
	fetch.min.bytes = 1
	group.id = Consumer-topic-53faf17b_8f71_4ae7_992c_ebef275cff91
	group.instance.id = null
	group.protocol = classic
	group.remote.assignor = null
	heartbeat.interval.ms = 3000
	interceptor.classes = []
	internal.leave.group.on.close = true
	internal.throw.on.fetch.stable.offset.unsupported = false
	isolation.level = read_uncommitted
	key.deserializer = class org.apache.kafka.common.serialization.StringDeserializer
	max.partition.fetch.bytes = 1048576
	max.poll.interval.ms = 300000
	max.poll.records = 500
	metadata.max.age.ms = 300000
	metadata.recovery.strategy = none
	metric.reporters = []
	metrics.num.samples = 2
	metrics.recording.level = INFO
	metrics.sample.window.ms = 30000
	partition.assignment.strategy = [class org.apache.kafka.clients.consumer.RangeAssignor, class org.apache.kafka.clients.consumer.CooperativeStickyAssignor]
	receive.buffer.bytes = 65536
	reconnect.backoff.max.ms = 1000
	reconnect.backoff.ms = 50
	request.timeout.ms = 5000
	retry.backoff.max.ms = 1000
	retry.backoff.ms = 100
	sasl.client.callback.handler.class = null
	sasl.jaas.config = null
	sasl.kerberos.kinit.cmd = /usr/bin/kinit
	sasl.kerberos.min.time.before.relogin = 60000
	sasl.kerberos.service.name = null
	sasl.kerberos.ticket.renew.jitter = 0.05
	sasl.kerberos.ticket.renew.window.factor = 0.8
	sasl.login.callback.handler.class = null
	sasl.login.class = null
	sasl.login.connect.timeout.ms = null
	sasl.login.read.timeout.ms = null
	sasl.login.refresh.buffer.seconds = 300
	sasl.login.refresh.min.period.seconds = 60
	sasl.login.refresh.window.factor = 0.8
	sasl.login.refresh.window.jitter = 0.05
	sasl.login.retry.backoff.max.ms = 10000
	sasl.login.retry.backoff.ms = 100
	sasl.mechanism = GSSAPI
	sasl.oauthbearer.clock.skew.seconds = 30
	sasl.oauthbearer.expected.audience = null
	sasl.oauthbearer.expected.issuer = null
	sasl.oauthbearer.header.urlencode = false
	sasl.oauthbearer.jwks.endpoint.refresh.ms = 3600000
	sasl.oauthbearer.jwks.endpoint.retry.backoff.max.ms = 10000
	sasl.oauthbearer.jwks.endpoint.retry.backoff.ms = 100
	sasl.oauthbearer.jwks.endpoint.url = null
	sasl.oauthbearer.scope.claim.name = scope
	sasl.oauthbearer.sub.claim.name = sub
	sasl.oauthbearer.token.endpoint.url = null
	security.protocol = PLAINTEXT
	security.providers = null
	send.buffer.bytes = 131072
	session.timeout.ms = 45000
	socket.connection.setup.timeout.max.ms = 30000
	socket.connection.setup.timeout.ms = 10000
	ssl.cipher.suites = null
	ssl.enabled.protocols = [TLSv1.2, TLSv1.3]
	ssl.endpoint.identification.algorithm = https
	ssl.engine.factory.class = null
	ssl.key.password = null
	ssl.keymanager.algorithm = SunX509
	ssl.keystore.certificate.chain = null
	ssl.keystore.key = null
	ssl.keystore.location = null
	ssl.keystore.password = null
	ssl.keystore.type = JKS
	ssl.protocol = TLSv1.3
	ssl.provider = null
	ssl.secure.random.implementation = null
	ssl.trustmanager.algorithm = PKIX
	ssl.truststore.certificates = null
	ssl.truststore.location = null
	ssl.truststore.password = null
	ssl.truststore.type = JKS
	value.deserializer = class io.apicurio.registry.serde.avro.AvroKafkaDeserializer

2025-08-07 20:26:45,540 INFO  [org.apa.kaf.com.tel.int.KafkaMetricsCollector] (main) initializing Kafka metrics collector
2025-08-07 20:26:45,558 INFO  [org.apa.kaf.cli.con.ConsumerConfig] (main) These configurations '[apicurio.registry.url]' were supplied but are not used yet.
2025-08-07 20:26:45,558 INFO  [org.apa.kaf.com.uti.AppInfoParser] (main) Kafka version: 3.9.1
2025-08-07 20:26:45,558 INFO  [org.apa.kaf.com.uti.AppInfoParser] (main) Kafka commitId: f745dfdcee2b9851
2025-08-07 20:26:45,558 INFO  [org.apa.kaf.com.uti.AppInfoParser] (main) Kafka startTimeMs: 1754598405558
2025-08-07 20:26:45,560 INFO  [org.apa.kaf.cli.con.int.ClassicKafkaConsumer] (Thread-609) [Consumer clientId=consumer-Consumer-topic-53faf17b_8f71_4ae7_992c_ebef275cff91-2, groupId=Consumer-topic-53faf17b_8f71_4ae7_992c_ebef275cff91] Subscribed to topic(s): topic-53faf17b_8f71_4ae7_992c_ebef275cff91
2025-08-07 20:26:45,568 INFO  [org.apa.kaf.cli.Metadata] (Thread-609) [Consumer clientId=consumer-Consumer-topic-53faf17b_8f71_4ae7_992c_ebef275cff91-2, groupId=Consumer-topic-53faf17b_8f71_4ae7_992c_ebef275cff91] Cluster ID: hNYxEGJzT_KJiJb9MK3e4A
2025-08-07 20:26:45,569 INFO  [org.apa.kaf.cli.con.int.ConsumerCoordinator] (Thread-609) [Consumer clientId=consumer-Consumer-topic-53faf17b_8f71_4ae7_992c_ebef275cff91-2, groupId=Consumer-topic-53faf17b_8f71_4ae7_992c_ebef275cff91] Discovered group coordinator localhost:32769 (id: 2147483647 rack: null)
2025-08-07 20:26:45,571 INFO  [org.apa.kaf.cli.con.int.ConsumerCoordinator] (Thread-609) [Consumer clientId=consumer-Consumer-topic-53faf17b_8f71_4ae7_992c_ebef275cff91-2, groupId=Consumer-topic-53faf17b_8f71_4ae7_992c_ebef275cff91] (Re-)joining group
2025-08-07 20:26:45,575 INFO  [org.apa.kaf.cli.con.int.ConsumerCoordinator] (Thread-609) [Consumer clientId=consumer-Consumer-topic-53faf17b_8f71_4ae7_992c_ebef275cff91-2, groupId=Consumer-topic-53faf17b_8f71_4ae7_992c_ebef275cff91] Request joining group due to: need to re-join with the given member-id: consumer-Consumer-topic-53faf17b_8f71_4ae7_992c_ebef275cff91-2-9a6cbd41-187e-4419-9ad1-6a3c9659a9d1
2025-08-07 20:26:45,576 INFO  [org.apa.kaf.cli.con.int.ConsumerCoordinator] (Thread-609) [Consumer clientId=consumer-Consumer-topic-53faf17b_8f71_4ae7_992c_ebef275cff91-2, groupId=Consumer-topic-53faf17b_8f71_4ae7_992c_ebef275cff91] (Re-)joining group
2025-08-07 20:26:46,561 INFO  [io.api.tes.ser.api.KafkaSerdesTester] (Thread-609) None found
2025-08-07 20:26:47,561 INFO  [io.api.tes.ser.api.KafkaSerdesTester] (Thread-609) None found
2025-08-07 20:26:48,562 INFO  [io.api.tes.ser.api.KafkaSerdesTester] (Thread-609) None found
2025-08-07 20:26:48,579 INFO  [org.apa.kaf.cli.con.int.ConsumerCoordinator] (Thread-609) [Consumer clientId=consumer-Consumer-topic-53faf17b_8f71_4ae7_992c_ebef275cff91-2, groupId=Consumer-topic-53faf17b_8f71_4ae7_992c_ebef275cff91] Successfully joined group with generation Generation{generationId=1, memberId='consumer-Consumer-topic-53faf17b_8f71_4ae7_992c_ebef275cff91-2-9a6cbd41-187e-4419-9ad1-6a3c9659a9d1', protocol='range'}
2025-08-07 20:26:48,579 INFO  [org.apa.kaf.cli.con.int.ConsumerCoordinator] (Thread-609) [Consumer clientId=consumer-Consumer-topic-53faf17b_8f71_4ae7_992c_ebef275cff91-2, groupId=Consumer-topic-53faf17b_8f71_4ae7_992c_ebef275cff91] Finished assignment for group at generation 1: {consumer-Consumer-topic-53faf17b_8f71_4ae7_992c_ebef275cff91-2-9a6cbd41-187e-4419-9ad1-6a3c9659a9d1=Assignment(partitions=[topic-53faf17b_8f71_4ae7_992c_ebef275cff91-0])}
2025-08-07 20:26:48,586 INFO  [org.apa.kaf.cli.con.int.ConsumerCoordinator] (Thread-609) [Consumer clientId=consumer-Consumer-topic-53faf17b_8f71_4ae7_992c_ebef275cff91-2, groupId=Consumer-topic-53faf17b_8f71_4ae7_992c_ebef275cff91] Successfully synced group in generation Generation{generationId=1, memberId='consumer-Consumer-topic-53faf17b_8f71_4ae7_992c_ebef275cff91-2-9a6cbd41-187e-4419-9ad1-6a3c9659a9d1', protocol='range'}
2025-08-07 20:26:48,586 INFO  [org.apa.kaf.cli.con.int.ConsumerCoordinator] (Thread-609) [Consumer clientId=consumer-Consumer-topic-53faf17b_8f71_4ae7_992c_ebef275cff91-2, groupId=Consumer-topic-53faf17b_8f71_4ae7_992c_ebef275cff91] Notifying assignor about the new Assignment(partitions=[topic-53faf17b_8f71_4ae7_992c_ebef275cff91-0])
2025-08-07 20:26:48,586 INFO  [org.apa.kaf.cli.con.int.ConsumerRebalanceListenerInvoker] (Thread-609) [Consumer clientId=consumer-Consumer-topic-53faf17b_8f71_4ae7_992c_ebef275cff91-2, groupId=Consumer-topic-53faf17b_8f71_4ae7_992c_ebef275cff91] Adding newly assigned partitions: topic-53faf17b_8f71_4ae7_992c_ebef275cff91-0
2025-08-07 20:26:48,587 INFO  [org.apa.kaf.cli.con.int.ConsumerCoordinator] (Thread-609) [Consumer clientId=consumer-Consumer-topic-53faf17b_8f71_4ae7_992c_ebef275cff91-2, groupId=Consumer-topic-53faf17b_8f71_4ae7_992c_ebef275cff91] Found no committed offset for partition topic-53faf17b_8f71_4ae7_992c_ebef275cff91-0
2025-08-07 20:26:48,593 INFO  [org.apa.kaf.cli.con.int.SubscriptionState] (Thread-609) [Consumer clientId=consumer-Consumer-topic-53faf17b_8f71_4ae7_992c_ebef275cff91-2, groupId=Consumer-topic-53faf17b_8f71_4ae7_992c_ebef275cff91] Resetting offset for partition topic-53faf17b_8f71_4ae7_992c_ebef275cff91-0 to position FetchPosition{offset=0, offsetEpoch=Optional.empty, currentLeader=LeaderAndEpoch{leader=Optional[localhost:32769 (id: 0 rack: null)], epoch=0}}.
2025-08-07 20:26:48,681 INFO  [io.api.tes.ser.api.KafkaSerdesTester] (Thread-609) topic-53faf17b_8f71_4ae7_992c_ebef275cff91 0 0 {"key11754598404277": "value-0"}
2025-08-07 20:26:48,682 INFO  [io.api.tes.ser.api.KafkaSerdesTester] (Thread-609) topic-53faf17b_8f71_4ae7_992c_ebef275cff91 0 1 {"key11754598404277": "value-1"}
2025-08-07 20:26:48,682 INFO  [io.api.tes.ser.api.KafkaSerdesTester] (Thread-609) topic-53faf17b_8f71_4ae7_992c_ebef275cff91 0 2 {"key11754598404277": "value-2"}
2025-08-07 20:26:48,682 INFO  [io.api.tes.ser.api.KafkaSerdesTester] (Thread-609) topic-53faf17b_8f71_4ae7_992c_ebef275cff91 0 3 {"key11754598404277": "value-3"}
2025-08-07 20:26:48,682 INFO  [io.api.tes.ser.api.KafkaSerdesTester] (Thread-609) topic-53faf17b_8f71_4ae7_992c_ebef275cff91 0 4 {"key11754598404277": "value-4"}
2025-08-07 20:26:48,683 INFO  [io.api.tes.ser.api.KafkaSerdesTester] (Thread-609) topic-53faf17b_8f71_4ae7_992c_ebef275cff91 0 5 {"key11754598404277": "value-5"}
2025-08-07 20:26:48,683 INFO  [io.api.tes.ser.api.KafkaSerdesTester] (Thread-609) topic-53faf17b_8f71_4ae7_992c_ebef275cff91 0 6 {"key11754598404277": "value-6"}
2025-08-07 20:26:48,683 INFO  [io.api.tes.ser.api.KafkaSerdesTester] (Thread-609) topic-53faf17b_8f71_4ae7_992c_ebef275cff91 0 7 {"key11754598404277": "value-7"}
2025-08-07 20:26:48,683 INFO  [io.api.tes.ser.api.KafkaSerdesTester] (Thread-609) topic-53faf17b_8f71_4ae7_992c_ebef275cff91 0 8 {"key11754598404277": "value-8"}
2025-08-07 20:26:48,683 INFO  [io.api.tes.ser.api.KafkaSerdesTester] (Thread-609) topic-53faf17b_8f71_4ae7_992c_ebef275cff91 0 9 {"key11754598404277": "value-9"}
2025-08-07 20:26:48,683 INFO  [io.api.tes.ser.api.KafkaSerdesTester] (Thread-609) Consumed 10 messages
2025-08-07 20:26:48,691 INFO  [org.apa.kaf.cli.con.int.ConsumerRebalanceListenerInvoker] (Thread-609) [Consumer clientId=consumer-Consumer-topic-53faf17b_8f71_4ae7_992c_ebef275cff91-2, groupId=Consumer-topic-53faf17b_8f71_4ae7_992c_ebef275cff91] Revoke previously assigned partitions topic-53faf17b_8f71_4ae7_992c_ebef275cff91-0
2025-08-07 20:26:48,691 INFO  [org.apa.kaf.cli.con.int.ConsumerCoordinator] (Thread-609) [Consumer clientId=consumer-Consumer-topic-53faf17b_8f71_4ae7_992c_ebef275cff91-2, groupId=Consumer-topic-53faf17b_8f71_4ae7_992c_ebef275cff91] Member consumer-Consumer-topic-53faf17b_8f71_4ae7_992c_ebef275cff91-2-9a6cbd41-187e-4419-9ad1-6a3c9659a9d1 sending LeaveGroup request to coordinator localhost:32769 (id: 2147483647 rack: null) due to the consumer is being closed
2025-08-07 20:26:48,693 INFO  [org.apa.kaf.cli.con.int.ConsumerCoordinator] (Thread-609) [Consumer clientId=consumer-Consumer-topic-53faf17b_8f71_4ae7_992c_ebef275cff91-2, groupId=Consumer-topic-53faf17b_8f71_4ae7_992c_ebef275cff91] Resetting generation and member id due to: consumer pro-actively leaving the group
2025-08-07 20:26:48,693 INFO  [org.apa.kaf.cli.con.int.ConsumerCoordinator] (Thread-609) [Consumer clientId=consumer-Consumer-topic-53faf17b_8f71_4ae7_992c_ebef275cff91-2, groupId=Consumer-topic-53faf17b_8f71_4ae7_992c_ebef275cff91] Request joining group due to: consumer pro-actively leaving the group
2025-08-07 20:26:49,184 INFO  [org.apa.kaf.com.met.Metrics] (Thread-609) Metrics scheduler closed
2025-08-07 20:26:49,185 INFO  [org.apa.kaf.com.met.Metrics] (Thread-609) Closing reporter org.apache.kafka.common.metrics.JmxReporter
2025-08-07 20:26:49,185 INFO  [org.apa.kaf.com.met.Metrics] (Thread-609) Closing reporter org.apache.kafka.common.telemetry.internals.ClientTelemetryReporter
2025-08-07 20:26:49,185 INFO  [org.apa.kaf.com.met.Metrics] (Thread-609) Metrics reporters closed
2025-08-07 20:26:49,188 INFO  [org.apa.kaf.com.uti.AppInfoParser] (Thread-609) App info kafka.consumer for consumer-Consumer-topic-53faf17b_8f71_4ae7_992c_ebef275cff91-2 unregistered
2025-08-07 20:26:49,189 INFO  [io.api.tes.uti.TestSeparator] (main) io.apicurio.tests.serdes.apicurio.AvroSerdeIT.testSimpleTopicIdStrategyFindLatest-FINISHED
2025-08-07 20:26:49,189 INFO  [io.api.tes.uti.TestSeparator] (main) ############################################################################
Test passed: testSimpleTopicIdStrategyFindLatest
]]></system-out>
  </testcase>
  <testcase name="testWrongSchema" classname="io.apicurio.tests.serdes.apicurio.AvroSerdeIT" time="1.187">
    <system-out><![CDATA[2025-08-07 20:26:49,191 INFO  [io.api.tes.uti.TestSeparator] (main) ############################################################################
2025-08-07 20:26:49,191 INFO  [io.api.tes.uti.TestSeparator] (main) io.apicurio.tests.serdes.apicurio.AvroSerdeIT.testWrongSchema-STARTED
**** Registry Base URL: http://registry-app-inmemory.apps.ci419.apicurio-testing.org:80
2025-08-07 20:26:50,262 INFO  [org.apa.kaf.cli.pro.ProducerConfig] (main) ProducerConfig values: 
	acks = -1
	auto.include.jmx.reporter = true
	batch.size = 16384
	bootstrap.servers = [PLAINTEXT://localhost:32769]
	buffer.memory = 33554432
	client.dns.lookup = use_all_dns_ips
	client.id = Producer-s57fd6fdexdd94x4a9dxa608xc7a4b8ebcfbc
	compression.gzip.level = -1
	compression.lz4.level = 9
	compression.type = none
	compression.zstd.level = 3
	connections.max.idle.ms = 10000
	delivery.timeout.ms = 120000
	enable.idempotence = true
	enable.metrics.push = true
	interceptor.classes = []
	key.serializer = class org.apache.kafka.common.serialization.StringSerializer
	linger.ms = 0
	max.block.ms = 60000
	max.in.flight.requests.per.connection = 5
	max.request.size = 1048576
	metadata.max.age.ms = 300000
	metadata.max.idle.ms = 300000
	metadata.recovery.strategy = none
	metric.reporters = []
	metrics.num.samples = 2
	metrics.recording.level = INFO
	metrics.sample.window.ms = 30000
	partitioner.adaptive.partitioning.enable = true
	partitioner.availability.timeout.ms = 0
	partitioner.class = null
	partitioner.ignore.keys = false
	receive.buffer.bytes = 32768
	reconnect.backoff.max.ms = 1000
	reconnect.backoff.ms = 50
	request.timeout.ms = 5000
	retries = 2147483647
	retry.backoff.max.ms = 1000
	retry.backoff.ms = 100
	sasl.client.callback.handler.class = null
	sasl.jaas.config = null
	sasl.kerberos.kinit.cmd = /usr/bin/kinit
	sasl.kerberos.min.time.before.relogin = 60000
	sasl.kerberos.service.name = null
	sasl.kerberos.ticket.renew.jitter = 0.05
	sasl.kerberos.ticket.renew.window.factor = 0.8
	sasl.login.callback.handler.class = null
	sasl.login.class = null
	sasl.login.connect.timeout.ms = null
	sasl.login.read.timeout.ms = null
	sasl.login.refresh.buffer.seconds = 300
	sasl.login.refresh.min.period.seconds = 60
	sasl.login.refresh.window.factor = 0.8
	sasl.login.refresh.window.jitter = 0.05
	sasl.login.retry.backoff.max.ms = 10000
	sasl.login.retry.backoff.ms = 100
	sasl.mechanism = GSSAPI
	sasl.oauthbearer.clock.skew.seconds = 30
	sasl.oauthbearer.expected.audience = null
	sasl.oauthbearer.expected.issuer = null
	sasl.oauthbearer.header.urlencode = false
	sasl.oauthbearer.jwks.endpoint.refresh.ms = 3600000
	sasl.oauthbearer.jwks.endpoint.retry.backoff.max.ms = 10000
	sasl.oauthbearer.jwks.endpoint.retry.backoff.ms = 100
	sasl.oauthbearer.jwks.endpoint.url = null
	sasl.oauthbearer.scope.claim.name = scope
	sasl.oauthbearer.sub.claim.name = sub
	sasl.oauthbearer.token.endpoint.url = null
	security.protocol = PLAINTEXT
	security.providers = null
	send.buffer.bytes = 131072
	socket.connection.setup.timeout.max.ms = 30000
	socket.connection.setup.timeout.ms = 10000
	ssl.cipher.suites = null
	ssl.enabled.protocols = [TLSv1.2, TLSv1.3]
	ssl.endpoint.identification.algorithm = https
	ssl.engine.factory.class = null
	ssl.key.password = null
	ssl.keymanager.algorithm = SunX509
	ssl.keystore.certificate.chain = null
	ssl.keystore.key = null
	ssl.keystore.location = null
	ssl.keystore.password = null
	ssl.keystore.type = JKS
	ssl.protocol = TLSv1.3
	ssl.provider = null
	ssl.secure.random.implementation = null
	ssl.trustmanager.algorithm = PKIX
	ssl.truststore.certificates = null
	ssl.truststore.location = null
	ssl.truststore.password = null
	ssl.truststore.type = JKS
	transaction.timeout.ms = 60000
	transactional.id = null
	value.serializer = class io.apicurio.registry.serde.avro.AvroKafkaSerializer

2025-08-07 20:26:50,262 INFO  [org.apa.kaf.com.tel.int.KafkaMetricsCollector] (main) initializing Kafka metrics collector
2025-08-07 20:26:50,267 INFO  [org.apa.kaf.cli.pro.KafkaProducer] (main) [Producer clientId=Producer-s57fd6fdexdd94x4a9dxa608xc7a4b8ebcfbc] Instantiated an idempotent producer.
2025-08-07 20:26:50,272 INFO  [org.apa.kaf.cli.pro.ProducerConfig] (main) These configurations '[apicurio.registry.find-latest, apicurio.registry.url, apicurio.registry.artifact-resolver-strategy]' were supplied but are not used yet.
2025-08-07 20:26:50,272 INFO  [org.apa.kaf.com.uti.AppInfoParser] (main) Kafka version: 3.9.1
2025-08-07 20:26:50,272 INFO  [org.apa.kaf.com.uti.AppInfoParser] (main) Kafka commitId: f745dfdcee2b9851
2025-08-07 20:26:50,272 INFO  [org.apa.kaf.com.uti.AppInfoParser] (main) Kafka startTimeMs: 1754598410272
2025-08-07 20:26:50,275 INFO  [io.api.tes.ser.api.KafkaSerdesTester] (Thread-612) Sending message {"keyB": "value-0"} to topic s57fd6fdexdd94x4a9dxa608xc7a4b8ebcfbc
2025-08-07 20:26:50,284 INFO  [org.apa.kaf.cli.Metadata] (kafka-producer-network-thread | Producer-s57fd6fdexdd94x4a9dxa608xc7a4b8ebcfbc) [Producer clientId=Producer-s57fd6fdexdd94x4a9dxa608xc7a4b8ebcfbc] Cluster ID: hNYxEGJzT_KJiJb9MK3e4A
2025-08-07 20:26:50,286 INFO  [org.apa.kaf.cli.pro.int.TransactionManager] (kafka-producer-network-thread | Producer-s57fd6fdexdd94x4a9dxa608xc7a4b8ebcfbc) [Producer clientId=Producer-s57fd6fdexdd94x4a9dxa608xc7a4b8ebcfbc] ProducerId set to 2 with epoch 0
2025-08-07 20:26:50,369 INFO  [org.apa.kaf.cli.pro.KafkaProducer] (Thread-612) [Producer clientId=Producer-s57fd6fdexdd94x4a9dxa608xc7a4b8ebcfbc] Closing the Kafka producer with timeoutMillis = 9223372036854775807 ms.
2025-08-07 20:26:50,375 INFO  [org.apa.kaf.com.met.Metrics] (Thread-612) Metrics scheduler closed
2025-08-07 20:26:50,376 INFO  [org.apa.kaf.com.met.Metrics] (Thread-612) Closing reporter org.apache.kafka.common.metrics.JmxReporter
2025-08-07 20:26:50,376 INFO  [org.apa.kaf.com.met.Metrics] (Thread-612) Closing reporter org.apache.kafka.common.telemetry.internals.ClientTelemetryReporter
2025-08-07 20:26:50,376 INFO  [org.apa.kaf.com.met.Metrics] (Thread-612) Metrics reporters closed
2025-08-07 20:26:50,376 INFO  [org.apa.kaf.com.uti.AppInfoParser] (Thread-612) App info kafka.producer for Producer-s57fd6fdexdd94x4a9dxa608xc7a4b8ebcfbc unregistered
2025-08-07 20:26:50,377 INFO  [io.api.tes.uti.TestSeparator] (main) io.apicurio.tests.serdes.apicurio.AvroSerdeIT.testWrongSchema-FINISHED
2025-08-07 20:26:50,377 INFO  [io.api.tes.uti.TestSeparator] (main) ############################################################################
Test passed: testWrongSchema
]]></system-out>
    <system-err><![CDATA[io.apicurio.registry.rest.client.models.ProblemDetails
	at io.apicurio.registry.rest.client.models.ProblemDetails.createFromDiscriminatorValue(ProblemDetails.java:58)
	at io.kiota.serialization.json.JsonParseNode.getObjectValue(JsonParseNode.java:247)
	at io.kiota.http.vertx.VertXRequestAdapter.lambda$throwIfFailedResponse$0(VertXRequestAdapter.java:400)
	at com.microsoft.kiota.ApiExceptionBuilder.<init>(ApiExceptionBuilder.java:26)
	at io.kiota.http.vertx.VertXRequestAdapter.throwIfFailedResponse(VertXRequestAdapter.java:399)
	at io.kiota.http.vertx.VertXRequestAdapter.send(VertXRequestAdapter.java:170)
	at io.apicurio.registry.rest.client.groups.item.artifacts.item.versions.item.WithVersionExpressionItemRequestBuilder.get(WithVersionExpressionItemRequestBuilder.java:128)
	at io.apicurio.registry.rest.client.groups.item.artifacts.item.versions.item.WithVersionExpressionItemRequestBuilder.get(WithVersionExpressionItemRequestBuilder.java:111)
	at io.apicurio.registry.resolver.client.RegistryClientFacadeImpl.getVersionCoordinatesByGAV(RegistryClientFacadeImpl.java:159)
	at io.apicurio.registry.resolver.DefaultSchemaResolver.resolveByCoordinates(DefaultSchemaResolver.java:352)
	at io.apicurio.registry.resolver.DefaultSchemaResolver.lambda$resolveSchemaByArtifactReferenceCached$6(DefaultSchemaResolver.java:340)
	at io.apicurio.registry.resolver.cache.ERCache.lambda$getValue$0(ERCache.java:174)
	at io.apicurio.registry.resolver.cache.ERCache.retry(ERCache.java:227)
	at io.apicurio.registry.resolver.cache.ERCache.getValue(ERCache.java:173)
	at io.apicurio.registry.resolver.cache.ERCache.getByArtifactCoordinates(ERCache.java:158)
	at io.apicurio.registry.resolver.DefaultSchemaResolver.resolveSchemaByArtifactReferenceCached(DefaultSchemaResolver.java:338)
	at io.apicurio.registry.resolver.DefaultSchemaResolver.resolveSchemaByCoordinates(DefaultSchemaResolver.java:193)
	at io.apicurio.registry.resolver.DefaultSchemaResolver.getSchemaFromRegistry(DefaultSchemaResolver.java:130)
	at io.apicurio.registry.resolver.DefaultSchemaResolver.lambda$resolveSchema$0(DefaultSchemaResolver.java:84)
	at java.base/java.util.Optional.orElseGet(Optional.java:364)
	at io.apicurio.registry.resolver.DefaultSchemaResolver.resolveSchema(DefaultSchemaResolver.java:84)
	at io.apicurio.registry.serde.AbstractSerializer.serializeData(AbstractSerializer.java:62)
	at io.apicurio.registry.serde.KafkaSerializer.serialize(KafkaSerializer.java:77)
	at org.apache.kafka.clients.producer.KafkaProducer.doSend(KafkaProducer.java:1046)
	at org.apache.kafka.clients.producer.KafkaProducer.send(KafkaProducer.java:993)
	at org.apache.kafka.clients.producer.KafkaProducer.send(KafkaProducer.java:875)
	at io.apicurio.tests.serdes.apicurio.KafkaSerdesTester.lambda$produceMessages$3(KafkaSerdesTester.java:138)
	at java.base/java.util.concurrent.CompletableFuture$AsyncSupply.run(CompletableFuture.java:1768)
	at java.base/java.lang.Thread.run(Thread.java:840)
]]></system-err>
  </testcase>
  <testcase name="testAvroJSON" classname="io.apicurio.tests.serdes.apicurio.AvroSerdeIT" time="3.967">
    <system-out><![CDATA[2025-08-07 20:26:50,383 INFO  [io.api.tes.uti.TestSeparator] (main) ############################################################################
2025-08-07 20:26:50,383 INFO  [io.api.tes.uti.TestSeparator] (main) io.apicurio.tests.serdes.apicurio.AvroSerdeIT.testAvroJSON-STARTED
**** Registry Base URL: http://registry-app-inmemory.apps.ci419.apicurio-testing.org:80
2025-08-07 20:26:50,393 INFO  [org.apa.kaf.cli.pro.ProducerConfig] (main) ProducerConfig values: 
	acks = -1
	auto.include.jmx.reporter = true
	batch.size = 16384
	bootstrap.servers = [PLAINTEXT://localhost:32769]
	buffer.memory = 33554432
	client.dns.lookup = use_all_dns_ips
	client.id = Producer-topic-5b2f02db_9448_4b87_9164_e3939d6ddf80
	compression.gzip.level = -1
	compression.lz4.level = 9
	compression.type = none
	compression.zstd.level = 3
	connections.max.idle.ms = 10000
	delivery.timeout.ms = 120000
	enable.idempotence = true
	enable.metrics.push = true
	interceptor.classes = []
	key.serializer = class org.apache.kafka.common.serialization.StringSerializer
	linger.ms = 0
	max.block.ms = 60000
	max.in.flight.requests.per.connection = 5
	max.request.size = 1048576
	metadata.max.age.ms = 300000
	metadata.max.idle.ms = 300000
	metadata.recovery.strategy = none
	metric.reporters = []
	metrics.num.samples = 2
	metrics.recording.level = INFO
	metrics.sample.window.ms = 30000
	partitioner.adaptive.partitioning.enable = true
	partitioner.availability.timeout.ms = 0
	partitioner.class = null
	partitioner.ignore.keys = false
	receive.buffer.bytes = 32768
	reconnect.backoff.max.ms = 1000
	reconnect.backoff.ms = 50
	request.timeout.ms = 5000
	retries = 2147483647
	retry.backoff.max.ms = 1000
	retry.backoff.ms = 100
	sasl.client.callback.handler.class = null
	sasl.jaas.config = null
	sasl.kerberos.kinit.cmd = /usr/bin/kinit
	sasl.kerberos.min.time.before.relogin = 60000
	sasl.kerberos.service.name = null
	sasl.kerberos.ticket.renew.jitter = 0.05
	sasl.kerberos.ticket.renew.window.factor = 0.8
	sasl.login.callback.handler.class = null
	sasl.login.class = null
	sasl.login.connect.timeout.ms = null
	sasl.login.read.timeout.ms = null
	sasl.login.refresh.buffer.seconds = 300
	sasl.login.refresh.min.period.seconds = 60
	sasl.login.refresh.window.factor = 0.8
	sasl.login.refresh.window.jitter = 0.05
	sasl.login.retry.backoff.max.ms = 10000
	sasl.login.retry.backoff.ms = 100
	sasl.mechanism = GSSAPI
	sasl.oauthbearer.clock.skew.seconds = 30
	sasl.oauthbearer.expected.audience = null
	sasl.oauthbearer.expected.issuer = null
	sasl.oauthbearer.header.urlencode = false
	sasl.oauthbearer.jwks.endpoint.refresh.ms = 3600000
	sasl.oauthbearer.jwks.endpoint.retry.backoff.max.ms = 10000
	sasl.oauthbearer.jwks.endpoint.retry.backoff.ms = 100
	sasl.oauthbearer.jwks.endpoint.url = null
	sasl.oauthbearer.scope.claim.name = scope
	sasl.oauthbearer.sub.claim.name = sub
	sasl.oauthbearer.token.endpoint.url = null
	security.protocol = PLAINTEXT
	security.providers = null
	send.buffer.bytes = 131072
	socket.connection.setup.timeout.max.ms = 30000
	socket.connection.setup.timeout.ms = 10000
	ssl.cipher.suites = null
	ssl.enabled.protocols = [TLSv1.2, TLSv1.3]
	ssl.endpoint.identification.algorithm = https
	ssl.engine.factory.class = null
	ssl.key.password = null
	ssl.keymanager.algorithm = SunX509
	ssl.keystore.certificate.chain = null
	ssl.keystore.key = null
	ssl.keystore.location = null
	ssl.keystore.password = null
	ssl.keystore.type = JKS
	ssl.protocol = TLSv1.3
	ssl.provider = null
	ssl.secure.random.implementation = null
	ssl.trustmanager.algorithm = PKIX
	ssl.truststore.certificates = null
	ssl.truststore.location = null
	ssl.truststore.password = null
	ssl.truststore.type = JKS
	transaction.timeout.ms = 60000
	transactional.id = null
	value.serializer = class io.apicurio.registry.serde.avro.AvroKafkaSerializer

2025-08-07 20:26:50,393 INFO  [org.apa.kaf.com.tel.int.KafkaMetricsCollector] (main) initializing Kafka metrics collector
2025-08-07 20:26:50,402 INFO  [org.apa.kaf.cli.pro.KafkaProducer] (main) [Producer clientId=Producer-topic-5b2f02db_9448_4b87_9164_e3939d6ddf80] Instantiated an idempotent producer.
2025-08-07 20:26:50,406 INFO  [org.apa.kaf.cli.pro.ProducerConfig] (main) These configurations '[apicurio.registry.avro.encoding, apicurio.registry.url, apicurio.registry.auto-register, apicurio.registry.artifact-resolver-strategy]' were supplied but are not used yet.
2025-08-07 20:26:50,406 INFO  [org.apa.kaf.com.uti.AppInfoParser] (main) Kafka version: 3.9.1
2025-08-07 20:26:50,406 INFO  [org.apa.kaf.com.uti.AppInfoParser] (main) Kafka commitId: f745dfdcee2b9851
2025-08-07 20:26:50,406 INFO  [org.apa.kaf.com.uti.AppInfoParser] (main) Kafka startTimeMs: 1754598410406
2025-08-07 20:26:50,406 INFO  [io.api.tes.ser.api.SimpleSerdesTesterBuilder$SimpleSerdesTester] (main) Using producer configuration: {apicurio.registry.avro.encoding=JSON, apicurio.registry.url=http://registry-app-inmemory.apps.ci419.apicurio-testing.org:80/apis/registry/v3, apicurio.registry.auto-register=true, apicurio.registry.artifact-resolver-strategy=io.apicurio.registry.serde.strategy.TopicIdStrategy, value.serializer=io.apicurio.registry.serde.avro.AvroKafkaSerializer, request.timeout.ms=5000, acks=all, bootstrap.servers=PLAINTEXT://localhost:32769, connections.max.idle.ms=10000, key.serializer=org.apache.kafka.common.serialization.StringSerializer, client.id=Producer-topic-5b2f02db_9448_4b87_9164_e3939d6ddf80}
2025-08-07 20:26:50,407 INFO  [io.api.tes.ser.api.SimpleSerdesTesterBuilder$SimpleSerdesTester] (main) Using consumer configuration: {apicurio.registry.avro.encoding=JSON}
2025-08-07 20:26:50,407 INFO  [io.api.tes.ser.api.KafkaSerdesTester] (Thread-615) Sending message {"bar": "value-0"} to topic topic-5b2f02db_9448_4b87_9164_e3939d6ddf80
2025-08-07 20:26:50,413 WARN  [org.apa.kaf.cli.NetworkClient] (kafka-producer-network-thread | Producer-topic-5b2f02db_9448_4b87_9164_e3939d6ddf80) [Producer clientId=Producer-topic-5b2f02db_9448_4b87_9164_e3939d6ddf80] The metadata response from the cluster reported a recoverable issue with correlation id 1 : {topic-5b2f02db_9448_4b87_9164_e3939d6ddf80=UNKNOWN_TOPIC_OR_PARTITION}
2025-08-07 20:26:50,414 INFO  [org.apa.kaf.cli.Metadata] (kafka-producer-network-thread | Producer-topic-5b2f02db_9448_4b87_9164_e3939d6ddf80) [Producer clientId=Producer-topic-5b2f02db_9448_4b87_9164_e3939d6ddf80] Cluster ID: hNYxEGJzT_KJiJb9MK3e4A
2025-08-07 20:26:50,414 INFO  [org.apa.kaf.cli.pro.int.TransactionManager] (kafka-producer-network-thread | Producer-topic-5b2f02db_9448_4b87_9164_e3939d6ddf80) [Producer clientId=Producer-topic-5b2f02db_9448_4b87_9164_e3939d6ddf80] ProducerId set to 3 with epoch 0
2025-08-07 20:26:50,603 INFO  [io.api.tes.ser.api.KafkaSerdesTester] (Thread-615) Sending message {"bar": "value-1"} to topic topic-5b2f02db_9448_4b87_9164_e3939d6ddf80
2025-08-07 20:26:50,608 INFO  [io.api.tes.ser.api.KafkaSerdesTester] (Thread-615) Sending message {"bar": "value-2"} to topic topic-5b2f02db_9448_4b87_9164_e3939d6ddf80
2025-08-07 20:26:50,612 INFO  [io.api.tes.ser.api.KafkaSerdesTester] (Thread-615) Sending message {"bar": "value-3"} to topic topic-5b2f02db_9448_4b87_9164_e3939d6ddf80
2025-08-07 20:26:50,614 INFO  [io.api.tes.ser.api.KafkaSerdesTester] (Thread-615) Sending message {"bar": "value-4"} to topic topic-5b2f02db_9448_4b87_9164_e3939d6ddf80
2025-08-07 20:26:50,617 INFO  [io.api.tes.ser.api.KafkaSerdesTester] (Thread-615) Sending message {"bar": "value-5"} to topic topic-5b2f02db_9448_4b87_9164_e3939d6ddf80
2025-08-07 20:26:50,619 INFO  [io.api.tes.ser.api.KafkaSerdesTester] (Thread-615) Sending message {"bar": "value-6"} to topic topic-5b2f02db_9448_4b87_9164_e3939d6ddf80
2025-08-07 20:26:50,621 INFO  [io.api.tes.ser.api.KafkaSerdesTester] (Thread-615) Sending message {"bar": "value-7"} to topic topic-5b2f02db_9448_4b87_9164_e3939d6ddf80
2025-08-07 20:26:50,624 INFO  [io.api.tes.ser.api.KafkaSerdesTester] (Thread-615) Sending message {"bar": "value-8"} to topic topic-5b2f02db_9448_4b87_9164_e3939d6ddf80
2025-08-07 20:26:50,628 INFO  [io.api.tes.ser.api.KafkaSerdesTester] (Thread-615) Sending message {"bar": "value-9"} to topic topic-5b2f02db_9448_4b87_9164_e3939d6ddf80
2025-08-07 20:26:50,631 INFO  [io.api.tes.ser.api.KafkaSerdesTester] (Thread-615) Produced 10 messages
2025-08-07 20:26:50,631 INFO  [org.apa.kaf.cli.pro.KafkaProducer] (Thread-615) [Producer clientId=Producer-topic-5b2f02db_9448_4b87_9164_e3939d6ddf80] Closing the Kafka producer with timeoutMillis = 9223372036854775807 ms.
2025-08-07 20:26:50,635 INFO  [org.apa.kaf.com.met.Metrics] (Thread-615) Metrics scheduler closed
2025-08-07 20:26:50,635 INFO  [org.apa.kaf.com.met.Metrics] (Thread-615) Closing reporter org.apache.kafka.common.metrics.JmxReporter
2025-08-07 20:26:50,635 INFO  [org.apa.kaf.com.met.Metrics] (Thread-615) Closing reporter org.apache.kafka.common.telemetry.internals.ClientTelemetryReporter
2025-08-07 20:26:50,635 INFO  [org.apa.kaf.com.met.Metrics] (Thread-615) Metrics reporters closed
2025-08-07 20:26:50,636 INFO  [org.apa.kaf.com.uti.AppInfoParser] (Thread-615) App info kafka.producer for Producer-topic-5b2f02db_9448_4b87_9164_e3939d6ddf80 unregistered
**** Registry Base URL: http://registry-app-inmemory.apps.ci419.apicurio-testing.org:80
2025-08-07 20:26:50,695 INFO  [org.apa.kaf.cli.con.ConsumerConfig] (main) ConsumerConfig values: 
	allow.auto.create.topics = true
	auto.commit.interval.ms = 500
	auto.include.jmx.reporter = true
	auto.offset.reset = earliest
	bootstrap.servers = [PLAINTEXT://localhost:32769]
	check.crcs = true
	client.dns.lookup = use_all_dns_ips
	client.id = consumer-Consumer-topic-5b2f02db_9448_4b87_9164_e3939d6ddf80-3
	client.rack = 
	connections.max.idle.ms = 10000
	default.api.timeout.ms = 60000
	enable.auto.commit = true
	enable.metrics.push = true
	exclude.internal.topics = true
	fetch.max.bytes = 52428800
	fetch.max.wait.ms = 500
	fetch.min.bytes = 1
	group.id = Consumer-topic-5b2f02db_9448_4b87_9164_e3939d6ddf80
	group.instance.id = null
	group.protocol = classic
	group.remote.assignor = null
	heartbeat.interval.ms = 3000
	interceptor.classes = []
	internal.leave.group.on.close = true
	internal.throw.on.fetch.stable.offset.unsupported = false
	isolation.level = read_uncommitted
	key.deserializer = class org.apache.kafka.common.serialization.StringDeserializer
	max.partition.fetch.bytes = 1048576
	max.poll.interval.ms = 300000
	max.poll.records = 500
	metadata.max.age.ms = 300000
	metadata.recovery.strategy = none
	metric.reporters = []
	metrics.num.samples = 2
	metrics.recording.level = INFO
	metrics.sample.window.ms = 30000
	partition.assignment.strategy = [class org.apache.kafka.clients.consumer.RangeAssignor, class org.apache.kafka.clients.consumer.CooperativeStickyAssignor]
	receive.buffer.bytes = 65536
	reconnect.backoff.max.ms = 1000
	reconnect.backoff.ms = 50
	request.timeout.ms = 5000
	retry.backoff.max.ms = 1000
	retry.backoff.ms = 100
	sasl.client.callback.handler.class = null
	sasl.jaas.config = null
	sasl.kerberos.kinit.cmd = /usr/bin/kinit
	sasl.kerberos.min.time.before.relogin = 60000
	sasl.kerberos.service.name = null
	sasl.kerberos.ticket.renew.jitter = 0.05
	sasl.kerberos.ticket.renew.window.factor = 0.8
	sasl.login.callback.handler.class = null
	sasl.login.class = null
	sasl.login.connect.timeout.ms = null
	sasl.login.read.timeout.ms = null
	sasl.login.refresh.buffer.seconds = 300
	sasl.login.refresh.min.period.seconds = 60
	sasl.login.refresh.window.factor = 0.8
	sasl.login.refresh.window.jitter = 0.05
	sasl.login.retry.backoff.max.ms = 10000
	sasl.login.retry.backoff.ms = 100
	sasl.mechanism = GSSAPI
	sasl.oauthbearer.clock.skew.seconds = 30
	sasl.oauthbearer.expected.audience = null
	sasl.oauthbearer.expected.issuer = null
	sasl.oauthbearer.header.urlencode = false
	sasl.oauthbearer.jwks.endpoint.refresh.ms = 3600000
	sasl.oauthbearer.jwks.endpoint.retry.backoff.max.ms = 10000
	sasl.oauthbearer.jwks.endpoint.retry.backoff.ms = 100
	sasl.oauthbearer.jwks.endpoint.url = null
	sasl.oauthbearer.scope.claim.name = scope
	sasl.oauthbearer.sub.claim.name = sub
	sasl.oauthbearer.token.endpoint.url = null
	security.protocol = PLAINTEXT
	security.providers = null
	send.buffer.bytes = 131072
	session.timeout.ms = 45000
	socket.connection.setup.timeout.max.ms = 30000
	socket.connection.setup.timeout.ms = 10000
	ssl.cipher.suites = null
	ssl.enabled.protocols = [TLSv1.2, TLSv1.3]
	ssl.endpoint.identification.algorithm = https
	ssl.engine.factory.class = null
	ssl.key.password = null
	ssl.keymanager.algorithm = SunX509
	ssl.keystore.certificate.chain = null
	ssl.keystore.key = null
	ssl.keystore.location = null
	ssl.keystore.password = null
	ssl.keystore.type = JKS
	ssl.protocol = TLSv1.3
	ssl.provider = null
	ssl.secure.random.implementation = null
	ssl.trustmanager.algorithm = PKIX
	ssl.truststore.certificates = null
	ssl.truststore.location = null
	ssl.truststore.password = null
	ssl.truststore.type = JKS
	value.deserializer = class io.apicurio.registry.serde.avro.AvroKafkaDeserializer

2025-08-07 20:26:50,696 INFO  [org.apa.kaf.com.tel.int.KafkaMetricsCollector] (main) initializing Kafka metrics collector
2025-08-07 20:26:50,705 INFO  [org.apa.kaf.cli.con.ConsumerConfig] (main) These configurations '[apicurio.registry.avro.encoding, apicurio.registry.url]' were supplied but are not used yet.
2025-08-07 20:26:50,705 INFO  [org.apa.kaf.com.uti.AppInfoParser] (main) Kafka version: 3.9.1
2025-08-07 20:26:50,705 INFO  [org.apa.kaf.com.uti.AppInfoParser] (main) Kafka commitId: f745dfdcee2b9851
2025-08-07 20:26:50,705 INFO  [org.apa.kaf.com.uti.AppInfoParser] (main) Kafka startTimeMs: 1754598410705
2025-08-07 20:26:50,705 INFO  [org.apa.kaf.cli.con.int.ClassicKafkaConsumer] (Thread-618) [Consumer clientId=consumer-Consumer-topic-5b2f02db_9448_4b87_9164_e3939d6ddf80-3, groupId=Consumer-topic-5b2f02db_9448_4b87_9164_e3939d6ddf80] Subscribed to topic(s): topic-5b2f02db_9448_4b87_9164_e3939d6ddf80
2025-08-07 20:26:50,715 INFO  [org.apa.kaf.cli.Metadata] (Thread-618) [Consumer clientId=consumer-Consumer-topic-5b2f02db_9448_4b87_9164_e3939d6ddf80-3, groupId=Consumer-topic-5b2f02db_9448_4b87_9164_e3939d6ddf80] Cluster ID: hNYxEGJzT_KJiJb9MK3e4A
2025-08-07 20:26:50,718 INFO  [org.apa.kaf.cli.con.int.ConsumerCoordinator] (Thread-618) [Consumer clientId=consumer-Consumer-topic-5b2f02db_9448_4b87_9164_e3939d6ddf80-3, groupId=Consumer-topic-5b2f02db_9448_4b87_9164_e3939d6ddf80] Discovered group coordinator localhost:32769 (id: 2147483647 rack: null)
2025-08-07 20:26:50,722 INFO  [org.apa.kaf.cli.con.int.ConsumerCoordinator] (Thread-618) [Consumer clientId=consumer-Consumer-topic-5b2f02db_9448_4b87_9164_e3939d6ddf80-3, groupId=Consumer-topic-5b2f02db_9448_4b87_9164_e3939d6ddf80] (Re-)joining group
2025-08-07 20:26:50,727 INFO  [org.apa.kaf.cli.con.int.ConsumerCoordinator] (Thread-618) [Consumer clientId=consumer-Consumer-topic-5b2f02db_9448_4b87_9164_e3939d6ddf80-3, groupId=Consumer-topic-5b2f02db_9448_4b87_9164_e3939d6ddf80] Request joining group due to: need to re-join with the given member-id: consumer-Consumer-topic-5b2f02db_9448_4b87_9164_e3939d6ddf80-3-156f6329-a867-48e9-bb71-a34d703e9b5c
2025-08-07 20:26:50,727 INFO  [org.apa.kaf.cli.con.int.ConsumerCoordinator] (Thread-618) [Consumer clientId=consumer-Consumer-topic-5b2f02db_9448_4b87_9164_e3939d6ddf80-3, groupId=Consumer-topic-5b2f02db_9448_4b87_9164_e3939d6ddf80] (Re-)joining group
2025-08-07 20:26:51,705 INFO  [io.api.tes.ser.api.KafkaSerdesTester] (Thread-618) None found
2025-08-07 20:26:52,706 INFO  [io.api.tes.ser.api.KafkaSerdesTester] (Thread-618) None found
2025-08-07 20:26:53,707 INFO  [io.api.tes.ser.api.KafkaSerdesTester] (Thread-618) None found
2025-08-07 20:26:53,731 INFO  [org.apa.kaf.cli.con.int.ConsumerCoordinator] (Thread-618) [Consumer clientId=consumer-Consumer-topic-5b2f02db_9448_4b87_9164_e3939d6ddf80-3, groupId=Consumer-topic-5b2f02db_9448_4b87_9164_e3939d6ddf80] Successfully joined group with generation Generation{generationId=1, memberId='consumer-Consumer-topic-5b2f02db_9448_4b87_9164_e3939d6ddf80-3-156f6329-a867-48e9-bb71-a34d703e9b5c', protocol='range'}
2025-08-07 20:26:53,731 INFO  [org.apa.kaf.cli.con.int.ConsumerCoordinator] (Thread-618) [Consumer clientId=consumer-Consumer-topic-5b2f02db_9448_4b87_9164_e3939d6ddf80-3, groupId=Consumer-topic-5b2f02db_9448_4b87_9164_e3939d6ddf80] Finished assignment for group at generation 1: {consumer-Consumer-topic-5b2f02db_9448_4b87_9164_e3939d6ddf80-3-156f6329-a867-48e9-bb71-a34d703e9b5c=Assignment(partitions=[topic-5b2f02db_9448_4b87_9164_e3939d6ddf80-0])}
2025-08-07 20:26:53,740 INFO  [org.apa.kaf.cli.con.int.ConsumerCoordinator] (Thread-618) [Consumer clientId=consumer-Consumer-topic-5b2f02db_9448_4b87_9164_e3939d6ddf80-3, groupId=Consumer-topic-5b2f02db_9448_4b87_9164_e3939d6ddf80] Successfully synced group in generation Generation{generationId=1, memberId='consumer-Consumer-topic-5b2f02db_9448_4b87_9164_e3939d6ddf80-3-156f6329-a867-48e9-bb71-a34d703e9b5c', protocol='range'}
2025-08-07 20:26:53,740 INFO  [org.apa.kaf.cli.con.int.ConsumerCoordinator] (Thread-618) [Consumer clientId=consumer-Consumer-topic-5b2f02db_9448_4b87_9164_e3939d6ddf80-3, groupId=Consumer-topic-5b2f02db_9448_4b87_9164_e3939d6ddf80] Notifying assignor about the new Assignment(partitions=[topic-5b2f02db_9448_4b87_9164_e3939d6ddf80-0])
2025-08-07 20:26:53,740 INFO  [org.apa.kaf.cli.con.int.ConsumerRebalanceListenerInvoker] (Thread-618) [Consumer clientId=consumer-Consumer-topic-5b2f02db_9448_4b87_9164_e3939d6ddf80-3, groupId=Consumer-topic-5b2f02db_9448_4b87_9164_e3939d6ddf80] Adding newly assigned partitions: topic-5b2f02db_9448_4b87_9164_e3939d6ddf80-0
2025-08-07 20:26:53,743 INFO  [org.apa.kaf.cli.con.int.ConsumerCoordinator] (Thread-618) [Consumer clientId=consumer-Consumer-topic-5b2f02db_9448_4b87_9164_e3939d6ddf80-3, groupId=Consumer-topic-5b2f02db_9448_4b87_9164_e3939d6ddf80] Found no committed offset for partition topic-5b2f02db_9448_4b87_9164_e3939d6ddf80-0
2025-08-07 20:26:53,748 INFO  [org.apa.kaf.cli.con.int.SubscriptionState] (Thread-618) [Consumer clientId=consumer-Consumer-topic-5b2f02db_9448_4b87_9164_e3939d6ddf80-3, groupId=Consumer-topic-5b2f02db_9448_4b87_9164_e3939d6ddf80] Resetting offset for partition topic-5b2f02db_9448_4b87_9164_e3939d6ddf80-0 to position FetchPosition{offset=0, offsetEpoch=Optional.empty, currentLeader=LeaderAndEpoch{leader=Optional[localhost:32769 (id: 0 rack: null)], epoch=0}}.
2025-08-07 20:26:53,830 INFO  [io.api.tes.ser.api.KafkaSerdesTester] (Thread-618) topic-5b2f02db_9448_4b87_9164_e3939d6ddf80 0 0 {"bar": "value-0"}
2025-08-07 20:26:53,830 INFO  [io.api.tes.ser.api.KafkaSerdesTester] (Thread-618) topic-5b2f02db_9448_4b87_9164_e3939d6ddf80 0 1 {"bar": "value-1"}
2025-08-07 20:26:53,830 INFO  [io.api.tes.ser.api.KafkaSerdesTester] (Thread-618) topic-5b2f02db_9448_4b87_9164_e3939d6ddf80 0 2 {"bar": "value-2"}
2025-08-07 20:26:53,830 INFO  [io.api.tes.ser.api.KafkaSerdesTester] (Thread-618) topic-5b2f02db_9448_4b87_9164_e3939d6ddf80 0 3 {"bar": "value-3"}
2025-08-07 20:26:53,830 INFO  [io.api.tes.ser.api.KafkaSerdesTester] (Thread-618) topic-5b2f02db_9448_4b87_9164_e3939d6ddf80 0 4 {"bar": "value-4"}
2025-08-07 20:26:53,830 INFO  [io.api.tes.ser.api.KafkaSerdesTester] (Thread-618) topic-5b2f02db_9448_4b87_9164_e3939d6ddf80 0 5 {"bar": "value-5"}
2025-08-07 20:26:53,830 INFO  [io.api.tes.ser.api.KafkaSerdesTester] (Thread-618) topic-5b2f02db_9448_4b87_9164_e3939d6ddf80 0 6 {"bar": "value-6"}
2025-08-07 20:26:53,831 INFO  [io.api.tes.ser.api.KafkaSerdesTester] (Thread-618) topic-5b2f02db_9448_4b87_9164_e3939d6ddf80 0 7 {"bar": "value-7"}
2025-08-07 20:26:53,831 INFO  [io.api.tes.ser.api.KafkaSerdesTester] (Thread-618) topic-5b2f02db_9448_4b87_9164_e3939d6ddf80 0 8 {"bar": "value-8"}
2025-08-07 20:26:53,831 INFO  [io.api.tes.ser.api.KafkaSerdesTester] (Thread-618) topic-5b2f02db_9448_4b87_9164_e3939d6ddf80 0 9 {"bar": "value-9"}
2025-08-07 20:26:53,831 INFO  [io.api.tes.ser.api.KafkaSerdesTester] (Thread-618) Consumed 10 messages
2025-08-07 20:26:53,842 INFO  [org.apa.kaf.cli.con.int.ConsumerRebalanceListenerInvoker] (Thread-618) [Consumer clientId=consumer-Consumer-topic-5b2f02db_9448_4b87_9164_e3939d6ddf80-3, groupId=Consumer-topic-5b2f02db_9448_4b87_9164_e3939d6ddf80] Revoke previously assigned partitions topic-5b2f02db_9448_4b87_9164_e3939d6ddf80-0
2025-08-07 20:26:53,842 INFO  [org.apa.kaf.cli.con.int.ConsumerCoordinator] (Thread-618) [Consumer clientId=consumer-Consumer-topic-5b2f02db_9448_4b87_9164_e3939d6ddf80-3, groupId=Consumer-topic-5b2f02db_9448_4b87_9164_e3939d6ddf80] Member consumer-Consumer-topic-5b2f02db_9448_4b87_9164_e3939d6ddf80-3-156f6329-a867-48e9-bb71-a34d703e9b5c sending LeaveGroup request to coordinator localhost:32769 (id: 2147483647 rack: null) due to the consumer is being closed
2025-08-07 20:26:53,843 INFO  [org.apa.kaf.cli.con.int.ConsumerCoordinator] (Thread-618) [Consumer clientId=consumer-Consumer-topic-5b2f02db_9448_4b87_9164_e3939d6ddf80-3, groupId=Consumer-topic-5b2f02db_9448_4b87_9164_e3939d6ddf80] Resetting generation and member id due to: consumer pro-actively leaving the group
2025-08-07 20:26:53,843 INFO  [org.apa.kaf.cli.con.int.ConsumerCoordinator] (Thread-618) [Consumer clientId=consumer-Consumer-topic-5b2f02db_9448_4b87_9164_e3939d6ddf80-3, groupId=Consumer-topic-5b2f02db_9448_4b87_9164_e3939d6ddf80] Request joining group due to: consumer pro-actively leaving the group
2025-08-07 20:26:54,337 INFO  [org.apa.kaf.com.met.Metrics] (Thread-618) Metrics scheduler closed
2025-08-07 20:26:54,337 INFO  [org.apa.kaf.com.met.Metrics] (Thread-618) Closing reporter org.apache.kafka.common.metrics.JmxReporter
2025-08-07 20:26:54,337 INFO  [org.apa.kaf.com.met.Metrics] (Thread-618) Closing reporter org.apache.kafka.common.telemetry.internals.ClientTelemetryReporter
2025-08-07 20:26:54,337 INFO  [org.apa.kaf.com.met.Metrics] (Thread-618) Metrics reporters closed
2025-08-07 20:26:54,344 INFO  [org.apa.kaf.com.uti.AppInfoParser] (Thread-618) App info kafka.consumer for consumer-Consumer-topic-5b2f02db_9448_4b87_9164_e3939d6ddf80-3 unregistered
2025-08-07 20:26:54,344 INFO  [io.api.tes.uti.TestSeparator] (main) io.apicurio.tests.serdes.apicurio.AvroSerdeIT.testAvroJSON-FINISHED
2025-08-07 20:26:54,344 INFO  [io.api.tes.uti.TestSeparator] (main) ############################################################################
Test passed: testAvroJSON
]]></system-out>
  </testcase>
  <testcase name="testTopicIdStrategyAutoRegister" classname="io.apicurio.tests.serdes.apicurio.AvroSerdeIT" time="3.982">
    <system-out><![CDATA[2025-08-07 20:26:54,350 INFO  [io.api.tes.uti.TestSeparator] (main) ############################################################################
2025-08-07 20:26:54,350 INFO  [io.api.tes.uti.TestSeparator] (main) io.apicurio.tests.serdes.apicurio.AvroSerdeIT.testTopicIdStrategyAutoRegister-STARTED
**** Registry Base URL: http://registry-app-inmemory.apps.ci419.apicurio-testing.org:80
2025-08-07 20:26:54,352 INFO  [org.apa.kaf.cli.pro.ProducerConfig] (main) ProducerConfig values: 
	acks = -1
	auto.include.jmx.reporter = true
	batch.size = 16384
	bootstrap.servers = [PLAINTEXT://localhost:32769]
	buffer.memory = 33554432
	client.dns.lookup = use_all_dns_ips
	client.id = Producer-topic-9629cc92_3731_42bd_91a1_253f7d1ebadc
	compression.gzip.level = -1
	compression.lz4.level = 9
	compression.type = none
	compression.zstd.level = 3
	connections.max.idle.ms = 10000
	delivery.timeout.ms = 120000
	enable.idempotence = true
	enable.metrics.push = true
	interceptor.classes = []
	key.serializer = class org.apache.kafka.common.serialization.StringSerializer
	linger.ms = 0
	max.block.ms = 60000
	max.in.flight.requests.per.connection = 5
	max.request.size = 1048576
	metadata.max.age.ms = 300000
	metadata.max.idle.ms = 300000
	metadata.recovery.strategy = none
	metric.reporters = []
	metrics.num.samples = 2
	metrics.recording.level = INFO
	metrics.sample.window.ms = 30000
	partitioner.adaptive.partitioning.enable = true
	partitioner.availability.timeout.ms = 0
	partitioner.class = null
	partitioner.ignore.keys = false
	receive.buffer.bytes = 32768
	reconnect.backoff.max.ms = 1000
	reconnect.backoff.ms = 50
	request.timeout.ms = 5000
	retries = 2147483647
	retry.backoff.max.ms = 1000
	retry.backoff.ms = 100
	sasl.client.callback.handler.class = null
	sasl.jaas.config = null
	sasl.kerberos.kinit.cmd = /usr/bin/kinit
	sasl.kerberos.min.time.before.relogin = 60000
	sasl.kerberos.service.name = null
	sasl.kerberos.ticket.renew.jitter = 0.05
	sasl.kerberos.ticket.renew.window.factor = 0.8
	sasl.login.callback.handler.class = null
	sasl.login.class = null
	sasl.login.connect.timeout.ms = null
	sasl.login.read.timeout.ms = null
	sasl.login.refresh.buffer.seconds = 300
	sasl.login.refresh.min.period.seconds = 60
	sasl.login.refresh.window.factor = 0.8
	sasl.login.refresh.window.jitter = 0.05
	sasl.login.retry.backoff.max.ms = 10000
	sasl.login.retry.backoff.ms = 100
	sasl.mechanism = GSSAPI
	sasl.oauthbearer.clock.skew.seconds = 30
	sasl.oauthbearer.expected.audience = null
	sasl.oauthbearer.expected.issuer = null
	sasl.oauthbearer.header.urlencode = false
	sasl.oauthbearer.jwks.endpoint.refresh.ms = 3600000
	sasl.oauthbearer.jwks.endpoint.retry.backoff.max.ms = 10000
	sasl.oauthbearer.jwks.endpoint.retry.backoff.ms = 100
	sasl.oauthbearer.jwks.endpoint.url = null
	sasl.oauthbearer.scope.claim.name = scope
	sasl.oauthbearer.sub.claim.name = sub
	sasl.oauthbearer.token.endpoint.url = null
	security.protocol = PLAINTEXT
	security.providers = null
	send.buffer.bytes = 131072
	socket.connection.setup.timeout.max.ms = 30000
	socket.connection.setup.timeout.ms = 10000
	ssl.cipher.suites = null
	ssl.enabled.protocols = [TLSv1.2, TLSv1.3]
	ssl.endpoint.identification.algorithm = https
	ssl.engine.factory.class = null
	ssl.key.password = null
	ssl.keymanager.algorithm = SunX509
	ssl.keystore.certificate.chain = null
	ssl.keystore.key = null
	ssl.keystore.location = null
	ssl.keystore.password = null
	ssl.keystore.type = JKS
	ssl.protocol = TLSv1.3
	ssl.provider = null
	ssl.secure.random.implementation = null
	ssl.trustmanager.algorithm = PKIX
	ssl.truststore.certificates = null
	ssl.truststore.location = null
	ssl.truststore.password = null
	ssl.truststore.type = JKS
	transaction.timeout.ms = 60000
	transactional.id = null
	value.serializer = class io.apicurio.registry.serde.avro.AvroKafkaSerializer

2025-08-07 20:26:54,356 INFO  [org.apa.kaf.com.tel.int.KafkaMetricsCollector] (main) initializing Kafka metrics collector
2025-08-07 20:26:54,363 INFO  [org.apa.kaf.cli.pro.KafkaProducer] (main) [Producer clientId=Producer-topic-9629cc92_3731_42bd_91a1_253f7d1ebadc] Instantiated an idempotent producer.
2025-08-07 20:26:54,367 INFO  [org.apa.kaf.cli.pro.ProducerConfig] (main) These configurations '[apicurio.registry.url, apicurio.registry.auto-register, apicurio.registry.artifact-resolver-strategy]' were supplied but are not used yet.
2025-08-07 20:26:54,367 INFO  [org.apa.kaf.com.uti.AppInfoParser] (main) Kafka version: 3.9.1
2025-08-07 20:26:54,367 INFO  [org.apa.kaf.com.uti.AppInfoParser] (main) Kafka commitId: f745dfdcee2b9851
2025-08-07 20:26:54,367 INFO  [org.apa.kaf.com.uti.AppInfoParser] (main) Kafka startTimeMs: 1754598414367
2025-08-07 20:26:54,367 INFO  [io.api.tes.ser.api.SimpleSerdesTesterBuilder$SimpleSerdesTester] (main) Using producer configuration: {apicurio.registry.url=http://registry-app-inmemory.apps.ci419.apicurio-testing.org:80/apis/registry/v3, apicurio.registry.auto-register=true, apicurio.registry.artifact-resolver-strategy=io.apicurio.registry.serde.strategy.TopicIdStrategy, value.serializer=io.apicurio.registry.serde.avro.AvroKafkaSerializer, request.timeout.ms=5000, acks=all, bootstrap.servers=PLAINTEXT://localhost:32769, connections.max.idle.ms=10000, key.serializer=org.apache.kafka.common.serialization.StringSerializer, client.id=Producer-topic-9629cc92_3731_42bd_91a1_253f7d1ebadc}
2025-08-07 20:26:54,370 INFO  [io.api.tes.ser.api.SimpleSerdesTesterBuilder$SimpleSerdesTester] (main) Using consumer configuration: {}
2025-08-07 20:26:54,373 INFO  [org.apa.kaf.cli.Metadata] (kafka-producer-network-thread | Producer-topic-9629cc92_3731_42bd_91a1_253f7d1ebadc) [Producer clientId=Producer-topic-9629cc92_3731_42bd_91a1_253f7d1ebadc] Cluster ID: hNYxEGJzT_KJiJb9MK3e4A
2025-08-07 20:26:54,374 INFO  [org.apa.kaf.cli.pro.int.TransactionManager] (kafka-producer-network-thread | Producer-topic-9629cc92_3731_42bd_91a1_253f7d1ebadc) [Producer clientId=Producer-topic-9629cc92_3731_42bd_91a1_253f7d1ebadc] ProducerId set to 4 with epoch 0
2025-08-07 20:26:54,373 INFO  [io.api.tes.ser.api.KafkaSerdesTester] (Thread-621) Sending message {"key11754598414350": "value-0"} to topic topic-9629cc92_3731_42bd_91a1_253f7d1ebadc
2025-08-07 20:26:54,383 WARN  [org.apa.kaf.cli.NetworkClient] (kafka-producer-network-thread | Producer-topic-9629cc92_3731_42bd_91a1_253f7d1ebadc) [Producer clientId=Producer-topic-9629cc92_3731_42bd_91a1_253f7d1ebadc] The metadata response from the cluster reported a recoverable issue with correlation id 5 : {topic-9629cc92_3731_42bd_91a1_253f7d1ebadc=UNKNOWN_TOPIC_OR_PARTITION}
2025-08-07 20:26:54,546 INFO  [io.api.tes.ser.api.KafkaSerdesTester] (Thread-621) Sending message {"key11754598414350": "value-1"} to topic topic-9629cc92_3731_42bd_91a1_253f7d1ebadc
2025-08-07 20:26:54,552 INFO  [io.api.tes.ser.api.KafkaSerdesTester] (Thread-621) Sending message {"key11754598414350": "value-2"} to topic topic-9629cc92_3731_42bd_91a1_253f7d1ebadc
2025-08-07 20:26:54,555 INFO  [io.api.tes.ser.api.KafkaSerdesTester] (Thread-621) Sending message {"key11754598414350": "value-3"} to topic topic-9629cc92_3731_42bd_91a1_253f7d1ebadc
2025-08-07 20:26:54,558 INFO  [io.api.tes.ser.api.KafkaSerdesTester] (Thread-621) Sending message {"key11754598414350": "value-4"} to topic topic-9629cc92_3731_42bd_91a1_253f7d1ebadc
2025-08-07 20:26:54,561 INFO  [io.api.tes.ser.api.KafkaSerdesTester] (Thread-621) Sending message {"key11754598414350": "value-5"} to topic topic-9629cc92_3731_42bd_91a1_253f7d1ebadc
2025-08-07 20:26:54,562 INFO  [io.api.tes.ser.api.KafkaSerdesTester] (Thread-621) Sending message {"key11754598414350": "value-6"} to topic topic-9629cc92_3731_42bd_91a1_253f7d1ebadc
2025-08-07 20:26:54,564 INFO  [io.api.tes.ser.api.KafkaSerdesTester] (Thread-621) Sending message {"key11754598414350": "value-7"} to topic topic-9629cc92_3731_42bd_91a1_253f7d1ebadc
2025-08-07 20:26:54,566 INFO  [io.api.tes.ser.api.KafkaSerdesTester] (Thread-621) Sending message {"key11754598414350": "value-8"} to topic topic-9629cc92_3731_42bd_91a1_253f7d1ebadc
2025-08-07 20:26:54,568 INFO  [io.api.tes.ser.api.KafkaSerdesTester] (Thread-621) Sending message {"key11754598414350": "value-9"} to topic topic-9629cc92_3731_42bd_91a1_253f7d1ebadc
2025-08-07 20:26:54,570 INFO  [io.api.tes.ser.api.KafkaSerdesTester] (Thread-621) Produced 10 messages
2025-08-07 20:26:54,570 INFO  [org.apa.kaf.cli.pro.KafkaProducer] (Thread-621) [Producer clientId=Producer-topic-9629cc92_3731_42bd_91a1_253f7d1ebadc] Closing the Kafka producer with timeoutMillis = 9223372036854775807 ms.
2025-08-07 20:26:54,573 INFO  [org.apa.kaf.com.met.Metrics] (Thread-621) Metrics scheduler closed
2025-08-07 20:26:54,573 INFO  [org.apa.kaf.com.met.Metrics] (Thread-621) Closing reporter org.apache.kafka.common.metrics.JmxReporter
2025-08-07 20:26:54,573 INFO  [org.apa.kaf.com.met.Metrics] (Thread-621) Closing reporter org.apache.kafka.common.telemetry.internals.ClientTelemetryReporter
2025-08-07 20:26:54,573 INFO  [org.apa.kaf.com.met.Metrics] (Thread-621) Metrics reporters closed
2025-08-07 20:26:54,573 INFO  [org.apa.kaf.com.uti.AppInfoParser] (Thread-621) App info kafka.producer for Producer-topic-9629cc92_3731_42bd_91a1_253f7d1ebadc unregistered
**** Registry Base URL: http://registry-app-inmemory.apps.ci419.apicurio-testing.org:80
2025-08-07 20:26:54,634 INFO  [org.apa.kaf.cli.con.ConsumerConfig] (main) ConsumerConfig values: 
	allow.auto.create.topics = true
	auto.commit.interval.ms = 500
	auto.include.jmx.reporter = true
	auto.offset.reset = earliest
	bootstrap.servers = [PLAINTEXT://localhost:32769]
	check.crcs = true
	client.dns.lookup = use_all_dns_ips
	client.id = consumer-Consumer-topic-9629cc92_3731_42bd_91a1_253f7d1ebadc-4
	client.rack = 
	connections.max.idle.ms = 10000
	default.api.timeout.ms = 60000
	enable.auto.commit = true
	enable.metrics.push = true
	exclude.internal.topics = true
	fetch.max.bytes = 52428800
	fetch.max.wait.ms = 500
	fetch.min.bytes = 1
	group.id = Consumer-topic-9629cc92_3731_42bd_91a1_253f7d1ebadc
	group.instance.id = null
	group.protocol = classic
	group.remote.assignor = null
	heartbeat.interval.ms = 3000
	interceptor.classes = []
	internal.leave.group.on.close = true
	internal.throw.on.fetch.stable.offset.unsupported = false
	isolation.level = read_uncommitted
	key.deserializer = class org.apache.kafka.common.serialization.StringDeserializer
	max.partition.fetch.bytes = 1048576
	max.poll.interval.ms = 300000
	max.poll.records = 500
	metadata.max.age.ms = 300000
	metadata.recovery.strategy = none
	metric.reporters = []
	metrics.num.samples = 2
	metrics.recording.level = INFO
	metrics.sample.window.ms = 30000
	partition.assignment.strategy = [class org.apache.kafka.clients.consumer.RangeAssignor, class org.apache.kafka.clients.consumer.CooperativeStickyAssignor]
	receive.buffer.bytes = 65536
	reconnect.backoff.max.ms = 1000
	reconnect.backoff.ms = 50
	request.timeout.ms = 5000
	retry.backoff.max.ms = 1000
	retry.backoff.ms = 100
	sasl.client.callback.handler.class = null
	sasl.jaas.config = null
	sasl.kerberos.kinit.cmd = /usr/bin/kinit
	sasl.kerberos.min.time.before.relogin = 60000
	sasl.kerberos.service.name = null
	sasl.kerberos.ticket.renew.jitter = 0.05
	sasl.kerberos.ticket.renew.window.factor = 0.8
	sasl.login.callback.handler.class = null
	sasl.login.class = null
	sasl.login.connect.timeout.ms = null
	sasl.login.read.timeout.ms = null
	sasl.login.refresh.buffer.seconds = 300
	sasl.login.refresh.min.period.seconds = 60
	sasl.login.refresh.window.factor = 0.8
	sasl.login.refresh.window.jitter = 0.05
	sasl.login.retry.backoff.max.ms = 10000
	sasl.login.retry.backoff.ms = 100
	sasl.mechanism = GSSAPI
	sasl.oauthbearer.clock.skew.seconds = 30
	sasl.oauthbearer.expected.audience = null
	sasl.oauthbearer.expected.issuer = null
	sasl.oauthbearer.header.urlencode = false
	sasl.oauthbearer.jwks.endpoint.refresh.ms = 3600000
	sasl.oauthbearer.jwks.endpoint.retry.backoff.max.ms = 10000
	sasl.oauthbearer.jwks.endpoint.retry.backoff.ms = 100
	sasl.oauthbearer.jwks.endpoint.url = null
	sasl.oauthbearer.scope.claim.name = scope
	sasl.oauthbearer.sub.claim.name = sub
	sasl.oauthbearer.token.endpoint.url = null
	security.protocol = PLAINTEXT
	security.providers = null
	send.buffer.bytes = 131072
	session.timeout.ms = 45000
	socket.connection.setup.timeout.max.ms = 30000
	socket.connection.setup.timeout.ms = 10000
	ssl.cipher.suites = null
	ssl.enabled.protocols = [TLSv1.2, TLSv1.3]
	ssl.endpoint.identification.algorithm = https
	ssl.engine.factory.class = null
	ssl.key.password = null
	ssl.keymanager.algorithm = SunX509
	ssl.keystore.certificate.chain = null
	ssl.keystore.key = null
	ssl.keystore.location = null
	ssl.keystore.password = null
	ssl.keystore.type = JKS
	ssl.protocol = TLSv1.3
	ssl.provider = null
	ssl.secure.random.implementation = null
	ssl.trustmanager.algorithm = PKIX
	ssl.truststore.certificates = null
	ssl.truststore.location = null
	ssl.truststore.password = null
	ssl.truststore.type = JKS
	value.deserializer = class io.apicurio.registry.serde.avro.AvroKafkaDeserializer

2025-08-07 20:26:54,634 INFO  [org.apa.kaf.com.tel.int.KafkaMetricsCollector] (main) initializing Kafka metrics collector
2025-08-07 20:26:54,643 INFO  [org.apa.kaf.cli.con.ConsumerConfig] (main) These configurations '[apicurio.registry.url]' were supplied but are not used yet.
2025-08-07 20:26:54,644 INFO  [org.apa.kaf.com.uti.AppInfoParser] (main) Kafka version: 3.9.1
2025-08-07 20:26:54,644 INFO  [org.apa.kaf.com.uti.AppInfoParser] (main) Kafka commitId: f745dfdcee2b9851
2025-08-07 20:26:54,645 INFO  [org.apa.kaf.com.uti.AppInfoParser] (main) Kafka startTimeMs: 1754598414644
2025-08-07 20:26:54,645 INFO  [org.apa.kaf.cli.con.int.ClassicKafkaConsumer] (Thread-624) [Consumer clientId=consumer-Consumer-topic-9629cc92_3731_42bd_91a1_253f7d1ebadc-4, groupId=Consumer-topic-9629cc92_3731_42bd_91a1_253f7d1ebadc] Subscribed to topic(s): topic-9629cc92_3731_42bd_91a1_253f7d1ebadc
2025-08-07 20:26:54,654 INFO  [org.apa.kaf.cli.Metadata] (Thread-624) [Consumer clientId=consumer-Consumer-topic-9629cc92_3731_42bd_91a1_253f7d1ebadc-4, groupId=Consumer-topic-9629cc92_3731_42bd_91a1_253f7d1ebadc] Cluster ID: hNYxEGJzT_KJiJb9MK3e4A
2025-08-07 20:26:54,658 INFO  [org.apa.kaf.cli.con.int.ConsumerCoordinator] (Thread-624) [Consumer clientId=consumer-Consumer-topic-9629cc92_3731_42bd_91a1_253f7d1ebadc-4, groupId=Consumer-topic-9629cc92_3731_42bd_91a1_253f7d1ebadc] Discovered group coordinator localhost:32769 (id: 2147483647 rack: null)
2025-08-07 20:26:54,662 INFO  [org.apa.kaf.cli.con.int.ConsumerCoordinator] (Thread-624) [Consumer clientId=consumer-Consumer-topic-9629cc92_3731_42bd_91a1_253f7d1ebadc-4, groupId=Consumer-topic-9629cc92_3731_42bd_91a1_253f7d1ebadc] (Re-)joining group
2025-08-07 20:26:54,665 INFO  [org.apa.kaf.cli.con.int.ConsumerCoordinator] (Thread-624) [Consumer clientId=consumer-Consumer-topic-9629cc92_3731_42bd_91a1_253f7d1ebadc-4, groupId=Consumer-topic-9629cc92_3731_42bd_91a1_253f7d1ebadc] Request joining group due to: need to re-join with the given member-id: consumer-Consumer-topic-9629cc92_3731_42bd_91a1_253f7d1ebadc-4-0e26df3a-881d-4f42-ba6c-525f551bb5ff
2025-08-07 20:26:54,665 INFO  [org.apa.kaf.cli.con.int.ConsumerCoordinator] (Thread-624) [Consumer clientId=consumer-Consumer-topic-9629cc92_3731_42bd_91a1_253f7d1ebadc-4, groupId=Consumer-topic-9629cc92_3731_42bd_91a1_253f7d1ebadc] (Re-)joining group
2025-08-07 20:26:55,645 INFO  [io.api.tes.ser.api.KafkaSerdesTester] (Thread-624) None found
2025-08-07 20:26:56,645 INFO  [io.api.tes.ser.api.KafkaSerdesTester] (Thread-624) None found
2025-08-07 20:26:57,645 INFO  [io.api.tes.ser.api.KafkaSerdesTester] (Thread-624) None found
2025-08-07 20:26:57,668 INFO  [org.apa.kaf.cli.con.int.ConsumerCoordinator] (Thread-624) [Consumer clientId=consumer-Consumer-topic-9629cc92_3731_42bd_91a1_253f7d1ebadc-4, groupId=Consumer-topic-9629cc92_3731_42bd_91a1_253f7d1ebadc] Successfully joined group with generation Generation{generationId=1, memberId='consumer-Consumer-topic-9629cc92_3731_42bd_91a1_253f7d1ebadc-4-0e26df3a-881d-4f42-ba6c-525f551bb5ff', protocol='range'}
2025-08-07 20:26:57,669 INFO  [org.apa.kaf.cli.con.int.ConsumerCoordinator] (Thread-624) [Consumer clientId=consumer-Consumer-topic-9629cc92_3731_42bd_91a1_253f7d1ebadc-4, groupId=Consumer-topic-9629cc92_3731_42bd_91a1_253f7d1ebadc] Finished assignment for group at generation 1: {consumer-Consumer-topic-9629cc92_3731_42bd_91a1_253f7d1ebadc-4-0e26df3a-881d-4f42-ba6c-525f551bb5ff=Assignment(partitions=[topic-9629cc92_3731_42bd_91a1_253f7d1ebadc-0])}
2025-08-07 20:26:57,676 INFO  [org.apa.kaf.cli.con.int.ConsumerCoordinator] (Thread-624) [Consumer clientId=consumer-Consumer-topic-9629cc92_3731_42bd_91a1_253f7d1ebadc-4, groupId=Consumer-topic-9629cc92_3731_42bd_91a1_253f7d1ebadc] Successfully synced group in generation Generation{generationId=1, memberId='consumer-Consumer-topic-9629cc92_3731_42bd_91a1_253f7d1ebadc-4-0e26df3a-881d-4f42-ba6c-525f551bb5ff', protocol='range'}
2025-08-07 20:26:57,676 INFO  [org.apa.kaf.cli.con.int.ConsumerCoordinator] (Thread-624) [Consumer clientId=consumer-Consumer-topic-9629cc92_3731_42bd_91a1_253f7d1ebadc-4, groupId=Consumer-topic-9629cc92_3731_42bd_91a1_253f7d1ebadc] Notifying assignor about the new Assignment(partitions=[topic-9629cc92_3731_42bd_91a1_253f7d1ebadc-0])
2025-08-07 20:26:57,676 INFO  [org.apa.kaf.cli.con.int.ConsumerRebalanceListenerInvoker] (Thread-624) [Consumer clientId=consumer-Consumer-topic-9629cc92_3731_42bd_91a1_253f7d1ebadc-4, groupId=Consumer-topic-9629cc92_3731_42bd_91a1_253f7d1ebadc] Adding newly assigned partitions: topic-9629cc92_3731_42bd_91a1_253f7d1ebadc-0
2025-08-07 20:26:57,679 INFO  [org.apa.kaf.cli.con.int.ConsumerCoordinator] (Thread-624) [Consumer clientId=consumer-Consumer-topic-9629cc92_3731_42bd_91a1_253f7d1ebadc-4, groupId=Consumer-topic-9629cc92_3731_42bd_91a1_253f7d1ebadc] Found no committed offset for partition topic-9629cc92_3731_42bd_91a1_253f7d1ebadc-0
2025-08-07 20:26:57,683 INFO  [org.apa.kaf.cli.con.int.SubscriptionState] (Thread-624) [Consumer clientId=consumer-Consumer-topic-9629cc92_3731_42bd_91a1_253f7d1ebadc-4, groupId=Consumer-topic-9629cc92_3731_42bd_91a1_253f7d1ebadc] Resetting offset for partition topic-9629cc92_3731_42bd_91a1_253f7d1ebadc-0 to position FetchPosition{offset=0, offsetEpoch=Optional.empty, currentLeader=LeaderAndEpoch{leader=Optional[localhost:32769 (id: 0 rack: null)], epoch=0}}.
2025-08-07 20:26:57,765 INFO  [io.api.tes.ser.api.KafkaSerdesTester] (Thread-624) topic-9629cc92_3731_42bd_91a1_253f7d1ebadc 0 0 {"key11754598414350": "value-0"}
2025-08-07 20:26:57,765 INFO  [io.api.tes.ser.api.KafkaSerdesTester] (Thread-624) topic-9629cc92_3731_42bd_91a1_253f7d1ebadc 0 1 {"key11754598414350": "value-1"}
2025-08-07 20:26:57,765 INFO  [io.api.tes.ser.api.KafkaSerdesTester] (Thread-624) topic-9629cc92_3731_42bd_91a1_253f7d1ebadc 0 2 {"key11754598414350": "value-2"}
2025-08-07 20:26:57,765 INFO  [io.api.tes.ser.api.KafkaSerdesTester] (Thread-624) topic-9629cc92_3731_42bd_91a1_253f7d1ebadc 0 3 {"key11754598414350": "value-3"}
2025-08-07 20:26:57,766 INFO  [io.api.tes.ser.api.KafkaSerdesTester] (Thread-624) topic-9629cc92_3731_42bd_91a1_253f7d1ebadc 0 4 {"key11754598414350": "value-4"}
2025-08-07 20:26:57,766 INFO  [io.api.tes.ser.api.KafkaSerdesTester] (Thread-624) topic-9629cc92_3731_42bd_91a1_253f7d1ebadc 0 5 {"key11754598414350": "value-5"}
2025-08-07 20:26:57,766 INFO  [io.api.tes.ser.api.KafkaSerdesTester] (Thread-624) topic-9629cc92_3731_42bd_91a1_253f7d1ebadc 0 6 {"key11754598414350": "value-6"}
2025-08-07 20:26:57,766 INFO  [io.api.tes.ser.api.KafkaSerdesTester] (Thread-624) topic-9629cc92_3731_42bd_91a1_253f7d1ebadc 0 7 {"key11754598414350": "value-7"}
2025-08-07 20:26:57,766 INFO  [io.api.tes.ser.api.KafkaSerdesTester] (Thread-624) topic-9629cc92_3731_42bd_91a1_253f7d1ebadc 0 8 {"key11754598414350": "value-8"}
2025-08-07 20:26:57,766 INFO  [io.api.tes.ser.api.KafkaSerdesTester] (Thread-624) topic-9629cc92_3731_42bd_91a1_253f7d1ebadc 0 9 {"key11754598414350": "value-9"}
2025-08-07 20:26:57,766 INFO  [io.api.tes.ser.api.KafkaSerdesTester] (Thread-624) Consumed 10 messages
2025-08-07 20:26:57,773 INFO  [org.apa.kaf.cli.con.int.ConsumerRebalanceListenerInvoker] (Thread-624) [Consumer clientId=consumer-Consumer-topic-9629cc92_3731_42bd_91a1_253f7d1ebadc-4, groupId=Consumer-topic-9629cc92_3731_42bd_91a1_253f7d1ebadc] Revoke previously assigned partitions topic-9629cc92_3731_42bd_91a1_253f7d1ebadc-0
2025-08-07 20:26:57,773 INFO  [org.apa.kaf.cli.con.int.ConsumerCoordinator] (Thread-624) [Consumer clientId=consumer-Consumer-topic-9629cc92_3731_42bd_91a1_253f7d1ebadc-4, groupId=Consumer-topic-9629cc92_3731_42bd_91a1_253f7d1ebadc] Member consumer-Consumer-topic-9629cc92_3731_42bd_91a1_253f7d1ebadc-4-0e26df3a-881d-4f42-ba6c-525f551bb5ff sending LeaveGroup request to coordinator localhost:32769 (id: 2147483647 rack: null) due to the consumer is being closed
2025-08-07 20:26:57,773 INFO  [org.apa.kaf.cli.con.int.ConsumerCoordinator] (Thread-624) [Consumer clientId=consumer-Consumer-topic-9629cc92_3731_42bd_91a1_253f7d1ebadc-4, groupId=Consumer-topic-9629cc92_3731_42bd_91a1_253f7d1ebadc] Resetting generation and member id due to: consumer pro-actively leaving the group
2025-08-07 20:26:57,773 INFO  [org.apa.kaf.cli.con.int.ConsumerCoordinator] (Thread-624) [Consumer clientId=consumer-Consumer-topic-9629cc92_3731_42bd_91a1_253f7d1ebadc-4, groupId=Consumer-topic-9629cc92_3731_42bd_91a1_253f7d1ebadc] Request joining group due to: consumer pro-actively leaving the group
2025-08-07 20:26:58,270 INFO  [org.apa.kaf.com.met.Metrics] (Thread-624) Metrics scheduler closed
2025-08-07 20:26:58,270 INFO  [org.apa.kaf.com.met.Metrics] (Thread-624) Closing reporter org.apache.kafka.common.metrics.JmxReporter
2025-08-07 20:26:58,270 INFO  [org.apa.kaf.com.met.Metrics] (Thread-624) Closing reporter org.apache.kafka.common.telemetry.internals.ClientTelemetryReporter
2025-08-07 20:26:58,270 INFO  [org.apa.kaf.com.met.Metrics] (Thread-624) Metrics reporters closed
2025-08-07 20:26:58,273 INFO  [org.apa.kaf.com.uti.AppInfoParser] (Thread-624) App info kafka.consumer for consumer-Consumer-topic-9629cc92_3731_42bd_91a1_253f7d1ebadc-4 unregistered
2025-08-07 20:26:58,329 INFO  [io.api.tes.uti.TestSeparator] (main) io.apicurio.tests.serdes.apicurio.AvroSerdeIT.testTopicIdStrategyAutoRegister-FINISHED
2025-08-07 20:26:58,329 INFO  [io.api.tes.uti.TestSeparator] (main) ############################################################################
Test passed: testTopicIdStrategyAutoRegister
]]></system-out>
  </testcase>
  <testcase name="testRecordIdStrategydFindLatest" classname="io.apicurio.tests.serdes.apicurio.AvroSerdeIT" time="4.899">
    <system-out><![CDATA[2025-08-07 20:26:58,331 INFO  [io.api.tes.uti.TestSeparator] (main) ############################################################################
2025-08-07 20:26:58,331 INFO  [io.api.tes.uti.TestSeparator] (main) io.apicurio.tests.serdes.apicurio.AvroSerdeIT.testRecordIdStrategydFindLatest-STARTED
2025-08-07 20:26:58,335 INFO  [io.api.tes.ser.api.AvroSerdeIT] (main) Registering Avro Schema: {"type":"record","name":"s2b1e0105x27d0x4703xb538x2e94503edbd8","namespace":"scf45b825x6749x436fxb638xbed0bc3e078b","fields":[{"name":"key11754598418334","type":"string"}]}
**** Registry Base URL: http://registry-app-inmemory.apps.ci419.apicurio-testing.org:80
2025-08-07 20:26:59,404 INFO  [org.apa.kaf.cli.pro.ProducerConfig] (main) ProducerConfig values: 
	acks = -1
	auto.include.jmx.reporter = true
	batch.size = 16384
	bootstrap.servers = [PLAINTEXT://localhost:32769]
	buffer.memory = 33554432
	client.dns.lookup = use_all_dns_ips
	client.id = Producer-topic-0e32b270_3279_4c6d_b41a_374515983aeb
	compression.gzip.level = -1
	compression.lz4.level = 9
	compression.type = none
	compression.zstd.level = 3
	connections.max.idle.ms = 10000
	delivery.timeout.ms = 120000
	enable.idempotence = true
	enable.metrics.push = true
	interceptor.classes = []
	key.serializer = class org.apache.kafka.common.serialization.StringSerializer
	linger.ms = 0
	max.block.ms = 60000
	max.in.flight.requests.per.connection = 5
	max.request.size = 1048576
	metadata.max.age.ms = 300000
	metadata.max.idle.ms = 300000
	metadata.recovery.strategy = none
	metric.reporters = []
	metrics.num.samples = 2
	metrics.recording.level = INFO
	metrics.sample.window.ms = 30000
	partitioner.adaptive.partitioning.enable = true
	partitioner.availability.timeout.ms = 0
	partitioner.class = null
	partitioner.ignore.keys = false
	receive.buffer.bytes = 32768
	reconnect.backoff.max.ms = 1000
	reconnect.backoff.ms = 50
	request.timeout.ms = 5000
	retries = 2147483647
	retry.backoff.max.ms = 1000
	retry.backoff.ms = 100
	sasl.client.callback.handler.class = null
	sasl.jaas.config = null
	sasl.kerberos.kinit.cmd = /usr/bin/kinit
	sasl.kerberos.min.time.before.relogin = 60000
	sasl.kerberos.service.name = null
	sasl.kerberos.ticket.renew.jitter = 0.05
	sasl.kerberos.ticket.renew.window.factor = 0.8
	sasl.login.callback.handler.class = null
	sasl.login.class = null
	sasl.login.connect.timeout.ms = null
	sasl.login.read.timeout.ms = null
	sasl.login.refresh.buffer.seconds = 300
	sasl.login.refresh.min.period.seconds = 60
	sasl.login.refresh.window.factor = 0.8
	sasl.login.refresh.window.jitter = 0.05
	sasl.login.retry.backoff.max.ms = 10000
	sasl.login.retry.backoff.ms = 100
	sasl.mechanism = GSSAPI
	sasl.oauthbearer.clock.skew.seconds = 30
	sasl.oauthbearer.expected.audience = null
	sasl.oauthbearer.expected.issuer = null
	sasl.oauthbearer.header.urlencode = false
	sasl.oauthbearer.jwks.endpoint.refresh.ms = 3600000
	sasl.oauthbearer.jwks.endpoint.retry.backoff.max.ms = 10000
	sasl.oauthbearer.jwks.endpoint.retry.backoff.ms = 100
	sasl.oauthbearer.jwks.endpoint.url = null
	sasl.oauthbearer.scope.claim.name = scope
	sasl.oauthbearer.sub.claim.name = sub
	sasl.oauthbearer.token.endpoint.url = null
	security.protocol = PLAINTEXT
	security.providers = null
	send.buffer.bytes = 131072
	socket.connection.setup.timeout.max.ms = 30000
	socket.connection.setup.timeout.ms = 10000
	ssl.cipher.suites = null
	ssl.enabled.protocols = [TLSv1.2, TLSv1.3]
	ssl.endpoint.identification.algorithm = https
	ssl.engine.factory.class = null
	ssl.key.password = null
	ssl.keymanager.algorithm = SunX509
	ssl.keystore.certificate.chain = null
	ssl.keystore.key = null
	ssl.keystore.location = null
	ssl.keystore.password = null
	ssl.keystore.type = JKS
	ssl.protocol = TLSv1.3
	ssl.provider = null
	ssl.secure.random.implementation = null
	ssl.trustmanager.algorithm = PKIX
	ssl.truststore.certificates = null
	ssl.truststore.location = null
	ssl.truststore.password = null
	ssl.truststore.type = JKS
	transaction.timeout.ms = 60000
	transactional.id = null
	value.serializer = class io.apicurio.registry.serde.avro.AvroKafkaSerializer

2025-08-07 20:26:59,404 INFO  [org.apa.kaf.com.tel.int.KafkaMetricsCollector] (main) initializing Kafka metrics collector
2025-08-07 20:26:59,408 INFO  [org.apa.kaf.cli.pro.KafkaProducer] (main) [Producer clientId=Producer-topic-0e32b270_3279_4c6d_b41a_374515983aeb] Instantiated an idempotent producer.
2025-08-07 20:26:59,410 INFO  [org.apa.kaf.cli.pro.ProducerConfig] (main) These configurations '[apicurio.registry.find-latest, apicurio.registry.url, apicurio.registry.artifact-resolver-strategy]' were supplied but are not used yet.
2025-08-07 20:26:59,411 INFO  [org.apa.kaf.com.uti.AppInfoParser] (main) Kafka version: 3.9.1
2025-08-07 20:26:59,411 INFO  [org.apa.kaf.com.uti.AppInfoParser] (main) Kafka commitId: f745dfdcee2b9851
2025-08-07 20:26:59,411 INFO  [org.apa.kaf.com.uti.AppInfoParser] (main) Kafka startTimeMs: 1754598419411
2025-08-07 20:26:59,411 INFO  [io.api.tes.ser.api.SimpleSerdesTesterBuilder$SimpleSerdesTester] (main) Using producer configuration: {apicurio.registry.find-latest=true, apicurio.registry.url=http://registry-app-inmemory.apps.ci419.apicurio-testing.org:80/apis/registry/v3, apicurio.registry.artifact-resolver-strategy=io.apicurio.registry.serde.avro.strategy.RecordIdStrategy, value.serializer=io.apicurio.registry.serde.avro.AvroKafkaSerializer, request.timeout.ms=5000, acks=all, bootstrap.servers=PLAINTEXT://localhost:32769, connections.max.idle.ms=10000, key.serializer=org.apache.kafka.common.serialization.StringSerializer, client.id=Producer-topic-0e32b270_3279_4c6d_b41a_374515983aeb}
2025-08-07 20:26:59,411 INFO  [io.api.tes.ser.api.SimpleSerdesTesterBuilder$SimpleSerdesTester] (main) Using consumer configuration: {}
2025-08-07 20:26:59,412 INFO  [io.api.tes.ser.api.KafkaSerdesTester] (Thread-627) Sending message {"key11754598418334": "value-0"} to topic topic-0e32b270_3279_4c6d_b41a_374515983aeb
2025-08-07 20:26:59,417 INFO  [org.apa.kaf.cli.Metadata] (kafka-producer-network-thread | Producer-topic-0e32b270_3279_4c6d_b41a_374515983aeb) [Producer clientId=Producer-topic-0e32b270_3279_4c6d_b41a_374515983aeb] Cluster ID: hNYxEGJzT_KJiJb9MK3e4A
2025-08-07 20:26:59,418 INFO  [org.apa.kaf.cli.pro.int.TransactionManager] (kafka-producer-network-thread | Producer-topic-0e32b270_3279_4c6d_b41a_374515983aeb) [Producer clientId=Producer-topic-0e32b270_3279_4c6d_b41a_374515983aeb] ProducerId set to 5 with epoch 0
2025-08-07 20:26:59,531 INFO  [io.api.tes.ser.api.KafkaSerdesTester] (Thread-627) Sending message {"key11754598418334": "value-1"} to topic topic-0e32b270_3279_4c6d_b41a_374515983aeb
2025-08-07 20:26:59,537 INFO  [io.api.tes.ser.api.KafkaSerdesTester] (Thread-627) Sending message {"key11754598418334": "value-2"} to topic topic-0e32b270_3279_4c6d_b41a_374515983aeb
2025-08-07 20:26:59,544 INFO  [io.api.tes.ser.api.KafkaSerdesTester] (Thread-627) Sending message {"key11754598418334": "value-3"} to topic topic-0e32b270_3279_4c6d_b41a_374515983aeb
2025-08-07 20:26:59,546 INFO  [io.api.tes.ser.api.KafkaSerdesTester] (Thread-627) Sending message {"key11754598418334": "value-4"} to topic topic-0e32b270_3279_4c6d_b41a_374515983aeb
2025-08-07 20:26:59,548 INFO  [io.api.tes.ser.api.KafkaSerdesTester] (Thread-627) Sending message {"key11754598418334": "value-5"} to topic topic-0e32b270_3279_4c6d_b41a_374515983aeb
2025-08-07 20:26:59,552 INFO  [io.api.tes.ser.api.KafkaSerdesTester] (Thread-627) Sending message {"key11754598418334": "value-6"} to topic topic-0e32b270_3279_4c6d_b41a_374515983aeb
2025-08-07 20:26:59,556 INFO  [io.api.tes.ser.api.KafkaSerdesTester] (Thread-627) Sending message {"key11754598418334": "value-7"} to topic topic-0e32b270_3279_4c6d_b41a_374515983aeb
2025-08-07 20:26:59,560 INFO  [io.api.tes.ser.api.KafkaSerdesTester] (Thread-627) Sending message {"key11754598418334": "value-8"} to topic topic-0e32b270_3279_4c6d_b41a_374515983aeb
2025-08-07 20:26:59,564 INFO  [io.api.tes.ser.api.KafkaSerdesTester] (Thread-627) Sending message {"key11754598418334": "value-9"} to topic topic-0e32b270_3279_4c6d_b41a_374515983aeb
2025-08-07 20:26:59,567 INFO  [io.api.tes.ser.api.KafkaSerdesTester] (Thread-627) Produced 10 messages
2025-08-07 20:26:59,567 INFO  [org.apa.kaf.cli.pro.KafkaProducer] (Thread-627) [Producer clientId=Producer-topic-0e32b270_3279_4c6d_b41a_374515983aeb] Closing the Kafka producer with timeoutMillis = 9223372036854775807 ms.
2025-08-07 20:26:59,574 INFO  [org.apa.kaf.com.met.Metrics] (Thread-627) Metrics scheduler closed
2025-08-07 20:26:59,574 INFO  [org.apa.kaf.com.met.Metrics] (Thread-627) Closing reporter org.apache.kafka.common.metrics.JmxReporter
2025-08-07 20:26:59,574 INFO  [org.apa.kaf.com.met.Metrics] (Thread-627) Closing reporter org.apache.kafka.common.telemetry.internals.ClientTelemetryReporter
2025-08-07 20:26:59,574 INFO  [org.apa.kaf.com.met.Metrics] (Thread-627) Metrics reporters closed
2025-08-07 20:26:59,574 INFO  [org.apa.kaf.com.uti.AppInfoParser] (Thread-627) App info kafka.producer for Producer-topic-0e32b270_3279_4c6d_b41a_374515983aeb unregistered
**** Registry Base URL: http://registry-app-inmemory.apps.ci419.apicurio-testing.org:80
2025-08-07 20:26:59,577 INFO  [org.apa.kaf.cli.con.ConsumerConfig] (main) ConsumerConfig values: 
	allow.auto.create.topics = true
	auto.commit.interval.ms = 500
	auto.include.jmx.reporter = true
	auto.offset.reset = earliest
	bootstrap.servers = [PLAINTEXT://localhost:32769]
	check.crcs = true
	client.dns.lookup = use_all_dns_ips
	client.id = consumer-Consumer-topic-0e32b270_3279_4c6d_b41a_374515983aeb-5
	client.rack = 
	connections.max.idle.ms = 10000
	default.api.timeout.ms = 60000
	enable.auto.commit = true
	enable.metrics.push = true
	exclude.internal.topics = true
	fetch.max.bytes = 52428800
	fetch.max.wait.ms = 500
	fetch.min.bytes = 1
	group.id = Consumer-topic-0e32b270_3279_4c6d_b41a_374515983aeb
	group.instance.id = null
	group.protocol = classic
	group.remote.assignor = null
	heartbeat.interval.ms = 3000
	interceptor.classes = []
	internal.leave.group.on.close = true
	internal.throw.on.fetch.stable.offset.unsupported = false
	isolation.level = read_uncommitted
	key.deserializer = class org.apache.kafka.common.serialization.StringDeserializer
	max.partition.fetch.bytes = 1048576
	max.poll.interval.ms = 300000
	max.poll.records = 500
	metadata.max.age.ms = 300000
	metadata.recovery.strategy = none
	metric.reporters = []
	metrics.num.samples = 2
	metrics.recording.level = INFO
	metrics.sample.window.ms = 30000
	partition.assignment.strategy = [class org.apache.kafka.clients.consumer.RangeAssignor, class org.apache.kafka.clients.consumer.CooperativeStickyAssignor]
	receive.buffer.bytes = 65536
	reconnect.backoff.max.ms = 1000
	reconnect.backoff.ms = 50
	request.timeout.ms = 5000
	retry.backoff.max.ms = 1000
	retry.backoff.ms = 100
	sasl.client.callback.handler.class = null
	sasl.jaas.config = null
	sasl.kerberos.kinit.cmd = /usr/bin/kinit
	sasl.kerberos.min.time.before.relogin = 60000
	sasl.kerberos.service.name = null
	sasl.kerberos.ticket.renew.jitter = 0.05
	sasl.kerberos.ticket.renew.window.factor = 0.8
	sasl.login.callback.handler.class = null
	sasl.login.class = null
	sasl.login.connect.timeout.ms = null
	sasl.login.read.timeout.ms = null
	sasl.login.refresh.buffer.seconds = 300
	sasl.login.refresh.min.period.seconds = 60
	sasl.login.refresh.window.factor = 0.8
	sasl.login.refresh.window.jitter = 0.05
	sasl.login.retry.backoff.max.ms = 10000
	sasl.login.retry.backoff.ms = 100
	sasl.mechanism = GSSAPI
	sasl.oauthbearer.clock.skew.seconds = 30
	sasl.oauthbearer.expected.audience = null
	sasl.oauthbearer.expected.issuer = null
	sasl.oauthbearer.header.urlencode = false
	sasl.oauthbearer.jwks.endpoint.refresh.ms = 3600000
	sasl.oauthbearer.jwks.endpoint.retry.backoff.max.ms = 10000
	sasl.oauthbearer.jwks.endpoint.retry.backoff.ms = 100
	sasl.oauthbearer.jwks.endpoint.url = null
	sasl.oauthbearer.scope.claim.name = scope
	sasl.oauthbearer.sub.claim.name = sub
	sasl.oauthbearer.token.endpoint.url = null
	security.protocol = PLAINTEXT
	security.providers = null
	send.buffer.bytes = 131072
	session.timeout.ms = 45000
	socket.connection.setup.timeout.max.ms = 30000
	socket.connection.setup.timeout.ms = 10000
	ssl.cipher.suites = null
	ssl.enabled.protocols = [TLSv1.2, TLSv1.3]
	ssl.endpoint.identification.algorithm = https
	ssl.engine.factory.class = null
	ssl.key.password = null
	ssl.keymanager.algorithm = SunX509
	ssl.keystore.certificate.chain = null
	ssl.keystore.key = null
	ssl.keystore.location = null
	ssl.keystore.password = null
	ssl.keystore.type = JKS
	ssl.protocol = TLSv1.3
	ssl.provider = null
	ssl.secure.random.implementation = null
	ssl.trustmanager.algorithm = PKIX
	ssl.truststore.certificates = null
	ssl.truststore.location = null
	ssl.truststore.password = null
	ssl.truststore.type = JKS
	value.deserializer = class io.apicurio.registry.serde.avro.AvroKafkaDeserializer

2025-08-07 20:26:59,577 INFO  [org.apa.kaf.com.tel.int.KafkaMetricsCollector] (main) initializing Kafka metrics collector
2025-08-07 20:26:59,594 INFO  [org.apa.kaf.cli.con.ConsumerConfig] (main) These configurations '[apicurio.registry.url]' were supplied but are not used yet.
2025-08-07 20:26:59,594 INFO  [org.apa.kaf.com.uti.AppInfoParser] (main) Kafka version: 3.9.1
2025-08-07 20:26:59,594 INFO  [org.apa.kaf.com.uti.AppInfoParser] (main) Kafka commitId: f745dfdcee2b9851
2025-08-07 20:26:59,594 INFO  [org.apa.kaf.com.uti.AppInfoParser] (main) Kafka startTimeMs: 1754598419594
2025-08-07 20:26:59,595 INFO  [org.apa.kaf.cli.con.int.ClassicKafkaConsumer] (Thread-630) [Consumer clientId=consumer-Consumer-topic-0e32b270_3279_4c6d_b41a_374515983aeb-5, groupId=Consumer-topic-0e32b270_3279_4c6d_b41a_374515983aeb] Subscribed to topic(s): topic-0e32b270_3279_4c6d_b41a_374515983aeb
2025-08-07 20:26:59,610 INFO  [org.apa.kaf.cli.Metadata] (Thread-630) [Consumer clientId=consumer-Consumer-topic-0e32b270_3279_4c6d_b41a_374515983aeb-5, groupId=Consumer-topic-0e32b270_3279_4c6d_b41a_374515983aeb] Cluster ID: hNYxEGJzT_KJiJb9MK3e4A
2025-08-07 20:26:59,613 INFO  [org.apa.kaf.cli.con.int.ConsumerCoordinator] (Thread-630) [Consumer clientId=consumer-Consumer-topic-0e32b270_3279_4c6d_b41a_374515983aeb-5, groupId=Consumer-topic-0e32b270_3279_4c6d_b41a_374515983aeb] Discovered group coordinator localhost:32769 (id: 2147483647 rack: null)
2025-08-07 20:26:59,615 INFO  [org.apa.kaf.cli.con.int.ConsumerCoordinator] (Thread-630) [Consumer clientId=consumer-Consumer-topic-0e32b270_3279_4c6d_b41a_374515983aeb-5, groupId=Consumer-topic-0e32b270_3279_4c6d_b41a_374515983aeb] (Re-)joining group
2025-08-07 20:26:59,621 INFO  [org.apa.kaf.cli.con.int.ConsumerCoordinator] (Thread-630) [Consumer clientId=consumer-Consumer-topic-0e32b270_3279_4c6d_b41a_374515983aeb-5, groupId=Consumer-topic-0e32b270_3279_4c6d_b41a_374515983aeb] Request joining group due to: need to re-join with the given member-id: consumer-Consumer-topic-0e32b270_3279_4c6d_b41a_374515983aeb-5-ecfe47d8-b9ca-4f54-9eaa-4b9f15703c26
2025-08-07 20:26:59,622 INFO  [org.apa.kaf.cli.con.int.ConsumerCoordinator] (Thread-630) [Consumer clientId=consumer-Consumer-topic-0e32b270_3279_4c6d_b41a_374515983aeb-5, groupId=Consumer-topic-0e32b270_3279_4c6d_b41a_374515983aeb] (Re-)joining group
2025-08-07 20:27:00,595 INFO  [io.api.tes.ser.api.KafkaSerdesTester] (Thread-630) None found
2025-08-07 20:27:01,595 INFO  [io.api.tes.ser.api.KafkaSerdesTester] (Thread-630) None found
2025-08-07 20:27:02,595 INFO  [io.api.tes.ser.api.KafkaSerdesTester] (Thread-630) None found
2025-08-07 20:27:02,624 INFO  [org.apa.kaf.cli.con.int.ConsumerCoordinator] (Thread-630) [Consumer clientId=consumer-Consumer-topic-0e32b270_3279_4c6d_b41a_374515983aeb-5, groupId=Consumer-topic-0e32b270_3279_4c6d_b41a_374515983aeb] Successfully joined group with generation Generation{generationId=1, memberId='consumer-Consumer-topic-0e32b270_3279_4c6d_b41a_374515983aeb-5-ecfe47d8-b9ca-4f54-9eaa-4b9f15703c26', protocol='range'}
2025-08-07 20:27:02,624 INFO  [org.apa.kaf.cli.con.int.ConsumerCoordinator] (Thread-630) [Consumer clientId=consumer-Consumer-topic-0e32b270_3279_4c6d_b41a_374515983aeb-5, groupId=Consumer-topic-0e32b270_3279_4c6d_b41a_374515983aeb] Finished assignment for group at generation 1: {consumer-Consumer-topic-0e32b270_3279_4c6d_b41a_374515983aeb-5-ecfe47d8-b9ca-4f54-9eaa-4b9f15703c26=Assignment(partitions=[topic-0e32b270_3279_4c6d_b41a_374515983aeb-0])}
2025-08-07 20:27:02,631 INFO  [org.apa.kaf.cli.con.int.ConsumerCoordinator] (Thread-630) [Consumer clientId=consumer-Consumer-topic-0e32b270_3279_4c6d_b41a_374515983aeb-5, groupId=Consumer-topic-0e32b270_3279_4c6d_b41a_374515983aeb] Successfully synced group in generation Generation{generationId=1, memberId='consumer-Consumer-topic-0e32b270_3279_4c6d_b41a_374515983aeb-5-ecfe47d8-b9ca-4f54-9eaa-4b9f15703c26', protocol='range'}
2025-08-07 20:27:02,632 INFO  [org.apa.kaf.cli.con.int.ConsumerCoordinator] (Thread-630) [Consumer clientId=consumer-Consumer-topic-0e32b270_3279_4c6d_b41a_374515983aeb-5, groupId=Consumer-topic-0e32b270_3279_4c6d_b41a_374515983aeb] Notifying assignor about the new Assignment(partitions=[topic-0e32b270_3279_4c6d_b41a_374515983aeb-0])
2025-08-07 20:27:02,632 INFO  [org.apa.kaf.cli.con.int.ConsumerRebalanceListenerInvoker] (Thread-630) [Consumer clientId=consumer-Consumer-topic-0e32b270_3279_4c6d_b41a_374515983aeb-5, groupId=Consumer-topic-0e32b270_3279_4c6d_b41a_374515983aeb] Adding newly assigned partitions: topic-0e32b270_3279_4c6d_b41a_374515983aeb-0
2025-08-07 20:27:02,633 INFO  [org.apa.kaf.cli.con.int.ConsumerCoordinator] (Thread-630) [Consumer clientId=consumer-Consumer-topic-0e32b270_3279_4c6d_b41a_374515983aeb-5, groupId=Consumer-topic-0e32b270_3279_4c6d_b41a_374515983aeb] Found no committed offset for partition topic-0e32b270_3279_4c6d_b41a_374515983aeb-0
2025-08-07 20:27:02,641 INFO  [org.apa.kaf.cli.con.int.SubscriptionState] (Thread-630) [Consumer clientId=consumer-Consumer-topic-0e32b270_3279_4c6d_b41a_374515983aeb-5, groupId=Consumer-topic-0e32b270_3279_4c6d_b41a_374515983aeb] Resetting offset for partition topic-0e32b270_3279_4c6d_b41a_374515983aeb-0 to position FetchPosition{offset=0, offsetEpoch=Optional.empty, currentLeader=LeaderAndEpoch{leader=Optional[localhost:32769 (id: 0 rack: null)], epoch=0}}.
2025-08-07 20:27:02,720 INFO  [io.api.tes.ser.api.KafkaSerdesTester] (Thread-630) topic-0e32b270_3279_4c6d_b41a_374515983aeb 0 0 {"key11754598418334": "value-0"}
2025-08-07 20:27:02,721 INFO  [io.api.tes.ser.api.KafkaSerdesTester] (Thread-630) topic-0e32b270_3279_4c6d_b41a_374515983aeb 0 1 {"key11754598418334": "value-1"}
2025-08-07 20:27:02,721 INFO  [io.api.tes.ser.api.KafkaSerdesTester] (Thread-630) topic-0e32b270_3279_4c6d_b41a_374515983aeb 0 2 {"key11754598418334": "value-2"}
2025-08-07 20:27:02,721 INFO  [io.api.tes.ser.api.KafkaSerdesTester] (Thread-630) topic-0e32b270_3279_4c6d_b41a_374515983aeb 0 3 {"key11754598418334": "value-3"}
2025-08-07 20:27:02,721 INFO  [io.api.tes.ser.api.KafkaSerdesTester] (Thread-630) topic-0e32b270_3279_4c6d_b41a_374515983aeb 0 4 {"key11754598418334": "value-4"}
2025-08-07 20:27:02,721 INFO  [io.api.tes.ser.api.KafkaSerdesTester] (Thread-630) topic-0e32b270_3279_4c6d_b41a_374515983aeb 0 5 {"key11754598418334": "value-5"}
2025-08-07 20:27:02,721 INFO  [io.api.tes.ser.api.KafkaSerdesTester] (Thread-630) topic-0e32b270_3279_4c6d_b41a_374515983aeb 0 6 {"key11754598418334": "value-6"}
2025-08-07 20:27:02,721 INFO  [io.api.tes.ser.api.KafkaSerdesTester] (Thread-630) topic-0e32b270_3279_4c6d_b41a_374515983aeb 0 7 {"key11754598418334": "value-7"}
2025-08-07 20:27:02,721 INFO  [io.api.tes.ser.api.KafkaSerdesTester] (Thread-630) topic-0e32b270_3279_4c6d_b41a_374515983aeb 0 8 {"key11754598418334": "value-8"}
2025-08-07 20:27:02,721 INFO  [io.api.tes.ser.api.KafkaSerdesTester] (Thread-630) topic-0e32b270_3279_4c6d_b41a_374515983aeb 0 9 {"key11754598418334": "value-9"}
2025-08-07 20:27:02,721 INFO  [io.api.tes.ser.api.KafkaSerdesTester] (Thread-630) Consumed 10 messages
2025-08-07 20:27:02,730 INFO  [org.apa.kaf.cli.con.int.ConsumerRebalanceListenerInvoker] (Thread-630) [Consumer clientId=consumer-Consumer-topic-0e32b270_3279_4c6d_b41a_374515983aeb-5, groupId=Consumer-topic-0e32b270_3279_4c6d_b41a_374515983aeb] Revoke previously assigned partitions topic-0e32b270_3279_4c6d_b41a_374515983aeb-0
2025-08-07 20:27:02,730 INFO  [org.apa.kaf.cli.con.int.ConsumerCoordinator] (Thread-630) [Consumer clientId=consumer-Consumer-topic-0e32b270_3279_4c6d_b41a_374515983aeb-5, groupId=Consumer-topic-0e32b270_3279_4c6d_b41a_374515983aeb] Member consumer-Consumer-topic-0e32b270_3279_4c6d_b41a_374515983aeb-5-ecfe47d8-b9ca-4f54-9eaa-4b9f15703c26 sending LeaveGroup request to coordinator localhost:32769 (id: 2147483647 rack: null) due to the consumer is being closed
2025-08-07 20:27:02,730 INFO  [org.apa.kaf.cli.con.int.ConsumerCoordinator] (Thread-630) [Consumer clientId=consumer-Consumer-topic-0e32b270_3279_4c6d_b41a_374515983aeb-5, groupId=Consumer-topic-0e32b270_3279_4c6d_b41a_374515983aeb] Resetting generation and member id due to: consumer pro-actively leaving the group
2025-08-07 20:27:02,730 INFO  [org.apa.kaf.cli.con.int.ConsumerCoordinator] (Thread-630) [Consumer clientId=consumer-Consumer-topic-0e32b270_3279_4c6d_b41a_374515983aeb-5, groupId=Consumer-topic-0e32b270_3279_4c6d_b41a_374515983aeb] Request joining group due to: consumer pro-actively leaving the group
2025-08-07 20:27:03,225 INFO  [org.apa.kaf.com.met.Metrics] (Thread-630) Metrics scheduler closed
2025-08-07 20:27:03,225 INFO  [org.apa.kaf.com.met.Metrics] (Thread-630) Closing reporter org.apache.kafka.common.metrics.JmxReporter
2025-08-07 20:27:03,225 INFO  [org.apa.kaf.com.met.Metrics] (Thread-630) Closing reporter org.apache.kafka.common.telemetry.internals.ClientTelemetryReporter
2025-08-07 20:27:03,225 INFO  [org.apa.kaf.com.met.Metrics] (Thread-630) Metrics reporters closed
2025-08-07 20:27:03,228 INFO  [org.apa.kaf.com.uti.AppInfoParser] (Thread-630) App info kafka.consumer for consumer-Consumer-topic-0e32b270_3279_4c6d_b41a_374515983aeb-5 unregistered
2025-08-07 20:27:03,228 INFO  [io.api.tes.uti.TestSeparator] (main) io.apicurio.tests.serdes.apicurio.AvroSerdeIT.testRecordIdStrategydFindLatest-FINISHED
2025-08-07 20:27:03,228 INFO  [io.api.tes.uti.TestSeparator] (main) ############################################################################
Test passed: testRecordIdStrategydFindLatest
]]></system-out>
  </testcase>
  <testcase name="testReflectAutoRegister" classname="io.apicurio.tests.serdes.apicurio.AvroSerdeIT" time="3.956">
    <system-out><![CDATA[2025-08-07 20:27:03,230 INFO  [io.api.tes.uti.TestSeparator] (main) ############################################################################
2025-08-07 20:27:03,230 INFO  [io.api.tes.uti.TestSeparator] (main) io.apicurio.tests.serdes.apicurio.AvroSerdeIT.testReflectAutoRegister-STARTED
**** Registry Base URL: http://registry-app-inmemory.apps.ci419.apicurio-testing.org:80
2025-08-07 20:27:03,238 INFO  [org.apa.kaf.cli.pro.ProducerConfig] (main) ProducerConfig values: 
	acks = -1
	auto.include.jmx.reporter = true
	batch.size = 16384
	bootstrap.servers = [PLAINTEXT://localhost:32769]
	buffer.memory = 33554432
	client.dns.lookup = use_all_dns_ips
	client.id = Producer-topic-d65a6db1_00d3_46ef_a8df_fae6bd66977b
	compression.gzip.level = -1
	compression.lz4.level = 9
	compression.type = none
	compression.zstd.level = 3
	connections.max.idle.ms = 10000
	delivery.timeout.ms = 120000
	enable.idempotence = true
	enable.metrics.push = true
	interceptor.classes = []
	key.serializer = class org.apache.kafka.common.serialization.StringSerializer
	linger.ms = 0
	max.block.ms = 60000
	max.in.flight.requests.per.connection = 5
	max.request.size = 1048576
	metadata.max.age.ms = 300000
	metadata.max.idle.ms = 300000
	metadata.recovery.strategy = none
	metric.reporters = []
	metrics.num.samples = 2
	metrics.recording.level = INFO
	metrics.sample.window.ms = 30000
	partitioner.adaptive.partitioning.enable = true
	partitioner.availability.timeout.ms = 0
	partitioner.class = null
	partitioner.ignore.keys = false
	receive.buffer.bytes = 32768
	reconnect.backoff.max.ms = 1000
	reconnect.backoff.ms = 50
	request.timeout.ms = 5000
	retries = 2147483647
	retry.backoff.max.ms = 1000
	retry.backoff.ms = 100
	sasl.client.callback.handler.class = null
	sasl.jaas.config = null
	sasl.kerberos.kinit.cmd = /usr/bin/kinit
	sasl.kerberos.min.time.before.relogin = 60000
	sasl.kerberos.service.name = null
	sasl.kerberos.ticket.renew.jitter = 0.05
	sasl.kerberos.ticket.renew.window.factor = 0.8
	sasl.login.callback.handler.class = null
	sasl.login.class = null
	sasl.login.connect.timeout.ms = null
	sasl.login.read.timeout.ms = null
	sasl.login.refresh.buffer.seconds = 300
	sasl.login.refresh.min.period.seconds = 60
	sasl.login.refresh.window.factor = 0.8
	sasl.login.refresh.window.jitter = 0.05
	sasl.login.retry.backoff.max.ms = 10000
	sasl.login.retry.backoff.ms = 100
	sasl.mechanism = GSSAPI
	sasl.oauthbearer.clock.skew.seconds = 30
	sasl.oauthbearer.expected.audience = null
	sasl.oauthbearer.expected.issuer = null
	sasl.oauthbearer.header.urlencode = false
	sasl.oauthbearer.jwks.endpoint.refresh.ms = 3600000
	sasl.oauthbearer.jwks.endpoint.retry.backoff.max.ms = 10000
	sasl.oauthbearer.jwks.endpoint.retry.backoff.ms = 100
	sasl.oauthbearer.jwks.endpoint.url = null
	sasl.oauthbearer.scope.claim.name = scope
	sasl.oauthbearer.sub.claim.name = sub
	sasl.oauthbearer.token.endpoint.url = null
	security.protocol = PLAINTEXT
	security.providers = null
	send.buffer.bytes = 131072
	socket.connection.setup.timeout.max.ms = 30000
	socket.connection.setup.timeout.ms = 10000
	ssl.cipher.suites = null
	ssl.enabled.protocols = [TLSv1.2, TLSv1.3]
	ssl.endpoint.identification.algorithm = https
	ssl.engine.factory.class = null
	ssl.key.password = null
	ssl.keymanager.algorithm = SunX509
	ssl.keystore.certificate.chain = null
	ssl.keystore.key = null
	ssl.keystore.location = null
	ssl.keystore.password = null
	ssl.keystore.type = JKS
	ssl.protocol = TLSv1.3
	ssl.provider = null
	ssl.secure.random.implementation = null
	ssl.trustmanager.algorithm = PKIX
	ssl.truststore.certificates = null
	ssl.truststore.location = null
	ssl.truststore.password = null
	ssl.truststore.type = JKS
	transaction.timeout.ms = 60000
	transactional.id = null
	value.serializer = class io.apicurio.registry.serde.avro.AvroKafkaSerializer

2025-08-07 20:27:03,239 INFO  [org.apa.kaf.com.tel.int.KafkaMetricsCollector] (main) initializing Kafka metrics collector
2025-08-07 20:27:03,250 INFO  [org.apa.kaf.cli.pro.KafkaProducer] (main) [Producer clientId=Producer-topic-d65a6db1_00d3_46ef_a8df_fae6bd66977b] Instantiated an idempotent producer.
2025-08-07 20:27:03,252 INFO  [org.apa.kaf.cli.pro.ProducerConfig] (main) These configurations '[apicurio.registry.url, apicurio.registry.auto-register, apicurio.registry.artifact-resolver-strategy, apicurio.registry.avro-datum-provider]' were supplied but are not used yet.
2025-08-07 20:27:03,252 INFO  [org.apa.kaf.com.uti.AppInfoParser] (main) Kafka version: 3.9.1
2025-08-07 20:27:03,252 INFO  [org.apa.kaf.com.uti.AppInfoParser] (main) Kafka commitId: f745dfdcee2b9851
2025-08-07 20:27:03,252 INFO  [org.apa.kaf.com.uti.AppInfoParser] (main) Kafka startTimeMs: 1754598423252
2025-08-07 20:27:03,253 INFO  [io.api.tes.ser.api.SimpleSerdesTesterBuilder$SimpleSerdesTester] (main) Using producer configuration: {apicurio.registry.url=http://registry-app-inmemory.apps.ci419.apicurio-testing.org:80/apis/registry/v3, apicurio.registry.auto-register=true, apicurio.registry.artifact-resolver-strategy=io.apicurio.registry.serde.strategy.TopicIdStrategy, value.serializer=io.apicurio.registry.serde.avro.AvroKafkaSerializer, request.timeout.ms=5000, acks=all, bootstrap.servers=PLAINTEXT://localhost:32769, connections.max.idle.ms=10000, key.serializer=org.apache.kafka.common.serialization.StringSerializer, apicurio.registry.avro-datum-provider=io.apicurio.registry.serde.avro.ReflectAvroDatumProvider, client.id=Producer-topic-d65a6db1_00d3_46ef_a8df_fae6bd66977b}
2025-08-07 20:27:03,253 INFO  [io.api.tes.ser.api.SimpleSerdesTesterBuilder$SimpleSerdesTester] (main) Using consumer configuration: {apicurio.registry.avro-datum-provider=io.apicurio.registry.serde.avro.ReflectAvroDatumProvider}
2025-08-07 20:27:03,256 INFO  [io.api.tes.ser.api.KafkaSerdesTester] (Thread-633) Sending message io.apicurio.tests.common.serdes.TestObject@3dbd29cb to topic topic-d65a6db1_00d3_46ef_a8df_fae6bd66977b
2025-08-07 20:27:03,259 WARN  [org.apa.kaf.cli.NetworkClient] (kafka-producer-network-thread | Producer-topic-d65a6db1_00d3_46ef_a8df_fae6bd66977b) [Producer clientId=Producer-topic-d65a6db1_00d3_46ef_a8df_fae6bd66977b] The metadata response from the cluster reported a recoverable issue with correlation id 1 : {topic-d65a6db1_00d3_46ef_a8df_fae6bd66977b=UNKNOWN_TOPIC_OR_PARTITION}
2025-08-07 20:27:03,259 INFO  [org.apa.kaf.cli.Metadata] (kafka-producer-network-thread | Producer-topic-d65a6db1_00d3_46ef_a8df_fae6bd66977b) [Producer clientId=Producer-topic-d65a6db1_00d3_46ef_a8df_fae6bd66977b] Cluster ID: hNYxEGJzT_KJiJb9MK3e4A
2025-08-07 20:27:03,261 INFO  [org.apa.kaf.cli.pro.int.TransactionManager] (kafka-producer-network-thread | Producer-topic-d65a6db1_00d3_46ef_a8df_fae6bd66977b) [Producer clientId=Producer-topic-d65a6db1_00d3_46ef_a8df_fae6bd66977b] ProducerId set to 6 with epoch 0
2025-08-07 20:27:03,438 INFO  [io.api.tes.ser.api.KafkaSerdesTester] (Thread-633) Sending message io.apicurio.tests.common.serdes.TestObject@3dbd29cb to topic topic-d65a6db1_00d3_46ef_a8df_fae6bd66977b
2025-08-07 20:27:03,440 INFO  [io.api.tes.ser.api.KafkaSerdesTester] (Thread-633) Sending message io.apicurio.tests.common.serdes.TestObject@3dbd29cb to topic topic-d65a6db1_00d3_46ef_a8df_fae6bd66977b
2025-08-07 20:27:03,442 INFO  [io.api.tes.ser.api.KafkaSerdesTester] (Thread-633) Sending message io.apicurio.tests.common.serdes.TestObject@3dbd29cb to topic topic-d65a6db1_00d3_46ef_a8df_fae6bd66977b
2025-08-07 20:27:03,445 INFO  [io.api.tes.ser.api.KafkaSerdesTester] (Thread-633) Sending message io.apicurio.tests.common.serdes.TestObject@3dbd29cb to topic topic-d65a6db1_00d3_46ef_a8df_fae6bd66977b
2025-08-07 20:27:03,447 INFO  [io.api.tes.ser.api.KafkaSerdesTester] (Thread-633) Sending message io.apicurio.tests.common.serdes.TestObject@3dbd29cb to topic topic-d65a6db1_00d3_46ef_a8df_fae6bd66977b
2025-08-07 20:27:03,449 INFO  [io.api.tes.ser.api.KafkaSerdesTester] (Thread-633) Sending message io.apicurio.tests.common.serdes.TestObject@3dbd29cb to topic topic-d65a6db1_00d3_46ef_a8df_fae6bd66977b
2025-08-07 20:27:03,452 INFO  [io.api.tes.ser.api.KafkaSerdesTester] (Thread-633) Sending message io.apicurio.tests.common.serdes.TestObject@3dbd29cb to topic topic-d65a6db1_00d3_46ef_a8df_fae6bd66977b
2025-08-07 20:27:03,454 INFO  [io.api.tes.ser.api.KafkaSerdesTester] (Thread-633) Sending message io.apicurio.tests.common.serdes.TestObject@3dbd29cb to topic topic-d65a6db1_00d3_46ef_a8df_fae6bd66977b
2025-08-07 20:27:03,457 INFO  [io.api.tes.ser.api.KafkaSerdesTester] (Thread-633) Sending message io.apicurio.tests.common.serdes.TestObject@3dbd29cb to topic topic-d65a6db1_00d3_46ef_a8df_fae6bd66977b
2025-08-07 20:27:03,459 INFO  [io.api.tes.ser.api.KafkaSerdesTester] (Thread-633) Produced 10 messages
2025-08-07 20:27:03,460 INFO  [org.apa.kaf.cli.pro.KafkaProducer] (Thread-633) [Producer clientId=Producer-topic-d65a6db1_00d3_46ef_a8df_fae6bd66977b] Closing the Kafka producer with timeoutMillis = 9223372036854775807 ms.
2025-08-07 20:27:03,466 INFO  [org.apa.kaf.com.met.Metrics] (Thread-633) Metrics scheduler closed
2025-08-07 20:27:03,466 INFO  [org.apa.kaf.com.met.Metrics] (Thread-633) Closing reporter org.apache.kafka.common.metrics.JmxReporter
2025-08-07 20:27:03,466 INFO  [org.apa.kaf.com.met.Metrics] (Thread-633) Closing reporter org.apache.kafka.common.telemetry.internals.ClientTelemetryReporter
2025-08-07 20:27:03,466 INFO  [org.apa.kaf.com.met.Metrics] (Thread-633) Metrics reporters closed
2025-08-07 20:27:03,467 INFO  [org.apa.kaf.com.uti.AppInfoParser] (Thread-633) App info kafka.producer for Producer-topic-d65a6db1_00d3_46ef_a8df_fae6bd66977b unregistered
**** Registry Base URL: http://registry-app-inmemory.apps.ci419.apicurio-testing.org:80
2025-08-07 20:27:03,533 INFO  [org.apa.kaf.cli.con.ConsumerConfig] (main) ConsumerConfig values: 
	allow.auto.create.topics = true
	auto.commit.interval.ms = 500
	auto.include.jmx.reporter = true
	auto.offset.reset = earliest
	bootstrap.servers = [PLAINTEXT://localhost:32769]
	check.crcs = true
	client.dns.lookup = use_all_dns_ips
	client.id = consumer-Consumer-topic-d65a6db1_00d3_46ef_a8df_fae6bd66977b-6
	client.rack = 
	connections.max.idle.ms = 10000
	default.api.timeout.ms = 60000
	enable.auto.commit = true
	enable.metrics.push = true
	exclude.internal.topics = true
	fetch.max.bytes = 52428800
	fetch.max.wait.ms = 500
	fetch.min.bytes = 1
	group.id = Consumer-topic-d65a6db1_00d3_46ef_a8df_fae6bd66977b
	group.instance.id = null
	group.protocol = classic
	group.remote.assignor = null
	heartbeat.interval.ms = 3000
	interceptor.classes = []
	internal.leave.group.on.close = true
	internal.throw.on.fetch.stable.offset.unsupported = false
	isolation.level = read_uncommitted
	key.deserializer = class org.apache.kafka.common.serialization.StringDeserializer
	max.partition.fetch.bytes = 1048576
	max.poll.interval.ms = 300000
	max.poll.records = 500
	metadata.max.age.ms = 300000
	metadata.recovery.strategy = none
	metric.reporters = []
	metrics.num.samples = 2
	metrics.recording.level = INFO
	metrics.sample.window.ms = 30000
	partition.assignment.strategy = [class org.apache.kafka.clients.consumer.RangeAssignor, class org.apache.kafka.clients.consumer.CooperativeStickyAssignor]
	receive.buffer.bytes = 65536
	reconnect.backoff.max.ms = 1000
	reconnect.backoff.ms = 50
	request.timeout.ms = 5000
	retry.backoff.max.ms = 1000
	retry.backoff.ms = 100
	sasl.client.callback.handler.class = null
	sasl.jaas.config = null
	sasl.kerberos.kinit.cmd = /usr/bin/kinit
	sasl.kerberos.min.time.before.relogin = 60000
	sasl.kerberos.service.name = null
	sasl.kerberos.ticket.renew.jitter = 0.05
	sasl.kerberos.ticket.renew.window.factor = 0.8
	sasl.login.callback.handler.class = null
	sasl.login.class = null
	sasl.login.connect.timeout.ms = null
	sasl.login.read.timeout.ms = null
	sasl.login.refresh.buffer.seconds = 300
	sasl.login.refresh.min.period.seconds = 60
	sasl.login.refresh.window.factor = 0.8
	sasl.login.refresh.window.jitter = 0.05
	sasl.login.retry.backoff.max.ms = 10000
	sasl.login.retry.backoff.ms = 100
	sasl.mechanism = GSSAPI
	sasl.oauthbearer.clock.skew.seconds = 30
	sasl.oauthbearer.expected.audience = null
	sasl.oauthbearer.expected.issuer = null
	sasl.oauthbearer.header.urlencode = false
	sasl.oauthbearer.jwks.endpoint.refresh.ms = 3600000
	sasl.oauthbearer.jwks.endpoint.retry.backoff.max.ms = 10000
	sasl.oauthbearer.jwks.endpoint.retry.backoff.ms = 100
	sasl.oauthbearer.jwks.endpoint.url = null
	sasl.oauthbearer.scope.claim.name = scope
	sasl.oauthbearer.sub.claim.name = sub
	sasl.oauthbearer.token.endpoint.url = null
	security.protocol = PLAINTEXT
	security.providers = null
	send.buffer.bytes = 131072
	session.timeout.ms = 45000
	socket.connection.setup.timeout.max.ms = 30000
	socket.connection.setup.timeout.ms = 10000
	ssl.cipher.suites = null
	ssl.enabled.protocols = [TLSv1.2, TLSv1.3]
	ssl.endpoint.identification.algorithm = https
	ssl.engine.factory.class = null
	ssl.key.password = null
	ssl.keymanager.algorithm = SunX509
	ssl.keystore.certificate.chain = null
	ssl.keystore.key = null
	ssl.keystore.location = null
	ssl.keystore.password = null
	ssl.keystore.type = JKS
	ssl.protocol = TLSv1.3
	ssl.provider = null
	ssl.secure.random.implementation = null
	ssl.trustmanager.algorithm = PKIX
	ssl.truststore.certificates = null
	ssl.truststore.location = null
	ssl.truststore.password = null
	ssl.truststore.type = JKS
	value.deserializer = class io.apicurio.registry.serde.avro.AvroKafkaDeserializer

2025-08-07 20:27:03,534 INFO  [org.apa.kaf.com.tel.int.KafkaMetricsCollector] (main) initializing Kafka metrics collector
2025-08-07 20:27:03,546 INFO  [org.apa.kaf.cli.con.ConsumerConfig] (main) These configurations '[apicurio.registry.url, apicurio.registry.avro-datum-provider]' were supplied but are not used yet.
2025-08-07 20:27:03,547 INFO  [org.apa.kaf.com.uti.AppInfoParser] (main) Kafka version: 3.9.1
2025-08-07 20:27:03,547 INFO  [org.apa.kaf.com.uti.AppInfoParser] (main) Kafka commitId: f745dfdcee2b9851
2025-08-07 20:27:03,548 INFO  [org.apa.kaf.com.uti.AppInfoParser] (main) Kafka startTimeMs: 1754598423547
2025-08-07 20:27:03,548 INFO  [org.apa.kaf.cli.con.int.ClassicKafkaConsumer] (Thread-636) [Consumer clientId=consumer-Consumer-topic-d65a6db1_00d3_46ef_a8df_fae6bd66977b-6, groupId=Consumer-topic-d65a6db1_00d3_46ef_a8df_fae6bd66977b] Subscribed to topic(s): topic-d65a6db1_00d3_46ef_a8df_fae6bd66977b
2025-08-07 20:27:03,556 INFO  [org.apa.kaf.cli.Metadata] (Thread-636) [Consumer clientId=consumer-Consumer-topic-d65a6db1_00d3_46ef_a8df_fae6bd66977b-6, groupId=Consumer-topic-d65a6db1_00d3_46ef_a8df_fae6bd66977b] Cluster ID: hNYxEGJzT_KJiJb9MK3e4A
2025-08-07 20:27:03,559 INFO  [org.apa.kaf.cli.con.int.ConsumerCoordinator] (Thread-636) [Consumer clientId=consumer-Consumer-topic-d65a6db1_00d3_46ef_a8df_fae6bd66977b-6, groupId=Consumer-topic-d65a6db1_00d3_46ef_a8df_fae6bd66977b] Discovered group coordinator localhost:32769 (id: 2147483647 rack: null)
2025-08-07 20:27:03,566 INFO  [org.apa.kaf.cli.con.int.ConsumerCoordinator] (Thread-636) [Consumer clientId=consumer-Consumer-topic-d65a6db1_00d3_46ef_a8df_fae6bd66977b-6, groupId=Consumer-topic-d65a6db1_00d3_46ef_a8df_fae6bd66977b] (Re-)joining group
2025-08-07 20:27:03,573 INFO  [org.apa.kaf.cli.con.int.ConsumerCoordinator] (Thread-636) [Consumer clientId=consumer-Consumer-topic-d65a6db1_00d3_46ef_a8df_fae6bd66977b-6, groupId=Consumer-topic-d65a6db1_00d3_46ef_a8df_fae6bd66977b] Request joining group due to: need to re-join with the given member-id: consumer-Consumer-topic-d65a6db1_00d3_46ef_a8df_fae6bd66977b-6-c1eb7c09-6375-4b21-b0db-f91769100beb
2025-08-07 20:27:03,574 INFO  [org.apa.kaf.cli.con.int.ConsumerCoordinator] (Thread-636) [Consumer clientId=consumer-Consumer-topic-d65a6db1_00d3_46ef_a8df_fae6bd66977b-6, groupId=Consumer-topic-d65a6db1_00d3_46ef_a8df_fae6bd66977b] (Re-)joining group
2025-08-07 20:27:04,548 INFO  [io.api.tes.ser.api.KafkaSerdesTester] (Thread-636) None found
2025-08-07 20:27:05,548 INFO  [io.api.tes.ser.api.KafkaSerdesTester] (Thread-636) None found
2025-08-07 20:27:06,549 INFO  [io.api.tes.ser.api.KafkaSerdesTester] (Thread-636) None found
2025-08-07 20:27:06,576 INFO  [org.apa.kaf.cli.con.int.ConsumerCoordinator] (Thread-636) [Consumer clientId=consumer-Consumer-topic-d65a6db1_00d3_46ef_a8df_fae6bd66977b-6, groupId=Consumer-topic-d65a6db1_00d3_46ef_a8df_fae6bd66977b] Successfully joined group with generation Generation{generationId=1, memberId='consumer-Consumer-topic-d65a6db1_00d3_46ef_a8df_fae6bd66977b-6-c1eb7c09-6375-4b21-b0db-f91769100beb', protocol='range'}
2025-08-07 20:27:06,577 INFO  [org.apa.kaf.cli.con.int.ConsumerCoordinator] (Thread-636) [Consumer clientId=consumer-Consumer-topic-d65a6db1_00d3_46ef_a8df_fae6bd66977b-6, groupId=Consumer-topic-d65a6db1_00d3_46ef_a8df_fae6bd66977b] Finished assignment for group at generation 1: {consumer-Consumer-topic-d65a6db1_00d3_46ef_a8df_fae6bd66977b-6-c1eb7c09-6375-4b21-b0db-f91769100beb=Assignment(partitions=[topic-d65a6db1_00d3_46ef_a8df_fae6bd66977b-0])}
2025-08-07 20:27:06,584 INFO  [org.apa.kaf.cli.con.int.ConsumerCoordinator] (Thread-636) [Consumer clientId=consumer-Consumer-topic-d65a6db1_00d3_46ef_a8df_fae6bd66977b-6, groupId=Consumer-topic-d65a6db1_00d3_46ef_a8df_fae6bd66977b] Successfully synced group in generation Generation{generationId=1, memberId='consumer-Consumer-topic-d65a6db1_00d3_46ef_a8df_fae6bd66977b-6-c1eb7c09-6375-4b21-b0db-f91769100beb', protocol='range'}
2025-08-07 20:27:06,584 INFO  [org.apa.kaf.cli.con.int.ConsumerCoordinator] (Thread-636) [Consumer clientId=consumer-Consumer-topic-d65a6db1_00d3_46ef_a8df_fae6bd66977b-6, groupId=Consumer-topic-d65a6db1_00d3_46ef_a8df_fae6bd66977b] Notifying assignor about the new Assignment(partitions=[topic-d65a6db1_00d3_46ef_a8df_fae6bd66977b-0])
2025-08-07 20:27:06,584 INFO  [org.apa.kaf.cli.con.int.ConsumerRebalanceListenerInvoker] (Thread-636) [Consumer clientId=consumer-Consumer-topic-d65a6db1_00d3_46ef_a8df_fae6bd66977b-6, groupId=Consumer-topic-d65a6db1_00d3_46ef_a8df_fae6bd66977b] Adding newly assigned partitions: topic-d65a6db1_00d3_46ef_a8df_fae6bd66977b-0
2025-08-07 20:27:06,585 INFO  [org.apa.kaf.cli.con.int.ConsumerCoordinator] (Thread-636) [Consumer clientId=consumer-Consumer-topic-d65a6db1_00d3_46ef_a8df_fae6bd66977b-6, groupId=Consumer-topic-d65a6db1_00d3_46ef_a8df_fae6bd66977b] Found no committed offset for partition topic-d65a6db1_00d3_46ef_a8df_fae6bd66977b-0
2025-08-07 20:27:06,589 INFO  [org.apa.kaf.cli.con.int.SubscriptionState] (Thread-636) [Consumer clientId=consumer-Consumer-topic-d65a6db1_00d3_46ef_a8df_fae6bd66977b-6, groupId=Consumer-topic-d65a6db1_00d3_46ef_a8df_fae6bd66977b] Resetting offset for partition topic-d65a6db1_00d3_46ef_a8df_fae6bd66977b-0 to position FetchPosition{offset=0, offsetEpoch=Optional.empty, currentLeader=LeaderAndEpoch{leader=Optional[localhost:32769 (id: 0 rack: null)], epoch=0}}.
2025-08-07 20:27:06,677 INFO  [io.api.tes.ser.api.KafkaSerdesTester] (Thread-636) topic-d65a6db1_00d3_46ef_a8df_fae6bd66977b 0 0 io.apicurio.tests.common.serdes.TestObject@3dbd29cb
2025-08-07 20:27:06,678 INFO  [io.api.tes.ser.api.KafkaSerdesTester] (Thread-636) topic-d65a6db1_00d3_46ef_a8df_fae6bd66977b 0 1 io.apicurio.tests.common.serdes.TestObject@3dbd29cb
2025-08-07 20:27:06,678 INFO  [io.api.tes.ser.api.KafkaSerdesTester] (Thread-636) topic-d65a6db1_00d3_46ef_a8df_fae6bd66977b 0 2 io.apicurio.tests.common.serdes.TestObject@3dbd29cb
2025-08-07 20:27:06,678 INFO  [io.api.tes.ser.api.KafkaSerdesTester] (Thread-636) topic-d65a6db1_00d3_46ef_a8df_fae6bd66977b 0 3 io.apicurio.tests.common.serdes.TestObject@3dbd29cb
2025-08-07 20:27:06,678 INFO  [io.api.tes.ser.api.KafkaSerdesTester] (Thread-636) topic-d65a6db1_00d3_46ef_a8df_fae6bd66977b 0 4 io.apicurio.tests.common.serdes.TestObject@3dbd29cb
2025-08-07 20:27:06,678 INFO  [io.api.tes.ser.api.KafkaSerdesTester] (Thread-636) topic-d65a6db1_00d3_46ef_a8df_fae6bd66977b 0 5 io.apicurio.tests.common.serdes.TestObject@3dbd29cb
2025-08-07 20:27:06,678 INFO  [io.api.tes.ser.api.KafkaSerdesTester] (Thread-636) topic-d65a6db1_00d3_46ef_a8df_fae6bd66977b 0 6 io.apicurio.tests.common.serdes.TestObject@3dbd29cb
2025-08-07 20:27:06,678 INFO  [io.api.tes.ser.api.KafkaSerdesTester] (Thread-636) topic-d65a6db1_00d3_46ef_a8df_fae6bd66977b 0 7 io.apicurio.tests.common.serdes.TestObject@3dbd29cb
2025-08-07 20:27:06,678 INFO  [io.api.tes.ser.api.KafkaSerdesTester] (Thread-636) topic-d65a6db1_00d3_46ef_a8df_fae6bd66977b 0 8 io.apicurio.tests.common.serdes.TestObject@3dbd29cb
2025-08-07 20:27:06,678 INFO  [io.api.tes.ser.api.KafkaSerdesTester] (Thread-636) topic-d65a6db1_00d3_46ef_a8df_fae6bd66977b 0 9 io.apicurio.tests.common.serdes.TestObject@3dbd29cb
2025-08-07 20:27:06,678 INFO  [io.api.tes.ser.api.KafkaSerdesTester] (Thread-636) Consumed 10 messages
2025-08-07 20:27:06,687 INFO  [org.apa.kaf.cli.con.int.ConsumerRebalanceListenerInvoker] (Thread-636) [Consumer clientId=consumer-Consumer-topic-d65a6db1_00d3_46ef_a8df_fae6bd66977b-6, groupId=Consumer-topic-d65a6db1_00d3_46ef_a8df_fae6bd66977b] Revoke previously assigned partitions topic-d65a6db1_00d3_46ef_a8df_fae6bd66977b-0
2025-08-07 20:27:06,687 INFO  [org.apa.kaf.cli.con.int.ConsumerCoordinator] (Thread-636) [Consumer clientId=consumer-Consumer-topic-d65a6db1_00d3_46ef_a8df_fae6bd66977b-6, groupId=Consumer-topic-d65a6db1_00d3_46ef_a8df_fae6bd66977b] Member consumer-Consumer-topic-d65a6db1_00d3_46ef_a8df_fae6bd66977b-6-c1eb7c09-6375-4b21-b0db-f91769100beb sending LeaveGroup request to coordinator localhost:32769 (id: 2147483647 rack: null) due to the consumer is being closed
2025-08-07 20:27:06,688 INFO  [org.apa.kaf.cli.con.int.ConsumerCoordinator] (Thread-636) [Consumer clientId=consumer-Consumer-topic-d65a6db1_00d3_46ef_a8df_fae6bd66977b-6, groupId=Consumer-topic-d65a6db1_00d3_46ef_a8df_fae6bd66977b] Resetting generation and member id due to: consumer pro-actively leaving the group
2025-08-07 20:27:06,688 INFO  [org.apa.kaf.cli.con.int.ConsumerCoordinator] (Thread-636) [Consumer clientId=consumer-Consumer-topic-d65a6db1_00d3_46ef_a8df_fae6bd66977b-6, groupId=Consumer-topic-d65a6db1_00d3_46ef_a8df_fae6bd66977b] Request joining group due to: consumer pro-actively leaving the group
2025-08-07 20:27:07,181 INFO  [org.apa.kaf.com.met.Metrics] (Thread-636) Metrics scheduler closed
2025-08-07 20:27:07,182 INFO  [org.apa.kaf.com.met.Metrics] (Thread-636) Closing reporter org.apache.kafka.common.metrics.JmxReporter
2025-08-07 20:27:07,182 INFO  [org.apa.kaf.com.met.Metrics] (Thread-636) Closing reporter org.apache.kafka.common.telemetry.internals.ClientTelemetryReporter
2025-08-07 20:27:07,182 INFO  [org.apa.kaf.com.met.Metrics] (Thread-636) Metrics reporters closed
2025-08-07 20:27:07,184 INFO  [org.apa.kaf.com.uti.AppInfoParser] (Thread-636) App info kafka.consumer for consumer-Consumer-topic-d65a6db1_00d3_46ef_a8df_fae6bd66977b-6 unregistered
2025-08-07 20:27:07,185 INFO  [io.api.tes.uti.TestSeparator] (main) io.apicurio.tests.serdes.apicurio.AvroSerdeIT.testReflectAutoRegister-FINISHED
2025-08-07 20:27:07,185 INFO  [io.api.tes.uti.TestSeparator] (main) ############################################################################
Test passed: testReflectAutoRegister
]]></system-out>
  </testcase>
  <testcase name="testArtifactNotFound" classname="io.apicurio.tests.serdes.apicurio.AvroSerdeIT" time="0.232">
    <system-out><![CDATA[2025-08-07 20:27:07,189 INFO  [io.api.tes.uti.TestSeparator] (main) ############################################################################
2025-08-07 20:27:07,190 INFO  [io.api.tes.uti.TestSeparator] (main) io.apicurio.tests.serdes.apicurio.AvroSerdeIT.testArtifactNotFound-STARTED
**** Registry Base URL: http://registry-app-inmemory.apps.ci419.apicurio-testing.org:80
2025-08-07 20:27:07,191 INFO  [org.apa.kaf.cli.pro.ProducerConfig] (main) ProducerConfig values: 
	acks = -1
	auto.include.jmx.reporter = true
	batch.size = 16384
	bootstrap.servers = [PLAINTEXT://localhost:32769]
	buffer.memory = 33554432
	client.dns.lookup = use_all_dns_ips
	client.id = Producer-s95c4a3ccx3dfcx4f31xb4e4x5e612756f39d
	compression.gzip.level = -1
	compression.lz4.level = 9
	compression.type = none
	compression.zstd.level = 3
	connections.max.idle.ms = 10000
	delivery.timeout.ms = 120000
	enable.idempotence = true
	enable.metrics.push = true
	interceptor.classes = []
	key.serializer = class org.apache.kafka.common.serialization.StringSerializer
	linger.ms = 0
	max.block.ms = 60000
	max.in.flight.requests.per.connection = 5
	max.request.size = 1048576
	metadata.max.age.ms = 300000
	metadata.max.idle.ms = 300000
	metadata.recovery.strategy = none
	metric.reporters = []
	metrics.num.samples = 2
	metrics.recording.level = INFO
	metrics.sample.window.ms = 30000
	partitioner.adaptive.partitioning.enable = true
	partitioner.availability.timeout.ms = 0
	partitioner.class = null
	partitioner.ignore.keys = false
	receive.buffer.bytes = 32768
	reconnect.backoff.max.ms = 1000
	reconnect.backoff.ms = 50
	request.timeout.ms = 5000
	retries = 2147483647
	retry.backoff.max.ms = 1000
	retry.backoff.ms = 100
	sasl.client.callback.handler.class = null
	sasl.jaas.config = null
	sasl.kerberos.kinit.cmd = /usr/bin/kinit
	sasl.kerberos.min.time.before.relogin = 60000
	sasl.kerberos.service.name = null
	sasl.kerberos.ticket.renew.jitter = 0.05
	sasl.kerberos.ticket.renew.window.factor = 0.8
	sasl.login.callback.handler.class = null
	sasl.login.class = null
	sasl.login.connect.timeout.ms = null
	sasl.login.read.timeout.ms = null
	sasl.login.refresh.buffer.seconds = 300
	sasl.login.refresh.min.period.seconds = 60
	sasl.login.refresh.window.factor = 0.8
	sasl.login.refresh.window.jitter = 0.05
	sasl.login.retry.backoff.max.ms = 10000
	sasl.login.retry.backoff.ms = 100
	sasl.mechanism = GSSAPI
	sasl.oauthbearer.clock.skew.seconds = 30
	sasl.oauthbearer.expected.audience = null
	sasl.oauthbearer.expected.issuer = null
	sasl.oauthbearer.header.urlencode = false
	sasl.oauthbearer.jwks.endpoint.refresh.ms = 3600000
	sasl.oauthbearer.jwks.endpoint.retry.backoff.max.ms = 10000
	sasl.oauthbearer.jwks.endpoint.retry.backoff.ms = 100
	sasl.oauthbearer.jwks.endpoint.url = null
	sasl.oauthbearer.scope.claim.name = scope
	sasl.oauthbearer.sub.claim.name = sub
	sasl.oauthbearer.token.endpoint.url = null
	security.protocol = PLAINTEXT
	security.providers = null
	send.buffer.bytes = 131072
	socket.connection.setup.timeout.max.ms = 30000
	socket.connection.setup.timeout.ms = 10000
	ssl.cipher.suites = null
	ssl.enabled.protocols = [TLSv1.2, TLSv1.3]
	ssl.endpoint.identification.algorithm = https
	ssl.engine.factory.class = null
	ssl.key.password = null
	ssl.keymanager.algorithm = SunX509
	ssl.keystore.certificate.chain = null
	ssl.keystore.key = null
	ssl.keystore.location = null
	ssl.keystore.password = null
	ssl.keystore.type = JKS
	ssl.protocol = TLSv1.3
	ssl.provider = null
	ssl.secure.random.implementation = null
	ssl.trustmanager.algorithm = PKIX
	ssl.truststore.certificates = null
	ssl.truststore.location = null
	ssl.truststore.password = null
	ssl.truststore.type = JKS
	transaction.timeout.ms = 60000
	transactional.id = null
	value.serializer = class io.apicurio.registry.serde.avro.AvroKafkaSerializer

2025-08-07 20:27:07,193 INFO  [org.apa.kaf.com.tel.int.KafkaMetricsCollector] (main) initializing Kafka metrics collector
2025-08-07 20:27:07,197 INFO  [org.apa.kaf.cli.pro.KafkaProducer] (main) [Producer clientId=Producer-s95c4a3ccx3dfcx4f31xb4e4x5e612756f39d] Instantiated an idempotent producer.
2025-08-07 20:27:07,199 INFO  [org.apa.kaf.cli.pro.ProducerConfig] (main) These configurations '[apicurio.registry.url, apicurio.registry.artifact-resolver-strategy]' were supplied but are not used yet.
2025-08-07 20:27:07,200 INFO  [org.apa.kaf.com.uti.AppInfoParser] (main) Kafka version: 3.9.1
2025-08-07 20:27:07,200 INFO  [org.apa.kaf.com.uti.AppInfoParser] (main) Kafka commitId: f745dfdcee2b9851
2025-08-07 20:27:07,200 INFO  [org.apa.kaf.com.uti.AppInfoParser] (main) Kafka startTimeMs: 1754598427200
2025-08-07 20:27:07,202 INFO  [io.api.tes.ser.api.KafkaSerdesTester] (Thread-639) Sending message {"keyB": "value-0"} to topic s95c4a3ccx3dfcx4f31xb4e4x5e612756f39d
2025-08-07 20:27:07,206 WARN  [org.apa.kaf.cli.NetworkClient] (kafka-producer-network-thread | Producer-s95c4a3ccx3dfcx4f31xb4e4x5e612756f39d) [Producer clientId=Producer-s95c4a3ccx3dfcx4f31xb4e4x5e612756f39d] The metadata response from the cluster reported a recoverable issue with correlation id 1 : {s95c4a3ccx3dfcx4f31xb4e4x5e612756f39d=UNKNOWN_TOPIC_OR_PARTITION}
2025-08-07 20:27:07,206 INFO  [org.apa.kaf.cli.Metadata] (kafka-producer-network-thread | Producer-s95c4a3ccx3dfcx4f31xb4e4x5e612756f39d) [Producer clientId=Producer-s95c4a3ccx3dfcx4f31xb4e4x5e612756f39d] Cluster ID: hNYxEGJzT_KJiJb9MK3e4A
2025-08-07 20:27:07,207 INFO  [org.apa.kaf.cli.pro.int.TransactionManager] (kafka-producer-network-thread | Producer-s95c4a3ccx3dfcx4f31xb4e4x5e612756f39d) [Producer clientId=Producer-s95c4a3ccx3dfcx4f31xb4e4x5e612756f39d] ProducerId set to 7 with epoch 0
2025-08-07 20:27:07,324 INFO  [DefaultSchemaResolver] (Thread-639) Retrieving schema content using string: {"type":"record","name":"myrecord","namespace":"mygroup","fields":[{"name":"keyB","type":"string"}]}
2025-08-07 20:27:07,416 INFO  [org.apa.kaf.cli.pro.KafkaProducer] (Thread-639) [Producer clientId=Producer-s95c4a3ccx3dfcx4f31xb4e4x5e612756f39d] Closing the Kafka producer with timeoutMillis = 9223372036854775807 ms.
2025-08-07 20:27:07,418 INFO  [org.apa.kaf.com.met.Metrics] (Thread-639) Metrics scheduler closed
2025-08-07 20:27:07,418 INFO  [org.apa.kaf.com.met.Metrics] (Thread-639) Closing reporter org.apache.kafka.common.metrics.JmxReporter
2025-08-07 20:27:07,418 INFO  [org.apa.kaf.com.met.Metrics] (Thread-639) Closing reporter org.apache.kafka.common.telemetry.internals.ClientTelemetryReporter
2025-08-07 20:27:07,418 INFO  [org.apa.kaf.com.met.Metrics] (Thread-639) Metrics reporters closed
2025-08-07 20:27:07,419 INFO  [org.apa.kaf.com.uti.AppInfoParser] (Thread-639) App info kafka.producer for Producer-s95c4a3ccx3dfcx4f31xb4e4x5e612756f39d unregistered
2025-08-07 20:27:07,419 INFO  [io.api.tes.uti.TestSeparator] (main) io.apicurio.tests.serdes.apicurio.AvroSerdeIT.testArtifactNotFound-FINISHED
2025-08-07 20:27:07,420 INFO  [io.api.tes.uti.TestSeparator] (main) ############################################################################
Test passed: testArtifactNotFound
]]></system-out>
    <system-err><![CDATA[java.lang.RuntimeException: Could not resolve artifact reference by content: {"type":"record","name":"myrecord","namespace":"mygroup","fields":[{"name":"keyB","type":"string"}]}&ArtifactReference [groupId=default, artifactId=s95c4a3ccx3dfcx4f31xb4e4x5e612756f39d-value, version=null, globalId=null, contentId=null, contentHash=null]
	at io.apicurio.registry.resolver.DefaultSchemaResolver.lambda$handleResolveSchemaByContent$3(DefaultSchemaResolver.java:265)
	at io.apicurio.registry.resolver.cache.ERCache.lambda$getValue$0(ERCache.java:174)
	at io.apicurio.registry.resolver.cache.ERCache.retry(ERCache.java:227)
	at io.apicurio.registry.resolver.cache.ERCache.getValue(ERCache.java:173)
	at io.apicurio.registry.resolver.cache.ERCache.getByContent(ERCache.java:147)
	at io.apicurio.registry.resolver.DefaultSchemaResolver.handleResolveSchemaByContent(DefaultSchemaResolver.java:253)
	at io.apicurio.registry.resolver.DefaultSchemaResolver.getSchemaFromRegistry(DefaultSchemaResolver.java:138)
	at io.apicurio.registry.resolver.DefaultSchemaResolver.lambda$resolveSchema$0(DefaultSchemaResolver.java:84)
	at java.base/java.util.Optional.orElseGet(Optional.java:364)
	at io.apicurio.registry.resolver.DefaultSchemaResolver.resolveSchema(DefaultSchemaResolver.java:84)
	at io.apicurio.registry.serde.AbstractSerializer.serializeData(AbstractSerializer.java:62)
	at io.apicurio.registry.serde.KafkaSerializer.serialize(KafkaSerializer.java:77)
	at org.apache.kafka.clients.producer.KafkaProducer.doSend(KafkaProducer.java:1046)
	at org.apache.kafka.clients.producer.KafkaProducer.send(KafkaProducer.java:993)
	at org.apache.kafka.clients.producer.KafkaProducer.send(KafkaProducer.java:875)
	at io.apicurio.tests.serdes.apicurio.KafkaSerdesTester.lambda$produceMessages$3(KafkaSerdesTester.java:138)
	at java.base/java.util.concurrent.CompletableFuture$AsyncSupply.run(CompletableFuture.java:1768)
	at java.base/java.lang.Thread.run(Thread.java:840)
]]></system-err>
  </testcase>
  <testcase name="testAvroSerDesFailDifferentSchemaByRecordName" classname="io.apicurio.tests.serdes.apicurio.AvroSerdeIT" time="1.147">
    <system-out><![CDATA[2025-08-07 20:27:07,421 INFO  [io.api.tes.uti.TestSeparator] (main) ############################################################################
2025-08-07 20:27:07,421 INFO  [io.api.tes.uti.TestSeparator] (main) io.apicurio.tests.serdes.apicurio.AvroSerdeIT.testAvroSerDesFailDifferentSchemaByRecordName-STARTED
**** Registry Base URL: http://registry-app-inmemory.apps.ci419.apicurio-testing.org:80
2025-08-07 20:27:08,495 INFO  [org.apa.kaf.cli.pro.ProducerConfig] (main) ProducerConfig values: 
	acks = -1
	auto.include.jmx.reporter = true
	batch.size = 16384
	bootstrap.servers = [PLAINTEXT://localhost:32769]
	buffer.memory = 33554432
	client.dns.lookup = use_all_dns_ips
	client.id = Producer-topic-6d6f4cbf_cc05_4941_b5f8_7a80d0c00096
	compression.gzip.level = -1
	compression.lz4.level = 9
	compression.type = none
	compression.zstd.level = 3
	connections.max.idle.ms = 10000
	delivery.timeout.ms = 120000
	enable.idempotence = true
	enable.metrics.push = true
	interceptor.classes = []
	key.serializer = class org.apache.kafka.common.serialization.StringSerializer
	linger.ms = 0
	max.block.ms = 60000
	max.in.flight.requests.per.connection = 5
	max.request.size = 1048576
	metadata.max.age.ms = 300000
	metadata.max.idle.ms = 300000
	metadata.recovery.strategy = none
	metric.reporters = []
	metrics.num.samples = 2
	metrics.recording.level = INFO
	metrics.sample.window.ms = 30000
	partitioner.adaptive.partitioning.enable = true
	partitioner.availability.timeout.ms = 0
	partitioner.class = null
	partitioner.ignore.keys = false
	receive.buffer.bytes = 32768
	reconnect.backoff.max.ms = 1000
	reconnect.backoff.ms = 50
	request.timeout.ms = 5000
	retries = 2147483647
	retry.backoff.max.ms = 1000
	retry.backoff.ms = 100
	sasl.client.callback.handler.class = null
	sasl.jaas.config = null
	sasl.kerberos.kinit.cmd = /usr/bin/kinit
	sasl.kerberos.min.time.before.relogin = 60000
	sasl.kerberos.service.name = null
	sasl.kerberos.ticket.renew.jitter = 0.05
	sasl.kerberos.ticket.renew.window.factor = 0.8
	sasl.login.callback.handler.class = null
	sasl.login.class = null
	sasl.login.connect.timeout.ms = null
	sasl.login.read.timeout.ms = null
	sasl.login.refresh.buffer.seconds = 300
	sasl.login.refresh.min.period.seconds = 60
	sasl.login.refresh.window.factor = 0.8
	sasl.login.refresh.window.jitter = 0.05
	sasl.login.retry.backoff.max.ms = 10000
	sasl.login.retry.backoff.ms = 100
	sasl.mechanism = GSSAPI
	sasl.oauthbearer.clock.skew.seconds = 30
	sasl.oauthbearer.expected.audience = null
	sasl.oauthbearer.expected.issuer = null
	sasl.oauthbearer.header.urlencode = false
	sasl.oauthbearer.jwks.endpoint.refresh.ms = 3600000
	sasl.oauthbearer.jwks.endpoint.retry.backoff.max.ms = 10000
	sasl.oauthbearer.jwks.endpoint.retry.backoff.ms = 100
	sasl.oauthbearer.jwks.endpoint.url = null
	sasl.oauthbearer.scope.claim.name = scope
	sasl.oauthbearer.sub.claim.name = sub
	sasl.oauthbearer.token.endpoint.url = null
	security.protocol = PLAINTEXT
	security.providers = null
	send.buffer.bytes = 131072
	socket.connection.setup.timeout.max.ms = 30000
	socket.connection.setup.timeout.ms = 10000
	ssl.cipher.suites = null
	ssl.enabled.protocols = [TLSv1.2, TLSv1.3]
	ssl.endpoint.identification.algorithm = https
	ssl.engine.factory.class = null
	ssl.key.password = null
	ssl.keymanager.algorithm = SunX509
	ssl.keystore.certificate.chain = null
	ssl.keystore.key = null
	ssl.keystore.location = null
	ssl.keystore.password = null
	ssl.keystore.type = JKS
	ssl.protocol = TLSv1.3
	ssl.provider = null
	ssl.secure.random.implementation = null
	ssl.trustmanager.algorithm = PKIX
	ssl.truststore.certificates = null
	ssl.truststore.location = null
	ssl.truststore.password = null
	ssl.truststore.type = JKS
	transaction.timeout.ms = 60000
	transactional.id = null
	value.serializer = class io.apicurio.registry.serde.avro.AvroKafkaSerializer

2025-08-07 20:27:08,495 INFO  [org.apa.kaf.com.tel.int.KafkaMetricsCollector] (main) initializing Kafka metrics collector
2025-08-07 20:27:08,500 INFO  [org.apa.kaf.cli.pro.KafkaProducer] (main) [Producer clientId=Producer-topic-6d6f4cbf_cc05_4941_b5f8_7a80d0c00096] Instantiated an idempotent producer.
2025-08-07 20:27:08,503 INFO  [org.apa.kaf.cli.pro.ProducerConfig] (main) These configurations '[apicurio.registry.find-latest, apicurio.registry.url, apicurio.registry.artifact-resolver-strategy]' were supplied but are not used yet.
2025-08-07 20:27:08,503 INFO  [org.apa.kaf.com.uti.AppInfoParser] (main) Kafka version: 3.9.1
2025-08-07 20:27:08,504 INFO  [org.apa.kaf.com.uti.AppInfoParser] (main) Kafka commitId: f745dfdcee2b9851
2025-08-07 20:27:08,504 INFO  [org.apa.kaf.com.uti.AppInfoParser] (main) Kafka startTimeMs: 1754598428503
2025-08-07 20:27:08,505 INFO  [io.api.tes.ser.api.KafkaSerdesTester] (Thread-642) Sending message {"keyB": "value-0"} to topic topic-6d6f4cbf_cc05_4941_b5f8_7a80d0c00096
2025-08-07 20:27:08,509 INFO  [org.apa.kaf.cli.Metadata] (kafka-producer-network-thread | Producer-topic-6d6f4cbf_cc05_4941_b5f8_7a80d0c00096) [Producer clientId=Producer-topic-6d6f4cbf_cc05_4941_b5f8_7a80d0c00096] Cluster ID: hNYxEGJzT_KJiJb9MK3e4A
2025-08-07 20:27:08,511 INFO  [org.apa.kaf.cli.pro.int.TransactionManager] (kafka-producer-network-thread | Producer-topic-6d6f4cbf_cc05_4941_b5f8_7a80d0c00096) [Producer clientId=Producer-topic-6d6f4cbf_cc05_4941_b5f8_7a80d0c00096] ProducerId set to 8 with epoch 0
2025-08-07 20:27:08,562 INFO  [org.apa.kaf.cli.pro.KafkaProducer] (Thread-642) [Producer clientId=Producer-topic-6d6f4cbf_cc05_4941_b5f8_7a80d0c00096] Closing the Kafka producer with timeoutMillis = 9223372036854775807 ms.
2025-08-07 20:27:08,566 INFO  [org.apa.kaf.com.met.Metrics] (Thread-642) Metrics scheduler closed
2025-08-07 20:27:08,566 INFO  [org.apa.kaf.com.met.Metrics] (Thread-642) Closing reporter org.apache.kafka.common.metrics.JmxReporter
2025-08-07 20:27:08,566 INFO  [org.apa.kaf.com.met.Metrics] (Thread-642) Closing reporter org.apache.kafka.common.telemetry.internals.ClientTelemetryReporter
2025-08-07 20:27:08,566 INFO  [org.apa.kaf.com.met.Metrics] (Thread-642) Metrics reporters closed
2025-08-07 20:27:08,566 INFO  [org.apa.kaf.com.uti.AppInfoParser] (Thread-642) App info kafka.producer for Producer-topic-6d6f4cbf_cc05_4941_b5f8_7a80d0c00096 unregistered
2025-08-07 20:27:08,566 INFO  [io.api.tes.uti.TestSeparator] (main) io.apicurio.tests.serdes.apicurio.AvroSerdeIT.testAvroSerDesFailDifferentSchemaByRecordName-FINISHED
2025-08-07 20:27:08,567 INFO  [io.api.tes.uti.TestSeparator] (main) ############################################################################
Test passed: testAvroSerDesFailDifferentSchemaByRecordName
]]></system-out>
    <system-err><![CDATA[io.apicurio.registry.rest.client.models.ProblemDetails
	at io.apicurio.registry.rest.client.models.ProblemDetails.createFromDiscriminatorValue(ProblemDetails.java:58)
	at io.kiota.serialization.json.JsonParseNode.getObjectValue(JsonParseNode.java:247)
	at io.kiota.http.vertx.VertXRequestAdapter.lambda$throwIfFailedResponse$0(VertXRequestAdapter.java:400)
	at com.microsoft.kiota.ApiExceptionBuilder.<init>(ApiExceptionBuilder.java:26)
	at io.kiota.http.vertx.VertXRequestAdapter.throwIfFailedResponse(VertXRequestAdapter.java:399)
	at io.kiota.http.vertx.VertXRequestAdapter.send(VertXRequestAdapter.java:170)
	at io.apicurio.registry.rest.client.groups.item.artifacts.item.versions.item.WithVersionExpressionItemRequestBuilder.get(WithVersionExpressionItemRequestBuilder.java:128)
	at io.apicurio.registry.rest.client.groups.item.artifacts.item.versions.item.WithVersionExpressionItemRequestBuilder.get(WithVersionExpressionItemRequestBuilder.java:111)
	at io.apicurio.registry.resolver.client.RegistryClientFacadeImpl.getVersionCoordinatesByGAV(RegistryClientFacadeImpl.java:159)
	at io.apicurio.registry.resolver.DefaultSchemaResolver.resolveByCoordinates(DefaultSchemaResolver.java:352)
	at io.apicurio.registry.resolver.DefaultSchemaResolver.lambda$resolveSchemaByArtifactReferenceCached$6(DefaultSchemaResolver.java:340)
	at io.apicurio.registry.resolver.cache.ERCache.lambda$getValue$0(ERCache.java:174)
	at io.apicurio.registry.resolver.cache.ERCache.retry(ERCache.java:227)
	at io.apicurio.registry.resolver.cache.ERCache.getValue(ERCache.java:173)
	at io.apicurio.registry.resolver.cache.ERCache.getByArtifactCoordinates(ERCache.java:158)
	at io.apicurio.registry.resolver.DefaultSchemaResolver.resolveSchemaByArtifactReferenceCached(DefaultSchemaResolver.java:338)
	at io.apicurio.registry.resolver.DefaultSchemaResolver.resolveSchemaByCoordinates(DefaultSchemaResolver.java:193)
	at io.apicurio.registry.resolver.DefaultSchemaResolver.getSchemaFromRegistry(DefaultSchemaResolver.java:130)
	at io.apicurio.registry.resolver.DefaultSchemaResolver.lambda$resolveSchema$0(DefaultSchemaResolver.java:84)
	at java.base/java.util.Optional.orElseGet(Optional.java:364)
	at io.apicurio.registry.resolver.DefaultSchemaResolver.resolveSchema(DefaultSchemaResolver.java:84)
	at io.apicurio.registry.serde.AbstractSerializer.serializeData(AbstractSerializer.java:62)
	at io.apicurio.registry.serde.KafkaSerializer.serialize(KafkaSerializer.java:77)
	at org.apache.kafka.clients.producer.KafkaProducer.doSend(KafkaProducer.java:1046)
	at org.apache.kafka.clients.producer.KafkaProducer.send(KafkaProducer.java:993)
	at org.apache.kafka.clients.producer.KafkaProducer.send(KafkaProducer.java:875)
	at io.apicurio.tests.serdes.apicurio.KafkaSerdesTester.lambda$produceMessages$3(KafkaSerdesTester.java:138)
	at java.base/java.util.concurrent.CompletableFuture$AsyncSupply.run(CompletableFuture.java:1768)
	at java.base/java.lang.Thread.run(Thread.java:840)
]]></system-err>
  </testcase>
  <testcase name="testTopicIdStrategyFindLatest" classname="io.apicurio.tests.serdes.apicurio.AvroSerdeIT" time="4.856">
    <system-out><![CDATA[2025-08-07 20:27:08,570 INFO  [io.api.tes.uti.TestSeparator] (main) ############################################################################
2025-08-07 20:27:08,570 INFO  [io.api.tes.uti.TestSeparator] (main) io.apicurio.tests.serdes.apicurio.AvroSerdeIT.testTopicIdStrategyFindLatest-STARTED
2025-08-07 20:27:08,571 INFO  [io.api.tes.ser.api.AvroSerdeIT] (main) Registering Avro Schema: {"type":"record","name":"myrecordapicurio1","fields":[{"name":"key11754598428571","type":"string"}]}
**** Registry Base URL: http://registry-app-inmemory.apps.ci419.apicurio-testing.org:80
2025-08-07 20:27:09,639 INFO  [org.apa.kaf.cli.pro.ProducerConfig] (main) ProducerConfig values: 
	acks = -1
	auto.include.jmx.reporter = true
	batch.size = 16384
	bootstrap.servers = [PLAINTEXT://localhost:32769]
	buffer.memory = 33554432
	client.dns.lookup = use_all_dns_ips
	client.id = Producer-topic-75dd6177_ce7e_4809_908f_51dadb080806
	compression.gzip.level = -1
	compression.lz4.level = 9
	compression.type = none
	compression.zstd.level = 3
	connections.max.idle.ms = 10000
	delivery.timeout.ms = 120000
	enable.idempotence = true
	enable.metrics.push = true
	interceptor.classes = []
	key.serializer = class org.apache.kafka.common.serialization.StringSerializer
	linger.ms = 0
	max.block.ms = 60000
	max.in.flight.requests.per.connection = 5
	max.request.size = 1048576
	metadata.max.age.ms = 300000
	metadata.max.idle.ms = 300000
	metadata.recovery.strategy = none
	metric.reporters = []
	metrics.num.samples = 2
	metrics.recording.level = INFO
	metrics.sample.window.ms = 30000
	partitioner.adaptive.partitioning.enable = true
	partitioner.availability.timeout.ms = 0
	partitioner.class = null
	partitioner.ignore.keys = false
	receive.buffer.bytes = 32768
	reconnect.backoff.max.ms = 1000
	reconnect.backoff.ms = 50
	request.timeout.ms = 5000
	retries = 2147483647
	retry.backoff.max.ms = 1000
	retry.backoff.ms = 100
	sasl.client.callback.handler.class = null
	sasl.jaas.config = null
	sasl.kerberos.kinit.cmd = /usr/bin/kinit
	sasl.kerberos.min.time.before.relogin = 60000
	sasl.kerberos.service.name = null
	sasl.kerberos.ticket.renew.jitter = 0.05
	sasl.kerberos.ticket.renew.window.factor = 0.8
	sasl.login.callback.handler.class = null
	sasl.login.class = null
	sasl.login.connect.timeout.ms = null
	sasl.login.read.timeout.ms = null
	sasl.login.refresh.buffer.seconds = 300
	sasl.login.refresh.min.period.seconds = 60
	sasl.login.refresh.window.factor = 0.8
	sasl.login.refresh.window.jitter = 0.05
	sasl.login.retry.backoff.max.ms = 10000
	sasl.login.retry.backoff.ms = 100
	sasl.mechanism = GSSAPI
	sasl.oauthbearer.clock.skew.seconds = 30
	sasl.oauthbearer.expected.audience = null
	sasl.oauthbearer.expected.issuer = null
	sasl.oauthbearer.header.urlencode = false
	sasl.oauthbearer.jwks.endpoint.refresh.ms = 3600000
	sasl.oauthbearer.jwks.endpoint.retry.backoff.max.ms = 10000
	sasl.oauthbearer.jwks.endpoint.retry.backoff.ms = 100
	sasl.oauthbearer.jwks.endpoint.url = null
	sasl.oauthbearer.scope.claim.name = scope
	sasl.oauthbearer.sub.claim.name = sub
	sasl.oauthbearer.token.endpoint.url = null
	security.protocol = PLAINTEXT
	security.providers = null
	send.buffer.bytes = 131072
	socket.connection.setup.timeout.max.ms = 30000
	socket.connection.setup.timeout.ms = 10000
	ssl.cipher.suites = null
	ssl.enabled.protocols = [TLSv1.2, TLSv1.3]
	ssl.endpoint.identification.algorithm = https
	ssl.engine.factory.class = null
	ssl.key.password = null
	ssl.keymanager.algorithm = SunX509
	ssl.keystore.certificate.chain = null
	ssl.keystore.key = null
	ssl.keystore.location = null
	ssl.keystore.password = null
	ssl.keystore.type = JKS
	ssl.protocol = TLSv1.3
	ssl.provider = null
	ssl.secure.random.implementation = null
	ssl.trustmanager.algorithm = PKIX
	ssl.truststore.certificates = null
	ssl.truststore.location = null
	ssl.truststore.password = null
	ssl.truststore.type = JKS
	transaction.timeout.ms = 60000
	transactional.id = null
	value.serializer = class io.apicurio.registry.serde.avro.AvroKafkaSerializer

2025-08-07 20:27:09,639 INFO  [org.apa.kaf.com.tel.int.KafkaMetricsCollector] (main) initializing Kafka metrics collector
2025-08-07 20:27:09,642 INFO  [org.apa.kaf.cli.pro.KafkaProducer] (main) [Producer clientId=Producer-topic-75dd6177_ce7e_4809_908f_51dadb080806] Instantiated an idempotent producer.
2025-08-07 20:27:09,644 INFO  [org.apa.kaf.cli.pro.ProducerConfig] (main) These configurations '[apicurio.registry.find-latest, apicurio.registry.url, apicurio.registry.artifact-resolver-strategy]' were supplied but are not used yet.
2025-08-07 20:27:09,644 INFO  [org.apa.kaf.com.uti.AppInfoParser] (main) Kafka version: 3.9.1
2025-08-07 20:27:09,644 INFO  [org.apa.kaf.com.uti.AppInfoParser] (main) Kafka commitId: f745dfdcee2b9851
2025-08-07 20:27:09,644 INFO  [org.apa.kaf.com.uti.AppInfoParser] (main) Kafka startTimeMs: 1754598429644
2025-08-07 20:27:09,645 INFO  [io.api.tes.ser.api.SimpleSerdesTesterBuilder$SimpleSerdesTester] (main) Using producer configuration: {apicurio.registry.find-latest=true, apicurio.registry.url=http://registry-app-inmemory.apps.ci419.apicurio-testing.org:80/apis/registry/v3, apicurio.registry.artifact-resolver-strategy=io.apicurio.registry.serde.strategy.TopicIdStrategy, value.serializer=io.apicurio.registry.serde.avro.AvroKafkaSerializer, request.timeout.ms=5000, acks=all, bootstrap.servers=PLAINTEXT://localhost:32769, connections.max.idle.ms=10000, key.serializer=org.apache.kafka.common.serialization.StringSerializer, client.id=Producer-topic-75dd6177_ce7e_4809_908f_51dadb080806}
2025-08-07 20:27:09,645 INFO  [io.api.tes.ser.api.SimpleSerdesTesterBuilder$SimpleSerdesTester] (main) Using consumer configuration: {}
2025-08-07 20:27:09,647 INFO  [io.api.tes.ser.api.KafkaSerdesTester] (Thread-645) Sending message {"key11754598428571": "value-0"} to topic topic-75dd6177_ce7e_4809_908f_51dadb080806
2025-08-07 20:27:09,651 INFO  [org.apa.kaf.cli.Metadata] (kafka-producer-network-thread | Producer-topic-75dd6177_ce7e_4809_908f_51dadb080806) [Producer clientId=Producer-topic-75dd6177_ce7e_4809_908f_51dadb080806] Cluster ID: hNYxEGJzT_KJiJb9MK3e4A
2025-08-07 20:27:09,653 INFO  [org.apa.kaf.cli.pro.int.TransactionManager] (kafka-producer-network-thread | Producer-topic-75dd6177_ce7e_4809_908f_51dadb080806) [Producer clientId=Producer-topic-75dd6177_ce7e_4809_908f_51dadb080806] ProducerId set to 9 with epoch 0
2025-08-07 20:27:09,761 INFO  [io.api.tes.ser.api.KafkaSerdesTester] (Thread-645) Sending message {"key11754598428571": "value-1"} to topic topic-75dd6177_ce7e_4809_908f_51dadb080806
2025-08-07 20:27:09,763 INFO  [io.api.tes.ser.api.KafkaSerdesTester] (Thread-645) Sending message {"key11754598428571": "value-2"} to topic topic-75dd6177_ce7e_4809_908f_51dadb080806
2025-08-07 20:27:09,765 INFO  [io.api.tes.ser.api.KafkaSerdesTester] (Thread-645) Sending message {"key11754598428571": "value-3"} to topic topic-75dd6177_ce7e_4809_908f_51dadb080806
2025-08-07 20:27:09,767 INFO  [io.api.tes.ser.api.KafkaSerdesTester] (Thread-645) Sending message {"key11754598428571": "value-4"} to topic topic-75dd6177_ce7e_4809_908f_51dadb080806
2025-08-07 20:27:09,770 INFO  [io.api.tes.ser.api.KafkaSerdesTester] (Thread-645) Sending message {"key11754598428571": "value-5"} to topic topic-75dd6177_ce7e_4809_908f_51dadb080806
2025-08-07 20:27:09,772 INFO  [io.api.tes.ser.api.KafkaSerdesTester] (Thread-645) Sending message {"key11754598428571": "value-6"} to topic topic-75dd6177_ce7e_4809_908f_51dadb080806
2025-08-07 20:27:09,775 INFO  [io.api.tes.ser.api.KafkaSerdesTester] (Thread-645) Sending message {"key11754598428571": "value-7"} to topic topic-75dd6177_ce7e_4809_908f_51dadb080806
2025-08-07 20:27:09,780 INFO  [io.api.tes.ser.api.KafkaSerdesTester] (Thread-645) Sending message {"key11754598428571": "value-8"} to topic topic-75dd6177_ce7e_4809_908f_51dadb080806
2025-08-07 20:27:09,784 INFO  [io.api.tes.ser.api.KafkaSerdesTester] (Thread-645) Sending message {"key11754598428571": "value-9"} to topic topic-75dd6177_ce7e_4809_908f_51dadb080806
2025-08-07 20:27:09,786 INFO  [io.api.tes.ser.api.KafkaSerdesTester] (Thread-645) Produced 10 messages
2025-08-07 20:27:09,786 INFO  [org.apa.kaf.cli.pro.KafkaProducer] (Thread-645) [Producer clientId=Producer-topic-75dd6177_ce7e_4809_908f_51dadb080806] Closing the Kafka producer with timeoutMillis = 9223372036854775807 ms.
2025-08-07 20:27:09,788 INFO  [org.apa.kaf.com.met.Metrics] (Thread-645) Metrics scheduler closed
2025-08-07 20:27:09,788 INFO  [org.apa.kaf.com.met.Metrics] (Thread-645) Closing reporter org.apache.kafka.common.metrics.JmxReporter
2025-08-07 20:27:09,788 INFO  [org.apa.kaf.com.met.Metrics] (Thread-645) Closing reporter org.apache.kafka.common.telemetry.internals.ClientTelemetryReporter
2025-08-07 20:27:09,789 INFO  [org.apa.kaf.com.met.Metrics] (Thread-645) Metrics reporters closed
2025-08-07 20:27:09,789 INFO  [org.apa.kaf.com.uti.AppInfoParser] (Thread-645) App info kafka.producer for Producer-topic-75dd6177_ce7e_4809_908f_51dadb080806 unregistered
**** Registry Base URL: http://registry-app-inmemory.apps.ci419.apicurio-testing.org:80
2025-08-07 20:27:09,789 INFO  [org.apa.kaf.cli.con.ConsumerConfig] (main) ConsumerConfig values: 
	allow.auto.create.topics = true
	auto.commit.interval.ms = 500
	auto.include.jmx.reporter = true
	auto.offset.reset = earliest
	bootstrap.servers = [PLAINTEXT://localhost:32769]
	check.crcs = true
	client.dns.lookup = use_all_dns_ips
	client.id = consumer-Consumer-topic-75dd6177_ce7e_4809_908f_51dadb080806-7
	client.rack = 
	connections.max.idle.ms = 10000
	default.api.timeout.ms = 60000
	enable.auto.commit = true
	enable.metrics.push = true
	exclude.internal.topics = true
	fetch.max.bytes = 52428800
	fetch.max.wait.ms = 500
	fetch.min.bytes = 1
	group.id = Consumer-topic-75dd6177_ce7e_4809_908f_51dadb080806
	group.instance.id = null
	group.protocol = classic
	group.remote.assignor = null
	heartbeat.interval.ms = 3000
	interceptor.classes = []
	internal.leave.group.on.close = true
	internal.throw.on.fetch.stable.offset.unsupported = false
	isolation.level = read_uncommitted
	key.deserializer = class org.apache.kafka.common.serialization.StringDeserializer
	max.partition.fetch.bytes = 1048576
	max.poll.interval.ms = 300000
	max.poll.records = 500
	metadata.max.age.ms = 300000
	metadata.recovery.strategy = none
	metric.reporters = []
	metrics.num.samples = 2
	metrics.recording.level = INFO
	metrics.sample.window.ms = 30000
	partition.assignment.strategy = [class org.apache.kafka.clients.consumer.RangeAssignor, class org.apache.kafka.clients.consumer.CooperativeStickyAssignor]
	receive.buffer.bytes = 65536
	reconnect.backoff.max.ms = 1000
	reconnect.backoff.ms = 50
	request.timeout.ms = 5000
	retry.backoff.max.ms = 1000
	retry.backoff.ms = 100
	sasl.client.callback.handler.class = null
	sasl.jaas.config = null
	sasl.kerberos.kinit.cmd = /usr/bin/kinit
	sasl.kerberos.min.time.before.relogin = 60000
	sasl.kerberos.service.name = null
	sasl.kerberos.ticket.renew.jitter = 0.05
	sasl.kerberos.ticket.renew.window.factor = 0.8
	sasl.login.callback.handler.class = null
	sasl.login.class = null
	sasl.login.connect.timeout.ms = null
	sasl.login.read.timeout.ms = null
	sasl.login.refresh.buffer.seconds = 300
	sasl.login.refresh.min.period.seconds = 60
	sasl.login.refresh.window.factor = 0.8
	sasl.login.refresh.window.jitter = 0.05
	sasl.login.retry.backoff.max.ms = 10000
	sasl.login.retry.backoff.ms = 100
	sasl.mechanism = GSSAPI
	sasl.oauthbearer.clock.skew.seconds = 30
	sasl.oauthbearer.expected.audience = null
	sasl.oauthbearer.expected.issuer = null
	sasl.oauthbearer.header.urlencode = false
	sasl.oauthbearer.jwks.endpoint.refresh.ms = 3600000
	sasl.oauthbearer.jwks.endpoint.retry.backoff.max.ms = 10000
	sasl.oauthbearer.jwks.endpoint.retry.backoff.ms = 100
	sasl.oauthbearer.jwks.endpoint.url = null
	sasl.oauthbearer.scope.claim.name = scope
	sasl.oauthbearer.sub.claim.name = sub
	sasl.oauthbearer.token.endpoint.url = null
	security.protocol = PLAINTEXT
	security.providers = null
	send.buffer.bytes = 131072
	session.timeout.ms = 45000
	socket.connection.setup.timeout.max.ms = 30000
	socket.connection.setup.timeout.ms = 10000
	ssl.cipher.suites = null
	ssl.enabled.protocols = [TLSv1.2, TLSv1.3]
	ssl.endpoint.identification.algorithm = https
	ssl.engine.factory.class = null
	ssl.key.password = null
	ssl.keymanager.algorithm = SunX509
	ssl.keystore.certificate.chain = null
	ssl.keystore.key = null
	ssl.keystore.location = null
	ssl.keystore.password = null
	ssl.keystore.type = JKS
	ssl.protocol = TLSv1.3
	ssl.provider = null
	ssl.secure.random.implementation = null
	ssl.trustmanager.algorithm = PKIX
	ssl.truststore.certificates = null
	ssl.truststore.location = null
	ssl.truststore.password = null
	ssl.truststore.type = JKS
	value.deserializer = class io.apicurio.registry.serde.avro.AvroKafkaDeserializer

2025-08-07 20:27:09,790 INFO  [org.apa.kaf.com.tel.int.KafkaMetricsCollector] (main) initializing Kafka metrics collector
2025-08-07 20:27:09,797 INFO  [org.apa.kaf.cli.con.ConsumerConfig] (main) These configurations '[apicurio.registry.url]' were supplied but are not used yet.
2025-08-07 20:27:09,797 INFO  [org.apa.kaf.com.uti.AppInfoParser] (main) Kafka version: 3.9.1
2025-08-07 20:27:09,797 INFO  [org.apa.kaf.com.uti.AppInfoParser] (main) Kafka commitId: f745dfdcee2b9851
2025-08-07 20:27:09,797 INFO  [org.apa.kaf.com.uti.AppInfoParser] (main) Kafka startTimeMs: 1754598429797
2025-08-07 20:27:09,797 INFO  [org.apa.kaf.cli.con.int.ClassicKafkaConsumer] (Thread-648) [Consumer clientId=consumer-Consumer-topic-75dd6177_ce7e_4809_908f_51dadb080806-7, groupId=Consumer-topic-75dd6177_ce7e_4809_908f_51dadb080806] Subscribed to topic(s): topic-75dd6177_ce7e_4809_908f_51dadb080806
2025-08-07 20:27:09,802 INFO  [org.apa.kaf.cli.Metadata] (Thread-648) [Consumer clientId=consumer-Consumer-topic-75dd6177_ce7e_4809_908f_51dadb080806-7, groupId=Consumer-topic-75dd6177_ce7e_4809_908f_51dadb080806] Cluster ID: hNYxEGJzT_KJiJb9MK3e4A
2025-08-07 20:27:09,803 INFO  [org.apa.kaf.cli.con.int.ConsumerCoordinator] (Thread-648) [Consumer clientId=consumer-Consumer-topic-75dd6177_ce7e_4809_908f_51dadb080806-7, groupId=Consumer-topic-75dd6177_ce7e_4809_908f_51dadb080806] Discovered group coordinator localhost:32769 (id: 2147483647 rack: null)
2025-08-07 20:27:09,804 INFO  [org.apa.kaf.cli.con.int.ConsumerCoordinator] (Thread-648) [Consumer clientId=consumer-Consumer-topic-75dd6177_ce7e_4809_908f_51dadb080806-7, groupId=Consumer-topic-75dd6177_ce7e_4809_908f_51dadb080806] (Re-)joining group
2025-08-07 20:27:09,807 INFO  [org.apa.kaf.cli.con.int.ConsumerCoordinator] (Thread-648) [Consumer clientId=consumer-Consumer-topic-75dd6177_ce7e_4809_908f_51dadb080806-7, groupId=Consumer-topic-75dd6177_ce7e_4809_908f_51dadb080806] Request joining group due to: need to re-join with the given member-id: consumer-Consumer-topic-75dd6177_ce7e_4809_908f_51dadb080806-7-78d60408-5779-4ca1-9034-b5677d42df6b
2025-08-07 20:27:09,807 INFO  [org.apa.kaf.cli.con.int.ConsumerCoordinator] (Thread-648) [Consumer clientId=consumer-Consumer-topic-75dd6177_ce7e_4809_908f_51dadb080806-7, groupId=Consumer-topic-75dd6177_ce7e_4809_908f_51dadb080806] (Re-)joining group
2025-08-07 20:27:10,797 INFO  [io.api.tes.ser.api.KafkaSerdesTester] (Thread-648) None found
2025-08-07 20:27:11,797 INFO  [io.api.tes.ser.api.KafkaSerdesTester] (Thread-648) None found
2025-08-07 20:27:12,797 INFO  [io.api.tes.ser.api.KafkaSerdesTester] (Thread-648) None found
2025-08-07 20:27:12,809 INFO  [org.apa.kaf.cli.con.int.ConsumerCoordinator] (Thread-648) [Consumer clientId=consumer-Consumer-topic-75dd6177_ce7e_4809_908f_51dadb080806-7, groupId=Consumer-topic-75dd6177_ce7e_4809_908f_51dadb080806] Successfully joined group with generation Generation{generationId=1, memberId='consumer-Consumer-topic-75dd6177_ce7e_4809_908f_51dadb080806-7-78d60408-5779-4ca1-9034-b5677d42df6b', protocol='range'}
2025-08-07 20:27:12,810 INFO  [org.apa.kaf.cli.con.int.ConsumerCoordinator] (Thread-648) [Consumer clientId=consumer-Consumer-topic-75dd6177_ce7e_4809_908f_51dadb080806-7, groupId=Consumer-topic-75dd6177_ce7e_4809_908f_51dadb080806] Finished assignment for group at generation 1: {consumer-Consumer-topic-75dd6177_ce7e_4809_908f_51dadb080806-7-78d60408-5779-4ca1-9034-b5677d42df6b=Assignment(partitions=[topic-75dd6177_ce7e_4809_908f_51dadb080806-0])}
2025-08-07 20:27:12,817 INFO  [org.apa.kaf.cli.con.int.ConsumerCoordinator] (Thread-648) [Consumer clientId=consumer-Consumer-topic-75dd6177_ce7e_4809_908f_51dadb080806-7, groupId=Consumer-topic-75dd6177_ce7e_4809_908f_51dadb080806] Successfully synced group in generation Generation{generationId=1, memberId='consumer-Consumer-topic-75dd6177_ce7e_4809_908f_51dadb080806-7-78d60408-5779-4ca1-9034-b5677d42df6b', protocol='range'}
2025-08-07 20:27:12,817 INFO  [org.apa.kaf.cli.con.int.ConsumerCoordinator] (Thread-648) [Consumer clientId=consumer-Consumer-topic-75dd6177_ce7e_4809_908f_51dadb080806-7, groupId=Consumer-topic-75dd6177_ce7e_4809_908f_51dadb080806] Notifying assignor about the new Assignment(partitions=[topic-75dd6177_ce7e_4809_908f_51dadb080806-0])
2025-08-07 20:27:12,827 INFO  [org.apa.kaf.cli.con.int.ConsumerRebalanceListenerInvoker] (Thread-648) [Consumer clientId=consumer-Consumer-topic-75dd6177_ce7e_4809_908f_51dadb080806-7, groupId=Consumer-topic-75dd6177_ce7e_4809_908f_51dadb080806] Adding newly assigned partitions: topic-75dd6177_ce7e_4809_908f_51dadb080806-0
2025-08-07 20:27:12,829 INFO  [org.apa.kaf.cli.con.int.ConsumerCoordinator] (Thread-648) [Consumer clientId=consumer-Consumer-topic-75dd6177_ce7e_4809_908f_51dadb080806-7, groupId=Consumer-topic-75dd6177_ce7e_4809_908f_51dadb080806] Found no committed offset for partition topic-75dd6177_ce7e_4809_908f_51dadb080806-0
2025-08-07 20:27:12,835 INFO  [org.apa.kaf.cli.con.int.SubscriptionState] (Thread-648) [Consumer clientId=consumer-Consumer-topic-75dd6177_ce7e_4809_908f_51dadb080806-7, groupId=Consumer-topic-75dd6177_ce7e_4809_908f_51dadb080806] Resetting offset for partition topic-75dd6177_ce7e_4809_908f_51dadb080806-0 to position FetchPosition{offset=0, offsetEpoch=Optional.empty, currentLeader=LeaderAndEpoch{leader=Optional[localhost:32769 (id: 0 rack: null)], epoch=0}}.
2025-08-07 20:27:12,919 INFO  [io.api.tes.ser.api.KafkaSerdesTester] (Thread-648) topic-75dd6177_ce7e_4809_908f_51dadb080806 0 0 {"key11754598428571": "value-0"}
2025-08-07 20:27:12,919 INFO  [io.api.tes.ser.api.KafkaSerdesTester] (Thread-648) topic-75dd6177_ce7e_4809_908f_51dadb080806 0 1 {"key11754598428571": "value-1"}
2025-08-07 20:27:12,919 INFO  [io.api.tes.ser.api.KafkaSerdesTester] (Thread-648) topic-75dd6177_ce7e_4809_908f_51dadb080806 0 2 {"key11754598428571": "value-2"}
2025-08-07 20:27:12,919 INFO  [io.api.tes.ser.api.KafkaSerdesTester] (Thread-648) topic-75dd6177_ce7e_4809_908f_51dadb080806 0 3 {"key11754598428571": "value-3"}
2025-08-07 20:27:12,919 INFO  [io.api.tes.ser.api.KafkaSerdesTester] (Thread-648) topic-75dd6177_ce7e_4809_908f_51dadb080806 0 4 {"key11754598428571": "value-4"}
2025-08-07 20:27:12,919 INFO  [io.api.tes.ser.api.KafkaSerdesTester] (Thread-648) topic-75dd6177_ce7e_4809_908f_51dadb080806 0 5 {"key11754598428571": "value-5"}
2025-08-07 20:27:12,919 INFO  [io.api.tes.ser.api.KafkaSerdesTester] (Thread-648) topic-75dd6177_ce7e_4809_908f_51dadb080806 0 6 {"key11754598428571": "value-6"}
2025-08-07 20:27:12,919 INFO  [io.api.tes.ser.api.KafkaSerdesTester] (Thread-648) topic-75dd6177_ce7e_4809_908f_51dadb080806 0 7 {"key11754598428571": "value-7"}
2025-08-07 20:27:12,919 INFO  [io.api.tes.ser.api.KafkaSerdesTester] (Thread-648) topic-75dd6177_ce7e_4809_908f_51dadb080806 0 8 {"key11754598428571": "value-8"}
2025-08-07 20:27:12,919 INFO  [io.api.tes.ser.api.KafkaSerdesTester] (Thread-648) topic-75dd6177_ce7e_4809_908f_51dadb080806 0 9 {"key11754598428571": "value-9"}
2025-08-07 20:27:12,919 INFO  [io.api.tes.ser.api.KafkaSerdesTester] (Thread-648) Consumed 10 messages
2025-08-07 20:27:12,931 INFO  [org.apa.kaf.cli.con.int.ConsumerRebalanceListenerInvoker] (Thread-648) [Consumer clientId=consumer-Consumer-topic-75dd6177_ce7e_4809_908f_51dadb080806-7, groupId=Consumer-topic-75dd6177_ce7e_4809_908f_51dadb080806] Revoke previously assigned partitions topic-75dd6177_ce7e_4809_908f_51dadb080806-0
2025-08-07 20:27:12,931 INFO  [org.apa.kaf.cli.con.int.ConsumerCoordinator] (Thread-648) [Consumer clientId=consumer-Consumer-topic-75dd6177_ce7e_4809_908f_51dadb080806-7, groupId=Consumer-topic-75dd6177_ce7e_4809_908f_51dadb080806] Member consumer-Consumer-topic-75dd6177_ce7e_4809_908f_51dadb080806-7-78d60408-5779-4ca1-9034-b5677d42df6b sending LeaveGroup request to coordinator localhost:32769 (id: 2147483647 rack: null) due to the consumer is being closed
2025-08-07 20:27:12,933 INFO  [org.apa.kaf.cli.con.int.ConsumerCoordinator] (Thread-648) [Consumer clientId=consumer-Consumer-topic-75dd6177_ce7e_4809_908f_51dadb080806-7, groupId=Consumer-topic-75dd6177_ce7e_4809_908f_51dadb080806] Resetting generation and member id due to: consumer pro-actively leaving the group
2025-08-07 20:27:12,933 INFO  [org.apa.kaf.cli.con.int.ConsumerCoordinator] (Thread-648) [Consumer clientId=consumer-Consumer-topic-75dd6177_ce7e_4809_908f_51dadb080806-7, groupId=Consumer-topic-75dd6177_ce7e_4809_908f_51dadb080806] Request joining group due to: consumer pro-actively leaving the group
2025-08-07 20:27:13,421 INFO  [org.apa.kaf.com.met.Metrics] (Thread-648) Metrics scheduler closed
2025-08-07 20:27:13,421 INFO  [org.apa.kaf.com.met.Metrics] (Thread-648) Closing reporter org.apache.kafka.common.metrics.JmxReporter
2025-08-07 20:27:13,421 INFO  [org.apa.kaf.com.met.Metrics] (Thread-648) Closing reporter org.apache.kafka.common.telemetry.internals.ClientTelemetryReporter
2025-08-07 20:27:13,421 INFO  [org.apa.kaf.com.met.Metrics] (Thread-648) Metrics reporters closed
2025-08-07 20:27:13,423 INFO  [org.apa.kaf.com.uti.AppInfoParser] (Thread-648) App info kafka.consumer for consumer-Consumer-topic-75dd6177_ce7e_4809_908f_51dadb080806-7 unregistered
2025-08-07 20:27:13,425 INFO  [io.api.tes.uti.TestSeparator] (main) io.apicurio.tests.serdes.apicurio.AvroSerdeIT.testTopicIdStrategyFindLatest-FINISHED
2025-08-07 20:27:13,425 INFO  [io.api.tes.uti.TestSeparator] (main) ############################################################################
Test passed: testTopicIdStrategyFindLatest
]]></system-out>
  </testcase>
  <testcase name="testAvroUnionWithSpecificReader" classname="io.apicurio.tests.serdes.apicurio.AvroSerdeIT" time="3.98">
    <system-out><![CDATA[2025-08-07 20:27:13,426 INFO  [io.api.tes.uti.TestSeparator] (main) ############################################################################
2025-08-07 20:27:13,428 INFO  [io.api.tes.uti.TestSeparator] (main) io.apicurio.tests.serdes.apicurio.AvroSerdeIT.testAvroUnionWithSpecificReader-STARTED
**** Registry Base URL: http://registry-app-inmemory.apps.ci419.apicurio-testing.org:80
2025-08-07 20:27:13,443 INFO  [org.apa.kaf.cli.pro.ProducerConfig] (main) ProducerConfig values: 
	acks = -1
	auto.include.jmx.reporter = true
	batch.size = 16384
	bootstrap.servers = [PLAINTEXT://localhost:32769]
	buffer.memory = 33554432
	client.dns.lookup = use_all_dns_ips
	client.id = Producer-topic-573c8c65_9147_4c1a_85be_c9a60631fa11
	compression.gzip.level = -1
	compression.lz4.level = 9
	compression.type = none
	compression.zstd.level = 3
	connections.max.idle.ms = 10000
	delivery.timeout.ms = 120000
	enable.idempotence = true
	enable.metrics.push = true
	interceptor.classes = []
	key.serializer = class org.apache.kafka.common.serialization.StringSerializer
	linger.ms = 0
	max.block.ms = 60000
	max.in.flight.requests.per.connection = 5
	max.request.size = 1048576
	metadata.max.age.ms = 300000
	metadata.max.idle.ms = 300000
	metadata.recovery.strategy = none
	metric.reporters = []
	metrics.num.samples = 2
	metrics.recording.level = INFO
	metrics.sample.window.ms = 30000
	partitioner.adaptive.partitioning.enable = true
	partitioner.availability.timeout.ms = 0
	partitioner.class = null
	partitioner.ignore.keys = false
	receive.buffer.bytes = 32768
	reconnect.backoff.max.ms = 1000
	reconnect.backoff.ms = 50
	request.timeout.ms = 5000
	retries = 2147483647
	retry.backoff.max.ms = 1000
	retry.backoff.ms = 100
	sasl.client.callback.handler.class = null
	sasl.jaas.config = null
	sasl.kerberos.kinit.cmd = /usr/bin/kinit
	sasl.kerberos.min.time.before.relogin = 60000
	sasl.kerberos.service.name = null
	sasl.kerberos.ticket.renew.jitter = 0.05
	sasl.kerberos.ticket.renew.window.factor = 0.8
	sasl.login.callback.handler.class = null
	sasl.login.class = null
	sasl.login.connect.timeout.ms = null
	sasl.login.read.timeout.ms = null
	sasl.login.refresh.buffer.seconds = 300
	sasl.login.refresh.min.period.seconds = 60
	sasl.login.refresh.window.factor = 0.8
	sasl.login.refresh.window.jitter = 0.05
	sasl.login.retry.backoff.max.ms = 10000
	sasl.login.retry.backoff.ms = 100
	sasl.mechanism = GSSAPI
	sasl.oauthbearer.clock.skew.seconds = 30
	sasl.oauthbearer.expected.audience = null
	sasl.oauthbearer.expected.issuer = null
	sasl.oauthbearer.header.urlencode = false
	sasl.oauthbearer.jwks.endpoint.refresh.ms = 3600000
	sasl.oauthbearer.jwks.endpoint.retry.backoff.max.ms = 10000
	sasl.oauthbearer.jwks.endpoint.retry.backoff.ms = 100
	sasl.oauthbearer.jwks.endpoint.url = null
	sasl.oauthbearer.scope.claim.name = scope
	sasl.oauthbearer.sub.claim.name = sub
	sasl.oauthbearer.token.endpoint.url = null
	security.protocol = PLAINTEXT
	security.providers = null
	send.buffer.bytes = 131072
	socket.connection.setup.timeout.max.ms = 30000
	socket.connection.setup.timeout.ms = 10000
	ssl.cipher.suites = null
	ssl.enabled.protocols = [TLSv1.2, TLSv1.3]
	ssl.endpoint.identification.algorithm = https
	ssl.engine.factory.class = null
	ssl.key.password = null
	ssl.keymanager.algorithm = SunX509
	ssl.keystore.certificate.chain = null
	ssl.keystore.key = null
	ssl.keystore.location = null
	ssl.keystore.password = null
	ssl.keystore.type = JKS
	ssl.protocol = TLSv1.3
	ssl.provider = null
	ssl.secure.random.implementation = null
	ssl.trustmanager.algorithm = PKIX
	ssl.truststore.certificates = null
	ssl.truststore.location = null
	ssl.truststore.password = null
	ssl.truststore.type = JKS
	transaction.timeout.ms = 60000
	transactional.id = null
	value.serializer = class io.apicurio.registry.serde.avro.AvroKafkaSerializer

2025-08-07 20:27:13,443 INFO  [org.apa.kaf.com.tel.int.KafkaMetricsCollector] (main) initializing Kafka metrics collector
2025-08-07 20:27:13,451 INFO  [org.apa.kaf.cli.pro.KafkaProducer] (main) [Producer clientId=Producer-topic-573c8c65_9147_4c1a_85be_c9a60631fa11] Instantiated an idempotent producer.
2025-08-07 20:27:13,458 INFO  [org.apa.kaf.cli.pro.ProducerConfig] (main) These configurations '[apicurio.registry.url, apicurio.registry.auto-register, apicurio.registry.artifact-resolver-strategy]' were supplied but are not used yet.
2025-08-07 20:27:13,458 INFO  [org.apa.kaf.com.uti.AppInfoParser] (main) Kafka version: 3.9.1
2025-08-07 20:27:13,459 INFO  [org.apa.kaf.com.uti.AppInfoParser] (main) Kafka commitId: f745dfdcee2b9851
2025-08-07 20:27:13,459 INFO  [org.apa.kaf.com.uti.AppInfoParser] (main) Kafka startTimeMs: 1754598433458
2025-08-07 20:27:13,460 INFO  [io.api.tes.ser.api.SimpleSerdesTesterBuilder$SimpleSerdesTester] (main) Using producer configuration: {apicurio.registry.url=http://registry-app-inmemory.apps.ci419.apicurio-testing.org:80/apis/registry/v3, apicurio.registry.auto-register=true, apicurio.registry.artifact-resolver-strategy=io.apicurio.registry.serde.strategy.TopicIdStrategy, value.serializer=io.apicurio.registry.serde.avro.AvroKafkaSerializer, request.timeout.ms=5000, acks=all, bootstrap.servers=PLAINTEXT://localhost:32769, connections.max.idle.ms=10000, key.serializer=org.apache.kafka.common.serialization.StringSerializer, client.id=Producer-topic-573c8c65_9147_4c1a_85be_c9a60631fa11}
2025-08-07 20:27:13,461 INFO  [io.api.tes.ser.api.SimpleSerdesTesterBuilder$SimpleSerdesTester] (main) Using consumer configuration: {}
2025-08-07 20:27:13,468 INFO  [io.api.tes.ser.api.KafkaSerdesTester] (Thread-651) Sending message {"id": "record-0"} to topic topic-573c8c65_9147_4c1a_85be_c9a60631fa11
2025-08-07 20:27:13,471 INFO  [org.apa.kaf.cli.Metadata] (kafka-producer-network-thread | Producer-topic-573c8c65_9147_4c1a_85be_c9a60631fa11) [Producer clientId=Producer-topic-573c8c65_9147_4c1a_85be_c9a60631fa11] Cluster ID: hNYxEGJzT_KJiJb9MK3e4A
2025-08-07 20:27:13,474 INFO  [org.apa.kaf.cli.pro.int.TransactionManager] (kafka-producer-network-thread | Producer-topic-573c8c65_9147_4c1a_85be_c9a60631fa11) [Producer clientId=Producer-topic-573c8c65_9147_4c1a_85be_c9a60631fa11] ProducerId set to 10 with epoch 0
2025-08-07 20:27:13,550 INFO  [io.api.tes.ser.api.KafkaSerdesTester] (Thread-651) Sending message {"value": 1} to topic topic-573c8c65_9147_4c1a_85be_c9a60631fa11
2025-08-07 20:27:13,594 INFO  [io.api.tes.ser.api.KafkaSerdesTester] (Thread-651) Sending message {"active": true} to topic topic-573c8c65_9147_4c1a_85be_c9a60631fa11
2025-08-07 20:27:13,633 INFO  [io.api.tes.ser.api.KafkaSerdesTester] (Thread-651) Sending message {"id": "record-3"} to topic topic-573c8c65_9147_4c1a_85be_c9a60631fa11
2025-08-07 20:27:13,634 INFO  [io.api.tes.ser.api.KafkaSerdesTester] (Thread-651) Sending message {"value": 4} to topic topic-573c8c65_9147_4c1a_85be_c9a60631fa11
2025-08-07 20:27:13,636 INFO  [io.api.tes.ser.api.KafkaSerdesTester] (Thread-651) Sending message {"active": false} to topic topic-573c8c65_9147_4c1a_85be_c9a60631fa11
2025-08-07 20:27:13,638 INFO  [io.api.tes.ser.api.KafkaSerdesTester] (Thread-651) Sending message {"id": "record-6"} to topic topic-573c8c65_9147_4c1a_85be_c9a60631fa11
2025-08-07 20:27:13,642 INFO  [io.api.tes.ser.api.KafkaSerdesTester] (Thread-651) Sending message {"value": 7} to topic topic-573c8c65_9147_4c1a_85be_c9a60631fa11
2025-08-07 20:27:13,644 INFO  [io.api.tes.ser.api.KafkaSerdesTester] (Thread-651) Sending message {"active": true} to topic topic-573c8c65_9147_4c1a_85be_c9a60631fa11
2025-08-07 20:27:13,646 INFO  [io.api.tes.ser.api.KafkaSerdesTester] (Thread-651) Sending message {"id": "record-9"} to topic topic-573c8c65_9147_4c1a_85be_c9a60631fa11
2025-08-07 20:27:13,648 INFO  [io.api.tes.ser.api.KafkaSerdesTester] (Thread-651) Produced 10 messages
2025-08-07 20:27:13,648 INFO  [org.apa.kaf.cli.pro.KafkaProducer] (Thread-651) [Producer clientId=Producer-topic-573c8c65_9147_4c1a_85be_c9a60631fa11] Closing the Kafka producer with timeoutMillis = 9223372036854775807 ms.
2025-08-07 20:27:13,651 INFO  [org.apa.kaf.com.met.Metrics] (Thread-651) Metrics scheduler closed
2025-08-07 20:27:13,651 INFO  [org.apa.kaf.com.met.Metrics] (Thread-651) Closing reporter org.apache.kafka.common.metrics.JmxReporter
2025-08-07 20:27:13,651 INFO  [org.apa.kaf.com.met.Metrics] (Thread-651) Closing reporter org.apache.kafka.common.telemetry.internals.ClientTelemetryReporter
2025-08-07 20:27:13,651 INFO  [org.apa.kaf.com.met.Metrics] (Thread-651) Metrics reporters closed
2025-08-07 20:27:13,652 INFO  [org.apa.kaf.com.uti.AppInfoParser] (Thread-651) App info kafka.producer for Producer-topic-573c8c65_9147_4c1a_85be_c9a60631fa11 unregistered
2025-08-07 20:27:13,685 INFO  [io.api.tes.ser.api.AvroSerdeIT] (main) Artifact topic-573c8c65_9147_4c1a_85be_c9a60631fa11-value found in registry with globalId 25
**** Registry Base URL: http://registry-app-inmemory.apps.ci419.apicurio-testing.org:80
2025-08-07 20:27:13,685 INFO  [org.apa.kaf.cli.con.ConsumerConfig] (main) ConsumerConfig values: 
	allow.auto.create.topics = true
	auto.commit.interval.ms = 500
	auto.include.jmx.reporter = true
	auto.offset.reset = earliest
	bootstrap.servers = [PLAINTEXT://localhost:32769]
	check.crcs = true
	client.dns.lookup = use_all_dns_ips
	client.id = consumer-Consumer-topic-573c8c65_9147_4c1a_85be_c9a60631fa11-8
	client.rack = 
	connections.max.idle.ms = 10000
	default.api.timeout.ms = 60000
	enable.auto.commit = true
	enable.metrics.push = true
	exclude.internal.topics = true
	fetch.max.bytes = 52428800
	fetch.max.wait.ms = 500
	fetch.min.bytes = 1
	group.id = Consumer-topic-573c8c65_9147_4c1a_85be_c9a60631fa11
	group.instance.id = null
	group.protocol = classic
	group.remote.assignor = null
	heartbeat.interval.ms = 3000
	interceptor.classes = []
	internal.leave.group.on.close = true
	internal.throw.on.fetch.stable.offset.unsupported = false
	isolation.level = read_uncommitted
	key.deserializer = class org.apache.kafka.common.serialization.StringDeserializer
	max.partition.fetch.bytes = 1048576
	max.poll.interval.ms = 300000
	max.poll.records = 500
	metadata.max.age.ms = 300000
	metadata.recovery.strategy = none
	metric.reporters = []
	metrics.num.samples = 2
	metrics.recording.level = INFO
	metrics.sample.window.ms = 30000
	partition.assignment.strategy = [class org.apache.kafka.clients.consumer.RangeAssignor, class org.apache.kafka.clients.consumer.CooperativeStickyAssignor]
	receive.buffer.bytes = 65536
	reconnect.backoff.max.ms = 1000
	reconnect.backoff.ms = 50
	request.timeout.ms = 5000
	retry.backoff.max.ms = 1000
	retry.backoff.ms = 100
	sasl.client.callback.handler.class = null
	sasl.jaas.config = null
	sasl.kerberos.kinit.cmd = /usr/bin/kinit
	sasl.kerberos.min.time.before.relogin = 60000
	sasl.kerberos.service.name = null
	sasl.kerberos.ticket.renew.jitter = 0.05
	sasl.kerberos.ticket.renew.window.factor = 0.8
	sasl.login.callback.handler.class = null
	sasl.login.class = null
	sasl.login.connect.timeout.ms = null
	sasl.login.read.timeout.ms = null
	sasl.login.refresh.buffer.seconds = 300
	sasl.login.refresh.min.period.seconds = 60
	sasl.login.refresh.window.factor = 0.8
	sasl.login.refresh.window.jitter = 0.05
	sasl.login.retry.backoff.max.ms = 10000
	sasl.login.retry.backoff.ms = 100
	sasl.mechanism = GSSAPI
	sasl.oauthbearer.clock.skew.seconds = 30
	sasl.oauthbearer.expected.audience = null
	sasl.oauthbearer.expected.issuer = null
	sasl.oauthbearer.header.urlencode = false
	sasl.oauthbearer.jwks.endpoint.refresh.ms = 3600000
	sasl.oauthbearer.jwks.endpoint.retry.backoff.max.ms = 10000
	sasl.oauthbearer.jwks.endpoint.retry.backoff.ms = 100
	sasl.oauthbearer.jwks.endpoint.url = null
	sasl.oauthbearer.scope.claim.name = scope
	sasl.oauthbearer.sub.claim.name = sub
	sasl.oauthbearer.token.endpoint.url = null
	security.protocol = PLAINTEXT
	security.providers = null
	send.buffer.bytes = 131072
	session.timeout.ms = 45000
	socket.connection.setup.timeout.max.ms = 30000
	socket.connection.setup.timeout.ms = 10000
	ssl.cipher.suites = null
	ssl.enabled.protocols = [TLSv1.2, TLSv1.3]
	ssl.endpoint.identification.algorithm = https
	ssl.engine.factory.class = null
	ssl.key.password = null
	ssl.keymanager.algorithm = SunX509
	ssl.keystore.certificate.chain = null
	ssl.keystore.key = null
	ssl.keystore.location = null
	ssl.keystore.password = null
	ssl.keystore.type = JKS
	ssl.protocol = TLSv1.3
	ssl.provider = null
	ssl.secure.random.implementation = null
	ssl.trustmanager.algorithm = PKIX
	ssl.truststore.certificates = null
	ssl.truststore.location = null
	ssl.truststore.password = null
	ssl.truststore.type = JKS
	value.deserializer = class io.apicurio.registry.serde.avro.AvroKafkaDeserializer

2025-08-07 20:27:13,686 INFO  [org.apa.kaf.com.tel.int.KafkaMetricsCollector] (main) initializing Kafka metrics collector
2025-08-07 20:27:13,692 INFO  [org.apa.kaf.cli.con.ConsumerConfig] (main) These configurations '[apicurio.registry.url]' were supplied but are not used yet.
2025-08-07 20:27:13,693 INFO  [org.apa.kaf.com.uti.AppInfoParser] (main) Kafka version: 3.9.1
2025-08-07 20:27:13,693 INFO  [org.apa.kaf.com.uti.AppInfoParser] (main) Kafka commitId: f745dfdcee2b9851
2025-08-07 20:27:13,693 INFO  [org.apa.kaf.com.uti.AppInfoParser] (main) Kafka startTimeMs: 1754598433692
2025-08-07 20:27:13,693 INFO  [org.apa.kaf.cli.con.int.ClassicKafkaConsumer] (Thread-654) [Consumer clientId=consumer-Consumer-topic-573c8c65_9147_4c1a_85be_c9a60631fa11-8, groupId=Consumer-topic-573c8c65_9147_4c1a_85be_c9a60631fa11] Subscribed to topic(s): topic-573c8c65_9147_4c1a_85be_c9a60631fa11
2025-08-07 20:27:13,698 INFO  [org.apa.kaf.cli.Metadata] (Thread-654) [Consumer clientId=consumer-Consumer-topic-573c8c65_9147_4c1a_85be_c9a60631fa11-8, groupId=Consumer-topic-573c8c65_9147_4c1a_85be_c9a60631fa11] Cluster ID: hNYxEGJzT_KJiJb9MK3e4A
2025-08-07 20:27:13,701 INFO  [org.apa.kaf.cli.con.int.ConsumerCoordinator] (Thread-654) [Consumer clientId=consumer-Consumer-topic-573c8c65_9147_4c1a_85be_c9a60631fa11-8, groupId=Consumer-topic-573c8c65_9147_4c1a_85be_c9a60631fa11] Discovered group coordinator localhost:32769 (id: 2147483647 rack: null)
2025-08-07 20:27:13,703 INFO  [org.apa.kaf.cli.con.int.ConsumerCoordinator] (Thread-654) [Consumer clientId=consumer-Consumer-topic-573c8c65_9147_4c1a_85be_c9a60631fa11-8, groupId=Consumer-topic-573c8c65_9147_4c1a_85be_c9a60631fa11] (Re-)joining group
2025-08-07 20:27:13,705 INFO  [org.apa.kaf.cli.con.int.ConsumerCoordinator] (Thread-654) [Consumer clientId=consumer-Consumer-topic-573c8c65_9147_4c1a_85be_c9a60631fa11-8, groupId=Consumer-topic-573c8c65_9147_4c1a_85be_c9a60631fa11] Request joining group due to: need to re-join with the given member-id: consumer-Consumer-topic-573c8c65_9147_4c1a_85be_c9a60631fa11-8-f9ab0e1b-bba9-4109-8f2e-84c4f030505c
2025-08-07 20:27:13,705 INFO  [org.apa.kaf.cli.con.int.ConsumerCoordinator] (Thread-654) [Consumer clientId=consumer-Consumer-topic-573c8c65_9147_4c1a_85be_c9a60631fa11-8, groupId=Consumer-topic-573c8c65_9147_4c1a_85be_c9a60631fa11] (Re-)joining group
2025-08-07 20:27:14,693 INFO  [io.api.tes.ser.api.KafkaSerdesTester] (Thread-654) None found
2025-08-07 20:27:15,693 INFO  [io.api.tes.ser.api.KafkaSerdesTester] (Thread-654) None found
2025-08-07 20:27:16,694 INFO  [io.api.tes.ser.api.KafkaSerdesTester] (Thread-654) None found
2025-08-07 20:27:16,708 INFO  [org.apa.kaf.cli.con.int.ConsumerCoordinator] (Thread-654) [Consumer clientId=consumer-Consumer-topic-573c8c65_9147_4c1a_85be_c9a60631fa11-8, groupId=Consumer-topic-573c8c65_9147_4c1a_85be_c9a60631fa11] Successfully joined group with generation Generation{generationId=1, memberId='consumer-Consumer-topic-573c8c65_9147_4c1a_85be_c9a60631fa11-8-f9ab0e1b-bba9-4109-8f2e-84c4f030505c', protocol='range'}
2025-08-07 20:27:16,708 INFO  [org.apa.kaf.cli.con.int.ConsumerCoordinator] (Thread-654) [Consumer clientId=consumer-Consumer-topic-573c8c65_9147_4c1a_85be_c9a60631fa11-8, groupId=Consumer-topic-573c8c65_9147_4c1a_85be_c9a60631fa11] Finished assignment for group at generation 1: {consumer-Consumer-topic-573c8c65_9147_4c1a_85be_c9a60631fa11-8-f9ab0e1b-bba9-4109-8f2e-84c4f030505c=Assignment(partitions=[topic-573c8c65_9147_4c1a_85be_c9a60631fa11-0])}
2025-08-07 20:27:16,716 INFO  [org.apa.kaf.cli.con.int.ConsumerCoordinator] (Thread-654) [Consumer clientId=consumer-Consumer-topic-573c8c65_9147_4c1a_85be_c9a60631fa11-8, groupId=Consumer-topic-573c8c65_9147_4c1a_85be_c9a60631fa11] Successfully synced group in generation Generation{generationId=1, memberId='consumer-Consumer-topic-573c8c65_9147_4c1a_85be_c9a60631fa11-8-f9ab0e1b-bba9-4109-8f2e-84c4f030505c', protocol='range'}
2025-08-07 20:27:16,716 INFO  [org.apa.kaf.cli.con.int.ConsumerCoordinator] (Thread-654) [Consumer clientId=consumer-Consumer-topic-573c8c65_9147_4c1a_85be_c9a60631fa11-8, groupId=Consumer-topic-573c8c65_9147_4c1a_85be_c9a60631fa11] Notifying assignor about the new Assignment(partitions=[topic-573c8c65_9147_4c1a_85be_c9a60631fa11-0])
2025-08-07 20:27:16,716 INFO  [org.apa.kaf.cli.con.int.ConsumerRebalanceListenerInvoker] (Thread-654) [Consumer clientId=consumer-Consumer-topic-573c8c65_9147_4c1a_85be_c9a60631fa11-8, groupId=Consumer-topic-573c8c65_9147_4c1a_85be_c9a60631fa11] Adding newly assigned partitions: topic-573c8c65_9147_4c1a_85be_c9a60631fa11-0
2025-08-07 20:27:16,717 INFO  [org.apa.kaf.cli.con.int.ConsumerCoordinator] (Thread-654) [Consumer clientId=consumer-Consumer-topic-573c8c65_9147_4c1a_85be_c9a60631fa11-8, groupId=Consumer-topic-573c8c65_9147_4c1a_85be_c9a60631fa11] Found no committed offset for partition topic-573c8c65_9147_4c1a_85be_c9a60631fa11-0
2025-08-07 20:27:16,721 INFO  [org.apa.kaf.cli.con.int.SubscriptionState] (Thread-654) [Consumer clientId=consumer-Consumer-topic-573c8c65_9147_4c1a_85be_c9a60631fa11-8, groupId=Consumer-topic-573c8c65_9147_4c1a_85be_c9a60631fa11] Resetting offset for partition topic-573c8c65_9147_4c1a_85be_c9a60631fa11-0 to position FetchPosition{offset=0, offsetEpoch=Optional.empty, currentLeader=LeaderAndEpoch{leader=Optional[localhost:32769 (id: 0 rack: null)], epoch=0}}.
2025-08-07 20:27:16,899 INFO  [io.api.tes.ser.api.KafkaSerdesTester] (Thread-654) topic-573c8c65_9147_4c1a_85be_c9a60631fa11 0 0 {"id": "record-0"}
2025-08-07 20:27:16,899 INFO  [io.api.tes.ser.api.KafkaSerdesTester] (Thread-654) topic-573c8c65_9147_4c1a_85be_c9a60631fa11 0 1 {"value": 1}
2025-08-07 20:27:16,899 INFO  [io.api.tes.ser.api.KafkaSerdesTester] (Thread-654) topic-573c8c65_9147_4c1a_85be_c9a60631fa11 0 2 {"active": true}
2025-08-07 20:27:16,899 INFO  [io.api.tes.ser.api.KafkaSerdesTester] (Thread-654) topic-573c8c65_9147_4c1a_85be_c9a60631fa11 0 3 {"id": "record-3"}
2025-08-07 20:27:16,899 INFO  [io.api.tes.ser.api.KafkaSerdesTester] (Thread-654) topic-573c8c65_9147_4c1a_85be_c9a60631fa11 0 4 {"value": 4}
2025-08-07 20:27:16,899 INFO  [io.api.tes.ser.api.KafkaSerdesTester] (Thread-654) topic-573c8c65_9147_4c1a_85be_c9a60631fa11 0 5 {"active": false}
2025-08-07 20:27:16,899 INFO  [io.api.tes.ser.api.KafkaSerdesTester] (Thread-654) topic-573c8c65_9147_4c1a_85be_c9a60631fa11 0 6 {"id": "record-6"}
2025-08-07 20:27:16,899 INFO  [io.api.tes.ser.api.KafkaSerdesTester] (Thread-654) topic-573c8c65_9147_4c1a_85be_c9a60631fa11 0 7 {"value": 7}
2025-08-07 20:27:16,900 INFO  [io.api.tes.ser.api.KafkaSerdesTester] (Thread-654) topic-573c8c65_9147_4c1a_85be_c9a60631fa11 0 8 {"active": true}
2025-08-07 20:27:16,900 INFO  [io.api.tes.ser.api.KafkaSerdesTester] (Thread-654) topic-573c8c65_9147_4c1a_85be_c9a60631fa11 0 9 {"id": "record-9"}
2025-08-07 20:27:16,900 INFO  [io.api.tes.ser.api.KafkaSerdesTester] (Thread-654) Consumed 10 messages
2025-08-07 20:27:16,908 INFO  [org.apa.kaf.cli.con.int.ConsumerRebalanceListenerInvoker] (Thread-654) [Consumer clientId=consumer-Consumer-topic-573c8c65_9147_4c1a_85be_c9a60631fa11-8, groupId=Consumer-topic-573c8c65_9147_4c1a_85be_c9a60631fa11] Revoke previously assigned partitions topic-573c8c65_9147_4c1a_85be_c9a60631fa11-0
2025-08-07 20:27:16,908 INFO  [org.apa.kaf.cli.con.int.ConsumerCoordinator] (Thread-654) [Consumer clientId=consumer-Consumer-topic-573c8c65_9147_4c1a_85be_c9a60631fa11-8, groupId=Consumer-topic-573c8c65_9147_4c1a_85be_c9a60631fa11] Member consumer-Consumer-topic-573c8c65_9147_4c1a_85be_c9a60631fa11-8-f9ab0e1b-bba9-4109-8f2e-84c4f030505c sending LeaveGroup request to coordinator localhost:32769 (id: 2147483647 rack: null) due to the consumer is being closed
2025-08-07 20:27:16,908 INFO  [org.apa.kaf.cli.con.int.ConsumerCoordinator] (Thread-654) [Consumer clientId=consumer-Consumer-topic-573c8c65_9147_4c1a_85be_c9a60631fa11-8, groupId=Consumer-topic-573c8c65_9147_4c1a_85be_c9a60631fa11] Resetting generation and member id due to: consumer pro-actively leaving the group
2025-08-07 20:27:16,908 INFO  [org.apa.kaf.cli.con.int.ConsumerCoordinator] (Thread-654) [Consumer clientId=consumer-Consumer-topic-573c8c65_9147_4c1a_85be_c9a60631fa11-8, groupId=Consumer-topic-573c8c65_9147_4c1a_85be_c9a60631fa11] Request joining group due to: consumer pro-actively leaving the group
2025-08-07 20:27:17,402 INFO  [org.apa.kaf.com.met.Metrics] (Thread-654) Metrics scheduler closed
2025-08-07 20:27:17,402 INFO  [org.apa.kaf.com.met.Metrics] (Thread-654) Closing reporter org.apache.kafka.common.metrics.JmxReporter
2025-08-07 20:27:17,402 INFO  [org.apa.kaf.com.met.Metrics] (Thread-654) Closing reporter org.apache.kafka.common.telemetry.internals.ClientTelemetryReporter
2025-08-07 20:27:17,402 INFO  [org.apa.kaf.com.met.Metrics] (Thread-654) Metrics reporters closed
2025-08-07 20:27:17,404 INFO  [org.apa.kaf.com.uti.AppInfoParser] (Thread-654) App info kafka.consumer for consumer-Consumer-topic-573c8c65_9147_4c1a_85be_c9a60631fa11-8 unregistered
2025-08-07 20:27:17,405 INFO  [io.api.tes.uti.TestSeparator] (main) io.apicurio.tests.serdes.apicurio.AvroSerdeIT.testAvroUnionWithSpecificReader-FINISHED
2025-08-07 20:27:17,405 INFO  [io.api.tes.uti.TestSeparator] (main) ############################################################################
Test passed: testAvroUnionWithSpecificReader
]]></system-out>
  </testcase>
  <testcase name="testEvolveAvroApicurioReusingClient" classname="io.apicurio.tests.serdes.apicurio.AvroSerdeIT" time="7.246">
    <system-out><![CDATA[2025-08-07 20:27:17,407 INFO  [io.api.tes.uti.TestSeparator] (main) ############################################################################
2025-08-07 20:27:17,407 INFO  [io.api.tes.uti.TestSeparator] (main) io.apicurio.tests.serdes.apicurio.AvroSerdeIT.testEvolveAvroApicurioReusingClient-STARTED
2025-08-07 20:27:17,412 INFO  [io.api.tes.ser.api.AvroSerdeIT] (main) Registering Avro Schema: {"type":"record","name":"sf7d1862axc672x454fx9408x995798e095b4","namespace":"ns_32d2f55a_6053_404e_991f_5e1f2c58c418","fields":[{"name":"key11754598437408","type":"string"}]}
**** Registry Base URL: http://registry-app-inmemory.apps.ci419.apicurio-testing.org:80
2025-08-07 20:27:18,472 INFO  [org.apa.kaf.cli.pro.ProducerConfig] (main) ProducerConfig values: 
	acks = -1
	auto.include.jmx.reporter = true
	batch.size = 16384
	bootstrap.servers = [PLAINTEXT://localhost:32769]
	buffer.memory = 33554432
	client.dns.lookup = use_all_dns_ips
	client.id = Producer-topic-215df70d_d0bd_440e_acc0_12ea81672937
	compression.gzip.level = -1
	compression.lz4.level = 9
	compression.type = none
	compression.zstd.level = 3
	connections.max.idle.ms = 10000
	delivery.timeout.ms = 120000
	enable.idempotence = true
	enable.metrics.push = true
	interceptor.classes = []
	key.serializer = class org.apache.kafka.common.serialization.StringSerializer
	linger.ms = 0
	max.block.ms = 60000
	max.in.flight.requests.per.connection = 5
	max.request.size = 1048576
	metadata.max.age.ms = 300000
	metadata.max.idle.ms = 300000
	metadata.recovery.strategy = none
	metric.reporters = []
	metrics.num.samples = 2
	metrics.recording.level = INFO
	metrics.sample.window.ms = 30000
	partitioner.adaptive.partitioning.enable = true
	partitioner.availability.timeout.ms = 0
	partitioner.class = null
	partitioner.ignore.keys = false
	receive.buffer.bytes = 32768
	reconnect.backoff.max.ms = 1000
	reconnect.backoff.ms = 50
	request.timeout.ms = 5000
	retries = 2147483647
	retry.backoff.max.ms = 1000
	retry.backoff.ms = 100
	sasl.client.callback.handler.class = null
	sasl.jaas.config = null
	sasl.kerberos.kinit.cmd = /usr/bin/kinit
	sasl.kerberos.min.time.before.relogin = 60000
	sasl.kerberos.service.name = null
	sasl.kerberos.ticket.renew.jitter = 0.05
	sasl.kerberos.ticket.renew.window.factor = 0.8
	sasl.login.callback.handler.class = null
	sasl.login.class = null
	sasl.login.connect.timeout.ms = null
	sasl.login.read.timeout.ms = null
	sasl.login.refresh.buffer.seconds = 300
	sasl.login.refresh.min.period.seconds = 60
	sasl.login.refresh.window.factor = 0.8
	sasl.login.refresh.window.jitter = 0.05
	sasl.login.retry.backoff.max.ms = 10000
	sasl.login.retry.backoff.ms = 100
	sasl.mechanism = GSSAPI
	sasl.oauthbearer.clock.skew.seconds = 30
	sasl.oauthbearer.expected.audience = null
	sasl.oauthbearer.expected.issuer = null
	sasl.oauthbearer.header.urlencode = false
	sasl.oauthbearer.jwks.endpoint.refresh.ms = 3600000
	sasl.oauthbearer.jwks.endpoint.retry.backoff.max.ms = 10000
	sasl.oauthbearer.jwks.endpoint.retry.backoff.ms = 100
	sasl.oauthbearer.jwks.endpoint.url = null
	sasl.oauthbearer.scope.claim.name = scope
	sasl.oauthbearer.sub.claim.name = sub
	sasl.oauthbearer.token.endpoint.url = null
	security.protocol = PLAINTEXT
	security.providers = null
	send.buffer.bytes = 131072
	socket.connection.setup.timeout.max.ms = 30000
	socket.connection.setup.timeout.ms = 10000
	ssl.cipher.suites = null
	ssl.enabled.protocols = [TLSv1.2, TLSv1.3]
	ssl.endpoint.identification.algorithm = https
	ssl.engine.factory.class = null
	ssl.key.password = null
	ssl.keymanager.algorithm = SunX509
	ssl.keystore.certificate.chain = null
	ssl.keystore.key = null
	ssl.keystore.location = null
	ssl.keystore.password = null
	ssl.keystore.type = JKS
	ssl.protocol = TLSv1.3
	ssl.provider = null
	ssl.secure.random.implementation = null
	ssl.trustmanager.algorithm = PKIX
	ssl.truststore.certificates = null
	ssl.truststore.location = null
	ssl.truststore.password = null
	ssl.truststore.type = JKS
	transaction.timeout.ms = 60000
	transactional.id = null
	value.serializer = class io.apicurio.registry.serde.avro.AvroKafkaSerializer

2025-08-07 20:27:18,473 INFO  [org.apa.kaf.com.tel.int.KafkaMetricsCollector] (main) initializing Kafka metrics collector
2025-08-07 20:27:18,476 INFO  [org.apa.kaf.cli.pro.KafkaProducer] (main) [Producer clientId=Producer-topic-215df70d_d0bd_440e_acc0_12ea81672937] Instantiated an idempotent producer.
2025-08-07 20:27:18,478 INFO  [org.apa.kaf.cli.pro.ProducerConfig] (main) These configurations '[apicurio.registry.url, apicurio.registry.artifact-resolver-strategy]' were supplied but are not used yet.
2025-08-07 20:27:18,478 INFO  [org.apa.kaf.com.uti.AppInfoParser] (main) Kafka version: 3.9.1
2025-08-07 20:27:18,478 INFO  [org.apa.kaf.com.uti.AppInfoParser] (main) Kafka commitId: f745dfdcee2b9851
2025-08-07 20:27:18,478 INFO  [org.apa.kaf.com.uti.AppInfoParser] (main) Kafka startTimeMs: 1754598438478
**** Registry Base URL: http://registry-app-inmemory.apps.ci419.apicurio-testing.org:80
2025-08-07 20:27:18,479 INFO  [org.apa.kaf.cli.con.ConsumerConfig] (main) ConsumerConfig values: 
	allow.auto.create.topics = true
	auto.commit.interval.ms = 500
	auto.include.jmx.reporter = true
	auto.offset.reset = earliest
	bootstrap.servers = [PLAINTEXT://localhost:32769]
	check.crcs = true
	client.dns.lookup = use_all_dns_ips
	client.id = consumer-Consumer-topic-215df70d_d0bd_440e_acc0_12ea81672937-9
	client.rack = 
	connections.max.idle.ms = 10000
	default.api.timeout.ms = 60000
	enable.auto.commit = true
	enable.metrics.push = true
	exclude.internal.topics = true
	fetch.max.bytes = 52428800
	fetch.max.wait.ms = 500
	fetch.min.bytes = 1
	group.id = Consumer-topic-215df70d_d0bd_440e_acc0_12ea81672937
	group.instance.id = null
	group.protocol = classic
	group.remote.assignor = null
	heartbeat.interval.ms = 3000
	interceptor.classes = []
	internal.leave.group.on.close = true
	internal.throw.on.fetch.stable.offset.unsupported = false
	isolation.level = read_uncommitted
	key.deserializer = class org.apache.kafka.common.serialization.StringDeserializer
	max.partition.fetch.bytes = 1048576
	max.poll.interval.ms = 300000
	max.poll.records = 500
	metadata.max.age.ms = 300000
	metadata.recovery.strategy = none
	metric.reporters = []
	metrics.num.samples = 2
	metrics.recording.level = INFO
	metrics.sample.window.ms = 30000
	partition.assignment.strategy = [class org.apache.kafka.clients.consumer.RangeAssignor, class org.apache.kafka.clients.consumer.CooperativeStickyAssignor]
	receive.buffer.bytes = 65536
	reconnect.backoff.max.ms = 1000
	reconnect.backoff.ms = 50
	request.timeout.ms = 5000
	retry.backoff.max.ms = 1000
	retry.backoff.ms = 100
	sasl.client.callback.handler.class = null
	sasl.jaas.config = null
	sasl.kerberos.kinit.cmd = /usr/bin/kinit
	sasl.kerberos.min.time.before.relogin = 60000
	sasl.kerberos.service.name = null
	sasl.kerberos.ticket.renew.jitter = 0.05
	sasl.kerberos.ticket.renew.window.factor = 0.8
	sasl.login.callback.handler.class = null
	sasl.login.class = null
	sasl.login.connect.timeout.ms = null
	sasl.login.read.timeout.ms = null
	sasl.login.refresh.buffer.seconds = 300
	sasl.login.refresh.min.period.seconds = 60
	sasl.login.refresh.window.factor = 0.8
	sasl.login.refresh.window.jitter = 0.05
	sasl.login.retry.backoff.max.ms = 10000
	sasl.login.retry.backoff.ms = 100
	sasl.mechanism = GSSAPI
	sasl.oauthbearer.clock.skew.seconds = 30
	sasl.oauthbearer.expected.audience = null
	sasl.oauthbearer.expected.issuer = null
	sasl.oauthbearer.header.urlencode = false
	sasl.oauthbearer.jwks.endpoint.refresh.ms = 3600000
	sasl.oauthbearer.jwks.endpoint.retry.backoff.max.ms = 10000
	sasl.oauthbearer.jwks.endpoint.retry.backoff.ms = 100
	sasl.oauthbearer.jwks.endpoint.url = null
	sasl.oauthbearer.scope.claim.name = scope
	sasl.oauthbearer.sub.claim.name = sub
	sasl.oauthbearer.token.endpoint.url = null
	security.protocol = PLAINTEXT
	security.providers = null
	send.buffer.bytes = 131072
	session.timeout.ms = 45000
	socket.connection.setup.timeout.max.ms = 30000
	socket.connection.setup.timeout.ms = 10000
	ssl.cipher.suites = null
	ssl.enabled.protocols = [TLSv1.2, TLSv1.3]
	ssl.endpoint.identification.algorithm = https
	ssl.engine.factory.class = null
	ssl.key.password = null
	ssl.keymanager.algorithm = SunX509
	ssl.keystore.certificate.chain = null
	ssl.keystore.key = null
	ssl.keystore.location = null
	ssl.keystore.password = null
	ssl.keystore.type = JKS
	ssl.protocol = TLSv1.3
	ssl.provider = null
	ssl.secure.random.implementation = null
	ssl.trustmanager.algorithm = PKIX
	ssl.truststore.certificates = null
	ssl.truststore.location = null
	ssl.truststore.password = null
	ssl.truststore.type = JKS
	value.deserializer = class io.apicurio.registry.serde.avro.AvroKafkaDeserializer

2025-08-07 20:27:18,479 INFO  [org.apa.kaf.com.tel.int.KafkaMetricsCollector] (main) initializing Kafka metrics collector
2025-08-07 20:27:18,487 INFO  [org.apa.kaf.cli.Metadata] (kafka-producer-network-thread | Producer-topic-215df70d_d0bd_440e_acc0_12ea81672937) [Producer clientId=Producer-topic-215df70d_d0bd_440e_acc0_12ea81672937] Cluster ID: hNYxEGJzT_KJiJb9MK3e4A
2025-08-07 20:27:18,488 INFO  [org.apa.kaf.cli.pro.int.TransactionManager] (kafka-producer-network-thread | Producer-topic-215df70d_d0bd_440e_acc0_12ea81672937) [Producer clientId=Producer-topic-215df70d_d0bd_440e_acc0_12ea81672937] ProducerId set to 11 with epoch 0
2025-08-07 20:27:18,493 INFO  [org.apa.kaf.cli.con.ConsumerConfig] (main) These configurations '[apicurio.registry.url]' were supplied but are not used yet.
2025-08-07 20:27:18,493 INFO  [org.apa.kaf.com.uti.AppInfoParser] (main) Kafka version: 3.9.1
2025-08-07 20:27:18,493 INFO  [org.apa.kaf.com.uti.AppInfoParser] (main) Kafka commitId: f745dfdcee2b9851
2025-08-07 20:27:18,493 INFO  [org.apa.kaf.com.uti.AppInfoParser] (main) Kafka startTimeMs: 1754598438493
2025-08-07 20:27:18,498 INFO  [io.api.tes.ser.api.KafkaSerdesTester] (Thread-659) Sending message {"key11754598437408": "value-0"} to topic topic-215df70d_d0bd_440e_acc0_12ea81672937
2025-08-07 20:27:18,507 INFO  [DefaultSchemaResolver] (Thread-659) Retrieving schema content using string: {"type":"record","name":"sf7d1862axc672x454fx9408x995798e095b4","namespace":"ns_32d2f55a_6053_404e_991f_5e1f2c58c418","fields":[{"name":"key11754598437408","type":"string"}]}
2025-08-07 20:27:18,564 INFO  [io.api.tes.ser.api.KafkaSerdesTester] (Thread-659) Sending message {"key11754598437408": "value-1"} to topic topic-215df70d_d0bd_440e_acc0_12ea81672937
2025-08-07 20:27:18,566 INFO  [io.api.tes.ser.api.KafkaSerdesTester] (Thread-659) Sending message {"key11754598437408": "value-2"} to topic topic-215df70d_d0bd_440e_acc0_12ea81672937
2025-08-07 20:27:18,568 INFO  [io.api.tes.ser.api.KafkaSerdesTester] (Thread-659) Sending message {"key11754598437408": "value-3"} to topic topic-215df70d_d0bd_440e_acc0_12ea81672937
2025-08-07 20:27:18,569 INFO  [io.api.tes.ser.api.KafkaSerdesTester] (Thread-659) Sending message {"key11754598437408": "value-4"} to topic topic-215df70d_d0bd_440e_acc0_12ea81672937
2025-08-07 20:27:18,571 INFO  [io.api.tes.ser.api.KafkaSerdesTester] (Thread-659) Sending message {"key11754598437408": "value-5"} to topic topic-215df70d_d0bd_440e_acc0_12ea81672937
2025-08-07 20:27:18,573 INFO  [io.api.tes.ser.api.KafkaSerdesTester] (Thread-659) Sending message {"key11754598437408": "value-6"} to topic topic-215df70d_d0bd_440e_acc0_12ea81672937
2025-08-07 20:27:18,574 INFO  [io.api.tes.ser.api.KafkaSerdesTester] (Thread-659) Sending message {"key11754598437408": "value-7"} to topic topic-215df70d_d0bd_440e_acc0_12ea81672937
2025-08-07 20:27:18,576 INFO  [io.api.tes.ser.api.KafkaSerdesTester] (Thread-659) Sending message {"key11754598437408": "value-8"} to topic topic-215df70d_d0bd_440e_acc0_12ea81672937
2025-08-07 20:27:18,577 INFO  [io.api.tes.ser.api.KafkaSerdesTester] (Thread-659) Sending message {"key11754598437408": "value-9"} to topic topic-215df70d_d0bd_440e_acc0_12ea81672937
2025-08-07 20:27:18,579 INFO  [io.api.tes.ser.api.KafkaSerdesTester] (Thread-659) Produced 10 messages
2025-08-07 20:27:18,580 INFO  [org.apa.kaf.cli.con.int.ClassicKafkaConsumer] (Thread-660) [Consumer clientId=consumer-Consumer-topic-215df70d_d0bd_440e_acc0_12ea81672937-9, groupId=Consumer-topic-215df70d_d0bd_440e_acc0_12ea81672937] Subscribed to topic(s): topic-215df70d_d0bd_440e_acc0_12ea81672937
2025-08-07 20:27:18,583 INFO  [org.apa.kaf.cli.Metadata] (Thread-660) [Consumer clientId=consumer-Consumer-topic-215df70d_d0bd_440e_acc0_12ea81672937-9, groupId=Consumer-topic-215df70d_d0bd_440e_acc0_12ea81672937] Cluster ID: hNYxEGJzT_KJiJb9MK3e4A
2025-08-07 20:27:18,584 INFO  [org.apa.kaf.cli.con.int.ConsumerCoordinator] (Thread-660) [Consumer clientId=consumer-Consumer-topic-215df70d_d0bd_440e_acc0_12ea81672937-9, groupId=Consumer-topic-215df70d_d0bd_440e_acc0_12ea81672937] Discovered group coordinator localhost:32769 (id: 2147483647 rack: null)
2025-08-07 20:27:18,587 INFO  [org.apa.kaf.cli.con.int.ConsumerCoordinator] (Thread-660) [Consumer clientId=consumer-Consumer-topic-215df70d_d0bd_440e_acc0_12ea81672937-9, groupId=Consumer-topic-215df70d_d0bd_440e_acc0_12ea81672937] (Re-)joining group
2025-08-07 20:27:18,591 INFO  [org.apa.kaf.cli.con.int.ConsumerCoordinator] (Thread-660) [Consumer clientId=consumer-Consumer-topic-215df70d_d0bd_440e_acc0_12ea81672937-9, groupId=Consumer-topic-215df70d_d0bd_440e_acc0_12ea81672937] Request joining group due to: need to re-join with the given member-id: consumer-Consumer-topic-215df70d_d0bd_440e_acc0_12ea81672937-9-df89563e-6e13-4334-be7d-58c79d3ccaef
2025-08-07 20:27:18,592 INFO  [org.apa.kaf.cli.con.int.ConsumerCoordinator] (Thread-660) [Consumer clientId=consumer-Consumer-topic-215df70d_d0bd_440e_acc0_12ea81672937-9, groupId=Consumer-topic-215df70d_d0bd_440e_acc0_12ea81672937] (Re-)joining group
2025-08-07 20:27:19,581 INFO  [io.api.tes.ser.api.KafkaSerdesTester] (Thread-660) None found
2025-08-07 20:27:20,581 INFO  [io.api.tes.ser.api.KafkaSerdesTester] (Thread-660) None found
2025-08-07 20:27:21,581 INFO  [io.api.tes.ser.api.KafkaSerdesTester] (Thread-660) None found
2025-08-07 20:27:21,594 INFO  [org.apa.kaf.cli.con.int.ConsumerCoordinator] (Thread-660) [Consumer clientId=consumer-Consumer-topic-215df70d_d0bd_440e_acc0_12ea81672937-9, groupId=Consumer-topic-215df70d_d0bd_440e_acc0_12ea81672937] Successfully joined group with generation Generation{generationId=1, memberId='consumer-Consumer-topic-215df70d_d0bd_440e_acc0_12ea81672937-9-df89563e-6e13-4334-be7d-58c79d3ccaef', protocol='range'}
2025-08-07 20:27:21,594 INFO  [org.apa.kaf.cli.con.int.ConsumerCoordinator] (Thread-660) [Consumer clientId=consumer-Consumer-topic-215df70d_d0bd_440e_acc0_12ea81672937-9, groupId=Consumer-topic-215df70d_d0bd_440e_acc0_12ea81672937] Finished assignment for group at generation 1: {consumer-Consumer-topic-215df70d_d0bd_440e_acc0_12ea81672937-9-df89563e-6e13-4334-be7d-58c79d3ccaef=Assignment(partitions=[topic-215df70d_d0bd_440e_acc0_12ea81672937-0])}
2025-08-07 20:27:21,601 INFO  [org.apa.kaf.cli.con.int.ConsumerCoordinator] (Thread-660) [Consumer clientId=consumer-Consumer-topic-215df70d_d0bd_440e_acc0_12ea81672937-9, groupId=Consumer-topic-215df70d_d0bd_440e_acc0_12ea81672937] Successfully synced group in generation Generation{generationId=1, memberId='consumer-Consumer-topic-215df70d_d0bd_440e_acc0_12ea81672937-9-df89563e-6e13-4334-be7d-58c79d3ccaef', protocol='range'}
2025-08-07 20:27:21,601 INFO  [org.apa.kaf.cli.con.int.ConsumerCoordinator] (Thread-660) [Consumer clientId=consumer-Consumer-topic-215df70d_d0bd_440e_acc0_12ea81672937-9, groupId=Consumer-topic-215df70d_d0bd_440e_acc0_12ea81672937] Notifying assignor about the new Assignment(partitions=[topic-215df70d_d0bd_440e_acc0_12ea81672937-0])
2025-08-07 20:27:21,601 INFO  [org.apa.kaf.cli.con.int.ConsumerRebalanceListenerInvoker] (Thread-660) [Consumer clientId=consumer-Consumer-topic-215df70d_d0bd_440e_acc0_12ea81672937-9, groupId=Consumer-topic-215df70d_d0bd_440e_acc0_12ea81672937] Adding newly assigned partitions: topic-215df70d_d0bd_440e_acc0_12ea81672937-0
2025-08-07 20:27:21,602 INFO  [org.apa.kaf.cli.con.int.ConsumerCoordinator] (Thread-660) [Consumer clientId=consumer-Consumer-topic-215df70d_d0bd_440e_acc0_12ea81672937-9, groupId=Consumer-topic-215df70d_d0bd_440e_acc0_12ea81672937] Found no committed offset for partition topic-215df70d_d0bd_440e_acc0_12ea81672937-0
2025-08-07 20:27:21,605 INFO  [org.apa.kaf.cli.con.int.SubscriptionState] (Thread-660) [Consumer clientId=consumer-Consumer-topic-215df70d_d0bd_440e_acc0_12ea81672937-9, groupId=Consumer-topic-215df70d_d0bd_440e_acc0_12ea81672937] Resetting offset for partition topic-215df70d_d0bd_440e_acc0_12ea81672937-0 to position FetchPosition{offset=0, offsetEpoch=Optional.empty, currentLeader=LeaderAndEpoch{leader=Optional[localhost:32769 (id: 0 rack: null)], epoch=0}}.
2025-08-07 20:27:21,738 INFO  [io.api.tes.ser.api.KafkaSerdesTester] (Thread-660) topic-215df70d_d0bd_440e_acc0_12ea81672937 0 0 {"key11754598437408": "value-0"}
2025-08-07 20:27:21,739 INFO  [io.api.tes.ser.api.KafkaSerdesTester] (Thread-660) topic-215df70d_d0bd_440e_acc0_12ea81672937 0 1 {"key11754598437408": "value-1"}
2025-08-07 20:27:21,739 INFO  [io.api.tes.ser.api.KafkaSerdesTester] (Thread-660) topic-215df70d_d0bd_440e_acc0_12ea81672937 0 2 {"key11754598437408": "value-2"}
2025-08-07 20:27:21,739 INFO  [io.api.tes.ser.api.KafkaSerdesTester] (Thread-660) topic-215df70d_d0bd_440e_acc0_12ea81672937 0 3 {"key11754598437408": "value-3"}
2025-08-07 20:27:21,739 INFO  [io.api.tes.ser.api.KafkaSerdesTester] (Thread-660) topic-215df70d_d0bd_440e_acc0_12ea81672937 0 4 {"key11754598437408": "value-4"}
2025-08-07 20:27:21,739 INFO  [io.api.tes.ser.api.KafkaSerdesTester] (Thread-660) topic-215df70d_d0bd_440e_acc0_12ea81672937 0 5 {"key11754598437408": "value-5"}
2025-08-07 20:27:21,739 INFO  [io.api.tes.ser.api.KafkaSerdesTester] (Thread-660) topic-215df70d_d0bd_440e_acc0_12ea81672937 0 6 {"key11754598437408": "value-6"}
2025-08-07 20:27:21,739 INFO  [io.api.tes.ser.api.KafkaSerdesTester] (Thread-660) topic-215df70d_d0bd_440e_acc0_12ea81672937 0 7 {"key11754598437408": "value-7"}
2025-08-07 20:27:21,739 INFO  [io.api.tes.ser.api.KafkaSerdesTester] (Thread-660) topic-215df70d_d0bd_440e_acc0_12ea81672937 0 8 {"key11754598437408": "value-8"}
2025-08-07 20:27:21,739 INFO  [io.api.tes.ser.api.KafkaSerdesTester] (Thread-660) topic-215df70d_d0bd_440e_acc0_12ea81672937 0 9 {"key11754598437408": "value-9"}
2025-08-07 20:27:21,739 INFO  [io.api.tes.ser.api.KafkaSerdesTester] (Thread-660) Consumed 10 messages
2025-08-07 20:27:21,740 INFO  [io.api.tes.ser.api.AvroSerdeIT] (main) Registering Avro Schema 2: {"type":"record","name":"sf7d1862axc672x454fx9408x995798e095b4","namespace":"ns_32d2f55a_6053_404e_991f_5e1f2c58c418","fields":[{"name":"key11754598437408","type":"string"},{"name":"key21754598441739","type":"string"}]}
2025-08-07 20:27:22,804 INFO  [io.api.tes.ser.api.KafkaSerdesTester] (Thread-661) Sending message {"key11754598437408": "value-0", "key21754598441739": "value-0"} to topic topic-215df70d_d0bd_440e_acc0_12ea81672937
2025-08-07 20:27:22,805 INFO  [DefaultSchemaResolver] (Thread-661) Retrieving schema content using string: {"type":"record","name":"sf7d1862axc672x454fx9408x995798e095b4","namespace":"ns_32d2f55a_6053_404e_991f_5e1f2c58c418","fields":[{"name":"key11754598437408","type":"string"},{"name":"key21754598441739","type":"string"}]}
2025-08-07 20:27:22,839 INFO  [io.api.tes.ser.api.KafkaSerdesTester] (Thread-661) Sending message {"key11754598437408": "value-1", "key21754598441739": "value-1"} to topic topic-215df70d_d0bd_440e_acc0_12ea81672937
2025-08-07 20:27:22,841 INFO  [io.api.tes.ser.api.KafkaSerdesTester] (Thread-661) Sending message {"key11754598437408": "value-2", "key21754598441739": "value-2"} to topic topic-215df70d_d0bd_440e_acc0_12ea81672937
2025-08-07 20:27:22,843 INFO  [io.api.tes.ser.api.KafkaSerdesTester] (Thread-661) Sending message {"key11754598437408": "value-3", "key21754598441739": "value-3"} to topic topic-215df70d_d0bd_440e_acc0_12ea81672937
2025-08-07 20:27:22,845 INFO  [io.api.tes.ser.api.KafkaSerdesTester] (Thread-661) Sending message {"key11754598437408": "value-4", "key21754598441739": "value-4"} to topic topic-215df70d_d0bd_440e_acc0_12ea81672937
2025-08-07 20:27:22,846 INFO  [io.api.tes.ser.api.KafkaSerdesTester] (Thread-661) Sending message {"key11754598437408": "value-5", "key21754598441739": "value-5"} to topic topic-215df70d_d0bd_440e_acc0_12ea81672937
2025-08-07 20:27:22,851 INFO  [io.api.tes.ser.api.KafkaSerdesTester] (Thread-661) Sending message {"key11754598437408": "value-6", "key21754598441739": "value-6"} to topic topic-215df70d_d0bd_440e_acc0_12ea81672937
2025-08-07 20:27:22,855 INFO  [io.api.tes.ser.api.KafkaSerdesTester] (Thread-661) Sending message {"key11754598437408": "value-7", "key21754598441739": "value-7"} to topic topic-215df70d_d0bd_440e_acc0_12ea81672937
2025-08-07 20:27:22,857 INFO  [io.api.tes.ser.api.KafkaSerdesTester] (Thread-661) Sending message {"key11754598437408": "value-8", "key21754598441739": "value-8"} to topic topic-215df70d_d0bd_440e_acc0_12ea81672937
2025-08-07 20:27:22,860 INFO  [io.api.tes.ser.api.KafkaSerdesTester] (Thread-661) Sending message {"key11754598437408": "value-9", "key21754598441739": "value-9"} to topic topic-215df70d_d0bd_440e_acc0_12ea81672937
2025-08-07 20:27:22,863 INFO  [io.api.tes.ser.api.KafkaSerdesTester] (Thread-661) Produced 10 messages
2025-08-07 20:27:22,864 INFO  [io.api.tes.ser.api.KafkaSerdesTester] (Thread-662) Sending message {"key11754598437408": "value-0"} to topic topic-215df70d_d0bd_440e_acc0_12ea81672937
2025-08-07 20:27:22,865 INFO  [io.api.tes.ser.api.KafkaSerdesTester] (Thread-662) Sending message {"key11754598437408": "value-1"} to topic topic-215df70d_d0bd_440e_acc0_12ea81672937
2025-08-07 20:27:22,867 INFO  [io.api.tes.ser.api.KafkaSerdesTester] (Thread-662) Sending message {"key11754598437408": "value-2"} to topic topic-215df70d_d0bd_440e_acc0_12ea81672937
2025-08-07 20:27:22,868 INFO  [io.api.tes.ser.api.KafkaSerdesTester] (Thread-662) Sending message {"key11754598437408": "value-3"} to topic topic-215df70d_d0bd_440e_acc0_12ea81672937
2025-08-07 20:27:22,869 INFO  [io.api.tes.ser.api.KafkaSerdesTester] (Thread-662) Sending message {"key11754598437408": "value-4"} to topic topic-215df70d_d0bd_440e_acc0_12ea81672937
2025-08-07 20:27:22,870 INFO  [io.api.tes.ser.api.KafkaSerdesTester] (Thread-662) Sending message {"key11754598437408": "value-5"} to topic topic-215df70d_d0bd_440e_acc0_12ea81672937
2025-08-07 20:27:22,871 INFO  [io.api.tes.ser.api.KafkaSerdesTester] (Thread-662) Sending message {"key11754598437408": "value-6"} to topic topic-215df70d_d0bd_440e_acc0_12ea81672937
2025-08-07 20:27:22,874 INFO  [io.api.tes.ser.api.KafkaSerdesTester] (Thread-662) Sending message {"key11754598437408": "value-7"} to topic topic-215df70d_d0bd_440e_acc0_12ea81672937
2025-08-07 20:27:22,876 INFO  [io.api.tes.ser.api.KafkaSerdesTester] (Thread-662) Sending message {"key11754598437408": "value-8"} to topic topic-215df70d_d0bd_440e_acc0_12ea81672937
2025-08-07 20:27:22,879 INFO  [io.api.tes.ser.api.KafkaSerdesTester] (Thread-662) Sending message {"key11754598437408": "value-9"} to topic topic-215df70d_d0bd_440e_acc0_12ea81672937
2025-08-07 20:27:22,881 INFO  [io.api.tes.ser.api.KafkaSerdesTester] (Thread-662) Produced 10 messages
2025-08-07 20:27:22,882 INFO  [org.apa.kaf.cli.con.int.ClassicKafkaConsumer] (Thread-663) [Consumer clientId=consumer-Consumer-topic-215df70d_d0bd_440e_acc0_12ea81672937-9, groupId=Consumer-topic-215df70d_d0bd_440e_acc0_12ea81672937] Subscribed to topic(s): topic-215df70d_d0bd_440e_acc0_12ea81672937
2025-08-07 20:27:22,937 INFO  [io.api.tes.ser.api.KafkaSerdesTester] (Thread-663) topic-215df70d_d0bd_440e_acc0_12ea81672937 0 10 {"key11754598437408": "value-0", "key21754598441739": "value-0"}
2025-08-07 20:27:22,938 INFO  [io.api.tes.ser.api.KafkaSerdesTester] (Thread-663) topic-215df70d_d0bd_440e_acc0_12ea81672937 0 11 {"key11754598437408": "value-1", "key21754598441739": "value-1"}
2025-08-07 20:27:22,938 INFO  [io.api.tes.ser.api.KafkaSerdesTester] (Thread-663) topic-215df70d_d0bd_440e_acc0_12ea81672937 0 12 {"key11754598437408": "value-2", "key21754598441739": "value-2"}
2025-08-07 20:27:22,938 INFO  [io.api.tes.ser.api.KafkaSerdesTester] (Thread-663) topic-215df70d_d0bd_440e_acc0_12ea81672937 0 13 {"key11754598437408": "value-3", "key21754598441739": "value-3"}
2025-08-07 20:27:22,938 INFO  [io.api.tes.ser.api.KafkaSerdesTester] (Thread-663) topic-215df70d_d0bd_440e_acc0_12ea81672937 0 14 {"key11754598437408": "value-4", "key21754598441739": "value-4"}
2025-08-07 20:27:22,938 INFO  [io.api.tes.ser.api.KafkaSerdesTester] (Thread-663) topic-215df70d_d0bd_440e_acc0_12ea81672937 0 15 {"key11754598437408": "value-5", "key21754598441739": "value-5"}
2025-08-07 20:27:22,938 INFO  [io.api.tes.ser.api.KafkaSerdesTester] (Thread-663) topic-215df70d_d0bd_440e_acc0_12ea81672937 0 16 {"key11754598437408": "value-6", "key21754598441739": "value-6"}
2025-08-07 20:27:22,938 INFO  [io.api.tes.ser.api.KafkaSerdesTester] (Thread-663) topic-215df70d_d0bd_440e_acc0_12ea81672937 0 17 {"key11754598437408": "value-7", "key21754598441739": "value-7"}
2025-08-07 20:27:22,938 INFO  [io.api.tes.ser.api.KafkaSerdesTester] (Thread-663) topic-215df70d_d0bd_440e_acc0_12ea81672937 0 18 {"key11754598437408": "value-8", "key21754598441739": "value-8"}
2025-08-07 20:27:22,938 INFO  [io.api.tes.ser.api.KafkaSerdesTester] (Thread-663) topic-215df70d_d0bd_440e_acc0_12ea81672937 0 19 {"key11754598437408": "value-9", "key21754598441739": "value-9"}
2025-08-07 20:27:22,938 INFO  [io.api.tes.ser.api.KafkaSerdesTester] (Thread-663) topic-215df70d_d0bd_440e_acc0_12ea81672937 0 20 {"key11754598437408": "value-0"}
2025-08-07 20:27:22,938 INFO  [io.api.tes.ser.api.KafkaSerdesTester] (Thread-663) topic-215df70d_d0bd_440e_acc0_12ea81672937 0 21 {"key11754598437408": "value-1"}
2025-08-07 20:27:22,938 INFO  [io.api.tes.ser.api.KafkaSerdesTester] (Thread-663) topic-215df70d_d0bd_440e_acc0_12ea81672937 0 22 {"key11754598437408": "value-2"}
2025-08-07 20:27:22,938 INFO  [io.api.tes.ser.api.KafkaSerdesTester] (Thread-663) topic-215df70d_d0bd_440e_acc0_12ea81672937 0 23 {"key11754598437408": "value-3"}
2025-08-07 20:27:22,938 INFO  [io.api.tes.ser.api.KafkaSerdesTester] (Thread-663) topic-215df70d_d0bd_440e_acc0_12ea81672937 0 24 {"key11754598437408": "value-4"}
2025-08-07 20:27:22,938 INFO  [io.api.tes.ser.api.KafkaSerdesTester] (Thread-663) topic-215df70d_d0bd_440e_acc0_12ea81672937 0 25 {"key11754598437408": "value-5"}
2025-08-07 20:27:22,938 INFO  [io.api.tes.ser.api.KafkaSerdesTester] (Thread-663) topic-215df70d_d0bd_440e_acc0_12ea81672937 0 26 {"key11754598437408": "value-6"}
2025-08-07 20:27:22,939 INFO  [io.api.tes.ser.api.KafkaSerdesTester] (Thread-663) topic-215df70d_d0bd_440e_acc0_12ea81672937 0 27 {"key11754598437408": "value-7"}
2025-08-07 20:27:22,939 INFO  [io.api.tes.ser.api.KafkaSerdesTester] (Thread-663) topic-215df70d_d0bd_440e_acc0_12ea81672937 0 28 {"key11754598437408": "value-8"}
2025-08-07 20:27:22,939 INFO  [io.api.tes.ser.api.KafkaSerdesTester] (Thread-663) topic-215df70d_d0bd_440e_acc0_12ea81672937 0 29 {"key11754598437408": "value-9"}
2025-08-07 20:27:22,939 INFO  [io.api.tes.ser.api.KafkaSerdesTester] (Thread-663) Consumed 20 messages
2025-08-07 20:27:22,939 INFO  [io.api.tes.ser.api.AvroSerdeIT] (main) Registering Avro Schema 3: {"type":"record","name":"sf7d1862axc672x454fx9408x995798e095b4","namespace":"ns_32d2f55a_6053_404e_991f_5e1f2c58c418","fields":[{"name":"key11754598437408","type":"string"},{"name":"key21754598441739","type":"string"},{"name":"key31754598442939","type":"string"}]}
2025-08-07 20:27:24,002 INFO  [io.api.tes.ser.api.KafkaSerdesTester] (Thread-664) Sending message {"key11754598437408": "value-0", "key21754598441739": "value-0", "key31754598442939": "value-0"} to topic topic-215df70d_d0bd_440e_acc0_12ea81672937
2025-08-07 20:27:24,003 INFO  [DefaultSchemaResolver] (Thread-664) Retrieving schema content using string: {"type":"record","name":"sf7d1862axc672x454fx9408x995798e095b4","namespace":"ns_32d2f55a_6053_404e_991f_5e1f2c58c418","fields":[{"name":"key11754598437408","type":"string"},{"name":"key21754598441739","type":"string"},{"name":"key31754598442939","type":"string"}]}
2025-08-07 20:27:24,037 INFO  [io.api.tes.ser.api.KafkaSerdesTester] (Thread-664) Sending message {"key11754598437408": "value-1", "key21754598441739": "value-1", "key31754598442939": "value-1"} to topic topic-215df70d_d0bd_440e_acc0_12ea81672937
2025-08-07 20:27:24,039 INFO  [io.api.tes.ser.api.KafkaSerdesTester] (Thread-664) Sending message {"key11754598437408": "value-2", "key21754598441739": "value-2", "key31754598442939": "value-2"} to topic topic-215df70d_d0bd_440e_acc0_12ea81672937
2025-08-07 20:27:24,041 INFO  [io.api.tes.ser.api.KafkaSerdesTester] (Thread-664) Sending message {"key11754598437408": "value-3", "key21754598441739": "value-3", "key31754598442939": "value-3"} to topic topic-215df70d_d0bd_440e_acc0_12ea81672937
2025-08-07 20:27:24,043 INFO  [io.api.tes.ser.api.KafkaSerdesTester] (Thread-664) Sending message {"key11754598437408": "value-4", "key21754598441739": "value-4", "key31754598442939": "value-4"} to topic topic-215df70d_d0bd_440e_acc0_12ea81672937
2025-08-07 20:27:24,044 INFO  [io.api.tes.ser.api.KafkaSerdesTester] (Thread-664) Sending message {"key11754598437408": "value-5", "key21754598441739": "value-5", "key31754598442939": "value-5"} to topic topic-215df70d_d0bd_440e_acc0_12ea81672937
2025-08-07 20:27:24,046 INFO  [io.api.tes.ser.api.KafkaSerdesTester] (Thread-664) Sending message {"key11754598437408": "value-6", "key21754598441739": "value-6", "key31754598442939": "value-6"} to topic topic-215df70d_d0bd_440e_acc0_12ea81672937
2025-08-07 20:27:24,047 INFO  [io.api.tes.ser.api.KafkaSerdesTester] (Thread-664) Sending message {"key11754598437408": "value-7", "key21754598441739": "value-7", "key31754598442939": "value-7"} to topic topic-215df70d_d0bd_440e_acc0_12ea81672937
2025-08-07 20:27:24,048 INFO  [io.api.tes.ser.api.KafkaSerdesTester] (Thread-664) Sending message {"key11754598437408": "value-8", "key21754598441739": "value-8", "key31754598442939": "value-8"} to topic topic-215df70d_d0bd_440e_acc0_12ea81672937
2025-08-07 20:27:24,050 INFO  [io.api.tes.ser.api.KafkaSerdesTester] (Thread-664) Sending message {"key11754598437408": "value-9", "key21754598441739": "value-9", "key31754598442939": "value-9"} to topic topic-215df70d_d0bd_440e_acc0_12ea81672937
2025-08-07 20:27:24,051 INFO  [io.api.tes.ser.api.KafkaSerdesTester] (Thread-664) Produced 10 messages
2025-08-07 20:27:24,052 INFO  [io.api.tes.ser.api.KafkaSerdesTester] (Thread-665) Sending message {"key11754598437408": "value-0", "key21754598441739": "value-0"} to topic topic-215df70d_d0bd_440e_acc0_12ea81672937
2025-08-07 20:27:24,053 INFO  [io.api.tes.ser.api.KafkaSerdesTester] (Thread-665) Sending message {"key11754598437408": "value-1", "key21754598441739": "value-1"} to topic topic-215df70d_d0bd_440e_acc0_12ea81672937
2025-08-07 20:27:24,055 INFO  [io.api.tes.ser.api.KafkaSerdesTester] (Thread-665) Sending message {"key11754598437408": "value-2", "key21754598441739": "value-2"} to topic topic-215df70d_d0bd_440e_acc0_12ea81672937
2025-08-07 20:27:24,056 INFO  [io.api.tes.ser.api.KafkaSerdesTester] (Thread-665) Sending message {"key11754598437408": "value-3", "key21754598441739": "value-3"} to topic topic-215df70d_d0bd_440e_acc0_12ea81672937
2025-08-07 20:27:24,057 INFO  [io.api.tes.ser.api.KafkaSerdesTester] (Thread-665) Sending message {"key11754598437408": "value-4", "key21754598441739": "value-4"} to topic topic-215df70d_d0bd_440e_acc0_12ea81672937
2025-08-07 20:27:24,058 INFO  [io.api.tes.ser.api.KafkaSerdesTester] (Thread-665) Sending message {"key11754598437408": "value-5", "key21754598441739": "value-5"} to topic topic-215df70d_d0bd_440e_acc0_12ea81672937
2025-08-07 20:27:24,060 INFO  [io.api.tes.ser.api.KafkaSerdesTester] (Thread-665) Sending message {"key11754598437408": "value-6", "key21754598441739": "value-6"} to topic topic-215df70d_d0bd_440e_acc0_12ea81672937
2025-08-07 20:27:24,061 INFO  [io.api.tes.ser.api.KafkaSerdesTester] (Thread-665) Sending message {"key11754598437408": "value-7", "key21754598441739": "value-7"} to topic topic-215df70d_d0bd_440e_acc0_12ea81672937
2025-08-07 20:27:24,065 INFO  [io.api.tes.ser.api.KafkaSerdesTester] (Thread-665) Sending message {"key11754598437408": "value-8", "key21754598441739": "value-8"} to topic topic-215df70d_d0bd_440e_acc0_12ea81672937
2025-08-07 20:27:24,067 INFO  [io.api.tes.ser.api.KafkaSerdesTester] (Thread-665) Sending message {"key11754598437408": "value-9", "key21754598441739": "value-9"} to topic topic-215df70d_d0bd_440e_acc0_12ea81672937
2025-08-07 20:27:24,068 INFO  [io.api.tes.ser.api.KafkaSerdesTester] (Thread-665) Produced 10 messages
2025-08-07 20:27:24,068 INFO  [io.api.tes.ser.api.KafkaSerdesTester] (Thread-666) Sending message {"key11754598437408": "value-0"} to topic topic-215df70d_d0bd_440e_acc0_12ea81672937
2025-08-07 20:27:24,069 INFO  [io.api.tes.ser.api.KafkaSerdesTester] (Thread-666) Sending message {"key11754598437408": "value-1"} to topic topic-215df70d_d0bd_440e_acc0_12ea81672937
2025-08-07 20:27:24,074 INFO  [io.api.tes.ser.api.KafkaSerdesTester] (Thread-666) Sending message {"key11754598437408": "value-2"} to topic topic-215df70d_d0bd_440e_acc0_12ea81672937
2025-08-07 20:27:24,076 INFO  [io.api.tes.ser.api.KafkaSerdesTester] (Thread-666) Sending message {"key11754598437408": "value-3"} to topic topic-215df70d_d0bd_440e_acc0_12ea81672937
2025-08-07 20:27:24,077 INFO  [io.api.tes.ser.api.KafkaSerdesTester] (Thread-666) Sending message {"key11754598437408": "value-4"} to topic topic-215df70d_d0bd_440e_acc0_12ea81672937
2025-08-07 20:27:24,078 INFO  [io.api.tes.ser.api.KafkaSerdesTester] (Thread-666) Sending message {"key11754598437408": "value-5"} to topic topic-215df70d_d0bd_440e_acc0_12ea81672937
2025-08-07 20:27:24,079 INFO  [io.api.tes.ser.api.KafkaSerdesTester] (Thread-666) Sending message {"key11754598437408": "value-6"} to topic topic-215df70d_d0bd_440e_acc0_12ea81672937
2025-08-07 20:27:24,081 INFO  [io.api.tes.ser.api.KafkaSerdesTester] (Thread-666) Sending message {"key11754598437408": "value-7"} to topic topic-215df70d_d0bd_440e_acc0_12ea81672937
2025-08-07 20:27:24,082 INFO  [io.api.tes.ser.api.KafkaSerdesTester] (Thread-666) Sending message {"key11754598437408": "value-8"} to topic topic-215df70d_d0bd_440e_acc0_12ea81672937
2025-08-07 20:27:24,083 INFO  [io.api.tes.ser.api.KafkaSerdesTester] (Thread-666) Sending message {"key11754598437408": "value-9"} to topic topic-215df70d_d0bd_440e_acc0_12ea81672937
2025-08-07 20:27:24,086 INFO  [io.api.tes.ser.api.KafkaSerdesTester] (Thread-666) Produced 10 messages
2025-08-07 20:27:24,087 INFO  [org.apa.kaf.cli.con.int.ClassicKafkaConsumer] (Thread-667) [Consumer clientId=consumer-Consumer-topic-215df70d_d0bd_440e_acc0_12ea81672937-9, groupId=Consumer-topic-215df70d_d0bd_440e_acc0_12ea81672937] Subscribed to topic(s): topic-215df70d_d0bd_440e_acc0_12ea81672937
2025-08-07 20:27:24,146 INFO  [io.api.tes.ser.api.KafkaSerdesTester] (Thread-667) topic-215df70d_d0bd_440e_acc0_12ea81672937 0 30 {"key11754598437408": "value-0", "key21754598441739": "value-0", "key31754598442939": "value-0"}
2025-08-07 20:27:24,146 INFO  [io.api.tes.ser.api.KafkaSerdesTester] (Thread-667) topic-215df70d_d0bd_440e_acc0_12ea81672937 0 31 {"key11754598437408": "value-1", "key21754598441739": "value-1", "key31754598442939": "value-1"}
2025-08-07 20:27:24,147 INFO  [io.api.tes.ser.api.KafkaSerdesTester] (Thread-667) topic-215df70d_d0bd_440e_acc0_12ea81672937 0 32 {"key11754598437408": "value-2", "key21754598441739": "value-2", "key31754598442939": "value-2"}
2025-08-07 20:27:24,147 INFO  [io.api.tes.ser.api.KafkaSerdesTester] (Thread-667) topic-215df70d_d0bd_440e_acc0_12ea81672937 0 33 {"key11754598437408": "value-3", "key21754598441739": "value-3", "key31754598442939": "value-3"}
2025-08-07 20:27:24,147 INFO  [io.api.tes.ser.api.KafkaSerdesTester] (Thread-667) topic-215df70d_d0bd_440e_acc0_12ea81672937 0 34 {"key11754598437408": "value-4", "key21754598441739": "value-4", "key31754598442939": "value-4"}
2025-08-07 20:27:24,147 INFO  [io.api.tes.ser.api.KafkaSerdesTester] (Thread-667) topic-215df70d_d0bd_440e_acc0_12ea81672937 0 35 {"key11754598437408": "value-5", "key21754598441739": "value-5", "key31754598442939": "value-5"}
2025-08-07 20:27:24,148 INFO  [io.api.tes.ser.api.KafkaSerdesTester] (Thread-667) topic-215df70d_d0bd_440e_acc0_12ea81672937 0 36 {"key11754598437408": "value-6", "key21754598441739": "value-6", "key31754598442939": "value-6"}
2025-08-07 20:27:24,148 INFO  [io.api.tes.ser.api.KafkaSerdesTester] (Thread-667) topic-215df70d_d0bd_440e_acc0_12ea81672937 0 37 {"key11754598437408": "value-7", "key21754598441739": "value-7", "key31754598442939": "value-7"}
2025-08-07 20:27:24,148 INFO  [io.api.tes.ser.api.KafkaSerdesTester] (Thread-667) topic-215df70d_d0bd_440e_acc0_12ea81672937 0 38 {"key11754598437408": "value-8", "key21754598441739": "value-8", "key31754598442939": "value-8"}
2025-08-07 20:27:24,148 INFO  [io.api.tes.ser.api.KafkaSerdesTester] (Thread-667) topic-215df70d_d0bd_440e_acc0_12ea81672937 0 39 {"key11754598437408": "value-9", "key21754598441739": "value-9", "key31754598442939": "value-9"}
2025-08-07 20:27:24,148 INFO  [io.api.tes.ser.api.KafkaSerdesTester] (Thread-667) topic-215df70d_d0bd_440e_acc0_12ea81672937 0 40 {"key11754598437408": "value-0", "key21754598441739": "value-0"}
2025-08-07 20:27:24,148 INFO  [io.api.tes.ser.api.KafkaSerdesTester] (Thread-667) topic-215df70d_d0bd_440e_acc0_12ea81672937 0 41 {"key11754598437408": "value-1", "key21754598441739": "value-1"}
2025-08-07 20:27:24,148 INFO  [io.api.tes.ser.api.KafkaSerdesTester] (Thread-667) topic-215df70d_d0bd_440e_acc0_12ea81672937 0 42 {"key11754598437408": "value-2", "key21754598441739": "value-2"}
2025-08-07 20:27:24,148 INFO  [io.api.tes.ser.api.KafkaSerdesTester] (Thread-667) topic-215df70d_d0bd_440e_acc0_12ea81672937 0 43 {"key11754598437408": "value-3", "key21754598441739": "value-3"}
2025-08-07 20:27:24,148 INFO  [io.api.tes.ser.api.KafkaSerdesTester] (Thread-667) topic-215df70d_d0bd_440e_acc0_12ea81672937 0 44 {"key11754598437408": "value-4", "key21754598441739": "value-4"}
2025-08-07 20:27:24,148 INFO  [io.api.tes.ser.api.KafkaSerdesTester] (Thread-667) topic-215df70d_d0bd_440e_acc0_12ea81672937 0 45 {"key11754598437408": "value-5", "key21754598441739": "value-5"}
2025-08-07 20:27:24,148 INFO  [io.api.tes.ser.api.KafkaSerdesTester] (Thread-667) topic-215df70d_d0bd_440e_acc0_12ea81672937 0 46 {"key11754598437408": "value-6", "key21754598441739": "value-6"}
2025-08-07 20:27:24,148 INFO  [io.api.tes.ser.api.KafkaSerdesTester] (Thread-667) topic-215df70d_d0bd_440e_acc0_12ea81672937 0 47 {"key11754598437408": "value-7", "key21754598441739": "value-7"}
2025-08-07 20:27:24,148 INFO  [io.api.tes.ser.api.KafkaSerdesTester] (Thread-667) topic-215df70d_d0bd_440e_acc0_12ea81672937 0 48 {"key11754598437408": "value-8", "key21754598441739": "value-8"}
2025-08-07 20:27:24,148 INFO  [io.api.tes.ser.api.KafkaSerdesTester] (Thread-667) topic-215df70d_d0bd_440e_acc0_12ea81672937 0 49 {"key11754598437408": "value-9", "key21754598441739": "value-9"}
2025-08-07 20:27:24,149 INFO  [io.api.tes.ser.api.KafkaSerdesTester] (Thread-667) topic-215df70d_d0bd_440e_acc0_12ea81672937 0 50 {"key11754598437408": "value-0"}
2025-08-07 20:27:24,149 INFO  [io.api.tes.ser.api.KafkaSerdesTester] (Thread-667) topic-215df70d_d0bd_440e_acc0_12ea81672937 0 51 {"key11754598437408": "value-1"}
2025-08-07 20:27:24,149 INFO  [io.api.tes.ser.api.KafkaSerdesTester] (Thread-667) topic-215df70d_d0bd_440e_acc0_12ea81672937 0 52 {"key11754598437408": "value-2"}
2025-08-07 20:27:24,149 INFO  [io.api.tes.ser.api.KafkaSerdesTester] (Thread-667) topic-215df70d_d0bd_440e_acc0_12ea81672937 0 53 {"key11754598437408": "value-3"}
2025-08-07 20:27:24,149 INFO  [io.api.tes.ser.api.KafkaSerdesTester] (Thread-667) topic-215df70d_d0bd_440e_acc0_12ea81672937 0 54 {"key11754598437408": "value-4"}
2025-08-07 20:27:24,149 INFO  [io.api.tes.ser.api.KafkaSerdesTester] (Thread-667) topic-215df70d_d0bd_440e_acc0_12ea81672937 0 55 {"key11754598437408": "value-5"}
2025-08-07 20:27:24,149 INFO  [io.api.tes.ser.api.KafkaSerdesTester] (Thread-667) topic-215df70d_d0bd_440e_acc0_12ea81672937 0 56 {"key11754598437408": "value-6"}
2025-08-07 20:27:24,149 INFO  [io.api.tes.ser.api.KafkaSerdesTester] (Thread-667) topic-215df70d_d0bd_440e_acc0_12ea81672937 0 57 {"key11754598437408": "value-7"}
2025-08-07 20:27:24,149 INFO  [io.api.tes.ser.api.KafkaSerdesTester] (Thread-667) topic-215df70d_d0bd_440e_acc0_12ea81672937 0 58 {"key11754598437408": "value-8"}
2025-08-07 20:27:24,149 INFO  [io.api.tes.ser.api.KafkaSerdesTester] (Thread-667) topic-215df70d_d0bd_440e_acc0_12ea81672937 0 59 {"key11754598437408": "value-9"}
2025-08-07 20:27:24,149 INFO  [io.api.tes.ser.api.KafkaSerdesTester] (Thread-667) Consumed 30 messages
2025-08-07 20:27:24,149 INFO  [org.apa.kaf.cli.pro.KafkaProducer] (main) [Producer clientId=Producer-topic-215df70d_d0bd_440e_acc0_12ea81672937] Closing the Kafka producer with timeoutMillis = 9223372036854775807 ms.
2025-08-07 20:27:24,154 INFO  [org.apa.kaf.com.met.Metrics] (main) Metrics scheduler closed
2025-08-07 20:27:24,154 INFO  [org.apa.kaf.com.met.Metrics] (main) Closing reporter org.apache.kafka.common.metrics.JmxReporter
2025-08-07 20:27:24,154 INFO  [org.apa.kaf.com.met.Metrics] (main) Closing reporter org.apache.kafka.common.telemetry.internals.ClientTelemetryReporter
2025-08-07 20:27:24,154 INFO  [org.apa.kaf.com.met.Metrics] (main) Metrics reporters closed
2025-08-07 20:27:24,154 INFO  [org.apa.kaf.com.uti.AppInfoParser] (main) App info kafka.producer for Producer-topic-215df70d_d0bd_440e_acc0_12ea81672937 unregistered
2025-08-07 20:27:24,163 INFO  [org.apa.kaf.cli.con.int.ConsumerRebalanceListenerInvoker] (main) [Consumer clientId=consumer-Consumer-topic-215df70d_d0bd_440e_acc0_12ea81672937-9, groupId=Consumer-topic-215df70d_d0bd_440e_acc0_12ea81672937] Revoke previously assigned partitions topic-215df70d_d0bd_440e_acc0_12ea81672937-0
2025-08-07 20:27:24,163 INFO  [org.apa.kaf.cli.con.int.ConsumerCoordinator] (main) [Consumer clientId=consumer-Consumer-topic-215df70d_d0bd_440e_acc0_12ea81672937-9, groupId=Consumer-topic-215df70d_d0bd_440e_acc0_12ea81672937] Member consumer-Consumer-topic-215df70d_d0bd_440e_acc0_12ea81672937-9-df89563e-6e13-4334-be7d-58c79d3ccaef sending LeaveGroup request to coordinator localhost:32769 (id: 2147483647 rack: null) due to the consumer is being closed
2025-08-07 20:27:24,163 INFO  [org.apa.kaf.cli.con.int.ConsumerCoordinator] (main) [Consumer clientId=consumer-Consumer-topic-215df70d_d0bd_440e_acc0_12ea81672937-9, groupId=Consumer-topic-215df70d_d0bd_440e_acc0_12ea81672937] Resetting generation and member id due to: consumer pro-actively leaving the group
2025-08-07 20:27:24,163 INFO  [org.apa.kaf.cli.con.int.ConsumerCoordinator] (main) [Consumer clientId=consumer-Consumer-topic-215df70d_d0bd_440e_acc0_12ea81672937-9, groupId=Consumer-topic-215df70d_d0bd_440e_acc0_12ea81672937] Request joining group due to: consumer pro-actively leaving the group
2025-08-07 20:27:24,650 INFO  [org.apa.kaf.com.met.Metrics] (main) Metrics scheduler closed
2025-08-07 20:27:24,650 INFO  [org.apa.kaf.com.met.Metrics] (main) Closing reporter org.apache.kafka.common.metrics.JmxReporter
2025-08-07 20:27:24,650 INFO  [org.apa.kaf.com.met.Metrics] (main) Closing reporter org.apache.kafka.common.telemetry.internals.ClientTelemetryReporter
2025-08-07 20:27:24,650 INFO  [org.apa.kaf.com.met.Metrics] (main) Metrics reporters closed
2025-08-07 20:27:24,653 INFO  [org.apa.kaf.com.uti.AppInfoParser] (main) App info kafka.consumer for consumer-Consumer-topic-215df70d_d0bd_440e_acc0_12ea81672937-9 unregistered
2025-08-07 20:27:24,653 INFO  [io.api.tes.uti.TestSeparator] (main) io.apicurio.tests.serdes.apicurio.AvroSerdeIT.testEvolveAvroApicurioReusingClient-FINISHED
2025-08-07 20:27:24,653 INFO  [io.api.tes.uti.TestSeparator] (main) ############################################################################
Test passed: testEvolveAvroApicurioReusingClient
]]></system-out>
  </testcase>
  <testcase name="testProducerUsesDefaultConsumerUsesGlobalId" classname="io.apicurio.tests.serdes.apicurio.AvroSerdeIT" time="0.0">
    <skipped message="void io.apicurio.tests.serdes.apicurio.AvroSerdeIT.testProducerUsesDefaultConsumerUsesGlobalId() throws java.lang.Exception is @Disabled"/>
  </testcase>
  <testcase name="testEvolveAvroApicurio" classname="io.apicurio.tests.serdes.apicurio.AvroSerdeIT" time="14.828">
    <system-out><![CDATA[2025-08-07 20:27:24,659 INFO  [io.api.tes.uti.TestSeparator] (main) ############################################################################
2025-08-07 20:27:24,659 INFO  [io.api.tes.uti.TestSeparator] (main) io.apicurio.tests.serdes.apicurio.AvroSerdeIT.testEvolveAvroApicurio-STARTED
2025-08-07 20:27:24,660 INFO  [io.api.tes.ser.api.AvroSerdeIT] (main) Registering Avro Schema: {"type":"record","name":"s0b83e2d3x3478x4795xa453x822e4165c534","namespace":"ns_371a1bdd_4e04_46ec_9d40_e1d95a8781b0","fields":[{"name":"key11754598444660","type":"string"}]}
**** Registry Base URL: http://registry-app-inmemory.apps.ci419.apicurio-testing.org:80
2025-08-07 20:27:25,722 INFO  [org.apa.kaf.cli.pro.ProducerConfig] (main) ProducerConfig values: 
	acks = -1
	auto.include.jmx.reporter = true
	batch.size = 16384
	bootstrap.servers = [PLAINTEXT://localhost:32769]
	buffer.memory = 33554432
	client.dns.lookup = use_all_dns_ips
	client.id = Producer-topic-9ddbe17a_1769_44fd_a6df_3ba9c47c9ca2
	compression.gzip.level = -1
	compression.lz4.level = 9
	compression.type = none
	compression.zstd.level = 3
	connections.max.idle.ms = 10000
	delivery.timeout.ms = 120000
	enable.idempotence = true
	enable.metrics.push = true
	interceptor.classes = []
	key.serializer = class org.apache.kafka.common.serialization.StringSerializer
	linger.ms = 0
	max.block.ms = 60000
	max.in.flight.requests.per.connection = 5
	max.request.size = 1048576
	metadata.max.age.ms = 300000
	metadata.max.idle.ms = 300000
	metadata.recovery.strategy = none
	metric.reporters = []
	metrics.num.samples = 2
	metrics.recording.level = INFO
	metrics.sample.window.ms = 30000
	partitioner.adaptive.partitioning.enable = true
	partitioner.availability.timeout.ms = 0
	partitioner.class = null
	partitioner.ignore.keys = false
	receive.buffer.bytes = 32768
	reconnect.backoff.max.ms = 1000
	reconnect.backoff.ms = 50
	request.timeout.ms = 5000
	retries = 2147483647
	retry.backoff.max.ms = 1000
	retry.backoff.ms = 100
	sasl.client.callback.handler.class = null
	sasl.jaas.config = null
	sasl.kerberos.kinit.cmd = /usr/bin/kinit
	sasl.kerberos.min.time.before.relogin = 60000
	sasl.kerberos.service.name = null
	sasl.kerberos.ticket.renew.jitter = 0.05
	sasl.kerberos.ticket.renew.window.factor = 0.8
	sasl.login.callback.handler.class = null
	sasl.login.class = null
	sasl.login.connect.timeout.ms = null
	sasl.login.read.timeout.ms = null
	sasl.login.refresh.buffer.seconds = 300
	sasl.login.refresh.min.period.seconds = 60
	sasl.login.refresh.window.factor = 0.8
	sasl.login.refresh.window.jitter = 0.05
	sasl.login.retry.backoff.max.ms = 10000
	sasl.login.retry.backoff.ms = 100
	sasl.mechanism = GSSAPI
	sasl.oauthbearer.clock.skew.seconds = 30
	sasl.oauthbearer.expected.audience = null
	sasl.oauthbearer.expected.issuer = null
	sasl.oauthbearer.header.urlencode = false
	sasl.oauthbearer.jwks.endpoint.refresh.ms = 3600000
	sasl.oauthbearer.jwks.endpoint.retry.backoff.max.ms = 10000
	sasl.oauthbearer.jwks.endpoint.retry.backoff.ms = 100
	sasl.oauthbearer.jwks.endpoint.url = null
	sasl.oauthbearer.scope.claim.name = scope
	sasl.oauthbearer.sub.claim.name = sub
	sasl.oauthbearer.token.endpoint.url = null
	security.protocol = PLAINTEXT
	security.providers = null
	send.buffer.bytes = 131072
	socket.connection.setup.timeout.max.ms = 30000
	socket.connection.setup.timeout.ms = 10000
	ssl.cipher.suites = null
	ssl.enabled.protocols = [TLSv1.2, TLSv1.3]
	ssl.endpoint.identification.algorithm = https
	ssl.engine.factory.class = null
	ssl.key.password = null
	ssl.keymanager.algorithm = SunX509
	ssl.keystore.certificate.chain = null
	ssl.keystore.key = null
	ssl.keystore.location = null
	ssl.keystore.password = null
	ssl.keystore.type = JKS
	ssl.protocol = TLSv1.3
	ssl.provider = null
	ssl.secure.random.implementation = null
	ssl.trustmanager.algorithm = PKIX
	ssl.truststore.certificates = null
	ssl.truststore.location = null
	ssl.truststore.password = null
	ssl.truststore.type = JKS
	transaction.timeout.ms = 60000
	transactional.id = null
	value.serializer = class io.apicurio.registry.serde.avro.AvroKafkaSerializer

2025-08-07 20:27:25,722 INFO  [org.apa.kaf.com.tel.int.KafkaMetricsCollector] (main) initializing Kafka metrics collector
2025-08-07 20:27:25,726 INFO  [org.apa.kaf.cli.pro.KafkaProducer] (main) [Producer clientId=Producer-topic-9ddbe17a_1769_44fd_a6df_3ba9c47c9ca2] Instantiated an idempotent producer.
2025-08-07 20:27:25,728 INFO  [org.apa.kaf.cli.pro.ProducerConfig] (main) These configurations '[apicurio.registry.url, apicurio.registry.artifact-resolver-strategy]' were supplied but are not used yet.
2025-08-07 20:27:25,728 INFO  [org.apa.kaf.com.uti.AppInfoParser] (main) Kafka version: 3.9.1
2025-08-07 20:27:25,728 INFO  [org.apa.kaf.com.uti.AppInfoParser] (main) Kafka commitId: f745dfdcee2b9851
2025-08-07 20:27:25,728 INFO  [org.apa.kaf.com.uti.AppInfoParser] (main) Kafka startTimeMs: 1754598445728
**** Registry Base URL: http://registry-app-inmemory.apps.ci419.apicurio-testing.org:80
2025-08-07 20:27:25,729 INFO  [org.apa.kaf.cli.con.ConsumerConfig] (main) ConsumerConfig values: 
	allow.auto.create.topics = true
	auto.commit.interval.ms = 500
	auto.include.jmx.reporter = true
	auto.offset.reset = earliest
	bootstrap.servers = [PLAINTEXT://localhost:32769]
	check.crcs = true
	client.dns.lookup = use_all_dns_ips
	client.id = consumer-Consumer-topic-9ddbe17a_1769_44fd_a6df_3ba9c47c9ca2-10
	client.rack = 
	connections.max.idle.ms = 10000
	default.api.timeout.ms = 60000
	enable.auto.commit = true
	enable.metrics.push = true
	exclude.internal.topics = true
	fetch.max.bytes = 52428800
	fetch.max.wait.ms = 500
	fetch.min.bytes = 1
	group.id = Consumer-topic-9ddbe17a_1769_44fd_a6df_3ba9c47c9ca2
	group.instance.id = null
	group.protocol = classic
	group.remote.assignor = null
	heartbeat.interval.ms = 3000
	interceptor.classes = []
	internal.leave.group.on.close = true
	internal.throw.on.fetch.stable.offset.unsupported = false
	isolation.level = read_uncommitted
	key.deserializer = class org.apache.kafka.common.serialization.StringDeserializer
	max.partition.fetch.bytes = 1048576
	max.poll.interval.ms = 300000
	max.poll.records = 500
	metadata.max.age.ms = 300000
	metadata.recovery.strategy = none
	metric.reporters = []
	metrics.num.samples = 2
	metrics.recording.level = INFO
	metrics.sample.window.ms = 30000
	partition.assignment.strategy = [class org.apache.kafka.clients.consumer.RangeAssignor, class org.apache.kafka.clients.consumer.CooperativeStickyAssignor]
	receive.buffer.bytes = 65536
	reconnect.backoff.max.ms = 1000
	reconnect.backoff.ms = 50
	request.timeout.ms = 5000
	retry.backoff.max.ms = 1000
	retry.backoff.ms = 100
	sasl.client.callback.handler.class = null
	sasl.jaas.config = null
	sasl.kerberos.kinit.cmd = /usr/bin/kinit
	sasl.kerberos.min.time.before.relogin = 60000
	sasl.kerberos.service.name = null
	sasl.kerberos.ticket.renew.jitter = 0.05
	sasl.kerberos.ticket.renew.window.factor = 0.8
	sasl.login.callback.handler.class = null
	sasl.login.class = null
	sasl.login.connect.timeout.ms = null
	sasl.login.read.timeout.ms = null
	sasl.login.refresh.buffer.seconds = 300
	sasl.login.refresh.min.period.seconds = 60
	sasl.login.refresh.window.factor = 0.8
	sasl.login.refresh.window.jitter = 0.05
	sasl.login.retry.backoff.max.ms = 10000
	sasl.login.retry.backoff.ms = 100
	sasl.mechanism = GSSAPI
	sasl.oauthbearer.clock.skew.seconds = 30
	sasl.oauthbearer.expected.audience = null
	sasl.oauthbearer.expected.issuer = null
	sasl.oauthbearer.header.urlencode = false
	sasl.oauthbearer.jwks.endpoint.refresh.ms = 3600000
	sasl.oauthbearer.jwks.endpoint.retry.backoff.max.ms = 10000
	sasl.oauthbearer.jwks.endpoint.retry.backoff.ms = 100
	sasl.oauthbearer.jwks.endpoint.url = null
	sasl.oauthbearer.scope.claim.name = scope
	sasl.oauthbearer.sub.claim.name = sub
	sasl.oauthbearer.token.endpoint.url = null
	security.protocol = PLAINTEXT
	security.providers = null
	send.buffer.bytes = 131072
	session.timeout.ms = 45000
	socket.connection.setup.timeout.max.ms = 30000
	socket.connection.setup.timeout.ms = 10000
	ssl.cipher.suites = null
	ssl.enabled.protocols = [TLSv1.2, TLSv1.3]
	ssl.endpoint.identification.algorithm = https
	ssl.engine.factory.class = null
	ssl.key.password = null
	ssl.keymanager.algorithm = SunX509
	ssl.keystore.certificate.chain = null
	ssl.keystore.key = null
	ssl.keystore.location = null
	ssl.keystore.password = null
	ssl.keystore.type = JKS
	ssl.protocol = TLSv1.3
	ssl.provider = null
	ssl.secure.random.implementation = null
	ssl.trustmanager.algorithm = PKIX
	ssl.truststore.certificates = null
	ssl.truststore.location = null
	ssl.truststore.password = null
	ssl.truststore.type = JKS
	value.deserializer = class io.apicurio.registry.serde.avro.AvroKafkaDeserializer

2025-08-07 20:27:25,729 INFO  [org.apa.kaf.com.tel.int.KafkaMetricsCollector] (main) initializing Kafka metrics collector
2025-08-07 20:27:25,734 INFO  [org.apa.kaf.cli.Metadata] (kafka-producer-network-thread | Producer-topic-9ddbe17a_1769_44fd_a6df_3ba9c47c9ca2) [Producer clientId=Producer-topic-9ddbe17a_1769_44fd_a6df_3ba9c47c9ca2] Cluster ID: hNYxEGJzT_KJiJb9MK3e4A
2025-08-07 20:27:25,736 INFO  [org.apa.kaf.cli.pro.int.TransactionManager] (kafka-producer-network-thread | Producer-topic-9ddbe17a_1769_44fd_a6df_3ba9c47c9ca2) [Producer clientId=Producer-topic-9ddbe17a_1769_44fd_a6df_3ba9c47c9ca2] ProducerId set to 12 with epoch 0
2025-08-07 20:27:25,739 INFO  [org.apa.kaf.cli.con.ConsumerConfig] (main) These configurations '[apicurio.registry.url]' were supplied but are not used yet.
2025-08-07 20:27:25,739 INFO  [org.apa.kaf.com.uti.AppInfoParser] (main) Kafka version: 3.9.1
2025-08-07 20:27:25,739 INFO  [org.apa.kaf.com.uti.AppInfoParser] (main) Kafka commitId: f745dfdcee2b9851
2025-08-07 20:27:25,739 INFO  [org.apa.kaf.com.uti.AppInfoParser] (main) Kafka startTimeMs: 1754598445739
2025-08-07 20:27:25,740 INFO  [io.api.tes.ser.api.KafkaSerdesTester] (Thread-672) Sending message {"key11754598444660": "value-0"} to topic topic-9ddbe17a_1769_44fd_a6df_3ba9c47c9ca2
2025-08-07 20:27:25,741 INFO  [DefaultSchemaResolver] (Thread-672) Retrieving schema content using string: {"type":"record","name":"s0b83e2d3x3478x4795xa453x822e4165c534","namespace":"ns_371a1bdd_4e04_46ec_9d40_e1d95a8781b0","fields":[{"name":"key11754598444660","type":"string"}]}
2025-08-07 20:27:25,797 INFO  [io.api.tes.ser.api.KafkaSerdesTester] (Thread-672) Sending message {"key11754598444660": "value-1"} to topic topic-9ddbe17a_1769_44fd_a6df_3ba9c47c9ca2
2025-08-07 20:27:25,799 INFO  [io.api.tes.ser.api.KafkaSerdesTester] (Thread-672) Sending message {"key11754598444660": "value-2"} to topic topic-9ddbe17a_1769_44fd_a6df_3ba9c47c9ca2
2025-08-07 20:27:25,801 INFO  [io.api.tes.ser.api.KafkaSerdesTester] (Thread-672) Sending message {"key11754598444660": "value-3"} to topic topic-9ddbe17a_1769_44fd_a6df_3ba9c47c9ca2
2025-08-07 20:27:25,803 INFO  [io.api.tes.ser.api.KafkaSerdesTester] (Thread-672) Sending message {"key11754598444660": "value-4"} to topic topic-9ddbe17a_1769_44fd_a6df_3ba9c47c9ca2
2025-08-07 20:27:25,804 INFO  [io.api.tes.ser.api.KafkaSerdesTester] (Thread-672) Sending message {"key11754598444660": "value-5"} to topic topic-9ddbe17a_1769_44fd_a6df_3ba9c47c9ca2
2025-08-07 20:27:25,806 INFO  [io.api.tes.ser.api.KafkaSerdesTester] (Thread-672) Sending message {"key11754598444660": "value-6"} to topic topic-9ddbe17a_1769_44fd_a6df_3ba9c47c9ca2
2025-08-07 20:27:25,808 INFO  [io.api.tes.ser.api.KafkaSerdesTester] (Thread-672) Sending message {"key11754598444660": "value-7"} to topic topic-9ddbe17a_1769_44fd_a6df_3ba9c47c9ca2
2025-08-07 20:27:25,811 INFO  [io.api.tes.ser.api.KafkaSerdesTester] (Thread-672) Sending message {"key11754598444660": "value-8"} to topic topic-9ddbe17a_1769_44fd_a6df_3ba9c47c9ca2
2025-08-07 20:27:25,814 INFO  [io.api.tes.ser.api.KafkaSerdesTester] (Thread-672) Sending message {"key11754598444660": "value-9"} to topic topic-9ddbe17a_1769_44fd_a6df_3ba9c47c9ca2
2025-08-07 20:27:25,816 INFO  [io.api.tes.ser.api.KafkaSerdesTester] (Thread-672) Produced 10 messages
2025-08-07 20:27:25,816 INFO  [org.apa.kaf.cli.pro.KafkaProducer] (Thread-672) [Producer clientId=Producer-topic-9ddbe17a_1769_44fd_a6df_3ba9c47c9ca2] Closing the Kafka producer with timeoutMillis = 9223372036854775807 ms.
2025-08-07 20:27:25,819 INFO  [org.apa.kaf.com.met.Metrics] (Thread-672) Metrics scheduler closed
2025-08-07 20:27:25,819 INFO  [org.apa.kaf.com.met.Metrics] (Thread-672) Closing reporter org.apache.kafka.common.metrics.JmxReporter
2025-08-07 20:27:25,819 INFO  [org.apa.kaf.com.met.Metrics] (Thread-672) Closing reporter org.apache.kafka.common.telemetry.internals.ClientTelemetryReporter
2025-08-07 20:27:25,819 INFO  [org.apa.kaf.com.met.Metrics] (Thread-672) Metrics reporters closed
2025-08-07 20:27:25,819 INFO  [org.apa.kaf.com.uti.AppInfoParser] (Thread-672) App info kafka.producer for Producer-topic-9ddbe17a_1769_44fd_a6df_3ba9c47c9ca2 unregistered
2025-08-07 20:27:25,820 INFO  [org.apa.kaf.cli.con.int.ClassicKafkaConsumer] (Thread-673) [Consumer clientId=consumer-Consumer-topic-9ddbe17a_1769_44fd_a6df_3ba9c47c9ca2-10, groupId=Consumer-topic-9ddbe17a_1769_44fd_a6df_3ba9c47c9ca2] Subscribed to topic(s): topic-9ddbe17a_1769_44fd_a6df_3ba9c47c9ca2
2025-08-07 20:27:25,825 INFO  [org.apa.kaf.cli.Metadata] (Thread-673) [Consumer clientId=consumer-Consumer-topic-9ddbe17a_1769_44fd_a6df_3ba9c47c9ca2-10, groupId=Consumer-topic-9ddbe17a_1769_44fd_a6df_3ba9c47c9ca2] Cluster ID: hNYxEGJzT_KJiJb9MK3e4A
2025-08-07 20:27:25,826 INFO  [org.apa.kaf.cli.con.int.ConsumerCoordinator] (Thread-673) [Consumer clientId=consumer-Consumer-topic-9ddbe17a_1769_44fd_a6df_3ba9c47c9ca2-10, groupId=Consumer-topic-9ddbe17a_1769_44fd_a6df_3ba9c47c9ca2] Discovered group coordinator localhost:32769 (id: 2147483647 rack: null)
2025-08-07 20:27:25,827 INFO  [org.apa.kaf.cli.con.int.ConsumerCoordinator] (Thread-673) [Consumer clientId=consumer-Consumer-topic-9ddbe17a_1769_44fd_a6df_3ba9c47c9ca2-10, groupId=Consumer-topic-9ddbe17a_1769_44fd_a6df_3ba9c47c9ca2] (Re-)joining group
2025-08-07 20:27:25,832 INFO  [org.apa.kaf.cli.con.int.ConsumerCoordinator] (Thread-673) [Consumer clientId=consumer-Consumer-topic-9ddbe17a_1769_44fd_a6df_3ba9c47c9ca2-10, groupId=Consumer-topic-9ddbe17a_1769_44fd_a6df_3ba9c47c9ca2] Request joining group due to: need to re-join with the given member-id: consumer-Consumer-topic-9ddbe17a_1769_44fd_a6df_3ba9c47c9ca2-10-374f621c-3ec9-4993-b752-4a7d0d4ee6f6
2025-08-07 20:27:25,832 INFO  [org.apa.kaf.cli.con.int.ConsumerCoordinator] (Thread-673) [Consumer clientId=consumer-Consumer-topic-9ddbe17a_1769_44fd_a6df_3ba9c47c9ca2-10, groupId=Consumer-topic-9ddbe17a_1769_44fd_a6df_3ba9c47c9ca2] (Re-)joining group
2025-08-07 20:27:26,820 INFO  [io.api.tes.ser.api.KafkaSerdesTester] (Thread-673) None found
2025-08-07 20:27:27,821 INFO  [io.api.tes.ser.api.KafkaSerdesTester] (Thread-673) None found
2025-08-07 20:27:28,821 INFO  [io.api.tes.ser.api.KafkaSerdesTester] (Thread-673) None found
2025-08-07 20:27:28,835 INFO  [org.apa.kaf.cli.con.int.ConsumerCoordinator] (Thread-673) [Consumer clientId=consumer-Consumer-topic-9ddbe17a_1769_44fd_a6df_3ba9c47c9ca2-10, groupId=Consumer-topic-9ddbe17a_1769_44fd_a6df_3ba9c47c9ca2] Successfully joined group with generation Generation{generationId=1, memberId='consumer-Consumer-topic-9ddbe17a_1769_44fd_a6df_3ba9c47c9ca2-10-374f621c-3ec9-4993-b752-4a7d0d4ee6f6', protocol='range'}
2025-08-07 20:27:28,835 INFO  [org.apa.kaf.cli.con.int.ConsumerCoordinator] (Thread-673) [Consumer clientId=consumer-Consumer-topic-9ddbe17a_1769_44fd_a6df_3ba9c47c9ca2-10, groupId=Consumer-topic-9ddbe17a_1769_44fd_a6df_3ba9c47c9ca2] Finished assignment for group at generation 1: {consumer-Consumer-topic-9ddbe17a_1769_44fd_a6df_3ba9c47c9ca2-10-374f621c-3ec9-4993-b752-4a7d0d4ee6f6=Assignment(partitions=[topic-9ddbe17a_1769_44fd_a6df_3ba9c47c9ca2-0])}
2025-08-07 20:27:28,842 INFO  [org.apa.kaf.cli.con.int.ConsumerCoordinator] (Thread-673) [Consumer clientId=consumer-Consumer-topic-9ddbe17a_1769_44fd_a6df_3ba9c47c9ca2-10, groupId=Consumer-topic-9ddbe17a_1769_44fd_a6df_3ba9c47c9ca2] Successfully synced group in generation Generation{generationId=1, memberId='consumer-Consumer-topic-9ddbe17a_1769_44fd_a6df_3ba9c47c9ca2-10-374f621c-3ec9-4993-b752-4a7d0d4ee6f6', protocol='range'}
2025-08-07 20:27:28,842 INFO  [org.apa.kaf.cli.con.int.ConsumerCoordinator] (Thread-673) [Consumer clientId=consumer-Consumer-topic-9ddbe17a_1769_44fd_a6df_3ba9c47c9ca2-10, groupId=Consumer-topic-9ddbe17a_1769_44fd_a6df_3ba9c47c9ca2] Notifying assignor about the new Assignment(partitions=[topic-9ddbe17a_1769_44fd_a6df_3ba9c47c9ca2-0])
2025-08-07 20:27:28,842 INFO  [org.apa.kaf.cli.con.int.ConsumerRebalanceListenerInvoker] (Thread-673) [Consumer clientId=consumer-Consumer-topic-9ddbe17a_1769_44fd_a6df_3ba9c47c9ca2-10, groupId=Consumer-topic-9ddbe17a_1769_44fd_a6df_3ba9c47c9ca2] Adding newly assigned partitions: topic-9ddbe17a_1769_44fd_a6df_3ba9c47c9ca2-0
2025-08-07 20:27:28,845 INFO  [org.apa.kaf.cli.con.int.ConsumerCoordinator] (Thread-673) [Consumer clientId=consumer-Consumer-topic-9ddbe17a_1769_44fd_a6df_3ba9c47c9ca2-10, groupId=Consumer-topic-9ddbe17a_1769_44fd_a6df_3ba9c47c9ca2] Found no committed offset for partition topic-9ddbe17a_1769_44fd_a6df_3ba9c47c9ca2-0
2025-08-07 20:27:28,848 INFO  [org.apa.kaf.cli.con.int.SubscriptionState] (Thread-673) [Consumer clientId=consumer-Consumer-topic-9ddbe17a_1769_44fd_a6df_3ba9c47c9ca2-10, groupId=Consumer-topic-9ddbe17a_1769_44fd_a6df_3ba9c47c9ca2] Resetting offset for partition topic-9ddbe17a_1769_44fd_a6df_3ba9c47c9ca2-0 to position FetchPosition{offset=0, offsetEpoch=Optional.empty, currentLeader=LeaderAndEpoch{leader=Optional[localhost:32769 (id: 0 rack: null)], epoch=0}}.
2025-08-07 20:27:28,925 INFO  [io.api.tes.ser.api.KafkaSerdesTester] (Thread-673) topic-9ddbe17a_1769_44fd_a6df_3ba9c47c9ca2 0 0 {"key11754598444660": "value-0"}
2025-08-07 20:27:28,925 INFO  [io.api.tes.ser.api.KafkaSerdesTester] (Thread-673) topic-9ddbe17a_1769_44fd_a6df_3ba9c47c9ca2 0 1 {"key11754598444660": "value-1"}
2025-08-07 20:27:28,925 INFO  [io.api.tes.ser.api.KafkaSerdesTester] (Thread-673) topic-9ddbe17a_1769_44fd_a6df_3ba9c47c9ca2 0 2 {"key11754598444660": "value-2"}
2025-08-07 20:27:28,925 INFO  [io.api.tes.ser.api.KafkaSerdesTester] (Thread-673) topic-9ddbe17a_1769_44fd_a6df_3ba9c47c9ca2 0 3 {"key11754598444660": "value-3"}
2025-08-07 20:27:28,925 INFO  [io.api.tes.ser.api.KafkaSerdesTester] (Thread-673) topic-9ddbe17a_1769_44fd_a6df_3ba9c47c9ca2 0 4 {"key11754598444660": "value-4"}
2025-08-07 20:27:28,925 INFO  [io.api.tes.ser.api.KafkaSerdesTester] (Thread-673) topic-9ddbe17a_1769_44fd_a6df_3ba9c47c9ca2 0 5 {"key11754598444660": "value-5"}
2025-08-07 20:27:28,925 INFO  [io.api.tes.ser.api.KafkaSerdesTester] (Thread-673) topic-9ddbe17a_1769_44fd_a6df_3ba9c47c9ca2 0 6 {"key11754598444660": "value-6"}
2025-08-07 20:27:28,925 INFO  [io.api.tes.ser.api.KafkaSerdesTester] (Thread-673) topic-9ddbe17a_1769_44fd_a6df_3ba9c47c9ca2 0 7 {"key11754598444660": "value-7"}
2025-08-07 20:27:28,925 INFO  [io.api.tes.ser.api.KafkaSerdesTester] (Thread-673) topic-9ddbe17a_1769_44fd_a6df_3ba9c47c9ca2 0 8 {"key11754598444660": "value-8"}
2025-08-07 20:27:28,925 INFO  [io.api.tes.ser.api.KafkaSerdesTester] (Thread-673) topic-9ddbe17a_1769_44fd_a6df_3ba9c47c9ca2 0 9 {"key11754598444660": "value-9"}
2025-08-07 20:27:28,925 INFO  [io.api.tes.ser.api.KafkaSerdesTester] (Thread-673) Consumed 10 messages
2025-08-07 20:27:28,932 INFO  [org.apa.kaf.cli.con.int.ConsumerRebalanceListenerInvoker] (Thread-673) [Consumer clientId=consumer-Consumer-topic-9ddbe17a_1769_44fd_a6df_3ba9c47c9ca2-10, groupId=Consumer-topic-9ddbe17a_1769_44fd_a6df_3ba9c47c9ca2] Revoke previously assigned partitions topic-9ddbe17a_1769_44fd_a6df_3ba9c47c9ca2-0
2025-08-07 20:27:28,932 INFO  [org.apa.kaf.cli.con.int.ConsumerCoordinator] (Thread-673) [Consumer clientId=consumer-Consumer-topic-9ddbe17a_1769_44fd_a6df_3ba9c47c9ca2-10, groupId=Consumer-topic-9ddbe17a_1769_44fd_a6df_3ba9c47c9ca2] Member consumer-Consumer-topic-9ddbe17a_1769_44fd_a6df_3ba9c47c9ca2-10-374f621c-3ec9-4993-b752-4a7d0d4ee6f6 sending LeaveGroup request to coordinator localhost:32769 (id: 2147483647 rack: null) due to the consumer is being closed
2025-08-07 20:27:28,932 INFO  [org.apa.kaf.cli.con.int.ConsumerCoordinator] (Thread-673) [Consumer clientId=consumer-Consumer-topic-9ddbe17a_1769_44fd_a6df_3ba9c47c9ca2-10, groupId=Consumer-topic-9ddbe17a_1769_44fd_a6df_3ba9c47c9ca2] Resetting generation and member id due to: consumer pro-actively leaving the group
2025-08-07 20:27:28,932 INFO  [org.apa.kaf.cli.con.int.ConsumerCoordinator] (Thread-673) [Consumer clientId=consumer-Consumer-topic-9ddbe17a_1769_44fd_a6df_3ba9c47c9ca2-10, groupId=Consumer-topic-9ddbe17a_1769_44fd_a6df_3ba9c47c9ca2] Request joining group due to: consumer pro-actively leaving the group
2025-08-07 20:27:29,428 INFO  [org.apa.kaf.com.met.Metrics] (Thread-673) Metrics scheduler closed
2025-08-07 20:27:29,428 INFO  [org.apa.kaf.com.met.Metrics] (Thread-673) Closing reporter org.apache.kafka.common.metrics.JmxReporter
2025-08-07 20:27:29,428 INFO  [org.apa.kaf.com.met.Metrics] (Thread-673) Closing reporter org.apache.kafka.common.telemetry.internals.ClientTelemetryReporter
2025-08-07 20:27:29,428 INFO  [org.apa.kaf.com.met.Metrics] (Thread-673) Metrics reporters closed
2025-08-07 20:27:29,432 INFO  [org.apa.kaf.com.uti.AppInfoParser] (Thread-673) App info kafka.consumer for consumer-Consumer-topic-9ddbe17a_1769_44fd_a6df_3ba9c47c9ca2-10 unregistered
2025-08-07 20:27:29,434 INFO  [io.api.tes.ser.api.AvroSerdeIT] (main) Registering Avro Schema 2: {"type":"record","name":"s0b83e2d3x3478x4795xa453x822e4165c534","namespace":"ns_371a1bdd_4e04_46ec_9d40_e1d95a8781b0","fields":[{"name":"key11754598444660","type":"string"},{"name":"key21754598449433","type":"string"}]}
**** Registry Base URL: http://registry-app-inmemory.apps.ci419.apicurio-testing.org:80
2025-08-07 20:27:30,498 INFO  [org.apa.kaf.cli.pro.ProducerConfig] (main) ProducerConfig values: 
	acks = -1
	auto.include.jmx.reporter = true
	batch.size = 16384
	bootstrap.servers = [PLAINTEXT://localhost:32769]
	buffer.memory = 33554432
	client.dns.lookup = use_all_dns_ips
	client.id = Producer-topic-9ddbe17a_1769_44fd_a6df_3ba9c47c9ca2
	compression.gzip.level = -1
	compression.lz4.level = 9
	compression.type = none
	compression.zstd.level = 3
	connections.max.idle.ms = 10000
	delivery.timeout.ms = 120000
	enable.idempotence = true
	enable.metrics.push = true
	interceptor.classes = []
	key.serializer = class org.apache.kafka.common.serialization.StringSerializer
	linger.ms = 0
	max.block.ms = 60000
	max.in.flight.requests.per.connection = 5
	max.request.size = 1048576
	metadata.max.age.ms = 300000
	metadata.max.idle.ms = 300000
	metadata.recovery.strategy = none
	metric.reporters = []
	metrics.num.samples = 2
	metrics.recording.level = INFO
	metrics.sample.window.ms = 30000
	partitioner.adaptive.partitioning.enable = true
	partitioner.availability.timeout.ms = 0
	partitioner.class = null
	partitioner.ignore.keys = false
	receive.buffer.bytes = 32768
	reconnect.backoff.max.ms = 1000
	reconnect.backoff.ms = 50
	request.timeout.ms = 5000
	retries = 2147483647
	retry.backoff.max.ms = 1000
	retry.backoff.ms = 100
	sasl.client.callback.handler.class = null
	sasl.jaas.config = null
	sasl.kerberos.kinit.cmd = /usr/bin/kinit
	sasl.kerberos.min.time.before.relogin = 60000
	sasl.kerberos.service.name = null
	sasl.kerberos.ticket.renew.jitter = 0.05
	sasl.kerberos.ticket.renew.window.factor = 0.8
	sasl.login.callback.handler.class = null
	sasl.login.class = null
	sasl.login.connect.timeout.ms = null
	sasl.login.read.timeout.ms = null
	sasl.login.refresh.buffer.seconds = 300
	sasl.login.refresh.min.period.seconds = 60
	sasl.login.refresh.window.factor = 0.8
	sasl.login.refresh.window.jitter = 0.05
	sasl.login.retry.backoff.max.ms = 10000
	sasl.login.retry.backoff.ms = 100
	sasl.mechanism = GSSAPI
	sasl.oauthbearer.clock.skew.seconds = 30
	sasl.oauthbearer.expected.audience = null
	sasl.oauthbearer.expected.issuer = null
	sasl.oauthbearer.header.urlencode = false
	sasl.oauthbearer.jwks.endpoint.refresh.ms = 3600000
	sasl.oauthbearer.jwks.endpoint.retry.backoff.max.ms = 10000
	sasl.oauthbearer.jwks.endpoint.retry.backoff.ms = 100
	sasl.oauthbearer.jwks.endpoint.url = null
	sasl.oauthbearer.scope.claim.name = scope
	sasl.oauthbearer.sub.claim.name = sub
	sasl.oauthbearer.token.endpoint.url = null
	security.protocol = PLAINTEXT
	security.providers = null
	send.buffer.bytes = 131072
	socket.connection.setup.timeout.max.ms = 30000
	socket.connection.setup.timeout.ms = 10000
	ssl.cipher.suites = null
	ssl.enabled.protocols = [TLSv1.2, TLSv1.3]
	ssl.endpoint.identification.algorithm = https
	ssl.engine.factory.class = null
	ssl.key.password = null
	ssl.keymanager.algorithm = SunX509
	ssl.keystore.certificate.chain = null
	ssl.keystore.key = null
	ssl.keystore.location = null
	ssl.keystore.password = null
	ssl.keystore.type = JKS
	ssl.protocol = TLSv1.3
	ssl.provider = null
	ssl.secure.random.implementation = null
	ssl.trustmanager.algorithm = PKIX
	ssl.truststore.certificates = null
	ssl.truststore.location = null
	ssl.truststore.password = null
	ssl.truststore.type = JKS
	transaction.timeout.ms = 60000
	transactional.id = null
	value.serializer = class io.apicurio.registry.serde.avro.AvroKafkaSerializer

2025-08-07 20:27:30,498 INFO  [org.apa.kaf.com.tel.int.KafkaMetricsCollector] (main) initializing Kafka metrics collector
2025-08-07 20:27:30,501 INFO  [org.apa.kaf.cli.pro.KafkaProducer] (main) [Producer clientId=Producer-topic-9ddbe17a_1769_44fd_a6df_3ba9c47c9ca2] Instantiated an idempotent producer.
2025-08-07 20:27:30,503 INFO  [org.apa.kaf.cli.pro.ProducerConfig] (main) These configurations '[apicurio.registry.url, apicurio.registry.artifact-resolver-strategy]' were supplied but are not used yet.
2025-08-07 20:27:30,504 INFO  [org.apa.kaf.com.uti.AppInfoParser] (main) Kafka version: 3.9.1
2025-08-07 20:27:30,504 INFO  [org.apa.kaf.com.uti.AppInfoParser] (main) Kafka commitId: f745dfdcee2b9851
2025-08-07 20:27:30,504 INFO  [org.apa.kaf.com.uti.AppInfoParser] (main) Kafka startTimeMs: 1754598450504
2025-08-07 20:27:30,505 INFO  [io.api.tes.ser.api.KafkaSerdesTester] (Thread-676) Sending message {"key11754598444660": "value-0", "key21754598449433": "value-0"} to topic topic-9ddbe17a_1769_44fd_a6df_3ba9c47c9ca2
2025-08-07 20:27:30,510 INFO  [org.apa.kaf.cli.Metadata] (kafka-producer-network-thread | Producer-topic-9ddbe17a_1769_44fd_a6df_3ba9c47c9ca2) [Producer clientId=Producer-topic-9ddbe17a_1769_44fd_a6df_3ba9c47c9ca2] Cluster ID: hNYxEGJzT_KJiJb9MK3e4A
2025-08-07 20:27:30,510 INFO  [DefaultSchemaResolver] (Thread-676) Retrieving schema content using string: {"type":"record","name":"s0b83e2d3x3478x4795xa453x822e4165c534","namespace":"ns_371a1bdd_4e04_46ec_9d40_e1d95a8781b0","fields":[{"name":"key11754598444660","type":"string"},{"name":"key21754598449433","type":"string"}]}
2025-08-07 20:27:30,511 INFO  [org.apa.kaf.cli.pro.int.TransactionManager] (kafka-producer-network-thread | Producer-topic-9ddbe17a_1769_44fd_a6df_3ba9c47c9ca2) [Producer clientId=Producer-topic-9ddbe17a_1769_44fd_a6df_3ba9c47c9ca2] ProducerId set to 13 with epoch 0
2025-08-07 20:27:30,566 INFO  [io.api.tes.ser.api.KafkaSerdesTester] (Thread-676) Sending message {"key11754598444660": "value-1", "key21754598449433": "value-1"} to topic topic-9ddbe17a_1769_44fd_a6df_3ba9c47c9ca2
2025-08-07 20:27:30,570 INFO  [io.api.tes.ser.api.KafkaSerdesTester] (Thread-676) Sending message {"key11754598444660": "value-2", "key21754598449433": "value-2"} to topic topic-9ddbe17a_1769_44fd_a6df_3ba9c47c9ca2
2025-08-07 20:27:30,572 INFO  [io.api.tes.ser.api.KafkaSerdesTester] (Thread-676) Sending message {"key11754598444660": "value-3", "key21754598449433": "value-3"} to topic topic-9ddbe17a_1769_44fd_a6df_3ba9c47c9ca2
2025-08-07 20:27:30,578 INFO  [io.api.tes.ser.api.KafkaSerdesTester] (Thread-676) Sending message {"key11754598444660": "value-4", "key21754598449433": "value-4"} to topic topic-9ddbe17a_1769_44fd_a6df_3ba9c47c9ca2
2025-08-07 20:27:30,580 INFO  [io.api.tes.ser.api.KafkaSerdesTester] (Thread-676) Sending message {"key11754598444660": "value-5", "key21754598449433": "value-5"} to topic topic-9ddbe17a_1769_44fd_a6df_3ba9c47c9ca2
2025-08-07 20:27:30,582 INFO  [io.api.tes.ser.api.KafkaSerdesTester] (Thread-676) Sending message {"key11754598444660": "value-6", "key21754598449433": "value-6"} to topic topic-9ddbe17a_1769_44fd_a6df_3ba9c47c9ca2
2025-08-07 20:27:30,585 INFO  [io.api.tes.ser.api.KafkaSerdesTester] (Thread-676) Sending message {"key11754598444660": "value-7", "key21754598449433": "value-7"} to topic topic-9ddbe17a_1769_44fd_a6df_3ba9c47c9ca2
2025-08-07 20:27:30,586 INFO  [io.api.tes.ser.api.KafkaSerdesTester] (Thread-676) Sending message {"key11754598444660": "value-8", "key21754598449433": "value-8"} to topic topic-9ddbe17a_1769_44fd_a6df_3ba9c47c9ca2
2025-08-07 20:27:30,588 INFO  [io.api.tes.ser.api.KafkaSerdesTester] (Thread-676) Sending message {"key11754598444660": "value-9", "key21754598449433": "value-9"} to topic topic-9ddbe17a_1769_44fd_a6df_3ba9c47c9ca2
2025-08-07 20:27:30,589 INFO  [io.api.tes.ser.api.KafkaSerdesTester] (Thread-676) Produced 10 messages
2025-08-07 20:27:30,589 INFO  [org.apa.kaf.cli.pro.KafkaProducer] (Thread-676) [Producer clientId=Producer-topic-9ddbe17a_1769_44fd_a6df_3ba9c47c9ca2] Closing the Kafka producer with timeoutMillis = 9223372036854775807 ms.
2025-08-07 20:27:30,592 INFO  [org.apa.kaf.com.met.Metrics] (Thread-676) Metrics scheduler closed
2025-08-07 20:27:30,592 INFO  [org.apa.kaf.com.met.Metrics] (Thread-676) Closing reporter org.apache.kafka.common.metrics.JmxReporter
2025-08-07 20:27:30,592 INFO  [org.apa.kaf.com.met.Metrics] (Thread-676) Closing reporter org.apache.kafka.common.telemetry.internals.ClientTelemetryReporter
2025-08-07 20:27:30,592 INFO  [org.apa.kaf.com.met.Metrics] (Thread-676) Metrics reporters closed
2025-08-07 20:27:30,593 INFO  [org.apa.kaf.com.uti.AppInfoParser] (Thread-676) App info kafka.producer for Producer-topic-9ddbe17a_1769_44fd_a6df_3ba9c47c9ca2 unregistered
**** Registry Base URL: http://registry-app-inmemory.apps.ci419.apicurio-testing.org:80
2025-08-07 20:27:30,593 INFO  [org.apa.kaf.cli.pro.ProducerConfig] (main) ProducerConfig values: 
	acks = -1
	auto.include.jmx.reporter = true
	batch.size = 16384
	bootstrap.servers = [PLAINTEXT://localhost:32769]
	buffer.memory = 33554432
	client.dns.lookup = use_all_dns_ips
	client.id = Producer-topic-9ddbe17a_1769_44fd_a6df_3ba9c47c9ca2
	compression.gzip.level = -1
	compression.lz4.level = 9
	compression.type = none
	compression.zstd.level = 3
	connections.max.idle.ms = 10000
	delivery.timeout.ms = 120000
	enable.idempotence = true
	enable.metrics.push = true
	interceptor.classes = []
	key.serializer = class org.apache.kafka.common.serialization.StringSerializer
	linger.ms = 0
	max.block.ms = 60000
	max.in.flight.requests.per.connection = 5
	max.request.size = 1048576
	metadata.max.age.ms = 300000
	metadata.max.idle.ms = 300000
	metadata.recovery.strategy = none
	metric.reporters = []
	metrics.num.samples = 2
	metrics.recording.level = INFO
	metrics.sample.window.ms = 30000
	partitioner.adaptive.partitioning.enable = true
	partitioner.availability.timeout.ms = 0
	partitioner.class = null
	partitioner.ignore.keys = false
	receive.buffer.bytes = 32768
	reconnect.backoff.max.ms = 1000
	reconnect.backoff.ms = 50
	request.timeout.ms = 5000
	retries = 2147483647
	retry.backoff.max.ms = 1000
	retry.backoff.ms = 100
	sasl.client.callback.handler.class = null
	sasl.jaas.config = null
	sasl.kerberos.kinit.cmd = /usr/bin/kinit
	sasl.kerberos.min.time.before.relogin = 60000
	sasl.kerberos.service.name = null
	sasl.kerberos.ticket.renew.jitter = 0.05
	sasl.kerberos.ticket.renew.window.factor = 0.8
	sasl.login.callback.handler.class = null
	sasl.login.class = null
	sasl.login.connect.timeout.ms = null
	sasl.login.read.timeout.ms = null
	sasl.login.refresh.buffer.seconds = 300
	sasl.login.refresh.min.period.seconds = 60
	sasl.login.refresh.window.factor = 0.8
	sasl.login.refresh.window.jitter = 0.05
	sasl.login.retry.backoff.max.ms = 10000
	sasl.login.retry.backoff.ms = 100
	sasl.mechanism = GSSAPI
	sasl.oauthbearer.clock.skew.seconds = 30
	sasl.oauthbearer.expected.audience = null
	sasl.oauthbearer.expected.issuer = null
	sasl.oauthbearer.header.urlencode = false
	sasl.oauthbearer.jwks.endpoint.refresh.ms = 3600000
	sasl.oauthbearer.jwks.endpoint.retry.backoff.max.ms = 10000
	sasl.oauthbearer.jwks.endpoint.retry.backoff.ms = 100
	sasl.oauthbearer.jwks.endpoint.url = null
	sasl.oauthbearer.scope.claim.name = scope
	sasl.oauthbearer.sub.claim.name = sub
	sasl.oauthbearer.token.endpoint.url = null
	security.protocol = PLAINTEXT
	security.providers = null
	send.buffer.bytes = 131072
	socket.connection.setup.timeout.max.ms = 30000
	socket.connection.setup.timeout.ms = 10000
	ssl.cipher.suites = null
	ssl.enabled.protocols = [TLSv1.2, TLSv1.3]
	ssl.endpoint.identification.algorithm = https
	ssl.engine.factory.class = null
	ssl.key.password = null
	ssl.keymanager.algorithm = SunX509
	ssl.keystore.certificate.chain = null
	ssl.keystore.key = null
	ssl.keystore.location = null
	ssl.keystore.password = null
	ssl.keystore.type = JKS
	ssl.protocol = TLSv1.3
	ssl.provider = null
	ssl.secure.random.implementation = null
	ssl.trustmanager.algorithm = PKIX
	ssl.truststore.certificates = null
	ssl.truststore.location = null
	ssl.truststore.password = null
	ssl.truststore.type = JKS
	transaction.timeout.ms = 60000
	transactional.id = null
	value.serializer = class io.apicurio.registry.serde.avro.AvroKafkaSerializer

2025-08-07 20:27:30,593 INFO  [org.apa.kaf.com.tel.int.KafkaMetricsCollector] (main) initializing Kafka metrics collector
2025-08-07 20:27:30,600 INFO  [org.apa.kaf.cli.pro.KafkaProducer] (main) [Producer clientId=Producer-topic-9ddbe17a_1769_44fd_a6df_3ba9c47c9ca2] Instantiated an idempotent producer.
2025-08-07 20:27:30,602 INFO  [org.apa.kaf.cli.pro.ProducerConfig] (main) These configurations '[apicurio.registry.url, apicurio.registry.artifact-resolver-strategy]' were supplied but are not used yet.
2025-08-07 20:27:30,602 INFO  [org.apa.kaf.com.uti.AppInfoParser] (main) Kafka version: 3.9.1
2025-08-07 20:27:30,602 INFO  [org.apa.kaf.com.uti.AppInfoParser] (main) Kafka commitId: f745dfdcee2b9851
2025-08-07 20:27:30,602 INFO  [org.apa.kaf.com.uti.AppInfoParser] (main) Kafka startTimeMs: 1754598450602
2025-08-07 20:27:30,604 INFO  [io.api.tes.ser.api.KafkaSerdesTester] (Thread-679) Sending message {"key11754598444660": "value-0"} to topic topic-9ddbe17a_1769_44fd_a6df_3ba9c47c9ca2
2025-08-07 20:27:30,607 INFO  [org.apa.kaf.cli.Metadata] (kafka-producer-network-thread | Producer-topic-9ddbe17a_1769_44fd_a6df_3ba9c47c9ca2) [Producer clientId=Producer-topic-9ddbe17a_1769_44fd_a6df_3ba9c47c9ca2] Cluster ID: hNYxEGJzT_KJiJb9MK3e4A
2025-08-07 20:27:30,608 INFO  [DefaultSchemaResolver] (Thread-679) Retrieving schema content using string: {"type":"record","name":"s0b83e2d3x3478x4795xa453x822e4165c534","namespace":"ns_371a1bdd_4e04_46ec_9d40_e1d95a8781b0","fields":[{"name":"key11754598444660","type":"string"}]}
2025-08-07 20:27:30,608 INFO  [org.apa.kaf.cli.pro.int.TransactionManager] (kafka-producer-network-thread | Producer-topic-9ddbe17a_1769_44fd_a6df_3ba9c47c9ca2) [Producer clientId=Producer-topic-9ddbe17a_1769_44fd_a6df_3ba9c47c9ca2] ProducerId set to 14 with epoch 0
2025-08-07 20:27:30,664 INFO  [io.api.tes.ser.api.KafkaSerdesTester] (Thread-679) Sending message {"key11754598444660": "value-1"} to topic topic-9ddbe17a_1769_44fd_a6df_3ba9c47c9ca2
2025-08-07 20:27:30,665 INFO  [io.api.tes.ser.api.KafkaSerdesTester] (Thread-679) Sending message {"key11754598444660": "value-2"} to topic topic-9ddbe17a_1769_44fd_a6df_3ba9c47c9ca2
2025-08-07 20:27:30,667 INFO  [io.api.tes.ser.api.KafkaSerdesTester] (Thread-679) Sending message {"key11754598444660": "value-3"} to topic topic-9ddbe17a_1769_44fd_a6df_3ba9c47c9ca2
2025-08-07 20:27:30,668 INFO  [io.api.tes.ser.api.KafkaSerdesTester] (Thread-679) Sending message {"key11754598444660": "value-4"} to topic topic-9ddbe17a_1769_44fd_a6df_3ba9c47c9ca2
2025-08-07 20:27:30,670 INFO  [io.api.tes.ser.api.KafkaSerdesTester] (Thread-679) Sending message {"key11754598444660": "value-5"} to topic topic-9ddbe17a_1769_44fd_a6df_3ba9c47c9ca2
2025-08-07 20:27:30,671 INFO  [io.api.tes.ser.api.KafkaSerdesTester] (Thread-679) Sending message {"key11754598444660": "value-6"} to topic topic-9ddbe17a_1769_44fd_a6df_3ba9c47c9ca2
2025-08-07 20:27:30,673 INFO  [io.api.tes.ser.api.KafkaSerdesTester] (Thread-679) Sending message {"key11754598444660": "value-7"} to topic topic-9ddbe17a_1769_44fd_a6df_3ba9c47c9ca2
2025-08-07 20:27:30,675 INFO  [io.api.tes.ser.api.KafkaSerdesTester] (Thread-679) Sending message {"key11754598444660": "value-8"} to topic topic-9ddbe17a_1769_44fd_a6df_3ba9c47c9ca2
2025-08-07 20:27:30,677 INFO  [io.api.tes.ser.api.KafkaSerdesTester] (Thread-679) Sending message {"key11754598444660": "value-9"} to topic topic-9ddbe17a_1769_44fd_a6df_3ba9c47c9ca2
2025-08-07 20:27:30,679 INFO  [io.api.tes.ser.api.KafkaSerdesTester] (Thread-679) Produced 10 messages
2025-08-07 20:27:30,679 INFO  [org.apa.kaf.cli.pro.KafkaProducer] (Thread-679) [Producer clientId=Producer-topic-9ddbe17a_1769_44fd_a6df_3ba9c47c9ca2] Closing the Kafka producer with timeoutMillis = 9223372036854775807 ms.
2025-08-07 20:27:30,681 INFO  [org.apa.kaf.com.met.Metrics] (Thread-679) Metrics scheduler closed
2025-08-07 20:27:30,681 INFO  [org.apa.kaf.com.met.Metrics] (Thread-679) Closing reporter org.apache.kafka.common.metrics.JmxReporter
2025-08-07 20:27:30,681 INFO  [org.apa.kaf.com.met.Metrics] (Thread-679) Closing reporter org.apache.kafka.common.telemetry.internals.ClientTelemetryReporter
2025-08-07 20:27:30,681 INFO  [org.apa.kaf.com.met.Metrics] (Thread-679) Metrics reporters closed
2025-08-07 20:27:30,681 INFO  [org.apa.kaf.com.uti.AppInfoParser] (Thread-679) App info kafka.producer for Producer-topic-9ddbe17a_1769_44fd_a6df_3ba9c47c9ca2 unregistered
**** Registry Base URL: http://registry-app-inmemory.apps.ci419.apicurio-testing.org:80
2025-08-07 20:27:30,682 INFO  [org.apa.kaf.cli.con.ConsumerConfig] (main) ConsumerConfig values: 
	allow.auto.create.topics = true
	auto.commit.interval.ms = 500
	auto.include.jmx.reporter = true
	auto.offset.reset = earliest
	bootstrap.servers = [PLAINTEXT://localhost:32769]
	check.crcs = true
	client.dns.lookup = use_all_dns_ips
	client.id = consumer-Consumer-topic-9ddbe17a_1769_44fd_a6df_3ba9c47c9ca2-11
	client.rack = 
	connections.max.idle.ms = 10000
	default.api.timeout.ms = 60000
	enable.auto.commit = true
	enable.metrics.push = true
	exclude.internal.topics = true
	fetch.max.bytes = 52428800
	fetch.max.wait.ms = 500
	fetch.min.bytes = 1
	group.id = Consumer-topic-9ddbe17a_1769_44fd_a6df_3ba9c47c9ca2
	group.instance.id = null
	group.protocol = classic
	group.remote.assignor = null
	heartbeat.interval.ms = 3000
	interceptor.classes = []
	internal.leave.group.on.close = true
	internal.throw.on.fetch.stable.offset.unsupported = false
	isolation.level = read_uncommitted
	key.deserializer = class org.apache.kafka.common.serialization.StringDeserializer
	max.partition.fetch.bytes = 1048576
	max.poll.interval.ms = 300000
	max.poll.records = 500
	metadata.max.age.ms = 300000
	metadata.recovery.strategy = none
	metric.reporters = []
	metrics.num.samples = 2
	metrics.recording.level = INFO
	metrics.sample.window.ms = 30000
	partition.assignment.strategy = [class org.apache.kafka.clients.consumer.RangeAssignor, class org.apache.kafka.clients.consumer.CooperativeStickyAssignor]
	receive.buffer.bytes = 65536
	reconnect.backoff.max.ms = 1000
	reconnect.backoff.ms = 50
	request.timeout.ms = 5000
	retry.backoff.max.ms = 1000
	retry.backoff.ms = 100
	sasl.client.callback.handler.class = null
	sasl.jaas.config = null
	sasl.kerberos.kinit.cmd = /usr/bin/kinit
	sasl.kerberos.min.time.before.relogin = 60000
	sasl.kerberos.service.name = null
	sasl.kerberos.ticket.renew.jitter = 0.05
	sasl.kerberos.ticket.renew.window.factor = 0.8
	sasl.login.callback.handler.class = null
	sasl.login.class = null
	sasl.login.connect.timeout.ms = null
	sasl.login.read.timeout.ms = null
	sasl.login.refresh.buffer.seconds = 300
	sasl.login.refresh.min.period.seconds = 60
	sasl.login.refresh.window.factor = 0.8
	sasl.login.refresh.window.jitter = 0.05
	sasl.login.retry.backoff.max.ms = 10000
	sasl.login.retry.backoff.ms = 100
	sasl.mechanism = GSSAPI
	sasl.oauthbearer.clock.skew.seconds = 30
	sasl.oauthbearer.expected.audience = null
	sasl.oauthbearer.expected.issuer = null
	sasl.oauthbearer.header.urlencode = false
	sasl.oauthbearer.jwks.endpoint.refresh.ms = 3600000
	sasl.oauthbearer.jwks.endpoint.retry.backoff.max.ms = 10000
	sasl.oauthbearer.jwks.endpoint.retry.backoff.ms = 100
	sasl.oauthbearer.jwks.endpoint.url = null
	sasl.oauthbearer.scope.claim.name = scope
	sasl.oauthbearer.sub.claim.name = sub
	sasl.oauthbearer.token.endpoint.url = null
	security.protocol = PLAINTEXT
	security.providers = null
	send.buffer.bytes = 131072
	session.timeout.ms = 45000
	socket.connection.setup.timeout.max.ms = 30000
	socket.connection.setup.timeout.ms = 10000
	ssl.cipher.suites = null
	ssl.enabled.protocols = [TLSv1.2, TLSv1.3]
	ssl.endpoint.identification.algorithm = https
	ssl.engine.factory.class = null
	ssl.key.password = null
	ssl.keymanager.algorithm = SunX509
	ssl.keystore.certificate.chain = null
	ssl.keystore.key = null
	ssl.keystore.location = null
	ssl.keystore.password = null
	ssl.keystore.type = JKS
	ssl.protocol = TLSv1.3
	ssl.provider = null
	ssl.secure.random.implementation = null
	ssl.trustmanager.algorithm = PKIX
	ssl.truststore.certificates = null
	ssl.truststore.location = null
	ssl.truststore.password = null
	ssl.truststore.type = JKS
	value.deserializer = class io.apicurio.registry.serde.avro.AvroKafkaDeserializer

2025-08-07 20:27:30,682 INFO  [org.apa.kaf.com.tel.int.KafkaMetricsCollector] (main) initializing Kafka metrics collector
2025-08-07 20:27:30,692 INFO  [org.apa.kaf.cli.con.ConsumerConfig] (main) These configurations '[apicurio.registry.url]' were supplied but are not used yet.
2025-08-07 20:27:30,692 INFO  [org.apa.kaf.com.uti.AppInfoParser] (main) Kafka version: 3.9.1
2025-08-07 20:27:30,692 INFO  [org.apa.kaf.com.uti.AppInfoParser] (main) Kafka commitId: f745dfdcee2b9851
2025-08-07 20:27:30,692 INFO  [org.apa.kaf.com.uti.AppInfoParser] (main) Kafka startTimeMs: 1754598450692
2025-08-07 20:27:30,692 INFO  [org.apa.kaf.cli.con.int.ClassicKafkaConsumer] (Thread-682) [Consumer clientId=consumer-Consumer-topic-9ddbe17a_1769_44fd_a6df_3ba9c47c9ca2-11, groupId=Consumer-topic-9ddbe17a_1769_44fd_a6df_3ba9c47c9ca2] Subscribed to topic(s): topic-9ddbe17a_1769_44fd_a6df_3ba9c47c9ca2
2025-08-07 20:27:30,698 INFO  [org.apa.kaf.cli.Metadata] (Thread-682) [Consumer clientId=consumer-Consumer-topic-9ddbe17a_1769_44fd_a6df_3ba9c47c9ca2-11, groupId=Consumer-topic-9ddbe17a_1769_44fd_a6df_3ba9c47c9ca2] Cluster ID: hNYxEGJzT_KJiJb9MK3e4A
2025-08-07 20:27:30,701 INFO  [org.apa.kaf.cli.con.int.ConsumerCoordinator] (Thread-682) [Consumer clientId=consumer-Consumer-topic-9ddbe17a_1769_44fd_a6df_3ba9c47c9ca2-11, groupId=Consumer-topic-9ddbe17a_1769_44fd_a6df_3ba9c47c9ca2] Discovered group coordinator localhost:32769 (id: 2147483647 rack: null)
2025-08-07 20:27:30,704 INFO  [org.apa.kaf.cli.con.int.ConsumerCoordinator] (Thread-682) [Consumer clientId=consumer-Consumer-topic-9ddbe17a_1769_44fd_a6df_3ba9c47c9ca2-11, groupId=Consumer-topic-9ddbe17a_1769_44fd_a6df_3ba9c47c9ca2] (Re-)joining group
2025-08-07 20:27:30,708 INFO  [org.apa.kaf.cli.con.int.ConsumerCoordinator] (Thread-682) [Consumer clientId=consumer-Consumer-topic-9ddbe17a_1769_44fd_a6df_3ba9c47c9ca2-11, groupId=Consumer-topic-9ddbe17a_1769_44fd_a6df_3ba9c47c9ca2] Request joining group due to: need to re-join with the given member-id: consumer-Consumer-topic-9ddbe17a_1769_44fd_a6df_3ba9c47c9ca2-11-55e72e1e-678b-45b8-8f21-7fb55598e403
2025-08-07 20:27:30,708 INFO  [org.apa.kaf.cli.con.int.ConsumerCoordinator] (Thread-682) [Consumer clientId=consumer-Consumer-topic-9ddbe17a_1769_44fd_a6df_3ba9c47c9ca2-11, groupId=Consumer-topic-9ddbe17a_1769_44fd_a6df_3ba9c47c9ca2] (Re-)joining group
2025-08-07 20:27:31,692 INFO  [io.api.tes.ser.api.KafkaSerdesTester] (Thread-682) None found
2025-08-07 20:27:32,692 INFO  [io.api.tes.ser.api.KafkaSerdesTester] (Thread-682) None found
2025-08-07 20:27:33,692 INFO  [io.api.tes.ser.api.KafkaSerdesTester] (Thread-682) None found
2025-08-07 20:27:33,711 INFO  [org.apa.kaf.cli.con.int.ConsumerCoordinator] (Thread-682) [Consumer clientId=consumer-Consumer-topic-9ddbe17a_1769_44fd_a6df_3ba9c47c9ca2-11, groupId=Consumer-topic-9ddbe17a_1769_44fd_a6df_3ba9c47c9ca2] Successfully joined group with generation Generation{generationId=3, memberId='consumer-Consumer-topic-9ddbe17a_1769_44fd_a6df_3ba9c47c9ca2-11-55e72e1e-678b-45b8-8f21-7fb55598e403', protocol='range'}
2025-08-07 20:27:33,711 INFO  [org.apa.kaf.cli.con.int.ConsumerCoordinator] (Thread-682) [Consumer clientId=consumer-Consumer-topic-9ddbe17a_1769_44fd_a6df_3ba9c47c9ca2-11, groupId=Consumer-topic-9ddbe17a_1769_44fd_a6df_3ba9c47c9ca2] Finished assignment for group at generation 3: {consumer-Consumer-topic-9ddbe17a_1769_44fd_a6df_3ba9c47c9ca2-11-55e72e1e-678b-45b8-8f21-7fb55598e403=Assignment(partitions=[topic-9ddbe17a_1769_44fd_a6df_3ba9c47c9ca2-0])}
2025-08-07 20:27:33,718 INFO  [org.apa.kaf.cli.con.int.ConsumerCoordinator] (Thread-682) [Consumer clientId=consumer-Consumer-topic-9ddbe17a_1769_44fd_a6df_3ba9c47c9ca2-11, groupId=Consumer-topic-9ddbe17a_1769_44fd_a6df_3ba9c47c9ca2] Successfully synced group in generation Generation{generationId=3, memberId='consumer-Consumer-topic-9ddbe17a_1769_44fd_a6df_3ba9c47c9ca2-11-55e72e1e-678b-45b8-8f21-7fb55598e403', protocol='range'}
2025-08-07 20:27:33,718 INFO  [org.apa.kaf.cli.con.int.ConsumerCoordinator] (Thread-682) [Consumer clientId=consumer-Consumer-topic-9ddbe17a_1769_44fd_a6df_3ba9c47c9ca2-11, groupId=Consumer-topic-9ddbe17a_1769_44fd_a6df_3ba9c47c9ca2] Notifying assignor about the new Assignment(partitions=[topic-9ddbe17a_1769_44fd_a6df_3ba9c47c9ca2-0])
2025-08-07 20:27:33,718 INFO  [org.apa.kaf.cli.con.int.ConsumerRebalanceListenerInvoker] (Thread-682) [Consumer clientId=consumer-Consumer-topic-9ddbe17a_1769_44fd_a6df_3ba9c47c9ca2-11, groupId=Consumer-topic-9ddbe17a_1769_44fd_a6df_3ba9c47c9ca2] Adding newly assigned partitions: topic-9ddbe17a_1769_44fd_a6df_3ba9c47c9ca2-0
2025-08-07 20:27:33,719 INFO  [org.apa.kaf.cli.con.int.ConsumerUtils] (Thread-682) Setting offset for partition topic-9ddbe17a_1769_44fd_a6df_3ba9c47c9ca2-0 to the committed offset FetchPosition{offset=10, offsetEpoch=Optional[0], currentLeader=LeaderAndEpoch{leader=Optional[localhost:32769 (id: 0 rack: null)], epoch=0}}
2025-08-07 20:27:33,860 INFO  [io.api.tes.ser.api.KafkaSerdesTester] (Thread-682) topic-9ddbe17a_1769_44fd_a6df_3ba9c47c9ca2 0 10 {"key11754598444660": "value-0", "key21754598449433": "value-0"}
2025-08-07 20:27:33,860 INFO  [io.api.tes.ser.api.KafkaSerdesTester] (Thread-682) topic-9ddbe17a_1769_44fd_a6df_3ba9c47c9ca2 0 11 {"key11754598444660": "value-1", "key21754598449433": "value-1"}
2025-08-07 20:27:33,860 INFO  [io.api.tes.ser.api.KafkaSerdesTester] (Thread-682) topic-9ddbe17a_1769_44fd_a6df_3ba9c47c9ca2 0 12 {"key11754598444660": "value-2", "key21754598449433": "value-2"}
2025-08-07 20:27:33,860 INFO  [io.api.tes.ser.api.KafkaSerdesTester] (Thread-682) topic-9ddbe17a_1769_44fd_a6df_3ba9c47c9ca2 0 13 {"key11754598444660": "value-3", "key21754598449433": "value-3"}
2025-08-07 20:27:33,860 INFO  [io.api.tes.ser.api.KafkaSerdesTester] (Thread-682) topic-9ddbe17a_1769_44fd_a6df_3ba9c47c9ca2 0 14 {"key11754598444660": "value-4", "key21754598449433": "value-4"}
2025-08-07 20:27:33,860 INFO  [io.api.tes.ser.api.KafkaSerdesTester] (Thread-682) topic-9ddbe17a_1769_44fd_a6df_3ba9c47c9ca2 0 15 {"key11754598444660": "value-5", "key21754598449433": "value-5"}
2025-08-07 20:27:33,860 INFO  [io.api.tes.ser.api.KafkaSerdesTester] (Thread-682) topic-9ddbe17a_1769_44fd_a6df_3ba9c47c9ca2 0 16 {"key11754598444660": "value-6", "key21754598449433": "value-6"}
2025-08-07 20:27:33,860 INFO  [io.api.tes.ser.api.KafkaSerdesTester] (Thread-682) topic-9ddbe17a_1769_44fd_a6df_3ba9c47c9ca2 0 17 {"key11754598444660": "value-7", "key21754598449433": "value-7"}
2025-08-07 20:27:33,860 INFO  [io.api.tes.ser.api.KafkaSerdesTester] (Thread-682) topic-9ddbe17a_1769_44fd_a6df_3ba9c47c9ca2 0 18 {"key11754598444660": "value-8", "key21754598449433": "value-8"}
2025-08-07 20:27:33,861 INFO  [io.api.tes.ser.api.KafkaSerdesTester] (Thread-682) topic-9ddbe17a_1769_44fd_a6df_3ba9c47c9ca2 0 19 {"key11754598444660": "value-9", "key21754598449433": "value-9"}
2025-08-07 20:27:33,861 INFO  [io.api.tes.ser.api.KafkaSerdesTester] (Thread-682) topic-9ddbe17a_1769_44fd_a6df_3ba9c47c9ca2 0 20 {"key11754598444660": "value-0"}
2025-08-07 20:27:33,861 INFO  [io.api.tes.ser.api.KafkaSerdesTester] (Thread-682) topic-9ddbe17a_1769_44fd_a6df_3ba9c47c9ca2 0 21 {"key11754598444660": "value-1"}
2025-08-07 20:27:33,861 INFO  [io.api.tes.ser.api.KafkaSerdesTester] (Thread-682) topic-9ddbe17a_1769_44fd_a6df_3ba9c47c9ca2 0 22 {"key11754598444660": "value-2"}
2025-08-07 20:27:33,861 INFO  [io.api.tes.ser.api.KafkaSerdesTester] (Thread-682) topic-9ddbe17a_1769_44fd_a6df_3ba9c47c9ca2 0 23 {"key11754598444660": "value-3"}
2025-08-07 20:27:33,861 INFO  [io.api.tes.ser.api.KafkaSerdesTester] (Thread-682) topic-9ddbe17a_1769_44fd_a6df_3ba9c47c9ca2 0 24 {"key11754598444660": "value-4"}
2025-08-07 20:27:33,861 INFO  [io.api.tes.ser.api.KafkaSerdesTester] (Thread-682) topic-9ddbe17a_1769_44fd_a6df_3ba9c47c9ca2 0 25 {"key11754598444660": "value-5"}
2025-08-07 20:27:33,861 INFO  [io.api.tes.ser.api.KafkaSerdesTester] (Thread-682) topic-9ddbe17a_1769_44fd_a6df_3ba9c47c9ca2 0 26 {"key11754598444660": "value-6"}
2025-08-07 20:27:33,861 INFO  [io.api.tes.ser.api.KafkaSerdesTester] (Thread-682) topic-9ddbe17a_1769_44fd_a6df_3ba9c47c9ca2 0 27 {"key11754598444660": "value-7"}
2025-08-07 20:27:33,861 INFO  [io.api.tes.ser.api.KafkaSerdesTester] (Thread-682) topic-9ddbe17a_1769_44fd_a6df_3ba9c47c9ca2 0 28 {"key11754598444660": "value-8"}
2025-08-07 20:27:33,861 INFO  [io.api.tes.ser.api.KafkaSerdesTester] (Thread-682) topic-9ddbe17a_1769_44fd_a6df_3ba9c47c9ca2 0 29 {"key11754598444660": "value-9"}
2025-08-07 20:27:33,861 INFO  [io.api.tes.ser.api.KafkaSerdesTester] (Thread-682) Consumed 20 messages
2025-08-07 20:27:33,868 INFO  [org.apa.kaf.cli.con.int.ConsumerRebalanceListenerInvoker] (Thread-682) [Consumer clientId=consumer-Consumer-topic-9ddbe17a_1769_44fd_a6df_3ba9c47c9ca2-11, groupId=Consumer-topic-9ddbe17a_1769_44fd_a6df_3ba9c47c9ca2] Revoke previously assigned partitions topic-9ddbe17a_1769_44fd_a6df_3ba9c47c9ca2-0
2025-08-07 20:27:33,868 INFO  [org.apa.kaf.cli.con.int.ConsumerCoordinator] (Thread-682) [Consumer clientId=consumer-Consumer-topic-9ddbe17a_1769_44fd_a6df_3ba9c47c9ca2-11, groupId=Consumer-topic-9ddbe17a_1769_44fd_a6df_3ba9c47c9ca2] Member consumer-Consumer-topic-9ddbe17a_1769_44fd_a6df_3ba9c47c9ca2-11-55e72e1e-678b-45b8-8f21-7fb55598e403 sending LeaveGroup request to coordinator localhost:32769 (id: 2147483647 rack: null) due to the consumer is being closed
2025-08-07 20:27:33,868 INFO  [org.apa.kaf.cli.con.int.ConsumerCoordinator] (Thread-682) [Consumer clientId=consumer-Consumer-topic-9ddbe17a_1769_44fd_a6df_3ba9c47c9ca2-11, groupId=Consumer-topic-9ddbe17a_1769_44fd_a6df_3ba9c47c9ca2] Resetting generation and member id due to: consumer pro-actively leaving the group
2025-08-07 20:27:33,868 INFO  [org.apa.kaf.cli.con.int.ConsumerCoordinator] (Thread-682) [Consumer clientId=consumer-Consumer-topic-9ddbe17a_1769_44fd_a6df_3ba9c47c9ca2-11, groupId=Consumer-topic-9ddbe17a_1769_44fd_a6df_3ba9c47c9ca2] Request joining group due to: consumer pro-actively leaving the group
2025-08-07 20:27:34,364 INFO  [org.apa.kaf.com.met.Metrics] (Thread-682) Metrics scheduler closed
2025-08-07 20:27:34,364 INFO  [org.apa.kaf.com.met.Metrics] (Thread-682) Closing reporter org.apache.kafka.common.metrics.JmxReporter
2025-08-07 20:27:34,364 INFO  [org.apa.kaf.com.met.Metrics] (Thread-682) Closing reporter org.apache.kafka.common.telemetry.internals.ClientTelemetryReporter
2025-08-07 20:27:34,364 INFO  [org.apa.kaf.com.met.Metrics] (Thread-682) Metrics reporters closed
2025-08-07 20:27:34,367 INFO  [org.apa.kaf.com.uti.AppInfoParser] (Thread-682) App info kafka.consumer for consumer-Consumer-topic-9ddbe17a_1769_44fd_a6df_3ba9c47c9ca2-11 unregistered
2025-08-07 20:27:34,368 INFO  [io.api.tes.ser.api.AvroSerdeIT] (main) Registering Avro Schema 3: {"type":"record","name":"s0b83e2d3x3478x4795xa453x822e4165c534","namespace":"ns_371a1bdd_4e04_46ec_9d40_e1d95a8781b0","fields":[{"name":"key11754598444660","type":"string"},{"name":"key21754598449433","type":"string"},{"name":"key31754598454367","type":"string"}]}
**** Registry Base URL: http://registry-app-inmemory.apps.ci419.apicurio-testing.org:80
2025-08-07 20:27:35,455 INFO  [org.apa.kaf.cli.pro.ProducerConfig] (main) ProducerConfig values: 
	acks = -1
	auto.include.jmx.reporter = true
	batch.size = 16384
	bootstrap.servers = [PLAINTEXT://localhost:32769]
	buffer.memory = 33554432
	client.dns.lookup = use_all_dns_ips
	client.id = Producer-topic-9ddbe17a_1769_44fd_a6df_3ba9c47c9ca2
	compression.gzip.level = -1
	compression.lz4.level = 9
	compression.type = none
	compression.zstd.level = 3
	connections.max.idle.ms = 10000
	delivery.timeout.ms = 120000
	enable.idempotence = true
	enable.metrics.push = true
	interceptor.classes = []
	key.serializer = class org.apache.kafka.common.serialization.StringSerializer
	linger.ms = 0
	max.block.ms = 60000
	max.in.flight.requests.per.connection = 5
	max.request.size = 1048576
	metadata.max.age.ms = 300000
	metadata.max.idle.ms = 300000
	metadata.recovery.strategy = none
	metric.reporters = []
	metrics.num.samples = 2
	metrics.recording.level = INFO
	metrics.sample.window.ms = 30000
	partitioner.adaptive.partitioning.enable = true
	partitioner.availability.timeout.ms = 0
	partitioner.class = null
	partitioner.ignore.keys = false
	receive.buffer.bytes = 32768
	reconnect.backoff.max.ms = 1000
	reconnect.backoff.ms = 50
	request.timeout.ms = 5000
	retries = 2147483647
	retry.backoff.max.ms = 1000
	retry.backoff.ms = 100
	sasl.client.callback.handler.class = null
	sasl.jaas.config = null
	sasl.kerberos.kinit.cmd = /usr/bin/kinit
	sasl.kerberos.min.time.before.relogin = 60000
	sasl.kerberos.service.name = null
	sasl.kerberos.ticket.renew.jitter = 0.05
	sasl.kerberos.ticket.renew.window.factor = 0.8
	sasl.login.callback.handler.class = null
	sasl.login.class = null
	sasl.login.connect.timeout.ms = null
	sasl.login.read.timeout.ms = null
	sasl.login.refresh.buffer.seconds = 300
	sasl.login.refresh.min.period.seconds = 60
	sasl.login.refresh.window.factor = 0.8
	sasl.login.refresh.window.jitter = 0.05
	sasl.login.retry.backoff.max.ms = 10000
	sasl.login.retry.backoff.ms = 100
	sasl.mechanism = GSSAPI
	sasl.oauthbearer.clock.skew.seconds = 30
	sasl.oauthbearer.expected.audience = null
	sasl.oauthbearer.expected.issuer = null
	sasl.oauthbearer.header.urlencode = false
	sasl.oauthbearer.jwks.endpoint.refresh.ms = 3600000
	sasl.oauthbearer.jwks.endpoint.retry.backoff.max.ms = 10000
	sasl.oauthbearer.jwks.endpoint.retry.backoff.ms = 100
	sasl.oauthbearer.jwks.endpoint.url = null
	sasl.oauthbearer.scope.claim.name = scope
	sasl.oauthbearer.sub.claim.name = sub
	sasl.oauthbearer.token.endpoint.url = null
	security.protocol = PLAINTEXT
	security.providers = null
	send.buffer.bytes = 131072
	socket.connection.setup.timeout.max.ms = 30000
	socket.connection.setup.timeout.ms = 10000
	ssl.cipher.suites = null
	ssl.enabled.protocols = [TLSv1.2, TLSv1.3]
	ssl.endpoint.identification.algorithm = https
	ssl.engine.factory.class = null
	ssl.key.password = null
	ssl.keymanager.algorithm = SunX509
	ssl.keystore.certificate.chain = null
	ssl.keystore.key = null
	ssl.keystore.location = null
	ssl.keystore.password = null
	ssl.keystore.type = JKS
	ssl.protocol = TLSv1.3
	ssl.provider = null
	ssl.secure.random.implementation = null
	ssl.trustmanager.algorithm = PKIX
	ssl.truststore.certificates = null
	ssl.truststore.location = null
	ssl.truststore.password = null
	ssl.truststore.type = JKS
	transaction.timeout.ms = 60000
	transactional.id = null
	value.serializer = class io.apicurio.registry.serde.avro.AvroKafkaSerializer

2025-08-07 20:27:35,455 INFO  [org.apa.kaf.com.tel.int.KafkaMetricsCollector] (main) initializing Kafka metrics collector
2025-08-07 20:27:35,459 INFO  [org.apa.kaf.cli.pro.KafkaProducer] (main) [Producer clientId=Producer-topic-9ddbe17a_1769_44fd_a6df_3ba9c47c9ca2] Instantiated an idempotent producer.
2025-08-07 20:27:35,460 INFO  [org.apa.kaf.cli.pro.ProducerConfig] (main) These configurations '[apicurio.registry.url, apicurio.registry.artifact-resolver-strategy]' were supplied but are not used yet.
2025-08-07 20:27:35,461 INFO  [org.apa.kaf.com.uti.AppInfoParser] (main) Kafka version: 3.9.1
2025-08-07 20:27:35,461 INFO  [org.apa.kaf.com.uti.AppInfoParser] (main) Kafka commitId: f745dfdcee2b9851
2025-08-07 20:27:35,461 INFO  [org.apa.kaf.com.uti.AppInfoParser] (main) Kafka startTimeMs: 1754598455461
2025-08-07 20:27:35,461 INFO  [io.api.tes.ser.api.KafkaSerdesTester] (Thread-685) Sending message {"key11754598444660": "value-0", "key21754598449433": "value-0", "key31754598454367": "value-0"} to topic topic-9ddbe17a_1769_44fd_a6df_3ba9c47c9ca2
2025-08-07 20:27:35,464 INFO  [org.apa.kaf.cli.Metadata] (kafka-producer-network-thread | Producer-topic-9ddbe17a_1769_44fd_a6df_3ba9c47c9ca2) [Producer clientId=Producer-topic-9ddbe17a_1769_44fd_a6df_3ba9c47c9ca2] Cluster ID: hNYxEGJzT_KJiJb9MK3e4A
2025-08-07 20:27:35,464 INFO  [DefaultSchemaResolver] (Thread-685) Retrieving schema content using string: {"type":"record","name":"s0b83e2d3x3478x4795xa453x822e4165c534","namespace":"ns_371a1bdd_4e04_46ec_9d40_e1d95a8781b0","fields":[{"name":"key11754598444660","type":"string"},{"name":"key21754598449433","type":"string"},{"name":"key31754598454367","type":"string"}]}
2025-08-07 20:27:35,467 INFO  [org.apa.kaf.cli.pro.int.TransactionManager] (kafka-producer-network-thread | Producer-topic-9ddbe17a_1769_44fd_a6df_3ba9c47c9ca2) [Producer clientId=Producer-topic-9ddbe17a_1769_44fd_a6df_3ba9c47c9ca2] ProducerId set to 15 with epoch 0
2025-08-07 20:27:35,524 INFO  [io.api.tes.ser.api.KafkaSerdesTester] (Thread-685) Sending message {"key11754598444660": "value-1", "key21754598449433": "value-1", "key31754598454367": "value-1"} to topic topic-9ddbe17a_1769_44fd_a6df_3ba9c47c9ca2
2025-08-07 20:27:35,525 INFO  [io.api.tes.ser.api.KafkaSerdesTester] (Thread-685) Sending message {"key11754598444660": "value-2", "key21754598449433": "value-2", "key31754598454367": "value-2"} to topic topic-9ddbe17a_1769_44fd_a6df_3ba9c47c9ca2
2025-08-07 20:27:35,527 INFO  [io.api.tes.ser.api.KafkaSerdesTester] (Thread-685) Sending message {"key11754598444660": "value-3", "key21754598449433": "value-3", "key31754598454367": "value-3"} to topic topic-9ddbe17a_1769_44fd_a6df_3ba9c47c9ca2
2025-08-07 20:27:35,528 INFO  [io.api.tes.ser.api.KafkaSerdesTester] (Thread-685) Sending message {"key11754598444660": "value-4", "key21754598449433": "value-4", "key31754598454367": "value-4"} to topic topic-9ddbe17a_1769_44fd_a6df_3ba9c47c9ca2
2025-08-07 20:27:35,529 INFO  [io.api.tes.ser.api.KafkaSerdesTester] (Thread-685) Sending message {"key11754598444660": "value-5", "key21754598449433": "value-5", "key31754598454367": "value-5"} to topic topic-9ddbe17a_1769_44fd_a6df_3ba9c47c9ca2
2025-08-07 20:27:35,532 INFO  [io.api.tes.ser.api.KafkaSerdesTester] (Thread-685) Sending message {"key11754598444660": "value-6", "key21754598449433": "value-6", "key31754598454367": "value-6"} to topic topic-9ddbe17a_1769_44fd_a6df_3ba9c47c9ca2
2025-08-07 20:27:35,534 INFO  [io.api.tes.ser.api.KafkaSerdesTester] (Thread-685) Sending message {"key11754598444660": "value-7", "key21754598449433": "value-7", "key31754598454367": "value-7"} to topic topic-9ddbe17a_1769_44fd_a6df_3ba9c47c9ca2
2025-08-07 20:27:35,536 INFO  [io.api.tes.ser.api.KafkaSerdesTester] (Thread-685) Sending message {"key11754598444660": "value-8", "key21754598449433": "value-8", "key31754598454367": "value-8"} to topic topic-9ddbe17a_1769_44fd_a6df_3ba9c47c9ca2
2025-08-07 20:27:35,537 INFO  [io.api.tes.ser.api.KafkaSerdesTester] (Thread-685) Sending message {"key11754598444660": "value-9", "key21754598449433": "value-9", "key31754598454367": "value-9"} to topic topic-9ddbe17a_1769_44fd_a6df_3ba9c47c9ca2
2025-08-07 20:27:35,539 INFO  [io.api.tes.ser.api.KafkaSerdesTester] (Thread-685) Produced 10 messages
2025-08-07 20:27:35,539 INFO  [org.apa.kaf.cli.pro.KafkaProducer] (Thread-685) [Producer clientId=Producer-topic-9ddbe17a_1769_44fd_a6df_3ba9c47c9ca2] Closing the Kafka producer with timeoutMillis = 9223372036854775807 ms.
2025-08-07 20:27:35,542 INFO  [org.apa.kaf.com.met.Metrics] (Thread-685) Metrics scheduler closed
2025-08-07 20:27:35,542 INFO  [org.apa.kaf.com.met.Metrics] (Thread-685) Closing reporter org.apache.kafka.common.metrics.JmxReporter
2025-08-07 20:27:35,542 INFO  [org.apa.kaf.com.met.Metrics] (Thread-685) Closing reporter org.apache.kafka.common.telemetry.internals.ClientTelemetryReporter
2025-08-07 20:27:35,542 INFO  [org.apa.kaf.com.met.Metrics] (Thread-685) Metrics reporters closed
2025-08-07 20:27:35,542 INFO  [org.apa.kaf.com.uti.AppInfoParser] (Thread-685) App info kafka.producer for Producer-topic-9ddbe17a_1769_44fd_a6df_3ba9c47c9ca2 unregistered
**** Registry Base URL: http://registry-app-inmemory.apps.ci419.apicurio-testing.org:80
2025-08-07 20:27:35,543 INFO  [org.apa.kaf.cli.pro.ProducerConfig] (main) ProducerConfig values: 
	acks = -1
	auto.include.jmx.reporter = true
	batch.size = 16384
	bootstrap.servers = [PLAINTEXT://localhost:32769]
	buffer.memory = 33554432
	client.dns.lookup = use_all_dns_ips
	client.id = Producer-topic-9ddbe17a_1769_44fd_a6df_3ba9c47c9ca2
	compression.gzip.level = -1
	compression.lz4.level = 9
	compression.type = none
	compression.zstd.level = 3
	connections.max.idle.ms = 10000
	delivery.timeout.ms = 120000
	enable.idempotence = true
	enable.metrics.push = true
	interceptor.classes = []
	key.serializer = class org.apache.kafka.common.serialization.StringSerializer
	linger.ms = 0
	max.block.ms = 60000
	max.in.flight.requests.per.connection = 5
	max.request.size = 1048576
	metadata.max.age.ms = 300000
	metadata.max.idle.ms = 300000
	metadata.recovery.strategy = none
	metric.reporters = []
	metrics.num.samples = 2
	metrics.recording.level = INFO
	metrics.sample.window.ms = 30000
	partitioner.adaptive.partitioning.enable = true
	partitioner.availability.timeout.ms = 0
	partitioner.class = null
	partitioner.ignore.keys = false
	receive.buffer.bytes = 32768
	reconnect.backoff.max.ms = 1000
	reconnect.backoff.ms = 50
	request.timeout.ms = 5000
	retries = 2147483647
	retry.backoff.max.ms = 1000
	retry.backoff.ms = 100
	sasl.client.callback.handler.class = null
	sasl.jaas.config = null
	sasl.kerberos.kinit.cmd = /usr/bin/kinit
	sasl.kerberos.min.time.before.relogin = 60000
	sasl.kerberos.service.name = null
	sasl.kerberos.ticket.renew.jitter = 0.05
	sasl.kerberos.ticket.renew.window.factor = 0.8
	sasl.login.callback.handler.class = null
	sasl.login.class = null
	sasl.login.connect.timeout.ms = null
	sasl.login.read.timeout.ms = null
	sasl.login.refresh.buffer.seconds = 300
	sasl.login.refresh.min.period.seconds = 60
	sasl.login.refresh.window.factor = 0.8
	sasl.login.refresh.window.jitter = 0.05
	sasl.login.retry.backoff.max.ms = 10000
	sasl.login.retry.backoff.ms = 100
	sasl.mechanism = GSSAPI
	sasl.oauthbearer.clock.skew.seconds = 30
	sasl.oauthbearer.expected.audience = null
	sasl.oauthbearer.expected.issuer = null
	sasl.oauthbearer.header.urlencode = false
	sasl.oauthbearer.jwks.endpoint.refresh.ms = 3600000
	sasl.oauthbearer.jwks.endpoint.retry.backoff.max.ms = 10000
	sasl.oauthbearer.jwks.endpoint.retry.backoff.ms = 100
	sasl.oauthbearer.jwks.endpoint.url = null
	sasl.oauthbearer.scope.claim.name = scope
	sasl.oauthbearer.sub.claim.name = sub
	sasl.oauthbearer.token.endpoint.url = null
	security.protocol = PLAINTEXT
	security.providers = null
	send.buffer.bytes = 131072
	socket.connection.setup.timeout.max.ms = 30000
	socket.connection.setup.timeout.ms = 10000
	ssl.cipher.suites = null
	ssl.enabled.protocols = [TLSv1.2, TLSv1.3]
	ssl.endpoint.identification.algorithm = https
	ssl.engine.factory.class = null
	ssl.key.password = null
	ssl.keymanager.algorithm = SunX509
	ssl.keystore.certificate.chain = null
	ssl.keystore.key = null
	ssl.keystore.location = null
	ssl.keystore.password = null
	ssl.keystore.type = JKS
	ssl.protocol = TLSv1.3
	ssl.provider = null
	ssl.secure.random.implementation = null
	ssl.trustmanager.algorithm = PKIX
	ssl.truststore.certificates = null
	ssl.truststore.location = null
	ssl.truststore.password = null
	ssl.truststore.type = JKS
	transaction.timeout.ms = 60000
	transactional.id = null
	value.serializer = class io.apicurio.registry.serde.avro.AvroKafkaSerializer

2025-08-07 20:27:35,543 INFO  [org.apa.kaf.com.tel.int.KafkaMetricsCollector] (main) initializing Kafka metrics collector
2025-08-07 20:27:35,549 INFO  [org.apa.kaf.cli.pro.KafkaProducer] (main) [Producer clientId=Producer-topic-9ddbe17a_1769_44fd_a6df_3ba9c47c9ca2] Instantiated an idempotent producer.
2025-08-07 20:27:35,552 INFO  [org.apa.kaf.cli.pro.ProducerConfig] (main) These configurations '[apicurio.registry.url, apicurio.registry.artifact-resolver-strategy]' were supplied but are not used yet.
2025-08-07 20:27:35,552 INFO  [org.apa.kaf.com.uti.AppInfoParser] (main) Kafka version: 3.9.1
2025-08-07 20:27:35,552 INFO  [org.apa.kaf.com.uti.AppInfoParser] (main) Kafka commitId: f745dfdcee2b9851
2025-08-07 20:27:35,552 INFO  [org.apa.kaf.com.uti.AppInfoParser] (main) Kafka startTimeMs: 1754598455552
2025-08-07 20:27:35,554 INFO  [io.api.tes.ser.api.KafkaSerdesTester] (Thread-688) Sending message {"key11754598444660": "value-0", "key21754598449433": "value-0"} to topic topic-9ddbe17a_1769_44fd_a6df_3ba9c47c9ca2
2025-08-07 20:27:35,557 INFO  [org.apa.kaf.cli.Metadata] (kafka-producer-network-thread | Producer-topic-9ddbe17a_1769_44fd_a6df_3ba9c47c9ca2) [Producer clientId=Producer-topic-9ddbe17a_1769_44fd_a6df_3ba9c47c9ca2] Cluster ID: hNYxEGJzT_KJiJb9MK3e4A
2025-08-07 20:27:35,557 INFO  [org.apa.kaf.cli.pro.int.TransactionManager] (kafka-producer-network-thread | Producer-topic-9ddbe17a_1769_44fd_a6df_3ba9c47c9ca2) [Producer clientId=Producer-topic-9ddbe17a_1769_44fd_a6df_3ba9c47c9ca2] ProducerId set to 16 with epoch 0
2025-08-07 20:27:35,557 INFO  [DefaultSchemaResolver] (Thread-688) Retrieving schema content using string: {"type":"record","name":"s0b83e2d3x3478x4795xa453x822e4165c534","namespace":"ns_371a1bdd_4e04_46ec_9d40_e1d95a8781b0","fields":[{"name":"key11754598444660","type":"string"},{"name":"key21754598449433","type":"string"}]}
2025-08-07 20:27:35,635 INFO  [io.api.tes.ser.api.KafkaSerdesTester] (Thread-688) Sending message {"key11754598444660": "value-1", "key21754598449433": "value-1"} to topic topic-9ddbe17a_1769_44fd_a6df_3ba9c47c9ca2
2025-08-07 20:27:35,636 INFO  [io.api.tes.ser.api.KafkaSerdesTester] (Thread-688) Sending message {"key11754598444660": "value-2", "key21754598449433": "value-2"} to topic topic-9ddbe17a_1769_44fd_a6df_3ba9c47c9ca2
2025-08-07 20:27:35,638 INFO  [io.api.tes.ser.api.KafkaSerdesTester] (Thread-688) Sending message {"key11754598444660": "value-3", "key21754598449433": "value-3"} to topic topic-9ddbe17a_1769_44fd_a6df_3ba9c47c9ca2
2025-08-07 20:27:35,639 INFO  [io.api.tes.ser.api.KafkaSerdesTester] (Thread-688) Sending message {"key11754598444660": "value-4", "key21754598449433": "value-4"} to topic topic-9ddbe17a_1769_44fd_a6df_3ba9c47c9ca2
2025-08-07 20:27:35,640 INFO  [io.api.tes.ser.api.KafkaSerdesTester] (Thread-688) Sending message {"key11754598444660": "value-5", "key21754598449433": "value-5"} to topic topic-9ddbe17a_1769_44fd_a6df_3ba9c47c9ca2
2025-08-07 20:27:35,643 INFO  [io.api.tes.ser.api.KafkaSerdesTester] (Thread-688) Sending message {"key11754598444660": "value-6", "key21754598449433": "value-6"} to topic topic-9ddbe17a_1769_44fd_a6df_3ba9c47c9ca2
2025-08-07 20:27:35,645 INFO  [io.api.tes.ser.api.KafkaSerdesTester] (Thread-688) Sending message {"key11754598444660": "value-7", "key21754598449433": "value-7"} to topic topic-9ddbe17a_1769_44fd_a6df_3ba9c47c9ca2
2025-08-07 20:27:35,648 INFO  [io.api.tes.ser.api.KafkaSerdesTester] (Thread-688) Sending message {"key11754598444660": "value-8", "key21754598449433": "value-8"} to topic topic-9ddbe17a_1769_44fd_a6df_3ba9c47c9ca2
2025-08-07 20:27:35,649 INFO  [io.api.tes.ser.api.KafkaSerdesTester] (Thread-688) Sending message {"key11754598444660": "value-9", "key21754598449433": "value-9"} to topic topic-9ddbe17a_1769_44fd_a6df_3ba9c47c9ca2
2025-08-07 20:27:35,655 INFO  [io.api.tes.ser.api.KafkaSerdesTester] (Thread-688) Produced 10 messages
2025-08-07 20:27:35,656 INFO  [org.apa.kaf.cli.pro.KafkaProducer] (Thread-688) [Producer clientId=Producer-topic-9ddbe17a_1769_44fd_a6df_3ba9c47c9ca2] Closing the Kafka producer with timeoutMillis = 9223372036854775807 ms.
2025-08-07 20:27:35,659 INFO  [org.apa.kaf.com.met.Metrics] (Thread-688) Metrics scheduler closed
2025-08-07 20:27:35,659 INFO  [org.apa.kaf.com.met.Metrics] (Thread-688) Closing reporter org.apache.kafka.common.metrics.JmxReporter
2025-08-07 20:27:35,659 INFO  [org.apa.kaf.com.met.Metrics] (Thread-688) Closing reporter org.apache.kafka.common.telemetry.internals.ClientTelemetryReporter
2025-08-07 20:27:35,659 INFO  [org.apa.kaf.com.met.Metrics] (Thread-688) Metrics reporters closed
2025-08-07 20:27:35,659 INFO  [org.apa.kaf.com.uti.AppInfoParser] (Thread-688) App info kafka.producer for Producer-topic-9ddbe17a_1769_44fd_a6df_3ba9c47c9ca2 unregistered
**** Registry Base URL: http://registry-app-inmemory.apps.ci419.apicurio-testing.org:80
2025-08-07 20:27:35,659 INFO  [org.apa.kaf.cli.pro.ProducerConfig] (main) ProducerConfig values: 
	acks = -1
	auto.include.jmx.reporter = true
	batch.size = 16384
	bootstrap.servers = [PLAINTEXT://localhost:32769]
	buffer.memory = 33554432
	client.dns.lookup = use_all_dns_ips
	client.id = Producer-topic-9ddbe17a_1769_44fd_a6df_3ba9c47c9ca2
	compression.gzip.level = -1
	compression.lz4.level = 9
	compression.type = none
	compression.zstd.level = 3
	connections.max.idle.ms = 10000
	delivery.timeout.ms = 120000
	enable.idempotence = true
	enable.metrics.push = true
	interceptor.classes = []
	key.serializer = class org.apache.kafka.common.serialization.StringSerializer
	linger.ms = 0
	max.block.ms = 60000
	max.in.flight.requests.per.connection = 5
	max.request.size = 1048576
	metadata.max.age.ms = 300000
	metadata.max.idle.ms = 300000
	metadata.recovery.strategy = none
	metric.reporters = []
	metrics.num.samples = 2
	metrics.recording.level = INFO
	metrics.sample.window.ms = 30000
	partitioner.adaptive.partitioning.enable = true
	partitioner.availability.timeout.ms = 0
	partitioner.class = null
	partitioner.ignore.keys = false
	receive.buffer.bytes = 32768
	reconnect.backoff.max.ms = 1000
	reconnect.backoff.ms = 50
	request.timeout.ms = 5000
	retries = 2147483647
	retry.backoff.max.ms = 1000
	retry.backoff.ms = 100
	sasl.client.callback.handler.class = null
	sasl.jaas.config = null
	sasl.kerberos.kinit.cmd = /usr/bin/kinit
	sasl.kerberos.min.time.before.relogin = 60000
	sasl.kerberos.service.name = null
	sasl.kerberos.ticket.renew.jitter = 0.05
	sasl.kerberos.ticket.renew.window.factor = 0.8
	sasl.login.callback.handler.class = null
	sasl.login.class = null
	sasl.login.connect.timeout.ms = null
	sasl.login.read.timeout.ms = null
	sasl.login.refresh.buffer.seconds = 300
	sasl.login.refresh.min.period.seconds = 60
	sasl.login.refresh.window.factor = 0.8
	sasl.login.refresh.window.jitter = 0.05
	sasl.login.retry.backoff.max.ms = 10000
	sasl.login.retry.backoff.ms = 100
	sasl.mechanism = GSSAPI
	sasl.oauthbearer.clock.skew.seconds = 30
	sasl.oauthbearer.expected.audience = null
	sasl.oauthbearer.expected.issuer = null
	sasl.oauthbearer.header.urlencode = false
	sasl.oauthbearer.jwks.endpoint.refresh.ms = 3600000
	sasl.oauthbearer.jwks.endpoint.retry.backoff.max.ms = 10000
	sasl.oauthbearer.jwks.endpoint.retry.backoff.ms = 100
	sasl.oauthbearer.jwks.endpoint.url = null
	sasl.oauthbearer.scope.claim.name = scope
	sasl.oauthbearer.sub.claim.name = sub
	sasl.oauthbearer.token.endpoint.url = null
	security.protocol = PLAINTEXT
	security.providers = null
	send.buffer.bytes = 131072
	socket.connection.setup.timeout.max.ms = 30000
	socket.connection.setup.timeout.ms = 10000
	ssl.cipher.suites = null
	ssl.enabled.protocols = [TLSv1.2, TLSv1.3]
	ssl.endpoint.identification.algorithm = https
	ssl.engine.factory.class = null
	ssl.key.password = null
	ssl.keymanager.algorithm = SunX509
	ssl.keystore.certificate.chain = null
	ssl.keystore.key = null
	ssl.keystore.location = null
	ssl.keystore.password = null
	ssl.keystore.type = JKS
	ssl.protocol = TLSv1.3
	ssl.provider = null
	ssl.secure.random.implementation = null
	ssl.trustmanager.algorithm = PKIX
	ssl.truststore.certificates = null
	ssl.truststore.location = null
	ssl.truststore.password = null
	ssl.truststore.type = JKS
	transaction.timeout.ms = 60000
	transactional.id = null
	value.serializer = class io.apicurio.registry.serde.avro.AvroKafkaSerializer

2025-08-07 20:27:35,660 INFO  [org.apa.kaf.com.tel.int.KafkaMetricsCollector] (main) initializing Kafka metrics collector
2025-08-07 20:27:35,666 INFO  [org.apa.kaf.cli.pro.KafkaProducer] (main) [Producer clientId=Producer-topic-9ddbe17a_1769_44fd_a6df_3ba9c47c9ca2] Instantiated an idempotent producer.
2025-08-07 20:27:35,670 INFO  [org.apa.kaf.cli.pro.ProducerConfig] (main) These configurations '[apicurio.registry.url, apicurio.registry.artifact-resolver-strategy]' were supplied but are not used yet.
2025-08-07 20:27:35,670 INFO  [org.apa.kaf.com.uti.AppInfoParser] (main) Kafka version: 3.9.1
2025-08-07 20:27:35,670 INFO  [org.apa.kaf.com.uti.AppInfoParser] (main) Kafka commitId: f745dfdcee2b9851
2025-08-07 20:27:35,670 INFO  [org.apa.kaf.com.uti.AppInfoParser] (main) Kafka startTimeMs: 1754598455670
2025-08-07 20:27:35,672 INFO  [io.api.tes.ser.api.KafkaSerdesTester] (Thread-691) Sending message {"key11754598444660": "value-0"} to topic topic-9ddbe17a_1769_44fd_a6df_3ba9c47c9ca2
2025-08-07 20:27:35,674 INFO  [org.apa.kaf.cli.Metadata] (kafka-producer-network-thread | Producer-topic-9ddbe17a_1769_44fd_a6df_3ba9c47c9ca2) [Producer clientId=Producer-topic-9ddbe17a_1769_44fd_a6df_3ba9c47c9ca2] Cluster ID: hNYxEGJzT_KJiJb9MK3e4A
2025-08-07 20:27:35,675 INFO  [DefaultSchemaResolver] (Thread-691) Retrieving schema content using string: {"type":"record","name":"s0b83e2d3x3478x4795xa453x822e4165c534","namespace":"ns_371a1bdd_4e04_46ec_9d40_e1d95a8781b0","fields":[{"name":"key11754598444660","type":"string"}]}
2025-08-07 20:27:35,675 INFO  [org.apa.kaf.cli.pro.int.TransactionManager] (kafka-producer-network-thread | Producer-topic-9ddbe17a_1769_44fd_a6df_3ba9c47c9ca2) [Producer clientId=Producer-topic-9ddbe17a_1769_44fd_a6df_3ba9c47c9ca2] ProducerId set to 17 with epoch 0
2025-08-07 20:27:35,732 INFO  [io.api.tes.ser.api.KafkaSerdesTester] (Thread-691) Sending message {"key11754598444660": "value-1"} to topic topic-9ddbe17a_1769_44fd_a6df_3ba9c47c9ca2
2025-08-07 20:27:35,738 INFO  [io.api.tes.ser.api.KafkaSerdesTester] (Thread-691) Sending message {"key11754598444660": "value-2"} to topic topic-9ddbe17a_1769_44fd_a6df_3ba9c47c9ca2
2025-08-07 20:27:35,740 INFO  [io.api.tes.ser.api.KafkaSerdesTester] (Thread-691) Sending message {"key11754598444660": "value-3"} to topic topic-9ddbe17a_1769_44fd_a6df_3ba9c47c9ca2
2025-08-07 20:27:35,743 INFO  [io.api.tes.ser.api.KafkaSerdesTester] (Thread-691) Sending message {"key11754598444660": "value-4"} to topic topic-9ddbe17a_1769_44fd_a6df_3ba9c47c9ca2
2025-08-07 20:27:35,746 INFO  [io.api.tes.ser.api.KafkaSerdesTester] (Thread-691) Sending message {"key11754598444660": "value-5"} to topic topic-9ddbe17a_1769_44fd_a6df_3ba9c47c9ca2
2025-08-07 20:27:35,747 INFO  [io.api.tes.ser.api.KafkaSerdesTester] (Thread-691) Sending message {"key11754598444660": "value-6"} to topic topic-9ddbe17a_1769_44fd_a6df_3ba9c47c9ca2
2025-08-07 20:27:35,750 INFO  [io.api.tes.ser.api.KafkaSerdesTester] (Thread-691) Sending message {"key11754598444660": "value-7"} to topic topic-9ddbe17a_1769_44fd_a6df_3ba9c47c9ca2
2025-08-07 20:27:35,751 INFO  [io.api.tes.ser.api.KafkaSerdesTester] (Thread-691) Sending message {"key11754598444660": "value-8"} to topic topic-9ddbe17a_1769_44fd_a6df_3ba9c47c9ca2
2025-08-07 20:27:35,753 INFO  [io.api.tes.ser.api.KafkaSerdesTester] (Thread-691) Sending message {"key11754598444660": "value-9"} to topic topic-9ddbe17a_1769_44fd_a6df_3ba9c47c9ca2
2025-08-07 20:27:35,755 INFO  [io.api.tes.ser.api.KafkaSerdesTester] (Thread-691) Produced 10 messages
2025-08-07 20:27:35,755 INFO  [org.apa.kaf.cli.pro.KafkaProducer] (Thread-691) [Producer clientId=Producer-topic-9ddbe17a_1769_44fd_a6df_3ba9c47c9ca2] Closing the Kafka producer with timeoutMillis = 9223372036854775807 ms.
2025-08-07 20:27:35,757 INFO  [org.apa.kaf.com.met.Metrics] (Thread-691) Metrics scheduler closed
2025-08-07 20:27:35,757 INFO  [org.apa.kaf.com.met.Metrics] (Thread-691) Closing reporter org.apache.kafka.common.metrics.JmxReporter
2025-08-07 20:27:35,757 INFO  [org.apa.kaf.com.met.Metrics] (Thread-691) Closing reporter org.apache.kafka.common.telemetry.internals.ClientTelemetryReporter
2025-08-07 20:27:35,757 INFO  [org.apa.kaf.com.met.Metrics] (Thread-691) Metrics reporters closed
2025-08-07 20:27:35,757 INFO  [org.apa.kaf.com.uti.AppInfoParser] (Thread-691) App info kafka.producer for Producer-topic-9ddbe17a_1769_44fd_a6df_3ba9c47c9ca2 unregistered
**** Registry Base URL: http://registry-app-inmemory.apps.ci419.apicurio-testing.org:80
2025-08-07 20:27:35,758 INFO  [org.apa.kaf.cli.con.ConsumerConfig] (main) ConsumerConfig values: 
	allow.auto.create.topics = true
	auto.commit.interval.ms = 500
	auto.include.jmx.reporter = true
	auto.offset.reset = earliest
	bootstrap.servers = [PLAINTEXT://localhost:32769]
	check.crcs = true
	client.dns.lookup = use_all_dns_ips
	client.id = consumer-Consumer-topic-9ddbe17a_1769_44fd_a6df_3ba9c47c9ca2-12
	client.rack = 
	connections.max.idle.ms = 10000
	default.api.timeout.ms = 60000
	enable.auto.commit = true
	enable.metrics.push = true
	exclude.internal.topics = true
	fetch.max.bytes = 52428800
	fetch.max.wait.ms = 500
	fetch.min.bytes = 1
	group.id = Consumer-topic-9ddbe17a_1769_44fd_a6df_3ba9c47c9ca2
	group.instance.id = null
	group.protocol = classic
	group.remote.assignor = null
	heartbeat.interval.ms = 3000
	interceptor.classes = []
	internal.leave.group.on.close = true
	internal.throw.on.fetch.stable.offset.unsupported = false
	isolation.level = read_uncommitted
	key.deserializer = class org.apache.kafka.common.serialization.StringDeserializer
	max.partition.fetch.bytes = 1048576
	max.poll.interval.ms = 300000
	max.poll.records = 500
	metadata.max.age.ms = 300000
	metadata.recovery.strategy = none
	metric.reporters = []
	metrics.num.samples = 2
	metrics.recording.level = INFO
	metrics.sample.window.ms = 30000
	partition.assignment.strategy = [class org.apache.kafka.clients.consumer.RangeAssignor, class org.apache.kafka.clients.consumer.CooperativeStickyAssignor]
	receive.buffer.bytes = 65536
	reconnect.backoff.max.ms = 1000
	reconnect.backoff.ms = 50
	request.timeout.ms = 5000
	retry.backoff.max.ms = 1000
	retry.backoff.ms = 100
	sasl.client.callback.handler.class = null
	sasl.jaas.config = null
	sasl.kerberos.kinit.cmd = /usr/bin/kinit
	sasl.kerberos.min.time.before.relogin = 60000
	sasl.kerberos.service.name = null
	sasl.kerberos.ticket.renew.jitter = 0.05
	sasl.kerberos.ticket.renew.window.factor = 0.8
	sasl.login.callback.handler.class = null
	sasl.login.class = null
	sasl.login.connect.timeout.ms = null
	sasl.login.read.timeout.ms = null
	sasl.login.refresh.buffer.seconds = 300
	sasl.login.refresh.min.period.seconds = 60
	sasl.login.refresh.window.factor = 0.8
	sasl.login.refresh.window.jitter = 0.05
	sasl.login.retry.backoff.max.ms = 10000
	sasl.login.retry.backoff.ms = 100
	sasl.mechanism = GSSAPI
	sasl.oauthbearer.clock.skew.seconds = 30
	sasl.oauthbearer.expected.audience = null
	sasl.oauthbearer.expected.issuer = null
	sasl.oauthbearer.header.urlencode = false
	sasl.oauthbearer.jwks.endpoint.refresh.ms = 3600000
	sasl.oauthbearer.jwks.endpoint.retry.backoff.max.ms = 10000
	sasl.oauthbearer.jwks.endpoint.retry.backoff.ms = 100
	sasl.oauthbearer.jwks.endpoint.url = null
	sasl.oauthbearer.scope.claim.name = scope
	sasl.oauthbearer.sub.claim.name = sub
	sasl.oauthbearer.token.endpoint.url = null
	security.protocol = PLAINTEXT
	security.providers = null
	send.buffer.bytes = 131072
	session.timeout.ms = 45000
	socket.connection.setup.timeout.max.ms = 30000
	socket.connection.setup.timeout.ms = 10000
	ssl.cipher.suites = null
	ssl.enabled.protocols = [TLSv1.2, TLSv1.3]
	ssl.endpoint.identification.algorithm = https
	ssl.engine.factory.class = null
	ssl.key.password = null
	ssl.keymanager.algorithm = SunX509
	ssl.keystore.certificate.chain = null
	ssl.keystore.key = null
	ssl.keystore.location = null
	ssl.keystore.password = null
	ssl.keystore.type = JKS
	ssl.protocol = TLSv1.3
	ssl.provider = null
	ssl.secure.random.implementation = null
	ssl.trustmanager.algorithm = PKIX
	ssl.truststore.certificates = null
	ssl.truststore.location = null
	ssl.truststore.password = null
	ssl.truststore.type = JKS
	value.deserializer = class io.apicurio.registry.serde.avro.AvroKafkaDeserializer

2025-08-07 20:27:35,758 INFO  [org.apa.kaf.com.tel.int.KafkaMetricsCollector] (main) initializing Kafka metrics collector
2025-08-07 20:27:35,766 INFO  [org.apa.kaf.cli.con.ConsumerConfig] (main) These configurations '[apicurio.registry.url]' were supplied but are not used yet.
2025-08-07 20:27:35,766 INFO  [org.apa.kaf.com.uti.AppInfoParser] (main) Kafka version: 3.9.1
2025-08-07 20:27:35,767 INFO  [org.apa.kaf.com.uti.AppInfoParser] (main) Kafka commitId: f745dfdcee2b9851
2025-08-07 20:27:35,767 INFO  [org.apa.kaf.com.uti.AppInfoParser] (main) Kafka startTimeMs: 1754598455766
2025-08-07 20:27:35,768 INFO  [org.apa.kaf.cli.con.int.ClassicKafkaConsumer] (Thread-694) [Consumer clientId=consumer-Consumer-topic-9ddbe17a_1769_44fd_a6df_3ba9c47c9ca2-12, groupId=Consumer-topic-9ddbe17a_1769_44fd_a6df_3ba9c47c9ca2] Subscribed to topic(s): topic-9ddbe17a_1769_44fd_a6df_3ba9c47c9ca2
2025-08-07 20:27:35,772 INFO  [org.apa.kaf.cli.Metadata] (Thread-694) [Consumer clientId=consumer-Consumer-topic-9ddbe17a_1769_44fd_a6df_3ba9c47c9ca2-12, groupId=Consumer-topic-9ddbe17a_1769_44fd_a6df_3ba9c47c9ca2] Cluster ID: hNYxEGJzT_KJiJb9MK3e4A
2025-08-07 20:27:35,773 INFO  [org.apa.kaf.cli.con.int.ConsumerCoordinator] (Thread-694) [Consumer clientId=consumer-Consumer-topic-9ddbe17a_1769_44fd_a6df_3ba9c47c9ca2-12, groupId=Consumer-topic-9ddbe17a_1769_44fd_a6df_3ba9c47c9ca2] Discovered group coordinator localhost:32769 (id: 2147483647 rack: null)
2025-08-07 20:27:35,776 INFO  [org.apa.kaf.cli.con.int.ConsumerCoordinator] (Thread-694) [Consumer clientId=consumer-Consumer-topic-9ddbe17a_1769_44fd_a6df_3ba9c47c9ca2-12, groupId=Consumer-topic-9ddbe17a_1769_44fd_a6df_3ba9c47c9ca2] (Re-)joining group
2025-08-07 20:27:35,779 INFO  [org.apa.kaf.cli.con.int.ConsumerCoordinator] (Thread-694) [Consumer clientId=consumer-Consumer-topic-9ddbe17a_1769_44fd_a6df_3ba9c47c9ca2-12, groupId=Consumer-topic-9ddbe17a_1769_44fd_a6df_3ba9c47c9ca2] Request joining group due to: need to re-join with the given member-id: consumer-Consumer-topic-9ddbe17a_1769_44fd_a6df_3ba9c47c9ca2-12-f5ad4e56-6158-4905-b98d-67fb2feb2d70
2025-08-07 20:27:35,779 INFO  [org.apa.kaf.cli.con.int.ConsumerCoordinator] (Thread-694) [Consumer clientId=consumer-Consumer-topic-9ddbe17a_1769_44fd_a6df_3ba9c47c9ca2-12, groupId=Consumer-topic-9ddbe17a_1769_44fd_a6df_3ba9c47c9ca2] (Re-)joining group
2025-08-07 20:27:36,768 INFO  [io.api.tes.ser.api.KafkaSerdesTester] (Thread-694) None found
2025-08-07 20:27:37,768 INFO  [io.api.tes.ser.api.KafkaSerdesTester] (Thread-694) None found
2025-08-07 20:27:38,768 INFO  [io.api.tes.ser.api.KafkaSerdesTester] (Thread-694) None found
2025-08-07 20:27:38,785 INFO  [org.apa.kaf.cli.con.int.ConsumerCoordinator] (Thread-694) [Consumer clientId=consumer-Consumer-topic-9ddbe17a_1769_44fd_a6df_3ba9c47c9ca2-12, groupId=Consumer-topic-9ddbe17a_1769_44fd_a6df_3ba9c47c9ca2] Successfully joined group with generation Generation{generationId=5, memberId='consumer-Consumer-topic-9ddbe17a_1769_44fd_a6df_3ba9c47c9ca2-12-f5ad4e56-6158-4905-b98d-67fb2feb2d70', protocol='range'}
2025-08-07 20:27:38,786 INFO  [org.apa.kaf.cli.con.int.ConsumerCoordinator] (Thread-694) [Consumer clientId=consumer-Consumer-topic-9ddbe17a_1769_44fd_a6df_3ba9c47c9ca2-12, groupId=Consumer-topic-9ddbe17a_1769_44fd_a6df_3ba9c47c9ca2] Finished assignment for group at generation 5: {consumer-Consumer-topic-9ddbe17a_1769_44fd_a6df_3ba9c47c9ca2-12-f5ad4e56-6158-4905-b98d-67fb2feb2d70=Assignment(partitions=[topic-9ddbe17a_1769_44fd_a6df_3ba9c47c9ca2-0])}
2025-08-07 20:27:38,793 INFO  [org.apa.kaf.cli.con.int.ConsumerCoordinator] (Thread-694) [Consumer clientId=consumer-Consumer-topic-9ddbe17a_1769_44fd_a6df_3ba9c47c9ca2-12, groupId=Consumer-topic-9ddbe17a_1769_44fd_a6df_3ba9c47c9ca2] Successfully synced group in generation Generation{generationId=5, memberId='consumer-Consumer-topic-9ddbe17a_1769_44fd_a6df_3ba9c47c9ca2-12-f5ad4e56-6158-4905-b98d-67fb2feb2d70', protocol='range'}
2025-08-07 20:27:38,793 INFO  [org.apa.kaf.cli.con.int.ConsumerCoordinator] (Thread-694) [Consumer clientId=consumer-Consumer-topic-9ddbe17a_1769_44fd_a6df_3ba9c47c9ca2-12, groupId=Consumer-topic-9ddbe17a_1769_44fd_a6df_3ba9c47c9ca2] Notifying assignor about the new Assignment(partitions=[topic-9ddbe17a_1769_44fd_a6df_3ba9c47c9ca2-0])
2025-08-07 20:27:38,793 INFO  [org.apa.kaf.cli.con.int.ConsumerRebalanceListenerInvoker] (Thread-694) [Consumer clientId=consumer-Consumer-topic-9ddbe17a_1769_44fd_a6df_3ba9c47c9ca2-12, groupId=Consumer-topic-9ddbe17a_1769_44fd_a6df_3ba9c47c9ca2] Adding newly assigned partitions: topic-9ddbe17a_1769_44fd_a6df_3ba9c47c9ca2-0
2025-08-07 20:27:38,794 INFO  [org.apa.kaf.cli.con.int.ConsumerUtils] (Thread-694) Setting offset for partition topic-9ddbe17a_1769_44fd_a6df_3ba9c47c9ca2-0 to the committed offset FetchPosition{offset=30, offsetEpoch=Optional[0], currentLeader=LeaderAndEpoch{leader=Optional[localhost:32769 (id: 0 rack: null)], epoch=0}}
2025-08-07 20:27:38,974 INFO  [io.api.tes.ser.api.KafkaSerdesTester] (Thread-694) topic-9ddbe17a_1769_44fd_a6df_3ba9c47c9ca2 0 30 {"key11754598444660": "value-0", "key21754598449433": "value-0", "key31754598454367": "value-0"}
2025-08-07 20:27:38,974 INFO  [io.api.tes.ser.api.KafkaSerdesTester] (Thread-694) topic-9ddbe17a_1769_44fd_a6df_3ba9c47c9ca2 0 31 {"key11754598444660": "value-1", "key21754598449433": "value-1", "key31754598454367": "value-1"}
2025-08-07 20:27:38,975 INFO  [io.api.tes.ser.api.KafkaSerdesTester] (Thread-694) topic-9ddbe17a_1769_44fd_a6df_3ba9c47c9ca2 0 32 {"key11754598444660": "value-2", "key21754598449433": "value-2", "key31754598454367": "value-2"}
2025-08-07 20:27:38,975 INFO  [io.api.tes.ser.api.KafkaSerdesTester] (Thread-694) topic-9ddbe17a_1769_44fd_a6df_3ba9c47c9ca2 0 33 {"key11754598444660": "value-3", "key21754598449433": "value-3", "key31754598454367": "value-3"}
2025-08-07 20:27:38,975 INFO  [io.api.tes.ser.api.KafkaSerdesTester] (Thread-694) topic-9ddbe17a_1769_44fd_a6df_3ba9c47c9ca2 0 34 {"key11754598444660": "value-4", "key21754598449433": "value-4", "key31754598454367": "value-4"}
2025-08-07 20:27:38,975 INFO  [io.api.tes.ser.api.KafkaSerdesTester] (Thread-694) topic-9ddbe17a_1769_44fd_a6df_3ba9c47c9ca2 0 35 {"key11754598444660": "value-5", "key21754598449433": "value-5", "key31754598454367": "value-5"}
2025-08-07 20:27:38,975 INFO  [io.api.tes.ser.api.KafkaSerdesTester] (Thread-694) topic-9ddbe17a_1769_44fd_a6df_3ba9c47c9ca2 0 36 {"key11754598444660": "value-6", "key21754598449433": "value-6", "key31754598454367": "value-6"}
2025-08-07 20:27:38,975 INFO  [io.api.tes.ser.api.KafkaSerdesTester] (Thread-694) topic-9ddbe17a_1769_44fd_a6df_3ba9c47c9ca2 0 37 {"key11754598444660": "value-7", "key21754598449433": "value-7", "key31754598454367": "value-7"}
2025-08-07 20:27:38,975 INFO  [io.api.tes.ser.api.KafkaSerdesTester] (Thread-694) topic-9ddbe17a_1769_44fd_a6df_3ba9c47c9ca2 0 38 {"key11754598444660": "value-8", "key21754598449433": "value-8", "key31754598454367": "value-8"}
2025-08-07 20:27:38,975 INFO  [io.api.tes.ser.api.KafkaSerdesTester] (Thread-694) topic-9ddbe17a_1769_44fd_a6df_3ba9c47c9ca2 0 39 {"key11754598444660": "value-9", "key21754598449433": "value-9", "key31754598454367": "value-9"}
2025-08-07 20:27:38,975 INFO  [io.api.tes.ser.api.KafkaSerdesTester] (Thread-694) topic-9ddbe17a_1769_44fd_a6df_3ba9c47c9ca2 0 40 {"key11754598444660": "value-0", "key21754598449433": "value-0"}
2025-08-07 20:27:38,975 INFO  [io.api.tes.ser.api.KafkaSerdesTester] (Thread-694) topic-9ddbe17a_1769_44fd_a6df_3ba9c47c9ca2 0 41 {"key11754598444660": "value-1", "key21754598449433": "value-1"}
2025-08-07 20:27:38,975 INFO  [io.api.tes.ser.api.KafkaSerdesTester] (Thread-694) topic-9ddbe17a_1769_44fd_a6df_3ba9c47c9ca2 0 42 {"key11754598444660": "value-2", "key21754598449433": "value-2"}
2025-08-07 20:27:38,975 INFO  [io.api.tes.ser.api.KafkaSerdesTester] (Thread-694) topic-9ddbe17a_1769_44fd_a6df_3ba9c47c9ca2 0 43 {"key11754598444660": "value-3", "key21754598449433": "value-3"}
2025-08-07 20:27:38,975 INFO  [io.api.tes.ser.api.KafkaSerdesTester] (Thread-694) topic-9ddbe17a_1769_44fd_a6df_3ba9c47c9ca2 0 44 {"key11754598444660": "value-4", "key21754598449433": "value-4"}
2025-08-07 20:27:38,975 INFO  [io.api.tes.ser.api.KafkaSerdesTester] (Thread-694) topic-9ddbe17a_1769_44fd_a6df_3ba9c47c9ca2 0 45 {"key11754598444660": "value-5", "key21754598449433": "value-5"}
2025-08-07 20:27:38,975 INFO  [io.api.tes.ser.api.KafkaSerdesTester] (Thread-694) topic-9ddbe17a_1769_44fd_a6df_3ba9c47c9ca2 0 46 {"key11754598444660": "value-6", "key21754598449433": "value-6"}
2025-08-07 20:27:38,975 INFO  [io.api.tes.ser.api.KafkaSerdesTester] (Thread-694) topic-9ddbe17a_1769_44fd_a6df_3ba9c47c9ca2 0 47 {"key11754598444660": "value-7", "key21754598449433": "value-7"}
2025-08-07 20:27:38,975 INFO  [io.api.tes.ser.api.KafkaSerdesTester] (Thread-694) topic-9ddbe17a_1769_44fd_a6df_3ba9c47c9ca2 0 48 {"key11754598444660": "value-8", "key21754598449433": "value-8"}
2025-08-07 20:27:38,975 INFO  [io.api.tes.ser.api.KafkaSerdesTester] (Thread-694) topic-9ddbe17a_1769_44fd_a6df_3ba9c47c9ca2 0 49 {"key11754598444660": "value-9", "key21754598449433": "value-9"}
2025-08-07 20:27:38,975 INFO  [io.api.tes.ser.api.KafkaSerdesTester] (Thread-694) topic-9ddbe17a_1769_44fd_a6df_3ba9c47c9ca2 0 50 {"key11754598444660": "value-0"}
2025-08-07 20:27:38,975 INFO  [io.api.tes.ser.api.KafkaSerdesTester] (Thread-694) topic-9ddbe17a_1769_44fd_a6df_3ba9c47c9ca2 0 51 {"key11754598444660": "value-1"}
2025-08-07 20:27:38,975 INFO  [io.api.tes.ser.api.KafkaSerdesTester] (Thread-694) topic-9ddbe17a_1769_44fd_a6df_3ba9c47c9ca2 0 52 {"key11754598444660": "value-2"}
2025-08-07 20:27:38,975 INFO  [io.api.tes.ser.api.KafkaSerdesTester] (Thread-694) topic-9ddbe17a_1769_44fd_a6df_3ba9c47c9ca2 0 53 {"key11754598444660": "value-3"}
2025-08-07 20:27:38,976 INFO  [io.api.tes.ser.api.KafkaSerdesTester] (Thread-694) topic-9ddbe17a_1769_44fd_a6df_3ba9c47c9ca2 0 54 {"key11754598444660": "value-4"}
2025-08-07 20:27:38,976 INFO  [io.api.tes.ser.api.KafkaSerdesTester] (Thread-694) topic-9ddbe17a_1769_44fd_a6df_3ba9c47c9ca2 0 55 {"key11754598444660": "value-5"}
2025-08-07 20:27:38,976 INFO  [io.api.tes.ser.api.KafkaSerdesTester] (Thread-694) topic-9ddbe17a_1769_44fd_a6df_3ba9c47c9ca2 0 56 {"key11754598444660": "value-6"}
2025-08-07 20:27:38,976 INFO  [io.api.tes.ser.api.KafkaSerdesTester] (Thread-694) topic-9ddbe17a_1769_44fd_a6df_3ba9c47c9ca2 0 57 {"key11754598444660": "value-7"}
2025-08-07 20:27:38,976 INFO  [io.api.tes.ser.api.KafkaSerdesTester] (Thread-694) topic-9ddbe17a_1769_44fd_a6df_3ba9c47c9ca2 0 58 {"key11754598444660": "value-8"}
2025-08-07 20:27:38,976 INFO  [io.api.tes.ser.api.KafkaSerdesTester] (Thread-694) topic-9ddbe17a_1769_44fd_a6df_3ba9c47c9ca2 0 59 {"key11754598444660": "value-9"}
2025-08-07 20:27:38,976 INFO  [io.api.tes.ser.api.KafkaSerdesTester] (Thread-694) Consumed 30 messages
2025-08-07 20:27:38,983 INFO  [org.apa.kaf.cli.con.int.ConsumerRebalanceListenerInvoker] (Thread-694) [Consumer clientId=consumer-Consumer-topic-9ddbe17a_1769_44fd_a6df_3ba9c47c9ca2-12, groupId=Consumer-topic-9ddbe17a_1769_44fd_a6df_3ba9c47c9ca2] Revoke previously assigned partitions topic-9ddbe17a_1769_44fd_a6df_3ba9c47c9ca2-0
2025-08-07 20:27:38,984 INFO  [org.apa.kaf.cli.con.int.ConsumerCoordinator] (Thread-694) [Consumer clientId=consumer-Consumer-topic-9ddbe17a_1769_44fd_a6df_3ba9c47c9ca2-12, groupId=Consumer-topic-9ddbe17a_1769_44fd_a6df_3ba9c47c9ca2] Member consumer-Consumer-topic-9ddbe17a_1769_44fd_a6df_3ba9c47c9ca2-12-f5ad4e56-6158-4905-b98d-67fb2feb2d70 sending LeaveGroup request to coordinator localhost:32769 (id: 2147483647 rack: null) due to the consumer is being closed
2025-08-07 20:27:38,984 INFO  [org.apa.kaf.cli.con.int.ConsumerCoordinator] (Thread-694) [Consumer clientId=consumer-Consumer-topic-9ddbe17a_1769_44fd_a6df_3ba9c47c9ca2-12, groupId=Consumer-topic-9ddbe17a_1769_44fd_a6df_3ba9c47c9ca2] Resetting generation and member id due to: consumer pro-actively leaving the group
2025-08-07 20:27:38,984 INFO  [org.apa.kaf.cli.con.int.ConsumerCoordinator] (Thread-694) [Consumer clientId=consumer-Consumer-topic-9ddbe17a_1769_44fd_a6df_3ba9c47c9ca2-12, groupId=Consumer-topic-9ddbe17a_1769_44fd_a6df_3ba9c47c9ca2] Request joining group due to: consumer pro-actively leaving the group
2025-08-07 20:27:39,480 INFO  [org.apa.kaf.com.met.Metrics] (Thread-694) Metrics scheduler closed
2025-08-07 20:27:39,480 INFO  [org.apa.kaf.com.met.Metrics] (Thread-694) Closing reporter org.apache.kafka.common.metrics.JmxReporter
2025-08-07 20:27:39,480 INFO  [org.apa.kaf.com.met.Metrics] (Thread-694) Closing reporter org.apache.kafka.common.telemetry.internals.ClientTelemetryReporter
2025-08-07 20:27:39,480 INFO  [org.apa.kaf.com.met.Metrics] (Thread-694) Metrics reporters closed
2025-08-07 20:27:39,483 INFO  [org.apa.kaf.com.uti.AppInfoParser] (Thread-694) App info kafka.consumer for consumer-Consumer-topic-9ddbe17a_1769_44fd_a6df_3ba9c47c9ca2-12 unregistered
2025-08-07 20:27:39,485 INFO  [org.apa.kaf.cli.pro.KafkaProducer] (main) [Producer clientId=Producer-topic-9ddbe17a_1769_44fd_a6df_3ba9c47c9ca2] Closing the Kafka producer with timeoutMillis = 9223372036854775807 ms.
2025-08-07 20:27:39,485 INFO  [org.apa.kaf.com.met.Metrics] (main) Metrics scheduler closed
2025-08-07 20:27:39,485 INFO  [org.apa.kaf.com.met.Metrics] (main) Closing reporter org.apache.kafka.common.metrics.JmxReporter
2025-08-07 20:27:39,485 INFO  [org.apa.kaf.com.met.Metrics] (main) Closing reporter org.apache.kafka.common.telemetry.internals.ClientTelemetryReporter
2025-08-07 20:27:39,485 INFO  [org.apa.kaf.com.met.Metrics] (main) Metrics reporters closed
2025-08-07 20:27:39,485 INFO  [org.apa.kaf.com.uti.AppInfoParser] (main) App info kafka.producer for Producer-topic-9ddbe17a_1769_44fd_a6df_3ba9c47c9ca2 unregistered
2025-08-07 20:27:39,485 INFO  [io.api.tes.uti.TestSeparator] (main) io.apicurio.tests.serdes.apicurio.AvroSerdeIT.testEvolveAvroApicurio-FINISHED
2025-08-07 20:27:39,485 INFO  [io.api.tes.uti.TestSeparator] (main) ############################################################################
Test passed: testEvolveAvroApicurio
]]></system-out>
  </testcase>
  <testcase name="testTopicRecordIdStrategydFindLatest" classname="io.apicurio.tests.serdes.apicurio.AvroSerdeIT" time="4.842">
    <system-out><![CDATA[2025-08-07 20:27:39,490 INFO  [io.api.tes.uti.TestSeparator] (main) ############################################################################
2025-08-07 20:27:39,490 INFO  [io.api.tes.uti.TestSeparator] (main) io.apicurio.tests.serdes.apicurio.AvroSerdeIT.testTopicRecordIdStrategydFindLatest-STARTED
2025-08-07 20:27:39,491 INFO  [io.api.tes.ser.api.AvroSerdeIT] (main) Registering Avro Schema: {"type":"record","name":"s62417110xc8a3x4742x8347xff135e90435f","namespace":"s393ad6b9x09f2x4231xb9fax165150c3413d","fields":[{"name":"key11754598459491","type":"string"}]}
**** Registry Base URL: http://registry-app-inmemory.apps.ci419.apicurio-testing.org:80
2025-08-07 20:27:40,575 INFO  [org.apa.kaf.cli.pro.ProducerConfig] (main) ProducerConfig values: 
	acks = -1
	auto.include.jmx.reporter = true
	batch.size = 16384
	bootstrap.servers = [PLAINTEXT://localhost:32769]
	buffer.memory = 33554432
	client.dns.lookup = use_all_dns_ips
	client.id = Producer-topic-f27b9639_66b6_47bd_bb6d_3e38ff98e758
	compression.gzip.level = -1
	compression.lz4.level = 9
	compression.type = none
	compression.zstd.level = 3
	connections.max.idle.ms = 10000
	delivery.timeout.ms = 120000
	enable.idempotence = true
	enable.metrics.push = true
	interceptor.classes = []
	key.serializer = class org.apache.kafka.common.serialization.StringSerializer
	linger.ms = 0
	max.block.ms = 60000
	max.in.flight.requests.per.connection = 5
	max.request.size = 1048576
	metadata.max.age.ms = 300000
	metadata.max.idle.ms = 300000
	metadata.recovery.strategy = none
	metric.reporters = []
	metrics.num.samples = 2
	metrics.recording.level = INFO
	metrics.sample.window.ms = 30000
	partitioner.adaptive.partitioning.enable = true
	partitioner.availability.timeout.ms = 0
	partitioner.class = null
	partitioner.ignore.keys = false
	receive.buffer.bytes = 32768
	reconnect.backoff.max.ms = 1000
	reconnect.backoff.ms = 50
	request.timeout.ms = 5000
	retries = 2147483647
	retry.backoff.max.ms = 1000
	retry.backoff.ms = 100
	sasl.client.callback.handler.class = null
	sasl.jaas.config = null
	sasl.kerberos.kinit.cmd = /usr/bin/kinit
	sasl.kerberos.min.time.before.relogin = 60000
	sasl.kerberos.service.name = null
	sasl.kerberos.ticket.renew.jitter = 0.05
	sasl.kerberos.ticket.renew.window.factor = 0.8
	sasl.login.callback.handler.class = null
	sasl.login.class = null
	sasl.login.connect.timeout.ms = null
	sasl.login.read.timeout.ms = null
	sasl.login.refresh.buffer.seconds = 300
	sasl.login.refresh.min.period.seconds = 60
	sasl.login.refresh.window.factor = 0.8
	sasl.login.refresh.window.jitter = 0.05
	sasl.login.retry.backoff.max.ms = 10000
	sasl.login.retry.backoff.ms = 100
	sasl.mechanism = GSSAPI
	sasl.oauthbearer.clock.skew.seconds = 30
	sasl.oauthbearer.expected.audience = null
	sasl.oauthbearer.expected.issuer = null
	sasl.oauthbearer.header.urlencode = false
	sasl.oauthbearer.jwks.endpoint.refresh.ms = 3600000
	sasl.oauthbearer.jwks.endpoint.retry.backoff.max.ms = 10000
	sasl.oauthbearer.jwks.endpoint.retry.backoff.ms = 100
	sasl.oauthbearer.jwks.endpoint.url = null
	sasl.oauthbearer.scope.claim.name = scope
	sasl.oauthbearer.sub.claim.name = sub
	sasl.oauthbearer.token.endpoint.url = null
	security.protocol = PLAINTEXT
	security.providers = null
	send.buffer.bytes = 131072
	socket.connection.setup.timeout.max.ms = 30000
	socket.connection.setup.timeout.ms = 10000
	ssl.cipher.suites = null
	ssl.enabled.protocols = [TLSv1.2, TLSv1.3]
	ssl.endpoint.identification.algorithm = https
	ssl.engine.factory.class = null
	ssl.key.password = null
	ssl.keymanager.algorithm = SunX509
	ssl.keystore.certificate.chain = null
	ssl.keystore.key = null
	ssl.keystore.location = null
	ssl.keystore.password = null
	ssl.keystore.type = JKS
	ssl.protocol = TLSv1.3
	ssl.provider = null
	ssl.secure.random.implementation = null
	ssl.trustmanager.algorithm = PKIX
	ssl.truststore.certificates = null
	ssl.truststore.location = null
	ssl.truststore.password = null
	ssl.truststore.type = JKS
	transaction.timeout.ms = 60000
	transactional.id = null
	value.serializer = class io.apicurio.registry.serde.avro.AvroKafkaSerializer

2025-08-07 20:27:40,575 INFO  [org.apa.kaf.com.tel.int.KafkaMetricsCollector] (main) initializing Kafka metrics collector
2025-08-07 20:27:40,578 INFO  [org.apa.kaf.cli.pro.KafkaProducer] (main) [Producer clientId=Producer-topic-f27b9639_66b6_47bd_bb6d_3e38ff98e758] Instantiated an idempotent producer.
2025-08-07 20:27:40,580 INFO  [org.apa.kaf.cli.pro.ProducerConfig] (main) These configurations '[apicurio.registry.find-latest, apicurio.registry.url, apicurio.registry.artifact-resolver-strategy]' were supplied but are not used yet.
2025-08-07 20:27:40,581 INFO  [org.apa.kaf.com.uti.AppInfoParser] (main) Kafka version: 3.9.1
2025-08-07 20:27:40,581 INFO  [org.apa.kaf.com.uti.AppInfoParser] (main) Kafka commitId: f745dfdcee2b9851
2025-08-07 20:27:40,581 INFO  [org.apa.kaf.com.uti.AppInfoParser] (main) Kafka startTimeMs: 1754598460581
2025-08-07 20:27:40,582 INFO  [io.api.tes.ser.api.SimpleSerdesTesterBuilder$SimpleSerdesTester] (main) Using producer configuration: {apicurio.registry.find-latest=true, apicurio.registry.url=http://registry-app-inmemory.apps.ci419.apicurio-testing.org:80/apis/registry/v3, apicurio.registry.artifact-resolver-strategy=io.apicurio.registry.serde.avro.strategy.TopicRecordIdStrategy, value.serializer=io.apicurio.registry.serde.avro.AvroKafkaSerializer, request.timeout.ms=5000, acks=all, bootstrap.servers=PLAINTEXT://localhost:32769, connections.max.idle.ms=10000, key.serializer=org.apache.kafka.common.serialization.StringSerializer, client.id=Producer-topic-f27b9639_66b6_47bd_bb6d_3e38ff98e758}
2025-08-07 20:27:40,582 INFO  [io.api.tes.ser.api.SimpleSerdesTesterBuilder$SimpleSerdesTester] (main) Using consumer configuration: {}
2025-08-07 20:27:40,582 INFO  [io.api.tes.ser.api.KafkaSerdesTester] (Thread-697) Sending message {"key11754598459491": "value-0"} to topic topic-f27b9639_66b6_47bd_bb6d_3e38ff98e758
2025-08-07 20:27:40,584 INFO  [org.apa.kaf.cli.Metadata] (kafka-producer-network-thread | Producer-topic-f27b9639_66b6_47bd_bb6d_3e38ff98e758) [Producer clientId=Producer-topic-f27b9639_66b6_47bd_bb6d_3e38ff98e758] Cluster ID: hNYxEGJzT_KJiJb9MK3e4A
2025-08-07 20:27:40,587 INFO  [org.apa.kaf.cli.pro.int.TransactionManager] (kafka-producer-network-thread | Producer-topic-f27b9639_66b6_47bd_bb6d_3e38ff98e758) [Producer clientId=Producer-topic-f27b9639_66b6_47bd_bb6d_3e38ff98e758] ProducerId set to 18 with epoch 0
2025-08-07 20:27:40,693 INFO  [io.api.tes.ser.api.KafkaSerdesTester] (Thread-697) Sending message {"key11754598459491": "value-1"} to topic topic-f27b9639_66b6_47bd_bb6d_3e38ff98e758
2025-08-07 20:27:40,695 INFO  [io.api.tes.ser.api.KafkaSerdesTester] (Thread-697) Sending message {"key11754598459491": "value-2"} to topic topic-f27b9639_66b6_47bd_bb6d_3e38ff98e758
2025-08-07 20:27:40,699 INFO  [io.api.tes.ser.api.KafkaSerdesTester] (Thread-697) Sending message {"key11754598459491": "value-3"} to topic topic-f27b9639_66b6_47bd_bb6d_3e38ff98e758
2025-08-07 20:27:40,700 INFO  [io.api.tes.ser.api.KafkaSerdesTester] (Thread-697) Sending message {"key11754598459491": "value-4"} to topic topic-f27b9639_66b6_47bd_bb6d_3e38ff98e758
2025-08-07 20:27:40,703 INFO  [io.api.tes.ser.api.KafkaSerdesTester] (Thread-697) Sending message {"key11754598459491": "value-5"} to topic topic-f27b9639_66b6_47bd_bb6d_3e38ff98e758
2025-08-07 20:27:40,704 INFO  [io.api.tes.ser.api.KafkaSerdesTester] (Thread-697) Sending message {"key11754598459491": "value-6"} to topic topic-f27b9639_66b6_47bd_bb6d_3e38ff98e758
2025-08-07 20:27:40,707 INFO  [io.api.tes.ser.api.KafkaSerdesTester] (Thread-697) Sending message {"key11754598459491": "value-7"} to topic topic-f27b9639_66b6_47bd_bb6d_3e38ff98e758
2025-08-07 20:27:40,710 INFO  [io.api.tes.ser.api.KafkaSerdesTester] (Thread-697) Sending message {"key11754598459491": "value-8"} to topic topic-f27b9639_66b6_47bd_bb6d_3e38ff98e758
2025-08-07 20:27:40,711 INFO  [io.api.tes.ser.api.KafkaSerdesTester] (Thread-697) Sending message {"key11754598459491": "value-9"} to topic topic-f27b9639_66b6_47bd_bb6d_3e38ff98e758
2025-08-07 20:27:40,712 INFO  [io.api.tes.ser.api.KafkaSerdesTester] (Thread-697) Produced 10 messages
2025-08-07 20:27:40,713 INFO  [org.apa.kaf.cli.pro.KafkaProducer] (Thread-697) [Producer clientId=Producer-topic-f27b9639_66b6_47bd_bb6d_3e38ff98e758] Closing the Kafka producer with timeoutMillis = 9223372036854775807 ms.
2025-08-07 20:27:40,714 INFO  [org.apa.kaf.com.met.Metrics] (Thread-697) Metrics scheduler closed
2025-08-07 20:27:40,715 INFO  [org.apa.kaf.com.met.Metrics] (Thread-697) Closing reporter org.apache.kafka.common.metrics.JmxReporter
2025-08-07 20:27:40,715 INFO  [org.apa.kaf.com.met.Metrics] (Thread-697) Closing reporter org.apache.kafka.common.telemetry.internals.ClientTelemetryReporter
2025-08-07 20:27:40,715 INFO  [org.apa.kaf.com.met.Metrics] (Thread-697) Metrics reporters closed
2025-08-07 20:27:40,715 INFO  [org.apa.kaf.com.uti.AppInfoParser] (Thread-697) App info kafka.producer for Producer-topic-f27b9639_66b6_47bd_bb6d_3e38ff98e758 unregistered
**** Registry Base URL: http://registry-app-inmemory.apps.ci419.apicurio-testing.org:80
2025-08-07 20:27:40,716 INFO  [org.apa.kaf.cli.con.ConsumerConfig] (main) ConsumerConfig values: 
	allow.auto.create.topics = true
	auto.commit.interval.ms = 500
	auto.include.jmx.reporter = true
	auto.offset.reset = earliest
	bootstrap.servers = [PLAINTEXT://localhost:32769]
	check.crcs = true
	client.dns.lookup = use_all_dns_ips
	client.id = consumer-Consumer-topic-f27b9639_66b6_47bd_bb6d_3e38ff98e758-13
	client.rack = 
	connections.max.idle.ms = 10000
	default.api.timeout.ms = 60000
	enable.auto.commit = true
	enable.metrics.push = true
	exclude.internal.topics = true
	fetch.max.bytes = 52428800
	fetch.max.wait.ms = 500
	fetch.min.bytes = 1
	group.id = Consumer-topic-f27b9639_66b6_47bd_bb6d_3e38ff98e758
	group.instance.id = null
	group.protocol = classic
	group.remote.assignor = null
	heartbeat.interval.ms = 3000
	interceptor.classes = []
	internal.leave.group.on.close = true
	internal.throw.on.fetch.stable.offset.unsupported = false
	isolation.level = read_uncommitted
	key.deserializer = class org.apache.kafka.common.serialization.StringDeserializer
	max.partition.fetch.bytes = 1048576
	max.poll.interval.ms = 300000
	max.poll.records = 500
	metadata.max.age.ms = 300000
	metadata.recovery.strategy = none
	metric.reporters = []
	metrics.num.samples = 2
	metrics.recording.level = INFO
	metrics.sample.window.ms = 30000
	partition.assignment.strategy = [class org.apache.kafka.clients.consumer.RangeAssignor, class org.apache.kafka.clients.consumer.CooperativeStickyAssignor]
	receive.buffer.bytes = 65536
	reconnect.backoff.max.ms = 1000
	reconnect.backoff.ms = 50
	request.timeout.ms = 5000
	retry.backoff.max.ms = 1000
	retry.backoff.ms = 100
	sasl.client.callback.handler.class = null
	sasl.jaas.config = null
	sasl.kerberos.kinit.cmd = /usr/bin/kinit
	sasl.kerberos.min.time.before.relogin = 60000
	sasl.kerberos.service.name = null
	sasl.kerberos.ticket.renew.jitter = 0.05
	sasl.kerberos.ticket.renew.window.factor = 0.8
	sasl.login.callback.handler.class = null
	sasl.login.class = null
	sasl.login.connect.timeout.ms = null
	sasl.login.read.timeout.ms = null
	sasl.login.refresh.buffer.seconds = 300
	sasl.login.refresh.min.period.seconds = 60
	sasl.login.refresh.window.factor = 0.8
	sasl.login.refresh.window.jitter = 0.05
	sasl.login.retry.backoff.max.ms = 10000
	sasl.login.retry.backoff.ms = 100
	sasl.mechanism = GSSAPI
	sasl.oauthbearer.clock.skew.seconds = 30
	sasl.oauthbearer.expected.audience = null
	sasl.oauthbearer.expected.issuer = null
	sasl.oauthbearer.header.urlencode = false
	sasl.oauthbearer.jwks.endpoint.refresh.ms = 3600000
	sasl.oauthbearer.jwks.endpoint.retry.backoff.max.ms = 10000
	sasl.oauthbearer.jwks.endpoint.retry.backoff.ms = 100
	sasl.oauthbearer.jwks.endpoint.url = null
	sasl.oauthbearer.scope.claim.name = scope
	sasl.oauthbearer.sub.claim.name = sub
	sasl.oauthbearer.token.endpoint.url = null
	security.protocol = PLAINTEXT
	security.providers = null
	send.buffer.bytes = 131072
	session.timeout.ms = 45000
	socket.connection.setup.timeout.max.ms = 30000
	socket.connection.setup.timeout.ms = 10000
	ssl.cipher.suites = null
	ssl.enabled.protocols = [TLSv1.2, TLSv1.3]
	ssl.endpoint.identification.algorithm = https
	ssl.engine.factory.class = null
	ssl.key.password = null
	ssl.keymanager.algorithm = SunX509
	ssl.keystore.certificate.chain = null
	ssl.keystore.key = null
	ssl.keystore.location = null
	ssl.keystore.password = null
	ssl.keystore.type = JKS
	ssl.protocol = TLSv1.3
	ssl.provider = null
	ssl.secure.random.implementation = null
	ssl.trustmanager.algorithm = PKIX
	ssl.truststore.certificates = null
	ssl.truststore.location = null
	ssl.truststore.password = null
	ssl.truststore.type = JKS
	value.deserializer = class io.apicurio.registry.serde.avro.AvroKafkaDeserializer

2025-08-07 20:27:40,716 INFO  [org.apa.kaf.com.tel.int.KafkaMetricsCollector] (main) initializing Kafka metrics collector
2025-08-07 20:27:40,722 INFO  [org.apa.kaf.cli.con.ConsumerConfig] (main) These configurations '[apicurio.registry.url]' were supplied but are not used yet.
2025-08-07 20:27:40,722 INFO  [org.apa.kaf.com.uti.AppInfoParser] (main) Kafka version: 3.9.1
2025-08-07 20:27:40,722 INFO  [org.apa.kaf.com.uti.AppInfoParser] (main) Kafka commitId: f745dfdcee2b9851
2025-08-07 20:27:40,722 INFO  [org.apa.kaf.com.uti.AppInfoParser] (main) Kafka startTimeMs: 1754598460722
2025-08-07 20:27:40,722 INFO  [org.apa.kaf.cli.con.int.ClassicKafkaConsumer] (Thread-700) [Consumer clientId=consumer-Consumer-topic-f27b9639_66b6_47bd_bb6d_3e38ff98e758-13, groupId=Consumer-topic-f27b9639_66b6_47bd_bb6d_3e38ff98e758] Subscribed to topic(s): topic-f27b9639_66b6_47bd_bb6d_3e38ff98e758
2025-08-07 20:27:40,726 INFO  [org.apa.kaf.cli.Metadata] (Thread-700) [Consumer clientId=consumer-Consumer-topic-f27b9639_66b6_47bd_bb6d_3e38ff98e758-13, groupId=Consumer-topic-f27b9639_66b6_47bd_bb6d_3e38ff98e758] Cluster ID: hNYxEGJzT_KJiJb9MK3e4A
2025-08-07 20:27:40,727 INFO  [org.apa.kaf.cli.con.int.ConsumerCoordinator] (Thread-700) [Consumer clientId=consumer-Consumer-topic-f27b9639_66b6_47bd_bb6d_3e38ff98e758-13, groupId=Consumer-topic-f27b9639_66b6_47bd_bb6d_3e38ff98e758] Discovered group coordinator localhost:32769 (id: 2147483647 rack: null)
2025-08-07 20:27:40,728 INFO  [org.apa.kaf.cli.con.int.ConsumerCoordinator] (Thread-700) [Consumer clientId=consumer-Consumer-topic-f27b9639_66b6_47bd_bb6d_3e38ff98e758-13, groupId=Consumer-topic-f27b9639_66b6_47bd_bb6d_3e38ff98e758] (Re-)joining group
2025-08-07 20:27:40,730 INFO  [org.apa.kaf.cli.con.int.ConsumerCoordinator] (Thread-700) [Consumer clientId=consumer-Consumer-topic-f27b9639_66b6_47bd_bb6d_3e38ff98e758-13, groupId=Consumer-topic-f27b9639_66b6_47bd_bb6d_3e38ff98e758] Request joining group due to: need to re-join with the given member-id: consumer-Consumer-topic-f27b9639_66b6_47bd_bb6d_3e38ff98e758-13-796b954c-0f43-4ac1-8d7f-5fa129eec485
2025-08-07 20:27:40,730 INFO  [org.apa.kaf.cli.con.int.ConsumerCoordinator] (Thread-700) [Consumer clientId=consumer-Consumer-topic-f27b9639_66b6_47bd_bb6d_3e38ff98e758-13, groupId=Consumer-topic-f27b9639_66b6_47bd_bb6d_3e38ff98e758] (Re-)joining group
2025-08-07 20:27:41,722 INFO  [io.api.tes.ser.api.KafkaSerdesTester] (Thread-700) None found
2025-08-07 20:27:42,722 INFO  [io.api.tes.ser.api.KafkaSerdesTester] (Thread-700) None found
2025-08-07 20:27:43,722 INFO  [io.api.tes.ser.api.KafkaSerdesTester] (Thread-700) None found
2025-08-07 20:27:43,732 INFO  [org.apa.kaf.cli.con.int.ConsumerCoordinator] (Thread-700) [Consumer clientId=consumer-Consumer-topic-f27b9639_66b6_47bd_bb6d_3e38ff98e758-13, groupId=Consumer-topic-f27b9639_66b6_47bd_bb6d_3e38ff98e758] Successfully joined group with generation Generation{generationId=1, memberId='consumer-Consumer-topic-f27b9639_66b6_47bd_bb6d_3e38ff98e758-13-796b954c-0f43-4ac1-8d7f-5fa129eec485', protocol='range'}
2025-08-07 20:27:43,732 INFO  [org.apa.kaf.cli.con.int.ConsumerCoordinator] (Thread-700) [Consumer clientId=consumer-Consumer-topic-f27b9639_66b6_47bd_bb6d_3e38ff98e758-13, groupId=Consumer-topic-f27b9639_66b6_47bd_bb6d_3e38ff98e758] Finished assignment for group at generation 1: {consumer-Consumer-topic-f27b9639_66b6_47bd_bb6d_3e38ff98e758-13-796b954c-0f43-4ac1-8d7f-5fa129eec485=Assignment(partitions=[topic-f27b9639_66b6_47bd_bb6d_3e38ff98e758-0])}
2025-08-07 20:27:43,739 INFO  [org.apa.kaf.cli.con.int.ConsumerCoordinator] (Thread-700) [Consumer clientId=consumer-Consumer-topic-f27b9639_66b6_47bd_bb6d_3e38ff98e758-13, groupId=Consumer-topic-f27b9639_66b6_47bd_bb6d_3e38ff98e758] Successfully synced group in generation Generation{generationId=1, memberId='consumer-Consumer-topic-f27b9639_66b6_47bd_bb6d_3e38ff98e758-13-796b954c-0f43-4ac1-8d7f-5fa129eec485', protocol='range'}
2025-08-07 20:27:43,739 INFO  [org.apa.kaf.cli.con.int.ConsumerCoordinator] (Thread-700) [Consumer clientId=consumer-Consumer-topic-f27b9639_66b6_47bd_bb6d_3e38ff98e758-13, groupId=Consumer-topic-f27b9639_66b6_47bd_bb6d_3e38ff98e758] Notifying assignor about the new Assignment(partitions=[topic-f27b9639_66b6_47bd_bb6d_3e38ff98e758-0])
2025-08-07 20:27:43,739 INFO  [org.apa.kaf.cli.con.int.ConsumerRebalanceListenerInvoker] (Thread-700) [Consumer clientId=consumer-Consumer-topic-f27b9639_66b6_47bd_bb6d_3e38ff98e758-13, groupId=Consumer-topic-f27b9639_66b6_47bd_bb6d_3e38ff98e758] Adding newly assigned partitions: topic-f27b9639_66b6_47bd_bb6d_3e38ff98e758-0
2025-08-07 20:27:43,740 INFO  [org.apa.kaf.cli.con.int.ConsumerCoordinator] (Thread-700) [Consumer clientId=consumer-Consumer-topic-f27b9639_66b6_47bd_bb6d_3e38ff98e758-13, groupId=Consumer-topic-f27b9639_66b6_47bd_bb6d_3e38ff98e758] Found no committed offset for partition topic-f27b9639_66b6_47bd_bb6d_3e38ff98e758-0
2025-08-07 20:27:43,743 INFO  [org.apa.kaf.cli.con.int.SubscriptionState] (Thread-700) [Consumer clientId=consumer-Consumer-topic-f27b9639_66b6_47bd_bb6d_3e38ff98e758-13, groupId=Consumer-topic-f27b9639_66b6_47bd_bb6d_3e38ff98e758] Resetting offset for partition topic-f27b9639_66b6_47bd_bb6d_3e38ff98e758-0 to position FetchPosition{offset=0, offsetEpoch=Optional.empty, currentLeader=LeaderAndEpoch{leader=Optional[localhost:32769 (id: 0 rack: null)], epoch=0}}.
2025-08-07 20:27:43,823 INFO  [io.api.tes.ser.api.KafkaSerdesTester] (Thread-700) topic-f27b9639_66b6_47bd_bb6d_3e38ff98e758 0 0 {"key11754598459491": "value-0"}
2025-08-07 20:27:43,823 INFO  [io.api.tes.ser.api.KafkaSerdesTester] (Thread-700) topic-f27b9639_66b6_47bd_bb6d_3e38ff98e758 0 1 {"key11754598459491": "value-1"}
2025-08-07 20:27:43,823 INFO  [io.api.tes.ser.api.KafkaSerdesTester] (Thread-700) topic-f27b9639_66b6_47bd_bb6d_3e38ff98e758 0 2 {"key11754598459491": "value-2"}
2025-08-07 20:27:43,823 INFO  [io.api.tes.ser.api.KafkaSerdesTester] (Thread-700) topic-f27b9639_66b6_47bd_bb6d_3e38ff98e758 0 3 {"key11754598459491": "value-3"}
2025-08-07 20:27:43,823 INFO  [io.api.tes.ser.api.KafkaSerdesTester] (Thread-700) topic-f27b9639_66b6_47bd_bb6d_3e38ff98e758 0 4 {"key11754598459491": "value-4"}
2025-08-07 20:27:43,823 INFO  [io.api.tes.ser.api.KafkaSerdesTester] (Thread-700) topic-f27b9639_66b6_47bd_bb6d_3e38ff98e758 0 5 {"key11754598459491": "value-5"}
2025-08-07 20:27:43,823 INFO  [io.api.tes.ser.api.KafkaSerdesTester] (Thread-700) topic-f27b9639_66b6_47bd_bb6d_3e38ff98e758 0 6 {"key11754598459491": "value-6"}
2025-08-07 20:27:43,823 INFO  [io.api.tes.ser.api.KafkaSerdesTester] (Thread-700) topic-f27b9639_66b6_47bd_bb6d_3e38ff98e758 0 7 {"key11754598459491": "value-7"}
2025-08-07 20:27:43,823 INFO  [io.api.tes.ser.api.KafkaSerdesTester] (Thread-700) topic-f27b9639_66b6_47bd_bb6d_3e38ff98e758 0 8 {"key11754598459491": "value-8"}
2025-08-07 20:27:43,823 INFO  [io.api.tes.ser.api.KafkaSerdesTester] (Thread-700) topic-f27b9639_66b6_47bd_bb6d_3e38ff98e758 0 9 {"key11754598459491": "value-9"}
2025-08-07 20:27:43,823 INFO  [io.api.tes.ser.api.KafkaSerdesTester] (Thread-700) Consumed 10 messages
2025-08-07 20:27:43,830 INFO  [org.apa.kaf.cli.con.int.ConsumerRebalanceListenerInvoker] (Thread-700) [Consumer clientId=consumer-Consumer-topic-f27b9639_66b6_47bd_bb6d_3e38ff98e758-13, groupId=Consumer-topic-f27b9639_66b6_47bd_bb6d_3e38ff98e758] Revoke previously assigned partitions topic-f27b9639_66b6_47bd_bb6d_3e38ff98e758-0
2025-08-07 20:27:43,830 INFO  [org.apa.kaf.cli.con.int.ConsumerCoordinator] (Thread-700) [Consumer clientId=consumer-Consumer-topic-f27b9639_66b6_47bd_bb6d_3e38ff98e758-13, groupId=Consumer-topic-f27b9639_66b6_47bd_bb6d_3e38ff98e758] Member consumer-Consumer-topic-f27b9639_66b6_47bd_bb6d_3e38ff98e758-13-796b954c-0f43-4ac1-8d7f-5fa129eec485 sending LeaveGroup request to coordinator localhost:32769 (id: 2147483647 rack: null) due to the consumer is being closed
2025-08-07 20:27:43,831 INFO  [org.apa.kaf.cli.con.int.ConsumerCoordinator] (Thread-700) [Consumer clientId=consumer-Consumer-topic-f27b9639_66b6_47bd_bb6d_3e38ff98e758-13, groupId=Consumer-topic-f27b9639_66b6_47bd_bb6d_3e38ff98e758] Resetting generation and member id due to: consumer pro-actively leaving the group
2025-08-07 20:27:43,831 INFO  [org.apa.kaf.cli.con.int.ConsumerCoordinator] (Thread-700) [Consumer clientId=consumer-Consumer-topic-f27b9639_66b6_47bd_bb6d_3e38ff98e758-13, groupId=Consumer-topic-f27b9639_66b6_47bd_bb6d_3e38ff98e758] Request joining group due to: consumer pro-actively leaving the group
2025-08-07 20:27:44,325 INFO  [org.apa.kaf.com.met.Metrics] (Thread-700) Metrics scheduler closed
2025-08-07 20:27:44,325 INFO  [org.apa.kaf.com.met.Metrics] (Thread-700) Closing reporter org.apache.kafka.common.metrics.JmxReporter
2025-08-07 20:27:44,325 INFO  [org.apa.kaf.com.met.Metrics] (Thread-700) Closing reporter org.apache.kafka.common.telemetry.internals.ClientTelemetryReporter
2025-08-07 20:27:44,325 INFO  [org.apa.kaf.com.met.Metrics] (Thread-700) Metrics reporters closed
2025-08-07 20:27:44,327 INFO  [org.apa.kaf.com.uti.AppInfoParser] (Thread-700) App info kafka.consumer for consumer-Consumer-topic-f27b9639_66b6_47bd_bb6d_3e38ff98e758-13 unregistered
2025-08-07 20:27:44,327 INFO  [io.api.tes.uti.TestSeparator] (main) io.apicurio.tests.serdes.apicurio.AvroSerdeIT.testTopicRecordIdStrategydFindLatest-FINISHED
2025-08-07 20:27:44,327 INFO  [io.api.tes.uti.TestSeparator] (main) ############################################################################
Test passed: testTopicRecordIdStrategydFindLatest
]]></system-out>
  </testcase>
  <testcase name="testAvroConfluentForMultipleTopics" classname="io.apicurio.tests.serdes.apicurio.AvroSerdeIT" time="12.238">
    <system-out><![CDATA[2025-08-07 20:27:44,329 INFO  [io.api.tes.uti.TestSeparator] (main) ############################################################################
2025-08-07 20:27:44,329 INFO  [io.api.tes.uti.TestSeparator] (main) io.apicurio.tests.serdes.apicurio.AvroSerdeIT.testAvroConfluentForMultipleTopics-STARTED
2025-08-07 20:27:44,332 INFO  [io.api.tes.ser.api.AvroSerdeIT] (main) Registering Avro Schema: {"type":"record","name":"myrecordconfluent","fields":[{"name":"key11754598464329","type":"string"}]}
**** Registry Base URL: http://registry-app-inmemory.apps.ci419.apicurio-testing.org:80
2025-08-07 20:27:45,411 INFO  [org.apa.kaf.cli.pro.ProducerConfig] (main) ProducerConfig values: 
	acks = -1
	auto.include.jmx.reporter = true
	batch.size = 16384
	bootstrap.servers = [PLAINTEXT://localhost:32769]
	buffer.memory = 33554432
	client.dns.lookup = use_all_dns_ips
	client.id = Producer-topic-b5d299db_17d8_4ecc_9e43_25189d7d06bc
	compression.gzip.level = -1
	compression.lz4.level = 9
	compression.type = none
	compression.zstd.level = 3
	connections.max.idle.ms = 10000
	delivery.timeout.ms = 120000
	enable.idempotence = true
	enable.metrics.push = true
	interceptor.classes = []
	key.serializer = class org.apache.kafka.common.serialization.StringSerializer
	linger.ms = 0
	max.block.ms = 60000
	max.in.flight.requests.per.connection = 5
	max.request.size = 1048576
	metadata.max.age.ms = 300000
	metadata.max.idle.ms = 300000
	metadata.recovery.strategy = none
	metric.reporters = []
	metrics.num.samples = 2
	metrics.recording.level = INFO
	metrics.sample.window.ms = 30000
	partitioner.adaptive.partitioning.enable = true
	partitioner.availability.timeout.ms = 0
	partitioner.class = null
	partitioner.ignore.keys = false
	receive.buffer.bytes = 32768
	reconnect.backoff.max.ms = 1000
	reconnect.backoff.ms = 50
	request.timeout.ms = 5000
	retries = 2147483647
	retry.backoff.max.ms = 1000
	retry.backoff.ms = 100
	sasl.client.callback.handler.class = null
	sasl.jaas.config = null
	sasl.kerberos.kinit.cmd = /usr/bin/kinit
	sasl.kerberos.min.time.before.relogin = 60000
	sasl.kerberos.service.name = null
	sasl.kerberos.ticket.renew.jitter = 0.05
	sasl.kerberos.ticket.renew.window.factor = 0.8
	sasl.login.callback.handler.class = null
	sasl.login.class = null
	sasl.login.connect.timeout.ms = null
	sasl.login.read.timeout.ms = null
	sasl.login.refresh.buffer.seconds = 300
	sasl.login.refresh.min.period.seconds = 60
	sasl.login.refresh.window.factor = 0.8
	sasl.login.refresh.window.jitter = 0.05
	sasl.login.retry.backoff.max.ms = 10000
	sasl.login.retry.backoff.ms = 100
	sasl.mechanism = GSSAPI
	sasl.oauthbearer.clock.skew.seconds = 30
	sasl.oauthbearer.expected.audience = null
	sasl.oauthbearer.expected.issuer = null
	sasl.oauthbearer.header.urlencode = false
	sasl.oauthbearer.jwks.endpoint.refresh.ms = 3600000
	sasl.oauthbearer.jwks.endpoint.retry.backoff.max.ms = 10000
	sasl.oauthbearer.jwks.endpoint.retry.backoff.ms = 100
	sasl.oauthbearer.jwks.endpoint.url = null
	sasl.oauthbearer.scope.claim.name = scope
	sasl.oauthbearer.sub.claim.name = sub
	sasl.oauthbearer.token.endpoint.url = null
	security.protocol = PLAINTEXT
	security.providers = null
	send.buffer.bytes = 131072
	socket.connection.setup.timeout.max.ms = 30000
	socket.connection.setup.timeout.ms = 10000
	ssl.cipher.suites = null
	ssl.enabled.protocols = [TLSv1.2, TLSv1.3]
	ssl.endpoint.identification.algorithm = https
	ssl.engine.factory.class = null
	ssl.key.password = null
	ssl.keymanager.algorithm = SunX509
	ssl.keystore.certificate.chain = null
	ssl.keystore.key = null
	ssl.keystore.location = null
	ssl.keystore.password = null
	ssl.keystore.type = JKS
	ssl.protocol = TLSv1.3
	ssl.provider = null
	ssl.secure.random.implementation = null
	ssl.trustmanager.algorithm = PKIX
	ssl.truststore.certificates = null
	ssl.truststore.location = null
	ssl.truststore.password = null
	ssl.truststore.type = JKS
	transaction.timeout.ms = 60000
	transactional.id = null
	value.serializer = class io.apicurio.registry.serde.avro.AvroKafkaSerializer

2025-08-07 20:27:45,412 INFO  [org.apa.kaf.com.tel.int.KafkaMetricsCollector] (main) initializing Kafka metrics collector
2025-08-07 20:27:45,414 INFO  [org.apa.kaf.cli.pro.KafkaProducer] (main) [Producer clientId=Producer-topic-b5d299db_17d8_4ecc_9e43_25189d7d06bc] Instantiated an idempotent producer.
2025-08-07 20:27:45,416 INFO  [org.apa.kaf.cli.pro.ProducerConfig] (main) These configurations '[apicurio.registry.url, apicurio.registry.artifact-resolver-strategy]' were supplied but are not used yet.
2025-08-07 20:27:45,416 INFO  [org.apa.kaf.com.uti.AppInfoParser] (main) Kafka version: 3.9.1
2025-08-07 20:27:45,416 INFO  [org.apa.kaf.com.uti.AppInfoParser] (main) Kafka commitId: f745dfdcee2b9851
2025-08-07 20:27:45,416 INFO  [org.apa.kaf.com.uti.AppInfoParser] (main) Kafka startTimeMs: 1754598465416
**** Registry Base URL: http://registry-app-inmemory.apps.ci419.apicurio-testing.org:80
2025-08-07 20:27:45,417 INFO  [org.apa.kaf.cli.pro.ProducerConfig] (main) ProducerConfig values: 
	acks = -1
	auto.include.jmx.reporter = true
	batch.size = 16384
	bootstrap.servers = [PLAINTEXT://localhost:32769]
	buffer.memory = 33554432
	client.dns.lookup = use_all_dns_ips
	client.id = Producer-topic-a264790b_8187_4192_9448_9e4a05e2945d
	compression.gzip.level = -1
	compression.lz4.level = 9
	compression.type = none
	compression.zstd.level = 3
	connections.max.idle.ms = 10000
	delivery.timeout.ms = 120000
	enable.idempotence = true
	enable.metrics.push = true
	interceptor.classes = []
	key.serializer = class org.apache.kafka.common.serialization.StringSerializer
	linger.ms = 0
	max.block.ms = 60000
	max.in.flight.requests.per.connection = 5
	max.request.size = 1048576
	metadata.max.age.ms = 300000
	metadata.max.idle.ms = 300000
	metadata.recovery.strategy = none
	metric.reporters = []
	metrics.num.samples = 2
	metrics.recording.level = INFO
	metrics.sample.window.ms = 30000
	partitioner.adaptive.partitioning.enable = true
	partitioner.availability.timeout.ms = 0
	partitioner.class = null
	partitioner.ignore.keys = false
	receive.buffer.bytes = 32768
	reconnect.backoff.max.ms = 1000
	reconnect.backoff.ms = 50
	request.timeout.ms = 5000
	retries = 2147483647
	retry.backoff.max.ms = 1000
	retry.backoff.ms = 100
	sasl.client.callback.handler.class = null
	sasl.jaas.config = null
	sasl.kerberos.kinit.cmd = /usr/bin/kinit
	sasl.kerberos.min.time.before.relogin = 60000
	sasl.kerberos.service.name = null
	sasl.kerberos.ticket.renew.jitter = 0.05
	sasl.kerberos.ticket.renew.window.factor = 0.8
	sasl.login.callback.handler.class = null
	sasl.login.class = null
	sasl.login.connect.timeout.ms = null
	sasl.login.read.timeout.ms = null
	sasl.login.refresh.buffer.seconds = 300
	sasl.login.refresh.min.period.seconds = 60
	sasl.login.refresh.window.factor = 0.8
	sasl.login.refresh.window.jitter = 0.05
	sasl.login.retry.backoff.max.ms = 10000
	sasl.login.retry.backoff.ms = 100
	sasl.mechanism = GSSAPI
	sasl.oauthbearer.clock.skew.seconds = 30
	sasl.oauthbearer.expected.audience = null
	sasl.oauthbearer.expected.issuer = null
	sasl.oauthbearer.header.urlencode = false
	sasl.oauthbearer.jwks.endpoint.refresh.ms = 3600000
	sasl.oauthbearer.jwks.endpoint.retry.backoff.max.ms = 10000
	sasl.oauthbearer.jwks.endpoint.retry.backoff.ms = 100
	sasl.oauthbearer.jwks.endpoint.url = null
	sasl.oauthbearer.scope.claim.name = scope
	sasl.oauthbearer.sub.claim.name = sub
	sasl.oauthbearer.token.endpoint.url = null
	security.protocol = PLAINTEXT
	security.providers = null
	send.buffer.bytes = 131072
	socket.connection.setup.timeout.max.ms = 30000
	socket.connection.setup.timeout.ms = 10000
	ssl.cipher.suites = null
	ssl.enabled.protocols = [TLSv1.2, TLSv1.3]
	ssl.endpoint.identification.algorithm = https
	ssl.engine.factory.class = null
	ssl.key.password = null
	ssl.keymanager.algorithm = SunX509
	ssl.keystore.certificate.chain = null
	ssl.keystore.key = null
	ssl.keystore.location = null
	ssl.keystore.password = null
	ssl.keystore.type = JKS
	ssl.protocol = TLSv1.3
	ssl.provider = null
	ssl.secure.random.implementation = null
	ssl.trustmanager.algorithm = PKIX
	ssl.truststore.certificates = null
	ssl.truststore.location = null
	ssl.truststore.password = null
	ssl.truststore.type = JKS
	transaction.timeout.ms = 60000
	transactional.id = null
	value.serializer = class io.apicurio.registry.serde.avro.AvroKafkaSerializer

2025-08-07 20:27:45,417 INFO  [org.apa.kaf.com.tel.int.KafkaMetricsCollector] (main) initializing Kafka metrics collector
2025-08-07 20:27:45,423 INFO  [org.apa.kaf.cli.pro.KafkaProducer] (main) [Producer clientId=Producer-topic-a264790b_8187_4192_9448_9e4a05e2945d] Instantiated an idempotent producer.
2025-08-07 20:27:45,425 INFO  [org.apa.kaf.cli.Metadata] (kafka-producer-network-thread | Producer-topic-b5d299db_17d8_4ecc_9e43_25189d7d06bc) [Producer clientId=Producer-topic-b5d299db_17d8_4ecc_9e43_25189d7d06bc] Cluster ID: hNYxEGJzT_KJiJb9MK3e4A
2025-08-07 20:27:45,429 INFO  [org.apa.kaf.cli.pro.ProducerConfig] (main) These configurations '[apicurio.registry.url, apicurio.registry.artifact-resolver-strategy]' were supplied but are not used yet.
2025-08-07 20:27:45,429 INFO  [org.apa.kaf.com.uti.AppInfoParser] (main) Kafka version: 3.9.1
2025-08-07 20:27:45,429 INFO  [org.apa.kaf.com.uti.AppInfoParser] (main) Kafka commitId: f745dfdcee2b9851
2025-08-07 20:27:45,429 INFO  [org.apa.kaf.com.uti.AppInfoParser] (main) Kafka startTimeMs: 1754598465429
**** Registry Base URL: http://registry-app-inmemory.apps.ci419.apicurio-testing.org:80
2025-08-07 20:27:45,430 INFO  [org.apa.kaf.cli.pro.ProducerConfig] (main) ProducerConfig values: 
	acks = -1
	auto.include.jmx.reporter = true
	batch.size = 16384
	bootstrap.servers = [PLAINTEXT://localhost:32769]
	buffer.memory = 33554432
	client.dns.lookup = use_all_dns_ips
	client.id = Producer-topic-726387a7_76c8_43d7_85c2_2a1b09a342d6
	compression.gzip.level = -1
	compression.lz4.level = 9
	compression.type = none
	compression.zstd.level = 3
	connections.max.idle.ms = 10000
	delivery.timeout.ms = 120000
	enable.idempotence = true
	enable.metrics.push = true
	interceptor.classes = []
	key.serializer = class org.apache.kafka.common.serialization.StringSerializer
	linger.ms = 0
	max.block.ms = 60000
	max.in.flight.requests.per.connection = 5
	max.request.size = 1048576
	metadata.max.age.ms = 300000
	metadata.max.idle.ms = 300000
	metadata.recovery.strategy = none
	metric.reporters = []
	metrics.num.samples = 2
	metrics.recording.level = INFO
	metrics.sample.window.ms = 30000
	partitioner.adaptive.partitioning.enable = true
	partitioner.availability.timeout.ms = 0
	partitioner.class = null
	partitioner.ignore.keys = false
	receive.buffer.bytes = 32768
	reconnect.backoff.max.ms = 1000
	reconnect.backoff.ms = 50
	request.timeout.ms = 5000
	retries = 2147483647
	retry.backoff.max.ms = 1000
	retry.backoff.ms = 100
	sasl.client.callback.handler.class = null
	sasl.jaas.config = null
	sasl.kerberos.kinit.cmd = /usr/bin/kinit
	sasl.kerberos.min.time.before.relogin = 60000
	sasl.kerberos.service.name = null
	sasl.kerberos.ticket.renew.jitter = 0.05
	sasl.kerberos.ticket.renew.window.factor = 0.8
	sasl.login.callback.handler.class = null
	sasl.login.class = null
	sasl.login.connect.timeout.ms = null
	sasl.login.read.timeout.ms = null
	sasl.login.refresh.buffer.seconds = 300
	sasl.login.refresh.min.period.seconds = 60
	sasl.login.refresh.window.factor = 0.8
	sasl.login.refresh.window.jitter = 0.05
	sasl.login.retry.backoff.max.ms = 10000
	sasl.login.retry.backoff.ms = 100
	sasl.mechanism = GSSAPI
	sasl.oauthbearer.clock.skew.seconds = 30
	sasl.oauthbearer.expected.audience = null
	sasl.oauthbearer.expected.issuer = null
	sasl.oauthbearer.header.urlencode = false
	sasl.oauthbearer.jwks.endpoint.refresh.ms = 3600000
	sasl.oauthbearer.jwks.endpoint.retry.backoff.max.ms = 10000
	sasl.oauthbearer.jwks.endpoint.retry.backoff.ms = 100
	sasl.oauthbearer.jwks.endpoint.url = null
	sasl.oauthbearer.scope.claim.name = scope
	sasl.oauthbearer.sub.claim.name = sub
	sasl.oauthbearer.token.endpoint.url = null
	security.protocol = PLAINTEXT
	security.providers = null
	send.buffer.bytes = 131072
	socket.connection.setup.timeout.max.ms = 30000
	socket.connection.setup.timeout.ms = 10000
	ssl.cipher.suites = null
	ssl.enabled.protocols = [TLSv1.2, TLSv1.3]
	ssl.endpoint.identification.algorithm = https
	ssl.engine.factory.class = null
	ssl.key.password = null
	ssl.keymanager.algorithm = SunX509
	ssl.keystore.certificate.chain = null
	ssl.keystore.key = null
	ssl.keystore.location = null
	ssl.keystore.password = null
	ssl.keystore.type = JKS
	ssl.protocol = TLSv1.3
	ssl.provider = null
	ssl.secure.random.implementation = null
	ssl.trustmanager.algorithm = PKIX
	ssl.truststore.certificates = null
	ssl.truststore.location = null
	ssl.truststore.password = null
	ssl.truststore.type = JKS
	transaction.timeout.ms = 60000
	transactional.id = null
	value.serializer = class io.apicurio.registry.serde.avro.AvroKafkaSerializer

2025-08-07 20:27:45,430 INFO  [org.apa.kaf.com.tel.int.KafkaMetricsCollector] (main) initializing Kafka metrics collector
2025-08-07 20:27:45,430 INFO  [org.apa.kaf.cli.pro.int.TransactionManager] (kafka-producer-network-thread | Producer-topic-b5d299db_17d8_4ecc_9e43_25189d7d06bc) [Producer clientId=Producer-topic-b5d299db_17d8_4ecc_9e43_25189d7d06bc] ProducerId set to 19 with epoch 0
2025-08-07 20:27:45,435 INFO  [org.apa.kaf.cli.Metadata] (kafka-producer-network-thread | Producer-topic-a264790b_8187_4192_9448_9e4a05e2945d) [Producer clientId=Producer-topic-a264790b_8187_4192_9448_9e4a05e2945d] Cluster ID: hNYxEGJzT_KJiJb9MK3e4A
2025-08-07 20:27:45,437 INFO  [org.apa.kaf.cli.pro.int.TransactionManager] (kafka-producer-network-thread | Producer-topic-a264790b_8187_4192_9448_9e4a05e2945d) [Producer clientId=Producer-topic-a264790b_8187_4192_9448_9e4a05e2945d] ProducerId set to 20 with epoch 0
2025-08-07 20:27:45,444 INFO  [org.apa.kaf.cli.pro.KafkaProducer] (main) [Producer clientId=Producer-topic-726387a7_76c8_43d7_85c2_2a1b09a342d6] Instantiated an idempotent producer.
2025-08-07 20:27:45,447 INFO  [org.apa.kaf.cli.pro.ProducerConfig] (main) These configurations '[apicurio.registry.url, apicurio.registry.artifact-resolver-strategy]' were supplied but are not used yet.
2025-08-07 20:27:45,447 INFO  [org.apa.kaf.com.uti.AppInfoParser] (main) Kafka version: 3.9.1
2025-08-07 20:27:45,448 INFO  [org.apa.kaf.com.uti.AppInfoParser] (main) Kafka commitId: f745dfdcee2b9851
2025-08-07 20:27:45,448 INFO  [org.apa.kaf.com.uti.AppInfoParser] (main) Kafka startTimeMs: 1754598465447
**** Registry Base URL: http://registry-app-inmemory.apps.ci419.apicurio-testing.org:80
2025-08-07 20:27:45,448 INFO  [org.apa.kaf.cli.con.ConsumerConfig] (main) ConsumerConfig values: 
	allow.auto.create.topics = true
	auto.commit.interval.ms = 500
	auto.include.jmx.reporter = true
	auto.offset.reset = earliest
	bootstrap.servers = [PLAINTEXT://localhost:32769]
	check.crcs = true
	client.dns.lookup = use_all_dns_ips
	client.id = consumer-Consumer-topic-b5d299db_17d8_4ecc_9e43_25189d7d06bc-14
	client.rack = 
	connections.max.idle.ms = 10000
	default.api.timeout.ms = 60000
	enable.auto.commit = true
	enable.metrics.push = true
	exclude.internal.topics = true
	fetch.max.bytes = 52428800
	fetch.max.wait.ms = 500
	fetch.min.bytes = 1
	group.id = Consumer-topic-b5d299db_17d8_4ecc_9e43_25189d7d06bc
	group.instance.id = null
	group.protocol = classic
	group.remote.assignor = null
	heartbeat.interval.ms = 3000
	interceptor.classes = []
	internal.leave.group.on.close = true
	internal.throw.on.fetch.stable.offset.unsupported = false
	isolation.level = read_uncommitted
	key.deserializer = class org.apache.kafka.common.serialization.StringDeserializer
	max.partition.fetch.bytes = 1048576
	max.poll.interval.ms = 300000
	max.poll.records = 500
	metadata.max.age.ms = 300000
	metadata.recovery.strategy = none
	metric.reporters = []
	metrics.num.samples = 2
	metrics.recording.level = INFO
	metrics.sample.window.ms = 30000
	partition.assignment.strategy = [class org.apache.kafka.clients.consumer.RangeAssignor, class org.apache.kafka.clients.consumer.CooperativeStickyAssignor]
	receive.buffer.bytes = 65536
	reconnect.backoff.max.ms = 1000
	reconnect.backoff.ms = 50
	request.timeout.ms = 5000
	retry.backoff.max.ms = 1000
	retry.backoff.ms = 100
	sasl.client.callback.handler.class = null
	sasl.jaas.config = null
	sasl.kerberos.kinit.cmd = /usr/bin/kinit
	sasl.kerberos.min.time.before.relogin = 60000
	sasl.kerberos.service.name = null
	sasl.kerberos.ticket.renew.jitter = 0.05
	sasl.kerberos.ticket.renew.window.factor = 0.8
	sasl.login.callback.handler.class = null
	sasl.login.class = null
	sasl.login.connect.timeout.ms = null
	sasl.login.read.timeout.ms = null
	sasl.login.refresh.buffer.seconds = 300
	sasl.login.refresh.min.period.seconds = 60
	sasl.login.refresh.window.factor = 0.8
	sasl.login.refresh.window.jitter = 0.05
	sasl.login.retry.backoff.max.ms = 10000
	sasl.login.retry.backoff.ms = 100
	sasl.mechanism = GSSAPI
	sasl.oauthbearer.clock.skew.seconds = 30
	sasl.oauthbearer.expected.audience = null
	sasl.oauthbearer.expected.issuer = null
	sasl.oauthbearer.header.urlencode = false
	sasl.oauthbearer.jwks.endpoint.refresh.ms = 3600000
	sasl.oauthbearer.jwks.endpoint.retry.backoff.max.ms = 10000
	sasl.oauthbearer.jwks.endpoint.retry.backoff.ms = 100
	sasl.oauthbearer.jwks.endpoint.url = null
	sasl.oauthbearer.scope.claim.name = scope
	sasl.oauthbearer.sub.claim.name = sub
	sasl.oauthbearer.token.endpoint.url = null
	security.protocol = PLAINTEXT
	security.providers = null
	send.buffer.bytes = 131072
	session.timeout.ms = 45000
	socket.connection.setup.timeout.max.ms = 30000
	socket.connection.setup.timeout.ms = 10000
	ssl.cipher.suites = null
	ssl.enabled.protocols = [TLSv1.2, TLSv1.3]
	ssl.endpoint.identification.algorithm = https
	ssl.engine.factory.class = null
	ssl.key.password = null
	ssl.keymanager.algorithm = SunX509
	ssl.keystore.certificate.chain = null
	ssl.keystore.key = null
	ssl.keystore.location = null
	ssl.keystore.password = null
	ssl.keystore.type = JKS
	ssl.protocol = TLSv1.3
	ssl.provider = null
	ssl.secure.random.implementation = null
	ssl.trustmanager.algorithm = PKIX
	ssl.truststore.certificates = null
	ssl.truststore.location = null
	ssl.truststore.password = null
	ssl.truststore.type = JKS
	value.deserializer = class io.apicurio.registry.serde.avro.AvroKafkaDeserializer

2025-08-07 20:27:45,448 INFO  [org.apa.kaf.com.tel.int.KafkaMetricsCollector] (main) initializing Kafka metrics collector
2025-08-07 20:27:45,454 INFO  [org.apa.kaf.cli.con.ConsumerConfig] (main) These configurations '[apicurio.registry.url]' were supplied but are not used yet.
2025-08-07 20:27:45,454 INFO  [org.apa.kaf.com.uti.AppInfoParser] (main) Kafka version: 3.9.1
2025-08-07 20:27:45,454 INFO  [org.apa.kaf.com.uti.AppInfoParser] (main) Kafka commitId: f745dfdcee2b9851
2025-08-07 20:27:45,454 INFO  [org.apa.kaf.com.uti.AppInfoParser] (main) Kafka startTimeMs: 1754598465454
**** Registry Base URL: http://registry-app-inmemory.apps.ci419.apicurio-testing.org:80
2025-08-07 20:27:45,455 INFO  [org.apa.kaf.cli.con.ConsumerConfig] (main) ConsumerConfig values: 
	allow.auto.create.topics = true
	auto.commit.interval.ms = 500
	auto.include.jmx.reporter = true
	auto.offset.reset = earliest
	bootstrap.servers = [PLAINTEXT://localhost:32769]
	check.crcs = true
	client.dns.lookup = use_all_dns_ips
	client.id = consumer-Consumer-topic-a264790b_8187_4192_9448_9e4a05e2945d-15
	client.rack = 
	connections.max.idle.ms = 10000
	default.api.timeout.ms = 60000
	enable.auto.commit = true
	enable.metrics.push = true
	exclude.internal.topics = true
	fetch.max.bytes = 52428800
	fetch.max.wait.ms = 500
	fetch.min.bytes = 1
	group.id = Consumer-topic-a264790b_8187_4192_9448_9e4a05e2945d
	group.instance.id = null
	group.protocol = classic
	group.remote.assignor = null
	heartbeat.interval.ms = 3000
	interceptor.classes = []
	internal.leave.group.on.close = true
	internal.throw.on.fetch.stable.offset.unsupported = false
	isolation.level = read_uncommitted
	key.deserializer = class org.apache.kafka.common.serialization.StringDeserializer
	max.partition.fetch.bytes = 1048576
	max.poll.interval.ms = 300000
	max.poll.records = 500
	metadata.max.age.ms = 300000
	metadata.recovery.strategy = none
	metric.reporters = []
	metrics.num.samples = 2
	metrics.recording.level = INFO
	metrics.sample.window.ms = 30000
	partition.assignment.strategy = [class org.apache.kafka.clients.consumer.RangeAssignor, class org.apache.kafka.clients.consumer.CooperativeStickyAssignor]
	receive.buffer.bytes = 65536
	reconnect.backoff.max.ms = 1000
	reconnect.backoff.ms = 50
	request.timeout.ms = 5000
	retry.backoff.max.ms = 1000
	retry.backoff.ms = 100
	sasl.client.callback.handler.class = null
	sasl.jaas.config = null
	sasl.kerberos.kinit.cmd = /usr/bin/kinit
	sasl.kerberos.min.time.before.relogin = 60000
	sasl.kerberos.service.name = null
	sasl.kerberos.ticket.renew.jitter = 0.05
	sasl.kerberos.ticket.renew.window.factor = 0.8
	sasl.login.callback.handler.class = null
	sasl.login.class = null
	sasl.login.connect.timeout.ms = null
	sasl.login.read.timeout.ms = null
	sasl.login.refresh.buffer.seconds = 300
	sasl.login.refresh.min.period.seconds = 60
	sasl.login.refresh.window.factor = 0.8
	sasl.login.refresh.window.jitter = 0.05
	sasl.login.retry.backoff.max.ms = 10000
	sasl.login.retry.backoff.ms = 100
	sasl.mechanism = GSSAPI
	sasl.oauthbearer.clock.skew.seconds = 30
	sasl.oauthbearer.expected.audience = null
	sasl.oauthbearer.expected.issuer = null
	sasl.oauthbearer.header.urlencode = false
	sasl.oauthbearer.jwks.endpoint.refresh.ms = 3600000
	sasl.oauthbearer.jwks.endpoint.retry.backoff.max.ms = 10000
	sasl.oauthbearer.jwks.endpoint.retry.backoff.ms = 100
	sasl.oauthbearer.jwks.endpoint.url = null
	sasl.oauthbearer.scope.claim.name = scope
	sasl.oauthbearer.sub.claim.name = sub
	sasl.oauthbearer.token.endpoint.url = null
	security.protocol = PLAINTEXT
	security.providers = null
	send.buffer.bytes = 131072
	session.timeout.ms = 45000
	socket.connection.setup.timeout.max.ms = 30000
	socket.connection.setup.timeout.ms = 10000
	ssl.cipher.suites = null
	ssl.enabled.protocols = [TLSv1.2, TLSv1.3]
	ssl.endpoint.identification.algorithm = https
	ssl.engine.factory.class = null
	ssl.key.password = null
	ssl.keymanager.algorithm = SunX509
	ssl.keystore.certificate.chain = null
	ssl.keystore.key = null
	ssl.keystore.location = null
	ssl.keystore.password = null
	ssl.keystore.type = JKS
	ssl.protocol = TLSv1.3
	ssl.provider = null
	ssl.secure.random.implementation = null
	ssl.trustmanager.algorithm = PKIX
	ssl.truststore.certificates = null
	ssl.truststore.location = null
	ssl.truststore.password = null
	ssl.truststore.type = JKS
	value.deserializer = class io.apicurio.registry.serde.avro.AvroKafkaDeserializer

2025-08-07 20:27:45,455 INFO  [org.apa.kaf.com.tel.int.KafkaMetricsCollector] (main) initializing Kafka metrics collector
2025-08-07 20:27:45,458 INFO  [org.apa.kaf.cli.Metadata] (kafka-producer-network-thread | Producer-topic-726387a7_76c8_43d7_85c2_2a1b09a342d6) [Producer clientId=Producer-topic-726387a7_76c8_43d7_85c2_2a1b09a342d6] Cluster ID: hNYxEGJzT_KJiJb9MK3e4A
2025-08-07 20:27:45,468 INFO  [org.apa.kaf.cli.pro.int.TransactionManager] (kafka-producer-network-thread | Producer-topic-726387a7_76c8_43d7_85c2_2a1b09a342d6) [Producer clientId=Producer-topic-726387a7_76c8_43d7_85c2_2a1b09a342d6] ProducerId set to 21 with epoch 0
2025-08-07 20:27:45,468 INFO  [org.apa.kaf.cli.con.ConsumerConfig] (main) These configurations '[apicurio.registry.url]' were supplied but are not used yet.
2025-08-07 20:27:45,468 INFO  [org.apa.kaf.com.uti.AppInfoParser] (main) Kafka version: 3.9.1
2025-08-07 20:27:45,468 INFO  [org.apa.kaf.com.uti.AppInfoParser] (main) Kafka commitId: f745dfdcee2b9851
2025-08-07 20:27:45,468 INFO  [org.apa.kaf.com.uti.AppInfoParser] (main) Kafka startTimeMs: 1754598465468
**** Registry Base URL: http://registry-app-inmemory.apps.ci419.apicurio-testing.org:80
2025-08-07 20:27:45,469 INFO  [org.apa.kaf.cli.con.ConsumerConfig] (main) ConsumerConfig values: 
	allow.auto.create.topics = true
	auto.commit.interval.ms = 500
	auto.include.jmx.reporter = true
	auto.offset.reset = earliest
	bootstrap.servers = [PLAINTEXT://localhost:32769]
	check.crcs = true
	client.dns.lookup = use_all_dns_ips
	client.id = consumer-Consumer-topic-726387a7_76c8_43d7_85c2_2a1b09a342d6-16
	client.rack = 
	connections.max.idle.ms = 10000
	default.api.timeout.ms = 60000
	enable.auto.commit = true
	enable.metrics.push = true
	exclude.internal.topics = true
	fetch.max.bytes = 52428800
	fetch.max.wait.ms = 500
	fetch.min.bytes = 1
	group.id = Consumer-topic-726387a7_76c8_43d7_85c2_2a1b09a342d6
	group.instance.id = null
	group.protocol = classic
	group.remote.assignor = null
	heartbeat.interval.ms = 3000
	interceptor.classes = []
	internal.leave.group.on.close = true
	internal.throw.on.fetch.stable.offset.unsupported = false
	isolation.level = read_uncommitted
	key.deserializer = class org.apache.kafka.common.serialization.StringDeserializer
	max.partition.fetch.bytes = 1048576
	max.poll.interval.ms = 300000
	max.poll.records = 500
	metadata.max.age.ms = 300000
	metadata.recovery.strategy = none
	metric.reporters = []
	metrics.num.samples = 2
	metrics.recording.level = INFO
	metrics.sample.window.ms = 30000
	partition.assignment.strategy = [class org.apache.kafka.clients.consumer.RangeAssignor, class org.apache.kafka.clients.consumer.CooperativeStickyAssignor]
	receive.buffer.bytes = 65536
	reconnect.backoff.max.ms = 1000
	reconnect.backoff.ms = 50
	request.timeout.ms = 5000
	retry.backoff.max.ms = 1000
	retry.backoff.ms = 100
	sasl.client.callback.handler.class = null
	sasl.jaas.config = null
	sasl.kerberos.kinit.cmd = /usr/bin/kinit
	sasl.kerberos.min.time.before.relogin = 60000
	sasl.kerberos.service.name = null
	sasl.kerberos.ticket.renew.jitter = 0.05
	sasl.kerberos.ticket.renew.window.factor = 0.8
	sasl.login.callback.handler.class = null
	sasl.login.class = null
	sasl.login.connect.timeout.ms = null
	sasl.login.read.timeout.ms = null
	sasl.login.refresh.buffer.seconds = 300
	sasl.login.refresh.min.period.seconds = 60
	sasl.login.refresh.window.factor = 0.8
	sasl.login.refresh.window.jitter = 0.05
	sasl.login.retry.backoff.max.ms = 10000
	sasl.login.retry.backoff.ms = 100
	sasl.mechanism = GSSAPI
	sasl.oauthbearer.clock.skew.seconds = 30
	sasl.oauthbearer.expected.audience = null
	sasl.oauthbearer.expected.issuer = null
	sasl.oauthbearer.header.urlencode = false
	sasl.oauthbearer.jwks.endpoint.refresh.ms = 3600000
	sasl.oauthbearer.jwks.endpoint.retry.backoff.max.ms = 10000
	sasl.oauthbearer.jwks.endpoint.retry.backoff.ms = 100
	sasl.oauthbearer.jwks.endpoint.url = null
	sasl.oauthbearer.scope.claim.name = scope
	sasl.oauthbearer.sub.claim.name = sub
	sasl.oauthbearer.token.endpoint.url = null
	security.protocol = PLAINTEXT
	security.providers = null
	send.buffer.bytes = 131072
	session.timeout.ms = 45000
	socket.connection.setup.timeout.max.ms = 30000
	socket.connection.setup.timeout.ms = 10000
	ssl.cipher.suites = null
	ssl.enabled.protocols = [TLSv1.2, TLSv1.3]
	ssl.endpoint.identification.algorithm = https
	ssl.engine.factory.class = null
	ssl.key.password = null
	ssl.keymanager.algorithm = SunX509
	ssl.keystore.certificate.chain = null
	ssl.keystore.key = null
	ssl.keystore.location = null
	ssl.keystore.password = null
	ssl.keystore.type = JKS
	ssl.protocol = TLSv1.3
	ssl.provider = null
	ssl.secure.random.implementation = null
	ssl.trustmanager.algorithm = PKIX
	ssl.truststore.certificates = null
	ssl.truststore.location = null
	ssl.truststore.password = null
	ssl.truststore.type = JKS
	value.deserializer = class io.apicurio.registry.serde.avro.AvroKafkaDeserializer

2025-08-07 20:27:45,469 INFO  [org.apa.kaf.com.tel.int.KafkaMetricsCollector] (main) initializing Kafka metrics collector
2025-08-07 20:27:45,489 INFO  [org.apa.kaf.cli.con.ConsumerConfig] (main) These configurations '[apicurio.registry.url]' were supplied but are not used yet.
2025-08-07 20:27:45,489 INFO  [org.apa.kaf.com.uti.AppInfoParser] (main) Kafka version: 3.9.1
2025-08-07 20:27:45,489 INFO  [org.apa.kaf.com.uti.AppInfoParser] (main) Kafka commitId: f745dfdcee2b9851
2025-08-07 20:27:45,489 INFO  [org.apa.kaf.com.uti.AppInfoParser] (main) Kafka startTimeMs: 1754598465489
2025-08-07 20:27:45,492 INFO  [io.api.tes.ser.api.KafkaSerdesTester] (Thread-713) Sending message {"key11754598464329": "value-0"} to topic topic-b5d299db_17d8_4ecc_9e43_25189d7d06bc
2025-08-07 20:27:45,496 INFO  [DefaultSchemaResolver] (Thread-713) Retrieving schema content using string: {"type":"record","name":"myrecordconfluent","fields":[{"name":"key11754598464329","type":"string"}]}
2025-08-07 20:27:45,550 INFO  [io.api.tes.ser.api.KafkaSerdesTester] (Thread-713) Sending message {"key11754598464329": "value-1"} to topic topic-b5d299db_17d8_4ecc_9e43_25189d7d06bc
2025-08-07 20:27:45,551 INFO  [io.api.tes.ser.api.KafkaSerdesTester] (Thread-713) Sending message {"key11754598464329": "value-2"} to topic topic-b5d299db_17d8_4ecc_9e43_25189d7d06bc
2025-08-07 20:27:45,553 INFO  [io.api.tes.ser.api.KafkaSerdesTester] (Thread-713) Sending message {"key11754598464329": "value-3"} to topic topic-b5d299db_17d8_4ecc_9e43_25189d7d06bc
2025-08-07 20:27:45,554 INFO  [io.api.tes.ser.api.KafkaSerdesTester] (Thread-713) Sending message {"key11754598464329": "value-4"} to topic topic-b5d299db_17d8_4ecc_9e43_25189d7d06bc
2025-08-07 20:27:45,555 INFO  [io.api.tes.ser.api.KafkaSerdesTester] (Thread-713) Sending message {"key11754598464329": "value-5"} to topic topic-b5d299db_17d8_4ecc_9e43_25189d7d06bc
2025-08-07 20:27:45,556 INFO  [io.api.tes.ser.api.KafkaSerdesTester] (Thread-713) Sending message {"key11754598464329": "value-6"} to topic topic-b5d299db_17d8_4ecc_9e43_25189d7d06bc
2025-08-07 20:27:45,557 INFO  [io.api.tes.ser.api.KafkaSerdesTester] (Thread-713) Sending message {"key11754598464329": "value-7"} to topic topic-b5d299db_17d8_4ecc_9e43_25189d7d06bc
2025-08-07 20:27:45,558 INFO  [io.api.tes.ser.api.KafkaSerdesTester] (Thread-713) Sending message {"key11754598464329": "value-8"} to topic topic-b5d299db_17d8_4ecc_9e43_25189d7d06bc
2025-08-07 20:27:45,559 INFO  [io.api.tes.ser.api.KafkaSerdesTester] (Thread-713) Sending message {"key11754598464329": "value-9"} to topic topic-b5d299db_17d8_4ecc_9e43_25189d7d06bc
2025-08-07 20:27:45,560 INFO  [io.api.tes.ser.api.KafkaSerdesTester] (Thread-713) Produced 10 messages
2025-08-07 20:27:45,560 INFO  [org.apa.kaf.cli.pro.KafkaProducer] (Thread-713) [Producer clientId=Producer-topic-b5d299db_17d8_4ecc_9e43_25189d7d06bc] Closing the Kafka producer with timeoutMillis = 9223372036854775807 ms.
2025-08-07 20:27:45,562 INFO  [org.apa.kaf.com.met.Metrics] (Thread-713) Metrics scheduler closed
2025-08-07 20:27:45,562 INFO  [org.apa.kaf.com.met.Metrics] (Thread-713) Closing reporter org.apache.kafka.common.metrics.JmxReporter
2025-08-07 20:27:45,562 INFO  [org.apa.kaf.com.met.Metrics] (Thread-713) Closing reporter org.apache.kafka.common.telemetry.internals.ClientTelemetryReporter
2025-08-07 20:27:45,562 INFO  [org.apa.kaf.com.met.Metrics] (Thread-713) Metrics reporters closed
2025-08-07 20:27:45,562 INFO  [org.apa.kaf.com.uti.AppInfoParser] (Thread-713) App info kafka.producer for Producer-topic-b5d299db_17d8_4ecc_9e43_25189d7d06bc unregistered
2025-08-07 20:27:45,563 INFO  [io.api.tes.ser.api.KafkaSerdesTester] (Thread-714) Sending message {"key11754598464329": "value-0"} to topic topic-a264790b_8187_4192_9448_9e4a05e2945d
2025-08-07 20:27:45,567 INFO  [DefaultSchemaResolver] (Thread-714) Retrieving schema content using string: {"type":"record","name":"myrecordconfluent","fields":[{"name":"key11754598464329","type":"string"}]}
2025-08-07 20:27:45,620 INFO  [io.api.tes.ser.api.KafkaSerdesTester] (Thread-714) Sending message {"key11754598464329": "value-1"} to topic topic-a264790b_8187_4192_9448_9e4a05e2945d
2025-08-07 20:27:45,624 INFO  [io.api.tes.ser.api.KafkaSerdesTester] (Thread-714) Sending message {"key11754598464329": "value-2"} to topic topic-a264790b_8187_4192_9448_9e4a05e2945d
2025-08-07 20:27:45,626 INFO  [io.api.tes.ser.api.KafkaSerdesTester] (Thread-714) Sending message {"key11754598464329": "value-3"} to topic topic-a264790b_8187_4192_9448_9e4a05e2945d
2025-08-07 20:27:45,628 INFO  [io.api.tes.ser.api.KafkaSerdesTester] (Thread-714) Sending message {"key11754598464329": "value-4"} to topic topic-a264790b_8187_4192_9448_9e4a05e2945d
2025-08-07 20:27:45,631 INFO  [io.api.tes.ser.api.KafkaSerdesTester] (Thread-714) Sending message {"key11754598464329": "value-5"} to topic topic-a264790b_8187_4192_9448_9e4a05e2945d
2025-08-07 20:27:45,634 INFO  [io.api.tes.ser.api.KafkaSerdesTester] (Thread-714) Sending message {"key11754598464329": "value-6"} to topic topic-a264790b_8187_4192_9448_9e4a05e2945d
2025-08-07 20:27:45,635 INFO  [io.api.tes.ser.api.KafkaSerdesTester] (Thread-714) Sending message {"key11754598464329": "value-7"} to topic topic-a264790b_8187_4192_9448_9e4a05e2945d
2025-08-07 20:27:45,638 INFO  [io.api.tes.ser.api.KafkaSerdesTester] (Thread-714) Sending message {"key11754598464329": "value-8"} to topic topic-a264790b_8187_4192_9448_9e4a05e2945d
2025-08-07 20:27:45,639 INFO  [io.api.tes.ser.api.KafkaSerdesTester] (Thread-714) Sending message {"key11754598464329": "value-9"} to topic topic-a264790b_8187_4192_9448_9e4a05e2945d
2025-08-07 20:27:45,642 INFO  [io.api.tes.ser.api.KafkaSerdesTester] (Thread-714) Produced 10 messages
2025-08-07 20:27:45,642 INFO  [org.apa.kaf.cli.pro.KafkaProducer] (Thread-714) [Producer clientId=Producer-topic-a264790b_8187_4192_9448_9e4a05e2945d] Closing the Kafka producer with timeoutMillis = 9223372036854775807 ms.
2025-08-07 20:27:45,645 INFO  [org.apa.kaf.com.met.Metrics] (Thread-714) Metrics scheduler closed
2025-08-07 20:27:45,645 INFO  [org.apa.kaf.com.met.Metrics] (Thread-714) Closing reporter org.apache.kafka.common.metrics.JmxReporter
2025-08-07 20:27:45,645 INFO  [org.apa.kaf.com.met.Metrics] (Thread-714) Closing reporter org.apache.kafka.common.telemetry.internals.ClientTelemetryReporter
2025-08-07 20:27:45,645 INFO  [org.apa.kaf.com.met.Metrics] (Thread-714) Metrics reporters closed
2025-08-07 20:27:45,645 INFO  [org.apa.kaf.com.uti.AppInfoParser] (Thread-714) App info kafka.producer for Producer-topic-a264790b_8187_4192_9448_9e4a05e2945d unregistered
2025-08-07 20:27:45,647 INFO  [io.api.tes.ser.api.KafkaSerdesTester] (Thread-715) Sending message {"key11754598464329": "value-0"} to topic topic-726387a7_76c8_43d7_85c2_2a1b09a342d6
2025-08-07 20:27:45,649 INFO  [DefaultSchemaResolver] (Thread-715) Retrieving schema content using string: {"type":"record","name":"myrecordconfluent","fields":[{"name":"key11754598464329","type":"string"}]}
2025-08-07 20:27:45,708 INFO  [io.api.tes.ser.api.KafkaSerdesTester] (Thread-715) Sending message {"key11754598464329": "value-1"} to topic topic-726387a7_76c8_43d7_85c2_2a1b09a342d6
2025-08-07 20:27:45,709 INFO  [io.api.tes.ser.api.KafkaSerdesTester] (Thread-715) Sending message {"key11754598464329": "value-2"} to topic topic-726387a7_76c8_43d7_85c2_2a1b09a342d6
2025-08-07 20:27:45,711 INFO  [io.api.tes.ser.api.KafkaSerdesTester] (Thread-715) Sending message {"key11754598464329": "value-3"} to topic topic-726387a7_76c8_43d7_85c2_2a1b09a342d6
2025-08-07 20:27:45,715 INFO  [io.api.tes.ser.api.KafkaSerdesTester] (Thread-715) Sending message {"key11754598464329": "value-4"} to topic topic-726387a7_76c8_43d7_85c2_2a1b09a342d6
2025-08-07 20:27:45,717 INFO  [io.api.tes.ser.api.KafkaSerdesTester] (Thread-715) Sending message {"key11754598464329": "value-5"} to topic topic-726387a7_76c8_43d7_85c2_2a1b09a342d6
2025-08-07 20:27:45,719 INFO  [io.api.tes.ser.api.KafkaSerdesTester] (Thread-715) Sending message {"key11754598464329": "value-6"} to topic topic-726387a7_76c8_43d7_85c2_2a1b09a342d6
2025-08-07 20:27:45,720 INFO  [io.api.tes.ser.api.KafkaSerdesTester] (Thread-715) Sending message {"key11754598464329": "value-7"} to topic topic-726387a7_76c8_43d7_85c2_2a1b09a342d6
2025-08-07 20:27:45,723 INFO  [io.api.tes.ser.api.KafkaSerdesTester] (Thread-715) Sending message {"key11754598464329": "value-8"} to topic topic-726387a7_76c8_43d7_85c2_2a1b09a342d6
2025-08-07 20:27:45,725 INFO  [io.api.tes.ser.api.KafkaSerdesTester] (Thread-715) Sending message {"key11754598464329": "value-9"} to topic topic-726387a7_76c8_43d7_85c2_2a1b09a342d6
2025-08-07 20:27:45,726 INFO  [io.api.tes.ser.api.KafkaSerdesTester] (Thread-715) Produced 10 messages
2025-08-07 20:27:45,726 INFO  [org.apa.kaf.cli.pro.KafkaProducer] (Thread-715) [Producer clientId=Producer-topic-726387a7_76c8_43d7_85c2_2a1b09a342d6] Closing the Kafka producer with timeoutMillis = 9223372036854775807 ms.
2025-08-07 20:27:45,729 INFO  [org.apa.kaf.com.met.Metrics] (Thread-715) Metrics scheduler closed
2025-08-07 20:27:45,729 INFO  [org.apa.kaf.com.met.Metrics] (Thread-715) Closing reporter org.apache.kafka.common.metrics.JmxReporter
2025-08-07 20:27:45,729 INFO  [org.apa.kaf.com.met.Metrics] (Thread-715) Closing reporter org.apache.kafka.common.telemetry.internals.ClientTelemetryReporter
2025-08-07 20:27:45,729 INFO  [org.apa.kaf.com.met.Metrics] (Thread-715) Metrics reporters closed
2025-08-07 20:27:45,729 INFO  [org.apa.kaf.com.uti.AppInfoParser] (Thread-715) App info kafka.producer for Producer-topic-726387a7_76c8_43d7_85c2_2a1b09a342d6 unregistered
2025-08-07 20:27:45,730 INFO  [org.apa.kaf.cli.con.int.ClassicKafkaConsumer] (Thread-716) [Consumer clientId=consumer-Consumer-topic-b5d299db_17d8_4ecc_9e43_25189d7d06bc-14, groupId=Consumer-topic-b5d299db_17d8_4ecc_9e43_25189d7d06bc] Subscribed to topic(s): topic-b5d299db_17d8_4ecc_9e43_25189d7d06bc
2025-08-07 20:27:45,735 INFO  [org.apa.kaf.cli.Metadata] (Thread-716) [Consumer clientId=consumer-Consumer-topic-b5d299db_17d8_4ecc_9e43_25189d7d06bc-14, groupId=Consumer-topic-b5d299db_17d8_4ecc_9e43_25189d7d06bc] Cluster ID: hNYxEGJzT_KJiJb9MK3e4A
2025-08-07 20:27:45,735 INFO  [org.apa.kaf.cli.con.int.ConsumerCoordinator] (Thread-716) [Consumer clientId=consumer-Consumer-topic-b5d299db_17d8_4ecc_9e43_25189d7d06bc-14, groupId=Consumer-topic-b5d299db_17d8_4ecc_9e43_25189d7d06bc] Discovered group coordinator localhost:32769 (id: 2147483647 rack: null)
2025-08-07 20:27:45,737 INFO  [org.apa.kaf.cli.con.int.ConsumerCoordinator] (Thread-716) [Consumer clientId=consumer-Consumer-topic-b5d299db_17d8_4ecc_9e43_25189d7d06bc-14, groupId=Consumer-topic-b5d299db_17d8_4ecc_9e43_25189d7d06bc] (Re-)joining group
2025-08-07 20:27:45,741 INFO  [org.apa.kaf.cli.con.int.ConsumerCoordinator] (Thread-716) [Consumer clientId=consumer-Consumer-topic-b5d299db_17d8_4ecc_9e43_25189d7d06bc-14, groupId=Consumer-topic-b5d299db_17d8_4ecc_9e43_25189d7d06bc] Request joining group due to: need to re-join with the given member-id: consumer-Consumer-topic-b5d299db_17d8_4ecc_9e43_25189d7d06bc-14-006bfe35-e849-4c0e-9960-83abda65a0f4
2025-08-07 20:27:45,741 INFO  [org.apa.kaf.cli.con.int.ConsumerCoordinator] (Thread-716) [Consumer clientId=consumer-Consumer-topic-b5d299db_17d8_4ecc_9e43_25189d7d06bc-14, groupId=Consumer-topic-b5d299db_17d8_4ecc_9e43_25189d7d06bc] (Re-)joining group
2025-08-07 20:27:46,731 INFO  [io.api.tes.ser.api.KafkaSerdesTester] (Thread-716) None found
2025-08-07 20:27:47,731 INFO  [io.api.tes.ser.api.KafkaSerdesTester] (Thread-716) None found
2025-08-07 20:27:48,732 INFO  [io.api.tes.ser.api.KafkaSerdesTester] (Thread-716) None found
2025-08-07 20:27:48,743 INFO  [org.apa.kaf.cli.con.int.ConsumerCoordinator] (Thread-716) [Consumer clientId=consumer-Consumer-topic-b5d299db_17d8_4ecc_9e43_25189d7d06bc-14, groupId=Consumer-topic-b5d299db_17d8_4ecc_9e43_25189d7d06bc] Successfully joined group with generation Generation{generationId=1, memberId='consumer-Consumer-topic-b5d299db_17d8_4ecc_9e43_25189d7d06bc-14-006bfe35-e849-4c0e-9960-83abda65a0f4', protocol='range'}
2025-08-07 20:27:48,743 INFO  [org.apa.kaf.cli.con.int.ConsumerCoordinator] (Thread-716) [Consumer clientId=consumer-Consumer-topic-b5d299db_17d8_4ecc_9e43_25189d7d06bc-14, groupId=Consumer-topic-b5d299db_17d8_4ecc_9e43_25189d7d06bc] Finished assignment for group at generation 1: {consumer-Consumer-topic-b5d299db_17d8_4ecc_9e43_25189d7d06bc-14-006bfe35-e849-4c0e-9960-83abda65a0f4=Assignment(partitions=[topic-b5d299db_17d8_4ecc_9e43_25189d7d06bc-0])}
2025-08-07 20:27:48,750 INFO  [org.apa.kaf.cli.con.int.ConsumerCoordinator] (Thread-716) [Consumer clientId=consumer-Consumer-topic-b5d299db_17d8_4ecc_9e43_25189d7d06bc-14, groupId=Consumer-topic-b5d299db_17d8_4ecc_9e43_25189d7d06bc] Successfully synced group in generation Generation{generationId=1, memberId='consumer-Consumer-topic-b5d299db_17d8_4ecc_9e43_25189d7d06bc-14-006bfe35-e849-4c0e-9960-83abda65a0f4', protocol='range'}
2025-08-07 20:27:48,750 INFO  [org.apa.kaf.cli.con.int.ConsumerCoordinator] (Thread-716) [Consumer clientId=consumer-Consumer-topic-b5d299db_17d8_4ecc_9e43_25189d7d06bc-14, groupId=Consumer-topic-b5d299db_17d8_4ecc_9e43_25189d7d06bc] Notifying assignor about the new Assignment(partitions=[topic-b5d299db_17d8_4ecc_9e43_25189d7d06bc-0])
2025-08-07 20:27:48,750 INFO  [org.apa.kaf.cli.con.int.ConsumerRebalanceListenerInvoker] (Thread-716) [Consumer clientId=consumer-Consumer-topic-b5d299db_17d8_4ecc_9e43_25189d7d06bc-14, groupId=Consumer-topic-b5d299db_17d8_4ecc_9e43_25189d7d06bc] Adding newly assigned partitions: topic-b5d299db_17d8_4ecc_9e43_25189d7d06bc-0
2025-08-07 20:27:48,751 INFO  [org.apa.kaf.cli.con.int.ConsumerCoordinator] (Thread-716) [Consumer clientId=consumer-Consumer-topic-b5d299db_17d8_4ecc_9e43_25189d7d06bc-14, groupId=Consumer-topic-b5d299db_17d8_4ecc_9e43_25189d7d06bc] Found no committed offset for partition topic-b5d299db_17d8_4ecc_9e43_25189d7d06bc-0
2025-08-07 20:27:48,754 INFO  [org.apa.kaf.cli.con.int.SubscriptionState] (Thread-716) [Consumer clientId=consumer-Consumer-topic-b5d299db_17d8_4ecc_9e43_25189d7d06bc-14, groupId=Consumer-topic-b5d299db_17d8_4ecc_9e43_25189d7d06bc] Resetting offset for partition topic-b5d299db_17d8_4ecc_9e43_25189d7d06bc-0 to position FetchPosition{offset=0, offsetEpoch=Optional.empty, currentLeader=LeaderAndEpoch{leader=Optional[localhost:32769 (id: 0 rack: null)], epoch=0}}.
2025-08-07 20:27:48,834 INFO  [io.api.tes.ser.api.KafkaSerdesTester] (Thread-716) topic-b5d299db_17d8_4ecc_9e43_25189d7d06bc 0 0 {"key11754598464329": "value-0"}
2025-08-07 20:27:48,834 INFO  [io.api.tes.ser.api.KafkaSerdesTester] (Thread-716) topic-b5d299db_17d8_4ecc_9e43_25189d7d06bc 0 1 {"key11754598464329": "value-1"}
2025-08-07 20:27:48,834 INFO  [io.api.tes.ser.api.KafkaSerdesTester] (Thread-716) topic-b5d299db_17d8_4ecc_9e43_25189d7d06bc 0 2 {"key11754598464329": "value-2"}
2025-08-07 20:27:48,834 INFO  [io.api.tes.ser.api.KafkaSerdesTester] (Thread-716) topic-b5d299db_17d8_4ecc_9e43_25189d7d06bc 0 3 {"key11754598464329": "value-3"}
2025-08-07 20:27:48,834 INFO  [io.api.tes.ser.api.KafkaSerdesTester] (Thread-716) topic-b5d299db_17d8_4ecc_9e43_25189d7d06bc 0 4 {"key11754598464329": "value-4"}
2025-08-07 20:27:48,834 INFO  [io.api.tes.ser.api.KafkaSerdesTester] (Thread-716) topic-b5d299db_17d8_4ecc_9e43_25189d7d06bc 0 5 {"key11754598464329": "value-5"}
2025-08-07 20:27:48,834 INFO  [io.api.tes.ser.api.KafkaSerdesTester] (Thread-716) topic-b5d299db_17d8_4ecc_9e43_25189d7d06bc 0 6 {"key11754598464329": "value-6"}
2025-08-07 20:27:48,834 INFO  [io.api.tes.ser.api.KafkaSerdesTester] (Thread-716) topic-b5d299db_17d8_4ecc_9e43_25189d7d06bc 0 7 {"key11754598464329": "value-7"}
2025-08-07 20:27:48,834 INFO  [io.api.tes.ser.api.KafkaSerdesTester] (Thread-716) topic-b5d299db_17d8_4ecc_9e43_25189d7d06bc 0 8 {"key11754598464329": "value-8"}
2025-08-07 20:27:48,834 INFO  [io.api.tes.ser.api.KafkaSerdesTester] (Thread-716) topic-b5d299db_17d8_4ecc_9e43_25189d7d06bc 0 9 {"key11754598464329": "value-9"}
2025-08-07 20:27:48,834 INFO  [io.api.tes.ser.api.KafkaSerdesTester] (Thread-716) Consumed 10 messages
2025-08-07 20:27:48,842 INFO  [org.apa.kaf.cli.con.int.ConsumerRebalanceListenerInvoker] (Thread-716) [Consumer clientId=consumer-Consumer-topic-b5d299db_17d8_4ecc_9e43_25189d7d06bc-14, groupId=Consumer-topic-b5d299db_17d8_4ecc_9e43_25189d7d06bc] Revoke previously assigned partitions topic-b5d299db_17d8_4ecc_9e43_25189d7d06bc-0
2025-08-07 20:27:48,842 INFO  [org.apa.kaf.cli.con.int.ConsumerCoordinator] (Thread-716) [Consumer clientId=consumer-Consumer-topic-b5d299db_17d8_4ecc_9e43_25189d7d06bc-14, groupId=Consumer-topic-b5d299db_17d8_4ecc_9e43_25189d7d06bc] Member consumer-Consumer-topic-b5d299db_17d8_4ecc_9e43_25189d7d06bc-14-006bfe35-e849-4c0e-9960-83abda65a0f4 sending LeaveGroup request to coordinator localhost:32769 (id: 2147483647 rack: null) due to the consumer is being closed
2025-08-07 20:27:48,843 INFO  [org.apa.kaf.cli.con.int.ConsumerCoordinator] (Thread-716) [Consumer clientId=consumer-Consumer-topic-b5d299db_17d8_4ecc_9e43_25189d7d06bc-14, groupId=Consumer-topic-b5d299db_17d8_4ecc_9e43_25189d7d06bc] Resetting generation and member id due to: consumer pro-actively leaving the group
2025-08-07 20:27:48,843 INFO  [org.apa.kaf.cli.con.int.ConsumerCoordinator] (Thread-716) [Consumer clientId=consumer-Consumer-topic-b5d299db_17d8_4ecc_9e43_25189d7d06bc-14, groupId=Consumer-topic-b5d299db_17d8_4ecc_9e43_25189d7d06bc] Request joining group due to: consumer pro-actively leaving the group
2025-08-07 20:27:49,337 INFO  [org.apa.kaf.com.met.Metrics] (Thread-716) Metrics scheduler closed
2025-08-07 20:27:49,337 INFO  [org.apa.kaf.com.met.Metrics] (Thread-716) Closing reporter org.apache.kafka.common.metrics.JmxReporter
2025-08-07 20:27:49,337 INFO  [org.apa.kaf.com.met.Metrics] (Thread-716) Closing reporter org.apache.kafka.common.telemetry.internals.ClientTelemetryReporter
2025-08-07 20:27:49,337 INFO  [org.apa.kaf.com.met.Metrics] (Thread-716) Metrics reporters closed
2025-08-07 20:27:49,339 INFO  [org.apa.kaf.com.uti.AppInfoParser] (Thread-716) App info kafka.consumer for consumer-Consumer-topic-b5d299db_17d8_4ecc_9e43_25189d7d06bc-14 unregistered
2025-08-07 20:27:49,341 INFO  [org.apa.kaf.cli.con.int.ClassicKafkaConsumer] (Thread-717) [Consumer clientId=consumer-Consumer-topic-a264790b_8187_4192_9448_9e4a05e2945d-15, groupId=Consumer-topic-a264790b_8187_4192_9448_9e4a05e2945d] Subscribed to topic(s): topic-a264790b_8187_4192_9448_9e4a05e2945d
2025-08-07 20:27:49,346 INFO  [org.apa.kaf.cli.Metadata] (Thread-717) [Consumer clientId=consumer-Consumer-topic-a264790b_8187_4192_9448_9e4a05e2945d-15, groupId=Consumer-topic-a264790b_8187_4192_9448_9e4a05e2945d] Cluster ID: hNYxEGJzT_KJiJb9MK3e4A
2025-08-07 20:27:49,347 INFO  [org.apa.kaf.cli.con.int.ConsumerCoordinator] (Thread-717) [Consumer clientId=consumer-Consumer-topic-a264790b_8187_4192_9448_9e4a05e2945d-15, groupId=Consumer-topic-a264790b_8187_4192_9448_9e4a05e2945d] Discovered group coordinator localhost:32769 (id: 2147483647 rack: null)
2025-08-07 20:27:49,348 INFO  [org.apa.kaf.cli.con.int.ConsumerCoordinator] (Thread-717) [Consumer clientId=consumer-Consumer-topic-a264790b_8187_4192_9448_9e4a05e2945d-15, groupId=Consumer-topic-a264790b_8187_4192_9448_9e4a05e2945d] (Re-)joining group
2025-08-07 20:27:49,350 INFO  [org.apa.kaf.cli.con.int.ConsumerCoordinator] (Thread-717) [Consumer clientId=consumer-Consumer-topic-a264790b_8187_4192_9448_9e4a05e2945d-15, groupId=Consumer-topic-a264790b_8187_4192_9448_9e4a05e2945d] Request joining group due to: need to re-join with the given member-id: consumer-Consumer-topic-a264790b_8187_4192_9448_9e4a05e2945d-15-31f25e09-1100-4621-9eb2-bb249c172d0e
2025-08-07 20:27:49,350 INFO  [org.apa.kaf.cli.con.int.ConsumerCoordinator] (Thread-717) [Consumer clientId=consumer-Consumer-topic-a264790b_8187_4192_9448_9e4a05e2945d-15, groupId=Consumer-topic-a264790b_8187_4192_9448_9e4a05e2945d] (Re-)joining group
2025-08-07 20:27:50,341 INFO  [io.api.tes.ser.api.KafkaSerdesTester] (Thread-717) None found
2025-08-07 20:27:51,342 INFO  [io.api.tes.ser.api.KafkaSerdesTester] (Thread-717) None found
2025-08-07 20:27:52,342 INFO  [io.api.tes.ser.api.KafkaSerdesTester] (Thread-717) None found
2025-08-07 20:27:52,351 INFO  [org.apa.kaf.cli.con.int.ConsumerCoordinator] (Thread-717) [Consumer clientId=consumer-Consumer-topic-a264790b_8187_4192_9448_9e4a05e2945d-15, groupId=Consumer-topic-a264790b_8187_4192_9448_9e4a05e2945d] Successfully joined group with generation Generation{generationId=1, memberId='consumer-Consumer-topic-a264790b_8187_4192_9448_9e4a05e2945d-15-31f25e09-1100-4621-9eb2-bb249c172d0e', protocol='range'}
2025-08-07 20:27:52,352 INFO  [org.apa.kaf.cli.con.int.ConsumerCoordinator] (Thread-717) [Consumer clientId=consumer-Consumer-topic-a264790b_8187_4192_9448_9e4a05e2945d-15, groupId=Consumer-topic-a264790b_8187_4192_9448_9e4a05e2945d] Finished assignment for group at generation 1: {consumer-Consumer-topic-a264790b_8187_4192_9448_9e4a05e2945d-15-31f25e09-1100-4621-9eb2-bb249c172d0e=Assignment(partitions=[topic-a264790b_8187_4192_9448_9e4a05e2945d-0])}
2025-08-07 20:27:52,359 INFO  [org.apa.kaf.cli.con.int.ConsumerCoordinator] (Thread-717) [Consumer clientId=consumer-Consumer-topic-a264790b_8187_4192_9448_9e4a05e2945d-15, groupId=Consumer-topic-a264790b_8187_4192_9448_9e4a05e2945d] Successfully synced group in generation Generation{generationId=1, memberId='consumer-Consumer-topic-a264790b_8187_4192_9448_9e4a05e2945d-15-31f25e09-1100-4621-9eb2-bb249c172d0e', protocol='range'}
2025-08-07 20:27:52,359 INFO  [org.apa.kaf.cli.con.int.ConsumerCoordinator] (Thread-717) [Consumer clientId=consumer-Consumer-topic-a264790b_8187_4192_9448_9e4a05e2945d-15, groupId=Consumer-topic-a264790b_8187_4192_9448_9e4a05e2945d] Notifying assignor about the new Assignment(partitions=[topic-a264790b_8187_4192_9448_9e4a05e2945d-0])
2025-08-07 20:27:52,359 INFO  [org.apa.kaf.cli.con.int.ConsumerRebalanceListenerInvoker] (Thread-717) [Consumer clientId=consumer-Consumer-topic-a264790b_8187_4192_9448_9e4a05e2945d-15, groupId=Consumer-topic-a264790b_8187_4192_9448_9e4a05e2945d] Adding newly assigned partitions: topic-a264790b_8187_4192_9448_9e4a05e2945d-0
2025-08-07 20:27:52,360 INFO  [org.apa.kaf.cli.con.int.ConsumerCoordinator] (Thread-717) [Consumer clientId=consumer-Consumer-topic-a264790b_8187_4192_9448_9e4a05e2945d-15, groupId=Consumer-topic-a264790b_8187_4192_9448_9e4a05e2945d] Found no committed offset for partition topic-a264790b_8187_4192_9448_9e4a05e2945d-0
2025-08-07 20:27:52,364 INFO  [org.apa.kaf.cli.con.int.SubscriptionState] (Thread-717) [Consumer clientId=consumer-Consumer-topic-a264790b_8187_4192_9448_9e4a05e2945d-15, groupId=Consumer-topic-a264790b_8187_4192_9448_9e4a05e2945d] Resetting offset for partition topic-a264790b_8187_4192_9448_9e4a05e2945d-0 to position FetchPosition{offset=0, offsetEpoch=Optional.empty, currentLeader=LeaderAndEpoch{leader=Optional[localhost:32769 (id: 0 rack: null)], epoch=0}}.
2025-08-07 20:27:52,440 INFO  [io.api.tes.ser.api.KafkaSerdesTester] (Thread-717) topic-a264790b_8187_4192_9448_9e4a05e2945d 0 0 {"key11754598464329": "value-0"}
2025-08-07 20:27:52,441 INFO  [io.api.tes.ser.api.KafkaSerdesTester] (Thread-717) topic-a264790b_8187_4192_9448_9e4a05e2945d 0 1 {"key11754598464329": "value-1"}
2025-08-07 20:27:52,441 INFO  [io.api.tes.ser.api.KafkaSerdesTester] (Thread-717) topic-a264790b_8187_4192_9448_9e4a05e2945d 0 2 {"key11754598464329": "value-2"}
2025-08-07 20:27:52,441 INFO  [io.api.tes.ser.api.KafkaSerdesTester] (Thread-717) topic-a264790b_8187_4192_9448_9e4a05e2945d 0 3 {"key11754598464329": "value-3"}
2025-08-07 20:27:52,441 INFO  [io.api.tes.ser.api.KafkaSerdesTester] (Thread-717) topic-a264790b_8187_4192_9448_9e4a05e2945d 0 4 {"key11754598464329": "value-4"}
2025-08-07 20:27:52,441 INFO  [io.api.tes.ser.api.KafkaSerdesTester] (Thread-717) topic-a264790b_8187_4192_9448_9e4a05e2945d 0 5 {"key11754598464329": "value-5"}
2025-08-07 20:27:52,441 INFO  [io.api.tes.ser.api.KafkaSerdesTester] (Thread-717) topic-a264790b_8187_4192_9448_9e4a05e2945d 0 6 {"key11754598464329": "value-6"}
2025-08-07 20:27:52,441 INFO  [io.api.tes.ser.api.KafkaSerdesTester] (Thread-717) topic-a264790b_8187_4192_9448_9e4a05e2945d 0 7 {"key11754598464329": "value-7"}
2025-08-07 20:27:52,441 INFO  [io.api.tes.ser.api.KafkaSerdesTester] (Thread-717) topic-a264790b_8187_4192_9448_9e4a05e2945d 0 8 {"key11754598464329": "value-8"}
2025-08-07 20:27:52,441 INFO  [io.api.tes.ser.api.KafkaSerdesTester] (Thread-717) topic-a264790b_8187_4192_9448_9e4a05e2945d 0 9 {"key11754598464329": "value-9"}
2025-08-07 20:27:52,441 INFO  [io.api.tes.ser.api.KafkaSerdesTester] (Thread-717) Consumed 10 messages
2025-08-07 20:27:52,448 INFO  [org.apa.kaf.cli.con.int.ConsumerRebalanceListenerInvoker] (Thread-717) [Consumer clientId=consumer-Consumer-topic-a264790b_8187_4192_9448_9e4a05e2945d-15, groupId=Consumer-topic-a264790b_8187_4192_9448_9e4a05e2945d] Revoke previously assigned partitions topic-a264790b_8187_4192_9448_9e4a05e2945d-0
2025-08-07 20:27:52,448 INFO  [org.apa.kaf.cli.con.int.ConsumerCoordinator] (Thread-717) [Consumer clientId=consumer-Consumer-topic-a264790b_8187_4192_9448_9e4a05e2945d-15, groupId=Consumer-topic-a264790b_8187_4192_9448_9e4a05e2945d] Member consumer-Consumer-topic-a264790b_8187_4192_9448_9e4a05e2945d-15-31f25e09-1100-4621-9eb2-bb249c172d0e sending LeaveGroup request to coordinator localhost:32769 (id: 2147483647 rack: null) due to the consumer is being closed
2025-08-07 20:27:52,448 INFO  [org.apa.kaf.cli.con.int.ConsumerCoordinator] (Thread-717) [Consumer clientId=consumer-Consumer-topic-a264790b_8187_4192_9448_9e4a05e2945d-15, groupId=Consumer-topic-a264790b_8187_4192_9448_9e4a05e2945d] Resetting generation and member id due to: consumer pro-actively leaving the group
2025-08-07 20:27:52,448 INFO  [org.apa.kaf.cli.con.int.ConsumerCoordinator] (Thread-717) [Consumer clientId=consumer-Consumer-topic-a264790b_8187_4192_9448_9e4a05e2945d-15, groupId=Consumer-topic-a264790b_8187_4192_9448_9e4a05e2945d] Request joining group due to: consumer pro-actively leaving the group
2025-08-07 20:27:52,943 INFO  [org.apa.kaf.com.met.Metrics] (Thread-717) Metrics scheduler closed
2025-08-07 20:27:52,943 INFO  [org.apa.kaf.com.met.Metrics] (Thread-717) Closing reporter org.apache.kafka.common.metrics.JmxReporter
2025-08-07 20:27:52,943 INFO  [org.apa.kaf.com.met.Metrics] (Thread-717) Closing reporter org.apache.kafka.common.telemetry.internals.ClientTelemetryReporter
2025-08-07 20:27:52,943 INFO  [org.apa.kaf.com.met.Metrics] (Thread-717) Metrics reporters closed
2025-08-07 20:27:52,946 INFO  [org.apa.kaf.com.uti.AppInfoParser] (Thread-717) App info kafka.consumer for consumer-Consumer-topic-a264790b_8187_4192_9448_9e4a05e2945d-15 unregistered
2025-08-07 20:27:52,946 INFO  [org.apa.kaf.cli.con.int.ClassicKafkaConsumer] (Thread-718) [Consumer clientId=consumer-Consumer-topic-726387a7_76c8_43d7_85c2_2a1b09a342d6-16, groupId=Consumer-topic-726387a7_76c8_43d7_85c2_2a1b09a342d6] Subscribed to topic(s): topic-726387a7_76c8_43d7_85c2_2a1b09a342d6
2025-08-07 20:27:52,951 INFO  [org.apa.kaf.cli.Metadata] (Thread-718) [Consumer clientId=consumer-Consumer-topic-726387a7_76c8_43d7_85c2_2a1b09a342d6-16, groupId=Consumer-topic-726387a7_76c8_43d7_85c2_2a1b09a342d6] Cluster ID: hNYxEGJzT_KJiJb9MK3e4A
2025-08-07 20:27:52,951 INFO  [org.apa.kaf.cli.con.int.ConsumerCoordinator] (Thread-718) [Consumer clientId=consumer-Consumer-topic-726387a7_76c8_43d7_85c2_2a1b09a342d6-16, groupId=Consumer-topic-726387a7_76c8_43d7_85c2_2a1b09a342d6] Discovered group coordinator localhost:32769 (id: 2147483647 rack: null)
2025-08-07 20:27:52,952 INFO  [org.apa.kaf.cli.con.int.ConsumerCoordinator] (Thread-718) [Consumer clientId=consumer-Consumer-topic-726387a7_76c8_43d7_85c2_2a1b09a342d6-16, groupId=Consumer-topic-726387a7_76c8_43d7_85c2_2a1b09a342d6] (Re-)joining group
2025-08-07 20:27:52,954 INFO  [org.apa.kaf.cli.con.int.ConsumerCoordinator] (Thread-718) [Consumer clientId=consumer-Consumer-topic-726387a7_76c8_43d7_85c2_2a1b09a342d6-16, groupId=Consumer-topic-726387a7_76c8_43d7_85c2_2a1b09a342d6] Request joining group due to: need to re-join with the given member-id: consumer-Consumer-topic-726387a7_76c8_43d7_85c2_2a1b09a342d6-16-1f68e463-f922-44b6-b93e-feaa7784f3f5
2025-08-07 20:27:52,954 INFO  [org.apa.kaf.cli.con.int.ConsumerCoordinator] (Thread-718) [Consumer clientId=consumer-Consumer-topic-726387a7_76c8_43d7_85c2_2a1b09a342d6-16, groupId=Consumer-topic-726387a7_76c8_43d7_85c2_2a1b09a342d6] (Re-)joining group
2025-08-07 20:27:53,946 INFO  [io.api.tes.ser.api.KafkaSerdesTester] (Thread-718) None found
2025-08-07 20:27:54,946 INFO  [io.api.tes.ser.api.KafkaSerdesTester] (Thread-718) None found
2025-08-07 20:27:55,946 INFO  [io.api.tes.ser.api.KafkaSerdesTester] (Thread-718) None found
2025-08-07 20:27:55,956 INFO  [org.apa.kaf.cli.con.int.ConsumerCoordinator] (Thread-718) [Consumer clientId=consumer-Consumer-topic-726387a7_76c8_43d7_85c2_2a1b09a342d6-16, groupId=Consumer-topic-726387a7_76c8_43d7_85c2_2a1b09a342d6] Successfully joined group with generation Generation{generationId=1, memberId='consumer-Consumer-topic-726387a7_76c8_43d7_85c2_2a1b09a342d6-16-1f68e463-f922-44b6-b93e-feaa7784f3f5', protocol='range'}
2025-08-07 20:27:55,957 INFO  [org.apa.kaf.cli.con.int.ConsumerCoordinator] (Thread-718) [Consumer clientId=consumer-Consumer-topic-726387a7_76c8_43d7_85c2_2a1b09a342d6-16, groupId=Consumer-topic-726387a7_76c8_43d7_85c2_2a1b09a342d6] Finished assignment for group at generation 1: {consumer-Consumer-topic-726387a7_76c8_43d7_85c2_2a1b09a342d6-16-1f68e463-f922-44b6-b93e-feaa7784f3f5=Assignment(partitions=[topic-726387a7_76c8_43d7_85c2_2a1b09a342d6-0])}
2025-08-07 20:27:55,966 INFO  [org.apa.kaf.cli.con.int.ConsumerCoordinator] (Thread-718) [Consumer clientId=consumer-Consumer-topic-726387a7_76c8_43d7_85c2_2a1b09a342d6-16, groupId=Consumer-topic-726387a7_76c8_43d7_85c2_2a1b09a342d6] Successfully synced group in generation Generation{generationId=1, memberId='consumer-Consumer-topic-726387a7_76c8_43d7_85c2_2a1b09a342d6-16-1f68e463-f922-44b6-b93e-feaa7784f3f5', protocol='range'}
2025-08-07 20:27:55,966 INFO  [org.apa.kaf.cli.con.int.ConsumerCoordinator] (Thread-718) [Consumer clientId=consumer-Consumer-topic-726387a7_76c8_43d7_85c2_2a1b09a342d6-16, groupId=Consumer-topic-726387a7_76c8_43d7_85c2_2a1b09a342d6] Notifying assignor about the new Assignment(partitions=[topic-726387a7_76c8_43d7_85c2_2a1b09a342d6-0])
2025-08-07 20:27:55,966 INFO  [org.apa.kaf.cli.con.int.ConsumerRebalanceListenerInvoker] (Thread-718) [Consumer clientId=consumer-Consumer-topic-726387a7_76c8_43d7_85c2_2a1b09a342d6-16, groupId=Consumer-topic-726387a7_76c8_43d7_85c2_2a1b09a342d6] Adding newly assigned partitions: topic-726387a7_76c8_43d7_85c2_2a1b09a342d6-0
2025-08-07 20:27:55,968 INFO  [org.apa.kaf.cli.con.int.ConsumerCoordinator] (Thread-718) [Consumer clientId=consumer-Consumer-topic-726387a7_76c8_43d7_85c2_2a1b09a342d6-16, groupId=Consumer-topic-726387a7_76c8_43d7_85c2_2a1b09a342d6] Found no committed offset for partition topic-726387a7_76c8_43d7_85c2_2a1b09a342d6-0
2025-08-07 20:27:55,979 INFO  [org.apa.kaf.cli.con.int.SubscriptionState] (Thread-718) [Consumer clientId=consumer-Consumer-topic-726387a7_76c8_43d7_85c2_2a1b09a342d6-16, groupId=Consumer-topic-726387a7_76c8_43d7_85c2_2a1b09a342d6] Resetting offset for partition topic-726387a7_76c8_43d7_85c2_2a1b09a342d6-0 to position FetchPosition{offset=0, offsetEpoch=Optional.empty, currentLeader=LeaderAndEpoch{leader=Optional[localhost:32769 (id: 0 rack: null)], epoch=0}}.
2025-08-07 20:27:56,062 INFO  [io.api.tes.ser.api.KafkaSerdesTester] (Thread-718) topic-726387a7_76c8_43d7_85c2_2a1b09a342d6 0 0 {"key11754598464329": "value-0"}
2025-08-07 20:27:56,062 INFO  [io.api.tes.ser.api.KafkaSerdesTester] (Thread-718) topic-726387a7_76c8_43d7_85c2_2a1b09a342d6 0 1 {"key11754598464329": "value-1"}
2025-08-07 20:27:56,062 INFO  [io.api.tes.ser.api.KafkaSerdesTester] (Thread-718) topic-726387a7_76c8_43d7_85c2_2a1b09a342d6 0 2 {"key11754598464329": "value-2"}
2025-08-07 20:27:56,062 INFO  [io.api.tes.ser.api.KafkaSerdesTester] (Thread-718) topic-726387a7_76c8_43d7_85c2_2a1b09a342d6 0 3 {"key11754598464329": "value-3"}
2025-08-07 20:27:56,062 INFO  [io.api.tes.ser.api.KafkaSerdesTester] (Thread-718) topic-726387a7_76c8_43d7_85c2_2a1b09a342d6 0 4 {"key11754598464329": "value-4"}
2025-08-07 20:27:56,062 INFO  [io.api.tes.ser.api.KafkaSerdesTester] (Thread-718) topic-726387a7_76c8_43d7_85c2_2a1b09a342d6 0 5 {"key11754598464329": "value-5"}
2025-08-07 20:27:56,062 INFO  [io.api.tes.ser.api.KafkaSerdesTester] (Thread-718) topic-726387a7_76c8_43d7_85c2_2a1b09a342d6 0 6 {"key11754598464329": "value-6"}
2025-08-07 20:27:56,062 INFO  [io.api.tes.ser.api.KafkaSerdesTester] (Thread-718) topic-726387a7_76c8_43d7_85c2_2a1b09a342d6 0 7 {"key11754598464329": "value-7"}
2025-08-07 20:27:56,062 INFO  [io.api.tes.ser.api.KafkaSerdesTester] (Thread-718) topic-726387a7_76c8_43d7_85c2_2a1b09a342d6 0 8 {"key11754598464329": "value-8"}
2025-08-07 20:27:56,062 INFO  [io.api.tes.ser.api.KafkaSerdesTester] (Thread-718) topic-726387a7_76c8_43d7_85c2_2a1b09a342d6 0 9 {"key11754598464329": "value-9"}
2025-08-07 20:27:56,062 INFO  [io.api.tes.ser.api.KafkaSerdesTester] (Thread-718) Consumed 10 messages
2025-08-07 20:27:56,069 INFO  [org.apa.kaf.cli.con.int.ConsumerRebalanceListenerInvoker] (Thread-718) [Consumer clientId=consumer-Consumer-topic-726387a7_76c8_43d7_85c2_2a1b09a342d6-16, groupId=Consumer-topic-726387a7_76c8_43d7_85c2_2a1b09a342d6] Revoke previously assigned partitions topic-726387a7_76c8_43d7_85c2_2a1b09a342d6-0
2025-08-07 20:27:56,070 INFO  [org.apa.kaf.cli.con.int.ConsumerCoordinator] (Thread-718) [Consumer clientId=consumer-Consumer-topic-726387a7_76c8_43d7_85c2_2a1b09a342d6-16, groupId=Consumer-topic-726387a7_76c8_43d7_85c2_2a1b09a342d6] Member consumer-Consumer-topic-726387a7_76c8_43d7_85c2_2a1b09a342d6-16-1f68e463-f922-44b6-b93e-feaa7784f3f5 sending LeaveGroup request to coordinator localhost:32769 (id: 2147483647 rack: null) due to the consumer is being closed
2025-08-07 20:27:56,070 INFO  [org.apa.kaf.cli.con.int.ConsumerCoordinator] (Thread-718) [Consumer clientId=consumer-Consumer-topic-726387a7_76c8_43d7_85c2_2a1b09a342d6-16, groupId=Consumer-topic-726387a7_76c8_43d7_85c2_2a1b09a342d6] Resetting generation and member id due to: consumer pro-actively leaving the group
2025-08-07 20:27:56,070 INFO  [org.apa.kaf.cli.con.int.ConsumerCoordinator] (Thread-718) [Consumer clientId=consumer-Consumer-topic-726387a7_76c8_43d7_85c2_2a1b09a342d6-16, groupId=Consumer-topic-726387a7_76c8_43d7_85c2_2a1b09a342d6] Request joining group due to: consumer pro-actively leaving the group
2025-08-07 20:27:56,563 INFO  [org.apa.kaf.com.met.Metrics] (Thread-718) Metrics scheduler closed
2025-08-07 20:27:56,563 INFO  [org.apa.kaf.com.met.Metrics] (Thread-718) Closing reporter org.apache.kafka.common.metrics.JmxReporter
2025-08-07 20:27:56,563 INFO  [org.apa.kaf.com.met.Metrics] (Thread-718) Closing reporter org.apache.kafka.common.telemetry.internals.ClientTelemetryReporter
2025-08-07 20:27:56,563 INFO  [org.apa.kaf.com.met.Metrics] (Thread-718) Metrics reporters closed
2025-08-07 20:27:56,565 INFO  [org.apa.kaf.com.uti.AppInfoParser] (Thread-718) App info kafka.consumer for consumer-Consumer-topic-726387a7_76c8_43d7_85c2_2a1b09a342d6-16 unregistered
2025-08-07 20:27:56,565 INFO  [io.api.tes.uti.TestSeparator] (main) io.apicurio.tests.serdes.apicurio.AvroSerdeIT.testAvroConfluentForMultipleTopics-FINISHED
2025-08-07 20:27:56,566 INFO  [io.api.tes.uti.TestSeparator] (main) ############################################################################
Test passed: testAvroConfluentForMultipleTopics
]]></system-out>
  </testcase>
  <testcase name="testFirstRequestFailsRateLimited" classname="io.apicurio.tests.serdes.apicurio.AvroSerdeIT" time="1.105">
    <system-out><![CDATA[2025-08-07 20:27:56,569 INFO  [io.api.tes.uti.TestSeparator] (main) ############################################################################
2025-08-07 20:27:56,570 INFO  [io.api.tes.uti.TestSeparator] (main) io.apicurio.tests.serdes.apicurio.AvroSerdeIT.testFirstRequestFailsRateLimited-STARTED
2025-08-07 20:27:57,094 WARN  [org.ecl.jet.ser.AbstractConnector] (main) Acceptors should be <= availableProcessors: NetworkTrafficServerConnector@50859a18{HTTP/1.1, (http/1.1, h2c)}{0.0.0.0:0} 
2025-08-07 20:27:57,237 INFO  [org.ecl.jet.ser.Server] (main) jetty-11.0.15; built: 2023-04-11T18:37:53.775Z; git: 5bc5e562c8d05c5862505aebe5cf83a61bdbcb96; jvm 17.0.16+8
2025-08-07 20:27:57,271 INFO  [org.ecl.jet.ser.han.ContextHandler] (main) Started o.e.j.s.ServletContextHandler@64f514d2{/__admin,null,AVAILABLE}
2025-08-07 20:27:57,281 INFO  [org.ecl.jet.ser.han.Con.ROOT] (main) RequestHandlerClass from context returned com.github.tomakehurst.wiremock.http.StubRequestHandler. Normalized mapped under returned 'null'
2025-08-07 20:27:57,281 INFO  [org.ecl.jet.ser.han.ContextHandler] (main) Started o.e.j.s.ServletContextHandler@2de1a93d{/,null,AVAILABLE}
2025-08-07 20:27:57,288 INFO  [org.ecl.jet.ser.AbstractConnector] (main) Started NetworkTrafficServerConnector@50859a18{HTTP/1.1, (http/1.1, h2c)}{0.0.0.0:39405}
2025-08-07 20:27:57,289 INFO  [org.ecl.jet.ser.Server] (main) Started Server@71ca6a60{STARTING}[11.0.15,sto=1000] @107332ms
**** Registry Base URL: http://registry-app-inmemory.apps.ci419.apicurio-testing.org:80
2025-08-07 20:27:57,299 INFO  [org.apa.kaf.cli.pro.ProducerConfig] (main) ProducerConfig values: 
	acks = -1
	auto.include.jmx.reporter = true
	batch.size = 16384
	bootstrap.servers = [PLAINTEXT://localhost:32769]
	buffer.memory = 33554432
	client.dns.lookup = use_all_dns_ips
	client.id = Producer-topic-5eb4043b_715a_4b8b_9d81_2de49e5bc6e3
	compression.gzip.level = -1
	compression.lz4.level = 9
	compression.type = none
	compression.zstd.level = 3
	connections.max.idle.ms = 10000
	delivery.timeout.ms = 120000
	enable.idempotence = true
	enable.metrics.push = true
	interceptor.classes = []
	key.serializer = class org.apache.kafka.common.serialization.StringSerializer
	linger.ms = 0
	max.block.ms = 60000
	max.in.flight.requests.per.connection = 5
	max.request.size = 1048576
	metadata.max.age.ms = 300000
	metadata.max.idle.ms = 300000
	metadata.recovery.strategy = none
	metric.reporters = []
	metrics.num.samples = 2
	metrics.recording.level = INFO
	metrics.sample.window.ms = 30000
	partitioner.adaptive.partitioning.enable = true
	partitioner.availability.timeout.ms = 0
	partitioner.class = null
	partitioner.ignore.keys = false
	receive.buffer.bytes = 32768
	reconnect.backoff.max.ms = 1000
	reconnect.backoff.ms = 50
	request.timeout.ms = 5000
	retries = 2147483647
	retry.backoff.max.ms = 1000
	retry.backoff.ms = 100
	sasl.client.callback.handler.class = null
	sasl.jaas.config = null
	sasl.kerberos.kinit.cmd = /usr/bin/kinit
	sasl.kerberos.min.time.before.relogin = 60000
	sasl.kerberos.service.name = null
	sasl.kerberos.ticket.renew.jitter = 0.05
	sasl.kerberos.ticket.renew.window.factor = 0.8
	sasl.login.callback.handler.class = null
	sasl.login.class = null
	sasl.login.connect.timeout.ms = null
	sasl.login.read.timeout.ms = null
	sasl.login.refresh.buffer.seconds = 300
	sasl.login.refresh.min.period.seconds = 60
	sasl.login.refresh.window.factor = 0.8
	sasl.login.refresh.window.jitter = 0.05
	sasl.login.retry.backoff.max.ms = 10000
	sasl.login.retry.backoff.ms = 100
	sasl.mechanism = GSSAPI
	sasl.oauthbearer.clock.skew.seconds = 30
	sasl.oauthbearer.expected.audience = null
	sasl.oauthbearer.expected.issuer = null
	sasl.oauthbearer.header.urlencode = false
	sasl.oauthbearer.jwks.endpoint.refresh.ms = 3600000
	sasl.oauthbearer.jwks.endpoint.retry.backoff.max.ms = 10000
	sasl.oauthbearer.jwks.endpoint.retry.backoff.ms = 100
	sasl.oauthbearer.jwks.endpoint.url = null
	sasl.oauthbearer.scope.claim.name = scope
	sasl.oauthbearer.sub.claim.name = sub
	sasl.oauthbearer.token.endpoint.url = null
	security.protocol = PLAINTEXT
	security.providers = null
	send.buffer.bytes = 131072
	socket.connection.setup.timeout.max.ms = 30000
	socket.connection.setup.timeout.ms = 10000
	ssl.cipher.suites = null
	ssl.enabled.protocols = [TLSv1.2, TLSv1.3]
	ssl.endpoint.identification.algorithm = https
	ssl.engine.factory.class = null
	ssl.key.password = null
	ssl.keymanager.algorithm = SunX509
	ssl.keystore.certificate.chain = null
	ssl.keystore.key = null
	ssl.keystore.location = null
	ssl.keystore.password = null
	ssl.keystore.type = JKS
	ssl.protocol = TLSv1.3
	ssl.provider = null
	ssl.secure.random.implementation = null
	ssl.trustmanager.algorithm = PKIX
	ssl.truststore.certificates = null
	ssl.truststore.location = null
	ssl.truststore.password = null
	ssl.truststore.type = JKS
	transaction.timeout.ms = 60000
	transactional.id = null
	value.serializer = class io.apicurio.registry.serde.avro.AvroKafkaSerializer

2025-08-07 20:27:57,300 INFO  [org.apa.kaf.com.tel.int.KafkaMetricsCollector] (main) initializing Kafka metrics collector
2025-08-07 20:27:57,303 INFO  [org.apa.kaf.cli.pro.KafkaProducer] (main) [Producer clientId=Producer-topic-5eb4043b_715a_4b8b_9d81_2de49e5bc6e3] Instantiated an idempotent producer.
2025-08-07 20:27:57,304 INFO  [org.apa.kaf.cli.pro.ProducerConfig] (main) These configurations '[apicurio.registry.url, apicurio.registry.artifact-resolver-strategy]' were supplied but are not used yet.
2025-08-07 20:27:57,304 INFO  [org.apa.kaf.com.uti.AppInfoParser] (main) Kafka version: 3.9.1
2025-08-07 20:27:57,305 INFO  [org.apa.kaf.com.uti.AppInfoParser] (main) Kafka commitId: f745dfdcee2b9851
2025-08-07 20:27:57,305 INFO  [org.apa.kaf.com.uti.AppInfoParser] (main) Kafka startTimeMs: 1754598477304
2025-08-07 20:27:57,307 INFO  [io.api.tes.ser.api.KafkaSerdesTester] (Thread-729) Sending message {"keyB": "value-0"} to topic topic-5eb4043b_715a_4b8b_9d81_2de49e5bc6e3
2025-08-07 20:27:57,309 INFO  [org.apa.kaf.cli.Metadata] (kafka-producer-network-thread | Producer-topic-5eb4043b_715a_4b8b_9d81_2de49e5bc6e3) [Producer clientId=Producer-topic-5eb4043b_715a_4b8b_9d81_2de49e5bc6e3] Cluster ID: hNYxEGJzT_KJiJb9MK3e4A
2025-08-07 20:27:57,310 INFO  [org.apa.kaf.cli.pro.int.TransactionManager] (kafka-producer-network-thread | Producer-topic-5eb4043b_715a_4b8b_9d81_2de49e5bc6e3) [Producer clientId=Producer-topic-5eb4043b_715a_4b8b_9d81_2de49e5bc6e3] ProducerId set to 22 with epoch 0
2025-08-07 20:27:57,312 WARN  [org.apa.kaf.cli.NetworkClient] (kafka-producer-network-thread | Producer-topic-5eb4043b_715a_4b8b_9d81_2de49e5bc6e3) [Producer clientId=Producer-topic-5eb4043b_715a_4b8b_9d81_2de49e5bc6e3] The metadata response from the cluster reported a recoverable issue with correlation id 4 : {topic-5eb4043b_715a_4b8b_9d81_2de49e5bc6e3=UNKNOWN_TOPIC_OR_PARTITION}
2025-08-07 20:27:57,431 INFO  [DefaultSchemaResolver] (Thread-729) Retrieving schema content using string: {"type":"record","name":"myrecord","namespace":"mygroup","fields":[{"name":"keyB","type":"string"}]}
2025-08-07 20:27:57,652 INFO  [org.apa.kaf.cli.pro.KafkaProducer] (Thread-729) [Producer clientId=Producer-topic-5eb4043b_715a_4b8b_9d81_2de49e5bc6e3] Closing the Kafka producer with timeoutMillis = 9223372036854775807 ms.
2025-08-07 20:27:57,656 INFO  [org.apa.kaf.com.met.Metrics] (Thread-729) Metrics scheduler closed
2025-08-07 20:27:57,656 INFO  [org.apa.kaf.com.met.Metrics] (Thread-729) Closing reporter org.apache.kafka.common.metrics.JmxReporter
2025-08-07 20:27:57,656 INFO  [org.apa.kaf.com.met.Metrics] (Thread-729) Closing reporter org.apache.kafka.common.telemetry.internals.ClientTelemetryReporter
2025-08-07 20:27:57,656 INFO  [org.apa.kaf.com.met.Metrics] (Thread-729) Metrics reporters closed
2025-08-07 20:27:57,656 INFO  [org.apa.kaf.com.uti.AppInfoParser] (Thread-729) App info kafka.producer for Producer-topic-5eb4043b_715a_4b8b_9d81_2de49e5bc6e3 unregistered
2025-08-07 20:27:57,659 INFO  [org.ecl.jet.ser.Server] (main) Stopped Server@71ca6a60{STOPPING}[11.0.15,sto=1000]
2025-08-07 20:27:57,659 INFO  [org.ecl.jet.ser.Server] (main) Shutdown Server@71ca6a60{STOPPING}[11.0.15,sto=1000]
2025-08-07 20:27:57,663 INFO  [org.ecl.jet.ser.AbstractConnector] (main) Stopped NetworkTrafficServerConnector@50859a18{HTTP/1.1, (http/1.1, h2c)}{0.0.0.0:0}
2025-08-07 20:27:57,665 INFO  [org.ecl.jet.ser.han.ContextHandler] (main) Stopped o.e.j.s.ServletContextHandler@2de1a93d{/,null,STOPPED}
2025-08-07 20:27:57,665 INFO  [org.ecl.jet.ser.han.ContextHandler] (main) Stopped o.e.j.s.ServletContextHandler@64f514d2{/__admin,null,STOPPED}
2025-08-07 20:27:57,671 INFO  [io.api.tes.uti.TestSeparator] (main) io.apicurio.tests.serdes.apicurio.AvroSerdeIT.testFirstRequestFailsRateLimited-FINISHED
2025-08-07 20:27:57,671 INFO  [io.api.tes.uti.TestSeparator] (main) ############################################################################
Test passed: testFirstRequestFailsRateLimited
]]></system-out>
    <system-err><![CDATA[com.microsoft.kiota.ApiException: the server returned an unexpected status code and no error class is registered for this code 429
	at com.microsoft.kiota.ApiExceptionBuilder.withMessage(ApiExceptionBuilder.java:45)
	at io.kiota.http.vertx.VertXRequestAdapter.throwIfFailedResponse(VertXRequestAdapter.java:370)
	at io.kiota.http.vertx.VertXRequestAdapter.send(VertXRequestAdapter.java:170)
	at io.apicurio.registry.rest.client.search.versions.VersionsRequestBuilder.post(VersionsRequestBuilder.java:94)
	at io.apicurio.registry.resolver.client.RegistryClientFacadeImpl.searchVersionsByContent(RegistryClientFacadeImpl.java:106)
	at io.apicurio.registry.resolver.DefaultSchemaResolver.lambda$handleResolveSchemaByContent$3(DefaultSchemaResolver.java:258)
	at io.apicurio.registry.resolver.cache.ERCache.lambda$getValue$0(ERCache.java:174)
	at io.apicurio.registry.resolver.cache.ERCache.retry(ERCache.java:227)
	at io.apicurio.registry.resolver.cache.ERCache.getValue(ERCache.java:173)
	at io.apicurio.registry.resolver.cache.ERCache.getByContent(ERCache.java:147)
	at io.apicurio.registry.resolver.DefaultSchemaResolver.handleResolveSchemaByContent(DefaultSchemaResolver.java:253)
	at io.apicurio.registry.resolver.DefaultSchemaResolver.getSchemaFromRegistry(DefaultSchemaResolver.java:138)
	at io.apicurio.registry.resolver.DefaultSchemaResolver.lambda$resolveSchema$0(DefaultSchemaResolver.java:84)
	at java.base/java.util.Optional.orElseGet(Optional.java:364)
	at io.apicurio.registry.resolver.DefaultSchemaResolver.resolveSchema(DefaultSchemaResolver.java:84)
	at io.apicurio.registry.serde.AbstractSerializer.serializeData(AbstractSerializer.java:62)
	at io.apicurio.registry.serde.KafkaSerializer.serialize(KafkaSerializer.java:77)
	at org.apache.kafka.clients.producer.KafkaProducer.doSend(KafkaProducer.java:1046)
	at org.apache.kafka.clients.producer.KafkaProducer.send(KafkaProducer.java:993)
	at org.apache.kafka.clients.producer.KafkaProducer.send(KafkaProducer.java:875)
	at io.apicurio.tests.serdes.apicurio.KafkaSerdesTester.lambda$produceMessages$3(KafkaSerdesTester.java:138)
	at java.base/java.util.concurrent.CompletableFuture$AsyncSupply.run(CompletableFuture.java:1768)
	at java.base/java.lang.Thread.run(Thread.java:840)
]]></system-err>
  </testcase>
  <testcase name="testFirstEmptyFieldConfusedAsMagicByte" classname="io.apicurio.tests.serdes.apicurio.AvroSerdeIT" time="3.912">
    <system-out><![CDATA[2025-08-07 20:27:57,674 INFO  [io.api.tes.uti.TestSeparator] (main) ############################################################################
2025-08-07 20:27:57,674 INFO  [io.api.tes.uti.TestSeparator] (main) io.apicurio.tests.serdes.apicurio.AvroSerdeIT.testFirstEmptyFieldConfusedAsMagicByte-STARTED
**** Registry Base URL: http://registry-app-inmemory.apps.ci419.apicurio-testing.org:80
2025-08-07 20:27:57,679 INFO  [org.apa.kaf.cli.pro.ProducerConfig] (main) ProducerConfig values: 
	acks = -1
	auto.include.jmx.reporter = true
	batch.size = 16384
	bootstrap.servers = [PLAINTEXT://localhost:32769]
	buffer.memory = 33554432
	client.dns.lookup = use_all_dns_ips
	client.id = Producer-topic-d78bdb54_69bf_4b5d_bfa4_909e219cf541
	compression.gzip.level = -1
	compression.lz4.level = 9
	compression.type = none
	compression.zstd.level = 3
	connections.max.idle.ms = 10000
	delivery.timeout.ms = 120000
	enable.idempotence = true
	enable.metrics.push = true
	interceptor.classes = []
	key.serializer = class org.apache.kafka.common.serialization.StringSerializer
	linger.ms = 0
	max.block.ms = 60000
	max.in.flight.requests.per.connection = 5
	max.request.size = 1048576
	metadata.max.age.ms = 300000
	metadata.max.idle.ms = 300000
	metadata.recovery.strategy = none
	metric.reporters = []
	metrics.num.samples = 2
	metrics.recording.level = INFO
	metrics.sample.window.ms = 30000
	partitioner.adaptive.partitioning.enable = true
	partitioner.availability.timeout.ms = 0
	partitioner.class = null
	partitioner.ignore.keys = false
	receive.buffer.bytes = 32768
	reconnect.backoff.max.ms = 1000
	reconnect.backoff.ms = 50
	request.timeout.ms = 5000
	retries = 2147483647
	retry.backoff.max.ms = 1000
	retry.backoff.ms = 100
	sasl.client.callback.handler.class = null
	sasl.jaas.config = null
	sasl.kerberos.kinit.cmd = /usr/bin/kinit
	sasl.kerberos.min.time.before.relogin = 60000
	sasl.kerberos.service.name = null
	sasl.kerberos.ticket.renew.jitter = 0.05
	sasl.kerberos.ticket.renew.window.factor = 0.8
	sasl.login.callback.handler.class = null
	sasl.login.class = null
	sasl.login.connect.timeout.ms = null
	sasl.login.read.timeout.ms = null
	sasl.login.refresh.buffer.seconds = 300
	sasl.login.refresh.min.period.seconds = 60
	sasl.login.refresh.window.factor = 0.8
	sasl.login.refresh.window.jitter = 0.05
	sasl.login.retry.backoff.max.ms = 10000
	sasl.login.retry.backoff.ms = 100
	sasl.mechanism = GSSAPI
	sasl.oauthbearer.clock.skew.seconds = 30
	sasl.oauthbearer.expected.audience = null
	sasl.oauthbearer.expected.issuer = null
	sasl.oauthbearer.header.urlencode = false
	sasl.oauthbearer.jwks.endpoint.refresh.ms = 3600000
	sasl.oauthbearer.jwks.endpoint.retry.backoff.max.ms = 10000
	sasl.oauthbearer.jwks.endpoint.retry.backoff.ms = 100
	sasl.oauthbearer.jwks.endpoint.url = null
	sasl.oauthbearer.scope.claim.name = scope
	sasl.oauthbearer.sub.claim.name = sub
	sasl.oauthbearer.token.endpoint.url = null
	security.protocol = PLAINTEXT
	security.providers = null
	send.buffer.bytes = 131072
	socket.connection.setup.timeout.max.ms = 30000
	socket.connection.setup.timeout.ms = 10000
	ssl.cipher.suites = null
	ssl.enabled.protocols = [TLSv1.2, TLSv1.3]
	ssl.endpoint.identification.algorithm = https
	ssl.engine.factory.class = null
	ssl.key.password = null
	ssl.keymanager.algorithm = SunX509
	ssl.keystore.certificate.chain = null
	ssl.keystore.key = null
	ssl.keystore.location = null
	ssl.keystore.password = null
	ssl.keystore.type = JKS
	ssl.protocol = TLSv1.3
	ssl.provider = null
	ssl.secure.random.implementation = null
	ssl.trustmanager.algorithm = PKIX
	ssl.truststore.certificates = null
	ssl.truststore.location = null
	ssl.truststore.password = null
	ssl.truststore.type = JKS
	transaction.timeout.ms = 60000
	transactional.id = null
	value.serializer = class io.apicurio.registry.serde.avro.AvroKafkaSerializer

2025-08-07 20:27:57,680 INFO  [org.apa.kaf.com.tel.int.KafkaMetricsCollector] (main) initializing Kafka metrics collector
2025-08-07 20:27:57,684 INFO  [org.apa.kaf.cli.pro.KafkaProducer] (main) [Producer clientId=Producer-topic-d78bdb54_69bf_4b5d_bfa4_909e219cf541] Instantiated an idempotent producer.
2025-08-07 20:27:57,686 INFO  [org.apa.kaf.cli.pro.ProducerConfig] (main) These configurations '[apicurio.registry.url, apicurio.registry.auto-register, apicurio.registry.artifact-resolver-strategy]' were supplied but are not used yet.
2025-08-07 20:27:57,686 INFO  [org.apa.kaf.com.uti.AppInfoParser] (main) Kafka version: 3.9.1
2025-08-07 20:27:57,686 INFO  [org.apa.kaf.com.uti.AppInfoParser] (main) Kafka commitId: f745dfdcee2b9851
2025-08-07 20:27:57,687 INFO  [org.apa.kaf.com.uti.AppInfoParser] (main) Kafka startTimeMs: 1754598477686
2025-08-07 20:27:57,687 INFO  [io.api.tes.ser.api.SimpleSerdesTesterBuilder$SimpleSerdesTester] (main) Using producer configuration: {apicurio.registry.url=http://registry-app-inmemory.apps.ci419.apicurio-testing.org:80/apis/registry/v3, apicurio.registry.auto-register=true, apicurio.registry.artifact-resolver-strategy=io.apicurio.registry.serde.strategy.SimpleTopicIdStrategy, value.serializer=io.apicurio.registry.serde.avro.AvroKafkaSerializer, request.timeout.ms=5000, acks=all, bootstrap.servers=PLAINTEXT://localhost:32769, connections.max.idle.ms=10000, key.serializer=org.apache.kafka.common.serialization.StringSerializer, client.id=Producer-topic-d78bdb54_69bf_4b5d_bfa4_909e219cf541}
2025-08-07 20:27:57,687 INFO  [io.api.tes.ser.api.SimpleSerdesTesterBuilder$SimpleSerdesTester] (main) Using consumer configuration: {}
2025-08-07 20:27:57,689 INFO  [io.api.tes.ser.api.KafkaSerdesTester] (Thread-732) Sending message {"username": null} to topic topic-d78bdb54_69bf_4b5d_bfa4_909e219cf541
2025-08-07 20:27:57,694 WARN  [org.apa.kaf.cli.NetworkClient] (kafka-producer-network-thread | Producer-topic-d78bdb54_69bf_4b5d_bfa4_909e219cf541) [Producer clientId=Producer-topic-d78bdb54_69bf_4b5d_bfa4_909e219cf541] The metadata response from the cluster reported a recoverable issue with correlation id 1 : {topic-d78bdb54_69bf_4b5d_bfa4_909e219cf541=UNKNOWN_TOPIC_OR_PARTITION}
2025-08-07 20:27:57,694 INFO  [org.apa.kaf.cli.Metadata] (kafka-producer-network-thread | Producer-topic-d78bdb54_69bf_4b5d_bfa4_909e219cf541) [Producer clientId=Producer-topic-d78bdb54_69bf_4b5d_bfa4_909e219cf541] Cluster ID: hNYxEGJzT_KJiJb9MK3e4A
2025-08-07 20:27:57,695 INFO  [org.apa.kaf.cli.pro.int.TransactionManager] (kafka-producer-network-thread | Producer-topic-d78bdb54_69bf_4b5d_bfa4_909e219cf541) [Producer clientId=Producer-topic-d78bdb54_69bf_4b5d_bfa4_909e219cf541] ProducerId set to 23 with epoch 0
2025-08-07 20:27:57,872 INFO  [io.api.tes.ser.api.KafkaSerdesTester] (Thread-732) Sending message {"username": null} to topic topic-d78bdb54_69bf_4b5d_bfa4_909e219cf541
2025-08-07 20:27:57,874 INFO  [io.api.tes.ser.api.KafkaSerdesTester] (Thread-732) Sending message {"username": "value-2"} to topic topic-d78bdb54_69bf_4b5d_bfa4_909e219cf541
2025-08-07 20:27:57,875 INFO  [io.api.tes.ser.api.KafkaSerdesTester] (Thread-732) Sending message {"username": null} to topic topic-d78bdb54_69bf_4b5d_bfa4_909e219cf541
2025-08-07 20:27:57,877 INFO  [io.api.tes.ser.api.KafkaSerdesTester] (Thread-732) Sending message {"username": "value-4"} to topic topic-d78bdb54_69bf_4b5d_bfa4_909e219cf541
2025-08-07 20:27:57,878 INFO  [io.api.tes.ser.api.KafkaSerdesTester] (Thread-732) Sending message {"username": null} to topic topic-d78bdb54_69bf_4b5d_bfa4_909e219cf541
2025-08-07 20:27:57,879 INFO  [io.api.tes.ser.api.KafkaSerdesTester] (Thread-732) Sending message {"username": "value-6"} to topic topic-d78bdb54_69bf_4b5d_bfa4_909e219cf541
2025-08-07 20:27:57,881 INFO  [io.api.tes.ser.api.KafkaSerdesTester] (Thread-732) Sending message {"username": null} to topic topic-d78bdb54_69bf_4b5d_bfa4_909e219cf541
2025-08-07 20:27:57,884 INFO  [io.api.tes.ser.api.KafkaSerdesTester] (Thread-732) Sending message {"username": "value-8"} to topic topic-d78bdb54_69bf_4b5d_bfa4_909e219cf541
2025-08-07 20:27:57,888 INFO  [io.api.tes.ser.api.KafkaSerdesTester] (Thread-732) Sending message {"username": null} to topic topic-d78bdb54_69bf_4b5d_bfa4_909e219cf541
2025-08-07 20:27:57,890 INFO  [io.api.tes.ser.api.KafkaSerdesTester] (Thread-732) Produced 10 messages
2025-08-07 20:27:57,890 INFO  [org.apa.kaf.cli.pro.KafkaProducer] (Thread-732) [Producer clientId=Producer-topic-d78bdb54_69bf_4b5d_bfa4_909e219cf541] Closing the Kafka producer with timeoutMillis = 9223372036854775807 ms.
2025-08-07 20:27:57,893 INFO  [org.apa.kaf.com.met.Metrics] (Thread-732) Metrics scheduler closed
2025-08-07 20:27:57,894 INFO  [org.apa.kaf.com.met.Metrics] (Thread-732) Closing reporter org.apache.kafka.common.metrics.JmxReporter
2025-08-07 20:27:57,894 INFO  [org.apa.kaf.com.met.Metrics] (Thread-732) Closing reporter org.apache.kafka.common.telemetry.internals.ClientTelemetryReporter
2025-08-07 20:27:57,894 INFO  [org.apa.kaf.com.met.Metrics] (Thread-732) Metrics reporters closed
2025-08-07 20:27:57,894 INFO  [org.apa.kaf.com.uti.AppInfoParser] (Thread-732) App info kafka.producer for Producer-topic-d78bdb54_69bf_4b5d_bfa4_909e219cf541 unregistered
**** Registry Base URL: http://registry-app-inmemory.apps.ci419.apicurio-testing.org:80
2025-08-07 20:27:57,973 INFO  [org.apa.kaf.cli.con.ConsumerConfig] (main) ConsumerConfig values: 
	allow.auto.create.topics = true
	auto.commit.interval.ms = 500
	auto.include.jmx.reporter = true
	auto.offset.reset = earliest
	bootstrap.servers = [PLAINTEXT://localhost:32769]
	check.crcs = true
	client.dns.lookup = use_all_dns_ips
	client.id = consumer-Consumer-topic-d78bdb54_69bf_4b5d_bfa4_909e219cf541-17
	client.rack = 
	connections.max.idle.ms = 10000
	default.api.timeout.ms = 60000
	enable.auto.commit = true
	enable.metrics.push = true
	exclude.internal.topics = true
	fetch.max.bytes = 52428800
	fetch.max.wait.ms = 500
	fetch.min.bytes = 1
	group.id = Consumer-topic-d78bdb54_69bf_4b5d_bfa4_909e219cf541
	group.instance.id = null
	group.protocol = classic
	group.remote.assignor = null
	heartbeat.interval.ms = 3000
	interceptor.classes = []
	internal.leave.group.on.close = true
	internal.throw.on.fetch.stable.offset.unsupported = false
	isolation.level = read_uncommitted
	key.deserializer = class org.apache.kafka.common.serialization.StringDeserializer
	max.partition.fetch.bytes = 1048576
	max.poll.interval.ms = 300000
	max.poll.records = 500
	metadata.max.age.ms = 300000
	metadata.recovery.strategy = none
	metric.reporters = []
	metrics.num.samples = 2
	metrics.recording.level = INFO
	metrics.sample.window.ms = 30000
	partition.assignment.strategy = [class org.apache.kafka.clients.consumer.RangeAssignor, class org.apache.kafka.clients.consumer.CooperativeStickyAssignor]
	receive.buffer.bytes = 65536
	reconnect.backoff.max.ms = 1000
	reconnect.backoff.ms = 50
	request.timeout.ms = 5000
	retry.backoff.max.ms = 1000
	retry.backoff.ms = 100
	sasl.client.callback.handler.class = null
	sasl.jaas.config = null
	sasl.kerberos.kinit.cmd = /usr/bin/kinit
	sasl.kerberos.min.time.before.relogin = 60000
	sasl.kerberos.service.name = null
	sasl.kerberos.ticket.renew.jitter = 0.05
	sasl.kerberos.ticket.renew.window.factor = 0.8
	sasl.login.callback.handler.class = null
	sasl.login.class = null
	sasl.login.connect.timeout.ms = null
	sasl.login.read.timeout.ms = null
	sasl.login.refresh.buffer.seconds = 300
	sasl.login.refresh.min.period.seconds = 60
	sasl.login.refresh.window.factor = 0.8
	sasl.login.refresh.window.jitter = 0.05
	sasl.login.retry.backoff.max.ms = 10000
	sasl.login.retry.backoff.ms = 100
	sasl.mechanism = GSSAPI
	sasl.oauthbearer.clock.skew.seconds = 30
	sasl.oauthbearer.expected.audience = null
	sasl.oauthbearer.expected.issuer = null
	sasl.oauthbearer.header.urlencode = false
	sasl.oauthbearer.jwks.endpoint.refresh.ms = 3600000
	sasl.oauthbearer.jwks.endpoint.retry.backoff.max.ms = 10000
	sasl.oauthbearer.jwks.endpoint.retry.backoff.ms = 100
	sasl.oauthbearer.jwks.endpoint.url = null
	sasl.oauthbearer.scope.claim.name = scope
	sasl.oauthbearer.sub.claim.name = sub
	sasl.oauthbearer.token.endpoint.url = null
	security.protocol = PLAINTEXT
	security.providers = null
	send.buffer.bytes = 131072
	session.timeout.ms = 45000
	socket.connection.setup.timeout.max.ms = 30000
	socket.connection.setup.timeout.ms = 10000
	ssl.cipher.suites = null
	ssl.enabled.protocols = [TLSv1.2, TLSv1.3]
	ssl.endpoint.identification.algorithm = https
	ssl.engine.factory.class = null
	ssl.key.password = null
	ssl.keymanager.algorithm = SunX509
	ssl.keystore.certificate.chain = null
	ssl.keystore.key = null
	ssl.keystore.location = null
	ssl.keystore.password = null
	ssl.keystore.type = JKS
	ssl.protocol = TLSv1.3
	ssl.provider = null
	ssl.secure.random.implementation = null
	ssl.trustmanager.algorithm = PKIX
	ssl.truststore.certificates = null
	ssl.truststore.location = null
	ssl.truststore.password = null
	ssl.truststore.type = JKS
	value.deserializer = class io.apicurio.registry.serde.avro.AvroKafkaDeserializer

2025-08-07 20:27:57,974 INFO  [org.apa.kaf.com.tel.int.KafkaMetricsCollector] (main) initializing Kafka metrics collector
2025-08-07 20:27:57,979 INFO  [org.apa.kaf.cli.con.ConsumerConfig] (main) These configurations '[apicurio.registry.url]' were supplied but are not used yet.
2025-08-07 20:27:57,980 INFO  [org.apa.kaf.com.uti.AppInfoParser] (main) Kafka version: 3.9.1
2025-08-07 20:27:57,980 INFO  [org.apa.kaf.com.uti.AppInfoParser] (main) Kafka commitId: f745dfdcee2b9851
2025-08-07 20:27:57,980 INFO  [org.apa.kaf.com.uti.AppInfoParser] (main) Kafka startTimeMs: 1754598477979
2025-08-07 20:27:57,980 INFO  [org.apa.kaf.cli.con.int.ClassicKafkaConsumer] (Thread-735) [Consumer clientId=consumer-Consumer-topic-d78bdb54_69bf_4b5d_bfa4_909e219cf541-17, groupId=Consumer-topic-d78bdb54_69bf_4b5d_bfa4_909e219cf541] Subscribed to topic(s): topic-d78bdb54_69bf_4b5d_bfa4_909e219cf541
2025-08-07 20:27:57,984 INFO  [org.apa.kaf.cli.Metadata] (Thread-735) [Consumer clientId=consumer-Consumer-topic-d78bdb54_69bf_4b5d_bfa4_909e219cf541-17, groupId=Consumer-topic-d78bdb54_69bf_4b5d_bfa4_909e219cf541] Cluster ID: hNYxEGJzT_KJiJb9MK3e4A
2025-08-07 20:27:57,985 INFO  [org.apa.kaf.cli.con.int.ConsumerCoordinator] (Thread-735) [Consumer clientId=consumer-Consumer-topic-d78bdb54_69bf_4b5d_bfa4_909e219cf541-17, groupId=Consumer-topic-d78bdb54_69bf_4b5d_bfa4_909e219cf541] Discovered group coordinator localhost:32769 (id: 2147483647 rack: null)
2025-08-07 20:27:57,986 INFO  [org.apa.kaf.cli.con.int.ConsumerCoordinator] (Thread-735) [Consumer clientId=consumer-Consumer-topic-d78bdb54_69bf_4b5d_bfa4_909e219cf541-17, groupId=Consumer-topic-d78bdb54_69bf_4b5d_bfa4_909e219cf541] (Re-)joining group
2025-08-07 20:27:57,988 INFO  [org.apa.kaf.cli.con.int.ConsumerCoordinator] (Thread-735) [Consumer clientId=consumer-Consumer-topic-d78bdb54_69bf_4b5d_bfa4_909e219cf541-17, groupId=Consumer-topic-d78bdb54_69bf_4b5d_bfa4_909e219cf541] Request joining group due to: need to re-join with the given member-id: consumer-Consumer-topic-d78bdb54_69bf_4b5d_bfa4_909e219cf541-17-226de8a6-5933-4c88-9969-20a32f47777e
2025-08-07 20:27:57,988 INFO  [org.apa.kaf.cli.con.int.ConsumerCoordinator] (Thread-735) [Consumer clientId=consumer-Consumer-topic-d78bdb54_69bf_4b5d_bfa4_909e219cf541-17, groupId=Consumer-topic-d78bdb54_69bf_4b5d_bfa4_909e219cf541] (Re-)joining group
2025-08-07 20:27:58,980 INFO  [io.api.tes.ser.api.KafkaSerdesTester] (Thread-735) None found
2025-08-07 20:27:59,981 INFO  [io.api.tes.ser.api.KafkaSerdesTester] (Thread-735) None found
2025-08-07 20:28:00,981 INFO  [io.api.tes.ser.api.KafkaSerdesTester] (Thread-735) None found
2025-08-07 20:28:00,989 INFO  [org.apa.kaf.cli.con.int.ConsumerCoordinator] (Thread-735) [Consumer clientId=consumer-Consumer-topic-d78bdb54_69bf_4b5d_bfa4_909e219cf541-17, groupId=Consumer-topic-d78bdb54_69bf_4b5d_bfa4_909e219cf541] Successfully joined group with generation Generation{generationId=1, memberId='consumer-Consumer-topic-d78bdb54_69bf_4b5d_bfa4_909e219cf541-17-226de8a6-5933-4c88-9969-20a32f47777e', protocol='range'}
2025-08-07 20:28:00,990 INFO  [org.apa.kaf.cli.con.int.ConsumerCoordinator] (Thread-735) [Consumer clientId=consumer-Consumer-topic-d78bdb54_69bf_4b5d_bfa4_909e219cf541-17, groupId=Consumer-topic-d78bdb54_69bf_4b5d_bfa4_909e219cf541] Finished assignment for group at generation 1: {consumer-Consumer-topic-d78bdb54_69bf_4b5d_bfa4_909e219cf541-17-226de8a6-5933-4c88-9969-20a32f47777e=Assignment(partitions=[topic-d78bdb54_69bf_4b5d_bfa4_909e219cf541-0])}
2025-08-07 20:28:00,996 INFO  [org.apa.kaf.cli.con.int.ConsumerCoordinator] (Thread-735) [Consumer clientId=consumer-Consumer-topic-d78bdb54_69bf_4b5d_bfa4_909e219cf541-17, groupId=Consumer-topic-d78bdb54_69bf_4b5d_bfa4_909e219cf541] Successfully synced group in generation Generation{generationId=1, memberId='consumer-Consumer-topic-d78bdb54_69bf_4b5d_bfa4_909e219cf541-17-226de8a6-5933-4c88-9969-20a32f47777e', protocol='range'}
2025-08-07 20:28:00,996 INFO  [org.apa.kaf.cli.con.int.ConsumerCoordinator] (Thread-735) [Consumer clientId=consumer-Consumer-topic-d78bdb54_69bf_4b5d_bfa4_909e219cf541-17, groupId=Consumer-topic-d78bdb54_69bf_4b5d_bfa4_909e219cf541] Notifying assignor about the new Assignment(partitions=[topic-d78bdb54_69bf_4b5d_bfa4_909e219cf541-0])
2025-08-07 20:28:00,996 INFO  [org.apa.kaf.cli.con.int.ConsumerRebalanceListenerInvoker] (Thread-735) [Consumer clientId=consumer-Consumer-topic-d78bdb54_69bf_4b5d_bfa4_909e219cf541-17, groupId=Consumer-topic-d78bdb54_69bf_4b5d_bfa4_909e219cf541] Adding newly assigned partitions: topic-d78bdb54_69bf_4b5d_bfa4_909e219cf541-0
2025-08-07 20:28:00,998 INFO  [org.apa.kaf.cli.con.int.ConsumerCoordinator] (Thread-735) [Consumer clientId=consumer-Consumer-topic-d78bdb54_69bf_4b5d_bfa4_909e219cf541-17, groupId=Consumer-topic-d78bdb54_69bf_4b5d_bfa4_909e219cf541] Found no committed offset for partition topic-d78bdb54_69bf_4b5d_bfa4_909e219cf541-0
2025-08-07 20:28:01,001 INFO  [org.apa.kaf.cli.con.int.SubscriptionState] (Thread-735) [Consumer clientId=consumer-Consumer-topic-d78bdb54_69bf_4b5d_bfa4_909e219cf541-17, groupId=Consumer-topic-d78bdb54_69bf_4b5d_bfa4_909e219cf541] Resetting offset for partition topic-d78bdb54_69bf_4b5d_bfa4_909e219cf541-0 to position FetchPosition{offset=0, offsetEpoch=Optional.empty, currentLeader=LeaderAndEpoch{leader=Optional[localhost:32769 (id: 0 rack: null)], epoch=0}}.
2025-08-07 20:28:01,078 INFO  [io.api.tes.ser.api.KafkaSerdesTester] (Thread-735) topic-d78bdb54_69bf_4b5d_bfa4_909e219cf541 0 0 {"username": null}
2025-08-07 20:28:01,078 INFO  [io.api.tes.ser.api.KafkaSerdesTester] (Thread-735) topic-d78bdb54_69bf_4b5d_bfa4_909e219cf541 0 1 {"username": null}
2025-08-07 20:28:01,078 INFO  [io.api.tes.ser.api.KafkaSerdesTester] (Thread-735) topic-d78bdb54_69bf_4b5d_bfa4_909e219cf541 0 2 {"username": "value-2"}
2025-08-07 20:28:01,078 INFO  [io.api.tes.ser.api.KafkaSerdesTester] (Thread-735) topic-d78bdb54_69bf_4b5d_bfa4_909e219cf541 0 3 {"username": null}
2025-08-07 20:28:01,078 INFO  [io.api.tes.ser.api.KafkaSerdesTester] (Thread-735) topic-d78bdb54_69bf_4b5d_bfa4_909e219cf541 0 4 {"username": "value-4"}
2025-08-07 20:28:01,078 INFO  [io.api.tes.ser.api.KafkaSerdesTester] (Thread-735) topic-d78bdb54_69bf_4b5d_bfa4_909e219cf541 0 5 {"username": null}
2025-08-07 20:28:01,078 INFO  [io.api.tes.ser.api.KafkaSerdesTester] (Thread-735) topic-d78bdb54_69bf_4b5d_bfa4_909e219cf541 0 6 {"username": "value-6"}
2025-08-07 20:28:01,078 INFO  [io.api.tes.ser.api.KafkaSerdesTester] (Thread-735) topic-d78bdb54_69bf_4b5d_bfa4_909e219cf541 0 7 {"username": null}
2025-08-07 20:28:01,079 INFO  [io.api.tes.ser.api.KafkaSerdesTester] (Thread-735) topic-d78bdb54_69bf_4b5d_bfa4_909e219cf541 0 8 {"username": "value-8"}
2025-08-07 20:28:01,079 INFO  [io.api.tes.ser.api.KafkaSerdesTester] (Thread-735) topic-d78bdb54_69bf_4b5d_bfa4_909e219cf541 0 9 {"username": null}
2025-08-07 20:28:01,079 INFO  [io.api.tes.ser.api.KafkaSerdesTester] (Thread-735) Consumed 10 messages
2025-08-07 20:28:01,086 INFO  [org.apa.kaf.cli.con.int.ConsumerRebalanceListenerInvoker] (Thread-735) [Consumer clientId=consumer-Consumer-topic-d78bdb54_69bf_4b5d_bfa4_909e219cf541-17, groupId=Consumer-topic-d78bdb54_69bf_4b5d_bfa4_909e219cf541] Revoke previously assigned partitions topic-d78bdb54_69bf_4b5d_bfa4_909e219cf541-0
2025-08-07 20:28:01,086 INFO  [org.apa.kaf.cli.con.int.ConsumerCoordinator] (Thread-735) [Consumer clientId=consumer-Consumer-topic-d78bdb54_69bf_4b5d_bfa4_909e219cf541-17, groupId=Consumer-topic-d78bdb54_69bf_4b5d_bfa4_909e219cf541] Member consumer-Consumer-topic-d78bdb54_69bf_4b5d_bfa4_909e219cf541-17-226de8a6-5933-4c88-9969-20a32f47777e sending LeaveGroup request to coordinator localhost:32769 (id: 2147483647 rack: null) due to the consumer is being closed
2025-08-07 20:28:01,087 INFO  [org.apa.kaf.cli.con.int.ConsumerCoordinator] (Thread-735) [Consumer clientId=consumer-Consumer-topic-d78bdb54_69bf_4b5d_bfa4_909e219cf541-17, groupId=Consumer-topic-d78bdb54_69bf_4b5d_bfa4_909e219cf541] Resetting generation and member id due to: consumer pro-actively leaving the group
2025-08-07 20:28:01,087 INFO  [org.apa.kaf.cli.con.int.ConsumerCoordinator] (Thread-735) [Consumer clientId=consumer-Consumer-topic-d78bdb54_69bf_4b5d_bfa4_909e219cf541-17, groupId=Consumer-topic-d78bdb54_69bf_4b5d_bfa4_909e219cf541] Request joining group due to: consumer pro-actively leaving the group
2025-08-07 20:28:01,582 INFO  [org.apa.kaf.com.met.Metrics] (Thread-735) Metrics scheduler closed
2025-08-07 20:28:01,582 INFO  [org.apa.kaf.com.met.Metrics] (Thread-735) Closing reporter org.apache.kafka.common.metrics.JmxReporter
2025-08-07 20:28:01,582 INFO  [org.apa.kaf.com.met.Metrics] (Thread-735) Closing reporter org.apache.kafka.common.telemetry.internals.ClientTelemetryReporter
2025-08-07 20:28:01,582 INFO  [org.apa.kaf.com.met.Metrics] (Thread-735) Metrics reporters closed
2025-08-07 20:28:01,584 INFO  [org.apa.kaf.com.uti.AppInfoParser] (Thread-735) App info kafka.consumer for consumer-Consumer-topic-d78bdb54_69bf_4b5d_bfa4_909e219cf541-17 unregistered
2025-08-07 20:28:01,585 INFO  [io.api.tes.uti.TestSeparator] (main) io.apicurio.tests.serdes.apicurio.AvroSerdeIT.testFirstEmptyFieldConfusedAsMagicByte-FINISHED
2025-08-07 20:28:01,585 INFO  [io.api.tes.uti.TestSeparator] (main) ############################################################################
Test passed: testFirstEmptyFieldConfusedAsMagicByte
]]></system-out>
  </testcase>
  <testcase name="testAvroSerDesFailDifferentSchemaByContent" classname="io.apicurio.tests.serdes.apicurio.AvroSerdeIT" time="1.222">
    <system-out><![CDATA[2025-08-07 20:28:01,586 INFO  [io.api.tes.uti.TestSeparator] (main) ############################################################################
2025-08-07 20:28:01,586 INFO  [io.api.tes.uti.TestSeparator] (main) io.apicurio.tests.serdes.apicurio.AvroSerdeIT.testAvroSerDesFailDifferentSchemaByContent-STARTED
**** Registry Base URL: http://registry-app-inmemory.apps.ci419.apicurio-testing.org:80
2025-08-07 20:28:02,655 INFO  [org.apa.kaf.cli.pro.ProducerConfig] (main) ProducerConfig values: 
	acks = -1
	auto.include.jmx.reporter = true
	batch.size = 16384
	bootstrap.servers = [PLAINTEXT://localhost:32769]
	buffer.memory = 33554432
	client.dns.lookup = use_all_dns_ips
	client.id = Producer-topic-6ced3662_0394_4fc1_88a5_aea7e8158565
	compression.gzip.level = -1
	compression.lz4.level = 9
	compression.type = none
	compression.zstd.level = 3
	connections.max.idle.ms = 10000
	delivery.timeout.ms = 120000
	enable.idempotence = true
	enable.metrics.push = true
	interceptor.classes = []
	key.serializer = class org.apache.kafka.common.serialization.StringSerializer
	linger.ms = 0
	max.block.ms = 60000
	max.in.flight.requests.per.connection = 5
	max.request.size = 1048576
	metadata.max.age.ms = 300000
	metadata.max.idle.ms = 300000
	metadata.recovery.strategy = none
	metric.reporters = []
	metrics.num.samples = 2
	metrics.recording.level = INFO
	metrics.sample.window.ms = 30000
	partitioner.adaptive.partitioning.enable = true
	partitioner.availability.timeout.ms = 0
	partitioner.class = null
	partitioner.ignore.keys = false
	receive.buffer.bytes = 32768
	reconnect.backoff.max.ms = 1000
	reconnect.backoff.ms = 50
	request.timeout.ms = 5000
	retries = 2147483647
	retry.backoff.max.ms = 1000
	retry.backoff.ms = 100
	sasl.client.callback.handler.class = null
	sasl.jaas.config = null
	sasl.kerberos.kinit.cmd = /usr/bin/kinit
	sasl.kerberos.min.time.before.relogin = 60000
	sasl.kerberos.service.name = null
	sasl.kerberos.ticket.renew.jitter = 0.05
	sasl.kerberos.ticket.renew.window.factor = 0.8
	sasl.login.callback.handler.class = null
	sasl.login.class = null
	sasl.login.connect.timeout.ms = null
	sasl.login.read.timeout.ms = null
	sasl.login.refresh.buffer.seconds = 300
	sasl.login.refresh.min.period.seconds = 60
	sasl.login.refresh.window.factor = 0.8
	sasl.login.refresh.window.jitter = 0.05
	sasl.login.retry.backoff.max.ms = 10000
	sasl.login.retry.backoff.ms = 100
	sasl.mechanism = GSSAPI
	sasl.oauthbearer.clock.skew.seconds = 30
	sasl.oauthbearer.expected.audience = null
	sasl.oauthbearer.expected.issuer = null
	sasl.oauthbearer.header.urlencode = false
	sasl.oauthbearer.jwks.endpoint.refresh.ms = 3600000
	sasl.oauthbearer.jwks.endpoint.retry.backoff.max.ms = 10000
	sasl.oauthbearer.jwks.endpoint.retry.backoff.ms = 100
	sasl.oauthbearer.jwks.endpoint.url = null
	sasl.oauthbearer.scope.claim.name = scope
	sasl.oauthbearer.sub.claim.name = sub
	sasl.oauthbearer.token.endpoint.url = null
	security.protocol = PLAINTEXT
	security.providers = null
	send.buffer.bytes = 131072
	socket.connection.setup.timeout.max.ms = 30000
	socket.connection.setup.timeout.ms = 10000
	ssl.cipher.suites = null
	ssl.enabled.protocols = [TLSv1.2, TLSv1.3]
	ssl.endpoint.identification.algorithm = https
	ssl.engine.factory.class = null
	ssl.key.password = null
	ssl.keymanager.algorithm = SunX509
	ssl.keystore.certificate.chain = null
	ssl.keystore.key = null
	ssl.keystore.location = null
	ssl.keystore.password = null
	ssl.keystore.type = JKS
	ssl.protocol = TLSv1.3
	ssl.provider = null
	ssl.secure.random.implementation = null
	ssl.trustmanager.algorithm = PKIX
	ssl.truststore.certificates = null
	ssl.truststore.location = null
	ssl.truststore.password = null
	ssl.truststore.type = JKS
	transaction.timeout.ms = 60000
	transactional.id = null
	value.serializer = class io.apicurio.registry.serde.avro.AvroKafkaSerializer

2025-08-07 20:28:02,655 INFO  [org.apa.kaf.com.tel.int.KafkaMetricsCollector] (main) initializing Kafka metrics collector
2025-08-07 20:28:02,658 INFO  [org.apa.kaf.cli.pro.KafkaProducer] (main) [Producer clientId=Producer-topic-6ced3662_0394_4fc1_88a5_aea7e8158565] Instantiated an idempotent producer.
2025-08-07 20:28:02,660 INFO  [org.apa.kaf.cli.pro.ProducerConfig] (main) These configurations '[apicurio.registry.url, apicurio.registry.artifact-resolver-strategy]' were supplied but are not used yet.
2025-08-07 20:28:02,660 INFO  [org.apa.kaf.com.uti.AppInfoParser] (main) Kafka version: 3.9.1
2025-08-07 20:28:02,660 INFO  [org.apa.kaf.com.uti.AppInfoParser] (main) Kafka commitId: f745dfdcee2b9851
2025-08-07 20:28:02,660 INFO  [org.apa.kaf.com.uti.AppInfoParser] (main) Kafka startTimeMs: 1754598482660
2025-08-07 20:28:02,661 INFO  [io.api.tes.ser.api.KafkaSerdesTester] (Thread-738) Sending message {"keyB": "value-0"} to topic topic-6ced3662_0394_4fc1_88a5_aea7e8158565
2025-08-07 20:28:02,665 INFO  [org.apa.kaf.cli.Metadata] (kafka-producer-network-thread | Producer-topic-6ced3662_0394_4fc1_88a5_aea7e8158565) [Producer clientId=Producer-topic-6ced3662_0394_4fc1_88a5_aea7e8158565] Cluster ID: hNYxEGJzT_KJiJb9MK3e4A
2025-08-07 20:28:02,665 INFO  [org.apa.kaf.cli.pro.int.TransactionManager] (kafka-producer-network-thread | Producer-topic-6ced3662_0394_4fc1_88a5_aea7e8158565) [Producer clientId=Producer-topic-6ced3662_0394_4fc1_88a5_aea7e8158565] ProducerId set to 24 with epoch 0
2025-08-07 20:28:02,665 INFO  [DefaultSchemaResolver] (Thread-738) Retrieving schema content using string: {"type":"record","name":"s2cef930cxdae2x4060xafd7x1cb642a0871f","namespace":"sa0eb95c2x5f77x49ffx8e03x6ca7b65da1aa","fields":[{"name":"keyB","type":"string"}]}
2025-08-07 20:28:02,804 INFO  [org.apa.kaf.cli.pro.KafkaProducer] (Thread-738) [Producer clientId=Producer-topic-6ced3662_0394_4fc1_88a5_aea7e8158565] Closing the Kafka producer with timeoutMillis = 9223372036854775807 ms.
2025-08-07 20:28:02,806 INFO  [org.apa.kaf.com.met.Metrics] (Thread-738) Metrics scheduler closed
2025-08-07 20:28:02,806 INFO  [org.apa.kaf.com.met.Metrics] (Thread-738) Closing reporter org.apache.kafka.common.metrics.JmxReporter
2025-08-07 20:28:02,806 INFO  [org.apa.kaf.com.met.Metrics] (Thread-738) Closing reporter org.apache.kafka.common.telemetry.internals.ClientTelemetryReporter
2025-08-07 20:28:02,806 INFO  [org.apa.kaf.com.met.Metrics] (Thread-738) Metrics reporters closed
2025-08-07 20:28:02,807 INFO  [org.apa.kaf.com.uti.AppInfoParser] (Thread-738) App info kafka.producer for Producer-topic-6ced3662_0394_4fc1_88a5_aea7e8158565 unregistered
2025-08-07 20:28:02,807 INFO  [io.api.tes.uti.TestSeparator] (main) io.apicurio.tests.serdes.apicurio.AvroSerdeIT.testAvroSerDesFailDifferentSchemaByContent-FINISHED
2025-08-07 20:28:02,807 INFO  [io.api.tes.uti.TestSeparator] (main) ############################################################################
Test passed: testAvroSerDesFailDifferentSchemaByContent
]]></system-out>
    <system-err><![CDATA[java.lang.RuntimeException: Could not resolve artifact reference by content: {"type":"record","name":"s2cef930cxdae2x4060xafd7x1cb642a0871f","namespace":"sa0eb95c2x5f77x49ffx8e03x6ca7b65da1aa","fields":[{"name":"keyB","type":"string"}]}&ArtifactReference [groupId=sa0eb95c2x5f77x49ffx8e03x6ca7b65da1aa, artifactId=s2cef930cxdae2x4060xafd7x1cb642a0871f, version=null, globalId=null, contentId=null, contentHash=null]
	at io.apicurio.registry.resolver.DefaultSchemaResolver.lambda$handleResolveSchemaByContent$3(DefaultSchemaResolver.java:265)
	at io.apicurio.registry.resolver.cache.ERCache.lambda$getValue$0(ERCache.java:174)
	at io.apicurio.registry.resolver.cache.ERCache.retry(ERCache.java:227)
	at io.apicurio.registry.resolver.cache.ERCache.getValue(ERCache.java:173)
	at io.apicurio.registry.resolver.cache.ERCache.getByContent(ERCache.java:147)
	at io.apicurio.registry.resolver.DefaultSchemaResolver.handleResolveSchemaByContent(DefaultSchemaResolver.java:253)
	at io.apicurio.registry.resolver.DefaultSchemaResolver.getSchemaFromRegistry(DefaultSchemaResolver.java:138)
	at io.apicurio.registry.resolver.DefaultSchemaResolver.lambda$resolveSchema$0(DefaultSchemaResolver.java:84)
	at java.base/java.util.Optional.orElseGet(Optional.java:364)
	at io.apicurio.registry.resolver.DefaultSchemaResolver.resolveSchema(DefaultSchemaResolver.java:84)
	at io.apicurio.registry.serde.AbstractSerializer.serializeData(AbstractSerializer.java:62)
	at io.apicurio.registry.serde.KafkaSerializer.serialize(KafkaSerializer.java:77)
	at org.apache.kafka.clients.producer.KafkaProducer.doSend(KafkaProducer.java:1046)
	at org.apache.kafka.clients.producer.KafkaProducer.send(KafkaProducer.java:993)
	at org.apache.kafka.clients.producer.KafkaProducer.send(KafkaProducer.java:875)
	at io.apicurio.tests.serdes.apicurio.KafkaSerdesTester.lambda$produceMessages$3(KafkaSerdesTester.java:138)
	at java.base/java.util.concurrent.CompletableFuture$AsyncSupply.run(CompletableFuture.java:1768)
	at java.base/java.lang.Thread.run(Thread.java:840)
]]></system-err>
  </testcase>
  <testcase name="testGlobalIdInBody" classname="io.apicurio.tests.serdes.apicurio.AvroSerdeIT" time="3.905">
    <system-out><![CDATA[2025-08-07 20:28:02,810 INFO  [io.api.tes.uti.TestSeparator] (main) ############################################################################
2025-08-07 20:28:02,810 INFO  [io.api.tes.uti.TestSeparator] (main) io.apicurio.tests.serdes.apicurio.AvroSerdeIT.testGlobalIdInBody-STARTED
**** Registry Base URL: http://registry-app-inmemory.apps.ci419.apicurio-testing.org:80
2025-08-07 20:28:02,811 INFO  [org.apa.kaf.cli.pro.ProducerConfig] (main) ProducerConfig values: 
	acks = -1
	auto.include.jmx.reporter = true
	batch.size = 16384
	bootstrap.servers = [PLAINTEXT://localhost:32769]
	buffer.memory = 33554432
	client.dns.lookup = use_all_dns_ips
	client.id = Producer-topic-10dc37e4_9e30_40a1_959f_ae2d2de4928a
	compression.gzip.level = -1
	compression.lz4.level = 9
	compression.type = none
	compression.zstd.level = 3
	connections.max.idle.ms = 10000
	delivery.timeout.ms = 120000
	enable.idempotence = true
	enable.metrics.push = true
	interceptor.classes = []
	key.serializer = class org.apache.kafka.common.serialization.StringSerializer
	linger.ms = 0
	max.block.ms = 60000
	max.in.flight.requests.per.connection = 5
	max.request.size = 1048576
	metadata.max.age.ms = 300000
	metadata.max.idle.ms = 300000
	metadata.recovery.strategy = none
	metric.reporters = []
	metrics.num.samples = 2
	metrics.recording.level = INFO
	metrics.sample.window.ms = 30000
	partitioner.adaptive.partitioning.enable = true
	partitioner.availability.timeout.ms = 0
	partitioner.class = null
	partitioner.ignore.keys = false
	receive.buffer.bytes = 32768
	reconnect.backoff.max.ms = 1000
	reconnect.backoff.ms = 50
	request.timeout.ms = 5000
	retries = 2147483647
	retry.backoff.max.ms = 1000
	retry.backoff.ms = 100
	sasl.client.callback.handler.class = null
	sasl.jaas.config = null
	sasl.kerberos.kinit.cmd = /usr/bin/kinit
	sasl.kerberos.min.time.before.relogin = 60000
	sasl.kerberos.service.name = null
	sasl.kerberos.ticket.renew.jitter = 0.05
	sasl.kerberos.ticket.renew.window.factor = 0.8
	sasl.login.callback.handler.class = null
	sasl.login.class = null
	sasl.login.connect.timeout.ms = null
	sasl.login.read.timeout.ms = null
	sasl.login.refresh.buffer.seconds = 300
	sasl.login.refresh.min.period.seconds = 60
	sasl.login.refresh.window.factor = 0.8
	sasl.login.refresh.window.jitter = 0.05
	sasl.login.retry.backoff.max.ms = 10000
	sasl.login.retry.backoff.ms = 100
	sasl.mechanism = GSSAPI
	sasl.oauthbearer.clock.skew.seconds = 30
	sasl.oauthbearer.expected.audience = null
	sasl.oauthbearer.expected.issuer = null
	sasl.oauthbearer.header.urlencode = false
	sasl.oauthbearer.jwks.endpoint.refresh.ms = 3600000
	sasl.oauthbearer.jwks.endpoint.retry.backoff.max.ms = 10000
	sasl.oauthbearer.jwks.endpoint.retry.backoff.ms = 100
	sasl.oauthbearer.jwks.endpoint.url = null
	sasl.oauthbearer.scope.claim.name = scope
	sasl.oauthbearer.sub.claim.name = sub
	sasl.oauthbearer.token.endpoint.url = null
	security.protocol = PLAINTEXT
	security.providers = null
	send.buffer.bytes = 131072
	socket.connection.setup.timeout.max.ms = 30000
	socket.connection.setup.timeout.ms = 10000
	ssl.cipher.suites = null
	ssl.enabled.protocols = [TLSv1.2, TLSv1.3]
	ssl.endpoint.identification.algorithm = https
	ssl.engine.factory.class = null
	ssl.key.password = null
	ssl.keymanager.algorithm = SunX509
	ssl.keystore.certificate.chain = null
	ssl.keystore.key = null
	ssl.keystore.location = null
	ssl.keystore.password = null
	ssl.keystore.type = JKS
	ssl.protocol = TLSv1.3
	ssl.provider = null
	ssl.secure.random.implementation = null
	ssl.trustmanager.algorithm = PKIX
	ssl.truststore.certificates = null
	ssl.truststore.location = null
	ssl.truststore.password = null
	ssl.truststore.type = JKS
	transaction.timeout.ms = 60000
	transactional.id = null
	value.serializer = class io.apicurio.registry.serde.avro.AvroKafkaSerializer

2025-08-07 20:28:02,813 INFO  [org.apa.kaf.com.tel.int.KafkaMetricsCollector] (main) initializing Kafka metrics collector
2025-08-07 20:28:02,823 INFO  [org.apa.kaf.cli.pro.KafkaProducer] (main) [Producer clientId=Producer-topic-10dc37e4_9e30_40a1_959f_ae2d2de4928a] Instantiated an idempotent producer.
2025-08-07 20:28:02,827 INFO  [org.apa.kaf.cli.pro.ProducerConfig] (main) These configurations '[apicurio.registry.url, apicurio.registry.auto-register, apicurio.registry.use-id, apicurio.registry.artifact-resolver-strategy]' were supplied but are not used yet.
2025-08-07 20:28:02,827 INFO  [org.apa.kaf.com.uti.AppInfoParser] (main) Kafka version: 3.9.1
2025-08-07 20:28:02,827 INFO  [org.apa.kaf.com.uti.AppInfoParser] (main) Kafka commitId: f745dfdcee2b9851
2025-08-07 20:28:02,827 INFO  [org.apa.kaf.com.uti.AppInfoParser] (main) Kafka startTimeMs: 1754598482827
2025-08-07 20:28:02,827 INFO  [io.api.tes.ser.api.SimpleSerdesTesterBuilder$SimpleSerdesTester] (main) Using producer configuration: {apicurio.registry.url=http://registry-app-inmemory.apps.ci419.apicurio-testing.org:80/apis/registry/v3, apicurio.registry.auto-register=true, apicurio.registry.use-id=globalId, apicurio.registry.artifact-resolver-strategy=io.apicurio.registry.serde.strategy.TopicIdStrategy, value.serializer=io.apicurio.registry.serde.avro.AvroKafkaSerializer, request.timeout.ms=5000, acks=all, bootstrap.servers=PLAINTEXT://localhost:32769, connections.max.idle.ms=10000, key.serializer=org.apache.kafka.common.serialization.StringSerializer, client.id=Producer-topic-10dc37e4_9e30_40a1_959f_ae2d2de4928a}
2025-08-07 20:28:02,827 INFO  [io.api.tes.ser.api.SimpleSerdesTesterBuilder$SimpleSerdesTester] (main) Using consumer configuration: {apicurio.registry.use-id=globalId}
2025-08-07 20:28:02,829 INFO  [io.api.tes.ser.api.KafkaSerdesTester] (Thread-741) Sending message {"key11754598482810": "value-0"} to topic topic-10dc37e4_9e30_40a1_959f_ae2d2de4928a
2025-08-07 20:28:02,833 WARN  [org.apa.kaf.cli.NetworkClient] (kafka-producer-network-thread | Producer-topic-10dc37e4_9e30_40a1_959f_ae2d2de4928a) [Producer clientId=Producer-topic-10dc37e4_9e30_40a1_959f_ae2d2de4928a] The metadata response from the cluster reported a recoverable issue with correlation id 1 : {topic-10dc37e4_9e30_40a1_959f_ae2d2de4928a=UNKNOWN_TOPIC_OR_PARTITION}
2025-08-07 20:28:02,833 INFO  [org.apa.kaf.cli.Metadata] (kafka-producer-network-thread | Producer-topic-10dc37e4_9e30_40a1_959f_ae2d2de4928a) [Producer clientId=Producer-topic-10dc37e4_9e30_40a1_959f_ae2d2de4928a] Cluster ID: hNYxEGJzT_KJiJb9MK3e4A
2025-08-07 20:28:02,834 INFO  [org.apa.kaf.cli.pro.int.TransactionManager] (kafka-producer-network-thread | Producer-topic-10dc37e4_9e30_40a1_959f_ae2d2de4928a) [Producer clientId=Producer-topic-10dc37e4_9e30_40a1_959f_ae2d2de4928a] ProducerId set to 25 with epoch 0
2025-08-07 20:28:03,009 INFO  [io.api.tes.ser.api.KafkaSerdesTester] (Thread-741) Sending message {"key11754598482810": "value-1"} to topic topic-10dc37e4_9e30_40a1_959f_ae2d2de4928a
2025-08-07 20:28:03,010 INFO  [io.api.tes.ser.api.KafkaSerdesTester] (Thread-741) Sending message {"key11754598482810": "value-2"} to topic topic-10dc37e4_9e30_40a1_959f_ae2d2de4928a
2025-08-07 20:28:03,012 INFO  [io.api.tes.ser.api.KafkaSerdesTester] (Thread-741) Sending message {"key11754598482810": "value-3"} to topic topic-10dc37e4_9e30_40a1_959f_ae2d2de4928a
2025-08-07 20:28:03,013 INFO  [io.api.tes.ser.api.KafkaSerdesTester] (Thread-741) Sending message {"key11754598482810": "value-4"} to topic topic-10dc37e4_9e30_40a1_959f_ae2d2de4928a
2025-08-07 20:28:03,016 INFO  [io.api.tes.ser.api.KafkaSerdesTester] (Thread-741) Sending message {"key11754598482810": "value-5"} to topic topic-10dc37e4_9e30_40a1_959f_ae2d2de4928a
2025-08-07 20:28:03,019 INFO  [io.api.tes.ser.api.KafkaSerdesTester] (Thread-741) Sending message {"key11754598482810": "value-6"} to topic topic-10dc37e4_9e30_40a1_959f_ae2d2de4928a
2025-08-07 20:28:03,021 INFO  [io.api.tes.ser.api.KafkaSerdesTester] (Thread-741) Sending message {"key11754598482810": "value-7"} to topic topic-10dc37e4_9e30_40a1_959f_ae2d2de4928a
2025-08-07 20:28:03,023 INFO  [io.api.tes.ser.api.KafkaSerdesTester] (Thread-741) Sending message {"key11754598482810": "value-8"} to topic topic-10dc37e4_9e30_40a1_959f_ae2d2de4928a
2025-08-07 20:28:03,025 INFO  [io.api.tes.ser.api.KafkaSerdesTester] (Thread-741) Sending message {"key11754598482810": "value-9"} to topic topic-10dc37e4_9e30_40a1_959f_ae2d2de4928a
2025-08-07 20:28:03,028 INFO  [io.api.tes.ser.api.KafkaSerdesTester] (Thread-741) Produced 10 messages
2025-08-07 20:28:03,028 INFO  [org.apa.kaf.cli.pro.KafkaProducer] (Thread-741) [Producer clientId=Producer-topic-10dc37e4_9e30_40a1_959f_ae2d2de4928a] Closing the Kafka producer with timeoutMillis = 9223372036854775807 ms.
2025-08-07 20:28:03,030 INFO  [org.apa.kaf.com.met.Metrics] (Thread-741) Metrics scheduler closed
2025-08-07 20:28:03,030 INFO  [org.apa.kaf.com.met.Metrics] (Thread-741) Closing reporter org.apache.kafka.common.metrics.JmxReporter
2025-08-07 20:28:03,030 INFO  [org.apa.kaf.com.met.Metrics] (Thread-741) Closing reporter org.apache.kafka.common.telemetry.internals.ClientTelemetryReporter
2025-08-07 20:28:03,030 INFO  [org.apa.kaf.com.met.Metrics] (Thread-741) Metrics reporters closed
2025-08-07 20:28:03,030 INFO  [org.apa.kaf.com.uti.AppInfoParser] (Thread-741) App info kafka.producer for Producer-topic-10dc37e4_9e30_40a1_959f_ae2d2de4928a unregistered
**** Registry Base URL: http://registry-app-inmemory.apps.ci419.apicurio-testing.org:80
2025-08-07 20:28:03,101 INFO  [org.apa.kaf.cli.con.ConsumerConfig] (main) ConsumerConfig values: 
	allow.auto.create.topics = true
	auto.commit.interval.ms = 500
	auto.include.jmx.reporter = true
	auto.offset.reset = earliest
	bootstrap.servers = [PLAINTEXT://localhost:32769]
	check.crcs = true
	client.dns.lookup = use_all_dns_ips
	client.id = consumer-Consumer-topic-10dc37e4_9e30_40a1_959f_ae2d2de4928a-18
	client.rack = 
	connections.max.idle.ms = 10000
	default.api.timeout.ms = 60000
	enable.auto.commit = true
	enable.metrics.push = true
	exclude.internal.topics = true
	fetch.max.bytes = 52428800
	fetch.max.wait.ms = 500
	fetch.min.bytes = 1
	group.id = Consumer-topic-10dc37e4_9e30_40a1_959f_ae2d2de4928a
	group.instance.id = null
	group.protocol = classic
	group.remote.assignor = null
	heartbeat.interval.ms = 3000
	interceptor.classes = []
	internal.leave.group.on.close = true
	internal.throw.on.fetch.stable.offset.unsupported = false
	isolation.level = read_uncommitted
	key.deserializer = class org.apache.kafka.common.serialization.StringDeserializer
	max.partition.fetch.bytes = 1048576
	max.poll.interval.ms = 300000
	max.poll.records = 500
	metadata.max.age.ms = 300000
	metadata.recovery.strategy = none
	metric.reporters = []
	metrics.num.samples = 2
	metrics.recording.level = INFO
	metrics.sample.window.ms = 30000
	partition.assignment.strategy = [class org.apache.kafka.clients.consumer.RangeAssignor, class org.apache.kafka.clients.consumer.CooperativeStickyAssignor]
	receive.buffer.bytes = 65536
	reconnect.backoff.max.ms = 1000
	reconnect.backoff.ms = 50
	request.timeout.ms = 5000
	retry.backoff.max.ms = 1000
	retry.backoff.ms = 100
	sasl.client.callback.handler.class = null
	sasl.jaas.config = null
	sasl.kerberos.kinit.cmd = /usr/bin/kinit
	sasl.kerberos.min.time.before.relogin = 60000
	sasl.kerberos.service.name = null
	sasl.kerberos.ticket.renew.jitter = 0.05
	sasl.kerberos.ticket.renew.window.factor = 0.8
	sasl.login.callback.handler.class = null
	sasl.login.class = null
	sasl.login.connect.timeout.ms = null
	sasl.login.read.timeout.ms = null
	sasl.login.refresh.buffer.seconds = 300
	sasl.login.refresh.min.period.seconds = 60
	sasl.login.refresh.window.factor = 0.8
	sasl.login.refresh.window.jitter = 0.05
	sasl.login.retry.backoff.max.ms = 10000
	sasl.login.retry.backoff.ms = 100
	sasl.mechanism = GSSAPI
	sasl.oauthbearer.clock.skew.seconds = 30
	sasl.oauthbearer.expected.audience = null
	sasl.oauthbearer.expected.issuer = null
	sasl.oauthbearer.header.urlencode = false
	sasl.oauthbearer.jwks.endpoint.refresh.ms = 3600000
	sasl.oauthbearer.jwks.endpoint.retry.backoff.max.ms = 10000
	sasl.oauthbearer.jwks.endpoint.retry.backoff.ms = 100
	sasl.oauthbearer.jwks.endpoint.url = null
	sasl.oauthbearer.scope.claim.name = scope
	sasl.oauthbearer.sub.claim.name = sub
	sasl.oauthbearer.token.endpoint.url = null
	security.protocol = PLAINTEXT
	security.providers = null
	send.buffer.bytes = 131072
	session.timeout.ms = 45000
	socket.connection.setup.timeout.max.ms = 30000
	socket.connection.setup.timeout.ms = 10000
	ssl.cipher.suites = null
	ssl.enabled.protocols = [TLSv1.2, TLSv1.3]
	ssl.endpoint.identification.algorithm = https
	ssl.engine.factory.class = null
	ssl.key.password = null
	ssl.keymanager.algorithm = SunX509
	ssl.keystore.certificate.chain = null
	ssl.keystore.key = null
	ssl.keystore.location = null
	ssl.keystore.password = null
	ssl.keystore.type = JKS
	ssl.protocol = TLSv1.3
	ssl.provider = null
	ssl.secure.random.implementation = null
	ssl.trustmanager.algorithm = PKIX
	ssl.truststore.certificates = null
	ssl.truststore.location = null
	ssl.truststore.password = null
	ssl.truststore.type = JKS
	value.deserializer = class io.apicurio.registry.serde.avro.AvroKafkaDeserializer

2025-08-07 20:28:03,101 INFO  [org.apa.kaf.com.tel.int.KafkaMetricsCollector] (main) initializing Kafka metrics collector
2025-08-07 20:28:03,106 INFO  [org.apa.kaf.cli.con.ConsumerConfig] (main) These configurations '[apicurio.registry.url, apicurio.registry.use-id]' were supplied but are not used yet.
2025-08-07 20:28:03,106 INFO  [org.apa.kaf.com.uti.AppInfoParser] (main) Kafka version: 3.9.1
2025-08-07 20:28:03,106 INFO  [org.apa.kaf.com.uti.AppInfoParser] (main) Kafka commitId: f745dfdcee2b9851
2025-08-07 20:28:03,106 INFO  [org.apa.kaf.com.uti.AppInfoParser] (main) Kafka startTimeMs: 1754598483106
2025-08-07 20:28:03,107 INFO  [org.apa.kaf.cli.con.int.ClassicKafkaConsumer] (Thread-744) [Consumer clientId=consumer-Consumer-topic-10dc37e4_9e30_40a1_959f_ae2d2de4928a-18, groupId=Consumer-topic-10dc37e4_9e30_40a1_959f_ae2d2de4928a] Subscribed to topic(s): topic-10dc37e4_9e30_40a1_959f_ae2d2de4928a
2025-08-07 20:28:03,111 INFO  [org.apa.kaf.cli.Metadata] (Thread-744) [Consumer clientId=consumer-Consumer-topic-10dc37e4_9e30_40a1_959f_ae2d2de4928a-18, groupId=Consumer-topic-10dc37e4_9e30_40a1_959f_ae2d2de4928a] Cluster ID: hNYxEGJzT_KJiJb9MK3e4A
2025-08-07 20:28:03,112 INFO  [org.apa.kaf.cli.con.int.ConsumerCoordinator] (Thread-744) [Consumer clientId=consumer-Consumer-topic-10dc37e4_9e30_40a1_959f_ae2d2de4928a-18, groupId=Consumer-topic-10dc37e4_9e30_40a1_959f_ae2d2de4928a] Discovered group coordinator localhost:32769 (id: 2147483647 rack: null)
2025-08-07 20:28:03,113 INFO  [org.apa.kaf.cli.con.int.ConsumerCoordinator] (Thread-744) [Consumer clientId=consumer-Consumer-topic-10dc37e4_9e30_40a1_959f_ae2d2de4928a-18, groupId=Consumer-topic-10dc37e4_9e30_40a1_959f_ae2d2de4928a] (Re-)joining group
2025-08-07 20:28:03,117 INFO  [org.apa.kaf.cli.con.int.ConsumerCoordinator] (Thread-744) [Consumer clientId=consumer-Consumer-topic-10dc37e4_9e30_40a1_959f_ae2d2de4928a-18, groupId=Consumer-topic-10dc37e4_9e30_40a1_959f_ae2d2de4928a] Request joining group due to: need to re-join with the given member-id: consumer-Consumer-topic-10dc37e4_9e30_40a1_959f_ae2d2de4928a-18-26fcd3dd-a57a-4072-bf31-cafbd6009bf0
2025-08-07 20:28:03,117 INFO  [org.apa.kaf.cli.con.int.ConsumerCoordinator] (Thread-744) [Consumer clientId=consumer-Consumer-topic-10dc37e4_9e30_40a1_959f_ae2d2de4928a-18, groupId=Consumer-topic-10dc37e4_9e30_40a1_959f_ae2d2de4928a] (Re-)joining group
2025-08-07 20:28:04,107 INFO  [io.api.tes.ser.api.KafkaSerdesTester] (Thread-744) None found
2025-08-07 20:28:05,107 INFO  [io.api.tes.ser.api.KafkaSerdesTester] (Thread-744) None found
2025-08-07 20:28:06,108 INFO  [io.api.tes.ser.api.KafkaSerdesTester] (Thread-744) None found
2025-08-07 20:28:06,120 INFO  [org.apa.kaf.cli.con.int.ConsumerCoordinator] (Thread-744) [Consumer clientId=consumer-Consumer-topic-10dc37e4_9e30_40a1_959f_ae2d2de4928a-18, groupId=Consumer-topic-10dc37e4_9e30_40a1_959f_ae2d2de4928a] Successfully joined group with generation Generation{generationId=1, memberId='consumer-Consumer-topic-10dc37e4_9e30_40a1_959f_ae2d2de4928a-18-26fcd3dd-a57a-4072-bf31-cafbd6009bf0', protocol='range'}
2025-08-07 20:28:06,120 INFO  [org.apa.kaf.cli.con.int.ConsumerCoordinator] (Thread-744) [Consumer clientId=consumer-Consumer-topic-10dc37e4_9e30_40a1_959f_ae2d2de4928a-18, groupId=Consumer-topic-10dc37e4_9e30_40a1_959f_ae2d2de4928a] Finished assignment for group at generation 1: {consumer-Consumer-topic-10dc37e4_9e30_40a1_959f_ae2d2de4928a-18-26fcd3dd-a57a-4072-bf31-cafbd6009bf0=Assignment(partitions=[topic-10dc37e4_9e30_40a1_959f_ae2d2de4928a-0])}
2025-08-07 20:28:06,127 INFO  [org.apa.kaf.cli.con.int.ConsumerCoordinator] (Thread-744) [Consumer clientId=consumer-Consumer-topic-10dc37e4_9e30_40a1_959f_ae2d2de4928a-18, groupId=Consumer-topic-10dc37e4_9e30_40a1_959f_ae2d2de4928a] Successfully synced group in generation Generation{generationId=1, memberId='consumer-Consumer-topic-10dc37e4_9e30_40a1_959f_ae2d2de4928a-18-26fcd3dd-a57a-4072-bf31-cafbd6009bf0', protocol='range'}
2025-08-07 20:28:06,127 INFO  [org.apa.kaf.cli.con.int.ConsumerCoordinator] (Thread-744) [Consumer clientId=consumer-Consumer-topic-10dc37e4_9e30_40a1_959f_ae2d2de4928a-18, groupId=Consumer-topic-10dc37e4_9e30_40a1_959f_ae2d2de4928a] Notifying assignor about the new Assignment(partitions=[topic-10dc37e4_9e30_40a1_959f_ae2d2de4928a-0])
2025-08-07 20:28:06,127 INFO  [org.apa.kaf.cli.con.int.ConsumerRebalanceListenerInvoker] (Thread-744) [Consumer clientId=consumer-Consumer-topic-10dc37e4_9e30_40a1_959f_ae2d2de4928a-18, groupId=Consumer-topic-10dc37e4_9e30_40a1_959f_ae2d2de4928a] Adding newly assigned partitions: topic-10dc37e4_9e30_40a1_959f_ae2d2de4928a-0
2025-08-07 20:28:06,128 INFO  [org.apa.kaf.cli.con.int.ConsumerCoordinator] (Thread-744) [Consumer clientId=consumer-Consumer-topic-10dc37e4_9e30_40a1_959f_ae2d2de4928a-18, groupId=Consumer-topic-10dc37e4_9e30_40a1_959f_ae2d2de4928a] Found no committed offset for partition topic-10dc37e4_9e30_40a1_959f_ae2d2de4928a-0
2025-08-07 20:28:06,132 INFO  [org.apa.kaf.cli.con.int.SubscriptionState] (Thread-744) [Consumer clientId=consumer-Consumer-topic-10dc37e4_9e30_40a1_959f_ae2d2de4928a-18, groupId=Consumer-topic-10dc37e4_9e30_40a1_959f_ae2d2de4928a] Resetting offset for partition topic-10dc37e4_9e30_40a1_959f_ae2d2de4928a-0 to position FetchPosition{offset=0, offsetEpoch=Optional.empty, currentLeader=LeaderAndEpoch{leader=Optional[localhost:32769 (id: 0 rack: null)], epoch=0}}.
2025-08-07 20:28:06,208 INFO  [io.api.tes.ser.api.KafkaSerdesTester] (Thread-744) topic-10dc37e4_9e30_40a1_959f_ae2d2de4928a 0 0 {"key11754598482810": "value-0"}
2025-08-07 20:28:06,209 INFO  [io.api.tes.ser.api.KafkaSerdesTester] (Thread-744) topic-10dc37e4_9e30_40a1_959f_ae2d2de4928a 0 1 {"key11754598482810": "value-1"}
2025-08-07 20:28:06,209 INFO  [io.api.tes.ser.api.KafkaSerdesTester] (Thread-744) topic-10dc37e4_9e30_40a1_959f_ae2d2de4928a 0 2 {"key11754598482810": "value-2"}
2025-08-07 20:28:06,209 INFO  [io.api.tes.ser.api.KafkaSerdesTester] (Thread-744) topic-10dc37e4_9e30_40a1_959f_ae2d2de4928a 0 3 {"key11754598482810": "value-3"}
2025-08-07 20:28:06,209 INFO  [io.api.tes.ser.api.KafkaSerdesTester] (Thread-744) topic-10dc37e4_9e30_40a1_959f_ae2d2de4928a 0 4 {"key11754598482810": "value-4"}
2025-08-07 20:28:06,209 INFO  [io.api.tes.ser.api.KafkaSerdesTester] (Thread-744) topic-10dc37e4_9e30_40a1_959f_ae2d2de4928a 0 5 {"key11754598482810": "value-5"}
2025-08-07 20:28:06,209 INFO  [io.api.tes.ser.api.KafkaSerdesTester] (Thread-744) topic-10dc37e4_9e30_40a1_959f_ae2d2de4928a 0 6 {"key11754598482810": "value-6"}
2025-08-07 20:28:06,209 INFO  [io.api.tes.ser.api.KafkaSerdesTester] (Thread-744) topic-10dc37e4_9e30_40a1_959f_ae2d2de4928a 0 7 {"key11754598482810": "value-7"}
2025-08-07 20:28:06,209 INFO  [io.api.tes.ser.api.KafkaSerdesTester] (Thread-744) topic-10dc37e4_9e30_40a1_959f_ae2d2de4928a 0 8 {"key11754598482810": "value-8"}
2025-08-07 20:28:06,209 INFO  [io.api.tes.ser.api.KafkaSerdesTester] (Thread-744) topic-10dc37e4_9e30_40a1_959f_ae2d2de4928a 0 9 {"key11754598482810": "value-9"}
2025-08-07 20:28:06,209 INFO  [io.api.tes.ser.api.KafkaSerdesTester] (Thread-744) Consumed 10 messages
2025-08-07 20:28:06,216 INFO  [org.apa.kaf.cli.con.int.ConsumerRebalanceListenerInvoker] (Thread-744) [Consumer clientId=consumer-Consumer-topic-10dc37e4_9e30_40a1_959f_ae2d2de4928a-18, groupId=Consumer-topic-10dc37e4_9e30_40a1_959f_ae2d2de4928a] Revoke previously assigned partitions topic-10dc37e4_9e30_40a1_959f_ae2d2de4928a-0
2025-08-07 20:28:06,216 INFO  [org.apa.kaf.cli.con.int.ConsumerCoordinator] (Thread-744) [Consumer clientId=consumer-Consumer-topic-10dc37e4_9e30_40a1_959f_ae2d2de4928a-18, groupId=Consumer-topic-10dc37e4_9e30_40a1_959f_ae2d2de4928a] Member consumer-Consumer-topic-10dc37e4_9e30_40a1_959f_ae2d2de4928a-18-26fcd3dd-a57a-4072-bf31-cafbd6009bf0 sending LeaveGroup request to coordinator localhost:32769 (id: 2147483647 rack: null) due to the consumer is being closed
2025-08-07 20:28:06,216 INFO  [org.apa.kaf.cli.con.int.ConsumerCoordinator] (Thread-744) [Consumer clientId=consumer-Consumer-topic-10dc37e4_9e30_40a1_959f_ae2d2de4928a-18, groupId=Consumer-topic-10dc37e4_9e30_40a1_959f_ae2d2de4928a] Resetting generation and member id due to: consumer pro-actively leaving the group
2025-08-07 20:28:06,216 INFO  [org.apa.kaf.cli.con.int.ConsumerCoordinator] (Thread-744) [Consumer clientId=consumer-Consumer-topic-10dc37e4_9e30_40a1_959f_ae2d2de4928a-18, groupId=Consumer-topic-10dc37e4_9e30_40a1_959f_ae2d2de4928a] Request joining group due to: consumer pro-actively leaving the group
2025-08-07 20:28:06,710 INFO  [org.apa.kaf.com.met.Metrics] (Thread-744) Metrics scheduler closed
2025-08-07 20:28:06,710 INFO  [org.apa.kaf.com.met.Metrics] (Thread-744) Closing reporter org.apache.kafka.common.metrics.JmxReporter
2025-08-07 20:28:06,710 INFO  [org.apa.kaf.com.met.Metrics] (Thread-744) Closing reporter org.apache.kafka.common.telemetry.internals.ClientTelemetryReporter
2025-08-07 20:28:06,710 INFO  [org.apa.kaf.com.met.Metrics] (Thread-744) Metrics reporters closed
2025-08-07 20:28:06,712 INFO  [org.apa.kaf.com.uti.AppInfoParser] (Thread-744) App info kafka.consumer for consumer-Consumer-topic-10dc37e4_9e30_40a1_959f_ae2d2de4928a-18 unregistered
2025-08-07 20:28:06,712 INFO  [io.api.tes.uti.TestSeparator] (main) io.apicurio.tests.serdes.apicurio.AvroSerdeIT.testGlobalIdInBody-FINISHED
2025-08-07 20:28:06,712 INFO  [io.api.tes.uti.TestSeparator] (main) ############################################################################
Test passed: testGlobalIdInBody
]]></system-out>
  </testcase>
  <testcase name="testProducerUsesGlobalIdConsumerUsesDefault" classname="io.apicurio.tests.serdes.apicurio.AvroSerdeIT" time="0.0">
    <skipped message="void io.apicurio.tests.serdes.apicurio.AvroSerdeIT.testProducerUsesGlobalIdConsumerUsesDefault() throws java.lang.Exception is @Disabled"/>
  </testcase>
</testsuite>