<?xml version="1.0" encoding="UTF-8"?>
<testsuite xmlns:xsi="http://www.w3.org/2001/XMLSchema-instance" xsi:noNamespaceSchemaLocation="https://maven.apache.org/surefire/maven-failsafe-plugin/xsd/failsafe-test-report.xsd" version="3.0.2" name="io.apicurio.tests.serdes.apicurio.AvroSerdeIT" time="110.433" tests="21" errors="0" skipped="2" failures="0">
  <properties>
    <property name="java.specification.version" value="17"/>
    <property name="sun.jnu.encoding" value="UTF-8"/>
    <property name="java.class.path" value="/home/runner/work/apicurio-testing/apicurio-testing/clusters/ci419/namespaces/mysql/tests/integration/apicurio-registry/integration-tests/target/test-classes:/home/runner/work/apicurio-testing/apicurio-testing/clusters/ci419/namespaces/mysql/tests/integration/apicurio-registry/integration-tests/target/apicurio-registry-integration-tests-3.0.13-SNAPSHOT.jar:/home/runner/.m2/repository/io/quarkus/quarkus-junit5/3.20.2/quarkus-junit5-3.20.2.jar:/home/runner/.m2/repository/io/quarkus/quarkus-bootstrap-core/3.20.2/quarkus-bootstrap-core-3.20.2.jar:/home/runner/.m2/repository/io/quarkus/quarkus-classloader-commons/3.20.2/quarkus-classloader-commons-3.20.2.jar:/home/runner/.m2/repository/io/quarkus/quarkus-bootstrap-app-model/3.20.2/quarkus-bootstrap-app-model-3.20.2.jar:/home/runner/.m2/repository/io/smallrye/common/smallrye-common-io/2.12.0/smallrye-common-io-2.12.0.jar:/home/runner/.m2/repository/org/eclipse/sisu/org.eclipse.sisu.inject/0.9.0.M3/org.eclipse.sisu.inject-0.9.0.M3.jar:/home/runner/.m2/repository/io/quarkus/quarkus-test-common/3.20.2/quarkus-test-common-3.20.2.jar:/home/runner/.m2/repository/io/quarkus/quarkus-core-deployment/3.20.2/quarkus-core-deployment-3.20.2.jar:/home/runner/.m2/repository/org/aesh/readline/2.6/readline-2.6.jar:/home/runner/.m2/repository/org/fusesource/jansi/jansi/2.4.0/jansi-2.4.0.jar:/home/runner/.m2/repository/org/aesh/aesh/2.8.2/aesh-2.8.2.jar:/home/runner/.m2/repository/io/quarkus/gizmo/gizmo/1.8.0/gizmo-1.8.0.jar:/home/runner/.m2/repository/org/ow2/asm/asm-util/9.7.1/asm-util-9.7.1.jar:/home/runner/.m2/repository/org/ow2/asm/asm-analysis/9.7.1/asm-analysis-9.7.1.jar:/home/runner/.m2/repository/org/ow2/asm/asm-commons/9.7.1/asm-commons-9.7.1.jar:/home/runner/.m2/repository/org/ow2/asm/asm-tree/9.7.1/asm-tree-9.7.1.jar:/home/runner/.m2/repository/io/quarkus/quarkus-hibernate-validator-spi/3.20.2/quarkus-hibernate-validator-spi-3.20.2.jar:/home/runner/.m2/repository/io/quarkus/quarkus-class-change-agent/3.20.2/quarkus-class-change-agent-3.20.2.jar:/home/runner/.m2/repository/io/quarkus/quarkus-devtools-utilities/3.20.2/quarkus-devtools-utilities-3.20.2.jar:/home/runner/.m2/repository/io/quarkus/quarkus-builder/3.20.2/quarkus-builder-3.20.2.jar:/home/runner/.m2/repository/org/graalvm/sdk/nativeimage/23.1.2/nativeimage-23.1.2.jar:/home/runner/.m2/repository/org/graalvm/sdk/word/23.1.2/word-23.1.2.jar:/home/runner/.m2/repository/io/quarkus/quarkus-bootstrap-maven-resolver/3.20.2/quarkus-bootstrap-maven-resolver-3.20.2.jar:/home/runner/.m2/repository/io/smallrye/beanbag/smallrye-beanbag-maven/1.5.2/smallrye-beanbag-maven-1.5.2.jar:/home/runner/.m2/repository/io/smallrye/beanbag/smallrye-beanbag-sisu/1.5.2/smallrye-beanbag-sisu-1.5.2.jar:/home/runner/.m2/repository/io/smallrye/beanbag/smallrye-beanbag/1.5.2/smallrye-beanbag-1.5.2.jar:/home/runner/.m2/repository/javax/inject/javax.inject/1/javax.inject-1.jar:/home/runner/.m2/repository/org/apache/maven/maven-artifact/3.9.9/maven-artifact-3.9.9.jar:/home/runner/.m2/repository/org/apache/maven/maven-builder-support/3.9.9/maven-builder-support-3.9.9.jar:/home/runner/.m2/repository/org/apache/maven/maven-model/3.9.9/maven-model-3.9.9.jar:/home/runner/.m2/repository/org/apache/maven/maven-model-builder/3.9.9/maven-model-builder-3.9.9.jar:/home/runner/.m2/repository/org/apache/maven/maven-repository-metadata/3.9.9/maven-repository-metadata-3.9.9.jar:/home/runner/.m2/repository/org/apache/maven/maven-settings/3.9.9/maven-settings-3.9.9.jar:/home/runner/.m2/repository/org/apache/maven/resolver/maven-resolver-api/1.9.22/maven-resolver-api-1.9.22.jar:/home/runner/.m2/repository/org/apache/maven/resolver/maven-resolver-impl/1.9.22/maven-resolver-impl-1.9.22.jar:/home/runner/.m2/repository/org/apache/maven/resolver/maven-resolver-named-locks/1.9.22/maven-resolver-named-locks-1.9.22.jar:/home/runner/.m2/repository/org/apache/maven/resolver/maven-resolver-spi/1.9.22/maven-resolver-spi-1.9.22.jar:/home/runner/.m2/repository/org/apache/maven/resolver/maven-resolver-util/1.9.22/maven-resolver-util-1.9.22.jar:/home/runner/.m2/repository/org/apache/maven/resolver/maven-resolver-transport-http/1.9.20/maven-resolver-transport-http-1.9.20.jar:/home/runner/.m2/repository/org/apache/maven/wagon/wagon-provider-api/3.5.3/wagon-provider-api-3.5.3.jar:/home/runner/.m2/repository/org/apache/maven/wagon/wagon-http-shared/3.5.3/wagon-http-shared-3.5.3.jar:/home/runner/.m2/repository/org/codehaus/plexus/plexus-interpolation/1.26/plexus-interpolation-1.26.jar:/home/runner/.m2/repository/org/codehaus/plexus/plexus-utils/3.5.1/plexus-utils-3.5.1.jar:/home/runner/.m2/repository/org/codehaus/plexus/plexus-xml/4.0.1/plexus-xml-4.0.1.jar:/home/runner/.m2/repository/org/apache/maven/maven-xml-impl/4.0.0-alpha-5/maven-xml-impl-4.0.0-alpha-5.jar:/home/runner/.m2/repository/org/apache/maven/maven-api-xml/4.0.0-alpha-5/maven-api-xml-4.0.0-alpha-5.jar:/home/runner/.m2/repository/org/apache/maven/maven-api-meta/4.0.0-alpha-5/maven-api-meta-4.0.0-alpha-5.jar:/home/runner/.m2/repository/org/codehaus/plexus/plexus-cipher/2.0/plexus-cipher-2.0.jar:/home/runner/.m2/repository/org/codehaus/plexus/plexus-sec-dispatcher/2.0/plexus-sec-dispatcher-2.0.jar:/home/runner/.m2/repository/org/apache/maven/maven-embedder/3.9.9/maven-embedder-3.9.9.jar:/home/runner/.m2/repository/org/apache/maven/maven-core/3.9.9/maven-core-3.9.9.jar:/home/runner/.m2/repository/org/codehaus/plexus/plexus-component-annotations/2.1.0/plexus-component-annotations-2.1.0.jar:/home/runner/.m2/repository/org/apache/maven/maven-plugin-api/3.9.9/maven-plugin-api-3.9.9.jar:/home/runner/.m2/repository/org/apache/maven/shared/maven-shared-utils/3.4.2/maven-shared-utils-3.4.2.jar:/home/runner/.m2/repository/com/google/inject/guice/5.1.0/guice-5.1.0.jar:/home/runner/.m2/repository/aopalliance/aopalliance/1.0/aopalliance-1.0.jar:/home/runner/.m2/repository/org/codehaus/plexus/plexus-classworlds/2.6.0/plexus-classworlds-2.6.0.jar:/home/runner/.m2/repository/commons-cli/commons-cli/1.8.0/commons-cli-1.8.0.jar:/home/runner/.m2/repository/org/eclipse/sisu/org.eclipse.sisu.plexus/0.9.0.M3/org.eclipse.sisu.plexus-0.9.0.M3.jar:/home/runner/.m2/repository/org/apache/maven/maven-settings-builder/3.9.9/maven-settings-builder-3.9.9.jar:/home/runner/.m2/repository/org/apache/maven/maven-resolver-provider/3.9.9/maven-resolver-provider-3.9.9.jar:/home/runner/.m2/repository/org/apache/maven/resolver/maven-resolver-connector-basic/1.9.22/maven-resolver-connector-basic-1.9.22.jar:/home/runner/.m2/repository/org/apache/maven/resolver/maven-resolver-transport-wagon/1.9.22/maven-resolver-transport-wagon-1.9.22.jar:/home/runner/.m2/repository/org/apache/maven/wagon/wagon-http/3.5.3/wagon-http-3.5.3.jar:/home/runner/.m2/repository/org/apache/maven/wagon/wagon-file/3.5.3/wagon-file-3.5.3.jar:/home/runner/.m2/repository/io/quarkus/quarkus-bootstrap-gradle-resolver/3.20.2/quarkus-bootstrap-gradle-resolver-3.20.2.jar:/home/runner/.m2/repository/io/smallrye/jandex/3.3.0/jandex-3.3.0.jar:/home/runner/.m2/repository/org/jboss/logging/commons-logging-jboss-logging/1.0.0.Final/commons-logging-jboss-logging-1.0.0.Final.jar:/home/runner/.m2/repository/io/quarkus/quarkus-junit5-config/3.20.2/quarkus-junit5-config-3.20.2.jar:/home/runner/.m2/repository/org/junit/jupiter/junit-jupiter-api/5.12.1/junit-jupiter-api-5.12.1.jar:/home/runner/.m2/repository/io/smallrye/config/smallrye-config/3.11.4/smallrye-config-3.11.4.jar:/home/runner/.m2/repository/io/smallrye/config/smallrye-config-core/3.11.4/smallrye-config-core-3.11.4.jar:/home/runner/.m2/repository/io/smallrye/common/smallrye-common-classloader/2.12.0/smallrye-common-classloader-2.12.0.jar:/home/runner/.m2/repository/io/smallrye/config/smallrye-config-common/3.11.4/smallrye-config-common-3.11.4.jar:/home/runner/.m2/repository/org/junit/jupiter/junit-jupiter/5.12.1/junit-jupiter-5.12.1.jar:/home/runner/.m2/repository/org/junit/jupiter/junit-jupiter-params/5.12.1/junit-jupiter-params-5.12.1.jar:/home/runner/.m2/repository/org/junit/jupiter/junit-jupiter-engine/5.12.1/junit-jupiter-engine-5.12.1.jar:/home/runner/.m2/repository/io/quarkus/quarkus-core/3.20.2/quarkus-core-3.20.2.jar:/home/runner/.m2/repository/jakarta/enterprise/jakarta.enterprise.cdi-api/4.1.0/jakarta.enterprise.cdi-api-4.1.0.jar:/home/runner/.m2/repository/jakarta/enterprise/jakarta.enterprise.lang-model/4.1.0/jakarta.enterprise.lang-model-4.1.0.jar:/home/runner/.m2/repository/jakarta/el/jakarta.el-api/5.0.1/jakarta.el-api-5.0.1.jar:/home/runner/.m2/repository/jakarta/interceptor/jakarta.interceptor-api/2.2.0/jakarta.interceptor-api-2.2.0.jar:/home/runner/.m2/repository/jakarta/inject/jakarta.inject-api/2.0.1/jakarta.inject-api-2.0.1.jar:/home/runner/.m2/repository/io/smallrye/common/smallrye-common-os/2.12.0/smallrye-common-os-2.12.0.jar:/home/runner/.m2/repository/io/quarkus/quarkus-ide-launcher/3.20.2/quarkus-ide-launcher-3.20.2.jar:/home/runner/.m2/repository/io/quarkus/quarkus-development-mode-spi/3.20.2/quarkus-development-mode-spi-3.20.2.jar:/home/runner/.m2/repository/org/jboss/logging/jboss-logging/3.6.1.Final/jboss-logging-3.6.1.Final.jar:/home/runner/.m2/repository/org/jboss/logmanager/jboss-logmanager/3.1.2.Final/jboss-logmanager-3.1.2.Final.jar:/home/runner/.m2/repository/io/smallrye/common/smallrye-common-constraint/2.12.0/smallrye-common-constraint-2.12.0.jar:/home/runner/.m2/repository/io/smallrye/common/smallrye-common-cpu/2.12.0/smallrye-common-cpu-2.12.0.jar:/home/runner/.m2/repository/io/smallrye/common/smallrye-common-expression/2.12.0/smallrye-common-expression-2.12.0.jar:/home/runner/.m2/repository/io/smallrye/common/smallrye-common-net/2.12.0/smallrye-common-net-2.12.0.jar:/home/runner/.m2/repository/io/smallrye/common/smallrye-common-ref/2.12.0/smallrye-common-ref-2.12.0.jar:/home/runner/.m2/repository/jakarta/json/jakarta.json-api/2.1.3/jakarta.json-api-2.1.3.jar:/home/runner/.m2/repository/org/eclipse/parsson/parsson/1.1.7/parsson-1.1.7.jar:/home/runner/.m2/repository/org/jboss/logging/jboss-logging-annotations/3.0.4.Final/jboss-logging-annotations-3.0.4.Final.jar:/home/runner/.m2/repository/org/jboss/threads/jboss-threads/3.8.0.Final/jboss-threads-3.8.0.Final.jar:/home/runner/.m2/repository/io/smallrye/common/smallrye-common-annotation/2.12.0/smallrye-common-annotation-2.12.0.jar:/home/runner/.m2/repository/io/smallrye/common/smallrye-common-function/2.12.0/smallrye-common-function-2.12.0.jar:/home/runner/.m2/repository/org/jboss/slf4j/slf4j-jboss-logmanager/2.0.0.Final/slf4j-jboss-logmanager-2.0.0.Final.jar:/home/runner/.m2/repository/org/wildfly/common/wildfly-common/2.0.1/wildfly-common-2.0.1.jar:/home/runner/.m2/repository/io/quarkus/quarkus-bootstrap-runner/3.20.2/quarkus-bootstrap-runner-3.20.2.jar:/home/runner/.m2/repository/io/github/crac/org-crac/0.1.3/org-crac-0.1.3.jar:/home/runner/.m2/repository/io/quarkus/quarkus-fs-util/0.0.10/quarkus-fs-util-0.0.10.jar:/home/runner/.m2/repository/org/jboss/marshalling/jboss-marshalling/2.2.2.Final/jboss-marshalling-2.2.2.Final.jar:/home/runner/.m2/repository/io/fabric8/kubernetes-client/7.1.0/kubernetes-client-7.1.0.jar:/home/runner/.m2/repository/io/fabric8/kubernetes-client-api/7.1.0/kubernetes-client-api-7.1.0.jar:/home/runner/.m2/repository/io/fabric8/kubernetes-model-core/7.1.0/kubernetes-model-core-7.1.0.jar:/home/runner/.m2/repository/io/fabric8/kubernetes-model-common/7.1.0/kubernetes-model-common-7.1.0.jar:/home/runner/.m2/repository/javax/annotation/javax.annotation-api/1.3.2/javax.annotation-api-1.3.2.jar:/home/runner/.m2/repository/io/fabric8/kubernetes-model-gatewayapi/7.1.0/kubernetes-model-gatewayapi-7.1.0.jar:/home/runner/.m2/repository/io/fabric8/kubernetes-model-resource/7.1.0/kubernetes-model-resource-7.1.0.jar:/home/runner/.m2/repository/io/fabric8/kubernetes-model-rbac/7.1.0/kubernetes-model-rbac-7.1.0.jar:/home/runner/.m2/repository/io/fabric8/kubernetes-model-admissionregistration/7.1.0/kubernetes-model-admissionregistration-7.1.0.jar:/home/runner/.m2/repository/io/fabric8/kubernetes-model-apps/7.1.0/kubernetes-model-apps-7.1.0.jar:/home/runner/.m2/repository/io/fabric8/kubernetes-model-autoscaling/7.1.0/kubernetes-model-autoscaling-7.1.0.jar:/home/runner/.m2/repository/io/fabric8/kubernetes-model-apiextensions/7.1.0/kubernetes-model-apiextensions-7.1.0.jar:/home/runner/.m2/repository/io/fabric8/kubernetes-model-batch/7.1.0/kubernetes-model-batch-7.1.0.jar:/home/runner/.m2/repository/io/fabric8/kubernetes-model-certificates/7.1.0/kubernetes-model-certificates-7.1.0.jar:/home/runner/.m2/repository/io/fabric8/kubernetes-model-coordination/7.1.0/kubernetes-model-coordination-7.1.0.jar:/home/runner/.m2/repository/io/fabric8/kubernetes-model-discovery/7.1.0/kubernetes-model-discovery-7.1.0.jar:/home/runner/.m2/repository/io/fabric8/kubernetes-model-events/7.1.0/kubernetes-model-events-7.1.0.jar:/home/runner/.m2/repository/io/fabric8/kubernetes-model-extensions/7.1.0/kubernetes-model-extensions-7.1.0.jar:/home/runner/.m2/repository/io/fabric8/kubernetes-model-flowcontrol/7.1.0/kubernetes-model-flowcontrol-7.1.0.jar:/home/runner/.m2/repository/io/fabric8/kubernetes-model-networking/7.1.0/kubernetes-model-networking-7.1.0.jar:/home/runner/.m2/repository/io/fabric8/kubernetes-model-metrics/7.1.0/kubernetes-model-metrics-7.1.0.jar:/home/runner/.m2/repository/io/fabric8/kubernetes-model-policy/7.1.0/kubernetes-model-policy-7.1.0.jar:/home/runner/.m2/repository/io/fabric8/kubernetes-model-scheduling/7.1.0/kubernetes-model-scheduling-7.1.0.jar:/home/runner/.m2/repository/io/fabric8/kubernetes-model-storageclass/7.1.0/kubernetes-model-storageclass-7.1.0.jar:/home/runner/.m2/repository/io/fabric8/kubernetes-model-node/7.1.0/kubernetes-model-node-7.1.0.jar:/home/runner/.m2/repository/org/snakeyaml/snakeyaml-engine/2.9/snakeyaml-engine-2.9.jar:/home/runner/.m2/repository/com/fasterxml/jackson/dataformat/jackson-dataformat-yaml/2.18.2/jackson-dataformat-yaml-2.18.2.jar:/home/runner/.m2/repository/com/fasterxml/jackson/datatype/jackson-datatype-jsr310/2.18.2/jackson-datatype-jsr310-2.18.2.jar:/home/runner/.m2/repository/io/fabric8/zjsonpatch/7.1.0/zjsonpatch-7.1.0.jar:/home/runner/.m2/repository/io/fabric8/kubernetes-httpclient-vertx/7.1.0/kubernetes-httpclient-vertx-7.1.0.jar:/home/runner/.m2/repository/io/vertx/vertx-web-client/4.5.16/vertx-web-client-4.5.16.jar:/home/runner/.m2/repository/io/vertx/vertx-web-common/4.5.16/vertx-web-common-4.5.16.jar:/home/runner/.m2/repository/io/vertx/vertx-auth-common/4.5.16/vertx-auth-common-4.5.16.jar:/home/runner/.m2/repository/io/vertx/vertx-uri-template/4.5.16/vertx-uri-template-4.5.16.jar:/home/runner/.m2/repository/io/fabric8/openshift-client/7.1.0/openshift-client-7.1.0.jar:/home/runner/.m2/repository/io/fabric8/openshift-client-api/7.1.0/openshift-client-api-7.1.0.jar:/home/runner/.m2/repository/io/fabric8/openshift-model/7.1.0/openshift-model-7.1.0.jar:/home/runner/.m2/repository/io/fabric8/openshift-model-autoscaling/7.1.0/openshift-model-autoscaling-7.1.0.jar:/home/runner/.m2/repository/io/fabric8/openshift-model-operator/7.1.0/openshift-model-operator-7.1.0.jar:/home/runner/.m2/repository/io/fabric8/openshift-model-operatorhub/7.1.0/openshift-model-operatorhub-7.1.0.jar:/home/runner/.m2/repository/io/fabric8/openshift-model-machine/7.1.0/openshift-model-machine-7.1.0.jar:/home/runner/.m2/repository/io/fabric8/openshift-model-whereabouts/7.1.0/openshift-model-whereabouts-7.1.0.jar:/home/runner/.m2/repository/io/fabric8/openshift-model-monitoring/7.1.0/openshift-model-monitoring-7.1.0.jar:/home/runner/.m2/repository/io/fabric8/openshift-model-storageversionmigrator/7.1.0/openshift-model-storageversionmigrator-7.1.0.jar:/home/runner/.m2/repository/io/fabric8/openshift-model-tuned/7.1.0/openshift-model-tuned-7.1.0.jar:/home/runner/.m2/repository/io/fabric8/openshift-model-console/7.1.0/openshift-model-console-7.1.0.jar:/home/runner/.m2/repository/io/fabric8/openshift-model-config/7.1.0/openshift-model-config-7.1.0.jar:/home/runner/.m2/repository/io/fabric8/openshift-model-machineconfiguration/7.1.0/openshift-model-machineconfiguration-7.1.0.jar:/home/runner/.m2/repository/io/fabric8/openshift-model-miscellaneous/7.1.0/openshift-model-miscellaneous-7.1.0.jar:/home/runner/.m2/repository/io/fabric8/openshift-model-hive/7.1.0/openshift-model-hive-7.1.0.jar:/home/runner/.m2/repository/io/fabric8/openshift-model-installer/7.1.0/openshift-model-installer-7.1.0.jar:/home/runner/.m2/repository/org/junit/platform/junit-platform-launcher/1.12.1/junit-platform-launcher-1.12.1.jar:/home/runner/.m2/repository/org/junit/platform/junit-platform-engine/1.12.1/junit-platform-engine-1.12.1.jar:/home/runner/.m2/repository/org/opentest4j/opentest4j/1.3.0/opentest4j-1.3.0.jar:/home/runner/.m2/repository/org/junit/platform/junit-platform-commons/1.12.1/junit-platform-commons-1.12.1.jar:/home/runner/.m2/repository/org/apiguardian/apiguardian-api/1.1.2/apiguardian-api-1.1.2.jar:/home/runner/.m2/repository/jakarta/ws/rs/jakarta.ws.rs-api/3.1.0/jakarta.ws.rs-api-3.1.0.jar:/home/runner/work/apicurio-testing/apicurio-testing/clusters/ci419/namespaces/mysql/tests/integration/apicurio-registry/java-sdk/target/apicurio-registry-java-sdk-3.0.13-SNAPSHOT.jar:/home/runner/.m2/repository/com/microsoft/kiota/microsoft-kiota-abstractions/1.8.9/microsoft-kiota-abstractions-1.8.9.jar:/home/runner/.m2/repository/io/github/std-uritemplate/std-uritemplate/2.0.0/std-uritemplate-2.0.0.jar:/home/runner/.m2/repository/io/kiota/kiota-http-jdk/0.0.29/kiota-http-jdk-0.0.29.jar:/home/runner/.m2/repository/io/kiota/kiota-http-vertx/0.0.29/kiota-http-vertx-0.0.29.jar:/home/runner/.m2/repository/io/kiota/kiota-serialization-jackson/0.0.29/kiota-serialization-jackson-0.0.29.jar:/home/runner/.m2/repository/com/microsoft/kiota/microsoft-kiota-serialization-text/1.8.9/microsoft-kiota-serialization-text-1.8.9.jar:/home/runner/.m2/repository/com/microsoft/kiota/microsoft-kiota-serialization-form/1.8.9/microsoft-kiota-serialization-form-1.8.9.jar:/home/runner/.m2/repository/com/microsoft/kiota/microsoft-kiota-serialization-multipart/1.8.9/microsoft-kiota-serialization-multipart-1.8.9.jar:/home/runner/.m2/repository/jakarta/annotation/jakarta.annotation-api/3.0.0/jakarta.annotation-api-3.0.0.jar:/home/runner/.m2/repository/io/vertx/vertx-auth-oauth2/4.5.16/vertx-auth-oauth2-4.5.16.jar:/home/runner/work/apicurio-testing/apicurio-testing/clusters/ci419/namespaces/mysql/tests/integration/apicurio-registry/java-sdk-v2/target/apicurio-registry-v2-java-sdk-3.0.13-SNAPSHOT.jar:/home/runner/work/apicurio-testing/apicurio-testing/clusters/ci419/namespaces/mysql/tests/integration/apicurio-registry/utils/kafka/target/apicurio-registry-utils-kafka-3.0.13-SNAPSHOT-tests.jar:/home/runner/.m2/repository/org/eclipse/microprofile/config/microprofile-config-api/3.1/microprofile-config-api-3.1.jar:/home/runner/.m2/repository/org/apache/kafka/kafka-clients/3.9.1/kafka-clients-3.9.1.jar:/home/runner/.m2/repository/com/github/luben/zstd-jni/1.5.6-4/zstd-jni-1.5.6-4.jar:/home/runner/.m2/repository/org/lz4/lz4-java/1.8.0/lz4-java-1.8.0.jar:/home/runner/.m2/repository/org/xerial/snappy/snappy-java/1.1.10.5/snappy-java-1.1.10.5.jar:/home/runner/.m2/repository/org/slf4j/slf4j-api/2.0.6/slf4j-api-2.0.6.jar:/home/runner/work/apicurio-testing/apicurio-testing/clusters/ci419/namespaces/mysql/tests/integration/apicurio-registry/utils/tests/target/apicurio-registry-utils-tests-3.0.13-SNAPSHOT.jar:/home/runner/work/apicurio-testing/apicurio-testing/clusters/ci419/namespaces/mysql/tests/integration/apicurio-registry/common/target/apicurio-registry-common-3.0.13-SNAPSHOT.jar:/home/runner/.m2/repository/jakarta/validation/jakarta.validation-api/3.0.2/jakarta.validation-api-3.0.2.jar:/home/runner/.m2/repository/com/github/dasniko/testcontainers-keycloak/3.8.0/testcontainers-keycloak-3.8.0.jar:/home/runner/.m2/repository/org/testcontainers/testcontainers/1.20.6/testcontainers-1.20.6.jar:/home/runner/.m2/repository/org/rnorth/duct-tape/duct-tape/1.0.8/duct-tape-1.0.8.jar:/home/runner/.m2/repository/com/github/docker-java/docker-java-transport-zerodep/3.4.1/docker-java-transport-zerodep-3.4.1.jar:/home/runner/.m2/repository/com/github/docker-java/docker-java-transport/3.4.1/docker-java-transport-3.4.1.jar:/home/runner/.m2/repository/net/java/dev/jna/jna/5.8.0/jna-5.8.0.jar:/home/runner/.m2/repository/io/quarkus/quarkus-junit4-mock/3.20.2/quarkus-junit4-mock-3.20.2.jar:/home/runner/.m2/repository/org/jboss/shrinkwrap/shrinkwrap-api/2.0.0-beta-2/shrinkwrap-api-2.0.0-beta-2.jar:/home/runner/.m2/repository/org/jboss/shrinkwrap/shrinkwrap-impl-base/2.0.0-beta-2/shrinkwrap-impl-base-2.0.0-beta-2.jar:/home/runner/.m2/repository/org/jboss/shrinkwrap/shrinkwrap-spi/2.0.0-beta-2/shrinkwrap-spi-2.0.0-beta-2.jar:/home/runner/.m2/repository/org/keycloak/keycloak-admin-client/26.0.4/keycloak-admin-client-26.0.4.jar:/home/runner/.m2/repository/org/keycloak/keycloak-client-common-synced/26.0.4/keycloak-client-common-synced-26.0.4.jar:/home/runner/.m2/repository/jakarta/activation/jakarta.activation-api/2.1.3/jakarta.activation-api-2.1.3.jar:/home/runner/.m2/repository/org/eclipse/microprofile/openapi/microprofile-openapi-api/4.0.2/microprofile-openapi-api-4.0.2.jar:/home/runner/.m2/repository/org/jboss/resteasy/resteasy-client/6.2.12.Final/resteasy-client-6.2.12.Final.jar:/home/runner/.m2/repository/org/jboss/resteasy/resteasy-client-api/6.2.12.Final/resteasy-client-api-6.2.12.Final.jar:/home/runner/.m2/repository/org/jboss/resteasy/resteasy-core-spi/6.2.12.Final/resteasy-core-spi-6.2.12.Final.jar:/home/runner/.m2/repository/org/jboss/resteasy/resteasy-core/6.2.12.Final/resteasy-core-6.2.12.Final.jar:/home/runner/.m2/repository/org/eclipse/angus/angus-activation/2.0.2/angus-activation-2.0.2.jar:/home/runner/.m2/repository/com/ibm/async/asyncutil/0.1.0/asyncutil-0.1.0.jar:/home/runner/.m2/repository/org/reactivestreams/reactive-streams/1.0.4/reactive-streams-1.0.4.jar:/home/runner/.m2/repository/org/jboss/resteasy/resteasy-multipart-provider/6.2.12.Final/resteasy-multipart-provider-6.2.12.Final.jar:/home/runner/.m2/repository/jakarta/mail/jakarta.mail-api/2.1.3/jakarta.mail-api-2.1.3.jar:/home/runner/.m2/repository/org/eclipse/angus/angus-mail/2.0.3/angus-mail-2.0.3.jar:/home/runner/.m2/repository/org/apache/james/apache-mime4j-dom/0.8.12/apache-mime4j-dom-0.8.12.jar:/home/runner/.m2/repository/org/apache/james/apache-mime4j-core/0.8.12/apache-mime4j-core-0.8.12.jar:/home/runner/.m2/repository/org/apache/james/apache-mime4j-storage/0.8.12/apache-mime4j-storage-0.8.12.jar:/home/runner/.m2/repository/org/jboss/resteasy/resteasy-jackson2-provider/6.2.12.Final/resteasy-jackson2-provider-6.2.12.Final.jar:/home/runner/.m2/repository/com/fasterxml/jackson/jakarta/rs/jackson-jakarta-rs-base/2.18.2/jackson-jakarta-rs-base-2.18.2.jar:/home/runner/.m2/repository/com/fasterxml/jackson/jakarta/rs/jackson-jakarta-rs-json-provider/2.18.2/jackson-jakarta-rs-json-provider-2.18.2.jar:/home/runner/.m2/repository/com/fasterxml/jackson/module/jackson-module-jakarta-xmlbind-annotations/2.18.2/jackson-module-jakarta-xmlbind-annotations-2.18.2.jar:/home/runner/.m2/repository/com/github/java-json-tools/json-patch/1.13/json-patch-1.13.jar:/home/runner/.m2/repository/com/github/java-json-tools/msg-simple/1.2/msg-simple-1.2.jar:/home/runner/.m2/repository/com/github/java-json-tools/btf/1.3/btf-1.3.jar:/home/runner/.m2/repository/com/github/java-json-tools/jackson-coreutils/2.0/jackson-coreutils-2.0.jar:/home/runner/.m2/repository/org/jboss/resteasy/resteasy-jaxb-provider/6.2.12.Final/resteasy-jaxb-provider-6.2.12.Final.jar:/home/runner/.m2/repository/org/glassfish/jaxb/codemodel/4.0.5/codemodel-4.0.5.jar:/home/runner/.m2/repository/org/glassfish/jaxb/jaxb-core/4.0.5/jaxb-core-4.0.5.jar:/home/runner/.m2/repository/org/glassfish/jaxb/jaxb-jxc/4.0.5/jaxb-jxc-4.0.5.jar:/home/runner/.m2/repository/org/glassfish/jaxb/jaxb-runtime/4.0.5/jaxb-runtime-4.0.5.jar:/home/runner/.m2/repository/org/glassfish/jaxb/txw2/4.0.5/txw2-4.0.5.jar:/home/runner/.m2/repository/org/glassfish/jaxb/jaxb-xjc/4.0.5/jaxb-xjc-4.0.5.jar:/home/runner/.m2/repository/org/glassfish/jaxb/xsom/4.0.5/xsom-4.0.5.jar:/home/runner/.m2/repository/com/sun/istack/istack-commons-runtime/4.1.2/istack-commons-runtime-4.1.2.jar:/home/runner/.m2/repository/com/sun/istack/istack-commons-tools/4.1.2/istack-commons-tools-4.1.2.jar:/home/runner/.m2/repository/com/sun/xml/bind/external/relaxng-datatype/4.0.5/relaxng-datatype-4.0.5.jar:/home/runner/.m2/repository/com/sun/xml/bind/external/rngom/4.0.5/rngom-4.0.5.jar:/home/runner/.m2/repository/org/testcontainers/mssqlserver/1.20.6/mssqlserver-1.20.6.jar:/home/runner/.m2/repository/org/testcontainers/jdbc/1.20.6/jdbc-1.20.6.jar:/home/runner/.m2/repository/org/testcontainers/database-commons/1.20.6/database-commons-1.20.6.jar:/home/runner/.m2/repository/org/testcontainers/mysql/1.20.6/mysql-1.20.6.jar:/home/runner/.m2/repository/io/strimzi/strimzi-test-container/0.111.0/strimzi-test-container-0.111.0.jar:/home/runner/.m2/repository/org/testcontainers/toxiproxy/1.20.6/toxiproxy-1.20.6.jar:/home/runner/.m2/repository/com/github/docker-java/docker-java-api/3.4.1/docker-java-api-3.4.1.jar:/home/runner/.m2/repository/org/apache/logging/log4j/log4j-slf4j-impl/2.19.0/log4j-slf4j-impl-2.19.0.jar:/home/runner/.m2/repository/org/apache/logging/log4j/log4j-api/2.24.3/log4j-api-2.24.3.jar:/home/runner/.m2/repository/org/apache/logging/log4j/log4j-core/2.19.0/log4j-core-2.19.0.jar:/home/runner/.m2/repository/eu/rekawek/toxiproxy/toxiproxy-java/2.1.7/toxiproxy-java-2.1.7.jar:/home/runner/.m2/repository/org/testcontainers/pulsar/1.21.3/pulsar-1.21.3.jar:/home/runner/.m2/repository/io/debezium/debezium-testing-testcontainers/2.7.4.Final/debezium-testing-testcontainers-2.7.4.Final.jar:/home/runner/.m2/repository/org/testcontainers/kafka/1.20.6/kafka-1.20.6.jar:/home/runner/.m2/repository/com/squareup/okhttp3/okhttp/4.8.1/okhttp-4.8.1.jar:/home/runner/.m2/repository/com/squareup/okio/okio/3.10.2/okio-3.10.2.jar:/home/runner/.m2/repository/com/squareup/okio/okio-jvm/3.10.2/okio-jvm-3.10.2.jar:/home/runner/.m2/repository/org/jetbrains/kotlin/kotlin-stdlib/2.0.21/kotlin-stdlib-2.0.21.jar:/home/runner/.m2/repository/org/awaitility/awaitility/4.3.0/awaitility-4.3.0.jar:/home/runner/.m2/repository/org/testcontainers/mongodb/1.20.6/mongodb-1.20.6.jar:/home/runner/.m2/repository/org/testcontainers/mariadb/1.20.6/mariadb-1.20.6.jar:/home/runner/.m2/repository/org/testcontainers/oracle-xe/1.20.6/oracle-xe-1.20.6.jar:/home/runner/.m2/repository/org/testcontainers/postgresql/1.20.6/postgresql-1.20.6.jar:/home/runner/.m2/repository/org/wiremock/wiremock/3.0.1/wiremock-3.0.1.jar:/home/runner/.m2/repository/org/eclipse/jetty/jetty-server/11.0.15/jetty-server-11.0.15.jar:/home/runner/.m2/repository/org/eclipse/jetty/toolchain/jetty-jakarta-servlet-api/5.0.2/jetty-jakarta-servlet-api-5.0.2.jar:/home/runner/.m2/repository/org/eclipse/jetty/jetty-http/11.0.15/jetty-http-11.0.15.jar:/home/runner/.m2/repository/org/eclipse/jetty/jetty-io/11.0.15/jetty-io-11.0.15.jar:/home/runner/.m2/repository/org/eclipse/jetty/jetty-servlet/11.0.15/jetty-servlet-11.0.15.jar:/home/runner/.m2/repository/org/eclipse/jetty/jetty-security/11.0.15/jetty-security-11.0.15.jar:/home/runner/.m2/repository/org/eclipse/jetty/jetty-servlets/11.0.15/jetty-servlets-11.0.15.jar:/home/runner/.m2/repository/org/eclipse/jetty/jetty-util/11.0.15/jetty-util-11.0.15.jar:/home/runner/.m2/repository/org/eclipse/jetty/jetty-webapp/11.0.15/jetty-webapp-11.0.15.jar:/home/runner/.m2/repository/org/eclipse/jetty/jetty-xml/11.0.15/jetty-xml-11.0.15.jar:/home/runner/.m2/repository/org/eclipse/jetty/jetty-proxy/11.0.15/jetty-proxy-11.0.15.jar:/home/runner/.m2/repository/org/eclipse/jetty/jetty-client/11.0.15/jetty-client-11.0.15.jar:/home/runner/.m2/repository/org/eclipse/jetty/http2/http2-server/11.0.15/http2-server-11.0.15.jar:/home/runner/.m2/repository/org/eclipse/jetty/http2/http2-common/11.0.15/http2-common-11.0.15.jar:/home/runner/.m2/repository/org/eclipse/jetty/http2/http2-hpack/11.0.15/http2-hpack-11.0.15.jar:/home/runner/.m2/repository/org/eclipse/jetty/jetty-alpn-server/11.0.15/jetty-alpn-server-11.0.15.jar:/home/runner/.m2/repository/org/eclipse/jetty/jetty-alpn-java-server/11.0.15/jetty-alpn-java-server-11.0.15.jar:/home/runner/.m2/repository/org/eclipse/jetty/jetty-alpn-java-client/11.0.15/jetty-alpn-java-client-11.0.15.jar:/home/runner/.m2/repository/org/eclipse/jetty/jetty-alpn-client/11.0.15/jetty-alpn-client-11.0.15.jar:/home/runner/.m2/repository/org/apache/httpcomponents/client5/httpclient5/5.2.1/httpclient5-5.2.1.jar:/home/runner/.m2/repository/org/apache/httpcomponents/core5/httpcore5/5.2/httpcore5-5.2.jar:/home/runner/.m2/repository/org/apache/httpcomponents/core5/httpcore5-h2/5.2/httpcore5-h2-5.2.jar:/home/runner/.m2/repository/org/xmlunit/xmlunit-core/2.9.1/xmlunit-core-2.9.1.jar:/home/runner/.m2/repository/jakarta/xml/bind/jakarta.xml.bind-api/4.0.2/jakarta.xml.bind-api-4.0.2.jar:/home/runner/.m2/repository/org/xmlunit/xmlunit-legacy/2.9.1/xmlunit-legacy-2.9.1.jar:/home/runner/.m2/repository/org/xmlunit/xmlunit-placeholders/2.9.1/xmlunit-placeholders-2.9.1.jar:/home/runner/.m2/repository/net/javacrumbs/json-unit/json-unit-core/2.38.0/json-unit-core-2.38.0.jar:/home/runner/.m2/repository/org/hamcrest/hamcrest-core/2.2/hamcrest-core-2.2.jar:/home/runner/.m2/repository/com/jayway/jsonpath/json-path/2.8.0/json-path-2.8.0.jar:/home/runner/.m2/repository/net/minidev/json-smart/2.4.10/json-smart-2.4.10.jar:/home/runner/.m2/repository/net/minidev/accessors-smart/2.4.9/accessors-smart-2.4.9.jar:/home/runner/.m2/repository/org/ow2/asm/asm/9.7.1/asm-9.7.1.jar:/home/runner/.m2/repository/net/sf/jopt-simple/jopt-simple/5.0.4/jopt-simple-5.0.4.jar:/home/runner/.m2/repository/com/github/jknack/handlebars/4.3.1/handlebars-4.3.1.jar:/home/runner/.m2/repository/com/github/jknack/handlebars-helpers/4.3.1/handlebars-helpers-4.3.1.jar:/home/runner/.m2/repository/commons-fileupload/commons-fileupload/1.5/commons-fileupload-1.5.jar:/home/runner/.m2/repository/com/networknt/json-schema-validator/1.5.8/json-schema-validator-1.5.8.jar:/home/runner/.m2/repository/com/ethlo/time/itu/1.10.3/itu-1.10.3.jar:/home/runner/.m2/repository/io/quarkus/quarkus-smallrye-jwt-build/3.20.2/quarkus-smallrye-jwt-build-3.20.2.jar:/home/runner/.m2/repository/io/smallrye/smallrye-jwt-build/4.6.2/smallrye-jwt-build-4.6.2.jar:/home/runner/.m2/repository/org/eclipse/microprofile/jwt/microprofile-jwt-auth-api/2.1/microprofile-jwt-auth-api-2.1.jar:/home/runner/.m2/repository/org/bitbucket/b_c/jose4j/0.9.6/jose4j-0.9.6.jar:/home/runner/.m2/repository/io/smallrye/smallrye-jwt-common/4.6.2/smallrye-jwt-common-4.6.2.jar:/home/runner/.m2/repository/io/quarkus/quarkus-jsonp/3.20.2/quarkus-jsonp-3.20.2.jar:/home/runner/.m2/repository/io/quarkus/quarkus-arc/3.20.2/quarkus-arc-3.20.2.jar:/home/runner/.m2/repository/io/quarkus/arc/arc/3.20.2/arc-3.20.2.jar:/home/runner/.m2/repository/jakarta/transaction/jakarta.transaction-api/2.0.1/jakarta.transaction-api-2.0.1.jar:/home/runner/.m2/repository/io/smallrye/reactive/mutiny/2.9.2/mutiny-2.9.2.jar:/home/runner/.m2/repository/org/jctools/jctools-core/4.0.5/jctools-core-4.0.5.jar:/home/runner/.m2/repository/org/eclipse/microprofile/context-propagation/microprofile-context-propagation-api/1.3/microprofile-context-propagation-api-1.3.jar:/home/runner/.m2/repository/io/apicurio/apicurio-common-rest-client-common/0.1.18.Final/apicurio-common-rest-client-common-0.1.18.Final.jar:/home/runner/work/apicurio-testing/apicurio-testing/clusters/ci419/namespaces/mysql/tests/integration/apicurio-registry/utils/maven-plugin/target/apicurio-registry-maven-plugin-3.0.13-SNAPSHOT.jar:/home/runner/.m2/repository/com/fasterxml/jackson/core/jackson-databind/2.18.2/jackson-databind-2.18.2.jar:/home/runner/.m2/repository/org/apache/avro/avro/1.12.0/avro-1.12.0.jar:/home/runner/.m2/repository/com/google/protobuf/protobuf-java/4.32.0/protobuf-java-4.32.0.jar:/home/runner/.m2/repository/com/google/protobuf/protobuf-java-util/4.32.0/protobuf-java-util-4.32.0.jar:/home/runner/.m2/repository/com/google/code/findbugs/jsr305/3.0.2/jsr305-3.0.2.jar:/home/runner/.m2/repository/com/google/code/gson/gson/2.12.1/gson-2.12.1.jar:/home/runner/.m2/repository/com/google/errorprone/error_prone_annotations/2.36.0/error_prone_annotations-2.36.0.jar:/home/runner/.m2/repository/com/google/j2objc/j2objc-annotations/2.8/j2objc-annotations-2.8.jar:/home/runner/work/apicurio-testing/apicurio-testing/clusters/ci419/namespaces/mysql/tests/integration/apicurio-registry/schema-util/util-provider/target/apicurio-registry-schema-util-provider-3.0.13-SNAPSHOT.jar:/home/runner/work/apicurio-testing/apicurio-testing/clusters/ci419/namespaces/mysql/tests/integration/apicurio-registry/schema-util/common/target/apicurio-registry-schema-util-common-3.0.13-SNAPSHOT.jar:/home/runner/.m2/repository/com/fasterxml/jackson/module/jackson-module-parameter-names/2.18.2/jackson-module-parameter-names-2.18.2.jar:/home/runner/.m2/repository/com/fasterxml/jackson/datatype/jackson-datatype-json-org/2.18.2/jackson-datatype-json-org-2.18.2.jar:/home/runner/work/apicurio-testing/apicurio-testing/clusters/ci419/namespaces/mysql/tests/integration/apicurio-registry/schema-util/json/target/apicurio-registry-schema-util-json-3.0.13-SNAPSHOT.jar:/home/runner/.m2/repository/com/github/erosb/everit-json-schema/1.14.5/everit-json-schema-1.14.5.jar:/home/runner/.m2/repository/commons-validator/commons-validator/1.9.0/commons-validator-1.9.0.jar:/home/runner/.m2/repository/commons-digester/commons-digester/2.1/commons-digester-2.1.jar:/home/runner/.m2/repository/commons-collections/commons-collections/3.2.2/commons-collections-3.2.2.jar:/home/runner/.m2/repository/com/damnhandy/handy-uri-templates/2.1.8/handy-uri-templates-2.1.8.jar:/home/runner/.m2/repository/joda-time/joda-time/2.10.2/joda-time-2.10.2.jar:/home/runner/.m2/repository/com/github/erosb/json-sKema/0.20.0/json-sKema-0.20.0.jar:/home/runner/.m2/repository/io/vertx/vertx-json-schema/4.5.16/vertx-json-schema-4.5.16.jar:/home/runner/work/apicurio-testing/apicurio-testing/clusters/ci419/namespaces/mysql/tests/integration/apicurio-registry/schema-util/protobuf/target/apicurio-registry-schema-util-protobuf-3.0.13-SNAPSHOT.jar:/home/runner/work/apicurio-testing/apicurio-testing/clusters/ci419/namespaces/mysql/tests/integration/apicurio-registry/utils/protobuf-schema-utilities/target/apicurio-registry-protobuf-schema-utilities-3.0.13-SNAPSHOT.jar:/home/runner/.m2/repository/com/google/api/grpc/proto-google-common-protos/2.52.0/proto-google-common-protos-2.52.0.jar:/home/runner/.m2/repository/com/squareup/wire/wire-schema-jvm/5.3.3/wire-schema-jvm-5.3.3.jar:/home/runner/.m2/repository/com/palantir/javapoet/javapoet/0.6.0/javapoet-0.6.0.jar:/home/runner/.m2/repository/com/squareup/kotlinpoet-jvm/2.0.0/kotlinpoet-jvm-2.0.0.jar:/home/runner/.m2/repository/org/jetbrains/kotlin/kotlin-reflect/2.0.21/kotlin-reflect-2.0.21.jar:/home/runner/.m2/repository/com/squareup/wire/wire-runtime-jvm/5.3.3/wire-runtime-jvm-5.3.3.jar:/home/runner/.m2/repository/com/ibm/icu/icu4j/76.1/icu4j-76.1.jar:/home/runner/.m2/repository/com/squareup/okio/okio-fakefilesystem/3.10.2/okio-fakefilesystem-3.10.2.jar:/home/runner/.m2/repository/com/squareup/okio/okio-fakefilesystem-jvm/3.10.2/okio-fakefilesystem-jvm-3.10.2.jar:/home/runner/.m2/repository/org/jetbrains/kotlinx/kotlinx-datetime-jvm/0.6.1/kotlinx-datetime-jvm-0.6.1.jar:/home/runner/work/apicurio-testing/apicurio-testing/clusters/ci419/namespaces/mysql/tests/integration/apicurio-registry/schema-util/asyncapi/target/apicurio-registry-schema-util-asyncapi-3.0.13-SNAPSHOT.jar:/home/runner/work/apicurio-testing/apicurio-testing/clusters/ci419/namespaces/mysql/tests/integration/apicurio-registry/schema-util/avro/target/apicurio-registry-schema-util-avro-3.0.13-SNAPSHOT.jar:/home/runner/work/apicurio-testing/apicurio-testing/clusters/ci419/namespaces/mysql/tests/integration/apicurio-registry/schema-util/graphql/target/apicurio-registry-schema-util-graphql-3.0.13-SNAPSHOT.jar:/home/runner/.m2/repository/com/graphql-java/graphql-java/22.4/graphql-java-22.4.jar:/home/runner/.m2/repository/com/graphql-java/java-dataloader/3.3.0/java-dataloader-3.3.0.jar:/home/runner/work/apicurio-testing/apicurio-testing/clusters/ci419/namespaces/mysql/tests/integration/apicurio-registry/schema-util/kconnect/target/apicurio-registry-schema-util-kconnect-3.0.13-SNAPSHOT.jar:/home/runner/work/apicurio-testing/apicurio-testing/clusters/ci419/namespaces/mysql/tests/integration/apicurio-registry/schema-util/openapi/target/apicurio-registry-schema-util-openapi-3.0.13-SNAPSHOT.jar:/home/runner/.m2/repository/io/apicurio/apicurio-data-models/2.2.2/apicurio-data-models-2.2.2.jar:/home/runner/.m2/repository/org/openapitools/openapidiff/openapi-diff-core/2.1.2/openapi-diff-core-2.1.2.jar:/home/runner/.m2/repository/io/swagger/parser/v3/swagger-parser/2.1.28/swagger-parser-2.1.28.jar:/home/runner/.m2/repository/io/swagger/parser/v3/swagger-parser-v2-converter/2.1.28/swagger-parser-v2-converter-2.1.28.jar:/home/runner/.m2/repository/io/swagger/swagger-core/1.6.16/swagger-core-1.6.16.jar:/home/runner/.m2/repository/io/swagger/swagger-models/1.6.16/swagger-models-1.6.16.jar:/home/runner/.m2/repository/io/swagger/swagger-annotations/1.6.16/swagger-annotations-1.6.16.jar:/home/runner/.m2/repository/io/swagger/swagger-parser/1.0.75/swagger-parser-1.0.75.jar:/home/runner/.m2/repository/io/swagger/swagger-parser-safe-url-resolver/1.0.75/swagger-parser-safe-url-resolver-1.0.75.jar:/home/runner/.m2/repository/io/swagger/swagger-compat-spec-parser/1.0.75/swagger-compat-spec-parser-1.0.75.jar:/home/runner/.m2/repository/com/github/java-json-tools/json-schema-validator/2.2.14/json-schema-validator-2.2.14.jar:/home/runner/.m2/repository/com/github/java-json-tools/jackson-coreutils-equivalence/1.0/jackson-coreutils-equivalence-1.0.jar:/home/runner/.m2/repository/com/github/java-json-tools/json-schema-core/1.2.14/json-schema-core-1.2.14.jar:/home/runner/.m2/repository/com/github/java-json-tools/uri-template/0.10/uri-template-0.10.jar:/home/runner/.m2/repository/com/googlecode/libphonenumber/libphonenumber/8.11.1/libphonenumber-8.11.1.jar:/home/runner/.m2/repository/com/j2html/j2html/1.6.0/j2html-1.6.0.jar:/home/runner/.m2/repository/org/apache/commons/commons-collections4/4.5.0/commons-collections4-4.5.0.jar:/home/runner/.m2/repository/org/slf4j/jcl-over-slf4j/2.0.17/jcl-over-slf4j-2.0.17.jar:/home/runner/.m2/repository/io/swagger/parser/v3/swagger-parser-v3/2.1.31/swagger-parser-v3-2.1.31.jar:/home/runner/.m2/repository/io/swagger/core/v3/swagger-models/2.2.34/swagger-models-2.2.34.jar:/home/runner/.m2/repository/io/swagger/core/v3/swagger-core/2.2.34/swagger-core-2.2.34.jar:/home/runner/.m2/repository/io/swagger/parser/v3/swagger-parser-core/2.1.31/swagger-parser-core-2.1.31.jar:/home/runner/.m2/repository/io/swagger/parser/v3/swagger-parser-safe-url-resolver/2.1.31/swagger-parser-safe-url-resolver-2.1.31.jar:/home/runner/work/apicurio-testing/apicurio-testing/clusters/ci419/namespaces/mysql/tests/integration/apicurio-registry/schema-util/wsdl/target/apicurio-registry-schema-util-wsdl-3.0.13-SNAPSHOT.jar:/home/runner/.m2/repository/wsdl4j/wsdl4j/1.6.3/wsdl4j-1.6.3.jar:/home/runner/work/apicurio-testing/apicurio-testing/clusters/ci419/namespaces/mysql/tests/integration/apicurio-registry/schema-util/xml/target/apicurio-registry-schema-util-xml-3.0.13-SNAPSHOT.jar:/home/runner/.m2/repository/org/apache/santuario/xmlsec/4.0.4/xmlsec-4.0.4.jar:/home/runner/.m2/repository/com/fasterxml/woodstox/woodstox-core/7.1.1/woodstox-core-7.1.1.jar:/home/runner/.m2/repository/org/codehaus/woodstox/stax2-api/4.2.2/stax2-api-4.2.2.jar:/home/runner/work/apicurio-testing/apicurio-testing/clusters/ci419/namespaces/mysql/tests/integration/apicurio-registry/schema-util/xsd/target/apicurio-registry-schema-util-xsd-3.0.13-SNAPSHOT.jar:/home/runner/work/apicurio-testing/apicurio-testing/clusters/ci419/namespaces/mysql/tests/integration/apicurio-registry/serdes/kafka/jsonschema-serde/target/apicurio-registry-jsonschema-serde-kafka-3.0.13-SNAPSHOT.jar:/home/runner/work/apicurio-testing/apicurio-testing/clusters/ci419/namespaces/mysql/tests/integration/apicurio-registry/serdes/kafka/serde-kafka-common/target/apicurio-registry-serde-kafka-common-3.0.13-SNAPSHOT.jar:/home/runner/work/apicurio-testing/apicurio-testing/clusters/ci419/namespaces/mysql/tests/integration/apicurio-registry/serdes/generic/serde-common/target/apicurio-registry-serde-common-3.0.13-SNAPSHOT.jar:/home/runner/work/apicurio-testing/apicurio-testing/clusters/ci419/namespaces/mysql/tests/integration/apicurio-registry/serdes/generic/serde-common-jsonschema/target/apicurio-registry-serde-common-jsonschema-3.0.13-SNAPSHOT.jar:/home/runner/.m2/repository/org/json/json/20250107/json-20250107.jar:/home/runner/work/apicurio-testing/apicurio-testing/clusters/ci419/namespaces/mysql/tests/integration/apicurio-registry/serdes/kafka/avro-serde/target/apicurio-registry-avro-serde-kafka-3.0.13-SNAPSHOT.jar:/home/runner/work/apicurio-testing/apicurio-testing/clusters/ci419/namespaces/mysql/tests/integration/apicurio-registry/serdes/generic/serde-common-avro/target/apicurio-registry-serde-common-avro-3.0.13-SNAPSHOT.jar:/home/runner/work/apicurio-testing/apicurio-testing/clusters/ci419/namespaces/mysql/tests/integration/apicurio-registry/serdes/kafka/protobuf-serde/target/apicurio-registry-protobuf-serde-kafka-3.0.13-SNAPSHOT.jar:/home/runner/work/apicurio-testing/apicurio-testing/clusters/ci419/namespaces/mysql/tests/integration/apicurio-registry/serdes/generic/serde-common-protobuf/target/apicurio-registry-serde-common-protobuf-3.0.13-SNAPSHOT.jar:/home/runner/.m2/repository/com/squareup/wire/wire-schema/5.3.3/wire-schema-5.3.3.jar:/home/runner/.m2/repository/com/squareup/wire/wire-runtime/5.3.3/wire-runtime-5.3.3.jar:/home/runner/work/apicurio-testing/apicurio-testing/clusters/ci419/namespaces/mysql/tests/integration/apicurio-registry/serdes/pulsar/avro-serde/target/apicurio-registry-avro-serde-pulsar-3.0.13-SNAPSHOT.jar:/home/runner/.m2/repository/org/apache/pulsar/pulsar-functions-api/3.3.8/pulsar-functions-api-3.3.8.jar:/home/runner/work/apicurio-testing/apicurio-testing/clusters/ci419/namespaces/mysql/tests/integration/apicurio-registry/serdes/nats/avro-serde/target/apicurio-registry-avro-serde-nats-3.0.13-SNAPSHOT.jar:/home/runner/.m2/repository/io/nats/jnats/2.21.4/jnats-2.21.4.jar:/home/runner/.m2/repository/org/bouncycastle/bcprov-lts8on/2.73.7/bcprov-lts8on-2.73.7.jar:/home/runner/.m2/repository/org/jetbrains/annotations/26.0.2/annotations-26.0.2.jar:/home/runner/work/apicurio-testing/apicurio-testing/clusters/ci419/namespaces/mysql/tests/integration/apicurio-registry/utils/converter/target/apicurio-registry-utils-converter-3.0.13-SNAPSHOT.jar:/home/runner/work/apicurio-testing/apicurio-testing/clusters/ci419/namespaces/mysql/tests/integration/apicurio-registry/schema-resolver/target/apicurio-registry-schema-resolver-3.0.13-SNAPSHOT.jar:/home/runner/.m2/repository/org/apache/kafka/connect-api/3.9.1/connect-api-3.9.1.jar:/home/runner/.m2/repository/javax/ws/rs/javax.ws.rs-api/2.1.1/javax.ws.rs-api-2.1.1.jar:/home/runner/.m2/repository/org/apache/kafka/connect-json/3.9.1/connect-json-3.9.1.jar:/home/runner/.m2/repository/com/fasterxml/jackson/datatype/jackson-datatype-jdk8/2.18.2/jackson-datatype-jdk8-2.18.2.jar:/home/runner/.m2/repository/com/fasterxml/jackson/module/jackson-module-afterburner/2.18.2/jackson-module-afterburner-2.18.2.jar:/home/runner/work/apicurio-testing/apicurio-testing/clusters/ci419/namespaces/mysql/tests/integration/apicurio-registry/utils/kafka/target/apicurio-registry-utils-kafka-3.0.13-SNAPSHOT.jar:/home/runner/.m2/repository/org/apache/pulsar/pulsar-client/3.3.8/pulsar-client-3.3.8.jar:/home/runner/.m2/repository/org/apache/pulsar/pulsar-client-api/3.3.8/pulsar-client-api-3.3.8.jar:/home/runner/.m2/repository/org/apache/pulsar/pulsar-client-admin-api/3.3.8/pulsar-client-admin-api-3.3.8.jar:/home/runner/.m2/repository/org/apache/pulsar/bouncy-castle-bc/3.3.8/bouncy-castle-bc-3.3.8-pkg.jar:/home/runner/.m2/repository/org/bouncycastle/bcpkix-jdk18on/1.81/bcpkix-jdk18on-1.81.jar:/home/runner/.m2/repository/org/bouncycastle/bcutil-jdk18on/1.81/bcutil-jdk18on-1.81.jar:/home/runner/.m2/repository/org/bouncycastle/bcprov-jdk18on/1.81/bcprov-jdk18on-1.81.jar:/home/runner/.m2/repository/io/opentelemetry/opentelemetry-api/1.44.1/opentelemetry-api-1.44.1.jar:/home/runner/.m2/repository/io/opentelemetry/opentelemetry-context/1.44.1/opentelemetry-context-1.44.1.jar:/home/runner/.m2/repository/io/opentelemetry/opentelemetry-api-incubator/1.44.1-alpha/opentelemetry-api-incubator-1.44.1-alpha.jar:/home/runner/.m2/repository/com/fasterxml/jackson/core/jackson-annotations/2.18.2/jackson-annotations-2.18.2.jar:/home/runner/.m2/repository/javax/validation/validation-api/1.1.0.Final/validation-api-1.1.0.Final.jar:/home/runner/.m2/repository/org/jspecify/jspecify/1.0.0/jspecify-1.0.0.jar:/home/runner/.m2/repository/org/apache/commons/commons-configuration2/2.12.0/commons-configuration2-2.12.0.jar:/home/runner/.m2/repository/commons-logging/commons-logging/1.3.5/commons-logging-1.3.5.jar:/home/runner/.m2/repository/org/apache/commons/commons-text/1.13.0/commons-text-1.13.0.jar:/home/runner/.m2/repository/io/confluent/kafka-avro-serializer/8.0.0/kafka-avro-serializer-8.0.0.jar:/home/runner/.m2/repository/org/apache/commons/commons-compress/1.27.1/commons-compress-1.27.1.jar:/home/runner/.m2/repository/io/confluent/kafka-schema-serializer/8.0.0/kafka-schema-serializer-8.0.0.jar:/home/runner/.m2/repository/com/fasterxml/jackson/dataformat/jackson-dataformat-csv/2.18.2/jackson-dataformat-csv-2.18.2.jar:/home/runner/.m2/repository/io/confluent/kafka-schema-registry-client/8.0.0/kafka-schema-registry-client-8.0.0.jar:/home/runner/.m2/repository/org/yaml/snakeyaml/2.3/snakeyaml-2.3.jar:/home/runner/.m2/repository/io/swagger/core/v3/swagger-annotations/2.2.29/swagger-annotations-2.2.29.jar:/home/runner/.m2/repository/com/google/guava/guava/33.4.0-jre/guava-33.4.0-jre.jar:/home/runner/.m2/repository/com/google/guava/failureaccess/1.0.1/failureaccess-1.0.1.jar:/home/runner/.m2/repository/org/checkerframework/checker-qual/3.49.0/checker-qual-3.49.0.jar:/home/runner/.m2/repository/io/confluent/logredactor/1.0.13/logredactor-1.0.13.jar:/home/runner/.m2/repository/com/google/re2j/re2j/1.6/re2j-1.6.jar:/home/runner/.m2/repository/io/confluent/logredactor-metrics/1.0.13/logredactor-metrics-1.0.13.jar:/home/runner/.m2/repository/com/eclipsesource/minimal-json/minimal-json/0.9.5/minimal-json-0.9.5.jar:/home/runner/.m2/repository/io/confluent/common-utils/8.0.0/common-utils-8.0.0.jar:/home/runner/.m2/repository/io/confluent/kafka-connect-avro-converter/8.0.0/kafka-connect-avro-converter-8.0.0.jar:/home/runner/.m2/repository/io/confluent/kafka-connect-avro-data/8.0.0/kafka-connect-avro-data-8.0.0.jar:/home/runner/.m2/repository/io/confluent/kafka-schema-converter/8.0.0/kafka-schema-converter-8.0.0.jar:/home/runner/.m2/repository/io/rest-assured/rest-assured/5.5.1/rest-assured-5.5.1.jar:/home/runner/.m2/repository/org/apache/groovy/groovy/4.0.22/groovy-4.0.22.jar:/home/runner/.m2/repository/org/apache/groovy/groovy-xml/4.0.22/groovy-xml-4.0.22.jar:/home/runner/.m2/repository/org/apache/httpcomponents/httpclient/4.5.14/httpclient-4.5.14.jar:/home/runner/.m2/repository/org/apache/httpcomponents/httpcore/4.4.16/httpcore-4.4.16.jar:/home/runner/.m2/repository/org/apache/httpcomponents/httpmime/4.5.14/httpmime-4.5.14.jar:/home/runner/.m2/repository/org/hamcrest/hamcrest/2.2/hamcrest-2.2.jar:/home/runner/.m2/repository/org/ccil/cowan/tagsoup/tagsoup/1.2.1/tagsoup-1.2.1.jar:/home/runner/.m2/repository/io/rest-assured/json-path/5.5.1/json-path-5.5.1.jar:/home/runner/.m2/repository/org/apache/groovy/groovy-json/4.0.22/groovy-json-4.0.22.jar:/home/runner/.m2/repository/io/rest-assured/rest-assured-common/5.5.1/rest-assured-common-5.5.1.jar:/home/runner/.m2/repository/io/rest-assured/xml-path/5.5.1/xml-path-5.5.1.jar:/home/runner/.m2/repository/io/zonky/test/embedded-postgres/2.1.0/embedded-postgres-2.1.0.jar:/home/runner/.m2/repository/io/zonky/test/postgres/embedded-postgres-binaries-windows-amd64/14.15.0/embedded-postgres-binaries-windows-amd64-14.15.0.jar:/home/runner/.m2/repository/io/zonky/test/postgres/embedded-postgres-binaries-darwin-amd64/14.15.0/embedded-postgres-binaries-darwin-amd64-14.15.0.jar:/home/runner/.m2/repository/io/zonky/test/postgres/embedded-postgres-binaries-linux-amd64/14.15.0/embedded-postgres-binaries-linux-amd64-14.15.0.jar:/home/runner/.m2/repository/io/zonky/test/postgres/embedded-postgres-binaries-linux-amd64-alpine/14.15.0/embedded-postgres-binaries-linux-amd64-alpine-14.15.0.jar:/home/runner/.m2/repository/org/apache/commons/commons-lang3/3.17.0/commons-lang3-3.17.0.jar:/home/runner/.m2/repository/org/tukaani/xz/1.10/xz-1.10.jar:/home/runner/.m2/repository/commons-codec/commons-codec/1.19.0/commons-codec-1.19.0.jar:/home/runner/.m2/repository/org/postgresql/postgresql/42.7.7/postgresql-42.7.7.jar:/home/runner/.m2/repository/commons-io/commons-io/2.18.0/commons-io-2.18.0.jar:/home/runner/work/apicurio-testing/apicurio-testing/clusters/ci419/namespaces/mysql/tests/integration/apicurio-registry/utils/importexport/target/apicurio-registry-utils-import-export-3.0.13-SNAPSHOT.jar:/home/runner/.m2/repository/io/vertx/vertx-core/4.5.16/vertx-core-4.5.16.jar:/home/runner/.m2/repository/io/netty/netty-common/4.1.121.Final/netty-common-4.1.121.Final.jar:/home/runner/.m2/repository/io/netty/netty-buffer/4.1.121.Final/netty-buffer-4.1.121.Final.jar:/home/runner/.m2/repository/io/netty/netty-transport/4.1.121.Final/netty-transport-4.1.121.Final.jar:/home/runner/.m2/repository/io/netty/netty-handler/4.1.121.Final/netty-handler-4.1.121.Final.jar:/home/runner/.m2/repository/io/netty/netty-transport-native-unix-common/4.1.121.Final/netty-transport-native-unix-common-4.1.121.Final.jar:/home/runner/.m2/repository/io/netty/netty-codec/4.1.121.Final/netty-codec-4.1.121.Final.jar:/home/runner/.m2/repository/io/netty/netty-handler-proxy/4.1.121.Final/netty-handler-proxy-4.1.121.Final.jar:/home/runner/.m2/repository/io/netty/netty-codec-socks/4.1.121.Final/netty-codec-socks-4.1.121.Final.jar:/home/runner/.m2/repository/io/netty/netty-codec-http/4.1.121.Final/netty-codec-http-4.1.121.Final.jar:/home/runner/.m2/repository/io/netty/netty-codec-http2/4.1.121.Final/netty-codec-http2-4.1.121.Final.jar:/home/runner/.m2/repository/io/netty/netty-resolver/4.1.121.Final/netty-resolver-4.1.121.Final.jar:/home/runner/.m2/repository/io/netty/netty-resolver-dns/4.1.121.Final/netty-resolver-dns-4.1.121.Final.jar:/home/runner/.m2/repository/io/netty/netty-codec-dns/4.1.121.Final/netty-codec-dns-4.1.121.Final.jar:/home/runner/.m2/repository/com/fasterxml/jackson/core/jackson-core/2.18.2/jackson-core-2.18.2.jar:"/>
    <property name="java.vm.vendor" value="Eclipse Adoptium"/>
    <property name="maven.javadoc.skip" value="true"/>
    <property name="sun.arch.data.model" value="64"/>
    <property name="java.vendor.url" value="https://adoptium.net/"/>
    <property name="user.timezone" value="Etc/UTC"/>
    <property name="os.name" value="Linux"/>
    <property name="java.vm.specification.version" value="17"/>
    <property name="sun.java.launcher" value="SUN_STANDARD"/>
    <property name="quarkus.http.test-port" value="80"/>
    <property name="sun.boot.library.path" value="/usr/lib/jvm/temurin-17-jdk-amd64/lib"/>
    <property name="sun.java.command" value="/home/runner/work/apicurio-testing/apicurio-testing/clusters/ci419/namespaces/mysql/tests/integration/apicurio-registry/integration-tests/target/surefire/surefirebooter-20250820123922515_3.jar /home/runner/work/apicurio-testing/apicurio-testing/clusters/ci419/namespaces/mysql/tests/integration/apicurio-registry/integration-tests/target/surefire 2025-08-20T12-39-22_459-jvmRun1 surefire-20250820123922515_1tmp surefire_0-20250820123922515_2tmp"/>
    <property name="maven.home" value="/home/runner/.m2/wrapper/dists/apache-maven-3.9.8-bin/4fnp1ql35bgk2a0p7m31ovbgb0/apache-maven-3.9.8"/>
    <property name="jdk.debug" value="release"/>
    <property name="surefire.test.class.path" value="/home/runner/work/apicurio-testing/apicurio-testing/clusters/ci419/namespaces/mysql/tests/integration/apicurio-registry/integration-tests/target/test-classes:/home/runner/work/apicurio-testing/apicurio-testing/clusters/ci419/namespaces/mysql/tests/integration/apicurio-registry/integration-tests/target/apicurio-registry-integration-tests-3.0.13-SNAPSHOT.jar:/home/runner/.m2/repository/io/quarkus/quarkus-junit5/3.20.2/quarkus-junit5-3.20.2.jar:/home/runner/.m2/repository/io/quarkus/quarkus-bootstrap-core/3.20.2/quarkus-bootstrap-core-3.20.2.jar:/home/runner/.m2/repository/io/quarkus/quarkus-classloader-commons/3.20.2/quarkus-classloader-commons-3.20.2.jar:/home/runner/.m2/repository/io/quarkus/quarkus-bootstrap-app-model/3.20.2/quarkus-bootstrap-app-model-3.20.2.jar:/home/runner/.m2/repository/io/smallrye/common/smallrye-common-io/2.12.0/smallrye-common-io-2.12.0.jar:/home/runner/.m2/repository/org/eclipse/sisu/org.eclipse.sisu.inject/0.9.0.M3/org.eclipse.sisu.inject-0.9.0.M3.jar:/home/runner/.m2/repository/io/quarkus/quarkus-test-common/3.20.2/quarkus-test-common-3.20.2.jar:/home/runner/.m2/repository/io/quarkus/quarkus-core-deployment/3.20.2/quarkus-core-deployment-3.20.2.jar:/home/runner/.m2/repository/org/aesh/readline/2.6/readline-2.6.jar:/home/runner/.m2/repository/org/fusesource/jansi/jansi/2.4.0/jansi-2.4.0.jar:/home/runner/.m2/repository/org/aesh/aesh/2.8.2/aesh-2.8.2.jar:/home/runner/.m2/repository/io/quarkus/gizmo/gizmo/1.8.0/gizmo-1.8.0.jar:/home/runner/.m2/repository/org/ow2/asm/asm-util/9.7.1/asm-util-9.7.1.jar:/home/runner/.m2/repository/org/ow2/asm/asm-analysis/9.7.1/asm-analysis-9.7.1.jar:/home/runner/.m2/repository/org/ow2/asm/asm-commons/9.7.1/asm-commons-9.7.1.jar:/home/runner/.m2/repository/org/ow2/asm/asm-tree/9.7.1/asm-tree-9.7.1.jar:/home/runner/.m2/repository/io/quarkus/quarkus-hibernate-validator-spi/3.20.2/quarkus-hibernate-validator-spi-3.20.2.jar:/home/runner/.m2/repository/io/quarkus/quarkus-class-change-agent/3.20.2/quarkus-class-change-agent-3.20.2.jar:/home/runner/.m2/repository/io/quarkus/quarkus-devtools-utilities/3.20.2/quarkus-devtools-utilities-3.20.2.jar:/home/runner/.m2/repository/io/quarkus/quarkus-builder/3.20.2/quarkus-builder-3.20.2.jar:/home/runner/.m2/repository/org/graalvm/sdk/nativeimage/23.1.2/nativeimage-23.1.2.jar:/home/runner/.m2/repository/org/graalvm/sdk/word/23.1.2/word-23.1.2.jar:/home/runner/.m2/repository/io/quarkus/quarkus-bootstrap-maven-resolver/3.20.2/quarkus-bootstrap-maven-resolver-3.20.2.jar:/home/runner/.m2/repository/io/smallrye/beanbag/smallrye-beanbag-maven/1.5.2/smallrye-beanbag-maven-1.5.2.jar:/home/runner/.m2/repository/io/smallrye/beanbag/smallrye-beanbag-sisu/1.5.2/smallrye-beanbag-sisu-1.5.2.jar:/home/runner/.m2/repository/io/smallrye/beanbag/smallrye-beanbag/1.5.2/smallrye-beanbag-1.5.2.jar:/home/runner/.m2/repository/javax/inject/javax.inject/1/javax.inject-1.jar:/home/runner/.m2/repository/org/apache/maven/maven-artifact/3.9.9/maven-artifact-3.9.9.jar:/home/runner/.m2/repository/org/apache/maven/maven-builder-support/3.9.9/maven-builder-support-3.9.9.jar:/home/runner/.m2/repository/org/apache/maven/maven-model/3.9.9/maven-model-3.9.9.jar:/home/runner/.m2/repository/org/apache/maven/maven-model-builder/3.9.9/maven-model-builder-3.9.9.jar:/home/runner/.m2/repository/org/apache/maven/maven-repository-metadata/3.9.9/maven-repository-metadata-3.9.9.jar:/home/runner/.m2/repository/org/apache/maven/maven-settings/3.9.9/maven-settings-3.9.9.jar:/home/runner/.m2/repository/org/apache/maven/resolver/maven-resolver-api/1.9.22/maven-resolver-api-1.9.22.jar:/home/runner/.m2/repository/org/apache/maven/resolver/maven-resolver-impl/1.9.22/maven-resolver-impl-1.9.22.jar:/home/runner/.m2/repository/org/apache/maven/resolver/maven-resolver-named-locks/1.9.22/maven-resolver-named-locks-1.9.22.jar:/home/runner/.m2/repository/org/apache/maven/resolver/maven-resolver-spi/1.9.22/maven-resolver-spi-1.9.22.jar:/home/runner/.m2/repository/org/apache/maven/resolver/maven-resolver-util/1.9.22/maven-resolver-util-1.9.22.jar:/home/runner/.m2/repository/org/apache/maven/resolver/maven-resolver-transport-http/1.9.20/maven-resolver-transport-http-1.9.20.jar:/home/runner/.m2/repository/org/apache/maven/wagon/wagon-provider-api/3.5.3/wagon-provider-api-3.5.3.jar:/home/runner/.m2/repository/org/apache/maven/wagon/wagon-http-shared/3.5.3/wagon-http-shared-3.5.3.jar:/home/runner/.m2/repository/org/codehaus/plexus/plexus-interpolation/1.26/plexus-interpolation-1.26.jar:/home/runner/.m2/repository/org/codehaus/plexus/plexus-utils/3.5.1/plexus-utils-3.5.1.jar:/home/runner/.m2/repository/org/codehaus/plexus/plexus-xml/4.0.1/plexus-xml-4.0.1.jar:/home/runner/.m2/repository/org/apache/maven/maven-xml-impl/4.0.0-alpha-5/maven-xml-impl-4.0.0-alpha-5.jar:/home/runner/.m2/repository/org/apache/maven/maven-api-xml/4.0.0-alpha-5/maven-api-xml-4.0.0-alpha-5.jar:/home/runner/.m2/repository/org/apache/maven/maven-api-meta/4.0.0-alpha-5/maven-api-meta-4.0.0-alpha-5.jar:/home/runner/.m2/repository/org/codehaus/plexus/plexus-cipher/2.0/plexus-cipher-2.0.jar:/home/runner/.m2/repository/org/codehaus/plexus/plexus-sec-dispatcher/2.0/plexus-sec-dispatcher-2.0.jar:/home/runner/.m2/repository/org/apache/maven/maven-embedder/3.9.9/maven-embedder-3.9.9.jar:/home/runner/.m2/repository/org/apache/maven/maven-core/3.9.9/maven-core-3.9.9.jar:/home/runner/.m2/repository/org/codehaus/plexus/plexus-component-annotations/2.1.0/plexus-component-annotations-2.1.0.jar:/home/runner/.m2/repository/org/apache/maven/maven-plugin-api/3.9.9/maven-plugin-api-3.9.9.jar:/home/runner/.m2/repository/org/apache/maven/shared/maven-shared-utils/3.4.2/maven-shared-utils-3.4.2.jar:/home/runner/.m2/repository/com/google/inject/guice/5.1.0/guice-5.1.0.jar:/home/runner/.m2/repository/aopalliance/aopalliance/1.0/aopalliance-1.0.jar:/home/runner/.m2/repository/org/codehaus/plexus/plexus-classworlds/2.6.0/plexus-classworlds-2.6.0.jar:/home/runner/.m2/repository/commons-cli/commons-cli/1.8.0/commons-cli-1.8.0.jar:/home/runner/.m2/repository/org/eclipse/sisu/org.eclipse.sisu.plexus/0.9.0.M3/org.eclipse.sisu.plexus-0.9.0.M3.jar:/home/runner/.m2/repository/org/apache/maven/maven-settings-builder/3.9.9/maven-settings-builder-3.9.9.jar:/home/runner/.m2/repository/org/apache/maven/maven-resolver-provider/3.9.9/maven-resolver-provider-3.9.9.jar:/home/runner/.m2/repository/org/apache/maven/resolver/maven-resolver-connector-basic/1.9.22/maven-resolver-connector-basic-1.9.22.jar:/home/runner/.m2/repository/org/apache/maven/resolver/maven-resolver-transport-wagon/1.9.22/maven-resolver-transport-wagon-1.9.22.jar:/home/runner/.m2/repository/org/apache/maven/wagon/wagon-http/3.5.3/wagon-http-3.5.3.jar:/home/runner/.m2/repository/org/apache/maven/wagon/wagon-file/3.5.3/wagon-file-3.5.3.jar:/home/runner/.m2/repository/io/quarkus/quarkus-bootstrap-gradle-resolver/3.20.2/quarkus-bootstrap-gradle-resolver-3.20.2.jar:/home/runner/.m2/repository/io/smallrye/jandex/3.3.0/jandex-3.3.0.jar:/home/runner/.m2/repository/org/jboss/logging/commons-logging-jboss-logging/1.0.0.Final/commons-logging-jboss-logging-1.0.0.Final.jar:/home/runner/.m2/repository/io/quarkus/quarkus-junit5-config/3.20.2/quarkus-junit5-config-3.20.2.jar:/home/runner/.m2/repository/org/junit/jupiter/junit-jupiter-api/5.12.1/junit-jupiter-api-5.12.1.jar:/home/runner/.m2/repository/io/smallrye/config/smallrye-config/3.11.4/smallrye-config-3.11.4.jar:/home/runner/.m2/repository/io/smallrye/config/smallrye-config-core/3.11.4/smallrye-config-core-3.11.4.jar:/home/runner/.m2/repository/io/smallrye/common/smallrye-common-classloader/2.12.0/smallrye-common-classloader-2.12.0.jar:/home/runner/.m2/repository/io/smallrye/config/smallrye-config-common/3.11.4/smallrye-config-common-3.11.4.jar:/home/runner/.m2/repository/org/junit/jupiter/junit-jupiter/5.12.1/junit-jupiter-5.12.1.jar:/home/runner/.m2/repository/org/junit/jupiter/junit-jupiter-params/5.12.1/junit-jupiter-params-5.12.1.jar:/home/runner/.m2/repository/org/junit/jupiter/junit-jupiter-engine/5.12.1/junit-jupiter-engine-5.12.1.jar:/home/runner/.m2/repository/io/quarkus/quarkus-core/3.20.2/quarkus-core-3.20.2.jar:/home/runner/.m2/repository/jakarta/enterprise/jakarta.enterprise.cdi-api/4.1.0/jakarta.enterprise.cdi-api-4.1.0.jar:/home/runner/.m2/repository/jakarta/enterprise/jakarta.enterprise.lang-model/4.1.0/jakarta.enterprise.lang-model-4.1.0.jar:/home/runner/.m2/repository/jakarta/el/jakarta.el-api/5.0.1/jakarta.el-api-5.0.1.jar:/home/runner/.m2/repository/jakarta/interceptor/jakarta.interceptor-api/2.2.0/jakarta.interceptor-api-2.2.0.jar:/home/runner/.m2/repository/jakarta/inject/jakarta.inject-api/2.0.1/jakarta.inject-api-2.0.1.jar:/home/runner/.m2/repository/io/smallrye/common/smallrye-common-os/2.12.0/smallrye-common-os-2.12.0.jar:/home/runner/.m2/repository/io/quarkus/quarkus-ide-launcher/3.20.2/quarkus-ide-launcher-3.20.2.jar:/home/runner/.m2/repository/io/quarkus/quarkus-development-mode-spi/3.20.2/quarkus-development-mode-spi-3.20.2.jar:/home/runner/.m2/repository/org/jboss/logging/jboss-logging/3.6.1.Final/jboss-logging-3.6.1.Final.jar:/home/runner/.m2/repository/org/jboss/logmanager/jboss-logmanager/3.1.2.Final/jboss-logmanager-3.1.2.Final.jar:/home/runner/.m2/repository/io/smallrye/common/smallrye-common-constraint/2.12.0/smallrye-common-constraint-2.12.0.jar:/home/runner/.m2/repository/io/smallrye/common/smallrye-common-cpu/2.12.0/smallrye-common-cpu-2.12.0.jar:/home/runner/.m2/repository/io/smallrye/common/smallrye-common-expression/2.12.0/smallrye-common-expression-2.12.0.jar:/home/runner/.m2/repository/io/smallrye/common/smallrye-common-net/2.12.0/smallrye-common-net-2.12.0.jar:/home/runner/.m2/repository/io/smallrye/common/smallrye-common-ref/2.12.0/smallrye-common-ref-2.12.0.jar:/home/runner/.m2/repository/jakarta/json/jakarta.json-api/2.1.3/jakarta.json-api-2.1.3.jar:/home/runner/.m2/repository/org/eclipse/parsson/parsson/1.1.7/parsson-1.1.7.jar:/home/runner/.m2/repository/org/jboss/logging/jboss-logging-annotations/3.0.4.Final/jboss-logging-annotations-3.0.4.Final.jar:/home/runner/.m2/repository/org/jboss/threads/jboss-threads/3.8.0.Final/jboss-threads-3.8.0.Final.jar:/home/runner/.m2/repository/io/smallrye/common/smallrye-common-annotation/2.12.0/smallrye-common-annotation-2.12.0.jar:/home/runner/.m2/repository/io/smallrye/common/smallrye-common-function/2.12.0/smallrye-common-function-2.12.0.jar:/home/runner/.m2/repository/org/jboss/slf4j/slf4j-jboss-logmanager/2.0.0.Final/slf4j-jboss-logmanager-2.0.0.Final.jar:/home/runner/.m2/repository/org/wildfly/common/wildfly-common/2.0.1/wildfly-common-2.0.1.jar:/home/runner/.m2/repository/io/quarkus/quarkus-bootstrap-runner/3.20.2/quarkus-bootstrap-runner-3.20.2.jar:/home/runner/.m2/repository/io/github/crac/org-crac/0.1.3/org-crac-0.1.3.jar:/home/runner/.m2/repository/io/quarkus/quarkus-fs-util/0.0.10/quarkus-fs-util-0.0.10.jar:/home/runner/.m2/repository/org/jboss/marshalling/jboss-marshalling/2.2.2.Final/jboss-marshalling-2.2.2.Final.jar:/home/runner/.m2/repository/io/fabric8/kubernetes-client/7.1.0/kubernetes-client-7.1.0.jar:/home/runner/.m2/repository/io/fabric8/kubernetes-client-api/7.1.0/kubernetes-client-api-7.1.0.jar:/home/runner/.m2/repository/io/fabric8/kubernetes-model-core/7.1.0/kubernetes-model-core-7.1.0.jar:/home/runner/.m2/repository/io/fabric8/kubernetes-model-common/7.1.0/kubernetes-model-common-7.1.0.jar:/home/runner/.m2/repository/javax/annotation/javax.annotation-api/1.3.2/javax.annotation-api-1.3.2.jar:/home/runner/.m2/repository/io/fabric8/kubernetes-model-gatewayapi/7.1.0/kubernetes-model-gatewayapi-7.1.0.jar:/home/runner/.m2/repository/io/fabric8/kubernetes-model-resource/7.1.0/kubernetes-model-resource-7.1.0.jar:/home/runner/.m2/repository/io/fabric8/kubernetes-model-rbac/7.1.0/kubernetes-model-rbac-7.1.0.jar:/home/runner/.m2/repository/io/fabric8/kubernetes-model-admissionregistration/7.1.0/kubernetes-model-admissionregistration-7.1.0.jar:/home/runner/.m2/repository/io/fabric8/kubernetes-model-apps/7.1.0/kubernetes-model-apps-7.1.0.jar:/home/runner/.m2/repository/io/fabric8/kubernetes-model-autoscaling/7.1.0/kubernetes-model-autoscaling-7.1.0.jar:/home/runner/.m2/repository/io/fabric8/kubernetes-model-apiextensions/7.1.0/kubernetes-model-apiextensions-7.1.0.jar:/home/runner/.m2/repository/io/fabric8/kubernetes-model-batch/7.1.0/kubernetes-model-batch-7.1.0.jar:/home/runner/.m2/repository/io/fabric8/kubernetes-model-certificates/7.1.0/kubernetes-model-certificates-7.1.0.jar:/home/runner/.m2/repository/io/fabric8/kubernetes-model-coordination/7.1.0/kubernetes-model-coordination-7.1.0.jar:/home/runner/.m2/repository/io/fabric8/kubernetes-model-discovery/7.1.0/kubernetes-model-discovery-7.1.0.jar:/home/runner/.m2/repository/io/fabric8/kubernetes-model-events/7.1.0/kubernetes-model-events-7.1.0.jar:/home/runner/.m2/repository/io/fabric8/kubernetes-model-extensions/7.1.0/kubernetes-model-extensions-7.1.0.jar:/home/runner/.m2/repository/io/fabric8/kubernetes-model-flowcontrol/7.1.0/kubernetes-model-flowcontrol-7.1.0.jar:/home/runner/.m2/repository/io/fabric8/kubernetes-model-networking/7.1.0/kubernetes-model-networking-7.1.0.jar:/home/runner/.m2/repository/io/fabric8/kubernetes-model-metrics/7.1.0/kubernetes-model-metrics-7.1.0.jar:/home/runner/.m2/repository/io/fabric8/kubernetes-model-policy/7.1.0/kubernetes-model-policy-7.1.0.jar:/home/runner/.m2/repository/io/fabric8/kubernetes-model-scheduling/7.1.0/kubernetes-model-scheduling-7.1.0.jar:/home/runner/.m2/repository/io/fabric8/kubernetes-model-storageclass/7.1.0/kubernetes-model-storageclass-7.1.0.jar:/home/runner/.m2/repository/io/fabric8/kubernetes-model-node/7.1.0/kubernetes-model-node-7.1.0.jar:/home/runner/.m2/repository/org/snakeyaml/snakeyaml-engine/2.9/snakeyaml-engine-2.9.jar:/home/runner/.m2/repository/com/fasterxml/jackson/dataformat/jackson-dataformat-yaml/2.18.2/jackson-dataformat-yaml-2.18.2.jar:/home/runner/.m2/repository/com/fasterxml/jackson/datatype/jackson-datatype-jsr310/2.18.2/jackson-datatype-jsr310-2.18.2.jar:/home/runner/.m2/repository/io/fabric8/zjsonpatch/7.1.0/zjsonpatch-7.1.0.jar:/home/runner/.m2/repository/io/fabric8/kubernetes-httpclient-vertx/7.1.0/kubernetes-httpclient-vertx-7.1.0.jar:/home/runner/.m2/repository/io/vertx/vertx-web-client/4.5.16/vertx-web-client-4.5.16.jar:/home/runner/.m2/repository/io/vertx/vertx-web-common/4.5.16/vertx-web-common-4.5.16.jar:/home/runner/.m2/repository/io/vertx/vertx-auth-common/4.5.16/vertx-auth-common-4.5.16.jar:/home/runner/.m2/repository/io/vertx/vertx-uri-template/4.5.16/vertx-uri-template-4.5.16.jar:/home/runner/.m2/repository/io/fabric8/openshift-client/7.1.0/openshift-client-7.1.0.jar:/home/runner/.m2/repository/io/fabric8/openshift-client-api/7.1.0/openshift-client-api-7.1.0.jar:/home/runner/.m2/repository/io/fabric8/openshift-model/7.1.0/openshift-model-7.1.0.jar:/home/runner/.m2/repository/io/fabric8/openshift-model-autoscaling/7.1.0/openshift-model-autoscaling-7.1.0.jar:/home/runner/.m2/repository/io/fabric8/openshift-model-operator/7.1.0/openshift-model-operator-7.1.0.jar:/home/runner/.m2/repository/io/fabric8/openshift-model-operatorhub/7.1.0/openshift-model-operatorhub-7.1.0.jar:/home/runner/.m2/repository/io/fabric8/openshift-model-machine/7.1.0/openshift-model-machine-7.1.0.jar:/home/runner/.m2/repository/io/fabric8/openshift-model-whereabouts/7.1.0/openshift-model-whereabouts-7.1.0.jar:/home/runner/.m2/repository/io/fabric8/openshift-model-monitoring/7.1.0/openshift-model-monitoring-7.1.0.jar:/home/runner/.m2/repository/io/fabric8/openshift-model-storageversionmigrator/7.1.0/openshift-model-storageversionmigrator-7.1.0.jar:/home/runner/.m2/repository/io/fabric8/openshift-model-tuned/7.1.0/openshift-model-tuned-7.1.0.jar:/home/runner/.m2/repository/io/fabric8/openshift-model-console/7.1.0/openshift-model-console-7.1.0.jar:/home/runner/.m2/repository/io/fabric8/openshift-model-config/7.1.0/openshift-model-config-7.1.0.jar:/home/runner/.m2/repository/io/fabric8/openshift-model-machineconfiguration/7.1.0/openshift-model-machineconfiguration-7.1.0.jar:/home/runner/.m2/repository/io/fabric8/openshift-model-miscellaneous/7.1.0/openshift-model-miscellaneous-7.1.0.jar:/home/runner/.m2/repository/io/fabric8/openshift-model-hive/7.1.0/openshift-model-hive-7.1.0.jar:/home/runner/.m2/repository/io/fabric8/openshift-model-installer/7.1.0/openshift-model-installer-7.1.0.jar:/home/runner/.m2/repository/org/junit/platform/junit-platform-launcher/1.12.1/junit-platform-launcher-1.12.1.jar:/home/runner/.m2/repository/org/junit/platform/junit-platform-engine/1.12.1/junit-platform-engine-1.12.1.jar:/home/runner/.m2/repository/org/opentest4j/opentest4j/1.3.0/opentest4j-1.3.0.jar:/home/runner/.m2/repository/org/junit/platform/junit-platform-commons/1.12.1/junit-platform-commons-1.12.1.jar:/home/runner/.m2/repository/org/apiguardian/apiguardian-api/1.1.2/apiguardian-api-1.1.2.jar:/home/runner/.m2/repository/jakarta/ws/rs/jakarta.ws.rs-api/3.1.0/jakarta.ws.rs-api-3.1.0.jar:/home/runner/work/apicurio-testing/apicurio-testing/clusters/ci419/namespaces/mysql/tests/integration/apicurio-registry/java-sdk/target/apicurio-registry-java-sdk-3.0.13-SNAPSHOT.jar:/home/runner/.m2/repository/com/microsoft/kiota/microsoft-kiota-abstractions/1.8.9/microsoft-kiota-abstractions-1.8.9.jar:/home/runner/.m2/repository/io/github/std-uritemplate/std-uritemplate/2.0.0/std-uritemplate-2.0.0.jar:/home/runner/.m2/repository/io/kiota/kiota-http-jdk/0.0.29/kiota-http-jdk-0.0.29.jar:/home/runner/.m2/repository/io/kiota/kiota-http-vertx/0.0.29/kiota-http-vertx-0.0.29.jar:/home/runner/.m2/repository/io/kiota/kiota-serialization-jackson/0.0.29/kiota-serialization-jackson-0.0.29.jar:/home/runner/.m2/repository/com/microsoft/kiota/microsoft-kiota-serialization-text/1.8.9/microsoft-kiota-serialization-text-1.8.9.jar:/home/runner/.m2/repository/com/microsoft/kiota/microsoft-kiota-serialization-form/1.8.9/microsoft-kiota-serialization-form-1.8.9.jar:/home/runner/.m2/repository/com/microsoft/kiota/microsoft-kiota-serialization-multipart/1.8.9/microsoft-kiota-serialization-multipart-1.8.9.jar:/home/runner/.m2/repository/jakarta/annotation/jakarta.annotation-api/3.0.0/jakarta.annotation-api-3.0.0.jar:/home/runner/.m2/repository/io/vertx/vertx-auth-oauth2/4.5.16/vertx-auth-oauth2-4.5.16.jar:/home/runner/work/apicurio-testing/apicurio-testing/clusters/ci419/namespaces/mysql/tests/integration/apicurio-registry/java-sdk-v2/target/apicurio-registry-v2-java-sdk-3.0.13-SNAPSHOT.jar:/home/runner/work/apicurio-testing/apicurio-testing/clusters/ci419/namespaces/mysql/tests/integration/apicurio-registry/utils/kafka/target/apicurio-registry-utils-kafka-3.0.13-SNAPSHOT-tests.jar:/home/runner/.m2/repository/org/eclipse/microprofile/config/microprofile-config-api/3.1/microprofile-config-api-3.1.jar:/home/runner/.m2/repository/org/apache/kafka/kafka-clients/3.9.1/kafka-clients-3.9.1.jar:/home/runner/.m2/repository/com/github/luben/zstd-jni/1.5.6-4/zstd-jni-1.5.6-4.jar:/home/runner/.m2/repository/org/lz4/lz4-java/1.8.0/lz4-java-1.8.0.jar:/home/runner/.m2/repository/org/xerial/snappy/snappy-java/1.1.10.5/snappy-java-1.1.10.5.jar:/home/runner/.m2/repository/org/slf4j/slf4j-api/2.0.6/slf4j-api-2.0.6.jar:/home/runner/work/apicurio-testing/apicurio-testing/clusters/ci419/namespaces/mysql/tests/integration/apicurio-registry/utils/tests/target/apicurio-registry-utils-tests-3.0.13-SNAPSHOT.jar:/home/runner/work/apicurio-testing/apicurio-testing/clusters/ci419/namespaces/mysql/tests/integration/apicurio-registry/common/target/apicurio-registry-common-3.0.13-SNAPSHOT.jar:/home/runner/.m2/repository/jakarta/validation/jakarta.validation-api/3.0.2/jakarta.validation-api-3.0.2.jar:/home/runner/.m2/repository/com/github/dasniko/testcontainers-keycloak/3.8.0/testcontainers-keycloak-3.8.0.jar:/home/runner/.m2/repository/org/testcontainers/testcontainers/1.20.6/testcontainers-1.20.6.jar:/home/runner/.m2/repository/org/rnorth/duct-tape/duct-tape/1.0.8/duct-tape-1.0.8.jar:/home/runner/.m2/repository/com/github/docker-java/docker-java-transport-zerodep/3.4.1/docker-java-transport-zerodep-3.4.1.jar:/home/runner/.m2/repository/com/github/docker-java/docker-java-transport/3.4.1/docker-java-transport-3.4.1.jar:/home/runner/.m2/repository/net/java/dev/jna/jna/5.8.0/jna-5.8.0.jar:/home/runner/.m2/repository/io/quarkus/quarkus-junit4-mock/3.20.2/quarkus-junit4-mock-3.20.2.jar:/home/runner/.m2/repository/org/jboss/shrinkwrap/shrinkwrap-api/2.0.0-beta-2/shrinkwrap-api-2.0.0-beta-2.jar:/home/runner/.m2/repository/org/jboss/shrinkwrap/shrinkwrap-impl-base/2.0.0-beta-2/shrinkwrap-impl-base-2.0.0-beta-2.jar:/home/runner/.m2/repository/org/jboss/shrinkwrap/shrinkwrap-spi/2.0.0-beta-2/shrinkwrap-spi-2.0.0-beta-2.jar:/home/runner/.m2/repository/org/keycloak/keycloak-admin-client/26.0.4/keycloak-admin-client-26.0.4.jar:/home/runner/.m2/repository/org/keycloak/keycloak-client-common-synced/26.0.4/keycloak-client-common-synced-26.0.4.jar:/home/runner/.m2/repository/jakarta/activation/jakarta.activation-api/2.1.3/jakarta.activation-api-2.1.3.jar:/home/runner/.m2/repository/org/eclipse/microprofile/openapi/microprofile-openapi-api/4.0.2/microprofile-openapi-api-4.0.2.jar:/home/runner/.m2/repository/org/jboss/resteasy/resteasy-client/6.2.12.Final/resteasy-client-6.2.12.Final.jar:/home/runner/.m2/repository/org/jboss/resteasy/resteasy-client-api/6.2.12.Final/resteasy-client-api-6.2.12.Final.jar:/home/runner/.m2/repository/org/jboss/resteasy/resteasy-core-spi/6.2.12.Final/resteasy-core-spi-6.2.12.Final.jar:/home/runner/.m2/repository/org/jboss/resteasy/resteasy-core/6.2.12.Final/resteasy-core-6.2.12.Final.jar:/home/runner/.m2/repository/org/eclipse/angus/angus-activation/2.0.2/angus-activation-2.0.2.jar:/home/runner/.m2/repository/com/ibm/async/asyncutil/0.1.0/asyncutil-0.1.0.jar:/home/runner/.m2/repository/org/reactivestreams/reactive-streams/1.0.4/reactive-streams-1.0.4.jar:/home/runner/.m2/repository/org/jboss/resteasy/resteasy-multipart-provider/6.2.12.Final/resteasy-multipart-provider-6.2.12.Final.jar:/home/runner/.m2/repository/jakarta/mail/jakarta.mail-api/2.1.3/jakarta.mail-api-2.1.3.jar:/home/runner/.m2/repository/org/eclipse/angus/angus-mail/2.0.3/angus-mail-2.0.3.jar:/home/runner/.m2/repository/org/apache/james/apache-mime4j-dom/0.8.12/apache-mime4j-dom-0.8.12.jar:/home/runner/.m2/repository/org/apache/james/apache-mime4j-core/0.8.12/apache-mime4j-core-0.8.12.jar:/home/runner/.m2/repository/org/apache/james/apache-mime4j-storage/0.8.12/apache-mime4j-storage-0.8.12.jar:/home/runner/.m2/repository/org/jboss/resteasy/resteasy-jackson2-provider/6.2.12.Final/resteasy-jackson2-provider-6.2.12.Final.jar:/home/runner/.m2/repository/com/fasterxml/jackson/jakarta/rs/jackson-jakarta-rs-base/2.18.2/jackson-jakarta-rs-base-2.18.2.jar:/home/runner/.m2/repository/com/fasterxml/jackson/jakarta/rs/jackson-jakarta-rs-json-provider/2.18.2/jackson-jakarta-rs-json-provider-2.18.2.jar:/home/runner/.m2/repository/com/fasterxml/jackson/module/jackson-module-jakarta-xmlbind-annotations/2.18.2/jackson-module-jakarta-xmlbind-annotations-2.18.2.jar:/home/runner/.m2/repository/com/github/java-json-tools/json-patch/1.13/json-patch-1.13.jar:/home/runner/.m2/repository/com/github/java-json-tools/msg-simple/1.2/msg-simple-1.2.jar:/home/runner/.m2/repository/com/github/java-json-tools/btf/1.3/btf-1.3.jar:/home/runner/.m2/repository/com/github/java-json-tools/jackson-coreutils/2.0/jackson-coreutils-2.0.jar:/home/runner/.m2/repository/org/jboss/resteasy/resteasy-jaxb-provider/6.2.12.Final/resteasy-jaxb-provider-6.2.12.Final.jar:/home/runner/.m2/repository/org/glassfish/jaxb/codemodel/4.0.5/codemodel-4.0.5.jar:/home/runner/.m2/repository/org/glassfish/jaxb/jaxb-core/4.0.5/jaxb-core-4.0.5.jar:/home/runner/.m2/repository/org/glassfish/jaxb/jaxb-jxc/4.0.5/jaxb-jxc-4.0.5.jar:/home/runner/.m2/repository/org/glassfish/jaxb/jaxb-runtime/4.0.5/jaxb-runtime-4.0.5.jar:/home/runner/.m2/repository/org/glassfish/jaxb/txw2/4.0.5/txw2-4.0.5.jar:/home/runner/.m2/repository/org/glassfish/jaxb/jaxb-xjc/4.0.5/jaxb-xjc-4.0.5.jar:/home/runner/.m2/repository/org/glassfish/jaxb/xsom/4.0.5/xsom-4.0.5.jar:/home/runner/.m2/repository/com/sun/istack/istack-commons-runtime/4.1.2/istack-commons-runtime-4.1.2.jar:/home/runner/.m2/repository/com/sun/istack/istack-commons-tools/4.1.2/istack-commons-tools-4.1.2.jar:/home/runner/.m2/repository/com/sun/xml/bind/external/relaxng-datatype/4.0.5/relaxng-datatype-4.0.5.jar:/home/runner/.m2/repository/com/sun/xml/bind/external/rngom/4.0.5/rngom-4.0.5.jar:/home/runner/.m2/repository/org/testcontainers/mssqlserver/1.20.6/mssqlserver-1.20.6.jar:/home/runner/.m2/repository/org/testcontainers/jdbc/1.20.6/jdbc-1.20.6.jar:/home/runner/.m2/repository/org/testcontainers/database-commons/1.20.6/database-commons-1.20.6.jar:/home/runner/.m2/repository/org/testcontainers/mysql/1.20.6/mysql-1.20.6.jar:/home/runner/.m2/repository/io/strimzi/strimzi-test-container/0.111.0/strimzi-test-container-0.111.0.jar:/home/runner/.m2/repository/org/testcontainers/toxiproxy/1.20.6/toxiproxy-1.20.6.jar:/home/runner/.m2/repository/com/github/docker-java/docker-java-api/3.4.1/docker-java-api-3.4.1.jar:/home/runner/.m2/repository/org/apache/logging/log4j/log4j-slf4j-impl/2.19.0/log4j-slf4j-impl-2.19.0.jar:/home/runner/.m2/repository/org/apache/logging/log4j/log4j-api/2.24.3/log4j-api-2.24.3.jar:/home/runner/.m2/repository/org/apache/logging/log4j/log4j-core/2.19.0/log4j-core-2.19.0.jar:/home/runner/.m2/repository/eu/rekawek/toxiproxy/toxiproxy-java/2.1.7/toxiproxy-java-2.1.7.jar:/home/runner/.m2/repository/org/testcontainers/pulsar/1.21.3/pulsar-1.21.3.jar:/home/runner/.m2/repository/io/debezium/debezium-testing-testcontainers/2.7.4.Final/debezium-testing-testcontainers-2.7.4.Final.jar:/home/runner/.m2/repository/org/testcontainers/kafka/1.20.6/kafka-1.20.6.jar:/home/runner/.m2/repository/com/squareup/okhttp3/okhttp/4.8.1/okhttp-4.8.1.jar:/home/runner/.m2/repository/com/squareup/okio/okio/3.10.2/okio-3.10.2.jar:/home/runner/.m2/repository/com/squareup/okio/okio-jvm/3.10.2/okio-jvm-3.10.2.jar:/home/runner/.m2/repository/org/jetbrains/kotlin/kotlin-stdlib/2.0.21/kotlin-stdlib-2.0.21.jar:/home/runner/.m2/repository/org/awaitility/awaitility/4.3.0/awaitility-4.3.0.jar:/home/runner/.m2/repository/org/testcontainers/mongodb/1.20.6/mongodb-1.20.6.jar:/home/runner/.m2/repository/org/testcontainers/mariadb/1.20.6/mariadb-1.20.6.jar:/home/runner/.m2/repository/org/testcontainers/oracle-xe/1.20.6/oracle-xe-1.20.6.jar:/home/runner/.m2/repository/org/testcontainers/postgresql/1.20.6/postgresql-1.20.6.jar:/home/runner/.m2/repository/org/wiremock/wiremock/3.0.1/wiremock-3.0.1.jar:/home/runner/.m2/repository/org/eclipse/jetty/jetty-server/11.0.15/jetty-server-11.0.15.jar:/home/runner/.m2/repository/org/eclipse/jetty/toolchain/jetty-jakarta-servlet-api/5.0.2/jetty-jakarta-servlet-api-5.0.2.jar:/home/runner/.m2/repository/org/eclipse/jetty/jetty-http/11.0.15/jetty-http-11.0.15.jar:/home/runner/.m2/repository/org/eclipse/jetty/jetty-io/11.0.15/jetty-io-11.0.15.jar:/home/runner/.m2/repository/org/eclipse/jetty/jetty-servlet/11.0.15/jetty-servlet-11.0.15.jar:/home/runner/.m2/repository/org/eclipse/jetty/jetty-security/11.0.15/jetty-security-11.0.15.jar:/home/runner/.m2/repository/org/eclipse/jetty/jetty-servlets/11.0.15/jetty-servlets-11.0.15.jar:/home/runner/.m2/repository/org/eclipse/jetty/jetty-util/11.0.15/jetty-util-11.0.15.jar:/home/runner/.m2/repository/org/eclipse/jetty/jetty-webapp/11.0.15/jetty-webapp-11.0.15.jar:/home/runner/.m2/repository/org/eclipse/jetty/jetty-xml/11.0.15/jetty-xml-11.0.15.jar:/home/runner/.m2/repository/org/eclipse/jetty/jetty-proxy/11.0.15/jetty-proxy-11.0.15.jar:/home/runner/.m2/repository/org/eclipse/jetty/jetty-client/11.0.15/jetty-client-11.0.15.jar:/home/runner/.m2/repository/org/eclipse/jetty/http2/http2-server/11.0.15/http2-server-11.0.15.jar:/home/runner/.m2/repository/org/eclipse/jetty/http2/http2-common/11.0.15/http2-common-11.0.15.jar:/home/runner/.m2/repository/org/eclipse/jetty/http2/http2-hpack/11.0.15/http2-hpack-11.0.15.jar:/home/runner/.m2/repository/org/eclipse/jetty/jetty-alpn-server/11.0.15/jetty-alpn-server-11.0.15.jar:/home/runner/.m2/repository/org/eclipse/jetty/jetty-alpn-java-server/11.0.15/jetty-alpn-java-server-11.0.15.jar:/home/runner/.m2/repository/org/eclipse/jetty/jetty-alpn-java-client/11.0.15/jetty-alpn-java-client-11.0.15.jar:/home/runner/.m2/repository/org/eclipse/jetty/jetty-alpn-client/11.0.15/jetty-alpn-client-11.0.15.jar:/home/runner/.m2/repository/org/apache/httpcomponents/client5/httpclient5/5.2.1/httpclient5-5.2.1.jar:/home/runner/.m2/repository/org/apache/httpcomponents/core5/httpcore5/5.2/httpcore5-5.2.jar:/home/runner/.m2/repository/org/apache/httpcomponents/core5/httpcore5-h2/5.2/httpcore5-h2-5.2.jar:/home/runner/.m2/repository/org/xmlunit/xmlunit-core/2.9.1/xmlunit-core-2.9.1.jar:/home/runner/.m2/repository/jakarta/xml/bind/jakarta.xml.bind-api/4.0.2/jakarta.xml.bind-api-4.0.2.jar:/home/runner/.m2/repository/org/xmlunit/xmlunit-legacy/2.9.1/xmlunit-legacy-2.9.1.jar:/home/runner/.m2/repository/org/xmlunit/xmlunit-placeholders/2.9.1/xmlunit-placeholders-2.9.1.jar:/home/runner/.m2/repository/net/javacrumbs/json-unit/json-unit-core/2.38.0/json-unit-core-2.38.0.jar:/home/runner/.m2/repository/org/hamcrest/hamcrest-core/2.2/hamcrest-core-2.2.jar:/home/runner/.m2/repository/com/jayway/jsonpath/json-path/2.8.0/json-path-2.8.0.jar:/home/runner/.m2/repository/net/minidev/json-smart/2.4.10/json-smart-2.4.10.jar:/home/runner/.m2/repository/net/minidev/accessors-smart/2.4.9/accessors-smart-2.4.9.jar:/home/runner/.m2/repository/org/ow2/asm/asm/9.7.1/asm-9.7.1.jar:/home/runner/.m2/repository/net/sf/jopt-simple/jopt-simple/5.0.4/jopt-simple-5.0.4.jar:/home/runner/.m2/repository/com/github/jknack/handlebars/4.3.1/handlebars-4.3.1.jar:/home/runner/.m2/repository/com/github/jknack/handlebars-helpers/4.3.1/handlebars-helpers-4.3.1.jar:/home/runner/.m2/repository/commons-fileupload/commons-fileupload/1.5/commons-fileupload-1.5.jar:/home/runner/.m2/repository/com/networknt/json-schema-validator/1.5.8/json-schema-validator-1.5.8.jar:/home/runner/.m2/repository/com/ethlo/time/itu/1.10.3/itu-1.10.3.jar:/home/runner/.m2/repository/io/quarkus/quarkus-smallrye-jwt-build/3.20.2/quarkus-smallrye-jwt-build-3.20.2.jar:/home/runner/.m2/repository/io/smallrye/smallrye-jwt-build/4.6.2/smallrye-jwt-build-4.6.2.jar:/home/runner/.m2/repository/org/eclipse/microprofile/jwt/microprofile-jwt-auth-api/2.1/microprofile-jwt-auth-api-2.1.jar:/home/runner/.m2/repository/org/bitbucket/b_c/jose4j/0.9.6/jose4j-0.9.6.jar:/home/runner/.m2/repository/io/smallrye/smallrye-jwt-common/4.6.2/smallrye-jwt-common-4.6.2.jar:/home/runner/.m2/repository/io/quarkus/quarkus-jsonp/3.20.2/quarkus-jsonp-3.20.2.jar:/home/runner/.m2/repository/io/quarkus/quarkus-arc/3.20.2/quarkus-arc-3.20.2.jar:/home/runner/.m2/repository/io/quarkus/arc/arc/3.20.2/arc-3.20.2.jar:/home/runner/.m2/repository/jakarta/transaction/jakarta.transaction-api/2.0.1/jakarta.transaction-api-2.0.1.jar:/home/runner/.m2/repository/io/smallrye/reactive/mutiny/2.9.2/mutiny-2.9.2.jar:/home/runner/.m2/repository/org/jctools/jctools-core/4.0.5/jctools-core-4.0.5.jar:/home/runner/.m2/repository/org/eclipse/microprofile/context-propagation/microprofile-context-propagation-api/1.3/microprofile-context-propagation-api-1.3.jar:/home/runner/.m2/repository/io/apicurio/apicurio-common-rest-client-common/0.1.18.Final/apicurio-common-rest-client-common-0.1.18.Final.jar:/home/runner/work/apicurio-testing/apicurio-testing/clusters/ci419/namespaces/mysql/tests/integration/apicurio-registry/utils/maven-plugin/target/apicurio-registry-maven-plugin-3.0.13-SNAPSHOT.jar:/home/runner/.m2/repository/com/fasterxml/jackson/core/jackson-databind/2.18.2/jackson-databind-2.18.2.jar:/home/runner/.m2/repository/org/apache/avro/avro/1.12.0/avro-1.12.0.jar:/home/runner/.m2/repository/com/google/protobuf/protobuf-java/4.32.0/protobuf-java-4.32.0.jar:/home/runner/.m2/repository/com/google/protobuf/protobuf-java-util/4.32.0/protobuf-java-util-4.32.0.jar:/home/runner/.m2/repository/com/google/code/findbugs/jsr305/3.0.2/jsr305-3.0.2.jar:/home/runner/.m2/repository/com/google/code/gson/gson/2.12.1/gson-2.12.1.jar:/home/runner/.m2/repository/com/google/errorprone/error_prone_annotations/2.36.0/error_prone_annotations-2.36.0.jar:/home/runner/.m2/repository/com/google/j2objc/j2objc-annotations/2.8/j2objc-annotations-2.8.jar:/home/runner/work/apicurio-testing/apicurio-testing/clusters/ci419/namespaces/mysql/tests/integration/apicurio-registry/schema-util/util-provider/target/apicurio-registry-schema-util-provider-3.0.13-SNAPSHOT.jar:/home/runner/work/apicurio-testing/apicurio-testing/clusters/ci419/namespaces/mysql/tests/integration/apicurio-registry/schema-util/common/target/apicurio-registry-schema-util-common-3.0.13-SNAPSHOT.jar:/home/runner/.m2/repository/com/fasterxml/jackson/module/jackson-module-parameter-names/2.18.2/jackson-module-parameter-names-2.18.2.jar:/home/runner/.m2/repository/com/fasterxml/jackson/datatype/jackson-datatype-json-org/2.18.2/jackson-datatype-json-org-2.18.2.jar:/home/runner/work/apicurio-testing/apicurio-testing/clusters/ci419/namespaces/mysql/tests/integration/apicurio-registry/schema-util/json/target/apicurio-registry-schema-util-json-3.0.13-SNAPSHOT.jar:/home/runner/.m2/repository/com/github/erosb/everit-json-schema/1.14.5/everit-json-schema-1.14.5.jar:/home/runner/.m2/repository/commons-validator/commons-validator/1.9.0/commons-validator-1.9.0.jar:/home/runner/.m2/repository/commons-digester/commons-digester/2.1/commons-digester-2.1.jar:/home/runner/.m2/repository/commons-collections/commons-collections/3.2.2/commons-collections-3.2.2.jar:/home/runner/.m2/repository/com/damnhandy/handy-uri-templates/2.1.8/handy-uri-templates-2.1.8.jar:/home/runner/.m2/repository/joda-time/joda-time/2.10.2/joda-time-2.10.2.jar:/home/runner/.m2/repository/com/github/erosb/json-sKema/0.20.0/json-sKema-0.20.0.jar:/home/runner/.m2/repository/io/vertx/vertx-json-schema/4.5.16/vertx-json-schema-4.5.16.jar:/home/runner/work/apicurio-testing/apicurio-testing/clusters/ci419/namespaces/mysql/tests/integration/apicurio-registry/schema-util/protobuf/target/apicurio-registry-schema-util-protobuf-3.0.13-SNAPSHOT.jar:/home/runner/work/apicurio-testing/apicurio-testing/clusters/ci419/namespaces/mysql/tests/integration/apicurio-registry/utils/protobuf-schema-utilities/target/apicurio-registry-protobuf-schema-utilities-3.0.13-SNAPSHOT.jar:/home/runner/.m2/repository/com/google/api/grpc/proto-google-common-protos/2.52.0/proto-google-common-protos-2.52.0.jar:/home/runner/.m2/repository/com/squareup/wire/wire-schema-jvm/5.3.3/wire-schema-jvm-5.3.3.jar:/home/runner/.m2/repository/com/palantir/javapoet/javapoet/0.6.0/javapoet-0.6.0.jar:/home/runner/.m2/repository/com/squareup/kotlinpoet-jvm/2.0.0/kotlinpoet-jvm-2.0.0.jar:/home/runner/.m2/repository/org/jetbrains/kotlin/kotlin-reflect/2.0.21/kotlin-reflect-2.0.21.jar:/home/runner/.m2/repository/com/squareup/wire/wire-runtime-jvm/5.3.3/wire-runtime-jvm-5.3.3.jar:/home/runner/.m2/repository/com/ibm/icu/icu4j/76.1/icu4j-76.1.jar:/home/runner/.m2/repository/com/squareup/okio/okio-fakefilesystem/3.10.2/okio-fakefilesystem-3.10.2.jar:/home/runner/.m2/repository/com/squareup/okio/okio-fakefilesystem-jvm/3.10.2/okio-fakefilesystem-jvm-3.10.2.jar:/home/runner/.m2/repository/org/jetbrains/kotlinx/kotlinx-datetime-jvm/0.6.1/kotlinx-datetime-jvm-0.6.1.jar:/home/runner/work/apicurio-testing/apicurio-testing/clusters/ci419/namespaces/mysql/tests/integration/apicurio-registry/schema-util/asyncapi/target/apicurio-registry-schema-util-asyncapi-3.0.13-SNAPSHOT.jar:/home/runner/work/apicurio-testing/apicurio-testing/clusters/ci419/namespaces/mysql/tests/integration/apicurio-registry/schema-util/avro/target/apicurio-registry-schema-util-avro-3.0.13-SNAPSHOT.jar:/home/runner/work/apicurio-testing/apicurio-testing/clusters/ci419/namespaces/mysql/tests/integration/apicurio-registry/schema-util/graphql/target/apicurio-registry-schema-util-graphql-3.0.13-SNAPSHOT.jar:/home/runner/.m2/repository/com/graphql-java/graphql-java/22.4/graphql-java-22.4.jar:/home/runner/.m2/repository/com/graphql-java/java-dataloader/3.3.0/java-dataloader-3.3.0.jar:/home/runner/work/apicurio-testing/apicurio-testing/clusters/ci419/namespaces/mysql/tests/integration/apicurio-registry/schema-util/kconnect/target/apicurio-registry-schema-util-kconnect-3.0.13-SNAPSHOT.jar:/home/runner/work/apicurio-testing/apicurio-testing/clusters/ci419/namespaces/mysql/tests/integration/apicurio-registry/schema-util/openapi/target/apicurio-registry-schema-util-openapi-3.0.13-SNAPSHOT.jar:/home/runner/.m2/repository/io/apicurio/apicurio-data-models/2.2.2/apicurio-data-models-2.2.2.jar:/home/runner/.m2/repository/org/openapitools/openapidiff/openapi-diff-core/2.1.2/openapi-diff-core-2.1.2.jar:/home/runner/.m2/repository/io/swagger/parser/v3/swagger-parser/2.1.28/swagger-parser-2.1.28.jar:/home/runner/.m2/repository/io/swagger/parser/v3/swagger-parser-v2-converter/2.1.28/swagger-parser-v2-converter-2.1.28.jar:/home/runner/.m2/repository/io/swagger/swagger-core/1.6.16/swagger-core-1.6.16.jar:/home/runner/.m2/repository/io/swagger/swagger-models/1.6.16/swagger-models-1.6.16.jar:/home/runner/.m2/repository/io/swagger/swagger-annotations/1.6.16/swagger-annotations-1.6.16.jar:/home/runner/.m2/repository/io/swagger/swagger-parser/1.0.75/swagger-parser-1.0.75.jar:/home/runner/.m2/repository/io/swagger/swagger-parser-safe-url-resolver/1.0.75/swagger-parser-safe-url-resolver-1.0.75.jar:/home/runner/.m2/repository/io/swagger/swagger-compat-spec-parser/1.0.75/swagger-compat-spec-parser-1.0.75.jar:/home/runner/.m2/repository/com/github/java-json-tools/json-schema-validator/2.2.14/json-schema-validator-2.2.14.jar:/home/runner/.m2/repository/com/github/java-json-tools/jackson-coreutils-equivalence/1.0/jackson-coreutils-equivalence-1.0.jar:/home/runner/.m2/repository/com/github/java-json-tools/json-schema-core/1.2.14/json-schema-core-1.2.14.jar:/home/runner/.m2/repository/com/github/java-json-tools/uri-template/0.10/uri-template-0.10.jar:/home/runner/.m2/repository/com/googlecode/libphonenumber/libphonenumber/8.11.1/libphonenumber-8.11.1.jar:/home/runner/.m2/repository/com/j2html/j2html/1.6.0/j2html-1.6.0.jar:/home/runner/.m2/repository/org/apache/commons/commons-collections4/4.5.0/commons-collections4-4.5.0.jar:/home/runner/.m2/repository/org/slf4j/jcl-over-slf4j/2.0.17/jcl-over-slf4j-2.0.17.jar:/home/runner/.m2/repository/io/swagger/parser/v3/swagger-parser-v3/2.1.31/swagger-parser-v3-2.1.31.jar:/home/runner/.m2/repository/io/swagger/core/v3/swagger-models/2.2.34/swagger-models-2.2.34.jar:/home/runner/.m2/repository/io/swagger/core/v3/swagger-core/2.2.34/swagger-core-2.2.34.jar:/home/runner/.m2/repository/io/swagger/parser/v3/swagger-parser-core/2.1.31/swagger-parser-core-2.1.31.jar:/home/runner/.m2/repository/io/swagger/parser/v3/swagger-parser-safe-url-resolver/2.1.31/swagger-parser-safe-url-resolver-2.1.31.jar:/home/runner/work/apicurio-testing/apicurio-testing/clusters/ci419/namespaces/mysql/tests/integration/apicurio-registry/schema-util/wsdl/target/apicurio-registry-schema-util-wsdl-3.0.13-SNAPSHOT.jar:/home/runner/.m2/repository/wsdl4j/wsdl4j/1.6.3/wsdl4j-1.6.3.jar:/home/runner/work/apicurio-testing/apicurio-testing/clusters/ci419/namespaces/mysql/tests/integration/apicurio-registry/schema-util/xml/target/apicurio-registry-schema-util-xml-3.0.13-SNAPSHOT.jar:/home/runner/.m2/repository/org/apache/santuario/xmlsec/4.0.4/xmlsec-4.0.4.jar:/home/runner/.m2/repository/com/fasterxml/woodstox/woodstox-core/7.1.1/woodstox-core-7.1.1.jar:/home/runner/.m2/repository/org/codehaus/woodstox/stax2-api/4.2.2/stax2-api-4.2.2.jar:/home/runner/work/apicurio-testing/apicurio-testing/clusters/ci419/namespaces/mysql/tests/integration/apicurio-registry/schema-util/xsd/target/apicurio-registry-schema-util-xsd-3.0.13-SNAPSHOT.jar:/home/runner/work/apicurio-testing/apicurio-testing/clusters/ci419/namespaces/mysql/tests/integration/apicurio-registry/serdes/kafka/jsonschema-serde/target/apicurio-registry-jsonschema-serde-kafka-3.0.13-SNAPSHOT.jar:/home/runner/work/apicurio-testing/apicurio-testing/clusters/ci419/namespaces/mysql/tests/integration/apicurio-registry/serdes/kafka/serde-kafka-common/target/apicurio-registry-serde-kafka-common-3.0.13-SNAPSHOT.jar:/home/runner/work/apicurio-testing/apicurio-testing/clusters/ci419/namespaces/mysql/tests/integration/apicurio-registry/serdes/generic/serde-common/target/apicurio-registry-serde-common-3.0.13-SNAPSHOT.jar:/home/runner/work/apicurio-testing/apicurio-testing/clusters/ci419/namespaces/mysql/tests/integration/apicurio-registry/serdes/generic/serde-common-jsonschema/target/apicurio-registry-serde-common-jsonschema-3.0.13-SNAPSHOT.jar:/home/runner/.m2/repository/org/json/json/20250107/json-20250107.jar:/home/runner/work/apicurio-testing/apicurio-testing/clusters/ci419/namespaces/mysql/tests/integration/apicurio-registry/serdes/kafka/avro-serde/target/apicurio-registry-avro-serde-kafka-3.0.13-SNAPSHOT.jar:/home/runner/work/apicurio-testing/apicurio-testing/clusters/ci419/namespaces/mysql/tests/integration/apicurio-registry/serdes/generic/serde-common-avro/target/apicurio-registry-serde-common-avro-3.0.13-SNAPSHOT.jar:/home/runner/work/apicurio-testing/apicurio-testing/clusters/ci419/namespaces/mysql/tests/integration/apicurio-registry/serdes/kafka/protobuf-serde/target/apicurio-registry-protobuf-serde-kafka-3.0.13-SNAPSHOT.jar:/home/runner/work/apicurio-testing/apicurio-testing/clusters/ci419/namespaces/mysql/tests/integration/apicurio-registry/serdes/generic/serde-common-protobuf/target/apicurio-registry-serde-common-protobuf-3.0.13-SNAPSHOT.jar:/home/runner/.m2/repository/com/squareup/wire/wire-schema/5.3.3/wire-schema-5.3.3.jar:/home/runner/.m2/repository/com/squareup/wire/wire-runtime/5.3.3/wire-runtime-5.3.3.jar:/home/runner/work/apicurio-testing/apicurio-testing/clusters/ci419/namespaces/mysql/tests/integration/apicurio-registry/serdes/pulsar/avro-serde/target/apicurio-registry-avro-serde-pulsar-3.0.13-SNAPSHOT.jar:/home/runner/.m2/repository/org/apache/pulsar/pulsar-functions-api/3.3.8/pulsar-functions-api-3.3.8.jar:/home/runner/work/apicurio-testing/apicurio-testing/clusters/ci419/namespaces/mysql/tests/integration/apicurio-registry/serdes/nats/avro-serde/target/apicurio-registry-avro-serde-nats-3.0.13-SNAPSHOT.jar:/home/runner/.m2/repository/io/nats/jnats/2.21.4/jnats-2.21.4.jar:/home/runner/.m2/repository/org/bouncycastle/bcprov-lts8on/2.73.7/bcprov-lts8on-2.73.7.jar:/home/runner/.m2/repository/org/jetbrains/annotations/26.0.2/annotations-26.0.2.jar:/home/runner/work/apicurio-testing/apicurio-testing/clusters/ci419/namespaces/mysql/tests/integration/apicurio-registry/utils/converter/target/apicurio-registry-utils-converter-3.0.13-SNAPSHOT.jar:/home/runner/work/apicurio-testing/apicurio-testing/clusters/ci419/namespaces/mysql/tests/integration/apicurio-registry/schema-resolver/target/apicurio-registry-schema-resolver-3.0.13-SNAPSHOT.jar:/home/runner/.m2/repository/org/apache/kafka/connect-api/3.9.1/connect-api-3.9.1.jar:/home/runner/.m2/repository/javax/ws/rs/javax.ws.rs-api/2.1.1/javax.ws.rs-api-2.1.1.jar:/home/runner/.m2/repository/org/apache/kafka/connect-json/3.9.1/connect-json-3.9.1.jar:/home/runner/.m2/repository/com/fasterxml/jackson/datatype/jackson-datatype-jdk8/2.18.2/jackson-datatype-jdk8-2.18.2.jar:/home/runner/.m2/repository/com/fasterxml/jackson/module/jackson-module-afterburner/2.18.2/jackson-module-afterburner-2.18.2.jar:/home/runner/work/apicurio-testing/apicurio-testing/clusters/ci419/namespaces/mysql/tests/integration/apicurio-registry/utils/kafka/target/apicurio-registry-utils-kafka-3.0.13-SNAPSHOT.jar:/home/runner/.m2/repository/org/apache/pulsar/pulsar-client/3.3.8/pulsar-client-3.3.8.jar:/home/runner/.m2/repository/org/apache/pulsar/pulsar-client-api/3.3.8/pulsar-client-api-3.3.8.jar:/home/runner/.m2/repository/org/apache/pulsar/pulsar-client-admin-api/3.3.8/pulsar-client-admin-api-3.3.8.jar:/home/runner/.m2/repository/org/apache/pulsar/bouncy-castle-bc/3.3.8/bouncy-castle-bc-3.3.8-pkg.jar:/home/runner/.m2/repository/org/bouncycastle/bcpkix-jdk18on/1.81/bcpkix-jdk18on-1.81.jar:/home/runner/.m2/repository/org/bouncycastle/bcutil-jdk18on/1.81/bcutil-jdk18on-1.81.jar:/home/runner/.m2/repository/org/bouncycastle/bcprov-jdk18on/1.81/bcprov-jdk18on-1.81.jar:/home/runner/.m2/repository/io/opentelemetry/opentelemetry-api/1.44.1/opentelemetry-api-1.44.1.jar:/home/runner/.m2/repository/io/opentelemetry/opentelemetry-context/1.44.1/opentelemetry-context-1.44.1.jar:/home/runner/.m2/repository/io/opentelemetry/opentelemetry-api-incubator/1.44.1-alpha/opentelemetry-api-incubator-1.44.1-alpha.jar:/home/runner/.m2/repository/com/fasterxml/jackson/core/jackson-annotations/2.18.2/jackson-annotations-2.18.2.jar:/home/runner/.m2/repository/javax/validation/validation-api/1.1.0.Final/validation-api-1.1.0.Final.jar:/home/runner/.m2/repository/org/jspecify/jspecify/1.0.0/jspecify-1.0.0.jar:/home/runner/.m2/repository/org/apache/commons/commons-configuration2/2.12.0/commons-configuration2-2.12.0.jar:/home/runner/.m2/repository/commons-logging/commons-logging/1.3.5/commons-logging-1.3.5.jar:/home/runner/.m2/repository/org/apache/commons/commons-text/1.13.0/commons-text-1.13.0.jar:/home/runner/.m2/repository/io/confluent/kafka-avro-serializer/8.0.0/kafka-avro-serializer-8.0.0.jar:/home/runner/.m2/repository/org/apache/commons/commons-compress/1.27.1/commons-compress-1.27.1.jar:/home/runner/.m2/repository/io/confluent/kafka-schema-serializer/8.0.0/kafka-schema-serializer-8.0.0.jar:/home/runner/.m2/repository/com/fasterxml/jackson/dataformat/jackson-dataformat-csv/2.18.2/jackson-dataformat-csv-2.18.2.jar:/home/runner/.m2/repository/io/confluent/kafka-schema-registry-client/8.0.0/kafka-schema-registry-client-8.0.0.jar:/home/runner/.m2/repository/org/yaml/snakeyaml/2.3/snakeyaml-2.3.jar:/home/runner/.m2/repository/io/swagger/core/v3/swagger-annotations/2.2.29/swagger-annotations-2.2.29.jar:/home/runner/.m2/repository/com/google/guava/guava/33.4.0-jre/guava-33.4.0-jre.jar:/home/runner/.m2/repository/com/google/guava/failureaccess/1.0.1/failureaccess-1.0.1.jar:/home/runner/.m2/repository/org/checkerframework/checker-qual/3.49.0/checker-qual-3.49.0.jar:/home/runner/.m2/repository/io/confluent/logredactor/1.0.13/logredactor-1.0.13.jar:/home/runner/.m2/repository/com/google/re2j/re2j/1.6/re2j-1.6.jar:/home/runner/.m2/repository/io/confluent/logredactor-metrics/1.0.13/logredactor-metrics-1.0.13.jar:/home/runner/.m2/repository/com/eclipsesource/minimal-json/minimal-json/0.9.5/minimal-json-0.9.5.jar:/home/runner/.m2/repository/io/confluent/common-utils/8.0.0/common-utils-8.0.0.jar:/home/runner/.m2/repository/io/confluent/kafka-connect-avro-converter/8.0.0/kafka-connect-avro-converter-8.0.0.jar:/home/runner/.m2/repository/io/confluent/kafka-connect-avro-data/8.0.0/kafka-connect-avro-data-8.0.0.jar:/home/runner/.m2/repository/io/confluent/kafka-schema-converter/8.0.0/kafka-schema-converter-8.0.0.jar:/home/runner/.m2/repository/io/rest-assured/rest-assured/5.5.1/rest-assured-5.5.1.jar:/home/runner/.m2/repository/org/apache/groovy/groovy/4.0.22/groovy-4.0.22.jar:/home/runner/.m2/repository/org/apache/groovy/groovy-xml/4.0.22/groovy-xml-4.0.22.jar:/home/runner/.m2/repository/org/apache/httpcomponents/httpclient/4.5.14/httpclient-4.5.14.jar:/home/runner/.m2/repository/org/apache/httpcomponents/httpcore/4.4.16/httpcore-4.4.16.jar:/home/runner/.m2/repository/org/apache/httpcomponents/httpmime/4.5.14/httpmime-4.5.14.jar:/home/runner/.m2/repository/org/hamcrest/hamcrest/2.2/hamcrest-2.2.jar:/home/runner/.m2/repository/org/ccil/cowan/tagsoup/tagsoup/1.2.1/tagsoup-1.2.1.jar:/home/runner/.m2/repository/io/rest-assured/json-path/5.5.1/json-path-5.5.1.jar:/home/runner/.m2/repository/org/apache/groovy/groovy-json/4.0.22/groovy-json-4.0.22.jar:/home/runner/.m2/repository/io/rest-assured/rest-assured-common/5.5.1/rest-assured-common-5.5.1.jar:/home/runner/.m2/repository/io/rest-assured/xml-path/5.5.1/xml-path-5.5.1.jar:/home/runner/.m2/repository/io/zonky/test/embedded-postgres/2.1.0/embedded-postgres-2.1.0.jar:/home/runner/.m2/repository/io/zonky/test/postgres/embedded-postgres-binaries-windows-amd64/14.15.0/embedded-postgres-binaries-windows-amd64-14.15.0.jar:/home/runner/.m2/repository/io/zonky/test/postgres/embedded-postgres-binaries-darwin-amd64/14.15.0/embedded-postgres-binaries-darwin-amd64-14.15.0.jar:/home/runner/.m2/repository/io/zonky/test/postgres/embedded-postgres-binaries-linux-amd64/14.15.0/embedded-postgres-binaries-linux-amd64-14.15.0.jar:/home/runner/.m2/repository/io/zonky/test/postgres/embedded-postgres-binaries-linux-amd64-alpine/14.15.0/embedded-postgres-binaries-linux-amd64-alpine-14.15.0.jar:/home/runner/.m2/repository/org/apache/commons/commons-lang3/3.17.0/commons-lang3-3.17.0.jar:/home/runner/.m2/repository/org/tukaani/xz/1.10/xz-1.10.jar:/home/runner/.m2/repository/commons-codec/commons-codec/1.19.0/commons-codec-1.19.0.jar:/home/runner/.m2/repository/org/postgresql/postgresql/42.7.7/postgresql-42.7.7.jar:/home/runner/.m2/repository/commons-io/commons-io/2.18.0/commons-io-2.18.0.jar:/home/runner/work/apicurio-testing/apicurio-testing/clusters/ci419/namespaces/mysql/tests/integration/apicurio-registry/utils/importexport/target/apicurio-registry-utils-import-export-3.0.13-SNAPSHOT.jar:/home/runner/.m2/repository/io/vertx/vertx-core/4.5.16/vertx-core-4.5.16.jar:/home/runner/.m2/repository/io/netty/netty-common/4.1.121.Final/netty-common-4.1.121.Final.jar:/home/runner/.m2/repository/io/netty/netty-buffer/4.1.121.Final/netty-buffer-4.1.121.Final.jar:/home/runner/.m2/repository/io/netty/netty-transport/4.1.121.Final/netty-transport-4.1.121.Final.jar:/home/runner/.m2/repository/io/netty/netty-handler/4.1.121.Final/netty-handler-4.1.121.Final.jar:/home/runner/.m2/repository/io/netty/netty-transport-native-unix-common/4.1.121.Final/netty-transport-native-unix-common-4.1.121.Final.jar:/home/runner/.m2/repository/io/netty/netty-codec/4.1.121.Final/netty-codec-4.1.121.Final.jar:/home/runner/.m2/repository/io/netty/netty-handler-proxy/4.1.121.Final/netty-handler-proxy-4.1.121.Final.jar:/home/runner/.m2/repository/io/netty/netty-codec-socks/4.1.121.Final/netty-codec-socks-4.1.121.Final.jar:/home/runner/.m2/repository/io/netty/netty-codec-http/4.1.121.Final/netty-codec-http-4.1.121.Final.jar:/home/runner/.m2/repository/io/netty/netty-codec-http2/4.1.121.Final/netty-codec-http2-4.1.121.Final.jar:/home/runner/.m2/repository/io/netty/netty-resolver/4.1.121.Final/netty-resolver-4.1.121.Final.jar:/home/runner/.m2/repository/io/netty/netty-resolver-dns/4.1.121.Final/netty-resolver-dns-4.1.121.Final.jar:/home/runner/.m2/repository/io/netty/netty-codec-dns/4.1.121.Final/netty-codec-dns-4.1.121.Final.jar:/home/runner/.m2/repository/com/fasterxml/jackson/core/jackson-core/2.18.2/jackson-core-2.18.2.jar:"/>
    <property name="sun.cpu.endian" value="little"/>
    <property name="user.home" value="/home/runner"/>
    <property name="user.language" value="en"/>
    <property name="jboss.log-version" value="false"/>
    <property name="java.specification.vendor" value="Oracle Corporation"/>
    <property name="java.version.date" value="2025-07-15"/>
    <property name="java.home" value="/usr/lib/jvm/temurin-17-jdk-amd64"/>
    <property name="file.separator" value="/"/>
    <property name="basedir" value="/home/runner/work/apicurio-testing/apicurio-testing/clusters/ci419/namespaces/mysql/tests/integration/apicurio-registry/integration-tests"/>
    <property name="java.vm.compressedOopsMode" value="Zero based"/>
    <property name="line.separator" value="&#10;"/>
    <property name="java.specification.name" value="Java Platform API Specification"/>
    <property name="java.vm.specification.vendor" value="Oracle Corporation"/>
    <property name="quarkus.http.test-host" value="registry-app-mysql.apps.ci419.apicurio-testing.org"/>
    <property name="surefire.real.class.path" value="/home/runner/work/apicurio-testing/apicurio-testing/clusters/ci419/namespaces/mysql/tests/integration/apicurio-registry/integration-tests/target/surefire/surefirebooter-20250820123922515_3.jar"/>
    <property name="sun.management.compiler" value="HotSpot 64-Bit Tiered Compilers"/>
    <property name="org.eclipse.jetty.http.HttpGenerator.STRICT" value="true"/>
    <property name="java.runtime.version" value="17.0.16+8"/>
    <property name="user.name" value="runner"/>
    <property name="path.separator" value=":"/>
    <property name="os.version" value="6.11.0-1018-azure"/>
    <property name="java.runtime.name" value="OpenJDK Runtime Environment"/>
    <property name="file.encoding" value="UTF-8"/>
    <property name="jnidispatch.path" value="/home/runner/.cache/JNA/temp/jna1883560235907082102.tmp"/>
    <property name="java.vm.name" value="OpenJDK 64-Bit Server VM"/>
    <property name="jna.platform.library.path" value="/usr/lib/x86_64-linux-gnu:/lib/x86_64-linux-gnu:/usr/lib64:/lib64:/usr/lib:/lib:/lib32:/usr/local/lib:/usr/lib/x86_64-linux-gnu/libfakeroot"/>
    <property name="java.vendor.version" value="Temurin-17.0.16+8"/>
    <property name="quarkus.oidc.token-path" value="https://keycloak-mysql.apps.ci419.apicurio-testing.org/realms/registry/protocol/openid-connect/token"/>
    <property name="quarkus.http.host" value="registry-app-mysql.apps.ci419.apicurio-testing.org"/>
    <property name="localRepository" value="/home/runner/.m2/repository"/>
    <property name="javax.xml.xpath.XPathFactory:http://java.sun.com/jaxp/xpath/dom" value="com.sun.org.apache.xpath.internal.jaxp.XPathFactoryImpl"/>
    <property name="jna.loaded" value="true"/>
    <property name="java.vendor.url.bug" value="https://github.com/adoptium/adoptium-support/issues"/>
    <property name="jetty.git.hash" value="5bc5e562c8d05c5862505aebe5cf83a61bdbcb96"/>
    <property name="java.io.tmpdir" value="/tmp"/>
    <property name="quarkus.http.test-protocol" value="http"/>
    <property name="java.version" value="17.0.16"/>
    <property name="user.dir" value="/home/runner/work/apicurio-testing/apicurio-testing/clusters/ci419/namespaces/mysql/tests/integration/apicurio-registry/integration-tests"/>
    <property name="os.arch" value="amd64"/>
    <property name="groups" value="( smoke | serdes | acceptance | ui)"/>
    <property name="java.vm.specification.name" value="Java Virtual Machine Specification"/>
    <property name="native.encoding" value="UTF-8"/>
    <property name="java.util.logging.manager" value="org.jboss.logmanager.LogManager"/>
    <property name="java.library.path" value="/usr/java/packages/lib:/usr/lib64:/lib64:/lib:/usr/lib"/>
    <property name="jdk.console" value="java.base"/>
    <property name="java.vm.info" value="mixed mode, sharing"/>
    <property name="java.vendor" value="Eclipse Adoptium"/>
    <property name="java.vm.version" value="17.0.16+8"/>
    <property name="java.specification.maintenance.version" value="1"/>
    <property name="sun.io.unicode.encoding" value="UnicodeLittle"/>
    <property name="javax.xml.transform.TransformerFactory" value="com.sun.org.apache.xalan.internal.xsltc.trax.TransformerFactoryImpl"/>
    <property name="java.class.version" value="61.0"/>
  </properties>
  <testcase name="testGlobalIdInHeaders" classname="io.apicurio.tests.serdes.apicurio.AvroSerdeIT" time="5.636">
    <system-out><![CDATA[**** Registry Base URL: http://registry-app-mysql.apps.ci419.apicurio-testing.org:80
**** Registry Base URL: http://registry-app-mysql.apps.ci419.apicurio-testing.org:80
2025-08-20 12:39:33,161 INFO  [io.api.tes.ser.api.AvroSerdeIT] (main) RestAssured configured with http://registry-app-mysql.apps.ci419.apicurio-testing.org:80/apis/registry/v3
2025-08-20 12:39:33,321 INFO  [io.api.tes.uti.KafkaFacade] (main) Starting kafka container
2025-08-20 12:39:33,354 INFO  [org.tes.ima.PullPolicy] (main) Image pull policy will be performed by: DefaultPullPolicy()
2025-08-20 12:39:33,355 INFO  [org.tes.uti.ImageNameSubstitutor] (main) Image name substitution will be performed by: DefaultImageNameSubstitutor (composite of 'ConfigurationFileImageNameSubstitutor' and 'PrefixingImageNameSubstitutor')
2025-08-20 12:39:33,362 INFO  [org.tes.DockerClientFactory] (main) Testcontainers version: 1.20.6
2025-08-20 12:39:33,697 INFO  [org.tes.doc.DockerClientProviderStrategy] (main) Found Docker environment with local Unix socket (unix:///var/run/docker.sock)
2025-08-20 12:39:33,703 INFO  [org.tes.DockerClientFactory] (main) Docker host IP address is localhost
2025-08-20 12:39:33,715 INFO  [org.tes.DockerClientFactory] (main) Connected to docker: 
  Server Version: 28.0.4
  API Version: 1.48
  Operating System: Ubuntu 24.04.2 LTS
  Total Memory: 15995 MB
2025-08-20 12:39:33,735 INFO  [tc.tes.11.0] (main) Pulling docker image: testcontainers/ryuk:0.11.0. Please be patient; this may take some time but only needs to be done once.
2025-08-20 12:39:34,859 INFO  [tc.tes.11.0] (docker-java-stream--1295187651) Starting to pull image
2025-08-20 12:39:34,876 INFO  [tc.tes.11.0] (docker-java-stream--1295187651) Pulling image layers:  0 pending,  0 downloaded,  0 extracted, (0 bytes/0 bytes)
2025-08-20 12:39:35,386 INFO  [tc.tes.11.0] (docker-java-stream--1295187651) Pulling image layers:  2 pending,  1 downloaded,  0 extracted, (114 KB/? MB)
2025-08-20 12:39:35,390 INFO  [tc.tes.11.0] (docker-java-stream--1295187651) Pulling image layers:  1 pending,  2 downloaded,  0 extracted, (142 KB/? MB)
2025-08-20 12:39:35,405 INFO  [tc.tes.11.0] (docker-java-stream--1295187651) Pulling image layers:  0 pending,  3 downloaded,  0 extracted, (142 KB/10 MB)
2025-08-20 12:39:35,487 INFO  [tc.tes.11.0] (docker-java-stream--1295187651) Pulling image layers:  0 pending,  3 downloaded,  1 extracted, (3 MB/10 MB)
2025-08-20 12:39:35,890 INFO  [tc.tes.11.0] (docker-java-stream--1295187651) Pulling image layers:  0 pending,  3 downloaded,  2 extracted, (4 MB/10 MB)
2025-08-20 12:39:35,930 INFO  [tc.tes.11.0] (docker-java-stream--1295187651) Pulling image layers:  0 pending,  3 downloaded,  3 extracted, (10 MB/10 MB)
2025-08-20 12:39:35,937 INFO  [tc.tes.11.0] (docker-java-stream--1295187651) Pull complete. 3 layers, pulled in 1s (downloaded 10 MB at 10 MB/s)
2025-08-20 12:39:35,937 INFO  [tc.tes.11.0] (main) Image testcontainers/ryuk:0.11.0 pull took PT2.202057469S
2025-08-20 12:39:35,955 INFO  [tc.tes.11.0] (main) Creating container for image: testcontainers/ryuk:0.11.0
2025-08-20 12:39:36,011 INFO  [tc.tes.11.0] (main) Container testcontainers/ryuk:0.11.0 is starting: fcaf5856ece58b9aac7af0f7e957e62d1fab1c5c56436bb0eed260bfa9a09a1b
2025-08-20 12:39:36,222 INFO  [tc.tes.11.0] (main) Container testcontainers/ryuk:0.11.0 started in PT0.267273648S
2025-08-20 12:39:36,225 INFO  [org.tes.uti.RyukResourceReaper] (main) Ryuk started - will monitor and terminate Testcontainers containers on JVM exit
2025-08-20 12:39:36,226 INFO  [org.tes.DockerClientFactory] (main) Checking the system...
2025-08-20 12:39:36,226 INFO  [org.tes.DockerClientFactory] (main) ✔︎ Docker server version should be at least 1.6.0
2025-08-20 12:39:36,228 INFO  [io.str.tes.con.KafkaVersionService] (main) Latest release of Kafka is:LogicalKafkaVersionEntity{version='4.0.0', image='quay.io/strimzi-test-container/test-container:0.111.0-kafka-4.0.0'}
2025-08-20 12:39:36,228 INFO  [io.str.tes.con.KafkaVersionService] (main) Latest release of Kafka is:LogicalKafkaVersionEntity{version='4.0.0', image='quay.io/strimzi-test-container/test-container:0.111.0-kafka-4.0.0'}
2025-08-20 12:39:36,228 INFO  [io.str.tes.con.KafkaVersionService] (main) No Kafka version specified. Using latest release: 4.0.0
2025-08-20 12:39:36,231 INFO  [tc.qua.io/.111.0-k.0.0] (main) Pulling docker image: quay.io/strimzi-test-container/test-container:0.111.0-kafka-4.0.0. Please be patient; this may take some time but only needs to be done once.
2025-08-20 12:39:37,334 INFO  [tc.qua.io/.111.0-k.0.0] (docker-java-stream--29267298) Starting to pull image
2025-08-20 12:39:37,335 INFO  [tc.qua.io/.111.0-k.0.0] (docker-java-stream--29267298) Pulling image layers:  0 pending,  0 downloaded,  0 extracted, (0 bytes/0 bytes)
2025-08-20 12:39:38,467 INFO  [tc.qua.io/.111.0-k.0.0] (docker-java-stream--29267298) Pulling image layers:  6 pending,  1 downloaded,  0 extracted, (44 MB/? MB)
2025-08-20 12:39:38,643 INFO  [tc.qua.io/.111.0-k.0.0] (docker-java-stream--29267298) Pulling image layers:  5 pending,  2 downloaded,  0 extracted, (75 MB/? MB)
2025-08-20 12:39:38,768 INFO  [tc.qua.io/.111.0-k.0.0] (docker-java-stream--29267298) Pulling image layers:  4 pending,  3 downloaded,  0 extracted, (86 MB/? MB)
2025-08-20 12:39:39,078 INFO  [tc.qua.io/.111.0-k.0.0] (docker-java-stream--29267298) Pulling image layers:  3 pending,  4 downloaded,  0 extracted, (112 MB/? MB)
2025-08-20 12:39:39,128 INFO  [tc.qua.io/.111.0-k.0.0] (docker-java-stream--29267298) Pulling image layers:  2 pending,  5 downloaded,  0 extracted, (120 MB/? MB)
2025-08-20 12:39:39,356 INFO  [tc.qua.io/.111.0-k.0.0] (docker-java-stream--29267298) Pulling image layers:  1 pending,  6 downloaded,  0 extracted, (134 MB/? MB)
2025-08-20 12:39:39,536 INFO  [tc.qua.io/.111.0-k.0.0] (docker-java-stream--29267298) Pulling image layers:  1 pending,  6 downloaded,  1 extracted, (153 MB/? MB)
2025-08-20 12:39:40,752 INFO  [tc.qua.io/.111.0-k.0.0] (docker-java-stream--29267298) Pulling image layers:  0 pending,  7 downloaded,  1 extracted, (239 MB/249 MB)
2025-08-20 12:39:42,234 INFO  [tc.qua.io/.111.0-k.0.0] (docker-java-stream--29267298) Pulling image layers:  0 pending,  7 downloaded,  2 extracted, (245 MB/249 MB)
2025-08-20 12:39:42,261 INFO  [tc.qua.io/.111.0-k.0.0] (docker-java-stream--29267298) Pulling image layers:  0 pending,  7 downloaded,  3 extracted, (245 MB/249 MB)
2025-08-20 12:39:42,275 INFO  [tc.qua.io/.111.0-k.0.0] (docker-java-stream--29267298) Pulling image layers:  0 pending,  7 downloaded,  4 extracted, (245 MB/249 MB)
2025-08-20 12:39:42,867 INFO  [tc.qua.io/.111.0-k.0.0] (docker-java-stream--29267298) Pulling image layers:  0 pending,  7 downloaded,  5 extracted, (247 MB/249 MB)
2025-08-20 12:39:42,893 INFO  [tc.qua.io/.111.0-k.0.0] (docker-java-stream--29267298) Pulling image layers:  0 pending,  7 downloaded,  6 extracted, (249 MB/249 MB)
2025-08-20 12:39:42,904 INFO  [tc.qua.io/.111.0-k.0.0] (docker-java-stream--29267298) Pulling image layers:  0 pending,  7 downloaded,  7 extracted, (249 MB/249 MB)
2025-08-20 12:39:42,912 INFO  [tc.qua.io/.111.0-k.0.0] (docker-java-stream--29267298) Pull complete. 7 layers, pulled in 5s (downloaded 249 MB at 49 MB/s)
2025-08-20 12:39:42,912 INFO  [tc.qua.io/.111.0-k.0.0] (main) Image quay.io/strimzi-test-container/test-container:0.111.0-kafka-4.0.0 pull took PT6.680851733S
2025-08-20 12:39:42,914 INFO  [tc.qua.io/.111.0-k.0.0] (main) Creating container for image: quay.io/strimzi-test-container/test-container:0.111.0-kafka-4.0.0
2025-08-20 12:39:42,967 INFO  [tc.qua.io/.111.0-k.0.0] (main) Container quay.io/strimzi-test-container/test-container:0.111.0-kafka-4.0.0 is starting: 649237ef04073847f3e7da7b6516882a94d2ec6cb28aab4b66914e45bfb0adb8
2025-08-20 12:39:43,105 INFO  [io.str.tes.con.StrimziKafkaContainer] (main) Mapped port: 32769
2025-08-20 12:39:43,105 WARN  [io.str.tes.con.StrimziKafkaContainer] (main) Node ID is not set. Using broker ID 0 as the default node ID.
2025-08-20 12:39:43,106 INFO  [io.str.tes.con.StrimziKafkaContainer] (main) This is all advertised listeners for Kafka PLAINTEXT://localhost:32769,BROKER1://172.18.0.2:9091,CONTROLLER://broker-0:9094
2025-08-20 12:39:43,127 INFO  [io.str.tes.con.StrimziKafkaContainer] (main) New `cluster.id` has been generated: w67HKo3KT1qYVnubU-PiPQ
2025-08-20 12:39:43,128 INFO  [io.str.tes.con.StrimziKafkaContainer] (main) Copying command to 'STARTER_SCRIPT' script.
2025-08-20 12:39:47,043 INFO  [tc.qua.io/.111.0-k.0.0] (main) Container quay.io/strimzi-test-container/test-container:0.111.0-kafka-4.0.0 started in PT4.128749627S
2025-08-20 12:39:47,045 INFO  [io.api.tes.uti.TestSeparator] (main) ############################################################################
2025-08-20 12:39:47,045 INFO  [io.api.tes.uti.TestSeparator] (main) io.apicurio.tests.serdes.apicurio.AvroSerdeIT.testGlobalIdInHeaders-STARTED
2025-08-20 12:39:47,053 INFO  [org.apa.kaf.cli.adm.AdminClientConfig] (main) AdminClientConfig values: 
	auto.include.jmx.reporter = true
	bootstrap.controllers = []
	bootstrap.servers = [PLAINTEXT://localhost:32769]
	client.dns.lookup = use_all_dns_ips
	client.id = 
	connections.max.idle.ms = 10000
	default.api.timeout.ms = 60000
	enable.metrics.push = true
	metadata.max.age.ms = 300000
	metadata.recovery.strategy = none
	metric.reporters = []
	metrics.num.samples = 2
	metrics.recording.level = INFO
	metrics.sample.window.ms = 30000
	receive.buffer.bytes = 65536
	reconnect.backoff.max.ms = 1000
	reconnect.backoff.ms = 50
	request.timeout.ms = 5000
	retries = 2147483647
	retry.backoff.max.ms = 1000
	retry.backoff.ms = 100
	sasl.client.callback.handler.class = null
	sasl.jaas.config = null
	sasl.kerberos.kinit.cmd = /usr/bin/kinit
	sasl.kerberos.min.time.before.relogin = 60000
	sasl.kerberos.service.name = null
	sasl.kerberos.ticket.renew.jitter = 0.05
	sasl.kerberos.ticket.renew.window.factor = 0.8
	sasl.login.callback.handler.class = null
	sasl.login.class = null
	sasl.login.connect.timeout.ms = null
	sasl.login.read.timeout.ms = null
	sasl.login.refresh.buffer.seconds = 300
	sasl.login.refresh.min.period.seconds = 60
	sasl.login.refresh.window.factor = 0.8
	sasl.login.refresh.window.jitter = 0.05
	sasl.login.retry.backoff.max.ms = 10000
	sasl.login.retry.backoff.ms = 100
	sasl.mechanism = GSSAPI
	sasl.oauthbearer.clock.skew.seconds = 30
	sasl.oauthbearer.expected.audience = null
	sasl.oauthbearer.expected.issuer = null
	sasl.oauthbearer.header.urlencode = false
	sasl.oauthbearer.jwks.endpoint.refresh.ms = 3600000
	sasl.oauthbearer.jwks.endpoint.retry.backoff.max.ms = 10000
	sasl.oauthbearer.jwks.endpoint.retry.backoff.ms = 100
	sasl.oauthbearer.jwks.endpoint.url = null
	sasl.oauthbearer.scope.claim.name = scope
	sasl.oauthbearer.sub.claim.name = sub
	sasl.oauthbearer.token.endpoint.url = null
	security.protocol = PLAINTEXT
	security.providers = null
	send.buffer.bytes = 131072
	socket.connection.setup.timeout.max.ms = 30000
	socket.connection.setup.timeout.ms = 10000
	ssl.cipher.suites = null
	ssl.enabled.protocols = [TLSv1.2, TLSv1.3]
	ssl.endpoint.identification.algorithm = https
	ssl.engine.factory.class = null
	ssl.key.password = null
	ssl.keymanager.algorithm = SunX509
	ssl.keystore.certificate.chain = null
	ssl.keystore.key = null
	ssl.keystore.location = null
	ssl.keystore.password = null
	ssl.keystore.type = JKS
	ssl.protocol = TLSv1.3
	ssl.provider = null
	ssl.secure.random.implementation = null
	ssl.trustmanager.algorithm = PKIX
	ssl.truststore.certificates = null
	ssl.truststore.location = null
	ssl.truststore.password = null
	ssl.truststore.type = JKS

2025-08-20 12:39:47,373 INFO  [org.apa.kaf.com.uti.AppInfoParser] (main) Kafka version: 3.9.1
2025-08-20 12:39:47,373 INFO  [org.apa.kaf.com.uti.AppInfoParser] (main) Kafka commitId: f745dfdcee2b9851
2025-08-20 12:39:47,373 INFO  [org.apa.kaf.com.uti.AppInfoParser] (main) Kafka startTimeMs: 1755693587372
**** Registry Base URL: http://registry-app-mysql.apps.ci419.apicurio-testing.org:80
2025-08-20 12:39:47,398 INFO  [org.apa.kaf.cli.pro.ProducerConfig] (main) ProducerConfig values: 
	acks = -1
	auto.include.jmx.reporter = true
	batch.size = 16384
	bootstrap.servers = [PLAINTEXT://localhost:32769]
	buffer.memory = 33554432
	client.dns.lookup = use_all_dns_ips
	client.id = Producer-topic-c481364f_72e2_45c5_8de0_776dadb1945e
	compression.gzip.level = -1
	compression.lz4.level = 9
	compression.type = none
	compression.zstd.level = 3
	connections.max.idle.ms = 10000
	delivery.timeout.ms = 120000
	enable.idempotence = true
	enable.metrics.push = true
	interceptor.classes = []
	key.serializer = class org.apache.kafka.common.serialization.StringSerializer
	linger.ms = 0
	max.block.ms = 60000
	max.in.flight.requests.per.connection = 5
	max.request.size = 1048576
	metadata.max.age.ms = 300000
	metadata.max.idle.ms = 300000
	metadata.recovery.strategy = none
	metric.reporters = []
	metrics.num.samples = 2
	metrics.recording.level = INFO
	metrics.sample.window.ms = 30000
	partitioner.adaptive.partitioning.enable = true
	partitioner.availability.timeout.ms = 0
	partitioner.class = null
	partitioner.ignore.keys = false
	receive.buffer.bytes = 32768
	reconnect.backoff.max.ms = 1000
	reconnect.backoff.ms = 50
	request.timeout.ms = 5000
	retries = 2147483647
	retry.backoff.max.ms = 1000
	retry.backoff.ms = 100
	sasl.client.callback.handler.class = null
	sasl.jaas.config = null
	sasl.kerberos.kinit.cmd = /usr/bin/kinit
	sasl.kerberos.min.time.before.relogin = 60000
	sasl.kerberos.service.name = null
	sasl.kerberos.ticket.renew.jitter = 0.05
	sasl.kerberos.ticket.renew.window.factor = 0.8
	sasl.login.callback.handler.class = null
	sasl.login.class = null
	sasl.login.connect.timeout.ms = null
	sasl.login.read.timeout.ms = null
	sasl.login.refresh.buffer.seconds = 300
	sasl.login.refresh.min.period.seconds = 60
	sasl.login.refresh.window.factor = 0.8
	sasl.login.refresh.window.jitter = 0.05
	sasl.login.retry.backoff.max.ms = 10000
	sasl.login.retry.backoff.ms = 100
	sasl.mechanism = GSSAPI
	sasl.oauthbearer.clock.skew.seconds = 30
	sasl.oauthbearer.expected.audience = null
	sasl.oauthbearer.expected.issuer = null
	sasl.oauthbearer.header.urlencode = false
	sasl.oauthbearer.jwks.endpoint.refresh.ms = 3600000
	sasl.oauthbearer.jwks.endpoint.retry.backoff.max.ms = 10000
	sasl.oauthbearer.jwks.endpoint.retry.backoff.ms = 100
	sasl.oauthbearer.jwks.endpoint.url = null
	sasl.oauthbearer.scope.claim.name = scope
	sasl.oauthbearer.sub.claim.name = sub
	sasl.oauthbearer.token.endpoint.url = null
	security.protocol = PLAINTEXT
	security.providers = null
	send.buffer.bytes = 131072
	socket.connection.setup.timeout.max.ms = 30000
	socket.connection.setup.timeout.ms = 10000
	ssl.cipher.suites = null
	ssl.enabled.protocols = [TLSv1.2, TLSv1.3]
	ssl.endpoint.identification.algorithm = https
	ssl.engine.factory.class = null
	ssl.key.password = null
	ssl.keymanager.algorithm = SunX509
	ssl.keystore.certificate.chain = null
	ssl.keystore.key = null
	ssl.keystore.location = null
	ssl.keystore.password = null
	ssl.keystore.type = JKS
	ssl.protocol = TLSv1.3
	ssl.provider = null
	ssl.secure.random.implementation = null
	ssl.trustmanager.algorithm = PKIX
	ssl.truststore.certificates = null
	ssl.truststore.location = null
	ssl.truststore.password = null
	ssl.truststore.type = JKS
	transaction.timeout.ms = 60000
	transactional.id = null
	value.serializer = class io.apicurio.registry.serde.avro.AvroKafkaSerializer

2025-08-20 12:39:47,429 INFO  [org.apa.kaf.com.tel.int.KafkaMetricsCollector] (main) initializing Kafka metrics collector
2025-08-20 12:39:47,443 INFO  [org.apa.kaf.cli.pro.KafkaProducer] (main) [Producer clientId=Producer-topic-c481364f_72e2_45c5_8de0_776dadb1945e] Instantiated an idempotent producer.
2025-08-20 12:39:47,465 INFO  [org.apa.kaf.cli.pro.ProducerConfig] (main) These configurations '[apicurio.registry.url, apicurio.registry.auto-register, apicurio.registry.use-id, apicurio.registry.artifact-resolver-strategy]' were supplied but are not used yet.
2025-08-20 12:39:47,466 INFO  [org.apa.kaf.com.uti.AppInfoParser] (main) Kafka version: 3.9.1
2025-08-20 12:39:47,466 INFO  [org.apa.kaf.com.uti.AppInfoParser] (main) Kafka commitId: f745dfdcee2b9851
2025-08-20 12:39:47,466 INFO  [org.apa.kaf.com.uti.AppInfoParser] (main) Kafka startTimeMs: 1755693587465
2025-08-20 12:39:47,466 INFO  [io.api.tes.ser.api.SimpleSerdesTesterBuilder$SimpleSerdesTester] (main) Using producer configuration: {apicurio.registry.url=http://registry-app-mysql.apps.ci419.apicurio-testing.org:80/apis/registry/v3, apicurio.registry.auto-register=true, apicurio.registry.use-id=globalId, apicurio.registry.artifact-resolver-strategy=io.apicurio.registry.serde.strategy.TopicIdStrategy, value.serializer=io.apicurio.registry.serde.avro.AvroKafkaSerializer, request.timeout.ms=5000, acks=all, bootstrap.servers=PLAINTEXT://localhost:32769, connections.max.idle.ms=10000, key.serializer=org.apache.kafka.common.serialization.StringSerializer, client.id=Producer-topic-c481364f_72e2_45c5_8de0_776dadb1945e}
2025-08-20 12:39:47,466 INFO  [io.api.tes.ser.api.SimpleSerdesTesterBuilder$SimpleSerdesTester] (main) Using consumer configuration: {apicurio.registry.use-id=globalId}
2025-08-20 12:39:47,468 INFO  [io.api.tes.ser.api.KafkaSerdesTester] (ForkJoinPool.commonPool-worker-2) Sending message {"key11755693587387": "value-0"} to topic topic-c481364f_72e2_45c5_8de0_776dadb1945e
2025-08-20 12:39:47,702 WARN  [org.apa.kaf.cli.NetworkClient] (kafka-producer-network-thread | Producer-topic-c481364f_72e2_45c5_8de0_776dadb1945e) [Producer clientId=Producer-topic-c481364f_72e2_45c5_8de0_776dadb1945e] The metadata response from the cluster reported a recoverable issue with correlation id 1 : {topic-c481364f_72e2_45c5_8de0_776dadb1945e=UNKNOWN_TOPIC_OR_PARTITION}
2025-08-20 12:39:47,708 INFO  [org.apa.kaf.cli.Metadata] (kafka-producer-network-thread | Producer-topic-c481364f_72e2_45c5_8de0_776dadb1945e) [Producer clientId=Producer-topic-c481364f_72e2_45c5_8de0_776dadb1945e] Cluster ID: w67HKo3KT1qYVnubU-PiPQ
2025-08-20 12:39:47,825 INFO  [org.apa.kaf.cli.pro.int.TransactionManager] (kafka-producer-network-thread | Producer-topic-c481364f_72e2_45c5_8de0_776dadb1945e) [Producer clientId=Producer-topic-c481364f_72e2_45c5_8de0_776dadb1945e] ProducerId set to 0 with epoch 0
2025-08-20 12:39:48,063 INFO  [io.api.tes.ser.api.KafkaSerdesTester] (ForkJoinPool.commonPool-worker-2) Sending message {"key11755693587387": "value-1"} to topic topic-c481364f_72e2_45c5_8de0_776dadb1945e
2025-08-20 12:39:48,067 INFO  [io.api.tes.ser.api.KafkaSerdesTester] (ForkJoinPool.commonPool-worker-2) Sending message {"key11755693587387": "value-2"} to topic topic-c481364f_72e2_45c5_8de0_776dadb1945e
2025-08-20 12:39:48,069 INFO  [io.api.tes.ser.api.KafkaSerdesTester] (ForkJoinPool.commonPool-worker-2) Sending message {"key11755693587387": "value-3"} to topic topic-c481364f_72e2_45c5_8de0_776dadb1945e
2025-08-20 12:39:48,072 INFO  [io.api.tes.ser.api.KafkaSerdesTester] (ForkJoinPool.commonPool-worker-2) Sending message {"key11755693587387": "value-4"} to topic topic-c481364f_72e2_45c5_8de0_776dadb1945e
2025-08-20 12:39:48,074 INFO  [io.api.tes.ser.api.KafkaSerdesTester] (ForkJoinPool.commonPool-worker-2) Sending message {"key11755693587387": "value-5"} to topic topic-c481364f_72e2_45c5_8de0_776dadb1945e
2025-08-20 12:39:48,077 INFO  [io.api.tes.ser.api.KafkaSerdesTester] (ForkJoinPool.commonPool-worker-2) Sending message {"key11755693587387": "value-6"} to topic topic-c481364f_72e2_45c5_8de0_776dadb1945e
2025-08-20 12:39:48,079 INFO  [io.api.tes.ser.api.KafkaSerdesTester] (ForkJoinPool.commonPool-worker-2) Sending message {"key11755693587387": "value-7"} to topic topic-c481364f_72e2_45c5_8de0_776dadb1945e
2025-08-20 12:39:48,081 INFO  [io.api.tes.ser.api.KafkaSerdesTester] (ForkJoinPool.commonPool-worker-2) Sending message {"key11755693587387": "value-8"} to topic topic-c481364f_72e2_45c5_8de0_776dadb1945e
2025-08-20 12:39:48,083 INFO  [io.api.tes.ser.api.KafkaSerdesTester] (ForkJoinPool.commonPool-worker-2) Sending message {"key11755693587387": "value-9"} to topic topic-c481364f_72e2_45c5_8de0_776dadb1945e
2025-08-20 12:39:48,086 INFO  [io.api.tes.ser.api.KafkaSerdesTester] (ForkJoinPool.commonPool-worker-2) Produced 10 messages
2025-08-20 12:39:48,086 INFO  [org.apa.kaf.cli.pro.KafkaProducer] (ForkJoinPool.commonPool-worker-2) [Producer clientId=Producer-topic-c481364f_72e2_45c5_8de0_776dadb1945e] Closing the Kafka producer with timeoutMillis = 9223372036854775807 ms.
2025-08-20 12:39:48,094 INFO  [org.apa.kaf.com.met.Metrics] (ForkJoinPool.commonPool-worker-2) Metrics scheduler closed
2025-08-20 12:39:48,094 INFO  [org.apa.kaf.com.met.Metrics] (ForkJoinPool.commonPool-worker-2) Closing reporter org.apache.kafka.common.metrics.JmxReporter
2025-08-20 12:39:48,095 INFO  [org.apa.kaf.com.met.Metrics] (ForkJoinPool.commonPool-worker-2) Closing reporter org.apache.kafka.common.telemetry.internals.ClientTelemetryReporter
2025-08-20 12:39:48,095 INFO  [org.apa.kaf.com.met.Metrics] (ForkJoinPool.commonPool-worker-2) Metrics reporters closed
2025-08-20 12:39:48,096 INFO  [org.apa.kaf.com.uti.AppInfoParser] (ForkJoinPool.commonPool-worker-2) App info kafka.producer for Producer-topic-c481364f_72e2_45c5_8de0_776dadb1945e unregistered
**** Registry Base URL: http://registry-app-mysql.apps.ci419.apicurio-testing.org:80
2025-08-20 12:39:48,270 INFO  [org.apa.kaf.cli.con.ConsumerConfig] (main) ConsumerConfig values: 
	allow.auto.create.topics = true
	auto.commit.interval.ms = 500
	auto.include.jmx.reporter = true
	auto.offset.reset = earliest
	bootstrap.servers = [PLAINTEXT://localhost:32769]
	check.crcs = true
	client.dns.lookup = use_all_dns_ips
	client.id = consumer-Consumer-topic-c481364f_72e2_45c5_8de0_776dadb1945e-1
	client.rack = 
	connections.max.idle.ms = 10000
	default.api.timeout.ms = 60000
	enable.auto.commit = true
	enable.metrics.push = true
	exclude.internal.topics = true
	fetch.max.bytes = 52428800
	fetch.max.wait.ms = 500
	fetch.min.bytes = 1
	group.id = Consumer-topic-c481364f_72e2_45c5_8de0_776dadb1945e
	group.instance.id = null
	group.protocol = classic
	group.remote.assignor = null
	heartbeat.interval.ms = 3000
	interceptor.classes = []
	internal.leave.group.on.close = true
	internal.throw.on.fetch.stable.offset.unsupported = false
	isolation.level = read_uncommitted
	key.deserializer = class org.apache.kafka.common.serialization.StringDeserializer
	max.partition.fetch.bytes = 1048576
	max.poll.interval.ms = 300000
	max.poll.records = 500
	metadata.max.age.ms = 300000
	metadata.recovery.strategy = none
	metric.reporters = []
	metrics.num.samples = 2
	metrics.recording.level = INFO
	metrics.sample.window.ms = 30000
	partition.assignment.strategy = [class org.apache.kafka.clients.consumer.RangeAssignor, class org.apache.kafka.clients.consumer.CooperativeStickyAssignor]
	receive.buffer.bytes = 65536
	reconnect.backoff.max.ms = 1000
	reconnect.backoff.ms = 50
	request.timeout.ms = 5000
	retry.backoff.max.ms = 1000
	retry.backoff.ms = 100
	sasl.client.callback.handler.class = null
	sasl.jaas.config = null
	sasl.kerberos.kinit.cmd = /usr/bin/kinit
	sasl.kerberos.min.time.before.relogin = 60000
	sasl.kerberos.service.name = null
	sasl.kerberos.ticket.renew.jitter = 0.05
	sasl.kerberos.ticket.renew.window.factor = 0.8
	sasl.login.callback.handler.class = null
	sasl.login.class = null
	sasl.login.connect.timeout.ms = null
	sasl.login.read.timeout.ms = null
	sasl.login.refresh.buffer.seconds = 300
	sasl.login.refresh.min.period.seconds = 60
	sasl.login.refresh.window.factor = 0.8
	sasl.login.refresh.window.jitter = 0.05
	sasl.login.retry.backoff.max.ms = 10000
	sasl.login.retry.backoff.ms = 100
	sasl.mechanism = GSSAPI
	sasl.oauthbearer.clock.skew.seconds = 30
	sasl.oauthbearer.expected.audience = null
	sasl.oauthbearer.expected.issuer = null
	sasl.oauthbearer.header.urlencode = false
	sasl.oauthbearer.jwks.endpoint.refresh.ms = 3600000
	sasl.oauthbearer.jwks.endpoint.retry.backoff.max.ms = 10000
	sasl.oauthbearer.jwks.endpoint.retry.backoff.ms = 100
	sasl.oauthbearer.jwks.endpoint.url = null
	sasl.oauthbearer.scope.claim.name = scope
	sasl.oauthbearer.sub.claim.name = sub
	sasl.oauthbearer.token.endpoint.url = null
	security.protocol = PLAINTEXT
	security.providers = null
	send.buffer.bytes = 131072
	session.timeout.ms = 45000
	socket.connection.setup.timeout.max.ms = 30000
	socket.connection.setup.timeout.ms = 10000
	ssl.cipher.suites = null
	ssl.enabled.protocols = [TLSv1.2, TLSv1.3]
	ssl.endpoint.identification.algorithm = https
	ssl.engine.factory.class = null
	ssl.key.password = null
	ssl.keymanager.algorithm = SunX509
	ssl.keystore.certificate.chain = null
	ssl.keystore.key = null
	ssl.keystore.location = null
	ssl.keystore.password = null
	ssl.keystore.type = JKS
	ssl.protocol = TLSv1.3
	ssl.provider = null
	ssl.secure.random.implementation = null
	ssl.trustmanager.algorithm = PKIX
	ssl.truststore.certificates = null
	ssl.truststore.location = null
	ssl.truststore.password = null
	ssl.truststore.type = JKS
	value.deserializer = class io.apicurio.registry.serde.avro.AvroKafkaDeserializer

2025-08-20 12:39:48,277 INFO  [org.apa.kaf.com.tel.int.KafkaMetricsCollector] (main) initializing Kafka metrics collector
2025-08-20 12:39:48,317 INFO  [org.apa.kaf.cli.con.ConsumerConfig] (main) These configurations '[apicurio.registry.url, apicurio.registry.use-id]' were supplied but are not used yet.
2025-08-20 12:39:48,317 INFO  [org.apa.kaf.com.uti.AppInfoParser] (main) Kafka version: 3.9.1
2025-08-20 12:39:48,317 INFO  [org.apa.kaf.com.uti.AppInfoParser] (main) Kafka commitId: f745dfdcee2b9851
2025-08-20 12:39:48,317 INFO  [org.apa.kaf.com.uti.AppInfoParser] (main) Kafka startTimeMs: 1755693588317
2025-08-20 12:39:48,318 INFO  [org.apa.kaf.cli.con.int.ClassicKafkaConsumer] (ForkJoinPool.commonPool-worker-2) [Consumer clientId=consumer-Consumer-topic-c481364f_72e2_45c5_8de0_776dadb1945e-1, groupId=Consumer-topic-c481364f_72e2_45c5_8de0_776dadb1945e] Subscribed to topic(s): topic-c481364f_72e2_45c5_8de0_776dadb1945e
2025-08-20 12:39:48,331 INFO  [org.apa.kaf.cli.Metadata] (ForkJoinPool.commonPool-worker-2) [Consumer clientId=consumer-Consumer-topic-c481364f_72e2_45c5_8de0_776dadb1945e-1, groupId=Consumer-topic-c481364f_72e2_45c5_8de0_776dadb1945e] Cluster ID: w67HKo3KT1qYVnubU-PiPQ
2025-08-20 12:39:48,464 INFO  [org.apa.kaf.cli.con.int.ConsumerCoordinator] (ForkJoinPool.commonPool-worker-2) [Consumer clientId=consumer-Consumer-topic-c481364f_72e2_45c5_8de0_776dadb1945e-1, groupId=Consumer-topic-c481364f_72e2_45c5_8de0_776dadb1945e] Discovered group coordinator localhost:32769 (id: 2147483647 rack: null)
2025-08-20 12:39:48,472 INFO  [org.apa.kaf.cli.con.int.ConsumerCoordinator] (ForkJoinPool.commonPool-worker-2) [Consumer clientId=consumer-Consumer-topic-c481364f_72e2_45c5_8de0_776dadb1945e-1, groupId=Consumer-topic-c481364f_72e2_45c5_8de0_776dadb1945e] (Re-)joining group
2025-08-20 12:39:48,491 INFO  [org.apa.kaf.cli.con.int.ConsumerCoordinator] (ForkJoinPool.commonPool-worker-2) [Consumer clientId=consumer-Consumer-topic-c481364f_72e2_45c5_8de0_776dadb1945e-1, groupId=Consumer-topic-c481364f_72e2_45c5_8de0_776dadb1945e] Group coordinator localhost:32769 (id: 2147483647 rack: null) is unavailable or invalid due to cause: error response NOT_COORDINATOR. isDisconnected: false. Rediscovery will be attempted.
2025-08-20 12:39:48,491 INFO  [org.apa.kaf.cli.con.int.ConsumerCoordinator] (ForkJoinPool.commonPool-worker-2) [Consumer clientId=consumer-Consumer-topic-c481364f_72e2_45c5_8de0_776dadb1945e-1, groupId=Consumer-topic-c481364f_72e2_45c5_8de0_776dadb1945e] Requesting disconnect from last known coordinator localhost:32769 (id: 2147483647 rack: null)
2025-08-20 12:39:48,491 INFO  [org.apa.kaf.cli.con.int.ConsumerCoordinator] (ForkJoinPool.commonPool-worker-2) [Consumer clientId=consumer-Consumer-topic-c481364f_72e2_45c5_8de0_776dadb1945e-1, groupId=Consumer-topic-c481364f_72e2_45c5_8de0_776dadb1945e] JoinGroup failed: This is not the correct coordinator. Marking coordinator unknown. Sent generation was Generation{generationId=-1, memberId='', protocol='null'}
2025-08-20 12:39:48,491 INFO  [org.apa.kaf.cli.NetworkClient] (ForkJoinPool.commonPool-worker-2) [Consumer clientId=consumer-Consumer-topic-c481364f_72e2_45c5_8de0_776dadb1945e-1, groupId=Consumer-topic-c481364f_72e2_45c5_8de0_776dadb1945e] Client requested disconnect from node 2147483647
2025-08-20 12:39:48,497 INFO  [org.apa.kaf.cli.con.int.ConsumerCoordinator] (ForkJoinPool.commonPool-worker-2) [Consumer clientId=consumer-Consumer-topic-c481364f_72e2_45c5_8de0_776dadb1945e-1, groupId=Consumer-topic-c481364f_72e2_45c5_8de0_776dadb1945e] Discovered group coordinator localhost:32769 (id: 2147483647 rack: null)
2025-08-20 12:39:48,498 INFO  [org.apa.kaf.cli.con.int.ConsumerCoordinator] (ForkJoinPool.commonPool-worker-2) [Consumer clientId=consumer-Consumer-topic-c481364f_72e2_45c5_8de0_776dadb1945e-1, groupId=Consumer-topic-c481364f_72e2_45c5_8de0_776dadb1945e] Group coordinator localhost:32769 (id: 2147483647 rack: null) is unavailable or invalid due to cause: coordinator unavailable. isDisconnected: false. Rediscovery will be attempted.
2025-08-20 12:39:48,498 INFO  [org.apa.kaf.cli.con.int.ConsumerCoordinator] (ForkJoinPool.commonPool-worker-2) [Consumer clientId=consumer-Consumer-topic-c481364f_72e2_45c5_8de0_776dadb1945e-1, groupId=Consumer-topic-c481364f_72e2_45c5_8de0_776dadb1945e] Requesting disconnect from last known coordinator localhost:32769 (id: 2147483647 rack: null)
2025-08-20 12:39:48,591 INFO  [org.apa.kaf.cli.con.int.ConsumerCoordinator] (ForkJoinPool.commonPool-worker-2) [Consumer clientId=consumer-Consumer-topic-c481364f_72e2_45c5_8de0_776dadb1945e-1, groupId=Consumer-topic-c481364f_72e2_45c5_8de0_776dadb1945e] Discovered group coordinator localhost:32769 (id: 2147483647 rack: null)
2025-08-20 12:39:48,596 INFO  [org.apa.kaf.cli.con.int.ConsumerCoordinator] (ForkJoinPool.commonPool-worker-2) [Consumer clientId=consumer-Consumer-topic-c481364f_72e2_45c5_8de0_776dadb1945e-1, groupId=Consumer-topic-c481364f_72e2_45c5_8de0_776dadb1945e] Request joining group due to: rebalance failed due to 'This is not the correct coordinator.' (NotCoordinatorException)
2025-08-20 12:39:48,596 INFO  [org.apa.kaf.cli.con.int.ConsumerCoordinator] (ForkJoinPool.commonPool-worker-2) [Consumer clientId=consumer-Consumer-topic-c481364f_72e2_45c5_8de0_776dadb1945e-1, groupId=Consumer-topic-c481364f_72e2_45c5_8de0_776dadb1945e] (Re-)joining group
2025-08-20 12:39:48,602 INFO  [org.apa.kaf.cli.con.int.ConsumerCoordinator] (ForkJoinPool.commonPool-worker-2) [Consumer clientId=consumer-Consumer-topic-c481364f_72e2_45c5_8de0_776dadb1945e-1, groupId=Consumer-topic-c481364f_72e2_45c5_8de0_776dadb1945e] Group coordinator localhost:32769 (id: 2147483647 rack: null) is unavailable or invalid due to cause: error response NOT_COORDINATOR. isDisconnected: false. Rediscovery will be attempted.
2025-08-20 12:39:48,602 INFO  [org.apa.kaf.cli.con.int.ConsumerCoordinator] (ForkJoinPool.commonPool-worker-2) [Consumer clientId=consumer-Consumer-topic-c481364f_72e2_45c5_8de0_776dadb1945e-1, groupId=Consumer-topic-c481364f_72e2_45c5_8de0_776dadb1945e] Requesting disconnect from last known coordinator localhost:32769 (id: 2147483647 rack: null)
2025-08-20 12:39:48,602 INFO  [org.apa.kaf.cli.con.int.ConsumerCoordinator] (ForkJoinPool.commonPool-worker-2) [Consumer clientId=consumer-Consumer-topic-c481364f_72e2_45c5_8de0_776dadb1945e-1, groupId=Consumer-topic-c481364f_72e2_45c5_8de0_776dadb1945e] JoinGroup failed: This is not the correct coordinator. Marking coordinator unknown. Sent generation was Generation{generationId=-1, memberId='', protocol='null'}
2025-08-20 12:39:48,602 INFO  [org.apa.kaf.cli.NetworkClient] (ForkJoinPool.commonPool-worker-2) [Consumer clientId=consumer-Consumer-topic-c481364f_72e2_45c5_8de0_776dadb1945e-1, groupId=Consumer-topic-c481364f_72e2_45c5_8de0_776dadb1945e] Client requested disconnect from node 2147483647
2025-08-20 12:39:48,611 INFO  [org.apa.kaf.cli.con.int.ConsumerCoordinator] (ForkJoinPool.commonPool-worker-2) [Consumer clientId=consumer-Consumer-topic-c481364f_72e2_45c5_8de0_776dadb1945e-1, groupId=Consumer-topic-c481364f_72e2_45c5_8de0_776dadb1945e] Discovered group coordinator localhost:32769 (id: 2147483647 rack: null)
2025-08-20 12:39:48,611 INFO  [org.apa.kaf.cli.con.int.ConsumerCoordinator] (ForkJoinPool.commonPool-worker-2) [Consumer clientId=consumer-Consumer-topic-c481364f_72e2_45c5_8de0_776dadb1945e-1, groupId=Consumer-topic-c481364f_72e2_45c5_8de0_776dadb1945e] Group coordinator localhost:32769 (id: 2147483647 rack: null) is unavailable or invalid due to cause: coordinator unavailable. isDisconnected: false. Rediscovery will be attempted.
2025-08-20 12:39:48,611 INFO  [org.apa.kaf.cli.con.int.ConsumerCoordinator] (ForkJoinPool.commonPool-worker-2) [Consumer clientId=consumer-Consumer-topic-c481364f_72e2_45c5_8de0_776dadb1945e-1, groupId=Consumer-topic-c481364f_72e2_45c5_8de0_776dadb1945e] Requesting disconnect from last known coordinator localhost:32769 (id: 2147483647 rack: null)
2025-08-20 12:39:48,699 INFO  [org.apa.kaf.cli.con.int.ConsumerCoordinator] (ForkJoinPool.commonPool-worker-2) [Consumer clientId=consumer-Consumer-topic-c481364f_72e2_45c5_8de0_776dadb1945e-1, groupId=Consumer-topic-c481364f_72e2_45c5_8de0_776dadb1945e] Discovered group coordinator localhost:32769 (id: 2147483647 rack: null)
2025-08-20 12:39:48,700 INFO  [org.apa.kaf.cli.con.int.ConsumerCoordinator] (ForkJoinPool.commonPool-worker-2) [Consumer clientId=consumer-Consumer-topic-c481364f_72e2_45c5_8de0_776dadb1945e-1, groupId=Consumer-topic-c481364f_72e2_45c5_8de0_776dadb1945e] Request joining group due to: rebalance failed due to 'This is not the correct coordinator.' (NotCoordinatorException)
2025-08-20 12:39:48,701 INFO  [org.apa.kaf.cli.con.int.ConsumerCoordinator] (ForkJoinPool.commonPool-worker-2) [Consumer clientId=consumer-Consumer-topic-c481364f_72e2_45c5_8de0_776dadb1945e-1, groupId=Consumer-topic-c481364f_72e2_45c5_8de0_776dadb1945e] (Re-)joining group
2025-08-20 12:39:48,723 INFO  [org.apa.kaf.cli.con.int.ConsumerCoordinator] (ForkJoinPool.commonPool-worker-2) [Consumer clientId=consumer-Consumer-topic-c481364f_72e2_45c5_8de0_776dadb1945e-1, groupId=Consumer-topic-c481364f_72e2_45c5_8de0_776dadb1945e] JoinGroup failed: Coordinator localhost:32769 (id: 2147483647 rack: null) is loading the group.
2025-08-20 12:39:48,723 INFO  [org.apa.kaf.cli.con.int.ConsumerCoordinator] (ForkJoinPool.commonPool-worker-2) [Consumer clientId=consumer-Consumer-topic-c481364f_72e2_45c5_8de0_776dadb1945e-1, groupId=Consumer-topic-c481364f_72e2_45c5_8de0_776dadb1945e] Request joining group due to: rebalance failed due to 'The coordinator is loading and hence can't process requests.' (CoordinatorLoadInProgressException)
2025-08-20 12:39:48,824 INFO  [org.apa.kaf.cli.con.int.ConsumerCoordinator] (ForkJoinPool.commonPool-worker-2) [Consumer clientId=consumer-Consumer-topic-c481364f_72e2_45c5_8de0_776dadb1945e-1, groupId=Consumer-topic-c481364f_72e2_45c5_8de0_776dadb1945e] (Re-)joining group
2025-08-20 12:39:48,829 INFO  [org.apa.kaf.cli.con.int.ConsumerCoordinator] (ForkJoinPool.commonPool-worker-2) [Consumer clientId=consumer-Consumer-topic-c481364f_72e2_45c5_8de0_776dadb1945e-1, groupId=Consumer-topic-c481364f_72e2_45c5_8de0_776dadb1945e] Request joining group due to: need to re-join with the given member-id: consumer-Consumer-topic-c481364f_72e2_45c5_8de0_776dadb1945e-1-9b66e26b-a11f-4320-8293-e5efb9615ef8
2025-08-20 12:39:48,829 INFO  [org.apa.kaf.cli.con.int.ConsumerCoordinator] (ForkJoinPool.commonPool-worker-2) [Consumer clientId=consumer-Consumer-topic-c481364f_72e2_45c5_8de0_776dadb1945e-1, groupId=Consumer-topic-c481364f_72e2_45c5_8de0_776dadb1945e] (Re-)joining group
2025-08-20 12:39:49,320 INFO  [io.api.tes.ser.api.KafkaSerdesTester] (ForkJoinPool.commonPool-worker-2) None found
2025-08-20 12:39:50,320 INFO  [io.api.tes.ser.api.KafkaSerdesTester] (ForkJoinPool.commonPool-worker-2) None found
2025-08-20 12:39:51,320 INFO  [io.api.tes.ser.api.KafkaSerdesTester] (ForkJoinPool.commonPool-worker-2) None found
2025-08-20 12:39:51,841 INFO  [org.apa.kaf.cli.con.int.ConsumerCoordinator] (ForkJoinPool.commonPool-worker-2) [Consumer clientId=consumer-Consumer-topic-c481364f_72e2_45c5_8de0_776dadb1945e-1, groupId=Consumer-topic-c481364f_72e2_45c5_8de0_776dadb1945e] Successfully joined group with generation Generation{generationId=1, memberId='consumer-Consumer-topic-c481364f_72e2_45c5_8de0_776dadb1945e-1-9b66e26b-a11f-4320-8293-e5efb9615ef8', protocol='range'}
2025-08-20 12:39:51,846 INFO  [org.apa.kaf.cli.con.int.ConsumerCoordinator] (ForkJoinPool.commonPool-worker-2) [Consumer clientId=consumer-Consumer-topic-c481364f_72e2_45c5_8de0_776dadb1945e-1, groupId=Consumer-topic-c481364f_72e2_45c5_8de0_776dadb1945e] Finished assignment for group at generation 1: {consumer-Consumer-topic-c481364f_72e2_45c5_8de0_776dadb1945e-1-9b66e26b-a11f-4320-8293-e5efb9615ef8=Assignment(partitions=[topic-c481364f_72e2_45c5_8de0_776dadb1945e-0])}
2025-08-20 12:39:51,858 INFO  [org.apa.kaf.cli.con.int.ConsumerCoordinator] (ForkJoinPool.commonPool-worker-2) [Consumer clientId=consumer-Consumer-topic-c481364f_72e2_45c5_8de0_776dadb1945e-1, groupId=Consumer-topic-c481364f_72e2_45c5_8de0_776dadb1945e] Successfully synced group in generation Generation{generationId=1, memberId='consumer-Consumer-topic-c481364f_72e2_45c5_8de0_776dadb1945e-1-9b66e26b-a11f-4320-8293-e5efb9615ef8', protocol='range'}
2025-08-20 12:39:51,858 INFO  [org.apa.kaf.cli.con.int.ConsumerCoordinator] (ForkJoinPool.commonPool-worker-2) [Consumer clientId=consumer-Consumer-topic-c481364f_72e2_45c5_8de0_776dadb1945e-1, groupId=Consumer-topic-c481364f_72e2_45c5_8de0_776dadb1945e] Notifying assignor about the new Assignment(partitions=[topic-c481364f_72e2_45c5_8de0_776dadb1945e-0])
2025-08-20 12:39:51,860 INFO  [org.apa.kaf.cli.con.int.ConsumerRebalanceListenerInvoker] (ForkJoinPool.commonPool-worker-2) [Consumer clientId=consumer-Consumer-topic-c481364f_72e2_45c5_8de0_776dadb1945e-1, groupId=Consumer-topic-c481364f_72e2_45c5_8de0_776dadb1945e] Adding newly assigned partitions: topic-c481364f_72e2_45c5_8de0_776dadb1945e-0
2025-08-20 12:39:51,869 INFO  [org.apa.kaf.cli.con.int.ConsumerCoordinator] (ForkJoinPool.commonPool-worker-2) [Consumer clientId=consumer-Consumer-topic-c481364f_72e2_45c5_8de0_776dadb1945e-1, groupId=Consumer-topic-c481364f_72e2_45c5_8de0_776dadb1945e] Found no committed offset for partition topic-c481364f_72e2_45c5_8de0_776dadb1945e-0
2025-08-20 12:39:51,883 INFO  [org.apa.kaf.cli.con.int.SubscriptionState] (ForkJoinPool.commonPool-worker-2) [Consumer clientId=consumer-Consumer-topic-c481364f_72e2_45c5_8de0_776dadb1945e-1, groupId=Consumer-topic-c481364f_72e2_45c5_8de0_776dadb1945e] Resetting offset for partition topic-c481364f_72e2_45c5_8de0_776dadb1945e-0 to position FetchPosition{offset=0, offsetEpoch=Optional.empty, currentLeader=LeaderAndEpoch{leader=Optional[localhost:32769 (id: 0 rack: null)], epoch=0}}.
2025-08-20 12:39:52,162 INFO  [io.api.tes.ser.api.KafkaSerdesTester] (ForkJoinPool.commonPool-worker-2) topic-c481364f_72e2_45c5_8de0_776dadb1945e 0 0 {"key11755693587387": "value-0"}
2025-08-20 12:39:52,162 INFO  [io.api.tes.ser.api.KafkaSerdesTester] (ForkJoinPool.commonPool-worker-2) topic-c481364f_72e2_45c5_8de0_776dadb1945e 0 1 {"key11755693587387": "value-1"}
2025-08-20 12:39:52,162 INFO  [io.api.tes.ser.api.KafkaSerdesTester] (ForkJoinPool.commonPool-worker-2) topic-c481364f_72e2_45c5_8de0_776dadb1945e 0 2 {"key11755693587387": "value-2"}
2025-08-20 12:39:52,163 INFO  [io.api.tes.ser.api.KafkaSerdesTester] (ForkJoinPool.commonPool-worker-2) topic-c481364f_72e2_45c5_8de0_776dadb1945e 0 3 {"key11755693587387": "value-3"}
2025-08-20 12:39:52,163 INFO  [io.api.tes.ser.api.KafkaSerdesTester] (ForkJoinPool.commonPool-worker-2) topic-c481364f_72e2_45c5_8de0_776dadb1945e 0 4 {"key11755693587387": "value-4"}
2025-08-20 12:39:52,163 INFO  [io.api.tes.ser.api.KafkaSerdesTester] (ForkJoinPool.commonPool-worker-2) topic-c481364f_72e2_45c5_8de0_776dadb1945e 0 5 {"key11755693587387": "value-5"}
2025-08-20 12:39:52,163 INFO  [io.api.tes.ser.api.KafkaSerdesTester] (ForkJoinPool.commonPool-worker-2) topic-c481364f_72e2_45c5_8de0_776dadb1945e 0 6 {"key11755693587387": "value-6"}
2025-08-20 12:39:52,163 INFO  [io.api.tes.ser.api.KafkaSerdesTester] (ForkJoinPool.commonPool-worker-2) topic-c481364f_72e2_45c5_8de0_776dadb1945e 0 7 {"key11755693587387": "value-7"}
2025-08-20 12:39:52,163 INFO  [io.api.tes.ser.api.KafkaSerdesTester] (ForkJoinPool.commonPool-worker-2) topic-c481364f_72e2_45c5_8de0_776dadb1945e 0 8 {"key11755693587387": "value-8"}
2025-08-20 12:39:52,163 INFO  [io.api.tes.ser.api.KafkaSerdesTester] (ForkJoinPool.commonPool-worker-2) topic-c481364f_72e2_45c5_8de0_776dadb1945e 0 9 {"key11755693587387": "value-9"}
2025-08-20 12:39:52,163 INFO  [io.api.tes.ser.api.KafkaSerdesTester] (ForkJoinPool.commonPool-worker-2) Consumed 10 messages
2025-08-20 12:39:52,181 INFO  [org.apa.kaf.cli.con.int.ConsumerRebalanceListenerInvoker] (ForkJoinPool.commonPool-worker-2) [Consumer clientId=consumer-Consumer-topic-c481364f_72e2_45c5_8de0_776dadb1945e-1, groupId=Consumer-topic-c481364f_72e2_45c5_8de0_776dadb1945e] Revoke previously assigned partitions topic-c481364f_72e2_45c5_8de0_776dadb1945e-0
2025-08-20 12:39:52,181 INFO  [org.apa.kaf.cli.con.int.ConsumerCoordinator] (ForkJoinPool.commonPool-worker-2) [Consumer clientId=consumer-Consumer-topic-c481364f_72e2_45c5_8de0_776dadb1945e-1, groupId=Consumer-topic-c481364f_72e2_45c5_8de0_776dadb1945e] Member consumer-Consumer-topic-c481364f_72e2_45c5_8de0_776dadb1945e-1-9b66e26b-a11f-4320-8293-e5efb9615ef8 sending LeaveGroup request to coordinator localhost:32769 (id: 2147483647 rack: null) due to the consumer is being closed
2025-08-20 12:39:52,182 INFO  [org.apa.kaf.cli.con.int.ConsumerCoordinator] (ForkJoinPool.commonPool-worker-2) [Consumer clientId=consumer-Consumer-topic-c481364f_72e2_45c5_8de0_776dadb1945e-1, groupId=Consumer-topic-c481364f_72e2_45c5_8de0_776dadb1945e] Resetting generation and member id due to: consumer pro-actively leaving the group
2025-08-20 12:39:52,182 INFO  [org.apa.kaf.cli.con.int.ConsumerCoordinator] (ForkJoinPool.commonPool-worker-2) [Consumer clientId=consumer-Consumer-topic-c481364f_72e2_45c5_8de0_776dadb1945e-1, groupId=Consumer-topic-c481364f_72e2_45c5_8de0_776dadb1945e] Request joining group due to: consumer pro-actively leaving the group
2025-08-20 12:39:52,673 INFO  [org.apa.kaf.com.met.Metrics] (ForkJoinPool.commonPool-worker-2) Metrics scheduler closed
2025-08-20 12:39:52,674 INFO  [org.apa.kaf.com.met.Metrics] (ForkJoinPool.commonPool-worker-2) Closing reporter org.apache.kafka.common.metrics.JmxReporter
2025-08-20 12:39:52,674 INFO  [org.apa.kaf.com.met.Metrics] (ForkJoinPool.commonPool-worker-2) Closing reporter org.apache.kafka.common.telemetry.internals.ClientTelemetryReporter
2025-08-20 12:39:52,674 INFO  [org.apa.kaf.com.met.Metrics] (ForkJoinPool.commonPool-worker-2) Metrics reporters closed
2025-08-20 12:39:52,679 INFO  [org.apa.kaf.com.uti.AppInfoParser] (ForkJoinPool.commonPool-worker-2) App info kafka.consumer for consumer-Consumer-topic-c481364f_72e2_45c5_8de0_776dadb1945e-1 unregistered
2025-08-20 12:39:52,679 INFO  [io.api.tes.uti.TestSeparator] (main) io.apicurio.tests.serdes.apicurio.AvroSerdeIT.testGlobalIdInHeaders-FINISHED
2025-08-20 12:39:52,679 INFO  [io.api.tes.uti.TestSeparator] (main) ############################################################################
Test passed: testGlobalIdInHeaders
]]></system-out>
  </testcase>
  <testcase name="testSimpleTopicIdStrategyFindLatest" classname="io.apicurio.tests.serdes.apicurio.AvroSerdeIT" time="5.347">
    <system-out><![CDATA[2025-08-20 12:39:52,681 INFO  [io.api.tes.uti.TestSeparator] (main) ############################################################################
2025-08-20 12:39:52,681 INFO  [io.api.tes.uti.TestSeparator] (main) io.apicurio.tests.serdes.apicurio.AvroSerdeIT.testSimpleTopicIdStrategyFindLatest-STARTED
2025-08-20 12:39:52,682 INFO  [io.api.tes.ser.api.AvroSerdeIT] (main) Registering Avro Schema: {"type":"record","name":"myrecordapicurio1","fields":[{"name":"key11755693592681","type":"string"}]}
**** Registry Base URL: http://registry-app-mysql.apps.ci419.apicurio-testing.org:80
2025-08-20 12:39:53,885 INFO  [org.apa.kaf.cli.pro.ProducerConfig] (main) ProducerConfig values: 
	acks = -1
	auto.include.jmx.reporter = true
	batch.size = 16384
	bootstrap.servers = [PLAINTEXT://localhost:32769]
	buffer.memory = 33554432
	client.dns.lookup = use_all_dns_ips
	client.id = Producer-topic-05ed2a30_eda6_4a25_a5eb_b9c40e49470f
	compression.gzip.level = -1
	compression.lz4.level = 9
	compression.type = none
	compression.zstd.level = 3
	connections.max.idle.ms = 10000
	delivery.timeout.ms = 120000
	enable.idempotence = true
	enable.metrics.push = true
	interceptor.classes = []
	key.serializer = class org.apache.kafka.common.serialization.StringSerializer
	linger.ms = 0
	max.block.ms = 60000
	max.in.flight.requests.per.connection = 5
	max.request.size = 1048576
	metadata.max.age.ms = 300000
	metadata.max.idle.ms = 300000
	metadata.recovery.strategy = none
	metric.reporters = []
	metrics.num.samples = 2
	metrics.recording.level = INFO
	metrics.sample.window.ms = 30000
	partitioner.adaptive.partitioning.enable = true
	partitioner.availability.timeout.ms = 0
	partitioner.class = null
	partitioner.ignore.keys = false
	receive.buffer.bytes = 32768
	reconnect.backoff.max.ms = 1000
	reconnect.backoff.ms = 50
	request.timeout.ms = 5000
	retries = 2147483647
	retry.backoff.max.ms = 1000
	retry.backoff.ms = 100
	sasl.client.callback.handler.class = null
	sasl.jaas.config = null
	sasl.kerberos.kinit.cmd = /usr/bin/kinit
	sasl.kerberos.min.time.before.relogin = 60000
	sasl.kerberos.service.name = null
	sasl.kerberos.ticket.renew.jitter = 0.05
	sasl.kerberos.ticket.renew.window.factor = 0.8
	sasl.login.callback.handler.class = null
	sasl.login.class = null
	sasl.login.connect.timeout.ms = null
	sasl.login.read.timeout.ms = null
	sasl.login.refresh.buffer.seconds = 300
	sasl.login.refresh.min.period.seconds = 60
	sasl.login.refresh.window.factor = 0.8
	sasl.login.refresh.window.jitter = 0.05
	sasl.login.retry.backoff.max.ms = 10000
	sasl.login.retry.backoff.ms = 100
	sasl.mechanism = GSSAPI
	sasl.oauthbearer.clock.skew.seconds = 30
	sasl.oauthbearer.expected.audience = null
	sasl.oauthbearer.expected.issuer = null
	sasl.oauthbearer.header.urlencode = false
	sasl.oauthbearer.jwks.endpoint.refresh.ms = 3600000
	sasl.oauthbearer.jwks.endpoint.retry.backoff.max.ms = 10000
	sasl.oauthbearer.jwks.endpoint.retry.backoff.ms = 100
	sasl.oauthbearer.jwks.endpoint.url = null
	sasl.oauthbearer.scope.claim.name = scope
	sasl.oauthbearer.sub.claim.name = sub
	sasl.oauthbearer.token.endpoint.url = null
	security.protocol = PLAINTEXT
	security.providers = null
	send.buffer.bytes = 131072
	socket.connection.setup.timeout.max.ms = 30000
	socket.connection.setup.timeout.ms = 10000
	ssl.cipher.suites = null
	ssl.enabled.protocols = [TLSv1.2, TLSv1.3]
	ssl.endpoint.identification.algorithm = https
	ssl.engine.factory.class = null
	ssl.key.password = null
	ssl.keymanager.algorithm = SunX509
	ssl.keystore.certificate.chain = null
	ssl.keystore.key = null
	ssl.keystore.location = null
	ssl.keystore.password = null
	ssl.keystore.type = JKS
	ssl.protocol = TLSv1.3
	ssl.provider = null
	ssl.secure.random.implementation = null
	ssl.trustmanager.algorithm = PKIX
	ssl.truststore.certificates = null
	ssl.truststore.location = null
	ssl.truststore.password = null
	ssl.truststore.type = JKS
	transaction.timeout.ms = 60000
	transactional.id = null
	value.serializer = class io.apicurio.registry.serde.avro.AvroKafkaSerializer

2025-08-20 12:39:53,885 INFO  [org.apa.kaf.com.tel.int.KafkaMetricsCollector] (main) initializing Kafka metrics collector
2025-08-20 12:39:53,888 INFO  [org.apa.kaf.cli.pro.KafkaProducer] (main) [Producer clientId=Producer-topic-05ed2a30_eda6_4a25_a5eb_b9c40e49470f] Instantiated an idempotent producer.
2025-08-20 12:39:53,892 INFO  [org.apa.kaf.cli.pro.ProducerConfig] (main) These configurations '[apicurio.registry.find-latest, apicurio.registry.artifact.group-id, apicurio.registry.url, apicurio.registry.artifact-resolver-strategy]' were supplied but are not used yet.
2025-08-20 12:39:53,892 INFO  [org.apa.kaf.com.uti.AppInfoParser] (main) Kafka version: 3.9.1
2025-08-20 12:39:53,892 INFO  [org.apa.kaf.com.uti.AppInfoParser] (main) Kafka commitId: f745dfdcee2b9851
2025-08-20 12:39:53,893 INFO  [org.apa.kaf.com.uti.AppInfoParser] (main) Kafka startTimeMs: 1755693593892
2025-08-20 12:39:53,893 INFO  [io.api.tes.ser.api.SimpleSerdesTesterBuilder$SimpleSerdesTester] (main) Using producer configuration: {apicurio.registry.find-latest=true, apicurio.registry.artifact.group-id=topic-05ed2a30_eda6_4a25_a5eb_b9c40e49470f, apicurio.registry.url=http://registry-app-mysql.apps.ci419.apicurio-testing.org:80/apis/registry/v3, apicurio.registry.artifact-resolver-strategy=io.apicurio.registry.serde.strategy.SimpleTopicIdStrategy, value.serializer=io.apicurio.registry.serde.avro.AvroKafkaSerializer, request.timeout.ms=5000, acks=all, bootstrap.servers=PLAINTEXT://localhost:32769, connections.max.idle.ms=10000, key.serializer=org.apache.kafka.common.serialization.StringSerializer, client.id=Producer-topic-05ed2a30_eda6_4a25_a5eb_b9c40e49470f}
2025-08-20 12:39:53,893 INFO  [io.api.tes.ser.api.SimpleSerdesTesterBuilder$SimpleSerdesTester] (main) Using consumer configuration: {}
2025-08-20 12:39:53,893 INFO  [io.api.tes.ser.api.KafkaSerdesTester] (ForkJoinPool.commonPool-worker-2) Sending message {"key11755693592681": "value-0"} to topic topic-05ed2a30_eda6_4a25_a5eb_b9c40e49470f
2025-08-20 12:39:53,898 INFO  [org.apa.kaf.cli.Metadata] (kafka-producer-network-thread | Producer-topic-05ed2a30_eda6_4a25_a5eb_b9c40e49470f) [Producer clientId=Producer-topic-05ed2a30_eda6_4a25_a5eb_b9c40e49470f] Cluster ID: w67HKo3KT1qYVnubU-PiPQ
2025-08-20 12:39:53,898 INFO  [org.apa.kaf.cli.pro.int.TransactionManager] (kafka-producer-network-thread | Producer-topic-05ed2a30_eda6_4a25_a5eb_b9c40e49470f) [Producer clientId=Producer-topic-05ed2a30_eda6_4a25_a5eb_b9c40e49470f] ProducerId set to 1 with epoch 0
2025-08-20 12:39:54,223 INFO  [io.api.tes.ser.api.KafkaSerdesTester] (ForkJoinPool.commonPool-worker-2) Sending message {"key11755693592681": "value-1"} to topic topic-05ed2a30_eda6_4a25_a5eb_b9c40e49470f
2025-08-20 12:39:54,226 INFO  [io.api.tes.ser.api.KafkaSerdesTester] (ForkJoinPool.commonPool-worker-2) Sending message {"key11755693592681": "value-2"} to topic topic-05ed2a30_eda6_4a25_a5eb_b9c40e49470f
2025-08-20 12:39:54,227 INFO  [io.api.tes.ser.api.KafkaSerdesTester] (ForkJoinPool.commonPool-worker-2) Sending message {"key11755693592681": "value-3"} to topic topic-05ed2a30_eda6_4a25_a5eb_b9c40e49470f
2025-08-20 12:39:54,229 INFO  [io.api.tes.ser.api.KafkaSerdesTester] (ForkJoinPool.commonPool-worker-2) Sending message {"key11755693592681": "value-4"} to topic topic-05ed2a30_eda6_4a25_a5eb_b9c40e49470f
2025-08-20 12:39:54,230 INFO  [io.api.tes.ser.api.KafkaSerdesTester] (ForkJoinPool.commonPool-worker-2) Sending message {"key11755693592681": "value-5"} to topic topic-05ed2a30_eda6_4a25_a5eb_b9c40e49470f
2025-08-20 12:39:54,232 INFO  [io.api.tes.ser.api.KafkaSerdesTester] (ForkJoinPool.commonPool-worker-2) Sending message {"key11755693592681": "value-6"} to topic topic-05ed2a30_eda6_4a25_a5eb_b9c40e49470f
2025-08-20 12:39:54,234 INFO  [io.api.tes.ser.api.KafkaSerdesTester] (ForkJoinPool.commonPool-worker-2) Sending message {"key11755693592681": "value-7"} to topic topic-05ed2a30_eda6_4a25_a5eb_b9c40e49470f
2025-08-20 12:39:54,236 INFO  [io.api.tes.ser.api.KafkaSerdesTester] (ForkJoinPool.commonPool-worker-2) Sending message {"key11755693592681": "value-8"} to topic topic-05ed2a30_eda6_4a25_a5eb_b9c40e49470f
2025-08-20 12:39:54,237 INFO  [io.api.tes.ser.api.KafkaSerdesTester] (ForkJoinPool.commonPool-worker-2) Sending message {"key11755693592681": "value-9"} to topic topic-05ed2a30_eda6_4a25_a5eb_b9c40e49470f
2025-08-20 12:39:54,239 INFO  [io.api.tes.ser.api.KafkaSerdesTester] (ForkJoinPool.commonPool-worker-2) Produced 10 messages
2025-08-20 12:39:54,239 INFO  [org.apa.kaf.cli.pro.KafkaProducer] (ForkJoinPool.commonPool-worker-2) [Producer clientId=Producer-topic-05ed2a30_eda6_4a25_a5eb_b9c40e49470f] Closing the Kafka producer with timeoutMillis = 9223372036854775807 ms.
2025-08-20 12:39:54,243 INFO  [org.apa.kaf.com.met.Metrics] (ForkJoinPool.commonPool-worker-2) Metrics scheduler closed
2025-08-20 12:39:54,243 INFO  [org.apa.kaf.com.met.Metrics] (ForkJoinPool.commonPool-worker-2) Closing reporter org.apache.kafka.common.metrics.JmxReporter
2025-08-20 12:39:54,243 INFO  [org.apa.kaf.com.met.Metrics] (ForkJoinPool.commonPool-worker-2) Closing reporter org.apache.kafka.common.telemetry.internals.ClientTelemetryReporter
2025-08-20 12:39:54,243 INFO  [org.apa.kaf.com.met.Metrics] (ForkJoinPool.commonPool-worker-2) Metrics reporters closed
2025-08-20 12:39:54,244 INFO  [org.apa.kaf.com.uti.AppInfoParser] (ForkJoinPool.commonPool-worker-2) App info kafka.producer for Producer-topic-05ed2a30_eda6_4a25_a5eb_b9c40e49470f unregistered
**** Registry Base URL: http://registry-app-mysql.apps.ci419.apicurio-testing.org:80
2025-08-20 12:39:54,244 INFO  [org.apa.kaf.cli.con.ConsumerConfig] (main) ConsumerConfig values: 
	allow.auto.create.topics = true
	auto.commit.interval.ms = 500
	auto.include.jmx.reporter = true
	auto.offset.reset = earliest
	bootstrap.servers = [PLAINTEXT://localhost:32769]
	check.crcs = true
	client.dns.lookup = use_all_dns_ips
	client.id = consumer-Consumer-topic-05ed2a30_eda6_4a25_a5eb_b9c40e49470f-2
	client.rack = 
	connections.max.idle.ms = 10000
	default.api.timeout.ms = 60000
	enable.auto.commit = true
	enable.metrics.push = true
	exclude.internal.topics = true
	fetch.max.bytes = 52428800
	fetch.max.wait.ms = 500
	fetch.min.bytes = 1
	group.id = Consumer-topic-05ed2a30_eda6_4a25_a5eb_b9c40e49470f
	group.instance.id = null
	group.protocol = classic
	group.remote.assignor = null
	heartbeat.interval.ms = 3000
	interceptor.classes = []
	internal.leave.group.on.close = true
	internal.throw.on.fetch.stable.offset.unsupported = false
	isolation.level = read_uncommitted
	key.deserializer = class org.apache.kafka.common.serialization.StringDeserializer
	max.partition.fetch.bytes = 1048576
	max.poll.interval.ms = 300000
	max.poll.records = 500
	metadata.max.age.ms = 300000
	metadata.recovery.strategy = none
	metric.reporters = []
	metrics.num.samples = 2
	metrics.recording.level = INFO
	metrics.sample.window.ms = 30000
	partition.assignment.strategy = [class org.apache.kafka.clients.consumer.RangeAssignor, class org.apache.kafka.clients.consumer.CooperativeStickyAssignor]
	receive.buffer.bytes = 65536
	reconnect.backoff.max.ms = 1000
	reconnect.backoff.ms = 50
	request.timeout.ms = 5000
	retry.backoff.max.ms = 1000
	retry.backoff.ms = 100
	sasl.client.callback.handler.class = null
	sasl.jaas.config = null
	sasl.kerberos.kinit.cmd = /usr/bin/kinit
	sasl.kerberos.min.time.before.relogin = 60000
	sasl.kerberos.service.name = null
	sasl.kerberos.ticket.renew.jitter = 0.05
	sasl.kerberos.ticket.renew.window.factor = 0.8
	sasl.login.callback.handler.class = null
	sasl.login.class = null
	sasl.login.connect.timeout.ms = null
	sasl.login.read.timeout.ms = null
	sasl.login.refresh.buffer.seconds = 300
	sasl.login.refresh.min.period.seconds = 60
	sasl.login.refresh.window.factor = 0.8
	sasl.login.refresh.window.jitter = 0.05
	sasl.login.retry.backoff.max.ms = 10000
	sasl.login.retry.backoff.ms = 100
	sasl.mechanism = GSSAPI
	sasl.oauthbearer.clock.skew.seconds = 30
	sasl.oauthbearer.expected.audience = null
	sasl.oauthbearer.expected.issuer = null
	sasl.oauthbearer.header.urlencode = false
	sasl.oauthbearer.jwks.endpoint.refresh.ms = 3600000
	sasl.oauthbearer.jwks.endpoint.retry.backoff.max.ms = 10000
	sasl.oauthbearer.jwks.endpoint.retry.backoff.ms = 100
	sasl.oauthbearer.jwks.endpoint.url = null
	sasl.oauthbearer.scope.claim.name = scope
	sasl.oauthbearer.sub.claim.name = sub
	sasl.oauthbearer.token.endpoint.url = null
	security.protocol = PLAINTEXT
	security.providers = null
	send.buffer.bytes = 131072
	session.timeout.ms = 45000
	socket.connection.setup.timeout.max.ms = 30000
	socket.connection.setup.timeout.ms = 10000
	ssl.cipher.suites = null
	ssl.enabled.protocols = [TLSv1.2, TLSv1.3]
	ssl.endpoint.identification.algorithm = https
	ssl.engine.factory.class = null
	ssl.key.password = null
	ssl.keymanager.algorithm = SunX509
	ssl.keystore.certificate.chain = null
	ssl.keystore.key = null
	ssl.keystore.location = null
	ssl.keystore.password = null
	ssl.keystore.type = JKS
	ssl.protocol = TLSv1.3
	ssl.provider = null
	ssl.secure.random.implementation = null
	ssl.trustmanager.algorithm = PKIX
	ssl.truststore.certificates = null
	ssl.truststore.location = null
	ssl.truststore.password = null
	ssl.truststore.type = JKS
	value.deserializer = class io.apicurio.registry.serde.avro.AvroKafkaDeserializer

2025-08-20 12:39:54,245 INFO  [org.apa.kaf.com.tel.int.KafkaMetricsCollector] (main) initializing Kafka metrics collector
2025-08-20 12:39:54,251 INFO  [org.apa.kaf.cli.con.ConsumerConfig] (main) These configurations '[apicurio.registry.url]' were supplied but are not used yet.
2025-08-20 12:39:54,251 INFO  [org.apa.kaf.com.uti.AppInfoParser] (main) Kafka version: 3.9.1
2025-08-20 12:39:54,251 INFO  [org.apa.kaf.com.uti.AppInfoParser] (main) Kafka commitId: f745dfdcee2b9851
2025-08-20 12:39:54,251 INFO  [org.apa.kaf.com.uti.AppInfoParser] (main) Kafka startTimeMs: 1755693594251
2025-08-20 12:39:54,251 INFO  [org.apa.kaf.cli.con.int.ClassicKafkaConsumer] (ForkJoinPool.commonPool-worker-2) [Consumer clientId=consumer-Consumer-topic-05ed2a30_eda6_4a25_a5eb_b9c40e49470f-2, groupId=Consumer-topic-05ed2a30_eda6_4a25_a5eb_b9c40e49470f] Subscribed to topic(s): topic-05ed2a30_eda6_4a25_a5eb_b9c40e49470f
2025-08-20 12:39:54,256 INFO  [org.apa.kaf.cli.Metadata] (ForkJoinPool.commonPool-worker-2) [Consumer clientId=consumer-Consumer-topic-05ed2a30_eda6_4a25_a5eb_b9c40e49470f-2, groupId=Consumer-topic-05ed2a30_eda6_4a25_a5eb_b9c40e49470f] Cluster ID: w67HKo3KT1qYVnubU-PiPQ
2025-08-20 12:39:54,257 INFO  [org.apa.kaf.cli.con.int.ConsumerCoordinator] (ForkJoinPool.commonPool-worker-2) [Consumer clientId=consumer-Consumer-topic-05ed2a30_eda6_4a25_a5eb_b9c40e49470f-2, groupId=Consumer-topic-05ed2a30_eda6_4a25_a5eb_b9c40e49470f] Discovered group coordinator localhost:32769 (id: 2147483647 rack: null)
2025-08-20 12:39:54,258 INFO  [org.apa.kaf.cli.con.int.ConsumerCoordinator] (ForkJoinPool.commonPool-worker-2) [Consumer clientId=consumer-Consumer-topic-05ed2a30_eda6_4a25_a5eb_b9c40e49470f-2, groupId=Consumer-topic-05ed2a30_eda6_4a25_a5eb_b9c40e49470f] (Re-)joining group
2025-08-20 12:39:54,263 INFO  [org.apa.kaf.cli.con.int.ConsumerCoordinator] (ForkJoinPool.commonPool-worker-2) [Consumer clientId=consumer-Consumer-topic-05ed2a30_eda6_4a25_a5eb_b9c40e49470f-2, groupId=Consumer-topic-05ed2a30_eda6_4a25_a5eb_b9c40e49470f] Request joining group due to: need to re-join with the given member-id: consumer-Consumer-topic-05ed2a30_eda6_4a25_a5eb_b9c40e49470f-2-e9869d78-7ddf-4d95-af15-5b1615627735
2025-08-20 12:39:54,263 INFO  [org.apa.kaf.cli.con.int.ConsumerCoordinator] (ForkJoinPool.commonPool-worker-2) [Consumer clientId=consumer-Consumer-topic-05ed2a30_eda6_4a25_a5eb_b9c40e49470f-2, groupId=Consumer-topic-05ed2a30_eda6_4a25_a5eb_b9c40e49470f] (Re-)joining group
2025-08-20 12:39:55,251 INFO  [io.api.tes.ser.api.KafkaSerdesTester] (ForkJoinPool.commonPool-worker-2) None found
2025-08-20 12:39:56,252 INFO  [io.api.tes.ser.api.KafkaSerdesTester] (ForkJoinPool.commonPool-worker-2) None found
2025-08-20 12:39:57,252 INFO  [io.api.tes.ser.api.KafkaSerdesTester] (ForkJoinPool.commonPool-worker-2) None found
2025-08-20 12:39:57,265 INFO  [org.apa.kaf.cli.con.int.ConsumerCoordinator] (ForkJoinPool.commonPool-worker-2) [Consumer clientId=consumer-Consumer-topic-05ed2a30_eda6_4a25_a5eb_b9c40e49470f-2, groupId=Consumer-topic-05ed2a30_eda6_4a25_a5eb_b9c40e49470f] Successfully joined group with generation Generation{generationId=1, memberId='consumer-Consumer-topic-05ed2a30_eda6_4a25_a5eb_b9c40e49470f-2-e9869d78-7ddf-4d95-af15-5b1615627735', protocol='range'}
2025-08-20 12:39:57,266 INFO  [org.apa.kaf.cli.con.int.ConsumerCoordinator] (ForkJoinPool.commonPool-worker-2) [Consumer clientId=consumer-Consumer-topic-05ed2a30_eda6_4a25_a5eb_b9c40e49470f-2, groupId=Consumer-topic-05ed2a30_eda6_4a25_a5eb_b9c40e49470f] Finished assignment for group at generation 1: {consumer-Consumer-topic-05ed2a30_eda6_4a25_a5eb_b9c40e49470f-2-e9869d78-7ddf-4d95-af15-5b1615627735=Assignment(partitions=[topic-05ed2a30_eda6_4a25_a5eb_b9c40e49470f-0])}
2025-08-20 12:39:57,273 INFO  [org.apa.kaf.cli.con.int.ConsumerCoordinator] (ForkJoinPool.commonPool-worker-2) [Consumer clientId=consumer-Consumer-topic-05ed2a30_eda6_4a25_a5eb_b9c40e49470f-2, groupId=Consumer-topic-05ed2a30_eda6_4a25_a5eb_b9c40e49470f] Successfully synced group in generation Generation{generationId=1, memberId='consumer-Consumer-topic-05ed2a30_eda6_4a25_a5eb_b9c40e49470f-2-e9869d78-7ddf-4d95-af15-5b1615627735', protocol='range'}
2025-08-20 12:39:57,273 INFO  [org.apa.kaf.cli.con.int.ConsumerCoordinator] (ForkJoinPool.commonPool-worker-2) [Consumer clientId=consumer-Consumer-topic-05ed2a30_eda6_4a25_a5eb_b9c40e49470f-2, groupId=Consumer-topic-05ed2a30_eda6_4a25_a5eb_b9c40e49470f] Notifying assignor about the new Assignment(partitions=[topic-05ed2a30_eda6_4a25_a5eb_b9c40e49470f-0])
2025-08-20 12:39:57,274 INFO  [org.apa.kaf.cli.con.int.ConsumerRebalanceListenerInvoker] (ForkJoinPool.commonPool-worker-2) [Consumer clientId=consumer-Consumer-topic-05ed2a30_eda6_4a25_a5eb_b9c40e49470f-2, groupId=Consumer-topic-05ed2a30_eda6_4a25_a5eb_b9c40e49470f] Adding newly assigned partitions: topic-05ed2a30_eda6_4a25_a5eb_b9c40e49470f-0
2025-08-20 12:39:57,275 INFO  [org.apa.kaf.cli.con.int.ConsumerCoordinator] (ForkJoinPool.commonPool-worker-2) [Consumer clientId=consumer-Consumer-topic-05ed2a30_eda6_4a25_a5eb_b9c40e49470f-2, groupId=Consumer-topic-05ed2a30_eda6_4a25_a5eb_b9c40e49470f] Found no committed offset for partition topic-05ed2a30_eda6_4a25_a5eb_b9c40e49470f-0
2025-08-20 12:39:57,278 INFO  [org.apa.kaf.cli.con.int.SubscriptionState] (ForkJoinPool.commonPool-worker-2) [Consumer clientId=consumer-Consumer-topic-05ed2a30_eda6_4a25_a5eb_b9c40e49470f-2, groupId=Consumer-topic-05ed2a30_eda6_4a25_a5eb_b9c40e49470f] Resetting offset for partition topic-05ed2a30_eda6_4a25_a5eb_b9c40e49470f-0 to position FetchPosition{offset=0, offsetEpoch=Optional.empty, currentLeader=LeaderAndEpoch{leader=Optional[localhost:32769 (id: 0 rack: null)], epoch=0}}.
2025-08-20 12:39:57,520 INFO  [io.api.tes.ser.api.KafkaSerdesTester] (ForkJoinPool.commonPool-worker-2) topic-05ed2a30_eda6_4a25_a5eb_b9c40e49470f 0 0 {"key11755693592681": "value-0"}
2025-08-20 12:39:57,521 INFO  [io.api.tes.ser.api.KafkaSerdesTester] (ForkJoinPool.commonPool-worker-2) topic-05ed2a30_eda6_4a25_a5eb_b9c40e49470f 0 1 {"key11755693592681": "value-1"}
2025-08-20 12:39:57,521 INFO  [io.api.tes.ser.api.KafkaSerdesTester] (ForkJoinPool.commonPool-worker-2) topic-05ed2a30_eda6_4a25_a5eb_b9c40e49470f 0 2 {"key11755693592681": "value-2"}
2025-08-20 12:39:57,521 INFO  [io.api.tes.ser.api.KafkaSerdesTester] (ForkJoinPool.commonPool-worker-2) topic-05ed2a30_eda6_4a25_a5eb_b9c40e49470f 0 3 {"key11755693592681": "value-3"}
2025-08-20 12:39:57,521 INFO  [io.api.tes.ser.api.KafkaSerdesTester] (ForkJoinPool.commonPool-worker-2) topic-05ed2a30_eda6_4a25_a5eb_b9c40e49470f 0 4 {"key11755693592681": "value-4"}
2025-08-20 12:39:57,521 INFO  [io.api.tes.ser.api.KafkaSerdesTester] (ForkJoinPool.commonPool-worker-2) topic-05ed2a30_eda6_4a25_a5eb_b9c40e49470f 0 5 {"key11755693592681": "value-5"}
2025-08-20 12:39:57,521 INFO  [io.api.tes.ser.api.KafkaSerdesTester] (ForkJoinPool.commonPool-worker-2) topic-05ed2a30_eda6_4a25_a5eb_b9c40e49470f 0 6 {"key11755693592681": "value-6"}
2025-08-20 12:39:57,521 INFO  [io.api.tes.ser.api.KafkaSerdesTester] (ForkJoinPool.commonPool-worker-2) topic-05ed2a30_eda6_4a25_a5eb_b9c40e49470f 0 7 {"key11755693592681": "value-7"}
2025-08-20 12:39:57,521 INFO  [io.api.tes.ser.api.KafkaSerdesTester] (ForkJoinPool.commonPool-worker-2) topic-05ed2a30_eda6_4a25_a5eb_b9c40e49470f 0 8 {"key11755693592681": "value-8"}
2025-08-20 12:39:57,521 INFO  [io.api.tes.ser.api.KafkaSerdesTester] (ForkJoinPool.commonPool-worker-2) topic-05ed2a30_eda6_4a25_a5eb_b9c40e49470f 0 9 {"key11755693592681": "value-9"}
2025-08-20 12:39:57,521 INFO  [io.api.tes.ser.api.KafkaSerdesTester] (ForkJoinPool.commonPool-worker-2) Consumed 10 messages
2025-08-20 12:39:57,529 INFO  [org.apa.kaf.cli.con.int.ConsumerRebalanceListenerInvoker] (ForkJoinPool.commonPool-worker-2) [Consumer clientId=consumer-Consumer-topic-05ed2a30_eda6_4a25_a5eb_b9c40e49470f-2, groupId=Consumer-topic-05ed2a30_eda6_4a25_a5eb_b9c40e49470f] Revoke previously assigned partitions topic-05ed2a30_eda6_4a25_a5eb_b9c40e49470f-0
2025-08-20 12:39:57,529 INFO  [org.apa.kaf.cli.con.int.ConsumerCoordinator] (ForkJoinPool.commonPool-worker-2) [Consumer clientId=consumer-Consumer-topic-05ed2a30_eda6_4a25_a5eb_b9c40e49470f-2, groupId=Consumer-topic-05ed2a30_eda6_4a25_a5eb_b9c40e49470f] Member consumer-Consumer-topic-05ed2a30_eda6_4a25_a5eb_b9c40e49470f-2-e9869d78-7ddf-4d95-af15-5b1615627735 sending LeaveGroup request to coordinator localhost:32769 (id: 2147483647 rack: null) due to the consumer is being closed
2025-08-20 12:39:57,530 INFO  [org.apa.kaf.cli.con.int.ConsumerCoordinator] (ForkJoinPool.commonPool-worker-2) [Consumer clientId=consumer-Consumer-topic-05ed2a30_eda6_4a25_a5eb_b9c40e49470f-2, groupId=Consumer-topic-05ed2a30_eda6_4a25_a5eb_b9c40e49470f] Resetting generation and member id due to: consumer pro-actively leaving the group
2025-08-20 12:39:57,530 INFO  [org.apa.kaf.cli.con.int.ConsumerCoordinator] (ForkJoinPool.commonPool-worker-2) [Consumer clientId=consumer-Consumer-topic-05ed2a30_eda6_4a25_a5eb_b9c40e49470f-2, groupId=Consumer-topic-05ed2a30_eda6_4a25_a5eb_b9c40e49470f] Request joining group due to: consumer pro-actively leaving the group
2025-08-20 12:39:58,023 INFO  [org.apa.kaf.com.met.Metrics] (ForkJoinPool.commonPool-worker-2) Metrics scheduler closed
2025-08-20 12:39:58,023 INFO  [org.apa.kaf.com.met.Metrics] (ForkJoinPool.commonPool-worker-2) Closing reporter org.apache.kafka.common.metrics.JmxReporter
2025-08-20 12:39:58,023 INFO  [org.apa.kaf.com.met.Metrics] (ForkJoinPool.commonPool-worker-2) Closing reporter org.apache.kafka.common.telemetry.internals.ClientTelemetryReporter
2025-08-20 12:39:58,023 INFO  [org.apa.kaf.com.met.Metrics] (ForkJoinPool.commonPool-worker-2) Metrics reporters closed
2025-08-20 12:39:58,026 INFO  [org.apa.kaf.com.uti.AppInfoParser] (ForkJoinPool.commonPool-worker-2) App info kafka.consumer for consumer-Consumer-topic-05ed2a30_eda6_4a25_a5eb_b9c40e49470f-2 unregistered
2025-08-20 12:39:58,027 INFO  [io.api.tes.uti.TestSeparator] (main) io.apicurio.tests.serdes.apicurio.AvroSerdeIT.testSimpleTopicIdStrategyFindLatest-FINISHED
2025-08-20 12:39:58,027 INFO  [io.api.tes.uti.TestSeparator] (main) ############################################################################
Test passed: testSimpleTopicIdStrategyFindLatest
]]></system-out>
  </testcase>
  <testcase name="testWrongSchema" classname="io.apicurio.tests.serdes.apicurio.AvroSerdeIT" time="1.46">
    <system-out><![CDATA[2025-08-20 12:39:58,029 INFO  [io.api.tes.uti.TestSeparator] (main) ############################################################################
2025-08-20 12:39:58,029 INFO  [io.api.tes.uti.TestSeparator] (main) io.apicurio.tests.serdes.apicurio.AvroSerdeIT.testWrongSchema-STARTED
**** Registry Base URL: http://registry-app-mysql.apps.ci419.apicurio-testing.org:80
2025-08-20 12:39:59,306 INFO  [org.apa.kaf.cli.pro.ProducerConfig] (main) ProducerConfig values: 
	acks = -1
	auto.include.jmx.reporter = true
	batch.size = 16384
	bootstrap.servers = [PLAINTEXT://localhost:32769]
	buffer.memory = 33554432
	client.dns.lookup = use_all_dns_ips
	client.id = Producer-s138e27fbx8fb8x4be9x9eb1x3100ca22e787
	compression.gzip.level = -1
	compression.lz4.level = 9
	compression.type = none
	compression.zstd.level = 3
	connections.max.idle.ms = 10000
	delivery.timeout.ms = 120000
	enable.idempotence = true
	enable.metrics.push = true
	interceptor.classes = []
	key.serializer = class org.apache.kafka.common.serialization.StringSerializer
	linger.ms = 0
	max.block.ms = 60000
	max.in.flight.requests.per.connection = 5
	max.request.size = 1048576
	metadata.max.age.ms = 300000
	metadata.max.idle.ms = 300000
	metadata.recovery.strategy = none
	metric.reporters = []
	metrics.num.samples = 2
	metrics.recording.level = INFO
	metrics.sample.window.ms = 30000
	partitioner.adaptive.partitioning.enable = true
	partitioner.availability.timeout.ms = 0
	partitioner.class = null
	partitioner.ignore.keys = false
	receive.buffer.bytes = 32768
	reconnect.backoff.max.ms = 1000
	reconnect.backoff.ms = 50
	request.timeout.ms = 5000
	retries = 2147483647
	retry.backoff.max.ms = 1000
	retry.backoff.ms = 100
	sasl.client.callback.handler.class = null
	sasl.jaas.config = null
	sasl.kerberos.kinit.cmd = /usr/bin/kinit
	sasl.kerberos.min.time.before.relogin = 60000
	sasl.kerberos.service.name = null
	sasl.kerberos.ticket.renew.jitter = 0.05
	sasl.kerberos.ticket.renew.window.factor = 0.8
	sasl.login.callback.handler.class = null
	sasl.login.class = null
	sasl.login.connect.timeout.ms = null
	sasl.login.read.timeout.ms = null
	sasl.login.refresh.buffer.seconds = 300
	sasl.login.refresh.min.period.seconds = 60
	sasl.login.refresh.window.factor = 0.8
	sasl.login.refresh.window.jitter = 0.05
	sasl.login.retry.backoff.max.ms = 10000
	sasl.login.retry.backoff.ms = 100
	sasl.mechanism = GSSAPI
	sasl.oauthbearer.clock.skew.seconds = 30
	sasl.oauthbearer.expected.audience = null
	sasl.oauthbearer.expected.issuer = null
	sasl.oauthbearer.header.urlencode = false
	sasl.oauthbearer.jwks.endpoint.refresh.ms = 3600000
	sasl.oauthbearer.jwks.endpoint.retry.backoff.max.ms = 10000
	sasl.oauthbearer.jwks.endpoint.retry.backoff.ms = 100
	sasl.oauthbearer.jwks.endpoint.url = null
	sasl.oauthbearer.scope.claim.name = scope
	sasl.oauthbearer.sub.claim.name = sub
	sasl.oauthbearer.token.endpoint.url = null
	security.protocol = PLAINTEXT
	security.providers = null
	send.buffer.bytes = 131072
	socket.connection.setup.timeout.max.ms = 30000
	socket.connection.setup.timeout.ms = 10000
	ssl.cipher.suites = null
	ssl.enabled.protocols = [TLSv1.2, TLSv1.3]
	ssl.endpoint.identification.algorithm = https
	ssl.engine.factory.class = null
	ssl.key.password = null
	ssl.keymanager.algorithm = SunX509
	ssl.keystore.certificate.chain = null
	ssl.keystore.key = null
	ssl.keystore.location = null
	ssl.keystore.password = null
	ssl.keystore.type = JKS
	ssl.protocol = TLSv1.3
	ssl.provider = null
	ssl.secure.random.implementation = null
	ssl.trustmanager.algorithm = PKIX
	ssl.truststore.certificates = null
	ssl.truststore.location = null
	ssl.truststore.password = null
	ssl.truststore.type = JKS
	transaction.timeout.ms = 60000
	transactional.id = null
	value.serializer = class io.apicurio.registry.serde.avro.AvroKafkaSerializer

2025-08-20 12:39:59,306 INFO  [org.apa.kaf.com.tel.int.KafkaMetricsCollector] (main) initializing Kafka metrics collector
2025-08-20 12:39:59,309 INFO  [org.apa.kaf.cli.pro.KafkaProducer] (main) [Producer clientId=Producer-s138e27fbx8fb8x4be9x9eb1x3100ca22e787] Instantiated an idempotent producer.
2025-08-20 12:39:59,312 INFO  [org.apa.kaf.cli.pro.ProducerConfig] (main) These configurations '[apicurio.registry.find-latest, apicurio.registry.url, apicurio.registry.artifact-resolver-strategy]' were supplied but are not used yet.
2025-08-20 12:39:59,312 INFO  [org.apa.kaf.com.uti.AppInfoParser] (main) Kafka version: 3.9.1
2025-08-20 12:39:59,312 INFO  [org.apa.kaf.com.uti.AppInfoParser] (main) Kafka commitId: f745dfdcee2b9851
2025-08-20 12:39:59,312 INFO  [org.apa.kaf.com.uti.AppInfoParser] (main) Kafka startTimeMs: 1755693599312
2025-08-20 12:39:59,313 INFO  [io.api.tes.ser.api.KafkaSerdesTester] (ForkJoinPool.commonPool-worker-2) Sending message {"keyB": "value-0"} to topic s138e27fbx8fb8x4be9x9eb1x3100ca22e787
2025-08-20 12:39:59,316 INFO  [org.apa.kaf.cli.Metadata] (kafka-producer-network-thread | Producer-s138e27fbx8fb8x4be9x9eb1x3100ca22e787) [Producer clientId=Producer-s138e27fbx8fb8x4be9x9eb1x3100ca22e787] Cluster ID: w67HKo3KT1qYVnubU-PiPQ
2025-08-20 12:39:59,317 INFO  [org.apa.kaf.cli.pro.int.TransactionManager] (kafka-producer-network-thread | Producer-s138e27fbx8fb8x4be9x9eb1x3100ca22e787) [Producer clientId=Producer-s138e27fbx8fb8x4be9x9eb1x3100ca22e787] ProducerId set to 2 with epoch 0
2025-08-20 12:39:59,485 INFO  [org.apa.kaf.cli.pro.KafkaProducer] (ForkJoinPool.commonPool-worker-2) [Producer clientId=Producer-s138e27fbx8fb8x4be9x9eb1x3100ca22e787] Closing the Kafka producer with timeoutMillis = 9223372036854775807 ms.
2025-08-20 12:39:59,486 INFO  [org.apa.kaf.com.met.Metrics] (ForkJoinPool.commonPool-worker-2) Metrics scheduler closed
2025-08-20 12:39:59,487 INFO  [org.apa.kaf.com.met.Metrics] (ForkJoinPool.commonPool-worker-2) Closing reporter org.apache.kafka.common.metrics.JmxReporter
2025-08-20 12:39:59,487 INFO  [org.apa.kaf.com.met.Metrics] (ForkJoinPool.commonPool-worker-2) Closing reporter org.apache.kafka.common.telemetry.internals.ClientTelemetryReporter
2025-08-20 12:39:59,487 INFO  [org.apa.kaf.com.met.Metrics] (ForkJoinPool.commonPool-worker-2) Metrics reporters closed
2025-08-20 12:39:59,487 INFO  [org.apa.kaf.com.uti.AppInfoParser] (ForkJoinPool.commonPool-worker-2) App info kafka.producer for Producer-s138e27fbx8fb8x4be9x9eb1x3100ca22e787 unregistered
2025-08-20 12:39:59,487 INFO  [io.api.tes.uti.TestSeparator] (main) io.apicurio.tests.serdes.apicurio.AvroSerdeIT.testWrongSchema-FINISHED
2025-08-20 12:39:59,488 INFO  [io.api.tes.uti.TestSeparator] (main) ############################################################################
Test passed: testWrongSchema
]]></system-out>
    <system-err><![CDATA[io.apicurio.registry.rest.client.models.ProblemDetails
	at io.apicurio.registry.rest.client.models.ProblemDetails.createFromDiscriminatorValue(ProblemDetails.java:58)
	at io.kiota.serialization.json.JsonParseNode.getObjectValue(JsonParseNode.java:247)
	at io.kiota.http.vertx.VertXRequestAdapter.lambda$throwIfFailedResponse$0(VertXRequestAdapter.java:400)
	at com.microsoft.kiota.ApiExceptionBuilder.<init>(ApiExceptionBuilder.java:26)
	at io.kiota.http.vertx.VertXRequestAdapter.throwIfFailedResponse(VertXRequestAdapter.java:399)
	at io.kiota.http.vertx.VertXRequestAdapter.send(VertXRequestAdapter.java:170)
	at jdk.internal.reflect.GeneratedMethodAccessor33.invoke(Unknown Source)
	at java.base/jdk.internal.reflect.DelegatingMethodAccessorImpl.invoke(DelegatingMethodAccessorImpl.java:43)
	at java.base/java.lang.reflect.Method.invoke(Method.java:569)
	at io.apicurio.registry.client.RegistryClientFactory$RetryInvocationHandler.invoke(RegistryClientFactory.java:146)
	at jdk.proxy2/jdk.proxy2.$Proxy65.send(Unknown Source)
	at io.apicurio.registry.rest.client.groups.item.artifacts.item.versions.item.WithVersionExpressionItemRequestBuilder.get(WithVersionExpressionItemRequestBuilder.java:128)
	at io.apicurio.registry.rest.client.groups.item.artifacts.item.versions.item.WithVersionExpressionItemRequestBuilder.get(WithVersionExpressionItemRequestBuilder.java:111)
	at io.apicurio.registry.resolver.client.RegistryClientFacadeImpl.getVersionCoordinatesByGAV(RegistryClientFacadeImpl.java:159)
	at io.apicurio.registry.resolver.DefaultSchemaResolver.resolveByCoordinates(DefaultSchemaResolver.java:352)
	at io.apicurio.registry.resolver.DefaultSchemaResolver.lambda$resolveSchemaByArtifactReferenceCached$6(DefaultSchemaResolver.java:340)
	at io.apicurio.registry.resolver.cache.ERCache.lambda$getValue$0(ERCache.java:174)
	at io.apicurio.registry.resolver.cache.ERCache.retry(ERCache.java:227)
	at io.apicurio.registry.resolver.cache.ERCache.getValue(ERCache.java:173)
	at io.apicurio.registry.resolver.cache.ERCache.getByArtifactCoordinates(ERCache.java:158)
	at io.apicurio.registry.resolver.DefaultSchemaResolver.resolveSchemaByArtifactReferenceCached(DefaultSchemaResolver.java:338)
	at io.apicurio.registry.resolver.DefaultSchemaResolver.resolveSchemaByCoordinates(DefaultSchemaResolver.java:193)
	at io.apicurio.registry.resolver.DefaultSchemaResolver.getSchemaFromRegistry(DefaultSchemaResolver.java:130)
	at io.apicurio.registry.resolver.DefaultSchemaResolver.lambda$resolveSchema$0(DefaultSchemaResolver.java:84)
	at java.base/java.util.Optional.orElseGet(Optional.java:364)
	at io.apicurio.registry.resolver.DefaultSchemaResolver.resolveSchema(DefaultSchemaResolver.java:84)
	at io.apicurio.registry.serde.AbstractSerializer.serializeData(AbstractSerializer.java:62)
	at io.apicurio.registry.serde.KafkaSerializer.serialize(KafkaSerializer.java:77)
	at org.apache.kafka.clients.producer.KafkaProducer.doSend(KafkaProducer.java:1046)
	at org.apache.kafka.clients.producer.KafkaProducer.send(KafkaProducer.java:993)
	at org.apache.kafka.clients.producer.KafkaProducer.send(KafkaProducer.java:875)
	at io.apicurio.tests.serdes.apicurio.KafkaSerdesTester.lambda$produceMessages$3(KafkaSerdesTester.java:138)
	at java.base/java.util.concurrent.CompletableFuture$AsyncSupply.run(CompletableFuture.java:1768)
	at java.base/java.util.concurrent.CompletableFuture$AsyncSupply.exec(CompletableFuture.java:1760)
	at java.base/java.util.concurrent.ForkJoinTask.doExec(ForkJoinTask.java:373)
	at java.base/java.util.concurrent.ForkJoinPool$WorkQueue.topLevelExec(ForkJoinPool.java:1182)
	at java.base/java.util.concurrent.ForkJoinPool.scan(ForkJoinPool.java:1655)
	at java.base/java.util.concurrent.ForkJoinPool.runWorker(ForkJoinPool.java:1622)
	at java.base/java.util.concurrent.ForkJoinWorkerThread.run(ForkJoinWorkerThread.java:165)
]]></system-err>
  </testcase>
  <testcase name="testAvroJSON" classname="io.apicurio.tests.serdes.apicurio.AvroSerdeIT" time="4.281">
    <system-out><![CDATA[2025-08-20 12:39:59,489 INFO  [io.api.tes.uti.TestSeparator] (main) ############################################################################
2025-08-20 12:39:59,489 INFO  [io.api.tes.uti.TestSeparator] (main) io.apicurio.tests.serdes.apicurio.AvroSerdeIT.testAvroJSON-STARTED
**** Registry Base URL: http://registry-app-mysql.apps.ci419.apicurio-testing.org:80
2025-08-20 12:39:59,491 INFO  [org.apa.kaf.cli.pro.ProducerConfig] (main) ProducerConfig values: 
	acks = -1
	auto.include.jmx.reporter = true
	batch.size = 16384
	bootstrap.servers = [PLAINTEXT://localhost:32769]
	buffer.memory = 33554432
	client.dns.lookup = use_all_dns_ips
	client.id = Producer-topic-bc235faa_2fca_4b4f_9871_a0ffeaad3c97
	compression.gzip.level = -1
	compression.lz4.level = 9
	compression.type = none
	compression.zstd.level = 3
	connections.max.idle.ms = 10000
	delivery.timeout.ms = 120000
	enable.idempotence = true
	enable.metrics.push = true
	interceptor.classes = []
	key.serializer = class org.apache.kafka.common.serialization.StringSerializer
	linger.ms = 0
	max.block.ms = 60000
	max.in.flight.requests.per.connection = 5
	max.request.size = 1048576
	metadata.max.age.ms = 300000
	metadata.max.idle.ms = 300000
	metadata.recovery.strategy = none
	metric.reporters = []
	metrics.num.samples = 2
	metrics.recording.level = INFO
	metrics.sample.window.ms = 30000
	partitioner.adaptive.partitioning.enable = true
	partitioner.availability.timeout.ms = 0
	partitioner.class = null
	partitioner.ignore.keys = false
	receive.buffer.bytes = 32768
	reconnect.backoff.max.ms = 1000
	reconnect.backoff.ms = 50
	request.timeout.ms = 5000
	retries = 2147483647
	retry.backoff.max.ms = 1000
	retry.backoff.ms = 100
	sasl.client.callback.handler.class = null
	sasl.jaas.config = null
	sasl.kerberos.kinit.cmd = /usr/bin/kinit
	sasl.kerberos.min.time.before.relogin = 60000
	sasl.kerberos.service.name = null
	sasl.kerberos.ticket.renew.jitter = 0.05
	sasl.kerberos.ticket.renew.window.factor = 0.8
	sasl.login.callback.handler.class = null
	sasl.login.class = null
	sasl.login.connect.timeout.ms = null
	sasl.login.read.timeout.ms = null
	sasl.login.refresh.buffer.seconds = 300
	sasl.login.refresh.min.period.seconds = 60
	sasl.login.refresh.window.factor = 0.8
	sasl.login.refresh.window.jitter = 0.05
	sasl.login.retry.backoff.max.ms = 10000
	sasl.login.retry.backoff.ms = 100
	sasl.mechanism = GSSAPI
	sasl.oauthbearer.clock.skew.seconds = 30
	sasl.oauthbearer.expected.audience = null
	sasl.oauthbearer.expected.issuer = null
	sasl.oauthbearer.header.urlencode = false
	sasl.oauthbearer.jwks.endpoint.refresh.ms = 3600000
	sasl.oauthbearer.jwks.endpoint.retry.backoff.max.ms = 10000
	sasl.oauthbearer.jwks.endpoint.retry.backoff.ms = 100
	sasl.oauthbearer.jwks.endpoint.url = null
	sasl.oauthbearer.scope.claim.name = scope
	sasl.oauthbearer.sub.claim.name = sub
	sasl.oauthbearer.token.endpoint.url = null
	security.protocol = PLAINTEXT
	security.providers = null
	send.buffer.bytes = 131072
	socket.connection.setup.timeout.max.ms = 30000
	socket.connection.setup.timeout.ms = 10000
	ssl.cipher.suites = null
	ssl.enabled.protocols = [TLSv1.2, TLSv1.3]
	ssl.endpoint.identification.algorithm = https
	ssl.engine.factory.class = null
	ssl.key.password = null
	ssl.keymanager.algorithm = SunX509
	ssl.keystore.certificate.chain = null
	ssl.keystore.key = null
	ssl.keystore.location = null
	ssl.keystore.password = null
	ssl.keystore.type = JKS
	ssl.protocol = TLSv1.3
	ssl.provider = null
	ssl.secure.random.implementation = null
	ssl.trustmanager.algorithm = PKIX
	ssl.truststore.certificates = null
	ssl.truststore.location = null
	ssl.truststore.password = null
	ssl.truststore.type = JKS
	transaction.timeout.ms = 60000
	transactional.id = null
	value.serializer = class io.apicurio.registry.serde.avro.AvroKafkaSerializer

2025-08-20 12:39:59,492 INFO  [org.apa.kaf.com.tel.int.KafkaMetricsCollector] (main) initializing Kafka metrics collector
2025-08-20 12:39:59,497 INFO  [org.apa.kaf.cli.pro.KafkaProducer] (main) [Producer clientId=Producer-topic-bc235faa_2fca_4b4f_9871_a0ffeaad3c97] Instantiated an idempotent producer.
2025-08-20 12:39:59,500 INFO  [org.apa.kaf.cli.pro.ProducerConfig] (main) These configurations '[apicurio.registry.avro.encoding, apicurio.registry.url, apicurio.registry.auto-register, apicurio.registry.artifact-resolver-strategy]' were supplied but are not used yet.
2025-08-20 12:39:59,500 INFO  [org.apa.kaf.com.uti.AppInfoParser] (main) Kafka version: 3.9.1
2025-08-20 12:39:59,500 INFO  [org.apa.kaf.com.uti.AppInfoParser] (main) Kafka commitId: f745dfdcee2b9851
2025-08-20 12:39:59,500 INFO  [org.apa.kaf.com.uti.AppInfoParser] (main) Kafka startTimeMs: 1755693599500
2025-08-20 12:39:59,501 INFO  [io.api.tes.ser.api.SimpleSerdesTesterBuilder$SimpleSerdesTester] (main) Using producer configuration: {apicurio.registry.avro.encoding=JSON, apicurio.registry.url=http://registry-app-mysql.apps.ci419.apicurio-testing.org:80/apis/registry/v3, apicurio.registry.auto-register=true, apicurio.registry.artifact-resolver-strategy=io.apicurio.registry.serde.strategy.TopicIdStrategy, value.serializer=io.apicurio.registry.serde.avro.AvroKafkaSerializer, request.timeout.ms=5000, acks=all, bootstrap.servers=PLAINTEXT://localhost:32769, connections.max.idle.ms=10000, key.serializer=org.apache.kafka.common.serialization.StringSerializer, client.id=Producer-topic-bc235faa_2fca_4b4f_9871_a0ffeaad3c97}
2025-08-20 12:39:59,501 INFO  [io.api.tes.ser.api.SimpleSerdesTesterBuilder$SimpleSerdesTester] (main) Using consumer configuration: {apicurio.registry.avro.encoding=JSON}
2025-08-20 12:39:59,501 INFO  [io.api.tes.ser.api.KafkaSerdesTester] (ForkJoinPool.commonPool-worker-2) Sending message {"bar": "value-0"} to topic topic-bc235faa_2fca_4b4f_9871_a0ffeaad3c97
2025-08-20 12:39:59,504 WARN  [org.apa.kaf.cli.NetworkClient] (kafka-producer-network-thread | Producer-topic-bc235faa_2fca_4b4f_9871_a0ffeaad3c97) [Producer clientId=Producer-topic-bc235faa_2fca_4b4f_9871_a0ffeaad3c97] The metadata response from the cluster reported a recoverable issue with correlation id 1 : {topic-bc235faa_2fca_4b4f_9871_a0ffeaad3c97=UNKNOWN_TOPIC_OR_PARTITION}
2025-08-20 12:39:59,504 INFO  [org.apa.kaf.cli.Metadata] (kafka-producer-network-thread | Producer-topic-bc235faa_2fca_4b4f_9871_a0ffeaad3c97) [Producer clientId=Producer-topic-bc235faa_2fca_4b4f_9871_a0ffeaad3c97] Cluster ID: w67HKo3KT1qYVnubU-PiPQ
2025-08-20 12:39:59,504 INFO  [org.apa.kaf.cli.pro.int.TransactionManager] (kafka-producer-network-thread | Producer-topic-bc235faa_2fca_4b4f_9871_a0ffeaad3c97) [Producer clientId=Producer-topic-bc235faa_2fca_4b4f_9871_a0ffeaad3c97] ProducerId set to 3 with epoch 0
2025-08-20 12:39:59,804 INFO  [io.api.tes.ser.api.KafkaSerdesTester] (ForkJoinPool.commonPool-worker-2) Sending message {"bar": "value-1"} to topic topic-bc235faa_2fca_4b4f_9871_a0ffeaad3c97
2025-08-20 12:39:59,806 INFO  [io.api.tes.ser.api.KafkaSerdesTester] (ForkJoinPool.commonPool-worker-2) Sending message {"bar": "value-2"} to topic topic-bc235faa_2fca_4b4f_9871_a0ffeaad3c97
2025-08-20 12:39:59,808 INFO  [io.api.tes.ser.api.KafkaSerdesTester] (ForkJoinPool.commonPool-worker-2) Sending message {"bar": "value-3"} to topic topic-bc235faa_2fca_4b4f_9871_a0ffeaad3c97
2025-08-20 12:39:59,810 INFO  [io.api.tes.ser.api.KafkaSerdesTester] (ForkJoinPool.commonPool-worker-2) Sending message {"bar": "value-4"} to topic topic-bc235faa_2fca_4b4f_9871_a0ffeaad3c97
2025-08-20 12:39:59,811 INFO  [io.api.tes.ser.api.KafkaSerdesTester] (ForkJoinPool.commonPool-worker-2) Sending message {"bar": "value-5"} to topic topic-bc235faa_2fca_4b4f_9871_a0ffeaad3c97
2025-08-20 12:39:59,813 INFO  [io.api.tes.ser.api.KafkaSerdesTester] (ForkJoinPool.commonPool-worker-2) Sending message {"bar": "value-6"} to topic topic-bc235faa_2fca_4b4f_9871_a0ffeaad3c97
2025-08-20 12:39:59,815 INFO  [io.api.tes.ser.api.KafkaSerdesTester] (ForkJoinPool.commonPool-worker-2) Sending message {"bar": "value-7"} to topic topic-bc235faa_2fca_4b4f_9871_a0ffeaad3c97
2025-08-20 12:39:59,817 INFO  [io.api.tes.ser.api.KafkaSerdesTester] (ForkJoinPool.commonPool-worker-2) Sending message {"bar": "value-8"} to topic topic-bc235faa_2fca_4b4f_9871_a0ffeaad3c97
2025-08-20 12:39:59,819 INFO  [io.api.tes.ser.api.KafkaSerdesTester] (ForkJoinPool.commonPool-worker-2) Sending message {"bar": "value-9"} to topic topic-bc235faa_2fca_4b4f_9871_a0ffeaad3c97
2025-08-20 12:39:59,821 INFO  [io.api.tes.ser.api.KafkaSerdesTester] (ForkJoinPool.commonPool-worker-2) Produced 10 messages
2025-08-20 12:39:59,821 INFO  [org.apa.kaf.cli.pro.KafkaProducer] (ForkJoinPool.commonPool-worker-2) [Producer clientId=Producer-topic-bc235faa_2fca_4b4f_9871_a0ffeaad3c97] Closing the Kafka producer with timeoutMillis = 9223372036854775807 ms.
2025-08-20 12:39:59,823 INFO  [org.apa.kaf.com.met.Metrics] (ForkJoinPool.commonPool-worker-2) Metrics scheduler closed
2025-08-20 12:39:59,823 INFO  [org.apa.kaf.com.met.Metrics] (ForkJoinPool.commonPool-worker-2) Closing reporter org.apache.kafka.common.metrics.JmxReporter
2025-08-20 12:39:59,823 INFO  [org.apa.kaf.com.met.Metrics] (ForkJoinPool.commonPool-worker-2) Closing reporter org.apache.kafka.common.telemetry.internals.ClientTelemetryReporter
2025-08-20 12:39:59,823 INFO  [org.apa.kaf.com.met.Metrics] (ForkJoinPool.commonPool-worker-2) Metrics reporters closed
2025-08-20 12:39:59,824 INFO  [org.apa.kaf.com.uti.AppInfoParser] (ForkJoinPool.commonPool-worker-2) App info kafka.producer for Producer-topic-bc235faa_2fca_4b4f_9871_a0ffeaad3c97 unregistered
**** Registry Base URL: http://registry-app-mysql.apps.ci419.apicurio-testing.org:80
2025-08-20 12:39:59,993 INFO  [org.apa.kaf.cli.con.ConsumerConfig] (main) ConsumerConfig values: 
	allow.auto.create.topics = true
	auto.commit.interval.ms = 500
	auto.include.jmx.reporter = true
	auto.offset.reset = earliest
	bootstrap.servers = [PLAINTEXT://localhost:32769]
	check.crcs = true
	client.dns.lookup = use_all_dns_ips
	client.id = consumer-Consumer-topic-bc235faa_2fca_4b4f_9871_a0ffeaad3c97-3
	client.rack = 
	connections.max.idle.ms = 10000
	default.api.timeout.ms = 60000
	enable.auto.commit = true
	enable.metrics.push = true
	exclude.internal.topics = true
	fetch.max.bytes = 52428800
	fetch.max.wait.ms = 500
	fetch.min.bytes = 1
	group.id = Consumer-topic-bc235faa_2fca_4b4f_9871_a0ffeaad3c97
	group.instance.id = null
	group.protocol = classic
	group.remote.assignor = null
	heartbeat.interval.ms = 3000
	interceptor.classes = []
	internal.leave.group.on.close = true
	internal.throw.on.fetch.stable.offset.unsupported = false
	isolation.level = read_uncommitted
	key.deserializer = class org.apache.kafka.common.serialization.StringDeserializer
	max.partition.fetch.bytes = 1048576
	max.poll.interval.ms = 300000
	max.poll.records = 500
	metadata.max.age.ms = 300000
	metadata.recovery.strategy = none
	metric.reporters = []
	metrics.num.samples = 2
	metrics.recording.level = INFO
	metrics.sample.window.ms = 30000
	partition.assignment.strategy = [class org.apache.kafka.clients.consumer.RangeAssignor, class org.apache.kafka.clients.consumer.CooperativeStickyAssignor]
	receive.buffer.bytes = 65536
	reconnect.backoff.max.ms = 1000
	reconnect.backoff.ms = 50
	request.timeout.ms = 5000
	retry.backoff.max.ms = 1000
	retry.backoff.ms = 100
	sasl.client.callback.handler.class = null
	sasl.jaas.config = null
	sasl.kerberos.kinit.cmd = /usr/bin/kinit
	sasl.kerberos.min.time.before.relogin = 60000
	sasl.kerberos.service.name = null
	sasl.kerberos.ticket.renew.jitter = 0.05
	sasl.kerberos.ticket.renew.window.factor = 0.8
	sasl.login.callback.handler.class = null
	sasl.login.class = null
	sasl.login.connect.timeout.ms = null
	sasl.login.read.timeout.ms = null
	sasl.login.refresh.buffer.seconds = 300
	sasl.login.refresh.min.period.seconds = 60
	sasl.login.refresh.window.factor = 0.8
	sasl.login.refresh.window.jitter = 0.05
	sasl.login.retry.backoff.max.ms = 10000
	sasl.login.retry.backoff.ms = 100
	sasl.mechanism = GSSAPI
	sasl.oauthbearer.clock.skew.seconds = 30
	sasl.oauthbearer.expected.audience = null
	sasl.oauthbearer.expected.issuer = null
	sasl.oauthbearer.header.urlencode = false
	sasl.oauthbearer.jwks.endpoint.refresh.ms = 3600000
	sasl.oauthbearer.jwks.endpoint.retry.backoff.max.ms = 10000
	sasl.oauthbearer.jwks.endpoint.retry.backoff.ms = 100
	sasl.oauthbearer.jwks.endpoint.url = null
	sasl.oauthbearer.scope.claim.name = scope
	sasl.oauthbearer.sub.claim.name = sub
	sasl.oauthbearer.token.endpoint.url = null
	security.protocol = PLAINTEXT
	security.providers = null
	send.buffer.bytes = 131072
	session.timeout.ms = 45000
	socket.connection.setup.timeout.max.ms = 30000
	socket.connection.setup.timeout.ms = 10000
	ssl.cipher.suites = null
	ssl.enabled.protocols = [TLSv1.2, TLSv1.3]
	ssl.endpoint.identification.algorithm = https
	ssl.engine.factory.class = null
	ssl.key.password = null
	ssl.keymanager.algorithm = SunX509
	ssl.keystore.certificate.chain = null
	ssl.keystore.key = null
	ssl.keystore.location = null
	ssl.keystore.password = null
	ssl.keystore.type = JKS
	ssl.protocol = TLSv1.3
	ssl.provider = null
	ssl.secure.random.implementation = null
	ssl.trustmanager.algorithm = PKIX
	ssl.truststore.certificates = null
	ssl.truststore.location = null
	ssl.truststore.password = null
	ssl.truststore.type = JKS
	value.deserializer = class io.apicurio.registry.serde.avro.AvroKafkaDeserializer

2025-08-20 12:39:59,993 INFO  [org.apa.kaf.com.tel.int.KafkaMetricsCollector] (main) initializing Kafka metrics collector
2025-08-20 12:39:59,999 INFO  [org.apa.kaf.cli.con.ConsumerConfig] (main) These configurations '[apicurio.registry.avro.encoding, apicurio.registry.url]' were supplied but are not used yet.
2025-08-20 12:39:59,999 INFO  [org.apa.kaf.com.uti.AppInfoParser] (main) Kafka version: 3.9.1
2025-08-20 12:39:59,999 INFO  [org.apa.kaf.com.uti.AppInfoParser] (main) Kafka commitId: f745dfdcee2b9851
2025-08-20 12:39:59,999 INFO  [org.apa.kaf.com.uti.AppInfoParser] (main) Kafka startTimeMs: 1755693599999
2025-08-20 12:40:00,000 INFO  [org.apa.kaf.cli.con.int.ClassicKafkaConsumer] (ForkJoinPool.commonPool-worker-2) [Consumer clientId=consumer-Consumer-topic-bc235faa_2fca_4b4f_9871_a0ffeaad3c97-3, groupId=Consumer-topic-bc235faa_2fca_4b4f_9871_a0ffeaad3c97] Subscribed to topic(s): topic-bc235faa_2fca_4b4f_9871_a0ffeaad3c97
2025-08-20 12:40:00,004 INFO  [org.apa.kaf.cli.Metadata] (ForkJoinPool.commonPool-worker-2) [Consumer clientId=consumer-Consumer-topic-bc235faa_2fca_4b4f_9871_a0ffeaad3c97-3, groupId=Consumer-topic-bc235faa_2fca_4b4f_9871_a0ffeaad3c97] Cluster ID: w67HKo3KT1qYVnubU-PiPQ
2025-08-20 12:40:00,005 INFO  [org.apa.kaf.cli.con.int.ConsumerCoordinator] (ForkJoinPool.commonPool-worker-2) [Consumer clientId=consumer-Consumer-topic-bc235faa_2fca_4b4f_9871_a0ffeaad3c97-3, groupId=Consumer-topic-bc235faa_2fca_4b4f_9871_a0ffeaad3c97] Discovered group coordinator localhost:32769 (id: 2147483647 rack: null)
2025-08-20 12:40:00,006 INFO  [org.apa.kaf.cli.con.int.ConsumerCoordinator] (ForkJoinPool.commonPool-worker-2) [Consumer clientId=consumer-Consumer-topic-bc235faa_2fca_4b4f_9871_a0ffeaad3c97-3, groupId=Consumer-topic-bc235faa_2fca_4b4f_9871_a0ffeaad3c97] (Re-)joining group
2025-08-20 12:40:00,009 INFO  [org.apa.kaf.cli.con.int.ConsumerCoordinator] (ForkJoinPool.commonPool-worker-2) [Consumer clientId=consumer-Consumer-topic-bc235faa_2fca_4b4f_9871_a0ffeaad3c97-3, groupId=Consumer-topic-bc235faa_2fca_4b4f_9871_a0ffeaad3c97] Request joining group due to: need to re-join with the given member-id: consumer-Consumer-topic-bc235faa_2fca_4b4f_9871_a0ffeaad3c97-3-3e88ac7f-95dc-4b13-8571-433c700df184
2025-08-20 12:40:00,009 INFO  [org.apa.kaf.cli.con.int.ConsumerCoordinator] (ForkJoinPool.commonPool-worker-2) [Consumer clientId=consumer-Consumer-topic-bc235faa_2fca_4b4f_9871_a0ffeaad3c97-3, groupId=Consumer-topic-bc235faa_2fca_4b4f_9871_a0ffeaad3c97] (Re-)joining group
2025-08-20 12:40:01,000 INFO  [io.api.tes.ser.api.KafkaSerdesTester] (ForkJoinPool.commonPool-worker-2) None found
2025-08-20 12:40:02,000 INFO  [io.api.tes.ser.api.KafkaSerdesTester] (ForkJoinPool.commonPool-worker-2) None found
2025-08-20 12:40:03,000 INFO  [io.api.tes.ser.api.KafkaSerdesTester] (ForkJoinPool.commonPool-worker-2) None found
2025-08-20 12:40:03,011 INFO  [org.apa.kaf.cli.con.int.ConsumerCoordinator] (ForkJoinPool.commonPool-worker-2) [Consumer clientId=consumer-Consumer-topic-bc235faa_2fca_4b4f_9871_a0ffeaad3c97-3, groupId=Consumer-topic-bc235faa_2fca_4b4f_9871_a0ffeaad3c97] Successfully joined group with generation Generation{generationId=1, memberId='consumer-Consumer-topic-bc235faa_2fca_4b4f_9871_a0ffeaad3c97-3-3e88ac7f-95dc-4b13-8571-433c700df184', protocol='range'}
2025-08-20 12:40:03,011 INFO  [org.apa.kaf.cli.con.int.ConsumerCoordinator] (ForkJoinPool.commonPool-worker-2) [Consumer clientId=consumer-Consumer-topic-bc235faa_2fca_4b4f_9871_a0ffeaad3c97-3, groupId=Consumer-topic-bc235faa_2fca_4b4f_9871_a0ffeaad3c97] Finished assignment for group at generation 1: {consumer-Consumer-topic-bc235faa_2fca_4b4f_9871_a0ffeaad3c97-3-3e88ac7f-95dc-4b13-8571-433c700df184=Assignment(partitions=[topic-bc235faa_2fca_4b4f_9871_a0ffeaad3c97-0])}
2025-08-20 12:40:03,018 INFO  [org.apa.kaf.cli.con.int.ConsumerCoordinator] (ForkJoinPool.commonPool-worker-2) [Consumer clientId=consumer-Consumer-topic-bc235faa_2fca_4b4f_9871_a0ffeaad3c97-3, groupId=Consumer-topic-bc235faa_2fca_4b4f_9871_a0ffeaad3c97] Successfully synced group in generation Generation{generationId=1, memberId='consumer-Consumer-topic-bc235faa_2fca_4b4f_9871_a0ffeaad3c97-3-3e88ac7f-95dc-4b13-8571-433c700df184', protocol='range'}
2025-08-20 12:40:03,018 INFO  [org.apa.kaf.cli.con.int.ConsumerCoordinator] (ForkJoinPool.commonPool-worker-2) [Consumer clientId=consumer-Consumer-topic-bc235faa_2fca_4b4f_9871_a0ffeaad3c97-3, groupId=Consumer-topic-bc235faa_2fca_4b4f_9871_a0ffeaad3c97] Notifying assignor about the new Assignment(partitions=[topic-bc235faa_2fca_4b4f_9871_a0ffeaad3c97-0])
2025-08-20 12:40:03,018 INFO  [org.apa.kaf.cli.con.int.ConsumerRebalanceListenerInvoker] (ForkJoinPool.commonPool-worker-2) [Consumer clientId=consumer-Consumer-topic-bc235faa_2fca_4b4f_9871_a0ffeaad3c97-3, groupId=Consumer-topic-bc235faa_2fca_4b4f_9871_a0ffeaad3c97] Adding newly assigned partitions: topic-bc235faa_2fca_4b4f_9871_a0ffeaad3c97-0
2025-08-20 12:40:03,020 INFO  [org.apa.kaf.cli.con.int.ConsumerCoordinator] (ForkJoinPool.commonPool-worker-2) [Consumer clientId=consumer-Consumer-topic-bc235faa_2fca_4b4f_9871_a0ffeaad3c97-3, groupId=Consumer-topic-bc235faa_2fca_4b4f_9871_a0ffeaad3c97] Found no committed offset for partition topic-bc235faa_2fca_4b4f_9871_a0ffeaad3c97-0
2025-08-20 12:40:03,025 INFO  [org.apa.kaf.cli.con.int.SubscriptionState] (ForkJoinPool.commonPool-worker-2) [Consumer clientId=consumer-Consumer-topic-bc235faa_2fca_4b4f_9871_a0ffeaad3c97-3, groupId=Consumer-topic-bc235faa_2fca_4b4f_9871_a0ffeaad3c97] Resetting offset for partition topic-bc235faa_2fca_4b4f_9871_a0ffeaad3c97-0 to position FetchPosition{offset=0, offsetEpoch=Optional.empty, currentLeader=LeaderAndEpoch{leader=Optional[localhost:32769 (id: 0 rack: null)], epoch=0}}.
2025-08-20 12:40:03,263 INFO  [io.api.tes.ser.api.KafkaSerdesTester] (ForkJoinPool.commonPool-worker-2) topic-bc235faa_2fca_4b4f_9871_a0ffeaad3c97 0 0 {"bar": "value-0"}
2025-08-20 12:40:03,263 INFO  [io.api.tes.ser.api.KafkaSerdesTester] (ForkJoinPool.commonPool-worker-2) topic-bc235faa_2fca_4b4f_9871_a0ffeaad3c97 0 1 {"bar": "value-1"}
2025-08-20 12:40:03,263 INFO  [io.api.tes.ser.api.KafkaSerdesTester] (ForkJoinPool.commonPool-worker-2) topic-bc235faa_2fca_4b4f_9871_a0ffeaad3c97 0 2 {"bar": "value-2"}
2025-08-20 12:40:03,263 INFO  [io.api.tes.ser.api.KafkaSerdesTester] (ForkJoinPool.commonPool-worker-2) topic-bc235faa_2fca_4b4f_9871_a0ffeaad3c97 0 3 {"bar": "value-3"}
2025-08-20 12:40:03,264 INFO  [io.api.tes.ser.api.KafkaSerdesTester] (ForkJoinPool.commonPool-worker-2) topic-bc235faa_2fca_4b4f_9871_a0ffeaad3c97 0 4 {"bar": "value-4"}
2025-08-20 12:40:03,264 INFO  [io.api.tes.ser.api.KafkaSerdesTester] (ForkJoinPool.commonPool-worker-2) topic-bc235faa_2fca_4b4f_9871_a0ffeaad3c97 0 5 {"bar": "value-5"}
2025-08-20 12:40:03,264 INFO  [io.api.tes.ser.api.KafkaSerdesTester] (ForkJoinPool.commonPool-worker-2) topic-bc235faa_2fca_4b4f_9871_a0ffeaad3c97 0 6 {"bar": "value-6"}
2025-08-20 12:40:03,264 INFO  [io.api.tes.ser.api.KafkaSerdesTester] (ForkJoinPool.commonPool-worker-2) topic-bc235faa_2fca_4b4f_9871_a0ffeaad3c97 0 7 {"bar": "value-7"}
2025-08-20 12:40:03,264 INFO  [io.api.tes.ser.api.KafkaSerdesTester] (ForkJoinPool.commonPool-worker-2) topic-bc235faa_2fca_4b4f_9871_a0ffeaad3c97 0 8 {"bar": "value-8"}
2025-08-20 12:40:03,264 INFO  [io.api.tes.ser.api.KafkaSerdesTester] (ForkJoinPool.commonPool-worker-2) topic-bc235faa_2fca_4b4f_9871_a0ffeaad3c97 0 9 {"bar": "value-9"}
2025-08-20 12:40:03,264 INFO  [io.api.tes.ser.api.KafkaSerdesTester] (ForkJoinPool.commonPool-worker-2) Consumed 10 messages
2025-08-20 12:40:03,271 INFO  [org.apa.kaf.cli.con.int.ConsumerRebalanceListenerInvoker] (ForkJoinPool.commonPool-worker-2) [Consumer clientId=consumer-Consumer-topic-bc235faa_2fca_4b4f_9871_a0ffeaad3c97-3, groupId=Consumer-topic-bc235faa_2fca_4b4f_9871_a0ffeaad3c97] Revoke previously assigned partitions topic-bc235faa_2fca_4b4f_9871_a0ffeaad3c97-0
2025-08-20 12:40:03,271 INFO  [org.apa.kaf.cli.con.int.ConsumerCoordinator] (ForkJoinPool.commonPool-worker-2) [Consumer clientId=consumer-Consumer-topic-bc235faa_2fca_4b4f_9871_a0ffeaad3c97-3, groupId=Consumer-topic-bc235faa_2fca_4b4f_9871_a0ffeaad3c97] Member consumer-Consumer-topic-bc235faa_2fca_4b4f_9871_a0ffeaad3c97-3-3e88ac7f-95dc-4b13-8571-433c700df184 sending LeaveGroup request to coordinator localhost:32769 (id: 2147483647 rack: null) due to the consumer is being closed
2025-08-20 12:40:03,272 INFO  [org.apa.kaf.cli.con.int.ConsumerCoordinator] (ForkJoinPool.commonPool-worker-2) [Consumer clientId=consumer-Consumer-topic-bc235faa_2fca_4b4f_9871_a0ffeaad3c97-3, groupId=Consumer-topic-bc235faa_2fca_4b4f_9871_a0ffeaad3c97] Resetting generation and member id due to: consumer pro-actively leaving the group
2025-08-20 12:40:03,272 INFO  [org.apa.kaf.cli.con.int.ConsumerCoordinator] (ForkJoinPool.commonPool-worker-2) [Consumer clientId=consumer-Consumer-topic-bc235faa_2fca_4b4f_9871_a0ffeaad3c97-3, groupId=Consumer-topic-bc235faa_2fca_4b4f_9871_a0ffeaad3c97] Request joining group due to: consumer pro-actively leaving the group
2025-08-20 12:40:03,766 INFO  [org.apa.kaf.com.met.Metrics] (ForkJoinPool.commonPool-worker-2) Metrics scheduler closed
2025-08-20 12:40:03,766 INFO  [org.apa.kaf.com.met.Metrics] (ForkJoinPool.commonPool-worker-2) Closing reporter org.apache.kafka.common.metrics.JmxReporter
2025-08-20 12:40:03,766 INFO  [org.apa.kaf.com.met.Metrics] (ForkJoinPool.commonPool-worker-2) Closing reporter org.apache.kafka.common.telemetry.internals.ClientTelemetryReporter
2025-08-20 12:40:03,766 INFO  [org.apa.kaf.com.met.Metrics] (ForkJoinPool.commonPool-worker-2) Metrics reporters closed
2025-08-20 12:40:03,768 INFO  [org.apa.kaf.com.uti.AppInfoParser] (ForkJoinPool.commonPool-worker-2) App info kafka.consumer for consumer-Consumer-topic-bc235faa_2fca_4b4f_9871_a0ffeaad3c97-3 unregistered
2025-08-20 12:40:03,769 INFO  [io.api.tes.uti.TestSeparator] (main) io.apicurio.tests.serdes.apicurio.AvroSerdeIT.testAvroJSON-FINISHED
2025-08-20 12:40:03,769 INFO  [io.api.tes.uti.TestSeparator] (main) ############################################################################
Test passed: testAvroJSON
]]></system-out>
  </testcase>
  <testcase name="testTopicIdStrategyAutoRegister" classname="io.apicurio.tests.serdes.apicurio.AvroSerdeIT" time="4.509">
    <system-out><![CDATA[2025-08-20 12:40:03,770 INFO  [io.api.tes.uti.TestSeparator] (main) ############################################################################
2025-08-20 12:40:03,770 INFO  [io.api.tes.uti.TestSeparator] (main) io.apicurio.tests.serdes.apicurio.AvroSerdeIT.testTopicIdStrategyAutoRegister-STARTED
**** Registry Base URL: http://registry-app-mysql.apps.ci419.apicurio-testing.org:80
2025-08-20 12:40:03,775 INFO  [org.apa.kaf.cli.pro.ProducerConfig] (main) ProducerConfig values: 
	acks = -1
	auto.include.jmx.reporter = true
	batch.size = 16384
	bootstrap.servers = [PLAINTEXT://localhost:32769]
	buffer.memory = 33554432
	client.dns.lookup = use_all_dns_ips
	client.id = Producer-topic-78ce4151_f471_4d72_9c63_f92d42cabd2f
	compression.gzip.level = -1
	compression.lz4.level = 9
	compression.type = none
	compression.zstd.level = 3
	connections.max.idle.ms = 10000
	delivery.timeout.ms = 120000
	enable.idempotence = true
	enable.metrics.push = true
	interceptor.classes = []
	key.serializer = class org.apache.kafka.common.serialization.StringSerializer
	linger.ms = 0
	max.block.ms = 60000
	max.in.flight.requests.per.connection = 5
	max.request.size = 1048576
	metadata.max.age.ms = 300000
	metadata.max.idle.ms = 300000
	metadata.recovery.strategy = none
	metric.reporters = []
	metrics.num.samples = 2
	metrics.recording.level = INFO
	metrics.sample.window.ms = 30000
	partitioner.adaptive.partitioning.enable = true
	partitioner.availability.timeout.ms = 0
	partitioner.class = null
	partitioner.ignore.keys = false
	receive.buffer.bytes = 32768
	reconnect.backoff.max.ms = 1000
	reconnect.backoff.ms = 50
	request.timeout.ms = 5000
	retries = 2147483647
	retry.backoff.max.ms = 1000
	retry.backoff.ms = 100
	sasl.client.callback.handler.class = null
	sasl.jaas.config = null
	sasl.kerberos.kinit.cmd = /usr/bin/kinit
	sasl.kerberos.min.time.before.relogin = 60000
	sasl.kerberos.service.name = null
	sasl.kerberos.ticket.renew.jitter = 0.05
	sasl.kerberos.ticket.renew.window.factor = 0.8
	sasl.login.callback.handler.class = null
	sasl.login.class = null
	sasl.login.connect.timeout.ms = null
	sasl.login.read.timeout.ms = null
	sasl.login.refresh.buffer.seconds = 300
	sasl.login.refresh.min.period.seconds = 60
	sasl.login.refresh.window.factor = 0.8
	sasl.login.refresh.window.jitter = 0.05
	sasl.login.retry.backoff.max.ms = 10000
	sasl.login.retry.backoff.ms = 100
	sasl.mechanism = GSSAPI
	sasl.oauthbearer.clock.skew.seconds = 30
	sasl.oauthbearer.expected.audience = null
	sasl.oauthbearer.expected.issuer = null
	sasl.oauthbearer.header.urlencode = false
	sasl.oauthbearer.jwks.endpoint.refresh.ms = 3600000
	sasl.oauthbearer.jwks.endpoint.retry.backoff.max.ms = 10000
	sasl.oauthbearer.jwks.endpoint.retry.backoff.ms = 100
	sasl.oauthbearer.jwks.endpoint.url = null
	sasl.oauthbearer.scope.claim.name = scope
	sasl.oauthbearer.sub.claim.name = sub
	sasl.oauthbearer.token.endpoint.url = null
	security.protocol = PLAINTEXT
	security.providers = null
	send.buffer.bytes = 131072
	socket.connection.setup.timeout.max.ms = 30000
	socket.connection.setup.timeout.ms = 10000
	ssl.cipher.suites = null
	ssl.enabled.protocols = [TLSv1.2, TLSv1.3]
	ssl.endpoint.identification.algorithm = https
	ssl.engine.factory.class = null
	ssl.key.password = null
	ssl.keymanager.algorithm = SunX509
	ssl.keystore.certificate.chain = null
	ssl.keystore.key = null
	ssl.keystore.location = null
	ssl.keystore.password = null
	ssl.keystore.type = JKS
	ssl.protocol = TLSv1.3
	ssl.provider = null
	ssl.secure.random.implementation = null
	ssl.trustmanager.algorithm = PKIX
	ssl.truststore.certificates = null
	ssl.truststore.location = null
	ssl.truststore.password = null
	ssl.truststore.type = JKS
	transaction.timeout.ms = 60000
	transactional.id = null
	value.serializer = class io.apicurio.registry.serde.avro.AvroKafkaSerializer

2025-08-20 12:40:03,775 INFO  [org.apa.kaf.com.tel.int.KafkaMetricsCollector] (main) initializing Kafka metrics collector
2025-08-20 12:40:03,779 INFO  [org.apa.kaf.cli.pro.KafkaProducer] (main) [Producer clientId=Producer-topic-78ce4151_f471_4d72_9c63_f92d42cabd2f] Instantiated an idempotent producer.
2025-08-20 12:40:03,781 INFO  [org.apa.kaf.cli.pro.ProducerConfig] (main) These configurations '[apicurio.registry.url, apicurio.registry.auto-register, apicurio.registry.artifact-resolver-strategy]' were supplied but are not used yet.
2025-08-20 12:40:03,782 INFO  [org.apa.kaf.com.uti.AppInfoParser] (main) Kafka version: 3.9.1
2025-08-20 12:40:03,782 INFO  [org.apa.kaf.com.uti.AppInfoParser] (main) Kafka commitId: f745dfdcee2b9851
2025-08-20 12:40:03,782 INFO  [org.apa.kaf.com.uti.AppInfoParser] (main) Kafka startTimeMs: 1755693603782
2025-08-20 12:40:03,782 INFO  [io.api.tes.ser.api.SimpleSerdesTesterBuilder$SimpleSerdesTester] (main) Using producer configuration: {apicurio.registry.url=http://registry-app-mysql.apps.ci419.apicurio-testing.org:80/apis/registry/v3, apicurio.registry.auto-register=true, apicurio.registry.artifact-resolver-strategy=io.apicurio.registry.serde.strategy.TopicIdStrategy, value.serializer=io.apicurio.registry.serde.avro.AvroKafkaSerializer, request.timeout.ms=5000, acks=all, bootstrap.servers=PLAINTEXT://localhost:32769, connections.max.idle.ms=10000, key.serializer=org.apache.kafka.common.serialization.StringSerializer, client.id=Producer-topic-78ce4151_f471_4d72_9c63_f92d42cabd2f}
2025-08-20 12:40:03,782 INFO  [io.api.tes.ser.api.SimpleSerdesTesterBuilder$SimpleSerdesTester] (main) Using consumer configuration: {}
2025-08-20 12:40:03,782 INFO  [io.api.tes.ser.api.KafkaSerdesTester] (ForkJoinPool.commonPool-worker-2) Sending message {"key11755693603771": "value-0"} to topic topic-78ce4151_f471_4d72_9c63_f92d42cabd2f
2025-08-20 12:40:03,785 WARN  [org.apa.kaf.cli.NetworkClient] (kafka-producer-network-thread | Producer-topic-78ce4151_f471_4d72_9c63_f92d42cabd2f) [Producer clientId=Producer-topic-78ce4151_f471_4d72_9c63_f92d42cabd2f] The metadata response from the cluster reported a recoverable issue with correlation id 1 : {topic-78ce4151_f471_4d72_9c63_f92d42cabd2f=UNKNOWN_TOPIC_OR_PARTITION}
2025-08-20 12:40:03,785 INFO  [org.apa.kaf.cli.Metadata] (kafka-producer-network-thread | Producer-topic-78ce4151_f471_4d72_9c63_f92d42cabd2f) [Producer clientId=Producer-topic-78ce4151_f471_4d72_9c63_f92d42cabd2f] Cluster ID: w67HKo3KT1qYVnubU-PiPQ
2025-08-20 12:40:03,786 INFO  [org.apa.kaf.cli.pro.int.TransactionManager] (kafka-producer-network-thread | Producer-topic-78ce4151_f471_4d72_9c63_f92d42cabd2f) [Producer clientId=Producer-topic-78ce4151_f471_4d72_9c63_f92d42cabd2f] ProducerId set to 4 with epoch 0
2025-08-20 12:40:04,135 INFO  [io.api.tes.ser.api.KafkaSerdesTester] (ForkJoinPool.commonPool-worker-2) Sending message {"key11755693603771": "value-1"} to topic topic-78ce4151_f471_4d72_9c63_f92d42cabd2f
2025-08-20 12:40:04,136 INFO  [io.api.tes.ser.api.KafkaSerdesTester] (ForkJoinPool.commonPool-worker-2) Sending message {"key11755693603771": "value-2"} to topic topic-78ce4151_f471_4d72_9c63_f92d42cabd2f
2025-08-20 12:40:04,138 INFO  [io.api.tes.ser.api.KafkaSerdesTester] (ForkJoinPool.commonPool-worker-2) Sending message {"key11755693603771": "value-3"} to topic topic-78ce4151_f471_4d72_9c63_f92d42cabd2f
2025-08-20 12:40:04,139 INFO  [io.api.tes.ser.api.KafkaSerdesTester] (ForkJoinPool.commonPool-worker-2) Sending message {"key11755693603771": "value-4"} to topic topic-78ce4151_f471_4d72_9c63_f92d42cabd2f
2025-08-20 12:40:04,141 INFO  [io.api.tes.ser.api.KafkaSerdesTester] (ForkJoinPool.commonPool-worker-2) Sending message {"key11755693603771": "value-5"} to topic topic-78ce4151_f471_4d72_9c63_f92d42cabd2f
2025-08-20 12:40:04,142 INFO  [io.api.tes.ser.api.KafkaSerdesTester] (ForkJoinPool.commonPool-worker-2) Sending message {"key11755693603771": "value-6"} to topic topic-78ce4151_f471_4d72_9c63_f92d42cabd2f
2025-08-20 12:40:04,143 INFO  [io.api.tes.ser.api.KafkaSerdesTester] (ForkJoinPool.commonPool-worker-2) Sending message {"key11755693603771": "value-7"} to topic topic-78ce4151_f471_4d72_9c63_f92d42cabd2f
2025-08-20 12:40:04,145 INFO  [io.api.tes.ser.api.KafkaSerdesTester] (ForkJoinPool.commonPool-worker-2) Sending message {"key11755693603771": "value-8"} to topic topic-78ce4151_f471_4d72_9c63_f92d42cabd2f
2025-08-20 12:40:04,147 INFO  [io.api.tes.ser.api.KafkaSerdesTester] (ForkJoinPool.commonPool-worker-2) Sending message {"key11755693603771": "value-9"} to topic topic-78ce4151_f471_4d72_9c63_f92d42cabd2f
2025-08-20 12:40:04,148 INFO  [io.api.tes.ser.api.KafkaSerdesTester] (ForkJoinPool.commonPool-worker-2) Produced 10 messages
2025-08-20 12:40:04,149 INFO  [org.apa.kaf.cli.pro.KafkaProducer] (ForkJoinPool.commonPool-worker-2) [Producer clientId=Producer-topic-78ce4151_f471_4d72_9c63_f92d42cabd2f] Closing the Kafka producer with timeoutMillis = 9223372036854775807 ms.
2025-08-20 12:40:04,150 INFO  [org.apa.kaf.com.met.Metrics] (ForkJoinPool.commonPool-worker-2) Metrics scheduler closed
2025-08-20 12:40:04,150 INFO  [org.apa.kaf.com.met.Metrics] (ForkJoinPool.commonPool-worker-2) Closing reporter org.apache.kafka.common.metrics.JmxReporter
2025-08-20 12:40:04,150 INFO  [org.apa.kaf.com.met.Metrics] (ForkJoinPool.commonPool-worker-2) Closing reporter org.apache.kafka.common.telemetry.internals.ClientTelemetryReporter
2025-08-20 12:40:04,150 INFO  [org.apa.kaf.com.met.Metrics] (ForkJoinPool.commonPool-worker-2) Metrics reporters closed
2025-08-20 12:40:04,151 INFO  [org.apa.kaf.com.uti.AppInfoParser] (ForkJoinPool.commonPool-worker-2) App info kafka.producer for Producer-topic-78ce4151_f471_4d72_9c63_f92d42cabd2f unregistered
**** Registry Base URL: http://registry-app-mysql.apps.ci419.apicurio-testing.org:80
2025-08-20 12:40:04,330 INFO  [org.apa.kaf.cli.con.ConsumerConfig] (main) ConsumerConfig values: 
	allow.auto.create.topics = true
	auto.commit.interval.ms = 500
	auto.include.jmx.reporter = true
	auto.offset.reset = earliest
	bootstrap.servers = [PLAINTEXT://localhost:32769]
	check.crcs = true
	client.dns.lookup = use_all_dns_ips
	client.id = consumer-Consumer-topic-78ce4151_f471_4d72_9c63_f92d42cabd2f-4
	client.rack = 
	connections.max.idle.ms = 10000
	default.api.timeout.ms = 60000
	enable.auto.commit = true
	enable.metrics.push = true
	exclude.internal.topics = true
	fetch.max.bytes = 52428800
	fetch.max.wait.ms = 500
	fetch.min.bytes = 1
	group.id = Consumer-topic-78ce4151_f471_4d72_9c63_f92d42cabd2f
	group.instance.id = null
	group.protocol = classic
	group.remote.assignor = null
	heartbeat.interval.ms = 3000
	interceptor.classes = []
	internal.leave.group.on.close = true
	internal.throw.on.fetch.stable.offset.unsupported = false
	isolation.level = read_uncommitted
	key.deserializer = class org.apache.kafka.common.serialization.StringDeserializer
	max.partition.fetch.bytes = 1048576
	max.poll.interval.ms = 300000
	max.poll.records = 500
	metadata.max.age.ms = 300000
	metadata.recovery.strategy = none
	metric.reporters = []
	metrics.num.samples = 2
	metrics.recording.level = INFO
	metrics.sample.window.ms = 30000
	partition.assignment.strategy = [class org.apache.kafka.clients.consumer.RangeAssignor, class org.apache.kafka.clients.consumer.CooperativeStickyAssignor]
	receive.buffer.bytes = 65536
	reconnect.backoff.max.ms = 1000
	reconnect.backoff.ms = 50
	request.timeout.ms = 5000
	retry.backoff.max.ms = 1000
	retry.backoff.ms = 100
	sasl.client.callback.handler.class = null
	sasl.jaas.config = null
	sasl.kerberos.kinit.cmd = /usr/bin/kinit
	sasl.kerberos.min.time.before.relogin = 60000
	sasl.kerberos.service.name = null
	sasl.kerberos.ticket.renew.jitter = 0.05
	sasl.kerberos.ticket.renew.window.factor = 0.8
	sasl.login.callback.handler.class = null
	sasl.login.class = null
	sasl.login.connect.timeout.ms = null
	sasl.login.read.timeout.ms = null
	sasl.login.refresh.buffer.seconds = 300
	sasl.login.refresh.min.period.seconds = 60
	sasl.login.refresh.window.factor = 0.8
	sasl.login.refresh.window.jitter = 0.05
	sasl.login.retry.backoff.max.ms = 10000
	sasl.login.retry.backoff.ms = 100
	sasl.mechanism = GSSAPI
	sasl.oauthbearer.clock.skew.seconds = 30
	sasl.oauthbearer.expected.audience = null
	sasl.oauthbearer.expected.issuer = null
	sasl.oauthbearer.header.urlencode = false
	sasl.oauthbearer.jwks.endpoint.refresh.ms = 3600000
	sasl.oauthbearer.jwks.endpoint.retry.backoff.max.ms = 10000
	sasl.oauthbearer.jwks.endpoint.retry.backoff.ms = 100
	sasl.oauthbearer.jwks.endpoint.url = null
	sasl.oauthbearer.scope.claim.name = scope
	sasl.oauthbearer.sub.claim.name = sub
	sasl.oauthbearer.token.endpoint.url = null
	security.protocol = PLAINTEXT
	security.providers = null
	send.buffer.bytes = 131072
	session.timeout.ms = 45000
	socket.connection.setup.timeout.max.ms = 30000
	socket.connection.setup.timeout.ms = 10000
	ssl.cipher.suites = null
	ssl.enabled.protocols = [TLSv1.2, TLSv1.3]
	ssl.endpoint.identification.algorithm = https
	ssl.engine.factory.class = null
	ssl.key.password = null
	ssl.keymanager.algorithm = SunX509
	ssl.keystore.certificate.chain = null
	ssl.keystore.key = null
	ssl.keystore.location = null
	ssl.keystore.password = null
	ssl.keystore.type = JKS
	ssl.protocol = TLSv1.3
	ssl.provider = null
	ssl.secure.random.implementation = null
	ssl.trustmanager.algorithm = PKIX
	ssl.truststore.certificates = null
	ssl.truststore.location = null
	ssl.truststore.password = null
	ssl.truststore.type = JKS
	value.deserializer = class io.apicurio.registry.serde.avro.AvroKafkaDeserializer

2025-08-20 12:40:04,330 INFO  [org.apa.kaf.com.tel.int.KafkaMetricsCollector] (main) initializing Kafka metrics collector
2025-08-20 12:40:04,337 INFO  [org.apa.kaf.cli.con.ConsumerConfig] (main) These configurations '[apicurio.registry.url]' were supplied but are not used yet.
2025-08-20 12:40:04,337 INFO  [org.apa.kaf.com.uti.AppInfoParser] (main) Kafka version: 3.9.1
2025-08-20 12:40:04,337 INFO  [org.apa.kaf.com.uti.AppInfoParser] (main) Kafka commitId: f745dfdcee2b9851
2025-08-20 12:40:04,337 INFO  [org.apa.kaf.com.uti.AppInfoParser] (main) Kafka startTimeMs: 1755693604337
2025-08-20 12:40:04,337 INFO  [org.apa.kaf.cli.con.int.ClassicKafkaConsumer] (ForkJoinPool.commonPool-worker-2) [Consumer clientId=consumer-Consumer-topic-78ce4151_f471_4d72_9c63_f92d42cabd2f-4, groupId=Consumer-topic-78ce4151_f471_4d72_9c63_f92d42cabd2f] Subscribed to topic(s): topic-78ce4151_f471_4d72_9c63_f92d42cabd2f
2025-08-20 12:40:04,341 INFO  [org.apa.kaf.cli.Metadata] (ForkJoinPool.commonPool-worker-2) [Consumer clientId=consumer-Consumer-topic-78ce4151_f471_4d72_9c63_f92d42cabd2f-4, groupId=Consumer-topic-78ce4151_f471_4d72_9c63_f92d42cabd2f] Cluster ID: w67HKo3KT1qYVnubU-PiPQ
2025-08-20 12:40:04,342 INFO  [org.apa.kaf.cli.con.int.ConsumerCoordinator] (ForkJoinPool.commonPool-worker-2) [Consumer clientId=consumer-Consumer-topic-78ce4151_f471_4d72_9c63_f92d42cabd2f-4, groupId=Consumer-topic-78ce4151_f471_4d72_9c63_f92d42cabd2f] Discovered group coordinator localhost:32769 (id: 2147483647 rack: null)
2025-08-20 12:40:04,350 INFO  [org.apa.kaf.cli.con.int.ConsumerCoordinator] (ForkJoinPool.commonPool-worker-2) [Consumer clientId=consumer-Consumer-topic-78ce4151_f471_4d72_9c63_f92d42cabd2f-4, groupId=Consumer-topic-78ce4151_f471_4d72_9c63_f92d42cabd2f] (Re-)joining group
2025-08-20 12:40:04,352 INFO  [org.apa.kaf.cli.con.int.ConsumerCoordinator] (ForkJoinPool.commonPool-worker-2) [Consumer clientId=consumer-Consumer-topic-78ce4151_f471_4d72_9c63_f92d42cabd2f-4, groupId=Consumer-topic-78ce4151_f471_4d72_9c63_f92d42cabd2f] Request joining group due to: need to re-join with the given member-id: consumer-Consumer-topic-78ce4151_f471_4d72_9c63_f92d42cabd2f-4-fc865f54-a5ea-436f-b6b6-787193d5f0d8
2025-08-20 12:40:04,353 INFO  [org.apa.kaf.cli.con.int.ConsumerCoordinator] (ForkJoinPool.commonPool-worker-2) [Consumer clientId=consumer-Consumer-topic-78ce4151_f471_4d72_9c63_f92d42cabd2f-4, groupId=Consumer-topic-78ce4151_f471_4d72_9c63_f92d42cabd2f] (Re-)joining group
2025-08-20 12:40:05,338 INFO  [io.api.tes.ser.api.KafkaSerdesTester] (ForkJoinPool.commonPool-worker-2) None found
2025-08-20 12:40:06,338 INFO  [io.api.tes.ser.api.KafkaSerdesTester] (ForkJoinPool.commonPool-worker-2) None found
2025-08-20 12:40:07,338 INFO  [io.api.tes.ser.api.KafkaSerdesTester] (ForkJoinPool.commonPool-worker-2) None found
2025-08-20 12:40:07,354 INFO  [org.apa.kaf.cli.con.int.ConsumerCoordinator] (ForkJoinPool.commonPool-worker-2) [Consumer clientId=consumer-Consumer-topic-78ce4151_f471_4d72_9c63_f92d42cabd2f-4, groupId=Consumer-topic-78ce4151_f471_4d72_9c63_f92d42cabd2f] Successfully joined group with generation Generation{generationId=1, memberId='consumer-Consumer-topic-78ce4151_f471_4d72_9c63_f92d42cabd2f-4-fc865f54-a5ea-436f-b6b6-787193d5f0d8', protocol='range'}
2025-08-20 12:40:07,355 INFO  [org.apa.kaf.cli.con.int.ConsumerCoordinator] (ForkJoinPool.commonPool-worker-2) [Consumer clientId=consumer-Consumer-topic-78ce4151_f471_4d72_9c63_f92d42cabd2f-4, groupId=Consumer-topic-78ce4151_f471_4d72_9c63_f92d42cabd2f] Finished assignment for group at generation 1: {consumer-Consumer-topic-78ce4151_f471_4d72_9c63_f92d42cabd2f-4-fc865f54-a5ea-436f-b6b6-787193d5f0d8=Assignment(partitions=[topic-78ce4151_f471_4d72_9c63_f92d42cabd2f-0])}
2025-08-20 12:40:07,361 INFO  [org.apa.kaf.cli.con.int.ConsumerCoordinator] (ForkJoinPool.commonPool-worker-2) [Consumer clientId=consumer-Consumer-topic-78ce4151_f471_4d72_9c63_f92d42cabd2f-4, groupId=Consumer-topic-78ce4151_f471_4d72_9c63_f92d42cabd2f] Successfully synced group in generation Generation{generationId=1, memberId='consumer-Consumer-topic-78ce4151_f471_4d72_9c63_f92d42cabd2f-4-fc865f54-a5ea-436f-b6b6-787193d5f0d8', protocol='range'}
2025-08-20 12:40:07,361 INFO  [org.apa.kaf.cli.con.int.ConsumerCoordinator] (ForkJoinPool.commonPool-worker-2) [Consumer clientId=consumer-Consumer-topic-78ce4151_f471_4d72_9c63_f92d42cabd2f-4, groupId=Consumer-topic-78ce4151_f471_4d72_9c63_f92d42cabd2f] Notifying assignor about the new Assignment(partitions=[topic-78ce4151_f471_4d72_9c63_f92d42cabd2f-0])
2025-08-20 12:40:07,361 INFO  [org.apa.kaf.cli.con.int.ConsumerRebalanceListenerInvoker] (ForkJoinPool.commonPool-worker-2) [Consumer clientId=consumer-Consumer-topic-78ce4151_f471_4d72_9c63_f92d42cabd2f-4, groupId=Consumer-topic-78ce4151_f471_4d72_9c63_f92d42cabd2f] Adding newly assigned partitions: topic-78ce4151_f471_4d72_9c63_f92d42cabd2f-0
2025-08-20 12:40:07,362 INFO  [org.apa.kaf.cli.con.int.ConsumerCoordinator] (ForkJoinPool.commonPool-worker-2) [Consumer clientId=consumer-Consumer-topic-78ce4151_f471_4d72_9c63_f92d42cabd2f-4, groupId=Consumer-topic-78ce4151_f471_4d72_9c63_f92d42cabd2f] Found no committed offset for partition topic-78ce4151_f471_4d72_9c63_f92d42cabd2f-0
2025-08-20 12:40:07,365 INFO  [org.apa.kaf.cli.con.int.SubscriptionState] (ForkJoinPool.commonPool-worker-2) [Consumer clientId=consumer-Consumer-topic-78ce4151_f471_4d72_9c63_f92d42cabd2f-4, groupId=Consumer-topic-78ce4151_f471_4d72_9c63_f92d42cabd2f] Resetting offset for partition topic-78ce4151_f471_4d72_9c63_f92d42cabd2f-0 to position FetchPosition{offset=0, offsetEpoch=Optional.empty, currentLeader=LeaderAndEpoch{leader=Optional[localhost:32769 (id: 0 rack: null)], epoch=0}}.
2025-08-20 12:40:07,608 INFO  [io.api.tes.ser.api.KafkaSerdesTester] (ForkJoinPool.commonPool-worker-2) topic-78ce4151_f471_4d72_9c63_f92d42cabd2f 0 0 {"key11755693603771": "value-0"}
2025-08-20 12:40:07,608 INFO  [io.api.tes.ser.api.KafkaSerdesTester] (ForkJoinPool.commonPool-worker-2) topic-78ce4151_f471_4d72_9c63_f92d42cabd2f 0 1 {"key11755693603771": "value-1"}
2025-08-20 12:40:07,608 INFO  [io.api.tes.ser.api.KafkaSerdesTester] (ForkJoinPool.commonPool-worker-2) topic-78ce4151_f471_4d72_9c63_f92d42cabd2f 0 2 {"key11755693603771": "value-2"}
2025-08-20 12:40:07,608 INFO  [io.api.tes.ser.api.KafkaSerdesTester] (ForkJoinPool.commonPool-worker-2) topic-78ce4151_f471_4d72_9c63_f92d42cabd2f 0 3 {"key11755693603771": "value-3"}
2025-08-20 12:40:07,608 INFO  [io.api.tes.ser.api.KafkaSerdesTester] (ForkJoinPool.commonPool-worker-2) topic-78ce4151_f471_4d72_9c63_f92d42cabd2f 0 4 {"key11755693603771": "value-4"}
2025-08-20 12:40:07,608 INFO  [io.api.tes.ser.api.KafkaSerdesTester] (ForkJoinPool.commonPool-worker-2) topic-78ce4151_f471_4d72_9c63_f92d42cabd2f 0 5 {"key11755693603771": "value-5"}
2025-08-20 12:40:07,608 INFO  [io.api.tes.ser.api.KafkaSerdesTester] (ForkJoinPool.commonPool-worker-2) topic-78ce4151_f471_4d72_9c63_f92d42cabd2f 0 6 {"key11755693603771": "value-6"}
2025-08-20 12:40:07,608 INFO  [io.api.tes.ser.api.KafkaSerdesTester] (ForkJoinPool.commonPool-worker-2) topic-78ce4151_f471_4d72_9c63_f92d42cabd2f 0 7 {"key11755693603771": "value-7"}
2025-08-20 12:40:07,608 INFO  [io.api.tes.ser.api.KafkaSerdesTester] (ForkJoinPool.commonPool-worker-2) topic-78ce4151_f471_4d72_9c63_f92d42cabd2f 0 8 {"key11755693603771": "value-8"}
2025-08-20 12:40:07,608 INFO  [io.api.tes.ser.api.KafkaSerdesTester] (ForkJoinPool.commonPool-worker-2) topic-78ce4151_f471_4d72_9c63_f92d42cabd2f 0 9 {"key11755693603771": "value-9"}
2025-08-20 12:40:07,608 INFO  [io.api.tes.ser.api.KafkaSerdesTester] (ForkJoinPool.commonPool-worker-2) Consumed 10 messages
2025-08-20 12:40:07,616 INFO  [org.apa.kaf.cli.con.int.ConsumerRebalanceListenerInvoker] (ForkJoinPool.commonPool-worker-2) [Consumer clientId=consumer-Consumer-topic-78ce4151_f471_4d72_9c63_f92d42cabd2f-4, groupId=Consumer-topic-78ce4151_f471_4d72_9c63_f92d42cabd2f] Revoke previously assigned partitions topic-78ce4151_f471_4d72_9c63_f92d42cabd2f-0
2025-08-20 12:40:07,616 INFO  [org.apa.kaf.cli.con.int.ConsumerCoordinator] (ForkJoinPool.commonPool-worker-2) [Consumer clientId=consumer-Consumer-topic-78ce4151_f471_4d72_9c63_f92d42cabd2f-4, groupId=Consumer-topic-78ce4151_f471_4d72_9c63_f92d42cabd2f] Member consumer-Consumer-topic-78ce4151_f471_4d72_9c63_f92d42cabd2f-4-fc865f54-a5ea-436f-b6b6-787193d5f0d8 sending LeaveGroup request to coordinator localhost:32769 (id: 2147483647 rack: null) due to the consumer is being closed
2025-08-20 12:40:07,616 INFO  [org.apa.kaf.cli.con.int.ConsumerCoordinator] (ForkJoinPool.commonPool-worker-2) [Consumer clientId=consumer-Consumer-topic-78ce4151_f471_4d72_9c63_f92d42cabd2f-4, groupId=Consumer-topic-78ce4151_f471_4d72_9c63_f92d42cabd2f] Resetting generation and member id due to: consumer pro-actively leaving the group
2025-08-20 12:40:07,616 INFO  [org.apa.kaf.cli.con.int.ConsumerCoordinator] (ForkJoinPool.commonPool-worker-2) [Consumer clientId=consumer-Consumer-topic-78ce4151_f471_4d72_9c63_f92d42cabd2f-4, groupId=Consumer-topic-78ce4151_f471_4d72_9c63_f92d42cabd2f] Request joining group due to: consumer pro-actively leaving the group
2025-08-20 12:40:08,109 INFO  [org.apa.kaf.com.met.Metrics] (ForkJoinPool.commonPool-worker-2) Metrics scheduler closed
2025-08-20 12:40:08,110 INFO  [org.apa.kaf.com.met.Metrics] (ForkJoinPool.commonPool-worker-2) Closing reporter org.apache.kafka.common.metrics.JmxReporter
2025-08-20 12:40:08,110 INFO  [org.apa.kaf.com.met.Metrics] (ForkJoinPool.commonPool-worker-2) Closing reporter org.apache.kafka.common.telemetry.internals.ClientTelemetryReporter
2025-08-20 12:40:08,110 INFO  [org.apa.kaf.com.met.Metrics] (ForkJoinPool.commonPool-worker-2) Metrics reporters closed
2025-08-20 12:40:08,112 INFO  [org.apa.kaf.com.uti.AppInfoParser] (ForkJoinPool.commonPool-worker-2) App info kafka.consumer for consumer-Consumer-topic-78ce4151_f471_4d72_9c63_f92d42cabd2f-4 unregistered
2025-08-20 12:40:08,278 INFO  [io.api.tes.uti.TestSeparator] (main) io.apicurio.tests.serdes.apicurio.AvroSerdeIT.testTopicIdStrategyAutoRegister-FINISHED
2025-08-20 12:40:08,279 INFO  [io.api.tes.uti.TestSeparator] (main) ############################################################################
Test passed: testTopicIdStrategyAutoRegister
]]></system-out>
  </testcase>
  <testcase name="testRecordIdStrategydFindLatest" classname="io.apicurio.tests.serdes.apicurio.AvroSerdeIT" time="5.319">
    <system-out><![CDATA[2025-08-20 12:40:08,280 INFO  [io.api.tes.uti.TestSeparator] (main) ############################################################################
2025-08-20 12:40:08,280 INFO  [io.api.tes.uti.TestSeparator] (main) io.apicurio.tests.serdes.apicurio.AvroSerdeIT.testRecordIdStrategydFindLatest-STARTED
2025-08-20 12:40:08,281 INFO  [io.api.tes.ser.api.AvroSerdeIT] (main) Registering Avro Schema: {"type":"record","name":"sedc150cdx0c05x4c39x804bx34ad98f4fd5b","namespace":"s29ff3c81x2602x415bx859cx187667d1a979","fields":[{"name":"key11755693608280","type":"string"}]}
**** Registry Base URL: http://registry-app-mysql.apps.ci419.apicurio-testing.org:80
2025-08-20 12:40:09,472 INFO  [org.apa.kaf.cli.pro.ProducerConfig] (main) ProducerConfig values: 
	acks = -1
	auto.include.jmx.reporter = true
	batch.size = 16384
	bootstrap.servers = [PLAINTEXT://localhost:32769]
	buffer.memory = 33554432
	client.dns.lookup = use_all_dns_ips
	client.id = Producer-topic-5eed0b00_2e54_4e7b_9df7_3ced44e31139
	compression.gzip.level = -1
	compression.lz4.level = 9
	compression.type = none
	compression.zstd.level = 3
	connections.max.idle.ms = 10000
	delivery.timeout.ms = 120000
	enable.idempotence = true
	enable.metrics.push = true
	interceptor.classes = []
	key.serializer = class org.apache.kafka.common.serialization.StringSerializer
	linger.ms = 0
	max.block.ms = 60000
	max.in.flight.requests.per.connection = 5
	max.request.size = 1048576
	metadata.max.age.ms = 300000
	metadata.max.idle.ms = 300000
	metadata.recovery.strategy = none
	metric.reporters = []
	metrics.num.samples = 2
	metrics.recording.level = INFO
	metrics.sample.window.ms = 30000
	partitioner.adaptive.partitioning.enable = true
	partitioner.availability.timeout.ms = 0
	partitioner.class = null
	partitioner.ignore.keys = false
	receive.buffer.bytes = 32768
	reconnect.backoff.max.ms = 1000
	reconnect.backoff.ms = 50
	request.timeout.ms = 5000
	retries = 2147483647
	retry.backoff.max.ms = 1000
	retry.backoff.ms = 100
	sasl.client.callback.handler.class = null
	sasl.jaas.config = null
	sasl.kerberos.kinit.cmd = /usr/bin/kinit
	sasl.kerberos.min.time.before.relogin = 60000
	sasl.kerberos.service.name = null
	sasl.kerberos.ticket.renew.jitter = 0.05
	sasl.kerberos.ticket.renew.window.factor = 0.8
	sasl.login.callback.handler.class = null
	sasl.login.class = null
	sasl.login.connect.timeout.ms = null
	sasl.login.read.timeout.ms = null
	sasl.login.refresh.buffer.seconds = 300
	sasl.login.refresh.min.period.seconds = 60
	sasl.login.refresh.window.factor = 0.8
	sasl.login.refresh.window.jitter = 0.05
	sasl.login.retry.backoff.max.ms = 10000
	sasl.login.retry.backoff.ms = 100
	sasl.mechanism = GSSAPI
	sasl.oauthbearer.clock.skew.seconds = 30
	sasl.oauthbearer.expected.audience = null
	sasl.oauthbearer.expected.issuer = null
	sasl.oauthbearer.header.urlencode = false
	sasl.oauthbearer.jwks.endpoint.refresh.ms = 3600000
	sasl.oauthbearer.jwks.endpoint.retry.backoff.max.ms = 10000
	sasl.oauthbearer.jwks.endpoint.retry.backoff.ms = 100
	sasl.oauthbearer.jwks.endpoint.url = null
	sasl.oauthbearer.scope.claim.name = scope
	sasl.oauthbearer.sub.claim.name = sub
	sasl.oauthbearer.token.endpoint.url = null
	security.protocol = PLAINTEXT
	security.providers = null
	send.buffer.bytes = 131072
	socket.connection.setup.timeout.max.ms = 30000
	socket.connection.setup.timeout.ms = 10000
	ssl.cipher.suites = null
	ssl.enabled.protocols = [TLSv1.2, TLSv1.3]
	ssl.endpoint.identification.algorithm = https
	ssl.engine.factory.class = null
	ssl.key.password = null
	ssl.keymanager.algorithm = SunX509
	ssl.keystore.certificate.chain = null
	ssl.keystore.key = null
	ssl.keystore.location = null
	ssl.keystore.password = null
	ssl.keystore.type = JKS
	ssl.protocol = TLSv1.3
	ssl.provider = null
	ssl.secure.random.implementation = null
	ssl.trustmanager.algorithm = PKIX
	ssl.truststore.certificates = null
	ssl.truststore.location = null
	ssl.truststore.password = null
	ssl.truststore.type = JKS
	transaction.timeout.ms = 60000
	transactional.id = null
	value.serializer = class io.apicurio.registry.serde.avro.AvroKafkaSerializer

2025-08-20 12:40:09,472 INFO  [org.apa.kaf.com.tel.int.KafkaMetricsCollector] (main) initializing Kafka metrics collector
2025-08-20 12:40:09,475 INFO  [org.apa.kaf.cli.pro.KafkaProducer] (main) [Producer clientId=Producer-topic-5eed0b00_2e54_4e7b_9df7_3ced44e31139] Instantiated an idempotent producer.
2025-08-20 12:40:09,477 INFO  [org.apa.kaf.cli.pro.ProducerConfig] (main) These configurations '[apicurio.registry.find-latest, apicurio.registry.url, apicurio.registry.artifact-resolver-strategy]' were supplied but are not used yet.
2025-08-20 12:40:09,477 INFO  [org.apa.kaf.com.uti.AppInfoParser] (main) Kafka version: 3.9.1
2025-08-20 12:40:09,477 INFO  [org.apa.kaf.com.uti.AppInfoParser] (main) Kafka commitId: f745dfdcee2b9851
2025-08-20 12:40:09,477 INFO  [org.apa.kaf.com.uti.AppInfoParser] (main) Kafka startTimeMs: 1755693609477
2025-08-20 12:40:09,477 INFO  [io.api.tes.ser.api.SimpleSerdesTesterBuilder$SimpleSerdesTester] (main) Using producer configuration: {apicurio.registry.find-latest=true, apicurio.registry.url=http://registry-app-mysql.apps.ci419.apicurio-testing.org:80/apis/registry/v3, apicurio.registry.artifact-resolver-strategy=io.apicurio.registry.serde.avro.strategy.RecordIdStrategy, value.serializer=io.apicurio.registry.serde.avro.AvroKafkaSerializer, request.timeout.ms=5000, acks=all, bootstrap.servers=PLAINTEXT://localhost:32769, connections.max.idle.ms=10000, key.serializer=org.apache.kafka.common.serialization.StringSerializer, client.id=Producer-topic-5eed0b00_2e54_4e7b_9df7_3ced44e31139}
2025-08-20 12:40:09,477 INFO  [io.api.tes.ser.api.SimpleSerdesTesterBuilder$SimpleSerdesTester] (main) Using consumer configuration: {}
2025-08-20 12:40:09,478 INFO  [io.api.tes.ser.api.KafkaSerdesTester] (ForkJoinPool.commonPool-worker-2) Sending message {"key11755693608280": "value-0"} to topic topic-5eed0b00_2e54_4e7b_9df7_3ced44e31139
2025-08-20 12:40:09,480 INFO  [org.apa.kaf.cli.Metadata] (kafka-producer-network-thread | Producer-topic-5eed0b00_2e54_4e7b_9df7_3ced44e31139) [Producer clientId=Producer-topic-5eed0b00_2e54_4e7b_9df7_3ced44e31139] Cluster ID: w67HKo3KT1qYVnubU-PiPQ
2025-08-20 12:40:09,481 INFO  [org.apa.kaf.cli.pro.int.TransactionManager] (kafka-producer-network-thread | Producer-topic-5eed0b00_2e54_4e7b_9df7_3ced44e31139) [Producer clientId=Producer-topic-5eed0b00_2e54_4e7b_9df7_3ced44e31139] ProducerId set to 5 with epoch 0
2025-08-20 12:40:09,803 INFO  [io.api.tes.ser.api.KafkaSerdesTester] (ForkJoinPool.commonPool-worker-2) Sending message {"key11755693608280": "value-1"} to topic topic-5eed0b00_2e54_4e7b_9df7_3ced44e31139
2025-08-20 12:40:09,804 INFO  [io.api.tes.ser.api.KafkaSerdesTester] (ForkJoinPool.commonPool-worker-2) Sending message {"key11755693608280": "value-2"} to topic topic-5eed0b00_2e54_4e7b_9df7_3ced44e31139
2025-08-20 12:40:09,806 INFO  [io.api.tes.ser.api.KafkaSerdesTester] (ForkJoinPool.commonPool-worker-2) Sending message {"key11755693608280": "value-3"} to topic topic-5eed0b00_2e54_4e7b_9df7_3ced44e31139
2025-08-20 12:40:09,807 INFO  [io.api.tes.ser.api.KafkaSerdesTester] (ForkJoinPool.commonPool-worker-2) Sending message {"key11755693608280": "value-4"} to topic topic-5eed0b00_2e54_4e7b_9df7_3ced44e31139
2025-08-20 12:40:09,809 INFO  [io.api.tes.ser.api.KafkaSerdesTester] (ForkJoinPool.commonPool-worker-2) Sending message {"key11755693608280": "value-5"} to topic topic-5eed0b00_2e54_4e7b_9df7_3ced44e31139
2025-08-20 12:40:09,811 INFO  [io.api.tes.ser.api.KafkaSerdesTester] (ForkJoinPool.commonPool-worker-2) Sending message {"key11755693608280": "value-6"} to topic topic-5eed0b00_2e54_4e7b_9df7_3ced44e31139
2025-08-20 12:40:09,812 INFO  [io.api.tes.ser.api.KafkaSerdesTester] (ForkJoinPool.commonPool-worker-2) Sending message {"key11755693608280": "value-7"} to topic topic-5eed0b00_2e54_4e7b_9df7_3ced44e31139
2025-08-20 12:40:09,814 INFO  [io.api.tes.ser.api.KafkaSerdesTester] (ForkJoinPool.commonPool-worker-2) Sending message {"key11755693608280": "value-8"} to topic topic-5eed0b00_2e54_4e7b_9df7_3ced44e31139
2025-08-20 12:40:09,815 INFO  [io.api.tes.ser.api.KafkaSerdesTester] (ForkJoinPool.commonPool-worker-2) Sending message {"key11755693608280": "value-9"} to topic topic-5eed0b00_2e54_4e7b_9df7_3ced44e31139
2025-08-20 12:40:09,817 INFO  [io.api.tes.ser.api.KafkaSerdesTester] (ForkJoinPool.commonPool-worker-2) Produced 10 messages
2025-08-20 12:40:09,817 INFO  [org.apa.kaf.cli.pro.KafkaProducer] (ForkJoinPool.commonPool-worker-2) [Producer clientId=Producer-topic-5eed0b00_2e54_4e7b_9df7_3ced44e31139] Closing the Kafka producer with timeoutMillis = 9223372036854775807 ms.
2025-08-20 12:40:09,818 INFO  [org.apa.kaf.com.met.Metrics] (ForkJoinPool.commonPool-worker-2) Metrics scheduler closed
2025-08-20 12:40:09,818 INFO  [org.apa.kaf.com.met.Metrics] (ForkJoinPool.commonPool-worker-2) Closing reporter org.apache.kafka.common.metrics.JmxReporter
2025-08-20 12:40:09,819 INFO  [org.apa.kaf.com.met.Metrics] (ForkJoinPool.commonPool-worker-2) Closing reporter org.apache.kafka.common.telemetry.internals.ClientTelemetryReporter
2025-08-20 12:40:09,819 INFO  [org.apa.kaf.com.met.Metrics] (ForkJoinPool.commonPool-worker-2) Metrics reporters closed
2025-08-20 12:40:09,819 INFO  [org.apa.kaf.com.uti.AppInfoParser] (ForkJoinPool.commonPool-worker-2) App info kafka.producer for Producer-topic-5eed0b00_2e54_4e7b_9df7_3ced44e31139 unregistered
**** Registry Base URL: http://registry-app-mysql.apps.ci419.apicurio-testing.org:80
2025-08-20 12:40:09,819 INFO  [org.apa.kaf.cli.con.ConsumerConfig] (main) ConsumerConfig values: 
	allow.auto.create.topics = true
	auto.commit.interval.ms = 500
	auto.include.jmx.reporter = true
	auto.offset.reset = earliest
	bootstrap.servers = [PLAINTEXT://localhost:32769]
	check.crcs = true
	client.dns.lookup = use_all_dns_ips
	client.id = consumer-Consumer-topic-5eed0b00_2e54_4e7b_9df7_3ced44e31139-5
	client.rack = 
	connections.max.idle.ms = 10000
	default.api.timeout.ms = 60000
	enable.auto.commit = true
	enable.metrics.push = true
	exclude.internal.topics = true
	fetch.max.bytes = 52428800
	fetch.max.wait.ms = 500
	fetch.min.bytes = 1
	group.id = Consumer-topic-5eed0b00_2e54_4e7b_9df7_3ced44e31139
	group.instance.id = null
	group.protocol = classic
	group.remote.assignor = null
	heartbeat.interval.ms = 3000
	interceptor.classes = []
	internal.leave.group.on.close = true
	internal.throw.on.fetch.stable.offset.unsupported = false
	isolation.level = read_uncommitted
	key.deserializer = class org.apache.kafka.common.serialization.StringDeserializer
	max.partition.fetch.bytes = 1048576
	max.poll.interval.ms = 300000
	max.poll.records = 500
	metadata.max.age.ms = 300000
	metadata.recovery.strategy = none
	metric.reporters = []
	metrics.num.samples = 2
	metrics.recording.level = INFO
	metrics.sample.window.ms = 30000
	partition.assignment.strategy = [class org.apache.kafka.clients.consumer.RangeAssignor, class org.apache.kafka.clients.consumer.CooperativeStickyAssignor]
	receive.buffer.bytes = 65536
	reconnect.backoff.max.ms = 1000
	reconnect.backoff.ms = 50
	request.timeout.ms = 5000
	retry.backoff.max.ms = 1000
	retry.backoff.ms = 100
	sasl.client.callback.handler.class = null
	sasl.jaas.config = null
	sasl.kerberos.kinit.cmd = /usr/bin/kinit
	sasl.kerberos.min.time.before.relogin = 60000
	sasl.kerberos.service.name = null
	sasl.kerberos.ticket.renew.jitter = 0.05
	sasl.kerberos.ticket.renew.window.factor = 0.8
	sasl.login.callback.handler.class = null
	sasl.login.class = null
	sasl.login.connect.timeout.ms = null
	sasl.login.read.timeout.ms = null
	sasl.login.refresh.buffer.seconds = 300
	sasl.login.refresh.min.period.seconds = 60
	sasl.login.refresh.window.factor = 0.8
	sasl.login.refresh.window.jitter = 0.05
	sasl.login.retry.backoff.max.ms = 10000
	sasl.login.retry.backoff.ms = 100
	sasl.mechanism = GSSAPI
	sasl.oauthbearer.clock.skew.seconds = 30
	sasl.oauthbearer.expected.audience = null
	sasl.oauthbearer.expected.issuer = null
	sasl.oauthbearer.header.urlencode = false
	sasl.oauthbearer.jwks.endpoint.refresh.ms = 3600000
	sasl.oauthbearer.jwks.endpoint.retry.backoff.max.ms = 10000
	sasl.oauthbearer.jwks.endpoint.retry.backoff.ms = 100
	sasl.oauthbearer.jwks.endpoint.url = null
	sasl.oauthbearer.scope.claim.name = scope
	sasl.oauthbearer.sub.claim.name = sub
	sasl.oauthbearer.token.endpoint.url = null
	security.protocol = PLAINTEXT
	security.providers = null
	send.buffer.bytes = 131072
	session.timeout.ms = 45000
	socket.connection.setup.timeout.max.ms = 30000
	socket.connection.setup.timeout.ms = 10000
	ssl.cipher.suites = null
	ssl.enabled.protocols = [TLSv1.2, TLSv1.3]
	ssl.endpoint.identification.algorithm = https
	ssl.engine.factory.class = null
	ssl.key.password = null
	ssl.keymanager.algorithm = SunX509
	ssl.keystore.certificate.chain = null
	ssl.keystore.key = null
	ssl.keystore.location = null
	ssl.keystore.password = null
	ssl.keystore.type = JKS
	ssl.protocol = TLSv1.3
	ssl.provider = null
	ssl.secure.random.implementation = null
	ssl.trustmanager.algorithm = PKIX
	ssl.truststore.certificates = null
	ssl.truststore.location = null
	ssl.truststore.password = null
	ssl.truststore.type = JKS
	value.deserializer = class io.apicurio.registry.serde.avro.AvroKafkaDeserializer

2025-08-20 12:40:09,820 INFO  [org.apa.kaf.com.tel.int.KafkaMetricsCollector] (main) initializing Kafka metrics collector
2025-08-20 12:40:09,826 INFO  [org.apa.kaf.cli.con.ConsumerConfig] (main) These configurations '[apicurio.registry.url]' were supplied but are not used yet.
2025-08-20 12:40:09,826 INFO  [org.apa.kaf.com.uti.AppInfoParser] (main) Kafka version: 3.9.1
2025-08-20 12:40:09,826 INFO  [org.apa.kaf.com.uti.AppInfoParser] (main) Kafka commitId: f745dfdcee2b9851
2025-08-20 12:40:09,826 INFO  [org.apa.kaf.com.uti.AppInfoParser] (main) Kafka startTimeMs: 1755693609826
2025-08-20 12:40:09,826 INFO  [org.apa.kaf.cli.con.int.ClassicKafkaConsumer] (ForkJoinPool.commonPool-worker-2) [Consumer clientId=consumer-Consumer-topic-5eed0b00_2e54_4e7b_9df7_3ced44e31139-5, groupId=Consumer-topic-5eed0b00_2e54_4e7b_9df7_3ced44e31139] Subscribed to topic(s): topic-5eed0b00_2e54_4e7b_9df7_3ced44e31139
2025-08-20 12:40:09,830 INFO  [org.apa.kaf.cli.Metadata] (ForkJoinPool.commonPool-worker-2) [Consumer clientId=consumer-Consumer-topic-5eed0b00_2e54_4e7b_9df7_3ced44e31139-5, groupId=Consumer-topic-5eed0b00_2e54_4e7b_9df7_3ced44e31139] Cluster ID: w67HKo3KT1qYVnubU-PiPQ
2025-08-20 12:40:09,832 INFO  [org.apa.kaf.cli.con.int.ConsumerCoordinator] (ForkJoinPool.commonPool-worker-2) [Consumer clientId=consumer-Consumer-topic-5eed0b00_2e54_4e7b_9df7_3ced44e31139-5, groupId=Consumer-topic-5eed0b00_2e54_4e7b_9df7_3ced44e31139] Discovered group coordinator localhost:32769 (id: 2147483647 rack: null)
2025-08-20 12:40:09,834 INFO  [org.apa.kaf.cli.con.int.ConsumerCoordinator] (ForkJoinPool.commonPool-worker-2) [Consumer clientId=consumer-Consumer-topic-5eed0b00_2e54_4e7b_9df7_3ced44e31139-5, groupId=Consumer-topic-5eed0b00_2e54_4e7b_9df7_3ced44e31139] (Re-)joining group
2025-08-20 12:40:09,836 INFO  [org.apa.kaf.cli.con.int.ConsumerCoordinator] (ForkJoinPool.commonPool-worker-2) [Consumer clientId=consumer-Consumer-topic-5eed0b00_2e54_4e7b_9df7_3ced44e31139-5, groupId=Consumer-topic-5eed0b00_2e54_4e7b_9df7_3ced44e31139] Request joining group due to: need to re-join with the given member-id: consumer-Consumer-topic-5eed0b00_2e54_4e7b_9df7_3ced44e31139-5-f7734f27-f101-4623-a2d7-3b4cb523c2c8
2025-08-20 12:40:09,836 INFO  [org.apa.kaf.cli.con.int.ConsumerCoordinator] (ForkJoinPool.commonPool-worker-2) [Consumer clientId=consumer-Consumer-topic-5eed0b00_2e54_4e7b_9df7_3ced44e31139-5, groupId=Consumer-topic-5eed0b00_2e54_4e7b_9df7_3ced44e31139] (Re-)joining group
2025-08-20 12:40:10,826 INFO  [io.api.tes.ser.api.KafkaSerdesTester] (ForkJoinPool.commonPool-worker-2) None found
2025-08-20 12:40:11,826 INFO  [io.api.tes.ser.api.KafkaSerdesTester] (ForkJoinPool.commonPool-worker-2) None found
2025-08-20 12:40:12,826 INFO  [io.api.tes.ser.api.KafkaSerdesTester] (ForkJoinPool.commonPool-worker-2) None found
2025-08-20 12:40:12,839 INFO  [org.apa.kaf.cli.con.int.ConsumerCoordinator] (ForkJoinPool.commonPool-worker-2) [Consumer clientId=consumer-Consumer-topic-5eed0b00_2e54_4e7b_9df7_3ced44e31139-5, groupId=Consumer-topic-5eed0b00_2e54_4e7b_9df7_3ced44e31139] Successfully joined group with generation Generation{generationId=1, memberId='consumer-Consumer-topic-5eed0b00_2e54_4e7b_9df7_3ced44e31139-5-f7734f27-f101-4623-a2d7-3b4cb523c2c8', protocol='range'}
2025-08-20 12:40:12,839 INFO  [org.apa.kaf.cli.con.int.ConsumerCoordinator] (ForkJoinPool.commonPool-worker-2) [Consumer clientId=consumer-Consumer-topic-5eed0b00_2e54_4e7b_9df7_3ced44e31139-5, groupId=Consumer-topic-5eed0b00_2e54_4e7b_9df7_3ced44e31139] Finished assignment for group at generation 1: {consumer-Consumer-topic-5eed0b00_2e54_4e7b_9df7_3ced44e31139-5-f7734f27-f101-4623-a2d7-3b4cb523c2c8=Assignment(partitions=[topic-5eed0b00_2e54_4e7b_9df7_3ced44e31139-0])}
2025-08-20 12:40:12,846 INFO  [org.apa.kaf.cli.con.int.ConsumerCoordinator] (ForkJoinPool.commonPool-worker-2) [Consumer clientId=consumer-Consumer-topic-5eed0b00_2e54_4e7b_9df7_3ced44e31139-5, groupId=Consumer-topic-5eed0b00_2e54_4e7b_9df7_3ced44e31139] Successfully synced group in generation Generation{generationId=1, memberId='consumer-Consumer-topic-5eed0b00_2e54_4e7b_9df7_3ced44e31139-5-f7734f27-f101-4623-a2d7-3b4cb523c2c8', protocol='range'}
2025-08-20 12:40:12,846 INFO  [org.apa.kaf.cli.con.int.ConsumerCoordinator] (ForkJoinPool.commonPool-worker-2) [Consumer clientId=consumer-Consumer-topic-5eed0b00_2e54_4e7b_9df7_3ced44e31139-5, groupId=Consumer-topic-5eed0b00_2e54_4e7b_9df7_3ced44e31139] Notifying assignor about the new Assignment(partitions=[topic-5eed0b00_2e54_4e7b_9df7_3ced44e31139-0])
2025-08-20 12:40:12,846 INFO  [org.apa.kaf.cli.con.int.ConsumerRebalanceListenerInvoker] (ForkJoinPool.commonPool-worker-2) [Consumer clientId=consumer-Consumer-topic-5eed0b00_2e54_4e7b_9df7_3ced44e31139-5, groupId=Consumer-topic-5eed0b00_2e54_4e7b_9df7_3ced44e31139] Adding newly assigned partitions: topic-5eed0b00_2e54_4e7b_9df7_3ced44e31139-0
2025-08-20 12:40:12,847 INFO  [org.apa.kaf.cli.con.int.ConsumerCoordinator] (ForkJoinPool.commonPool-worker-2) [Consumer clientId=consumer-Consumer-topic-5eed0b00_2e54_4e7b_9df7_3ced44e31139-5, groupId=Consumer-topic-5eed0b00_2e54_4e7b_9df7_3ced44e31139] Found no committed offset for partition topic-5eed0b00_2e54_4e7b_9df7_3ced44e31139-0
2025-08-20 12:40:12,850 INFO  [org.apa.kaf.cli.con.int.SubscriptionState] (ForkJoinPool.commonPool-worker-2) [Consumer clientId=consumer-Consumer-topic-5eed0b00_2e54_4e7b_9df7_3ced44e31139-5, groupId=Consumer-topic-5eed0b00_2e54_4e7b_9df7_3ced44e31139] Resetting offset for partition topic-5eed0b00_2e54_4e7b_9df7_3ced44e31139-0 to position FetchPosition{offset=0, offsetEpoch=Optional.empty, currentLeader=LeaderAndEpoch{leader=Optional[localhost:32769 (id: 0 rack: null)], epoch=0}}.
2025-08-20 12:40:13,093 INFO  [io.api.tes.ser.api.KafkaSerdesTester] (ForkJoinPool.commonPool-worker-2) topic-5eed0b00_2e54_4e7b_9df7_3ced44e31139 0 0 {"key11755693608280": "value-0"}
2025-08-20 12:40:13,093 INFO  [io.api.tes.ser.api.KafkaSerdesTester] (ForkJoinPool.commonPool-worker-2) topic-5eed0b00_2e54_4e7b_9df7_3ced44e31139 0 1 {"key11755693608280": "value-1"}
2025-08-20 12:40:13,094 INFO  [io.api.tes.ser.api.KafkaSerdesTester] (ForkJoinPool.commonPool-worker-2) topic-5eed0b00_2e54_4e7b_9df7_3ced44e31139 0 2 {"key11755693608280": "value-2"}
2025-08-20 12:40:13,094 INFO  [io.api.tes.ser.api.KafkaSerdesTester] (ForkJoinPool.commonPool-worker-2) topic-5eed0b00_2e54_4e7b_9df7_3ced44e31139 0 3 {"key11755693608280": "value-3"}
2025-08-20 12:40:13,094 INFO  [io.api.tes.ser.api.KafkaSerdesTester] (ForkJoinPool.commonPool-worker-2) topic-5eed0b00_2e54_4e7b_9df7_3ced44e31139 0 4 {"key11755693608280": "value-4"}
2025-08-20 12:40:13,094 INFO  [io.api.tes.ser.api.KafkaSerdesTester] (ForkJoinPool.commonPool-worker-2) topic-5eed0b00_2e54_4e7b_9df7_3ced44e31139 0 5 {"key11755693608280": "value-5"}
2025-08-20 12:40:13,094 INFO  [io.api.tes.ser.api.KafkaSerdesTester] (ForkJoinPool.commonPool-worker-2) topic-5eed0b00_2e54_4e7b_9df7_3ced44e31139 0 6 {"key11755693608280": "value-6"}
2025-08-20 12:40:13,094 INFO  [io.api.tes.ser.api.KafkaSerdesTester] (ForkJoinPool.commonPool-worker-2) topic-5eed0b00_2e54_4e7b_9df7_3ced44e31139 0 7 {"key11755693608280": "value-7"}
2025-08-20 12:40:13,094 INFO  [io.api.tes.ser.api.KafkaSerdesTester] (ForkJoinPool.commonPool-worker-2) topic-5eed0b00_2e54_4e7b_9df7_3ced44e31139 0 8 {"key11755693608280": "value-8"}
2025-08-20 12:40:13,094 INFO  [io.api.tes.ser.api.KafkaSerdesTester] (ForkJoinPool.commonPool-worker-2) topic-5eed0b00_2e54_4e7b_9df7_3ced44e31139 0 9 {"key11755693608280": "value-9"}
2025-08-20 12:40:13,094 INFO  [io.api.tes.ser.api.KafkaSerdesTester] (ForkJoinPool.commonPool-worker-2) Consumed 10 messages
2025-08-20 12:40:13,101 INFO  [org.apa.kaf.cli.con.int.ConsumerRebalanceListenerInvoker] (ForkJoinPool.commonPool-worker-2) [Consumer clientId=consumer-Consumer-topic-5eed0b00_2e54_4e7b_9df7_3ced44e31139-5, groupId=Consumer-topic-5eed0b00_2e54_4e7b_9df7_3ced44e31139] Revoke previously assigned partitions topic-5eed0b00_2e54_4e7b_9df7_3ced44e31139-0
2025-08-20 12:40:13,101 INFO  [org.apa.kaf.cli.con.int.ConsumerCoordinator] (ForkJoinPool.commonPool-worker-2) [Consumer clientId=consumer-Consumer-topic-5eed0b00_2e54_4e7b_9df7_3ced44e31139-5, groupId=Consumer-topic-5eed0b00_2e54_4e7b_9df7_3ced44e31139] Member consumer-Consumer-topic-5eed0b00_2e54_4e7b_9df7_3ced44e31139-5-f7734f27-f101-4623-a2d7-3b4cb523c2c8 sending LeaveGroup request to coordinator localhost:32769 (id: 2147483647 rack: null) due to the consumer is being closed
2025-08-20 12:40:13,101 INFO  [org.apa.kaf.cli.con.int.ConsumerCoordinator] (ForkJoinPool.commonPool-worker-2) [Consumer clientId=consumer-Consumer-topic-5eed0b00_2e54_4e7b_9df7_3ced44e31139-5, groupId=Consumer-topic-5eed0b00_2e54_4e7b_9df7_3ced44e31139] Resetting generation and member id due to: consumer pro-actively leaving the group
2025-08-20 12:40:13,101 INFO  [org.apa.kaf.cli.con.int.ConsumerCoordinator] (ForkJoinPool.commonPool-worker-2) [Consumer clientId=consumer-Consumer-topic-5eed0b00_2e54_4e7b_9df7_3ced44e31139-5, groupId=Consumer-topic-5eed0b00_2e54_4e7b_9df7_3ced44e31139] Request joining group due to: consumer pro-actively leaving the group
2025-08-20 12:40:13,596 INFO  [org.apa.kaf.com.met.Metrics] (ForkJoinPool.commonPool-worker-2) Metrics scheduler closed
2025-08-20 12:40:13,596 INFO  [org.apa.kaf.com.met.Metrics] (ForkJoinPool.commonPool-worker-2) Closing reporter org.apache.kafka.common.metrics.JmxReporter
2025-08-20 12:40:13,596 INFO  [org.apa.kaf.com.met.Metrics] (ForkJoinPool.commonPool-worker-2) Closing reporter org.apache.kafka.common.telemetry.internals.ClientTelemetryReporter
2025-08-20 12:40:13,596 INFO  [org.apa.kaf.com.met.Metrics] (ForkJoinPool.commonPool-worker-2) Metrics reporters closed
2025-08-20 12:40:13,598 INFO  [org.apa.kaf.com.uti.AppInfoParser] (ForkJoinPool.commonPool-worker-2) App info kafka.consumer for consumer-Consumer-topic-5eed0b00_2e54_4e7b_9df7_3ced44e31139-5 unregistered
2025-08-20 12:40:13,598 INFO  [io.api.tes.uti.TestSeparator] (main) io.apicurio.tests.serdes.apicurio.AvroSerdeIT.testRecordIdStrategydFindLatest-FINISHED
2025-08-20 12:40:13,598 INFO  [io.api.tes.uti.TestSeparator] (main) ############################################################################
Test passed: testRecordIdStrategydFindLatest
]]></system-out>
  </testcase>
  <testcase name="testReflectAutoRegister" classname="io.apicurio.tests.serdes.apicurio.AvroSerdeIT" time="4.305">
    <system-out><![CDATA[2025-08-20 12:40:13,600 INFO  [io.api.tes.uti.TestSeparator] (main) ############################################################################
2025-08-20 12:40:13,600 INFO  [io.api.tes.uti.TestSeparator] (main) io.apicurio.tests.serdes.apicurio.AvroSerdeIT.testReflectAutoRegister-STARTED
**** Registry Base URL: http://registry-app-mysql.apps.ci419.apicurio-testing.org:80
2025-08-20 12:40:13,602 INFO  [org.apa.kaf.cli.pro.ProducerConfig] (main) ProducerConfig values: 
	acks = -1
	auto.include.jmx.reporter = true
	batch.size = 16384
	bootstrap.servers = [PLAINTEXT://localhost:32769]
	buffer.memory = 33554432
	client.dns.lookup = use_all_dns_ips
	client.id = Producer-topic-73ca1394_af06_41e5_abdd_2599dc0a1a8d
	compression.gzip.level = -1
	compression.lz4.level = 9
	compression.type = none
	compression.zstd.level = 3
	connections.max.idle.ms = 10000
	delivery.timeout.ms = 120000
	enable.idempotence = true
	enable.metrics.push = true
	interceptor.classes = []
	key.serializer = class org.apache.kafka.common.serialization.StringSerializer
	linger.ms = 0
	max.block.ms = 60000
	max.in.flight.requests.per.connection = 5
	max.request.size = 1048576
	metadata.max.age.ms = 300000
	metadata.max.idle.ms = 300000
	metadata.recovery.strategy = none
	metric.reporters = []
	metrics.num.samples = 2
	metrics.recording.level = INFO
	metrics.sample.window.ms = 30000
	partitioner.adaptive.partitioning.enable = true
	partitioner.availability.timeout.ms = 0
	partitioner.class = null
	partitioner.ignore.keys = false
	receive.buffer.bytes = 32768
	reconnect.backoff.max.ms = 1000
	reconnect.backoff.ms = 50
	request.timeout.ms = 5000
	retries = 2147483647
	retry.backoff.max.ms = 1000
	retry.backoff.ms = 100
	sasl.client.callback.handler.class = null
	sasl.jaas.config = null
	sasl.kerberos.kinit.cmd = /usr/bin/kinit
	sasl.kerberos.min.time.before.relogin = 60000
	sasl.kerberos.service.name = null
	sasl.kerberos.ticket.renew.jitter = 0.05
	sasl.kerberos.ticket.renew.window.factor = 0.8
	sasl.login.callback.handler.class = null
	sasl.login.class = null
	sasl.login.connect.timeout.ms = null
	sasl.login.read.timeout.ms = null
	sasl.login.refresh.buffer.seconds = 300
	sasl.login.refresh.min.period.seconds = 60
	sasl.login.refresh.window.factor = 0.8
	sasl.login.refresh.window.jitter = 0.05
	sasl.login.retry.backoff.max.ms = 10000
	sasl.login.retry.backoff.ms = 100
	sasl.mechanism = GSSAPI
	sasl.oauthbearer.clock.skew.seconds = 30
	sasl.oauthbearer.expected.audience = null
	sasl.oauthbearer.expected.issuer = null
	sasl.oauthbearer.header.urlencode = false
	sasl.oauthbearer.jwks.endpoint.refresh.ms = 3600000
	sasl.oauthbearer.jwks.endpoint.retry.backoff.max.ms = 10000
	sasl.oauthbearer.jwks.endpoint.retry.backoff.ms = 100
	sasl.oauthbearer.jwks.endpoint.url = null
	sasl.oauthbearer.scope.claim.name = scope
	sasl.oauthbearer.sub.claim.name = sub
	sasl.oauthbearer.token.endpoint.url = null
	security.protocol = PLAINTEXT
	security.providers = null
	send.buffer.bytes = 131072
	socket.connection.setup.timeout.max.ms = 30000
	socket.connection.setup.timeout.ms = 10000
	ssl.cipher.suites = null
	ssl.enabled.protocols = [TLSv1.2, TLSv1.3]
	ssl.endpoint.identification.algorithm = https
	ssl.engine.factory.class = null
	ssl.key.password = null
	ssl.keymanager.algorithm = SunX509
	ssl.keystore.certificate.chain = null
	ssl.keystore.key = null
	ssl.keystore.location = null
	ssl.keystore.password = null
	ssl.keystore.type = JKS
	ssl.protocol = TLSv1.3
	ssl.provider = null
	ssl.secure.random.implementation = null
	ssl.trustmanager.algorithm = PKIX
	ssl.truststore.certificates = null
	ssl.truststore.location = null
	ssl.truststore.password = null
	ssl.truststore.type = JKS
	transaction.timeout.ms = 60000
	transactional.id = null
	value.serializer = class io.apicurio.registry.serde.avro.AvroKafkaSerializer

2025-08-20 12:40:13,603 INFO  [org.apa.kaf.com.tel.int.KafkaMetricsCollector] (main) initializing Kafka metrics collector
2025-08-20 12:40:13,610 INFO  [org.apa.kaf.cli.pro.KafkaProducer] (main) [Producer clientId=Producer-topic-73ca1394_af06_41e5_abdd_2599dc0a1a8d] Instantiated an idempotent producer.
2025-08-20 12:40:13,612 INFO  [org.apa.kaf.cli.pro.ProducerConfig] (main) These configurations '[apicurio.registry.url, apicurio.registry.auto-register, apicurio.registry.artifact-resolver-strategy, apicurio.registry.avro-datum-provider]' were supplied but are not used yet.
2025-08-20 12:40:13,612 INFO  [org.apa.kaf.com.uti.AppInfoParser] (main) Kafka version: 3.9.1
2025-08-20 12:40:13,612 INFO  [org.apa.kaf.com.uti.AppInfoParser] (main) Kafka commitId: f745dfdcee2b9851
2025-08-20 12:40:13,612 INFO  [org.apa.kaf.com.uti.AppInfoParser] (main) Kafka startTimeMs: 1755693613612
2025-08-20 12:40:13,612 INFO  [io.api.tes.ser.api.SimpleSerdesTesterBuilder$SimpleSerdesTester] (main) Using producer configuration: {apicurio.registry.url=http://registry-app-mysql.apps.ci419.apicurio-testing.org:80/apis/registry/v3, apicurio.registry.auto-register=true, apicurio.registry.artifact-resolver-strategy=io.apicurio.registry.serde.strategy.TopicIdStrategy, value.serializer=io.apicurio.registry.serde.avro.AvroKafkaSerializer, request.timeout.ms=5000, acks=all, bootstrap.servers=PLAINTEXT://localhost:32769, connections.max.idle.ms=10000, key.serializer=org.apache.kafka.common.serialization.StringSerializer, apicurio.registry.avro-datum-provider=io.apicurio.registry.serde.avro.ReflectAvroDatumProvider, client.id=Producer-topic-73ca1394_af06_41e5_abdd_2599dc0a1a8d}
2025-08-20 12:40:13,612 INFO  [io.api.tes.ser.api.SimpleSerdesTesterBuilder$SimpleSerdesTester] (main) Using consumer configuration: {apicurio.registry.avro-datum-provider=io.apicurio.registry.serde.avro.ReflectAvroDatumProvider}
2025-08-20 12:40:13,612 INFO  [io.api.tes.ser.api.KafkaSerdesTester] (ForkJoinPool.commonPool-worker-2) Sending message io.apicurio.tests.common.serdes.TestObject@3dbd29cb to topic topic-73ca1394_af06_41e5_abdd_2599dc0a1a8d
2025-08-20 12:40:13,616 WARN  [org.apa.kaf.cli.NetworkClient] (kafka-producer-network-thread | Producer-topic-73ca1394_af06_41e5_abdd_2599dc0a1a8d) [Producer clientId=Producer-topic-73ca1394_af06_41e5_abdd_2599dc0a1a8d] The metadata response from the cluster reported a recoverable issue with correlation id 1 : {topic-73ca1394_af06_41e5_abdd_2599dc0a1a8d=UNKNOWN_TOPIC_OR_PARTITION}
2025-08-20 12:40:13,616 INFO  [org.apa.kaf.cli.Metadata] (kafka-producer-network-thread | Producer-topic-73ca1394_af06_41e5_abdd_2599dc0a1a8d) [Producer clientId=Producer-topic-73ca1394_af06_41e5_abdd_2599dc0a1a8d] Cluster ID: w67HKo3KT1qYVnubU-PiPQ
2025-08-20 12:40:13,617 INFO  [org.apa.kaf.cli.pro.int.TransactionManager] (kafka-producer-network-thread | Producer-topic-73ca1394_af06_41e5_abdd_2599dc0a1a8d) [Producer clientId=Producer-topic-73ca1394_af06_41e5_abdd_2599dc0a1a8d] ProducerId set to 6 with epoch 0
2025-08-20 12:40:13,942 INFO  [io.api.tes.ser.api.KafkaSerdesTester] (ForkJoinPool.commonPool-worker-2) Sending message io.apicurio.tests.common.serdes.TestObject@3dbd29cb to topic topic-73ca1394_af06_41e5_abdd_2599dc0a1a8d
2025-08-20 12:40:13,943 INFO  [io.api.tes.ser.api.KafkaSerdesTester] (ForkJoinPool.commonPool-worker-2) Sending message io.apicurio.tests.common.serdes.TestObject@3dbd29cb to topic topic-73ca1394_af06_41e5_abdd_2599dc0a1a8d
2025-08-20 12:40:13,945 INFO  [io.api.tes.ser.api.KafkaSerdesTester] (ForkJoinPool.commonPool-worker-2) Sending message io.apicurio.tests.common.serdes.TestObject@3dbd29cb to topic topic-73ca1394_af06_41e5_abdd_2599dc0a1a8d
2025-08-20 12:40:13,947 INFO  [io.api.tes.ser.api.KafkaSerdesTester] (ForkJoinPool.commonPool-worker-2) Sending message io.apicurio.tests.common.serdes.TestObject@3dbd29cb to topic topic-73ca1394_af06_41e5_abdd_2599dc0a1a8d
2025-08-20 12:40:13,948 INFO  [io.api.tes.ser.api.KafkaSerdesTester] (ForkJoinPool.commonPool-worker-2) Sending message io.apicurio.tests.common.serdes.TestObject@3dbd29cb to topic topic-73ca1394_af06_41e5_abdd_2599dc0a1a8d
2025-08-20 12:40:13,950 INFO  [io.api.tes.ser.api.KafkaSerdesTester] (ForkJoinPool.commonPool-worker-2) Sending message io.apicurio.tests.common.serdes.TestObject@3dbd29cb to topic topic-73ca1394_af06_41e5_abdd_2599dc0a1a8d
2025-08-20 12:40:13,951 INFO  [io.api.tes.ser.api.KafkaSerdesTester] (ForkJoinPool.commonPool-worker-2) Sending message io.apicurio.tests.common.serdes.TestObject@3dbd29cb to topic topic-73ca1394_af06_41e5_abdd_2599dc0a1a8d
2025-08-20 12:40:13,953 INFO  [io.api.tes.ser.api.KafkaSerdesTester] (ForkJoinPool.commonPool-worker-2) Sending message io.apicurio.tests.common.serdes.TestObject@3dbd29cb to topic topic-73ca1394_af06_41e5_abdd_2599dc0a1a8d
2025-08-20 12:40:13,954 INFO  [io.api.tes.ser.api.KafkaSerdesTester] (ForkJoinPool.commonPool-worker-2) Sending message io.apicurio.tests.common.serdes.TestObject@3dbd29cb to topic topic-73ca1394_af06_41e5_abdd_2599dc0a1a8d
2025-08-20 12:40:13,956 INFO  [io.api.tes.ser.api.KafkaSerdesTester] (ForkJoinPool.commonPool-worker-2) Produced 10 messages
2025-08-20 12:40:13,956 INFO  [org.apa.kaf.cli.pro.KafkaProducer] (ForkJoinPool.commonPool-worker-2) [Producer clientId=Producer-topic-73ca1394_af06_41e5_abdd_2599dc0a1a8d] Closing the Kafka producer with timeoutMillis = 9223372036854775807 ms.
2025-08-20 12:40:13,958 INFO  [org.apa.kaf.com.met.Metrics] (ForkJoinPool.commonPool-worker-2) Metrics scheduler closed
2025-08-20 12:40:13,958 INFO  [org.apa.kaf.com.met.Metrics] (ForkJoinPool.commonPool-worker-2) Closing reporter org.apache.kafka.common.metrics.JmxReporter
2025-08-20 12:40:13,958 INFO  [org.apa.kaf.com.met.Metrics] (ForkJoinPool.commonPool-worker-2) Closing reporter org.apache.kafka.common.telemetry.internals.ClientTelemetryReporter
2025-08-20 12:40:13,958 INFO  [org.apa.kaf.com.met.Metrics] (ForkJoinPool.commonPool-worker-2) Metrics reporters closed
2025-08-20 12:40:13,958 INFO  [org.apa.kaf.com.uti.AppInfoParser] (ForkJoinPool.commonPool-worker-2) App info kafka.producer for Producer-topic-73ca1394_af06_41e5_abdd_2599dc0a1a8d unregistered
**** Registry Base URL: http://registry-app-mysql.apps.ci419.apicurio-testing.org:80
2025-08-20 12:40:14,122 INFO  [org.apa.kaf.cli.con.ConsumerConfig] (main) ConsumerConfig values: 
	allow.auto.create.topics = true
	auto.commit.interval.ms = 500
	auto.include.jmx.reporter = true
	auto.offset.reset = earliest
	bootstrap.servers = [PLAINTEXT://localhost:32769]
	check.crcs = true
	client.dns.lookup = use_all_dns_ips
	client.id = consumer-Consumer-topic-73ca1394_af06_41e5_abdd_2599dc0a1a8d-6
	client.rack = 
	connections.max.idle.ms = 10000
	default.api.timeout.ms = 60000
	enable.auto.commit = true
	enable.metrics.push = true
	exclude.internal.topics = true
	fetch.max.bytes = 52428800
	fetch.max.wait.ms = 500
	fetch.min.bytes = 1
	group.id = Consumer-topic-73ca1394_af06_41e5_abdd_2599dc0a1a8d
	group.instance.id = null
	group.protocol = classic
	group.remote.assignor = null
	heartbeat.interval.ms = 3000
	interceptor.classes = []
	internal.leave.group.on.close = true
	internal.throw.on.fetch.stable.offset.unsupported = false
	isolation.level = read_uncommitted
	key.deserializer = class org.apache.kafka.common.serialization.StringDeserializer
	max.partition.fetch.bytes = 1048576
	max.poll.interval.ms = 300000
	max.poll.records = 500
	metadata.max.age.ms = 300000
	metadata.recovery.strategy = none
	metric.reporters = []
	metrics.num.samples = 2
	metrics.recording.level = INFO
	metrics.sample.window.ms = 30000
	partition.assignment.strategy = [class org.apache.kafka.clients.consumer.RangeAssignor, class org.apache.kafka.clients.consumer.CooperativeStickyAssignor]
	receive.buffer.bytes = 65536
	reconnect.backoff.max.ms = 1000
	reconnect.backoff.ms = 50
	request.timeout.ms = 5000
	retry.backoff.max.ms = 1000
	retry.backoff.ms = 100
	sasl.client.callback.handler.class = null
	sasl.jaas.config = null
	sasl.kerberos.kinit.cmd = /usr/bin/kinit
	sasl.kerberos.min.time.before.relogin = 60000
	sasl.kerberos.service.name = null
	sasl.kerberos.ticket.renew.jitter = 0.05
	sasl.kerberos.ticket.renew.window.factor = 0.8
	sasl.login.callback.handler.class = null
	sasl.login.class = null
	sasl.login.connect.timeout.ms = null
	sasl.login.read.timeout.ms = null
	sasl.login.refresh.buffer.seconds = 300
	sasl.login.refresh.min.period.seconds = 60
	sasl.login.refresh.window.factor = 0.8
	sasl.login.refresh.window.jitter = 0.05
	sasl.login.retry.backoff.max.ms = 10000
	sasl.login.retry.backoff.ms = 100
	sasl.mechanism = GSSAPI
	sasl.oauthbearer.clock.skew.seconds = 30
	sasl.oauthbearer.expected.audience = null
	sasl.oauthbearer.expected.issuer = null
	sasl.oauthbearer.header.urlencode = false
	sasl.oauthbearer.jwks.endpoint.refresh.ms = 3600000
	sasl.oauthbearer.jwks.endpoint.retry.backoff.max.ms = 10000
	sasl.oauthbearer.jwks.endpoint.retry.backoff.ms = 100
	sasl.oauthbearer.jwks.endpoint.url = null
	sasl.oauthbearer.scope.claim.name = scope
	sasl.oauthbearer.sub.claim.name = sub
	sasl.oauthbearer.token.endpoint.url = null
	security.protocol = PLAINTEXT
	security.providers = null
	send.buffer.bytes = 131072
	session.timeout.ms = 45000
	socket.connection.setup.timeout.max.ms = 30000
	socket.connection.setup.timeout.ms = 10000
	ssl.cipher.suites = null
	ssl.enabled.protocols = [TLSv1.2, TLSv1.3]
	ssl.endpoint.identification.algorithm = https
	ssl.engine.factory.class = null
	ssl.key.password = null
	ssl.keymanager.algorithm = SunX509
	ssl.keystore.certificate.chain = null
	ssl.keystore.key = null
	ssl.keystore.location = null
	ssl.keystore.password = null
	ssl.keystore.type = JKS
	ssl.protocol = TLSv1.3
	ssl.provider = null
	ssl.secure.random.implementation = null
	ssl.trustmanager.algorithm = PKIX
	ssl.truststore.certificates = null
	ssl.truststore.location = null
	ssl.truststore.password = null
	ssl.truststore.type = JKS
	value.deserializer = class io.apicurio.registry.serde.avro.AvroKafkaDeserializer

2025-08-20 12:40:14,122 INFO  [org.apa.kaf.com.tel.int.KafkaMetricsCollector] (main) initializing Kafka metrics collector
2025-08-20 12:40:14,128 INFO  [org.apa.kaf.cli.con.ConsumerConfig] (main) These configurations '[apicurio.registry.url, apicurio.registry.avro-datum-provider]' were supplied but are not used yet.
2025-08-20 12:40:14,128 INFO  [org.apa.kaf.com.uti.AppInfoParser] (main) Kafka version: 3.9.1
2025-08-20 12:40:14,128 INFO  [org.apa.kaf.com.uti.AppInfoParser] (main) Kafka commitId: f745dfdcee2b9851
2025-08-20 12:40:14,128 INFO  [org.apa.kaf.com.uti.AppInfoParser] (main) Kafka startTimeMs: 1755693614128
2025-08-20 12:40:14,128 INFO  [org.apa.kaf.cli.con.int.ClassicKafkaConsumer] (ForkJoinPool.commonPool-worker-2) [Consumer clientId=consumer-Consumer-topic-73ca1394_af06_41e5_abdd_2599dc0a1a8d-6, groupId=Consumer-topic-73ca1394_af06_41e5_abdd_2599dc0a1a8d] Subscribed to topic(s): topic-73ca1394_af06_41e5_abdd_2599dc0a1a8d
2025-08-20 12:40:14,131 INFO  [org.apa.kaf.cli.Metadata] (ForkJoinPool.commonPool-worker-2) [Consumer clientId=consumer-Consumer-topic-73ca1394_af06_41e5_abdd_2599dc0a1a8d-6, groupId=Consumer-topic-73ca1394_af06_41e5_abdd_2599dc0a1a8d] Cluster ID: w67HKo3KT1qYVnubU-PiPQ
2025-08-20 12:40:14,132 INFO  [org.apa.kaf.cli.con.int.ConsumerCoordinator] (ForkJoinPool.commonPool-worker-2) [Consumer clientId=consumer-Consumer-topic-73ca1394_af06_41e5_abdd_2599dc0a1a8d-6, groupId=Consumer-topic-73ca1394_af06_41e5_abdd_2599dc0a1a8d] Discovered group coordinator localhost:32769 (id: 2147483647 rack: null)
2025-08-20 12:40:14,133 INFO  [org.apa.kaf.cli.con.int.ConsumerCoordinator] (ForkJoinPool.commonPool-worker-2) [Consumer clientId=consumer-Consumer-topic-73ca1394_af06_41e5_abdd_2599dc0a1a8d-6, groupId=Consumer-topic-73ca1394_af06_41e5_abdd_2599dc0a1a8d] (Re-)joining group
2025-08-20 12:40:14,135 INFO  [org.apa.kaf.cli.con.int.ConsumerCoordinator] (ForkJoinPool.commonPool-worker-2) [Consumer clientId=consumer-Consumer-topic-73ca1394_af06_41e5_abdd_2599dc0a1a8d-6, groupId=Consumer-topic-73ca1394_af06_41e5_abdd_2599dc0a1a8d] Request joining group due to: need to re-join with the given member-id: consumer-Consumer-topic-73ca1394_af06_41e5_abdd_2599dc0a1a8d-6-8e5ffa05-0afa-45a1-894b-a1ecba4fb6d7
2025-08-20 12:40:14,135 INFO  [org.apa.kaf.cli.con.int.ConsumerCoordinator] (ForkJoinPool.commonPool-worker-2) [Consumer clientId=consumer-Consumer-topic-73ca1394_af06_41e5_abdd_2599dc0a1a8d-6, groupId=Consumer-topic-73ca1394_af06_41e5_abdd_2599dc0a1a8d] (Re-)joining group
2025-08-20 12:40:15,128 INFO  [io.api.tes.ser.api.KafkaSerdesTester] (ForkJoinPool.commonPool-worker-2) None found
2025-08-20 12:40:16,128 INFO  [io.api.tes.ser.api.KafkaSerdesTester] (ForkJoinPool.commonPool-worker-2) None found
2025-08-20 12:40:17,128 INFO  [io.api.tes.ser.api.KafkaSerdesTester] (ForkJoinPool.commonPool-worker-2) None found
2025-08-20 12:40:17,137 INFO  [org.apa.kaf.cli.con.int.ConsumerCoordinator] (ForkJoinPool.commonPool-worker-2) [Consumer clientId=consumer-Consumer-topic-73ca1394_af06_41e5_abdd_2599dc0a1a8d-6, groupId=Consumer-topic-73ca1394_af06_41e5_abdd_2599dc0a1a8d] Successfully joined group with generation Generation{generationId=1, memberId='consumer-Consumer-topic-73ca1394_af06_41e5_abdd_2599dc0a1a8d-6-8e5ffa05-0afa-45a1-894b-a1ecba4fb6d7', protocol='range'}
2025-08-20 12:40:17,137 INFO  [org.apa.kaf.cli.con.int.ConsumerCoordinator] (ForkJoinPool.commonPool-worker-2) [Consumer clientId=consumer-Consumer-topic-73ca1394_af06_41e5_abdd_2599dc0a1a8d-6, groupId=Consumer-topic-73ca1394_af06_41e5_abdd_2599dc0a1a8d] Finished assignment for group at generation 1: {consumer-Consumer-topic-73ca1394_af06_41e5_abdd_2599dc0a1a8d-6-8e5ffa05-0afa-45a1-894b-a1ecba4fb6d7=Assignment(partitions=[topic-73ca1394_af06_41e5_abdd_2599dc0a1a8d-0])}
2025-08-20 12:40:17,144 INFO  [org.apa.kaf.cli.con.int.ConsumerCoordinator] (ForkJoinPool.commonPool-worker-2) [Consumer clientId=consumer-Consumer-topic-73ca1394_af06_41e5_abdd_2599dc0a1a8d-6, groupId=Consumer-topic-73ca1394_af06_41e5_abdd_2599dc0a1a8d] Successfully synced group in generation Generation{generationId=1, memberId='consumer-Consumer-topic-73ca1394_af06_41e5_abdd_2599dc0a1a8d-6-8e5ffa05-0afa-45a1-894b-a1ecba4fb6d7', protocol='range'}
2025-08-20 12:40:17,145 INFO  [org.apa.kaf.cli.con.int.ConsumerCoordinator] (ForkJoinPool.commonPool-worker-2) [Consumer clientId=consumer-Consumer-topic-73ca1394_af06_41e5_abdd_2599dc0a1a8d-6, groupId=Consumer-topic-73ca1394_af06_41e5_abdd_2599dc0a1a8d] Notifying assignor about the new Assignment(partitions=[topic-73ca1394_af06_41e5_abdd_2599dc0a1a8d-0])
2025-08-20 12:40:17,145 INFO  [org.apa.kaf.cli.con.int.ConsumerRebalanceListenerInvoker] (ForkJoinPool.commonPool-worker-2) [Consumer clientId=consumer-Consumer-topic-73ca1394_af06_41e5_abdd_2599dc0a1a8d-6, groupId=Consumer-topic-73ca1394_af06_41e5_abdd_2599dc0a1a8d] Adding newly assigned partitions: topic-73ca1394_af06_41e5_abdd_2599dc0a1a8d-0
2025-08-20 12:40:17,146 INFO  [org.apa.kaf.cli.con.int.ConsumerCoordinator] (ForkJoinPool.commonPool-worker-2) [Consumer clientId=consumer-Consumer-topic-73ca1394_af06_41e5_abdd_2599dc0a1a8d-6, groupId=Consumer-topic-73ca1394_af06_41e5_abdd_2599dc0a1a8d] Found no committed offset for partition topic-73ca1394_af06_41e5_abdd_2599dc0a1a8d-0
2025-08-20 12:40:17,148 INFO  [org.apa.kaf.cli.con.int.SubscriptionState] (ForkJoinPool.commonPool-worker-2) [Consumer clientId=consumer-Consumer-topic-73ca1394_af06_41e5_abdd_2599dc0a1a8d-6, groupId=Consumer-topic-73ca1394_af06_41e5_abdd_2599dc0a1a8d] Resetting offset for partition topic-73ca1394_af06_41e5_abdd_2599dc0a1a8d-0 to position FetchPosition{offset=0, offsetEpoch=Optional.empty, currentLeader=LeaderAndEpoch{leader=Optional[localhost:32769 (id: 0 rack: null)], epoch=0}}.
2025-08-20 12:40:17,398 INFO  [io.api.tes.ser.api.KafkaSerdesTester] (ForkJoinPool.commonPool-worker-2) topic-73ca1394_af06_41e5_abdd_2599dc0a1a8d 0 0 io.apicurio.tests.common.serdes.TestObject@3dbd29cb
2025-08-20 12:40:17,398 INFO  [io.api.tes.ser.api.KafkaSerdesTester] (ForkJoinPool.commonPool-worker-2) topic-73ca1394_af06_41e5_abdd_2599dc0a1a8d 0 1 io.apicurio.tests.common.serdes.TestObject@3dbd29cb
2025-08-20 12:40:17,398 INFO  [io.api.tes.ser.api.KafkaSerdesTester] (ForkJoinPool.commonPool-worker-2) topic-73ca1394_af06_41e5_abdd_2599dc0a1a8d 0 2 io.apicurio.tests.common.serdes.TestObject@3dbd29cb
2025-08-20 12:40:17,398 INFO  [io.api.tes.ser.api.KafkaSerdesTester] (ForkJoinPool.commonPool-worker-2) topic-73ca1394_af06_41e5_abdd_2599dc0a1a8d 0 3 io.apicurio.tests.common.serdes.TestObject@3dbd29cb
2025-08-20 12:40:17,398 INFO  [io.api.tes.ser.api.KafkaSerdesTester] (ForkJoinPool.commonPool-worker-2) topic-73ca1394_af06_41e5_abdd_2599dc0a1a8d 0 4 io.apicurio.tests.common.serdes.TestObject@3dbd29cb
2025-08-20 12:40:17,398 INFO  [io.api.tes.ser.api.KafkaSerdesTester] (ForkJoinPool.commonPool-worker-2) topic-73ca1394_af06_41e5_abdd_2599dc0a1a8d 0 5 io.apicurio.tests.common.serdes.TestObject@3dbd29cb
2025-08-20 12:40:17,398 INFO  [io.api.tes.ser.api.KafkaSerdesTester] (ForkJoinPool.commonPool-worker-2) topic-73ca1394_af06_41e5_abdd_2599dc0a1a8d 0 6 io.apicurio.tests.common.serdes.TestObject@3dbd29cb
2025-08-20 12:40:17,398 INFO  [io.api.tes.ser.api.KafkaSerdesTester] (ForkJoinPool.commonPool-worker-2) topic-73ca1394_af06_41e5_abdd_2599dc0a1a8d 0 7 io.apicurio.tests.common.serdes.TestObject@3dbd29cb
2025-08-20 12:40:17,398 INFO  [io.api.tes.ser.api.KafkaSerdesTester] (ForkJoinPool.commonPool-worker-2) topic-73ca1394_af06_41e5_abdd_2599dc0a1a8d 0 8 io.apicurio.tests.common.serdes.TestObject@3dbd29cb
2025-08-20 12:40:17,399 INFO  [io.api.tes.ser.api.KafkaSerdesTester] (ForkJoinPool.commonPool-worker-2) topic-73ca1394_af06_41e5_abdd_2599dc0a1a8d 0 9 io.apicurio.tests.common.serdes.TestObject@3dbd29cb
2025-08-20 12:40:17,399 INFO  [io.api.tes.ser.api.KafkaSerdesTester] (ForkJoinPool.commonPool-worker-2) Consumed 10 messages
2025-08-20 12:40:17,406 INFO  [org.apa.kaf.cli.con.int.ConsumerRebalanceListenerInvoker] (ForkJoinPool.commonPool-worker-2) [Consumer clientId=consumer-Consumer-topic-73ca1394_af06_41e5_abdd_2599dc0a1a8d-6, groupId=Consumer-topic-73ca1394_af06_41e5_abdd_2599dc0a1a8d] Revoke previously assigned partitions topic-73ca1394_af06_41e5_abdd_2599dc0a1a8d-0
2025-08-20 12:40:17,406 INFO  [org.apa.kaf.cli.con.int.ConsumerCoordinator] (ForkJoinPool.commonPool-worker-2) [Consumer clientId=consumer-Consumer-topic-73ca1394_af06_41e5_abdd_2599dc0a1a8d-6, groupId=Consumer-topic-73ca1394_af06_41e5_abdd_2599dc0a1a8d] Member consumer-Consumer-topic-73ca1394_af06_41e5_abdd_2599dc0a1a8d-6-8e5ffa05-0afa-45a1-894b-a1ecba4fb6d7 sending LeaveGroup request to coordinator localhost:32769 (id: 2147483647 rack: null) due to the consumer is being closed
2025-08-20 12:40:17,406 INFO  [org.apa.kaf.cli.con.int.ConsumerCoordinator] (ForkJoinPool.commonPool-worker-2) [Consumer clientId=consumer-Consumer-topic-73ca1394_af06_41e5_abdd_2599dc0a1a8d-6, groupId=Consumer-topic-73ca1394_af06_41e5_abdd_2599dc0a1a8d] Resetting generation and member id due to: consumer pro-actively leaving the group
2025-08-20 12:40:17,406 INFO  [org.apa.kaf.cli.con.int.ConsumerCoordinator] (ForkJoinPool.commonPool-worker-2) [Consumer clientId=consumer-Consumer-topic-73ca1394_af06_41e5_abdd_2599dc0a1a8d-6, groupId=Consumer-topic-73ca1394_af06_41e5_abdd_2599dc0a1a8d] Request joining group due to: consumer pro-actively leaving the group
2025-08-20 12:40:17,901 INFO  [org.apa.kaf.com.met.Metrics] (ForkJoinPool.commonPool-worker-2) Metrics scheduler closed
2025-08-20 12:40:17,902 INFO  [org.apa.kaf.com.met.Metrics] (ForkJoinPool.commonPool-worker-2) Closing reporter org.apache.kafka.common.metrics.JmxReporter
2025-08-20 12:40:17,902 INFO  [org.apa.kaf.com.met.Metrics] (ForkJoinPool.commonPool-worker-2) Closing reporter org.apache.kafka.common.telemetry.internals.ClientTelemetryReporter
2025-08-20 12:40:17,902 INFO  [org.apa.kaf.com.met.Metrics] (ForkJoinPool.commonPool-worker-2) Metrics reporters closed
2025-08-20 12:40:17,903 INFO  [org.apa.kaf.com.uti.AppInfoParser] (ForkJoinPool.commonPool-worker-2) App info kafka.consumer for consumer-Consumer-topic-73ca1394_af06_41e5_abdd_2599dc0a1a8d-6 unregistered
2025-08-20 12:40:17,904 INFO  [io.api.tes.uti.TestSeparator] (main) io.apicurio.tests.serdes.apicurio.AvroSerdeIT.testReflectAutoRegister-FINISHED
2025-08-20 12:40:17,904 INFO  [io.api.tes.uti.TestSeparator] (main) ############################################################################
Test passed: testReflectAutoRegister
]]></system-out>
  </testcase>
  <testcase name="testArtifactNotFound" classname="io.apicurio.tests.serdes.apicurio.AvroSerdeIT" time="0.372">
    <system-out><![CDATA[2025-08-20 12:40:17,905 INFO  [io.api.tes.uti.TestSeparator] (main) ############################################################################
2025-08-20 12:40:17,905 INFO  [io.api.tes.uti.TestSeparator] (main) io.apicurio.tests.serdes.apicurio.AvroSerdeIT.testArtifactNotFound-STARTED
**** Registry Base URL: http://registry-app-mysql.apps.ci419.apicurio-testing.org:80
2025-08-20 12:40:17,907 INFO  [org.apa.kaf.cli.pro.ProducerConfig] (main) ProducerConfig values: 
	acks = -1
	auto.include.jmx.reporter = true
	batch.size = 16384
	bootstrap.servers = [PLAINTEXT://localhost:32769]
	buffer.memory = 33554432
	client.dns.lookup = use_all_dns_ips
	client.id = Producer-s7c1b81e2xa301x4c03xad0ax5032be86b841
	compression.gzip.level = -1
	compression.lz4.level = 9
	compression.type = none
	compression.zstd.level = 3
	connections.max.idle.ms = 10000
	delivery.timeout.ms = 120000
	enable.idempotence = true
	enable.metrics.push = true
	interceptor.classes = []
	key.serializer = class org.apache.kafka.common.serialization.StringSerializer
	linger.ms = 0
	max.block.ms = 60000
	max.in.flight.requests.per.connection = 5
	max.request.size = 1048576
	metadata.max.age.ms = 300000
	metadata.max.idle.ms = 300000
	metadata.recovery.strategy = none
	metric.reporters = []
	metrics.num.samples = 2
	metrics.recording.level = INFO
	metrics.sample.window.ms = 30000
	partitioner.adaptive.partitioning.enable = true
	partitioner.availability.timeout.ms = 0
	partitioner.class = null
	partitioner.ignore.keys = false
	receive.buffer.bytes = 32768
	reconnect.backoff.max.ms = 1000
	reconnect.backoff.ms = 50
	request.timeout.ms = 5000
	retries = 2147483647
	retry.backoff.max.ms = 1000
	retry.backoff.ms = 100
	sasl.client.callback.handler.class = null
	sasl.jaas.config = null
	sasl.kerberos.kinit.cmd = /usr/bin/kinit
	sasl.kerberos.min.time.before.relogin = 60000
	sasl.kerberos.service.name = null
	sasl.kerberos.ticket.renew.jitter = 0.05
	sasl.kerberos.ticket.renew.window.factor = 0.8
	sasl.login.callback.handler.class = null
	sasl.login.class = null
	sasl.login.connect.timeout.ms = null
	sasl.login.read.timeout.ms = null
	sasl.login.refresh.buffer.seconds = 300
	sasl.login.refresh.min.period.seconds = 60
	sasl.login.refresh.window.factor = 0.8
	sasl.login.refresh.window.jitter = 0.05
	sasl.login.retry.backoff.max.ms = 10000
	sasl.login.retry.backoff.ms = 100
	sasl.mechanism = GSSAPI
	sasl.oauthbearer.clock.skew.seconds = 30
	sasl.oauthbearer.expected.audience = null
	sasl.oauthbearer.expected.issuer = null
	sasl.oauthbearer.header.urlencode = false
	sasl.oauthbearer.jwks.endpoint.refresh.ms = 3600000
	sasl.oauthbearer.jwks.endpoint.retry.backoff.max.ms = 10000
	sasl.oauthbearer.jwks.endpoint.retry.backoff.ms = 100
	sasl.oauthbearer.jwks.endpoint.url = null
	sasl.oauthbearer.scope.claim.name = scope
	sasl.oauthbearer.sub.claim.name = sub
	sasl.oauthbearer.token.endpoint.url = null
	security.protocol = PLAINTEXT
	security.providers = null
	send.buffer.bytes = 131072
	socket.connection.setup.timeout.max.ms = 30000
	socket.connection.setup.timeout.ms = 10000
	ssl.cipher.suites = null
	ssl.enabled.protocols = [TLSv1.2, TLSv1.3]
	ssl.endpoint.identification.algorithm = https
	ssl.engine.factory.class = null
	ssl.key.password = null
	ssl.keymanager.algorithm = SunX509
	ssl.keystore.certificate.chain = null
	ssl.keystore.key = null
	ssl.keystore.location = null
	ssl.keystore.password = null
	ssl.keystore.type = JKS
	ssl.protocol = TLSv1.3
	ssl.provider = null
	ssl.secure.random.implementation = null
	ssl.trustmanager.algorithm = PKIX
	ssl.truststore.certificates = null
	ssl.truststore.location = null
	ssl.truststore.password = null
	ssl.truststore.type = JKS
	transaction.timeout.ms = 60000
	transactional.id = null
	value.serializer = class io.apicurio.registry.serde.avro.AvroKafkaSerializer

2025-08-20 12:40:17,907 INFO  [org.apa.kaf.com.tel.int.KafkaMetricsCollector] (main) initializing Kafka metrics collector
2025-08-20 12:40:17,910 INFO  [org.apa.kaf.cli.pro.KafkaProducer] (main) [Producer clientId=Producer-s7c1b81e2xa301x4c03xad0ax5032be86b841] Instantiated an idempotent producer.
2025-08-20 12:40:17,912 INFO  [org.apa.kaf.cli.pro.ProducerConfig] (main) These configurations '[apicurio.registry.url, apicurio.registry.artifact-resolver-strategy]' were supplied but are not used yet.
2025-08-20 12:40:17,912 INFO  [org.apa.kaf.com.uti.AppInfoParser] (main) Kafka version: 3.9.1
2025-08-20 12:40:17,912 INFO  [org.apa.kaf.com.uti.AppInfoParser] (main) Kafka commitId: f745dfdcee2b9851
2025-08-20 12:40:17,912 INFO  [org.apa.kaf.com.uti.AppInfoParser] (main) Kafka startTimeMs: 1755693617912
2025-08-20 12:40:17,912 INFO  [io.api.tes.ser.api.KafkaSerdesTester] (ForkJoinPool.commonPool-worker-2) Sending message {"keyB": "value-0"} to topic s7c1b81e2xa301x4c03xad0ax5032be86b841
2025-08-20 12:40:17,916 WARN  [org.apa.kaf.cli.NetworkClient] (kafka-producer-network-thread | Producer-s7c1b81e2xa301x4c03xad0ax5032be86b841) [Producer clientId=Producer-s7c1b81e2xa301x4c03xad0ax5032be86b841] The metadata response from the cluster reported a recoverable issue with correlation id 1 : {s7c1b81e2xa301x4c03xad0ax5032be86b841=UNKNOWN_TOPIC_OR_PARTITION}
2025-08-20 12:40:17,916 INFO  [org.apa.kaf.cli.Metadata] (kafka-producer-network-thread | Producer-s7c1b81e2xa301x4c03xad0ax5032be86b841) [Producer clientId=Producer-s7c1b81e2xa301x4c03xad0ax5032be86b841] Cluster ID: w67HKo3KT1qYVnubU-PiPQ
2025-08-20 12:40:17,916 INFO  [org.apa.kaf.cli.pro.int.TransactionManager] (kafka-producer-network-thread | Producer-s7c1b81e2xa301x4c03xad0ax5032be86b841) [Producer clientId=Producer-s7c1b81e2xa301x4c03xad0ax5032be86b841] ProducerId set to 7 with epoch 0
2025-08-20 12:40:18,033 INFO  [DefaultSchemaResolver] (ForkJoinPool.commonPool-worker-2) Retrieving schema content using string: {"type":"record","name":"myrecord","namespace":"mygroup","fields":[{"name":"keyB","type":"string"}]}
2025-08-20 12:40:18,274 INFO  [org.apa.kaf.cli.pro.KafkaProducer] (ForkJoinPool.commonPool-worker-2) [Producer clientId=Producer-s7c1b81e2xa301x4c03xad0ax5032be86b841] Closing the Kafka producer with timeoutMillis = 9223372036854775807 ms.
2025-08-20 12:40:18,276 INFO  [org.apa.kaf.com.met.Metrics] (ForkJoinPool.commonPool-worker-2) Metrics scheduler closed
2025-08-20 12:40:18,276 INFO  [org.apa.kaf.com.met.Metrics] (ForkJoinPool.commonPool-worker-2) Closing reporter org.apache.kafka.common.metrics.JmxReporter
2025-08-20 12:40:18,276 INFO  [org.apa.kaf.com.met.Metrics] (ForkJoinPool.commonPool-worker-2) Closing reporter org.apache.kafka.common.telemetry.internals.ClientTelemetryReporter
2025-08-20 12:40:18,276 INFO  [org.apa.kaf.com.met.Metrics] (ForkJoinPool.commonPool-worker-2) Metrics reporters closed
2025-08-20 12:40:18,277 INFO  [org.apa.kaf.com.uti.AppInfoParser] (ForkJoinPool.commonPool-worker-2) App info kafka.producer for Producer-s7c1b81e2xa301x4c03xad0ax5032be86b841 unregistered
2025-08-20 12:40:18,277 INFO  [io.api.tes.uti.TestSeparator] (main) io.apicurio.tests.serdes.apicurio.AvroSerdeIT.testArtifactNotFound-FINISHED
2025-08-20 12:40:18,277 INFO  [io.api.tes.uti.TestSeparator] (main) ############################################################################
Test passed: testArtifactNotFound
]]></system-out>
    <system-err><![CDATA[java.lang.RuntimeException: Could not resolve artifact reference by content: {"type":"record","name":"myrecord","namespace":"mygroup","fields":[{"name":"keyB","type":"string"}]}&ArtifactReference [groupId=default, artifactId=s7c1b81e2xa301x4c03xad0ax5032be86b841-value, version=null, globalId=null, contentId=null, contentHash=null]
	at io.apicurio.registry.resolver.DefaultSchemaResolver.lambda$handleResolveSchemaByContent$3(DefaultSchemaResolver.java:265)
	at io.apicurio.registry.resolver.cache.ERCache.lambda$getValue$0(ERCache.java:174)
	at io.apicurio.registry.resolver.cache.ERCache.retry(ERCache.java:227)
	at io.apicurio.registry.resolver.cache.ERCache.getValue(ERCache.java:173)
	at io.apicurio.registry.resolver.cache.ERCache.getByContent(ERCache.java:147)
	at io.apicurio.registry.resolver.DefaultSchemaResolver.handleResolveSchemaByContent(DefaultSchemaResolver.java:253)
	at io.apicurio.registry.resolver.DefaultSchemaResolver.getSchemaFromRegistry(DefaultSchemaResolver.java:138)
	at io.apicurio.registry.resolver.DefaultSchemaResolver.lambda$resolveSchema$0(DefaultSchemaResolver.java:84)
	at java.base/java.util.Optional.orElseGet(Optional.java:364)
	at io.apicurio.registry.resolver.DefaultSchemaResolver.resolveSchema(DefaultSchemaResolver.java:84)
	at io.apicurio.registry.serde.AbstractSerializer.serializeData(AbstractSerializer.java:62)
	at io.apicurio.registry.serde.KafkaSerializer.serialize(KafkaSerializer.java:77)
	at org.apache.kafka.clients.producer.KafkaProducer.doSend(KafkaProducer.java:1046)
	at org.apache.kafka.clients.producer.KafkaProducer.send(KafkaProducer.java:993)
	at org.apache.kafka.clients.producer.KafkaProducer.send(KafkaProducer.java:875)
	at io.apicurio.tests.serdes.apicurio.KafkaSerdesTester.lambda$produceMessages$3(KafkaSerdesTester.java:138)
	at java.base/java.util.concurrent.CompletableFuture$AsyncSupply.run(CompletableFuture.java:1768)
	at java.base/java.util.concurrent.CompletableFuture$AsyncSupply.exec(CompletableFuture.java:1760)
	at java.base/java.util.concurrent.ForkJoinTask.doExec(ForkJoinTask.java:373)
	at java.base/java.util.concurrent.ForkJoinPool$WorkQueue.topLevelExec(ForkJoinPool.java:1182)
	at java.base/java.util.concurrent.ForkJoinPool.scan(ForkJoinPool.java:1655)
	at java.base/java.util.concurrent.ForkJoinPool.runWorker(ForkJoinPool.java:1622)
	at java.base/java.util.concurrent.ForkJoinWorkerThread.run(ForkJoinWorkerThread.java:165)
]]></system-err>
  </testcase>
  <testcase name="testAvroSerDesFailDifferentSchemaByRecordName" classname="io.apicurio.tests.serdes.apicurio.AvroSerdeIT" time="1.361">
    <system-out><![CDATA[2025-08-20 12:40:18,278 INFO  [io.api.tes.uti.TestSeparator] (main) ############################################################################
2025-08-20 12:40:18,278 INFO  [io.api.tes.uti.TestSeparator] (main) io.apicurio.tests.serdes.apicurio.AvroSerdeIT.testAvroSerDesFailDifferentSchemaByRecordName-STARTED
**** Registry Base URL: http://registry-app-mysql.apps.ci419.apicurio-testing.org:80
2025-08-20 12:40:19,473 INFO  [org.apa.kaf.cli.pro.ProducerConfig] (main) ProducerConfig values: 
	acks = -1
	auto.include.jmx.reporter = true
	batch.size = 16384
	bootstrap.servers = [PLAINTEXT://localhost:32769]
	buffer.memory = 33554432
	client.dns.lookup = use_all_dns_ips
	client.id = Producer-topic-ee8505d5_b513_4a3d_a497_1b9eee7f1e5f
	compression.gzip.level = -1
	compression.lz4.level = 9
	compression.type = none
	compression.zstd.level = 3
	connections.max.idle.ms = 10000
	delivery.timeout.ms = 120000
	enable.idempotence = true
	enable.metrics.push = true
	interceptor.classes = []
	key.serializer = class org.apache.kafka.common.serialization.StringSerializer
	linger.ms = 0
	max.block.ms = 60000
	max.in.flight.requests.per.connection = 5
	max.request.size = 1048576
	metadata.max.age.ms = 300000
	metadata.max.idle.ms = 300000
	metadata.recovery.strategy = none
	metric.reporters = []
	metrics.num.samples = 2
	metrics.recording.level = INFO
	metrics.sample.window.ms = 30000
	partitioner.adaptive.partitioning.enable = true
	partitioner.availability.timeout.ms = 0
	partitioner.class = null
	partitioner.ignore.keys = false
	receive.buffer.bytes = 32768
	reconnect.backoff.max.ms = 1000
	reconnect.backoff.ms = 50
	request.timeout.ms = 5000
	retries = 2147483647
	retry.backoff.max.ms = 1000
	retry.backoff.ms = 100
	sasl.client.callback.handler.class = null
	sasl.jaas.config = null
	sasl.kerberos.kinit.cmd = /usr/bin/kinit
	sasl.kerberos.min.time.before.relogin = 60000
	sasl.kerberos.service.name = null
	sasl.kerberos.ticket.renew.jitter = 0.05
	sasl.kerberos.ticket.renew.window.factor = 0.8
	sasl.login.callback.handler.class = null
	sasl.login.class = null
	sasl.login.connect.timeout.ms = null
	sasl.login.read.timeout.ms = null
	sasl.login.refresh.buffer.seconds = 300
	sasl.login.refresh.min.period.seconds = 60
	sasl.login.refresh.window.factor = 0.8
	sasl.login.refresh.window.jitter = 0.05
	sasl.login.retry.backoff.max.ms = 10000
	sasl.login.retry.backoff.ms = 100
	sasl.mechanism = GSSAPI
	sasl.oauthbearer.clock.skew.seconds = 30
	sasl.oauthbearer.expected.audience = null
	sasl.oauthbearer.expected.issuer = null
	sasl.oauthbearer.header.urlencode = false
	sasl.oauthbearer.jwks.endpoint.refresh.ms = 3600000
	sasl.oauthbearer.jwks.endpoint.retry.backoff.max.ms = 10000
	sasl.oauthbearer.jwks.endpoint.retry.backoff.ms = 100
	sasl.oauthbearer.jwks.endpoint.url = null
	sasl.oauthbearer.scope.claim.name = scope
	sasl.oauthbearer.sub.claim.name = sub
	sasl.oauthbearer.token.endpoint.url = null
	security.protocol = PLAINTEXT
	security.providers = null
	send.buffer.bytes = 131072
	socket.connection.setup.timeout.max.ms = 30000
	socket.connection.setup.timeout.ms = 10000
	ssl.cipher.suites = null
	ssl.enabled.protocols = [TLSv1.2, TLSv1.3]
	ssl.endpoint.identification.algorithm = https
	ssl.engine.factory.class = null
	ssl.key.password = null
	ssl.keymanager.algorithm = SunX509
	ssl.keystore.certificate.chain = null
	ssl.keystore.key = null
	ssl.keystore.location = null
	ssl.keystore.password = null
	ssl.keystore.type = JKS
	ssl.protocol = TLSv1.3
	ssl.provider = null
	ssl.secure.random.implementation = null
	ssl.trustmanager.algorithm = PKIX
	ssl.truststore.certificates = null
	ssl.truststore.location = null
	ssl.truststore.password = null
	ssl.truststore.type = JKS
	transaction.timeout.ms = 60000
	transactional.id = null
	value.serializer = class io.apicurio.registry.serde.avro.AvroKafkaSerializer

2025-08-20 12:40:19,473 INFO  [org.apa.kaf.com.tel.int.KafkaMetricsCollector] (main) initializing Kafka metrics collector
2025-08-20 12:40:19,476 INFO  [org.apa.kaf.cli.pro.KafkaProducer] (main) [Producer clientId=Producer-topic-ee8505d5_b513_4a3d_a497_1b9eee7f1e5f] Instantiated an idempotent producer.
2025-08-20 12:40:19,477 INFO  [org.apa.kaf.cli.pro.ProducerConfig] (main) These configurations '[apicurio.registry.find-latest, apicurio.registry.url, apicurio.registry.artifact-resolver-strategy]' were supplied but are not used yet.
2025-08-20 12:40:19,477 INFO  [org.apa.kaf.com.uti.AppInfoParser] (main) Kafka version: 3.9.1
2025-08-20 12:40:19,477 INFO  [org.apa.kaf.com.uti.AppInfoParser] (main) Kafka commitId: f745dfdcee2b9851
2025-08-20 12:40:19,477 INFO  [org.apa.kaf.com.uti.AppInfoParser] (main) Kafka startTimeMs: 1755693619477
2025-08-20 12:40:19,478 INFO  [io.api.tes.ser.api.KafkaSerdesTester] (ForkJoinPool.commonPool-worker-2) Sending message {"keyB": "value-0"} to topic topic-ee8505d5_b513_4a3d_a497_1b9eee7f1e5f
2025-08-20 12:40:19,481 INFO  [org.apa.kaf.cli.Metadata] (kafka-producer-network-thread | Producer-topic-ee8505d5_b513_4a3d_a497_1b9eee7f1e5f) [Producer clientId=Producer-topic-ee8505d5_b513_4a3d_a497_1b9eee7f1e5f] Cluster ID: w67HKo3KT1qYVnubU-PiPQ
2025-08-20 12:40:19,481 INFO  [org.apa.kaf.cli.pro.int.TransactionManager] (kafka-producer-network-thread | Producer-topic-ee8505d5_b513_4a3d_a497_1b9eee7f1e5f) [Producer clientId=Producer-topic-ee8505d5_b513_4a3d_a497_1b9eee7f1e5f] ProducerId set to 8 with epoch 0
2025-08-20 12:40:19,636 INFO  [org.apa.kaf.cli.pro.KafkaProducer] (ForkJoinPool.commonPool-worker-2) [Producer clientId=Producer-topic-ee8505d5_b513_4a3d_a497_1b9eee7f1e5f] Closing the Kafka producer with timeoutMillis = 9223372036854775807 ms.
2025-08-20 12:40:19,638 INFO  [org.apa.kaf.com.met.Metrics] (ForkJoinPool.commonPool-worker-2) Metrics scheduler closed
2025-08-20 12:40:19,638 INFO  [org.apa.kaf.com.met.Metrics] (ForkJoinPool.commonPool-worker-2) Closing reporter org.apache.kafka.common.metrics.JmxReporter
2025-08-20 12:40:19,638 INFO  [org.apa.kaf.com.met.Metrics] (ForkJoinPool.commonPool-worker-2) Closing reporter org.apache.kafka.common.telemetry.internals.ClientTelemetryReporter
2025-08-20 12:40:19,638 INFO  [org.apa.kaf.com.met.Metrics] (ForkJoinPool.commonPool-worker-2) Metrics reporters closed
2025-08-20 12:40:19,638 INFO  [org.apa.kaf.com.uti.AppInfoParser] (ForkJoinPool.commonPool-worker-2) App info kafka.producer for Producer-topic-ee8505d5_b513_4a3d_a497_1b9eee7f1e5f unregistered
2025-08-20 12:40:19,639 INFO  [io.api.tes.uti.TestSeparator] (main) io.apicurio.tests.serdes.apicurio.AvroSerdeIT.testAvroSerDesFailDifferentSchemaByRecordName-FINISHED
2025-08-20 12:40:19,639 INFO  [io.api.tes.uti.TestSeparator] (main) ############################################################################
Test passed: testAvroSerDesFailDifferentSchemaByRecordName
]]></system-out>
    <system-err><![CDATA[io.apicurio.registry.rest.client.models.ProblemDetails
	at io.apicurio.registry.rest.client.models.ProblemDetails.createFromDiscriminatorValue(ProblemDetails.java:58)
	at io.kiota.serialization.json.JsonParseNode.getObjectValue(JsonParseNode.java:247)
	at io.kiota.http.vertx.VertXRequestAdapter.lambda$throwIfFailedResponse$0(VertXRequestAdapter.java:400)
	at com.microsoft.kiota.ApiExceptionBuilder.<init>(ApiExceptionBuilder.java:26)
	at io.kiota.http.vertx.VertXRequestAdapter.throwIfFailedResponse(VertXRequestAdapter.java:399)
	at io.kiota.http.vertx.VertXRequestAdapter.send(VertXRequestAdapter.java:170)
	at jdk.internal.reflect.GeneratedMethodAccessor33.invoke(Unknown Source)
	at java.base/jdk.internal.reflect.DelegatingMethodAccessorImpl.invoke(DelegatingMethodAccessorImpl.java:43)
	at java.base/java.lang.reflect.Method.invoke(Method.java:569)
	at io.apicurio.registry.client.RegistryClientFactory$RetryInvocationHandler.invoke(RegistryClientFactory.java:146)
	at jdk.proxy2/jdk.proxy2.$Proxy65.send(Unknown Source)
	at io.apicurio.registry.rest.client.groups.item.artifacts.item.versions.item.WithVersionExpressionItemRequestBuilder.get(WithVersionExpressionItemRequestBuilder.java:128)
	at io.apicurio.registry.rest.client.groups.item.artifacts.item.versions.item.WithVersionExpressionItemRequestBuilder.get(WithVersionExpressionItemRequestBuilder.java:111)
	at io.apicurio.registry.resolver.client.RegistryClientFacadeImpl.getVersionCoordinatesByGAV(RegistryClientFacadeImpl.java:159)
	at io.apicurio.registry.resolver.DefaultSchemaResolver.resolveByCoordinates(DefaultSchemaResolver.java:352)
	at io.apicurio.registry.resolver.DefaultSchemaResolver.lambda$resolveSchemaByArtifactReferenceCached$6(DefaultSchemaResolver.java:340)
	at io.apicurio.registry.resolver.cache.ERCache.lambda$getValue$0(ERCache.java:174)
	at io.apicurio.registry.resolver.cache.ERCache.retry(ERCache.java:227)
	at io.apicurio.registry.resolver.cache.ERCache.getValue(ERCache.java:173)
	at io.apicurio.registry.resolver.cache.ERCache.getByArtifactCoordinates(ERCache.java:158)
	at io.apicurio.registry.resolver.DefaultSchemaResolver.resolveSchemaByArtifactReferenceCached(DefaultSchemaResolver.java:338)
	at io.apicurio.registry.resolver.DefaultSchemaResolver.resolveSchemaByCoordinates(DefaultSchemaResolver.java:193)
	at io.apicurio.registry.resolver.DefaultSchemaResolver.getSchemaFromRegistry(DefaultSchemaResolver.java:130)
	at io.apicurio.registry.resolver.DefaultSchemaResolver.lambda$resolveSchema$0(DefaultSchemaResolver.java:84)
	at java.base/java.util.Optional.orElseGet(Optional.java:364)
	at io.apicurio.registry.resolver.DefaultSchemaResolver.resolveSchema(DefaultSchemaResolver.java:84)
	at io.apicurio.registry.serde.AbstractSerializer.serializeData(AbstractSerializer.java:62)
	at io.apicurio.registry.serde.KafkaSerializer.serialize(KafkaSerializer.java:77)
	at org.apache.kafka.clients.producer.KafkaProducer.doSend(KafkaProducer.java:1046)
	at org.apache.kafka.clients.producer.KafkaProducer.send(KafkaProducer.java:993)
	at org.apache.kafka.clients.producer.KafkaProducer.send(KafkaProducer.java:875)
	at io.apicurio.tests.serdes.apicurio.KafkaSerdesTester.lambda$produceMessages$3(KafkaSerdesTester.java:138)
	at java.base/java.util.concurrent.CompletableFuture$AsyncSupply.run(CompletableFuture.java:1768)
	at java.base/java.util.concurrent.CompletableFuture$AsyncSupply.exec(CompletableFuture.java:1760)
	at java.base/java.util.concurrent.ForkJoinTask.doExec(ForkJoinTask.java:373)
	at java.base/java.util.concurrent.ForkJoinPool$WorkQueue.topLevelExec(ForkJoinPool.java:1182)
	at java.base/java.util.concurrent.ForkJoinPool.scan(ForkJoinPool.java:1655)
	at java.base/java.util.concurrent.ForkJoinPool.runWorker(ForkJoinPool.java:1622)
	at java.base/java.util.concurrent.ForkJoinWorkerThread.run(ForkJoinWorkerThread.java:165)
]]></system-err>
  </testcase>
  <testcase name="testTopicIdStrategyFindLatest" classname="io.apicurio.tests.serdes.apicurio.AvroSerdeIT" time="5.298">
    <system-out><![CDATA[2025-08-20 12:40:19,640 INFO  [io.api.tes.uti.TestSeparator] (main) ############################################################################
2025-08-20 12:40:19,640 INFO  [io.api.tes.uti.TestSeparator] (main) io.apicurio.tests.serdes.apicurio.AvroSerdeIT.testTopicIdStrategyFindLatest-STARTED
2025-08-20 12:40:19,641 INFO  [io.api.tes.ser.api.AvroSerdeIT] (main) Registering Avro Schema: {"type":"record","name":"myrecordapicurio1","fields":[{"name":"key11755693619640","type":"string"}]}
**** Registry Base URL: http://registry-app-mysql.apps.ci419.apicurio-testing.org:80
2025-08-20 12:40:20,828 INFO  [org.apa.kaf.cli.pro.ProducerConfig] (main) ProducerConfig values: 
	acks = -1
	auto.include.jmx.reporter = true
	batch.size = 16384
	bootstrap.servers = [PLAINTEXT://localhost:32769]
	buffer.memory = 33554432
	client.dns.lookup = use_all_dns_ips
	client.id = Producer-topic-529cba43_6c9a_4a89_98cc_f46cd86e8abc
	compression.gzip.level = -1
	compression.lz4.level = 9
	compression.type = none
	compression.zstd.level = 3
	connections.max.idle.ms = 10000
	delivery.timeout.ms = 120000
	enable.idempotence = true
	enable.metrics.push = true
	interceptor.classes = []
	key.serializer = class org.apache.kafka.common.serialization.StringSerializer
	linger.ms = 0
	max.block.ms = 60000
	max.in.flight.requests.per.connection = 5
	max.request.size = 1048576
	metadata.max.age.ms = 300000
	metadata.max.idle.ms = 300000
	metadata.recovery.strategy = none
	metric.reporters = []
	metrics.num.samples = 2
	metrics.recording.level = INFO
	metrics.sample.window.ms = 30000
	partitioner.adaptive.partitioning.enable = true
	partitioner.availability.timeout.ms = 0
	partitioner.class = null
	partitioner.ignore.keys = false
	receive.buffer.bytes = 32768
	reconnect.backoff.max.ms = 1000
	reconnect.backoff.ms = 50
	request.timeout.ms = 5000
	retries = 2147483647
	retry.backoff.max.ms = 1000
	retry.backoff.ms = 100
	sasl.client.callback.handler.class = null
	sasl.jaas.config = null
	sasl.kerberos.kinit.cmd = /usr/bin/kinit
	sasl.kerberos.min.time.before.relogin = 60000
	sasl.kerberos.service.name = null
	sasl.kerberos.ticket.renew.jitter = 0.05
	sasl.kerberos.ticket.renew.window.factor = 0.8
	sasl.login.callback.handler.class = null
	sasl.login.class = null
	sasl.login.connect.timeout.ms = null
	sasl.login.read.timeout.ms = null
	sasl.login.refresh.buffer.seconds = 300
	sasl.login.refresh.min.period.seconds = 60
	sasl.login.refresh.window.factor = 0.8
	sasl.login.refresh.window.jitter = 0.05
	sasl.login.retry.backoff.max.ms = 10000
	sasl.login.retry.backoff.ms = 100
	sasl.mechanism = GSSAPI
	sasl.oauthbearer.clock.skew.seconds = 30
	sasl.oauthbearer.expected.audience = null
	sasl.oauthbearer.expected.issuer = null
	sasl.oauthbearer.header.urlencode = false
	sasl.oauthbearer.jwks.endpoint.refresh.ms = 3600000
	sasl.oauthbearer.jwks.endpoint.retry.backoff.max.ms = 10000
	sasl.oauthbearer.jwks.endpoint.retry.backoff.ms = 100
	sasl.oauthbearer.jwks.endpoint.url = null
	sasl.oauthbearer.scope.claim.name = scope
	sasl.oauthbearer.sub.claim.name = sub
	sasl.oauthbearer.token.endpoint.url = null
	security.protocol = PLAINTEXT
	security.providers = null
	send.buffer.bytes = 131072
	socket.connection.setup.timeout.max.ms = 30000
	socket.connection.setup.timeout.ms = 10000
	ssl.cipher.suites = null
	ssl.enabled.protocols = [TLSv1.2, TLSv1.3]
	ssl.endpoint.identification.algorithm = https
	ssl.engine.factory.class = null
	ssl.key.password = null
	ssl.keymanager.algorithm = SunX509
	ssl.keystore.certificate.chain = null
	ssl.keystore.key = null
	ssl.keystore.location = null
	ssl.keystore.password = null
	ssl.keystore.type = JKS
	ssl.protocol = TLSv1.3
	ssl.provider = null
	ssl.secure.random.implementation = null
	ssl.trustmanager.algorithm = PKIX
	ssl.truststore.certificates = null
	ssl.truststore.location = null
	ssl.truststore.password = null
	ssl.truststore.type = JKS
	transaction.timeout.ms = 60000
	transactional.id = null
	value.serializer = class io.apicurio.registry.serde.avro.AvroKafkaSerializer

2025-08-20 12:40:20,828 INFO  [org.apa.kaf.com.tel.int.KafkaMetricsCollector] (main) initializing Kafka metrics collector
2025-08-20 12:40:20,831 INFO  [org.apa.kaf.cli.pro.KafkaProducer] (main) [Producer clientId=Producer-topic-529cba43_6c9a_4a89_98cc_f46cd86e8abc] Instantiated an idempotent producer.
2025-08-20 12:40:20,833 INFO  [org.apa.kaf.cli.pro.ProducerConfig] (main) These configurations '[apicurio.registry.find-latest, apicurio.registry.url, apicurio.registry.artifact-resolver-strategy]' were supplied but are not used yet.
2025-08-20 12:40:20,833 INFO  [org.apa.kaf.com.uti.AppInfoParser] (main) Kafka version: 3.9.1
2025-08-20 12:40:20,833 INFO  [org.apa.kaf.com.uti.AppInfoParser] (main) Kafka commitId: f745dfdcee2b9851
2025-08-20 12:40:20,833 INFO  [org.apa.kaf.com.uti.AppInfoParser] (main) Kafka startTimeMs: 1755693620833
2025-08-20 12:40:20,833 INFO  [io.api.tes.ser.api.SimpleSerdesTesterBuilder$SimpleSerdesTester] (main) Using producer configuration: {apicurio.registry.find-latest=true, apicurio.registry.url=http://registry-app-mysql.apps.ci419.apicurio-testing.org:80/apis/registry/v3, apicurio.registry.artifact-resolver-strategy=io.apicurio.registry.serde.strategy.TopicIdStrategy, value.serializer=io.apicurio.registry.serde.avro.AvroKafkaSerializer, request.timeout.ms=5000, acks=all, bootstrap.servers=PLAINTEXT://localhost:32769, connections.max.idle.ms=10000, key.serializer=org.apache.kafka.common.serialization.StringSerializer, client.id=Producer-topic-529cba43_6c9a_4a89_98cc_f46cd86e8abc}
2025-08-20 12:40:20,833 INFO  [io.api.tes.ser.api.SimpleSerdesTesterBuilder$SimpleSerdesTester] (main) Using consumer configuration: {}
2025-08-20 12:40:20,834 INFO  [io.api.tes.ser.api.KafkaSerdesTester] (ForkJoinPool.commonPool-worker-2) Sending message {"key11755693619640": "value-0"} to topic topic-529cba43_6c9a_4a89_98cc_f46cd86e8abc
2025-08-20 12:40:20,836 INFO  [org.apa.kaf.cli.Metadata] (kafka-producer-network-thread | Producer-topic-529cba43_6c9a_4a89_98cc_f46cd86e8abc) [Producer clientId=Producer-topic-529cba43_6c9a_4a89_98cc_f46cd86e8abc] Cluster ID: w67HKo3KT1qYVnubU-PiPQ
2025-08-20 12:40:20,837 INFO  [org.apa.kaf.cli.pro.int.TransactionManager] (kafka-producer-network-thread | Producer-topic-529cba43_6c9a_4a89_98cc_f46cd86e8abc) [Producer clientId=Producer-topic-529cba43_6c9a_4a89_98cc_f46cd86e8abc] ProducerId set to 9 with epoch 0
2025-08-20 12:40:21,158 INFO  [io.api.tes.ser.api.KafkaSerdesTester] (ForkJoinPool.commonPool-worker-2) Sending message {"key11755693619640": "value-1"} to topic topic-529cba43_6c9a_4a89_98cc_f46cd86e8abc
2025-08-20 12:40:21,159 INFO  [io.api.tes.ser.api.KafkaSerdesTester] (ForkJoinPool.commonPool-worker-2) Sending message {"key11755693619640": "value-2"} to topic topic-529cba43_6c9a_4a89_98cc_f46cd86e8abc
2025-08-20 12:40:21,161 INFO  [io.api.tes.ser.api.KafkaSerdesTester] (ForkJoinPool.commonPool-worker-2) Sending message {"key11755693619640": "value-3"} to topic topic-529cba43_6c9a_4a89_98cc_f46cd86e8abc
2025-08-20 12:40:21,162 INFO  [io.api.tes.ser.api.KafkaSerdesTester] (ForkJoinPool.commonPool-worker-2) Sending message {"key11755693619640": "value-4"} to topic topic-529cba43_6c9a_4a89_98cc_f46cd86e8abc
2025-08-20 12:40:21,164 INFO  [io.api.tes.ser.api.KafkaSerdesTester] (ForkJoinPool.commonPool-worker-2) Sending message {"key11755693619640": "value-5"} to topic topic-529cba43_6c9a_4a89_98cc_f46cd86e8abc
2025-08-20 12:40:21,165 INFO  [io.api.tes.ser.api.KafkaSerdesTester] (ForkJoinPool.commonPool-worker-2) Sending message {"key11755693619640": "value-6"} to topic topic-529cba43_6c9a_4a89_98cc_f46cd86e8abc
2025-08-20 12:40:21,166 INFO  [io.api.tes.ser.api.KafkaSerdesTester] (ForkJoinPool.commonPool-worker-2) Sending message {"key11755693619640": "value-7"} to topic topic-529cba43_6c9a_4a89_98cc_f46cd86e8abc
2025-08-20 12:40:21,168 INFO  [io.api.tes.ser.api.KafkaSerdesTester] (ForkJoinPool.commonPool-worker-2) Sending message {"key11755693619640": "value-8"} to topic topic-529cba43_6c9a_4a89_98cc_f46cd86e8abc
2025-08-20 12:40:21,169 INFO  [io.api.tes.ser.api.KafkaSerdesTester] (ForkJoinPool.commonPool-worker-2) Sending message {"key11755693619640": "value-9"} to topic topic-529cba43_6c9a_4a89_98cc_f46cd86e8abc
2025-08-20 12:40:21,170 INFO  [io.api.tes.ser.api.KafkaSerdesTester] (ForkJoinPool.commonPool-worker-2) Produced 10 messages
2025-08-20 12:40:21,170 INFO  [org.apa.kaf.cli.pro.KafkaProducer] (ForkJoinPool.commonPool-worker-2) [Producer clientId=Producer-topic-529cba43_6c9a_4a89_98cc_f46cd86e8abc] Closing the Kafka producer with timeoutMillis = 9223372036854775807 ms.
2025-08-20 12:40:21,172 INFO  [org.apa.kaf.com.met.Metrics] (ForkJoinPool.commonPool-worker-2) Metrics scheduler closed
2025-08-20 12:40:21,172 INFO  [org.apa.kaf.com.met.Metrics] (ForkJoinPool.commonPool-worker-2) Closing reporter org.apache.kafka.common.metrics.JmxReporter
2025-08-20 12:40:21,172 INFO  [org.apa.kaf.com.met.Metrics] (ForkJoinPool.commonPool-worker-2) Closing reporter org.apache.kafka.common.telemetry.internals.ClientTelemetryReporter
2025-08-20 12:40:21,172 INFO  [org.apa.kaf.com.met.Metrics] (ForkJoinPool.commonPool-worker-2) Metrics reporters closed
2025-08-20 12:40:21,172 INFO  [org.apa.kaf.com.uti.AppInfoParser] (ForkJoinPool.commonPool-worker-2) App info kafka.producer for Producer-topic-529cba43_6c9a_4a89_98cc_f46cd86e8abc unregistered
**** Registry Base URL: http://registry-app-mysql.apps.ci419.apicurio-testing.org:80
2025-08-20 12:40:21,173 INFO  [org.apa.kaf.cli.con.ConsumerConfig] (main) ConsumerConfig values: 
	allow.auto.create.topics = true
	auto.commit.interval.ms = 500
	auto.include.jmx.reporter = true
	auto.offset.reset = earliest
	bootstrap.servers = [PLAINTEXT://localhost:32769]
	check.crcs = true
	client.dns.lookup = use_all_dns_ips
	client.id = consumer-Consumer-topic-529cba43_6c9a_4a89_98cc_f46cd86e8abc-7
	client.rack = 
	connections.max.idle.ms = 10000
	default.api.timeout.ms = 60000
	enable.auto.commit = true
	enable.metrics.push = true
	exclude.internal.topics = true
	fetch.max.bytes = 52428800
	fetch.max.wait.ms = 500
	fetch.min.bytes = 1
	group.id = Consumer-topic-529cba43_6c9a_4a89_98cc_f46cd86e8abc
	group.instance.id = null
	group.protocol = classic
	group.remote.assignor = null
	heartbeat.interval.ms = 3000
	interceptor.classes = []
	internal.leave.group.on.close = true
	internal.throw.on.fetch.stable.offset.unsupported = false
	isolation.level = read_uncommitted
	key.deserializer = class org.apache.kafka.common.serialization.StringDeserializer
	max.partition.fetch.bytes = 1048576
	max.poll.interval.ms = 300000
	max.poll.records = 500
	metadata.max.age.ms = 300000
	metadata.recovery.strategy = none
	metric.reporters = []
	metrics.num.samples = 2
	metrics.recording.level = INFO
	metrics.sample.window.ms = 30000
	partition.assignment.strategy = [class org.apache.kafka.clients.consumer.RangeAssignor, class org.apache.kafka.clients.consumer.CooperativeStickyAssignor]
	receive.buffer.bytes = 65536
	reconnect.backoff.max.ms = 1000
	reconnect.backoff.ms = 50
	request.timeout.ms = 5000
	retry.backoff.max.ms = 1000
	retry.backoff.ms = 100
	sasl.client.callback.handler.class = null
	sasl.jaas.config = null
	sasl.kerberos.kinit.cmd = /usr/bin/kinit
	sasl.kerberos.min.time.before.relogin = 60000
	sasl.kerberos.service.name = null
	sasl.kerberos.ticket.renew.jitter = 0.05
	sasl.kerberos.ticket.renew.window.factor = 0.8
	sasl.login.callback.handler.class = null
	sasl.login.class = null
	sasl.login.connect.timeout.ms = null
	sasl.login.read.timeout.ms = null
	sasl.login.refresh.buffer.seconds = 300
	sasl.login.refresh.min.period.seconds = 60
	sasl.login.refresh.window.factor = 0.8
	sasl.login.refresh.window.jitter = 0.05
	sasl.login.retry.backoff.max.ms = 10000
	sasl.login.retry.backoff.ms = 100
	sasl.mechanism = GSSAPI
	sasl.oauthbearer.clock.skew.seconds = 30
	sasl.oauthbearer.expected.audience = null
	sasl.oauthbearer.expected.issuer = null
	sasl.oauthbearer.header.urlencode = false
	sasl.oauthbearer.jwks.endpoint.refresh.ms = 3600000
	sasl.oauthbearer.jwks.endpoint.retry.backoff.max.ms = 10000
	sasl.oauthbearer.jwks.endpoint.retry.backoff.ms = 100
	sasl.oauthbearer.jwks.endpoint.url = null
	sasl.oauthbearer.scope.claim.name = scope
	sasl.oauthbearer.sub.claim.name = sub
	sasl.oauthbearer.token.endpoint.url = null
	security.protocol = PLAINTEXT
	security.providers = null
	send.buffer.bytes = 131072
	session.timeout.ms = 45000
	socket.connection.setup.timeout.max.ms = 30000
	socket.connection.setup.timeout.ms = 10000
	ssl.cipher.suites = null
	ssl.enabled.protocols = [TLSv1.2, TLSv1.3]
	ssl.endpoint.identification.algorithm = https
	ssl.engine.factory.class = null
	ssl.key.password = null
	ssl.keymanager.algorithm = SunX509
	ssl.keystore.certificate.chain = null
	ssl.keystore.key = null
	ssl.keystore.location = null
	ssl.keystore.password = null
	ssl.keystore.type = JKS
	ssl.protocol = TLSv1.3
	ssl.provider = null
	ssl.secure.random.implementation = null
	ssl.trustmanager.algorithm = PKIX
	ssl.truststore.certificates = null
	ssl.truststore.location = null
	ssl.truststore.password = null
	ssl.truststore.type = JKS
	value.deserializer = class io.apicurio.registry.serde.avro.AvroKafkaDeserializer

2025-08-20 12:40:21,173 INFO  [org.apa.kaf.com.tel.int.KafkaMetricsCollector] (main) initializing Kafka metrics collector
2025-08-20 12:40:21,178 INFO  [org.apa.kaf.cli.con.ConsumerConfig] (main) These configurations '[apicurio.registry.url]' were supplied but are not used yet.
2025-08-20 12:40:21,178 INFO  [org.apa.kaf.com.uti.AppInfoParser] (main) Kafka version: 3.9.1
2025-08-20 12:40:21,178 INFO  [org.apa.kaf.com.uti.AppInfoParser] (main) Kafka commitId: f745dfdcee2b9851
2025-08-20 12:40:21,178 INFO  [org.apa.kaf.com.uti.AppInfoParser] (main) Kafka startTimeMs: 1755693621178
2025-08-20 12:40:21,178 INFO  [org.apa.kaf.cli.con.int.ClassicKafkaConsumer] (ForkJoinPool.commonPool-worker-2) [Consumer clientId=consumer-Consumer-topic-529cba43_6c9a_4a89_98cc_f46cd86e8abc-7, groupId=Consumer-topic-529cba43_6c9a_4a89_98cc_f46cd86e8abc] Subscribed to topic(s): topic-529cba43_6c9a_4a89_98cc_f46cd86e8abc
2025-08-20 12:40:21,181 INFO  [org.apa.kaf.cli.Metadata] (ForkJoinPool.commonPool-worker-2) [Consumer clientId=consumer-Consumer-topic-529cba43_6c9a_4a89_98cc_f46cd86e8abc-7, groupId=Consumer-topic-529cba43_6c9a_4a89_98cc_f46cd86e8abc] Cluster ID: w67HKo3KT1qYVnubU-PiPQ
2025-08-20 12:40:21,182 INFO  [org.apa.kaf.cli.con.int.ConsumerCoordinator] (ForkJoinPool.commonPool-worker-2) [Consumer clientId=consumer-Consumer-topic-529cba43_6c9a_4a89_98cc_f46cd86e8abc-7, groupId=Consumer-topic-529cba43_6c9a_4a89_98cc_f46cd86e8abc] Discovered group coordinator localhost:32769 (id: 2147483647 rack: null)
2025-08-20 12:40:21,183 INFO  [org.apa.kaf.cli.con.int.ConsumerCoordinator] (ForkJoinPool.commonPool-worker-2) [Consumer clientId=consumer-Consumer-topic-529cba43_6c9a_4a89_98cc_f46cd86e8abc-7, groupId=Consumer-topic-529cba43_6c9a_4a89_98cc_f46cd86e8abc] (Re-)joining group
2025-08-20 12:40:21,185 INFO  [org.apa.kaf.cli.con.int.ConsumerCoordinator] (ForkJoinPool.commonPool-worker-2) [Consumer clientId=consumer-Consumer-topic-529cba43_6c9a_4a89_98cc_f46cd86e8abc-7, groupId=Consumer-topic-529cba43_6c9a_4a89_98cc_f46cd86e8abc] Request joining group due to: need to re-join with the given member-id: consumer-Consumer-topic-529cba43_6c9a_4a89_98cc_f46cd86e8abc-7-be3f13f9-9420-4666-b22a-2625163676e8
2025-08-20 12:40:21,185 INFO  [org.apa.kaf.cli.con.int.ConsumerCoordinator] (ForkJoinPool.commonPool-worker-2) [Consumer clientId=consumer-Consumer-topic-529cba43_6c9a_4a89_98cc_f46cd86e8abc-7, groupId=Consumer-topic-529cba43_6c9a_4a89_98cc_f46cd86e8abc] (Re-)joining group
2025-08-20 12:40:22,178 INFO  [io.api.tes.ser.api.KafkaSerdesTester] (ForkJoinPool.commonPool-worker-2) None found
2025-08-20 12:40:23,179 INFO  [io.api.tes.ser.api.KafkaSerdesTester] (ForkJoinPool.commonPool-worker-2) None found
2025-08-20 12:40:24,179 INFO  [io.api.tes.ser.api.KafkaSerdesTester] (ForkJoinPool.commonPool-worker-2) None found
2025-08-20 12:40:24,187 INFO  [org.apa.kaf.cli.con.int.ConsumerCoordinator] (ForkJoinPool.commonPool-worker-2) [Consumer clientId=consumer-Consumer-topic-529cba43_6c9a_4a89_98cc_f46cd86e8abc-7, groupId=Consumer-topic-529cba43_6c9a_4a89_98cc_f46cd86e8abc] Successfully joined group with generation Generation{generationId=1, memberId='consumer-Consumer-topic-529cba43_6c9a_4a89_98cc_f46cd86e8abc-7-be3f13f9-9420-4666-b22a-2625163676e8', protocol='range'}
2025-08-20 12:40:24,187 INFO  [org.apa.kaf.cli.con.int.ConsumerCoordinator] (ForkJoinPool.commonPool-worker-2) [Consumer clientId=consumer-Consumer-topic-529cba43_6c9a_4a89_98cc_f46cd86e8abc-7, groupId=Consumer-topic-529cba43_6c9a_4a89_98cc_f46cd86e8abc] Finished assignment for group at generation 1: {consumer-Consumer-topic-529cba43_6c9a_4a89_98cc_f46cd86e8abc-7-be3f13f9-9420-4666-b22a-2625163676e8=Assignment(partitions=[topic-529cba43_6c9a_4a89_98cc_f46cd86e8abc-0])}
2025-08-20 12:40:24,194 INFO  [org.apa.kaf.cli.con.int.ConsumerCoordinator] (ForkJoinPool.commonPool-worker-2) [Consumer clientId=consumer-Consumer-topic-529cba43_6c9a_4a89_98cc_f46cd86e8abc-7, groupId=Consumer-topic-529cba43_6c9a_4a89_98cc_f46cd86e8abc] Successfully synced group in generation Generation{generationId=1, memberId='consumer-Consumer-topic-529cba43_6c9a_4a89_98cc_f46cd86e8abc-7-be3f13f9-9420-4666-b22a-2625163676e8', protocol='range'}
2025-08-20 12:40:24,194 INFO  [org.apa.kaf.cli.con.int.ConsumerCoordinator] (ForkJoinPool.commonPool-worker-2) [Consumer clientId=consumer-Consumer-topic-529cba43_6c9a_4a89_98cc_f46cd86e8abc-7, groupId=Consumer-topic-529cba43_6c9a_4a89_98cc_f46cd86e8abc] Notifying assignor about the new Assignment(partitions=[topic-529cba43_6c9a_4a89_98cc_f46cd86e8abc-0])
2025-08-20 12:40:24,194 INFO  [org.apa.kaf.cli.con.int.ConsumerRebalanceListenerInvoker] (ForkJoinPool.commonPool-worker-2) [Consumer clientId=consumer-Consumer-topic-529cba43_6c9a_4a89_98cc_f46cd86e8abc-7, groupId=Consumer-topic-529cba43_6c9a_4a89_98cc_f46cd86e8abc] Adding newly assigned partitions: topic-529cba43_6c9a_4a89_98cc_f46cd86e8abc-0
2025-08-20 12:40:24,195 INFO  [org.apa.kaf.cli.con.int.ConsumerCoordinator] (ForkJoinPool.commonPool-worker-2) [Consumer clientId=consumer-Consumer-topic-529cba43_6c9a_4a89_98cc_f46cd86e8abc-7, groupId=Consumer-topic-529cba43_6c9a_4a89_98cc_f46cd86e8abc] Found no committed offset for partition topic-529cba43_6c9a_4a89_98cc_f46cd86e8abc-0
2025-08-20 12:40:24,198 INFO  [org.apa.kaf.cli.con.int.SubscriptionState] (ForkJoinPool.commonPool-worker-2) [Consumer clientId=consumer-Consumer-topic-529cba43_6c9a_4a89_98cc_f46cd86e8abc-7, groupId=Consumer-topic-529cba43_6c9a_4a89_98cc_f46cd86e8abc] Resetting offset for partition topic-529cba43_6c9a_4a89_98cc_f46cd86e8abc-0 to position FetchPosition{offset=0, offsetEpoch=Optional.empty, currentLeader=LeaderAndEpoch{leader=Optional[localhost:32769 (id: 0 rack: null)], epoch=0}}.
2025-08-20 12:40:24,432 INFO  [io.api.tes.ser.api.KafkaSerdesTester] (ForkJoinPool.commonPool-worker-2) topic-529cba43_6c9a_4a89_98cc_f46cd86e8abc 0 0 {"key11755693619640": "value-0"}
2025-08-20 12:40:24,433 INFO  [io.api.tes.ser.api.KafkaSerdesTester] (ForkJoinPool.commonPool-worker-2) topic-529cba43_6c9a_4a89_98cc_f46cd86e8abc 0 1 {"key11755693619640": "value-1"}
2025-08-20 12:40:24,433 INFO  [io.api.tes.ser.api.KafkaSerdesTester] (ForkJoinPool.commonPool-worker-2) topic-529cba43_6c9a_4a89_98cc_f46cd86e8abc 0 2 {"key11755693619640": "value-2"}
2025-08-20 12:40:24,433 INFO  [io.api.tes.ser.api.KafkaSerdesTester] (ForkJoinPool.commonPool-worker-2) topic-529cba43_6c9a_4a89_98cc_f46cd86e8abc 0 3 {"key11755693619640": "value-3"}
2025-08-20 12:40:24,433 INFO  [io.api.tes.ser.api.KafkaSerdesTester] (ForkJoinPool.commonPool-worker-2) topic-529cba43_6c9a_4a89_98cc_f46cd86e8abc 0 4 {"key11755693619640": "value-4"}
2025-08-20 12:40:24,433 INFO  [io.api.tes.ser.api.KafkaSerdesTester] (ForkJoinPool.commonPool-worker-2) topic-529cba43_6c9a_4a89_98cc_f46cd86e8abc 0 5 {"key11755693619640": "value-5"}
2025-08-20 12:40:24,433 INFO  [io.api.tes.ser.api.KafkaSerdesTester] (ForkJoinPool.commonPool-worker-2) topic-529cba43_6c9a_4a89_98cc_f46cd86e8abc 0 6 {"key11755693619640": "value-6"}
2025-08-20 12:40:24,433 INFO  [io.api.tes.ser.api.KafkaSerdesTester] (ForkJoinPool.commonPool-worker-2) topic-529cba43_6c9a_4a89_98cc_f46cd86e8abc 0 7 {"key11755693619640": "value-7"}
2025-08-20 12:40:24,433 INFO  [io.api.tes.ser.api.KafkaSerdesTester] (ForkJoinPool.commonPool-worker-2) topic-529cba43_6c9a_4a89_98cc_f46cd86e8abc 0 8 {"key11755693619640": "value-8"}
2025-08-20 12:40:24,433 INFO  [io.api.tes.ser.api.KafkaSerdesTester] (ForkJoinPool.commonPool-worker-2) topic-529cba43_6c9a_4a89_98cc_f46cd86e8abc 0 9 {"key11755693619640": "value-9"}
2025-08-20 12:40:24,433 INFO  [io.api.tes.ser.api.KafkaSerdesTester] (ForkJoinPool.commonPool-worker-2) Consumed 10 messages
2025-08-20 12:40:24,440 INFO  [org.apa.kaf.cli.con.int.ConsumerRebalanceListenerInvoker] (ForkJoinPool.commonPool-worker-2) [Consumer clientId=consumer-Consumer-topic-529cba43_6c9a_4a89_98cc_f46cd86e8abc-7, groupId=Consumer-topic-529cba43_6c9a_4a89_98cc_f46cd86e8abc] Revoke previously assigned partitions topic-529cba43_6c9a_4a89_98cc_f46cd86e8abc-0
2025-08-20 12:40:24,440 INFO  [org.apa.kaf.cli.con.int.ConsumerCoordinator] (ForkJoinPool.commonPool-worker-2) [Consumer clientId=consumer-Consumer-topic-529cba43_6c9a_4a89_98cc_f46cd86e8abc-7, groupId=Consumer-topic-529cba43_6c9a_4a89_98cc_f46cd86e8abc] Member consumer-Consumer-topic-529cba43_6c9a_4a89_98cc_f46cd86e8abc-7-be3f13f9-9420-4666-b22a-2625163676e8 sending LeaveGroup request to coordinator localhost:32769 (id: 2147483647 rack: null) due to the consumer is being closed
2025-08-20 12:40:24,440 INFO  [org.apa.kaf.cli.con.int.ConsumerCoordinator] (ForkJoinPool.commonPool-worker-2) [Consumer clientId=consumer-Consumer-topic-529cba43_6c9a_4a89_98cc_f46cd86e8abc-7, groupId=Consumer-topic-529cba43_6c9a_4a89_98cc_f46cd86e8abc] Resetting generation and member id due to: consumer pro-actively leaving the group
2025-08-20 12:40:24,440 INFO  [org.apa.kaf.cli.con.int.ConsumerCoordinator] (ForkJoinPool.commonPool-worker-2) [Consumer clientId=consumer-Consumer-topic-529cba43_6c9a_4a89_98cc_f46cd86e8abc-7, groupId=Consumer-topic-529cba43_6c9a_4a89_98cc_f46cd86e8abc] Request joining group due to: consumer pro-actively leaving the group
2025-08-20 12:40:24,935 INFO  [org.apa.kaf.com.met.Metrics] (ForkJoinPool.commonPool-worker-2) Metrics scheduler closed
2025-08-20 12:40:24,935 INFO  [org.apa.kaf.com.met.Metrics] (ForkJoinPool.commonPool-worker-2) Closing reporter org.apache.kafka.common.metrics.JmxReporter
2025-08-20 12:40:24,935 INFO  [org.apa.kaf.com.met.Metrics] (ForkJoinPool.commonPool-worker-2) Closing reporter org.apache.kafka.common.telemetry.internals.ClientTelemetryReporter
2025-08-20 12:40:24,935 INFO  [org.apa.kaf.com.met.Metrics] (ForkJoinPool.commonPool-worker-2) Metrics reporters closed
2025-08-20 12:40:24,936 INFO  [org.apa.kaf.com.uti.AppInfoParser] (ForkJoinPool.commonPool-worker-2) App info kafka.consumer for consumer-Consumer-topic-529cba43_6c9a_4a89_98cc_f46cd86e8abc-7 unregistered
2025-08-20 12:40:24,937 INFO  [io.api.tes.uti.TestSeparator] (main) io.apicurio.tests.serdes.apicurio.AvroSerdeIT.testTopicIdStrategyFindLatest-FINISHED
2025-08-20 12:40:24,937 INFO  [io.api.tes.uti.TestSeparator] (main) ############################################################################
Test passed: testTopicIdStrategyFindLatest
]]></system-out>
  </testcase>
  <testcase name="testAvroUnionWithSpecificReader" classname="io.apicurio.tests.serdes.apicurio.AvroSerdeIT" time="4.897">
    <system-out><![CDATA[2025-08-20 12:40:24,938 INFO  [io.api.tes.uti.TestSeparator] (main) ############################################################################
2025-08-20 12:40:24,938 INFO  [io.api.tes.uti.TestSeparator] (main) io.apicurio.tests.serdes.apicurio.AvroSerdeIT.testAvroUnionWithSpecificReader-STARTED
**** Registry Base URL: http://registry-app-mysql.apps.ci419.apicurio-testing.org:80
2025-08-20 12:40:24,941 INFO  [org.apa.kaf.cli.pro.ProducerConfig] (main) ProducerConfig values: 
	acks = -1
	auto.include.jmx.reporter = true
	batch.size = 16384
	bootstrap.servers = [PLAINTEXT://localhost:32769]
	buffer.memory = 33554432
	client.dns.lookup = use_all_dns_ips
	client.id = Producer-topic-f2452bf9_11c3_4943_8faa_ebbfda00ec8d
	compression.gzip.level = -1
	compression.lz4.level = 9
	compression.type = none
	compression.zstd.level = 3
	connections.max.idle.ms = 10000
	delivery.timeout.ms = 120000
	enable.idempotence = true
	enable.metrics.push = true
	interceptor.classes = []
	key.serializer = class org.apache.kafka.common.serialization.StringSerializer
	linger.ms = 0
	max.block.ms = 60000
	max.in.flight.requests.per.connection = 5
	max.request.size = 1048576
	metadata.max.age.ms = 300000
	metadata.max.idle.ms = 300000
	metadata.recovery.strategy = none
	metric.reporters = []
	metrics.num.samples = 2
	metrics.recording.level = INFO
	metrics.sample.window.ms = 30000
	partitioner.adaptive.partitioning.enable = true
	partitioner.availability.timeout.ms = 0
	partitioner.class = null
	partitioner.ignore.keys = false
	receive.buffer.bytes = 32768
	reconnect.backoff.max.ms = 1000
	reconnect.backoff.ms = 50
	request.timeout.ms = 5000
	retries = 2147483647
	retry.backoff.max.ms = 1000
	retry.backoff.ms = 100
	sasl.client.callback.handler.class = null
	sasl.jaas.config = null
	sasl.kerberos.kinit.cmd = /usr/bin/kinit
	sasl.kerberos.min.time.before.relogin = 60000
	sasl.kerberos.service.name = null
	sasl.kerberos.ticket.renew.jitter = 0.05
	sasl.kerberos.ticket.renew.window.factor = 0.8
	sasl.login.callback.handler.class = null
	sasl.login.class = null
	sasl.login.connect.timeout.ms = null
	sasl.login.read.timeout.ms = null
	sasl.login.refresh.buffer.seconds = 300
	sasl.login.refresh.min.period.seconds = 60
	sasl.login.refresh.window.factor = 0.8
	sasl.login.refresh.window.jitter = 0.05
	sasl.login.retry.backoff.max.ms = 10000
	sasl.login.retry.backoff.ms = 100
	sasl.mechanism = GSSAPI
	sasl.oauthbearer.clock.skew.seconds = 30
	sasl.oauthbearer.expected.audience = null
	sasl.oauthbearer.expected.issuer = null
	sasl.oauthbearer.header.urlencode = false
	sasl.oauthbearer.jwks.endpoint.refresh.ms = 3600000
	sasl.oauthbearer.jwks.endpoint.retry.backoff.max.ms = 10000
	sasl.oauthbearer.jwks.endpoint.retry.backoff.ms = 100
	sasl.oauthbearer.jwks.endpoint.url = null
	sasl.oauthbearer.scope.claim.name = scope
	sasl.oauthbearer.sub.claim.name = sub
	sasl.oauthbearer.token.endpoint.url = null
	security.protocol = PLAINTEXT
	security.providers = null
	send.buffer.bytes = 131072
	socket.connection.setup.timeout.max.ms = 30000
	socket.connection.setup.timeout.ms = 10000
	ssl.cipher.suites = null
	ssl.enabled.protocols = [TLSv1.2, TLSv1.3]
	ssl.endpoint.identification.algorithm = https
	ssl.engine.factory.class = null
	ssl.key.password = null
	ssl.keymanager.algorithm = SunX509
	ssl.keystore.certificate.chain = null
	ssl.keystore.key = null
	ssl.keystore.location = null
	ssl.keystore.password = null
	ssl.keystore.type = JKS
	ssl.protocol = TLSv1.3
	ssl.provider = null
	ssl.secure.random.implementation = null
	ssl.trustmanager.algorithm = PKIX
	ssl.truststore.certificates = null
	ssl.truststore.location = null
	ssl.truststore.password = null
	ssl.truststore.type = JKS
	transaction.timeout.ms = 60000
	transactional.id = null
	value.serializer = class io.apicurio.registry.serde.avro.AvroKafkaSerializer

2025-08-20 12:40:24,941 INFO  [org.apa.kaf.com.tel.int.KafkaMetricsCollector] (main) initializing Kafka metrics collector
2025-08-20 12:40:24,944 INFO  [org.apa.kaf.cli.pro.KafkaProducer] (main) [Producer clientId=Producer-topic-f2452bf9_11c3_4943_8faa_ebbfda00ec8d] Instantiated an idempotent producer.
2025-08-20 12:40:24,945 INFO  [org.apa.kaf.cli.pro.ProducerConfig] (main) These configurations '[apicurio.registry.url, apicurio.registry.auto-register, apicurio.registry.artifact-resolver-strategy]' were supplied but are not used yet.
2025-08-20 12:40:24,945 INFO  [org.apa.kaf.com.uti.AppInfoParser] (main) Kafka version: 3.9.1
2025-08-20 12:40:24,945 INFO  [org.apa.kaf.com.uti.AppInfoParser] (main) Kafka commitId: f745dfdcee2b9851
2025-08-20 12:40:24,945 INFO  [org.apa.kaf.com.uti.AppInfoParser] (main) Kafka startTimeMs: 1755693624945
2025-08-20 12:40:24,945 INFO  [io.api.tes.ser.api.SimpleSerdesTesterBuilder$SimpleSerdesTester] (main) Using producer configuration: {apicurio.registry.url=http://registry-app-mysql.apps.ci419.apicurio-testing.org:80/apis/registry/v3, apicurio.registry.auto-register=true, apicurio.registry.artifact-resolver-strategy=io.apicurio.registry.serde.strategy.TopicIdStrategy, value.serializer=io.apicurio.registry.serde.avro.AvroKafkaSerializer, request.timeout.ms=5000, acks=all, bootstrap.servers=PLAINTEXT://localhost:32769, connections.max.idle.ms=10000, key.serializer=org.apache.kafka.common.serialization.StringSerializer, client.id=Producer-topic-f2452bf9_11c3_4943_8faa_ebbfda00ec8d}
2025-08-20 12:40:24,945 INFO  [io.api.tes.ser.api.SimpleSerdesTesterBuilder$SimpleSerdesTester] (main) Using consumer configuration: {}
2025-08-20 12:40:24,946 INFO  [io.api.tes.ser.api.KafkaSerdesTester] (ForkJoinPool.commonPool-worker-2) Sending message {"id": "record-0"} to topic topic-f2452bf9_11c3_4943_8faa_ebbfda00ec8d
2025-08-20 12:40:24,949 WARN  [org.apa.kaf.cli.NetworkClient] (kafka-producer-network-thread | Producer-topic-f2452bf9_11c3_4943_8faa_ebbfda00ec8d) [Producer clientId=Producer-topic-f2452bf9_11c3_4943_8faa_ebbfda00ec8d] The metadata response from the cluster reported a recoverable issue with correlation id 1 : {topic-f2452bf9_11c3_4943_8faa_ebbfda00ec8d=UNKNOWN_TOPIC_OR_PARTITION}
2025-08-20 12:40:24,949 INFO  [org.apa.kaf.cli.Metadata] (kafka-producer-network-thread | Producer-topic-f2452bf9_11c3_4943_8faa_ebbfda00ec8d) [Producer clientId=Producer-topic-f2452bf9_11c3_4943_8faa_ebbfda00ec8d] Cluster ID: w67HKo3KT1qYVnubU-PiPQ
2025-08-20 12:40:24,949 INFO  [org.apa.kaf.cli.pro.int.TransactionManager] (kafka-producer-network-thread | Producer-topic-f2452bf9_11c3_4943_8faa_ebbfda00ec8d) [Producer clientId=Producer-topic-f2452bf9_11c3_4943_8faa_ebbfda00ec8d] ProducerId set to 10 with epoch 0
2025-08-20 12:40:25,253 INFO  [io.api.tes.ser.api.KafkaSerdesTester] (ForkJoinPool.commonPool-worker-2) Sending message {"value": 1} to topic topic-f2452bf9_11c3_4943_8faa_ebbfda00ec8d
2025-08-20 12:40:25,393 INFO  [io.api.tes.ser.api.KafkaSerdesTester] (ForkJoinPool.commonPool-worker-2) Sending message {"active": true} to topic topic-f2452bf9_11c3_4943_8faa_ebbfda00ec8d
2025-08-20 12:40:25,530 INFO  [io.api.tes.ser.api.KafkaSerdesTester] (ForkJoinPool.commonPool-worker-2) Sending message {"id": "record-3"} to topic topic-f2452bf9_11c3_4943_8faa_ebbfda00ec8d
2025-08-20 12:40:25,532 INFO  [io.api.tes.ser.api.KafkaSerdesTester] (ForkJoinPool.commonPool-worker-2) Sending message {"value": 4} to topic topic-f2452bf9_11c3_4943_8faa_ebbfda00ec8d
2025-08-20 12:40:25,533 INFO  [io.api.tes.ser.api.KafkaSerdesTester] (ForkJoinPool.commonPool-worker-2) Sending message {"active": false} to topic topic-f2452bf9_11c3_4943_8faa_ebbfda00ec8d
2025-08-20 12:40:25,534 INFO  [io.api.tes.ser.api.KafkaSerdesTester] (ForkJoinPool.commonPool-worker-2) Sending message {"id": "record-6"} to topic topic-f2452bf9_11c3_4943_8faa_ebbfda00ec8d
2025-08-20 12:40:25,536 INFO  [io.api.tes.ser.api.KafkaSerdesTester] (ForkJoinPool.commonPool-worker-2) Sending message {"value": 7} to topic topic-f2452bf9_11c3_4943_8faa_ebbfda00ec8d
2025-08-20 12:40:25,538 INFO  [io.api.tes.ser.api.KafkaSerdesTester] (ForkJoinPool.commonPool-worker-2) Sending message {"active": true} to topic topic-f2452bf9_11c3_4943_8faa_ebbfda00ec8d
2025-08-20 12:40:25,539 INFO  [io.api.tes.ser.api.KafkaSerdesTester] (ForkJoinPool.commonPool-worker-2) Sending message {"id": "record-9"} to topic topic-f2452bf9_11c3_4943_8faa_ebbfda00ec8d
2025-08-20 12:40:25,540 INFO  [io.api.tes.ser.api.KafkaSerdesTester] (ForkJoinPool.commonPool-worker-2) Produced 10 messages
2025-08-20 12:40:25,540 INFO  [org.apa.kaf.cli.pro.KafkaProducer] (ForkJoinPool.commonPool-worker-2) [Producer clientId=Producer-topic-f2452bf9_11c3_4943_8faa_ebbfda00ec8d] Closing the Kafka producer with timeoutMillis = 9223372036854775807 ms.
2025-08-20 12:40:25,543 INFO  [org.apa.kaf.com.met.Metrics] (ForkJoinPool.commonPool-worker-2) Metrics scheduler closed
2025-08-20 12:40:25,543 INFO  [org.apa.kaf.com.met.Metrics] (ForkJoinPool.commonPool-worker-2) Closing reporter org.apache.kafka.common.metrics.JmxReporter
2025-08-20 12:40:25,543 INFO  [org.apa.kaf.com.met.Metrics] (ForkJoinPool.commonPool-worker-2) Closing reporter org.apache.kafka.common.telemetry.internals.ClientTelemetryReporter
2025-08-20 12:40:25,543 INFO  [org.apa.kaf.com.met.Metrics] (ForkJoinPool.commonPool-worker-2) Metrics reporters closed
2025-08-20 12:40:25,543 INFO  [org.apa.kaf.com.uti.AppInfoParser] (ForkJoinPool.commonPool-worker-2) App info kafka.producer for Producer-topic-f2452bf9_11c3_4943_8faa_ebbfda00ec8d unregistered
2025-08-20 12:40:25,627 INFO  [io.api.tes.ser.api.AvroSerdeIT] (main) Artifact topic-f2452bf9_11c3_4943_8faa_ebbfda00ec8d-value found in registry with globalId 25
**** Registry Base URL: http://registry-app-mysql.apps.ci419.apicurio-testing.org:80
2025-08-20 12:40:25,628 INFO  [org.apa.kaf.cli.con.ConsumerConfig] (main) ConsumerConfig values: 
	allow.auto.create.topics = true
	auto.commit.interval.ms = 500
	auto.include.jmx.reporter = true
	auto.offset.reset = earliest
	bootstrap.servers = [PLAINTEXT://localhost:32769]
	check.crcs = true
	client.dns.lookup = use_all_dns_ips
	client.id = consumer-Consumer-topic-f2452bf9_11c3_4943_8faa_ebbfda00ec8d-8
	client.rack = 
	connections.max.idle.ms = 10000
	default.api.timeout.ms = 60000
	enable.auto.commit = true
	enable.metrics.push = true
	exclude.internal.topics = true
	fetch.max.bytes = 52428800
	fetch.max.wait.ms = 500
	fetch.min.bytes = 1
	group.id = Consumer-topic-f2452bf9_11c3_4943_8faa_ebbfda00ec8d
	group.instance.id = null
	group.protocol = classic
	group.remote.assignor = null
	heartbeat.interval.ms = 3000
	interceptor.classes = []
	internal.leave.group.on.close = true
	internal.throw.on.fetch.stable.offset.unsupported = false
	isolation.level = read_uncommitted
	key.deserializer = class org.apache.kafka.common.serialization.StringDeserializer
	max.partition.fetch.bytes = 1048576
	max.poll.interval.ms = 300000
	max.poll.records = 500
	metadata.max.age.ms = 300000
	metadata.recovery.strategy = none
	metric.reporters = []
	metrics.num.samples = 2
	metrics.recording.level = INFO
	metrics.sample.window.ms = 30000
	partition.assignment.strategy = [class org.apache.kafka.clients.consumer.RangeAssignor, class org.apache.kafka.clients.consumer.CooperativeStickyAssignor]
	receive.buffer.bytes = 65536
	reconnect.backoff.max.ms = 1000
	reconnect.backoff.ms = 50
	request.timeout.ms = 5000
	retry.backoff.max.ms = 1000
	retry.backoff.ms = 100
	sasl.client.callback.handler.class = null
	sasl.jaas.config = null
	sasl.kerberos.kinit.cmd = /usr/bin/kinit
	sasl.kerberos.min.time.before.relogin = 60000
	sasl.kerberos.service.name = null
	sasl.kerberos.ticket.renew.jitter = 0.05
	sasl.kerberos.ticket.renew.window.factor = 0.8
	sasl.login.callback.handler.class = null
	sasl.login.class = null
	sasl.login.connect.timeout.ms = null
	sasl.login.read.timeout.ms = null
	sasl.login.refresh.buffer.seconds = 300
	sasl.login.refresh.min.period.seconds = 60
	sasl.login.refresh.window.factor = 0.8
	sasl.login.refresh.window.jitter = 0.05
	sasl.login.retry.backoff.max.ms = 10000
	sasl.login.retry.backoff.ms = 100
	sasl.mechanism = GSSAPI
	sasl.oauthbearer.clock.skew.seconds = 30
	sasl.oauthbearer.expected.audience = null
	sasl.oauthbearer.expected.issuer = null
	sasl.oauthbearer.header.urlencode = false
	sasl.oauthbearer.jwks.endpoint.refresh.ms = 3600000
	sasl.oauthbearer.jwks.endpoint.retry.backoff.max.ms = 10000
	sasl.oauthbearer.jwks.endpoint.retry.backoff.ms = 100
	sasl.oauthbearer.jwks.endpoint.url = null
	sasl.oauthbearer.scope.claim.name = scope
	sasl.oauthbearer.sub.claim.name = sub
	sasl.oauthbearer.token.endpoint.url = null
	security.protocol = PLAINTEXT
	security.providers = null
	send.buffer.bytes = 131072
	session.timeout.ms = 45000
	socket.connection.setup.timeout.max.ms = 30000
	socket.connection.setup.timeout.ms = 10000
	ssl.cipher.suites = null
	ssl.enabled.protocols = [TLSv1.2, TLSv1.3]
	ssl.endpoint.identification.algorithm = https
	ssl.engine.factory.class = null
	ssl.key.password = null
	ssl.keymanager.algorithm = SunX509
	ssl.keystore.certificate.chain = null
	ssl.keystore.key = null
	ssl.keystore.location = null
	ssl.keystore.password = null
	ssl.keystore.type = JKS
	ssl.protocol = TLSv1.3
	ssl.provider = null
	ssl.secure.random.implementation = null
	ssl.trustmanager.algorithm = PKIX
	ssl.truststore.certificates = null
	ssl.truststore.location = null
	ssl.truststore.password = null
	ssl.truststore.type = JKS
	value.deserializer = class io.apicurio.registry.serde.avro.AvroKafkaDeserializer

2025-08-20 12:40:25,628 INFO  [org.apa.kaf.com.tel.int.KafkaMetricsCollector] (main) initializing Kafka metrics collector
2025-08-20 12:40:25,632 INFO  [org.apa.kaf.cli.con.ConsumerConfig] (main) These configurations '[apicurio.registry.url]' were supplied but are not used yet.
2025-08-20 12:40:25,632 INFO  [org.apa.kaf.com.uti.AppInfoParser] (main) Kafka version: 3.9.1
2025-08-20 12:40:25,632 INFO  [org.apa.kaf.com.uti.AppInfoParser] (main) Kafka commitId: f745dfdcee2b9851
2025-08-20 12:40:25,632 INFO  [org.apa.kaf.com.uti.AppInfoParser] (main) Kafka startTimeMs: 1755693625632
2025-08-20 12:40:25,632 INFO  [org.apa.kaf.cli.con.int.ClassicKafkaConsumer] (ForkJoinPool.commonPool-worker-2) [Consumer clientId=consumer-Consumer-topic-f2452bf9_11c3_4943_8faa_ebbfda00ec8d-8, groupId=Consumer-topic-f2452bf9_11c3_4943_8faa_ebbfda00ec8d] Subscribed to topic(s): topic-f2452bf9_11c3_4943_8faa_ebbfda00ec8d
2025-08-20 12:40:25,635 INFO  [org.apa.kaf.cli.Metadata] (ForkJoinPool.commonPool-worker-2) [Consumer clientId=consumer-Consumer-topic-f2452bf9_11c3_4943_8faa_ebbfda00ec8d-8, groupId=Consumer-topic-f2452bf9_11c3_4943_8faa_ebbfda00ec8d] Cluster ID: w67HKo3KT1qYVnubU-PiPQ
2025-08-20 12:40:25,636 INFO  [org.apa.kaf.cli.con.int.ConsumerCoordinator] (ForkJoinPool.commonPool-worker-2) [Consumer clientId=consumer-Consumer-topic-f2452bf9_11c3_4943_8faa_ebbfda00ec8d-8, groupId=Consumer-topic-f2452bf9_11c3_4943_8faa_ebbfda00ec8d] Discovered group coordinator localhost:32769 (id: 2147483647 rack: null)
2025-08-20 12:40:25,637 INFO  [org.apa.kaf.cli.con.int.ConsumerCoordinator] (ForkJoinPool.commonPool-worker-2) [Consumer clientId=consumer-Consumer-topic-f2452bf9_11c3_4943_8faa_ebbfda00ec8d-8, groupId=Consumer-topic-f2452bf9_11c3_4943_8faa_ebbfda00ec8d] (Re-)joining group
2025-08-20 12:40:25,640 INFO  [org.apa.kaf.cli.con.int.ConsumerCoordinator] (ForkJoinPool.commonPool-worker-2) [Consumer clientId=consumer-Consumer-topic-f2452bf9_11c3_4943_8faa_ebbfda00ec8d-8, groupId=Consumer-topic-f2452bf9_11c3_4943_8faa_ebbfda00ec8d] Request joining group due to: need to re-join with the given member-id: consumer-Consumer-topic-f2452bf9_11c3_4943_8faa_ebbfda00ec8d-8-ad3623f2-3644-4512-a207-de7e5fc05f7e
2025-08-20 12:40:25,640 INFO  [org.apa.kaf.cli.con.int.ConsumerCoordinator] (ForkJoinPool.commonPool-worker-2) [Consumer clientId=consumer-Consumer-topic-f2452bf9_11c3_4943_8faa_ebbfda00ec8d-8, groupId=Consumer-topic-f2452bf9_11c3_4943_8faa_ebbfda00ec8d] (Re-)joining group
2025-08-20 12:40:26,632 INFO  [io.api.tes.ser.api.KafkaSerdesTester] (ForkJoinPool.commonPool-worker-2) None found
2025-08-20 12:40:27,632 INFO  [io.api.tes.ser.api.KafkaSerdesTester] (ForkJoinPool.commonPool-worker-2) None found
2025-08-20 12:40:28,633 INFO  [io.api.tes.ser.api.KafkaSerdesTester] (ForkJoinPool.commonPool-worker-2) None found
2025-08-20 12:40:28,642 INFO  [org.apa.kaf.cli.con.int.ConsumerCoordinator] (ForkJoinPool.commonPool-worker-2) [Consumer clientId=consumer-Consumer-topic-f2452bf9_11c3_4943_8faa_ebbfda00ec8d-8, groupId=Consumer-topic-f2452bf9_11c3_4943_8faa_ebbfda00ec8d] Successfully joined group with generation Generation{generationId=1, memberId='consumer-Consumer-topic-f2452bf9_11c3_4943_8faa_ebbfda00ec8d-8-ad3623f2-3644-4512-a207-de7e5fc05f7e', protocol='range'}
2025-08-20 12:40:28,642 INFO  [org.apa.kaf.cli.con.int.ConsumerCoordinator] (ForkJoinPool.commonPool-worker-2) [Consumer clientId=consumer-Consumer-topic-f2452bf9_11c3_4943_8faa_ebbfda00ec8d-8, groupId=Consumer-topic-f2452bf9_11c3_4943_8faa_ebbfda00ec8d] Finished assignment for group at generation 1: {consumer-Consumer-topic-f2452bf9_11c3_4943_8faa_ebbfda00ec8d-8-ad3623f2-3644-4512-a207-de7e5fc05f7e=Assignment(partitions=[topic-f2452bf9_11c3_4943_8faa_ebbfda00ec8d-0])}
2025-08-20 12:40:28,649 INFO  [org.apa.kaf.cli.con.int.ConsumerCoordinator] (ForkJoinPool.commonPool-worker-2) [Consumer clientId=consumer-Consumer-topic-f2452bf9_11c3_4943_8faa_ebbfda00ec8d-8, groupId=Consumer-topic-f2452bf9_11c3_4943_8faa_ebbfda00ec8d] Successfully synced group in generation Generation{generationId=1, memberId='consumer-Consumer-topic-f2452bf9_11c3_4943_8faa_ebbfda00ec8d-8-ad3623f2-3644-4512-a207-de7e5fc05f7e', protocol='range'}
2025-08-20 12:40:28,649 INFO  [org.apa.kaf.cli.con.int.ConsumerCoordinator] (ForkJoinPool.commonPool-worker-2) [Consumer clientId=consumer-Consumer-topic-f2452bf9_11c3_4943_8faa_ebbfda00ec8d-8, groupId=Consumer-topic-f2452bf9_11c3_4943_8faa_ebbfda00ec8d] Notifying assignor about the new Assignment(partitions=[topic-f2452bf9_11c3_4943_8faa_ebbfda00ec8d-0])
2025-08-20 12:40:28,649 INFO  [org.apa.kaf.cli.con.int.ConsumerRebalanceListenerInvoker] (ForkJoinPool.commonPool-worker-2) [Consumer clientId=consumer-Consumer-topic-f2452bf9_11c3_4943_8faa_ebbfda00ec8d-8, groupId=Consumer-topic-f2452bf9_11c3_4943_8faa_ebbfda00ec8d] Adding newly assigned partitions: topic-f2452bf9_11c3_4943_8faa_ebbfda00ec8d-0
2025-08-20 12:40:28,650 INFO  [org.apa.kaf.cli.con.int.ConsumerCoordinator] (ForkJoinPool.commonPool-worker-2) [Consumer clientId=consumer-Consumer-topic-f2452bf9_11c3_4943_8faa_ebbfda00ec8d-8, groupId=Consumer-topic-f2452bf9_11c3_4943_8faa_ebbfda00ec8d] Found no committed offset for partition topic-f2452bf9_11c3_4943_8faa_ebbfda00ec8d-0
2025-08-20 12:40:28,654 INFO  [org.apa.kaf.cli.con.int.SubscriptionState] (ForkJoinPool.commonPool-worker-2) [Consumer clientId=consumer-Consumer-topic-f2452bf9_11c3_4943_8faa_ebbfda00ec8d-8, groupId=Consumer-topic-f2452bf9_11c3_4943_8faa_ebbfda00ec8d] Resetting offset for partition topic-f2452bf9_11c3_4943_8faa_ebbfda00ec8d-0 to position FetchPosition{offset=0, offsetEpoch=Optional.empty, currentLeader=LeaderAndEpoch{leader=Optional[localhost:32769 (id: 0 rack: null)], epoch=0}}.
2025-08-20 12:40:29,328 INFO  [io.api.tes.ser.api.KafkaSerdesTester] (ForkJoinPool.commonPool-worker-2) topic-f2452bf9_11c3_4943_8faa_ebbfda00ec8d 0 0 {"id": "record-0"}
2025-08-20 12:40:29,328 INFO  [io.api.tes.ser.api.KafkaSerdesTester] (ForkJoinPool.commonPool-worker-2) topic-f2452bf9_11c3_4943_8faa_ebbfda00ec8d 0 1 {"value": 1}
2025-08-20 12:40:29,328 INFO  [io.api.tes.ser.api.KafkaSerdesTester] (ForkJoinPool.commonPool-worker-2) topic-f2452bf9_11c3_4943_8faa_ebbfda00ec8d 0 2 {"active": true}
2025-08-20 12:40:29,328 INFO  [io.api.tes.ser.api.KafkaSerdesTester] (ForkJoinPool.commonPool-worker-2) topic-f2452bf9_11c3_4943_8faa_ebbfda00ec8d 0 3 {"id": "record-3"}
2025-08-20 12:40:29,328 INFO  [io.api.tes.ser.api.KafkaSerdesTester] (ForkJoinPool.commonPool-worker-2) topic-f2452bf9_11c3_4943_8faa_ebbfda00ec8d 0 4 {"value": 4}
2025-08-20 12:40:29,328 INFO  [io.api.tes.ser.api.KafkaSerdesTester] (ForkJoinPool.commonPool-worker-2) topic-f2452bf9_11c3_4943_8faa_ebbfda00ec8d 0 5 {"active": false}
2025-08-20 12:40:29,328 INFO  [io.api.tes.ser.api.KafkaSerdesTester] (ForkJoinPool.commonPool-worker-2) topic-f2452bf9_11c3_4943_8faa_ebbfda00ec8d 0 6 {"id": "record-6"}
2025-08-20 12:40:29,328 INFO  [io.api.tes.ser.api.KafkaSerdesTester] (ForkJoinPool.commonPool-worker-2) topic-f2452bf9_11c3_4943_8faa_ebbfda00ec8d 0 7 {"value": 7}
2025-08-20 12:40:29,328 INFO  [io.api.tes.ser.api.KafkaSerdesTester] (ForkJoinPool.commonPool-worker-2) topic-f2452bf9_11c3_4943_8faa_ebbfda00ec8d 0 8 {"active": true}
2025-08-20 12:40:29,328 INFO  [io.api.tes.ser.api.KafkaSerdesTester] (ForkJoinPool.commonPool-worker-2) topic-f2452bf9_11c3_4943_8faa_ebbfda00ec8d 0 9 {"id": "record-9"}
2025-08-20 12:40:29,328 INFO  [io.api.tes.ser.api.KafkaSerdesTester] (ForkJoinPool.commonPool-worker-2) Consumed 10 messages
2025-08-20 12:40:29,335 INFO  [org.apa.kaf.cli.con.int.ConsumerRebalanceListenerInvoker] (ForkJoinPool.commonPool-worker-2) [Consumer clientId=consumer-Consumer-topic-f2452bf9_11c3_4943_8faa_ebbfda00ec8d-8, groupId=Consumer-topic-f2452bf9_11c3_4943_8faa_ebbfda00ec8d] Revoke previously assigned partitions topic-f2452bf9_11c3_4943_8faa_ebbfda00ec8d-0
2025-08-20 12:40:29,335 INFO  [org.apa.kaf.cli.con.int.ConsumerCoordinator] (ForkJoinPool.commonPool-worker-2) [Consumer clientId=consumer-Consumer-topic-f2452bf9_11c3_4943_8faa_ebbfda00ec8d-8, groupId=Consumer-topic-f2452bf9_11c3_4943_8faa_ebbfda00ec8d] Member consumer-Consumer-topic-f2452bf9_11c3_4943_8faa_ebbfda00ec8d-8-ad3623f2-3644-4512-a207-de7e5fc05f7e sending LeaveGroup request to coordinator localhost:32769 (id: 2147483647 rack: null) due to the consumer is being closed
2025-08-20 12:40:29,335 INFO  [org.apa.kaf.cli.con.int.ConsumerCoordinator] (ForkJoinPool.commonPool-worker-2) [Consumer clientId=consumer-Consumer-topic-f2452bf9_11c3_4943_8faa_ebbfda00ec8d-8, groupId=Consumer-topic-f2452bf9_11c3_4943_8faa_ebbfda00ec8d] Resetting generation and member id due to: consumer pro-actively leaving the group
2025-08-20 12:40:29,335 INFO  [org.apa.kaf.cli.con.int.ConsumerCoordinator] (ForkJoinPool.commonPool-worker-2) [Consumer clientId=consumer-Consumer-topic-f2452bf9_11c3_4943_8faa_ebbfda00ec8d-8, groupId=Consumer-topic-f2452bf9_11c3_4943_8faa_ebbfda00ec8d] Request joining group due to: consumer pro-actively leaving the group
2025-08-20 12:40:29,831 INFO  [org.apa.kaf.com.met.Metrics] (ForkJoinPool.commonPool-worker-2) Metrics scheduler closed
2025-08-20 12:40:29,831 INFO  [org.apa.kaf.com.met.Metrics] (ForkJoinPool.commonPool-worker-2) Closing reporter org.apache.kafka.common.metrics.JmxReporter
2025-08-20 12:40:29,831 INFO  [org.apa.kaf.com.met.Metrics] (ForkJoinPool.commonPool-worker-2) Closing reporter org.apache.kafka.common.telemetry.internals.ClientTelemetryReporter
2025-08-20 12:40:29,831 INFO  [org.apa.kaf.com.met.Metrics] (ForkJoinPool.commonPool-worker-2) Metrics reporters closed
2025-08-20 12:40:29,833 INFO  [org.apa.kaf.com.uti.AppInfoParser] (ForkJoinPool.commonPool-worker-2) App info kafka.consumer for consumer-Consumer-topic-f2452bf9_11c3_4943_8faa_ebbfda00ec8d-8 unregistered
2025-08-20 12:40:29,834 INFO  [io.api.tes.uti.TestSeparator] (main) io.apicurio.tests.serdes.apicurio.AvroSerdeIT.testAvroUnionWithSpecificReader-FINISHED
2025-08-20 12:40:29,834 INFO  [io.api.tes.uti.TestSeparator] (main) ############################################################################
Test passed: testAvroUnionWithSpecificReader
]]></system-out>
  </testcase>
  <testcase name="testEvolveAvroApicurioReusingClient" classname="io.apicurio.tests.serdes.apicurio.AvroSerdeIT" time="8.097">
    <system-out><![CDATA[2025-08-20 12:40:29,835 INFO  [io.api.tes.uti.TestSeparator] (main) ############################################################################
2025-08-20 12:40:29,835 INFO  [io.api.tes.uti.TestSeparator] (main) io.apicurio.tests.serdes.apicurio.AvroSerdeIT.testEvolveAvroApicurioReusingClient-STARTED
2025-08-20 12:40:29,836 INFO  [io.api.tes.ser.api.AvroSerdeIT] (main) Registering Avro Schema: {"type":"record","name":"s7841e26axd401x4061x8817x2ae7a73b6ba0","namespace":"ns_093e0270_9e14_42d8_8a4f_e9588dfdec11","fields":[{"name":"key11755693629836","type":"string"}]}
**** Registry Base URL: http://registry-app-mysql.apps.ci419.apicurio-testing.org:80
2025-08-20 12:40:31,038 INFO  [org.apa.kaf.cli.pro.ProducerConfig] (main) ProducerConfig values: 
	acks = -1
	auto.include.jmx.reporter = true
	batch.size = 16384
	bootstrap.servers = [PLAINTEXT://localhost:32769]
	buffer.memory = 33554432
	client.dns.lookup = use_all_dns_ips
	client.id = Producer-topic-2eaac3aa_764d_493d_a80a_5d72fcdb519f
	compression.gzip.level = -1
	compression.lz4.level = 9
	compression.type = none
	compression.zstd.level = 3
	connections.max.idle.ms = 10000
	delivery.timeout.ms = 120000
	enable.idempotence = true
	enable.metrics.push = true
	interceptor.classes = []
	key.serializer = class org.apache.kafka.common.serialization.StringSerializer
	linger.ms = 0
	max.block.ms = 60000
	max.in.flight.requests.per.connection = 5
	max.request.size = 1048576
	metadata.max.age.ms = 300000
	metadata.max.idle.ms = 300000
	metadata.recovery.strategy = none
	metric.reporters = []
	metrics.num.samples = 2
	metrics.recording.level = INFO
	metrics.sample.window.ms = 30000
	partitioner.adaptive.partitioning.enable = true
	partitioner.availability.timeout.ms = 0
	partitioner.class = null
	partitioner.ignore.keys = false
	receive.buffer.bytes = 32768
	reconnect.backoff.max.ms = 1000
	reconnect.backoff.ms = 50
	request.timeout.ms = 5000
	retries = 2147483647
	retry.backoff.max.ms = 1000
	retry.backoff.ms = 100
	sasl.client.callback.handler.class = null
	sasl.jaas.config = null
	sasl.kerberos.kinit.cmd = /usr/bin/kinit
	sasl.kerberos.min.time.before.relogin = 60000
	sasl.kerberos.service.name = null
	sasl.kerberos.ticket.renew.jitter = 0.05
	sasl.kerberos.ticket.renew.window.factor = 0.8
	sasl.login.callback.handler.class = null
	sasl.login.class = null
	sasl.login.connect.timeout.ms = null
	sasl.login.read.timeout.ms = null
	sasl.login.refresh.buffer.seconds = 300
	sasl.login.refresh.min.period.seconds = 60
	sasl.login.refresh.window.factor = 0.8
	sasl.login.refresh.window.jitter = 0.05
	sasl.login.retry.backoff.max.ms = 10000
	sasl.login.retry.backoff.ms = 100
	sasl.mechanism = GSSAPI
	sasl.oauthbearer.clock.skew.seconds = 30
	sasl.oauthbearer.expected.audience = null
	sasl.oauthbearer.expected.issuer = null
	sasl.oauthbearer.header.urlencode = false
	sasl.oauthbearer.jwks.endpoint.refresh.ms = 3600000
	sasl.oauthbearer.jwks.endpoint.retry.backoff.max.ms = 10000
	sasl.oauthbearer.jwks.endpoint.retry.backoff.ms = 100
	sasl.oauthbearer.jwks.endpoint.url = null
	sasl.oauthbearer.scope.claim.name = scope
	sasl.oauthbearer.sub.claim.name = sub
	sasl.oauthbearer.token.endpoint.url = null
	security.protocol = PLAINTEXT
	security.providers = null
	send.buffer.bytes = 131072
	socket.connection.setup.timeout.max.ms = 30000
	socket.connection.setup.timeout.ms = 10000
	ssl.cipher.suites = null
	ssl.enabled.protocols = [TLSv1.2, TLSv1.3]
	ssl.endpoint.identification.algorithm = https
	ssl.engine.factory.class = null
	ssl.key.password = null
	ssl.keymanager.algorithm = SunX509
	ssl.keystore.certificate.chain = null
	ssl.keystore.key = null
	ssl.keystore.location = null
	ssl.keystore.password = null
	ssl.keystore.type = JKS
	ssl.protocol = TLSv1.3
	ssl.provider = null
	ssl.secure.random.implementation = null
	ssl.trustmanager.algorithm = PKIX
	ssl.truststore.certificates = null
	ssl.truststore.location = null
	ssl.truststore.password = null
	ssl.truststore.type = JKS
	transaction.timeout.ms = 60000
	transactional.id = null
	value.serializer = class io.apicurio.registry.serde.avro.AvroKafkaSerializer

2025-08-20 12:40:31,038 INFO  [org.apa.kaf.com.tel.int.KafkaMetricsCollector] (main) initializing Kafka metrics collector
2025-08-20 12:40:31,041 INFO  [org.apa.kaf.cli.pro.KafkaProducer] (main) [Producer clientId=Producer-topic-2eaac3aa_764d_493d_a80a_5d72fcdb519f] Instantiated an idempotent producer.
2025-08-20 12:40:31,043 INFO  [org.apa.kaf.cli.pro.ProducerConfig] (main) These configurations '[apicurio.registry.url, apicurio.registry.artifact-resolver-strategy]' were supplied but are not used yet.
2025-08-20 12:40:31,043 INFO  [org.apa.kaf.com.uti.AppInfoParser] (main) Kafka version: 3.9.1
2025-08-20 12:40:31,043 INFO  [org.apa.kaf.com.uti.AppInfoParser] (main) Kafka commitId: f745dfdcee2b9851
2025-08-20 12:40:31,043 INFO  [org.apa.kaf.com.uti.AppInfoParser] (main) Kafka startTimeMs: 1755693631043
**** Registry Base URL: http://registry-app-mysql.apps.ci419.apicurio-testing.org:80
2025-08-20 12:40:31,044 INFO  [org.apa.kaf.cli.con.ConsumerConfig] (main) ConsumerConfig values: 
	allow.auto.create.topics = true
	auto.commit.interval.ms = 500
	auto.include.jmx.reporter = true
	auto.offset.reset = earliest
	bootstrap.servers = [PLAINTEXT://localhost:32769]
	check.crcs = true
	client.dns.lookup = use_all_dns_ips
	client.id = consumer-Consumer-topic-2eaac3aa_764d_493d_a80a_5d72fcdb519f-9
	client.rack = 
	connections.max.idle.ms = 10000
	default.api.timeout.ms = 60000
	enable.auto.commit = true
	enable.metrics.push = true
	exclude.internal.topics = true
	fetch.max.bytes = 52428800
	fetch.max.wait.ms = 500
	fetch.min.bytes = 1
	group.id = Consumer-topic-2eaac3aa_764d_493d_a80a_5d72fcdb519f
	group.instance.id = null
	group.protocol = classic
	group.remote.assignor = null
	heartbeat.interval.ms = 3000
	interceptor.classes = []
	internal.leave.group.on.close = true
	internal.throw.on.fetch.stable.offset.unsupported = false
	isolation.level = read_uncommitted
	key.deserializer = class org.apache.kafka.common.serialization.StringDeserializer
	max.partition.fetch.bytes = 1048576
	max.poll.interval.ms = 300000
	max.poll.records = 500
	metadata.max.age.ms = 300000
	metadata.recovery.strategy = none
	metric.reporters = []
	metrics.num.samples = 2
	metrics.recording.level = INFO
	metrics.sample.window.ms = 30000
	partition.assignment.strategy = [class org.apache.kafka.clients.consumer.RangeAssignor, class org.apache.kafka.clients.consumer.CooperativeStickyAssignor]
	receive.buffer.bytes = 65536
	reconnect.backoff.max.ms = 1000
	reconnect.backoff.ms = 50
	request.timeout.ms = 5000
	retry.backoff.max.ms = 1000
	retry.backoff.ms = 100
	sasl.client.callback.handler.class = null
	sasl.jaas.config = null
	sasl.kerberos.kinit.cmd = /usr/bin/kinit
	sasl.kerberos.min.time.before.relogin = 60000
	sasl.kerberos.service.name = null
	sasl.kerberos.ticket.renew.jitter = 0.05
	sasl.kerberos.ticket.renew.window.factor = 0.8
	sasl.login.callback.handler.class = null
	sasl.login.class = null
	sasl.login.connect.timeout.ms = null
	sasl.login.read.timeout.ms = null
	sasl.login.refresh.buffer.seconds = 300
	sasl.login.refresh.min.period.seconds = 60
	sasl.login.refresh.window.factor = 0.8
	sasl.login.refresh.window.jitter = 0.05
	sasl.login.retry.backoff.max.ms = 10000
	sasl.login.retry.backoff.ms = 100
	sasl.mechanism = GSSAPI
	sasl.oauthbearer.clock.skew.seconds = 30
	sasl.oauthbearer.expected.audience = null
	sasl.oauthbearer.expected.issuer = null
	sasl.oauthbearer.header.urlencode = false
	sasl.oauthbearer.jwks.endpoint.refresh.ms = 3600000
	sasl.oauthbearer.jwks.endpoint.retry.backoff.max.ms = 10000
	sasl.oauthbearer.jwks.endpoint.retry.backoff.ms = 100
	sasl.oauthbearer.jwks.endpoint.url = null
	sasl.oauthbearer.scope.claim.name = scope
	sasl.oauthbearer.sub.claim.name = sub
	sasl.oauthbearer.token.endpoint.url = null
	security.protocol = PLAINTEXT
	security.providers = null
	send.buffer.bytes = 131072
	session.timeout.ms = 45000
	socket.connection.setup.timeout.max.ms = 30000
	socket.connection.setup.timeout.ms = 10000
	ssl.cipher.suites = null
	ssl.enabled.protocols = [TLSv1.2, TLSv1.3]
	ssl.endpoint.identification.algorithm = https
	ssl.engine.factory.class = null
	ssl.key.password = null
	ssl.keymanager.algorithm = SunX509
	ssl.keystore.certificate.chain = null
	ssl.keystore.key = null
	ssl.keystore.location = null
	ssl.keystore.password = null
	ssl.keystore.type = JKS
	ssl.protocol = TLSv1.3
	ssl.provider = null
	ssl.secure.random.implementation = null
	ssl.trustmanager.algorithm = PKIX
	ssl.truststore.certificates = null
	ssl.truststore.location = null
	ssl.truststore.password = null
	ssl.truststore.type = JKS
	value.deserializer = class io.apicurio.registry.serde.avro.AvroKafkaDeserializer

2025-08-20 12:40:31,044 INFO  [org.apa.kaf.com.tel.int.KafkaMetricsCollector] (main) initializing Kafka metrics collector
2025-08-20 12:40:31,046 INFO  [org.apa.kaf.cli.Metadata] (kafka-producer-network-thread | Producer-topic-2eaac3aa_764d_493d_a80a_5d72fcdb519f) [Producer clientId=Producer-topic-2eaac3aa_764d_493d_a80a_5d72fcdb519f] Cluster ID: w67HKo3KT1qYVnubU-PiPQ
2025-08-20 12:40:31,046 INFO  [org.apa.kaf.cli.pro.int.TransactionManager] (kafka-producer-network-thread | Producer-topic-2eaac3aa_764d_493d_a80a_5d72fcdb519f) [Producer clientId=Producer-topic-2eaac3aa_764d_493d_a80a_5d72fcdb519f] ProducerId set to 11 with epoch 0
2025-08-20 12:40:31,049 INFO  [org.apa.kaf.cli.con.ConsumerConfig] (main) These configurations '[apicurio.registry.url]' were supplied but are not used yet.
2025-08-20 12:40:31,049 INFO  [org.apa.kaf.com.uti.AppInfoParser] (main) Kafka version: 3.9.1
2025-08-20 12:40:31,049 INFO  [org.apa.kaf.com.uti.AppInfoParser] (main) Kafka commitId: f745dfdcee2b9851
2025-08-20 12:40:31,049 INFO  [org.apa.kaf.com.uti.AppInfoParser] (main) Kafka startTimeMs: 1755693631049
2025-08-20 12:40:31,050 INFO  [io.api.tes.ser.api.KafkaSerdesTester] (ForkJoinPool.commonPool-worker-2) Sending message {"key11755693629836": "value-0"} to topic topic-2eaac3aa_764d_493d_a80a_5d72fcdb519f
2025-08-20 12:40:31,054 INFO  [DefaultSchemaResolver] (ForkJoinPool.commonPool-worker-2) Retrieving schema content using string: {"type":"record","name":"s7841e26axd401x4061x8817x2ae7a73b6ba0","namespace":"ns_093e0270_9e14_42d8_8a4f_e9588dfdec11","fields":[{"name":"key11755693629836","type":"string"}]}
2025-08-20 12:40:31,212 INFO  [io.api.tes.ser.api.KafkaSerdesTester] (ForkJoinPool.commonPool-worker-2) Sending message {"key11755693629836": "value-1"} to topic topic-2eaac3aa_764d_493d_a80a_5d72fcdb519f
2025-08-20 12:40:31,213 INFO  [io.api.tes.ser.api.KafkaSerdesTester] (ForkJoinPool.commonPool-worker-2) Sending message {"key11755693629836": "value-2"} to topic topic-2eaac3aa_764d_493d_a80a_5d72fcdb519f
2025-08-20 12:40:31,214 INFO  [io.api.tes.ser.api.KafkaSerdesTester] (ForkJoinPool.commonPool-worker-2) Sending message {"key11755693629836": "value-3"} to topic topic-2eaac3aa_764d_493d_a80a_5d72fcdb519f
2025-08-20 12:40:31,216 INFO  [io.api.tes.ser.api.KafkaSerdesTester] (ForkJoinPool.commonPool-worker-2) Sending message {"key11755693629836": "value-4"} to topic topic-2eaac3aa_764d_493d_a80a_5d72fcdb519f
2025-08-20 12:40:31,217 INFO  [io.api.tes.ser.api.KafkaSerdesTester] (ForkJoinPool.commonPool-worker-2) Sending message {"key11755693629836": "value-5"} to topic topic-2eaac3aa_764d_493d_a80a_5d72fcdb519f
2025-08-20 12:40:31,218 INFO  [io.api.tes.ser.api.KafkaSerdesTester] (ForkJoinPool.commonPool-worker-2) Sending message {"key11755693629836": "value-6"} to topic topic-2eaac3aa_764d_493d_a80a_5d72fcdb519f
2025-08-20 12:40:31,220 INFO  [io.api.tes.ser.api.KafkaSerdesTester] (ForkJoinPool.commonPool-worker-2) Sending message {"key11755693629836": "value-7"} to topic topic-2eaac3aa_764d_493d_a80a_5d72fcdb519f
2025-08-20 12:40:31,221 INFO  [io.api.tes.ser.api.KafkaSerdesTester] (ForkJoinPool.commonPool-worker-2) Sending message {"key11755693629836": "value-8"} to topic topic-2eaac3aa_764d_493d_a80a_5d72fcdb519f
2025-08-20 12:40:31,222 INFO  [io.api.tes.ser.api.KafkaSerdesTester] (ForkJoinPool.commonPool-worker-2) Sending message {"key11755693629836": "value-9"} to topic topic-2eaac3aa_764d_493d_a80a_5d72fcdb519f
2025-08-20 12:40:31,223 INFO  [io.api.tes.ser.api.KafkaSerdesTester] (ForkJoinPool.commonPool-worker-2) Produced 10 messages
2025-08-20 12:40:31,224 INFO  [org.apa.kaf.cli.con.int.ClassicKafkaConsumer] (ForkJoinPool.commonPool-worker-2) [Consumer clientId=consumer-Consumer-topic-2eaac3aa_764d_493d_a80a_5d72fcdb519f-9, groupId=Consumer-topic-2eaac3aa_764d_493d_a80a_5d72fcdb519f] Subscribed to topic(s): topic-2eaac3aa_764d_493d_a80a_5d72fcdb519f
2025-08-20 12:40:31,227 INFO  [org.apa.kaf.cli.Metadata] (ForkJoinPool.commonPool-worker-2) [Consumer clientId=consumer-Consumer-topic-2eaac3aa_764d_493d_a80a_5d72fcdb519f-9, groupId=Consumer-topic-2eaac3aa_764d_493d_a80a_5d72fcdb519f] Cluster ID: w67HKo3KT1qYVnubU-PiPQ
2025-08-20 12:40:31,227 INFO  [org.apa.kaf.cli.con.int.ConsumerCoordinator] (ForkJoinPool.commonPool-worker-2) [Consumer clientId=consumer-Consumer-topic-2eaac3aa_764d_493d_a80a_5d72fcdb519f-9, groupId=Consumer-topic-2eaac3aa_764d_493d_a80a_5d72fcdb519f] Discovered group coordinator localhost:32769 (id: 2147483647 rack: null)
2025-08-20 12:40:31,228 INFO  [org.apa.kaf.cli.con.int.ConsumerCoordinator] (ForkJoinPool.commonPool-worker-2) [Consumer clientId=consumer-Consumer-topic-2eaac3aa_764d_493d_a80a_5d72fcdb519f-9, groupId=Consumer-topic-2eaac3aa_764d_493d_a80a_5d72fcdb519f] (Re-)joining group
2025-08-20 12:40:31,230 INFO  [org.apa.kaf.cli.con.int.ConsumerCoordinator] (ForkJoinPool.commonPool-worker-2) [Consumer clientId=consumer-Consumer-topic-2eaac3aa_764d_493d_a80a_5d72fcdb519f-9, groupId=Consumer-topic-2eaac3aa_764d_493d_a80a_5d72fcdb519f] Request joining group due to: need to re-join with the given member-id: consumer-Consumer-topic-2eaac3aa_764d_493d_a80a_5d72fcdb519f-9-927550f7-86b1-41bc-a012-a976c06bf6ad
2025-08-20 12:40:31,231 INFO  [org.apa.kaf.cli.con.int.ConsumerCoordinator] (ForkJoinPool.commonPool-worker-2) [Consumer clientId=consumer-Consumer-topic-2eaac3aa_764d_493d_a80a_5d72fcdb519f-9, groupId=Consumer-topic-2eaac3aa_764d_493d_a80a_5d72fcdb519f] (Re-)joining group
2025-08-20 12:40:32,224 INFO  [io.api.tes.ser.api.KafkaSerdesTester] (ForkJoinPool.commonPool-worker-2) None found
2025-08-20 12:40:33,225 INFO  [io.api.tes.ser.api.KafkaSerdesTester] (ForkJoinPool.commonPool-worker-2) None found
2025-08-20 12:40:34,225 INFO  [io.api.tes.ser.api.KafkaSerdesTester] (ForkJoinPool.commonPool-worker-2) None found
2025-08-20 12:40:34,232 INFO  [org.apa.kaf.cli.con.int.ConsumerCoordinator] (ForkJoinPool.commonPool-worker-2) [Consumer clientId=consumer-Consumer-topic-2eaac3aa_764d_493d_a80a_5d72fcdb519f-9, groupId=Consumer-topic-2eaac3aa_764d_493d_a80a_5d72fcdb519f] Successfully joined group with generation Generation{generationId=1, memberId='consumer-Consumer-topic-2eaac3aa_764d_493d_a80a_5d72fcdb519f-9-927550f7-86b1-41bc-a012-a976c06bf6ad', protocol='range'}
2025-08-20 12:40:34,232 INFO  [org.apa.kaf.cli.con.int.ConsumerCoordinator] (ForkJoinPool.commonPool-worker-2) [Consumer clientId=consumer-Consumer-topic-2eaac3aa_764d_493d_a80a_5d72fcdb519f-9, groupId=Consumer-topic-2eaac3aa_764d_493d_a80a_5d72fcdb519f] Finished assignment for group at generation 1: {consumer-Consumer-topic-2eaac3aa_764d_493d_a80a_5d72fcdb519f-9-927550f7-86b1-41bc-a012-a976c06bf6ad=Assignment(partitions=[topic-2eaac3aa_764d_493d_a80a_5d72fcdb519f-0])}
2025-08-20 12:40:34,239 INFO  [org.apa.kaf.cli.con.int.ConsumerCoordinator] (ForkJoinPool.commonPool-worker-2) [Consumer clientId=consumer-Consumer-topic-2eaac3aa_764d_493d_a80a_5d72fcdb519f-9, groupId=Consumer-topic-2eaac3aa_764d_493d_a80a_5d72fcdb519f] Successfully synced group in generation Generation{generationId=1, memberId='consumer-Consumer-topic-2eaac3aa_764d_493d_a80a_5d72fcdb519f-9-927550f7-86b1-41bc-a012-a976c06bf6ad', protocol='range'}
2025-08-20 12:40:34,239 INFO  [org.apa.kaf.cli.con.int.ConsumerCoordinator] (ForkJoinPool.commonPool-worker-2) [Consumer clientId=consumer-Consumer-topic-2eaac3aa_764d_493d_a80a_5d72fcdb519f-9, groupId=Consumer-topic-2eaac3aa_764d_493d_a80a_5d72fcdb519f] Notifying assignor about the new Assignment(partitions=[topic-2eaac3aa_764d_493d_a80a_5d72fcdb519f-0])
2025-08-20 12:40:34,239 INFO  [org.apa.kaf.cli.con.int.ConsumerRebalanceListenerInvoker] (ForkJoinPool.commonPool-worker-2) [Consumer clientId=consumer-Consumer-topic-2eaac3aa_764d_493d_a80a_5d72fcdb519f-9, groupId=Consumer-topic-2eaac3aa_764d_493d_a80a_5d72fcdb519f] Adding newly assigned partitions: topic-2eaac3aa_764d_493d_a80a_5d72fcdb519f-0
2025-08-20 12:40:34,240 INFO  [org.apa.kaf.cli.con.int.ConsumerCoordinator] (ForkJoinPool.commonPool-worker-2) [Consumer clientId=consumer-Consumer-topic-2eaac3aa_764d_493d_a80a_5d72fcdb519f-9, groupId=Consumer-topic-2eaac3aa_764d_493d_a80a_5d72fcdb519f] Found no committed offset for partition topic-2eaac3aa_764d_493d_a80a_5d72fcdb519f-0
2025-08-20 12:40:34,243 INFO  [org.apa.kaf.cli.con.int.SubscriptionState] (ForkJoinPool.commonPool-worker-2) [Consumer clientId=consumer-Consumer-topic-2eaac3aa_764d_493d_a80a_5d72fcdb519f-9, groupId=Consumer-topic-2eaac3aa_764d_493d_a80a_5d72fcdb519f] Resetting offset for partition topic-2eaac3aa_764d_493d_a80a_5d72fcdb519f-0 to position FetchPosition{offset=0, offsetEpoch=Optional.empty, currentLeader=LeaderAndEpoch{leader=Optional[localhost:32769 (id: 0 rack: null)], epoch=0}}.
2025-08-20 12:40:34,477 INFO  [io.api.tes.ser.api.KafkaSerdesTester] (ForkJoinPool.commonPool-worker-2) topic-2eaac3aa_764d_493d_a80a_5d72fcdb519f 0 0 {"key11755693629836": "value-0"}
2025-08-20 12:40:34,477 INFO  [io.api.tes.ser.api.KafkaSerdesTester] (ForkJoinPool.commonPool-worker-2) topic-2eaac3aa_764d_493d_a80a_5d72fcdb519f 0 1 {"key11755693629836": "value-1"}
2025-08-20 12:40:34,477 INFO  [io.api.tes.ser.api.KafkaSerdesTester] (ForkJoinPool.commonPool-worker-2) topic-2eaac3aa_764d_493d_a80a_5d72fcdb519f 0 2 {"key11755693629836": "value-2"}
2025-08-20 12:40:34,477 INFO  [io.api.tes.ser.api.KafkaSerdesTester] (ForkJoinPool.commonPool-worker-2) topic-2eaac3aa_764d_493d_a80a_5d72fcdb519f 0 3 {"key11755693629836": "value-3"}
2025-08-20 12:40:34,477 INFO  [io.api.tes.ser.api.KafkaSerdesTester] (ForkJoinPool.commonPool-worker-2) topic-2eaac3aa_764d_493d_a80a_5d72fcdb519f 0 4 {"key11755693629836": "value-4"}
2025-08-20 12:40:34,477 INFO  [io.api.tes.ser.api.KafkaSerdesTester] (ForkJoinPool.commonPool-worker-2) topic-2eaac3aa_764d_493d_a80a_5d72fcdb519f 0 5 {"key11755693629836": "value-5"}
2025-08-20 12:40:34,477 INFO  [io.api.tes.ser.api.KafkaSerdesTester] (ForkJoinPool.commonPool-worker-2) topic-2eaac3aa_764d_493d_a80a_5d72fcdb519f 0 6 {"key11755693629836": "value-6"}
2025-08-20 12:40:34,477 INFO  [io.api.tes.ser.api.KafkaSerdesTester] (ForkJoinPool.commonPool-worker-2) topic-2eaac3aa_764d_493d_a80a_5d72fcdb519f 0 7 {"key11755693629836": "value-7"}
2025-08-20 12:40:34,477 INFO  [io.api.tes.ser.api.KafkaSerdesTester] (ForkJoinPool.commonPool-worker-2) topic-2eaac3aa_764d_493d_a80a_5d72fcdb519f 0 8 {"key11755693629836": "value-8"}
2025-08-20 12:40:34,477 INFO  [io.api.tes.ser.api.KafkaSerdesTester] (ForkJoinPool.commonPool-worker-2) topic-2eaac3aa_764d_493d_a80a_5d72fcdb519f 0 9 {"key11755693629836": "value-9"}
2025-08-20 12:40:34,477 INFO  [io.api.tes.ser.api.KafkaSerdesTester] (ForkJoinPool.commonPool-worker-2) Consumed 10 messages
2025-08-20 12:40:34,478 INFO  [io.api.tes.ser.api.AvroSerdeIT] (main) Registering Avro Schema 2: {"type":"record","name":"s7841e26axd401x4061x8817x2ae7a73b6ba0","namespace":"ns_093e0270_9e14_42d8_8a4f_e9588dfdec11","fields":[{"name":"key11755693629836","type":"string"},{"name":"key21755693634477","type":"string"}]}
2025-08-20 12:40:35,677 INFO  [io.api.tes.ser.api.KafkaSerdesTester] (ForkJoinPool.commonPool-worker-2) Sending message {"key11755693629836": "value-0", "key21755693634477": "value-0"} to topic topic-2eaac3aa_764d_493d_a80a_5d72fcdb519f
2025-08-20 12:40:35,678 INFO  [DefaultSchemaResolver] (ForkJoinPool.commonPool-worker-2) Retrieving schema content using string: {"type":"record","name":"s7841e26axd401x4061x8817x2ae7a73b6ba0","namespace":"ns_093e0270_9e14_42d8_8a4f_e9588dfdec11","fields":[{"name":"key11755693629836","type":"string"},{"name":"key21755693634477","type":"string"}]}
2025-08-20 12:40:35,764 INFO  [io.api.tes.ser.api.KafkaSerdesTester] (ForkJoinPool.commonPool-worker-2) Sending message {"key11755693629836": "value-1", "key21755693634477": "value-1"} to topic topic-2eaac3aa_764d_493d_a80a_5d72fcdb519f
2025-08-20 12:40:35,765 INFO  [io.api.tes.ser.api.KafkaSerdesTester] (ForkJoinPool.commonPool-worker-2) Sending message {"key11755693629836": "value-2", "key21755693634477": "value-2"} to topic topic-2eaac3aa_764d_493d_a80a_5d72fcdb519f
2025-08-20 12:40:35,766 INFO  [io.api.tes.ser.api.KafkaSerdesTester] (ForkJoinPool.commonPool-worker-2) Sending message {"key11755693629836": "value-3", "key21755693634477": "value-3"} to topic topic-2eaac3aa_764d_493d_a80a_5d72fcdb519f
2025-08-20 12:40:35,768 INFO  [io.api.tes.ser.api.KafkaSerdesTester] (ForkJoinPool.commonPool-worker-2) Sending message {"key11755693629836": "value-4", "key21755693634477": "value-4"} to topic topic-2eaac3aa_764d_493d_a80a_5d72fcdb519f
2025-08-20 12:40:35,769 INFO  [io.api.tes.ser.api.KafkaSerdesTester] (ForkJoinPool.commonPool-worker-2) Sending message {"key11755693629836": "value-5", "key21755693634477": "value-5"} to topic topic-2eaac3aa_764d_493d_a80a_5d72fcdb519f
2025-08-20 12:40:35,771 INFO  [io.api.tes.ser.api.KafkaSerdesTester] (ForkJoinPool.commonPool-worker-2) Sending message {"key11755693629836": "value-6", "key21755693634477": "value-6"} to topic topic-2eaac3aa_764d_493d_a80a_5d72fcdb519f
2025-08-20 12:40:35,772 INFO  [io.api.tes.ser.api.KafkaSerdesTester] (ForkJoinPool.commonPool-worker-2) Sending message {"key11755693629836": "value-7", "key21755693634477": "value-7"} to topic topic-2eaac3aa_764d_493d_a80a_5d72fcdb519f
2025-08-20 12:40:35,773 INFO  [io.api.tes.ser.api.KafkaSerdesTester] (ForkJoinPool.commonPool-worker-2) Sending message {"key11755693629836": "value-8", "key21755693634477": "value-8"} to topic topic-2eaac3aa_764d_493d_a80a_5d72fcdb519f
2025-08-20 12:40:35,774 INFO  [io.api.tes.ser.api.KafkaSerdesTester] (ForkJoinPool.commonPool-worker-2) Sending message {"key11755693629836": "value-9", "key21755693634477": "value-9"} to topic topic-2eaac3aa_764d_493d_a80a_5d72fcdb519f
2025-08-20 12:40:35,775 INFO  [io.api.tes.ser.api.KafkaSerdesTester] (ForkJoinPool.commonPool-worker-2) Produced 10 messages
2025-08-20 12:40:35,775 INFO  [io.api.tes.ser.api.KafkaSerdesTester] (ForkJoinPool.commonPool-worker-2) Sending message {"key11755693629836": "value-0"} to topic topic-2eaac3aa_764d_493d_a80a_5d72fcdb519f
2025-08-20 12:40:35,777 INFO  [io.api.tes.ser.api.KafkaSerdesTester] (ForkJoinPool.commonPool-worker-2) Sending message {"key11755693629836": "value-1"} to topic topic-2eaac3aa_764d_493d_a80a_5d72fcdb519f
2025-08-20 12:40:35,778 INFO  [io.api.tes.ser.api.KafkaSerdesTester] (ForkJoinPool.commonPool-worker-2) Sending message {"key11755693629836": "value-2"} to topic topic-2eaac3aa_764d_493d_a80a_5d72fcdb519f
2025-08-20 12:40:35,779 INFO  [io.api.tes.ser.api.KafkaSerdesTester] (ForkJoinPool.commonPool-worker-2) Sending message {"key11755693629836": "value-3"} to topic topic-2eaac3aa_764d_493d_a80a_5d72fcdb519f
2025-08-20 12:40:35,780 INFO  [io.api.tes.ser.api.KafkaSerdesTester] (ForkJoinPool.commonPool-worker-2) Sending message {"key11755693629836": "value-4"} to topic topic-2eaac3aa_764d_493d_a80a_5d72fcdb519f
2025-08-20 12:40:35,782 INFO  [io.api.tes.ser.api.KafkaSerdesTester] (ForkJoinPool.commonPool-worker-2) Sending message {"key11755693629836": "value-5"} to topic topic-2eaac3aa_764d_493d_a80a_5d72fcdb519f
2025-08-20 12:40:35,783 INFO  [io.api.tes.ser.api.KafkaSerdesTester] (ForkJoinPool.commonPool-worker-2) Sending message {"key11755693629836": "value-6"} to topic topic-2eaac3aa_764d_493d_a80a_5d72fcdb519f
2025-08-20 12:40:35,784 INFO  [io.api.tes.ser.api.KafkaSerdesTester] (ForkJoinPool.commonPool-worker-2) Sending message {"key11755693629836": "value-7"} to topic topic-2eaac3aa_764d_493d_a80a_5d72fcdb519f
2025-08-20 12:40:35,786 INFO  [io.api.tes.ser.api.KafkaSerdesTester] (ForkJoinPool.commonPool-worker-2) Sending message {"key11755693629836": "value-8"} to topic topic-2eaac3aa_764d_493d_a80a_5d72fcdb519f
2025-08-20 12:40:35,787 INFO  [io.api.tes.ser.api.KafkaSerdesTester] (ForkJoinPool.commonPool-worker-2) Sending message {"key11755693629836": "value-9"} to topic topic-2eaac3aa_764d_493d_a80a_5d72fcdb519f
2025-08-20 12:40:35,788 INFO  [io.api.tes.ser.api.KafkaSerdesTester] (ForkJoinPool.commonPool-worker-2) Produced 10 messages
2025-08-20 12:40:35,789 INFO  [org.apa.kaf.cli.con.int.ClassicKafkaConsumer] (ForkJoinPool.commonPool-worker-2) [Consumer clientId=consumer-Consumer-topic-2eaac3aa_764d_493d_a80a_5d72fcdb519f-9, groupId=Consumer-topic-2eaac3aa_764d_493d_a80a_5d72fcdb519f] Subscribed to topic(s): topic-2eaac3aa_764d_493d_a80a_5d72fcdb519f
2025-08-20 12:40:35,948 INFO  [io.api.tes.ser.api.KafkaSerdesTester] (ForkJoinPool.commonPool-worker-2) topic-2eaac3aa_764d_493d_a80a_5d72fcdb519f 0 10 {"key11755693629836": "value-0", "key21755693634477": "value-0"}
2025-08-20 12:40:35,948 INFO  [io.api.tes.ser.api.KafkaSerdesTester] (ForkJoinPool.commonPool-worker-2) topic-2eaac3aa_764d_493d_a80a_5d72fcdb519f 0 11 {"key11755693629836": "value-1", "key21755693634477": "value-1"}
2025-08-20 12:40:35,948 INFO  [io.api.tes.ser.api.KafkaSerdesTester] (ForkJoinPool.commonPool-worker-2) topic-2eaac3aa_764d_493d_a80a_5d72fcdb519f 0 12 {"key11755693629836": "value-2", "key21755693634477": "value-2"}
2025-08-20 12:40:35,948 INFO  [io.api.tes.ser.api.KafkaSerdesTester] (ForkJoinPool.commonPool-worker-2) topic-2eaac3aa_764d_493d_a80a_5d72fcdb519f 0 13 {"key11755693629836": "value-3", "key21755693634477": "value-3"}
2025-08-20 12:40:35,948 INFO  [io.api.tes.ser.api.KafkaSerdesTester] (ForkJoinPool.commonPool-worker-2) topic-2eaac3aa_764d_493d_a80a_5d72fcdb519f 0 14 {"key11755693629836": "value-4", "key21755693634477": "value-4"}
2025-08-20 12:40:35,948 INFO  [io.api.tes.ser.api.KafkaSerdesTester] (ForkJoinPool.commonPool-worker-2) topic-2eaac3aa_764d_493d_a80a_5d72fcdb519f 0 15 {"key11755693629836": "value-5", "key21755693634477": "value-5"}
2025-08-20 12:40:35,948 INFO  [io.api.tes.ser.api.KafkaSerdesTester] (ForkJoinPool.commonPool-worker-2) topic-2eaac3aa_764d_493d_a80a_5d72fcdb519f 0 16 {"key11755693629836": "value-6", "key21755693634477": "value-6"}
2025-08-20 12:40:35,948 INFO  [io.api.tes.ser.api.KafkaSerdesTester] (ForkJoinPool.commonPool-worker-2) topic-2eaac3aa_764d_493d_a80a_5d72fcdb519f 0 17 {"key11755693629836": "value-7", "key21755693634477": "value-7"}
2025-08-20 12:40:35,948 INFO  [io.api.tes.ser.api.KafkaSerdesTester] (ForkJoinPool.commonPool-worker-2) topic-2eaac3aa_764d_493d_a80a_5d72fcdb519f 0 18 {"key11755693629836": "value-8", "key21755693634477": "value-8"}
2025-08-20 12:40:35,948 INFO  [io.api.tes.ser.api.KafkaSerdesTester] (ForkJoinPool.commonPool-worker-2) topic-2eaac3aa_764d_493d_a80a_5d72fcdb519f 0 19 {"key11755693629836": "value-9", "key21755693634477": "value-9"}
2025-08-20 12:40:35,948 INFO  [io.api.tes.ser.api.KafkaSerdesTester] (ForkJoinPool.commonPool-worker-2) topic-2eaac3aa_764d_493d_a80a_5d72fcdb519f 0 20 {"key11755693629836": "value-0"}
2025-08-20 12:40:35,949 INFO  [io.api.tes.ser.api.KafkaSerdesTester] (ForkJoinPool.commonPool-worker-2) topic-2eaac3aa_764d_493d_a80a_5d72fcdb519f 0 21 {"key11755693629836": "value-1"}
2025-08-20 12:40:35,949 INFO  [io.api.tes.ser.api.KafkaSerdesTester] (ForkJoinPool.commonPool-worker-2) topic-2eaac3aa_764d_493d_a80a_5d72fcdb519f 0 22 {"key11755693629836": "value-2"}
2025-08-20 12:40:35,949 INFO  [io.api.tes.ser.api.KafkaSerdesTester] (ForkJoinPool.commonPool-worker-2) topic-2eaac3aa_764d_493d_a80a_5d72fcdb519f 0 23 {"key11755693629836": "value-3"}
2025-08-20 12:40:35,949 INFO  [io.api.tes.ser.api.KafkaSerdesTester] (ForkJoinPool.commonPool-worker-2) topic-2eaac3aa_764d_493d_a80a_5d72fcdb519f 0 24 {"key11755693629836": "value-4"}
2025-08-20 12:40:35,949 INFO  [io.api.tes.ser.api.KafkaSerdesTester] (ForkJoinPool.commonPool-worker-2) topic-2eaac3aa_764d_493d_a80a_5d72fcdb519f 0 25 {"key11755693629836": "value-5"}
2025-08-20 12:40:35,949 INFO  [io.api.tes.ser.api.KafkaSerdesTester] (ForkJoinPool.commonPool-worker-2) topic-2eaac3aa_764d_493d_a80a_5d72fcdb519f 0 26 {"key11755693629836": "value-6"}
2025-08-20 12:40:35,949 INFO  [io.api.tes.ser.api.KafkaSerdesTester] (ForkJoinPool.commonPool-worker-2) topic-2eaac3aa_764d_493d_a80a_5d72fcdb519f 0 27 {"key11755693629836": "value-7"}
2025-08-20 12:40:35,949 INFO  [io.api.tes.ser.api.KafkaSerdesTester] (ForkJoinPool.commonPool-worker-2) topic-2eaac3aa_764d_493d_a80a_5d72fcdb519f 0 28 {"key11755693629836": "value-8"}
2025-08-20 12:40:35,949 INFO  [io.api.tes.ser.api.KafkaSerdesTester] (ForkJoinPool.commonPool-worker-2) topic-2eaac3aa_764d_493d_a80a_5d72fcdb519f 0 29 {"key11755693629836": "value-9"}
2025-08-20 12:40:35,949 INFO  [io.api.tes.ser.api.KafkaSerdesTester] (ForkJoinPool.commonPool-worker-2) Consumed 20 messages
2025-08-20 12:40:35,949 INFO  [io.api.tes.ser.api.AvroSerdeIT] (main) Registering Avro Schema 3: {"type":"record","name":"s7841e26axd401x4061x8817x2ae7a73b6ba0","namespace":"ns_093e0270_9e14_42d8_8a4f_e9588dfdec11","fields":[{"name":"key11755693629836","type":"string"},{"name":"key21755693634477","type":"string"},{"name":"key31755693635949","type":"string"}]}
2025-08-20 12:40:37,142 INFO  [io.api.tes.ser.api.KafkaSerdesTester] (ForkJoinPool.commonPool-worker-2) Sending message {"key11755693629836": "value-0", "key21755693634477": "value-0", "key31755693635949": "value-0"} to topic topic-2eaac3aa_764d_493d_a80a_5d72fcdb519f
2025-08-20 12:40:37,142 INFO  [DefaultSchemaResolver] (ForkJoinPool.commonPool-worker-2) Retrieving schema content using string: {"type":"record","name":"s7841e26axd401x4061x8817x2ae7a73b6ba0","namespace":"ns_093e0270_9e14_42d8_8a4f_e9588dfdec11","fields":[{"name":"key11755693629836","type":"string"},{"name":"key21755693634477","type":"string"},{"name":"key31755693635949","type":"string"}]}
2025-08-20 12:40:37,226 INFO  [io.api.tes.ser.api.KafkaSerdesTester] (ForkJoinPool.commonPool-worker-2) Sending message {"key11755693629836": "value-1", "key21755693634477": "value-1", "key31755693635949": "value-1"} to topic topic-2eaac3aa_764d_493d_a80a_5d72fcdb519f
2025-08-20 12:40:37,227 INFO  [io.api.tes.ser.api.KafkaSerdesTester] (ForkJoinPool.commonPool-worker-2) Sending message {"key11755693629836": "value-2", "key21755693634477": "value-2", "key31755693635949": "value-2"} to topic topic-2eaac3aa_764d_493d_a80a_5d72fcdb519f
2025-08-20 12:40:37,229 INFO  [io.api.tes.ser.api.KafkaSerdesTester] (ForkJoinPool.commonPool-worker-2) Sending message {"key11755693629836": "value-3", "key21755693634477": "value-3", "key31755693635949": "value-3"} to topic topic-2eaac3aa_764d_493d_a80a_5d72fcdb519f
2025-08-20 12:40:37,230 INFO  [io.api.tes.ser.api.KafkaSerdesTester] (ForkJoinPool.commonPool-worker-2) Sending message {"key11755693629836": "value-4", "key21755693634477": "value-4", "key31755693635949": "value-4"} to topic topic-2eaac3aa_764d_493d_a80a_5d72fcdb519f
2025-08-20 12:40:37,231 INFO  [io.api.tes.ser.api.KafkaSerdesTester] (ForkJoinPool.commonPool-worker-2) Sending message {"key11755693629836": "value-5", "key21755693634477": "value-5", "key31755693635949": "value-5"} to topic topic-2eaac3aa_764d_493d_a80a_5d72fcdb519f
2025-08-20 12:40:37,232 INFO  [io.api.tes.ser.api.KafkaSerdesTester] (ForkJoinPool.commonPool-worker-2) Sending message {"key11755693629836": "value-6", "key21755693634477": "value-6", "key31755693635949": "value-6"} to topic topic-2eaac3aa_764d_493d_a80a_5d72fcdb519f
2025-08-20 12:40:37,233 INFO  [io.api.tes.ser.api.KafkaSerdesTester] (ForkJoinPool.commonPool-worker-2) Sending message {"key11755693629836": "value-7", "key21755693634477": "value-7", "key31755693635949": "value-7"} to topic topic-2eaac3aa_764d_493d_a80a_5d72fcdb519f
2025-08-20 12:40:37,234 INFO  [io.api.tes.ser.api.KafkaSerdesTester] (ForkJoinPool.commonPool-worker-2) Sending message {"key11755693629836": "value-8", "key21755693634477": "value-8", "key31755693635949": "value-8"} to topic topic-2eaac3aa_764d_493d_a80a_5d72fcdb519f
2025-08-20 12:40:37,236 INFO  [io.api.tes.ser.api.KafkaSerdesTester] (ForkJoinPool.commonPool-worker-2) Sending message {"key11755693629836": "value-9", "key21755693634477": "value-9", "key31755693635949": "value-9"} to topic topic-2eaac3aa_764d_493d_a80a_5d72fcdb519f
2025-08-20 12:40:37,237 INFO  [io.api.tes.ser.api.KafkaSerdesTester] (ForkJoinPool.commonPool-worker-2) Produced 10 messages
2025-08-20 12:40:37,237 INFO  [io.api.tes.ser.api.KafkaSerdesTester] (ForkJoinPool.commonPool-worker-2) Sending message {"key11755693629836": "value-0", "key21755693634477": "value-0"} to topic topic-2eaac3aa_764d_493d_a80a_5d72fcdb519f
2025-08-20 12:40:37,238 INFO  [io.api.tes.ser.api.KafkaSerdesTester] (ForkJoinPool.commonPool-worker-2) Sending message {"key11755693629836": "value-1", "key21755693634477": "value-1"} to topic topic-2eaac3aa_764d_493d_a80a_5d72fcdb519f
2025-08-20 12:40:37,239 INFO  [io.api.tes.ser.api.KafkaSerdesTester] (ForkJoinPool.commonPool-worker-2) Sending message {"key11755693629836": "value-2", "key21755693634477": "value-2"} to topic topic-2eaac3aa_764d_493d_a80a_5d72fcdb519f
2025-08-20 12:40:37,241 INFO  [io.api.tes.ser.api.KafkaSerdesTester] (ForkJoinPool.commonPool-worker-2) Sending message {"key11755693629836": "value-3", "key21755693634477": "value-3"} to topic topic-2eaac3aa_764d_493d_a80a_5d72fcdb519f
2025-08-20 12:40:37,242 INFO  [io.api.tes.ser.api.KafkaSerdesTester] (ForkJoinPool.commonPool-worker-2) Sending message {"key11755693629836": "value-4", "key21755693634477": "value-4"} to topic topic-2eaac3aa_764d_493d_a80a_5d72fcdb519f
2025-08-20 12:40:37,243 INFO  [io.api.tes.ser.api.KafkaSerdesTester] (ForkJoinPool.commonPool-worker-2) Sending message {"key11755693629836": "value-5", "key21755693634477": "value-5"} to topic topic-2eaac3aa_764d_493d_a80a_5d72fcdb519f
2025-08-20 12:40:37,244 INFO  [io.api.tes.ser.api.KafkaSerdesTester] (ForkJoinPool.commonPool-worker-2) Sending message {"key11755693629836": "value-6", "key21755693634477": "value-6"} to topic topic-2eaac3aa_764d_493d_a80a_5d72fcdb519f
2025-08-20 12:40:37,245 INFO  [io.api.tes.ser.api.KafkaSerdesTester] (ForkJoinPool.commonPool-worker-2) Sending message {"key11755693629836": "value-7", "key21755693634477": "value-7"} to topic topic-2eaac3aa_764d_493d_a80a_5d72fcdb519f
2025-08-20 12:40:37,247 INFO  [io.api.tes.ser.api.KafkaSerdesTester] (ForkJoinPool.commonPool-worker-2) Sending message {"key11755693629836": "value-8", "key21755693634477": "value-8"} to topic topic-2eaac3aa_764d_493d_a80a_5d72fcdb519f
2025-08-20 12:40:37,248 INFO  [io.api.tes.ser.api.KafkaSerdesTester] (ForkJoinPool.commonPool-worker-2) Sending message {"key11755693629836": "value-9", "key21755693634477": "value-9"} to topic topic-2eaac3aa_764d_493d_a80a_5d72fcdb519f
2025-08-20 12:40:37,250 INFO  [io.api.tes.ser.api.KafkaSerdesTester] (ForkJoinPool.commonPool-worker-2) Produced 10 messages
2025-08-20 12:40:37,250 INFO  [io.api.tes.ser.api.KafkaSerdesTester] (ForkJoinPool.commonPool-worker-2) Sending message {"key11755693629836": "value-0"} to topic topic-2eaac3aa_764d_493d_a80a_5d72fcdb519f
2025-08-20 12:40:37,251 INFO  [io.api.tes.ser.api.KafkaSerdesTester] (ForkJoinPool.commonPool-worker-2) Sending message {"key11755693629836": "value-1"} to topic topic-2eaac3aa_764d_493d_a80a_5d72fcdb519f
2025-08-20 12:40:37,252 INFO  [io.api.tes.ser.api.KafkaSerdesTester] (ForkJoinPool.commonPool-worker-2) Sending message {"key11755693629836": "value-2"} to topic topic-2eaac3aa_764d_493d_a80a_5d72fcdb519f
2025-08-20 12:40:37,253 INFO  [io.api.tes.ser.api.KafkaSerdesTester] (ForkJoinPool.commonPool-worker-2) Sending message {"key11755693629836": "value-3"} to topic topic-2eaac3aa_764d_493d_a80a_5d72fcdb519f
2025-08-20 12:40:37,255 INFO  [io.api.tes.ser.api.KafkaSerdesTester] (ForkJoinPool.commonPool-worker-2) Sending message {"key11755693629836": "value-4"} to topic topic-2eaac3aa_764d_493d_a80a_5d72fcdb519f
2025-08-20 12:40:37,256 INFO  [io.api.tes.ser.api.KafkaSerdesTester] (ForkJoinPool.commonPool-worker-2) Sending message {"key11755693629836": "value-5"} to topic topic-2eaac3aa_764d_493d_a80a_5d72fcdb519f
2025-08-20 12:40:37,257 INFO  [io.api.tes.ser.api.KafkaSerdesTester] (ForkJoinPool.commonPool-worker-2) Sending message {"key11755693629836": "value-6"} to topic topic-2eaac3aa_764d_493d_a80a_5d72fcdb519f
2025-08-20 12:40:37,258 INFO  [io.api.tes.ser.api.KafkaSerdesTester] (ForkJoinPool.commonPool-worker-2) Sending message {"key11755693629836": "value-7"} to topic topic-2eaac3aa_764d_493d_a80a_5d72fcdb519f
2025-08-20 12:40:37,261 INFO  [io.api.tes.ser.api.KafkaSerdesTester] (ForkJoinPool.commonPool-worker-2) Sending message {"key11755693629836": "value-8"} to topic topic-2eaac3aa_764d_493d_a80a_5d72fcdb519f
2025-08-20 12:40:37,262 INFO  [io.api.tes.ser.api.KafkaSerdesTester] (ForkJoinPool.commonPool-worker-2) Sending message {"key11755693629836": "value-9"} to topic topic-2eaac3aa_764d_493d_a80a_5d72fcdb519f
2025-08-20 12:40:37,263 INFO  [io.api.tes.ser.api.KafkaSerdesTester] (ForkJoinPool.commonPool-worker-2) Produced 10 messages
2025-08-20 12:40:37,264 INFO  [org.apa.kaf.cli.con.int.ClassicKafkaConsumer] (ForkJoinPool.commonPool-worker-2) [Consumer clientId=consumer-Consumer-topic-2eaac3aa_764d_493d_a80a_5d72fcdb519f-9, groupId=Consumer-topic-2eaac3aa_764d_493d_a80a_5d72fcdb519f] Subscribed to topic(s): topic-2eaac3aa_764d_493d_a80a_5d72fcdb519f
2025-08-20 12:40:37,428 INFO  [io.api.tes.ser.api.KafkaSerdesTester] (ForkJoinPool.commonPool-worker-2) topic-2eaac3aa_764d_493d_a80a_5d72fcdb519f 0 30 {"key11755693629836": "value-0", "key21755693634477": "value-0", "key31755693635949": "value-0"}
2025-08-20 12:40:37,428 INFO  [io.api.tes.ser.api.KafkaSerdesTester] (ForkJoinPool.commonPool-worker-2) topic-2eaac3aa_764d_493d_a80a_5d72fcdb519f 0 31 {"key11755693629836": "value-1", "key21755693634477": "value-1", "key31755693635949": "value-1"}
2025-08-20 12:40:37,428 INFO  [io.api.tes.ser.api.KafkaSerdesTester] (ForkJoinPool.commonPool-worker-2) topic-2eaac3aa_764d_493d_a80a_5d72fcdb519f 0 32 {"key11755693629836": "value-2", "key21755693634477": "value-2", "key31755693635949": "value-2"}
2025-08-20 12:40:37,428 INFO  [io.api.tes.ser.api.KafkaSerdesTester] (ForkJoinPool.commonPool-worker-2) topic-2eaac3aa_764d_493d_a80a_5d72fcdb519f 0 33 {"key11755693629836": "value-3", "key21755693634477": "value-3", "key31755693635949": "value-3"}
2025-08-20 12:40:37,428 INFO  [io.api.tes.ser.api.KafkaSerdesTester] (ForkJoinPool.commonPool-worker-2) topic-2eaac3aa_764d_493d_a80a_5d72fcdb519f 0 34 {"key11755693629836": "value-4", "key21755693634477": "value-4", "key31755693635949": "value-4"}
2025-08-20 12:40:37,428 INFO  [io.api.tes.ser.api.KafkaSerdesTester] (ForkJoinPool.commonPool-worker-2) topic-2eaac3aa_764d_493d_a80a_5d72fcdb519f 0 35 {"key11755693629836": "value-5", "key21755693634477": "value-5", "key31755693635949": "value-5"}
2025-08-20 12:40:37,428 INFO  [io.api.tes.ser.api.KafkaSerdesTester] (ForkJoinPool.commonPool-worker-2) topic-2eaac3aa_764d_493d_a80a_5d72fcdb519f 0 36 {"key11755693629836": "value-6", "key21755693634477": "value-6", "key31755693635949": "value-6"}
2025-08-20 12:40:37,428 INFO  [io.api.tes.ser.api.KafkaSerdesTester] (ForkJoinPool.commonPool-worker-2) topic-2eaac3aa_764d_493d_a80a_5d72fcdb519f 0 37 {"key11755693629836": "value-7", "key21755693634477": "value-7", "key31755693635949": "value-7"}
2025-08-20 12:40:37,428 INFO  [io.api.tes.ser.api.KafkaSerdesTester] (ForkJoinPool.commonPool-worker-2) topic-2eaac3aa_764d_493d_a80a_5d72fcdb519f 0 38 {"key11755693629836": "value-8", "key21755693634477": "value-8", "key31755693635949": "value-8"}
2025-08-20 12:40:37,429 INFO  [io.api.tes.ser.api.KafkaSerdesTester] (ForkJoinPool.commonPool-worker-2) topic-2eaac3aa_764d_493d_a80a_5d72fcdb519f 0 39 {"key11755693629836": "value-9", "key21755693634477": "value-9", "key31755693635949": "value-9"}
2025-08-20 12:40:37,429 INFO  [io.api.tes.ser.api.KafkaSerdesTester] (ForkJoinPool.commonPool-worker-2) topic-2eaac3aa_764d_493d_a80a_5d72fcdb519f 0 40 {"key11755693629836": "value-0", "key21755693634477": "value-0"}
2025-08-20 12:40:37,429 INFO  [io.api.tes.ser.api.KafkaSerdesTester] (ForkJoinPool.commonPool-worker-2) topic-2eaac3aa_764d_493d_a80a_5d72fcdb519f 0 41 {"key11755693629836": "value-1", "key21755693634477": "value-1"}
2025-08-20 12:40:37,429 INFO  [io.api.tes.ser.api.KafkaSerdesTester] (ForkJoinPool.commonPool-worker-2) topic-2eaac3aa_764d_493d_a80a_5d72fcdb519f 0 42 {"key11755693629836": "value-2", "key21755693634477": "value-2"}
2025-08-20 12:40:37,429 INFO  [io.api.tes.ser.api.KafkaSerdesTester] (ForkJoinPool.commonPool-worker-2) topic-2eaac3aa_764d_493d_a80a_5d72fcdb519f 0 43 {"key11755693629836": "value-3", "key21755693634477": "value-3"}
2025-08-20 12:40:37,429 INFO  [io.api.tes.ser.api.KafkaSerdesTester] (ForkJoinPool.commonPool-worker-2) topic-2eaac3aa_764d_493d_a80a_5d72fcdb519f 0 44 {"key11755693629836": "value-4", "key21755693634477": "value-4"}
2025-08-20 12:40:37,429 INFO  [io.api.tes.ser.api.KafkaSerdesTester] (ForkJoinPool.commonPool-worker-2) topic-2eaac3aa_764d_493d_a80a_5d72fcdb519f 0 45 {"key11755693629836": "value-5", "key21755693634477": "value-5"}
2025-08-20 12:40:37,429 INFO  [io.api.tes.ser.api.KafkaSerdesTester] (ForkJoinPool.commonPool-worker-2) topic-2eaac3aa_764d_493d_a80a_5d72fcdb519f 0 46 {"key11755693629836": "value-6", "key21755693634477": "value-6"}
2025-08-20 12:40:37,429 INFO  [io.api.tes.ser.api.KafkaSerdesTester] (ForkJoinPool.commonPool-worker-2) topic-2eaac3aa_764d_493d_a80a_5d72fcdb519f 0 47 {"key11755693629836": "value-7", "key21755693634477": "value-7"}
2025-08-20 12:40:37,429 INFO  [io.api.tes.ser.api.KafkaSerdesTester] (ForkJoinPool.commonPool-worker-2) topic-2eaac3aa_764d_493d_a80a_5d72fcdb519f 0 48 {"key11755693629836": "value-8", "key21755693634477": "value-8"}
2025-08-20 12:40:37,429 INFO  [io.api.tes.ser.api.KafkaSerdesTester] (ForkJoinPool.commonPool-worker-2) topic-2eaac3aa_764d_493d_a80a_5d72fcdb519f 0 49 {"key11755693629836": "value-9", "key21755693634477": "value-9"}
2025-08-20 12:40:37,429 INFO  [io.api.tes.ser.api.KafkaSerdesTester] (ForkJoinPool.commonPool-worker-2) topic-2eaac3aa_764d_493d_a80a_5d72fcdb519f 0 50 {"key11755693629836": "value-0"}
2025-08-20 12:40:37,429 INFO  [io.api.tes.ser.api.KafkaSerdesTester] (ForkJoinPool.commonPool-worker-2) topic-2eaac3aa_764d_493d_a80a_5d72fcdb519f 0 51 {"key11755693629836": "value-1"}
2025-08-20 12:40:37,429 INFO  [io.api.tes.ser.api.KafkaSerdesTester] (ForkJoinPool.commonPool-worker-2) topic-2eaac3aa_764d_493d_a80a_5d72fcdb519f 0 52 {"key11755693629836": "value-2"}
2025-08-20 12:40:37,429 INFO  [io.api.tes.ser.api.KafkaSerdesTester] (ForkJoinPool.commonPool-worker-2) topic-2eaac3aa_764d_493d_a80a_5d72fcdb519f 0 53 {"key11755693629836": "value-3"}
2025-08-20 12:40:37,429 INFO  [io.api.tes.ser.api.KafkaSerdesTester] (ForkJoinPool.commonPool-worker-2) topic-2eaac3aa_764d_493d_a80a_5d72fcdb519f 0 54 {"key11755693629836": "value-4"}
2025-08-20 12:40:37,429 INFO  [io.api.tes.ser.api.KafkaSerdesTester] (ForkJoinPool.commonPool-worker-2) topic-2eaac3aa_764d_493d_a80a_5d72fcdb519f 0 55 {"key11755693629836": "value-5"}
2025-08-20 12:40:37,429 INFO  [io.api.tes.ser.api.KafkaSerdesTester] (ForkJoinPool.commonPool-worker-2) topic-2eaac3aa_764d_493d_a80a_5d72fcdb519f 0 56 {"key11755693629836": "value-6"}
2025-08-20 12:40:37,429 INFO  [io.api.tes.ser.api.KafkaSerdesTester] (ForkJoinPool.commonPool-worker-2) topic-2eaac3aa_764d_493d_a80a_5d72fcdb519f 0 57 {"key11755693629836": "value-7"}
2025-08-20 12:40:37,429 INFO  [io.api.tes.ser.api.KafkaSerdesTester] (ForkJoinPool.commonPool-worker-2) topic-2eaac3aa_764d_493d_a80a_5d72fcdb519f 0 58 {"key11755693629836": "value-8"}
2025-08-20 12:40:37,429 INFO  [io.api.tes.ser.api.KafkaSerdesTester] (ForkJoinPool.commonPool-worker-2) topic-2eaac3aa_764d_493d_a80a_5d72fcdb519f 0 59 {"key11755693629836": "value-9"}
2025-08-20 12:40:37,429 INFO  [io.api.tes.ser.api.KafkaSerdesTester] (ForkJoinPool.commonPool-worker-2) Consumed 30 messages
2025-08-20 12:40:37,430 INFO  [org.apa.kaf.cli.pro.KafkaProducer] (main) [Producer clientId=Producer-topic-2eaac3aa_764d_493d_a80a_5d72fcdb519f] Closing the Kafka producer with timeoutMillis = 9223372036854775807 ms.
2025-08-20 12:40:37,431 INFO  [org.apa.kaf.com.met.Metrics] (main) Metrics scheduler closed
2025-08-20 12:40:37,431 INFO  [org.apa.kaf.com.met.Metrics] (main) Closing reporter org.apache.kafka.common.metrics.JmxReporter
2025-08-20 12:40:37,431 INFO  [org.apa.kaf.com.met.Metrics] (main) Closing reporter org.apache.kafka.common.telemetry.internals.ClientTelemetryReporter
2025-08-20 12:40:37,431 INFO  [org.apa.kaf.com.met.Metrics] (main) Metrics reporters closed
2025-08-20 12:40:37,431 INFO  [org.apa.kaf.com.uti.AppInfoParser] (main) App info kafka.producer for Producer-topic-2eaac3aa_764d_493d_a80a_5d72fcdb519f unregistered
2025-08-20 12:40:37,438 INFO  [org.apa.kaf.cli.con.int.ConsumerRebalanceListenerInvoker] (main) [Consumer clientId=consumer-Consumer-topic-2eaac3aa_764d_493d_a80a_5d72fcdb519f-9, groupId=Consumer-topic-2eaac3aa_764d_493d_a80a_5d72fcdb519f] Revoke previously assigned partitions topic-2eaac3aa_764d_493d_a80a_5d72fcdb519f-0
2025-08-20 12:40:37,438 INFO  [org.apa.kaf.cli.con.int.ConsumerCoordinator] (main) [Consumer clientId=consumer-Consumer-topic-2eaac3aa_764d_493d_a80a_5d72fcdb519f-9, groupId=Consumer-topic-2eaac3aa_764d_493d_a80a_5d72fcdb519f] Member consumer-Consumer-topic-2eaac3aa_764d_493d_a80a_5d72fcdb519f-9-927550f7-86b1-41bc-a012-a976c06bf6ad sending LeaveGroup request to coordinator localhost:32769 (id: 2147483647 rack: null) due to the consumer is being closed
2025-08-20 12:40:37,438 INFO  [org.apa.kaf.cli.con.int.ConsumerCoordinator] (main) [Consumer clientId=consumer-Consumer-topic-2eaac3aa_764d_493d_a80a_5d72fcdb519f-9, groupId=Consumer-topic-2eaac3aa_764d_493d_a80a_5d72fcdb519f] Resetting generation and member id due to: consumer pro-actively leaving the group
2025-08-20 12:40:37,439 INFO  [org.apa.kaf.cli.con.int.ConsumerCoordinator] (main) [Consumer clientId=consumer-Consumer-topic-2eaac3aa_764d_493d_a80a_5d72fcdb519f-9, groupId=Consumer-topic-2eaac3aa_764d_493d_a80a_5d72fcdb519f] Request joining group due to: consumer pro-actively leaving the group
2025-08-20 12:40:37,930 INFO  [org.apa.kaf.com.met.Metrics] (main) Metrics scheduler closed
2025-08-20 12:40:37,930 INFO  [org.apa.kaf.com.met.Metrics] (main) Closing reporter org.apache.kafka.common.metrics.JmxReporter
2025-08-20 12:40:37,930 INFO  [org.apa.kaf.com.met.Metrics] (main) Closing reporter org.apache.kafka.common.telemetry.internals.ClientTelemetryReporter
2025-08-20 12:40:37,930 INFO  [org.apa.kaf.com.met.Metrics] (main) Metrics reporters closed
2025-08-20 12:40:37,932 INFO  [org.apa.kaf.com.uti.AppInfoParser] (main) App info kafka.consumer for consumer-Consumer-topic-2eaac3aa_764d_493d_a80a_5d72fcdb519f-9 unregistered
2025-08-20 12:40:37,932 INFO  [io.api.tes.uti.TestSeparator] (main) io.apicurio.tests.serdes.apicurio.AvroSerdeIT.testEvolveAvroApicurioReusingClient-FINISHED
2025-08-20 12:40:37,932 INFO  [io.api.tes.uti.TestSeparator] (main) ############################################################################
Test passed: testEvolveAvroApicurioReusingClient
]]></system-out>
  </testcase>
  <testcase name="testProducerUsesDefaultConsumerUsesGlobalId" classname="io.apicurio.tests.serdes.apicurio.AvroSerdeIT" time="0.0">
    <skipped message="void io.apicurio.tests.serdes.apicurio.AvroSerdeIT.testProducerUsesDefaultConsumerUsesGlobalId() throws java.lang.Exception is @Disabled"/>
  </testcase>
  <testcase name="testEvolveAvroApicurio" classname="io.apicurio.tests.serdes.apicurio.AvroSerdeIT" time="16.527">
    <system-out><![CDATA[2025-08-20 12:40:37,936 INFO  [io.api.tes.uti.TestSeparator] (main) ############################################################################
2025-08-20 12:40:37,936 INFO  [io.api.tes.uti.TestSeparator] (main) io.apicurio.tests.serdes.apicurio.AvroSerdeIT.testEvolveAvroApicurio-STARTED
2025-08-20 12:40:37,937 INFO  [io.api.tes.ser.api.AvroSerdeIT] (main) Registering Avro Schema: {"type":"record","name":"s02125134x9961x48f9x90a1x5d8b3b63de6b","namespace":"ns_78008a80_ffdd_4f47_87bc_971591d7e006","fields":[{"name":"key11755693637936","type":"string"}]}
**** Registry Base URL: http://registry-app-mysql.apps.ci419.apicurio-testing.org:80
2025-08-20 12:40:39,134 INFO  [org.apa.kaf.cli.pro.ProducerConfig] (main) ProducerConfig values: 
	acks = -1
	auto.include.jmx.reporter = true
	batch.size = 16384
	bootstrap.servers = [PLAINTEXT://localhost:32769]
	buffer.memory = 33554432
	client.dns.lookup = use_all_dns_ips
	client.id = Producer-topic-c3e915af_db57_4db8_9b77_6af229a75919
	compression.gzip.level = -1
	compression.lz4.level = 9
	compression.type = none
	compression.zstd.level = 3
	connections.max.idle.ms = 10000
	delivery.timeout.ms = 120000
	enable.idempotence = true
	enable.metrics.push = true
	interceptor.classes = []
	key.serializer = class org.apache.kafka.common.serialization.StringSerializer
	linger.ms = 0
	max.block.ms = 60000
	max.in.flight.requests.per.connection = 5
	max.request.size = 1048576
	metadata.max.age.ms = 300000
	metadata.max.idle.ms = 300000
	metadata.recovery.strategy = none
	metric.reporters = []
	metrics.num.samples = 2
	metrics.recording.level = INFO
	metrics.sample.window.ms = 30000
	partitioner.adaptive.partitioning.enable = true
	partitioner.availability.timeout.ms = 0
	partitioner.class = null
	partitioner.ignore.keys = false
	receive.buffer.bytes = 32768
	reconnect.backoff.max.ms = 1000
	reconnect.backoff.ms = 50
	request.timeout.ms = 5000
	retries = 2147483647
	retry.backoff.max.ms = 1000
	retry.backoff.ms = 100
	sasl.client.callback.handler.class = null
	sasl.jaas.config = null
	sasl.kerberos.kinit.cmd = /usr/bin/kinit
	sasl.kerberos.min.time.before.relogin = 60000
	sasl.kerberos.service.name = null
	sasl.kerberos.ticket.renew.jitter = 0.05
	sasl.kerberos.ticket.renew.window.factor = 0.8
	sasl.login.callback.handler.class = null
	sasl.login.class = null
	sasl.login.connect.timeout.ms = null
	sasl.login.read.timeout.ms = null
	sasl.login.refresh.buffer.seconds = 300
	sasl.login.refresh.min.period.seconds = 60
	sasl.login.refresh.window.factor = 0.8
	sasl.login.refresh.window.jitter = 0.05
	sasl.login.retry.backoff.max.ms = 10000
	sasl.login.retry.backoff.ms = 100
	sasl.mechanism = GSSAPI
	sasl.oauthbearer.clock.skew.seconds = 30
	sasl.oauthbearer.expected.audience = null
	sasl.oauthbearer.expected.issuer = null
	sasl.oauthbearer.header.urlencode = false
	sasl.oauthbearer.jwks.endpoint.refresh.ms = 3600000
	sasl.oauthbearer.jwks.endpoint.retry.backoff.max.ms = 10000
	sasl.oauthbearer.jwks.endpoint.retry.backoff.ms = 100
	sasl.oauthbearer.jwks.endpoint.url = null
	sasl.oauthbearer.scope.claim.name = scope
	sasl.oauthbearer.sub.claim.name = sub
	sasl.oauthbearer.token.endpoint.url = null
	security.protocol = PLAINTEXT
	security.providers = null
	send.buffer.bytes = 131072
	socket.connection.setup.timeout.max.ms = 30000
	socket.connection.setup.timeout.ms = 10000
	ssl.cipher.suites = null
	ssl.enabled.protocols = [TLSv1.2, TLSv1.3]
	ssl.endpoint.identification.algorithm = https
	ssl.engine.factory.class = null
	ssl.key.password = null
	ssl.keymanager.algorithm = SunX509
	ssl.keystore.certificate.chain = null
	ssl.keystore.key = null
	ssl.keystore.location = null
	ssl.keystore.password = null
	ssl.keystore.type = JKS
	ssl.protocol = TLSv1.3
	ssl.provider = null
	ssl.secure.random.implementation = null
	ssl.trustmanager.algorithm = PKIX
	ssl.truststore.certificates = null
	ssl.truststore.location = null
	ssl.truststore.password = null
	ssl.truststore.type = JKS
	transaction.timeout.ms = 60000
	transactional.id = null
	value.serializer = class io.apicurio.registry.serde.avro.AvroKafkaSerializer

2025-08-20 12:40:39,134 INFO  [org.apa.kaf.com.tel.int.KafkaMetricsCollector] (main) initializing Kafka metrics collector
2025-08-20 12:40:39,137 INFO  [org.apa.kaf.cli.pro.KafkaProducer] (main) [Producer clientId=Producer-topic-c3e915af_db57_4db8_9b77_6af229a75919] Instantiated an idempotent producer.
2025-08-20 12:40:39,139 INFO  [org.apa.kaf.cli.pro.ProducerConfig] (main) These configurations '[apicurio.registry.url, apicurio.registry.artifact-resolver-strategy]' were supplied but are not used yet.
2025-08-20 12:40:39,139 INFO  [org.apa.kaf.com.uti.AppInfoParser] (main) Kafka version: 3.9.1
2025-08-20 12:40:39,139 INFO  [org.apa.kaf.com.uti.AppInfoParser] (main) Kafka commitId: f745dfdcee2b9851
2025-08-20 12:40:39,139 INFO  [org.apa.kaf.com.uti.AppInfoParser] (main) Kafka startTimeMs: 1755693639139
**** Registry Base URL: http://registry-app-mysql.apps.ci419.apicurio-testing.org:80
2025-08-20 12:40:39,139 INFO  [org.apa.kaf.cli.con.ConsumerConfig] (main) ConsumerConfig values: 
	allow.auto.create.topics = true
	auto.commit.interval.ms = 500
	auto.include.jmx.reporter = true
	auto.offset.reset = earliest
	bootstrap.servers = [PLAINTEXT://localhost:32769]
	check.crcs = true
	client.dns.lookup = use_all_dns_ips
	client.id = consumer-Consumer-topic-c3e915af_db57_4db8_9b77_6af229a75919-10
	client.rack = 
	connections.max.idle.ms = 10000
	default.api.timeout.ms = 60000
	enable.auto.commit = true
	enable.metrics.push = true
	exclude.internal.topics = true
	fetch.max.bytes = 52428800
	fetch.max.wait.ms = 500
	fetch.min.bytes = 1
	group.id = Consumer-topic-c3e915af_db57_4db8_9b77_6af229a75919
	group.instance.id = null
	group.protocol = classic
	group.remote.assignor = null
	heartbeat.interval.ms = 3000
	interceptor.classes = []
	internal.leave.group.on.close = true
	internal.throw.on.fetch.stable.offset.unsupported = false
	isolation.level = read_uncommitted
	key.deserializer = class org.apache.kafka.common.serialization.StringDeserializer
	max.partition.fetch.bytes = 1048576
	max.poll.interval.ms = 300000
	max.poll.records = 500
	metadata.max.age.ms = 300000
	metadata.recovery.strategy = none
	metric.reporters = []
	metrics.num.samples = 2
	metrics.recording.level = INFO
	metrics.sample.window.ms = 30000
	partition.assignment.strategy = [class org.apache.kafka.clients.consumer.RangeAssignor, class org.apache.kafka.clients.consumer.CooperativeStickyAssignor]
	receive.buffer.bytes = 65536
	reconnect.backoff.max.ms = 1000
	reconnect.backoff.ms = 50
	request.timeout.ms = 5000
	retry.backoff.max.ms = 1000
	retry.backoff.ms = 100
	sasl.client.callback.handler.class = null
	sasl.jaas.config = null
	sasl.kerberos.kinit.cmd = /usr/bin/kinit
	sasl.kerberos.min.time.before.relogin = 60000
	sasl.kerberos.service.name = null
	sasl.kerberos.ticket.renew.jitter = 0.05
	sasl.kerberos.ticket.renew.window.factor = 0.8
	sasl.login.callback.handler.class = null
	sasl.login.class = null
	sasl.login.connect.timeout.ms = null
	sasl.login.read.timeout.ms = null
	sasl.login.refresh.buffer.seconds = 300
	sasl.login.refresh.min.period.seconds = 60
	sasl.login.refresh.window.factor = 0.8
	sasl.login.refresh.window.jitter = 0.05
	sasl.login.retry.backoff.max.ms = 10000
	sasl.login.retry.backoff.ms = 100
	sasl.mechanism = GSSAPI
	sasl.oauthbearer.clock.skew.seconds = 30
	sasl.oauthbearer.expected.audience = null
	sasl.oauthbearer.expected.issuer = null
	sasl.oauthbearer.header.urlencode = false
	sasl.oauthbearer.jwks.endpoint.refresh.ms = 3600000
	sasl.oauthbearer.jwks.endpoint.retry.backoff.max.ms = 10000
	sasl.oauthbearer.jwks.endpoint.retry.backoff.ms = 100
	sasl.oauthbearer.jwks.endpoint.url = null
	sasl.oauthbearer.scope.claim.name = scope
	sasl.oauthbearer.sub.claim.name = sub
	sasl.oauthbearer.token.endpoint.url = null
	security.protocol = PLAINTEXT
	security.providers = null
	send.buffer.bytes = 131072
	session.timeout.ms = 45000
	socket.connection.setup.timeout.max.ms = 30000
	socket.connection.setup.timeout.ms = 10000
	ssl.cipher.suites = null
	ssl.enabled.protocols = [TLSv1.2, TLSv1.3]
	ssl.endpoint.identification.algorithm = https
	ssl.engine.factory.class = null
	ssl.key.password = null
	ssl.keymanager.algorithm = SunX509
	ssl.keystore.certificate.chain = null
	ssl.keystore.key = null
	ssl.keystore.location = null
	ssl.keystore.password = null
	ssl.keystore.type = JKS
	ssl.protocol = TLSv1.3
	ssl.provider = null
	ssl.secure.random.implementation = null
	ssl.trustmanager.algorithm = PKIX
	ssl.truststore.certificates = null
	ssl.truststore.location = null
	ssl.truststore.password = null
	ssl.truststore.type = JKS
	value.deserializer = class io.apicurio.registry.serde.avro.AvroKafkaDeserializer

2025-08-20 12:40:39,140 INFO  [org.apa.kaf.com.tel.int.KafkaMetricsCollector] (main) initializing Kafka metrics collector
2025-08-20 12:40:39,142 INFO  [org.apa.kaf.cli.Metadata] (kafka-producer-network-thread | Producer-topic-c3e915af_db57_4db8_9b77_6af229a75919) [Producer clientId=Producer-topic-c3e915af_db57_4db8_9b77_6af229a75919] Cluster ID: w67HKo3KT1qYVnubU-PiPQ
2025-08-20 12:40:39,142 INFO  [org.apa.kaf.cli.pro.int.TransactionManager] (kafka-producer-network-thread | Producer-topic-c3e915af_db57_4db8_9b77_6af229a75919) [Producer clientId=Producer-topic-c3e915af_db57_4db8_9b77_6af229a75919] ProducerId set to 12 with epoch 0
2025-08-20 12:40:39,145 INFO  [org.apa.kaf.cli.con.ConsumerConfig] (main) These configurations '[apicurio.registry.url]' were supplied but are not used yet.
2025-08-20 12:40:39,145 INFO  [org.apa.kaf.com.uti.AppInfoParser] (main) Kafka version: 3.9.1
2025-08-20 12:40:39,145 INFO  [org.apa.kaf.com.uti.AppInfoParser] (main) Kafka commitId: f745dfdcee2b9851
2025-08-20 12:40:39,145 INFO  [org.apa.kaf.com.uti.AppInfoParser] (main) Kafka startTimeMs: 1755693639145
2025-08-20 12:40:39,145 INFO  [io.api.tes.ser.api.KafkaSerdesTester] (ForkJoinPool.commonPool-worker-2) Sending message {"key11755693637936": "value-0"} to topic topic-c3e915af_db57_4db8_9b77_6af229a75919
2025-08-20 12:40:39,147 INFO  [DefaultSchemaResolver] (ForkJoinPool.commonPool-worker-2) Retrieving schema content using string: {"type":"record","name":"s02125134x9961x48f9x90a1x5d8b3b63de6b","namespace":"ns_78008a80_ffdd_4f47_87bc_971591d7e006","fields":[{"name":"key11755693637936","type":"string"}]}
2025-08-20 12:40:39,306 INFO  [io.api.tes.ser.api.KafkaSerdesTester] (ForkJoinPool.commonPool-worker-2) Sending message {"key11755693637936": "value-1"} to topic topic-c3e915af_db57_4db8_9b77_6af229a75919
2025-08-20 12:40:39,307 INFO  [io.api.tes.ser.api.KafkaSerdesTester] (ForkJoinPool.commonPool-worker-2) Sending message {"key11755693637936": "value-2"} to topic topic-c3e915af_db57_4db8_9b77_6af229a75919
2025-08-20 12:40:39,308 INFO  [io.api.tes.ser.api.KafkaSerdesTester] (ForkJoinPool.commonPool-worker-2) Sending message {"key11755693637936": "value-3"} to topic topic-c3e915af_db57_4db8_9b77_6af229a75919
2025-08-20 12:40:39,309 INFO  [io.api.tes.ser.api.KafkaSerdesTester] (ForkJoinPool.commonPool-worker-2) Sending message {"key11755693637936": "value-4"} to topic topic-c3e915af_db57_4db8_9b77_6af229a75919
2025-08-20 12:40:39,310 INFO  [io.api.tes.ser.api.KafkaSerdesTester] (ForkJoinPool.commonPool-worker-2) Sending message {"key11755693637936": "value-5"} to topic topic-c3e915af_db57_4db8_9b77_6af229a75919
2025-08-20 12:40:39,311 INFO  [io.api.tes.ser.api.KafkaSerdesTester] (ForkJoinPool.commonPool-worker-2) Sending message {"key11755693637936": "value-6"} to topic topic-c3e915af_db57_4db8_9b77_6af229a75919
2025-08-20 12:40:39,312 INFO  [io.api.tes.ser.api.KafkaSerdesTester] (ForkJoinPool.commonPool-worker-2) Sending message {"key11755693637936": "value-7"} to topic topic-c3e915af_db57_4db8_9b77_6af229a75919
2025-08-20 12:40:39,314 INFO  [io.api.tes.ser.api.KafkaSerdesTester] (ForkJoinPool.commonPool-worker-2) Sending message {"key11755693637936": "value-8"} to topic topic-c3e915af_db57_4db8_9b77_6af229a75919
2025-08-20 12:40:39,315 INFO  [io.api.tes.ser.api.KafkaSerdesTester] (ForkJoinPool.commonPool-worker-2) Sending message {"key11755693637936": "value-9"} to topic topic-c3e915af_db57_4db8_9b77_6af229a75919
2025-08-20 12:40:39,316 INFO  [io.api.tes.ser.api.KafkaSerdesTester] (ForkJoinPool.commonPool-worker-2) Produced 10 messages
2025-08-20 12:40:39,316 INFO  [org.apa.kaf.cli.pro.KafkaProducer] (ForkJoinPool.commonPool-worker-2) [Producer clientId=Producer-topic-c3e915af_db57_4db8_9b77_6af229a75919] Closing the Kafka producer with timeoutMillis = 9223372036854775807 ms.
2025-08-20 12:40:39,318 INFO  [org.apa.kaf.com.met.Metrics] (ForkJoinPool.commonPool-worker-2) Metrics scheduler closed
2025-08-20 12:40:39,318 INFO  [org.apa.kaf.com.met.Metrics] (ForkJoinPool.commonPool-worker-2) Closing reporter org.apache.kafka.common.metrics.JmxReporter
2025-08-20 12:40:39,318 INFO  [org.apa.kaf.com.met.Metrics] (ForkJoinPool.commonPool-worker-2) Closing reporter org.apache.kafka.common.telemetry.internals.ClientTelemetryReporter
2025-08-20 12:40:39,318 INFO  [org.apa.kaf.com.met.Metrics] (ForkJoinPool.commonPool-worker-2) Metrics reporters closed
2025-08-20 12:40:39,318 INFO  [org.apa.kaf.com.uti.AppInfoParser] (ForkJoinPool.commonPool-worker-2) App info kafka.producer for Producer-topic-c3e915af_db57_4db8_9b77_6af229a75919 unregistered
2025-08-20 12:40:39,319 INFO  [org.apa.kaf.cli.con.int.ClassicKafkaConsumer] (ForkJoinPool.commonPool-worker-2) [Consumer clientId=consumer-Consumer-topic-c3e915af_db57_4db8_9b77_6af229a75919-10, groupId=Consumer-topic-c3e915af_db57_4db8_9b77_6af229a75919] Subscribed to topic(s): topic-c3e915af_db57_4db8_9b77_6af229a75919
2025-08-20 12:40:39,323 INFO  [org.apa.kaf.cli.Metadata] (ForkJoinPool.commonPool-worker-2) [Consumer clientId=consumer-Consumer-topic-c3e915af_db57_4db8_9b77_6af229a75919-10, groupId=Consumer-topic-c3e915af_db57_4db8_9b77_6af229a75919] Cluster ID: w67HKo3KT1qYVnubU-PiPQ
2025-08-20 12:40:39,323 INFO  [org.apa.kaf.cli.con.int.ConsumerCoordinator] (ForkJoinPool.commonPool-worker-2) [Consumer clientId=consumer-Consumer-topic-c3e915af_db57_4db8_9b77_6af229a75919-10, groupId=Consumer-topic-c3e915af_db57_4db8_9b77_6af229a75919] Discovered group coordinator localhost:32769 (id: 2147483647 rack: null)
2025-08-20 12:40:39,324 INFO  [org.apa.kaf.cli.con.int.ConsumerCoordinator] (ForkJoinPool.commonPool-worker-2) [Consumer clientId=consumer-Consumer-topic-c3e915af_db57_4db8_9b77_6af229a75919-10, groupId=Consumer-topic-c3e915af_db57_4db8_9b77_6af229a75919] (Re-)joining group
2025-08-20 12:40:39,326 INFO  [org.apa.kaf.cli.con.int.ConsumerCoordinator] (ForkJoinPool.commonPool-worker-2) [Consumer clientId=consumer-Consumer-topic-c3e915af_db57_4db8_9b77_6af229a75919-10, groupId=Consumer-topic-c3e915af_db57_4db8_9b77_6af229a75919] Request joining group due to: need to re-join with the given member-id: consumer-Consumer-topic-c3e915af_db57_4db8_9b77_6af229a75919-10-dbbdaf17-871f-4e95-bfe3-14ec73ad70a0
2025-08-20 12:40:39,326 INFO  [org.apa.kaf.cli.con.int.ConsumerCoordinator] (ForkJoinPool.commonPool-worker-2) [Consumer clientId=consumer-Consumer-topic-c3e915af_db57_4db8_9b77_6af229a75919-10, groupId=Consumer-topic-c3e915af_db57_4db8_9b77_6af229a75919] (Re-)joining group
2025-08-20 12:40:40,319 INFO  [io.api.tes.ser.api.KafkaSerdesTester] (ForkJoinPool.commonPool-worker-2) None found
2025-08-20 12:40:41,320 INFO  [io.api.tes.ser.api.KafkaSerdesTester] (ForkJoinPool.commonPool-worker-2) None found
2025-08-20 12:40:42,320 INFO  [io.api.tes.ser.api.KafkaSerdesTester] (ForkJoinPool.commonPool-worker-2) None found
2025-08-20 12:40:42,327 INFO  [org.apa.kaf.cli.con.int.ConsumerCoordinator] (ForkJoinPool.commonPool-worker-2) [Consumer clientId=consumer-Consumer-topic-c3e915af_db57_4db8_9b77_6af229a75919-10, groupId=Consumer-topic-c3e915af_db57_4db8_9b77_6af229a75919] Successfully joined group with generation Generation{generationId=1, memberId='consumer-Consumer-topic-c3e915af_db57_4db8_9b77_6af229a75919-10-dbbdaf17-871f-4e95-bfe3-14ec73ad70a0', protocol='range'}
2025-08-20 12:40:42,328 INFO  [org.apa.kaf.cli.con.int.ConsumerCoordinator] (ForkJoinPool.commonPool-worker-2) [Consumer clientId=consumer-Consumer-topic-c3e915af_db57_4db8_9b77_6af229a75919-10, groupId=Consumer-topic-c3e915af_db57_4db8_9b77_6af229a75919] Finished assignment for group at generation 1: {consumer-Consumer-topic-c3e915af_db57_4db8_9b77_6af229a75919-10-dbbdaf17-871f-4e95-bfe3-14ec73ad70a0=Assignment(partitions=[topic-c3e915af_db57_4db8_9b77_6af229a75919-0])}
2025-08-20 12:40:42,334 INFO  [org.apa.kaf.cli.con.int.ConsumerCoordinator] (ForkJoinPool.commonPool-worker-2) [Consumer clientId=consumer-Consumer-topic-c3e915af_db57_4db8_9b77_6af229a75919-10, groupId=Consumer-topic-c3e915af_db57_4db8_9b77_6af229a75919] Successfully synced group in generation Generation{generationId=1, memberId='consumer-Consumer-topic-c3e915af_db57_4db8_9b77_6af229a75919-10-dbbdaf17-871f-4e95-bfe3-14ec73ad70a0', protocol='range'}
2025-08-20 12:40:42,334 INFO  [org.apa.kaf.cli.con.int.ConsumerCoordinator] (ForkJoinPool.commonPool-worker-2) [Consumer clientId=consumer-Consumer-topic-c3e915af_db57_4db8_9b77_6af229a75919-10, groupId=Consumer-topic-c3e915af_db57_4db8_9b77_6af229a75919] Notifying assignor about the new Assignment(partitions=[topic-c3e915af_db57_4db8_9b77_6af229a75919-0])
2025-08-20 12:40:42,334 INFO  [org.apa.kaf.cli.con.int.ConsumerRebalanceListenerInvoker] (ForkJoinPool.commonPool-worker-2) [Consumer clientId=consumer-Consumer-topic-c3e915af_db57_4db8_9b77_6af229a75919-10, groupId=Consumer-topic-c3e915af_db57_4db8_9b77_6af229a75919] Adding newly assigned partitions: topic-c3e915af_db57_4db8_9b77_6af229a75919-0
2025-08-20 12:40:42,335 INFO  [org.apa.kaf.cli.con.int.ConsumerCoordinator] (ForkJoinPool.commonPool-worker-2) [Consumer clientId=consumer-Consumer-topic-c3e915af_db57_4db8_9b77_6af229a75919-10, groupId=Consumer-topic-c3e915af_db57_4db8_9b77_6af229a75919] Found no committed offset for partition topic-c3e915af_db57_4db8_9b77_6af229a75919-0
2025-08-20 12:40:42,338 INFO  [org.apa.kaf.cli.con.int.SubscriptionState] (ForkJoinPool.commonPool-worker-2) [Consumer clientId=consumer-Consumer-topic-c3e915af_db57_4db8_9b77_6af229a75919-10, groupId=Consumer-topic-c3e915af_db57_4db8_9b77_6af229a75919] Resetting offset for partition topic-c3e915af_db57_4db8_9b77_6af229a75919-0 to position FetchPosition{offset=0, offsetEpoch=Optional.empty, currentLeader=LeaderAndEpoch{leader=Optional[localhost:32769 (id: 0 rack: null)], epoch=0}}.
2025-08-20 12:40:42,572 INFO  [io.api.tes.ser.api.KafkaSerdesTester] (ForkJoinPool.commonPool-worker-2) topic-c3e915af_db57_4db8_9b77_6af229a75919 0 0 {"key11755693637936": "value-0"}
2025-08-20 12:40:42,572 INFO  [io.api.tes.ser.api.KafkaSerdesTester] (ForkJoinPool.commonPool-worker-2) topic-c3e915af_db57_4db8_9b77_6af229a75919 0 1 {"key11755693637936": "value-1"}
2025-08-20 12:40:42,572 INFO  [io.api.tes.ser.api.KafkaSerdesTester] (ForkJoinPool.commonPool-worker-2) topic-c3e915af_db57_4db8_9b77_6af229a75919 0 2 {"key11755693637936": "value-2"}
2025-08-20 12:40:42,572 INFO  [io.api.tes.ser.api.KafkaSerdesTester] (ForkJoinPool.commonPool-worker-2) topic-c3e915af_db57_4db8_9b77_6af229a75919 0 3 {"key11755693637936": "value-3"}
2025-08-20 12:40:42,572 INFO  [io.api.tes.ser.api.KafkaSerdesTester] (ForkJoinPool.commonPool-worker-2) topic-c3e915af_db57_4db8_9b77_6af229a75919 0 4 {"key11755693637936": "value-4"}
2025-08-20 12:40:42,572 INFO  [io.api.tes.ser.api.KafkaSerdesTester] (ForkJoinPool.commonPool-worker-2) topic-c3e915af_db57_4db8_9b77_6af229a75919 0 5 {"key11755693637936": "value-5"}
2025-08-20 12:40:42,572 INFO  [io.api.tes.ser.api.KafkaSerdesTester] (ForkJoinPool.commonPool-worker-2) topic-c3e915af_db57_4db8_9b77_6af229a75919 0 6 {"key11755693637936": "value-6"}
2025-08-20 12:40:42,572 INFO  [io.api.tes.ser.api.KafkaSerdesTester] (ForkJoinPool.commonPool-worker-2) topic-c3e915af_db57_4db8_9b77_6af229a75919 0 7 {"key11755693637936": "value-7"}
2025-08-20 12:40:42,573 INFO  [io.api.tes.ser.api.KafkaSerdesTester] (ForkJoinPool.commonPool-worker-2) topic-c3e915af_db57_4db8_9b77_6af229a75919 0 8 {"key11755693637936": "value-8"}
2025-08-20 12:40:42,573 INFO  [io.api.tes.ser.api.KafkaSerdesTester] (ForkJoinPool.commonPool-worker-2) topic-c3e915af_db57_4db8_9b77_6af229a75919 0 9 {"key11755693637936": "value-9"}
2025-08-20 12:40:42,573 INFO  [io.api.tes.ser.api.KafkaSerdesTester] (ForkJoinPool.commonPool-worker-2) Consumed 10 messages
2025-08-20 12:40:42,579 INFO  [org.apa.kaf.cli.con.int.ConsumerRebalanceListenerInvoker] (ForkJoinPool.commonPool-worker-2) [Consumer clientId=consumer-Consumer-topic-c3e915af_db57_4db8_9b77_6af229a75919-10, groupId=Consumer-topic-c3e915af_db57_4db8_9b77_6af229a75919] Revoke previously assigned partitions topic-c3e915af_db57_4db8_9b77_6af229a75919-0
2025-08-20 12:40:42,579 INFO  [org.apa.kaf.cli.con.int.ConsumerCoordinator] (ForkJoinPool.commonPool-worker-2) [Consumer clientId=consumer-Consumer-topic-c3e915af_db57_4db8_9b77_6af229a75919-10, groupId=Consumer-topic-c3e915af_db57_4db8_9b77_6af229a75919] Member consumer-Consumer-topic-c3e915af_db57_4db8_9b77_6af229a75919-10-dbbdaf17-871f-4e95-bfe3-14ec73ad70a0 sending LeaveGroup request to coordinator localhost:32769 (id: 2147483647 rack: null) due to the consumer is being closed
2025-08-20 12:40:42,579 INFO  [org.apa.kaf.cli.con.int.ConsumerCoordinator] (ForkJoinPool.commonPool-worker-2) [Consumer clientId=consumer-Consumer-topic-c3e915af_db57_4db8_9b77_6af229a75919-10, groupId=Consumer-topic-c3e915af_db57_4db8_9b77_6af229a75919] Resetting generation and member id due to: consumer pro-actively leaving the group
2025-08-20 12:40:42,579 INFO  [org.apa.kaf.cli.con.int.ConsumerCoordinator] (ForkJoinPool.commonPool-worker-2) [Consumer clientId=consumer-Consumer-topic-c3e915af_db57_4db8_9b77_6af229a75919-10, groupId=Consumer-topic-c3e915af_db57_4db8_9b77_6af229a75919] Request joining group due to: consumer pro-actively leaving the group
2025-08-20 12:40:43,075 INFO  [org.apa.kaf.com.met.Metrics] (ForkJoinPool.commonPool-worker-2) Metrics scheduler closed
2025-08-20 12:40:43,075 INFO  [org.apa.kaf.com.met.Metrics] (ForkJoinPool.commonPool-worker-2) Closing reporter org.apache.kafka.common.metrics.JmxReporter
2025-08-20 12:40:43,075 INFO  [org.apa.kaf.com.met.Metrics] (ForkJoinPool.commonPool-worker-2) Closing reporter org.apache.kafka.common.telemetry.internals.ClientTelemetryReporter
2025-08-20 12:40:43,075 INFO  [org.apa.kaf.com.met.Metrics] (ForkJoinPool.commonPool-worker-2) Metrics reporters closed
2025-08-20 12:40:43,076 INFO  [org.apa.kaf.com.uti.AppInfoParser] (ForkJoinPool.commonPool-worker-2) App info kafka.consumer for consumer-Consumer-topic-c3e915af_db57_4db8_9b77_6af229a75919-10 unregistered
2025-08-20 12:40:43,077 INFO  [io.api.tes.ser.api.AvroSerdeIT] (main) Registering Avro Schema 2: {"type":"record","name":"s02125134x9961x48f9x90a1x5d8b3b63de6b","namespace":"ns_78008a80_ffdd_4f47_87bc_971591d7e006","fields":[{"name":"key11755693637936","type":"string"},{"name":"key21755693643077","type":"string"}]}
**** Registry Base URL: http://registry-app-mysql.apps.ci419.apicurio-testing.org:80
2025-08-20 12:40:44,272 INFO  [org.apa.kaf.cli.pro.ProducerConfig] (main) ProducerConfig values: 
	acks = -1
	auto.include.jmx.reporter = true
	batch.size = 16384
	bootstrap.servers = [PLAINTEXT://localhost:32769]
	buffer.memory = 33554432
	client.dns.lookup = use_all_dns_ips
	client.id = Producer-topic-c3e915af_db57_4db8_9b77_6af229a75919
	compression.gzip.level = -1
	compression.lz4.level = 9
	compression.type = none
	compression.zstd.level = 3
	connections.max.idle.ms = 10000
	delivery.timeout.ms = 120000
	enable.idempotence = true
	enable.metrics.push = true
	interceptor.classes = []
	key.serializer = class org.apache.kafka.common.serialization.StringSerializer
	linger.ms = 0
	max.block.ms = 60000
	max.in.flight.requests.per.connection = 5
	max.request.size = 1048576
	metadata.max.age.ms = 300000
	metadata.max.idle.ms = 300000
	metadata.recovery.strategy = none
	metric.reporters = []
	metrics.num.samples = 2
	metrics.recording.level = INFO
	metrics.sample.window.ms = 30000
	partitioner.adaptive.partitioning.enable = true
	partitioner.availability.timeout.ms = 0
	partitioner.class = null
	partitioner.ignore.keys = false
	receive.buffer.bytes = 32768
	reconnect.backoff.max.ms = 1000
	reconnect.backoff.ms = 50
	request.timeout.ms = 5000
	retries = 2147483647
	retry.backoff.max.ms = 1000
	retry.backoff.ms = 100
	sasl.client.callback.handler.class = null
	sasl.jaas.config = null
	sasl.kerberos.kinit.cmd = /usr/bin/kinit
	sasl.kerberos.min.time.before.relogin = 60000
	sasl.kerberos.service.name = null
	sasl.kerberos.ticket.renew.jitter = 0.05
	sasl.kerberos.ticket.renew.window.factor = 0.8
	sasl.login.callback.handler.class = null
	sasl.login.class = null
	sasl.login.connect.timeout.ms = null
	sasl.login.read.timeout.ms = null
	sasl.login.refresh.buffer.seconds = 300
	sasl.login.refresh.min.period.seconds = 60
	sasl.login.refresh.window.factor = 0.8
	sasl.login.refresh.window.jitter = 0.05
	sasl.login.retry.backoff.max.ms = 10000
	sasl.login.retry.backoff.ms = 100
	sasl.mechanism = GSSAPI
	sasl.oauthbearer.clock.skew.seconds = 30
	sasl.oauthbearer.expected.audience = null
	sasl.oauthbearer.expected.issuer = null
	sasl.oauthbearer.header.urlencode = false
	sasl.oauthbearer.jwks.endpoint.refresh.ms = 3600000
	sasl.oauthbearer.jwks.endpoint.retry.backoff.max.ms = 10000
	sasl.oauthbearer.jwks.endpoint.retry.backoff.ms = 100
	sasl.oauthbearer.jwks.endpoint.url = null
	sasl.oauthbearer.scope.claim.name = scope
	sasl.oauthbearer.sub.claim.name = sub
	sasl.oauthbearer.token.endpoint.url = null
	security.protocol = PLAINTEXT
	security.providers = null
	send.buffer.bytes = 131072
	socket.connection.setup.timeout.max.ms = 30000
	socket.connection.setup.timeout.ms = 10000
	ssl.cipher.suites = null
	ssl.enabled.protocols = [TLSv1.2, TLSv1.3]
	ssl.endpoint.identification.algorithm = https
	ssl.engine.factory.class = null
	ssl.key.password = null
	ssl.keymanager.algorithm = SunX509
	ssl.keystore.certificate.chain = null
	ssl.keystore.key = null
	ssl.keystore.location = null
	ssl.keystore.password = null
	ssl.keystore.type = JKS
	ssl.protocol = TLSv1.3
	ssl.provider = null
	ssl.secure.random.implementation = null
	ssl.trustmanager.algorithm = PKIX
	ssl.truststore.certificates = null
	ssl.truststore.location = null
	ssl.truststore.password = null
	ssl.truststore.type = JKS
	transaction.timeout.ms = 60000
	transactional.id = null
	value.serializer = class io.apicurio.registry.serde.avro.AvroKafkaSerializer

2025-08-20 12:40:44,272 INFO  [org.apa.kaf.com.tel.int.KafkaMetricsCollector] (main) initializing Kafka metrics collector
2025-08-20 12:40:44,275 INFO  [org.apa.kaf.cli.pro.KafkaProducer] (main) [Producer clientId=Producer-topic-c3e915af_db57_4db8_9b77_6af229a75919] Instantiated an idempotent producer.
2025-08-20 12:40:44,276 INFO  [org.apa.kaf.cli.pro.ProducerConfig] (main) These configurations '[apicurio.registry.url, apicurio.registry.artifact-resolver-strategy]' were supplied but are not used yet.
2025-08-20 12:40:44,276 INFO  [org.apa.kaf.com.uti.AppInfoParser] (main) Kafka version: 3.9.1
2025-08-20 12:40:44,276 INFO  [org.apa.kaf.com.uti.AppInfoParser] (main) Kafka commitId: f745dfdcee2b9851
2025-08-20 12:40:44,276 INFO  [org.apa.kaf.com.uti.AppInfoParser] (main) Kafka startTimeMs: 1755693644276
2025-08-20 12:40:44,277 INFO  [io.api.tes.ser.api.KafkaSerdesTester] (ForkJoinPool.commonPool-worker-2) Sending message {"key11755693637936": "value-0", "key21755693643077": "value-0"} to topic topic-c3e915af_db57_4db8_9b77_6af229a75919
2025-08-20 12:40:44,279 INFO  [org.apa.kaf.cli.Metadata] (kafka-producer-network-thread | Producer-topic-c3e915af_db57_4db8_9b77_6af229a75919) [Producer clientId=Producer-topic-c3e915af_db57_4db8_9b77_6af229a75919] Cluster ID: w67HKo3KT1qYVnubU-PiPQ
2025-08-20 12:40:44,279 INFO  [org.apa.kaf.cli.pro.int.TransactionManager] (kafka-producer-network-thread | Producer-topic-c3e915af_db57_4db8_9b77_6af229a75919) [Producer clientId=Producer-topic-c3e915af_db57_4db8_9b77_6af229a75919] ProducerId set to 13 with epoch 0
2025-08-20 12:40:44,279 INFO  [DefaultSchemaResolver] (ForkJoinPool.commonPool-worker-2) Retrieving schema content using string: {"type":"record","name":"s02125134x9961x48f9x90a1x5d8b3b63de6b","namespace":"ns_78008a80_ffdd_4f47_87bc_971591d7e006","fields":[{"name":"key11755693637936","type":"string"},{"name":"key21755693643077","type":"string"}]}
2025-08-20 12:40:44,439 INFO  [io.api.tes.ser.api.KafkaSerdesTester] (ForkJoinPool.commonPool-worker-2) Sending message {"key11755693637936": "value-1", "key21755693643077": "value-1"} to topic topic-c3e915af_db57_4db8_9b77_6af229a75919
2025-08-20 12:40:44,440 INFO  [io.api.tes.ser.api.KafkaSerdesTester] (ForkJoinPool.commonPool-worker-2) Sending message {"key11755693637936": "value-2", "key21755693643077": "value-2"} to topic topic-c3e915af_db57_4db8_9b77_6af229a75919
2025-08-20 12:40:44,442 INFO  [io.api.tes.ser.api.KafkaSerdesTester] (ForkJoinPool.commonPool-worker-2) Sending message {"key11755693637936": "value-3", "key21755693643077": "value-3"} to topic topic-c3e915af_db57_4db8_9b77_6af229a75919
2025-08-20 12:40:44,443 INFO  [io.api.tes.ser.api.KafkaSerdesTester] (ForkJoinPool.commonPool-worker-2) Sending message {"key11755693637936": "value-4", "key21755693643077": "value-4"} to topic topic-c3e915af_db57_4db8_9b77_6af229a75919
2025-08-20 12:40:44,445 INFO  [io.api.tes.ser.api.KafkaSerdesTester] (ForkJoinPool.commonPool-worker-2) Sending message {"key11755693637936": "value-5", "key21755693643077": "value-5"} to topic topic-c3e915af_db57_4db8_9b77_6af229a75919
2025-08-20 12:40:44,446 INFO  [io.api.tes.ser.api.KafkaSerdesTester] (ForkJoinPool.commonPool-worker-2) Sending message {"key11755693637936": "value-6", "key21755693643077": "value-6"} to topic topic-c3e915af_db57_4db8_9b77_6af229a75919
2025-08-20 12:40:44,447 INFO  [io.api.tes.ser.api.KafkaSerdesTester] (ForkJoinPool.commonPool-worker-2) Sending message {"key11755693637936": "value-7", "key21755693643077": "value-7"} to topic topic-c3e915af_db57_4db8_9b77_6af229a75919
2025-08-20 12:40:44,448 INFO  [io.api.tes.ser.api.KafkaSerdesTester] (ForkJoinPool.commonPool-worker-2) Sending message {"key11755693637936": "value-8", "key21755693643077": "value-8"} to topic topic-c3e915af_db57_4db8_9b77_6af229a75919
2025-08-20 12:40:44,449 INFO  [io.api.tes.ser.api.KafkaSerdesTester] (ForkJoinPool.commonPool-worker-2) Sending message {"key11755693637936": "value-9", "key21755693643077": "value-9"} to topic topic-c3e915af_db57_4db8_9b77_6af229a75919
2025-08-20 12:40:44,451 INFO  [io.api.tes.ser.api.KafkaSerdesTester] (ForkJoinPool.commonPool-worker-2) Produced 10 messages
2025-08-20 12:40:44,451 INFO  [org.apa.kaf.cli.pro.KafkaProducer] (ForkJoinPool.commonPool-worker-2) [Producer clientId=Producer-topic-c3e915af_db57_4db8_9b77_6af229a75919] Closing the Kafka producer with timeoutMillis = 9223372036854775807 ms.
2025-08-20 12:40:44,453 INFO  [org.apa.kaf.com.met.Metrics] (ForkJoinPool.commonPool-worker-2) Metrics scheduler closed
2025-08-20 12:40:44,453 INFO  [org.apa.kaf.com.met.Metrics] (ForkJoinPool.commonPool-worker-2) Closing reporter org.apache.kafka.common.metrics.JmxReporter
2025-08-20 12:40:44,453 INFO  [org.apa.kaf.com.met.Metrics] (ForkJoinPool.commonPool-worker-2) Closing reporter org.apache.kafka.common.telemetry.internals.ClientTelemetryReporter
2025-08-20 12:40:44,453 INFO  [org.apa.kaf.com.met.Metrics] (ForkJoinPool.commonPool-worker-2) Metrics reporters closed
2025-08-20 12:40:44,453 INFO  [org.apa.kaf.com.uti.AppInfoParser] (ForkJoinPool.commonPool-worker-2) App info kafka.producer for Producer-topic-c3e915af_db57_4db8_9b77_6af229a75919 unregistered
**** Registry Base URL: http://registry-app-mysql.apps.ci419.apicurio-testing.org:80
2025-08-20 12:40:44,454 INFO  [org.apa.kaf.cli.pro.ProducerConfig] (main) ProducerConfig values: 
	acks = -1
	auto.include.jmx.reporter = true
	batch.size = 16384
	bootstrap.servers = [PLAINTEXT://localhost:32769]
	buffer.memory = 33554432
	client.dns.lookup = use_all_dns_ips
	client.id = Producer-topic-c3e915af_db57_4db8_9b77_6af229a75919
	compression.gzip.level = -1
	compression.lz4.level = 9
	compression.type = none
	compression.zstd.level = 3
	connections.max.idle.ms = 10000
	delivery.timeout.ms = 120000
	enable.idempotence = true
	enable.metrics.push = true
	interceptor.classes = []
	key.serializer = class org.apache.kafka.common.serialization.StringSerializer
	linger.ms = 0
	max.block.ms = 60000
	max.in.flight.requests.per.connection = 5
	max.request.size = 1048576
	metadata.max.age.ms = 300000
	metadata.max.idle.ms = 300000
	metadata.recovery.strategy = none
	metric.reporters = []
	metrics.num.samples = 2
	metrics.recording.level = INFO
	metrics.sample.window.ms = 30000
	partitioner.adaptive.partitioning.enable = true
	partitioner.availability.timeout.ms = 0
	partitioner.class = null
	partitioner.ignore.keys = false
	receive.buffer.bytes = 32768
	reconnect.backoff.max.ms = 1000
	reconnect.backoff.ms = 50
	request.timeout.ms = 5000
	retries = 2147483647
	retry.backoff.max.ms = 1000
	retry.backoff.ms = 100
	sasl.client.callback.handler.class = null
	sasl.jaas.config = null
	sasl.kerberos.kinit.cmd = /usr/bin/kinit
	sasl.kerberos.min.time.before.relogin = 60000
	sasl.kerberos.service.name = null
	sasl.kerberos.ticket.renew.jitter = 0.05
	sasl.kerberos.ticket.renew.window.factor = 0.8
	sasl.login.callback.handler.class = null
	sasl.login.class = null
	sasl.login.connect.timeout.ms = null
	sasl.login.read.timeout.ms = null
	sasl.login.refresh.buffer.seconds = 300
	sasl.login.refresh.min.period.seconds = 60
	sasl.login.refresh.window.factor = 0.8
	sasl.login.refresh.window.jitter = 0.05
	sasl.login.retry.backoff.max.ms = 10000
	sasl.login.retry.backoff.ms = 100
	sasl.mechanism = GSSAPI
	sasl.oauthbearer.clock.skew.seconds = 30
	sasl.oauthbearer.expected.audience = null
	sasl.oauthbearer.expected.issuer = null
	sasl.oauthbearer.header.urlencode = false
	sasl.oauthbearer.jwks.endpoint.refresh.ms = 3600000
	sasl.oauthbearer.jwks.endpoint.retry.backoff.max.ms = 10000
	sasl.oauthbearer.jwks.endpoint.retry.backoff.ms = 100
	sasl.oauthbearer.jwks.endpoint.url = null
	sasl.oauthbearer.scope.claim.name = scope
	sasl.oauthbearer.sub.claim.name = sub
	sasl.oauthbearer.token.endpoint.url = null
	security.protocol = PLAINTEXT
	security.providers = null
	send.buffer.bytes = 131072
	socket.connection.setup.timeout.max.ms = 30000
	socket.connection.setup.timeout.ms = 10000
	ssl.cipher.suites = null
	ssl.enabled.protocols = [TLSv1.2, TLSv1.3]
	ssl.endpoint.identification.algorithm = https
	ssl.engine.factory.class = null
	ssl.key.password = null
	ssl.keymanager.algorithm = SunX509
	ssl.keystore.certificate.chain = null
	ssl.keystore.key = null
	ssl.keystore.location = null
	ssl.keystore.password = null
	ssl.keystore.type = JKS
	ssl.protocol = TLSv1.3
	ssl.provider = null
	ssl.secure.random.implementation = null
	ssl.trustmanager.algorithm = PKIX
	ssl.truststore.certificates = null
	ssl.truststore.location = null
	ssl.truststore.password = null
	ssl.truststore.type = JKS
	transaction.timeout.ms = 60000
	transactional.id = null
	value.serializer = class io.apicurio.registry.serde.avro.AvroKafkaSerializer

2025-08-20 12:40:44,454 INFO  [org.apa.kaf.com.tel.int.KafkaMetricsCollector] (main) initializing Kafka metrics collector
2025-08-20 12:40:44,459 INFO  [org.apa.kaf.cli.pro.KafkaProducer] (main) [Producer clientId=Producer-topic-c3e915af_db57_4db8_9b77_6af229a75919] Instantiated an idempotent producer.
2025-08-20 12:40:44,461 INFO  [org.apa.kaf.cli.pro.ProducerConfig] (main) These configurations '[apicurio.registry.url, apicurio.registry.artifact-resolver-strategy]' were supplied but are not used yet.
2025-08-20 12:40:44,461 INFO  [org.apa.kaf.com.uti.AppInfoParser] (main) Kafka version: 3.9.1
2025-08-20 12:40:44,461 INFO  [org.apa.kaf.com.uti.AppInfoParser] (main) Kafka commitId: f745dfdcee2b9851
2025-08-20 12:40:44,461 INFO  [org.apa.kaf.com.uti.AppInfoParser] (main) Kafka startTimeMs: 1755693644461
2025-08-20 12:40:44,461 INFO  [io.api.tes.ser.api.KafkaSerdesTester] (ForkJoinPool.commonPool-worker-2) Sending message {"key11755693637936": "value-0"} to topic topic-c3e915af_db57_4db8_9b77_6af229a75919
2025-08-20 12:40:44,464 INFO  [org.apa.kaf.cli.Metadata] (kafka-producer-network-thread | Producer-topic-c3e915af_db57_4db8_9b77_6af229a75919) [Producer clientId=Producer-topic-c3e915af_db57_4db8_9b77_6af229a75919] Cluster ID: w67HKo3KT1qYVnubU-PiPQ
2025-08-20 12:40:44,464 INFO  [DefaultSchemaResolver] (ForkJoinPool.commonPool-worker-2) Retrieving schema content using string: {"type":"record","name":"s02125134x9961x48f9x90a1x5d8b3b63de6b","namespace":"ns_78008a80_ffdd_4f47_87bc_971591d7e006","fields":[{"name":"key11755693637936","type":"string"}]}
2025-08-20 12:40:44,467 INFO  [org.apa.kaf.cli.pro.int.TransactionManager] (kafka-producer-network-thread | Producer-topic-c3e915af_db57_4db8_9b77_6af229a75919) [Producer clientId=Producer-topic-c3e915af_db57_4db8_9b77_6af229a75919] ProducerId set to 14 with epoch 0
2025-08-20 12:40:44,624 INFO  [io.api.tes.ser.api.KafkaSerdesTester] (ForkJoinPool.commonPool-worker-2) Sending message {"key11755693637936": "value-1"} to topic topic-c3e915af_db57_4db8_9b77_6af229a75919
2025-08-20 12:40:44,625 INFO  [io.api.tes.ser.api.KafkaSerdesTester] (ForkJoinPool.commonPool-worker-2) Sending message {"key11755693637936": "value-2"} to topic topic-c3e915af_db57_4db8_9b77_6af229a75919
2025-08-20 12:40:44,626 INFO  [io.api.tes.ser.api.KafkaSerdesTester] (ForkJoinPool.commonPool-worker-2) Sending message {"key11755693637936": "value-3"} to topic topic-c3e915af_db57_4db8_9b77_6af229a75919
2025-08-20 12:40:44,627 INFO  [io.api.tes.ser.api.KafkaSerdesTester] (ForkJoinPool.commonPool-worker-2) Sending message {"key11755693637936": "value-4"} to topic topic-c3e915af_db57_4db8_9b77_6af229a75919
2025-08-20 12:40:44,629 INFO  [io.api.tes.ser.api.KafkaSerdesTester] (ForkJoinPool.commonPool-worker-2) Sending message {"key11755693637936": "value-5"} to topic topic-c3e915af_db57_4db8_9b77_6af229a75919
2025-08-20 12:40:44,630 INFO  [io.api.tes.ser.api.KafkaSerdesTester] (ForkJoinPool.commonPool-worker-2) Sending message {"key11755693637936": "value-6"} to topic topic-c3e915af_db57_4db8_9b77_6af229a75919
2025-08-20 12:40:44,630 INFO  [io.api.tes.ser.api.KafkaSerdesTester] (ForkJoinPool.commonPool-worker-2) Sending message {"key11755693637936": "value-7"} to topic topic-c3e915af_db57_4db8_9b77_6af229a75919
2025-08-20 12:40:44,632 INFO  [io.api.tes.ser.api.KafkaSerdesTester] (ForkJoinPool.commonPool-worker-2) Sending message {"key11755693637936": "value-8"} to topic topic-c3e915af_db57_4db8_9b77_6af229a75919
2025-08-20 12:40:44,633 INFO  [io.api.tes.ser.api.KafkaSerdesTester] (ForkJoinPool.commonPool-worker-2) Sending message {"key11755693637936": "value-9"} to topic topic-c3e915af_db57_4db8_9b77_6af229a75919
2025-08-20 12:40:44,634 INFO  [io.api.tes.ser.api.KafkaSerdesTester] (ForkJoinPool.commonPool-worker-2) Produced 10 messages
2025-08-20 12:40:44,634 INFO  [org.apa.kaf.cli.pro.KafkaProducer] (ForkJoinPool.commonPool-worker-2) [Producer clientId=Producer-topic-c3e915af_db57_4db8_9b77_6af229a75919] Closing the Kafka producer with timeoutMillis = 9223372036854775807 ms.
2025-08-20 12:40:44,635 INFO  [org.apa.kaf.com.met.Metrics] (ForkJoinPool.commonPool-worker-2) Metrics scheduler closed
2025-08-20 12:40:44,635 INFO  [org.apa.kaf.com.met.Metrics] (ForkJoinPool.commonPool-worker-2) Closing reporter org.apache.kafka.common.metrics.JmxReporter
2025-08-20 12:40:44,635 INFO  [org.apa.kaf.com.met.Metrics] (ForkJoinPool.commonPool-worker-2) Closing reporter org.apache.kafka.common.telemetry.internals.ClientTelemetryReporter
2025-08-20 12:40:44,635 INFO  [org.apa.kaf.com.met.Metrics] (ForkJoinPool.commonPool-worker-2) Metrics reporters closed
2025-08-20 12:40:44,636 INFO  [org.apa.kaf.com.uti.AppInfoParser] (ForkJoinPool.commonPool-worker-2) App info kafka.producer for Producer-topic-c3e915af_db57_4db8_9b77_6af229a75919 unregistered
**** Registry Base URL: http://registry-app-mysql.apps.ci419.apicurio-testing.org:80
2025-08-20 12:40:44,636 INFO  [org.apa.kaf.cli.con.ConsumerConfig] (main) ConsumerConfig values: 
	allow.auto.create.topics = true
	auto.commit.interval.ms = 500
	auto.include.jmx.reporter = true
	auto.offset.reset = earliest
	bootstrap.servers = [PLAINTEXT://localhost:32769]
	check.crcs = true
	client.dns.lookup = use_all_dns_ips
	client.id = consumer-Consumer-topic-c3e915af_db57_4db8_9b77_6af229a75919-11
	client.rack = 
	connections.max.idle.ms = 10000
	default.api.timeout.ms = 60000
	enable.auto.commit = true
	enable.metrics.push = true
	exclude.internal.topics = true
	fetch.max.bytes = 52428800
	fetch.max.wait.ms = 500
	fetch.min.bytes = 1
	group.id = Consumer-topic-c3e915af_db57_4db8_9b77_6af229a75919
	group.instance.id = null
	group.protocol = classic
	group.remote.assignor = null
	heartbeat.interval.ms = 3000
	interceptor.classes = []
	internal.leave.group.on.close = true
	internal.throw.on.fetch.stable.offset.unsupported = false
	isolation.level = read_uncommitted
	key.deserializer = class org.apache.kafka.common.serialization.StringDeserializer
	max.partition.fetch.bytes = 1048576
	max.poll.interval.ms = 300000
	max.poll.records = 500
	metadata.max.age.ms = 300000
	metadata.recovery.strategy = none
	metric.reporters = []
	metrics.num.samples = 2
	metrics.recording.level = INFO
	metrics.sample.window.ms = 30000
	partition.assignment.strategy = [class org.apache.kafka.clients.consumer.RangeAssignor, class org.apache.kafka.clients.consumer.CooperativeStickyAssignor]
	receive.buffer.bytes = 65536
	reconnect.backoff.max.ms = 1000
	reconnect.backoff.ms = 50
	request.timeout.ms = 5000
	retry.backoff.max.ms = 1000
	retry.backoff.ms = 100
	sasl.client.callback.handler.class = null
	sasl.jaas.config = null
	sasl.kerberos.kinit.cmd = /usr/bin/kinit
	sasl.kerberos.min.time.before.relogin = 60000
	sasl.kerberos.service.name = null
	sasl.kerberos.ticket.renew.jitter = 0.05
	sasl.kerberos.ticket.renew.window.factor = 0.8
	sasl.login.callback.handler.class = null
	sasl.login.class = null
	sasl.login.connect.timeout.ms = null
	sasl.login.read.timeout.ms = null
	sasl.login.refresh.buffer.seconds = 300
	sasl.login.refresh.min.period.seconds = 60
	sasl.login.refresh.window.factor = 0.8
	sasl.login.refresh.window.jitter = 0.05
	sasl.login.retry.backoff.max.ms = 10000
	sasl.login.retry.backoff.ms = 100
	sasl.mechanism = GSSAPI
	sasl.oauthbearer.clock.skew.seconds = 30
	sasl.oauthbearer.expected.audience = null
	sasl.oauthbearer.expected.issuer = null
	sasl.oauthbearer.header.urlencode = false
	sasl.oauthbearer.jwks.endpoint.refresh.ms = 3600000
	sasl.oauthbearer.jwks.endpoint.retry.backoff.max.ms = 10000
	sasl.oauthbearer.jwks.endpoint.retry.backoff.ms = 100
	sasl.oauthbearer.jwks.endpoint.url = null
	sasl.oauthbearer.scope.claim.name = scope
	sasl.oauthbearer.sub.claim.name = sub
	sasl.oauthbearer.token.endpoint.url = null
	security.protocol = PLAINTEXT
	security.providers = null
	send.buffer.bytes = 131072
	session.timeout.ms = 45000
	socket.connection.setup.timeout.max.ms = 30000
	socket.connection.setup.timeout.ms = 10000
	ssl.cipher.suites = null
	ssl.enabled.protocols = [TLSv1.2, TLSv1.3]
	ssl.endpoint.identification.algorithm = https
	ssl.engine.factory.class = null
	ssl.key.password = null
	ssl.keymanager.algorithm = SunX509
	ssl.keystore.certificate.chain = null
	ssl.keystore.key = null
	ssl.keystore.location = null
	ssl.keystore.password = null
	ssl.keystore.type = JKS
	ssl.protocol = TLSv1.3
	ssl.provider = null
	ssl.secure.random.implementation = null
	ssl.trustmanager.algorithm = PKIX
	ssl.truststore.certificates = null
	ssl.truststore.location = null
	ssl.truststore.password = null
	ssl.truststore.type = JKS
	value.deserializer = class io.apicurio.registry.serde.avro.AvroKafkaDeserializer

2025-08-20 12:40:44,636 INFO  [org.apa.kaf.com.tel.int.KafkaMetricsCollector] (main) initializing Kafka metrics collector
2025-08-20 12:40:44,642 INFO  [org.apa.kaf.cli.con.ConsumerConfig] (main) These configurations '[apicurio.registry.url]' were supplied but are not used yet.
2025-08-20 12:40:44,642 INFO  [org.apa.kaf.com.uti.AppInfoParser] (main) Kafka version: 3.9.1
2025-08-20 12:40:44,642 INFO  [org.apa.kaf.com.uti.AppInfoParser] (main) Kafka commitId: f745dfdcee2b9851
2025-08-20 12:40:44,642 INFO  [org.apa.kaf.com.uti.AppInfoParser] (main) Kafka startTimeMs: 1755693644642
2025-08-20 12:40:44,642 INFO  [org.apa.kaf.cli.con.int.ClassicKafkaConsumer] (ForkJoinPool.commonPool-worker-2) [Consumer clientId=consumer-Consumer-topic-c3e915af_db57_4db8_9b77_6af229a75919-11, groupId=Consumer-topic-c3e915af_db57_4db8_9b77_6af229a75919] Subscribed to topic(s): topic-c3e915af_db57_4db8_9b77_6af229a75919
2025-08-20 12:40:44,644 INFO  [org.apa.kaf.cli.Metadata] (ForkJoinPool.commonPool-worker-2) [Consumer clientId=consumer-Consumer-topic-c3e915af_db57_4db8_9b77_6af229a75919-11, groupId=Consumer-topic-c3e915af_db57_4db8_9b77_6af229a75919] Cluster ID: w67HKo3KT1qYVnubU-PiPQ
2025-08-20 12:40:44,645 INFO  [org.apa.kaf.cli.con.int.ConsumerCoordinator] (ForkJoinPool.commonPool-worker-2) [Consumer clientId=consumer-Consumer-topic-c3e915af_db57_4db8_9b77_6af229a75919-11, groupId=Consumer-topic-c3e915af_db57_4db8_9b77_6af229a75919] Discovered group coordinator localhost:32769 (id: 2147483647 rack: null)
2025-08-20 12:40:44,646 INFO  [org.apa.kaf.cli.con.int.ConsumerCoordinator] (ForkJoinPool.commonPool-worker-2) [Consumer clientId=consumer-Consumer-topic-c3e915af_db57_4db8_9b77_6af229a75919-11, groupId=Consumer-topic-c3e915af_db57_4db8_9b77_6af229a75919] (Re-)joining group
2025-08-20 12:40:44,647 INFO  [org.apa.kaf.cli.con.int.ConsumerCoordinator] (ForkJoinPool.commonPool-worker-2) [Consumer clientId=consumer-Consumer-topic-c3e915af_db57_4db8_9b77_6af229a75919-11, groupId=Consumer-topic-c3e915af_db57_4db8_9b77_6af229a75919] Request joining group due to: need to re-join with the given member-id: consumer-Consumer-topic-c3e915af_db57_4db8_9b77_6af229a75919-11-e68fd32f-9da6-445f-94f1-798c87fa0799
2025-08-20 12:40:44,647 INFO  [org.apa.kaf.cli.con.int.ConsumerCoordinator] (ForkJoinPool.commonPool-worker-2) [Consumer clientId=consumer-Consumer-topic-c3e915af_db57_4db8_9b77_6af229a75919-11, groupId=Consumer-topic-c3e915af_db57_4db8_9b77_6af229a75919] (Re-)joining group
2025-08-20 12:40:45,642 INFO  [io.api.tes.ser.api.KafkaSerdesTester] (ForkJoinPool.commonPool-worker-2) None found
2025-08-20 12:40:46,642 INFO  [io.api.tes.ser.api.KafkaSerdesTester] (ForkJoinPool.commonPool-worker-2) None found
2025-08-20 12:40:47,643 INFO  [io.api.tes.ser.api.KafkaSerdesTester] (ForkJoinPool.commonPool-worker-2) None found
2025-08-20 12:40:47,649 INFO  [org.apa.kaf.cli.con.int.ConsumerCoordinator] (ForkJoinPool.commonPool-worker-2) [Consumer clientId=consumer-Consumer-topic-c3e915af_db57_4db8_9b77_6af229a75919-11, groupId=Consumer-topic-c3e915af_db57_4db8_9b77_6af229a75919] Successfully joined group with generation Generation{generationId=3, memberId='consumer-Consumer-topic-c3e915af_db57_4db8_9b77_6af229a75919-11-e68fd32f-9da6-445f-94f1-798c87fa0799', protocol='range'}
2025-08-20 12:40:47,649 INFO  [org.apa.kaf.cli.con.int.ConsumerCoordinator] (ForkJoinPool.commonPool-worker-2) [Consumer clientId=consumer-Consumer-topic-c3e915af_db57_4db8_9b77_6af229a75919-11, groupId=Consumer-topic-c3e915af_db57_4db8_9b77_6af229a75919] Finished assignment for group at generation 3: {consumer-Consumer-topic-c3e915af_db57_4db8_9b77_6af229a75919-11-e68fd32f-9da6-445f-94f1-798c87fa0799=Assignment(partitions=[topic-c3e915af_db57_4db8_9b77_6af229a75919-0])}
2025-08-20 12:40:47,655 INFO  [org.apa.kaf.cli.con.int.ConsumerCoordinator] (ForkJoinPool.commonPool-worker-2) [Consumer clientId=consumer-Consumer-topic-c3e915af_db57_4db8_9b77_6af229a75919-11, groupId=Consumer-topic-c3e915af_db57_4db8_9b77_6af229a75919] Successfully synced group in generation Generation{generationId=3, memberId='consumer-Consumer-topic-c3e915af_db57_4db8_9b77_6af229a75919-11-e68fd32f-9da6-445f-94f1-798c87fa0799', protocol='range'}
2025-08-20 12:40:47,655 INFO  [org.apa.kaf.cli.con.int.ConsumerCoordinator] (ForkJoinPool.commonPool-worker-2) [Consumer clientId=consumer-Consumer-topic-c3e915af_db57_4db8_9b77_6af229a75919-11, groupId=Consumer-topic-c3e915af_db57_4db8_9b77_6af229a75919] Notifying assignor about the new Assignment(partitions=[topic-c3e915af_db57_4db8_9b77_6af229a75919-0])
2025-08-20 12:40:47,655 INFO  [org.apa.kaf.cli.con.int.ConsumerRebalanceListenerInvoker] (ForkJoinPool.commonPool-worker-2) [Consumer clientId=consumer-Consumer-topic-c3e915af_db57_4db8_9b77_6af229a75919-11, groupId=Consumer-topic-c3e915af_db57_4db8_9b77_6af229a75919] Adding newly assigned partitions: topic-c3e915af_db57_4db8_9b77_6af229a75919-0
2025-08-20 12:40:47,657 INFO  [org.apa.kaf.cli.con.int.ConsumerUtils] (ForkJoinPool.commonPool-worker-2) Setting offset for partition topic-c3e915af_db57_4db8_9b77_6af229a75919-0 to the committed offset FetchPosition{offset=10, offsetEpoch=Optional[0], currentLeader=LeaderAndEpoch{leader=Optional[localhost:32769 (id: 0 rack: null)], epoch=0}}
2025-08-20 12:40:48,059 INFO  [io.api.tes.ser.api.KafkaSerdesTester] (ForkJoinPool.commonPool-worker-2) topic-c3e915af_db57_4db8_9b77_6af229a75919 0 10 {"key11755693637936": "value-0", "key21755693643077": "value-0"}
2025-08-20 12:40:48,059 INFO  [io.api.tes.ser.api.KafkaSerdesTester] (ForkJoinPool.commonPool-worker-2) topic-c3e915af_db57_4db8_9b77_6af229a75919 0 11 {"key11755693637936": "value-1", "key21755693643077": "value-1"}
2025-08-20 12:40:48,059 INFO  [io.api.tes.ser.api.KafkaSerdesTester] (ForkJoinPool.commonPool-worker-2) topic-c3e915af_db57_4db8_9b77_6af229a75919 0 12 {"key11755693637936": "value-2", "key21755693643077": "value-2"}
2025-08-20 12:40:48,059 INFO  [io.api.tes.ser.api.KafkaSerdesTester] (ForkJoinPool.commonPool-worker-2) topic-c3e915af_db57_4db8_9b77_6af229a75919 0 13 {"key11755693637936": "value-3", "key21755693643077": "value-3"}
2025-08-20 12:40:48,059 INFO  [io.api.tes.ser.api.KafkaSerdesTester] (ForkJoinPool.commonPool-worker-2) topic-c3e915af_db57_4db8_9b77_6af229a75919 0 14 {"key11755693637936": "value-4", "key21755693643077": "value-4"}
2025-08-20 12:40:48,059 INFO  [io.api.tes.ser.api.KafkaSerdesTester] (ForkJoinPool.commonPool-worker-2) topic-c3e915af_db57_4db8_9b77_6af229a75919 0 15 {"key11755693637936": "value-5", "key21755693643077": "value-5"}
2025-08-20 12:40:48,059 INFO  [io.api.tes.ser.api.KafkaSerdesTester] (ForkJoinPool.commonPool-worker-2) topic-c3e915af_db57_4db8_9b77_6af229a75919 0 16 {"key11755693637936": "value-6", "key21755693643077": "value-6"}
2025-08-20 12:40:48,059 INFO  [io.api.tes.ser.api.KafkaSerdesTester] (ForkJoinPool.commonPool-worker-2) topic-c3e915af_db57_4db8_9b77_6af229a75919 0 17 {"key11755693637936": "value-7", "key21755693643077": "value-7"}
2025-08-20 12:40:48,059 INFO  [io.api.tes.ser.api.KafkaSerdesTester] (ForkJoinPool.commonPool-worker-2) topic-c3e915af_db57_4db8_9b77_6af229a75919 0 18 {"key11755693637936": "value-8", "key21755693643077": "value-8"}
2025-08-20 12:40:48,059 INFO  [io.api.tes.ser.api.KafkaSerdesTester] (ForkJoinPool.commonPool-worker-2) topic-c3e915af_db57_4db8_9b77_6af229a75919 0 19 {"key11755693637936": "value-9", "key21755693643077": "value-9"}
2025-08-20 12:40:48,059 INFO  [io.api.tes.ser.api.KafkaSerdesTester] (ForkJoinPool.commonPool-worker-2) topic-c3e915af_db57_4db8_9b77_6af229a75919 0 20 {"key11755693637936": "value-0"}
2025-08-20 12:40:48,059 INFO  [io.api.tes.ser.api.KafkaSerdesTester] (ForkJoinPool.commonPool-worker-2) topic-c3e915af_db57_4db8_9b77_6af229a75919 0 21 {"key11755693637936": "value-1"}
2025-08-20 12:40:48,059 INFO  [io.api.tes.ser.api.KafkaSerdesTester] (ForkJoinPool.commonPool-worker-2) topic-c3e915af_db57_4db8_9b77_6af229a75919 0 22 {"key11755693637936": "value-2"}
2025-08-20 12:40:48,059 INFO  [io.api.tes.ser.api.KafkaSerdesTester] (ForkJoinPool.commonPool-worker-2) topic-c3e915af_db57_4db8_9b77_6af229a75919 0 23 {"key11755693637936": "value-3"}
2025-08-20 12:40:48,059 INFO  [io.api.tes.ser.api.KafkaSerdesTester] (ForkJoinPool.commonPool-worker-2) topic-c3e915af_db57_4db8_9b77_6af229a75919 0 24 {"key11755693637936": "value-4"}
2025-08-20 12:40:48,059 INFO  [io.api.tes.ser.api.KafkaSerdesTester] (ForkJoinPool.commonPool-worker-2) topic-c3e915af_db57_4db8_9b77_6af229a75919 0 25 {"key11755693637936": "value-5"}
2025-08-20 12:40:48,059 INFO  [io.api.tes.ser.api.KafkaSerdesTester] (ForkJoinPool.commonPool-worker-2) topic-c3e915af_db57_4db8_9b77_6af229a75919 0 26 {"key11755693637936": "value-6"}
2025-08-20 12:40:48,059 INFO  [io.api.tes.ser.api.KafkaSerdesTester] (ForkJoinPool.commonPool-worker-2) topic-c3e915af_db57_4db8_9b77_6af229a75919 0 27 {"key11755693637936": "value-7"}
2025-08-20 12:40:48,060 INFO  [io.api.tes.ser.api.KafkaSerdesTester] (ForkJoinPool.commonPool-worker-2) topic-c3e915af_db57_4db8_9b77_6af229a75919 0 28 {"key11755693637936": "value-8"}
2025-08-20 12:40:48,060 INFO  [io.api.tes.ser.api.KafkaSerdesTester] (ForkJoinPool.commonPool-worker-2) topic-c3e915af_db57_4db8_9b77_6af229a75919 0 29 {"key11755693637936": "value-9"}
2025-08-20 12:40:48,060 INFO  [io.api.tes.ser.api.KafkaSerdesTester] (ForkJoinPool.commonPool-worker-2) Consumed 20 messages
2025-08-20 12:40:48,066 INFO  [org.apa.kaf.cli.con.int.ConsumerRebalanceListenerInvoker] (ForkJoinPool.commonPool-worker-2) [Consumer clientId=consumer-Consumer-topic-c3e915af_db57_4db8_9b77_6af229a75919-11, groupId=Consumer-topic-c3e915af_db57_4db8_9b77_6af229a75919] Revoke previously assigned partitions topic-c3e915af_db57_4db8_9b77_6af229a75919-0
2025-08-20 12:40:48,066 INFO  [org.apa.kaf.cli.con.int.ConsumerCoordinator] (ForkJoinPool.commonPool-worker-2) [Consumer clientId=consumer-Consumer-topic-c3e915af_db57_4db8_9b77_6af229a75919-11, groupId=Consumer-topic-c3e915af_db57_4db8_9b77_6af229a75919] Member consumer-Consumer-topic-c3e915af_db57_4db8_9b77_6af229a75919-11-e68fd32f-9da6-445f-94f1-798c87fa0799 sending LeaveGroup request to coordinator localhost:32769 (id: 2147483647 rack: null) due to the consumer is being closed
2025-08-20 12:40:48,067 INFO  [org.apa.kaf.cli.con.int.ConsumerCoordinator] (ForkJoinPool.commonPool-worker-2) [Consumer clientId=consumer-Consumer-topic-c3e915af_db57_4db8_9b77_6af229a75919-11, groupId=Consumer-topic-c3e915af_db57_4db8_9b77_6af229a75919] Resetting generation and member id due to: consumer pro-actively leaving the group
2025-08-20 12:40:48,067 INFO  [org.apa.kaf.cli.con.int.ConsumerCoordinator] (ForkJoinPool.commonPool-worker-2) [Consumer clientId=consumer-Consumer-topic-c3e915af_db57_4db8_9b77_6af229a75919-11, groupId=Consumer-topic-c3e915af_db57_4db8_9b77_6af229a75919] Request joining group due to: consumer pro-actively leaving the group
2025-08-20 12:40:48,561 INFO  [org.apa.kaf.com.met.Metrics] (ForkJoinPool.commonPool-worker-2) Metrics scheduler closed
2025-08-20 12:40:48,561 INFO  [org.apa.kaf.com.met.Metrics] (ForkJoinPool.commonPool-worker-2) Closing reporter org.apache.kafka.common.metrics.JmxReporter
2025-08-20 12:40:48,561 INFO  [org.apa.kaf.com.met.Metrics] (ForkJoinPool.commonPool-worker-2) Closing reporter org.apache.kafka.common.telemetry.internals.ClientTelemetryReporter
2025-08-20 12:40:48,561 INFO  [org.apa.kaf.com.met.Metrics] (ForkJoinPool.commonPool-worker-2) Metrics reporters closed
2025-08-20 12:40:48,562 INFO  [org.apa.kaf.com.uti.AppInfoParser] (ForkJoinPool.commonPool-worker-2) App info kafka.consumer for consumer-Consumer-topic-c3e915af_db57_4db8_9b77_6af229a75919-11 unregistered
2025-08-20 12:40:48,563 INFO  [io.api.tes.ser.api.AvroSerdeIT] (main) Registering Avro Schema 3: {"type":"record","name":"s02125134x9961x48f9x90a1x5d8b3b63de6b","namespace":"ns_78008a80_ffdd_4f47_87bc_971591d7e006","fields":[{"name":"key11755693637936","type":"string"},{"name":"key21755693643077","type":"string"},{"name":"key31755693648562","type":"string"}]}
**** Registry Base URL: http://registry-app-mysql.apps.ci419.apicurio-testing.org:80
2025-08-20 12:40:49,828 INFO  [org.apa.kaf.cli.pro.ProducerConfig] (main) ProducerConfig values: 
	acks = -1
	auto.include.jmx.reporter = true
	batch.size = 16384
	bootstrap.servers = [PLAINTEXT://localhost:32769]
	buffer.memory = 33554432
	client.dns.lookup = use_all_dns_ips
	client.id = Producer-topic-c3e915af_db57_4db8_9b77_6af229a75919
	compression.gzip.level = -1
	compression.lz4.level = 9
	compression.type = none
	compression.zstd.level = 3
	connections.max.idle.ms = 10000
	delivery.timeout.ms = 120000
	enable.idempotence = true
	enable.metrics.push = true
	interceptor.classes = []
	key.serializer = class org.apache.kafka.common.serialization.StringSerializer
	linger.ms = 0
	max.block.ms = 60000
	max.in.flight.requests.per.connection = 5
	max.request.size = 1048576
	metadata.max.age.ms = 300000
	metadata.max.idle.ms = 300000
	metadata.recovery.strategy = none
	metric.reporters = []
	metrics.num.samples = 2
	metrics.recording.level = INFO
	metrics.sample.window.ms = 30000
	partitioner.adaptive.partitioning.enable = true
	partitioner.availability.timeout.ms = 0
	partitioner.class = null
	partitioner.ignore.keys = false
	receive.buffer.bytes = 32768
	reconnect.backoff.max.ms = 1000
	reconnect.backoff.ms = 50
	request.timeout.ms = 5000
	retries = 2147483647
	retry.backoff.max.ms = 1000
	retry.backoff.ms = 100
	sasl.client.callback.handler.class = null
	sasl.jaas.config = null
	sasl.kerberos.kinit.cmd = /usr/bin/kinit
	sasl.kerberos.min.time.before.relogin = 60000
	sasl.kerberos.service.name = null
	sasl.kerberos.ticket.renew.jitter = 0.05
	sasl.kerberos.ticket.renew.window.factor = 0.8
	sasl.login.callback.handler.class = null
	sasl.login.class = null
	sasl.login.connect.timeout.ms = null
	sasl.login.read.timeout.ms = null
	sasl.login.refresh.buffer.seconds = 300
	sasl.login.refresh.min.period.seconds = 60
	sasl.login.refresh.window.factor = 0.8
	sasl.login.refresh.window.jitter = 0.05
	sasl.login.retry.backoff.max.ms = 10000
	sasl.login.retry.backoff.ms = 100
	sasl.mechanism = GSSAPI
	sasl.oauthbearer.clock.skew.seconds = 30
	sasl.oauthbearer.expected.audience = null
	sasl.oauthbearer.expected.issuer = null
	sasl.oauthbearer.header.urlencode = false
	sasl.oauthbearer.jwks.endpoint.refresh.ms = 3600000
	sasl.oauthbearer.jwks.endpoint.retry.backoff.max.ms = 10000
	sasl.oauthbearer.jwks.endpoint.retry.backoff.ms = 100
	sasl.oauthbearer.jwks.endpoint.url = null
	sasl.oauthbearer.scope.claim.name = scope
	sasl.oauthbearer.sub.claim.name = sub
	sasl.oauthbearer.token.endpoint.url = null
	security.protocol = PLAINTEXT
	security.providers = null
	send.buffer.bytes = 131072
	socket.connection.setup.timeout.max.ms = 30000
	socket.connection.setup.timeout.ms = 10000
	ssl.cipher.suites = null
	ssl.enabled.protocols = [TLSv1.2, TLSv1.3]
	ssl.endpoint.identification.algorithm = https
	ssl.engine.factory.class = null
	ssl.key.password = null
	ssl.keymanager.algorithm = SunX509
	ssl.keystore.certificate.chain = null
	ssl.keystore.key = null
	ssl.keystore.location = null
	ssl.keystore.password = null
	ssl.keystore.type = JKS
	ssl.protocol = TLSv1.3
	ssl.provider = null
	ssl.secure.random.implementation = null
	ssl.trustmanager.algorithm = PKIX
	ssl.truststore.certificates = null
	ssl.truststore.location = null
	ssl.truststore.password = null
	ssl.truststore.type = JKS
	transaction.timeout.ms = 60000
	transactional.id = null
	value.serializer = class io.apicurio.registry.serde.avro.AvroKafkaSerializer

2025-08-20 12:40:49,828 INFO  [org.apa.kaf.com.tel.int.KafkaMetricsCollector] (main) initializing Kafka metrics collector
2025-08-20 12:40:49,831 INFO  [org.apa.kaf.cli.pro.KafkaProducer] (main) [Producer clientId=Producer-topic-c3e915af_db57_4db8_9b77_6af229a75919] Instantiated an idempotent producer.
2025-08-20 12:40:49,832 INFO  [org.apa.kaf.cli.pro.ProducerConfig] (main) These configurations '[apicurio.registry.url, apicurio.registry.artifact-resolver-strategy]' were supplied but are not used yet.
2025-08-20 12:40:49,832 INFO  [org.apa.kaf.com.uti.AppInfoParser] (main) Kafka version: 3.9.1
2025-08-20 12:40:49,832 INFO  [org.apa.kaf.com.uti.AppInfoParser] (main) Kafka commitId: f745dfdcee2b9851
2025-08-20 12:40:49,832 INFO  [org.apa.kaf.com.uti.AppInfoParser] (main) Kafka startTimeMs: 1755693649832
2025-08-20 12:40:49,833 INFO  [io.api.tes.ser.api.KafkaSerdesTester] (ForkJoinPool.commonPool-worker-2) Sending message {"key11755693637936": "value-0", "key21755693643077": "value-0", "key31755693648562": "value-0"} to topic topic-c3e915af_db57_4db8_9b77_6af229a75919
2025-08-20 12:40:49,835 INFO  [org.apa.kaf.cli.Metadata] (kafka-producer-network-thread | Producer-topic-c3e915af_db57_4db8_9b77_6af229a75919) [Producer clientId=Producer-topic-c3e915af_db57_4db8_9b77_6af229a75919] Cluster ID: w67HKo3KT1qYVnubU-PiPQ
2025-08-20 12:40:49,835 INFO  [org.apa.kaf.cli.pro.int.TransactionManager] (kafka-producer-network-thread | Producer-topic-c3e915af_db57_4db8_9b77_6af229a75919) [Producer clientId=Producer-topic-c3e915af_db57_4db8_9b77_6af229a75919] ProducerId set to 15 with epoch 0
2025-08-20 12:40:49,835 INFO  [DefaultSchemaResolver] (ForkJoinPool.commonPool-worker-2) Retrieving schema content using string: {"type":"record","name":"s02125134x9961x48f9x90a1x5d8b3b63de6b","namespace":"ns_78008a80_ffdd_4f47_87bc_971591d7e006","fields":[{"name":"key11755693637936","type":"string"},{"name":"key21755693643077","type":"string"},{"name":"key31755693648562","type":"string"}]}
2025-08-20 12:40:49,993 INFO  [io.api.tes.ser.api.KafkaSerdesTester] (ForkJoinPool.commonPool-worker-2) Sending message {"key11755693637936": "value-1", "key21755693643077": "value-1", "key31755693648562": "value-1"} to topic topic-c3e915af_db57_4db8_9b77_6af229a75919
2025-08-20 12:40:49,994 INFO  [io.api.tes.ser.api.KafkaSerdesTester] (ForkJoinPool.commonPool-worker-2) Sending message {"key11755693637936": "value-2", "key21755693643077": "value-2", "key31755693648562": "value-2"} to topic topic-c3e915af_db57_4db8_9b77_6af229a75919
2025-08-20 12:40:49,995 INFO  [io.api.tes.ser.api.KafkaSerdesTester] (ForkJoinPool.commonPool-worker-2) Sending message {"key11755693637936": "value-3", "key21755693643077": "value-3", "key31755693648562": "value-3"} to topic topic-c3e915af_db57_4db8_9b77_6af229a75919
2025-08-20 12:40:49,996 INFO  [io.api.tes.ser.api.KafkaSerdesTester] (ForkJoinPool.commonPool-worker-2) Sending message {"key11755693637936": "value-4", "key21755693643077": "value-4", "key31755693648562": "value-4"} to topic topic-c3e915af_db57_4db8_9b77_6af229a75919
2025-08-20 12:40:49,997 INFO  [io.api.tes.ser.api.KafkaSerdesTester] (ForkJoinPool.commonPool-worker-2) Sending message {"key11755693637936": "value-5", "key21755693643077": "value-5", "key31755693648562": "value-5"} to topic topic-c3e915af_db57_4db8_9b77_6af229a75919
2025-08-20 12:40:49,998 INFO  [io.api.tes.ser.api.KafkaSerdesTester] (ForkJoinPool.commonPool-worker-2) Sending message {"key11755693637936": "value-6", "key21755693643077": "value-6", "key31755693648562": "value-6"} to topic topic-c3e915af_db57_4db8_9b77_6af229a75919
2025-08-20 12:40:49,999 INFO  [io.api.tes.ser.api.KafkaSerdesTester] (ForkJoinPool.commonPool-worker-2) Sending message {"key11755693637936": "value-7", "key21755693643077": "value-7", "key31755693648562": "value-7"} to topic topic-c3e915af_db57_4db8_9b77_6af229a75919
2025-08-20 12:40:50,000 INFO  [io.api.tes.ser.api.KafkaSerdesTester] (ForkJoinPool.commonPool-worker-2) Sending message {"key11755693637936": "value-8", "key21755693643077": "value-8", "key31755693648562": "value-8"} to topic topic-c3e915af_db57_4db8_9b77_6af229a75919
2025-08-20 12:40:50,005 INFO  [io.api.tes.ser.api.KafkaSerdesTester] (ForkJoinPool.commonPool-worker-2) Sending message {"key11755693637936": "value-9", "key21755693643077": "value-9", "key31755693648562": "value-9"} to topic topic-c3e915af_db57_4db8_9b77_6af229a75919
2025-08-20 12:40:50,007 INFO  [io.api.tes.ser.api.KafkaSerdesTester] (ForkJoinPool.commonPool-worker-2) Produced 10 messages
2025-08-20 12:40:50,007 INFO  [org.apa.kaf.cli.pro.KafkaProducer] (ForkJoinPool.commonPool-worker-2) [Producer clientId=Producer-topic-c3e915af_db57_4db8_9b77_6af229a75919] Closing the Kafka producer with timeoutMillis = 9223372036854775807 ms.
2025-08-20 12:40:50,008 INFO  [org.apa.kaf.com.met.Metrics] (ForkJoinPool.commonPool-worker-2) Metrics scheduler closed
2025-08-20 12:40:50,008 INFO  [org.apa.kaf.com.met.Metrics] (ForkJoinPool.commonPool-worker-2) Closing reporter org.apache.kafka.common.metrics.JmxReporter
2025-08-20 12:40:50,009 INFO  [org.apa.kaf.com.met.Metrics] (ForkJoinPool.commonPool-worker-2) Closing reporter org.apache.kafka.common.telemetry.internals.ClientTelemetryReporter
2025-08-20 12:40:50,009 INFO  [org.apa.kaf.com.met.Metrics] (ForkJoinPool.commonPool-worker-2) Metrics reporters closed
2025-08-20 12:40:50,009 INFO  [org.apa.kaf.com.uti.AppInfoParser] (ForkJoinPool.commonPool-worker-2) App info kafka.producer for Producer-topic-c3e915af_db57_4db8_9b77_6af229a75919 unregistered
**** Registry Base URL: http://registry-app-mysql.apps.ci419.apicurio-testing.org:80
2025-08-20 12:40:50,010 INFO  [org.apa.kaf.cli.pro.ProducerConfig] (main) ProducerConfig values: 
	acks = -1
	auto.include.jmx.reporter = true
	batch.size = 16384
	bootstrap.servers = [PLAINTEXT://localhost:32769]
	buffer.memory = 33554432
	client.dns.lookup = use_all_dns_ips
	client.id = Producer-topic-c3e915af_db57_4db8_9b77_6af229a75919
	compression.gzip.level = -1
	compression.lz4.level = 9
	compression.type = none
	compression.zstd.level = 3
	connections.max.idle.ms = 10000
	delivery.timeout.ms = 120000
	enable.idempotence = true
	enable.metrics.push = true
	interceptor.classes = []
	key.serializer = class org.apache.kafka.common.serialization.StringSerializer
	linger.ms = 0
	max.block.ms = 60000
	max.in.flight.requests.per.connection = 5
	max.request.size = 1048576
	metadata.max.age.ms = 300000
	metadata.max.idle.ms = 300000
	metadata.recovery.strategy = none
	metric.reporters = []
	metrics.num.samples = 2
	metrics.recording.level = INFO
	metrics.sample.window.ms = 30000
	partitioner.adaptive.partitioning.enable = true
	partitioner.availability.timeout.ms = 0
	partitioner.class = null
	partitioner.ignore.keys = false
	receive.buffer.bytes = 32768
	reconnect.backoff.max.ms = 1000
	reconnect.backoff.ms = 50
	request.timeout.ms = 5000
	retries = 2147483647
	retry.backoff.max.ms = 1000
	retry.backoff.ms = 100
	sasl.client.callback.handler.class = null
	sasl.jaas.config = null
	sasl.kerberos.kinit.cmd = /usr/bin/kinit
	sasl.kerberos.min.time.before.relogin = 60000
	sasl.kerberos.service.name = null
	sasl.kerberos.ticket.renew.jitter = 0.05
	sasl.kerberos.ticket.renew.window.factor = 0.8
	sasl.login.callback.handler.class = null
	sasl.login.class = null
	sasl.login.connect.timeout.ms = null
	sasl.login.read.timeout.ms = null
	sasl.login.refresh.buffer.seconds = 300
	sasl.login.refresh.min.period.seconds = 60
	sasl.login.refresh.window.factor = 0.8
	sasl.login.refresh.window.jitter = 0.05
	sasl.login.retry.backoff.max.ms = 10000
	sasl.login.retry.backoff.ms = 100
	sasl.mechanism = GSSAPI
	sasl.oauthbearer.clock.skew.seconds = 30
	sasl.oauthbearer.expected.audience = null
	sasl.oauthbearer.expected.issuer = null
	sasl.oauthbearer.header.urlencode = false
	sasl.oauthbearer.jwks.endpoint.refresh.ms = 3600000
	sasl.oauthbearer.jwks.endpoint.retry.backoff.max.ms = 10000
	sasl.oauthbearer.jwks.endpoint.retry.backoff.ms = 100
	sasl.oauthbearer.jwks.endpoint.url = null
	sasl.oauthbearer.scope.claim.name = scope
	sasl.oauthbearer.sub.claim.name = sub
	sasl.oauthbearer.token.endpoint.url = null
	security.protocol = PLAINTEXT
	security.providers = null
	send.buffer.bytes = 131072
	socket.connection.setup.timeout.max.ms = 30000
	socket.connection.setup.timeout.ms = 10000
	ssl.cipher.suites = null
	ssl.enabled.protocols = [TLSv1.2, TLSv1.3]
	ssl.endpoint.identification.algorithm = https
	ssl.engine.factory.class = null
	ssl.key.password = null
	ssl.keymanager.algorithm = SunX509
	ssl.keystore.certificate.chain = null
	ssl.keystore.key = null
	ssl.keystore.location = null
	ssl.keystore.password = null
	ssl.keystore.type = JKS
	ssl.protocol = TLSv1.3
	ssl.provider = null
	ssl.secure.random.implementation = null
	ssl.trustmanager.algorithm = PKIX
	ssl.truststore.certificates = null
	ssl.truststore.location = null
	ssl.truststore.password = null
	ssl.truststore.type = JKS
	transaction.timeout.ms = 60000
	transactional.id = null
	value.serializer = class io.apicurio.registry.serde.avro.AvroKafkaSerializer

2025-08-20 12:40:50,011 INFO  [org.apa.kaf.com.tel.int.KafkaMetricsCollector] (main) initializing Kafka metrics collector
2025-08-20 12:40:50,015 INFO  [org.apa.kaf.cli.pro.KafkaProducer] (main) [Producer clientId=Producer-topic-c3e915af_db57_4db8_9b77_6af229a75919] Instantiated an idempotent producer.
2025-08-20 12:40:50,017 INFO  [org.apa.kaf.cli.pro.ProducerConfig] (main) These configurations '[apicurio.registry.url, apicurio.registry.artifact-resolver-strategy]' were supplied but are not used yet.
2025-08-20 12:40:50,017 INFO  [org.apa.kaf.com.uti.AppInfoParser] (main) Kafka version: 3.9.1
2025-08-20 12:40:50,017 INFO  [org.apa.kaf.com.uti.AppInfoParser] (main) Kafka commitId: f745dfdcee2b9851
2025-08-20 12:40:50,017 INFO  [org.apa.kaf.com.uti.AppInfoParser] (main) Kafka startTimeMs: 1755693650017
2025-08-20 12:40:50,018 INFO  [io.api.tes.ser.api.KafkaSerdesTester] (ForkJoinPool.commonPool-worker-2) Sending message {"key11755693637936": "value-0", "key21755693643077": "value-0"} to topic topic-c3e915af_db57_4db8_9b77_6af229a75919
2025-08-20 12:40:50,021 INFO  [org.apa.kaf.cli.Metadata] (kafka-producer-network-thread | Producer-topic-c3e915af_db57_4db8_9b77_6af229a75919) [Producer clientId=Producer-topic-c3e915af_db57_4db8_9b77_6af229a75919] Cluster ID: w67HKo3KT1qYVnubU-PiPQ
2025-08-20 12:40:50,022 INFO  [org.apa.kaf.cli.pro.int.TransactionManager] (kafka-producer-network-thread | Producer-topic-c3e915af_db57_4db8_9b77_6af229a75919) [Producer clientId=Producer-topic-c3e915af_db57_4db8_9b77_6af229a75919] ProducerId set to 16 with epoch 0
2025-08-20 12:40:50,022 INFO  [DefaultSchemaResolver] (ForkJoinPool.commonPool-worker-2) Retrieving schema content using string: {"type":"record","name":"s02125134x9961x48f9x90a1x5d8b3b63de6b","namespace":"ns_78008a80_ffdd_4f47_87bc_971591d7e006","fields":[{"name":"key11755693637936","type":"string"},{"name":"key21755693643077","type":"string"}]}
2025-08-20 12:40:50,186 INFO  [io.api.tes.ser.api.KafkaSerdesTester] (ForkJoinPool.commonPool-worker-2) Sending message {"key11755693637936": "value-1", "key21755693643077": "value-1"} to topic topic-c3e915af_db57_4db8_9b77_6af229a75919
2025-08-20 12:40:50,187 INFO  [io.api.tes.ser.api.KafkaSerdesTester] (ForkJoinPool.commonPool-worker-2) Sending message {"key11755693637936": "value-2", "key21755693643077": "value-2"} to topic topic-c3e915af_db57_4db8_9b77_6af229a75919
2025-08-20 12:40:50,188 INFO  [io.api.tes.ser.api.KafkaSerdesTester] (ForkJoinPool.commonPool-worker-2) Sending message {"key11755693637936": "value-3", "key21755693643077": "value-3"} to topic topic-c3e915af_db57_4db8_9b77_6af229a75919
2025-08-20 12:40:50,189 INFO  [io.api.tes.ser.api.KafkaSerdesTester] (ForkJoinPool.commonPool-worker-2) Sending message {"key11755693637936": "value-4", "key21755693643077": "value-4"} to topic topic-c3e915af_db57_4db8_9b77_6af229a75919
2025-08-20 12:40:50,190 INFO  [io.api.tes.ser.api.KafkaSerdesTester] (ForkJoinPool.commonPool-worker-2) Sending message {"key11755693637936": "value-5", "key21755693643077": "value-5"} to topic topic-c3e915af_db57_4db8_9b77_6af229a75919
2025-08-20 12:40:50,191 INFO  [io.api.tes.ser.api.KafkaSerdesTester] (ForkJoinPool.commonPool-worker-2) Sending message {"key11755693637936": "value-6", "key21755693643077": "value-6"} to topic topic-c3e915af_db57_4db8_9b77_6af229a75919
2025-08-20 12:40:50,192 INFO  [io.api.tes.ser.api.KafkaSerdesTester] (ForkJoinPool.commonPool-worker-2) Sending message {"key11755693637936": "value-7", "key21755693643077": "value-7"} to topic topic-c3e915af_db57_4db8_9b77_6af229a75919
2025-08-20 12:40:50,194 INFO  [io.api.tes.ser.api.KafkaSerdesTester] (ForkJoinPool.commonPool-worker-2) Sending message {"key11755693637936": "value-8", "key21755693643077": "value-8"} to topic topic-c3e915af_db57_4db8_9b77_6af229a75919
2025-08-20 12:40:50,195 INFO  [io.api.tes.ser.api.KafkaSerdesTester] (ForkJoinPool.commonPool-worker-2) Sending message {"key11755693637936": "value-9", "key21755693643077": "value-9"} to topic topic-c3e915af_db57_4db8_9b77_6af229a75919
2025-08-20 12:40:50,196 INFO  [io.api.tes.ser.api.KafkaSerdesTester] (ForkJoinPool.commonPool-worker-2) Produced 10 messages
2025-08-20 12:40:50,196 INFO  [org.apa.kaf.cli.pro.KafkaProducer] (ForkJoinPool.commonPool-worker-2) [Producer clientId=Producer-topic-c3e915af_db57_4db8_9b77_6af229a75919] Closing the Kafka producer with timeoutMillis = 9223372036854775807 ms.
2025-08-20 12:40:50,197 INFO  [org.apa.kaf.com.met.Metrics] (ForkJoinPool.commonPool-worker-2) Metrics scheduler closed
2025-08-20 12:40:50,197 INFO  [org.apa.kaf.com.met.Metrics] (ForkJoinPool.commonPool-worker-2) Closing reporter org.apache.kafka.common.metrics.JmxReporter
2025-08-20 12:40:50,197 INFO  [org.apa.kaf.com.met.Metrics] (ForkJoinPool.commonPool-worker-2) Closing reporter org.apache.kafka.common.telemetry.internals.ClientTelemetryReporter
2025-08-20 12:40:50,197 INFO  [org.apa.kaf.com.met.Metrics] (ForkJoinPool.commonPool-worker-2) Metrics reporters closed
2025-08-20 12:40:50,198 INFO  [org.apa.kaf.com.uti.AppInfoParser] (ForkJoinPool.commonPool-worker-2) App info kafka.producer for Producer-topic-c3e915af_db57_4db8_9b77_6af229a75919 unregistered
**** Registry Base URL: http://registry-app-mysql.apps.ci419.apicurio-testing.org:80
2025-08-20 12:40:50,198 INFO  [org.apa.kaf.cli.pro.ProducerConfig] (main) ProducerConfig values: 
	acks = -1
	auto.include.jmx.reporter = true
	batch.size = 16384
	bootstrap.servers = [PLAINTEXT://localhost:32769]
	buffer.memory = 33554432
	client.dns.lookup = use_all_dns_ips
	client.id = Producer-topic-c3e915af_db57_4db8_9b77_6af229a75919
	compression.gzip.level = -1
	compression.lz4.level = 9
	compression.type = none
	compression.zstd.level = 3
	connections.max.idle.ms = 10000
	delivery.timeout.ms = 120000
	enable.idempotence = true
	enable.metrics.push = true
	interceptor.classes = []
	key.serializer = class org.apache.kafka.common.serialization.StringSerializer
	linger.ms = 0
	max.block.ms = 60000
	max.in.flight.requests.per.connection = 5
	max.request.size = 1048576
	metadata.max.age.ms = 300000
	metadata.max.idle.ms = 300000
	metadata.recovery.strategy = none
	metric.reporters = []
	metrics.num.samples = 2
	metrics.recording.level = INFO
	metrics.sample.window.ms = 30000
	partitioner.adaptive.partitioning.enable = true
	partitioner.availability.timeout.ms = 0
	partitioner.class = null
	partitioner.ignore.keys = false
	receive.buffer.bytes = 32768
	reconnect.backoff.max.ms = 1000
	reconnect.backoff.ms = 50
	request.timeout.ms = 5000
	retries = 2147483647
	retry.backoff.max.ms = 1000
	retry.backoff.ms = 100
	sasl.client.callback.handler.class = null
	sasl.jaas.config = null
	sasl.kerberos.kinit.cmd = /usr/bin/kinit
	sasl.kerberos.min.time.before.relogin = 60000
	sasl.kerberos.service.name = null
	sasl.kerberos.ticket.renew.jitter = 0.05
	sasl.kerberos.ticket.renew.window.factor = 0.8
	sasl.login.callback.handler.class = null
	sasl.login.class = null
	sasl.login.connect.timeout.ms = null
	sasl.login.read.timeout.ms = null
	sasl.login.refresh.buffer.seconds = 300
	sasl.login.refresh.min.period.seconds = 60
	sasl.login.refresh.window.factor = 0.8
	sasl.login.refresh.window.jitter = 0.05
	sasl.login.retry.backoff.max.ms = 10000
	sasl.login.retry.backoff.ms = 100
	sasl.mechanism = GSSAPI
	sasl.oauthbearer.clock.skew.seconds = 30
	sasl.oauthbearer.expected.audience = null
	sasl.oauthbearer.expected.issuer = null
	sasl.oauthbearer.header.urlencode = false
	sasl.oauthbearer.jwks.endpoint.refresh.ms = 3600000
	sasl.oauthbearer.jwks.endpoint.retry.backoff.max.ms = 10000
	sasl.oauthbearer.jwks.endpoint.retry.backoff.ms = 100
	sasl.oauthbearer.jwks.endpoint.url = null
	sasl.oauthbearer.scope.claim.name = scope
	sasl.oauthbearer.sub.claim.name = sub
	sasl.oauthbearer.token.endpoint.url = null
	security.protocol = PLAINTEXT
	security.providers = null
	send.buffer.bytes = 131072
	socket.connection.setup.timeout.max.ms = 30000
	socket.connection.setup.timeout.ms = 10000
	ssl.cipher.suites = null
	ssl.enabled.protocols = [TLSv1.2, TLSv1.3]
	ssl.endpoint.identification.algorithm = https
	ssl.engine.factory.class = null
	ssl.key.password = null
	ssl.keymanager.algorithm = SunX509
	ssl.keystore.certificate.chain = null
	ssl.keystore.key = null
	ssl.keystore.location = null
	ssl.keystore.password = null
	ssl.keystore.type = JKS
	ssl.protocol = TLSv1.3
	ssl.provider = null
	ssl.secure.random.implementation = null
	ssl.trustmanager.algorithm = PKIX
	ssl.truststore.certificates = null
	ssl.truststore.location = null
	ssl.truststore.password = null
	ssl.truststore.type = JKS
	transaction.timeout.ms = 60000
	transactional.id = null
	value.serializer = class io.apicurio.registry.serde.avro.AvroKafkaSerializer

2025-08-20 12:40:50,199 INFO  [org.apa.kaf.com.tel.int.KafkaMetricsCollector] (main) initializing Kafka metrics collector
2025-08-20 12:40:50,202 INFO  [org.apa.kaf.cli.pro.KafkaProducer] (main) [Producer clientId=Producer-topic-c3e915af_db57_4db8_9b77_6af229a75919] Instantiated an idempotent producer.
2025-08-20 12:40:50,203 INFO  [org.apa.kaf.cli.pro.ProducerConfig] (main) These configurations '[apicurio.registry.url, apicurio.registry.artifact-resolver-strategy]' were supplied but are not used yet.
2025-08-20 12:40:50,203 INFO  [org.apa.kaf.com.uti.AppInfoParser] (main) Kafka version: 3.9.1
2025-08-20 12:40:50,203 INFO  [org.apa.kaf.com.uti.AppInfoParser] (main) Kafka commitId: f745dfdcee2b9851
2025-08-20 12:40:50,203 INFO  [org.apa.kaf.com.uti.AppInfoParser] (main) Kafka startTimeMs: 1755693650203
2025-08-20 12:40:50,204 INFO  [io.api.tes.ser.api.KafkaSerdesTester] (ForkJoinPool.commonPool-worker-2) Sending message {"key11755693637936": "value-0"} to topic topic-c3e915af_db57_4db8_9b77_6af229a75919
2025-08-20 12:40:50,206 INFO  [org.apa.kaf.cli.Metadata] (kafka-producer-network-thread | Producer-topic-c3e915af_db57_4db8_9b77_6af229a75919) [Producer clientId=Producer-topic-c3e915af_db57_4db8_9b77_6af229a75919] Cluster ID: w67HKo3KT1qYVnubU-PiPQ
2025-08-20 12:40:50,206 INFO  [org.apa.kaf.cli.pro.int.TransactionManager] (kafka-producer-network-thread | Producer-topic-c3e915af_db57_4db8_9b77_6af229a75919) [Producer clientId=Producer-topic-c3e915af_db57_4db8_9b77_6af229a75919] ProducerId set to 17 with epoch 0
2025-08-20 12:40:50,206 INFO  [DefaultSchemaResolver] (ForkJoinPool.commonPool-worker-2) Retrieving schema content using string: {"type":"record","name":"s02125134x9961x48f9x90a1x5d8b3b63de6b","namespace":"ns_78008a80_ffdd_4f47_87bc_971591d7e006","fields":[{"name":"key11755693637936","type":"string"}]}
2025-08-20 12:40:50,365 INFO  [io.api.tes.ser.api.KafkaSerdesTester] (ForkJoinPool.commonPool-worker-2) Sending message {"key11755693637936": "value-1"} to topic topic-c3e915af_db57_4db8_9b77_6af229a75919
2025-08-20 12:40:50,366 INFO  [io.api.tes.ser.api.KafkaSerdesTester] (ForkJoinPool.commonPool-worker-2) Sending message {"key11755693637936": "value-2"} to topic topic-c3e915af_db57_4db8_9b77_6af229a75919
2025-08-20 12:40:50,368 INFO  [io.api.tes.ser.api.KafkaSerdesTester] (ForkJoinPool.commonPool-worker-2) Sending message {"key11755693637936": "value-3"} to topic topic-c3e915af_db57_4db8_9b77_6af229a75919
2025-08-20 12:40:50,369 INFO  [io.api.tes.ser.api.KafkaSerdesTester] (ForkJoinPool.commonPool-worker-2) Sending message {"key11755693637936": "value-4"} to topic topic-c3e915af_db57_4db8_9b77_6af229a75919
2025-08-20 12:40:50,370 INFO  [io.api.tes.ser.api.KafkaSerdesTester] (ForkJoinPool.commonPool-worker-2) Sending message {"key11755693637936": "value-5"} to topic topic-c3e915af_db57_4db8_9b77_6af229a75919
2025-08-20 12:40:50,372 INFO  [io.api.tes.ser.api.KafkaSerdesTester] (ForkJoinPool.commonPool-worker-2) Sending message {"key11755693637936": "value-6"} to topic topic-c3e915af_db57_4db8_9b77_6af229a75919
2025-08-20 12:40:50,373 INFO  [io.api.tes.ser.api.KafkaSerdesTester] (ForkJoinPool.commonPool-worker-2) Sending message {"key11755693637936": "value-7"} to topic topic-c3e915af_db57_4db8_9b77_6af229a75919
2025-08-20 12:40:50,374 INFO  [io.api.tes.ser.api.KafkaSerdesTester] (ForkJoinPool.commonPool-worker-2) Sending message {"key11755693637936": "value-8"} to topic topic-c3e915af_db57_4db8_9b77_6af229a75919
2025-08-20 12:40:50,375 INFO  [io.api.tes.ser.api.KafkaSerdesTester] (ForkJoinPool.commonPool-worker-2) Sending message {"key11755693637936": "value-9"} to topic topic-c3e915af_db57_4db8_9b77_6af229a75919
2025-08-20 12:40:50,377 INFO  [io.api.tes.ser.api.KafkaSerdesTester] (ForkJoinPool.commonPool-worker-2) Produced 10 messages
2025-08-20 12:40:50,377 INFO  [org.apa.kaf.cli.pro.KafkaProducer] (ForkJoinPool.commonPool-worker-2) [Producer clientId=Producer-topic-c3e915af_db57_4db8_9b77_6af229a75919] Closing the Kafka producer with timeoutMillis = 9223372036854775807 ms.
2025-08-20 12:40:50,379 INFO  [org.apa.kaf.com.met.Metrics] (ForkJoinPool.commonPool-worker-2) Metrics scheduler closed
2025-08-20 12:40:50,379 INFO  [org.apa.kaf.com.met.Metrics] (ForkJoinPool.commonPool-worker-2) Closing reporter org.apache.kafka.common.metrics.JmxReporter
2025-08-20 12:40:50,379 INFO  [org.apa.kaf.com.met.Metrics] (ForkJoinPool.commonPool-worker-2) Closing reporter org.apache.kafka.common.telemetry.internals.ClientTelemetryReporter
2025-08-20 12:40:50,379 INFO  [org.apa.kaf.com.met.Metrics] (ForkJoinPool.commonPool-worker-2) Metrics reporters closed
2025-08-20 12:40:50,380 INFO  [org.apa.kaf.com.uti.AppInfoParser] (ForkJoinPool.commonPool-worker-2) App info kafka.producer for Producer-topic-c3e915af_db57_4db8_9b77_6af229a75919 unregistered
**** Registry Base URL: http://registry-app-mysql.apps.ci419.apicurio-testing.org:80
2025-08-20 12:40:50,380 INFO  [org.apa.kaf.cli.con.ConsumerConfig] (main) ConsumerConfig values: 
	allow.auto.create.topics = true
	auto.commit.interval.ms = 500
	auto.include.jmx.reporter = true
	auto.offset.reset = earliest
	bootstrap.servers = [PLAINTEXT://localhost:32769]
	check.crcs = true
	client.dns.lookup = use_all_dns_ips
	client.id = consumer-Consumer-topic-c3e915af_db57_4db8_9b77_6af229a75919-12
	client.rack = 
	connections.max.idle.ms = 10000
	default.api.timeout.ms = 60000
	enable.auto.commit = true
	enable.metrics.push = true
	exclude.internal.topics = true
	fetch.max.bytes = 52428800
	fetch.max.wait.ms = 500
	fetch.min.bytes = 1
	group.id = Consumer-topic-c3e915af_db57_4db8_9b77_6af229a75919
	group.instance.id = null
	group.protocol = classic
	group.remote.assignor = null
	heartbeat.interval.ms = 3000
	interceptor.classes = []
	internal.leave.group.on.close = true
	internal.throw.on.fetch.stable.offset.unsupported = false
	isolation.level = read_uncommitted
	key.deserializer = class org.apache.kafka.common.serialization.StringDeserializer
	max.partition.fetch.bytes = 1048576
	max.poll.interval.ms = 300000
	max.poll.records = 500
	metadata.max.age.ms = 300000
	metadata.recovery.strategy = none
	metric.reporters = []
	metrics.num.samples = 2
	metrics.recording.level = INFO
	metrics.sample.window.ms = 30000
	partition.assignment.strategy = [class org.apache.kafka.clients.consumer.RangeAssignor, class org.apache.kafka.clients.consumer.CooperativeStickyAssignor]
	receive.buffer.bytes = 65536
	reconnect.backoff.max.ms = 1000
	reconnect.backoff.ms = 50
	request.timeout.ms = 5000
	retry.backoff.max.ms = 1000
	retry.backoff.ms = 100
	sasl.client.callback.handler.class = null
	sasl.jaas.config = null
	sasl.kerberos.kinit.cmd = /usr/bin/kinit
	sasl.kerberos.min.time.before.relogin = 60000
	sasl.kerberos.service.name = null
	sasl.kerberos.ticket.renew.jitter = 0.05
	sasl.kerberos.ticket.renew.window.factor = 0.8
	sasl.login.callback.handler.class = null
	sasl.login.class = null
	sasl.login.connect.timeout.ms = null
	sasl.login.read.timeout.ms = null
	sasl.login.refresh.buffer.seconds = 300
	sasl.login.refresh.min.period.seconds = 60
	sasl.login.refresh.window.factor = 0.8
	sasl.login.refresh.window.jitter = 0.05
	sasl.login.retry.backoff.max.ms = 10000
	sasl.login.retry.backoff.ms = 100
	sasl.mechanism = GSSAPI
	sasl.oauthbearer.clock.skew.seconds = 30
	sasl.oauthbearer.expected.audience = null
	sasl.oauthbearer.expected.issuer = null
	sasl.oauthbearer.header.urlencode = false
	sasl.oauthbearer.jwks.endpoint.refresh.ms = 3600000
	sasl.oauthbearer.jwks.endpoint.retry.backoff.max.ms = 10000
	sasl.oauthbearer.jwks.endpoint.retry.backoff.ms = 100
	sasl.oauthbearer.jwks.endpoint.url = null
	sasl.oauthbearer.scope.claim.name = scope
	sasl.oauthbearer.sub.claim.name = sub
	sasl.oauthbearer.token.endpoint.url = null
	security.protocol = PLAINTEXT
	security.providers = null
	send.buffer.bytes = 131072
	session.timeout.ms = 45000
	socket.connection.setup.timeout.max.ms = 30000
	socket.connection.setup.timeout.ms = 10000
	ssl.cipher.suites = null
	ssl.enabled.protocols = [TLSv1.2, TLSv1.3]
	ssl.endpoint.identification.algorithm = https
	ssl.engine.factory.class = null
	ssl.key.password = null
	ssl.keymanager.algorithm = SunX509
	ssl.keystore.certificate.chain = null
	ssl.keystore.key = null
	ssl.keystore.location = null
	ssl.keystore.password = null
	ssl.keystore.type = JKS
	ssl.protocol = TLSv1.3
	ssl.provider = null
	ssl.secure.random.implementation = null
	ssl.trustmanager.algorithm = PKIX
	ssl.truststore.certificates = null
	ssl.truststore.location = null
	ssl.truststore.password = null
	ssl.truststore.type = JKS
	value.deserializer = class io.apicurio.registry.serde.avro.AvroKafkaDeserializer

2025-08-20 12:40:50,381 INFO  [org.apa.kaf.com.tel.int.KafkaMetricsCollector] (main) initializing Kafka metrics collector
2025-08-20 12:40:50,386 INFO  [org.apa.kaf.cli.con.ConsumerConfig] (main) These configurations '[apicurio.registry.url]' were supplied but are not used yet.
2025-08-20 12:40:50,386 INFO  [org.apa.kaf.com.uti.AppInfoParser] (main) Kafka version: 3.9.1
2025-08-20 12:40:50,386 INFO  [org.apa.kaf.com.uti.AppInfoParser] (main) Kafka commitId: f745dfdcee2b9851
2025-08-20 12:40:50,386 INFO  [org.apa.kaf.com.uti.AppInfoParser] (main) Kafka startTimeMs: 1755693650386
2025-08-20 12:40:50,386 INFO  [org.apa.kaf.cli.con.int.ClassicKafkaConsumer] (ForkJoinPool.commonPool-worker-2) [Consumer clientId=consumer-Consumer-topic-c3e915af_db57_4db8_9b77_6af229a75919-12, groupId=Consumer-topic-c3e915af_db57_4db8_9b77_6af229a75919] Subscribed to topic(s): topic-c3e915af_db57_4db8_9b77_6af229a75919
2025-08-20 12:40:50,389 INFO  [org.apa.kaf.cli.Metadata] (ForkJoinPool.commonPool-worker-2) [Consumer clientId=consumer-Consumer-topic-c3e915af_db57_4db8_9b77_6af229a75919-12, groupId=Consumer-topic-c3e915af_db57_4db8_9b77_6af229a75919] Cluster ID: w67HKo3KT1qYVnubU-PiPQ
2025-08-20 12:40:50,389 INFO  [org.apa.kaf.cli.con.int.ConsumerCoordinator] (ForkJoinPool.commonPool-worker-2) [Consumer clientId=consumer-Consumer-topic-c3e915af_db57_4db8_9b77_6af229a75919-12, groupId=Consumer-topic-c3e915af_db57_4db8_9b77_6af229a75919] Discovered group coordinator localhost:32769 (id: 2147483647 rack: null)
2025-08-20 12:40:50,390 INFO  [org.apa.kaf.cli.con.int.ConsumerCoordinator] (ForkJoinPool.commonPool-worker-2) [Consumer clientId=consumer-Consumer-topic-c3e915af_db57_4db8_9b77_6af229a75919-12, groupId=Consumer-topic-c3e915af_db57_4db8_9b77_6af229a75919] (Re-)joining group
2025-08-20 12:40:50,392 INFO  [org.apa.kaf.cli.con.int.ConsumerCoordinator] (ForkJoinPool.commonPool-worker-2) [Consumer clientId=consumer-Consumer-topic-c3e915af_db57_4db8_9b77_6af229a75919-12, groupId=Consumer-topic-c3e915af_db57_4db8_9b77_6af229a75919] Request joining group due to: need to re-join with the given member-id: consumer-Consumer-topic-c3e915af_db57_4db8_9b77_6af229a75919-12-68d226f9-7828-450c-b16a-651c5df6c0f4
2025-08-20 12:40:50,392 INFO  [org.apa.kaf.cli.con.int.ConsumerCoordinator] (ForkJoinPool.commonPool-worker-2) [Consumer clientId=consumer-Consumer-topic-c3e915af_db57_4db8_9b77_6af229a75919-12, groupId=Consumer-topic-c3e915af_db57_4db8_9b77_6af229a75919] (Re-)joining group
2025-08-20 12:40:51,386 INFO  [io.api.tes.ser.api.KafkaSerdesTester] (ForkJoinPool.commonPool-worker-2) None found
2025-08-20 12:40:52,386 INFO  [io.api.tes.ser.api.KafkaSerdesTester] (ForkJoinPool.commonPool-worker-2) None found
2025-08-20 12:40:53,386 INFO  [io.api.tes.ser.api.KafkaSerdesTester] (ForkJoinPool.commonPool-worker-2) None found
2025-08-20 12:40:53,393 INFO  [org.apa.kaf.cli.con.int.ConsumerCoordinator] (ForkJoinPool.commonPool-worker-2) [Consumer clientId=consumer-Consumer-topic-c3e915af_db57_4db8_9b77_6af229a75919-12, groupId=Consumer-topic-c3e915af_db57_4db8_9b77_6af229a75919] Successfully joined group with generation Generation{generationId=5, memberId='consumer-Consumer-topic-c3e915af_db57_4db8_9b77_6af229a75919-12-68d226f9-7828-450c-b16a-651c5df6c0f4', protocol='range'}
2025-08-20 12:40:53,393 INFO  [org.apa.kaf.cli.con.int.ConsumerCoordinator] (ForkJoinPool.commonPool-worker-2) [Consumer clientId=consumer-Consumer-topic-c3e915af_db57_4db8_9b77_6af229a75919-12, groupId=Consumer-topic-c3e915af_db57_4db8_9b77_6af229a75919] Finished assignment for group at generation 5: {consumer-Consumer-topic-c3e915af_db57_4db8_9b77_6af229a75919-12-68d226f9-7828-450c-b16a-651c5df6c0f4=Assignment(partitions=[topic-c3e915af_db57_4db8_9b77_6af229a75919-0])}
2025-08-20 12:40:53,400 INFO  [org.apa.kaf.cli.con.int.ConsumerCoordinator] (ForkJoinPool.commonPool-worker-2) [Consumer clientId=consumer-Consumer-topic-c3e915af_db57_4db8_9b77_6af229a75919-12, groupId=Consumer-topic-c3e915af_db57_4db8_9b77_6af229a75919] Successfully synced group in generation Generation{generationId=5, memberId='consumer-Consumer-topic-c3e915af_db57_4db8_9b77_6af229a75919-12-68d226f9-7828-450c-b16a-651c5df6c0f4', protocol='range'}
2025-08-20 12:40:53,400 INFO  [org.apa.kaf.cli.con.int.ConsumerCoordinator] (ForkJoinPool.commonPool-worker-2) [Consumer clientId=consumer-Consumer-topic-c3e915af_db57_4db8_9b77_6af229a75919-12, groupId=Consumer-topic-c3e915af_db57_4db8_9b77_6af229a75919] Notifying assignor about the new Assignment(partitions=[topic-c3e915af_db57_4db8_9b77_6af229a75919-0])
2025-08-20 12:40:53,400 INFO  [org.apa.kaf.cli.con.int.ConsumerRebalanceListenerInvoker] (ForkJoinPool.commonPool-worker-2) [Consumer clientId=consumer-Consumer-topic-c3e915af_db57_4db8_9b77_6af229a75919-12, groupId=Consumer-topic-c3e915af_db57_4db8_9b77_6af229a75919] Adding newly assigned partitions: topic-c3e915af_db57_4db8_9b77_6af229a75919-0
2025-08-20 12:40:53,401 INFO  [org.apa.kaf.cli.con.int.ConsumerUtils] (ForkJoinPool.commonPool-worker-2) Setting offset for partition topic-c3e915af_db57_4db8_9b77_6af229a75919-0 to the committed offset FetchPosition{offset=30, offsetEpoch=Optional[0], currentLeader=LeaderAndEpoch{leader=Optional[localhost:32769 (id: 0 rack: null)], epoch=0}}
2025-08-20 12:40:53,958 INFO  [io.api.tes.ser.api.KafkaSerdesTester] (ForkJoinPool.commonPool-worker-2) topic-c3e915af_db57_4db8_9b77_6af229a75919 0 30 {"key11755693637936": "value-0", "key21755693643077": "value-0", "key31755693648562": "value-0"}
2025-08-20 12:40:53,958 INFO  [io.api.tes.ser.api.KafkaSerdesTester] (ForkJoinPool.commonPool-worker-2) topic-c3e915af_db57_4db8_9b77_6af229a75919 0 31 {"key11755693637936": "value-1", "key21755693643077": "value-1", "key31755693648562": "value-1"}
2025-08-20 12:40:53,958 INFO  [io.api.tes.ser.api.KafkaSerdesTester] (ForkJoinPool.commonPool-worker-2) topic-c3e915af_db57_4db8_9b77_6af229a75919 0 32 {"key11755693637936": "value-2", "key21755693643077": "value-2", "key31755693648562": "value-2"}
2025-08-20 12:40:53,958 INFO  [io.api.tes.ser.api.KafkaSerdesTester] (ForkJoinPool.commonPool-worker-2) topic-c3e915af_db57_4db8_9b77_6af229a75919 0 33 {"key11755693637936": "value-3", "key21755693643077": "value-3", "key31755693648562": "value-3"}
2025-08-20 12:40:53,958 INFO  [io.api.tes.ser.api.KafkaSerdesTester] (ForkJoinPool.commonPool-worker-2) topic-c3e915af_db57_4db8_9b77_6af229a75919 0 34 {"key11755693637936": "value-4", "key21755693643077": "value-4", "key31755693648562": "value-4"}
2025-08-20 12:40:53,958 INFO  [io.api.tes.ser.api.KafkaSerdesTester] (ForkJoinPool.commonPool-worker-2) topic-c3e915af_db57_4db8_9b77_6af229a75919 0 35 {"key11755693637936": "value-5", "key21755693643077": "value-5", "key31755693648562": "value-5"}
2025-08-20 12:40:53,958 INFO  [io.api.tes.ser.api.KafkaSerdesTester] (ForkJoinPool.commonPool-worker-2) topic-c3e915af_db57_4db8_9b77_6af229a75919 0 36 {"key11755693637936": "value-6", "key21755693643077": "value-6", "key31755693648562": "value-6"}
2025-08-20 12:40:53,958 INFO  [io.api.tes.ser.api.KafkaSerdesTester] (ForkJoinPool.commonPool-worker-2) topic-c3e915af_db57_4db8_9b77_6af229a75919 0 37 {"key11755693637936": "value-7", "key21755693643077": "value-7", "key31755693648562": "value-7"}
2025-08-20 12:40:53,958 INFO  [io.api.tes.ser.api.KafkaSerdesTester] (ForkJoinPool.commonPool-worker-2) topic-c3e915af_db57_4db8_9b77_6af229a75919 0 38 {"key11755693637936": "value-8", "key21755693643077": "value-8", "key31755693648562": "value-8"}
2025-08-20 12:40:53,958 INFO  [io.api.tes.ser.api.KafkaSerdesTester] (ForkJoinPool.commonPool-worker-2) topic-c3e915af_db57_4db8_9b77_6af229a75919 0 39 {"key11755693637936": "value-9", "key21755693643077": "value-9", "key31755693648562": "value-9"}
2025-08-20 12:40:53,958 INFO  [io.api.tes.ser.api.KafkaSerdesTester] (ForkJoinPool.commonPool-worker-2) topic-c3e915af_db57_4db8_9b77_6af229a75919 0 40 {"key11755693637936": "value-0", "key21755693643077": "value-0"}
2025-08-20 12:40:53,958 INFO  [io.api.tes.ser.api.KafkaSerdesTester] (ForkJoinPool.commonPool-worker-2) topic-c3e915af_db57_4db8_9b77_6af229a75919 0 41 {"key11755693637936": "value-1", "key21755693643077": "value-1"}
2025-08-20 12:40:53,958 INFO  [io.api.tes.ser.api.KafkaSerdesTester] (ForkJoinPool.commonPool-worker-2) topic-c3e915af_db57_4db8_9b77_6af229a75919 0 42 {"key11755693637936": "value-2", "key21755693643077": "value-2"}
2025-08-20 12:40:53,958 INFO  [io.api.tes.ser.api.KafkaSerdesTester] (ForkJoinPool.commonPool-worker-2) topic-c3e915af_db57_4db8_9b77_6af229a75919 0 43 {"key11755693637936": "value-3", "key21755693643077": "value-3"}
2025-08-20 12:40:53,958 INFO  [io.api.tes.ser.api.KafkaSerdesTester] (ForkJoinPool.commonPool-worker-2) topic-c3e915af_db57_4db8_9b77_6af229a75919 0 44 {"key11755693637936": "value-4", "key21755693643077": "value-4"}
2025-08-20 12:40:53,958 INFO  [io.api.tes.ser.api.KafkaSerdesTester] (ForkJoinPool.commonPool-worker-2) topic-c3e915af_db57_4db8_9b77_6af229a75919 0 45 {"key11755693637936": "value-5", "key21755693643077": "value-5"}
2025-08-20 12:40:53,958 INFO  [io.api.tes.ser.api.KafkaSerdesTester] (ForkJoinPool.commonPool-worker-2) topic-c3e915af_db57_4db8_9b77_6af229a75919 0 46 {"key11755693637936": "value-6", "key21755693643077": "value-6"}
2025-08-20 12:40:53,958 INFO  [io.api.tes.ser.api.KafkaSerdesTester] (ForkJoinPool.commonPool-worker-2) topic-c3e915af_db57_4db8_9b77_6af229a75919 0 47 {"key11755693637936": "value-7", "key21755693643077": "value-7"}
2025-08-20 12:40:53,958 INFO  [io.api.tes.ser.api.KafkaSerdesTester] (ForkJoinPool.commonPool-worker-2) topic-c3e915af_db57_4db8_9b77_6af229a75919 0 48 {"key11755693637936": "value-8", "key21755693643077": "value-8"}
2025-08-20 12:40:53,958 INFO  [io.api.tes.ser.api.KafkaSerdesTester] (ForkJoinPool.commonPool-worker-2) topic-c3e915af_db57_4db8_9b77_6af229a75919 0 49 {"key11755693637936": "value-9", "key21755693643077": "value-9"}
2025-08-20 12:40:53,958 INFO  [io.api.tes.ser.api.KafkaSerdesTester] (ForkJoinPool.commonPool-worker-2) topic-c3e915af_db57_4db8_9b77_6af229a75919 0 50 {"key11755693637936": "value-0"}
2025-08-20 12:40:53,959 INFO  [io.api.tes.ser.api.KafkaSerdesTester] (ForkJoinPool.commonPool-worker-2) topic-c3e915af_db57_4db8_9b77_6af229a75919 0 51 {"key11755693637936": "value-1"}
2025-08-20 12:40:53,959 INFO  [io.api.tes.ser.api.KafkaSerdesTester] (ForkJoinPool.commonPool-worker-2) topic-c3e915af_db57_4db8_9b77_6af229a75919 0 52 {"key11755693637936": "value-2"}
2025-08-20 12:40:53,959 INFO  [io.api.tes.ser.api.KafkaSerdesTester] (ForkJoinPool.commonPool-worker-2) topic-c3e915af_db57_4db8_9b77_6af229a75919 0 53 {"key11755693637936": "value-3"}
2025-08-20 12:40:53,959 INFO  [io.api.tes.ser.api.KafkaSerdesTester] (ForkJoinPool.commonPool-worker-2) topic-c3e915af_db57_4db8_9b77_6af229a75919 0 54 {"key11755693637936": "value-4"}
2025-08-20 12:40:53,959 INFO  [io.api.tes.ser.api.KafkaSerdesTester] (ForkJoinPool.commonPool-worker-2) topic-c3e915af_db57_4db8_9b77_6af229a75919 0 55 {"key11755693637936": "value-5"}
2025-08-20 12:40:53,959 INFO  [io.api.tes.ser.api.KafkaSerdesTester] (ForkJoinPool.commonPool-worker-2) topic-c3e915af_db57_4db8_9b77_6af229a75919 0 56 {"key11755693637936": "value-6"}
2025-08-20 12:40:53,959 INFO  [io.api.tes.ser.api.KafkaSerdesTester] (ForkJoinPool.commonPool-worker-2) topic-c3e915af_db57_4db8_9b77_6af229a75919 0 57 {"key11755693637936": "value-7"}
2025-08-20 12:40:53,959 INFO  [io.api.tes.ser.api.KafkaSerdesTester] (ForkJoinPool.commonPool-worker-2) topic-c3e915af_db57_4db8_9b77_6af229a75919 0 58 {"key11755693637936": "value-8"}
2025-08-20 12:40:53,959 INFO  [io.api.tes.ser.api.KafkaSerdesTester] (ForkJoinPool.commonPool-worker-2) topic-c3e915af_db57_4db8_9b77_6af229a75919 0 59 {"key11755693637936": "value-9"}
2025-08-20 12:40:53,959 INFO  [io.api.tes.ser.api.KafkaSerdesTester] (ForkJoinPool.commonPool-worker-2) Consumed 30 messages
2025-08-20 12:40:53,966 INFO  [org.apa.kaf.cli.con.int.ConsumerRebalanceListenerInvoker] (ForkJoinPool.commonPool-worker-2) [Consumer clientId=consumer-Consumer-topic-c3e915af_db57_4db8_9b77_6af229a75919-12, groupId=Consumer-topic-c3e915af_db57_4db8_9b77_6af229a75919] Revoke previously assigned partitions topic-c3e915af_db57_4db8_9b77_6af229a75919-0
2025-08-20 12:40:53,966 INFO  [org.apa.kaf.cli.con.int.ConsumerCoordinator] (ForkJoinPool.commonPool-worker-2) [Consumer clientId=consumer-Consumer-topic-c3e915af_db57_4db8_9b77_6af229a75919-12, groupId=Consumer-topic-c3e915af_db57_4db8_9b77_6af229a75919] Member consumer-Consumer-topic-c3e915af_db57_4db8_9b77_6af229a75919-12-68d226f9-7828-450c-b16a-651c5df6c0f4 sending LeaveGroup request to coordinator localhost:32769 (id: 2147483647 rack: null) due to the consumer is being closed
2025-08-20 12:40:53,966 INFO  [org.apa.kaf.cli.con.int.ConsumerCoordinator] (ForkJoinPool.commonPool-worker-2) [Consumer clientId=consumer-Consumer-topic-c3e915af_db57_4db8_9b77_6af229a75919-12, groupId=Consumer-topic-c3e915af_db57_4db8_9b77_6af229a75919] Resetting generation and member id due to: consumer pro-actively leaving the group
2025-08-20 12:40:53,966 INFO  [org.apa.kaf.cli.con.int.ConsumerCoordinator] (ForkJoinPool.commonPool-worker-2) [Consumer clientId=consumer-Consumer-topic-c3e915af_db57_4db8_9b77_6af229a75919-12, groupId=Consumer-topic-c3e915af_db57_4db8_9b77_6af229a75919] Request joining group due to: consumer pro-actively leaving the group
2025-08-20 12:40:54,459 INFO  [org.apa.kaf.com.met.Metrics] (ForkJoinPool.commonPool-worker-2) Metrics scheduler closed
2025-08-20 12:40:54,460 INFO  [org.apa.kaf.com.met.Metrics] (ForkJoinPool.commonPool-worker-2) Closing reporter org.apache.kafka.common.metrics.JmxReporter
2025-08-20 12:40:54,460 INFO  [org.apa.kaf.com.met.Metrics] (ForkJoinPool.commonPool-worker-2) Closing reporter org.apache.kafka.common.telemetry.internals.ClientTelemetryReporter
2025-08-20 12:40:54,460 INFO  [org.apa.kaf.com.met.Metrics] (ForkJoinPool.commonPool-worker-2) Metrics reporters closed
2025-08-20 12:40:54,461 INFO  [org.apa.kaf.com.uti.AppInfoParser] (ForkJoinPool.commonPool-worker-2) App info kafka.consumer for consumer-Consumer-topic-c3e915af_db57_4db8_9b77_6af229a75919-12 unregistered
2025-08-20 12:40:54,461 INFO  [org.apa.kaf.cli.pro.KafkaProducer] (main) [Producer clientId=Producer-topic-c3e915af_db57_4db8_9b77_6af229a75919] Closing the Kafka producer with timeoutMillis = 9223372036854775807 ms.
2025-08-20 12:40:54,461 INFO  [org.apa.kaf.com.met.Metrics] (main) Metrics scheduler closed
2025-08-20 12:40:54,461 INFO  [org.apa.kaf.com.met.Metrics] (main) Closing reporter org.apache.kafka.common.metrics.JmxReporter
2025-08-20 12:40:54,461 INFO  [org.apa.kaf.com.met.Metrics] (main) Closing reporter org.apache.kafka.common.telemetry.internals.ClientTelemetryReporter
2025-08-20 12:40:54,461 INFO  [org.apa.kaf.com.met.Metrics] (main) Metrics reporters closed
2025-08-20 12:40:54,461 INFO  [org.apa.kaf.com.uti.AppInfoParser] (main) App info kafka.producer for Producer-topic-c3e915af_db57_4db8_9b77_6af229a75919 unregistered
2025-08-20 12:40:54,461 INFO  [io.api.tes.uti.TestSeparator] (main) io.apicurio.tests.serdes.apicurio.AvroSerdeIT.testEvolveAvroApicurio-FINISHED
2025-08-20 12:40:54,461 INFO  [io.api.tes.uti.TestSeparator] (main) ############################################################################
Test passed: testEvolveAvroApicurio
]]></system-out>
  </testcase>
  <testcase name="testTopicRecordIdStrategydFindLatest" classname="io.apicurio.tests.serdes.apicurio.AvroSerdeIT" time="5.374">
    <system-out><![CDATA[2025-08-20 12:40:54,464 INFO  [io.api.tes.uti.TestSeparator] (main) ############################################################################
2025-08-20 12:40:54,464 INFO  [io.api.tes.uti.TestSeparator] (main) io.apicurio.tests.serdes.apicurio.AvroSerdeIT.testTopicRecordIdStrategydFindLatest-STARTED
2025-08-20 12:40:54,465 INFO  [io.api.tes.ser.api.AvroSerdeIT] (main) Registering Avro Schema: {"type":"record","name":"s002faeaaxf8f7x45eax80f0x03e26c1c53fc","namespace":"s7d849544xd47fx4c0fx8c60x417704b6f984","fields":[{"name":"key11755693654465","type":"string"}]}
**** Registry Base URL: http://registry-app-mysql.apps.ci419.apicurio-testing.org:80
2025-08-20 12:40:55,730 INFO  [org.apa.kaf.cli.pro.ProducerConfig] (main) ProducerConfig values: 
	acks = -1
	auto.include.jmx.reporter = true
	batch.size = 16384
	bootstrap.servers = [PLAINTEXT://localhost:32769]
	buffer.memory = 33554432
	client.dns.lookup = use_all_dns_ips
	client.id = Producer-topic-b1a61a8c_cf9f_4160_9acd_59c2a1880868
	compression.gzip.level = -1
	compression.lz4.level = 9
	compression.type = none
	compression.zstd.level = 3
	connections.max.idle.ms = 10000
	delivery.timeout.ms = 120000
	enable.idempotence = true
	enable.metrics.push = true
	interceptor.classes = []
	key.serializer = class org.apache.kafka.common.serialization.StringSerializer
	linger.ms = 0
	max.block.ms = 60000
	max.in.flight.requests.per.connection = 5
	max.request.size = 1048576
	metadata.max.age.ms = 300000
	metadata.max.idle.ms = 300000
	metadata.recovery.strategy = none
	metric.reporters = []
	metrics.num.samples = 2
	metrics.recording.level = INFO
	metrics.sample.window.ms = 30000
	partitioner.adaptive.partitioning.enable = true
	partitioner.availability.timeout.ms = 0
	partitioner.class = null
	partitioner.ignore.keys = false
	receive.buffer.bytes = 32768
	reconnect.backoff.max.ms = 1000
	reconnect.backoff.ms = 50
	request.timeout.ms = 5000
	retries = 2147483647
	retry.backoff.max.ms = 1000
	retry.backoff.ms = 100
	sasl.client.callback.handler.class = null
	sasl.jaas.config = null
	sasl.kerberos.kinit.cmd = /usr/bin/kinit
	sasl.kerberos.min.time.before.relogin = 60000
	sasl.kerberos.service.name = null
	sasl.kerberos.ticket.renew.jitter = 0.05
	sasl.kerberos.ticket.renew.window.factor = 0.8
	sasl.login.callback.handler.class = null
	sasl.login.class = null
	sasl.login.connect.timeout.ms = null
	sasl.login.read.timeout.ms = null
	sasl.login.refresh.buffer.seconds = 300
	sasl.login.refresh.min.period.seconds = 60
	sasl.login.refresh.window.factor = 0.8
	sasl.login.refresh.window.jitter = 0.05
	sasl.login.retry.backoff.max.ms = 10000
	sasl.login.retry.backoff.ms = 100
	sasl.mechanism = GSSAPI
	sasl.oauthbearer.clock.skew.seconds = 30
	sasl.oauthbearer.expected.audience = null
	sasl.oauthbearer.expected.issuer = null
	sasl.oauthbearer.header.urlencode = false
	sasl.oauthbearer.jwks.endpoint.refresh.ms = 3600000
	sasl.oauthbearer.jwks.endpoint.retry.backoff.max.ms = 10000
	sasl.oauthbearer.jwks.endpoint.retry.backoff.ms = 100
	sasl.oauthbearer.jwks.endpoint.url = null
	sasl.oauthbearer.scope.claim.name = scope
	sasl.oauthbearer.sub.claim.name = sub
	sasl.oauthbearer.token.endpoint.url = null
	security.protocol = PLAINTEXT
	security.providers = null
	send.buffer.bytes = 131072
	socket.connection.setup.timeout.max.ms = 30000
	socket.connection.setup.timeout.ms = 10000
	ssl.cipher.suites = null
	ssl.enabled.protocols = [TLSv1.2, TLSv1.3]
	ssl.endpoint.identification.algorithm = https
	ssl.engine.factory.class = null
	ssl.key.password = null
	ssl.keymanager.algorithm = SunX509
	ssl.keystore.certificate.chain = null
	ssl.keystore.key = null
	ssl.keystore.location = null
	ssl.keystore.password = null
	ssl.keystore.type = JKS
	ssl.protocol = TLSv1.3
	ssl.provider = null
	ssl.secure.random.implementation = null
	ssl.trustmanager.algorithm = PKIX
	ssl.truststore.certificates = null
	ssl.truststore.location = null
	ssl.truststore.password = null
	ssl.truststore.type = JKS
	transaction.timeout.ms = 60000
	transactional.id = null
	value.serializer = class io.apicurio.registry.serde.avro.AvroKafkaSerializer

2025-08-20 12:40:55,730 INFO  [org.apa.kaf.com.tel.int.KafkaMetricsCollector] (main) initializing Kafka metrics collector
2025-08-20 12:40:55,732 INFO  [org.apa.kaf.cli.pro.KafkaProducer] (main) [Producer clientId=Producer-topic-b1a61a8c_cf9f_4160_9acd_59c2a1880868] Instantiated an idempotent producer.
2025-08-20 12:40:55,734 INFO  [org.apa.kaf.cli.pro.ProducerConfig] (main) These configurations '[apicurio.registry.find-latest, apicurio.registry.url, apicurio.registry.artifact-resolver-strategy]' were supplied but are not used yet.
2025-08-20 12:40:55,734 INFO  [org.apa.kaf.com.uti.AppInfoParser] (main) Kafka version: 3.9.1
2025-08-20 12:40:55,734 INFO  [org.apa.kaf.com.uti.AppInfoParser] (main) Kafka commitId: f745dfdcee2b9851
2025-08-20 12:40:55,734 INFO  [org.apa.kaf.com.uti.AppInfoParser] (main) Kafka startTimeMs: 1755693655734
2025-08-20 12:40:55,734 INFO  [io.api.tes.ser.api.SimpleSerdesTesterBuilder$SimpleSerdesTester] (main) Using producer configuration: {apicurio.registry.find-latest=true, apicurio.registry.url=http://registry-app-mysql.apps.ci419.apicurio-testing.org:80/apis/registry/v3, apicurio.registry.artifact-resolver-strategy=io.apicurio.registry.serde.avro.strategy.TopicRecordIdStrategy, value.serializer=io.apicurio.registry.serde.avro.AvroKafkaSerializer, request.timeout.ms=5000, acks=all, bootstrap.servers=PLAINTEXT://localhost:32769, connections.max.idle.ms=10000, key.serializer=org.apache.kafka.common.serialization.StringSerializer, client.id=Producer-topic-b1a61a8c_cf9f_4160_9acd_59c2a1880868}
2025-08-20 12:40:55,734 INFO  [io.api.tes.ser.api.SimpleSerdesTesterBuilder$SimpleSerdesTester] (main) Using consumer configuration: {}
2025-08-20 12:40:55,734 INFO  [io.api.tes.ser.api.KafkaSerdesTester] (ForkJoinPool.commonPool-worker-2) Sending message {"key11755693654465": "value-0"} to topic topic-b1a61a8c_cf9f_4160_9acd_59c2a1880868
2025-08-20 12:40:55,737 INFO  [org.apa.kaf.cli.Metadata] (kafka-producer-network-thread | Producer-topic-b1a61a8c_cf9f_4160_9acd_59c2a1880868) [Producer clientId=Producer-topic-b1a61a8c_cf9f_4160_9acd_59c2a1880868] Cluster ID: w67HKo3KT1qYVnubU-PiPQ
2025-08-20 12:40:55,738 INFO  [org.apa.kaf.cli.pro.int.TransactionManager] (kafka-producer-network-thread | Producer-topic-b1a61a8c_cf9f_4160_9acd_59c2a1880868) [Producer clientId=Producer-topic-b1a61a8c_cf9f_4160_9acd_59c2a1880868] ProducerId set to 18 with epoch 0
2025-08-20 12:40:56,059 INFO  [io.api.tes.ser.api.KafkaSerdesTester] (ForkJoinPool.commonPool-worker-2) Sending message {"key11755693654465": "value-1"} to topic topic-b1a61a8c_cf9f_4160_9acd_59c2a1880868
2025-08-20 12:40:56,060 INFO  [io.api.tes.ser.api.KafkaSerdesTester] (ForkJoinPool.commonPool-worker-2) Sending message {"key11755693654465": "value-2"} to topic topic-b1a61a8c_cf9f_4160_9acd_59c2a1880868
2025-08-20 12:40:56,061 INFO  [io.api.tes.ser.api.KafkaSerdesTester] (ForkJoinPool.commonPool-worker-2) Sending message {"key11755693654465": "value-3"} to topic topic-b1a61a8c_cf9f_4160_9acd_59c2a1880868
2025-08-20 12:40:56,062 INFO  [io.api.tes.ser.api.KafkaSerdesTester] (ForkJoinPool.commonPool-worker-2) Sending message {"key11755693654465": "value-4"} to topic topic-b1a61a8c_cf9f_4160_9acd_59c2a1880868
2025-08-20 12:40:56,063 INFO  [io.api.tes.ser.api.KafkaSerdesTester] (ForkJoinPool.commonPool-worker-2) Sending message {"key11755693654465": "value-5"} to topic topic-b1a61a8c_cf9f_4160_9acd_59c2a1880868
2025-08-20 12:40:56,064 INFO  [io.api.tes.ser.api.KafkaSerdesTester] (ForkJoinPool.commonPool-worker-2) Sending message {"key11755693654465": "value-6"} to topic topic-b1a61a8c_cf9f_4160_9acd_59c2a1880868
2025-08-20 12:40:56,065 INFO  [io.api.tes.ser.api.KafkaSerdesTester] (ForkJoinPool.commonPool-worker-2) Sending message {"key11755693654465": "value-7"} to topic topic-b1a61a8c_cf9f_4160_9acd_59c2a1880868
2025-08-20 12:40:56,067 INFO  [io.api.tes.ser.api.KafkaSerdesTester] (ForkJoinPool.commonPool-worker-2) Sending message {"key11755693654465": "value-8"} to topic topic-b1a61a8c_cf9f_4160_9acd_59c2a1880868
2025-08-20 12:40:56,068 INFO  [io.api.tes.ser.api.KafkaSerdesTester] (ForkJoinPool.commonPool-worker-2) Sending message {"key11755693654465": "value-9"} to topic topic-b1a61a8c_cf9f_4160_9acd_59c2a1880868
2025-08-20 12:40:56,069 INFO  [io.api.tes.ser.api.KafkaSerdesTester] (ForkJoinPool.commonPool-worker-2) Produced 10 messages
2025-08-20 12:40:56,069 INFO  [org.apa.kaf.cli.pro.KafkaProducer] (ForkJoinPool.commonPool-worker-2) [Producer clientId=Producer-topic-b1a61a8c_cf9f_4160_9acd_59c2a1880868] Closing the Kafka producer with timeoutMillis = 9223372036854775807 ms.
2025-08-20 12:40:56,070 INFO  [org.apa.kaf.com.met.Metrics] (ForkJoinPool.commonPool-worker-2) Metrics scheduler closed
2025-08-20 12:40:56,070 INFO  [org.apa.kaf.com.met.Metrics] (ForkJoinPool.commonPool-worker-2) Closing reporter org.apache.kafka.common.metrics.JmxReporter
2025-08-20 12:40:56,070 INFO  [org.apa.kaf.com.met.Metrics] (ForkJoinPool.commonPool-worker-2) Closing reporter org.apache.kafka.common.telemetry.internals.ClientTelemetryReporter
2025-08-20 12:40:56,070 INFO  [org.apa.kaf.com.met.Metrics] (ForkJoinPool.commonPool-worker-2) Metrics reporters closed
2025-08-20 12:40:56,070 INFO  [org.apa.kaf.com.uti.AppInfoParser] (ForkJoinPool.commonPool-worker-2) App info kafka.producer for Producer-topic-b1a61a8c_cf9f_4160_9acd_59c2a1880868 unregistered
**** Registry Base URL: http://registry-app-mysql.apps.ci419.apicurio-testing.org:80
2025-08-20 12:40:56,071 INFO  [org.apa.kaf.cli.con.ConsumerConfig] (main) ConsumerConfig values: 
	allow.auto.create.topics = true
	auto.commit.interval.ms = 500
	auto.include.jmx.reporter = true
	auto.offset.reset = earliest
	bootstrap.servers = [PLAINTEXT://localhost:32769]
	check.crcs = true
	client.dns.lookup = use_all_dns_ips
	client.id = consumer-Consumer-topic-b1a61a8c_cf9f_4160_9acd_59c2a1880868-13
	client.rack = 
	connections.max.idle.ms = 10000
	default.api.timeout.ms = 60000
	enable.auto.commit = true
	enable.metrics.push = true
	exclude.internal.topics = true
	fetch.max.bytes = 52428800
	fetch.max.wait.ms = 500
	fetch.min.bytes = 1
	group.id = Consumer-topic-b1a61a8c_cf9f_4160_9acd_59c2a1880868
	group.instance.id = null
	group.protocol = classic
	group.remote.assignor = null
	heartbeat.interval.ms = 3000
	interceptor.classes = []
	internal.leave.group.on.close = true
	internal.throw.on.fetch.stable.offset.unsupported = false
	isolation.level = read_uncommitted
	key.deserializer = class org.apache.kafka.common.serialization.StringDeserializer
	max.partition.fetch.bytes = 1048576
	max.poll.interval.ms = 300000
	max.poll.records = 500
	metadata.max.age.ms = 300000
	metadata.recovery.strategy = none
	metric.reporters = []
	metrics.num.samples = 2
	metrics.recording.level = INFO
	metrics.sample.window.ms = 30000
	partition.assignment.strategy = [class org.apache.kafka.clients.consumer.RangeAssignor, class org.apache.kafka.clients.consumer.CooperativeStickyAssignor]
	receive.buffer.bytes = 65536
	reconnect.backoff.max.ms = 1000
	reconnect.backoff.ms = 50
	request.timeout.ms = 5000
	retry.backoff.max.ms = 1000
	retry.backoff.ms = 100
	sasl.client.callback.handler.class = null
	sasl.jaas.config = null
	sasl.kerberos.kinit.cmd = /usr/bin/kinit
	sasl.kerberos.min.time.before.relogin = 60000
	sasl.kerberos.service.name = null
	sasl.kerberos.ticket.renew.jitter = 0.05
	sasl.kerberos.ticket.renew.window.factor = 0.8
	sasl.login.callback.handler.class = null
	sasl.login.class = null
	sasl.login.connect.timeout.ms = null
	sasl.login.read.timeout.ms = null
	sasl.login.refresh.buffer.seconds = 300
	sasl.login.refresh.min.period.seconds = 60
	sasl.login.refresh.window.factor = 0.8
	sasl.login.refresh.window.jitter = 0.05
	sasl.login.retry.backoff.max.ms = 10000
	sasl.login.retry.backoff.ms = 100
	sasl.mechanism = GSSAPI
	sasl.oauthbearer.clock.skew.seconds = 30
	sasl.oauthbearer.expected.audience = null
	sasl.oauthbearer.expected.issuer = null
	sasl.oauthbearer.header.urlencode = false
	sasl.oauthbearer.jwks.endpoint.refresh.ms = 3600000
	sasl.oauthbearer.jwks.endpoint.retry.backoff.max.ms = 10000
	sasl.oauthbearer.jwks.endpoint.retry.backoff.ms = 100
	sasl.oauthbearer.jwks.endpoint.url = null
	sasl.oauthbearer.scope.claim.name = scope
	sasl.oauthbearer.sub.claim.name = sub
	sasl.oauthbearer.token.endpoint.url = null
	security.protocol = PLAINTEXT
	security.providers = null
	send.buffer.bytes = 131072
	session.timeout.ms = 45000
	socket.connection.setup.timeout.max.ms = 30000
	socket.connection.setup.timeout.ms = 10000
	ssl.cipher.suites = null
	ssl.enabled.protocols = [TLSv1.2, TLSv1.3]
	ssl.endpoint.identification.algorithm = https
	ssl.engine.factory.class = null
	ssl.key.password = null
	ssl.keymanager.algorithm = SunX509
	ssl.keystore.certificate.chain = null
	ssl.keystore.key = null
	ssl.keystore.location = null
	ssl.keystore.password = null
	ssl.keystore.type = JKS
	ssl.protocol = TLSv1.3
	ssl.provider = null
	ssl.secure.random.implementation = null
	ssl.trustmanager.algorithm = PKIX
	ssl.truststore.certificates = null
	ssl.truststore.location = null
	ssl.truststore.password = null
	ssl.truststore.type = JKS
	value.deserializer = class io.apicurio.registry.serde.avro.AvroKafkaDeserializer

2025-08-20 12:40:56,071 INFO  [org.apa.kaf.com.tel.int.KafkaMetricsCollector] (main) initializing Kafka metrics collector
2025-08-20 12:40:56,076 INFO  [org.apa.kaf.cli.con.ConsumerConfig] (main) These configurations '[apicurio.registry.url]' were supplied but are not used yet.
2025-08-20 12:40:56,076 INFO  [org.apa.kaf.com.uti.AppInfoParser] (main) Kafka version: 3.9.1
2025-08-20 12:40:56,076 INFO  [org.apa.kaf.com.uti.AppInfoParser] (main) Kafka commitId: f745dfdcee2b9851
2025-08-20 12:40:56,076 INFO  [org.apa.kaf.com.uti.AppInfoParser] (main) Kafka startTimeMs: 1755693656076
2025-08-20 12:40:56,076 INFO  [org.apa.kaf.cli.con.int.ClassicKafkaConsumer] (ForkJoinPool.commonPool-worker-2) [Consumer clientId=consumer-Consumer-topic-b1a61a8c_cf9f_4160_9acd_59c2a1880868-13, groupId=Consumer-topic-b1a61a8c_cf9f_4160_9acd_59c2a1880868] Subscribed to topic(s): topic-b1a61a8c_cf9f_4160_9acd_59c2a1880868
2025-08-20 12:40:56,079 INFO  [org.apa.kaf.cli.Metadata] (ForkJoinPool.commonPool-worker-2) [Consumer clientId=consumer-Consumer-topic-b1a61a8c_cf9f_4160_9acd_59c2a1880868-13, groupId=Consumer-topic-b1a61a8c_cf9f_4160_9acd_59c2a1880868] Cluster ID: w67HKo3KT1qYVnubU-PiPQ
2025-08-20 12:40:56,079 INFO  [org.apa.kaf.cli.con.int.ConsumerCoordinator] (ForkJoinPool.commonPool-worker-2) [Consumer clientId=consumer-Consumer-topic-b1a61a8c_cf9f_4160_9acd_59c2a1880868-13, groupId=Consumer-topic-b1a61a8c_cf9f_4160_9acd_59c2a1880868] Discovered group coordinator localhost:32769 (id: 2147483647 rack: null)
2025-08-20 12:40:56,080 INFO  [org.apa.kaf.cli.con.int.ConsumerCoordinator] (ForkJoinPool.commonPool-worker-2) [Consumer clientId=consumer-Consumer-topic-b1a61a8c_cf9f_4160_9acd_59c2a1880868-13, groupId=Consumer-topic-b1a61a8c_cf9f_4160_9acd_59c2a1880868] (Re-)joining group
2025-08-20 12:40:56,082 INFO  [org.apa.kaf.cli.con.int.ConsumerCoordinator] (ForkJoinPool.commonPool-worker-2) [Consumer clientId=consumer-Consumer-topic-b1a61a8c_cf9f_4160_9acd_59c2a1880868-13, groupId=Consumer-topic-b1a61a8c_cf9f_4160_9acd_59c2a1880868] Request joining group due to: need to re-join with the given member-id: consumer-Consumer-topic-b1a61a8c_cf9f_4160_9acd_59c2a1880868-13-763d294f-c3b6-4832-9ecf-54388658c136
2025-08-20 12:40:56,082 INFO  [org.apa.kaf.cli.con.int.ConsumerCoordinator] (ForkJoinPool.commonPool-worker-2) [Consumer clientId=consumer-Consumer-topic-b1a61a8c_cf9f_4160_9acd_59c2a1880868-13, groupId=Consumer-topic-b1a61a8c_cf9f_4160_9acd_59c2a1880868] (Re-)joining group
2025-08-20 12:40:57,076 INFO  [io.api.tes.ser.api.KafkaSerdesTester] (ForkJoinPool.commonPool-worker-2) None found
2025-08-20 12:40:58,076 INFO  [io.api.tes.ser.api.KafkaSerdesTester] (ForkJoinPool.commonPool-worker-2) None found
2025-08-20 12:40:59,076 INFO  [io.api.tes.ser.api.KafkaSerdesTester] (ForkJoinPool.commonPool-worker-2) None found
2025-08-20 12:40:59,084 INFO  [org.apa.kaf.cli.con.int.ConsumerCoordinator] (ForkJoinPool.commonPool-worker-2) [Consumer clientId=consumer-Consumer-topic-b1a61a8c_cf9f_4160_9acd_59c2a1880868-13, groupId=Consumer-topic-b1a61a8c_cf9f_4160_9acd_59c2a1880868] Successfully joined group with generation Generation{generationId=1, memberId='consumer-Consumer-topic-b1a61a8c_cf9f_4160_9acd_59c2a1880868-13-763d294f-c3b6-4832-9ecf-54388658c136', protocol='range'}
2025-08-20 12:40:59,084 INFO  [org.apa.kaf.cli.con.int.ConsumerCoordinator] (ForkJoinPool.commonPool-worker-2) [Consumer clientId=consumer-Consumer-topic-b1a61a8c_cf9f_4160_9acd_59c2a1880868-13, groupId=Consumer-topic-b1a61a8c_cf9f_4160_9acd_59c2a1880868] Finished assignment for group at generation 1: {consumer-Consumer-topic-b1a61a8c_cf9f_4160_9acd_59c2a1880868-13-763d294f-c3b6-4832-9ecf-54388658c136=Assignment(partitions=[topic-b1a61a8c_cf9f_4160_9acd_59c2a1880868-0])}
2025-08-20 12:40:59,091 INFO  [org.apa.kaf.cli.con.int.ConsumerCoordinator] (ForkJoinPool.commonPool-worker-2) [Consumer clientId=consumer-Consumer-topic-b1a61a8c_cf9f_4160_9acd_59c2a1880868-13, groupId=Consumer-topic-b1a61a8c_cf9f_4160_9acd_59c2a1880868] Successfully synced group in generation Generation{generationId=1, memberId='consumer-Consumer-topic-b1a61a8c_cf9f_4160_9acd_59c2a1880868-13-763d294f-c3b6-4832-9ecf-54388658c136', protocol='range'}
2025-08-20 12:40:59,091 INFO  [org.apa.kaf.cli.con.int.ConsumerCoordinator] (ForkJoinPool.commonPool-worker-2) [Consumer clientId=consumer-Consumer-topic-b1a61a8c_cf9f_4160_9acd_59c2a1880868-13, groupId=Consumer-topic-b1a61a8c_cf9f_4160_9acd_59c2a1880868] Notifying assignor about the new Assignment(partitions=[topic-b1a61a8c_cf9f_4160_9acd_59c2a1880868-0])
2025-08-20 12:40:59,091 INFO  [org.apa.kaf.cli.con.int.ConsumerRebalanceListenerInvoker] (ForkJoinPool.commonPool-worker-2) [Consumer clientId=consumer-Consumer-topic-b1a61a8c_cf9f_4160_9acd_59c2a1880868-13, groupId=Consumer-topic-b1a61a8c_cf9f_4160_9acd_59c2a1880868] Adding newly assigned partitions: topic-b1a61a8c_cf9f_4160_9acd_59c2a1880868-0
2025-08-20 12:40:59,092 INFO  [org.apa.kaf.cli.con.int.ConsumerCoordinator] (ForkJoinPool.commonPool-worker-2) [Consumer clientId=consumer-Consumer-topic-b1a61a8c_cf9f_4160_9acd_59c2a1880868-13, groupId=Consumer-topic-b1a61a8c_cf9f_4160_9acd_59c2a1880868] Found no committed offset for partition topic-b1a61a8c_cf9f_4160_9acd_59c2a1880868-0
2025-08-20 12:40:59,094 INFO  [org.apa.kaf.cli.con.int.SubscriptionState] (ForkJoinPool.commonPool-worker-2) [Consumer clientId=consumer-Consumer-topic-b1a61a8c_cf9f_4160_9acd_59c2a1880868-13, groupId=Consumer-topic-b1a61a8c_cf9f_4160_9acd_59c2a1880868] Resetting offset for partition topic-b1a61a8c_cf9f_4160_9acd_59c2a1880868-0 to position FetchPosition{offset=0, offsetEpoch=Optional.empty, currentLeader=LeaderAndEpoch{leader=Optional[localhost:32769 (id: 0 rack: null)], epoch=0}}.
2025-08-20 12:40:59,332 INFO  [io.api.tes.ser.api.KafkaSerdesTester] (ForkJoinPool.commonPool-worker-2) topic-b1a61a8c_cf9f_4160_9acd_59c2a1880868 0 0 {"key11755693654465": "value-0"}
2025-08-20 12:40:59,333 INFO  [io.api.tes.ser.api.KafkaSerdesTester] (ForkJoinPool.commonPool-worker-2) topic-b1a61a8c_cf9f_4160_9acd_59c2a1880868 0 1 {"key11755693654465": "value-1"}
2025-08-20 12:40:59,333 INFO  [io.api.tes.ser.api.KafkaSerdesTester] (ForkJoinPool.commonPool-worker-2) topic-b1a61a8c_cf9f_4160_9acd_59c2a1880868 0 2 {"key11755693654465": "value-2"}
2025-08-20 12:40:59,333 INFO  [io.api.tes.ser.api.KafkaSerdesTester] (ForkJoinPool.commonPool-worker-2) topic-b1a61a8c_cf9f_4160_9acd_59c2a1880868 0 3 {"key11755693654465": "value-3"}
2025-08-20 12:40:59,333 INFO  [io.api.tes.ser.api.KafkaSerdesTester] (ForkJoinPool.commonPool-worker-2) topic-b1a61a8c_cf9f_4160_9acd_59c2a1880868 0 4 {"key11755693654465": "value-4"}
2025-08-20 12:40:59,333 INFO  [io.api.tes.ser.api.KafkaSerdesTester] (ForkJoinPool.commonPool-worker-2) topic-b1a61a8c_cf9f_4160_9acd_59c2a1880868 0 5 {"key11755693654465": "value-5"}
2025-08-20 12:40:59,333 INFO  [io.api.tes.ser.api.KafkaSerdesTester] (ForkJoinPool.commonPool-worker-2) topic-b1a61a8c_cf9f_4160_9acd_59c2a1880868 0 6 {"key11755693654465": "value-6"}
2025-08-20 12:40:59,333 INFO  [io.api.tes.ser.api.KafkaSerdesTester] (ForkJoinPool.commonPool-worker-2) topic-b1a61a8c_cf9f_4160_9acd_59c2a1880868 0 7 {"key11755693654465": "value-7"}
2025-08-20 12:40:59,333 INFO  [io.api.tes.ser.api.KafkaSerdesTester] (ForkJoinPool.commonPool-worker-2) topic-b1a61a8c_cf9f_4160_9acd_59c2a1880868 0 8 {"key11755693654465": "value-8"}
2025-08-20 12:40:59,333 INFO  [io.api.tes.ser.api.KafkaSerdesTester] (ForkJoinPool.commonPool-worker-2) topic-b1a61a8c_cf9f_4160_9acd_59c2a1880868 0 9 {"key11755693654465": "value-9"}
2025-08-20 12:40:59,333 INFO  [io.api.tes.ser.api.KafkaSerdesTester] (ForkJoinPool.commonPool-worker-2) Consumed 10 messages
2025-08-20 12:40:59,339 INFO  [org.apa.kaf.cli.con.int.ConsumerRebalanceListenerInvoker] (ForkJoinPool.commonPool-worker-2) [Consumer clientId=consumer-Consumer-topic-b1a61a8c_cf9f_4160_9acd_59c2a1880868-13, groupId=Consumer-topic-b1a61a8c_cf9f_4160_9acd_59c2a1880868] Revoke previously assigned partitions topic-b1a61a8c_cf9f_4160_9acd_59c2a1880868-0
2025-08-20 12:40:59,339 INFO  [org.apa.kaf.cli.con.int.ConsumerCoordinator] (ForkJoinPool.commonPool-worker-2) [Consumer clientId=consumer-Consumer-topic-b1a61a8c_cf9f_4160_9acd_59c2a1880868-13, groupId=Consumer-topic-b1a61a8c_cf9f_4160_9acd_59c2a1880868] Member consumer-Consumer-topic-b1a61a8c_cf9f_4160_9acd_59c2a1880868-13-763d294f-c3b6-4832-9ecf-54388658c136 sending LeaveGroup request to coordinator localhost:32769 (id: 2147483647 rack: null) due to the consumer is being closed
2025-08-20 12:40:59,340 INFO  [org.apa.kaf.cli.con.int.ConsumerCoordinator] (ForkJoinPool.commonPool-worker-2) [Consumer clientId=consumer-Consumer-topic-b1a61a8c_cf9f_4160_9acd_59c2a1880868-13, groupId=Consumer-topic-b1a61a8c_cf9f_4160_9acd_59c2a1880868] Resetting generation and member id due to: consumer pro-actively leaving the group
2025-08-20 12:40:59,340 INFO  [org.apa.kaf.cli.con.int.ConsumerCoordinator] (ForkJoinPool.commonPool-worker-2) [Consumer clientId=consumer-Consumer-topic-b1a61a8c_cf9f_4160_9acd_59c2a1880868-13, groupId=Consumer-topic-b1a61a8c_cf9f_4160_9acd_59c2a1880868] Request joining group due to: consumer pro-actively leaving the group
2025-08-20 12:40:59,834 INFO  [org.apa.kaf.com.met.Metrics] (ForkJoinPool.commonPool-worker-2) Metrics scheduler closed
2025-08-20 12:40:59,834 INFO  [org.apa.kaf.com.met.Metrics] (ForkJoinPool.commonPool-worker-2) Closing reporter org.apache.kafka.common.metrics.JmxReporter
2025-08-20 12:40:59,834 INFO  [org.apa.kaf.com.met.Metrics] (ForkJoinPool.commonPool-worker-2) Closing reporter org.apache.kafka.common.telemetry.internals.ClientTelemetryReporter
2025-08-20 12:40:59,835 INFO  [org.apa.kaf.com.met.Metrics] (ForkJoinPool.commonPool-worker-2) Metrics reporters closed
2025-08-20 12:40:59,836 INFO  [org.apa.kaf.com.uti.AppInfoParser] (ForkJoinPool.commonPool-worker-2) App info kafka.consumer for consumer-Consumer-topic-b1a61a8c_cf9f_4160_9acd_59c2a1880868-13 unregistered
2025-08-20 12:40:59,836 INFO  [io.api.tes.uti.TestSeparator] (main) io.apicurio.tests.serdes.apicurio.AvroSerdeIT.testTopicRecordIdStrategydFindLatest-FINISHED
2025-08-20 12:40:59,836 INFO  [io.api.tes.uti.TestSeparator] (main) ############################################################################
Test passed: testTopicRecordIdStrategydFindLatest
]]></system-out>
  </testcase>
  <testcase name="testAvroConfluentForMultipleTopics" classname="io.apicurio.tests.serdes.apicurio.AvroSerdeIT" time="13.002">
    <system-out><![CDATA[2025-08-20 12:40:59,837 INFO  [io.api.tes.uti.TestSeparator] (main) ############################################################################
2025-08-20 12:40:59,837 INFO  [io.api.tes.uti.TestSeparator] (main) io.apicurio.tests.serdes.apicurio.AvroSerdeIT.testAvroConfluentForMultipleTopics-STARTED
2025-08-20 12:40:59,838 INFO  [io.api.tes.ser.api.AvroSerdeIT] (main) Registering Avro Schema: {"type":"record","name":"myrecordconfluent","fields":[{"name":"key11755693659838","type":"string"}]}
**** Registry Base URL: http://registry-app-mysql.apps.ci419.apicurio-testing.org:80
2025-08-20 12:41:01,027 INFO  [org.apa.kaf.cli.pro.ProducerConfig] (main) ProducerConfig values: 
	acks = -1
	auto.include.jmx.reporter = true
	batch.size = 16384
	bootstrap.servers = [PLAINTEXT://localhost:32769]
	buffer.memory = 33554432
	client.dns.lookup = use_all_dns_ips
	client.id = Producer-topic-48f63501_893a_4113_b172_33f265e41ba8
	compression.gzip.level = -1
	compression.lz4.level = 9
	compression.type = none
	compression.zstd.level = 3
	connections.max.idle.ms = 10000
	delivery.timeout.ms = 120000
	enable.idempotence = true
	enable.metrics.push = true
	interceptor.classes = []
	key.serializer = class org.apache.kafka.common.serialization.StringSerializer
	linger.ms = 0
	max.block.ms = 60000
	max.in.flight.requests.per.connection = 5
	max.request.size = 1048576
	metadata.max.age.ms = 300000
	metadata.max.idle.ms = 300000
	metadata.recovery.strategy = none
	metric.reporters = []
	metrics.num.samples = 2
	metrics.recording.level = INFO
	metrics.sample.window.ms = 30000
	partitioner.adaptive.partitioning.enable = true
	partitioner.availability.timeout.ms = 0
	partitioner.class = null
	partitioner.ignore.keys = false
	receive.buffer.bytes = 32768
	reconnect.backoff.max.ms = 1000
	reconnect.backoff.ms = 50
	request.timeout.ms = 5000
	retries = 2147483647
	retry.backoff.max.ms = 1000
	retry.backoff.ms = 100
	sasl.client.callback.handler.class = null
	sasl.jaas.config = null
	sasl.kerberos.kinit.cmd = /usr/bin/kinit
	sasl.kerberos.min.time.before.relogin = 60000
	sasl.kerberos.service.name = null
	sasl.kerberos.ticket.renew.jitter = 0.05
	sasl.kerberos.ticket.renew.window.factor = 0.8
	sasl.login.callback.handler.class = null
	sasl.login.class = null
	sasl.login.connect.timeout.ms = null
	sasl.login.read.timeout.ms = null
	sasl.login.refresh.buffer.seconds = 300
	sasl.login.refresh.min.period.seconds = 60
	sasl.login.refresh.window.factor = 0.8
	sasl.login.refresh.window.jitter = 0.05
	sasl.login.retry.backoff.max.ms = 10000
	sasl.login.retry.backoff.ms = 100
	sasl.mechanism = GSSAPI
	sasl.oauthbearer.clock.skew.seconds = 30
	sasl.oauthbearer.expected.audience = null
	sasl.oauthbearer.expected.issuer = null
	sasl.oauthbearer.header.urlencode = false
	sasl.oauthbearer.jwks.endpoint.refresh.ms = 3600000
	sasl.oauthbearer.jwks.endpoint.retry.backoff.max.ms = 10000
	sasl.oauthbearer.jwks.endpoint.retry.backoff.ms = 100
	sasl.oauthbearer.jwks.endpoint.url = null
	sasl.oauthbearer.scope.claim.name = scope
	sasl.oauthbearer.sub.claim.name = sub
	sasl.oauthbearer.token.endpoint.url = null
	security.protocol = PLAINTEXT
	security.providers = null
	send.buffer.bytes = 131072
	socket.connection.setup.timeout.max.ms = 30000
	socket.connection.setup.timeout.ms = 10000
	ssl.cipher.suites = null
	ssl.enabled.protocols = [TLSv1.2, TLSv1.3]
	ssl.endpoint.identification.algorithm = https
	ssl.engine.factory.class = null
	ssl.key.password = null
	ssl.keymanager.algorithm = SunX509
	ssl.keystore.certificate.chain = null
	ssl.keystore.key = null
	ssl.keystore.location = null
	ssl.keystore.password = null
	ssl.keystore.type = JKS
	ssl.protocol = TLSv1.3
	ssl.provider = null
	ssl.secure.random.implementation = null
	ssl.trustmanager.algorithm = PKIX
	ssl.truststore.certificates = null
	ssl.truststore.location = null
	ssl.truststore.password = null
	ssl.truststore.type = JKS
	transaction.timeout.ms = 60000
	transactional.id = null
	value.serializer = class io.apicurio.registry.serde.avro.AvroKafkaSerializer

2025-08-20 12:41:01,027 INFO  [org.apa.kaf.com.tel.int.KafkaMetricsCollector] (main) initializing Kafka metrics collector
2025-08-20 12:41:01,030 INFO  [org.apa.kaf.cli.pro.KafkaProducer] (main) [Producer clientId=Producer-topic-48f63501_893a_4113_b172_33f265e41ba8] Instantiated an idempotent producer.
2025-08-20 12:41:01,031 INFO  [org.apa.kaf.cli.pro.ProducerConfig] (main) These configurations '[apicurio.registry.url, apicurio.registry.artifact-resolver-strategy]' were supplied but are not used yet.
2025-08-20 12:41:01,031 INFO  [org.apa.kaf.com.uti.AppInfoParser] (main) Kafka version: 3.9.1
2025-08-20 12:41:01,031 INFO  [org.apa.kaf.com.uti.AppInfoParser] (main) Kafka commitId: f745dfdcee2b9851
2025-08-20 12:41:01,031 INFO  [org.apa.kaf.com.uti.AppInfoParser] (main) Kafka startTimeMs: 1755693661031
**** Registry Base URL: http://registry-app-mysql.apps.ci419.apicurio-testing.org:80
2025-08-20 12:41:01,032 INFO  [org.apa.kaf.cli.pro.ProducerConfig] (main) ProducerConfig values: 
	acks = -1
	auto.include.jmx.reporter = true
	batch.size = 16384
	bootstrap.servers = [PLAINTEXT://localhost:32769]
	buffer.memory = 33554432
	client.dns.lookup = use_all_dns_ips
	client.id = Producer-topic-c2b47cc9_e6c8_4d33_ac14_2030535f1ca4
	compression.gzip.level = -1
	compression.lz4.level = 9
	compression.type = none
	compression.zstd.level = 3
	connections.max.idle.ms = 10000
	delivery.timeout.ms = 120000
	enable.idempotence = true
	enable.metrics.push = true
	interceptor.classes = []
	key.serializer = class org.apache.kafka.common.serialization.StringSerializer
	linger.ms = 0
	max.block.ms = 60000
	max.in.flight.requests.per.connection = 5
	max.request.size = 1048576
	metadata.max.age.ms = 300000
	metadata.max.idle.ms = 300000
	metadata.recovery.strategy = none
	metric.reporters = []
	metrics.num.samples = 2
	metrics.recording.level = INFO
	metrics.sample.window.ms = 30000
	partitioner.adaptive.partitioning.enable = true
	partitioner.availability.timeout.ms = 0
	partitioner.class = null
	partitioner.ignore.keys = false
	receive.buffer.bytes = 32768
	reconnect.backoff.max.ms = 1000
	reconnect.backoff.ms = 50
	request.timeout.ms = 5000
	retries = 2147483647
	retry.backoff.max.ms = 1000
	retry.backoff.ms = 100
	sasl.client.callback.handler.class = null
	sasl.jaas.config = null
	sasl.kerberos.kinit.cmd = /usr/bin/kinit
	sasl.kerberos.min.time.before.relogin = 60000
	sasl.kerberos.service.name = null
	sasl.kerberos.ticket.renew.jitter = 0.05
	sasl.kerberos.ticket.renew.window.factor = 0.8
	sasl.login.callback.handler.class = null
	sasl.login.class = null
	sasl.login.connect.timeout.ms = null
	sasl.login.read.timeout.ms = null
	sasl.login.refresh.buffer.seconds = 300
	sasl.login.refresh.min.period.seconds = 60
	sasl.login.refresh.window.factor = 0.8
	sasl.login.refresh.window.jitter = 0.05
	sasl.login.retry.backoff.max.ms = 10000
	sasl.login.retry.backoff.ms = 100
	sasl.mechanism = GSSAPI
	sasl.oauthbearer.clock.skew.seconds = 30
	sasl.oauthbearer.expected.audience = null
	sasl.oauthbearer.expected.issuer = null
	sasl.oauthbearer.header.urlencode = false
	sasl.oauthbearer.jwks.endpoint.refresh.ms = 3600000
	sasl.oauthbearer.jwks.endpoint.retry.backoff.max.ms = 10000
	sasl.oauthbearer.jwks.endpoint.retry.backoff.ms = 100
	sasl.oauthbearer.jwks.endpoint.url = null
	sasl.oauthbearer.scope.claim.name = scope
	sasl.oauthbearer.sub.claim.name = sub
	sasl.oauthbearer.token.endpoint.url = null
	security.protocol = PLAINTEXT
	security.providers = null
	send.buffer.bytes = 131072
	socket.connection.setup.timeout.max.ms = 30000
	socket.connection.setup.timeout.ms = 10000
	ssl.cipher.suites = null
	ssl.enabled.protocols = [TLSv1.2, TLSv1.3]
	ssl.endpoint.identification.algorithm = https
	ssl.engine.factory.class = null
	ssl.key.password = null
	ssl.keymanager.algorithm = SunX509
	ssl.keystore.certificate.chain = null
	ssl.keystore.key = null
	ssl.keystore.location = null
	ssl.keystore.password = null
	ssl.keystore.type = JKS
	ssl.protocol = TLSv1.3
	ssl.provider = null
	ssl.secure.random.implementation = null
	ssl.trustmanager.algorithm = PKIX
	ssl.truststore.certificates = null
	ssl.truststore.location = null
	ssl.truststore.password = null
	ssl.truststore.type = JKS
	transaction.timeout.ms = 60000
	transactional.id = null
	value.serializer = class io.apicurio.registry.serde.avro.AvroKafkaSerializer

2025-08-20 12:41:01,032 INFO  [org.apa.kaf.com.tel.int.KafkaMetricsCollector] (main) initializing Kafka metrics collector
2025-08-20 12:41:01,035 INFO  [org.apa.kaf.cli.Metadata] (kafka-producer-network-thread | Producer-topic-48f63501_893a_4113_b172_33f265e41ba8) [Producer clientId=Producer-topic-48f63501_893a_4113_b172_33f265e41ba8] Cluster ID: w67HKo3KT1qYVnubU-PiPQ
2025-08-20 12:41:01,035 INFO  [org.apa.kaf.cli.pro.int.TransactionManager] (kafka-producer-network-thread | Producer-topic-48f63501_893a_4113_b172_33f265e41ba8) [Producer clientId=Producer-topic-48f63501_893a_4113_b172_33f265e41ba8] ProducerId set to 19 with epoch 0
2025-08-20 12:41:01,035 INFO  [org.apa.kaf.cli.pro.KafkaProducer] (main) [Producer clientId=Producer-topic-c2b47cc9_e6c8_4d33_ac14_2030535f1ca4] Instantiated an idempotent producer.
2025-08-20 12:41:01,037 INFO  [org.apa.kaf.cli.pro.ProducerConfig] (main) These configurations '[apicurio.registry.url, apicurio.registry.artifact-resolver-strategy]' were supplied but are not used yet.
2025-08-20 12:41:01,037 INFO  [org.apa.kaf.com.uti.AppInfoParser] (main) Kafka version: 3.9.1
2025-08-20 12:41:01,037 INFO  [org.apa.kaf.com.uti.AppInfoParser] (main) Kafka commitId: f745dfdcee2b9851
2025-08-20 12:41:01,037 INFO  [org.apa.kaf.com.uti.AppInfoParser] (main) Kafka startTimeMs: 1755693661037
**** Registry Base URL: http://registry-app-mysql.apps.ci419.apicurio-testing.org:80
2025-08-20 12:41:01,037 INFO  [org.apa.kaf.cli.pro.ProducerConfig] (main) ProducerConfig values: 
	acks = -1
	auto.include.jmx.reporter = true
	batch.size = 16384
	bootstrap.servers = [PLAINTEXT://localhost:32769]
	buffer.memory = 33554432
	client.dns.lookup = use_all_dns_ips
	client.id = Producer-topic-f1021251_8d50_43d2_8af1_23c4fd8c5584
	compression.gzip.level = -1
	compression.lz4.level = 9
	compression.type = none
	compression.zstd.level = 3
	connections.max.idle.ms = 10000
	delivery.timeout.ms = 120000
	enable.idempotence = true
	enable.metrics.push = true
	interceptor.classes = []
	key.serializer = class org.apache.kafka.common.serialization.StringSerializer
	linger.ms = 0
	max.block.ms = 60000
	max.in.flight.requests.per.connection = 5
	max.request.size = 1048576
	metadata.max.age.ms = 300000
	metadata.max.idle.ms = 300000
	metadata.recovery.strategy = none
	metric.reporters = []
	metrics.num.samples = 2
	metrics.recording.level = INFO
	metrics.sample.window.ms = 30000
	partitioner.adaptive.partitioning.enable = true
	partitioner.availability.timeout.ms = 0
	partitioner.class = null
	partitioner.ignore.keys = false
	receive.buffer.bytes = 32768
	reconnect.backoff.max.ms = 1000
	reconnect.backoff.ms = 50
	request.timeout.ms = 5000
	retries = 2147483647
	retry.backoff.max.ms = 1000
	retry.backoff.ms = 100
	sasl.client.callback.handler.class = null
	sasl.jaas.config = null
	sasl.kerberos.kinit.cmd = /usr/bin/kinit
	sasl.kerberos.min.time.before.relogin = 60000
	sasl.kerberos.service.name = null
	sasl.kerberos.ticket.renew.jitter = 0.05
	sasl.kerberos.ticket.renew.window.factor = 0.8
	sasl.login.callback.handler.class = null
	sasl.login.class = null
	sasl.login.connect.timeout.ms = null
	sasl.login.read.timeout.ms = null
	sasl.login.refresh.buffer.seconds = 300
	sasl.login.refresh.min.period.seconds = 60
	sasl.login.refresh.window.factor = 0.8
	sasl.login.refresh.window.jitter = 0.05
	sasl.login.retry.backoff.max.ms = 10000
	sasl.login.retry.backoff.ms = 100
	sasl.mechanism = GSSAPI
	sasl.oauthbearer.clock.skew.seconds = 30
	sasl.oauthbearer.expected.audience = null
	sasl.oauthbearer.expected.issuer = null
	sasl.oauthbearer.header.urlencode = false
	sasl.oauthbearer.jwks.endpoint.refresh.ms = 3600000
	sasl.oauthbearer.jwks.endpoint.retry.backoff.max.ms = 10000
	sasl.oauthbearer.jwks.endpoint.retry.backoff.ms = 100
	sasl.oauthbearer.jwks.endpoint.url = null
	sasl.oauthbearer.scope.claim.name = scope
	sasl.oauthbearer.sub.claim.name = sub
	sasl.oauthbearer.token.endpoint.url = null
	security.protocol = PLAINTEXT
	security.providers = null
	send.buffer.bytes = 131072
	socket.connection.setup.timeout.max.ms = 30000
	socket.connection.setup.timeout.ms = 10000
	ssl.cipher.suites = null
	ssl.enabled.protocols = [TLSv1.2, TLSv1.3]
	ssl.endpoint.identification.algorithm = https
	ssl.engine.factory.class = null
	ssl.key.password = null
	ssl.keymanager.algorithm = SunX509
	ssl.keystore.certificate.chain = null
	ssl.keystore.key = null
	ssl.keystore.location = null
	ssl.keystore.password = null
	ssl.keystore.type = JKS
	ssl.protocol = TLSv1.3
	ssl.provider = null
	ssl.secure.random.implementation = null
	ssl.trustmanager.algorithm = PKIX
	ssl.truststore.certificates = null
	ssl.truststore.location = null
	ssl.truststore.password = null
	ssl.truststore.type = JKS
	transaction.timeout.ms = 60000
	transactional.id = null
	value.serializer = class io.apicurio.registry.serde.avro.AvroKafkaSerializer

2025-08-20 12:41:01,038 INFO  [org.apa.kaf.com.tel.int.KafkaMetricsCollector] (main) initializing Kafka metrics collector
2025-08-20 12:41:01,040 INFO  [org.apa.kaf.cli.Metadata] (kafka-producer-network-thread | Producer-topic-c2b47cc9_e6c8_4d33_ac14_2030535f1ca4) [Producer clientId=Producer-topic-c2b47cc9_e6c8_4d33_ac14_2030535f1ca4] Cluster ID: w67HKo3KT1qYVnubU-PiPQ
2025-08-20 12:41:01,040 INFO  [org.apa.kaf.cli.pro.int.TransactionManager] (kafka-producer-network-thread | Producer-topic-c2b47cc9_e6c8_4d33_ac14_2030535f1ca4) [Producer clientId=Producer-topic-c2b47cc9_e6c8_4d33_ac14_2030535f1ca4] ProducerId set to 20 with epoch 0
2025-08-20 12:41:01,041 INFO  [org.apa.kaf.cli.pro.KafkaProducer] (main) [Producer clientId=Producer-topic-f1021251_8d50_43d2_8af1_23c4fd8c5584] Instantiated an idempotent producer.
2025-08-20 12:41:01,042 INFO  [org.apa.kaf.cli.pro.ProducerConfig] (main) These configurations '[apicurio.registry.url, apicurio.registry.artifact-resolver-strategy]' were supplied but are not used yet.
2025-08-20 12:41:01,042 INFO  [org.apa.kaf.com.uti.AppInfoParser] (main) Kafka version: 3.9.1
2025-08-20 12:41:01,042 INFO  [org.apa.kaf.com.uti.AppInfoParser] (main) Kafka commitId: f745dfdcee2b9851
2025-08-20 12:41:01,042 INFO  [org.apa.kaf.com.uti.AppInfoParser] (main) Kafka startTimeMs: 1755693661042
**** Registry Base URL: http://registry-app-mysql.apps.ci419.apicurio-testing.org:80
2025-08-20 12:41:01,043 INFO  [org.apa.kaf.cli.con.ConsumerConfig] (main) ConsumerConfig values: 
	allow.auto.create.topics = true
	auto.commit.interval.ms = 500
	auto.include.jmx.reporter = true
	auto.offset.reset = earliest
	bootstrap.servers = [PLAINTEXT://localhost:32769]
	check.crcs = true
	client.dns.lookup = use_all_dns_ips
	client.id = consumer-Consumer-topic-48f63501_893a_4113_b172_33f265e41ba8-14
	client.rack = 
	connections.max.idle.ms = 10000
	default.api.timeout.ms = 60000
	enable.auto.commit = true
	enable.metrics.push = true
	exclude.internal.topics = true
	fetch.max.bytes = 52428800
	fetch.max.wait.ms = 500
	fetch.min.bytes = 1
	group.id = Consumer-topic-48f63501_893a_4113_b172_33f265e41ba8
	group.instance.id = null
	group.protocol = classic
	group.remote.assignor = null
	heartbeat.interval.ms = 3000
	interceptor.classes = []
	internal.leave.group.on.close = true
	internal.throw.on.fetch.stable.offset.unsupported = false
	isolation.level = read_uncommitted
	key.deserializer = class org.apache.kafka.common.serialization.StringDeserializer
	max.partition.fetch.bytes = 1048576
	max.poll.interval.ms = 300000
	max.poll.records = 500
	metadata.max.age.ms = 300000
	metadata.recovery.strategy = none
	metric.reporters = []
	metrics.num.samples = 2
	metrics.recording.level = INFO
	metrics.sample.window.ms = 30000
	partition.assignment.strategy = [class org.apache.kafka.clients.consumer.RangeAssignor, class org.apache.kafka.clients.consumer.CooperativeStickyAssignor]
	receive.buffer.bytes = 65536
	reconnect.backoff.max.ms = 1000
	reconnect.backoff.ms = 50
	request.timeout.ms = 5000
	retry.backoff.max.ms = 1000
	retry.backoff.ms = 100
	sasl.client.callback.handler.class = null
	sasl.jaas.config = null
	sasl.kerberos.kinit.cmd = /usr/bin/kinit
	sasl.kerberos.min.time.before.relogin = 60000
	sasl.kerberos.service.name = null
	sasl.kerberos.ticket.renew.jitter = 0.05
	sasl.kerberos.ticket.renew.window.factor = 0.8
	sasl.login.callback.handler.class = null
	sasl.login.class = null
	sasl.login.connect.timeout.ms = null
	sasl.login.read.timeout.ms = null
	sasl.login.refresh.buffer.seconds = 300
	sasl.login.refresh.min.period.seconds = 60
	sasl.login.refresh.window.factor = 0.8
	sasl.login.refresh.window.jitter = 0.05
	sasl.login.retry.backoff.max.ms = 10000
	sasl.login.retry.backoff.ms = 100
	sasl.mechanism = GSSAPI
	sasl.oauthbearer.clock.skew.seconds = 30
	sasl.oauthbearer.expected.audience = null
	sasl.oauthbearer.expected.issuer = null
	sasl.oauthbearer.header.urlencode = false
	sasl.oauthbearer.jwks.endpoint.refresh.ms = 3600000
	sasl.oauthbearer.jwks.endpoint.retry.backoff.max.ms = 10000
	sasl.oauthbearer.jwks.endpoint.retry.backoff.ms = 100
	sasl.oauthbearer.jwks.endpoint.url = null
	sasl.oauthbearer.scope.claim.name = scope
	sasl.oauthbearer.sub.claim.name = sub
	sasl.oauthbearer.token.endpoint.url = null
	security.protocol = PLAINTEXT
	security.providers = null
	send.buffer.bytes = 131072
	session.timeout.ms = 45000
	socket.connection.setup.timeout.max.ms = 30000
	socket.connection.setup.timeout.ms = 10000
	ssl.cipher.suites = null
	ssl.enabled.protocols = [TLSv1.2, TLSv1.3]
	ssl.endpoint.identification.algorithm = https
	ssl.engine.factory.class = null
	ssl.key.password = null
	ssl.keymanager.algorithm = SunX509
	ssl.keystore.certificate.chain = null
	ssl.keystore.key = null
	ssl.keystore.location = null
	ssl.keystore.password = null
	ssl.keystore.type = JKS
	ssl.protocol = TLSv1.3
	ssl.provider = null
	ssl.secure.random.implementation = null
	ssl.trustmanager.algorithm = PKIX
	ssl.truststore.certificates = null
	ssl.truststore.location = null
	ssl.truststore.password = null
	ssl.truststore.type = JKS
	value.deserializer = class io.apicurio.registry.serde.avro.AvroKafkaDeserializer

2025-08-20 12:41:01,044 INFO  [org.apa.kaf.com.tel.int.KafkaMetricsCollector] (main) initializing Kafka metrics collector
2025-08-20 12:41:01,048 INFO  [org.apa.kaf.cli.con.ConsumerConfig] (main) These configurations '[apicurio.registry.url]' were supplied but are not used yet.
2025-08-20 12:41:01,048 INFO  [org.apa.kaf.com.uti.AppInfoParser] (main) Kafka version: 3.9.1
2025-08-20 12:41:01,048 INFO  [org.apa.kaf.com.uti.AppInfoParser] (main) Kafka commitId: f745dfdcee2b9851
2025-08-20 12:41:01,048 INFO  [org.apa.kaf.cli.Metadata] (kafka-producer-network-thread | Producer-topic-f1021251_8d50_43d2_8af1_23c4fd8c5584) [Producer clientId=Producer-topic-f1021251_8d50_43d2_8af1_23c4fd8c5584] Cluster ID: w67HKo3KT1qYVnubU-PiPQ
2025-08-20 12:41:01,048 INFO  [org.apa.kaf.com.uti.AppInfoParser] (main) Kafka startTimeMs: 1755693661048
**** Registry Base URL: http://registry-app-mysql.apps.ci419.apicurio-testing.org:80
2025-08-20 12:41:01,048 INFO  [org.apa.kaf.cli.con.ConsumerConfig] (main) ConsumerConfig values: 
	allow.auto.create.topics = true
	auto.commit.interval.ms = 500
	auto.include.jmx.reporter = true
	auto.offset.reset = earliest
	bootstrap.servers = [PLAINTEXT://localhost:32769]
	check.crcs = true
	client.dns.lookup = use_all_dns_ips
	client.id = consumer-Consumer-topic-c2b47cc9_e6c8_4d33_ac14_2030535f1ca4-15
	client.rack = 
	connections.max.idle.ms = 10000
	default.api.timeout.ms = 60000
	enable.auto.commit = true
	enable.metrics.push = true
	exclude.internal.topics = true
	fetch.max.bytes = 52428800
	fetch.max.wait.ms = 500
	fetch.min.bytes = 1
	group.id = Consumer-topic-c2b47cc9_e6c8_4d33_ac14_2030535f1ca4
	group.instance.id = null
	group.protocol = classic
	group.remote.assignor = null
	heartbeat.interval.ms = 3000
	interceptor.classes = []
	internal.leave.group.on.close = true
	internal.throw.on.fetch.stable.offset.unsupported = false
	isolation.level = read_uncommitted
	key.deserializer = class org.apache.kafka.common.serialization.StringDeserializer
	max.partition.fetch.bytes = 1048576
	max.poll.interval.ms = 300000
	max.poll.records = 500
	metadata.max.age.ms = 300000
	metadata.recovery.strategy = none
	metric.reporters = []
	metrics.num.samples = 2
	metrics.recording.level = INFO
	metrics.sample.window.ms = 30000
	partition.assignment.strategy = [class org.apache.kafka.clients.consumer.RangeAssignor, class org.apache.kafka.clients.consumer.CooperativeStickyAssignor]
	receive.buffer.bytes = 65536
	reconnect.backoff.max.ms = 1000
	reconnect.backoff.ms = 50
	request.timeout.ms = 5000
	retry.backoff.max.ms = 1000
	retry.backoff.ms = 100
	sasl.client.callback.handler.class = null
	sasl.jaas.config = null
	sasl.kerberos.kinit.cmd = /usr/bin/kinit
	sasl.kerberos.min.time.before.relogin = 60000
	sasl.kerberos.service.name = null
	sasl.kerberos.ticket.renew.jitter = 0.05
	sasl.kerberos.ticket.renew.window.factor = 0.8
	sasl.login.callback.handler.class = null
	sasl.login.class = null
	sasl.login.connect.timeout.ms = null
	sasl.login.read.timeout.ms = null
	sasl.login.refresh.buffer.seconds = 300
	sasl.login.refresh.min.period.seconds = 60
	sasl.login.refresh.window.factor = 0.8
	sasl.login.refresh.window.jitter = 0.05
	sasl.login.retry.backoff.max.ms = 10000
	sasl.login.retry.backoff.ms = 100
	sasl.mechanism = GSSAPI
	sasl.oauthbearer.clock.skew.seconds = 30
	sasl.oauthbearer.expected.audience = null
	sasl.oauthbearer.expected.issuer = null
	sasl.oauthbearer.header.urlencode = false
	sasl.oauthbearer.jwks.endpoint.refresh.ms = 3600000
	sasl.oauthbearer.jwks.endpoint.retry.backoff.max.ms = 10000
	sasl.oauthbearer.jwks.endpoint.retry.backoff.ms = 100
	sasl.oauthbearer.jwks.endpoint.url = null
	sasl.oauthbearer.scope.claim.name = scope
	sasl.oauthbearer.sub.claim.name = sub
	sasl.oauthbearer.token.endpoint.url = null
	security.protocol = PLAINTEXT
	security.providers = null
	send.buffer.bytes = 131072
	session.timeout.ms = 45000
	socket.connection.setup.timeout.max.ms = 30000
	socket.connection.setup.timeout.ms = 10000
	ssl.cipher.suites = null
	ssl.enabled.protocols = [TLSv1.2, TLSv1.3]
	ssl.endpoint.identification.algorithm = https
	ssl.engine.factory.class = null
	ssl.key.password = null
	ssl.keymanager.algorithm = SunX509
	ssl.keystore.certificate.chain = null
	ssl.keystore.key = null
	ssl.keystore.location = null
	ssl.keystore.password = null
	ssl.keystore.type = JKS
	ssl.protocol = TLSv1.3
	ssl.provider = null
	ssl.secure.random.implementation = null
	ssl.trustmanager.algorithm = PKIX
	ssl.truststore.certificates = null
	ssl.truststore.location = null
	ssl.truststore.password = null
	ssl.truststore.type = JKS
	value.deserializer = class io.apicurio.registry.serde.avro.AvroKafkaDeserializer

2025-08-20 12:41:01,049 INFO  [org.apa.kaf.com.tel.int.KafkaMetricsCollector] (main) initializing Kafka metrics collector
2025-08-20 12:41:01,049 INFO  [org.apa.kaf.cli.pro.int.TransactionManager] (kafka-producer-network-thread | Producer-topic-f1021251_8d50_43d2_8af1_23c4fd8c5584) [Producer clientId=Producer-topic-f1021251_8d50_43d2_8af1_23c4fd8c5584] ProducerId set to 21 with epoch 0
2025-08-20 12:41:01,053 INFO  [org.apa.kaf.cli.con.ConsumerConfig] (main) These configurations '[apicurio.registry.url]' were supplied but are not used yet.
2025-08-20 12:41:01,053 INFO  [org.apa.kaf.com.uti.AppInfoParser] (main) Kafka version: 3.9.1
2025-08-20 12:41:01,053 INFO  [org.apa.kaf.com.uti.AppInfoParser] (main) Kafka commitId: f745dfdcee2b9851
2025-08-20 12:41:01,053 INFO  [org.apa.kaf.com.uti.AppInfoParser] (main) Kafka startTimeMs: 1755693661053
**** Registry Base URL: http://registry-app-mysql.apps.ci419.apicurio-testing.org:80
2025-08-20 12:41:01,053 INFO  [org.apa.kaf.cli.con.ConsumerConfig] (main) ConsumerConfig values: 
	allow.auto.create.topics = true
	auto.commit.interval.ms = 500
	auto.include.jmx.reporter = true
	auto.offset.reset = earliest
	bootstrap.servers = [PLAINTEXT://localhost:32769]
	check.crcs = true
	client.dns.lookup = use_all_dns_ips
	client.id = consumer-Consumer-topic-f1021251_8d50_43d2_8af1_23c4fd8c5584-16
	client.rack = 
	connections.max.idle.ms = 10000
	default.api.timeout.ms = 60000
	enable.auto.commit = true
	enable.metrics.push = true
	exclude.internal.topics = true
	fetch.max.bytes = 52428800
	fetch.max.wait.ms = 500
	fetch.min.bytes = 1
	group.id = Consumer-topic-f1021251_8d50_43d2_8af1_23c4fd8c5584
	group.instance.id = null
	group.protocol = classic
	group.remote.assignor = null
	heartbeat.interval.ms = 3000
	interceptor.classes = []
	internal.leave.group.on.close = true
	internal.throw.on.fetch.stable.offset.unsupported = false
	isolation.level = read_uncommitted
	key.deserializer = class org.apache.kafka.common.serialization.StringDeserializer
	max.partition.fetch.bytes = 1048576
	max.poll.interval.ms = 300000
	max.poll.records = 500
	metadata.max.age.ms = 300000
	metadata.recovery.strategy = none
	metric.reporters = []
	metrics.num.samples = 2
	metrics.recording.level = INFO
	metrics.sample.window.ms = 30000
	partition.assignment.strategy = [class org.apache.kafka.clients.consumer.RangeAssignor, class org.apache.kafka.clients.consumer.CooperativeStickyAssignor]
	receive.buffer.bytes = 65536
	reconnect.backoff.max.ms = 1000
	reconnect.backoff.ms = 50
	request.timeout.ms = 5000
	retry.backoff.max.ms = 1000
	retry.backoff.ms = 100
	sasl.client.callback.handler.class = null
	sasl.jaas.config = null
	sasl.kerberos.kinit.cmd = /usr/bin/kinit
	sasl.kerberos.min.time.before.relogin = 60000
	sasl.kerberos.service.name = null
	sasl.kerberos.ticket.renew.jitter = 0.05
	sasl.kerberos.ticket.renew.window.factor = 0.8
	sasl.login.callback.handler.class = null
	sasl.login.class = null
	sasl.login.connect.timeout.ms = null
	sasl.login.read.timeout.ms = null
	sasl.login.refresh.buffer.seconds = 300
	sasl.login.refresh.min.period.seconds = 60
	sasl.login.refresh.window.factor = 0.8
	sasl.login.refresh.window.jitter = 0.05
	sasl.login.retry.backoff.max.ms = 10000
	sasl.login.retry.backoff.ms = 100
	sasl.mechanism = GSSAPI
	sasl.oauthbearer.clock.skew.seconds = 30
	sasl.oauthbearer.expected.audience = null
	sasl.oauthbearer.expected.issuer = null
	sasl.oauthbearer.header.urlencode = false
	sasl.oauthbearer.jwks.endpoint.refresh.ms = 3600000
	sasl.oauthbearer.jwks.endpoint.retry.backoff.max.ms = 10000
	sasl.oauthbearer.jwks.endpoint.retry.backoff.ms = 100
	sasl.oauthbearer.jwks.endpoint.url = null
	sasl.oauthbearer.scope.claim.name = scope
	sasl.oauthbearer.sub.claim.name = sub
	sasl.oauthbearer.token.endpoint.url = null
	security.protocol = PLAINTEXT
	security.providers = null
	send.buffer.bytes = 131072
	session.timeout.ms = 45000
	socket.connection.setup.timeout.max.ms = 30000
	socket.connection.setup.timeout.ms = 10000
	ssl.cipher.suites = null
	ssl.enabled.protocols = [TLSv1.2, TLSv1.3]
	ssl.endpoint.identification.algorithm = https
	ssl.engine.factory.class = null
	ssl.key.password = null
	ssl.keymanager.algorithm = SunX509
	ssl.keystore.certificate.chain = null
	ssl.keystore.key = null
	ssl.keystore.location = null
	ssl.keystore.password = null
	ssl.keystore.type = JKS
	ssl.protocol = TLSv1.3
	ssl.provider = null
	ssl.secure.random.implementation = null
	ssl.trustmanager.algorithm = PKIX
	ssl.truststore.certificates = null
	ssl.truststore.location = null
	ssl.truststore.password = null
	ssl.truststore.type = JKS
	value.deserializer = class io.apicurio.registry.serde.avro.AvroKafkaDeserializer

2025-08-20 12:41:01,053 INFO  [org.apa.kaf.com.tel.int.KafkaMetricsCollector] (main) initializing Kafka metrics collector
2025-08-20 12:41:01,057 INFO  [org.apa.kaf.cli.con.ConsumerConfig] (main) These configurations '[apicurio.registry.url]' were supplied but are not used yet.
2025-08-20 12:41:01,057 INFO  [org.apa.kaf.com.uti.AppInfoParser] (main) Kafka version: 3.9.1
2025-08-20 12:41:01,057 INFO  [org.apa.kaf.com.uti.AppInfoParser] (main) Kafka commitId: f745dfdcee2b9851
2025-08-20 12:41:01,057 INFO  [org.apa.kaf.com.uti.AppInfoParser] (main) Kafka startTimeMs: 1755693661057
2025-08-20 12:41:01,057 INFO  [io.api.tes.ser.api.KafkaSerdesTester] (ForkJoinPool.commonPool-worker-2) Sending message {"key11755693659838": "value-0"} to topic topic-48f63501_893a_4113_b172_33f265e41ba8
2025-08-20 12:41:01,060 INFO  [DefaultSchemaResolver] (ForkJoinPool.commonPool-worker-2) Retrieving schema content using string: {"type":"record","name":"myrecordconfluent","fields":[{"name":"key11755693659838","type":"string"}]}
2025-08-20 12:41:01,217 INFO  [io.api.tes.ser.api.KafkaSerdesTester] (ForkJoinPool.commonPool-worker-2) Sending message {"key11755693659838": "value-1"} to topic topic-48f63501_893a_4113_b172_33f265e41ba8
2025-08-20 12:41:01,219 INFO  [io.api.tes.ser.api.KafkaSerdesTester] (ForkJoinPool.commonPool-worker-2) Sending message {"key11755693659838": "value-2"} to topic topic-48f63501_893a_4113_b172_33f265e41ba8
2025-08-20 12:41:01,220 INFO  [io.api.tes.ser.api.KafkaSerdesTester] (ForkJoinPool.commonPool-worker-2) Sending message {"key11755693659838": "value-3"} to topic topic-48f63501_893a_4113_b172_33f265e41ba8
2025-08-20 12:41:01,221 INFO  [io.api.tes.ser.api.KafkaSerdesTester] (ForkJoinPool.commonPool-worker-2) Sending message {"key11755693659838": "value-4"} to topic topic-48f63501_893a_4113_b172_33f265e41ba8
2025-08-20 12:41:01,222 INFO  [io.api.tes.ser.api.KafkaSerdesTester] (ForkJoinPool.commonPool-worker-2) Sending message {"key11755693659838": "value-5"} to topic topic-48f63501_893a_4113_b172_33f265e41ba8
2025-08-20 12:41:01,223 INFO  [io.api.tes.ser.api.KafkaSerdesTester] (ForkJoinPool.commonPool-worker-2) Sending message {"key11755693659838": "value-6"} to topic topic-48f63501_893a_4113_b172_33f265e41ba8
2025-08-20 12:41:01,223 INFO  [io.api.tes.ser.api.KafkaSerdesTester] (ForkJoinPool.commonPool-worker-2) Sending message {"key11755693659838": "value-7"} to topic topic-48f63501_893a_4113_b172_33f265e41ba8
2025-08-20 12:41:01,224 INFO  [io.api.tes.ser.api.KafkaSerdesTester] (ForkJoinPool.commonPool-worker-2) Sending message {"key11755693659838": "value-8"} to topic topic-48f63501_893a_4113_b172_33f265e41ba8
2025-08-20 12:41:01,225 INFO  [io.api.tes.ser.api.KafkaSerdesTester] (ForkJoinPool.commonPool-worker-2) Sending message {"key11755693659838": "value-9"} to topic topic-48f63501_893a_4113_b172_33f265e41ba8
2025-08-20 12:41:01,226 INFO  [io.api.tes.ser.api.KafkaSerdesTester] (ForkJoinPool.commonPool-worker-2) Produced 10 messages
2025-08-20 12:41:01,226 INFO  [org.apa.kaf.cli.pro.KafkaProducer] (ForkJoinPool.commonPool-worker-2) [Producer clientId=Producer-topic-48f63501_893a_4113_b172_33f265e41ba8] Closing the Kafka producer with timeoutMillis = 9223372036854775807 ms.
2025-08-20 12:41:01,228 INFO  [org.apa.kaf.com.met.Metrics] (ForkJoinPool.commonPool-worker-2) Metrics scheduler closed
2025-08-20 12:41:01,228 INFO  [org.apa.kaf.com.met.Metrics] (ForkJoinPool.commonPool-worker-2) Closing reporter org.apache.kafka.common.metrics.JmxReporter
2025-08-20 12:41:01,228 INFO  [org.apa.kaf.com.met.Metrics] (ForkJoinPool.commonPool-worker-2) Closing reporter org.apache.kafka.common.telemetry.internals.ClientTelemetryReporter
2025-08-20 12:41:01,228 INFO  [org.apa.kaf.com.met.Metrics] (ForkJoinPool.commonPool-worker-2) Metrics reporters closed
2025-08-20 12:41:01,228 INFO  [org.apa.kaf.com.uti.AppInfoParser] (ForkJoinPool.commonPool-worker-2) App info kafka.producer for Producer-topic-48f63501_893a_4113_b172_33f265e41ba8 unregistered
2025-08-20 12:41:01,228 INFO  [io.api.tes.ser.api.KafkaSerdesTester] (ForkJoinPool.commonPool-worker-2) Sending message {"key11755693659838": "value-0"} to topic topic-c2b47cc9_e6c8_4d33_ac14_2030535f1ca4
2025-08-20 12:41:01,232 INFO  [DefaultSchemaResolver] (ForkJoinPool.commonPool-worker-2) Retrieving schema content using string: {"type":"record","name":"myrecordconfluent","fields":[{"name":"key11755693659838","type":"string"}]}
2025-08-20 12:41:01,391 INFO  [io.api.tes.ser.api.KafkaSerdesTester] (ForkJoinPool.commonPool-worker-2) Sending message {"key11755693659838": "value-1"} to topic topic-c2b47cc9_e6c8_4d33_ac14_2030535f1ca4
2025-08-20 12:41:01,392 INFO  [io.api.tes.ser.api.KafkaSerdesTester] (ForkJoinPool.commonPool-worker-2) Sending message {"key11755693659838": "value-2"} to topic topic-c2b47cc9_e6c8_4d33_ac14_2030535f1ca4
2025-08-20 12:41:01,393 INFO  [io.api.tes.ser.api.KafkaSerdesTester] (ForkJoinPool.commonPool-worker-2) Sending message {"key11755693659838": "value-3"} to topic topic-c2b47cc9_e6c8_4d33_ac14_2030535f1ca4
2025-08-20 12:41:01,394 INFO  [io.api.tes.ser.api.KafkaSerdesTester] (ForkJoinPool.commonPool-worker-2) Sending message {"key11755693659838": "value-4"} to topic topic-c2b47cc9_e6c8_4d33_ac14_2030535f1ca4
2025-08-20 12:41:01,395 INFO  [io.api.tes.ser.api.KafkaSerdesTester] (ForkJoinPool.commonPool-worker-2) Sending message {"key11755693659838": "value-5"} to topic topic-c2b47cc9_e6c8_4d33_ac14_2030535f1ca4
2025-08-20 12:41:01,396 INFO  [io.api.tes.ser.api.KafkaSerdesTester] (ForkJoinPool.commonPool-worker-2) Sending message {"key11755693659838": "value-6"} to topic topic-c2b47cc9_e6c8_4d33_ac14_2030535f1ca4
2025-08-20 12:41:01,397 INFO  [io.api.tes.ser.api.KafkaSerdesTester] (ForkJoinPool.commonPool-worker-2) Sending message {"key11755693659838": "value-7"} to topic topic-c2b47cc9_e6c8_4d33_ac14_2030535f1ca4
2025-08-20 12:41:01,398 INFO  [io.api.tes.ser.api.KafkaSerdesTester] (ForkJoinPool.commonPool-worker-2) Sending message {"key11755693659838": "value-8"} to topic topic-c2b47cc9_e6c8_4d33_ac14_2030535f1ca4
2025-08-20 12:41:01,399 INFO  [io.api.tes.ser.api.KafkaSerdesTester] (ForkJoinPool.commonPool-worker-2) Sending message {"key11755693659838": "value-9"} to topic topic-c2b47cc9_e6c8_4d33_ac14_2030535f1ca4
2025-08-20 12:41:01,400 INFO  [io.api.tes.ser.api.KafkaSerdesTester] (ForkJoinPool.commonPool-worker-2) Produced 10 messages
2025-08-20 12:41:01,400 INFO  [org.apa.kaf.cli.pro.KafkaProducer] (ForkJoinPool.commonPool-worker-2) [Producer clientId=Producer-topic-c2b47cc9_e6c8_4d33_ac14_2030535f1ca4] Closing the Kafka producer with timeoutMillis = 9223372036854775807 ms.
2025-08-20 12:41:01,401 INFO  [org.apa.kaf.com.met.Metrics] (ForkJoinPool.commonPool-worker-2) Metrics scheduler closed
2025-08-20 12:41:01,401 INFO  [org.apa.kaf.com.met.Metrics] (ForkJoinPool.commonPool-worker-2) Closing reporter org.apache.kafka.common.metrics.JmxReporter
2025-08-20 12:41:01,401 INFO  [org.apa.kaf.com.met.Metrics] (ForkJoinPool.commonPool-worker-2) Closing reporter org.apache.kafka.common.telemetry.internals.ClientTelemetryReporter
2025-08-20 12:41:01,401 INFO  [org.apa.kaf.com.met.Metrics] (ForkJoinPool.commonPool-worker-2) Metrics reporters closed
2025-08-20 12:41:01,401 INFO  [org.apa.kaf.com.uti.AppInfoParser] (ForkJoinPool.commonPool-worker-2) App info kafka.producer for Producer-topic-c2b47cc9_e6c8_4d33_ac14_2030535f1ca4 unregistered
2025-08-20 12:41:01,402 INFO  [io.api.tes.ser.api.KafkaSerdesTester] (ForkJoinPool.commonPool-worker-2) Sending message {"key11755693659838": "value-0"} to topic topic-f1021251_8d50_43d2_8af1_23c4fd8c5584
2025-08-20 12:41:01,403 INFO  [DefaultSchemaResolver] (ForkJoinPool.commonPool-worker-2) Retrieving schema content using string: {"type":"record","name":"myrecordconfluent","fields":[{"name":"key11755693659838","type":"string"}]}
2025-08-20 12:41:01,560 INFO  [io.api.tes.ser.api.KafkaSerdesTester] (ForkJoinPool.commonPool-worker-2) Sending message {"key11755693659838": "value-1"} to topic topic-f1021251_8d50_43d2_8af1_23c4fd8c5584
2025-08-20 12:41:01,561 INFO  [io.api.tes.ser.api.KafkaSerdesTester] (ForkJoinPool.commonPool-worker-2) Sending message {"key11755693659838": "value-2"} to topic topic-f1021251_8d50_43d2_8af1_23c4fd8c5584
2025-08-20 12:41:01,562 INFO  [io.api.tes.ser.api.KafkaSerdesTester] (ForkJoinPool.commonPool-worker-2) Sending message {"key11755693659838": "value-3"} to topic topic-f1021251_8d50_43d2_8af1_23c4fd8c5584
2025-08-20 12:41:01,563 INFO  [io.api.tes.ser.api.KafkaSerdesTester] (ForkJoinPool.commonPool-worker-2) Sending message {"key11755693659838": "value-4"} to topic topic-f1021251_8d50_43d2_8af1_23c4fd8c5584
2025-08-20 12:41:01,565 INFO  [io.api.tes.ser.api.KafkaSerdesTester] (ForkJoinPool.commonPool-worker-2) Sending message {"key11755693659838": "value-5"} to topic topic-f1021251_8d50_43d2_8af1_23c4fd8c5584
2025-08-20 12:41:01,566 INFO  [io.api.tes.ser.api.KafkaSerdesTester] (ForkJoinPool.commonPool-worker-2) Sending message {"key11755693659838": "value-6"} to topic topic-f1021251_8d50_43d2_8af1_23c4fd8c5584
2025-08-20 12:41:01,567 INFO  [io.api.tes.ser.api.KafkaSerdesTester] (ForkJoinPool.commonPool-worker-2) Sending message {"key11755693659838": "value-7"} to topic topic-f1021251_8d50_43d2_8af1_23c4fd8c5584
2025-08-20 12:41:01,568 INFO  [io.api.tes.ser.api.KafkaSerdesTester] (ForkJoinPool.commonPool-worker-2) Sending message {"key11755693659838": "value-8"} to topic topic-f1021251_8d50_43d2_8af1_23c4fd8c5584
2025-08-20 12:41:01,569 INFO  [io.api.tes.ser.api.KafkaSerdesTester] (ForkJoinPool.commonPool-worker-2) Sending message {"key11755693659838": "value-9"} to topic topic-f1021251_8d50_43d2_8af1_23c4fd8c5584
2025-08-20 12:41:01,570 INFO  [io.api.tes.ser.api.KafkaSerdesTester] (ForkJoinPool.commonPool-worker-2) Produced 10 messages
2025-08-20 12:41:01,570 INFO  [org.apa.kaf.cli.pro.KafkaProducer] (ForkJoinPool.commonPool-worker-2) [Producer clientId=Producer-topic-f1021251_8d50_43d2_8af1_23c4fd8c5584] Closing the Kafka producer with timeoutMillis = 9223372036854775807 ms.
2025-08-20 12:41:01,572 INFO  [org.apa.kaf.com.met.Metrics] (ForkJoinPool.commonPool-worker-2) Metrics scheduler closed
2025-08-20 12:41:01,572 INFO  [org.apa.kaf.com.met.Metrics] (ForkJoinPool.commonPool-worker-2) Closing reporter org.apache.kafka.common.metrics.JmxReporter
2025-08-20 12:41:01,572 INFO  [org.apa.kaf.com.met.Metrics] (ForkJoinPool.commonPool-worker-2) Closing reporter org.apache.kafka.common.telemetry.internals.ClientTelemetryReporter
2025-08-20 12:41:01,572 INFO  [org.apa.kaf.com.met.Metrics] (ForkJoinPool.commonPool-worker-2) Metrics reporters closed
2025-08-20 12:41:01,572 INFO  [org.apa.kaf.com.uti.AppInfoParser] (ForkJoinPool.commonPool-worker-2) App info kafka.producer for Producer-topic-f1021251_8d50_43d2_8af1_23c4fd8c5584 unregistered
2025-08-20 12:41:01,572 INFO  [org.apa.kaf.cli.con.int.ClassicKafkaConsumer] (ForkJoinPool.commonPool-worker-2) [Consumer clientId=consumer-Consumer-topic-48f63501_893a_4113_b172_33f265e41ba8-14, groupId=Consumer-topic-48f63501_893a_4113_b172_33f265e41ba8] Subscribed to topic(s): topic-48f63501_893a_4113_b172_33f265e41ba8
2025-08-20 12:41:01,575 INFO  [org.apa.kaf.cli.Metadata] (ForkJoinPool.commonPool-worker-2) [Consumer clientId=consumer-Consumer-topic-48f63501_893a_4113_b172_33f265e41ba8-14, groupId=Consumer-topic-48f63501_893a_4113_b172_33f265e41ba8] Cluster ID: w67HKo3KT1qYVnubU-PiPQ
2025-08-20 12:41:01,576 INFO  [org.apa.kaf.cli.con.int.ConsumerCoordinator] (ForkJoinPool.commonPool-worker-2) [Consumer clientId=consumer-Consumer-topic-48f63501_893a_4113_b172_33f265e41ba8-14, groupId=Consumer-topic-48f63501_893a_4113_b172_33f265e41ba8] Discovered group coordinator localhost:32769 (id: 2147483647 rack: null)
2025-08-20 12:41:01,577 INFO  [org.apa.kaf.cli.con.int.ConsumerCoordinator] (ForkJoinPool.commonPool-worker-2) [Consumer clientId=consumer-Consumer-topic-48f63501_893a_4113_b172_33f265e41ba8-14, groupId=Consumer-topic-48f63501_893a_4113_b172_33f265e41ba8] (Re-)joining group
2025-08-20 12:41:01,578 INFO  [org.apa.kaf.cli.con.int.ConsumerCoordinator] (ForkJoinPool.commonPool-worker-2) [Consumer clientId=consumer-Consumer-topic-48f63501_893a_4113_b172_33f265e41ba8-14, groupId=Consumer-topic-48f63501_893a_4113_b172_33f265e41ba8] Request joining group due to: need to re-join with the given member-id: consumer-Consumer-topic-48f63501_893a_4113_b172_33f265e41ba8-14-68328395-461c-4c28-b8ee-bf4e7ec3ee37
2025-08-20 12:41:01,578 INFO  [org.apa.kaf.cli.con.int.ConsumerCoordinator] (ForkJoinPool.commonPool-worker-2) [Consumer clientId=consumer-Consumer-topic-48f63501_893a_4113_b172_33f265e41ba8-14, groupId=Consumer-topic-48f63501_893a_4113_b172_33f265e41ba8] (Re-)joining group
2025-08-20 12:41:02,573 INFO  [io.api.tes.ser.api.KafkaSerdesTester] (ForkJoinPool.commonPool-worker-2) None found
2025-08-20 12:41:03,573 INFO  [io.api.tes.ser.api.KafkaSerdesTester] (ForkJoinPool.commonPool-worker-2) None found
2025-08-20 12:41:04,573 INFO  [io.api.tes.ser.api.KafkaSerdesTester] (ForkJoinPool.commonPool-worker-2) None found
2025-08-20 12:41:04,580 INFO  [org.apa.kaf.cli.con.int.ConsumerCoordinator] (ForkJoinPool.commonPool-worker-2) [Consumer clientId=consumer-Consumer-topic-48f63501_893a_4113_b172_33f265e41ba8-14, groupId=Consumer-topic-48f63501_893a_4113_b172_33f265e41ba8] Successfully joined group with generation Generation{generationId=1, memberId='consumer-Consumer-topic-48f63501_893a_4113_b172_33f265e41ba8-14-68328395-461c-4c28-b8ee-bf4e7ec3ee37', protocol='range'}
2025-08-20 12:41:04,580 INFO  [org.apa.kaf.cli.con.int.ConsumerCoordinator] (ForkJoinPool.commonPool-worker-2) [Consumer clientId=consumer-Consumer-topic-48f63501_893a_4113_b172_33f265e41ba8-14, groupId=Consumer-topic-48f63501_893a_4113_b172_33f265e41ba8] Finished assignment for group at generation 1: {consumer-Consumer-topic-48f63501_893a_4113_b172_33f265e41ba8-14-68328395-461c-4c28-b8ee-bf4e7ec3ee37=Assignment(partitions=[topic-48f63501_893a_4113_b172_33f265e41ba8-0])}
2025-08-20 12:41:04,586 INFO  [org.apa.kaf.cli.con.int.ConsumerCoordinator] (ForkJoinPool.commonPool-worker-2) [Consumer clientId=consumer-Consumer-topic-48f63501_893a_4113_b172_33f265e41ba8-14, groupId=Consumer-topic-48f63501_893a_4113_b172_33f265e41ba8] Successfully synced group in generation Generation{generationId=1, memberId='consumer-Consumer-topic-48f63501_893a_4113_b172_33f265e41ba8-14-68328395-461c-4c28-b8ee-bf4e7ec3ee37', protocol='range'}
2025-08-20 12:41:04,587 INFO  [org.apa.kaf.cli.con.int.ConsumerCoordinator] (ForkJoinPool.commonPool-worker-2) [Consumer clientId=consumer-Consumer-topic-48f63501_893a_4113_b172_33f265e41ba8-14, groupId=Consumer-topic-48f63501_893a_4113_b172_33f265e41ba8] Notifying assignor about the new Assignment(partitions=[topic-48f63501_893a_4113_b172_33f265e41ba8-0])
2025-08-20 12:41:04,587 INFO  [org.apa.kaf.cli.con.int.ConsumerRebalanceListenerInvoker] (ForkJoinPool.commonPool-worker-2) [Consumer clientId=consumer-Consumer-topic-48f63501_893a_4113_b172_33f265e41ba8-14, groupId=Consumer-topic-48f63501_893a_4113_b172_33f265e41ba8] Adding newly assigned partitions: topic-48f63501_893a_4113_b172_33f265e41ba8-0
2025-08-20 12:41:04,587 INFO  [org.apa.kaf.cli.con.int.ConsumerCoordinator] (ForkJoinPool.commonPool-worker-2) [Consumer clientId=consumer-Consumer-topic-48f63501_893a_4113_b172_33f265e41ba8-14, groupId=Consumer-topic-48f63501_893a_4113_b172_33f265e41ba8] Found no committed offset for partition topic-48f63501_893a_4113_b172_33f265e41ba8-0
2025-08-20 12:41:04,590 INFO  [org.apa.kaf.cli.con.int.SubscriptionState] (ForkJoinPool.commonPool-worker-2) [Consumer clientId=consumer-Consumer-topic-48f63501_893a_4113_b172_33f265e41ba8-14, groupId=Consumer-topic-48f63501_893a_4113_b172_33f265e41ba8] Resetting offset for partition topic-48f63501_893a_4113_b172_33f265e41ba8-0 to position FetchPosition{offset=0, offsetEpoch=Optional.empty, currentLeader=LeaderAndEpoch{leader=Optional[localhost:32769 (id: 0 rack: null)], epoch=0}}.
2025-08-20 12:41:04,826 INFO  [io.api.tes.ser.api.KafkaSerdesTester] (ForkJoinPool.commonPool-worker-2) topic-48f63501_893a_4113_b172_33f265e41ba8 0 0 {"key11755693659838": "value-0"}
2025-08-20 12:41:04,826 INFO  [io.api.tes.ser.api.KafkaSerdesTester] (ForkJoinPool.commonPool-worker-2) topic-48f63501_893a_4113_b172_33f265e41ba8 0 1 {"key11755693659838": "value-1"}
2025-08-20 12:41:04,826 INFO  [io.api.tes.ser.api.KafkaSerdesTester] (ForkJoinPool.commonPool-worker-2) topic-48f63501_893a_4113_b172_33f265e41ba8 0 2 {"key11755693659838": "value-2"}
2025-08-20 12:41:04,826 INFO  [io.api.tes.ser.api.KafkaSerdesTester] (ForkJoinPool.commonPool-worker-2) topic-48f63501_893a_4113_b172_33f265e41ba8 0 3 {"key11755693659838": "value-3"}
2025-08-20 12:41:04,826 INFO  [io.api.tes.ser.api.KafkaSerdesTester] (ForkJoinPool.commonPool-worker-2) topic-48f63501_893a_4113_b172_33f265e41ba8 0 4 {"key11755693659838": "value-4"}
2025-08-20 12:41:04,826 INFO  [io.api.tes.ser.api.KafkaSerdesTester] (ForkJoinPool.commonPool-worker-2) topic-48f63501_893a_4113_b172_33f265e41ba8 0 5 {"key11755693659838": "value-5"}
2025-08-20 12:41:04,826 INFO  [io.api.tes.ser.api.KafkaSerdesTester] (ForkJoinPool.commonPool-worker-2) topic-48f63501_893a_4113_b172_33f265e41ba8 0 6 {"key11755693659838": "value-6"}
2025-08-20 12:41:04,827 INFO  [io.api.tes.ser.api.KafkaSerdesTester] (ForkJoinPool.commonPool-worker-2) topic-48f63501_893a_4113_b172_33f265e41ba8 0 7 {"key11755693659838": "value-7"}
2025-08-20 12:41:04,827 INFO  [io.api.tes.ser.api.KafkaSerdesTester] (ForkJoinPool.commonPool-worker-2) topic-48f63501_893a_4113_b172_33f265e41ba8 0 8 {"key11755693659838": "value-8"}
2025-08-20 12:41:04,827 INFO  [io.api.tes.ser.api.KafkaSerdesTester] (ForkJoinPool.commonPool-worker-2) topic-48f63501_893a_4113_b172_33f265e41ba8 0 9 {"key11755693659838": "value-9"}
2025-08-20 12:41:04,827 INFO  [io.api.tes.ser.api.KafkaSerdesTester] (ForkJoinPool.commonPool-worker-2) Consumed 10 messages
2025-08-20 12:41:04,833 INFO  [org.apa.kaf.cli.con.int.ConsumerRebalanceListenerInvoker] (ForkJoinPool.commonPool-worker-2) [Consumer clientId=consumer-Consumer-topic-48f63501_893a_4113_b172_33f265e41ba8-14, groupId=Consumer-topic-48f63501_893a_4113_b172_33f265e41ba8] Revoke previously assigned partitions topic-48f63501_893a_4113_b172_33f265e41ba8-0
2025-08-20 12:41:04,833 INFO  [org.apa.kaf.cli.con.int.ConsumerCoordinator] (ForkJoinPool.commonPool-worker-2) [Consumer clientId=consumer-Consumer-topic-48f63501_893a_4113_b172_33f265e41ba8-14, groupId=Consumer-topic-48f63501_893a_4113_b172_33f265e41ba8] Member consumer-Consumer-topic-48f63501_893a_4113_b172_33f265e41ba8-14-68328395-461c-4c28-b8ee-bf4e7ec3ee37 sending LeaveGroup request to coordinator localhost:32769 (id: 2147483647 rack: null) due to the consumer is being closed
2025-08-20 12:41:04,833 INFO  [org.apa.kaf.cli.con.int.ConsumerCoordinator] (ForkJoinPool.commonPool-worker-2) [Consumer clientId=consumer-Consumer-topic-48f63501_893a_4113_b172_33f265e41ba8-14, groupId=Consumer-topic-48f63501_893a_4113_b172_33f265e41ba8] Resetting generation and member id due to: consumer pro-actively leaving the group
2025-08-20 12:41:04,833 INFO  [org.apa.kaf.cli.con.int.ConsumerCoordinator] (ForkJoinPool.commonPool-worker-2) [Consumer clientId=consumer-Consumer-topic-48f63501_893a_4113_b172_33f265e41ba8-14, groupId=Consumer-topic-48f63501_893a_4113_b172_33f265e41ba8] Request joining group due to: consumer pro-actively leaving the group
2025-08-20 12:41:05,329 INFO  [org.apa.kaf.com.met.Metrics] (ForkJoinPool.commonPool-worker-2) Metrics scheduler closed
2025-08-20 12:41:05,329 INFO  [org.apa.kaf.com.met.Metrics] (ForkJoinPool.commonPool-worker-2) Closing reporter org.apache.kafka.common.metrics.JmxReporter
2025-08-20 12:41:05,329 INFO  [org.apa.kaf.com.met.Metrics] (ForkJoinPool.commonPool-worker-2) Closing reporter org.apache.kafka.common.telemetry.internals.ClientTelemetryReporter
2025-08-20 12:41:05,329 INFO  [org.apa.kaf.com.met.Metrics] (ForkJoinPool.commonPool-worker-2) Metrics reporters closed
2025-08-20 12:41:05,330 INFO  [org.apa.kaf.com.uti.AppInfoParser] (ForkJoinPool.commonPool-worker-2) App info kafka.consumer for consumer-Consumer-topic-48f63501_893a_4113_b172_33f265e41ba8-14 unregistered
2025-08-20 12:41:05,331 INFO  [org.apa.kaf.cli.con.int.ClassicKafkaConsumer] (ForkJoinPool.commonPool-worker-2) [Consumer clientId=consumer-Consumer-topic-c2b47cc9_e6c8_4d33_ac14_2030535f1ca4-15, groupId=Consumer-topic-c2b47cc9_e6c8_4d33_ac14_2030535f1ca4] Subscribed to topic(s): topic-c2b47cc9_e6c8_4d33_ac14_2030535f1ca4
2025-08-20 12:41:05,334 INFO  [org.apa.kaf.cli.Metadata] (ForkJoinPool.commonPool-worker-2) [Consumer clientId=consumer-Consumer-topic-c2b47cc9_e6c8_4d33_ac14_2030535f1ca4-15, groupId=Consumer-topic-c2b47cc9_e6c8_4d33_ac14_2030535f1ca4] Cluster ID: w67HKo3KT1qYVnubU-PiPQ
2025-08-20 12:41:05,335 INFO  [org.apa.kaf.cli.con.int.ConsumerCoordinator] (ForkJoinPool.commonPool-worker-2) [Consumer clientId=consumer-Consumer-topic-c2b47cc9_e6c8_4d33_ac14_2030535f1ca4-15, groupId=Consumer-topic-c2b47cc9_e6c8_4d33_ac14_2030535f1ca4] Discovered group coordinator localhost:32769 (id: 2147483647 rack: null)
2025-08-20 12:41:05,335 INFO  [org.apa.kaf.cli.con.int.ConsumerCoordinator] (ForkJoinPool.commonPool-worker-2) [Consumer clientId=consumer-Consumer-topic-c2b47cc9_e6c8_4d33_ac14_2030535f1ca4-15, groupId=Consumer-topic-c2b47cc9_e6c8_4d33_ac14_2030535f1ca4] (Re-)joining group
2025-08-20 12:41:05,337 INFO  [org.apa.kaf.cli.con.int.ConsumerCoordinator] (ForkJoinPool.commonPool-worker-2) [Consumer clientId=consumer-Consumer-topic-c2b47cc9_e6c8_4d33_ac14_2030535f1ca4-15, groupId=Consumer-topic-c2b47cc9_e6c8_4d33_ac14_2030535f1ca4] Request joining group due to: need to re-join with the given member-id: consumer-Consumer-topic-c2b47cc9_e6c8_4d33_ac14_2030535f1ca4-15-bb6996cd-5e57-4327-b500-7e0607d4c367
2025-08-20 12:41:05,337 INFO  [org.apa.kaf.cli.con.int.ConsumerCoordinator] (ForkJoinPool.commonPool-worker-2) [Consumer clientId=consumer-Consumer-topic-c2b47cc9_e6c8_4d33_ac14_2030535f1ca4-15, groupId=Consumer-topic-c2b47cc9_e6c8_4d33_ac14_2030535f1ca4] (Re-)joining group
2025-08-20 12:41:06,331 INFO  [io.api.tes.ser.api.KafkaSerdesTester] (ForkJoinPool.commonPool-worker-2) None found
2025-08-20 12:41:07,332 INFO  [io.api.tes.ser.api.KafkaSerdesTester] (ForkJoinPool.commonPool-worker-2) None found
2025-08-20 12:41:08,332 INFO  [io.api.tes.ser.api.KafkaSerdesTester] (ForkJoinPool.commonPool-worker-2) None found
2025-08-20 12:41:08,339 INFO  [org.apa.kaf.cli.con.int.ConsumerCoordinator] (ForkJoinPool.commonPool-worker-2) [Consumer clientId=consumer-Consumer-topic-c2b47cc9_e6c8_4d33_ac14_2030535f1ca4-15, groupId=Consumer-topic-c2b47cc9_e6c8_4d33_ac14_2030535f1ca4] Successfully joined group with generation Generation{generationId=1, memberId='consumer-Consumer-topic-c2b47cc9_e6c8_4d33_ac14_2030535f1ca4-15-bb6996cd-5e57-4327-b500-7e0607d4c367', protocol='range'}
2025-08-20 12:41:08,339 INFO  [org.apa.kaf.cli.con.int.ConsumerCoordinator] (ForkJoinPool.commonPool-worker-2) [Consumer clientId=consumer-Consumer-topic-c2b47cc9_e6c8_4d33_ac14_2030535f1ca4-15, groupId=Consumer-topic-c2b47cc9_e6c8_4d33_ac14_2030535f1ca4] Finished assignment for group at generation 1: {consumer-Consumer-topic-c2b47cc9_e6c8_4d33_ac14_2030535f1ca4-15-bb6996cd-5e57-4327-b500-7e0607d4c367=Assignment(partitions=[topic-c2b47cc9_e6c8_4d33_ac14_2030535f1ca4-0])}
2025-08-20 12:41:08,344 INFO  [org.apa.kaf.cli.con.int.ConsumerCoordinator] (ForkJoinPool.commonPool-worker-2) [Consumer clientId=consumer-Consumer-topic-c2b47cc9_e6c8_4d33_ac14_2030535f1ca4-15, groupId=Consumer-topic-c2b47cc9_e6c8_4d33_ac14_2030535f1ca4] Successfully synced group in generation Generation{generationId=1, memberId='consumer-Consumer-topic-c2b47cc9_e6c8_4d33_ac14_2030535f1ca4-15-bb6996cd-5e57-4327-b500-7e0607d4c367', protocol='range'}
2025-08-20 12:41:08,344 INFO  [org.apa.kaf.cli.con.int.ConsumerCoordinator] (ForkJoinPool.commonPool-worker-2) [Consumer clientId=consumer-Consumer-topic-c2b47cc9_e6c8_4d33_ac14_2030535f1ca4-15, groupId=Consumer-topic-c2b47cc9_e6c8_4d33_ac14_2030535f1ca4] Notifying assignor about the new Assignment(partitions=[topic-c2b47cc9_e6c8_4d33_ac14_2030535f1ca4-0])
2025-08-20 12:41:08,344 INFO  [org.apa.kaf.cli.con.int.ConsumerRebalanceListenerInvoker] (ForkJoinPool.commonPool-worker-2) [Consumer clientId=consumer-Consumer-topic-c2b47cc9_e6c8_4d33_ac14_2030535f1ca4-15, groupId=Consumer-topic-c2b47cc9_e6c8_4d33_ac14_2030535f1ca4] Adding newly assigned partitions: topic-c2b47cc9_e6c8_4d33_ac14_2030535f1ca4-0
2025-08-20 12:41:08,345 INFO  [org.apa.kaf.cli.con.int.ConsumerCoordinator] (ForkJoinPool.commonPool-worker-2) [Consumer clientId=consumer-Consumer-topic-c2b47cc9_e6c8_4d33_ac14_2030535f1ca4-15, groupId=Consumer-topic-c2b47cc9_e6c8_4d33_ac14_2030535f1ca4] Found no committed offset for partition topic-c2b47cc9_e6c8_4d33_ac14_2030535f1ca4-0
2025-08-20 12:41:08,347 INFO  [org.apa.kaf.cli.con.int.SubscriptionState] (ForkJoinPool.commonPool-worker-2) [Consumer clientId=consumer-Consumer-topic-c2b47cc9_e6c8_4d33_ac14_2030535f1ca4-15, groupId=Consumer-topic-c2b47cc9_e6c8_4d33_ac14_2030535f1ca4] Resetting offset for partition topic-c2b47cc9_e6c8_4d33_ac14_2030535f1ca4-0 to position FetchPosition{offset=0, offsetEpoch=Optional.empty, currentLeader=LeaderAndEpoch{leader=Optional[localhost:32769 (id: 0 rack: null)], epoch=0}}.
2025-08-20 12:41:08,581 INFO  [io.api.tes.ser.api.KafkaSerdesTester] (ForkJoinPool.commonPool-worker-2) topic-c2b47cc9_e6c8_4d33_ac14_2030535f1ca4 0 0 {"key11755693659838": "value-0"}
2025-08-20 12:41:08,581 INFO  [io.api.tes.ser.api.KafkaSerdesTester] (ForkJoinPool.commonPool-worker-2) topic-c2b47cc9_e6c8_4d33_ac14_2030535f1ca4 0 1 {"key11755693659838": "value-1"}
2025-08-20 12:41:08,581 INFO  [io.api.tes.ser.api.KafkaSerdesTester] (ForkJoinPool.commonPool-worker-2) topic-c2b47cc9_e6c8_4d33_ac14_2030535f1ca4 0 2 {"key11755693659838": "value-2"}
2025-08-20 12:41:08,581 INFO  [io.api.tes.ser.api.KafkaSerdesTester] (ForkJoinPool.commonPool-worker-2) topic-c2b47cc9_e6c8_4d33_ac14_2030535f1ca4 0 3 {"key11755693659838": "value-3"}
2025-08-20 12:41:08,581 INFO  [io.api.tes.ser.api.KafkaSerdesTester] (ForkJoinPool.commonPool-worker-2) topic-c2b47cc9_e6c8_4d33_ac14_2030535f1ca4 0 4 {"key11755693659838": "value-4"}
2025-08-20 12:41:08,581 INFO  [io.api.tes.ser.api.KafkaSerdesTester] (ForkJoinPool.commonPool-worker-2) topic-c2b47cc9_e6c8_4d33_ac14_2030535f1ca4 0 5 {"key11755693659838": "value-5"}
2025-08-20 12:41:08,581 INFO  [io.api.tes.ser.api.KafkaSerdesTester] (ForkJoinPool.commonPool-worker-2) topic-c2b47cc9_e6c8_4d33_ac14_2030535f1ca4 0 6 {"key11755693659838": "value-6"}
2025-08-20 12:41:08,581 INFO  [io.api.tes.ser.api.KafkaSerdesTester] (ForkJoinPool.commonPool-worker-2) topic-c2b47cc9_e6c8_4d33_ac14_2030535f1ca4 0 7 {"key11755693659838": "value-7"}
2025-08-20 12:41:08,581 INFO  [io.api.tes.ser.api.KafkaSerdesTester] (ForkJoinPool.commonPool-worker-2) topic-c2b47cc9_e6c8_4d33_ac14_2030535f1ca4 0 8 {"key11755693659838": "value-8"}
2025-08-20 12:41:08,581 INFO  [io.api.tes.ser.api.KafkaSerdesTester] (ForkJoinPool.commonPool-worker-2) topic-c2b47cc9_e6c8_4d33_ac14_2030535f1ca4 0 9 {"key11755693659838": "value-9"}
2025-08-20 12:41:08,581 INFO  [io.api.tes.ser.api.KafkaSerdesTester] (ForkJoinPool.commonPool-worker-2) Consumed 10 messages
2025-08-20 12:41:08,588 INFO  [org.apa.kaf.cli.con.int.ConsumerRebalanceListenerInvoker] (ForkJoinPool.commonPool-worker-2) [Consumer clientId=consumer-Consumer-topic-c2b47cc9_e6c8_4d33_ac14_2030535f1ca4-15, groupId=Consumer-topic-c2b47cc9_e6c8_4d33_ac14_2030535f1ca4] Revoke previously assigned partitions topic-c2b47cc9_e6c8_4d33_ac14_2030535f1ca4-0
2025-08-20 12:41:08,588 INFO  [org.apa.kaf.cli.con.int.ConsumerCoordinator] (ForkJoinPool.commonPool-worker-2) [Consumer clientId=consumer-Consumer-topic-c2b47cc9_e6c8_4d33_ac14_2030535f1ca4-15, groupId=Consumer-topic-c2b47cc9_e6c8_4d33_ac14_2030535f1ca4] Member consumer-Consumer-topic-c2b47cc9_e6c8_4d33_ac14_2030535f1ca4-15-bb6996cd-5e57-4327-b500-7e0607d4c367 sending LeaveGroup request to coordinator localhost:32769 (id: 2147483647 rack: null) due to the consumer is being closed
2025-08-20 12:41:08,588 INFO  [org.apa.kaf.cli.con.int.ConsumerCoordinator] (ForkJoinPool.commonPool-worker-2) [Consumer clientId=consumer-Consumer-topic-c2b47cc9_e6c8_4d33_ac14_2030535f1ca4-15, groupId=Consumer-topic-c2b47cc9_e6c8_4d33_ac14_2030535f1ca4] Resetting generation and member id due to: consumer pro-actively leaving the group
2025-08-20 12:41:08,588 INFO  [org.apa.kaf.cli.con.int.ConsumerCoordinator] (ForkJoinPool.commonPool-worker-2) [Consumer clientId=consumer-Consumer-topic-c2b47cc9_e6c8_4d33_ac14_2030535f1ca4-15, groupId=Consumer-topic-c2b47cc9_e6c8_4d33_ac14_2030535f1ca4] Request joining group due to: consumer pro-actively leaving the group
2025-08-20 12:41:09,082 INFO  [org.apa.kaf.com.met.Metrics] (ForkJoinPool.commonPool-worker-2) Metrics scheduler closed
2025-08-20 12:41:09,082 INFO  [org.apa.kaf.com.met.Metrics] (ForkJoinPool.commonPool-worker-2) Closing reporter org.apache.kafka.common.metrics.JmxReporter
2025-08-20 12:41:09,082 INFO  [org.apa.kaf.com.met.Metrics] (ForkJoinPool.commonPool-worker-2) Closing reporter org.apache.kafka.common.telemetry.internals.ClientTelemetryReporter
2025-08-20 12:41:09,082 INFO  [org.apa.kaf.com.met.Metrics] (ForkJoinPool.commonPool-worker-2) Metrics reporters closed
2025-08-20 12:41:09,084 INFO  [org.apa.kaf.com.uti.AppInfoParser] (ForkJoinPool.commonPool-worker-2) App info kafka.consumer for consumer-Consumer-topic-c2b47cc9_e6c8_4d33_ac14_2030535f1ca4-15 unregistered
2025-08-20 12:41:09,084 INFO  [org.apa.kaf.cli.con.int.ClassicKafkaConsumer] (ForkJoinPool.commonPool-worker-2) [Consumer clientId=consumer-Consumer-topic-f1021251_8d50_43d2_8af1_23c4fd8c5584-16, groupId=Consumer-topic-f1021251_8d50_43d2_8af1_23c4fd8c5584] Subscribed to topic(s): topic-f1021251_8d50_43d2_8af1_23c4fd8c5584
2025-08-20 12:41:09,087 INFO  [org.apa.kaf.cli.Metadata] (ForkJoinPool.commonPool-worker-2) [Consumer clientId=consumer-Consumer-topic-f1021251_8d50_43d2_8af1_23c4fd8c5584-16, groupId=Consumer-topic-f1021251_8d50_43d2_8af1_23c4fd8c5584] Cluster ID: w67HKo3KT1qYVnubU-PiPQ
2025-08-20 12:41:09,088 INFO  [org.apa.kaf.cli.con.int.ConsumerCoordinator] (ForkJoinPool.commonPool-worker-2) [Consumer clientId=consumer-Consumer-topic-f1021251_8d50_43d2_8af1_23c4fd8c5584-16, groupId=Consumer-topic-f1021251_8d50_43d2_8af1_23c4fd8c5584] Discovered group coordinator localhost:32769 (id: 2147483647 rack: null)
2025-08-20 12:41:09,089 INFO  [org.apa.kaf.cli.con.int.ConsumerCoordinator] (ForkJoinPool.commonPool-worker-2) [Consumer clientId=consumer-Consumer-topic-f1021251_8d50_43d2_8af1_23c4fd8c5584-16, groupId=Consumer-topic-f1021251_8d50_43d2_8af1_23c4fd8c5584] (Re-)joining group
2025-08-20 12:41:09,090 INFO  [org.apa.kaf.cli.con.int.ConsumerCoordinator] (ForkJoinPool.commonPool-worker-2) [Consumer clientId=consumer-Consumer-topic-f1021251_8d50_43d2_8af1_23c4fd8c5584-16, groupId=Consumer-topic-f1021251_8d50_43d2_8af1_23c4fd8c5584] Request joining group due to: need to re-join with the given member-id: consumer-Consumer-topic-f1021251_8d50_43d2_8af1_23c4fd8c5584-16-aa034e30-8ff2-4a68-933e-c54d09e55fb0
2025-08-20 12:41:09,090 INFO  [org.apa.kaf.cli.con.int.ConsumerCoordinator] (ForkJoinPool.commonPool-worker-2) [Consumer clientId=consumer-Consumer-topic-f1021251_8d50_43d2_8af1_23c4fd8c5584-16, groupId=Consumer-topic-f1021251_8d50_43d2_8af1_23c4fd8c5584] (Re-)joining group
2025-08-20 12:41:10,084 INFO  [io.api.tes.ser.api.KafkaSerdesTester] (ForkJoinPool.commonPool-worker-2) None found
2025-08-20 12:41:11,084 INFO  [io.api.tes.ser.api.KafkaSerdesTester] (ForkJoinPool.commonPool-worker-2) None found
2025-08-20 12:41:12,084 INFO  [io.api.tes.ser.api.KafkaSerdesTester] (ForkJoinPool.commonPool-worker-2) None found
2025-08-20 12:41:12,092 INFO  [org.apa.kaf.cli.con.int.ConsumerCoordinator] (ForkJoinPool.commonPool-worker-2) [Consumer clientId=consumer-Consumer-topic-f1021251_8d50_43d2_8af1_23c4fd8c5584-16, groupId=Consumer-topic-f1021251_8d50_43d2_8af1_23c4fd8c5584] Successfully joined group with generation Generation{generationId=1, memberId='consumer-Consumer-topic-f1021251_8d50_43d2_8af1_23c4fd8c5584-16-aa034e30-8ff2-4a68-933e-c54d09e55fb0', protocol='range'}
2025-08-20 12:41:12,092 INFO  [org.apa.kaf.cli.con.int.ConsumerCoordinator] (ForkJoinPool.commonPool-worker-2) [Consumer clientId=consumer-Consumer-topic-f1021251_8d50_43d2_8af1_23c4fd8c5584-16, groupId=Consumer-topic-f1021251_8d50_43d2_8af1_23c4fd8c5584] Finished assignment for group at generation 1: {consumer-Consumer-topic-f1021251_8d50_43d2_8af1_23c4fd8c5584-16-aa034e30-8ff2-4a68-933e-c54d09e55fb0=Assignment(partitions=[topic-f1021251_8d50_43d2_8af1_23c4fd8c5584-0])}
2025-08-20 12:41:12,099 INFO  [org.apa.kaf.cli.con.int.ConsumerCoordinator] (ForkJoinPool.commonPool-worker-2) [Consumer clientId=consumer-Consumer-topic-f1021251_8d50_43d2_8af1_23c4fd8c5584-16, groupId=Consumer-topic-f1021251_8d50_43d2_8af1_23c4fd8c5584] Successfully synced group in generation Generation{generationId=1, memberId='consumer-Consumer-topic-f1021251_8d50_43d2_8af1_23c4fd8c5584-16-aa034e30-8ff2-4a68-933e-c54d09e55fb0', protocol='range'}
2025-08-20 12:41:12,099 INFO  [org.apa.kaf.cli.con.int.ConsumerCoordinator] (ForkJoinPool.commonPool-worker-2) [Consumer clientId=consumer-Consumer-topic-f1021251_8d50_43d2_8af1_23c4fd8c5584-16, groupId=Consumer-topic-f1021251_8d50_43d2_8af1_23c4fd8c5584] Notifying assignor about the new Assignment(partitions=[topic-f1021251_8d50_43d2_8af1_23c4fd8c5584-0])
2025-08-20 12:41:12,099 INFO  [org.apa.kaf.cli.con.int.ConsumerRebalanceListenerInvoker] (ForkJoinPool.commonPool-worker-2) [Consumer clientId=consumer-Consumer-topic-f1021251_8d50_43d2_8af1_23c4fd8c5584-16, groupId=Consumer-topic-f1021251_8d50_43d2_8af1_23c4fd8c5584] Adding newly assigned partitions: topic-f1021251_8d50_43d2_8af1_23c4fd8c5584-0
2025-08-20 12:41:12,099 INFO  [org.apa.kaf.cli.con.int.ConsumerCoordinator] (ForkJoinPool.commonPool-worker-2) [Consumer clientId=consumer-Consumer-topic-f1021251_8d50_43d2_8af1_23c4fd8c5584-16, groupId=Consumer-topic-f1021251_8d50_43d2_8af1_23c4fd8c5584] Found no committed offset for partition topic-f1021251_8d50_43d2_8af1_23c4fd8c5584-0
2025-08-20 12:41:12,102 INFO  [org.apa.kaf.cli.con.int.SubscriptionState] (ForkJoinPool.commonPool-worker-2) [Consumer clientId=consumer-Consumer-topic-f1021251_8d50_43d2_8af1_23c4fd8c5584-16, groupId=Consumer-topic-f1021251_8d50_43d2_8af1_23c4fd8c5584] Resetting offset for partition topic-f1021251_8d50_43d2_8af1_23c4fd8c5584-0 to position FetchPosition{offset=0, offsetEpoch=Optional.empty, currentLeader=LeaderAndEpoch{leader=Optional[localhost:32769 (id: 0 rack: null)], epoch=0}}.
2025-08-20 12:41:12,335 INFO  [io.api.tes.ser.api.KafkaSerdesTester] (ForkJoinPool.commonPool-worker-2) topic-f1021251_8d50_43d2_8af1_23c4fd8c5584 0 0 {"key11755693659838": "value-0"}
2025-08-20 12:41:12,335 INFO  [io.api.tes.ser.api.KafkaSerdesTester] (ForkJoinPool.commonPool-worker-2) topic-f1021251_8d50_43d2_8af1_23c4fd8c5584 0 1 {"key11755693659838": "value-1"}
2025-08-20 12:41:12,335 INFO  [io.api.tes.ser.api.KafkaSerdesTester] (ForkJoinPool.commonPool-worker-2) topic-f1021251_8d50_43d2_8af1_23c4fd8c5584 0 2 {"key11755693659838": "value-2"}
2025-08-20 12:41:12,335 INFO  [io.api.tes.ser.api.KafkaSerdesTester] (ForkJoinPool.commonPool-worker-2) topic-f1021251_8d50_43d2_8af1_23c4fd8c5584 0 3 {"key11755693659838": "value-3"}
2025-08-20 12:41:12,336 INFO  [io.api.tes.ser.api.KafkaSerdesTester] (ForkJoinPool.commonPool-worker-2) topic-f1021251_8d50_43d2_8af1_23c4fd8c5584 0 4 {"key11755693659838": "value-4"}
2025-08-20 12:41:12,336 INFO  [io.api.tes.ser.api.KafkaSerdesTester] (ForkJoinPool.commonPool-worker-2) topic-f1021251_8d50_43d2_8af1_23c4fd8c5584 0 5 {"key11755693659838": "value-5"}
2025-08-20 12:41:12,336 INFO  [io.api.tes.ser.api.KafkaSerdesTester] (ForkJoinPool.commonPool-worker-2) topic-f1021251_8d50_43d2_8af1_23c4fd8c5584 0 6 {"key11755693659838": "value-6"}
2025-08-20 12:41:12,336 INFO  [io.api.tes.ser.api.KafkaSerdesTester] (ForkJoinPool.commonPool-worker-2) topic-f1021251_8d50_43d2_8af1_23c4fd8c5584 0 7 {"key11755693659838": "value-7"}
2025-08-20 12:41:12,336 INFO  [io.api.tes.ser.api.KafkaSerdesTester] (ForkJoinPool.commonPool-worker-2) topic-f1021251_8d50_43d2_8af1_23c4fd8c5584 0 8 {"key11755693659838": "value-8"}
2025-08-20 12:41:12,336 INFO  [io.api.tes.ser.api.KafkaSerdesTester] (ForkJoinPool.commonPool-worker-2) topic-f1021251_8d50_43d2_8af1_23c4fd8c5584 0 9 {"key11755693659838": "value-9"}
2025-08-20 12:41:12,336 INFO  [io.api.tes.ser.api.KafkaSerdesTester] (ForkJoinPool.commonPool-worker-2) Consumed 10 messages
2025-08-20 12:41:12,342 INFO  [org.apa.kaf.cli.con.int.ConsumerRebalanceListenerInvoker] (ForkJoinPool.commonPool-worker-2) [Consumer clientId=consumer-Consumer-topic-f1021251_8d50_43d2_8af1_23c4fd8c5584-16, groupId=Consumer-topic-f1021251_8d50_43d2_8af1_23c4fd8c5584] Revoke previously assigned partitions topic-f1021251_8d50_43d2_8af1_23c4fd8c5584-0
2025-08-20 12:41:12,342 INFO  [org.apa.kaf.cli.con.int.ConsumerCoordinator] (ForkJoinPool.commonPool-worker-2) [Consumer clientId=consumer-Consumer-topic-f1021251_8d50_43d2_8af1_23c4fd8c5584-16, groupId=Consumer-topic-f1021251_8d50_43d2_8af1_23c4fd8c5584] Member consumer-Consumer-topic-f1021251_8d50_43d2_8af1_23c4fd8c5584-16-aa034e30-8ff2-4a68-933e-c54d09e55fb0 sending LeaveGroup request to coordinator localhost:32769 (id: 2147483647 rack: null) due to the consumer is being closed
2025-08-20 12:41:12,342 INFO  [org.apa.kaf.cli.con.int.ConsumerCoordinator] (ForkJoinPool.commonPool-worker-2) [Consumer clientId=consumer-Consumer-topic-f1021251_8d50_43d2_8af1_23c4fd8c5584-16, groupId=Consumer-topic-f1021251_8d50_43d2_8af1_23c4fd8c5584] Resetting generation and member id due to: consumer pro-actively leaving the group
2025-08-20 12:41:12,342 INFO  [org.apa.kaf.cli.con.int.ConsumerCoordinator] (ForkJoinPool.commonPool-worker-2) [Consumer clientId=consumer-Consumer-topic-f1021251_8d50_43d2_8af1_23c4fd8c5584-16, groupId=Consumer-topic-f1021251_8d50_43d2_8af1_23c4fd8c5584] Request joining group due to: consumer pro-actively leaving the group
2025-08-20 12:41:12,837 INFO  [org.apa.kaf.com.met.Metrics] (ForkJoinPool.commonPool-worker-2) Metrics scheduler closed
2025-08-20 12:41:12,837 INFO  [org.apa.kaf.com.met.Metrics] (ForkJoinPool.commonPool-worker-2) Closing reporter org.apache.kafka.common.metrics.JmxReporter
2025-08-20 12:41:12,837 INFO  [org.apa.kaf.com.met.Metrics] (ForkJoinPool.commonPool-worker-2) Closing reporter org.apache.kafka.common.telemetry.internals.ClientTelemetryReporter
2025-08-20 12:41:12,837 INFO  [org.apa.kaf.com.met.Metrics] (ForkJoinPool.commonPool-worker-2) Metrics reporters closed
2025-08-20 12:41:12,839 INFO  [org.apa.kaf.com.uti.AppInfoParser] (ForkJoinPool.commonPool-worker-2) App info kafka.consumer for consumer-Consumer-topic-f1021251_8d50_43d2_8af1_23c4fd8c5584-16 unregistered
2025-08-20 12:41:12,839 INFO  [io.api.tes.uti.TestSeparator] (main) io.apicurio.tests.serdes.apicurio.AvroSerdeIT.testAvroConfluentForMultipleTopics-FINISHED
2025-08-20 12:41:12,839 INFO  [io.api.tes.uti.TestSeparator] (main) ############################################################################
Test passed: testAvroConfluentForMultipleTopics
]]></system-out>
  </testcase>
  <testcase name="testFirstRequestFailsRateLimited" classname="io.apicurio.tests.serdes.apicurio.AvroSerdeIT" time="0.68">
    <system-out><![CDATA[2025-08-20 12:41:12,840 INFO  [io.api.tes.uti.TestSeparator] (main) ############################################################################
2025-08-20 12:41:12,840 INFO  [io.api.tes.uti.TestSeparator] (main) io.apicurio.tests.serdes.apicurio.AvroSerdeIT.testFirstRequestFailsRateLimited-STARTED
2025-08-20 12:41:13,222 INFO  [org.ecl.jet.ser.Server] (main) jetty-11.0.15; built: 2023-04-11T18:37:53.775Z; git: 5bc5e562c8d05c5862505aebe5cf83a61bdbcb96; jvm 17.0.16+8
2025-08-20 12:41:13,252 INFO  [org.ecl.jet.ser.han.ContextHandler] (main) Started o.e.j.s.ServletContextHandler@78a3023f{/__admin,null,AVAILABLE}
2025-08-20 12:41:13,259 INFO  [org.ecl.jet.ser.han.Con.ROOT] (main) RequestHandlerClass from context returned com.github.tomakehurst.wiremock.http.StubRequestHandler. Normalized mapped under returned 'null'
2025-08-20 12:41:13,259 INFO  [org.ecl.jet.ser.han.ContextHandler] (main) Started o.e.j.s.ServletContextHandler@160b010e{/,null,AVAILABLE}
2025-08-20 12:41:13,266 INFO  [org.ecl.jet.ser.AbstractConnector] (main) Started NetworkTrafficServerConnector@4c2f3f41{HTTP/1.1, (http/1.1, h2c)}{0.0.0.0:32833}
2025-08-20 12:41:13,267 INFO  [org.ecl.jet.ser.Server] (main) Started Server@e198e7f{STARTING}[11.0.15,sto=1000] @110691ms
**** Registry Base URL: http://registry-app-mysql.apps.ci419.apicurio-testing.org:80
2025-08-20 12:41:13,274 INFO  [org.apa.kaf.cli.pro.ProducerConfig] (main) ProducerConfig values: 
	acks = -1
	auto.include.jmx.reporter = true
	batch.size = 16384
	bootstrap.servers = [PLAINTEXT://localhost:32769]
	buffer.memory = 33554432
	client.dns.lookup = use_all_dns_ips
	client.id = Producer-topic-f8e3aecc_dec1_41da_a7c2_23688a4efecd
	compression.gzip.level = -1
	compression.lz4.level = 9
	compression.type = none
	compression.zstd.level = 3
	connections.max.idle.ms = 10000
	delivery.timeout.ms = 120000
	enable.idempotence = true
	enable.metrics.push = true
	interceptor.classes = []
	key.serializer = class org.apache.kafka.common.serialization.StringSerializer
	linger.ms = 0
	max.block.ms = 60000
	max.in.flight.requests.per.connection = 5
	max.request.size = 1048576
	metadata.max.age.ms = 300000
	metadata.max.idle.ms = 300000
	metadata.recovery.strategy = none
	metric.reporters = []
	metrics.num.samples = 2
	metrics.recording.level = INFO
	metrics.sample.window.ms = 30000
	partitioner.adaptive.partitioning.enable = true
	partitioner.availability.timeout.ms = 0
	partitioner.class = null
	partitioner.ignore.keys = false
	receive.buffer.bytes = 32768
	reconnect.backoff.max.ms = 1000
	reconnect.backoff.ms = 50
	request.timeout.ms = 5000
	retries = 2147483647
	retry.backoff.max.ms = 1000
	retry.backoff.ms = 100
	sasl.client.callback.handler.class = null
	sasl.jaas.config = null
	sasl.kerberos.kinit.cmd = /usr/bin/kinit
	sasl.kerberos.min.time.before.relogin = 60000
	sasl.kerberos.service.name = null
	sasl.kerberos.ticket.renew.jitter = 0.05
	sasl.kerberos.ticket.renew.window.factor = 0.8
	sasl.login.callback.handler.class = null
	sasl.login.class = null
	sasl.login.connect.timeout.ms = null
	sasl.login.read.timeout.ms = null
	sasl.login.refresh.buffer.seconds = 300
	sasl.login.refresh.min.period.seconds = 60
	sasl.login.refresh.window.factor = 0.8
	sasl.login.refresh.window.jitter = 0.05
	sasl.login.retry.backoff.max.ms = 10000
	sasl.login.retry.backoff.ms = 100
	sasl.mechanism = GSSAPI
	sasl.oauthbearer.clock.skew.seconds = 30
	sasl.oauthbearer.expected.audience = null
	sasl.oauthbearer.expected.issuer = null
	sasl.oauthbearer.header.urlencode = false
	sasl.oauthbearer.jwks.endpoint.refresh.ms = 3600000
	sasl.oauthbearer.jwks.endpoint.retry.backoff.max.ms = 10000
	sasl.oauthbearer.jwks.endpoint.retry.backoff.ms = 100
	sasl.oauthbearer.jwks.endpoint.url = null
	sasl.oauthbearer.scope.claim.name = scope
	sasl.oauthbearer.sub.claim.name = sub
	sasl.oauthbearer.token.endpoint.url = null
	security.protocol = PLAINTEXT
	security.providers = null
	send.buffer.bytes = 131072
	socket.connection.setup.timeout.max.ms = 30000
	socket.connection.setup.timeout.ms = 10000
	ssl.cipher.suites = null
	ssl.enabled.protocols = [TLSv1.2, TLSv1.3]
	ssl.endpoint.identification.algorithm = https
	ssl.engine.factory.class = null
	ssl.key.password = null
	ssl.keymanager.algorithm = SunX509
	ssl.keystore.certificate.chain = null
	ssl.keystore.key = null
	ssl.keystore.location = null
	ssl.keystore.password = null
	ssl.keystore.type = JKS
	ssl.protocol = TLSv1.3
	ssl.provider = null
	ssl.secure.random.implementation = null
	ssl.trustmanager.algorithm = PKIX
	ssl.truststore.certificates = null
	ssl.truststore.location = null
	ssl.truststore.password = null
	ssl.truststore.type = JKS
	transaction.timeout.ms = 60000
	transactional.id = null
	value.serializer = class io.apicurio.registry.serde.avro.AvroKafkaSerializer

2025-08-20 12:41:13,275 INFO  [org.apa.kaf.com.tel.int.KafkaMetricsCollector] (main) initializing Kafka metrics collector
2025-08-20 12:41:13,277 INFO  [org.apa.kaf.cli.pro.KafkaProducer] (main) [Producer clientId=Producer-topic-f8e3aecc_dec1_41da_a7c2_23688a4efecd] Instantiated an idempotent producer.
2025-08-20 12:41:13,279 INFO  [org.apa.kaf.cli.pro.ProducerConfig] (main) These configurations '[apicurio.registry.url, apicurio.registry.artifact-resolver-strategy]' were supplied but are not used yet.
2025-08-20 12:41:13,279 INFO  [org.apa.kaf.com.uti.AppInfoParser] (main) Kafka version: 3.9.1
2025-08-20 12:41:13,279 INFO  [org.apa.kaf.com.uti.AppInfoParser] (main) Kafka commitId: f745dfdcee2b9851
2025-08-20 12:41:13,279 INFO  [org.apa.kaf.com.uti.AppInfoParser] (main) Kafka startTimeMs: 1755693673279
2025-08-20 12:41:13,279 INFO  [io.api.tes.ser.api.KafkaSerdesTester] (ForkJoinPool.commonPool-worker-2) Sending message {"keyB": "value-0"} to topic topic-f8e3aecc_dec1_41da_a7c2_23688a4efecd
2025-08-20 12:41:13,282 WARN  [org.apa.kaf.cli.NetworkClient] (kafka-producer-network-thread | Producer-topic-f8e3aecc_dec1_41da_a7c2_23688a4efecd) [Producer clientId=Producer-topic-f8e3aecc_dec1_41da_a7c2_23688a4efecd] The metadata response from the cluster reported a recoverable issue with correlation id 1 : {topic-f8e3aecc_dec1_41da_a7c2_23688a4efecd=UNKNOWN_TOPIC_OR_PARTITION}
2025-08-20 12:41:13,282 INFO  [org.apa.kaf.cli.Metadata] (kafka-producer-network-thread | Producer-topic-f8e3aecc_dec1_41da_a7c2_23688a4efecd) [Producer clientId=Producer-topic-f8e3aecc_dec1_41da_a7c2_23688a4efecd] Cluster ID: w67HKo3KT1qYVnubU-PiPQ
2025-08-20 12:41:13,282 INFO  [org.apa.kaf.cli.pro.int.TransactionManager] (kafka-producer-network-thread | Producer-topic-f8e3aecc_dec1_41da_a7c2_23688a4efecd) [Producer clientId=Producer-topic-f8e3aecc_dec1_41da_a7c2_23688a4efecd] ProducerId set to 22 with epoch 0
2025-08-20 12:41:13,402 INFO  [DefaultSchemaResolver] (ForkJoinPool.commonPool-worker-2) Retrieving schema content using string: {"type":"record","name":"myrecord","namespace":"mygroup","fields":[{"name":"keyB","type":"string"}]}
2025-08-20 12:41:13,511 INFO  [org.apa.kaf.cli.pro.KafkaProducer] (ForkJoinPool.commonPool-worker-2) [Producer clientId=Producer-topic-f8e3aecc_dec1_41da_a7c2_23688a4efecd] Closing the Kafka producer with timeoutMillis = 9223372036854775807 ms.
2025-08-20 12:41:13,512 INFO  [org.apa.kaf.com.met.Metrics] (ForkJoinPool.commonPool-worker-2) Metrics scheduler closed
2025-08-20 12:41:13,512 INFO  [org.apa.kaf.com.met.Metrics] (ForkJoinPool.commonPool-worker-2) Closing reporter org.apache.kafka.common.metrics.JmxReporter
2025-08-20 12:41:13,512 INFO  [org.apa.kaf.com.met.Metrics] (ForkJoinPool.commonPool-worker-2) Closing reporter org.apache.kafka.common.telemetry.internals.ClientTelemetryReporter
2025-08-20 12:41:13,512 INFO  [org.apa.kaf.com.met.Metrics] (ForkJoinPool.commonPool-worker-2) Metrics reporters closed
2025-08-20 12:41:13,513 INFO  [org.apa.kaf.com.uti.AppInfoParser] (ForkJoinPool.commonPool-worker-2) App info kafka.producer for Producer-topic-f8e3aecc_dec1_41da_a7c2_23688a4efecd unregistered
2025-08-20 12:41:13,515 INFO  [org.ecl.jet.ser.Server] (main) Stopped Server@e198e7f{STOPPING}[11.0.15,sto=1000]
2025-08-20 12:41:13,515 INFO  [org.ecl.jet.ser.Server] (main) Shutdown Server@e198e7f{STOPPING}[11.0.15,sto=1000]
2025-08-20 12:41:13,517 INFO  [org.ecl.jet.ser.AbstractConnector] (main) Stopped NetworkTrafficServerConnector@4c2f3f41{HTTP/1.1, (http/1.1, h2c)}{0.0.0.0:0}
2025-08-20 12:41:13,518 INFO  [org.ecl.jet.ser.han.ContextHandler] (main) Stopped o.e.j.s.ServletContextHandler@160b010e{/,null,STOPPED}
2025-08-20 12:41:13,518 INFO  [org.ecl.jet.ser.han.ContextHandler] (main) Stopped o.e.j.s.ServletContextHandler@78a3023f{/__admin,null,STOPPED}
2025-08-20 12:41:13,520 INFO  [io.api.tes.uti.TestSeparator] (main) io.apicurio.tests.serdes.apicurio.AvroSerdeIT.testFirstRequestFailsRateLimited-FINISHED
2025-08-20 12:41:13,520 INFO  [io.api.tes.uti.TestSeparator] (main) ############################################################################
Test passed: testFirstRequestFailsRateLimited
]]></system-out>
    <system-err><![CDATA[com.microsoft.kiota.ApiException: the server returned an unexpected status code and no error class is registered for this code 429
	at com.microsoft.kiota.ApiExceptionBuilder.withMessage(ApiExceptionBuilder.java:45)
	at io.kiota.http.vertx.VertXRequestAdapter.throwIfFailedResponse(VertXRequestAdapter.java:370)
	at io.kiota.http.vertx.VertXRequestAdapter.send(VertXRequestAdapter.java:170)
	at jdk.internal.reflect.GeneratedMethodAccessor33.invoke(Unknown Source)
	at java.base/jdk.internal.reflect.DelegatingMethodAccessorImpl.invoke(DelegatingMethodAccessorImpl.java:43)
	at java.base/java.lang.reflect.Method.invoke(Method.java:569)
	at io.apicurio.registry.client.RegistryClientFactory$RetryInvocationHandler.invoke(RegistryClientFactory.java:146)
	at jdk.proxy2/jdk.proxy2.$Proxy65.send(Unknown Source)
	at io.apicurio.registry.rest.client.search.versions.VersionsRequestBuilder.post(VersionsRequestBuilder.java:94)
	at io.apicurio.registry.resolver.client.RegistryClientFacadeImpl.searchVersionsByContent(RegistryClientFacadeImpl.java:106)
	at io.apicurio.registry.resolver.DefaultSchemaResolver.lambda$handleResolveSchemaByContent$3(DefaultSchemaResolver.java:258)
	at io.apicurio.registry.resolver.cache.ERCache.lambda$getValue$0(ERCache.java:174)
	at io.apicurio.registry.resolver.cache.ERCache.retry(ERCache.java:227)
	at io.apicurio.registry.resolver.cache.ERCache.getValue(ERCache.java:173)
	at io.apicurio.registry.resolver.cache.ERCache.getByContent(ERCache.java:147)
	at io.apicurio.registry.resolver.DefaultSchemaResolver.handleResolveSchemaByContent(DefaultSchemaResolver.java:253)
	at io.apicurio.registry.resolver.DefaultSchemaResolver.getSchemaFromRegistry(DefaultSchemaResolver.java:138)
	at io.apicurio.registry.resolver.DefaultSchemaResolver.lambda$resolveSchema$0(DefaultSchemaResolver.java:84)
	at java.base/java.util.Optional.orElseGet(Optional.java:364)
	at io.apicurio.registry.resolver.DefaultSchemaResolver.resolveSchema(DefaultSchemaResolver.java:84)
	at io.apicurio.registry.serde.AbstractSerializer.serializeData(AbstractSerializer.java:62)
	at io.apicurio.registry.serde.KafkaSerializer.serialize(KafkaSerializer.java:77)
	at org.apache.kafka.clients.producer.KafkaProducer.doSend(KafkaProducer.java:1046)
	at org.apache.kafka.clients.producer.KafkaProducer.send(KafkaProducer.java:993)
	at org.apache.kafka.clients.producer.KafkaProducer.send(KafkaProducer.java:875)
	at io.apicurio.tests.serdes.apicurio.KafkaSerdesTester.lambda$produceMessages$3(KafkaSerdesTester.java:138)
	at java.base/java.util.concurrent.CompletableFuture$AsyncSupply.run(CompletableFuture.java:1768)
	at java.base/java.util.concurrent.CompletableFuture$AsyncSupply.exec(CompletableFuture.java:1760)
	at java.base/java.util.concurrent.ForkJoinTask.doExec(ForkJoinTask.java:373)
	at java.base/java.util.concurrent.ForkJoinPool$WorkQueue.topLevelExec(ForkJoinPool.java:1182)
	at java.base/java.util.concurrent.ForkJoinPool.scan(ForkJoinPool.java:1655)
	at java.base/java.util.concurrent.ForkJoinPool.runWorker(ForkJoinPool.java:1622)
	at java.base/java.util.concurrent.ForkJoinWorkerThread.run(ForkJoinWorkerThread.java:165)
]]></system-err>
  </testcase>
  <testcase name="testFirstEmptyFieldConfusedAsMagicByte" classname="io.apicurio.tests.serdes.apicurio.AvroSerdeIT" time="4.325">
    <system-out><![CDATA[2025-08-20 12:41:13,521 INFO  [io.api.tes.uti.TestSeparator] (main) ############################################################################
2025-08-20 12:41:13,521 INFO  [io.api.tes.uti.TestSeparator] (main) io.apicurio.tests.serdes.apicurio.AvroSerdeIT.testFirstEmptyFieldConfusedAsMagicByte-STARTED
**** Registry Base URL: http://registry-app-mysql.apps.ci419.apicurio-testing.org:80
2025-08-20 12:41:13,523 INFO  [org.apa.kaf.cli.pro.ProducerConfig] (main) ProducerConfig values: 
	acks = -1
	auto.include.jmx.reporter = true
	batch.size = 16384
	bootstrap.servers = [PLAINTEXT://localhost:32769]
	buffer.memory = 33554432
	client.dns.lookup = use_all_dns_ips
	client.id = Producer-topic-49e77080_4e38_4120_9241_6558d89966fc
	compression.gzip.level = -1
	compression.lz4.level = 9
	compression.type = none
	compression.zstd.level = 3
	connections.max.idle.ms = 10000
	delivery.timeout.ms = 120000
	enable.idempotence = true
	enable.metrics.push = true
	interceptor.classes = []
	key.serializer = class org.apache.kafka.common.serialization.StringSerializer
	linger.ms = 0
	max.block.ms = 60000
	max.in.flight.requests.per.connection = 5
	max.request.size = 1048576
	metadata.max.age.ms = 300000
	metadata.max.idle.ms = 300000
	metadata.recovery.strategy = none
	metric.reporters = []
	metrics.num.samples = 2
	metrics.recording.level = INFO
	metrics.sample.window.ms = 30000
	partitioner.adaptive.partitioning.enable = true
	partitioner.availability.timeout.ms = 0
	partitioner.class = null
	partitioner.ignore.keys = false
	receive.buffer.bytes = 32768
	reconnect.backoff.max.ms = 1000
	reconnect.backoff.ms = 50
	request.timeout.ms = 5000
	retries = 2147483647
	retry.backoff.max.ms = 1000
	retry.backoff.ms = 100
	sasl.client.callback.handler.class = null
	sasl.jaas.config = null
	sasl.kerberos.kinit.cmd = /usr/bin/kinit
	sasl.kerberos.min.time.before.relogin = 60000
	sasl.kerberos.service.name = null
	sasl.kerberos.ticket.renew.jitter = 0.05
	sasl.kerberos.ticket.renew.window.factor = 0.8
	sasl.login.callback.handler.class = null
	sasl.login.class = null
	sasl.login.connect.timeout.ms = null
	sasl.login.read.timeout.ms = null
	sasl.login.refresh.buffer.seconds = 300
	sasl.login.refresh.min.period.seconds = 60
	sasl.login.refresh.window.factor = 0.8
	sasl.login.refresh.window.jitter = 0.05
	sasl.login.retry.backoff.max.ms = 10000
	sasl.login.retry.backoff.ms = 100
	sasl.mechanism = GSSAPI
	sasl.oauthbearer.clock.skew.seconds = 30
	sasl.oauthbearer.expected.audience = null
	sasl.oauthbearer.expected.issuer = null
	sasl.oauthbearer.header.urlencode = false
	sasl.oauthbearer.jwks.endpoint.refresh.ms = 3600000
	sasl.oauthbearer.jwks.endpoint.retry.backoff.max.ms = 10000
	sasl.oauthbearer.jwks.endpoint.retry.backoff.ms = 100
	sasl.oauthbearer.jwks.endpoint.url = null
	sasl.oauthbearer.scope.claim.name = scope
	sasl.oauthbearer.sub.claim.name = sub
	sasl.oauthbearer.token.endpoint.url = null
	security.protocol = PLAINTEXT
	security.providers = null
	send.buffer.bytes = 131072
	socket.connection.setup.timeout.max.ms = 30000
	socket.connection.setup.timeout.ms = 10000
	ssl.cipher.suites = null
	ssl.enabled.protocols = [TLSv1.2, TLSv1.3]
	ssl.endpoint.identification.algorithm = https
	ssl.engine.factory.class = null
	ssl.key.password = null
	ssl.keymanager.algorithm = SunX509
	ssl.keystore.certificate.chain = null
	ssl.keystore.key = null
	ssl.keystore.location = null
	ssl.keystore.password = null
	ssl.keystore.type = JKS
	ssl.protocol = TLSv1.3
	ssl.provider = null
	ssl.secure.random.implementation = null
	ssl.trustmanager.algorithm = PKIX
	ssl.truststore.certificates = null
	ssl.truststore.location = null
	ssl.truststore.password = null
	ssl.truststore.type = JKS
	transaction.timeout.ms = 60000
	transactional.id = null
	value.serializer = class io.apicurio.registry.serde.avro.AvroKafkaSerializer

2025-08-20 12:41:13,523 INFO  [org.apa.kaf.com.tel.int.KafkaMetricsCollector] (main) initializing Kafka metrics collector
2025-08-20 12:41:13,526 INFO  [org.apa.kaf.cli.pro.KafkaProducer] (main) [Producer clientId=Producer-topic-49e77080_4e38_4120_9241_6558d89966fc] Instantiated an idempotent producer.
2025-08-20 12:41:13,528 INFO  [org.apa.kaf.cli.pro.ProducerConfig] (main) These configurations '[apicurio.registry.url, apicurio.registry.auto-register, apicurio.registry.artifact-resolver-strategy]' were supplied but are not used yet.
2025-08-20 12:41:13,528 INFO  [org.apa.kaf.com.uti.AppInfoParser] (main) Kafka version: 3.9.1
2025-08-20 12:41:13,528 INFO  [org.apa.kaf.com.uti.AppInfoParser] (main) Kafka commitId: f745dfdcee2b9851
2025-08-20 12:41:13,528 INFO  [org.apa.kaf.com.uti.AppInfoParser] (main) Kafka startTimeMs: 1755693673528
2025-08-20 12:41:13,529 INFO  [io.api.tes.ser.api.SimpleSerdesTesterBuilder$SimpleSerdesTester] (main) Using producer configuration: {apicurio.registry.url=http://registry-app-mysql.apps.ci419.apicurio-testing.org:80/apis/registry/v3, apicurio.registry.auto-register=true, apicurio.registry.artifact-resolver-strategy=io.apicurio.registry.serde.strategy.SimpleTopicIdStrategy, value.serializer=io.apicurio.registry.serde.avro.AvroKafkaSerializer, request.timeout.ms=5000, acks=all, bootstrap.servers=PLAINTEXT://localhost:32769, connections.max.idle.ms=10000, key.serializer=org.apache.kafka.common.serialization.StringSerializer, client.id=Producer-topic-49e77080_4e38_4120_9241_6558d89966fc}
2025-08-20 12:41:13,529 INFO  [io.api.tes.ser.api.SimpleSerdesTesterBuilder$SimpleSerdesTester] (main) Using consumer configuration: {}
2025-08-20 12:41:13,530 INFO  [io.api.tes.ser.api.KafkaSerdesTester] (ForkJoinPool.commonPool-worker-2) Sending message {"username": null} to topic topic-49e77080_4e38_4120_9241_6558d89966fc
2025-08-20 12:41:13,531 INFO  [org.apa.kaf.cli.Metadata] (kafka-producer-network-thread | Producer-topic-49e77080_4e38_4120_9241_6558d89966fc) [Producer clientId=Producer-topic-49e77080_4e38_4120_9241_6558d89966fc] Cluster ID: w67HKo3KT1qYVnubU-PiPQ
2025-08-20 12:41:13,531 INFO  [org.apa.kaf.cli.pro.int.TransactionManager] (kafka-producer-network-thread | Producer-topic-49e77080_4e38_4120_9241_6558d89966fc) [Producer clientId=Producer-topic-49e77080_4e38_4120_9241_6558d89966fc] ProducerId set to 23 with epoch 0
2025-08-20 12:41:13,535 WARN  [org.apa.kaf.cli.NetworkClient] (kafka-producer-network-thread | Producer-topic-49e77080_4e38_4120_9241_6558d89966fc) [Producer clientId=Producer-topic-49e77080_4e38_4120_9241_6558d89966fc] The metadata response from the cluster reported a recoverable issue with correlation id 5 : {topic-49e77080_4e38_4120_9241_6558d89966fc=UNKNOWN_TOPIC_OR_PARTITION}
2025-08-20 12:41:13,826 INFO  [io.api.tes.ser.api.KafkaSerdesTester] (ForkJoinPool.commonPool-worker-2) Sending message {"username": null} to topic topic-49e77080_4e38_4120_9241_6558d89966fc
2025-08-20 12:41:13,828 INFO  [io.api.tes.ser.api.KafkaSerdesTester] (ForkJoinPool.commonPool-worker-2) Sending message {"username": "value-2"} to topic topic-49e77080_4e38_4120_9241_6558d89966fc
2025-08-20 12:41:13,829 INFO  [io.api.tes.ser.api.KafkaSerdesTester] (ForkJoinPool.commonPool-worker-2) Sending message {"username": null} to topic topic-49e77080_4e38_4120_9241_6558d89966fc
2025-08-20 12:41:13,831 INFO  [io.api.tes.ser.api.KafkaSerdesTester] (ForkJoinPool.commonPool-worker-2) Sending message {"username": "value-4"} to topic topic-49e77080_4e38_4120_9241_6558d89966fc
2025-08-20 12:41:13,832 INFO  [io.api.tes.ser.api.KafkaSerdesTester] (ForkJoinPool.commonPool-worker-2) Sending message {"username": null} to topic topic-49e77080_4e38_4120_9241_6558d89966fc
2025-08-20 12:41:13,833 INFO  [io.api.tes.ser.api.KafkaSerdesTester] (ForkJoinPool.commonPool-worker-2) Sending message {"username": "value-6"} to topic topic-49e77080_4e38_4120_9241_6558d89966fc
2025-08-20 12:41:13,835 INFO  [io.api.tes.ser.api.KafkaSerdesTester] (ForkJoinPool.commonPool-worker-2) Sending message {"username": null} to topic topic-49e77080_4e38_4120_9241_6558d89966fc
2025-08-20 12:41:13,836 INFO  [io.api.tes.ser.api.KafkaSerdesTester] (ForkJoinPool.commonPool-worker-2) Sending message {"username": "value-8"} to topic topic-49e77080_4e38_4120_9241_6558d89966fc
2025-08-20 12:41:13,837 INFO  [io.api.tes.ser.api.KafkaSerdesTester] (ForkJoinPool.commonPool-worker-2) Sending message {"username": null} to topic topic-49e77080_4e38_4120_9241_6558d89966fc
2025-08-20 12:41:13,838 INFO  [io.api.tes.ser.api.KafkaSerdesTester] (ForkJoinPool.commonPool-worker-2) Produced 10 messages
2025-08-20 12:41:13,838 INFO  [org.apa.kaf.cli.pro.KafkaProducer] (ForkJoinPool.commonPool-worker-2) [Producer clientId=Producer-topic-49e77080_4e38_4120_9241_6558d89966fc] Closing the Kafka producer with timeoutMillis = 9223372036854775807 ms.
2025-08-20 12:41:13,840 INFO  [org.apa.kaf.com.met.Metrics] (ForkJoinPool.commonPool-worker-2) Metrics scheduler closed
2025-08-20 12:41:13,840 INFO  [org.apa.kaf.com.met.Metrics] (ForkJoinPool.commonPool-worker-2) Closing reporter org.apache.kafka.common.metrics.JmxReporter
2025-08-20 12:41:13,840 INFO  [org.apa.kaf.com.met.Metrics] (ForkJoinPool.commonPool-worker-2) Closing reporter org.apache.kafka.common.telemetry.internals.ClientTelemetryReporter
2025-08-20 12:41:13,840 INFO  [org.apa.kaf.com.met.Metrics] (ForkJoinPool.commonPool-worker-2) Metrics reporters closed
2025-08-20 12:41:13,840 INFO  [org.apa.kaf.com.uti.AppInfoParser] (ForkJoinPool.commonPool-worker-2) App info kafka.producer for Producer-topic-49e77080_4e38_4120_9241_6558d89966fc unregistered
**** Registry Base URL: http://registry-app-mysql.apps.ci419.apicurio-testing.org:80
2025-08-20 12:41:14,077 INFO  [org.apa.kaf.cli.con.ConsumerConfig] (main) ConsumerConfig values: 
	allow.auto.create.topics = true
	auto.commit.interval.ms = 500
	auto.include.jmx.reporter = true
	auto.offset.reset = earliest
	bootstrap.servers = [PLAINTEXT://localhost:32769]
	check.crcs = true
	client.dns.lookup = use_all_dns_ips
	client.id = consumer-Consumer-topic-49e77080_4e38_4120_9241_6558d89966fc-17
	client.rack = 
	connections.max.idle.ms = 10000
	default.api.timeout.ms = 60000
	enable.auto.commit = true
	enable.metrics.push = true
	exclude.internal.topics = true
	fetch.max.bytes = 52428800
	fetch.max.wait.ms = 500
	fetch.min.bytes = 1
	group.id = Consumer-topic-49e77080_4e38_4120_9241_6558d89966fc
	group.instance.id = null
	group.protocol = classic
	group.remote.assignor = null
	heartbeat.interval.ms = 3000
	interceptor.classes = []
	internal.leave.group.on.close = true
	internal.throw.on.fetch.stable.offset.unsupported = false
	isolation.level = read_uncommitted
	key.deserializer = class org.apache.kafka.common.serialization.StringDeserializer
	max.partition.fetch.bytes = 1048576
	max.poll.interval.ms = 300000
	max.poll.records = 500
	metadata.max.age.ms = 300000
	metadata.recovery.strategy = none
	metric.reporters = []
	metrics.num.samples = 2
	metrics.recording.level = INFO
	metrics.sample.window.ms = 30000
	partition.assignment.strategy = [class org.apache.kafka.clients.consumer.RangeAssignor, class org.apache.kafka.clients.consumer.CooperativeStickyAssignor]
	receive.buffer.bytes = 65536
	reconnect.backoff.max.ms = 1000
	reconnect.backoff.ms = 50
	request.timeout.ms = 5000
	retry.backoff.max.ms = 1000
	retry.backoff.ms = 100
	sasl.client.callback.handler.class = null
	sasl.jaas.config = null
	sasl.kerberos.kinit.cmd = /usr/bin/kinit
	sasl.kerberos.min.time.before.relogin = 60000
	sasl.kerberos.service.name = null
	sasl.kerberos.ticket.renew.jitter = 0.05
	sasl.kerberos.ticket.renew.window.factor = 0.8
	sasl.login.callback.handler.class = null
	sasl.login.class = null
	sasl.login.connect.timeout.ms = null
	sasl.login.read.timeout.ms = null
	sasl.login.refresh.buffer.seconds = 300
	sasl.login.refresh.min.period.seconds = 60
	sasl.login.refresh.window.factor = 0.8
	sasl.login.refresh.window.jitter = 0.05
	sasl.login.retry.backoff.max.ms = 10000
	sasl.login.retry.backoff.ms = 100
	sasl.mechanism = GSSAPI
	sasl.oauthbearer.clock.skew.seconds = 30
	sasl.oauthbearer.expected.audience = null
	sasl.oauthbearer.expected.issuer = null
	sasl.oauthbearer.header.urlencode = false
	sasl.oauthbearer.jwks.endpoint.refresh.ms = 3600000
	sasl.oauthbearer.jwks.endpoint.retry.backoff.max.ms = 10000
	sasl.oauthbearer.jwks.endpoint.retry.backoff.ms = 100
	sasl.oauthbearer.jwks.endpoint.url = null
	sasl.oauthbearer.scope.claim.name = scope
	sasl.oauthbearer.sub.claim.name = sub
	sasl.oauthbearer.token.endpoint.url = null
	security.protocol = PLAINTEXT
	security.providers = null
	send.buffer.bytes = 131072
	session.timeout.ms = 45000
	socket.connection.setup.timeout.max.ms = 30000
	socket.connection.setup.timeout.ms = 10000
	ssl.cipher.suites = null
	ssl.enabled.protocols = [TLSv1.2, TLSv1.3]
	ssl.endpoint.identification.algorithm = https
	ssl.engine.factory.class = null
	ssl.key.password = null
	ssl.keymanager.algorithm = SunX509
	ssl.keystore.certificate.chain = null
	ssl.keystore.key = null
	ssl.keystore.location = null
	ssl.keystore.password = null
	ssl.keystore.type = JKS
	ssl.protocol = TLSv1.3
	ssl.provider = null
	ssl.secure.random.implementation = null
	ssl.trustmanager.algorithm = PKIX
	ssl.truststore.certificates = null
	ssl.truststore.location = null
	ssl.truststore.password = null
	ssl.truststore.type = JKS
	value.deserializer = class io.apicurio.registry.serde.avro.AvroKafkaDeserializer

2025-08-20 12:41:14,077 INFO  [org.apa.kaf.com.tel.int.KafkaMetricsCollector] (main) initializing Kafka metrics collector
2025-08-20 12:41:14,081 INFO  [org.apa.kaf.cli.con.ConsumerConfig] (main) These configurations '[apicurio.registry.url]' were supplied but are not used yet.
2025-08-20 12:41:14,081 INFO  [org.apa.kaf.com.uti.AppInfoParser] (main) Kafka version: 3.9.1
2025-08-20 12:41:14,081 INFO  [org.apa.kaf.com.uti.AppInfoParser] (main) Kafka commitId: f745dfdcee2b9851
2025-08-20 12:41:14,081 INFO  [org.apa.kaf.com.uti.AppInfoParser] (main) Kafka startTimeMs: 1755693674081
2025-08-20 12:41:14,081 INFO  [org.apa.kaf.cli.con.int.ClassicKafkaConsumer] (ForkJoinPool.commonPool-worker-2) [Consumer clientId=consumer-Consumer-topic-49e77080_4e38_4120_9241_6558d89966fc-17, groupId=Consumer-topic-49e77080_4e38_4120_9241_6558d89966fc] Subscribed to topic(s): topic-49e77080_4e38_4120_9241_6558d89966fc
2025-08-20 12:41:14,084 INFO  [org.apa.kaf.cli.Metadata] (ForkJoinPool.commonPool-worker-2) [Consumer clientId=consumer-Consumer-topic-49e77080_4e38_4120_9241_6558d89966fc-17, groupId=Consumer-topic-49e77080_4e38_4120_9241_6558d89966fc] Cluster ID: w67HKo3KT1qYVnubU-PiPQ
2025-08-20 12:41:14,084 INFO  [org.apa.kaf.cli.con.int.ConsumerCoordinator] (ForkJoinPool.commonPool-worker-2) [Consumer clientId=consumer-Consumer-topic-49e77080_4e38_4120_9241_6558d89966fc-17, groupId=Consumer-topic-49e77080_4e38_4120_9241_6558d89966fc] Discovered group coordinator localhost:32769 (id: 2147483647 rack: null)
2025-08-20 12:41:14,085 INFO  [org.apa.kaf.cli.con.int.ConsumerCoordinator] (ForkJoinPool.commonPool-worker-2) [Consumer clientId=consumer-Consumer-topic-49e77080_4e38_4120_9241_6558d89966fc-17, groupId=Consumer-topic-49e77080_4e38_4120_9241_6558d89966fc] (Re-)joining group
2025-08-20 12:41:14,087 INFO  [org.apa.kaf.cli.con.int.ConsumerCoordinator] (ForkJoinPool.commonPool-worker-2) [Consumer clientId=consumer-Consumer-topic-49e77080_4e38_4120_9241_6558d89966fc-17, groupId=Consumer-topic-49e77080_4e38_4120_9241_6558d89966fc] Request joining group due to: need to re-join with the given member-id: consumer-Consumer-topic-49e77080_4e38_4120_9241_6558d89966fc-17-d93a7d74-17ba-495f-b0eb-a13c7cdb2426
2025-08-20 12:41:14,087 INFO  [org.apa.kaf.cli.con.int.ConsumerCoordinator] (ForkJoinPool.commonPool-worker-2) [Consumer clientId=consumer-Consumer-topic-49e77080_4e38_4120_9241_6558d89966fc-17, groupId=Consumer-topic-49e77080_4e38_4120_9241_6558d89966fc] (Re-)joining group
2025-08-20 12:41:15,083 INFO  [io.api.tes.ser.api.KafkaSerdesTester] (ForkJoinPool.commonPool-worker-2) None found
2025-08-20 12:41:16,083 INFO  [io.api.tes.ser.api.KafkaSerdesTester] (ForkJoinPool.commonPool-worker-2) None found
2025-08-20 12:41:17,083 INFO  [io.api.tes.ser.api.KafkaSerdesTester] (ForkJoinPool.commonPool-worker-2) None found
2025-08-20 12:41:17,088 INFO  [org.apa.kaf.cli.con.int.ConsumerCoordinator] (ForkJoinPool.commonPool-worker-2) [Consumer clientId=consumer-Consumer-topic-49e77080_4e38_4120_9241_6558d89966fc-17, groupId=Consumer-topic-49e77080_4e38_4120_9241_6558d89966fc] Successfully joined group with generation Generation{generationId=1, memberId='consumer-Consumer-topic-49e77080_4e38_4120_9241_6558d89966fc-17-d93a7d74-17ba-495f-b0eb-a13c7cdb2426', protocol='range'}
2025-08-20 12:41:17,089 INFO  [org.apa.kaf.cli.con.int.ConsumerCoordinator] (ForkJoinPool.commonPool-worker-2) [Consumer clientId=consumer-Consumer-topic-49e77080_4e38_4120_9241_6558d89966fc-17, groupId=Consumer-topic-49e77080_4e38_4120_9241_6558d89966fc] Finished assignment for group at generation 1: {consumer-Consumer-topic-49e77080_4e38_4120_9241_6558d89966fc-17-d93a7d74-17ba-495f-b0eb-a13c7cdb2426=Assignment(partitions=[topic-49e77080_4e38_4120_9241_6558d89966fc-0])}
2025-08-20 12:41:17,095 INFO  [org.apa.kaf.cli.con.int.ConsumerCoordinator] (ForkJoinPool.commonPool-worker-2) [Consumer clientId=consumer-Consumer-topic-49e77080_4e38_4120_9241_6558d89966fc-17, groupId=Consumer-topic-49e77080_4e38_4120_9241_6558d89966fc] Successfully synced group in generation Generation{generationId=1, memberId='consumer-Consumer-topic-49e77080_4e38_4120_9241_6558d89966fc-17-d93a7d74-17ba-495f-b0eb-a13c7cdb2426', protocol='range'}
2025-08-20 12:41:17,095 INFO  [org.apa.kaf.cli.con.int.ConsumerCoordinator] (ForkJoinPool.commonPool-worker-2) [Consumer clientId=consumer-Consumer-topic-49e77080_4e38_4120_9241_6558d89966fc-17, groupId=Consumer-topic-49e77080_4e38_4120_9241_6558d89966fc] Notifying assignor about the new Assignment(partitions=[topic-49e77080_4e38_4120_9241_6558d89966fc-0])
2025-08-20 12:41:17,095 INFO  [org.apa.kaf.cli.con.int.ConsumerRebalanceListenerInvoker] (ForkJoinPool.commonPool-worker-2) [Consumer clientId=consumer-Consumer-topic-49e77080_4e38_4120_9241_6558d89966fc-17, groupId=Consumer-topic-49e77080_4e38_4120_9241_6558d89966fc] Adding newly assigned partitions: topic-49e77080_4e38_4120_9241_6558d89966fc-0
2025-08-20 12:41:17,096 INFO  [org.apa.kaf.cli.con.int.ConsumerCoordinator] (ForkJoinPool.commonPool-worker-2) [Consumer clientId=consumer-Consumer-topic-49e77080_4e38_4120_9241_6558d89966fc-17, groupId=Consumer-topic-49e77080_4e38_4120_9241_6558d89966fc] Found no committed offset for partition topic-49e77080_4e38_4120_9241_6558d89966fc-0
2025-08-20 12:41:17,099 INFO  [org.apa.kaf.cli.con.int.SubscriptionState] (ForkJoinPool.commonPool-worker-2) [Consumer clientId=consumer-Consumer-topic-49e77080_4e38_4120_9241_6558d89966fc-17, groupId=Consumer-topic-49e77080_4e38_4120_9241_6558d89966fc] Resetting offset for partition topic-49e77080_4e38_4120_9241_6558d89966fc-0 to position FetchPosition{offset=0, offsetEpoch=Optional.empty, currentLeader=LeaderAndEpoch{leader=Optional[localhost:32769 (id: 0 rack: null)], epoch=0}}.
2025-08-20 12:41:17,340 INFO  [io.api.tes.ser.api.KafkaSerdesTester] (ForkJoinPool.commonPool-worker-2) topic-49e77080_4e38_4120_9241_6558d89966fc 0 0 {"username": null}
2025-08-20 12:41:17,340 INFO  [io.api.tes.ser.api.KafkaSerdesTester] (ForkJoinPool.commonPool-worker-2) topic-49e77080_4e38_4120_9241_6558d89966fc 0 1 {"username": null}
2025-08-20 12:41:17,341 INFO  [io.api.tes.ser.api.KafkaSerdesTester] (ForkJoinPool.commonPool-worker-2) topic-49e77080_4e38_4120_9241_6558d89966fc 0 2 {"username": "value-2"}
2025-08-20 12:41:17,341 INFO  [io.api.tes.ser.api.KafkaSerdesTester] (ForkJoinPool.commonPool-worker-2) topic-49e77080_4e38_4120_9241_6558d89966fc 0 3 {"username": null}
2025-08-20 12:41:17,341 INFO  [io.api.tes.ser.api.KafkaSerdesTester] (ForkJoinPool.commonPool-worker-2) topic-49e77080_4e38_4120_9241_6558d89966fc 0 4 {"username": "value-4"}
2025-08-20 12:41:17,341 INFO  [io.api.tes.ser.api.KafkaSerdesTester] (ForkJoinPool.commonPool-worker-2) topic-49e77080_4e38_4120_9241_6558d89966fc 0 5 {"username": null}
2025-08-20 12:41:17,341 INFO  [io.api.tes.ser.api.KafkaSerdesTester] (ForkJoinPool.commonPool-worker-2) topic-49e77080_4e38_4120_9241_6558d89966fc 0 6 {"username": "value-6"}
2025-08-20 12:41:17,341 INFO  [io.api.tes.ser.api.KafkaSerdesTester] (ForkJoinPool.commonPool-worker-2) topic-49e77080_4e38_4120_9241_6558d89966fc 0 7 {"username": null}
2025-08-20 12:41:17,341 INFO  [io.api.tes.ser.api.KafkaSerdesTester] (ForkJoinPool.commonPool-worker-2) topic-49e77080_4e38_4120_9241_6558d89966fc 0 8 {"username": "value-8"}
2025-08-20 12:41:17,341 INFO  [io.api.tes.ser.api.KafkaSerdesTester] (ForkJoinPool.commonPool-worker-2) topic-49e77080_4e38_4120_9241_6558d89966fc 0 9 {"username": null}
2025-08-20 12:41:17,341 INFO  [io.api.tes.ser.api.KafkaSerdesTester] (ForkJoinPool.commonPool-worker-2) Consumed 10 messages
2025-08-20 12:41:17,348 INFO  [org.apa.kaf.cli.con.int.ConsumerRebalanceListenerInvoker] (ForkJoinPool.commonPool-worker-2) [Consumer clientId=consumer-Consumer-topic-49e77080_4e38_4120_9241_6558d89966fc-17, groupId=Consumer-topic-49e77080_4e38_4120_9241_6558d89966fc] Revoke previously assigned partitions topic-49e77080_4e38_4120_9241_6558d89966fc-0
2025-08-20 12:41:17,348 INFO  [org.apa.kaf.cli.con.int.ConsumerCoordinator] (ForkJoinPool.commonPool-worker-2) [Consumer clientId=consumer-Consumer-topic-49e77080_4e38_4120_9241_6558d89966fc-17, groupId=Consumer-topic-49e77080_4e38_4120_9241_6558d89966fc] Member consumer-Consumer-topic-49e77080_4e38_4120_9241_6558d89966fc-17-d93a7d74-17ba-495f-b0eb-a13c7cdb2426 sending LeaveGroup request to coordinator localhost:32769 (id: 2147483647 rack: null) due to the consumer is being closed
2025-08-20 12:41:17,348 INFO  [org.apa.kaf.cli.con.int.ConsumerCoordinator] (ForkJoinPool.commonPool-worker-2) [Consumer clientId=consumer-Consumer-topic-49e77080_4e38_4120_9241_6558d89966fc-17, groupId=Consumer-topic-49e77080_4e38_4120_9241_6558d89966fc] Resetting generation and member id due to: consumer pro-actively leaving the group
2025-08-20 12:41:17,348 INFO  [org.apa.kaf.cli.con.int.ConsumerCoordinator] (ForkJoinPool.commonPool-worker-2) [Consumer clientId=consumer-Consumer-topic-49e77080_4e38_4120_9241_6558d89966fc-17, groupId=Consumer-topic-49e77080_4e38_4120_9241_6558d89966fc] Request joining group due to: consumer pro-actively leaving the group
2025-08-20 12:41:17,843 INFO  [org.apa.kaf.com.met.Metrics] (ForkJoinPool.commonPool-worker-2) Metrics scheduler closed
2025-08-20 12:41:17,843 INFO  [org.apa.kaf.com.met.Metrics] (ForkJoinPool.commonPool-worker-2) Closing reporter org.apache.kafka.common.metrics.JmxReporter
2025-08-20 12:41:17,843 INFO  [org.apa.kaf.com.met.Metrics] (ForkJoinPool.commonPool-worker-2) Closing reporter org.apache.kafka.common.telemetry.internals.ClientTelemetryReporter
2025-08-20 12:41:17,843 INFO  [org.apa.kaf.com.met.Metrics] (ForkJoinPool.commonPool-worker-2) Metrics reporters closed
2025-08-20 12:41:17,844 INFO  [org.apa.kaf.com.uti.AppInfoParser] (ForkJoinPool.commonPool-worker-2) App info kafka.consumer for consumer-Consumer-topic-49e77080_4e38_4120_9241_6558d89966fc-17 unregistered
2025-08-20 12:41:17,845 INFO  [io.api.tes.uti.TestSeparator] (main) io.apicurio.tests.serdes.apicurio.AvroSerdeIT.testFirstEmptyFieldConfusedAsMagicByte-FINISHED
2025-08-20 12:41:17,845 INFO  [io.api.tes.uti.TestSeparator] (main) ############################################################################
Test passed: testFirstEmptyFieldConfusedAsMagicByte
]]></system-out>
  </testcase>
  <testcase name="testAvroSerDesFailDifferentSchemaByContent" classname="io.apicurio.tests.serdes.apicurio.AvroSerdeIT" time="1.439">
    <system-out><![CDATA[2025-08-20 12:41:17,846 INFO  [io.api.tes.uti.TestSeparator] (main) ############################################################################
2025-08-20 12:41:17,846 INFO  [io.api.tes.uti.TestSeparator] (main) io.apicurio.tests.serdes.apicurio.AvroSerdeIT.testAvroSerDesFailDifferentSchemaByContent-STARTED
**** Registry Base URL: http://registry-app-mysql.apps.ci419.apicurio-testing.org:80
2025-08-20 12:41:19,039 INFO  [org.apa.kaf.cli.pro.ProducerConfig] (main) ProducerConfig values: 
	acks = -1
	auto.include.jmx.reporter = true
	batch.size = 16384
	bootstrap.servers = [PLAINTEXT://localhost:32769]
	buffer.memory = 33554432
	client.dns.lookup = use_all_dns_ips
	client.id = Producer-topic-605ce8f4_6080_4b30_ae8e_1402ba10c807
	compression.gzip.level = -1
	compression.lz4.level = 9
	compression.type = none
	compression.zstd.level = 3
	connections.max.idle.ms = 10000
	delivery.timeout.ms = 120000
	enable.idempotence = true
	enable.metrics.push = true
	interceptor.classes = []
	key.serializer = class org.apache.kafka.common.serialization.StringSerializer
	linger.ms = 0
	max.block.ms = 60000
	max.in.flight.requests.per.connection = 5
	max.request.size = 1048576
	metadata.max.age.ms = 300000
	metadata.max.idle.ms = 300000
	metadata.recovery.strategy = none
	metric.reporters = []
	metrics.num.samples = 2
	metrics.recording.level = INFO
	metrics.sample.window.ms = 30000
	partitioner.adaptive.partitioning.enable = true
	partitioner.availability.timeout.ms = 0
	partitioner.class = null
	partitioner.ignore.keys = false
	receive.buffer.bytes = 32768
	reconnect.backoff.max.ms = 1000
	reconnect.backoff.ms = 50
	request.timeout.ms = 5000
	retries = 2147483647
	retry.backoff.max.ms = 1000
	retry.backoff.ms = 100
	sasl.client.callback.handler.class = null
	sasl.jaas.config = null
	sasl.kerberos.kinit.cmd = /usr/bin/kinit
	sasl.kerberos.min.time.before.relogin = 60000
	sasl.kerberos.service.name = null
	sasl.kerberos.ticket.renew.jitter = 0.05
	sasl.kerberos.ticket.renew.window.factor = 0.8
	sasl.login.callback.handler.class = null
	sasl.login.class = null
	sasl.login.connect.timeout.ms = null
	sasl.login.read.timeout.ms = null
	sasl.login.refresh.buffer.seconds = 300
	sasl.login.refresh.min.period.seconds = 60
	sasl.login.refresh.window.factor = 0.8
	sasl.login.refresh.window.jitter = 0.05
	sasl.login.retry.backoff.max.ms = 10000
	sasl.login.retry.backoff.ms = 100
	sasl.mechanism = GSSAPI
	sasl.oauthbearer.clock.skew.seconds = 30
	sasl.oauthbearer.expected.audience = null
	sasl.oauthbearer.expected.issuer = null
	sasl.oauthbearer.header.urlencode = false
	sasl.oauthbearer.jwks.endpoint.refresh.ms = 3600000
	sasl.oauthbearer.jwks.endpoint.retry.backoff.max.ms = 10000
	sasl.oauthbearer.jwks.endpoint.retry.backoff.ms = 100
	sasl.oauthbearer.jwks.endpoint.url = null
	sasl.oauthbearer.scope.claim.name = scope
	sasl.oauthbearer.sub.claim.name = sub
	sasl.oauthbearer.token.endpoint.url = null
	security.protocol = PLAINTEXT
	security.providers = null
	send.buffer.bytes = 131072
	socket.connection.setup.timeout.max.ms = 30000
	socket.connection.setup.timeout.ms = 10000
	ssl.cipher.suites = null
	ssl.enabled.protocols = [TLSv1.2, TLSv1.3]
	ssl.endpoint.identification.algorithm = https
	ssl.engine.factory.class = null
	ssl.key.password = null
	ssl.keymanager.algorithm = SunX509
	ssl.keystore.certificate.chain = null
	ssl.keystore.key = null
	ssl.keystore.location = null
	ssl.keystore.password = null
	ssl.keystore.type = JKS
	ssl.protocol = TLSv1.3
	ssl.provider = null
	ssl.secure.random.implementation = null
	ssl.trustmanager.algorithm = PKIX
	ssl.truststore.certificates = null
	ssl.truststore.location = null
	ssl.truststore.password = null
	ssl.truststore.type = JKS
	transaction.timeout.ms = 60000
	transactional.id = null
	value.serializer = class io.apicurio.registry.serde.avro.AvroKafkaSerializer

2025-08-20 12:41:19,039 INFO  [org.apa.kaf.com.tel.int.KafkaMetricsCollector] (main) initializing Kafka metrics collector
2025-08-20 12:41:19,042 INFO  [org.apa.kaf.cli.pro.KafkaProducer] (main) [Producer clientId=Producer-topic-605ce8f4_6080_4b30_ae8e_1402ba10c807] Instantiated an idempotent producer.
2025-08-20 12:41:19,043 INFO  [org.apa.kaf.cli.pro.ProducerConfig] (main) These configurations '[apicurio.registry.url, apicurio.registry.artifact-resolver-strategy]' were supplied but are not used yet.
2025-08-20 12:41:19,043 INFO  [org.apa.kaf.com.uti.AppInfoParser] (main) Kafka version: 3.9.1
2025-08-20 12:41:19,043 INFO  [org.apa.kaf.com.uti.AppInfoParser] (main) Kafka commitId: f745dfdcee2b9851
2025-08-20 12:41:19,043 INFO  [org.apa.kaf.com.uti.AppInfoParser] (main) Kafka startTimeMs: 1755693679043
2025-08-20 12:41:19,043 INFO  [io.api.tes.ser.api.KafkaSerdesTester] (ForkJoinPool.commonPool-worker-2) Sending message {"keyB": "value-0"} to topic topic-605ce8f4_6080_4b30_ae8e_1402ba10c807
2025-08-20 12:41:19,046 INFO  [org.apa.kaf.cli.Metadata] (kafka-producer-network-thread | Producer-topic-605ce8f4_6080_4b30_ae8e_1402ba10c807) [Producer clientId=Producer-topic-605ce8f4_6080_4b30_ae8e_1402ba10c807] Cluster ID: w67HKo3KT1qYVnubU-PiPQ
2025-08-20 12:41:19,046 INFO  [org.apa.kaf.cli.pro.int.TransactionManager] (kafka-producer-network-thread | Producer-topic-605ce8f4_6080_4b30_ae8e_1402ba10c807) [Producer clientId=Producer-topic-605ce8f4_6080_4b30_ae8e_1402ba10c807] ProducerId set to 24 with epoch 0
2025-08-20 12:41:19,046 INFO  [DefaultSchemaResolver] (ForkJoinPool.commonPool-worker-2) Retrieving schema content using string: {"type":"record","name":"s56cab540xaa9ax49d3xa4edxde07eb2e2cbf","namespace":"s53612d75x3cedx49dbxa29bx6571963a0161","fields":[{"name":"keyB","type":"string"}]}
2025-08-20 12:41:19,281 INFO  [org.apa.kaf.cli.pro.KafkaProducer] (ForkJoinPool.commonPool-worker-2) [Producer clientId=Producer-topic-605ce8f4_6080_4b30_ae8e_1402ba10c807] Closing the Kafka producer with timeoutMillis = 9223372036854775807 ms.
2025-08-20 12:41:19,283 INFO  [org.apa.kaf.com.met.Metrics] (ForkJoinPool.commonPool-worker-2) Metrics scheduler closed
2025-08-20 12:41:19,283 INFO  [org.apa.kaf.com.met.Metrics] (ForkJoinPool.commonPool-worker-2) Closing reporter org.apache.kafka.common.metrics.JmxReporter
2025-08-20 12:41:19,283 INFO  [org.apa.kaf.com.met.Metrics] (ForkJoinPool.commonPool-worker-2) Closing reporter org.apache.kafka.common.telemetry.internals.ClientTelemetryReporter
2025-08-20 12:41:19,283 INFO  [org.apa.kaf.com.met.Metrics] (ForkJoinPool.commonPool-worker-2) Metrics reporters closed
2025-08-20 12:41:19,283 INFO  [org.apa.kaf.com.uti.AppInfoParser] (ForkJoinPool.commonPool-worker-2) App info kafka.producer for Producer-topic-605ce8f4_6080_4b30_ae8e_1402ba10c807 unregistered
2025-08-20 12:41:19,283 INFO  [io.api.tes.uti.TestSeparator] (main) io.apicurio.tests.serdes.apicurio.AvroSerdeIT.testAvroSerDesFailDifferentSchemaByContent-FINISHED
2025-08-20 12:41:19,283 INFO  [io.api.tes.uti.TestSeparator] (main) ############################################################################
Test passed: testAvroSerDesFailDifferentSchemaByContent
]]></system-out>
    <system-err><![CDATA[java.lang.RuntimeException: Could not resolve artifact reference by content: {"type":"record","name":"s56cab540xaa9ax49d3xa4edxde07eb2e2cbf","namespace":"s53612d75x3cedx49dbxa29bx6571963a0161","fields":[{"name":"keyB","type":"string"}]}&ArtifactReference [groupId=s53612d75x3cedx49dbxa29bx6571963a0161, artifactId=s56cab540xaa9ax49d3xa4edxde07eb2e2cbf, version=null, globalId=null, contentId=null, contentHash=null]
	at io.apicurio.registry.resolver.DefaultSchemaResolver.lambda$handleResolveSchemaByContent$3(DefaultSchemaResolver.java:265)
	at io.apicurio.registry.resolver.cache.ERCache.lambda$getValue$0(ERCache.java:174)
	at io.apicurio.registry.resolver.cache.ERCache.retry(ERCache.java:227)
	at io.apicurio.registry.resolver.cache.ERCache.getValue(ERCache.java:173)
	at io.apicurio.registry.resolver.cache.ERCache.getByContent(ERCache.java:147)
	at io.apicurio.registry.resolver.DefaultSchemaResolver.handleResolveSchemaByContent(DefaultSchemaResolver.java:253)
	at io.apicurio.registry.resolver.DefaultSchemaResolver.getSchemaFromRegistry(DefaultSchemaResolver.java:138)
	at io.apicurio.registry.resolver.DefaultSchemaResolver.lambda$resolveSchema$0(DefaultSchemaResolver.java:84)
	at java.base/java.util.Optional.orElseGet(Optional.java:364)
	at io.apicurio.registry.resolver.DefaultSchemaResolver.resolveSchema(DefaultSchemaResolver.java:84)
	at io.apicurio.registry.serde.AbstractSerializer.serializeData(AbstractSerializer.java:62)
	at io.apicurio.registry.serde.KafkaSerializer.serialize(KafkaSerializer.java:77)
	at org.apache.kafka.clients.producer.KafkaProducer.doSend(KafkaProducer.java:1046)
	at org.apache.kafka.clients.producer.KafkaProducer.send(KafkaProducer.java:993)
	at org.apache.kafka.clients.producer.KafkaProducer.send(KafkaProducer.java:875)
	at io.apicurio.tests.serdes.apicurio.KafkaSerdesTester.lambda$produceMessages$3(KafkaSerdesTester.java:138)
	at java.base/java.util.concurrent.CompletableFuture$AsyncSupply.run(CompletableFuture.java:1768)
	at java.base/java.util.concurrent.CompletableFuture$AsyncSupply.exec(CompletableFuture.java:1760)
	at java.base/java.util.concurrent.ForkJoinTask.doExec(ForkJoinTask.java:373)
	at java.base/java.util.concurrent.ForkJoinPool$WorkQueue.topLevelExec(ForkJoinPool.java:1182)
	at java.base/java.util.concurrent.ForkJoinPool.scan(ForkJoinPool.java:1655)
	at java.base/java.util.concurrent.ForkJoinPool.runWorker(ForkJoinPool.java:1622)
	at java.base/java.util.concurrent.ForkJoinWorkerThread.run(ForkJoinWorkerThread.java:165)
]]></system-err>
  </testcase>
  <testcase name="testGlobalIdInBody" classname="io.apicurio.tests.serdes.apicurio.AvroSerdeIT" time="4.237">
    <system-out><![CDATA[2025-08-20 12:41:19,285 INFO  [io.api.tes.uti.TestSeparator] (main) ############################################################################
2025-08-20 12:41:19,285 INFO  [io.api.tes.uti.TestSeparator] (main) io.apicurio.tests.serdes.apicurio.AvroSerdeIT.testGlobalIdInBody-STARTED
**** Registry Base URL: http://registry-app-mysql.apps.ci419.apicurio-testing.org:80
2025-08-20 12:41:19,287 INFO  [org.apa.kaf.cli.pro.ProducerConfig] (main) ProducerConfig values: 
	acks = -1
	auto.include.jmx.reporter = true
	batch.size = 16384
	bootstrap.servers = [PLAINTEXT://localhost:32769]
	buffer.memory = 33554432
	client.dns.lookup = use_all_dns_ips
	client.id = Producer-topic-97aaafda_9523_47a9_8199_ffd2a107d0b9
	compression.gzip.level = -1
	compression.lz4.level = 9
	compression.type = none
	compression.zstd.level = 3
	connections.max.idle.ms = 10000
	delivery.timeout.ms = 120000
	enable.idempotence = true
	enable.metrics.push = true
	interceptor.classes = []
	key.serializer = class org.apache.kafka.common.serialization.StringSerializer
	linger.ms = 0
	max.block.ms = 60000
	max.in.flight.requests.per.connection = 5
	max.request.size = 1048576
	metadata.max.age.ms = 300000
	metadata.max.idle.ms = 300000
	metadata.recovery.strategy = none
	metric.reporters = []
	metrics.num.samples = 2
	metrics.recording.level = INFO
	metrics.sample.window.ms = 30000
	partitioner.adaptive.partitioning.enable = true
	partitioner.availability.timeout.ms = 0
	partitioner.class = null
	partitioner.ignore.keys = false
	receive.buffer.bytes = 32768
	reconnect.backoff.max.ms = 1000
	reconnect.backoff.ms = 50
	request.timeout.ms = 5000
	retries = 2147483647
	retry.backoff.max.ms = 1000
	retry.backoff.ms = 100
	sasl.client.callback.handler.class = null
	sasl.jaas.config = null
	sasl.kerberos.kinit.cmd = /usr/bin/kinit
	sasl.kerberos.min.time.before.relogin = 60000
	sasl.kerberos.service.name = null
	sasl.kerberos.ticket.renew.jitter = 0.05
	sasl.kerberos.ticket.renew.window.factor = 0.8
	sasl.login.callback.handler.class = null
	sasl.login.class = null
	sasl.login.connect.timeout.ms = null
	sasl.login.read.timeout.ms = null
	sasl.login.refresh.buffer.seconds = 300
	sasl.login.refresh.min.period.seconds = 60
	sasl.login.refresh.window.factor = 0.8
	sasl.login.refresh.window.jitter = 0.05
	sasl.login.retry.backoff.max.ms = 10000
	sasl.login.retry.backoff.ms = 100
	sasl.mechanism = GSSAPI
	sasl.oauthbearer.clock.skew.seconds = 30
	sasl.oauthbearer.expected.audience = null
	sasl.oauthbearer.expected.issuer = null
	sasl.oauthbearer.header.urlencode = false
	sasl.oauthbearer.jwks.endpoint.refresh.ms = 3600000
	sasl.oauthbearer.jwks.endpoint.retry.backoff.max.ms = 10000
	sasl.oauthbearer.jwks.endpoint.retry.backoff.ms = 100
	sasl.oauthbearer.jwks.endpoint.url = null
	sasl.oauthbearer.scope.claim.name = scope
	sasl.oauthbearer.sub.claim.name = sub
	sasl.oauthbearer.token.endpoint.url = null
	security.protocol = PLAINTEXT
	security.providers = null
	send.buffer.bytes = 131072
	socket.connection.setup.timeout.max.ms = 30000
	socket.connection.setup.timeout.ms = 10000
	ssl.cipher.suites = null
	ssl.enabled.protocols = [TLSv1.2, TLSv1.3]
	ssl.endpoint.identification.algorithm = https
	ssl.engine.factory.class = null
	ssl.key.password = null
	ssl.keymanager.algorithm = SunX509
	ssl.keystore.certificate.chain = null
	ssl.keystore.key = null
	ssl.keystore.location = null
	ssl.keystore.password = null
	ssl.keystore.type = JKS
	ssl.protocol = TLSv1.3
	ssl.provider = null
	ssl.secure.random.implementation = null
	ssl.trustmanager.algorithm = PKIX
	ssl.truststore.certificates = null
	ssl.truststore.location = null
	ssl.truststore.password = null
	ssl.truststore.type = JKS
	transaction.timeout.ms = 60000
	transactional.id = null
	value.serializer = class io.apicurio.registry.serde.avro.AvroKafkaSerializer

2025-08-20 12:41:19,287 INFO  [org.apa.kaf.com.tel.int.KafkaMetricsCollector] (main) initializing Kafka metrics collector
2025-08-20 12:41:19,290 INFO  [org.apa.kaf.cli.pro.KafkaProducer] (main) [Producer clientId=Producer-topic-97aaafda_9523_47a9_8199_ffd2a107d0b9] Instantiated an idempotent producer.
2025-08-20 12:41:19,292 INFO  [org.apa.kaf.cli.pro.ProducerConfig] (main) These configurations '[apicurio.registry.url, apicurio.registry.auto-register, apicurio.registry.use-id, apicurio.registry.artifact-resolver-strategy]' were supplied but are not used yet.
2025-08-20 12:41:19,292 INFO  [org.apa.kaf.com.uti.AppInfoParser] (main) Kafka version: 3.9.1
2025-08-20 12:41:19,292 INFO  [org.apa.kaf.com.uti.AppInfoParser] (main) Kafka commitId: f745dfdcee2b9851
2025-08-20 12:41:19,292 INFO  [org.apa.kaf.com.uti.AppInfoParser] (main) Kafka startTimeMs: 1755693679292
2025-08-20 12:41:19,292 INFO  [io.api.tes.ser.api.SimpleSerdesTesterBuilder$SimpleSerdesTester] (main) Using producer configuration: {apicurio.registry.url=http://registry-app-mysql.apps.ci419.apicurio-testing.org:80/apis/registry/v3, apicurio.registry.auto-register=true, apicurio.registry.use-id=globalId, apicurio.registry.artifact-resolver-strategy=io.apicurio.registry.serde.strategy.TopicIdStrategy, value.serializer=io.apicurio.registry.serde.avro.AvroKafkaSerializer, request.timeout.ms=5000, acks=all, bootstrap.servers=PLAINTEXT://localhost:32769, connections.max.idle.ms=10000, key.serializer=org.apache.kafka.common.serialization.StringSerializer, client.id=Producer-topic-97aaafda_9523_47a9_8199_ffd2a107d0b9}
2025-08-20 12:41:19,292 INFO  [io.api.tes.ser.api.SimpleSerdesTesterBuilder$SimpleSerdesTester] (main) Using consumer configuration: {apicurio.registry.use-id=globalId}
2025-08-20 12:41:19,292 INFO  [io.api.tes.ser.api.KafkaSerdesTester] (ForkJoinPool.commonPool-worker-2) Sending message {"key11755693679285": "value-0"} to topic topic-97aaafda_9523_47a9_8199_ffd2a107d0b9
2025-08-20 12:41:19,294 WARN  [org.apa.kaf.cli.NetworkClient] (kafka-producer-network-thread | Producer-topic-97aaafda_9523_47a9_8199_ffd2a107d0b9) [Producer clientId=Producer-topic-97aaafda_9523_47a9_8199_ffd2a107d0b9] The metadata response from the cluster reported a recoverable issue with correlation id 1 : {topic-97aaafda_9523_47a9_8199_ffd2a107d0b9=UNKNOWN_TOPIC_OR_PARTITION}
2025-08-20 12:41:19,295 INFO  [org.apa.kaf.cli.Metadata] (kafka-producer-network-thread | Producer-topic-97aaafda_9523_47a9_8199_ffd2a107d0b9) [Producer clientId=Producer-topic-97aaafda_9523_47a9_8199_ffd2a107d0b9] Cluster ID: w67HKo3KT1qYVnubU-PiPQ
2025-08-20 12:41:19,295 INFO  [org.apa.kaf.cli.pro.int.TransactionManager] (kafka-producer-network-thread | Producer-topic-97aaafda_9523_47a9_8199_ffd2a107d0b9) [Producer clientId=Producer-topic-97aaafda_9523_47a9_8199_ffd2a107d0b9] ProducerId set to 25 with epoch 0
2025-08-20 12:41:19,582 INFO  [io.api.tes.ser.api.KafkaSerdesTester] (ForkJoinPool.commonPool-worker-2) Sending message {"key11755693679285": "value-1"} to topic topic-97aaafda_9523_47a9_8199_ffd2a107d0b9
2025-08-20 12:41:19,584 INFO  [io.api.tes.ser.api.KafkaSerdesTester] (ForkJoinPool.commonPool-worker-2) Sending message {"key11755693679285": "value-2"} to topic topic-97aaafda_9523_47a9_8199_ffd2a107d0b9
2025-08-20 12:41:19,584 INFO  [io.api.tes.ser.api.KafkaSerdesTester] (ForkJoinPool.commonPool-worker-2) Sending message {"key11755693679285": "value-3"} to topic topic-97aaafda_9523_47a9_8199_ffd2a107d0b9
2025-08-20 12:41:19,585 INFO  [io.api.tes.ser.api.KafkaSerdesTester] (ForkJoinPool.commonPool-worker-2) Sending message {"key11755693679285": "value-4"} to topic topic-97aaafda_9523_47a9_8199_ffd2a107d0b9
2025-08-20 12:41:19,586 INFO  [io.api.tes.ser.api.KafkaSerdesTester] (ForkJoinPool.commonPool-worker-2) Sending message {"key11755693679285": "value-5"} to topic topic-97aaafda_9523_47a9_8199_ffd2a107d0b9
2025-08-20 12:41:19,588 INFO  [io.api.tes.ser.api.KafkaSerdesTester] (ForkJoinPool.commonPool-worker-2) Sending message {"key11755693679285": "value-6"} to topic topic-97aaafda_9523_47a9_8199_ffd2a107d0b9
2025-08-20 12:41:19,589 INFO  [io.api.tes.ser.api.KafkaSerdesTester] (ForkJoinPool.commonPool-worker-2) Sending message {"key11755693679285": "value-7"} to topic topic-97aaafda_9523_47a9_8199_ffd2a107d0b9
2025-08-20 12:41:19,590 INFO  [io.api.tes.ser.api.KafkaSerdesTester] (ForkJoinPool.commonPool-worker-2) Sending message {"key11755693679285": "value-8"} to topic topic-97aaafda_9523_47a9_8199_ffd2a107d0b9
2025-08-20 12:41:19,591 INFO  [io.api.tes.ser.api.KafkaSerdesTester] (ForkJoinPool.commonPool-worker-2) Sending message {"key11755693679285": "value-9"} to topic topic-97aaafda_9523_47a9_8199_ffd2a107d0b9
2025-08-20 12:41:19,592 INFO  [io.api.tes.ser.api.KafkaSerdesTester] (ForkJoinPool.commonPool-worker-2) Produced 10 messages
2025-08-20 12:41:19,592 INFO  [org.apa.kaf.cli.pro.KafkaProducer] (ForkJoinPool.commonPool-worker-2) [Producer clientId=Producer-topic-97aaafda_9523_47a9_8199_ffd2a107d0b9] Closing the Kafka producer with timeoutMillis = 9223372036854775807 ms.
2025-08-20 12:41:19,594 INFO  [org.apa.kaf.com.met.Metrics] (ForkJoinPool.commonPool-worker-2) Metrics scheduler closed
2025-08-20 12:41:19,594 INFO  [org.apa.kaf.com.met.Metrics] (ForkJoinPool.commonPool-worker-2) Closing reporter org.apache.kafka.common.metrics.JmxReporter
2025-08-20 12:41:19,594 INFO  [org.apa.kaf.com.met.Metrics] (ForkJoinPool.commonPool-worker-2) Closing reporter org.apache.kafka.common.telemetry.internals.ClientTelemetryReporter
2025-08-20 12:41:19,594 INFO  [org.apa.kaf.com.met.Metrics] (ForkJoinPool.commonPool-worker-2) Metrics reporters closed
2025-08-20 12:41:19,594 INFO  [org.apa.kaf.com.uti.AppInfoParser] (ForkJoinPool.commonPool-worker-2) App info kafka.producer for Producer-topic-97aaafda_9523_47a9_8199_ffd2a107d0b9 unregistered
**** Registry Base URL: http://registry-app-mysql.apps.ci419.apicurio-testing.org:80
2025-08-20 12:41:19,755 INFO  [org.apa.kaf.cli.con.ConsumerConfig] (main) ConsumerConfig values: 
	allow.auto.create.topics = true
	auto.commit.interval.ms = 500
	auto.include.jmx.reporter = true
	auto.offset.reset = earliest
	bootstrap.servers = [PLAINTEXT://localhost:32769]
	check.crcs = true
	client.dns.lookup = use_all_dns_ips
	client.id = consumer-Consumer-topic-97aaafda_9523_47a9_8199_ffd2a107d0b9-18
	client.rack = 
	connections.max.idle.ms = 10000
	default.api.timeout.ms = 60000
	enable.auto.commit = true
	enable.metrics.push = true
	exclude.internal.topics = true
	fetch.max.bytes = 52428800
	fetch.max.wait.ms = 500
	fetch.min.bytes = 1
	group.id = Consumer-topic-97aaafda_9523_47a9_8199_ffd2a107d0b9
	group.instance.id = null
	group.protocol = classic
	group.remote.assignor = null
	heartbeat.interval.ms = 3000
	interceptor.classes = []
	internal.leave.group.on.close = true
	internal.throw.on.fetch.stable.offset.unsupported = false
	isolation.level = read_uncommitted
	key.deserializer = class org.apache.kafka.common.serialization.StringDeserializer
	max.partition.fetch.bytes = 1048576
	max.poll.interval.ms = 300000
	max.poll.records = 500
	metadata.max.age.ms = 300000
	metadata.recovery.strategy = none
	metric.reporters = []
	metrics.num.samples = 2
	metrics.recording.level = INFO
	metrics.sample.window.ms = 30000
	partition.assignment.strategy = [class org.apache.kafka.clients.consumer.RangeAssignor, class org.apache.kafka.clients.consumer.CooperativeStickyAssignor]
	receive.buffer.bytes = 65536
	reconnect.backoff.max.ms = 1000
	reconnect.backoff.ms = 50
	request.timeout.ms = 5000
	retry.backoff.max.ms = 1000
	retry.backoff.ms = 100
	sasl.client.callback.handler.class = null
	sasl.jaas.config = null
	sasl.kerberos.kinit.cmd = /usr/bin/kinit
	sasl.kerberos.min.time.before.relogin = 60000
	sasl.kerberos.service.name = null
	sasl.kerberos.ticket.renew.jitter = 0.05
	sasl.kerberos.ticket.renew.window.factor = 0.8
	sasl.login.callback.handler.class = null
	sasl.login.class = null
	sasl.login.connect.timeout.ms = null
	sasl.login.read.timeout.ms = null
	sasl.login.refresh.buffer.seconds = 300
	sasl.login.refresh.min.period.seconds = 60
	sasl.login.refresh.window.factor = 0.8
	sasl.login.refresh.window.jitter = 0.05
	sasl.login.retry.backoff.max.ms = 10000
	sasl.login.retry.backoff.ms = 100
	sasl.mechanism = GSSAPI
	sasl.oauthbearer.clock.skew.seconds = 30
	sasl.oauthbearer.expected.audience = null
	sasl.oauthbearer.expected.issuer = null
	sasl.oauthbearer.header.urlencode = false
	sasl.oauthbearer.jwks.endpoint.refresh.ms = 3600000
	sasl.oauthbearer.jwks.endpoint.retry.backoff.max.ms = 10000
	sasl.oauthbearer.jwks.endpoint.retry.backoff.ms = 100
	sasl.oauthbearer.jwks.endpoint.url = null
	sasl.oauthbearer.scope.claim.name = scope
	sasl.oauthbearer.sub.claim.name = sub
	sasl.oauthbearer.token.endpoint.url = null
	security.protocol = PLAINTEXT
	security.providers = null
	send.buffer.bytes = 131072
	session.timeout.ms = 45000
	socket.connection.setup.timeout.max.ms = 30000
	socket.connection.setup.timeout.ms = 10000
	ssl.cipher.suites = null
	ssl.enabled.protocols = [TLSv1.2, TLSv1.3]
	ssl.endpoint.identification.algorithm = https
	ssl.engine.factory.class = null
	ssl.key.password = null
	ssl.keymanager.algorithm = SunX509
	ssl.keystore.certificate.chain = null
	ssl.keystore.key = null
	ssl.keystore.location = null
	ssl.keystore.password = null
	ssl.keystore.type = JKS
	ssl.protocol = TLSv1.3
	ssl.provider = null
	ssl.secure.random.implementation = null
	ssl.trustmanager.algorithm = PKIX
	ssl.truststore.certificates = null
	ssl.truststore.location = null
	ssl.truststore.password = null
	ssl.truststore.type = JKS
	value.deserializer = class io.apicurio.registry.serde.avro.AvroKafkaDeserializer

2025-08-20 12:41:19,756 INFO  [org.apa.kaf.com.tel.int.KafkaMetricsCollector] (main) initializing Kafka metrics collector
2025-08-20 12:41:19,760 INFO  [org.apa.kaf.cli.con.ConsumerConfig] (main) These configurations '[apicurio.registry.url, apicurio.registry.use-id]' were supplied but are not used yet.
2025-08-20 12:41:19,760 INFO  [org.apa.kaf.com.uti.AppInfoParser] (main) Kafka version: 3.9.1
2025-08-20 12:41:19,760 INFO  [org.apa.kaf.com.uti.AppInfoParser] (main) Kafka commitId: f745dfdcee2b9851
2025-08-20 12:41:19,760 INFO  [org.apa.kaf.com.uti.AppInfoParser] (main) Kafka startTimeMs: 1755693679760
2025-08-20 12:41:19,760 INFO  [org.apa.kaf.cli.con.int.ClassicKafkaConsumer] (ForkJoinPool.commonPool-worker-2) [Consumer clientId=consumer-Consumer-topic-97aaafda_9523_47a9_8199_ffd2a107d0b9-18, groupId=Consumer-topic-97aaafda_9523_47a9_8199_ffd2a107d0b9] Subscribed to topic(s): topic-97aaafda_9523_47a9_8199_ffd2a107d0b9
2025-08-20 12:41:19,763 INFO  [org.apa.kaf.cli.Metadata] (ForkJoinPool.commonPool-worker-2) [Consumer clientId=consumer-Consumer-topic-97aaafda_9523_47a9_8199_ffd2a107d0b9-18, groupId=Consumer-topic-97aaafda_9523_47a9_8199_ffd2a107d0b9] Cluster ID: w67HKo3KT1qYVnubU-PiPQ
2025-08-20 12:41:19,763 INFO  [org.apa.kaf.cli.con.int.ConsumerCoordinator] (ForkJoinPool.commonPool-worker-2) [Consumer clientId=consumer-Consumer-topic-97aaafda_9523_47a9_8199_ffd2a107d0b9-18, groupId=Consumer-topic-97aaafda_9523_47a9_8199_ffd2a107d0b9] Discovered group coordinator localhost:32769 (id: 2147483647 rack: null)
2025-08-20 12:41:19,764 INFO  [org.apa.kaf.cli.con.int.ConsumerCoordinator] (ForkJoinPool.commonPool-worker-2) [Consumer clientId=consumer-Consumer-topic-97aaafda_9523_47a9_8199_ffd2a107d0b9-18, groupId=Consumer-topic-97aaafda_9523_47a9_8199_ffd2a107d0b9] (Re-)joining group
2025-08-20 12:41:19,766 INFO  [org.apa.kaf.cli.con.int.ConsumerCoordinator] (ForkJoinPool.commonPool-worker-2) [Consumer clientId=consumer-Consumer-topic-97aaafda_9523_47a9_8199_ffd2a107d0b9-18, groupId=Consumer-topic-97aaafda_9523_47a9_8199_ffd2a107d0b9] Request joining group due to: need to re-join with the given member-id: consumer-Consumer-topic-97aaafda_9523_47a9_8199_ffd2a107d0b9-18-4e115a7a-3869-44fe-a9fe-1d373762f4a2
2025-08-20 12:41:19,766 INFO  [org.apa.kaf.cli.con.int.ConsumerCoordinator] (ForkJoinPool.commonPool-worker-2) [Consumer clientId=consumer-Consumer-topic-97aaafda_9523_47a9_8199_ffd2a107d0b9-18, groupId=Consumer-topic-97aaafda_9523_47a9_8199_ffd2a107d0b9] (Re-)joining group
2025-08-20 12:41:20,760 INFO  [io.api.tes.ser.api.KafkaSerdesTester] (ForkJoinPool.commonPool-worker-2) None found
2025-08-20 12:41:21,761 INFO  [io.api.tes.ser.api.KafkaSerdesTester] (ForkJoinPool.commonPool-worker-2) None found
2025-08-20 12:41:22,761 INFO  [io.api.tes.ser.api.KafkaSerdesTester] (ForkJoinPool.commonPool-worker-2) None found
2025-08-20 12:41:22,767 INFO  [org.apa.kaf.cli.con.int.ConsumerCoordinator] (ForkJoinPool.commonPool-worker-2) [Consumer clientId=consumer-Consumer-topic-97aaafda_9523_47a9_8199_ffd2a107d0b9-18, groupId=Consumer-topic-97aaafda_9523_47a9_8199_ffd2a107d0b9] Successfully joined group with generation Generation{generationId=1, memberId='consumer-Consumer-topic-97aaafda_9523_47a9_8199_ffd2a107d0b9-18-4e115a7a-3869-44fe-a9fe-1d373762f4a2', protocol='range'}
2025-08-20 12:41:22,767 INFO  [org.apa.kaf.cli.con.int.ConsumerCoordinator] (ForkJoinPool.commonPool-worker-2) [Consumer clientId=consumer-Consumer-topic-97aaafda_9523_47a9_8199_ffd2a107d0b9-18, groupId=Consumer-topic-97aaafda_9523_47a9_8199_ffd2a107d0b9] Finished assignment for group at generation 1: {consumer-Consumer-topic-97aaafda_9523_47a9_8199_ffd2a107d0b9-18-4e115a7a-3869-44fe-a9fe-1d373762f4a2=Assignment(partitions=[topic-97aaafda_9523_47a9_8199_ffd2a107d0b9-0])}
2025-08-20 12:41:22,773 INFO  [org.apa.kaf.cli.con.int.ConsumerCoordinator] (ForkJoinPool.commonPool-worker-2) [Consumer clientId=consumer-Consumer-topic-97aaafda_9523_47a9_8199_ffd2a107d0b9-18, groupId=Consumer-topic-97aaafda_9523_47a9_8199_ffd2a107d0b9] Successfully synced group in generation Generation{generationId=1, memberId='consumer-Consumer-topic-97aaafda_9523_47a9_8199_ffd2a107d0b9-18-4e115a7a-3869-44fe-a9fe-1d373762f4a2', protocol='range'}
2025-08-20 12:41:22,774 INFO  [org.apa.kaf.cli.con.int.ConsumerCoordinator] (ForkJoinPool.commonPool-worker-2) [Consumer clientId=consumer-Consumer-topic-97aaafda_9523_47a9_8199_ffd2a107d0b9-18, groupId=Consumer-topic-97aaafda_9523_47a9_8199_ffd2a107d0b9] Notifying assignor about the new Assignment(partitions=[topic-97aaafda_9523_47a9_8199_ffd2a107d0b9-0])
2025-08-20 12:41:22,774 INFO  [org.apa.kaf.cli.con.int.ConsumerRebalanceListenerInvoker] (ForkJoinPool.commonPool-worker-2) [Consumer clientId=consumer-Consumer-topic-97aaafda_9523_47a9_8199_ffd2a107d0b9-18, groupId=Consumer-topic-97aaafda_9523_47a9_8199_ffd2a107d0b9] Adding newly assigned partitions: topic-97aaafda_9523_47a9_8199_ffd2a107d0b9-0
2025-08-20 12:41:22,774 INFO  [org.apa.kaf.cli.con.int.ConsumerCoordinator] (ForkJoinPool.commonPool-worker-2) [Consumer clientId=consumer-Consumer-topic-97aaafda_9523_47a9_8199_ffd2a107d0b9-18, groupId=Consumer-topic-97aaafda_9523_47a9_8199_ffd2a107d0b9] Found no committed offset for partition topic-97aaafda_9523_47a9_8199_ffd2a107d0b9-0
2025-08-20 12:41:22,776 INFO  [org.apa.kaf.cli.con.int.SubscriptionState] (ForkJoinPool.commonPool-worker-2) [Consumer clientId=consumer-Consumer-topic-97aaafda_9523_47a9_8199_ffd2a107d0b9-18, groupId=Consumer-topic-97aaafda_9523_47a9_8199_ffd2a107d0b9] Resetting offset for partition topic-97aaafda_9523_47a9_8199_ffd2a107d0b9-0 to position FetchPosition{offset=0, offsetEpoch=Optional.empty, currentLeader=LeaderAndEpoch{leader=Optional[localhost:32769 (id: 0 rack: null)], epoch=0}}.
2025-08-20 12:41:23,016 INFO  [io.api.tes.ser.api.KafkaSerdesTester] (ForkJoinPool.commonPool-worker-2) topic-97aaafda_9523_47a9_8199_ffd2a107d0b9 0 0 {"key11755693679285": "value-0"}
2025-08-20 12:41:23,016 INFO  [io.api.tes.ser.api.KafkaSerdesTester] (ForkJoinPool.commonPool-worker-2) topic-97aaafda_9523_47a9_8199_ffd2a107d0b9 0 1 {"key11755693679285": "value-1"}
2025-08-20 12:41:23,016 INFO  [io.api.tes.ser.api.KafkaSerdesTester] (ForkJoinPool.commonPool-worker-2) topic-97aaafda_9523_47a9_8199_ffd2a107d0b9 0 2 {"key11755693679285": "value-2"}
2025-08-20 12:41:23,016 INFO  [io.api.tes.ser.api.KafkaSerdesTester] (ForkJoinPool.commonPool-worker-2) topic-97aaafda_9523_47a9_8199_ffd2a107d0b9 0 3 {"key11755693679285": "value-3"}
2025-08-20 12:41:23,017 INFO  [io.api.tes.ser.api.KafkaSerdesTester] (ForkJoinPool.commonPool-worker-2) topic-97aaafda_9523_47a9_8199_ffd2a107d0b9 0 4 {"key11755693679285": "value-4"}
2025-08-20 12:41:23,017 INFO  [io.api.tes.ser.api.KafkaSerdesTester] (ForkJoinPool.commonPool-worker-2) topic-97aaafda_9523_47a9_8199_ffd2a107d0b9 0 5 {"key11755693679285": "value-5"}
2025-08-20 12:41:23,017 INFO  [io.api.tes.ser.api.KafkaSerdesTester] (ForkJoinPool.commonPool-worker-2) topic-97aaafda_9523_47a9_8199_ffd2a107d0b9 0 6 {"key11755693679285": "value-6"}
2025-08-20 12:41:23,017 INFO  [io.api.tes.ser.api.KafkaSerdesTester] (ForkJoinPool.commonPool-worker-2) topic-97aaafda_9523_47a9_8199_ffd2a107d0b9 0 7 {"key11755693679285": "value-7"}
2025-08-20 12:41:23,017 INFO  [io.api.tes.ser.api.KafkaSerdesTester] (ForkJoinPool.commonPool-worker-2) topic-97aaafda_9523_47a9_8199_ffd2a107d0b9 0 8 {"key11755693679285": "value-8"}
2025-08-20 12:41:23,017 INFO  [io.api.tes.ser.api.KafkaSerdesTester] (ForkJoinPool.commonPool-worker-2) topic-97aaafda_9523_47a9_8199_ffd2a107d0b9 0 9 {"key11755693679285": "value-9"}
2025-08-20 12:41:23,017 INFO  [io.api.tes.ser.api.KafkaSerdesTester] (ForkJoinPool.commonPool-worker-2) Consumed 10 messages
2025-08-20 12:41:23,022 INFO  [org.apa.kaf.cli.con.int.ConsumerRebalanceListenerInvoker] (ForkJoinPool.commonPool-worker-2) [Consumer clientId=consumer-Consumer-topic-97aaafda_9523_47a9_8199_ffd2a107d0b9-18, groupId=Consumer-topic-97aaafda_9523_47a9_8199_ffd2a107d0b9] Revoke previously assigned partitions topic-97aaafda_9523_47a9_8199_ffd2a107d0b9-0
2025-08-20 12:41:23,022 INFO  [org.apa.kaf.cli.con.int.ConsumerCoordinator] (ForkJoinPool.commonPool-worker-2) [Consumer clientId=consumer-Consumer-topic-97aaafda_9523_47a9_8199_ffd2a107d0b9-18, groupId=Consumer-topic-97aaafda_9523_47a9_8199_ffd2a107d0b9] Member consumer-Consumer-topic-97aaafda_9523_47a9_8199_ffd2a107d0b9-18-4e115a7a-3869-44fe-a9fe-1d373762f4a2 sending LeaveGroup request to coordinator localhost:32769 (id: 2147483647 rack: null) due to the consumer is being closed
2025-08-20 12:41:23,023 INFO  [org.apa.kaf.cli.con.int.ConsumerCoordinator] (ForkJoinPool.commonPool-worker-2) [Consumer clientId=consumer-Consumer-topic-97aaafda_9523_47a9_8199_ffd2a107d0b9-18, groupId=Consumer-topic-97aaafda_9523_47a9_8199_ffd2a107d0b9] Resetting generation and member id due to: consumer pro-actively leaving the group
2025-08-20 12:41:23,023 INFO  [org.apa.kaf.cli.con.int.ConsumerCoordinator] (ForkJoinPool.commonPool-worker-2) [Consumer clientId=consumer-Consumer-topic-97aaafda_9523_47a9_8199_ffd2a107d0b9-18, groupId=Consumer-topic-97aaafda_9523_47a9_8199_ffd2a107d0b9] Request joining group due to: consumer pro-actively leaving the group
2025-08-20 12:41:23,519 INFO  [org.apa.kaf.com.met.Metrics] (ForkJoinPool.commonPool-worker-2) Metrics scheduler closed
2025-08-20 12:41:23,519 INFO  [org.apa.kaf.com.met.Metrics] (ForkJoinPool.commonPool-worker-2) Closing reporter org.apache.kafka.common.metrics.JmxReporter
2025-08-20 12:41:23,519 INFO  [org.apa.kaf.com.met.Metrics] (ForkJoinPool.commonPool-worker-2) Closing reporter org.apache.kafka.common.telemetry.internals.ClientTelemetryReporter
2025-08-20 12:41:23,519 INFO  [org.apa.kaf.com.met.Metrics] (ForkJoinPool.commonPool-worker-2) Metrics reporters closed
2025-08-20 12:41:23,520 INFO  [org.apa.kaf.com.uti.AppInfoParser] (ForkJoinPool.commonPool-worker-2) App info kafka.consumer for consumer-Consumer-topic-97aaafda_9523_47a9_8199_ffd2a107d0b9-18 unregistered
2025-08-20 12:41:23,520 INFO  [io.api.tes.uti.TestSeparator] (main) io.apicurio.tests.serdes.apicurio.AvroSerdeIT.testGlobalIdInBody-FINISHED
2025-08-20 12:41:23,520 INFO  [io.api.tes.uti.TestSeparator] (main) ############################################################################
Test passed: testGlobalIdInBody
]]></system-out>
  </testcase>
  <testcase name="testProducerUsesGlobalIdConsumerUsesDefault" classname="io.apicurio.tests.serdes.apicurio.AvroSerdeIT" time="0.0">
    <skipped message="void io.apicurio.tests.serdes.apicurio.AvroSerdeIT.testProducerUsesGlobalIdConsumerUsesDefault() throws java.lang.Exception is @Disabled"/>
  </testcase>
</testsuite>