<?xml version="1.0" encoding="UTF-8"?>
<testsuite xmlns:xsi="http://www.w3.org/2001/XMLSchema-instance" xsi:noNamespaceSchemaLocation="https://maven.apache.org/surefire/maven-failsafe-plugin/xsd/failsafe-test-report.xsd" version="3.0.2" name="io.apicurio.tests.serdes.apicurio.AvroSerdeIT" time="101.367" tests="21" errors="0" skipped="2" failures="0">
  <properties>
    <property name="java.specification.version" value="17"/>
    <property name="sun.jnu.encoding" value="UTF-8"/>
    <property name="java.class.path" value="/home/runner/work/apicurio-testing/apicurio-testing/clusters/ci419/namespaces/inmemory/tests/integration/apicurio-registry/integration-tests/target/test-classes:/home/runner/work/apicurio-testing/apicurio-testing/clusters/ci419/namespaces/inmemory/tests/integration/apicurio-registry/integration-tests/target/apicurio-registry-integration-tests-3.0.12-SNAPSHOT.jar:/home/runner/.m2/repository/io/quarkus/quarkus-junit5/3.20.2/quarkus-junit5-3.20.2.jar:/home/runner/.m2/repository/io/quarkus/quarkus-bootstrap-core/3.20.2/quarkus-bootstrap-core-3.20.2.jar:/home/runner/.m2/repository/io/quarkus/quarkus-classloader-commons/3.20.2/quarkus-classloader-commons-3.20.2.jar:/home/runner/.m2/repository/io/quarkus/quarkus-bootstrap-app-model/3.20.2/quarkus-bootstrap-app-model-3.20.2.jar:/home/runner/.m2/repository/io/smallrye/common/smallrye-common-io/2.12.0/smallrye-common-io-2.12.0.jar:/home/runner/.m2/repository/org/eclipse/sisu/org.eclipse.sisu.inject/0.9.0.M3/org.eclipse.sisu.inject-0.9.0.M3.jar:/home/runner/.m2/repository/io/quarkus/quarkus-test-common/3.20.2/quarkus-test-common-3.20.2.jar:/home/runner/.m2/repository/io/quarkus/quarkus-core-deployment/3.20.2/quarkus-core-deployment-3.20.2.jar:/home/runner/.m2/repository/org/aesh/readline/2.6/readline-2.6.jar:/home/runner/.m2/repository/org/fusesource/jansi/jansi/2.4.0/jansi-2.4.0.jar:/home/runner/.m2/repository/org/aesh/aesh/2.8.2/aesh-2.8.2.jar:/home/runner/.m2/repository/io/quarkus/gizmo/gizmo/1.8.0/gizmo-1.8.0.jar:/home/runner/.m2/repository/org/ow2/asm/asm-util/9.7.1/asm-util-9.7.1.jar:/home/runner/.m2/repository/org/ow2/asm/asm-analysis/9.7.1/asm-analysis-9.7.1.jar:/home/runner/.m2/repository/org/ow2/asm/asm-commons/9.7.1/asm-commons-9.7.1.jar:/home/runner/.m2/repository/org/ow2/asm/asm-tree/9.7.1/asm-tree-9.7.1.jar:/home/runner/.m2/repository/io/quarkus/quarkus-hibernate-validator-spi/3.20.2/quarkus-hibernate-validator-spi-3.20.2.jar:/home/runner/.m2/repository/io/quarkus/quarkus-class-change-agent/3.20.2/quarkus-class-change-agent-3.20.2.jar:/home/runner/.m2/repository/io/quarkus/quarkus-devtools-utilities/3.20.2/quarkus-devtools-utilities-3.20.2.jar:/home/runner/.m2/repository/io/quarkus/quarkus-builder/3.20.2/quarkus-builder-3.20.2.jar:/home/runner/.m2/repository/org/graalvm/sdk/nativeimage/23.1.2/nativeimage-23.1.2.jar:/home/runner/.m2/repository/org/graalvm/sdk/word/23.1.2/word-23.1.2.jar:/home/runner/.m2/repository/io/quarkus/quarkus-bootstrap-maven-resolver/3.20.2/quarkus-bootstrap-maven-resolver-3.20.2.jar:/home/runner/.m2/repository/io/smallrye/beanbag/smallrye-beanbag-maven/1.5.2/smallrye-beanbag-maven-1.5.2.jar:/home/runner/.m2/repository/io/smallrye/beanbag/smallrye-beanbag-sisu/1.5.2/smallrye-beanbag-sisu-1.5.2.jar:/home/runner/.m2/repository/io/smallrye/beanbag/smallrye-beanbag/1.5.2/smallrye-beanbag-1.5.2.jar:/home/runner/.m2/repository/javax/inject/javax.inject/1/javax.inject-1.jar:/home/runner/.m2/repository/org/apache/maven/maven-artifact/3.9.9/maven-artifact-3.9.9.jar:/home/runner/.m2/repository/org/apache/maven/maven-builder-support/3.9.9/maven-builder-support-3.9.9.jar:/home/runner/.m2/repository/org/apache/maven/maven-model/3.9.9/maven-model-3.9.9.jar:/home/runner/.m2/repository/org/apache/maven/maven-model-builder/3.9.9/maven-model-builder-3.9.9.jar:/home/runner/.m2/repository/org/apache/maven/maven-repository-metadata/3.9.9/maven-repository-metadata-3.9.9.jar:/home/runner/.m2/repository/org/apache/maven/maven-settings/3.9.9/maven-settings-3.9.9.jar:/home/runner/.m2/repository/org/apache/maven/resolver/maven-resolver-api/1.9.22/maven-resolver-api-1.9.22.jar:/home/runner/.m2/repository/org/apache/maven/resolver/maven-resolver-impl/1.9.22/maven-resolver-impl-1.9.22.jar:/home/runner/.m2/repository/org/apache/maven/resolver/maven-resolver-named-locks/1.9.22/maven-resolver-named-locks-1.9.22.jar:/home/runner/.m2/repository/org/apache/maven/resolver/maven-resolver-spi/1.9.22/maven-resolver-spi-1.9.22.jar:/home/runner/.m2/repository/org/apache/maven/resolver/maven-resolver-util/1.9.22/maven-resolver-util-1.9.22.jar:/home/runner/.m2/repository/org/apache/maven/resolver/maven-resolver-transport-http/1.9.20/maven-resolver-transport-http-1.9.20.jar:/home/runner/.m2/repository/org/apache/maven/wagon/wagon-provider-api/3.5.3/wagon-provider-api-3.5.3.jar:/home/runner/.m2/repository/org/apache/maven/wagon/wagon-http-shared/3.5.3/wagon-http-shared-3.5.3.jar:/home/runner/.m2/repository/org/codehaus/plexus/plexus-interpolation/1.26/plexus-interpolation-1.26.jar:/home/runner/.m2/repository/org/codehaus/plexus/plexus-utils/3.5.1/plexus-utils-3.5.1.jar:/home/runner/.m2/repository/org/codehaus/plexus/plexus-xml/4.0.1/plexus-xml-4.0.1.jar:/home/runner/.m2/repository/org/apache/maven/maven-xml-impl/4.0.0-alpha-5/maven-xml-impl-4.0.0-alpha-5.jar:/home/runner/.m2/repository/org/apache/maven/maven-api-xml/4.0.0-alpha-5/maven-api-xml-4.0.0-alpha-5.jar:/home/runner/.m2/repository/org/apache/maven/maven-api-meta/4.0.0-alpha-5/maven-api-meta-4.0.0-alpha-5.jar:/home/runner/.m2/repository/org/codehaus/plexus/plexus-cipher/2.0/plexus-cipher-2.0.jar:/home/runner/.m2/repository/org/codehaus/plexus/plexus-sec-dispatcher/2.0/plexus-sec-dispatcher-2.0.jar:/home/runner/.m2/repository/org/apache/maven/maven-embedder/3.9.9/maven-embedder-3.9.9.jar:/home/runner/.m2/repository/org/apache/maven/maven-core/3.9.9/maven-core-3.9.9.jar:/home/runner/.m2/repository/org/codehaus/plexus/plexus-component-annotations/2.1.0/plexus-component-annotations-2.1.0.jar:/home/runner/.m2/repository/org/apache/maven/maven-plugin-api/3.9.9/maven-plugin-api-3.9.9.jar:/home/runner/.m2/repository/org/apache/maven/shared/maven-shared-utils/3.4.2/maven-shared-utils-3.4.2.jar:/home/runner/.m2/repository/com/google/inject/guice/5.1.0/guice-5.1.0.jar:/home/runner/.m2/repository/aopalliance/aopalliance/1.0/aopalliance-1.0.jar:/home/runner/.m2/repository/org/codehaus/plexus/plexus-classworlds/2.6.0/plexus-classworlds-2.6.0.jar:/home/runner/.m2/repository/commons-cli/commons-cli/1.8.0/commons-cli-1.8.0.jar:/home/runner/.m2/repository/org/eclipse/sisu/org.eclipse.sisu.plexus/0.9.0.M3/org.eclipse.sisu.plexus-0.9.0.M3.jar:/home/runner/.m2/repository/org/apache/maven/maven-settings-builder/3.9.9/maven-settings-builder-3.9.9.jar:/home/runner/.m2/repository/org/apache/maven/maven-resolver-provider/3.9.9/maven-resolver-provider-3.9.9.jar:/home/runner/.m2/repository/org/apache/maven/resolver/maven-resolver-connector-basic/1.9.22/maven-resolver-connector-basic-1.9.22.jar:/home/runner/.m2/repository/org/apache/maven/resolver/maven-resolver-transport-wagon/1.9.22/maven-resolver-transport-wagon-1.9.22.jar:/home/runner/.m2/repository/org/apache/maven/wagon/wagon-http/3.5.3/wagon-http-3.5.3.jar:/home/runner/.m2/repository/org/apache/maven/wagon/wagon-file/3.5.3/wagon-file-3.5.3.jar:/home/runner/.m2/repository/io/quarkus/quarkus-bootstrap-gradle-resolver/3.20.2/quarkus-bootstrap-gradle-resolver-3.20.2.jar:/home/runner/.m2/repository/io/smallrye/jandex/3.3.0/jandex-3.3.0.jar:/home/runner/.m2/repository/org/jboss/logging/commons-logging-jboss-logging/1.0.0.Final/commons-logging-jboss-logging-1.0.0.Final.jar:/home/runner/.m2/repository/io/quarkus/quarkus-junit5-config/3.20.2/quarkus-junit5-config-3.20.2.jar:/home/runner/.m2/repository/org/junit/jupiter/junit-jupiter-api/5.12.1/junit-jupiter-api-5.12.1.jar:/home/runner/.m2/repository/io/smallrye/config/smallrye-config/3.11.4/smallrye-config-3.11.4.jar:/home/runner/.m2/repository/io/smallrye/config/smallrye-config-core/3.11.4/smallrye-config-core-3.11.4.jar:/home/runner/.m2/repository/io/smallrye/common/smallrye-common-classloader/2.12.0/smallrye-common-classloader-2.12.0.jar:/home/runner/.m2/repository/io/smallrye/config/smallrye-config-common/3.11.4/smallrye-config-common-3.11.4.jar:/home/runner/.m2/repository/org/junit/jupiter/junit-jupiter/5.12.1/junit-jupiter-5.12.1.jar:/home/runner/.m2/repository/org/junit/jupiter/junit-jupiter-params/5.12.1/junit-jupiter-params-5.12.1.jar:/home/runner/.m2/repository/org/junit/jupiter/junit-jupiter-engine/5.12.1/junit-jupiter-engine-5.12.1.jar:/home/runner/.m2/repository/io/quarkus/quarkus-core/3.20.2/quarkus-core-3.20.2.jar:/home/runner/.m2/repository/jakarta/enterprise/jakarta.enterprise.cdi-api/4.1.0/jakarta.enterprise.cdi-api-4.1.0.jar:/home/runner/.m2/repository/jakarta/enterprise/jakarta.enterprise.lang-model/4.1.0/jakarta.enterprise.lang-model-4.1.0.jar:/home/runner/.m2/repository/jakarta/el/jakarta.el-api/5.0.1/jakarta.el-api-5.0.1.jar:/home/runner/.m2/repository/jakarta/interceptor/jakarta.interceptor-api/2.2.0/jakarta.interceptor-api-2.2.0.jar:/home/runner/.m2/repository/jakarta/inject/jakarta.inject-api/2.0.1/jakarta.inject-api-2.0.1.jar:/home/runner/.m2/repository/io/smallrye/common/smallrye-common-os/2.12.0/smallrye-common-os-2.12.0.jar:/home/runner/.m2/repository/io/quarkus/quarkus-ide-launcher/3.20.2/quarkus-ide-launcher-3.20.2.jar:/home/runner/.m2/repository/io/quarkus/quarkus-development-mode-spi/3.20.2/quarkus-development-mode-spi-3.20.2.jar:/home/runner/.m2/repository/org/jboss/logging/jboss-logging/3.6.1.Final/jboss-logging-3.6.1.Final.jar:/home/runner/.m2/repository/org/jboss/logmanager/jboss-logmanager/3.1.2.Final/jboss-logmanager-3.1.2.Final.jar:/home/runner/.m2/repository/io/smallrye/common/smallrye-common-constraint/2.12.0/smallrye-common-constraint-2.12.0.jar:/home/runner/.m2/repository/io/smallrye/common/smallrye-common-cpu/2.12.0/smallrye-common-cpu-2.12.0.jar:/home/runner/.m2/repository/io/smallrye/common/smallrye-common-expression/2.12.0/smallrye-common-expression-2.12.0.jar:/home/runner/.m2/repository/io/smallrye/common/smallrye-common-net/2.12.0/smallrye-common-net-2.12.0.jar:/home/runner/.m2/repository/io/smallrye/common/smallrye-common-ref/2.12.0/smallrye-common-ref-2.12.0.jar:/home/runner/.m2/repository/jakarta/json/jakarta.json-api/2.1.3/jakarta.json-api-2.1.3.jar:/home/runner/.m2/repository/org/eclipse/parsson/parsson/1.1.7/parsson-1.1.7.jar:/home/runner/.m2/repository/org/jboss/logging/jboss-logging-annotations/3.0.4.Final/jboss-logging-annotations-3.0.4.Final.jar:/home/runner/.m2/repository/org/jboss/threads/jboss-threads/3.8.0.Final/jboss-threads-3.8.0.Final.jar:/home/runner/.m2/repository/io/smallrye/common/smallrye-common-annotation/2.12.0/smallrye-common-annotation-2.12.0.jar:/home/runner/.m2/repository/io/smallrye/common/smallrye-common-function/2.12.0/smallrye-common-function-2.12.0.jar:/home/runner/.m2/repository/org/jboss/slf4j/slf4j-jboss-logmanager/2.0.0.Final/slf4j-jboss-logmanager-2.0.0.Final.jar:/home/runner/.m2/repository/org/wildfly/common/wildfly-common/2.0.1/wildfly-common-2.0.1.jar:/home/runner/.m2/repository/io/quarkus/quarkus-bootstrap-runner/3.20.2/quarkus-bootstrap-runner-3.20.2.jar:/home/runner/.m2/repository/io/github/crac/org-crac/0.1.3/org-crac-0.1.3.jar:/home/runner/.m2/repository/io/quarkus/quarkus-fs-util/0.0.10/quarkus-fs-util-0.0.10.jar:/home/runner/.m2/repository/org/jboss/marshalling/jboss-marshalling/2.2.2.Final/jboss-marshalling-2.2.2.Final.jar:/home/runner/.m2/repository/io/fabric8/kubernetes-client/7.1.0/kubernetes-client-7.1.0.jar:/home/runner/.m2/repository/io/fabric8/kubernetes-client-api/7.1.0/kubernetes-client-api-7.1.0.jar:/home/runner/.m2/repository/io/fabric8/kubernetes-model-core/7.1.0/kubernetes-model-core-7.1.0.jar:/home/runner/.m2/repository/io/fabric8/kubernetes-model-common/7.1.0/kubernetes-model-common-7.1.0.jar:/home/runner/.m2/repository/javax/annotation/javax.annotation-api/1.3.2/javax.annotation-api-1.3.2.jar:/home/runner/.m2/repository/io/fabric8/kubernetes-model-gatewayapi/7.1.0/kubernetes-model-gatewayapi-7.1.0.jar:/home/runner/.m2/repository/io/fabric8/kubernetes-model-resource/7.1.0/kubernetes-model-resource-7.1.0.jar:/home/runner/.m2/repository/io/fabric8/kubernetes-model-rbac/7.1.0/kubernetes-model-rbac-7.1.0.jar:/home/runner/.m2/repository/io/fabric8/kubernetes-model-admissionregistration/7.1.0/kubernetes-model-admissionregistration-7.1.0.jar:/home/runner/.m2/repository/io/fabric8/kubernetes-model-apps/7.1.0/kubernetes-model-apps-7.1.0.jar:/home/runner/.m2/repository/io/fabric8/kubernetes-model-autoscaling/7.1.0/kubernetes-model-autoscaling-7.1.0.jar:/home/runner/.m2/repository/io/fabric8/kubernetes-model-apiextensions/7.1.0/kubernetes-model-apiextensions-7.1.0.jar:/home/runner/.m2/repository/io/fabric8/kubernetes-model-batch/7.1.0/kubernetes-model-batch-7.1.0.jar:/home/runner/.m2/repository/io/fabric8/kubernetes-model-certificates/7.1.0/kubernetes-model-certificates-7.1.0.jar:/home/runner/.m2/repository/io/fabric8/kubernetes-model-coordination/7.1.0/kubernetes-model-coordination-7.1.0.jar:/home/runner/.m2/repository/io/fabric8/kubernetes-model-discovery/7.1.0/kubernetes-model-discovery-7.1.0.jar:/home/runner/.m2/repository/io/fabric8/kubernetes-model-events/7.1.0/kubernetes-model-events-7.1.0.jar:/home/runner/.m2/repository/io/fabric8/kubernetes-model-extensions/7.1.0/kubernetes-model-extensions-7.1.0.jar:/home/runner/.m2/repository/io/fabric8/kubernetes-model-flowcontrol/7.1.0/kubernetes-model-flowcontrol-7.1.0.jar:/home/runner/.m2/repository/io/fabric8/kubernetes-model-networking/7.1.0/kubernetes-model-networking-7.1.0.jar:/home/runner/.m2/repository/io/fabric8/kubernetes-model-metrics/7.1.0/kubernetes-model-metrics-7.1.0.jar:/home/runner/.m2/repository/io/fabric8/kubernetes-model-policy/7.1.0/kubernetes-model-policy-7.1.0.jar:/home/runner/.m2/repository/io/fabric8/kubernetes-model-scheduling/7.1.0/kubernetes-model-scheduling-7.1.0.jar:/home/runner/.m2/repository/io/fabric8/kubernetes-model-storageclass/7.1.0/kubernetes-model-storageclass-7.1.0.jar:/home/runner/.m2/repository/io/fabric8/kubernetes-model-node/7.1.0/kubernetes-model-node-7.1.0.jar:/home/runner/.m2/repository/org/snakeyaml/snakeyaml-engine/2.9/snakeyaml-engine-2.9.jar:/home/runner/.m2/repository/com/fasterxml/jackson/dataformat/jackson-dataformat-yaml/2.18.2/jackson-dataformat-yaml-2.18.2.jar:/home/runner/.m2/repository/com/fasterxml/jackson/datatype/jackson-datatype-jsr310/2.18.2/jackson-datatype-jsr310-2.18.2.jar:/home/runner/.m2/repository/io/fabric8/zjsonpatch/7.1.0/zjsonpatch-7.1.0.jar:/home/runner/.m2/repository/io/fabric8/kubernetes-httpclient-vertx/7.1.0/kubernetes-httpclient-vertx-7.1.0.jar:/home/runner/.m2/repository/io/vertx/vertx-web-client/4.5.16/vertx-web-client-4.5.16.jar:/home/runner/.m2/repository/io/vertx/vertx-web-common/4.5.16/vertx-web-common-4.5.16.jar:/home/runner/.m2/repository/io/vertx/vertx-auth-common/4.5.16/vertx-auth-common-4.5.16.jar:/home/runner/.m2/repository/io/vertx/vertx-uri-template/4.5.16/vertx-uri-template-4.5.16.jar:/home/runner/.m2/repository/io/fabric8/openshift-client/7.1.0/openshift-client-7.1.0.jar:/home/runner/.m2/repository/io/fabric8/openshift-client-api/7.1.0/openshift-client-api-7.1.0.jar:/home/runner/.m2/repository/io/fabric8/openshift-model/7.1.0/openshift-model-7.1.0.jar:/home/runner/.m2/repository/io/fabric8/openshift-model-autoscaling/7.1.0/openshift-model-autoscaling-7.1.0.jar:/home/runner/.m2/repository/io/fabric8/openshift-model-operator/7.1.0/openshift-model-operator-7.1.0.jar:/home/runner/.m2/repository/io/fabric8/openshift-model-operatorhub/7.1.0/openshift-model-operatorhub-7.1.0.jar:/home/runner/.m2/repository/io/fabric8/openshift-model-machine/7.1.0/openshift-model-machine-7.1.0.jar:/home/runner/.m2/repository/io/fabric8/openshift-model-whereabouts/7.1.0/openshift-model-whereabouts-7.1.0.jar:/home/runner/.m2/repository/io/fabric8/openshift-model-monitoring/7.1.0/openshift-model-monitoring-7.1.0.jar:/home/runner/.m2/repository/io/fabric8/openshift-model-storageversionmigrator/7.1.0/openshift-model-storageversionmigrator-7.1.0.jar:/home/runner/.m2/repository/io/fabric8/openshift-model-tuned/7.1.0/openshift-model-tuned-7.1.0.jar:/home/runner/.m2/repository/io/fabric8/openshift-model-console/7.1.0/openshift-model-console-7.1.0.jar:/home/runner/.m2/repository/io/fabric8/openshift-model-config/7.1.0/openshift-model-config-7.1.0.jar:/home/runner/.m2/repository/io/fabric8/openshift-model-machineconfiguration/7.1.0/openshift-model-machineconfiguration-7.1.0.jar:/home/runner/.m2/repository/io/fabric8/openshift-model-miscellaneous/7.1.0/openshift-model-miscellaneous-7.1.0.jar:/home/runner/.m2/repository/io/fabric8/openshift-model-hive/7.1.0/openshift-model-hive-7.1.0.jar:/home/runner/.m2/repository/io/fabric8/openshift-model-installer/7.1.0/openshift-model-installer-7.1.0.jar:/home/runner/.m2/repository/org/junit/platform/junit-platform-launcher/1.12.1/junit-platform-launcher-1.12.1.jar:/home/runner/.m2/repository/org/junit/platform/junit-platform-engine/1.12.1/junit-platform-engine-1.12.1.jar:/home/runner/.m2/repository/org/opentest4j/opentest4j/1.3.0/opentest4j-1.3.0.jar:/home/runner/.m2/repository/org/junit/platform/junit-platform-commons/1.12.1/junit-platform-commons-1.12.1.jar:/home/runner/.m2/repository/org/apiguardian/apiguardian-api/1.1.2/apiguardian-api-1.1.2.jar:/home/runner/.m2/repository/jakarta/ws/rs/jakarta.ws.rs-api/3.1.0/jakarta.ws.rs-api-3.1.0.jar:/home/runner/work/apicurio-testing/apicurio-testing/clusters/ci419/namespaces/inmemory/tests/integration/apicurio-registry/java-sdk/target/apicurio-registry-java-sdk-3.0.12-SNAPSHOT.jar:/home/runner/.m2/repository/com/microsoft/kiota/microsoft-kiota-abstractions/1.8.8/microsoft-kiota-abstractions-1.8.8.jar:/home/runner/.m2/repository/io/github/std-uritemplate/std-uritemplate/2.0.0/std-uritemplate-2.0.0.jar:/home/runner/.m2/repository/io/kiota/kiota-http-jdk/0.0.29/kiota-http-jdk-0.0.29.jar:/home/runner/.m2/repository/io/kiota/kiota-http-vertx/0.0.29/kiota-http-vertx-0.0.29.jar:/home/runner/.m2/repository/io/kiota/kiota-serialization-jackson/0.0.29/kiota-serialization-jackson-0.0.29.jar:/home/runner/.m2/repository/com/microsoft/kiota/microsoft-kiota-serialization-text/1.8.8/microsoft-kiota-serialization-text-1.8.8.jar:/home/runner/.m2/repository/com/microsoft/kiota/microsoft-kiota-serialization-form/1.8.8/microsoft-kiota-serialization-form-1.8.8.jar:/home/runner/.m2/repository/com/microsoft/kiota/microsoft-kiota-serialization-multipart/1.8.8/microsoft-kiota-serialization-multipart-1.8.8.jar:/home/runner/.m2/repository/jakarta/annotation/jakarta.annotation-api/3.0.0/jakarta.annotation-api-3.0.0.jar:/home/runner/.m2/repository/io/vertx/vertx-auth-oauth2/4.5.16/vertx-auth-oauth2-4.5.16.jar:/home/runner/work/apicurio-testing/apicurio-testing/clusters/ci419/namespaces/inmemory/tests/integration/apicurio-registry/java-sdk-v2/target/apicurio-registry-v2-java-sdk-3.0.12-SNAPSHOT.jar:/home/runner/work/apicurio-testing/apicurio-testing/clusters/ci419/namespaces/inmemory/tests/integration/apicurio-registry/utils/kafka/target/apicurio-registry-utils-kafka-3.0.12-SNAPSHOT-tests.jar:/home/runner/.m2/repository/org/eclipse/microprofile/config/microprofile-config-api/3.1/microprofile-config-api-3.1.jar:/home/runner/.m2/repository/org/apache/kafka/kafka-clients/3.9.1/kafka-clients-3.9.1.jar:/home/runner/.m2/repository/com/github/luben/zstd-jni/1.5.6-4/zstd-jni-1.5.6-4.jar:/home/runner/.m2/repository/org/lz4/lz4-java/1.8.0/lz4-java-1.8.0.jar:/home/runner/.m2/repository/org/xerial/snappy/snappy-java/1.1.10.5/snappy-java-1.1.10.5.jar:/home/runner/.m2/repository/org/slf4j/slf4j-api/2.0.6/slf4j-api-2.0.6.jar:/home/runner/work/apicurio-testing/apicurio-testing/clusters/ci419/namespaces/inmemory/tests/integration/apicurio-registry/utils/tests/target/apicurio-registry-utils-tests-3.0.12-SNAPSHOT.jar:/home/runner/work/apicurio-testing/apicurio-testing/clusters/ci419/namespaces/inmemory/tests/integration/apicurio-registry/common/target/apicurio-registry-common-3.0.12-SNAPSHOT.jar:/home/runner/.m2/repository/jakarta/validation/jakarta.validation-api/3.0.2/jakarta.validation-api-3.0.2.jar:/home/runner/.m2/repository/com/github/dasniko/testcontainers-keycloak/3.8.0/testcontainers-keycloak-3.8.0.jar:/home/runner/.m2/repository/org/testcontainers/testcontainers/1.20.6/testcontainers-1.20.6.jar:/home/runner/.m2/repository/org/rnorth/duct-tape/duct-tape/1.0.8/duct-tape-1.0.8.jar:/home/runner/.m2/repository/com/github/docker-java/docker-java-transport-zerodep/3.4.1/docker-java-transport-zerodep-3.4.1.jar:/home/runner/.m2/repository/com/github/docker-java/docker-java-transport/3.4.1/docker-java-transport-3.4.1.jar:/home/runner/.m2/repository/net/java/dev/jna/jna/5.8.0/jna-5.8.0.jar:/home/runner/.m2/repository/io/quarkus/quarkus-junit4-mock/3.20.2/quarkus-junit4-mock-3.20.2.jar:/home/runner/.m2/repository/org/jboss/shrinkwrap/shrinkwrap-api/2.0.0-beta-2/shrinkwrap-api-2.0.0-beta-2.jar:/home/runner/.m2/repository/org/jboss/shrinkwrap/shrinkwrap-impl-base/2.0.0-beta-2/shrinkwrap-impl-base-2.0.0-beta-2.jar:/home/runner/.m2/repository/org/jboss/shrinkwrap/shrinkwrap-spi/2.0.0-beta-2/shrinkwrap-spi-2.0.0-beta-2.jar:/home/runner/.m2/repository/org/keycloak/keycloak-admin-client/26.0.4/keycloak-admin-client-26.0.4.jar:/home/runner/.m2/repository/org/keycloak/keycloak-client-common-synced/26.0.4/keycloak-client-common-synced-26.0.4.jar:/home/runner/.m2/repository/jakarta/activation/jakarta.activation-api/2.1.3/jakarta.activation-api-2.1.3.jar:/home/runner/.m2/repository/org/eclipse/microprofile/openapi/microprofile-openapi-api/4.0.2/microprofile-openapi-api-4.0.2.jar:/home/runner/.m2/repository/org/jboss/resteasy/resteasy-client/6.2.12.Final/resteasy-client-6.2.12.Final.jar:/home/runner/.m2/repository/org/jboss/resteasy/resteasy-client-api/6.2.12.Final/resteasy-client-api-6.2.12.Final.jar:/home/runner/.m2/repository/org/jboss/resteasy/resteasy-core-spi/6.2.12.Final/resteasy-core-spi-6.2.12.Final.jar:/home/runner/.m2/repository/org/jboss/resteasy/resteasy-core/6.2.12.Final/resteasy-core-6.2.12.Final.jar:/home/runner/.m2/repository/org/eclipse/angus/angus-activation/2.0.2/angus-activation-2.0.2.jar:/home/runner/.m2/repository/com/ibm/async/asyncutil/0.1.0/asyncutil-0.1.0.jar:/home/runner/.m2/repository/org/reactivestreams/reactive-streams/1.0.4/reactive-streams-1.0.4.jar:/home/runner/.m2/repository/org/jboss/resteasy/resteasy-multipart-provider/6.2.12.Final/resteasy-multipart-provider-6.2.12.Final.jar:/home/runner/.m2/repository/jakarta/mail/jakarta.mail-api/2.1.3/jakarta.mail-api-2.1.3.jar:/home/runner/.m2/repository/org/eclipse/angus/angus-mail/2.0.3/angus-mail-2.0.3.jar:/home/runner/.m2/repository/org/apache/james/apache-mime4j-dom/0.8.12/apache-mime4j-dom-0.8.12.jar:/home/runner/.m2/repository/org/apache/james/apache-mime4j-core/0.8.12/apache-mime4j-core-0.8.12.jar:/home/runner/.m2/repository/org/apache/james/apache-mime4j-storage/0.8.12/apache-mime4j-storage-0.8.12.jar:/home/runner/.m2/repository/org/jboss/resteasy/resteasy-jackson2-provider/6.2.12.Final/resteasy-jackson2-provider-6.2.12.Final.jar:/home/runner/.m2/repository/com/fasterxml/jackson/jakarta/rs/jackson-jakarta-rs-base/2.18.2/jackson-jakarta-rs-base-2.18.2.jar:/home/runner/.m2/repository/com/fasterxml/jackson/jakarta/rs/jackson-jakarta-rs-json-provider/2.18.2/jackson-jakarta-rs-json-provider-2.18.2.jar:/home/runner/.m2/repository/com/fasterxml/jackson/module/jackson-module-jakarta-xmlbind-annotations/2.18.2/jackson-module-jakarta-xmlbind-annotations-2.18.2.jar:/home/runner/.m2/repository/com/github/java-json-tools/json-patch/1.13/json-patch-1.13.jar:/home/runner/.m2/repository/com/github/java-json-tools/msg-simple/1.2/msg-simple-1.2.jar:/home/runner/.m2/repository/com/github/java-json-tools/btf/1.3/btf-1.3.jar:/home/runner/.m2/repository/com/github/java-json-tools/jackson-coreutils/2.0/jackson-coreutils-2.0.jar:/home/runner/.m2/repository/org/jboss/resteasy/resteasy-jaxb-provider/6.2.12.Final/resteasy-jaxb-provider-6.2.12.Final.jar:/home/runner/.m2/repository/org/glassfish/jaxb/codemodel/4.0.5/codemodel-4.0.5.jar:/home/runner/.m2/repository/org/glassfish/jaxb/jaxb-core/4.0.5/jaxb-core-4.0.5.jar:/home/runner/.m2/repository/org/glassfish/jaxb/jaxb-jxc/4.0.5/jaxb-jxc-4.0.5.jar:/home/runner/.m2/repository/org/glassfish/jaxb/jaxb-runtime/4.0.5/jaxb-runtime-4.0.5.jar:/home/runner/.m2/repository/org/glassfish/jaxb/txw2/4.0.5/txw2-4.0.5.jar:/home/runner/.m2/repository/org/glassfish/jaxb/jaxb-xjc/4.0.5/jaxb-xjc-4.0.5.jar:/home/runner/.m2/repository/org/glassfish/jaxb/xsom/4.0.5/xsom-4.0.5.jar:/home/runner/.m2/repository/com/sun/istack/istack-commons-runtime/4.1.2/istack-commons-runtime-4.1.2.jar:/home/runner/.m2/repository/com/sun/istack/istack-commons-tools/4.1.2/istack-commons-tools-4.1.2.jar:/home/runner/.m2/repository/com/sun/xml/bind/external/relaxng-datatype/4.0.5/relaxng-datatype-4.0.5.jar:/home/runner/.m2/repository/com/sun/xml/bind/external/rngom/4.0.5/rngom-4.0.5.jar:/home/runner/.m2/repository/org/testcontainers/mssqlserver/1.20.6/mssqlserver-1.20.6.jar:/home/runner/.m2/repository/org/testcontainers/jdbc/1.20.6/jdbc-1.20.6.jar:/home/runner/.m2/repository/org/testcontainers/database-commons/1.20.6/database-commons-1.20.6.jar:/home/runner/.m2/repository/org/testcontainers/mysql/1.20.6/mysql-1.20.6.jar:/home/runner/.m2/repository/io/strimzi/strimzi-test-container/0.111.0/strimzi-test-container-0.111.0.jar:/home/runner/.m2/repository/org/testcontainers/toxiproxy/1.20.6/toxiproxy-1.20.6.jar:/home/runner/.m2/repository/com/github/docker-java/docker-java-api/3.4.1/docker-java-api-3.4.1.jar:/home/runner/.m2/repository/org/apache/logging/log4j/log4j-slf4j-impl/2.19.0/log4j-slf4j-impl-2.19.0.jar:/home/runner/.m2/repository/org/apache/logging/log4j/log4j-api/2.24.3/log4j-api-2.24.3.jar:/home/runner/.m2/repository/org/apache/logging/log4j/log4j-core/2.19.0/log4j-core-2.19.0.jar:/home/runner/.m2/repository/eu/rekawek/toxiproxy/toxiproxy-java/2.1.7/toxiproxy-java-2.1.7.jar:/home/runner/.m2/repository/org/testcontainers/pulsar/1.21.3/pulsar-1.21.3.jar:/home/runner/.m2/repository/io/debezium/debezium-testing-testcontainers/2.7.4.Final/debezium-testing-testcontainers-2.7.4.Final.jar:/home/runner/.m2/repository/org/testcontainers/kafka/1.20.6/kafka-1.20.6.jar:/home/runner/.m2/repository/com/squareup/okhttp3/okhttp/4.8.1/okhttp-4.8.1.jar:/home/runner/.m2/repository/com/squareup/okio/okio/3.10.2/okio-3.10.2.jar:/home/runner/.m2/repository/com/squareup/okio/okio-jvm/3.10.2/okio-jvm-3.10.2.jar:/home/runner/.m2/repository/org/jetbrains/kotlin/kotlin-stdlib/2.0.21/kotlin-stdlib-2.0.21.jar:/home/runner/.m2/repository/org/awaitility/awaitility/4.3.0/awaitility-4.3.0.jar:/home/runner/.m2/repository/org/testcontainers/mongodb/1.20.6/mongodb-1.20.6.jar:/home/runner/.m2/repository/org/testcontainers/mariadb/1.20.6/mariadb-1.20.6.jar:/home/runner/.m2/repository/org/testcontainers/oracle-xe/1.20.6/oracle-xe-1.20.6.jar:/home/runner/.m2/repository/org/testcontainers/postgresql/1.20.6/postgresql-1.20.6.jar:/home/runner/.m2/repository/org/wiremock/wiremock/3.0.1/wiremock-3.0.1.jar:/home/runner/.m2/repository/org/eclipse/jetty/jetty-server/11.0.15/jetty-server-11.0.15.jar:/home/runner/.m2/repository/org/eclipse/jetty/toolchain/jetty-jakarta-servlet-api/5.0.2/jetty-jakarta-servlet-api-5.0.2.jar:/home/runner/.m2/repository/org/eclipse/jetty/jetty-http/11.0.15/jetty-http-11.0.15.jar:/home/runner/.m2/repository/org/eclipse/jetty/jetty-io/11.0.15/jetty-io-11.0.15.jar:/home/runner/.m2/repository/org/eclipse/jetty/jetty-servlet/11.0.15/jetty-servlet-11.0.15.jar:/home/runner/.m2/repository/org/eclipse/jetty/jetty-security/11.0.15/jetty-security-11.0.15.jar:/home/runner/.m2/repository/org/eclipse/jetty/jetty-servlets/11.0.15/jetty-servlets-11.0.15.jar:/home/runner/.m2/repository/org/eclipse/jetty/jetty-util/11.0.15/jetty-util-11.0.15.jar:/home/runner/.m2/repository/org/eclipse/jetty/jetty-webapp/11.0.15/jetty-webapp-11.0.15.jar:/home/runner/.m2/repository/org/eclipse/jetty/jetty-xml/11.0.15/jetty-xml-11.0.15.jar:/home/runner/.m2/repository/org/eclipse/jetty/jetty-proxy/11.0.15/jetty-proxy-11.0.15.jar:/home/runner/.m2/repository/org/eclipse/jetty/jetty-client/11.0.15/jetty-client-11.0.15.jar:/home/runner/.m2/repository/org/eclipse/jetty/http2/http2-server/11.0.15/http2-server-11.0.15.jar:/home/runner/.m2/repository/org/eclipse/jetty/http2/http2-common/11.0.15/http2-common-11.0.15.jar:/home/runner/.m2/repository/org/eclipse/jetty/http2/http2-hpack/11.0.15/http2-hpack-11.0.15.jar:/home/runner/.m2/repository/org/eclipse/jetty/jetty-alpn-server/11.0.15/jetty-alpn-server-11.0.15.jar:/home/runner/.m2/repository/org/eclipse/jetty/jetty-alpn-java-server/11.0.15/jetty-alpn-java-server-11.0.15.jar:/home/runner/.m2/repository/org/eclipse/jetty/jetty-alpn-java-client/11.0.15/jetty-alpn-java-client-11.0.15.jar:/home/runner/.m2/repository/org/eclipse/jetty/jetty-alpn-client/11.0.15/jetty-alpn-client-11.0.15.jar:/home/runner/.m2/repository/org/apache/httpcomponents/client5/httpclient5/5.2.1/httpclient5-5.2.1.jar:/home/runner/.m2/repository/org/apache/httpcomponents/core5/httpcore5/5.2/httpcore5-5.2.jar:/home/runner/.m2/repository/org/apache/httpcomponents/core5/httpcore5-h2/5.2/httpcore5-h2-5.2.jar:/home/runner/.m2/repository/org/xmlunit/xmlunit-core/2.9.1/xmlunit-core-2.9.1.jar:/home/runner/.m2/repository/jakarta/xml/bind/jakarta.xml.bind-api/4.0.2/jakarta.xml.bind-api-4.0.2.jar:/home/runner/.m2/repository/org/xmlunit/xmlunit-legacy/2.9.1/xmlunit-legacy-2.9.1.jar:/home/runner/.m2/repository/org/xmlunit/xmlunit-placeholders/2.9.1/xmlunit-placeholders-2.9.1.jar:/home/runner/.m2/repository/net/javacrumbs/json-unit/json-unit-core/2.38.0/json-unit-core-2.38.0.jar:/home/runner/.m2/repository/org/hamcrest/hamcrest-core/2.2/hamcrest-core-2.2.jar:/home/runner/.m2/repository/com/jayway/jsonpath/json-path/2.8.0/json-path-2.8.0.jar:/home/runner/.m2/repository/net/minidev/json-smart/2.4.10/json-smart-2.4.10.jar:/home/runner/.m2/repository/net/minidev/accessors-smart/2.4.9/accessors-smart-2.4.9.jar:/home/runner/.m2/repository/org/ow2/asm/asm/9.7.1/asm-9.7.1.jar:/home/runner/.m2/repository/net/sf/jopt-simple/jopt-simple/5.0.4/jopt-simple-5.0.4.jar:/home/runner/.m2/repository/com/github/jknack/handlebars/4.3.1/handlebars-4.3.1.jar:/home/runner/.m2/repository/com/github/jknack/handlebars-helpers/4.3.1/handlebars-helpers-4.3.1.jar:/home/runner/.m2/repository/commons-fileupload/commons-fileupload/1.5/commons-fileupload-1.5.jar:/home/runner/.m2/repository/com/networknt/json-schema-validator/1.5.8/json-schema-validator-1.5.8.jar:/home/runner/.m2/repository/com/ethlo/time/itu/1.10.3/itu-1.10.3.jar:/home/runner/.m2/repository/io/quarkus/quarkus-smallrye-jwt-build/3.20.2/quarkus-smallrye-jwt-build-3.20.2.jar:/home/runner/.m2/repository/io/smallrye/smallrye-jwt-build/4.6.2/smallrye-jwt-build-4.6.2.jar:/home/runner/.m2/repository/org/eclipse/microprofile/jwt/microprofile-jwt-auth-api/2.1/microprofile-jwt-auth-api-2.1.jar:/home/runner/.m2/repository/org/bitbucket/b_c/jose4j/0.9.6/jose4j-0.9.6.jar:/home/runner/.m2/repository/io/smallrye/smallrye-jwt-common/4.6.2/smallrye-jwt-common-4.6.2.jar:/home/runner/.m2/repository/io/quarkus/quarkus-jsonp/3.20.2/quarkus-jsonp-3.20.2.jar:/home/runner/.m2/repository/io/quarkus/quarkus-arc/3.20.2/quarkus-arc-3.20.2.jar:/home/runner/.m2/repository/io/quarkus/arc/arc/3.20.2/arc-3.20.2.jar:/home/runner/.m2/repository/jakarta/transaction/jakarta.transaction-api/2.0.1/jakarta.transaction-api-2.0.1.jar:/home/runner/.m2/repository/io/smallrye/reactive/mutiny/2.9.2/mutiny-2.9.2.jar:/home/runner/.m2/repository/org/jctools/jctools-core/4.0.5/jctools-core-4.0.5.jar:/home/runner/.m2/repository/org/eclipse/microprofile/context-propagation/microprofile-context-propagation-api/1.3/microprofile-context-propagation-api-1.3.jar:/home/runner/.m2/repository/io/apicurio/apicurio-common-rest-client-common/0.1.18.Final/apicurio-common-rest-client-common-0.1.18.Final.jar:/home/runner/work/apicurio-testing/apicurio-testing/clusters/ci419/namespaces/inmemory/tests/integration/apicurio-registry/utils/maven-plugin/target/apicurio-registry-maven-plugin-3.0.12-SNAPSHOT.jar:/home/runner/.m2/repository/com/fasterxml/jackson/core/jackson-databind/2.18.2/jackson-databind-2.18.2.jar:/home/runner/.m2/repository/org/apache/avro/avro/1.12.0/avro-1.12.0.jar:/home/runner/.m2/repository/com/google/protobuf/protobuf-java/4.31.1/protobuf-java-4.31.1.jar:/home/runner/.m2/repository/com/google/protobuf/protobuf-java-util/4.31.1/protobuf-java-util-4.31.1.jar:/home/runner/.m2/repository/com/google/code/findbugs/jsr305/3.0.2/jsr305-3.0.2.jar:/home/runner/.m2/repository/com/google/code/gson/gson/2.12.1/gson-2.12.1.jar:/home/runner/.m2/repository/com/google/errorprone/error_prone_annotations/2.36.0/error_prone_annotations-2.36.0.jar:/home/runner/.m2/repository/com/google/j2objc/j2objc-annotations/2.8/j2objc-annotations-2.8.jar:/home/runner/work/apicurio-testing/apicurio-testing/clusters/ci419/namespaces/inmemory/tests/integration/apicurio-registry/schema-util/util-provider/target/apicurio-registry-schema-util-provider-3.0.12-SNAPSHOT.jar:/home/runner/work/apicurio-testing/apicurio-testing/clusters/ci419/namespaces/inmemory/tests/integration/apicurio-registry/schema-util/common/target/apicurio-registry-schema-util-common-3.0.12-SNAPSHOT.jar:/home/runner/.m2/repository/com/fasterxml/jackson/module/jackson-module-parameter-names/2.18.2/jackson-module-parameter-names-2.18.2.jar:/home/runner/.m2/repository/com/fasterxml/jackson/datatype/jackson-datatype-json-org/2.18.2/jackson-datatype-json-org-2.18.2.jar:/home/runner/work/apicurio-testing/apicurio-testing/clusters/ci419/namespaces/inmemory/tests/integration/apicurio-registry/schema-util/json/target/apicurio-registry-schema-util-json-3.0.12-SNAPSHOT.jar:/home/runner/.m2/repository/com/github/erosb/everit-json-schema/1.14.5/everit-json-schema-1.14.5.jar:/home/runner/.m2/repository/commons-validator/commons-validator/1.9.0/commons-validator-1.9.0.jar:/home/runner/.m2/repository/commons-digester/commons-digester/2.1/commons-digester-2.1.jar:/home/runner/.m2/repository/commons-collections/commons-collections/3.2.2/commons-collections-3.2.2.jar:/home/runner/.m2/repository/com/damnhandy/handy-uri-templates/2.1.8/handy-uri-templates-2.1.8.jar:/home/runner/.m2/repository/joda-time/joda-time/2.10.2/joda-time-2.10.2.jar:/home/runner/.m2/repository/com/github/erosb/json-sKema/0.20.0/json-sKema-0.20.0.jar:/home/runner/.m2/repository/io/vertx/vertx-json-schema/4.5.16/vertx-json-schema-4.5.16.jar:/home/runner/work/apicurio-testing/apicurio-testing/clusters/ci419/namespaces/inmemory/tests/integration/apicurio-registry/schema-util/protobuf/target/apicurio-registry-schema-util-protobuf-3.0.12-SNAPSHOT.jar:/home/runner/work/apicurio-testing/apicurio-testing/clusters/ci419/namespaces/inmemory/tests/integration/apicurio-registry/utils/protobuf-schema-utilities/target/apicurio-registry-protobuf-schema-utilities-3.0.12-SNAPSHOT.jar:/home/runner/.m2/repository/com/google/api/grpc/proto-google-common-protos/2.52.0/proto-google-common-protos-2.52.0.jar:/home/runner/.m2/repository/com/squareup/wire/wire-schema-jvm/5.3.3/wire-schema-jvm-5.3.3.jar:/home/runner/.m2/repository/com/palantir/javapoet/javapoet/0.6.0/javapoet-0.6.0.jar:/home/runner/.m2/repository/com/squareup/kotlinpoet-jvm/2.0.0/kotlinpoet-jvm-2.0.0.jar:/home/runner/.m2/repository/org/jetbrains/kotlin/kotlin-reflect/2.0.21/kotlin-reflect-2.0.21.jar:/home/runner/.m2/repository/com/squareup/wire/wire-runtime-jvm/5.3.3/wire-runtime-jvm-5.3.3.jar:/home/runner/.m2/repository/com/ibm/icu/icu4j/76.1/icu4j-76.1.jar:/home/runner/.m2/repository/com/squareup/okio/okio-fakefilesystem/3.10.2/okio-fakefilesystem-3.10.2.jar:/home/runner/.m2/repository/com/squareup/okio/okio-fakefilesystem-jvm/3.10.2/okio-fakefilesystem-jvm-3.10.2.jar:/home/runner/.m2/repository/org/jetbrains/kotlinx/kotlinx-datetime-jvm/0.6.1/kotlinx-datetime-jvm-0.6.1.jar:/home/runner/work/apicurio-testing/apicurio-testing/clusters/ci419/namespaces/inmemory/tests/integration/apicurio-registry/schema-util/asyncapi/target/apicurio-registry-schema-util-asyncapi-3.0.12-SNAPSHOT.jar:/home/runner/work/apicurio-testing/apicurio-testing/clusters/ci419/namespaces/inmemory/tests/integration/apicurio-registry/schema-util/avro/target/apicurio-registry-schema-util-avro-3.0.12-SNAPSHOT.jar:/home/runner/work/apicurio-testing/apicurio-testing/clusters/ci419/namespaces/inmemory/tests/integration/apicurio-registry/schema-util/graphql/target/apicurio-registry-schema-util-graphql-3.0.12-SNAPSHOT.jar:/home/runner/.m2/repository/com/graphql-java/graphql-java/22.4/graphql-java-22.4.jar:/home/runner/.m2/repository/com/graphql-java/java-dataloader/3.3.0/java-dataloader-3.3.0.jar:/home/runner/work/apicurio-testing/apicurio-testing/clusters/ci419/namespaces/inmemory/tests/integration/apicurio-registry/schema-util/kconnect/target/apicurio-registry-schema-util-kconnect-3.0.12-SNAPSHOT.jar:/home/runner/work/apicurio-testing/apicurio-testing/clusters/ci419/namespaces/inmemory/tests/integration/apicurio-registry/schema-util/openapi/target/apicurio-registry-schema-util-openapi-3.0.12-SNAPSHOT.jar:/home/runner/.m2/repository/io/apicurio/apicurio-data-models/2.2.2/apicurio-data-models-2.2.2.jar:/home/runner/.m2/repository/org/openapitools/openapidiff/openapi-diff-core/2.1.2/openapi-diff-core-2.1.2.jar:/home/runner/.m2/repository/io/swagger/parser/v3/swagger-parser/2.1.28/swagger-parser-2.1.28.jar:/home/runner/.m2/repository/io/swagger/parser/v3/swagger-parser-v2-converter/2.1.28/swagger-parser-v2-converter-2.1.28.jar:/home/runner/.m2/repository/io/swagger/swagger-core/1.6.16/swagger-core-1.6.16.jar:/home/runner/.m2/repository/io/swagger/swagger-models/1.6.16/swagger-models-1.6.16.jar:/home/runner/.m2/repository/io/swagger/swagger-annotations/1.6.16/swagger-annotations-1.6.16.jar:/home/runner/.m2/repository/io/swagger/swagger-parser/1.0.75/swagger-parser-1.0.75.jar:/home/runner/.m2/repository/io/swagger/swagger-parser-safe-url-resolver/1.0.75/swagger-parser-safe-url-resolver-1.0.75.jar:/home/runner/.m2/repository/io/swagger/swagger-compat-spec-parser/1.0.75/swagger-compat-spec-parser-1.0.75.jar:/home/runner/.m2/repository/com/github/java-json-tools/json-schema-validator/2.2.14/json-schema-validator-2.2.14.jar:/home/runner/.m2/repository/com/github/java-json-tools/jackson-coreutils-equivalence/1.0/jackson-coreutils-equivalence-1.0.jar:/home/runner/.m2/repository/com/github/java-json-tools/json-schema-core/1.2.14/json-schema-core-1.2.14.jar:/home/runner/.m2/repository/com/github/java-json-tools/uri-template/0.10/uri-template-0.10.jar:/home/runner/.m2/repository/com/googlecode/libphonenumber/libphonenumber/8.11.1/libphonenumber-8.11.1.jar:/home/runner/.m2/repository/com/j2html/j2html/1.6.0/j2html-1.6.0.jar:/home/runner/.m2/repository/org/apache/commons/commons-collections4/4.5.0/commons-collections4-4.5.0.jar:/home/runner/.m2/repository/org/slf4j/jcl-over-slf4j/2.0.17/jcl-over-slf4j-2.0.17.jar:/home/runner/.m2/repository/io/swagger/parser/v3/swagger-parser-v3/2.1.31/swagger-parser-v3-2.1.31.jar:/home/runner/.m2/repository/io/swagger/core/v3/swagger-models/2.2.34/swagger-models-2.2.34.jar:/home/runner/.m2/repository/io/swagger/core/v3/swagger-core/2.2.34/swagger-core-2.2.34.jar:/home/runner/.m2/repository/io/swagger/parser/v3/swagger-parser-core/2.1.31/swagger-parser-core-2.1.31.jar:/home/runner/.m2/repository/io/swagger/parser/v3/swagger-parser-safe-url-resolver/2.1.31/swagger-parser-safe-url-resolver-2.1.31.jar:/home/runner/work/apicurio-testing/apicurio-testing/clusters/ci419/namespaces/inmemory/tests/integration/apicurio-registry/schema-util/wsdl/target/apicurio-registry-schema-util-wsdl-3.0.12-SNAPSHOT.jar:/home/runner/.m2/repository/wsdl4j/wsdl4j/1.6.3/wsdl4j-1.6.3.jar:/home/runner/work/apicurio-testing/apicurio-testing/clusters/ci419/namespaces/inmemory/tests/integration/apicurio-registry/schema-util/xml/target/apicurio-registry-schema-util-xml-3.0.12-SNAPSHOT.jar:/home/runner/.m2/repository/org/apache/santuario/xmlsec/4.0.4/xmlsec-4.0.4.jar:/home/runner/.m2/repository/com/fasterxml/woodstox/woodstox-core/7.1.1/woodstox-core-7.1.1.jar:/home/runner/.m2/repository/org/codehaus/woodstox/stax2-api/4.2.2/stax2-api-4.2.2.jar:/home/runner/work/apicurio-testing/apicurio-testing/clusters/ci419/namespaces/inmemory/tests/integration/apicurio-registry/schema-util/xsd/target/apicurio-registry-schema-util-xsd-3.0.12-SNAPSHOT.jar:/home/runner/work/apicurio-testing/apicurio-testing/clusters/ci419/namespaces/inmemory/tests/integration/apicurio-registry/serdes/kafka/jsonschema-serde/target/apicurio-registry-jsonschema-serde-kafka-3.0.12-SNAPSHOT.jar:/home/runner/work/apicurio-testing/apicurio-testing/clusters/ci419/namespaces/inmemory/tests/integration/apicurio-registry/serdes/kafka/serde-kafka-common/target/apicurio-registry-serde-kafka-common-3.0.12-SNAPSHOT.jar:/home/runner/work/apicurio-testing/apicurio-testing/clusters/ci419/namespaces/inmemory/tests/integration/apicurio-registry/serdes/generic/serde-common/target/apicurio-registry-serde-common-3.0.12-SNAPSHOT.jar:/home/runner/work/apicurio-testing/apicurio-testing/clusters/ci419/namespaces/inmemory/tests/integration/apicurio-registry/serdes/generic/serde-common-jsonschema/target/apicurio-registry-serde-common-jsonschema-3.0.12-SNAPSHOT.jar:/home/runner/.m2/repository/org/json/json/20250107/json-20250107.jar:/home/runner/work/apicurio-testing/apicurio-testing/clusters/ci419/namespaces/inmemory/tests/integration/apicurio-registry/serdes/kafka/avro-serde/target/apicurio-registry-avro-serde-kafka-3.0.12-SNAPSHOT.jar:/home/runner/work/apicurio-testing/apicurio-testing/clusters/ci419/namespaces/inmemory/tests/integration/apicurio-registry/serdes/generic/serde-common-avro/target/apicurio-registry-serde-common-avro-3.0.12-SNAPSHOT.jar:/home/runner/work/apicurio-testing/apicurio-testing/clusters/ci419/namespaces/inmemory/tests/integration/apicurio-registry/serdes/kafka/protobuf-serde/target/apicurio-registry-protobuf-serde-kafka-3.0.12-SNAPSHOT.jar:/home/runner/work/apicurio-testing/apicurio-testing/clusters/ci419/namespaces/inmemory/tests/integration/apicurio-registry/serdes/generic/serde-common-protobuf/target/apicurio-registry-serde-common-protobuf-3.0.12-SNAPSHOT.jar:/home/runner/.m2/repository/com/squareup/wire/wire-schema/5.3.3/wire-schema-5.3.3.jar:/home/runner/.m2/repository/com/squareup/wire/wire-runtime/5.3.3/wire-runtime-5.3.3.jar:/home/runner/work/apicurio-testing/apicurio-testing/clusters/ci419/namespaces/inmemory/tests/integration/apicurio-registry/serdes/pulsar/avro-serde/target/apicurio-registry-avro-serde-pulsar-3.0.12-SNAPSHOT.jar:/home/runner/.m2/repository/org/apache/pulsar/pulsar-functions-api/3.3.8/pulsar-functions-api-3.3.8.jar:/home/runner/work/apicurio-testing/apicurio-testing/clusters/ci419/namespaces/inmemory/tests/integration/apicurio-registry/serdes/nats/avro-serde/target/apicurio-registry-avro-serde-nats-3.0.12-SNAPSHOT.jar:/home/runner/.m2/repository/io/nats/jnats/2.21.4/jnats-2.21.4.jar:/home/runner/.m2/repository/org/bouncycastle/bcprov-lts8on/2.73.7/bcprov-lts8on-2.73.7.jar:/home/runner/.m2/repository/org/jetbrains/annotations/26.0.2/annotations-26.0.2.jar:/home/runner/work/apicurio-testing/apicurio-testing/clusters/ci419/namespaces/inmemory/tests/integration/apicurio-registry/utils/converter/target/apicurio-registry-utils-converter-3.0.12-SNAPSHOT.jar:/home/runner/work/apicurio-testing/apicurio-testing/clusters/ci419/namespaces/inmemory/tests/integration/apicurio-registry/schema-resolver/target/apicurio-registry-schema-resolver-3.0.12-SNAPSHOT.jar:/home/runner/.m2/repository/org/apache/kafka/connect-api/3.9.1/connect-api-3.9.1.jar:/home/runner/.m2/repository/javax/ws/rs/javax.ws.rs-api/2.1.1/javax.ws.rs-api-2.1.1.jar:/home/runner/.m2/repository/org/apache/kafka/connect-json/3.9.1/connect-json-3.9.1.jar:/home/runner/.m2/repository/com/fasterxml/jackson/datatype/jackson-datatype-jdk8/2.18.2/jackson-datatype-jdk8-2.18.2.jar:/home/runner/.m2/repository/com/fasterxml/jackson/module/jackson-module-afterburner/2.18.2/jackson-module-afterburner-2.18.2.jar:/home/runner/work/apicurio-testing/apicurio-testing/clusters/ci419/namespaces/inmemory/tests/integration/apicurio-registry/utils/kafka/target/apicurio-registry-utils-kafka-3.0.12-SNAPSHOT.jar:/home/runner/.m2/repository/org/apache/pulsar/pulsar-client/3.3.8/pulsar-client-3.3.8.jar:/home/runner/.m2/repository/org/apache/pulsar/pulsar-client-api/3.3.8/pulsar-client-api-3.3.8.jar:/home/runner/.m2/repository/org/apache/pulsar/pulsar-client-admin-api/3.3.8/pulsar-client-admin-api-3.3.8.jar:/home/runner/.m2/repository/org/apache/pulsar/bouncy-castle-bc/3.3.8/bouncy-castle-bc-3.3.8-pkg.jar:/home/runner/.m2/repository/org/bouncycastle/bcpkix-jdk18on/1.81/bcpkix-jdk18on-1.81.jar:/home/runner/.m2/repository/org/bouncycastle/bcutil-jdk18on/1.81/bcutil-jdk18on-1.81.jar:/home/runner/.m2/repository/org/bouncycastle/bcprov-jdk18on/1.81/bcprov-jdk18on-1.81.jar:/home/runner/.m2/repository/io/opentelemetry/opentelemetry-api/1.44.1/opentelemetry-api-1.44.1.jar:/home/runner/.m2/repository/io/opentelemetry/opentelemetry-context/1.44.1/opentelemetry-context-1.44.1.jar:/home/runner/.m2/repository/io/opentelemetry/opentelemetry-api-incubator/1.44.1-alpha/opentelemetry-api-incubator-1.44.1-alpha.jar:/home/runner/.m2/repository/com/fasterxml/jackson/core/jackson-annotations/2.18.2/jackson-annotations-2.18.2.jar:/home/runner/.m2/repository/javax/validation/validation-api/1.1.0.Final/validation-api-1.1.0.Final.jar:/home/runner/.m2/repository/org/jspecify/jspecify/1.0.0/jspecify-1.0.0.jar:/home/runner/.m2/repository/org/apache/commons/commons-configuration2/2.12.0/commons-configuration2-2.12.0.jar:/home/runner/.m2/repository/commons-logging/commons-logging/1.3.5/commons-logging-1.3.5.jar:/home/runner/.m2/repository/org/apache/commons/commons-text/1.13.0/commons-text-1.13.0.jar:/home/runner/.m2/repository/io/confluent/kafka-avro-serializer/8.0.0/kafka-avro-serializer-8.0.0.jar:/home/runner/.m2/repository/org/apache/commons/commons-compress/1.27.1/commons-compress-1.27.1.jar:/home/runner/.m2/repository/io/confluent/kafka-schema-serializer/8.0.0/kafka-schema-serializer-8.0.0.jar:/home/runner/.m2/repository/com/fasterxml/jackson/dataformat/jackson-dataformat-csv/2.18.2/jackson-dataformat-csv-2.18.2.jar:/home/runner/.m2/repository/io/confluent/kafka-schema-registry-client/8.0.0/kafka-schema-registry-client-8.0.0.jar:/home/runner/.m2/repository/org/yaml/snakeyaml/2.3/snakeyaml-2.3.jar:/home/runner/.m2/repository/io/swagger/core/v3/swagger-annotations/2.2.29/swagger-annotations-2.2.29.jar:/home/runner/.m2/repository/com/google/guava/guava/33.4.0-jre/guava-33.4.0-jre.jar:/home/runner/.m2/repository/com/google/guava/failureaccess/1.0.1/failureaccess-1.0.1.jar:/home/runner/.m2/repository/org/checkerframework/checker-qual/3.49.0/checker-qual-3.49.0.jar:/home/runner/.m2/repository/io/confluent/logredactor/1.0.13/logredactor-1.0.13.jar:/home/runner/.m2/repository/com/google/re2j/re2j/1.6/re2j-1.6.jar:/home/runner/.m2/repository/io/confluent/logredactor-metrics/1.0.13/logredactor-metrics-1.0.13.jar:/home/runner/.m2/repository/com/eclipsesource/minimal-json/minimal-json/0.9.5/minimal-json-0.9.5.jar:/home/runner/.m2/repository/io/confluent/common-utils/8.0.0/common-utils-8.0.0.jar:/home/runner/.m2/repository/io/confluent/kafka-connect-avro-converter/8.0.0/kafka-connect-avro-converter-8.0.0.jar:/home/runner/.m2/repository/io/confluent/kafka-connect-avro-data/8.0.0/kafka-connect-avro-data-8.0.0.jar:/home/runner/.m2/repository/io/confluent/kafka-schema-converter/8.0.0/kafka-schema-converter-8.0.0.jar:/home/runner/.m2/repository/io/rest-assured/rest-assured/5.5.1/rest-assured-5.5.1.jar:/home/runner/.m2/repository/org/apache/groovy/groovy/4.0.22/groovy-4.0.22.jar:/home/runner/.m2/repository/org/apache/groovy/groovy-xml/4.0.22/groovy-xml-4.0.22.jar:/home/runner/.m2/repository/org/apache/httpcomponents/httpclient/4.5.14/httpclient-4.5.14.jar:/home/runner/.m2/repository/org/apache/httpcomponents/httpcore/4.4.16/httpcore-4.4.16.jar:/home/runner/.m2/repository/org/apache/httpcomponents/httpmime/4.5.14/httpmime-4.5.14.jar:/home/runner/.m2/repository/org/hamcrest/hamcrest/2.2/hamcrest-2.2.jar:/home/runner/.m2/repository/org/ccil/cowan/tagsoup/tagsoup/1.2.1/tagsoup-1.2.1.jar:/home/runner/.m2/repository/io/rest-assured/json-path/5.5.1/json-path-5.5.1.jar:/home/runner/.m2/repository/org/apache/groovy/groovy-json/4.0.22/groovy-json-4.0.22.jar:/home/runner/.m2/repository/io/rest-assured/rest-assured-common/5.5.1/rest-assured-common-5.5.1.jar:/home/runner/.m2/repository/io/rest-assured/xml-path/5.5.1/xml-path-5.5.1.jar:/home/runner/.m2/repository/io/zonky/test/embedded-postgres/2.1.0/embedded-postgres-2.1.0.jar:/home/runner/.m2/repository/io/zonky/test/postgres/embedded-postgres-binaries-windows-amd64/14.15.0/embedded-postgres-binaries-windows-amd64-14.15.0.jar:/home/runner/.m2/repository/io/zonky/test/postgres/embedded-postgres-binaries-darwin-amd64/14.15.0/embedded-postgres-binaries-darwin-amd64-14.15.0.jar:/home/runner/.m2/repository/io/zonky/test/postgres/embedded-postgres-binaries-linux-amd64/14.15.0/embedded-postgres-binaries-linux-amd64-14.15.0.jar:/home/runner/.m2/repository/io/zonky/test/postgres/embedded-postgres-binaries-linux-amd64-alpine/14.15.0/embedded-postgres-binaries-linux-amd64-alpine-14.15.0.jar:/home/runner/.m2/repository/org/apache/commons/commons-lang3/3.17.0/commons-lang3-3.17.0.jar:/home/runner/.m2/repository/org/tukaani/xz/1.10/xz-1.10.jar:/home/runner/.m2/repository/commons-codec/commons-codec/1.19.0/commons-codec-1.19.0.jar:/home/runner/.m2/repository/org/postgresql/postgresql/42.7.7/postgresql-42.7.7.jar:/home/runner/.m2/repository/commons-io/commons-io/2.18.0/commons-io-2.18.0.jar:/home/runner/work/apicurio-testing/apicurio-testing/clusters/ci419/namespaces/inmemory/tests/integration/apicurio-registry/utils/importexport/target/apicurio-registry-utils-import-export-3.0.12-SNAPSHOT.jar:/home/runner/.m2/repository/io/vertx/vertx-core/4.5.16/vertx-core-4.5.16.jar:/home/runner/.m2/repository/io/netty/netty-common/4.1.121.Final/netty-common-4.1.121.Final.jar:/home/runner/.m2/repository/io/netty/netty-buffer/4.1.121.Final/netty-buffer-4.1.121.Final.jar:/home/runner/.m2/repository/io/netty/netty-transport/4.1.121.Final/netty-transport-4.1.121.Final.jar:/home/runner/.m2/repository/io/netty/netty-handler/4.1.121.Final/netty-handler-4.1.121.Final.jar:/home/runner/.m2/repository/io/netty/netty-transport-native-unix-common/4.1.121.Final/netty-transport-native-unix-common-4.1.121.Final.jar:/home/runner/.m2/repository/io/netty/netty-codec/4.1.121.Final/netty-codec-4.1.121.Final.jar:/home/runner/.m2/repository/io/netty/netty-handler-proxy/4.1.121.Final/netty-handler-proxy-4.1.121.Final.jar:/home/runner/.m2/repository/io/netty/netty-codec-socks/4.1.121.Final/netty-codec-socks-4.1.121.Final.jar:/home/runner/.m2/repository/io/netty/netty-codec-http/4.1.121.Final/netty-codec-http-4.1.121.Final.jar:/home/runner/.m2/repository/io/netty/netty-codec-http2/4.1.121.Final/netty-codec-http2-4.1.121.Final.jar:/home/runner/.m2/repository/io/netty/netty-resolver/4.1.121.Final/netty-resolver-4.1.121.Final.jar:/home/runner/.m2/repository/io/netty/netty-resolver-dns/4.1.121.Final/netty-resolver-dns-4.1.121.Final.jar:/home/runner/.m2/repository/io/netty/netty-codec-dns/4.1.121.Final/netty-codec-dns-4.1.121.Final.jar:/home/runner/.m2/repository/com/fasterxml/jackson/core/jackson-core/2.18.2/jackson-core-2.18.2.jar:"/>
    <property name="java.vm.vendor" value="Eclipse Adoptium"/>
    <property name="maven.javadoc.skip" value="true"/>
    <property name="sun.arch.data.model" value="64"/>
    <property name="java.vendor.url" value="https://adoptium.net/"/>
    <property name="user.timezone" value="Etc/UTC"/>
    <property name="os.name" value="Linux"/>
    <property name="java.vm.specification.version" value="17"/>
    <property name="sun.java.launcher" value="SUN_STANDARD"/>
    <property name="quarkus.http.test-port" value="80"/>
    <property name="sun.boot.library.path" value="/usr/lib/jvm/temurin-17-jdk-amd64/lib"/>
    <property name="sun.java.command" value="/home/runner/work/apicurio-testing/apicurio-testing/clusters/ci419/namespaces/inmemory/tests/integration/apicurio-registry/integration-tests/target/surefire/surefirebooter-20250807122016745_3.jar /home/runner/work/apicurio-testing/apicurio-testing/clusters/ci419/namespaces/inmemory/tests/integration/apicurio-registry/integration-tests/target/surefire 2025-08-07T12-20-16_687-jvmRun1 surefire-20250807122016745_1tmp surefire_0-20250807122016745_2tmp"/>
    <property name="maven.home" value="/home/runner/.m2/wrapper/dists/apache-maven-3.9.8-bin/4fnp1ql35bgk2a0p7m31ovbgb0/apache-maven-3.9.8"/>
    <property name="jdk.debug" value="release"/>
    <property name="surefire.test.class.path" value="/home/runner/work/apicurio-testing/apicurio-testing/clusters/ci419/namespaces/inmemory/tests/integration/apicurio-registry/integration-tests/target/test-classes:/home/runner/work/apicurio-testing/apicurio-testing/clusters/ci419/namespaces/inmemory/tests/integration/apicurio-registry/integration-tests/target/apicurio-registry-integration-tests-3.0.12-SNAPSHOT.jar:/home/runner/.m2/repository/io/quarkus/quarkus-junit5/3.20.2/quarkus-junit5-3.20.2.jar:/home/runner/.m2/repository/io/quarkus/quarkus-bootstrap-core/3.20.2/quarkus-bootstrap-core-3.20.2.jar:/home/runner/.m2/repository/io/quarkus/quarkus-classloader-commons/3.20.2/quarkus-classloader-commons-3.20.2.jar:/home/runner/.m2/repository/io/quarkus/quarkus-bootstrap-app-model/3.20.2/quarkus-bootstrap-app-model-3.20.2.jar:/home/runner/.m2/repository/io/smallrye/common/smallrye-common-io/2.12.0/smallrye-common-io-2.12.0.jar:/home/runner/.m2/repository/org/eclipse/sisu/org.eclipse.sisu.inject/0.9.0.M3/org.eclipse.sisu.inject-0.9.0.M3.jar:/home/runner/.m2/repository/io/quarkus/quarkus-test-common/3.20.2/quarkus-test-common-3.20.2.jar:/home/runner/.m2/repository/io/quarkus/quarkus-core-deployment/3.20.2/quarkus-core-deployment-3.20.2.jar:/home/runner/.m2/repository/org/aesh/readline/2.6/readline-2.6.jar:/home/runner/.m2/repository/org/fusesource/jansi/jansi/2.4.0/jansi-2.4.0.jar:/home/runner/.m2/repository/org/aesh/aesh/2.8.2/aesh-2.8.2.jar:/home/runner/.m2/repository/io/quarkus/gizmo/gizmo/1.8.0/gizmo-1.8.0.jar:/home/runner/.m2/repository/org/ow2/asm/asm-util/9.7.1/asm-util-9.7.1.jar:/home/runner/.m2/repository/org/ow2/asm/asm-analysis/9.7.1/asm-analysis-9.7.1.jar:/home/runner/.m2/repository/org/ow2/asm/asm-commons/9.7.1/asm-commons-9.7.1.jar:/home/runner/.m2/repository/org/ow2/asm/asm-tree/9.7.1/asm-tree-9.7.1.jar:/home/runner/.m2/repository/io/quarkus/quarkus-hibernate-validator-spi/3.20.2/quarkus-hibernate-validator-spi-3.20.2.jar:/home/runner/.m2/repository/io/quarkus/quarkus-class-change-agent/3.20.2/quarkus-class-change-agent-3.20.2.jar:/home/runner/.m2/repository/io/quarkus/quarkus-devtools-utilities/3.20.2/quarkus-devtools-utilities-3.20.2.jar:/home/runner/.m2/repository/io/quarkus/quarkus-builder/3.20.2/quarkus-builder-3.20.2.jar:/home/runner/.m2/repository/org/graalvm/sdk/nativeimage/23.1.2/nativeimage-23.1.2.jar:/home/runner/.m2/repository/org/graalvm/sdk/word/23.1.2/word-23.1.2.jar:/home/runner/.m2/repository/io/quarkus/quarkus-bootstrap-maven-resolver/3.20.2/quarkus-bootstrap-maven-resolver-3.20.2.jar:/home/runner/.m2/repository/io/smallrye/beanbag/smallrye-beanbag-maven/1.5.2/smallrye-beanbag-maven-1.5.2.jar:/home/runner/.m2/repository/io/smallrye/beanbag/smallrye-beanbag-sisu/1.5.2/smallrye-beanbag-sisu-1.5.2.jar:/home/runner/.m2/repository/io/smallrye/beanbag/smallrye-beanbag/1.5.2/smallrye-beanbag-1.5.2.jar:/home/runner/.m2/repository/javax/inject/javax.inject/1/javax.inject-1.jar:/home/runner/.m2/repository/org/apache/maven/maven-artifact/3.9.9/maven-artifact-3.9.9.jar:/home/runner/.m2/repository/org/apache/maven/maven-builder-support/3.9.9/maven-builder-support-3.9.9.jar:/home/runner/.m2/repository/org/apache/maven/maven-model/3.9.9/maven-model-3.9.9.jar:/home/runner/.m2/repository/org/apache/maven/maven-model-builder/3.9.9/maven-model-builder-3.9.9.jar:/home/runner/.m2/repository/org/apache/maven/maven-repository-metadata/3.9.9/maven-repository-metadata-3.9.9.jar:/home/runner/.m2/repository/org/apache/maven/maven-settings/3.9.9/maven-settings-3.9.9.jar:/home/runner/.m2/repository/org/apache/maven/resolver/maven-resolver-api/1.9.22/maven-resolver-api-1.9.22.jar:/home/runner/.m2/repository/org/apache/maven/resolver/maven-resolver-impl/1.9.22/maven-resolver-impl-1.9.22.jar:/home/runner/.m2/repository/org/apache/maven/resolver/maven-resolver-named-locks/1.9.22/maven-resolver-named-locks-1.9.22.jar:/home/runner/.m2/repository/org/apache/maven/resolver/maven-resolver-spi/1.9.22/maven-resolver-spi-1.9.22.jar:/home/runner/.m2/repository/org/apache/maven/resolver/maven-resolver-util/1.9.22/maven-resolver-util-1.9.22.jar:/home/runner/.m2/repository/org/apache/maven/resolver/maven-resolver-transport-http/1.9.20/maven-resolver-transport-http-1.9.20.jar:/home/runner/.m2/repository/org/apache/maven/wagon/wagon-provider-api/3.5.3/wagon-provider-api-3.5.3.jar:/home/runner/.m2/repository/org/apache/maven/wagon/wagon-http-shared/3.5.3/wagon-http-shared-3.5.3.jar:/home/runner/.m2/repository/org/codehaus/plexus/plexus-interpolation/1.26/plexus-interpolation-1.26.jar:/home/runner/.m2/repository/org/codehaus/plexus/plexus-utils/3.5.1/plexus-utils-3.5.1.jar:/home/runner/.m2/repository/org/codehaus/plexus/plexus-xml/4.0.1/plexus-xml-4.0.1.jar:/home/runner/.m2/repository/org/apache/maven/maven-xml-impl/4.0.0-alpha-5/maven-xml-impl-4.0.0-alpha-5.jar:/home/runner/.m2/repository/org/apache/maven/maven-api-xml/4.0.0-alpha-5/maven-api-xml-4.0.0-alpha-5.jar:/home/runner/.m2/repository/org/apache/maven/maven-api-meta/4.0.0-alpha-5/maven-api-meta-4.0.0-alpha-5.jar:/home/runner/.m2/repository/org/codehaus/plexus/plexus-cipher/2.0/plexus-cipher-2.0.jar:/home/runner/.m2/repository/org/codehaus/plexus/plexus-sec-dispatcher/2.0/plexus-sec-dispatcher-2.0.jar:/home/runner/.m2/repository/org/apache/maven/maven-embedder/3.9.9/maven-embedder-3.9.9.jar:/home/runner/.m2/repository/org/apache/maven/maven-core/3.9.9/maven-core-3.9.9.jar:/home/runner/.m2/repository/org/codehaus/plexus/plexus-component-annotations/2.1.0/plexus-component-annotations-2.1.0.jar:/home/runner/.m2/repository/org/apache/maven/maven-plugin-api/3.9.9/maven-plugin-api-3.9.9.jar:/home/runner/.m2/repository/org/apache/maven/shared/maven-shared-utils/3.4.2/maven-shared-utils-3.4.2.jar:/home/runner/.m2/repository/com/google/inject/guice/5.1.0/guice-5.1.0.jar:/home/runner/.m2/repository/aopalliance/aopalliance/1.0/aopalliance-1.0.jar:/home/runner/.m2/repository/org/codehaus/plexus/plexus-classworlds/2.6.0/plexus-classworlds-2.6.0.jar:/home/runner/.m2/repository/commons-cli/commons-cli/1.8.0/commons-cli-1.8.0.jar:/home/runner/.m2/repository/org/eclipse/sisu/org.eclipse.sisu.plexus/0.9.0.M3/org.eclipse.sisu.plexus-0.9.0.M3.jar:/home/runner/.m2/repository/org/apache/maven/maven-settings-builder/3.9.9/maven-settings-builder-3.9.9.jar:/home/runner/.m2/repository/org/apache/maven/maven-resolver-provider/3.9.9/maven-resolver-provider-3.9.9.jar:/home/runner/.m2/repository/org/apache/maven/resolver/maven-resolver-connector-basic/1.9.22/maven-resolver-connector-basic-1.9.22.jar:/home/runner/.m2/repository/org/apache/maven/resolver/maven-resolver-transport-wagon/1.9.22/maven-resolver-transport-wagon-1.9.22.jar:/home/runner/.m2/repository/org/apache/maven/wagon/wagon-http/3.5.3/wagon-http-3.5.3.jar:/home/runner/.m2/repository/org/apache/maven/wagon/wagon-file/3.5.3/wagon-file-3.5.3.jar:/home/runner/.m2/repository/io/quarkus/quarkus-bootstrap-gradle-resolver/3.20.2/quarkus-bootstrap-gradle-resolver-3.20.2.jar:/home/runner/.m2/repository/io/smallrye/jandex/3.3.0/jandex-3.3.0.jar:/home/runner/.m2/repository/org/jboss/logging/commons-logging-jboss-logging/1.0.0.Final/commons-logging-jboss-logging-1.0.0.Final.jar:/home/runner/.m2/repository/io/quarkus/quarkus-junit5-config/3.20.2/quarkus-junit5-config-3.20.2.jar:/home/runner/.m2/repository/org/junit/jupiter/junit-jupiter-api/5.12.1/junit-jupiter-api-5.12.1.jar:/home/runner/.m2/repository/io/smallrye/config/smallrye-config/3.11.4/smallrye-config-3.11.4.jar:/home/runner/.m2/repository/io/smallrye/config/smallrye-config-core/3.11.4/smallrye-config-core-3.11.4.jar:/home/runner/.m2/repository/io/smallrye/common/smallrye-common-classloader/2.12.0/smallrye-common-classloader-2.12.0.jar:/home/runner/.m2/repository/io/smallrye/config/smallrye-config-common/3.11.4/smallrye-config-common-3.11.4.jar:/home/runner/.m2/repository/org/junit/jupiter/junit-jupiter/5.12.1/junit-jupiter-5.12.1.jar:/home/runner/.m2/repository/org/junit/jupiter/junit-jupiter-params/5.12.1/junit-jupiter-params-5.12.1.jar:/home/runner/.m2/repository/org/junit/jupiter/junit-jupiter-engine/5.12.1/junit-jupiter-engine-5.12.1.jar:/home/runner/.m2/repository/io/quarkus/quarkus-core/3.20.2/quarkus-core-3.20.2.jar:/home/runner/.m2/repository/jakarta/enterprise/jakarta.enterprise.cdi-api/4.1.0/jakarta.enterprise.cdi-api-4.1.0.jar:/home/runner/.m2/repository/jakarta/enterprise/jakarta.enterprise.lang-model/4.1.0/jakarta.enterprise.lang-model-4.1.0.jar:/home/runner/.m2/repository/jakarta/el/jakarta.el-api/5.0.1/jakarta.el-api-5.0.1.jar:/home/runner/.m2/repository/jakarta/interceptor/jakarta.interceptor-api/2.2.0/jakarta.interceptor-api-2.2.0.jar:/home/runner/.m2/repository/jakarta/inject/jakarta.inject-api/2.0.1/jakarta.inject-api-2.0.1.jar:/home/runner/.m2/repository/io/smallrye/common/smallrye-common-os/2.12.0/smallrye-common-os-2.12.0.jar:/home/runner/.m2/repository/io/quarkus/quarkus-ide-launcher/3.20.2/quarkus-ide-launcher-3.20.2.jar:/home/runner/.m2/repository/io/quarkus/quarkus-development-mode-spi/3.20.2/quarkus-development-mode-spi-3.20.2.jar:/home/runner/.m2/repository/org/jboss/logging/jboss-logging/3.6.1.Final/jboss-logging-3.6.1.Final.jar:/home/runner/.m2/repository/org/jboss/logmanager/jboss-logmanager/3.1.2.Final/jboss-logmanager-3.1.2.Final.jar:/home/runner/.m2/repository/io/smallrye/common/smallrye-common-constraint/2.12.0/smallrye-common-constraint-2.12.0.jar:/home/runner/.m2/repository/io/smallrye/common/smallrye-common-cpu/2.12.0/smallrye-common-cpu-2.12.0.jar:/home/runner/.m2/repository/io/smallrye/common/smallrye-common-expression/2.12.0/smallrye-common-expression-2.12.0.jar:/home/runner/.m2/repository/io/smallrye/common/smallrye-common-net/2.12.0/smallrye-common-net-2.12.0.jar:/home/runner/.m2/repository/io/smallrye/common/smallrye-common-ref/2.12.0/smallrye-common-ref-2.12.0.jar:/home/runner/.m2/repository/jakarta/json/jakarta.json-api/2.1.3/jakarta.json-api-2.1.3.jar:/home/runner/.m2/repository/org/eclipse/parsson/parsson/1.1.7/parsson-1.1.7.jar:/home/runner/.m2/repository/org/jboss/logging/jboss-logging-annotations/3.0.4.Final/jboss-logging-annotations-3.0.4.Final.jar:/home/runner/.m2/repository/org/jboss/threads/jboss-threads/3.8.0.Final/jboss-threads-3.8.0.Final.jar:/home/runner/.m2/repository/io/smallrye/common/smallrye-common-annotation/2.12.0/smallrye-common-annotation-2.12.0.jar:/home/runner/.m2/repository/io/smallrye/common/smallrye-common-function/2.12.0/smallrye-common-function-2.12.0.jar:/home/runner/.m2/repository/org/jboss/slf4j/slf4j-jboss-logmanager/2.0.0.Final/slf4j-jboss-logmanager-2.0.0.Final.jar:/home/runner/.m2/repository/org/wildfly/common/wildfly-common/2.0.1/wildfly-common-2.0.1.jar:/home/runner/.m2/repository/io/quarkus/quarkus-bootstrap-runner/3.20.2/quarkus-bootstrap-runner-3.20.2.jar:/home/runner/.m2/repository/io/github/crac/org-crac/0.1.3/org-crac-0.1.3.jar:/home/runner/.m2/repository/io/quarkus/quarkus-fs-util/0.0.10/quarkus-fs-util-0.0.10.jar:/home/runner/.m2/repository/org/jboss/marshalling/jboss-marshalling/2.2.2.Final/jboss-marshalling-2.2.2.Final.jar:/home/runner/.m2/repository/io/fabric8/kubernetes-client/7.1.0/kubernetes-client-7.1.0.jar:/home/runner/.m2/repository/io/fabric8/kubernetes-client-api/7.1.0/kubernetes-client-api-7.1.0.jar:/home/runner/.m2/repository/io/fabric8/kubernetes-model-core/7.1.0/kubernetes-model-core-7.1.0.jar:/home/runner/.m2/repository/io/fabric8/kubernetes-model-common/7.1.0/kubernetes-model-common-7.1.0.jar:/home/runner/.m2/repository/javax/annotation/javax.annotation-api/1.3.2/javax.annotation-api-1.3.2.jar:/home/runner/.m2/repository/io/fabric8/kubernetes-model-gatewayapi/7.1.0/kubernetes-model-gatewayapi-7.1.0.jar:/home/runner/.m2/repository/io/fabric8/kubernetes-model-resource/7.1.0/kubernetes-model-resource-7.1.0.jar:/home/runner/.m2/repository/io/fabric8/kubernetes-model-rbac/7.1.0/kubernetes-model-rbac-7.1.0.jar:/home/runner/.m2/repository/io/fabric8/kubernetes-model-admissionregistration/7.1.0/kubernetes-model-admissionregistration-7.1.0.jar:/home/runner/.m2/repository/io/fabric8/kubernetes-model-apps/7.1.0/kubernetes-model-apps-7.1.0.jar:/home/runner/.m2/repository/io/fabric8/kubernetes-model-autoscaling/7.1.0/kubernetes-model-autoscaling-7.1.0.jar:/home/runner/.m2/repository/io/fabric8/kubernetes-model-apiextensions/7.1.0/kubernetes-model-apiextensions-7.1.0.jar:/home/runner/.m2/repository/io/fabric8/kubernetes-model-batch/7.1.0/kubernetes-model-batch-7.1.0.jar:/home/runner/.m2/repository/io/fabric8/kubernetes-model-certificates/7.1.0/kubernetes-model-certificates-7.1.0.jar:/home/runner/.m2/repository/io/fabric8/kubernetes-model-coordination/7.1.0/kubernetes-model-coordination-7.1.0.jar:/home/runner/.m2/repository/io/fabric8/kubernetes-model-discovery/7.1.0/kubernetes-model-discovery-7.1.0.jar:/home/runner/.m2/repository/io/fabric8/kubernetes-model-events/7.1.0/kubernetes-model-events-7.1.0.jar:/home/runner/.m2/repository/io/fabric8/kubernetes-model-extensions/7.1.0/kubernetes-model-extensions-7.1.0.jar:/home/runner/.m2/repository/io/fabric8/kubernetes-model-flowcontrol/7.1.0/kubernetes-model-flowcontrol-7.1.0.jar:/home/runner/.m2/repository/io/fabric8/kubernetes-model-networking/7.1.0/kubernetes-model-networking-7.1.0.jar:/home/runner/.m2/repository/io/fabric8/kubernetes-model-metrics/7.1.0/kubernetes-model-metrics-7.1.0.jar:/home/runner/.m2/repository/io/fabric8/kubernetes-model-policy/7.1.0/kubernetes-model-policy-7.1.0.jar:/home/runner/.m2/repository/io/fabric8/kubernetes-model-scheduling/7.1.0/kubernetes-model-scheduling-7.1.0.jar:/home/runner/.m2/repository/io/fabric8/kubernetes-model-storageclass/7.1.0/kubernetes-model-storageclass-7.1.0.jar:/home/runner/.m2/repository/io/fabric8/kubernetes-model-node/7.1.0/kubernetes-model-node-7.1.0.jar:/home/runner/.m2/repository/org/snakeyaml/snakeyaml-engine/2.9/snakeyaml-engine-2.9.jar:/home/runner/.m2/repository/com/fasterxml/jackson/dataformat/jackson-dataformat-yaml/2.18.2/jackson-dataformat-yaml-2.18.2.jar:/home/runner/.m2/repository/com/fasterxml/jackson/datatype/jackson-datatype-jsr310/2.18.2/jackson-datatype-jsr310-2.18.2.jar:/home/runner/.m2/repository/io/fabric8/zjsonpatch/7.1.0/zjsonpatch-7.1.0.jar:/home/runner/.m2/repository/io/fabric8/kubernetes-httpclient-vertx/7.1.0/kubernetes-httpclient-vertx-7.1.0.jar:/home/runner/.m2/repository/io/vertx/vertx-web-client/4.5.16/vertx-web-client-4.5.16.jar:/home/runner/.m2/repository/io/vertx/vertx-web-common/4.5.16/vertx-web-common-4.5.16.jar:/home/runner/.m2/repository/io/vertx/vertx-auth-common/4.5.16/vertx-auth-common-4.5.16.jar:/home/runner/.m2/repository/io/vertx/vertx-uri-template/4.5.16/vertx-uri-template-4.5.16.jar:/home/runner/.m2/repository/io/fabric8/openshift-client/7.1.0/openshift-client-7.1.0.jar:/home/runner/.m2/repository/io/fabric8/openshift-client-api/7.1.0/openshift-client-api-7.1.0.jar:/home/runner/.m2/repository/io/fabric8/openshift-model/7.1.0/openshift-model-7.1.0.jar:/home/runner/.m2/repository/io/fabric8/openshift-model-autoscaling/7.1.0/openshift-model-autoscaling-7.1.0.jar:/home/runner/.m2/repository/io/fabric8/openshift-model-operator/7.1.0/openshift-model-operator-7.1.0.jar:/home/runner/.m2/repository/io/fabric8/openshift-model-operatorhub/7.1.0/openshift-model-operatorhub-7.1.0.jar:/home/runner/.m2/repository/io/fabric8/openshift-model-machine/7.1.0/openshift-model-machine-7.1.0.jar:/home/runner/.m2/repository/io/fabric8/openshift-model-whereabouts/7.1.0/openshift-model-whereabouts-7.1.0.jar:/home/runner/.m2/repository/io/fabric8/openshift-model-monitoring/7.1.0/openshift-model-monitoring-7.1.0.jar:/home/runner/.m2/repository/io/fabric8/openshift-model-storageversionmigrator/7.1.0/openshift-model-storageversionmigrator-7.1.0.jar:/home/runner/.m2/repository/io/fabric8/openshift-model-tuned/7.1.0/openshift-model-tuned-7.1.0.jar:/home/runner/.m2/repository/io/fabric8/openshift-model-console/7.1.0/openshift-model-console-7.1.0.jar:/home/runner/.m2/repository/io/fabric8/openshift-model-config/7.1.0/openshift-model-config-7.1.0.jar:/home/runner/.m2/repository/io/fabric8/openshift-model-machineconfiguration/7.1.0/openshift-model-machineconfiguration-7.1.0.jar:/home/runner/.m2/repository/io/fabric8/openshift-model-miscellaneous/7.1.0/openshift-model-miscellaneous-7.1.0.jar:/home/runner/.m2/repository/io/fabric8/openshift-model-hive/7.1.0/openshift-model-hive-7.1.0.jar:/home/runner/.m2/repository/io/fabric8/openshift-model-installer/7.1.0/openshift-model-installer-7.1.0.jar:/home/runner/.m2/repository/org/junit/platform/junit-platform-launcher/1.12.1/junit-platform-launcher-1.12.1.jar:/home/runner/.m2/repository/org/junit/platform/junit-platform-engine/1.12.1/junit-platform-engine-1.12.1.jar:/home/runner/.m2/repository/org/opentest4j/opentest4j/1.3.0/opentest4j-1.3.0.jar:/home/runner/.m2/repository/org/junit/platform/junit-platform-commons/1.12.1/junit-platform-commons-1.12.1.jar:/home/runner/.m2/repository/org/apiguardian/apiguardian-api/1.1.2/apiguardian-api-1.1.2.jar:/home/runner/.m2/repository/jakarta/ws/rs/jakarta.ws.rs-api/3.1.0/jakarta.ws.rs-api-3.1.0.jar:/home/runner/work/apicurio-testing/apicurio-testing/clusters/ci419/namespaces/inmemory/tests/integration/apicurio-registry/java-sdk/target/apicurio-registry-java-sdk-3.0.12-SNAPSHOT.jar:/home/runner/.m2/repository/com/microsoft/kiota/microsoft-kiota-abstractions/1.8.8/microsoft-kiota-abstractions-1.8.8.jar:/home/runner/.m2/repository/io/github/std-uritemplate/std-uritemplate/2.0.0/std-uritemplate-2.0.0.jar:/home/runner/.m2/repository/io/kiota/kiota-http-jdk/0.0.29/kiota-http-jdk-0.0.29.jar:/home/runner/.m2/repository/io/kiota/kiota-http-vertx/0.0.29/kiota-http-vertx-0.0.29.jar:/home/runner/.m2/repository/io/kiota/kiota-serialization-jackson/0.0.29/kiota-serialization-jackson-0.0.29.jar:/home/runner/.m2/repository/com/microsoft/kiota/microsoft-kiota-serialization-text/1.8.8/microsoft-kiota-serialization-text-1.8.8.jar:/home/runner/.m2/repository/com/microsoft/kiota/microsoft-kiota-serialization-form/1.8.8/microsoft-kiota-serialization-form-1.8.8.jar:/home/runner/.m2/repository/com/microsoft/kiota/microsoft-kiota-serialization-multipart/1.8.8/microsoft-kiota-serialization-multipart-1.8.8.jar:/home/runner/.m2/repository/jakarta/annotation/jakarta.annotation-api/3.0.0/jakarta.annotation-api-3.0.0.jar:/home/runner/.m2/repository/io/vertx/vertx-auth-oauth2/4.5.16/vertx-auth-oauth2-4.5.16.jar:/home/runner/work/apicurio-testing/apicurio-testing/clusters/ci419/namespaces/inmemory/tests/integration/apicurio-registry/java-sdk-v2/target/apicurio-registry-v2-java-sdk-3.0.12-SNAPSHOT.jar:/home/runner/work/apicurio-testing/apicurio-testing/clusters/ci419/namespaces/inmemory/tests/integration/apicurio-registry/utils/kafka/target/apicurio-registry-utils-kafka-3.0.12-SNAPSHOT-tests.jar:/home/runner/.m2/repository/org/eclipse/microprofile/config/microprofile-config-api/3.1/microprofile-config-api-3.1.jar:/home/runner/.m2/repository/org/apache/kafka/kafka-clients/3.9.1/kafka-clients-3.9.1.jar:/home/runner/.m2/repository/com/github/luben/zstd-jni/1.5.6-4/zstd-jni-1.5.6-4.jar:/home/runner/.m2/repository/org/lz4/lz4-java/1.8.0/lz4-java-1.8.0.jar:/home/runner/.m2/repository/org/xerial/snappy/snappy-java/1.1.10.5/snappy-java-1.1.10.5.jar:/home/runner/.m2/repository/org/slf4j/slf4j-api/2.0.6/slf4j-api-2.0.6.jar:/home/runner/work/apicurio-testing/apicurio-testing/clusters/ci419/namespaces/inmemory/tests/integration/apicurio-registry/utils/tests/target/apicurio-registry-utils-tests-3.0.12-SNAPSHOT.jar:/home/runner/work/apicurio-testing/apicurio-testing/clusters/ci419/namespaces/inmemory/tests/integration/apicurio-registry/common/target/apicurio-registry-common-3.0.12-SNAPSHOT.jar:/home/runner/.m2/repository/jakarta/validation/jakarta.validation-api/3.0.2/jakarta.validation-api-3.0.2.jar:/home/runner/.m2/repository/com/github/dasniko/testcontainers-keycloak/3.8.0/testcontainers-keycloak-3.8.0.jar:/home/runner/.m2/repository/org/testcontainers/testcontainers/1.20.6/testcontainers-1.20.6.jar:/home/runner/.m2/repository/org/rnorth/duct-tape/duct-tape/1.0.8/duct-tape-1.0.8.jar:/home/runner/.m2/repository/com/github/docker-java/docker-java-transport-zerodep/3.4.1/docker-java-transport-zerodep-3.4.1.jar:/home/runner/.m2/repository/com/github/docker-java/docker-java-transport/3.4.1/docker-java-transport-3.4.1.jar:/home/runner/.m2/repository/net/java/dev/jna/jna/5.8.0/jna-5.8.0.jar:/home/runner/.m2/repository/io/quarkus/quarkus-junit4-mock/3.20.2/quarkus-junit4-mock-3.20.2.jar:/home/runner/.m2/repository/org/jboss/shrinkwrap/shrinkwrap-api/2.0.0-beta-2/shrinkwrap-api-2.0.0-beta-2.jar:/home/runner/.m2/repository/org/jboss/shrinkwrap/shrinkwrap-impl-base/2.0.0-beta-2/shrinkwrap-impl-base-2.0.0-beta-2.jar:/home/runner/.m2/repository/org/jboss/shrinkwrap/shrinkwrap-spi/2.0.0-beta-2/shrinkwrap-spi-2.0.0-beta-2.jar:/home/runner/.m2/repository/org/keycloak/keycloak-admin-client/26.0.4/keycloak-admin-client-26.0.4.jar:/home/runner/.m2/repository/org/keycloak/keycloak-client-common-synced/26.0.4/keycloak-client-common-synced-26.0.4.jar:/home/runner/.m2/repository/jakarta/activation/jakarta.activation-api/2.1.3/jakarta.activation-api-2.1.3.jar:/home/runner/.m2/repository/org/eclipse/microprofile/openapi/microprofile-openapi-api/4.0.2/microprofile-openapi-api-4.0.2.jar:/home/runner/.m2/repository/org/jboss/resteasy/resteasy-client/6.2.12.Final/resteasy-client-6.2.12.Final.jar:/home/runner/.m2/repository/org/jboss/resteasy/resteasy-client-api/6.2.12.Final/resteasy-client-api-6.2.12.Final.jar:/home/runner/.m2/repository/org/jboss/resteasy/resteasy-core-spi/6.2.12.Final/resteasy-core-spi-6.2.12.Final.jar:/home/runner/.m2/repository/org/jboss/resteasy/resteasy-core/6.2.12.Final/resteasy-core-6.2.12.Final.jar:/home/runner/.m2/repository/org/eclipse/angus/angus-activation/2.0.2/angus-activation-2.0.2.jar:/home/runner/.m2/repository/com/ibm/async/asyncutil/0.1.0/asyncutil-0.1.0.jar:/home/runner/.m2/repository/org/reactivestreams/reactive-streams/1.0.4/reactive-streams-1.0.4.jar:/home/runner/.m2/repository/org/jboss/resteasy/resteasy-multipart-provider/6.2.12.Final/resteasy-multipart-provider-6.2.12.Final.jar:/home/runner/.m2/repository/jakarta/mail/jakarta.mail-api/2.1.3/jakarta.mail-api-2.1.3.jar:/home/runner/.m2/repository/org/eclipse/angus/angus-mail/2.0.3/angus-mail-2.0.3.jar:/home/runner/.m2/repository/org/apache/james/apache-mime4j-dom/0.8.12/apache-mime4j-dom-0.8.12.jar:/home/runner/.m2/repository/org/apache/james/apache-mime4j-core/0.8.12/apache-mime4j-core-0.8.12.jar:/home/runner/.m2/repository/org/apache/james/apache-mime4j-storage/0.8.12/apache-mime4j-storage-0.8.12.jar:/home/runner/.m2/repository/org/jboss/resteasy/resteasy-jackson2-provider/6.2.12.Final/resteasy-jackson2-provider-6.2.12.Final.jar:/home/runner/.m2/repository/com/fasterxml/jackson/jakarta/rs/jackson-jakarta-rs-base/2.18.2/jackson-jakarta-rs-base-2.18.2.jar:/home/runner/.m2/repository/com/fasterxml/jackson/jakarta/rs/jackson-jakarta-rs-json-provider/2.18.2/jackson-jakarta-rs-json-provider-2.18.2.jar:/home/runner/.m2/repository/com/fasterxml/jackson/module/jackson-module-jakarta-xmlbind-annotations/2.18.2/jackson-module-jakarta-xmlbind-annotations-2.18.2.jar:/home/runner/.m2/repository/com/github/java-json-tools/json-patch/1.13/json-patch-1.13.jar:/home/runner/.m2/repository/com/github/java-json-tools/msg-simple/1.2/msg-simple-1.2.jar:/home/runner/.m2/repository/com/github/java-json-tools/btf/1.3/btf-1.3.jar:/home/runner/.m2/repository/com/github/java-json-tools/jackson-coreutils/2.0/jackson-coreutils-2.0.jar:/home/runner/.m2/repository/org/jboss/resteasy/resteasy-jaxb-provider/6.2.12.Final/resteasy-jaxb-provider-6.2.12.Final.jar:/home/runner/.m2/repository/org/glassfish/jaxb/codemodel/4.0.5/codemodel-4.0.5.jar:/home/runner/.m2/repository/org/glassfish/jaxb/jaxb-core/4.0.5/jaxb-core-4.0.5.jar:/home/runner/.m2/repository/org/glassfish/jaxb/jaxb-jxc/4.0.5/jaxb-jxc-4.0.5.jar:/home/runner/.m2/repository/org/glassfish/jaxb/jaxb-runtime/4.0.5/jaxb-runtime-4.0.5.jar:/home/runner/.m2/repository/org/glassfish/jaxb/txw2/4.0.5/txw2-4.0.5.jar:/home/runner/.m2/repository/org/glassfish/jaxb/jaxb-xjc/4.0.5/jaxb-xjc-4.0.5.jar:/home/runner/.m2/repository/org/glassfish/jaxb/xsom/4.0.5/xsom-4.0.5.jar:/home/runner/.m2/repository/com/sun/istack/istack-commons-runtime/4.1.2/istack-commons-runtime-4.1.2.jar:/home/runner/.m2/repository/com/sun/istack/istack-commons-tools/4.1.2/istack-commons-tools-4.1.2.jar:/home/runner/.m2/repository/com/sun/xml/bind/external/relaxng-datatype/4.0.5/relaxng-datatype-4.0.5.jar:/home/runner/.m2/repository/com/sun/xml/bind/external/rngom/4.0.5/rngom-4.0.5.jar:/home/runner/.m2/repository/org/testcontainers/mssqlserver/1.20.6/mssqlserver-1.20.6.jar:/home/runner/.m2/repository/org/testcontainers/jdbc/1.20.6/jdbc-1.20.6.jar:/home/runner/.m2/repository/org/testcontainers/database-commons/1.20.6/database-commons-1.20.6.jar:/home/runner/.m2/repository/org/testcontainers/mysql/1.20.6/mysql-1.20.6.jar:/home/runner/.m2/repository/io/strimzi/strimzi-test-container/0.111.0/strimzi-test-container-0.111.0.jar:/home/runner/.m2/repository/org/testcontainers/toxiproxy/1.20.6/toxiproxy-1.20.6.jar:/home/runner/.m2/repository/com/github/docker-java/docker-java-api/3.4.1/docker-java-api-3.4.1.jar:/home/runner/.m2/repository/org/apache/logging/log4j/log4j-slf4j-impl/2.19.0/log4j-slf4j-impl-2.19.0.jar:/home/runner/.m2/repository/org/apache/logging/log4j/log4j-api/2.24.3/log4j-api-2.24.3.jar:/home/runner/.m2/repository/org/apache/logging/log4j/log4j-core/2.19.0/log4j-core-2.19.0.jar:/home/runner/.m2/repository/eu/rekawek/toxiproxy/toxiproxy-java/2.1.7/toxiproxy-java-2.1.7.jar:/home/runner/.m2/repository/org/testcontainers/pulsar/1.21.3/pulsar-1.21.3.jar:/home/runner/.m2/repository/io/debezium/debezium-testing-testcontainers/2.7.4.Final/debezium-testing-testcontainers-2.7.4.Final.jar:/home/runner/.m2/repository/org/testcontainers/kafka/1.20.6/kafka-1.20.6.jar:/home/runner/.m2/repository/com/squareup/okhttp3/okhttp/4.8.1/okhttp-4.8.1.jar:/home/runner/.m2/repository/com/squareup/okio/okio/3.10.2/okio-3.10.2.jar:/home/runner/.m2/repository/com/squareup/okio/okio-jvm/3.10.2/okio-jvm-3.10.2.jar:/home/runner/.m2/repository/org/jetbrains/kotlin/kotlin-stdlib/2.0.21/kotlin-stdlib-2.0.21.jar:/home/runner/.m2/repository/org/awaitility/awaitility/4.3.0/awaitility-4.3.0.jar:/home/runner/.m2/repository/org/testcontainers/mongodb/1.20.6/mongodb-1.20.6.jar:/home/runner/.m2/repository/org/testcontainers/mariadb/1.20.6/mariadb-1.20.6.jar:/home/runner/.m2/repository/org/testcontainers/oracle-xe/1.20.6/oracle-xe-1.20.6.jar:/home/runner/.m2/repository/org/testcontainers/postgresql/1.20.6/postgresql-1.20.6.jar:/home/runner/.m2/repository/org/wiremock/wiremock/3.0.1/wiremock-3.0.1.jar:/home/runner/.m2/repository/org/eclipse/jetty/jetty-server/11.0.15/jetty-server-11.0.15.jar:/home/runner/.m2/repository/org/eclipse/jetty/toolchain/jetty-jakarta-servlet-api/5.0.2/jetty-jakarta-servlet-api-5.0.2.jar:/home/runner/.m2/repository/org/eclipse/jetty/jetty-http/11.0.15/jetty-http-11.0.15.jar:/home/runner/.m2/repository/org/eclipse/jetty/jetty-io/11.0.15/jetty-io-11.0.15.jar:/home/runner/.m2/repository/org/eclipse/jetty/jetty-servlet/11.0.15/jetty-servlet-11.0.15.jar:/home/runner/.m2/repository/org/eclipse/jetty/jetty-security/11.0.15/jetty-security-11.0.15.jar:/home/runner/.m2/repository/org/eclipse/jetty/jetty-servlets/11.0.15/jetty-servlets-11.0.15.jar:/home/runner/.m2/repository/org/eclipse/jetty/jetty-util/11.0.15/jetty-util-11.0.15.jar:/home/runner/.m2/repository/org/eclipse/jetty/jetty-webapp/11.0.15/jetty-webapp-11.0.15.jar:/home/runner/.m2/repository/org/eclipse/jetty/jetty-xml/11.0.15/jetty-xml-11.0.15.jar:/home/runner/.m2/repository/org/eclipse/jetty/jetty-proxy/11.0.15/jetty-proxy-11.0.15.jar:/home/runner/.m2/repository/org/eclipse/jetty/jetty-client/11.0.15/jetty-client-11.0.15.jar:/home/runner/.m2/repository/org/eclipse/jetty/http2/http2-server/11.0.15/http2-server-11.0.15.jar:/home/runner/.m2/repository/org/eclipse/jetty/http2/http2-common/11.0.15/http2-common-11.0.15.jar:/home/runner/.m2/repository/org/eclipse/jetty/http2/http2-hpack/11.0.15/http2-hpack-11.0.15.jar:/home/runner/.m2/repository/org/eclipse/jetty/jetty-alpn-server/11.0.15/jetty-alpn-server-11.0.15.jar:/home/runner/.m2/repository/org/eclipse/jetty/jetty-alpn-java-server/11.0.15/jetty-alpn-java-server-11.0.15.jar:/home/runner/.m2/repository/org/eclipse/jetty/jetty-alpn-java-client/11.0.15/jetty-alpn-java-client-11.0.15.jar:/home/runner/.m2/repository/org/eclipse/jetty/jetty-alpn-client/11.0.15/jetty-alpn-client-11.0.15.jar:/home/runner/.m2/repository/org/apache/httpcomponents/client5/httpclient5/5.2.1/httpclient5-5.2.1.jar:/home/runner/.m2/repository/org/apache/httpcomponents/core5/httpcore5/5.2/httpcore5-5.2.jar:/home/runner/.m2/repository/org/apache/httpcomponents/core5/httpcore5-h2/5.2/httpcore5-h2-5.2.jar:/home/runner/.m2/repository/org/xmlunit/xmlunit-core/2.9.1/xmlunit-core-2.9.1.jar:/home/runner/.m2/repository/jakarta/xml/bind/jakarta.xml.bind-api/4.0.2/jakarta.xml.bind-api-4.0.2.jar:/home/runner/.m2/repository/org/xmlunit/xmlunit-legacy/2.9.1/xmlunit-legacy-2.9.1.jar:/home/runner/.m2/repository/org/xmlunit/xmlunit-placeholders/2.9.1/xmlunit-placeholders-2.9.1.jar:/home/runner/.m2/repository/net/javacrumbs/json-unit/json-unit-core/2.38.0/json-unit-core-2.38.0.jar:/home/runner/.m2/repository/org/hamcrest/hamcrest-core/2.2/hamcrest-core-2.2.jar:/home/runner/.m2/repository/com/jayway/jsonpath/json-path/2.8.0/json-path-2.8.0.jar:/home/runner/.m2/repository/net/minidev/json-smart/2.4.10/json-smart-2.4.10.jar:/home/runner/.m2/repository/net/minidev/accessors-smart/2.4.9/accessors-smart-2.4.9.jar:/home/runner/.m2/repository/org/ow2/asm/asm/9.7.1/asm-9.7.1.jar:/home/runner/.m2/repository/net/sf/jopt-simple/jopt-simple/5.0.4/jopt-simple-5.0.4.jar:/home/runner/.m2/repository/com/github/jknack/handlebars/4.3.1/handlebars-4.3.1.jar:/home/runner/.m2/repository/com/github/jknack/handlebars-helpers/4.3.1/handlebars-helpers-4.3.1.jar:/home/runner/.m2/repository/commons-fileupload/commons-fileupload/1.5/commons-fileupload-1.5.jar:/home/runner/.m2/repository/com/networknt/json-schema-validator/1.5.8/json-schema-validator-1.5.8.jar:/home/runner/.m2/repository/com/ethlo/time/itu/1.10.3/itu-1.10.3.jar:/home/runner/.m2/repository/io/quarkus/quarkus-smallrye-jwt-build/3.20.2/quarkus-smallrye-jwt-build-3.20.2.jar:/home/runner/.m2/repository/io/smallrye/smallrye-jwt-build/4.6.2/smallrye-jwt-build-4.6.2.jar:/home/runner/.m2/repository/org/eclipse/microprofile/jwt/microprofile-jwt-auth-api/2.1/microprofile-jwt-auth-api-2.1.jar:/home/runner/.m2/repository/org/bitbucket/b_c/jose4j/0.9.6/jose4j-0.9.6.jar:/home/runner/.m2/repository/io/smallrye/smallrye-jwt-common/4.6.2/smallrye-jwt-common-4.6.2.jar:/home/runner/.m2/repository/io/quarkus/quarkus-jsonp/3.20.2/quarkus-jsonp-3.20.2.jar:/home/runner/.m2/repository/io/quarkus/quarkus-arc/3.20.2/quarkus-arc-3.20.2.jar:/home/runner/.m2/repository/io/quarkus/arc/arc/3.20.2/arc-3.20.2.jar:/home/runner/.m2/repository/jakarta/transaction/jakarta.transaction-api/2.0.1/jakarta.transaction-api-2.0.1.jar:/home/runner/.m2/repository/io/smallrye/reactive/mutiny/2.9.2/mutiny-2.9.2.jar:/home/runner/.m2/repository/org/jctools/jctools-core/4.0.5/jctools-core-4.0.5.jar:/home/runner/.m2/repository/org/eclipse/microprofile/context-propagation/microprofile-context-propagation-api/1.3/microprofile-context-propagation-api-1.3.jar:/home/runner/.m2/repository/io/apicurio/apicurio-common-rest-client-common/0.1.18.Final/apicurio-common-rest-client-common-0.1.18.Final.jar:/home/runner/work/apicurio-testing/apicurio-testing/clusters/ci419/namespaces/inmemory/tests/integration/apicurio-registry/utils/maven-plugin/target/apicurio-registry-maven-plugin-3.0.12-SNAPSHOT.jar:/home/runner/.m2/repository/com/fasterxml/jackson/core/jackson-databind/2.18.2/jackson-databind-2.18.2.jar:/home/runner/.m2/repository/org/apache/avro/avro/1.12.0/avro-1.12.0.jar:/home/runner/.m2/repository/com/google/protobuf/protobuf-java/4.31.1/protobuf-java-4.31.1.jar:/home/runner/.m2/repository/com/google/protobuf/protobuf-java-util/4.31.1/protobuf-java-util-4.31.1.jar:/home/runner/.m2/repository/com/google/code/findbugs/jsr305/3.0.2/jsr305-3.0.2.jar:/home/runner/.m2/repository/com/google/code/gson/gson/2.12.1/gson-2.12.1.jar:/home/runner/.m2/repository/com/google/errorprone/error_prone_annotations/2.36.0/error_prone_annotations-2.36.0.jar:/home/runner/.m2/repository/com/google/j2objc/j2objc-annotations/2.8/j2objc-annotations-2.8.jar:/home/runner/work/apicurio-testing/apicurio-testing/clusters/ci419/namespaces/inmemory/tests/integration/apicurio-registry/schema-util/util-provider/target/apicurio-registry-schema-util-provider-3.0.12-SNAPSHOT.jar:/home/runner/work/apicurio-testing/apicurio-testing/clusters/ci419/namespaces/inmemory/tests/integration/apicurio-registry/schema-util/common/target/apicurio-registry-schema-util-common-3.0.12-SNAPSHOT.jar:/home/runner/.m2/repository/com/fasterxml/jackson/module/jackson-module-parameter-names/2.18.2/jackson-module-parameter-names-2.18.2.jar:/home/runner/.m2/repository/com/fasterxml/jackson/datatype/jackson-datatype-json-org/2.18.2/jackson-datatype-json-org-2.18.2.jar:/home/runner/work/apicurio-testing/apicurio-testing/clusters/ci419/namespaces/inmemory/tests/integration/apicurio-registry/schema-util/json/target/apicurio-registry-schema-util-json-3.0.12-SNAPSHOT.jar:/home/runner/.m2/repository/com/github/erosb/everit-json-schema/1.14.5/everit-json-schema-1.14.5.jar:/home/runner/.m2/repository/commons-validator/commons-validator/1.9.0/commons-validator-1.9.0.jar:/home/runner/.m2/repository/commons-digester/commons-digester/2.1/commons-digester-2.1.jar:/home/runner/.m2/repository/commons-collections/commons-collections/3.2.2/commons-collections-3.2.2.jar:/home/runner/.m2/repository/com/damnhandy/handy-uri-templates/2.1.8/handy-uri-templates-2.1.8.jar:/home/runner/.m2/repository/joda-time/joda-time/2.10.2/joda-time-2.10.2.jar:/home/runner/.m2/repository/com/github/erosb/json-sKema/0.20.0/json-sKema-0.20.0.jar:/home/runner/.m2/repository/io/vertx/vertx-json-schema/4.5.16/vertx-json-schema-4.5.16.jar:/home/runner/work/apicurio-testing/apicurio-testing/clusters/ci419/namespaces/inmemory/tests/integration/apicurio-registry/schema-util/protobuf/target/apicurio-registry-schema-util-protobuf-3.0.12-SNAPSHOT.jar:/home/runner/work/apicurio-testing/apicurio-testing/clusters/ci419/namespaces/inmemory/tests/integration/apicurio-registry/utils/protobuf-schema-utilities/target/apicurio-registry-protobuf-schema-utilities-3.0.12-SNAPSHOT.jar:/home/runner/.m2/repository/com/google/api/grpc/proto-google-common-protos/2.52.0/proto-google-common-protos-2.52.0.jar:/home/runner/.m2/repository/com/squareup/wire/wire-schema-jvm/5.3.3/wire-schema-jvm-5.3.3.jar:/home/runner/.m2/repository/com/palantir/javapoet/javapoet/0.6.0/javapoet-0.6.0.jar:/home/runner/.m2/repository/com/squareup/kotlinpoet-jvm/2.0.0/kotlinpoet-jvm-2.0.0.jar:/home/runner/.m2/repository/org/jetbrains/kotlin/kotlin-reflect/2.0.21/kotlin-reflect-2.0.21.jar:/home/runner/.m2/repository/com/squareup/wire/wire-runtime-jvm/5.3.3/wire-runtime-jvm-5.3.3.jar:/home/runner/.m2/repository/com/ibm/icu/icu4j/76.1/icu4j-76.1.jar:/home/runner/.m2/repository/com/squareup/okio/okio-fakefilesystem/3.10.2/okio-fakefilesystem-3.10.2.jar:/home/runner/.m2/repository/com/squareup/okio/okio-fakefilesystem-jvm/3.10.2/okio-fakefilesystem-jvm-3.10.2.jar:/home/runner/.m2/repository/org/jetbrains/kotlinx/kotlinx-datetime-jvm/0.6.1/kotlinx-datetime-jvm-0.6.1.jar:/home/runner/work/apicurio-testing/apicurio-testing/clusters/ci419/namespaces/inmemory/tests/integration/apicurio-registry/schema-util/asyncapi/target/apicurio-registry-schema-util-asyncapi-3.0.12-SNAPSHOT.jar:/home/runner/work/apicurio-testing/apicurio-testing/clusters/ci419/namespaces/inmemory/tests/integration/apicurio-registry/schema-util/avro/target/apicurio-registry-schema-util-avro-3.0.12-SNAPSHOT.jar:/home/runner/work/apicurio-testing/apicurio-testing/clusters/ci419/namespaces/inmemory/tests/integration/apicurio-registry/schema-util/graphql/target/apicurio-registry-schema-util-graphql-3.0.12-SNAPSHOT.jar:/home/runner/.m2/repository/com/graphql-java/graphql-java/22.4/graphql-java-22.4.jar:/home/runner/.m2/repository/com/graphql-java/java-dataloader/3.3.0/java-dataloader-3.3.0.jar:/home/runner/work/apicurio-testing/apicurio-testing/clusters/ci419/namespaces/inmemory/tests/integration/apicurio-registry/schema-util/kconnect/target/apicurio-registry-schema-util-kconnect-3.0.12-SNAPSHOT.jar:/home/runner/work/apicurio-testing/apicurio-testing/clusters/ci419/namespaces/inmemory/tests/integration/apicurio-registry/schema-util/openapi/target/apicurio-registry-schema-util-openapi-3.0.12-SNAPSHOT.jar:/home/runner/.m2/repository/io/apicurio/apicurio-data-models/2.2.2/apicurio-data-models-2.2.2.jar:/home/runner/.m2/repository/org/openapitools/openapidiff/openapi-diff-core/2.1.2/openapi-diff-core-2.1.2.jar:/home/runner/.m2/repository/io/swagger/parser/v3/swagger-parser/2.1.28/swagger-parser-2.1.28.jar:/home/runner/.m2/repository/io/swagger/parser/v3/swagger-parser-v2-converter/2.1.28/swagger-parser-v2-converter-2.1.28.jar:/home/runner/.m2/repository/io/swagger/swagger-core/1.6.16/swagger-core-1.6.16.jar:/home/runner/.m2/repository/io/swagger/swagger-models/1.6.16/swagger-models-1.6.16.jar:/home/runner/.m2/repository/io/swagger/swagger-annotations/1.6.16/swagger-annotations-1.6.16.jar:/home/runner/.m2/repository/io/swagger/swagger-parser/1.0.75/swagger-parser-1.0.75.jar:/home/runner/.m2/repository/io/swagger/swagger-parser-safe-url-resolver/1.0.75/swagger-parser-safe-url-resolver-1.0.75.jar:/home/runner/.m2/repository/io/swagger/swagger-compat-spec-parser/1.0.75/swagger-compat-spec-parser-1.0.75.jar:/home/runner/.m2/repository/com/github/java-json-tools/json-schema-validator/2.2.14/json-schema-validator-2.2.14.jar:/home/runner/.m2/repository/com/github/java-json-tools/jackson-coreutils-equivalence/1.0/jackson-coreutils-equivalence-1.0.jar:/home/runner/.m2/repository/com/github/java-json-tools/json-schema-core/1.2.14/json-schema-core-1.2.14.jar:/home/runner/.m2/repository/com/github/java-json-tools/uri-template/0.10/uri-template-0.10.jar:/home/runner/.m2/repository/com/googlecode/libphonenumber/libphonenumber/8.11.1/libphonenumber-8.11.1.jar:/home/runner/.m2/repository/com/j2html/j2html/1.6.0/j2html-1.6.0.jar:/home/runner/.m2/repository/org/apache/commons/commons-collections4/4.5.0/commons-collections4-4.5.0.jar:/home/runner/.m2/repository/org/slf4j/jcl-over-slf4j/2.0.17/jcl-over-slf4j-2.0.17.jar:/home/runner/.m2/repository/io/swagger/parser/v3/swagger-parser-v3/2.1.31/swagger-parser-v3-2.1.31.jar:/home/runner/.m2/repository/io/swagger/core/v3/swagger-models/2.2.34/swagger-models-2.2.34.jar:/home/runner/.m2/repository/io/swagger/core/v3/swagger-core/2.2.34/swagger-core-2.2.34.jar:/home/runner/.m2/repository/io/swagger/parser/v3/swagger-parser-core/2.1.31/swagger-parser-core-2.1.31.jar:/home/runner/.m2/repository/io/swagger/parser/v3/swagger-parser-safe-url-resolver/2.1.31/swagger-parser-safe-url-resolver-2.1.31.jar:/home/runner/work/apicurio-testing/apicurio-testing/clusters/ci419/namespaces/inmemory/tests/integration/apicurio-registry/schema-util/wsdl/target/apicurio-registry-schema-util-wsdl-3.0.12-SNAPSHOT.jar:/home/runner/.m2/repository/wsdl4j/wsdl4j/1.6.3/wsdl4j-1.6.3.jar:/home/runner/work/apicurio-testing/apicurio-testing/clusters/ci419/namespaces/inmemory/tests/integration/apicurio-registry/schema-util/xml/target/apicurio-registry-schema-util-xml-3.0.12-SNAPSHOT.jar:/home/runner/.m2/repository/org/apache/santuario/xmlsec/4.0.4/xmlsec-4.0.4.jar:/home/runner/.m2/repository/com/fasterxml/woodstox/woodstox-core/7.1.1/woodstox-core-7.1.1.jar:/home/runner/.m2/repository/org/codehaus/woodstox/stax2-api/4.2.2/stax2-api-4.2.2.jar:/home/runner/work/apicurio-testing/apicurio-testing/clusters/ci419/namespaces/inmemory/tests/integration/apicurio-registry/schema-util/xsd/target/apicurio-registry-schema-util-xsd-3.0.12-SNAPSHOT.jar:/home/runner/work/apicurio-testing/apicurio-testing/clusters/ci419/namespaces/inmemory/tests/integration/apicurio-registry/serdes/kafka/jsonschema-serde/target/apicurio-registry-jsonschema-serde-kafka-3.0.12-SNAPSHOT.jar:/home/runner/work/apicurio-testing/apicurio-testing/clusters/ci419/namespaces/inmemory/tests/integration/apicurio-registry/serdes/kafka/serde-kafka-common/target/apicurio-registry-serde-kafka-common-3.0.12-SNAPSHOT.jar:/home/runner/work/apicurio-testing/apicurio-testing/clusters/ci419/namespaces/inmemory/tests/integration/apicurio-registry/serdes/generic/serde-common/target/apicurio-registry-serde-common-3.0.12-SNAPSHOT.jar:/home/runner/work/apicurio-testing/apicurio-testing/clusters/ci419/namespaces/inmemory/tests/integration/apicurio-registry/serdes/generic/serde-common-jsonschema/target/apicurio-registry-serde-common-jsonschema-3.0.12-SNAPSHOT.jar:/home/runner/.m2/repository/org/json/json/20250107/json-20250107.jar:/home/runner/work/apicurio-testing/apicurio-testing/clusters/ci419/namespaces/inmemory/tests/integration/apicurio-registry/serdes/kafka/avro-serde/target/apicurio-registry-avro-serde-kafka-3.0.12-SNAPSHOT.jar:/home/runner/work/apicurio-testing/apicurio-testing/clusters/ci419/namespaces/inmemory/tests/integration/apicurio-registry/serdes/generic/serde-common-avro/target/apicurio-registry-serde-common-avro-3.0.12-SNAPSHOT.jar:/home/runner/work/apicurio-testing/apicurio-testing/clusters/ci419/namespaces/inmemory/tests/integration/apicurio-registry/serdes/kafka/protobuf-serde/target/apicurio-registry-protobuf-serde-kafka-3.0.12-SNAPSHOT.jar:/home/runner/work/apicurio-testing/apicurio-testing/clusters/ci419/namespaces/inmemory/tests/integration/apicurio-registry/serdes/generic/serde-common-protobuf/target/apicurio-registry-serde-common-protobuf-3.0.12-SNAPSHOT.jar:/home/runner/.m2/repository/com/squareup/wire/wire-schema/5.3.3/wire-schema-5.3.3.jar:/home/runner/.m2/repository/com/squareup/wire/wire-runtime/5.3.3/wire-runtime-5.3.3.jar:/home/runner/work/apicurio-testing/apicurio-testing/clusters/ci419/namespaces/inmemory/tests/integration/apicurio-registry/serdes/pulsar/avro-serde/target/apicurio-registry-avro-serde-pulsar-3.0.12-SNAPSHOT.jar:/home/runner/.m2/repository/org/apache/pulsar/pulsar-functions-api/3.3.8/pulsar-functions-api-3.3.8.jar:/home/runner/work/apicurio-testing/apicurio-testing/clusters/ci419/namespaces/inmemory/tests/integration/apicurio-registry/serdes/nats/avro-serde/target/apicurio-registry-avro-serde-nats-3.0.12-SNAPSHOT.jar:/home/runner/.m2/repository/io/nats/jnats/2.21.4/jnats-2.21.4.jar:/home/runner/.m2/repository/org/bouncycastle/bcprov-lts8on/2.73.7/bcprov-lts8on-2.73.7.jar:/home/runner/.m2/repository/org/jetbrains/annotations/26.0.2/annotations-26.0.2.jar:/home/runner/work/apicurio-testing/apicurio-testing/clusters/ci419/namespaces/inmemory/tests/integration/apicurio-registry/utils/converter/target/apicurio-registry-utils-converter-3.0.12-SNAPSHOT.jar:/home/runner/work/apicurio-testing/apicurio-testing/clusters/ci419/namespaces/inmemory/tests/integration/apicurio-registry/schema-resolver/target/apicurio-registry-schema-resolver-3.0.12-SNAPSHOT.jar:/home/runner/.m2/repository/org/apache/kafka/connect-api/3.9.1/connect-api-3.9.1.jar:/home/runner/.m2/repository/javax/ws/rs/javax.ws.rs-api/2.1.1/javax.ws.rs-api-2.1.1.jar:/home/runner/.m2/repository/org/apache/kafka/connect-json/3.9.1/connect-json-3.9.1.jar:/home/runner/.m2/repository/com/fasterxml/jackson/datatype/jackson-datatype-jdk8/2.18.2/jackson-datatype-jdk8-2.18.2.jar:/home/runner/.m2/repository/com/fasterxml/jackson/module/jackson-module-afterburner/2.18.2/jackson-module-afterburner-2.18.2.jar:/home/runner/work/apicurio-testing/apicurio-testing/clusters/ci419/namespaces/inmemory/tests/integration/apicurio-registry/utils/kafka/target/apicurio-registry-utils-kafka-3.0.12-SNAPSHOT.jar:/home/runner/.m2/repository/org/apache/pulsar/pulsar-client/3.3.8/pulsar-client-3.3.8.jar:/home/runner/.m2/repository/org/apache/pulsar/pulsar-client-api/3.3.8/pulsar-client-api-3.3.8.jar:/home/runner/.m2/repository/org/apache/pulsar/pulsar-client-admin-api/3.3.8/pulsar-client-admin-api-3.3.8.jar:/home/runner/.m2/repository/org/apache/pulsar/bouncy-castle-bc/3.3.8/bouncy-castle-bc-3.3.8-pkg.jar:/home/runner/.m2/repository/org/bouncycastle/bcpkix-jdk18on/1.81/bcpkix-jdk18on-1.81.jar:/home/runner/.m2/repository/org/bouncycastle/bcutil-jdk18on/1.81/bcutil-jdk18on-1.81.jar:/home/runner/.m2/repository/org/bouncycastle/bcprov-jdk18on/1.81/bcprov-jdk18on-1.81.jar:/home/runner/.m2/repository/io/opentelemetry/opentelemetry-api/1.44.1/opentelemetry-api-1.44.1.jar:/home/runner/.m2/repository/io/opentelemetry/opentelemetry-context/1.44.1/opentelemetry-context-1.44.1.jar:/home/runner/.m2/repository/io/opentelemetry/opentelemetry-api-incubator/1.44.1-alpha/opentelemetry-api-incubator-1.44.1-alpha.jar:/home/runner/.m2/repository/com/fasterxml/jackson/core/jackson-annotations/2.18.2/jackson-annotations-2.18.2.jar:/home/runner/.m2/repository/javax/validation/validation-api/1.1.0.Final/validation-api-1.1.0.Final.jar:/home/runner/.m2/repository/org/jspecify/jspecify/1.0.0/jspecify-1.0.0.jar:/home/runner/.m2/repository/org/apache/commons/commons-configuration2/2.12.0/commons-configuration2-2.12.0.jar:/home/runner/.m2/repository/commons-logging/commons-logging/1.3.5/commons-logging-1.3.5.jar:/home/runner/.m2/repository/org/apache/commons/commons-text/1.13.0/commons-text-1.13.0.jar:/home/runner/.m2/repository/io/confluent/kafka-avro-serializer/8.0.0/kafka-avro-serializer-8.0.0.jar:/home/runner/.m2/repository/org/apache/commons/commons-compress/1.27.1/commons-compress-1.27.1.jar:/home/runner/.m2/repository/io/confluent/kafka-schema-serializer/8.0.0/kafka-schema-serializer-8.0.0.jar:/home/runner/.m2/repository/com/fasterxml/jackson/dataformat/jackson-dataformat-csv/2.18.2/jackson-dataformat-csv-2.18.2.jar:/home/runner/.m2/repository/io/confluent/kafka-schema-registry-client/8.0.0/kafka-schema-registry-client-8.0.0.jar:/home/runner/.m2/repository/org/yaml/snakeyaml/2.3/snakeyaml-2.3.jar:/home/runner/.m2/repository/io/swagger/core/v3/swagger-annotations/2.2.29/swagger-annotations-2.2.29.jar:/home/runner/.m2/repository/com/google/guava/guava/33.4.0-jre/guava-33.4.0-jre.jar:/home/runner/.m2/repository/com/google/guava/failureaccess/1.0.1/failureaccess-1.0.1.jar:/home/runner/.m2/repository/org/checkerframework/checker-qual/3.49.0/checker-qual-3.49.0.jar:/home/runner/.m2/repository/io/confluent/logredactor/1.0.13/logredactor-1.0.13.jar:/home/runner/.m2/repository/com/google/re2j/re2j/1.6/re2j-1.6.jar:/home/runner/.m2/repository/io/confluent/logredactor-metrics/1.0.13/logredactor-metrics-1.0.13.jar:/home/runner/.m2/repository/com/eclipsesource/minimal-json/minimal-json/0.9.5/minimal-json-0.9.5.jar:/home/runner/.m2/repository/io/confluent/common-utils/8.0.0/common-utils-8.0.0.jar:/home/runner/.m2/repository/io/confluent/kafka-connect-avro-converter/8.0.0/kafka-connect-avro-converter-8.0.0.jar:/home/runner/.m2/repository/io/confluent/kafka-connect-avro-data/8.0.0/kafka-connect-avro-data-8.0.0.jar:/home/runner/.m2/repository/io/confluent/kafka-schema-converter/8.0.0/kafka-schema-converter-8.0.0.jar:/home/runner/.m2/repository/io/rest-assured/rest-assured/5.5.1/rest-assured-5.5.1.jar:/home/runner/.m2/repository/org/apache/groovy/groovy/4.0.22/groovy-4.0.22.jar:/home/runner/.m2/repository/org/apache/groovy/groovy-xml/4.0.22/groovy-xml-4.0.22.jar:/home/runner/.m2/repository/org/apache/httpcomponents/httpclient/4.5.14/httpclient-4.5.14.jar:/home/runner/.m2/repository/org/apache/httpcomponents/httpcore/4.4.16/httpcore-4.4.16.jar:/home/runner/.m2/repository/org/apache/httpcomponents/httpmime/4.5.14/httpmime-4.5.14.jar:/home/runner/.m2/repository/org/hamcrest/hamcrest/2.2/hamcrest-2.2.jar:/home/runner/.m2/repository/org/ccil/cowan/tagsoup/tagsoup/1.2.1/tagsoup-1.2.1.jar:/home/runner/.m2/repository/io/rest-assured/json-path/5.5.1/json-path-5.5.1.jar:/home/runner/.m2/repository/org/apache/groovy/groovy-json/4.0.22/groovy-json-4.0.22.jar:/home/runner/.m2/repository/io/rest-assured/rest-assured-common/5.5.1/rest-assured-common-5.5.1.jar:/home/runner/.m2/repository/io/rest-assured/xml-path/5.5.1/xml-path-5.5.1.jar:/home/runner/.m2/repository/io/zonky/test/embedded-postgres/2.1.0/embedded-postgres-2.1.0.jar:/home/runner/.m2/repository/io/zonky/test/postgres/embedded-postgres-binaries-windows-amd64/14.15.0/embedded-postgres-binaries-windows-amd64-14.15.0.jar:/home/runner/.m2/repository/io/zonky/test/postgres/embedded-postgres-binaries-darwin-amd64/14.15.0/embedded-postgres-binaries-darwin-amd64-14.15.0.jar:/home/runner/.m2/repository/io/zonky/test/postgres/embedded-postgres-binaries-linux-amd64/14.15.0/embedded-postgres-binaries-linux-amd64-14.15.0.jar:/home/runner/.m2/repository/io/zonky/test/postgres/embedded-postgres-binaries-linux-amd64-alpine/14.15.0/embedded-postgres-binaries-linux-amd64-alpine-14.15.0.jar:/home/runner/.m2/repository/org/apache/commons/commons-lang3/3.17.0/commons-lang3-3.17.0.jar:/home/runner/.m2/repository/org/tukaani/xz/1.10/xz-1.10.jar:/home/runner/.m2/repository/commons-codec/commons-codec/1.19.0/commons-codec-1.19.0.jar:/home/runner/.m2/repository/org/postgresql/postgresql/42.7.7/postgresql-42.7.7.jar:/home/runner/.m2/repository/commons-io/commons-io/2.18.0/commons-io-2.18.0.jar:/home/runner/work/apicurio-testing/apicurio-testing/clusters/ci419/namespaces/inmemory/tests/integration/apicurio-registry/utils/importexport/target/apicurio-registry-utils-import-export-3.0.12-SNAPSHOT.jar:/home/runner/.m2/repository/io/vertx/vertx-core/4.5.16/vertx-core-4.5.16.jar:/home/runner/.m2/repository/io/netty/netty-common/4.1.121.Final/netty-common-4.1.121.Final.jar:/home/runner/.m2/repository/io/netty/netty-buffer/4.1.121.Final/netty-buffer-4.1.121.Final.jar:/home/runner/.m2/repository/io/netty/netty-transport/4.1.121.Final/netty-transport-4.1.121.Final.jar:/home/runner/.m2/repository/io/netty/netty-handler/4.1.121.Final/netty-handler-4.1.121.Final.jar:/home/runner/.m2/repository/io/netty/netty-transport-native-unix-common/4.1.121.Final/netty-transport-native-unix-common-4.1.121.Final.jar:/home/runner/.m2/repository/io/netty/netty-codec/4.1.121.Final/netty-codec-4.1.121.Final.jar:/home/runner/.m2/repository/io/netty/netty-handler-proxy/4.1.121.Final/netty-handler-proxy-4.1.121.Final.jar:/home/runner/.m2/repository/io/netty/netty-codec-socks/4.1.121.Final/netty-codec-socks-4.1.121.Final.jar:/home/runner/.m2/repository/io/netty/netty-codec-http/4.1.121.Final/netty-codec-http-4.1.121.Final.jar:/home/runner/.m2/repository/io/netty/netty-codec-http2/4.1.121.Final/netty-codec-http2-4.1.121.Final.jar:/home/runner/.m2/repository/io/netty/netty-resolver/4.1.121.Final/netty-resolver-4.1.121.Final.jar:/home/runner/.m2/repository/io/netty/netty-resolver-dns/4.1.121.Final/netty-resolver-dns-4.1.121.Final.jar:/home/runner/.m2/repository/io/netty/netty-codec-dns/4.1.121.Final/netty-codec-dns-4.1.121.Final.jar:/home/runner/.m2/repository/com/fasterxml/jackson/core/jackson-core/2.18.2/jackson-core-2.18.2.jar:"/>
    <property name="sun.cpu.endian" value="little"/>
    <property name="user.home" value="/home/runner"/>
    <property name="user.language" value="en"/>
    <property name="jboss.log-version" value="false"/>
    <property name="java.specification.vendor" value="Oracle Corporation"/>
    <property name="java.version.date" value="2025-07-15"/>
    <property name="java.home" value="/usr/lib/jvm/temurin-17-jdk-amd64"/>
    <property name="file.separator" value="/"/>
    <property name="basedir" value="/home/runner/work/apicurio-testing/apicurio-testing/clusters/ci419/namespaces/inmemory/tests/integration/apicurio-registry/integration-tests"/>
    <property name="java.vm.compressedOopsMode" value="32-bit"/>
    <property name="line.separator" value="&#10;"/>
    <property name="java.specification.name" value="Java Platform API Specification"/>
    <property name="java.vm.specification.vendor" value="Oracle Corporation"/>
    <property name="quarkus.http.test-host" value="registry-app-inmemory.apps.ci419.apicurio-testing.org"/>
    <property name="surefire.real.class.path" value="/home/runner/work/apicurio-testing/apicurio-testing/clusters/ci419/namespaces/inmemory/tests/integration/apicurio-registry/integration-tests/target/surefire/surefirebooter-20250807122016745_3.jar"/>
    <property name="sun.management.compiler" value="HotSpot 64-Bit Tiered Compilers"/>
    <property name="org.eclipse.jetty.http.HttpGenerator.STRICT" value="true"/>
    <property name="java.runtime.version" value="17.0.16+8"/>
    <property name="user.name" value="runner"/>
    <property name="path.separator" value=":"/>
    <property name="os.version" value="6.8.0-1031-azure"/>
    <property name="java.runtime.name" value="OpenJDK Runtime Environment"/>
    <property name="file.encoding" value="UTF-8"/>
    <property name="jnidispatch.path" value="/home/runner/.cache/JNA/temp/jna2612696176964274134.tmp"/>
    <property name="java.vm.name" value="OpenJDK 64-Bit Server VM"/>
    <property name="jna.platform.library.path" value="/usr/lib/x86_64-linux-gnu:/lib/x86_64-linux-gnu:/usr/lib64:/lib64:/usr/lib:/lib:/lib32:/usr/local/lib:/usr/lib/x86_64-linux-gnu/libfakeroot"/>
    <property name="java.vendor.version" value="Temurin-17.0.16+8"/>
    <property name="quarkus.oidc.token-path" value="https://keycloak-inmemory.apps.ci419.apicurio-testing.org/realms/registry/protocol/openid-connect/token"/>
    <property name="quarkus.http.host" value="registry-app-inmemory.apps.ci419.apicurio-testing.org"/>
    <property name="localRepository" value="/home/runner/.m2/repository"/>
    <property name="javax.xml.xpath.XPathFactory:http://java.sun.com/jaxp/xpath/dom" value="com.sun.org.apache.xpath.internal.jaxp.XPathFactoryImpl"/>
    <property name="jna.loaded" value="true"/>
    <property name="java.vendor.url.bug" value="https://github.com/adoptium/adoptium-support/issues"/>
    <property name="jetty.git.hash" value="5bc5e562c8d05c5862505aebe5cf83a61bdbcb96"/>
    <property name="java.io.tmpdir" value="/tmp"/>
    <property name="quarkus.http.test-protocol" value="http"/>
    <property name="java.version" value="17.0.16"/>
    <property name="user.dir" value="/home/runner/work/apicurio-testing/apicurio-testing/clusters/ci419/namespaces/inmemory/tests/integration/apicurio-registry/integration-tests"/>
    <property name="os.arch" value="amd64"/>
    <property name="groups" value="( smoke | serdes | acceptance | ui)"/>
    <property name="java.vm.specification.name" value="Java Virtual Machine Specification"/>
    <property name="native.encoding" value="UTF-8"/>
    <property name="java.util.logging.manager" value="org.jboss.logmanager.LogManager"/>
    <property name="java.library.path" value="/usr/java/packages/lib:/usr/lib64:/lib64:/lib:/usr/lib"/>
    <property name="jdk.console" value="java.base"/>
    <property name="java.vm.info" value="mixed mode, sharing"/>
    <property name="java.vendor" value="Eclipse Adoptium"/>
    <property name="java.vm.version" value="17.0.16+8"/>
    <property name="java.specification.maintenance.version" value="1"/>
    <property name="sun.io.unicode.encoding" value="UnicodeLittle"/>
    <property name="javax.xml.transform.TransformerFactory" value="com.sun.org.apache.xalan.internal.xsltc.trax.TransformerFactoryImpl"/>
    <property name="java.class.version" value="61.0"/>
  </properties>
  <testcase name="testGlobalIdInHeaders" classname="io.apicurio.tests.serdes.apicurio.AvroSerdeIT" time="5.914">
    <system-out><![CDATA[**** Registry Base URL: http://registry-app-inmemory.apps.ci419.apicurio-testing.org:80
**** Registry Base URL: http://registry-app-inmemory.apps.ci419.apicurio-testing.org:80
2025-08-07 12:20:28,073 INFO  [io.api.tes.ser.api.AvroSerdeIT] (main) RestAssured configured with http://registry-app-inmemory.apps.ci419.apicurio-testing.org:80/apis/registry/v3
2025-08-07 12:20:28,091 INFO  [io.api.tes.uti.KafkaFacade] (main) Starting kafka container
2025-08-07 12:20:28,133 INFO  [org.tes.ima.PullPolicy] (main) Image pull policy will be performed by: DefaultPullPolicy()
2025-08-07 12:20:28,136 INFO  [org.tes.uti.ImageNameSubstitutor] (main) Image name substitution will be performed by: DefaultImageNameSubstitutor (composite of 'ConfigurationFileImageNameSubstitutor' and 'PrefixingImageNameSubstitutor')
2025-08-07 12:20:28,146 INFO  [org.tes.DockerClientFactory] (main) Testcontainers version: 1.20.6
2025-08-07 12:20:28,640 INFO  [org.tes.doc.DockerClientProviderStrategy] (main) Found Docker environment with local Unix socket (unix:///var/run/docker.sock)
2025-08-07 12:20:28,649 INFO  [org.tes.DockerClientFactory] (main) Docker host IP address is localhost
2025-08-07 12:20:28,669 INFO  [org.tes.DockerClientFactory] (main) Connected to docker: 
  Server Version: 28.0.4
  API Version: 1.48
  Operating System: Ubuntu 22.04.5 LTS
  Total Memory: 7944 MB
2025-08-07 12:20:28,715 INFO  [tc.tes.11.0] (main) Pulling docker image: testcontainers/ryuk:0.11.0. Please be patient; this may take some time but only needs to be done once.
2025-08-07 12:20:29,044 INFO  [tc.tes.11.0] (docker-java-stream--1295187651) Starting to pull image
2025-08-07 12:20:29,069 INFO  [tc.tes.11.0] (docker-java-stream--1295187651) Pulling image layers:  0 pending,  0 downloaded,  0 extracted, (0 bytes/0 bytes)
2025-08-07 12:20:29,167 INFO  [tc.tes.11.0] (docker-java-stream--1295187651) Pulling image layers:  2 pending,  1 downloaded,  0 extracted, (806 KB/? MB)
2025-08-07 12:20:29,183 INFO  [tc.tes.11.0] (docker-java-stream--1295187651) Pulling image layers:  1 pending,  2 downloaded,  0 extracted, (878 KB/? MB)
2025-08-07 12:20:29,249 INFO  [tc.tes.11.0] (docker-java-stream--1295187651) Pulling image layers:  0 pending,  3 downloaded,  0 extracted, (907 KB/10 MB)
2025-08-07 12:20:29,312 INFO  [tc.tes.11.0] (docker-java-stream--1295187651) Pulling image layers:  0 pending,  3 downloaded,  1 extracted, (4 MB/10 MB)
2025-08-07 12:20:30,308 INFO  [tc.tes.11.0] (docker-java-stream--1295187651) Pulling image layers:  0 pending,  3 downloaded,  2 extracted, (4 MB/10 MB)
2025-08-07 12:20:30,374 INFO  [tc.tes.11.0] (docker-java-stream--1295187651) Pulling image layers:  0 pending,  3 downloaded,  3 extracted, (10 MB/10 MB)
2025-08-07 12:20:30,382 INFO  [tc.tes.11.0] (docker-java-stream--1295187651) Pull complete. 3 layers, pulled in 1s (downloaded 10 MB at 10 MB/s)
2025-08-07 12:20:30,382 INFO  [tc.tes.11.0] (main) Image testcontainers/ryuk:0.11.0 pull took PT1.666242065S
2025-08-07 12:20:30,403 INFO  [tc.tes.11.0] (main) Creating container for image: testcontainers/ryuk:0.11.0
2025-08-07 12:20:30,483 INFO  [tc.tes.11.0] (main) Container testcontainers/ryuk:0.11.0 is starting: ae86784013ebf3abe6073dc7afff18cb1e40f8d6c0e646f9b35e242fec91cb25
2025-08-07 12:20:30,794 INFO  [tc.tes.11.0] (main) Container testcontainers/ryuk:0.11.0 started in PT0.39141164S
2025-08-07 12:20:30,799 INFO  [org.tes.uti.RyukResourceReaper] (main) Ryuk started - will monitor and terminate Testcontainers containers on JVM exit
2025-08-07 12:20:30,799 INFO  [org.tes.DockerClientFactory] (main) Checking the system...
2025-08-07 12:20:30,800 INFO  [org.tes.DockerClientFactory] (main) ✔︎ Docker server version should be at least 1.6.0
2025-08-07 12:20:30,803 INFO  [io.str.tes.con.KafkaVersionService] (main) Latest release of Kafka is:LogicalKafkaVersionEntity{version='4.0.0', image='quay.io/strimzi-test-container/test-container:0.111.0-kafka-4.0.0'}
2025-08-07 12:20:30,803 INFO  [io.str.tes.con.KafkaVersionService] (main) Latest release of Kafka is:LogicalKafkaVersionEntity{version='4.0.0', image='quay.io/strimzi-test-container/test-container:0.111.0-kafka-4.0.0'}
2025-08-07 12:20:30,803 INFO  [io.str.tes.con.KafkaVersionService] (main) No Kafka version specified. Using latest release: 4.0.0
2025-08-07 12:20:30,807 INFO  [tc.qua.io/.111.0-k.0.0] (main) Pulling docker image: quay.io/strimzi-test-container/test-container:0.111.0-kafka-4.0.0. Please be patient; this may take some time but only needs to be done once.
2025-08-07 12:20:31,083 INFO  [tc.qua.io/.111.0-k.0.0] (docker-java-stream--29267298) Starting to pull image
2025-08-07 12:20:31,084 INFO  [tc.qua.io/.111.0-k.0.0] (docker-java-stream--29267298) Pulling image layers:  0 pending,  0 downloaded,  0 extracted, (0 bytes/0 bytes)
2025-08-07 12:20:31,387 INFO  [tc.qua.io/.111.0-k.0.0] (docker-java-stream--29267298) Pulling image layers:  6 pending,  1 downloaded,  0 extracted, (940 KB/? MB)
2025-08-07 12:20:31,480 INFO  [tc.qua.io/.111.0-k.0.0] (docker-java-stream--29267298) Pulling image layers:  5 pending,  2 downloaded,  0 extracted, (28 MB/? MB)
2025-08-07 12:20:31,538 INFO  [tc.qua.io/.111.0-k.0.0] (docker-java-stream--29267298) Pulling image layers:  4 pending,  3 downloaded,  0 extracted, (50 MB/? MB)
2025-08-07 12:20:31,662 INFO  [tc.qua.io/.111.0-k.0.0] (docker-java-stream--29267298) Pulling image layers:  3 pending,  4 downloaded,  0 extracted, (59 MB/? MB)
2025-08-07 12:20:31,718 INFO  [tc.qua.io/.111.0-k.0.0] (docker-java-stream--29267298) Pulling image layers:  2 pending,  5 downloaded,  0 extracted, (59 MB/? MB)
2025-08-07 12:20:32,662 INFO  [tc.qua.io/.111.0-k.0.0] (docker-java-stream--29267298) Pulling image layers:  2 pending,  5 downloaded,  1 extracted, (125 MB/? MB)
2025-08-07 12:20:33,149 INFO  [tc.qua.io/.111.0-k.0.0] (docker-java-stream--29267298) Pulling image layers:  1 pending,  6 downloaded,  1 extracted, (168 MB/? MB)
2025-08-07 12:20:35,464 INFO  [tc.qua.io/.111.0-k.0.0] (docker-java-stream--29267298) Pulling image layers:  0 pending,  7 downloaded,  1 extracted, (239 MB/249 MB)
2025-08-07 12:20:37,264 INFO  [tc.qua.io/.111.0-k.0.0] (docker-java-stream--29267298) Pulling image layers:  0 pending,  7 downloaded,  2 extracted, (240 MB/249 MB)
2025-08-07 12:20:37,334 INFO  [tc.qua.io/.111.0-k.0.0] (docker-java-stream--29267298) Pulling image layers:  0 pending,  7 downloaded,  3 extracted, (242 MB/249 MB)
2025-08-07 12:20:37,355 INFO  [tc.qua.io/.111.0-k.0.0] (docker-java-stream--29267298) Pulling image layers:  0 pending,  7 downloaded,  4 extracted, (242 MB/249 MB)
2025-08-07 12:20:38,464 INFO  [tc.qua.io/.111.0-k.0.0] (docker-java-stream--29267298) Pulling image layers:  0 pending,  7 downloaded,  5 extracted, (249 MB/249 MB)
2025-08-07 12:20:38,503 INFO  [tc.qua.io/.111.0-k.0.0] (docker-java-stream--29267298) Pulling image layers:  0 pending,  7 downloaded,  6 extracted, (249 MB/249 MB)
2025-08-07 12:20:38,521 INFO  [tc.qua.io/.111.0-k.0.0] (docker-java-stream--29267298) Pulling image layers:  0 pending,  7 downloaded,  7 extracted, (249 MB/249 MB)
2025-08-07 12:20:38,533 INFO  [tc.qua.io/.111.0-k.0.0] (main) Image quay.io/strimzi-test-container/test-container:0.111.0-kafka-4.0.0 pull took PT7.725754285S
2025-08-07 12:20:38,532 INFO  [tc.qua.io/.111.0-k.0.0] (docker-java-stream--29267298) Pull complete. 7 layers, pulled in 7s (downloaded 249 MB at 35 MB/s)
2025-08-07 12:20:38,535 INFO  [tc.qua.io/.111.0-k.0.0] (main) Creating container for image: quay.io/strimzi-test-container/test-container:0.111.0-kafka-4.0.0
2025-08-07 12:20:38,606 INFO  [tc.qua.io/.111.0-k.0.0] (main) Container quay.io/strimzi-test-container/test-container:0.111.0-kafka-4.0.0 is starting: 47ea1cab2c6d89bad6073f404e413f2fdf7ac0678eb3c6e7506d26d8f1f23930
2025-08-07 12:20:38,781 INFO  [io.str.tes.con.StrimziKafkaContainer] (main) Mapped port: 32769
2025-08-07 12:20:38,781 WARN  [io.str.tes.con.StrimziKafkaContainer] (main) Node ID is not set. Using broker ID 0 as the default node ID.
2025-08-07 12:20:38,782 INFO  [io.str.tes.con.StrimziKafkaContainer] (main) This is all advertised listeners for Kafka PLAINTEXT://localhost:32769,BROKER1://172.18.0.2:9091,CONTROLLER://broker-0:9094
2025-08-07 12:20:38,807 INFO  [io.str.tes.con.StrimziKafkaContainer] (main) New `cluster.id` has been generated: CeYNmdzmRCaaSk-AVslC4g
2025-08-07 12:20:38,808 INFO  [io.str.tes.con.StrimziKafkaContainer] (main) Copying command to 'STARTER_SCRIPT' script.
2025-08-07 12:20:43,982 INFO  [tc.qua.io/.111.0-k.0.0] (main) Container quay.io/strimzi-test-container/test-container:0.111.0-kafka-4.0.0 started in PT5.446404345S
2025-08-07 12:20:43,984 INFO  [io.api.tes.uti.TestSeparator] (main) ############################################################################
2025-08-07 12:20:43,988 INFO  [io.api.tes.uti.TestSeparator] (main) io.apicurio.tests.serdes.apicurio.AvroSerdeIT.testGlobalIdInHeaders-STARTED
2025-08-07 12:20:44,007 INFO  [org.apa.kaf.cli.adm.AdminClientConfig] (main) AdminClientConfig values: 
	auto.include.jmx.reporter = true
	bootstrap.controllers = []
	bootstrap.servers = [PLAINTEXT://localhost:32769]
	client.dns.lookup = use_all_dns_ips
	client.id = 
	connections.max.idle.ms = 10000
	default.api.timeout.ms = 60000
	enable.metrics.push = true
	metadata.max.age.ms = 300000
	metadata.recovery.strategy = none
	metric.reporters = []
	metrics.num.samples = 2
	metrics.recording.level = INFO
	metrics.sample.window.ms = 30000
	receive.buffer.bytes = 65536
	reconnect.backoff.max.ms = 1000
	reconnect.backoff.ms = 50
	request.timeout.ms = 5000
	retries = 2147483647
	retry.backoff.max.ms = 1000
	retry.backoff.ms = 100
	sasl.client.callback.handler.class = null
	sasl.jaas.config = null
	sasl.kerberos.kinit.cmd = /usr/bin/kinit
	sasl.kerberos.min.time.before.relogin = 60000
	sasl.kerberos.service.name = null
	sasl.kerberos.ticket.renew.jitter = 0.05
	sasl.kerberos.ticket.renew.window.factor = 0.8
	sasl.login.callback.handler.class = null
	sasl.login.class = null
	sasl.login.connect.timeout.ms = null
	sasl.login.read.timeout.ms = null
	sasl.login.refresh.buffer.seconds = 300
	sasl.login.refresh.min.period.seconds = 60
	sasl.login.refresh.window.factor = 0.8
	sasl.login.refresh.window.jitter = 0.05
	sasl.login.retry.backoff.max.ms = 10000
	sasl.login.retry.backoff.ms = 100
	sasl.mechanism = GSSAPI
	sasl.oauthbearer.clock.skew.seconds = 30
	sasl.oauthbearer.expected.audience = null
	sasl.oauthbearer.expected.issuer = null
	sasl.oauthbearer.header.urlencode = false
	sasl.oauthbearer.jwks.endpoint.refresh.ms = 3600000
	sasl.oauthbearer.jwks.endpoint.retry.backoff.max.ms = 10000
	sasl.oauthbearer.jwks.endpoint.retry.backoff.ms = 100
	sasl.oauthbearer.jwks.endpoint.url = null
	sasl.oauthbearer.scope.claim.name = scope
	sasl.oauthbearer.sub.claim.name = sub
	sasl.oauthbearer.token.endpoint.url = null
	security.protocol = PLAINTEXT
	security.providers = null
	send.buffer.bytes = 131072
	socket.connection.setup.timeout.max.ms = 30000
	socket.connection.setup.timeout.ms = 10000
	ssl.cipher.suites = null
	ssl.enabled.protocols = [TLSv1.2, TLSv1.3]
	ssl.endpoint.identification.algorithm = https
	ssl.engine.factory.class = null
	ssl.key.password = null
	ssl.keymanager.algorithm = SunX509
	ssl.keystore.certificate.chain = null
	ssl.keystore.key = null
	ssl.keystore.location = null
	ssl.keystore.password = null
	ssl.keystore.type = JKS
	ssl.protocol = TLSv1.3
	ssl.provider = null
	ssl.secure.random.implementation = null
	ssl.trustmanager.algorithm = PKIX
	ssl.truststore.certificates = null
	ssl.truststore.location = null
	ssl.truststore.password = null
	ssl.truststore.type = JKS

2025-08-07 12:20:44,345 INFO  [org.apa.kaf.com.uti.AppInfoParser] (main) Kafka version: 3.9.1
2025-08-07 12:20:44,345 INFO  [org.apa.kaf.com.uti.AppInfoParser] (main) Kafka commitId: f745dfdcee2b9851
2025-08-07 12:20:44,345 INFO  [org.apa.kaf.com.uti.AppInfoParser] (main) Kafka startTimeMs: 1754569244343
**** Registry Base URL: http://registry-app-inmemory.apps.ci419.apicurio-testing.org:80
2025-08-07 12:20:44,410 INFO  [org.apa.kaf.cli.pro.ProducerConfig] (main) ProducerConfig values: 
	acks = -1
	auto.include.jmx.reporter = true
	batch.size = 16384
	bootstrap.servers = [PLAINTEXT://localhost:32769]
	buffer.memory = 33554432
	client.dns.lookup = use_all_dns_ips
	client.id = Producer-topic-026d3cfe_7b14_423e_8ede_92f70c62ca4b
	compression.gzip.level = -1
	compression.lz4.level = 9
	compression.type = none
	compression.zstd.level = 3
	connections.max.idle.ms = 10000
	delivery.timeout.ms = 120000
	enable.idempotence = true
	enable.metrics.push = true
	interceptor.classes = []
	key.serializer = class org.apache.kafka.common.serialization.StringSerializer
	linger.ms = 0
	max.block.ms = 60000
	max.in.flight.requests.per.connection = 5
	max.request.size = 1048576
	metadata.max.age.ms = 300000
	metadata.max.idle.ms = 300000
	metadata.recovery.strategy = none
	metric.reporters = []
	metrics.num.samples = 2
	metrics.recording.level = INFO
	metrics.sample.window.ms = 30000
	partitioner.adaptive.partitioning.enable = true
	partitioner.availability.timeout.ms = 0
	partitioner.class = null
	partitioner.ignore.keys = false
	receive.buffer.bytes = 32768
	reconnect.backoff.max.ms = 1000
	reconnect.backoff.ms = 50
	request.timeout.ms = 5000
	retries = 2147483647
	retry.backoff.max.ms = 1000
	retry.backoff.ms = 100
	sasl.client.callback.handler.class = null
	sasl.jaas.config = null
	sasl.kerberos.kinit.cmd = /usr/bin/kinit
	sasl.kerberos.min.time.before.relogin = 60000
	sasl.kerberos.service.name = null
	sasl.kerberos.ticket.renew.jitter = 0.05
	sasl.kerberos.ticket.renew.window.factor = 0.8
	sasl.login.callback.handler.class = null
	sasl.login.class = null
	sasl.login.connect.timeout.ms = null
	sasl.login.read.timeout.ms = null
	sasl.login.refresh.buffer.seconds = 300
	sasl.login.refresh.min.period.seconds = 60
	sasl.login.refresh.window.factor = 0.8
	sasl.login.refresh.window.jitter = 0.05
	sasl.login.retry.backoff.max.ms = 10000
	sasl.login.retry.backoff.ms = 100
	sasl.mechanism = GSSAPI
	sasl.oauthbearer.clock.skew.seconds = 30
	sasl.oauthbearer.expected.audience = null
	sasl.oauthbearer.expected.issuer = null
	sasl.oauthbearer.header.urlencode = false
	sasl.oauthbearer.jwks.endpoint.refresh.ms = 3600000
	sasl.oauthbearer.jwks.endpoint.retry.backoff.max.ms = 10000
	sasl.oauthbearer.jwks.endpoint.retry.backoff.ms = 100
	sasl.oauthbearer.jwks.endpoint.url = null
	sasl.oauthbearer.scope.claim.name = scope
	sasl.oauthbearer.sub.claim.name = sub
	sasl.oauthbearer.token.endpoint.url = null
	security.protocol = PLAINTEXT
	security.providers = null
	send.buffer.bytes = 131072
	socket.connection.setup.timeout.max.ms = 30000
	socket.connection.setup.timeout.ms = 10000
	ssl.cipher.suites = null
	ssl.enabled.protocols = [TLSv1.2, TLSv1.3]
	ssl.endpoint.identification.algorithm = https
	ssl.engine.factory.class = null
	ssl.key.password = null
	ssl.keymanager.algorithm = SunX509
	ssl.keystore.certificate.chain = null
	ssl.keystore.key = null
	ssl.keystore.location = null
	ssl.keystore.password = null
	ssl.keystore.type = JKS
	ssl.protocol = TLSv1.3
	ssl.provider = null
	ssl.secure.random.implementation = null
	ssl.trustmanager.algorithm = PKIX
	ssl.truststore.certificates = null
	ssl.truststore.location = null
	ssl.truststore.password = null
	ssl.truststore.type = JKS
	transaction.timeout.ms = 60000
	transactional.id = null
	value.serializer = class io.apicurio.registry.serde.avro.AvroKafkaSerializer

2025-08-07 12:20:44,463 INFO  [org.apa.kaf.com.tel.int.KafkaMetricsCollector] (main) initializing Kafka metrics collector
2025-08-07 12:20:44,490 INFO  [org.apa.kaf.cli.pro.KafkaProducer] (main) [Producer clientId=Producer-topic-026d3cfe_7b14_423e_8ede_92f70c62ca4b] Instantiated an idempotent producer.
2025-08-07 12:20:44,522 INFO  [org.apa.kaf.cli.pro.ProducerConfig] (main) These configurations '[apicurio.registry.url, apicurio.registry.auto-register, apicurio.registry.use-id, apicurio.registry.artifact-resolver-strategy]' were supplied but are not used yet.
2025-08-07 12:20:44,522 INFO  [org.apa.kaf.com.uti.AppInfoParser] (main) Kafka version: 3.9.1
2025-08-07 12:20:44,522 INFO  [org.apa.kaf.com.uti.AppInfoParser] (main) Kafka commitId: f745dfdcee2b9851
2025-08-07 12:20:44,522 INFO  [org.apa.kaf.com.uti.AppInfoParser] (main) Kafka startTimeMs: 1754569244522
2025-08-07 12:20:44,523 INFO  [io.api.tes.ser.api.SimpleSerdesTesterBuilder$SimpleSerdesTester] (main) Using producer configuration: {apicurio.registry.url=http://registry-app-inmemory.apps.ci419.apicurio-testing.org:80/apis/registry/v3, apicurio.registry.auto-register=true, apicurio.registry.use-id=globalId, apicurio.registry.artifact-resolver-strategy=io.apicurio.registry.serde.strategy.TopicIdStrategy, value.serializer=io.apicurio.registry.serde.avro.AvroKafkaSerializer, request.timeout.ms=5000, acks=all, bootstrap.servers=PLAINTEXT://localhost:32769, connections.max.idle.ms=10000, key.serializer=org.apache.kafka.common.serialization.StringSerializer, client.id=Producer-topic-026d3cfe_7b14_423e_8ede_92f70c62ca4b}
2025-08-07 12:20:44,526 INFO  [io.api.tes.ser.api.SimpleSerdesTesterBuilder$SimpleSerdesTester] (main) Using consumer configuration: {apicurio.registry.use-id=globalId}
2025-08-07 12:20:44,530 INFO  [io.api.tes.ser.api.KafkaSerdesTester] (Thread-600) Sending message {"key11754569244374": "value-0"} to topic topic-026d3cfe_7b14_423e_8ede_92f70c62ca4b
2025-08-07 12:20:44,960 WARN  [org.apa.kaf.cli.NetworkClient] (kafka-producer-network-thread | Producer-topic-026d3cfe_7b14_423e_8ede_92f70c62ca4b) [Producer clientId=Producer-topic-026d3cfe_7b14_423e_8ede_92f70c62ca4b] The metadata response from the cluster reported a recoverable issue with correlation id 1 : {topic-026d3cfe_7b14_423e_8ede_92f70c62ca4b=UNKNOWN_TOPIC_OR_PARTITION}
2025-08-07 12:20:44,961 INFO  [org.apa.kaf.cli.Metadata] (kafka-producer-network-thread | Producer-topic-026d3cfe_7b14_423e_8ede_92f70c62ca4b) [Producer clientId=Producer-topic-026d3cfe_7b14_423e_8ede_92f70c62ca4b] Cluster ID: CeYNmdzmRCaaSk-AVslC4g
2025-08-07 12:20:45,093 INFO  [org.apa.kaf.cli.pro.int.TransactionManager] (kafka-producer-network-thread | Producer-topic-026d3cfe_7b14_423e_8ede_92f70c62ca4b) [Producer clientId=Producer-topic-026d3cfe_7b14_423e_8ede_92f70c62ca4b] ProducerId set to 0 with epoch 0
2025-08-07 12:20:45,214 INFO  [io.api.tes.ser.api.KafkaSerdesTester] (Thread-600) Sending message {"key11754569244374": "value-1"} to topic topic-026d3cfe_7b14_423e_8ede_92f70c62ca4b
2025-08-07 12:20:45,221 INFO  [io.api.tes.ser.api.KafkaSerdesTester] (Thread-600) Sending message {"key11754569244374": "value-2"} to topic topic-026d3cfe_7b14_423e_8ede_92f70c62ca4b
2025-08-07 12:20:45,229 INFO  [io.api.tes.ser.api.KafkaSerdesTester] (Thread-600) Sending message {"key11754569244374": "value-3"} to topic topic-026d3cfe_7b14_423e_8ede_92f70c62ca4b
2025-08-07 12:20:45,235 INFO  [io.api.tes.ser.api.KafkaSerdesTester] (Thread-600) Sending message {"key11754569244374": "value-4"} to topic topic-026d3cfe_7b14_423e_8ede_92f70c62ca4b
2025-08-07 12:20:45,238 INFO  [io.api.tes.ser.api.KafkaSerdesTester] (Thread-600) Sending message {"key11754569244374": "value-5"} to topic topic-026d3cfe_7b14_423e_8ede_92f70c62ca4b
2025-08-07 12:20:45,244 INFO  [io.api.tes.ser.api.KafkaSerdesTester] (Thread-600) Sending message {"key11754569244374": "value-6"} to topic topic-026d3cfe_7b14_423e_8ede_92f70c62ca4b
2025-08-07 12:20:45,249 INFO  [io.api.tes.ser.api.KafkaSerdesTester] (Thread-600) Sending message {"key11754569244374": "value-7"} to topic topic-026d3cfe_7b14_423e_8ede_92f70c62ca4b
2025-08-07 12:20:45,253 INFO  [io.api.tes.ser.api.KafkaSerdesTester] (Thread-600) Sending message {"key11754569244374": "value-8"} to topic topic-026d3cfe_7b14_423e_8ede_92f70c62ca4b
2025-08-07 12:20:45,257 INFO  [io.api.tes.ser.api.KafkaSerdesTester] (Thread-600) Sending message {"key11754569244374": "value-9"} to topic topic-026d3cfe_7b14_423e_8ede_92f70c62ca4b
2025-08-07 12:20:45,261 INFO  [io.api.tes.ser.api.KafkaSerdesTester] (Thread-600) Produced 10 messages
2025-08-07 12:20:45,261 INFO  [org.apa.kaf.cli.pro.KafkaProducer] (Thread-600) [Producer clientId=Producer-topic-026d3cfe_7b14_423e_8ede_92f70c62ca4b] Closing the Kafka producer with timeoutMillis = 9223372036854775807 ms.
2025-08-07 12:20:45,277 INFO  [org.apa.kaf.com.met.Metrics] (Thread-600) Metrics scheduler closed
2025-08-07 12:20:45,277 INFO  [org.apa.kaf.com.met.Metrics] (Thread-600) Closing reporter org.apache.kafka.common.metrics.JmxReporter
2025-08-07 12:20:45,277 INFO  [org.apa.kaf.com.met.Metrics] (Thread-600) Closing reporter org.apache.kafka.common.telemetry.internals.ClientTelemetryReporter
2025-08-07 12:20:45,277 INFO  [org.apa.kaf.com.met.Metrics] (Thread-600) Metrics reporters closed
2025-08-07 12:20:45,280 INFO  [org.apa.kaf.com.uti.AppInfoParser] (Thread-600) App info kafka.producer for Producer-topic-026d3cfe_7b14_423e_8ede_92f70c62ca4b unregistered
**** Registry Base URL: http://registry-app-inmemory.apps.ci419.apicurio-testing.org:80
2025-08-07 12:20:45,326 INFO  [org.apa.kaf.cli.con.ConsumerConfig] (main) ConsumerConfig values: 
	allow.auto.create.topics = true
	auto.commit.interval.ms = 500
	auto.include.jmx.reporter = true
	auto.offset.reset = earliest
	bootstrap.servers = [PLAINTEXT://localhost:32769]
	check.crcs = true
	client.dns.lookup = use_all_dns_ips
	client.id = consumer-Consumer-topic-026d3cfe_7b14_423e_8ede_92f70c62ca4b-1
	client.rack = 
	connections.max.idle.ms = 10000
	default.api.timeout.ms = 60000
	enable.auto.commit = true
	enable.metrics.push = true
	exclude.internal.topics = true
	fetch.max.bytes = 52428800
	fetch.max.wait.ms = 500
	fetch.min.bytes = 1
	group.id = Consumer-topic-026d3cfe_7b14_423e_8ede_92f70c62ca4b
	group.instance.id = null
	group.protocol = classic
	group.remote.assignor = null
	heartbeat.interval.ms = 3000
	interceptor.classes = []
	internal.leave.group.on.close = true
	internal.throw.on.fetch.stable.offset.unsupported = false
	isolation.level = read_uncommitted
	key.deserializer = class org.apache.kafka.common.serialization.StringDeserializer
	max.partition.fetch.bytes = 1048576
	max.poll.interval.ms = 300000
	max.poll.records = 500
	metadata.max.age.ms = 300000
	metadata.recovery.strategy = none
	metric.reporters = []
	metrics.num.samples = 2
	metrics.recording.level = INFO
	metrics.sample.window.ms = 30000
	partition.assignment.strategy = [class org.apache.kafka.clients.consumer.RangeAssignor, class org.apache.kafka.clients.consumer.CooperativeStickyAssignor]
	receive.buffer.bytes = 65536
	reconnect.backoff.max.ms = 1000
	reconnect.backoff.ms = 50
	request.timeout.ms = 5000
	retry.backoff.max.ms = 1000
	retry.backoff.ms = 100
	sasl.client.callback.handler.class = null
	sasl.jaas.config = null
	sasl.kerberos.kinit.cmd = /usr/bin/kinit
	sasl.kerberos.min.time.before.relogin = 60000
	sasl.kerberos.service.name = null
	sasl.kerberos.ticket.renew.jitter = 0.05
	sasl.kerberos.ticket.renew.window.factor = 0.8
	sasl.login.callback.handler.class = null
	sasl.login.class = null
	sasl.login.connect.timeout.ms = null
	sasl.login.read.timeout.ms = null
	sasl.login.refresh.buffer.seconds = 300
	sasl.login.refresh.min.period.seconds = 60
	sasl.login.refresh.window.factor = 0.8
	sasl.login.refresh.window.jitter = 0.05
	sasl.login.retry.backoff.max.ms = 10000
	sasl.login.retry.backoff.ms = 100
	sasl.mechanism = GSSAPI
	sasl.oauthbearer.clock.skew.seconds = 30
	sasl.oauthbearer.expected.audience = null
	sasl.oauthbearer.expected.issuer = null
	sasl.oauthbearer.header.urlencode = false
	sasl.oauthbearer.jwks.endpoint.refresh.ms = 3600000
	sasl.oauthbearer.jwks.endpoint.retry.backoff.max.ms = 10000
	sasl.oauthbearer.jwks.endpoint.retry.backoff.ms = 100
	sasl.oauthbearer.jwks.endpoint.url = null
	sasl.oauthbearer.scope.claim.name = scope
	sasl.oauthbearer.sub.claim.name = sub
	sasl.oauthbearer.token.endpoint.url = null
	security.protocol = PLAINTEXT
	security.providers = null
	send.buffer.bytes = 131072
	session.timeout.ms = 45000
	socket.connection.setup.timeout.max.ms = 30000
	socket.connection.setup.timeout.ms = 10000
	ssl.cipher.suites = null
	ssl.enabled.protocols = [TLSv1.2, TLSv1.3]
	ssl.endpoint.identification.algorithm = https
	ssl.engine.factory.class = null
	ssl.key.password = null
	ssl.keymanager.algorithm = SunX509
	ssl.keystore.certificate.chain = null
	ssl.keystore.key = null
	ssl.keystore.location = null
	ssl.keystore.password = null
	ssl.keystore.type = JKS
	ssl.protocol = TLSv1.3
	ssl.provider = null
	ssl.secure.random.implementation = null
	ssl.trustmanager.algorithm = PKIX
	ssl.truststore.certificates = null
	ssl.truststore.location = null
	ssl.truststore.password = null
	ssl.truststore.type = JKS
	value.deserializer = class io.apicurio.registry.serde.avro.AvroKafkaDeserializer

2025-08-07 12:20:45,337 INFO  [org.apa.kaf.com.tel.int.KafkaMetricsCollector] (main) initializing Kafka metrics collector
2025-08-07 12:20:45,411 INFO  [org.apa.kaf.cli.con.ConsumerConfig] (main) These configurations '[apicurio.registry.url, apicurio.registry.use-id]' were supplied but are not used yet.
2025-08-07 12:20:45,411 INFO  [org.apa.kaf.com.uti.AppInfoParser] (main) Kafka version: 3.9.1
2025-08-07 12:20:45,412 INFO  [org.apa.kaf.com.uti.AppInfoParser] (main) Kafka commitId: f745dfdcee2b9851
2025-08-07 12:20:45,412 INFO  [org.apa.kaf.com.uti.AppInfoParser] (main) Kafka startTimeMs: 1754569245411
2025-08-07 12:20:45,415 INFO  [org.apa.kaf.cli.con.int.ClassicKafkaConsumer] (Thread-603) [Consumer clientId=consumer-Consumer-topic-026d3cfe_7b14_423e_8ede_92f70c62ca4b-1, groupId=Consumer-topic-026d3cfe_7b14_423e_8ede_92f70c62ca4b] Subscribed to topic(s): topic-026d3cfe_7b14_423e_8ede_92f70c62ca4b
2025-08-07 12:20:45,434 INFO  [org.apa.kaf.cli.Metadata] (Thread-603) [Consumer clientId=consumer-Consumer-topic-026d3cfe_7b14_423e_8ede_92f70c62ca4b-1, groupId=Consumer-topic-026d3cfe_7b14_423e_8ede_92f70c62ca4b] Cluster ID: CeYNmdzmRCaaSk-AVslC4g
2025-08-07 12:20:45,594 INFO  [org.apa.kaf.cli.con.int.ConsumerCoordinator] (Thread-603) [Consumer clientId=consumer-Consumer-topic-026d3cfe_7b14_423e_8ede_92f70c62ca4b-1, groupId=Consumer-topic-026d3cfe_7b14_423e_8ede_92f70c62ca4b] Discovered group coordinator localhost:32769 (id: 2147483647 rack: null)
2025-08-07 12:20:45,605 INFO  [org.apa.kaf.cli.con.int.ConsumerCoordinator] (Thread-603) [Consumer clientId=consumer-Consumer-topic-026d3cfe_7b14_423e_8ede_92f70c62ca4b-1, groupId=Consumer-topic-026d3cfe_7b14_423e_8ede_92f70c62ca4b] (Re-)joining group
2025-08-07 12:20:45,646 INFO  [org.apa.kaf.cli.con.int.ConsumerCoordinator] (Thread-603) [Consumer clientId=consumer-Consumer-topic-026d3cfe_7b14_423e_8ede_92f70c62ca4b-1, groupId=Consumer-topic-026d3cfe_7b14_423e_8ede_92f70c62ca4b] Group coordinator localhost:32769 (id: 2147483647 rack: null) is unavailable or invalid due to cause: error response NOT_COORDINATOR. isDisconnected: false. Rediscovery will be attempted.
2025-08-07 12:20:45,647 INFO  [org.apa.kaf.cli.con.int.ConsumerCoordinator] (Thread-603) [Consumer clientId=consumer-Consumer-topic-026d3cfe_7b14_423e_8ede_92f70c62ca4b-1, groupId=Consumer-topic-026d3cfe_7b14_423e_8ede_92f70c62ca4b] Requesting disconnect from last known coordinator localhost:32769 (id: 2147483647 rack: null)
2025-08-07 12:20:45,647 INFO  [org.apa.kaf.cli.con.int.ConsumerCoordinator] (Thread-603) [Consumer clientId=consumer-Consumer-topic-026d3cfe_7b14_423e_8ede_92f70c62ca4b-1, groupId=Consumer-topic-026d3cfe_7b14_423e_8ede_92f70c62ca4b] JoinGroup failed: This is not the correct coordinator. Marking coordinator unknown. Sent generation was Generation{generationId=-1, memberId='', protocol='null'}
2025-08-07 12:20:45,647 INFO  [org.apa.kaf.cli.NetworkClient] (Thread-603) [Consumer clientId=consumer-Consumer-topic-026d3cfe_7b14_423e_8ede_92f70c62ca4b-1, groupId=Consumer-topic-026d3cfe_7b14_423e_8ede_92f70c62ca4b] Client requested disconnect from node 2147483647
2025-08-07 12:20:45,657 INFO  [org.apa.kaf.cli.con.int.ConsumerCoordinator] (Thread-603) [Consumer clientId=consumer-Consumer-topic-026d3cfe_7b14_423e_8ede_92f70c62ca4b-1, groupId=Consumer-topic-026d3cfe_7b14_423e_8ede_92f70c62ca4b] Discovered group coordinator localhost:32769 (id: 2147483647 rack: null)
2025-08-07 12:20:45,657 INFO  [org.apa.kaf.cli.con.int.ConsumerCoordinator] (Thread-603) [Consumer clientId=consumer-Consumer-topic-026d3cfe_7b14_423e_8ede_92f70c62ca4b-1, groupId=Consumer-topic-026d3cfe_7b14_423e_8ede_92f70c62ca4b] Group coordinator localhost:32769 (id: 2147483647 rack: null) is unavailable or invalid due to cause: coordinator unavailable. isDisconnected: false. Rediscovery will be attempted.
2025-08-07 12:20:45,657 INFO  [org.apa.kaf.cli.con.int.ConsumerCoordinator] (Thread-603) [Consumer clientId=consumer-Consumer-topic-026d3cfe_7b14_423e_8ede_92f70c62ca4b-1, groupId=Consumer-topic-026d3cfe_7b14_423e_8ede_92f70c62ca4b] Requesting disconnect from last known coordinator localhost:32769 (id: 2147483647 rack: null)
2025-08-07 12:20:45,753 INFO  [org.apa.kaf.cli.con.int.ConsumerCoordinator] (Thread-603) [Consumer clientId=consumer-Consumer-topic-026d3cfe_7b14_423e_8ede_92f70c62ca4b-1, groupId=Consumer-topic-026d3cfe_7b14_423e_8ede_92f70c62ca4b] Discovered group coordinator localhost:32769 (id: 2147483647 rack: null)
2025-08-07 12:20:45,756 INFO  [org.apa.kaf.cli.con.int.ConsumerCoordinator] (Thread-603) [Consumer clientId=consumer-Consumer-topic-026d3cfe_7b14_423e_8ede_92f70c62ca4b-1, groupId=Consumer-topic-026d3cfe_7b14_423e_8ede_92f70c62ca4b] Request joining group due to: rebalance failed due to 'This is not the correct coordinator.' (NotCoordinatorException)
2025-08-07 12:20:45,757 INFO  [org.apa.kaf.cli.con.int.ConsumerCoordinator] (Thread-603) [Consumer clientId=consumer-Consumer-topic-026d3cfe_7b14_423e_8ede_92f70c62ca4b-1, groupId=Consumer-topic-026d3cfe_7b14_423e_8ede_92f70c62ca4b] (Re-)joining group
2025-08-07 12:20:45,761 INFO  [org.apa.kaf.cli.con.int.ConsumerCoordinator] (Thread-603) [Consumer clientId=consumer-Consumer-topic-026d3cfe_7b14_423e_8ede_92f70c62ca4b-1, groupId=Consumer-topic-026d3cfe_7b14_423e_8ede_92f70c62ca4b] Group coordinator localhost:32769 (id: 2147483647 rack: null) is unavailable or invalid due to cause: error response NOT_COORDINATOR. isDisconnected: false. Rediscovery will be attempted.
2025-08-07 12:20:45,761 INFO  [org.apa.kaf.cli.con.int.ConsumerCoordinator] (Thread-603) [Consumer clientId=consumer-Consumer-topic-026d3cfe_7b14_423e_8ede_92f70c62ca4b-1, groupId=Consumer-topic-026d3cfe_7b14_423e_8ede_92f70c62ca4b] Requesting disconnect from last known coordinator localhost:32769 (id: 2147483647 rack: null)
2025-08-07 12:20:45,761 INFO  [org.apa.kaf.cli.con.int.ConsumerCoordinator] (Thread-603) [Consumer clientId=consumer-Consumer-topic-026d3cfe_7b14_423e_8ede_92f70c62ca4b-1, groupId=Consumer-topic-026d3cfe_7b14_423e_8ede_92f70c62ca4b] JoinGroup failed: This is not the correct coordinator. Marking coordinator unknown. Sent generation was Generation{generationId=-1, memberId='', protocol='null'}
2025-08-07 12:20:45,761 INFO  [org.apa.kaf.cli.NetworkClient] (Thread-603) [Consumer clientId=consumer-Consumer-topic-026d3cfe_7b14_423e_8ede_92f70c62ca4b-1, groupId=Consumer-topic-026d3cfe_7b14_423e_8ede_92f70c62ca4b] Client requested disconnect from node 2147483647
2025-08-07 12:20:45,770 INFO  [org.apa.kaf.cli.con.int.ConsumerCoordinator] (Thread-603) [Consumer clientId=consumer-Consumer-topic-026d3cfe_7b14_423e_8ede_92f70c62ca4b-1, groupId=Consumer-topic-026d3cfe_7b14_423e_8ede_92f70c62ca4b] Discovered group coordinator localhost:32769 (id: 2147483647 rack: null)
2025-08-07 12:20:45,770 INFO  [org.apa.kaf.cli.con.int.ConsumerCoordinator] (Thread-603) [Consumer clientId=consumer-Consumer-topic-026d3cfe_7b14_423e_8ede_92f70c62ca4b-1, groupId=Consumer-topic-026d3cfe_7b14_423e_8ede_92f70c62ca4b] Group coordinator localhost:32769 (id: 2147483647 rack: null) is unavailable or invalid due to cause: coordinator unavailable. isDisconnected: false. Rediscovery will be attempted.
2025-08-07 12:20:45,770 INFO  [org.apa.kaf.cli.con.int.ConsumerCoordinator] (Thread-603) [Consumer clientId=consumer-Consumer-topic-026d3cfe_7b14_423e_8ede_92f70c62ca4b-1, groupId=Consumer-topic-026d3cfe_7b14_423e_8ede_92f70c62ca4b] Requesting disconnect from last known coordinator localhost:32769 (id: 2147483647 rack: null)
2025-08-07 12:20:45,864 INFO  [org.apa.kaf.cli.con.int.ConsumerCoordinator] (Thread-603) [Consumer clientId=consumer-Consumer-topic-026d3cfe_7b14_423e_8ede_92f70c62ca4b-1, groupId=Consumer-topic-026d3cfe_7b14_423e_8ede_92f70c62ca4b] Discovered group coordinator localhost:32769 (id: 2147483647 rack: null)
2025-08-07 12:20:45,865 INFO  [org.apa.kaf.cli.con.int.ConsumerCoordinator] (Thread-603) [Consumer clientId=consumer-Consumer-topic-026d3cfe_7b14_423e_8ede_92f70c62ca4b-1, groupId=Consumer-topic-026d3cfe_7b14_423e_8ede_92f70c62ca4b] Request joining group due to: rebalance failed due to 'This is not the correct coordinator.' (NotCoordinatorException)
2025-08-07 12:20:45,865 INFO  [org.apa.kaf.cli.con.int.ConsumerCoordinator] (Thread-603) [Consumer clientId=consumer-Consumer-topic-026d3cfe_7b14_423e_8ede_92f70c62ca4b-1, groupId=Consumer-topic-026d3cfe_7b14_423e_8ede_92f70c62ca4b] (Re-)joining group
2025-08-07 12:20:45,875 INFO  [org.apa.kaf.cli.con.int.ConsumerCoordinator] (Thread-603) [Consumer clientId=consumer-Consumer-topic-026d3cfe_7b14_423e_8ede_92f70c62ca4b-1, groupId=Consumer-topic-026d3cfe_7b14_423e_8ede_92f70c62ca4b] Group coordinator localhost:32769 (id: 2147483647 rack: null) is unavailable or invalid due to cause: error response NOT_COORDINATOR. isDisconnected: false. Rediscovery will be attempted.
2025-08-07 12:20:45,875 INFO  [org.apa.kaf.cli.con.int.ConsumerCoordinator] (Thread-603) [Consumer clientId=consumer-Consumer-topic-026d3cfe_7b14_423e_8ede_92f70c62ca4b-1, groupId=Consumer-topic-026d3cfe_7b14_423e_8ede_92f70c62ca4b] Requesting disconnect from last known coordinator localhost:32769 (id: 2147483647 rack: null)
2025-08-07 12:20:45,875 INFO  [org.apa.kaf.cli.con.int.ConsumerCoordinator] (Thread-603) [Consumer clientId=consumer-Consumer-topic-026d3cfe_7b14_423e_8ede_92f70c62ca4b-1, groupId=Consumer-topic-026d3cfe_7b14_423e_8ede_92f70c62ca4b] JoinGroup failed: This is not the correct coordinator. Marking coordinator unknown. Sent generation was Generation{generationId=-1, memberId='', protocol='null'}
2025-08-07 12:20:45,876 INFO  [org.apa.kaf.cli.NetworkClient] (Thread-603) [Consumer clientId=consumer-Consumer-topic-026d3cfe_7b14_423e_8ede_92f70c62ca4b-1, groupId=Consumer-topic-026d3cfe_7b14_423e_8ede_92f70c62ca4b] Client requested disconnect from node 2147483647
2025-08-07 12:20:45,882 INFO  [org.apa.kaf.cli.con.int.ConsumerCoordinator] (Thread-603) [Consumer clientId=consumer-Consumer-topic-026d3cfe_7b14_423e_8ede_92f70c62ca4b-1, groupId=Consumer-topic-026d3cfe_7b14_423e_8ede_92f70c62ca4b] Discovered group coordinator localhost:32769 (id: 2147483647 rack: null)
2025-08-07 12:20:45,882 INFO  [org.apa.kaf.cli.con.int.ConsumerCoordinator] (Thread-603) [Consumer clientId=consumer-Consumer-topic-026d3cfe_7b14_423e_8ede_92f70c62ca4b-1, groupId=Consumer-topic-026d3cfe_7b14_423e_8ede_92f70c62ca4b] Group coordinator localhost:32769 (id: 2147483647 rack: null) is unavailable or invalid due to cause: coordinator unavailable. isDisconnected: false. Rediscovery will be attempted.
2025-08-07 12:20:45,882 INFO  [org.apa.kaf.cli.con.int.ConsumerCoordinator] (Thread-603) [Consumer clientId=consumer-Consumer-topic-026d3cfe_7b14_423e_8ede_92f70c62ca4b-1, groupId=Consumer-topic-026d3cfe_7b14_423e_8ede_92f70c62ca4b] Requesting disconnect from last known coordinator localhost:32769 (id: 2147483647 rack: null)
2025-08-07 12:20:45,997 INFO  [org.apa.kaf.cli.con.int.ConsumerCoordinator] (Thread-603) [Consumer clientId=consumer-Consumer-topic-026d3cfe_7b14_423e_8ede_92f70c62ca4b-1, groupId=Consumer-topic-026d3cfe_7b14_423e_8ede_92f70c62ca4b] Discovered group coordinator localhost:32769 (id: 2147483647 rack: null)
2025-08-07 12:20:45,999 INFO  [org.apa.kaf.cli.con.int.ConsumerCoordinator] (Thread-603) [Consumer clientId=consumer-Consumer-topic-026d3cfe_7b14_423e_8ede_92f70c62ca4b-1, groupId=Consumer-topic-026d3cfe_7b14_423e_8ede_92f70c62ca4b] Request joining group due to: rebalance failed due to 'This is not the correct coordinator.' (NotCoordinatorException)
2025-08-07 12:20:46,000 INFO  [org.apa.kaf.cli.con.int.ConsumerCoordinator] (Thread-603) [Consumer clientId=consumer-Consumer-topic-026d3cfe_7b14_423e_8ede_92f70c62ca4b-1, groupId=Consumer-topic-026d3cfe_7b14_423e_8ede_92f70c62ca4b] (Re-)joining group
2025-08-07 12:20:46,005 INFO  [org.apa.kaf.cli.con.int.ConsumerCoordinator] (Thread-603) [Consumer clientId=consumer-Consumer-topic-026d3cfe_7b14_423e_8ede_92f70c62ca4b-1, groupId=Consumer-topic-026d3cfe_7b14_423e_8ede_92f70c62ca4b] Group coordinator localhost:32769 (id: 2147483647 rack: null) is unavailable or invalid due to cause: error response NOT_COORDINATOR. isDisconnected: false. Rediscovery will be attempted.
2025-08-07 12:20:46,005 INFO  [org.apa.kaf.cli.con.int.ConsumerCoordinator] (Thread-603) [Consumer clientId=consumer-Consumer-topic-026d3cfe_7b14_423e_8ede_92f70c62ca4b-1, groupId=Consumer-topic-026d3cfe_7b14_423e_8ede_92f70c62ca4b] Requesting disconnect from last known coordinator localhost:32769 (id: 2147483647 rack: null)
2025-08-07 12:20:46,006 INFO  [org.apa.kaf.cli.con.int.ConsumerCoordinator] (Thread-603) [Consumer clientId=consumer-Consumer-topic-026d3cfe_7b14_423e_8ede_92f70c62ca4b-1, groupId=Consumer-topic-026d3cfe_7b14_423e_8ede_92f70c62ca4b] JoinGroup failed: This is not the correct coordinator. Marking coordinator unknown. Sent generation was Generation{generationId=-1, memberId='', protocol='null'}
2025-08-07 12:20:46,006 INFO  [org.apa.kaf.cli.NetworkClient] (Thread-603) [Consumer clientId=consumer-Consumer-topic-026d3cfe_7b14_423e_8ede_92f70c62ca4b-1, groupId=Consumer-topic-026d3cfe_7b14_423e_8ede_92f70c62ca4b] Client requested disconnect from node 2147483647
2025-08-07 12:20:46,009 INFO  [org.apa.kaf.cli.con.int.ConsumerCoordinator] (Thread-603) [Consumer clientId=consumer-Consumer-topic-026d3cfe_7b14_423e_8ede_92f70c62ca4b-1, groupId=Consumer-topic-026d3cfe_7b14_423e_8ede_92f70c62ca4b] Discovered group coordinator localhost:32769 (id: 2147483647 rack: null)
2025-08-07 12:20:46,009 INFO  [org.apa.kaf.cli.con.int.ConsumerCoordinator] (Thread-603) [Consumer clientId=consumer-Consumer-topic-026d3cfe_7b14_423e_8ede_92f70c62ca4b-1, groupId=Consumer-topic-026d3cfe_7b14_423e_8ede_92f70c62ca4b] Group coordinator localhost:32769 (id: 2147483647 rack: null) is unavailable or invalid due to cause: coordinator unavailable. isDisconnected: false. Rediscovery will be attempted.
2025-08-07 12:20:46,009 INFO  [org.apa.kaf.cli.con.int.ConsumerCoordinator] (Thread-603) [Consumer clientId=consumer-Consumer-topic-026d3cfe_7b14_423e_8ede_92f70c62ca4b-1, groupId=Consumer-topic-026d3cfe_7b14_423e_8ede_92f70c62ca4b] Requesting disconnect from last known coordinator localhost:32769 (id: 2147483647 rack: null)
2025-08-07 12:20:46,111 INFO  [org.apa.kaf.cli.con.int.ConsumerCoordinator] (Thread-603) [Consumer clientId=consumer-Consumer-topic-026d3cfe_7b14_423e_8ede_92f70c62ca4b-1, groupId=Consumer-topic-026d3cfe_7b14_423e_8ede_92f70c62ca4b] Discovered group coordinator localhost:32769 (id: 2147483647 rack: null)
2025-08-07 12:20:46,112 INFO  [org.apa.kaf.cli.con.int.ConsumerCoordinator] (Thread-603) [Consumer clientId=consumer-Consumer-topic-026d3cfe_7b14_423e_8ede_92f70c62ca4b-1, groupId=Consumer-topic-026d3cfe_7b14_423e_8ede_92f70c62ca4b] Request joining group due to: rebalance failed due to 'This is not the correct coordinator.' (NotCoordinatorException)
2025-08-07 12:20:46,114 INFO  [org.apa.kaf.cli.con.int.ConsumerCoordinator] (Thread-603) [Consumer clientId=consumer-Consumer-topic-026d3cfe_7b14_423e_8ede_92f70c62ca4b-1, groupId=Consumer-topic-026d3cfe_7b14_423e_8ede_92f70c62ca4b] (Re-)joining group
2025-08-07 12:20:46,124 INFO  [org.apa.kaf.cli.con.int.ConsumerCoordinator] (Thread-603) [Consumer clientId=consumer-Consumer-topic-026d3cfe_7b14_423e_8ede_92f70c62ca4b-1, groupId=Consumer-topic-026d3cfe_7b14_423e_8ede_92f70c62ca4b] Request joining group due to: need to re-join with the given member-id: consumer-Consumer-topic-026d3cfe_7b14_423e_8ede_92f70c62ca4b-1-96f752c3-f98d-4484-89ef-8bc852e6e86d
2025-08-07 12:20:46,124 INFO  [org.apa.kaf.cli.con.int.ConsumerCoordinator] (Thread-603) [Consumer clientId=consumer-Consumer-topic-026d3cfe_7b14_423e_8ede_92f70c62ca4b-1, groupId=Consumer-topic-026d3cfe_7b14_423e_8ede_92f70c62ca4b] (Re-)joining group
2025-08-07 12:20:46,416 INFO  [io.api.tes.ser.api.KafkaSerdesTester] (Thread-603) None found
2025-08-07 12:20:47,417 INFO  [io.api.tes.ser.api.KafkaSerdesTester] (Thread-603) None found
2025-08-07 12:20:48,418 INFO  [io.api.tes.ser.api.KafkaSerdesTester] (Thread-603) None found
2025-08-07 12:20:49,143 INFO  [org.apa.kaf.cli.con.int.ConsumerCoordinator] (Thread-603) [Consumer clientId=consumer-Consumer-topic-026d3cfe_7b14_423e_8ede_92f70c62ca4b-1, groupId=Consumer-topic-026d3cfe_7b14_423e_8ede_92f70c62ca4b] Successfully joined group with generation Generation{generationId=1, memberId='consumer-Consumer-topic-026d3cfe_7b14_423e_8ede_92f70c62ca4b-1-96f752c3-f98d-4484-89ef-8bc852e6e86d', protocol='range'}
2025-08-07 12:20:49,152 INFO  [org.apa.kaf.cli.con.int.ConsumerCoordinator] (Thread-603) [Consumer clientId=consumer-Consumer-topic-026d3cfe_7b14_423e_8ede_92f70c62ca4b-1, groupId=Consumer-topic-026d3cfe_7b14_423e_8ede_92f70c62ca4b] Finished assignment for group at generation 1: {consumer-Consumer-topic-026d3cfe_7b14_423e_8ede_92f70c62ca4b-1-96f752c3-f98d-4484-89ef-8bc852e6e86d=Assignment(partitions=[topic-026d3cfe_7b14_423e_8ede_92f70c62ca4b-0])}
2025-08-07 12:20:49,173 INFO  [org.apa.kaf.cli.con.int.ConsumerCoordinator] (Thread-603) [Consumer clientId=consumer-Consumer-topic-026d3cfe_7b14_423e_8ede_92f70c62ca4b-1, groupId=Consumer-topic-026d3cfe_7b14_423e_8ede_92f70c62ca4b] Successfully synced group in generation Generation{generationId=1, memberId='consumer-Consumer-topic-026d3cfe_7b14_423e_8ede_92f70c62ca4b-1-96f752c3-f98d-4484-89ef-8bc852e6e86d', protocol='range'}
2025-08-07 12:20:49,174 INFO  [org.apa.kaf.cli.con.int.ConsumerCoordinator] (Thread-603) [Consumer clientId=consumer-Consumer-topic-026d3cfe_7b14_423e_8ede_92f70c62ca4b-1, groupId=Consumer-topic-026d3cfe_7b14_423e_8ede_92f70c62ca4b] Notifying assignor about the new Assignment(partitions=[topic-026d3cfe_7b14_423e_8ede_92f70c62ca4b-0])
2025-08-07 12:20:49,179 INFO  [org.apa.kaf.cli.con.int.ConsumerRebalanceListenerInvoker] (Thread-603) [Consumer clientId=consumer-Consumer-topic-026d3cfe_7b14_423e_8ede_92f70c62ca4b-1, groupId=Consumer-topic-026d3cfe_7b14_423e_8ede_92f70c62ca4b] Adding newly assigned partitions: topic-026d3cfe_7b14_423e_8ede_92f70c62ca4b-0
2025-08-07 12:20:49,206 INFO  [org.apa.kaf.cli.con.int.ConsumerCoordinator] (Thread-603) [Consumer clientId=consumer-Consumer-topic-026d3cfe_7b14_423e_8ede_92f70c62ca4b-1, groupId=Consumer-topic-026d3cfe_7b14_423e_8ede_92f70c62ca4b] Found no committed offset for partition topic-026d3cfe_7b14_423e_8ede_92f70c62ca4b-0
2025-08-07 12:20:49,242 INFO  [org.apa.kaf.cli.con.int.SubscriptionState] (Thread-603) [Consumer clientId=consumer-Consumer-topic-026d3cfe_7b14_423e_8ede_92f70c62ca4b-1, groupId=Consumer-topic-026d3cfe_7b14_423e_8ede_92f70c62ca4b] Resetting offset for partition topic-026d3cfe_7b14_423e_8ede_92f70c62ca4b-0 to position FetchPosition{offset=0, offsetEpoch=Optional.empty, currentLeader=LeaderAndEpoch{leader=Optional[localhost:32769 (id: 0 rack: null)], epoch=0}}.
2025-08-07 12:20:49,363 INFO  [io.api.tes.ser.api.KafkaSerdesTester] (Thread-603) topic-026d3cfe_7b14_423e_8ede_92f70c62ca4b 0 0 {"key11754569244374": "value-0"}
2025-08-07 12:20:49,363 INFO  [io.api.tes.ser.api.KafkaSerdesTester] (Thread-603) topic-026d3cfe_7b14_423e_8ede_92f70c62ca4b 0 1 {"key11754569244374": "value-1"}
2025-08-07 12:20:49,363 INFO  [io.api.tes.ser.api.KafkaSerdesTester] (Thread-603) topic-026d3cfe_7b14_423e_8ede_92f70c62ca4b 0 2 {"key11754569244374": "value-2"}
2025-08-07 12:20:49,363 INFO  [io.api.tes.ser.api.KafkaSerdesTester] (Thread-603) topic-026d3cfe_7b14_423e_8ede_92f70c62ca4b 0 3 {"key11754569244374": "value-3"}
2025-08-07 12:20:49,365 INFO  [io.api.tes.ser.api.KafkaSerdesTester] (Thread-603) topic-026d3cfe_7b14_423e_8ede_92f70c62ca4b 0 4 {"key11754569244374": "value-4"}
2025-08-07 12:20:49,365 INFO  [io.api.tes.ser.api.KafkaSerdesTester] (Thread-603) topic-026d3cfe_7b14_423e_8ede_92f70c62ca4b 0 5 {"key11754569244374": "value-5"}
2025-08-07 12:20:49,366 INFO  [io.api.tes.ser.api.KafkaSerdesTester] (Thread-603) topic-026d3cfe_7b14_423e_8ede_92f70c62ca4b 0 6 {"key11754569244374": "value-6"}
2025-08-07 12:20:49,366 INFO  [io.api.tes.ser.api.KafkaSerdesTester] (Thread-603) topic-026d3cfe_7b14_423e_8ede_92f70c62ca4b 0 7 {"key11754569244374": "value-7"}
2025-08-07 12:20:49,366 INFO  [io.api.tes.ser.api.KafkaSerdesTester] (Thread-603) topic-026d3cfe_7b14_423e_8ede_92f70c62ca4b 0 8 {"key11754569244374": "value-8"}
2025-08-07 12:20:49,366 INFO  [io.api.tes.ser.api.KafkaSerdesTester] (Thread-603) topic-026d3cfe_7b14_423e_8ede_92f70c62ca4b 0 9 {"key11754569244374": "value-9"}
2025-08-07 12:20:49,366 INFO  [io.api.tes.ser.api.KafkaSerdesTester] (Thread-603) Consumed 10 messages
2025-08-07 12:20:49,391 INFO  [org.apa.kaf.cli.con.int.ConsumerRebalanceListenerInvoker] (Thread-603) [Consumer clientId=consumer-Consumer-topic-026d3cfe_7b14_423e_8ede_92f70c62ca4b-1, groupId=Consumer-topic-026d3cfe_7b14_423e_8ede_92f70c62ca4b] Revoke previously assigned partitions topic-026d3cfe_7b14_423e_8ede_92f70c62ca4b-0
2025-08-07 12:20:49,392 INFO  [org.apa.kaf.cli.con.int.ConsumerCoordinator] (Thread-603) [Consumer clientId=consumer-Consumer-topic-026d3cfe_7b14_423e_8ede_92f70c62ca4b-1, groupId=Consumer-topic-026d3cfe_7b14_423e_8ede_92f70c62ca4b] Member consumer-Consumer-topic-026d3cfe_7b14_423e_8ede_92f70c62ca4b-1-96f752c3-f98d-4484-89ef-8bc852e6e86d sending LeaveGroup request to coordinator localhost:32769 (id: 2147483647 rack: null) due to the consumer is being closed
2025-08-07 12:20:49,393 INFO  [org.apa.kaf.cli.con.int.ConsumerCoordinator] (Thread-603) [Consumer clientId=consumer-Consumer-topic-026d3cfe_7b14_423e_8ede_92f70c62ca4b-1, groupId=Consumer-topic-026d3cfe_7b14_423e_8ede_92f70c62ca4b] Resetting generation and member id due to: consumer pro-actively leaving the group
2025-08-07 12:20:49,393 INFO  [org.apa.kaf.cli.con.int.ConsumerCoordinator] (Thread-603) [Consumer clientId=consumer-Consumer-topic-026d3cfe_7b14_423e_8ede_92f70c62ca4b-1, groupId=Consumer-topic-026d3cfe_7b14_423e_8ede_92f70c62ca4b] Request joining group due to: consumer pro-actively leaving the group
2025-08-07 12:20:49,885 INFO  [org.apa.kaf.com.met.Metrics] (Thread-603) Metrics scheduler closed
2025-08-07 12:20:49,885 INFO  [org.apa.kaf.com.met.Metrics] (Thread-603) Closing reporter org.apache.kafka.common.metrics.JmxReporter
2025-08-07 12:20:49,885 INFO  [org.apa.kaf.com.met.Metrics] (Thread-603) Closing reporter org.apache.kafka.common.telemetry.internals.ClientTelemetryReporter
2025-08-07 12:20:49,885 INFO  [org.apa.kaf.com.met.Metrics] (Thread-603) Metrics reporters closed
2025-08-07 12:20:49,896 INFO  [org.apa.kaf.com.uti.AppInfoParser] (Thread-603) App info kafka.consumer for consumer-Consumer-topic-026d3cfe_7b14_423e_8ede_92f70c62ca4b-1 unregistered
2025-08-07 12:20:49,897 INFO  [io.api.tes.uti.TestSeparator] (main) io.apicurio.tests.serdes.apicurio.AvroSerdeIT.testGlobalIdInHeaders-FINISHED
2025-08-07 12:20:49,897 INFO  [io.api.tes.uti.TestSeparator] (main) ############################################################################
Test passed: testGlobalIdInHeaders
]]></system-out>
  </testcase>
  <testcase name="testSimpleTopicIdStrategyFindLatest" classname="io.apicurio.tests.serdes.apicurio.AvroSerdeIT" time="4.79">
    <system-out><![CDATA[2025-08-07 12:20:49,909 INFO  [io.api.tes.uti.TestSeparator] (main) ############################################################################
2025-08-07 12:20:49,910 INFO  [io.api.tes.uti.TestSeparator] (main) io.apicurio.tests.serdes.apicurio.AvroSerdeIT.testSimpleTopicIdStrategyFindLatest-STARTED
2025-08-07 12:20:49,912 INFO  [io.api.tes.ser.api.AvroSerdeIT] (main) Registering Avro Schema: {"type":"record","name":"myrecordapicurio1","fields":[{"name":"key11754569249911","type":"string"}]}
**** Registry Base URL: http://registry-app-inmemory.apps.ci419.apicurio-testing.org:80
2025-08-07 12:20:50,955 INFO  [org.apa.kaf.cli.pro.ProducerConfig] (main) ProducerConfig values: 
	acks = -1
	auto.include.jmx.reporter = true
	batch.size = 16384
	bootstrap.servers = [PLAINTEXT://localhost:32769]
	buffer.memory = 33554432
	client.dns.lookup = use_all_dns_ips
	client.id = Producer-topic-c8c77c28_c04a_4662_8619_bd6c56041e83
	compression.gzip.level = -1
	compression.lz4.level = 9
	compression.type = none
	compression.zstd.level = 3
	connections.max.idle.ms = 10000
	delivery.timeout.ms = 120000
	enable.idempotence = true
	enable.metrics.push = true
	interceptor.classes = []
	key.serializer = class org.apache.kafka.common.serialization.StringSerializer
	linger.ms = 0
	max.block.ms = 60000
	max.in.flight.requests.per.connection = 5
	max.request.size = 1048576
	metadata.max.age.ms = 300000
	metadata.max.idle.ms = 300000
	metadata.recovery.strategy = none
	metric.reporters = []
	metrics.num.samples = 2
	metrics.recording.level = INFO
	metrics.sample.window.ms = 30000
	partitioner.adaptive.partitioning.enable = true
	partitioner.availability.timeout.ms = 0
	partitioner.class = null
	partitioner.ignore.keys = false
	receive.buffer.bytes = 32768
	reconnect.backoff.max.ms = 1000
	reconnect.backoff.ms = 50
	request.timeout.ms = 5000
	retries = 2147483647
	retry.backoff.max.ms = 1000
	retry.backoff.ms = 100
	sasl.client.callback.handler.class = null
	sasl.jaas.config = null
	sasl.kerberos.kinit.cmd = /usr/bin/kinit
	sasl.kerberos.min.time.before.relogin = 60000
	sasl.kerberos.service.name = null
	sasl.kerberos.ticket.renew.jitter = 0.05
	sasl.kerberos.ticket.renew.window.factor = 0.8
	sasl.login.callback.handler.class = null
	sasl.login.class = null
	sasl.login.connect.timeout.ms = null
	sasl.login.read.timeout.ms = null
	sasl.login.refresh.buffer.seconds = 300
	sasl.login.refresh.min.period.seconds = 60
	sasl.login.refresh.window.factor = 0.8
	sasl.login.refresh.window.jitter = 0.05
	sasl.login.retry.backoff.max.ms = 10000
	sasl.login.retry.backoff.ms = 100
	sasl.mechanism = GSSAPI
	sasl.oauthbearer.clock.skew.seconds = 30
	sasl.oauthbearer.expected.audience = null
	sasl.oauthbearer.expected.issuer = null
	sasl.oauthbearer.header.urlencode = false
	sasl.oauthbearer.jwks.endpoint.refresh.ms = 3600000
	sasl.oauthbearer.jwks.endpoint.retry.backoff.max.ms = 10000
	sasl.oauthbearer.jwks.endpoint.retry.backoff.ms = 100
	sasl.oauthbearer.jwks.endpoint.url = null
	sasl.oauthbearer.scope.claim.name = scope
	sasl.oauthbearer.sub.claim.name = sub
	sasl.oauthbearer.token.endpoint.url = null
	security.protocol = PLAINTEXT
	security.providers = null
	send.buffer.bytes = 131072
	socket.connection.setup.timeout.max.ms = 30000
	socket.connection.setup.timeout.ms = 10000
	ssl.cipher.suites = null
	ssl.enabled.protocols = [TLSv1.2, TLSv1.3]
	ssl.endpoint.identification.algorithm = https
	ssl.engine.factory.class = null
	ssl.key.password = null
	ssl.keymanager.algorithm = SunX509
	ssl.keystore.certificate.chain = null
	ssl.keystore.key = null
	ssl.keystore.location = null
	ssl.keystore.password = null
	ssl.keystore.type = JKS
	ssl.protocol = TLSv1.3
	ssl.provider = null
	ssl.secure.random.implementation = null
	ssl.trustmanager.algorithm = PKIX
	ssl.truststore.certificates = null
	ssl.truststore.location = null
	ssl.truststore.password = null
	ssl.truststore.type = JKS
	transaction.timeout.ms = 60000
	transactional.id = null
	value.serializer = class io.apicurio.registry.serde.avro.AvroKafkaSerializer

2025-08-07 12:20:50,955 INFO  [org.apa.kaf.com.tel.int.KafkaMetricsCollector] (main) initializing Kafka metrics collector
2025-08-07 12:20:50,959 INFO  [org.apa.kaf.cli.pro.KafkaProducer] (main) [Producer clientId=Producer-topic-c8c77c28_c04a_4662_8619_bd6c56041e83] Instantiated an idempotent producer.
2025-08-07 12:20:50,964 INFO  [org.apa.kaf.cli.pro.ProducerConfig] (main) These configurations '[apicurio.registry.find-latest, apicurio.registry.artifact.group-id, apicurio.registry.url, apicurio.registry.artifact-resolver-strategy]' were supplied but are not used yet.
2025-08-07 12:20:50,965 INFO  [org.apa.kaf.com.uti.AppInfoParser] (main) Kafka version: 3.9.1
2025-08-07 12:20:50,965 INFO  [org.apa.kaf.com.uti.AppInfoParser] (main) Kafka commitId: f745dfdcee2b9851
2025-08-07 12:20:50,965 INFO  [org.apa.kaf.com.uti.AppInfoParser] (main) Kafka startTimeMs: 1754569250965
2025-08-07 12:20:50,965 INFO  [io.api.tes.ser.api.SimpleSerdesTesterBuilder$SimpleSerdesTester] (main) Using producer configuration: {apicurio.registry.find-latest=true, apicurio.registry.artifact.group-id=topic-c8c77c28_c04a_4662_8619_bd6c56041e83, apicurio.registry.url=http://registry-app-inmemory.apps.ci419.apicurio-testing.org:80/apis/registry/v3, apicurio.registry.artifact-resolver-strategy=io.apicurio.registry.serde.strategy.SimpleTopicIdStrategy, value.serializer=io.apicurio.registry.serde.avro.AvroKafkaSerializer, request.timeout.ms=5000, acks=all, bootstrap.servers=PLAINTEXT://localhost:32769, connections.max.idle.ms=10000, key.serializer=org.apache.kafka.common.serialization.StringSerializer, client.id=Producer-topic-c8c77c28_c04a_4662_8619_bd6c56041e83}
2025-08-07 12:20:50,965 INFO  [io.api.tes.ser.api.SimpleSerdesTesterBuilder$SimpleSerdesTester] (main) Using consumer configuration: {}
2025-08-07 12:20:50,970 INFO  [io.api.tes.ser.api.KafkaSerdesTester] (Thread-606) Sending message {"key11754569249911": "value-0"} to topic topic-c8c77c28_c04a_4662_8619_bd6c56041e83
2025-08-07 12:20:50,973 INFO  [org.apa.kaf.cli.Metadata] (kafka-producer-network-thread | Producer-topic-c8c77c28_c04a_4662_8619_bd6c56041e83) [Producer clientId=Producer-topic-c8c77c28_c04a_4662_8619_bd6c56041e83] Cluster ID: CeYNmdzmRCaaSk-AVslC4g
2025-08-07 12:20:50,977 INFO  [org.apa.kaf.cli.pro.int.TransactionManager] (kafka-producer-network-thread | Producer-topic-c8c77c28_c04a_4662_8619_bd6c56041e83) [Producer clientId=Producer-topic-c8c77c28_c04a_4662_8619_bd6c56041e83] ProducerId set to 1 with epoch 0
2025-08-07 12:20:51,032 INFO  [io.api.tes.ser.api.KafkaSerdesTester] (Thread-606) Sending message {"key11754569249911": "value-1"} to topic topic-c8c77c28_c04a_4662_8619_bd6c56041e83
2025-08-07 12:20:51,040 INFO  [io.api.tes.ser.api.KafkaSerdesTester] (Thread-606) Sending message {"key11754569249911": "value-2"} to topic topic-c8c77c28_c04a_4662_8619_bd6c56041e83
2025-08-07 12:20:51,044 INFO  [io.api.tes.ser.api.KafkaSerdesTester] (Thread-606) Sending message {"key11754569249911": "value-3"} to topic topic-c8c77c28_c04a_4662_8619_bd6c56041e83
2025-08-07 12:20:51,046 INFO  [io.api.tes.ser.api.KafkaSerdesTester] (Thread-606) Sending message {"key11754569249911": "value-4"} to topic topic-c8c77c28_c04a_4662_8619_bd6c56041e83
2025-08-07 12:20:51,049 INFO  [io.api.tes.ser.api.KafkaSerdesTester] (Thread-606) Sending message {"key11754569249911": "value-5"} to topic topic-c8c77c28_c04a_4662_8619_bd6c56041e83
2025-08-07 12:20:51,053 INFO  [io.api.tes.ser.api.KafkaSerdesTester] (Thread-606) Sending message {"key11754569249911": "value-6"} to topic topic-c8c77c28_c04a_4662_8619_bd6c56041e83
2025-08-07 12:20:51,056 INFO  [io.api.tes.ser.api.KafkaSerdesTester] (Thread-606) Sending message {"key11754569249911": "value-7"} to topic topic-c8c77c28_c04a_4662_8619_bd6c56041e83
2025-08-07 12:20:51,062 INFO  [io.api.tes.ser.api.KafkaSerdesTester] (Thread-606) Sending message {"key11754569249911": "value-8"} to topic topic-c8c77c28_c04a_4662_8619_bd6c56041e83
2025-08-07 12:20:51,066 INFO  [io.api.tes.ser.api.KafkaSerdesTester] (Thread-606) Sending message {"key11754569249911": "value-9"} to topic topic-c8c77c28_c04a_4662_8619_bd6c56041e83
2025-08-07 12:20:51,070 INFO  [io.api.tes.ser.api.KafkaSerdesTester] (Thread-606) Produced 10 messages
2025-08-07 12:20:51,070 INFO  [org.apa.kaf.cli.pro.KafkaProducer] (Thread-606) [Producer clientId=Producer-topic-c8c77c28_c04a_4662_8619_bd6c56041e83] Closing the Kafka producer with timeoutMillis = 9223372036854775807 ms.
2025-08-07 12:20:51,077 INFO  [org.apa.kaf.com.met.Metrics] (Thread-606) Metrics scheduler closed
2025-08-07 12:20:51,077 INFO  [org.apa.kaf.com.met.Metrics] (Thread-606) Closing reporter org.apache.kafka.common.metrics.JmxReporter
2025-08-07 12:20:51,077 INFO  [org.apa.kaf.com.met.Metrics] (Thread-606) Closing reporter org.apache.kafka.common.telemetry.internals.ClientTelemetryReporter
2025-08-07 12:20:51,077 INFO  [org.apa.kaf.com.met.Metrics] (Thread-606) Metrics reporters closed
2025-08-07 12:20:51,079 INFO  [org.apa.kaf.com.uti.AppInfoParser] (Thread-606) App info kafka.producer for Producer-topic-c8c77c28_c04a_4662_8619_bd6c56041e83 unregistered
**** Registry Base URL: http://registry-app-inmemory.apps.ci419.apicurio-testing.org:80
2025-08-07 12:20:51,080 INFO  [org.apa.kaf.cli.con.ConsumerConfig] (main) ConsumerConfig values: 
	allow.auto.create.topics = true
	auto.commit.interval.ms = 500
	auto.include.jmx.reporter = true
	auto.offset.reset = earliest
	bootstrap.servers = [PLAINTEXT://localhost:32769]
	check.crcs = true
	client.dns.lookup = use_all_dns_ips
	client.id = consumer-Consumer-topic-c8c77c28_c04a_4662_8619_bd6c56041e83-2
	client.rack = 
	connections.max.idle.ms = 10000
	default.api.timeout.ms = 60000
	enable.auto.commit = true
	enable.metrics.push = true
	exclude.internal.topics = true
	fetch.max.bytes = 52428800
	fetch.max.wait.ms = 500
	fetch.min.bytes = 1
	group.id = Consumer-topic-c8c77c28_c04a_4662_8619_bd6c56041e83
	group.instance.id = null
	group.protocol = classic
	group.remote.assignor = null
	heartbeat.interval.ms = 3000
	interceptor.classes = []
	internal.leave.group.on.close = true
	internal.throw.on.fetch.stable.offset.unsupported = false
	isolation.level = read_uncommitted
	key.deserializer = class org.apache.kafka.common.serialization.StringDeserializer
	max.partition.fetch.bytes = 1048576
	max.poll.interval.ms = 300000
	max.poll.records = 500
	metadata.max.age.ms = 300000
	metadata.recovery.strategy = none
	metric.reporters = []
	metrics.num.samples = 2
	metrics.recording.level = INFO
	metrics.sample.window.ms = 30000
	partition.assignment.strategy = [class org.apache.kafka.clients.consumer.RangeAssignor, class org.apache.kafka.clients.consumer.CooperativeStickyAssignor]
	receive.buffer.bytes = 65536
	reconnect.backoff.max.ms = 1000
	reconnect.backoff.ms = 50
	request.timeout.ms = 5000
	retry.backoff.max.ms = 1000
	retry.backoff.ms = 100
	sasl.client.callback.handler.class = null
	sasl.jaas.config = null
	sasl.kerberos.kinit.cmd = /usr/bin/kinit
	sasl.kerberos.min.time.before.relogin = 60000
	sasl.kerberos.service.name = null
	sasl.kerberos.ticket.renew.jitter = 0.05
	sasl.kerberos.ticket.renew.window.factor = 0.8
	sasl.login.callback.handler.class = null
	sasl.login.class = null
	sasl.login.connect.timeout.ms = null
	sasl.login.read.timeout.ms = null
	sasl.login.refresh.buffer.seconds = 300
	sasl.login.refresh.min.period.seconds = 60
	sasl.login.refresh.window.factor = 0.8
	sasl.login.refresh.window.jitter = 0.05
	sasl.login.retry.backoff.max.ms = 10000
	sasl.login.retry.backoff.ms = 100
	sasl.mechanism = GSSAPI
	sasl.oauthbearer.clock.skew.seconds = 30
	sasl.oauthbearer.expected.audience = null
	sasl.oauthbearer.expected.issuer = null
	sasl.oauthbearer.header.urlencode = false
	sasl.oauthbearer.jwks.endpoint.refresh.ms = 3600000
	sasl.oauthbearer.jwks.endpoint.retry.backoff.max.ms = 10000
	sasl.oauthbearer.jwks.endpoint.retry.backoff.ms = 100
	sasl.oauthbearer.jwks.endpoint.url = null
	sasl.oauthbearer.scope.claim.name = scope
	sasl.oauthbearer.sub.claim.name = sub
	sasl.oauthbearer.token.endpoint.url = null
	security.protocol = PLAINTEXT
	security.providers = null
	send.buffer.bytes = 131072
	session.timeout.ms = 45000
	socket.connection.setup.timeout.max.ms = 30000
	socket.connection.setup.timeout.ms = 10000
	ssl.cipher.suites = null
	ssl.enabled.protocols = [TLSv1.2, TLSv1.3]
	ssl.endpoint.identification.algorithm = https
	ssl.engine.factory.class = null
	ssl.key.password = null
	ssl.keymanager.algorithm = SunX509
	ssl.keystore.certificate.chain = null
	ssl.keystore.key = null
	ssl.keystore.location = null
	ssl.keystore.password = null
	ssl.keystore.type = JKS
	ssl.protocol = TLSv1.3
	ssl.provider = null
	ssl.secure.random.implementation = null
	ssl.trustmanager.algorithm = PKIX
	ssl.truststore.certificates = null
	ssl.truststore.location = null
	ssl.truststore.password = null
	ssl.truststore.type = JKS
	value.deserializer = class io.apicurio.registry.serde.avro.AvroKafkaDeserializer

2025-08-07 12:20:51,080 INFO  [org.apa.kaf.com.tel.int.KafkaMetricsCollector] (main) initializing Kafka metrics collector
2025-08-07 12:20:51,094 INFO  [org.apa.kaf.cli.con.ConsumerConfig] (main) These configurations '[apicurio.registry.url]' were supplied but are not used yet.
2025-08-07 12:20:51,095 INFO  [org.apa.kaf.com.uti.AppInfoParser] (main) Kafka version: 3.9.1
2025-08-07 12:20:51,095 INFO  [org.apa.kaf.com.uti.AppInfoParser] (main) Kafka commitId: f745dfdcee2b9851
2025-08-07 12:20:51,096 INFO  [org.apa.kaf.com.uti.AppInfoParser] (main) Kafka startTimeMs: 1754569251094
2025-08-07 12:20:51,097 INFO  [org.apa.kaf.cli.con.int.ClassicKafkaConsumer] (Thread-609) [Consumer clientId=consumer-Consumer-topic-c8c77c28_c04a_4662_8619_bd6c56041e83-2, groupId=Consumer-topic-c8c77c28_c04a_4662_8619_bd6c56041e83] Subscribed to topic(s): topic-c8c77c28_c04a_4662_8619_bd6c56041e83
2025-08-07 12:20:51,104 INFO  [org.apa.kaf.cli.Metadata] (Thread-609) [Consumer clientId=consumer-Consumer-topic-c8c77c28_c04a_4662_8619_bd6c56041e83-2, groupId=Consumer-topic-c8c77c28_c04a_4662_8619_bd6c56041e83] Cluster ID: CeYNmdzmRCaaSk-AVslC4g
2025-08-07 12:20:51,107 INFO  [org.apa.kaf.cli.con.int.ConsumerCoordinator] (Thread-609) [Consumer clientId=consumer-Consumer-topic-c8c77c28_c04a_4662_8619_bd6c56041e83-2, groupId=Consumer-topic-c8c77c28_c04a_4662_8619_bd6c56041e83] Discovered group coordinator localhost:32769 (id: 2147483647 rack: null)
2025-08-07 12:20:51,109 INFO  [org.apa.kaf.cli.con.int.ConsumerCoordinator] (Thread-609) [Consumer clientId=consumer-Consumer-topic-c8c77c28_c04a_4662_8619_bd6c56041e83-2, groupId=Consumer-topic-c8c77c28_c04a_4662_8619_bd6c56041e83] (Re-)joining group
2025-08-07 12:20:51,114 INFO  [org.apa.kaf.cli.con.int.ConsumerCoordinator] (Thread-609) [Consumer clientId=consumer-Consumer-topic-c8c77c28_c04a_4662_8619_bd6c56041e83-2, groupId=Consumer-topic-c8c77c28_c04a_4662_8619_bd6c56041e83] Request joining group due to: need to re-join with the given member-id: consumer-Consumer-topic-c8c77c28_c04a_4662_8619_bd6c56041e83-2-52037fde-2911-4957-8ae6-abd36c56c712
2025-08-07 12:20:51,115 INFO  [org.apa.kaf.cli.con.int.ConsumerCoordinator] (Thread-609) [Consumer clientId=consumer-Consumer-topic-c8c77c28_c04a_4662_8619_bd6c56041e83-2, groupId=Consumer-topic-c8c77c28_c04a_4662_8619_bd6c56041e83] (Re-)joining group
2025-08-07 12:20:52,097 INFO  [io.api.tes.ser.api.KafkaSerdesTester] (Thread-609) None found
2025-08-07 12:20:53,097 INFO  [io.api.tes.ser.api.KafkaSerdesTester] (Thread-609) None found
2025-08-07 12:20:54,098 INFO  [io.api.tes.ser.api.KafkaSerdesTester] (Thread-609) None found
2025-08-07 12:20:54,118 INFO  [org.apa.kaf.cli.con.int.ConsumerCoordinator] (Thread-609) [Consumer clientId=consumer-Consumer-topic-c8c77c28_c04a_4662_8619_bd6c56041e83-2, groupId=Consumer-topic-c8c77c28_c04a_4662_8619_bd6c56041e83] Successfully joined group with generation Generation{generationId=1, memberId='consumer-Consumer-topic-c8c77c28_c04a_4662_8619_bd6c56041e83-2-52037fde-2911-4957-8ae6-abd36c56c712', protocol='range'}
2025-08-07 12:20:54,118 INFO  [org.apa.kaf.cli.con.int.ConsumerCoordinator] (Thread-609) [Consumer clientId=consumer-Consumer-topic-c8c77c28_c04a_4662_8619_bd6c56041e83-2, groupId=Consumer-topic-c8c77c28_c04a_4662_8619_bd6c56041e83] Finished assignment for group at generation 1: {consumer-Consumer-topic-c8c77c28_c04a_4662_8619_bd6c56041e83-2-52037fde-2911-4957-8ae6-abd36c56c712=Assignment(partitions=[topic-c8c77c28_c04a_4662_8619_bd6c56041e83-0])}
2025-08-07 12:20:54,127 INFO  [org.apa.kaf.cli.con.int.ConsumerCoordinator] (kafka-coordinator-heartbeat-thread | Consumer-topic-c8c77c28_c04a_4662_8619_bd6c56041e83) [Consumer clientId=consumer-Consumer-topic-c8c77c28_c04a_4662_8619_bd6c56041e83-2, groupId=Consumer-topic-c8c77c28_c04a_4662_8619_bd6c56041e83] Successfully synced group in generation Generation{generationId=1, memberId='consumer-Consumer-topic-c8c77c28_c04a_4662_8619_bd6c56041e83-2-52037fde-2911-4957-8ae6-abd36c56c712', protocol='range'}
2025-08-07 12:20:54,127 INFO  [org.apa.kaf.cli.con.int.ConsumerCoordinator] (Thread-609) [Consumer clientId=consumer-Consumer-topic-c8c77c28_c04a_4662_8619_bd6c56041e83-2, groupId=Consumer-topic-c8c77c28_c04a_4662_8619_bd6c56041e83] Notifying assignor about the new Assignment(partitions=[topic-c8c77c28_c04a_4662_8619_bd6c56041e83-0])
2025-08-07 12:20:54,127 INFO  [org.apa.kaf.cli.con.int.ConsumerRebalanceListenerInvoker] (Thread-609) [Consumer clientId=consumer-Consumer-topic-c8c77c28_c04a_4662_8619_bd6c56041e83-2, groupId=Consumer-topic-c8c77c28_c04a_4662_8619_bd6c56041e83] Adding newly assigned partitions: topic-c8c77c28_c04a_4662_8619_bd6c56041e83-0
2025-08-07 12:20:54,130 INFO  [org.apa.kaf.cli.con.int.ConsumerCoordinator] (Thread-609) [Consumer clientId=consumer-Consumer-topic-c8c77c28_c04a_4662_8619_bd6c56041e83-2, groupId=Consumer-topic-c8c77c28_c04a_4662_8619_bd6c56041e83] Found no committed offset for partition topic-c8c77c28_c04a_4662_8619_bd6c56041e83-0
2025-08-07 12:20:54,136 INFO  [org.apa.kaf.cli.con.int.SubscriptionState] (Thread-609) [Consumer clientId=consumer-Consumer-topic-c8c77c28_c04a_4662_8619_bd6c56041e83-2, groupId=Consumer-topic-c8c77c28_c04a_4662_8619_bd6c56041e83] Resetting offset for partition topic-c8c77c28_c04a_4662_8619_bd6c56041e83-0 to position FetchPosition{offset=0, offsetEpoch=Optional.empty, currentLeader=LeaderAndEpoch{leader=Optional[localhost:32769 (id: 0 rack: null)], epoch=0}}.
2025-08-07 12:20:54,173 INFO  [io.api.tes.ser.api.KafkaSerdesTester] (Thread-609) topic-c8c77c28_c04a_4662_8619_bd6c56041e83 0 0 {"key11754569249911": "value-0"}
2025-08-07 12:20:54,173 INFO  [io.api.tes.ser.api.KafkaSerdesTester] (Thread-609) topic-c8c77c28_c04a_4662_8619_bd6c56041e83 0 1 {"key11754569249911": "value-1"}
2025-08-07 12:20:54,173 INFO  [io.api.tes.ser.api.KafkaSerdesTester] (Thread-609) topic-c8c77c28_c04a_4662_8619_bd6c56041e83 0 2 {"key11754569249911": "value-2"}
2025-08-07 12:20:54,173 INFO  [io.api.tes.ser.api.KafkaSerdesTester] (Thread-609) topic-c8c77c28_c04a_4662_8619_bd6c56041e83 0 3 {"key11754569249911": "value-3"}
2025-08-07 12:20:54,173 INFO  [io.api.tes.ser.api.KafkaSerdesTester] (Thread-609) topic-c8c77c28_c04a_4662_8619_bd6c56041e83 0 4 {"key11754569249911": "value-4"}
2025-08-07 12:20:54,173 INFO  [io.api.tes.ser.api.KafkaSerdesTester] (Thread-609) topic-c8c77c28_c04a_4662_8619_bd6c56041e83 0 5 {"key11754569249911": "value-5"}
2025-08-07 12:20:54,173 INFO  [io.api.tes.ser.api.KafkaSerdesTester] (Thread-609) topic-c8c77c28_c04a_4662_8619_bd6c56041e83 0 6 {"key11754569249911": "value-6"}
2025-08-07 12:20:54,174 INFO  [io.api.tes.ser.api.KafkaSerdesTester] (Thread-609) topic-c8c77c28_c04a_4662_8619_bd6c56041e83 0 7 {"key11754569249911": "value-7"}
2025-08-07 12:20:54,177 INFO  [io.api.tes.ser.api.KafkaSerdesTester] (Thread-609) topic-c8c77c28_c04a_4662_8619_bd6c56041e83 0 8 {"key11754569249911": "value-8"}
2025-08-07 12:20:54,177 INFO  [io.api.tes.ser.api.KafkaSerdesTester] (Thread-609) topic-c8c77c28_c04a_4662_8619_bd6c56041e83 0 9 {"key11754569249911": "value-9"}
2025-08-07 12:20:54,177 INFO  [io.api.tes.ser.api.KafkaSerdesTester] (Thread-609) Consumed 10 messages
2025-08-07 12:20:54,185 INFO  [org.apa.kaf.cli.con.int.ConsumerRebalanceListenerInvoker] (Thread-609) [Consumer clientId=consumer-Consumer-topic-c8c77c28_c04a_4662_8619_bd6c56041e83-2, groupId=Consumer-topic-c8c77c28_c04a_4662_8619_bd6c56041e83] Revoke previously assigned partitions topic-c8c77c28_c04a_4662_8619_bd6c56041e83-0
2025-08-07 12:20:54,185 INFO  [org.apa.kaf.cli.con.int.ConsumerCoordinator] (Thread-609) [Consumer clientId=consumer-Consumer-topic-c8c77c28_c04a_4662_8619_bd6c56041e83-2, groupId=Consumer-topic-c8c77c28_c04a_4662_8619_bd6c56041e83] Member consumer-Consumer-topic-c8c77c28_c04a_4662_8619_bd6c56041e83-2-52037fde-2911-4957-8ae6-abd36c56c712 sending LeaveGroup request to coordinator localhost:32769 (id: 2147483647 rack: null) due to the consumer is being closed
2025-08-07 12:20:54,186 INFO  [org.apa.kaf.cli.con.int.ConsumerCoordinator] (Thread-609) [Consumer clientId=consumer-Consumer-topic-c8c77c28_c04a_4662_8619_bd6c56041e83-2, groupId=Consumer-topic-c8c77c28_c04a_4662_8619_bd6c56041e83] Resetting generation and member id due to: consumer pro-actively leaving the group
2025-08-07 12:20:54,186 INFO  [org.apa.kaf.cli.con.int.ConsumerCoordinator] (Thread-609) [Consumer clientId=consumer-Consumer-topic-c8c77c28_c04a_4662_8619_bd6c56041e83-2, groupId=Consumer-topic-c8c77c28_c04a_4662_8619_bd6c56041e83] Request joining group due to: consumer pro-actively leaving the group
2025-08-07 12:20:54,679 INFO  [org.apa.kaf.com.met.Metrics] (Thread-609) Metrics scheduler closed
2025-08-07 12:20:54,679 INFO  [org.apa.kaf.com.met.Metrics] (Thread-609) Closing reporter org.apache.kafka.common.metrics.JmxReporter
2025-08-07 12:20:54,679 INFO  [org.apa.kaf.com.met.Metrics] (Thread-609) Closing reporter org.apache.kafka.common.telemetry.internals.ClientTelemetryReporter
2025-08-07 12:20:54,679 INFO  [org.apa.kaf.com.met.Metrics] (Thread-609) Metrics reporters closed
2025-08-07 12:20:54,687 INFO  [org.apa.kaf.com.uti.AppInfoParser] (Thread-609) App info kafka.consumer for consumer-Consumer-topic-c8c77c28_c04a_4662_8619_bd6c56041e83-2 unregistered
2025-08-07 12:20:54,688 INFO  [io.api.tes.uti.TestSeparator] (main) io.apicurio.tests.serdes.apicurio.AvroSerdeIT.testSimpleTopicIdStrategyFindLatest-FINISHED
2025-08-07 12:20:54,688 INFO  [io.api.tes.uti.TestSeparator] (main) ############################################################################
Test passed: testSimpleTopicIdStrategyFindLatest
]]></system-out>
  </testcase>
  <testcase name="testWrongSchema" classname="io.apicurio.tests.serdes.apicurio.AvroSerdeIT" time="1.102">
    <system-out><![CDATA[2025-08-07 12:20:54,690 INFO  [io.api.tes.uti.TestSeparator] (main) ############################################################################
2025-08-07 12:20:54,690 INFO  [io.api.tes.uti.TestSeparator] (main) io.apicurio.tests.serdes.apicurio.AvroSerdeIT.testWrongSchema-STARTED
**** Registry Base URL: http://registry-app-inmemory.apps.ci419.apicurio-testing.org:80
2025-08-07 12:20:55,725 INFO  [org.apa.kaf.cli.pro.ProducerConfig] (main) ProducerConfig values: 
	acks = -1
	auto.include.jmx.reporter = true
	batch.size = 16384
	bootstrap.servers = [PLAINTEXT://localhost:32769]
	buffer.memory = 33554432
	client.dns.lookup = use_all_dns_ips
	client.id = Producer-s68e62c62xc06bx43f2x95cbx0a3988a09e4f
	compression.gzip.level = -1
	compression.lz4.level = 9
	compression.type = none
	compression.zstd.level = 3
	connections.max.idle.ms = 10000
	delivery.timeout.ms = 120000
	enable.idempotence = true
	enable.metrics.push = true
	interceptor.classes = []
	key.serializer = class org.apache.kafka.common.serialization.StringSerializer
	linger.ms = 0
	max.block.ms = 60000
	max.in.flight.requests.per.connection = 5
	max.request.size = 1048576
	metadata.max.age.ms = 300000
	metadata.max.idle.ms = 300000
	metadata.recovery.strategy = none
	metric.reporters = []
	metrics.num.samples = 2
	metrics.recording.level = INFO
	metrics.sample.window.ms = 30000
	partitioner.adaptive.partitioning.enable = true
	partitioner.availability.timeout.ms = 0
	partitioner.class = null
	partitioner.ignore.keys = false
	receive.buffer.bytes = 32768
	reconnect.backoff.max.ms = 1000
	reconnect.backoff.ms = 50
	request.timeout.ms = 5000
	retries = 2147483647
	retry.backoff.max.ms = 1000
	retry.backoff.ms = 100
	sasl.client.callback.handler.class = null
	sasl.jaas.config = null
	sasl.kerberos.kinit.cmd = /usr/bin/kinit
	sasl.kerberos.min.time.before.relogin = 60000
	sasl.kerberos.service.name = null
	sasl.kerberos.ticket.renew.jitter = 0.05
	sasl.kerberos.ticket.renew.window.factor = 0.8
	sasl.login.callback.handler.class = null
	sasl.login.class = null
	sasl.login.connect.timeout.ms = null
	sasl.login.read.timeout.ms = null
	sasl.login.refresh.buffer.seconds = 300
	sasl.login.refresh.min.period.seconds = 60
	sasl.login.refresh.window.factor = 0.8
	sasl.login.refresh.window.jitter = 0.05
	sasl.login.retry.backoff.max.ms = 10000
	sasl.login.retry.backoff.ms = 100
	sasl.mechanism = GSSAPI
	sasl.oauthbearer.clock.skew.seconds = 30
	sasl.oauthbearer.expected.audience = null
	sasl.oauthbearer.expected.issuer = null
	sasl.oauthbearer.header.urlencode = false
	sasl.oauthbearer.jwks.endpoint.refresh.ms = 3600000
	sasl.oauthbearer.jwks.endpoint.retry.backoff.max.ms = 10000
	sasl.oauthbearer.jwks.endpoint.retry.backoff.ms = 100
	sasl.oauthbearer.jwks.endpoint.url = null
	sasl.oauthbearer.scope.claim.name = scope
	sasl.oauthbearer.sub.claim.name = sub
	sasl.oauthbearer.token.endpoint.url = null
	security.protocol = PLAINTEXT
	security.providers = null
	send.buffer.bytes = 131072
	socket.connection.setup.timeout.max.ms = 30000
	socket.connection.setup.timeout.ms = 10000
	ssl.cipher.suites = null
	ssl.enabled.protocols = [TLSv1.2, TLSv1.3]
	ssl.endpoint.identification.algorithm = https
	ssl.engine.factory.class = null
	ssl.key.password = null
	ssl.keymanager.algorithm = SunX509
	ssl.keystore.certificate.chain = null
	ssl.keystore.key = null
	ssl.keystore.location = null
	ssl.keystore.password = null
	ssl.keystore.type = JKS
	ssl.protocol = TLSv1.3
	ssl.provider = null
	ssl.secure.random.implementation = null
	ssl.trustmanager.algorithm = PKIX
	ssl.truststore.certificates = null
	ssl.truststore.location = null
	ssl.truststore.password = null
	ssl.truststore.type = JKS
	transaction.timeout.ms = 60000
	transactional.id = null
	value.serializer = class io.apicurio.registry.serde.avro.AvroKafkaSerializer

2025-08-07 12:20:55,725 INFO  [org.apa.kaf.com.tel.int.KafkaMetricsCollector] (main) initializing Kafka metrics collector
2025-08-07 12:20:55,729 INFO  [org.apa.kaf.cli.pro.KafkaProducer] (main) [Producer clientId=Producer-s68e62c62xc06bx43f2x95cbx0a3988a09e4f] Instantiated an idempotent producer.
2025-08-07 12:20:55,733 INFO  [org.apa.kaf.cli.pro.ProducerConfig] (main) These configurations '[apicurio.registry.find-latest, apicurio.registry.url, apicurio.registry.artifact-resolver-strategy]' were supplied but are not used yet.
2025-08-07 12:20:55,733 INFO  [org.apa.kaf.com.uti.AppInfoParser] (main) Kafka version: 3.9.1
2025-08-07 12:20:55,733 INFO  [org.apa.kaf.com.uti.AppInfoParser] (main) Kafka commitId: f745dfdcee2b9851
2025-08-07 12:20:55,733 INFO  [org.apa.kaf.com.uti.AppInfoParser] (main) Kafka startTimeMs: 1754569255733
2025-08-07 12:20:55,735 INFO  [io.api.tes.ser.api.KafkaSerdesTester] (Thread-612) Sending message {"keyB": "value-0"} to topic s68e62c62xc06bx43f2x95cbx0a3988a09e4f
2025-08-07 12:20:55,742 INFO  [org.apa.kaf.cli.Metadata] (kafka-producer-network-thread | Producer-s68e62c62xc06bx43f2x95cbx0a3988a09e4f) [Producer clientId=Producer-s68e62c62xc06bx43f2x95cbx0a3988a09e4f] Cluster ID: CeYNmdzmRCaaSk-AVslC4g
2025-08-07 12:20:55,744 INFO  [org.apa.kaf.cli.pro.int.TransactionManager] (kafka-producer-network-thread | Producer-s68e62c62xc06bx43f2x95cbx0a3988a09e4f) [Producer clientId=Producer-s68e62c62xc06bx43f2x95cbx0a3988a09e4f] ProducerId set to 2 with epoch 0
2025-08-07 12:20:55,784 INFO  [org.apa.kaf.cli.pro.KafkaProducer] (Thread-612) [Producer clientId=Producer-s68e62c62xc06bx43f2x95cbx0a3988a09e4f] Closing the Kafka producer with timeoutMillis = 9223372036854775807 ms.
2025-08-07 12:20:55,789 INFO  [org.apa.kaf.com.met.Metrics] (Thread-612) Metrics scheduler closed
2025-08-07 12:20:55,789 INFO  [org.apa.kaf.com.met.Metrics] (Thread-612) Closing reporter org.apache.kafka.common.metrics.JmxReporter
2025-08-07 12:20:55,789 INFO  [org.apa.kaf.com.met.Metrics] (Thread-612) Closing reporter org.apache.kafka.common.telemetry.internals.ClientTelemetryReporter
2025-08-07 12:20:55,789 INFO  [org.apa.kaf.com.met.Metrics] (Thread-612) Metrics reporters closed
2025-08-07 12:20:55,790 INFO  [org.apa.kaf.com.uti.AppInfoParser] (Thread-612) App info kafka.producer for Producer-s68e62c62xc06bx43f2x95cbx0a3988a09e4f unregistered
2025-08-07 12:20:55,791 INFO  [io.api.tes.uti.TestSeparator] (main) io.apicurio.tests.serdes.apicurio.AvroSerdeIT.testWrongSchema-FINISHED
2025-08-07 12:20:55,791 INFO  [io.api.tes.uti.TestSeparator] (main) ############################################################################
Test passed: testWrongSchema
]]></system-out>
    <system-err><![CDATA[io.apicurio.registry.rest.client.models.ProblemDetails
	at io.apicurio.registry.rest.client.models.ProblemDetails.createFromDiscriminatorValue(ProblemDetails.java:58)
	at io.kiota.serialization.json.JsonParseNode.getObjectValue(JsonParseNode.java:247)
	at io.kiota.http.vertx.VertXRequestAdapter.lambda$throwIfFailedResponse$0(VertXRequestAdapter.java:400)
	at com.microsoft.kiota.ApiExceptionBuilder.<init>(ApiExceptionBuilder.java:26)
	at io.kiota.http.vertx.VertXRequestAdapter.throwIfFailedResponse(VertXRequestAdapter.java:399)
	at io.kiota.http.vertx.VertXRequestAdapter.send(VertXRequestAdapter.java:170)
	at io.apicurio.registry.rest.client.groups.item.artifacts.item.versions.item.WithVersionExpressionItemRequestBuilder.get(WithVersionExpressionItemRequestBuilder.java:128)
	at io.apicurio.registry.rest.client.groups.item.artifacts.item.versions.item.WithVersionExpressionItemRequestBuilder.get(WithVersionExpressionItemRequestBuilder.java:111)
	at io.apicurio.registry.resolver.client.RegistryClientFacadeImpl.getVersionCoordinatesByGAV(RegistryClientFacadeImpl.java:159)
	at io.apicurio.registry.resolver.DefaultSchemaResolver.resolveByCoordinates(DefaultSchemaResolver.java:352)
	at io.apicurio.registry.resolver.DefaultSchemaResolver.lambda$resolveSchemaByArtifactReferenceCached$6(DefaultSchemaResolver.java:340)
	at io.apicurio.registry.resolver.cache.ERCache.lambda$getValue$0(ERCache.java:174)
	at io.apicurio.registry.resolver.cache.ERCache.retry(ERCache.java:227)
	at io.apicurio.registry.resolver.cache.ERCache.getValue(ERCache.java:173)
	at io.apicurio.registry.resolver.cache.ERCache.getByArtifactCoordinates(ERCache.java:158)
	at io.apicurio.registry.resolver.DefaultSchemaResolver.resolveSchemaByArtifactReferenceCached(DefaultSchemaResolver.java:338)
	at io.apicurio.registry.resolver.DefaultSchemaResolver.resolveSchemaByCoordinates(DefaultSchemaResolver.java:193)
	at io.apicurio.registry.resolver.DefaultSchemaResolver.getSchemaFromRegistry(DefaultSchemaResolver.java:130)
	at io.apicurio.registry.resolver.DefaultSchemaResolver.lambda$resolveSchema$0(DefaultSchemaResolver.java:84)
	at java.base/java.util.Optional.orElseGet(Optional.java:364)
	at io.apicurio.registry.resolver.DefaultSchemaResolver.resolveSchema(DefaultSchemaResolver.java:84)
	at io.apicurio.registry.serde.AbstractSerializer.serializeData(AbstractSerializer.java:62)
	at io.apicurio.registry.serde.KafkaSerializer.serialize(KafkaSerializer.java:77)
	at org.apache.kafka.clients.producer.KafkaProducer.doSend(KafkaProducer.java:1046)
	at org.apache.kafka.clients.producer.KafkaProducer.send(KafkaProducer.java:993)
	at org.apache.kafka.clients.producer.KafkaProducer.send(KafkaProducer.java:875)
	at io.apicurio.tests.serdes.apicurio.KafkaSerdesTester.lambda$produceMessages$3(KafkaSerdesTester.java:138)
	at java.base/java.util.concurrent.CompletableFuture$AsyncSupply.run(CompletableFuture.java:1768)
	at java.base/java.lang.Thread.run(Thread.java:840)
]]></system-err>
  </testcase>
  <testcase name="testAvroJSON" classname="io.apicurio.tests.serdes.apicurio.AvroSerdeIT" time="3.776">
    <system-out><![CDATA[2025-08-07 12:20:55,796 INFO  [io.api.tes.uti.TestSeparator] (main) ############################################################################
2025-08-07 12:20:55,796 INFO  [io.api.tes.uti.TestSeparator] (main) io.apicurio.tests.serdes.apicurio.AvroSerdeIT.testAvroJSON-STARTED
**** Registry Base URL: http://registry-app-inmemory.apps.ci419.apicurio-testing.org:80
2025-08-07 12:20:55,802 INFO  [org.apa.kaf.cli.pro.ProducerConfig] (main) ProducerConfig values: 
	acks = -1
	auto.include.jmx.reporter = true
	batch.size = 16384
	bootstrap.servers = [PLAINTEXT://localhost:32769]
	buffer.memory = 33554432
	client.dns.lookup = use_all_dns_ips
	client.id = Producer-topic-900c2d32_e1af_4b38_87bf_a2aa030c3c34
	compression.gzip.level = -1
	compression.lz4.level = 9
	compression.type = none
	compression.zstd.level = 3
	connections.max.idle.ms = 10000
	delivery.timeout.ms = 120000
	enable.idempotence = true
	enable.metrics.push = true
	interceptor.classes = []
	key.serializer = class org.apache.kafka.common.serialization.StringSerializer
	linger.ms = 0
	max.block.ms = 60000
	max.in.flight.requests.per.connection = 5
	max.request.size = 1048576
	metadata.max.age.ms = 300000
	metadata.max.idle.ms = 300000
	metadata.recovery.strategy = none
	metric.reporters = []
	metrics.num.samples = 2
	metrics.recording.level = INFO
	metrics.sample.window.ms = 30000
	partitioner.adaptive.partitioning.enable = true
	partitioner.availability.timeout.ms = 0
	partitioner.class = null
	partitioner.ignore.keys = false
	receive.buffer.bytes = 32768
	reconnect.backoff.max.ms = 1000
	reconnect.backoff.ms = 50
	request.timeout.ms = 5000
	retries = 2147483647
	retry.backoff.max.ms = 1000
	retry.backoff.ms = 100
	sasl.client.callback.handler.class = null
	sasl.jaas.config = null
	sasl.kerberos.kinit.cmd = /usr/bin/kinit
	sasl.kerberos.min.time.before.relogin = 60000
	sasl.kerberos.service.name = null
	sasl.kerberos.ticket.renew.jitter = 0.05
	sasl.kerberos.ticket.renew.window.factor = 0.8
	sasl.login.callback.handler.class = null
	sasl.login.class = null
	sasl.login.connect.timeout.ms = null
	sasl.login.read.timeout.ms = null
	sasl.login.refresh.buffer.seconds = 300
	sasl.login.refresh.min.period.seconds = 60
	sasl.login.refresh.window.factor = 0.8
	sasl.login.refresh.window.jitter = 0.05
	sasl.login.retry.backoff.max.ms = 10000
	sasl.login.retry.backoff.ms = 100
	sasl.mechanism = GSSAPI
	sasl.oauthbearer.clock.skew.seconds = 30
	sasl.oauthbearer.expected.audience = null
	sasl.oauthbearer.expected.issuer = null
	sasl.oauthbearer.header.urlencode = false
	sasl.oauthbearer.jwks.endpoint.refresh.ms = 3600000
	sasl.oauthbearer.jwks.endpoint.retry.backoff.max.ms = 10000
	sasl.oauthbearer.jwks.endpoint.retry.backoff.ms = 100
	sasl.oauthbearer.jwks.endpoint.url = null
	sasl.oauthbearer.scope.claim.name = scope
	sasl.oauthbearer.sub.claim.name = sub
	sasl.oauthbearer.token.endpoint.url = null
	security.protocol = PLAINTEXT
	security.providers = null
	send.buffer.bytes = 131072
	socket.connection.setup.timeout.max.ms = 30000
	socket.connection.setup.timeout.ms = 10000
	ssl.cipher.suites = null
	ssl.enabled.protocols = [TLSv1.2, TLSv1.3]
	ssl.endpoint.identification.algorithm = https
	ssl.engine.factory.class = null
	ssl.key.password = null
	ssl.keymanager.algorithm = SunX509
	ssl.keystore.certificate.chain = null
	ssl.keystore.key = null
	ssl.keystore.location = null
	ssl.keystore.password = null
	ssl.keystore.type = JKS
	ssl.protocol = TLSv1.3
	ssl.provider = null
	ssl.secure.random.implementation = null
	ssl.trustmanager.algorithm = PKIX
	ssl.truststore.certificates = null
	ssl.truststore.location = null
	ssl.truststore.password = null
	ssl.truststore.type = JKS
	transaction.timeout.ms = 60000
	transactional.id = null
	value.serializer = class io.apicurio.registry.serde.avro.AvroKafkaSerializer

2025-08-07 12:20:55,808 INFO  [org.apa.kaf.com.tel.int.KafkaMetricsCollector] (main) initializing Kafka metrics collector
2025-08-07 12:20:55,816 INFO  [org.apa.kaf.cli.pro.KafkaProducer] (main) [Producer clientId=Producer-topic-900c2d32_e1af_4b38_87bf_a2aa030c3c34] Instantiated an idempotent producer.
2025-08-07 12:20:55,821 INFO  [org.apa.kaf.cli.pro.ProducerConfig] (main) These configurations '[apicurio.registry.avro.encoding, apicurio.registry.url, apicurio.registry.auto-register, apicurio.registry.artifact-resolver-strategy]' were supplied but are not used yet.
2025-08-07 12:20:55,821 INFO  [org.apa.kaf.com.uti.AppInfoParser] (main) Kafka version: 3.9.1
2025-08-07 12:20:55,821 INFO  [org.apa.kaf.com.uti.AppInfoParser] (main) Kafka commitId: f745dfdcee2b9851
2025-08-07 12:20:55,821 INFO  [org.apa.kaf.com.uti.AppInfoParser] (main) Kafka startTimeMs: 1754569255821
2025-08-07 12:20:55,821 INFO  [io.api.tes.ser.api.SimpleSerdesTesterBuilder$SimpleSerdesTester] (main) Using producer configuration: {apicurio.registry.avro.encoding=JSON, apicurio.registry.url=http://registry-app-inmemory.apps.ci419.apicurio-testing.org:80/apis/registry/v3, apicurio.registry.auto-register=true, apicurio.registry.artifact-resolver-strategy=io.apicurio.registry.serde.strategy.TopicIdStrategy, value.serializer=io.apicurio.registry.serde.avro.AvroKafkaSerializer, request.timeout.ms=5000, acks=all, bootstrap.servers=PLAINTEXT://localhost:32769, connections.max.idle.ms=10000, key.serializer=org.apache.kafka.common.serialization.StringSerializer, client.id=Producer-topic-900c2d32_e1af_4b38_87bf_a2aa030c3c34}
2025-08-07 12:20:55,822 INFO  [io.api.tes.ser.api.SimpleSerdesTesterBuilder$SimpleSerdesTester] (main) Using consumer configuration: {apicurio.registry.avro.encoding=JSON}
2025-08-07 12:20:55,827 INFO  [io.api.tes.ser.api.KafkaSerdesTester] (Thread-615) Sending message {"bar": "value-0"} to topic topic-900c2d32_e1af_4b38_87bf_a2aa030c3c34
2025-08-07 12:20:55,828 INFO  [org.apa.kaf.cli.Metadata] (kafka-producer-network-thread | Producer-topic-900c2d32_e1af_4b38_87bf_a2aa030c3c34) [Producer clientId=Producer-topic-900c2d32_e1af_4b38_87bf_a2aa030c3c34] Cluster ID: CeYNmdzmRCaaSk-AVslC4g
2025-08-07 12:20:55,830 INFO  [org.apa.kaf.cli.pro.int.TransactionManager] (kafka-producer-network-thread | Producer-topic-900c2d32_e1af_4b38_87bf_a2aa030c3c34) [Producer clientId=Producer-topic-900c2d32_e1af_4b38_87bf_a2aa030c3c34] ProducerId set to 3 with epoch 0
2025-08-07 12:20:55,888 INFO  [io.api.tes.ser.api.KafkaSerdesTester] (Thread-615) Sending message {"bar": "value-1"} to topic topic-900c2d32_e1af_4b38_87bf_a2aa030c3c34
2025-08-07 12:20:55,892 INFO  [io.api.tes.ser.api.KafkaSerdesTester] (Thread-615) Sending message {"bar": "value-2"} to topic topic-900c2d32_e1af_4b38_87bf_a2aa030c3c34
2025-08-07 12:20:55,896 INFO  [io.api.tes.ser.api.KafkaSerdesTester] (Thread-615) Sending message {"bar": "value-3"} to topic topic-900c2d32_e1af_4b38_87bf_a2aa030c3c34
2025-08-07 12:20:55,899 INFO  [io.api.tes.ser.api.KafkaSerdesTester] (Thread-615) Sending message {"bar": "value-4"} to topic topic-900c2d32_e1af_4b38_87bf_a2aa030c3c34
2025-08-07 12:20:55,903 INFO  [io.api.tes.ser.api.KafkaSerdesTester] (Thread-615) Sending message {"bar": "value-5"} to topic topic-900c2d32_e1af_4b38_87bf_a2aa030c3c34
2025-08-07 12:20:55,908 INFO  [io.api.tes.ser.api.KafkaSerdesTester] (Thread-615) Sending message {"bar": "value-6"} to topic topic-900c2d32_e1af_4b38_87bf_a2aa030c3c34
2025-08-07 12:20:55,913 INFO  [io.api.tes.ser.api.KafkaSerdesTester] (Thread-615) Sending message {"bar": "value-7"} to topic topic-900c2d32_e1af_4b38_87bf_a2aa030c3c34
2025-08-07 12:20:55,916 INFO  [io.api.tes.ser.api.KafkaSerdesTester] (Thread-615) Sending message {"bar": "value-8"} to topic topic-900c2d32_e1af_4b38_87bf_a2aa030c3c34
2025-08-07 12:20:55,919 INFO  [io.api.tes.ser.api.KafkaSerdesTester] (Thread-615) Sending message {"bar": "value-9"} to topic topic-900c2d32_e1af_4b38_87bf_a2aa030c3c34
2025-08-07 12:20:55,923 INFO  [io.api.tes.ser.api.KafkaSerdesTester] (Thread-615) Produced 10 messages
2025-08-07 12:20:55,924 INFO  [org.apa.kaf.cli.pro.KafkaProducer] (Thread-615) [Producer clientId=Producer-topic-900c2d32_e1af_4b38_87bf_a2aa030c3c34] Closing the Kafka producer with timeoutMillis = 9223372036854775807 ms.
2025-08-07 12:20:55,928 INFO  [org.apa.kaf.com.met.Metrics] (Thread-615) Metrics scheduler closed
2025-08-07 12:20:55,928 INFO  [org.apa.kaf.com.met.Metrics] (Thread-615) Closing reporter org.apache.kafka.common.metrics.JmxReporter
2025-08-07 12:20:55,928 INFO  [org.apa.kaf.com.met.Metrics] (Thread-615) Closing reporter org.apache.kafka.common.telemetry.internals.ClientTelemetryReporter
2025-08-07 12:20:55,928 INFO  [org.apa.kaf.com.met.Metrics] (Thread-615) Metrics reporters closed
2025-08-07 12:20:55,928 INFO  [org.apa.kaf.com.uti.AppInfoParser] (Thread-615) App info kafka.producer for Producer-topic-900c2d32_e1af_4b38_87bf_a2aa030c3c34 unregistered
**** Registry Base URL: http://registry-app-inmemory.apps.ci419.apicurio-testing.org:80
2025-08-07 12:20:55,950 INFO  [org.apa.kaf.cli.con.ConsumerConfig] (main) ConsumerConfig values: 
	allow.auto.create.topics = true
	auto.commit.interval.ms = 500
	auto.include.jmx.reporter = true
	auto.offset.reset = earliest
	bootstrap.servers = [PLAINTEXT://localhost:32769]
	check.crcs = true
	client.dns.lookup = use_all_dns_ips
	client.id = consumer-Consumer-topic-900c2d32_e1af_4b38_87bf_a2aa030c3c34-3
	client.rack = 
	connections.max.idle.ms = 10000
	default.api.timeout.ms = 60000
	enable.auto.commit = true
	enable.metrics.push = true
	exclude.internal.topics = true
	fetch.max.bytes = 52428800
	fetch.max.wait.ms = 500
	fetch.min.bytes = 1
	group.id = Consumer-topic-900c2d32_e1af_4b38_87bf_a2aa030c3c34
	group.instance.id = null
	group.protocol = classic
	group.remote.assignor = null
	heartbeat.interval.ms = 3000
	interceptor.classes = []
	internal.leave.group.on.close = true
	internal.throw.on.fetch.stable.offset.unsupported = false
	isolation.level = read_uncommitted
	key.deserializer = class org.apache.kafka.common.serialization.StringDeserializer
	max.partition.fetch.bytes = 1048576
	max.poll.interval.ms = 300000
	max.poll.records = 500
	metadata.max.age.ms = 300000
	metadata.recovery.strategy = none
	metric.reporters = []
	metrics.num.samples = 2
	metrics.recording.level = INFO
	metrics.sample.window.ms = 30000
	partition.assignment.strategy = [class org.apache.kafka.clients.consumer.RangeAssignor, class org.apache.kafka.clients.consumer.CooperativeStickyAssignor]
	receive.buffer.bytes = 65536
	reconnect.backoff.max.ms = 1000
	reconnect.backoff.ms = 50
	request.timeout.ms = 5000
	retry.backoff.max.ms = 1000
	retry.backoff.ms = 100
	sasl.client.callback.handler.class = null
	sasl.jaas.config = null
	sasl.kerberos.kinit.cmd = /usr/bin/kinit
	sasl.kerberos.min.time.before.relogin = 60000
	sasl.kerberos.service.name = null
	sasl.kerberos.ticket.renew.jitter = 0.05
	sasl.kerberos.ticket.renew.window.factor = 0.8
	sasl.login.callback.handler.class = null
	sasl.login.class = null
	sasl.login.connect.timeout.ms = null
	sasl.login.read.timeout.ms = null
	sasl.login.refresh.buffer.seconds = 300
	sasl.login.refresh.min.period.seconds = 60
	sasl.login.refresh.window.factor = 0.8
	sasl.login.refresh.window.jitter = 0.05
	sasl.login.retry.backoff.max.ms = 10000
	sasl.login.retry.backoff.ms = 100
	sasl.mechanism = GSSAPI
	sasl.oauthbearer.clock.skew.seconds = 30
	sasl.oauthbearer.expected.audience = null
	sasl.oauthbearer.expected.issuer = null
	sasl.oauthbearer.header.urlencode = false
	sasl.oauthbearer.jwks.endpoint.refresh.ms = 3600000
	sasl.oauthbearer.jwks.endpoint.retry.backoff.max.ms = 10000
	sasl.oauthbearer.jwks.endpoint.retry.backoff.ms = 100
	sasl.oauthbearer.jwks.endpoint.url = null
	sasl.oauthbearer.scope.claim.name = scope
	sasl.oauthbearer.sub.claim.name = sub
	sasl.oauthbearer.token.endpoint.url = null
	security.protocol = PLAINTEXT
	security.providers = null
	send.buffer.bytes = 131072
	session.timeout.ms = 45000
	socket.connection.setup.timeout.max.ms = 30000
	socket.connection.setup.timeout.ms = 10000
	ssl.cipher.suites = null
	ssl.enabled.protocols = [TLSv1.2, TLSv1.3]
	ssl.endpoint.identification.algorithm = https
	ssl.engine.factory.class = null
	ssl.key.password = null
	ssl.keymanager.algorithm = SunX509
	ssl.keystore.certificate.chain = null
	ssl.keystore.key = null
	ssl.keystore.location = null
	ssl.keystore.password = null
	ssl.keystore.type = JKS
	ssl.protocol = TLSv1.3
	ssl.provider = null
	ssl.secure.random.implementation = null
	ssl.trustmanager.algorithm = PKIX
	ssl.truststore.certificates = null
	ssl.truststore.location = null
	ssl.truststore.password = null
	ssl.truststore.type = JKS
	value.deserializer = class io.apicurio.registry.serde.avro.AvroKafkaDeserializer

2025-08-07 12:20:55,950 INFO  [org.apa.kaf.com.tel.int.KafkaMetricsCollector] (main) initializing Kafka metrics collector
2025-08-07 12:20:55,968 INFO  [org.apa.kaf.cli.con.ConsumerConfig] (main) These configurations '[apicurio.registry.avro.encoding, apicurio.registry.url]' were supplied but are not used yet.
2025-08-07 12:20:55,968 INFO  [org.apa.kaf.com.uti.AppInfoParser] (main) Kafka version: 3.9.1
2025-08-07 12:20:55,968 INFO  [org.apa.kaf.com.uti.AppInfoParser] (main) Kafka commitId: f745dfdcee2b9851
2025-08-07 12:20:55,968 INFO  [org.apa.kaf.com.uti.AppInfoParser] (main) Kafka startTimeMs: 1754569255968
2025-08-07 12:20:55,972 INFO  [org.apa.kaf.cli.con.int.ClassicKafkaConsumer] (Thread-618) [Consumer clientId=consumer-Consumer-topic-900c2d32_e1af_4b38_87bf_a2aa030c3c34-3, groupId=Consumer-topic-900c2d32_e1af_4b38_87bf_a2aa030c3c34] Subscribed to topic(s): topic-900c2d32_e1af_4b38_87bf_a2aa030c3c34
2025-08-07 12:20:55,981 INFO  [org.apa.kaf.cli.Metadata] (Thread-618) [Consumer clientId=consumer-Consumer-topic-900c2d32_e1af_4b38_87bf_a2aa030c3c34-3, groupId=Consumer-topic-900c2d32_e1af_4b38_87bf_a2aa030c3c34] Cluster ID: CeYNmdzmRCaaSk-AVslC4g
2025-08-07 12:20:55,985 INFO  [org.apa.kaf.cli.con.int.ConsumerCoordinator] (Thread-618) [Consumer clientId=consumer-Consumer-topic-900c2d32_e1af_4b38_87bf_a2aa030c3c34-3, groupId=Consumer-topic-900c2d32_e1af_4b38_87bf_a2aa030c3c34] Discovered group coordinator localhost:32769 (id: 2147483647 rack: null)
2025-08-07 12:20:55,988 INFO  [org.apa.kaf.cli.con.int.ConsumerCoordinator] (Thread-618) [Consumer clientId=consumer-Consumer-topic-900c2d32_e1af_4b38_87bf_a2aa030c3c34-3, groupId=Consumer-topic-900c2d32_e1af_4b38_87bf_a2aa030c3c34] (Re-)joining group
2025-08-07 12:20:55,991 INFO  [org.apa.kaf.cli.con.int.ConsumerCoordinator] (Thread-618) [Consumer clientId=consumer-Consumer-topic-900c2d32_e1af_4b38_87bf_a2aa030c3c34-3, groupId=Consumer-topic-900c2d32_e1af_4b38_87bf_a2aa030c3c34] Request joining group due to: need to re-join with the given member-id: consumer-Consumer-topic-900c2d32_e1af_4b38_87bf_a2aa030c3c34-3-c2408868-17e4-4116-9b30-70793fa589a3
2025-08-07 12:20:55,992 INFO  [org.apa.kaf.cli.con.int.ConsumerCoordinator] (Thread-618) [Consumer clientId=consumer-Consumer-topic-900c2d32_e1af_4b38_87bf_a2aa030c3c34-3, groupId=Consumer-topic-900c2d32_e1af_4b38_87bf_a2aa030c3c34] (Re-)joining group
2025-08-07 12:20:56,972 INFO  [io.api.tes.ser.api.KafkaSerdesTester] (Thread-618) None found
2025-08-07 12:20:57,973 INFO  [io.api.tes.ser.api.KafkaSerdesTester] (Thread-618) None found
2025-08-07 12:20:58,974 INFO  [io.api.tes.ser.api.KafkaSerdesTester] (Thread-618) None found
2025-08-07 12:20:58,996 INFO  [org.apa.kaf.cli.con.int.ConsumerCoordinator] (Thread-618) [Consumer clientId=consumer-Consumer-topic-900c2d32_e1af_4b38_87bf_a2aa030c3c34-3, groupId=Consumer-topic-900c2d32_e1af_4b38_87bf_a2aa030c3c34] Successfully joined group with generation Generation{generationId=1, memberId='consumer-Consumer-topic-900c2d32_e1af_4b38_87bf_a2aa030c3c34-3-c2408868-17e4-4116-9b30-70793fa589a3', protocol='range'}
2025-08-07 12:20:58,997 INFO  [org.apa.kaf.cli.con.int.ConsumerCoordinator] (Thread-618) [Consumer clientId=consumer-Consumer-topic-900c2d32_e1af_4b38_87bf_a2aa030c3c34-3, groupId=Consumer-topic-900c2d32_e1af_4b38_87bf_a2aa030c3c34] Finished assignment for group at generation 1: {consumer-Consumer-topic-900c2d32_e1af_4b38_87bf_a2aa030c3c34-3-c2408868-17e4-4116-9b30-70793fa589a3=Assignment(partitions=[topic-900c2d32_e1af_4b38_87bf_a2aa030c3c34-0])}
2025-08-07 12:20:59,006 INFO  [org.apa.kaf.cli.con.int.ConsumerCoordinator] (Thread-618) [Consumer clientId=consumer-Consumer-topic-900c2d32_e1af_4b38_87bf_a2aa030c3c34-3, groupId=Consumer-topic-900c2d32_e1af_4b38_87bf_a2aa030c3c34] Successfully synced group in generation Generation{generationId=1, memberId='consumer-Consumer-topic-900c2d32_e1af_4b38_87bf_a2aa030c3c34-3-c2408868-17e4-4116-9b30-70793fa589a3', protocol='range'}
2025-08-07 12:20:59,007 INFO  [org.apa.kaf.cli.con.int.ConsumerCoordinator] (Thread-618) [Consumer clientId=consumer-Consumer-topic-900c2d32_e1af_4b38_87bf_a2aa030c3c34-3, groupId=Consumer-topic-900c2d32_e1af_4b38_87bf_a2aa030c3c34] Notifying assignor about the new Assignment(partitions=[topic-900c2d32_e1af_4b38_87bf_a2aa030c3c34-0])
2025-08-07 12:20:59,007 INFO  [org.apa.kaf.cli.con.int.ConsumerRebalanceListenerInvoker] (Thread-618) [Consumer clientId=consumer-Consumer-topic-900c2d32_e1af_4b38_87bf_a2aa030c3c34-3, groupId=Consumer-topic-900c2d32_e1af_4b38_87bf_a2aa030c3c34] Adding newly assigned partitions: topic-900c2d32_e1af_4b38_87bf_a2aa030c3c34-0
2025-08-07 12:20:59,008 INFO  [org.apa.kaf.cli.con.int.ConsumerCoordinator] (Thread-618) [Consumer clientId=consumer-Consumer-topic-900c2d32_e1af_4b38_87bf_a2aa030c3c34-3, groupId=Consumer-topic-900c2d32_e1af_4b38_87bf_a2aa030c3c34] Found no committed offset for partition topic-900c2d32_e1af_4b38_87bf_a2aa030c3c34-0
2025-08-07 12:20:59,019 INFO  [org.apa.kaf.cli.con.int.SubscriptionState] (Thread-618) [Consumer clientId=consumer-Consumer-topic-900c2d32_e1af_4b38_87bf_a2aa030c3c34-3, groupId=Consumer-topic-900c2d32_e1af_4b38_87bf_a2aa030c3c34] Resetting offset for partition topic-900c2d32_e1af_4b38_87bf_a2aa030c3c34-0 to position FetchPosition{offset=0, offsetEpoch=Optional.empty, currentLeader=LeaderAndEpoch{leader=Optional[localhost:32769 (id: 0 rack: null)], epoch=0}}.
2025-08-07 12:20:59,061 INFO  [io.api.tes.ser.api.KafkaSerdesTester] (Thread-618) topic-900c2d32_e1af_4b38_87bf_a2aa030c3c34 0 0 {"bar": "value-0"}
2025-08-07 12:20:59,061 INFO  [io.api.tes.ser.api.KafkaSerdesTester] (Thread-618) topic-900c2d32_e1af_4b38_87bf_a2aa030c3c34 0 1 {"bar": "value-1"}
2025-08-07 12:20:59,061 INFO  [io.api.tes.ser.api.KafkaSerdesTester] (Thread-618) topic-900c2d32_e1af_4b38_87bf_a2aa030c3c34 0 2 {"bar": "value-2"}
2025-08-07 12:20:59,061 INFO  [io.api.tes.ser.api.KafkaSerdesTester] (Thread-618) topic-900c2d32_e1af_4b38_87bf_a2aa030c3c34 0 3 {"bar": "value-3"}
2025-08-07 12:20:59,061 INFO  [io.api.tes.ser.api.KafkaSerdesTester] (Thread-618) topic-900c2d32_e1af_4b38_87bf_a2aa030c3c34 0 4 {"bar": "value-4"}
2025-08-07 12:20:59,061 INFO  [io.api.tes.ser.api.KafkaSerdesTester] (Thread-618) topic-900c2d32_e1af_4b38_87bf_a2aa030c3c34 0 5 {"bar": "value-5"}
2025-08-07 12:20:59,061 INFO  [io.api.tes.ser.api.KafkaSerdesTester] (Thread-618) topic-900c2d32_e1af_4b38_87bf_a2aa030c3c34 0 6 {"bar": "value-6"}
2025-08-07 12:20:59,061 INFO  [io.api.tes.ser.api.KafkaSerdesTester] (Thread-618) topic-900c2d32_e1af_4b38_87bf_a2aa030c3c34 0 7 {"bar": "value-7"}
2025-08-07 12:20:59,061 INFO  [io.api.tes.ser.api.KafkaSerdesTester] (Thread-618) topic-900c2d32_e1af_4b38_87bf_a2aa030c3c34 0 8 {"bar": "value-8"}
2025-08-07 12:20:59,062 INFO  [io.api.tes.ser.api.KafkaSerdesTester] (Thread-618) topic-900c2d32_e1af_4b38_87bf_a2aa030c3c34 0 9 {"bar": "value-9"}
2025-08-07 12:20:59,062 INFO  [io.api.tes.ser.api.KafkaSerdesTester] (Thread-618) Consumed 10 messages
2025-08-07 12:20:59,072 INFO  [org.apa.kaf.cli.con.int.ConsumerRebalanceListenerInvoker] (Thread-618) [Consumer clientId=consumer-Consumer-topic-900c2d32_e1af_4b38_87bf_a2aa030c3c34-3, groupId=Consumer-topic-900c2d32_e1af_4b38_87bf_a2aa030c3c34] Revoke previously assigned partitions topic-900c2d32_e1af_4b38_87bf_a2aa030c3c34-0
2025-08-07 12:20:59,072 INFO  [org.apa.kaf.cli.con.int.ConsumerCoordinator] (Thread-618) [Consumer clientId=consumer-Consumer-topic-900c2d32_e1af_4b38_87bf_a2aa030c3c34-3, groupId=Consumer-topic-900c2d32_e1af_4b38_87bf_a2aa030c3c34] Member consumer-Consumer-topic-900c2d32_e1af_4b38_87bf_a2aa030c3c34-3-c2408868-17e4-4116-9b30-70793fa589a3 sending LeaveGroup request to coordinator localhost:32769 (id: 2147483647 rack: null) due to the consumer is being closed
2025-08-07 12:20:59,073 INFO  [org.apa.kaf.cli.con.int.ConsumerCoordinator] (Thread-618) [Consumer clientId=consumer-Consumer-topic-900c2d32_e1af_4b38_87bf_a2aa030c3c34-3, groupId=Consumer-topic-900c2d32_e1af_4b38_87bf_a2aa030c3c34] Resetting generation and member id due to: consumer pro-actively leaving the group
2025-08-07 12:20:59,073 INFO  [org.apa.kaf.cli.con.int.ConsumerCoordinator] (Thread-618) [Consumer clientId=consumer-Consumer-topic-900c2d32_e1af_4b38_87bf_a2aa030c3c34-3, groupId=Consumer-topic-900c2d32_e1af_4b38_87bf_a2aa030c3c34] Request joining group due to: consumer pro-actively leaving the group
2025-08-07 12:20:59,565 INFO  [org.apa.kaf.com.met.Metrics] (Thread-618) Metrics scheduler closed
2025-08-07 12:20:59,565 INFO  [org.apa.kaf.com.met.Metrics] (Thread-618) Closing reporter org.apache.kafka.common.metrics.JmxReporter
2025-08-07 12:20:59,565 INFO  [org.apa.kaf.com.met.Metrics] (Thread-618) Closing reporter org.apache.kafka.common.telemetry.internals.ClientTelemetryReporter
2025-08-07 12:20:59,565 INFO  [org.apa.kaf.com.met.Metrics] (Thread-618) Metrics reporters closed
2025-08-07 12:20:59,569 INFO  [org.apa.kaf.com.uti.AppInfoParser] (Thread-618) App info kafka.consumer for consumer-Consumer-topic-900c2d32_e1af_4b38_87bf_a2aa030c3c34-3 unregistered
2025-08-07 12:20:59,572 INFO  [io.api.tes.uti.TestSeparator] (main) io.apicurio.tests.serdes.apicurio.AvroSerdeIT.testAvroJSON-FINISHED
2025-08-07 12:20:59,572 INFO  [io.api.tes.uti.TestSeparator] (main) ############################################################################
Test passed: testAvroJSON
]]></system-out>
  </testcase>
  <testcase name="testTopicIdStrategyAutoRegister" classname="io.apicurio.tests.serdes.apicurio.AvroSerdeIT" time="3.873">
    <system-out><![CDATA[2025-08-07 12:20:59,574 INFO  [io.api.tes.uti.TestSeparator] (main) ############################################################################
2025-08-07 12:20:59,574 INFO  [io.api.tes.uti.TestSeparator] (main) io.apicurio.tests.serdes.apicurio.AvroSerdeIT.testTopicIdStrategyAutoRegister-STARTED
**** Registry Base URL: http://registry-app-inmemory.apps.ci419.apicurio-testing.org:80
2025-08-07 12:20:59,579 INFO  [org.apa.kaf.cli.pro.ProducerConfig] (main) ProducerConfig values: 
	acks = -1
	auto.include.jmx.reporter = true
	batch.size = 16384
	bootstrap.servers = [PLAINTEXT://localhost:32769]
	buffer.memory = 33554432
	client.dns.lookup = use_all_dns_ips
	client.id = Producer-topic-89b55fff_82c7_40e9_9507_76d5eb8bc07a
	compression.gzip.level = -1
	compression.lz4.level = 9
	compression.type = none
	compression.zstd.level = 3
	connections.max.idle.ms = 10000
	delivery.timeout.ms = 120000
	enable.idempotence = true
	enable.metrics.push = true
	interceptor.classes = []
	key.serializer = class org.apache.kafka.common.serialization.StringSerializer
	linger.ms = 0
	max.block.ms = 60000
	max.in.flight.requests.per.connection = 5
	max.request.size = 1048576
	metadata.max.age.ms = 300000
	metadata.max.idle.ms = 300000
	metadata.recovery.strategy = none
	metric.reporters = []
	metrics.num.samples = 2
	metrics.recording.level = INFO
	metrics.sample.window.ms = 30000
	partitioner.adaptive.partitioning.enable = true
	partitioner.availability.timeout.ms = 0
	partitioner.class = null
	partitioner.ignore.keys = false
	receive.buffer.bytes = 32768
	reconnect.backoff.max.ms = 1000
	reconnect.backoff.ms = 50
	request.timeout.ms = 5000
	retries = 2147483647
	retry.backoff.max.ms = 1000
	retry.backoff.ms = 100
	sasl.client.callback.handler.class = null
	sasl.jaas.config = null
	sasl.kerberos.kinit.cmd = /usr/bin/kinit
	sasl.kerberos.min.time.before.relogin = 60000
	sasl.kerberos.service.name = null
	sasl.kerberos.ticket.renew.jitter = 0.05
	sasl.kerberos.ticket.renew.window.factor = 0.8
	sasl.login.callback.handler.class = null
	sasl.login.class = null
	sasl.login.connect.timeout.ms = null
	sasl.login.read.timeout.ms = null
	sasl.login.refresh.buffer.seconds = 300
	sasl.login.refresh.min.period.seconds = 60
	sasl.login.refresh.window.factor = 0.8
	sasl.login.refresh.window.jitter = 0.05
	sasl.login.retry.backoff.max.ms = 10000
	sasl.login.retry.backoff.ms = 100
	sasl.mechanism = GSSAPI
	sasl.oauthbearer.clock.skew.seconds = 30
	sasl.oauthbearer.expected.audience = null
	sasl.oauthbearer.expected.issuer = null
	sasl.oauthbearer.header.urlencode = false
	sasl.oauthbearer.jwks.endpoint.refresh.ms = 3600000
	sasl.oauthbearer.jwks.endpoint.retry.backoff.max.ms = 10000
	sasl.oauthbearer.jwks.endpoint.retry.backoff.ms = 100
	sasl.oauthbearer.jwks.endpoint.url = null
	sasl.oauthbearer.scope.claim.name = scope
	sasl.oauthbearer.sub.claim.name = sub
	sasl.oauthbearer.token.endpoint.url = null
	security.protocol = PLAINTEXT
	security.providers = null
	send.buffer.bytes = 131072
	socket.connection.setup.timeout.max.ms = 30000
	socket.connection.setup.timeout.ms = 10000
	ssl.cipher.suites = null
	ssl.enabled.protocols = [TLSv1.2, TLSv1.3]
	ssl.endpoint.identification.algorithm = https
	ssl.engine.factory.class = null
	ssl.key.password = null
	ssl.keymanager.algorithm = SunX509
	ssl.keystore.certificate.chain = null
	ssl.keystore.key = null
	ssl.keystore.location = null
	ssl.keystore.password = null
	ssl.keystore.type = JKS
	ssl.protocol = TLSv1.3
	ssl.provider = null
	ssl.secure.random.implementation = null
	ssl.trustmanager.algorithm = PKIX
	ssl.truststore.certificates = null
	ssl.truststore.location = null
	ssl.truststore.password = null
	ssl.truststore.type = JKS
	transaction.timeout.ms = 60000
	transactional.id = null
	value.serializer = class io.apicurio.registry.serde.avro.AvroKafkaSerializer

2025-08-07 12:20:59,579 INFO  [org.apa.kaf.com.tel.int.KafkaMetricsCollector] (main) initializing Kafka metrics collector
2025-08-07 12:20:59,585 INFO  [org.apa.kaf.cli.pro.KafkaProducer] (main) [Producer clientId=Producer-topic-89b55fff_82c7_40e9_9507_76d5eb8bc07a] Instantiated an idempotent producer.
2025-08-07 12:20:59,595 INFO  [org.apa.kaf.cli.pro.ProducerConfig] (main) These configurations '[apicurio.registry.url, apicurio.registry.auto-register, apicurio.registry.artifact-resolver-strategy]' were supplied but are not used yet.
2025-08-07 12:20:59,595 INFO  [org.apa.kaf.com.uti.AppInfoParser] (main) Kafka version: 3.9.1
2025-08-07 12:20:59,595 INFO  [org.apa.kaf.com.uti.AppInfoParser] (main) Kafka commitId: f745dfdcee2b9851
2025-08-07 12:20:59,595 INFO  [org.apa.kaf.com.uti.AppInfoParser] (main) Kafka startTimeMs: 1754569259595
2025-08-07 12:20:59,595 INFO  [io.api.tes.ser.api.SimpleSerdesTesterBuilder$SimpleSerdesTester] (main) Using producer configuration: {apicurio.registry.url=http://registry-app-inmemory.apps.ci419.apicurio-testing.org:80/apis/registry/v3, apicurio.registry.auto-register=true, apicurio.registry.artifact-resolver-strategy=io.apicurio.registry.serde.strategy.TopicIdStrategy, value.serializer=io.apicurio.registry.serde.avro.AvroKafkaSerializer, request.timeout.ms=5000, acks=all, bootstrap.servers=PLAINTEXT://localhost:32769, connections.max.idle.ms=10000, key.serializer=org.apache.kafka.common.serialization.StringSerializer, client.id=Producer-topic-89b55fff_82c7_40e9_9507_76d5eb8bc07a}
2025-08-07 12:20:59,595 INFO  [io.api.tes.ser.api.SimpleSerdesTesterBuilder$SimpleSerdesTester] (main) Using consumer configuration: {}
2025-08-07 12:20:59,599 INFO  [io.api.tes.ser.api.KafkaSerdesTester] (Thread-621) Sending message {"key11754569259576": "value-0"} to topic topic-89b55fff_82c7_40e9_9507_76d5eb8bc07a
2025-08-07 12:20:59,600 INFO  [org.apa.kaf.cli.Metadata] (kafka-producer-network-thread | Producer-topic-89b55fff_82c7_40e9_9507_76d5eb8bc07a) [Producer clientId=Producer-topic-89b55fff_82c7_40e9_9507_76d5eb8bc07a] Cluster ID: CeYNmdzmRCaaSk-AVslC4g
2025-08-07 12:20:59,604 INFO  [org.apa.kaf.cli.pro.int.TransactionManager] (kafka-producer-network-thread | Producer-topic-89b55fff_82c7_40e9_9507_76d5eb8bc07a) [Producer clientId=Producer-topic-89b55fff_82c7_40e9_9507_76d5eb8bc07a] ProducerId set to 4 with epoch 0
2025-08-07 12:20:59,609 WARN  [org.apa.kaf.cli.NetworkClient] (kafka-producer-network-thread | Producer-topic-89b55fff_82c7_40e9_9507_76d5eb8bc07a) [Producer clientId=Producer-topic-89b55fff_82c7_40e9_9507_76d5eb8bc07a] The metadata response from the cluster reported a recoverable issue with correlation id 5 : {topic-89b55fff_82c7_40e9_9507_76d5eb8bc07a=UNKNOWN_TOPIC_OR_PARTITION}
2025-08-07 12:20:59,757 INFO  [io.api.tes.ser.api.KafkaSerdesTester] (Thread-621) Sending message {"key11754569259576": "value-1"} to topic topic-89b55fff_82c7_40e9_9507_76d5eb8bc07a
2025-08-07 12:20:59,765 INFO  [io.api.tes.ser.api.KafkaSerdesTester] (Thread-621) Sending message {"key11754569259576": "value-2"} to topic topic-89b55fff_82c7_40e9_9507_76d5eb8bc07a
2025-08-07 12:20:59,771 INFO  [io.api.tes.ser.api.KafkaSerdesTester] (Thread-621) Sending message {"key11754569259576": "value-3"} to topic topic-89b55fff_82c7_40e9_9507_76d5eb8bc07a
2025-08-07 12:20:59,774 INFO  [io.api.tes.ser.api.KafkaSerdesTester] (Thread-621) Sending message {"key11754569259576": "value-4"} to topic topic-89b55fff_82c7_40e9_9507_76d5eb8bc07a
2025-08-07 12:20:59,777 INFO  [io.api.tes.ser.api.KafkaSerdesTester] (Thread-621) Sending message {"key11754569259576": "value-5"} to topic topic-89b55fff_82c7_40e9_9507_76d5eb8bc07a
2025-08-07 12:20:59,781 INFO  [io.api.tes.ser.api.KafkaSerdesTester] (Thread-621) Sending message {"key11754569259576": "value-6"} to topic topic-89b55fff_82c7_40e9_9507_76d5eb8bc07a
2025-08-07 12:20:59,785 INFO  [io.api.tes.ser.api.KafkaSerdesTester] (Thread-621) Sending message {"key11754569259576": "value-7"} to topic topic-89b55fff_82c7_40e9_9507_76d5eb8bc07a
2025-08-07 12:20:59,790 INFO  [io.api.tes.ser.api.KafkaSerdesTester] (Thread-621) Sending message {"key11754569259576": "value-8"} to topic topic-89b55fff_82c7_40e9_9507_76d5eb8bc07a
2025-08-07 12:20:59,793 INFO  [io.api.tes.ser.api.KafkaSerdesTester] (Thread-621) Sending message {"key11754569259576": "value-9"} to topic topic-89b55fff_82c7_40e9_9507_76d5eb8bc07a
2025-08-07 12:20:59,797 INFO  [io.api.tes.ser.api.KafkaSerdesTester] (Thread-621) Produced 10 messages
2025-08-07 12:20:59,797 INFO  [org.apa.kaf.cli.pro.KafkaProducer] (Thread-621) [Producer clientId=Producer-topic-89b55fff_82c7_40e9_9507_76d5eb8bc07a] Closing the Kafka producer with timeoutMillis = 9223372036854775807 ms.
2025-08-07 12:20:59,805 INFO  [org.apa.kaf.com.met.Metrics] (Thread-621) Metrics scheduler closed
2025-08-07 12:20:59,805 INFO  [org.apa.kaf.com.met.Metrics] (Thread-621) Closing reporter org.apache.kafka.common.metrics.JmxReporter
2025-08-07 12:20:59,805 INFO  [org.apa.kaf.com.met.Metrics] (Thread-621) Closing reporter org.apache.kafka.common.telemetry.internals.ClientTelemetryReporter
2025-08-07 12:20:59,805 INFO  [org.apa.kaf.com.met.Metrics] (Thread-621) Metrics reporters closed
2025-08-07 12:20:59,806 INFO  [org.apa.kaf.com.uti.AppInfoParser] (Thread-621) App info kafka.producer for Producer-topic-89b55fff_82c7_40e9_9507_76d5eb8bc07a unregistered
**** Registry Base URL: http://registry-app-inmemory.apps.ci419.apicurio-testing.org:80
2025-08-07 12:20:59,832 INFO  [org.apa.kaf.cli.con.ConsumerConfig] (main) ConsumerConfig values: 
	allow.auto.create.topics = true
	auto.commit.interval.ms = 500
	auto.include.jmx.reporter = true
	auto.offset.reset = earliest
	bootstrap.servers = [PLAINTEXT://localhost:32769]
	check.crcs = true
	client.dns.lookup = use_all_dns_ips
	client.id = consumer-Consumer-topic-89b55fff_82c7_40e9_9507_76d5eb8bc07a-4
	client.rack = 
	connections.max.idle.ms = 10000
	default.api.timeout.ms = 60000
	enable.auto.commit = true
	enable.metrics.push = true
	exclude.internal.topics = true
	fetch.max.bytes = 52428800
	fetch.max.wait.ms = 500
	fetch.min.bytes = 1
	group.id = Consumer-topic-89b55fff_82c7_40e9_9507_76d5eb8bc07a
	group.instance.id = null
	group.protocol = classic
	group.remote.assignor = null
	heartbeat.interval.ms = 3000
	interceptor.classes = []
	internal.leave.group.on.close = true
	internal.throw.on.fetch.stable.offset.unsupported = false
	isolation.level = read_uncommitted
	key.deserializer = class org.apache.kafka.common.serialization.StringDeserializer
	max.partition.fetch.bytes = 1048576
	max.poll.interval.ms = 300000
	max.poll.records = 500
	metadata.max.age.ms = 300000
	metadata.recovery.strategy = none
	metric.reporters = []
	metrics.num.samples = 2
	metrics.recording.level = INFO
	metrics.sample.window.ms = 30000
	partition.assignment.strategy = [class org.apache.kafka.clients.consumer.RangeAssignor, class org.apache.kafka.clients.consumer.CooperativeStickyAssignor]
	receive.buffer.bytes = 65536
	reconnect.backoff.max.ms = 1000
	reconnect.backoff.ms = 50
	request.timeout.ms = 5000
	retry.backoff.max.ms = 1000
	retry.backoff.ms = 100
	sasl.client.callback.handler.class = null
	sasl.jaas.config = null
	sasl.kerberos.kinit.cmd = /usr/bin/kinit
	sasl.kerberos.min.time.before.relogin = 60000
	sasl.kerberos.service.name = null
	sasl.kerberos.ticket.renew.jitter = 0.05
	sasl.kerberos.ticket.renew.window.factor = 0.8
	sasl.login.callback.handler.class = null
	sasl.login.class = null
	sasl.login.connect.timeout.ms = null
	sasl.login.read.timeout.ms = null
	sasl.login.refresh.buffer.seconds = 300
	sasl.login.refresh.min.period.seconds = 60
	sasl.login.refresh.window.factor = 0.8
	sasl.login.refresh.window.jitter = 0.05
	sasl.login.retry.backoff.max.ms = 10000
	sasl.login.retry.backoff.ms = 100
	sasl.mechanism = GSSAPI
	sasl.oauthbearer.clock.skew.seconds = 30
	sasl.oauthbearer.expected.audience = null
	sasl.oauthbearer.expected.issuer = null
	sasl.oauthbearer.header.urlencode = false
	sasl.oauthbearer.jwks.endpoint.refresh.ms = 3600000
	sasl.oauthbearer.jwks.endpoint.retry.backoff.max.ms = 10000
	sasl.oauthbearer.jwks.endpoint.retry.backoff.ms = 100
	sasl.oauthbearer.jwks.endpoint.url = null
	sasl.oauthbearer.scope.claim.name = scope
	sasl.oauthbearer.sub.claim.name = sub
	sasl.oauthbearer.token.endpoint.url = null
	security.protocol = PLAINTEXT
	security.providers = null
	send.buffer.bytes = 131072
	session.timeout.ms = 45000
	socket.connection.setup.timeout.max.ms = 30000
	socket.connection.setup.timeout.ms = 10000
	ssl.cipher.suites = null
	ssl.enabled.protocols = [TLSv1.2, TLSv1.3]
	ssl.endpoint.identification.algorithm = https
	ssl.engine.factory.class = null
	ssl.key.password = null
	ssl.keymanager.algorithm = SunX509
	ssl.keystore.certificate.chain = null
	ssl.keystore.key = null
	ssl.keystore.location = null
	ssl.keystore.password = null
	ssl.keystore.type = JKS
	ssl.protocol = TLSv1.3
	ssl.provider = null
	ssl.secure.random.implementation = null
	ssl.trustmanager.algorithm = PKIX
	ssl.truststore.certificates = null
	ssl.truststore.location = null
	ssl.truststore.password = null
	ssl.truststore.type = JKS
	value.deserializer = class io.apicurio.registry.serde.avro.AvroKafkaDeserializer

2025-08-07 12:20:59,833 INFO  [org.apa.kaf.com.tel.int.KafkaMetricsCollector] (main) initializing Kafka metrics collector
2025-08-07 12:20:59,843 INFO  [org.apa.kaf.cli.con.ConsumerConfig] (main) These configurations '[apicurio.registry.url]' were supplied but are not used yet.
2025-08-07 12:20:59,843 INFO  [org.apa.kaf.com.uti.AppInfoParser] (main) Kafka version: 3.9.1
2025-08-07 12:20:59,843 INFO  [org.apa.kaf.com.uti.AppInfoParser] (main) Kafka commitId: f745dfdcee2b9851
2025-08-07 12:20:59,843 INFO  [org.apa.kaf.com.uti.AppInfoParser] (main) Kafka startTimeMs: 1754569259843
2025-08-07 12:20:59,844 INFO  [org.apa.kaf.cli.con.int.ClassicKafkaConsumer] (Thread-624) [Consumer clientId=consumer-Consumer-topic-89b55fff_82c7_40e9_9507_76d5eb8bc07a-4, groupId=Consumer-topic-89b55fff_82c7_40e9_9507_76d5eb8bc07a] Subscribed to topic(s): topic-89b55fff_82c7_40e9_9507_76d5eb8bc07a
2025-08-07 12:20:59,852 INFO  [org.apa.kaf.cli.Metadata] (Thread-624) [Consumer clientId=consumer-Consumer-topic-89b55fff_82c7_40e9_9507_76d5eb8bc07a-4, groupId=Consumer-topic-89b55fff_82c7_40e9_9507_76d5eb8bc07a] Cluster ID: CeYNmdzmRCaaSk-AVslC4g
2025-08-07 12:20:59,854 INFO  [org.apa.kaf.cli.con.int.ConsumerCoordinator] (Thread-624) [Consumer clientId=consumer-Consumer-topic-89b55fff_82c7_40e9_9507_76d5eb8bc07a-4, groupId=Consumer-topic-89b55fff_82c7_40e9_9507_76d5eb8bc07a] Discovered group coordinator localhost:32769 (id: 2147483647 rack: null)
2025-08-07 12:20:59,861 INFO  [org.apa.kaf.cli.con.int.ConsumerCoordinator] (Thread-624) [Consumer clientId=consumer-Consumer-topic-89b55fff_82c7_40e9_9507_76d5eb8bc07a-4, groupId=Consumer-topic-89b55fff_82c7_40e9_9507_76d5eb8bc07a] (Re-)joining group
2025-08-07 12:20:59,865 INFO  [org.apa.kaf.cli.con.int.ConsumerCoordinator] (Thread-624) [Consumer clientId=consumer-Consumer-topic-89b55fff_82c7_40e9_9507_76d5eb8bc07a-4, groupId=Consumer-topic-89b55fff_82c7_40e9_9507_76d5eb8bc07a] Request joining group due to: need to re-join with the given member-id: consumer-Consumer-topic-89b55fff_82c7_40e9_9507_76d5eb8bc07a-4-a9f31e92-b539-43c6-99ff-9ff68196bf5e
2025-08-07 12:20:59,865 INFO  [org.apa.kaf.cli.con.int.ConsumerCoordinator] (Thread-624) [Consumer clientId=consumer-Consumer-topic-89b55fff_82c7_40e9_9507_76d5eb8bc07a-4, groupId=Consumer-topic-89b55fff_82c7_40e9_9507_76d5eb8bc07a] (Re-)joining group
2025-08-07 12:21:00,845 INFO  [io.api.tes.ser.api.KafkaSerdesTester] (Thread-624) None found
2025-08-07 12:21:01,845 INFO  [io.api.tes.ser.api.KafkaSerdesTester] (Thread-624) None found
2025-08-07 12:21:02,846 INFO  [io.api.tes.ser.api.KafkaSerdesTester] (Thread-624) None found
2025-08-07 12:21:02,867 INFO  [org.apa.kaf.cli.con.int.ConsumerCoordinator] (Thread-624) [Consumer clientId=consumer-Consumer-topic-89b55fff_82c7_40e9_9507_76d5eb8bc07a-4, groupId=Consumer-topic-89b55fff_82c7_40e9_9507_76d5eb8bc07a] Successfully joined group with generation Generation{generationId=1, memberId='consumer-Consumer-topic-89b55fff_82c7_40e9_9507_76d5eb8bc07a-4-a9f31e92-b539-43c6-99ff-9ff68196bf5e', protocol='range'}
2025-08-07 12:21:02,868 INFO  [org.apa.kaf.cli.con.int.ConsumerCoordinator] (Thread-624) [Consumer clientId=consumer-Consumer-topic-89b55fff_82c7_40e9_9507_76d5eb8bc07a-4, groupId=Consumer-topic-89b55fff_82c7_40e9_9507_76d5eb8bc07a] Finished assignment for group at generation 1: {consumer-Consumer-topic-89b55fff_82c7_40e9_9507_76d5eb8bc07a-4-a9f31e92-b539-43c6-99ff-9ff68196bf5e=Assignment(partitions=[topic-89b55fff_82c7_40e9_9507_76d5eb8bc07a-0])}
2025-08-07 12:21:02,875 INFO  [org.apa.kaf.cli.con.int.ConsumerCoordinator] (Thread-624) [Consumer clientId=consumer-Consumer-topic-89b55fff_82c7_40e9_9507_76d5eb8bc07a-4, groupId=Consumer-topic-89b55fff_82c7_40e9_9507_76d5eb8bc07a] Successfully synced group in generation Generation{generationId=1, memberId='consumer-Consumer-topic-89b55fff_82c7_40e9_9507_76d5eb8bc07a-4-a9f31e92-b539-43c6-99ff-9ff68196bf5e', protocol='range'}
2025-08-07 12:21:02,876 INFO  [org.apa.kaf.cli.con.int.ConsumerCoordinator] (Thread-624) [Consumer clientId=consumer-Consumer-topic-89b55fff_82c7_40e9_9507_76d5eb8bc07a-4, groupId=Consumer-topic-89b55fff_82c7_40e9_9507_76d5eb8bc07a] Notifying assignor about the new Assignment(partitions=[topic-89b55fff_82c7_40e9_9507_76d5eb8bc07a-0])
2025-08-07 12:21:02,876 INFO  [org.apa.kaf.cli.con.int.ConsumerRebalanceListenerInvoker] (Thread-624) [Consumer clientId=consumer-Consumer-topic-89b55fff_82c7_40e9_9507_76d5eb8bc07a-4, groupId=Consumer-topic-89b55fff_82c7_40e9_9507_76d5eb8bc07a] Adding newly assigned partitions: topic-89b55fff_82c7_40e9_9507_76d5eb8bc07a-0
2025-08-07 12:21:02,878 INFO  [org.apa.kaf.cli.con.int.ConsumerCoordinator] (Thread-624) [Consumer clientId=consumer-Consumer-topic-89b55fff_82c7_40e9_9507_76d5eb8bc07a-4, groupId=Consumer-topic-89b55fff_82c7_40e9_9507_76d5eb8bc07a] Found no committed offset for partition topic-89b55fff_82c7_40e9_9507_76d5eb8bc07a-0
2025-08-07 12:21:02,884 INFO  [org.apa.kaf.cli.con.int.SubscriptionState] (Thread-624) [Consumer clientId=consumer-Consumer-topic-89b55fff_82c7_40e9_9507_76d5eb8bc07a-4, groupId=Consumer-topic-89b55fff_82c7_40e9_9507_76d5eb8bc07a] Resetting offset for partition topic-89b55fff_82c7_40e9_9507_76d5eb8bc07a-0 to position FetchPosition{offset=0, offsetEpoch=Optional.empty, currentLeader=LeaderAndEpoch{leader=Optional[localhost:32769 (id: 0 rack: null)], epoch=0}}.
2025-08-07 12:21:02,917 INFO  [io.api.tes.ser.api.KafkaSerdesTester] (Thread-624) topic-89b55fff_82c7_40e9_9507_76d5eb8bc07a 0 0 {"key11754569259576": "value-0"}
2025-08-07 12:21:02,917 INFO  [io.api.tes.ser.api.KafkaSerdesTester] (Thread-624) topic-89b55fff_82c7_40e9_9507_76d5eb8bc07a 0 1 {"key11754569259576": "value-1"}
2025-08-07 12:21:02,917 INFO  [io.api.tes.ser.api.KafkaSerdesTester] (Thread-624) topic-89b55fff_82c7_40e9_9507_76d5eb8bc07a 0 2 {"key11754569259576": "value-2"}
2025-08-07 12:21:02,917 INFO  [io.api.tes.ser.api.KafkaSerdesTester] (Thread-624) topic-89b55fff_82c7_40e9_9507_76d5eb8bc07a 0 3 {"key11754569259576": "value-3"}
2025-08-07 12:21:02,917 INFO  [io.api.tes.ser.api.KafkaSerdesTester] (Thread-624) topic-89b55fff_82c7_40e9_9507_76d5eb8bc07a 0 4 {"key11754569259576": "value-4"}
2025-08-07 12:21:02,917 INFO  [io.api.tes.ser.api.KafkaSerdesTester] (Thread-624) topic-89b55fff_82c7_40e9_9507_76d5eb8bc07a 0 5 {"key11754569259576": "value-5"}
2025-08-07 12:21:02,917 INFO  [io.api.tes.ser.api.KafkaSerdesTester] (Thread-624) topic-89b55fff_82c7_40e9_9507_76d5eb8bc07a 0 6 {"key11754569259576": "value-6"}
2025-08-07 12:21:02,918 INFO  [io.api.tes.ser.api.KafkaSerdesTester] (Thread-624) topic-89b55fff_82c7_40e9_9507_76d5eb8bc07a 0 7 {"key11754569259576": "value-7"}
2025-08-07 12:21:02,918 INFO  [io.api.tes.ser.api.KafkaSerdesTester] (Thread-624) topic-89b55fff_82c7_40e9_9507_76d5eb8bc07a 0 8 {"key11754569259576": "value-8"}
2025-08-07 12:21:02,918 INFO  [io.api.tes.ser.api.KafkaSerdesTester] (Thread-624) topic-89b55fff_82c7_40e9_9507_76d5eb8bc07a 0 9 {"key11754569259576": "value-9"}
2025-08-07 12:21:02,918 INFO  [io.api.tes.ser.api.KafkaSerdesTester] (Thread-624) Consumed 10 messages
2025-08-07 12:21:02,926 INFO  [org.apa.kaf.cli.con.int.ConsumerRebalanceListenerInvoker] (Thread-624) [Consumer clientId=consumer-Consumer-topic-89b55fff_82c7_40e9_9507_76d5eb8bc07a-4, groupId=Consumer-topic-89b55fff_82c7_40e9_9507_76d5eb8bc07a] Revoke previously assigned partitions topic-89b55fff_82c7_40e9_9507_76d5eb8bc07a-0
2025-08-07 12:21:02,926 INFO  [org.apa.kaf.cli.con.int.ConsumerCoordinator] (Thread-624) [Consumer clientId=consumer-Consumer-topic-89b55fff_82c7_40e9_9507_76d5eb8bc07a-4, groupId=Consumer-topic-89b55fff_82c7_40e9_9507_76d5eb8bc07a] Member consumer-Consumer-topic-89b55fff_82c7_40e9_9507_76d5eb8bc07a-4-a9f31e92-b539-43c6-99ff-9ff68196bf5e sending LeaveGroup request to coordinator localhost:32769 (id: 2147483647 rack: null) due to the consumer is being closed
2025-08-07 12:21:02,926 INFO  [org.apa.kaf.cli.con.int.ConsumerCoordinator] (Thread-624) [Consumer clientId=consumer-Consumer-topic-89b55fff_82c7_40e9_9507_76d5eb8bc07a-4, groupId=Consumer-topic-89b55fff_82c7_40e9_9507_76d5eb8bc07a] Resetting generation and member id due to: consumer pro-actively leaving the group
2025-08-07 12:21:02,926 INFO  [org.apa.kaf.cli.con.int.ConsumerCoordinator] (Thread-624) [Consumer clientId=consumer-Consumer-topic-89b55fff_82c7_40e9_9507_76d5eb8bc07a-4, groupId=Consumer-topic-89b55fff_82c7_40e9_9507_76d5eb8bc07a] Request joining group due to: consumer pro-actively leaving the group
2025-08-07 12:21:03,419 INFO  [org.apa.kaf.com.met.Metrics] (Thread-624) Metrics scheduler closed
2025-08-07 12:21:03,420 INFO  [org.apa.kaf.com.met.Metrics] (Thread-624) Closing reporter org.apache.kafka.common.metrics.JmxReporter
2025-08-07 12:21:03,420 INFO  [org.apa.kaf.com.met.Metrics] (Thread-624) Closing reporter org.apache.kafka.common.telemetry.internals.ClientTelemetryReporter
2025-08-07 12:21:03,420 INFO  [org.apa.kaf.com.met.Metrics] (Thread-624) Metrics reporters closed
2025-08-07 12:21:03,424 INFO  [org.apa.kaf.com.uti.AppInfoParser] (Thread-624) App info kafka.consumer for consumer-Consumer-topic-89b55fff_82c7_40e9_9507_76d5eb8bc07a-4 unregistered
2025-08-07 12:21:03,445 INFO  [io.api.tes.uti.TestSeparator] (main) io.apicurio.tests.serdes.apicurio.AvroSerdeIT.testTopicIdStrategyAutoRegister-FINISHED
2025-08-07 12:21:03,445 INFO  [io.api.tes.uti.TestSeparator] (main) ############################################################################
Test passed: testTopicIdStrategyAutoRegister
]]></system-out>
  </testcase>
  <testcase name="testRecordIdStrategydFindLatest" classname="io.apicurio.tests.serdes.apicurio.AvroSerdeIT" time="4.707">
    <system-out><![CDATA[2025-08-07 12:21:03,447 INFO  [io.api.tes.uti.TestSeparator] (main) ############################################################################
2025-08-07 12:21:03,447 INFO  [io.api.tes.uti.TestSeparator] (main) io.apicurio.tests.serdes.apicurio.AvroSerdeIT.testRecordIdStrategydFindLatest-STARTED
2025-08-07 12:21:03,448 INFO  [io.api.tes.ser.api.AvroSerdeIT] (main) Registering Avro Schema: {"type":"record","name":"sa9e4a157x4fcfx4d71x9a05x3c8dd6542b62","namespace":"s5631ce77xd96dx4e7fx9bffx98c19207cb24","fields":[{"name":"key11754569263447","type":"string"}]}
**** Registry Base URL: http://registry-app-inmemory.apps.ci419.apicurio-testing.org:80
2025-08-07 12:21:04,475 INFO  [org.apa.kaf.cli.pro.ProducerConfig] (main) ProducerConfig values: 
	acks = -1
	auto.include.jmx.reporter = true
	batch.size = 16384
	bootstrap.servers = [PLAINTEXT://localhost:32769]
	buffer.memory = 33554432
	client.dns.lookup = use_all_dns_ips
	client.id = Producer-topic-686afedc_f267_4a4f_867a_1915beecd4d2
	compression.gzip.level = -1
	compression.lz4.level = 9
	compression.type = none
	compression.zstd.level = 3
	connections.max.idle.ms = 10000
	delivery.timeout.ms = 120000
	enable.idempotence = true
	enable.metrics.push = true
	interceptor.classes = []
	key.serializer = class org.apache.kafka.common.serialization.StringSerializer
	linger.ms = 0
	max.block.ms = 60000
	max.in.flight.requests.per.connection = 5
	max.request.size = 1048576
	metadata.max.age.ms = 300000
	metadata.max.idle.ms = 300000
	metadata.recovery.strategy = none
	metric.reporters = []
	metrics.num.samples = 2
	metrics.recording.level = INFO
	metrics.sample.window.ms = 30000
	partitioner.adaptive.partitioning.enable = true
	partitioner.availability.timeout.ms = 0
	partitioner.class = null
	partitioner.ignore.keys = false
	receive.buffer.bytes = 32768
	reconnect.backoff.max.ms = 1000
	reconnect.backoff.ms = 50
	request.timeout.ms = 5000
	retries = 2147483647
	retry.backoff.max.ms = 1000
	retry.backoff.ms = 100
	sasl.client.callback.handler.class = null
	sasl.jaas.config = null
	sasl.kerberos.kinit.cmd = /usr/bin/kinit
	sasl.kerberos.min.time.before.relogin = 60000
	sasl.kerberos.service.name = null
	sasl.kerberos.ticket.renew.jitter = 0.05
	sasl.kerberos.ticket.renew.window.factor = 0.8
	sasl.login.callback.handler.class = null
	sasl.login.class = null
	sasl.login.connect.timeout.ms = null
	sasl.login.read.timeout.ms = null
	sasl.login.refresh.buffer.seconds = 300
	sasl.login.refresh.min.period.seconds = 60
	sasl.login.refresh.window.factor = 0.8
	sasl.login.refresh.window.jitter = 0.05
	sasl.login.retry.backoff.max.ms = 10000
	sasl.login.retry.backoff.ms = 100
	sasl.mechanism = GSSAPI
	sasl.oauthbearer.clock.skew.seconds = 30
	sasl.oauthbearer.expected.audience = null
	sasl.oauthbearer.expected.issuer = null
	sasl.oauthbearer.header.urlencode = false
	sasl.oauthbearer.jwks.endpoint.refresh.ms = 3600000
	sasl.oauthbearer.jwks.endpoint.retry.backoff.max.ms = 10000
	sasl.oauthbearer.jwks.endpoint.retry.backoff.ms = 100
	sasl.oauthbearer.jwks.endpoint.url = null
	sasl.oauthbearer.scope.claim.name = scope
	sasl.oauthbearer.sub.claim.name = sub
	sasl.oauthbearer.token.endpoint.url = null
	security.protocol = PLAINTEXT
	security.providers = null
	send.buffer.bytes = 131072
	socket.connection.setup.timeout.max.ms = 30000
	socket.connection.setup.timeout.ms = 10000
	ssl.cipher.suites = null
	ssl.enabled.protocols = [TLSv1.2, TLSv1.3]
	ssl.endpoint.identification.algorithm = https
	ssl.engine.factory.class = null
	ssl.key.password = null
	ssl.keymanager.algorithm = SunX509
	ssl.keystore.certificate.chain = null
	ssl.keystore.key = null
	ssl.keystore.location = null
	ssl.keystore.password = null
	ssl.keystore.type = JKS
	ssl.protocol = TLSv1.3
	ssl.provider = null
	ssl.secure.random.implementation = null
	ssl.trustmanager.algorithm = PKIX
	ssl.truststore.certificates = null
	ssl.truststore.location = null
	ssl.truststore.password = null
	ssl.truststore.type = JKS
	transaction.timeout.ms = 60000
	transactional.id = null
	value.serializer = class io.apicurio.registry.serde.avro.AvroKafkaSerializer

2025-08-07 12:21:04,476 INFO  [org.apa.kaf.com.tel.int.KafkaMetricsCollector] (main) initializing Kafka metrics collector
2025-08-07 12:21:04,479 INFO  [org.apa.kaf.cli.pro.KafkaProducer] (main) [Producer clientId=Producer-topic-686afedc_f267_4a4f_867a_1915beecd4d2] Instantiated an idempotent producer.
2025-08-07 12:21:04,483 INFO  [org.apa.kaf.cli.pro.ProducerConfig] (main) These configurations '[apicurio.registry.find-latest, apicurio.registry.url, apicurio.registry.artifact-resolver-strategy]' were supplied but are not used yet.
2025-08-07 12:21:04,483 INFO  [org.apa.kaf.com.uti.AppInfoParser] (main) Kafka version: 3.9.1
2025-08-07 12:21:04,483 INFO  [org.apa.kaf.com.uti.AppInfoParser] (main) Kafka commitId: f745dfdcee2b9851
2025-08-07 12:21:04,483 INFO  [org.apa.kaf.com.uti.AppInfoParser] (main) Kafka startTimeMs: 1754569264483
2025-08-07 12:21:04,484 INFO  [io.api.tes.ser.api.SimpleSerdesTesterBuilder$SimpleSerdesTester] (main) Using producer configuration: {apicurio.registry.find-latest=true, apicurio.registry.url=http://registry-app-inmemory.apps.ci419.apicurio-testing.org:80/apis/registry/v3, apicurio.registry.artifact-resolver-strategy=io.apicurio.registry.serde.avro.strategy.RecordIdStrategy, value.serializer=io.apicurio.registry.serde.avro.AvroKafkaSerializer, request.timeout.ms=5000, acks=all, bootstrap.servers=PLAINTEXT://localhost:32769, connections.max.idle.ms=10000, key.serializer=org.apache.kafka.common.serialization.StringSerializer, client.id=Producer-topic-686afedc_f267_4a4f_867a_1915beecd4d2}
2025-08-07 12:21:04,484 INFO  [io.api.tes.ser.api.SimpleSerdesTesterBuilder$SimpleSerdesTester] (main) Using consumer configuration: {}
2025-08-07 12:21:04,485 INFO  [io.api.tes.ser.api.KafkaSerdesTester] (Thread-627) Sending message {"key11754569263447": "value-0"} to topic topic-686afedc_f267_4a4f_867a_1915beecd4d2
2025-08-07 12:21:04,487 INFO  [org.apa.kaf.cli.Metadata] (kafka-producer-network-thread | Producer-topic-686afedc_f267_4a4f_867a_1915beecd4d2) [Producer clientId=Producer-topic-686afedc_f267_4a4f_867a_1915beecd4d2] Cluster ID: CeYNmdzmRCaaSk-AVslC4g
2025-08-07 12:21:04,488 INFO  [org.apa.kaf.cli.pro.int.TransactionManager] (kafka-producer-network-thread | Producer-topic-686afedc_f267_4a4f_867a_1915beecd4d2) [Producer clientId=Producer-topic-686afedc_f267_4a4f_867a_1915beecd4d2] ProducerId set to 5 with epoch 0
2025-08-07 12:21:04,531 INFO  [io.api.tes.ser.api.KafkaSerdesTester] (Thread-627) Sending message {"key11754569263447": "value-1"} to topic topic-686afedc_f267_4a4f_867a_1915beecd4d2
2025-08-07 12:21:04,533 INFO  [io.api.tes.ser.api.KafkaSerdesTester] (Thread-627) Sending message {"key11754569263447": "value-2"} to topic topic-686afedc_f267_4a4f_867a_1915beecd4d2
2025-08-07 12:21:04,535 INFO  [io.api.tes.ser.api.KafkaSerdesTester] (Thread-627) Sending message {"key11754569263447": "value-3"} to topic topic-686afedc_f267_4a4f_867a_1915beecd4d2
2025-08-07 12:21:04,537 INFO  [io.api.tes.ser.api.KafkaSerdesTester] (Thread-627) Sending message {"key11754569263447": "value-4"} to topic topic-686afedc_f267_4a4f_867a_1915beecd4d2
2025-08-07 12:21:04,543 INFO  [io.api.tes.ser.api.KafkaSerdesTester] (Thread-627) Sending message {"key11754569263447": "value-5"} to topic topic-686afedc_f267_4a4f_867a_1915beecd4d2
2025-08-07 12:21:04,546 INFO  [io.api.tes.ser.api.KafkaSerdesTester] (Thread-627) Sending message {"key11754569263447": "value-6"} to topic topic-686afedc_f267_4a4f_867a_1915beecd4d2
2025-08-07 12:21:04,548 INFO  [io.api.tes.ser.api.KafkaSerdesTester] (Thread-627) Sending message {"key11754569263447": "value-7"} to topic topic-686afedc_f267_4a4f_867a_1915beecd4d2
2025-08-07 12:21:04,551 INFO  [io.api.tes.ser.api.KafkaSerdesTester] (Thread-627) Sending message {"key11754569263447": "value-8"} to topic topic-686afedc_f267_4a4f_867a_1915beecd4d2
2025-08-07 12:21:04,553 INFO  [io.api.tes.ser.api.KafkaSerdesTester] (Thread-627) Sending message {"key11754569263447": "value-9"} to topic topic-686afedc_f267_4a4f_867a_1915beecd4d2
2025-08-07 12:21:04,555 INFO  [io.api.tes.ser.api.KafkaSerdesTester] (Thread-627) Produced 10 messages
2025-08-07 12:21:04,556 INFO  [org.apa.kaf.cli.pro.KafkaProducer] (Thread-627) [Producer clientId=Producer-topic-686afedc_f267_4a4f_867a_1915beecd4d2] Closing the Kafka producer with timeoutMillis = 9223372036854775807 ms.
2025-08-07 12:21:04,558 INFO  [org.apa.kaf.com.met.Metrics] (Thread-627) Metrics scheduler closed
2025-08-07 12:21:04,558 INFO  [org.apa.kaf.com.met.Metrics] (Thread-627) Closing reporter org.apache.kafka.common.metrics.JmxReporter
2025-08-07 12:21:04,558 INFO  [org.apa.kaf.com.met.Metrics] (Thread-627) Closing reporter org.apache.kafka.common.telemetry.internals.ClientTelemetryReporter
2025-08-07 12:21:04,558 INFO  [org.apa.kaf.com.met.Metrics] (Thread-627) Metrics reporters closed
2025-08-07 12:21:04,558 INFO  [org.apa.kaf.com.uti.AppInfoParser] (Thread-627) App info kafka.producer for Producer-topic-686afedc_f267_4a4f_867a_1915beecd4d2 unregistered
**** Registry Base URL: http://registry-app-inmemory.apps.ci419.apicurio-testing.org:80
2025-08-07 12:21:04,559 INFO  [org.apa.kaf.cli.con.ConsumerConfig] (main) ConsumerConfig values: 
	allow.auto.create.topics = true
	auto.commit.interval.ms = 500
	auto.include.jmx.reporter = true
	auto.offset.reset = earliest
	bootstrap.servers = [PLAINTEXT://localhost:32769]
	check.crcs = true
	client.dns.lookup = use_all_dns_ips
	client.id = consumer-Consumer-topic-686afedc_f267_4a4f_867a_1915beecd4d2-5
	client.rack = 
	connections.max.idle.ms = 10000
	default.api.timeout.ms = 60000
	enable.auto.commit = true
	enable.metrics.push = true
	exclude.internal.topics = true
	fetch.max.bytes = 52428800
	fetch.max.wait.ms = 500
	fetch.min.bytes = 1
	group.id = Consumer-topic-686afedc_f267_4a4f_867a_1915beecd4d2
	group.instance.id = null
	group.protocol = classic
	group.remote.assignor = null
	heartbeat.interval.ms = 3000
	interceptor.classes = []
	internal.leave.group.on.close = true
	internal.throw.on.fetch.stable.offset.unsupported = false
	isolation.level = read_uncommitted
	key.deserializer = class org.apache.kafka.common.serialization.StringDeserializer
	max.partition.fetch.bytes = 1048576
	max.poll.interval.ms = 300000
	max.poll.records = 500
	metadata.max.age.ms = 300000
	metadata.recovery.strategy = none
	metric.reporters = []
	metrics.num.samples = 2
	metrics.recording.level = INFO
	metrics.sample.window.ms = 30000
	partition.assignment.strategy = [class org.apache.kafka.clients.consumer.RangeAssignor, class org.apache.kafka.clients.consumer.CooperativeStickyAssignor]
	receive.buffer.bytes = 65536
	reconnect.backoff.max.ms = 1000
	reconnect.backoff.ms = 50
	request.timeout.ms = 5000
	retry.backoff.max.ms = 1000
	retry.backoff.ms = 100
	sasl.client.callback.handler.class = null
	sasl.jaas.config = null
	sasl.kerberos.kinit.cmd = /usr/bin/kinit
	sasl.kerberos.min.time.before.relogin = 60000
	sasl.kerberos.service.name = null
	sasl.kerberos.ticket.renew.jitter = 0.05
	sasl.kerberos.ticket.renew.window.factor = 0.8
	sasl.login.callback.handler.class = null
	sasl.login.class = null
	sasl.login.connect.timeout.ms = null
	sasl.login.read.timeout.ms = null
	sasl.login.refresh.buffer.seconds = 300
	sasl.login.refresh.min.period.seconds = 60
	sasl.login.refresh.window.factor = 0.8
	sasl.login.refresh.window.jitter = 0.05
	sasl.login.retry.backoff.max.ms = 10000
	sasl.login.retry.backoff.ms = 100
	sasl.mechanism = GSSAPI
	sasl.oauthbearer.clock.skew.seconds = 30
	sasl.oauthbearer.expected.audience = null
	sasl.oauthbearer.expected.issuer = null
	sasl.oauthbearer.header.urlencode = false
	sasl.oauthbearer.jwks.endpoint.refresh.ms = 3600000
	sasl.oauthbearer.jwks.endpoint.retry.backoff.max.ms = 10000
	sasl.oauthbearer.jwks.endpoint.retry.backoff.ms = 100
	sasl.oauthbearer.jwks.endpoint.url = null
	sasl.oauthbearer.scope.claim.name = scope
	sasl.oauthbearer.sub.claim.name = sub
	sasl.oauthbearer.token.endpoint.url = null
	security.protocol = PLAINTEXT
	security.providers = null
	send.buffer.bytes = 131072
	session.timeout.ms = 45000
	socket.connection.setup.timeout.max.ms = 30000
	socket.connection.setup.timeout.ms = 10000
	ssl.cipher.suites = null
	ssl.enabled.protocols = [TLSv1.2, TLSv1.3]
	ssl.endpoint.identification.algorithm = https
	ssl.engine.factory.class = null
	ssl.key.password = null
	ssl.keymanager.algorithm = SunX509
	ssl.keystore.certificate.chain = null
	ssl.keystore.key = null
	ssl.keystore.location = null
	ssl.keystore.password = null
	ssl.keystore.type = JKS
	ssl.protocol = TLSv1.3
	ssl.provider = null
	ssl.secure.random.implementation = null
	ssl.trustmanager.algorithm = PKIX
	ssl.truststore.certificates = null
	ssl.truststore.location = null
	ssl.truststore.password = null
	ssl.truststore.type = JKS
	value.deserializer = class io.apicurio.registry.serde.avro.AvroKafkaDeserializer

2025-08-07 12:21:04,560 INFO  [org.apa.kaf.com.tel.int.KafkaMetricsCollector] (main) initializing Kafka metrics collector
2025-08-07 12:21:04,575 INFO  [org.apa.kaf.cli.con.ConsumerConfig] (main) These configurations '[apicurio.registry.url]' were supplied but are not used yet.
2025-08-07 12:21:04,575 INFO  [org.apa.kaf.com.uti.AppInfoParser] (main) Kafka version: 3.9.1
2025-08-07 12:21:04,575 INFO  [org.apa.kaf.com.uti.AppInfoParser] (main) Kafka commitId: f745dfdcee2b9851
2025-08-07 12:21:04,575 INFO  [org.apa.kaf.com.uti.AppInfoParser] (main) Kafka startTimeMs: 1754569264575
2025-08-07 12:21:04,576 INFO  [org.apa.kaf.cli.con.int.ClassicKafkaConsumer] (Thread-630) [Consumer clientId=consumer-Consumer-topic-686afedc_f267_4a4f_867a_1915beecd4d2-5, groupId=Consumer-topic-686afedc_f267_4a4f_867a_1915beecd4d2] Subscribed to topic(s): topic-686afedc_f267_4a4f_867a_1915beecd4d2
2025-08-07 12:21:04,584 INFO  [org.apa.kaf.cli.Metadata] (Thread-630) [Consumer clientId=consumer-Consumer-topic-686afedc_f267_4a4f_867a_1915beecd4d2-5, groupId=Consumer-topic-686afedc_f267_4a4f_867a_1915beecd4d2] Cluster ID: CeYNmdzmRCaaSk-AVslC4g
2025-08-07 12:21:04,585 INFO  [org.apa.kaf.cli.con.int.ConsumerCoordinator] (Thread-630) [Consumer clientId=consumer-Consumer-topic-686afedc_f267_4a4f_867a_1915beecd4d2-5, groupId=Consumer-topic-686afedc_f267_4a4f_867a_1915beecd4d2] Discovered group coordinator localhost:32769 (id: 2147483647 rack: null)
2025-08-07 12:21:04,589 INFO  [org.apa.kaf.cli.con.int.ConsumerCoordinator] (Thread-630) [Consumer clientId=consumer-Consumer-topic-686afedc_f267_4a4f_867a_1915beecd4d2-5, groupId=Consumer-topic-686afedc_f267_4a4f_867a_1915beecd4d2] (Re-)joining group
2025-08-07 12:21:04,592 INFO  [org.apa.kaf.cli.con.int.ConsumerCoordinator] (Thread-630) [Consumer clientId=consumer-Consumer-topic-686afedc_f267_4a4f_867a_1915beecd4d2-5, groupId=Consumer-topic-686afedc_f267_4a4f_867a_1915beecd4d2] Request joining group due to: need to re-join with the given member-id: consumer-Consumer-topic-686afedc_f267_4a4f_867a_1915beecd4d2-5-923b0cee-cc1f-4ba3-9529-d15300db9a9d
2025-08-07 12:21:04,593 INFO  [org.apa.kaf.cli.con.int.ConsumerCoordinator] (Thread-630) [Consumer clientId=consumer-Consumer-topic-686afedc_f267_4a4f_867a_1915beecd4d2-5, groupId=Consumer-topic-686afedc_f267_4a4f_867a_1915beecd4d2] (Re-)joining group
2025-08-07 12:21:05,576 INFO  [io.api.tes.ser.api.KafkaSerdesTester] (Thread-630) None found
2025-08-07 12:21:06,576 INFO  [io.api.tes.ser.api.KafkaSerdesTester] (Thread-630) None found
2025-08-07 12:21:07,577 INFO  [io.api.tes.ser.api.KafkaSerdesTester] (Thread-630) None found
2025-08-07 12:21:07,596 INFO  [org.apa.kaf.cli.con.int.ConsumerCoordinator] (Thread-630) [Consumer clientId=consumer-Consumer-topic-686afedc_f267_4a4f_867a_1915beecd4d2-5, groupId=Consumer-topic-686afedc_f267_4a4f_867a_1915beecd4d2] Successfully joined group with generation Generation{generationId=1, memberId='consumer-Consumer-topic-686afedc_f267_4a4f_867a_1915beecd4d2-5-923b0cee-cc1f-4ba3-9529-d15300db9a9d', protocol='range'}
2025-08-07 12:21:07,597 INFO  [org.apa.kaf.cli.con.int.ConsumerCoordinator] (Thread-630) [Consumer clientId=consumer-Consumer-topic-686afedc_f267_4a4f_867a_1915beecd4d2-5, groupId=Consumer-topic-686afedc_f267_4a4f_867a_1915beecd4d2] Finished assignment for group at generation 1: {consumer-Consumer-topic-686afedc_f267_4a4f_867a_1915beecd4d2-5-923b0cee-cc1f-4ba3-9529-d15300db9a9d=Assignment(partitions=[topic-686afedc_f267_4a4f_867a_1915beecd4d2-0])}
2025-08-07 12:21:07,604 INFO  [org.apa.kaf.cli.con.int.ConsumerCoordinator] (Thread-630) [Consumer clientId=consumer-Consumer-topic-686afedc_f267_4a4f_867a_1915beecd4d2-5, groupId=Consumer-topic-686afedc_f267_4a4f_867a_1915beecd4d2] Successfully synced group in generation Generation{generationId=1, memberId='consumer-Consumer-topic-686afedc_f267_4a4f_867a_1915beecd4d2-5-923b0cee-cc1f-4ba3-9529-d15300db9a9d', protocol='range'}
2025-08-07 12:21:07,604 INFO  [org.apa.kaf.cli.con.int.ConsumerCoordinator] (Thread-630) [Consumer clientId=consumer-Consumer-topic-686afedc_f267_4a4f_867a_1915beecd4d2-5, groupId=Consumer-topic-686afedc_f267_4a4f_867a_1915beecd4d2] Notifying assignor about the new Assignment(partitions=[topic-686afedc_f267_4a4f_867a_1915beecd4d2-0])
2025-08-07 12:21:07,604 INFO  [org.apa.kaf.cli.con.int.ConsumerRebalanceListenerInvoker] (Thread-630) [Consumer clientId=consumer-Consumer-topic-686afedc_f267_4a4f_867a_1915beecd4d2-5, groupId=Consumer-topic-686afedc_f267_4a4f_867a_1915beecd4d2] Adding newly assigned partitions: topic-686afedc_f267_4a4f_867a_1915beecd4d2-0
2025-08-07 12:21:07,606 INFO  [org.apa.kaf.cli.con.int.ConsumerCoordinator] (Thread-630) [Consumer clientId=consumer-Consumer-topic-686afedc_f267_4a4f_867a_1915beecd4d2-5, groupId=Consumer-topic-686afedc_f267_4a4f_867a_1915beecd4d2] Found no committed offset for partition topic-686afedc_f267_4a4f_867a_1915beecd4d2-0
2025-08-07 12:21:07,611 INFO  [org.apa.kaf.cli.con.int.SubscriptionState] (Thread-630) [Consumer clientId=consumer-Consumer-topic-686afedc_f267_4a4f_867a_1915beecd4d2-5, groupId=Consumer-topic-686afedc_f267_4a4f_867a_1915beecd4d2] Resetting offset for partition topic-686afedc_f267_4a4f_867a_1915beecd4d2-0 to position FetchPosition{offset=0, offsetEpoch=Optional.empty, currentLeader=LeaderAndEpoch{leader=Optional[localhost:32769 (id: 0 rack: null)], epoch=0}}.
2025-08-07 12:21:07,639 INFO  [io.api.tes.ser.api.KafkaSerdesTester] (Thread-630) topic-686afedc_f267_4a4f_867a_1915beecd4d2 0 0 {"key11754569263447": "value-0"}
2025-08-07 12:21:07,639 INFO  [io.api.tes.ser.api.KafkaSerdesTester] (Thread-630) topic-686afedc_f267_4a4f_867a_1915beecd4d2 0 1 {"key11754569263447": "value-1"}
2025-08-07 12:21:07,639 INFO  [io.api.tes.ser.api.KafkaSerdesTester] (Thread-630) topic-686afedc_f267_4a4f_867a_1915beecd4d2 0 2 {"key11754569263447": "value-2"}
2025-08-07 12:21:07,640 INFO  [io.api.tes.ser.api.KafkaSerdesTester] (Thread-630) topic-686afedc_f267_4a4f_867a_1915beecd4d2 0 3 {"key11754569263447": "value-3"}
2025-08-07 12:21:07,640 INFO  [io.api.tes.ser.api.KafkaSerdesTester] (Thread-630) topic-686afedc_f267_4a4f_867a_1915beecd4d2 0 4 {"key11754569263447": "value-4"}
2025-08-07 12:21:07,640 INFO  [io.api.tes.ser.api.KafkaSerdesTester] (Thread-630) topic-686afedc_f267_4a4f_867a_1915beecd4d2 0 5 {"key11754569263447": "value-5"}
2025-08-07 12:21:07,640 INFO  [io.api.tes.ser.api.KafkaSerdesTester] (Thread-630) topic-686afedc_f267_4a4f_867a_1915beecd4d2 0 6 {"key11754569263447": "value-6"}
2025-08-07 12:21:07,640 INFO  [io.api.tes.ser.api.KafkaSerdesTester] (Thread-630) topic-686afedc_f267_4a4f_867a_1915beecd4d2 0 7 {"key11754569263447": "value-7"}
2025-08-07 12:21:07,640 INFO  [io.api.tes.ser.api.KafkaSerdesTester] (Thread-630) topic-686afedc_f267_4a4f_867a_1915beecd4d2 0 8 {"key11754569263447": "value-8"}
2025-08-07 12:21:07,640 INFO  [io.api.tes.ser.api.KafkaSerdesTester] (Thread-630) topic-686afedc_f267_4a4f_867a_1915beecd4d2 0 9 {"key11754569263447": "value-9"}
2025-08-07 12:21:07,640 INFO  [io.api.tes.ser.api.KafkaSerdesTester] (Thread-630) Consumed 10 messages
2025-08-07 12:21:07,648 INFO  [org.apa.kaf.cli.con.int.ConsumerRebalanceListenerInvoker] (Thread-630) [Consumer clientId=consumer-Consumer-topic-686afedc_f267_4a4f_867a_1915beecd4d2-5, groupId=Consumer-topic-686afedc_f267_4a4f_867a_1915beecd4d2] Revoke previously assigned partitions topic-686afedc_f267_4a4f_867a_1915beecd4d2-0
2025-08-07 12:21:07,648 INFO  [org.apa.kaf.cli.con.int.ConsumerCoordinator] (Thread-630) [Consumer clientId=consumer-Consumer-topic-686afedc_f267_4a4f_867a_1915beecd4d2-5, groupId=Consumer-topic-686afedc_f267_4a4f_867a_1915beecd4d2] Member consumer-Consumer-topic-686afedc_f267_4a4f_867a_1915beecd4d2-5-923b0cee-cc1f-4ba3-9529-d15300db9a9d sending LeaveGroup request to coordinator localhost:32769 (id: 2147483647 rack: null) due to the consumer is being closed
2025-08-07 12:21:07,648 INFO  [org.apa.kaf.cli.con.int.ConsumerCoordinator] (Thread-630) [Consumer clientId=consumer-Consumer-topic-686afedc_f267_4a4f_867a_1915beecd4d2-5, groupId=Consumer-topic-686afedc_f267_4a4f_867a_1915beecd4d2] Resetting generation and member id due to: consumer pro-actively leaving the group
2025-08-07 12:21:07,648 INFO  [org.apa.kaf.cli.con.int.ConsumerCoordinator] (Thread-630) [Consumer clientId=consumer-Consumer-topic-686afedc_f267_4a4f_867a_1915beecd4d2-5, groupId=Consumer-topic-686afedc_f267_4a4f_867a_1915beecd4d2] Request joining group due to: consumer pro-actively leaving the group
2025-08-07 12:21:08,145 INFO  [org.apa.kaf.com.met.Metrics] (Thread-630) Metrics scheduler closed
2025-08-07 12:21:08,145 INFO  [org.apa.kaf.com.met.Metrics] (Thread-630) Closing reporter org.apache.kafka.common.metrics.JmxReporter
2025-08-07 12:21:08,145 INFO  [org.apa.kaf.com.met.Metrics] (Thread-630) Closing reporter org.apache.kafka.common.telemetry.internals.ClientTelemetryReporter
2025-08-07 12:21:08,145 INFO  [org.apa.kaf.com.met.Metrics] (Thread-630) Metrics reporters closed
2025-08-07 12:21:08,151 INFO  [org.apa.kaf.com.uti.AppInfoParser] (Thread-630) App info kafka.consumer for consumer-Consumer-topic-686afedc_f267_4a4f_867a_1915beecd4d2-5 unregistered
2025-08-07 12:21:08,152 INFO  [io.api.tes.uti.TestSeparator] (main) io.apicurio.tests.serdes.apicurio.AvroSerdeIT.testRecordIdStrategydFindLatest-FINISHED
2025-08-07 12:21:08,152 INFO  [io.api.tes.uti.TestSeparator] (main) ############################################################################
Test passed: testRecordIdStrategydFindLatest
]]></system-out>
  </testcase>
  <testcase name="testReflectAutoRegister" classname="io.apicurio.tests.serdes.apicurio.AvroSerdeIT" time="3.834">
    <system-out><![CDATA[2025-08-07 12:21:08,157 INFO  [io.api.tes.uti.TestSeparator] (main) ############################################################################
2025-08-07 12:21:08,157 INFO  [io.api.tes.uti.TestSeparator] (main) io.apicurio.tests.serdes.apicurio.AvroSerdeIT.testReflectAutoRegister-STARTED
**** Registry Base URL: http://registry-app-inmemory.apps.ci419.apicurio-testing.org:80
2025-08-07 12:21:08,161 INFO  [org.apa.kaf.cli.pro.ProducerConfig] (main) ProducerConfig values: 
	acks = -1
	auto.include.jmx.reporter = true
	batch.size = 16384
	bootstrap.servers = [PLAINTEXT://localhost:32769]
	buffer.memory = 33554432
	client.dns.lookup = use_all_dns_ips
	client.id = Producer-topic-f199a966_eca1_4a5e_990e_458a6d5b4492
	compression.gzip.level = -1
	compression.lz4.level = 9
	compression.type = none
	compression.zstd.level = 3
	connections.max.idle.ms = 10000
	delivery.timeout.ms = 120000
	enable.idempotence = true
	enable.metrics.push = true
	interceptor.classes = []
	key.serializer = class org.apache.kafka.common.serialization.StringSerializer
	linger.ms = 0
	max.block.ms = 60000
	max.in.flight.requests.per.connection = 5
	max.request.size = 1048576
	metadata.max.age.ms = 300000
	metadata.max.idle.ms = 300000
	metadata.recovery.strategy = none
	metric.reporters = []
	metrics.num.samples = 2
	metrics.recording.level = INFO
	metrics.sample.window.ms = 30000
	partitioner.adaptive.partitioning.enable = true
	partitioner.availability.timeout.ms = 0
	partitioner.class = null
	partitioner.ignore.keys = false
	receive.buffer.bytes = 32768
	reconnect.backoff.max.ms = 1000
	reconnect.backoff.ms = 50
	request.timeout.ms = 5000
	retries = 2147483647
	retry.backoff.max.ms = 1000
	retry.backoff.ms = 100
	sasl.client.callback.handler.class = null
	sasl.jaas.config = null
	sasl.kerberos.kinit.cmd = /usr/bin/kinit
	sasl.kerberos.min.time.before.relogin = 60000
	sasl.kerberos.service.name = null
	sasl.kerberos.ticket.renew.jitter = 0.05
	sasl.kerberos.ticket.renew.window.factor = 0.8
	sasl.login.callback.handler.class = null
	sasl.login.class = null
	sasl.login.connect.timeout.ms = null
	sasl.login.read.timeout.ms = null
	sasl.login.refresh.buffer.seconds = 300
	sasl.login.refresh.min.period.seconds = 60
	sasl.login.refresh.window.factor = 0.8
	sasl.login.refresh.window.jitter = 0.05
	sasl.login.retry.backoff.max.ms = 10000
	sasl.login.retry.backoff.ms = 100
	sasl.mechanism = GSSAPI
	sasl.oauthbearer.clock.skew.seconds = 30
	sasl.oauthbearer.expected.audience = null
	sasl.oauthbearer.expected.issuer = null
	sasl.oauthbearer.header.urlencode = false
	sasl.oauthbearer.jwks.endpoint.refresh.ms = 3600000
	sasl.oauthbearer.jwks.endpoint.retry.backoff.max.ms = 10000
	sasl.oauthbearer.jwks.endpoint.retry.backoff.ms = 100
	sasl.oauthbearer.jwks.endpoint.url = null
	sasl.oauthbearer.scope.claim.name = scope
	sasl.oauthbearer.sub.claim.name = sub
	sasl.oauthbearer.token.endpoint.url = null
	security.protocol = PLAINTEXT
	security.providers = null
	send.buffer.bytes = 131072
	socket.connection.setup.timeout.max.ms = 30000
	socket.connection.setup.timeout.ms = 10000
	ssl.cipher.suites = null
	ssl.enabled.protocols = [TLSv1.2, TLSv1.3]
	ssl.endpoint.identification.algorithm = https
	ssl.engine.factory.class = null
	ssl.key.password = null
	ssl.keymanager.algorithm = SunX509
	ssl.keystore.certificate.chain = null
	ssl.keystore.key = null
	ssl.keystore.location = null
	ssl.keystore.password = null
	ssl.keystore.type = JKS
	ssl.protocol = TLSv1.3
	ssl.provider = null
	ssl.secure.random.implementation = null
	ssl.trustmanager.algorithm = PKIX
	ssl.truststore.certificates = null
	ssl.truststore.location = null
	ssl.truststore.password = null
	ssl.truststore.type = JKS
	transaction.timeout.ms = 60000
	transactional.id = null
	value.serializer = class io.apicurio.registry.serde.avro.AvroKafkaSerializer

2025-08-07 12:21:08,164 INFO  [org.apa.kaf.com.tel.int.KafkaMetricsCollector] (main) initializing Kafka metrics collector
2025-08-07 12:21:08,181 INFO  [org.apa.kaf.cli.pro.KafkaProducer] (main) [Producer clientId=Producer-topic-f199a966_eca1_4a5e_990e_458a6d5b4492] Instantiated an idempotent producer.
2025-08-07 12:21:08,183 INFO  [org.apa.kaf.cli.pro.ProducerConfig] (main) These configurations '[apicurio.registry.url, apicurio.registry.auto-register, apicurio.registry.artifact-resolver-strategy, apicurio.registry.avro-datum-provider]' were supplied but are not used yet.
2025-08-07 12:21:08,183 INFO  [org.apa.kaf.com.uti.AppInfoParser] (main) Kafka version: 3.9.1
2025-08-07 12:21:08,183 INFO  [org.apa.kaf.com.uti.AppInfoParser] (main) Kafka commitId: f745dfdcee2b9851
2025-08-07 12:21:08,183 INFO  [org.apa.kaf.com.uti.AppInfoParser] (main) Kafka startTimeMs: 1754569268183
2025-08-07 12:21:08,183 INFO  [io.api.tes.ser.api.SimpleSerdesTesterBuilder$SimpleSerdesTester] (main) Using producer configuration: {apicurio.registry.url=http://registry-app-inmemory.apps.ci419.apicurio-testing.org:80/apis/registry/v3, apicurio.registry.auto-register=true, apicurio.registry.artifact-resolver-strategy=io.apicurio.registry.serde.strategy.TopicIdStrategy, value.serializer=io.apicurio.registry.serde.avro.AvroKafkaSerializer, request.timeout.ms=5000, acks=all, bootstrap.servers=PLAINTEXT://localhost:32769, connections.max.idle.ms=10000, key.serializer=org.apache.kafka.common.serialization.StringSerializer, apicurio.registry.avro-datum-provider=io.apicurio.registry.serde.avro.ReflectAvroDatumProvider, client.id=Producer-topic-f199a966_eca1_4a5e_990e_458a6d5b4492}
2025-08-07 12:21:08,183 INFO  [io.api.tes.ser.api.SimpleSerdesTesterBuilder$SimpleSerdesTester] (main) Using consumer configuration: {apicurio.registry.avro-datum-provider=io.apicurio.registry.serde.avro.ReflectAvroDatumProvider}
2025-08-07 12:21:08,184 INFO  [io.api.tes.ser.api.KafkaSerdesTester] (Thread-633) Sending message io.apicurio.tests.common.serdes.TestObject@3dbd29cb to topic topic-f199a966_eca1_4a5e_990e_458a6d5b4492
2025-08-07 12:21:08,190 WARN  [org.apa.kaf.cli.NetworkClient] (kafka-producer-network-thread | Producer-topic-f199a966_eca1_4a5e_990e_458a6d5b4492) [Producer clientId=Producer-topic-f199a966_eca1_4a5e_990e_458a6d5b4492] The metadata response from the cluster reported a recoverable issue with correlation id 1 : {topic-f199a966_eca1_4a5e_990e_458a6d5b4492=UNKNOWN_TOPIC_OR_PARTITION}
2025-08-07 12:21:08,190 INFO  [org.apa.kaf.cli.Metadata] (kafka-producer-network-thread | Producer-topic-f199a966_eca1_4a5e_990e_458a6d5b4492) [Producer clientId=Producer-topic-f199a966_eca1_4a5e_990e_458a6d5b4492] Cluster ID: CeYNmdzmRCaaSk-AVslC4g
2025-08-07 12:21:08,196 INFO  [org.apa.kaf.cli.pro.int.TransactionManager] (kafka-producer-network-thread | Producer-topic-f199a966_eca1_4a5e_990e_458a6d5b4492) [Producer clientId=Producer-topic-f199a966_eca1_4a5e_990e_458a6d5b4492] ProducerId set to 6 with epoch 0
2025-08-07 12:21:08,349 INFO  [io.api.tes.ser.api.KafkaSerdesTester] (Thread-633) Sending message io.apicurio.tests.common.serdes.TestObject@3dbd29cb to topic topic-f199a966_eca1_4a5e_990e_458a6d5b4492
2025-08-07 12:21:08,355 INFO  [io.api.tes.ser.api.KafkaSerdesTester] (Thread-633) Sending message io.apicurio.tests.common.serdes.TestObject@3dbd29cb to topic topic-f199a966_eca1_4a5e_990e_458a6d5b4492
2025-08-07 12:21:08,357 INFO  [io.api.tes.ser.api.KafkaSerdesTester] (Thread-633) Sending message io.apicurio.tests.common.serdes.TestObject@3dbd29cb to topic topic-f199a966_eca1_4a5e_990e_458a6d5b4492
2025-08-07 12:21:08,359 INFO  [io.api.tes.ser.api.KafkaSerdesTester] (Thread-633) Sending message io.apicurio.tests.common.serdes.TestObject@3dbd29cb to topic topic-f199a966_eca1_4a5e_990e_458a6d5b4492
2025-08-07 12:21:08,361 INFO  [io.api.tes.ser.api.KafkaSerdesTester] (Thread-633) Sending message io.apicurio.tests.common.serdes.TestObject@3dbd29cb to topic topic-f199a966_eca1_4a5e_990e_458a6d5b4492
2025-08-07 12:21:08,363 INFO  [io.api.tes.ser.api.KafkaSerdesTester] (Thread-633) Sending message io.apicurio.tests.common.serdes.TestObject@3dbd29cb to topic topic-f199a966_eca1_4a5e_990e_458a6d5b4492
2025-08-07 12:21:08,366 INFO  [io.api.tes.ser.api.KafkaSerdesTester] (Thread-633) Sending message io.apicurio.tests.common.serdes.TestObject@3dbd29cb to topic topic-f199a966_eca1_4a5e_990e_458a6d5b4492
2025-08-07 12:21:08,368 INFO  [io.api.tes.ser.api.KafkaSerdesTester] (Thread-633) Sending message io.apicurio.tests.common.serdes.TestObject@3dbd29cb to topic topic-f199a966_eca1_4a5e_990e_458a6d5b4492
2025-08-07 12:21:08,373 INFO  [io.api.tes.ser.api.KafkaSerdesTester] (Thread-633) Sending message io.apicurio.tests.common.serdes.TestObject@3dbd29cb to topic topic-f199a966_eca1_4a5e_990e_458a6d5b4492
2025-08-07 12:21:08,375 INFO  [io.api.tes.ser.api.KafkaSerdesTester] (Thread-633) Produced 10 messages
2025-08-07 12:21:08,376 INFO  [org.apa.kaf.cli.pro.KafkaProducer] (Thread-633) [Producer clientId=Producer-topic-f199a966_eca1_4a5e_990e_458a6d5b4492] Closing the Kafka producer with timeoutMillis = 9223372036854775807 ms.
2025-08-07 12:21:08,379 INFO  [org.apa.kaf.com.met.Metrics] (Thread-633) Metrics scheduler closed
2025-08-07 12:21:08,379 INFO  [org.apa.kaf.com.met.Metrics] (Thread-633) Closing reporter org.apache.kafka.common.metrics.JmxReporter
2025-08-07 12:21:08,380 INFO  [org.apa.kaf.com.met.Metrics] (Thread-633) Closing reporter org.apache.kafka.common.telemetry.internals.ClientTelemetryReporter
2025-08-07 12:21:08,380 INFO  [org.apa.kaf.com.met.Metrics] (Thread-633) Metrics reporters closed
2025-08-07 12:21:08,382 INFO  [org.apa.kaf.com.uti.AppInfoParser] (Thread-633) App info kafka.producer for Producer-topic-f199a966_eca1_4a5e_990e_458a6d5b4492 unregistered
**** Registry Base URL: http://registry-app-inmemory.apps.ci419.apicurio-testing.org:80
2025-08-07 12:21:08,405 INFO  [org.apa.kaf.cli.con.ConsumerConfig] (main) ConsumerConfig values: 
	allow.auto.create.topics = true
	auto.commit.interval.ms = 500
	auto.include.jmx.reporter = true
	auto.offset.reset = earliest
	bootstrap.servers = [PLAINTEXT://localhost:32769]
	check.crcs = true
	client.dns.lookup = use_all_dns_ips
	client.id = consumer-Consumer-topic-f199a966_eca1_4a5e_990e_458a6d5b4492-6
	client.rack = 
	connections.max.idle.ms = 10000
	default.api.timeout.ms = 60000
	enable.auto.commit = true
	enable.metrics.push = true
	exclude.internal.topics = true
	fetch.max.bytes = 52428800
	fetch.max.wait.ms = 500
	fetch.min.bytes = 1
	group.id = Consumer-topic-f199a966_eca1_4a5e_990e_458a6d5b4492
	group.instance.id = null
	group.protocol = classic
	group.remote.assignor = null
	heartbeat.interval.ms = 3000
	interceptor.classes = []
	internal.leave.group.on.close = true
	internal.throw.on.fetch.stable.offset.unsupported = false
	isolation.level = read_uncommitted
	key.deserializer = class org.apache.kafka.common.serialization.StringDeserializer
	max.partition.fetch.bytes = 1048576
	max.poll.interval.ms = 300000
	max.poll.records = 500
	metadata.max.age.ms = 300000
	metadata.recovery.strategy = none
	metric.reporters = []
	metrics.num.samples = 2
	metrics.recording.level = INFO
	metrics.sample.window.ms = 30000
	partition.assignment.strategy = [class org.apache.kafka.clients.consumer.RangeAssignor, class org.apache.kafka.clients.consumer.CooperativeStickyAssignor]
	receive.buffer.bytes = 65536
	reconnect.backoff.max.ms = 1000
	reconnect.backoff.ms = 50
	request.timeout.ms = 5000
	retry.backoff.max.ms = 1000
	retry.backoff.ms = 100
	sasl.client.callback.handler.class = null
	sasl.jaas.config = null
	sasl.kerberos.kinit.cmd = /usr/bin/kinit
	sasl.kerberos.min.time.before.relogin = 60000
	sasl.kerberos.service.name = null
	sasl.kerberos.ticket.renew.jitter = 0.05
	sasl.kerberos.ticket.renew.window.factor = 0.8
	sasl.login.callback.handler.class = null
	sasl.login.class = null
	sasl.login.connect.timeout.ms = null
	sasl.login.read.timeout.ms = null
	sasl.login.refresh.buffer.seconds = 300
	sasl.login.refresh.min.period.seconds = 60
	sasl.login.refresh.window.factor = 0.8
	sasl.login.refresh.window.jitter = 0.05
	sasl.login.retry.backoff.max.ms = 10000
	sasl.login.retry.backoff.ms = 100
	sasl.mechanism = GSSAPI
	sasl.oauthbearer.clock.skew.seconds = 30
	sasl.oauthbearer.expected.audience = null
	sasl.oauthbearer.expected.issuer = null
	sasl.oauthbearer.header.urlencode = false
	sasl.oauthbearer.jwks.endpoint.refresh.ms = 3600000
	sasl.oauthbearer.jwks.endpoint.retry.backoff.max.ms = 10000
	sasl.oauthbearer.jwks.endpoint.retry.backoff.ms = 100
	sasl.oauthbearer.jwks.endpoint.url = null
	sasl.oauthbearer.scope.claim.name = scope
	sasl.oauthbearer.sub.claim.name = sub
	sasl.oauthbearer.token.endpoint.url = null
	security.protocol = PLAINTEXT
	security.providers = null
	send.buffer.bytes = 131072
	session.timeout.ms = 45000
	socket.connection.setup.timeout.max.ms = 30000
	socket.connection.setup.timeout.ms = 10000
	ssl.cipher.suites = null
	ssl.enabled.protocols = [TLSv1.2, TLSv1.3]
	ssl.endpoint.identification.algorithm = https
	ssl.engine.factory.class = null
	ssl.key.password = null
	ssl.keymanager.algorithm = SunX509
	ssl.keystore.certificate.chain = null
	ssl.keystore.key = null
	ssl.keystore.location = null
	ssl.keystore.password = null
	ssl.keystore.type = JKS
	ssl.protocol = TLSv1.3
	ssl.provider = null
	ssl.secure.random.implementation = null
	ssl.trustmanager.algorithm = PKIX
	ssl.truststore.certificates = null
	ssl.truststore.location = null
	ssl.truststore.password = null
	ssl.truststore.type = JKS
	value.deserializer = class io.apicurio.registry.serde.avro.AvroKafkaDeserializer

2025-08-07 12:21:08,405 INFO  [org.apa.kaf.com.tel.int.KafkaMetricsCollector] (main) initializing Kafka metrics collector
2025-08-07 12:21:08,409 INFO  [org.apa.kaf.cli.con.ConsumerConfig] (main) These configurations '[apicurio.registry.url, apicurio.registry.avro-datum-provider]' were supplied but are not used yet.
2025-08-07 12:21:08,409 INFO  [org.apa.kaf.com.uti.AppInfoParser] (main) Kafka version: 3.9.1
2025-08-07 12:21:08,409 INFO  [org.apa.kaf.com.uti.AppInfoParser] (main) Kafka commitId: f745dfdcee2b9851
2025-08-07 12:21:08,409 INFO  [org.apa.kaf.com.uti.AppInfoParser] (main) Kafka startTimeMs: 1754569268409
2025-08-07 12:21:08,410 INFO  [org.apa.kaf.cli.con.int.ClassicKafkaConsumer] (Thread-636) [Consumer clientId=consumer-Consumer-topic-f199a966_eca1_4a5e_990e_458a6d5b4492-6, groupId=Consumer-topic-f199a966_eca1_4a5e_990e_458a6d5b4492] Subscribed to topic(s): topic-f199a966_eca1_4a5e_990e_458a6d5b4492
2025-08-07 12:21:08,416 INFO  [org.apa.kaf.cli.Metadata] (Thread-636) [Consumer clientId=consumer-Consumer-topic-f199a966_eca1_4a5e_990e_458a6d5b4492-6, groupId=Consumer-topic-f199a966_eca1_4a5e_990e_458a6d5b4492] Cluster ID: CeYNmdzmRCaaSk-AVslC4g
2025-08-07 12:21:08,417 INFO  [org.apa.kaf.cli.con.int.ConsumerCoordinator] (Thread-636) [Consumer clientId=consumer-Consumer-topic-f199a966_eca1_4a5e_990e_458a6d5b4492-6, groupId=Consumer-topic-f199a966_eca1_4a5e_990e_458a6d5b4492] Discovered group coordinator localhost:32769 (id: 2147483647 rack: null)
2025-08-07 12:21:08,419 INFO  [org.apa.kaf.cli.con.int.ConsumerCoordinator] (Thread-636) [Consumer clientId=consumer-Consumer-topic-f199a966_eca1_4a5e_990e_458a6d5b4492-6, groupId=Consumer-topic-f199a966_eca1_4a5e_990e_458a6d5b4492] (Re-)joining group
2025-08-07 12:21:08,429 INFO  [org.apa.kaf.cli.con.int.ConsumerCoordinator] (Thread-636) [Consumer clientId=consumer-Consumer-topic-f199a966_eca1_4a5e_990e_458a6d5b4492-6, groupId=Consumer-topic-f199a966_eca1_4a5e_990e_458a6d5b4492] Request joining group due to: need to re-join with the given member-id: consumer-Consumer-topic-f199a966_eca1_4a5e_990e_458a6d5b4492-6-938a89bf-2de8-4802-bb17-b707602c7229
2025-08-07 12:21:08,429 INFO  [org.apa.kaf.cli.con.int.ConsumerCoordinator] (Thread-636) [Consumer clientId=consumer-Consumer-topic-f199a966_eca1_4a5e_990e_458a6d5b4492-6, groupId=Consumer-topic-f199a966_eca1_4a5e_990e_458a6d5b4492] (Re-)joining group
2025-08-07 12:21:09,410 INFO  [io.api.tes.ser.api.KafkaSerdesTester] (Thread-636) None found
2025-08-07 12:21:10,411 INFO  [io.api.tes.ser.api.KafkaSerdesTester] (Thread-636) None found
2025-08-07 12:21:11,411 INFO  [io.api.tes.ser.api.KafkaSerdesTester] (Thread-636) None found
2025-08-07 12:21:11,432 INFO  [org.apa.kaf.cli.con.int.ConsumerCoordinator] (Thread-636) [Consumer clientId=consumer-Consumer-topic-f199a966_eca1_4a5e_990e_458a6d5b4492-6, groupId=Consumer-topic-f199a966_eca1_4a5e_990e_458a6d5b4492] Successfully joined group with generation Generation{generationId=1, memberId='consumer-Consumer-topic-f199a966_eca1_4a5e_990e_458a6d5b4492-6-938a89bf-2de8-4802-bb17-b707602c7229', protocol='range'}
2025-08-07 12:21:11,433 INFO  [org.apa.kaf.cli.con.int.ConsumerCoordinator] (Thread-636) [Consumer clientId=consumer-Consumer-topic-f199a966_eca1_4a5e_990e_458a6d5b4492-6, groupId=Consumer-topic-f199a966_eca1_4a5e_990e_458a6d5b4492] Finished assignment for group at generation 1: {consumer-Consumer-topic-f199a966_eca1_4a5e_990e_458a6d5b4492-6-938a89bf-2de8-4802-bb17-b707602c7229=Assignment(partitions=[topic-f199a966_eca1_4a5e_990e_458a6d5b4492-0])}
2025-08-07 12:21:11,439 INFO  [org.apa.kaf.cli.con.int.ConsumerCoordinator] (Thread-636) [Consumer clientId=consumer-Consumer-topic-f199a966_eca1_4a5e_990e_458a6d5b4492-6, groupId=Consumer-topic-f199a966_eca1_4a5e_990e_458a6d5b4492] Successfully synced group in generation Generation{generationId=1, memberId='consumer-Consumer-topic-f199a966_eca1_4a5e_990e_458a6d5b4492-6-938a89bf-2de8-4802-bb17-b707602c7229', protocol='range'}
2025-08-07 12:21:11,439 INFO  [org.apa.kaf.cli.con.int.ConsumerCoordinator] (Thread-636) [Consumer clientId=consumer-Consumer-topic-f199a966_eca1_4a5e_990e_458a6d5b4492-6, groupId=Consumer-topic-f199a966_eca1_4a5e_990e_458a6d5b4492] Notifying assignor about the new Assignment(partitions=[topic-f199a966_eca1_4a5e_990e_458a6d5b4492-0])
2025-08-07 12:21:11,439 INFO  [org.apa.kaf.cli.con.int.ConsumerRebalanceListenerInvoker] (Thread-636) [Consumer clientId=consumer-Consumer-topic-f199a966_eca1_4a5e_990e_458a6d5b4492-6, groupId=Consumer-topic-f199a966_eca1_4a5e_990e_458a6d5b4492] Adding newly assigned partitions: topic-f199a966_eca1_4a5e_990e_458a6d5b4492-0
2025-08-07 12:21:11,440 INFO  [org.apa.kaf.cli.con.int.ConsumerCoordinator] (Thread-636) [Consumer clientId=consumer-Consumer-topic-f199a966_eca1_4a5e_990e_458a6d5b4492-6, groupId=Consumer-topic-f199a966_eca1_4a5e_990e_458a6d5b4492] Found no committed offset for partition topic-f199a966_eca1_4a5e_990e_458a6d5b4492-0
2025-08-07 12:21:11,442 INFO  [org.apa.kaf.cli.con.int.SubscriptionState] (Thread-636) [Consumer clientId=consumer-Consumer-topic-f199a966_eca1_4a5e_990e_458a6d5b4492-6, groupId=Consumer-topic-f199a966_eca1_4a5e_990e_458a6d5b4492] Resetting offset for partition topic-f199a966_eca1_4a5e_990e_458a6d5b4492-0 to position FetchPosition{offset=0, offsetEpoch=Optional.empty, currentLeader=LeaderAndEpoch{leader=Optional[localhost:32769 (id: 0 rack: null)], epoch=0}}.
2025-08-07 12:21:11,472 INFO  [io.api.tes.ser.api.KafkaSerdesTester] (Thread-636) topic-f199a966_eca1_4a5e_990e_458a6d5b4492 0 0 io.apicurio.tests.common.serdes.TestObject@3dbd29cb
2025-08-07 12:21:11,472 INFO  [io.api.tes.ser.api.KafkaSerdesTester] (Thread-636) topic-f199a966_eca1_4a5e_990e_458a6d5b4492 0 1 io.apicurio.tests.common.serdes.TestObject@3dbd29cb
2025-08-07 12:21:11,472 INFO  [io.api.tes.ser.api.KafkaSerdesTester] (Thread-636) topic-f199a966_eca1_4a5e_990e_458a6d5b4492 0 2 io.apicurio.tests.common.serdes.TestObject@3dbd29cb
2025-08-07 12:21:11,472 INFO  [io.api.tes.ser.api.KafkaSerdesTester] (Thread-636) topic-f199a966_eca1_4a5e_990e_458a6d5b4492 0 3 io.apicurio.tests.common.serdes.TestObject@3dbd29cb
2025-08-07 12:21:11,472 INFO  [io.api.tes.ser.api.KafkaSerdesTester] (Thread-636) topic-f199a966_eca1_4a5e_990e_458a6d5b4492 0 4 io.apicurio.tests.common.serdes.TestObject@3dbd29cb
2025-08-07 12:21:11,472 INFO  [io.api.tes.ser.api.KafkaSerdesTester] (Thread-636) topic-f199a966_eca1_4a5e_990e_458a6d5b4492 0 5 io.apicurio.tests.common.serdes.TestObject@3dbd29cb
2025-08-07 12:21:11,473 INFO  [io.api.tes.ser.api.KafkaSerdesTester] (Thread-636) topic-f199a966_eca1_4a5e_990e_458a6d5b4492 0 6 io.apicurio.tests.common.serdes.TestObject@3dbd29cb
2025-08-07 12:21:11,473 INFO  [io.api.tes.ser.api.KafkaSerdesTester] (Thread-636) topic-f199a966_eca1_4a5e_990e_458a6d5b4492 0 7 io.apicurio.tests.common.serdes.TestObject@3dbd29cb
2025-08-07 12:21:11,473 INFO  [io.api.tes.ser.api.KafkaSerdesTester] (Thread-636) topic-f199a966_eca1_4a5e_990e_458a6d5b4492 0 8 io.apicurio.tests.common.serdes.TestObject@3dbd29cb
2025-08-07 12:21:11,473 INFO  [io.api.tes.ser.api.KafkaSerdesTester] (Thread-636) topic-f199a966_eca1_4a5e_990e_458a6d5b4492 0 9 io.apicurio.tests.common.serdes.TestObject@3dbd29cb
2025-08-07 12:21:11,473 INFO  [io.api.tes.ser.api.KafkaSerdesTester] (Thread-636) Consumed 10 messages
2025-08-07 12:21:11,484 INFO  [org.apa.kaf.cli.con.int.ConsumerRebalanceListenerInvoker] (Thread-636) [Consumer clientId=consumer-Consumer-topic-f199a966_eca1_4a5e_990e_458a6d5b4492-6, groupId=Consumer-topic-f199a966_eca1_4a5e_990e_458a6d5b4492] Revoke previously assigned partitions topic-f199a966_eca1_4a5e_990e_458a6d5b4492-0
2025-08-07 12:21:11,484 INFO  [org.apa.kaf.cli.con.int.ConsumerCoordinator] (Thread-636) [Consumer clientId=consumer-Consumer-topic-f199a966_eca1_4a5e_990e_458a6d5b4492-6, groupId=Consumer-topic-f199a966_eca1_4a5e_990e_458a6d5b4492] Member consumer-Consumer-topic-f199a966_eca1_4a5e_990e_458a6d5b4492-6-938a89bf-2de8-4802-bb17-b707602c7229 sending LeaveGroup request to coordinator localhost:32769 (id: 2147483647 rack: null) due to the consumer is being closed
2025-08-07 12:21:11,484 INFO  [org.apa.kaf.cli.con.int.ConsumerCoordinator] (Thread-636) [Consumer clientId=consumer-Consumer-topic-f199a966_eca1_4a5e_990e_458a6d5b4492-6, groupId=Consumer-topic-f199a966_eca1_4a5e_990e_458a6d5b4492] Resetting generation and member id due to: consumer pro-actively leaving the group
2025-08-07 12:21:11,484 INFO  [org.apa.kaf.cli.con.int.ConsumerCoordinator] (Thread-636) [Consumer clientId=consumer-Consumer-topic-f199a966_eca1_4a5e_990e_458a6d5b4492-6, groupId=Consumer-topic-f199a966_eca1_4a5e_990e_458a6d5b4492] Request joining group due to: consumer pro-actively leaving the group
2025-08-07 12:21:11,979 INFO  [org.apa.kaf.com.met.Metrics] (Thread-636) Metrics scheduler closed
2025-08-07 12:21:11,979 INFO  [org.apa.kaf.com.met.Metrics] (Thread-636) Closing reporter org.apache.kafka.common.metrics.JmxReporter
2025-08-07 12:21:11,979 INFO  [org.apa.kaf.com.met.Metrics] (Thread-636) Closing reporter org.apache.kafka.common.telemetry.internals.ClientTelemetryReporter
2025-08-07 12:21:11,979 INFO  [org.apa.kaf.com.met.Metrics] (Thread-636) Metrics reporters closed
2025-08-07 12:21:11,983 INFO  [org.apa.kaf.com.uti.AppInfoParser] (Thread-636) App info kafka.consumer for consumer-Consumer-topic-f199a966_eca1_4a5e_990e_458a6d5b4492-6 unregistered
2025-08-07 12:21:11,986 INFO  [io.api.tes.uti.TestSeparator] (main) io.apicurio.tests.serdes.apicurio.AvroSerdeIT.testReflectAutoRegister-FINISHED
2025-08-07 12:21:11,986 INFO  [io.api.tes.uti.TestSeparator] (main) ############################################################################
Test passed: testReflectAutoRegister
]]></system-out>
  </testcase>
  <testcase name="testArtifactNotFound" classname="io.apicurio.tests.serdes.apicurio.AvroSerdeIT" time="0.198">
    <system-out><![CDATA[2025-08-07 12:21:11,989 INFO  [io.api.tes.uti.TestSeparator] (main) ############################################################################
2025-08-07 12:21:11,989 INFO  [io.api.tes.uti.TestSeparator] (main) io.apicurio.tests.serdes.apicurio.AvroSerdeIT.testArtifactNotFound-STARTED
**** Registry Base URL: http://registry-app-inmemory.apps.ci419.apicurio-testing.org:80
2025-08-07 12:21:11,991 INFO  [org.apa.kaf.cli.pro.ProducerConfig] (main) ProducerConfig values: 
	acks = -1
	auto.include.jmx.reporter = true
	batch.size = 16384
	bootstrap.servers = [PLAINTEXT://localhost:32769]
	buffer.memory = 33554432
	client.dns.lookup = use_all_dns_ips
	client.id = Producer-s4735d2ecxf1b6x495axb7d4xa53ec9fcdc57
	compression.gzip.level = -1
	compression.lz4.level = 9
	compression.type = none
	compression.zstd.level = 3
	connections.max.idle.ms = 10000
	delivery.timeout.ms = 120000
	enable.idempotence = true
	enable.metrics.push = true
	interceptor.classes = []
	key.serializer = class org.apache.kafka.common.serialization.StringSerializer
	linger.ms = 0
	max.block.ms = 60000
	max.in.flight.requests.per.connection = 5
	max.request.size = 1048576
	metadata.max.age.ms = 300000
	metadata.max.idle.ms = 300000
	metadata.recovery.strategy = none
	metric.reporters = []
	metrics.num.samples = 2
	metrics.recording.level = INFO
	metrics.sample.window.ms = 30000
	partitioner.adaptive.partitioning.enable = true
	partitioner.availability.timeout.ms = 0
	partitioner.class = null
	partitioner.ignore.keys = false
	receive.buffer.bytes = 32768
	reconnect.backoff.max.ms = 1000
	reconnect.backoff.ms = 50
	request.timeout.ms = 5000
	retries = 2147483647
	retry.backoff.max.ms = 1000
	retry.backoff.ms = 100
	sasl.client.callback.handler.class = null
	sasl.jaas.config = null
	sasl.kerberos.kinit.cmd = /usr/bin/kinit
	sasl.kerberos.min.time.before.relogin = 60000
	sasl.kerberos.service.name = null
	sasl.kerberos.ticket.renew.jitter = 0.05
	sasl.kerberos.ticket.renew.window.factor = 0.8
	sasl.login.callback.handler.class = null
	sasl.login.class = null
	sasl.login.connect.timeout.ms = null
	sasl.login.read.timeout.ms = null
	sasl.login.refresh.buffer.seconds = 300
	sasl.login.refresh.min.period.seconds = 60
	sasl.login.refresh.window.factor = 0.8
	sasl.login.refresh.window.jitter = 0.05
	sasl.login.retry.backoff.max.ms = 10000
	sasl.login.retry.backoff.ms = 100
	sasl.mechanism = GSSAPI
	sasl.oauthbearer.clock.skew.seconds = 30
	sasl.oauthbearer.expected.audience = null
	sasl.oauthbearer.expected.issuer = null
	sasl.oauthbearer.header.urlencode = false
	sasl.oauthbearer.jwks.endpoint.refresh.ms = 3600000
	sasl.oauthbearer.jwks.endpoint.retry.backoff.max.ms = 10000
	sasl.oauthbearer.jwks.endpoint.retry.backoff.ms = 100
	sasl.oauthbearer.jwks.endpoint.url = null
	sasl.oauthbearer.scope.claim.name = scope
	sasl.oauthbearer.sub.claim.name = sub
	sasl.oauthbearer.token.endpoint.url = null
	security.protocol = PLAINTEXT
	security.providers = null
	send.buffer.bytes = 131072
	socket.connection.setup.timeout.max.ms = 30000
	socket.connection.setup.timeout.ms = 10000
	ssl.cipher.suites = null
	ssl.enabled.protocols = [TLSv1.2, TLSv1.3]
	ssl.endpoint.identification.algorithm = https
	ssl.engine.factory.class = null
	ssl.key.password = null
	ssl.keymanager.algorithm = SunX509
	ssl.keystore.certificate.chain = null
	ssl.keystore.key = null
	ssl.keystore.location = null
	ssl.keystore.password = null
	ssl.keystore.type = JKS
	ssl.protocol = TLSv1.3
	ssl.provider = null
	ssl.secure.random.implementation = null
	ssl.trustmanager.algorithm = PKIX
	ssl.truststore.certificates = null
	ssl.truststore.location = null
	ssl.truststore.password = null
	ssl.truststore.type = JKS
	transaction.timeout.ms = 60000
	transactional.id = null
	value.serializer = class io.apicurio.registry.serde.avro.AvroKafkaSerializer

2025-08-07 12:21:11,991 INFO  [org.apa.kaf.com.tel.int.KafkaMetricsCollector] (main) initializing Kafka metrics collector
2025-08-07 12:21:11,995 INFO  [org.apa.kaf.cli.pro.KafkaProducer] (main) [Producer clientId=Producer-s4735d2ecxf1b6x495axb7d4xa53ec9fcdc57] Instantiated an idempotent producer.
2025-08-07 12:21:11,999 INFO  [org.apa.kaf.cli.pro.ProducerConfig] (main) These configurations '[apicurio.registry.url, apicurio.registry.artifact-resolver-strategy]' were supplied but are not used yet.
2025-08-07 12:21:11,999 INFO  [org.apa.kaf.com.uti.AppInfoParser] (main) Kafka version: 3.9.1
2025-08-07 12:21:11,999 INFO  [org.apa.kaf.com.uti.AppInfoParser] (main) Kafka commitId: f745dfdcee2b9851
2025-08-07 12:21:11,999 INFO  [org.apa.kaf.com.uti.AppInfoParser] (main) Kafka startTimeMs: 1754569271999
2025-08-07 12:21:12,002 INFO  [io.api.tes.ser.api.KafkaSerdesTester] (Thread-639) Sending message {"keyB": "value-0"} to topic s4735d2ecxf1b6x495axb7d4xa53ec9fcdc57
2025-08-07 12:21:12,006 WARN  [org.apa.kaf.cli.NetworkClient] (kafka-producer-network-thread | Producer-s4735d2ecxf1b6x495axb7d4xa53ec9fcdc57) [Producer clientId=Producer-s4735d2ecxf1b6x495axb7d4xa53ec9fcdc57] The metadata response from the cluster reported a recoverable issue with correlation id 1 : {s4735d2ecxf1b6x495axb7d4xa53ec9fcdc57=UNKNOWN_TOPIC_OR_PARTITION}
2025-08-07 12:21:12,006 INFO  [org.apa.kaf.cli.Metadata] (kafka-producer-network-thread | Producer-s4735d2ecxf1b6x495axb7d4xa53ec9fcdc57) [Producer clientId=Producer-s4735d2ecxf1b6x495axb7d4xa53ec9fcdc57] Cluster ID: CeYNmdzmRCaaSk-AVslC4g
2025-08-07 12:21:12,006 INFO  [org.apa.kaf.cli.pro.int.TransactionManager] (kafka-producer-network-thread | Producer-s4735d2ecxf1b6x495axb7d4xa53ec9fcdc57) [Producer clientId=Producer-s4735d2ecxf1b6x495axb7d4xa53ec9fcdc57] ProducerId set to 7 with epoch 0
2025-08-07 12:21:12,128 INFO  [DefaultSchemaResolver] (Thread-639) Retrieving schema content using string: {"type":"record","name":"myrecord","namespace":"mygroup","fields":[{"name":"keyB","type":"string"}]}
2025-08-07 12:21:12,180 INFO  [org.apa.kaf.cli.pro.KafkaProducer] (Thread-639) [Producer clientId=Producer-s4735d2ecxf1b6x495axb7d4xa53ec9fcdc57] Closing the Kafka producer with timeoutMillis = 9223372036854775807 ms.
2025-08-07 12:21:12,182 INFO  [org.apa.kaf.com.met.Metrics] (Thread-639) Metrics scheduler closed
2025-08-07 12:21:12,182 INFO  [org.apa.kaf.com.met.Metrics] (Thread-639) Closing reporter org.apache.kafka.common.metrics.JmxReporter
2025-08-07 12:21:12,182 INFO  [org.apa.kaf.com.met.Metrics] (Thread-639) Closing reporter org.apache.kafka.common.telemetry.internals.ClientTelemetryReporter
2025-08-07 12:21:12,183 INFO  [org.apa.kaf.com.met.Metrics] (Thread-639) Metrics reporters closed
2025-08-07 12:21:12,183 INFO  [org.apa.kaf.com.uti.AppInfoParser] (Thread-639) App info kafka.producer for Producer-s4735d2ecxf1b6x495axb7d4xa53ec9fcdc57 unregistered
2025-08-07 12:21:12,186 INFO  [io.api.tes.uti.TestSeparator] (main) io.apicurio.tests.serdes.apicurio.AvroSerdeIT.testArtifactNotFound-FINISHED
2025-08-07 12:21:12,186 INFO  [io.api.tes.uti.TestSeparator] (main) ############################################################################
Test passed: testArtifactNotFound
]]></system-out>
    <system-err><![CDATA[java.lang.RuntimeException: Could not resolve artifact reference by content: {"type":"record","name":"myrecord","namespace":"mygroup","fields":[{"name":"keyB","type":"string"}]}&ArtifactReference [groupId=default, artifactId=s4735d2ecxf1b6x495axb7d4xa53ec9fcdc57-value, version=null, globalId=null, contentId=null, contentHash=null]
	at io.apicurio.registry.resolver.DefaultSchemaResolver.lambda$handleResolveSchemaByContent$3(DefaultSchemaResolver.java:265)
	at io.apicurio.registry.resolver.cache.ERCache.lambda$getValue$0(ERCache.java:174)
	at io.apicurio.registry.resolver.cache.ERCache.retry(ERCache.java:227)
	at io.apicurio.registry.resolver.cache.ERCache.getValue(ERCache.java:173)
	at io.apicurio.registry.resolver.cache.ERCache.getByContent(ERCache.java:147)
	at io.apicurio.registry.resolver.DefaultSchemaResolver.handleResolveSchemaByContent(DefaultSchemaResolver.java:253)
	at io.apicurio.registry.resolver.DefaultSchemaResolver.getSchemaFromRegistry(DefaultSchemaResolver.java:138)
	at io.apicurio.registry.resolver.DefaultSchemaResolver.lambda$resolveSchema$0(DefaultSchemaResolver.java:84)
	at java.base/java.util.Optional.orElseGet(Optional.java:364)
	at io.apicurio.registry.resolver.DefaultSchemaResolver.resolveSchema(DefaultSchemaResolver.java:84)
	at io.apicurio.registry.serde.AbstractSerializer.serializeData(AbstractSerializer.java:62)
	at io.apicurio.registry.serde.KafkaSerializer.serialize(KafkaSerializer.java:77)
	at org.apache.kafka.clients.producer.KafkaProducer.doSend(KafkaProducer.java:1046)
	at org.apache.kafka.clients.producer.KafkaProducer.send(KafkaProducer.java:993)
	at org.apache.kafka.clients.producer.KafkaProducer.send(KafkaProducer.java:875)
	at io.apicurio.tests.serdes.apicurio.KafkaSerdesTester.lambda$produceMessages$3(KafkaSerdesTester.java:138)
	at java.base/java.util.concurrent.CompletableFuture$AsyncSupply.run(CompletableFuture.java:1768)
	at java.base/java.lang.Thread.run(Thread.java:840)
]]></system-err>
  </testcase>
  <testcase name="testAvroSerDesFailDifferentSchemaByRecordName" classname="io.apicurio.tests.serdes.apicurio.AvroSerdeIT" time="1.083">
    <system-out><![CDATA[2025-08-07 12:21:12,189 INFO  [io.api.tes.uti.TestSeparator] (main) ############################################################################
2025-08-07 12:21:12,189 INFO  [io.api.tes.uti.TestSeparator] (main) io.apicurio.tests.serdes.apicurio.AvroSerdeIT.testAvroSerDesFailDifferentSchemaByRecordName-STARTED
**** Registry Base URL: http://registry-app-inmemory.apps.ci419.apicurio-testing.org:80
2025-08-07 12:21:13,230 INFO  [org.apa.kaf.cli.pro.ProducerConfig] (main) ProducerConfig values: 
	acks = -1
	auto.include.jmx.reporter = true
	batch.size = 16384
	bootstrap.servers = [PLAINTEXT://localhost:32769]
	buffer.memory = 33554432
	client.dns.lookup = use_all_dns_ips
	client.id = Producer-topic-93487a8a_4f68_466d_9c6e_ca78751ba2c4
	compression.gzip.level = -1
	compression.lz4.level = 9
	compression.type = none
	compression.zstd.level = 3
	connections.max.idle.ms = 10000
	delivery.timeout.ms = 120000
	enable.idempotence = true
	enable.metrics.push = true
	interceptor.classes = []
	key.serializer = class org.apache.kafka.common.serialization.StringSerializer
	linger.ms = 0
	max.block.ms = 60000
	max.in.flight.requests.per.connection = 5
	max.request.size = 1048576
	metadata.max.age.ms = 300000
	metadata.max.idle.ms = 300000
	metadata.recovery.strategy = none
	metric.reporters = []
	metrics.num.samples = 2
	metrics.recording.level = INFO
	metrics.sample.window.ms = 30000
	partitioner.adaptive.partitioning.enable = true
	partitioner.availability.timeout.ms = 0
	partitioner.class = null
	partitioner.ignore.keys = false
	receive.buffer.bytes = 32768
	reconnect.backoff.max.ms = 1000
	reconnect.backoff.ms = 50
	request.timeout.ms = 5000
	retries = 2147483647
	retry.backoff.max.ms = 1000
	retry.backoff.ms = 100
	sasl.client.callback.handler.class = null
	sasl.jaas.config = null
	sasl.kerberos.kinit.cmd = /usr/bin/kinit
	sasl.kerberos.min.time.before.relogin = 60000
	sasl.kerberos.service.name = null
	sasl.kerberos.ticket.renew.jitter = 0.05
	sasl.kerberos.ticket.renew.window.factor = 0.8
	sasl.login.callback.handler.class = null
	sasl.login.class = null
	sasl.login.connect.timeout.ms = null
	sasl.login.read.timeout.ms = null
	sasl.login.refresh.buffer.seconds = 300
	sasl.login.refresh.min.period.seconds = 60
	sasl.login.refresh.window.factor = 0.8
	sasl.login.refresh.window.jitter = 0.05
	sasl.login.retry.backoff.max.ms = 10000
	sasl.login.retry.backoff.ms = 100
	sasl.mechanism = GSSAPI
	sasl.oauthbearer.clock.skew.seconds = 30
	sasl.oauthbearer.expected.audience = null
	sasl.oauthbearer.expected.issuer = null
	sasl.oauthbearer.header.urlencode = false
	sasl.oauthbearer.jwks.endpoint.refresh.ms = 3600000
	sasl.oauthbearer.jwks.endpoint.retry.backoff.max.ms = 10000
	sasl.oauthbearer.jwks.endpoint.retry.backoff.ms = 100
	sasl.oauthbearer.jwks.endpoint.url = null
	sasl.oauthbearer.scope.claim.name = scope
	sasl.oauthbearer.sub.claim.name = sub
	sasl.oauthbearer.token.endpoint.url = null
	security.protocol = PLAINTEXT
	security.providers = null
	send.buffer.bytes = 131072
	socket.connection.setup.timeout.max.ms = 30000
	socket.connection.setup.timeout.ms = 10000
	ssl.cipher.suites = null
	ssl.enabled.protocols = [TLSv1.2, TLSv1.3]
	ssl.endpoint.identification.algorithm = https
	ssl.engine.factory.class = null
	ssl.key.password = null
	ssl.keymanager.algorithm = SunX509
	ssl.keystore.certificate.chain = null
	ssl.keystore.key = null
	ssl.keystore.location = null
	ssl.keystore.password = null
	ssl.keystore.type = JKS
	ssl.protocol = TLSv1.3
	ssl.provider = null
	ssl.secure.random.implementation = null
	ssl.trustmanager.algorithm = PKIX
	ssl.truststore.certificates = null
	ssl.truststore.location = null
	ssl.truststore.password = null
	ssl.truststore.type = JKS
	transaction.timeout.ms = 60000
	transactional.id = null
	value.serializer = class io.apicurio.registry.serde.avro.AvroKafkaSerializer

2025-08-07 12:21:13,231 INFO  [org.apa.kaf.com.tel.int.KafkaMetricsCollector] (main) initializing Kafka metrics collector
2025-08-07 12:21:13,234 INFO  [org.apa.kaf.cli.pro.KafkaProducer] (main) [Producer clientId=Producer-topic-93487a8a_4f68_466d_9c6e_ca78751ba2c4] Instantiated an idempotent producer.
2025-08-07 12:21:13,237 INFO  [org.apa.kaf.cli.pro.ProducerConfig] (main) These configurations '[apicurio.registry.find-latest, apicurio.registry.url, apicurio.registry.artifact-resolver-strategy]' were supplied but are not used yet.
2025-08-07 12:21:13,237 INFO  [org.apa.kaf.com.uti.AppInfoParser] (main) Kafka version: 3.9.1
2025-08-07 12:21:13,237 INFO  [org.apa.kaf.com.uti.AppInfoParser] (main) Kafka commitId: f745dfdcee2b9851
2025-08-07 12:21:13,237 INFO  [org.apa.kaf.com.uti.AppInfoParser] (main) Kafka startTimeMs: 1754569273237
2025-08-07 12:21:13,239 INFO  [io.api.tes.ser.api.KafkaSerdesTester] (Thread-642) Sending message {"keyB": "value-0"} to topic topic-93487a8a_4f68_466d_9c6e_ca78751ba2c4
2025-08-07 12:21:13,243 INFO  [org.apa.kaf.cli.Metadata] (kafka-producer-network-thread | Producer-topic-93487a8a_4f68_466d_9c6e_ca78751ba2c4) [Producer clientId=Producer-topic-93487a8a_4f68_466d_9c6e_ca78751ba2c4] Cluster ID: CeYNmdzmRCaaSk-AVslC4g
2025-08-07 12:21:13,247 INFO  [org.apa.kaf.cli.pro.int.TransactionManager] (kafka-producer-network-thread | Producer-topic-93487a8a_4f68_466d_9c6e_ca78751ba2c4) [Producer clientId=Producer-topic-93487a8a_4f68_466d_9c6e_ca78751ba2c4] ProducerId set to 8 with epoch 0
2025-08-07 12:21:13,265 INFO  [org.apa.kaf.cli.pro.KafkaProducer] (Thread-642) [Producer clientId=Producer-topic-93487a8a_4f68_466d_9c6e_ca78751ba2c4] Closing the Kafka producer with timeoutMillis = 9223372036854775807 ms.
2025-08-07 12:21:13,268 INFO  [org.apa.kaf.com.met.Metrics] (Thread-642) Metrics scheduler closed
2025-08-07 12:21:13,268 INFO  [org.apa.kaf.com.met.Metrics] (Thread-642) Closing reporter org.apache.kafka.common.metrics.JmxReporter
2025-08-07 12:21:13,268 INFO  [org.apa.kaf.com.met.Metrics] (Thread-642) Closing reporter org.apache.kafka.common.telemetry.internals.ClientTelemetryReporter
2025-08-07 12:21:13,268 INFO  [org.apa.kaf.com.met.Metrics] (Thread-642) Metrics reporters closed
2025-08-07 12:21:13,269 INFO  [org.apa.kaf.com.uti.AppInfoParser] (Thread-642) App info kafka.producer for Producer-topic-93487a8a_4f68_466d_9c6e_ca78751ba2c4 unregistered
2025-08-07 12:21:13,270 INFO  [io.api.tes.uti.TestSeparator] (main) io.apicurio.tests.serdes.apicurio.AvroSerdeIT.testAvroSerDesFailDifferentSchemaByRecordName-FINISHED
2025-08-07 12:21:13,270 INFO  [io.api.tes.uti.TestSeparator] (main) ############################################################################
Test passed: testAvroSerDesFailDifferentSchemaByRecordName
]]></system-out>
    <system-err><![CDATA[io.apicurio.registry.rest.client.models.ProblemDetails
	at io.apicurio.registry.rest.client.models.ProblemDetails.createFromDiscriminatorValue(ProblemDetails.java:58)
	at io.kiota.serialization.json.JsonParseNode.getObjectValue(JsonParseNode.java:247)
	at io.kiota.http.vertx.VertXRequestAdapter.lambda$throwIfFailedResponse$0(VertXRequestAdapter.java:400)
	at com.microsoft.kiota.ApiExceptionBuilder.<init>(ApiExceptionBuilder.java:26)
	at io.kiota.http.vertx.VertXRequestAdapter.throwIfFailedResponse(VertXRequestAdapter.java:399)
	at io.kiota.http.vertx.VertXRequestAdapter.send(VertXRequestAdapter.java:170)
	at io.apicurio.registry.rest.client.groups.item.artifacts.item.versions.item.WithVersionExpressionItemRequestBuilder.get(WithVersionExpressionItemRequestBuilder.java:128)
	at io.apicurio.registry.rest.client.groups.item.artifacts.item.versions.item.WithVersionExpressionItemRequestBuilder.get(WithVersionExpressionItemRequestBuilder.java:111)
	at io.apicurio.registry.resolver.client.RegistryClientFacadeImpl.getVersionCoordinatesByGAV(RegistryClientFacadeImpl.java:159)
	at io.apicurio.registry.resolver.DefaultSchemaResolver.resolveByCoordinates(DefaultSchemaResolver.java:352)
	at io.apicurio.registry.resolver.DefaultSchemaResolver.lambda$resolveSchemaByArtifactReferenceCached$6(DefaultSchemaResolver.java:340)
	at io.apicurio.registry.resolver.cache.ERCache.lambda$getValue$0(ERCache.java:174)
	at io.apicurio.registry.resolver.cache.ERCache.retry(ERCache.java:227)
	at io.apicurio.registry.resolver.cache.ERCache.getValue(ERCache.java:173)
	at io.apicurio.registry.resolver.cache.ERCache.getByArtifactCoordinates(ERCache.java:158)
	at io.apicurio.registry.resolver.DefaultSchemaResolver.resolveSchemaByArtifactReferenceCached(DefaultSchemaResolver.java:338)
	at io.apicurio.registry.resolver.DefaultSchemaResolver.resolveSchemaByCoordinates(DefaultSchemaResolver.java:193)
	at io.apicurio.registry.resolver.DefaultSchemaResolver.getSchemaFromRegistry(DefaultSchemaResolver.java:130)
	at io.apicurio.registry.resolver.DefaultSchemaResolver.lambda$resolveSchema$0(DefaultSchemaResolver.java:84)
	at java.base/java.util.Optional.orElseGet(Optional.java:364)
	at io.apicurio.registry.resolver.DefaultSchemaResolver.resolveSchema(DefaultSchemaResolver.java:84)
	at io.apicurio.registry.serde.AbstractSerializer.serializeData(AbstractSerializer.java:62)
	at io.apicurio.registry.serde.KafkaSerializer.serialize(KafkaSerializer.java:77)
	at org.apache.kafka.clients.producer.KafkaProducer.doSend(KafkaProducer.java:1046)
	at org.apache.kafka.clients.producer.KafkaProducer.send(KafkaProducer.java:993)
	at org.apache.kafka.clients.producer.KafkaProducer.send(KafkaProducer.java:875)
	at io.apicurio.tests.serdes.apicurio.KafkaSerdesTester.lambda$produceMessages$3(KafkaSerdesTester.java:138)
	at java.base/java.util.concurrent.CompletableFuture$AsyncSupply.run(CompletableFuture.java:1768)
	at java.base/java.lang.Thread.run(Thread.java:840)
]]></system-err>
  </testcase>
  <testcase name="testTopicIdStrategyFindLatest" classname="io.apicurio.tests.serdes.apicurio.AvroSerdeIT" time="4.759">
    <system-out><![CDATA[2025-08-07 12:21:13,275 INFO  [io.api.tes.uti.TestSeparator] (main) ############################################################################
2025-08-07 12:21:13,275 INFO  [io.api.tes.uti.TestSeparator] (main) io.apicurio.tests.serdes.apicurio.AvroSerdeIT.testTopicIdStrategyFindLatest-STARTED
2025-08-07 12:21:13,278 INFO  [io.api.tes.ser.api.AvroSerdeIT] (main) Registering Avro Schema: {"type":"record","name":"myrecordapicurio1","fields":[{"name":"key11754569273275","type":"string"}]}
**** Registry Base URL: http://registry-app-inmemory.apps.ci419.apicurio-testing.org:80
2025-08-07 12:21:14,312 INFO  [org.apa.kaf.cli.pro.ProducerConfig] (main) ProducerConfig values: 
	acks = -1
	auto.include.jmx.reporter = true
	batch.size = 16384
	bootstrap.servers = [PLAINTEXT://localhost:32769]
	buffer.memory = 33554432
	client.dns.lookup = use_all_dns_ips
	client.id = Producer-topic-4f10c6c5_dede_4d41_b7db_f588c37ce99c
	compression.gzip.level = -1
	compression.lz4.level = 9
	compression.type = none
	compression.zstd.level = 3
	connections.max.idle.ms = 10000
	delivery.timeout.ms = 120000
	enable.idempotence = true
	enable.metrics.push = true
	interceptor.classes = []
	key.serializer = class org.apache.kafka.common.serialization.StringSerializer
	linger.ms = 0
	max.block.ms = 60000
	max.in.flight.requests.per.connection = 5
	max.request.size = 1048576
	metadata.max.age.ms = 300000
	metadata.max.idle.ms = 300000
	metadata.recovery.strategy = none
	metric.reporters = []
	metrics.num.samples = 2
	metrics.recording.level = INFO
	metrics.sample.window.ms = 30000
	partitioner.adaptive.partitioning.enable = true
	partitioner.availability.timeout.ms = 0
	partitioner.class = null
	partitioner.ignore.keys = false
	receive.buffer.bytes = 32768
	reconnect.backoff.max.ms = 1000
	reconnect.backoff.ms = 50
	request.timeout.ms = 5000
	retries = 2147483647
	retry.backoff.max.ms = 1000
	retry.backoff.ms = 100
	sasl.client.callback.handler.class = null
	sasl.jaas.config = null
	sasl.kerberos.kinit.cmd = /usr/bin/kinit
	sasl.kerberos.min.time.before.relogin = 60000
	sasl.kerberos.service.name = null
	sasl.kerberos.ticket.renew.jitter = 0.05
	sasl.kerberos.ticket.renew.window.factor = 0.8
	sasl.login.callback.handler.class = null
	sasl.login.class = null
	sasl.login.connect.timeout.ms = null
	sasl.login.read.timeout.ms = null
	sasl.login.refresh.buffer.seconds = 300
	sasl.login.refresh.min.period.seconds = 60
	sasl.login.refresh.window.factor = 0.8
	sasl.login.refresh.window.jitter = 0.05
	sasl.login.retry.backoff.max.ms = 10000
	sasl.login.retry.backoff.ms = 100
	sasl.mechanism = GSSAPI
	sasl.oauthbearer.clock.skew.seconds = 30
	sasl.oauthbearer.expected.audience = null
	sasl.oauthbearer.expected.issuer = null
	sasl.oauthbearer.header.urlencode = false
	sasl.oauthbearer.jwks.endpoint.refresh.ms = 3600000
	sasl.oauthbearer.jwks.endpoint.retry.backoff.max.ms = 10000
	sasl.oauthbearer.jwks.endpoint.retry.backoff.ms = 100
	sasl.oauthbearer.jwks.endpoint.url = null
	sasl.oauthbearer.scope.claim.name = scope
	sasl.oauthbearer.sub.claim.name = sub
	sasl.oauthbearer.token.endpoint.url = null
	security.protocol = PLAINTEXT
	security.providers = null
	send.buffer.bytes = 131072
	socket.connection.setup.timeout.max.ms = 30000
	socket.connection.setup.timeout.ms = 10000
	ssl.cipher.suites = null
	ssl.enabled.protocols = [TLSv1.2, TLSv1.3]
	ssl.endpoint.identification.algorithm = https
	ssl.engine.factory.class = null
	ssl.key.password = null
	ssl.keymanager.algorithm = SunX509
	ssl.keystore.certificate.chain = null
	ssl.keystore.key = null
	ssl.keystore.location = null
	ssl.keystore.password = null
	ssl.keystore.type = JKS
	ssl.protocol = TLSv1.3
	ssl.provider = null
	ssl.secure.random.implementation = null
	ssl.trustmanager.algorithm = PKIX
	ssl.truststore.certificates = null
	ssl.truststore.location = null
	ssl.truststore.password = null
	ssl.truststore.type = JKS
	transaction.timeout.ms = 60000
	transactional.id = null
	value.serializer = class io.apicurio.registry.serde.avro.AvroKafkaSerializer

2025-08-07 12:21:14,313 INFO  [org.apa.kaf.com.tel.int.KafkaMetricsCollector] (main) initializing Kafka metrics collector
2025-08-07 12:21:14,329 INFO  [org.apa.kaf.cli.pro.KafkaProducer] (main) [Producer clientId=Producer-topic-4f10c6c5_dede_4d41_b7db_f588c37ce99c] Instantiated an idempotent producer.
2025-08-07 12:21:14,331 INFO  [org.apa.kaf.cli.pro.ProducerConfig] (main) These configurations '[apicurio.registry.find-latest, apicurio.registry.url, apicurio.registry.artifact-resolver-strategy]' were supplied but are not used yet.
2025-08-07 12:21:14,331 INFO  [org.apa.kaf.com.uti.AppInfoParser] (main) Kafka version: 3.9.1
2025-08-07 12:21:14,331 INFO  [org.apa.kaf.com.uti.AppInfoParser] (main) Kafka commitId: f745dfdcee2b9851
2025-08-07 12:21:14,331 INFO  [org.apa.kaf.com.uti.AppInfoParser] (main) Kafka startTimeMs: 1754569274331
2025-08-07 12:21:14,331 INFO  [io.api.tes.ser.api.SimpleSerdesTesterBuilder$SimpleSerdesTester] (main) Using producer configuration: {apicurio.registry.find-latest=true, apicurio.registry.url=http://registry-app-inmemory.apps.ci419.apicurio-testing.org:80/apis/registry/v3, apicurio.registry.artifact-resolver-strategy=io.apicurio.registry.serde.strategy.TopicIdStrategy, value.serializer=io.apicurio.registry.serde.avro.AvroKafkaSerializer, request.timeout.ms=5000, acks=all, bootstrap.servers=PLAINTEXT://localhost:32769, connections.max.idle.ms=10000, key.serializer=org.apache.kafka.common.serialization.StringSerializer, client.id=Producer-topic-4f10c6c5_dede_4d41_b7db_f588c37ce99c}
2025-08-07 12:21:14,331 INFO  [io.api.tes.ser.api.SimpleSerdesTesterBuilder$SimpleSerdesTester] (main) Using consumer configuration: {}
2025-08-07 12:21:14,333 INFO  [io.api.tes.ser.api.KafkaSerdesTester] (Thread-645) Sending message {"key11754569273275": "value-0"} to topic topic-4f10c6c5_dede_4d41_b7db_f588c37ce99c
2025-08-07 12:21:14,336 INFO  [org.apa.kaf.cli.Metadata] (kafka-producer-network-thread | Producer-topic-4f10c6c5_dede_4d41_b7db_f588c37ce99c) [Producer clientId=Producer-topic-4f10c6c5_dede_4d41_b7db_f588c37ce99c] Cluster ID: CeYNmdzmRCaaSk-AVslC4g
2025-08-07 12:21:14,339 INFO  [org.apa.kaf.cli.pro.int.TransactionManager] (kafka-producer-network-thread | Producer-topic-4f10c6c5_dede_4d41_b7db_f588c37ce99c) [Producer clientId=Producer-topic-4f10c6c5_dede_4d41_b7db_f588c37ce99c] ProducerId set to 9 with epoch 0
2025-08-07 12:21:14,383 INFO  [io.api.tes.ser.api.KafkaSerdesTester] (Thread-645) Sending message {"key11754569273275": "value-1"} to topic topic-4f10c6c5_dede_4d41_b7db_f588c37ce99c
2025-08-07 12:21:14,386 INFO  [io.api.tes.ser.api.KafkaSerdesTester] (Thread-645) Sending message {"key11754569273275": "value-2"} to topic topic-4f10c6c5_dede_4d41_b7db_f588c37ce99c
2025-08-07 12:21:14,387 INFO  [io.api.tes.ser.api.KafkaSerdesTester] (Thread-645) Sending message {"key11754569273275": "value-3"} to topic topic-4f10c6c5_dede_4d41_b7db_f588c37ce99c
2025-08-07 12:21:14,390 INFO  [io.api.tes.ser.api.KafkaSerdesTester] (Thread-645) Sending message {"key11754569273275": "value-4"} to topic topic-4f10c6c5_dede_4d41_b7db_f588c37ce99c
2025-08-07 12:21:14,392 INFO  [io.api.tes.ser.api.KafkaSerdesTester] (Thread-645) Sending message {"key11754569273275": "value-5"} to topic topic-4f10c6c5_dede_4d41_b7db_f588c37ce99c
2025-08-07 12:21:14,394 INFO  [io.api.tes.ser.api.KafkaSerdesTester] (Thread-645) Sending message {"key11754569273275": "value-6"} to topic topic-4f10c6c5_dede_4d41_b7db_f588c37ce99c
2025-08-07 12:21:14,396 INFO  [io.api.tes.ser.api.KafkaSerdesTester] (Thread-645) Sending message {"key11754569273275": "value-7"} to topic topic-4f10c6c5_dede_4d41_b7db_f588c37ce99c
2025-08-07 12:21:14,400 INFO  [io.api.tes.ser.api.KafkaSerdesTester] (Thread-645) Sending message {"key11754569273275": "value-8"} to topic topic-4f10c6c5_dede_4d41_b7db_f588c37ce99c
2025-08-07 12:21:14,404 INFO  [io.api.tes.ser.api.KafkaSerdesTester] (Thread-645) Sending message {"key11754569273275": "value-9"} to topic topic-4f10c6c5_dede_4d41_b7db_f588c37ce99c
2025-08-07 12:21:14,409 INFO  [io.api.tes.ser.api.KafkaSerdesTester] (Thread-645) Produced 10 messages
2025-08-07 12:21:14,410 INFO  [org.apa.kaf.cli.pro.KafkaProducer] (Thread-645) [Producer clientId=Producer-topic-4f10c6c5_dede_4d41_b7db_f588c37ce99c] Closing the Kafka producer with timeoutMillis = 9223372036854775807 ms.
2025-08-07 12:21:14,415 INFO  [org.apa.kaf.com.met.Metrics] (Thread-645) Metrics scheduler closed
2025-08-07 12:21:14,416 INFO  [org.apa.kaf.com.met.Metrics] (Thread-645) Closing reporter org.apache.kafka.common.metrics.JmxReporter
2025-08-07 12:21:14,416 INFO  [org.apa.kaf.com.met.Metrics] (Thread-645) Closing reporter org.apache.kafka.common.telemetry.internals.ClientTelemetryReporter
2025-08-07 12:21:14,416 INFO  [org.apa.kaf.com.met.Metrics] (Thread-645) Metrics reporters closed
2025-08-07 12:21:14,416 INFO  [org.apa.kaf.com.uti.AppInfoParser] (Thread-645) App info kafka.producer for Producer-topic-4f10c6c5_dede_4d41_b7db_f588c37ce99c unregistered
**** Registry Base URL: http://registry-app-inmemory.apps.ci419.apicurio-testing.org:80
2025-08-07 12:21:14,417 INFO  [org.apa.kaf.cli.con.ConsumerConfig] (main) ConsumerConfig values: 
	allow.auto.create.topics = true
	auto.commit.interval.ms = 500
	auto.include.jmx.reporter = true
	auto.offset.reset = earliest
	bootstrap.servers = [PLAINTEXT://localhost:32769]
	check.crcs = true
	client.dns.lookup = use_all_dns_ips
	client.id = consumer-Consumer-topic-4f10c6c5_dede_4d41_b7db_f588c37ce99c-7
	client.rack = 
	connections.max.idle.ms = 10000
	default.api.timeout.ms = 60000
	enable.auto.commit = true
	enable.metrics.push = true
	exclude.internal.topics = true
	fetch.max.bytes = 52428800
	fetch.max.wait.ms = 500
	fetch.min.bytes = 1
	group.id = Consumer-topic-4f10c6c5_dede_4d41_b7db_f588c37ce99c
	group.instance.id = null
	group.protocol = classic
	group.remote.assignor = null
	heartbeat.interval.ms = 3000
	interceptor.classes = []
	internal.leave.group.on.close = true
	internal.throw.on.fetch.stable.offset.unsupported = false
	isolation.level = read_uncommitted
	key.deserializer = class org.apache.kafka.common.serialization.StringDeserializer
	max.partition.fetch.bytes = 1048576
	max.poll.interval.ms = 300000
	max.poll.records = 500
	metadata.max.age.ms = 300000
	metadata.recovery.strategy = none
	metric.reporters = []
	metrics.num.samples = 2
	metrics.recording.level = INFO
	metrics.sample.window.ms = 30000
	partition.assignment.strategy = [class org.apache.kafka.clients.consumer.RangeAssignor, class org.apache.kafka.clients.consumer.CooperativeStickyAssignor]
	receive.buffer.bytes = 65536
	reconnect.backoff.max.ms = 1000
	reconnect.backoff.ms = 50
	request.timeout.ms = 5000
	retry.backoff.max.ms = 1000
	retry.backoff.ms = 100
	sasl.client.callback.handler.class = null
	sasl.jaas.config = null
	sasl.kerberos.kinit.cmd = /usr/bin/kinit
	sasl.kerberos.min.time.before.relogin = 60000
	sasl.kerberos.service.name = null
	sasl.kerberos.ticket.renew.jitter = 0.05
	sasl.kerberos.ticket.renew.window.factor = 0.8
	sasl.login.callback.handler.class = null
	sasl.login.class = null
	sasl.login.connect.timeout.ms = null
	sasl.login.read.timeout.ms = null
	sasl.login.refresh.buffer.seconds = 300
	sasl.login.refresh.min.period.seconds = 60
	sasl.login.refresh.window.factor = 0.8
	sasl.login.refresh.window.jitter = 0.05
	sasl.login.retry.backoff.max.ms = 10000
	sasl.login.retry.backoff.ms = 100
	sasl.mechanism = GSSAPI
	sasl.oauthbearer.clock.skew.seconds = 30
	sasl.oauthbearer.expected.audience = null
	sasl.oauthbearer.expected.issuer = null
	sasl.oauthbearer.header.urlencode = false
	sasl.oauthbearer.jwks.endpoint.refresh.ms = 3600000
	sasl.oauthbearer.jwks.endpoint.retry.backoff.max.ms = 10000
	sasl.oauthbearer.jwks.endpoint.retry.backoff.ms = 100
	sasl.oauthbearer.jwks.endpoint.url = null
	sasl.oauthbearer.scope.claim.name = scope
	sasl.oauthbearer.sub.claim.name = sub
	sasl.oauthbearer.token.endpoint.url = null
	security.protocol = PLAINTEXT
	security.providers = null
	send.buffer.bytes = 131072
	session.timeout.ms = 45000
	socket.connection.setup.timeout.max.ms = 30000
	socket.connection.setup.timeout.ms = 10000
	ssl.cipher.suites = null
	ssl.enabled.protocols = [TLSv1.2, TLSv1.3]
	ssl.endpoint.identification.algorithm = https
	ssl.engine.factory.class = null
	ssl.key.password = null
	ssl.keymanager.algorithm = SunX509
	ssl.keystore.certificate.chain = null
	ssl.keystore.key = null
	ssl.keystore.location = null
	ssl.keystore.password = null
	ssl.keystore.type = JKS
	ssl.protocol = TLSv1.3
	ssl.provider = null
	ssl.secure.random.implementation = null
	ssl.trustmanager.algorithm = PKIX
	ssl.truststore.certificates = null
	ssl.truststore.location = null
	ssl.truststore.password = null
	ssl.truststore.type = JKS
	value.deserializer = class io.apicurio.registry.serde.avro.AvroKafkaDeserializer

2025-08-07 12:21:14,417 INFO  [org.apa.kaf.com.tel.int.KafkaMetricsCollector] (main) initializing Kafka metrics collector
2025-08-07 12:21:14,455 INFO  [org.apa.kaf.cli.con.ConsumerConfig] (main) These configurations '[apicurio.registry.url]' were supplied but are not used yet.
2025-08-07 12:21:14,455 INFO  [org.apa.kaf.com.uti.AppInfoParser] (main) Kafka version: 3.9.1
2025-08-07 12:21:14,455 INFO  [org.apa.kaf.com.uti.AppInfoParser] (main) Kafka commitId: f745dfdcee2b9851
2025-08-07 12:21:14,455 INFO  [org.apa.kaf.com.uti.AppInfoParser] (main) Kafka startTimeMs: 1754569274455
2025-08-07 12:21:14,456 INFO  [org.apa.kaf.cli.con.int.ClassicKafkaConsumer] (Thread-648) [Consumer clientId=consumer-Consumer-topic-4f10c6c5_dede_4d41_b7db_f588c37ce99c-7, groupId=Consumer-topic-4f10c6c5_dede_4d41_b7db_f588c37ce99c] Subscribed to topic(s): topic-4f10c6c5_dede_4d41_b7db_f588c37ce99c
2025-08-07 12:21:14,465 INFO  [org.apa.kaf.cli.Metadata] (Thread-648) [Consumer clientId=consumer-Consumer-topic-4f10c6c5_dede_4d41_b7db_f588c37ce99c-7, groupId=Consumer-topic-4f10c6c5_dede_4d41_b7db_f588c37ce99c] Cluster ID: CeYNmdzmRCaaSk-AVslC4g
2025-08-07 12:21:14,467 INFO  [org.apa.kaf.cli.con.int.ConsumerCoordinator] (Thread-648) [Consumer clientId=consumer-Consumer-topic-4f10c6c5_dede_4d41_b7db_f588c37ce99c-7, groupId=Consumer-topic-4f10c6c5_dede_4d41_b7db_f588c37ce99c] Discovered group coordinator localhost:32769 (id: 2147483647 rack: null)
2025-08-07 12:21:14,470 INFO  [org.apa.kaf.cli.con.int.ConsumerCoordinator] (Thread-648) [Consumer clientId=consumer-Consumer-topic-4f10c6c5_dede_4d41_b7db_f588c37ce99c-7, groupId=Consumer-topic-4f10c6c5_dede_4d41_b7db_f588c37ce99c] (Re-)joining group
2025-08-07 12:21:14,473 INFO  [org.apa.kaf.cli.con.int.ConsumerCoordinator] (Thread-648) [Consumer clientId=consumer-Consumer-topic-4f10c6c5_dede_4d41_b7db_f588c37ce99c-7, groupId=Consumer-topic-4f10c6c5_dede_4d41_b7db_f588c37ce99c] Request joining group due to: need to re-join with the given member-id: consumer-Consumer-topic-4f10c6c5_dede_4d41_b7db_f588c37ce99c-7-ef65e16d-1168-487e-8ca1-145785728bbd
2025-08-07 12:21:14,473 INFO  [org.apa.kaf.cli.con.int.ConsumerCoordinator] (Thread-648) [Consumer clientId=consumer-Consumer-topic-4f10c6c5_dede_4d41_b7db_f588c37ce99c-7, groupId=Consumer-topic-4f10c6c5_dede_4d41_b7db_f588c37ce99c] (Re-)joining group
2025-08-07 12:21:15,456 INFO  [io.api.tes.ser.api.KafkaSerdesTester] (Thread-648) None found
2025-08-07 12:21:16,457 INFO  [io.api.tes.ser.api.KafkaSerdesTester] (Thread-648) None found
2025-08-07 12:21:17,458 INFO  [io.api.tes.ser.api.KafkaSerdesTester] (Thread-648) None found
2025-08-07 12:21:17,476 INFO  [org.apa.kaf.cli.con.int.ConsumerCoordinator] (Thread-648) [Consumer clientId=consumer-Consumer-topic-4f10c6c5_dede_4d41_b7db_f588c37ce99c-7, groupId=Consumer-topic-4f10c6c5_dede_4d41_b7db_f588c37ce99c] Successfully joined group with generation Generation{generationId=1, memberId='consumer-Consumer-topic-4f10c6c5_dede_4d41_b7db_f588c37ce99c-7-ef65e16d-1168-487e-8ca1-145785728bbd', protocol='range'}
2025-08-07 12:21:17,476 INFO  [org.apa.kaf.cli.con.int.ConsumerCoordinator] (Thread-648) [Consumer clientId=consumer-Consumer-topic-4f10c6c5_dede_4d41_b7db_f588c37ce99c-7, groupId=Consumer-topic-4f10c6c5_dede_4d41_b7db_f588c37ce99c] Finished assignment for group at generation 1: {consumer-Consumer-topic-4f10c6c5_dede_4d41_b7db_f588c37ce99c-7-ef65e16d-1168-487e-8ca1-145785728bbd=Assignment(partitions=[topic-4f10c6c5_dede_4d41_b7db_f588c37ce99c-0])}
2025-08-07 12:21:17,484 INFO  [org.apa.kaf.cli.con.int.ConsumerCoordinator] (Thread-648) [Consumer clientId=consumer-Consumer-topic-4f10c6c5_dede_4d41_b7db_f588c37ce99c-7, groupId=Consumer-topic-4f10c6c5_dede_4d41_b7db_f588c37ce99c] Successfully synced group in generation Generation{generationId=1, memberId='consumer-Consumer-topic-4f10c6c5_dede_4d41_b7db_f588c37ce99c-7-ef65e16d-1168-487e-8ca1-145785728bbd', protocol='range'}
2025-08-07 12:21:17,485 INFO  [org.apa.kaf.cli.con.int.ConsumerCoordinator] (Thread-648) [Consumer clientId=consumer-Consumer-topic-4f10c6c5_dede_4d41_b7db_f588c37ce99c-7, groupId=Consumer-topic-4f10c6c5_dede_4d41_b7db_f588c37ce99c] Notifying assignor about the new Assignment(partitions=[topic-4f10c6c5_dede_4d41_b7db_f588c37ce99c-0])
2025-08-07 12:21:17,485 INFO  [org.apa.kaf.cli.con.int.ConsumerRebalanceListenerInvoker] (Thread-648) [Consumer clientId=consumer-Consumer-topic-4f10c6c5_dede_4d41_b7db_f588c37ce99c-7, groupId=Consumer-topic-4f10c6c5_dede_4d41_b7db_f588c37ce99c] Adding newly assigned partitions: topic-4f10c6c5_dede_4d41_b7db_f588c37ce99c-0
2025-08-07 12:21:17,486 INFO  [org.apa.kaf.cli.con.int.ConsumerCoordinator] (Thread-648) [Consumer clientId=consumer-Consumer-topic-4f10c6c5_dede_4d41_b7db_f588c37ce99c-7, groupId=Consumer-topic-4f10c6c5_dede_4d41_b7db_f588c37ce99c] Found no committed offset for partition topic-4f10c6c5_dede_4d41_b7db_f588c37ce99c-0
2025-08-07 12:21:17,489 INFO  [org.apa.kaf.cli.con.int.SubscriptionState] (Thread-648) [Consumer clientId=consumer-Consumer-topic-4f10c6c5_dede_4d41_b7db_f588c37ce99c-7, groupId=Consumer-topic-4f10c6c5_dede_4d41_b7db_f588c37ce99c] Resetting offset for partition topic-4f10c6c5_dede_4d41_b7db_f588c37ce99c-0 to position FetchPosition{offset=0, offsetEpoch=Optional.empty, currentLeader=LeaderAndEpoch{leader=Optional[localhost:32769 (id: 0 rack: null)], epoch=0}}.
2025-08-07 12:21:17,515 INFO  [io.api.tes.ser.api.KafkaSerdesTester] (Thread-648) topic-4f10c6c5_dede_4d41_b7db_f588c37ce99c 0 0 {"key11754569273275": "value-0"}
2025-08-07 12:21:17,515 INFO  [io.api.tes.ser.api.KafkaSerdesTester] (Thread-648) topic-4f10c6c5_dede_4d41_b7db_f588c37ce99c 0 1 {"key11754569273275": "value-1"}
2025-08-07 12:21:17,515 INFO  [io.api.tes.ser.api.KafkaSerdesTester] (Thread-648) topic-4f10c6c5_dede_4d41_b7db_f588c37ce99c 0 2 {"key11754569273275": "value-2"}
2025-08-07 12:21:17,515 INFO  [io.api.tes.ser.api.KafkaSerdesTester] (Thread-648) topic-4f10c6c5_dede_4d41_b7db_f588c37ce99c 0 3 {"key11754569273275": "value-3"}
2025-08-07 12:21:17,515 INFO  [io.api.tes.ser.api.KafkaSerdesTester] (Thread-648) topic-4f10c6c5_dede_4d41_b7db_f588c37ce99c 0 4 {"key11754569273275": "value-4"}
2025-08-07 12:21:17,515 INFO  [io.api.tes.ser.api.KafkaSerdesTester] (Thread-648) topic-4f10c6c5_dede_4d41_b7db_f588c37ce99c 0 5 {"key11754569273275": "value-5"}
2025-08-07 12:21:17,515 INFO  [io.api.tes.ser.api.KafkaSerdesTester] (Thread-648) topic-4f10c6c5_dede_4d41_b7db_f588c37ce99c 0 6 {"key11754569273275": "value-6"}
2025-08-07 12:21:17,515 INFO  [io.api.tes.ser.api.KafkaSerdesTester] (Thread-648) topic-4f10c6c5_dede_4d41_b7db_f588c37ce99c 0 7 {"key11754569273275": "value-7"}
2025-08-07 12:21:17,515 INFO  [io.api.tes.ser.api.KafkaSerdesTester] (Thread-648) topic-4f10c6c5_dede_4d41_b7db_f588c37ce99c 0 8 {"key11754569273275": "value-8"}
2025-08-07 12:21:17,516 INFO  [io.api.tes.ser.api.KafkaSerdesTester] (Thread-648) topic-4f10c6c5_dede_4d41_b7db_f588c37ce99c 0 9 {"key11754569273275": "value-9"}
2025-08-07 12:21:17,516 INFO  [io.api.tes.ser.api.KafkaSerdesTester] (Thread-648) Consumed 10 messages
2025-08-07 12:21:17,522 INFO  [org.apa.kaf.cli.con.int.ConsumerRebalanceListenerInvoker] (Thread-648) [Consumer clientId=consumer-Consumer-topic-4f10c6c5_dede_4d41_b7db_f588c37ce99c-7, groupId=Consumer-topic-4f10c6c5_dede_4d41_b7db_f588c37ce99c] Revoke previously assigned partitions topic-4f10c6c5_dede_4d41_b7db_f588c37ce99c-0
2025-08-07 12:21:17,522 INFO  [org.apa.kaf.cli.con.int.ConsumerCoordinator] (Thread-648) [Consumer clientId=consumer-Consumer-topic-4f10c6c5_dede_4d41_b7db_f588c37ce99c-7, groupId=Consumer-topic-4f10c6c5_dede_4d41_b7db_f588c37ce99c] Member consumer-Consumer-topic-4f10c6c5_dede_4d41_b7db_f588c37ce99c-7-ef65e16d-1168-487e-8ca1-145785728bbd sending LeaveGroup request to coordinator localhost:32769 (id: 2147483647 rack: null) due to the consumer is being closed
2025-08-07 12:21:17,522 INFO  [org.apa.kaf.cli.con.int.ConsumerCoordinator] (Thread-648) [Consumer clientId=consumer-Consumer-topic-4f10c6c5_dede_4d41_b7db_f588c37ce99c-7, groupId=Consumer-topic-4f10c6c5_dede_4d41_b7db_f588c37ce99c] Resetting generation and member id due to: consumer pro-actively leaving the group
2025-08-07 12:21:17,522 INFO  [org.apa.kaf.cli.con.int.ConsumerCoordinator] (Thread-648) [Consumer clientId=consumer-Consumer-topic-4f10c6c5_dede_4d41_b7db_f588c37ce99c-7, groupId=Consumer-topic-4f10c6c5_dede_4d41_b7db_f588c37ce99c] Request joining group due to: consumer pro-actively leaving the group
2025-08-07 12:21:18,020 INFO  [org.apa.kaf.com.met.Metrics] (Thread-648) Metrics scheduler closed
2025-08-07 12:21:18,020 INFO  [org.apa.kaf.com.met.Metrics] (Thread-648) Closing reporter org.apache.kafka.common.metrics.JmxReporter
2025-08-07 12:21:18,021 INFO  [org.apa.kaf.com.met.Metrics] (Thread-648) Closing reporter org.apache.kafka.common.telemetry.internals.ClientTelemetryReporter
2025-08-07 12:21:18,021 INFO  [org.apa.kaf.com.met.Metrics] (Thread-648) Metrics reporters closed
2025-08-07 12:21:18,027 INFO  [org.apa.kaf.com.uti.AppInfoParser] (Thread-648) App info kafka.consumer for consumer-Consumer-topic-4f10c6c5_dede_4d41_b7db_f588c37ce99c-7 unregistered
2025-08-07 12:21:18,029 INFO  [io.api.tes.uti.TestSeparator] (main) io.apicurio.tests.serdes.apicurio.AvroSerdeIT.testTopicIdStrategyFindLatest-FINISHED
2025-08-07 12:21:18,029 INFO  [io.api.tes.uti.TestSeparator] (main) ############################################################################
Test passed: testTopicIdStrategyFindLatest
]]></system-out>
  </testcase>
  <testcase name="testAvroUnionWithSpecificReader" classname="io.apicurio.tests.serdes.apicurio.AvroSerdeIT" time="3.883">
    <system-out><![CDATA[2025-08-07 12:21:18,032 INFO  [io.api.tes.uti.TestSeparator] (main) ############################################################################
2025-08-07 12:21:18,032 INFO  [io.api.tes.uti.TestSeparator] (main) io.apicurio.tests.serdes.apicurio.AvroSerdeIT.testAvroUnionWithSpecificReader-STARTED
**** Registry Base URL: http://registry-app-inmemory.apps.ci419.apicurio-testing.org:80
2025-08-07 12:21:18,038 INFO  [org.apa.kaf.cli.pro.ProducerConfig] (main) ProducerConfig values: 
	acks = -1
	auto.include.jmx.reporter = true
	batch.size = 16384
	bootstrap.servers = [PLAINTEXT://localhost:32769]
	buffer.memory = 33554432
	client.dns.lookup = use_all_dns_ips
	client.id = Producer-topic-3abbc6c3_58f1_4e54_8086_78232ebb2228
	compression.gzip.level = -1
	compression.lz4.level = 9
	compression.type = none
	compression.zstd.level = 3
	connections.max.idle.ms = 10000
	delivery.timeout.ms = 120000
	enable.idempotence = true
	enable.metrics.push = true
	interceptor.classes = []
	key.serializer = class org.apache.kafka.common.serialization.StringSerializer
	linger.ms = 0
	max.block.ms = 60000
	max.in.flight.requests.per.connection = 5
	max.request.size = 1048576
	metadata.max.age.ms = 300000
	metadata.max.idle.ms = 300000
	metadata.recovery.strategy = none
	metric.reporters = []
	metrics.num.samples = 2
	metrics.recording.level = INFO
	metrics.sample.window.ms = 30000
	partitioner.adaptive.partitioning.enable = true
	partitioner.availability.timeout.ms = 0
	partitioner.class = null
	partitioner.ignore.keys = false
	receive.buffer.bytes = 32768
	reconnect.backoff.max.ms = 1000
	reconnect.backoff.ms = 50
	request.timeout.ms = 5000
	retries = 2147483647
	retry.backoff.max.ms = 1000
	retry.backoff.ms = 100
	sasl.client.callback.handler.class = null
	sasl.jaas.config = null
	sasl.kerberos.kinit.cmd = /usr/bin/kinit
	sasl.kerberos.min.time.before.relogin = 60000
	sasl.kerberos.service.name = null
	sasl.kerberos.ticket.renew.jitter = 0.05
	sasl.kerberos.ticket.renew.window.factor = 0.8
	sasl.login.callback.handler.class = null
	sasl.login.class = null
	sasl.login.connect.timeout.ms = null
	sasl.login.read.timeout.ms = null
	sasl.login.refresh.buffer.seconds = 300
	sasl.login.refresh.min.period.seconds = 60
	sasl.login.refresh.window.factor = 0.8
	sasl.login.refresh.window.jitter = 0.05
	sasl.login.retry.backoff.max.ms = 10000
	sasl.login.retry.backoff.ms = 100
	sasl.mechanism = GSSAPI
	sasl.oauthbearer.clock.skew.seconds = 30
	sasl.oauthbearer.expected.audience = null
	sasl.oauthbearer.expected.issuer = null
	sasl.oauthbearer.header.urlencode = false
	sasl.oauthbearer.jwks.endpoint.refresh.ms = 3600000
	sasl.oauthbearer.jwks.endpoint.retry.backoff.max.ms = 10000
	sasl.oauthbearer.jwks.endpoint.retry.backoff.ms = 100
	sasl.oauthbearer.jwks.endpoint.url = null
	sasl.oauthbearer.scope.claim.name = scope
	sasl.oauthbearer.sub.claim.name = sub
	sasl.oauthbearer.token.endpoint.url = null
	security.protocol = PLAINTEXT
	security.providers = null
	send.buffer.bytes = 131072
	socket.connection.setup.timeout.max.ms = 30000
	socket.connection.setup.timeout.ms = 10000
	ssl.cipher.suites = null
	ssl.enabled.protocols = [TLSv1.2, TLSv1.3]
	ssl.endpoint.identification.algorithm = https
	ssl.engine.factory.class = null
	ssl.key.password = null
	ssl.keymanager.algorithm = SunX509
	ssl.keystore.certificate.chain = null
	ssl.keystore.key = null
	ssl.keystore.location = null
	ssl.keystore.password = null
	ssl.keystore.type = JKS
	ssl.protocol = TLSv1.3
	ssl.provider = null
	ssl.secure.random.implementation = null
	ssl.trustmanager.algorithm = PKIX
	ssl.truststore.certificates = null
	ssl.truststore.location = null
	ssl.truststore.password = null
	ssl.truststore.type = JKS
	transaction.timeout.ms = 60000
	transactional.id = null
	value.serializer = class io.apicurio.registry.serde.avro.AvroKafkaSerializer

2025-08-07 12:21:18,039 INFO  [org.apa.kaf.com.tel.int.KafkaMetricsCollector] (main) initializing Kafka metrics collector
2025-08-07 12:21:18,048 INFO  [org.apa.kaf.cli.pro.KafkaProducer] (main) [Producer clientId=Producer-topic-3abbc6c3_58f1_4e54_8086_78232ebb2228] Instantiated an idempotent producer.
2025-08-07 12:21:18,051 INFO  [org.apa.kaf.cli.pro.ProducerConfig] (main) These configurations '[apicurio.registry.url, apicurio.registry.auto-register, apicurio.registry.artifact-resolver-strategy]' were supplied but are not used yet.
2025-08-07 12:21:18,052 INFO  [org.apa.kaf.com.uti.AppInfoParser] (main) Kafka version: 3.9.1
2025-08-07 12:21:18,052 INFO  [org.apa.kaf.com.uti.AppInfoParser] (main) Kafka commitId: f745dfdcee2b9851
2025-08-07 12:21:18,052 INFO  [org.apa.kaf.com.uti.AppInfoParser] (main) Kafka startTimeMs: 1754569278052
2025-08-07 12:21:18,052 INFO  [io.api.tes.ser.api.SimpleSerdesTesterBuilder$SimpleSerdesTester] (main) Using producer configuration: {apicurio.registry.url=http://registry-app-inmemory.apps.ci419.apicurio-testing.org:80/apis/registry/v3, apicurio.registry.auto-register=true, apicurio.registry.artifact-resolver-strategy=io.apicurio.registry.serde.strategy.TopicIdStrategy, value.serializer=io.apicurio.registry.serde.avro.AvroKafkaSerializer, request.timeout.ms=5000, acks=all, bootstrap.servers=PLAINTEXT://localhost:32769, connections.max.idle.ms=10000, key.serializer=org.apache.kafka.common.serialization.StringSerializer, client.id=Producer-topic-3abbc6c3_58f1_4e54_8086_78232ebb2228}
2025-08-07 12:21:18,052 INFO  [io.api.tes.ser.api.SimpleSerdesTesterBuilder$SimpleSerdesTester] (main) Using consumer configuration: {}
2025-08-07 12:21:18,058 INFO  [org.apa.kaf.cli.Metadata] (kafka-producer-network-thread | Producer-topic-3abbc6c3_58f1_4e54_8086_78232ebb2228) [Producer clientId=Producer-topic-3abbc6c3_58f1_4e54_8086_78232ebb2228] Cluster ID: CeYNmdzmRCaaSk-AVslC4g
2025-08-07 12:21:18,060 INFO  [org.apa.kaf.cli.pro.int.TransactionManager] (kafka-producer-network-thread | Producer-topic-3abbc6c3_58f1_4e54_8086_78232ebb2228) [Producer clientId=Producer-topic-3abbc6c3_58f1_4e54_8086_78232ebb2228] ProducerId set to 10 with epoch 0
2025-08-07 12:21:18,063 INFO  [io.api.tes.ser.api.KafkaSerdesTester] (Thread-651) Sending message {"id": "record-0"} to topic topic-3abbc6c3_58f1_4e54_8086_78232ebb2228
2025-08-07 12:21:18,067 WARN  [org.apa.kaf.cli.NetworkClient] (kafka-producer-network-thread | Producer-topic-3abbc6c3_58f1_4e54_8086_78232ebb2228) [Producer clientId=Producer-topic-3abbc6c3_58f1_4e54_8086_78232ebb2228] The metadata response from the cluster reported a recoverable issue with correlation id 5 : {topic-3abbc6c3_58f1_4e54_8086_78232ebb2228=UNKNOWN_TOPIC_OR_PARTITION}
2025-08-07 12:21:18,216 INFO  [io.api.tes.ser.api.KafkaSerdesTester] (Thread-651) Sending message {"value": 1} to topic topic-3abbc6c3_58f1_4e54_8086_78232ebb2228
2025-08-07 12:21:18,239 INFO  [io.api.tes.ser.api.KafkaSerdesTester] (Thread-651) Sending message {"active": true} to topic topic-3abbc6c3_58f1_4e54_8086_78232ebb2228
2025-08-07 12:21:18,267 INFO  [io.api.tes.ser.api.KafkaSerdesTester] (Thread-651) Sending message {"id": "record-3"} to topic topic-3abbc6c3_58f1_4e54_8086_78232ebb2228
2025-08-07 12:21:18,268 INFO  [io.api.tes.ser.api.KafkaSerdesTester] (Thread-651) Sending message {"value": 4} to topic topic-3abbc6c3_58f1_4e54_8086_78232ebb2228
2025-08-07 12:21:18,270 INFO  [io.api.tes.ser.api.KafkaSerdesTester] (Thread-651) Sending message {"active": false} to topic topic-3abbc6c3_58f1_4e54_8086_78232ebb2228
2025-08-07 12:21:18,273 INFO  [io.api.tes.ser.api.KafkaSerdesTester] (Thread-651) Sending message {"id": "record-6"} to topic topic-3abbc6c3_58f1_4e54_8086_78232ebb2228
2025-08-07 12:21:18,276 INFO  [io.api.tes.ser.api.KafkaSerdesTester] (Thread-651) Sending message {"value": 7} to topic topic-3abbc6c3_58f1_4e54_8086_78232ebb2228
2025-08-07 12:21:18,278 INFO  [io.api.tes.ser.api.KafkaSerdesTester] (Thread-651) Sending message {"active": true} to topic topic-3abbc6c3_58f1_4e54_8086_78232ebb2228
2025-08-07 12:21:18,281 INFO  [io.api.tes.ser.api.KafkaSerdesTester] (Thread-651) Sending message {"id": "record-9"} to topic topic-3abbc6c3_58f1_4e54_8086_78232ebb2228
2025-08-07 12:21:18,287 INFO  [io.api.tes.ser.api.KafkaSerdesTester] (Thread-651) Produced 10 messages
2025-08-07 12:21:18,287 INFO  [org.apa.kaf.cli.pro.KafkaProducer] (Thread-651) [Producer clientId=Producer-topic-3abbc6c3_58f1_4e54_8086_78232ebb2228] Closing the Kafka producer with timeoutMillis = 9223372036854775807 ms.
2025-08-07 12:21:18,290 INFO  [org.apa.kaf.com.met.Metrics] (Thread-651) Metrics scheduler closed
2025-08-07 12:21:18,290 INFO  [org.apa.kaf.com.met.Metrics] (Thread-651) Closing reporter org.apache.kafka.common.metrics.JmxReporter
2025-08-07 12:21:18,290 INFO  [org.apa.kaf.com.met.Metrics] (Thread-651) Closing reporter org.apache.kafka.common.telemetry.internals.ClientTelemetryReporter
2025-08-07 12:21:18,290 INFO  [org.apa.kaf.com.met.Metrics] (Thread-651) Metrics reporters closed
2025-08-07 12:21:18,291 INFO  [org.apa.kaf.com.uti.AppInfoParser] (Thread-651) App info kafka.producer for Producer-topic-3abbc6c3_58f1_4e54_8086_78232ebb2228 unregistered
2025-08-07 12:21:18,308 INFO  [io.api.tes.ser.api.AvroSerdeIT] (main) Artifact topic-3abbc6c3_58f1_4e54_8086_78232ebb2228-value found in registry with globalId 25
**** Registry Base URL: http://registry-app-inmemory.apps.ci419.apicurio-testing.org:80
2025-08-07 12:21:18,309 INFO  [org.apa.kaf.cli.con.ConsumerConfig] (main) ConsumerConfig values: 
	allow.auto.create.topics = true
	auto.commit.interval.ms = 500
	auto.include.jmx.reporter = true
	auto.offset.reset = earliest
	bootstrap.servers = [PLAINTEXT://localhost:32769]
	check.crcs = true
	client.dns.lookup = use_all_dns_ips
	client.id = consumer-Consumer-topic-3abbc6c3_58f1_4e54_8086_78232ebb2228-8
	client.rack = 
	connections.max.idle.ms = 10000
	default.api.timeout.ms = 60000
	enable.auto.commit = true
	enable.metrics.push = true
	exclude.internal.topics = true
	fetch.max.bytes = 52428800
	fetch.max.wait.ms = 500
	fetch.min.bytes = 1
	group.id = Consumer-topic-3abbc6c3_58f1_4e54_8086_78232ebb2228
	group.instance.id = null
	group.protocol = classic
	group.remote.assignor = null
	heartbeat.interval.ms = 3000
	interceptor.classes = []
	internal.leave.group.on.close = true
	internal.throw.on.fetch.stable.offset.unsupported = false
	isolation.level = read_uncommitted
	key.deserializer = class org.apache.kafka.common.serialization.StringDeserializer
	max.partition.fetch.bytes = 1048576
	max.poll.interval.ms = 300000
	max.poll.records = 500
	metadata.max.age.ms = 300000
	metadata.recovery.strategy = none
	metric.reporters = []
	metrics.num.samples = 2
	metrics.recording.level = INFO
	metrics.sample.window.ms = 30000
	partition.assignment.strategy = [class org.apache.kafka.clients.consumer.RangeAssignor, class org.apache.kafka.clients.consumer.CooperativeStickyAssignor]
	receive.buffer.bytes = 65536
	reconnect.backoff.max.ms = 1000
	reconnect.backoff.ms = 50
	request.timeout.ms = 5000
	retry.backoff.max.ms = 1000
	retry.backoff.ms = 100
	sasl.client.callback.handler.class = null
	sasl.jaas.config = null
	sasl.kerberos.kinit.cmd = /usr/bin/kinit
	sasl.kerberos.min.time.before.relogin = 60000
	sasl.kerberos.service.name = null
	sasl.kerberos.ticket.renew.jitter = 0.05
	sasl.kerberos.ticket.renew.window.factor = 0.8
	sasl.login.callback.handler.class = null
	sasl.login.class = null
	sasl.login.connect.timeout.ms = null
	sasl.login.read.timeout.ms = null
	sasl.login.refresh.buffer.seconds = 300
	sasl.login.refresh.min.period.seconds = 60
	sasl.login.refresh.window.factor = 0.8
	sasl.login.refresh.window.jitter = 0.05
	sasl.login.retry.backoff.max.ms = 10000
	sasl.login.retry.backoff.ms = 100
	sasl.mechanism = GSSAPI
	sasl.oauthbearer.clock.skew.seconds = 30
	sasl.oauthbearer.expected.audience = null
	sasl.oauthbearer.expected.issuer = null
	sasl.oauthbearer.header.urlencode = false
	sasl.oauthbearer.jwks.endpoint.refresh.ms = 3600000
	sasl.oauthbearer.jwks.endpoint.retry.backoff.max.ms = 10000
	sasl.oauthbearer.jwks.endpoint.retry.backoff.ms = 100
	sasl.oauthbearer.jwks.endpoint.url = null
	sasl.oauthbearer.scope.claim.name = scope
	sasl.oauthbearer.sub.claim.name = sub
	sasl.oauthbearer.token.endpoint.url = null
	security.protocol = PLAINTEXT
	security.providers = null
	send.buffer.bytes = 131072
	session.timeout.ms = 45000
	socket.connection.setup.timeout.max.ms = 30000
	socket.connection.setup.timeout.ms = 10000
	ssl.cipher.suites = null
	ssl.enabled.protocols = [TLSv1.2, TLSv1.3]
	ssl.endpoint.identification.algorithm = https
	ssl.engine.factory.class = null
	ssl.key.password = null
	ssl.keymanager.algorithm = SunX509
	ssl.keystore.certificate.chain = null
	ssl.keystore.key = null
	ssl.keystore.location = null
	ssl.keystore.password = null
	ssl.keystore.type = JKS
	ssl.protocol = TLSv1.3
	ssl.provider = null
	ssl.secure.random.implementation = null
	ssl.trustmanager.algorithm = PKIX
	ssl.truststore.certificates = null
	ssl.truststore.location = null
	ssl.truststore.password = null
	ssl.truststore.type = JKS
	value.deserializer = class io.apicurio.registry.serde.avro.AvroKafkaDeserializer

2025-08-07 12:21:18,309 INFO  [org.apa.kaf.com.tel.int.KafkaMetricsCollector] (main) initializing Kafka metrics collector
2025-08-07 12:21:18,314 INFO  [org.apa.kaf.cli.con.ConsumerConfig] (main) These configurations '[apicurio.registry.url]' were supplied but are not used yet.
2025-08-07 12:21:18,314 INFO  [org.apa.kaf.com.uti.AppInfoParser] (main) Kafka version: 3.9.1
2025-08-07 12:21:18,314 INFO  [org.apa.kaf.com.uti.AppInfoParser] (main) Kafka commitId: f745dfdcee2b9851
2025-08-07 12:21:18,314 INFO  [org.apa.kaf.com.uti.AppInfoParser] (main) Kafka startTimeMs: 1754569278314
2025-08-07 12:21:18,314 INFO  [org.apa.kaf.cli.con.int.ClassicKafkaConsumer] (Thread-654) [Consumer clientId=consumer-Consumer-topic-3abbc6c3_58f1_4e54_8086_78232ebb2228-8, groupId=Consumer-topic-3abbc6c3_58f1_4e54_8086_78232ebb2228] Subscribed to topic(s): topic-3abbc6c3_58f1_4e54_8086_78232ebb2228
2025-08-07 12:21:18,321 INFO  [org.apa.kaf.cli.Metadata] (Thread-654) [Consumer clientId=consumer-Consumer-topic-3abbc6c3_58f1_4e54_8086_78232ebb2228-8, groupId=Consumer-topic-3abbc6c3_58f1_4e54_8086_78232ebb2228] Cluster ID: CeYNmdzmRCaaSk-AVslC4g
2025-08-07 12:21:18,322 INFO  [org.apa.kaf.cli.con.int.ConsumerCoordinator] (Thread-654) [Consumer clientId=consumer-Consumer-topic-3abbc6c3_58f1_4e54_8086_78232ebb2228-8, groupId=Consumer-topic-3abbc6c3_58f1_4e54_8086_78232ebb2228] Discovered group coordinator localhost:32769 (id: 2147483647 rack: null)
2025-08-07 12:21:18,326 INFO  [org.apa.kaf.cli.con.int.ConsumerCoordinator] (Thread-654) [Consumer clientId=consumer-Consumer-topic-3abbc6c3_58f1_4e54_8086_78232ebb2228-8, groupId=Consumer-topic-3abbc6c3_58f1_4e54_8086_78232ebb2228] (Re-)joining group
2025-08-07 12:21:18,330 INFO  [org.apa.kaf.cli.con.int.ConsumerCoordinator] (Thread-654) [Consumer clientId=consumer-Consumer-topic-3abbc6c3_58f1_4e54_8086_78232ebb2228-8, groupId=Consumer-topic-3abbc6c3_58f1_4e54_8086_78232ebb2228] Request joining group due to: need to re-join with the given member-id: consumer-Consumer-topic-3abbc6c3_58f1_4e54_8086_78232ebb2228-8-9f0b7955-f90c-41ff-b728-bbff1bbfd06d
2025-08-07 12:21:18,330 INFO  [org.apa.kaf.cli.con.int.ConsumerCoordinator] (Thread-654) [Consumer clientId=consumer-Consumer-topic-3abbc6c3_58f1_4e54_8086_78232ebb2228-8, groupId=Consumer-topic-3abbc6c3_58f1_4e54_8086_78232ebb2228] (Re-)joining group
2025-08-07 12:21:19,315 INFO  [io.api.tes.ser.api.KafkaSerdesTester] (Thread-654) None found
2025-08-07 12:21:20,316 INFO  [io.api.tes.ser.api.KafkaSerdesTester] (Thread-654) None found
2025-08-07 12:21:21,316 INFO  [io.api.tes.ser.api.KafkaSerdesTester] (Thread-654) None found
2025-08-07 12:21:21,333 INFO  [org.apa.kaf.cli.con.int.ConsumerCoordinator] (Thread-654) [Consumer clientId=consumer-Consumer-topic-3abbc6c3_58f1_4e54_8086_78232ebb2228-8, groupId=Consumer-topic-3abbc6c3_58f1_4e54_8086_78232ebb2228] Successfully joined group with generation Generation{generationId=1, memberId='consumer-Consumer-topic-3abbc6c3_58f1_4e54_8086_78232ebb2228-8-9f0b7955-f90c-41ff-b728-bbff1bbfd06d', protocol='range'}
2025-08-07 12:21:21,334 INFO  [org.apa.kaf.cli.con.int.ConsumerCoordinator] (Thread-654) [Consumer clientId=consumer-Consumer-topic-3abbc6c3_58f1_4e54_8086_78232ebb2228-8, groupId=Consumer-topic-3abbc6c3_58f1_4e54_8086_78232ebb2228] Finished assignment for group at generation 1: {consumer-Consumer-topic-3abbc6c3_58f1_4e54_8086_78232ebb2228-8-9f0b7955-f90c-41ff-b728-bbff1bbfd06d=Assignment(partitions=[topic-3abbc6c3_58f1_4e54_8086_78232ebb2228-0])}
2025-08-07 12:21:21,341 INFO  [org.apa.kaf.cli.con.int.ConsumerCoordinator] (Thread-654) [Consumer clientId=consumer-Consumer-topic-3abbc6c3_58f1_4e54_8086_78232ebb2228-8, groupId=Consumer-topic-3abbc6c3_58f1_4e54_8086_78232ebb2228] Successfully synced group in generation Generation{generationId=1, memberId='consumer-Consumer-topic-3abbc6c3_58f1_4e54_8086_78232ebb2228-8-9f0b7955-f90c-41ff-b728-bbff1bbfd06d', protocol='range'}
2025-08-07 12:21:21,341 INFO  [org.apa.kaf.cli.con.int.ConsumerCoordinator] (Thread-654) [Consumer clientId=consumer-Consumer-topic-3abbc6c3_58f1_4e54_8086_78232ebb2228-8, groupId=Consumer-topic-3abbc6c3_58f1_4e54_8086_78232ebb2228] Notifying assignor about the new Assignment(partitions=[topic-3abbc6c3_58f1_4e54_8086_78232ebb2228-0])
2025-08-07 12:21:21,341 INFO  [org.apa.kaf.cli.con.int.ConsumerRebalanceListenerInvoker] (Thread-654) [Consumer clientId=consumer-Consumer-topic-3abbc6c3_58f1_4e54_8086_78232ebb2228-8, groupId=Consumer-topic-3abbc6c3_58f1_4e54_8086_78232ebb2228] Adding newly assigned partitions: topic-3abbc6c3_58f1_4e54_8086_78232ebb2228-0
2025-08-07 12:21:21,342 INFO  [org.apa.kaf.cli.con.int.ConsumerCoordinator] (Thread-654) [Consumer clientId=consumer-Consumer-topic-3abbc6c3_58f1_4e54_8086_78232ebb2228-8, groupId=Consumer-topic-3abbc6c3_58f1_4e54_8086_78232ebb2228] Found no committed offset for partition topic-3abbc6c3_58f1_4e54_8086_78232ebb2228-0
2025-08-07 12:21:21,346 INFO  [org.apa.kaf.cli.con.int.SubscriptionState] (Thread-654) [Consumer clientId=consumer-Consumer-topic-3abbc6c3_58f1_4e54_8086_78232ebb2228-8, groupId=Consumer-topic-3abbc6c3_58f1_4e54_8086_78232ebb2228] Resetting offset for partition topic-3abbc6c3_58f1_4e54_8086_78232ebb2228-0 to position FetchPosition{offset=0, offsetEpoch=Optional.empty, currentLeader=LeaderAndEpoch{leader=Optional[localhost:32769 (id: 0 rack: null)], epoch=0}}.
2025-08-07 12:21:21,406 INFO  [io.api.tes.ser.api.KafkaSerdesTester] (Thread-654) topic-3abbc6c3_58f1_4e54_8086_78232ebb2228 0 0 {"id": "record-0"}
2025-08-07 12:21:21,406 INFO  [io.api.tes.ser.api.KafkaSerdesTester] (Thread-654) topic-3abbc6c3_58f1_4e54_8086_78232ebb2228 0 1 {"value": 1}
2025-08-07 12:21:21,406 INFO  [io.api.tes.ser.api.KafkaSerdesTester] (Thread-654) topic-3abbc6c3_58f1_4e54_8086_78232ebb2228 0 2 {"active": true}
2025-08-07 12:21:21,406 INFO  [io.api.tes.ser.api.KafkaSerdesTester] (Thread-654) topic-3abbc6c3_58f1_4e54_8086_78232ebb2228 0 3 {"id": "record-3"}
2025-08-07 12:21:21,406 INFO  [io.api.tes.ser.api.KafkaSerdesTester] (Thread-654) topic-3abbc6c3_58f1_4e54_8086_78232ebb2228 0 4 {"value": 4}
2025-08-07 12:21:21,406 INFO  [io.api.tes.ser.api.KafkaSerdesTester] (Thread-654) topic-3abbc6c3_58f1_4e54_8086_78232ebb2228 0 5 {"active": false}
2025-08-07 12:21:21,406 INFO  [io.api.tes.ser.api.KafkaSerdesTester] (Thread-654) topic-3abbc6c3_58f1_4e54_8086_78232ebb2228 0 6 {"id": "record-6"}
2025-08-07 12:21:21,406 INFO  [io.api.tes.ser.api.KafkaSerdesTester] (Thread-654) topic-3abbc6c3_58f1_4e54_8086_78232ebb2228 0 7 {"value": 7}
2025-08-07 12:21:21,406 INFO  [io.api.tes.ser.api.KafkaSerdesTester] (Thread-654) topic-3abbc6c3_58f1_4e54_8086_78232ebb2228 0 8 {"active": true}
2025-08-07 12:21:21,406 INFO  [io.api.tes.ser.api.KafkaSerdesTester] (Thread-654) topic-3abbc6c3_58f1_4e54_8086_78232ebb2228 0 9 {"id": "record-9"}
2025-08-07 12:21:21,406 INFO  [io.api.tes.ser.api.KafkaSerdesTester] (Thread-654) Consumed 10 messages
2025-08-07 12:21:21,413 INFO  [org.apa.kaf.cli.con.int.ConsumerRebalanceListenerInvoker] (Thread-654) [Consumer clientId=consumer-Consumer-topic-3abbc6c3_58f1_4e54_8086_78232ebb2228-8, groupId=Consumer-topic-3abbc6c3_58f1_4e54_8086_78232ebb2228] Revoke previously assigned partitions topic-3abbc6c3_58f1_4e54_8086_78232ebb2228-0
2025-08-07 12:21:21,413 INFO  [org.apa.kaf.cli.con.int.ConsumerCoordinator] (Thread-654) [Consumer clientId=consumer-Consumer-topic-3abbc6c3_58f1_4e54_8086_78232ebb2228-8, groupId=Consumer-topic-3abbc6c3_58f1_4e54_8086_78232ebb2228] Member consumer-Consumer-topic-3abbc6c3_58f1_4e54_8086_78232ebb2228-8-9f0b7955-f90c-41ff-b728-bbff1bbfd06d sending LeaveGroup request to coordinator localhost:32769 (id: 2147483647 rack: null) due to the consumer is being closed
2025-08-07 12:21:21,414 INFO  [org.apa.kaf.cli.con.int.ConsumerCoordinator] (Thread-654) [Consumer clientId=consumer-Consumer-topic-3abbc6c3_58f1_4e54_8086_78232ebb2228-8, groupId=Consumer-topic-3abbc6c3_58f1_4e54_8086_78232ebb2228] Resetting generation and member id due to: consumer pro-actively leaving the group
2025-08-07 12:21:21,414 INFO  [org.apa.kaf.cli.con.int.ConsumerCoordinator] (Thread-654) [Consumer clientId=consumer-Consumer-topic-3abbc6c3_58f1_4e54_8086_78232ebb2228-8, groupId=Consumer-topic-3abbc6c3_58f1_4e54_8086_78232ebb2228] Request joining group due to: consumer pro-actively leaving the group
2025-08-07 12:21:21,908 INFO  [org.apa.kaf.com.met.Metrics] (Thread-654) Metrics scheduler closed
2025-08-07 12:21:21,908 INFO  [org.apa.kaf.com.met.Metrics] (Thread-654) Closing reporter org.apache.kafka.common.metrics.JmxReporter
2025-08-07 12:21:21,908 INFO  [org.apa.kaf.com.met.Metrics] (Thread-654) Closing reporter org.apache.kafka.common.telemetry.internals.ClientTelemetryReporter
2025-08-07 12:21:21,908 INFO  [org.apa.kaf.com.met.Metrics] (Thread-654) Metrics reporters closed
2025-08-07 12:21:21,911 INFO  [org.apa.kaf.com.uti.AppInfoParser] (Thread-654) App info kafka.consumer for consumer-Consumer-topic-3abbc6c3_58f1_4e54_8086_78232ebb2228-8 unregistered
2025-08-07 12:21:21,914 INFO  [io.api.tes.uti.TestSeparator] (main) io.apicurio.tests.serdes.apicurio.AvroSerdeIT.testAvroUnionWithSpecificReader-FINISHED
2025-08-07 12:21:21,914 INFO  [io.api.tes.uti.TestSeparator] (main) ############################################################################
Test passed: testAvroUnionWithSpecificReader
]]></system-out>
  </testcase>
  <testcase name="testEvolveAvroApicurioReusingClient" classname="io.apicurio.tests.serdes.apicurio.AvroSerdeIT" time="6.967">
    <system-out><![CDATA[2025-08-07 12:21:21,915 INFO  [io.api.tes.uti.TestSeparator] (main) ############################################################################
2025-08-07 12:21:21,915 INFO  [io.api.tes.uti.TestSeparator] (main) io.apicurio.tests.serdes.apicurio.AvroSerdeIT.testEvolveAvroApicurioReusingClient-STARTED
2025-08-07 12:21:21,917 INFO  [io.api.tes.ser.api.AvroSerdeIT] (main) Registering Avro Schema: {"type":"record","name":"s8c40cda9xfbe0x4c95x9488x63c987773a89","namespace":"ns_1f617ecb_ee2e_4203_9ad9_421abfd8f4ce","fields":[{"name":"key11754569281917","type":"string"}]}
**** Registry Base URL: http://registry-app-inmemory.apps.ci419.apicurio-testing.org:80
2025-08-07 12:21:22,947 INFO  [org.apa.kaf.cli.pro.ProducerConfig] (main) ProducerConfig values: 
	acks = -1
	auto.include.jmx.reporter = true
	batch.size = 16384
	bootstrap.servers = [PLAINTEXT://localhost:32769]
	buffer.memory = 33554432
	client.dns.lookup = use_all_dns_ips
	client.id = Producer-topic-67aee3fb_c5b2_44e8_bdcb_f35b0e252bbd
	compression.gzip.level = -1
	compression.lz4.level = 9
	compression.type = none
	compression.zstd.level = 3
	connections.max.idle.ms = 10000
	delivery.timeout.ms = 120000
	enable.idempotence = true
	enable.metrics.push = true
	interceptor.classes = []
	key.serializer = class org.apache.kafka.common.serialization.StringSerializer
	linger.ms = 0
	max.block.ms = 60000
	max.in.flight.requests.per.connection = 5
	max.request.size = 1048576
	metadata.max.age.ms = 300000
	metadata.max.idle.ms = 300000
	metadata.recovery.strategy = none
	metric.reporters = []
	metrics.num.samples = 2
	metrics.recording.level = INFO
	metrics.sample.window.ms = 30000
	partitioner.adaptive.partitioning.enable = true
	partitioner.availability.timeout.ms = 0
	partitioner.class = null
	partitioner.ignore.keys = false
	receive.buffer.bytes = 32768
	reconnect.backoff.max.ms = 1000
	reconnect.backoff.ms = 50
	request.timeout.ms = 5000
	retries = 2147483647
	retry.backoff.max.ms = 1000
	retry.backoff.ms = 100
	sasl.client.callback.handler.class = null
	sasl.jaas.config = null
	sasl.kerberos.kinit.cmd = /usr/bin/kinit
	sasl.kerberos.min.time.before.relogin = 60000
	sasl.kerberos.service.name = null
	sasl.kerberos.ticket.renew.jitter = 0.05
	sasl.kerberos.ticket.renew.window.factor = 0.8
	sasl.login.callback.handler.class = null
	sasl.login.class = null
	sasl.login.connect.timeout.ms = null
	sasl.login.read.timeout.ms = null
	sasl.login.refresh.buffer.seconds = 300
	sasl.login.refresh.min.period.seconds = 60
	sasl.login.refresh.window.factor = 0.8
	sasl.login.refresh.window.jitter = 0.05
	sasl.login.retry.backoff.max.ms = 10000
	sasl.login.retry.backoff.ms = 100
	sasl.mechanism = GSSAPI
	sasl.oauthbearer.clock.skew.seconds = 30
	sasl.oauthbearer.expected.audience = null
	sasl.oauthbearer.expected.issuer = null
	sasl.oauthbearer.header.urlencode = false
	sasl.oauthbearer.jwks.endpoint.refresh.ms = 3600000
	sasl.oauthbearer.jwks.endpoint.retry.backoff.max.ms = 10000
	sasl.oauthbearer.jwks.endpoint.retry.backoff.ms = 100
	sasl.oauthbearer.jwks.endpoint.url = null
	sasl.oauthbearer.scope.claim.name = scope
	sasl.oauthbearer.sub.claim.name = sub
	sasl.oauthbearer.token.endpoint.url = null
	security.protocol = PLAINTEXT
	security.providers = null
	send.buffer.bytes = 131072
	socket.connection.setup.timeout.max.ms = 30000
	socket.connection.setup.timeout.ms = 10000
	ssl.cipher.suites = null
	ssl.enabled.protocols = [TLSv1.2, TLSv1.3]
	ssl.endpoint.identification.algorithm = https
	ssl.engine.factory.class = null
	ssl.key.password = null
	ssl.keymanager.algorithm = SunX509
	ssl.keystore.certificate.chain = null
	ssl.keystore.key = null
	ssl.keystore.location = null
	ssl.keystore.password = null
	ssl.keystore.type = JKS
	ssl.protocol = TLSv1.3
	ssl.provider = null
	ssl.secure.random.implementation = null
	ssl.trustmanager.algorithm = PKIX
	ssl.truststore.certificates = null
	ssl.truststore.location = null
	ssl.truststore.password = null
	ssl.truststore.type = JKS
	transaction.timeout.ms = 60000
	transactional.id = null
	value.serializer = class io.apicurio.registry.serde.avro.AvroKafkaSerializer

2025-08-07 12:21:22,947 INFO  [org.apa.kaf.com.tel.int.KafkaMetricsCollector] (main) initializing Kafka metrics collector
2025-08-07 12:21:22,950 INFO  [org.apa.kaf.cli.pro.KafkaProducer] (main) [Producer clientId=Producer-topic-67aee3fb_c5b2_44e8_bdcb_f35b0e252bbd] Instantiated an idempotent producer.
2025-08-07 12:21:22,953 INFO  [org.apa.kaf.cli.pro.ProducerConfig] (main) These configurations '[apicurio.registry.url, apicurio.registry.artifact-resolver-strategy]' were supplied but are not used yet.
2025-08-07 12:21:22,953 INFO  [org.apa.kaf.com.uti.AppInfoParser] (main) Kafka version: 3.9.1
2025-08-07 12:21:22,953 INFO  [org.apa.kaf.com.uti.AppInfoParser] (main) Kafka commitId: f745dfdcee2b9851
2025-08-07 12:21:22,953 INFO  [org.apa.kaf.com.uti.AppInfoParser] (main) Kafka startTimeMs: 1754569282953
**** Registry Base URL: http://registry-app-inmemory.apps.ci419.apicurio-testing.org:80
2025-08-07 12:21:22,954 INFO  [org.apa.kaf.cli.con.ConsumerConfig] (main) ConsumerConfig values: 
	allow.auto.create.topics = true
	auto.commit.interval.ms = 500
	auto.include.jmx.reporter = true
	auto.offset.reset = earliest
	bootstrap.servers = [PLAINTEXT://localhost:32769]
	check.crcs = true
	client.dns.lookup = use_all_dns_ips
	client.id = consumer-Consumer-topic-67aee3fb_c5b2_44e8_bdcb_f35b0e252bbd-9
	client.rack = 
	connections.max.idle.ms = 10000
	default.api.timeout.ms = 60000
	enable.auto.commit = true
	enable.metrics.push = true
	exclude.internal.topics = true
	fetch.max.bytes = 52428800
	fetch.max.wait.ms = 500
	fetch.min.bytes = 1
	group.id = Consumer-topic-67aee3fb_c5b2_44e8_bdcb_f35b0e252bbd
	group.instance.id = null
	group.protocol = classic
	group.remote.assignor = null
	heartbeat.interval.ms = 3000
	interceptor.classes = []
	internal.leave.group.on.close = true
	internal.throw.on.fetch.stable.offset.unsupported = false
	isolation.level = read_uncommitted
	key.deserializer = class org.apache.kafka.common.serialization.StringDeserializer
	max.partition.fetch.bytes = 1048576
	max.poll.interval.ms = 300000
	max.poll.records = 500
	metadata.max.age.ms = 300000
	metadata.recovery.strategy = none
	metric.reporters = []
	metrics.num.samples = 2
	metrics.recording.level = INFO
	metrics.sample.window.ms = 30000
	partition.assignment.strategy = [class org.apache.kafka.clients.consumer.RangeAssignor, class org.apache.kafka.clients.consumer.CooperativeStickyAssignor]
	receive.buffer.bytes = 65536
	reconnect.backoff.max.ms = 1000
	reconnect.backoff.ms = 50
	request.timeout.ms = 5000
	retry.backoff.max.ms = 1000
	retry.backoff.ms = 100
	sasl.client.callback.handler.class = null
	sasl.jaas.config = null
	sasl.kerberos.kinit.cmd = /usr/bin/kinit
	sasl.kerberos.min.time.before.relogin = 60000
	sasl.kerberos.service.name = null
	sasl.kerberos.ticket.renew.jitter = 0.05
	sasl.kerberos.ticket.renew.window.factor = 0.8
	sasl.login.callback.handler.class = null
	sasl.login.class = null
	sasl.login.connect.timeout.ms = null
	sasl.login.read.timeout.ms = null
	sasl.login.refresh.buffer.seconds = 300
	sasl.login.refresh.min.period.seconds = 60
	sasl.login.refresh.window.factor = 0.8
	sasl.login.refresh.window.jitter = 0.05
	sasl.login.retry.backoff.max.ms = 10000
	sasl.login.retry.backoff.ms = 100
	sasl.mechanism = GSSAPI
	sasl.oauthbearer.clock.skew.seconds = 30
	sasl.oauthbearer.expected.audience = null
	sasl.oauthbearer.expected.issuer = null
	sasl.oauthbearer.header.urlencode = false
	sasl.oauthbearer.jwks.endpoint.refresh.ms = 3600000
	sasl.oauthbearer.jwks.endpoint.retry.backoff.max.ms = 10000
	sasl.oauthbearer.jwks.endpoint.retry.backoff.ms = 100
	sasl.oauthbearer.jwks.endpoint.url = null
	sasl.oauthbearer.scope.claim.name = scope
	sasl.oauthbearer.sub.claim.name = sub
	sasl.oauthbearer.token.endpoint.url = null
	security.protocol = PLAINTEXT
	security.providers = null
	send.buffer.bytes = 131072
	session.timeout.ms = 45000
	socket.connection.setup.timeout.max.ms = 30000
	socket.connection.setup.timeout.ms = 10000
	ssl.cipher.suites = null
	ssl.enabled.protocols = [TLSv1.2, TLSv1.3]
	ssl.endpoint.identification.algorithm = https
	ssl.engine.factory.class = null
	ssl.key.password = null
	ssl.keymanager.algorithm = SunX509
	ssl.keystore.certificate.chain = null
	ssl.keystore.key = null
	ssl.keystore.location = null
	ssl.keystore.password = null
	ssl.keystore.type = JKS
	ssl.protocol = TLSv1.3
	ssl.provider = null
	ssl.secure.random.implementation = null
	ssl.trustmanager.algorithm = PKIX
	ssl.truststore.certificates = null
	ssl.truststore.location = null
	ssl.truststore.password = null
	ssl.truststore.type = JKS
	value.deserializer = class io.apicurio.registry.serde.avro.AvroKafkaDeserializer

2025-08-07 12:21:22,954 INFO  [org.apa.kaf.com.tel.int.KafkaMetricsCollector] (main) initializing Kafka metrics collector
2025-08-07 12:21:22,962 INFO  [org.apa.kaf.cli.Metadata] (kafka-producer-network-thread | Producer-topic-67aee3fb_c5b2_44e8_bdcb_f35b0e252bbd) [Producer clientId=Producer-topic-67aee3fb_c5b2_44e8_bdcb_f35b0e252bbd] Cluster ID: CeYNmdzmRCaaSk-AVslC4g
2025-08-07 12:21:22,963 INFO  [org.apa.kaf.cli.pro.int.TransactionManager] (kafka-producer-network-thread | Producer-topic-67aee3fb_c5b2_44e8_bdcb_f35b0e252bbd) [Producer clientId=Producer-topic-67aee3fb_c5b2_44e8_bdcb_f35b0e252bbd] ProducerId set to 11 with epoch 0
2025-08-07 12:21:22,965 INFO  [org.apa.kaf.cli.con.ConsumerConfig] (main) These configurations '[apicurio.registry.url]' were supplied but are not used yet.
2025-08-07 12:21:22,965 INFO  [org.apa.kaf.com.uti.AppInfoParser] (main) Kafka version: 3.9.1
2025-08-07 12:21:22,965 INFO  [org.apa.kaf.com.uti.AppInfoParser] (main) Kafka commitId: f745dfdcee2b9851
2025-08-07 12:21:22,965 INFO  [org.apa.kaf.com.uti.AppInfoParser] (main) Kafka startTimeMs: 1754569282965
2025-08-07 12:21:22,970 INFO  [io.api.tes.ser.api.KafkaSerdesTester] (Thread-659) Sending message {"key11754569281917": "value-0"} to topic topic-67aee3fb_c5b2_44e8_bdcb_f35b0e252bbd
2025-08-07 12:21:22,975 INFO  [DefaultSchemaResolver] (Thread-659) Retrieving schema content using string: {"type":"record","name":"s8c40cda9xfbe0x4c95x9488x63c987773a89","namespace":"ns_1f617ecb_ee2e_4203_9ad9_421abfd8f4ce","fields":[{"name":"key11754569281917","type":"string"}]}
2025-08-07 12:21:22,996 INFO  [io.api.tes.ser.api.KafkaSerdesTester] (Thread-659) Sending message {"key11754569281917": "value-1"} to topic topic-67aee3fb_c5b2_44e8_bdcb_f35b0e252bbd
2025-08-07 12:21:22,997 INFO  [io.api.tes.ser.api.KafkaSerdesTester] (Thread-659) Sending message {"key11754569281917": "value-2"} to topic topic-67aee3fb_c5b2_44e8_bdcb_f35b0e252bbd
2025-08-07 12:21:22,999 INFO  [io.api.tes.ser.api.KafkaSerdesTester] (Thread-659) Sending message {"key11754569281917": "value-3"} to topic topic-67aee3fb_c5b2_44e8_bdcb_f35b0e252bbd
2025-08-07 12:21:23,002 INFO  [io.api.tes.ser.api.KafkaSerdesTester] (Thread-659) Sending message {"key11754569281917": "value-4"} to topic topic-67aee3fb_c5b2_44e8_bdcb_f35b0e252bbd
2025-08-07 12:21:23,004 INFO  [io.api.tes.ser.api.KafkaSerdesTester] (Thread-659) Sending message {"key11754569281917": "value-5"} to topic topic-67aee3fb_c5b2_44e8_bdcb_f35b0e252bbd
2025-08-07 12:21:23,005 INFO  [io.api.tes.ser.api.KafkaSerdesTester] (Thread-659) Sending message {"key11754569281917": "value-6"} to topic topic-67aee3fb_c5b2_44e8_bdcb_f35b0e252bbd
2025-08-07 12:21:23,008 INFO  [io.api.tes.ser.api.KafkaSerdesTester] (Thread-659) Sending message {"key11754569281917": "value-7"} to topic topic-67aee3fb_c5b2_44e8_bdcb_f35b0e252bbd
2025-08-07 12:21:23,010 INFO  [io.api.tes.ser.api.KafkaSerdesTester] (Thread-659) Sending message {"key11754569281917": "value-8"} to topic topic-67aee3fb_c5b2_44e8_bdcb_f35b0e252bbd
2025-08-07 12:21:23,016 INFO  [io.api.tes.ser.api.KafkaSerdesTester] (Thread-659) Sending message {"key11754569281917": "value-9"} to topic topic-67aee3fb_c5b2_44e8_bdcb_f35b0e252bbd
2025-08-07 12:21:23,017 INFO  [io.api.tes.ser.api.KafkaSerdesTester] (Thread-659) Produced 10 messages
2025-08-07 12:21:23,018 INFO  [org.apa.kaf.cli.con.int.ClassicKafkaConsumer] (Thread-660) [Consumer clientId=consumer-Consumer-topic-67aee3fb_c5b2_44e8_bdcb_f35b0e252bbd-9, groupId=Consumer-topic-67aee3fb_c5b2_44e8_bdcb_f35b0e252bbd] Subscribed to topic(s): topic-67aee3fb_c5b2_44e8_bdcb_f35b0e252bbd
2025-08-07 12:21:23,022 INFO  [org.apa.kaf.cli.Metadata] (Thread-660) [Consumer clientId=consumer-Consumer-topic-67aee3fb_c5b2_44e8_bdcb_f35b0e252bbd-9, groupId=Consumer-topic-67aee3fb_c5b2_44e8_bdcb_f35b0e252bbd] Cluster ID: CeYNmdzmRCaaSk-AVslC4g
2025-08-07 12:21:23,023 INFO  [org.apa.kaf.cli.con.int.ConsumerCoordinator] (Thread-660) [Consumer clientId=consumer-Consumer-topic-67aee3fb_c5b2_44e8_bdcb_f35b0e252bbd-9, groupId=Consumer-topic-67aee3fb_c5b2_44e8_bdcb_f35b0e252bbd] Discovered group coordinator localhost:32769 (id: 2147483647 rack: null)
2025-08-07 12:21:23,025 INFO  [org.apa.kaf.cli.con.int.ConsumerCoordinator] (Thread-660) [Consumer clientId=consumer-Consumer-topic-67aee3fb_c5b2_44e8_bdcb_f35b0e252bbd-9, groupId=Consumer-topic-67aee3fb_c5b2_44e8_bdcb_f35b0e252bbd] (Re-)joining group
2025-08-07 12:21:23,028 INFO  [org.apa.kaf.cli.con.int.ConsumerCoordinator] (Thread-660) [Consumer clientId=consumer-Consumer-topic-67aee3fb_c5b2_44e8_bdcb_f35b0e252bbd-9, groupId=Consumer-topic-67aee3fb_c5b2_44e8_bdcb_f35b0e252bbd] Request joining group due to: need to re-join with the given member-id: consumer-Consumer-topic-67aee3fb_c5b2_44e8_bdcb_f35b0e252bbd-9-2b24d70b-96e2-4f84-8efe-f57c294ad2c0
2025-08-07 12:21:23,028 INFO  [org.apa.kaf.cli.con.int.ConsumerCoordinator] (Thread-660) [Consumer clientId=consumer-Consumer-topic-67aee3fb_c5b2_44e8_bdcb_f35b0e252bbd-9, groupId=Consumer-topic-67aee3fb_c5b2_44e8_bdcb_f35b0e252bbd] (Re-)joining group
2025-08-07 12:21:24,018 INFO  [io.api.tes.ser.api.KafkaSerdesTester] (Thread-660) None found
2025-08-07 12:21:25,019 INFO  [io.api.tes.ser.api.KafkaSerdesTester] (Thread-660) None found
2025-08-07 12:21:26,019 INFO  [io.api.tes.ser.api.KafkaSerdesTester] (Thread-660) None found
2025-08-07 12:21:26,032 INFO  [org.apa.kaf.cli.con.int.ConsumerCoordinator] (Thread-660) [Consumer clientId=consumer-Consumer-topic-67aee3fb_c5b2_44e8_bdcb_f35b0e252bbd-9, groupId=Consumer-topic-67aee3fb_c5b2_44e8_bdcb_f35b0e252bbd] Successfully joined group with generation Generation{generationId=1, memberId='consumer-Consumer-topic-67aee3fb_c5b2_44e8_bdcb_f35b0e252bbd-9-2b24d70b-96e2-4f84-8efe-f57c294ad2c0', protocol='range'}
2025-08-07 12:21:26,033 INFO  [org.apa.kaf.cli.con.int.ConsumerCoordinator] (Thread-660) [Consumer clientId=consumer-Consumer-topic-67aee3fb_c5b2_44e8_bdcb_f35b0e252bbd-9, groupId=Consumer-topic-67aee3fb_c5b2_44e8_bdcb_f35b0e252bbd] Finished assignment for group at generation 1: {consumer-Consumer-topic-67aee3fb_c5b2_44e8_bdcb_f35b0e252bbd-9-2b24d70b-96e2-4f84-8efe-f57c294ad2c0=Assignment(partitions=[topic-67aee3fb_c5b2_44e8_bdcb_f35b0e252bbd-0])}
2025-08-07 12:21:26,039 INFO  [org.apa.kaf.cli.con.int.ConsumerCoordinator] (Thread-660) [Consumer clientId=consumer-Consumer-topic-67aee3fb_c5b2_44e8_bdcb_f35b0e252bbd-9, groupId=Consumer-topic-67aee3fb_c5b2_44e8_bdcb_f35b0e252bbd] Successfully synced group in generation Generation{generationId=1, memberId='consumer-Consumer-topic-67aee3fb_c5b2_44e8_bdcb_f35b0e252bbd-9-2b24d70b-96e2-4f84-8efe-f57c294ad2c0', protocol='range'}
2025-08-07 12:21:26,039 INFO  [org.apa.kaf.cli.con.int.ConsumerCoordinator] (Thread-660) [Consumer clientId=consumer-Consumer-topic-67aee3fb_c5b2_44e8_bdcb_f35b0e252bbd-9, groupId=Consumer-topic-67aee3fb_c5b2_44e8_bdcb_f35b0e252bbd] Notifying assignor about the new Assignment(partitions=[topic-67aee3fb_c5b2_44e8_bdcb_f35b0e252bbd-0])
2025-08-07 12:21:26,039 INFO  [org.apa.kaf.cli.con.int.ConsumerRebalanceListenerInvoker] (Thread-660) [Consumer clientId=consumer-Consumer-topic-67aee3fb_c5b2_44e8_bdcb_f35b0e252bbd-9, groupId=Consumer-topic-67aee3fb_c5b2_44e8_bdcb_f35b0e252bbd] Adding newly assigned partitions: topic-67aee3fb_c5b2_44e8_bdcb_f35b0e252bbd-0
2025-08-07 12:21:26,040 INFO  [org.apa.kaf.cli.con.int.ConsumerCoordinator] (Thread-660) [Consumer clientId=consumer-Consumer-topic-67aee3fb_c5b2_44e8_bdcb_f35b0e252bbd-9, groupId=Consumer-topic-67aee3fb_c5b2_44e8_bdcb_f35b0e252bbd] Found no committed offset for partition topic-67aee3fb_c5b2_44e8_bdcb_f35b0e252bbd-0
2025-08-07 12:21:26,044 INFO  [org.apa.kaf.cli.con.int.SubscriptionState] (Thread-660) [Consumer clientId=consumer-Consumer-topic-67aee3fb_c5b2_44e8_bdcb_f35b0e252bbd-9, groupId=Consumer-topic-67aee3fb_c5b2_44e8_bdcb_f35b0e252bbd] Resetting offset for partition topic-67aee3fb_c5b2_44e8_bdcb_f35b0e252bbd-0 to position FetchPosition{offset=0, offsetEpoch=Optional.empty, currentLeader=LeaderAndEpoch{leader=Optional[localhost:32769 (id: 0 rack: null)], epoch=0}}.
2025-08-07 12:21:26,145 INFO  [io.api.tes.ser.api.KafkaSerdesTester] (Thread-660) topic-67aee3fb_c5b2_44e8_bdcb_f35b0e252bbd 0 0 {"key11754569281917": "value-0"}
2025-08-07 12:21:26,145 INFO  [io.api.tes.ser.api.KafkaSerdesTester] (Thread-660) topic-67aee3fb_c5b2_44e8_bdcb_f35b0e252bbd 0 1 {"key11754569281917": "value-1"}
2025-08-07 12:21:26,145 INFO  [io.api.tes.ser.api.KafkaSerdesTester] (Thread-660) topic-67aee3fb_c5b2_44e8_bdcb_f35b0e252bbd 0 2 {"key11754569281917": "value-2"}
2025-08-07 12:21:26,145 INFO  [io.api.tes.ser.api.KafkaSerdesTester] (Thread-660) topic-67aee3fb_c5b2_44e8_bdcb_f35b0e252bbd 0 3 {"key11754569281917": "value-3"}
2025-08-07 12:21:26,145 INFO  [io.api.tes.ser.api.KafkaSerdesTester] (Thread-660) topic-67aee3fb_c5b2_44e8_bdcb_f35b0e252bbd 0 4 {"key11754569281917": "value-4"}
2025-08-07 12:21:26,145 INFO  [io.api.tes.ser.api.KafkaSerdesTester] (Thread-660) topic-67aee3fb_c5b2_44e8_bdcb_f35b0e252bbd 0 5 {"key11754569281917": "value-5"}
2025-08-07 12:21:26,145 INFO  [io.api.tes.ser.api.KafkaSerdesTester] (Thread-660) topic-67aee3fb_c5b2_44e8_bdcb_f35b0e252bbd 0 6 {"key11754569281917": "value-6"}
2025-08-07 12:21:26,145 INFO  [io.api.tes.ser.api.KafkaSerdesTester] (Thread-660) topic-67aee3fb_c5b2_44e8_bdcb_f35b0e252bbd 0 7 {"key11754569281917": "value-7"}
2025-08-07 12:21:26,145 INFO  [io.api.tes.ser.api.KafkaSerdesTester] (Thread-660) topic-67aee3fb_c5b2_44e8_bdcb_f35b0e252bbd 0 8 {"key11754569281917": "value-8"}
2025-08-07 12:21:26,145 INFO  [io.api.tes.ser.api.KafkaSerdesTester] (Thread-660) topic-67aee3fb_c5b2_44e8_bdcb_f35b0e252bbd 0 9 {"key11754569281917": "value-9"}
2025-08-07 12:21:26,145 INFO  [io.api.tes.ser.api.KafkaSerdesTester] (Thread-660) Consumed 10 messages
2025-08-07 12:21:26,146 INFO  [io.api.tes.ser.api.AvroSerdeIT] (main) Registering Avro Schema 2: {"type":"record","name":"s8c40cda9xfbe0x4c95x9488x63c987773a89","namespace":"ns_1f617ecb_ee2e_4203_9ad9_421abfd8f4ce","fields":[{"name":"key11754569281917","type":"string"},{"name":"key21754569286145","type":"string"}]}
2025-08-07 12:21:27,180 INFO  [io.api.tes.ser.api.KafkaSerdesTester] (Thread-661) Sending message {"key11754569281917": "value-0", "key21754569286145": "value-0"} to topic topic-67aee3fb_c5b2_44e8_bdcb_f35b0e252bbd
2025-08-07 12:21:27,180 INFO  [DefaultSchemaResolver] (Thread-661) Retrieving schema content using string: {"type":"record","name":"s8c40cda9xfbe0x4c95x9488x63c987773a89","namespace":"ns_1f617ecb_ee2e_4203_9ad9_421abfd8f4ce","fields":[{"name":"key11754569281917","type":"string"},{"name":"key21754569286145","type":"string"}]}
2025-08-07 12:21:27,198 INFO  [io.api.tes.ser.api.KafkaSerdesTester] (Thread-661) Sending message {"key11754569281917": "value-1", "key21754569286145": "value-1"} to topic topic-67aee3fb_c5b2_44e8_bdcb_f35b0e252bbd
2025-08-07 12:21:27,200 INFO  [io.api.tes.ser.api.KafkaSerdesTester] (Thread-661) Sending message {"key11754569281917": "value-2", "key21754569286145": "value-2"} to topic topic-67aee3fb_c5b2_44e8_bdcb_f35b0e252bbd
2025-08-07 12:21:27,202 INFO  [io.api.tes.ser.api.KafkaSerdesTester] (Thread-661) Sending message {"key11754569281917": "value-3", "key21754569286145": "value-3"} to topic topic-67aee3fb_c5b2_44e8_bdcb_f35b0e252bbd
2025-08-07 12:21:27,204 INFO  [io.api.tes.ser.api.KafkaSerdesTester] (Thread-661) Sending message {"key11754569281917": "value-4", "key21754569286145": "value-4"} to topic topic-67aee3fb_c5b2_44e8_bdcb_f35b0e252bbd
2025-08-07 12:21:27,206 INFO  [io.api.tes.ser.api.KafkaSerdesTester] (Thread-661) Sending message {"key11754569281917": "value-5", "key21754569286145": "value-5"} to topic topic-67aee3fb_c5b2_44e8_bdcb_f35b0e252bbd
2025-08-07 12:21:27,210 INFO  [io.api.tes.ser.api.KafkaSerdesTester] (Thread-661) Sending message {"key11754569281917": "value-6", "key21754569286145": "value-6"} to topic topic-67aee3fb_c5b2_44e8_bdcb_f35b0e252bbd
2025-08-07 12:21:27,211 INFO  [io.api.tes.ser.api.KafkaSerdesTester] (Thread-661) Sending message {"key11754569281917": "value-7", "key21754569286145": "value-7"} to topic topic-67aee3fb_c5b2_44e8_bdcb_f35b0e252bbd
2025-08-07 12:21:27,213 INFO  [io.api.tes.ser.api.KafkaSerdesTester] (Thread-661) Sending message {"key11754569281917": "value-8", "key21754569286145": "value-8"} to topic topic-67aee3fb_c5b2_44e8_bdcb_f35b0e252bbd
2025-08-07 12:21:27,214 INFO  [io.api.tes.ser.api.KafkaSerdesTester] (Thread-661) Sending message {"key11754569281917": "value-9", "key21754569286145": "value-9"} to topic topic-67aee3fb_c5b2_44e8_bdcb_f35b0e252bbd
2025-08-07 12:21:27,216 INFO  [io.api.tes.ser.api.KafkaSerdesTester] (Thread-661) Produced 10 messages
2025-08-07 12:21:27,216 INFO  [io.api.tes.ser.api.KafkaSerdesTester] (Thread-662) Sending message {"key11754569281917": "value-0"} to topic topic-67aee3fb_c5b2_44e8_bdcb_f35b0e252bbd
2025-08-07 12:21:27,218 INFO  [io.api.tes.ser.api.KafkaSerdesTester] (Thread-662) Sending message {"key11754569281917": "value-1"} to topic topic-67aee3fb_c5b2_44e8_bdcb_f35b0e252bbd
2025-08-07 12:21:27,220 INFO  [io.api.tes.ser.api.KafkaSerdesTester] (Thread-662) Sending message {"key11754569281917": "value-2"} to topic topic-67aee3fb_c5b2_44e8_bdcb_f35b0e252bbd
2025-08-07 12:21:27,222 INFO  [io.api.tes.ser.api.KafkaSerdesTester] (Thread-662) Sending message {"key11754569281917": "value-3"} to topic topic-67aee3fb_c5b2_44e8_bdcb_f35b0e252bbd
2025-08-07 12:21:27,223 INFO  [io.api.tes.ser.api.KafkaSerdesTester] (Thread-662) Sending message {"key11754569281917": "value-4"} to topic topic-67aee3fb_c5b2_44e8_bdcb_f35b0e252bbd
2025-08-07 12:21:27,225 INFO  [io.api.tes.ser.api.KafkaSerdesTester] (Thread-662) Sending message {"key11754569281917": "value-5"} to topic topic-67aee3fb_c5b2_44e8_bdcb_f35b0e252bbd
2025-08-07 12:21:27,226 INFO  [io.api.tes.ser.api.KafkaSerdesTester] (Thread-662) Sending message {"key11754569281917": "value-6"} to topic topic-67aee3fb_c5b2_44e8_bdcb_f35b0e252bbd
2025-08-07 12:21:27,228 INFO  [io.api.tes.ser.api.KafkaSerdesTester] (Thread-662) Sending message {"key11754569281917": "value-7"} to topic topic-67aee3fb_c5b2_44e8_bdcb_f35b0e252bbd
2025-08-07 12:21:27,229 INFO  [io.api.tes.ser.api.KafkaSerdesTester] (Thread-662) Sending message {"key11754569281917": "value-8"} to topic topic-67aee3fb_c5b2_44e8_bdcb_f35b0e252bbd
2025-08-07 12:21:27,233 INFO  [io.api.tes.ser.api.KafkaSerdesTester] (Thread-662) Sending message {"key11754569281917": "value-9"} to topic topic-67aee3fb_c5b2_44e8_bdcb_f35b0e252bbd
2025-08-07 12:21:27,234 INFO  [io.api.tes.ser.api.KafkaSerdesTester] (Thread-662) Produced 10 messages
2025-08-07 12:21:27,236 INFO  [org.apa.kaf.cli.con.int.ClassicKafkaConsumer] (Thread-663) [Consumer clientId=consumer-Consumer-topic-67aee3fb_c5b2_44e8_bdcb_f35b0e252bbd-9, groupId=Consumer-topic-67aee3fb_c5b2_44e8_bdcb_f35b0e252bbd] Subscribed to topic(s): topic-67aee3fb_c5b2_44e8_bdcb_f35b0e252bbd
2025-08-07 12:21:27,257 INFO  [io.api.tes.ser.api.KafkaSerdesTester] (Thread-663) topic-67aee3fb_c5b2_44e8_bdcb_f35b0e252bbd 0 10 {"key11754569281917": "value-0", "key21754569286145": "value-0"}
2025-08-07 12:21:27,258 INFO  [io.api.tes.ser.api.KafkaSerdesTester] (Thread-663) topic-67aee3fb_c5b2_44e8_bdcb_f35b0e252bbd 0 11 {"key11754569281917": "value-1", "key21754569286145": "value-1"}
2025-08-07 12:21:27,258 INFO  [io.api.tes.ser.api.KafkaSerdesTester] (Thread-663) topic-67aee3fb_c5b2_44e8_bdcb_f35b0e252bbd 0 12 {"key11754569281917": "value-2", "key21754569286145": "value-2"}
2025-08-07 12:21:27,258 INFO  [io.api.tes.ser.api.KafkaSerdesTester] (Thread-663) topic-67aee3fb_c5b2_44e8_bdcb_f35b0e252bbd 0 13 {"key11754569281917": "value-3", "key21754569286145": "value-3"}
2025-08-07 12:21:27,258 INFO  [io.api.tes.ser.api.KafkaSerdesTester] (Thread-663) topic-67aee3fb_c5b2_44e8_bdcb_f35b0e252bbd 0 14 {"key11754569281917": "value-4", "key21754569286145": "value-4"}
2025-08-07 12:21:27,258 INFO  [io.api.tes.ser.api.KafkaSerdesTester] (Thread-663) topic-67aee3fb_c5b2_44e8_bdcb_f35b0e252bbd 0 15 {"key11754569281917": "value-5", "key21754569286145": "value-5"}
2025-08-07 12:21:27,258 INFO  [io.api.tes.ser.api.KafkaSerdesTester] (Thread-663) topic-67aee3fb_c5b2_44e8_bdcb_f35b0e252bbd 0 16 {"key11754569281917": "value-6", "key21754569286145": "value-6"}
2025-08-07 12:21:27,258 INFO  [io.api.tes.ser.api.KafkaSerdesTester] (Thread-663) topic-67aee3fb_c5b2_44e8_bdcb_f35b0e252bbd 0 17 {"key11754569281917": "value-7", "key21754569286145": "value-7"}
2025-08-07 12:21:27,258 INFO  [io.api.tes.ser.api.KafkaSerdesTester] (Thread-663) topic-67aee3fb_c5b2_44e8_bdcb_f35b0e252bbd 0 18 {"key11754569281917": "value-8", "key21754569286145": "value-8"}
2025-08-07 12:21:27,258 INFO  [io.api.tes.ser.api.KafkaSerdesTester] (Thread-663) topic-67aee3fb_c5b2_44e8_bdcb_f35b0e252bbd 0 19 {"key11754569281917": "value-9", "key21754569286145": "value-9"}
2025-08-07 12:21:27,258 INFO  [io.api.tes.ser.api.KafkaSerdesTester] (Thread-663) topic-67aee3fb_c5b2_44e8_bdcb_f35b0e252bbd 0 20 {"key11754569281917": "value-0"}
2025-08-07 12:21:27,258 INFO  [io.api.tes.ser.api.KafkaSerdesTester] (Thread-663) topic-67aee3fb_c5b2_44e8_bdcb_f35b0e252bbd 0 21 {"key11754569281917": "value-1"}
2025-08-07 12:21:27,258 INFO  [io.api.tes.ser.api.KafkaSerdesTester] (Thread-663) topic-67aee3fb_c5b2_44e8_bdcb_f35b0e252bbd 0 22 {"key11754569281917": "value-2"}
2025-08-07 12:21:27,258 INFO  [io.api.tes.ser.api.KafkaSerdesTester] (Thread-663) topic-67aee3fb_c5b2_44e8_bdcb_f35b0e252bbd 0 23 {"key11754569281917": "value-3"}
2025-08-07 12:21:27,259 INFO  [io.api.tes.ser.api.KafkaSerdesTester] (Thread-663) topic-67aee3fb_c5b2_44e8_bdcb_f35b0e252bbd 0 24 {"key11754569281917": "value-4"}
2025-08-07 12:21:27,259 INFO  [io.api.tes.ser.api.KafkaSerdesTester] (Thread-663) topic-67aee3fb_c5b2_44e8_bdcb_f35b0e252bbd 0 25 {"key11754569281917": "value-5"}
2025-08-07 12:21:27,259 INFO  [io.api.tes.ser.api.KafkaSerdesTester] (Thread-663) topic-67aee3fb_c5b2_44e8_bdcb_f35b0e252bbd 0 26 {"key11754569281917": "value-6"}
2025-08-07 12:21:27,259 INFO  [io.api.tes.ser.api.KafkaSerdesTester] (Thread-663) topic-67aee3fb_c5b2_44e8_bdcb_f35b0e252bbd 0 27 {"key11754569281917": "value-7"}
2025-08-07 12:21:27,259 INFO  [io.api.tes.ser.api.KafkaSerdesTester] (Thread-663) topic-67aee3fb_c5b2_44e8_bdcb_f35b0e252bbd 0 28 {"key11754569281917": "value-8"}
2025-08-07 12:21:27,259 INFO  [io.api.tes.ser.api.KafkaSerdesTester] (Thread-663) topic-67aee3fb_c5b2_44e8_bdcb_f35b0e252bbd 0 29 {"key11754569281917": "value-9"}
2025-08-07 12:21:27,259 INFO  [io.api.tes.ser.api.KafkaSerdesTester] (Thread-663) Consumed 20 messages
2025-08-07 12:21:27,261 INFO  [io.api.tes.ser.api.AvroSerdeIT] (main) Registering Avro Schema 3: {"type":"record","name":"s8c40cda9xfbe0x4c95x9488x63c987773a89","namespace":"ns_1f617ecb_ee2e_4203_9ad9_421abfd8f4ce","fields":[{"name":"key11754569281917","type":"string"},{"name":"key21754569286145","type":"string"},{"name":"key31754569287261","type":"string"}]}
2025-08-07 12:21:28,286 INFO  [io.api.tes.ser.api.KafkaSerdesTester] (Thread-664) Sending message {"key11754569281917": "value-0", "key21754569286145": "value-0", "key31754569287261": "value-0"} to topic topic-67aee3fb_c5b2_44e8_bdcb_f35b0e252bbd
2025-08-07 12:21:28,287 INFO  [DefaultSchemaResolver] (Thread-664) Retrieving schema content using string: {"type":"record","name":"s8c40cda9xfbe0x4c95x9488x63c987773a89","namespace":"ns_1f617ecb_ee2e_4203_9ad9_421abfd8f4ce","fields":[{"name":"key11754569281917","type":"string"},{"name":"key21754569286145","type":"string"},{"name":"key31754569287261","type":"string"}]}
2025-08-07 12:21:28,301 INFO  [io.api.tes.ser.api.KafkaSerdesTester] (Thread-664) Sending message {"key11754569281917": "value-1", "key21754569286145": "value-1", "key31754569287261": "value-1"} to topic topic-67aee3fb_c5b2_44e8_bdcb_f35b0e252bbd
2025-08-07 12:21:28,302 INFO  [io.api.tes.ser.api.KafkaSerdesTester] (Thread-664) Sending message {"key11754569281917": "value-2", "key21754569286145": "value-2", "key31754569287261": "value-2"} to topic topic-67aee3fb_c5b2_44e8_bdcb_f35b0e252bbd
2025-08-07 12:21:28,309 INFO  [io.api.tes.ser.api.KafkaSerdesTester] (Thread-664) Sending message {"key11754569281917": "value-3", "key21754569286145": "value-3", "key31754569287261": "value-3"} to topic topic-67aee3fb_c5b2_44e8_bdcb_f35b0e252bbd
2025-08-07 12:21:28,311 INFO  [io.api.tes.ser.api.KafkaSerdesTester] (Thread-664) Sending message {"key11754569281917": "value-4", "key21754569286145": "value-4", "key31754569287261": "value-4"} to topic topic-67aee3fb_c5b2_44e8_bdcb_f35b0e252bbd
2025-08-07 12:21:28,313 INFO  [io.api.tes.ser.api.KafkaSerdesTester] (Thread-664) Sending message {"key11754569281917": "value-5", "key21754569286145": "value-5", "key31754569287261": "value-5"} to topic topic-67aee3fb_c5b2_44e8_bdcb_f35b0e252bbd
2025-08-07 12:21:28,316 INFO  [io.api.tes.ser.api.KafkaSerdesTester] (Thread-664) Sending message {"key11754569281917": "value-6", "key21754569286145": "value-6", "key31754569287261": "value-6"} to topic topic-67aee3fb_c5b2_44e8_bdcb_f35b0e252bbd
2025-08-07 12:21:28,317 INFO  [io.api.tes.ser.api.KafkaSerdesTester] (Thread-664) Sending message {"key11754569281917": "value-7", "key21754569286145": "value-7", "key31754569287261": "value-7"} to topic topic-67aee3fb_c5b2_44e8_bdcb_f35b0e252bbd
2025-08-07 12:21:28,319 INFO  [io.api.tes.ser.api.KafkaSerdesTester] (Thread-664) Sending message {"key11754569281917": "value-8", "key21754569286145": "value-8", "key31754569287261": "value-8"} to topic topic-67aee3fb_c5b2_44e8_bdcb_f35b0e252bbd
2025-08-07 12:21:28,320 INFO  [io.api.tes.ser.api.KafkaSerdesTester] (Thread-664) Sending message {"key11754569281917": "value-9", "key21754569286145": "value-9", "key31754569287261": "value-9"} to topic topic-67aee3fb_c5b2_44e8_bdcb_f35b0e252bbd
2025-08-07 12:21:28,322 INFO  [io.api.tes.ser.api.KafkaSerdesTester] (Thread-664) Produced 10 messages
2025-08-07 12:21:28,322 INFO  [io.api.tes.ser.api.KafkaSerdesTester] (Thread-665) Sending message {"key11754569281917": "value-0", "key21754569286145": "value-0"} to topic topic-67aee3fb_c5b2_44e8_bdcb_f35b0e252bbd
2025-08-07 12:21:28,324 INFO  [io.api.tes.ser.api.KafkaSerdesTester] (Thread-665) Sending message {"key11754569281917": "value-1", "key21754569286145": "value-1"} to topic topic-67aee3fb_c5b2_44e8_bdcb_f35b0e252bbd
2025-08-07 12:21:28,325 INFO  [io.api.tes.ser.api.KafkaSerdesTester] (Thread-665) Sending message {"key11754569281917": "value-2", "key21754569286145": "value-2"} to topic topic-67aee3fb_c5b2_44e8_bdcb_f35b0e252bbd
2025-08-07 12:21:28,326 INFO  [io.api.tes.ser.api.KafkaSerdesTester] (Thread-665) Sending message {"key11754569281917": "value-3", "key21754569286145": "value-3"} to topic topic-67aee3fb_c5b2_44e8_bdcb_f35b0e252bbd
2025-08-07 12:21:28,327 INFO  [io.api.tes.ser.api.KafkaSerdesTester] (Thread-665) Sending message {"key11754569281917": "value-4", "key21754569286145": "value-4"} to topic topic-67aee3fb_c5b2_44e8_bdcb_f35b0e252bbd
2025-08-07 12:21:28,328 INFO  [io.api.tes.ser.api.KafkaSerdesTester] (Thread-665) Sending message {"key11754569281917": "value-5", "key21754569286145": "value-5"} to topic topic-67aee3fb_c5b2_44e8_bdcb_f35b0e252bbd
2025-08-07 12:21:28,329 INFO  [io.api.tes.ser.api.KafkaSerdesTester] (Thread-665) Sending message {"key11754569281917": "value-6", "key21754569286145": "value-6"} to topic topic-67aee3fb_c5b2_44e8_bdcb_f35b0e252bbd
2025-08-07 12:21:28,331 INFO  [io.api.tes.ser.api.KafkaSerdesTester] (Thread-665) Sending message {"key11754569281917": "value-7", "key21754569286145": "value-7"} to topic topic-67aee3fb_c5b2_44e8_bdcb_f35b0e252bbd
2025-08-07 12:21:28,334 INFO  [io.api.tes.ser.api.KafkaSerdesTester] (Thread-665) Sending message {"key11754569281917": "value-8", "key21754569286145": "value-8"} to topic topic-67aee3fb_c5b2_44e8_bdcb_f35b0e252bbd
2025-08-07 12:21:28,336 INFO  [io.api.tes.ser.api.KafkaSerdesTester] (Thread-665) Sending message {"key11754569281917": "value-9", "key21754569286145": "value-9"} to topic topic-67aee3fb_c5b2_44e8_bdcb_f35b0e252bbd
2025-08-07 12:21:28,337 INFO  [io.api.tes.ser.api.KafkaSerdesTester] (Thread-665) Produced 10 messages
2025-08-07 12:21:28,338 INFO  [io.api.tes.ser.api.KafkaSerdesTester] (Thread-666) Sending message {"key11754569281917": "value-0"} to topic topic-67aee3fb_c5b2_44e8_bdcb_f35b0e252bbd
2025-08-07 12:21:28,340 INFO  [io.api.tes.ser.api.KafkaSerdesTester] (Thread-666) Sending message {"key11754569281917": "value-1"} to topic topic-67aee3fb_c5b2_44e8_bdcb_f35b0e252bbd
2025-08-07 12:21:28,342 INFO  [io.api.tes.ser.api.KafkaSerdesTester] (Thread-666) Sending message {"key11754569281917": "value-2"} to topic topic-67aee3fb_c5b2_44e8_bdcb_f35b0e252bbd
2025-08-07 12:21:28,343 INFO  [io.api.tes.ser.api.KafkaSerdesTester] (Thread-666) Sending message {"key11754569281917": "value-3"} to topic topic-67aee3fb_c5b2_44e8_bdcb_f35b0e252bbd
2025-08-07 12:21:28,345 INFO  [io.api.tes.ser.api.KafkaSerdesTester] (Thread-666) Sending message {"key11754569281917": "value-4"} to topic topic-67aee3fb_c5b2_44e8_bdcb_f35b0e252bbd
2025-08-07 12:21:28,346 INFO  [io.api.tes.ser.api.KafkaSerdesTester] (Thread-666) Sending message {"key11754569281917": "value-5"} to topic topic-67aee3fb_c5b2_44e8_bdcb_f35b0e252bbd
2025-08-07 12:21:28,347 INFO  [io.api.tes.ser.api.KafkaSerdesTester] (Thread-666) Sending message {"key11754569281917": "value-6"} to topic topic-67aee3fb_c5b2_44e8_bdcb_f35b0e252bbd
2025-08-07 12:21:28,348 INFO  [io.api.tes.ser.api.KafkaSerdesTester] (Thread-666) Sending message {"key11754569281917": "value-7"} to topic topic-67aee3fb_c5b2_44e8_bdcb_f35b0e252bbd
2025-08-07 12:21:28,349 INFO  [io.api.tes.ser.api.KafkaSerdesTester] (Thread-666) Sending message {"key11754569281917": "value-8"} to topic topic-67aee3fb_c5b2_44e8_bdcb_f35b0e252bbd
2025-08-07 12:21:28,351 INFO  [io.api.tes.ser.api.KafkaSerdesTester] (Thread-666) Sending message {"key11754569281917": "value-9"} to topic topic-67aee3fb_c5b2_44e8_bdcb_f35b0e252bbd
2025-08-07 12:21:28,352 INFO  [io.api.tes.ser.api.KafkaSerdesTester] (Thread-666) Produced 10 messages
2025-08-07 12:21:28,354 INFO  [org.apa.kaf.cli.con.int.ClassicKafkaConsumer] (Thread-667) [Consumer clientId=consumer-Consumer-topic-67aee3fb_c5b2_44e8_bdcb_f35b0e252bbd-9, groupId=Consumer-topic-67aee3fb_c5b2_44e8_bdcb_f35b0e252bbd] Subscribed to topic(s): topic-67aee3fb_c5b2_44e8_bdcb_f35b0e252bbd
2025-08-07 12:21:28,376 INFO  [io.api.tes.ser.api.KafkaSerdesTester] (Thread-667) topic-67aee3fb_c5b2_44e8_bdcb_f35b0e252bbd 0 30 {"key11754569281917": "value-0", "key21754569286145": "value-0", "key31754569287261": "value-0"}
2025-08-07 12:21:28,376 INFO  [io.api.tes.ser.api.KafkaSerdesTester] (Thread-667) topic-67aee3fb_c5b2_44e8_bdcb_f35b0e252bbd 0 31 {"key11754569281917": "value-1", "key21754569286145": "value-1", "key31754569287261": "value-1"}
2025-08-07 12:21:28,376 INFO  [io.api.tes.ser.api.KafkaSerdesTester] (Thread-667) topic-67aee3fb_c5b2_44e8_bdcb_f35b0e252bbd 0 32 {"key11754569281917": "value-2", "key21754569286145": "value-2", "key31754569287261": "value-2"}
2025-08-07 12:21:28,376 INFO  [io.api.tes.ser.api.KafkaSerdesTester] (Thread-667) topic-67aee3fb_c5b2_44e8_bdcb_f35b0e252bbd 0 33 {"key11754569281917": "value-3", "key21754569286145": "value-3", "key31754569287261": "value-3"}
2025-08-07 12:21:28,377 INFO  [io.api.tes.ser.api.KafkaSerdesTester] (Thread-667) topic-67aee3fb_c5b2_44e8_bdcb_f35b0e252bbd 0 34 {"key11754569281917": "value-4", "key21754569286145": "value-4", "key31754569287261": "value-4"}
2025-08-07 12:21:28,377 INFO  [io.api.tes.ser.api.KafkaSerdesTester] (Thread-667) topic-67aee3fb_c5b2_44e8_bdcb_f35b0e252bbd 0 35 {"key11754569281917": "value-5", "key21754569286145": "value-5", "key31754569287261": "value-5"}
2025-08-07 12:21:28,377 INFO  [io.api.tes.ser.api.KafkaSerdesTester] (Thread-667) topic-67aee3fb_c5b2_44e8_bdcb_f35b0e252bbd 0 36 {"key11754569281917": "value-6", "key21754569286145": "value-6", "key31754569287261": "value-6"}
2025-08-07 12:21:28,377 INFO  [io.api.tes.ser.api.KafkaSerdesTester] (Thread-667) topic-67aee3fb_c5b2_44e8_bdcb_f35b0e252bbd 0 37 {"key11754569281917": "value-7", "key21754569286145": "value-7", "key31754569287261": "value-7"}
2025-08-07 12:21:28,377 INFO  [io.api.tes.ser.api.KafkaSerdesTester] (Thread-667) topic-67aee3fb_c5b2_44e8_bdcb_f35b0e252bbd 0 38 {"key11754569281917": "value-8", "key21754569286145": "value-8", "key31754569287261": "value-8"}
2025-08-07 12:21:28,377 INFO  [io.api.tes.ser.api.KafkaSerdesTester] (Thread-667) topic-67aee3fb_c5b2_44e8_bdcb_f35b0e252bbd 0 39 {"key11754569281917": "value-9", "key21754569286145": "value-9", "key31754569287261": "value-9"}
2025-08-07 12:21:28,377 INFO  [io.api.tes.ser.api.KafkaSerdesTester] (Thread-667) topic-67aee3fb_c5b2_44e8_bdcb_f35b0e252bbd 0 40 {"key11754569281917": "value-0", "key21754569286145": "value-0"}
2025-08-07 12:21:28,377 INFO  [io.api.tes.ser.api.KafkaSerdesTester] (Thread-667) topic-67aee3fb_c5b2_44e8_bdcb_f35b0e252bbd 0 41 {"key11754569281917": "value-1", "key21754569286145": "value-1"}
2025-08-07 12:21:28,377 INFO  [io.api.tes.ser.api.KafkaSerdesTester] (Thread-667) topic-67aee3fb_c5b2_44e8_bdcb_f35b0e252bbd 0 42 {"key11754569281917": "value-2", "key21754569286145": "value-2"}
2025-08-07 12:21:28,377 INFO  [io.api.tes.ser.api.KafkaSerdesTester] (Thread-667) topic-67aee3fb_c5b2_44e8_bdcb_f35b0e252bbd 0 43 {"key11754569281917": "value-3", "key21754569286145": "value-3"}
2025-08-07 12:21:28,377 INFO  [io.api.tes.ser.api.KafkaSerdesTester] (Thread-667) topic-67aee3fb_c5b2_44e8_bdcb_f35b0e252bbd 0 44 {"key11754569281917": "value-4", "key21754569286145": "value-4"}
2025-08-07 12:21:28,378 INFO  [io.api.tes.ser.api.KafkaSerdesTester] (Thread-667) topic-67aee3fb_c5b2_44e8_bdcb_f35b0e252bbd 0 45 {"key11754569281917": "value-5", "key21754569286145": "value-5"}
2025-08-07 12:21:28,378 INFO  [io.api.tes.ser.api.KafkaSerdesTester] (Thread-667) topic-67aee3fb_c5b2_44e8_bdcb_f35b0e252bbd 0 46 {"key11754569281917": "value-6", "key21754569286145": "value-6"}
2025-08-07 12:21:28,378 INFO  [io.api.tes.ser.api.KafkaSerdesTester] (Thread-667) topic-67aee3fb_c5b2_44e8_bdcb_f35b0e252bbd 0 47 {"key11754569281917": "value-7", "key21754569286145": "value-7"}
2025-08-07 12:21:28,378 INFO  [io.api.tes.ser.api.KafkaSerdesTester] (Thread-667) topic-67aee3fb_c5b2_44e8_bdcb_f35b0e252bbd 0 48 {"key11754569281917": "value-8", "key21754569286145": "value-8"}
2025-08-07 12:21:28,378 INFO  [io.api.tes.ser.api.KafkaSerdesTester] (Thread-667) topic-67aee3fb_c5b2_44e8_bdcb_f35b0e252bbd 0 49 {"key11754569281917": "value-9", "key21754569286145": "value-9"}
2025-08-07 12:21:28,378 INFO  [io.api.tes.ser.api.KafkaSerdesTester] (Thread-667) topic-67aee3fb_c5b2_44e8_bdcb_f35b0e252bbd 0 50 {"key11754569281917": "value-0"}
2025-08-07 12:21:28,378 INFO  [io.api.tes.ser.api.KafkaSerdesTester] (Thread-667) topic-67aee3fb_c5b2_44e8_bdcb_f35b0e252bbd 0 51 {"key11754569281917": "value-1"}
2025-08-07 12:21:28,378 INFO  [io.api.tes.ser.api.KafkaSerdesTester] (Thread-667) topic-67aee3fb_c5b2_44e8_bdcb_f35b0e252bbd 0 52 {"key11754569281917": "value-2"}
2025-08-07 12:21:28,378 INFO  [io.api.tes.ser.api.KafkaSerdesTester] (Thread-667) topic-67aee3fb_c5b2_44e8_bdcb_f35b0e252bbd 0 53 {"key11754569281917": "value-3"}
2025-08-07 12:21:28,378 INFO  [io.api.tes.ser.api.KafkaSerdesTester] (Thread-667) topic-67aee3fb_c5b2_44e8_bdcb_f35b0e252bbd 0 54 {"key11754569281917": "value-4"}
2025-08-07 12:21:28,378 INFO  [io.api.tes.ser.api.KafkaSerdesTester] (Thread-667) topic-67aee3fb_c5b2_44e8_bdcb_f35b0e252bbd 0 55 {"key11754569281917": "value-5"}
2025-08-07 12:21:28,378 INFO  [io.api.tes.ser.api.KafkaSerdesTester] (Thread-667) topic-67aee3fb_c5b2_44e8_bdcb_f35b0e252bbd 0 56 {"key11754569281917": "value-6"}
2025-08-07 12:21:28,378 INFO  [io.api.tes.ser.api.KafkaSerdesTester] (Thread-667) topic-67aee3fb_c5b2_44e8_bdcb_f35b0e252bbd 0 57 {"key11754569281917": "value-7"}
2025-08-07 12:21:28,378 INFO  [io.api.tes.ser.api.KafkaSerdesTester] (Thread-667) topic-67aee3fb_c5b2_44e8_bdcb_f35b0e252bbd 0 58 {"key11754569281917": "value-8"}
2025-08-07 12:21:28,378 INFO  [io.api.tes.ser.api.KafkaSerdesTester] (Thread-667) topic-67aee3fb_c5b2_44e8_bdcb_f35b0e252bbd 0 59 {"key11754569281917": "value-9"}
2025-08-07 12:21:28,378 INFO  [io.api.tes.ser.api.KafkaSerdesTester] (Thread-667) Consumed 30 messages
2025-08-07 12:21:28,378 INFO  [org.apa.kaf.cli.pro.KafkaProducer] (main) [Producer clientId=Producer-topic-67aee3fb_c5b2_44e8_bdcb_f35b0e252bbd] Closing the Kafka producer with timeoutMillis = 9223372036854775807 ms.
2025-08-07 12:21:28,381 INFO  [org.apa.kaf.com.met.Metrics] (main) Metrics scheduler closed
2025-08-07 12:21:28,381 INFO  [org.apa.kaf.com.met.Metrics] (main) Closing reporter org.apache.kafka.common.metrics.JmxReporter
2025-08-07 12:21:28,381 INFO  [org.apa.kaf.com.met.Metrics] (main) Closing reporter org.apache.kafka.common.telemetry.internals.ClientTelemetryReporter
2025-08-07 12:21:28,381 INFO  [org.apa.kaf.com.met.Metrics] (main) Metrics reporters closed
2025-08-07 12:21:28,381 INFO  [org.apa.kaf.com.uti.AppInfoParser] (main) App info kafka.producer for Producer-topic-67aee3fb_c5b2_44e8_bdcb_f35b0e252bbd unregistered
2025-08-07 12:21:28,390 INFO  [org.apa.kaf.cli.con.int.ConsumerRebalanceListenerInvoker] (main) [Consumer clientId=consumer-Consumer-topic-67aee3fb_c5b2_44e8_bdcb_f35b0e252bbd-9, groupId=Consumer-topic-67aee3fb_c5b2_44e8_bdcb_f35b0e252bbd] Revoke previously assigned partitions topic-67aee3fb_c5b2_44e8_bdcb_f35b0e252bbd-0
2025-08-07 12:21:28,390 INFO  [org.apa.kaf.cli.con.int.ConsumerCoordinator] (main) [Consumer clientId=consumer-Consumer-topic-67aee3fb_c5b2_44e8_bdcb_f35b0e252bbd-9, groupId=Consumer-topic-67aee3fb_c5b2_44e8_bdcb_f35b0e252bbd] Member consumer-Consumer-topic-67aee3fb_c5b2_44e8_bdcb_f35b0e252bbd-9-2b24d70b-96e2-4f84-8efe-f57c294ad2c0 sending LeaveGroup request to coordinator localhost:32769 (id: 2147483647 rack: null) due to the consumer is being closed
2025-08-07 12:21:28,391 INFO  [org.apa.kaf.cli.con.int.ConsumerCoordinator] (main) [Consumer clientId=consumer-Consumer-topic-67aee3fb_c5b2_44e8_bdcb_f35b0e252bbd-9, groupId=Consumer-topic-67aee3fb_c5b2_44e8_bdcb_f35b0e252bbd] Resetting generation and member id due to: consumer pro-actively leaving the group
2025-08-07 12:21:28,391 INFO  [org.apa.kaf.cli.con.int.ConsumerCoordinator] (main) [Consumer clientId=consumer-Consumer-topic-67aee3fb_c5b2_44e8_bdcb_f35b0e252bbd-9, groupId=Consumer-topic-67aee3fb_c5b2_44e8_bdcb_f35b0e252bbd] Request joining group due to: consumer pro-actively leaving the group
2025-08-07 12:21:28,879 INFO  [org.apa.kaf.com.met.Metrics] (main) Metrics scheduler closed
2025-08-07 12:21:28,879 INFO  [org.apa.kaf.com.met.Metrics] (main) Closing reporter org.apache.kafka.common.metrics.JmxReporter
2025-08-07 12:21:28,879 INFO  [org.apa.kaf.com.met.Metrics] (main) Closing reporter org.apache.kafka.common.telemetry.internals.ClientTelemetryReporter
2025-08-07 12:21:28,879 INFO  [org.apa.kaf.com.met.Metrics] (main) Metrics reporters closed
2025-08-07 12:21:28,881 INFO  [org.apa.kaf.com.uti.AppInfoParser] (main) App info kafka.consumer for consumer-Consumer-topic-67aee3fb_c5b2_44e8_bdcb_f35b0e252bbd-9 unregistered
2025-08-07 12:21:28,882 INFO  [io.api.tes.uti.TestSeparator] (main) io.apicurio.tests.serdes.apicurio.AvroSerdeIT.testEvolveAvroApicurioReusingClient-FINISHED
2025-08-07 12:21:28,882 INFO  [io.api.tes.uti.TestSeparator] (main) ############################################################################
Test passed: testEvolveAvroApicurioReusingClient
]]></system-out>
  </testcase>
  <testcase name="testProducerUsesDefaultConsumerUsesGlobalId" classname="io.apicurio.tests.serdes.apicurio.AvroSerdeIT" time="0.0">
    <skipped message="void io.apicurio.tests.serdes.apicurio.AvroSerdeIT.testProducerUsesDefaultConsumerUsesGlobalId() throws java.lang.Exception is @Disabled"/>
  </testcase>
  <testcase name="testEvolveAvroApicurio" classname="io.apicurio.tests.serdes.apicurio.AvroSerdeIT" time="14.261">
    <system-out><![CDATA[2025-08-07 12:21:28,890 INFO  [io.api.tes.uti.TestSeparator] (main) ############################################################################
2025-08-07 12:21:28,890 INFO  [io.api.tes.uti.TestSeparator] (main) io.apicurio.tests.serdes.apicurio.AvroSerdeIT.testEvolveAvroApicurio-STARTED
2025-08-07 12:21:28,891 INFO  [io.api.tes.ser.api.AvroSerdeIT] (main) Registering Avro Schema: {"type":"record","name":"sad90bec3x9450x4a40xa981xea0a37bf97a4","namespace":"ns_4abfc8a6_9605_4a45_8709_9b4c588ac3de","fields":[{"name":"key11754569288891","type":"string"}]}
**** Registry Base URL: http://registry-app-inmemory.apps.ci419.apicurio-testing.org:80
2025-08-07 12:21:29,925 INFO  [org.apa.kaf.cli.pro.ProducerConfig] (main) ProducerConfig values: 
	acks = -1
	auto.include.jmx.reporter = true
	batch.size = 16384
	bootstrap.servers = [PLAINTEXT://localhost:32769]
	buffer.memory = 33554432
	client.dns.lookup = use_all_dns_ips
	client.id = Producer-topic-1ca0150a_a469_4523_821e_38c3635140a7
	compression.gzip.level = -1
	compression.lz4.level = 9
	compression.type = none
	compression.zstd.level = 3
	connections.max.idle.ms = 10000
	delivery.timeout.ms = 120000
	enable.idempotence = true
	enable.metrics.push = true
	interceptor.classes = []
	key.serializer = class org.apache.kafka.common.serialization.StringSerializer
	linger.ms = 0
	max.block.ms = 60000
	max.in.flight.requests.per.connection = 5
	max.request.size = 1048576
	metadata.max.age.ms = 300000
	metadata.max.idle.ms = 300000
	metadata.recovery.strategy = none
	metric.reporters = []
	metrics.num.samples = 2
	metrics.recording.level = INFO
	metrics.sample.window.ms = 30000
	partitioner.adaptive.partitioning.enable = true
	partitioner.availability.timeout.ms = 0
	partitioner.class = null
	partitioner.ignore.keys = false
	receive.buffer.bytes = 32768
	reconnect.backoff.max.ms = 1000
	reconnect.backoff.ms = 50
	request.timeout.ms = 5000
	retries = 2147483647
	retry.backoff.max.ms = 1000
	retry.backoff.ms = 100
	sasl.client.callback.handler.class = null
	sasl.jaas.config = null
	sasl.kerberos.kinit.cmd = /usr/bin/kinit
	sasl.kerberos.min.time.before.relogin = 60000
	sasl.kerberos.service.name = null
	sasl.kerberos.ticket.renew.jitter = 0.05
	sasl.kerberos.ticket.renew.window.factor = 0.8
	sasl.login.callback.handler.class = null
	sasl.login.class = null
	sasl.login.connect.timeout.ms = null
	sasl.login.read.timeout.ms = null
	sasl.login.refresh.buffer.seconds = 300
	sasl.login.refresh.min.period.seconds = 60
	sasl.login.refresh.window.factor = 0.8
	sasl.login.refresh.window.jitter = 0.05
	sasl.login.retry.backoff.max.ms = 10000
	sasl.login.retry.backoff.ms = 100
	sasl.mechanism = GSSAPI
	sasl.oauthbearer.clock.skew.seconds = 30
	sasl.oauthbearer.expected.audience = null
	sasl.oauthbearer.expected.issuer = null
	sasl.oauthbearer.header.urlencode = false
	sasl.oauthbearer.jwks.endpoint.refresh.ms = 3600000
	sasl.oauthbearer.jwks.endpoint.retry.backoff.max.ms = 10000
	sasl.oauthbearer.jwks.endpoint.retry.backoff.ms = 100
	sasl.oauthbearer.jwks.endpoint.url = null
	sasl.oauthbearer.scope.claim.name = scope
	sasl.oauthbearer.sub.claim.name = sub
	sasl.oauthbearer.token.endpoint.url = null
	security.protocol = PLAINTEXT
	security.providers = null
	send.buffer.bytes = 131072
	socket.connection.setup.timeout.max.ms = 30000
	socket.connection.setup.timeout.ms = 10000
	ssl.cipher.suites = null
	ssl.enabled.protocols = [TLSv1.2, TLSv1.3]
	ssl.endpoint.identification.algorithm = https
	ssl.engine.factory.class = null
	ssl.key.password = null
	ssl.keymanager.algorithm = SunX509
	ssl.keystore.certificate.chain = null
	ssl.keystore.key = null
	ssl.keystore.location = null
	ssl.keystore.password = null
	ssl.keystore.type = JKS
	ssl.protocol = TLSv1.3
	ssl.provider = null
	ssl.secure.random.implementation = null
	ssl.trustmanager.algorithm = PKIX
	ssl.truststore.certificates = null
	ssl.truststore.location = null
	ssl.truststore.password = null
	ssl.truststore.type = JKS
	transaction.timeout.ms = 60000
	transactional.id = null
	value.serializer = class io.apicurio.registry.serde.avro.AvroKafkaSerializer

2025-08-07 12:21:29,925 INFO  [org.apa.kaf.com.tel.int.KafkaMetricsCollector] (main) initializing Kafka metrics collector
2025-08-07 12:21:29,928 INFO  [org.apa.kaf.cli.pro.KafkaProducer] (main) [Producer clientId=Producer-topic-1ca0150a_a469_4523_821e_38c3635140a7] Instantiated an idempotent producer.
2025-08-07 12:21:29,933 INFO  [org.apa.kaf.cli.pro.ProducerConfig] (main) These configurations '[apicurio.registry.url, apicurio.registry.artifact-resolver-strategy]' were supplied but are not used yet.
2025-08-07 12:21:29,933 INFO  [org.apa.kaf.com.uti.AppInfoParser] (main) Kafka version: 3.9.1
2025-08-07 12:21:29,933 INFO  [org.apa.kaf.com.uti.AppInfoParser] (main) Kafka commitId: f745dfdcee2b9851
2025-08-07 12:21:29,933 INFO  [org.apa.kaf.com.uti.AppInfoParser] (main) Kafka startTimeMs: 1754569289933
**** Registry Base URL: http://registry-app-inmemory.apps.ci419.apicurio-testing.org:80
2025-08-07 12:21:29,934 INFO  [org.apa.kaf.cli.con.ConsumerConfig] (main) ConsumerConfig values: 
	allow.auto.create.topics = true
	auto.commit.interval.ms = 500
	auto.include.jmx.reporter = true
	auto.offset.reset = earliest
	bootstrap.servers = [PLAINTEXT://localhost:32769]
	check.crcs = true
	client.dns.lookup = use_all_dns_ips
	client.id = consumer-Consumer-topic-1ca0150a_a469_4523_821e_38c3635140a7-10
	client.rack = 
	connections.max.idle.ms = 10000
	default.api.timeout.ms = 60000
	enable.auto.commit = true
	enable.metrics.push = true
	exclude.internal.topics = true
	fetch.max.bytes = 52428800
	fetch.max.wait.ms = 500
	fetch.min.bytes = 1
	group.id = Consumer-topic-1ca0150a_a469_4523_821e_38c3635140a7
	group.instance.id = null
	group.protocol = classic
	group.remote.assignor = null
	heartbeat.interval.ms = 3000
	interceptor.classes = []
	internal.leave.group.on.close = true
	internal.throw.on.fetch.stable.offset.unsupported = false
	isolation.level = read_uncommitted
	key.deserializer = class org.apache.kafka.common.serialization.StringDeserializer
	max.partition.fetch.bytes = 1048576
	max.poll.interval.ms = 300000
	max.poll.records = 500
	metadata.max.age.ms = 300000
	metadata.recovery.strategy = none
	metric.reporters = []
	metrics.num.samples = 2
	metrics.recording.level = INFO
	metrics.sample.window.ms = 30000
	partition.assignment.strategy = [class org.apache.kafka.clients.consumer.RangeAssignor, class org.apache.kafka.clients.consumer.CooperativeStickyAssignor]
	receive.buffer.bytes = 65536
	reconnect.backoff.max.ms = 1000
	reconnect.backoff.ms = 50
	request.timeout.ms = 5000
	retry.backoff.max.ms = 1000
	retry.backoff.ms = 100
	sasl.client.callback.handler.class = null
	sasl.jaas.config = null
	sasl.kerberos.kinit.cmd = /usr/bin/kinit
	sasl.kerberos.min.time.before.relogin = 60000
	sasl.kerberos.service.name = null
	sasl.kerberos.ticket.renew.jitter = 0.05
	sasl.kerberos.ticket.renew.window.factor = 0.8
	sasl.login.callback.handler.class = null
	sasl.login.class = null
	sasl.login.connect.timeout.ms = null
	sasl.login.read.timeout.ms = null
	sasl.login.refresh.buffer.seconds = 300
	sasl.login.refresh.min.period.seconds = 60
	sasl.login.refresh.window.factor = 0.8
	sasl.login.refresh.window.jitter = 0.05
	sasl.login.retry.backoff.max.ms = 10000
	sasl.login.retry.backoff.ms = 100
	sasl.mechanism = GSSAPI
	sasl.oauthbearer.clock.skew.seconds = 30
	sasl.oauthbearer.expected.audience = null
	sasl.oauthbearer.expected.issuer = null
	sasl.oauthbearer.header.urlencode = false
	sasl.oauthbearer.jwks.endpoint.refresh.ms = 3600000
	sasl.oauthbearer.jwks.endpoint.retry.backoff.max.ms = 10000
	sasl.oauthbearer.jwks.endpoint.retry.backoff.ms = 100
	sasl.oauthbearer.jwks.endpoint.url = null
	sasl.oauthbearer.scope.claim.name = scope
	sasl.oauthbearer.sub.claim.name = sub
	sasl.oauthbearer.token.endpoint.url = null
	security.protocol = PLAINTEXT
	security.providers = null
	send.buffer.bytes = 131072
	session.timeout.ms = 45000
	socket.connection.setup.timeout.max.ms = 30000
	socket.connection.setup.timeout.ms = 10000
	ssl.cipher.suites = null
	ssl.enabled.protocols = [TLSv1.2, TLSv1.3]
	ssl.endpoint.identification.algorithm = https
	ssl.engine.factory.class = null
	ssl.key.password = null
	ssl.keymanager.algorithm = SunX509
	ssl.keystore.certificate.chain = null
	ssl.keystore.key = null
	ssl.keystore.location = null
	ssl.keystore.password = null
	ssl.keystore.type = JKS
	ssl.protocol = TLSv1.3
	ssl.provider = null
	ssl.secure.random.implementation = null
	ssl.trustmanager.algorithm = PKIX
	ssl.truststore.certificates = null
	ssl.truststore.location = null
	ssl.truststore.password = null
	ssl.truststore.type = JKS
	value.deserializer = class io.apicurio.registry.serde.avro.AvroKafkaDeserializer

2025-08-07 12:21:29,934 INFO  [org.apa.kaf.com.tel.int.KafkaMetricsCollector] (main) initializing Kafka metrics collector
2025-08-07 12:21:29,939 INFO  [org.apa.kaf.cli.Metadata] (kafka-producer-network-thread | Producer-topic-1ca0150a_a469_4523_821e_38c3635140a7) [Producer clientId=Producer-topic-1ca0150a_a469_4523_821e_38c3635140a7] Cluster ID: CeYNmdzmRCaaSk-AVslC4g
2025-08-07 12:21:29,940 INFO  [org.apa.kaf.cli.pro.int.TransactionManager] (kafka-producer-network-thread | Producer-topic-1ca0150a_a469_4523_821e_38c3635140a7) [Producer clientId=Producer-topic-1ca0150a_a469_4523_821e_38c3635140a7] ProducerId set to 12 with epoch 0
2025-08-07 12:21:29,945 INFO  [org.apa.kaf.cli.con.ConsumerConfig] (main) These configurations '[apicurio.registry.url]' were supplied but are not used yet.
2025-08-07 12:21:29,945 INFO  [org.apa.kaf.com.uti.AppInfoParser] (main) Kafka version: 3.9.1
2025-08-07 12:21:29,945 INFO  [org.apa.kaf.com.uti.AppInfoParser] (main) Kafka commitId: f745dfdcee2b9851
2025-08-07 12:21:29,945 INFO  [org.apa.kaf.com.uti.AppInfoParser] (main) Kafka startTimeMs: 1754569289945
2025-08-07 12:21:29,946 INFO  [io.api.tes.ser.api.KafkaSerdesTester] (Thread-672) Sending message {"key11754569288891": "value-0"} to topic topic-1ca0150a_a469_4523_821e_38c3635140a7
2025-08-07 12:21:29,947 INFO  [DefaultSchemaResolver] (Thread-672) Retrieving schema content using string: {"type":"record","name":"sad90bec3x9450x4a40xa981xea0a37bf97a4","namespace":"ns_4abfc8a6_9605_4a45_8709_9b4c588ac3de","fields":[{"name":"key11754569288891","type":"string"}]}
2025-08-07 12:21:29,971 INFO  [io.api.tes.ser.api.KafkaSerdesTester] (Thread-672) Sending message {"key11754569288891": "value-1"} to topic topic-1ca0150a_a469_4523_821e_38c3635140a7
2025-08-07 12:21:29,978 INFO  [io.api.tes.ser.api.KafkaSerdesTester] (Thread-672) Sending message {"key11754569288891": "value-2"} to topic topic-1ca0150a_a469_4523_821e_38c3635140a7
2025-08-07 12:21:29,979 INFO  [io.api.tes.ser.api.KafkaSerdesTester] (Thread-672) Sending message {"key11754569288891": "value-3"} to topic topic-1ca0150a_a469_4523_821e_38c3635140a7
2025-08-07 12:21:29,984 INFO  [io.api.tes.ser.api.KafkaSerdesTester] (Thread-672) Sending message {"key11754569288891": "value-4"} to topic topic-1ca0150a_a469_4523_821e_38c3635140a7
2025-08-07 12:21:29,987 INFO  [io.api.tes.ser.api.KafkaSerdesTester] (Thread-672) Sending message {"key11754569288891": "value-5"} to topic topic-1ca0150a_a469_4523_821e_38c3635140a7
2025-08-07 12:21:29,990 INFO  [io.api.tes.ser.api.KafkaSerdesTester] (Thread-672) Sending message {"key11754569288891": "value-6"} to topic topic-1ca0150a_a469_4523_821e_38c3635140a7
2025-08-07 12:21:29,991 INFO  [io.api.tes.ser.api.KafkaSerdesTester] (Thread-672) Sending message {"key11754569288891": "value-7"} to topic topic-1ca0150a_a469_4523_821e_38c3635140a7
2025-08-07 12:21:29,994 INFO  [io.api.tes.ser.api.KafkaSerdesTester] (Thread-672) Sending message {"key11754569288891": "value-8"} to topic topic-1ca0150a_a469_4523_821e_38c3635140a7
2025-08-07 12:21:29,996 INFO  [io.api.tes.ser.api.KafkaSerdesTester] (Thread-672) Sending message {"key11754569288891": "value-9"} to topic topic-1ca0150a_a469_4523_821e_38c3635140a7
2025-08-07 12:21:30,002 INFO  [io.api.tes.ser.api.KafkaSerdesTester] (Thread-672) Produced 10 messages
2025-08-07 12:21:30,002 INFO  [org.apa.kaf.cli.pro.KafkaProducer] (Thread-672) [Producer clientId=Producer-topic-1ca0150a_a469_4523_821e_38c3635140a7] Closing the Kafka producer with timeoutMillis = 9223372036854775807 ms.
2025-08-07 12:21:30,005 INFO  [org.apa.kaf.com.met.Metrics] (Thread-672) Metrics scheduler closed
2025-08-07 12:21:30,005 INFO  [org.apa.kaf.com.met.Metrics] (Thread-672) Closing reporter org.apache.kafka.common.metrics.JmxReporter
2025-08-07 12:21:30,005 INFO  [org.apa.kaf.com.met.Metrics] (Thread-672) Closing reporter org.apache.kafka.common.telemetry.internals.ClientTelemetryReporter
2025-08-07 12:21:30,005 INFO  [org.apa.kaf.com.met.Metrics] (Thread-672) Metrics reporters closed
2025-08-07 12:21:30,006 INFO  [org.apa.kaf.com.uti.AppInfoParser] (Thread-672) App info kafka.producer for Producer-topic-1ca0150a_a469_4523_821e_38c3635140a7 unregistered
2025-08-07 12:21:30,009 INFO  [org.apa.kaf.cli.con.int.ClassicKafkaConsumer] (Thread-673) [Consumer clientId=consumer-Consumer-topic-1ca0150a_a469_4523_821e_38c3635140a7-10, groupId=Consumer-topic-1ca0150a_a469_4523_821e_38c3635140a7] Subscribed to topic(s): topic-1ca0150a_a469_4523_821e_38c3635140a7
2025-08-07 12:21:30,023 INFO  [org.apa.kaf.cli.Metadata] (Thread-673) [Consumer clientId=consumer-Consumer-topic-1ca0150a_a469_4523_821e_38c3635140a7-10, groupId=Consumer-topic-1ca0150a_a469_4523_821e_38c3635140a7] Cluster ID: CeYNmdzmRCaaSk-AVslC4g
2025-08-07 12:21:30,024 INFO  [org.apa.kaf.cli.con.int.ConsumerCoordinator] (Thread-673) [Consumer clientId=consumer-Consumer-topic-1ca0150a_a469_4523_821e_38c3635140a7-10, groupId=Consumer-topic-1ca0150a_a469_4523_821e_38c3635140a7] Discovered group coordinator localhost:32769 (id: 2147483647 rack: null)
2025-08-07 12:21:30,032 INFO  [org.apa.kaf.cli.con.int.ConsumerCoordinator] (Thread-673) [Consumer clientId=consumer-Consumer-topic-1ca0150a_a469_4523_821e_38c3635140a7-10, groupId=Consumer-topic-1ca0150a_a469_4523_821e_38c3635140a7] (Re-)joining group
2025-08-07 12:21:30,034 INFO  [org.apa.kaf.cli.con.int.ConsumerCoordinator] (Thread-673) [Consumer clientId=consumer-Consumer-topic-1ca0150a_a469_4523_821e_38c3635140a7-10, groupId=Consumer-topic-1ca0150a_a469_4523_821e_38c3635140a7] Request joining group due to: need to re-join with the given member-id: consumer-Consumer-topic-1ca0150a_a469_4523_821e_38c3635140a7-10-777e127b-367d-402a-9d2f-d29a2c3174ed
2025-08-07 12:21:30,034 INFO  [org.apa.kaf.cli.con.int.ConsumerCoordinator] (Thread-673) [Consumer clientId=consumer-Consumer-topic-1ca0150a_a469_4523_821e_38c3635140a7-10, groupId=Consumer-topic-1ca0150a_a469_4523_821e_38c3635140a7] (Re-)joining group
2025-08-07 12:21:31,010 INFO  [io.api.tes.ser.api.KafkaSerdesTester] (Thread-673) None found
2025-08-07 12:21:32,010 INFO  [io.api.tes.ser.api.KafkaSerdesTester] (Thread-673) None found
2025-08-07 12:21:33,010 INFO  [io.api.tes.ser.api.KafkaSerdesTester] (Thread-673) None found
2025-08-07 12:21:33,036 INFO  [org.apa.kaf.cli.con.int.ConsumerCoordinator] (Thread-673) [Consumer clientId=consumer-Consumer-topic-1ca0150a_a469_4523_821e_38c3635140a7-10, groupId=Consumer-topic-1ca0150a_a469_4523_821e_38c3635140a7] Successfully joined group with generation Generation{generationId=1, memberId='consumer-Consumer-topic-1ca0150a_a469_4523_821e_38c3635140a7-10-777e127b-367d-402a-9d2f-d29a2c3174ed', protocol='range'}
2025-08-07 12:21:33,036 INFO  [org.apa.kaf.cli.con.int.ConsumerCoordinator] (Thread-673) [Consumer clientId=consumer-Consumer-topic-1ca0150a_a469_4523_821e_38c3635140a7-10, groupId=Consumer-topic-1ca0150a_a469_4523_821e_38c3635140a7] Finished assignment for group at generation 1: {consumer-Consumer-topic-1ca0150a_a469_4523_821e_38c3635140a7-10-777e127b-367d-402a-9d2f-d29a2c3174ed=Assignment(partitions=[topic-1ca0150a_a469_4523_821e_38c3635140a7-0])}
2025-08-07 12:21:33,043 INFO  [org.apa.kaf.cli.con.int.ConsumerCoordinator] (Thread-673) [Consumer clientId=consumer-Consumer-topic-1ca0150a_a469_4523_821e_38c3635140a7-10, groupId=Consumer-topic-1ca0150a_a469_4523_821e_38c3635140a7] Successfully synced group in generation Generation{generationId=1, memberId='consumer-Consumer-topic-1ca0150a_a469_4523_821e_38c3635140a7-10-777e127b-367d-402a-9d2f-d29a2c3174ed', protocol='range'}
2025-08-07 12:21:33,043 INFO  [org.apa.kaf.cli.con.int.ConsumerCoordinator] (Thread-673) [Consumer clientId=consumer-Consumer-topic-1ca0150a_a469_4523_821e_38c3635140a7-10, groupId=Consumer-topic-1ca0150a_a469_4523_821e_38c3635140a7] Notifying assignor about the new Assignment(partitions=[topic-1ca0150a_a469_4523_821e_38c3635140a7-0])
2025-08-07 12:21:33,043 INFO  [org.apa.kaf.cli.con.int.ConsumerRebalanceListenerInvoker] (Thread-673) [Consumer clientId=consumer-Consumer-topic-1ca0150a_a469_4523_821e_38c3635140a7-10, groupId=Consumer-topic-1ca0150a_a469_4523_821e_38c3635140a7] Adding newly assigned partitions: topic-1ca0150a_a469_4523_821e_38c3635140a7-0
2025-08-07 12:21:33,044 INFO  [org.apa.kaf.cli.con.int.ConsumerCoordinator] (Thread-673) [Consumer clientId=consumer-Consumer-topic-1ca0150a_a469_4523_821e_38c3635140a7-10, groupId=Consumer-topic-1ca0150a_a469_4523_821e_38c3635140a7] Found no committed offset for partition topic-1ca0150a_a469_4523_821e_38c3635140a7-0
2025-08-07 12:21:33,047 INFO  [org.apa.kaf.cli.con.int.SubscriptionState] (Thread-673) [Consumer clientId=consumer-Consumer-topic-1ca0150a_a469_4523_821e_38c3635140a7-10, groupId=Consumer-topic-1ca0150a_a469_4523_821e_38c3635140a7] Resetting offset for partition topic-1ca0150a_a469_4523_821e_38c3635140a7-0 to position FetchPosition{offset=0, offsetEpoch=Optional.empty, currentLeader=LeaderAndEpoch{leader=Optional[localhost:32769 (id: 0 rack: null)], epoch=0}}.
2025-08-07 12:21:33,072 INFO  [io.api.tes.ser.api.KafkaSerdesTester] (Thread-673) topic-1ca0150a_a469_4523_821e_38c3635140a7 0 0 {"key11754569288891": "value-0"}
2025-08-07 12:21:33,072 INFO  [io.api.tes.ser.api.KafkaSerdesTester] (Thread-673) topic-1ca0150a_a469_4523_821e_38c3635140a7 0 1 {"key11754569288891": "value-1"}
2025-08-07 12:21:33,072 INFO  [io.api.tes.ser.api.KafkaSerdesTester] (Thread-673) topic-1ca0150a_a469_4523_821e_38c3635140a7 0 2 {"key11754569288891": "value-2"}
2025-08-07 12:21:33,072 INFO  [io.api.tes.ser.api.KafkaSerdesTester] (Thread-673) topic-1ca0150a_a469_4523_821e_38c3635140a7 0 3 {"key11754569288891": "value-3"}
2025-08-07 12:21:33,072 INFO  [io.api.tes.ser.api.KafkaSerdesTester] (Thread-673) topic-1ca0150a_a469_4523_821e_38c3635140a7 0 4 {"key11754569288891": "value-4"}
2025-08-07 12:21:33,073 INFO  [io.api.tes.ser.api.KafkaSerdesTester] (Thread-673) topic-1ca0150a_a469_4523_821e_38c3635140a7 0 5 {"key11754569288891": "value-5"}
2025-08-07 12:21:33,073 INFO  [io.api.tes.ser.api.KafkaSerdesTester] (Thread-673) topic-1ca0150a_a469_4523_821e_38c3635140a7 0 6 {"key11754569288891": "value-6"}
2025-08-07 12:21:33,073 INFO  [io.api.tes.ser.api.KafkaSerdesTester] (Thread-673) topic-1ca0150a_a469_4523_821e_38c3635140a7 0 7 {"key11754569288891": "value-7"}
2025-08-07 12:21:33,073 INFO  [io.api.tes.ser.api.KafkaSerdesTester] (Thread-673) topic-1ca0150a_a469_4523_821e_38c3635140a7 0 8 {"key11754569288891": "value-8"}
2025-08-07 12:21:33,073 INFO  [io.api.tes.ser.api.KafkaSerdesTester] (Thread-673) topic-1ca0150a_a469_4523_821e_38c3635140a7 0 9 {"key11754569288891": "value-9"}
2025-08-07 12:21:33,073 INFO  [io.api.tes.ser.api.KafkaSerdesTester] (Thread-673) Consumed 10 messages
2025-08-07 12:21:33,079 INFO  [org.apa.kaf.cli.con.int.ConsumerRebalanceListenerInvoker] (Thread-673) [Consumer clientId=consumer-Consumer-topic-1ca0150a_a469_4523_821e_38c3635140a7-10, groupId=Consumer-topic-1ca0150a_a469_4523_821e_38c3635140a7] Revoke previously assigned partitions topic-1ca0150a_a469_4523_821e_38c3635140a7-0
2025-08-07 12:21:33,079 INFO  [org.apa.kaf.cli.con.int.ConsumerCoordinator] (Thread-673) [Consumer clientId=consumer-Consumer-topic-1ca0150a_a469_4523_821e_38c3635140a7-10, groupId=Consumer-topic-1ca0150a_a469_4523_821e_38c3635140a7] Member consumer-Consumer-topic-1ca0150a_a469_4523_821e_38c3635140a7-10-777e127b-367d-402a-9d2f-d29a2c3174ed sending LeaveGroup request to coordinator localhost:32769 (id: 2147483647 rack: null) due to the consumer is being closed
2025-08-07 12:21:33,079 INFO  [org.apa.kaf.cli.con.int.ConsumerCoordinator] (Thread-673) [Consumer clientId=consumer-Consumer-topic-1ca0150a_a469_4523_821e_38c3635140a7-10, groupId=Consumer-topic-1ca0150a_a469_4523_821e_38c3635140a7] Resetting generation and member id due to: consumer pro-actively leaving the group
2025-08-07 12:21:33,080 INFO  [org.apa.kaf.cli.con.int.ConsumerCoordinator] (Thread-673) [Consumer clientId=consumer-Consumer-topic-1ca0150a_a469_4523_821e_38c3635140a7-10, groupId=Consumer-topic-1ca0150a_a469_4523_821e_38c3635140a7] Request joining group due to: consumer pro-actively leaving the group
2025-08-07 12:21:33,575 INFO  [org.apa.kaf.com.met.Metrics] (Thread-673) Metrics scheduler closed
2025-08-07 12:21:33,575 INFO  [org.apa.kaf.com.met.Metrics] (Thread-673) Closing reporter org.apache.kafka.common.metrics.JmxReporter
2025-08-07 12:21:33,575 INFO  [org.apa.kaf.com.met.Metrics] (Thread-673) Closing reporter org.apache.kafka.common.telemetry.internals.ClientTelemetryReporter
2025-08-07 12:21:33,575 INFO  [org.apa.kaf.com.met.Metrics] (Thread-673) Metrics reporters closed
2025-08-07 12:21:33,578 INFO  [org.apa.kaf.com.uti.AppInfoParser] (Thread-673) App info kafka.consumer for consumer-Consumer-topic-1ca0150a_a469_4523_821e_38c3635140a7-10 unregistered
2025-08-07 12:21:33,579 INFO  [io.api.tes.ser.api.AvroSerdeIT] (main) Registering Avro Schema 2: {"type":"record","name":"sad90bec3x9450x4a40xa981xea0a37bf97a4","namespace":"ns_4abfc8a6_9605_4a45_8709_9b4c588ac3de","fields":[{"name":"key11754569288891","type":"string"},{"name":"key21754569293578","type":"string"}]}
**** Registry Base URL: http://registry-app-inmemory.apps.ci419.apicurio-testing.org:80
2025-08-07 12:21:34,607 INFO  [org.apa.kaf.cli.pro.ProducerConfig] (main) ProducerConfig values: 
	acks = -1
	auto.include.jmx.reporter = true
	batch.size = 16384
	bootstrap.servers = [PLAINTEXT://localhost:32769]
	buffer.memory = 33554432
	client.dns.lookup = use_all_dns_ips
	client.id = Producer-topic-1ca0150a_a469_4523_821e_38c3635140a7
	compression.gzip.level = -1
	compression.lz4.level = 9
	compression.type = none
	compression.zstd.level = 3
	connections.max.idle.ms = 10000
	delivery.timeout.ms = 120000
	enable.idempotence = true
	enable.metrics.push = true
	interceptor.classes = []
	key.serializer = class org.apache.kafka.common.serialization.StringSerializer
	linger.ms = 0
	max.block.ms = 60000
	max.in.flight.requests.per.connection = 5
	max.request.size = 1048576
	metadata.max.age.ms = 300000
	metadata.max.idle.ms = 300000
	metadata.recovery.strategy = none
	metric.reporters = []
	metrics.num.samples = 2
	metrics.recording.level = INFO
	metrics.sample.window.ms = 30000
	partitioner.adaptive.partitioning.enable = true
	partitioner.availability.timeout.ms = 0
	partitioner.class = null
	partitioner.ignore.keys = false
	receive.buffer.bytes = 32768
	reconnect.backoff.max.ms = 1000
	reconnect.backoff.ms = 50
	request.timeout.ms = 5000
	retries = 2147483647
	retry.backoff.max.ms = 1000
	retry.backoff.ms = 100
	sasl.client.callback.handler.class = null
	sasl.jaas.config = null
	sasl.kerberos.kinit.cmd = /usr/bin/kinit
	sasl.kerberos.min.time.before.relogin = 60000
	sasl.kerberos.service.name = null
	sasl.kerberos.ticket.renew.jitter = 0.05
	sasl.kerberos.ticket.renew.window.factor = 0.8
	sasl.login.callback.handler.class = null
	sasl.login.class = null
	sasl.login.connect.timeout.ms = null
	sasl.login.read.timeout.ms = null
	sasl.login.refresh.buffer.seconds = 300
	sasl.login.refresh.min.period.seconds = 60
	sasl.login.refresh.window.factor = 0.8
	sasl.login.refresh.window.jitter = 0.05
	sasl.login.retry.backoff.max.ms = 10000
	sasl.login.retry.backoff.ms = 100
	sasl.mechanism = GSSAPI
	sasl.oauthbearer.clock.skew.seconds = 30
	sasl.oauthbearer.expected.audience = null
	sasl.oauthbearer.expected.issuer = null
	sasl.oauthbearer.header.urlencode = false
	sasl.oauthbearer.jwks.endpoint.refresh.ms = 3600000
	sasl.oauthbearer.jwks.endpoint.retry.backoff.max.ms = 10000
	sasl.oauthbearer.jwks.endpoint.retry.backoff.ms = 100
	sasl.oauthbearer.jwks.endpoint.url = null
	sasl.oauthbearer.scope.claim.name = scope
	sasl.oauthbearer.sub.claim.name = sub
	sasl.oauthbearer.token.endpoint.url = null
	security.protocol = PLAINTEXT
	security.providers = null
	send.buffer.bytes = 131072
	socket.connection.setup.timeout.max.ms = 30000
	socket.connection.setup.timeout.ms = 10000
	ssl.cipher.suites = null
	ssl.enabled.protocols = [TLSv1.2, TLSv1.3]
	ssl.endpoint.identification.algorithm = https
	ssl.engine.factory.class = null
	ssl.key.password = null
	ssl.keymanager.algorithm = SunX509
	ssl.keystore.certificate.chain = null
	ssl.keystore.key = null
	ssl.keystore.location = null
	ssl.keystore.password = null
	ssl.keystore.type = JKS
	ssl.protocol = TLSv1.3
	ssl.provider = null
	ssl.secure.random.implementation = null
	ssl.trustmanager.algorithm = PKIX
	ssl.truststore.certificates = null
	ssl.truststore.location = null
	ssl.truststore.password = null
	ssl.truststore.type = JKS
	transaction.timeout.ms = 60000
	transactional.id = null
	value.serializer = class io.apicurio.registry.serde.avro.AvroKafkaSerializer

2025-08-07 12:21:34,607 INFO  [org.apa.kaf.com.tel.int.KafkaMetricsCollector] (main) initializing Kafka metrics collector
2025-08-07 12:21:34,610 INFO  [org.apa.kaf.cli.pro.KafkaProducer] (main) [Producer clientId=Producer-topic-1ca0150a_a469_4523_821e_38c3635140a7] Instantiated an idempotent producer.
2025-08-07 12:21:34,612 INFO  [org.apa.kaf.cli.pro.ProducerConfig] (main) These configurations '[apicurio.registry.url, apicurio.registry.artifact-resolver-strategy]' were supplied but are not used yet.
2025-08-07 12:21:34,612 INFO  [org.apa.kaf.com.uti.AppInfoParser] (main) Kafka version: 3.9.1
2025-08-07 12:21:34,612 INFO  [org.apa.kaf.com.uti.AppInfoParser] (main) Kafka commitId: f745dfdcee2b9851
2025-08-07 12:21:34,612 INFO  [org.apa.kaf.com.uti.AppInfoParser] (main) Kafka startTimeMs: 1754569294612
2025-08-07 12:21:34,614 INFO  [io.api.tes.ser.api.KafkaSerdesTester] (Thread-676) Sending message {"key11754569288891": "value-0", "key21754569293578": "value-0"} to topic topic-1ca0150a_a469_4523_821e_38c3635140a7
2025-08-07 12:21:34,617 INFO  [org.apa.kaf.cli.Metadata] (kafka-producer-network-thread | Producer-topic-1ca0150a_a469_4523_821e_38c3635140a7) [Producer clientId=Producer-topic-1ca0150a_a469_4523_821e_38c3635140a7] Cluster ID: CeYNmdzmRCaaSk-AVslC4g
2025-08-07 12:21:34,617 INFO  [DefaultSchemaResolver] (Thread-676) Retrieving schema content using string: {"type":"record","name":"sad90bec3x9450x4a40xa981xea0a37bf97a4","namespace":"ns_4abfc8a6_9605_4a45_8709_9b4c588ac3de","fields":[{"name":"key11754569288891","type":"string"},{"name":"key21754569293578","type":"string"}]}
2025-08-07 12:21:34,618 INFO  [org.apa.kaf.cli.pro.int.TransactionManager] (kafka-producer-network-thread | Producer-topic-1ca0150a_a469_4523_821e_38c3635140a7) [Producer clientId=Producer-topic-1ca0150a_a469_4523_821e_38c3635140a7] ProducerId set to 13 with epoch 0
2025-08-07 12:21:34,639 INFO  [io.api.tes.ser.api.KafkaSerdesTester] (Thread-676) Sending message {"key11754569288891": "value-1", "key21754569293578": "value-1"} to topic topic-1ca0150a_a469_4523_821e_38c3635140a7
2025-08-07 12:21:34,642 INFO  [io.api.tes.ser.api.KafkaSerdesTester] (Thread-676) Sending message {"key11754569288891": "value-2", "key21754569293578": "value-2"} to topic topic-1ca0150a_a469_4523_821e_38c3635140a7
2025-08-07 12:21:34,644 INFO  [io.api.tes.ser.api.KafkaSerdesTester] (Thread-676) Sending message {"key11754569288891": "value-3", "key21754569293578": "value-3"} to topic topic-1ca0150a_a469_4523_821e_38c3635140a7
2025-08-07 12:21:34,647 INFO  [io.api.tes.ser.api.KafkaSerdesTester] (Thread-676) Sending message {"key11754569288891": "value-4", "key21754569293578": "value-4"} to topic topic-1ca0150a_a469_4523_821e_38c3635140a7
2025-08-07 12:21:34,649 INFO  [io.api.tes.ser.api.KafkaSerdesTester] (Thread-676) Sending message {"key11754569288891": "value-5", "key21754569293578": "value-5"} to topic topic-1ca0150a_a469_4523_821e_38c3635140a7
2025-08-07 12:21:34,651 INFO  [io.api.tes.ser.api.KafkaSerdesTester] (Thread-676) Sending message {"key11754569288891": "value-6", "key21754569293578": "value-6"} to topic topic-1ca0150a_a469_4523_821e_38c3635140a7
2025-08-07 12:21:34,653 INFO  [io.api.tes.ser.api.KafkaSerdesTester] (Thread-676) Sending message {"key11754569288891": "value-7", "key21754569293578": "value-7"} to topic topic-1ca0150a_a469_4523_821e_38c3635140a7
2025-08-07 12:21:34,655 INFO  [io.api.tes.ser.api.KafkaSerdesTester] (Thread-676) Sending message {"key11754569288891": "value-8", "key21754569293578": "value-8"} to topic topic-1ca0150a_a469_4523_821e_38c3635140a7
2025-08-07 12:21:34,656 INFO  [io.api.tes.ser.api.KafkaSerdesTester] (Thread-676) Sending message {"key11754569288891": "value-9", "key21754569293578": "value-9"} to topic topic-1ca0150a_a469_4523_821e_38c3635140a7
2025-08-07 12:21:34,657 INFO  [io.api.tes.ser.api.KafkaSerdesTester] (Thread-676) Produced 10 messages
2025-08-07 12:21:34,657 INFO  [org.apa.kaf.cli.pro.KafkaProducer] (Thread-676) [Producer clientId=Producer-topic-1ca0150a_a469_4523_821e_38c3635140a7] Closing the Kafka producer with timeoutMillis = 9223372036854775807 ms.
2025-08-07 12:21:34,659 INFO  [org.apa.kaf.com.met.Metrics] (Thread-676) Metrics scheduler closed
2025-08-07 12:21:34,659 INFO  [org.apa.kaf.com.met.Metrics] (Thread-676) Closing reporter org.apache.kafka.common.metrics.JmxReporter
2025-08-07 12:21:34,659 INFO  [org.apa.kaf.com.met.Metrics] (Thread-676) Closing reporter org.apache.kafka.common.telemetry.internals.ClientTelemetryReporter
2025-08-07 12:21:34,659 INFO  [org.apa.kaf.com.met.Metrics] (Thread-676) Metrics reporters closed
2025-08-07 12:21:34,660 INFO  [org.apa.kaf.com.uti.AppInfoParser] (Thread-676) App info kafka.producer for Producer-topic-1ca0150a_a469_4523_821e_38c3635140a7 unregistered
**** Registry Base URL: http://registry-app-inmemory.apps.ci419.apicurio-testing.org:80
2025-08-07 12:21:34,660 INFO  [org.apa.kaf.cli.pro.ProducerConfig] (main) ProducerConfig values: 
	acks = -1
	auto.include.jmx.reporter = true
	batch.size = 16384
	bootstrap.servers = [PLAINTEXT://localhost:32769]
	buffer.memory = 33554432
	client.dns.lookup = use_all_dns_ips
	client.id = Producer-topic-1ca0150a_a469_4523_821e_38c3635140a7
	compression.gzip.level = -1
	compression.lz4.level = 9
	compression.type = none
	compression.zstd.level = 3
	connections.max.idle.ms = 10000
	delivery.timeout.ms = 120000
	enable.idempotence = true
	enable.metrics.push = true
	interceptor.classes = []
	key.serializer = class org.apache.kafka.common.serialization.StringSerializer
	linger.ms = 0
	max.block.ms = 60000
	max.in.flight.requests.per.connection = 5
	max.request.size = 1048576
	metadata.max.age.ms = 300000
	metadata.max.idle.ms = 300000
	metadata.recovery.strategy = none
	metric.reporters = []
	metrics.num.samples = 2
	metrics.recording.level = INFO
	metrics.sample.window.ms = 30000
	partitioner.adaptive.partitioning.enable = true
	partitioner.availability.timeout.ms = 0
	partitioner.class = null
	partitioner.ignore.keys = false
	receive.buffer.bytes = 32768
	reconnect.backoff.max.ms = 1000
	reconnect.backoff.ms = 50
	request.timeout.ms = 5000
	retries = 2147483647
	retry.backoff.max.ms = 1000
	retry.backoff.ms = 100
	sasl.client.callback.handler.class = null
	sasl.jaas.config = null
	sasl.kerberos.kinit.cmd = /usr/bin/kinit
	sasl.kerberos.min.time.before.relogin = 60000
	sasl.kerberos.service.name = null
	sasl.kerberos.ticket.renew.jitter = 0.05
	sasl.kerberos.ticket.renew.window.factor = 0.8
	sasl.login.callback.handler.class = null
	sasl.login.class = null
	sasl.login.connect.timeout.ms = null
	sasl.login.read.timeout.ms = null
	sasl.login.refresh.buffer.seconds = 300
	sasl.login.refresh.min.period.seconds = 60
	sasl.login.refresh.window.factor = 0.8
	sasl.login.refresh.window.jitter = 0.05
	sasl.login.retry.backoff.max.ms = 10000
	sasl.login.retry.backoff.ms = 100
	sasl.mechanism = GSSAPI
	sasl.oauthbearer.clock.skew.seconds = 30
	sasl.oauthbearer.expected.audience = null
	sasl.oauthbearer.expected.issuer = null
	sasl.oauthbearer.header.urlencode = false
	sasl.oauthbearer.jwks.endpoint.refresh.ms = 3600000
	sasl.oauthbearer.jwks.endpoint.retry.backoff.max.ms = 10000
	sasl.oauthbearer.jwks.endpoint.retry.backoff.ms = 100
	sasl.oauthbearer.jwks.endpoint.url = null
	sasl.oauthbearer.scope.claim.name = scope
	sasl.oauthbearer.sub.claim.name = sub
	sasl.oauthbearer.token.endpoint.url = null
	security.protocol = PLAINTEXT
	security.providers = null
	send.buffer.bytes = 131072
	socket.connection.setup.timeout.max.ms = 30000
	socket.connection.setup.timeout.ms = 10000
	ssl.cipher.suites = null
	ssl.enabled.protocols = [TLSv1.2, TLSv1.3]
	ssl.endpoint.identification.algorithm = https
	ssl.engine.factory.class = null
	ssl.key.password = null
	ssl.keymanager.algorithm = SunX509
	ssl.keystore.certificate.chain = null
	ssl.keystore.key = null
	ssl.keystore.location = null
	ssl.keystore.password = null
	ssl.keystore.type = JKS
	ssl.protocol = TLSv1.3
	ssl.provider = null
	ssl.secure.random.implementation = null
	ssl.trustmanager.algorithm = PKIX
	ssl.truststore.certificates = null
	ssl.truststore.location = null
	ssl.truststore.password = null
	ssl.truststore.type = JKS
	transaction.timeout.ms = 60000
	transactional.id = null
	value.serializer = class io.apicurio.registry.serde.avro.AvroKafkaSerializer

2025-08-07 12:21:34,660 INFO  [org.apa.kaf.com.tel.int.KafkaMetricsCollector] (main) initializing Kafka metrics collector
2025-08-07 12:21:34,664 INFO  [org.apa.kaf.cli.pro.KafkaProducer] (main) [Producer clientId=Producer-topic-1ca0150a_a469_4523_821e_38c3635140a7] Instantiated an idempotent producer.
2025-08-07 12:21:34,666 INFO  [org.apa.kaf.cli.pro.ProducerConfig] (main) These configurations '[apicurio.registry.url, apicurio.registry.artifact-resolver-strategy]' were supplied but are not used yet.
2025-08-07 12:21:34,666 INFO  [org.apa.kaf.com.uti.AppInfoParser] (main) Kafka version: 3.9.1
2025-08-07 12:21:34,666 INFO  [org.apa.kaf.com.uti.AppInfoParser] (main) Kafka commitId: f745dfdcee2b9851
2025-08-07 12:21:34,666 INFO  [org.apa.kaf.com.uti.AppInfoParser] (main) Kafka startTimeMs: 1754569294666
2025-08-07 12:21:34,666 INFO  [io.api.tes.ser.api.KafkaSerdesTester] (Thread-679) Sending message {"key11754569288891": "value-0"} to topic topic-1ca0150a_a469_4523_821e_38c3635140a7
2025-08-07 12:21:34,669 INFO  [org.apa.kaf.cli.Metadata] (kafka-producer-network-thread | Producer-topic-1ca0150a_a469_4523_821e_38c3635140a7) [Producer clientId=Producer-topic-1ca0150a_a469_4523_821e_38c3635140a7] Cluster ID: CeYNmdzmRCaaSk-AVslC4g
2025-08-07 12:21:34,669 INFO  [org.apa.kaf.cli.pro.int.TransactionManager] (kafka-producer-network-thread | Producer-topic-1ca0150a_a469_4523_821e_38c3635140a7) [Producer clientId=Producer-topic-1ca0150a_a469_4523_821e_38c3635140a7] ProducerId set to 14 with epoch 0
2025-08-07 12:21:34,669 INFO  [DefaultSchemaResolver] (Thread-679) Retrieving schema content using string: {"type":"record","name":"sad90bec3x9450x4a40xa981xea0a37bf97a4","namespace":"ns_4abfc8a6_9605_4a45_8709_9b4c588ac3de","fields":[{"name":"key11754569288891","type":"string"}]}
2025-08-07 12:21:34,694 INFO  [io.api.tes.ser.api.KafkaSerdesTester] (Thread-679) Sending message {"key11754569288891": "value-1"} to topic topic-1ca0150a_a469_4523_821e_38c3635140a7
2025-08-07 12:21:34,696 INFO  [io.api.tes.ser.api.KafkaSerdesTester] (Thread-679) Sending message {"key11754569288891": "value-2"} to topic topic-1ca0150a_a469_4523_821e_38c3635140a7
2025-08-07 12:21:34,697 INFO  [io.api.tes.ser.api.KafkaSerdesTester] (Thread-679) Sending message {"key11754569288891": "value-3"} to topic topic-1ca0150a_a469_4523_821e_38c3635140a7
2025-08-07 12:21:34,698 INFO  [io.api.tes.ser.api.KafkaSerdesTester] (Thread-679) Sending message {"key11754569288891": "value-4"} to topic topic-1ca0150a_a469_4523_821e_38c3635140a7
2025-08-07 12:21:34,700 INFO  [io.api.tes.ser.api.KafkaSerdesTester] (Thread-679) Sending message {"key11754569288891": "value-5"} to topic topic-1ca0150a_a469_4523_821e_38c3635140a7
2025-08-07 12:21:34,701 INFO  [io.api.tes.ser.api.KafkaSerdesTester] (Thread-679) Sending message {"key11754569288891": "value-6"} to topic topic-1ca0150a_a469_4523_821e_38c3635140a7
2025-08-07 12:21:34,702 INFO  [io.api.tes.ser.api.KafkaSerdesTester] (Thread-679) Sending message {"key11754569288891": "value-7"} to topic topic-1ca0150a_a469_4523_821e_38c3635140a7
2025-08-07 12:21:34,703 INFO  [io.api.tes.ser.api.KafkaSerdesTester] (Thread-679) Sending message {"key11754569288891": "value-8"} to topic topic-1ca0150a_a469_4523_821e_38c3635140a7
2025-08-07 12:21:34,705 INFO  [io.api.tes.ser.api.KafkaSerdesTester] (Thread-679) Sending message {"key11754569288891": "value-9"} to topic topic-1ca0150a_a469_4523_821e_38c3635140a7
2025-08-07 12:21:34,707 INFO  [io.api.tes.ser.api.KafkaSerdesTester] (Thread-679) Produced 10 messages
2025-08-07 12:21:34,707 INFO  [org.apa.kaf.cli.pro.KafkaProducer] (Thread-679) [Producer clientId=Producer-topic-1ca0150a_a469_4523_821e_38c3635140a7] Closing the Kafka producer with timeoutMillis = 9223372036854775807 ms.
2025-08-07 12:21:34,710 INFO  [org.apa.kaf.com.met.Metrics] (Thread-679) Metrics scheduler closed
2025-08-07 12:21:34,710 INFO  [org.apa.kaf.com.met.Metrics] (Thread-679) Closing reporter org.apache.kafka.common.metrics.JmxReporter
2025-08-07 12:21:34,710 INFO  [org.apa.kaf.com.met.Metrics] (Thread-679) Closing reporter org.apache.kafka.common.telemetry.internals.ClientTelemetryReporter
2025-08-07 12:21:34,710 INFO  [org.apa.kaf.com.met.Metrics] (Thread-679) Metrics reporters closed
2025-08-07 12:21:34,710 INFO  [org.apa.kaf.com.uti.AppInfoParser] (Thread-679) App info kafka.producer for Producer-topic-1ca0150a_a469_4523_821e_38c3635140a7 unregistered
**** Registry Base URL: http://registry-app-inmemory.apps.ci419.apicurio-testing.org:80
2025-08-07 12:21:34,711 INFO  [org.apa.kaf.cli.con.ConsumerConfig] (main) ConsumerConfig values: 
	allow.auto.create.topics = true
	auto.commit.interval.ms = 500
	auto.include.jmx.reporter = true
	auto.offset.reset = earliest
	bootstrap.servers = [PLAINTEXT://localhost:32769]
	check.crcs = true
	client.dns.lookup = use_all_dns_ips
	client.id = consumer-Consumer-topic-1ca0150a_a469_4523_821e_38c3635140a7-11
	client.rack = 
	connections.max.idle.ms = 10000
	default.api.timeout.ms = 60000
	enable.auto.commit = true
	enable.metrics.push = true
	exclude.internal.topics = true
	fetch.max.bytes = 52428800
	fetch.max.wait.ms = 500
	fetch.min.bytes = 1
	group.id = Consumer-topic-1ca0150a_a469_4523_821e_38c3635140a7
	group.instance.id = null
	group.protocol = classic
	group.remote.assignor = null
	heartbeat.interval.ms = 3000
	interceptor.classes = []
	internal.leave.group.on.close = true
	internal.throw.on.fetch.stable.offset.unsupported = false
	isolation.level = read_uncommitted
	key.deserializer = class org.apache.kafka.common.serialization.StringDeserializer
	max.partition.fetch.bytes = 1048576
	max.poll.interval.ms = 300000
	max.poll.records = 500
	metadata.max.age.ms = 300000
	metadata.recovery.strategy = none
	metric.reporters = []
	metrics.num.samples = 2
	metrics.recording.level = INFO
	metrics.sample.window.ms = 30000
	partition.assignment.strategy = [class org.apache.kafka.clients.consumer.RangeAssignor, class org.apache.kafka.clients.consumer.CooperativeStickyAssignor]
	receive.buffer.bytes = 65536
	reconnect.backoff.max.ms = 1000
	reconnect.backoff.ms = 50
	request.timeout.ms = 5000
	retry.backoff.max.ms = 1000
	retry.backoff.ms = 100
	sasl.client.callback.handler.class = null
	sasl.jaas.config = null
	sasl.kerberos.kinit.cmd = /usr/bin/kinit
	sasl.kerberos.min.time.before.relogin = 60000
	sasl.kerberos.service.name = null
	sasl.kerberos.ticket.renew.jitter = 0.05
	sasl.kerberos.ticket.renew.window.factor = 0.8
	sasl.login.callback.handler.class = null
	sasl.login.class = null
	sasl.login.connect.timeout.ms = null
	sasl.login.read.timeout.ms = null
	sasl.login.refresh.buffer.seconds = 300
	sasl.login.refresh.min.period.seconds = 60
	sasl.login.refresh.window.factor = 0.8
	sasl.login.refresh.window.jitter = 0.05
	sasl.login.retry.backoff.max.ms = 10000
	sasl.login.retry.backoff.ms = 100
	sasl.mechanism = GSSAPI
	sasl.oauthbearer.clock.skew.seconds = 30
	sasl.oauthbearer.expected.audience = null
	sasl.oauthbearer.expected.issuer = null
	sasl.oauthbearer.header.urlencode = false
	sasl.oauthbearer.jwks.endpoint.refresh.ms = 3600000
	sasl.oauthbearer.jwks.endpoint.retry.backoff.max.ms = 10000
	sasl.oauthbearer.jwks.endpoint.retry.backoff.ms = 100
	sasl.oauthbearer.jwks.endpoint.url = null
	sasl.oauthbearer.scope.claim.name = scope
	sasl.oauthbearer.sub.claim.name = sub
	sasl.oauthbearer.token.endpoint.url = null
	security.protocol = PLAINTEXT
	security.providers = null
	send.buffer.bytes = 131072
	session.timeout.ms = 45000
	socket.connection.setup.timeout.max.ms = 30000
	socket.connection.setup.timeout.ms = 10000
	ssl.cipher.suites = null
	ssl.enabled.protocols = [TLSv1.2, TLSv1.3]
	ssl.endpoint.identification.algorithm = https
	ssl.engine.factory.class = null
	ssl.key.password = null
	ssl.keymanager.algorithm = SunX509
	ssl.keystore.certificate.chain = null
	ssl.keystore.key = null
	ssl.keystore.location = null
	ssl.keystore.password = null
	ssl.keystore.type = JKS
	ssl.protocol = TLSv1.3
	ssl.provider = null
	ssl.secure.random.implementation = null
	ssl.trustmanager.algorithm = PKIX
	ssl.truststore.certificates = null
	ssl.truststore.location = null
	ssl.truststore.password = null
	ssl.truststore.type = JKS
	value.deserializer = class io.apicurio.registry.serde.avro.AvroKafkaDeserializer

2025-08-07 12:21:34,711 INFO  [org.apa.kaf.com.tel.int.KafkaMetricsCollector] (main) initializing Kafka metrics collector
2025-08-07 12:21:34,724 INFO  [org.apa.kaf.cli.con.ConsumerConfig] (main) These configurations '[apicurio.registry.url]' were supplied but are not used yet.
2025-08-07 12:21:34,724 INFO  [org.apa.kaf.com.uti.AppInfoParser] (main) Kafka version: 3.9.1
2025-08-07 12:21:34,724 INFO  [org.apa.kaf.com.uti.AppInfoParser] (main) Kafka commitId: f745dfdcee2b9851
2025-08-07 12:21:34,724 INFO  [org.apa.kaf.com.uti.AppInfoParser] (main) Kafka startTimeMs: 1754569294724
2025-08-07 12:21:34,725 INFO  [org.apa.kaf.cli.con.int.ClassicKafkaConsumer] (Thread-682) [Consumer clientId=consumer-Consumer-topic-1ca0150a_a469_4523_821e_38c3635140a7-11, groupId=Consumer-topic-1ca0150a_a469_4523_821e_38c3635140a7] Subscribed to topic(s): topic-1ca0150a_a469_4523_821e_38c3635140a7
2025-08-07 12:21:34,729 INFO  [org.apa.kaf.cli.Metadata] (Thread-682) [Consumer clientId=consumer-Consumer-topic-1ca0150a_a469_4523_821e_38c3635140a7-11, groupId=Consumer-topic-1ca0150a_a469_4523_821e_38c3635140a7] Cluster ID: CeYNmdzmRCaaSk-AVslC4g
2025-08-07 12:21:34,729 INFO  [org.apa.kaf.cli.con.int.ConsumerCoordinator] (Thread-682) [Consumer clientId=consumer-Consumer-topic-1ca0150a_a469_4523_821e_38c3635140a7-11, groupId=Consumer-topic-1ca0150a_a469_4523_821e_38c3635140a7] Discovered group coordinator localhost:32769 (id: 2147483647 rack: null)
2025-08-07 12:21:34,731 INFO  [org.apa.kaf.cli.con.int.ConsumerCoordinator] (Thread-682) [Consumer clientId=consumer-Consumer-topic-1ca0150a_a469_4523_821e_38c3635140a7-11, groupId=Consumer-topic-1ca0150a_a469_4523_821e_38c3635140a7] (Re-)joining group
2025-08-07 12:21:34,734 INFO  [org.apa.kaf.cli.con.int.ConsumerCoordinator] (Thread-682) [Consumer clientId=consumer-Consumer-topic-1ca0150a_a469_4523_821e_38c3635140a7-11, groupId=Consumer-topic-1ca0150a_a469_4523_821e_38c3635140a7] Request joining group due to: need to re-join with the given member-id: consumer-Consumer-topic-1ca0150a_a469_4523_821e_38c3635140a7-11-d43e9336-bc44-4c5b-aef2-06b42e14304e
2025-08-07 12:21:34,734 INFO  [org.apa.kaf.cli.con.int.ConsumerCoordinator] (Thread-682) [Consumer clientId=consumer-Consumer-topic-1ca0150a_a469_4523_821e_38c3635140a7-11, groupId=Consumer-topic-1ca0150a_a469_4523_821e_38c3635140a7] (Re-)joining group
2025-08-07 12:21:35,725 INFO  [io.api.tes.ser.api.KafkaSerdesTester] (Thread-682) None found
2025-08-07 12:21:36,726 INFO  [io.api.tes.ser.api.KafkaSerdesTester] (Thread-682) None found
2025-08-07 12:21:37,726 INFO  [io.api.tes.ser.api.KafkaSerdesTester] (Thread-682) None found
2025-08-07 12:21:37,736 INFO  [org.apa.kaf.cli.con.int.ConsumerCoordinator] (Thread-682) [Consumer clientId=consumer-Consumer-topic-1ca0150a_a469_4523_821e_38c3635140a7-11, groupId=Consumer-topic-1ca0150a_a469_4523_821e_38c3635140a7] Successfully joined group with generation Generation{generationId=3, memberId='consumer-Consumer-topic-1ca0150a_a469_4523_821e_38c3635140a7-11-d43e9336-bc44-4c5b-aef2-06b42e14304e', protocol='range'}
2025-08-07 12:21:37,737 INFO  [org.apa.kaf.cli.con.int.ConsumerCoordinator] (Thread-682) [Consumer clientId=consumer-Consumer-topic-1ca0150a_a469_4523_821e_38c3635140a7-11, groupId=Consumer-topic-1ca0150a_a469_4523_821e_38c3635140a7] Finished assignment for group at generation 3: {consumer-Consumer-topic-1ca0150a_a469_4523_821e_38c3635140a7-11-d43e9336-bc44-4c5b-aef2-06b42e14304e=Assignment(partitions=[topic-1ca0150a_a469_4523_821e_38c3635140a7-0])}
2025-08-07 12:21:37,743 INFO  [org.apa.kaf.cli.con.int.ConsumerCoordinator] (Thread-682) [Consumer clientId=consumer-Consumer-topic-1ca0150a_a469_4523_821e_38c3635140a7-11, groupId=Consumer-topic-1ca0150a_a469_4523_821e_38c3635140a7] Successfully synced group in generation Generation{generationId=3, memberId='consumer-Consumer-topic-1ca0150a_a469_4523_821e_38c3635140a7-11-d43e9336-bc44-4c5b-aef2-06b42e14304e', protocol='range'}
2025-08-07 12:21:37,743 INFO  [org.apa.kaf.cli.con.int.ConsumerCoordinator] (Thread-682) [Consumer clientId=consumer-Consumer-topic-1ca0150a_a469_4523_821e_38c3635140a7-11, groupId=Consumer-topic-1ca0150a_a469_4523_821e_38c3635140a7] Notifying assignor about the new Assignment(partitions=[topic-1ca0150a_a469_4523_821e_38c3635140a7-0])
2025-08-07 12:21:37,743 INFO  [org.apa.kaf.cli.con.int.ConsumerRebalanceListenerInvoker] (Thread-682) [Consumer clientId=consumer-Consumer-topic-1ca0150a_a469_4523_821e_38c3635140a7-11, groupId=Consumer-topic-1ca0150a_a469_4523_821e_38c3635140a7] Adding newly assigned partitions: topic-1ca0150a_a469_4523_821e_38c3635140a7-0
2025-08-07 12:21:37,745 INFO  [org.apa.kaf.cli.con.int.ConsumerUtils] (Thread-682) Setting offset for partition topic-1ca0150a_a469_4523_821e_38c3635140a7-0 to the committed offset FetchPosition{offset=10, offsetEpoch=Optional[0], currentLeader=LeaderAndEpoch{leader=Optional[localhost:32769 (id: 0 rack: null)], epoch=0}}
2025-08-07 12:21:37,794 INFO  [io.api.tes.ser.api.KafkaSerdesTester] (Thread-682) topic-1ca0150a_a469_4523_821e_38c3635140a7 0 10 {"key11754569288891": "value-0", "key21754569293578": "value-0"}
2025-08-07 12:21:37,794 INFO  [io.api.tes.ser.api.KafkaSerdesTester] (Thread-682) topic-1ca0150a_a469_4523_821e_38c3635140a7 0 11 {"key11754569288891": "value-1", "key21754569293578": "value-1"}
2025-08-07 12:21:37,794 INFO  [io.api.tes.ser.api.KafkaSerdesTester] (Thread-682) topic-1ca0150a_a469_4523_821e_38c3635140a7 0 12 {"key11754569288891": "value-2", "key21754569293578": "value-2"}
2025-08-07 12:21:37,794 INFO  [io.api.tes.ser.api.KafkaSerdesTester] (Thread-682) topic-1ca0150a_a469_4523_821e_38c3635140a7 0 13 {"key11754569288891": "value-3", "key21754569293578": "value-3"}
2025-08-07 12:21:37,794 INFO  [io.api.tes.ser.api.KafkaSerdesTester] (Thread-682) topic-1ca0150a_a469_4523_821e_38c3635140a7 0 14 {"key11754569288891": "value-4", "key21754569293578": "value-4"}
2025-08-07 12:21:37,794 INFO  [io.api.tes.ser.api.KafkaSerdesTester] (Thread-682) topic-1ca0150a_a469_4523_821e_38c3635140a7 0 15 {"key11754569288891": "value-5", "key21754569293578": "value-5"}
2025-08-07 12:21:37,794 INFO  [io.api.tes.ser.api.KafkaSerdesTester] (Thread-682) topic-1ca0150a_a469_4523_821e_38c3635140a7 0 16 {"key11754569288891": "value-6", "key21754569293578": "value-6"}
2025-08-07 12:21:37,794 INFO  [io.api.tes.ser.api.KafkaSerdesTester] (Thread-682) topic-1ca0150a_a469_4523_821e_38c3635140a7 0 17 {"key11754569288891": "value-7", "key21754569293578": "value-7"}
2025-08-07 12:21:37,794 INFO  [io.api.tes.ser.api.KafkaSerdesTester] (Thread-682) topic-1ca0150a_a469_4523_821e_38c3635140a7 0 18 {"key11754569288891": "value-8", "key21754569293578": "value-8"}
2025-08-07 12:21:37,794 INFO  [io.api.tes.ser.api.KafkaSerdesTester] (Thread-682) topic-1ca0150a_a469_4523_821e_38c3635140a7 0 19 {"key11754569288891": "value-9", "key21754569293578": "value-9"}
2025-08-07 12:21:37,794 INFO  [io.api.tes.ser.api.KafkaSerdesTester] (Thread-682) topic-1ca0150a_a469_4523_821e_38c3635140a7 0 20 {"key11754569288891": "value-0"}
2025-08-07 12:21:37,795 INFO  [io.api.tes.ser.api.KafkaSerdesTester] (Thread-682) topic-1ca0150a_a469_4523_821e_38c3635140a7 0 21 {"key11754569288891": "value-1"}
2025-08-07 12:21:37,795 INFO  [io.api.tes.ser.api.KafkaSerdesTester] (Thread-682) topic-1ca0150a_a469_4523_821e_38c3635140a7 0 22 {"key11754569288891": "value-2"}
2025-08-07 12:21:37,795 INFO  [io.api.tes.ser.api.KafkaSerdesTester] (Thread-682) topic-1ca0150a_a469_4523_821e_38c3635140a7 0 23 {"key11754569288891": "value-3"}
2025-08-07 12:21:37,795 INFO  [io.api.tes.ser.api.KafkaSerdesTester] (Thread-682) topic-1ca0150a_a469_4523_821e_38c3635140a7 0 24 {"key11754569288891": "value-4"}
2025-08-07 12:21:37,795 INFO  [io.api.tes.ser.api.KafkaSerdesTester] (Thread-682) topic-1ca0150a_a469_4523_821e_38c3635140a7 0 25 {"key11754569288891": "value-5"}
2025-08-07 12:21:37,795 INFO  [io.api.tes.ser.api.KafkaSerdesTester] (Thread-682) topic-1ca0150a_a469_4523_821e_38c3635140a7 0 26 {"key11754569288891": "value-6"}
2025-08-07 12:21:37,795 INFO  [io.api.tes.ser.api.KafkaSerdesTester] (Thread-682) topic-1ca0150a_a469_4523_821e_38c3635140a7 0 27 {"key11754569288891": "value-7"}
2025-08-07 12:21:37,795 INFO  [io.api.tes.ser.api.KafkaSerdesTester] (Thread-682) topic-1ca0150a_a469_4523_821e_38c3635140a7 0 28 {"key11754569288891": "value-8"}
2025-08-07 12:21:37,795 INFO  [io.api.tes.ser.api.KafkaSerdesTester] (Thread-682) topic-1ca0150a_a469_4523_821e_38c3635140a7 0 29 {"key11754569288891": "value-9"}
2025-08-07 12:21:37,795 INFO  [io.api.tes.ser.api.KafkaSerdesTester] (Thread-682) Consumed 20 messages
2025-08-07 12:21:37,802 INFO  [org.apa.kaf.cli.con.int.ConsumerRebalanceListenerInvoker] (Thread-682) [Consumer clientId=consumer-Consumer-topic-1ca0150a_a469_4523_821e_38c3635140a7-11, groupId=Consumer-topic-1ca0150a_a469_4523_821e_38c3635140a7] Revoke previously assigned partitions topic-1ca0150a_a469_4523_821e_38c3635140a7-0
2025-08-07 12:21:37,802 INFO  [org.apa.kaf.cli.con.int.ConsumerCoordinator] (Thread-682) [Consumer clientId=consumer-Consumer-topic-1ca0150a_a469_4523_821e_38c3635140a7-11, groupId=Consumer-topic-1ca0150a_a469_4523_821e_38c3635140a7] Member consumer-Consumer-topic-1ca0150a_a469_4523_821e_38c3635140a7-11-d43e9336-bc44-4c5b-aef2-06b42e14304e sending LeaveGroup request to coordinator localhost:32769 (id: 2147483647 rack: null) due to the consumer is being closed
2025-08-07 12:21:37,802 INFO  [org.apa.kaf.cli.con.int.ConsumerCoordinator] (Thread-682) [Consumer clientId=consumer-Consumer-topic-1ca0150a_a469_4523_821e_38c3635140a7-11, groupId=Consumer-topic-1ca0150a_a469_4523_821e_38c3635140a7] Resetting generation and member id due to: consumer pro-actively leaving the group
2025-08-07 12:21:37,802 INFO  [org.apa.kaf.cli.con.int.ConsumerCoordinator] (Thread-682) [Consumer clientId=consumer-Consumer-topic-1ca0150a_a469_4523_821e_38c3635140a7-11, groupId=Consumer-topic-1ca0150a_a469_4523_821e_38c3635140a7] Request joining group due to: consumer pro-actively leaving the group
2025-08-07 12:21:38,298 INFO  [org.apa.kaf.com.met.Metrics] (Thread-682) Metrics scheduler closed
2025-08-07 12:21:38,298 INFO  [org.apa.kaf.com.met.Metrics] (Thread-682) Closing reporter org.apache.kafka.common.metrics.JmxReporter
2025-08-07 12:21:38,298 INFO  [org.apa.kaf.com.met.Metrics] (Thread-682) Closing reporter org.apache.kafka.common.telemetry.internals.ClientTelemetryReporter
2025-08-07 12:21:38,298 INFO  [org.apa.kaf.com.met.Metrics] (Thread-682) Metrics reporters closed
2025-08-07 12:21:38,301 INFO  [org.apa.kaf.com.uti.AppInfoParser] (Thread-682) App info kafka.consumer for consumer-Consumer-topic-1ca0150a_a469_4523_821e_38c3635140a7-11 unregistered
2025-08-07 12:21:38,302 INFO  [io.api.tes.ser.api.AvroSerdeIT] (main) Registering Avro Schema 3: {"type":"record","name":"sad90bec3x9450x4a40xa981xea0a37bf97a4","namespace":"ns_4abfc8a6_9605_4a45_8709_9b4c588ac3de","fields":[{"name":"key11754569288891","type":"string"},{"name":"key21754569293578","type":"string"},{"name":"key31754569298302","type":"string"}]}
**** Registry Base URL: http://registry-app-inmemory.apps.ci419.apicurio-testing.org:80
2025-08-07 12:21:39,335 INFO  [org.apa.kaf.cli.pro.ProducerConfig] (main) ProducerConfig values: 
	acks = -1
	auto.include.jmx.reporter = true
	batch.size = 16384
	bootstrap.servers = [PLAINTEXT://localhost:32769]
	buffer.memory = 33554432
	client.dns.lookup = use_all_dns_ips
	client.id = Producer-topic-1ca0150a_a469_4523_821e_38c3635140a7
	compression.gzip.level = -1
	compression.lz4.level = 9
	compression.type = none
	compression.zstd.level = 3
	connections.max.idle.ms = 10000
	delivery.timeout.ms = 120000
	enable.idempotence = true
	enable.metrics.push = true
	interceptor.classes = []
	key.serializer = class org.apache.kafka.common.serialization.StringSerializer
	linger.ms = 0
	max.block.ms = 60000
	max.in.flight.requests.per.connection = 5
	max.request.size = 1048576
	metadata.max.age.ms = 300000
	metadata.max.idle.ms = 300000
	metadata.recovery.strategy = none
	metric.reporters = []
	metrics.num.samples = 2
	metrics.recording.level = INFO
	metrics.sample.window.ms = 30000
	partitioner.adaptive.partitioning.enable = true
	partitioner.availability.timeout.ms = 0
	partitioner.class = null
	partitioner.ignore.keys = false
	receive.buffer.bytes = 32768
	reconnect.backoff.max.ms = 1000
	reconnect.backoff.ms = 50
	request.timeout.ms = 5000
	retries = 2147483647
	retry.backoff.max.ms = 1000
	retry.backoff.ms = 100
	sasl.client.callback.handler.class = null
	sasl.jaas.config = null
	sasl.kerberos.kinit.cmd = /usr/bin/kinit
	sasl.kerberos.min.time.before.relogin = 60000
	sasl.kerberos.service.name = null
	sasl.kerberos.ticket.renew.jitter = 0.05
	sasl.kerberos.ticket.renew.window.factor = 0.8
	sasl.login.callback.handler.class = null
	sasl.login.class = null
	sasl.login.connect.timeout.ms = null
	sasl.login.read.timeout.ms = null
	sasl.login.refresh.buffer.seconds = 300
	sasl.login.refresh.min.period.seconds = 60
	sasl.login.refresh.window.factor = 0.8
	sasl.login.refresh.window.jitter = 0.05
	sasl.login.retry.backoff.max.ms = 10000
	sasl.login.retry.backoff.ms = 100
	sasl.mechanism = GSSAPI
	sasl.oauthbearer.clock.skew.seconds = 30
	sasl.oauthbearer.expected.audience = null
	sasl.oauthbearer.expected.issuer = null
	sasl.oauthbearer.header.urlencode = false
	sasl.oauthbearer.jwks.endpoint.refresh.ms = 3600000
	sasl.oauthbearer.jwks.endpoint.retry.backoff.max.ms = 10000
	sasl.oauthbearer.jwks.endpoint.retry.backoff.ms = 100
	sasl.oauthbearer.jwks.endpoint.url = null
	sasl.oauthbearer.scope.claim.name = scope
	sasl.oauthbearer.sub.claim.name = sub
	sasl.oauthbearer.token.endpoint.url = null
	security.protocol = PLAINTEXT
	security.providers = null
	send.buffer.bytes = 131072
	socket.connection.setup.timeout.max.ms = 30000
	socket.connection.setup.timeout.ms = 10000
	ssl.cipher.suites = null
	ssl.enabled.protocols = [TLSv1.2, TLSv1.3]
	ssl.endpoint.identification.algorithm = https
	ssl.engine.factory.class = null
	ssl.key.password = null
	ssl.keymanager.algorithm = SunX509
	ssl.keystore.certificate.chain = null
	ssl.keystore.key = null
	ssl.keystore.location = null
	ssl.keystore.password = null
	ssl.keystore.type = JKS
	ssl.protocol = TLSv1.3
	ssl.provider = null
	ssl.secure.random.implementation = null
	ssl.trustmanager.algorithm = PKIX
	ssl.truststore.certificates = null
	ssl.truststore.location = null
	ssl.truststore.password = null
	ssl.truststore.type = JKS
	transaction.timeout.ms = 60000
	transactional.id = null
	value.serializer = class io.apicurio.registry.serde.avro.AvroKafkaSerializer

2025-08-07 12:21:39,335 INFO  [org.apa.kaf.com.tel.int.KafkaMetricsCollector] (main) initializing Kafka metrics collector
2025-08-07 12:21:39,339 INFO  [org.apa.kaf.cli.pro.KafkaProducer] (main) [Producer clientId=Producer-topic-1ca0150a_a469_4523_821e_38c3635140a7] Instantiated an idempotent producer.
2025-08-07 12:21:39,341 INFO  [org.apa.kaf.cli.pro.ProducerConfig] (main) These configurations '[apicurio.registry.url, apicurio.registry.artifact-resolver-strategy]' were supplied but are not used yet.
2025-08-07 12:21:39,341 INFO  [org.apa.kaf.com.uti.AppInfoParser] (main) Kafka version: 3.9.1
2025-08-07 12:21:39,341 INFO  [org.apa.kaf.com.uti.AppInfoParser] (main) Kafka commitId: f745dfdcee2b9851
2025-08-07 12:21:39,341 INFO  [org.apa.kaf.com.uti.AppInfoParser] (main) Kafka startTimeMs: 1754569299341
2025-08-07 12:21:39,343 INFO  [io.api.tes.ser.api.KafkaSerdesTester] (Thread-685) Sending message {"key11754569288891": "value-0", "key21754569293578": "value-0", "key31754569298302": "value-0"} to topic topic-1ca0150a_a469_4523_821e_38c3635140a7
2025-08-07 12:21:39,346 INFO  [org.apa.kaf.cli.Metadata] (kafka-producer-network-thread | Producer-topic-1ca0150a_a469_4523_821e_38c3635140a7) [Producer clientId=Producer-topic-1ca0150a_a469_4523_821e_38c3635140a7] Cluster ID: CeYNmdzmRCaaSk-AVslC4g
2025-08-07 12:21:39,346 INFO  [DefaultSchemaResolver] (Thread-685) Retrieving schema content using string: {"type":"record","name":"sad90bec3x9450x4a40xa981xea0a37bf97a4","namespace":"ns_4abfc8a6_9605_4a45_8709_9b4c588ac3de","fields":[{"name":"key11754569288891","type":"string"},{"name":"key21754569293578","type":"string"},{"name":"key31754569298302","type":"string"}]}
2025-08-07 12:21:39,348 INFO  [org.apa.kaf.cli.pro.int.TransactionManager] (kafka-producer-network-thread | Producer-topic-1ca0150a_a469_4523_821e_38c3635140a7) [Producer clientId=Producer-topic-1ca0150a_a469_4523_821e_38c3635140a7] ProducerId set to 15 with epoch 0
2025-08-07 12:21:39,366 INFO  [io.api.tes.ser.api.KafkaSerdesTester] (Thread-685) Sending message {"key11754569288891": "value-1", "key21754569293578": "value-1", "key31754569298302": "value-1"} to topic topic-1ca0150a_a469_4523_821e_38c3635140a7
2025-08-07 12:21:39,368 INFO  [io.api.tes.ser.api.KafkaSerdesTester] (Thread-685) Sending message {"key11754569288891": "value-2", "key21754569293578": "value-2", "key31754569298302": "value-2"} to topic topic-1ca0150a_a469_4523_821e_38c3635140a7
2025-08-07 12:21:39,370 INFO  [io.api.tes.ser.api.KafkaSerdesTester] (Thread-685) Sending message {"key11754569288891": "value-3", "key21754569293578": "value-3", "key31754569298302": "value-3"} to topic topic-1ca0150a_a469_4523_821e_38c3635140a7
2025-08-07 12:21:39,372 INFO  [io.api.tes.ser.api.KafkaSerdesTester] (Thread-685) Sending message {"key11754569288891": "value-4", "key21754569293578": "value-4", "key31754569298302": "value-4"} to topic topic-1ca0150a_a469_4523_821e_38c3635140a7
2025-08-07 12:21:39,373 INFO  [io.api.tes.ser.api.KafkaSerdesTester] (Thread-685) Sending message {"key11754569288891": "value-5", "key21754569293578": "value-5", "key31754569298302": "value-5"} to topic topic-1ca0150a_a469_4523_821e_38c3635140a7
2025-08-07 12:21:39,377 INFO  [io.api.tes.ser.api.KafkaSerdesTester] (Thread-685) Sending message {"key11754569288891": "value-6", "key21754569293578": "value-6", "key31754569298302": "value-6"} to topic topic-1ca0150a_a469_4523_821e_38c3635140a7
2025-08-07 12:21:39,380 INFO  [io.api.tes.ser.api.KafkaSerdesTester] (Thread-685) Sending message {"key11754569288891": "value-7", "key21754569293578": "value-7", "key31754569298302": "value-7"} to topic topic-1ca0150a_a469_4523_821e_38c3635140a7
2025-08-07 12:21:39,382 INFO  [io.api.tes.ser.api.KafkaSerdesTester] (Thread-685) Sending message {"key11754569288891": "value-8", "key21754569293578": "value-8", "key31754569298302": "value-8"} to topic topic-1ca0150a_a469_4523_821e_38c3635140a7
2025-08-07 12:21:39,384 INFO  [io.api.tes.ser.api.KafkaSerdesTester] (Thread-685) Sending message {"key11754569288891": "value-9", "key21754569293578": "value-9", "key31754569298302": "value-9"} to topic topic-1ca0150a_a469_4523_821e_38c3635140a7
2025-08-07 12:21:39,385 INFO  [io.api.tes.ser.api.KafkaSerdesTester] (Thread-685) Produced 10 messages
2025-08-07 12:21:39,385 INFO  [org.apa.kaf.cli.pro.KafkaProducer] (Thread-685) [Producer clientId=Producer-topic-1ca0150a_a469_4523_821e_38c3635140a7] Closing the Kafka producer with timeoutMillis = 9223372036854775807 ms.
2025-08-07 12:21:39,387 INFO  [org.apa.kaf.com.met.Metrics] (Thread-685) Metrics scheduler closed
2025-08-07 12:21:39,387 INFO  [org.apa.kaf.com.met.Metrics] (Thread-685) Closing reporter org.apache.kafka.common.metrics.JmxReporter
2025-08-07 12:21:39,387 INFO  [org.apa.kaf.com.met.Metrics] (Thread-685) Closing reporter org.apache.kafka.common.telemetry.internals.ClientTelemetryReporter
2025-08-07 12:21:39,387 INFO  [org.apa.kaf.com.met.Metrics] (Thread-685) Metrics reporters closed
2025-08-07 12:21:39,388 INFO  [org.apa.kaf.com.uti.AppInfoParser] (Thread-685) App info kafka.producer for Producer-topic-1ca0150a_a469_4523_821e_38c3635140a7 unregistered
**** Registry Base URL: http://registry-app-inmemory.apps.ci419.apicurio-testing.org:80
2025-08-07 12:21:39,388 INFO  [org.apa.kaf.cli.pro.ProducerConfig] (main) ProducerConfig values: 
	acks = -1
	auto.include.jmx.reporter = true
	batch.size = 16384
	bootstrap.servers = [PLAINTEXT://localhost:32769]
	buffer.memory = 33554432
	client.dns.lookup = use_all_dns_ips
	client.id = Producer-topic-1ca0150a_a469_4523_821e_38c3635140a7
	compression.gzip.level = -1
	compression.lz4.level = 9
	compression.type = none
	compression.zstd.level = 3
	connections.max.idle.ms = 10000
	delivery.timeout.ms = 120000
	enable.idempotence = true
	enable.metrics.push = true
	interceptor.classes = []
	key.serializer = class org.apache.kafka.common.serialization.StringSerializer
	linger.ms = 0
	max.block.ms = 60000
	max.in.flight.requests.per.connection = 5
	max.request.size = 1048576
	metadata.max.age.ms = 300000
	metadata.max.idle.ms = 300000
	metadata.recovery.strategy = none
	metric.reporters = []
	metrics.num.samples = 2
	metrics.recording.level = INFO
	metrics.sample.window.ms = 30000
	partitioner.adaptive.partitioning.enable = true
	partitioner.availability.timeout.ms = 0
	partitioner.class = null
	partitioner.ignore.keys = false
	receive.buffer.bytes = 32768
	reconnect.backoff.max.ms = 1000
	reconnect.backoff.ms = 50
	request.timeout.ms = 5000
	retries = 2147483647
	retry.backoff.max.ms = 1000
	retry.backoff.ms = 100
	sasl.client.callback.handler.class = null
	sasl.jaas.config = null
	sasl.kerberos.kinit.cmd = /usr/bin/kinit
	sasl.kerberos.min.time.before.relogin = 60000
	sasl.kerberos.service.name = null
	sasl.kerberos.ticket.renew.jitter = 0.05
	sasl.kerberos.ticket.renew.window.factor = 0.8
	sasl.login.callback.handler.class = null
	sasl.login.class = null
	sasl.login.connect.timeout.ms = null
	sasl.login.read.timeout.ms = null
	sasl.login.refresh.buffer.seconds = 300
	sasl.login.refresh.min.period.seconds = 60
	sasl.login.refresh.window.factor = 0.8
	sasl.login.refresh.window.jitter = 0.05
	sasl.login.retry.backoff.max.ms = 10000
	sasl.login.retry.backoff.ms = 100
	sasl.mechanism = GSSAPI
	sasl.oauthbearer.clock.skew.seconds = 30
	sasl.oauthbearer.expected.audience = null
	sasl.oauthbearer.expected.issuer = null
	sasl.oauthbearer.header.urlencode = false
	sasl.oauthbearer.jwks.endpoint.refresh.ms = 3600000
	sasl.oauthbearer.jwks.endpoint.retry.backoff.max.ms = 10000
	sasl.oauthbearer.jwks.endpoint.retry.backoff.ms = 100
	sasl.oauthbearer.jwks.endpoint.url = null
	sasl.oauthbearer.scope.claim.name = scope
	sasl.oauthbearer.sub.claim.name = sub
	sasl.oauthbearer.token.endpoint.url = null
	security.protocol = PLAINTEXT
	security.providers = null
	send.buffer.bytes = 131072
	socket.connection.setup.timeout.max.ms = 30000
	socket.connection.setup.timeout.ms = 10000
	ssl.cipher.suites = null
	ssl.enabled.protocols = [TLSv1.2, TLSv1.3]
	ssl.endpoint.identification.algorithm = https
	ssl.engine.factory.class = null
	ssl.key.password = null
	ssl.keymanager.algorithm = SunX509
	ssl.keystore.certificate.chain = null
	ssl.keystore.key = null
	ssl.keystore.location = null
	ssl.keystore.password = null
	ssl.keystore.type = JKS
	ssl.protocol = TLSv1.3
	ssl.provider = null
	ssl.secure.random.implementation = null
	ssl.trustmanager.algorithm = PKIX
	ssl.truststore.certificates = null
	ssl.truststore.location = null
	ssl.truststore.password = null
	ssl.truststore.type = JKS
	transaction.timeout.ms = 60000
	transactional.id = null
	value.serializer = class io.apicurio.registry.serde.avro.AvroKafkaSerializer

2025-08-07 12:21:39,389 INFO  [org.apa.kaf.com.tel.int.KafkaMetricsCollector] (main) initializing Kafka metrics collector
2025-08-07 12:21:39,397 INFO  [org.apa.kaf.cli.pro.KafkaProducer] (main) [Producer clientId=Producer-topic-1ca0150a_a469_4523_821e_38c3635140a7] Instantiated an idempotent producer.
2025-08-07 12:21:39,399 INFO  [org.apa.kaf.cli.pro.ProducerConfig] (main) These configurations '[apicurio.registry.url, apicurio.registry.artifact-resolver-strategy]' were supplied but are not used yet.
2025-08-07 12:21:39,399 INFO  [org.apa.kaf.com.uti.AppInfoParser] (main) Kafka version: 3.9.1
2025-08-07 12:21:39,399 INFO  [org.apa.kaf.com.uti.AppInfoParser] (main) Kafka commitId: f745dfdcee2b9851
2025-08-07 12:21:39,399 INFO  [org.apa.kaf.com.uti.AppInfoParser] (main) Kafka startTimeMs: 1754569299399
2025-08-07 12:21:39,399 INFO  [io.api.tes.ser.api.KafkaSerdesTester] (Thread-688) Sending message {"key11754569288891": "value-0", "key21754569293578": "value-0"} to topic topic-1ca0150a_a469_4523_821e_38c3635140a7
2025-08-07 12:21:39,405 INFO  [org.apa.kaf.cli.Metadata] (kafka-producer-network-thread | Producer-topic-1ca0150a_a469_4523_821e_38c3635140a7) [Producer clientId=Producer-topic-1ca0150a_a469_4523_821e_38c3635140a7] Cluster ID: CeYNmdzmRCaaSk-AVslC4g
2025-08-07 12:21:39,406 INFO  [DefaultSchemaResolver] (Thread-688) Retrieving schema content using string: {"type":"record","name":"sad90bec3x9450x4a40xa981xea0a37bf97a4","namespace":"ns_4abfc8a6_9605_4a45_8709_9b4c588ac3de","fields":[{"name":"key11754569288891","type":"string"},{"name":"key21754569293578","type":"string"}]}
2025-08-07 12:21:39,408 INFO  [org.apa.kaf.cli.pro.int.TransactionManager] (kafka-producer-network-thread | Producer-topic-1ca0150a_a469_4523_821e_38c3635140a7) [Producer clientId=Producer-topic-1ca0150a_a469_4523_821e_38c3635140a7] ProducerId set to 16 with epoch 0
2025-08-07 12:21:39,463 INFO  [io.api.tes.ser.api.KafkaSerdesTester] (Thread-688) Sending message {"key11754569288891": "value-1", "key21754569293578": "value-1"} to topic topic-1ca0150a_a469_4523_821e_38c3635140a7
2025-08-07 12:21:39,466 INFO  [io.api.tes.ser.api.KafkaSerdesTester] (Thread-688) Sending message {"key11754569288891": "value-2", "key21754569293578": "value-2"} to topic topic-1ca0150a_a469_4523_821e_38c3635140a7
2025-08-07 12:21:39,468 INFO  [io.api.tes.ser.api.KafkaSerdesTester] (Thread-688) Sending message {"key11754569288891": "value-3", "key21754569293578": "value-3"} to topic topic-1ca0150a_a469_4523_821e_38c3635140a7
2025-08-07 12:21:39,473 INFO  [io.api.tes.ser.api.KafkaSerdesTester] (Thread-688) Sending message {"key11754569288891": "value-4", "key21754569293578": "value-4"} to topic topic-1ca0150a_a469_4523_821e_38c3635140a7
2025-08-07 12:21:39,475 INFO  [io.api.tes.ser.api.KafkaSerdesTester] (Thread-688) Sending message {"key11754569288891": "value-5", "key21754569293578": "value-5"} to topic topic-1ca0150a_a469_4523_821e_38c3635140a7
2025-08-07 12:21:39,476 INFO  [io.api.tes.ser.api.KafkaSerdesTester] (Thread-688) Sending message {"key11754569288891": "value-6", "key21754569293578": "value-6"} to topic topic-1ca0150a_a469_4523_821e_38c3635140a7
2025-08-07 12:21:39,477 INFO  [io.api.tes.ser.api.KafkaSerdesTester] (Thread-688) Sending message {"key11754569288891": "value-7", "key21754569293578": "value-7"} to topic topic-1ca0150a_a469_4523_821e_38c3635140a7
2025-08-07 12:21:39,480 INFO  [io.api.tes.ser.api.KafkaSerdesTester] (Thread-688) Sending message {"key11754569288891": "value-8", "key21754569293578": "value-8"} to topic topic-1ca0150a_a469_4523_821e_38c3635140a7
2025-08-07 12:21:39,482 INFO  [io.api.tes.ser.api.KafkaSerdesTester] (Thread-688) Sending message {"key11754569288891": "value-9", "key21754569293578": "value-9"} to topic topic-1ca0150a_a469_4523_821e_38c3635140a7
2025-08-07 12:21:39,484 INFO  [io.api.tes.ser.api.KafkaSerdesTester] (Thread-688) Produced 10 messages
2025-08-07 12:21:39,484 INFO  [org.apa.kaf.cli.pro.KafkaProducer] (Thread-688) [Producer clientId=Producer-topic-1ca0150a_a469_4523_821e_38c3635140a7] Closing the Kafka producer with timeoutMillis = 9223372036854775807 ms.
2025-08-07 12:21:39,486 INFO  [org.apa.kaf.com.met.Metrics] (Thread-688) Metrics scheduler closed
2025-08-07 12:21:39,486 INFO  [org.apa.kaf.com.met.Metrics] (Thread-688) Closing reporter org.apache.kafka.common.metrics.JmxReporter
2025-08-07 12:21:39,486 INFO  [org.apa.kaf.com.met.Metrics] (Thread-688) Closing reporter org.apache.kafka.common.telemetry.internals.ClientTelemetryReporter
2025-08-07 12:21:39,486 INFO  [org.apa.kaf.com.met.Metrics] (Thread-688) Metrics reporters closed
2025-08-07 12:21:39,487 INFO  [org.apa.kaf.com.uti.AppInfoParser] (Thread-688) App info kafka.producer for Producer-topic-1ca0150a_a469_4523_821e_38c3635140a7 unregistered
**** Registry Base URL: http://registry-app-inmemory.apps.ci419.apicurio-testing.org:80
2025-08-07 12:21:39,488 INFO  [org.apa.kaf.cli.pro.ProducerConfig] (main) ProducerConfig values: 
	acks = -1
	auto.include.jmx.reporter = true
	batch.size = 16384
	bootstrap.servers = [PLAINTEXT://localhost:32769]
	buffer.memory = 33554432
	client.dns.lookup = use_all_dns_ips
	client.id = Producer-topic-1ca0150a_a469_4523_821e_38c3635140a7
	compression.gzip.level = -1
	compression.lz4.level = 9
	compression.type = none
	compression.zstd.level = 3
	connections.max.idle.ms = 10000
	delivery.timeout.ms = 120000
	enable.idempotence = true
	enable.metrics.push = true
	interceptor.classes = []
	key.serializer = class org.apache.kafka.common.serialization.StringSerializer
	linger.ms = 0
	max.block.ms = 60000
	max.in.flight.requests.per.connection = 5
	max.request.size = 1048576
	metadata.max.age.ms = 300000
	metadata.max.idle.ms = 300000
	metadata.recovery.strategy = none
	metric.reporters = []
	metrics.num.samples = 2
	metrics.recording.level = INFO
	metrics.sample.window.ms = 30000
	partitioner.adaptive.partitioning.enable = true
	partitioner.availability.timeout.ms = 0
	partitioner.class = null
	partitioner.ignore.keys = false
	receive.buffer.bytes = 32768
	reconnect.backoff.max.ms = 1000
	reconnect.backoff.ms = 50
	request.timeout.ms = 5000
	retries = 2147483647
	retry.backoff.max.ms = 1000
	retry.backoff.ms = 100
	sasl.client.callback.handler.class = null
	sasl.jaas.config = null
	sasl.kerberos.kinit.cmd = /usr/bin/kinit
	sasl.kerberos.min.time.before.relogin = 60000
	sasl.kerberos.service.name = null
	sasl.kerberos.ticket.renew.jitter = 0.05
	sasl.kerberos.ticket.renew.window.factor = 0.8
	sasl.login.callback.handler.class = null
	sasl.login.class = null
	sasl.login.connect.timeout.ms = null
	sasl.login.read.timeout.ms = null
	sasl.login.refresh.buffer.seconds = 300
	sasl.login.refresh.min.period.seconds = 60
	sasl.login.refresh.window.factor = 0.8
	sasl.login.refresh.window.jitter = 0.05
	sasl.login.retry.backoff.max.ms = 10000
	sasl.login.retry.backoff.ms = 100
	sasl.mechanism = GSSAPI
	sasl.oauthbearer.clock.skew.seconds = 30
	sasl.oauthbearer.expected.audience = null
	sasl.oauthbearer.expected.issuer = null
	sasl.oauthbearer.header.urlencode = false
	sasl.oauthbearer.jwks.endpoint.refresh.ms = 3600000
	sasl.oauthbearer.jwks.endpoint.retry.backoff.max.ms = 10000
	sasl.oauthbearer.jwks.endpoint.retry.backoff.ms = 100
	sasl.oauthbearer.jwks.endpoint.url = null
	sasl.oauthbearer.scope.claim.name = scope
	sasl.oauthbearer.sub.claim.name = sub
	sasl.oauthbearer.token.endpoint.url = null
	security.protocol = PLAINTEXT
	security.providers = null
	send.buffer.bytes = 131072
	socket.connection.setup.timeout.max.ms = 30000
	socket.connection.setup.timeout.ms = 10000
	ssl.cipher.suites = null
	ssl.enabled.protocols = [TLSv1.2, TLSv1.3]
	ssl.endpoint.identification.algorithm = https
	ssl.engine.factory.class = null
	ssl.key.password = null
	ssl.keymanager.algorithm = SunX509
	ssl.keystore.certificate.chain = null
	ssl.keystore.key = null
	ssl.keystore.location = null
	ssl.keystore.password = null
	ssl.keystore.type = JKS
	ssl.protocol = TLSv1.3
	ssl.provider = null
	ssl.secure.random.implementation = null
	ssl.trustmanager.algorithm = PKIX
	ssl.truststore.certificates = null
	ssl.truststore.location = null
	ssl.truststore.password = null
	ssl.truststore.type = JKS
	transaction.timeout.ms = 60000
	transactional.id = null
	value.serializer = class io.apicurio.registry.serde.avro.AvroKafkaSerializer

2025-08-07 12:21:39,489 INFO  [org.apa.kaf.com.tel.int.KafkaMetricsCollector] (main) initializing Kafka metrics collector
2025-08-07 12:21:39,494 INFO  [org.apa.kaf.cli.pro.KafkaProducer] (main) [Producer clientId=Producer-topic-1ca0150a_a469_4523_821e_38c3635140a7] Instantiated an idempotent producer.
2025-08-07 12:21:39,496 INFO  [org.apa.kaf.cli.pro.ProducerConfig] (main) These configurations '[apicurio.registry.url, apicurio.registry.artifact-resolver-strategy]' were supplied but are not used yet.
2025-08-07 12:21:39,496 INFO  [org.apa.kaf.com.uti.AppInfoParser] (main) Kafka version: 3.9.1
2025-08-07 12:21:39,496 INFO  [org.apa.kaf.com.uti.AppInfoParser] (main) Kafka commitId: f745dfdcee2b9851
2025-08-07 12:21:39,496 INFO  [org.apa.kaf.com.uti.AppInfoParser] (main) Kafka startTimeMs: 1754569299496
2025-08-07 12:21:39,498 INFO  [io.api.tes.ser.api.KafkaSerdesTester] (Thread-691) Sending message {"key11754569288891": "value-0"} to topic topic-1ca0150a_a469_4523_821e_38c3635140a7
2025-08-07 12:21:39,503 INFO  [org.apa.kaf.cli.Metadata] (kafka-producer-network-thread | Producer-topic-1ca0150a_a469_4523_821e_38c3635140a7) [Producer clientId=Producer-topic-1ca0150a_a469_4523_821e_38c3635140a7] Cluster ID: CeYNmdzmRCaaSk-AVslC4g
2025-08-07 12:21:39,503 INFO  [org.apa.kaf.cli.pro.int.TransactionManager] (kafka-producer-network-thread | Producer-topic-1ca0150a_a469_4523_821e_38c3635140a7) [Producer clientId=Producer-topic-1ca0150a_a469_4523_821e_38c3635140a7] ProducerId set to 17 with epoch 0
2025-08-07 12:21:39,503 INFO  [DefaultSchemaResolver] (Thread-691) Retrieving schema content using string: {"type":"record","name":"sad90bec3x9450x4a40xa981xea0a37bf97a4","namespace":"ns_4abfc8a6_9605_4a45_8709_9b4c588ac3de","fields":[{"name":"key11754569288891","type":"string"}]}
2025-08-07 12:21:39,531 INFO  [io.api.tes.ser.api.KafkaSerdesTester] (Thread-691) Sending message {"key11754569288891": "value-1"} to topic topic-1ca0150a_a469_4523_821e_38c3635140a7
2025-08-07 12:21:39,535 INFO  [io.api.tes.ser.api.KafkaSerdesTester] (Thread-691) Sending message {"key11754569288891": "value-2"} to topic topic-1ca0150a_a469_4523_821e_38c3635140a7
2025-08-07 12:21:39,536 INFO  [io.api.tes.ser.api.KafkaSerdesTester] (Thread-691) Sending message {"key11754569288891": "value-3"} to topic topic-1ca0150a_a469_4523_821e_38c3635140a7
2025-08-07 12:21:39,539 INFO  [io.api.tes.ser.api.KafkaSerdesTester] (Thread-691) Sending message {"key11754569288891": "value-4"} to topic topic-1ca0150a_a469_4523_821e_38c3635140a7
2025-08-07 12:21:39,540 INFO  [io.api.tes.ser.api.KafkaSerdesTester] (Thread-691) Sending message {"key11754569288891": "value-5"} to topic topic-1ca0150a_a469_4523_821e_38c3635140a7
2025-08-07 12:21:39,542 INFO  [io.api.tes.ser.api.KafkaSerdesTester] (Thread-691) Sending message {"key11754569288891": "value-6"} to topic topic-1ca0150a_a469_4523_821e_38c3635140a7
2025-08-07 12:21:39,543 INFO  [io.api.tes.ser.api.KafkaSerdesTester] (Thread-691) Sending message {"key11754569288891": "value-7"} to topic topic-1ca0150a_a469_4523_821e_38c3635140a7
2025-08-07 12:21:39,546 INFO  [io.api.tes.ser.api.KafkaSerdesTester] (Thread-691) Sending message {"key11754569288891": "value-8"} to topic topic-1ca0150a_a469_4523_821e_38c3635140a7
2025-08-07 12:21:39,548 INFO  [io.api.tes.ser.api.KafkaSerdesTester] (Thread-691) Sending message {"key11754569288891": "value-9"} to topic topic-1ca0150a_a469_4523_821e_38c3635140a7
2025-08-07 12:21:39,550 INFO  [io.api.tes.ser.api.KafkaSerdesTester] (Thread-691) Produced 10 messages
2025-08-07 12:21:39,550 INFO  [org.apa.kaf.cli.pro.KafkaProducer] (Thread-691) [Producer clientId=Producer-topic-1ca0150a_a469_4523_821e_38c3635140a7] Closing the Kafka producer with timeoutMillis = 9223372036854775807 ms.
2025-08-07 12:21:39,552 INFO  [org.apa.kaf.com.met.Metrics] (Thread-691) Metrics scheduler closed
2025-08-07 12:21:39,552 INFO  [org.apa.kaf.com.met.Metrics] (Thread-691) Closing reporter org.apache.kafka.common.metrics.JmxReporter
2025-08-07 12:21:39,552 INFO  [org.apa.kaf.com.met.Metrics] (Thread-691) Closing reporter org.apache.kafka.common.telemetry.internals.ClientTelemetryReporter
2025-08-07 12:21:39,552 INFO  [org.apa.kaf.com.met.Metrics] (Thread-691) Metrics reporters closed
2025-08-07 12:21:39,553 INFO  [org.apa.kaf.com.uti.AppInfoParser] (Thread-691) App info kafka.producer for Producer-topic-1ca0150a_a469_4523_821e_38c3635140a7 unregistered
**** Registry Base URL: http://registry-app-inmemory.apps.ci419.apicurio-testing.org:80
2025-08-07 12:21:39,553 INFO  [org.apa.kaf.cli.con.ConsumerConfig] (main) ConsumerConfig values: 
	allow.auto.create.topics = true
	auto.commit.interval.ms = 500
	auto.include.jmx.reporter = true
	auto.offset.reset = earliest
	bootstrap.servers = [PLAINTEXT://localhost:32769]
	check.crcs = true
	client.dns.lookup = use_all_dns_ips
	client.id = consumer-Consumer-topic-1ca0150a_a469_4523_821e_38c3635140a7-12
	client.rack = 
	connections.max.idle.ms = 10000
	default.api.timeout.ms = 60000
	enable.auto.commit = true
	enable.metrics.push = true
	exclude.internal.topics = true
	fetch.max.bytes = 52428800
	fetch.max.wait.ms = 500
	fetch.min.bytes = 1
	group.id = Consumer-topic-1ca0150a_a469_4523_821e_38c3635140a7
	group.instance.id = null
	group.protocol = classic
	group.remote.assignor = null
	heartbeat.interval.ms = 3000
	interceptor.classes = []
	internal.leave.group.on.close = true
	internal.throw.on.fetch.stable.offset.unsupported = false
	isolation.level = read_uncommitted
	key.deserializer = class org.apache.kafka.common.serialization.StringDeserializer
	max.partition.fetch.bytes = 1048576
	max.poll.interval.ms = 300000
	max.poll.records = 500
	metadata.max.age.ms = 300000
	metadata.recovery.strategy = none
	metric.reporters = []
	metrics.num.samples = 2
	metrics.recording.level = INFO
	metrics.sample.window.ms = 30000
	partition.assignment.strategy = [class org.apache.kafka.clients.consumer.RangeAssignor, class org.apache.kafka.clients.consumer.CooperativeStickyAssignor]
	receive.buffer.bytes = 65536
	reconnect.backoff.max.ms = 1000
	reconnect.backoff.ms = 50
	request.timeout.ms = 5000
	retry.backoff.max.ms = 1000
	retry.backoff.ms = 100
	sasl.client.callback.handler.class = null
	sasl.jaas.config = null
	sasl.kerberos.kinit.cmd = /usr/bin/kinit
	sasl.kerberos.min.time.before.relogin = 60000
	sasl.kerberos.service.name = null
	sasl.kerberos.ticket.renew.jitter = 0.05
	sasl.kerberos.ticket.renew.window.factor = 0.8
	sasl.login.callback.handler.class = null
	sasl.login.class = null
	sasl.login.connect.timeout.ms = null
	sasl.login.read.timeout.ms = null
	sasl.login.refresh.buffer.seconds = 300
	sasl.login.refresh.min.period.seconds = 60
	sasl.login.refresh.window.factor = 0.8
	sasl.login.refresh.window.jitter = 0.05
	sasl.login.retry.backoff.max.ms = 10000
	sasl.login.retry.backoff.ms = 100
	sasl.mechanism = GSSAPI
	sasl.oauthbearer.clock.skew.seconds = 30
	sasl.oauthbearer.expected.audience = null
	sasl.oauthbearer.expected.issuer = null
	sasl.oauthbearer.header.urlencode = false
	sasl.oauthbearer.jwks.endpoint.refresh.ms = 3600000
	sasl.oauthbearer.jwks.endpoint.retry.backoff.max.ms = 10000
	sasl.oauthbearer.jwks.endpoint.retry.backoff.ms = 100
	sasl.oauthbearer.jwks.endpoint.url = null
	sasl.oauthbearer.scope.claim.name = scope
	sasl.oauthbearer.sub.claim.name = sub
	sasl.oauthbearer.token.endpoint.url = null
	security.protocol = PLAINTEXT
	security.providers = null
	send.buffer.bytes = 131072
	session.timeout.ms = 45000
	socket.connection.setup.timeout.max.ms = 30000
	socket.connection.setup.timeout.ms = 10000
	ssl.cipher.suites = null
	ssl.enabled.protocols = [TLSv1.2, TLSv1.3]
	ssl.endpoint.identification.algorithm = https
	ssl.engine.factory.class = null
	ssl.key.password = null
	ssl.keymanager.algorithm = SunX509
	ssl.keystore.certificate.chain = null
	ssl.keystore.key = null
	ssl.keystore.location = null
	ssl.keystore.password = null
	ssl.keystore.type = JKS
	ssl.protocol = TLSv1.3
	ssl.provider = null
	ssl.secure.random.implementation = null
	ssl.trustmanager.algorithm = PKIX
	ssl.truststore.certificates = null
	ssl.truststore.location = null
	ssl.truststore.password = null
	ssl.truststore.type = JKS
	value.deserializer = class io.apicurio.registry.serde.avro.AvroKafkaDeserializer

2025-08-07 12:21:39,554 INFO  [org.apa.kaf.com.tel.int.KafkaMetricsCollector] (main) initializing Kafka metrics collector
2025-08-07 12:21:39,561 INFO  [org.apa.kaf.cli.con.ConsumerConfig] (main) These configurations '[apicurio.registry.url]' were supplied but are not used yet.
2025-08-07 12:21:39,561 INFO  [org.apa.kaf.com.uti.AppInfoParser] (main) Kafka version: 3.9.1
2025-08-07 12:21:39,561 INFO  [org.apa.kaf.com.uti.AppInfoParser] (main) Kafka commitId: f745dfdcee2b9851
2025-08-07 12:21:39,561 INFO  [org.apa.kaf.com.uti.AppInfoParser] (main) Kafka startTimeMs: 1754569299561
2025-08-07 12:21:39,561 INFO  [org.apa.kaf.cli.con.int.ClassicKafkaConsumer] (Thread-694) [Consumer clientId=consumer-Consumer-topic-1ca0150a_a469_4523_821e_38c3635140a7-12, groupId=Consumer-topic-1ca0150a_a469_4523_821e_38c3635140a7] Subscribed to topic(s): topic-1ca0150a_a469_4523_821e_38c3635140a7
2025-08-07 12:21:39,566 INFO  [org.apa.kaf.cli.Metadata] (Thread-694) [Consumer clientId=consumer-Consumer-topic-1ca0150a_a469_4523_821e_38c3635140a7-12, groupId=Consumer-topic-1ca0150a_a469_4523_821e_38c3635140a7] Cluster ID: CeYNmdzmRCaaSk-AVslC4g
2025-08-07 12:21:39,567 INFO  [org.apa.kaf.cli.con.int.ConsumerCoordinator] (Thread-694) [Consumer clientId=consumer-Consumer-topic-1ca0150a_a469_4523_821e_38c3635140a7-12, groupId=Consumer-topic-1ca0150a_a469_4523_821e_38c3635140a7] Discovered group coordinator localhost:32769 (id: 2147483647 rack: null)
2025-08-07 12:21:39,568 INFO  [org.apa.kaf.cli.con.int.ConsumerCoordinator] (Thread-694) [Consumer clientId=consumer-Consumer-topic-1ca0150a_a469_4523_821e_38c3635140a7-12, groupId=Consumer-topic-1ca0150a_a469_4523_821e_38c3635140a7] (Re-)joining group
2025-08-07 12:21:39,570 INFO  [org.apa.kaf.cli.con.int.ConsumerCoordinator] (Thread-694) [Consumer clientId=consumer-Consumer-topic-1ca0150a_a469_4523_821e_38c3635140a7-12, groupId=Consumer-topic-1ca0150a_a469_4523_821e_38c3635140a7] Request joining group due to: need to re-join with the given member-id: consumer-Consumer-topic-1ca0150a_a469_4523_821e_38c3635140a7-12-1baa1607-b79b-4179-a856-b053291843a8
2025-08-07 12:21:39,570 INFO  [org.apa.kaf.cli.con.int.ConsumerCoordinator] (Thread-694) [Consumer clientId=consumer-Consumer-topic-1ca0150a_a469_4523_821e_38c3635140a7-12, groupId=Consumer-topic-1ca0150a_a469_4523_821e_38c3635140a7] (Re-)joining group
2025-08-07 12:21:40,562 INFO  [io.api.tes.ser.api.KafkaSerdesTester] (Thread-694) None found
2025-08-07 12:21:41,563 INFO  [io.api.tes.ser.api.KafkaSerdesTester] (Thread-694) None found
2025-08-07 12:21:42,563 INFO  [io.api.tes.ser.api.KafkaSerdesTester] (Thread-694) None found
2025-08-07 12:21:42,572 INFO  [org.apa.kaf.cli.con.int.ConsumerCoordinator] (Thread-694) [Consumer clientId=consumer-Consumer-topic-1ca0150a_a469_4523_821e_38c3635140a7-12, groupId=Consumer-topic-1ca0150a_a469_4523_821e_38c3635140a7] Successfully joined group with generation Generation{generationId=5, memberId='consumer-Consumer-topic-1ca0150a_a469_4523_821e_38c3635140a7-12-1baa1607-b79b-4179-a856-b053291843a8', protocol='range'}
2025-08-07 12:21:42,572 INFO  [org.apa.kaf.cli.con.int.ConsumerCoordinator] (Thread-694) [Consumer clientId=consumer-Consumer-topic-1ca0150a_a469_4523_821e_38c3635140a7-12, groupId=Consumer-topic-1ca0150a_a469_4523_821e_38c3635140a7] Finished assignment for group at generation 5: {consumer-Consumer-topic-1ca0150a_a469_4523_821e_38c3635140a7-12-1baa1607-b79b-4179-a856-b053291843a8=Assignment(partitions=[topic-1ca0150a_a469_4523_821e_38c3635140a7-0])}
2025-08-07 12:21:42,579 INFO  [org.apa.kaf.cli.con.int.ConsumerCoordinator] (Thread-694) [Consumer clientId=consumer-Consumer-topic-1ca0150a_a469_4523_821e_38c3635140a7-12, groupId=Consumer-topic-1ca0150a_a469_4523_821e_38c3635140a7] Successfully synced group in generation Generation{generationId=5, memberId='consumer-Consumer-topic-1ca0150a_a469_4523_821e_38c3635140a7-12-1baa1607-b79b-4179-a856-b053291843a8', protocol='range'}
2025-08-07 12:21:42,579 INFO  [org.apa.kaf.cli.con.int.ConsumerCoordinator] (Thread-694) [Consumer clientId=consumer-Consumer-topic-1ca0150a_a469_4523_821e_38c3635140a7-12, groupId=Consumer-topic-1ca0150a_a469_4523_821e_38c3635140a7] Notifying assignor about the new Assignment(partitions=[topic-1ca0150a_a469_4523_821e_38c3635140a7-0])
2025-08-07 12:21:42,579 INFO  [org.apa.kaf.cli.con.int.ConsumerRebalanceListenerInvoker] (Thread-694) [Consumer clientId=consumer-Consumer-topic-1ca0150a_a469_4523_821e_38c3635140a7-12, groupId=Consumer-topic-1ca0150a_a469_4523_821e_38c3635140a7] Adding newly assigned partitions: topic-1ca0150a_a469_4523_821e_38c3635140a7-0
2025-08-07 12:21:42,580 INFO  [org.apa.kaf.cli.con.int.ConsumerUtils] (Thread-694) Setting offset for partition topic-1ca0150a_a469_4523_821e_38c3635140a7-0 to the committed offset FetchPosition{offset=30, offsetEpoch=Optional[0], currentLeader=LeaderAndEpoch{leader=Optional[localhost:32769 (id: 0 rack: null)], epoch=0}}
2025-08-07 12:21:42,642 INFO  [io.api.tes.ser.api.KafkaSerdesTester] (Thread-694) topic-1ca0150a_a469_4523_821e_38c3635140a7 0 30 {"key11754569288891": "value-0", "key21754569293578": "value-0", "key31754569298302": "value-0"}
2025-08-07 12:21:42,642 INFO  [io.api.tes.ser.api.KafkaSerdesTester] (Thread-694) topic-1ca0150a_a469_4523_821e_38c3635140a7 0 31 {"key11754569288891": "value-1", "key21754569293578": "value-1", "key31754569298302": "value-1"}
2025-08-07 12:21:42,642 INFO  [io.api.tes.ser.api.KafkaSerdesTester] (Thread-694) topic-1ca0150a_a469_4523_821e_38c3635140a7 0 32 {"key11754569288891": "value-2", "key21754569293578": "value-2", "key31754569298302": "value-2"}
2025-08-07 12:21:42,642 INFO  [io.api.tes.ser.api.KafkaSerdesTester] (Thread-694) topic-1ca0150a_a469_4523_821e_38c3635140a7 0 33 {"key11754569288891": "value-3", "key21754569293578": "value-3", "key31754569298302": "value-3"}
2025-08-07 12:21:42,642 INFO  [io.api.tes.ser.api.KafkaSerdesTester] (Thread-694) topic-1ca0150a_a469_4523_821e_38c3635140a7 0 34 {"key11754569288891": "value-4", "key21754569293578": "value-4", "key31754569298302": "value-4"}
2025-08-07 12:21:42,642 INFO  [io.api.tes.ser.api.KafkaSerdesTester] (Thread-694) topic-1ca0150a_a469_4523_821e_38c3635140a7 0 35 {"key11754569288891": "value-5", "key21754569293578": "value-5", "key31754569298302": "value-5"}
2025-08-07 12:21:42,642 INFO  [io.api.tes.ser.api.KafkaSerdesTester] (Thread-694) topic-1ca0150a_a469_4523_821e_38c3635140a7 0 36 {"key11754569288891": "value-6", "key21754569293578": "value-6", "key31754569298302": "value-6"}
2025-08-07 12:21:42,642 INFO  [io.api.tes.ser.api.KafkaSerdesTester] (Thread-694) topic-1ca0150a_a469_4523_821e_38c3635140a7 0 37 {"key11754569288891": "value-7", "key21754569293578": "value-7", "key31754569298302": "value-7"}
2025-08-07 12:21:42,642 INFO  [io.api.tes.ser.api.KafkaSerdesTester] (Thread-694) topic-1ca0150a_a469_4523_821e_38c3635140a7 0 38 {"key11754569288891": "value-8", "key21754569293578": "value-8", "key31754569298302": "value-8"}
2025-08-07 12:21:42,642 INFO  [io.api.tes.ser.api.KafkaSerdesTester] (Thread-694) topic-1ca0150a_a469_4523_821e_38c3635140a7 0 39 {"key11754569288891": "value-9", "key21754569293578": "value-9", "key31754569298302": "value-9"}
2025-08-07 12:21:42,642 INFO  [io.api.tes.ser.api.KafkaSerdesTester] (Thread-694) topic-1ca0150a_a469_4523_821e_38c3635140a7 0 40 {"key11754569288891": "value-0", "key21754569293578": "value-0"}
2025-08-07 12:21:42,642 INFO  [io.api.tes.ser.api.KafkaSerdesTester] (Thread-694) topic-1ca0150a_a469_4523_821e_38c3635140a7 0 41 {"key11754569288891": "value-1", "key21754569293578": "value-1"}
2025-08-07 12:21:42,642 INFO  [io.api.tes.ser.api.KafkaSerdesTester] (Thread-694) topic-1ca0150a_a469_4523_821e_38c3635140a7 0 42 {"key11754569288891": "value-2", "key21754569293578": "value-2"}
2025-08-07 12:21:42,642 INFO  [io.api.tes.ser.api.KafkaSerdesTester] (Thread-694) topic-1ca0150a_a469_4523_821e_38c3635140a7 0 43 {"key11754569288891": "value-3", "key21754569293578": "value-3"}
2025-08-07 12:21:42,642 INFO  [io.api.tes.ser.api.KafkaSerdesTester] (Thread-694) topic-1ca0150a_a469_4523_821e_38c3635140a7 0 44 {"key11754569288891": "value-4", "key21754569293578": "value-4"}
2025-08-07 12:21:42,642 INFO  [io.api.tes.ser.api.KafkaSerdesTester] (Thread-694) topic-1ca0150a_a469_4523_821e_38c3635140a7 0 45 {"key11754569288891": "value-5", "key21754569293578": "value-5"}
2025-08-07 12:21:42,642 INFO  [io.api.tes.ser.api.KafkaSerdesTester] (Thread-694) topic-1ca0150a_a469_4523_821e_38c3635140a7 0 46 {"key11754569288891": "value-6", "key21754569293578": "value-6"}
2025-08-07 12:21:42,643 INFO  [io.api.tes.ser.api.KafkaSerdesTester] (Thread-694) topic-1ca0150a_a469_4523_821e_38c3635140a7 0 47 {"key11754569288891": "value-7", "key21754569293578": "value-7"}
2025-08-07 12:21:42,643 INFO  [io.api.tes.ser.api.KafkaSerdesTester] (Thread-694) topic-1ca0150a_a469_4523_821e_38c3635140a7 0 48 {"key11754569288891": "value-8", "key21754569293578": "value-8"}
2025-08-07 12:21:42,643 INFO  [io.api.tes.ser.api.KafkaSerdesTester] (Thread-694) topic-1ca0150a_a469_4523_821e_38c3635140a7 0 49 {"key11754569288891": "value-9", "key21754569293578": "value-9"}
2025-08-07 12:21:42,643 INFO  [io.api.tes.ser.api.KafkaSerdesTester] (Thread-694) topic-1ca0150a_a469_4523_821e_38c3635140a7 0 50 {"key11754569288891": "value-0"}
2025-08-07 12:21:42,643 INFO  [io.api.tes.ser.api.KafkaSerdesTester] (Thread-694) topic-1ca0150a_a469_4523_821e_38c3635140a7 0 51 {"key11754569288891": "value-1"}
2025-08-07 12:21:42,643 INFO  [io.api.tes.ser.api.KafkaSerdesTester] (Thread-694) topic-1ca0150a_a469_4523_821e_38c3635140a7 0 52 {"key11754569288891": "value-2"}
2025-08-07 12:21:42,643 INFO  [io.api.tes.ser.api.KafkaSerdesTester] (Thread-694) topic-1ca0150a_a469_4523_821e_38c3635140a7 0 53 {"key11754569288891": "value-3"}
2025-08-07 12:21:42,643 INFO  [io.api.tes.ser.api.KafkaSerdesTester] (Thread-694) topic-1ca0150a_a469_4523_821e_38c3635140a7 0 54 {"key11754569288891": "value-4"}
2025-08-07 12:21:42,643 INFO  [io.api.tes.ser.api.KafkaSerdesTester] (Thread-694) topic-1ca0150a_a469_4523_821e_38c3635140a7 0 55 {"key11754569288891": "value-5"}
2025-08-07 12:21:42,643 INFO  [io.api.tes.ser.api.KafkaSerdesTester] (Thread-694) topic-1ca0150a_a469_4523_821e_38c3635140a7 0 56 {"key11754569288891": "value-6"}
2025-08-07 12:21:42,643 INFO  [io.api.tes.ser.api.KafkaSerdesTester] (Thread-694) topic-1ca0150a_a469_4523_821e_38c3635140a7 0 57 {"key11754569288891": "value-7"}
2025-08-07 12:21:42,643 INFO  [io.api.tes.ser.api.KafkaSerdesTester] (Thread-694) topic-1ca0150a_a469_4523_821e_38c3635140a7 0 58 {"key11754569288891": "value-8"}
2025-08-07 12:21:42,643 INFO  [io.api.tes.ser.api.KafkaSerdesTester] (Thread-694) topic-1ca0150a_a469_4523_821e_38c3635140a7 0 59 {"key11754569288891": "value-9"}
2025-08-07 12:21:42,643 INFO  [io.api.tes.ser.api.KafkaSerdesTester] (Thread-694) Consumed 30 messages
2025-08-07 12:21:42,652 INFO  [org.apa.kaf.cli.con.int.ConsumerRebalanceListenerInvoker] (Thread-694) [Consumer clientId=consumer-Consumer-topic-1ca0150a_a469_4523_821e_38c3635140a7-12, groupId=Consumer-topic-1ca0150a_a469_4523_821e_38c3635140a7] Revoke previously assigned partitions topic-1ca0150a_a469_4523_821e_38c3635140a7-0
2025-08-07 12:21:42,652 INFO  [org.apa.kaf.cli.con.int.ConsumerCoordinator] (Thread-694) [Consumer clientId=consumer-Consumer-topic-1ca0150a_a469_4523_821e_38c3635140a7-12, groupId=Consumer-topic-1ca0150a_a469_4523_821e_38c3635140a7] Member consumer-Consumer-topic-1ca0150a_a469_4523_821e_38c3635140a7-12-1baa1607-b79b-4179-a856-b053291843a8 sending LeaveGroup request to coordinator localhost:32769 (id: 2147483647 rack: null) due to the consumer is being closed
2025-08-07 12:21:42,652 INFO  [org.apa.kaf.cli.con.int.ConsumerCoordinator] (Thread-694) [Consumer clientId=consumer-Consumer-topic-1ca0150a_a469_4523_821e_38c3635140a7-12, groupId=Consumer-topic-1ca0150a_a469_4523_821e_38c3635140a7] Resetting generation and member id due to: consumer pro-actively leaving the group
2025-08-07 12:21:42,654 INFO  [org.apa.kaf.cli.con.int.ConsumerCoordinator] (Thread-694) [Consumer clientId=consumer-Consumer-topic-1ca0150a_a469_4523_821e_38c3635140a7-12, groupId=Consumer-topic-1ca0150a_a469_4523_821e_38c3635140a7] Request joining group due to: consumer pro-actively leaving the group
2025-08-07 12:21:43,145 INFO  [org.apa.kaf.com.met.Metrics] (Thread-694) Metrics scheduler closed
2025-08-07 12:21:43,145 INFO  [org.apa.kaf.com.met.Metrics] (Thread-694) Closing reporter org.apache.kafka.common.metrics.JmxReporter
2025-08-07 12:21:43,146 INFO  [org.apa.kaf.com.met.Metrics] (Thread-694) Closing reporter org.apache.kafka.common.telemetry.internals.ClientTelemetryReporter
2025-08-07 12:21:43,146 INFO  [org.apa.kaf.com.met.Metrics] (Thread-694) Metrics reporters closed
2025-08-07 12:21:43,148 INFO  [org.apa.kaf.com.uti.AppInfoParser] (Thread-694) App info kafka.consumer for consumer-Consumer-topic-1ca0150a_a469_4523_821e_38c3635140a7-12 unregistered
2025-08-07 12:21:43,148 INFO  [org.apa.kaf.cli.pro.KafkaProducer] (main) [Producer clientId=Producer-topic-1ca0150a_a469_4523_821e_38c3635140a7] Closing the Kafka producer with timeoutMillis = 9223372036854775807 ms.
2025-08-07 12:21:43,148 INFO  [org.apa.kaf.com.met.Metrics] (main) Metrics scheduler closed
2025-08-07 12:21:43,148 INFO  [org.apa.kaf.com.met.Metrics] (main) Closing reporter org.apache.kafka.common.metrics.JmxReporter
2025-08-07 12:21:43,148 INFO  [org.apa.kaf.com.met.Metrics] (main) Closing reporter org.apache.kafka.common.telemetry.internals.ClientTelemetryReporter
2025-08-07 12:21:43,148 INFO  [org.apa.kaf.com.met.Metrics] (main) Metrics reporters closed
2025-08-07 12:21:43,148 INFO  [org.apa.kaf.com.uti.AppInfoParser] (main) App info kafka.producer for Producer-topic-1ca0150a_a469_4523_821e_38c3635140a7 unregistered
2025-08-07 12:21:43,149 INFO  [io.api.tes.uti.TestSeparator] (main) io.apicurio.tests.serdes.apicurio.AvroSerdeIT.testEvolveAvroApicurio-FINISHED
2025-08-07 12:21:43,149 INFO  [io.api.tes.uti.TestSeparator] (main) ############################################################################
Test passed: testEvolveAvroApicurio
]]></system-out>
  </testcase>
  <testcase name="testTopicRecordIdStrategydFindLatest" classname="io.apicurio.tests.serdes.apicurio.AvroSerdeIT" time="4.676">
    <system-out><![CDATA[2025-08-07 12:21:43,153 INFO  [io.api.tes.uti.TestSeparator] (main) ############################################################################
2025-08-07 12:21:43,153 INFO  [io.api.tes.uti.TestSeparator] (main) io.apicurio.tests.serdes.apicurio.AvroSerdeIT.testTopicRecordIdStrategydFindLatest-STARTED
2025-08-07 12:21:43,156 INFO  [io.api.tes.ser.api.AvroSerdeIT] (main) Registering Avro Schema: {"type":"record","name":"s3f345181x75c6x4c97x8e3bx68396f83ff82","namespace":"s4ff2aae1x044fx4d58x89b5x1fe29367d233","fields":[{"name":"key11754569303153","type":"string"}]}
**** Registry Base URL: http://registry-app-inmemory.apps.ci419.apicurio-testing.org:80
2025-08-07 12:21:44,179 INFO  [org.apa.kaf.cli.pro.ProducerConfig] (main) ProducerConfig values: 
	acks = -1
	auto.include.jmx.reporter = true
	batch.size = 16384
	bootstrap.servers = [PLAINTEXT://localhost:32769]
	buffer.memory = 33554432
	client.dns.lookup = use_all_dns_ips
	client.id = Producer-topic-9df4a64c_f62a_4dc6_9ea7_7bc32a209ee6
	compression.gzip.level = -1
	compression.lz4.level = 9
	compression.type = none
	compression.zstd.level = 3
	connections.max.idle.ms = 10000
	delivery.timeout.ms = 120000
	enable.idempotence = true
	enable.metrics.push = true
	interceptor.classes = []
	key.serializer = class org.apache.kafka.common.serialization.StringSerializer
	linger.ms = 0
	max.block.ms = 60000
	max.in.flight.requests.per.connection = 5
	max.request.size = 1048576
	metadata.max.age.ms = 300000
	metadata.max.idle.ms = 300000
	metadata.recovery.strategy = none
	metric.reporters = []
	metrics.num.samples = 2
	metrics.recording.level = INFO
	metrics.sample.window.ms = 30000
	partitioner.adaptive.partitioning.enable = true
	partitioner.availability.timeout.ms = 0
	partitioner.class = null
	partitioner.ignore.keys = false
	receive.buffer.bytes = 32768
	reconnect.backoff.max.ms = 1000
	reconnect.backoff.ms = 50
	request.timeout.ms = 5000
	retries = 2147483647
	retry.backoff.max.ms = 1000
	retry.backoff.ms = 100
	sasl.client.callback.handler.class = null
	sasl.jaas.config = null
	sasl.kerberos.kinit.cmd = /usr/bin/kinit
	sasl.kerberos.min.time.before.relogin = 60000
	sasl.kerberos.service.name = null
	sasl.kerberos.ticket.renew.jitter = 0.05
	sasl.kerberos.ticket.renew.window.factor = 0.8
	sasl.login.callback.handler.class = null
	sasl.login.class = null
	sasl.login.connect.timeout.ms = null
	sasl.login.read.timeout.ms = null
	sasl.login.refresh.buffer.seconds = 300
	sasl.login.refresh.min.period.seconds = 60
	sasl.login.refresh.window.factor = 0.8
	sasl.login.refresh.window.jitter = 0.05
	sasl.login.retry.backoff.max.ms = 10000
	sasl.login.retry.backoff.ms = 100
	sasl.mechanism = GSSAPI
	sasl.oauthbearer.clock.skew.seconds = 30
	sasl.oauthbearer.expected.audience = null
	sasl.oauthbearer.expected.issuer = null
	sasl.oauthbearer.header.urlencode = false
	sasl.oauthbearer.jwks.endpoint.refresh.ms = 3600000
	sasl.oauthbearer.jwks.endpoint.retry.backoff.max.ms = 10000
	sasl.oauthbearer.jwks.endpoint.retry.backoff.ms = 100
	sasl.oauthbearer.jwks.endpoint.url = null
	sasl.oauthbearer.scope.claim.name = scope
	sasl.oauthbearer.sub.claim.name = sub
	sasl.oauthbearer.token.endpoint.url = null
	security.protocol = PLAINTEXT
	security.providers = null
	send.buffer.bytes = 131072
	socket.connection.setup.timeout.max.ms = 30000
	socket.connection.setup.timeout.ms = 10000
	ssl.cipher.suites = null
	ssl.enabled.protocols = [TLSv1.2, TLSv1.3]
	ssl.endpoint.identification.algorithm = https
	ssl.engine.factory.class = null
	ssl.key.password = null
	ssl.keymanager.algorithm = SunX509
	ssl.keystore.certificate.chain = null
	ssl.keystore.key = null
	ssl.keystore.location = null
	ssl.keystore.password = null
	ssl.keystore.type = JKS
	ssl.protocol = TLSv1.3
	ssl.provider = null
	ssl.secure.random.implementation = null
	ssl.trustmanager.algorithm = PKIX
	ssl.truststore.certificates = null
	ssl.truststore.location = null
	ssl.truststore.password = null
	ssl.truststore.type = JKS
	transaction.timeout.ms = 60000
	transactional.id = null
	value.serializer = class io.apicurio.registry.serde.avro.AvroKafkaSerializer

2025-08-07 12:21:44,179 INFO  [org.apa.kaf.com.tel.int.KafkaMetricsCollector] (main) initializing Kafka metrics collector
2025-08-07 12:21:44,182 INFO  [org.apa.kaf.cli.pro.KafkaProducer] (main) [Producer clientId=Producer-topic-9df4a64c_f62a_4dc6_9ea7_7bc32a209ee6] Instantiated an idempotent producer.
2025-08-07 12:21:44,184 INFO  [org.apa.kaf.cli.pro.ProducerConfig] (main) These configurations '[apicurio.registry.find-latest, apicurio.registry.url, apicurio.registry.artifact-resolver-strategy]' were supplied but are not used yet.
2025-08-07 12:21:44,184 INFO  [org.apa.kaf.com.uti.AppInfoParser] (main) Kafka version: 3.9.1
2025-08-07 12:21:44,184 INFO  [org.apa.kaf.com.uti.AppInfoParser] (main) Kafka commitId: f745dfdcee2b9851
2025-08-07 12:21:44,184 INFO  [org.apa.kaf.com.uti.AppInfoParser] (main) Kafka startTimeMs: 1754569304184
2025-08-07 12:21:44,184 INFO  [io.api.tes.ser.api.SimpleSerdesTesterBuilder$SimpleSerdesTester] (main) Using producer configuration: {apicurio.registry.find-latest=true, apicurio.registry.url=http://registry-app-inmemory.apps.ci419.apicurio-testing.org:80/apis/registry/v3, apicurio.registry.artifact-resolver-strategy=io.apicurio.registry.serde.avro.strategy.TopicRecordIdStrategy, value.serializer=io.apicurio.registry.serde.avro.AvroKafkaSerializer, request.timeout.ms=5000, acks=all, bootstrap.servers=PLAINTEXT://localhost:32769, connections.max.idle.ms=10000, key.serializer=org.apache.kafka.common.serialization.StringSerializer, client.id=Producer-topic-9df4a64c_f62a_4dc6_9ea7_7bc32a209ee6}
2025-08-07 12:21:44,184 INFO  [io.api.tes.ser.api.SimpleSerdesTesterBuilder$SimpleSerdesTester] (main) Using consumer configuration: {}
2025-08-07 12:21:44,185 INFO  [io.api.tes.ser.api.KafkaSerdesTester] (Thread-697) Sending message {"key11754569303153": "value-0"} to topic topic-9df4a64c_f62a_4dc6_9ea7_7bc32a209ee6
2025-08-07 12:21:44,190 INFO  [org.apa.kaf.cli.Metadata] (kafka-producer-network-thread | Producer-topic-9df4a64c_f62a_4dc6_9ea7_7bc32a209ee6) [Producer clientId=Producer-topic-9df4a64c_f62a_4dc6_9ea7_7bc32a209ee6] Cluster ID: CeYNmdzmRCaaSk-AVslC4g
2025-08-07 12:21:44,191 INFO  [org.apa.kaf.cli.pro.int.TransactionManager] (kafka-producer-network-thread | Producer-topic-9df4a64c_f62a_4dc6_9ea7_7bc32a209ee6) [Producer clientId=Producer-topic-9df4a64c_f62a_4dc6_9ea7_7bc32a209ee6] ProducerId set to 18 with epoch 0
2025-08-07 12:21:44,228 INFO  [io.api.tes.ser.api.KafkaSerdesTester] (Thread-697) Sending message {"key11754569303153": "value-1"} to topic topic-9df4a64c_f62a_4dc6_9ea7_7bc32a209ee6
2025-08-07 12:21:44,231 INFO  [io.api.tes.ser.api.KafkaSerdesTester] (Thread-697) Sending message {"key11754569303153": "value-2"} to topic topic-9df4a64c_f62a_4dc6_9ea7_7bc32a209ee6
2025-08-07 12:21:44,234 INFO  [io.api.tes.ser.api.KafkaSerdesTester] (Thread-697) Sending message {"key11754569303153": "value-3"} to topic topic-9df4a64c_f62a_4dc6_9ea7_7bc32a209ee6
2025-08-07 12:21:44,235 INFO  [io.api.tes.ser.api.KafkaSerdesTester] (Thread-697) Sending message {"key11754569303153": "value-4"} to topic topic-9df4a64c_f62a_4dc6_9ea7_7bc32a209ee6
2025-08-07 12:21:44,236 INFO  [io.api.tes.ser.api.KafkaSerdesTester] (Thread-697) Sending message {"key11754569303153": "value-5"} to topic topic-9df4a64c_f62a_4dc6_9ea7_7bc32a209ee6
2025-08-07 12:21:44,238 INFO  [io.api.tes.ser.api.KafkaSerdesTester] (Thread-697) Sending message {"key11754569303153": "value-6"} to topic topic-9df4a64c_f62a_4dc6_9ea7_7bc32a209ee6
2025-08-07 12:21:44,240 INFO  [io.api.tes.ser.api.KafkaSerdesTester] (Thread-697) Sending message {"key11754569303153": "value-7"} to topic topic-9df4a64c_f62a_4dc6_9ea7_7bc32a209ee6
2025-08-07 12:21:44,245 INFO  [io.api.tes.ser.api.KafkaSerdesTester] (Thread-697) Sending message {"key11754569303153": "value-8"} to topic topic-9df4a64c_f62a_4dc6_9ea7_7bc32a209ee6
2025-08-07 12:21:44,247 INFO  [io.api.tes.ser.api.KafkaSerdesTester] (Thread-697) Sending message {"key11754569303153": "value-9"} to topic topic-9df4a64c_f62a_4dc6_9ea7_7bc32a209ee6
2025-08-07 12:21:44,248 INFO  [io.api.tes.ser.api.KafkaSerdesTester] (Thread-697) Produced 10 messages
2025-08-07 12:21:44,249 INFO  [org.apa.kaf.cli.pro.KafkaProducer] (Thread-697) [Producer clientId=Producer-topic-9df4a64c_f62a_4dc6_9ea7_7bc32a209ee6] Closing the Kafka producer with timeoutMillis = 9223372036854775807 ms.
2025-08-07 12:21:44,251 INFO  [org.apa.kaf.com.met.Metrics] (Thread-697) Metrics scheduler closed
2025-08-07 12:21:44,251 INFO  [org.apa.kaf.com.met.Metrics] (Thread-697) Closing reporter org.apache.kafka.common.metrics.JmxReporter
2025-08-07 12:21:44,251 INFO  [org.apa.kaf.com.met.Metrics] (Thread-697) Closing reporter org.apache.kafka.common.telemetry.internals.ClientTelemetryReporter
2025-08-07 12:21:44,251 INFO  [org.apa.kaf.com.met.Metrics] (Thread-697) Metrics reporters closed
2025-08-07 12:21:44,251 INFO  [org.apa.kaf.com.uti.AppInfoParser] (Thread-697) App info kafka.producer for Producer-topic-9df4a64c_f62a_4dc6_9ea7_7bc32a209ee6 unregistered
**** Registry Base URL: http://registry-app-inmemory.apps.ci419.apicurio-testing.org:80
2025-08-07 12:21:44,253 INFO  [org.apa.kaf.cli.con.ConsumerConfig] (main) ConsumerConfig values: 
	allow.auto.create.topics = true
	auto.commit.interval.ms = 500
	auto.include.jmx.reporter = true
	auto.offset.reset = earliest
	bootstrap.servers = [PLAINTEXT://localhost:32769]
	check.crcs = true
	client.dns.lookup = use_all_dns_ips
	client.id = consumer-Consumer-topic-9df4a64c_f62a_4dc6_9ea7_7bc32a209ee6-13
	client.rack = 
	connections.max.idle.ms = 10000
	default.api.timeout.ms = 60000
	enable.auto.commit = true
	enable.metrics.push = true
	exclude.internal.topics = true
	fetch.max.bytes = 52428800
	fetch.max.wait.ms = 500
	fetch.min.bytes = 1
	group.id = Consumer-topic-9df4a64c_f62a_4dc6_9ea7_7bc32a209ee6
	group.instance.id = null
	group.protocol = classic
	group.remote.assignor = null
	heartbeat.interval.ms = 3000
	interceptor.classes = []
	internal.leave.group.on.close = true
	internal.throw.on.fetch.stable.offset.unsupported = false
	isolation.level = read_uncommitted
	key.deserializer = class org.apache.kafka.common.serialization.StringDeserializer
	max.partition.fetch.bytes = 1048576
	max.poll.interval.ms = 300000
	max.poll.records = 500
	metadata.max.age.ms = 300000
	metadata.recovery.strategy = none
	metric.reporters = []
	metrics.num.samples = 2
	metrics.recording.level = INFO
	metrics.sample.window.ms = 30000
	partition.assignment.strategy = [class org.apache.kafka.clients.consumer.RangeAssignor, class org.apache.kafka.clients.consumer.CooperativeStickyAssignor]
	receive.buffer.bytes = 65536
	reconnect.backoff.max.ms = 1000
	reconnect.backoff.ms = 50
	request.timeout.ms = 5000
	retry.backoff.max.ms = 1000
	retry.backoff.ms = 100
	sasl.client.callback.handler.class = null
	sasl.jaas.config = null
	sasl.kerberos.kinit.cmd = /usr/bin/kinit
	sasl.kerberos.min.time.before.relogin = 60000
	sasl.kerberos.service.name = null
	sasl.kerberos.ticket.renew.jitter = 0.05
	sasl.kerberos.ticket.renew.window.factor = 0.8
	sasl.login.callback.handler.class = null
	sasl.login.class = null
	sasl.login.connect.timeout.ms = null
	sasl.login.read.timeout.ms = null
	sasl.login.refresh.buffer.seconds = 300
	sasl.login.refresh.min.period.seconds = 60
	sasl.login.refresh.window.factor = 0.8
	sasl.login.refresh.window.jitter = 0.05
	sasl.login.retry.backoff.max.ms = 10000
	sasl.login.retry.backoff.ms = 100
	sasl.mechanism = GSSAPI
	sasl.oauthbearer.clock.skew.seconds = 30
	sasl.oauthbearer.expected.audience = null
	sasl.oauthbearer.expected.issuer = null
	sasl.oauthbearer.header.urlencode = false
	sasl.oauthbearer.jwks.endpoint.refresh.ms = 3600000
	sasl.oauthbearer.jwks.endpoint.retry.backoff.max.ms = 10000
	sasl.oauthbearer.jwks.endpoint.retry.backoff.ms = 100
	sasl.oauthbearer.jwks.endpoint.url = null
	sasl.oauthbearer.scope.claim.name = scope
	sasl.oauthbearer.sub.claim.name = sub
	sasl.oauthbearer.token.endpoint.url = null
	security.protocol = PLAINTEXT
	security.providers = null
	send.buffer.bytes = 131072
	session.timeout.ms = 45000
	socket.connection.setup.timeout.max.ms = 30000
	socket.connection.setup.timeout.ms = 10000
	ssl.cipher.suites = null
	ssl.enabled.protocols = [TLSv1.2, TLSv1.3]
	ssl.endpoint.identification.algorithm = https
	ssl.engine.factory.class = null
	ssl.key.password = null
	ssl.keymanager.algorithm = SunX509
	ssl.keystore.certificate.chain = null
	ssl.keystore.key = null
	ssl.keystore.location = null
	ssl.keystore.password = null
	ssl.keystore.type = JKS
	ssl.protocol = TLSv1.3
	ssl.provider = null
	ssl.secure.random.implementation = null
	ssl.trustmanager.algorithm = PKIX
	ssl.truststore.certificates = null
	ssl.truststore.location = null
	ssl.truststore.password = null
	ssl.truststore.type = JKS
	value.deserializer = class io.apicurio.registry.serde.avro.AvroKafkaDeserializer

2025-08-07 12:21:44,253 INFO  [org.apa.kaf.com.tel.int.KafkaMetricsCollector] (main) initializing Kafka metrics collector
2025-08-07 12:21:44,260 INFO  [org.apa.kaf.cli.con.ConsumerConfig] (main) These configurations '[apicurio.registry.url]' were supplied but are not used yet.
2025-08-07 12:21:44,260 INFO  [org.apa.kaf.com.uti.AppInfoParser] (main) Kafka version: 3.9.1
2025-08-07 12:21:44,260 INFO  [org.apa.kaf.com.uti.AppInfoParser] (main) Kafka commitId: f745dfdcee2b9851
2025-08-07 12:21:44,260 INFO  [org.apa.kaf.com.uti.AppInfoParser] (main) Kafka startTimeMs: 1754569304260
2025-08-07 12:21:44,262 INFO  [org.apa.kaf.cli.con.int.ClassicKafkaConsumer] (Thread-700) [Consumer clientId=consumer-Consumer-topic-9df4a64c_f62a_4dc6_9ea7_7bc32a209ee6-13, groupId=Consumer-topic-9df4a64c_f62a_4dc6_9ea7_7bc32a209ee6] Subscribed to topic(s): topic-9df4a64c_f62a_4dc6_9ea7_7bc32a209ee6
2025-08-07 12:21:44,268 INFO  [org.apa.kaf.cli.Metadata] (Thread-700) [Consumer clientId=consumer-Consumer-topic-9df4a64c_f62a_4dc6_9ea7_7bc32a209ee6-13, groupId=Consumer-topic-9df4a64c_f62a_4dc6_9ea7_7bc32a209ee6] Cluster ID: CeYNmdzmRCaaSk-AVslC4g
2025-08-07 12:21:44,269 INFO  [org.apa.kaf.cli.con.int.ConsumerCoordinator] (Thread-700) [Consumer clientId=consumer-Consumer-topic-9df4a64c_f62a_4dc6_9ea7_7bc32a209ee6-13, groupId=Consumer-topic-9df4a64c_f62a_4dc6_9ea7_7bc32a209ee6] Discovered group coordinator localhost:32769 (id: 2147483647 rack: null)
2025-08-07 12:21:44,270 INFO  [org.apa.kaf.cli.con.int.ConsumerCoordinator] (Thread-700) [Consumer clientId=consumer-Consumer-topic-9df4a64c_f62a_4dc6_9ea7_7bc32a209ee6-13, groupId=Consumer-topic-9df4a64c_f62a_4dc6_9ea7_7bc32a209ee6] (Re-)joining group
2025-08-07 12:21:44,273 INFO  [org.apa.kaf.cli.con.int.ConsumerCoordinator] (Thread-700) [Consumer clientId=consumer-Consumer-topic-9df4a64c_f62a_4dc6_9ea7_7bc32a209ee6-13, groupId=Consumer-topic-9df4a64c_f62a_4dc6_9ea7_7bc32a209ee6] Request joining group due to: need to re-join with the given member-id: consumer-Consumer-topic-9df4a64c_f62a_4dc6_9ea7_7bc32a209ee6-13-cd6722e6-efb5-481c-b499-19173194ed05
2025-08-07 12:21:44,273 INFO  [org.apa.kaf.cli.con.int.ConsumerCoordinator] (Thread-700) [Consumer clientId=consumer-Consumer-topic-9df4a64c_f62a_4dc6_9ea7_7bc32a209ee6-13, groupId=Consumer-topic-9df4a64c_f62a_4dc6_9ea7_7bc32a209ee6] (Re-)joining group
2025-08-07 12:21:45,262 INFO  [io.api.tes.ser.api.KafkaSerdesTester] (Thread-700) None found
2025-08-07 12:21:46,263 INFO  [io.api.tes.ser.api.KafkaSerdesTester] (Thread-700) None found
2025-08-07 12:21:47,263 INFO  [io.api.tes.ser.api.KafkaSerdesTester] (Thread-700) None found
2025-08-07 12:21:47,275 INFO  [org.apa.kaf.cli.con.int.ConsumerCoordinator] (Thread-700) [Consumer clientId=consumer-Consumer-topic-9df4a64c_f62a_4dc6_9ea7_7bc32a209ee6-13, groupId=Consumer-topic-9df4a64c_f62a_4dc6_9ea7_7bc32a209ee6] Successfully joined group with generation Generation{generationId=1, memberId='consumer-Consumer-topic-9df4a64c_f62a_4dc6_9ea7_7bc32a209ee6-13-cd6722e6-efb5-481c-b499-19173194ed05', protocol='range'}
2025-08-07 12:21:47,275 INFO  [org.apa.kaf.cli.con.int.ConsumerCoordinator] (Thread-700) [Consumer clientId=consumer-Consumer-topic-9df4a64c_f62a_4dc6_9ea7_7bc32a209ee6-13, groupId=Consumer-topic-9df4a64c_f62a_4dc6_9ea7_7bc32a209ee6] Finished assignment for group at generation 1: {consumer-Consumer-topic-9df4a64c_f62a_4dc6_9ea7_7bc32a209ee6-13-cd6722e6-efb5-481c-b499-19173194ed05=Assignment(partitions=[topic-9df4a64c_f62a_4dc6_9ea7_7bc32a209ee6-0])}
2025-08-07 12:21:47,282 INFO  [org.apa.kaf.cli.con.int.ConsumerCoordinator] (Thread-700) [Consumer clientId=consumer-Consumer-topic-9df4a64c_f62a_4dc6_9ea7_7bc32a209ee6-13, groupId=Consumer-topic-9df4a64c_f62a_4dc6_9ea7_7bc32a209ee6] Successfully synced group in generation Generation{generationId=1, memberId='consumer-Consumer-topic-9df4a64c_f62a_4dc6_9ea7_7bc32a209ee6-13-cd6722e6-efb5-481c-b499-19173194ed05', protocol='range'}
2025-08-07 12:21:47,282 INFO  [org.apa.kaf.cli.con.int.ConsumerCoordinator] (Thread-700) [Consumer clientId=consumer-Consumer-topic-9df4a64c_f62a_4dc6_9ea7_7bc32a209ee6-13, groupId=Consumer-topic-9df4a64c_f62a_4dc6_9ea7_7bc32a209ee6] Notifying assignor about the new Assignment(partitions=[topic-9df4a64c_f62a_4dc6_9ea7_7bc32a209ee6-0])
2025-08-07 12:21:47,282 INFO  [org.apa.kaf.cli.con.int.ConsumerRebalanceListenerInvoker] (Thread-700) [Consumer clientId=consumer-Consumer-topic-9df4a64c_f62a_4dc6_9ea7_7bc32a209ee6-13, groupId=Consumer-topic-9df4a64c_f62a_4dc6_9ea7_7bc32a209ee6] Adding newly assigned partitions: topic-9df4a64c_f62a_4dc6_9ea7_7bc32a209ee6-0
2025-08-07 12:21:47,283 INFO  [org.apa.kaf.cli.con.int.ConsumerCoordinator] (Thread-700) [Consumer clientId=consumer-Consumer-topic-9df4a64c_f62a_4dc6_9ea7_7bc32a209ee6-13, groupId=Consumer-topic-9df4a64c_f62a_4dc6_9ea7_7bc32a209ee6] Found no committed offset for partition topic-9df4a64c_f62a_4dc6_9ea7_7bc32a209ee6-0
2025-08-07 12:21:47,287 INFO  [org.apa.kaf.cli.con.int.SubscriptionState] (Thread-700) [Consumer clientId=consumer-Consumer-topic-9df4a64c_f62a_4dc6_9ea7_7bc32a209ee6-13, groupId=Consumer-topic-9df4a64c_f62a_4dc6_9ea7_7bc32a209ee6] Resetting offset for partition topic-9df4a64c_f62a_4dc6_9ea7_7bc32a209ee6-0 to position FetchPosition{offset=0, offsetEpoch=Optional.empty, currentLeader=LeaderAndEpoch{leader=Optional[localhost:32769 (id: 0 rack: null)], epoch=0}}.
2025-08-07 12:21:47,320 INFO  [io.api.tes.ser.api.KafkaSerdesTester] (Thread-700) topic-9df4a64c_f62a_4dc6_9ea7_7bc32a209ee6 0 0 {"key11754569303153": "value-0"}
2025-08-07 12:21:47,320 INFO  [io.api.tes.ser.api.KafkaSerdesTester] (Thread-700) topic-9df4a64c_f62a_4dc6_9ea7_7bc32a209ee6 0 1 {"key11754569303153": "value-1"}
2025-08-07 12:21:47,320 INFO  [io.api.tes.ser.api.KafkaSerdesTester] (Thread-700) topic-9df4a64c_f62a_4dc6_9ea7_7bc32a209ee6 0 2 {"key11754569303153": "value-2"}
2025-08-07 12:21:47,320 INFO  [io.api.tes.ser.api.KafkaSerdesTester] (Thread-700) topic-9df4a64c_f62a_4dc6_9ea7_7bc32a209ee6 0 3 {"key11754569303153": "value-3"}
2025-08-07 12:21:47,320 INFO  [io.api.tes.ser.api.KafkaSerdesTester] (Thread-700) topic-9df4a64c_f62a_4dc6_9ea7_7bc32a209ee6 0 4 {"key11754569303153": "value-4"}
2025-08-07 12:21:47,320 INFO  [io.api.tes.ser.api.KafkaSerdesTester] (Thread-700) topic-9df4a64c_f62a_4dc6_9ea7_7bc32a209ee6 0 5 {"key11754569303153": "value-5"}
2025-08-07 12:21:47,320 INFO  [io.api.tes.ser.api.KafkaSerdesTester] (Thread-700) topic-9df4a64c_f62a_4dc6_9ea7_7bc32a209ee6 0 6 {"key11754569303153": "value-6"}
2025-08-07 12:21:47,320 INFO  [io.api.tes.ser.api.KafkaSerdesTester] (Thread-700) topic-9df4a64c_f62a_4dc6_9ea7_7bc32a209ee6 0 7 {"key11754569303153": "value-7"}
2025-08-07 12:21:47,320 INFO  [io.api.tes.ser.api.KafkaSerdesTester] (Thread-700) topic-9df4a64c_f62a_4dc6_9ea7_7bc32a209ee6 0 8 {"key11754569303153": "value-8"}
2025-08-07 12:21:47,320 INFO  [io.api.tes.ser.api.KafkaSerdesTester] (Thread-700) topic-9df4a64c_f62a_4dc6_9ea7_7bc32a209ee6 0 9 {"key11754569303153": "value-9"}
2025-08-07 12:21:47,320 INFO  [io.api.tes.ser.api.KafkaSerdesTester] (Thread-700) Consumed 10 messages
2025-08-07 12:21:47,327 INFO  [org.apa.kaf.cli.con.int.ConsumerRebalanceListenerInvoker] (Thread-700) [Consumer clientId=consumer-Consumer-topic-9df4a64c_f62a_4dc6_9ea7_7bc32a209ee6-13, groupId=Consumer-topic-9df4a64c_f62a_4dc6_9ea7_7bc32a209ee6] Revoke previously assigned partitions topic-9df4a64c_f62a_4dc6_9ea7_7bc32a209ee6-0
2025-08-07 12:21:47,327 INFO  [org.apa.kaf.cli.con.int.ConsumerCoordinator] (Thread-700) [Consumer clientId=consumer-Consumer-topic-9df4a64c_f62a_4dc6_9ea7_7bc32a209ee6-13, groupId=Consumer-topic-9df4a64c_f62a_4dc6_9ea7_7bc32a209ee6] Member consumer-Consumer-topic-9df4a64c_f62a_4dc6_9ea7_7bc32a209ee6-13-cd6722e6-efb5-481c-b499-19173194ed05 sending LeaveGroup request to coordinator localhost:32769 (id: 2147483647 rack: null) due to the consumer is being closed
2025-08-07 12:21:47,328 INFO  [org.apa.kaf.cli.con.int.ConsumerCoordinator] (Thread-700) [Consumer clientId=consumer-Consumer-topic-9df4a64c_f62a_4dc6_9ea7_7bc32a209ee6-13, groupId=Consumer-topic-9df4a64c_f62a_4dc6_9ea7_7bc32a209ee6] Resetting generation and member id due to: consumer pro-actively leaving the group
2025-08-07 12:21:47,328 INFO  [org.apa.kaf.cli.con.int.ConsumerCoordinator] (Thread-700) [Consumer clientId=consumer-Consumer-topic-9df4a64c_f62a_4dc6_9ea7_7bc32a209ee6-13, groupId=Consumer-topic-9df4a64c_f62a_4dc6_9ea7_7bc32a209ee6] Request joining group due to: consumer pro-actively leaving the group
2025-08-07 12:21:47,822 INFO  [org.apa.kaf.com.met.Metrics] (Thread-700) Metrics scheduler closed
2025-08-07 12:21:47,823 INFO  [org.apa.kaf.com.met.Metrics] (Thread-700) Closing reporter org.apache.kafka.common.metrics.JmxReporter
2025-08-07 12:21:47,823 INFO  [org.apa.kaf.com.met.Metrics] (Thread-700) Closing reporter org.apache.kafka.common.telemetry.internals.ClientTelemetryReporter
2025-08-07 12:21:47,823 INFO  [org.apa.kaf.com.met.Metrics] (Thread-700) Metrics reporters closed
2025-08-07 12:21:47,826 INFO  [org.apa.kaf.com.uti.AppInfoParser] (Thread-700) App info kafka.consumer for consumer-Consumer-topic-9df4a64c_f62a_4dc6_9ea7_7bc32a209ee6-13 unregistered
2025-08-07 12:21:47,826 INFO  [io.api.tes.uti.TestSeparator] (main) io.apicurio.tests.serdes.apicurio.AvroSerdeIT.testTopicRecordIdStrategydFindLatest-FINISHED
2025-08-07 12:21:47,826 INFO  [io.api.tes.uti.TestSeparator] (main) ############################################################################
Test passed: testTopicRecordIdStrategydFindLatest
]]></system-out>
  </testcase>
  <testcase name="testAvroConfluentForMultipleTopics" classname="io.apicurio.tests.serdes.apicurio.AvroSerdeIT" time="11.896">
    <system-out><![CDATA[2025-08-07 12:21:47,827 INFO  [io.api.tes.uti.TestSeparator] (main) ############################################################################
2025-08-07 12:21:47,827 INFO  [io.api.tes.uti.TestSeparator] (main) io.apicurio.tests.serdes.apicurio.AvroSerdeIT.testAvroConfluentForMultipleTopics-STARTED
2025-08-07 12:21:47,829 INFO  [io.api.tes.ser.api.AvroSerdeIT] (main) Registering Avro Schema: {"type":"record","name":"myrecordconfluent","fields":[{"name":"key11754569307829","type":"string"}]}
**** Registry Base URL: http://registry-app-inmemory.apps.ci419.apicurio-testing.org:80
2025-08-07 12:21:48,853 INFO  [org.apa.kaf.cli.pro.ProducerConfig] (main) ProducerConfig values: 
	acks = -1
	auto.include.jmx.reporter = true
	batch.size = 16384
	bootstrap.servers = [PLAINTEXT://localhost:32769]
	buffer.memory = 33554432
	client.dns.lookup = use_all_dns_ips
	client.id = Producer-topic-402e6fd0_f9b9_4e2f_bcbb_0d2fe543ea1b
	compression.gzip.level = -1
	compression.lz4.level = 9
	compression.type = none
	compression.zstd.level = 3
	connections.max.idle.ms = 10000
	delivery.timeout.ms = 120000
	enable.idempotence = true
	enable.metrics.push = true
	interceptor.classes = []
	key.serializer = class org.apache.kafka.common.serialization.StringSerializer
	linger.ms = 0
	max.block.ms = 60000
	max.in.flight.requests.per.connection = 5
	max.request.size = 1048576
	metadata.max.age.ms = 300000
	metadata.max.idle.ms = 300000
	metadata.recovery.strategy = none
	metric.reporters = []
	metrics.num.samples = 2
	metrics.recording.level = INFO
	metrics.sample.window.ms = 30000
	partitioner.adaptive.partitioning.enable = true
	partitioner.availability.timeout.ms = 0
	partitioner.class = null
	partitioner.ignore.keys = false
	receive.buffer.bytes = 32768
	reconnect.backoff.max.ms = 1000
	reconnect.backoff.ms = 50
	request.timeout.ms = 5000
	retries = 2147483647
	retry.backoff.max.ms = 1000
	retry.backoff.ms = 100
	sasl.client.callback.handler.class = null
	sasl.jaas.config = null
	sasl.kerberos.kinit.cmd = /usr/bin/kinit
	sasl.kerberos.min.time.before.relogin = 60000
	sasl.kerberos.service.name = null
	sasl.kerberos.ticket.renew.jitter = 0.05
	sasl.kerberos.ticket.renew.window.factor = 0.8
	sasl.login.callback.handler.class = null
	sasl.login.class = null
	sasl.login.connect.timeout.ms = null
	sasl.login.read.timeout.ms = null
	sasl.login.refresh.buffer.seconds = 300
	sasl.login.refresh.min.period.seconds = 60
	sasl.login.refresh.window.factor = 0.8
	sasl.login.refresh.window.jitter = 0.05
	sasl.login.retry.backoff.max.ms = 10000
	sasl.login.retry.backoff.ms = 100
	sasl.mechanism = GSSAPI
	sasl.oauthbearer.clock.skew.seconds = 30
	sasl.oauthbearer.expected.audience = null
	sasl.oauthbearer.expected.issuer = null
	sasl.oauthbearer.header.urlencode = false
	sasl.oauthbearer.jwks.endpoint.refresh.ms = 3600000
	sasl.oauthbearer.jwks.endpoint.retry.backoff.max.ms = 10000
	sasl.oauthbearer.jwks.endpoint.retry.backoff.ms = 100
	sasl.oauthbearer.jwks.endpoint.url = null
	sasl.oauthbearer.scope.claim.name = scope
	sasl.oauthbearer.sub.claim.name = sub
	sasl.oauthbearer.token.endpoint.url = null
	security.protocol = PLAINTEXT
	security.providers = null
	send.buffer.bytes = 131072
	socket.connection.setup.timeout.max.ms = 30000
	socket.connection.setup.timeout.ms = 10000
	ssl.cipher.suites = null
	ssl.enabled.protocols = [TLSv1.2, TLSv1.3]
	ssl.endpoint.identification.algorithm = https
	ssl.engine.factory.class = null
	ssl.key.password = null
	ssl.keymanager.algorithm = SunX509
	ssl.keystore.certificate.chain = null
	ssl.keystore.key = null
	ssl.keystore.location = null
	ssl.keystore.password = null
	ssl.keystore.type = JKS
	ssl.protocol = TLSv1.3
	ssl.provider = null
	ssl.secure.random.implementation = null
	ssl.trustmanager.algorithm = PKIX
	ssl.truststore.certificates = null
	ssl.truststore.location = null
	ssl.truststore.password = null
	ssl.truststore.type = JKS
	transaction.timeout.ms = 60000
	transactional.id = null
	value.serializer = class io.apicurio.registry.serde.avro.AvroKafkaSerializer

2025-08-07 12:21:48,854 INFO  [org.apa.kaf.com.tel.int.KafkaMetricsCollector] (main) initializing Kafka metrics collector
2025-08-07 12:21:48,859 INFO  [org.apa.kaf.cli.pro.KafkaProducer] (main) [Producer clientId=Producer-topic-402e6fd0_f9b9_4e2f_bcbb_0d2fe543ea1b] Instantiated an idempotent producer.
2025-08-07 12:21:48,862 INFO  [org.apa.kaf.cli.pro.ProducerConfig] (main) These configurations '[apicurio.registry.url, apicurio.registry.artifact-resolver-strategy]' were supplied but are not used yet.
2025-08-07 12:21:48,862 INFO  [org.apa.kaf.com.uti.AppInfoParser] (main) Kafka version: 3.9.1
2025-08-07 12:21:48,862 INFO  [org.apa.kaf.com.uti.AppInfoParser] (main) Kafka commitId: f745dfdcee2b9851
2025-08-07 12:21:48,862 INFO  [org.apa.kaf.com.uti.AppInfoParser] (main) Kafka startTimeMs: 1754569308862
**** Registry Base URL: http://registry-app-inmemory.apps.ci419.apicurio-testing.org:80
2025-08-07 12:21:48,863 INFO  [org.apa.kaf.cli.pro.ProducerConfig] (main) ProducerConfig values: 
	acks = -1
	auto.include.jmx.reporter = true
	batch.size = 16384
	bootstrap.servers = [PLAINTEXT://localhost:32769]
	buffer.memory = 33554432
	client.dns.lookup = use_all_dns_ips
	client.id = Producer-topic-a69fdcee_0a96_4ca7_b561_5db0099c64f0
	compression.gzip.level = -1
	compression.lz4.level = 9
	compression.type = none
	compression.zstd.level = 3
	connections.max.idle.ms = 10000
	delivery.timeout.ms = 120000
	enable.idempotence = true
	enable.metrics.push = true
	interceptor.classes = []
	key.serializer = class org.apache.kafka.common.serialization.StringSerializer
	linger.ms = 0
	max.block.ms = 60000
	max.in.flight.requests.per.connection = 5
	max.request.size = 1048576
	metadata.max.age.ms = 300000
	metadata.max.idle.ms = 300000
	metadata.recovery.strategy = none
	metric.reporters = []
	metrics.num.samples = 2
	metrics.recording.level = INFO
	metrics.sample.window.ms = 30000
	partitioner.adaptive.partitioning.enable = true
	partitioner.availability.timeout.ms = 0
	partitioner.class = null
	partitioner.ignore.keys = false
	receive.buffer.bytes = 32768
	reconnect.backoff.max.ms = 1000
	reconnect.backoff.ms = 50
	request.timeout.ms = 5000
	retries = 2147483647
	retry.backoff.max.ms = 1000
	retry.backoff.ms = 100
	sasl.client.callback.handler.class = null
	sasl.jaas.config = null
	sasl.kerberos.kinit.cmd = /usr/bin/kinit
	sasl.kerberos.min.time.before.relogin = 60000
	sasl.kerberos.service.name = null
	sasl.kerberos.ticket.renew.jitter = 0.05
	sasl.kerberos.ticket.renew.window.factor = 0.8
	sasl.login.callback.handler.class = null
	sasl.login.class = null
	sasl.login.connect.timeout.ms = null
	sasl.login.read.timeout.ms = null
	sasl.login.refresh.buffer.seconds = 300
	sasl.login.refresh.min.period.seconds = 60
	sasl.login.refresh.window.factor = 0.8
	sasl.login.refresh.window.jitter = 0.05
	sasl.login.retry.backoff.max.ms = 10000
	sasl.login.retry.backoff.ms = 100
	sasl.mechanism = GSSAPI
	sasl.oauthbearer.clock.skew.seconds = 30
	sasl.oauthbearer.expected.audience = null
	sasl.oauthbearer.expected.issuer = null
	sasl.oauthbearer.header.urlencode = false
	sasl.oauthbearer.jwks.endpoint.refresh.ms = 3600000
	sasl.oauthbearer.jwks.endpoint.retry.backoff.max.ms = 10000
	sasl.oauthbearer.jwks.endpoint.retry.backoff.ms = 100
	sasl.oauthbearer.jwks.endpoint.url = null
	sasl.oauthbearer.scope.claim.name = scope
	sasl.oauthbearer.sub.claim.name = sub
	sasl.oauthbearer.token.endpoint.url = null
	security.protocol = PLAINTEXT
	security.providers = null
	send.buffer.bytes = 131072
	socket.connection.setup.timeout.max.ms = 30000
	socket.connection.setup.timeout.ms = 10000
	ssl.cipher.suites = null
	ssl.enabled.protocols = [TLSv1.2, TLSv1.3]
	ssl.endpoint.identification.algorithm = https
	ssl.engine.factory.class = null
	ssl.key.password = null
	ssl.keymanager.algorithm = SunX509
	ssl.keystore.certificate.chain = null
	ssl.keystore.key = null
	ssl.keystore.location = null
	ssl.keystore.password = null
	ssl.keystore.type = JKS
	ssl.protocol = TLSv1.3
	ssl.provider = null
	ssl.secure.random.implementation = null
	ssl.trustmanager.algorithm = PKIX
	ssl.truststore.certificates = null
	ssl.truststore.location = null
	ssl.truststore.password = null
	ssl.truststore.type = JKS
	transaction.timeout.ms = 60000
	transactional.id = null
	value.serializer = class io.apicurio.registry.serde.avro.AvroKafkaSerializer

2025-08-07 12:21:48,863 INFO  [org.apa.kaf.com.tel.int.KafkaMetricsCollector] (main) initializing Kafka metrics collector
2025-08-07 12:21:48,867 INFO  [org.apa.kaf.cli.pro.KafkaProducer] (main) [Producer clientId=Producer-topic-a69fdcee_0a96_4ca7_b561_5db0099c64f0] Instantiated an idempotent producer.
2025-08-07 12:21:48,869 INFO  [org.apa.kaf.cli.pro.ProducerConfig] (main) These configurations '[apicurio.registry.url, apicurio.registry.artifact-resolver-strategy]' were supplied but are not used yet.
2025-08-07 12:21:48,869 INFO  [org.apa.kaf.com.uti.AppInfoParser] (main) Kafka version: 3.9.1
2025-08-07 12:21:48,869 INFO  [org.apa.kaf.com.uti.AppInfoParser] (main) Kafka commitId: f745dfdcee2b9851
2025-08-07 12:21:48,869 INFO  [org.apa.kaf.com.uti.AppInfoParser] (main) Kafka startTimeMs: 1754569308869
**** Registry Base URL: http://registry-app-inmemory.apps.ci419.apicurio-testing.org:80
2025-08-07 12:21:48,872 INFO  [org.apa.kaf.cli.pro.ProducerConfig] (main) ProducerConfig values: 
	acks = -1
	auto.include.jmx.reporter = true
	batch.size = 16384
	bootstrap.servers = [PLAINTEXT://localhost:32769]
	buffer.memory = 33554432
	client.dns.lookup = use_all_dns_ips
	client.id = Producer-topic-1b2dfa72_0742_408d_8778_e5614917b5d0
	compression.gzip.level = -1
	compression.lz4.level = 9
	compression.type = none
	compression.zstd.level = 3
	connections.max.idle.ms = 10000
	delivery.timeout.ms = 120000
	enable.idempotence = true
	enable.metrics.push = true
	interceptor.classes = []
	key.serializer = class org.apache.kafka.common.serialization.StringSerializer
	linger.ms = 0
	max.block.ms = 60000
	max.in.flight.requests.per.connection = 5
	max.request.size = 1048576
	metadata.max.age.ms = 300000
	metadata.max.idle.ms = 300000
	metadata.recovery.strategy = none
	metric.reporters = []
	metrics.num.samples = 2
	metrics.recording.level = INFO
	metrics.sample.window.ms = 30000
	partitioner.adaptive.partitioning.enable = true
	partitioner.availability.timeout.ms = 0
	partitioner.class = null
	partitioner.ignore.keys = false
	receive.buffer.bytes = 32768
	reconnect.backoff.max.ms = 1000
	reconnect.backoff.ms = 50
	request.timeout.ms = 5000
	retries = 2147483647
	retry.backoff.max.ms = 1000
	retry.backoff.ms = 100
	sasl.client.callback.handler.class = null
	sasl.jaas.config = null
	sasl.kerberos.kinit.cmd = /usr/bin/kinit
	sasl.kerberos.min.time.before.relogin = 60000
	sasl.kerberos.service.name = null
	sasl.kerberos.ticket.renew.jitter = 0.05
	sasl.kerberos.ticket.renew.window.factor = 0.8
	sasl.login.callback.handler.class = null
	sasl.login.class = null
	sasl.login.connect.timeout.ms = null
	sasl.login.read.timeout.ms = null
	sasl.login.refresh.buffer.seconds = 300
	sasl.login.refresh.min.period.seconds = 60
	sasl.login.refresh.window.factor = 0.8
	sasl.login.refresh.window.jitter = 0.05
	sasl.login.retry.backoff.max.ms = 10000
	sasl.login.retry.backoff.ms = 100
	sasl.mechanism = GSSAPI
	sasl.oauthbearer.clock.skew.seconds = 30
	sasl.oauthbearer.expected.audience = null
	sasl.oauthbearer.expected.issuer = null
	sasl.oauthbearer.header.urlencode = false
	sasl.oauthbearer.jwks.endpoint.refresh.ms = 3600000
	sasl.oauthbearer.jwks.endpoint.retry.backoff.max.ms = 10000
	sasl.oauthbearer.jwks.endpoint.retry.backoff.ms = 100
	sasl.oauthbearer.jwks.endpoint.url = null
	sasl.oauthbearer.scope.claim.name = scope
	sasl.oauthbearer.sub.claim.name = sub
	sasl.oauthbearer.token.endpoint.url = null
	security.protocol = PLAINTEXT
	security.providers = null
	send.buffer.bytes = 131072
	socket.connection.setup.timeout.max.ms = 30000
	socket.connection.setup.timeout.ms = 10000
	ssl.cipher.suites = null
	ssl.enabled.protocols = [TLSv1.2, TLSv1.3]
	ssl.endpoint.identification.algorithm = https
	ssl.engine.factory.class = null
	ssl.key.password = null
	ssl.keymanager.algorithm = SunX509
	ssl.keystore.certificate.chain = null
	ssl.keystore.key = null
	ssl.keystore.location = null
	ssl.keystore.password = null
	ssl.keystore.type = JKS
	ssl.protocol = TLSv1.3
	ssl.provider = null
	ssl.secure.random.implementation = null
	ssl.trustmanager.algorithm = PKIX
	ssl.truststore.certificates = null
	ssl.truststore.location = null
	ssl.truststore.password = null
	ssl.truststore.type = JKS
	transaction.timeout.ms = 60000
	transactional.id = null
	value.serializer = class io.apicurio.registry.serde.avro.AvroKafkaSerializer

2025-08-07 12:21:48,872 INFO  [org.apa.kaf.cli.Metadata] (kafka-producer-network-thread | Producer-topic-402e6fd0_f9b9_4e2f_bcbb_0d2fe543ea1b) [Producer clientId=Producer-topic-402e6fd0_f9b9_4e2f_bcbb_0d2fe543ea1b] Cluster ID: CeYNmdzmRCaaSk-AVslC4g
2025-08-07 12:21:48,872 INFO  [org.apa.kaf.cli.pro.int.TransactionManager] (kafka-producer-network-thread | Producer-topic-402e6fd0_f9b9_4e2f_bcbb_0d2fe543ea1b) [Producer clientId=Producer-topic-402e6fd0_f9b9_4e2f_bcbb_0d2fe543ea1b] ProducerId set to 19 with epoch 0
2025-08-07 12:21:48,873 INFO  [org.apa.kaf.com.tel.int.KafkaMetricsCollector] (main) initializing Kafka metrics collector
2025-08-07 12:21:48,876 INFO  [org.apa.kaf.cli.Metadata] (kafka-producer-network-thread | Producer-topic-a69fdcee_0a96_4ca7_b561_5db0099c64f0) [Producer clientId=Producer-topic-a69fdcee_0a96_4ca7_b561_5db0099c64f0] Cluster ID: CeYNmdzmRCaaSk-AVslC4g
2025-08-07 12:21:48,877 INFO  [org.apa.kaf.cli.pro.int.TransactionManager] (kafka-producer-network-thread | Producer-topic-a69fdcee_0a96_4ca7_b561_5db0099c64f0) [Producer clientId=Producer-topic-a69fdcee_0a96_4ca7_b561_5db0099c64f0] ProducerId set to 20 with epoch 0
2025-08-07 12:21:48,878 INFO  [org.apa.kaf.cli.pro.KafkaProducer] (main) [Producer clientId=Producer-topic-1b2dfa72_0742_408d_8778_e5614917b5d0] Instantiated an idempotent producer.
2025-08-07 12:21:48,888 INFO  [org.apa.kaf.cli.pro.ProducerConfig] (main) These configurations '[apicurio.registry.url, apicurio.registry.artifact-resolver-strategy]' were supplied but are not used yet.
2025-08-07 12:21:48,888 INFO  [org.apa.kaf.com.uti.AppInfoParser] (main) Kafka version: 3.9.1
2025-08-07 12:21:48,888 INFO  [org.apa.kaf.com.uti.AppInfoParser] (main) Kafka commitId: f745dfdcee2b9851
2025-08-07 12:21:48,888 INFO  [org.apa.kaf.com.uti.AppInfoParser] (main) Kafka startTimeMs: 1754569308888
**** Registry Base URL: http://registry-app-inmemory.apps.ci419.apicurio-testing.org:80
2025-08-07 12:21:48,888 INFO  [org.apa.kaf.cli.con.ConsumerConfig] (main) ConsumerConfig values: 
	allow.auto.create.topics = true
	auto.commit.interval.ms = 500
	auto.include.jmx.reporter = true
	auto.offset.reset = earliest
	bootstrap.servers = [PLAINTEXT://localhost:32769]
	check.crcs = true
	client.dns.lookup = use_all_dns_ips
	client.id = consumer-Consumer-topic-402e6fd0_f9b9_4e2f_bcbb_0d2fe543ea1b-14
	client.rack = 
	connections.max.idle.ms = 10000
	default.api.timeout.ms = 60000
	enable.auto.commit = true
	enable.metrics.push = true
	exclude.internal.topics = true
	fetch.max.bytes = 52428800
	fetch.max.wait.ms = 500
	fetch.min.bytes = 1
	group.id = Consumer-topic-402e6fd0_f9b9_4e2f_bcbb_0d2fe543ea1b
	group.instance.id = null
	group.protocol = classic
	group.remote.assignor = null
	heartbeat.interval.ms = 3000
	interceptor.classes = []
	internal.leave.group.on.close = true
	internal.throw.on.fetch.stable.offset.unsupported = false
	isolation.level = read_uncommitted
	key.deserializer = class org.apache.kafka.common.serialization.StringDeserializer
	max.partition.fetch.bytes = 1048576
	max.poll.interval.ms = 300000
	max.poll.records = 500
	metadata.max.age.ms = 300000
	metadata.recovery.strategy = none
	metric.reporters = []
	metrics.num.samples = 2
	metrics.recording.level = INFO
	metrics.sample.window.ms = 30000
	partition.assignment.strategy = [class org.apache.kafka.clients.consumer.RangeAssignor, class org.apache.kafka.clients.consumer.CooperativeStickyAssignor]
	receive.buffer.bytes = 65536
	reconnect.backoff.max.ms = 1000
	reconnect.backoff.ms = 50
	request.timeout.ms = 5000
	retry.backoff.max.ms = 1000
	retry.backoff.ms = 100
	sasl.client.callback.handler.class = null
	sasl.jaas.config = null
	sasl.kerberos.kinit.cmd = /usr/bin/kinit
	sasl.kerberos.min.time.before.relogin = 60000
	sasl.kerberos.service.name = null
	sasl.kerberos.ticket.renew.jitter = 0.05
	sasl.kerberos.ticket.renew.window.factor = 0.8
	sasl.login.callback.handler.class = null
	sasl.login.class = null
	sasl.login.connect.timeout.ms = null
	sasl.login.read.timeout.ms = null
	sasl.login.refresh.buffer.seconds = 300
	sasl.login.refresh.min.period.seconds = 60
	sasl.login.refresh.window.factor = 0.8
	sasl.login.refresh.window.jitter = 0.05
	sasl.login.retry.backoff.max.ms = 10000
	sasl.login.retry.backoff.ms = 100
	sasl.mechanism = GSSAPI
	sasl.oauthbearer.clock.skew.seconds = 30
	sasl.oauthbearer.expected.audience = null
	sasl.oauthbearer.expected.issuer = null
	sasl.oauthbearer.header.urlencode = false
	sasl.oauthbearer.jwks.endpoint.refresh.ms = 3600000
	sasl.oauthbearer.jwks.endpoint.retry.backoff.max.ms = 10000
	sasl.oauthbearer.jwks.endpoint.retry.backoff.ms = 100
	sasl.oauthbearer.jwks.endpoint.url = null
	sasl.oauthbearer.scope.claim.name = scope
	sasl.oauthbearer.sub.claim.name = sub
	sasl.oauthbearer.token.endpoint.url = null
	security.protocol = PLAINTEXT
	security.providers = null
	send.buffer.bytes = 131072
	session.timeout.ms = 45000
	socket.connection.setup.timeout.max.ms = 30000
	socket.connection.setup.timeout.ms = 10000
	ssl.cipher.suites = null
	ssl.enabled.protocols = [TLSv1.2, TLSv1.3]
	ssl.endpoint.identification.algorithm = https
	ssl.engine.factory.class = null
	ssl.key.password = null
	ssl.keymanager.algorithm = SunX509
	ssl.keystore.certificate.chain = null
	ssl.keystore.key = null
	ssl.keystore.location = null
	ssl.keystore.password = null
	ssl.keystore.type = JKS
	ssl.protocol = TLSv1.3
	ssl.provider = null
	ssl.secure.random.implementation = null
	ssl.trustmanager.algorithm = PKIX
	ssl.truststore.certificates = null
	ssl.truststore.location = null
	ssl.truststore.password = null
	ssl.truststore.type = JKS
	value.deserializer = class io.apicurio.registry.serde.avro.AvroKafkaDeserializer

2025-08-07 12:21:48,889 INFO  [org.apa.kaf.com.tel.int.KafkaMetricsCollector] (main) initializing Kafka metrics collector
2025-08-07 12:21:48,900 INFO  [org.apa.kaf.cli.Metadata] (kafka-producer-network-thread | Producer-topic-1b2dfa72_0742_408d_8778_e5614917b5d0) [Producer clientId=Producer-topic-1b2dfa72_0742_408d_8778_e5614917b5d0] Cluster ID: CeYNmdzmRCaaSk-AVslC4g
2025-08-07 12:21:48,900 INFO  [org.apa.kaf.cli.pro.int.TransactionManager] (kafka-producer-network-thread | Producer-topic-1b2dfa72_0742_408d_8778_e5614917b5d0) [Producer clientId=Producer-topic-1b2dfa72_0742_408d_8778_e5614917b5d0] ProducerId set to 21 with epoch 0
2025-08-07 12:21:48,910 INFO  [org.apa.kaf.cli.con.ConsumerConfig] (main) These configurations '[apicurio.registry.url]' were supplied but are not used yet.
2025-08-07 12:21:48,910 INFO  [org.apa.kaf.com.uti.AppInfoParser] (main) Kafka version: 3.9.1
2025-08-07 12:21:48,910 INFO  [org.apa.kaf.com.uti.AppInfoParser] (main) Kafka commitId: f745dfdcee2b9851
2025-08-07 12:21:48,910 INFO  [org.apa.kaf.com.uti.AppInfoParser] (main) Kafka startTimeMs: 1754569308910
**** Registry Base URL: http://registry-app-inmemory.apps.ci419.apicurio-testing.org:80
2025-08-07 12:21:48,911 INFO  [org.apa.kaf.cli.con.ConsumerConfig] (main) ConsumerConfig values: 
	allow.auto.create.topics = true
	auto.commit.interval.ms = 500
	auto.include.jmx.reporter = true
	auto.offset.reset = earliest
	bootstrap.servers = [PLAINTEXT://localhost:32769]
	check.crcs = true
	client.dns.lookup = use_all_dns_ips
	client.id = consumer-Consumer-topic-a69fdcee_0a96_4ca7_b561_5db0099c64f0-15
	client.rack = 
	connections.max.idle.ms = 10000
	default.api.timeout.ms = 60000
	enable.auto.commit = true
	enable.metrics.push = true
	exclude.internal.topics = true
	fetch.max.bytes = 52428800
	fetch.max.wait.ms = 500
	fetch.min.bytes = 1
	group.id = Consumer-topic-a69fdcee_0a96_4ca7_b561_5db0099c64f0
	group.instance.id = null
	group.protocol = classic
	group.remote.assignor = null
	heartbeat.interval.ms = 3000
	interceptor.classes = []
	internal.leave.group.on.close = true
	internal.throw.on.fetch.stable.offset.unsupported = false
	isolation.level = read_uncommitted
	key.deserializer = class org.apache.kafka.common.serialization.StringDeserializer
	max.partition.fetch.bytes = 1048576
	max.poll.interval.ms = 300000
	max.poll.records = 500
	metadata.max.age.ms = 300000
	metadata.recovery.strategy = none
	metric.reporters = []
	metrics.num.samples = 2
	metrics.recording.level = INFO
	metrics.sample.window.ms = 30000
	partition.assignment.strategy = [class org.apache.kafka.clients.consumer.RangeAssignor, class org.apache.kafka.clients.consumer.CooperativeStickyAssignor]
	receive.buffer.bytes = 65536
	reconnect.backoff.max.ms = 1000
	reconnect.backoff.ms = 50
	request.timeout.ms = 5000
	retry.backoff.max.ms = 1000
	retry.backoff.ms = 100
	sasl.client.callback.handler.class = null
	sasl.jaas.config = null
	sasl.kerberos.kinit.cmd = /usr/bin/kinit
	sasl.kerberos.min.time.before.relogin = 60000
	sasl.kerberos.service.name = null
	sasl.kerberos.ticket.renew.jitter = 0.05
	sasl.kerberos.ticket.renew.window.factor = 0.8
	sasl.login.callback.handler.class = null
	sasl.login.class = null
	sasl.login.connect.timeout.ms = null
	sasl.login.read.timeout.ms = null
	sasl.login.refresh.buffer.seconds = 300
	sasl.login.refresh.min.period.seconds = 60
	sasl.login.refresh.window.factor = 0.8
	sasl.login.refresh.window.jitter = 0.05
	sasl.login.retry.backoff.max.ms = 10000
	sasl.login.retry.backoff.ms = 100
	sasl.mechanism = GSSAPI
	sasl.oauthbearer.clock.skew.seconds = 30
	sasl.oauthbearer.expected.audience = null
	sasl.oauthbearer.expected.issuer = null
	sasl.oauthbearer.header.urlencode = false
	sasl.oauthbearer.jwks.endpoint.refresh.ms = 3600000
	sasl.oauthbearer.jwks.endpoint.retry.backoff.max.ms = 10000
	sasl.oauthbearer.jwks.endpoint.retry.backoff.ms = 100
	sasl.oauthbearer.jwks.endpoint.url = null
	sasl.oauthbearer.scope.claim.name = scope
	sasl.oauthbearer.sub.claim.name = sub
	sasl.oauthbearer.token.endpoint.url = null
	security.protocol = PLAINTEXT
	security.providers = null
	send.buffer.bytes = 131072
	session.timeout.ms = 45000
	socket.connection.setup.timeout.max.ms = 30000
	socket.connection.setup.timeout.ms = 10000
	ssl.cipher.suites = null
	ssl.enabled.protocols = [TLSv1.2, TLSv1.3]
	ssl.endpoint.identification.algorithm = https
	ssl.engine.factory.class = null
	ssl.key.password = null
	ssl.keymanager.algorithm = SunX509
	ssl.keystore.certificate.chain = null
	ssl.keystore.key = null
	ssl.keystore.location = null
	ssl.keystore.password = null
	ssl.keystore.type = JKS
	ssl.protocol = TLSv1.3
	ssl.provider = null
	ssl.secure.random.implementation = null
	ssl.trustmanager.algorithm = PKIX
	ssl.truststore.certificates = null
	ssl.truststore.location = null
	ssl.truststore.password = null
	ssl.truststore.type = JKS
	value.deserializer = class io.apicurio.registry.serde.avro.AvroKafkaDeserializer

2025-08-07 12:21:48,911 INFO  [org.apa.kaf.com.tel.int.KafkaMetricsCollector] (main) initializing Kafka metrics collector
2025-08-07 12:21:48,918 INFO  [org.apa.kaf.cli.con.ConsumerConfig] (main) These configurations '[apicurio.registry.url]' were supplied but are not used yet.
2025-08-07 12:21:48,918 INFO  [org.apa.kaf.com.uti.AppInfoParser] (main) Kafka version: 3.9.1
2025-08-07 12:21:48,918 INFO  [org.apa.kaf.com.uti.AppInfoParser] (main) Kafka commitId: f745dfdcee2b9851
2025-08-07 12:21:48,918 INFO  [org.apa.kaf.com.uti.AppInfoParser] (main) Kafka startTimeMs: 1754569308918
**** Registry Base URL: http://registry-app-inmemory.apps.ci419.apicurio-testing.org:80
2025-08-07 12:21:48,919 INFO  [org.apa.kaf.cli.con.ConsumerConfig] (main) ConsumerConfig values: 
	allow.auto.create.topics = true
	auto.commit.interval.ms = 500
	auto.include.jmx.reporter = true
	auto.offset.reset = earliest
	bootstrap.servers = [PLAINTEXT://localhost:32769]
	check.crcs = true
	client.dns.lookup = use_all_dns_ips
	client.id = consumer-Consumer-topic-1b2dfa72_0742_408d_8778_e5614917b5d0-16
	client.rack = 
	connections.max.idle.ms = 10000
	default.api.timeout.ms = 60000
	enable.auto.commit = true
	enable.metrics.push = true
	exclude.internal.topics = true
	fetch.max.bytes = 52428800
	fetch.max.wait.ms = 500
	fetch.min.bytes = 1
	group.id = Consumer-topic-1b2dfa72_0742_408d_8778_e5614917b5d0
	group.instance.id = null
	group.protocol = classic
	group.remote.assignor = null
	heartbeat.interval.ms = 3000
	interceptor.classes = []
	internal.leave.group.on.close = true
	internal.throw.on.fetch.stable.offset.unsupported = false
	isolation.level = read_uncommitted
	key.deserializer = class org.apache.kafka.common.serialization.StringDeserializer
	max.partition.fetch.bytes = 1048576
	max.poll.interval.ms = 300000
	max.poll.records = 500
	metadata.max.age.ms = 300000
	metadata.recovery.strategy = none
	metric.reporters = []
	metrics.num.samples = 2
	metrics.recording.level = INFO
	metrics.sample.window.ms = 30000
	partition.assignment.strategy = [class org.apache.kafka.clients.consumer.RangeAssignor, class org.apache.kafka.clients.consumer.CooperativeStickyAssignor]
	receive.buffer.bytes = 65536
	reconnect.backoff.max.ms = 1000
	reconnect.backoff.ms = 50
	request.timeout.ms = 5000
	retry.backoff.max.ms = 1000
	retry.backoff.ms = 100
	sasl.client.callback.handler.class = null
	sasl.jaas.config = null
	sasl.kerberos.kinit.cmd = /usr/bin/kinit
	sasl.kerberos.min.time.before.relogin = 60000
	sasl.kerberos.service.name = null
	sasl.kerberos.ticket.renew.jitter = 0.05
	sasl.kerberos.ticket.renew.window.factor = 0.8
	sasl.login.callback.handler.class = null
	sasl.login.class = null
	sasl.login.connect.timeout.ms = null
	sasl.login.read.timeout.ms = null
	sasl.login.refresh.buffer.seconds = 300
	sasl.login.refresh.min.period.seconds = 60
	sasl.login.refresh.window.factor = 0.8
	sasl.login.refresh.window.jitter = 0.05
	sasl.login.retry.backoff.max.ms = 10000
	sasl.login.retry.backoff.ms = 100
	sasl.mechanism = GSSAPI
	sasl.oauthbearer.clock.skew.seconds = 30
	sasl.oauthbearer.expected.audience = null
	sasl.oauthbearer.expected.issuer = null
	sasl.oauthbearer.header.urlencode = false
	sasl.oauthbearer.jwks.endpoint.refresh.ms = 3600000
	sasl.oauthbearer.jwks.endpoint.retry.backoff.max.ms = 10000
	sasl.oauthbearer.jwks.endpoint.retry.backoff.ms = 100
	sasl.oauthbearer.jwks.endpoint.url = null
	sasl.oauthbearer.scope.claim.name = scope
	sasl.oauthbearer.sub.claim.name = sub
	sasl.oauthbearer.token.endpoint.url = null
	security.protocol = PLAINTEXT
	security.providers = null
	send.buffer.bytes = 131072
	session.timeout.ms = 45000
	socket.connection.setup.timeout.max.ms = 30000
	socket.connection.setup.timeout.ms = 10000
	ssl.cipher.suites = null
	ssl.enabled.protocols = [TLSv1.2, TLSv1.3]
	ssl.endpoint.identification.algorithm = https
	ssl.engine.factory.class = null
	ssl.key.password = null
	ssl.keymanager.algorithm = SunX509
	ssl.keystore.certificate.chain = null
	ssl.keystore.key = null
	ssl.keystore.location = null
	ssl.keystore.password = null
	ssl.keystore.type = JKS
	ssl.protocol = TLSv1.3
	ssl.provider = null
	ssl.secure.random.implementation = null
	ssl.trustmanager.algorithm = PKIX
	ssl.truststore.certificates = null
	ssl.truststore.location = null
	ssl.truststore.password = null
	ssl.truststore.type = JKS
	value.deserializer = class io.apicurio.registry.serde.avro.AvroKafkaDeserializer

2025-08-07 12:21:48,919 INFO  [org.apa.kaf.com.tel.int.KafkaMetricsCollector] (main) initializing Kafka metrics collector
2025-08-07 12:21:48,924 INFO  [org.apa.kaf.cli.con.ConsumerConfig] (main) These configurations '[apicurio.registry.url]' were supplied but are not used yet.
2025-08-07 12:21:48,924 INFO  [org.apa.kaf.com.uti.AppInfoParser] (main) Kafka version: 3.9.1
2025-08-07 12:21:48,924 INFO  [org.apa.kaf.com.uti.AppInfoParser] (main) Kafka commitId: f745dfdcee2b9851
2025-08-07 12:21:48,924 INFO  [org.apa.kaf.com.uti.AppInfoParser] (main) Kafka startTimeMs: 1754569308924
2025-08-07 12:21:48,924 INFO  [io.api.tes.ser.api.KafkaSerdesTester] (Thread-713) Sending message {"key11754569307829": "value-0"} to topic topic-402e6fd0_f9b9_4e2f_bcbb_0d2fe543ea1b
2025-08-07 12:21:48,928 INFO  [DefaultSchemaResolver] (Thread-713) Retrieving schema content using string: {"type":"record","name":"myrecordconfluent","fields":[{"name":"key11754569307829","type":"string"}]}
2025-08-07 12:21:48,946 INFO  [io.api.tes.ser.api.KafkaSerdesTester] (Thread-713) Sending message {"key11754569307829": "value-1"} to topic topic-402e6fd0_f9b9_4e2f_bcbb_0d2fe543ea1b
2025-08-07 12:21:48,947 INFO  [io.api.tes.ser.api.KafkaSerdesTester] (Thread-713) Sending message {"key11754569307829": "value-2"} to topic topic-402e6fd0_f9b9_4e2f_bcbb_0d2fe543ea1b
2025-08-07 12:21:48,949 INFO  [io.api.tes.ser.api.KafkaSerdesTester] (Thread-713) Sending message {"key11754569307829": "value-3"} to topic topic-402e6fd0_f9b9_4e2f_bcbb_0d2fe543ea1b
2025-08-07 12:21:48,950 INFO  [io.api.tes.ser.api.KafkaSerdesTester] (Thread-713) Sending message {"key11754569307829": "value-4"} to topic topic-402e6fd0_f9b9_4e2f_bcbb_0d2fe543ea1b
2025-08-07 12:21:48,951 INFO  [io.api.tes.ser.api.KafkaSerdesTester] (Thread-713) Sending message {"key11754569307829": "value-5"} to topic topic-402e6fd0_f9b9_4e2f_bcbb_0d2fe543ea1b
2025-08-07 12:21:48,952 INFO  [io.api.tes.ser.api.KafkaSerdesTester] (Thread-713) Sending message {"key11754569307829": "value-6"} to topic topic-402e6fd0_f9b9_4e2f_bcbb_0d2fe543ea1b
2025-08-07 12:21:48,953 INFO  [io.api.tes.ser.api.KafkaSerdesTester] (Thread-713) Sending message {"key11754569307829": "value-7"} to topic topic-402e6fd0_f9b9_4e2f_bcbb_0d2fe543ea1b
2025-08-07 12:21:48,954 INFO  [io.api.tes.ser.api.KafkaSerdesTester] (Thread-713) Sending message {"key11754569307829": "value-8"} to topic topic-402e6fd0_f9b9_4e2f_bcbb_0d2fe543ea1b
2025-08-07 12:21:48,956 INFO  [io.api.tes.ser.api.KafkaSerdesTester] (Thread-713) Sending message {"key11754569307829": "value-9"} to topic topic-402e6fd0_f9b9_4e2f_bcbb_0d2fe543ea1b
2025-08-07 12:21:48,957 INFO  [io.api.tes.ser.api.KafkaSerdesTester] (Thread-713) Produced 10 messages
2025-08-07 12:21:48,958 INFO  [org.apa.kaf.cli.pro.KafkaProducer] (Thread-713) [Producer clientId=Producer-topic-402e6fd0_f9b9_4e2f_bcbb_0d2fe543ea1b] Closing the Kafka producer with timeoutMillis = 9223372036854775807 ms.
2025-08-07 12:21:48,960 INFO  [org.apa.kaf.com.met.Metrics] (Thread-713) Metrics scheduler closed
2025-08-07 12:21:48,960 INFO  [org.apa.kaf.com.met.Metrics] (Thread-713) Closing reporter org.apache.kafka.common.metrics.JmxReporter
2025-08-07 12:21:48,960 INFO  [org.apa.kaf.com.met.Metrics] (Thread-713) Closing reporter org.apache.kafka.common.telemetry.internals.ClientTelemetryReporter
2025-08-07 12:21:48,960 INFO  [org.apa.kaf.com.met.Metrics] (Thread-713) Metrics reporters closed
2025-08-07 12:21:48,960 INFO  [org.apa.kaf.com.uti.AppInfoParser] (Thread-713) App info kafka.producer for Producer-topic-402e6fd0_f9b9_4e2f_bcbb_0d2fe543ea1b unregistered
2025-08-07 12:21:48,962 INFO  [io.api.tes.ser.api.KafkaSerdesTester] (Thread-714) Sending message {"key11754569307829": "value-0"} to topic topic-a69fdcee_0a96_4ca7_b561_5db0099c64f0
2025-08-07 12:21:48,966 INFO  [DefaultSchemaResolver] (Thread-714) Retrieving schema content using string: {"type":"record","name":"myrecordconfluent","fields":[{"name":"key11754569307829","type":"string"}]}
2025-08-07 12:21:48,989 INFO  [io.api.tes.ser.api.KafkaSerdesTester] (Thread-714) Sending message {"key11754569307829": "value-1"} to topic topic-a69fdcee_0a96_4ca7_b561_5db0099c64f0
2025-08-07 12:21:48,990 INFO  [io.api.tes.ser.api.KafkaSerdesTester] (Thread-714) Sending message {"key11754569307829": "value-2"} to topic topic-a69fdcee_0a96_4ca7_b561_5db0099c64f0
2025-08-07 12:21:48,991 INFO  [io.api.tes.ser.api.KafkaSerdesTester] (Thread-714) Sending message {"key11754569307829": "value-3"} to topic topic-a69fdcee_0a96_4ca7_b561_5db0099c64f0
2025-08-07 12:21:48,993 INFO  [io.api.tes.ser.api.KafkaSerdesTester] (Thread-714) Sending message {"key11754569307829": "value-4"} to topic topic-a69fdcee_0a96_4ca7_b561_5db0099c64f0
2025-08-07 12:21:48,994 INFO  [io.api.tes.ser.api.KafkaSerdesTester] (Thread-714) Sending message {"key11754569307829": "value-5"} to topic topic-a69fdcee_0a96_4ca7_b561_5db0099c64f0
2025-08-07 12:21:48,997 INFO  [io.api.tes.ser.api.KafkaSerdesTester] (Thread-714) Sending message {"key11754569307829": "value-6"} to topic topic-a69fdcee_0a96_4ca7_b561_5db0099c64f0
2025-08-07 12:21:48,998 INFO  [io.api.tes.ser.api.KafkaSerdesTester] (Thread-714) Sending message {"key11754569307829": "value-7"} to topic topic-a69fdcee_0a96_4ca7_b561_5db0099c64f0
2025-08-07 12:21:48,999 INFO  [io.api.tes.ser.api.KafkaSerdesTester] (Thread-714) Sending message {"key11754569307829": "value-8"} to topic topic-a69fdcee_0a96_4ca7_b561_5db0099c64f0
2025-08-07 12:21:49,001 INFO  [io.api.tes.ser.api.KafkaSerdesTester] (Thread-714) Sending message {"key11754569307829": "value-9"} to topic topic-a69fdcee_0a96_4ca7_b561_5db0099c64f0
2025-08-07 12:21:49,003 INFO  [io.api.tes.ser.api.KafkaSerdesTester] (Thread-714) Produced 10 messages
2025-08-07 12:21:49,003 INFO  [org.apa.kaf.cli.pro.KafkaProducer] (Thread-714) [Producer clientId=Producer-topic-a69fdcee_0a96_4ca7_b561_5db0099c64f0] Closing the Kafka producer with timeoutMillis = 9223372036854775807 ms.
2025-08-07 12:21:49,005 INFO  [org.apa.kaf.com.met.Metrics] (Thread-714) Metrics scheduler closed
2025-08-07 12:21:49,005 INFO  [org.apa.kaf.com.met.Metrics] (Thread-714) Closing reporter org.apache.kafka.common.metrics.JmxReporter
2025-08-07 12:21:49,005 INFO  [org.apa.kaf.com.met.Metrics] (Thread-714) Closing reporter org.apache.kafka.common.telemetry.internals.ClientTelemetryReporter
2025-08-07 12:21:49,005 INFO  [org.apa.kaf.com.met.Metrics] (Thread-714) Metrics reporters closed
2025-08-07 12:21:49,005 INFO  [org.apa.kaf.com.uti.AppInfoParser] (Thread-714) App info kafka.producer for Producer-topic-a69fdcee_0a96_4ca7_b561_5db0099c64f0 unregistered
2025-08-07 12:21:49,007 INFO  [io.api.tes.ser.api.KafkaSerdesTester] (Thread-715) Sending message {"key11754569307829": "value-0"} to topic topic-1b2dfa72_0742_408d_8778_e5614917b5d0
2025-08-07 12:21:49,015 INFO  [DefaultSchemaResolver] (Thread-715) Retrieving schema content using string: {"type":"record","name":"myrecordconfluent","fields":[{"name":"key11754569307829","type":"string"}]}
2025-08-07 12:21:49,038 INFO  [io.api.tes.ser.api.KafkaSerdesTester] (Thread-715) Sending message {"key11754569307829": "value-1"} to topic topic-1b2dfa72_0742_408d_8778_e5614917b5d0
2025-08-07 12:21:49,039 INFO  [io.api.tes.ser.api.KafkaSerdesTester] (Thread-715) Sending message {"key11754569307829": "value-2"} to topic topic-1b2dfa72_0742_408d_8778_e5614917b5d0
2025-08-07 12:21:49,041 INFO  [io.api.tes.ser.api.KafkaSerdesTester] (Thread-715) Sending message {"key11754569307829": "value-3"} to topic topic-1b2dfa72_0742_408d_8778_e5614917b5d0
2025-08-07 12:21:49,042 INFO  [io.api.tes.ser.api.KafkaSerdesTester] (Thread-715) Sending message {"key11754569307829": "value-4"} to topic topic-1b2dfa72_0742_408d_8778_e5614917b5d0
2025-08-07 12:21:49,047 INFO  [io.api.tes.ser.api.KafkaSerdesTester] (Thread-715) Sending message {"key11754569307829": "value-5"} to topic topic-1b2dfa72_0742_408d_8778_e5614917b5d0
2025-08-07 12:21:49,048 INFO  [io.api.tes.ser.api.KafkaSerdesTester] (Thread-715) Sending message {"key11754569307829": "value-6"} to topic topic-1b2dfa72_0742_408d_8778_e5614917b5d0
2025-08-07 12:21:49,051 INFO  [io.api.tes.ser.api.KafkaSerdesTester] (Thread-715) Sending message {"key11754569307829": "value-7"} to topic topic-1b2dfa72_0742_408d_8778_e5614917b5d0
2025-08-07 12:21:49,054 INFO  [io.api.tes.ser.api.KafkaSerdesTester] (Thread-715) Sending message {"key11754569307829": "value-8"} to topic topic-1b2dfa72_0742_408d_8778_e5614917b5d0
2025-08-07 12:21:49,055 INFO  [io.api.tes.ser.api.KafkaSerdesTester] (Thread-715) Sending message {"key11754569307829": "value-9"} to topic topic-1b2dfa72_0742_408d_8778_e5614917b5d0
2025-08-07 12:21:49,057 INFO  [io.api.tes.ser.api.KafkaSerdesTester] (Thread-715) Produced 10 messages
2025-08-07 12:21:49,057 INFO  [org.apa.kaf.cli.pro.KafkaProducer] (Thread-715) [Producer clientId=Producer-topic-1b2dfa72_0742_408d_8778_e5614917b5d0] Closing the Kafka producer with timeoutMillis = 9223372036854775807 ms.
2025-08-07 12:21:49,061 INFO  [org.apa.kaf.com.met.Metrics] (Thread-715) Metrics scheduler closed
2025-08-07 12:21:49,061 INFO  [org.apa.kaf.com.met.Metrics] (Thread-715) Closing reporter org.apache.kafka.common.metrics.JmxReporter
2025-08-07 12:21:49,061 INFO  [org.apa.kaf.com.met.Metrics] (Thread-715) Closing reporter org.apache.kafka.common.telemetry.internals.ClientTelemetryReporter
2025-08-07 12:21:49,061 INFO  [org.apa.kaf.com.met.Metrics] (Thread-715) Metrics reporters closed
2025-08-07 12:21:49,061 INFO  [org.apa.kaf.com.uti.AppInfoParser] (Thread-715) App info kafka.producer for Producer-topic-1b2dfa72_0742_408d_8778_e5614917b5d0 unregistered
2025-08-07 12:21:49,066 INFO  [org.apa.kaf.cli.con.int.ClassicKafkaConsumer] (Thread-716) [Consumer clientId=consumer-Consumer-topic-402e6fd0_f9b9_4e2f_bcbb_0d2fe543ea1b-14, groupId=Consumer-topic-402e6fd0_f9b9_4e2f_bcbb_0d2fe543ea1b] Subscribed to topic(s): topic-402e6fd0_f9b9_4e2f_bcbb_0d2fe543ea1b
2025-08-07 12:21:49,071 INFO  [org.apa.kaf.cli.Metadata] (Thread-716) [Consumer clientId=consumer-Consumer-topic-402e6fd0_f9b9_4e2f_bcbb_0d2fe543ea1b-14, groupId=Consumer-topic-402e6fd0_f9b9_4e2f_bcbb_0d2fe543ea1b] Cluster ID: CeYNmdzmRCaaSk-AVslC4g
2025-08-07 12:21:49,071 INFO  [org.apa.kaf.cli.con.int.ConsumerCoordinator] (Thread-716) [Consumer clientId=consumer-Consumer-topic-402e6fd0_f9b9_4e2f_bcbb_0d2fe543ea1b-14, groupId=Consumer-topic-402e6fd0_f9b9_4e2f_bcbb_0d2fe543ea1b] Discovered group coordinator localhost:32769 (id: 2147483647 rack: null)
2025-08-07 12:21:49,072 INFO  [org.apa.kaf.cli.con.int.ConsumerCoordinator] (Thread-716) [Consumer clientId=consumer-Consumer-topic-402e6fd0_f9b9_4e2f_bcbb_0d2fe543ea1b-14, groupId=Consumer-topic-402e6fd0_f9b9_4e2f_bcbb_0d2fe543ea1b] (Re-)joining group
2025-08-07 12:21:49,074 INFO  [org.apa.kaf.cli.con.int.ConsumerCoordinator] (Thread-716) [Consumer clientId=consumer-Consumer-topic-402e6fd0_f9b9_4e2f_bcbb_0d2fe543ea1b-14, groupId=Consumer-topic-402e6fd0_f9b9_4e2f_bcbb_0d2fe543ea1b] Request joining group due to: need to re-join with the given member-id: consumer-Consumer-topic-402e6fd0_f9b9_4e2f_bcbb_0d2fe543ea1b-14-65d767ab-c60e-4c64-a994-1e0f2b12e13e
2025-08-07 12:21:49,074 INFO  [org.apa.kaf.cli.con.int.ConsumerCoordinator] (Thread-716) [Consumer clientId=consumer-Consumer-topic-402e6fd0_f9b9_4e2f_bcbb_0d2fe543ea1b-14, groupId=Consumer-topic-402e6fd0_f9b9_4e2f_bcbb_0d2fe543ea1b] (Re-)joining group
2025-08-07 12:21:50,066 INFO  [io.api.tes.ser.api.KafkaSerdesTester] (Thread-716) None found
2025-08-07 12:21:51,067 INFO  [io.api.tes.ser.api.KafkaSerdesTester] (Thread-716) None found
2025-08-07 12:21:52,067 INFO  [io.api.tes.ser.api.KafkaSerdesTester] (Thread-716) None found
2025-08-07 12:21:52,075 INFO  [org.apa.kaf.cli.con.int.ConsumerCoordinator] (Thread-716) [Consumer clientId=consumer-Consumer-topic-402e6fd0_f9b9_4e2f_bcbb_0d2fe543ea1b-14, groupId=Consumer-topic-402e6fd0_f9b9_4e2f_bcbb_0d2fe543ea1b] Successfully joined group with generation Generation{generationId=1, memberId='consumer-Consumer-topic-402e6fd0_f9b9_4e2f_bcbb_0d2fe543ea1b-14-65d767ab-c60e-4c64-a994-1e0f2b12e13e', protocol='range'}
2025-08-07 12:21:52,076 INFO  [org.apa.kaf.cli.con.int.ConsumerCoordinator] (Thread-716) [Consumer clientId=consumer-Consumer-topic-402e6fd0_f9b9_4e2f_bcbb_0d2fe543ea1b-14, groupId=Consumer-topic-402e6fd0_f9b9_4e2f_bcbb_0d2fe543ea1b] Finished assignment for group at generation 1: {consumer-Consumer-topic-402e6fd0_f9b9_4e2f_bcbb_0d2fe543ea1b-14-65d767ab-c60e-4c64-a994-1e0f2b12e13e=Assignment(partitions=[topic-402e6fd0_f9b9_4e2f_bcbb_0d2fe543ea1b-0])}
2025-08-07 12:21:52,082 INFO  [org.apa.kaf.cli.con.int.ConsumerCoordinator] (Thread-716) [Consumer clientId=consumer-Consumer-topic-402e6fd0_f9b9_4e2f_bcbb_0d2fe543ea1b-14, groupId=Consumer-topic-402e6fd0_f9b9_4e2f_bcbb_0d2fe543ea1b] Successfully synced group in generation Generation{generationId=1, memberId='consumer-Consumer-topic-402e6fd0_f9b9_4e2f_bcbb_0d2fe543ea1b-14-65d767ab-c60e-4c64-a994-1e0f2b12e13e', protocol='range'}
2025-08-07 12:21:52,083 INFO  [org.apa.kaf.cli.con.int.ConsumerCoordinator] (Thread-716) [Consumer clientId=consumer-Consumer-topic-402e6fd0_f9b9_4e2f_bcbb_0d2fe543ea1b-14, groupId=Consumer-topic-402e6fd0_f9b9_4e2f_bcbb_0d2fe543ea1b] Notifying assignor about the new Assignment(partitions=[topic-402e6fd0_f9b9_4e2f_bcbb_0d2fe543ea1b-0])
2025-08-07 12:21:52,083 INFO  [org.apa.kaf.cli.con.int.ConsumerRebalanceListenerInvoker] (Thread-716) [Consumer clientId=consumer-Consumer-topic-402e6fd0_f9b9_4e2f_bcbb_0d2fe543ea1b-14, groupId=Consumer-topic-402e6fd0_f9b9_4e2f_bcbb_0d2fe543ea1b] Adding newly assigned partitions: topic-402e6fd0_f9b9_4e2f_bcbb_0d2fe543ea1b-0
2025-08-07 12:21:52,083 INFO  [org.apa.kaf.cli.con.int.ConsumerCoordinator] (Thread-716) [Consumer clientId=consumer-Consumer-topic-402e6fd0_f9b9_4e2f_bcbb_0d2fe543ea1b-14, groupId=Consumer-topic-402e6fd0_f9b9_4e2f_bcbb_0d2fe543ea1b] Found no committed offset for partition topic-402e6fd0_f9b9_4e2f_bcbb_0d2fe543ea1b-0
2025-08-07 12:21:52,086 INFO  [org.apa.kaf.cli.con.int.SubscriptionState] (Thread-716) [Consumer clientId=consumer-Consumer-topic-402e6fd0_f9b9_4e2f_bcbb_0d2fe543ea1b-14, groupId=Consumer-topic-402e6fd0_f9b9_4e2f_bcbb_0d2fe543ea1b] Resetting offset for partition topic-402e6fd0_f9b9_4e2f_bcbb_0d2fe543ea1b-0 to position FetchPosition{offset=0, offsetEpoch=Optional.empty, currentLeader=LeaderAndEpoch{leader=Optional[localhost:32769 (id: 0 rack: null)], epoch=0}}.
2025-08-07 12:21:52,111 INFO  [io.api.tes.ser.api.KafkaSerdesTester] (Thread-716) topic-402e6fd0_f9b9_4e2f_bcbb_0d2fe543ea1b 0 0 {"key11754569307829": "value-0"}
2025-08-07 12:21:52,111 INFO  [io.api.tes.ser.api.KafkaSerdesTester] (Thread-716) topic-402e6fd0_f9b9_4e2f_bcbb_0d2fe543ea1b 0 1 {"key11754569307829": "value-1"}
2025-08-07 12:21:52,111 INFO  [io.api.tes.ser.api.KafkaSerdesTester] (Thread-716) topic-402e6fd0_f9b9_4e2f_bcbb_0d2fe543ea1b 0 2 {"key11754569307829": "value-2"}
2025-08-07 12:21:52,112 INFO  [io.api.tes.ser.api.KafkaSerdesTester] (Thread-716) topic-402e6fd0_f9b9_4e2f_bcbb_0d2fe543ea1b 0 3 {"key11754569307829": "value-3"}
2025-08-07 12:21:52,112 INFO  [io.api.tes.ser.api.KafkaSerdesTester] (Thread-716) topic-402e6fd0_f9b9_4e2f_bcbb_0d2fe543ea1b 0 4 {"key11754569307829": "value-4"}
2025-08-07 12:21:52,112 INFO  [io.api.tes.ser.api.KafkaSerdesTester] (Thread-716) topic-402e6fd0_f9b9_4e2f_bcbb_0d2fe543ea1b 0 5 {"key11754569307829": "value-5"}
2025-08-07 12:21:52,112 INFO  [io.api.tes.ser.api.KafkaSerdesTester] (Thread-716) topic-402e6fd0_f9b9_4e2f_bcbb_0d2fe543ea1b 0 6 {"key11754569307829": "value-6"}
2025-08-07 12:21:52,112 INFO  [io.api.tes.ser.api.KafkaSerdesTester] (Thread-716) topic-402e6fd0_f9b9_4e2f_bcbb_0d2fe543ea1b 0 7 {"key11754569307829": "value-7"}
2025-08-07 12:21:52,112 INFO  [io.api.tes.ser.api.KafkaSerdesTester] (Thread-716) topic-402e6fd0_f9b9_4e2f_bcbb_0d2fe543ea1b 0 8 {"key11754569307829": "value-8"}
2025-08-07 12:21:52,112 INFO  [io.api.tes.ser.api.KafkaSerdesTester] (Thread-716) topic-402e6fd0_f9b9_4e2f_bcbb_0d2fe543ea1b 0 9 {"key11754569307829": "value-9"}
2025-08-07 12:21:52,112 INFO  [io.api.tes.ser.api.KafkaSerdesTester] (Thread-716) Consumed 10 messages
2025-08-07 12:21:52,120 INFO  [org.apa.kaf.cli.con.int.ConsumerRebalanceListenerInvoker] (Thread-716) [Consumer clientId=consumer-Consumer-topic-402e6fd0_f9b9_4e2f_bcbb_0d2fe543ea1b-14, groupId=Consumer-topic-402e6fd0_f9b9_4e2f_bcbb_0d2fe543ea1b] Revoke previously assigned partitions topic-402e6fd0_f9b9_4e2f_bcbb_0d2fe543ea1b-0
2025-08-07 12:21:52,120 INFO  [org.apa.kaf.cli.con.int.ConsumerCoordinator] (Thread-716) [Consumer clientId=consumer-Consumer-topic-402e6fd0_f9b9_4e2f_bcbb_0d2fe543ea1b-14, groupId=Consumer-topic-402e6fd0_f9b9_4e2f_bcbb_0d2fe543ea1b] Member consumer-Consumer-topic-402e6fd0_f9b9_4e2f_bcbb_0d2fe543ea1b-14-65d767ab-c60e-4c64-a994-1e0f2b12e13e sending LeaveGroup request to coordinator localhost:32769 (id: 2147483647 rack: null) due to the consumer is being closed
2025-08-07 12:21:52,120 INFO  [org.apa.kaf.cli.con.int.ConsumerCoordinator] (Thread-716) [Consumer clientId=consumer-Consumer-topic-402e6fd0_f9b9_4e2f_bcbb_0d2fe543ea1b-14, groupId=Consumer-topic-402e6fd0_f9b9_4e2f_bcbb_0d2fe543ea1b] Resetting generation and member id due to: consumer pro-actively leaving the group
2025-08-07 12:21:52,120 INFO  [org.apa.kaf.cli.con.int.ConsumerCoordinator] (Thread-716) [Consumer clientId=consumer-Consumer-topic-402e6fd0_f9b9_4e2f_bcbb_0d2fe543ea1b-14, groupId=Consumer-topic-402e6fd0_f9b9_4e2f_bcbb_0d2fe543ea1b] Request joining group due to: consumer pro-actively leaving the group
2025-08-07 12:21:52,614 INFO  [org.apa.kaf.com.met.Metrics] (Thread-716) Metrics scheduler closed
2025-08-07 12:21:52,614 INFO  [org.apa.kaf.com.met.Metrics] (Thread-716) Closing reporter org.apache.kafka.common.metrics.JmxReporter
2025-08-07 12:21:52,614 INFO  [org.apa.kaf.com.met.Metrics] (Thread-716) Closing reporter org.apache.kafka.common.telemetry.internals.ClientTelemetryReporter
2025-08-07 12:21:52,614 INFO  [org.apa.kaf.com.met.Metrics] (Thread-716) Metrics reporters closed
2025-08-07 12:21:52,616 INFO  [org.apa.kaf.com.uti.AppInfoParser] (Thread-716) App info kafka.consumer for consumer-Consumer-topic-402e6fd0_f9b9_4e2f_bcbb_0d2fe543ea1b-14 unregistered
2025-08-07 12:21:52,617 INFO  [org.apa.kaf.cli.con.int.ClassicKafkaConsumer] (Thread-717) [Consumer clientId=consumer-Consumer-topic-a69fdcee_0a96_4ca7_b561_5db0099c64f0-15, groupId=Consumer-topic-a69fdcee_0a96_4ca7_b561_5db0099c64f0] Subscribed to topic(s): topic-a69fdcee_0a96_4ca7_b561_5db0099c64f0
2025-08-07 12:21:52,622 INFO  [org.apa.kaf.cli.Metadata] (Thread-717) [Consumer clientId=consumer-Consumer-topic-a69fdcee_0a96_4ca7_b561_5db0099c64f0-15, groupId=Consumer-topic-a69fdcee_0a96_4ca7_b561_5db0099c64f0] Cluster ID: CeYNmdzmRCaaSk-AVslC4g
2025-08-07 12:21:52,622 INFO  [org.apa.kaf.cli.con.int.ConsumerCoordinator] (Thread-717) [Consumer clientId=consumer-Consumer-topic-a69fdcee_0a96_4ca7_b561_5db0099c64f0-15, groupId=Consumer-topic-a69fdcee_0a96_4ca7_b561_5db0099c64f0] Discovered group coordinator localhost:32769 (id: 2147483647 rack: null)
2025-08-07 12:21:52,623 INFO  [org.apa.kaf.cli.con.int.ConsumerCoordinator] (Thread-717) [Consumer clientId=consumer-Consumer-topic-a69fdcee_0a96_4ca7_b561_5db0099c64f0-15, groupId=Consumer-topic-a69fdcee_0a96_4ca7_b561_5db0099c64f0] (Re-)joining group
2025-08-07 12:21:52,625 INFO  [org.apa.kaf.cli.con.int.ConsumerCoordinator] (Thread-717) [Consumer clientId=consumer-Consumer-topic-a69fdcee_0a96_4ca7_b561_5db0099c64f0-15, groupId=Consumer-topic-a69fdcee_0a96_4ca7_b561_5db0099c64f0] Request joining group due to: need to re-join with the given member-id: consumer-Consumer-topic-a69fdcee_0a96_4ca7_b561_5db0099c64f0-15-05798f75-e7bd-49f6-ab69-74f3de9b0445
2025-08-07 12:21:52,625 INFO  [org.apa.kaf.cli.con.int.ConsumerCoordinator] (Thread-717) [Consumer clientId=consumer-Consumer-topic-a69fdcee_0a96_4ca7_b561_5db0099c64f0-15, groupId=Consumer-topic-a69fdcee_0a96_4ca7_b561_5db0099c64f0] (Re-)joining group
2025-08-07 12:21:53,617 INFO  [io.api.tes.ser.api.KafkaSerdesTester] (Thread-717) None found
2025-08-07 12:21:54,618 INFO  [io.api.tes.ser.api.KafkaSerdesTester] (Thread-717) None found
2025-08-07 12:21:55,618 INFO  [io.api.tes.ser.api.KafkaSerdesTester] (Thread-717) None found
2025-08-07 12:21:55,628 INFO  [org.apa.kaf.cli.con.int.ConsumerCoordinator] (Thread-717) [Consumer clientId=consumer-Consumer-topic-a69fdcee_0a96_4ca7_b561_5db0099c64f0-15, groupId=Consumer-topic-a69fdcee_0a96_4ca7_b561_5db0099c64f0] Successfully joined group with generation Generation{generationId=1, memberId='consumer-Consumer-topic-a69fdcee_0a96_4ca7_b561_5db0099c64f0-15-05798f75-e7bd-49f6-ab69-74f3de9b0445', protocol='range'}
2025-08-07 12:21:55,629 INFO  [org.apa.kaf.cli.con.int.ConsumerCoordinator] (Thread-717) [Consumer clientId=consumer-Consumer-topic-a69fdcee_0a96_4ca7_b561_5db0099c64f0-15, groupId=Consumer-topic-a69fdcee_0a96_4ca7_b561_5db0099c64f0] Finished assignment for group at generation 1: {consumer-Consumer-topic-a69fdcee_0a96_4ca7_b561_5db0099c64f0-15-05798f75-e7bd-49f6-ab69-74f3de9b0445=Assignment(partitions=[topic-a69fdcee_0a96_4ca7_b561_5db0099c64f0-0])}
2025-08-07 12:21:55,634 INFO  [org.apa.kaf.cli.con.int.ConsumerCoordinator] (Thread-717) [Consumer clientId=consumer-Consumer-topic-a69fdcee_0a96_4ca7_b561_5db0099c64f0-15, groupId=Consumer-topic-a69fdcee_0a96_4ca7_b561_5db0099c64f0] Successfully synced group in generation Generation{generationId=1, memberId='consumer-Consumer-topic-a69fdcee_0a96_4ca7_b561_5db0099c64f0-15-05798f75-e7bd-49f6-ab69-74f3de9b0445', protocol='range'}
2025-08-07 12:21:55,635 INFO  [org.apa.kaf.cli.con.int.ConsumerCoordinator] (Thread-717) [Consumer clientId=consumer-Consumer-topic-a69fdcee_0a96_4ca7_b561_5db0099c64f0-15, groupId=Consumer-topic-a69fdcee_0a96_4ca7_b561_5db0099c64f0] Notifying assignor about the new Assignment(partitions=[topic-a69fdcee_0a96_4ca7_b561_5db0099c64f0-0])
2025-08-07 12:21:55,635 INFO  [org.apa.kaf.cli.con.int.ConsumerRebalanceListenerInvoker] (Thread-717) [Consumer clientId=consumer-Consumer-topic-a69fdcee_0a96_4ca7_b561_5db0099c64f0-15, groupId=Consumer-topic-a69fdcee_0a96_4ca7_b561_5db0099c64f0] Adding newly assigned partitions: topic-a69fdcee_0a96_4ca7_b561_5db0099c64f0-0
2025-08-07 12:21:55,636 INFO  [org.apa.kaf.cli.con.int.ConsumerCoordinator] (Thread-717) [Consumer clientId=consumer-Consumer-topic-a69fdcee_0a96_4ca7_b561_5db0099c64f0-15, groupId=Consumer-topic-a69fdcee_0a96_4ca7_b561_5db0099c64f0] Found no committed offset for partition topic-a69fdcee_0a96_4ca7_b561_5db0099c64f0-0
2025-08-07 12:21:55,638 INFO  [org.apa.kaf.cli.con.int.SubscriptionState] (Thread-717) [Consumer clientId=consumer-Consumer-topic-a69fdcee_0a96_4ca7_b561_5db0099c64f0-15, groupId=Consumer-topic-a69fdcee_0a96_4ca7_b561_5db0099c64f0] Resetting offset for partition topic-a69fdcee_0a96_4ca7_b561_5db0099c64f0-0 to position FetchPosition{offset=0, offsetEpoch=Optional.empty, currentLeader=LeaderAndEpoch{leader=Optional[localhost:32769 (id: 0 rack: null)], epoch=0}}.
2025-08-07 12:21:55,663 INFO  [io.api.tes.ser.api.KafkaSerdesTester] (Thread-717) topic-a69fdcee_0a96_4ca7_b561_5db0099c64f0 0 0 {"key11754569307829": "value-0"}
2025-08-07 12:21:55,663 INFO  [io.api.tes.ser.api.KafkaSerdesTester] (Thread-717) topic-a69fdcee_0a96_4ca7_b561_5db0099c64f0 0 1 {"key11754569307829": "value-1"}
2025-08-07 12:21:55,663 INFO  [io.api.tes.ser.api.KafkaSerdesTester] (Thread-717) topic-a69fdcee_0a96_4ca7_b561_5db0099c64f0 0 2 {"key11754569307829": "value-2"}
2025-08-07 12:21:55,663 INFO  [io.api.tes.ser.api.KafkaSerdesTester] (Thread-717) topic-a69fdcee_0a96_4ca7_b561_5db0099c64f0 0 3 {"key11754569307829": "value-3"}
2025-08-07 12:21:55,663 INFO  [io.api.tes.ser.api.KafkaSerdesTester] (Thread-717) topic-a69fdcee_0a96_4ca7_b561_5db0099c64f0 0 4 {"key11754569307829": "value-4"}
2025-08-07 12:21:55,663 INFO  [io.api.tes.ser.api.KafkaSerdesTester] (Thread-717) topic-a69fdcee_0a96_4ca7_b561_5db0099c64f0 0 5 {"key11754569307829": "value-5"}
2025-08-07 12:21:55,663 INFO  [io.api.tes.ser.api.KafkaSerdesTester] (Thread-717) topic-a69fdcee_0a96_4ca7_b561_5db0099c64f0 0 6 {"key11754569307829": "value-6"}
2025-08-07 12:21:55,663 INFO  [io.api.tes.ser.api.KafkaSerdesTester] (Thread-717) topic-a69fdcee_0a96_4ca7_b561_5db0099c64f0 0 7 {"key11754569307829": "value-7"}
2025-08-07 12:21:55,663 INFO  [io.api.tes.ser.api.KafkaSerdesTester] (Thread-717) topic-a69fdcee_0a96_4ca7_b561_5db0099c64f0 0 8 {"key11754569307829": "value-8"}
2025-08-07 12:21:55,663 INFO  [io.api.tes.ser.api.KafkaSerdesTester] (Thread-717) topic-a69fdcee_0a96_4ca7_b561_5db0099c64f0 0 9 {"key11754569307829": "value-9"}
2025-08-07 12:21:55,663 INFO  [io.api.tes.ser.api.KafkaSerdesTester] (Thread-717) Consumed 10 messages
2025-08-07 12:21:55,670 INFO  [org.apa.kaf.cli.con.int.ConsumerRebalanceListenerInvoker] (Thread-717) [Consumer clientId=consumer-Consumer-topic-a69fdcee_0a96_4ca7_b561_5db0099c64f0-15, groupId=Consumer-topic-a69fdcee_0a96_4ca7_b561_5db0099c64f0] Revoke previously assigned partitions topic-a69fdcee_0a96_4ca7_b561_5db0099c64f0-0
2025-08-07 12:21:55,670 INFO  [org.apa.kaf.cli.con.int.ConsumerCoordinator] (Thread-717) [Consumer clientId=consumer-Consumer-topic-a69fdcee_0a96_4ca7_b561_5db0099c64f0-15, groupId=Consumer-topic-a69fdcee_0a96_4ca7_b561_5db0099c64f0] Member consumer-Consumer-topic-a69fdcee_0a96_4ca7_b561_5db0099c64f0-15-05798f75-e7bd-49f6-ab69-74f3de9b0445 sending LeaveGroup request to coordinator localhost:32769 (id: 2147483647 rack: null) due to the consumer is being closed
2025-08-07 12:21:55,671 INFO  [org.apa.kaf.cli.con.int.ConsumerCoordinator] (Thread-717) [Consumer clientId=consumer-Consumer-topic-a69fdcee_0a96_4ca7_b561_5db0099c64f0-15, groupId=Consumer-topic-a69fdcee_0a96_4ca7_b561_5db0099c64f0] Resetting generation and member id due to: consumer pro-actively leaving the group
2025-08-07 12:21:55,671 INFO  [org.apa.kaf.cli.con.int.ConsumerCoordinator] (Thread-717) [Consumer clientId=consumer-Consumer-topic-a69fdcee_0a96_4ca7_b561_5db0099c64f0-15, groupId=Consumer-topic-a69fdcee_0a96_4ca7_b561_5db0099c64f0] Request joining group due to: consumer pro-actively leaving the group
2025-08-07 12:21:56,165 INFO  [org.apa.kaf.com.met.Metrics] (Thread-717) Metrics scheduler closed
2025-08-07 12:21:56,165 INFO  [org.apa.kaf.com.met.Metrics] (Thread-717) Closing reporter org.apache.kafka.common.metrics.JmxReporter
2025-08-07 12:21:56,165 INFO  [org.apa.kaf.com.met.Metrics] (Thread-717) Closing reporter org.apache.kafka.common.telemetry.internals.ClientTelemetryReporter
2025-08-07 12:21:56,165 INFO  [org.apa.kaf.com.met.Metrics] (Thread-717) Metrics reporters closed
2025-08-07 12:21:56,167 INFO  [org.apa.kaf.com.uti.AppInfoParser] (Thread-717) App info kafka.consumer for consumer-Consumer-topic-a69fdcee_0a96_4ca7_b561_5db0099c64f0-15 unregistered
2025-08-07 12:21:56,168 INFO  [org.apa.kaf.cli.con.int.ClassicKafkaConsumer] (Thread-718) [Consumer clientId=consumer-Consumer-topic-1b2dfa72_0742_408d_8778_e5614917b5d0-16, groupId=Consumer-topic-1b2dfa72_0742_408d_8778_e5614917b5d0] Subscribed to topic(s): topic-1b2dfa72_0742_408d_8778_e5614917b5d0
2025-08-07 12:21:56,172 INFO  [org.apa.kaf.cli.Metadata] (Thread-718) [Consumer clientId=consumer-Consumer-topic-1b2dfa72_0742_408d_8778_e5614917b5d0-16, groupId=Consumer-topic-1b2dfa72_0742_408d_8778_e5614917b5d0] Cluster ID: CeYNmdzmRCaaSk-AVslC4g
2025-08-07 12:21:56,173 INFO  [org.apa.kaf.cli.con.int.ConsumerCoordinator] (Thread-718) [Consumer clientId=consumer-Consumer-topic-1b2dfa72_0742_408d_8778_e5614917b5d0-16, groupId=Consumer-topic-1b2dfa72_0742_408d_8778_e5614917b5d0] Discovered group coordinator localhost:32769 (id: 2147483647 rack: null)
2025-08-07 12:21:56,174 INFO  [org.apa.kaf.cli.con.int.ConsumerCoordinator] (Thread-718) [Consumer clientId=consumer-Consumer-topic-1b2dfa72_0742_408d_8778_e5614917b5d0-16, groupId=Consumer-topic-1b2dfa72_0742_408d_8778_e5614917b5d0] (Re-)joining group
2025-08-07 12:21:56,177 INFO  [org.apa.kaf.cli.con.int.ConsumerCoordinator] (Thread-718) [Consumer clientId=consumer-Consumer-topic-1b2dfa72_0742_408d_8778_e5614917b5d0-16, groupId=Consumer-topic-1b2dfa72_0742_408d_8778_e5614917b5d0] Request joining group due to: need to re-join with the given member-id: consumer-Consumer-topic-1b2dfa72_0742_408d_8778_e5614917b5d0-16-aa48f170-d20d-4374-b9de-5ca713f2b4e6
2025-08-07 12:21:56,177 INFO  [org.apa.kaf.cli.con.int.ConsumerCoordinator] (Thread-718) [Consumer clientId=consumer-Consumer-topic-1b2dfa72_0742_408d_8778_e5614917b5d0-16, groupId=Consumer-topic-1b2dfa72_0742_408d_8778_e5614917b5d0] (Re-)joining group
2025-08-07 12:21:57,168 INFO  [io.api.tes.ser.api.KafkaSerdesTester] (Thread-718) None found
2025-08-07 12:21:58,168 INFO  [io.api.tes.ser.api.KafkaSerdesTester] (Thread-718) None found
2025-08-07 12:21:59,168 INFO  [io.api.tes.ser.api.KafkaSerdesTester] (Thread-718) None found
2025-08-07 12:21:59,180 INFO  [org.apa.kaf.cli.con.int.ConsumerCoordinator] (Thread-718) [Consumer clientId=consumer-Consumer-topic-1b2dfa72_0742_408d_8778_e5614917b5d0-16, groupId=Consumer-topic-1b2dfa72_0742_408d_8778_e5614917b5d0] Successfully joined group with generation Generation{generationId=1, memberId='consumer-Consumer-topic-1b2dfa72_0742_408d_8778_e5614917b5d0-16-aa48f170-d20d-4374-b9de-5ca713f2b4e6', protocol='range'}
2025-08-07 12:21:59,180 INFO  [org.apa.kaf.cli.con.int.ConsumerCoordinator] (Thread-718) [Consumer clientId=consumer-Consumer-topic-1b2dfa72_0742_408d_8778_e5614917b5d0-16, groupId=Consumer-topic-1b2dfa72_0742_408d_8778_e5614917b5d0] Finished assignment for group at generation 1: {consumer-Consumer-topic-1b2dfa72_0742_408d_8778_e5614917b5d0-16-aa48f170-d20d-4374-b9de-5ca713f2b4e6=Assignment(partitions=[topic-1b2dfa72_0742_408d_8778_e5614917b5d0-0])}
2025-08-07 12:21:59,186 INFO  [org.apa.kaf.cli.con.int.ConsumerCoordinator] (Thread-718) [Consumer clientId=consumer-Consumer-topic-1b2dfa72_0742_408d_8778_e5614917b5d0-16, groupId=Consumer-topic-1b2dfa72_0742_408d_8778_e5614917b5d0] Successfully synced group in generation Generation{generationId=1, memberId='consumer-Consumer-topic-1b2dfa72_0742_408d_8778_e5614917b5d0-16-aa48f170-d20d-4374-b9de-5ca713f2b4e6', protocol='range'}
2025-08-07 12:21:59,187 INFO  [org.apa.kaf.cli.con.int.ConsumerCoordinator] (Thread-718) [Consumer clientId=consumer-Consumer-topic-1b2dfa72_0742_408d_8778_e5614917b5d0-16, groupId=Consumer-topic-1b2dfa72_0742_408d_8778_e5614917b5d0] Notifying assignor about the new Assignment(partitions=[topic-1b2dfa72_0742_408d_8778_e5614917b5d0-0])
2025-08-07 12:21:59,187 INFO  [org.apa.kaf.cli.con.int.ConsumerRebalanceListenerInvoker] (Thread-718) [Consumer clientId=consumer-Consumer-topic-1b2dfa72_0742_408d_8778_e5614917b5d0-16, groupId=Consumer-topic-1b2dfa72_0742_408d_8778_e5614917b5d0] Adding newly assigned partitions: topic-1b2dfa72_0742_408d_8778_e5614917b5d0-0
2025-08-07 12:21:59,187 INFO  [org.apa.kaf.cli.con.int.ConsumerCoordinator] (Thread-718) [Consumer clientId=consumer-Consumer-topic-1b2dfa72_0742_408d_8778_e5614917b5d0-16, groupId=Consumer-topic-1b2dfa72_0742_408d_8778_e5614917b5d0] Found no committed offset for partition topic-1b2dfa72_0742_408d_8778_e5614917b5d0-0
2025-08-07 12:21:59,190 INFO  [org.apa.kaf.cli.con.int.SubscriptionState] (Thread-718) [Consumer clientId=consumer-Consumer-topic-1b2dfa72_0742_408d_8778_e5614917b5d0-16, groupId=Consumer-topic-1b2dfa72_0742_408d_8778_e5614917b5d0] Resetting offset for partition topic-1b2dfa72_0742_408d_8778_e5614917b5d0-0 to position FetchPosition{offset=0, offsetEpoch=Optional.empty, currentLeader=LeaderAndEpoch{leader=Optional[localhost:32769 (id: 0 rack: null)], epoch=0}}.
2025-08-07 12:21:59,218 INFO  [io.api.tes.ser.api.KafkaSerdesTester] (Thread-718) topic-1b2dfa72_0742_408d_8778_e5614917b5d0 0 0 {"key11754569307829": "value-0"}
2025-08-07 12:21:59,218 INFO  [io.api.tes.ser.api.KafkaSerdesTester] (Thread-718) topic-1b2dfa72_0742_408d_8778_e5614917b5d0 0 1 {"key11754569307829": "value-1"}
2025-08-07 12:21:59,218 INFO  [io.api.tes.ser.api.KafkaSerdesTester] (Thread-718) topic-1b2dfa72_0742_408d_8778_e5614917b5d0 0 2 {"key11754569307829": "value-2"}
2025-08-07 12:21:59,218 INFO  [io.api.tes.ser.api.KafkaSerdesTester] (Thread-718) topic-1b2dfa72_0742_408d_8778_e5614917b5d0 0 3 {"key11754569307829": "value-3"}
2025-08-07 12:21:59,218 INFO  [io.api.tes.ser.api.KafkaSerdesTester] (Thread-718) topic-1b2dfa72_0742_408d_8778_e5614917b5d0 0 4 {"key11754569307829": "value-4"}
2025-08-07 12:21:59,218 INFO  [io.api.tes.ser.api.KafkaSerdesTester] (Thread-718) topic-1b2dfa72_0742_408d_8778_e5614917b5d0 0 5 {"key11754569307829": "value-5"}
2025-08-07 12:21:59,218 INFO  [io.api.tes.ser.api.KafkaSerdesTester] (Thread-718) topic-1b2dfa72_0742_408d_8778_e5614917b5d0 0 6 {"key11754569307829": "value-6"}
2025-08-07 12:21:59,218 INFO  [io.api.tes.ser.api.KafkaSerdesTester] (Thread-718) topic-1b2dfa72_0742_408d_8778_e5614917b5d0 0 7 {"key11754569307829": "value-7"}
2025-08-07 12:21:59,222 INFO  [io.api.tes.ser.api.KafkaSerdesTester] (Thread-718) topic-1b2dfa72_0742_408d_8778_e5614917b5d0 0 8 {"key11754569307829": "value-8"}
2025-08-07 12:21:59,222 INFO  [io.api.tes.ser.api.KafkaSerdesTester] (Thread-718) topic-1b2dfa72_0742_408d_8778_e5614917b5d0 0 9 {"key11754569307829": "value-9"}
2025-08-07 12:21:59,222 INFO  [io.api.tes.ser.api.KafkaSerdesTester] (Thread-718) Consumed 10 messages
2025-08-07 12:21:59,230 INFO  [org.apa.kaf.cli.con.int.ConsumerRebalanceListenerInvoker] (Thread-718) [Consumer clientId=consumer-Consumer-topic-1b2dfa72_0742_408d_8778_e5614917b5d0-16, groupId=Consumer-topic-1b2dfa72_0742_408d_8778_e5614917b5d0] Revoke previously assigned partitions topic-1b2dfa72_0742_408d_8778_e5614917b5d0-0
2025-08-07 12:21:59,230 INFO  [org.apa.kaf.cli.con.int.ConsumerCoordinator] (Thread-718) [Consumer clientId=consumer-Consumer-topic-1b2dfa72_0742_408d_8778_e5614917b5d0-16, groupId=Consumer-topic-1b2dfa72_0742_408d_8778_e5614917b5d0] Member consumer-Consumer-topic-1b2dfa72_0742_408d_8778_e5614917b5d0-16-aa48f170-d20d-4374-b9de-5ca713f2b4e6 sending LeaveGroup request to coordinator localhost:32769 (id: 2147483647 rack: null) due to the consumer is being closed
2025-08-07 12:21:59,231 INFO  [org.apa.kaf.cli.con.int.ConsumerCoordinator] (Thread-718) [Consumer clientId=consumer-Consumer-topic-1b2dfa72_0742_408d_8778_e5614917b5d0-16, groupId=Consumer-topic-1b2dfa72_0742_408d_8778_e5614917b5d0] Resetting generation and member id due to: consumer pro-actively leaving the group
2025-08-07 12:21:59,231 INFO  [org.apa.kaf.cli.con.int.ConsumerCoordinator] (Thread-718) [Consumer clientId=consumer-Consumer-topic-1b2dfa72_0742_408d_8778_e5614917b5d0-16, groupId=Consumer-topic-1b2dfa72_0742_408d_8778_e5614917b5d0] Request joining group due to: consumer pro-actively leaving the group
2025-08-07 12:21:59,719 INFO  [org.apa.kaf.com.met.Metrics] (Thread-718) Metrics scheduler closed
2025-08-07 12:21:59,719 INFO  [org.apa.kaf.com.met.Metrics] (Thread-718) Closing reporter org.apache.kafka.common.metrics.JmxReporter
2025-08-07 12:21:59,719 INFO  [org.apa.kaf.com.met.Metrics] (Thread-718) Closing reporter org.apache.kafka.common.telemetry.internals.ClientTelemetryReporter
2025-08-07 12:21:59,719 INFO  [org.apa.kaf.com.met.Metrics] (Thread-718) Metrics reporters closed
2025-08-07 12:21:59,721 INFO  [org.apa.kaf.com.uti.AppInfoParser] (Thread-718) App info kafka.consumer for consumer-Consumer-topic-1b2dfa72_0742_408d_8778_e5614917b5d0-16 unregistered
2025-08-07 12:21:59,723 INFO  [io.api.tes.uti.TestSeparator] (main) io.apicurio.tests.serdes.apicurio.AvroSerdeIT.testAvroConfluentForMultipleTopics-FINISHED
2025-08-07 12:21:59,723 INFO  [io.api.tes.uti.TestSeparator] (main) ############################################################################
Test passed: testAvroConfluentForMultipleTopics
]]></system-out>
  </testcase>
  <testcase name="testFirstRequestFailsRateLimited" classname="io.apicurio.tests.serdes.apicurio.AvroSerdeIT" time="0.976">
    <system-out><![CDATA[2025-08-07 12:21:59,724 INFO  [io.api.tes.uti.TestSeparator] (main) ############################################################################
2025-08-07 12:21:59,724 INFO  [io.api.tes.uti.TestSeparator] (main) io.apicurio.tests.serdes.apicurio.AvroSerdeIT.testFirstRequestFailsRateLimited-STARTED
2025-08-07 12:22:00,259 WARN  [org.ecl.jet.ser.AbstractConnector] (main) Acceptors should be <= availableProcessors: NetworkTrafficServerConnector@6bb37a5{HTTP/1.1, (http/1.1, h2c)}{0.0.0.0:0} 
2025-08-07 12:22:00,349 INFO  [org.ecl.jet.ser.Server] (main) jetty-11.0.15; built: 2023-04-11T18:37:53.775Z; git: 5bc5e562c8d05c5862505aebe5cf83a61bdbcb96; jvm 17.0.16+8
2025-08-07 12:22:00,378 INFO  [org.ecl.jet.ser.han.ContextHandler] (main) Started o.e.j.s.ServletContextHandler@1345d18f{/__admin,null,AVAILABLE}
2025-08-07 12:22:00,386 INFO  [org.ecl.jet.ser.han.Con.ROOT] (main) RequestHandlerClass from context returned com.github.tomakehurst.wiremock.http.StubRequestHandler. Normalized mapped under returned 'null'
2025-08-07 12:22:00,386 INFO  [org.ecl.jet.ser.han.ContextHandler] (main) Started o.e.j.s.ServletContextHandler@2540ad71{/,null,AVAILABLE}
2025-08-07 12:22:00,394 INFO  [org.ecl.jet.ser.AbstractConnector] (main) Started NetworkTrafficServerConnector@6bb37a5{HTTP/1.1, (http/1.1, h2c)}{0.0.0.0:40041}
2025-08-07 12:22:00,396 INFO  [org.ecl.jet.ser.Server] (main) Started Server@26b01384{STARTING}[11.0.15,sto=1000] @103588ms
**** Registry Base URL: http://registry-app-inmemory.apps.ci419.apicurio-testing.org:80
2025-08-07 12:22:00,410 INFO  [org.apa.kaf.cli.pro.ProducerConfig] (main) ProducerConfig values: 
	acks = -1
	auto.include.jmx.reporter = true
	batch.size = 16384
	bootstrap.servers = [PLAINTEXT://localhost:32769]
	buffer.memory = 33554432
	client.dns.lookup = use_all_dns_ips
	client.id = Producer-topic-47c7e695_087a_4d7c_abd2_47935818d461
	compression.gzip.level = -1
	compression.lz4.level = 9
	compression.type = none
	compression.zstd.level = 3
	connections.max.idle.ms = 10000
	delivery.timeout.ms = 120000
	enable.idempotence = true
	enable.metrics.push = true
	interceptor.classes = []
	key.serializer = class org.apache.kafka.common.serialization.StringSerializer
	linger.ms = 0
	max.block.ms = 60000
	max.in.flight.requests.per.connection = 5
	max.request.size = 1048576
	metadata.max.age.ms = 300000
	metadata.max.idle.ms = 300000
	metadata.recovery.strategy = none
	metric.reporters = []
	metrics.num.samples = 2
	metrics.recording.level = INFO
	metrics.sample.window.ms = 30000
	partitioner.adaptive.partitioning.enable = true
	partitioner.availability.timeout.ms = 0
	partitioner.class = null
	partitioner.ignore.keys = false
	receive.buffer.bytes = 32768
	reconnect.backoff.max.ms = 1000
	reconnect.backoff.ms = 50
	request.timeout.ms = 5000
	retries = 2147483647
	retry.backoff.max.ms = 1000
	retry.backoff.ms = 100
	sasl.client.callback.handler.class = null
	sasl.jaas.config = null
	sasl.kerberos.kinit.cmd = /usr/bin/kinit
	sasl.kerberos.min.time.before.relogin = 60000
	sasl.kerberos.service.name = null
	sasl.kerberos.ticket.renew.jitter = 0.05
	sasl.kerberos.ticket.renew.window.factor = 0.8
	sasl.login.callback.handler.class = null
	sasl.login.class = null
	sasl.login.connect.timeout.ms = null
	sasl.login.read.timeout.ms = null
	sasl.login.refresh.buffer.seconds = 300
	sasl.login.refresh.min.period.seconds = 60
	sasl.login.refresh.window.factor = 0.8
	sasl.login.refresh.window.jitter = 0.05
	sasl.login.retry.backoff.max.ms = 10000
	sasl.login.retry.backoff.ms = 100
	sasl.mechanism = GSSAPI
	sasl.oauthbearer.clock.skew.seconds = 30
	sasl.oauthbearer.expected.audience = null
	sasl.oauthbearer.expected.issuer = null
	sasl.oauthbearer.header.urlencode = false
	sasl.oauthbearer.jwks.endpoint.refresh.ms = 3600000
	sasl.oauthbearer.jwks.endpoint.retry.backoff.max.ms = 10000
	sasl.oauthbearer.jwks.endpoint.retry.backoff.ms = 100
	sasl.oauthbearer.jwks.endpoint.url = null
	sasl.oauthbearer.scope.claim.name = scope
	sasl.oauthbearer.sub.claim.name = sub
	sasl.oauthbearer.token.endpoint.url = null
	security.protocol = PLAINTEXT
	security.providers = null
	send.buffer.bytes = 131072
	socket.connection.setup.timeout.max.ms = 30000
	socket.connection.setup.timeout.ms = 10000
	ssl.cipher.suites = null
	ssl.enabled.protocols = [TLSv1.2, TLSv1.3]
	ssl.endpoint.identification.algorithm = https
	ssl.engine.factory.class = null
	ssl.key.password = null
	ssl.keymanager.algorithm = SunX509
	ssl.keystore.certificate.chain = null
	ssl.keystore.key = null
	ssl.keystore.location = null
	ssl.keystore.password = null
	ssl.keystore.type = JKS
	ssl.protocol = TLSv1.3
	ssl.provider = null
	ssl.secure.random.implementation = null
	ssl.trustmanager.algorithm = PKIX
	ssl.truststore.certificates = null
	ssl.truststore.location = null
	ssl.truststore.password = null
	ssl.truststore.type = JKS
	transaction.timeout.ms = 60000
	transactional.id = null
	value.serializer = class io.apicurio.registry.serde.avro.AvroKafkaSerializer

2025-08-07 12:22:00,412 INFO  [org.apa.kaf.com.tel.int.KafkaMetricsCollector] (main) initializing Kafka metrics collector
2025-08-07 12:22:00,415 INFO  [org.apa.kaf.cli.pro.KafkaProducer] (main) [Producer clientId=Producer-topic-47c7e695_087a_4d7c_abd2_47935818d461] Instantiated an idempotent producer.
2025-08-07 12:22:00,420 INFO  [org.apa.kaf.cli.pro.ProducerConfig] (main) These configurations '[apicurio.registry.url, apicurio.registry.artifact-resolver-strategy]' were supplied but are not used yet.
2025-08-07 12:22:00,420 INFO  [org.apa.kaf.com.uti.AppInfoParser] (main) Kafka version: 3.9.1
2025-08-07 12:22:00,420 INFO  [org.apa.kaf.com.uti.AppInfoParser] (main) Kafka commitId: f745dfdcee2b9851
2025-08-07 12:22:00,420 INFO  [org.apa.kaf.com.uti.AppInfoParser] (main) Kafka startTimeMs: 1754569320420
2025-08-07 12:22:00,425 INFO  [io.api.tes.ser.api.KafkaSerdesTester] (Thread-729) Sending message {"keyB": "value-0"} to topic topic-47c7e695_087a_4d7c_abd2_47935818d461
2025-08-07 12:22:00,425 INFO  [org.apa.kaf.cli.Metadata] (kafka-producer-network-thread | Producer-topic-47c7e695_087a_4d7c_abd2_47935818d461) [Producer clientId=Producer-topic-47c7e695_087a_4d7c_abd2_47935818d461] Cluster ID: CeYNmdzmRCaaSk-AVslC4g
2025-08-07 12:22:00,426 INFO  [org.apa.kaf.cli.pro.int.TransactionManager] (kafka-producer-network-thread | Producer-topic-47c7e695_087a_4d7c_abd2_47935818d461) [Producer clientId=Producer-topic-47c7e695_087a_4d7c_abd2_47935818d461] ProducerId set to 22 with epoch 0
2025-08-07 12:22:00,430 WARN  [org.apa.kaf.cli.NetworkClient] (kafka-producer-network-thread | Producer-topic-47c7e695_087a_4d7c_abd2_47935818d461) [Producer clientId=Producer-topic-47c7e695_087a_4d7c_abd2_47935818d461] The metadata response from the cluster reported a recoverable issue with correlation id 5 : {topic-47c7e695_087a_4d7c_abd2_47935818d461=UNKNOWN_TOPIC_OR_PARTITION}
2025-08-07 12:22:00,545 INFO  [DefaultSchemaResolver] (Thread-729) Retrieving schema content using string: {"type":"record","name":"myrecord","namespace":"mygroup","fields":[{"name":"keyB","type":"string"}]}
2025-08-07 12:22:00,684 INFO  [org.apa.kaf.cli.pro.KafkaProducer] (Thread-729) [Producer clientId=Producer-topic-47c7e695_087a_4d7c_abd2_47935818d461] Closing the Kafka producer with timeoutMillis = 9223372036854775807 ms.
2025-08-07 12:22:00,686 INFO  [org.apa.kaf.com.met.Metrics] (Thread-729) Metrics scheduler closed
2025-08-07 12:22:00,686 INFO  [org.apa.kaf.com.met.Metrics] (Thread-729) Closing reporter org.apache.kafka.common.metrics.JmxReporter
2025-08-07 12:22:00,686 INFO  [org.apa.kaf.com.met.Metrics] (Thread-729) Closing reporter org.apache.kafka.common.telemetry.internals.ClientTelemetryReporter
2025-08-07 12:22:00,686 INFO  [org.apa.kaf.com.met.Metrics] (Thread-729) Metrics reporters closed
2025-08-07 12:22:00,689 INFO  [org.apa.kaf.com.uti.AppInfoParser] (Thread-729) App info kafka.producer for Producer-topic-47c7e695_087a_4d7c_abd2_47935818d461 unregistered
2025-08-07 12:22:00,689 INFO  [org.ecl.jet.ser.Server] (main) Stopped Server@26b01384{STOPPING}[11.0.15,sto=1000]
2025-08-07 12:22:00,689 INFO  [org.ecl.jet.ser.Server] (main) Shutdown Server@26b01384{STOPPING}[11.0.15,sto=1000]
2025-08-07 12:22:00,694 INFO  [org.ecl.jet.ser.AbstractConnector] (main) Stopped NetworkTrafficServerConnector@6bb37a5{HTTP/1.1, (http/1.1, h2c)}{0.0.0.0:0}
2025-08-07 12:22:00,695 INFO  [org.ecl.jet.ser.han.ContextHandler] (main) Stopped o.e.j.s.ServletContextHandler@2540ad71{/,null,STOPPED}
2025-08-07 12:22:00,695 INFO  [org.ecl.jet.ser.han.ContextHandler] (main) Stopped o.e.j.s.ServletContextHandler@1345d18f{/__admin,null,STOPPED}
2025-08-07 12:22:00,699 INFO  [io.api.tes.uti.TestSeparator] (main) io.apicurio.tests.serdes.apicurio.AvroSerdeIT.testFirstRequestFailsRateLimited-FINISHED
2025-08-07 12:22:00,699 INFO  [io.api.tes.uti.TestSeparator] (main) ############################################################################
Test passed: testFirstRequestFailsRateLimited
]]></system-out>
    <system-err><![CDATA[com.microsoft.kiota.ApiException: the server returned an unexpected status code and no error class is registered for this code 429
	at com.microsoft.kiota.ApiExceptionBuilder.withMessage(ApiExceptionBuilder.java:45)
	at io.kiota.http.vertx.VertXRequestAdapter.throwIfFailedResponse(VertXRequestAdapter.java:370)
	at io.kiota.http.vertx.VertXRequestAdapter.send(VertXRequestAdapter.java:170)
	at io.apicurio.registry.rest.client.search.versions.VersionsRequestBuilder.post(VersionsRequestBuilder.java:94)
	at io.apicurio.registry.resolver.client.RegistryClientFacadeImpl.searchVersionsByContent(RegistryClientFacadeImpl.java:106)
	at io.apicurio.registry.resolver.DefaultSchemaResolver.lambda$handleResolveSchemaByContent$3(DefaultSchemaResolver.java:258)
	at io.apicurio.registry.resolver.cache.ERCache.lambda$getValue$0(ERCache.java:174)
	at io.apicurio.registry.resolver.cache.ERCache.retry(ERCache.java:227)
	at io.apicurio.registry.resolver.cache.ERCache.getValue(ERCache.java:173)
	at io.apicurio.registry.resolver.cache.ERCache.getByContent(ERCache.java:147)
	at io.apicurio.registry.resolver.DefaultSchemaResolver.handleResolveSchemaByContent(DefaultSchemaResolver.java:253)
	at io.apicurio.registry.resolver.DefaultSchemaResolver.getSchemaFromRegistry(DefaultSchemaResolver.java:138)
	at io.apicurio.registry.resolver.DefaultSchemaResolver.lambda$resolveSchema$0(DefaultSchemaResolver.java:84)
	at java.base/java.util.Optional.orElseGet(Optional.java:364)
	at io.apicurio.registry.resolver.DefaultSchemaResolver.resolveSchema(DefaultSchemaResolver.java:84)
	at io.apicurio.registry.serde.AbstractSerializer.serializeData(AbstractSerializer.java:62)
	at io.apicurio.registry.serde.KafkaSerializer.serialize(KafkaSerializer.java:77)
	at org.apache.kafka.clients.producer.KafkaProducer.doSend(KafkaProducer.java:1046)
	at org.apache.kafka.clients.producer.KafkaProducer.send(KafkaProducer.java:993)
	at org.apache.kafka.clients.producer.KafkaProducer.send(KafkaProducer.java:875)
	at io.apicurio.tests.serdes.apicurio.KafkaSerdesTester.lambda$produceMessages$3(KafkaSerdesTester.java:138)
	at java.base/java.util.concurrent.CompletableFuture$AsyncSupply.run(CompletableFuture.java:1768)
	at java.base/java.lang.Thread.run(Thread.java:840)
]]></system-err>
  </testcase>
  <testcase name="testFirstEmptyFieldConfusedAsMagicByte" classname="io.apicurio.tests.serdes.apicurio.AvroSerdeIT" time="3.777">
    <system-out><![CDATA[2025-08-07 12:22:00,701 INFO  [io.api.tes.uti.TestSeparator] (main) ############################################################################
2025-08-07 12:22:00,701 INFO  [io.api.tes.uti.TestSeparator] (main) io.apicurio.tests.serdes.apicurio.AvroSerdeIT.testFirstEmptyFieldConfusedAsMagicByte-STARTED
**** Registry Base URL: http://registry-app-inmemory.apps.ci419.apicurio-testing.org:80
2025-08-07 12:22:00,709 INFO  [org.apa.kaf.cli.pro.ProducerConfig] (main) ProducerConfig values: 
	acks = -1
	auto.include.jmx.reporter = true
	batch.size = 16384
	bootstrap.servers = [PLAINTEXT://localhost:32769]
	buffer.memory = 33554432
	client.dns.lookup = use_all_dns_ips
	client.id = Producer-topic-a03d3a94_a85c_4700_bf5f_2828a17c4b78
	compression.gzip.level = -1
	compression.lz4.level = 9
	compression.type = none
	compression.zstd.level = 3
	connections.max.idle.ms = 10000
	delivery.timeout.ms = 120000
	enable.idempotence = true
	enable.metrics.push = true
	interceptor.classes = []
	key.serializer = class org.apache.kafka.common.serialization.StringSerializer
	linger.ms = 0
	max.block.ms = 60000
	max.in.flight.requests.per.connection = 5
	max.request.size = 1048576
	metadata.max.age.ms = 300000
	metadata.max.idle.ms = 300000
	metadata.recovery.strategy = none
	metric.reporters = []
	metrics.num.samples = 2
	metrics.recording.level = INFO
	metrics.sample.window.ms = 30000
	partitioner.adaptive.partitioning.enable = true
	partitioner.availability.timeout.ms = 0
	partitioner.class = null
	partitioner.ignore.keys = false
	receive.buffer.bytes = 32768
	reconnect.backoff.max.ms = 1000
	reconnect.backoff.ms = 50
	request.timeout.ms = 5000
	retries = 2147483647
	retry.backoff.max.ms = 1000
	retry.backoff.ms = 100
	sasl.client.callback.handler.class = null
	sasl.jaas.config = null
	sasl.kerberos.kinit.cmd = /usr/bin/kinit
	sasl.kerberos.min.time.before.relogin = 60000
	sasl.kerberos.service.name = null
	sasl.kerberos.ticket.renew.jitter = 0.05
	sasl.kerberos.ticket.renew.window.factor = 0.8
	sasl.login.callback.handler.class = null
	sasl.login.class = null
	sasl.login.connect.timeout.ms = null
	sasl.login.read.timeout.ms = null
	sasl.login.refresh.buffer.seconds = 300
	sasl.login.refresh.min.period.seconds = 60
	sasl.login.refresh.window.factor = 0.8
	sasl.login.refresh.window.jitter = 0.05
	sasl.login.retry.backoff.max.ms = 10000
	sasl.login.retry.backoff.ms = 100
	sasl.mechanism = GSSAPI
	sasl.oauthbearer.clock.skew.seconds = 30
	sasl.oauthbearer.expected.audience = null
	sasl.oauthbearer.expected.issuer = null
	sasl.oauthbearer.header.urlencode = false
	sasl.oauthbearer.jwks.endpoint.refresh.ms = 3600000
	sasl.oauthbearer.jwks.endpoint.retry.backoff.max.ms = 10000
	sasl.oauthbearer.jwks.endpoint.retry.backoff.ms = 100
	sasl.oauthbearer.jwks.endpoint.url = null
	sasl.oauthbearer.scope.claim.name = scope
	sasl.oauthbearer.sub.claim.name = sub
	sasl.oauthbearer.token.endpoint.url = null
	security.protocol = PLAINTEXT
	security.providers = null
	send.buffer.bytes = 131072
	socket.connection.setup.timeout.max.ms = 30000
	socket.connection.setup.timeout.ms = 10000
	ssl.cipher.suites = null
	ssl.enabled.protocols = [TLSv1.2, TLSv1.3]
	ssl.endpoint.identification.algorithm = https
	ssl.engine.factory.class = null
	ssl.key.password = null
	ssl.keymanager.algorithm = SunX509
	ssl.keystore.certificate.chain = null
	ssl.keystore.key = null
	ssl.keystore.location = null
	ssl.keystore.password = null
	ssl.keystore.type = JKS
	ssl.protocol = TLSv1.3
	ssl.provider = null
	ssl.secure.random.implementation = null
	ssl.trustmanager.algorithm = PKIX
	ssl.truststore.certificates = null
	ssl.truststore.location = null
	ssl.truststore.password = null
	ssl.truststore.type = JKS
	transaction.timeout.ms = 60000
	transactional.id = null
	value.serializer = class io.apicurio.registry.serde.avro.AvroKafkaSerializer

2025-08-07 12:22:00,709 INFO  [org.apa.kaf.com.tel.int.KafkaMetricsCollector] (main) initializing Kafka metrics collector
2025-08-07 12:22:00,718 INFO  [org.apa.kaf.cli.pro.KafkaProducer] (main) [Producer clientId=Producer-topic-a03d3a94_a85c_4700_bf5f_2828a17c4b78] Instantiated an idempotent producer.
2025-08-07 12:22:00,719 INFO  [org.apa.kaf.cli.pro.ProducerConfig] (main) These configurations '[apicurio.registry.url, apicurio.registry.auto-register, apicurio.registry.artifact-resolver-strategy]' were supplied but are not used yet.
2025-08-07 12:22:00,720 INFO  [org.apa.kaf.com.uti.AppInfoParser] (main) Kafka version: 3.9.1
2025-08-07 12:22:00,720 INFO  [org.apa.kaf.com.uti.AppInfoParser] (main) Kafka commitId: f745dfdcee2b9851
2025-08-07 12:22:00,720 INFO  [org.apa.kaf.com.uti.AppInfoParser] (main) Kafka startTimeMs: 1754569320720
2025-08-07 12:22:00,721 INFO  [io.api.tes.ser.api.SimpleSerdesTesterBuilder$SimpleSerdesTester] (main) Using producer configuration: {apicurio.registry.url=http://registry-app-inmemory.apps.ci419.apicurio-testing.org:80/apis/registry/v3, apicurio.registry.auto-register=true, apicurio.registry.artifact-resolver-strategy=io.apicurio.registry.serde.strategy.SimpleTopicIdStrategy, value.serializer=io.apicurio.registry.serde.avro.AvroKafkaSerializer, request.timeout.ms=5000, acks=all, bootstrap.servers=PLAINTEXT://localhost:32769, connections.max.idle.ms=10000, key.serializer=org.apache.kafka.common.serialization.StringSerializer, client.id=Producer-topic-a03d3a94_a85c_4700_bf5f_2828a17c4b78}
2025-08-07 12:22:00,721 INFO  [io.api.tes.ser.api.SimpleSerdesTesterBuilder$SimpleSerdesTester] (main) Using consumer configuration: {}
2025-08-07 12:22:00,722 INFO  [io.api.tes.ser.api.KafkaSerdesTester] (Thread-732) Sending message {"username": null} to topic topic-a03d3a94_a85c_4700_bf5f_2828a17c4b78
2025-08-07 12:22:00,726 WARN  [org.apa.kaf.cli.NetworkClient] (kafka-producer-network-thread | Producer-topic-a03d3a94_a85c_4700_bf5f_2828a17c4b78) [Producer clientId=Producer-topic-a03d3a94_a85c_4700_bf5f_2828a17c4b78] The metadata response from the cluster reported a recoverable issue with correlation id 1 : {topic-a03d3a94_a85c_4700_bf5f_2828a17c4b78=UNKNOWN_TOPIC_OR_PARTITION}
2025-08-07 12:22:00,726 INFO  [org.apa.kaf.cli.Metadata] (kafka-producer-network-thread | Producer-topic-a03d3a94_a85c_4700_bf5f_2828a17c4b78) [Producer clientId=Producer-topic-a03d3a94_a85c_4700_bf5f_2828a17c4b78] Cluster ID: CeYNmdzmRCaaSk-AVslC4g
2025-08-07 12:22:00,726 INFO  [org.apa.kaf.cli.pro.int.TransactionManager] (kafka-producer-network-thread | Producer-topic-a03d3a94_a85c_4700_bf5f_2828a17c4b78) [Producer clientId=Producer-topic-a03d3a94_a85c_4700_bf5f_2828a17c4b78] ProducerId set to 23 with epoch 0
2025-08-07 12:22:00,870 INFO  [io.api.tes.ser.api.KafkaSerdesTester] (Thread-732) Sending message {"username": null} to topic topic-a03d3a94_a85c_4700_bf5f_2828a17c4b78
2025-08-07 12:22:00,873 INFO  [io.api.tes.ser.api.KafkaSerdesTester] (Thread-732) Sending message {"username": "value-2"} to topic topic-a03d3a94_a85c_4700_bf5f_2828a17c4b78
2025-08-07 12:22:00,874 INFO  [io.api.tes.ser.api.KafkaSerdesTester] (Thread-732) Sending message {"username": null} to topic topic-a03d3a94_a85c_4700_bf5f_2828a17c4b78
2025-08-07 12:22:00,875 INFO  [io.api.tes.ser.api.KafkaSerdesTester] (Thread-732) Sending message {"username": "value-4"} to topic topic-a03d3a94_a85c_4700_bf5f_2828a17c4b78
2025-08-07 12:22:00,876 INFO  [io.api.tes.ser.api.KafkaSerdesTester] (Thread-732) Sending message {"username": null} to topic topic-a03d3a94_a85c_4700_bf5f_2828a17c4b78
2025-08-07 12:22:00,878 INFO  [io.api.tes.ser.api.KafkaSerdesTester] (Thread-732) Sending message {"username": "value-6"} to topic topic-a03d3a94_a85c_4700_bf5f_2828a17c4b78
2025-08-07 12:22:00,879 INFO  [io.api.tes.ser.api.KafkaSerdesTester] (Thread-732) Sending message {"username": null} to topic topic-a03d3a94_a85c_4700_bf5f_2828a17c4b78
2025-08-07 12:22:00,880 INFO  [io.api.tes.ser.api.KafkaSerdesTester] (Thread-732) Sending message {"username": "value-8"} to topic topic-a03d3a94_a85c_4700_bf5f_2828a17c4b78
2025-08-07 12:22:00,881 INFO  [io.api.tes.ser.api.KafkaSerdesTester] (Thread-732) Sending message {"username": null} to topic topic-a03d3a94_a85c_4700_bf5f_2828a17c4b78
2025-08-07 12:22:00,883 INFO  [io.api.tes.ser.api.KafkaSerdesTester] (Thread-732) Produced 10 messages
2025-08-07 12:22:00,883 INFO  [org.apa.kaf.cli.pro.KafkaProducer] (Thread-732) [Producer clientId=Producer-topic-a03d3a94_a85c_4700_bf5f_2828a17c4b78] Closing the Kafka producer with timeoutMillis = 9223372036854775807 ms.
2025-08-07 12:22:00,885 INFO  [org.apa.kaf.com.met.Metrics] (Thread-732) Metrics scheduler closed
2025-08-07 12:22:00,885 INFO  [org.apa.kaf.com.met.Metrics] (Thread-732) Closing reporter org.apache.kafka.common.metrics.JmxReporter
2025-08-07 12:22:00,885 INFO  [org.apa.kaf.com.met.Metrics] (Thread-732) Closing reporter org.apache.kafka.common.telemetry.internals.ClientTelemetryReporter
2025-08-07 12:22:00,885 INFO  [org.apa.kaf.com.met.Metrics] (Thread-732) Metrics reporters closed
2025-08-07 12:22:00,885 INFO  [org.apa.kaf.com.uti.AppInfoParser] (Thread-732) App info kafka.producer for Producer-topic-a03d3a94_a85c_4700_bf5f_2828a17c4b78 unregistered
**** Registry Base URL: http://registry-app-inmemory.apps.ci419.apicurio-testing.org:80
2025-08-07 12:22:00,903 INFO  [org.apa.kaf.cli.con.ConsumerConfig] (main) ConsumerConfig values: 
	allow.auto.create.topics = true
	auto.commit.interval.ms = 500
	auto.include.jmx.reporter = true
	auto.offset.reset = earliest
	bootstrap.servers = [PLAINTEXT://localhost:32769]
	check.crcs = true
	client.dns.lookup = use_all_dns_ips
	client.id = consumer-Consumer-topic-a03d3a94_a85c_4700_bf5f_2828a17c4b78-17
	client.rack = 
	connections.max.idle.ms = 10000
	default.api.timeout.ms = 60000
	enable.auto.commit = true
	enable.metrics.push = true
	exclude.internal.topics = true
	fetch.max.bytes = 52428800
	fetch.max.wait.ms = 500
	fetch.min.bytes = 1
	group.id = Consumer-topic-a03d3a94_a85c_4700_bf5f_2828a17c4b78
	group.instance.id = null
	group.protocol = classic
	group.remote.assignor = null
	heartbeat.interval.ms = 3000
	interceptor.classes = []
	internal.leave.group.on.close = true
	internal.throw.on.fetch.stable.offset.unsupported = false
	isolation.level = read_uncommitted
	key.deserializer = class org.apache.kafka.common.serialization.StringDeserializer
	max.partition.fetch.bytes = 1048576
	max.poll.interval.ms = 300000
	max.poll.records = 500
	metadata.max.age.ms = 300000
	metadata.recovery.strategy = none
	metric.reporters = []
	metrics.num.samples = 2
	metrics.recording.level = INFO
	metrics.sample.window.ms = 30000
	partition.assignment.strategy = [class org.apache.kafka.clients.consumer.RangeAssignor, class org.apache.kafka.clients.consumer.CooperativeStickyAssignor]
	receive.buffer.bytes = 65536
	reconnect.backoff.max.ms = 1000
	reconnect.backoff.ms = 50
	request.timeout.ms = 5000
	retry.backoff.max.ms = 1000
	retry.backoff.ms = 100
	sasl.client.callback.handler.class = null
	sasl.jaas.config = null
	sasl.kerberos.kinit.cmd = /usr/bin/kinit
	sasl.kerberos.min.time.before.relogin = 60000
	sasl.kerberos.service.name = null
	sasl.kerberos.ticket.renew.jitter = 0.05
	sasl.kerberos.ticket.renew.window.factor = 0.8
	sasl.login.callback.handler.class = null
	sasl.login.class = null
	sasl.login.connect.timeout.ms = null
	sasl.login.read.timeout.ms = null
	sasl.login.refresh.buffer.seconds = 300
	sasl.login.refresh.min.period.seconds = 60
	sasl.login.refresh.window.factor = 0.8
	sasl.login.refresh.window.jitter = 0.05
	sasl.login.retry.backoff.max.ms = 10000
	sasl.login.retry.backoff.ms = 100
	sasl.mechanism = GSSAPI
	sasl.oauthbearer.clock.skew.seconds = 30
	sasl.oauthbearer.expected.audience = null
	sasl.oauthbearer.expected.issuer = null
	sasl.oauthbearer.header.urlencode = false
	sasl.oauthbearer.jwks.endpoint.refresh.ms = 3600000
	sasl.oauthbearer.jwks.endpoint.retry.backoff.max.ms = 10000
	sasl.oauthbearer.jwks.endpoint.retry.backoff.ms = 100
	sasl.oauthbearer.jwks.endpoint.url = null
	sasl.oauthbearer.scope.claim.name = scope
	sasl.oauthbearer.sub.claim.name = sub
	sasl.oauthbearer.token.endpoint.url = null
	security.protocol = PLAINTEXT
	security.providers = null
	send.buffer.bytes = 131072
	session.timeout.ms = 45000
	socket.connection.setup.timeout.max.ms = 30000
	socket.connection.setup.timeout.ms = 10000
	ssl.cipher.suites = null
	ssl.enabled.protocols = [TLSv1.2, TLSv1.3]
	ssl.endpoint.identification.algorithm = https
	ssl.engine.factory.class = null
	ssl.key.password = null
	ssl.keymanager.algorithm = SunX509
	ssl.keystore.certificate.chain = null
	ssl.keystore.key = null
	ssl.keystore.location = null
	ssl.keystore.password = null
	ssl.keystore.type = JKS
	ssl.protocol = TLSv1.3
	ssl.provider = null
	ssl.secure.random.implementation = null
	ssl.trustmanager.algorithm = PKIX
	ssl.truststore.certificates = null
	ssl.truststore.location = null
	ssl.truststore.password = null
	ssl.truststore.type = JKS
	value.deserializer = class io.apicurio.registry.serde.avro.AvroKafkaDeserializer

2025-08-07 12:22:00,903 INFO  [org.apa.kaf.com.tel.int.KafkaMetricsCollector] (main) initializing Kafka metrics collector
2025-08-07 12:22:00,911 INFO  [org.apa.kaf.cli.con.ConsumerConfig] (main) These configurations '[apicurio.registry.url]' were supplied but are not used yet.
2025-08-07 12:22:00,911 INFO  [org.apa.kaf.com.uti.AppInfoParser] (main) Kafka version: 3.9.1
2025-08-07 12:22:00,911 INFO  [org.apa.kaf.com.uti.AppInfoParser] (main) Kafka commitId: f745dfdcee2b9851
2025-08-07 12:22:00,911 INFO  [org.apa.kaf.com.uti.AppInfoParser] (main) Kafka startTimeMs: 1754569320911
2025-08-07 12:22:00,912 INFO  [org.apa.kaf.cli.con.int.ClassicKafkaConsumer] (Thread-735) [Consumer clientId=consumer-Consumer-topic-a03d3a94_a85c_4700_bf5f_2828a17c4b78-17, groupId=Consumer-topic-a03d3a94_a85c_4700_bf5f_2828a17c4b78] Subscribed to topic(s): topic-a03d3a94_a85c_4700_bf5f_2828a17c4b78
2025-08-07 12:22:00,915 INFO  [org.apa.kaf.cli.Metadata] (Thread-735) [Consumer clientId=consumer-Consumer-topic-a03d3a94_a85c_4700_bf5f_2828a17c4b78-17, groupId=Consumer-topic-a03d3a94_a85c_4700_bf5f_2828a17c4b78] Cluster ID: CeYNmdzmRCaaSk-AVslC4g
2025-08-07 12:22:00,916 INFO  [org.apa.kaf.cli.con.int.ConsumerCoordinator] (Thread-735) [Consumer clientId=consumer-Consumer-topic-a03d3a94_a85c_4700_bf5f_2828a17c4b78-17, groupId=Consumer-topic-a03d3a94_a85c_4700_bf5f_2828a17c4b78] Discovered group coordinator localhost:32769 (id: 2147483647 rack: null)
2025-08-07 12:22:00,917 INFO  [org.apa.kaf.cli.con.int.ConsumerCoordinator] (Thread-735) [Consumer clientId=consumer-Consumer-topic-a03d3a94_a85c_4700_bf5f_2828a17c4b78-17, groupId=Consumer-topic-a03d3a94_a85c_4700_bf5f_2828a17c4b78] (Re-)joining group
2025-08-07 12:22:00,920 INFO  [org.apa.kaf.cli.con.int.ConsumerCoordinator] (Thread-735) [Consumer clientId=consumer-Consumer-topic-a03d3a94_a85c_4700_bf5f_2828a17c4b78-17, groupId=Consumer-topic-a03d3a94_a85c_4700_bf5f_2828a17c4b78] Request joining group due to: need to re-join with the given member-id: consumer-Consumer-topic-a03d3a94_a85c_4700_bf5f_2828a17c4b78-17-1f637dd2-9bfd-4d74-af8b-33c235d6c5dd
2025-08-07 12:22:00,920 INFO  [org.apa.kaf.cli.con.int.ConsumerCoordinator] (Thread-735) [Consumer clientId=consumer-Consumer-topic-a03d3a94_a85c_4700_bf5f_2828a17c4b78-17, groupId=Consumer-topic-a03d3a94_a85c_4700_bf5f_2828a17c4b78] (Re-)joining group
2025-08-07 12:22:01,913 INFO  [io.api.tes.ser.api.KafkaSerdesTester] (Thread-735) None found
2025-08-07 12:22:02,913 INFO  [io.api.tes.ser.api.KafkaSerdesTester] (Thread-735) None found
2025-08-07 12:22:03,913 INFO  [io.api.tes.ser.api.KafkaSerdesTester] (Thread-735) None found
2025-08-07 12:22:03,921 INFO  [org.apa.kaf.cli.con.int.ConsumerCoordinator] (Thread-735) [Consumer clientId=consumer-Consumer-topic-a03d3a94_a85c_4700_bf5f_2828a17c4b78-17, groupId=Consumer-topic-a03d3a94_a85c_4700_bf5f_2828a17c4b78] Successfully joined group with generation Generation{generationId=1, memberId='consumer-Consumer-topic-a03d3a94_a85c_4700_bf5f_2828a17c4b78-17-1f637dd2-9bfd-4d74-af8b-33c235d6c5dd', protocol='range'}
2025-08-07 12:22:03,921 INFO  [org.apa.kaf.cli.con.int.ConsumerCoordinator] (Thread-735) [Consumer clientId=consumer-Consumer-topic-a03d3a94_a85c_4700_bf5f_2828a17c4b78-17, groupId=Consumer-topic-a03d3a94_a85c_4700_bf5f_2828a17c4b78] Finished assignment for group at generation 1: {consumer-Consumer-topic-a03d3a94_a85c_4700_bf5f_2828a17c4b78-17-1f637dd2-9bfd-4d74-af8b-33c235d6c5dd=Assignment(partitions=[topic-a03d3a94_a85c_4700_bf5f_2828a17c4b78-0])}
2025-08-07 12:22:03,929 INFO  [org.apa.kaf.cli.con.int.ConsumerCoordinator] (Thread-735) [Consumer clientId=consumer-Consumer-topic-a03d3a94_a85c_4700_bf5f_2828a17c4b78-17, groupId=Consumer-topic-a03d3a94_a85c_4700_bf5f_2828a17c4b78] Successfully synced group in generation Generation{generationId=1, memberId='consumer-Consumer-topic-a03d3a94_a85c_4700_bf5f_2828a17c4b78-17-1f637dd2-9bfd-4d74-af8b-33c235d6c5dd', protocol='range'}
2025-08-07 12:22:03,929 INFO  [org.apa.kaf.cli.con.int.ConsumerCoordinator] (Thread-735) [Consumer clientId=consumer-Consumer-topic-a03d3a94_a85c_4700_bf5f_2828a17c4b78-17, groupId=Consumer-topic-a03d3a94_a85c_4700_bf5f_2828a17c4b78] Notifying assignor about the new Assignment(partitions=[topic-a03d3a94_a85c_4700_bf5f_2828a17c4b78-0])
2025-08-07 12:22:03,930 INFO  [org.apa.kaf.cli.con.int.ConsumerRebalanceListenerInvoker] (Thread-735) [Consumer clientId=consumer-Consumer-topic-a03d3a94_a85c_4700_bf5f_2828a17c4b78-17, groupId=Consumer-topic-a03d3a94_a85c_4700_bf5f_2828a17c4b78] Adding newly assigned partitions: topic-a03d3a94_a85c_4700_bf5f_2828a17c4b78-0
2025-08-07 12:22:03,931 INFO  [org.apa.kaf.cli.con.int.ConsumerCoordinator] (Thread-735) [Consumer clientId=consumer-Consumer-topic-a03d3a94_a85c_4700_bf5f_2828a17c4b78-17, groupId=Consumer-topic-a03d3a94_a85c_4700_bf5f_2828a17c4b78] Found no committed offset for partition topic-a03d3a94_a85c_4700_bf5f_2828a17c4b78-0
2025-08-07 12:22:03,934 INFO  [org.apa.kaf.cli.con.int.SubscriptionState] (Thread-735) [Consumer clientId=consumer-Consumer-topic-a03d3a94_a85c_4700_bf5f_2828a17c4b78-17, groupId=Consumer-topic-a03d3a94_a85c_4700_bf5f_2828a17c4b78] Resetting offset for partition topic-a03d3a94_a85c_4700_bf5f_2828a17c4b78-0 to position FetchPosition{offset=0, offsetEpoch=Optional.empty, currentLeader=LeaderAndEpoch{leader=Optional[localhost:32769 (id: 0 rack: null)], epoch=0}}.
2025-08-07 12:22:03,972 INFO  [io.api.tes.ser.api.KafkaSerdesTester] (Thread-735) topic-a03d3a94_a85c_4700_bf5f_2828a17c4b78 0 0 {"username": null}
2025-08-07 12:22:03,972 INFO  [io.api.tes.ser.api.KafkaSerdesTester] (Thread-735) topic-a03d3a94_a85c_4700_bf5f_2828a17c4b78 0 1 {"username": null}
2025-08-07 12:22:03,972 INFO  [io.api.tes.ser.api.KafkaSerdesTester] (Thread-735) topic-a03d3a94_a85c_4700_bf5f_2828a17c4b78 0 2 {"username": "value-2"}
2025-08-07 12:22:03,972 INFO  [io.api.tes.ser.api.KafkaSerdesTester] (Thread-735) topic-a03d3a94_a85c_4700_bf5f_2828a17c4b78 0 3 {"username": null}
2025-08-07 12:22:03,972 INFO  [io.api.tes.ser.api.KafkaSerdesTester] (Thread-735) topic-a03d3a94_a85c_4700_bf5f_2828a17c4b78 0 4 {"username": "value-4"}
2025-08-07 12:22:03,972 INFO  [io.api.tes.ser.api.KafkaSerdesTester] (Thread-735) topic-a03d3a94_a85c_4700_bf5f_2828a17c4b78 0 5 {"username": null}
2025-08-07 12:22:03,972 INFO  [io.api.tes.ser.api.KafkaSerdesTester] (Thread-735) topic-a03d3a94_a85c_4700_bf5f_2828a17c4b78 0 6 {"username": "value-6"}
2025-08-07 12:22:03,972 INFO  [io.api.tes.ser.api.KafkaSerdesTester] (Thread-735) topic-a03d3a94_a85c_4700_bf5f_2828a17c4b78 0 7 {"username": null}
2025-08-07 12:22:03,973 INFO  [io.api.tes.ser.api.KafkaSerdesTester] (Thread-735) topic-a03d3a94_a85c_4700_bf5f_2828a17c4b78 0 8 {"username": "value-8"}
2025-08-07 12:22:03,974 INFO  [io.api.tes.ser.api.KafkaSerdesTester] (Thread-735) topic-a03d3a94_a85c_4700_bf5f_2828a17c4b78 0 9 {"username": null}
2025-08-07 12:22:03,974 INFO  [io.api.tes.ser.api.KafkaSerdesTester] (Thread-735) Consumed 10 messages
2025-08-07 12:22:03,983 INFO  [org.apa.kaf.cli.con.int.ConsumerRebalanceListenerInvoker] (Thread-735) [Consumer clientId=consumer-Consumer-topic-a03d3a94_a85c_4700_bf5f_2828a17c4b78-17, groupId=Consumer-topic-a03d3a94_a85c_4700_bf5f_2828a17c4b78] Revoke previously assigned partitions topic-a03d3a94_a85c_4700_bf5f_2828a17c4b78-0
2025-08-07 12:22:03,983 INFO  [org.apa.kaf.cli.con.int.ConsumerCoordinator] (Thread-735) [Consumer clientId=consumer-Consumer-topic-a03d3a94_a85c_4700_bf5f_2828a17c4b78-17, groupId=Consumer-topic-a03d3a94_a85c_4700_bf5f_2828a17c4b78] Member consumer-Consumer-topic-a03d3a94_a85c_4700_bf5f_2828a17c4b78-17-1f637dd2-9bfd-4d74-af8b-33c235d6c5dd sending LeaveGroup request to coordinator localhost:32769 (id: 2147483647 rack: null) due to the consumer is being closed
2025-08-07 12:22:03,984 INFO  [org.apa.kaf.cli.con.int.ConsumerCoordinator] (Thread-735) [Consumer clientId=consumer-Consumer-topic-a03d3a94_a85c_4700_bf5f_2828a17c4b78-17, groupId=Consumer-topic-a03d3a94_a85c_4700_bf5f_2828a17c4b78] Resetting generation and member id due to: consumer pro-actively leaving the group
2025-08-07 12:22:03,984 INFO  [org.apa.kaf.cli.con.int.ConsumerCoordinator] (Thread-735) [Consumer clientId=consumer-Consumer-topic-a03d3a94_a85c_4700_bf5f_2828a17c4b78-17, groupId=Consumer-topic-a03d3a94_a85c_4700_bf5f_2828a17c4b78] Request joining group due to: consumer pro-actively leaving the group
2025-08-07 12:22:04,474 INFO  [org.apa.kaf.com.met.Metrics] (Thread-735) Metrics scheduler closed
2025-08-07 12:22:04,474 INFO  [org.apa.kaf.com.met.Metrics] (Thread-735) Closing reporter org.apache.kafka.common.metrics.JmxReporter
2025-08-07 12:22:04,474 INFO  [org.apa.kaf.com.met.Metrics] (Thread-735) Closing reporter org.apache.kafka.common.telemetry.internals.ClientTelemetryReporter
2025-08-07 12:22:04,474 INFO  [org.apa.kaf.com.met.Metrics] (Thread-735) Metrics reporters closed
2025-08-07 12:22:04,476 INFO  [org.apa.kaf.com.uti.AppInfoParser] (Thread-735) App info kafka.consumer for consumer-Consumer-topic-a03d3a94_a85c_4700_bf5f_2828a17c4b78-17 unregistered
2025-08-07 12:22:04,477 INFO  [io.api.tes.uti.TestSeparator] (main) io.apicurio.tests.serdes.apicurio.AvroSerdeIT.testFirstEmptyFieldConfusedAsMagicByte-FINISHED
2025-08-07 12:22:04,477 INFO  [io.api.tes.uti.TestSeparator] (main) ############################################################################
Test passed: testFirstEmptyFieldConfusedAsMagicByte
]]></system-out>
  </testcase>
  <testcase name="testAvroSerDesFailDifferentSchemaByContent" classname="io.apicurio.tests.serdes.apicurio.AvroSerdeIT" time="1.065">
    <system-out><![CDATA[2025-08-07 12:22:04,478 INFO  [io.api.tes.uti.TestSeparator] (main) ############################################################################
2025-08-07 12:22:04,478 INFO  [io.api.tes.uti.TestSeparator] (main) io.apicurio.tests.serdes.apicurio.AvroSerdeIT.testAvroSerDesFailDifferentSchemaByContent-STARTED
**** Registry Base URL: http://registry-app-inmemory.apps.ci419.apicurio-testing.org:80
2025-08-07 12:22:05,502 INFO  [org.apa.kaf.cli.pro.ProducerConfig] (main) ProducerConfig values: 
	acks = -1
	auto.include.jmx.reporter = true
	batch.size = 16384
	bootstrap.servers = [PLAINTEXT://localhost:32769]
	buffer.memory = 33554432
	client.dns.lookup = use_all_dns_ips
	client.id = Producer-topic-eb4e8757_1fc8_43e5_8a9f_2c3abcff11cb
	compression.gzip.level = -1
	compression.lz4.level = 9
	compression.type = none
	compression.zstd.level = 3
	connections.max.idle.ms = 10000
	delivery.timeout.ms = 120000
	enable.idempotence = true
	enable.metrics.push = true
	interceptor.classes = []
	key.serializer = class org.apache.kafka.common.serialization.StringSerializer
	linger.ms = 0
	max.block.ms = 60000
	max.in.flight.requests.per.connection = 5
	max.request.size = 1048576
	metadata.max.age.ms = 300000
	metadata.max.idle.ms = 300000
	metadata.recovery.strategy = none
	metric.reporters = []
	metrics.num.samples = 2
	metrics.recording.level = INFO
	metrics.sample.window.ms = 30000
	partitioner.adaptive.partitioning.enable = true
	partitioner.availability.timeout.ms = 0
	partitioner.class = null
	partitioner.ignore.keys = false
	receive.buffer.bytes = 32768
	reconnect.backoff.max.ms = 1000
	reconnect.backoff.ms = 50
	request.timeout.ms = 5000
	retries = 2147483647
	retry.backoff.max.ms = 1000
	retry.backoff.ms = 100
	sasl.client.callback.handler.class = null
	sasl.jaas.config = null
	sasl.kerberos.kinit.cmd = /usr/bin/kinit
	sasl.kerberos.min.time.before.relogin = 60000
	sasl.kerberos.service.name = null
	sasl.kerberos.ticket.renew.jitter = 0.05
	sasl.kerberos.ticket.renew.window.factor = 0.8
	sasl.login.callback.handler.class = null
	sasl.login.class = null
	sasl.login.connect.timeout.ms = null
	sasl.login.read.timeout.ms = null
	sasl.login.refresh.buffer.seconds = 300
	sasl.login.refresh.min.period.seconds = 60
	sasl.login.refresh.window.factor = 0.8
	sasl.login.refresh.window.jitter = 0.05
	sasl.login.retry.backoff.max.ms = 10000
	sasl.login.retry.backoff.ms = 100
	sasl.mechanism = GSSAPI
	sasl.oauthbearer.clock.skew.seconds = 30
	sasl.oauthbearer.expected.audience = null
	sasl.oauthbearer.expected.issuer = null
	sasl.oauthbearer.header.urlencode = false
	sasl.oauthbearer.jwks.endpoint.refresh.ms = 3600000
	sasl.oauthbearer.jwks.endpoint.retry.backoff.max.ms = 10000
	sasl.oauthbearer.jwks.endpoint.retry.backoff.ms = 100
	sasl.oauthbearer.jwks.endpoint.url = null
	sasl.oauthbearer.scope.claim.name = scope
	sasl.oauthbearer.sub.claim.name = sub
	sasl.oauthbearer.token.endpoint.url = null
	security.protocol = PLAINTEXT
	security.providers = null
	send.buffer.bytes = 131072
	socket.connection.setup.timeout.max.ms = 30000
	socket.connection.setup.timeout.ms = 10000
	ssl.cipher.suites = null
	ssl.enabled.protocols = [TLSv1.2, TLSv1.3]
	ssl.endpoint.identification.algorithm = https
	ssl.engine.factory.class = null
	ssl.key.password = null
	ssl.keymanager.algorithm = SunX509
	ssl.keystore.certificate.chain = null
	ssl.keystore.key = null
	ssl.keystore.location = null
	ssl.keystore.password = null
	ssl.keystore.type = JKS
	ssl.protocol = TLSv1.3
	ssl.provider = null
	ssl.secure.random.implementation = null
	ssl.trustmanager.algorithm = PKIX
	ssl.truststore.certificates = null
	ssl.truststore.location = null
	ssl.truststore.password = null
	ssl.truststore.type = JKS
	transaction.timeout.ms = 60000
	transactional.id = null
	value.serializer = class io.apicurio.registry.serde.avro.AvroKafkaSerializer

2025-08-07 12:22:05,502 INFO  [org.apa.kaf.com.tel.int.KafkaMetricsCollector] (main) initializing Kafka metrics collector
2025-08-07 12:22:05,505 INFO  [org.apa.kaf.cli.pro.KafkaProducer] (main) [Producer clientId=Producer-topic-eb4e8757_1fc8_43e5_8a9f_2c3abcff11cb] Instantiated an idempotent producer.
2025-08-07 12:22:05,507 INFO  [org.apa.kaf.cli.pro.ProducerConfig] (main) These configurations '[apicurio.registry.url, apicurio.registry.artifact-resolver-strategy]' were supplied but are not used yet.
2025-08-07 12:22:05,507 INFO  [org.apa.kaf.com.uti.AppInfoParser] (main) Kafka version: 3.9.1
2025-08-07 12:22:05,507 INFO  [org.apa.kaf.com.uti.AppInfoParser] (main) Kafka commitId: f745dfdcee2b9851
2025-08-07 12:22:05,507 INFO  [org.apa.kaf.com.uti.AppInfoParser] (main) Kafka startTimeMs: 1754569325507
2025-08-07 12:22:05,507 INFO  [io.api.tes.ser.api.KafkaSerdesTester] (Thread-738) Sending message {"keyB": "value-0"} to topic topic-eb4e8757_1fc8_43e5_8a9f_2c3abcff11cb
2025-08-07 12:22:05,510 INFO  [org.apa.kaf.cli.Metadata] (kafka-producer-network-thread | Producer-topic-eb4e8757_1fc8_43e5_8a9f_2c3abcff11cb) [Producer clientId=Producer-topic-eb4e8757_1fc8_43e5_8a9f_2c3abcff11cb] Cluster ID: CeYNmdzmRCaaSk-AVslC4g
2025-08-07 12:22:05,510 INFO  [org.apa.kaf.cli.pro.int.TransactionManager] (kafka-producer-network-thread | Producer-topic-eb4e8757_1fc8_43e5_8a9f_2c3abcff11cb) [Producer clientId=Producer-topic-eb4e8757_1fc8_43e5_8a9f_2c3abcff11cb] ProducerId set to 24 with epoch 0
2025-08-07 12:22:05,510 INFO  [DefaultSchemaResolver] (Thread-738) Retrieving schema content using string: {"type":"record","name":"s1de56286xe03ax4e74xb658xde303f571f20","namespace":"sae6afc9fxefc9x43ffxb18dx88c557830641","fields":[{"name":"keyB","type":"string"}]}
2025-08-07 12:22:05,539 INFO  [org.apa.kaf.cli.pro.KafkaProducer] (Thread-738) [Producer clientId=Producer-topic-eb4e8757_1fc8_43e5_8a9f_2c3abcff11cb] Closing the Kafka producer with timeoutMillis = 9223372036854775807 ms.
2025-08-07 12:22:05,541 INFO  [org.apa.kaf.com.met.Metrics] (Thread-738) Metrics scheduler closed
2025-08-07 12:22:05,541 INFO  [org.apa.kaf.com.met.Metrics] (Thread-738) Closing reporter org.apache.kafka.common.metrics.JmxReporter
2025-08-07 12:22:05,541 INFO  [org.apa.kaf.com.met.Metrics] (Thread-738) Closing reporter org.apache.kafka.common.telemetry.internals.ClientTelemetryReporter
2025-08-07 12:22:05,541 INFO  [org.apa.kaf.com.met.Metrics] (Thread-738) Metrics reporters closed
2025-08-07 12:22:05,541 INFO  [org.apa.kaf.com.uti.AppInfoParser] (Thread-738) App info kafka.producer for Producer-topic-eb4e8757_1fc8_43e5_8a9f_2c3abcff11cb unregistered
2025-08-07 12:22:05,542 INFO  [io.api.tes.uti.TestSeparator] (main) io.apicurio.tests.serdes.apicurio.AvroSerdeIT.testAvroSerDesFailDifferentSchemaByContent-FINISHED
2025-08-07 12:22:05,542 INFO  [io.api.tes.uti.TestSeparator] (main) ############################################################################
Test passed: testAvroSerDesFailDifferentSchemaByContent
]]></system-out>
    <system-err><![CDATA[java.lang.RuntimeException: Could not resolve artifact reference by content: {"type":"record","name":"s1de56286xe03ax4e74xb658xde303f571f20","namespace":"sae6afc9fxefc9x43ffxb18dx88c557830641","fields":[{"name":"keyB","type":"string"}]}&ArtifactReference [groupId=sae6afc9fxefc9x43ffxb18dx88c557830641, artifactId=s1de56286xe03ax4e74xb658xde303f571f20, version=null, globalId=null, contentId=null, contentHash=null]
	at io.apicurio.registry.resolver.DefaultSchemaResolver.lambda$handleResolveSchemaByContent$3(DefaultSchemaResolver.java:265)
	at io.apicurio.registry.resolver.cache.ERCache.lambda$getValue$0(ERCache.java:174)
	at io.apicurio.registry.resolver.cache.ERCache.retry(ERCache.java:227)
	at io.apicurio.registry.resolver.cache.ERCache.getValue(ERCache.java:173)
	at io.apicurio.registry.resolver.cache.ERCache.getByContent(ERCache.java:147)
	at io.apicurio.registry.resolver.DefaultSchemaResolver.handleResolveSchemaByContent(DefaultSchemaResolver.java:253)
	at io.apicurio.registry.resolver.DefaultSchemaResolver.getSchemaFromRegistry(DefaultSchemaResolver.java:138)
	at io.apicurio.registry.resolver.DefaultSchemaResolver.lambda$resolveSchema$0(DefaultSchemaResolver.java:84)
	at java.base/java.util.Optional.orElseGet(Optional.java:364)
	at io.apicurio.registry.resolver.DefaultSchemaResolver.resolveSchema(DefaultSchemaResolver.java:84)
	at io.apicurio.registry.serde.AbstractSerializer.serializeData(AbstractSerializer.java:62)
	at io.apicurio.registry.serde.KafkaSerializer.serialize(KafkaSerializer.java:77)
	at org.apache.kafka.clients.producer.KafkaProducer.doSend(KafkaProducer.java:1046)
	at org.apache.kafka.clients.producer.KafkaProducer.send(KafkaProducer.java:993)
	at org.apache.kafka.clients.producer.KafkaProducer.send(KafkaProducer.java:875)
	at io.apicurio.tests.serdes.apicurio.KafkaSerdesTester.lambda$produceMessages$3(KafkaSerdesTester.java:138)
	at java.base/java.util.concurrent.CompletableFuture$AsyncSupply.run(CompletableFuture.java:1768)
	at java.base/java.lang.Thread.run(Thread.java:840)
]]></system-err>
  </testcase>
  <testcase name="testGlobalIdInBody" classname="io.apicurio.tests.serdes.apicurio.AvroSerdeIT" time="3.758">
    <system-out><![CDATA[2025-08-07 12:22:05,546 INFO  [io.api.tes.uti.TestSeparator] (main) ############################################################################
2025-08-07 12:22:05,546 INFO  [io.api.tes.uti.TestSeparator] (main) io.apicurio.tests.serdes.apicurio.AvroSerdeIT.testGlobalIdInBody-STARTED
**** Registry Base URL: http://registry-app-inmemory.apps.ci419.apicurio-testing.org:80
2025-08-07 12:22:05,551 INFO  [org.apa.kaf.cli.pro.ProducerConfig] (main) ProducerConfig values: 
	acks = -1
	auto.include.jmx.reporter = true
	batch.size = 16384
	bootstrap.servers = [PLAINTEXT://localhost:32769]
	buffer.memory = 33554432
	client.dns.lookup = use_all_dns_ips
	client.id = Producer-topic-a146104e_448a_4e19_98cf_f842fdc8b7e3
	compression.gzip.level = -1
	compression.lz4.level = 9
	compression.type = none
	compression.zstd.level = 3
	connections.max.idle.ms = 10000
	delivery.timeout.ms = 120000
	enable.idempotence = true
	enable.metrics.push = true
	interceptor.classes = []
	key.serializer = class org.apache.kafka.common.serialization.StringSerializer
	linger.ms = 0
	max.block.ms = 60000
	max.in.flight.requests.per.connection = 5
	max.request.size = 1048576
	metadata.max.age.ms = 300000
	metadata.max.idle.ms = 300000
	metadata.recovery.strategy = none
	metric.reporters = []
	metrics.num.samples = 2
	metrics.recording.level = INFO
	metrics.sample.window.ms = 30000
	partitioner.adaptive.partitioning.enable = true
	partitioner.availability.timeout.ms = 0
	partitioner.class = null
	partitioner.ignore.keys = false
	receive.buffer.bytes = 32768
	reconnect.backoff.max.ms = 1000
	reconnect.backoff.ms = 50
	request.timeout.ms = 5000
	retries = 2147483647
	retry.backoff.max.ms = 1000
	retry.backoff.ms = 100
	sasl.client.callback.handler.class = null
	sasl.jaas.config = null
	sasl.kerberos.kinit.cmd = /usr/bin/kinit
	sasl.kerberos.min.time.before.relogin = 60000
	sasl.kerberos.service.name = null
	sasl.kerberos.ticket.renew.jitter = 0.05
	sasl.kerberos.ticket.renew.window.factor = 0.8
	sasl.login.callback.handler.class = null
	sasl.login.class = null
	sasl.login.connect.timeout.ms = null
	sasl.login.read.timeout.ms = null
	sasl.login.refresh.buffer.seconds = 300
	sasl.login.refresh.min.period.seconds = 60
	sasl.login.refresh.window.factor = 0.8
	sasl.login.refresh.window.jitter = 0.05
	sasl.login.retry.backoff.max.ms = 10000
	sasl.login.retry.backoff.ms = 100
	sasl.mechanism = GSSAPI
	sasl.oauthbearer.clock.skew.seconds = 30
	sasl.oauthbearer.expected.audience = null
	sasl.oauthbearer.expected.issuer = null
	sasl.oauthbearer.header.urlencode = false
	sasl.oauthbearer.jwks.endpoint.refresh.ms = 3600000
	sasl.oauthbearer.jwks.endpoint.retry.backoff.max.ms = 10000
	sasl.oauthbearer.jwks.endpoint.retry.backoff.ms = 100
	sasl.oauthbearer.jwks.endpoint.url = null
	sasl.oauthbearer.scope.claim.name = scope
	sasl.oauthbearer.sub.claim.name = sub
	sasl.oauthbearer.token.endpoint.url = null
	security.protocol = PLAINTEXT
	security.providers = null
	send.buffer.bytes = 131072
	socket.connection.setup.timeout.max.ms = 30000
	socket.connection.setup.timeout.ms = 10000
	ssl.cipher.suites = null
	ssl.enabled.protocols = [TLSv1.2, TLSv1.3]
	ssl.endpoint.identification.algorithm = https
	ssl.engine.factory.class = null
	ssl.key.password = null
	ssl.keymanager.algorithm = SunX509
	ssl.keystore.certificate.chain = null
	ssl.keystore.key = null
	ssl.keystore.location = null
	ssl.keystore.password = null
	ssl.keystore.type = JKS
	ssl.protocol = TLSv1.3
	ssl.provider = null
	ssl.secure.random.implementation = null
	ssl.trustmanager.algorithm = PKIX
	ssl.truststore.certificates = null
	ssl.truststore.location = null
	ssl.truststore.password = null
	ssl.truststore.type = JKS
	transaction.timeout.ms = 60000
	transactional.id = null
	value.serializer = class io.apicurio.registry.serde.avro.AvroKafkaSerializer

2025-08-07 12:22:05,552 INFO  [org.apa.kaf.com.tel.int.KafkaMetricsCollector] (main) initializing Kafka metrics collector
2025-08-07 12:22:05,555 INFO  [org.apa.kaf.cli.pro.KafkaProducer] (main) [Producer clientId=Producer-topic-a146104e_448a_4e19_98cf_f842fdc8b7e3] Instantiated an idempotent producer.
2025-08-07 12:22:05,556 INFO  [org.apa.kaf.cli.pro.ProducerConfig] (main) These configurations '[apicurio.registry.url, apicurio.registry.auto-register, apicurio.registry.use-id, apicurio.registry.artifact-resolver-strategy]' were supplied but are not used yet.
2025-08-07 12:22:05,556 INFO  [org.apa.kaf.com.uti.AppInfoParser] (main) Kafka version: 3.9.1
2025-08-07 12:22:05,556 INFO  [org.apa.kaf.com.uti.AppInfoParser] (main) Kafka commitId: f745dfdcee2b9851
2025-08-07 12:22:05,556 INFO  [org.apa.kaf.com.uti.AppInfoParser] (main) Kafka startTimeMs: 1754569325556
2025-08-07 12:22:05,557 INFO  [io.api.tes.ser.api.SimpleSerdesTesterBuilder$SimpleSerdesTester] (main) Using producer configuration: {apicurio.registry.url=http://registry-app-inmemory.apps.ci419.apicurio-testing.org:80/apis/registry/v3, apicurio.registry.auto-register=true, apicurio.registry.use-id=globalId, apicurio.registry.artifact-resolver-strategy=io.apicurio.registry.serde.strategy.TopicIdStrategy, value.serializer=io.apicurio.registry.serde.avro.AvroKafkaSerializer, request.timeout.ms=5000, acks=all, bootstrap.servers=PLAINTEXT://localhost:32769, connections.max.idle.ms=10000, key.serializer=org.apache.kafka.common.serialization.StringSerializer, client.id=Producer-topic-a146104e_448a_4e19_98cf_f842fdc8b7e3}
2025-08-07 12:22:05,557 INFO  [io.api.tes.ser.api.SimpleSerdesTesterBuilder$SimpleSerdesTester] (main) Using consumer configuration: {apicurio.registry.use-id=globalId}
2025-08-07 12:22:05,559 INFO  [io.api.tes.ser.api.KafkaSerdesTester] (Thread-741) Sending message {"key11754569325547": "value-0"} to topic topic-a146104e_448a_4e19_98cf_f842fdc8b7e3
2025-08-07 12:22:05,564 WARN  [org.apa.kaf.cli.NetworkClient] (kafka-producer-network-thread | Producer-topic-a146104e_448a_4e19_98cf_f842fdc8b7e3) [Producer clientId=Producer-topic-a146104e_448a_4e19_98cf_f842fdc8b7e3] The metadata response from the cluster reported a recoverable issue with correlation id 1 : {topic-a146104e_448a_4e19_98cf_f842fdc8b7e3=UNKNOWN_TOPIC_OR_PARTITION}
2025-08-07 12:22:05,564 INFO  [org.apa.kaf.cli.Metadata] (kafka-producer-network-thread | Producer-topic-a146104e_448a_4e19_98cf_f842fdc8b7e3) [Producer clientId=Producer-topic-a146104e_448a_4e19_98cf_f842fdc8b7e3] Cluster ID: CeYNmdzmRCaaSk-AVslC4g
2025-08-07 12:22:05,564 INFO  [org.apa.kaf.cli.pro.int.TransactionManager] (kafka-producer-network-thread | Producer-topic-a146104e_448a_4e19_98cf_f842fdc8b7e3) [Producer clientId=Producer-topic-a146104e_448a_4e19_98cf_f842fdc8b7e3] ProducerId set to 25 with epoch 0
2025-08-07 12:22:05,697 INFO  [io.api.tes.ser.api.KafkaSerdesTester] (Thread-741) Sending message {"key11754569325547": "value-1"} to topic topic-a146104e_448a_4e19_98cf_f842fdc8b7e3
2025-08-07 12:22:05,699 INFO  [io.api.tes.ser.api.KafkaSerdesTester] (Thread-741) Sending message {"key11754569325547": "value-2"} to topic topic-a146104e_448a_4e19_98cf_f842fdc8b7e3
2025-08-07 12:22:05,700 INFO  [io.api.tes.ser.api.KafkaSerdesTester] (Thread-741) Sending message {"key11754569325547": "value-3"} to topic topic-a146104e_448a_4e19_98cf_f842fdc8b7e3
2025-08-07 12:22:05,701 INFO  [io.api.tes.ser.api.KafkaSerdesTester] (Thread-741) Sending message {"key11754569325547": "value-4"} to topic topic-a146104e_448a_4e19_98cf_f842fdc8b7e3
2025-08-07 12:22:05,704 INFO  [io.api.tes.ser.api.KafkaSerdesTester] (Thread-741) Sending message {"key11754569325547": "value-5"} to topic topic-a146104e_448a_4e19_98cf_f842fdc8b7e3
2025-08-07 12:22:05,710 INFO  [io.api.tes.ser.api.KafkaSerdesTester] (Thread-741) Sending message {"key11754569325547": "value-6"} to topic topic-a146104e_448a_4e19_98cf_f842fdc8b7e3
2025-08-07 12:22:05,714 INFO  [io.api.tes.ser.api.KafkaSerdesTester] (Thread-741) Sending message {"key11754569325547": "value-7"} to topic topic-a146104e_448a_4e19_98cf_f842fdc8b7e3
2025-08-07 12:22:05,715 INFO  [io.api.tes.ser.api.KafkaSerdesTester] (Thread-741) Sending message {"key11754569325547": "value-8"} to topic topic-a146104e_448a_4e19_98cf_f842fdc8b7e3
2025-08-07 12:22:05,716 INFO  [io.api.tes.ser.api.KafkaSerdesTester] (Thread-741) Sending message {"key11754569325547": "value-9"} to topic topic-a146104e_448a_4e19_98cf_f842fdc8b7e3
2025-08-07 12:22:05,720 INFO  [io.api.tes.ser.api.KafkaSerdesTester] (Thread-741) Produced 10 messages
2025-08-07 12:22:05,720 INFO  [org.apa.kaf.cli.pro.KafkaProducer] (Thread-741) [Producer clientId=Producer-topic-a146104e_448a_4e19_98cf_f842fdc8b7e3] Closing the Kafka producer with timeoutMillis = 9223372036854775807 ms.
2025-08-07 12:22:05,722 INFO  [org.apa.kaf.com.met.Metrics] (Thread-741) Metrics scheduler closed
2025-08-07 12:22:05,722 INFO  [org.apa.kaf.com.met.Metrics] (Thread-741) Closing reporter org.apache.kafka.common.metrics.JmxReporter
2025-08-07 12:22:05,722 INFO  [org.apa.kaf.com.met.Metrics] (Thread-741) Closing reporter org.apache.kafka.common.telemetry.internals.ClientTelemetryReporter
2025-08-07 12:22:05,722 INFO  [org.apa.kaf.com.met.Metrics] (Thread-741) Metrics reporters closed
2025-08-07 12:22:05,722 INFO  [org.apa.kaf.com.uti.AppInfoParser] (Thread-741) App info kafka.producer for Producer-topic-a146104e_448a_4e19_98cf_f842fdc8b7e3 unregistered
**** Registry Base URL: http://registry-app-inmemory.apps.ci419.apicurio-testing.org:80
2025-08-07 12:22:05,741 INFO  [org.apa.kaf.cli.con.ConsumerConfig] (main) ConsumerConfig values: 
	allow.auto.create.topics = true
	auto.commit.interval.ms = 500
	auto.include.jmx.reporter = true
	auto.offset.reset = earliest
	bootstrap.servers = [PLAINTEXT://localhost:32769]
	check.crcs = true
	client.dns.lookup = use_all_dns_ips
	client.id = consumer-Consumer-topic-a146104e_448a_4e19_98cf_f842fdc8b7e3-18
	client.rack = 
	connections.max.idle.ms = 10000
	default.api.timeout.ms = 60000
	enable.auto.commit = true
	enable.metrics.push = true
	exclude.internal.topics = true
	fetch.max.bytes = 52428800
	fetch.max.wait.ms = 500
	fetch.min.bytes = 1
	group.id = Consumer-topic-a146104e_448a_4e19_98cf_f842fdc8b7e3
	group.instance.id = null
	group.protocol = classic
	group.remote.assignor = null
	heartbeat.interval.ms = 3000
	interceptor.classes = []
	internal.leave.group.on.close = true
	internal.throw.on.fetch.stable.offset.unsupported = false
	isolation.level = read_uncommitted
	key.deserializer = class org.apache.kafka.common.serialization.StringDeserializer
	max.partition.fetch.bytes = 1048576
	max.poll.interval.ms = 300000
	max.poll.records = 500
	metadata.max.age.ms = 300000
	metadata.recovery.strategy = none
	metric.reporters = []
	metrics.num.samples = 2
	metrics.recording.level = INFO
	metrics.sample.window.ms = 30000
	partition.assignment.strategy = [class org.apache.kafka.clients.consumer.RangeAssignor, class org.apache.kafka.clients.consumer.CooperativeStickyAssignor]
	receive.buffer.bytes = 65536
	reconnect.backoff.max.ms = 1000
	reconnect.backoff.ms = 50
	request.timeout.ms = 5000
	retry.backoff.max.ms = 1000
	retry.backoff.ms = 100
	sasl.client.callback.handler.class = null
	sasl.jaas.config = null
	sasl.kerberos.kinit.cmd = /usr/bin/kinit
	sasl.kerberos.min.time.before.relogin = 60000
	sasl.kerberos.service.name = null
	sasl.kerberos.ticket.renew.jitter = 0.05
	sasl.kerberos.ticket.renew.window.factor = 0.8
	sasl.login.callback.handler.class = null
	sasl.login.class = null
	sasl.login.connect.timeout.ms = null
	sasl.login.read.timeout.ms = null
	sasl.login.refresh.buffer.seconds = 300
	sasl.login.refresh.min.period.seconds = 60
	sasl.login.refresh.window.factor = 0.8
	sasl.login.refresh.window.jitter = 0.05
	sasl.login.retry.backoff.max.ms = 10000
	sasl.login.retry.backoff.ms = 100
	sasl.mechanism = GSSAPI
	sasl.oauthbearer.clock.skew.seconds = 30
	sasl.oauthbearer.expected.audience = null
	sasl.oauthbearer.expected.issuer = null
	sasl.oauthbearer.header.urlencode = false
	sasl.oauthbearer.jwks.endpoint.refresh.ms = 3600000
	sasl.oauthbearer.jwks.endpoint.retry.backoff.max.ms = 10000
	sasl.oauthbearer.jwks.endpoint.retry.backoff.ms = 100
	sasl.oauthbearer.jwks.endpoint.url = null
	sasl.oauthbearer.scope.claim.name = scope
	sasl.oauthbearer.sub.claim.name = sub
	sasl.oauthbearer.token.endpoint.url = null
	security.protocol = PLAINTEXT
	security.providers = null
	send.buffer.bytes = 131072
	session.timeout.ms = 45000
	socket.connection.setup.timeout.max.ms = 30000
	socket.connection.setup.timeout.ms = 10000
	ssl.cipher.suites = null
	ssl.enabled.protocols = [TLSv1.2, TLSv1.3]
	ssl.endpoint.identification.algorithm = https
	ssl.engine.factory.class = null
	ssl.key.password = null
	ssl.keymanager.algorithm = SunX509
	ssl.keystore.certificate.chain = null
	ssl.keystore.key = null
	ssl.keystore.location = null
	ssl.keystore.password = null
	ssl.keystore.type = JKS
	ssl.protocol = TLSv1.3
	ssl.provider = null
	ssl.secure.random.implementation = null
	ssl.trustmanager.algorithm = PKIX
	ssl.truststore.certificates = null
	ssl.truststore.location = null
	ssl.truststore.password = null
	ssl.truststore.type = JKS
	value.deserializer = class io.apicurio.registry.serde.avro.AvroKafkaDeserializer

2025-08-07 12:22:05,742 INFO  [org.apa.kaf.com.tel.int.KafkaMetricsCollector] (main) initializing Kafka metrics collector
2025-08-07 12:22:05,746 INFO  [org.apa.kaf.cli.con.ConsumerConfig] (main) These configurations '[apicurio.registry.url, apicurio.registry.use-id]' were supplied but are not used yet.
2025-08-07 12:22:05,746 INFO  [org.apa.kaf.com.uti.AppInfoParser] (main) Kafka version: 3.9.1
2025-08-07 12:22:05,746 INFO  [org.apa.kaf.com.uti.AppInfoParser] (main) Kafka commitId: f745dfdcee2b9851
2025-08-07 12:22:05,747 INFO  [org.apa.kaf.com.uti.AppInfoParser] (main) Kafka startTimeMs: 1754569325746
2025-08-07 12:22:05,747 INFO  [org.apa.kaf.cli.con.int.ClassicKafkaConsumer] (Thread-744) [Consumer clientId=consumer-Consumer-topic-a146104e_448a_4e19_98cf_f842fdc8b7e3-18, groupId=Consumer-topic-a146104e_448a_4e19_98cf_f842fdc8b7e3] Subscribed to topic(s): topic-a146104e_448a_4e19_98cf_f842fdc8b7e3
2025-08-07 12:22:05,750 INFO  [org.apa.kaf.cli.Metadata] (Thread-744) [Consumer clientId=consumer-Consumer-topic-a146104e_448a_4e19_98cf_f842fdc8b7e3-18, groupId=Consumer-topic-a146104e_448a_4e19_98cf_f842fdc8b7e3] Cluster ID: CeYNmdzmRCaaSk-AVslC4g
2025-08-07 12:22:05,751 INFO  [org.apa.kaf.cli.con.int.ConsumerCoordinator] (Thread-744) [Consumer clientId=consumer-Consumer-topic-a146104e_448a_4e19_98cf_f842fdc8b7e3-18, groupId=Consumer-topic-a146104e_448a_4e19_98cf_f842fdc8b7e3] Discovered group coordinator localhost:32769 (id: 2147483647 rack: null)
2025-08-07 12:22:05,752 INFO  [org.apa.kaf.cli.con.int.ConsumerCoordinator] (Thread-744) [Consumer clientId=consumer-Consumer-topic-a146104e_448a_4e19_98cf_f842fdc8b7e3-18, groupId=Consumer-topic-a146104e_448a_4e19_98cf_f842fdc8b7e3] (Re-)joining group
2025-08-07 12:22:05,755 INFO  [org.apa.kaf.cli.con.int.ConsumerCoordinator] (Thread-744) [Consumer clientId=consumer-Consumer-topic-a146104e_448a_4e19_98cf_f842fdc8b7e3-18, groupId=Consumer-topic-a146104e_448a_4e19_98cf_f842fdc8b7e3] Request joining group due to: need to re-join with the given member-id: consumer-Consumer-topic-a146104e_448a_4e19_98cf_f842fdc8b7e3-18-d42a5f08-875b-401d-8c8d-4ce33974d69a
2025-08-07 12:22:05,755 INFO  [org.apa.kaf.cli.con.int.ConsumerCoordinator] (Thread-744) [Consumer clientId=consumer-Consumer-topic-a146104e_448a_4e19_98cf_f842fdc8b7e3-18, groupId=Consumer-topic-a146104e_448a_4e19_98cf_f842fdc8b7e3] (Re-)joining group
2025-08-07 12:22:06,747 INFO  [io.api.tes.ser.api.KafkaSerdesTester] (Thread-744) None found
2025-08-07 12:22:07,747 INFO  [io.api.tes.ser.api.KafkaSerdesTester] (Thread-744) None found
2025-08-07 12:22:08,747 INFO  [io.api.tes.ser.api.KafkaSerdesTester] (Thread-744) None found
2025-08-07 12:22:08,756 INFO  [org.apa.kaf.cli.con.int.ConsumerCoordinator] (Thread-744) [Consumer clientId=consumer-Consumer-topic-a146104e_448a_4e19_98cf_f842fdc8b7e3-18, groupId=Consumer-topic-a146104e_448a_4e19_98cf_f842fdc8b7e3] Successfully joined group with generation Generation{generationId=1, memberId='consumer-Consumer-topic-a146104e_448a_4e19_98cf_f842fdc8b7e3-18-d42a5f08-875b-401d-8c8d-4ce33974d69a', protocol='range'}
2025-08-07 12:22:08,756 INFO  [org.apa.kaf.cli.con.int.ConsumerCoordinator] (Thread-744) [Consumer clientId=consumer-Consumer-topic-a146104e_448a_4e19_98cf_f842fdc8b7e3-18, groupId=Consumer-topic-a146104e_448a_4e19_98cf_f842fdc8b7e3] Finished assignment for group at generation 1: {consumer-Consumer-topic-a146104e_448a_4e19_98cf_f842fdc8b7e3-18-d42a5f08-875b-401d-8c8d-4ce33974d69a=Assignment(partitions=[topic-a146104e_448a_4e19_98cf_f842fdc8b7e3-0])}
2025-08-07 12:22:08,763 INFO  [org.apa.kaf.cli.con.int.ConsumerCoordinator] (Thread-744) [Consumer clientId=consumer-Consumer-topic-a146104e_448a_4e19_98cf_f842fdc8b7e3-18, groupId=Consumer-topic-a146104e_448a_4e19_98cf_f842fdc8b7e3] Successfully synced group in generation Generation{generationId=1, memberId='consumer-Consumer-topic-a146104e_448a_4e19_98cf_f842fdc8b7e3-18-d42a5f08-875b-401d-8c8d-4ce33974d69a', protocol='range'}
2025-08-07 12:22:08,763 INFO  [org.apa.kaf.cli.con.int.ConsumerCoordinator] (Thread-744) [Consumer clientId=consumer-Consumer-topic-a146104e_448a_4e19_98cf_f842fdc8b7e3-18, groupId=Consumer-topic-a146104e_448a_4e19_98cf_f842fdc8b7e3] Notifying assignor about the new Assignment(partitions=[topic-a146104e_448a_4e19_98cf_f842fdc8b7e3-0])
2025-08-07 12:22:08,763 INFO  [org.apa.kaf.cli.con.int.ConsumerRebalanceListenerInvoker] (Thread-744) [Consumer clientId=consumer-Consumer-topic-a146104e_448a_4e19_98cf_f842fdc8b7e3-18, groupId=Consumer-topic-a146104e_448a_4e19_98cf_f842fdc8b7e3] Adding newly assigned partitions: topic-a146104e_448a_4e19_98cf_f842fdc8b7e3-0
2025-08-07 12:22:08,763 INFO  [org.apa.kaf.cli.con.int.ConsumerCoordinator] (Thread-744) [Consumer clientId=consumer-Consumer-topic-a146104e_448a_4e19_98cf_f842fdc8b7e3-18, groupId=Consumer-topic-a146104e_448a_4e19_98cf_f842fdc8b7e3] Found no committed offset for partition topic-a146104e_448a_4e19_98cf_f842fdc8b7e3-0
2025-08-07 12:22:08,766 INFO  [org.apa.kaf.cli.con.int.SubscriptionState] (Thread-744) [Consumer clientId=consumer-Consumer-topic-a146104e_448a_4e19_98cf_f842fdc8b7e3-18, groupId=Consumer-topic-a146104e_448a_4e19_98cf_f842fdc8b7e3] Resetting offset for partition topic-a146104e_448a_4e19_98cf_f842fdc8b7e3-0 to position FetchPosition{offset=0, offsetEpoch=Optional.empty, currentLeader=LeaderAndEpoch{leader=Optional[localhost:32769 (id: 0 rack: null)], epoch=0}}.
2025-08-07 12:22:08,798 INFO  [io.api.tes.ser.api.KafkaSerdesTester] (Thread-744) topic-a146104e_448a_4e19_98cf_f842fdc8b7e3 0 0 {"key11754569325547": "value-0"}
2025-08-07 12:22:08,798 INFO  [io.api.tes.ser.api.KafkaSerdesTester] (Thread-744) topic-a146104e_448a_4e19_98cf_f842fdc8b7e3 0 1 {"key11754569325547": "value-1"}
2025-08-07 12:22:08,798 INFO  [io.api.tes.ser.api.KafkaSerdesTester] (Thread-744) topic-a146104e_448a_4e19_98cf_f842fdc8b7e3 0 2 {"key11754569325547": "value-2"}
2025-08-07 12:22:08,798 INFO  [io.api.tes.ser.api.KafkaSerdesTester] (Thread-744) topic-a146104e_448a_4e19_98cf_f842fdc8b7e3 0 3 {"key11754569325547": "value-3"}
2025-08-07 12:22:08,798 INFO  [io.api.tes.ser.api.KafkaSerdesTester] (Thread-744) topic-a146104e_448a_4e19_98cf_f842fdc8b7e3 0 4 {"key11754569325547": "value-4"}
2025-08-07 12:22:08,798 INFO  [io.api.tes.ser.api.KafkaSerdesTester] (Thread-744) topic-a146104e_448a_4e19_98cf_f842fdc8b7e3 0 5 {"key11754569325547": "value-5"}
2025-08-07 12:22:08,798 INFO  [io.api.tes.ser.api.KafkaSerdesTester] (Thread-744) topic-a146104e_448a_4e19_98cf_f842fdc8b7e3 0 6 {"key11754569325547": "value-6"}
2025-08-07 12:22:08,798 INFO  [io.api.tes.ser.api.KafkaSerdesTester] (Thread-744) topic-a146104e_448a_4e19_98cf_f842fdc8b7e3 0 7 {"key11754569325547": "value-7"}
2025-08-07 12:22:08,798 INFO  [io.api.tes.ser.api.KafkaSerdesTester] (Thread-744) topic-a146104e_448a_4e19_98cf_f842fdc8b7e3 0 8 {"key11754569325547": "value-8"}
2025-08-07 12:22:08,798 INFO  [io.api.tes.ser.api.KafkaSerdesTester] (Thread-744) topic-a146104e_448a_4e19_98cf_f842fdc8b7e3 0 9 {"key11754569325547": "value-9"}
2025-08-07 12:22:08,798 INFO  [io.api.tes.ser.api.KafkaSerdesTester] (Thread-744) Consumed 10 messages
2025-08-07 12:22:08,806 INFO  [org.apa.kaf.cli.con.int.ConsumerRebalanceListenerInvoker] (Thread-744) [Consumer clientId=consumer-Consumer-topic-a146104e_448a_4e19_98cf_f842fdc8b7e3-18, groupId=Consumer-topic-a146104e_448a_4e19_98cf_f842fdc8b7e3] Revoke previously assigned partitions topic-a146104e_448a_4e19_98cf_f842fdc8b7e3-0
2025-08-07 12:22:08,806 INFO  [org.apa.kaf.cli.con.int.ConsumerCoordinator] (Thread-744) [Consumer clientId=consumer-Consumer-topic-a146104e_448a_4e19_98cf_f842fdc8b7e3-18, groupId=Consumer-topic-a146104e_448a_4e19_98cf_f842fdc8b7e3] Member consumer-Consumer-topic-a146104e_448a_4e19_98cf_f842fdc8b7e3-18-d42a5f08-875b-401d-8c8d-4ce33974d69a sending LeaveGroup request to coordinator localhost:32769 (id: 2147483647 rack: null) due to the consumer is being closed
2025-08-07 12:22:08,806 INFO  [org.apa.kaf.cli.con.int.ConsumerCoordinator] (Thread-744) [Consumer clientId=consumer-Consumer-topic-a146104e_448a_4e19_98cf_f842fdc8b7e3-18, groupId=Consumer-topic-a146104e_448a_4e19_98cf_f842fdc8b7e3] Resetting generation and member id due to: consumer pro-actively leaving the group
2025-08-07 12:22:08,806 INFO  [org.apa.kaf.cli.con.int.ConsumerCoordinator] (Thread-744) [Consumer clientId=consumer-Consumer-topic-a146104e_448a_4e19_98cf_f842fdc8b7e3-18, groupId=Consumer-topic-a146104e_448a_4e19_98cf_f842fdc8b7e3] Request joining group due to: consumer pro-actively leaving the group
2025-08-07 12:22:09,301 INFO  [org.apa.kaf.com.met.Metrics] (Thread-744) Metrics scheduler closed
2025-08-07 12:22:09,301 INFO  [org.apa.kaf.com.met.Metrics] (Thread-744) Closing reporter org.apache.kafka.common.metrics.JmxReporter
2025-08-07 12:22:09,301 INFO  [org.apa.kaf.com.met.Metrics] (Thread-744) Closing reporter org.apache.kafka.common.telemetry.internals.ClientTelemetryReporter
2025-08-07 12:22:09,301 INFO  [org.apa.kaf.com.met.Metrics] (Thread-744) Metrics reporters closed
2025-08-07 12:22:09,303 INFO  [org.apa.kaf.com.uti.AppInfoParser] (Thread-744) App info kafka.consumer for consumer-Consumer-topic-a146104e_448a_4e19_98cf_f842fdc8b7e3-18 unregistered
2025-08-07 12:22:09,304 INFO  [io.api.tes.uti.TestSeparator] (main) io.apicurio.tests.serdes.apicurio.AvroSerdeIT.testGlobalIdInBody-FINISHED
2025-08-07 12:22:09,304 INFO  [io.api.tes.uti.TestSeparator] (main) ############################################################################
Test passed: testGlobalIdInBody
]]></system-out>
  </testcase>
  <testcase name="testProducerUsesGlobalIdConsumerUsesDefault" classname="io.apicurio.tests.serdes.apicurio.AvroSerdeIT" time="0.0">
    <skipped message="void io.apicurio.tests.serdes.apicurio.AvroSerdeIT.testProducerUsesGlobalIdConsumerUsesDefault() throws java.lang.Exception is @Disabled"/>
  </testcase>
</testsuite>