<?xml version="1.0" encoding="UTF-8"?>
<testsuite xmlns:xsi="http://www.w3.org/2001/XMLSchema-instance" xsi:noNamespaceSchemaLocation="https://maven.apache.org/surefire/maven-failsafe-plugin/xsd/failsafe-test-report.xsd" version="3.0.2" name="io.apicurio.tests.serdes.confluent.BasicConfluentSerDesIT" time="37.488" tests="8" errors="0" skipped="0" failures="0">
  <properties>
    <property name="java.specification.version" value="17"/>
    <property name="sun.jnu.encoding" value="UTF-8"/>
    <property name="java.class.path" value="/home/runner/work/apicurio-testing/apicurio-testing/clusters/ci419/namespaces/inmemory/tests/integration/apicurio-registry/integration-tests/target/test-classes:/home/runner/work/apicurio-testing/apicurio-testing/clusters/ci419/namespaces/inmemory/tests/integration/apicurio-registry/integration-tests/target/apicurio-registry-integration-tests-3.0.12-SNAPSHOT.jar:/home/runner/.m2/repository/io/quarkus/quarkus-junit5/3.20.2/quarkus-junit5-3.20.2.jar:/home/runner/.m2/repository/io/quarkus/quarkus-bootstrap-core/3.20.2/quarkus-bootstrap-core-3.20.2.jar:/home/runner/.m2/repository/io/quarkus/quarkus-classloader-commons/3.20.2/quarkus-classloader-commons-3.20.2.jar:/home/runner/.m2/repository/io/quarkus/quarkus-bootstrap-app-model/3.20.2/quarkus-bootstrap-app-model-3.20.2.jar:/home/runner/.m2/repository/io/smallrye/common/smallrye-common-io/2.12.0/smallrye-common-io-2.12.0.jar:/home/runner/.m2/repository/org/eclipse/sisu/org.eclipse.sisu.inject/0.9.0.M3/org.eclipse.sisu.inject-0.9.0.M3.jar:/home/runner/.m2/repository/io/quarkus/quarkus-test-common/3.20.2/quarkus-test-common-3.20.2.jar:/home/runner/.m2/repository/io/quarkus/quarkus-core-deployment/3.20.2/quarkus-core-deployment-3.20.2.jar:/home/runner/.m2/repository/org/aesh/readline/2.6/readline-2.6.jar:/home/runner/.m2/repository/org/fusesource/jansi/jansi/2.4.0/jansi-2.4.0.jar:/home/runner/.m2/repository/org/aesh/aesh/2.8.2/aesh-2.8.2.jar:/home/runner/.m2/repository/io/quarkus/gizmo/gizmo/1.8.0/gizmo-1.8.0.jar:/home/runner/.m2/repository/org/ow2/asm/asm-util/9.7.1/asm-util-9.7.1.jar:/home/runner/.m2/repository/org/ow2/asm/asm-analysis/9.7.1/asm-analysis-9.7.1.jar:/home/runner/.m2/repository/org/ow2/asm/asm-commons/9.7.1/asm-commons-9.7.1.jar:/home/runner/.m2/repository/org/ow2/asm/asm-tree/9.7.1/asm-tree-9.7.1.jar:/home/runner/.m2/repository/io/quarkus/quarkus-hibernate-validator-spi/3.20.2/quarkus-hibernate-validator-spi-3.20.2.jar:/home/runner/.m2/repository/io/quarkus/quarkus-class-change-agent/3.20.2/quarkus-class-change-agent-3.20.2.jar:/home/runner/.m2/repository/io/quarkus/quarkus-devtools-utilities/3.20.2/quarkus-devtools-utilities-3.20.2.jar:/home/runner/.m2/repository/io/quarkus/quarkus-builder/3.20.2/quarkus-builder-3.20.2.jar:/home/runner/.m2/repository/org/graalvm/sdk/nativeimage/23.1.2/nativeimage-23.1.2.jar:/home/runner/.m2/repository/org/graalvm/sdk/word/23.1.2/word-23.1.2.jar:/home/runner/.m2/repository/io/quarkus/quarkus-bootstrap-maven-resolver/3.20.2/quarkus-bootstrap-maven-resolver-3.20.2.jar:/home/runner/.m2/repository/io/smallrye/beanbag/smallrye-beanbag-maven/1.5.2/smallrye-beanbag-maven-1.5.2.jar:/home/runner/.m2/repository/io/smallrye/beanbag/smallrye-beanbag-sisu/1.5.2/smallrye-beanbag-sisu-1.5.2.jar:/home/runner/.m2/repository/io/smallrye/beanbag/smallrye-beanbag/1.5.2/smallrye-beanbag-1.5.2.jar:/home/runner/.m2/repository/javax/inject/javax.inject/1/javax.inject-1.jar:/home/runner/.m2/repository/org/apache/maven/maven-artifact/3.9.9/maven-artifact-3.9.9.jar:/home/runner/.m2/repository/org/apache/maven/maven-builder-support/3.9.9/maven-builder-support-3.9.9.jar:/home/runner/.m2/repository/org/apache/maven/maven-model/3.9.9/maven-model-3.9.9.jar:/home/runner/.m2/repository/org/apache/maven/maven-model-builder/3.9.9/maven-model-builder-3.9.9.jar:/home/runner/.m2/repository/org/apache/maven/maven-repository-metadata/3.9.9/maven-repository-metadata-3.9.9.jar:/home/runner/.m2/repository/org/apache/maven/maven-settings/3.9.9/maven-settings-3.9.9.jar:/home/runner/.m2/repository/org/apache/maven/resolver/maven-resolver-api/1.9.22/maven-resolver-api-1.9.22.jar:/home/runner/.m2/repository/org/apache/maven/resolver/maven-resolver-impl/1.9.22/maven-resolver-impl-1.9.22.jar:/home/runner/.m2/repository/org/apache/maven/resolver/maven-resolver-named-locks/1.9.22/maven-resolver-named-locks-1.9.22.jar:/home/runner/.m2/repository/org/apache/maven/resolver/maven-resolver-spi/1.9.22/maven-resolver-spi-1.9.22.jar:/home/runner/.m2/repository/org/apache/maven/resolver/maven-resolver-util/1.9.22/maven-resolver-util-1.9.22.jar:/home/runner/.m2/repository/org/apache/maven/resolver/maven-resolver-transport-http/1.9.20/maven-resolver-transport-http-1.9.20.jar:/home/runner/.m2/repository/org/apache/maven/wagon/wagon-provider-api/3.5.3/wagon-provider-api-3.5.3.jar:/home/runner/.m2/repository/org/apache/maven/wagon/wagon-http-shared/3.5.3/wagon-http-shared-3.5.3.jar:/home/runner/.m2/repository/org/codehaus/plexus/plexus-interpolation/1.26/plexus-interpolation-1.26.jar:/home/runner/.m2/repository/org/codehaus/plexus/plexus-utils/3.5.1/plexus-utils-3.5.1.jar:/home/runner/.m2/repository/org/codehaus/plexus/plexus-xml/4.0.1/plexus-xml-4.0.1.jar:/home/runner/.m2/repository/org/apache/maven/maven-xml-impl/4.0.0-alpha-5/maven-xml-impl-4.0.0-alpha-5.jar:/home/runner/.m2/repository/org/apache/maven/maven-api-xml/4.0.0-alpha-5/maven-api-xml-4.0.0-alpha-5.jar:/home/runner/.m2/repository/org/apache/maven/maven-api-meta/4.0.0-alpha-5/maven-api-meta-4.0.0-alpha-5.jar:/home/runner/.m2/repository/org/codehaus/plexus/plexus-cipher/2.0/plexus-cipher-2.0.jar:/home/runner/.m2/repository/org/codehaus/plexus/plexus-sec-dispatcher/2.0/plexus-sec-dispatcher-2.0.jar:/home/runner/.m2/repository/org/apache/maven/maven-embedder/3.9.9/maven-embedder-3.9.9.jar:/home/runner/.m2/repository/org/apache/maven/maven-core/3.9.9/maven-core-3.9.9.jar:/home/runner/.m2/repository/org/codehaus/plexus/plexus-component-annotations/2.1.0/plexus-component-annotations-2.1.0.jar:/home/runner/.m2/repository/org/apache/maven/maven-plugin-api/3.9.9/maven-plugin-api-3.9.9.jar:/home/runner/.m2/repository/org/apache/maven/shared/maven-shared-utils/3.4.2/maven-shared-utils-3.4.2.jar:/home/runner/.m2/repository/com/google/inject/guice/5.1.0/guice-5.1.0.jar:/home/runner/.m2/repository/aopalliance/aopalliance/1.0/aopalliance-1.0.jar:/home/runner/.m2/repository/org/codehaus/plexus/plexus-classworlds/2.6.0/plexus-classworlds-2.6.0.jar:/home/runner/.m2/repository/commons-cli/commons-cli/1.8.0/commons-cli-1.8.0.jar:/home/runner/.m2/repository/org/eclipse/sisu/org.eclipse.sisu.plexus/0.9.0.M3/org.eclipse.sisu.plexus-0.9.0.M3.jar:/home/runner/.m2/repository/org/apache/maven/maven-settings-builder/3.9.9/maven-settings-builder-3.9.9.jar:/home/runner/.m2/repository/org/apache/maven/maven-resolver-provider/3.9.9/maven-resolver-provider-3.9.9.jar:/home/runner/.m2/repository/org/apache/maven/resolver/maven-resolver-connector-basic/1.9.22/maven-resolver-connector-basic-1.9.22.jar:/home/runner/.m2/repository/org/apache/maven/resolver/maven-resolver-transport-wagon/1.9.22/maven-resolver-transport-wagon-1.9.22.jar:/home/runner/.m2/repository/org/apache/maven/wagon/wagon-http/3.5.3/wagon-http-3.5.3.jar:/home/runner/.m2/repository/org/apache/maven/wagon/wagon-file/3.5.3/wagon-file-3.5.3.jar:/home/runner/.m2/repository/io/quarkus/quarkus-bootstrap-gradle-resolver/3.20.2/quarkus-bootstrap-gradle-resolver-3.20.2.jar:/home/runner/.m2/repository/io/smallrye/jandex/3.3.0/jandex-3.3.0.jar:/home/runner/.m2/repository/org/jboss/logging/commons-logging-jboss-logging/1.0.0.Final/commons-logging-jboss-logging-1.0.0.Final.jar:/home/runner/.m2/repository/io/quarkus/quarkus-junit5-config/3.20.2/quarkus-junit5-config-3.20.2.jar:/home/runner/.m2/repository/org/junit/jupiter/junit-jupiter-api/5.12.1/junit-jupiter-api-5.12.1.jar:/home/runner/.m2/repository/io/smallrye/config/smallrye-config/3.11.4/smallrye-config-3.11.4.jar:/home/runner/.m2/repository/io/smallrye/config/smallrye-config-core/3.11.4/smallrye-config-core-3.11.4.jar:/home/runner/.m2/repository/io/smallrye/common/smallrye-common-classloader/2.12.0/smallrye-common-classloader-2.12.0.jar:/home/runner/.m2/repository/io/smallrye/config/smallrye-config-common/3.11.4/smallrye-config-common-3.11.4.jar:/home/runner/.m2/repository/org/junit/jupiter/junit-jupiter/5.12.1/junit-jupiter-5.12.1.jar:/home/runner/.m2/repository/org/junit/jupiter/junit-jupiter-params/5.12.1/junit-jupiter-params-5.12.1.jar:/home/runner/.m2/repository/org/junit/jupiter/junit-jupiter-engine/5.12.1/junit-jupiter-engine-5.12.1.jar:/home/runner/.m2/repository/io/quarkus/quarkus-core/3.20.2/quarkus-core-3.20.2.jar:/home/runner/.m2/repository/jakarta/enterprise/jakarta.enterprise.cdi-api/4.1.0/jakarta.enterprise.cdi-api-4.1.0.jar:/home/runner/.m2/repository/jakarta/enterprise/jakarta.enterprise.lang-model/4.1.0/jakarta.enterprise.lang-model-4.1.0.jar:/home/runner/.m2/repository/jakarta/el/jakarta.el-api/5.0.1/jakarta.el-api-5.0.1.jar:/home/runner/.m2/repository/jakarta/interceptor/jakarta.interceptor-api/2.2.0/jakarta.interceptor-api-2.2.0.jar:/home/runner/.m2/repository/jakarta/inject/jakarta.inject-api/2.0.1/jakarta.inject-api-2.0.1.jar:/home/runner/.m2/repository/io/smallrye/common/smallrye-common-os/2.12.0/smallrye-common-os-2.12.0.jar:/home/runner/.m2/repository/io/quarkus/quarkus-ide-launcher/3.20.2/quarkus-ide-launcher-3.20.2.jar:/home/runner/.m2/repository/io/quarkus/quarkus-development-mode-spi/3.20.2/quarkus-development-mode-spi-3.20.2.jar:/home/runner/.m2/repository/org/jboss/logging/jboss-logging/3.6.1.Final/jboss-logging-3.6.1.Final.jar:/home/runner/.m2/repository/org/jboss/logmanager/jboss-logmanager/3.1.2.Final/jboss-logmanager-3.1.2.Final.jar:/home/runner/.m2/repository/io/smallrye/common/smallrye-common-constraint/2.12.0/smallrye-common-constraint-2.12.0.jar:/home/runner/.m2/repository/io/smallrye/common/smallrye-common-cpu/2.12.0/smallrye-common-cpu-2.12.0.jar:/home/runner/.m2/repository/io/smallrye/common/smallrye-common-expression/2.12.0/smallrye-common-expression-2.12.0.jar:/home/runner/.m2/repository/io/smallrye/common/smallrye-common-net/2.12.0/smallrye-common-net-2.12.0.jar:/home/runner/.m2/repository/io/smallrye/common/smallrye-common-ref/2.12.0/smallrye-common-ref-2.12.0.jar:/home/runner/.m2/repository/jakarta/json/jakarta.json-api/2.1.3/jakarta.json-api-2.1.3.jar:/home/runner/.m2/repository/org/eclipse/parsson/parsson/1.1.7/parsson-1.1.7.jar:/home/runner/.m2/repository/org/jboss/logging/jboss-logging-annotations/3.0.4.Final/jboss-logging-annotations-3.0.4.Final.jar:/home/runner/.m2/repository/org/jboss/threads/jboss-threads/3.8.0.Final/jboss-threads-3.8.0.Final.jar:/home/runner/.m2/repository/io/smallrye/common/smallrye-common-annotation/2.12.0/smallrye-common-annotation-2.12.0.jar:/home/runner/.m2/repository/io/smallrye/common/smallrye-common-function/2.12.0/smallrye-common-function-2.12.0.jar:/home/runner/.m2/repository/org/jboss/slf4j/slf4j-jboss-logmanager/2.0.0.Final/slf4j-jboss-logmanager-2.0.0.Final.jar:/home/runner/.m2/repository/org/wildfly/common/wildfly-common/2.0.1/wildfly-common-2.0.1.jar:/home/runner/.m2/repository/io/quarkus/quarkus-bootstrap-runner/3.20.2/quarkus-bootstrap-runner-3.20.2.jar:/home/runner/.m2/repository/io/github/crac/org-crac/0.1.3/org-crac-0.1.3.jar:/home/runner/.m2/repository/io/quarkus/quarkus-fs-util/0.0.10/quarkus-fs-util-0.0.10.jar:/home/runner/.m2/repository/org/jboss/marshalling/jboss-marshalling/2.2.2.Final/jboss-marshalling-2.2.2.Final.jar:/home/runner/.m2/repository/io/fabric8/kubernetes-client/7.1.0/kubernetes-client-7.1.0.jar:/home/runner/.m2/repository/io/fabric8/kubernetes-client-api/7.1.0/kubernetes-client-api-7.1.0.jar:/home/runner/.m2/repository/io/fabric8/kubernetes-model-core/7.1.0/kubernetes-model-core-7.1.0.jar:/home/runner/.m2/repository/io/fabric8/kubernetes-model-common/7.1.0/kubernetes-model-common-7.1.0.jar:/home/runner/.m2/repository/javax/annotation/javax.annotation-api/1.3.2/javax.annotation-api-1.3.2.jar:/home/runner/.m2/repository/io/fabric8/kubernetes-model-gatewayapi/7.1.0/kubernetes-model-gatewayapi-7.1.0.jar:/home/runner/.m2/repository/io/fabric8/kubernetes-model-resource/7.1.0/kubernetes-model-resource-7.1.0.jar:/home/runner/.m2/repository/io/fabric8/kubernetes-model-rbac/7.1.0/kubernetes-model-rbac-7.1.0.jar:/home/runner/.m2/repository/io/fabric8/kubernetes-model-admissionregistration/7.1.0/kubernetes-model-admissionregistration-7.1.0.jar:/home/runner/.m2/repository/io/fabric8/kubernetes-model-apps/7.1.0/kubernetes-model-apps-7.1.0.jar:/home/runner/.m2/repository/io/fabric8/kubernetes-model-autoscaling/7.1.0/kubernetes-model-autoscaling-7.1.0.jar:/home/runner/.m2/repository/io/fabric8/kubernetes-model-apiextensions/7.1.0/kubernetes-model-apiextensions-7.1.0.jar:/home/runner/.m2/repository/io/fabric8/kubernetes-model-batch/7.1.0/kubernetes-model-batch-7.1.0.jar:/home/runner/.m2/repository/io/fabric8/kubernetes-model-certificates/7.1.0/kubernetes-model-certificates-7.1.0.jar:/home/runner/.m2/repository/io/fabric8/kubernetes-model-coordination/7.1.0/kubernetes-model-coordination-7.1.0.jar:/home/runner/.m2/repository/io/fabric8/kubernetes-model-discovery/7.1.0/kubernetes-model-discovery-7.1.0.jar:/home/runner/.m2/repository/io/fabric8/kubernetes-model-events/7.1.0/kubernetes-model-events-7.1.0.jar:/home/runner/.m2/repository/io/fabric8/kubernetes-model-extensions/7.1.0/kubernetes-model-extensions-7.1.0.jar:/home/runner/.m2/repository/io/fabric8/kubernetes-model-flowcontrol/7.1.0/kubernetes-model-flowcontrol-7.1.0.jar:/home/runner/.m2/repository/io/fabric8/kubernetes-model-networking/7.1.0/kubernetes-model-networking-7.1.0.jar:/home/runner/.m2/repository/io/fabric8/kubernetes-model-metrics/7.1.0/kubernetes-model-metrics-7.1.0.jar:/home/runner/.m2/repository/io/fabric8/kubernetes-model-policy/7.1.0/kubernetes-model-policy-7.1.0.jar:/home/runner/.m2/repository/io/fabric8/kubernetes-model-scheduling/7.1.0/kubernetes-model-scheduling-7.1.0.jar:/home/runner/.m2/repository/io/fabric8/kubernetes-model-storageclass/7.1.0/kubernetes-model-storageclass-7.1.0.jar:/home/runner/.m2/repository/io/fabric8/kubernetes-model-node/7.1.0/kubernetes-model-node-7.1.0.jar:/home/runner/.m2/repository/org/snakeyaml/snakeyaml-engine/2.9/snakeyaml-engine-2.9.jar:/home/runner/.m2/repository/com/fasterxml/jackson/dataformat/jackson-dataformat-yaml/2.18.2/jackson-dataformat-yaml-2.18.2.jar:/home/runner/.m2/repository/com/fasterxml/jackson/datatype/jackson-datatype-jsr310/2.18.2/jackson-datatype-jsr310-2.18.2.jar:/home/runner/.m2/repository/io/fabric8/zjsonpatch/7.1.0/zjsonpatch-7.1.0.jar:/home/runner/.m2/repository/io/fabric8/kubernetes-httpclient-vertx/7.1.0/kubernetes-httpclient-vertx-7.1.0.jar:/home/runner/.m2/repository/io/vertx/vertx-web-client/4.5.16/vertx-web-client-4.5.16.jar:/home/runner/.m2/repository/io/vertx/vertx-web-common/4.5.16/vertx-web-common-4.5.16.jar:/home/runner/.m2/repository/io/vertx/vertx-auth-common/4.5.16/vertx-auth-common-4.5.16.jar:/home/runner/.m2/repository/io/vertx/vertx-uri-template/4.5.16/vertx-uri-template-4.5.16.jar:/home/runner/.m2/repository/io/fabric8/openshift-client/7.1.0/openshift-client-7.1.0.jar:/home/runner/.m2/repository/io/fabric8/openshift-client-api/7.1.0/openshift-client-api-7.1.0.jar:/home/runner/.m2/repository/io/fabric8/openshift-model/7.1.0/openshift-model-7.1.0.jar:/home/runner/.m2/repository/io/fabric8/openshift-model-autoscaling/7.1.0/openshift-model-autoscaling-7.1.0.jar:/home/runner/.m2/repository/io/fabric8/openshift-model-operator/7.1.0/openshift-model-operator-7.1.0.jar:/home/runner/.m2/repository/io/fabric8/openshift-model-operatorhub/7.1.0/openshift-model-operatorhub-7.1.0.jar:/home/runner/.m2/repository/io/fabric8/openshift-model-machine/7.1.0/openshift-model-machine-7.1.0.jar:/home/runner/.m2/repository/io/fabric8/openshift-model-whereabouts/7.1.0/openshift-model-whereabouts-7.1.0.jar:/home/runner/.m2/repository/io/fabric8/openshift-model-monitoring/7.1.0/openshift-model-monitoring-7.1.0.jar:/home/runner/.m2/repository/io/fabric8/openshift-model-storageversionmigrator/7.1.0/openshift-model-storageversionmigrator-7.1.0.jar:/home/runner/.m2/repository/io/fabric8/openshift-model-tuned/7.1.0/openshift-model-tuned-7.1.0.jar:/home/runner/.m2/repository/io/fabric8/openshift-model-console/7.1.0/openshift-model-console-7.1.0.jar:/home/runner/.m2/repository/io/fabric8/openshift-model-config/7.1.0/openshift-model-config-7.1.0.jar:/home/runner/.m2/repository/io/fabric8/openshift-model-machineconfiguration/7.1.0/openshift-model-machineconfiguration-7.1.0.jar:/home/runner/.m2/repository/io/fabric8/openshift-model-miscellaneous/7.1.0/openshift-model-miscellaneous-7.1.0.jar:/home/runner/.m2/repository/io/fabric8/openshift-model-hive/7.1.0/openshift-model-hive-7.1.0.jar:/home/runner/.m2/repository/io/fabric8/openshift-model-installer/7.1.0/openshift-model-installer-7.1.0.jar:/home/runner/.m2/repository/org/junit/platform/junit-platform-launcher/1.12.1/junit-platform-launcher-1.12.1.jar:/home/runner/.m2/repository/org/junit/platform/junit-platform-engine/1.12.1/junit-platform-engine-1.12.1.jar:/home/runner/.m2/repository/org/opentest4j/opentest4j/1.3.0/opentest4j-1.3.0.jar:/home/runner/.m2/repository/org/junit/platform/junit-platform-commons/1.12.1/junit-platform-commons-1.12.1.jar:/home/runner/.m2/repository/org/apiguardian/apiguardian-api/1.1.2/apiguardian-api-1.1.2.jar:/home/runner/.m2/repository/jakarta/ws/rs/jakarta.ws.rs-api/3.1.0/jakarta.ws.rs-api-3.1.0.jar:/home/runner/work/apicurio-testing/apicurio-testing/clusters/ci419/namespaces/inmemory/tests/integration/apicurio-registry/java-sdk/target/apicurio-registry-java-sdk-3.0.12-SNAPSHOT.jar:/home/runner/.m2/repository/com/microsoft/kiota/microsoft-kiota-abstractions/1.8.8/microsoft-kiota-abstractions-1.8.8.jar:/home/runner/.m2/repository/io/github/std-uritemplate/std-uritemplate/2.0.0/std-uritemplate-2.0.0.jar:/home/runner/.m2/repository/io/kiota/kiota-http-jdk/0.0.29/kiota-http-jdk-0.0.29.jar:/home/runner/.m2/repository/io/kiota/kiota-http-vertx/0.0.29/kiota-http-vertx-0.0.29.jar:/home/runner/.m2/repository/io/kiota/kiota-serialization-jackson/0.0.29/kiota-serialization-jackson-0.0.29.jar:/home/runner/.m2/repository/com/microsoft/kiota/microsoft-kiota-serialization-text/1.8.8/microsoft-kiota-serialization-text-1.8.8.jar:/home/runner/.m2/repository/com/microsoft/kiota/microsoft-kiota-serialization-form/1.8.8/microsoft-kiota-serialization-form-1.8.8.jar:/home/runner/.m2/repository/com/microsoft/kiota/microsoft-kiota-serialization-multipart/1.8.8/microsoft-kiota-serialization-multipart-1.8.8.jar:/home/runner/.m2/repository/jakarta/annotation/jakarta.annotation-api/3.0.0/jakarta.annotation-api-3.0.0.jar:/home/runner/.m2/repository/io/vertx/vertx-auth-oauth2/4.5.16/vertx-auth-oauth2-4.5.16.jar:/home/runner/work/apicurio-testing/apicurio-testing/clusters/ci419/namespaces/inmemory/tests/integration/apicurio-registry/java-sdk-v2/target/apicurio-registry-v2-java-sdk-3.0.12-SNAPSHOT.jar:/home/runner/work/apicurio-testing/apicurio-testing/clusters/ci419/namespaces/inmemory/tests/integration/apicurio-registry/utils/kafka/target/apicurio-registry-utils-kafka-3.0.12-SNAPSHOT-tests.jar:/home/runner/.m2/repository/org/eclipse/microprofile/config/microprofile-config-api/3.1/microprofile-config-api-3.1.jar:/home/runner/.m2/repository/org/apache/kafka/kafka-clients/3.9.1/kafka-clients-3.9.1.jar:/home/runner/.m2/repository/com/github/luben/zstd-jni/1.5.6-4/zstd-jni-1.5.6-4.jar:/home/runner/.m2/repository/org/lz4/lz4-java/1.8.0/lz4-java-1.8.0.jar:/home/runner/.m2/repository/org/xerial/snappy/snappy-java/1.1.10.5/snappy-java-1.1.10.5.jar:/home/runner/.m2/repository/org/slf4j/slf4j-api/2.0.6/slf4j-api-2.0.6.jar:/home/runner/work/apicurio-testing/apicurio-testing/clusters/ci419/namespaces/inmemory/tests/integration/apicurio-registry/utils/tests/target/apicurio-registry-utils-tests-3.0.12-SNAPSHOT.jar:/home/runner/work/apicurio-testing/apicurio-testing/clusters/ci419/namespaces/inmemory/tests/integration/apicurio-registry/common/target/apicurio-registry-common-3.0.12-SNAPSHOT.jar:/home/runner/.m2/repository/jakarta/validation/jakarta.validation-api/3.0.2/jakarta.validation-api-3.0.2.jar:/home/runner/.m2/repository/com/github/dasniko/testcontainers-keycloak/3.8.0/testcontainers-keycloak-3.8.0.jar:/home/runner/.m2/repository/org/testcontainers/testcontainers/1.20.6/testcontainers-1.20.6.jar:/home/runner/.m2/repository/org/rnorth/duct-tape/duct-tape/1.0.8/duct-tape-1.0.8.jar:/home/runner/.m2/repository/com/github/docker-java/docker-java-transport-zerodep/3.4.1/docker-java-transport-zerodep-3.4.1.jar:/home/runner/.m2/repository/com/github/docker-java/docker-java-transport/3.4.1/docker-java-transport-3.4.1.jar:/home/runner/.m2/repository/net/java/dev/jna/jna/5.8.0/jna-5.8.0.jar:/home/runner/.m2/repository/io/quarkus/quarkus-junit4-mock/3.20.2/quarkus-junit4-mock-3.20.2.jar:/home/runner/.m2/repository/org/jboss/shrinkwrap/shrinkwrap-api/2.0.0-beta-2/shrinkwrap-api-2.0.0-beta-2.jar:/home/runner/.m2/repository/org/jboss/shrinkwrap/shrinkwrap-impl-base/2.0.0-beta-2/shrinkwrap-impl-base-2.0.0-beta-2.jar:/home/runner/.m2/repository/org/jboss/shrinkwrap/shrinkwrap-spi/2.0.0-beta-2/shrinkwrap-spi-2.0.0-beta-2.jar:/home/runner/.m2/repository/org/keycloak/keycloak-admin-client/26.0.4/keycloak-admin-client-26.0.4.jar:/home/runner/.m2/repository/org/keycloak/keycloak-client-common-synced/26.0.4/keycloak-client-common-synced-26.0.4.jar:/home/runner/.m2/repository/jakarta/activation/jakarta.activation-api/2.1.3/jakarta.activation-api-2.1.3.jar:/home/runner/.m2/repository/org/eclipse/microprofile/openapi/microprofile-openapi-api/4.0.2/microprofile-openapi-api-4.0.2.jar:/home/runner/.m2/repository/org/jboss/resteasy/resteasy-client/6.2.12.Final/resteasy-client-6.2.12.Final.jar:/home/runner/.m2/repository/org/jboss/resteasy/resteasy-client-api/6.2.12.Final/resteasy-client-api-6.2.12.Final.jar:/home/runner/.m2/repository/org/jboss/resteasy/resteasy-core-spi/6.2.12.Final/resteasy-core-spi-6.2.12.Final.jar:/home/runner/.m2/repository/org/jboss/resteasy/resteasy-core/6.2.12.Final/resteasy-core-6.2.12.Final.jar:/home/runner/.m2/repository/org/eclipse/angus/angus-activation/2.0.2/angus-activation-2.0.2.jar:/home/runner/.m2/repository/com/ibm/async/asyncutil/0.1.0/asyncutil-0.1.0.jar:/home/runner/.m2/repository/org/reactivestreams/reactive-streams/1.0.4/reactive-streams-1.0.4.jar:/home/runner/.m2/repository/org/jboss/resteasy/resteasy-multipart-provider/6.2.12.Final/resteasy-multipart-provider-6.2.12.Final.jar:/home/runner/.m2/repository/jakarta/mail/jakarta.mail-api/2.1.3/jakarta.mail-api-2.1.3.jar:/home/runner/.m2/repository/org/eclipse/angus/angus-mail/2.0.3/angus-mail-2.0.3.jar:/home/runner/.m2/repository/org/apache/james/apache-mime4j-dom/0.8.12/apache-mime4j-dom-0.8.12.jar:/home/runner/.m2/repository/org/apache/james/apache-mime4j-core/0.8.12/apache-mime4j-core-0.8.12.jar:/home/runner/.m2/repository/org/apache/james/apache-mime4j-storage/0.8.12/apache-mime4j-storage-0.8.12.jar:/home/runner/.m2/repository/org/jboss/resteasy/resteasy-jackson2-provider/6.2.12.Final/resteasy-jackson2-provider-6.2.12.Final.jar:/home/runner/.m2/repository/com/fasterxml/jackson/jakarta/rs/jackson-jakarta-rs-base/2.18.2/jackson-jakarta-rs-base-2.18.2.jar:/home/runner/.m2/repository/com/fasterxml/jackson/jakarta/rs/jackson-jakarta-rs-json-provider/2.18.2/jackson-jakarta-rs-json-provider-2.18.2.jar:/home/runner/.m2/repository/com/fasterxml/jackson/module/jackson-module-jakarta-xmlbind-annotations/2.18.2/jackson-module-jakarta-xmlbind-annotations-2.18.2.jar:/home/runner/.m2/repository/com/github/java-json-tools/json-patch/1.13/json-patch-1.13.jar:/home/runner/.m2/repository/com/github/java-json-tools/msg-simple/1.2/msg-simple-1.2.jar:/home/runner/.m2/repository/com/github/java-json-tools/btf/1.3/btf-1.3.jar:/home/runner/.m2/repository/com/github/java-json-tools/jackson-coreutils/2.0/jackson-coreutils-2.0.jar:/home/runner/.m2/repository/org/jboss/resteasy/resteasy-jaxb-provider/6.2.12.Final/resteasy-jaxb-provider-6.2.12.Final.jar:/home/runner/.m2/repository/org/glassfish/jaxb/codemodel/4.0.5/codemodel-4.0.5.jar:/home/runner/.m2/repository/org/glassfish/jaxb/jaxb-core/4.0.5/jaxb-core-4.0.5.jar:/home/runner/.m2/repository/org/glassfish/jaxb/jaxb-jxc/4.0.5/jaxb-jxc-4.0.5.jar:/home/runner/.m2/repository/org/glassfish/jaxb/jaxb-runtime/4.0.5/jaxb-runtime-4.0.5.jar:/home/runner/.m2/repository/org/glassfish/jaxb/txw2/4.0.5/txw2-4.0.5.jar:/home/runner/.m2/repository/org/glassfish/jaxb/jaxb-xjc/4.0.5/jaxb-xjc-4.0.5.jar:/home/runner/.m2/repository/org/glassfish/jaxb/xsom/4.0.5/xsom-4.0.5.jar:/home/runner/.m2/repository/com/sun/istack/istack-commons-runtime/4.1.2/istack-commons-runtime-4.1.2.jar:/home/runner/.m2/repository/com/sun/istack/istack-commons-tools/4.1.2/istack-commons-tools-4.1.2.jar:/home/runner/.m2/repository/com/sun/xml/bind/external/relaxng-datatype/4.0.5/relaxng-datatype-4.0.5.jar:/home/runner/.m2/repository/com/sun/xml/bind/external/rngom/4.0.5/rngom-4.0.5.jar:/home/runner/.m2/repository/org/testcontainers/mssqlserver/1.20.6/mssqlserver-1.20.6.jar:/home/runner/.m2/repository/org/testcontainers/jdbc/1.20.6/jdbc-1.20.6.jar:/home/runner/.m2/repository/org/testcontainers/database-commons/1.20.6/database-commons-1.20.6.jar:/home/runner/.m2/repository/org/testcontainers/mysql/1.20.6/mysql-1.20.6.jar:/home/runner/.m2/repository/io/strimzi/strimzi-test-container/0.111.0/strimzi-test-container-0.111.0.jar:/home/runner/.m2/repository/org/testcontainers/toxiproxy/1.20.6/toxiproxy-1.20.6.jar:/home/runner/.m2/repository/com/github/docker-java/docker-java-api/3.4.1/docker-java-api-3.4.1.jar:/home/runner/.m2/repository/org/apache/logging/log4j/log4j-slf4j-impl/2.19.0/log4j-slf4j-impl-2.19.0.jar:/home/runner/.m2/repository/org/apache/logging/log4j/log4j-api/2.24.3/log4j-api-2.24.3.jar:/home/runner/.m2/repository/org/apache/logging/log4j/log4j-core/2.19.0/log4j-core-2.19.0.jar:/home/runner/.m2/repository/eu/rekawek/toxiproxy/toxiproxy-java/2.1.7/toxiproxy-java-2.1.7.jar:/home/runner/.m2/repository/org/testcontainers/pulsar/1.21.3/pulsar-1.21.3.jar:/home/runner/.m2/repository/io/debezium/debezium-testing-testcontainers/2.7.4.Final/debezium-testing-testcontainers-2.7.4.Final.jar:/home/runner/.m2/repository/org/testcontainers/kafka/1.20.6/kafka-1.20.6.jar:/home/runner/.m2/repository/com/squareup/okhttp3/okhttp/4.8.1/okhttp-4.8.1.jar:/home/runner/.m2/repository/com/squareup/okio/okio/3.10.2/okio-3.10.2.jar:/home/runner/.m2/repository/com/squareup/okio/okio-jvm/3.10.2/okio-jvm-3.10.2.jar:/home/runner/.m2/repository/org/jetbrains/kotlin/kotlin-stdlib/2.0.21/kotlin-stdlib-2.0.21.jar:/home/runner/.m2/repository/org/awaitility/awaitility/4.3.0/awaitility-4.3.0.jar:/home/runner/.m2/repository/org/testcontainers/mongodb/1.20.6/mongodb-1.20.6.jar:/home/runner/.m2/repository/org/testcontainers/mariadb/1.20.6/mariadb-1.20.6.jar:/home/runner/.m2/repository/org/testcontainers/oracle-xe/1.20.6/oracle-xe-1.20.6.jar:/home/runner/.m2/repository/org/testcontainers/postgresql/1.20.6/postgresql-1.20.6.jar:/home/runner/.m2/repository/org/wiremock/wiremock/3.0.1/wiremock-3.0.1.jar:/home/runner/.m2/repository/org/eclipse/jetty/jetty-server/11.0.15/jetty-server-11.0.15.jar:/home/runner/.m2/repository/org/eclipse/jetty/toolchain/jetty-jakarta-servlet-api/5.0.2/jetty-jakarta-servlet-api-5.0.2.jar:/home/runner/.m2/repository/org/eclipse/jetty/jetty-http/11.0.15/jetty-http-11.0.15.jar:/home/runner/.m2/repository/org/eclipse/jetty/jetty-io/11.0.15/jetty-io-11.0.15.jar:/home/runner/.m2/repository/org/eclipse/jetty/jetty-servlet/11.0.15/jetty-servlet-11.0.15.jar:/home/runner/.m2/repository/org/eclipse/jetty/jetty-security/11.0.15/jetty-security-11.0.15.jar:/home/runner/.m2/repository/org/eclipse/jetty/jetty-servlets/11.0.15/jetty-servlets-11.0.15.jar:/home/runner/.m2/repository/org/eclipse/jetty/jetty-util/11.0.15/jetty-util-11.0.15.jar:/home/runner/.m2/repository/org/eclipse/jetty/jetty-webapp/11.0.15/jetty-webapp-11.0.15.jar:/home/runner/.m2/repository/org/eclipse/jetty/jetty-xml/11.0.15/jetty-xml-11.0.15.jar:/home/runner/.m2/repository/org/eclipse/jetty/jetty-proxy/11.0.15/jetty-proxy-11.0.15.jar:/home/runner/.m2/repository/org/eclipse/jetty/jetty-client/11.0.15/jetty-client-11.0.15.jar:/home/runner/.m2/repository/org/eclipse/jetty/http2/http2-server/11.0.15/http2-server-11.0.15.jar:/home/runner/.m2/repository/org/eclipse/jetty/http2/http2-common/11.0.15/http2-common-11.0.15.jar:/home/runner/.m2/repository/org/eclipse/jetty/http2/http2-hpack/11.0.15/http2-hpack-11.0.15.jar:/home/runner/.m2/repository/org/eclipse/jetty/jetty-alpn-server/11.0.15/jetty-alpn-server-11.0.15.jar:/home/runner/.m2/repository/org/eclipse/jetty/jetty-alpn-java-server/11.0.15/jetty-alpn-java-server-11.0.15.jar:/home/runner/.m2/repository/org/eclipse/jetty/jetty-alpn-java-client/11.0.15/jetty-alpn-java-client-11.0.15.jar:/home/runner/.m2/repository/org/eclipse/jetty/jetty-alpn-client/11.0.15/jetty-alpn-client-11.0.15.jar:/home/runner/.m2/repository/org/apache/httpcomponents/client5/httpclient5/5.2.1/httpclient5-5.2.1.jar:/home/runner/.m2/repository/org/apache/httpcomponents/core5/httpcore5/5.2/httpcore5-5.2.jar:/home/runner/.m2/repository/org/apache/httpcomponents/core5/httpcore5-h2/5.2/httpcore5-h2-5.2.jar:/home/runner/.m2/repository/org/xmlunit/xmlunit-core/2.9.1/xmlunit-core-2.9.1.jar:/home/runner/.m2/repository/jakarta/xml/bind/jakarta.xml.bind-api/4.0.2/jakarta.xml.bind-api-4.0.2.jar:/home/runner/.m2/repository/org/xmlunit/xmlunit-legacy/2.9.1/xmlunit-legacy-2.9.1.jar:/home/runner/.m2/repository/org/xmlunit/xmlunit-placeholders/2.9.1/xmlunit-placeholders-2.9.1.jar:/home/runner/.m2/repository/net/javacrumbs/json-unit/json-unit-core/2.38.0/json-unit-core-2.38.0.jar:/home/runner/.m2/repository/org/hamcrest/hamcrest-core/2.2/hamcrest-core-2.2.jar:/home/runner/.m2/repository/com/jayway/jsonpath/json-path/2.8.0/json-path-2.8.0.jar:/home/runner/.m2/repository/net/minidev/json-smart/2.4.10/json-smart-2.4.10.jar:/home/runner/.m2/repository/net/minidev/accessors-smart/2.4.9/accessors-smart-2.4.9.jar:/home/runner/.m2/repository/org/ow2/asm/asm/9.7.1/asm-9.7.1.jar:/home/runner/.m2/repository/net/sf/jopt-simple/jopt-simple/5.0.4/jopt-simple-5.0.4.jar:/home/runner/.m2/repository/com/github/jknack/handlebars/4.3.1/handlebars-4.3.1.jar:/home/runner/.m2/repository/com/github/jknack/handlebars-helpers/4.3.1/handlebars-helpers-4.3.1.jar:/home/runner/.m2/repository/commons-fileupload/commons-fileupload/1.5/commons-fileupload-1.5.jar:/home/runner/.m2/repository/com/networknt/json-schema-validator/1.5.8/json-schema-validator-1.5.8.jar:/home/runner/.m2/repository/com/ethlo/time/itu/1.10.3/itu-1.10.3.jar:/home/runner/.m2/repository/io/quarkus/quarkus-smallrye-jwt-build/3.20.2/quarkus-smallrye-jwt-build-3.20.2.jar:/home/runner/.m2/repository/io/smallrye/smallrye-jwt-build/4.6.2/smallrye-jwt-build-4.6.2.jar:/home/runner/.m2/repository/org/eclipse/microprofile/jwt/microprofile-jwt-auth-api/2.1/microprofile-jwt-auth-api-2.1.jar:/home/runner/.m2/repository/org/bitbucket/b_c/jose4j/0.9.6/jose4j-0.9.6.jar:/home/runner/.m2/repository/io/smallrye/smallrye-jwt-common/4.6.2/smallrye-jwt-common-4.6.2.jar:/home/runner/.m2/repository/io/quarkus/quarkus-jsonp/3.20.2/quarkus-jsonp-3.20.2.jar:/home/runner/.m2/repository/io/quarkus/quarkus-arc/3.20.2/quarkus-arc-3.20.2.jar:/home/runner/.m2/repository/io/quarkus/arc/arc/3.20.2/arc-3.20.2.jar:/home/runner/.m2/repository/jakarta/transaction/jakarta.transaction-api/2.0.1/jakarta.transaction-api-2.0.1.jar:/home/runner/.m2/repository/io/smallrye/reactive/mutiny/2.9.2/mutiny-2.9.2.jar:/home/runner/.m2/repository/org/jctools/jctools-core/4.0.5/jctools-core-4.0.5.jar:/home/runner/.m2/repository/org/eclipse/microprofile/context-propagation/microprofile-context-propagation-api/1.3/microprofile-context-propagation-api-1.3.jar:/home/runner/.m2/repository/io/apicurio/apicurio-common-rest-client-common/0.1.18.Final/apicurio-common-rest-client-common-0.1.18.Final.jar:/home/runner/work/apicurio-testing/apicurio-testing/clusters/ci419/namespaces/inmemory/tests/integration/apicurio-registry/utils/maven-plugin/target/apicurio-registry-maven-plugin-3.0.12-SNAPSHOT.jar:/home/runner/.m2/repository/com/fasterxml/jackson/core/jackson-databind/2.18.2/jackson-databind-2.18.2.jar:/home/runner/.m2/repository/org/apache/avro/avro/1.12.0/avro-1.12.0.jar:/home/runner/.m2/repository/com/google/protobuf/protobuf-java/4.31.1/protobuf-java-4.31.1.jar:/home/runner/.m2/repository/com/google/protobuf/protobuf-java-util/4.31.1/protobuf-java-util-4.31.1.jar:/home/runner/.m2/repository/com/google/code/findbugs/jsr305/3.0.2/jsr305-3.0.2.jar:/home/runner/.m2/repository/com/google/code/gson/gson/2.12.1/gson-2.12.1.jar:/home/runner/.m2/repository/com/google/errorprone/error_prone_annotations/2.36.0/error_prone_annotations-2.36.0.jar:/home/runner/.m2/repository/com/google/j2objc/j2objc-annotations/2.8/j2objc-annotations-2.8.jar:/home/runner/work/apicurio-testing/apicurio-testing/clusters/ci419/namespaces/inmemory/tests/integration/apicurio-registry/schema-util/util-provider/target/apicurio-registry-schema-util-provider-3.0.12-SNAPSHOT.jar:/home/runner/work/apicurio-testing/apicurio-testing/clusters/ci419/namespaces/inmemory/tests/integration/apicurio-registry/schema-util/common/target/apicurio-registry-schema-util-common-3.0.12-SNAPSHOT.jar:/home/runner/.m2/repository/com/fasterxml/jackson/module/jackson-module-parameter-names/2.18.2/jackson-module-parameter-names-2.18.2.jar:/home/runner/.m2/repository/com/fasterxml/jackson/datatype/jackson-datatype-json-org/2.18.2/jackson-datatype-json-org-2.18.2.jar:/home/runner/work/apicurio-testing/apicurio-testing/clusters/ci419/namespaces/inmemory/tests/integration/apicurio-registry/schema-util/json/target/apicurio-registry-schema-util-json-3.0.12-SNAPSHOT.jar:/home/runner/.m2/repository/com/github/erosb/everit-json-schema/1.14.5/everit-json-schema-1.14.5.jar:/home/runner/.m2/repository/commons-validator/commons-validator/1.9.0/commons-validator-1.9.0.jar:/home/runner/.m2/repository/commons-digester/commons-digester/2.1/commons-digester-2.1.jar:/home/runner/.m2/repository/commons-collections/commons-collections/3.2.2/commons-collections-3.2.2.jar:/home/runner/.m2/repository/com/damnhandy/handy-uri-templates/2.1.8/handy-uri-templates-2.1.8.jar:/home/runner/.m2/repository/joda-time/joda-time/2.10.2/joda-time-2.10.2.jar:/home/runner/.m2/repository/com/github/erosb/json-sKema/0.20.0/json-sKema-0.20.0.jar:/home/runner/.m2/repository/io/vertx/vertx-json-schema/4.5.16/vertx-json-schema-4.5.16.jar:/home/runner/work/apicurio-testing/apicurio-testing/clusters/ci419/namespaces/inmemory/tests/integration/apicurio-registry/schema-util/protobuf/target/apicurio-registry-schema-util-protobuf-3.0.12-SNAPSHOT.jar:/home/runner/work/apicurio-testing/apicurio-testing/clusters/ci419/namespaces/inmemory/tests/integration/apicurio-registry/utils/protobuf-schema-utilities/target/apicurio-registry-protobuf-schema-utilities-3.0.12-SNAPSHOT.jar:/home/runner/.m2/repository/com/google/api/grpc/proto-google-common-protos/2.52.0/proto-google-common-protos-2.52.0.jar:/home/runner/.m2/repository/com/squareup/wire/wire-schema-jvm/5.3.3/wire-schema-jvm-5.3.3.jar:/home/runner/.m2/repository/com/palantir/javapoet/javapoet/0.6.0/javapoet-0.6.0.jar:/home/runner/.m2/repository/com/squareup/kotlinpoet-jvm/2.0.0/kotlinpoet-jvm-2.0.0.jar:/home/runner/.m2/repository/org/jetbrains/kotlin/kotlin-reflect/2.0.21/kotlin-reflect-2.0.21.jar:/home/runner/.m2/repository/com/squareup/wire/wire-runtime-jvm/5.3.3/wire-runtime-jvm-5.3.3.jar:/home/runner/.m2/repository/com/ibm/icu/icu4j/76.1/icu4j-76.1.jar:/home/runner/.m2/repository/com/squareup/okio/okio-fakefilesystem/3.10.2/okio-fakefilesystem-3.10.2.jar:/home/runner/.m2/repository/com/squareup/okio/okio-fakefilesystem-jvm/3.10.2/okio-fakefilesystem-jvm-3.10.2.jar:/home/runner/.m2/repository/org/jetbrains/kotlinx/kotlinx-datetime-jvm/0.6.1/kotlinx-datetime-jvm-0.6.1.jar:/home/runner/work/apicurio-testing/apicurio-testing/clusters/ci419/namespaces/inmemory/tests/integration/apicurio-registry/schema-util/asyncapi/target/apicurio-registry-schema-util-asyncapi-3.0.12-SNAPSHOT.jar:/home/runner/work/apicurio-testing/apicurio-testing/clusters/ci419/namespaces/inmemory/tests/integration/apicurio-registry/schema-util/avro/target/apicurio-registry-schema-util-avro-3.0.12-SNAPSHOT.jar:/home/runner/work/apicurio-testing/apicurio-testing/clusters/ci419/namespaces/inmemory/tests/integration/apicurio-registry/schema-util/graphql/target/apicurio-registry-schema-util-graphql-3.0.12-SNAPSHOT.jar:/home/runner/.m2/repository/com/graphql-java/graphql-java/22.4/graphql-java-22.4.jar:/home/runner/.m2/repository/com/graphql-java/java-dataloader/3.3.0/java-dataloader-3.3.0.jar:/home/runner/work/apicurio-testing/apicurio-testing/clusters/ci419/namespaces/inmemory/tests/integration/apicurio-registry/schema-util/kconnect/target/apicurio-registry-schema-util-kconnect-3.0.12-SNAPSHOT.jar:/home/runner/work/apicurio-testing/apicurio-testing/clusters/ci419/namespaces/inmemory/tests/integration/apicurio-registry/schema-util/openapi/target/apicurio-registry-schema-util-openapi-3.0.12-SNAPSHOT.jar:/home/runner/.m2/repository/io/apicurio/apicurio-data-models/2.2.2/apicurio-data-models-2.2.2.jar:/home/runner/.m2/repository/org/openapitools/openapidiff/openapi-diff-core/2.1.2/openapi-diff-core-2.1.2.jar:/home/runner/.m2/repository/io/swagger/parser/v3/swagger-parser/2.1.28/swagger-parser-2.1.28.jar:/home/runner/.m2/repository/io/swagger/parser/v3/swagger-parser-v2-converter/2.1.28/swagger-parser-v2-converter-2.1.28.jar:/home/runner/.m2/repository/io/swagger/swagger-core/1.6.16/swagger-core-1.6.16.jar:/home/runner/.m2/repository/io/swagger/swagger-models/1.6.16/swagger-models-1.6.16.jar:/home/runner/.m2/repository/io/swagger/swagger-annotations/1.6.16/swagger-annotations-1.6.16.jar:/home/runner/.m2/repository/io/swagger/swagger-parser/1.0.75/swagger-parser-1.0.75.jar:/home/runner/.m2/repository/io/swagger/swagger-parser-safe-url-resolver/1.0.75/swagger-parser-safe-url-resolver-1.0.75.jar:/home/runner/.m2/repository/io/swagger/swagger-compat-spec-parser/1.0.75/swagger-compat-spec-parser-1.0.75.jar:/home/runner/.m2/repository/com/github/java-json-tools/json-schema-validator/2.2.14/json-schema-validator-2.2.14.jar:/home/runner/.m2/repository/com/github/java-json-tools/jackson-coreutils-equivalence/1.0/jackson-coreutils-equivalence-1.0.jar:/home/runner/.m2/repository/com/github/java-json-tools/json-schema-core/1.2.14/json-schema-core-1.2.14.jar:/home/runner/.m2/repository/com/github/java-json-tools/uri-template/0.10/uri-template-0.10.jar:/home/runner/.m2/repository/com/googlecode/libphonenumber/libphonenumber/8.11.1/libphonenumber-8.11.1.jar:/home/runner/.m2/repository/com/j2html/j2html/1.6.0/j2html-1.6.0.jar:/home/runner/.m2/repository/org/apache/commons/commons-collections4/4.5.0/commons-collections4-4.5.0.jar:/home/runner/.m2/repository/org/slf4j/jcl-over-slf4j/2.0.17/jcl-over-slf4j-2.0.17.jar:/home/runner/.m2/repository/io/swagger/parser/v3/swagger-parser-v3/2.1.31/swagger-parser-v3-2.1.31.jar:/home/runner/.m2/repository/io/swagger/core/v3/swagger-models/2.2.34/swagger-models-2.2.34.jar:/home/runner/.m2/repository/io/swagger/core/v3/swagger-core/2.2.34/swagger-core-2.2.34.jar:/home/runner/.m2/repository/io/swagger/parser/v3/swagger-parser-core/2.1.31/swagger-parser-core-2.1.31.jar:/home/runner/.m2/repository/io/swagger/parser/v3/swagger-parser-safe-url-resolver/2.1.31/swagger-parser-safe-url-resolver-2.1.31.jar:/home/runner/work/apicurio-testing/apicurio-testing/clusters/ci419/namespaces/inmemory/tests/integration/apicurio-registry/schema-util/wsdl/target/apicurio-registry-schema-util-wsdl-3.0.12-SNAPSHOT.jar:/home/runner/.m2/repository/wsdl4j/wsdl4j/1.6.3/wsdl4j-1.6.3.jar:/home/runner/work/apicurio-testing/apicurio-testing/clusters/ci419/namespaces/inmemory/tests/integration/apicurio-registry/schema-util/xml/target/apicurio-registry-schema-util-xml-3.0.12-SNAPSHOT.jar:/home/runner/.m2/repository/org/apache/santuario/xmlsec/4.0.4/xmlsec-4.0.4.jar:/home/runner/.m2/repository/com/fasterxml/woodstox/woodstox-core/7.1.1/woodstox-core-7.1.1.jar:/home/runner/.m2/repository/org/codehaus/woodstox/stax2-api/4.2.2/stax2-api-4.2.2.jar:/home/runner/work/apicurio-testing/apicurio-testing/clusters/ci419/namespaces/inmemory/tests/integration/apicurio-registry/schema-util/xsd/target/apicurio-registry-schema-util-xsd-3.0.12-SNAPSHOT.jar:/home/runner/work/apicurio-testing/apicurio-testing/clusters/ci419/namespaces/inmemory/tests/integration/apicurio-registry/serdes/kafka/jsonschema-serde/target/apicurio-registry-jsonschema-serde-kafka-3.0.12-SNAPSHOT.jar:/home/runner/work/apicurio-testing/apicurio-testing/clusters/ci419/namespaces/inmemory/tests/integration/apicurio-registry/serdes/kafka/serde-kafka-common/target/apicurio-registry-serde-kafka-common-3.0.12-SNAPSHOT.jar:/home/runner/work/apicurio-testing/apicurio-testing/clusters/ci419/namespaces/inmemory/tests/integration/apicurio-registry/serdes/generic/serde-common/target/apicurio-registry-serde-common-3.0.12-SNAPSHOT.jar:/home/runner/work/apicurio-testing/apicurio-testing/clusters/ci419/namespaces/inmemory/tests/integration/apicurio-registry/serdes/generic/serde-common-jsonschema/target/apicurio-registry-serde-common-jsonschema-3.0.12-SNAPSHOT.jar:/home/runner/.m2/repository/org/json/json/20250107/json-20250107.jar:/home/runner/work/apicurio-testing/apicurio-testing/clusters/ci419/namespaces/inmemory/tests/integration/apicurio-registry/serdes/kafka/avro-serde/target/apicurio-registry-avro-serde-kafka-3.0.12-SNAPSHOT.jar:/home/runner/work/apicurio-testing/apicurio-testing/clusters/ci419/namespaces/inmemory/tests/integration/apicurio-registry/serdes/generic/serde-common-avro/target/apicurio-registry-serde-common-avro-3.0.12-SNAPSHOT.jar:/home/runner/work/apicurio-testing/apicurio-testing/clusters/ci419/namespaces/inmemory/tests/integration/apicurio-registry/serdes/kafka/protobuf-serde/target/apicurio-registry-protobuf-serde-kafka-3.0.12-SNAPSHOT.jar:/home/runner/work/apicurio-testing/apicurio-testing/clusters/ci419/namespaces/inmemory/tests/integration/apicurio-registry/serdes/generic/serde-common-protobuf/target/apicurio-registry-serde-common-protobuf-3.0.12-SNAPSHOT.jar:/home/runner/.m2/repository/com/squareup/wire/wire-schema/5.3.3/wire-schema-5.3.3.jar:/home/runner/.m2/repository/com/squareup/wire/wire-runtime/5.3.3/wire-runtime-5.3.3.jar:/home/runner/work/apicurio-testing/apicurio-testing/clusters/ci419/namespaces/inmemory/tests/integration/apicurio-registry/serdes/pulsar/avro-serde/target/apicurio-registry-avro-serde-pulsar-3.0.12-SNAPSHOT.jar:/home/runner/.m2/repository/org/apache/pulsar/pulsar-functions-api/3.3.8/pulsar-functions-api-3.3.8.jar:/home/runner/work/apicurio-testing/apicurio-testing/clusters/ci419/namespaces/inmemory/tests/integration/apicurio-registry/serdes/nats/avro-serde/target/apicurio-registry-avro-serde-nats-3.0.12-SNAPSHOT.jar:/home/runner/.m2/repository/io/nats/jnats/2.21.4/jnats-2.21.4.jar:/home/runner/.m2/repository/org/bouncycastle/bcprov-lts8on/2.73.7/bcprov-lts8on-2.73.7.jar:/home/runner/.m2/repository/org/jetbrains/annotations/26.0.2/annotations-26.0.2.jar:/home/runner/work/apicurio-testing/apicurio-testing/clusters/ci419/namespaces/inmemory/tests/integration/apicurio-registry/utils/converter/target/apicurio-registry-utils-converter-3.0.12-SNAPSHOT.jar:/home/runner/work/apicurio-testing/apicurio-testing/clusters/ci419/namespaces/inmemory/tests/integration/apicurio-registry/schema-resolver/target/apicurio-registry-schema-resolver-3.0.12-SNAPSHOT.jar:/home/runner/.m2/repository/org/apache/kafka/connect-api/3.9.1/connect-api-3.9.1.jar:/home/runner/.m2/repository/javax/ws/rs/javax.ws.rs-api/2.1.1/javax.ws.rs-api-2.1.1.jar:/home/runner/.m2/repository/org/apache/kafka/connect-json/3.9.1/connect-json-3.9.1.jar:/home/runner/.m2/repository/com/fasterxml/jackson/datatype/jackson-datatype-jdk8/2.18.2/jackson-datatype-jdk8-2.18.2.jar:/home/runner/.m2/repository/com/fasterxml/jackson/module/jackson-module-afterburner/2.18.2/jackson-module-afterburner-2.18.2.jar:/home/runner/work/apicurio-testing/apicurio-testing/clusters/ci419/namespaces/inmemory/tests/integration/apicurio-registry/utils/kafka/target/apicurio-registry-utils-kafka-3.0.12-SNAPSHOT.jar:/home/runner/.m2/repository/org/apache/pulsar/pulsar-client/3.3.8/pulsar-client-3.3.8.jar:/home/runner/.m2/repository/org/apache/pulsar/pulsar-client-api/3.3.8/pulsar-client-api-3.3.8.jar:/home/runner/.m2/repository/org/apache/pulsar/pulsar-client-admin-api/3.3.8/pulsar-client-admin-api-3.3.8.jar:/home/runner/.m2/repository/org/apache/pulsar/bouncy-castle-bc/3.3.8/bouncy-castle-bc-3.3.8-pkg.jar:/home/runner/.m2/repository/org/bouncycastle/bcpkix-jdk18on/1.81/bcpkix-jdk18on-1.81.jar:/home/runner/.m2/repository/org/bouncycastle/bcutil-jdk18on/1.81/bcutil-jdk18on-1.81.jar:/home/runner/.m2/repository/org/bouncycastle/bcprov-jdk18on/1.81/bcprov-jdk18on-1.81.jar:/home/runner/.m2/repository/io/opentelemetry/opentelemetry-api/1.44.1/opentelemetry-api-1.44.1.jar:/home/runner/.m2/repository/io/opentelemetry/opentelemetry-context/1.44.1/opentelemetry-context-1.44.1.jar:/home/runner/.m2/repository/io/opentelemetry/opentelemetry-api-incubator/1.44.1-alpha/opentelemetry-api-incubator-1.44.1-alpha.jar:/home/runner/.m2/repository/com/fasterxml/jackson/core/jackson-annotations/2.18.2/jackson-annotations-2.18.2.jar:/home/runner/.m2/repository/javax/validation/validation-api/1.1.0.Final/validation-api-1.1.0.Final.jar:/home/runner/.m2/repository/org/jspecify/jspecify/1.0.0/jspecify-1.0.0.jar:/home/runner/.m2/repository/org/apache/commons/commons-configuration2/2.12.0/commons-configuration2-2.12.0.jar:/home/runner/.m2/repository/commons-logging/commons-logging/1.3.5/commons-logging-1.3.5.jar:/home/runner/.m2/repository/org/apache/commons/commons-text/1.13.0/commons-text-1.13.0.jar:/home/runner/.m2/repository/io/confluent/kafka-avro-serializer/8.0.0/kafka-avro-serializer-8.0.0.jar:/home/runner/.m2/repository/org/apache/commons/commons-compress/1.27.1/commons-compress-1.27.1.jar:/home/runner/.m2/repository/io/confluent/kafka-schema-serializer/8.0.0/kafka-schema-serializer-8.0.0.jar:/home/runner/.m2/repository/com/fasterxml/jackson/dataformat/jackson-dataformat-csv/2.18.2/jackson-dataformat-csv-2.18.2.jar:/home/runner/.m2/repository/io/confluent/kafka-schema-registry-client/8.0.0/kafka-schema-registry-client-8.0.0.jar:/home/runner/.m2/repository/org/yaml/snakeyaml/2.3/snakeyaml-2.3.jar:/home/runner/.m2/repository/io/swagger/core/v3/swagger-annotations/2.2.29/swagger-annotations-2.2.29.jar:/home/runner/.m2/repository/com/google/guava/guava/33.4.0-jre/guava-33.4.0-jre.jar:/home/runner/.m2/repository/com/google/guava/failureaccess/1.0.1/failureaccess-1.0.1.jar:/home/runner/.m2/repository/org/checkerframework/checker-qual/3.49.0/checker-qual-3.49.0.jar:/home/runner/.m2/repository/io/confluent/logredactor/1.0.13/logredactor-1.0.13.jar:/home/runner/.m2/repository/com/google/re2j/re2j/1.6/re2j-1.6.jar:/home/runner/.m2/repository/io/confluent/logredactor-metrics/1.0.13/logredactor-metrics-1.0.13.jar:/home/runner/.m2/repository/com/eclipsesource/minimal-json/minimal-json/0.9.5/minimal-json-0.9.5.jar:/home/runner/.m2/repository/io/confluent/common-utils/8.0.0/common-utils-8.0.0.jar:/home/runner/.m2/repository/io/confluent/kafka-connect-avro-converter/8.0.0/kafka-connect-avro-converter-8.0.0.jar:/home/runner/.m2/repository/io/confluent/kafka-connect-avro-data/8.0.0/kafka-connect-avro-data-8.0.0.jar:/home/runner/.m2/repository/io/confluent/kafka-schema-converter/8.0.0/kafka-schema-converter-8.0.0.jar:/home/runner/.m2/repository/io/rest-assured/rest-assured/5.5.1/rest-assured-5.5.1.jar:/home/runner/.m2/repository/org/apache/groovy/groovy/4.0.22/groovy-4.0.22.jar:/home/runner/.m2/repository/org/apache/groovy/groovy-xml/4.0.22/groovy-xml-4.0.22.jar:/home/runner/.m2/repository/org/apache/httpcomponents/httpclient/4.5.14/httpclient-4.5.14.jar:/home/runner/.m2/repository/org/apache/httpcomponents/httpcore/4.4.16/httpcore-4.4.16.jar:/home/runner/.m2/repository/org/apache/httpcomponents/httpmime/4.5.14/httpmime-4.5.14.jar:/home/runner/.m2/repository/org/hamcrest/hamcrest/2.2/hamcrest-2.2.jar:/home/runner/.m2/repository/org/ccil/cowan/tagsoup/tagsoup/1.2.1/tagsoup-1.2.1.jar:/home/runner/.m2/repository/io/rest-assured/json-path/5.5.1/json-path-5.5.1.jar:/home/runner/.m2/repository/org/apache/groovy/groovy-json/4.0.22/groovy-json-4.0.22.jar:/home/runner/.m2/repository/io/rest-assured/rest-assured-common/5.5.1/rest-assured-common-5.5.1.jar:/home/runner/.m2/repository/io/rest-assured/xml-path/5.5.1/xml-path-5.5.1.jar:/home/runner/.m2/repository/io/zonky/test/embedded-postgres/2.1.0/embedded-postgres-2.1.0.jar:/home/runner/.m2/repository/io/zonky/test/postgres/embedded-postgres-binaries-windows-amd64/14.15.0/embedded-postgres-binaries-windows-amd64-14.15.0.jar:/home/runner/.m2/repository/io/zonky/test/postgres/embedded-postgres-binaries-darwin-amd64/14.15.0/embedded-postgres-binaries-darwin-amd64-14.15.0.jar:/home/runner/.m2/repository/io/zonky/test/postgres/embedded-postgres-binaries-linux-amd64/14.15.0/embedded-postgres-binaries-linux-amd64-14.15.0.jar:/home/runner/.m2/repository/io/zonky/test/postgres/embedded-postgres-binaries-linux-amd64-alpine/14.15.0/embedded-postgres-binaries-linux-amd64-alpine-14.15.0.jar:/home/runner/.m2/repository/org/apache/commons/commons-lang3/3.17.0/commons-lang3-3.17.0.jar:/home/runner/.m2/repository/org/tukaani/xz/1.10/xz-1.10.jar:/home/runner/.m2/repository/commons-codec/commons-codec/1.19.0/commons-codec-1.19.0.jar:/home/runner/.m2/repository/org/postgresql/postgresql/42.7.7/postgresql-42.7.7.jar:/home/runner/.m2/repository/commons-io/commons-io/2.18.0/commons-io-2.18.0.jar:/home/runner/work/apicurio-testing/apicurio-testing/clusters/ci419/namespaces/inmemory/tests/integration/apicurio-registry/utils/importexport/target/apicurio-registry-utils-import-export-3.0.12-SNAPSHOT.jar:/home/runner/.m2/repository/io/vertx/vertx-core/4.5.16/vertx-core-4.5.16.jar:/home/runner/.m2/repository/io/netty/netty-common/4.1.121.Final/netty-common-4.1.121.Final.jar:/home/runner/.m2/repository/io/netty/netty-buffer/4.1.121.Final/netty-buffer-4.1.121.Final.jar:/home/runner/.m2/repository/io/netty/netty-transport/4.1.121.Final/netty-transport-4.1.121.Final.jar:/home/runner/.m2/repository/io/netty/netty-handler/4.1.121.Final/netty-handler-4.1.121.Final.jar:/home/runner/.m2/repository/io/netty/netty-transport-native-unix-common/4.1.121.Final/netty-transport-native-unix-common-4.1.121.Final.jar:/home/runner/.m2/repository/io/netty/netty-codec/4.1.121.Final/netty-codec-4.1.121.Final.jar:/home/runner/.m2/repository/io/netty/netty-handler-proxy/4.1.121.Final/netty-handler-proxy-4.1.121.Final.jar:/home/runner/.m2/repository/io/netty/netty-codec-socks/4.1.121.Final/netty-codec-socks-4.1.121.Final.jar:/home/runner/.m2/repository/io/netty/netty-codec-http/4.1.121.Final/netty-codec-http-4.1.121.Final.jar:/home/runner/.m2/repository/io/netty/netty-codec-http2/4.1.121.Final/netty-codec-http2-4.1.121.Final.jar:/home/runner/.m2/repository/io/netty/netty-resolver/4.1.121.Final/netty-resolver-4.1.121.Final.jar:/home/runner/.m2/repository/io/netty/netty-resolver-dns/4.1.121.Final/netty-resolver-dns-4.1.121.Final.jar:/home/runner/.m2/repository/io/netty/netty-codec-dns/4.1.121.Final/netty-codec-dns-4.1.121.Final.jar:/home/runner/.m2/repository/com/fasterxml/jackson/core/jackson-core/2.18.2/jackson-core-2.18.2.jar:"/>
    <property name="java.vm.vendor" value="Eclipse Adoptium"/>
    <property name="maven.javadoc.skip" value="true"/>
    <property name="sun.arch.data.model" value="64"/>
    <property name="java.vendor.url" value="https://adoptium.net/"/>
    <property name="user.timezone" value="Etc/UTC"/>
    <property name="os.name" value="Linux"/>
    <property name="java.vm.specification.version" value="17"/>
    <property name="sun.java.launcher" value="SUN_STANDARD"/>
    <property name="quarkus.http.test-port" value="80"/>
    <property name="sun.boot.library.path" value="/usr/lib/jvm/temurin-17-jdk-amd64/lib"/>
    <property name="sun.java.command" value="/home/runner/work/apicurio-testing/apicurio-testing/clusters/ci419/namespaces/inmemory/tests/integration/apicurio-registry/integration-tests/target/surefire/surefirebooter-20250807122016745_3.jar /home/runner/work/apicurio-testing/apicurio-testing/clusters/ci419/namespaces/inmemory/tests/integration/apicurio-registry/integration-tests/target/surefire 2025-08-07T12-20-16_687-jvmRun1 surefire-20250807122016745_1tmp surefire_0-20250807122016745_2tmp"/>
    <property name="maven.home" value="/home/runner/.m2/wrapper/dists/apache-maven-3.9.8-bin/4fnp1ql35bgk2a0p7m31ovbgb0/apache-maven-3.9.8"/>
    <property name="jdk.debug" value="release"/>
    <property name="surefire.test.class.path" value="/home/runner/work/apicurio-testing/apicurio-testing/clusters/ci419/namespaces/inmemory/tests/integration/apicurio-registry/integration-tests/target/test-classes:/home/runner/work/apicurio-testing/apicurio-testing/clusters/ci419/namespaces/inmemory/tests/integration/apicurio-registry/integration-tests/target/apicurio-registry-integration-tests-3.0.12-SNAPSHOT.jar:/home/runner/.m2/repository/io/quarkus/quarkus-junit5/3.20.2/quarkus-junit5-3.20.2.jar:/home/runner/.m2/repository/io/quarkus/quarkus-bootstrap-core/3.20.2/quarkus-bootstrap-core-3.20.2.jar:/home/runner/.m2/repository/io/quarkus/quarkus-classloader-commons/3.20.2/quarkus-classloader-commons-3.20.2.jar:/home/runner/.m2/repository/io/quarkus/quarkus-bootstrap-app-model/3.20.2/quarkus-bootstrap-app-model-3.20.2.jar:/home/runner/.m2/repository/io/smallrye/common/smallrye-common-io/2.12.0/smallrye-common-io-2.12.0.jar:/home/runner/.m2/repository/org/eclipse/sisu/org.eclipse.sisu.inject/0.9.0.M3/org.eclipse.sisu.inject-0.9.0.M3.jar:/home/runner/.m2/repository/io/quarkus/quarkus-test-common/3.20.2/quarkus-test-common-3.20.2.jar:/home/runner/.m2/repository/io/quarkus/quarkus-core-deployment/3.20.2/quarkus-core-deployment-3.20.2.jar:/home/runner/.m2/repository/org/aesh/readline/2.6/readline-2.6.jar:/home/runner/.m2/repository/org/fusesource/jansi/jansi/2.4.0/jansi-2.4.0.jar:/home/runner/.m2/repository/org/aesh/aesh/2.8.2/aesh-2.8.2.jar:/home/runner/.m2/repository/io/quarkus/gizmo/gizmo/1.8.0/gizmo-1.8.0.jar:/home/runner/.m2/repository/org/ow2/asm/asm-util/9.7.1/asm-util-9.7.1.jar:/home/runner/.m2/repository/org/ow2/asm/asm-analysis/9.7.1/asm-analysis-9.7.1.jar:/home/runner/.m2/repository/org/ow2/asm/asm-commons/9.7.1/asm-commons-9.7.1.jar:/home/runner/.m2/repository/org/ow2/asm/asm-tree/9.7.1/asm-tree-9.7.1.jar:/home/runner/.m2/repository/io/quarkus/quarkus-hibernate-validator-spi/3.20.2/quarkus-hibernate-validator-spi-3.20.2.jar:/home/runner/.m2/repository/io/quarkus/quarkus-class-change-agent/3.20.2/quarkus-class-change-agent-3.20.2.jar:/home/runner/.m2/repository/io/quarkus/quarkus-devtools-utilities/3.20.2/quarkus-devtools-utilities-3.20.2.jar:/home/runner/.m2/repository/io/quarkus/quarkus-builder/3.20.2/quarkus-builder-3.20.2.jar:/home/runner/.m2/repository/org/graalvm/sdk/nativeimage/23.1.2/nativeimage-23.1.2.jar:/home/runner/.m2/repository/org/graalvm/sdk/word/23.1.2/word-23.1.2.jar:/home/runner/.m2/repository/io/quarkus/quarkus-bootstrap-maven-resolver/3.20.2/quarkus-bootstrap-maven-resolver-3.20.2.jar:/home/runner/.m2/repository/io/smallrye/beanbag/smallrye-beanbag-maven/1.5.2/smallrye-beanbag-maven-1.5.2.jar:/home/runner/.m2/repository/io/smallrye/beanbag/smallrye-beanbag-sisu/1.5.2/smallrye-beanbag-sisu-1.5.2.jar:/home/runner/.m2/repository/io/smallrye/beanbag/smallrye-beanbag/1.5.2/smallrye-beanbag-1.5.2.jar:/home/runner/.m2/repository/javax/inject/javax.inject/1/javax.inject-1.jar:/home/runner/.m2/repository/org/apache/maven/maven-artifact/3.9.9/maven-artifact-3.9.9.jar:/home/runner/.m2/repository/org/apache/maven/maven-builder-support/3.9.9/maven-builder-support-3.9.9.jar:/home/runner/.m2/repository/org/apache/maven/maven-model/3.9.9/maven-model-3.9.9.jar:/home/runner/.m2/repository/org/apache/maven/maven-model-builder/3.9.9/maven-model-builder-3.9.9.jar:/home/runner/.m2/repository/org/apache/maven/maven-repository-metadata/3.9.9/maven-repository-metadata-3.9.9.jar:/home/runner/.m2/repository/org/apache/maven/maven-settings/3.9.9/maven-settings-3.9.9.jar:/home/runner/.m2/repository/org/apache/maven/resolver/maven-resolver-api/1.9.22/maven-resolver-api-1.9.22.jar:/home/runner/.m2/repository/org/apache/maven/resolver/maven-resolver-impl/1.9.22/maven-resolver-impl-1.9.22.jar:/home/runner/.m2/repository/org/apache/maven/resolver/maven-resolver-named-locks/1.9.22/maven-resolver-named-locks-1.9.22.jar:/home/runner/.m2/repository/org/apache/maven/resolver/maven-resolver-spi/1.9.22/maven-resolver-spi-1.9.22.jar:/home/runner/.m2/repository/org/apache/maven/resolver/maven-resolver-util/1.9.22/maven-resolver-util-1.9.22.jar:/home/runner/.m2/repository/org/apache/maven/resolver/maven-resolver-transport-http/1.9.20/maven-resolver-transport-http-1.9.20.jar:/home/runner/.m2/repository/org/apache/maven/wagon/wagon-provider-api/3.5.3/wagon-provider-api-3.5.3.jar:/home/runner/.m2/repository/org/apache/maven/wagon/wagon-http-shared/3.5.3/wagon-http-shared-3.5.3.jar:/home/runner/.m2/repository/org/codehaus/plexus/plexus-interpolation/1.26/plexus-interpolation-1.26.jar:/home/runner/.m2/repository/org/codehaus/plexus/plexus-utils/3.5.1/plexus-utils-3.5.1.jar:/home/runner/.m2/repository/org/codehaus/plexus/plexus-xml/4.0.1/plexus-xml-4.0.1.jar:/home/runner/.m2/repository/org/apache/maven/maven-xml-impl/4.0.0-alpha-5/maven-xml-impl-4.0.0-alpha-5.jar:/home/runner/.m2/repository/org/apache/maven/maven-api-xml/4.0.0-alpha-5/maven-api-xml-4.0.0-alpha-5.jar:/home/runner/.m2/repository/org/apache/maven/maven-api-meta/4.0.0-alpha-5/maven-api-meta-4.0.0-alpha-5.jar:/home/runner/.m2/repository/org/codehaus/plexus/plexus-cipher/2.0/plexus-cipher-2.0.jar:/home/runner/.m2/repository/org/codehaus/plexus/plexus-sec-dispatcher/2.0/plexus-sec-dispatcher-2.0.jar:/home/runner/.m2/repository/org/apache/maven/maven-embedder/3.9.9/maven-embedder-3.9.9.jar:/home/runner/.m2/repository/org/apache/maven/maven-core/3.9.9/maven-core-3.9.9.jar:/home/runner/.m2/repository/org/codehaus/plexus/plexus-component-annotations/2.1.0/plexus-component-annotations-2.1.0.jar:/home/runner/.m2/repository/org/apache/maven/maven-plugin-api/3.9.9/maven-plugin-api-3.9.9.jar:/home/runner/.m2/repository/org/apache/maven/shared/maven-shared-utils/3.4.2/maven-shared-utils-3.4.2.jar:/home/runner/.m2/repository/com/google/inject/guice/5.1.0/guice-5.1.0.jar:/home/runner/.m2/repository/aopalliance/aopalliance/1.0/aopalliance-1.0.jar:/home/runner/.m2/repository/org/codehaus/plexus/plexus-classworlds/2.6.0/plexus-classworlds-2.6.0.jar:/home/runner/.m2/repository/commons-cli/commons-cli/1.8.0/commons-cli-1.8.0.jar:/home/runner/.m2/repository/org/eclipse/sisu/org.eclipse.sisu.plexus/0.9.0.M3/org.eclipse.sisu.plexus-0.9.0.M3.jar:/home/runner/.m2/repository/org/apache/maven/maven-settings-builder/3.9.9/maven-settings-builder-3.9.9.jar:/home/runner/.m2/repository/org/apache/maven/maven-resolver-provider/3.9.9/maven-resolver-provider-3.9.9.jar:/home/runner/.m2/repository/org/apache/maven/resolver/maven-resolver-connector-basic/1.9.22/maven-resolver-connector-basic-1.9.22.jar:/home/runner/.m2/repository/org/apache/maven/resolver/maven-resolver-transport-wagon/1.9.22/maven-resolver-transport-wagon-1.9.22.jar:/home/runner/.m2/repository/org/apache/maven/wagon/wagon-http/3.5.3/wagon-http-3.5.3.jar:/home/runner/.m2/repository/org/apache/maven/wagon/wagon-file/3.5.3/wagon-file-3.5.3.jar:/home/runner/.m2/repository/io/quarkus/quarkus-bootstrap-gradle-resolver/3.20.2/quarkus-bootstrap-gradle-resolver-3.20.2.jar:/home/runner/.m2/repository/io/smallrye/jandex/3.3.0/jandex-3.3.0.jar:/home/runner/.m2/repository/org/jboss/logging/commons-logging-jboss-logging/1.0.0.Final/commons-logging-jboss-logging-1.0.0.Final.jar:/home/runner/.m2/repository/io/quarkus/quarkus-junit5-config/3.20.2/quarkus-junit5-config-3.20.2.jar:/home/runner/.m2/repository/org/junit/jupiter/junit-jupiter-api/5.12.1/junit-jupiter-api-5.12.1.jar:/home/runner/.m2/repository/io/smallrye/config/smallrye-config/3.11.4/smallrye-config-3.11.4.jar:/home/runner/.m2/repository/io/smallrye/config/smallrye-config-core/3.11.4/smallrye-config-core-3.11.4.jar:/home/runner/.m2/repository/io/smallrye/common/smallrye-common-classloader/2.12.0/smallrye-common-classloader-2.12.0.jar:/home/runner/.m2/repository/io/smallrye/config/smallrye-config-common/3.11.4/smallrye-config-common-3.11.4.jar:/home/runner/.m2/repository/org/junit/jupiter/junit-jupiter/5.12.1/junit-jupiter-5.12.1.jar:/home/runner/.m2/repository/org/junit/jupiter/junit-jupiter-params/5.12.1/junit-jupiter-params-5.12.1.jar:/home/runner/.m2/repository/org/junit/jupiter/junit-jupiter-engine/5.12.1/junit-jupiter-engine-5.12.1.jar:/home/runner/.m2/repository/io/quarkus/quarkus-core/3.20.2/quarkus-core-3.20.2.jar:/home/runner/.m2/repository/jakarta/enterprise/jakarta.enterprise.cdi-api/4.1.0/jakarta.enterprise.cdi-api-4.1.0.jar:/home/runner/.m2/repository/jakarta/enterprise/jakarta.enterprise.lang-model/4.1.0/jakarta.enterprise.lang-model-4.1.0.jar:/home/runner/.m2/repository/jakarta/el/jakarta.el-api/5.0.1/jakarta.el-api-5.0.1.jar:/home/runner/.m2/repository/jakarta/interceptor/jakarta.interceptor-api/2.2.0/jakarta.interceptor-api-2.2.0.jar:/home/runner/.m2/repository/jakarta/inject/jakarta.inject-api/2.0.1/jakarta.inject-api-2.0.1.jar:/home/runner/.m2/repository/io/smallrye/common/smallrye-common-os/2.12.0/smallrye-common-os-2.12.0.jar:/home/runner/.m2/repository/io/quarkus/quarkus-ide-launcher/3.20.2/quarkus-ide-launcher-3.20.2.jar:/home/runner/.m2/repository/io/quarkus/quarkus-development-mode-spi/3.20.2/quarkus-development-mode-spi-3.20.2.jar:/home/runner/.m2/repository/org/jboss/logging/jboss-logging/3.6.1.Final/jboss-logging-3.6.1.Final.jar:/home/runner/.m2/repository/org/jboss/logmanager/jboss-logmanager/3.1.2.Final/jboss-logmanager-3.1.2.Final.jar:/home/runner/.m2/repository/io/smallrye/common/smallrye-common-constraint/2.12.0/smallrye-common-constraint-2.12.0.jar:/home/runner/.m2/repository/io/smallrye/common/smallrye-common-cpu/2.12.0/smallrye-common-cpu-2.12.0.jar:/home/runner/.m2/repository/io/smallrye/common/smallrye-common-expression/2.12.0/smallrye-common-expression-2.12.0.jar:/home/runner/.m2/repository/io/smallrye/common/smallrye-common-net/2.12.0/smallrye-common-net-2.12.0.jar:/home/runner/.m2/repository/io/smallrye/common/smallrye-common-ref/2.12.0/smallrye-common-ref-2.12.0.jar:/home/runner/.m2/repository/jakarta/json/jakarta.json-api/2.1.3/jakarta.json-api-2.1.3.jar:/home/runner/.m2/repository/org/eclipse/parsson/parsson/1.1.7/parsson-1.1.7.jar:/home/runner/.m2/repository/org/jboss/logging/jboss-logging-annotations/3.0.4.Final/jboss-logging-annotations-3.0.4.Final.jar:/home/runner/.m2/repository/org/jboss/threads/jboss-threads/3.8.0.Final/jboss-threads-3.8.0.Final.jar:/home/runner/.m2/repository/io/smallrye/common/smallrye-common-annotation/2.12.0/smallrye-common-annotation-2.12.0.jar:/home/runner/.m2/repository/io/smallrye/common/smallrye-common-function/2.12.0/smallrye-common-function-2.12.0.jar:/home/runner/.m2/repository/org/jboss/slf4j/slf4j-jboss-logmanager/2.0.0.Final/slf4j-jboss-logmanager-2.0.0.Final.jar:/home/runner/.m2/repository/org/wildfly/common/wildfly-common/2.0.1/wildfly-common-2.0.1.jar:/home/runner/.m2/repository/io/quarkus/quarkus-bootstrap-runner/3.20.2/quarkus-bootstrap-runner-3.20.2.jar:/home/runner/.m2/repository/io/github/crac/org-crac/0.1.3/org-crac-0.1.3.jar:/home/runner/.m2/repository/io/quarkus/quarkus-fs-util/0.0.10/quarkus-fs-util-0.0.10.jar:/home/runner/.m2/repository/org/jboss/marshalling/jboss-marshalling/2.2.2.Final/jboss-marshalling-2.2.2.Final.jar:/home/runner/.m2/repository/io/fabric8/kubernetes-client/7.1.0/kubernetes-client-7.1.0.jar:/home/runner/.m2/repository/io/fabric8/kubernetes-client-api/7.1.0/kubernetes-client-api-7.1.0.jar:/home/runner/.m2/repository/io/fabric8/kubernetes-model-core/7.1.0/kubernetes-model-core-7.1.0.jar:/home/runner/.m2/repository/io/fabric8/kubernetes-model-common/7.1.0/kubernetes-model-common-7.1.0.jar:/home/runner/.m2/repository/javax/annotation/javax.annotation-api/1.3.2/javax.annotation-api-1.3.2.jar:/home/runner/.m2/repository/io/fabric8/kubernetes-model-gatewayapi/7.1.0/kubernetes-model-gatewayapi-7.1.0.jar:/home/runner/.m2/repository/io/fabric8/kubernetes-model-resource/7.1.0/kubernetes-model-resource-7.1.0.jar:/home/runner/.m2/repository/io/fabric8/kubernetes-model-rbac/7.1.0/kubernetes-model-rbac-7.1.0.jar:/home/runner/.m2/repository/io/fabric8/kubernetes-model-admissionregistration/7.1.0/kubernetes-model-admissionregistration-7.1.0.jar:/home/runner/.m2/repository/io/fabric8/kubernetes-model-apps/7.1.0/kubernetes-model-apps-7.1.0.jar:/home/runner/.m2/repository/io/fabric8/kubernetes-model-autoscaling/7.1.0/kubernetes-model-autoscaling-7.1.0.jar:/home/runner/.m2/repository/io/fabric8/kubernetes-model-apiextensions/7.1.0/kubernetes-model-apiextensions-7.1.0.jar:/home/runner/.m2/repository/io/fabric8/kubernetes-model-batch/7.1.0/kubernetes-model-batch-7.1.0.jar:/home/runner/.m2/repository/io/fabric8/kubernetes-model-certificates/7.1.0/kubernetes-model-certificates-7.1.0.jar:/home/runner/.m2/repository/io/fabric8/kubernetes-model-coordination/7.1.0/kubernetes-model-coordination-7.1.0.jar:/home/runner/.m2/repository/io/fabric8/kubernetes-model-discovery/7.1.0/kubernetes-model-discovery-7.1.0.jar:/home/runner/.m2/repository/io/fabric8/kubernetes-model-events/7.1.0/kubernetes-model-events-7.1.0.jar:/home/runner/.m2/repository/io/fabric8/kubernetes-model-extensions/7.1.0/kubernetes-model-extensions-7.1.0.jar:/home/runner/.m2/repository/io/fabric8/kubernetes-model-flowcontrol/7.1.0/kubernetes-model-flowcontrol-7.1.0.jar:/home/runner/.m2/repository/io/fabric8/kubernetes-model-networking/7.1.0/kubernetes-model-networking-7.1.0.jar:/home/runner/.m2/repository/io/fabric8/kubernetes-model-metrics/7.1.0/kubernetes-model-metrics-7.1.0.jar:/home/runner/.m2/repository/io/fabric8/kubernetes-model-policy/7.1.0/kubernetes-model-policy-7.1.0.jar:/home/runner/.m2/repository/io/fabric8/kubernetes-model-scheduling/7.1.0/kubernetes-model-scheduling-7.1.0.jar:/home/runner/.m2/repository/io/fabric8/kubernetes-model-storageclass/7.1.0/kubernetes-model-storageclass-7.1.0.jar:/home/runner/.m2/repository/io/fabric8/kubernetes-model-node/7.1.0/kubernetes-model-node-7.1.0.jar:/home/runner/.m2/repository/org/snakeyaml/snakeyaml-engine/2.9/snakeyaml-engine-2.9.jar:/home/runner/.m2/repository/com/fasterxml/jackson/dataformat/jackson-dataformat-yaml/2.18.2/jackson-dataformat-yaml-2.18.2.jar:/home/runner/.m2/repository/com/fasterxml/jackson/datatype/jackson-datatype-jsr310/2.18.2/jackson-datatype-jsr310-2.18.2.jar:/home/runner/.m2/repository/io/fabric8/zjsonpatch/7.1.0/zjsonpatch-7.1.0.jar:/home/runner/.m2/repository/io/fabric8/kubernetes-httpclient-vertx/7.1.0/kubernetes-httpclient-vertx-7.1.0.jar:/home/runner/.m2/repository/io/vertx/vertx-web-client/4.5.16/vertx-web-client-4.5.16.jar:/home/runner/.m2/repository/io/vertx/vertx-web-common/4.5.16/vertx-web-common-4.5.16.jar:/home/runner/.m2/repository/io/vertx/vertx-auth-common/4.5.16/vertx-auth-common-4.5.16.jar:/home/runner/.m2/repository/io/vertx/vertx-uri-template/4.5.16/vertx-uri-template-4.5.16.jar:/home/runner/.m2/repository/io/fabric8/openshift-client/7.1.0/openshift-client-7.1.0.jar:/home/runner/.m2/repository/io/fabric8/openshift-client-api/7.1.0/openshift-client-api-7.1.0.jar:/home/runner/.m2/repository/io/fabric8/openshift-model/7.1.0/openshift-model-7.1.0.jar:/home/runner/.m2/repository/io/fabric8/openshift-model-autoscaling/7.1.0/openshift-model-autoscaling-7.1.0.jar:/home/runner/.m2/repository/io/fabric8/openshift-model-operator/7.1.0/openshift-model-operator-7.1.0.jar:/home/runner/.m2/repository/io/fabric8/openshift-model-operatorhub/7.1.0/openshift-model-operatorhub-7.1.0.jar:/home/runner/.m2/repository/io/fabric8/openshift-model-machine/7.1.0/openshift-model-machine-7.1.0.jar:/home/runner/.m2/repository/io/fabric8/openshift-model-whereabouts/7.1.0/openshift-model-whereabouts-7.1.0.jar:/home/runner/.m2/repository/io/fabric8/openshift-model-monitoring/7.1.0/openshift-model-monitoring-7.1.0.jar:/home/runner/.m2/repository/io/fabric8/openshift-model-storageversionmigrator/7.1.0/openshift-model-storageversionmigrator-7.1.0.jar:/home/runner/.m2/repository/io/fabric8/openshift-model-tuned/7.1.0/openshift-model-tuned-7.1.0.jar:/home/runner/.m2/repository/io/fabric8/openshift-model-console/7.1.0/openshift-model-console-7.1.0.jar:/home/runner/.m2/repository/io/fabric8/openshift-model-config/7.1.0/openshift-model-config-7.1.0.jar:/home/runner/.m2/repository/io/fabric8/openshift-model-machineconfiguration/7.1.0/openshift-model-machineconfiguration-7.1.0.jar:/home/runner/.m2/repository/io/fabric8/openshift-model-miscellaneous/7.1.0/openshift-model-miscellaneous-7.1.0.jar:/home/runner/.m2/repository/io/fabric8/openshift-model-hive/7.1.0/openshift-model-hive-7.1.0.jar:/home/runner/.m2/repository/io/fabric8/openshift-model-installer/7.1.0/openshift-model-installer-7.1.0.jar:/home/runner/.m2/repository/org/junit/platform/junit-platform-launcher/1.12.1/junit-platform-launcher-1.12.1.jar:/home/runner/.m2/repository/org/junit/platform/junit-platform-engine/1.12.1/junit-platform-engine-1.12.1.jar:/home/runner/.m2/repository/org/opentest4j/opentest4j/1.3.0/opentest4j-1.3.0.jar:/home/runner/.m2/repository/org/junit/platform/junit-platform-commons/1.12.1/junit-platform-commons-1.12.1.jar:/home/runner/.m2/repository/org/apiguardian/apiguardian-api/1.1.2/apiguardian-api-1.1.2.jar:/home/runner/.m2/repository/jakarta/ws/rs/jakarta.ws.rs-api/3.1.0/jakarta.ws.rs-api-3.1.0.jar:/home/runner/work/apicurio-testing/apicurio-testing/clusters/ci419/namespaces/inmemory/tests/integration/apicurio-registry/java-sdk/target/apicurio-registry-java-sdk-3.0.12-SNAPSHOT.jar:/home/runner/.m2/repository/com/microsoft/kiota/microsoft-kiota-abstractions/1.8.8/microsoft-kiota-abstractions-1.8.8.jar:/home/runner/.m2/repository/io/github/std-uritemplate/std-uritemplate/2.0.0/std-uritemplate-2.0.0.jar:/home/runner/.m2/repository/io/kiota/kiota-http-jdk/0.0.29/kiota-http-jdk-0.0.29.jar:/home/runner/.m2/repository/io/kiota/kiota-http-vertx/0.0.29/kiota-http-vertx-0.0.29.jar:/home/runner/.m2/repository/io/kiota/kiota-serialization-jackson/0.0.29/kiota-serialization-jackson-0.0.29.jar:/home/runner/.m2/repository/com/microsoft/kiota/microsoft-kiota-serialization-text/1.8.8/microsoft-kiota-serialization-text-1.8.8.jar:/home/runner/.m2/repository/com/microsoft/kiota/microsoft-kiota-serialization-form/1.8.8/microsoft-kiota-serialization-form-1.8.8.jar:/home/runner/.m2/repository/com/microsoft/kiota/microsoft-kiota-serialization-multipart/1.8.8/microsoft-kiota-serialization-multipart-1.8.8.jar:/home/runner/.m2/repository/jakarta/annotation/jakarta.annotation-api/3.0.0/jakarta.annotation-api-3.0.0.jar:/home/runner/.m2/repository/io/vertx/vertx-auth-oauth2/4.5.16/vertx-auth-oauth2-4.5.16.jar:/home/runner/work/apicurio-testing/apicurio-testing/clusters/ci419/namespaces/inmemory/tests/integration/apicurio-registry/java-sdk-v2/target/apicurio-registry-v2-java-sdk-3.0.12-SNAPSHOT.jar:/home/runner/work/apicurio-testing/apicurio-testing/clusters/ci419/namespaces/inmemory/tests/integration/apicurio-registry/utils/kafka/target/apicurio-registry-utils-kafka-3.0.12-SNAPSHOT-tests.jar:/home/runner/.m2/repository/org/eclipse/microprofile/config/microprofile-config-api/3.1/microprofile-config-api-3.1.jar:/home/runner/.m2/repository/org/apache/kafka/kafka-clients/3.9.1/kafka-clients-3.9.1.jar:/home/runner/.m2/repository/com/github/luben/zstd-jni/1.5.6-4/zstd-jni-1.5.6-4.jar:/home/runner/.m2/repository/org/lz4/lz4-java/1.8.0/lz4-java-1.8.0.jar:/home/runner/.m2/repository/org/xerial/snappy/snappy-java/1.1.10.5/snappy-java-1.1.10.5.jar:/home/runner/.m2/repository/org/slf4j/slf4j-api/2.0.6/slf4j-api-2.0.6.jar:/home/runner/work/apicurio-testing/apicurio-testing/clusters/ci419/namespaces/inmemory/tests/integration/apicurio-registry/utils/tests/target/apicurio-registry-utils-tests-3.0.12-SNAPSHOT.jar:/home/runner/work/apicurio-testing/apicurio-testing/clusters/ci419/namespaces/inmemory/tests/integration/apicurio-registry/common/target/apicurio-registry-common-3.0.12-SNAPSHOT.jar:/home/runner/.m2/repository/jakarta/validation/jakarta.validation-api/3.0.2/jakarta.validation-api-3.0.2.jar:/home/runner/.m2/repository/com/github/dasniko/testcontainers-keycloak/3.8.0/testcontainers-keycloak-3.8.0.jar:/home/runner/.m2/repository/org/testcontainers/testcontainers/1.20.6/testcontainers-1.20.6.jar:/home/runner/.m2/repository/org/rnorth/duct-tape/duct-tape/1.0.8/duct-tape-1.0.8.jar:/home/runner/.m2/repository/com/github/docker-java/docker-java-transport-zerodep/3.4.1/docker-java-transport-zerodep-3.4.1.jar:/home/runner/.m2/repository/com/github/docker-java/docker-java-transport/3.4.1/docker-java-transport-3.4.1.jar:/home/runner/.m2/repository/net/java/dev/jna/jna/5.8.0/jna-5.8.0.jar:/home/runner/.m2/repository/io/quarkus/quarkus-junit4-mock/3.20.2/quarkus-junit4-mock-3.20.2.jar:/home/runner/.m2/repository/org/jboss/shrinkwrap/shrinkwrap-api/2.0.0-beta-2/shrinkwrap-api-2.0.0-beta-2.jar:/home/runner/.m2/repository/org/jboss/shrinkwrap/shrinkwrap-impl-base/2.0.0-beta-2/shrinkwrap-impl-base-2.0.0-beta-2.jar:/home/runner/.m2/repository/org/jboss/shrinkwrap/shrinkwrap-spi/2.0.0-beta-2/shrinkwrap-spi-2.0.0-beta-2.jar:/home/runner/.m2/repository/org/keycloak/keycloak-admin-client/26.0.4/keycloak-admin-client-26.0.4.jar:/home/runner/.m2/repository/org/keycloak/keycloak-client-common-synced/26.0.4/keycloak-client-common-synced-26.0.4.jar:/home/runner/.m2/repository/jakarta/activation/jakarta.activation-api/2.1.3/jakarta.activation-api-2.1.3.jar:/home/runner/.m2/repository/org/eclipse/microprofile/openapi/microprofile-openapi-api/4.0.2/microprofile-openapi-api-4.0.2.jar:/home/runner/.m2/repository/org/jboss/resteasy/resteasy-client/6.2.12.Final/resteasy-client-6.2.12.Final.jar:/home/runner/.m2/repository/org/jboss/resteasy/resteasy-client-api/6.2.12.Final/resteasy-client-api-6.2.12.Final.jar:/home/runner/.m2/repository/org/jboss/resteasy/resteasy-core-spi/6.2.12.Final/resteasy-core-spi-6.2.12.Final.jar:/home/runner/.m2/repository/org/jboss/resteasy/resteasy-core/6.2.12.Final/resteasy-core-6.2.12.Final.jar:/home/runner/.m2/repository/org/eclipse/angus/angus-activation/2.0.2/angus-activation-2.0.2.jar:/home/runner/.m2/repository/com/ibm/async/asyncutil/0.1.0/asyncutil-0.1.0.jar:/home/runner/.m2/repository/org/reactivestreams/reactive-streams/1.0.4/reactive-streams-1.0.4.jar:/home/runner/.m2/repository/org/jboss/resteasy/resteasy-multipart-provider/6.2.12.Final/resteasy-multipart-provider-6.2.12.Final.jar:/home/runner/.m2/repository/jakarta/mail/jakarta.mail-api/2.1.3/jakarta.mail-api-2.1.3.jar:/home/runner/.m2/repository/org/eclipse/angus/angus-mail/2.0.3/angus-mail-2.0.3.jar:/home/runner/.m2/repository/org/apache/james/apache-mime4j-dom/0.8.12/apache-mime4j-dom-0.8.12.jar:/home/runner/.m2/repository/org/apache/james/apache-mime4j-core/0.8.12/apache-mime4j-core-0.8.12.jar:/home/runner/.m2/repository/org/apache/james/apache-mime4j-storage/0.8.12/apache-mime4j-storage-0.8.12.jar:/home/runner/.m2/repository/org/jboss/resteasy/resteasy-jackson2-provider/6.2.12.Final/resteasy-jackson2-provider-6.2.12.Final.jar:/home/runner/.m2/repository/com/fasterxml/jackson/jakarta/rs/jackson-jakarta-rs-base/2.18.2/jackson-jakarta-rs-base-2.18.2.jar:/home/runner/.m2/repository/com/fasterxml/jackson/jakarta/rs/jackson-jakarta-rs-json-provider/2.18.2/jackson-jakarta-rs-json-provider-2.18.2.jar:/home/runner/.m2/repository/com/fasterxml/jackson/module/jackson-module-jakarta-xmlbind-annotations/2.18.2/jackson-module-jakarta-xmlbind-annotations-2.18.2.jar:/home/runner/.m2/repository/com/github/java-json-tools/json-patch/1.13/json-patch-1.13.jar:/home/runner/.m2/repository/com/github/java-json-tools/msg-simple/1.2/msg-simple-1.2.jar:/home/runner/.m2/repository/com/github/java-json-tools/btf/1.3/btf-1.3.jar:/home/runner/.m2/repository/com/github/java-json-tools/jackson-coreutils/2.0/jackson-coreutils-2.0.jar:/home/runner/.m2/repository/org/jboss/resteasy/resteasy-jaxb-provider/6.2.12.Final/resteasy-jaxb-provider-6.2.12.Final.jar:/home/runner/.m2/repository/org/glassfish/jaxb/codemodel/4.0.5/codemodel-4.0.5.jar:/home/runner/.m2/repository/org/glassfish/jaxb/jaxb-core/4.0.5/jaxb-core-4.0.5.jar:/home/runner/.m2/repository/org/glassfish/jaxb/jaxb-jxc/4.0.5/jaxb-jxc-4.0.5.jar:/home/runner/.m2/repository/org/glassfish/jaxb/jaxb-runtime/4.0.5/jaxb-runtime-4.0.5.jar:/home/runner/.m2/repository/org/glassfish/jaxb/txw2/4.0.5/txw2-4.0.5.jar:/home/runner/.m2/repository/org/glassfish/jaxb/jaxb-xjc/4.0.5/jaxb-xjc-4.0.5.jar:/home/runner/.m2/repository/org/glassfish/jaxb/xsom/4.0.5/xsom-4.0.5.jar:/home/runner/.m2/repository/com/sun/istack/istack-commons-runtime/4.1.2/istack-commons-runtime-4.1.2.jar:/home/runner/.m2/repository/com/sun/istack/istack-commons-tools/4.1.2/istack-commons-tools-4.1.2.jar:/home/runner/.m2/repository/com/sun/xml/bind/external/relaxng-datatype/4.0.5/relaxng-datatype-4.0.5.jar:/home/runner/.m2/repository/com/sun/xml/bind/external/rngom/4.0.5/rngom-4.0.5.jar:/home/runner/.m2/repository/org/testcontainers/mssqlserver/1.20.6/mssqlserver-1.20.6.jar:/home/runner/.m2/repository/org/testcontainers/jdbc/1.20.6/jdbc-1.20.6.jar:/home/runner/.m2/repository/org/testcontainers/database-commons/1.20.6/database-commons-1.20.6.jar:/home/runner/.m2/repository/org/testcontainers/mysql/1.20.6/mysql-1.20.6.jar:/home/runner/.m2/repository/io/strimzi/strimzi-test-container/0.111.0/strimzi-test-container-0.111.0.jar:/home/runner/.m2/repository/org/testcontainers/toxiproxy/1.20.6/toxiproxy-1.20.6.jar:/home/runner/.m2/repository/com/github/docker-java/docker-java-api/3.4.1/docker-java-api-3.4.1.jar:/home/runner/.m2/repository/org/apache/logging/log4j/log4j-slf4j-impl/2.19.0/log4j-slf4j-impl-2.19.0.jar:/home/runner/.m2/repository/org/apache/logging/log4j/log4j-api/2.24.3/log4j-api-2.24.3.jar:/home/runner/.m2/repository/org/apache/logging/log4j/log4j-core/2.19.0/log4j-core-2.19.0.jar:/home/runner/.m2/repository/eu/rekawek/toxiproxy/toxiproxy-java/2.1.7/toxiproxy-java-2.1.7.jar:/home/runner/.m2/repository/org/testcontainers/pulsar/1.21.3/pulsar-1.21.3.jar:/home/runner/.m2/repository/io/debezium/debezium-testing-testcontainers/2.7.4.Final/debezium-testing-testcontainers-2.7.4.Final.jar:/home/runner/.m2/repository/org/testcontainers/kafka/1.20.6/kafka-1.20.6.jar:/home/runner/.m2/repository/com/squareup/okhttp3/okhttp/4.8.1/okhttp-4.8.1.jar:/home/runner/.m2/repository/com/squareup/okio/okio/3.10.2/okio-3.10.2.jar:/home/runner/.m2/repository/com/squareup/okio/okio-jvm/3.10.2/okio-jvm-3.10.2.jar:/home/runner/.m2/repository/org/jetbrains/kotlin/kotlin-stdlib/2.0.21/kotlin-stdlib-2.0.21.jar:/home/runner/.m2/repository/org/awaitility/awaitility/4.3.0/awaitility-4.3.0.jar:/home/runner/.m2/repository/org/testcontainers/mongodb/1.20.6/mongodb-1.20.6.jar:/home/runner/.m2/repository/org/testcontainers/mariadb/1.20.6/mariadb-1.20.6.jar:/home/runner/.m2/repository/org/testcontainers/oracle-xe/1.20.6/oracle-xe-1.20.6.jar:/home/runner/.m2/repository/org/testcontainers/postgresql/1.20.6/postgresql-1.20.6.jar:/home/runner/.m2/repository/org/wiremock/wiremock/3.0.1/wiremock-3.0.1.jar:/home/runner/.m2/repository/org/eclipse/jetty/jetty-server/11.0.15/jetty-server-11.0.15.jar:/home/runner/.m2/repository/org/eclipse/jetty/toolchain/jetty-jakarta-servlet-api/5.0.2/jetty-jakarta-servlet-api-5.0.2.jar:/home/runner/.m2/repository/org/eclipse/jetty/jetty-http/11.0.15/jetty-http-11.0.15.jar:/home/runner/.m2/repository/org/eclipse/jetty/jetty-io/11.0.15/jetty-io-11.0.15.jar:/home/runner/.m2/repository/org/eclipse/jetty/jetty-servlet/11.0.15/jetty-servlet-11.0.15.jar:/home/runner/.m2/repository/org/eclipse/jetty/jetty-security/11.0.15/jetty-security-11.0.15.jar:/home/runner/.m2/repository/org/eclipse/jetty/jetty-servlets/11.0.15/jetty-servlets-11.0.15.jar:/home/runner/.m2/repository/org/eclipse/jetty/jetty-util/11.0.15/jetty-util-11.0.15.jar:/home/runner/.m2/repository/org/eclipse/jetty/jetty-webapp/11.0.15/jetty-webapp-11.0.15.jar:/home/runner/.m2/repository/org/eclipse/jetty/jetty-xml/11.0.15/jetty-xml-11.0.15.jar:/home/runner/.m2/repository/org/eclipse/jetty/jetty-proxy/11.0.15/jetty-proxy-11.0.15.jar:/home/runner/.m2/repository/org/eclipse/jetty/jetty-client/11.0.15/jetty-client-11.0.15.jar:/home/runner/.m2/repository/org/eclipse/jetty/http2/http2-server/11.0.15/http2-server-11.0.15.jar:/home/runner/.m2/repository/org/eclipse/jetty/http2/http2-common/11.0.15/http2-common-11.0.15.jar:/home/runner/.m2/repository/org/eclipse/jetty/http2/http2-hpack/11.0.15/http2-hpack-11.0.15.jar:/home/runner/.m2/repository/org/eclipse/jetty/jetty-alpn-server/11.0.15/jetty-alpn-server-11.0.15.jar:/home/runner/.m2/repository/org/eclipse/jetty/jetty-alpn-java-server/11.0.15/jetty-alpn-java-server-11.0.15.jar:/home/runner/.m2/repository/org/eclipse/jetty/jetty-alpn-java-client/11.0.15/jetty-alpn-java-client-11.0.15.jar:/home/runner/.m2/repository/org/eclipse/jetty/jetty-alpn-client/11.0.15/jetty-alpn-client-11.0.15.jar:/home/runner/.m2/repository/org/apache/httpcomponents/client5/httpclient5/5.2.1/httpclient5-5.2.1.jar:/home/runner/.m2/repository/org/apache/httpcomponents/core5/httpcore5/5.2/httpcore5-5.2.jar:/home/runner/.m2/repository/org/apache/httpcomponents/core5/httpcore5-h2/5.2/httpcore5-h2-5.2.jar:/home/runner/.m2/repository/org/xmlunit/xmlunit-core/2.9.1/xmlunit-core-2.9.1.jar:/home/runner/.m2/repository/jakarta/xml/bind/jakarta.xml.bind-api/4.0.2/jakarta.xml.bind-api-4.0.2.jar:/home/runner/.m2/repository/org/xmlunit/xmlunit-legacy/2.9.1/xmlunit-legacy-2.9.1.jar:/home/runner/.m2/repository/org/xmlunit/xmlunit-placeholders/2.9.1/xmlunit-placeholders-2.9.1.jar:/home/runner/.m2/repository/net/javacrumbs/json-unit/json-unit-core/2.38.0/json-unit-core-2.38.0.jar:/home/runner/.m2/repository/org/hamcrest/hamcrest-core/2.2/hamcrest-core-2.2.jar:/home/runner/.m2/repository/com/jayway/jsonpath/json-path/2.8.0/json-path-2.8.0.jar:/home/runner/.m2/repository/net/minidev/json-smart/2.4.10/json-smart-2.4.10.jar:/home/runner/.m2/repository/net/minidev/accessors-smart/2.4.9/accessors-smart-2.4.9.jar:/home/runner/.m2/repository/org/ow2/asm/asm/9.7.1/asm-9.7.1.jar:/home/runner/.m2/repository/net/sf/jopt-simple/jopt-simple/5.0.4/jopt-simple-5.0.4.jar:/home/runner/.m2/repository/com/github/jknack/handlebars/4.3.1/handlebars-4.3.1.jar:/home/runner/.m2/repository/com/github/jknack/handlebars-helpers/4.3.1/handlebars-helpers-4.3.1.jar:/home/runner/.m2/repository/commons-fileupload/commons-fileupload/1.5/commons-fileupload-1.5.jar:/home/runner/.m2/repository/com/networknt/json-schema-validator/1.5.8/json-schema-validator-1.5.8.jar:/home/runner/.m2/repository/com/ethlo/time/itu/1.10.3/itu-1.10.3.jar:/home/runner/.m2/repository/io/quarkus/quarkus-smallrye-jwt-build/3.20.2/quarkus-smallrye-jwt-build-3.20.2.jar:/home/runner/.m2/repository/io/smallrye/smallrye-jwt-build/4.6.2/smallrye-jwt-build-4.6.2.jar:/home/runner/.m2/repository/org/eclipse/microprofile/jwt/microprofile-jwt-auth-api/2.1/microprofile-jwt-auth-api-2.1.jar:/home/runner/.m2/repository/org/bitbucket/b_c/jose4j/0.9.6/jose4j-0.9.6.jar:/home/runner/.m2/repository/io/smallrye/smallrye-jwt-common/4.6.2/smallrye-jwt-common-4.6.2.jar:/home/runner/.m2/repository/io/quarkus/quarkus-jsonp/3.20.2/quarkus-jsonp-3.20.2.jar:/home/runner/.m2/repository/io/quarkus/quarkus-arc/3.20.2/quarkus-arc-3.20.2.jar:/home/runner/.m2/repository/io/quarkus/arc/arc/3.20.2/arc-3.20.2.jar:/home/runner/.m2/repository/jakarta/transaction/jakarta.transaction-api/2.0.1/jakarta.transaction-api-2.0.1.jar:/home/runner/.m2/repository/io/smallrye/reactive/mutiny/2.9.2/mutiny-2.9.2.jar:/home/runner/.m2/repository/org/jctools/jctools-core/4.0.5/jctools-core-4.0.5.jar:/home/runner/.m2/repository/org/eclipse/microprofile/context-propagation/microprofile-context-propagation-api/1.3/microprofile-context-propagation-api-1.3.jar:/home/runner/.m2/repository/io/apicurio/apicurio-common-rest-client-common/0.1.18.Final/apicurio-common-rest-client-common-0.1.18.Final.jar:/home/runner/work/apicurio-testing/apicurio-testing/clusters/ci419/namespaces/inmemory/tests/integration/apicurio-registry/utils/maven-plugin/target/apicurio-registry-maven-plugin-3.0.12-SNAPSHOT.jar:/home/runner/.m2/repository/com/fasterxml/jackson/core/jackson-databind/2.18.2/jackson-databind-2.18.2.jar:/home/runner/.m2/repository/org/apache/avro/avro/1.12.0/avro-1.12.0.jar:/home/runner/.m2/repository/com/google/protobuf/protobuf-java/4.31.1/protobuf-java-4.31.1.jar:/home/runner/.m2/repository/com/google/protobuf/protobuf-java-util/4.31.1/protobuf-java-util-4.31.1.jar:/home/runner/.m2/repository/com/google/code/findbugs/jsr305/3.0.2/jsr305-3.0.2.jar:/home/runner/.m2/repository/com/google/code/gson/gson/2.12.1/gson-2.12.1.jar:/home/runner/.m2/repository/com/google/errorprone/error_prone_annotations/2.36.0/error_prone_annotations-2.36.0.jar:/home/runner/.m2/repository/com/google/j2objc/j2objc-annotations/2.8/j2objc-annotations-2.8.jar:/home/runner/work/apicurio-testing/apicurio-testing/clusters/ci419/namespaces/inmemory/tests/integration/apicurio-registry/schema-util/util-provider/target/apicurio-registry-schema-util-provider-3.0.12-SNAPSHOT.jar:/home/runner/work/apicurio-testing/apicurio-testing/clusters/ci419/namespaces/inmemory/tests/integration/apicurio-registry/schema-util/common/target/apicurio-registry-schema-util-common-3.0.12-SNAPSHOT.jar:/home/runner/.m2/repository/com/fasterxml/jackson/module/jackson-module-parameter-names/2.18.2/jackson-module-parameter-names-2.18.2.jar:/home/runner/.m2/repository/com/fasterxml/jackson/datatype/jackson-datatype-json-org/2.18.2/jackson-datatype-json-org-2.18.2.jar:/home/runner/work/apicurio-testing/apicurio-testing/clusters/ci419/namespaces/inmemory/tests/integration/apicurio-registry/schema-util/json/target/apicurio-registry-schema-util-json-3.0.12-SNAPSHOT.jar:/home/runner/.m2/repository/com/github/erosb/everit-json-schema/1.14.5/everit-json-schema-1.14.5.jar:/home/runner/.m2/repository/commons-validator/commons-validator/1.9.0/commons-validator-1.9.0.jar:/home/runner/.m2/repository/commons-digester/commons-digester/2.1/commons-digester-2.1.jar:/home/runner/.m2/repository/commons-collections/commons-collections/3.2.2/commons-collections-3.2.2.jar:/home/runner/.m2/repository/com/damnhandy/handy-uri-templates/2.1.8/handy-uri-templates-2.1.8.jar:/home/runner/.m2/repository/joda-time/joda-time/2.10.2/joda-time-2.10.2.jar:/home/runner/.m2/repository/com/github/erosb/json-sKema/0.20.0/json-sKema-0.20.0.jar:/home/runner/.m2/repository/io/vertx/vertx-json-schema/4.5.16/vertx-json-schema-4.5.16.jar:/home/runner/work/apicurio-testing/apicurio-testing/clusters/ci419/namespaces/inmemory/tests/integration/apicurio-registry/schema-util/protobuf/target/apicurio-registry-schema-util-protobuf-3.0.12-SNAPSHOT.jar:/home/runner/work/apicurio-testing/apicurio-testing/clusters/ci419/namespaces/inmemory/tests/integration/apicurio-registry/utils/protobuf-schema-utilities/target/apicurio-registry-protobuf-schema-utilities-3.0.12-SNAPSHOT.jar:/home/runner/.m2/repository/com/google/api/grpc/proto-google-common-protos/2.52.0/proto-google-common-protos-2.52.0.jar:/home/runner/.m2/repository/com/squareup/wire/wire-schema-jvm/5.3.3/wire-schema-jvm-5.3.3.jar:/home/runner/.m2/repository/com/palantir/javapoet/javapoet/0.6.0/javapoet-0.6.0.jar:/home/runner/.m2/repository/com/squareup/kotlinpoet-jvm/2.0.0/kotlinpoet-jvm-2.0.0.jar:/home/runner/.m2/repository/org/jetbrains/kotlin/kotlin-reflect/2.0.21/kotlin-reflect-2.0.21.jar:/home/runner/.m2/repository/com/squareup/wire/wire-runtime-jvm/5.3.3/wire-runtime-jvm-5.3.3.jar:/home/runner/.m2/repository/com/ibm/icu/icu4j/76.1/icu4j-76.1.jar:/home/runner/.m2/repository/com/squareup/okio/okio-fakefilesystem/3.10.2/okio-fakefilesystem-3.10.2.jar:/home/runner/.m2/repository/com/squareup/okio/okio-fakefilesystem-jvm/3.10.2/okio-fakefilesystem-jvm-3.10.2.jar:/home/runner/.m2/repository/org/jetbrains/kotlinx/kotlinx-datetime-jvm/0.6.1/kotlinx-datetime-jvm-0.6.1.jar:/home/runner/work/apicurio-testing/apicurio-testing/clusters/ci419/namespaces/inmemory/tests/integration/apicurio-registry/schema-util/asyncapi/target/apicurio-registry-schema-util-asyncapi-3.0.12-SNAPSHOT.jar:/home/runner/work/apicurio-testing/apicurio-testing/clusters/ci419/namespaces/inmemory/tests/integration/apicurio-registry/schema-util/avro/target/apicurio-registry-schema-util-avro-3.0.12-SNAPSHOT.jar:/home/runner/work/apicurio-testing/apicurio-testing/clusters/ci419/namespaces/inmemory/tests/integration/apicurio-registry/schema-util/graphql/target/apicurio-registry-schema-util-graphql-3.0.12-SNAPSHOT.jar:/home/runner/.m2/repository/com/graphql-java/graphql-java/22.4/graphql-java-22.4.jar:/home/runner/.m2/repository/com/graphql-java/java-dataloader/3.3.0/java-dataloader-3.3.0.jar:/home/runner/work/apicurio-testing/apicurio-testing/clusters/ci419/namespaces/inmemory/tests/integration/apicurio-registry/schema-util/kconnect/target/apicurio-registry-schema-util-kconnect-3.0.12-SNAPSHOT.jar:/home/runner/work/apicurio-testing/apicurio-testing/clusters/ci419/namespaces/inmemory/tests/integration/apicurio-registry/schema-util/openapi/target/apicurio-registry-schema-util-openapi-3.0.12-SNAPSHOT.jar:/home/runner/.m2/repository/io/apicurio/apicurio-data-models/2.2.2/apicurio-data-models-2.2.2.jar:/home/runner/.m2/repository/org/openapitools/openapidiff/openapi-diff-core/2.1.2/openapi-diff-core-2.1.2.jar:/home/runner/.m2/repository/io/swagger/parser/v3/swagger-parser/2.1.28/swagger-parser-2.1.28.jar:/home/runner/.m2/repository/io/swagger/parser/v3/swagger-parser-v2-converter/2.1.28/swagger-parser-v2-converter-2.1.28.jar:/home/runner/.m2/repository/io/swagger/swagger-core/1.6.16/swagger-core-1.6.16.jar:/home/runner/.m2/repository/io/swagger/swagger-models/1.6.16/swagger-models-1.6.16.jar:/home/runner/.m2/repository/io/swagger/swagger-annotations/1.6.16/swagger-annotations-1.6.16.jar:/home/runner/.m2/repository/io/swagger/swagger-parser/1.0.75/swagger-parser-1.0.75.jar:/home/runner/.m2/repository/io/swagger/swagger-parser-safe-url-resolver/1.0.75/swagger-parser-safe-url-resolver-1.0.75.jar:/home/runner/.m2/repository/io/swagger/swagger-compat-spec-parser/1.0.75/swagger-compat-spec-parser-1.0.75.jar:/home/runner/.m2/repository/com/github/java-json-tools/json-schema-validator/2.2.14/json-schema-validator-2.2.14.jar:/home/runner/.m2/repository/com/github/java-json-tools/jackson-coreutils-equivalence/1.0/jackson-coreutils-equivalence-1.0.jar:/home/runner/.m2/repository/com/github/java-json-tools/json-schema-core/1.2.14/json-schema-core-1.2.14.jar:/home/runner/.m2/repository/com/github/java-json-tools/uri-template/0.10/uri-template-0.10.jar:/home/runner/.m2/repository/com/googlecode/libphonenumber/libphonenumber/8.11.1/libphonenumber-8.11.1.jar:/home/runner/.m2/repository/com/j2html/j2html/1.6.0/j2html-1.6.0.jar:/home/runner/.m2/repository/org/apache/commons/commons-collections4/4.5.0/commons-collections4-4.5.0.jar:/home/runner/.m2/repository/org/slf4j/jcl-over-slf4j/2.0.17/jcl-over-slf4j-2.0.17.jar:/home/runner/.m2/repository/io/swagger/parser/v3/swagger-parser-v3/2.1.31/swagger-parser-v3-2.1.31.jar:/home/runner/.m2/repository/io/swagger/core/v3/swagger-models/2.2.34/swagger-models-2.2.34.jar:/home/runner/.m2/repository/io/swagger/core/v3/swagger-core/2.2.34/swagger-core-2.2.34.jar:/home/runner/.m2/repository/io/swagger/parser/v3/swagger-parser-core/2.1.31/swagger-parser-core-2.1.31.jar:/home/runner/.m2/repository/io/swagger/parser/v3/swagger-parser-safe-url-resolver/2.1.31/swagger-parser-safe-url-resolver-2.1.31.jar:/home/runner/work/apicurio-testing/apicurio-testing/clusters/ci419/namespaces/inmemory/tests/integration/apicurio-registry/schema-util/wsdl/target/apicurio-registry-schema-util-wsdl-3.0.12-SNAPSHOT.jar:/home/runner/.m2/repository/wsdl4j/wsdl4j/1.6.3/wsdl4j-1.6.3.jar:/home/runner/work/apicurio-testing/apicurio-testing/clusters/ci419/namespaces/inmemory/tests/integration/apicurio-registry/schema-util/xml/target/apicurio-registry-schema-util-xml-3.0.12-SNAPSHOT.jar:/home/runner/.m2/repository/org/apache/santuario/xmlsec/4.0.4/xmlsec-4.0.4.jar:/home/runner/.m2/repository/com/fasterxml/woodstox/woodstox-core/7.1.1/woodstox-core-7.1.1.jar:/home/runner/.m2/repository/org/codehaus/woodstox/stax2-api/4.2.2/stax2-api-4.2.2.jar:/home/runner/work/apicurio-testing/apicurio-testing/clusters/ci419/namespaces/inmemory/tests/integration/apicurio-registry/schema-util/xsd/target/apicurio-registry-schema-util-xsd-3.0.12-SNAPSHOT.jar:/home/runner/work/apicurio-testing/apicurio-testing/clusters/ci419/namespaces/inmemory/tests/integration/apicurio-registry/serdes/kafka/jsonschema-serde/target/apicurio-registry-jsonschema-serde-kafka-3.0.12-SNAPSHOT.jar:/home/runner/work/apicurio-testing/apicurio-testing/clusters/ci419/namespaces/inmemory/tests/integration/apicurio-registry/serdes/kafka/serde-kafka-common/target/apicurio-registry-serde-kafka-common-3.0.12-SNAPSHOT.jar:/home/runner/work/apicurio-testing/apicurio-testing/clusters/ci419/namespaces/inmemory/tests/integration/apicurio-registry/serdes/generic/serde-common/target/apicurio-registry-serde-common-3.0.12-SNAPSHOT.jar:/home/runner/work/apicurio-testing/apicurio-testing/clusters/ci419/namespaces/inmemory/tests/integration/apicurio-registry/serdes/generic/serde-common-jsonschema/target/apicurio-registry-serde-common-jsonschema-3.0.12-SNAPSHOT.jar:/home/runner/.m2/repository/org/json/json/20250107/json-20250107.jar:/home/runner/work/apicurio-testing/apicurio-testing/clusters/ci419/namespaces/inmemory/tests/integration/apicurio-registry/serdes/kafka/avro-serde/target/apicurio-registry-avro-serde-kafka-3.0.12-SNAPSHOT.jar:/home/runner/work/apicurio-testing/apicurio-testing/clusters/ci419/namespaces/inmemory/tests/integration/apicurio-registry/serdes/generic/serde-common-avro/target/apicurio-registry-serde-common-avro-3.0.12-SNAPSHOT.jar:/home/runner/work/apicurio-testing/apicurio-testing/clusters/ci419/namespaces/inmemory/tests/integration/apicurio-registry/serdes/kafka/protobuf-serde/target/apicurio-registry-protobuf-serde-kafka-3.0.12-SNAPSHOT.jar:/home/runner/work/apicurio-testing/apicurio-testing/clusters/ci419/namespaces/inmemory/tests/integration/apicurio-registry/serdes/generic/serde-common-protobuf/target/apicurio-registry-serde-common-protobuf-3.0.12-SNAPSHOT.jar:/home/runner/.m2/repository/com/squareup/wire/wire-schema/5.3.3/wire-schema-5.3.3.jar:/home/runner/.m2/repository/com/squareup/wire/wire-runtime/5.3.3/wire-runtime-5.3.3.jar:/home/runner/work/apicurio-testing/apicurio-testing/clusters/ci419/namespaces/inmemory/tests/integration/apicurio-registry/serdes/pulsar/avro-serde/target/apicurio-registry-avro-serde-pulsar-3.0.12-SNAPSHOT.jar:/home/runner/.m2/repository/org/apache/pulsar/pulsar-functions-api/3.3.8/pulsar-functions-api-3.3.8.jar:/home/runner/work/apicurio-testing/apicurio-testing/clusters/ci419/namespaces/inmemory/tests/integration/apicurio-registry/serdes/nats/avro-serde/target/apicurio-registry-avro-serde-nats-3.0.12-SNAPSHOT.jar:/home/runner/.m2/repository/io/nats/jnats/2.21.4/jnats-2.21.4.jar:/home/runner/.m2/repository/org/bouncycastle/bcprov-lts8on/2.73.7/bcprov-lts8on-2.73.7.jar:/home/runner/.m2/repository/org/jetbrains/annotations/26.0.2/annotations-26.0.2.jar:/home/runner/work/apicurio-testing/apicurio-testing/clusters/ci419/namespaces/inmemory/tests/integration/apicurio-registry/utils/converter/target/apicurio-registry-utils-converter-3.0.12-SNAPSHOT.jar:/home/runner/work/apicurio-testing/apicurio-testing/clusters/ci419/namespaces/inmemory/tests/integration/apicurio-registry/schema-resolver/target/apicurio-registry-schema-resolver-3.0.12-SNAPSHOT.jar:/home/runner/.m2/repository/org/apache/kafka/connect-api/3.9.1/connect-api-3.9.1.jar:/home/runner/.m2/repository/javax/ws/rs/javax.ws.rs-api/2.1.1/javax.ws.rs-api-2.1.1.jar:/home/runner/.m2/repository/org/apache/kafka/connect-json/3.9.1/connect-json-3.9.1.jar:/home/runner/.m2/repository/com/fasterxml/jackson/datatype/jackson-datatype-jdk8/2.18.2/jackson-datatype-jdk8-2.18.2.jar:/home/runner/.m2/repository/com/fasterxml/jackson/module/jackson-module-afterburner/2.18.2/jackson-module-afterburner-2.18.2.jar:/home/runner/work/apicurio-testing/apicurio-testing/clusters/ci419/namespaces/inmemory/tests/integration/apicurio-registry/utils/kafka/target/apicurio-registry-utils-kafka-3.0.12-SNAPSHOT.jar:/home/runner/.m2/repository/org/apache/pulsar/pulsar-client/3.3.8/pulsar-client-3.3.8.jar:/home/runner/.m2/repository/org/apache/pulsar/pulsar-client-api/3.3.8/pulsar-client-api-3.3.8.jar:/home/runner/.m2/repository/org/apache/pulsar/pulsar-client-admin-api/3.3.8/pulsar-client-admin-api-3.3.8.jar:/home/runner/.m2/repository/org/apache/pulsar/bouncy-castle-bc/3.3.8/bouncy-castle-bc-3.3.8-pkg.jar:/home/runner/.m2/repository/org/bouncycastle/bcpkix-jdk18on/1.81/bcpkix-jdk18on-1.81.jar:/home/runner/.m2/repository/org/bouncycastle/bcutil-jdk18on/1.81/bcutil-jdk18on-1.81.jar:/home/runner/.m2/repository/org/bouncycastle/bcprov-jdk18on/1.81/bcprov-jdk18on-1.81.jar:/home/runner/.m2/repository/io/opentelemetry/opentelemetry-api/1.44.1/opentelemetry-api-1.44.1.jar:/home/runner/.m2/repository/io/opentelemetry/opentelemetry-context/1.44.1/opentelemetry-context-1.44.1.jar:/home/runner/.m2/repository/io/opentelemetry/opentelemetry-api-incubator/1.44.1-alpha/opentelemetry-api-incubator-1.44.1-alpha.jar:/home/runner/.m2/repository/com/fasterxml/jackson/core/jackson-annotations/2.18.2/jackson-annotations-2.18.2.jar:/home/runner/.m2/repository/javax/validation/validation-api/1.1.0.Final/validation-api-1.1.0.Final.jar:/home/runner/.m2/repository/org/jspecify/jspecify/1.0.0/jspecify-1.0.0.jar:/home/runner/.m2/repository/org/apache/commons/commons-configuration2/2.12.0/commons-configuration2-2.12.0.jar:/home/runner/.m2/repository/commons-logging/commons-logging/1.3.5/commons-logging-1.3.5.jar:/home/runner/.m2/repository/org/apache/commons/commons-text/1.13.0/commons-text-1.13.0.jar:/home/runner/.m2/repository/io/confluent/kafka-avro-serializer/8.0.0/kafka-avro-serializer-8.0.0.jar:/home/runner/.m2/repository/org/apache/commons/commons-compress/1.27.1/commons-compress-1.27.1.jar:/home/runner/.m2/repository/io/confluent/kafka-schema-serializer/8.0.0/kafka-schema-serializer-8.0.0.jar:/home/runner/.m2/repository/com/fasterxml/jackson/dataformat/jackson-dataformat-csv/2.18.2/jackson-dataformat-csv-2.18.2.jar:/home/runner/.m2/repository/io/confluent/kafka-schema-registry-client/8.0.0/kafka-schema-registry-client-8.0.0.jar:/home/runner/.m2/repository/org/yaml/snakeyaml/2.3/snakeyaml-2.3.jar:/home/runner/.m2/repository/io/swagger/core/v3/swagger-annotations/2.2.29/swagger-annotations-2.2.29.jar:/home/runner/.m2/repository/com/google/guava/guava/33.4.0-jre/guava-33.4.0-jre.jar:/home/runner/.m2/repository/com/google/guava/failureaccess/1.0.1/failureaccess-1.0.1.jar:/home/runner/.m2/repository/org/checkerframework/checker-qual/3.49.0/checker-qual-3.49.0.jar:/home/runner/.m2/repository/io/confluent/logredactor/1.0.13/logredactor-1.0.13.jar:/home/runner/.m2/repository/com/google/re2j/re2j/1.6/re2j-1.6.jar:/home/runner/.m2/repository/io/confluent/logredactor-metrics/1.0.13/logredactor-metrics-1.0.13.jar:/home/runner/.m2/repository/com/eclipsesource/minimal-json/minimal-json/0.9.5/minimal-json-0.9.5.jar:/home/runner/.m2/repository/io/confluent/common-utils/8.0.0/common-utils-8.0.0.jar:/home/runner/.m2/repository/io/confluent/kafka-connect-avro-converter/8.0.0/kafka-connect-avro-converter-8.0.0.jar:/home/runner/.m2/repository/io/confluent/kafka-connect-avro-data/8.0.0/kafka-connect-avro-data-8.0.0.jar:/home/runner/.m2/repository/io/confluent/kafka-schema-converter/8.0.0/kafka-schema-converter-8.0.0.jar:/home/runner/.m2/repository/io/rest-assured/rest-assured/5.5.1/rest-assured-5.5.1.jar:/home/runner/.m2/repository/org/apache/groovy/groovy/4.0.22/groovy-4.0.22.jar:/home/runner/.m2/repository/org/apache/groovy/groovy-xml/4.0.22/groovy-xml-4.0.22.jar:/home/runner/.m2/repository/org/apache/httpcomponents/httpclient/4.5.14/httpclient-4.5.14.jar:/home/runner/.m2/repository/org/apache/httpcomponents/httpcore/4.4.16/httpcore-4.4.16.jar:/home/runner/.m2/repository/org/apache/httpcomponents/httpmime/4.5.14/httpmime-4.5.14.jar:/home/runner/.m2/repository/org/hamcrest/hamcrest/2.2/hamcrest-2.2.jar:/home/runner/.m2/repository/org/ccil/cowan/tagsoup/tagsoup/1.2.1/tagsoup-1.2.1.jar:/home/runner/.m2/repository/io/rest-assured/json-path/5.5.1/json-path-5.5.1.jar:/home/runner/.m2/repository/org/apache/groovy/groovy-json/4.0.22/groovy-json-4.0.22.jar:/home/runner/.m2/repository/io/rest-assured/rest-assured-common/5.5.1/rest-assured-common-5.5.1.jar:/home/runner/.m2/repository/io/rest-assured/xml-path/5.5.1/xml-path-5.5.1.jar:/home/runner/.m2/repository/io/zonky/test/embedded-postgres/2.1.0/embedded-postgres-2.1.0.jar:/home/runner/.m2/repository/io/zonky/test/postgres/embedded-postgres-binaries-windows-amd64/14.15.0/embedded-postgres-binaries-windows-amd64-14.15.0.jar:/home/runner/.m2/repository/io/zonky/test/postgres/embedded-postgres-binaries-darwin-amd64/14.15.0/embedded-postgres-binaries-darwin-amd64-14.15.0.jar:/home/runner/.m2/repository/io/zonky/test/postgres/embedded-postgres-binaries-linux-amd64/14.15.0/embedded-postgres-binaries-linux-amd64-14.15.0.jar:/home/runner/.m2/repository/io/zonky/test/postgres/embedded-postgres-binaries-linux-amd64-alpine/14.15.0/embedded-postgres-binaries-linux-amd64-alpine-14.15.0.jar:/home/runner/.m2/repository/org/apache/commons/commons-lang3/3.17.0/commons-lang3-3.17.0.jar:/home/runner/.m2/repository/org/tukaani/xz/1.10/xz-1.10.jar:/home/runner/.m2/repository/commons-codec/commons-codec/1.19.0/commons-codec-1.19.0.jar:/home/runner/.m2/repository/org/postgresql/postgresql/42.7.7/postgresql-42.7.7.jar:/home/runner/.m2/repository/commons-io/commons-io/2.18.0/commons-io-2.18.0.jar:/home/runner/work/apicurio-testing/apicurio-testing/clusters/ci419/namespaces/inmemory/tests/integration/apicurio-registry/utils/importexport/target/apicurio-registry-utils-import-export-3.0.12-SNAPSHOT.jar:/home/runner/.m2/repository/io/vertx/vertx-core/4.5.16/vertx-core-4.5.16.jar:/home/runner/.m2/repository/io/netty/netty-common/4.1.121.Final/netty-common-4.1.121.Final.jar:/home/runner/.m2/repository/io/netty/netty-buffer/4.1.121.Final/netty-buffer-4.1.121.Final.jar:/home/runner/.m2/repository/io/netty/netty-transport/4.1.121.Final/netty-transport-4.1.121.Final.jar:/home/runner/.m2/repository/io/netty/netty-handler/4.1.121.Final/netty-handler-4.1.121.Final.jar:/home/runner/.m2/repository/io/netty/netty-transport-native-unix-common/4.1.121.Final/netty-transport-native-unix-common-4.1.121.Final.jar:/home/runner/.m2/repository/io/netty/netty-codec/4.1.121.Final/netty-codec-4.1.121.Final.jar:/home/runner/.m2/repository/io/netty/netty-handler-proxy/4.1.121.Final/netty-handler-proxy-4.1.121.Final.jar:/home/runner/.m2/repository/io/netty/netty-codec-socks/4.1.121.Final/netty-codec-socks-4.1.121.Final.jar:/home/runner/.m2/repository/io/netty/netty-codec-http/4.1.121.Final/netty-codec-http-4.1.121.Final.jar:/home/runner/.m2/repository/io/netty/netty-codec-http2/4.1.121.Final/netty-codec-http2-4.1.121.Final.jar:/home/runner/.m2/repository/io/netty/netty-resolver/4.1.121.Final/netty-resolver-4.1.121.Final.jar:/home/runner/.m2/repository/io/netty/netty-resolver-dns/4.1.121.Final/netty-resolver-dns-4.1.121.Final.jar:/home/runner/.m2/repository/io/netty/netty-codec-dns/4.1.121.Final/netty-codec-dns-4.1.121.Final.jar:/home/runner/.m2/repository/com/fasterxml/jackson/core/jackson-core/2.18.2/jackson-core-2.18.2.jar:"/>
    <property name="sun.cpu.endian" value="little"/>
    <property name="user.home" value="/home/runner"/>
    <property name="user.language" value="en"/>
    <property name="jboss.log-version" value="false"/>
    <property name="java.specification.vendor" value="Oracle Corporation"/>
    <property name="java.version.date" value="2025-07-15"/>
    <property name="java.home" value="/usr/lib/jvm/temurin-17-jdk-amd64"/>
    <property name="file.separator" value="/"/>
    <property name="basedir" value="/home/runner/work/apicurio-testing/apicurio-testing/clusters/ci419/namespaces/inmemory/tests/integration/apicurio-registry/integration-tests"/>
    <property name="java.vm.compressedOopsMode" value="32-bit"/>
    <property name="line.separator" value="&#10;"/>
    <property name="java.specification.name" value="Java Platform API Specification"/>
    <property name="java.vm.specification.vendor" value="Oracle Corporation"/>
    <property name="quarkus.http.test-host" value="registry-app-inmemory.apps.ci419.apicurio-testing.org"/>
    <property name="surefire.real.class.path" value="/home/runner/work/apicurio-testing/apicurio-testing/clusters/ci419/namespaces/inmemory/tests/integration/apicurio-registry/integration-tests/target/surefire/surefirebooter-20250807122016745_3.jar"/>
    <property name="sun.management.compiler" value="HotSpot 64-Bit Tiered Compilers"/>
    <property name="org.eclipse.jetty.http.HttpGenerator.STRICT" value="true"/>
    <property name="java.runtime.version" value="17.0.16+8"/>
    <property name="user.name" value="runner"/>
    <property name="path.separator" value=":"/>
    <property name="os.version" value="6.8.0-1031-azure"/>
    <property name="java.runtime.name" value="OpenJDK Runtime Environment"/>
    <property name="file.encoding" value="UTF-8"/>
    <property name="jnidispatch.path" value="/home/runner/.cache/JNA/temp/jna2612696176964274134.tmp"/>
    <property name="java.vm.name" value="OpenJDK 64-Bit Server VM"/>
    <property name="jna.platform.library.path" value="/usr/lib/x86_64-linux-gnu:/lib/x86_64-linux-gnu:/usr/lib64:/lib64:/usr/lib:/lib:/lib32:/usr/local/lib:/usr/lib/x86_64-linux-gnu/libfakeroot"/>
    <property name="java.vendor.version" value="Temurin-17.0.16+8"/>
    <property name="quarkus.oidc.token-path" value="https://keycloak-inmemory.apps.ci419.apicurio-testing.org/realms/registry/protocol/openid-connect/token"/>
    <property name="quarkus.http.host" value="registry-app-inmemory.apps.ci419.apicurio-testing.org"/>
    <property name="localRepository" value="/home/runner/.m2/repository"/>
    <property name="javax.xml.xpath.XPathFactory:http://java.sun.com/jaxp/xpath/dom" value="com.sun.org.apache.xpath.internal.jaxp.XPathFactoryImpl"/>
    <property name="jna.loaded" value="true"/>
    <property name="java.vendor.url.bug" value="https://github.com/adoptium/adoptium-support/issues"/>
    <property name="jetty.git.hash" value="5bc5e562c8d05c5862505aebe5cf83a61bdbcb96"/>
    <property name="java.io.tmpdir" value="/tmp"/>
    <property name="quarkus.http.test-protocol" value="http"/>
    <property name="java.version" value="17.0.16"/>
    <property name="user.dir" value="/home/runner/work/apicurio-testing/apicurio-testing/clusters/ci419/namespaces/inmemory/tests/integration/apicurio-registry/integration-tests"/>
    <property name="os.arch" value="amd64"/>
    <property name="groups" value="( smoke | serdes | acceptance | ui)"/>
    <property name="java.vm.specification.name" value="Java Virtual Machine Specification"/>
    <property name="native.encoding" value="UTF-8"/>
    <property name="java.util.logging.manager" value="org.jboss.logmanager.LogManager"/>
    <property name="java.library.path" value="/usr/java/packages/lib:/usr/lib64:/lib64:/lib:/usr/lib"/>
    <property name="jdk.console" value="java.base"/>
    <property name="java.vm.info" value="mixed mode, sharing"/>
    <property name="java.vendor" value="Eclipse Adoptium"/>
    <property name="java.vm.version" value="17.0.16+8"/>
    <property name="java.specification.maintenance.version" value="1"/>
    <property name="sun.io.unicode.encoding" value="UnicodeLittle"/>
    <property name="javax.xml.transform.TransformerFactory" value="com.sun.org.apache.xalan.internal.xsltc.trax.TransformerFactoryImpl"/>
    <property name="java.class.version" value="61.0"/>
  </properties>
  <testcase name="testEvolveAvroConfluent" classname="io.apicurio.tests.serdes.confluent.BasicConfluentSerDesIT" time="13.257">
    <system-out><![CDATA[**** Registry Base URL: http://registry-app-inmemory.apps.ci419.apicurio-testing.org:80
**** Registry Base URL: http://registry-app-inmemory.apps.ci419.apicurio-testing.org:80
2025-08-07 12:23:53,554 INFO  [io.api.tes.ser.con.BasicConfluentSerDesIT] (main) RestAssured configured with http://registry-app-inmemory.apps.ci419.apicurio-testing.org:80/apis/registry/v3
**** Registry Base URL: http://registry-app-inmemory.apps.ci419.apicurio-testing.org:80
2025-08-07 12:23:53,870 INFO  [io.api.tes.ser.con.BasicConfluentSerDesIT] (main) Deleting confluent schema subj_4dd78974_7f85_473c_94f6_4e4bda8618ba-value
2025-08-07 12:23:53,882 INFO  [io.api.tes.ser.con.BasicConfluentSerDesIT] (main) Deleting confluent schema subj_f1ecd2bf_c571_4cfc_aa9a_aaa7bb4b809d-value
2025-08-07 12:23:53,893 INFO  [io.api.tes.ser.con.BasicConfluentSerDesIT] (main) Deleting confluent schema CUSTOMERS-key
2025-08-07 12:23:53,900 INFO  [io.api.tes.ser.con.BasicConfluentSerDesIT] (main) Deleting confluent schema CUSTOMERS.Value
2025-08-07 12:23:53,907 INFO  [io.api.tes.ser.con.BasicConfluentSerDesIT] (main) Deleting confluent schema CUSTOMERS-value
2025-08-07 12:23:53,960 INFO  [io.api.tes.ser.con.BasicConfluentSerDesIT] (main) Deleting confluent schema subj_8e46f26b_a9dd_461d_a3ce_d71a4e2c04e9-value
2025-08-07 12:23:53,969 INFO  [io.api.tes.ser.con.BasicConfluentSerDesIT] (main) Deleting confluent schema topic-026d3cfe_7b14_423e_8ede_92f70c62ca4b-value
2025-08-07 12:23:53,976 INFO  [io.api.tes.ser.con.BasicConfluentSerDesIT] (main) Deleting confluent schema topic-900c2d32_e1af_4b38_87bf_a2aa030c3c34-value
2025-08-07 12:23:53,984 INFO  [io.api.tes.ser.con.BasicConfluentSerDesIT] (main) Deleting confluent schema topic-89b55fff_82c7_40e9_9507_76d5eb8bc07a-value
2025-08-07 12:23:53,991 INFO  [io.api.tes.ser.con.BasicConfluentSerDesIT] (main) Deleting confluent schema topic-f199a966_eca1_4a5e_990e_458a6d5b4492-value
2025-08-07 12:23:53,998 INFO  [io.api.tes.ser.con.BasicConfluentSerDesIT] (main) Deleting confluent schema topic-4f10c6c5_dede_4d41_b7db_f588c37ce99c-value
2025-08-07 12:23:54,061 INFO  [io.api.tes.ser.con.BasicConfluentSerDesIT] (main) Deleting confluent schema topic-3abbc6c3_58f1_4e54_8086_78232ebb2228-value
2025-08-07 12:23:54,068 INFO  [io.api.tes.ser.con.BasicConfluentSerDesIT] (main) Deleting confluent schema myrecordconfluent
2025-08-07 12:23:54,076 INFO  [io.api.tes.ser.con.BasicConfluentSerDesIT] (main) Deleting confluent schema topic-a03d3a94_a85c_4700_bf5f_2828a17c4b78
2025-08-07 12:23:54,087 INFO  [io.api.tes.ser.con.BasicConfluentSerDesIT] (main) Deleting confluent schema topic-a146104e_448a_4e19_98cf_f842fdc8b7e3-value
2025-08-07 12:23:54,095 INFO  [io.api.tes.ser.con.BasicConfluentSerDesIT] (main) Deleting confluent schema topic-72bf9658_990a_4ebe_adcf_c28010e4d4ff
2025-08-07 12:23:54,102 INFO  [io.api.tes.ser.con.BasicConfluentSerDesIT] (main) Deleting confluent schema topic-0dbfaa5d_9efe_474e_bc30_4e7ceb819d63-value
2025-08-07 12:23:54,110 INFO  [io.api.tes.ser.con.BasicConfluentSerDesIT] (main) Deleting confluent schema topic-f7e2ca96_50d0_412f_88b3_b32c03d94bfe
2025-08-07 12:23:54,159 INFO  [io.api.tes.ser.con.BasicConfluentSerDesIT] (main) Deleting confluent schema topic-60ec3bd7_9f63_4239_becb_44aaf62f77ad
2025-08-07 12:23:54,167 INFO  [io.api.tes.ser.con.BasicConfluentSerDesIT] (main) Deleting confluent schema topic-ecb26a2e_5e35_4d2d_9624_fc5a276638c6-value
2025-08-07 12:23:54,174 INFO  [io.api.tes.ser.con.BasicConfluentSerDesIT] (main) Deleting confluent schema s6925b3b9xf63fx48efx94c9x065cb10a69ff-value
2025-08-07 12:23:54,182 INFO  [io.api.tes.ser.con.BasicConfluentSerDesIT] (main) Deleting confluent schema google/protobuf/timestamp.proto
2025-08-07 12:23:54,190 INFO  [io.api.tes.ser.con.BasicConfluentSerDesIT] (main) Deleting confluent schema topic-21b2dd22_e2da_49eb_8551_8eeb943d2237-value
2025-08-07 12:23:54,198 INFO  [io.api.tes.ser.con.BasicConfluentSerDesIT] (main) Deleting confluent schema topic-af558daf_2c3e_40ab_8601_218b85bcd26f-value
2025-08-07 12:23:54,205 INFO  [io.api.tes.ser.con.BasicConfluentSerDesIT] (main) Deleting confluent schema s4422dec8x1c54x4c1ax96c0x13e5b45944ea-value
2025-08-07 12:23:54,212 INFO  [io.api.tes.ser.con.BasicConfluentSerDesIT] (main) Deleting confluent schema topic-ef4ba40e_646e_4e88_a760_0c41f5f337f7-value
2025-08-07 12:23:54,219 INFO  [io.api.tes.ser.con.BasicConfluentSerDesIT] (main) Deleting confluent schema s98425a8cx92cex4b46x9e1fx199bd16ea990-value
2025-08-07 12:23:54,260 INFO  [io.api.tes.ser.con.BasicConfluentSerDesIT] (main) Deleting confluent schema topic-7b4842b7_3ebf_42ae_a5b7_50b63918c44c-value
2025-08-07 12:23:54,268 INFO  [io.api.tes.ser.con.BasicConfluentSerDesIT] (main) Deleting confluent schema topic-efad6a2f_c2f4_488b_b69b_81d873ed3213-value
2025-08-07 12:23:54,278 INFO  [io.api.tes.ser.con.BasicConfluentSerDesIT] (main) Deleting confluent schema topic-89d3956b_500f_4b84_a14c_5f243f56f92a
2025-08-07 12:23:54,285 INFO  [io.api.tes.ser.con.BasicConfluentSerDesIT] (main) Deleting confluent schema topic-811759ca_d2a8_409f_a1aa_8c4da280b84a
2025-08-07 12:23:54,292 INFO  [io.api.tes.ser.con.BasicConfluentSerDesIT] (main) Deleting confluent schema topic-6bef7470_3f28_4e6a_a4aa_51b96283ef7e-value
2025-08-07 12:23:54,300 INFO  [io.api.tes.ser.con.BasicConfluentSerDesIT] (main) Deleting confluent schema topic-1ff7cd7a_a663_4139_96de_dfd70a443296-value
2025-08-07 12:23:54,307 INFO  [io.api.tes.ser.con.BasicConfluentSerDesIT] (main) Deleting confluent schema topic-5cfb89f4_4acf_40bf_ad38_f2fbc50ad051-value
2025-08-07 12:23:54,322 INFO  [io.api.tes.uti.KafkaFacade] (main) Skipping deployment of kafka, because it's already deployed
2025-08-07 12:23:54,323 INFO  [io.api.tes.uti.TestSeparator] (main) ############################################################################
2025-08-07 12:23:54,323 INFO  [io.api.tes.uti.TestSeparator] (main) io.apicurio.tests.serdes.confluent.BasicConfluentSerDesIT.testEvolveAvroConfluent-STARTED
2025-08-07 12:23:54,328 INFO  [org.apa.kaf.cli.adm.AdminClientConfig] (main) AdminClientConfig values: 
	auto.include.jmx.reporter = true
	bootstrap.controllers = []
	bootstrap.servers = [PLAINTEXT://localhost:32769]
	client.dns.lookup = use_all_dns_ips
	client.id = 
	connections.max.idle.ms = 10000
	default.api.timeout.ms = 60000
	enable.metrics.push = true
	metadata.max.age.ms = 300000
	metadata.recovery.strategy = none
	metric.reporters = []
	metrics.num.samples = 2
	metrics.recording.level = INFO
	metrics.sample.window.ms = 30000
	receive.buffer.bytes = 65536
	reconnect.backoff.max.ms = 1000
	reconnect.backoff.ms = 50
	request.timeout.ms = 5000
	retries = 2147483647
	retry.backoff.max.ms = 1000
	retry.backoff.ms = 100
	sasl.client.callback.handler.class = null
	sasl.jaas.config = null
	sasl.kerberos.kinit.cmd = /usr/bin/kinit
	sasl.kerberos.min.time.before.relogin = 60000
	sasl.kerberos.service.name = null
	sasl.kerberos.ticket.renew.jitter = 0.05
	sasl.kerberos.ticket.renew.window.factor = 0.8
	sasl.login.callback.handler.class = null
	sasl.login.class = null
	sasl.login.connect.timeout.ms = null
	sasl.login.read.timeout.ms = null
	sasl.login.refresh.buffer.seconds = 300
	sasl.login.refresh.min.period.seconds = 60
	sasl.login.refresh.window.factor = 0.8
	sasl.login.refresh.window.jitter = 0.05
	sasl.login.retry.backoff.max.ms = 10000
	sasl.login.retry.backoff.ms = 100
	sasl.mechanism = GSSAPI
	sasl.oauthbearer.clock.skew.seconds = 30
	sasl.oauthbearer.expected.audience = null
	sasl.oauthbearer.expected.issuer = null
	sasl.oauthbearer.header.urlencode = false
	sasl.oauthbearer.jwks.endpoint.refresh.ms = 3600000
	sasl.oauthbearer.jwks.endpoint.retry.backoff.max.ms = 10000
	sasl.oauthbearer.jwks.endpoint.retry.backoff.ms = 100
	sasl.oauthbearer.jwks.endpoint.url = null
	sasl.oauthbearer.scope.claim.name = scope
	sasl.oauthbearer.sub.claim.name = sub
	sasl.oauthbearer.token.endpoint.url = null
	security.protocol = PLAINTEXT
	security.providers = null
	send.buffer.bytes = 131072
	socket.connection.setup.timeout.max.ms = 30000
	socket.connection.setup.timeout.ms = 10000
	ssl.cipher.suites = null
	ssl.enabled.protocols = [TLSv1.2, TLSv1.3]
	ssl.endpoint.identification.algorithm = https
	ssl.engine.factory.class = null
	ssl.key.password = null
	ssl.keymanager.algorithm = SunX509
	ssl.keystore.certificate.chain = null
	ssl.keystore.key = null
	ssl.keystore.location = null
	ssl.keystore.password = null
	ssl.keystore.type = JKS
	ssl.protocol = TLSv1.3
	ssl.provider = null
	ssl.secure.random.implementation = null
	ssl.trustmanager.algorithm = PKIX
	ssl.truststore.certificates = null
	ssl.truststore.location = null
	ssl.truststore.password = null
	ssl.truststore.type = JKS

2025-08-07 12:23:54,330 INFO  [org.apa.kaf.com.uti.AppInfoParser] (main) Kafka version: 3.9.1
2025-08-07 12:23:54,330 INFO  [org.apa.kaf.com.uti.AppInfoParser] (main) Kafka commitId: f745dfdcee2b9851
2025-08-07 12:23:54,330 INFO  [org.apa.kaf.com.uti.AppInfoParser] (main) Kafka startTimeMs: 1754569434330
2025-08-07 12:23:54,453 INFO  [io.api.tes.ser.con.BasicConfluentSerDesIT] (main) Checking that created schema is equal to the get schema
2025-08-07 12:23:54,482 INFO  [io.api.tes.ser.con.BasicConfluentSerDesIT] (main) Created schema with id:108 and name:s31f15fafxbf8fx4398x967dxb8fdd598e5f6
**** Registry Base URL: http://registry-app-inmemory.apps.ci419.apicurio-testing.org:80
2025-08-07 12:23:54,489 INFO  [org.apa.kaf.cli.pro.ProducerConfig] (main) ProducerConfig values: 
	acks = -1
	auto.include.jmx.reporter = true
	batch.size = 16384
	bootstrap.servers = [PLAINTEXT://localhost:32769]
	buffer.memory = 33554432
	client.dns.lookup = use_all_dns_ips
	client.id = Producer-topic-1b527ba2_2803_4c03_9905_e3d2ab9ed7e6
	compression.gzip.level = -1
	compression.lz4.level = 9
	compression.type = none
	compression.zstd.level = 3
	connections.max.idle.ms = 10000
	delivery.timeout.ms = 120000
	enable.idempotence = true
	enable.metrics.push = true
	interceptor.classes = []
	key.serializer = class org.apache.kafka.common.serialization.StringSerializer
	linger.ms = 0
	max.block.ms = 60000
	max.in.flight.requests.per.connection = 5
	max.request.size = 1048576
	metadata.max.age.ms = 300000
	metadata.max.idle.ms = 300000
	metadata.recovery.strategy = none
	metric.reporters = []
	metrics.num.samples = 2
	metrics.recording.level = INFO
	metrics.sample.window.ms = 30000
	partitioner.adaptive.partitioning.enable = true
	partitioner.availability.timeout.ms = 0
	partitioner.class = null
	partitioner.ignore.keys = false
	receive.buffer.bytes = 32768
	reconnect.backoff.max.ms = 1000
	reconnect.backoff.ms = 50
	request.timeout.ms = 5000
	retries = 2147483647
	retry.backoff.max.ms = 1000
	retry.backoff.ms = 100
	sasl.client.callback.handler.class = null
	sasl.jaas.config = null
	sasl.kerberos.kinit.cmd = /usr/bin/kinit
	sasl.kerberos.min.time.before.relogin = 60000
	sasl.kerberos.service.name = null
	sasl.kerberos.ticket.renew.jitter = 0.05
	sasl.kerberos.ticket.renew.window.factor = 0.8
	sasl.login.callback.handler.class = null
	sasl.login.class = null
	sasl.login.connect.timeout.ms = null
	sasl.login.read.timeout.ms = null
	sasl.login.refresh.buffer.seconds = 300
	sasl.login.refresh.min.period.seconds = 60
	sasl.login.refresh.window.factor = 0.8
	sasl.login.refresh.window.jitter = 0.05
	sasl.login.retry.backoff.max.ms = 10000
	sasl.login.retry.backoff.ms = 100
	sasl.mechanism = GSSAPI
	sasl.oauthbearer.clock.skew.seconds = 30
	sasl.oauthbearer.expected.audience = null
	sasl.oauthbearer.expected.issuer = null
	sasl.oauthbearer.header.urlencode = false
	sasl.oauthbearer.jwks.endpoint.refresh.ms = 3600000
	sasl.oauthbearer.jwks.endpoint.retry.backoff.max.ms = 10000
	sasl.oauthbearer.jwks.endpoint.retry.backoff.ms = 100
	sasl.oauthbearer.jwks.endpoint.url = null
	sasl.oauthbearer.scope.claim.name = scope
	sasl.oauthbearer.sub.claim.name = sub
	sasl.oauthbearer.token.endpoint.url = null
	security.protocol = PLAINTEXT
	security.providers = null
	send.buffer.bytes = 131072
	socket.connection.setup.timeout.max.ms = 30000
	socket.connection.setup.timeout.ms = 10000
	ssl.cipher.suites = null
	ssl.enabled.protocols = [TLSv1.2, TLSv1.3]
	ssl.endpoint.identification.algorithm = https
	ssl.engine.factory.class = null
	ssl.key.password = null
	ssl.keymanager.algorithm = SunX509
	ssl.keystore.certificate.chain = null
	ssl.keystore.key = null
	ssl.keystore.location = null
	ssl.keystore.password = null
	ssl.keystore.type = JKS
	ssl.protocol = TLSv1.3
	ssl.provider = null
	ssl.secure.random.implementation = null
	ssl.trustmanager.algorithm = PKIX
	ssl.truststore.certificates = null
	ssl.truststore.location = null
	ssl.truststore.password = null
	ssl.truststore.type = JKS
	transaction.timeout.ms = 60000
	transactional.id = null
	value.serializer = class io.confluent.kafka.serializers.KafkaAvroSerializer

2025-08-07 12:23:54,490 INFO  [org.apa.kaf.com.tel.int.KafkaMetricsCollector] (main) initializing Kafka metrics collector
2025-08-07 12:23:54,493 INFO  [io.con.kaf.ser.KafkaAvroSerializerConfig] (main) KafkaAvroSerializerConfig values: 
	auto.register.schemas = false
	avro.reflection.allow.null = false
	avro.remove.java.properties = false
	avro.use.logical.type.converters = false
	basic.auth.credentials.source = URL
	basic.auth.user.info = [hidden]
	bearer.auth.cache.expiry.buffer.seconds = 300
	bearer.auth.client.id = null
	bearer.auth.client.secret = null
	bearer.auth.credentials.source = STATIC_TOKEN
	bearer.auth.custom.provider.class = null
	bearer.auth.identity.pool.id = null
	bearer.auth.issuer.endpoint.url = null
	bearer.auth.logical.cluster = null
	bearer.auth.scope = null
	bearer.auth.scope.claim.name = scope
	bearer.auth.sub.claim.name = sub
	bearer.auth.token = [hidden]
	context.name.strategy = class io.confluent.kafka.serializers.context.NullContextNameStrategy
	http.connect.timeout.ms = 60000
	http.read.timeout.ms = 60000
	id.compatibility.strict = true
	key.schema.id.deserializer = class io.confluent.kafka.serializers.schema.id.DualSchemaIdDeserializer
	key.schema.id.serializer = class io.confluent.kafka.serializers.schema.id.PrefixSchemaIdSerializer
	key.subject.name.strategy = class io.confluent.kafka.serializers.subject.TopicNameStrategy
	latest.cache.size = 1000
	latest.cache.ttl.sec = -1
	latest.compatibility.strict = true
	max.retries = 3
	max.schemas.per.subject = 1000
	normalize.schemas = false
	propagate.schema.tags = false
	proxy.host = 
	proxy.port = -1
	retries.max.wait.ms = 20000
	retries.wait.ms = 1000
	rule.actions = []
	rule.executors = []
	rule.service.loader.enable = true
	schema.format = null
	schema.reflection = false
	schema.registry.basic.auth.user.info = [hidden]
	schema.registry.ssl.cipher.suites = null
	schema.registry.ssl.enabled.protocols = [TLSv1.2, TLSv1.3]
	schema.registry.ssl.endpoint.identification.algorithm = https
	schema.registry.ssl.engine.factory.class = null
	schema.registry.ssl.key.password = null
	schema.registry.ssl.keymanager.algorithm = SunX509
	schema.registry.ssl.keystore.certificate.chain = null
	schema.registry.ssl.keystore.key = null
	schema.registry.ssl.keystore.location = null
	schema.registry.ssl.keystore.password = null
	schema.registry.ssl.keystore.type = JKS
	schema.registry.ssl.protocol = TLSv1.3
	schema.registry.ssl.provider = null
	schema.registry.ssl.secure.random.implementation = null
	schema.registry.ssl.trustmanager.algorithm = PKIX
	schema.registry.ssl.truststore.certificates = null
	schema.registry.ssl.truststore.location = null
	schema.registry.ssl.truststore.password = null
	schema.registry.ssl.truststore.type = JKS
	schema.registry.url = [http://registry-app-inmemory.apps.ci419.apicurio-testing.org:80/apis/ccompat/v7]
	schema.registry.url.randomize = false
	use.latest.version = false
	use.latest.with.metadata = null
	use.schema.id = -1
	value.schema.id.deserializer = class io.confluent.kafka.serializers.schema.id.DualSchemaIdDeserializer
	value.schema.id.serializer = class io.confluent.kafka.serializers.schema.id.PrefixSchemaIdSerializer
	value.subject.name.strategy = class io.confluent.kafka.serializers.subject.TopicRecordNameStrategy

2025-08-07 12:23:54,504 INFO  [org.apa.kaf.cli.pro.KafkaProducer] (main) [Producer clientId=Producer-topic-1b527ba2_2803_4c03_9905_e3d2ab9ed7e6] Instantiated an idempotent producer.
2025-08-07 12:23:54,506 INFO  [org.apa.kaf.cli.pro.ProducerConfig] (main) These configurations '[schema.registry.url, auto.register.schemas, value.subject.name.strategy]' were supplied but are not used yet.
2025-08-07 12:23:54,506 INFO  [org.apa.kaf.com.uti.AppInfoParser] (main) Kafka version: 3.9.1
2025-08-07 12:23:54,506 INFO  [org.apa.kaf.com.uti.AppInfoParser] (main) Kafka commitId: f745dfdcee2b9851
2025-08-07 12:23:54,506 INFO  [org.apa.kaf.com.uti.AppInfoParser] (main) Kafka startTimeMs: 1754569434506
**** Registry Base URL: http://registry-app-inmemory.apps.ci419.apicurio-testing.org:80
2025-08-07 12:23:54,512 INFO  [org.apa.kaf.cli.Metadata] (kafka-producer-network-thread | Producer-topic-1b527ba2_2803_4c03_9905_e3d2ab9ed7e6) [Producer clientId=Producer-topic-1b527ba2_2803_4c03_9905_e3d2ab9ed7e6] Cluster ID: CeYNmdzmRCaaSk-AVslC4g
2025-08-07 12:23:54,514 INFO  [org.apa.kaf.cli.con.ConsumerConfig] (main) ConsumerConfig values: 
	allow.auto.create.topics = true
	auto.commit.interval.ms = 500
	auto.include.jmx.reporter = true
	auto.offset.reset = earliest
	bootstrap.servers = [PLAINTEXT://localhost:32769]
	check.crcs = true
	client.dns.lookup = use_all_dns_ips
	client.id = consumer-Consumer-topic-1b527ba2_2803_4c03_9905_e3d2ab9ed7e6-34
	client.rack = 
	connections.max.idle.ms = 10000
	default.api.timeout.ms = 60000
	enable.auto.commit = true
	enable.metrics.push = true
	exclude.internal.topics = true
	fetch.max.bytes = 52428800
	fetch.max.wait.ms = 500
	fetch.min.bytes = 1
	group.id = Consumer-topic-1b527ba2_2803_4c03_9905_e3d2ab9ed7e6
	group.instance.id = null
	group.protocol = classic
	group.remote.assignor = null
	heartbeat.interval.ms = 3000
	interceptor.classes = []
	internal.leave.group.on.close = true
	internal.throw.on.fetch.stable.offset.unsupported = false
	isolation.level = read_uncommitted
	key.deserializer = class org.apache.kafka.common.serialization.StringDeserializer
	max.partition.fetch.bytes = 1048576
	max.poll.interval.ms = 300000
	max.poll.records = 500
	metadata.max.age.ms = 300000
	metadata.recovery.strategy = none
	metric.reporters = []
	metrics.num.samples = 2
	metrics.recording.level = INFO
	metrics.sample.window.ms = 30000
	partition.assignment.strategy = [class org.apache.kafka.clients.consumer.RangeAssignor, class org.apache.kafka.clients.consumer.CooperativeStickyAssignor]
	receive.buffer.bytes = 65536
	reconnect.backoff.max.ms = 1000
	reconnect.backoff.ms = 50
	request.timeout.ms = 5000
	retry.backoff.max.ms = 1000
	retry.backoff.ms = 100
	sasl.client.callback.handler.class = null
	sasl.jaas.config = null
	sasl.kerberos.kinit.cmd = /usr/bin/kinit
	sasl.kerberos.min.time.before.relogin = 60000
	sasl.kerberos.service.name = null
	sasl.kerberos.ticket.renew.jitter = 0.05
	sasl.kerberos.ticket.renew.window.factor = 0.8
	sasl.login.callback.handler.class = null
	sasl.login.class = null
	sasl.login.connect.timeout.ms = null
	sasl.login.read.timeout.ms = null
	sasl.login.refresh.buffer.seconds = 300
	sasl.login.refresh.min.period.seconds = 60
	sasl.login.refresh.window.factor = 0.8
	sasl.login.refresh.window.jitter = 0.05
	sasl.login.retry.backoff.max.ms = 10000
	sasl.login.retry.backoff.ms = 100
	sasl.mechanism = GSSAPI
	sasl.oauthbearer.clock.skew.seconds = 30
	sasl.oauthbearer.expected.audience = null
	sasl.oauthbearer.expected.issuer = null
	sasl.oauthbearer.header.urlencode = false
	sasl.oauthbearer.jwks.endpoint.refresh.ms = 3600000
	sasl.oauthbearer.jwks.endpoint.retry.backoff.max.ms = 10000
	sasl.oauthbearer.jwks.endpoint.retry.backoff.ms = 100
	sasl.oauthbearer.jwks.endpoint.url = null
	sasl.oauthbearer.scope.claim.name = scope
	sasl.oauthbearer.sub.claim.name = sub
	sasl.oauthbearer.token.endpoint.url = null
	security.protocol = PLAINTEXT
	security.providers = null
	send.buffer.bytes = 131072
	session.timeout.ms = 45000
	socket.connection.setup.timeout.max.ms = 30000
	socket.connection.setup.timeout.ms = 10000
	ssl.cipher.suites = null
	ssl.enabled.protocols = [TLSv1.2, TLSv1.3]
	ssl.endpoint.identification.algorithm = https
	ssl.engine.factory.class = null
	ssl.key.password = null
	ssl.keymanager.algorithm = SunX509
	ssl.keystore.certificate.chain = null
	ssl.keystore.key = null
	ssl.keystore.location = null
	ssl.keystore.password = null
	ssl.keystore.type = JKS
	ssl.protocol = TLSv1.3
	ssl.provider = null
	ssl.secure.random.implementation = null
	ssl.trustmanager.algorithm = PKIX
	ssl.truststore.certificates = null
	ssl.truststore.location = null
	ssl.truststore.password = null
	ssl.truststore.type = JKS
	value.deserializer = class io.confluent.kafka.serializers.KafkaAvroDeserializer

2025-08-07 12:23:54,514 INFO  [org.apa.kaf.com.tel.int.KafkaMetricsCollector] (main) initializing Kafka metrics collector
2025-08-07 12:23:54,515 INFO  [io.con.kaf.ser.KafkaAvroDeserializerConfig] (main) KafkaAvroDeserializerConfig values: 
	auto.register.schemas = true
	avro.reflection.allow.null = false
	avro.use.logical.type.converters = false
	basic.auth.credentials.source = URL
	basic.auth.user.info = [hidden]
	bearer.auth.cache.expiry.buffer.seconds = 300
	bearer.auth.client.id = null
	bearer.auth.client.secret = null
	bearer.auth.credentials.source = STATIC_TOKEN
	bearer.auth.custom.provider.class = null
	bearer.auth.identity.pool.id = null
	bearer.auth.issuer.endpoint.url = null
	bearer.auth.logical.cluster = null
	bearer.auth.scope = null
	bearer.auth.scope.claim.name = scope
	bearer.auth.sub.claim.name = sub
	bearer.auth.token = [hidden]
	context.name.strategy = class io.confluent.kafka.serializers.context.NullContextNameStrategy
	http.connect.timeout.ms = 60000
	http.read.timeout.ms = 60000
	id.compatibility.strict = true
	key.schema.id.deserializer = class io.confluent.kafka.serializers.schema.id.DualSchemaIdDeserializer
	key.schema.id.serializer = class io.confluent.kafka.serializers.schema.id.PrefixSchemaIdSerializer
	key.subject.name.strategy = class io.confluent.kafka.serializers.subject.TopicNameStrategy
	latest.cache.size = 1000
	latest.cache.ttl.sec = -1
	latest.compatibility.strict = true
	max.retries = 3
	max.schemas.per.subject = 1000
	normalize.schemas = false
	propagate.schema.tags = false
	proxy.host = 
	proxy.port = -1
	retries.max.wait.ms = 20000
	retries.wait.ms = 1000
	rule.actions = []
	rule.executors = []
	rule.service.loader.enable = true
	schema.format = null
	schema.reflection = false
	schema.registry.basic.auth.user.info = [hidden]
	schema.registry.ssl.cipher.suites = null
	schema.registry.ssl.enabled.protocols = [TLSv1.2, TLSv1.3]
	schema.registry.ssl.endpoint.identification.algorithm = https
	schema.registry.ssl.engine.factory.class = null
	schema.registry.ssl.key.password = null
	schema.registry.ssl.keymanager.algorithm = SunX509
	schema.registry.ssl.keystore.certificate.chain = null
	schema.registry.ssl.keystore.key = null
	schema.registry.ssl.keystore.location = null
	schema.registry.ssl.keystore.password = null
	schema.registry.ssl.keystore.type = JKS
	schema.registry.ssl.protocol = TLSv1.3
	schema.registry.ssl.provider = null
	schema.registry.ssl.secure.random.implementation = null
	schema.registry.ssl.trustmanager.algorithm = PKIX
	schema.registry.ssl.truststore.certificates = null
	schema.registry.ssl.truststore.location = null
	schema.registry.ssl.truststore.password = null
	schema.registry.ssl.truststore.type = JKS
	schema.registry.url = [http://registry-app-inmemory.apps.ci419.apicurio-testing.org:80/apis/ccompat/v7]
	schema.registry.url.randomize = false
	specific.avro.key.type = null
	specific.avro.reader = false
	specific.avro.value.type = null
	use.latest.version = false
	use.latest.with.metadata = null
	use.schema.id = -1
	value.schema.id.deserializer = class io.confluent.kafka.serializers.schema.id.DualSchemaIdDeserializer
	value.schema.id.serializer = class io.confluent.kafka.serializers.schema.id.PrefixSchemaIdSerializer
	value.subject.name.strategy = class io.confluent.kafka.serializers.subject.TopicNameStrategy

2025-08-07 12:23:54,516 INFO  [org.apa.kaf.cli.pro.int.TransactionManager] (kafka-producer-network-thread | Producer-topic-1b527ba2_2803_4c03_9905_e3d2ab9ed7e6) [Producer clientId=Producer-topic-1b527ba2_2803_4c03_9905_e3d2ab9ed7e6] ProducerId set to 44 with epoch 0
2025-08-07 12:23:54,520 INFO  [org.apa.kaf.cli.con.ConsumerConfig] (main) These configurations '[schema.registry.url]' were supplied but are not used yet.
2025-08-07 12:23:54,520 INFO  [org.apa.kaf.com.uti.AppInfoParser] (main) Kafka version: 3.9.1
2025-08-07 12:23:54,520 INFO  [org.apa.kaf.com.uti.AppInfoParser] (main) Kafka commitId: f745dfdcee2b9851
2025-08-07 12:23:54,520 INFO  [org.apa.kaf.com.uti.AppInfoParser] (main) Kafka startTimeMs: 1754569434520
2025-08-07 12:23:54,521 INFO  [io.api.tes.ser.api.KafkaSerdesTester] (Thread-870) Sending message {"key1": "value-0"} to topic topic-1b527ba2_2803_4c03_9905_e3d2ab9ed7e6
2025-08-07 12:23:54,553 INFO  [io.api.tes.ser.api.KafkaSerdesTester] (Thread-870) Sending message {"key1": "value-1"} to topic topic-1b527ba2_2803_4c03_9905_e3d2ab9ed7e6
2025-08-07 12:23:54,554 INFO  [io.api.tes.ser.api.KafkaSerdesTester] (Thread-870) Sending message {"key1": "value-2"} to topic topic-1b527ba2_2803_4c03_9905_e3d2ab9ed7e6
2025-08-07 12:23:54,556 INFO  [io.api.tes.ser.api.KafkaSerdesTester] (Thread-870) Sending message {"key1": "value-3"} to topic topic-1b527ba2_2803_4c03_9905_e3d2ab9ed7e6
2025-08-07 12:23:54,557 INFO  [io.api.tes.ser.api.KafkaSerdesTester] (Thread-870) Sending message {"key1": "value-4"} to topic topic-1b527ba2_2803_4c03_9905_e3d2ab9ed7e6
2025-08-07 12:23:54,558 INFO  [io.api.tes.ser.api.KafkaSerdesTester] (Thread-870) Sending message {"key1": "value-5"} to topic topic-1b527ba2_2803_4c03_9905_e3d2ab9ed7e6
2025-08-07 12:23:54,559 INFO  [io.api.tes.ser.api.KafkaSerdesTester] (Thread-870) Sending message {"key1": "value-6"} to topic topic-1b527ba2_2803_4c03_9905_e3d2ab9ed7e6
2025-08-07 12:23:54,560 INFO  [io.api.tes.ser.api.KafkaSerdesTester] (Thread-870) Sending message {"key1": "value-7"} to topic topic-1b527ba2_2803_4c03_9905_e3d2ab9ed7e6
2025-08-07 12:23:54,561 INFO  [io.api.tes.ser.api.KafkaSerdesTester] (Thread-870) Sending message {"key1": "value-8"} to topic topic-1b527ba2_2803_4c03_9905_e3d2ab9ed7e6
2025-08-07 12:23:54,564 INFO  [io.api.tes.ser.api.KafkaSerdesTester] (Thread-870) Sending message {"key1": "value-9"} to topic topic-1b527ba2_2803_4c03_9905_e3d2ab9ed7e6
2025-08-07 12:23:54,565 INFO  [io.api.tes.ser.api.KafkaSerdesTester] (Thread-870) Produced 10 messages
2025-08-07 12:23:54,565 INFO  [org.apa.kaf.cli.pro.KafkaProducer] (Thread-870) [Producer clientId=Producer-topic-1b527ba2_2803_4c03_9905_e3d2ab9ed7e6] Closing the Kafka producer with timeoutMillis = 9223372036854775807 ms.
2025-08-07 12:23:54,567 INFO  [org.apa.kaf.com.met.Metrics] (Thread-870) Metrics scheduler closed
2025-08-07 12:23:54,567 INFO  [org.apa.kaf.com.met.Metrics] (Thread-870) Closing reporter org.apache.kafka.common.metrics.JmxReporter
2025-08-07 12:23:54,567 INFO  [org.apa.kaf.com.met.Metrics] (Thread-870) Closing reporter org.apache.kafka.common.telemetry.internals.ClientTelemetryReporter
2025-08-07 12:23:54,567 INFO  [org.apa.kaf.com.met.Metrics] (Thread-870) Metrics reporters closed
2025-08-07 12:23:54,568 INFO  [org.apa.kaf.com.uti.AppInfoParser] (Thread-870) App info kafka.producer for Producer-topic-1b527ba2_2803_4c03_9905_e3d2ab9ed7e6 unregistered
2025-08-07 12:23:54,568 INFO  [org.apa.kaf.cli.con.int.ClassicKafkaConsumer] (Thread-871) [Consumer clientId=consumer-Consumer-topic-1b527ba2_2803_4c03_9905_e3d2ab9ed7e6-34, groupId=Consumer-topic-1b527ba2_2803_4c03_9905_e3d2ab9ed7e6] Subscribed to topic(s): topic-1b527ba2_2803_4c03_9905_e3d2ab9ed7e6
2025-08-07 12:23:54,572 INFO  [org.apa.kaf.cli.Metadata] (Thread-871) [Consumer clientId=consumer-Consumer-topic-1b527ba2_2803_4c03_9905_e3d2ab9ed7e6-34, groupId=Consumer-topic-1b527ba2_2803_4c03_9905_e3d2ab9ed7e6] Cluster ID: CeYNmdzmRCaaSk-AVslC4g
2025-08-07 12:23:54,573 INFO  [org.apa.kaf.cli.con.int.ConsumerCoordinator] (Thread-871) [Consumer clientId=consumer-Consumer-topic-1b527ba2_2803_4c03_9905_e3d2ab9ed7e6-34, groupId=Consumer-topic-1b527ba2_2803_4c03_9905_e3d2ab9ed7e6] Discovered group coordinator localhost:32769 (id: 2147483647 rack: null)
2025-08-07 12:23:54,574 INFO  [org.apa.kaf.cli.con.int.ConsumerCoordinator] (Thread-871) [Consumer clientId=consumer-Consumer-topic-1b527ba2_2803_4c03_9905_e3d2ab9ed7e6-34, groupId=Consumer-topic-1b527ba2_2803_4c03_9905_e3d2ab9ed7e6] (Re-)joining group
2025-08-07 12:23:54,576 INFO  [org.apa.kaf.cli.con.int.ConsumerCoordinator] (Thread-871) [Consumer clientId=consumer-Consumer-topic-1b527ba2_2803_4c03_9905_e3d2ab9ed7e6-34, groupId=Consumer-topic-1b527ba2_2803_4c03_9905_e3d2ab9ed7e6] Request joining group due to: need to re-join with the given member-id: consumer-Consumer-topic-1b527ba2_2803_4c03_9905_e3d2ab9ed7e6-34-410c35ba-c263-4eee-bb71-c3e793ea1a03
2025-08-07 12:23:54,576 INFO  [org.apa.kaf.cli.con.int.ConsumerCoordinator] (Thread-871) [Consumer clientId=consumer-Consumer-topic-1b527ba2_2803_4c03_9905_e3d2ab9ed7e6-34, groupId=Consumer-topic-1b527ba2_2803_4c03_9905_e3d2ab9ed7e6] (Re-)joining group
2025-08-07 12:23:55,569 INFO  [io.api.tes.ser.api.KafkaSerdesTester] (Thread-871) None found
2025-08-07 12:23:56,570 INFO  [io.api.tes.ser.api.KafkaSerdesTester] (Thread-871) None found
2025-08-07 12:23:57,570 INFO  [io.api.tes.ser.api.KafkaSerdesTester] (Thread-871) None found
2025-08-07 12:23:57,577 INFO  [org.apa.kaf.cli.con.int.ConsumerCoordinator] (Thread-871) [Consumer clientId=consumer-Consumer-topic-1b527ba2_2803_4c03_9905_e3d2ab9ed7e6-34, groupId=Consumer-topic-1b527ba2_2803_4c03_9905_e3d2ab9ed7e6] Successfully joined group with generation Generation{generationId=1, memberId='consumer-Consumer-topic-1b527ba2_2803_4c03_9905_e3d2ab9ed7e6-34-410c35ba-c263-4eee-bb71-c3e793ea1a03', protocol='range'}
2025-08-07 12:23:57,578 INFO  [org.apa.kaf.cli.con.int.ConsumerCoordinator] (Thread-871) [Consumer clientId=consumer-Consumer-topic-1b527ba2_2803_4c03_9905_e3d2ab9ed7e6-34, groupId=Consumer-topic-1b527ba2_2803_4c03_9905_e3d2ab9ed7e6] Finished assignment for group at generation 1: {consumer-Consumer-topic-1b527ba2_2803_4c03_9905_e3d2ab9ed7e6-34-410c35ba-c263-4eee-bb71-c3e793ea1a03=Assignment(partitions=[topic-1b527ba2_2803_4c03_9905_e3d2ab9ed7e6-0])}
2025-08-07 12:23:57,584 INFO  [org.apa.kaf.cli.con.int.ConsumerCoordinator] (Thread-871) [Consumer clientId=consumer-Consumer-topic-1b527ba2_2803_4c03_9905_e3d2ab9ed7e6-34, groupId=Consumer-topic-1b527ba2_2803_4c03_9905_e3d2ab9ed7e6] Successfully synced group in generation Generation{generationId=1, memberId='consumer-Consumer-topic-1b527ba2_2803_4c03_9905_e3d2ab9ed7e6-34-410c35ba-c263-4eee-bb71-c3e793ea1a03', protocol='range'}
2025-08-07 12:23:57,584 INFO  [org.apa.kaf.cli.con.int.ConsumerCoordinator] (Thread-871) [Consumer clientId=consumer-Consumer-topic-1b527ba2_2803_4c03_9905_e3d2ab9ed7e6-34, groupId=Consumer-topic-1b527ba2_2803_4c03_9905_e3d2ab9ed7e6] Notifying assignor about the new Assignment(partitions=[topic-1b527ba2_2803_4c03_9905_e3d2ab9ed7e6-0])
2025-08-07 12:23:57,584 INFO  [org.apa.kaf.cli.con.int.ConsumerRebalanceListenerInvoker] (Thread-871) [Consumer clientId=consumer-Consumer-topic-1b527ba2_2803_4c03_9905_e3d2ab9ed7e6-34, groupId=Consumer-topic-1b527ba2_2803_4c03_9905_e3d2ab9ed7e6] Adding newly assigned partitions: topic-1b527ba2_2803_4c03_9905_e3d2ab9ed7e6-0
2025-08-07 12:23:57,585 INFO  [org.apa.kaf.cli.con.int.ConsumerCoordinator] (Thread-871) [Consumer clientId=consumer-Consumer-topic-1b527ba2_2803_4c03_9905_e3d2ab9ed7e6-34, groupId=Consumer-topic-1b527ba2_2803_4c03_9905_e3d2ab9ed7e6] Found no committed offset for partition topic-1b527ba2_2803_4c03_9905_e3d2ab9ed7e6-0
2025-08-07 12:23:57,587 INFO  [org.apa.kaf.cli.con.int.SubscriptionState] (Thread-871) [Consumer clientId=consumer-Consumer-topic-1b527ba2_2803_4c03_9905_e3d2ab9ed7e6-34, groupId=Consumer-topic-1b527ba2_2803_4c03_9905_e3d2ab9ed7e6] Resetting offset for partition topic-1b527ba2_2803_4c03_9905_e3d2ab9ed7e6-0 to position FetchPosition{offset=0, offsetEpoch=Optional.empty, currentLeader=LeaderAndEpoch{leader=Optional[localhost:32769 (id: 0 rack: null)], epoch=0}}.
2025-08-07 12:23:57,603 INFO  [io.api.tes.ser.api.KafkaSerdesTester] (Thread-871) topic-1b527ba2_2803_4c03_9905_e3d2ab9ed7e6 0 0 {"key1": "value-0"}
2025-08-07 12:23:57,603 INFO  [io.api.tes.ser.api.KafkaSerdesTester] (Thread-871) topic-1b527ba2_2803_4c03_9905_e3d2ab9ed7e6 0 1 {"key1": "value-1"}
2025-08-07 12:23:57,603 INFO  [io.api.tes.ser.api.KafkaSerdesTester] (Thread-871) topic-1b527ba2_2803_4c03_9905_e3d2ab9ed7e6 0 2 {"key1": "value-2"}
2025-08-07 12:23:57,603 INFO  [io.api.tes.ser.api.KafkaSerdesTester] (Thread-871) topic-1b527ba2_2803_4c03_9905_e3d2ab9ed7e6 0 3 {"key1": "value-3"}
2025-08-07 12:23:57,603 INFO  [io.api.tes.ser.api.KafkaSerdesTester] (Thread-871) topic-1b527ba2_2803_4c03_9905_e3d2ab9ed7e6 0 4 {"key1": "value-4"}
2025-08-07 12:23:57,603 INFO  [io.api.tes.ser.api.KafkaSerdesTester] (Thread-871) topic-1b527ba2_2803_4c03_9905_e3d2ab9ed7e6 0 5 {"key1": "value-5"}
2025-08-07 12:23:57,603 INFO  [io.api.tes.ser.api.KafkaSerdesTester] (Thread-871) topic-1b527ba2_2803_4c03_9905_e3d2ab9ed7e6 0 6 {"key1": "value-6"}
2025-08-07 12:23:57,603 INFO  [io.api.tes.ser.api.KafkaSerdesTester] (Thread-871) topic-1b527ba2_2803_4c03_9905_e3d2ab9ed7e6 0 7 {"key1": "value-7"}
2025-08-07 12:23:57,603 INFO  [io.api.tes.ser.api.KafkaSerdesTester] (Thread-871) topic-1b527ba2_2803_4c03_9905_e3d2ab9ed7e6 0 8 {"key1": "value-8"}
2025-08-07 12:23:57,603 INFO  [io.api.tes.ser.api.KafkaSerdesTester] (Thread-871) topic-1b527ba2_2803_4c03_9905_e3d2ab9ed7e6 0 9 {"key1": "value-9"}
2025-08-07 12:23:57,603 INFO  [io.api.tes.ser.api.KafkaSerdesTester] (Thread-871) Consumed 10 messages
2025-08-07 12:23:57,610 INFO  [org.apa.kaf.cli.con.int.ConsumerRebalanceListenerInvoker] (Thread-871) [Consumer clientId=consumer-Consumer-topic-1b527ba2_2803_4c03_9905_e3d2ab9ed7e6-34, groupId=Consumer-topic-1b527ba2_2803_4c03_9905_e3d2ab9ed7e6] Revoke previously assigned partitions topic-1b527ba2_2803_4c03_9905_e3d2ab9ed7e6-0
2025-08-07 12:23:57,610 INFO  [org.apa.kaf.cli.con.int.ConsumerCoordinator] (Thread-871) [Consumer clientId=consumer-Consumer-topic-1b527ba2_2803_4c03_9905_e3d2ab9ed7e6-34, groupId=Consumer-topic-1b527ba2_2803_4c03_9905_e3d2ab9ed7e6] Member consumer-Consumer-topic-1b527ba2_2803_4c03_9905_e3d2ab9ed7e6-34-410c35ba-c263-4eee-bb71-c3e793ea1a03 sending LeaveGroup request to coordinator localhost:32769 (id: 2147483647 rack: null) due to the consumer is being closed
2025-08-07 12:23:57,610 INFO  [org.apa.kaf.cli.con.int.ConsumerCoordinator] (Thread-871) [Consumer clientId=consumer-Consumer-topic-1b527ba2_2803_4c03_9905_e3d2ab9ed7e6-34, groupId=Consumer-topic-1b527ba2_2803_4c03_9905_e3d2ab9ed7e6] Resetting generation and member id due to: consumer pro-actively leaving the group
2025-08-07 12:23:57,610 INFO  [org.apa.kaf.cli.con.int.ConsumerCoordinator] (Thread-871) [Consumer clientId=consumer-Consumer-topic-1b527ba2_2803_4c03_9905_e3d2ab9ed7e6-34, groupId=Consumer-topic-1b527ba2_2803_4c03_9905_e3d2ab9ed7e6] Request joining group due to: consumer pro-actively leaving the group
2025-08-07 12:23:58,106 INFO  [org.apa.kaf.com.met.Metrics] (Thread-871) Metrics scheduler closed
2025-08-07 12:23:58,106 INFO  [org.apa.kaf.com.met.Metrics] (Thread-871) Closing reporter org.apache.kafka.common.metrics.JmxReporter
2025-08-07 12:23:58,106 INFO  [org.apa.kaf.com.met.Metrics] (Thread-871) Closing reporter org.apache.kafka.common.telemetry.internals.ClientTelemetryReporter
2025-08-07 12:23:58,106 INFO  [org.apa.kaf.com.met.Metrics] (Thread-871) Metrics reporters closed
2025-08-07 12:23:58,108 INFO  [org.apa.kaf.com.uti.AppInfoParser] (Thread-871) App info kafka.consumer for consumer-Consumer-topic-1b527ba2_2803_4c03_9905_e3d2ab9ed7e6-34 unregistered
**** Registry Base URL: http://registry-app-inmemory.apps.ci419.apicurio-testing.org:80
2025-08-07 12:23:59,137 INFO  [org.apa.kaf.cli.pro.ProducerConfig] (main) ProducerConfig values: 
	acks = -1
	auto.include.jmx.reporter = true
	batch.size = 16384
	bootstrap.servers = [PLAINTEXT://localhost:32769]
	buffer.memory = 33554432
	client.dns.lookup = use_all_dns_ips
	client.id = Producer-topic-1b527ba2_2803_4c03_9905_e3d2ab9ed7e6
	compression.gzip.level = -1
	compression.lz4.level = 9
	compression.type = none
	compression.zstd.level = 3
	connections.max.idle.ms = 10000
	delivery.timeout.ms = 120000
	enable.idempotence = true
	enable.metrics.push = true
	interceptor.classes = []
	key.serializer = class org.apache.kafka.common.serialization.StringSerializer
	linger.ms = 0
	max.block.ms = 60000
	max.in.flight.requests.per.connection = 5
	max.request.size = 1048576
	metadata.max.age.ms = 300000
	metadata.max.idle.ms = 300000
	metadata.recovery.strategy = none
	metric.reporters = []
	metrics.num.samples = 2
	metrics.recording.level = INFO
	metrics.sample.window.ms = 30000
	partitioner.adaptive.partitioning.enable = true
	partitioner.availability.timeout.ms = 0
	partitioner.class = null
	partitioner.ignore.keys = false
	receive.buffer.bytes = 32768
	reconnect.backoff.max.ms = 1000
	reconnect.backoff.ms = 50
	request.timeout.ms = 5000
	retries = 2147483647
	retry.backoff.max.ms = 1000
	retry.backoff.ms = 100
	sasl.client.callback.handler.class = null
	sasl.jaas.config = null
	sasl.kerberos.kinit.cmd = /usr/bin/kinit
	sasl.kerberos.min.time.before.relogin = 60000
	sasl.kerberos.service.name = null
	sasl.kerberos.ticket.renew.jitter = 0.05
	sasl.kerberos.ticket.renew.window.factor = 0.8
	sasl.login.callback.handler.class = null
	sasl.login.class = null
	sasl.login.connect.timeout.ms = null
	sasl.login.read.timeout.ms = null
	sasl.login.refresh.buffer.seconds = 300
	sasl.login.refresh.min.period.seconds = 60
	sasl.login.refresh.window.factor = 0.8
	sasl.login.refresh.window.jitter = 0.05
	sasl.login.retry.backoff.max.ms = 10000
	sasl.login.retry.backoff.ms = 100
	sasl.mechanism = GSSAPI
	sasl.oauthbearer.clock.skew.seconds = 30
	sasl.oauthbearer.expected.audience = null
	sasl.oauthbearer.expected.issuer = null
	sasl.oauthbearer.header.urlencode = false
	sasl.oauthbearer.jwks.endpoint.refresh.ms = 3600000
	sasl.oauthbearer.jwks.endpoint.retry.backoff.max.ms = 10000
	sasl.oauthbearer.jwks.endpoint.retry.backoff.ms = 100
	sasl.oauthbearer.jwks.endpoint.url = null
	sasl.oauthbearer.scope.claim.name = scope
	sasl.oauthbearer.sub.claim.name = sub
	sasl.oauthbearer.token.endpoint.url = null
	security.protocol = PLAINTEXT
	security.providers = null
	send.buffer.bytes = 131072
	socket.connection.setup.timeout.max.ms = 30000
	socket.connection.setup.timeout.ms = 10000
	ssl.cipher.suites = null
	ssl.enabled.protocols = [TLSv1.2, TLSv1.3]
	ssl.endpoint.identification.algorithm = https
	ssl.engine.factory.class = null
	ssl.key.password = null
	ssl.keymanager.algorithm = SunX509
	ssl.keystore.certificate.chain = null
	ssl.keystore.key = null
	ssl.keystore.location = null
	ssl.keystore.password = null
	ssl.keystore.type = JKS
	ssl.protocol = TLSv1.3
	ssl.provider = null
	ssl.secure.random.implementation = null
	ssl.trustmanager.algorithm = PKIX
	ssl.truststore.certificates = null
	ssl.truststore.location = null
	ssl.truststore.password = null
	ssl.truststore.type = JKS
	transaction.timeout.ms = 60000
	transactional.id = null
	value.serializer = class io.confluent.kafka.serializers.KafkaAvroSerializer

2025-08-07 12:23:59,137 INFO  [org.apa.kaf.com.tel.int.KafkaMetricsCollector] (main) initializing Kafka metrics collector
2025-08-07 12:23:59,138 INFO  [io.con.kaf.ser.KafkaAvroSerializerConfig] (main) KafkaAvroSerializerConfig values: 
	auto.register.schemas = false
	avro.reflection.allow.null = false
	avro.remove.java.properties = false
	avro.use.logical.type.converters = false
	basic.auth.credentials.source = URL
	basic.auth.user.info = [hidden]
	bearer.auth.cache.expiry.buffer.seconds = 300
	bearer.auth.client.id = null
	bearer.auth.client.secret = null
	bearer.auth.credentials.source = STATIC_TOKEN
	bearer.auth.custom.provider.class = null
	bearer.auth.identity.pool.id = null
	bearer.auth.issuer.endpoint.url = null
	bearer.auth.logical.cluster = null
	bearer.auth.scope = null
	bearer.auth.scope.claim.name = scope
	bearer.auth.sub.claim.name = sub
	bearer.auth.token = [hidden]
	context.name.strategy = class io.confluent.kafka.serializers.context.NullContextNameStrategy
	http.connect.timeout.ms = 60000
	http.read.timeout.ms = 60000
	id.compatibility.strict = true
	key.schema.id.deserializer = class io.confluent.kafka.serializers.schema.id.DualSchemaIdDeserializer
	key.schema.id.serializer = class io.confluent.kafka.serializers.schema.id.PrefixSchemaIdSerializer
	key.subject.name.strategy = class io.confluent.kafka.serializers.subject.TopicNameStrategy
	latest.cache.size = 1000
	latest.cache.ttl.sec = -1
	latest.compatibility.strict = true
	max.retries = 3
	max.schemas.per.subject = 1000
	normalize.schemas = false
	propagate.schema.tags = false
	proxy.host = 
	proxy.port = -1
	retries.max.wait.ms = 20000
	retries.wait.ms = 1000
	rule.actions = []
	rule.executors = []
	rule.service.loader.enable = true
	schema.format = null
	schema.reflection = false
	schema.registry.basic.auth.user.info = [hidden]
	schema.registry.ssl.cipher.suites = null
	schema.registry.ssl.enabled.protocols = [TLSv1.2, TLSv1.3]
	schema.registry.ssl.endpoint.identification.algorithm = https
	schema.registry.ssl.engine.factory.class = null
	schema.registry.ssl.key.password = null
	schema.registry.ssl.keymanager.algorithm = SunX509
	schema.registry.ssl.keystore.certificate.chain = null
	schema.registry.ssl.keystore.key = null
	schema.registry.ssl.keystore.location = null
	schema.registry.ssl.keystore.password = null
	schema.registry.ssl.keystore.type = JKS
	schema.registry.ssl.protocol = TLSv1.3
	schema.registry.ssl.provider = null
	schema.registry.ssl.secure.random.implementation = null
	schema.registry.ssl.trustmanager.algorithm = PKIX
	schema.registry.ssl.truststore.certificates = null
	schema.registry.ssl.truststore.location = null
	schema.registry.ssl.truststore.password = null
	schema.registry.ssl.truststore.type = JKS
	schema.registry.url = [http://registry-app-inmemory.apps.ci419.apicurio-testing.org:80/apis/ccompat/v7]
	schema.registry.url.randomize = false
	use.latest.version = false
	use.latest.with.metadata = null
	use.schema.id = -1
	value.schema.id.deserializer = class io.confluent.kafka.serializers.schema.id.DualSchemaIdDeserializer
	value.schema.id.serializer = class io.confluent.kafka.serializers.schema.id.PrefixSchemaIdSerializer
	value.subject.name.strategy = class io.confluent.kafka.serializers.subject.TopicRecordNameStrategy

2025-08-07 12:23:59,140 INFO  [org.apa.kaf.cli.pro.KafkaProducer] (main) [Producer clientId=Producer-topic-1b527ba2_2803_4c03_9905_e3d2ab9ed7e6] Instantiated an idempotent producer.
2025-08-07 12:23:59,141 INFO  [org.apa.kaf.cli.pro.ProducerConfig] (main) These configurations '[schema.registry.url, auto.register.schemas, value.subject.name.strategy]' were supplied but are not used yet.
2025-08-07 12:23:59,141 INFO  [org.apa.kaf.com.uti.AppInfoParser] (main) Kafka version: 3.9.1
2025-08-07 12:23:59,141 INFO  [org.apa.kaf.com.uti.AppInfoParser] (main) Kafka commitId: f745dfdcee2b9851
2025-08-07 12:23:59,141 INFO  [org.apa.kaf.com.uti.AppInfoParser] (main) Kafka startTimeMs: 1754569439141
2025-08-07 12:23:59,141 INFO  [io.api.tes.ser.api.KafkaSerdesTester] (Thread-872) Sending message {"key1": "value-0", "key2": "value-0"} to topic topic-1b527ba2_2803_4c03_9905_e3d2ab9ed7e6
2025-08-07 12:23:59,145 INFO  [org.apa.kaf.cli.Metadata] (kafka-producer-network-thread | Producer-topic-1b527ba2_2803_4c03_9905_e3d2ab9ed7e6) [Producer clientId=Producer-topic-1b527ba2_2803_4c03_9905_e3d2ab9ed7e6] Cluster ID: CeYNmdzmRCaaSk-AVslC4g
2025-08-07 12:23:59,146 INFO  [org.apa.kaf.cli.pro.int.TransactionManager] (kafka-producer-network-thread | Producer-topic-1b527ba2_2803_4c03_9905_e3d2ab9ed7e6) [Producer clientId=Producer-topic-1b527ba2_2803_4c03_9905_e3d2ab9ed7e6] ProducerId set to 45 with epoch 0
2025-08-07 12:23:59,157 INFO  [io.api.tes.ser.api.KafkaSerdesTester] (Thread-872) Sending message {"key1": "value-1", "key2": "value-1"} to topic topic-1b527ba2_2803_4c03_9905_e3d2ab9ed7e6
2025-08-07 12:23:59,158 INFO  [io.api.tes.ser.api.KafkaSerdesTester] (Thread-872) Sending message {"key1": "value-2", "key2": "value-2"} to topic topic-1b527ba2_2803_4c03_9905_e3d2ab9ed7e6
2025-08-07 12:23:59,159 INFO  [io.api.tes.ser.api.KafkaSerdesTester] (Thread-872) Sending message {"key1": "value-3", "key2": "value-3"} to topic topic-1b527ba2_2803_4c03_9905_e3d2ab9ed7e6
2025-08-07 12:23:59,160 INFO  [io.api.tes.ser.api.KafkaSerdesTester] (Thread-872) Sending message {"key1": "value-4", "key2": "value-4"} to topic topic-1b527ba2_2803_4c03_9905_e3d2ab9ed7e6
2025-08-07 12:23:59,161 INFO  [io.api.tes.ser.api.KafkaSerdesTester] (Thread-872) Sending message {"key1": "value-5", "key2": "value-5"} to topic topic-1b527ba2_2803_4c03_9905_e3d2ab9ed7e6
2025-08-07 12:23:59,162 INFO  [io.api.tes.ser.api.KafkaSerdesTester] (Thread-872) Sending message {"key1": "value-6", "key2": "value-6"} to topic topic-1b527ba2_2803_4c03_9905_e3d2ab9ed7e6
2025-08-07 12:23:59,163 INFO  [io.api.tes.ser.api.KafkaSerdesTester] (Thread-872) Sending message {"key1": "value-7", "key2": "value-7"} to topic topic-1b527ba2_2803_4c03_9905_e3d2ab9ed7e6
2025-08-07 12:23:59,164 INFO  [io.api.tes.ser.api.KafkaSerdesTester] (Thread-872) Sending message {"key1": "value-8", "key2": "value-8"} to topic topic-1b527ba2_2803_4c03_9905_e3d2ab9ed7e6
2025-08-07 12:23:59,165 INFO  [io.api.tes.ser.api.KafkaSerdesTester] (Thread-872) Sending message {"key1": "value-9", "key2": "value-9"} to topic topic-1b527ba2_2803_4c03_9905_e3d2ab9ed7e6
2025-08-07 12:23:59,166 INFO  [io.api.tes.ser.api.KafkaSerdesTester] (Thread-872) Produced 10 messages
2025-08-07 12:23:59,166 INFO  [org.apa.kaf.cli.pro.KafkaProducer] (Thread-872) [Producer clientId=Producer-topic-1b527ba2_2803_4c03_9905_e3d2ab9ed7e6] Closing the Kafka producer with timeoutMillis = 9223372036854775807 ms.
2025-08-07 12:23:59,168 INFO  [org.apa.kaf.com.met.Metrics] (Thread-872) Metrics scheduler closed
2025-08-07 12:23:59,168 INFO  [org.apa.kaf.com.met.Metrics] (Thread-872) Closing reporter org.apache.kafka.common.metrics.JmxReporter
2025-08-07 12:23:59,168 INFO  [org.apa.kaf.com.met.Metrics] (Thread-872) Closing reporter org.apache.kafka.common.telemetry.internals.ClientTelemetryReporter
2025-08-07 12:23:59,168 INFO  [org.apa.kaf.com.met.Metrics] (Thread-872) Metrics reporters closed
2025-08-07 12:23:59,168 INFO  [org.apa.kaf.com.uti.AppInfoParser] (Thread-872) App info kafka.producer for Producer-topic-1b527ba2_2803_4c03_9905_e3d2ab9ed7e6 unregistered
**** Registry Base URL: http://registry-app-inmemory.apps.ci419.apicurio-testing.org:80
2025-08-07 12:23:59,168 INFO  [org.apa.kaf.cli.pro.ProducerConfig] (main) ProducerConfig values: 
	acks = -1
	auto.include.jmx.reporter = true
	batch.size = 16384
	bootstrap.servers = [PLAINTEXT://localhost:32769]
	buffer.memory = 33554432
	client.dns.lookup = use_all_dns_ips
	client.id = Producer-topic-1b527ba2_2803_4c03_9905_e3d2ab9ed7e6
	compression.gzip.level = -1
	compression.lz4.level = 9
	compression.type = none
	compression.zstd.level = 3
	connections.max.idle.ms = 10000
	delivery.timeout.ms = 120000
	enable.idempotence = true
	enable.metrics.push = true
	interceptor.classes = []
	key.serializer = class org.apache.kafka.common.serialization.StringSerializer
	linger.ms = 0
	max.block.ms = 60000
	max.in.flight.requests.per.connection = 5
	max.request.size = 1048576
	metadata.max.age.ms = 300000
	metadata.max.idle.ms = 300000
	metadata.recovery.strategy = none
	metric.reporters = []
	metrics.num.samples = 2
	metrics.recording.level = INFO
	metrics.sample.window.ms = 30000
	partitioner.adaptive.partitioning.enable = true
	partitioner.availability.timeout.ms = 0
	partitioner.class = null
	partitioner.ignore.keys = false
	receive.buffer.bytes = 32768
	reconnect.backoff.max.ms = 1000
	reconnect.backoff.ms = 50
	request.timeout.ms = 5000
	retries = 2147483647
	retry.backoff.max.ms = 1000
	retry.backoff.ms = 100
	sasl.client.callback.handler.class = null
	sasl.jaas.config = null
	sasl.kerberos.kinit.cmd = /usr/bin/kinit
	sasl.kerberos.min.time.before.relogin = 60000
	sasl.kerberos.service.name = null
	sasl.kerberos.ticket.renew.jitter = 0.05
	sasl.kerberos.ticket.renew.window.factor = 0.8
	sasl.login.callback.handler.class = null
	sasl.login.class = null
	sasl.login.connect.timeout.ms = null
	sasl.login.read.timeout.ms = null
	sasl.login.refresh.buffer.seconds = 300
	sasl.login.refresh.min.period.seconds = 60
	sasl.login.refresh.window.factor = 0.8
	sasl.login.refresh.window.jitter = 0.05
	sasl.login.retry.backoff.max.ms = 10000
	sasl.login.retry.backoff.ms = 100
	sasl.mechanism = GSSAPI
	sasl.oauthbearer.clock.skew.seconds = 30
	sasl.oauthbearer.expected.audience = null
	sasl.oauthbearer.expected.issuer = null
	sasl.oauthbearer.header.urlencode = false
	sasl.oauthbearer.jwks.endpoint.refresh.ms = 3600000
	sasl.oauthbearer.jwks.endpoint.retry.backoff.max.ms = 10000
	sasl.oauthbearer.jwks.endpoint.retry.backoff.ms = 100
	sasl.oauthbearer.jwks.endpoint.url = null
	sasl.oauthbearer.scope.claim.name = scope
	sasl.oauthbearer.sub.claim.name = sub
	sasl.oauthbearer.token.endpoint.url = null
	security.protocol = PLAINTEXT
	security.providers = null
	send.buffer.bytes = 131072
	socket.connection.setup.timeout.max.ms = 30000
	socket.connection.setup.timeout.ms = 10000
	ssl.cipher.suites = null
	ssl.enabled.protocols = [TLSv1.2, TLSv1.3]
	ssl.endpoint.identification.algorithm = https
	ssl.engine.factory.class = null
	ssl.key.password = null
	ssl.keymanager.algorithm = SunX509
	ssl.keystore.certificate.chain = null
	ssl.keystore.key = null
	ssl.keystore.location = null
	ssl.keystore.password = null
	ssl.keystore.type = JKS
	ssl.protocol = TLSv1.3
	ssl.provider = null
	ssl.secure.random.implementation = null
	ssl.trustmanager.algorithm = PKIX
	ssl.truststore.certificates = null
	ssl.truststore.location = null
	ssl.truststore.password = null
	ssl.truststore.type = JKS
	transaction.timeout.ms = 60000
	transactional.id = null
	value.serializer = class io.confluent.kafka.serializers.KafkaAvroSerializer

2025-08-07 12:23:59,168 INFO  [org.apa.kaf.com.tel.int.KafkaMetricsCollector] (main) initializing Kafka metrics collector
2025-08-07 12:23:59,169 INFO  [io.con.kaf.ser.KafkaAvroSerializerConfig] (main) KafkaAvroSerializerConfig values: 
	auto.register.schemas = false
	avro.reflection.allow.null = false
	avro.remove.java.properties = false
	avro.use.logical.type.converters = false
	basic.auth.credentials.source = URL
	basic.auth.user.info = [hidden]
	bearer.auth.cache.expiry.buffer.seconds = 300
	bearer.auth.client.id = null
	bearer.auth.client.secret = null
	bearer.auth.credentials.source = STATIC_TOKEN
	bearer.auth.custom.provider.class = null
	bearer.auth.identity.pool.id = null
	bearer.auth.issuer.endpoint.url = null
	bearer.auth.logical.cluster = null
	bearer.auth.scope = null
	bearer.auth.scope.claim.name = scope
	bearer.auth.sub.claim.name = sub
	bearer.auth.token = [hidden]
	context.name.strategy = class io.confluent.kafka.serializers.context.NullContextNameStrategy
	http.connect.timeout.ms = 60000
	http.read.timeout.ms = 60000
	id.compatibility.strict = true
	key.schema.id.deserializer = class io.confluent.kafka.serializers.schema.id.DualSchemaIdDeserializer
	key.schema.id.serializer = class io.confluent.kafka.serializers.schema.id.PrefixSchemaIdSerializer
	key.subject.name.strategy = class io.confluent.kafka.serializers.subject.TopicNameStrategy
	latest.cache.size = 1000
	latest.cache.ttl.sec = -1
	latest.compatibility.strict = true
	max.retries = 3
	max.schemas.per.subject = 1000
	normalize.schemas = false
	propagate.schema.tags = false
	proxy.host = 
	proxy.port = -1
	retries.max.wait.ms = 20000
	retries.wait.ms = 1000
	rule.actions = []
	rule.executors = []
	rule.service.loader.enable = true
	schema.format = null
	schema.reflection = false
	schema.registry.basic.auth.user.info = [hidden]
	schema.registry.ssl.cipher.suites = null
	schema.registry.ssl.enabled.protocols = [TLSv1.2, TLSv1.3]
	schema.registry.ssl.endpoint.identification.algorithm = https
	schema.registry.ssl.engine.factory.class = null
	schema.registry.ssl.key.password = null
	schema.registry.ssl.keymanager.algorithm = SunX509
	schema.registry.ssl.keystore.certificate.chain = null
	schema.registry.ssl.keystore.key = null
	schema.registry.ssl.keystore.location = null
	schema.registry.ssl.keystore.password = null
	schema.registry.ssl.keystore.type = JKS
	schema.registry.ssl.protocol = TLSv1.3
	schema.registry.ssl.provider = null
	schema.registry.ssl.secure.random.implementation = null
	schema.registry.ssl.trustmanager.algorithm = PKIX
	schema.registry.ssl.truststore.certificates = null
	schema.registry.ssl.truststore.location = null
	schema.registry.ssl.truststore.password = null
	schema.registry.ssl.truststore.type = JKS
	schema.registry.url = [http://registry-app-inmemory.apps.ci419.apicurio-testing.org:80/apis/ccompat/v7]
	schema.registry.url.randomize = false
	use.latest.version = false
	use.latest.with.metadata = null
	use.schema.id = -1
	value.schema.id.deserializer = class io.confluent.kafka.serializers.schema.id.DualSchemaIdDeserializer
	value.schema.id.serializer = class io.confluent.kafka.serializers.schema.id.PrefixSchemaIdSerializer
	value.subject.name.strategy = class io.confluent.kafka.serializers.subject.TopicRecordNameStrategy

2025-08-07 12:23:59,171 INFO  [org.apa.kaf.cli.pro.KafkaProducer] (main) [Producer clientId=Producer-topic-1b527ba2_2803_4c03_9905_e3d2ab9ed7e6] Instantiated an idempotent producer.
2025-08-07 12:23:59,172 INFO  [org.apa.kaf.cli.pro.ProducerConfig] (main) These configurations '[schema.registry.url, auto.register.schemas, value.subject.name.strategy]' were supplied but are not used yet.
2025-08-07 12:23:59,172 INFO  [org.apa.kaf.com.uti.AppInfoParser] (main) Kafka version: 3.9.1
2025-08-07 12:23:59,172 INFO  [org.apa.kaf.com.uti.AppInfoParser] (main) Kafka commitId: f745dfdcee2b9851
2025-08-07 12:23:59,172 INFO  [org.apa.kaf.com.uti.AppInfoParser] (main) Kafka startTimeMs: 1754569439172
2025-08-07 12:23:59,174 INFO  [io.api.tes.ser.api.KafkaSerdesTester] (Thread-873) Sending message {"key1": "value-0"} to topic topic-1b527ba2_2803_4c03_9905_e3d2ab9ed7e6
2025-08-07 12:23:59,176 INFO  [org.apa.kaf.cli.Metadata] (kafka-producer-network-thread | Producer-topic-1b527ba2_2803_4c03_9905_e3d2ab9ed7e6) [Producer clientId=Producer-topic-1b527ba2_2803_4c03_9905_e3d2ab9ed7e6] Cluster ID: CeYNmdzmRCaaSk-AVslC4g
2025-08-07 12:23:59,178 INFO  [org.apa.kaf.cli.pro.int.TransactionManager] (kafka-producer-network-thread | Producer-topic-1b527ba2_2803_4c03_9905_e3d2ab9ed7e6) [Producer clientId=Producer-topic-1b527ba2_2803_4c03_9905_e3d2ab9ed7e6] ProducerId set to 46 with epoch 0
2025-08-07 12:23:59,194 INFO  [io.api.tes.ser.api.KafkaSerdesTester] (Thread-873) Sending message {"key1": "value-1"} to topic topic-1b527ba2_2803_4c03_9905_e3d2ab9ed7e6
2025-08-07 12:23:59,195 INFO  [io.api.tes.ser.api.KafkaSerdesTester] (Thread-873) Sending message {"key1": "value-2"} to topic topic-1b527ba2_2803_4c03_9905_e3d2ab9ed7e6
2025-08-07 12:23:59,196 INFO  [io.api.tes.ser.api.KafkaSerdesTester] (Thread-873) Sending message {"key1": "value-3"} to topic topic-1b527ba2_2803_4c03_9905_e3d2ab9ed7e6
2025-08-07 12:23:59,197 INFO  [io.api.tes.ser.api.KafkaSerdesTester] (Thread-873) Sending message {"key1": "value-4"} to topic topic-1b527ba2_2803_4c03_9905_e3d2ab9ed7e6
2025-08-07 12:23:59,198 INFO  [io.api.tes.ser.api.KafkaSerdesTester] (Thread-873) Sending message {"key1": "value-5"} to topic topic-1b527ba2_2803_4c03_9905_e3d2ab9ed7e6
2025-08-07 12:23:59,199 INFO  [io.api.tes.ser.api.KafkaSerdesTester] (Thread-873) Sending message {"key1": "value-6"} to topic topic-1b527ba2_2803_4c03_9905_e3d2ab9ed7e6
2025-08-07 12:23:59,200 INFO  [io.api.tes.ser.api.KafkaSerdesTester] (Thread-873) Sending message {"key1": "value-7"} to topic topic-1b527ba2_2803_4c03_9905_e3d2ab9ed7e6
2025-08-07 12:23:59,201 INFO  [io.api.tes.ser.api.KafkaSerdesTester] (Thread-873) Sending message {"key1": "value-8"} to topic topic-1b527ba2_2803_4c03_9905_e3d2ab9ed7e6
2025-08-07 12:23:59,202 INFO  [io.api.tes.ser.api.KafkaSerdesTester] (Thread-873) Sending message {"key1": "value-9"} to topic topic-1b527ba2_2803_4c03_9905_e3d2ab9ed7e6
2025-08-07 12:23:59,203 INFO  [io.api.tes.ser.api.KafkaSerdesTester] (Thread-873) Produced 10 messages
2025-08-07 12:23:59,203 INFO  [org.apa.kaf.cli.pro.KafkaProducer] (Thread-873) [Producer clientId=Producer-topic-1b527ba2_2803_4c03_9905_e3d2ab9ed7e6] Closing the Kafka producer with timeoutMillis = 9223372036854775807 ms.
2025-08-07 12:23:59,207 INFO  [org.apa.kaf.com.met.Metrics] (Thread-873) Metrics scheduler closed
2025-08-07 12:23:59,207 INFO  [org.apa.kaf.com.met.Metrics] (Thread-873) Closing reporter org.apache.kafka.common.metrics.JmxReporter
2025-08-07 12:23:59,207 INFO  [org.apa.kaf.com.met.Metrics] (Thread-873) Closing reporter org.apache.kafka.common.telemetry.internals.ClientTelemetryReporter
2025-08-07 12:23:59,207 INFO  [org.apa.kaf.com.met.Metrics] (Thread-873) Metrics reporters closed
2025-08-07 12:23:59,207 INFO  [org.apa.kaf.com.uti.AppInfoParser] (Thread-873) App info kafka.producer for Producer-topic-1b527ba2_2803_4c03_9905_e3d2ab9ed7e6 unregistered
**** Registry Base URL: http://registry-app-inmemory.apps.ci419.apicurio-testing.org:80
2025-08-07 12:23:59,207 INFO  [org.apa.kaf.cli.con.ConsumerConfig] (main) ConsumerConfig values: 
	allow.auto.create.topics = true
	auto.commit.interval.ms = 500
	auto.include.jmx.reporter = true
	auto.offset.reset = earliest
	bootstrap.servers = [PLAINTEXT://localhost:32769]
	check.crcs = true
	client.dns.lookup = use_all_dns_ips
	client.id = consumer-Consumer-topic-1b527ba2_2803_4c03_9905_e3d2ab9ed7e6-35
	client.rack = 
	connections.max.idle.ms = 10000
	default.api.timeout.ms = 60000
	enable.auto.commit = true
	enable.metrics.push = true
	exclude.internal.topics = true
	fetch.max.bytes = 52428800
	fetch.max.wait.ms = 500
	fetch.min.bytes = 1
	group.id = Consumer-topic-1b527ba2_2803_4c03_9905_e3d2ab9ed7e6
	group.instance.id = null
	group.protocol = classic
	group.remote.assignor = null
	heartbeat.interval.ms = 3000
	interceptor.classes = []
	internal.leave.group.on.close = true
	internal.throw.on.fetch.stable.offset.unsupported = false
	isolation.level = read_uncommitted
	key.deserializer = class org.apache.kafka.common.serialization.StringDeserializer
	max.partition.fetch.bytes = 1048576
	max.poll.interval.ms = 300000
	max.poll.records = 500
	metadata.max.age.ms = 300000
	metadata.recovery.strategy = none
	metric.reporters = []
	metrics.num.samples = 2
	metrics.recording.level = INFO
	metrics.sample.window.ms = 30000
	partition.assignment.strategy = [class org.apache.kafka.clients.consumer.RangeAssignor, class org.apache.kafka.clients.consumer.CooperativeStickyAssignor]
	receive.buffer.bytes = 65536
	reconnect.backoff.max.ms = 1000
	reconnect.backoff.ms = 50
	request.timeout.ms = 5000
	retry.backoff.max.ms = 1000
	retry.backoff.ms = 100
	sasl.client.callback.handler.class = null
	sasl.jaas.config = null
	sasl.kerberos.kinit.cmd = /usr/bin/kinit
	sasl.kerberos.min.time.before.relogin = 60000
	sasl.kerberos.service.name = null
	sasl.kerberos.ticket.renew.jitter = 0.05
	sasl.kerberos.ticket.renew.window.factor = 0.8
	sasl.login.callback.handler.class = null
	sasl.login.class = null
	sasl.login.connect.timeout.ms = null
	sasl.login.read.timeout.ms = null
	sasl.login.refresh.buffer.seconds = 300
	sasl.login.refresh.min.period.seconds = 60
	sasl.login.refresh.window.factor = 0.8
	sasl.login.refresh.window.jitter = 0.05
	sasl.login.retry.backoff.max.ms = 10000
	sasl.login.retry.backoff.ms = 100
	sasl.mechanism = GSSAPI
	sasl.oauthbearer.clock.skew.seconds = 30
	sasl.oauthbearer.expected.audience = null
	sasl.oauthbearer.expected.issuer = null
	sasl.oauthbearer.header.urlencode = false
	sasl.oauthbearer.jwks.endpoint.refresh.ms = 3600000
	sasl.oauthbearer.jwks.endpoint.retry.backoff.max.ms = 10000
	sasl.oauthbearer.jwks.endpoint.retry.backoff.ms = 100
	sasl.oauthbearer.jwks.endpoint.url = null
	sasl.oauthbearer.scope.claim.name = scope
	sasl.oauthbearer.sub.claim.name = sub
	sasl.oauthbearer.token.endpoint.url = null
	security.protocol = PLAINTEXT
	security.providers = null
	send.buffer.bytes = 131072
	session.timeout.ms = 45000
	socket.connection.setup.timeout.max.ms = 30000
	socket.connection.setup.timeout.ms = 10000
	ssl.cipher.suites = null
	ssl.enabled.protocols = [TLSv1.2, TLSv1.3]
	ssl.endpoint.identification.algorithm = https
	ssl.engine.factory.class = null
	ssl.key.password = null
	ssl.keymanager.algorithm = SunX509
	ssl.keystore.certificate.chain = null
	ssl.keystore.key = null
	ssl.keystore.location = null
	ssl.keystore.password = null
	ssl.keystore.type = JKS
	ssl.protocol = TLSv1.3
	ssl.provider = null
	ssl.secure.random.implementation = null
	ssl.trustmanager.algorithm = PKIX
	ssl.truststore.certificates = null
	ssl.truststore.location = null
	ssl.truststore.password = null
	ssl.truststore.type = JKS
	value.deserializer = class io.confluent.kafka.serializers.KafkaAvroDeserializer

2025-08-07 12:23:59,208 INFO  [org.apa.kaf.com.tel.int.KafkaMetricsCollector] (main) initializing Kafka metrics collector
2025-08-07 12:23:59,208 INFO  [io.con.kaf.ser.KafkaAvroDeserializerConfig] (main) KafkaAvroDeserializerConfig values: 
	auto.register.schemas = true
	avro.reflection.allow.null = false
	avro.use.logical.type.converters = false
	basic.auth.credentials.source = URL
	basic.auth.user.info = [hidden]
	bearer.auth.cache.expiry.buffer.seconds = 300
	bearer.auth.client.id = null
	bearer.auth.client.secret = null
	bearer.auth.credentials.source = STATIC_TOKEN
	bearer.auth.custom.provider.class = null
	bearer.auth.identity.pool.id = null
	bearer.auth.issuer.endpoint.url = null
	bearer.auth.logical.cluster = null
	bearer.auth.scope = null
	bearer.auth.scope.claim.name = scope
	bearer.auth.sub.claim.name = sub
	bearer.auth.token = [hidden]
	context.name.strategy = class io.confluent.kafka.serializers.context.NullContextNameStrategy
	http.connect.timeout.ms = 60000
	http.read.timeout.ms = 60000
	id.compatibility.strict = true
	key.schema.id.deserializer = class io.confluent.kafka.serializers.schema.id.DualSchemaIdDeserializer
	key.schema.id.serializer = class io.confluent.kafka.serializers.schema.id.PrefixSchemaIdSerializer
	key.subject.name.strategy = class io.confluent.kafka.serializers.subject.TopicNameStrategy
	latest.cache.size = 1000
	latest.cache.ttl.sec = -1
	latest.compatibility.strict = true
	max.retries = 3
	max.schemas.per.subject = 1000
	normalize.schemas = false
	propagate.schema.tags = false
	proxy.host = 
	proxy.port = -1
	retries.max.wait.ms = 20000
	retries.wait.ms = 1000
	rule.actions = []
	rule.executors = []
	rule.service.loader.enable = true
	schema.format = null
	schema.reflection = false
	schema.registry.basic.auth.user.info = [hidden]
	schema.registry.ssl.cipher.suites = null
	schema.registry.ssl.enabled.protocols = [TLSv1.2, TLSv1.3]
	schema.registry.ssl.endpoint.identification.algorithm = https
	schema.registry.ssl.engine.factory.class = null
	schema.registry.ssl.key.password = null
	schema.registry.ssl.keymanager.algorithm = SunX509
	schema.registry.ssl.keystore.certificate.chain = null
	schema.registry.ssl.keystore.key = null
	schema.registry.ssl.keystore.location = null
	schema.registry.ssl.keystore.password = null
	schema.registry.ssl.keystore.type = JKS
	schema.registry.ssl.protocol = TLSv1.3
	schema.registry.ssl.provider = null
	schema.registry.ssl.secure.random.implementation = null
	schema.registry.ssl.trustmanager.algorithm = PKIX
	schema.registry.ssl.truststore.certificates = null
	schema.registry.ssl.truststore.location = null
	schema.registry.ssl.truststore.password = null
	schema.registry.ssl.truststore.type = JKS
	schema.registry.url = [http://registry-app-inmemory.apps.ci419.apicurio-testing.org:80/apis/ccompat/v7]
	schema.registry.url.randomize = false
	specific.avro.key.type = null
	specific.avro.reader = false
	specific.avro.value.type = null
	use.latest.version = false
	use.latest.with.metadata = null
	use.schema.id = -1
	value.schema.id.deserializer = class io.confluent.kafka.serializers.schema.id.DualSchemaIdDeserializer
	value.schema.id.serializer = class io.confluent.kafka.serializers.schema.id.PrefixSchemaIdSerializer
	value.subject.name.strategy = class io.confluent.kafka.serializers.subject.TopicNameStrategy

2025-08-07 12:23:59,212 INFO  [org.apa.kaf.cli.con.ConsumerConfig] (main) These configurations '[schema.registry.url]' were supplied but are not used yet.
2025-08-07 12:23:59,212 INFO  [org.apa.kaf.com.uti.AppInfoParser] (main) Kafka version: 3.9.1
2025-08-07 12:23:59,212 INFO  [org.apa.kaf.com.uti.AppInfoParser] (main) Kafka commitId: f745dfdcee2b9851
2025-08-07 12:23:59,212 INFO  [org.apa.kaf.com.uti.AppInfoParser] (main) Kafka startTimeMs: 1754569439212
2025-08-07 12:23:59,213 INFO  [org.apa.kaf.cli.con.int.ClassicKafkaConsumer] (Thread-874) [Consumer clientId=consumer-Consumer-topic-1b527ba2_2803_4c03_9905_e3d2ab9ed7e6-35, groupId=Consumer-topic-1b527ba2_2803_4c03_9905_e3d2ab9ed7e6] Subscribed to topic(s): topic-1b527ba2_2803_4c03_9905_e3d2ab9ed7e6
2025-08-07 12:23:59,216 INFO  [org.apa.kaf.cli.Metadata] (Thread-874) [Consumer clientId=consumer-Consumer-topic-1b527ba2_2803_4c03_9905_e3d2ab9ed7e6-35, groupId=Consumer-topic-1b527ba2_2803_4c03_9905_e3d2ab9ed7e6] Cluster ID: CeYNmdzmRCaaSk-AVslC4g
2025-08-07 12:23:59,216 INFO  [org.apa.kaf.cli.con.int.ConsumerCoordinator] (Thread-874) [Consumer clientId=consumer-Consumer-topic-1b527ba2_2803_4c03_9905_e3d2ab9ed7e6-35, groupId=Consumer-topic-1b527ba2_2803_4c03_9905_e3d2ab9ed7e6] Discovered group coordinator localhost:32769 (id: 2147483647 rack: null)
2025-08-07 12:23:59,218 INFO  [org.apa.kaf.cli.con.int.ConsumerCoordinator] (Thread-874) [Consumer clientId=consumer-Consumer-topic-1b527ba2_2803_4c03_9905_e3d2ab9ed7e6-35, groupId=Consumer-topic-1b527ba2_2803_4c03_9905_e3d2ab9ed7e6] (Re-)joining group
2025-08-07 12:23:59,220 INFO  [org.apa.kaf.cli.con.int.ConsumerCoordinator] (Thread-874) [Consumer clientId=consumer-Consumer-topic-1b527ba2_2803_4c03_9905_e3d2ab9ed7e6-35, groupId=Consumer-topic-1b527ba2_2803_4c03_9905_e3d2ab9ed7e6] Request joining group due to: need to re-join with the given member-id: consumer-Consumer-topic-1b527ba2_2803_4c03_9905_e3d2ab9ed7e6-35-5dcaf52d-232a-4f8b-9555-8930acc11699
2025-08-07 12:23:59,220 INFO  [org.apa.kaf.cli.con.int.ConsumerCoordinator] (Thread-874) [Consumer clientId=consumer-Consumer-topic-1b527ba2_2803_4c03_9905_e3d2ab9ed7e6-35, groupId=Consumer-topic-1b527ba2_2803_4c03_9905_e3d2ab9ed7e6] (Re-)joining group
2025-08-07 12:24:00,213 INFO  [io.api.tes.ser.api.KafkaSerdesTester] (Thread-874) None found
2025-08-07 12:24:01,213 INFO  [io.api.tes.ser.api.KafkaSerdesTester] (Thread-874) None found
2025-08-07 12:24:02,213 INFO  [io.api.tes.ser.api.KafkaSerdesTester] (Thread-874) None found
2025-08-07 12:24:02,221 INFO  [org.apa.kaf.cli.con.int.ConsumerCoordinator] (Thread-874) [Consumer clientId=consumer-Consumer-topic-1b527ba2_2803_4c03_9905_e3d2ab9ed7e6-35, groupId=Consumer-topic-1b527ba2_2803_4c03_9905_e3d2ab9ed7e6] Successfully joined group with generation Generation{generationId=3, memberId='consumer-Consumer-topic-1b527ba2_2803_4c03_9905_e3d2ab9ed7e6-35-5dcaf52d-232a-4f8b-9555-8930acc11699', protocol='range'}
2025-08-07 12:24:02,221 INFO  [org.apa.kaf.cli.con.int.ConsumerCoordinator] (Thread-874) [Consumer clientId=consumer-Consumer-topic-1b527ba2_2803_4c03_9905_e3d2ab9ed7e6-35, groupId=Consumer-topic-1b527ba2_2803_4c03_9905_e3d2ab9ed7e6] Finished assignment for group at generation 3: {consumer-Consumer-topic-1b527ba2_2803_4c03_9905_e3d2ab9ed7e6-35-5dcaf52d-232a-4f8b-9555-8930acc11699=Assignment(partitions=[topic-1b527ba2_2803_4c03_9905_e3d2ab9ed7e6-0])}
2025-08-07 12:24:02,227 INFO  [org.apa.kaf.cli.con.int.ConsumerCoordinator] (Thread-874) [Consumer clientId=consumer-Consumer-topic-1b527ba2_2803_4c03_9905_e3d2ab9ed7e6-35, groupId=Consumer-topic-1b527ba2_2803_4c03_9905_e3d2ab9ed7e6] Successfully synced group in generation Generation{generationId=3, memberId='consumer-Consumer-topic-1b527ba2_2803_4c03_9905_e3d2ab9ed7e6-35-5dcaf52d-232a-4f8b-9555-8930acc11699', protocol='range'}
2025-08-07 12:24:02,228 INFO  [org.apa.kaf.cli.con.int.ConsumerCoordinator] (Thread-874) [Consumer clientId=consumer-Consumer-topic-1b527ba2_2803_4c03_9905_e3d2ab9ed7e6-35, groupId=Consumer-topic-1b527ba2_2803_4c03_9905_e3d2ab9ed7e6] Notifying assignor about the new Assignment(partitions=[topic-1b527ba2_2803_4c03_9905_e3d2ab9ed7e6-0])
2025-08-07 12:24:02,228 INFO  [org.apa.kaf.cli.con.int.ConsumerRebalanceListenerInvoker] (Thread-874) [Consumer clientId=consumer-Consumer-topic-1b527ba2_2803_4c03_9905_e3d2ab9ed7e6-35, groupId=Consumer-topic-1b527ba2_2803_4c03_9905_e3d2ab9ed7e6] Adding newly assigned partitions: topic-1b527ba2_2803_4c03_9905_e3d2ab9ed7e6-0
2025-08-07 12:24:02,228 INFO  [org.apa.kaf.cli.con.int.ConsumerUtils] (Thread-874) Setting offset for partition topic-1b527ba2_2803_4c03_9905_e3d2ab9ed7e6-0 to the committed offset FetchPosition{offset=10, offsetEpoch=Optional[0], currentLeader=LeaderAndEpoch{leader=Optional[localhost:32769 (id: 0 rack: null)], epoch=0}}
2025-08-07 12:24:02,259 INFO  [io.api.tes.ser.api.KafkaSerdesTester] (Thread-874) topic-1b527ba2_2803_4c03_9905_e3d2ab9ed7e6 0 10 {"key1": "value-0", "key2": "value-0"}
2025-08-07 12:24:02,260 INFO  [io.api.tes.ser.api.KafkaSerdesTester] (Thread-874) topic-1b527ba2_2803_4c03_9905_e3d2ab9ed7e6 0 11 {"key1": "value-1", "key2": "value-1"}
2025-08-07 12:24:02,260 INFO  [io.api.tes.ser.api.KafkaSerdesTester] (Thread-874) topic-1b527ba2_2803_4c03_9905_e3d2ab9ed7e6 0 12 {"key1": "value-2", "key2": "value-2"}
2025-08-07 12:24:02,260 INFO  [io.api.tes.ser.api.KafkaSerdesTester] (Thread-874) topic-1b527ba2_2803_4c03_9905_e3d2ab9ed7e6 0 13 {"key1": "value-3", "key2": "value-3"}
2025-08-07 12:24:02,260 INFO  [io.api.tes.ser.api.KafkaSerdesTester] (Thread-874) topic-1b527ba2_2803_4c03_9905_e3d2ab9ed7e6 0 14 {"key1": "value-4", "key2": "value-4"}
2025-08-07 12:24:02,260 INFO  [io.api.tes.ser.api.KafkaSerdesTester] (Thread-874) topic-1b527ba2_2803_4c03_9905_e3d2ab9ed7e6 0 15 {"key1": "value-5", "key2": "value-5"}
2025-08-07 12:24:02,260 INFO  [io.api.tes.ser.api.KafkaSerdesTester] (Thread-874) topic-1b527ba2_2803_4c03_9905_e3d2ab9ed7e6 0 16 {"key1": "value-6", "key2": "value-6"}
2025-08-07 12:24:02,260 INFO  [io.api.tes.ser.api.KafkaSerdesTester] (Thread-874) topic-1b527ba2_2803_4c03_9905_e3d2ab9ed7e6 0 17 {"key1": "value-7", "key2": "value-7"}
2025-08-07 12:24:02,260 INFO  [io.api.tes.ser.api.KafkaSerdesTester] (Thread-874) topic-1b527ba2_2803_4c03_9905_e3d2ab9ed7e6 0 18 {"key1": "value-8", "key2": "value-8"}
2025-08-07 12:24:02,260 INFO  [io.api.tes.ser.api.KafkaSerdesTester] (Thread-874) topic-1b527ba2_2803_4c03_9905_e3d2ab9ed7e6 0 19 {"key1": "value-9", "key2": "value-9"}
2025-08-07 12:24:02,260 INFO  [io.api.tes.ser.api.KafkaSerdesTester] (Thread-874) topic-1b527ba2_2803_4c03_9905_e3d2ab9ed7e6 0 20 {"key1": "value-0"}
2025-08-07 12:24:02,260 INFO  [io.api.tes.ser.api.KafkaSerdesTester] (Thread-874) topic-1b527ba2_2803_4c03_9905_e3d2ab9ed7e6 0 21 {"key1": "value-1"}
2025-08-07 12:24:02,260 INFO  [io.api.tes.ser.api.KafkaSerdesTester] (Thread-874) topic-1b527ba2_2803_4c03_9905_e3d2ab9ed7e6 0 22 {"key1": "value-2"}
2025-08-07 12:24:02,260 INFO  [io.api.tes.ser.api.KafkaSerdesTester] (Thread-874) topic-1b527ba2_2803_4c03_9905_e3d2ab9ed7e6 0 23 {"key1": "value-3"}
2025-08-07 12:24:02,260 INFO  [io.api.tes.ser.api.KafkaSerdesTester] (Thread-874) topic-1b527ba2_2803_4c03_9905_e3d2ab9ed7e6 0 24 {"key1": "value-4"}
2025-08-07 12:24:02,260 INFO  [io.api.tes.ser.api.KafkaSerdesTester] (Thread-874) topic-1b527ba2_2803_4c03_9905_e3d2ab9ed7e6 0 25 {"key1": "value-5"}
2025-08-07 12:24:02,260 INFO  [io.api.tes.ser.api.KafkaSerdesTester] (Thread-874) topic-1b527ba2_2803_4c03_9905_e3d2ab9ed7e6 0 26 {"key1": "value-6"}
2025-08-07 12:24:02,260 INFO  [io.api.tes.ser.api.KafkaSerdesTester] (Thread-874) topic-1b527ba2_2803_4c03_9905_e3d2ab9ed7e6 0 27 {"key1": "value-7"}
2025-08-07 12:24:02,260 INFO  [io.api.tes.ser.api.KafkaSerdesTester] (Thread-874) topic-1b527ba2_2803_4c03_9905_e3d2ab9ed7e6 0 28 {"key1": "value-8"}
2025-08-07 12:24:02,260 INFO  [io.api.tes.ser.api.KafkaSerdesTester] (Thread-874) topic-1b527ba2_2803_4c03_9905_e3d2ab9ed7e6 0 29 {"key1": "value-9"}
2025-08-07 12:24:02,260 INFO  [io.api.tes.ser.api.KafkaSerdesTester] (Thread-874) Consumed 20 messages
2025-08-07 12:24:02,266 INFO  [org.apa.kaf.cli.con.int.ConsumerRebalanceListenerInvoker] (Thread-874) [Consumer clientId=consumer-Consumer-topic-1b527ba2_2803_4c03_9905_e3d2ab9ed7e6-35, groupId=Consumer-topic-1b527ba2_2803_4c03_9905_e3d2ab9ed7e6] Revoke previously assigned partitions topic-1b527ba2_2803_4c03_9905_e3d2ab9ed7e6-0
2025-08-07 12:24:02,267 INFO  [org.apa.kaf.cli.con.int.ConsumerCoordinator] (Thread-874) [Consumer clientId=consumer-Consumer-topic-1b527ba2_2803_4c03_9905_e3d2ab9ed7e6-35, groupId=Consumer-topic-1b527ba2_2803_4c03_9905_e3d2ab9ed7e6] Member consumer-Consumer-topic-1b527ba2_2803_4c03_9905_e3d2ab9ed7e6-35-5dcaf52d-232a-4f8b-9555-8930acc11699 sending LeaveGroup request to coordinator localhost:32769 (id: 2147483647 rack: null) due to the consumer is being closed
2025-08-07 12:24:02,267 INFO  [org.apa.kaf.cli.con.int.ConsumerCoordinator] (Thread-874) [Consumer clientId=consumer-Consumer-topic-1b527ba2_2803_4c03_9905_e3d2ab9ed7e6-35, groupId=Consumer-topic-1b527ba2_2803_4c03_9905_e3d2ab9ed7e6] Resetting generation and member id due to: consumer pro-actively leaving the group
2025-08-07 12:24:02,267 INFO  [org.apa.kaf.cli.con.int.ConsumerCoordinator] (Thread-874) [Consumer clientId=consumer-Consumer-topic-1b527ba2_2803_4c03_9905_e3d2ab9ed7e6-35, groupId=Consumer-topic-1b527ba2_2803_4c03_9905_e3d2ab9ed7e6] Request joining group due to: consumer pro-actively leaving the group
2025-08-07 12:24:02,762 INFO  [org.apa.kaf.com.met.Metrics] (Thread-874) Metrics scheduler closed
2025-08-07 12:24:02,762 INFO  [org.apa.kaf.com.met.Metrics] (Thread-874) Closing reporter org.apache.kafka.common.metrics.JmxReporter
2025-08-07 12:24:02,762 INFO  [org.apa.kaf.com.met.Metrics] (Thread-874) Closing reporter org.apache.kafka.common.telemetry.internals.ClientTelemetryReporter
2025-08-07 12:24:02,762 INFO  [org.apa.kaf.com.met.Metrics] (Thread-874) Metrics reporters closed
2025-08-07 12:24:02,763 INFO  [org.apa.kaf.com.uti.AppInfoParser] (Thread-874) App info kafka.consumer for consumer-Consumer-topic-1b527ba2_2803_4c03_9905_e3d2ab9ed7e6-35 unregistered
**** Registry Base URL: http://registry-app-inmemory.apps.ci419.apicurio-testing.org:80
2025-08-07 12:24:03,789 INFO  [org.apa.kaf.cli.pro.ProducerConfig] (main) ProducerConfig values: 
	acks = -1
	auto.include.jmx.reporter = true
	batch.size = 16384
	bootstrap.servers = [PLAINTEXT://localhost:32769]
	buffer.memory = 33554432
	client.dns.lookup = use_all_dns_ips
	client.id = Producer-topic-1b527ba2_2803_4c03_9905_e3d2ab9ed7e6
	compression.gzip.level = -1
	compression.lz4.level = 9
	compression.type = none
	compression.zstd.level = 3
	connections.max.idle.ms = 10000
	delivery.timeout.ms = 120000
	enable.idempotence = true
	enable.metrics.push = true
	interceptor.classes = []
	key.serializer = class org.apache.kafka.common.serialization.StringSerializer
	linger.ms = 0
	max.block.ms = 60000
	max.in.flight.requests.per.connection = 5
	max.request.size = 1048576
	metadata.max.age.ms = 300000
	metadata.max.idle.ms = 300000
	metadata.recovery.strategy = none
	metric.reporters = []
	metrics.num.samples = 2
	metrics.recording.level = INFO
	metrics.sample.window.ms = 30000
	partitioner.adaptive.partitioning.enable = true
	partitioner.availability.timeout.ms = 0
	partitioner.class = null
	partitioner.ignore.keys = false
	receive.buffer.bytes = 32768
	reconnect.backoff.max.ms = 1000
	reconnect.backoff.ms = 50
	request.timeout.ms = 5000
	retries = 2147483647
	retry.backoff.max.ms = 1000
	retry.backoff.ms = 100
	sasl.client.callback.handler.class = null
	sasl.jaas.config = null
	sasl.kerberos.kinit.cmd = /usr/bin/kinit
	sasl.kerberos.min.time.before.relogin = 60000
	sasl.kerberos.service.name = null
	sasl.kerberos.ticket.renew.jitter = 0.05
	sasl.kerberos.ticket.renew.window.factor = 0.8
	sasl.login.callback.handler.class = null
	sasl.login.class = null
	sasl.login.connect.timeout.ms = null
	sasl.login.read.timeout.ms = null
	sasl.login.refresh.buffer.seconds = 300
	sasl.login.refresh.min.period.seconds = 60
	sasl.login.refresh.window.factor = 0.8
	sasl.login.refresh.window.jitter = 0.05
	sasl.login.retry.backoff.max.ms = 10000
	sasl.login.retry.backoff.ms = 100
	sasl.mechanism = GSSAPI
	sasl.oauthbearer.clock.skew.seconds = 30
	sasl.oauthbearer.expected.audience = null
	sasl.oauthbearer.expected.issuer = null
	sasl.oauthbearer.header.urlencode = false
	sasl.oauthbearer.jwks.endpoint.refresh.ms = 3600000
	sasl.oauthbearer.jwks.endpoint.retry.backoff.max.ms = 10000
	sasl.oauthbearer.jwks.endpoint.retry.backoff.ms = 100
	sasl.oauthbearer.jwks.endpoint.url = null
	sasl.oauthbearer.scope.claim.name = scope
	sasl.oauthbearer.sub.claim.name = sub
	sasl.oauthbearer.token.endpoint.url = null
	security.protocol = PLAINTEXT
	security.providers = null
	send.buffer.bytes = 131072
	socket.connection.setup.timeout.max.ms = 30000
	socket.connection.setup.timeout.ms = 10000
	ssl.cipher.suites = null
	ssl.enabled.protocols = [TLSv1.2, TLSv1.3]
	ssl.endpoint.identification.algorithm = https
	ssl.engine.factory.class = null
	ssl.key.password = null
	ssl.keymanager.algorithm = SunX509
	ssl.keystore.certificate.chain = null
	ssl.keystore.key = null
	ssl.keystore.location = null
	ssl.keystore.password = null
	ssl.keystore.type = JKS
	ssl.protocol = TLSv1.3
	ssl.provider = null
	ssl.secure.random.implementation = null
	ssl.trustmanager.algorithm = PKIX
	ssl.truststore.certificates = null
	ssl.truststore.location = null
	ssl.truststore.password = null
	ssl.truststore.type = JKS
	transaction.timeout.ms = 60000
	transactional.id = null
	value.serializer = class io.confluent.kafka.serializers.KafkaAvroSerializer

2025-08-07 12:24:03,790 INFO  [org.apa.kaf.com.tel.int.KafkaMetricsCollector] (main) initializing Kafka metrics collector
2025-08-07 12:24:03,790 INFO  [io.con.kaf.ser.KafkaAvroSerializerConfig] (main) KafkaAvroSerializerConfig values: 
	auto.register.schemas = false
	avro.reflection.allow.null = false
	avro.remove.java.properties = false
	avro.use.logical.type.converters = false
	basic.auth.credentials.source = URL
	basic.auth.user.info = [hidden]
	bearer.auth.cache.expiry.buffer.seconds = 300
	bearer.auth.client.id = null
	bearer.auth.client.secret = null
	bearer.auth.credentials.source = STATIC_TOKEN
	bearer.auth.custom.provider.class = null
	bearer.auth.identity.pool.id = null
	bearer.auth.issuer.endpoint.url = null
	bearer.auth.logical.cluster = null
	bearer.auth.scope = null
	bearer.auth.scope.claim.name = scope
	bearer.auth.sub.claim.name = sub
	bearer.auth.token = [hidden]
	context.name.strategy = class io.confluent.kafka.serializers.context.NullContextNameStrategy
	http.connect.timeout.ms = 60000
	http.read.timeout.ms = 60000
	id.compatibility.strict = true
	key.schema.id.deserializer = class io.confluent.kafka.serializers.schema.id.DualSchemaIdDeserializer
	key.schema.id.serializer = class io.confluent.kafka.serializers.schema.id.PrefixSchemaIdSerializer
	key.subject.name.strategy = class io.confluent.kafka.serializers.subject.TopicNameStrategy
	latest.cache.size = 1000
	latest.cache.ttl.sec = -1
	latest.compatibility.strict = true
	max.retries = 3
	max.schemas.per.subject = 1000
	normalize.schemas = false
	propagate.schema.tags = false
	proxy.host = 
	proxy.port = -1
	retries.max.wait.ms = 20000
	retries.wait.ms = 1000
	rule.actions = []
	rule.executors = []
	rule.service.loader.enable = true
	schema.format = null
	schema.reflection = false
	schema.registry.basic.auth.user.info = [hidden]
	schema.registry.ssl.cipher.suites = null
	schema.registry.ssl.enabled.protocols = [TLSv1.2, TLSv1.3]
	schema.registry.ssl.endpoint.identification.algorithm = https
	schema.registry.ssl.engine.factory.class = null
	schema.registry.ssl.key.password = null
	schema.registry.ssl.keymanager.algorithm = SunX509
	schema.registry.ssl.keystore.certificate.chain = null
	schema.registry.ssl.keystore.key = null
	schema.registry.ssl.keystore.location = null
	schema.registry.ssl.keystore.password = null
	schema.registry.ssl.keystore.type = JKS
	schema.registry.ssl.protocol = TLSv1.3
	schema.registry.ssl.provider = null
	schema.registry.ssl.secure.random.implementation = null
	schema.registry.ssl.trustmanager.algorithm = PKIX
	schema.registry.ssl.truststore.certificates = null
	schema.registry.ssl.truststore.location = null
	schema.registry.ssl.truststore.password = null
	schema.registry.ssl.truststore.type = JKS
	schema.registry.url = [http://registry-app-inmemory.apps.ci419.apicurio-testing.org:80/apis/ccompat/v7]
	schema.registry.url.randomize = false
	use.latest.version = false
	use.latest.with.metadata = null
	use.schema.id = -1
	value.schema.id.deserializer = class io.confluent.kafka.serializers.schema.id.DualSchemaIdDeserializer
	value.schema.id.serializer = class io.confluent.kafka.serializers.schema.id.PrefixSchemaIdSerializer
	value.subject.name.strategy = class io.confluent.kafka.serializers.subject.TopicRecordNameStrategy

2025-08-07 12:24:03,792 INFO  [org.apa.kaf.cli.pro.KafkaProducer] (main) [Producer clientId=Producer-topic-1b527ba2_2803_4c03_9905_e3d2ab9ed7e6] Instantiated an idempotent producer.
2025-08-07 12:24:03,793 INFO  [org.apa.kaf.cli.pro.ProducerConfig] (main) These configurations '[schema.registry.url, auto.register.schemas, value.subject.name.strategy]' were supplied but are not used yet.
2025-08-07 12:24:03,793 INFO  [org.apa.kaf.com.uti.AppInfoParser] (main) Kafka version: 3.9.1
2025-08-07 12:24:03,793 INFO  [org.apa.kaf.com.uti.AppInfoParser] (main) Kafka commitId: f745dfdcee2b9851
2025-08-07 12:24:03,793 INFO  [org.apa.kaf.com.uti.AppInfoParser] (main) Kafka startTimeMs: 1754569443793
2025-08-07 12:24:03,794 INFO  [io.api.tes.ser.api.KafkaSerdesTester] (Thread-875) Sending message {"key1": "value-0", "key2": "value-0", "key3": "value-0"} to topic topic-1b527ba2_2803_4c03_9905_e3d2ab9ed7e6
2025-08-07 12:24:03,795 INFO  [org.apa.kaf.cli.Metadata] (kafka-producer-network-thread | Producer-topic-1b527ba2_2803_4c03_9905_e3d2ab9ed7e6) [Producer clientId=Producer-topic-1b527ba2_2803_4c03_9905_e3d2ab9ed7e6] Cluster ID: CeYNmdzmRCaaSk-AVslC4g
2025-08-07 12:24:03,796 INFO  [org.apa.kaf.cli.pro.int.TransactionManager] (kafka-producer-network-thread | Producer-topic-1b527ba2_2803_4c03_9905_e3d2ab9ed7e6) [Producer clientId=Producer-topic-1b527ba2_2803_4c03_9905_e3d2ab9ed7e6] ProducerId set to 47 with epoch 0
2025-08-07 12:24:03,811 INFO  [io.api.tes.ser.api.KafkaSerdesTester] (Thread-875) Sending message {"key1": "value-1", "key2": "value-1", "key3": "value-1"} to topic topic-1b527ba2_2803_4c03_9905_e3d2ab9ed7e6
2025-08-07 12:24:03,813 INFO  [io.api.tes.ser.api.KafkaSerdesTester] (Thread-875) Sending message {"key1": "value-2", "key2": "value-2", "key3": "value-2"} to topic topic-1b527ba2_2803_4c03_9905_e3d2ab9ed7e6
2025-08-07 12:24:03,814 INFO  [io.api.tes.ser.api.KafkaSerdesTester] (Thread-875) Sending message {"key1": "value-3", "key2": "value-3", "key3": "value-3"} to topic topic-1b527ba2_2803_4c03_9905_e3d2ab9ed7e6
2025-08-07 12:24:03,815 INFO  [io.api.tes.ser.api.KafkaSerdesTester] (Thread-875) Sending message {"key1": "value-4", "key2": "value-4", "key3": "value-4"} to topic topic-1b527ba2_2803_4c03_9905_e3d2ab9ed7e6
2025-08-07 12:24:03,816 INFO  [io.api.tes.ser.api.KafkaSerdesTester] (Thread-875) Sending message {"key1": "value-5", "key2": "value-5", "key3": "value-5"} to topic topic-1b527ba2_2803_4c03_9905_e3d2ab9ed7e6
2025-08-07 12:24:03,817 INFO  [io.api.tes.ser.api.KafkaSerdesTester] (Thread-875) Sending message {"key1": "value-6", "key2": "value-6", "key3": "value-6"} to topic topic-1b527ba2_2803_4c03_9905_e3d2ab9ed7e6
2025-08-07 12:24:03,818 INFO  [io.api.tes.ser.api.KafkaSerdesTester] (Thread-875) Sending message {"key1": "value-7", "key2": "value-7", "key3": "value-7"} to topic topic-1b527ba2_2803_4c03_9905_e3d2ab9ed7e6
2025-08-07 12:24:03,822 INFO  [io.api.tes.ser.api.KafkaSerdesTester] (Thread-875) Sending message {"key1": "value-8", "key2": "value-8", "key3": "value-8"} to topic topic-1b527ba2_2803_4c03_9905_e3d2ab9ed7e6
2025-08-07 12:24:03,825 INFO  [io.api.tes.ser.api.KafkaSerdesTester] (Thread-875) Sending message {"key1": "value-9", "key2": "value-9", "key3": "value-9"} to topic topic-1b527ba2_2803_4c03_9905_e3d2ab9ed7e6
2025-08-07 12:24:03,828 INFO  [io.api.tes.ser.api.KafkaSerdesTester] (Thread-875) Produced 10 messages
2025-08-07 12:24:03,828 INFO  [org.apa.kaf.cli.pro.KafkaProducer] (Thread-875) [Producer clientId=Producer-topic-1b527ba2_2803_4c03_9905_e3d2ab9ed7e6] Closing the Kafka producer with timeoutMillis = 9223372036854775807 ms.
2025-08-07 12:24:03,830 INFO  [org.apa.kaf.com.met.Metrics] (Thread-875) Metrics scheduler closed
2025-08-07 12:24:03,831 INFO  [org.apa.kaf.com.met.Metrics] (Thread-875) Closing reporter org.apache.kafka.common.metrics.JmxReporter
2025-08-07 12:24:03,831 INFO  [org.apa.kaf.com.met.Metrics] (Thread-875) Closing reporter org.apache.kafka.common.telemetry.internals.ClientTelemetryReporter
2025-08-07 12:24:03,831 INFO  [org.apa.kaf.com.met.Metrics] (Thread-875) Metrics reporters closed
2025-08-07 12:24:03,831 INFO  [org.apa.kaf.com.uti.AppInfoParser] (Thread-875) App info kafka.producer for Producer-topic-1b527ba2_2803_4c03_9905_e3d2ab9ed7e6 unregistered
**** Registry Base URL: http://registry-app-inmemory.apps.ci419.apicurio-testing.org:80
2025-08-07 12:24:03,831 INFO  [org.apa.kaf.cli.pro.ProducerConfig] (main) ProducerConfig values: 
	acks = -1
	auto.include.jmx.reporter = true
	batch.size = 16384
	bootstrap.servers = [PLAINTEXT://localhost:32769]
	buffer.memory = 33554432
	client.dns.lookup = use_all_dns_ips
	client.id = Producer-topic-1b527ba2_2803_4c03_9905_e3d2ab9ed7e6
	compression.gzip.level = -1
	compression.lz4.level = 9
	compression.type = none
	compression.zstd.level = 3
	connections.max.idle.ms = 10000
	delivery.timeout.ms = 120000
	enable.idempotence = true
	enable.metrics.push = true
	interceptor.classes = []
	key.serializer = class org.apache.kafka.common.serialization.StringSerializer
	linger.ms = 0
	max.block.ms = 60000
	max.in.flight.requests.per.connection = 5
	max.request.size = 1048576
	metadata.max.age.ms = 300000
	metadata.max.idle.ms = 300000
	metadata.recovery.strategy = none
	metric.reporters = []
	metrics.num.samples = 2
	metrics.recording.level = INFO
	metrics.sample.window.ms = 30000
	partitioner.adaptive.partitioning.enable = true
	partitioner.availability.timeout.ms = 0
	partitioner.class = null
	partitioner.ignore.keys = false
	receive.buffer.bytes = 32768
	reconnect.backoff.max.ms = 1000
	reconnect.backoff.ms = 50
	request.timeout.ms = 5000
	retries = 2147483647
	retry.backoff.max.ms = 1000
	retry.backoff.ms = 100
	sasl.client.callback.handler.class = null
	sasl.jaas.config = null
	sasl.kerberos.kinit.cmd = /usr/bin/kinit
	sasl.kerberos.min.time.before.relogin = 60000
	sasl.kerberos.service.name = null
	sasl.kerberos.ticket.renew.jitter = 0.05
	sasl.kerberos.ticket.renew.window.factor = 0.8
	sasl.login.callback.handler.class = null
	sasl.login.class = null
	sasl.login.connect.timeout.ms = null
	sasl.login.read.timeout.ms = null
	sasl.login.refresh.buffer.seconds = 300
	sasl.login.refresh.min.period.seconds = 60
	sasl.login.refresh.window.factor = 0.8
	sasl.login.refresh.window.jitter = 0.05
	sasl.login.retry.backoff.max.ms = 10000
	sasl.login.retry.backoff.ms = 100
	sasl.mechanism = GSSAPI
	sasl.oauthbearer.clock.skew.seconds = 30
	sasl.oauthbearer.expected.audience = null
	sasl.oauthbearer.expected.issuer = null
	sasl.oauthbearer.header.urlencode = false
	sasl.oauthbearer.jwks.endpoint.refresh.ms = 3600000
	sasl.oauthbearer.jwks.endpoint.retry.backoff.max.ms = 10000
	sasl.oauthbearer.jwks.endpoint.retry.backoff.ms = 100
	sasl.oauthbearer.jwks.endpoint.url = null
	sasl.oauthbearer.scope.claim.name = scope
	sasl.oauthbearer.sub.claim.name = sub
	sasl.oauthbearer.token.endpoint.url = null
	security.protocol = PLAINTEXT
	security.providers = null
	send.buffer.bytes = 131072
	socket.connection.setup.timeout.max.ms = 30000
	socket.connection.setup.timeout.ms = 10000
	ssl.cipher.suites = null
	ssl.enabled.protocols = [TLSv1.2, TLSv1.3]
	ssl.endpoint.identification.algorithm = https
	ssl.engine.factory.class = null
	ssl.key.password = null
	ssl.keymanager.algorithm = SunX509
	ssl.keystore.certificate.chain = null
	ssl.keystore.key = null
	ssl.keystore.location = null
	ssl.keystore.password = null
	ssl.keystore.type = JKS
	ssl.protocol = TLSv1.3
	ssl.provider = null
	ssl.secure.random.implementation = null
	ssl.trustmanager.algorithm = PKIX
	ssl.truststore.certificates = null
	ssl.truststore.location = null
	ssl.truststore.password = null
	ssl.truststore.type = JKS
	transaction.timeout.ms = 60000
	transactional.id = null
	value.serializer = class io.confluent.kafka.serializers.KafkaAvroSerializer

2025-08-07 12:24:03,831 INFO  [org.apa.kaf.com.tel.int.KafkaMetricsCollector] (main) initializing Kafka metrics collector
2025-08-07 12:24:03,832 INFO  [io.con.kaf.ser.KafkaAvroSerializerConfig] (main) KafkaAvroSerializerConfig values: 
	auto.register.schemas = false
	avro.reflection.allow.null = false
	avro.remove.java.properties = false
	avro.use.logical.type.converters = false
	basic.auth.credentials.source = URL
	basic.auth.user.info = [hidden]
	bearer.auth.cache.expiry.buffer.seconds = 300
	bearer.auth.client.id = null
	bearer.auth.client.secret = null
	bearer.auth.credentials.source = STATIC_TOKEN
	bearer.auth.custom.provider.class = null
	bearer.auth.identity.pool.id = null
	bearer.auth.issuer.endpoint.url = null
	bearer.auth.logical.cluster = null
	bearer.auth.scope = null
	bearer.auth.scope.claim.name = scope
	bearer.auth.sub.claim.name = sub
	bearer.auth.token = [hidden]
	context.name.strategy = class io.confluent.kafka.serializers.context.NullContextNameStrategy
	http.connect.timeout.ms = 60000
	http.read.timeout.ms = 60000
	id.compatibility.strict = true
	key.schema.id.deserializer = class io.confluent.kafka.serializers.schema.id.DualSchemaIdDeserializer
	key.schema.id.serializer = class io.confluent.kafka.serializers.schema.id.PrefixSchemaIdSerializer
	key.subject.name.strategy = class io.confluent.kafka.serializers.subject.TopicNameStrategy
	latest.cache.size = 1000
	latest.cache.ttl.sec = -1
	latest.compatibility.strict = true
	max.retries = 3
	max.schemas.per.subject = 1000
	normalize.schemas = false
	propagate.schema.tags = false
	proxy.host = 
	proxy.port = -1
	retries.max.wait.ms = 20000
	retries.wait.ms = 1000
	rule.actions = []
	rule.executors = []
	rule.service.loader.enable = true
	schema.format = null
	schema.reflection = false
	schema.registry.basic.auth.user.info = [hidden]
	schema.registry.ssl.cipher.suites = null
	schema.registry.ssl.enabled.protocols = [TLSv1.2, TLSv1.3]
	schema.registry.ssl.endpoint.identification.algorithm = https
	schema.registry.ssl.engine.factory.class = null
	schema.registry.ssl.key.password = null
	schema.registry.ssl.keymanager.algorithm = SunX509
	schema.registry.ssl.keystore.certificate.chain = null
	schema.registry.ssl.keystore.key = null
	schema.registry.ssl.keystore.location = null
	schema.registry.ssl.keystore.password = null
	schema.registry.ssl.keystore.type = JKS
	schema.registry.ssl.protocol = TLSv1.3
	schema.registry.ssl.provider = null
	schema.registry.ssl.secure.random.implementation = null
	schema.registry.ssl.trustmanager.algorithm = PKIX
	schema.registry.ssl.truststore.certificates = null
	schema.registry.ssl.truststore.location = null
	schema.registry.ssl.truststore.password = null
	schema.registry.ssl.truststore.type = JKS
	schema.registry.url = [http://registry-app-inmemory.apps.ci419.apicurio-testing.org:80/apis/ccompat/v7]
	schema.registry.url.randomize = false
	use.latest.version = false
	use.latest.with.metadata = null
	use.schema.id = -1
	value.schema.id.deserializer = class io.confluent.kafka.serializers.schema.id.DualSchemaIdDeserializer
	value.schema.id.serializer = class io.confluent.kafka.serializers.schema.id.PrefixSchemaIdSerializer
	value.subject.name.strategy = class io.confluent.kafka.serializers.subject.TopicRecordNameStrategy

2025-08-07 12:24:03,841 INFO  [org.apa.kaf.cli.pro.KafkaProducer] (main) [Producer clientId=Producer-topic-1b527ba2_2803_4c03_9905_e3d2ab9ed7e6] Instantiated an idempotent producer.
2025-08-07 12:24:03,845 INFO  [org.apa.kaf.cli.pro.ProducerConfig] (main) These configurations '[schema.registry.url, auto.register.schemas, value.subject.name.strategy]' were supplied but are not used yet.
2025-08-07 12:24:03,845 INFO  [org.apa.kaf.com.uti.AppInfoParser] (main) Kafka version: 3.9.1
2025-08-07 12:24:03,845 INFO  [org.apa.kaf.com.uti.AppInfoParser] (main) Kafka commitId: f745dfdcee2b9851
2025-08-07 12:24:03,845 INFO  [org.apa.kaf.com.uti.AppInfoParser] (main) Kafka startTimeMs: 1754569443845
2025-08-07 12:24:03,847 INFO  [io.api.tes.ser.api.KafkaSerdesTester] (Thread-876) Sending message {"key1": "value-0", "key2": "value-0"} to topic topic-1b527ba2_2803_4c03_9905_e3d2ab9ed7e6
2025-08-07 12:24:03,852 INFO  [org.apa.kaf.cli.Metadata] (kafka-producer-network-thread | Producer-topic-1b527ba2_2803_4c03_9905_e3d2ab9ed7e6) [Producer clientId=Producer-topic-1b527ba2_2803_4c03_9905_e3d2ab9ed7e6] Cluster ID: CeYNmdzmRCaaSk-AVslC4g
2025-08-07 12:24:03,852 INFO  [org.apa.kaf.cli.pro.int.TransactionManager] (kafka-producer-network-thread | Producer-topic-1b527ba2_2803_4c03_9905_e3d2ab9ed7e6) [Producer clientId=Producer-topic-1b527ba2_2803_4c03_9905_e3d2ab9ed7e6] ProducerId set to 48 with epoch 0
2025-08-07 12:24:03,865 INFO  [io.api.tes.ser.api.KafkaSerdesTester] (Thread-876) Sending message {"key1": "value-1", "key2": "value-1"} to topic topic-1b527ba2_2803_4c03_9905_e3d2ab9ed7e6
2025-08-07 12:24:03,866 INFO  [io.api.tes.ser.api.KafkaSerdesTester] (Thread-876) Sending message {"key1": "value-2", "key2": "value-2"} to topic topic-1b527ba2_2803_4c03_9905_e3d2ab9ed7e6
2025-08-07 12:24:03,867 INFO  [io.api.tes.ser.api.KafkaSerdesTester] (Thread-876) Sending message {"key1": "value-3", "key2": "value-3"} to topic topic-1b527ba2_2803_4c03_9905_e3d2ab9ed7e6
2025-08-07 12:24:03,870 INFO  [io.api.tes.ser.api.KafkaSerdesTester] (Thread-876) Sending message {"key1": "value-4", "key2": "value-4"} to topic topic-1b527ba2_2803_4c03_9905_e3d2ab9ed7e6
2025-08-07 12:24:03,871 INFO  [io.api.tes.ser.api.KafkaSerdesTester] (Thread-876) Sending message {"key1": "value-5", "key2": "value-5"} to topic topic-1b527ba2_2803_4c03_9905_e3d2ab9ed7e6
2025-08-07 12:24:03,874 INFO  [io.api.tes.ser.api.KafkaSerdesTester] (Thread-876) Sending message {"key1": "value-6", "key2": "value-6"} to topic topic-1b527ba2_2803_4c03_9905_e3d2ab9ed7e6
2025-08-07 12:24:03,876 INFO  [io.api.tes.ser.api.KafkaSerdesTester] (Thread-876) Sending message {"key1": "value-7", "key2": "value-7"} to topic topic-1b527ba2_2803_4c03_9905_e3d2ab9ed7e6
2025-08-07 12:24:03,877 INFO  [io.api.tes.ser.api.KafkaSerdesTester] (Thread-876) Sending message {"key1": "value-8", "key2": "value-8"} to topic topic-1b527ba2_2803_4c03_9905_e3d2ab9ed7e6
2025-08-07 12:24:03,880 INFO  [io.api.tes.ser.api.KafkaSerdesTester] (Thread-876) Sending message {"key1": "value-9", "key2": "value-9"} to topic topic-1b527ba2_2803_4c03_9905_e3d2ab9ed7e6
2025-08-07 12:24:03,881 INFO  [io.api.tes.ser.api.KafkaSerdesTester] (Thread-876) Produced 10 messages
2025-08-07 12:24:03,881 INFO  [org.apa.kaf.cli.pro.KafkaProducer] (Thread-876) [Producer clientId=Producer-topic-1b527ba2_2803_4c03_9905_e3d2ab9ed7e6] Closing the Kafka producer with timeoutMillis = 9223372036854775807 ms.
2025-08-07 12:24:03,884 INFO  [org.apa.kaf.com.met.Metrics] (Thread-876) Metrics scheduler closed
2025-08-07 12:24:03,884 INFO  [org.apa.kaf.com.met.Metrics] (Thread-876) Closing reporter org.apache.kafka.common.metrics.JmxReporter
2025-08-07 12:24:03,884 INFO  [org.apa.kaf.com.met.Metrics] (Thread-876) Closing reporter org.apache.kafka.common.telemetry.internals.ClientTelemetryReporter
2025-08-07 12:24:03,884 INFO  [org.apa.kaf.com.met.Metrics] (Thread-876) Metrics reporters closed
2025-08-07 12:24:03,884 INFO  [org.apa.kaf.com.uti.AppInfoParser] (Thread-876) App info kafka.producer for Producer-topic-1b527ba2_2803_4c03_9905_e3d2ab9ed7e6 unregistered
**** Registry Base URL: http://registry-app-inmemory.apps.ci419.apicurio-testing.org:80
2025-08-07 12:24:03,885 INFO  [org.apa.kaf.cli.pro.ProducerConfig] (main) ProducerConfig values: 
	acks = -1
	auto.include.jmx.reporter = true
	batch.size = 16384
	bootstrap.servers = [PLAINTEXT://localhost:32769]
	buffer.memory = 33554432
	client.dns.lookup = use_all_dns_ips
	client.id = Producer-topic-1b527ba2_2803_4c03_9905_e3d2ab9ed7e6
	compression.gzip.level = -1
	compression.lz4.level = 9
	compression.type = none
	compression.zstd.level = 3
	connections.max.idle.ms = 10000
	delivery.timeout.ms = 120000
	enable.idempotence = true
	enable.metrics.push = true
	interceptor.classes = []
	key.serializer = class org.apache.kafka.common.serialization.StringSerializer
	linger.ms = 0
	max.block.ms = 60000
	max.in.flight.requests.per.connection = 5
	max.request.size = 1048576
	metadata.max.age.ms = 300000
	metadata.max.idle.ms = 300000
	metadata.recovery.strategy = none
	metric.reporters = []
	metrics.num.samples = 2
	metrics.recording.level = INFO
	metrics.sample.window.ms = 30000
	partitioner.adaptive.partitioning.enable = true
	partitioner.availability.timeout.ms = 0
	partitioner.class = null
	partitioner.ignore.keys = false
	receive.buffer.bytes = 32768
	reconnect.backoff.max.ms = 1000
	reconnect.backoff.ms = 50
	request.timeout.ms = 5000
	retries = 2147483647
	retry.backoff.max.ms = 1000
	retry.backoff.ms = 100
	sasl.client.callback.handler.class = null
	sasl.jaas.config = null
	sasl.kerberos.kinit.cmd = /usr/bin/kinit
	sasl.kerberos.min.time.before.relogin = 60000
	sasl.kerberos.service.name = null
	sasl.kerberos.ticket.renew.jitter = 0.05
	sasl.kerberos.ticket.renew.window.factor = 0.8
	sasl.login.callback.handler.class = null
	sasl.login.class = null
	sasl.login.connect.timeout.ms = null
	sasl.login.read.timeout.ms = null
	sasl.login.refresh.buffer.seconds = 300
	sasl.login.refresh.min.period.seconds = 60
	sasl.login.refresh.window.factor = 0.8
	sasl.login.refresh.window.jitter = 0.05
	sasl.login.retry.backoff.max.ms = 10000
	sasl.login.retry.backoff.ms = 100
	sasl.mechanism = GSSAPI
	sasl.oauthbearer.clock.skew.seconds = 30
	sasl.oauthbearer.expected.audience = null
	sasl.oauthbearer.expected.issuer = null
	sasl.oauthbearer.header.urlencode = false
	sasl.oauthbearer.jwks.endpoint.refresh.ms = 3600000
	sasl.oauthbearer.jwks.endpoint.retry.backoff.max.ms = 10000
	sasl.oauthbearer.jwks.endpoint.retry.backoff.ms = 100
	sasl.oauthbearer.jwks.endpoint.url = null
	sasl.oauthbearer.scope.claim.name = scope
	sasl.oauthbearer.sub.claim.name = sub
	sasl.oauthbearer.token.endpoint.url = null
	security.protocol = PLAINTEXT
	security.providers = null
	send.buffer.bytes = 131072
	socket.connection.setup.timeout.max.ms = 30000
	socket.connection.setup.timeout.ms = 10000
	ssl.cipher.suites = null
	ssl.enabled.protocols = [TLSv1.2, TLSv1.3]
	ssl.endpoint.identification.algorithm = https
	ssl.engine.factory.class = null
	ssl.key.password = null
	ssl.keymanager.algorithm = SunX509
	ssl.keystore.certificate.chain = null
	ssl.keystore.key = null
	ssl.keystore.location = null
	ssl.keystore.password = null
	ssl.keystore.type = JKS
	ssl.protocol = TLSv1.3
	ssl.provider = null
	ssl.secure.random.implementation = null
	ssl.trustmanager.algorithm = PKIX
	ssl.truststore.certificates = null
	ssl.truststore.location = null
	ssl.truststore.password = null
	ssl.truststore.type = JKS
	transaction.timeout.ms = 60000
	transactional.id = null
	value.serializer = class io.confluent.kafka.serializers.KafkaAvroSerializer

2025-08-07 12:24:03,886 INFO  [org.apa.kaf.com.tel.int.KafkaMetricsCollector] (main) initializing Kafka metrics collector
2025-08-07 12:24:03,888 INFO  [io.con.kaf.ser.KafkaAvroSerializerConfig] (main) KafkaAvroSerializerConfig values: 
	auto.register.schemas = false
	avro.reflection.allow.null = false
	avro.remove.java.properties = false
	avro.use.logical.type.converters = false
	basic.auth.credentials.source = URL
	basic.auth.user.info = [hidden]
	bearer.auth.cache.expiry.buffer.seconds = 300
	bearer.auth.client.id = null
	bearer.auth.client.secret = null
	bearer.auth.credentials.source = STATIC_TOKEN
	bearer.auth.custom.provider.class = null
	bearer.auth.identity.pool.id = null
	bearer.auth.issuer.endpoint.url = null
	bearer.auth.logical.cluster = null
	bearer.auth.scope = null
	bearer.auth.scope.claim.name = scope
	bearer.auth.sub.claim.name = sub
	bearer.auth.token = [hidden]
	context.name.strategy = class io.confluent.kafka.serializers.context.NullContextNameStrategy
	http.connect.timeout.ms = 60000
	http.read.timeout.ms = 60000
	id.compatibility.strict = true
	key.schema.id.deserializer = class io.confluent.kafka.serializers.schema.id.DualSchemaIdDeserializer
	key.schema.id.serializer = class io.confluent.kafka.serializers.schema.id.PrefixSchemaIdSerializer
	key.subject.name.strategy = class io.confluent.kafka.serializers.subject.TopicNameStrategy
	latest.cache.size = 1000
	latest.cache.ttl.sec = -1
	latest.compatibility.strict = true
	max.retries = 3
	max.schemas.per.subject = 1000
	normalize.schemas = false
	propagate.schema.tags = false
	proxy.host = 
	proxy.port = -1
	retries.max.wait.ms = 20000
	retries.wait.ms = 1000
	rule.actions = []
	rule.executors = []
	rule.service.loader.enable = true
	schema.format = null
	schema.reflection = false
	schema.registry.basic.auth.user.info = [hidden]
	schema.registry.ssl.cipher.suites = null
	schema.registry.ssl.enabled.protocols = [TLSv1.2, TLSv1.3]
	schema.registry.ssl.endpoint.identification.algorithm = https
	schema.registry.ssl.engine.factory.class = null
	schema.registry.ssl.key.password = null
	schema.registry.ssl.keymanager.algorithm = SunX509
	schema.registry.ssl.keystore.certificate.chain = null
	schema.registry.ssl.keystore.key = null
	schema.registry.ssl.keystore.location = null
	schema.registry.ssl.keystore.password = null
	schema.registry.ssl.keystore.type = JKS
	schema.registry.ssl.protocol = TLSv1.3
	schema.registry.ssl.provider = null
	schema.registry.ssl.secure.random.implementation = null
	schema.registry.ssl.trustmanager.algorithm = PKIX
	schema.registry.ssl.truststore.certificates = null
	schema.registry.ssl.truststore.location = null
	schema.registry.ssl.truststore.password = null
	schema.registry.ssl.truststore.type = JKS
	schema.registry.url = [http://registry-app-inmemory.apps.ci419.apicurio-testing.org:80/apis/ccompat/v7]
	schema.registry.url.randomize = false
	use.latest.version = false
	use.latest.with.metadata = null
	use.schema.id = -1
	value.schema.id.deserializer = class io.confluent.kafka.serializers.schema.id.DualSchemaIdDeserializer
	value.schema.id.serializer = class io.confluent.kafka.serializers.schema.id.PrefixSchemaIdSerializer
	value.subject.name.strategy = class io.confluent.kafka.serializers.subject.TopicRecordNameStrategy

2025-08-07 12:24:03,891 INFO  [org.apa.kaf.cli.pro.KafkaProducer] (main) [Producer clientId=Producer-topic-1b527ba2_2803_4c03_9905_e3d2ab9ed7e6] Instantiated an idempotent producer.
2025-08-07 12:24:03,897 INFO  [org.apa.kaf.cli.pro.ProducerConfig] (main) These configurations '[schema.registry.url, auto.register.schemas, value.subject.name.strategy]' were supplied but are not used yet.
2025-08-07 12:24:03,897 INFO  [org.apa.kaf.com.uti.AppInfoParser] (main) Kafka version: 3.9.1
2025-08-07 12:24:03,897 INFO  [org.apa.kaf.com.uti.AppInfoParser] (main) Kafka commitId: f745dfdcee2b9851
2025-08-07 12:24:03,897 INFO  [org.apa.kaf.com.uti.AppInfoParser] (main) Kafka startTimeMs: 1754569443897
2025-08-07 12:24:03,901 INFO  [io.api.tes.ser.api.KafkaSerdesTester] (Thread-877) Sending message {"key1": "value-0"} to topic topic-1b527ba2_2803_4c03_9905_e3d2ab9ed7e6
2025-08-07 12:24:03,903 INFO  [org.apa.kaf.cli.Metadata] (kafka-producer-network-thread | Producer-topic-1b527ba2_2803_4c03_9905_e3d2ab9ed7e6) [Producer clientId=Producer-topic-1b527ba2_2803_4c03_9905_e3d2ab9ed7e6] Cluster ID: CeYNmdzmRCaaSk-AVslC4g
2025-08-07 12:24:03,904 INFO  [org.apa.kaf.cli.pro.int.TransactionManager] (kafka-producer-network-thread | Producer-topic-1b527ba2_2803_4c03_9905_e3d2ab9ed7e6) [Producer clientId=Producer-topic-1b527ba2_2803_4c03_9905_e3d2ab9ed7e6] ProducerId set to 49 with epoch 0
2025-08-07 12:24:03,921 INFO  [io.api.tes.ser.api.KafkaSerdesTester] (Thread-877) Sending message {"key1": "value-1"} to topic topic-1b527ba2_2803_4c03_9905_e3d2ab9ed7e6
2025-08-07 12:24:03,922 INFO  [io.api.tes.ser.api.KafkaSerdesTester] (Thread-877) Sending message {"key1": "value-2"} to topic topic-1b527ba2_2803_4c03_9905_e3d2ab9ed7e6
2025-08-07 12:24:03,925 INFO  [io.api.tes.ser.api.KafkaSerdesTester] (Thread-877) Sending message {"key1": "value-3"} to topic topic-1b527ba2_2803_4c03_9905_e3d2ab9ed7e6
2025-08-07 12:24:03,926 INFO  [io.api.tes.ser.api.KafkaSerdesTester] (Thread-877) Sending message {"key1": "value-4"} to topic topic-1b527ba2_2803_4c03_9905_e3d2ab9ed7e6
2025-08-07 12:24:03,927 INFO  [io.api.tes.ser.api.KafkaSerdesTester] (Thread-877) Sending message {"key1": "value-5"} to topic topic-1b527ba2_2803_4c03_9905_e3d2ab9ed7e6
2025-08-07 12:24:03,928 INFO  [io.api.tes.ser.api.KafkaSerdesTester] (Thread-877) Sending message {"key1": "value-6"} to topic topic-1b527ba2_2803_4c03_9905_e3d2ab9ed7e6
2025-08-07 12:24:03,928 INFO  [io.api.tes.ser.api.KafkaSerdesTester] (Thread-877) Sending message {"key1": "value-7"} to topic topic-1b527ba2_2803_4c03_9905_e3d2ab9ed7e6
2025-08-07 12:24:03,929 INFO  [io.api.tes.ser.api.KafkaSerdesTester] (Thread-877) Sending message {"key1": "value-8"} to topic topic-1b527ba2_2803_4c03_9905_e3d2ab9ed7e6
2025-08-07 12:24:03,932 INFO  [io.api.tes.ser.api.KafkaSerdesTester] (Thread-877) Sending message {"key1": "value-9"} to topic topic-1b527ba2_2803_4c03_9905_e3d2ab9ed7e6
2025-08-07 12:24:03,937 INFO  [io.api.tes.ser.api.KafkaSerdesTester] (Thread-877) Produced 10 messages
2025-08-07 12:24:03,937 INFO  [org.apa.kaf.cli.pro.KafkaProducer] (Thread-877) [Producer clientId=Producer-topic-1b527ba2_2803_4c03_9905_e3d2ab9ed7e6] Closing the Kafka producer with timeoutMillis = 9223372036854775807 ms.
2025-08-07 12:24:03,939 INFO  [org.apa.kaf.com.met.Metrics] (Thread-877) Metrics scheduler closed
2025-08-07 12:24:03,939 INFO  [org.apa.kaf.com.met.Metrics] (Thread-877) Closing reporter org.apache.kafka.common.metrics.JmxReporter
2025-08-07 12:24:03,939 INFO  [org.apa.kaf.com.met.Metrics] (Thread-877) Closing reporter org.apache.kafka.common.telemetry.internals.ClientTelemetryReporter
2025-08-07 12:24:03,939 INFO  [org.apa.kaf.com.met.Metrics] (Thread-877) Metrics reporters closed
2025-08-07 12:24:03,940 INFO  [org.apa.kaf.com.uti.AppInfoParser] (Thread-877) App info kafka.producer for Producer-topic-1b527ba2_2803_4c03_9905_e3d2ab9ed7e6 unregistered
**** Registry Base URL: http://registry-app-inmemory.apps.ci419.apicurio-testing.org:80
2025-08-07 12:24:03,940 INFO  [org.apa.kaf.cli.con.ConsumerConfig] (main) ConsumerConfig values: 
	allow.auto.create.topics = true
	auto.commit.interval.ms = 500
	auto.include.jmx.reporter = true
	auto.offset.reset = earliest
	bootstrap.servers = [PLAINTEXT://localhost:32769]
	check.crcs = true
	client.dns.lookup = use_all_dns_ips
	client.id = consumer-Consumer-topic-1b527ba2_2803_4c03_9905_e3d2ab9ed7e6-36
	client.rack = 
	connections.max.idle.ms = 10000
	default.api.timeout.ms = 60000
	enable.auto.commit = true
	enable.metrics.push = true
	exclude.internal.topics = true
	fetch.max.bytes = 52428800
	fetch.max.wait.ms = 500
	fetch.min.bytes = 1
	group.id = Consumer-topic-1b527ba2_2803_4c03_9905_e3d2ab9ed7e6
	group.instance.id = null
	group.protocol = classic
	group.remote.assignor = null
	heartbeat.interval.ms = 3000
	interceptor.classes = []
	internal.leave.group.on.close = true
	internal.throw.on.fetch.stable.offset.unsupported = false
	isolation.level = read_uncommitted
	key.deserializer = class org.apache.kafka.common.serialization.StringDeserializer
	max.partition.fetch.bytes = 1048576
	max.poll.interval.ms = 300000
	max.poll.records = 500
	metadata.max.age.ms = 300000
	metadata.recovery.strategy = none
	metric.reporters = []
	metrics.num.samples = 2
	metrics.recording.level = INFO
	metrics.sample.window.ms = 30000
	partition.assignment.strategy = [class org.apache.kafka.clients.consumer.RangeAssignor, class org.apache.kafka.clients.consumer.CooperativeStickyAssignor]
	receive.buffer.bytes = 65536
	reconnect.backoff.max.ms = 1000
	reconnect.backoff.ms = 50
	request.timeout.ms = 5000
	retry.backoff.max.ms = 1000
	retry.backoff.ms = 100
	sasl.client.callback.handler.class = null
	sasl.jaas.config = null
	sasl.kerberos.kinit.cmd = /usr/bin/kinit
	sasl.kerberos.min.time.before.relogin = 60000
	sasl.kerberos.service.name = null
	sasl.kerberos.ticket.renew.jitter = 0.05
	sasl.kerberos.ticket.renew.window.factor = 0.8
	sasl.login.callback.handler.class = null
	sasl.login.class = null
	sasl.login.connect.timeout.ms = null
	sasl.login.read.timeout.ms = null
	sasl.login.refresh.buffer.seconds = 300
	sasl.login.refresh.min.period.seconds = 60
	sasl.login.refresh.window.factor = 0.8
	sasl.login.refresh.window.jitter = 0.05
	sasl.login.retry.backoff.max.ms = 10000
	sasl.login.retry.backoff.ms = 100
	sasl.mechanism = GSSAPI
	sasl.oauthbearer.clock.skew.seconds = 30
	sasl.oauthbearer.expected.audience = null
	sasl.oauthbearer.expected.issuer = null
	sasl.oauthbearer.header.urlencode = false
	sasl.oauthbearer.jwks.endpoint.refresh.ms = 3600000
	sasl.oauthbearer.jwks.endpoint.retry.backoff.max.ms = 10000
	sasl.oauthbearer.jwks.endpoint.retry.backoff.ms = 100
	sasl.oauthbearer.jwks.endpoint.url = null
	sasl.oauthbearer.scope.claim.name = scope
	sasl.oauthbearer.sub.claim.name = sub
	sasl.oauthbearer.token.endpoint.url = null
	security.protocol = PLAINTEXT
	security.providers = null
	send.buffer.bytes = 131072
	session.timeout.ms = 45000
	socket.connection.setup.timeout.max.ms = 30000
	socket.connection.setup.timeout.ms = 10000
	ssl.cipher.suites = null
	ssl.enabled.protocols = [TLSv1.2, TLSv1.3]
	ssl.endpoint.identification.algorithm = https
	ssl.engine.factory.class = null
	ssl.key.password = null
	ssl.keymanager.algorithm = SunX509
	ssl.keystore.certificate.chain = null
	ssl.keystore.key = null
	ssl.keystore.location = null
	ssl.keystore.password = null
	ssl.keystore.type = JKS
	ssl.protocol = TLSv1.3
	ssl.provider = null
	ssl.secure.random.implementation = null
	ssl.trustmanager.algorithm = PKIX
	ssl.truststore.certificates = null
	ssl.truststore.location = null
	ssl.truststore.password = null
	ssl.truststore.type = JKS
	value.deserializer = class io.confluent.kafka.serializers.KafkaAvroDeserializer

2025-08-07 12:24:03,940 INFO  [org.apa.kaf.com.tel.int.KafkaMetricsCollector] (main) initializing Kafka metrics collector
2025-08-07 12:24:03,940 INFO  [io.con.kaf.ser.KafkaAvroDeserializerConfig] (main) KafkaAvroDeserializerConfig values: 
	auto.register.schemas = true
	avro.reflection.allow.null = false
	avro.use.logical.type.converters = false
	basic.auth.credentials.source = URL
	basic.auth.user.info = [hidden]
	bearer.auth.cache.expiry.buffer.seconds = 300
	bearer.auth.client.id = null
	bearer.auth.client.secret = null
	bearer.auth.credentials.source = STATIC_TOKEN
	bearer.auth.custom.provider.class = null
	bearer.auth.identity.pool.id = null
	bearer.auth.issuer.endpoint.url = null
	bearer.auth.logical.cluster = null
	bearer.auth.scope = null
	bearer.auth.scope.claim.name = scope
	bearer.auth.sub.claim.name = sub
	bearer.auth.token = [hidden]
	context.name.strategy = class io.confluent.kafka.serializers.context.NullContextNameStrategy
	http.connect.timeout.ms = 60000
	http.read.timeout.ms = 60000
	id.compatibility.strict = true
	key.schema.id.deserializer = class io.confluent.kafka.serializers.schema.id.DualSchemaIdDeserializer
	key.schema.id.serializer = class io.confluent.kafka.serializers.schema.id.PrefixSchemaIdSerializer
	key.subject.name.strategy = class io.confluent.kafka.serializers.subject.TopicNameStrategy
	latest.cache.size = 1000
	latest.cache.ttl.sec = -1
	latest.compatibility.strict = true
	max.retries = 3
	max.schemas.per.subject = 1000
	normalize.schemas = false
	propagate.schema.tags = false
	proxy.host = 
	proxy.port = -1
	retries.max.wait.ms = 20000
	retries.wait.ms = 1000
	rule.actions = []
	rule.executors = []
	rule.service.loader.enable = true
	schema.format = null
	schema.reflection = false
	schema.registry.basic.auth.user.info = [hidden]
	schema.registry.ssl.cipher.suites = null
	schema.registry.ssl.enabled.protocols = [TLSv1.2, TLSv1.3]
	schema.registry.ssl.endpoint.identification.algorithm = https
	schema.registry.ssl.engine.factory.class = null
	schema.registry.ssl.key.password = null
	schema.registry.ssl.keymanager.algorithm = SunX509
	schema.registry.ssl.keystore.certificate.chain = null
	schema.registry.ssl.keystore.key = null
	schema.registry.ssl.keystore.location = null
	schema.registry.ssl.keystore.password = null
	schema.registry.ssl.keystore.type = JKS
	schema.registry.ssl.protocol = TLSv1.3
	schema.registry.ssl.provider = null
	schema.registry.ssl.secure.random.implementation = null
	schema.registry.ssl.trustmanager.algorithm = PKIX
	schema.registry.ssl.truststore.certificates = null
	schema.registry.ssl.truststore.location = null
	schema.registry.ssl.truststore.password = null
	schema.registry.ssl.truststore.type = JKS
	schema.registry.url = [http://registry-app-inmemory.apps.ci419.apicurio-testing.org:80/apis/ccompat/v7]
	schema.registry.url.randomize = false
	specific.avro.key.type = null
	specific.avro.reader = false
	specific.avro.value.type = null
	use.latest.version = false
	use.latest.with.metadata = null
	use.schema.id = -1
	value.schema.id.deserializer = class io.confluent.kafka.serializers.schema.id.DualSchemaIdDeserializer
	value.schema.id.serializer = class io.confluent.kafka.serializers.schema.id.PrefixSchemaIdSerializer
	value.subject.name.strategy = class io.confluent.kafka.serializers.subject.TopicNameStrategy

2025-08-07 12:24:03,948 INFO  [org.apa.kaf.cli.con.ConsumerConfig] (main) These configurations '[schema.registry.url]' were supplied but are not used yet.
2025-08-07 12:24:03,948 INFO  [org.apa.kaf.com.uti.AppInfoParser] (main) Kafka version: 3.9.1
2025-08-07 12:24:03,948 INFO  [org.apa.kaf.com.uti.AppInfoParser] (main) Kafka commitId: f745dfdcee2b9851
2025-08-07 12:24:03,948 INFO  [org.apa.kaf.com.uti.AppInfoParser] (main) Kafka startTimeMs: 1754569443948
2025-08-07 12:24:03,949 INFO  [org.apa.kaf.cli.con.int.ClassicKafkaConsumer] (Thread-878) [Consumer clientId=consumer-Consumer-topic-1b527ba2_2803_4c03_9905_e3d2ab9ed7e6-36, groupId=Consumer-topic-1b527ba2_2803_4c03_9905_e3d2ab9ed7e6] Subscribed to topic(s): topic-1b527ba2_2803_4c03_9905_e3d2ab9ed7e6
2025-08-07 12:24:03,973 INFO  [org.apa.kaf.cli.Metadata] (Thread-878) [Consumer clientId=consumer-Consumer-topic-1b527ba2_2803_4c03_9905_e3d2ab9ed7e6-36, groupId=Consumer-topic-1b527ba2_2803_4c03_9905_e3d2ab9ed7e6] Cluster ID: CeYNmdzmRCaaSk-AVslC4g
2025-08-07 12:24:03,975 INFO  [org.apa.kaf.cli.con.int.ConsumerCoordinator] (Thread-878) [Consumer clientId=consumer-Consumer-topic-1b527ba2_2803_4c03_9905_e3d2ab9ed7e6-36, groupId=Consumer-topic-1b527ba2_2803_4c03_9905_e3d2ab9ed7e6] Discovered group coordinator localhost:32769 (id: 2147483647 rack: null)
2025-08-07 12:24:03,978 INFO  [org.apa.kaf.cli.con.int.ConsumerCoordinator] (Thread-878) [Consumer clientId=consumer-Consumer-topic-1b527ba2_2803_4c03_9905_e3d2ab9ed7e6-36, groupId=Consumer-topic-1b527ba2_2803_4c03_9905_e3d2ab9ed7e6] (Re-)joining group
2025-08-07 12:24:03,982 INFO  [org.apa.kaf.cli.con.int.ConsumerCoordinator] (Thread-878) [Consumer clientId=consumer-Consumer-topic-1b527ba2_2803_4c03_9905_e3d2ab9ed7e6-36, groupId=Consumer-topic-1b527ba2_2803_4c03_9905_e3d2ab9ed7e6] Request joining group due to: need to re-join with the given member-id: consumer-Consumer-topic-1b527ba2_2803_4c03_9905_e3d2ab9ed7e6-36-d9ff6022-42de-4302-8cd7-b06171ac344c
2025-08-07 12:24:03,984 INFO  [org.apa.kaf.cli.con.int.ConsumerCoordinator] (Thread-878) [Consumer clientId=consumer-Consumer-topic-1b527ba2_2803_4c03_9905_e3d2ab9ed7e6-36, groupId=Consumer-topic-1b527ba2_2803_4c03_9905_e3d2ab9ed7e6] (Re-)joining group
2025-08-07 12:24:04,949 INFO  [io.api.tes.ser.api.KafkaSerdesTester] (Thread-878) None found
2025-08-07 12:24:05,949 INFO  [io.api.tes.ser.api.KafkaSerdesTester] (Thread-878) None found
2025-08-07 12:24:06,949 INFO  [io.api.tes.ser.api.KafkaSerdesTester] (Thread-878) None found
2025-08-07 12:24:06,985 INFO  [org.apa.kaf.cli.con.int.ConsumerCoordinator] (Thread-878) [Consumer clientId=consumer-Consumer-topic-1b527ba2_2803_4c03_9905_e3d2ab9ed7e6-36, groupId=Consumer-topic-1b527ba2_2803_4c03_9905_e3d2ab9ed7e6] Successfully joined group with generation Generation{generationId=5, memberId='consumer-Consumer-topic-1b527ba2_2803_4c03_9905_e3d2ab9ed7e6-36-d9ff6022-42de-4302-8cd7-b06171ac344c', protocol='range'}
2025-08-07 12:24:06,985 INFO  [org.apa.kaf.cli.con.int.ConsumerCoordinator] (Thread-878) [Consumer clientId=consumer-Consumer-topic-1b527ba2_2803_4c03_9905_e3d2ab9ed7e6-36, groupId=Consumer-topic-1b527ba2_2803_4c03_9905_e3d2ab9ed7e6] Finished assignment for group at generation 5: {consumer-Consumer-topic-1b527ba2_2803_4c03_9905_e3d2ab9ed7e6-36-d9ff6022-42de-4302-8cd7-b06171ac344c=Assignment(partitions=[topic-1b527ba2_2803_4c03_9905_e3d2ab9ed7e6-0])}
2025-08-07 12:24:06,991 INFO  [org.apa.kaf.cli.con.int.ConsumerCoordinator] (Thread-878) [Consumer clientId=consumer-Consumer-topic-1b527ba2_2803_4c03_9905_e3d2ab9ed7e6-36, groupId=Consumer-topic-1b527ba2_2803_4c03_9905_e3d2ab9ed7e6] Successfully synced group in generation Generation{generationId=5, memberId='consumer-Consumer-topic-1b527ba2_2803_4c03_9905_e3d2ab9ed7e6-36-d9ff6022-42de-4302-8cd7-b06171ac344c', protocol='range'}
2025-08-07 12:24:06,991 INFO  [org.apa.kaf.cli.con.int.ConsumerCoordinator] (Thread-878) [Consumer clientId=consumer-Consumer-topic-1b527ba2_2803_4c03_9905_e3d2ab9ed7e6-36, groupId=Consumer-topic-1b527ba2_2803_4c03_9905_e3d2ab9ed7e6] Notifying assignor about the new Assignment(partitions=[topic-1b527ba2_2803_4c03_9905_e3d2ab9ed7e6-0])
2025-08-07 12:24:06,991 INFO  [org.apa.kaf.cli.con.int.ConsumerRebalanceListenerInvoker] (Thread-878) [Consumer clientId=consumer-Consumer-topic-1b527ba2_2803_4c03_9905_e3d2ab9ed7e6-36, groupId=Consumer-topic-1b527ba2_2803_4c03_9905_e3d2ab9ed7e6] Adding newly assigned partitions: topic-1b527ba2_2803_4c03_9905_e3d2ab9ed7e6-0
2025-08-07 12:24:06,992 INFO  [org.apa.kaf.cli.con.int.ConsumerUtils] (Thread-878) Setting offset for partition topic-1b527ba2_2803_4c03_9905_e3d2ab9ed7e6-0 to the committed offset FetchPosition{offset=30, offsetEpoch=Optional[0], currentLeader=LeaderAndEpoch{leader=Optional[localhost:32769 (id: 0 rack: null)], epoch=0}}
2025-08-07 12:24:07,036 INFO  [io.api.tes.ser.api.KafkaSerdesTester] (Thread-878) topic-1b527ba2_2803_4c03_9905_e3d2ab9ed7e6 0 30 {"key1": "value-0", "key2": "value-0", "key3": "value-0"}
2025-08-07 12:24:07,036 INFO  [io.api.tes.ser.api.KafkaSerdesTester] (Thread-878) topic-1b527ba2_2803_4c03_9905_e3d2ab9ed7e6 0 31 {"key1": "value-1", "key2": "value-1", "key3": "value-1"}
2025-08-07 12:24:07,036 INFO  [io.api.tes.ser.api.KafkaSerdesTester] (Thread-878) topic-1b527ba2_2803_4c03_9905_e3d2ab9ed7e6 0 32 {"key1": "value-2", "key2": "value-2", "key3": "value-2"}
2025-08-07 12:24:07,036 INFO  [io.api.tes.ser.api.KafkaSerdesTester] (Thread-878) topic-1b527ba2_2803_4c03_9905_e3d2ab9ed7e6 0 33 {"key1": "value-3", "key2": "value-3", "key3": "value-3"}
2025-08-07 12:24:07,036 INFO  [io.api.tes.ser.api.KafkaSerdesTester] (Thread-878) topic-1b527ba2_2803_4c03_9905_e3d2ab9ed7e6 0 34 {"key1": "value-4", "key2": "value-4", "key3": "value-4"}
2025-08-07 12:24:07,036 INFO  [io.api.tes.ser.api.KafkaSerdesTester] (Thread-878) topic-1b527ba2_2803_4c03_9905_e3d2ab9ed7e6 0 35 {"key1": "value-5", "key2": "value-5", "key3": "value-5"}
2025-08-07 12:24:07,036 INFO  [io.api.tes.ser.api.KafkaSerdesTester] (Thread-878) topic-1b527ba2_2803_4c03_9905_e3d2ab9ed7e6 0 36 {"key1": "value-6", "key2": "value-6", "key3": "value-6"}
2025-08-07 12:24:07,036 INFO  [io.api.tes.ser.api.KafkaSerdesTester] (Thread-878) topic-1b527ba2_2803_4c03_9905_e3d2ab9ed7e6 0 37 {"key1": "value-7", "key2": "value-7", "key3": "value-7"}
2025-08-07 12:24:07,036 INFO  [io.api.tes.ser.api.KafkaSerdesTester] (Thread-878) topic-1b527ba2_2803_4c03_9905_e3d2ab9ed7e6 0 38 {"key1": "value-8", "key2": "value-8", "key3": "value-8"}
2025-08-07 12:24:07,036 INFO  [io.api.tes.ser.api.KafkaSerdesTester] (Thread-878) topic-1b527ba2_2803_4c03_9905_e3d2ab9ed7e6 0 39 {"key1": "value-9", "key2": "value-9", "key3": "value-9"}
2025-08-07 12:24:07,036 INFO  [io.api.tes.ser.api.KafkaSerdesTester] (Thread-878) topic-1b527ba2_2803_4c03_9905_e3d2ab9ed7e6 0 40 {"key1": "value-0", "key2": "value-0"}
2025-08-07 12:24:07,036 INFO  [io.api.tes.ser.api.KafkaSerdesTester] (Thread-878) topic-1b527ba2_2803_4c03_9905_e3d2ab9ed7e6 0 41 {"key1": "value-1", "key2": "value-1"}
2025-08-07 12:24:07,037 INFO  [io.api.tes.ser.api.KafkaSerdesTester] (Thread-878) topic-1b527ba2_2803_4c03_9905_e3d2ab9ed7e6 0 42 {"key1": "value-2", "key2": "value-2"}
2025-08-07 12:24:07,037 INFO  [io.api.tes.ser.api.KafkaSerdesTester] (Thread-878) topic-1b527ba2_2803_4c03_9905_e3d2ab9ed7e6 0 43 {"key1": "value-3", "key2": "value-3"}
2025-08-07 12:24:07,037 INFO  [io.api.tes.ser.api.KafkaSerdesTester] (Thread-878) topic-1b527ba2_2803_4c03_9905_e3d2ab9ed7e6 0 44 {"key1": "value-4", "key2": "value-4"}
2025-08-07 12:24:07,037 INFO  [io.api.tes.ser.api.KafkaSerdesTester] (Thread-878) topic-1b527ba2_2803_4c03_9905_e3d2ab9ed7e6 0 45 {"key1": "value-5", "key2": "value-5"}
2025-08-07 12:24:07,037 INFO  [io.api.tes.ser.api.KafkaSerdesTester] (Thread-878) topic-1b527ba2_2803_4c03_9905_e3d2ab9ed7e6 0 46 {"key1": "value-6", "key2": "value-6"}
2025-08-07 12:24:07,037 INFO  [io.api.tes.ser.api.KafkaSerdesTester] (Thread-878) topic-1b527ba2_2803_4c03_9905_e3d2ab9ed7e6 0 47 {"key1": "value-7", "key2": "value-7"}
2025-08-07 12:24:07,037 INFO  [io.api.tes.ser.api.KafkaSerdesTester] (Thread-878) topic-1b527ba2_2803_4c03_9905_e3d2ab9ed7e6 0 48 {"key1": "value-8", "key2": "value-8"}
2025-08-07 12:24:07,037 INFO  [io.api.tes.ser.api.KafkaSerdesTester] (Thread-878) topic-1b527ba2_2803_4c03_9905_e3d2ab9ed7e6 0 49 {"key1": "value-9", "key2": "value-9"}
2025-08-07 12:24:07,037 INFO  [io.api.tes.ser.api.KafkaSerdesTester] (Thread-878) topic-1b527ba2_2803_4c03_9905_e3d2ab9ed7e6 0 50 {"key1": "value-0"}
2025-08-07 12:24:07,037 INFO  [io.api.tes.ser.api.KafkaSerdesTester] (Thread-878) topic-1b527ba2_2803_4c03_9905_e3d2ab9ed7e6 0 51 {"key1": "value-1"}
2025-08-07 12:24:07,037 INFO  [io.api.tes.ser.api.KafkaSerdesTester] (Thread-878) topic-1b527ba2_2803_4c03_9905_e3d2ab9ed7e6 0 52 {"key1": "value-2"}
2025-08-07 12:24:07,037 INFO  [io.api.tes.ser.api.KafkaSerdesTester] (Thread-878) topic-1b527ba2_2803_4c03_9905_e3d2ab9ed7e6 0 53 {"key1": "value-3"}
2025-08-07 12:24:07,037 INFO  [io.api.tes.ser.api.KafkaSerdesTester] (Thread-878) topic-1b527ba2_2803_4c03_9905_e3d2ab9ed7e6 0 54 {"key1": "value-4"}
2025-08-07 12:24:07,037 INFO  [io.api.tes.ser.api.KafkaSerdesTester] (Thread-878) topic-1b527ba2_2803_4c03_9905_e3d2ab9ed7e6 0 55 {"key1": "value-5"}
2025-08-07 12:24:07,037 INFO  [io.api.tes.ser.api.KafkaSerdesTester] (Thread-878) topic-1b527ba2_2803_4c03_9905_e3d2ab9ed7e6 0 56 {"key1": "value-6"}
2025-08-07 12:24:07,037 INFO  [io.api.tes.ser.api.KafkaSerdesTester] (Thread-878) topic-1b527ba2_2803_4c03_9905_e3d2ab9ed7e6 0 57 {"key1": "value-7"}
2025-08-07 12:24:07,037 INFO  [io.api.tes.ser.api.KafkaSerdesTester] (Thread-878) topic-1b527ba2_2803_4c03_9905_e3d2ab9ed7e6 0 58 {"key1": "value-8"}
2025-08-07 12:24:07,037 INFO  [io.api.tes.ser.api.KafkaSerdesTester] (Thread-878) topic-1b527ba2_2803_4c03_9905_e3d2ab9ed7e6 0 59 {"key1": "value-9"}
2025-08-07 12:24:07,037 INFO  [io.api.tes.ser.api.KafkaSerdesTester] (Thread-878) Consumed 30 messages
2025-08-07 12:24:07,043 INFO  [org.apa.kaf.cli.con.int.ConsumerRebalanceListenerInvoker] (Thread-878) [Consumer clientId=consumer-Consumer-topic-1b527ba2_2803_4c03_9905_e3d2ab9ed7e6-36, groupId=Consumer-topic-1b527ba2_2803_4c03_9905_e3d2ab9ed7e6] Revoke previously assigned partitions topic-1b527ba2_2803_4c03_9905_e3d2ab9ed7e6-0
2025-08-07 12:24:07,043 INFO  [org.apa.kaf.cli.con.int.ConsumerCoordinator] (Thread-878) [Consumer clientId=consumer-Consumer-topic-1b527ba2_2803_4c03_9905_e3d2ab9ed7e6-36, groupId=Consumer-topic-1b527ba2_2803_4c03_9905_e3d2ab9ed7e6] Member consumer-Consumer-topic-1b527ba2_2803_4c03_9905_e3d2ab9ed7e6-36-d9ff6022-42de-4302-8cd7-b06171ac344c sending LeaveGroup request to coordinator localhost:32769 (id: 2147483647 rack: null) due to the consumer is being closed
2025-08-07 12:24:07,044 INFO  [org.apa.kaf.cli.con.int.ConsumerCoordinator] (Thread-878) [Consumer clientId=consumer-Consumer-topic-1b527ba2_2803_4c03_9905_e3d2ab9ed7e6-36, groupId=Consumer-topic-1b527ba2_2803_4c03_9905_e3d2ab9ed7e6] Resetting generation and member id due to: consumer pro-actively leaving the group
2025-08-07 12:24:07,044 INFO  [org.apa.kaf.cli.con.int.ConsumerCoordinator] (Thread-878) [Consumer clientId=consumer-Consumer-topic-1b527ba2_2803_4c03_9905_e3d2ab9ed7e6-36, groupId=Consumer-topic-1b527ba2_2803_4c03_9905_e3d2ab9ed7e6] Request joining group due to: consumer pro-actively leaving the group
2025-08-07 12:24:07,539 INFO  [org.apa.kaf.com.met.Metrics] (Thread-878) Metrics scheduler closed
2025-08-07 12:24:07,539 INFO  [org.apa.kaf.com.met.Metrics] (Thread-878) Closing reporter org.apache.kafka.common.metrics.JmxReporter
2025-08-07 12:24:07,539 INFO  [org.apa.kaf.com.met.Metrics] (Thread-878) Closing reporter org.apache.kafka.common.telemetry.internals.ClientTelemetryReporter
2025-08-07 12:24:07,539 INFO  [org.apa.kaf.com.met.Metrics] (Thread-878) Metrics reporters closed
2025-08-07 12:24:07,540 INFO  [org.apa.kaf.com.uti.AppInfoParser] (Thread-878) App info kafka.consumer for consumer-Consumer-topic-1b527ba2_2803_4c03_9905_e3d2ab9ed7e6-36 unregistered
2025-08-07 12:24:07,541 INFO  [org.apa.kaf.cli.pro.KafkaProducer] (main) [Producer clientId=Producer-topic-1b527ba2_2803_4c03_9905_e3d2ab9ed7e6] Closing the Kafka producer with timeoutMillis = 9223372036854775807 ms.
2025-08-07 12:24:07,541 INFO  [org.apa.kaf.com.met.Metrics] (main) Metrics scheduler closed
2025-08-07 12:24:07,541 INFO  [org.apa.kaf.com.met.Metrics] (main) Closing reporter org.apache.kafka.common.metrics.JmxReporter
2025-08-07 12:24:07,541 INFO  [org.apa.kaf.com.met.Metrics] (main) Closing reporter org.apache.kafka.common.telemetry.internals.ClientTelemetryReporter
2025-08-07 12:24:07,541 INFO  [org.apa.kaf.com.met.Metrics] (main) Metrics reporters closed
2025-08-07 12:24:07,541 INFO  [org.apa.kaf.com.uti.AppInfoParser] (main) App info kafka.producer for Producer-topic-1b527ba2_2803_4c03_9905_e3d2ab9ed7e6 unregistered
2025-08-07 12:24:07,564 INFO  [io.api.tes.ser.con.BasicConfluentSerDesIT] (main) Deleting confluent schema topic-1b527ba2_2803_4c03_9905_e3d2ab9ed7e6-s31f15fafxbf8fx4398x967dxb8fdd598e5f6
2025-08-07 12:24:07,580 INFO  [io.api.tes.uti.TestSeparator] (main) io.apicurio.tests.serdes.confluent.BasicConfluentSerDesIT.testEvolveAvroConfluent-FINISHED
2025-08-07 12:24:07,580 INFO  [io.api.tes.uti.TestSeparator] (main) ############################################################################
Test passed: testEvolveAvroConfluent
]]></system-out>
  </testcase>
  <testcase name="testAvroConfluentSerDes" classname="io.apicurio.tests.serdes.confluent.BasicConfluentSerDesIT" time="3.681">
    <system-out><![CDATA[2025-08-07 12:24:07,581 INFO  [io.api.tes.uti.TestSeparator] (main) ############################################################################
2025-08-07 12:24:07,581 INFO  [io.api.tes.uti.TestSeparator] (main) io.apicurio.tests.serdes.confluent.BasicConfluentSerDesIT.testAvroConfluentSerDes-STARTED
2025-08-07 12:24:07,629 INFO  [io.api.tes.ser.con.BasicConfluentSerDesIT] (main) Checking that created schema is equal to the get schema
2025-08-07 12:24:07,639 INFO  [io.api.tes.ser.con.BasicConfluentSerDesIT] (main) Created schema with id:111 and name:myrecordconfluent1
**** Registry Base URL: http://registry-app-inmemory.apps.ci419.apicurio-testing.org:80
2025-08-07 12:24:07,640 INFO  [org.apa.kaf.cli.pro.ProducerConfig] (main) ProducerConfig values: 
	acks = -1
	auto.include.jmx.reporter = true
	batch.size = 16384
	bootstrap.servers = [PLAINTEXT://localhost:32769]
	buffer.memory = 33554432
	client.dns.lookup = use_all_dns_ips
	client.id = Producer-topic-03a04187_a12d_469b_a49e_edb4c8d98269
	compression.gzip.level = -1
	compression.lz4.level = 9
	compression.type = none
	compression.zstd.level = 3
	connections.max.idle.ms = 10000
	delivery.timeout.ms = 120000
	enable.idempotence = true
	enable.metrics.push = true
	interceptor.classes = []
	key.serializer = class org.apache.kafka.common.serialization.StringSerializer
	linger.ms = 0
	max.block.ms = 60000
	max.in.flight.requests.per.connection = 5
	max.request.size = 1048576
	metadata.max.age.ms = 300000
	metadata.max.idle.ms = 300000
	metadata.recovery.strategy = none
	metric.reporters = []
	metrics.num.samples = 2
	metrics.recording.level = INFO
	metrics.sample.window.ms = 30000
	partitioner.adaptive.partitioning.enable = true
	partitioner.availability.timeout.ms = 0
	partitioner.class = null
	partitioner.ignore.keys = false
	receive.buffer.bytes = 32768
	reconnect.backoff.max.ms = 1000
	reconnect.backoff.ms = 50
	request.timeout.ms = 5000
	retries = 2147483647
	retry.backoff.max.ms = 1000
	retry.backoff.ms = 100
	sasl.client.callback.handler.class = null
	sasl.jaas.config = null
	sasl.kerberos.kinit.cmd = /usr/bin/kinit
	sasl.kerberos.min.time.before.relogin = 60000
	sasl.kerberos.service.name = null
	sasl.kerberos.ticket.renew.jitter = 0.05
	sasl.kerberos.ticket.renew.window.factor = 0.8
	sasl.login.callback.handler.class = null
	sasl.login.class = null
	sasl.login.connect.timeout.ms = null
	sasl.login.read.timeout.ms = null
	sasl.login.refresh.buffer.seconds = 300
	sasl.login.refresh.min.period.seconds = 60
	sasl.login.refresh.window.factor = 0.8
	sasl.login.refresh.window.jitter = 0.05
	sasl.login.retry.backoff.max.ms = 10000
	sasl.login.retry.backoff.ms = 100
	sasl.mechanism = GSSAPI
	sasl.oauthbearer.clock.skew.seconds = 30
	sasl.oauthbearer.expected.audience = null
	sasl.oauthbearer.expected.issuer = null
	sasl.oauthbearer.header.urlencode = false
	sasl.oauthbearer.jwks.endpoint.refresh.ms = 3600000
	sasl.oauthbearer.jwks.endpoint.retry.backoff.max.ms = 10000
	sasl.oauthbearer.jwks.endpoint.retry.backoff.ms = 100
	sasl.oauthbearer.jwks.endpoint.url = null
	sasl.oauthbearer.scope.claim.name = scope
	sasl.oauthbearer.sub.claim.name = sub
	sasl.oauthbearer.token.endpoint.url = null
	security.protocol = PLAINTEXT
	security.providers = null
	send.buffer.bytes = 131072
	socket.connection.setup.timeout.max.ms = 30000
	socket.connection.setup.timeout.ms = 10000
	ssl.cipher.suites = null
	ssl.enabled.protocols = [TLSv1.2, TLSv1.3]
	ssl.endpoint.identification.algorithm = https
	ssl.engine.factory.class = null
	ssl.key.password = null
	ssl.keymanager.algorithm = SunX509
	ssl.keystore.certificate.chain = null
	ssl.keystore.key = null
	ssl.keystore.location = null
	ssl.keystore.password = null
	ssl.keystore.type = JKS
	ssl.protocol = TLSv1.3
	ssl.provider = null
	ssl.secure.random.implementation = null
	ssl.trustmanager.algorithm = PKIX
	ssl.truststore.certificates = null
	ssl.truststore.location = null
	ssl.truststore.password = null
	ssl.truststore.type = JKS
	transaction.timeout.ms = 60000
	transactional.id = null
	value.serializer = class io.confluent.kafka.serializers.KafkaAvroSerializer

2025-08-07 12:24:07,641 INFO  [org.apa.kaf.com.tel.int.KafkaMetricsCollector] (main) initializing Kafka metrics collector
2025-08-07 12:24:07,641 INFO  [io.con.kaf.ser.KafkaAvroSerializerConfig] (main) KafkaAvroSerializerConfig values: 
	auto.register.schemas = false
	avro.reflection.allow.null = false
	avro.remove.java.properties = false
	avro.use.logical.type.converters = false
	basic.auth.credentials.source = URL
	basic.auth.user.info = [hidden]
	bearer.auth.cache.expiry.buffer.seconds = 300
	bearer.auth.client.id = null
	bearer.auth.client.secret = null
	bearer.auth.credentials.source = STATIC_TOKEN
	bearer.auth.custom.provider.class = null
	bearer.auth.identity.pool.id = null
	bearer.auth.issuer.endpoint.url = null
	bearer.auth.logical.cluster = null
	bearer.auth.scope = null
	bearer.auth.scope.claim.name = scope
	bearer.auth.sub.claim.name = sub
	bearer.auth.token = [hidden]
	context.name.strategy = class io.confluent.kafka.serializers.context.NullContextNameStrategy
	http.connect.timeout.ms = 60000
	http.read.timeout.ms = 60000
	id.compatibility.strict = true
	key.schema.id.deserializer = class io.confluent.kafka.serializers.schema.id.DualSchemaIdDeserializer
	key.schema.id.serializer = class io.confluent.kafka.serializers.schema.id.PrefixSchemaIdSerializer
	key.subject.name.strategy = class io.confluent.kafka.serializers.subject.TopicNameStrategy
	latest.cache.size = 1000
	latest.cache.ttl.sec = -1
	latest.compatibility.strict = true
	max.retries = 3
	max.schemas.per.subject = 1000
	normalize.schemas = false
	propagate.schema.tags = false
	proxy.host = 
	proxy.port = -1
	retries.max.wait.ms = 20000
	retries.wait.ms = 1000
	rule.actions = []
	rule.executors = []
	rule.service.loader.enable = true
	schema.format = null
	schema.reflection = false
	schema.registry.basic.auth.user.info = [hidden]
	schema.registry.ssl.cipher.suites = null
	schema.registry.ssl.enabled.protocols = [TLSv1.2, TLSv1.3]
	schema.registry.ssl.endpoint.identification.algorithm = https
	schema.registry.ssl.engine.factory.class = null
	schema.registry.ssl.key.password = null
	schema.registry.ssl.keymanager.algorithm = SunX509
	schema.registry.ssl.keystore.certificate.chain = null
	schema.registry.ssl.keystore.key = null
	schema.registry.ssl.keystore.location = null
	schema.registry.ssl.keystore.password = null
	schema.registry.ssl.keystore.type = JKS
	schema.registry.ssl.protocol = TLSv1.3
	schema.registry.ssl.provider = null
	schema.registry.ssl.secure.random.implementation = null
	schema.registry.ssl.trustmanager.algorithm = PKIX
	schema.registry.ssl.truststore.certificates = null
	schema.registry.ssl.truststore.location = null
	schema.registry.ssl.truststore.password = null
	schema.registry.ssl.truststore.type = JKS
	schema.registry.url = [http://registry-app-inmemory.apps.ci419.apicurio-testing.org:80/apis/ccompat/v7]
	schema.registry.url.randomize = false
	use.latest.version = false
	use.latest.with.metadata = null
	use.schema.id = -1
	value.schema.id.deserializer = class io.confluent.kafka.serializers.schema.id.DualSchemaIdDeserializer
	value.schema.id.serializer = class io.confluent.kafka.serializers.schema.id.PrefixSchemaIdSerializer
	value.subject.name.strategy = class io.confluent.kafka.serializers.subject.TopicNameStrategy

2025-08-07 12:24:07,642 INFO  [org.apa.kaf.cli.pro.KafkaProducer] (main) [Producer clientId=Producer-topic-03a04187_a12d_469b_a49e_edb4c8d98269] Instantiated an idempotent producer.
2025-08-07 12:24:07,643 INFO  [org.apa.kaf.cli.pro.ProducerConfig] (main) These configurations '[schema.registry.url, auto.register.schemas, value.subject.name.strategy]' were supplied but are not used yet.
2025-08-07 12:24:07,643 INFO  [org.apa.kaf.com.uti.AppInfoParser] (main) Kafka version: 3.9.1
2025-08-07 12:24:07,643 INFO  [org.apa.kaf.com.uti.AppInfoParser] (main) Kafka commitId: f745dfdcee2b9851
2025-08-07 12:24:07,643 INFO  [org.apa.kaf.com.uti.AppInfoParser] (main) Kafka startTimeMs: 1754569447643
2025-08-07 12:24:07,644 INFO  [io.api.tes.ser.api.SimpleSerdesTesterBuilder$SimpleSerdesTester] (main) Using producer configuration: {schema.registry.url=http://registry-app-inmemory.apps.ci419.apicurio-testing.org:80/apis/ccompat/v7, value.serializer=io.confluent.kafka.serializers.KafkaAvroSerializer, request.timeout.ms=5000, auto.register.schemas=false, acks=all, bootstrap.servers=PLAINTEXT://localhost:32769, connections.max.idle.ms=10000, key.serializer=org.apache.kafka.common.serialization.StringSerializer, value.subject.name.strategy=io.confluent.kafka.serializers.subject.TopicNameStrategy, client.id=Producer-topic-03a04187_a12d_469b_a49e_edb4c8d98269}
2025-08-07 12:24:07,644 INFO  [io.api.tes.ser.api.SimpleSerdesTesterBuilder$SimpleSerdesTester] (main) Using consumer configuration: {}
2025-08-07 12:24:07,644 INFO  [io.api.tes.ser.api.KafkaSerdesTester] (Thread-879) Sending message {"key1": "value-0"} to topic topic-03a04187_a12d_469b_a49e_edb4c8d98269
2025-08-07 12:24:07,646 INFO  [org.apa.kaf.cli.Metadata] (kafka-producer-network-thread | Producer-topic-03a04187_a12d_469b_a49e_edb4c8d98269) [Producer clientId=Producer-topic-03a04187_a12d_469b_a49e_edb4c8d98269] Cluster ID: CeYNmdzmRCaaSk-AVslC4g
2025-08-07 12:24:07,646 INFO  [org.apa.kaf.cli.pro.int.TransactionManager] (kafka-producer-network-thread | Producer-topic-03a04187_a12d_469b_a49e_edb4c8d98269) [Producer clientId=Producer-topic-03a04187_a12d_469b_a49e_edb4c8d98269] ProducerId set to 50 with epoch 0
2025-08-07 12:24:07,664 INFO  [io.api.tes.ser.api.KafkaSerdesTester] (Thread-879) Sending message {"key1": "value-1"} to topic topic-03a04187_a12d_469b_a49e_edb4c8d98269
2025-08-07 12:24:07,665 INFO  [io.api.tes.ser.api.KafkaSerdesTester] (Thread-879) Sending message {"key1": "value-2"} to topic topic-03a04187_a12d_469b_a49e_edb4c8d98269
2025-08-07 12:24:07,666 INFO  [io.api.tes.ser.api.KafkaSerdesTester] (Thread-879) Sending message {"key1": "value-3"} to topic topic-03a04187_a12d_469b_a49e_edb4c8d98269
2025-08-07 12:24:07,667 INFO  [io.api.tes.ser.api.KafkaSerdesTester] (Thread-879) Sending message {"key1": "value-4"} to topic topic-03a04187_a12d_469b_a49e_edb4c8d98269
2025-08-07 12:24:07,668 INFO  [io.api.tes.ser.api.KafkaSerdesTester] (Thread-879) Sending message {"key1": "value-5"} to topic topic-03a04187_a12d_469b_a49e_edb4c8d98269
2025-08-07 12:24:07,669 INFO  [io.api.tes.ser.api.KafkaSerdesTester] (Thread-879) Sending message {"key1": "value-6"} to topic topic-03a04187_a12d_469b_a49e_edb4c8d98269
2025-08-07 12:24:07,669 INFO  [io.api.tes.ser.api.KafkaSerdesTester] (Thread-879) Sending message {"key1": "value-7"} to topic topic-03a04187_a12d_469b_a49e_edb4c8d98269
2025-08-07 12:24:07,670 INFO  [io.api.tes.ser.api.KafkaSerdesTester] (Thread-879) Sending message {"key1": "value-8"} to topic topic-03a04187_a12d_469b_a49e_edb4c8d98269
2025-08-07 12:24:07,671 INFO  [io.api.tes.ser.api.KafkaSerdesTester] (Thread-879) Sending message {"key1": "value-9"} to topic topic-03a04187_a12d_469b_a49e_edb4c8d98269
2025-08-07 12:24:07,672 INFO  [io.api.tes.ser.api.KafkaSerdesTester] (Thread-879) Produced 10 messages
2025-08-07 12:24:07,672 INFO  [org.apa.kaf.cli.pro.KafkaProducer] (Thread-879) [Producer clientId=Producer-topic-03a04187_a12d_469b_a49e_edb4c8d98269] Closing the Kafka producer with timeoutMillis = 9223372036854775807 ms.
2025-08-07 12:24:07,674 INFO  [org.apa.kaf.com.met.Metrics] (Thread-879) Metrics scheduler closed
2025-08-07 12:24:07,674 INFO  [org.apa.kaf.com.met.Metrics] (Thread-879) Closing reporter org.apache.kafka.common.metrics.JmxReporter
2025-08-07 12:24:07,674 INFO  [org.apa.kaf.com.met.Metrics] (Thread-879) Closing reporter org.apache.kafka.common.telemetry.internals.ClientTelemetryReporter
2025-08-07 12:24:07,674 INFO  [org.apa.kaf.com.met.Metrics] (Thread-879) Metrics reporters closed
2025-08-07 12:24:07,674 INFO  [org.apa.kaf.com.uti.AppInfoParser] (Thread-879) App info kafka.producer for Producer-topic-03a04187_a12d_469b_a49e_edb4c8d98269 unregistered
**** Registry Base URL: http://registry-app-inmemory.apps.ci419.apicurio-testing.org:80
2025-08-07 12:24:07,675 INFO  [org.apa.kaf.cli.con.ConsumerConfig] (main) ConsumerConfig values: 
	allow.auto.create.topics = true
	auto.commit.interval.ms = 500
	auto.include.jmx.reporter = true
	auto.offset.reset = earliest
	bootstrap.servers = [PLAINTEXT://localhost:32769]
	check.crcs = true
	client.dns.lookup = use_all_dns_ips
	client.id = consumer-Consumer-topic-03a04187_a12d_469b_a49e_edb4c8d98269-37
	client.rack = 
	connections.max.idle.ms = 10000
	default.api.timeout.ms = 60000
	enable.auto.commit = true
	enable.metrics.push = true
	exclude.internal.topics = true
	fetch.max.bytes = 52428800
	fetch.max.wait.ms = 500
	fetch.min.bytes = 1
	group.id = Consumer-topic-03a04187_a12d_469b_a49e_edb4c8d98269
	group.instance.id = null
	group.protocol = classic
	group.remote.assignor = null
	heartbeat.interval.ms = 3000
	interceptor.classes = []
	internal.leave.group.on.close = true
	internal.throw.on.fetch.stable.offset.unsupported = false
	isolation.level = read_uncommitted
	key.deserializer = class org.apache.kafka.common.serialization.StringDeserializer
	max.partition.fetch.bytes = 1048576
	max.poll.interval.ms = 300000
	max.poll.records = 500
	metadata.max.age.ms = 300000
	metadata.recovery.strategy = none
	metric.reporters = []
	metrics.num.samples = 2
	metrics.recording.level = INFO
	metrics.sample.window.ms = 30000
	partition.assignment.strategy = [class org.apache.kafka.clients.consumer.RangeAssignor, class org.apache.kafka.clients.consumer.CooperativeStickyAssignor]
	receive.buffer.bytes = 65536
	reconnect.backoff.max.ms = 1000
	reconnect.backoff.ms = 50
	request.timeout.ms = 5000
	retry.backoff.max.ms = 1000
	retry.backoff.ms = 100
	sasl.client.callback.handler.class = null
	sasl.jaas.config = null
	sasl.kerberos.kinit.cmd = /usr/bin/kinit
	sasl.kerberos.min.time.before.relogin = 60000
	sasl.kerberos.service.name = null
	sasl.kerberos.ticket.renew.jitter = 0.05
	sasl.kerberos.ticket.renew.window.factor = 0.8
	sasl.login.callback.handler.class = null
	sasl.login.class = null
	sasl.login.connect.timeout.ms = null
	sasl.login.read.timeout.ms = null
	sasl.login.refresh.buffer.seconds = 300
	sasl.login.refresh.min.period.seconds = 60
	sasl.login.refresh.window.factor = 0.8
	sasl.login.refresh.window.jitter = 0.05
	sasl.login.retry.backoff.max.ms = 10000
	sasl.login.retry.backoff.ms = 100
	sasl.mechanism = GSSAPI
	sasl.oauthbearer.clock.skew.seconds = 30
	sasl.oauthbearer.expected.audience = null
	sasl.oauthbearer.expected.issuer = null
	sasl.oauthbearer.header.urlencode = false
	sasl.oauthbearer.jwks.endpoint.refresh.ms = 3600000
	sasl.oauthbearer.jwks.endpoint.retry.backoff.max.ms = 10000
	sasl.oauthbearer.jwks.endpoint.retry.backoff.ms = 100
	sasl.oauthbearer.jwks.endpoint.url = null
	sasl.oauthbearer.scope.claim.name = scope
	sasl.oauthbearer.sub.claim.name = sub
	sasl.oauthbearer.token.endpoint.url = null
	security.protocol = PLAINTEXT
	security.providers = null
	send.buffer.bytes = 131072
	session.timeout.ms = 45000
	socket.connection.setup.timeout.max.ms = 30000
	socket.connection.setup.timeout.ms = 10000
	ssl.cipher.suites = null
	ssl.enabled.protocols = [TLSv1.2, TLSv1.3]
	ssl.endpoint.identification.algorithm = https
	ssl.engine.factory.class = null
	ssl.key.password = null
	ssl.keymanager.algorithm = SunX509
	ssl.keystore.certificate.chain = null
	ssl.keystore.key = null
	ssl.keystore.location = null
	ssl.keystore.password = null
	ssl.keystore.type = JKS
	ssl.protocol = TLSv1.3
	ssl.provider = null
	ssl.secure.random.implementation = null
	ssl.trustmanager.algorithm = PKIX
	ssl.truststore.certificates = null
	ssl.truststore.location = null
	ssl.truststore.password = null
	ssl.truststore.type = JKS
	value.deserializer = class io.confluent.kafka.serializers.KafkaAvroDeserializer

2025-08-07 12:24:07,675 INFO  [org.apa.kaf.com.tel.int.KafkaMetricsCollector] (main) initializing Kafka metrics collector
2025-08-07 12:24:07,675 INFO  [io.con.kaf.ser.KafkaAvroDeserializerConfig] (main) KafkaAvroDeserializerConfig values: 
	auto.register.schemas = true
	avro.reflection.allow.null = false
	avro.use.logical.type.converters = false
	basic.auth.credentials.source = URL
	basic.auth.user.info = [hidden]
	bearer.auth.cache.expiry.buffer.seconds = 300
	bearer.auth.client.id = null
	bearer.auth.client.secret = null
	bearer.auth.credentials.source = STATIC_TOKEN
	bearer.auth.custom.provider.class = null
	bearer.auth.identity.pool.id = null
	bearer.auth.issuer.endpoint.url = null
	bearer.auth.logical.cluster = null
	bearer.auth.scope = null
	bearer.auth.scope.claim.name = scope
	bearer.auth.sub.claim.name = sub
	bearer.auth.token = [hidden]
	context.name.strategy = class io.confluent.kafka.serializers.context.NullContextNameStrategy
	http.connect.timeout.ms = 60000
	http.read.timeout.ms = 60000
	id.compatibility.strict = true
	key.schema.id.deserializer = class io.confluent.kafka.serializers.schema.id.DualSchemaIdDeserializer
	key.schema.id.serializer = class io.confluent.kafka.serializers.schema.id.PrefixSchemaIdSerializer
	key.subject.name.strategy = class io.confluent.kafka.serializers.subject.TopicNameStrategy
	latest.cache.size = 1000
	latest.cache.ttl.sec = -1
	latest.compatibility.strict = true
	max.retries = 3
	max.schemas.per.subject = 1000
	normalize.schemas = false
	propagate.schema.tags = false
	proxy.host = 
	proxy.port = -1
	retries.max.wait.ms = 20000
	retries.wait.ms = 1000
	rule.actions = []
	rule.executors = []
	rule.service.loader.enable = true
	schema.format = null
	schema.reflection = false
	schema.registry.basic.auth.user.info = [hidden]
	schema.registry.ssl.cipher.suites = null
	schema.registry.ssl.enabled.protocols = [TLSv1.2, TLSv1.3]
	schema.registry.ssl.endpoint.identification.algorithm = https
	schema.registry.ssl.engine.factory.class = null
	schema.registry.ssl.key.password = null
	schema.registry.ssl.keymanager.algorithm = SunX509
	schema.registry.ssl.keystore.certificate.chain = null
	schema.registry.ssl.keystore.key = null
	schema.registry.ssl.keystore.location = null
	schema.registry.ssl.keystore.password = null
	schema.registry.ssl.keystore.type = JKS
	schema.registry.ssl.protocol = TLSv1.3
	schema.registry.ssl.provider = null
	schema.registry.ssl.secure.random.implementation = null
	schema.registry.ssl.trustmanager.algorithm = PKIX
	schema.registry.ssl.truststore.certificates = null
	schema.registry.ssl.truststore.location = null
	schema.registry.ssl.truststore.password = null
	schema.registry.ssl.truststore.type = JKS
	schema.registry.url = [http://registry-app-inmemory.apps.ci419.apicurio-testing.org:80/apis/ccompat/v7]
	schema.registry.url.randomize = false
	specific.avro.key.type = null
	specific.avro.reader = false
	specific.avro.value.type = null
	use.latest.version = false
	use.latest.with.metadata = null
	use.schema.id = -1
	value.schema.id.deserializer = class io.confluent.kafka.serializers.schema.id.DualSchemaIdDeserializer
	value.schema.id.serializer = class io.confluent.kafka.serializers.schema.id.PrefixSchemaIdSerializer
	value.subject.name.strategy = class io.confluent.kafka.serializers.subject.TopicNameStrategy

2025-08-07 12:24:07,678 INFO  [org.apa.kaf.cli.con.ConsumerConfig] (main) These configurations '[schema.registry.url]' were supplied but are not used yet.
2025-08-07 12:24:07,678 INFO  [org.apa.kaf.com.uti.AppInfoParser] (main) Kafka version: 3.9.1
2025-08-07 12:24:07,678 INFO  [org.apa.kaf.com.uti.AppInfoParser] (main) Kafka commitId: f745dfdcee2b9851
2025-08-07 12:24:07,678 INFO  [org.apa.kaf.com.uti.AppInfoParser] (main) Kafka startTimeMs: 1754569447678
2025-08-07 12:24:07,678 INFO  [org.apa.kaf.cli.con.int.ClassicKafkaConsumer] (Thread-880) [Consumer clientId=consumer-Consumer-topic-03a04187_a12d_469b_a49e_edb4c8d98269-37, groupId=Consumer-topic-03a04187_a12d_469b_a49e_edb4c8d98269] Subscribed to topic(s): topic-03a04187_a12d_469b_a49e_edb4c8d98269
2025-08-07 12:24:07,680 INFO  [org.apa.kaf.cli.Metadata] (Thread-880) [Consumer clientId=consumer-Consumer-topic-03a04187_a12d_469b_a49e_edb4c8d98269-37, groupId=Consumer-topic-03a04187_a12d_469b_a49e_edb4c8d98269] Cluster ID: CeYNmdzmRCaaSk-AVslC4g
2025-08-07 12:24:07,681 INFO  [org.apa.kaf.cli.con.int.ConsumerCoordinator] (Thread-880) [Consumer clientId=consumer-Consumer-topic-03a04187_a12d_469b_a49e_edb4c8d98269-37, groupId=Consumer-topic-03a04187_a12d_469b_a49e_edb4c8d98269] Discovered group coordinator localhost:32769 (id: 2147483647 rack: null)
2025-08-07 12:24:07,682 INFO  [org.apa.kaf.cli.con.int.ConsumerCoordinator] (Thread-880) [Consumer clientId=consumer-Consumer-topic-03a04187_a12d_469b_a49e_edb4c8d98269-37, groupId=Consumer-topic-03a04187_a12d_469b_a49e_edb4c8d98269] (Re-)joining group
2025-08-07 12:24:07,683 INFO  [org.apa.kaf.cli.con.int.ConsumerCoordinator] (Thread-880) [Consumer clientId=consumer-Consumer-topic-03a04187_a12d_469b_a49e_edb4c8d98269-37, groupId=Consumer-topic-03a04187_a12d_469b_a49e_edb4c8d98269] Request joining group due to: need to re-join with the given member-id: consumer-Consumer-topic-03a04187_a12d_469b_a49e_edb4c8d98269-37-3f35fd68-1951-46b9-969d-6d9ca883294a
2025-08-07 12:24:07,684 INFO  [org.apa.kaf.cli.con.int.ConsumerCoordinator] (Thread-880) [Consumer clientId=consumer-Consumer-topic-03a04187_a12d_469b_a49e_edb4c8d98269-37, groupId=Consumer-topic-03a04187_a12d_469b_a49e_edb4c8d98269] (Re-)joining group
2025-08-07 12:24:08,679 INFO  [io.api.tes.ser.api.KafkaSerdesTester] (Thread-880) None found
2025-08-07 12:24:09,680 INFO  [io.api.tes.ser.api.KafkaSerdesTester] (Thread-880) None found
2025-08-07 12:24:10,681 INFO  [io.api.tes.ser.api.KafkaSerdesTester] (Thread-880) None found
2025-08-07 12:24:10,685 INFO  [org.apa.kaf.cli.con.int.ConsumerCoordinator] (Thread-880) [Consumer clientId=consumer-Consumer-topic-03a04187_a12d_469b_a49e_edb4c8d98269-37, groupId=Consumer-topic-03a04187_a12d_469b_a49e_edb4c8d98269] Successfully joined group with generation Generation{generationId=1, memberId='consumer-Consumer-topic-03a04187_a12d_469b_a49e_edb4c8d98269-37-3f35fd68-1951-46b9-969d-6d9ca883294a', protocol='range'}
2025-08-07 12:24:10,686 INFO  [org.apa.kaf.cli.con.int.ConsumerCoordinator] (Thread-880) [Consumer clientId=consumer-Consumer-topic-03a04187_a12d_469b_a49e_edb4c8d98269-37, groupId=Consumer-topic-03a04187_a12d_469b_a49e_edb4c8d98269] Finished assignment for group at generation 1: {consumer-Consumer-topic-03a04187_a12d_469b_a49e_edb4c8d98269-37-3f35fd68-1951-46b9-969d-6d9ca883294a=Assignment(partitions=[topic-03a04187_a12d_469b_a49e_edb4c8d98269-0])}
2025-08-07 12:24:10,692 INFO  [org.apa.kaf.cli.con.int.ConsumerCoordinator] (Thread-880) [Consumer clientId=consumer-Consumer-topic-03a04187_a12d_469b_a49e_edb4c8d98269-37, groupId=Consumer-topic-03a04187_a12d_469b_a49e_edb4c8d98269] Successfully synced group in generation Generation{generationId=1, memberId='consumer-Consumer-topic-03a04187_a12d_469b_a49e_edb4c8d98269-37-3f35fd68-1951-46b9-969d-6d9ca883294a', protocol='range'}
2025-08-07 12:24:10,692 INFO  [org.apa.kaf.cli.con.int.ConsumerCoordinator] (Thread-880) [Consumer clientId=consumer-Consumer-topic-03a04187_a12d_469b_a49e_edb4c8d98269-37, groupId=Consumer-topic-03a04187_a12d_469b_a49e_edb4c8d98269] Notifying assignor about the new Assignment(partitions=[topic-03a04187_a12d_469b_a49e_edb4c8d98269-0])
2025-08-07 12:24:10,692 INFO  [org.apa.kaf.cli.con.int.ConsumerRebalanceListenerInvoker] (Thread-880) [Consumer clientId=consumer-Consumer-topic-03a04187_a12d_469b_a49e_edb4c8d98269-37, groupId=Consumer-topic-03a04187_a12d_469b_a49e_edb4c8d98269] Adding newly assigned partitions: topic-03a04187_a12d_469b_a49e_edb4c8d98269-0
2025-08-07 12:24:10,693 INFO  [org.apa.kaf.cli.con.int.ConsumerCoordinator] (Thread-880) [Consumer clientId=consumer-Consumer-topic-03a04187_a12d_469b_a49e_edb4c8d98269-37, groupId=Consumer-topic-03a04187_a12d_469b_a49e_edb4c8d98269] Found no committed offset for partition topic-03a04187_a12d_469b_a49e_edb4c8d98269-0
2025-08-07 12:24:10,697 INFO  [org.apa.kaf.cli.con.int.SubscriptionState] (Thread-880) [Consumer clientId=consumer-Consumer-topic-03a04187_a12d_469b_a49e_edb4c8d98269-37, groupId=Consumer-topic-03a04187_a12d_469b_a49e_edb4c8d98269] Resetting offset for partition topic-03a04187_a12d_469b_a49e_edb4c8d98269-0 to position FetchPosition{offset=0, offsetEpoch=Optional.empty, currentLeader=LeaderAndEpoch{leader=Optional[localhost:32769 (id: 0 rack: null)], epoch=0}}.
2025-08-07 12:24:10,712 INFO  [io.api.tes.ser.api.KafkaSerdesTester] (Thread-880) topic-03a04187_a12d_469b_a49e_edb4c8d98269 0 0 {"key1": "value-0"}
2025-08-07 12:24:10,712 INFO  [io.api.tes.ser.api.KafkaSerdesTester] (Thread-880) topic-03a04187_a12d_469b_a49e_edb4c8d98269 0 1 {"key1": "value-1"}
2025-08-07 12:24:10,712 INFO  [io.api.tes.ser.api.KafkaSerdesTester] (Thread-880) topic-03a04187_a12d_469b_a49e_edb4c8d98269 0 2 {"key1": "value-2"}
2025-08-07 12:24:10,712 INFO  [io.api.tes.ser.api.KafkaSerdesTester] (Thread-880) topic-03a04187_a12d_469b_a49e_edb4c8d98269 0 3 {"key1": "value-3"}
2025-08-07 12:24:10,712 INFO  [io.api.tes.ser.api.KafkaSerdesTester] (Thread-880) topic-03a04187_a12d_469b_a49e_edb4c8d98269 0 4 {"key1": "value-4"}
2025-08-07 12:24:10,712 INFO  [io.api.tes.ser.api.KafkaSerdesTester] (Thread-880) topic-03a04187_a12d_469b_a49e_edb4c8d98269 0 5 {"key1": "value-5"}
2025-08-07 12:24:10,712 INFO  [io.api.tes.ser.api.KafkaSerdesTester] (Thread-880) topic-03a04187_a12d_469b_a49e_edb4c8d98269 0 6 {"key1": "value-6"}
2025-08-07 12:24:10,712 INFO  [io.api.tes.ser.api.KafkaSerdesTester] (Thread-880) topic-03a04187_a12d_469b_a49e_edb4c8d98269 0 7 {"key1": "value-7"}
2025-08-07 12:24:10,712 INFO  [io.api.tes.ser.api.KafkaSerdesTester] (Thread-880) topic-03a04187_a12d_469b_a49e_edb4c8d98269 0 8 {"key1": "value-8"}
2025-08-07 12:24:10,712 INFO  [io.api.tes.ser.api.KafkaSerdesTester] (Thread-880) topic-03a04187_a12d_469b_a49e_edb4c8d98269 0 9 {"key1": "value-9"}
2025-08-07 12:24:10,712 INFO  [io.api.tes.ser.api.KafkaSerdesTester] (Thread-880) Consumed 10 messages
2025-08-07 12:24:10,718 INFO  [org.apa.kaf.cli.con.int.ConsumerRebalanceListenerInvoker] (Thread-880) [Consumer clientId=consumer-Consumer-topic-03a04187_a12d_469b_a49e_edb4c8d98269-37, groupId=Consumer-topic-03a04187_a12d_469b_a49e_edb4c8d98269] Revoke previously assigned partitions topic-03a04187_a12d_469b_a49e_edb4c8d98269-0
2025-08-07 12:24:10,718 INFO  [org.apa.kaf.cli.con.int.ConsumerCoordinator] (Thread-880) [Consumer clientId=consumer-Consumer-topic-03a04187_a12d_469b_a49e_edb4c8d98269-37, groupId=Consumer-topic-03a04187_a12d_469b_a49e_edb4c8d98269] Member consumer-Consumer-topic-03a04187_a12d_469b_a49e_edb4c8d98269-37-3f35fd68-1951-46b9-969d-6d9ca883294a sending LeaveGroup request to coordinator localhost:32769 (id: 2147483647 rack: null) due to the consumer is being closed
2025-08-07 12:24:10,718 INFO  [org.apa.kaf.cli.con.int.ConsumerCoordinator] (Thread-880) [Consumer clientId=consumer-Consumer-topic-03a04187_a12d_469b_a49e_edb4c8d98269-37, groupId=Consumer-topic-03a04187_a12d_469b_a49e_edb4c8d98269] Resetting generation and member id due to: consumer pro-actively leaving the group
2025-08-07 12:24:10,718 INFO  [org.apa.kaf.cli.con.int.ConsumerCoordinator] (Thread-880) [Consumer clientId=consumer-Consumer-topic-03a04187_a12d_469b_a49e_edb4c8d98269-37, groupId=Consumer-topic-03a04187_a12d_469b_a49e_edb4c8d98269] Request joining group due to: consumer pro-actively leaving the group
2025-08-07 12:24:11,211 INFO  [org.apa.kaf.com.met.Metrics] (Thread-880) Metrics scheduler closed
2025-08-07 12:24:11,211 INFO  [org.apa.kaf.com.met.Metrics] (Thread-880) Closing reporter org.apache.kafka.common.metrics.JmxReporter
2025-08-07 12:24:11,211 INFO  [org.apa.kaf.com.met.Metrics] (Thread-880) Closing reporter org.apache.kafka.common.telemetry.internals.ClientTelemetryReporter
2025-08-07 12:24:11,211 INFO  [org.apa.kaf.com.met.Metrics] (Thread-880) Metrics reporters closed
2025-08-07 12:24:11,213 INFO  [org.apa.kaf.com.uti.AppInfoParser] (Thread-880) App info kafka.consumer for consumer-Consumer-topic-03a04187_a12d_469b_a49e_edb4c8d98269-37 unregistered
2025-08-07 12:24:11,236 INFO  [io.api.tes.ser.con.BasicConfluentSerDesIT] (main) Deleting confluent schema topic-03a04187_a12d_469b_a49e_edb4c8d98269-value
2025-08-07 12:24:11,261 INFO  [io.api.tes.uti.TestSeparator] (main) io.apicurio.tests.serdes.confluent.BasicConfluentSerDesIT.testAvroConfluentSerDes-FINISHED
2025-08-07 12:24:11,262 INFO  [io.api.tes.uti.TestSeparator] (main) ############################################################################
Test passed: testAvroConfluentSerDes
]]></system-out>
  </testcase>
  <testcase name="testAvroConfluentForMultipleTopics" classname="io.apicurio.tests.serdes.confluent.BasicConfluentSerDesIT" time="10.952">
    <system-out><![CDATA[2025-08-07 12:24:11,263 INFO  [io.api.tes.uti.TestSeparator] (main) ############################################################################
2025-08-07 12:24:11,263 INFO  [io.api.tes.uti.TestSeparator] (main) io.apicurio.tests.serdes.confluent.BasicConfluentSerDesIT.testAvroConfluentForMultipleTopics-STARTED
2025-08-07 12:24:11,309 INFO  [io.api.tes.ser.con.BasicConfluentSerDesIT] (main) Checking that created schema is equal to the get schema
2025-08-07 12:24:11,326 INFO  [io.api.tes.ser.con.BasicConfluentSerDesIT] (main) Created schema with id:112 and name:myrecordconfluent6
**** Registry Base URL: http://registry-app-inmemory.apps.ci419.apicurio-testing.org:80
2025-08-07 12:24:11,329 INFO  [org.apa.kaf.cli.pro.ProducerConfig] (main) ProducerConfig values: 
	acks = -1
	auto.include.jmx.reporter = true
	batch.size = 16384
	bootstrap.servers = [PLAINTEXT://localhost:32769]
	buffer.memory = 33554432
	client.dns.lookup = use_all_dns_ips
	client.id = Producer-topic-c7d31b76_629d_4aa1_8790_c4145b189f1e
	compression.gzip.level = -1
	compression.lz4.level = 9
	compression.type = none
	compression.zstd.level = 3
	connections.max.idle.ms = 10000
	delivery.timeout.ms = 120000
	enable.idempotence = true
	enable.metrics.push = true
	interceptor.classes = []
	key.serializer = class org.apache.kafka.common.serialization.StringSerializer
	linger.ms = 0
	max.block.ms = 60000
	max.in.flight.requests.per.connection = 5
	max.request.size = 1048576
	metadata.max.age.ms = 300000
	metadata.max.idle.ms = 300000
	metadata.recovery.strategy = none
	metric.reporters = []
	metrics.num.samples = 2
	metrics.recording.level = INFO
	metrics.sample.window.ms = 30000
	partitioner.adaptive.partitioning.enable = true
	partitioner.availability.timeout.ms = 0
	partitioner.class = null
	partitioner.ignore.keys = false
	receive.buffer.bytes = 32768
	reconnect.backoff.max.ms = 1000
	reconnect.backoff.ms = 50
	request.timeout.ms = 5000
	retries = 2147483647
	retry.backoff.max.ms = 1000
	retry.backoff.ms = 100
	sasl.client.callback.handler.class = null
	sasl.jaas.config = null
	sasl.kerberos.kinit.cmd = /usr/bin/kinit
	sasl.kerberos.min.time.before.relogin = 60000
	sasl.kerberos.service.name = null
	sasl.kerberos.ticket.renew.jitter = 0.05
	sasl.kerberos.ticket.renew.window.factor = 0.8
	sasl.login.callback.handler.class = null
	sasl.login.class = null
	sasl.login.connect.timeout.ms = null
	sasl.login.read.timeout.ms = null
	sasl.login.refresh.buffer.seconds = 300
	sasl.login.refresh.min.period.seconds = 60
	sasl.login.refresh.window.factor = 0.8
	sasl.login.refresh.window.jitter = 0.05
	sasl.login.retry.backoff.max.ms = 10000
	sasl.login.retry.backoff.ms = 100
	sasl.mechanism = GSSAPI
	sasl.oauthbearer.clock.skew.seconds = 30
	sasl.oauthbearer.expected.audience = null
	sasl.oauthbearer.expected.issuer = null
	sasl.oauthbearer.header.urlencode = false
	sasl.oauthbearer.jwks.endpoint.refresh.ms = 3600000
	sasl.oauthbearer.jwks.endpoint.retry.backoff.max.ms = 10000
	sasl.oauthbearer.jwks.endpoint.retry.backoff.ms = 100
	sasl.oauthbearer.jwks.endpoint.url = null
	sasl.oauthbearer.scope.claim.name = scope
	sasl.oauthbearer.sub.claim.name = sub
	sasl.oauthbearer.token.endpoint.url = null
	security.protocol = PLAINTEXT
	security.providers = null
	send.buffer.bytes = 131072
	socket.connection.setup.timeout.max.ms = 30000
	socket.connection.setup.timeout.ms = 10000
	ssl.cipher.suites = null
	ssl.enabled.protocols = [TLSv1.2, TLSv1.3]
	ssl.endpoint.identification.algorithm = https
	ssl.engine.factory.class = null
	ssl.key.password = null
	ssl.keymanager.algorithm = SunX509
	ssl.keystore.certificate.chain = null
	ssl.keystore.key = null
	ssl.keystore.location = null
	ssl.keystore.password = null
	ssl.keystore.type = JKS
	ssl.protocol = TLSv1.3
	ssl.provider = null
	ssl.secure.random.implementation = null
	ssl.trustmanager.algorithm = PKIX
	ssl.truststore.certificates = null
	ssl.truststore.location = null
	ssl.truststore.password = null
	ssl.truststore.type = JKS
	transaction.timeout.ms = 60000
	transactional.id = null
	value.serializer = class io.apicurio.registry.serde.avro.AvroKafkaSerializer

2025-08-07 12:24:11,329 INFO  [org.apa.kaf.com.tel.int.KafkaMetricsCollector] (main) initializing Kafka metrics collector
2025-08-07 12:24:11,339 INFO  [org.apa.kaf.cli.pro.KafkaProducer] (main) [Producer clientId=Producer-topic-c7d31b76_629d_4aa1_8790_c4145b189f1e] Instantiated an idempotent producer.
2025-08-07 12:24:11,341 INFO  [org.apa.kaf.cli.pro.ProducerConfig] (main) These configurations '[apicurio.registry.url, apicurio.registry.artifact-resolver-strategy]' were supplied but are not used yet.
2025-08-07 12:24:11,341 INFO  [org.apa.kaf.com.uti.AppInfoParser] (main) Kafka version: 3.9.1
2025-08-07 12:24:11,341 INFO  [org.apa.kaf.com.uti.AppInfoParser] (main) Kafka commitId: f745dfdcee2b9851
2025-08-07 12:24:11,341 INFO  [org.apa.kaf.com.uti.AppInfoParser] (main) Kafka startTimeMs: 1754569451341
**** Registry Base URL: http://registry-app-inmemory.apps.ci419.apicurio-testing.org:80
2025-08-07 12:24:11,341 INFO  [org.apa.kaf.cli.pro.ProducerConfig] (main) ProducerConfig values: 
	acks = -1
	auto.include.jmx.reporter = true
	batch.size = 16384
	bootstrap.servers = [PLAINTEXT://localhost:32769]
	buffer.memory = 33554432
	client.dns.lookup = use_all_dns_ips
	client.id = Producer-topic-c82c2930_7734_437f_af8d_39d2e21825ff
	compression.gzip.level = -1
	compression.lz4.level = 9
	compression.type = none
	compression.zstd.level = 3
	connections.max.idle.ms = 10000
	delivery.timeout.ms = 120000
	enable.idempotence = true
	enable.metrics.push = true
	interceptor.classes = []
	key.serializer = class org.apache.kafka.common.serialization.StringSerializer
	linger.ms = 0
	max.block.ms = 60000
	max.in.flight.requests.per.connection = 5
	max.request.size = 1048576
	metadata.max.age.ms = 300000
	metadata.max.idle.ms = 300000
	metadata.recovery.strategy = none
	metric.reporters = []
	metrics.num.samples = 2
	metrics.recording.level = INFO
	metrics.sample.window.ms = 30000
	partitioner.adaptive.partitioning.enable = true
	partitioner.availability.timeout.ms = 0
	partitioner.class = null
	partitioner.ignore.keys = false
	receive.buffer.bytes = 32768
	reconnect.backoff.max.ms = 1000
	reconnect.backoff.ms = 50
	request.timeout.ms = 5000
	retries = 2147483647
	retry.backoff.max.ms = 1000
	retry.backoff.ms = 100
	sasl.client.callback.handler.class = null
	sasl.jaas.config = null
	sasl.kerberos.kinit.cmd = /usr/bin/kinit
	sasl.kerberos.min.time.before.relogin = 60000
	sasl.kerberos.service.name = null
	sasl.kerberos.ticket.renew.jitter = 0.05
	sasl.kerberos.ticket.renew.window.factor = 0.8
	sasl.login.callback.handler.class = null
	sasl.login.class = null
	sasl.login.connect.timeout.ms = null
	sasl.login.read.timeout.ms = null
	sasl.login.refresh.buffer.seconds = 300
	sasl.login.refresh.min.period.seconds = 60
	sasl.login.refresh.window.factor = 0.8
	sasl.login.refresh.window.jitter = 0.05
	sasl.login.retry.backoff.max.ms = 10000
	sasl.login.retry.backoff.ms = 100
	sasl.mechanism = GSSAPI
	sasl.oauthbearer.clock.skew.seconds = 30
	sasl.oauthbearer.expected.audience = null
	sasl.oauthbearer.expected.issuer = null
	sasl.oauthbearer.header.urlencode = false
	sasl.oauthbearer.jwks.endpoint.refresh.ms = 3600000
	sasl.oauthbearer.jwks.endpoint.retry.backoff.max.ms = 10000
	sasl.oauthbearer.jwks.endpoint.retry.backoff.ms = 100
	sasl.oauthbearer.jwks.endpoint.url = null
	sasl.oauthbearer.scope.claim.name = scope
	sasl.oauthbearer.sub.claim.name = sub
	sasl.oauthbearer.token.endpoint.url = null
	security.protocol = PLAINTEXT
	security.providers = null
	send.buffer.bytes = 131072
	socket.connection.setup.timeout.max.ms = 30000
	socket.connection.setup.timeout.ms = 10000
	ssl.cipher.suites = null
	ssl.enabled.protocols = [TLSv1.2, TLSv1.3]
	ssl.endpoint.identification.algorithm = https
	ssl.engine.factory.class = null
	ssl.key.password = null
	ssl.keymanager.algorithm = SunX509
	ssl.keystore.certificate.chain = null
	ssl.keystore.key = null
	ssl.keystore.location = null
	ssl.keystore.password = null
	ssl.keystore.type = JKS
	ssl.protocol = TLSv1.3
	ssl.provider = null
	ssl.secure.random.implementation = null
	ssl.trustmanager.algorithm = PKIX
	ssl.truststore.certificates = null
	ssl.truststore.location = null
	ssl.truststore.password = null
	ssl.truststore.type = JKS
	transaction.timeout.ms = 60000
	transactional.id = null
	value.serializer = class io.apicurio.registry.serde.avro.AvroKafkaSerializer

2025-08-07 12:24:11,345 INFO  [org.apa.kaf.com.tel.int.KafkaMetricsCollector] (main) initializing Kafka metrics collector
2025-08-07 12:24:11,351 INFO  [org.apa.kaf.cli.Metadata] (kafka-producer-network-thread | Producer-topic-c7d31b76_629d_4aa1_8790_c4145b189f1e) [Producer clientId=Producer-topic-c7d31b76_629d_4aa1_8790_c4145b189f1e] Cluster ID: CeYNmdzmRCaaSk-AVslC4g
2025-08-07 12:24:11,351 INFO  [org.apa.kaf.cli.pro.int.TransactionManager] (kafka-producer-network-thread | Producer-topic-c7d31b76_629d_4aa1_8790_c4145b189f1e) [Producer clientId=Producer-topic-c7d31b76_629d_4aa1_8790_c4145b189f1e] ProducerId set to 51 with epoch 0
2025-08-07 12:24:11,351 INFO  [org.apa.kaf.cli.pro.KafkaProducer] (main) [Producer clientId=Producer-topic-c82c2930_7734_437f_af8d_39d2e21825ff] Instantiated an idempotent producer.
2025-08-07 12:24:11,353 INFO  [org.apa.kaf.cli.pro.ProducerConfig] (main) These configurations '[apicurio.registry.url, apicurio.registry.artifact-resolver-strategy]' were supplied but are not used yet.
2025-08-07 12:24:11,353 INFO  [org.apa.kaf.com.uti.AppInfoParser] (main) Kafka version: 3.9.1
2025-08-07 12:24:11,353 INFO  [org.apa.kaf.com.uti.AppInfoParser] (main) Kafka commitId: f745dfdcee2b9851
2025-08-07 12:24:11,353 INFO  [org.apa.kaf.com.uti.AppInfoParser] (main) Kafka startTimeMs: 1754569451353
**** Registry Base URL: http://registry-app-inmemory.apps.ci419.apicurio-testing.org:80
2025-08-07 12:24:11,353 INFO  [org.apa.kaf.cli.pro.ProducerConfig] (main) ProducerConfig values: 
	acks = -1
	auto.include.jmx.reporter = true
	batch.size = 16384
	bootstrap.servers = [PLAINTEXT://localhost:32769]
	buffer.memory = 33554432
	client.dns.lookup = use_all_dns_ips
	client.id = Producer-topic-ba6d2e79_84b0_4f97_858b_8cbd7c5ec235
	compression.gzip.level = -1
	compression.lz4.level = 9
	compression.type = none
	compression.zstd.level = 3
	connections.max.idle.ms = 10000
	delivery.timeout.ms = 120000
	enable.idempotence = true
	enable.metrics.push = true
	interceptor.classes = []
	key.serializer = class org.apache.kafka.common.serialization.StringSerializer
	linger.ms = 0
	max.block.ms = 60000
	max.in.flight.requests.per.connection = 5
	max.request.size = 1048576
	metadata.max.age.ms = 300000
	metadata.max.idle.ms = 300000
	metadata.recovery.strategy = none
	metric.reporters = []
	metrics.num.samples = 2
	metrics.recording.level = INFO
	metrics.sample.window.ms = 30000
	partitioner.adaptive.partitioning.enable = true
	partitioner.availability.timeout.ms = 0
	partitioner.class = null
	partitioner.ignore.keys = false
	receive.buffer.bytes = 32768
	reconnect.backoff.max.ms = 1000
	reconnect.backoff.ms = 50
	request.timeout.ms = 5000
	retries = 2147483647
	retry.backoff.max.ms = 1000
	retry.backoff.ms = 100
	sasl.client.callback.handler.class = null
	sasl.jaas.config = null
	sasl.kerberos.kinit.cmd = /usr/bin/kinit
	sasl.kerberos.min.time.before.relogin = 60000
	sasl.kerberos.service.name = null
	sasl.kerberos.ticket.renew.jitter = 0.05
	sasl.kerberos.ticket.renew.window.factor = 0.8
	sasl.login.callback.handler.class = null
	sasl.login.class = null
	sasl.login.connect.timeout.ms = null
	sasl.login.read.timeout.ms = null
	sasl.login.refresh.buffer.seconds = 300
	sasl.login.refresh.min.period.seconds = 60
	sasl.login.refresh.window.factor = 0.8
	sasl.login.refresh.window.jitter = 0.05
	sasl.login.retry.backoff.max.ms = 10000
	sasl.login.retry.backoff.ms = 100
	sasl.mechanism = GSSAPI
	sasl.oauthbearer.clock.skew.seconds = 30
	sasl.oauthbearer.expected.audience = null
	sasl.oauthbearer.expected.issuer = null
	sasl.oauthbearer.header.urlencode = false
	sasl.oauthbearer.jwks.endpoint.refresh.ms = 3600000
	sasl.oauthbearer.jwks.endpoint.retry.backoff.max.ms = 10000
	sasl.oauthbearer.jwks.endpoint.retry.backoff.ms = 100
	sasl.oauthbearer.jwks.endpoint.url = null
	sasl.oauthbearer.scope.claim.name = scope
	sasl.oauthbearer.sub.claim.name = sub
	sasl.oauthbearer.token.endpoint.url = null
	security.protocol = PLAINTEXT
	security.providers = null
	send.buffer.bytes = 131072
	socket.connection.setup.timeout.max.ms = 30000
	socket.connection.setup.timeout.ms = 10000
	ssl.cipher.suites = null
	ssl.enabled.protocols = [TLSv1.2, TLSv1.3]
	ssl.endpoint.identification.algorithm = https
	ssl.engine.factory.class = null
	ssl.key.password = null
	ssl.keymanager.algorithm = SunX509
	ssl.keystore.certificate.chain = null
	ssl.keystore.key = null
	ssl.keystore.location = null
	ssl.keystore.password = null
	ssl.keystore.type = JKS
	ssl.protocol = TLSv1.3
	ssl.provider = null
	ssl.secure.random.implementation = null
	ssl.trustmanager.algorithm = PKIX
	ssl.truststore.certificates = null
	ssl.truststore.location = null
	ssl.truststore.password = null
	ssl.truststore.type = JKS
	transaction.timeout.ms = 60000
	transactional.id = null
	value.serializer = class io.apicurio.registry.serde.avro.AvroKafkaSerializer

2025-08-07 12:24:11,354 INFO  [org.apa.kaf.com.tel.int.KafkaMetricsCollector] (main) initializing Kafka metrics collector
2025-08-07 12:24:11,363 INFO  [org.apa.kaf.cli.pro.KafkaProducer] (main) [Producer clientId=Producer-topic-ba6d2e79_84b0_4f97_858b_8cbd7c5ec235] Instantiated an idempotent producer.
2025-08-07 12:24:11,365 INFO  [org.apa.kaf.cli.pro.ProducerConfig] (main) These configurations '[apicurio.registry.url, apicurio.registry.artifact-resolver-strategy]' were supplied but are not used yet.
2025-08-07 12:24:11,365 INFO  [org.apa.kaf.com.uti.AppInfoParser] (main) Kafka version: 3.9.1
2025-08-07 12:24:11,365 INFO  [org.apa.kaf.com.uti.AppInfoParser] (main) Kafka commitId: f745dfdcee2b9851
2025-08-07 12:24:11,365 INFO  [org.apa.kaf.com.uti.AppInfoParser] (main) Kafka startTimeMs: 1754569451365
**** Registry Base URL: http://registry-app-inmemory.apps.ci419.apicurio-testing.org:80
2025-08-07 12:24:11,365 INFO  [org.apa.kaf.cli.con.ConsumerConfig] (main) ConsumerConfig values: 
	allow.auto.create.topics = true
	auto.commit.interval.ms = 500
	auto.include.jmx.reporter = true
	auto.offset.reset = earliest
	bootstrap.servers = [PLAINTEXT://localhost:32769]
	check.crcs = true
	client.dns.lookup = use_all_dns_ips
	client.id = consumer-Consumer-topic-c7d31b76_629d_4aa1_8790_c4145b189f1e-38
	client.rack = 
	connections.max.idle.ms = 10000
	default.api.timeout.ms = 60000
	enable.auto.commit = true
	enable.metrics.push = true
	exclude.internal.topics = true
	fetch.max.bytes = 52428800
	fetch.max.wait.ms = 500
	fetch.min.bytes = 1
	group.id = Consumer-topic-c7d31b76_629d_4aa1_8790_c4145b189f1e
	group.instance.id = null
	group.protocol = classic
	group.remote.assignor = null
	heartbeat.interval.ms = 3000
	interceptor.classes = []
	internal.leave.group.on.close = true
	internal.throw.on.fetch.stable.offset.unsupported = false
	isolation.level = read_uncommitted
	key.deserializer = class org.apache.kafka.common.serialization.StringDeserializer
	max.partition.fetch.bytes = 1048576
	max.poll.interval.ms = 300000
	max.poll.records = 500
	metadata.max.age.ms = 300000
	metadata.recovery.strategy = none
	metric.reporters = []
	metrics.num.samples = 2
	metrics.recording.level = INFO
	metrics.sample.window.ms = 30000
	partition.assignment.strategy = [class org.apache.kafka.clients.consumer.RangeAssignor, class org.apache.kafka.clients.consumer.CooperativeStickyAssignor]
	receive.buffer.bytes = 65536
	reconnect.backoff.max.ms = 1000
	reconnect.backoff.ms = 50
	request.timeout.ms = 5000
	retry.backoff.max.ms = 1000
	retry.backoff.ms = 100
	sasl.client.callback.handler.class = null
	sasl.jaas.config = null
	sasl.kerberos.kinit.cmd = /usr/bin/kinit
	sasl.kerberos.min.time.before.relogin = 60000
	sasl.kerberos.service.name = null
	sasl.kerberos.ticket.renew.jitter = 0.05
	sasl.kerberos.ticket.renew.window.factor = 0.8
	sasl.login.callback.handler.class = null
	sasl.login.class = null
	sasl.login.connect.timeout.ms = null
	sasl.login.read.timeout.ms = null
	sasl.login.refresh.buffer.seconds = 300
	sasl.login.refresh.min.period.seconds = 60
	sasl.login.refresh.window.factor = 0.8
	sasl.login.refresh.window.jitter = 0.05
	sasl.login.retry.backoff.max.ms = 10000
	sasl.login.retry.backoff.ms = 100
	sasl.mechanism = GSSAPI
	sasl.oauthbearer.clock.skew.seconds = 30
	sasl.oauthbearer.expected.audience = null
	sasl.oauthbearer.expected.issuer = null
	sasl.oauthbearer.header.urlencode = false
	sasl.oauthbearer.jwks.endpoint.refresh.ms = 3600000
	sasl.oauthbearer.jwks.endpoint.retry.backoff.max.ms = 10000
	sasl.oauthbearer.jwks.endpoint.retry.backoff.ms = 100
	sasl.oauthbearer.jwks.endpoint.url = null
	sasl.oauthbearer.scope.claim.name = scope
	sasl.oauthbearer.sub.claim.name = sub
	sasl.oauthbearer.token.endpoint.url = null
	security.protocol = PLAINTEXT
	security.providers = null
	send.buffer.bytes = 131072
	session.timeout.ms = 45000
	socket.connection.setup.timeout.max.ms = 30000
	socket.connection.setup.timeout.ms = 10000
	ssl.cipher.suites = null
	ssl.enabled.protocols = [TLSv1.2, TLSv1.3]
	ssl.endpoint.identification.algorithm = https
	ssl.engine.factory.class = null
	ssl.key.password = null
	ssl.keymanager.algorithm = SunX509
	ssl.keystore.certificate.chain = null
	ssl.keystore.key = null
	ssl.keystore.location = null
	ssl.keystore.password = null
	ssl.keystore.type = JKS
	ssl.protocol = TLSv1.3
	ssl.provider = null
	ssl.secure.random.implementation = null
	ssl.trustmanager.algorithm = PKIX
	ssl.truststore.certificates = null
	ssl.truststore.location = null
	ssl.truststore.password = null
	ssl.truststore.type = JKS
	value.deserializer = class io.apicurio.registry.serde.avro.AvroKafkaDeserializer

2025-08-07 12:24:11,365 INFO  [org.apa.kaf.com.tel.int.KafkaMetricsCollector] (main) initializing Kafka metrics collector
2025-08-07 12:24:11,368 INFO  [org.apa.kaf.cli.Metadata] (kafka-producer-network-thread | Producer-topic-c82c2930_7734_437f_af8d_39d2e21825ff) [Producer clientId=Producer-topic-c82c2930_7734_437f_af8d_39d2e21825ff] Cluster ID: CeYNmdzmRCaaSk-AVslC4g
2025-08-07 12:24:11,369 INFO  [org.apa.kaf.cli.pro.int.TransactionManager] (kafka-producer-network-thread | Producer-topic-c82c2930_7734_437f_af8d_39d2e21825ff) [Producer clientId=Producer-topic-c82c2930_7734_437f_af8d_39d2e21825ff] ProducerId set to 52 with epoch 0
2025-08-07 12:24:11,375 INFO  [org.apa.kaf.cli.con.ConsumerConfig] (main) These configurations '[apicurio.registry.url]' were supplied but are not used yet.
2025-08-07 12:24:11,376 INFO  [org.apa.kaf.com.uti.AppInfoParser] (main) Kafka version: 3.9.1
2025-08-07 12:24:11,376 INFO  [org.apa.kaf.com.uti.AppInfoParser] (main) Kafka commitId: f745dfdcee2b9851
2025-08-07 12:24:11,376 INFO  [org.apa.kaf.com.uti.AppInfoParser] (main) Kafka startTimeMs: 1754569451375
**** Registry Base URL: http://registry-app-inmemory.apps.ci419.apicurio-testing.org:80
2025-08-07 12:24:11,377 INFO  [org.apa.kaf.cli.con.ConsumerConfig] (main) ConsumerConfig values: 
	allow.auto.create.topics = true
	auto.commit.interval.ms = 500
	auto.include.jmx.reporter = true
	auto.offset.reset = earliest
	bootstrap.servers = [PLAINTEXT://localhost:32769]
	check.crcs = true
	client.dns.lookup = use_all_dns_ips
	client.id = consumer-Consumer-topic-c82c2930_7734_437f_af8d_39d2e21825ff-39
	client.rack = 
	connections.max.idle.ms = 10000
	default.api.timeout.ms = 60000
	enable.auto.commit = true
	enable.metrics.push = true
	exclude.internal.topics = true
	fetch.max.bytes = 52428800
	fetch.max.wait.ms = 500
	fetch.min.bytes = 1
	group.id = Consumer-topic-c82c2930_7734_437f_af8d_39d2e21825ff
	group.instance.id = null
	group.protocol = classic
	group.remote.assignor = null
	heartbeat.interval.ms = 3000
	interceptor.classes = []
	internal.leave.group.on.close = true
	internal.throw.on.fetch.stable.offset.unsupported = false
	isolation.level = read_uncommitted
	key.deserializer = class org.apache.kafka.common.serialization.StringDeserializer
	max.partition.fetch.bytes = 1048576
	max.poll.interval.ms = 300000
	max.poll.records = 500
	metadata.max.age.ms = 300000
	metadata.recovery.strategy = none
	metric.reporters = []
	metrics.num.samples = 2
	metrics.recording.level = INFO
	metrics.sample.window.ms = 30000
	partition.assignment.strategy = [class org.apache.kafka.clients.consumer.RangeAssignor, class org.apache.kafka.clients.consumer.CooperativeStickyAssignor]
	receive.buffer.bytes = 65536
	reconnect.backoff.max.ms = 1000
	reconnect.backoff.ms = 50
	request.timeout.ms = 5000
	retry.backoff.max.ms = 1000
	retry.backoff.ms = 100
	sasl.client.callback.handler.class = null
	sasl.jaas.config = null
	sasl.kerberos.kinit.cmd = /usr/bin/kinit
	sasl.kerberos.min.time.before.relogin = 60000
	sasl.kerberos.service.name = null
	sasl.kerberos.ticket.renew.jitter = 0.05
	sasl.kerberos.ticket.renew.window.factor = 0.8
	sasl.login.callback.handler.class = null
	sasl.login.class = null
	sasl.login.connect.timeout.ms = null
	sasl.login.read.timeout.ms = null
	sasl.login.refresh.buffer.seconds = 300
	sasl.login.refresh.min.period.seconds = 60
	sasl.login.refresh.window.factor = 0.8
	sasl.login.refresh.window.jitter = 0.05
	sasl.login.retry.backoff.max.ms = 10000
	sasl.login.retry.backoff.ms = 100
	sasl.mechanism = GSSAPI
	sasl.oauthbearer.clock.skew.seconds = 30
	sasl.oauthbearer.expected.audience = null
	sasl.oauthbearer.expected.issuer = null
	sasl.oauthbearer.header.urlencode = false
	sasl.oauthbearer.jwks.endpoint.refresh.ms = 3600000
	sasl.oauthbearer.jwks.endpoint.retry.backoff.max.ms = 10000
	sasl.oauthbearer.jwks.endpoint.retry.backoff.ms = 100
	sasl.oauthbearer.jwks.endpoint.url = null
	sasl.oauthbearer.scope.claim.name = scope
	sasl.oauthbearer.sub.claim.name = sub
	sasl.oauthbearer.token.endpoint.url = null
	security.protocol = PLAINTEXT
	security.providers = null
	send.buffer.bytes = 131072
	session.timeout.ms = 45000
	socket.connection.setup.timeout.max.ms = 30000
	socket.connection.setup.timeout.ms = 10000
	ssl.cipher.suites = null
	ssl.enabled.protocols = [TLSv1.2, TLSv1.3]
	ssl.endpoint.identification.algorithm = https
	ssl.engine.factory.class = null
	ssl.key.password = null
	ssl.keymanager.algorithm = SunX509
	ssl.keystore.certificate.chain = null
	ssl.keystore.key = null
	ssl.keystore.location = null
	ssl.keystore.password = null
	ssl.keystore.type = JKS
	ssl.protocol = TLSv1.3
	ssl.provider = null
	ssl.secure.random.implementation = null
	ssl.trustmanager.algorithm = PKIX
	ssl.truststore.certificates = null
	ssl.truststore.location = null
	ssl.truststore.password = null
	ssl.truststore.type = JKS
	value.deserializer = class io.apicurio.registry.serde.avro.AvroKafkaDeserializer

2025-08-07 12:24:11,377 INFO  [org.apa.kaf.com.tel.int.KafkaMetricsCollector] (main) initializing Kafka metrics collector
2025-08-07 12:24:11,378 INFO  [org.apa.kaf.cli.Metadata] (kafka-producer-network-thread | Producer-topic-ba6d2e79_84b0_4f97_858b_8cbd7c5ec235) [Producer clientId=Producer-topic-ba6d2e79_84b0_4f97_858b_8cbd7c5ec235] Cluster ID: CeYNmdzmRCaaSk-AVslC4g
2025-08-07 12:24:11,384 INFO  [org.apa.kaf.cli.pro.int.TransactionManager] (kafka-producer-network-thread | Producer-topic-ba6d2e79_84b0_4f97_858b_8cbd7c5ec235) [Producer clientId=Producer-topic-ba6d2e79_84b0_4f97_858b_8cbd7c5ec235] ProducerId set to 53 with epoch 0
2025-08-07 12:24:11,387 INFO  [org.apa.kaf.cli.con.ConsumerConfig] (main) These configurations '[apicurio.registry.url]' were supplied but are not used yet.
2025-08-07 12:24:11,389 INFO  [org.apa.kaf.com.uti.AppInfoParser] (main) Kafka version: 3.9.1
2025-08-07 12:24:11,389 INFO  [org.apa.kaf.com.uti.AppInfoParser] (main) Kafka commitId: f745dfdcee2b9851
2025-08-07 12:24:11,389 INFO  [org.apa.kaf.com.uti.AppInfoParser] (main) Kafka startTimeMs: 1754569451389
**** Registry Base URL: http://registry-app-inmemory.apps.ci419.apicurio-testing.org:80
2025-08-07 12:24:11,389 INFO  [org.apa.kaf.cli.con.ConsumerConfig] (main) ConsumerConfig values: 
	allow.auto.create.topics = true
	auto.commit.interval.ms = 500
	auto.include.jmx.reporter = true
	auto.offset.reset = earliest
	bootstrap.servers = [PLAINTEXT://localhost:32769]
	check.crcs = true
	client.dns.lookup = use_all_dns_ips
	client.id = consumer-Consumer-topic-ba6d2e79_84b0_4f97_858b_8cbd7c5ec235-40
	client.rack = 
	connections.max.idle.ms = 10000
	default.api.timeout.ms = 60000
	enable.auto.commit = true
	enable.metrics.push = true
	exclude.internal.topics = true
	fetch.max.bytes = 52428800
	fetch.max.wait.ms = 500
	fetch.min.bytes = 1
	group.id = Consumer-topic-ba6d2e79_84b0_4f97_858b_8cbd7c5ec235
	group.instance.id = null
	group.protocol = classic
	group.remote.assignor = null
	heartbeat.interval.ms = 3000
	interceptor.classes = []
	internal.leave.group.on.close = true
	internal.throw.on.fetch.stable.offset.unsupported = false
	isolation.level = read_uncommitted
	key.deserializer = class org.apache.kafka.common.serialization.StringDeserializer
	max.partition.fetch.bytes = 1048576
	max.poll.interval.ms = 300000
	max.poll.records = 500
	metadata.max.age.ms = 300000
	metadata.recovery.strategy = none
	metric.reporters = []
	metrics.num.samples = 2
	metrics.recording.level = INFO
	metrics.sample.window.ms = 30000
	partition.assignment.strategy = [class org.apache.kafka.clients.consumer.RangeAssignor, class org.apache.kafka.clients.consumer.CooperativeStickyAssignor]
	receive.buffer.bytes = 65536
	reconnect.backoff.max.ms = 1000
	reconnect.backoff.ms = 50
	request.timeout.ms = 5000
	retry.backoff.max.ms = 1000
	retry.backoff.ms = 100
	sasl.client.callback.handler.class = null
	sasl.jaas.config = null
	sasl.kerberos.kinit.cmd = /usr/bin/kinit
	sasl.kerberos.min.time.before.relogin = 60000
	sasl.kerberos.service.name = null
	sasl.kerberos.ticket.renew.jitter = 0.05
	sasl.kerberos.ticket.renew.window.factor = 0.8
	sasl.login.callback.handler.class = null
	sasl.login.class = null
	sasl.login.connect.timeout.ms = null
	sasl.login.read.timeout.ms = null
	sasl.login.refresh.buffer.seconds = 300
	sasl.login.refresh.min.period.seconds = 60
	sasl.login.refresh.window.factor = 0.8
	sasl.login.refresh.window.jitter = 0.05
	sasl.login.retry.backoff.max.ms = 10000
	sasl.login.retry.backoff.ms = 100
	sasl.mechanism = GSSAPI
	sasl.oauthbearer.clock.skew.seconds = 30
	sasl.oauthbearer.expected.audience = null
	sasl.oauthbearer.expected.issuer = null
	sasl.oauthbearer.header.urlencode = false
	sasl.oauthbearer.jwks.endpoint.refresh.ms = 3600000
	sasl.oauthbearer.jwks.endpoint.retry.backoff.max.ms = 10000
	sasl.oauthbearer.jwks.endpoint.retry.backoff.ms = 100
	sasl.oauthbearer.jwks.endpoint.url = null
	sasl.oauthbearer.scope.claim.name = scope
	sasl.oauthbearer.sub.claim.name = sub
	sasl.oauthbearer.token.endpoint.url = null
	security.protocol = PLAINTEXT
	security.providers = null
	send.buffer.bytes = 131072
	session.timeout.ms = 45000
	socket.connection.setup.timeout.max.ms = 30000
	socket.connection.setup.timeout.ms = 10000
	ssl.cipher.suites = null
	ssl.enabled.protocols = [TLSv1.2, TLSv1.3]
	ssl.endpoint.identification.algorithm = https
	ssl.engine.factory.class = null
	ssl.key.password = null
	ssl.keymanager.algorithm = SunX509
	ssl.keystore.certificate.chain = null
	ssl.keystore.key = null
	ssl.keystore.location = null
	ssl.keystore.password = null
	ssl.keystore.type = JKS
	ssl.protocol = TLSv1.3
	ssl.provider = null
	ssl.secure.random.implementation = null
	ssl.trustmanager.algorithm = PKIX
	ssl.truststore.certificates = null
	ssl.truststore.location = null
	ssl.truststore.password = null
	ssl.truststore.type = JKS
	value.deserializer = class io.apicurio.registry.serde.avro.AvroKafkaDeserializer

2025-08-07 12:24:11,389 INFO  [org.apa.kaf.com.tel.int.KafkaMetricsCollector] (main) initializing Kafka metrics collector
2025-08-07 12:24:11,395 INFO  [org.apa.kaf.cli.con.ConsumerConfig] (main) These configurations '[apicurio.registry.url]' were supplied but are not used yet.
2025-08-07 12:24:11,395 INFO  [org.apa.kaf.com.uti.AppInfoParser] (main) Kafka version: 3.9.1
2025-08-07 12:24:11,395 INFO  [org.apa.kaf.com.uti.AppInfoParser] (main) Kafka commitId: f745dfdcee2b9851
2025-08-07 12:24:11,395 INFO  [org.apa.kaf.com.uti.AppInfoParser] (main) Kafka startTimeMs: 1754569451395
2025-08-07 12:24:11,395 INFO  [io.api.tes.ser.api.KafkaSerdesTester] (Thread-893) Sending message {"key1": "value-0"} to topic topic-c7d31b76_629d_4aa1_8790_c4145b189f1e
2025-08-07 12:24:11,403 INFO  [DefaultSchemaResolver] (Thread-893) Retrieving schema content using string: {"type":"record","name":"myrecordconfluent6","fields":[{"name":"key1","type":"string"}]}
2025-08-07 12:24:11,431 INFO  [io.api.tes.ser.api.KafkaSerdesTester] (Thread-893) Sending message {"key1": "value-1"} to topic topic-c7d31b76_629d_4aa1_8790_c4145b189f1e
2025-08-07 12:24:11,432 INFO  [io.api.tes.ser.api.KafkaSerdesTester] (Thread-893) Sending message {"key1": "value-2"} to topic topic-c7d31b76_629d_4aa1_8790_c4145b189f1e
2025-08-07 12:24:11,434 INFO  [io.api.tes.ser.api.KafkaSerdesTester] (Thread-893) Sending message {"key1": "value-3"} to topic topic-c7d31b76_629d_4aa1_8790_c4145b189f1e
2025-08-07 12:24:11,435 INFO  [io.api.tes.ser.api.KafkaSerdesTester] (Thread-893) Sending message {"key1": "value-4"} to topic topic-c7d31b76_629d_4aa1_8790_c4145b189f1e
2025-08-07 12:24:11,437 INFO  [io.api.tes.ser.api.KafkaSerdesTester] (Thread-893) Sending message {"key1": "value-5"} to topic topic-c7d31b76_629d_4aa1_8790_c4145b189f1e
2025-08-07 12:24:11,438 INFO  [io.api.tes.ser.api.KafkaSerdesTester] (Thread-893) Sending message {"key1": "value-6"} to topic topic-c7d31b76_629d_4aa1_8790_c4145b189f1e
2025-08-07 12:24:11,441 INFO  [io.api.tes.ser.api.KafkaSerdesTester] (Thread-893) Sending message {"key1": "value-7"} to topic topic-c7d31b76_629d_4aa1_8790_c4145b189f1e
2025-08-07 12:24:11,442 INFO  [io.api.tes.ser.api.KafkaSerdesTester] (Thread-893) Sending message {"key1": "value-8"} to topic topic-c7d31b76_629d_4aa1_8790_c4145b189f1e
2025-08-07 12:24:11,442 INFO  [io.api.tes.ser.api.KafkaSerdesTester] (Thread-893) Sending message {"key1": "value-9"} to topic topic-c7d31b76_629d_4aa1_8790_c4145b189f1e
2025-08-07 12:24:11,444 INFO  [io.api.tes.ser.api.KafkaSerdesTester] (Thread-893) Produced 10 messages
2025-08-07 12:24:11,444 INFO  [org.apa.kaf.cli.pro.KafkaProducer] (Thread-893) [Producer clientId=Producer-topic-c7d31b76_629d_4aa1_8790_c4145b189f1e] Closing the Kafka producer with timeoutMillis = 9223372036854775807 ms.
2025-08-07 12:24:11,447 INFO  [org.apa.kaf.com.met.Metrics] (Thread-893) Metrics scheduler closed
2025-08-07 12:24:11,447 INFO  [org.apa.kaf.com.met.Metrics] (Thread-893) Closing reporter org.apache.kafka.common.metrics.JmxReporter
2025-08-07 12:24:11,447 INFO  [org.apa.kaf.com.met.Metrics] (Thread-893) Closing reporter org.apache.kafka.common.telemetry.internals.ClientTelemetryReporter
2025-08-07 12:24:11,447 INFO  [org.apa.kaf.com.met.Metrics] (Thread-893) Metrics reporters closed
2025-08-07 12:24:11,447 INFO  [org.apa.kaf.com.uti.AppInfoParser] (Thread-893) App info kafka.producer for Producer-topic-c7d31b76_629d_4aa1_8790_c4145b189f1e unregistered
2025-08-07 12:24:11,450 INFO  [io.api.tes.ser.api.KafkaSerdesTester] (Thread-894) Sending message {"key1": "value-0"} to topic topic-c82c2930_7734_437f_af8d_39d2e21825ff
2025-08-07 12:24:11,454 INFO  [DefaultSchemaResolver] (Thread-894) Retrieving schema content using string: {"type":"record","name":"myrecordconfluent6","fields":[{"name":"key1","type":"string"}]}
2025-08-07 12:24:11,476 INFO  [io.api.tes.ser.api.KafkaSerdesTester] (Thread-894) Sending message {"key1": "value-1"} to topic topic-c82c2930_7734_437f_af8d_39d2e21825ff
2025-08-07 12:24:11,477 INFO  [io.api.tes.ser.api.KafkaSerdesTester] (Thread-894) Sending message {"key1": "value-2"} to topic topic-c82c2930_7734_437f_af8d_39d2e21825ff
2025-08-07 12:24:11,478 INFO  [io.api.tes.ser.api.KafkaSerdesTester] (Thread-894) Sending message {"key1": "value-3"} to topic topic-c82c2930_7734_437f_af8d_39d2e21825ff
2025-08-07 12:24:11,479 INFO  [io.api.tes.ser.api.KafkaSerdesTester] (Thread-894) Sending message {"key1": "value-4"} to topic topic-c82c2930_7734_437f_af8d_39d2e21825ff
2025-08-07 12:24:11,480 INFO  [io.api.tes.ser.api.KafkaSerdesTester] (Thread-894) Sending message {"key1": "value-5"} to topic topic-c82c2930_7734_437f_af8d_39d2e21825ff
2025-08-07 12:24:11,481 INFO  [io.api.tes.ser.api.KafkaSerdesTester] (Thread-894) Sending message {"key1": "value-6"} to topic topic-c82c2930_7734_437f_af8d_39d2e21825ff
2025-08-07 12:24:11,481 INFO  [io.api.tes.ser.api.KafkaSerdesTester] (Thread-894) Sending message {"key1": "value-7"} to topic topic-c82c2930_7734_437f_af8d_39d2e21825ff
2025-08-07 12:24:11,483 INFO  [io.api.tes.ser.api.KafkaSerdesTester] (Thread-894) Sending message {"key1": "value-8"} to topic topic-c82c2930_7734_437f_af8d_39d2e21825ff
2025-08-07 12:24:11,484 INFO  [io.api.tes.ser.api.KafkaSerdesTester] (Thread-894) Sending message {"key1": "value-9"} to topic topic-c82c2930_7734_437f_af8d_39d2e21825ff
2025-08-07 12:24:11,485 INFO  [io.api.tes.ser.api.KafkaSerdesTester] (Thread-894) Produced 10 messages
2025-08-07 12:24:11,485 INFO  [org.apa.kaf.cli.pro.KafkaProducer] (Thread-894) [Producer clientId=Producer-topic-c82c2930_7734_437f_af8d_39d2e21825ff] Closing the Kafka producer with timeoutMillis = 9223372036854775807 ms.
2025-08-07 12:24:11,488 INFO  [org.apa.kaf.com.met.Metrics] (Thread-894) Metrics scheduler closed
2025-08-07 12:24:11,488 INFO  [org.apa.kaf.com.met.Metrics] (Thread-894) Closing reporter org.apache.kafka.common.metrics.JmxReporter
2025-08-07 12:24:11,488 INFO  [org.apa.kaf.com.met.Metrics] (Thread-894) Closing reporter org.apache.kafka.common.telemetry.internals.ClientTelemetryReporter
2025-08-07 12:24:11,488 INFO  [org.apa.kaf.com.met.Metrics] (Thread-894) Metrics reporters closed
2025-08-07 12:24:11,488 INFO  [org.apa.kaf.com.uti.AppInfoParser] (Thread-894) App info kafka.producer for Producer-topic-c82c2930_7734_437f_af8d_39d2e21825ff unregistered
2025-08-07 12:24:11,489 INFO  [io.api.tes.ser.api.KafkaSerdesTester] (Thread-895) Sending message {"key1": "value-0"} to topic topic-ba6d2e79_84b0_4f97_858b_8cbd7c5ec235
2025-08-07 12:24:11,492 INFO  [DefaultSchemaResolver] (Thread-895) Retrieving schema content using string: {"type":"record","name":"myrecordconfluent6","fields":[{"name":"key1","type":"string"}]}
2025-08-07 12:24:11,511 INFO  [io.api.tes.ser.api.KafkaSerdesTester] (Thread-895) Sending message {"key1": "value-1"} to topic topic-ba6d2e79_84b0_4f97_858b_8cbd7c5ec235
2025-08-07 12:24:11,512 INFO  [io.api.tes.ser.api.KafkaSerdesTester] (Thread-895) Sending message {"key1": "value-2"} to topic topic-ba6d2e79_84b0_4f97_858b_8cbd7c5ec235
2025-08-07 12:24:11,513 INFO  [io.api.tes.ser.api.KafkaSerdesTester] (Thread-895) Sending message {"key1": "value-3"} to topic topic-ba6d2e79_84b0_4f97_858b_8cbd7c5ec235
2025-08-07 12:24:11,515 INFO  [io.api.tes.ser.api.KafkaSerdesTester] (Thread-895) Sending message {"key1": "value-4"} to topic topic-ba6d2e79_84b0_4f97_858b_8cbd7c5ec235
2025-08-07 12:24:11,516 INFO  [io.api.tes.ser.api.KafkaSerdesTester] (Thread-895) Sending message {"key1": "value-5"} to topic topic-ba6d2e79_84b0_4f97_858b_8cbd7c5ec235
2025-08-07 12:24:11,517 INFO  [io.api.tes.ser.api.KafkaSerdesTester] (Thread-895) Sending message {"key1": "value-6"} to topic topic-ba6d2e79_84b0_4f97_858b_8cbd7c5ec235
2025-08-07 12:24:11,519 INFO  [io.api.tes.ser.api.KafkaSerdesTester] (Thread-895) Sending message {"key1": "value-7"} to topic topic-ba6d2e79_84b0_4f97_858b_8cbd7c5ec235
2025-08-07 12:24:11,521 INFO  [io.api.tes.ser.api.KafkaSerdesTester] (Thread-895) Sending message {"key1": "value-8"} to topic topic-ba6d2e79_84b0_4f97_858b_8cbd7c5ec235
2025-08-07 12:24:11,522 INFO  [io.api.tes.ser.api.KafkaSerdesTester] (Thread-895) Sending message {"key1": "value-9"} to topic topic-ba6d2e79_84b0_4f97_858b_8cbd7c5ec235
2025-08-07 12:24:11,523 INFO  [io.api.tes.ser.api.KafkaSerdesTester] (Thread-895) Produced 10 messages
2025-08-07 12:24:11,524 INFO  [org.apa.kaf.cli.pro.KafkaProducer] (Thread-895) [Producer clientId=Producer-topic-ba6d2e79_84b0_4f97_858b_8cbd7c5ec235] Closing the Kafka producer with timeoutMillis = 9223372036854775807 ms.
2025-08-07 12:24:11,525 INFO  [org.apa.kaf.com.met.Metrics] (Thread-895) Metrics scheduler closed
2025-08-07 12:24:11,525 INFO  [org.apa.kaf.com.met.Metrics] (Thread-895) Closing reporter org.apache.kafka.common.metrics.JmxReporter
2025-08-07 12:24:11,525 INFO  [org.apa.kaf.com.met.Metrics] (Thread-895) Closing reporter org.apache.kafka.common.telemetry.internals.ClientTelemetryReporter
2025-08-07 12:24:11,525 INFO  [org.apa.kaf.com.met.Metrics] (Thread-895) Metrics reporters closed
2025-08-07 12:24:11,525 INFO  [org.apa.kaf.com.uti.AppInfoParser] (Thread-895) App info kafka.producer for Producer-topic-ba6d2e79_84b0_4f97_858b_8cbd7c5ec235 unregistered
2025-08-07 12:24:11,526 INFO  [org.apa.kaf.cli.con.int.ClassicKafkaConsumer] (Thread-896) [Consumer clientId=consumer-Consumer-topic-c7d31b76_629d_4aa1_8790_c4145b189f1e-38, groupId=Consumer-topic-c7d31b76_629d_4aa1_8790_c4145b189f1e] Subscribed to topic(s): topic-c7d31b76_629d_4aa1_8790_c4145b189f1e
2025-08-07 12:24:11,532 INFO  [org.apa.kaf.cli.Metadata] (Thread-896) [Consumer clientId=consumer-Consumer-topic-c7d31b76_629d_4aa1_8790_c4145b189f1e-38, groupId=Consumer-topic-c7d31b76_629d_4aa1_8790_c4145b189f1e] Cluster ID: CeYNmdzmRCaaSk-AVslC4g
2025-08-07 12:24:11,533 INFO  [org.apa.kaf.cli.con.int.ConsumerCoordinator] (Thread-896) [Consumer clientId=consumer-Consumer-topic-c7d31b76_629d_4aa1_8790_c4145b189f1e-38, groupId=Consumer-topic-c7d31b76_629d_4aa1_8790_c4145b189f1e] Discovered group coordinator localhost:32769 (id: 2147483647 rack: null)
2025-08-07 12:24:11,534 INFO  [org.apa.kaf.cli.con.int.ConsumerCoordinator] (Thread-896) [Consumer clientId=consumer-Consumer-topic-c7d31b76_629d_4aa1_8790_c4145b189f1e-38, groupId=Consumer-topic-c7d31b76_629d_4aa1_8790_c4145b189f1e] (Re-)joining group
2025-08-07 12:24:11,538 INFO  [org.apa.kaf.cli.con.int.ConsumerCoordinator] (Thread-896) [Consumer clientId=consumer-Consumer-topic-c7d31b76_629d_4aa1_8790_c4145b189f1e-38, groupId=Consumer-topic-c7d31b76_629d_4aa1_8790_c4145b189f1e] Request joining group due to: need to re-join with the given member-id: consumer-Consumer-topic-c7d31b76_629d_4aa1_8790_c4145b189f1e-38-d3520361-39c5-467f-a774-9f573f81d6c4
2025-08-07 12:24:11,538 INFO  [org.apa.kaf.cli.con.int.ConsumerCoordinator] (Thread-896) [Consumer clientId=consumer-Consumer-topic-c7d31b76_629d_4aa1_8790_c4145b189f1e-38, groupId=Consumer-topic-c7d31b76_629d_4aa1_8790_c4145b189f1e] (Re-)joining group
2025-08-07 12:24:12,526 INFO  [io.api.tes.ser.api.KafkaSerdesTester] (Thread-896) None found
2025-08-07 12:24:13,526 INFO  [io.api.tes.ser.api.KafkaSerdesTester] (Thread-896) None found
2025-08-07 12:24:14,526 INFO  [io.api.tes.ser.api.KafkaSerdesTester] (Thread-896) None found
2025-08-07 12:24:14,538 INFO  [org.apa.kaf.cli.con.int.ConsumerCoordinator] (Thread-896) [Consumer clientId=consumer-Consumer-topic-c7d31b76_629d_4aa1_8790_c4145b189f1e-38, groupId=Consumer-topic-c7d31b76_629d_4aa1_8790_c4145b189f1e] Successfully joined group with generation Generation{generationId=1, memberId='consumer-Consumer-topic-c7d31b76_629d_4aa1_8790_c4145b189f1e-38-d3520361-39c5-467f-a774-9f573f81d6c4', protocol='range'}
2025-08-07 12:24:14,539 INFO  [org.apa.kaf.cli.con.int.ConsumerCoordinator] (Thread-896) [Consumer clientId=consumer-Consumer-topic-c7d31b76_629d_4aa1_8790_c4145b189f1e-38, groupId=Consumer-topic-c7d31b76_629d_4aa1_8790_c4145b189f1e] Finished assignment for group at generation 1: {consumer-Consumer-topic-c7d31b76_629d_4aa1_8790_c4145b189f1e-38-d3520361-39c5-467f-a774-9f573f81d6c4=Assignment(partitions=[topic-c7d31b76_629d_4aa1_8790_c4145b189f1e-0])}
2025-08-07 12:24:14,545 INFO  [org.apa.kaf.cli.con.int.ConsumerCoordinator] (Thread-896) [Consumer clientId=consumer-Consumer-topic-c7d31b76_629d_4aa1_8790_c4145b189f1e-38, groupId=Consumer-topic-c7d31b76_629d_4aa1_8790_c4145b189f1e] Successfully synced group in generation Generation{generationId=1, memberId='consumer-Consumer-topic-c7d31b76_629d_4aa1_8790_c4145b189f1e-38-d3520361-39c5-467f-a774-9f573f81d6c4', protocol='range'}
2025-08-07 12:24:14,545 INFO  [org.apa.kaf.cli.con.int.ConsumerCoordinator] (Thread-896) [Consumer clientId=consumer-Consumer-topic-c7d31b76_629d_4aa1_8790_c4145b189f1e-38, groupId=Consumer-topic-c7d31b76_629d_4aa1_8790_c4145b189f1e] Notifying assignor about the new Assignment(partitions=[topic-c7d31b76_629d_4aa1_8790_c4145b189f1e-0])
2025-08-07 12:24:14,545 INFO  [org.apa.kaf.cli.con.int.ConsumerRebalanceListenerInvoker] (Thread-896) [Consumer clientId=consumer-Consumer-topic-c7d31b76_629d_4aa1_8790_c4145b189f1e-38, groupId=Consumer-topic-c7d31b76_629d_4aa1_8790_c4145b189f1e] Adding newly assigned partitions: topic-c7d31b76_629d_4aa1_8790_c4145b189f1e-0
2025-08-07 12:24:14,546 INFO  [org.apa.kaf.cli.con.int.ConsumerCoordinator] (Thread-896) [Consumer clientId=consumer-Consumer-topic-c7d31b76_629d_4aa1_8790_c4145b189f1e-38, groupId=Consumer-topic-c7d31b76_629d_4aa1_8790_c4145b189f1e] Found no committed offset for partition topic-c7d31b76_629d_4aa1_8790_c4145b189f1e-0
2025-08-07 12:24:14,548 INFO  [org.apa.kaf.cli.con.int.SubscriptionState] (Thread-896) [Consumer clientId=consumer-Consumer-topic-c7d31b76_629d_4aa1_8790_c4145b189f1e-38, groupId=Consumer-topic-c7d31b76_629d_4aa1_8790_c4145b189f1e] Resetting offset for partition topic-c7d31b76_629d_4aa1_8790_c4145b189f1e-0 to position FetchPosition{offset=0, offsetEpoch=Optional.empty, currentLeader=LeaderAndEpoch{leader=Optional[localhost:32769 (id: 0 rack: null)], epoch=0}}.
2025-08-07 12:24:14,573 INFO  [io.api.tes.ser.api.KafkaSerdesTester] (Thread-896) topic-c7d31b76_629d_4aa1_8790_c4145b189f1e 0 0 {"key1": "value-0"}
2025-08-07 12:24:14,573 INFO  [io.api.tes.ser.api.KafkaSerdesTester] (Thread-896) topic-c7d31b76_629d_4aa1_8790_c4145b189f1e 0 1 {"key1": "value-1"}
2025-08-07 12:24:14,573 INFO  [io.api.tes.ser.api.KafkaSerdesTester] (Thread-896) topic-c7d31b76_629d_4aa1_8790_c4145b189f1e 0 2 {"key1": "value-2"}
2025-08-07 12:24:14,573 INFO  [io.api.tes.ser.api.KafkaSerdesTester] (Thread-896) topic-c7d31b76_629d_4aa1_8790_c4145b189f1e 0 3 {"key1": "value-3"}
2025-08-07 12:24:14,573 INFO  [io.api.tes.ser.api.KafkaSerdesTester] (Thread-896) topic-c7d31b76_629d_4aa1_8790_c4145b189f1e 0 4 {"key1": "value-4"}
2025-08-07 12:24:14,573 INFO  [io.api.tes.ser.api.KafkaSerdesTester] (Thread-896) topic-c7d31b76_629d_4aa1_8790_c4145b189f1e 0 5 {"key1": "value-5"}
2025-08-07 12:24:14,573 INFO  [io.api.tes.ser.api.KafkaSerdesTester] (Thread-896) topic-c7d31b76_629d_4aa1_8790_c4145b189f1e 0 6 {"key1": "value-6"}
2025-08-07 12:24:14,573 INFO  [io.api.tes.ser.api.KafkaSerdesTester] (Thread-896) topic-c7d31b76_629d_4aa1_8790_c4145b189f1e 0 7 {"key1": "value-7"}
2025-08-07 12:24:14,573 INFO  [io.api.tes.ser.api.KafkaSerdesTester] (Thread-896) topic-c7d31b76_629d_4aa1_8790_c4145b189f1e 0 8 {"key1": "value-8"}
2025-08-07 12:24:14,573 INFO  [io.api.tes.ser.api.KafkaSerdesTester] (Thread-896) topic-c7d31b76_629d_4aa1_8790_c4145b189f1e 0 9 {"key1": "value-9"}
2025-08-07 12:24:14,573 INFO  [io.api.tes.ser.api.KafkaSerdesTester] (Thread-896) Consumed 10 messages
2025-08-07 12:24:14,580 INFO  [org.apa.kaf.cli.con.int.ConsumerRebalanceListenerInvoker] (Thread-896) [Consumer clientId=consumer-Consumer-topic-c7d31b76_629d_4aa1_8790_c4145b189f1e-38, groupId=Consumer-topic-c7d31b76_629d_4aa1_8790_c4145b189f1e] Revoke previously assigned partitions topic-c7d31b76_629d_4aa1_8790_c4145b189f1e-0
2025-08-07 12:24:14,580 INFO  [org.apa.kaf.cli.con.int.ConsumerCoordinator] (Thread-896) [Consumer clientId=consumer-Consumer-topic-c7d31b76_629d_4aa1_8790_c4145b189f1e-38, groupId=Consumer-topic-c7d31b76_629d_4aa1_8790_c4145b189f1e] Member consumer-Consumer-topic-c7d31b76_629d_4aa1_8790_c4145b189f1e-38-d3520361-39c5-467f-a774-9f573f81d6c4 sending LeaveGroup request to coordinator localhost:32769 (id: 2147483647 rack: null) due to the consumer is being closed
2025-08-07 12:24:14,580 INFO  [org.apa.kaf.cli.con.int.ConsumerCoordinator] (Thread-896) [Consumer clientId=consumer-Consumer-topic-c7d31b76_629d_4aa1_8790_c4145b189f1e-38, groupId=Consumer-topic-c7d31b76_629d_4aa1_8790_c4145b189f1e] Resetting generation and member id due to: consumer pro-actively leaving the group
2025-08-07 12:24:14,580 INFO  [org.apa.kaf.cli.con.int.ConsumerCoordinator] (Thread-896) [Consumer clientId=consumer-Consumer-topic-c7d31b76_629d_4aa1_8790_c4145b189f1e-38, groupId=Consumer-topic-c7d31b76_629d_4aa1_8790_c4145b189f1e] Request joining group due to: consumer pro-actively leaving the group
2025-08-07 12:24:15,075 INFO  [org.apa.kaf.com.met.Metrics] (Thread-896) Metrics scheduler closed
2025-08-07 12:24:15,075 INFO  [org.apa.kaf.com.met.Metrics] (Thread-896) Closing reporter org.apache.kafka.common.metrics.JmxReporter
2025-08-07 12:24:15,075 INFO  [org.apa.kaf.com.met.Metrics] (Thread-896) Closing reporter org.apache.kafka.common.telemetry.internals.ClientTelemetryReporter
2025-08-07 12:24:15,075 INFO  [org.apa.kaf.com.met.Metrics] (Thread-896) Metrics reporters closed
2025-08-07 12:24:15,077 INFO  [org.apa.kaf.com.uti.AppInfoParser] (Thread-896) App info kafka.consumer for consumer-Consumer-topic-c7d31b76_629d_4aa1_8790_c4145b189f1e-38 unregistered
2025-08-07 12:24:15,079 INFO  [org.apa.kaf.cli.con.int.ClassicKafkaConsumer] (Thread-897) [Consumer clientId=consumer-Consumer-topic-c82c2930_7734_437f_af8d_39d2e21825ff-39, groupId=Consumer-topic-c82c2930_7734_437f_af8d_39d2e21825ff] Subscribed to topic(s): topic-c82c2930_7734_437f_af8d_39d2e21825ff
2025-08-07 12:24:15,082 INFO  [org.apa.kaf.cli.Metadata] (Thread-897) [Consumer clientId=consumer-Consumer-topic-c82c2930_7734_437f_af8d_39d2e21825ff-39, groupId=Consumer-topic-c82c2930_7734_437f_af8d_39d2e21825ff] Cluster ID: CeYNmdzmRCaaSk-AVslC4g
2025-08-07 12:24:15,083 INFO  [org.apa.kaf.cli.con.int.ConsumerCoordinator] (Thread-897) [Consumer clientId=consumer-Consumer-topic-c82c2930_7734_437f_af8d_39d2e21825ff-39, groupId=Consumer-topic-c82c2930_7734_437f_af8d_39d2e21825ff] Discovered group coordinator localhost:32769 (id: 2147483647 rack: null)
2025-08-07 12:24:15,084 INFO  [org.apa.kaf.cli.con.int.ConsumerCoordinator] (Thread-897) [Consumer clientId=consumer-Consumer-topic-c82c2930_7734_437f_af8d_39d2e21825ff-39, groupId=Consumer-topic-c82c2930_7734_437f_af8d_39d2e21825ff] (Re-)joining group
2025-08-07 12:24:15,087 INFO  [org.apa.kaf.cli.con.int.ConsumerCoordinator] (Thread-897) [Consumer clientId=consumer-Consumer-topic-c82c2930_7734_437f_af8d_39d2e21825ff-39, groupId=Consumer-topic-c82c2930_7734_437f_af8d_39d2e21825ff] Request joining group due to: need to re-join with the given member-id: consumer-Consumer-topic-c82c2930_7734_437f_af8d_39d2e21825ff-39-69b71a20-746e-4ab4-8f73-faebea9b13ea
2025-08-07 12:24:15,087 INFO  [org.apa.kaf.cli.con.int.ConsumerCoordinator] (Thread-897) [Consumer clientId=consumer-Consumer-topic-c82c2930_7734_437f_af8d_39d2e21825ff-39, groupId=Consumer-topic-c82c2930_7734_437f_af8d_39d2e21825ff] (Re-)joining group
2025-08-07 12:24:16,079 INFO  [io.api.tes.ser.api.KafkaSerdesTester] (Thread-897) None found
2025-08-07 12:24:17,079 INFO  [io.api.tes.ser.api.KafkaSerdesTester] (Thread-897) None found
2025-08-07 12:24:18,080 INFO  [io.api.tes.ser.api.KafkaSerdesTester] (Thread-897) None found
2025-08-07 12:24:18,088 INFO  [org.apa.kaf.cli.con.int.ConsumerCoordinator] (Thread-897) [Consumer clientId=consumer-Consumer-topic-c82c2930_7734_437f_af8d_39d2e21825ff-39, groupId=Consumer-topic-c82c2930_7734_437f_af8d_39d2e21825ff] Successfully joined group with generation Generation{generationId=1, memberId='consumer-Consumer-topic-c82c2930_7734_437f_af8d_39d2e21825ff-39-69b71a20-746e-4ab4-8f73-faebea9b13ea', protocol='range'}
2025-08-07 12:24:18,088 INFO  [org.apa.kaf.cli.con.int.ConsumerCoordinator] (Thread-897) [Consumer clientId=consumer-Consumer-topic-c82c2930_7734_437f_af8d_39d2e21825ff-39, groupId=Consumer-topic-c82c2930_7734_437f_af8d_39d2e21825ff] Finished assignment for group at generation 1: {consumer-Consumer-topic-c82c2930_7734_437f_af8d_39d2e21825ff-39-69b71a20-746e-4ab4-8f73-faebea9b13ea=Assignment(partitions=[topic-c82c2930_7734_437f_af8d_39d2e21825ff-0])}
2025-08-07 12:24:18,095 INFO  [org.apa.kaf.cli.con.int.ConsumerCoordinator] (Thread-897) [Consumer clientId=consumer-Consumer-topic-c82c2930_7734_437f_af8d_39d2e21825ff-39, groupId=Consumer-topic-c82c2930_7734_437f_af8d_39d2e21825ff] Successfully synced group in generation Generation{generationId=1, memberId='consumer-Consumer-topic-c82c2930_7734_437f_af8d_39d2e21825ff-39-69b71a20-746e-4ab4-8f73-faebea9b13ea', protocol='range'}
2025-08-07 12:24:18,095 INFO  [org.apa.kaf.cli.con.int.ConsumerCoordinator] (Thread-897) [Consumer clientId=consumer-Consumer-topic-c82c2930_7734_437f_af8d_39d2e21825ff-39, groupId=Consumer-topic-c82c2930_7734_437f_af8d_39d2e21825ff] Notifying assignor about the new Assignment(partitions=[topic-c82c2930_7734_437f_af8d_39d2e21825ff-0])
2025-08-07 12:24:18,095 INFO  [org.apa.kaf.cli.con.int.ConsumerRebalanceListenerInvoker] (Thread-897) [Consumer clientId=consumer-Consumer-topic-c82c2930_7734_437f_af8d_39d2e21825ff-39, groupId=Consumer-topic-c82c2930_7734_437f_af8d_39d2e21825ff] Adding newly assigned partitions: topic-c82c2930_7734_437f_af8d_39d2e21825ff-0
2025-08-07 12:24:18,095 INFO  [org.apa.kaf.cli.con.int.ConsumerCoordinator] (Thread-897) [Consumer clientId=consumer-Consumer-topic-c82c2930_7734_437f_af8d_39d2e21825ff-39, groupId=Consumer-topic-c82c2930_7734_437f_af8d_39d2e21825ff] Found no committed offset for partition topic-c82c2930_7734_437f_af8d_39d2e21825ff-0
2025-08-07 12:24:18,098 INFO  [org.apa.kaf.cli.con.int.SubscriptionState] (Thread-897) [Consumer clientId=consumer-Consumer-topic-c82c2930_7734_437f_af8d_39d2e21825ff-39, groupId=Consumer-topic-c82c2930_7734_437f_af8d_39d2e21825ff] Resetting offset for partition topic-c82c2930_7734_437f_af8d_39d2e21825ff-0 to position FetchPosition{offset=0, offsetEpoch=Optional.empty, currentLeader=LeaderAndEpoch{leader=Optional[localhost:32769 (id: 0 rack: null)], epoch=0}}.
2025-08-07 12:24:18,122 INFO  [io.api.tes.ser.api.KafkaSerdesTester] (Thread-897) topic-c82c2930_7734_437f_af8d_39d2e21825ff 0 0 {"key1": "value-0"}
2025-08-07 12:24:18,122 INFO  [io.api.tes.ser.api.KafkaSerdesTester] (Thread-897) topic-c82c2930_7734_437f_af8d_39d2e21825ff 0 1 {"key1": "value-1"}
2025-08-07 12:24:18,122 INFO  [io.api.tes.ser.api.KafkaSerdesTester] (Thread-897) topic-c82c2930_7734_437f_af8d_39d2e21825ff 0 2 {"key1": "value-2"}
2025-08-07 12:24:18,122 INFO  [io.api.tes.ser.api.KafkaSerdesTester] (Thread-897) topic-c82c2930_7734_437f_af8d_39d2e21825ff 0 3 {"key1": "value-3"}
2025-08-07 12:24:18,122 INFO  [io.api.tes.ser.api.KafkaSerdesTester] (Thread-897) topic-c82c2930_7734_437f_af8d_39d2e21825ff 0 4 {"key1": "value-4"}
2025-08-07 12:24:18,122 INFO  [io.api.tes.ser.api.KafkaSerdesTester] (Thread-897) topic-c82c2930_7734_437f_af8d_39d2e21825ff 0 5 {"key1": "value-5"}
2025-08-07 12:24:18,122 INFO  [io.api.tes.ser.api.KafkaSerdesTester] (Thread-897) topic-c82c2930_7734_437f_af8d_39d2e21825ff 0 6 {"key1": "value-6"}
2025-08-07 12:24:18,122 INFO  [io.api.tes.ser.api.KafkaSerdesTester] (Thread-897) topic-c82c2930_7734_437f_af8d_39d2e21825ff 0 7 {"key1": "value-7"}
2025-08-07 12:24:18,122 INFO  [io.api.tes.ser.api.KafkaSerdesTester] (Thread-897) topic-c82c2930_7734_437f_af8d_39d2e21825ff 0 8 {"key1": "value-8"}
2025-08-07 12:24:18,122 INFO  [io.api.tes.ser.api.KafkaSerdesTester] (Thread-897) topic-c82c2930_7734_437f_af8d_39d2e21825ff 0 9 {"key1": "value-9"}
2025-08-07 12:24:18,122 INFO  [io.api.tes.ser.api.KafkaSerdesTester] (Thread-897) Consumed 10 messages
2025-08-07 12:24:18,130 INFO  [org.apa.kaf.cli.con.int.ConsumerRebalanceListenerInvoker] (Thread-897) [Consumer clientId=consumer-Consumer-topic-c82c2930_7734_437f_af8d_39d2e21825ff-39, groupId=Consumer-topic-c82c2930_7734_437f_af8d_39d2e21825ff] Revoke previously assigned partitions topic-c82c2930_7734_437f_af8d_39d2e21825ff-0
2025-08-07 12:24:18,130 INFO  [org.apa.kaf.cli.con.int.ConsumerCoordinator] (Thread-897) [Consumer clientId=consumer-Consumer-topic-c82c2930_7734_437f_af8d_39d2e21825ff-39, groupId=Consumer-topic-c82c2930_7734_437f_af8d_39d2e21825ff] Member consumer-Consumer-topic-c82c2930_7734_437f_af8d_39d2e21825ff-39-69b71a20-746e-4ab4-8f73-faebea9b13ea sending LeaveGroup request to coordinator localhost:32769 (id: 2147483647 rack: null) due to the consumer is being closed
2025-08-07 12:24:18,130 INFO  [org.apa.kaf.cli.con.int.ConsumerCoordinator] (Thread-897) [Consumer clientId=consumer-Consumer-topic-c82c2930_7734_437f_af8d_39d2e21825ff-39, groupId=Consumer-topic-c82c2930_7734_437f_af8d_39d2e21825ff] Resetting generation and member id due to: consumer pro-actively leaving the group
2025-08-07 12:24:18,131 INFO  [org.apa.kaf.cli.con.int.ConsumerCoordinator] (Thread-897) [Consumer clientId=consumer-Consumer-topic-c82c2930_7734_437f_af8d_39d2e21825ff-39, groupId=Consumer-topic-c82c2930_7734_437f_af8d_39d2e21825ff] Request joining group due to: consumer pro-actively leaving the group
2025-08-07 12:24:18,626 INFO  [org.apa.kaf.com.met.Metrics] (Thread-897) Metrics scheduler closed
2025-08-07 12:24:18,626 INFO  [org.apa.kaf.com.met.Metrics] (Thread-897) Closing reporter org.apache.kafka.common.metrics.JmxReporter
2025-08-07 12:24:18,626 INFO  [org.apa.kaf.com.met.Metrics] (Thread-897) Closing reporter org.apache.kafka.common.telemetry.internals.ClientTelemetryReporter
2025-08-07 12:24:18,626 INFO  [org.apa.kaf.com.met.Metrics] (Thread-897) Metrics reporters closed
2025-08-07 12:24:18,628 INFO  [org.apa.kaf.com.uti.AppInfoParser] (Thread-897) App info kafka.consumer for consumer-Consumer-topic-c82c2930_7734_437f_af8d_39d2e21825ff-39 unregistered
2025-08-07 12:24:18,629 INFO  [org.apa.kaf.cli.con.int.ClassicKafkaConsumer] (Thread-898) [Consumer clientId=consumer-Consumer-topic-ba6d2e79_84b0_4f97_858b_8cbd7c5ec235-40, groupId=Consumer-topic-ba6d2e79_84b0_4f97_858b_8cbd7c5ec235] Subscribed to topic(s): topic-ba6d2e79_84b0_4f97_858b_8cbd7c5ec235
2025-08-07 12:24:18,632 INFO  [org.apa.kaf.cli.Metadata] (Thread-898) [Consumer clientId=consumer-Consumer-topic-ba6d2e79_84b0_4f97_858b_8cbd7c5ec235-40, groupId=Consumer-topic-ba6d2e79_84b0_4f97_858b_8cbd7c5ec235] Cluster ID: CeYNmdzmRCaaSk-AVslC4g
2025-08-07 12:24:18,632 INFO  [org.apa.kaf.cli.con.int.ConsumerCoordinator] (Thread-898) [Consumer clientId=consumer-Consumer-topic-ba6d2e79_84b0_4f97_858b_8cbd7c5ec235-40, groupId=Consumer-topic-ba6d2e79_84b0_4f97_858b_8cbd7c5ec235] Discovered group coordinator localhost:32769 (id: 2147483647 rack: null)
2025-08-07 12:24:18,633 INFO  [org.apa.kaf.cli.con.int.ConsumerCoordinator] (Thread-898) [Consumer clientId=consumer-Consumer-topic-ba6d2e79_84b0_4f97_858b_8cbd7c5ec235-40, groupId=Consumer-topic-ba6d2e79_84b0_4f97_858b_8cbd7c5ec235] (Re-)joining group
2025-08-07 12:24:18,636 INFO  [org.apa.kaf.cli.con.int.ConsumerCoordinator] (Thread-898) [Consumer clientId=consumer-Consumer-topic-ba6d2e79_84b0_4f97_858b_8cbd7c5ec235-40, groupId=Consumer-topic-ba6d2e79_84b0_4f97_858b_8cbd7c5ec235] Request joining group due to: need to re-join with the given member-id: consumer-Consumer-topic-ba6d2e79_84b0_4f97_858b_8cbd7c5ec235-40-d947cb52-1af7-434a-8c75-5114e6097a14
2025-08-07 12:24:18,636 INFO  [org.apa.kaf.cli.con.int.ConsumerCoordinator] (Thread-898) [Consumer clientId=consumer-Consumer-topic-ba6d2e79_84b0_4f97_858b_8cbd7c5ec235-40, groupId=Consumer-topic-ba6d2e79_84b0_4f97_858b_8cbd7c5ec235] (Re-)joining group
2025-08-07 12:24:19,629 INFO  [io.api.tes.ser.api.KafkaSerdesTester] (Thread-898) None found
2025-08-07 12:24:20,629 INFO  [io.api.tes.ser.api.KafkaSerdesTester] (Thread-898) None found
2025-08-07 12:24:21,629 INFO  [io.api.tes.ser.api.KafkaSerdesTester] (Thread-898) None found
2025-08-07 12:24:21,638 INFO  [org.apa.kaf.cli.con.int.ConsumerCoordinator] (Thread-898) [Consumer clientId=consumer-Consumer-topic-ba6d2e79_84b0_4f97_858b_8cbd7c5ec235-40, groupId=Consumer-topic-ba6d2e79_84b0_4f97_858b_8cbd7c5ec235] Successfully joined group with generation Generation{generationId=1, memberId='consumer-Consumer-topic-ba6d2e79_84b0_4f97_858b_8cbd7c5ec235-40-d947cb52-1af7-434a-8c75-5114e6097a14', protocol='range'}
2025-08-07 12:24:21,638 INFO  [org.apa.kaf.cli.con.int.ConsumerCoordinator] (Thread-898) [Consumer clientId=consumer-Consumer-topic-ba6d2e79_84b0_4f97_858b_8cbd7c5ec235-40, groupId=Consumer-topic-ba6d2e79_84b0_4f97_858b_8cbd7c5ec235] Finished assignment for group at generation 1: {consumer-Consumer-topic-ba6d2e79_84b0_4f97_858b_8cbd7c5ec235-40-d947cb52-1af7-434a-8c75-5114e6097a14=Assignment(partitions=[topic-ba6d2e79_84b0_4f97_858b_8cbd7c5ec235-0])}
2025-08-07 12:24:21,645 INFO  [org.apa.kaf.cli.con.int.ConsumerCoordinator] (Thread-898) [Consumer clientId=consumer-Consumer-topic-ba6d2e79_84b0_4f97_858b_8cbd7c5ec235-40, groupId=Consumer-topic-ba6d2e79_84b0_4f97_858b_8cbd7c5ec235] Successfully synced group in generation Generation{generationId=1, memberId='consumer-Consumer-topic-ba6d2e79_84b0_4f97_858b_8cbd7c5ec235-40-d947cb52-1af7-434a-8c75-5114e6097a14', protocol='range'}
2025-08-07 12:24:21,645 INFO  [org.apa.kaf.cli.con.int.ConsumerCoordinator] (Thread-898) [Consumer clientId=consumer-Consumer-topic-ba6d2e79_84b0_4f97_858b_8cbd7c5ec235-40, groupId=Consumer-topic-ba6d2e79_84b0_4f97_858b_8cbd7c5ec235] Notifying assignor about the new Assignment(partitions=[topic-ba6d2e79_84b0_4f97_858b_8cbd7c5ec235-0])
2025-08-07 12:24:21,645 INFO  [org.apa.kaf.cli.con.int.ConsumerRebalanceListenerInvoker] (Thread-898) [Consumer clientId=consumer-Consumer-topic-ba6d2e79_84b0_4f97_858b_8cbd7c5ec235-40, groupId=Consumer-topic-ba6d2e79_84b0_4f97_858b_8cbd7c5ec235] Adding newly assigned partitions: topic-ba6d2e79_84b0_4f97_858b_8cbd7c5ec235-0
2025-08-07 12:24:21,645 INFO  [org.apa.kaf.cli.con.int.ConsumerCoordinator] (Thread-898) [Consumer clientId=consumer-Consumer-topic-ba6d2e79_84b0_4f97_858b_8cbd7c5ec235-40, groupId=Consumer-topic-ba6d2e79_84b0_4f97_858b_8cbd7c5ec235] Found no committed offset for partition topic-ba6d2e79_84b0_4f97_858b_8cbd7c5ec235-0
2025-08-07 12:24:21,648 INFO  [org.apa.kaf.cli.con.int.SubscriptionState] (Thread-898) [Consumer clientId=consumer-Consumer-topic-ba6d2e79_84b0_4f97_858b_8cbd7c5ec235-40, groupId=Consumer-topic-ba6d2e79_84b0_4f97_858b_8cbd7c5ec235] Resetting offset for partition topic-ba6d2e79_84b0_4f97_858b_8cbd7c5ec235-0 to position FetchPosition{offset=0, offsetEpoch=Optional.empty, currentLeader=LeaderAndEpoch{leader=Optional[localhost:32769 (id: 0 rack: null)], epoch=0}}.
2025-08-07 12:24:21,673 INFO  [io.api.tes.ser.api.KafkaSerdesTester] (Thread-898) topic-ba6d2e79_84b0_4f97_858b_8cbd7c5ec235 0 0 {"key1": "value-0"}
2025-08-07 12:24:21,673 INFO  [io.api.tes.ser.api.KafkaSerdesTester] (Thread-898) topic-ba6d2e79_84b0_4f97_858b_8cbd7c5ec235 0 1 {"key1": "value-1"}
2025-08-07 12:24:21,673 INFO  [io.api.tes.ser.api.KafkaSerdesTester] (Thread-898) topic-ba6d2e79_84b0_4f97_858b_8cbd7c5ec235 0 2 {"key1": "value-2"}
2025-08-07 12:24:21,673 INFO  [io.api.tes.ser.api.KafkaSerdesTester] (Thread-898) topic-ba6d2e79_84b0_4f97_858b_8cbd7c5ec235 0 3 {"key1": "value-3"}
2025-08-07 12:24:21,673 INFO  [io.api.tes.ser.api.KafkaSerdesTester] (Thread-898) topic-ba6d2e79_84b0_4f97_858b_8cbd7c5ec235 0 4 {"key1": "value-4"}
2025-08-07 12:24:21,673 INFO  [io.api.tes.ser.api.KafkaSerdesTester] (Thread-898) topic-ba6d2e79_84b0_4f97_858b_8cbd7c5ec235 0 5 {"key1": "value-5"}
2025-08-07 12:24:21,673 INFO  [io.api.tes.ser.api.KafkaSerdesTester] (Thread-898) topic-ba6d2e79_84b0_4f97_858b_8cbd7c5ec235 0 6 {"key1": "value-6"}
2025-08-07 12:24:21,673 INFO  [io.api.tes.ser.api.KafkaSerdesTester] (Thread-898) topic-ba6d2e79_84b0_4f97_858b_8cbd7c5ec235 0 7 {"key1": "value-7"}
2025-08-07 12:24:21,673 INFO  [io.api.tes.ser.api.KafkaSerdesTester] (Thread-898) topic-ba6d2e79_84b0_4f97_858b_8cbd7c5ec235 0 8 {"key1": "value-8"}
2025-08-07 12:24:21,673 INFO  [io.api.tes.ser.api.KafkaSerdesTester] (Thread-898) topic-ba6d2e79_84b0_4f97_858b_8cbd7c5ec235 0 9 {"key1": "value-9"}
2025-08-07 12:24:21,673 INFO  [io.api.tes.ser.api.KafkaSerdesTester] (Thread-898) Consumed 10 messages
2025-08-07 12:24:21,680 INFO  [org.apa.kaf.cli.con.int.ConsumerRebalanceListenerInvoker] (Thread-898) [Consumer clientId=consumer-Consumer-topic-ba6d2e79_84b0_4f97_858b_8cbd7c5ec235-40, groupId=Consumer-topic-ba6d2e79_84b0_4f97_858b_8cbd7c5ec235] Revoke previously assigned partitions topic-ba6d2e79_84b0_4f97_858b_8cbd7c5ec235-0
2025-08-07 12:24:21,680 INFO  [org.apa.kaf.cli.con.int.ConsumerCoordinator] (Thread-898) [Consumer clientId=consumer-Consumer-topic-ba6d2e79_84b0_4f97_858b_8cbd7c5ec235-40, groupId=Consumer-topic-ba6d2e79_84b0_4f97_858b_8cbd7c5ec235] Member consumer-Consumer-topic-ba6d2e79_84b0_4f97_858b_8cbd7c5ec235-40-d947cb52-1af7-434a-8c75-5114e6097a14 sending LeaveGroup request to coordinator localhost:32769 (id: 2147483647 rack: null) due to the consumer is being closed
2025-08-07 12:24:21,680 INFO  [org.apa.kaf.cli.con.int.ConsumerCoordinator] (Thread-898) [Consumer clientId=consumer-Consumer-topic-ba6d2e79_84b0_4f97_858b_8cbd7c5ec235-40, groupId=Consumer-topic-ba6d2e79_84b0_4f97_858b_8cbd7c5ec235] Resetting generation and member id due to: consumer pro-actively leaving the group
2025-08-07 12:24:21,680 INFO  [org.apa.kaf.cli.con.int.ConsumerCoordinator] (Thread-898) [Consumer clientId=consumer-Consumer-topic-ba6d2e79_84b0_4f97_858b_8cbd7c5ec235-40, groupId=Consumer-topic-ba6d2e79_84b0_4f97_858b_8cbd7c5ec235] Request joining group due to: consumer pro-actively leaving the group
2025-08-07 12:24:22,175 INFO  [org.apa.kaf.com.met.Metrics] (Thread-898) Metrics scheduler closed
2025-08-07 12:24:22,175 INFO  [org.apa.kaf.com.met.Metrics] (Thread-898) Closing reporter org.apache.kafka.common.metrics.JmxReporter
2025-08-07 12:24:22,175 INFO  [org.apa.kaf.com.met.Metrics] (Thread-898) Closing reporter org.apache.kafka.common.telemetry.internals.ClientTelemetryReporter
2025-08-07 12:24:22,175 INFO  [org.apa.kaf.com.met.Metrics] (Thread-898) Metrics reporters closed
2025-08-07 12:24:22,177 INFO  [org.apa.kaf.com.uti.AppInfoParser] (Thread-898) App info kafka.consumer for consumer-Consumer-topic-ba6d2e79_84b0_4f97_858b_8cbd7c5ec235-40 unregistered
2025-08-07 12:24:22,199 INFO  [io.api.tes.ser.con.BasicConfluentSerDesIT] (main) Deleting confluent schema myrecordconfluent6
2025-08-07 12:24:22,213 INFO  [io.api.tes.uti.TestSeparator] (main) io.apicurio.tests.serdes.confluent.BasicConfluentSerDesIT.testAvroConfluentForMultipleTopics-FINISHED
2025-08-07 12:24:22,213 INFO  [io.api.tes.uti.TestSeparator] (main) ############################################################################
Test passed: testAvroConfluentForMultipleTopics
]]></system-out>
  </testcase>
  <testcase name="testAvroConfluentApicurio" classname="io.apicurio.tests.serdes.confluent.BasicConfluentSerDesIT" time="3.796">
    <system-out><![CDATA[2025-08-07 12:24:22,215 INFO  [io.api.tes.uti.TestSeparator] (main) ############################################################################
2025-08-07 12:24:22,215 INFO  [io.api.tes.uti.TestSeparator] (main) io.apicurio.tests.serdes.confluent.BasicConfluentSerDesIT.testAvroConfluentApicurio-STARTED
2025-08-07 12:24:22,241 INFO  [io.api.tes.ser.con.BasicConfluentSerDesIT] (main) Checking that created schema is equal to the get schema
2025-08-07 12:24:22,259 INFO  [io.api.tes.ser.con.BasicConfluentSerDesIT] (main) Created schema with id:113 and name:myrecordconfluent1
**** Registry Base URL: http://registry-app-inmemory.apps.ci419.apicurio-testing.org:80
2025-08-07 12:24:22,260 INFO  [org.apa.kaf.cli.pro.ProducerConfig] (main) ProducerConfig values: 
	acks = -1
	auto.include.jmx.reporter = true
	batch.size = 16384
	bootstrap.servers = [PLAINTEXT://localhost:32769]
	buffer.memory = 33554432
	client.dns.lookup = use_all_dns_ips
	client.id = Producer-topic-d226c437_ecde_4ea9_8b2d_50300477d3b6
	compression.gzip.level = -1
	compression.lz4.level = 9
	compression.type = none
	compression.zstd.level = 3
	connections.max.idle.ms = 10000
	delivery.timeout.ms = 120000
	enable.idempotence = true
	enable.metrics.push = true
	interceptor.classes = []
	key.serializer = class org.apache.kafka.common.serialization.StringSerializer
	linger.ms = 0
	max.block.ms = 60000
	max.in.flight.requests.per.connection = 5
	max.request.size = 1048576
	metadata.max.age.ms = 300000
	metadata.max.idle.ms = 300000
	metadata.recovery.strategy = none
	metric.reporters = []
	metrics.num.samples = 2
	metrics.recording.level = INFO
	metrics.sample.window.ms = 30000
	partitioner.adaptive.partitioning.enable = true
	partitioner.availability.timeout.ms = 0
	partitioner.class = null
	partitioner.ignore.keys = false
	receive.buffer.bytes = 32768
	reconnect.backoff.max.ms = 1000
	reconnect.backoff.ms = 50
	request.timeout.ms = 5000
	retries = 2147483647
	retry.backoff.max.ms = 1000
	retry.backoff.ms = 100
	sasl.client.callback.handler.class = null
	sasl.jaas.config = null
	sasl.kerberos.kinit.cmd = /usr/bin/kinit
	sasl.kerberos.min.time.before.relogin = 60000
	sasl.kerberos.service.name = null
	sasl.kerberos.ticket.renew.jitter = 0.05
	sasl.kerberos.ticket.renew.window.factor = 0.8
	sasl.login.callback.handler.class = null
	sasl.login.class = null
	sasl.login.connect.timeout.ms = null
	sasl.login.read.timeout.ms = null
	sasl.login.refresh.buffer.seconds = 300
	sasl.login.refresh.min.period.seconds = 60
	sasl.login.refresh.window.factor = 0.8
	sasl.login.refresh.window.jitter = 0.05
	sasl.login.retry.backoff.max.ms = 10000
	sasl.login.retry.backoff.ms = 100
	sasl.mechanism = GSSAPI
	sasl.oauthbearer.clock.skew.seconds = 30
	sasl.oauthbearer.expected.audience = null
	sasl.oauthbearer.expected.issuer = null
	sasl.oauthbearer.header.urlencode = false
	sasl.oauthbearer.jwks.endpoint.refresh.ms = 3600000
	sasl.oauthbearer.jwks.endpoint.retry.backoff.max.ms = 10000
	sasl.oauthbearer.jwks.endpoint.retry.backoff.ms = 100
	sasl.oauthbearer.jwks.endpoint.url = null
	sasl.oauthbearer.scope.claim.name = scope
	sasl.oauthbearer.sub.claim.name = sub
	sasl.oauthbearer.token.endpoint.url = null
	security.protocol = PLAINTEXT
	security.providers = null
	send.buffer.bytes = 131072
	socket.connection.setup.timeout.max.ms = 30000
	socket.connection.setup.timeout.ms = 10000
	ssl.cipher.suites = null
	ssl.enabled.protocols = [TLSv1.2, TLSv1.3]
	ssl.endpoint.identification.algorithm = https
	ssl.engine.factory.class = null
	ssl.key.password = null
	ssl.keymanager.algorithm = SunX509
	ssl.keystore.certificate.chain = null
	ssl.keystore.key = null
	ssl.keystore.location = null
	ssl.keystore.password = null
	ssl.keystore.type = JKS
	ssl.protocol = TLSv1.3
	ssl.provider = null
	ssl.secure.random.implementation = null
	ssl.trustmanager.algorithm = PKIX
	ssl.truststore.certificates = null
	ssl.truststore.location = null
	ssl.truststore.password = null
	ssl.truststore.type = JKS
	transaction.timeout.ms = 60000
	transactional.id = null
	value.serializer = class io.confluent.kafka.serializers.KafkaAvroSerializer

2025-08-07 12:24:22,260 INFO  [org.apa.kaf.com.tel.int.KafkaMetricsCollector] (main) initializing Kafka metrics collector
2025-08-07 12:24:22,261 INFO  [io.con.kaf.ser.KafkaAvroSerializerConfig] (main) KafkaAvroSerializerConfig values: 
	auto.register.schemas = false
	avro.reflection.allow.null = false
	avro.remove.java.properties = false
	avro.use.logical.type.converters = false
	basic.auth.credentials.source = URL
	basic.auth.user.info = [hidden]
	bearer.auth.cache.expiry.buffer.seconds = 300
	bearer.auth.client.id = null
	bearer.auth.client.secret = null
	bearer.auth.credentials.source = STATIC_TOKEN
	bearer.auth.custom.provider.class = null
	bearer.auth.identity.pool.id = null
	bearer.auth.issuer.endpoint.url = null
	bearer.auth.logical.cluster = null
	bearer.auth.scope = null
	bearer.auth.scope.claim.name = scope
	bearer.auth.sub.claim.name = sub
	bearer.auth.token = [hidden]
	context.name.strategy = class io.confluent.kafka.serializers.context.NullContextNameStrategy
	http.connect.timeout.ms = 60000
	http.read.timeout.ms = 60000
	id.compatibility.strict = true
	key.schema.id.deserializer = class io.confluent.kafka.serializers.schema.id.DualSchemaIdDeserializer
	key.schema.id.serializer = class io.confluent.kafka.serializers.schema.id.PrefixSchemaIdSerializer
	key.subject.name.strategy = class io.confluent.kafka.serializers.subject.TopicNameStrategy
	latest.cache.size = 1000
	latest.cache.ttl.sec = -1
	latest.compatibility.strict = true
	max.retries = 3
	max.schemas.per.subject = 1000
	normalize.schemas = false
	propagate.schema.tags = false
	proxy.host = 
	proxy.port = -1
	retries.max.wait.ms = 20000
	retries.wait.ms = 1000
	rule.actions = []
	rule.executors = []
	rule.service.loader.enable = true
	schema.format = null
	schema.reflection = false
	schema.registry.basic.auth.user.info = [hidden]
	schema.registry.ssl.cipher.suites = null
	schema.registry.ssl.enabled.protocols = [TLSv1.2, TLSv1.3]
	schema.registry.ssl.endpoint.identification.algorithm = https
	schema.registry.ssl.engine.factory.class = null
	schema.registry.ssl.key.password = null
	schema.registry.ssl.keymanager.algorithm = SunX509
	schema.registry.ssl.keystore.certificate.chain = null
	schema.registry.ssl.keystore.key = null
	schema.registry.ssl.keystore.location = null
	schema.registry.ssl.keystore.password = null
	schema.registry.ssl.keystore.type = JKS
	schema.registry.ssl.protocol = TLSv1.3
	schema.registry.ssl.provider = null
	schema.registry.ssl.secure.random.implementation = null
	schema.registry.ssl.trustmanager.algorithm = PKIX
	schema.registry.ssl.truststore.certificates = null
	schema.registry.ssl.truststore.location = null
	schema.registry.ssl.truststore.password = null
	schema.registry.ssl.truststore.type = JKS
	schema.registry.url = [http://registry-app-inmemory.apps.ci419.apicurio-testing.org:80/apis/ccompat/v7]
	schema.registry.url.randomize = false
	use.latest.version = false
	use.latest.with.metadata = null
	use.schema.id = -1
	value.schema.id.deserializer = class io.confluent.kafka.serializers.schema.id.DualSchemaIdDeserializer
	value.schema.id.serializer = class io.confluent.kafka.serializers.schema.id.PrefixSchemaIdSerializer
	value.subject.name.strategy = class io.confluent.kafka.serializers.subject.TopicNameStrategy

2025-08-07 12:24:22,262 INFO  [org.apa.kaf.cli.pro.KafkaProducer] (main) [Producer clientId=Producer-topic-d226c437_ecde_4ea9_8b2d_50300477d3b6] Instantiated an idempotent producer.
2025-08-07 12:24:22,263 INFO  [org.apa.kaf.cli.pro.ProducerConfig] (main) These configurations '[schema.registry.url, auto.register.schemas, value.subject.name.strategy]' were supplied but are not used yet.
2025-08-07 12:24:22,263 INFO  [org.apa.kaf.com.uti.AppInfoParser] (main) Kafka version: 3.9.1
2025-08-07 12:24:22,263 INFO  [org.apa.kaf.com.uti.AppInfoParser] (main) Kafka commitId: f745dfdcee2b9851
2025-08-07 12:24:22,263 INFO  [org.apa.kaf.com.uti.AppInfoParser] (main) Kafka startTimeMs: 1754569462263
2025-08-07 12:24:22,263 INFO  [io.api.tes.ser.api.SimpleSerdesTesterBuilder$SimpleSerdesTester] (main) Using producer configuration: {schema.registry.url=http://registry-app-inmemory.apps.ci419.apicurio-testing.org:80/apis/ccompat/v7, value.serializer=io.confluent.kafka.serializers.KafkaAvroSerializer, request.timeout.ms=5000, auto.register.schemas=false, acks=all, bootstrap.servers=PLAINTEXT://localhost:32769, connections.max.idle.ms=10000, key.serializer=org.apache.kafka.common.serialization.StringSerializer, value.subject.name.strategy=io.confluent.kafka.serializers.subject.TopicNameStrategy, client.id=Producer-topic-d226c437_ecde_4ea9_8b2d_50300477d3b6}
2025-08-07 12:24:22,263 INFO  [io.api.tes.ser.api.SimpleSerdesTesterBuilder$SimpleSerdesTester] (main) Using consumer configuration: {}
2025-08-07 12:24:22,264 INFO  [io.api.tes.ser.api.KafkaSerdesTester] (Thread-899) Sending message {"key1": "value-0"} to topic topic-d226c437_ecde_4ea9_8b2d_50300477d3b6
2025-08-07 12:24:22,266 WARN  [org.apa.kaf.cli.NetworkClient] (kafka-producer-network-thread | Producer-topic-d226c437_ecde_4ea9_8b2d_50300477d3b6) [Producer clientId=Producer-topic-d226c437_ecde_4ea9_8b2d_50300477d3b6] The metadata response from the cluster reported a recoverable issue with correlation id 1 : {topic-d226c437_ecde_4ea9_8b2d_50300477d3b6=UNKNOWN_TOPIC_OR_PARTITION}
2025-08-07 12:24:22,266 INFO  [org.apa.kaf.cli.Metadata] (kafka-producer-network-thread | Producer-topic-d226c437_ecde_4ea9_8b2d_50300477d3b6) [Producer clientId=Producer-topic-d226c437_ecde_4ea9_8b2d_50300477d3b6] Cluster ID: CeYNmdzmRCaaSk-AVslC4g
2025-08-07 12:24:22,267 INFO  [org.apa.kaf.cli.pro.int.TransactionManager] (kafka-producer-network-thread | Producer-topic-d226c437_ecde_4ea9_8b2d_50300477d3b6) [Producer clientId=Producer-topic-d226c437_ecde_4ea9_8b2d_50300477d3b6] ProducerId set to 54 with epoch 0
2025-08-07 12:24:22,402 INFO  [io.api.tes.ser.api.KafkaSerdesTester] (Thread-899) Sending message {"key1": "value-1"} to topic topic-d226c437_ecde_4ea9_8b2d_50300477d3b6
2025-08-07 12:24:22,410 INFO  [io.api.tes.ser.api.KafkaSerdesTester] (Thread-899) Sending message {"key1": "value-2"} to topic topic-d226c437_ecde_4ea9_8b2d_50300477d3b6
2025-08-07 12:24:22,413 INFO  [io.api.tes.ser.api.KafkaSerdesTester] (Thread-899) Sending message {"key1": "value-3"} to topic topic-d226c437_ecde_4ea9_8b2d_50300477d3b6
2025-08-07 12:24:22,415 INFO  [io.api.tes.ser.api.KafkaSerdesTester] (Thread-899) Sending message {"key1": "value-4"} to topic topic-d226c437_ecde_4ea9_8b2d_50300477d3b6
2025-08-07 12:24:22,416 INFO  [io.api.tes.ser.api.KafkaSerdesTester] (Thread-899) Sending message {"key1": "value-5"} to topic topic-d226c437_ecde_4ea9_8b2d_50300477d3b6
2025-08-07 12:24:22,419 INFO  [io.api.tes.ser.api.KafkaSerdesTester] (Thread-899) Sending message {"key1": "value-6"} to topic topic-d226c437_ecde_4ea9_8b2d_50300477d3b6
2025-08-07 12:24:22,421 INFO  [io.api.tes.ser.api.KafkaSerdesTester] (Thread-899) Sending message {"key1": "value-7"} to topic topic-d226c437_ecde_4ea9_8b2d_50300477d3b6
2025-08-07 12:24:22,422 INFO  [io.api.tes.ser.api.KafkaSerdesTester] (Thread-899) Sending message {"key1": "value-8"} to topic topic-d226c437_ecde_4ea9_8b2d_50300477d3b6
2025-08-07 12:24:22,423 INFO  [io.api.tes.ser.api.KafkaSerdesTester] (Thread-899) Sending message {"key1": "value-9"} to topic topic-d226c437_ecde_4ea9_8b2d_50300477d3b6
2025-08-07 12:24:22,424 INFO  [io.api.tes.ser.api.KafkaSerdesTester] (Thread-899) Produced 10 messages
2025-08-07 12:24:22,424 INFO  [org.apa.kaf.cli.pro.KafkaProducer] (Thread-899) [Producer clientId=Producer-topic-d226c437_ecde_4ea9_8b2d_50300477d3b6] Closing the Kafka producer with timeoutMillis = 9223372036854775807 ms.
2025-08-07 12:24:22,425 INFO  [org.apa.kaf.com.met.Metrics] (Thread-899) Metrics scheduler closed
2025-08-07 12:24:22,425 INFO  [org.apa.kaf.com.met.Metrics] (Thread-899) Closing reporter org.apache.kafka.common.metrics.JmxReporter
2025-08-07 12:24:22,425 INFO  [org.apa.kaf.com.met.Metrics] (Thread-899) Closing reporter org.apache.kafka.common.telemetry.internals.ClientTelemetryReporter
2025-08-07 12:24:22,425 INFO  [org.apa.kaf.com.met.Metrics] (Thread-899) Metrics reporters closed
2025-08-07 12:24:22,425 INFO  [org.apa.kaf.com.uti.AppInfoParser] (Thread-899) App info kafka.producer for Producer-topic-d226c437_ecde_4ea9_8b2d_50300477d3b6 unregistered
**** Registry Base URL: http://registry-app-inmemory.apps.ci419.apicurio-testing.org:80
2025-08-07 12:24:22,426 INFO  [org.apa.kaf.cli.con.ConsumerConfig] (main) ConsumerConfig values: 
	allow.auto.create.topics = true
	auto.commit.interval.ms = 500
	auto.include.jmx.reporter = true
	auto.offset.reset = earliest
	bootstrap.servers = [PLAINTEXT://localhost:32769]
	check.crcs = true
	client.dns.lookup = use_all_dns_ips
	client.id = consumer-Consumer-topic-d226c437_ecde_4ea9_8b2d_50300477d3b6-41
	client.rack = 
	connections.max.idle.ms = 10000
	default.api.timeout.ms = 60000
	enable.auto.commit = true
	enable.metrics.push = true
	exclude.internal.topics = true
	fetch.max.bytes = 52428800
	fetch.max.wait.ms = 500
	fetch.min.bytes = 1
	group.id = Consumer-topic-d226c437_ecde_4ea9_8b2d_50300477d3b6
	group.instance.id = null
	group.protocol = classic
	group.remote.assignor = null
	heartbeat.interval.ms = 3000
	interceptor.classes = []
	internal.leave.group.on.close = true
	internal.throw.on.fetch.stable.offset.unsupported = false
	isolation.level = read_uncommitted
	key.deserializer = class org.apache.kafka.common.serialization.StringDeserializer
	max.partition.fetch.bytes = 1048576
	max.poll.interval.ms = 300000
	max.poll.records = 500
	metadata.max.age.ms = 300000
	metadata.recovery.strategy = none
	metric.reporters = []
	metrics.num.samples = 2
	metrics.recording.level = INFO
	metrics.sample.window.ms = 30000
	partition.assignment.strategy = [class org.apache.kafka.clients.consumer.RangeAssignor, class org.apache.kafka.clients.consumer.CooperativeStickyAssignor]
	receive.buffer.bytes = 65536
	reconnect.backoff.max.ms = 1000
	reconnect.backoff.ms = 50
	request.timeout.ms = 5000
	retry.backoff.max.ms = 1000
	retry.backoff.ms = 100
	sasl.client.callback.handler.class = null
	sasl.jaas.config = null
	sasl.kerberos.kinit.cmd = /usr/bin/kinit
	sasl.kerberos.min.time.before.relogin = 60000
	sasl.kerberos.service.name = null
	sasl.kerberos.ticket.renew.jitter = 0.05
	sasl.kerberos.ticket.renew.window.factor = 0.8
	sasl.login.callback.handler.class = null
	sasl.login.class = null
	sasl.login.connect.timeout.ms = null
	sasl.login.read.timeout.ms = null
	sasl.login.refresh.buffer.seconds = 300
	sasl.login.refresh.min.period.seconds = 60
	sasl.login.refresh.window.factor = 0.8
	sasl.login.refresh.window.jitter = 0.05
	sasl.login.retry.backoff.max.ms = 10000
	sasl.login.retry.backoff.ms = 100
	sasl.mechanism = GSSAPI
	sasl.oauthbearer.clock.skew.seconds = 30
	sasl.oauthbearer.expected.audience = null
	sasl.oauthbearer.expected.issuer = null
	sasl.oauthbearer.header.urlencode = false
	sasl.oauthbearer.jwks.endpoint.refresh.ms = 3600000
	sasl.oauthbearer.jwks.endpoint.retry.backoff.max.ms = 10000
	sasl.oauthbearer.jwks.endpoint.retry.backoff.ms = 100
	sasl.oauthbearer.jwks.endpoint.url = null
	sasl.oauthbearer.scope.claim.name = scope
	sasl.oauthbearer.sub.claim.name = sub
	sasl.oauthbearer.token.endpoint.url = null
	security.protocol = PLAINTEXT
	security.providers = null
	send.buffer.bytes = 131072
	session.timeout.ms = 45000
	socket.connection.setup.timeout.max.ms = 30000
	socket.connection.setup.timeout.ms = 10000
	ssl.cipher.suites = null
	ssl.enabled.protocols = [TLSv1.2, TLSv1.3]
	ssl.endpoint.identification.algorithm = https
	ssl.engine.factory.class = null
	ssl.key.password = null
	ssl.keymanager.algorithm = SunX509
	ssl.keystore.certificate.chain = null
	ssl.keystore.key = null
	ssl.keystore.location = null
	ssl.keystore.password = null
	ssl.keystore.type = JKS
	ssl.protocol = TLSv1.3
	ssl.provider = null
	ssl.secure.random.implementation = null
	ssl.trustmanager.algorithm = PKIX
	ssl.truststore.certificates = null
	ssl.truststore.location = null
	ssl.truststore.password = null
	ssl.truststore.type = JKS
	value.deserializer = class io.apicurio.registry.serde.avro.AvroKafkaDeserializer

2025-08-07 12:24:22,426 INFO  [org.apa.kaf.com.tel.int.KafkaMetricsCollector] (main) initializing Kafka metrics collector
2025-08-07 12:24:22,429 INFO  [org.apa.kaf.cli.con.ConsumerConfig] (main) These configurations '[apicurio.registry.url]' were supplied but are not used yet.
2025-08-07 12:24:22,429 INFO  [org.apa.kaf.com.uti.AppInfoParser] (main) Kafka version: 3.9.1
2025-08-07 12:24:22,429 INFO  [org.apa.kaf.com.uti.AppInfoParser] (main) Kafka commitId: f745dfdcee2b9851
2025-08-07 12:24:22,429 INFO  [org.apa.kaf.com.uti.AppInfoParser] (main) Kafka startTimeMs: 1754569462429
2025-08-07 12:24:22,430 INFO  [org.apa.kaf.cli.con.int.ClassicKafkaConsumer] (Thread-902) [Consumer clientId=consumer-Consumer-topic-d226c437_ecde_4ea9_8b2d_50300477d3b6-41, groupId=Consumer-topic-d226c437_ecde_4ea9_8b2d_50300477d3b6] Subscribed to topic(s): topic-d226c437_ecde_4ea9_8b2d_50300477d3b6
2025-08-07 12:24:22,434 INFO  [org.apa.kaf.cli.Metadata] (Thread-902) [Consumer clientId=consumer-Consumer-topic-d226c437_ecde_4ea9_8b2d_50300477d3b6-41, groupId=Consumer-topic-d226c437_ecde_4ea9_8b2d_50300477d3b6] Cluster ID: CeYNmdzmRCaaSk-AVslC4g
2025-08-07 12:24:22,434 INFO  [org.apa.kaf.cli.con.int.ConsumerCoordinator] (Thread-902) [Consumer clientId=consumer-Consumer-topic-d226c437_ecde_4ea9_8b2d_50300477d3b6-41, groupId=Consumer-topic-d226c437_ecde_4ea9_8b2d_50300477d3b6] Discovered group coordinator localhost:32769 (id: 2147483647 rack: null)
2025-08-07 12:24:22,436 INFO  [org.apa.kaf.cli.con.int.ConsumerCoordinator] (Thread-902) [Consumer clientId=consumer-Consumer-topic-d226c437_ecde_4ea9_8b2d_50300477d3b6-41, groupId=Consumer-topic-d226c437_ecde_4ea9_8b2d_50300477d3b6] (Re-)joining group
2025-08-07 12:24:22,441 INFO  [org.apa.kaf.cli.con.int.ConsumerCoordinator] (Thread-902) [Consumer clientId=consumer-Consumer-topic-d226c437_ecde_4ea9_8b2d_50300477d3b6-41, groupId=Consumer-topic-d226c437_ecde_4ea9_8b2d_50300477d3b6] Request joining group due to: need to re-join with the given member-id: consumer-Consumer-topic-d226c437_ecde_4ea9_8b2d_50300477d3b6-41-cc13d719-4639-47e0-bbf0-53e59fdbbaf4
2025-08-07 12:24:22,441 INFO  [org.apa.kaf.cli.con.int.ConsumerCoordinator] (Thread-902) [Consumer clientId=consumer-Consumer-topic-d226c437_ecde_4ea9_8b2d_50300477d3b6-41, groupId=Consumer-topic-d226c437_ecde_4ea9_8b2d_50300477d3b6] (Re-)joining group
2025-08-07 12:24:23,430 INFO  [io.api.tes.ser.api.KafkaSerdesTester] (Thread-902) None found
2025-08-07 12:24:24,431 INFO  [io.api.tes.ser.api.KafkaSerdesTester] (Thread-902) None found
2025-08-07 12:24:25,431 INFO  [io.api.tes.ser.api.KafkaSerdesTester] (Thread-902) None found
2025-08-07 12:24:25,442 INFO  [org.apa.kaf.cli.con.int.ConsumerCoordinator] (Thread-902) [Consumer clientId=consumer-Consumer-topic-d226c437_ecde_4ea9_8b2d_50300477d3b6-41, groupId=Consumer-topic-d226c437_ecde_4ea9_8b2d_50300477d3b6] Successfully joined group with generation Generation{generationId=1, memberId='consumer-Consumer-topic-d226c437_ecde_4ea9_8b2d_50300477d3b6-41-cc13d719-4639-47e0-bbf0-53e59fdbbaf4', protocol='range'}
2025-08-07 12:24:25,442 INFO  [org.apa.kaf.cli.con.int.ConsumerCoordinator] (Thread-902) [Consumer clientId=consumer-Consumer-topic-d226c437_ecde_4ea9_8b2d_50300477d3b6-41, groupId=Consumer-topic-d226c437_ecde_4ea9_8b2d_50300477d3b6] Finished assignment for group at generation 1: {consumer-Consumer-topic-d226c437_ecde_4ea9_8b2d_50300477d3b6-41-cc13d719-4639-47e0-bbf0-53e59fdbbaf4=Assignment(partitions=[topic-d226c437_ecde_4ea9_8b2d_50300477d3b6-0])}
2025-08-07 12:24:25,449 INFO  [org.apa.kaf.cli.con.int.ConsumerCoordinator] (Thread-902) [Consumer clientId=consumer-Consumer-topic-d226c437_ecde_4ea9_8b2d_50300477d3b6-41, groupId=Consumer-topic-d226c437_ecde_4ea9_8b2d_50300477d3b6] Successfully synced group in generation Generation{generationId=1, memberId='consumer-Consumer-topic-d226c437_ecde_4ea9_8b2d_50300477d3b6-41-cc13d719-4639-47e0-bbf0-53e59fdbbaf4', protocol='range'}
2025-08-07 12:24:25,449 INFO  [org.apa.kaf.cli.con.int.ConsumerCoordinator] (Thread-902) [Consumer clientId=consumer-Consumer-topic-d226c437_ecde_4ea9_8b2d_50300477d3b6-41, groupId=Consumer-topic-d226c437_ecde_4ea9_8b2d_50300477d3b6] Notifying assignor about the new Assignment(partitions=[topic-d226c437_ecde_4ea9_8b2d_50300477d3b6-0])
2025-08-07 12:24:25,449 INFO  [org.apa.kaf.cli.con.int.ConsumerRebalanceListenerInvoker] (Thread-902) [Consumer clientId=consumer-Consumer-topic-d226c437_ecde_4ea9_8b2d_50300477d3b6-41, groupId=Consumer-topic-d226c437_ecde_4ea9_8b2d_50300477d3b6] Adding newly assigned partitions: topic-d226c437_ecde_4ea9_8b2d_50300477d3b6-0
2025-08-07 12:24:25,449 INFO  [org.apa.kaf.cli.con.int.ConsumerCoordinator] (Thread-902) [Consumer clientId=consumer-Consumer-topic-d226c437_ecde_4ea9_8b2d_50300477d3b6-41, groupId=Consumer-topic-d226c437_ecde_4ea9_8b2d_50300477d3b6] Found no committed offset for partition topic-d226c437_ecde_4ea9_8b2d_50300477d3b6-0
2025-08-07 12:24:25,452 INFO  [org.apa.kaf.cli.con.int.SubscriptionState] (Thread-902) [Consumer clientId=consumer-Consumer-topic-d226c437_ecde_4ea9_8b2d_50300477d3b6-41, groupId=Consumer-topic-d226c437_ecde_4ea9_8b2d_50300477d3b6] Resetting offset for partition topic-d226c437_ecde_4ea9_8b2d_50300477d3b6-0 to position FetchPosition{offset=0, offsetEpoch=Optional.empty, currentLeader=LeaderAndEpoch{leader=Optional[localhost:32769 (id: 0 rack: null)], epoch=0}}.
2025-08-07 12:24:25,476 INFO  [io.api.tes.ser.api.KafkaSerdesTester] (Thread-902) topic-d226c437_ecde_4ea9_8b2d_50300477d3b6 0 0 {"key1": "value-0"}
2025-08-07 12:24:25,476 INFO  [io.api.tes.ser.api.KafkaSerdesTester] (Thread-902) topic-d226c437_ecde_4ea9_8b2d_50300477d3b6 0 1 {"key1": "value-1"}
2025-08-07 12:24:25,476 INFO  [io.api.tes.ser.api.KafkaSerdesTester] (Thread-902) topic-d226c437_ecde_4ea9_8b2d_50300477d3b6 0 2 {"key1": "value-2"}
2025-08-07 12:24:25,476 INFO  [io.api.tes.ser.api.KafkaSerdesTester] (Thread-902) topic-d226c437_ecde_4ea9_8b2d_50300477d3b6 0 3 {"key1": "value-3"}
2025-08-07 12:24:25,476 INFO  [io.api.tes.ser.api.KafkaSerdesTester] (Thread-902) topic-d226c437_ecde_4ea9_8b2d_50300477d3b6 0 4 {"key1": "value-4"}
2025-08-07 12:24:25,476 INFO  [io.api.tes.ser.api.KafkaSerdesTester] (Thread-902) topic-d226c437_ecde_4ea9_8b2d_50300477d3b6 0 5 {"key1": "value-5"}
2025-08-07 12:24:25,476 INFO  [io.api.tes.ser.api.KafkaSerdesTester] (Thread-902) topic-d226c437_ecde_4ea9_8b2d_50300477d3b6 0 6 {"key1": "value-6"}
2025-08-07 12:24:25,476 INFO  [io.api.tes.ser.api.KafkaSerdesTester] (Thread-902) topic-d226c437_ecde_4ea9_8b2d_50300477d3b6 0 7 {"key1": "value-7"}
2025-08-07 12:24:25,476 INFO  [io.api.tes.ser.api.KafkaSerdesTester] (Thread-902) topic-d226c437_ecde_4ea9_8b2d_50300477d3b6 0 8 {"key1": "value-8"}
2025-08-07 12:24:25,476 INFO  [io.api.tes.ser.api.KafkaSerdesTester] (Thread-902) topic-d226c437_ecde_4ea9_8b2d_50300477d3b6 0 9 {"key1": "value-9"}
2025-08-07 12:24:25,476 INFO  [io.api.tes.ser.api.KafkaSerdesTester] (Thread-902) Consumed 10 messages
2025-08-07 12:24:25,483 INFO  [org.apa.kaf.cli.con.int.ConsumerRebalanceListenerInvoker] (Thread-902) [Consumer clientId=consumer-Consumer-topic-d226c437_ecde_4ea9_8b2d_50300477d3b6-41, groupId=Consumer-topic-d226c437_ecde_4ea9_8b2d_50300477d3b6] Revoke previously assigned partitions topic-d226c437_ecde_4ea9_8b2d_50300477d3b6-0
2025-08-07 12:24:25,483 INFO  [org.apa.kaf.cli.con.int.ConsumerCoordinator] (Thread-902) [Consumer clientId=consumer-Consumer-topic-d226c437_ecde_4ea9_8b2d_50300477d3b6-41, groupId=Consumer-topic-d226c437_ecde_4ea9_8b2d_50300477d3b6] Member consumer-Consumer-topic-d226c437_ecde_4ea9_8b2d_50300477d3b6-41-cc13d719-4639-47e0-bbf0-53e59fdbbaf4 sending LeaveGroup request to coordinator localhost:32769 (id: 2147483647 rack: null) due to the consumer is being closed
2025-08-07 12:24:25,483 INFO  [org.apa.kaf.cli.con.int.ConsumerCoordinator] (Thread-902) [Consumer clientId=consumer-Consumer-topic-d226c437_ecde_4ea9_8b2d_50300477d3b6-41, groupId=Consumer-topic-d226c437_ecde_4ea9_8b2d_50300477d3b6] Resetting generation and member id due to: consumer pro-actively leaving the group
2025-08-07 12:24:25,483 INFO  [org.apa.kaf.cli.con.int.ConsumerCoordinator] (Thread-902) [Consumer clientId=consumer-Consumer-topic-d226c437_ecde_4ea9_8b2d_50300477d3b6-41, groupId=Consumer-topic-d226c437_ecde_4ea9_8b2d_50300477d3b6] Request joining group due to: consumer pro-actively leaving the group
2025-08-07 12:24:25,978 INFO  [org.apa.kaf.com.met.Metrics] (Thread-902) Metrics scheduler closed
2025-08-07 12:24:25,978 INFO  [org.apa.kaf.com.met.Metrics] (Thread-902) Closing reporter org.apache.kafka.common.metrics.JmxReporter
2025-08-07 12:24:25,978 INFO  [org.apa.kaf.com.met.Metrics] (Thread-902) Closing reporter org.apache.kafka.common.telemetry.internals.ClientTelemetryReporter
2025-08-07 12:24:25,978 INFO  [org.apa.kaf.com.met.Metrics] (Thread-902) Metrics reporters closed
2025-08-07 12:24:25,979 INFO  [org.apa.kaf.com.uti.AppInfoParser] (Thread-902) App info kafka.consumer for consumer-Consumer-topic-d226c437_ecde_4ea9_8b2d_50300477d3b6-41 unregistered
2025-08-07 12:24:26,000 INFO  [io.api.tes.ser.con.BasicConfluentSerDesIT] (main) Deleting confluent schema topic-d226c437_ecde_4ea9_8b2d_50300477d3b6-value
2025-08-07 12:24:26,010 INFO  [io.api.tes.uti.TestSeparator] (main) io.apicurio.tests.serdes.confluent.BasicConfluentSerDesIT.testAvroConfluentApicurio-FINISHED
2025-08-07 12:24:26,010 INFO  [io.api.tes.uti.TestSeparator] (main) ############################################################################
Test passed: testAvroConfluentApicurio
]]></system-out>
  </testcase>
  <testcase name="testAvroConfluentSerDesWrongStrategyTopic" classname="io.apicurio.tests.serdes.confluent.BasicConfluentSerDesIT" time="0.151">
    <system-out><![CDATA[2025-08-07 12:24:26,011 INFO  [io.api.tes.uti.TestSeparator] (main) ############################################################################
2025-08-07 12:24:26,011 INFO  [io.api.tes.uti.TestSeparator] (main) io.apicurio.tests.serdes.confluent.BasicConfluentSerDesIT.testAvroConfluentSerDesWrongStrategyTopic-STARTED
2025-08-07 12:24:26,042 INFO  [io.api.tes.ser.con.BasicConfluentSerDesIT] (main) Checking that created schema is equal to the get schema
2025-08-07 12:24:26,062 INFO  [io.api.tes.ser.con.BasicConfluentSerDesIT] (main) Created schema with id:114 and name:myrecordconfluent3
**** Registry Base URL: http://registry-app-inmemory.apps.ci419.apicurio-testing.org:80
2025-08-07 12:24:26,063 INFO  [org.apa.kaf.cli.pro.ProducerConfig] (main) ProducerConfig values: 
	acks = -1
	auto.include.jmx.reporter = true
	batch.size = 16384
	bootstrap.servers = [PLAINTEXT://localhost:32769]
	buffer.memory = 33554432
	client.dns.lookup = use_all_dns_ips
	client.id = Producer-topic-636e0190_e4a6_4e5c_9ed3_565b132c875e
	compression.gzip.level = -1
	compression.lz4.level = 9
	compression.type = none
	compression.zstd.level = 3
	connections.max.idle.ms = 10000
	delivery.timeout.ms = 120000
	enable.idempotence = true
	enable.metrics.push = true
	interceptor.classes = []
	key.serializer = class org.apache.kafka.common.serialization.StringSerializer
	linger.ms = 0
	max.block.ms = 60000
	max.in.flight.requests.per.connection = 5
	max.request.size = 1048576
	metadata.max.age.ms = 300000
	metadata.max.idle.ms = 300000
	metadata.recovery.strategy = none
	metric.reporters = []
	metrics.num.samples = 2
	metrics.recording.level = INFO
	metrics.sample.window.ms = 30000
	partitioner.adaptive.partitioning.enable = true
	partitioner.availability.timeout.ms = 0
	partitioner.class = null
	partitioner.ignore.keys = false
	receive.buffer.bytes = 32768
	reconnect.backoff.max.ms = 1000
	reconnect.backoff.ms = 50
	request.timeout.ms = 5000
	retries = 2147483647
	retry.backoff.max.ms = 1000
	retry.backoff.ms = 100
	sasl.client.callback.handler.class = null
	sasl.jaas.config = null
	sasl.kerberos.kinit.cmd = /usr/bin/kinit
	sasl.kerberos.min.time.before.relogin = 60000
	sasl.kerberos.service.name = null
	sasl.kerberos.ticket.renew.jitter = 0.05
	sasl.kerberos.ticket.renew.window.factor = 0.8
	sasl.login.callback.handler.class = null
	sasl.login.class = null
	sasl.login.connect.timeout.ms = null
	sasl.login.read.timeout.ms = null
	sasl.login.refresh.buffer.seconds = 300
	sasl.login.refresh.min.period.seconds = 60
	sasl.login.refresh.window.factor = 0.8
	sasl.login.refresh.window.jitter = 0.05
	sasl.login.retry.backoff.max.ms = 10000
	sasl.login.retry.backoff.ms = 100
	sasl.mechanism = GSSAPI
	sasl.oauthbearer.clock.skew.seconds = 30
	sasl.oauthbearer.expected.audience = null
	sasl.oauthbearer.expected.issuer = null
	sasl.oauthbearer.header.urlencode = false
	sasl.oauthbearer.jwks.endpoint.refresh.ms = 3600000
	sasl.oauthbearer.jwks.endpoint.retry.backoff.max.ms = 10000
	sasl.oauthbearer.jwks.endpoint.retry.backoff.ms = 100
	sasl.oauthbearer.jwks.endpoint.url = null
	sasl.oauthbearer.scope.claim.name = scope
	sasl.oauthbearer.sub.claim.name = sub
	sasl.oauthbearer.token.endpoint.url = null
	security.protocol = PLAINTEXT
	security.providers = null
	send.buffer.bytes = 131072
	socket.connection.setup.timeout.max.ms = 30000
	socket.connection.setup.timeout.ms = 10000
	ssl.cipher.suites = null
	ssl.enabled.protocols = [TLSv1.2, TLSv1.3]
	ssl.endpoint.identification.algorithm = https
	ssl.engine.factory.class = null
	ssl.key.password = null
	ssl.keymanager.algorithm = SunX509
	ssl.keystore.certificate.chain = null
	ssl.keystore.key = null
	ssl.keystore.location = null
	ssl.keystore.password = null
	ssl.keystore.type = JKS
	ssl.protocol = TLSv1.3
	ssl.provider = null
	ssl.secure.random.implementation = null
	ssl.trustmanager.algorithm = PKIX
	ssl.truststore.certificates = null
	ssl.truststore.location = null
	ssl.truststore.password = null
	ssl.truststore.type = JKS
	transaction.timeout.ms = 60000
	transactional.id = null
	value.serializer = class io.confluent.kafka.serializers.KafkaAvroSerializer

2025-08-07 12:24:26,063 INFO  [org.apa.kaf.com.tel.int.KafkaMetricsCollector] (main) initializing Kafka metrics collector
2025-08-07 12:24:26,064 INFO  [io.con.kaf.ser.KafkaAvroSerializerConfig] (main) KafkaAvroSerializerConfig values: 
	auto.register.schemas = false
	avro.reflection.allow.null = false
	avro.remove.java.properties = false
	avro.use.logical.type.converters = false
	basic.auth.credentials.source = URL
	basic.auth.user.info = [hidden]
	bearer.auth.cache.expiry.buffer.seconds = 300
	bearer.auth.client.id = null
	bearer.auth.client.secret = null
	bearer.auth.credentials.source = STATIC_TOKEN
	bearer.auth.custom.provider.class = null
	bearer.auth.identity.pool.id = null
	bearer.auth.issuer.endpoint.url = null
	bearer.auth.logical.cluster = null
	bearer.auth.scope = null
	bearer.auth.scope.claim.name = scope
	bearer.auth.sub.claim.name = sub
	bearer.auth.token = [hidden]
	context.name.strategy = class io.confluent.kafka.serializers.context.NullContextNameStrategy
	http.connect.timeout.ms = 60000
	http.read.timeout.ms = 60000
	id.compatibility.strict = true
	key.schema.id.deserializer = class io.confluent.kafka.serializers.schema.id.DualSchemaIdDeserializer
	key.schema.id.serializer = class io.confluent.kafka.serializers.schema.id.PrefixSchemaIdSerializer
	key.subject.name.strategy = class io.confluent.kafka.serializers.subject.TopicNameStrategy
	latest.cache.size = 1000
	latest.cache.ttl.sec = -1
	latest.compatibility.strict = true
	max.retries = 3
	max.schemas.per.subject = 1000
	normalize.schemas = false
	propagate.schema.tags = false
	proxy.host = 
	proxy.port = -1
	retries.max.wait.ms = 20000
	retries.wait.ms = 1000
	rule.actions = []
	rule.executors = []
	rule.service.loader.enable = true
	schema.format = null
	schema.reflection = false
	schema.registry.basic.auth.user.info = [hidden]
	schema.registry.ssl.cipher.suites = null
	schema.registry.ssl.enabled.protocols = [TLSv1.2, TLSv1.3]
	schema.registry.ssl.endpoint.identification.algorithm = https
	schema.registry.ssl.engine.factory.class = null
	schema.registry.ssl.key.password = null
	schema.registry.ssl.keymanager.algorithm = SunX509
	schema.registry.ssl.keystore.certificate.chain = null
	schema.registry.ssl.keystore.key = null
	schema.registry.ssl.keystore.location = null
	schema.registry.ssl.keystore.password = null
	schema.registry.ssl.keystore.type = JKS
	schema.registry.ssl.protocol = TLSv1.3
	schema.registry.ssl.provider = null
	schema.registry.ssl.secure.random.implementation = null
	schema.registry.ssl.trustmanager.algorithm = PKIX
	schema.registry.ssl.truststore.certificates = null
	schema.registry.ssl.truststore.location = null
	schema.registry.ssl.truststore.password = null
	schema.registry.ssl.truststore.type = JKS
	schema.registry.url = [http://registry-app-inmemory.apps.ci419.apicurio-testing.org:80/apis/ccompat/v7]
	schema.registry.url.randomize = false
	use.latest.version = false
	use.latest.with.metadata = null
	use.schema.id = -1
	value.schema.id.deserializer = class io.confluent.kafka.serializers.schema.id.DualSchemaIdDeserializer
	value.schema.id.serializer = class io.confluent.kafka.serializers.schema.id.PrefixSchemaIdSerializer
	value.subject.name.strategy = class io.confluent.kafka.serializers.subject.TopicNameStrategy

2025-08-07 12:24:26,065 INFO  [org.apa.kaf.cli.pro.KafkaProducer] (main) [Producer clientId=Producer-topic-636e0190_e4a6_4e5c_9ed3_565b132c875e] Instantiated an idempotent producer.
2025-08-07 12:24:26,066 INFO  [org.apa.kaf.cli.pro.ProducerConfig] (main) These configurations '[schema.registry.url, auto.register.schemas, value.subject.name.strategy]' were supplied but are not used yet.
2025-08-07 12:24:26,066 INFO  [org.apa.kaf.com.uti.AppInfoParser] (main) Kafka version: 3.9.1
2025-08-07 12:24:26,066 INFO  [org.apa.kaf.com.uti.AppInfoParser] (main) Kafka commitId: f745dfdcee2b9851
2025-08-07 12:24:26,066 INFO  [org.apa.kaf.com.uti.AppInfoParser] (main) Kafka startTimeMs: 1754569466066
2025-08-07 12:24:26,066 INFO  [io.api.tes.ser.api.KafkaSerdesTester] (Thread-903) Sending message {"key1": "value-0"} to topic topic-636e0190_e4a6_4e5c_9ed3_565b132c875e
2025-08-07 12:24:26,069 INFO  [org.apa.kaf.cli.Metadata] (kafka-producer-network-thread | Producer-topic-636e0190_e4a6_4e5c_9ed3_565b132c875e) [Producer clientId=Producer-topic-636e0190_e4a6_4e5c_9ed3_565b132c875e] Cluster ID: CeYNmdzmRCaaSk-AVslC4g
2025-08-07 12:24:26,069 INFO  [org.apa.kaf.cli.pro.int.TransactionManager] (kafka-producer-network-thread | Producer-topic-636e0190_e4a6_4e5c_9ed3_565b132c875e) [Producer clientId=Producer-topic-636e0190_e4a6_4e5c_9ed3_565b132c875e] ProducerId set to 55 with epoch 0
2025-08-07 12:24:26,095 INFO  [org.apa.kaf.cli.pro.KafkaProducer] (Thread-903) [Producer clientId=Producer-topic-636e0190_e4a6_4e5c_9ed3_565b132c875e] Closing the Kafka producer with timeoutMillis = 9223372036854775807 ms.
2025-08-07 12:24:26,097 INFO  [org.apa.kaf.com.met.Metrics] (Thread-903) Metrics scheduler closed
2025-08-07 12:24:26,097 INFO  [org.apa.kaf.com.met.Metrics] (Thread-903) Closing reporter org.apache.kafka.common.metrics.JmxReporter
2025-08-07 12:24:26,097 INFO  [org.apa.kaf.com.met.Metrics] (Thread-903) Closing reporter org.apache.kafka.common.telemetry.internals.ClientTelemetryReporter
2025-08-07 12:24:26,097 INFO  [org.apa.kaf.com.met.Metrics] (Thread-903) Metrics reporters closed
2025-08-07 12:24:26,097 INFO  [org.apa.kaf.com.uti.AppInfoParser] (Thread-903) App info kafka.producer for Producer-topic-636e0190_e4a6_4e5c_9ed3_565b132c875e unregistered
2025-08-07 12:24:26,113 INFO  [io.api.tes.ser.con.BasicConfluentSerDesIT] (main) Deleting confluent schema myrecordconfluent3
2025-08-07 12:24:26,161 INFO  [io.api.tes.uti.TestSeparator] (main) io.apicurio.tests.serdes.confluent.BasicConfluentSerDesIT.testAvroConfluentSerDesWrongStrategyTopic-FINISHED
2025-08-07 12:24:26,161 INFO  [io.api.tes.uti.TestSeparator] (main) ############################################################################
Test passed: testAvroConfluentSerDesWrongStrategyTopic
]]></system-out>
  </testcase>
  <testcase name="testAvroApicurioConfluent" classname="io.apicurio.tests.serdes.confluent.BasicConfluentSerDesIT" time="4.657">
    <system-out><![CDATA[2025-08-07 12:24:26,162 INFO  [io.api.tes.uti.TestSeparator] (main) ############################################################################
2025-08-07 12:24:26,162 INFO  [io.api.tes.uti.TestSeparator] (main) io.apicurio.tests.serdes.confluent.BasicConfluentSerDesIT.testAvroApicurioConfluent-STARTED
**** Registry Base URL: http://registry-app-inmemory.apps.ci419.apicurio-testing.org:80
2025-08-07 12:24:27,198 INFO  [org.apa.kaf.cli.pro.ProducerConfig] (main) ProducerConfig values: 
	acks = -1
	auto.include.jmx.reporter = true
	batch.size = 16384
	bootstrap.servers = [PLAINTEXT://localhost:32769]
	buffer.memory = 33554432
	client.dns.lookup = use_all_dns_ips
	client.id = Producer-topic-a252eac1_a917_4468_94c8_4b92cb0520e0
	compression.gzip.level = -1
	compression.lz4.level = 9
	compression.type = none
	compression.zstd.level = 3
	connections.max.idle.ms = 10000
	delivery.timeout.ms = 120000
	enable.idempotence = true
	enable.metrics.push = true
	interceptor.classes = []
	key.serializer = class org.apache.kafka.common.serialization.StringSerializer
	linger.ms = 0
	max.block.ms = 60000
	max.in.flight.requests.per.connection = 5
	max.request.size = 1048576
	metadata.max.age.ms = 300000
	metadata.max.idle.ms = 300000
	metadata.recovery.strategy = none
	metric.reporters = []
	metrics.num.samples = 2
	metrics.recording.level = INFO
	metrics.sample.window.ms = 30000
	partitioner.adaptive.partitioning.enable = true
	partitioner.availability.timeout.ms = 0
	partitioner.class = null
	partitioner.ignore.keys = false
	receive.buffer.bytes = 32768
	reconnect.backoff.max.ms = 1000
	reconnect.backoff.ms = 50
	request.timeout.ms = 5000
	retries = 2147483647
	retry.backoff.max.ms = 1000
	retry.backoff.ms = 100
	sasl.client.callback.handler.class = null
	sasl.jaas.config = null
	sasl.kerberos.kinit.cmd = /usr/bin/kinit
	sasl.kerberos.min.time.before.relogin = 60000
	sasl.kerberos.service.name = null
	sasl.kerberos.ticket.renew.jitter = 0.05
	sasl.kerberos.ticket.renew.window.factor = 0.8
	sasl.login.callback.handler.class = null
	sasl.login.class = null
	sasl.login.connect.timeout.ms = null
	sasl.login.read.timeout.ms = null
	sasl.login.refresh.buffer.seconds = 300
	sasl.login.refresh.min.period.seconds = 60
	sasl.login.refresh.window.factor = 0.8
	sasl.login.refresh.window.jitter = 0.05
	sasl.login.retry.backoff.max.ms = 10000
	sasl.login.retry.backoff.ms = 100
	sasl.mechanism = GSSAPI
	sasl.oauthbearer.clock.skew.seconds = 30
	sasl.oauthbearer.expected.audience = null
	sasl.oauthbearer.expected.issuer = null
	sasl.oauthbearer.header.urlencode = false
	sasl.oauthbearer.jwks.endpoint.refresh.ms = 3600000
	sasl.oauthbearer.jwks.endpoint.retry.backoff.max.ms = 10000
	sasl.oauthbearer.jwks.endpoint.retry.backoff.ms = 100
	sasl.oauthbearer.jwks.endpoint.url = null
	sasl.oauthbearer.scope.claim.name = scope
	sasl.oauthbearer.sub.claim.name = sub
	sasl.oauthbearer.token.endpoint.url = null
	security.protocol = PLAINTEXT
	security.providers = null
	send.buffer.bytes = 131072
	socket.connection.setup.timeout.max.ms = 30000
	socket.connection.setup.timeout.ms = 10000
	ssl.cipher.suites = null
	ssl.enabled.protocols = [TLSv1.2, TLSv1.3]
	ssl.endpoint.identification.algorithm = https
	ssl.engine.factory.class = null
	ssl.key.password = null
	ssl.keymanager.algorithm = SunX509
	ssl.keystore.certificate.chain = null
	ssl.keystore.key = null
	ssl.keystore.location = null
	ssl.keystore.password = null
	ssl.keystore.type = JKS
	ssl.protocol = TLSv1.3
	ssl.provider = null
	ssl.secure.random.implementation = null
	ssl.trustmanager.algorithm = PKIX
	ssl.truststore.certificates = null
	ssl.truststore.location = null
	ssl.truststore.password = null
	ssl.truststore.type = JKS
	transaction.timeout.ms = 60000
	transactional.id = null
	value.serializer = class io.apicurio.registry.serde.avro.AvroKafkaSerializer

2025-08-07 12:24:27,198 INFO  [org.apa.kaf.com.tel.int.KafkaMetricsCollector] (main) initializing Kafka metrics collector
2025-08-07 12:24:27,203 INFO  [org.apa.kaf.cli.pro.KafkaProducer] (main) [Producer clientId=Producer-topic-a252eac1_a917_4468_94c8_4b92cb0520e0] Instantiated an idempotent producer.
2025-08-07 12:24:27,207 INFO  [org.apa.kaf.cli.pro.ProducerConfig] (main) These configurations '[apicurio.registry.url, apicurio.registry.artifact-resolver-strategy]' were supplied but are not used yet.
2025-08-07 12:24:27,208 INFO  [org.apa.kaf.com.uti.AppInfoParser] (main) Kafka version: 3.9.1
2025-08-07 12:24:27,208 INFO  [org.apa.kaf.com.uti.AppInfoParser] (main) Kafka commitId: f745dfdcee2b9851
2025-08-07 12:24:27,208 INFO  [org.apa.kaf.com.uti.AppInfoParser] (main) Kafka startTimeMs: 1754569467208
2025-08-07 12:24:27,208 INFO  [io.api.tes.ser.api.SimpleSerdesTesterBuilder$SimpleSerdesTester] (main) Using producer configuration: {apicurio.registry.url=http://registry-app-inmemory.apps.ci419.apicurio-testing.org:80/apis/registry/v3, apicurio.registry.artifact-resolver-strategy=io.apicurio.registry.serde.strategy.TopicIdStrategy, value.serializer=io.apicurio.registry.serde.avro.AvroKafkaSerializer, request.timeout.ms=5000, acks=all, bootstrap.servers=PLAINTEXT://localhost:32769, connections.max.idle.ms=10000, key.serializer=org.apache.kafka.common.serialization.StringSerializer, client.id=Producer-topic-a252eac1_a917_4468_94c8_4b92cb0520e0}
2025-08-07 12:24:27,208 INFO  [io.api.tes.ser.api.SimpleSerdesTesterBuilder$SimpleSerdesTester] (main) Using consumer configuration: {}
2025-08-07 12:24:27,210 INFO  [io.api.tes.ser.api.KafkaSerdesTester] (Thread-906) Sending message {"key1": "value-0"} to topic topic-a252eac1_a917_4468_94c8_4b92cb0520e0
2025-08-07 12:24:27,211 INFO  [org.apa.kaf.cli.Metadata] (kafka-producer-network-thread | Producer-topic-a252eac1_a917_4468_94c8_4b92cb0520e0) [Producer clientId=Producer-topic-a252eac1_a917_4468_94c8_4b92cb0520e0] Cluster ID: CeYNmdzmRCaaSk-AVslC4g
2025-08-07 12:24:27,212 INFO  [org.apa.kaf.cli.pro.int.TransactionManager] (kafka-producer-network-thread | Producer-topic-a252eac1_a917_4468_94c8_4b92cb0520e0) [Producer clientId=Producer-topic-a252eac1_a917_4468_94c8_4b92cb0520e0] ProducerId set to 56 with epoch 0
2025-08-07 12:24:27,214 INFO  [DefaultSchemaResolver] (Thread-906) Retrieving schema content using string: {"type":"record","name":"myrecordconfluent1","fields":[{"name":"key1","type":"string"}]}
2025-08-07 12:24:27,232 INFO  [io.api.tes.ser.api.KafkaSerdesTester] (Thread-906) Sending message {"key1": "value-1"} to topic topic-a252eac1_a917_4468_94c8_4b92cb0520e0
2025-08-07 12:24:27,233 INFO  [io.api.tes.ser.api.KafkaSerdesTester] (Thread-906) Sending message {"key1": "value-2"} to topic topic-a252eac1_a917_4468_94c8_4b92cb0520e0
2025-08-07 12:24:27,233 INFO  [io.api.tes.ser.api.KafkaSerdesTester] (Thread-906) Sending message {"key1": "value-3"} to topic topic-a252eac1_a917_4468_94c8_4b92cb0520e0
2025-08-07 12:24:27,234 INFO  [io.api.tes.ser.api.KafkaSerdesTester] (Thread-906) Sending message {"key1": "value-4"} to topic topic-a252eac1_a917_4468_94c8_4b92cb0520e0
2025-08-07 12:24:27,235 INFO  [io.api.tes.ser.api.KafkaSerdesTester] (Thread-906) Sending message {"key1": "value-5"} to topic topic-a252eac1_a917_4468_94c8_4b92cb0520e0
2025-08-07 12:24:27,236 INFO  [io.api.tes.ser.api.KafkaSerdesTester] (Thread-906) Sending message {"key1": "value-6"} to topic topic-a252eac1_a917_4468_94c8_4b92cb0520e0
2025-08-07 12:24:27,236 INFO  [io.api.tes.ser.api.KafkaSerdesTester] (Thread-906) Sending message {"key1": "value-7"} to topic topic-a252eac1_a917_4468_94c8_4b92cb0520e0
2025-08-07 12:24:27,237 INFO  [io.api.tes.ser.api.KafkaSerdesTester] (Thread-906) Sending message {"key1": "value-8"} to topic topic-a252eac1_a917_4468_94c8_4b92cb0520e0
2025-08-07 12:24:27,238 INFO  [io.api.tes.ser.api.KafkaSerdesTester] (Thread-906) Sending message {"key1": "value-9"} to topic topic-a252eac1_a917_4468_94c8_4b92cb0520e0
2025-08-07 12:24:27,238 INFO  [io.api.tes.ser.api.KafkaSerdesTester] (Thread-906) Produced 10 messages
2025-08-07 12:24:27,238 INFO  [org.apa.kaf.cli.pro.KafkaProducer] (Thread-906) [Producer clientId=Producer-topic-a252eac1_a917_4468_94c8_4b92cb0520e0] Closing the Kafka producer with timeoutMillis = 9223372036854775807 ms.
2025-08-07 12:24:27,240 INFO  [org.apa.kaf.com.met.Metrics] (Thread-906) Metrics scheduler closed
2025-08-07 12:24:27,240 INFO  [org.apa.kaf.com.met.Metrics] (Thread-906) Closing reporter org.apache.kafka.common.metrics.JmxReporter
2025-08-07 12:24:27,240 INFO  [org.apa.kaf.com.met.Metrics] (Thread-906) Closing reporter org.apache.kafka.common.telemetry.internals.ClientTelemetryReporter
2025-08-07 12:24:27,240 INFO  [org.apa.kaf.com.met.Metrics] (Thread-906) Metrics reporters closed
2025-08-07 12:24:27,240 INFO  [org.apa.kaf.com.uti.AppInfoParser] (Thread-906) App info kafka.producer for Producer-topic-a252eac1_a917_4468_94c8_4b92cb0520e0 unregistered
**** Registry Base URL: http://registry-app-inmemory.apps.ci419.apicurio-testing.org:80
2025-08-07 12:24:27,240 INFO  [org.apa.kaf.cli.con.ConsumerConfig] (main) ConsumerConfig values: 
	allow.auto.create.topics = true
	auto.commit.interval.ms = 500
	auto.include.jmx.reporter = true
	auto.offset.reset = earliest
	bootstrap.servers = [PLAINTEXT://localhost:32769]
	check.crcs = true
	client.dns.lookup = use_all_dns_ips
	client.id = consumer-Consumer-topic-a252eac1_a917_4468_94c8_4b92cb0520e0-42
	client.rack = 
	connections.max.idle.ms = 10000
	default.api.timeout.ms = 60000
	enable.auto.commit = true
	enable.metrics.push = true
	exclude.internal.topics = true
	fetch.max.bytes = 52428800
	fetch.max.wait.ms = 500
	fetch.min.bytes = 1
	group.id = Consumer-topic-a252eac1_a917_4468_94c8_4b92cb0520e0
	group.instance.id = null
	group.protocol = classic
	group.remote.assignor = null
	heartbeat.interval.ms = 3000
	interceptor.classes = []
	internal.leave.group.on.close = true
	internal.throw.on.fetch.stable.offset.unsupported = false
	isolation.level = read_uncommitted
	key.deserializer = class org.apache.kafka.common.serialization.StringDeserializer
	max.partition.fetch.bytes = 1048576
	max.poll.interval.ms = 300000
	max.poll.records = 500
	metadata.max.age.ms = 300000
	metadata.recovery.strategy = none
	metric.reporters = []
	metrics.num.samples = 2
	metrics.recording.level = INFO
	metrics.sample.window.ms = 30000
	partition.assignment.strategy = [class org.apache.kafka.clients.consumer.RangeAssignor, class org.apache.kafka.clients.consumer.CooperativeStickyAssignor]
	receive.buffer.bytes = 65536
	reconnect.backoff.max.ms = 1000
	reconnect.backoff.ms = 50
	request.timeout.ms = 5000
	retry.backoff.max.ms = 1000
	retry.backoff.ms = 100
	sasl.client.callback.handler.class = null
	sasl.jaas.config = null
	sasl.kerberos.kinit.cmd = /usr/bin/kinit
	sasl.kerberos.min.time.before.relogin = 60000
	sasl.kerberos.service.name = null
	sasl.kerberos.ticket.renew.jitter = 0.05
	sasl.kerberos.ticket.renew.window.factor = 0.8
	sasl.login.callback.handler.class = null
	sasl.login.class = null
	sasl.login.connect.timeout.ms = null
	sasl.login.read.timeout.ms = null
	sasl.login.refresh.buffer.seconds = 300
	sasl.login.refresh.min.period.seconds = 60
	sasl.login.refresh.window.factor = 0.8
	sasl.login.refresh.window.jitter = 0.05
	sasl.login.retry.backoff.max.ms = 10000
	sasl.login.retry.backoff.ms = 100
	sasl.mechanism = GSSAPI
	sasl.oauthbearer.clock.skew.seconds = 30
	sasl.oauthbearer.expected.audience = null
	sasl.oauthbearer.expected.issuer = null
	sasl.oauthbearer.header.urlencode = false
	sasl.oauthbearer.jwks.endpoint.refresh.ms = 3600000
	sasl.oauthbearer.jwks.endpoint.retry.backoff.max.ms = 10000
	sasl.oauthbearer.jwks.endpoint.retry.backoff.ms = 100
	sasl.oauthbearer.jwks.endpoint.url = null
	sasl.oauthbearer.scope.claim.name = scope
	sasl.oauthbearer.sub.claim.name = sub
	sasl.oauthbearer.token.endpoint.url = null
	security.protocol = PLAINTEXT
	security.providers = null
	send.buffer.bytes = 131072
	session.timeout.ms = 45000
	socket.connection.setup.timeout.max.ms = 30000
	socket.connection.setup.timeout.ms = 10000
	ssl.cipher.suites = null
	ssl.enabled.protocols = [TLSv1.2, TLSv1.3]
	ssl.endpoint.identification.algorithm = https
	ssl.engine.factory.class = null
	ssl.key.password = null
	ssl.keymanager.algorithm = SunX509
	ssl.keystore.certificate.chain = null
	ssl.keystore.key = null
	ssl.keystore.location = null
	ssl.keystore.password = null
	ssl.keystore.type = JKS
	ssl.protocol = TLSv1.3
	ssl.provider = null
	ssl.secure.random.implementation = null
	ssl.trustmanager.algorithm = PKIX
	ssl.truststore.certificates = null
	ssl.truststore.location = null
	ssl.truststore.password = null
	ssl.truststore.type = JKS
	value.deserializer = class io.confluent.kafka.serializers.KafkaAvroDeserializer

2025-08-07 12:24:27,241 INFO  [org.apa.kaf.com.tel.int.KafkaMetricsCollector] (main) initializing Kafka metrics collector
2025-08-07 12:24:27,241 INFO  [io.con.kaf.ser.KafkaAvroDeserializerConfig] (main) KafkaAvroDeserializerConfig values: 
	auto.register.schemas = true
	avro.reflection.allow.null = false
	avro.use.logical.type.converters = false
	basic.auth.credentials.source = URL
	basic.auth.user.info = [hidden]
	bearer.auth.cache.expiry.buffer.seconds = 300
	bearer.auth.client.id = null
	bearer.auth.client.secret = null
	bearer.auth.credentials.source = STATIC_TOKEN
	bearer.auth.custom.provider.class = null
	bearer.auth.identity.pool.id = null
	bearer.auth.issuer.endpoint.url = null
	bearer.auth.logical.cluster = null
	bearer.auth.scope = null
	bearer.auth.scope.claim.name = scope
	bearer.auth.sub.claim.name = sub
	bearer.auth.token = [hidden]
	context.name.strategy = class io.confluent.kafka.serializers.context.NullContextNameStrategy
	http.connect.timeout.ms = 60000
	http.read.timeout.ms = 60000
	id.compatibility.strict = true
	key.schema.id.deserializer = class io.confluent.kafka.serializers.schema.id.DualSchemaIdDeserializer
	key.schema.id.serializer = class io.confluent.kafka.serializers.schema.id.PrefixSchemaIdSerializer
	key.subject.name.strategy = class io.confluent.kafka.serializers.subject.TopicNameStrategy
	latest.cache.size = 1000
	latest.cache.ttl.sec = -1
	latest.compatibility.strict = true
	max.retries = 3
	max.schemas.per.subject = 1000
	normalize.schemas = false
	propagate.schema.tags = false
	proxy.host = 
	proxy.port = -1
	retries.max.wait.ms = 20000
	retries.wait.ms = 1000
	rule.actions = []
	rule.executors = []
	rule.service.loader.enable = true
	schema.format = null
	schema.reflection = false
	schema.registry.basic.auth.user.info = [hidden]
	schema.registry.ssl.cipher.suites = null
	schema.registry.ssl.enabled.protocols = [TLSv1.2, TLSv1.3]
	schema.registry.ssl.endpoint.identification.algorithm = https
	schema.registry.ssl.engine.factory.class = null
	schema.registry.ssl.key.password = null
	schema.registry.ssl.keymanager.algorithm = SunX509
	schema.registry.ssl.keystore.certificate.chain = null
	schema.registry.ssl.keystore.key = null
	schema.registry.ssl.keystore.location = null
	schema.registry.ssl.keystore.password = null
	schema.registry.ssl.keystore.type = JKS
	schema.registry.ssl.protocol = TLSv1.3
	schema.registry.ssl.provider = null
	schema.registry.ssl.secure.random.implementation = null
	schema.registry.ssl.trustmanager.algorithm = PKIX
	schema.registry.ssl.truststore.certificates = null
	schema.registry.ssl.truststore.location = null
	schema.registry.ssl.truststore.password = null
	schema.registry.ssl.truststore.type = JKS
	schema.registry.url = [http://registry-app-inmemory.apps.ci419.apicurio-testing.org:80/apis/ccompat/v7]
	schema.registry.url.randomize = false
	specific.avro.key.type = null
	specific.avro.reader = false
	specific.avro.value.type = null
	use.latest.version = false
	use.latest.with.metadata = null
	use.schema.id = -1
	value.schema.id.deserializer = class io.confluent.kafka.serializers.schema.id.DualSchemaIdDeserializer
	value.schema.id.serializer = class io.confluent.kafka.serializers.schema.id.PrefixSchemaIdSerializer
	value.subject.name.strategy = class io.confluent.kafka.serializers.subject.TopicNameStrategy

2025-08-07 12:24:27,246 INFO  [org.apa.kaf.cli.con.ConsumerConfig] (main) These configurations '[schema.registry.url]' were supplied but are not used yet.
2025-08-07 12:24:27,246 INFO  [org.apa.kaf.com.uti.AppInfoParser] (main) Kafka version: 3.9.1
2025-08-07 12:24:27,246 INFO  [org.apa.kaf.com.uti.AppInfoParser] (main) Kafka commitId: f745dfdcee2b9851
2025-08-07 12:24:27,246 INFO  [org.apa.kaf.com.uti.AppInfoParser] (main) Kafka startTimeMs: 1754569467246
2025-08-07 12:24:27,247 INFO  [org.apa.kaf.cli.con.int.ClassicKafkaConsumer] (Thread-907) [Consumer clientId=consumer-Consumer-topic-a252eac1_a917_4468_94c8_4b92cb0520e0-42, groupId=Consumer-topic-a252eac1_a917_4468_94c8_4b92cb0520e0] Subscribed to topic(s): topic-a252eac1_a917_4468_94c8_4b92cb0520e0
2025-08-07 12:24:27,251 INFO  [org.apa.kaf.cli.Metadata] (Thread-907) [Consumer clientId=consumer-Consumer-topic-a252eac1_a917_4468_94c8_4b92cb0520e0-42, groupId=Consumer-topic-a252eac1_a917_4468_94c8_4b92cb0520e0] Cluster ID: CeYNmdzmRCaaSk-AVslC4g
2025-08-07 12:24:27,253 INFO  [org.apa.kaf.cli.con.int.ConsumerCoordinator] (Thread-907) [Consumer clientId=consumer-Consumer-topic-a252eac1_a917_4468_94c8_4b92cb0520e0-42, groupId=Consumer-topic-a252eac1_a917_4468_94c8_4b92cb0520e0] Discovered group coordinator localhost:32769 (id: 2147483647 rack: null)
2025-08-07 12:24:27,258 INFO  [org.apa.kaf.cli.con.int.ConsumerCoordinator] (Thread-907) [Consumer clientId=consumer-Consumer-topic-a252eac1_a917_4468_94c8_4b92cb0520e0-42, groupId=Consumer-topic-a252eac1_a917_4468_94c8_4b92cb0520e0] (Re-)joining group
2025-08-07 12:24:27,259 INFO  [org.apa.kaf.cli.con.int.ConsumerCoordinator] (Thread-907) [Consumer clientId=consumer-Consumer-topic-a252eac1_a917_4468_94c8_4b92cb0520e0-42, groupId=Consumer-topic-a252eac1_a917_4468_94c8_4b92cb0520e0] Request joining group due to: need to re-join with the given member-id: consumer-Consumer-topic-a252eac1_a917_4468_94c8_4b92cb0520e0-42-e7edfc5c-b123-4dff-85f3-938ef54db1fc
2025-08-07 12:24:27,259 INFO  [org.apa.kaf.cli.con.int.ConsumerCoordinator] (Thread-907) [Consumer clientId=consumer-Consumer-topic-a252eac1_a917_4468_94c8_4b92cb0520e0-42, groupId=Consumer-topic-a252eac1_a917_4468_94c8_4b92cb0520e0] (Re-)joining group
2025-08-07 12:24:28,247 INFO  [io.api.tes.ser.api.KafkaSerdesTester] (Thread-907) None found
2025-08-07 12:24:29,247 INFO  [io.api.tes.ser.api.KafkaSerdesTester] (Thread-907) None found
2025-08-07 12:24:30,247 INFO  [io.api.tes.ser.api.KafkaSerdesTester] (Thread-907) None found
2025-08-07 12:24:30,261 INFO  [org.apa.kaf.cli.con.int.ConsumerCoordinator] (Thread-907) [Consumer clientId=consumer-Consumer-topic-a252eac1_a917_4468_94c8_4b92cb0520e0-42, groupId=Consumer-topic-a252eac1_a917_4468_94c8_4b92cb0520e0] Successfully joined group with generation Generation{generationId=1, memberId='consumer-Consumer-topic-a252eac1_a917_4468_94c8_4b92cb0520e0-42-e7edfc5c-b123-4dff-85f3-938ef54db1fc', protocol='range'}
2025-08-07 12:24:30,261 INFO  [org.apa.kaf.cli.con.int.ConsumerCoordinator] (Thread-907) [Consumer clientId=consumer-Consumer-topic-a252eac1_a917_4468_94c8_4b92cb0520e0-42, groupId=Consumer-topic-a252eac1_a917_4468_94c8_4b92cb0520e0] Finished assignment for group at generation 1: {consumer-Consumer-topic-a252eac1_a917_4468_94c8_4b92cb0520e0-42-e7edfc5c-b123-4dff-85f3-938ef54db1fc=Assignment(partitions=[topic-a252eac1_a917_4468_94c8_4b92cb0520e0-0])}
2025-08-07 12:24:30,268 INFO  [org.apa.kaf.cli.con.int.ConsumerCoordinator] (Thread-907) [Consumer clientId=consumer-Consumer-topic-a252eac1_a917_4468_94c8_4b92cb0520e0-42, groupId=Consumer-topic-a252eac1_a917_4468_94c8_4b92cb0520e0] Successfully synced group in generation Generation{generationId=1, memberId='consumer-Consumer-topic-a252eac1_a917_4468_94c8_4b92cb0520e0-42-e7edfc5c-b123-4dff-85f3-938ef54db1fc', protocol='range'}
2025-08-07 12:24:30,268 INFO  [org.apa.kaf.cli.con.int.ConsumerCoordinator] (Thread-907) [Consumer clientId=consumer-Consumer-topic-a252eac1_a917_4468_94c8_4b92cb0520e0-42, groupId=Consumer-topic-a252eac1_a917_4468_94c8_4b92cb0520e0] Notifying assignor about the new Assignment(partitions=[topic-a252eac1_a917_4468_94c8_4b92cb0520e0-0])
2025-08-07 12:24:30,268 INFO  [org.apa.kaf.cli.con.int.ConsumerRebalanceListenerInvoker] (Thread-907) [Consumer clientId=consumer-Consumer-topic-a252eac1_a917_4468_94c8_4b92cb0520e0-42, groupId=Consumer-topic-a252eac1_a917_4468_94c8_4b92cb0520e0] Adding newly assigned partitions: topic-a252eac1_a917_4468_94c8_4b92cb0520e0-0
2025-08-07 12:24:30,269 INFO  [org.apa.kaf.cli.con.int.ConsumerCoordinator] (Thread-907) [Consumer clientId=consumer-Consumer-topic-a252eac1_a917_4468_94c8_4b92cb0520e0-42, groupId=Consumer-topic-a252eac1_a917_4468_94c8_4b92cb0520e0] Found no committed offset for partition topic-a252eac1_a917_4468_94c8_4b92cb0520e0-0
2025-08-07 12:24:30,271 INFO  [org.apa.kaf.cli.con.int.SubscriptionState] (Thread-907) [Consumer clientId=consumer-Consumer-topic-a252eac1_a917_4468_94c8_4b92cb0520e0-42, groupId=Consumer-topic-a252eac1_a917_4468_94c8_4b92cb0520e0] Resetting offset for partition topic-a252eac1_a917_4468_94c8_4b92cb0520e0-0 to position FetchPosition{offset=0, offsetEpoch=Optional.empty, currentLeader=LeaderAndEpoch{leader=Optional[localhost:32769 (id: 0 rack: null)], epoch=0}}.
2025-08-07 12:24:30,291 INFO  [io.api.tes.ser.api.KafkaSerdesTester] (Thread-907) topic-a252eac1_a917_4468_94c8_4b92cb0520e0 0 0 {"key1": "value-0"}
2025-08-07 12:24:30,291 INFO  [io.api.tes.ser.api.KafkaSerdesTester] (Thread-907) topic-a252eac1_a917_4468_94c8_4b92cb0520e0 0 1 {"key1": "value-1"}
2025-08-07 12:24:30,291 INFO  [io.api.tes.ser.api.KafkaSerdesTester] (Thread-907) topic-a252eac1_a917_4468_94c8_4b92cb0520e0 0 2 {"key1": "value-2"}
2025-08-07 12:24:30,291 INFO  [io.api.tes.ser.api.KafkaSerdesTester] (Thread-907) topic-a252eac1_a917_4468_94c8_4b92cb0520e0 0 3 {"key1": "value-3"}
2025-08-07 12:24:30,291 INFO  [io.api.tes.ser.api.KafkaSerdesTester] (Thread-907) topic-a252eac1_a917_4468_94c8_4b92cb0520e0 0 4 {"key1": "value-4"}
2025-08-07 12:24:30,291 INFO  [io.api.tes.ser.api.KafkaSerdesTester] (Thread-907) topic-a252eac1_a917_4468_94c8_4b92cb0520e0 0 5 {"key1": "value-5"}
2025-08-07 12:24:30,291 INFO  [io.api.tes.ser.api.KafkaSerdesTester] (Thread-907) topic-a252eac1_a917_4468_94c8_4b92cb0520e0 0 6 {"key1": "value-6"}
2025-08-07 12:24:30,291 INFO  [io.api.tes.ser.api.KafkaSerdesTester] (Thread-907) topic-a252eac1_a917_4468_94c8_4b92cb0520e0 0 7 {"key1": "value-7"}
2025-08-07 12:24:30,291 INFO  [io.api.tes.ser.api.KafkaSerdesTester] (Thread-907) topic-a252eac1_a917_4468_94c8_4b92cb0520e0 0 8 {"key1": "value-8"}
2025-08-07 12:24:30,291 INFO  [io.api.tes.ser.api.KafkaSerdesTester] (Thread-907) topic-a252eac1_a917_4468_94c8_4b92cb0520e0 0 9 {"key1": "value-9"}
2025-08-07 12:24:30,291 INFO  [io.api.tes.ser.api.KafkaSerdesTester] (Thread-907) Consumed 10 messages
2025-08-07 12:24:30,298 INFO  [org.apa.kaf.cli.con.int.ConsumerRebalanceListenerInvoker] (Thread-907) [Consumer clientId=consumer-Consumer-topic-a252eac1_a917_4468_94c8_4b92cb0520e0-42, groupId=Consumer-topic-a252eac1_a917_4468_94c8_4b92cb0520e0] Revoke previously assigned partitions topic-a252eac1_a917_4468_94c8_4b92cb0520e0-0
2025-08-07 12:24:30,298 INFO  [org.apa.kaf.cli.con.int.ConsumerCoordinator] (Thread-907) [Consumer clientId=consumer-Consumer-topic-a252eac1_a917_4468_94c8_4b92cb0520e0-42, groupId=Consumer-topic-a252eac1_a917_4468_94c8_4b92cb0520e0] Member consumer-Consumer-topic-a252eac1_a917_4468_94c8_4b92cb0520e0-42-e7edfc5c-b123-4dff-85f3-938ef54db1fc sending LeaveGroup request to coordinator localhost:32769 (id: 2147483647 rack: null) due to the consumer is being closed
2025-08-07 12:24:30,298 INFO  [org.apa.kaf.cli.con.int.ConsumerCoordinator] (Thread-907) [Consumer clientId=consumer-Consumer-topic-a252eac1_a917_4468_94c8_4b92cb0520e0-42, groupId=Consumer-topic-a252eac1_a917_4468_94c8_4b92cb0520e0] Resetting generation and member id due to: consumer pro-actively leaving the group
2025-08-07 12:24:30,298 INFO  [org.apa.kaf.cli.con.int.ConsumerCoordinator] (Thread-907) [Consumer clientId=consumer-Consumer-topic-a252eac1_a917_4468_94c8_4b92cb0520e0-42, groupId=Consumer-topic-a252eac1_a917_4468_94c8_4b92cb0520e0] Request joining group due to: consumer pro-actively leaving the group
2025-08-07 12:24:30,793 INFO  [org.apa.kaf.com.met.Metrics] (Thread-907) Metrics scheduler closed
2025-08-07 12:24:30,793 INFO  [org.apa.kaf.com.met.Metrics] (Thread-907) Closing reporter org.apache.kafka.common.metrics.JmxReporter
2025-08-07 12:24:30,793 INFO  [org.apa.kaf.com.met.Metrics] (Thread-907) Closing reporter org.apache.kafka.common.telemetry.internals.ClientTelemetryReporter
2025-08-07 12:24:30,793 INFO  [org.apa.kaf.com.met.Metrics] (Thread-907) Metrics reporters closed
2025-08-07 12:24:30,795 INFO  [org.apa.kaf.com.uti.AppInfoParser] (Thread-907) App info kafka.consumer for consumer-Consumer-topic-a252eac1_a917_4468_94c8_4b92cb0520e0-42 unregistered
2025-08-07 12:24:30,810 INFO  [io.api.tes.ser.con.BasicConfluentSerDesIT] (main) Deleting confluent schema topic-a252eac1_a917_4468_94c8_4b92cb0520e0-value
2025-08-07 12:24:30,819 INFO  [io.api.tes.uti.TestSeparator] (main) io.apicurio.tests.serdes.confluent.BasicConfluentSerDesIT.testAvroApicurioConfluent-FINISHED
2025-08-07 12:24:30,819 INFO  [io.api.tes.uti.TestSeparator] (main) ############################################################################
Test passed: testAvroApicurioConfluent
]]></system-out>
  </testcase>
  <testcase name="testAvroConfluentSerDesFail" classname="io.apicurio.tests.serdes.confluent.BasicConfluentSerDesIT" time="0.073">
    <system-out><![CDATA[2025-08-07 12:24:30,821 INFO  [io.api.tes.uti.TestSeparator] (main) ############################################################################
2025-08-07 12:24:30,821 INFO  [io.api.tes.uti.TestSeparator] (main) io.apicurio.tests.serdes.confluent.BasicConfluentSerDesIT.testAvroConfluentSerDesFail-STARTED
2025-08-07 12:24:30,841 INFO  [io.api.tes.ser.con.BasicConfluentSerDesIT] (main) Checking that created schema is equal to the get schema
2025-08-07 12:24:30,850 INFO  [io.api.tes.ser.con.BasicConfluentSerDesIT] (main) Created schema with id:116 and name:myrecordconfluent2
**** Registry Base URL: http://registry-app-inmemory.apps.ci419.apicurio-testing.org:80
2025-08-07 12:24:30,851 INFO  [org.apa.kaf.cli.pro.ProducerConfig] (main) ProducerConfig values: 
	acks = -1
	auto.include.jmx.reporter = true
	batch.size = 16384
	bootstrap.servers = [PLAINTEXT://localhost:32769]
	buffer.memory = 33554432
	client.dns.lookup = use_all_dns_ips
	client.id = Producer-topic-1a024a89_414e_48e0_96cd_8262493490df
	compression.gzip.level = -1
	compression.lz4.level = 9
	compression.type = none
	compression.zstd.level = 3
	connections.max.idle.ms = 10000
	delivery.timeout.ms = 120000
	enable.idempotence = true
	enable.metrics.push = true
	interceptor.classes = []
	key.serializer = class org.apache.kafka.common.serialization.StringSerializer
	linger.ms = 0
	max.block.ms = 60000
	max.in.flight.requests.per.connection = 5
	max.request.size = 1048576
	metadata.max.age.ms = 300000
	metadata.max.idle.ms = 300000
	metadata.recovery.strategy = none
	metric.reporters = []
	metrics.num.samples = 2
	metrics.recording.level = INFO
	metrics.sample.window.ms = 30000
	partitioner.adaptive.partitioning.enable = true
	partitioner.availability.timeout.ms = 0
	partitioner.class = null
	partitioner.ignore.keys = false
	receive.buffer.bytes = 32768
	reconnect.backoff.max.ms = 1000
	reconnect.backoff.ms = 50
	request.timeout.ms = 5000
	retries = 2147483647
	retry.backoff.max.ms = 1000
	retry.backoff.ms = 100
	sasl.client.callback.handler.class = null
	sasl.jaas.config = null
	sasl.kerberos.kinit.cmd = /usr/bin/kinit
	sasl.kerberos.min.time.before.relogin = 60000
	sasl.kerberos.service.name = null
	sasl.kerberos.ticket.renew.jitter = 0.05
	sasl.kerberos.ticket.renew.window.factor = 0.8
	sasl.login.callback.handler.class = null
	sasl.login.class = null
	sasl.login.connect.timeout.ms = null
	sasl.login.read.timeout.ms = null
	sasl.login.refresh.buffer.seconds = 300
	sasl.login.refresh.min.period.seconds = 60
	sasl.login.refresh.window.factor = 0.8
	sasl.login.refresh.window.jitter = 0.05
	sasl.login.retry.backoff.max.ms = 10000
	sasl.login.retry.backoff.ms = 100
	sasl.mechanism = GSSAPI
	sasl.oauthbearer.clock.skew.seconds = 30
	sasl.oauthbearer.expected.audience = null
	sasl.oauthbearer.expected.issuer = null
	sasl.oauthbearer.header.urlencode = false
	sasl.oauthbearer.jwks.endpoint.refresh.ms = 3600000
	sasl.oauthbearer.jwks.endpoint.retry.backoff.max.ms = 10000
	sasl.oauthbearer.jwks.endpoint.retry.backoff.ms = 100
	sasl.oauthbearer.jwks.endpoint.url = null
	sasl.oauthbearer.scope.claim.name = scope
	sasl.oauthbearer.sub.claim.name = sub
	sasl.oauthbearer.token.endpoint.url = null
	security.protocol = PLAINTEXT
	security.providers = null
	send.buffer.bytes = 131072
	socket.connection.setup.timeout.max.ms = 30000
	socket.connection.setup.timeout.ms = 10000
	ssl.cipher.suites = null
	ssl.enabled.protocols = [TLSv1.2, TLSv1.3]
	ssl.endpoint.identification.algorithm = https
	ssl.engine.factory.class = null
	ssl.key.password = null
	ssl.keymanager.algorithm = SunX509
	ssl.keystore.certificate.chain = null
	ssl.keystore.key = null
	ssl.keystore.location = null
	ssl.keystore.password = null
	ssl.keystore.type = JKS
	ssl.protocol = TLSv1.3
	ssl.provider = null
	ssl.secure.random.implementation = null
	ssl.trustmanager.algorithm = PKIX
	ssl.truststore.certificates = null
	ssl.truststore.location = null
	ssl.truststore.password = null
	ssl.truststore.type = JKS
	transaction.timeout.ms = 60000
	transactional.id = null
	value.serializer = class io.confluent.kafka.serializers.KafkaAvroSerializer

2025-08-07 12:24:30,851 INFO  [org.apa.kaf.com.tel.int.KafkaMetricsCollector] (main) initializing Kafka metrics collector
2025-08-07 12:24:30,851 INFO  [io.con.kaf.ser.KafkaAvroSerializerConfig] (main) KafkaAvroSerializerConfig values: 
	auto.register.schemas = false
	avro.reflection.allow.null = false
	avro.remove.java.properties = false
	avro.use.logical.type.converters = false
	basic.auth.credentials.source = URL
	basic.auth.user.info = [hidden]
	bearer.auth.cache.expiry.buffer.seconds = 300
	bearer.auth.client.id = null
	bearer.auth.client.secret = null
	bearer.auth.credentials.source = STATIC_TOKEN
	bearer.auth.custom.provider.class = null
	bearer.auth.identity.pool.id = null
	bearer.auth.issuer.endpoint.url = null
	bearer.auth.logical.cluster = null
	bearer.auth.scope = null
	bearer.auth.scope.claim.name = scope
	bearer.auth.sub.claim.name = sub
	bearer.auth.token = [hidden]
	context.name.strategy = class io.confluent.kafka.serializers.context.NullContextNameStrategy
	http.connect.timeout.ms = 60000
	http.read.timeout.ms = 60000
	id.compatibility.strict = true
	key.schema.id.deserializer = class io.confluent.kafka.serializers.schema.id.DualSchemaIdDeserializer
	key.schema.id.serializer = class io.confluent.kafka.serializers.schema.id.PrefixSchemaIdSerializer
	key.subject.name.strategy = class io.confluent.kafka.serializers.subject.TopicNameStrategy
	latest.cache.size = 1000
	latest.cache.ttl.sec = -1
	latest.compatibility.strict = true
	max.retries = 3
	max.schemas.per.subject = 1000
	normalize.schemas = false
	propagate.schema.tags = false
	proxy.host = 
	proxy.port = -1
	retries.max.wait.ms = 20000
	retries.wait.ms = 1000
	rule.actions = []
	rule.executors = []
	rule.service.loader.enable = true
	schema.format = null
	schema.reflection = false
	schema.registry.basic.auth.user.info = [hidden]
	schema.registry.ssl.cipher.suites = null
	schema.registry.ssl.enabled.protocols = [TLSv1.2, TLSv1.3]
	schema.registry.ssl.endpoint.identification.algorithm = https
	schema.registry.ssl.engine.factory.class = null
	schema.registry.ssl.key.password = null
	schema.registry.ssl.keymanager.algorithm = SunX509
	schema.registry.ssl.keystore.certificate.chain = null
	schema.registry.ssl.keystore.key = null
	schema.registry.ssl.keystore.location = null
	schema.registry.ssl.keystore.password = null
	schema.registry.ssl.keystore.type = JKS
	schema.registry.ssl.protocol = TLSv1.3
	schema.registry.ssl.provider = null
	schema.registry.ssl.secure.random.implementation = null
	schema.registry.ssl.trustmanager.algorithm = PKIX
	schema.registry.ssl.truststore.certificates = null
	schema.registry.ssl.truststore.location = null
	schema.registry.ssl.truststore.password = null
	schema.registry.ssl.truststore.type = JKS
	schema.registry.url = [http://registry-app-inmemory.apps.ci419.apicurio-testing.org:80/apis/ccompat/v7]
	schema.registry.url.randomize = false
	use.latest.version = false
	use.latest.with.metadata = null
	use.schema.id = -1
	value.schema.id.deserializer = class io.confluent.kafka.serializers.schema.id.DualSchemaIdDeserializer
	value.schema.id.serializer = class io.confluent.kafka.serializers.schema.id.PrefixSchemaIdSerializer
	value.subject.name.strategy = class io.confluent.kafka.serializers.subject.RecordNameStrategy

2025-08-07 12:24:30,856 INFO  [org.apa.kaf.cli.pro.KafkaProducer] (main) [Producer clientId=Producer-topic-1a024a89_414e_48e0_96cd_8262493490df] Instantiated an idempotent producer.
2025-08-07 12:24:30,857 INFO  [org.apa.kaf.cli.pro.ProducerConfig] (main) These configurations '[schema.registry.url, auto.register.schemas, value.subject.name.strategy]' were supplied but are not used yet.
2025-08-07 12:24:30,857 INFO  [org.apa.kaf.com.uti.AppInfoParser] (main) Kafka version: 3.9.1
2025-08-07 12:24:30,857 INFO  [org.apa.kaf.com.uti.AppInfoParser] (main) Kafka commitId: f745dfdcee2b9851
2025-08-07 12:24:30,857 INFO  [org.apa.kaf.com.uti.AppInfoParser] (main) Kafka startTimeMs: 1754569470857
2025-08-07 12:24:30,858 INFO  [io.api.tes.ser.api.KafkaSerdesTester] (Thread-908) Sending message {"wrongkey": "value-0"} to topic topic-1a024a89_414e_48e0_96cd_8262493490df
2025-08-07 12:24:30,860 INFO  [org.apa.kaf.cli.Metadata] (kafka-producer-network-thread | Producer-topic-1a024a89_414e_48e0_96cd_8262493490df) [Producer clientId=Producer-topic-1a024a89_414e_48e0_96cd_8262493490df] Cluster ID: CeYNmdzmRCaaSk-AVslC4g
2025-08-07 12:24:30,861 INFO  [org.apa.kaf.cli.pro.int.TransactionManager] (kafka-producer-network-thread | Producer-topic-1a024a89_414e_48e0_96cd_8262493490df) [Producer clientId=Producer-topic-1a024a89_414e_48e0_96cd_8262493490df] ProducerId set to 57 with epoch 0
2025-08-07 12:24:30,869 INFO  [org.apa.kaf.cli.pro.KafkaProducer] (Thread-908) [Producer clientId=Producer-topic-1a024a89_414e_48e0_96cd_8262493490df] Closing the Kafka producer with timeoutMillis = 9223372036854775807 ms.
2025-08-07 12:24:30,870 INFO  [org.apa.kaf.com.met.Metrics] (Thread-908) Metrics scheduler closed
2025-08-07 12:24:30,870 INFO  [org.apa.kaf.com.met.Metrics] (Thread-908) Closing reporter org.apache.kafka.common.metrics.JmxReporter
2025-08-07 12:24:30,870 INFO  [org.apa.kaf.com.met.Metrics] (Thread-908) Closing reporter org.apache.kafka.common.telemetry.internals.ClientTelemetryReporter
2025-08-07 12:24:30,870 INFO  [org.apa.kaf.com.met.Metrics] (Thread-908) Metrics reporters closed
2025-08-07 12:24:30,870 INFO  [org.apa.kaf.com.uti.AppInfoParser] (Thread-908) App info kafka.producer for Producer-topic-1a024a89_414e_48e0_96cd_8262493490df unregistered
2025-08-07 12:24:30,883 INFO  [io.api.tes.ser.con.BasicConfluentSerDesIT] (main) Deleting confluent schema myrecordconfluent2
2025-08-07 12:24:30,892 INFO  [io.api.tes.uti.TestSeparator] (main) io.apicurio.tests.serdes.confluent.BasicConfluentSerDesIT.testAvroConfluentSerDesFail-FINISHED
2025-08-07 12:24:30,892 INFO  [io.api.tes.uti.TestSeparator] (main) ############################################################################
Test passed: testAvroConfluentSerDesFail
]]></system-out>
  </testcase>
  <testcase name="testAvroConfluentSerDesWrongStrategyRecord" classname="io.apicurio.tests.serdes.confluent.BasicConfluentSerDesIT" time="0.107">
    <system-out><![CDATA[2025-08-07 12:24:30,893 INFO  [io.api.tes.uti.TestSeparator] (main) ############################################################################
2025-08-07 12:24:30,893 INFO  [io.api.tes.uti.TestSeparator] (main) io.apicurio.tests.serdes.confluent.BasicConfluentSerDesIT.testAvroConfluentSerDesWrongStrategyRecord-STARTED
2025-08-07 12:24:30,916 INFO  [io.api.tes.ser.con.BasicConfluentSerDesIT] (main) Checking that created schema is equal to the get schema
2025-08-07 12:24:30,962 INFO  [io.api.tes.ser.con.BasicConfluentSerDesIT] (main) Created schema with id:117 and name:myrecordconfluent4
**** Registry Base URL: http://registry-app-inmemory.apps.ci419.apicurio-testing.org:80
2025-08-07 12:24:30,963 INFO  [org.apa.kaf.cli.pro.ProducerConfig] (main) ProducerConfig values: 
	acks = -1
	auto.include.jmx.reporter = true
	batch.size = 16384
	bootstrap.servers = [PLAINTEXT://localhost:32769]
	buffer.memory = 33554432
	client.dns.lookup = use_all_dns_ips
	client.id = Producer-topic-43867a22_a4b8_4155_86a9_3c19140d8a2c
	compression.gzip.level = -1
	compression.lz4.level = 9
	compression.type = none
	compression.zstd.level = 3
	connections.max.idle.ms = 10000
	delivery.timeout.ms = 120000
	enable.idempotence = true
	enable.metrics.push = true
	interceptor.classes = []
	key.serializer = class org.apache.kafka.common.serialization.StringSerializer
	linger.ms = 0
	max.block.ms = 60000
	max.in.flight.requests.per.connection = 5
	max.request.size = 1048576
	metadata.max.age.ms = 300000
	metadata.max.idle.ms = 300000
	metadata.recovery.strategy = none
	metric.reporters = []
	metrics.num.samples = 2
	metrics.recording.level = INFO
	metrics.sample.window.ms = 30000
	partitioner.adaptive.partitioning.enable = true
	partitioner.availability.timeout.ms = 0
	partitioner.class = null
	partitioner.ignore.keys = false
	receive.buffer.bytes = 32768
	reconnect.backoff.max.ms = 1000
	reconnect.backoff.ms = 50
	request.timeout.ms = 5000
	retries = 2147483647
	retry.backoff.max.ms = 1000
	retry.backoff.ms = 100
	sasl.client.callback.handler.class = null
	sasl.jaas.config = null
	sasl.kerberos.kinit.cmd = /usr/bin/kinit
	sasl.kerberos.min.time.before.relogin = 60000
	sasl.kerberos.service.name = null
	sasl.kerberos.ticket.renew.jitter = 0.05
	sasl.kerberos.ticket.renew.window.factor = 0.8
	sasl.login.callback.handler.class = null
	sasl.login.class = null
	sasl.login.connect.timeout.ms = null
	sasl.login.read.timeout.ms = null
	sasl.login.refresh.buffer.seconds = 300
	sasl.login.refresh.min.period.seconds = 60
	sasl.login.refresh.window.factor = 0.8
	sasl.login.refresh.window.jitter = 0.05
	sasl.login.retry.backoff.max.ms = 10000
	sasl.login.retry.backoff.ms = 100
	sasl.mechanism = GSSAPI
	sasl.oauthbearer.clock.skew.seconds = 30
	sasl.oauthbearer.expected.audience = null
	sasl.oauthbearer.expected.issuer = null
	sasl.oauthbearer.header.urlencode = false
	sasl.oauthbearer.jwks.endpoint.refresh.ms = 3600000
	sasl.oauthbearer.jwks.endpoint.retry.backoff.max.ms = 10000
	sasl.oauthbearer.jwks.endpoint.retry.backoff.ms = 100
	sasl.oauthbearer.jwks.endpoint.url = null
	sasl.oauthbearer.scope.claim.name = scope
	sasl.oauthbearer.sub.claim.name = sub
	sasl.oauthbearer.token.endpoint.url = null
	security.protocol = PLAINTEXT
	security.providers = null
	send.buffer.bytes = 131072
	socket.connection.setup.timeout.max.ms = 30000
	socket.connection.setup.timeout.ms = 10000
	ssl.cipher.suites = null
	ssl.enabled.protocols = [TLSv1.2, TLSv1.3]
	ssl.endpoint.identification.algorithm = https
	ssl.engine.factory.class = null
	ssl.key.password = null
	ssl.keymanager.algorithm = SunX509
	ssl.keystore.certificate.chain = null
	ssl.keystore.key = null
	ssl.keystore.location = null
	ssl.keystore.password = null
	ssl.keystore.type = JKS
	ssl.protocol = TLSv1.3
	ssl.provider = null
	ssl.secure.random.implementation = null
	ssl.trustmanager.algorithm = PKIX
	ssl.truststore.certificates = null
	ssl.truststore.location = null
	ssl.truststore.password = null
	ssl.truststore.type = JKS
	transaction.timeout.ms = 60000
	transactional.id = null
	value.serializer = class io.confluent.kafka.serializers.KafkaAvroSerializer

2025-08-07 12:24:30,963 INFO  [org.apa.kaf.com.tel.int.KafkaMetricsCollector] (main) initializing Kafka metrics collector
2025-08-07 12:24:30,963 INFO  [io.con.kaf.ser.KafkaAvroSerializerConfig] (main) KafkaAvroSerializerConfig values: 
	auto.register.schemas = false
	avro.reflection.allow.null = false
	avro.remove.java.properties = false
	avro.use.logical.type.converters = false
	basic.auth.credentials.source = URL
	basic.auth.user.info = [hidden]
	bearer.auth.cache.expiry.buffer.seconds = 300
	bearer.auth.client.id = null
	bearer.auth.client.secret = null
	bearer.auth.credentials.source = STATIC_TOKEN
	bearer.auth.custom.provider.class = null
	bearer.auth.identity.pool.id = null
	bearer.auth.issuer.endpoint.url = null
	bearer.auth.logical.cluster = null
	bearer.auth.scope = null
	bearer.auth.scope.claim.name = scope
	bearer.auth.sub.claim.name = sub
	bearer.auth.token = [hidden]
	context.name.strategy = class io.confluent.kafka.serializers.context.NullContextNameStrategy
	http.connect.timeout.ms = 60000
	http.read.timeout.ms = 60000
	id.compatibility.strict = true
	key.schema.id.deserializer = class io.confluent.kafka.serializers.schema.id.DualSchemaIdDeserializer
	key.schema.id.serializer = class io.confluent.kafka.serializers.schema.id.PrefixSchemaIdSerializer
	key.subject.name.strategy = class io.confluent.kafka.serializers.subject.TopicNameStrategy
	latest.cache.size = 1000
	latest.cache.ttl.sec = -1
	latest.compatibility.strict = true
	max.retries = 3
	max.schemas.per.subject = 1000
	normalize.schemas = false
	propagate.schema.tags = false
	proxy.host = 
	proxy.port = -1
	retries.max.wait.ms = 20000
	retries.wait.ms = 1000
	rule.actions = []
	rule.executors = []
	rule.service.loader.enable = true
	schema.format = null
	schema.reflection = false
	schema.registry.basic.auth.user.info = [hidden]
	schema.registry.ssl.cipher.suites = null
	schema.registry.ssl.enabled.protocols = [TLSv1.2, TLSv1.3]
	schema.registry.ssl.endpoint.identification.algorithm = https
	schema.registry.ssl.engine.factory.class = null
	schema.registry.ssl.key.password = null
	schema.registry.ssl.keymanager.algorithm = SunX509
	schema.registry.ssl.keystore.certificate.chain = null
	schema.registry.ssl.keystore.key = null
	schema.registry.ssl.keystore.location = null
	schema.registry.ssl.keystore.password = null
	schema.registry.ssl.keystore.type = JKS
	schema.registry.ssl.protocol = TLSv1.3
	schema.registry.ssl.provider = null
	schema.registry.ssl.secure.random.implementation = null
	schema.registry.ssl.trustmanager.algorithm = PKIX
	schema.registry.ssl.truststore.certificates = null
	schema.registry.ssl.truststore.location = null
	schema.registry.ssl.truststore.password = null
	schema.registry.ssl.truststore.type = JKS
	schema.registry.url = [http://registry-app-inmemory.apps.ci419.apicurio-testing.org:80/apis/ccompat/v7]
	schema.registry.url.randomize = false
	use.latest.version = false
	use.latest.with.metadata = null
	use.schema.id = -1
	value.schema.id.deserializer = class io.confluent.kafka.serializers.schema.id.DualSchemaIdDeserializer
	value.schema.id.serializer = class io.confluent.kafka.serializers.schema.id.PrefixSchemaIdSerializer
	value.subject.name.strategy = class io.confluent.kafka.serializers.subject.RecordNameStrategy

2025-08-07 12:24:30,965 INFO  [org.apa.kaf.cli.pro.KafkaProducer] (main) [Producer clientId=Producer-topic-43867a22_a4b8_4155_86a9_3c19140d8a2c] Instantiated an idempotent producer.
2025-08-07 12:24:30,966 INFO  [org.apa.kaf.cli.pro.ProducerConfig] (main) These configurations '[schema.registry.url, auto.register.schemas, value.subject.name.strategy]' were supplied but are not used yet.
2025-08-07 12:24:30,966 INFO  [org.apa.kaf.com.uti.AppInfoParser] (main) Kafka version: 3.9.1
2025-08-07 12:24:30,966 INFO  [org.apa.kaf.com.uti.AppInfoParser] (main) Kafka commitId: f745dfdcee2b9851
2025-08-07 12:24:30,966 INFO  [org.apa.kaf.com.uti.AppInfoParser] (main) Kafka startTimeMs: 1754569470966
2025-08-07 12:24:30,967 INFO  [io.api.tes.ser.api.KafkaSerdesTester] (Thread-909) Sending message {"wrongkey": "value-0"} to topic topic-43867a22_a4b8_4155_86a9_3c19140d8a2c
2025-08-07 12:24:30,969 INFO  [org.apa.kaf.cli.Metadata] (kafka-producer-network-thread | Producer-topic-43867a22_a4b8_4155_86a9_3c19140d8a2c) [Producer clientId=Producer-topic-43867a22_a4b8_4155_86a9_3c19140d8a2c] Cluster ID: CeYNmdzmRCaaSk-AVslC4g
2025-08-07 12:24:30,969 INFO  [org.apa.kaf.cli.pro.int.TransactionManager] (kafka-producer-network-thread | Producer-topic-43867a22_a4b8_4155_86a9_3c19140d8a2c) [Producer clientId=Producer-topic-43867a22_a4b8_4155_86a9_3c19140d8a2c] ProducerId set to 58 with epoch 0
2025-08-07 12:24:30,978 INFO  [org.apa.kaf.cli.pro.KafkaProducer] (Thread-909) [Producer clientId=Producer-topic-43867a22_a4b8_4155_86a9_3c19140d8a2c] Closing the Kafka producer with timeoutMillis = 9223372036854775807 ms.
2025-08-07 12:24:30,979 INFO  [org.apa.kaf.com.met.Metrics] (Thread-909) Metrics scheduler closed
2025-08-07 12:24:30,979 INFO  [org.apa.kaf.com.met.Metrics] (Thread-909) Closing reporter org.apache.kafka.common.metrics.JmxReporter
2025-08-07 12:24:30,979 INFO  [org.apa.kaf.com.met.Metrics] (Thread-909) Closing reporter org.apache.kafka.common.telemetry.internals.ClientTelemetryReporter
2025-08-07 12:24:30,979 INFO  [org.apa.kaf.com.met.Metrics] (Thread-909) Metrics reporters closed
2025-08-07 12:24:30,979 INFO  [org.apa.kaf.com.uti.AppInfoParser] (Thread-909) App info kafka.producer for Producer-topic-43867a22_a4b8_4155_86a9_3c19140d8a2c unregistered
2025-08-07 12:24:30,992 INFO  [io.api.tes.ser.con.BasicConfluentSerDesIT] (main) Deleting confluent schema topic-43867a22_a4b8_4155_86a9_3c19140d8a2c-value
2025-08-07 12:24:31,000 INFO  [io.api.tes.uti.TestSeparator] (main) io.apicurio.tests.serdes.confluent.BasicConfluentSerDesIT.testAvroConfluentSerDesWrongStrategyRecord-FINISHED
2025-08-07 12:24:31,000 INFO  [io.api.tes.uti.TestSeparator] (main) ############################################################################
Test passed: testAvroConfluentSerDesWrongStrategyRecord
]]></system-out>
  </testcase>
</testsuite>