<?xml version="1.0" encoding="UTF-8"?>
<testsuite xmlns:xsi="http://www.w3.org/2001/XMLSchema-instance" xsi:noNamespaceSchemaLocation="https://maven.apache.org/surefire/maven-failsafe-plugin/xsd/failsafe-test-report.xsd" version="3.0.2" name="io.apicurio.tests.serdes.apicurio.AvroSerdeIT" time="105.874" tests="21" errors="0" skipped="2" failures="0">
  <properties>
    <property name="java.specification.version" value="17"/>
    <property name="sun.jnu.encoding" value="UTF-8"/>
    <property name="java.class.path" value="/home/runner/work/apicurio-testing/apicurio-testing/clusters/ci419/namespaces/ksql047/tests/integration/apicurio-registry/integration-tests/target/test-classes:/home/runner/work/apicurio-testing/apicurio-testing/clusters/ci419/namespaces/ksql047/tests/integration/apicurio-registry/integration-tests/target/apicurio-registry-integration-tests-3.0.12-SNAPSHOT.jar:/home/runner/.m2/repository/io/quarkus/quarkus-junit5/3.20.2/quarkus-junit5-3.20.2.jar:/home/runner/.m2/repository/io/quarkus/quarkus-bootstrap-core/3.20.2/quarkus-bootstrap-core-3.20.2.jar:/home/runner/.m2/repository/io/quarkus/quarkus-classloader-commons/3.20.2/quarkus-classloader-commons-3.20.2.jar:/home/runner/.m2/repository/io/quarkus/quarkus-bootstrap-app-model/3.20.2/quarkus-bootstrap-app-model-3.20.2.jar:/home/runner/.m2/repository/io/smallrye/common/smallrye-common-io/2.12.0/smallrye-common-io-2.12.0.jar:/home/runner/.m2/repository/org/eclipse/sisu/org.eclipse.sisu.inject/0.9.0.M3/org.eclipse.sisu.inject-0.9.0.M3.jar:/home/runner/.m2/repository/io/quarkus/quarkus-test-common/3.20.2/quarkus-test-common-3.20.2.jar:/home/runner/.m2/repository/io/quarkus/quarkus-core-deployment/3.20.2/quarkus-core-deployment-3.20.2.jar:/home/runner/.m2/repository/org/aesh/readline/2.6/readline-2.6.jar:/home/runner/.m2/repository/org/fusesource/jansi/jansi/2.4.0/jansi-2.4.0.jar:/home/runner/.m2/repository/org/aesh/aesh/2.8.2/aesh-2.8.2.jar:/home/runner/.m2/repository/io/quarkus/gizmo/gizmo/1.8.0/gizmo-1.8.0.jar:/home/runner/.m2/repository/org/ow2/asm/asm-util/9.7.1/asm-util-9.7.1.jar:/home/runner/.m2/repository/org/ow2/asm/asm-analysis/9.7.1/asm-analysis-9.7.1.jar:/home/runner/.m2/repository/org/ow2/asm/asm-commons/9.7.1/asm-commons-9.7.1.jar:/home/runner/.m2/repository/org/ow2/asm/asm-tree/9.7.1/asm-tree-9.7.1.jar:/home/runner/.m2/repository/io/quarkus/quarkus-hibernate-validator-spi/3.20.2/quarkus-hibernate-validator-spi-3.20.2.jar:/home/runner/.m2/repository/io/quarkus/quarkus-class-change-agent/3.20.2/quarkus-class-change-agent-3.20.2.jar:/home/runner/.m2/repository/io/quarkus/quarkus-devtools-utilities/3.20.2/quarkus-devtools-utilities-3.20.2.jar:/home/runner/.m2/repository/io/quarkus/quarkus-builder/3.20.2/quarkus-builder-3.20.2.jar:/home/runner/.m2/repository/org/graalvm/sdk/nativeimage/23.1.2/nativeimage-23.1.2.jar:/home/runner/.m2/repository/org/graalvm/sdk/word/23.1.2/word-23.1.2.jar:/home/runner/.m2/repository/io/quarkus/quarkus-bootstrap-maven-resolver/3.20.2/quarkus-bootstrap-maven-resolver-3.20.2.jar:/home/runner/.m2/repository/io/smallrye/beanbag/smallrye-beanbag-maven/1.5.2/smallrye-beanbag-maven-1.5.2.jar:/home/runner/.m2/repository/io/smallrye/beanbag/smallrye-beanbag-sisu/1.5.2/smallrye-beanbag-sisu-1.5.2.jar:/home/runner/.m2/repository/io/smallrye/beanbag/smallrye-beanbag/1.5.2/smallrye-beanbag-1.5.2.jar:/home/runner/.m2/repository/javax/inject/javax.inject/1/javax.inject-1.jar:/home/runner/.m2/repository/org/apache/maven/maven-artifact/3.9.9/maven-artifact-3.9.9.jar:/home/runner/.m2/repository/org/apache/maven/maven-builder-support/3.9.9/maven-builder-support-3.9.9.jar:/home/runner/.m2/repository/org/apache/maven/maven-model/3.9.9/maven-model-3.9.9.jar:/home/runner/.m2/repository/org/apache/maven/maven-model-builder/3.9.9/maven-model-builder-3.9.9.jar:/home/runner/.m2/repository/org/apache/maven/maven-repository-metadata/3.9.9/maven-repository-metadata-3.9.9.jar:/home/runner/.m2/repository/org/apache/maven/maven-settings/3.9.9/maven-settings-3.9.9.jar:/home/runner/.m2/repository/org/apache/maven/resolver/maven-resolver-api/1.9.22/maven-resolver-api-1.9.22.jar:/home/runner/.m2/repository/org/apache/maven/resolver/maven-resolver-impl/1.9.22/maven-resolver-impl-1.9.22.jar:/home/runner/.m2/repository/org/apache/maven/resolver/maven-resolver-named-locks/1.9.22/maven-resolver-named-locks-1.9.22.jar:/home/runner/.m2/repository/org/apache/maven/resolver/maven-resolver-spi/1.9.22/maven-resolver-spi-1.9.22.jar:/home/runner/.m2/repository/org/apache/maven/resolver/maven-resolver-util/1.9.22/maven-resolver-util-1.9.22.jar:/home/runner/.m2/repository/org/apache/maven/resolver/maven-resolver-transport-http/1.9.20/maven-resolver-transport-http-1.9.20.jar:/home/runner/.m2/repository/org/apache/maven/wagon/wagon-provider-api/3.5.3/wagon-provider-api-3.5.3.jar:/home/runner/.m2/repository/org/apache/maven/wagon/wagon-http-shared/3.5.3/wagon-http-shared-3.5.3.jar:/home/runner/.m2/repository/org/codehaus/plexus/plexus-interpolation/1.26/plexus-interpolation-1.26.jar:/home/runner/.m2/repository/org/codehaus/plexus/plexus-utils/3.5.1/plexus-utils-3.5.1.jar:/home/runner/.m2/repository/org/codehaus/plexus/plexus-xml/4.0.1/plexus-xml-4.0.1.jar:/home/runner/.m2/repository/org/apache/maven/maven-xml-impl/4.0.0-alpha-5/maven-xml-impl-4.0.0-alpha-5.jar:/home/runner/.m2/repository/org/apache/maven/maven-api-xml/4.0.0-alpha-5/maven-api-xml-4.0.0-alpha-5.jar:/home/runner/.m2/repository/org/apache/maven/maven-api-meta/4.0.0-alpha-5/maven-api-meta-4.0.0-alpha-5.jar:/home/runner/.m2/repository/org/codehaus/plexus/plexus-cipher/2.0/plexus-cipher-2.0.jar:/home/runner/.m2/repository/org/codehaus/plexus/plexus-sec-dispatcher/2.0/plexus-sec-dispatcher-2.0.jar:/home/runner/.m2/repository/org/apache/maven/maven-embedder/3.9.9/maven-embedder-3.9.9.jar:/home/runner/.m2/repository/org/apache/maven/maven-core/3.9.9/maven-core-3.9.9.jar:/home/runner/.m2/repository/org/codehaus/plexus/plexus-component-annotations/2.1.0/plexus-component-annotations-2.1.0.jar:/home/runner/.m2/repository/org/apache/maven/maven-plugin-api/3.9.9/maven-plugin-api-3.9.9.jar:/home/runner/.m2/repository/org/apache/maven/shared/maven-shared-utils/3.4.2/maven-shared-utils-3.4.2.jar:/home/runner/.m2/repository/com/google/inject/guice/5.1.0/guice-5.1.0.jar:/home/runner/.m2/repository/aopalliance/aopalliance/1.0/aopalliance-1.0.jar:/home/runner/.m2/repository/org/codehaus/plexus/plexus-classworlds/2.6.0/plexus-classworlds-2.6.0.jar:/home/runner/.m2/repository/commons-cli/commons-cli/1.8.0/commons-cli-1.8.0.jar:/home/runner/.m2/repository/org/eclipse/sisu/org.eclipse.sisu.plexus/0.9.0.M3/org.eclipse.sisu.plexus-0.9.0.M3.jar:/home/runner/.m2/repository/org/apache/maven/maven-settings-builder/3.9.9/maven-settings-builder-3.9.9.jar:/home/runner/.m2/repository/org/apache/maven/maven-resolver-provider/3.9.9/maven-resolver-provider-3.9.9.jar:/home/runner/.m2/repository/org/apache/maven/resolver/maven-resolver-connector-basic/1.9.22/maven-resolver-connector-basic-1.9.22.jar:/home/runner/.m2/repository/org/apache/maven/resolver/maven-resolver-transport-wagon/1.9.22/maven-resolver-transport-wagon-1.9.22.jar:/home/runner/.m2/repository/org/apache/maven/wagon/wagon-http/3.5.3/wagon-http-3.5.3.jar:/home/runner/.m2/repository/org/apache/maven/wagon/wagon-file/3.5.3/wagon-file-3.5.3.jar:/home/runner/.m2/repository/io/quarkus/quarkus-bootstrap-gradle-resolver/3.20.2/quarkus-bootstrap-gradle-resolver-3.20.2.jar:/home/runner/.m2/repository/io/smallrye/jandex/3.3.0/jandex-3.3.0.jar:/home/runner/.m2/repository/org/jboss/logging/commons-logging-jboss-logging/1.0.0.Final/commons-logging-jboss-logging-1.0.0.Final.jar:/home/runner/.m2/repository/io/quarkus/quarkus-junit5-config/3.20.2/quarkus-junit5-config-3.20.2.jar:/home/runner/.m2/repository/org/junit/jupiter/junit-jupiter-api/5.12.1/junit-jupiter-api-5.12.1.jar:/home/runner/.m2/repository/io/smallrye/config/smallrye-config/3.11.4/smallrye-config-3.11.4.jar:/home/runner/.m2/repository/io/smallrye/config/smallrye-config-core/3.11.4/smallrye-config-core-3.11.4.jar:/home/runner/.m2/repository/io/smallrye/common/smallrye-common-classloader/2.12.0/smallrye-common-classloader-2.12.0.jar:/home/runner/.m2/repository/io/smallrye/config/smallrye-config-common/3.11.4/smallrye-config-common-3.11.4.jar:/home/runner/.m2/repository/org/junit/jupiter/junit-jupiter/5.12.1/junit-jupiter-5.12.1.jar:/home/runner/.m2/repository/org/junit/jupiter/junit-jupiter-params/5.12.1/junit-jupiter-params-5.12.1.jar:/home/runner/.m2/repository/org/junit/jupiter/junit-jupiter-engine/5.12.1/junit-jupiter-engine-5.12.1.jar:/home/runner/.m2/repository/io/quarkus/quarkus-core/3.20.2/quarkus-core-3.20.2.jar:/home/runner/.m2/repository/jakarta/enterprise/jakarta.enterprise.cdi-api/4.1.0/jakarta.enterprise.cdi-api-4.1.0.jar:/home/runner/.m2/repository/jakarta/enterprise/jakarta.enterprise.lang-model/4.1.0/jakarta.enterprise.lang-model-4.1.0.jar:/home/runner/.m2/repository/jakarta/el/jakarta.el-api/5.0.1/jakarta.el-api-5.0.1.jar:/home/runner/.m2/repository/jakarta/interceptor/jakarta.interceptor-api/2.2.0/jakarta.interceptor-api-2.2.0.jar:/home/runner/.m2/repository/jakarta/inject/jakarta.inject-api/2.0.1/jakarta.inject-api-2.0.1.jar:/home/runner/.m2/repository/io/smallrye/common/smallrye-common-os/2.12.0/smallrye-common-os-2.12.0.jar:/home/runner/.m2/repository/io/quarkus/quarkus-ide-launcher/3.20.2/quarkus-ide-launcher-3.20.2.jar:/home/runner/.m2/repository/io/quarkus/quarkus-development-mode-spi/3.20.2/quarkus-development-mode-spi-3.20.2.jar:/home/runner/.m2/repository/org/jboss/logging/jboss-logging/3.6.1.Final/jboss-logging-3.6.1.Final.jar:/home/runner/.m2/repository/org/jboss/logmanager/jboss-logmanager/3.1.2.Final/jboss-logmanager-3.1.2.Final.jar:/home/runner/.m2/repository/io/smallrye/common/smallrye-common-constraint/2.12.0/smallrye-common-constraint-2.12.0.jar:/home/runner/.m2/repository/io/smallrye/common/smallrye-common-cpu/2.12.0/smallrye-common-cpu-2.12.0.jar:/home/runner/.m2/repository/io/smallrye/common/smallrye-common-expression/2.12.0/smallrye-common-expression-2.12.0.jar:/home/runner/.m2/repository/io/smallrye/common/smallrye-common-net/2.12.0/smallrye-common-net-2.12.0.jar:/home/runner/.m2/repository/io/smallrye/common/smallrye-common-ref/2.12.0/smallrye-common-ref-2.12.0.jar:/home/runner/.m2/repository/jakarta/json/jakarta.json-api/2.1.3/jakarta.json-api-2.1.3.jar:/home/runner/.m2/repository/org/eclipse/parsson/parsson/1.1.7/parsson-1.1.7.jar:/home/runner/.m2/repository/org/jboss/logging/jboss-logging-annotations/3.0.4.Final/jboss-logging-annotations-3.0.4.Final.jar:/home/runner/.m2/repository/org/jboss/threads/jboss-threads/3.8.0.Final/jboss-threads-3.8.0.Final.jar:/home/runner/.m2/repository/io/smallrye/common/smallrye-common-annotation/2.12.0/smallrye-common-annotation-2.12.0.jar:/home/runner/.m2/repository/io/smallrye/common/smallrye-common-function/2.12.0/smallrye-common-function-2.12.0.jar:/home/runner/.m2/repository/org/jboss/slf4j/slf4j-jboss-logmanager/2.0.0.Final/slf4j-jboss-logmanager-2.0.0.Final.jar:/home/runner/.m2/repository/org/wildfly/common/wildfly-common/2.0.1/wildfly-common-2.0.1.jar:/home/runner/.m2/repository/io/quarkus/quarkus-bootstrap-runner/3.20.2/quarkus-bootstrap-runner-3.20.2.jar:/home/runner/.m2/repository/io/github/crac/org-crac/0.1.3/org-crac-0.1.3.jar:/home/runner/.m2/repository/io/quarkus/quarkus-fs-util/0.0.10/quarkus-fs-util-0.0.10.jar:/home/runner/.m2/repository/org/jboss/marshalling/jboss-marshalling/2.2.2.Final/jboss-marshalling-2.2.2.Final.jar:/home/runner/.m2/repository/io/fabric8/kubernetes-client/7.1.0/kubernetes-client-7.1.0.jar:/home/runner/.m2/repository/io/fabric8/kubernetes-client-api/7.1.0/kubernetes-client-api-7.1.0.jar:/home/runner/.m2/repository/io/fabric8/kubernetes-model-core/7.1.0/kubernetes-model-core-7.1.0.jar:/home/runner/.m2/repository/io/fabric8/kubernetes-model-common/7.1.0/kubernetes-model-common-7.1.0.jar:/home/runner/.m2/repository/javax/annotation/javax.annotation-api/1.3.2/javax.annotation-api-1.3.2.jar:/home/runner/.m2/repository/io/fabric8/kubernetes-model-gatewayapi/7.1.0/kubernetes-model-gatewayapi-7.1.0.jar:/home/runner/.m2/repository/io/fabric8/kubernetes-model-resource/7.1.0/kubernetes-model-resource-7.1.0.jar:/home/runner/.m2/repository/io/fabric8/kubernetes-model-rbac/7.1.0/kubernetes-model-rbac-7.1.0.jar:/home/runner/.m2/repository/io/fabric8/kubernetes-model-admissionregistration/7.1.0/kubernetes-model-admissionregistration-7.1.0.jar:/home/runner/.m2/repository/io/fabric8/kubernetes-model-apps/7.1.0/kubernetes-model-apps-7.1.0.jar:/home/runner/.m2/repository/io/fabric8/kubernetes-model-autoscaling/7.1.0/kubernetes-model-autoscaling-7.1.0.jar:/home/runner/.m2/repository/io/fabric8/kubernetes-model-apiextensions/7.1.0/kubernetes-model-apiextensions-7.1.0.jar:/home/runner/.m2/repository/io/fabric8/kubernetes-model-batch/7.1.0/kubernetes-model-batch-7.1.0.jar:/home/runner/.m2/repository/io/fabric8/kubernetes-model-certificates/7.1.0/kubernetes-model-certificates-7.1.0.jar:/home/runner/.m2/repository/io/fabric8/kubernetes-model-coordination/7.1.0/kubernetes-model-coordination-7.1.0.jar:/home/runner/.m2/repository/io/fabric8/kubernetes-model-discovery/7.1.0/kubernetes-model-discovery-7.1.0.jar:/home/runner/.m2/repository/io/fabric8/kubernetes-model-events/7.1.0/kubernetes-model-events-7.1.0.jar:/home/runner/.m2/repository/io/fabric8/kubernetes-model-extensions/7.1.0/kubernetes-model-extensions-7.1.0.jar:/home/runner/.m2/repository/io/fabric8/kubernetes-model-flowcontrol/7.1.0/kubernetes-model-flowcontrol-7.1.0.jar:/home/runner/.m2/repository/io/fabric8/kubernetes-model-networking/7.1.0/kubernetes-model-networking-7.1.0.jar:/home/runner/.m2/repository/io/fabric8/kubernetes-model-metrics/7.1.0/kubernetes-model-metrics-7.1.0.jar:/home/runner/.m2/repository/io/fabric8/kubernetes-model-policy/7.1.0/kubernetes-model-policy-7.1.0.jar:/home/runner/.m2/repository/io/fabric8/kubernetes-model-scheduling/7.1.0/kubernetes-model-scheduling-7.1.0.jar:/home/runner/.m2/repository/io/fabric8/kubernetes-model-storageclass/7.1.0/kubernetes-model-storageclass-7.1.0.jar:/home/runner/.m2/repository/io/fabric8/kubernetes-model-node/7.1.0/kubernetes-model-node-7.1.0.jar:/home/runner/.m2/repository/org/snakeyaml/snakeyaml-engine/2.9/snakeyaml-engine-2.9.jar:/home/runner/.m2/repository/com/fasterxml/jackson/dataformat/jackson-dataformat-yaml/2.18.2/jackson-dataformat-yaml-2.18.2.jar:/home/runner/.m2/repository/com/fasterxml/jackson/datatype/jackson-datatype-jsr310/2.18.2/jackson-datatype-jsr310-2.18.2.jar:/home/runner/.m2/repository/io/fabric8/zjsonpatch/7.1.0/zjsonpatch-7.1.0.jar:/home/runner/.m2/repository/io/fabric8/kubernetes-httpclient-vertx/7.1.0/kubernetes-httpclient-vertx-7.1.0.jar:/home/runner/.m2/repository/io/vertx/vertx-web-client/4.5.16/vertx-web-client-4.5.16.jar:/home/runner/.m2/repository/io/vertx/vertx-web-common/4.5.16/vertx-web-common-4.5.16.jar:/home/runner/.m2/repository/io/vertx/vertx-auth-common/4.5.16/vertx-auth-common-4.5.16.jar:/home/runner/.m2/repository/io/vertx/vertx-uri-template/4.5.16/vertx-uri-template-4.5.16.jar:/home/runner/.m2/repository/io/fabric8/openshift-client/7.1.0/openshift-client-7.1.0.jar:/home/runner/.m2/repository/io/fabric8/openshift-client-api/7.1.0/openshift-client-api-7.1.0.jar:/home/runner/.m2/repository/io/fabric8/openshift-model/7.1.0/openshift-model-7.1.0.jar:/home/runner/.m2/repository/io/fabric8/openshift-model-autoscaling/7.1.0/openshift-model-autoscaling-7.1.0.jar:/home/runner/.m2/repository/io/fabric8/openshift-model-operator/7.1.0/openshift-model-operator-7.1.0.jar:/home/runner/.m2/repository/io/fabric8/openshift-model-operatorhub/7.1.0/openshift-model-operatorhub-7.1.0.jar:/home/runner/.m2/repository/io/fabric8/openshift-model-machine/7.1.0/openshift-model-machine-7.1.0.jar:/home/runner/.m2/repository/io/fabric8/openshift-model-whereabouts/7.1.0/openshift-model-whereabouts-7.1.0.jar:/home/runner/.m2/repository/io/fabric8/openshift-model-monitoring/7.1.0/openshift-model-monitoring-7.1.0.jar:/home/runner/.m2/repository/io/fabric8/openshift-model-storageversionmigrator/7.1.0/openshift-model-storageversionmigrator-7.1.0.jar:/home/runner/.m2/repository/io/fabric8/openshift-model-tuned/7.1.0/openshift-model-tuned-7.1.0.jar:/home/runner/.m2/repository/io/fabric8/openshift-model-console/7.1.0/openshift-model-console-7.1.0.jar:/home/runner/.m2/repository/io/fabric8/openshift-model-config/7.1.0/openshift-model-config-7.1.0.jar:/home/runner/.m2/repository/io/fabric8/openshift-model-machineconfiguration/7.1.0/openshift-model-machineconfiguration-7.1.0.jar:/home/runner/.m2/repository/io/fabric8/openshift-model-miscellaneous/7.1.0/openshift-model-miscellaneous-7.1.0.jar:/home/runner/.m2/repository/io/fabric8/openshift-model-hive/7.1.0/openshift-model-hive-7.1.0.jar:/home/runner/.m2/repository/io/fabric8/openshift-model-installer/7.1.0/openshift-model-installer-7.1.0.jar:/home/runner/.m2/repository/org/junit/platform/junit-platform-launcher/1.12.1/junit-platform-launcher-1.12.1.jar:/home/runner/.m2/repository/org/junit/platform/junit-platform-engine/1.12.1/junit-platform-engine-1.12.1.jar:/home/runner/.m2/repository/org/opentest4j/opentest4j/1.3.0/opentest4j-1.3.0.jar:/home/runner/.m2/repository/org/junit/platform/junit-platform-commons/1.12.1/junit-platform-commons-1.12.1.jar:/home/runner/.m2/repository/org/apiguardian/apiguardian-api/1.1.2/apiguardian-api-1.1.2.jar:/home/runner/.m2/repository/jakarta/ws/rs/jakarta.ws.rs-api/3.1.0/jakarta.ws.rs-api-3.1.0.jar:/home/runner/work/apicurio-testing/apicurio-testing/clusters/ci419/namespaces/ksql047/tests/integration/apicurio-registry/java-sdk/target/apicurio-registry-java-sdk-3.0.12-SNAPSHOT.jar:/home/runner/.m2/repository/com/microsoft/kiota/microsoft-kiota-abstractions/1.8.9/microsoft-kiota-abstractions-1.8.9.jar:/home/runner/.m2/repository/io/github/std-uritemplate/std-uritemplate/2.0.0/std-uritemplate-2.0.0.jar:/home/runner/.m2/repository/io/kiota/kiota-http-jdk/0.0.29/kiota-http-jdk-0.0.29.jar:/home/runner/.m2/repository/io/kiota/kiota-http-vertx/0.0.29/kiota-http-vertx-0.0.29.jar:/home/runner/.m2/repository/io/kiota/kiota-serialization-jackson/0.0.29/kiota-serialization-jackson-0.0.29.jar:/home/runner/.m2/repository/com/microsoft/kiota/microsoft-kiota-serialization-text/1.8.9/microsoft-kiota-serialization-text-1.8.9.jar:/home/runner/.m2/repository/com/microsoft/kiota/microsoft-kiota-serialization-form/1.8.9/microsoft-kiota-serialization-form-1.8.9.jar:/home/runner/.m2/repository/com/microsoft/kiota/microsoft-kiota-serialization-multipart/1.8.9/microsoft-kiota-serialization-multipart-1.8.9.jar:/home/runner/.m2/repository/jakarta/annotation/jakarta.annotation-api/3.0.0/jakarta.annotation-api-3.0.0.jar:/home/runner/.m2/repository/io/vertx/vertx-auth-oauth2/4.5.16/vertx-auth-oauth2-4.5.16.jar:/home/runner/work/apicurio-testing/apicurio-testing/clusters/ci419/namespaces/ksql047/tests/integration/apicurio-registry/java-sdk-v2/target/apicurio-registry-v2-java-sdk-3.0.12-SNAPSHOT.jar:/home/runner/work/apicurio-testing/apicurio-testing/clusters/ci419/namespaces/ksql047/tests/integration/apicurio-registry/utils/kafka/target/apicurio-registry-utils-kafka-3.0.12-SNAPSHOT-tests.jar:/home/runner/.m2/repository/org/eclipse/microprofile/config/microprofile-config-api/3.1/microprofile-config-api-3.1.jar:/home/runner/.m2/repository/org/apache/kafka/kafka-clients/3.9.1/kafka-clients-3.9.1.jar:/home/runner/.m2/repository/com/github/luben/zstd-jni/1.5.6-4/zstd-jni-1.5.6-4.jar:/home/runner/.m2/repository/org/lz4/lz4-java/1.8.0/lz4-java-1.8.0.jar:/home/runner/.m2/repository/org/xerial/snappy/snappy-java/1.1.10.5/snappy-java-1.1.10.5.jar:/home/runner/.m2/repository/org/slf4j/slf4j-api/2.0.6/slf4j-api-2.0.6.jar:/home/runner/work/apicurio-testing/apicurio-testing/clusters/ci419/namespaces/ksql047/tests/integration/apicurio-registry/utils/tests/target/apicurio-registry-utils-tests-3.0.12-SNAPSHOT.jar:/home/runner/work/apicurio-testing/apicurio-testing/clusters/ci419/namespaces/ksql047/tests/integration/apicurio-registry/common/target/apicurio-registry-common-3.0.12-SNAPSHOT.jar:/home/runner/.m2/repository/jakarta/validation/jakarta.validation-api/3.0.2/jakarta.validation-api-3.0.2.jar:/home/runner/.m2/repository/com/github/dasniko/testcontainers-keycloak/3.8.0/testcontainers-keycloak-3.8.0.jar:/home/runner/.m2/repository/org/testcontainers/testcontainers/1.20.6/testcontainers-1.20.6.jar:/home/runner/.m2/repository/org/rnorth/duct-tape/duct-tape/1.0.8/duct-tape-1.0.8.jar:/home/runner/.m2/repository/com/github/docker-java/docker-java-transport-zerodep/3.4.1/docker-java-transport-zerodep-3.4.1.jar:/home/runner/.m2/repository/com/github/docker-java/docker-java-transport/3.4.1/docker-java-transport-3.4.1.jar:/home/runner/.m2/repository/net/java/dev/jna/jna/5.8.0/jna-5.8.0.jar:/home/runner/.m2/repository/io/quarkus/quarkus-junit4-mock/3.20.2/quarkus-junit4-mock-3.20.2.jar:/home/runner/.m2/repository/org/jboss/shrinkwrap/shrinkwrap-api/2.0.0-beta-2/shrinkwrap-api-2.0.0-beta-2.jar:/home/runner/.m2/repository/org/jboss/shrinkwrap/shrinkwrap-impl-base/2.0.0-beta-2/shrinkwrap-impl-base-2.0.0-beta-2.jar:/home/runner/.m2/repository/org/jboss/shrinkwrap/shrinkwrap-spi/2.0.0-beta-2/shrinkwrap-spi-2.0.0-beta-2.jar:/home/runner/.m2/repository/org/keycloak/keycloak-admin-client/26.0.4/keycloak-admin-client-26.0.4.jar:/home/runner/.m2/repository/org/keycloak/keycloak-client-common-synced/26.0.4/keycloak-client-common-synced-26.0.4.jar:/home/runner/.m2/repository/jakarta/activation/jakarta.activation-api/2.1.3/jakarta.activation-api-2.1.3.jar:/home/runner/.m2/repository/org/eclipse/microprofile/openapi/microprofile-openapi-api/4.0.2/microprofile-openapi-api-4.0.2.jar:/home/runner/.m2/repository/org/jboss/resteasy/resteasy-client/6.2.12.Final/resteasy-client-6.2.12.Final.jar:/home/runner/.m2/repository/org/jboss/resteasy/resteasy-client-api/6.2.12.Final/resteasy-client-api-6.2.12.Final.jar:/home/runner/.m2/repository/org/jboss/resteasy/resteasy-core-spi/6.2.12.Final/resteasy-core-spi-6.2.12.Final.jar:/home/runner/.m2/repository/org/jboss/resteasy/resteasy-core/6.2.12.Final/resteasy-core-6.2.12.Final.jar:/home/runner/.m2/repository/org/eclipse/angus/angus-activation/2.0.2/angus-activation-2.0.2.jar:/home/runner/.m2/repository/com/ibm/async/asyncutil/0.1.0/asyncutil-0.1.0.jar:/home/runner/.m2/repository/org/reactivestreams/reactive-streams/1.0.4/reactive-streams-1.0.4.jar:/home/runner/.m2/repository/org/jboss/resteasy/resteasy-multipart-provider/6.2.12.Final/resteasy-multipart-provider-6.2.12.Final.jar:/home/runner/.m2/repository/jakarta/mail/jakarta.mail-api/2.1.3/jakarta.mail-api-2.1.3.jar:/home/runner/.m2/repository/org/eclipse/angus/angus-mail/2.0.3/angus-mail-2.0.3.jar:/home/runner/.m2/repository/org/apache/james/apache-mime4j-dom/0.8.12/apache-mime4j-dom-0.8.12.jar:/home/runner/.m2/repository/org/apache/james/apache-mime4j-core/0.8.12/apache-mime4j-core-0.8.12.jar:/home/runner/.m2/repository/org/apache/james/apache-mime4j-storage/0.8.12/apache-mime4j-storage-0.8.12.jar:/home/runner/.m2/repository/org/jboss/resteasy/resteasy-jackson2-provider/6.2.12.Final/resteasy-jackson2-provider-6.2.12.Final.jar:/home/runner/.m2/repository/com/fasterxml/jackson/jakarta/rs/jackson-jakarta-rs-base/2.18.2/jackson-jakarta-rs-base-2.18.2.jar:/home/runner/.m2/repository/com/fasterxml/jackson/jakarta/rs/jackson-jakarta-rs-json-provider/2.18.2/jackson-jakarta-rs-json-provider-2.18.2.jar:/home/runner/.m2/repository/com/fasterxml/jackson/module/jackson-module-jakarta-xmlbind-annotations/2.18.2/jackson-module-jakarta-xmlbind-annotations-2.18.2.jar:/home/runner/.m2/repository/com/github/java-json-tools/json-patch/1.13/json-patch-1.13.jar:/home/runner/.m2/repository/com/github/java-json-tools/msg-simple/1.2/msg-simple-1.2.jar:/home/runner/.m2/repository/com/github/java-json-tools/btf/1.3/btf-1.3.jar:/home/runner/.m2/repository/com/github/java-json-tools/jackson-coreutils/2.0/jackson-coreutils-2.0.jar:/home/runner/.m2/repository/org/jboss/resteasy/resteasy-jaxb-provider/6.2.12.Final/resteasy-jaxb-provider-6.2.12.Final.jar:/home/runner/.m2/repository/org/glassfish/jaxb/codemodel/4.0.5/codemodel-4.0.5.jar:/home/runner/.m2/repository/org/glassfish/jaxb/jaxb-core/4.0.5/jaxb-core-4.0.5.jar:/home/runner/.m2/repository/org/glassfish/jaxb/jaxb-jxc/4.0.5/jaxb-jxc-4.0.5.jar:/home/runner/.m2/repository/org/glassfish/jaxb/jaxb-runtime/4.0.5/jaxb-runtime-4.0.5.jar:/home/runner/.m2/repository/org/glassfish/jaxb/txw2/4.0.5/txw2-4.0.5.jar:/home/runner/.m2/repository/org/glassfish/jaxb/jaxb-xjc/4.0.5/jaxb-xjc-4.0.5.jar:/home/runner/.m2/repository/org/glassfish/jaxb/xsom/4.0.5/xsom-4.0.5.jar:/home/runner/.m2/repository/com/sun/istack/istack-commons-runtime/4.1.2/istack-commons-runtime-4.1.2.jar:/home/runner/.m2/repository/com/sun/istack/istack-commons-tools/4.1.2/istack-commons-tools-4.1.2.jar:/home/runner/.m2/repository/com/sun/xml/bind/external/relaxng-datatype/4.0.5/relaxng-datatype-4.0.5.jar:/home/runner/.m2/repository/com/sun/xml/bind/external/rngom/4.0.5/rngom-4.0.5.jar:/home/runner/.m2/repository/org/testcontainers/mssqlserver/1.20.6/mssqlserver-1.20.6.jar:/home/runner/.m2/repository/org/testcontainers/jdbc/1.20.6/jdbc-1.20.6.jar:/home/runner/.m2/repository/org/testcontainers/database-commons/1.20.6/database-commons-1.20.6.jar:/home/runner/.m2/repository/org/testcontainers/mysql/1.20.6/mysql-1.20.6.jar:/home/runner/.m2/repository/io/strimzi/strimzi-test-container/0.111.0/strimzi-test-container-0.111.0.jar:/home/runner/.m2/repository/org/testcontainers/toxiproxy/1.20.6/toxiproxy-1.20.6.jar:/home/runner/.m2/repository/com/github/docker-java/docker-java-api/3.4.1/docker-java-api-3.4.1.jar:/home/runner/.m2/repository/org/apache/logging/log4j/log4j-slf4j-impl/2.19.0/log4j-slf4j-impl-2.19.0.jar:/home/runner/.m2/repository/org/apache/logging/log4j/log4j-api/2.24.3/log4j-api-2.24.3.jar:/home/runner/.m2/repository/org/apache/logging/log4j/log4j-core/2.19.0/log4j-core-2.19.0.jar:/home/runner/.m2/repository/eu/rekawek/toxiproxy/toxiproxy-java/2.1.7/toxiproxy-java-2.1.7.jar:/home/runner/.m2/repository/org/testcontainers/pulsar/1.21.3/pulsar-1.21.3.jar:/home/runner/.m2/repository/io/debezium/debezium-testing-testcontainers/2.7.4.Final/debezium-testing-testcontainers-2.7.4.Final.jar:/home/runner/.m2/repository/org/testcontainers/kafka/1.20.6/kafka-1.20.6.jar:/home/runner/.m2/repository/com/squareup/okhttp3/okhttp/4.8.1/okhttp-4.8.1.jar:/home/runner/.m2/repository/com/squareup/okio/okio/3.10.2/okio-3.10.2.jar:/home/runner/.m2/repository/com/squareup/okio/okio-jvm/3.10.2/okio-jvm-3.10.2.jar:/home/runner/.m2/repository/org/jetbrains/kotlin/kotlin-stdlib/2.0.21/kotlin-stdlib-2.0.21.jar:/home/runner/.m2/repository/org/awaitility/awaitility/4.3.0/awaitility-4.3.0.jar:/home/runner/.m2/repository/org/testcontainers/mongodb/1.20.6/mongodb-1.20.6.jar:/home/runner/.m2/repository/org/testcontainers/mariadb/1.20.6/mariadb-1.20.6.jar:/home/runner/.m2/repository/org/testcontainers/oracle-xe/1.20.6/oracle-xe-1.20.6.jar:/home/runner/.m2/repository/org/testcontainers/postgresql/1.20.6/postgresql-1.20.6.jar:/home/runner/.m2/repository/org/wiremock/wiremock/3.0.1/wiremock-3.0.1.jar:/home/runner/.m2/repository/org/eclipse/jetty/jetty-server/11.0.15/jetty-server-11.0.15.jar:/home/runner/.m2/repository/org/eclipse/jetty/toolchain/jetty-jakarta-servlet-api/5.0.2/jetty-jakarta-servlet-api-5.0.2.jar:/home/runner/.m2/repository/org/eclipse/jetty/jetty-http/11.0.15/jetty-http-11.0.15.jar:/home/runner/.m2/repository/org/eclipse/jetty/jetty-io/11.0.15/jetty-io-11.0.15.jar:/home/runner/.m2/repository/org/eclipse/jetty/jetty-servlet/11.0.15/jetty-servlet-11.0.15.jar:/home/runner/.m2/repository/org/eclipse/jetty/jetty-security/11.0.15/jetty-security-11.0.15.jar:/home/runner/.m2/repository/org/eclipse/jetty/jetty-servlets/11.0.15/jetty-servlets-11.0.15.jar:/home/runner/.m2/repository/org/eclipse/jetty/jetty-util/11.0.15/jetty-util-11.0.15.jar:/home/runner/.m2/repository/org/eclipse/jetty/jetty-webapp/11.0.15/jetty-webapp-11.0.15.jar:/home/runner/.m2/repository/org/eclipse/jetty/jetty-xml/11.0.15/jetty-xml-11.0.15.jar:/home/runner/.m2/repository/org/eclipse/jetty/jetty-proxy/11.0.15/jetty-proxy-11.0.15.jar:/home/runner/.m2/repository/org/eclipse/jetty/jetty-client/11.0.15/jetty-client-11.0.15.jar:/home/runner/.m2/repository/org/eclipse/jetty/http2/http2-server/11.0.15/http2-server-11.0.15.jar:/home/runner/.m2/repository/org/eclipse/jetty/http2/http2-common/11.0.15/http2-common-11.0.15.jar:/home/runner/.m2/repository/org/eclipse/jetty/http2/http2-hpack/11.0.15/http2-hpack-11.0.15.jar:/home/runner/.m2/repository/org/eclipse/jetty/jetty-alpn-server/11.0.15/jetty-alpn-server-11.0.15.jar:/home/runner/.m2/repository/org/eclipse/jetty/jetty-alpn-java-server/11.0.15/jetty-alpn-java-server-11.0.15.jar:/home/runner/.m2/repository/org/eclipse/jetty/jetty-alpn-java-client/11.0.15/jetty-alpn-java-client-11.0.15.jar:/home/runner/.m2/repository/org/eclipse/jetty/jetty-alpn-client/11.0.15/jetty-alpn-client-11.0.15.jar:/home/runner/.m2/repository/org/apache/httpcomponents/client5/httpclient5/5.2.1/httpclient5-5.2.1.jar:/home/runner/.m2/repository/org/apache/httpcomponents/core5/httpcore5/5.2/httpcore5-5.2.jar:/home/runner/.m2/repository/org/apache/httpcomponents/core5/httpcore5-h2/5.2/httpcore5-h2-5.2.jar:/home/runner/.m2/repository/org/xmlunit/xmlunit-core/2.9.1/xmlunit-core-2.9.1.jar:/home/runner/.m2/repository/jakarta/xml/bind/jakarta.xml.bind-api/4.0.2/jakarta.xml.bind-api-4.0.2.jar:/home/runner/.m2/repository/org/xmlunit/xmlunit-legacy/2.9.1/xmlunit-legacy-2.9.1.jar:/home/runner/.m2/repository/org/xmlunit/xmlunit-placeholders/2.9.1/xmlunit-placeholders-2.9.1.jar:/home/runner/.m2/repository/net/javacrumbs/json-unit/json-unit-core/2.38.0/json-unit-core-2.38.0.jar:/home/runner/.m2/repository/org/hamcrest/hamcrest-core/2.2/hamcrest-core-2.2.jar:/home/runner/.m2/repository/com/jayway/jsonpath/json-path/2.8.0/json-path-2.8.0.jar:/home/runner/.m2/repository/net/minidev/json-smart/2.4.10/json-smart-2.4.10.jar:/home/runner/.m2/repository/net/minidev/accessors-smart/2.4.9/accessors-smart-2.4.9.jar:/home/runner/.m2/repository/org/ow2/asm/asm/9.7.1/asm-9.7.1.jar:/home/runner/.m2/repository/net/sf/jopt-simple/jopt-simple/5.0.4/jopt-simple-5.0.4.jar:/home/runner/.m2/repository/com/github/jknack/handlebars/4.3.1/handlebars-4.3.1.jar:/home/runner/.m2/repository/com/github/jknack/handlebars-helpers/4.3.1/handlebars-helpers-4.3.1.jar:/home/runner/.m2/repository/commons-fileupload/commons-fileupload/1.5/commons-fileupload-1.5.jar:/home/runner/.m2/repository/com/networknt/json-schema-validator/1.5.8/json-schema-validator-1.5.8.jar:/home/runner/.m2/repository/com/ethlo/time/itu/1.10.3/itu-1.10.3.jar:/home/runner/.m2/repository/io/quarkus/quarkus-smallrye-jwt-build/3.20.2/quarkus-smallrye-jwt-build-3.20.2.jar:/home/runner/.m2/repository/io/smallrye/smallrye-jwt-build/4.6.2/smallrye-jwt-build-4.6.2.jar:/home/runner/.m2/repository/org/eclipse/microprofile/jwt/microprofile-jwt-auth-api/2.1/microprofile-jwt-auth-api-2.1.jar:/home/runner/.m2/repository/org/bitbucket/b_c/jose4j/0.9.6/jose4j-0.9.6.jar:/home/runner/.m2/repository/io/smallrye/smallrye-jwt-common/4.6.2/smallrye-jwt-common-4.6.2.jar:/home/runner/.m2/repository/io/quarkus/quarkus-jsonp/3.20.2/quarkus-jsonp-3.20.2.jar:/home/runner/.m2/repository/io/quarkus/quarkus-arc/3.20.2/quarkus-arc-3.20.2.jar:/home/runner/.m2/repository/io/quarkus/arc/arc/3.20.2/arc-3.20.2.jar:/home/runner/.m2/repository/jakarta/transaction/jakarta.transaction-api/2.0.1/jakarta.transaction-api-2.0.1.jar:/home/runner/.m2/repository/io/smallrye/reactive/mutiny/2.9.2/mutiny-2.9.2.jar:/home/runner/.m2/repository/org/jctools/jctools-core/4.0.5/jctools-core-4.0.5.jar:/home/runner/.m2/repository/org/eclipse/microprofile/context-propagation/microprofile-context-propagation-api/1.3/microprofile-context-propagation-api-1.3.jar:/home/runner/.m2/repository/io/apicurio/apicurio-common-rest-client-common/0.1.18.Final/apicurio-common-rest-client-common-0.1.18.Final.jar:/home/runner/work/apicurio-testing/apicurio-testing/clusters/ci419/namespaces/ksql047/tests/integration/apicurio-registry/utils/maven-plugin/target/apicurio-registry-maven-plugin-3.0.12-SNAPSHOT.jar:/home/runner/.m2/repository/com/fasterxml/jackson/core/jackson-databind/2.18.2/jackson-databind-2.18.2.jar:/home/runner/.m2/repository/org/apache/avro/avro/1.12.0/avro-1.12.0.jar:/home/runner/.m2/repository/com/google/protobuf/protobuf-java/4.31.1/protobuf-java-4.31.1.jar:/home/runner/.m2/repository/com/google/protobuf/protobuf-java-util/4.31.1/protobuf-java-util-4.31.1.jar:/home/runner/.m2/repository/com/google/code/findbugs/jsr305/3.0.2/jsr305-3.0.2.jar:/home/runner/.m2/repository/com/google/code/gson/gson/2.12.1/gson-2.12.1.jar:/home/runner/.m2/repository/com/google/errorprone/error_prone_annotations/2.36.0/error_prone_annotations-2.36.0.jar:/home/runner/.m2/repository/com/google/j2objc/j2objc-annotations/2.8/j2objc-annotations-2.8.jar:/home/runner/work/apicurio-testing/apicurio-testing/clusters/ci419/namespaces/ksql047/tests/integration/apicurio-registry/schema-util/util-provider/target/apicurio-registry-schema-util-provider-3.0.12-SNAPSHOT.jar:/home/runner/work/apicurio-testing/apicurio-testing/clusters/ci419/namespaces/ksql047/tests/integration/apicurio-registry/schema-util/common/target/apicurio-registry-schema-util-common-3.0.12-SNAPSHOT.jar:/home/runner/.m2/repository/com/fasterxml/jackson/module/jackson-module-parameter-names/2.18.2/jackson-module-parameter-names-2.18.2.jar:/home/runner/.m2/repository/com/fasterxml/jackson/datatype/jackson-datatype-json-org/2.18.2/jackson-datatype-json-org-2.18.2.jar:/home/runner/work/apicurio-testing/apicurio-testing/clusters/ci419/namespaces/ksql047/tests/integration/apicurio-registry/schema-util/json/target/apicurio-registry-schema-util-json-3.0.12-SNAPSHOT.jar:/home/runner/.m2/repository/com/github/erosb/everit-json-schema/1.14.5/everit-json-schema-1.14.5.jar:/home/runner/.m2/repository/commons-validator/commons-validator/1.9.0/commons-validator-1.9.0.jar:/home/runner/.m2/repository/commons-digester/commons-digester/2.1/commons-digester-2.1.jar:/home/runner/.m2/repository/commons-collections/commons-collections/3.2.2/commons-collections-3.2.2.jar:/home/runner/.m2/repository/com/damnhandy/handy-uri-templates/2.1.8/handy-uri-templates-2.1.8.jar:/home/runner/.m2/repository/joda-time/joda-time/2.10.2/joda-time-2.10.2.jar:/home/runner/.m2/repository/com/github/erosb/json-sKema/0.20.0/json-sKema-0.20.0.jar:/home/runner/.m2/repository/io/vertx/vertx-json-schema/4.5.16/vertx-json-schema-4.5.16.jar:/home/runner/work/apicurio-testing/apicurio-testing/clusters/ci419/namespaces/ksql047/tests/integration/apicurio-registry/schema-util/protobuf/target/apicurio-registry-schema-util-protobuf-3.0.12-SNAPSHOT.jar:/home/runner/work/apicurio-testing/apicurio-testing/clusters/ci419/namespaces/ksql047/tests/integration/apicurio-registry/utils/protobuf-schema-utilities/target/apicurio-registry-protobuf-schema-utilities-3.0.12-SNAPSHOT.jar:/home/runner/.m2/repository/com/google/api/grpc/proto-google-common-protos/2.52.0/proto-google-common-protos-2.52.0.jar:/home/runner/.m2/repository/com/squareup/wire/wire-schema-jvm/5.3.3/wire-schema-jvm-5.3.3.jar:/home/runner/.m2/repository/com/palantir/javapoet/javapoet/0.6.0/javapoet-0.6.0.jar:/home/runner/.m2/repository/com/squareup/kotlinpoet-jvm/2.0.0/kotlinpoet-jvm-2.0.0.jar:/home/runner/.m2/repository/org/jetbrains/kotlin/kotlin-reflect/2.0.21/kotlin-reflect-2.0.21.jar:/home/runner/.m2/repository/com/squareup/wire/wire-runtime-jvm/5.3.3/wire-runtime-jvm-5.3.3.jar:/home/runner/.m2/repository/com/ibm/icu/icu4j/76.1/icu4j-76.1.jar:/home/runner/.m2/repository/com/squareup/okio/okio-fakefilesystem/3.10.2/okio-fakefilesystem-3.10.2.jar:/home/runner/.m2/repository/com/squareup/okio/okio-fakefilesystem-jvm/3.10.2/okio-fakefilesystem-jvm-3.10.2.jar:/home/runner/.m2/repository/org/jetbrains/kotlinx/kotlinx-datetime-jvm/0.6.1/kotlinx-datetime-jvm-0.6.1.jar:/home/runner/work/apicurio-testing/apicurio-testing/clusters/ci419/namespaces/ksql047/tests/integration/apicurio-registry/schema-util/asyncapi/target/apicurio-registry-schema-util-asyncapi-3.0.12-SNAPSHOT.jar:/home/runner/work/apicurio-testing/apicurio-testing/clusters/ci419/namespaces/ksql047/tests/integration/apicurio-registry/schema-util/avro/target/apicurio-registry-schema-util-avro-3.0.12-SNAPSHOT.jar:/home/runner/work/apicurio-testing/apicurio-testing/clusters/ci419/namespaces/ksql047/tests/integration/apicurio-registry/schema-util/graphql/target/apicurio-registry-schema-util-graphql-3.0.12-SNAPSHOT.jar:/home/runner/.m2/repository/com/graphql-java/graphql-java/22.4/graphql-java-22.4.jar:/home/runner/.m2/repository/com/graphql-java/java-dataloader/3.3.0/java-dataloader-3.3.0.jar:/home/runner/work/apicurio-testing/apicurio-testing/clusters/ci419/namespaces/ksql047/tests/integration/apicurio-registry/schema-util/kconnect/target/apicurio-registry-schema-util-kconnect-3.0.12-SNAPSHOT.jar:/home/runner/work/apicurio-testing/apicurio-testing/clusters/ci419/namespaces/ksql047/tests/integration/apicurio-registry/schema-util/openapi/target/apicurio-registry-schema-util-openapi-3.0.12-SNAPSHOT.jar:/home/runner/.m2/repository/io/apicurio/apicurio-data-models/2.2.2/apicurio-data-models-2.2.2.jar:/home/runner/.m2/repository/org/openapitools/openapidiff/openapi-diff-core/2.1.2/openapi-diff-core-2.1.2.jar:/home/runner/.m2/repository/io/swagger/parser/v3/swagger-parser/2.1.28/swagger-parser-2.1.28.jar:/home/runner/.m2/repository/io/swagger/parser/v3/swagger-parser-v2-converter/2.1.28/swagger-parser-v2-converter-2.1.28.jar:/home/runner/.m2/repository/io/swagger/swagger-core/1.6.16/swagger-core-1.6.16.jar:/home/runner/.m2/repository/io/swagger/swagger-models/1.6.16/swagger-models-1.6.16.jar:/home/runner/.m2/repository/io/swagger/swagger-annotations/1.6.16/swagger-annotations-1.6.16.jar:/home/runner/.m2/repository/io/swagger/swagger-parser/1.0.75/swagger-parser-1.0.75.jar:/home/runner/.m2/repository/io/swagger/swagger-parser-safe-url-resolver/1.0.75/swagger-parser-safe-url-resolver-1.0.75.jar:/home/runner/.m2/repository/io/swagger/swagger-compat-spec-parser/1.0.75/swagger-compat-spec-parser-1.0.75.jar:/home/runner/.m2/repository/com/github/java-json-tools/json-schema-validator/2.2.14/json-schema-validator-2.2.14.jar:/home/runner/.m2/repository/com/github/java-json-tools/jackson-coreutils-equivalence/1.0/jackson-coreutils-equivalence-1.0.jar:/home/runner/.m2/repository/com/github/java-json-tools/json-schema-core/1.2.14/json-schema-core-1.2.14.jar:/home/runner/.m2/repository/com/github/java-json-tools/uri-template/0.10/uri-template-0.10.jar:/home/runner/.m2/repository/com/googlecode/libphonenumber/libphonenumber/8.11.1/libphonenumber-8.11.1.jar:/home/runner/.m2/repository/com/j2html/j2html/1.6.0/j2html-1.6.0.jar:/home/runner/.m2/repository/org/apache/commons/commons-collections4/4.5.0/commons-collections4-4.5.0.jar:/home/runner/.m2/repository/org/slf4j/jcl-over-slf4j/2.0.17/jcl-over-slf4j-2.0.17.jar:/home/runner/.m2/repository/io/swagger/parser/v3/swagger-parser-v3/2.1.31/swagger-parser-v3-2.1.31.jar:/home/runner/.m2/repository/io/swagger/core/v3/swagger-models/2.2.34/swagger-models-2.2.34.jar:/home/runner/.m2/repository/io/swagger/core/v3/swagger-core/2.2.34/swagger-core-2.2.34.jar:/home/runner/.m2/repository/io/swagger/parser/v3/swagger-parser-core/2.1.31/swagger-parser-core-2.1.31.jar:/home/runner/.m2/repository/io/swagger/parser/v3/swagger-parser-safe-url-resolver/2.1.31/swagger-parser-safe-url-resolver-2.1.31.jar:/home/runner/work/apicurio-testing/apicurio-testing/clusters/ci419/namespaces/ksql047/tests/integration/apicurio-registry/schema-util/wsdl/target/apicurio-registry-schema-util-wsdl-3.0.12-SNAPSHOT.jar:/home/runner/.m2/repository/wsdl4j/wsdl4j/1.6.3/wsdl4j-1.6.3.jar:/home/runner/work/apicurio-testing/apicurio-testing/clusters/ci419/namespaces/ksql047/tests/integration/apicurio-registry/schema-util/xml/target/apicurio-registry-schema-util-xml-3.0.12-SNAPSHOT.jar:/home/runner/.m2/repository/org/apache/santuario/xmlsec/4.0.4/xmlsec-4.0.4.jar:/home/runner/.m2/repository/com/fasterxml/woodstox/woodstox-core/7.1.1/woodstox-core-7.1.1.jar:/home/runner/.m2/repository/org/codehaus/woodstox/stax2-api/4.2.2/stax2-api-4.2.2.jar:/home/runner/work/apicurio-testing/apicurio-testing/clusters/ci419/namespaces/ksql047/tests/integration/apicurio-registry/schema-util/xsd/target/apicurio-registry-schema-util-xsd-3.0.12-SNAPSHOT.jar:/home/runner/work/apicurio-testing/apicurio-testing/clusters/ci419/namespaces/ksql047/tests/integration/apicurio-registry/serdes/kafka/jsonschema-serde/target/apicurio-registry-jsonschema-serde-kafka-3.0.12-SNAPSHOT.jar:/home/runner/work/apicurio-testing/apicurio-testing/clusters/ci419/namespaces/ksql047/tests/integration/apicurio-registry/serdes/kafka/serde-kafka-common/target/apicurio-registry-serde-kafka-common-3.0.12-SNAPSHOT.jar:/home/runner/work/apicurio-testing/apicurio-testing/clusters/ci419/namespaces/ksql047/tests/integration/apicurio-registry/serdes/generic/serde-common/target/apicurio-registry-serde-common-3.0.12-SNAPSHOT.jar:/home/runner/work/apicurio-testing/apicurio-testing/clusters/ci419/namespaces/ksql047/tests/integration/apicurio-registry/serdes/generic/serde-common-jsonschema/target/apicurio-registry-serde-common-jsonschema-3.0.12-SNAPSHOT.jar:/home/runner/.m2/repository/org/json/json/20250107/json-20250107.jar:/home/runner/work/apicurio-testing/apicurio-testing/clusters/ci419/namespaces/ksql047/tests/integration/apicurio-registry/serdes/kafka/avro-serde/target/apicurio-registry-avro-serde-kafka-3.0.12-SNAPSHOT.jar:/home/runner/work/apicurio-testing/apicurio-testing/clusters/ci419/namespaces/ksql047/tests/integration/apicurio-registry/serdes/generic/serde-common-avro/target/apicurio-registry-serde-common-avro-3.0.12-SNAPSHOT.jar:/home/runner/work/apicurio-testing/apicurio-testing/clusters/ci419/namespaces/ksql047/tests/integration/apicurio-registry/serdes/kafka/protobuf-serde/target/apicurio-registry-protobuf-serde-kafka-3.0.12-SNAPSHOT.jar:/home/runner/work/apicurio-testing/apicurio-testing/clusters/ci419/namespaces/ksql047/tests/integration/apicurio-registry/serdes/generic/serde-common-protobuf/target/apicurio-registry-serde-common-protobuf-3.0.12-SNAPSHOT.jar:/home/runner/.m2/repository/com/squareup/wire/wire-schema/5.3.3/wire-schema-5.3.3.jar:/home/runner/.m2/repository/com/squareup/wire/wire-runtime/5.3.3/wire-runtime-5.3.3.jar:/home/runner/work/apicurio-testing/apicurio-testing/clusters/ci419/namespaces/ksql047/tests/integration/apicurio-registry/serdes/pulsar/avro-serde/target/apicurio-registry-avro-serde-pulsar-3.0.12-SNAPSHOT.jar:/home/runner/.m2/repository/org/apache/pulsar/pulsar-functions-api/3.3.8/pulsar-functions-api-3.3.8.jar:/home/runner/work/apicurio-testing/apicurio-testing/clusters/ci419/namespaces/ksql047/tests/integration/apicurio-registry/serdes/nats/avro-serde/target/apicurio-registry-avro-serde-nats-3.0.12-SNAPSHOT.jar:/home/runner/.m2/repository/io/nats/jnats/2.21.4/jnats-2.21.4.jar:/home/runner/.m2/repository/org/bouncycastle/bcprov-lts8on/2.73.7/bcprov-lts8on-2.73.7.jar:/home/runner/.m2/repository/org/jetbrains/annotations/26.0.2/annotations-26.0.2.jar:/home/runner/work/apicurio-testing/apicurio-testing/clusters/ci419/namespaces/ksql047/tests/integration/apicurio-registry/utils/converter/target/apicurio-registry-utils-converter-3.0.12-SNAPSHOT.jar:/home/runner/work/apicurio-testing/apicurio-testing/clusters/ci419/namespaces/ksql047/tests/integration/apicurio-registry/schema-resolver/target/apicurio-registry-schema-resolver-3.0.12-SNAPSHOT.jar:/home/runner/.m2/repository/org/apache/kafka/connect-api/3.9.1/connect-api-3.9.1.jar:/home/runner/.m2/repository/javax/ws/rs/javax.ws.rs-api/2.1.1/javax.ws.rs-api-2.1.1.jar:/home/runner/.m2/repository/org/apache/kafka/connect-json/3.9.1/connect-json-3.9.1.jar:/home/runner/.m2/repository/com/fasterxml/jackson/datatype/jackson-datatype-jdk8/2.18.2/jackson-datatype-jdk8-2.18.2.jar:/home/runner/.m2/repository/com/fasterxml/jackson/module/jackson-module-afterburner/2.18.2/jackson-module-afterburner-2.18.2.jar:/home/runner/work/apicurio-testing/apicurio-testing/clusters/ci419/namespaces/ksql047/tests/integration/apicurio-registry/utils/kafka/target/apicurio-registry-utils-kafka-3.0.12-SNAPSHOT.jar:/home/runner/.m2/repository/org/apache/pulsar/pulsar-client/3.3.8/pulsar-client-3.3.8.jar:/home/runner/.m2/repository/org/apache/pulsar/pulsar-client-api/3.3.8/pulsar-client-api-3.3.8.jar:/home/runner/.m2/repository/org/apache/pulsar/pulsar-client-admin-api/3.3.8/pulsar-client-admin-api-3.3.8.jar:/home/runner/.m2/repository/org/apache/pulsar/bouncy-castle-bc/3.3.8/bouncy-castle-bc-3.3.8-pkg.jar:/home/runner/.m2/repository/org/bouncycastle/bcpkix-jdk18on/1.81/bcpkix-jdk18on-1.81.jar:/home/runner/.m2/repository/org/bouncycastle/bcutil-jdk18on/1.81/bcutil-jdk18on-1.81.jar:/home/runner/.m2/repository/org/bouncycastle/bcprov-jdk18on/1.81/bcprov-jdk18on-1.81.jar:/home/runner/.m2/repository/io/opentelemetry/opentelemetry-api/1.44.1/opentelemetry-api-1.44.1.jar:/home/runner/.m2/repository/io/opentelemetry/opentelemetry-context/1.44.1/opentelemetry-context-1.44.1.jar:/home/runner/.m2/repository/io/opentelemetry/opentelemetry-api-incubator/1.44.1-alpha/opentelemetry-api-incubator-1.44.1-alpha.jar:/home/runner/.m2/repository/com/fasterxml/jackson/core/jackson-annotations/2.18.2/jackson-annotations-2.18.2.jar:/home/runner/.m2/repository/javax/validation/validation-api/1.1.0.Final/validation-api-1.1.0.Final.jar:/home/runner/.m2/repository/org/jspecify/jspecify/1.0.0/jspecify-1.0.0.jar:/home/runner/.m2/repository/org/apache/commons/commons-configuration2/2.12.0/commons-configuration2-2.12.0.jar:/home/runner/.m2/repository/commons-logging/commons-logging/1.3.5/commons-logging-1.3.5.jar:/home/runner/.m2/repository/org/apache/commons/commons-text/1.13.0/commons-text-1.13.0.jar:/home/runner/.m2/repository/io/confluent/kafka-avro-serializer/8.0.0/kafka-avro-serializer-8.0.0.jar:/home/runner/.m2/repository/org/apache/commons/commons-compress/1.27.1/commons-compress-1.27.1.jar:/home/runner/.m2/repository/io/confluent/kafka-schema-serializer/8.0.0/kafka-schema-serializer-8.0.0.jar:/home/runner/.m2/repository/com/fasterxml/jackson/dataformat/jackson-dataformat-csv/2.18.2/jackson-dataformat-csv-2.18.2.jar:/home/runner/.m2/repository/io/confluent/kafka-schema-registry-client/8.0.0/kafka-schema-registry-client-8.0.0.jar:/home/runner/.m2/repository/org/yaml/snakeyaml/2.3/snakeyaml-2.3.jar:/home/runner/.m2/repository/io/swagger/core/v3/swagger-annotations/2.2.29/swagger-annotations-2.2.29.jar:/home/runner/.m2/repository/com/google/guava/guava/33.4.0-jre/guava-33.4.0-jre.jar:/home/runner/.m2/repository/com/google/guava/failureaccess/1.0.1/failureaccess-1.0.1.jar:/home/runner/.m2/repository/org/checkerframework/checker-qual/3.49.0/checker-qual-3.49.0.jar:/home/runner/.m2/repository/io/confluent/logredactor/1.0.13/logredactor-1.0.13.jar:/home/runner/.m2/repository/com/google/re2j/re2j/1.6/re2j-1.6.jar:/home/runner/.m2/repository/io/confluent/logredactor-metrics/1.0.13/logredactor-metrics-1.0.13.jar:/home/runner/.m2/repository/com/eclipsesource/minimal-json/minimal-json/0.9.5/minimal-json-0.9.5.jar:/home/runner/.m2/repository/io/confluent/common-utils/8.0.0/common-utils-8.0.0.jar:/home/runner/.m2/repository/io/confluent/kafka-connect-avro-converter/8.0.0/kafka-connect-avro-converter-8.0.0.jar:/home/runner/.m2/repository/io/confluent/kafka-connect-avro-data/8.0.0/kafka-connect-avro-data-8.0.0.jar:/home/runner/.m2/repository/io/confluent/kafka-schema-converter/8.0.0/kafka-schema-converter-8.0.0.jar:/home/runner/.m2/repository/io/rest-assured/rest-assured/5.5.1/rest-assured-5.5.1.jar:/home/runner/.m2/repository/org/apache/groovy/groovy/4.0.22/groovy-4.0.22.jar:/home/runner/.m2/repository/org/apache/groovy/groovy-xml/4.0.22/groovy-xml-4.0.22.jar:/home/runner/.m2/repository/org/apache/httpcomponents/httpclient/4.5.14/httpclient-4.5.14.jar:/home/runner/.m2/repository/org/apache/httpcomponents/httpcore/4.4.16/httpcore-4.4.16.jar:/home/runner/.m2/repository/org/apache/httpcomponents/httpmime/4.5.14/httpmime-4.5.14.jar:/home/runner/.m2/repository/org/hamcrest/hamcrest/2.2/hamcrest-2.2.jar:/home/runner/.m2/repository/org/ccil/cowan/tagsoup/tagsoup/1.2.1/tagsoup-1.2.1.jar:/home/runner/.m2/repository/io/rest-assured/json-path/5.5.1/json-path-5.5.1.jar:/home/runner/.m2/repository/org/apache/groovy/groovy-json/4.0.22/groovy-json-4.0.22.jar:/home/runner/.m2/repository/io/rest-assured/rest-assured-common/5.5.1/rest-assured-common-5.5.1.jar:/home/runner/.m2/repository/io/rest-assured/xml-path/5.5.1/xml-path-5.5.1.jar:/home/runner/.m2/repository/io/zonky/test/embedded-postgres/2.1.0/embedded-postgres-2.1.0.jar:/home/runner/.m2/repository/io/zonky/test/postgres/embedded-postgres-binaries-windows-amd64/14.15.0/embedded-postgres-binaries-windows-amd64-14.15.0.jar:/home/runner/.m2/repository/io/zonky/test/postgres/embedded-postgres-binaries-darwin-amd64/14.15.0/embedded-postgres-binaries-darwin-amd64-14.15.0.jar:/home/runner/.m2/repository/io/zonky/test/postgres/embedded-postgres-binaries-linux-amd64/14.15.0/embedded-postgres-binaries-linux-amd64-14.15.0.jar:/home/runner/.m2/repository/io/zonky/test/postgres/embedded-postgres-binaries-linux-amd64-alpine/14.15.0/embedded-postgres-binaries-linux-amd64-alpine-14.15.0.jar:/home/runner/.m2/repository/org/apache/commons/commons-lang3/3.17.0/commons-lang3-3.17.0.jar:/home/runner/.m2/repository/org/tukaani/xz/1.10/xz-1.10.jar:/home/runner/.m2/repository/commons-codec/commons-codec/1.19.0/commons-codec-1.19.0.jar:/home/runner/.m2/repository/org/postgresql/postgresql/42.7.7/postgresql-42.7.7.jar:/home/runner/.m2/repository/commons-io/commons-io/2.18.0/commons-io-2.18.0.jar:/home/runner/work/apicurio-testing/apicurio-testing/clusters/ci419/namespaces/ksql047/tests/integration/apicurio-registry/utils/importexport/target/apicurio-registry-utils-import-export-3.0.12-SNAPSHOT.jar:/home/runner/.m2/repository/io/vertx/vertx-core/4.5.16/vertx-core-4.5.16.jar:/home/runner/.m2/repository/io/netty/netty-common/4.1.121.Final/netty-common-4.1.121.Final.jar:/home/runner/.m2/repository/io/netty/netty-buffer/4.1.121.Final/netty-buffer-4.1.121.Final.jar:/home/runner/.m2/repository/io/netty/netty-transport/4.1.121.Final/netty-transport-4.1.121.Final.jar:/home/runner/.m2/repository/io/netty/netty-handler/4.1.121.Final/netty-handler-4.1.121.Final.jar:/home/runner/.m2/repository/io/netty/netty-transport-native-unix-common/4.1.121.Final/netty-transport-native-unix-common-4.1.121.Final.jar:/home/runner/.m2/repository/io/netty/netty-codec/4.1.121.Final/netty-codec-4.1.121.Final.jar:/home/runner/.m2/repository/io/netty/netty-handler-proxy/4.1.121.Final/netty-handler-proxy-4.1.121.Final.jar:/home/runner/.m2/repository/io/netty/netty-codec-socks/4.1.121.Final/netty-codec-socks-4.1.121.Final.jar:/home/runner/.m2/repository/io/netty/netty-codec-http/4.1.121.Final/netty-codec-http-4.1.121.Final.jar:/home/runner/.m2/repository/io/netty/netty-codec-http2/4.1.121.Final/netty-codec-http2-4.1.121.Final.jar:/home/runner/.m2/repository/io/netty/netty-resolver/4.1.121.Final/netty-resolver-4.1.121.Final.jar:/home/runner/.m2/repository/io/netty/netty-resolver-dns/4.1.121.Final/netty-resolver-dns-4.1.121.Final.jar:/home/runner/.m2/repository/io/netty/netty-codec-dns/4.1.121.Final/netty-codec-dns-4.1.121.Final.jar:/home/runner/.m2/repository/com/fasterxml/jackson/core/jackson-core/2.18.2/jackson-core-2.18.2.jar:"/>
    <property name="java.vm.vendor" value="Eclipse Adoptium"/>
    <property name="maven.javadoc.skip" value="true"/>
    <property name="sun.arch.data.model" value="64"/>
    <property name="java.vendor.url" value="https://adoptium.net/"/>
    <property name="user.timezone" value="Etc/UTC"/>
    <property name="os.name" value="Linux"/>
    <property name="java.vm.specification.version" value="17"/>
    <property name="sun.java.launcher" value="SUN_STANDARD"/>
    <property name="quarkus.http.test-port" value="80"/>
    <property name="sun.boot.library.path" value="/usr/lib/jvm/temurin-17-jdk-amd64/lib"/>
    <property name="sun.java.command" value="/home/runner/work/apicurio-testing/apicurio-testing/clusters/ci419/namespaces/ksql047/tests/integration/apicurio-registry/integration-tests/target/surefire/surefirebooter-20250813021819357_3.jar /home/runner/work/apicurio-testing/apicurio-testing/clusters/ci419/namespaces/ksql047/tests/integration/apicurio-registry/integration-tests/target/surefire 2025-08-13T02-18-19_264-jvmRun1 surefire-20250813021819357_1tmp surefire_0-20250813021819357_2tmp"/>
    <property name="maven.home" value="/home/runner/.m2/wrapper/dists/apache-maven-3.9.8-bin/4fnp1ql35bgk2a0p7m31ovbgb0/apache-maven-3.9.8"/>
    <property name="jdk.debug" value="release"/>
    <property name="surefire.test.class.path" value="/home/runner/work/apicurio-testing/apicurio-testing/clusters/ci419/namespaces/ksql047/tests/integration/apicurio-registry/integration-tests/target/test-classes:/home/runner/work/apicurio-testing/apicurio-testing/clusters/ci419/namespaces/ksql047/tests/integration/apicurio-registry/integration-tests/target/apicurio-registry-integration-tests-3.0.12-SNAPSHOT.jar:/home/runner/.m2/repository/io/quarkus/quarkus-junit5/3.20.2/quarkus-junit5-3.20.2.jar:/home/runner/.m2/repository/io/quarkus/quarkus-bootstrap-core/3.20.2/quarkus-bootstrap-core-3.20.2.jar:/home/runner/.m2/repository/io/quarkus/quarkus-classloader-commons/3.20.2/quarkus-classloader-commons-3.20.2.jar:/home/runner/.m2/repository/io/quarkus/quarkus-bootstrap-app-model/3.20.2/quarkus-bootstrap-app-model-3.20.2.jar:/home/runner/.m2/repository/io/smallrye/common/smallrye-common-io/2.12.0/smallrye-common-io-2.12.0.jar:/home/runner/.m2/repository/org/eclipse/sisu/org.eclipse.sisu.inject/0.9.0.M3/org.eclipse.sisu.inject-0.9.0.M3.jar:/home/runner/.m2/repository/io/quarkus/quarkus-test-common/3.20.2/quarkus-test-common-3.20.2.jar:/home/runner/.m2/repository/io/quarkus/quarkus-core-deployment/3.20.2/quarkus-core-deployment-3.20.2.jar:/home/runner/.m2/repository/org/aesh/readline/2.6/readline-2.6.jar:/home/runner/.m2/repository/org/fusesource/jansi/jansi/2.4.0/jansi-2.4.0.jar:/home/runner/.m2/repository/org/aesh/aesh/2.8.2/aesh-2.8.2.jar:/home/runner/.m2/repository/io/quarkus/gizmo/gizmo/1.8.0/gizmo-1.8.0.jar:/home/runner/.m2/repository/org/ow2/asm/asm-util/9.7.1/asm-util-9.7.1.jar:/home/runner/.m2/repository/org/ow2/asm/asm-analysis/9.7.1/asm-analysis-9.7.1.jar:/home/runner/.m2/repository/org/ow2/asm/asm-commons/9.7.1/asm-commons-9.7.1.jar:/home/runner/.m2/repository/org/ow2/asm/asm-tree/9.7.1/asm-tree-9.7.1.jar:/home/runner/.m2/repository/io/quarkus/quarkus-hibernate-validator-spi/3.20.2/quarkus-hibernate-validator-spi-3.20.2.jar:/home/runner/.m2/repository/io/quarkus/quarkus-class-change-agent/3.20.2/quarkus-class-change-agent-3.20.2.jar:/home/runner/.m2/repository/io/quarkus/quarkus-devtools-utilities/3.20.2/quarkus-devtools-utilities-3.20.2.jar:/home/runner/.m2/repository/io/quarkus/quarkus-builder/3.20.2/quarkus-builder-3.20.2.jar:/home/runner/.m2/repository/org/graalvm/sdk/nativeimage/23.1.2/nativeimage-23.1.2.jar:/home/runner/.m2/repository/org/graalvm/sdk/word/23.1.2/word-23.1.2.jar:/home/runner/.m2/repository/io/quarkus/quarkus-bootstrap-maven-resolver/3.20.2/quarkus-bootstrap-maven-resolver-3.20.2.jar:/home/runner/.m2/repository/io/smallrye/beanbag/smallrye-beanbag-maven/1.5.2/smallrye-beanbag-maven-1.5.2.jar:/home/runner/.m2/repository/io/smallrye/beanbag/smallrye-beanbag-sisu/1.5.2/smallrye-beanbag-sisu-1.5.2.jar:/home/runner/.m2/repository/io/smallrye/beanbag/smallrye-beanbag/1.5.2/smallrye-beanbag-1.5.2.jar:/home/runner/.m2/repository/javax/inject/javax.inject/1/javax.inject-1.jar:/home/runner/.m2/repository/org/apache/maven/maven-artifact/3.9.9/maven-artifact-3.9.9.jar:/home/runner/.m2/repository/org/apache/maven/maven-builder-support/3.9.9/maven-builder-support-3.9.9.jar:/home/runner/.m2/repository/org/apache/maven/maven-model/3.9.9/maven-model-3.9.9.jar:/home/runner/.m2/repository/org/apache/maven/maven-model-builder/3.9.9/maven-model-builder-3.9.9.jar:/home/runner/.m2/repository/org/apache/maven/maven-repository-metadata/3.9.9/maven-repository-metadata-3.9.9.jar:/home/runner/.m2/repository/org/apache/maven/maven-settings/3.9.9/maven-settings-3.9.9.jar:/home/runner/.m2/repository/org/apache/maven/resolver/maven-resolver-api/1.9.22/maven-resolver-api-1.9.22.jar:/home/runner/.m2/repository/org/apache/maven/resolver/maven-resolver-impl/1.9.22/maven-resolver-impl-1.9.22.jar:/home/runner/.m2/repository/org/apache/maven/resolver/maven-resolver-named-locks/1.9.22/maven-resolver-named-locks-1.9.22.jar:/home/runner/.m2/repository/org/apache/maven/resolver/maven-resolver-spi/1.9.22/maven-resolver-spi-1.9.22.jar:/home/runner/.m2/repository/org/apache/maven/resolver/maven-resolver-util/1.9.22/maven-resolver-util-1.9.22.jar:/home/runner/.m2/repository/org/apache/maven/resolver/maven-resolver-transport-http/1.9.20/maven-resolver-transport-http-1.9.20.jar:/home/runner/.m2/repository/org/apache/maven/wagon/wagon-provider-api/3.5.3/wagon-provider-api-3.5.3.jar:/home/runner/.m2/repository/org/apache/maven/wagon/wagon-http-shared/3.5.3/wagon-http-shared-3.5.3.jar:/home/runner/.m2/repository/org/codehaus/plexus/plexus-interpolation/1.26/plexus-interpolation-1.26.jar:/home/runner/.m2/repository/org/codehaus/plexus/plexus-utils/3.5.1/plexus-utils-3.5.1.jar:/home/runner/.m2/repository/org/codehaus/plexus/plexus-xml/4.0.1/plexus-xml-4.0.1.jar:/home/runner/.m2/repository/org/apache/maven/maven-xml-impl/4.0.0-alpha-5/maven-xml-impl-4.0.0-alpha-5.jar:/home/runner/.m2/repository/org/apache/maven/maven-api-xml/4.0.0-alpha-5/maven-api-xml-4.0.0-alpha-5.jar:/home/runner/.m2/repository/org/apache/maven/maven-api-meta/4.0.0-alpha-5/maven-api-meta-4.0.0-alpha-5.jar:/home/runner/.m2/repository/org/codehaus/plexus/plexus-cipher/2.0/plexus-cipher-2.0.jar:/home/runner/.m2/repository/org/codehaus/plexus/plexus-sec-dispatcher/2.0/plexus-sec-dispatcher-2.0.jar:/home/runner/.m2/repository/org/apache/maven/maven-embedder/3.9.9/maven-embedder-3.9.9.jar:/home/runner/.m2/repository/org/apache/maven/maven-core/3.9.9/maven-core-3.9.9.jar:/home/runner/.m2/repository/org/codehaus/plexus/plexus-component-annotations/2.1.0/plexus-component-annotations-2.1.0.jar:/home/runner/.m2/repository/org/apache/maven/maven-plugin-api/3.9.9/maven-plugin-api-3.9.9.jar:/home/runner/.m2/repository/org/apache/maven/shared/maven-shared-utils/3.4.2/maven-shared-utils-3.4.2.jar:/home/runner/.m2/repository/com/google/inject/guice/5.1.0/guice-5.1.0.jar:/home/runner/.m2/repository/aopalliance/aopalliance/1.0/aopalliance-1.0.jar:/home/runner/.m2/repository/org/codehaus/plexus/plexus-classworlds/2.6.0/plexus-classworlds-2.6.0.jar:/home/runner/.m2/repository/commons-cli/commons-cli/1.8.0/commons-cli-1.8.0.jar:/home/runner/.m2/repository/org/eclipse/sisu/org.eclipse.sisu.plexus/0.9.0.M3/org.eclipse.sisu.plexus-0.9.0.M3.jar:/home/runner/.m2/repository/org/apache/maven/maven-settings-builder/3.9.9/maven-settings-builder-3.9.9.jar:/home/runner/.m2/repository/org/apache/maven/maven-resolver-provider/3.9.9/maven-resolver-provider-3.9.9.jar:/home/runner/.m2/repository/org/apache/maven/resolver/maven-resolver-connector-basic/1.9.22/maven-resolver-connector-basic-1.9.22.jar:/home/runner/.m2/repository/org/apache/maven/resolver/maven-resolver-transport-wagon/1.9.22/maven-resolver-transport-wagon-1.9.22.jar:/home/runner/.m2/repository/org/apache/maven/wagon/wagon-http/3.5.3/wagon-http-3.5.3.jar:/home/runner/.m2/repository/org/apache/maven/wagon/wagon-file/3.5.3/wagon-file-3.5.3.jar:/home/runner/.m2/repository/io/quarkus/quarkus-bootstrap-gradle-resolver/3.20.2/quarkus-bootstrap-gradle-resolver-3.20.2.jar:/home/runner/.m2/repository/io/smallrye/jandex/3.3.0/jandex-3.3.0.jar:/home/runner/.m2/repository/org/jboss/logging/commons-logging-jboss-logging/1.0.0.Final/commons-logging-jboss-logging-1.0.0.Final.jar:/home/runner/.m2/repository/io/quarkus/quarkus-junit5-config/3.20.2/quarkus-junit5-config-3.20.2.jar:/home/runner/.m2/repository/org/junit/jupiter/junit-jupiter-api/5.12.1/junit-jupiter-api-5.12.1.jar:/home/runner/.m2/repository/io/smallrye/config/smallrye-config/3.11.4/smallrye-config-3.11.4.jar:/home/runner/.m2/repository/io/smallrye/config/smallrye-config-core/3.11.4/smallrye-config-core-3.11.4.jar:/home/runner/.m2/repository/io/smallrye/common/smallrye-common-classloader/2.12.0/smallrye-common-classloader-2.12.0.jar:/home/runner/.m2/repository/io/smallrye/config/smallrye-config-common/3.11.4/smallrye-config-common-3.11.4.jar:/home/runner/.m2/repository/org/junit/jupiter/junit-jupiter/5.12.1/junit-jupiter-5.12.1.jar:/home/runner/.m2/repository/org/junit/jupiter/junit-jupiter-params/5.12.1/junit-jupiter-params-5.12.1.jar:/home/runner/.m2/repository/org/junit/jupiter/junit-jupiter-engine/5.12.1/junit-jupiter-engine-5.12.1.jar:/home/runner/.m2/repository/io/quarkus/quarkus-core/3.20.2/quarkus-core-3.20.2.jar:/home/runner/.m2/repository/jakarta/enterprise/jakarta.enterprise.cdi-api/4.1.0/jakarta.enterprise.cdi-api-4.1.0.jar:/home/runner/.m2/repository/jakarta/enterprise/jakarta.enterprise.lang-model/4.1.0/jakarta.enterprise.lang-model-4.1.0.jar:/home/runner/.m2/repository/jakarta/el/jakarta.el-api/5.0.1/jakarta.el-api-5.0.1.jar:/home/runner/.m2/repository/jakarta/interceptor/jakarta.interceptor-api/2.2.0/jakarta.interceptor-api-2.2.0.jar:/home/runner/.m2/repository/jakarta/inject/jakarta.inject-api/2.0.1/jakarta.inject-api-2.0.1.jar:/home/runner/.m2/repository/io/smallrye/common/smallrye-common-os/2.12.0/smallrye-common-os-2.12.0.jar:/home/runner/.m2/repository/io/quarkus/quarkus-ide-launcher/3.20.2/quarkus-ide-launcher-3.20.2.jar:/home/runner/.m2/repository/io/quarkus/quarkus-development-mode-spi/3.20.2/quarkus-development-mode-spi-3.20.2.jar:/home/runner/.m2/repository/org/jboss/logging/jboss-logging/3.6.1.Final/jboss-logging-3.6.1.Final.jar:/home/runner/.m2/repository/org/jboss/logmanager/jboss-logmanager/3.1.2.Final/jboss-logmanager-3.1.2.Final.jar:/home/runner/.m2/repository/io/smallrye/common/smallrye-common-constraint/2.12.0/smallrye-common-constraint-2.12.0.jar:/home/runner/.m2/repository/io/smallrye/common/smallrye-common-cpu/2.12.0/smallrye-common-cpu-2.12.0.jar:/home/runner/.m2/repository/io/smallrye/common/smallrye-common-expression/2.12.0/smallrye-common-expression-2.12.0.jar:/home/runner/.m2/repository/io/smallrye/common/smallrye-common-net/2.12.0/smallrye-common-net-2.12.0.jar:/home/runner/.m2/repository/io/smallrye/common/smallrye-common-ref/2.12.0/smallrye-common-ref-2.12.0.jar:/home/runner/.m2/repository/jakarta/json/jakarta.json-api/2.1.3/jakarta.json-api-2.1.3.jar:/home/runner/.m2/repository/org/eclipse/parsson/parsson/1.1.7/parsson-1.1.7.jar:/home/runner/.m2/repository/org/jboss/logging/jboss-logging-annotations/3.0.4.Final/jboss-logging-annotations-3.0.4.Final.jar:/home/runner/.m2/repository/org/jboss/threads/jboss-threads/3.8.0.Final/jboss-threads-3.8.0.Final.jar:/home/runner/.m2/repository/io/smallrye/common/smallrye-common-annotation/2.12.0/smallrye-common-annotation-2.12.0.jar:/home/runner/.m2/repository/io/smallrye/common/smallrye-common-function/2.12.0/smallrye-common-function-2.12.0.jar:/home/runner/.m2/repository/org/jboss/slf4j/slf4j-jboss-logmanager/2.0.0.Final/slf4j-jboss-logmanager-2.0.0.Final.jar:/home/runner/.m2/repository/org/wildfly/common/wildfly-common/2.0.1/wildfly-common-2.0.1.jar:/home/runner/.m2/repository/io/quarkus/quarkus-bootstrap-runner/3.20.2/quarkus-bootstrap-runner-3.20.2.jar:/home/runner/.m2/repository/io/github/crac/org-crac/0.1.3/org-crac-0.1.3.jar:/home/runner/.m2/repository/io/quarkus/quarkus-fs-util/0.0.10/quarkus-fs-util-0.0.10.jar:/home/runner/.m2/repository/org/jboss/marshalling/jboss-marshalling/2.2.2.Final/jboss-marshalling-2.2.2.Final.jar:/home/runner/.m2/repository/io/fabric8/kubernetes-client/7.1.0/kubernetes-client-7.1.0.jar:/home/runner/.m2/repository/io/fabric8/kubernetes-client-api/7.1.0/kubernetes-client-api-7.1.0.jar:/home/runner/.m2/repository/io/fabric8/kubernetes-model-core/7.1.0/kubernetes-model-core-7.1.0.jar:/home/runner/.m2/repository/io/fabric8/kubernetes-model-common/7.1.0/kubernetes-model-common-7.1.0.jar:/home/runner/.m2/repository/javax/annotation/javax.annotation-api/1.3.2/javax.annotation-api-1.3.2.jar:/home/runner/.m2/repository/io/fabric8/kubernetes-model-gatewayapi/7.1.0/kubernetes-model-gatewayapi-7.1.0.jar:/home/runner/.m2/repository/io/fabric8/kubernetes-model-resource/7.1.0/kubernetes-model-resource-7.1.0.jar:/home/runner/.m2/repository/io/fabric8/kubernetes-model-rbac/7.1.0/kubernetes-model-rbac-7.1.0.jar:/home/runner/.m2/repository/io/fabric8/kubernetes-model-admissionregistration/7.1.0/kubernetes-model-admissionregistration-7.1.0.jar:/home/runner/.m2/repository/io/fabric8/kubernetes-model-apps/7.1.0/kubernetes-model-apps-7.1.0.jar:/home/runner/.m2/repository/io/fabric8/kubernetes-model-autoscaling/7.1.0/kubernetes-model-autoscaling-7.1.0.jar:/home/runner/.m2/repository/io/fabric8/kubernetes-model-apiextensions/7.1.0/kubernetes-model-apiextensions-7.1.0.jar:/home/runner/.m2/repository/io/fabric8/kubernetes-model-batch/7.1.0/kubernetes-model-batch-7.1.0.jar:/home/runner/.m2/repository/io/fabric8/kubernetes-model-certificates/7.1.0/kubernetes-model-certificates-7.1.0.jar:/home/runner/.m2/repository/io/fabric8/kubernetes-model-coordination/7.1.0/kubernetes-model-coordination-7.1.0.jar:/home/runner/.m2/repository/io/fabric8/kubernetes-model-discovery/7.1.0/kubernetes-model-discovery-7.1.0.jar:/home/runner/.m2/repository/io/fabric8/kubernetes-model-events/7.1.0/kubernetes-model-events-7.1.0.jar:/home/runner/.m2/repository/io/fabric8/kubernetes-model-extensions/7.1.0/kubernetes-model-extensions-7.1.0.jar:/home/runner/.m2/repository/io/fabric8/kubernetes-model-flowcontrol/7.1.0/kubernetes-model-flowcontrol-7.1.0.jar:/home/runner/.m2/repository/io/fabric8/kubernetes-model-networking/7.1.0/kubernetes-model-networking-7.1.0.jar:/home/runner/.m2/repository/io/fabric8/kubernetes-model-metrics/7.1.0/kubernetes-model-metrics-7.1.0.jar:/home/runner/.m2/repository/io/fabric8/kubernetes-model-policy/7.1.0/kubernetes-model-policy-7.1.0.jar:/home/runner/.m2/repository/io/fabric8/kubernetes-model-scheduling/7.1.0/kubernetes-model-scheduling-7.1.0.jar:/home/runner/.m2/repository/io/fabric8/kubernetes-model-storageclass/7.1.0/kubernetes-model-storageclass-7.1.0.jar:/home/runner/.m2/repository/io/fabric8/kubernetes-model-node/7.1.0/kubernetes-model-node-7.1.0.jar:/home/runner/.m2/repository/org/snakeyaml/snakeyaml-engine/2.9/snakeyaml-engine-2.9.jar:/home/runner/.m2/repository/com/fasterxml/jackson/dataformat/jackson-dataformat-yaml/2.18.2/jackson-dataformat-yaml-2.18.2.jar:/home/runner/.m2/repository/com/fasterxml/jackson/datatype/jackson-datatype-jsr310/2.18.2/jackson-datatype-jsr310-2.18.2.jar:/home/runner/.m2/repository/io/fabric8/zjsonpatch/7.1.0/zjsonpatch-7.1.0.jar:/home/runner/.m2/repository/io/fabric8/kubernetes-httpclient-vertx/7.1.0/kubernetes-httpclient-vertx-7.1.0.jar:/home/runner/.m2/repository/io/vertx/vertx-web-client/4.5.16/vertx-web-client-4.5.16.jar:/home/runner/.m2/repository/io/vertx/vertx-web-common/4.5.16/vertx-web-common-4.5.16.jar:/home/runner/.m2/repository/io/vertx/vertx-auth-common/4.5.16/vertx-auth-common-4.5.16.jar:/home/runner/.m2/repository/io/vertx/vertx-uri-template/4.5.16/vertx-uri-template-4.5.16.jar:/home/runner/.m2/repository/io/fabric8/openshift-client/7.1.0/openshift-client-7.1.0.jar:/home/runner/.m2/repository/io/fabric8/openshift-client-api/7.1.0/openshift-client-api-7.1.0.jar:/home/runner/.m2/repository/io/fabric8/openshift-model/7.1.0/openshift-model-7.1.0.jar:/home/runner/.m2/repository/io/fabric8/openshift-model-autoscaling/7.1.0/openshift-model-autoscaling-7.1.0.jar:/home/runner/.m2/repository/io/fabric8/openshift-model-operator/7.1.0/openshift-model-operator-7.1.0.jar:/home/runner/.m2/repository/io/fabric8/openshift-model-operatorhub/7.1.0/openshift-model-operatorhub-7.1.0.jar:/home/runner/.m2/repository/io/fabric8/openshift-model-machine/7.1.0/openshift-model-machine-7.1.0.jar:/home/runner/.m2/repository/io/fabric8/openshift-model-whereabouts/7.1.0/openshift-model-whereabouts-7.1.0.jar:/home/runner/.m2/repository/io/fabric8/openshift-model-monitoring/7.1.0/openshift-model-monitoring-7.1.0.jar:/home/runner/.m2/repository/io/fabric8/openshift-model-storageversionmigrator/7.1.0/openshift-model-storageversionmigrator-7.1.0.jar:/home/runner/.m2/repository/io/fabric8/openshift-model-tuned/7.1.0/openshift-model-tuned-7.1.0.jar:/home/runner/.m2/repository/io/fabric8/openshift-model-console/7.1.0/openshift-model-console-7.1.0.jar:/home/runner/.m2/repository/io/fabric8/openshift-model-config/7.1.0/openshift-model-config-7.1.0.jar:/home/runner/.m2/repository/io/fabric8/openshift-model-machineconfiguration/7.1.0/openshift-model-machineconfiguration-7.1.0.jar:/home/runner/.m2/repository/io/fabric8/openshift-model-miscellaneous/7.1.0/openshift-model-miscellaneous-7.1.0.jar:/home/runner/.m2/repository/io/fabric8/openshift-model-hive/7.1.0/openshift-model-hive-7.1.0.jar:/home/runner/.m2/repository/io/fabric8/openshift-model-installer/7.1.0/openshift-model-installer-7.1.0.jar:/home/runner/.m2/repository/org/junit/platform/junit-platform-launcher/1.12.1/junit-platform-launcher-1.12.1.jar:/home/runner/.m2/repository/org/junit/platform/junit-platform-engine/1.12.1/junit-platform-engine-1.12.1.jar:/home/runner/.m2/repository/org/opentest4j/opentest4j/1.3.0/opentest4j-1.3.0.jar:/home/runner/.m2/repository/org/junit/platform/junit-platform-commons/1.12.1/junit-platform-commons-1.12.1.jar:/home/runner/.m2/repository/org/apiguardian/apiguardian-api/1.1.2/apiguardian-api-1.1.2.jar:/home/runner/.m2/repository/jakarta/ws/rs/jakarta.ws.rs-api/3.1.0/jakarta.ws.rs-api-3.1.0.jar:/home/runner/work/apicurio-testing/apicurio-testing/clusters/ci419/namespaces/ksql047/tests/integration/apicurio-registry/java-sdk/target/apicurio-registry-java-sdk-3.0.12-SNAPSHOT.jar:/home/runner/.m2/repository/com/microsoft/kiota/microsoft-kiota-abstractions/1.8.9/microsoft-kiota-abstractions-1.8.9.jar:/home/runner/.m2/repository/io/github/std-uritemplate/std-uritemplate/2.0.0/std-uritemplate-2.0.0.jar:/home/runner/.m2/repository/io/kiota/kiota-http-jdk/0.0.29/kiota-http-jdk-0.0.29.jar:/home/runner/.m2/repository/io/kiota/kiota-http-vertx/0.0.29/kiota-http-vertx-0.0.29.jar:/home/runner/.m2/repository/io/kiota/kiota-serialization-jackson/0.0.29/kiota-serialization-jackson-0.0.29.jar:/home/runner/.m2/repository/com/microsoft/kiota/microsoft-kiota-serialization-text/1.8.9/microsoft-kiota-serialization-text-1.8.9.jar:/home/runner/.m2/repository/com/microsoft/kiota/microsoft-kiota-serialization-form/1.8.9/microsoft-kiota-serialization-form-1.8.9.jar:/home/runner/.m2/repository/com/microsoft/kiota/microsoft-kiota-serialization-multipart/1.8.9/microsoft-kiota-serialization-multipart-1.8.9.jar:/home/runner/.m2/repository/jakarta/annotation/jakarta.annotation-api/3.0.0/jakarta.annotation-api-3.0.0.jar:/home/runner/.m2/repository/io/vertx/vertx-auth-oauth2/4.5.16/vertx-auth-oauth2-4.5.16.jar:/home/runner/work/apicurio-testing/apicurio-testing/clusters/ci419/namespaces/ksql047/tests/integration/apicurio-registry/java-sdk-v2/target/apicurio-registry-v2-java-sdk-3.0.12-SNAPSHOT.jar:/home/runner/work/apicurio-testing/apicurio-testing/clusters/ci419/namespaces/ksql047/tests/integration/apicurio-registry/utils/kafka/target/apicurio-registry-utils-kafka-3.0.12-SNAPSHOT-tests.jar:/home/runner/.m2/repository/org/eclipse/microprofile/config/microprofile-config-api/3.1/microprofile-config-api-3.1.jar:/home/runner/.m2/repository/org/apache/kafka/kafka-clients/3.9.1/kafka-clients-3.9.1.jar:/home/runner/.m2/repository/com/github/luben/zstd-jni/1.5.6-4/zstd-jni-1.5.6-4.jar:/home/runner/.m2/repository/org/lz4/lz4-java/1.8.0/lz4-java-1.8.0.jar:/home/runner/.m2/repository/org/xerial/snappy/snappy-java/1.1.10.5/snappy-java-1.1.10.5.jar:/home/runner/.m2/repository/org/slf4j/slf4j-api/2.0.6/slf4j-api-2.0.6.jar:/home/runner/work/apicurio-testing/apicurio-testing/clusters/ci419/namespaces/ksql047/tests/integration/apicurio-registry/utils/tests/target/apicurio-registry-utils-tests-3.0.12-SNAPSHOT.jar:/home/runner/work/apicurio-testing/apicurio-testing/clusters/ci419/namespaces/ksql047/tests/integration/apicurio-registry/common/target/apicurio-registry-common-3.0.12-SNAPSHOT.jar:/home/runner/.m2/repository/jakarta/validation/jakarta.validation-api/3.0.2/jakarta.validation-api-3.0.2.jar:/home/runner/.m2/repository/com/github/dasniko/testcontainers-keycloak/3.8.0/testcontainers-keycloak-3.8.0.jar:/home/runner/.m2/repository/org/testcontainers/testcontainers/1.20.6/testcontainers-1.20.6.jar:/home/runner/.m2/repository/org/rnorth/duct-tape/duct-tape/1.0.8/duct-tape-1.0.8.jar:/home/runner/.m2/repository/com/github/docker-java/docker-java-transport-zerodep/3.4.1/docker-java-transport-zerodep-3.4.1.jar:/home/runner/.m2/repository/com/github/docker-java/docker-java-transport/3.4.1/docker-java-transport-3.4.1.jar:/home/runner/.m2/repository/net/java/dev/jna/jna/5.8.0/jna-5.8.0.jar:/home/runner/.m2/repository/io/quarkus/quarkus-junit4-mock/3.20.2/quarkus-junit4-mock-3.20.2.jar:/home/runner/.m2/repository/org/jboss/shrinkwrap/shrinkwrap-api/2.0.0-beta-2/shrinkwrap-api-2.0.0-beta-2.jar:/home/runner/.m2/repository/org/jboss/shrinkwrap/shrinkwrap-impl-base/2.0.0-beta-2/shrinkwrap-impl-base-2.0.0-beta-2.jar:/home/runner/.m2/repository/org/jboss/shrinkwrap/shrinkwrap-spi/2.0.0-beta-2/shrinkwrap-spi-2.0.0-beta-2.jar:/home/runner/.m2/repository/org/keycloak/keycloak-admin-client/26.0.4/keycloak-admin-client-26.0.4.jar:/home/runner/.m2/repository/org/keycloak/keycloak-client-common-synced/26.0.4/keycloak-client-common-synced-26.0.4.jar:/home/runner/.m2/repository/jakarta/activation/jakarta.activation-api/2.1.3/jakarta.activation-api-2.1.3.jar:/home/runner/.m2/repository/org/eclipse/microprofile/openapi/microprofile-openapi-api/4.0.2/microprofile-openapi-api-4.0.2.jar:/home/runner/.m2/repository/org/jboss/resteasy/resteasy-client/6.2.12.Final/resteasy-client-6.2.12.Final.jar:/home/runner/.m2/repository/org/jboss/resteasy/resteasy-client-api/6.2.12.Final/resteasy-client-api-6.2.12.Final.jar:/home/runner/.m2/repository/org/jboss/resteasy/resteasy-core-spi/6.2.12.Final/resteasy-core-spi-6.2.12.Final.jar:/home/runner/.m2/repository/org/jboss/resteasy/resteasy-core/6.2.12.Final/resteasy-core-6.2.12.Final.jar:/home/runner/.m2/repository/org/eclipse/angus/angus-activation/2.0.2/angus-activation-2.0.2.jar:/home/runner/.m2/repository/com/ibm/async/asyncutil/0.1.0/asyncutil-0.1.0.jar:/home/runner/.m2/repository/org/reactivestreams/reactive-streams/1.0.4/reactive-streams-1.0.4.jar:/home/runner/.m2/repository/org/jboss/resteasy/resteasy-multipart-provider/6.2.12.Final/resteasy-multipart-provider-6.2.12.Final.jar:/home/runner/.m2/repository/jakarta/mail/jakarta.mail-api/2.1.3/jakarta.mail-api-2.1.3.jar:/home/runner/.m2/repository/org/eclipse/angus/angus-mail/2.0.3/angus-mail-2.0.3.jar:/home/runner/.m2/repository/org/apache/james/apache-mime4j-dom/0.8.12/apache-mime4j-dom-0.8.12.jar:/home/runner/.m2/repository/org/apache/james/apache-mime4j-core/0.8.12/apache-mime4j-core-0.8.12.jar:/home/runner/.m2/repository/org/apache/james/apache-mime4j-storage/0.8.12/apache-mime4j-storage-0.8.12.jar:/home/runner/.m2/repository/org/jboss/resteasy/resteasy-jackson2-provider/6.2.12.Final/resteasy-jackson2-provider-6.2.12.Final.jar:/home/runner/.m2/repository/com/fasterxml/jackson/jakarta/rs/jackson-jakarta-rs-base/2.18.2/jackson-jakarta-rs-base-2.18.2.jar:/home/runner/.m2/repository/com/fasterxml/jackson/jakarta/rs/jackson-jakarta-rs-json-provider/2.18.2/jackson-jakarta-rs-json-provider-2.18.2.jar:/home/runner/.m2/repository/com/fasterxml/jackson/module/jackson-module-jakarta-xmlbind-annotations/2.18.2/jackson-module-jakarta-xmlbind-annotations-2.18.2.jar:/home/runner/.m2/repository/com/github/java-json-tools/json-patch/1.13/json-patch-1.13.jar:/home/runner/.m2/repository/com/github/java-json-tools/msg-simple/1.2/msg-simple-1.2.jar:/home/runner/.m2/repository/com/github/java-json-tools/btf/1.3/btf-1.3.jar:/home/runner/.m2/repository/com/github/java-json-tools/jackson-coreutils/2.0/jackson-coreutils-2.0.jar:/home/runner/.m2/repository/org/jboss/resteasy/resteasy-jaxb-provider/6.2.12.Final/resteasy-jaxb-provider-6.2.12.Final.jar:/home/runner/.m2/repository/org/glassfish/jaxb/codemodel/4.0.5/codemodel-4.0.5.jar:/home/runner/.m2/repository/org/glassfish/jaxb/jaxb-core/4.0.5/jaxb-core-4.0.5.jar:/home/runner/.m2/repository/org/glassfish/jaxb/jaxb-jxc/4.0.5/jaxb-jxc-4.0.5.jar:/home/runner/.m2/repository/org/glassfish/jaxb/jaxb-runtime/4.0.5/jaxb-runtime-4.0.5.jar:/home/runner/.m2/repository/org/glassfish/jaxb/txw2/4.0.5/txw2-4.0.5.jar:/home/runner/.m2/repository/org/glassfish/jaxb/jaxb-xjc/4.0.5/jaxb-xjc-4.0.5.jar:/home/runner/.m2/repository/org/glassfish/jaxb/xsom/4.0.5/xsom-4.0.5.jar:/home/runner/.m2/repository/com/sun/istack/istack-commons-runtime/4.1.2/istack-commons-runtime-4.1.2.jar:/home/runner/.m2/repository/com/sun/istack/istack-commons-tools/4.1.2/istack-commons-tools-4.1.2.jar:/home/runner/.m2/repository/com/sun/xml/bind/external/relaxng-datatype/4.0.5/relaxng-datatype-4.0.5.jar:/home/runner/.m2/repository/com/sun/xml/bind/external/rngom/4.0.5/rngom-4.0.5.jar:/home/runner/.m2/repository/org/testcontainers/mssqlserver/1.20.6/mssqlserver-1.20.6.jar:/home/runner/.m2/repository/org/testcontainers/jdbc/1.20.6/jdbc-1.20.6.jar:/home/runner/.m2/repository/org/testcontainers/database-commons/1.20.6/database-commons-1.20.6.jar:/home/runner/.m2/repository/org/testcontainers/mysql/1.20.6/mysql-1.20.6.jar:/home/runner/.m2/repository/io/strimzi/strimzi-test-container/0.111.0/strimzi-test-container-0.111.0.jar:/home/runner/.m2/repository/org/testcontainers/toxiproxy/1.20.6/toxiproxy-1.20.6.jar:/home/runner/.m2/repository/com/github/docker-java/docker-java-api/3.4.1/docker-java-api-3.4.1.jar:/home/runner/.m2/repository/org/apache/logging/log4j/log4j-slf4j-impl/2.19.0/log4j-slf4j-impl-2.19.0.jar:/home/runner/.m2/repository/org/apache/logging/log4j/log4j-api/2.24.3/log4j-api-2.24.3.jar:/home/runner/.m2/repository/org/apache/logging/log4j/log4j-core/2.19.0/log4j-core-2.19.0.jar:/home/runner/.m2/repository/eu/rekawek/toxiproxy/toxiproxy-java/2.1.7/toxiproxy-java-2.1.7.jar:/home/runner/.m2/repository/org/testcontainers/pulsar/1.21.3/pulsar-1.21.3.jar:/home/runner/.m2/repository/io/debezium/debezium-testing-testcontainers/2.7.4.Final/debezium-testing-testcontainers-2.7.4.Final.jar:/home/runner/.m2/repository/org/testcontainers/kafka/1.20.6/kafka-1.20.6.jar:/home/runner/.m2/repository/com/squareup/okhttp3/okhttp/4.8.1/okhttp-4.8.1.jar:/home/runner/.m2/repository/com/squareup/okio/okio/3.10.2/okio-3.10.2.jar:/home/runner/.m2/repository/com/squareup/okio/okio-jvm/3.10.2/okio-jvm-3.10.2.jar:/home/runner/.m2/repository/org/jetbrains/kotlin/kotlin-stdlib/2.0.21/kotlin-stdlib-2.0.21.jar:/home/runner/.m2/repository/org/awaitility/awaitility/4.3.0/awaitility-4.3.0.jar:/home/runner/.m2/repository/org/testcontainers/mongodb/1.20.6/mongodb-1.20.6.jar:/home/runner/.m2/repository/org/testcontainers/mariadb/1.20.6/mariadb-1.20.6.jar:/home/runner/.m2/repository/org/testcontainers/oracle-xe/1.20.6/oracle-xe-1.20.6.jar:/home/runner/.m2/repository/org/testcontainers/postgresql/1.20.6/postgresql-1.20.6.jar:/home/runner/.m2/repository/org/wiremock/wiremock/3.0.1/wiremock-3.0.1.jar:/home/runner/.m2/repository/org/eclipse/jetty/jetty-server/11.0.15/jetty-server-11.0.15.jar:/home/runner/.m2/repository/org/eclipse/jetty/toolchain/jetty-jakarta-servlet-api/5.0.2/jetty-jakarta-servlet-api-5.0.2.jar:/home/runner/.m2/repository/org/eclipse/jetty/jetty-http/11.0.15/jetty-http-11.0.15.jar:/home/runner/.m2/repository/org/eclipse/jetty/jetty-io/11.0.15/jetty-io-11.0.15.jar:/home/runner/.m2/repository/org/eclipse/jetty/jetty-servlet/11.0.15/jetty-servlet-11.0.15.jar:/home/runner/.m2/repository/org/eclipse/jetty/jetty-security/11.0.15/jetty-security-11.0.15.jar:/home/runner/.m2/repository/org/eclipse/jetty/jetty-servlets/11.0.15/jetty-servlets-11.0.15.jar:/home/runner/.m2/repository/org/eclipse/jetty/jetty-util/11.0.15/jetty-util-11.0.15.jar:/home/runner/.m2/repository/org/eclipse/jetty/jetty-webapp/11.0.15/jetty-webapp-11.0.15.jar:/home/runner/.m2/repository/org/eclipse/jetty/jetty-xml/11.0.15/jetty-xml-11.0.15.jar:/home/runner/.m2/repository/org/eclipse/jetty/jetty-proxy/11.0.15/jetty-proxy-11.0.15.jar:/home/runner/.m2/repository/org/eclipse/jetty/jetty-client/11.0.15/jetty-client-11.0.15.jar:/home/runner/.m2/repository/org/eclipse/jetty/http2/http2-server/11.0.15/http2-server-11.0.15.jar:/home/runner/.m2/repository/org/eclipse/jetty/http2/http2-common/11.0.15/http2-common-11.0.15.jar:/home/runner/.m2/repository/org/eclipse/jetty/http2/http2-hpack/11.0.15/http2-hpack-11.0.15.jar:/home/runner/.m2/repository/org/eclipse/jetty/jetty-alpn-server/11.0.15/jetty-alpn-server-11.0.15.jar:/home/runner/.m2/repository/org/eclipse/jetty/jetty-alpn-java-server/11.0.15/jetty-alpn-java-server-11.0.15.jar:/home/runner/.m2/repository/org/eclipse/jetty/jetty-alpn-java-client/11.0.15/jetty-alpn-java-client-11.0.15.jar:/home/runner/.m2/repository/org/eclipse/jetty/jetty-alpn-client/11.0.15/jetty-alpn-client-11.0.15.jar:/home/runner/.m2/repository/org/apache/httpcomponents/client5/httpclient5/5.2.1/httpclient5-5.2.1.jar:/home/runner/.m2/repository/org/apache/httpcomponents/core5/httpcore5/5.2/httpcore5-5.2.jar:/home/runner/.m2/repository/org/apache/httpcomponents/core5/httpcore5-h2/5.2/httpcore5-h2-5.2.jar:/home/runner/.m2/repository/org/xmlunit/xmlunit-core/2.9.1/xmlunit-core-2.9.1.jar:/home/runner/.m2/repository/jakarta/xml/bind/jakarta.xml.bind-api/4.0.2/jakarta.xml.bind-api-4.0.2.jar:/home/runner/.m2/repository/org/xmlunit/xmlunit-legacy/2.9.1/xmlunit-legacy-2.9.1.jar:/home/runner/.m2/repository/org/xmlunit/xmlunit-placeholders/2.9.1/xmlunit-placeholders-2.9.1.jar:/home/runner/.m2/repository/net/javacrumbs/json-unit/json-unit-core/2.38.0/json-unit-core-2.38.0.jar:/home/runner/.m2/repository/org/hamcrest/hamcrest-core/2.2/hamcrest-core-2.2.jar:/home/runner/.m2/repository/com/jayway/jsonpath/json-path/2.8.0/json-path-2.8.0.jar:/home/runner/.m2/repository/net/minidev/json-smart/2.4.10/json-smart-2.4.10.jar:/home/runner/.m2/repository/net/minidev/accessors-smart/2.4.9/accessors-smart-2.4.9.jar:/home/runner/.m2/repository/org/ow2/asm/asm/9.7.1/asm-9.7.1.jar:/home/runner/.m2/repository/net/sf/jopt-simple/jopt-simple/5.0.4/jopt-simple-5.0.4.jar:/home/runner/.m2/repository/com/github/jknack/handlebars/4.3.1/handlebars-4.3.1.jar:/home/runner/.m2/repository/com/github/jknack/handlebars-helpers/4.3.1/handlebars-helpers-4.3.1.jar:/home/runner/.m2/repository/commons-fileupload/commons-fileupload/1.5/commons-fileupload-1.5.jar:/home/runner/.m2/repository/com/networknt/json-schema-validator/1.5.8/json-schema-validator-1.5.8.jar:/home/runner/.m2/repository/com/ethlo/time/itu/1.10.3/itu-1.10.3.jar:/home/runner/.m2/repository/io/quarkus/quarkus-smallrye-jwt-build/3.20.2/quarkus-smallrye-jwt-build-3.20.2.jar:/home/runner/.m2/repository/io/smallrye/smallrye-jwt-build/4.6.2/smallrye-jwt-build-4.6.2.jar:/home/runner/.m2/repository/org/eclipse/microprofile/jwt/microprofile-jwt-auth-api/2.1/microprofile-jwt-auth-api-2.1.jar:/home/runner/.m2/repository/org/bitbucket/b_c/jose4j/0.9.6/jose4j-0.9.6.jar:/home/runner/.m2/repository/io/smallrye/smallrye-jwt-common/4.6.2/smallrye-jwt-common-4.6.2.jar:/home/runner/.m2/repository/io/quarkus/quarkus-jsonp/3.20.2/quarkus-jsonp-3.20.2.jar:/home/runner/.m2/repository/io/quarkus/quarkus-arc/3.20.2/quarkus-arc-3.20.2.jar:/home/runner/.m2/repository/io/quarkus/arc/arc/3.20.2/arc-3.20.2.jar:/home/runner/.m2/repository/jakarta/transaction/jakarta.transaction-api/2.0.1/jakarta.transaction-api-2.0.1.jar:/home/runner/.m2/repository/io/smallrye/reactive/mutiny/2.9.2/mutiny-2.9.2.jar:/home/runner/.m2/repository/org/jctools/jctools-core/4.0.5/jctools-core-4.0.5.jar:/home/runner/.m2/repository/org/eclipse/microprofile/context-propagation/microprofile-context-propagation-api/1.3/microprofile-context-propagation-api-1.3.jar:/home/runner/.m2/repository/io/apicurio/apicurio-common-rest-client-common/0.1.18.Final/apicurio-common-rest-client-common-0.1.18.Final.jar:/home/runner/work/apicurio-testing/apicurio-testing/clusters/ci419/namespaces/ksql047/tests/integration/apicurio-registry/utils/maven-plugin/target/apicurio-registry-maven-plugin-3.0.12-SNAPSHOT.jar:/home/runner/.m2/repository/com/fasterxml/jackson/core/jackson-databind/2.18.2/jackson-databind-2.18.2.jar:/home/runner/.m2/repository/org/apache/avro/avro/1.12.0/avro-1.12.0.jar:/home/runner/.m2/repository/com/google/protobuf/protobuf-java/4.31.1/protobuf-java-4.31.1.jar:/home/runner/.m2/repository/com/google/protobuf/protobuf-java-util/4.31.1/protobuf-java-util-4.31.1.jar:/home/runner/.m2/repository/com/google/code/findbugs/jsr305/3.0.2/jsr305-3.0.2.jar:/home/runner/.m2/repository/com/google/code/gson/gson/2.12.1/gson-2.12.1.jar:/home/runner/.m2/repository/com/google/errorprone/error_prone_annotations/2.36.0/error_prone_annotations-2.36.0.jar:/home/runner/.m2/repository/com/google/j2objc/j2objc-annotations/2.8/j2objc-annotations-2.8.jar:/home/runner/work/apicurio-testing/apicurio-testing/clusters/ci419/namespaces/ksql047/tests/integration/apicurio-registry/schema-util/util-provider/target/apicurio-registry-schema-util-provider-3.0.12-SNAPSHOT.jar:/home/runner/work/apicurio-testing/apicurio-testing/clusters/ci419/namespaces/ksql047/tests/integration/apicurio-registry/schema-util/common/target/apicurio-registry-schema-util-common-3.0.12-SNAPSHOT.jar:/home/runner/.m2/repository/com/fasterxml/jackson/module/jackson-module-parameter-names/2.18.2/jackson-module-parameter-names-2.18.2.jar:/home/runner/.m2/repository/com/fasterxml/jackson/datatype/jackson-datatype-json-org/2.18.2/jackson-datatype-json-org-2.18.2.jar:/home/runner/work/apicurio-testing/apicurio-testing/clusters/ci419/namespaces/ksql047/tests/integration/apicurio-registry/schema-util/json/target/apicurio-registry-schema-util-json-3.0.12-SNAPSHOT.jar:/home/runner/.m2/repository/com/github/erosb/everit-json-schema/1.14.5/everit-json-schema-1.14.5.jar:/home/runner/.m2/repository/commons-validator/commons-validator/1.9.0/commons-validator-1.9.0.jar:/home/runner/.m2/repository/commons-digester/commons-digester/2.1/commons-digester-2.1.jar:/home/runner/.m2/repository/commons-collections/commons-collections/3.2.2/commons-collections-3.2.2.jar:/home/runner/.m2/repository/com/damnhandy/handy-uri-templates/2.1.8/handy-uri-templates-2.1.8.jar:/home/runner/.m2/repository/joda-time/joda-time/2.10.2/joda-time-2.10.2.jar:/home/runner/.m2/repository/com/github/erosb/json-sKema/0.20.0/json-sKema-0.20.0.jar:/home/runner/.m2/repository/io/vertx/vertx-json-schema/4.5.16/vertx-json-schema-4.5.16.jar:/home/runner/work/apicurio-testing/apicurio-testing/clusters/ci419/namespaces/ksql047/tests/integration/apicurio-registry/schema-util/protobuf/target/apicurio-registry-schema-util-protobuf-3.0.12-SNAPSHOT.jar:/home/runner/work/apicurio-testing/apicurio-testing/clusters/ci419/namespaces/ksql047/tests/integration/apicurio-registry/utils/protobuf-schema-utilities/target/apicurio-registry-protobuf-schema-utilities-3.0.12-SNAPSHOT.jar:/home/runner/.m2/repository/com/google/api/grpc/proto-google-common-protos/2.52.0/proto-google-common-protos-2.52.0.jar:/home/runner/.m2/repository/com/squareup/wire/wire-schema-jvm/5.3.3/wire-schema-jvm-5.3.3.jar:/home/runner/.m2/repository/com/palantir/javapoet/javapoet/0.6.0/javapoet-0.6.0.jar:/home/runner/.m2/repository/com/squareup/kotlinpoet-jvm/2.0.0/kotlinpoet-jvm-2.0.0.jar:/home/runner/.m2/repository/org/jetbrains/kotlin/kotlin-reflect/2.0.21/kotlin-reflect-2.0.21.jar:/home/runner/.m2/repository/com/squareup/wire/wire-runtime-jvm/5.3.3/wire-runtime-jvm-5.3.3.jar:/home/runner/.m2/repository/com/ibm/icu/icu4j/76.1/icu4j-76.1.jar:/home/runner/.m2/repository/com/squareup/okio/okio-fakefilesystem/3.10.2/okio-fakefilesystem-3.10.2.jar:/home/runner/.m2/repository/com/squareup/okio/okio-fakefilesystem-jvm/3.10.2/okio-fakefilesystem-jvm-3.10.2.jar:/home/runner/.m2/repository/org/jetbrains/kotlinx/kotlinx-datetime-jvm/0.6.1/kotlinx-datetime-jvm-0.6.1.jar:/home/runner/work/apicurio-testing/apicurio-testing/clusters/ci419/namespaces/ksql047/tests/integration/apicurio-registry/schema-util/asyncapi/target/apicurio-registry-schema-util-asyncapi-3.0.12-SNAPSHOT.jar:/home/runner/work/apicurio-testing/apicurio-testing/clusters/ci419/namespaces/ksql047/tests/integration/apicurio-registry/schema-util/avro/target/apicurio-registry-schema-util-avro-3.0.12-SNAPSHOT.jar:/home/runner/work/apicurio-testing/apicurio-testing/clusters/ci419/namespaces/ksql047/tests/integration/apicurio-registry/schema-util/graphql/target/apicurio-registry-schema-util-graphql-3.0.12-SNAPSHOT.jar:/home/runner/.m2/repository/com/graphql-java/graphql-java/22.4/graphql-java-22.4.jar:/home/runner/.m2/repository/com/graphql-java/java-dataloader/3.3.0/java-dataloader-3.3.0.jar:/home/runner/work/apicurio-testing/apicurio-testing/clusters/ci419/namespaces/ksql047/tests/integration/apicurio-registry/schema-util/kconnect/target/apicurio-registry-schema-util-kconnect-3.0.12-SNAPSHOT.jar:/home/runner/work/apicurio-testing/apicurio-testing/clusters/ci419/namespaces/ksql047/tests/integration/apicurio-registry/schema-util/openapi/target/apicurio-registry-schema-util-openapi-3.0.12-SNAPSHOT.jar:/home/runner/.m2/repository/io/apicurio/apicurio-data-models/2.2.2/apicurio-data-models-2.2.2.jar:/home/runner/.m2/repository/org/openapitools/openapidiff/openapi-diff-core/2.1.2/openapi-diff-core-2.1.2.jar:/home/runner/.m2/repository/io/swagger/parser/v3/swagger-parser/2.1.28/swagger-parser-2.1.28.jar:/home/runner/.m2/repository/io/swagger/parser/v3/swagger-parser-v2-converter/2.1.28/swagger-parser-v2-converter-2.1.28.jar:/home/runner/.m2/repository/io/swagger/swagger-core/1.6.16/swagger-core-1.6.16.jar:/home/runner/.m2/repository/io/swagger/swagger-models/1.6.16/swagger-models-1.6.16.jar:/home/runner/.m2/repository/io/swagger/swagger-annotations/1.6.16/swagger-annotations-1.6.16.jar:/home/runner/.m2/repository/io/swagger/swagger-parser/1.0.75/swagger-parser-1.0.75.jar:/home/runner/.m2/repository/io/swagger/swagger-parser-safe-url-resolver/1.0.75/swagger-parser-safe-url-resolver-1.0.75.jar:/home/runner/.m2/repository/io/swagger/swagger-compat-spec-parser/1.0.75/swagger-compat-spec-parser-1.0.75.jar:/home/runner/.m2/repository/com/github/java-json-tools/json-schema-validator/2.2.14/json-schema-validator-2.2.14.jar:/home/runner/.m2/repository/com/github/java-json-tools/jackson-coreutils-equivalence/1.0/jackson-coreutils-equivalence-1.0.jar:/home/runner/.m2/repository/com/github/java-json-tools/json-schema-core/1.2.14/json-schema-core-1.2.14.jar:/home/runner/.m2/repository/com/github/java-json-tools/uri-template/0.10/uri-template-0.10.jar:/home/runner/.m2/repository/com/googlecode/libphonenumber/libphonenumber/8.11.1/libphonenumber-8.11.1.jar:/home/runner/.m2/repository/com/j2html/j2html/1.6.0/j2html-1.6.0.jar:/home/runner/.m2/repository/org/apache/commons/commons-collections4/4.5.0/commons-collections4-4.5.0.jar:/home/runner/.m2/repository/org/slf4j/jcl-over-slf4j/2.0.17/jcl-over-slf4j-2.0.17.jar:/home/runner/.m2/repository/io/swagger/parser/v3/swagger-parser-v3/2.1.31/swagger-parser-v3-2.1.31.jar:/home/runner/.m2/repository/io/swagger/core/v3/swagger-models/2.2.34/swagger-models-2.2.34.jar:/home/runner/.m2/repository/io/swagger/core/v3/swagger-core/2.2.34/swagger-core-2.2.34.jar:/home/runner/.m2/repository/io/swagger/parser/v3/swagger-parser-core/2.1.31/swagger-parser-core-2.1.31.jar:/home/runner/.m2/repository/io/swagger/parser/v3/swagger-parser-safe-url-resolver/2.1.31/swagger-parser-safe-url-resolver-2.1.31.jar:/home/runner/work/apicurio-testing/apicurio-testing/clusters/ci419/namespaces/ksql047/tests/integration/apicurio-registry/schema-util/wsdl/target/apicurio-registry-schema-util-wsdl-3.0.12-SNAPSHOT.jar:/home/runner/.m2/repository/wsdl4j/wsdl4j/1.6.3/wsdl4j-1.6.3.jar:/home/runner/work/apicurio-testing/apicurio-testing/clusters/ci419/namespaces/ksql047/tests/integration/apicurio-registry/schema-util/xml/target/apicurio-registry-schema-util-xml-3.0.12-SNAPSHOT.jar:/home/runner/.m2/repository/org/apache/santuario/xmlsec/4.0.4/xmlsec-4.0.4.jar:/home/runner/.m2/repository/com/fasterxml/woodstox/woodstox-core/7.1.1/woodstox-core-7.1.1.jar:/home/runner/.m2/repository/org/codehaus/woodstox/stax2-api/4.2.2/stax2-api-4.2.2.jar:/home/runner/work/apicurio-testing/apicurio-testing/clusters/ci419/namespaces/ksql047/tests/integration/apicurio-registry/schema-util/xsd/target/apicurio-registry-schema-util-xsd-3.0.12-SNAPSHOT.jar:/home/runner/work/apicurio-testing/apicurio-testing/clusters/ci419/namespaces/ksql047/tests/integration/apicurio-registry/serdes/kafka/jsonschema-serde/target/apicurio-registry-jsonschema-serde-kafka-3.0.12-SNAPSHOT.jar:/home/runner/work/apicurio-testing/apicurio-testing/clusters/ci419/namespaces/ksql047/tests/integration/apicurio-registry/serdes/kafka/serde-kafka-common/target/apicurio-registry-serde-kafka-common-3.0.12-SNAPSHOT.jar:/home/runner/work/apicurio-testing/apicurio-testing/clusters/ci419/namespaces/ksql047/tests/integration/apicurio-registry/serdes/generic/serde-common/target/apicurio-registry-serde-common-3.0.12-SNAPSHOT.jar:/home/runner/work/apicurio-testing/apicurio-testing/clusters/ci419/namespaces/ksql047/tests/integration/apicurio-registry/serdes/generic/serde-common-jsonschema/target/apicurio-registry-serde-common-jsonschema-3.0.12-SNAPSHOT.jar:/home/runner/.m2/repository/org/json/json/20250107/json-20250107.jar:/home/runner/work/apicurio-testing/apicurio-testing/clusters/ci419/namespaces/ksql047/tests/integration/apicurio-registry/serdes/kafka/avro-serde/target/apicurio-registry-avro-serde-kafka-3.0.12-SNAPSHOT.jar:/home/runner/work/apicurio-testing/apicurio-testing/clusters/ci419/namespaces/ksql047/tests/integration/apicurio-registry/serdes/generic/serde-common-avro/target/apicurio-registry-serde-common-avro-3.0.12-SNAPSHOT.jar:/home/runner/work/apicurio-testing/apicurio-testing/clusters/ci419/namespaces/ksql047/tests/integration/apicurio-registry/serdes/kafka/protobuf-serde/target/apicurio-registry-protobuf-serde-kafka-3.0.12-SNAPSHOT.jar:/home/runner/work/apicurio-testing/apicurio-testing/clusters/ci419/namespaces/ksql047/tests/integration/apicurio-registry/serdes/generic/serde-common-protobuf/target/apicurio-registry-serde-common-protobuf-3.0.12-SNAPSHOT.jar:/home/runner/.m2/repository/com/squareup/wire/wire-schema/5.3.3/wire-schema-5.3.3.jar:/home/runner/.m2/repository/com/squareup/wire/wire-runtime/5.3.3/wire-runtime-5.3.3.jar:/home/runner/work/apicurio-testing/apicurio-testing/clusters/ci419/namespaces/ksql047/tests/integration/apicurio-registry/serdes/pulsar/avro-serde/target/apicurio-registry-avro-serde-pulsar-3.0.12-SNAPSHOT.jar:/home/runner/.m2/repository/org/apache/pulsar/pulsar-functions-api/3.3.8/pulsar-functions-api-3.3.8.jar:/home/runner/work/apicurio-testing/apicurio-testing/clusters/ci419/namespaces/ksql047/tests/integration/apicurio-registry/serdes/nats/avro-serde/target/apicurio-registry-avro-serde-nats-3.0.12-SNAPSHOT.jar:/home/runner/.m2/repository/io/nats/jnats/2.21.4/jnats-2.21.4.jar:/home/runner/.m2/repository/org/bouncycastle/bcprov-lts8on/2.73.7/bcprov-lts8on-2.73.7.jar:/home/runner/.m2/repository/org/jetbrains/annotations/26.0.2/annotations-26.0.2.jar:/home/runner/work/apicurio-testing/apicurio-testing/clusters/ci419/namespaces/ksql047/tests/integration/apicurio-registry/utils/converter/target/apicurio-registry-utils-converter-3.0.12-SNAPSHOT.jar:/home/runner/work/apicurio-testing/apicurio-testing/clusters/ci419/namespaces/ksql047/tests/integration/apicurio-registry/schema-resolver/target/apicurio-registry-schema-resolver-3.0.12-SNAPSHOT.jar:/home/runner/.m2/repository/org/apache/kafka/connect-api/3.9.1/connect-api-3.9.1.jar:/home/runner/.m2/repository/javax/ws/rs/javax.ws.rs-api/2.1.1/javax.ws.rs-api-2.1.1.jar:/home/runner/.m2/repository/org/apache/kafka/connect-json/3.9.1/connect-json-3.9.1.jar:/home/runner/.m2/repository/com/fasterxml/jackson/datatype/jackson-datatype-jdk8/2.18.2/jackson-datatype-jdk8-2.18.2.jar:/home/runner/.m2/repository/com/fasterxml/jackson/module/jackson-module-afterburner/2.18.2/jackson-module-afterburner-2.18.2.jar:/home/runner/work/apicurio-testing/apicurio-testing/clusters/ci419/namespaces/ksql047/tests/integration/apicurio-registry/utils/kafka/target/apicurio-registry-utils-kafka-3.0.12-SNAPSHOT.jar:/home/runner/.m2/repository/org/apache/pulsar/pulsar-client/3.3.8/pulsar-client-3.3.8.jar:/home/runner/.m2/repository/org/apache/pulsar/pulsar-client-api/3.3.8/pulsar-client-api-3.3.8.jar:/home/runner/.m2/repository/org/apache/pulsar/pulsar-client-admin-api/3.3.8/pulsar-client-admin-api-3.3.8.jar:/home/runner/.m2/repository/org/apache/pulsar/bouncy-castle-bc/3.3.8/bouncy-castle-bc-3.3.8-pkg.jar:/home/runner/.m2/repository/org/bouncycastle/bcpkix-jdk18on/1.81/bcpkix-jdk18on-1.81.jar:/home/runner/.m2/repository/org/bouncycastle/bcutil-jdk18on/1.81/bcutil-jdk18on-1.81.jar:/home/runner/.m2/repository/org/bouncycastle/bcprov-jdk18on/1.81/bcprov-jdk18on-1.81.jar:/home/runner/.m2/repository/io/opentelemetry/opentelemetry-api/1.44.1/opentelemetry-api-1.44.1.jar:/home/runner/.m2/repository/io/opentelemetry/opentelemetry-context/1.44.1/opentelemetry-context-1.44.1.jar:/home/runner/.m2/repository/io/opentelemetry/opentelemetry-api-incubator/1.44.1-alpha/opentelemetry-api-incubator-1.44.1-alpha.jar:/home/runner/.m2/repository/com/fasterxml/jackson/core/jackson-annotations/2.18.2/jackson-annotations-2.18.2.jar:/home/runner/.m2/repository/javax/validation/validation-api/1.1.0.Final/validation-api-1.1.0.Final.jar:/home/runner/.m2/repository/org/jspecify/jspecify/1.0.0/jspecify-1.0.0.jar:/home/runner/.m2/repository/org/apache/commons/commons-configuration2/2.12.0/commons-configuration2-2.12.0.jar:/home/runner/.m2/repository/commons-logging/commons-logging/1.3.5/commons-logging-1.3.5.jar:/home/runner/.m2/repository/org/apache/commons/commons-text/1.13.0/commons-text-1.13.0.jar:/home/runner/.m2/repository/io/confluent/kafka-avro-serializer/8.0.0/kafka-avro-serializer-8.0.0.jar:/home/runner/.m2/repository/org/apache/commons/commons-compress/1.27.1/commons-compress-1.27.1.jar:/home/runner/.m2/repository/io/confluent/kafka-schema-serializer/8.0.0/kafka-schema-serializer-8.0.0.jar:/home/runner/.m2/repository/com/fasterxml/jackson/dataformat/jackson-dataformat-csv/2.18.2/jackson-dataformat-csv-2.18.2.jar:/home/runner/.m2/repository/io/confluent/kafka-schema-registry-client/8.0.0/kafka-schema-registry-client-8.0.0.jar:/home/runner/.m2/repository/org/yaml/snakeyaml/2.3/snakeyaml-2.3.jar:/home/runner/.m2/repository/io/swagger/core/v3/swagger-annotations/2.2.29/swagger-annotations-2.2.29.jar:/home/runner/.m2/repository/com/google/guava/guava/33.4.0-jre/guava-33.4.0-jre.jar:/home/runner/.m2/repository/com/google/guava/failureaccess/1.0.1/failureaccess-1.0.1.jar:/home/runner/.m2/repository/org/checkerframework/checker-qual/3.49.0/checker-qual-3.49.0.jar:/home/runner/.m2/repository/io/confluent/logredactor/1.0.13/logredactor-1.0.13.jar:/home/runner/.m2/repository/com/google/re2j/re2j/1.6/re2j-1.6.jar:/home/runner/.m2/repository/io/confluent/logredactor-metrics/1.0.13/logredactor-metrics-1.0.13.jar:/home/runner/.m2/repository/com/eclipsesource/minimal-json/minimal-json/0.9.5/minimal-json-0.9.5.jar:/home/runner/.m2/repository/io/confluent/common-utils/8.0.0/common-utils-8.0.0.jar:/home/runner/.m2/repository/io/confluent/kafka-connect-avro-converter/8.0.0/kafka-connect-avro-converter-8.0.0.jar:/home/runner/.m2/repository/io/confluent/kafka-connect-avro-data/8.0.0/kafka-connect-avro-data-8.0.0.jar:/home/runner/.m2/repository/io/confluent/kafka-schema-converter/8.0.0/kafka-schema-converter-8.0.0.jar:/home/runner/.m2/repository/io/rest-assured/rest-assured/5.5.1/rest-assured-5.5.1.jar:/home/runner/.m2/repository/org/apache/groovy/groovy/4.0.22/groovy-4.0.22.jar:/home/runner/.m2/repository/org/apache/groovy/groovy-xml/4.0.22/groovy-xml-4.0.22.jar:/home/runner/.m2/repository/org/apache/httpcomponents/httpclient/4.5.14/httpclient-4.5.14.jar:/home/runner/.m2/repository/org/apache/httpcomponents/httpcore/4.4.16/httpcore-4.4.16.jar:/home/runner/.m2/repository/org/apache/httpcomponents/httpmime/4.5.14/httpmime-4.5.14.jar:/home/runner/.m2/repository/org/hamcrest/hamcrest/2.2/hamcrest-2.2.jar:/home/runner/.m2/repository/org/ccil/cowan/tagsoup/tagsoup/1.2.1/tagsoup-1.2.1.jar:/home/runner/.m2/repository/io/rest-assured/json-path/5.5.1/json-path-5.5.1.jar:/home/runner/.m2/repository/org/apache/groovy/groovy-json/4.0.22/groovy-json-4.0.22.jar:/home/runner/.m2/repository/io/rest-assured/rest-assured-common/5.5.1/rest-assured-common-5.5.1.jar:/home/runner/.m2/repository/io/rest-assured/xml-path/5.5.1/xml-path-5.5.1.jar:/home/runner/.m2/repository/io/zonky/test/embedded-postgres/2.1.0/embedded-postgres-2.1.0.jar:/home/runner/.m2/repository/io/zonky/test/postgres/embedded-postgres-binaries-windows-amd64/14.15.0/embedded-postgres-binaries-windows-amd64-14.15.0.jar:/home/runner/.m2/repository/io/zonky/test/postgres/embedded-postgres-binaries-darwin-amd64/14.15.0/embedded-postgres-binaries-darwin-amd64-14.15.0.jar:/home/runner/.m2/repository/io/zonky/test/postgres/embedded-postgres-binaries-linux-amd64/14.15.0/embedded-postgres-binaries-linux-amd64-14.15.0.jar:/home/runner/.m2/repository/io/zonky/test/postgres/embedded-postgres-binaries-linux-amd64-alpine/14.15.0/embedded-postgres-binaries-linux-amd64-alpine-14.15.0.jar:/home/runner/.m2/repository/org/apache/commons/commons-lang3/3.17.0/commons-lang3-3.17.0.jar:/home/runner/.m2/repository/org/tukaani/xz/1.10/xz-1.10.jar:/home/runner/.m2/repository/commons-codec/commons-codec/1.19.0/commons-codec-1.19.0.jar:/home/runner/.m2/repository/org/postgresql/postgresql/42.7.7/postgresql-42.7.7.jar:/home/runner/.m2/repository/commons-io/commons-io/2.18.0/commons-io-2.18.0.jar:/home/runner/work/apicurio-testing/apicurio-testing/clusters/ci419/namespaces/ksql047/tests/integration/apicurio-registry/utils/importexport/target/apicurio-registry-utils-import-export-3.0.12-SNAPSHOT.jar:/home/runner/.m2/repository/io/vertx/vertx-core/4.5.16/vertx-core-4.5.16.jar:/home/runner/.m2/repository/io/netty/netty-common/4.1.121.Final/netty-common-4.1.121.Final.jar:/home/runner/.m2/repository/io/netty/netty-buffer/4.1.121.Final/netty-buffer-4.1.121.Final.jar:/home/runner/.m2/repository/io/netty/netty-transport/4.1.121.Final/netty-transport-4.1.121.Final.jar:/home/runner/.m2/repository/io/netty/netty-handler/4.1.121.Final/netty-handler-4.1.121.Final.jar:/home/runner/.m2/repository/io/netty/netty-transport-native-unix-common/4.1.121.Final/netty-transport-native-unix-common-4.1.121.Final.jar:/home/runner/.m2/repository/io/netty/netty-codec/4.1.121.Final/netty-codec-4.1.121.Final.jar:/home/runner/.m2/repository/io/netty/netty-handler-proxy/4.1.121.Final/netty-handler-proxy-4.1.121.Final.jar:/home/runner/.m2/repository/io/netty/netty-codec-socks/4.1.121.Final/netty-codec-socks-4.1.121.Final.jar:/home/runner/.m2/repository/io/netty/netty-codec-http/4.1.121.Final/netty-codec-http-4.1.121.Final.jar:/home/runner/.m2/repository/io/netty/netty-codec-http2/4.1.121.Final/netty-codec-http2-4.1.121.Final.jar:/home/runner/.m2/repository/io/netty/netty-resolver/4.1.121.Final/netty-resolver-4.1.121.Final.jar:/home/runner/.m2/repository/io/netty/netty-resolver-dns/4.1.121.Final/netty-resolver-dns-4.1.121.Final.jar:/home/runner/.m2/repository/io/netty/netty-codec-dns/4.1.121.Final/netty-codec-dns-4.1.121.Final.jar:/home/runner/.m2/repository/com/fasterxml/jackson/core/jackson-core/2.18.2/jackson-core-2.18.2.jar:"/>
    <property name="sun.cpu.endian" value="little"/>
    <property name="user.home" value="/home/runner"/>
    <property name="user.language" value="en"/>
    <property name="jboss.log-version" value="false"/>
    <property name="java.specification.vendor" value="Oracle Corporation"/>
    <property name="java.version.date" value="2025-07-15"/>
    <property name="java.home" value="/usr/lib/jvm/temurin-17-jdk-amd64"/>
    <property name="file.separator" value="/"/>
    <property name="basedir" value="/home/runner/work/apicurio-testing/apicurio-testing/clusters/ci419/namespaces/ksql047/tests/integration/apicurio-registry/integration-tests"/>
    <property name="java.vm.compressedOopsMode" value="32-bit"/>
    <property name="line.separator" value="&#10;"/>
    <property name="java.specification.name" value="Java Platform API Specification"/>
    <property name="java.vm.specification.vendor" value="Oracle Corporation"/>
    <property name="quarkus.http.test-host" value="registry-app-ksql047.apps.ci419.apicurio-testing.org"/>
    <property name="surefire.real.class.path" value="/home/runner/work/apicurio-testing/apicurio-testing/clusters/ci419/namespaces/ksql047/tests/integration/apicurio-registry/integration-tests/target/surefire/surefirebooter-20250813021819357_3.jar"/>
    <property name="sun.management.compiler" value="HotSpot 64-Bit Tiered Compilers"/>
    <property name="org.eclipse.jetty.http.HttpGenerator.STRICT" value="true"/>
    <property name="java.runtime.version" value="17.0.16+8"/>
    <property name="user.name" value="runner"/>
    <property name="path.separator" value=":"/>
    <property name="os.version" value="6.8.0-1031-azure"/>
    <property name="java.runtime.name" value="OpenJDK Runtime Environment"/>
    <property name="file.encoding" value="UTF-8"/>
    <property name="jnidispatch.path" value="/home/runner/.cache/JNA/temp/jna9306173464451802817.tmp"/>
    <property name="java.vm.name" value="OpenJDK 64-Bit Server VM"/>
    <property name="jna.platform.library.path" value="/usr/lib/x86_64-linux-gnu:/lib/x86_64-linux-gnu:/usr/lib64:/lib64:/usr/lib:/lib:/lib32:/usr/local/lib:/usr/lib/x86_64-linux-gnu/libfakeroot"/>
    <property name="java.vendor.version" value="Temurin-17.0.16+8"/>
    <property name="quarkus.oidc.token-path" value="https://keycloak-ksql047.apps.ci419.apicurio-testing.org/realms/registry/protocol/openid-connect/token"/>
    <property name="quarkus.http.host" value="registry-app-ksql047.apps.ci419.apicurio-testing.org"/>
    <property name="localRepository" value="/home/runner/.m2/repository"/>
    <property name="javax.xml.xpath.XPathFactory:http://java.sun.com/jaxp/xpath/dom" value="com.sun.org.apache.xpath.internal.jaxp.XPathFactoryImpl"/>
    <property name="jna.loaded" value="true"/>
    <property name="java.vendor.url.bug" value="https://github.com/adoptium/adoptium-support/issues"/>
    <property name="jetty.git.hash" value="5bc5e562c8d05c5862505aebe5cf83a61bdbcb96"/>
    <property name="java.io.tmpdir" value="/tmp"/>
    <property name="quarkus.http.test-protocol" value="http"/>
    <property name="java.version" value="17.0.16"/>
    <property name="user.dir" value="/home/runner/work/apicurio-testing/apicurio-testing/clusters/ci419/namespaces/ksql047/tests/integration/apicurio-registry/integration-tests"/>
    <property name="os.arch" value="amd64"/>
    <property name="groups" value="( smoke | serdes | acceptance | ui)"/>
    <property name="java.vm.specification.name" value="Java Virtual Machine Specification"/>
    <property name="native.encoding" value="UTF-8"/>
    <property name="java.util.logging.manager" value="org.jboss.logmanager.LogManager"/>
    <property name="java.library.path" value="/usr/java/packages/lib:/usr/lib64:/lib64:/lib:/usr/lib"/>
    <property name="jdk.console" value="java.base"/>
    <property name="java.vm.info" value="mixed mode, sharing"/>
    <property name="java.vendor" value="Eclipse Adoptium"/>
    <property name="java.vm.version" value="17.0.16+8"/>
    <property name="java.specification.maintenance.version" value="1"/>
    <property name="sun.io.unicode.encoding" value="UnicodeLittle"/>
    <property name="javax.xml.transform.TransformerFactory" value="com.sun.org.apache.xalan.internal.xsltc.trax.TransformerFactoryImpl"/>
    <property name="java.class.version" value="61.0"/>
  </properties>
  <testcase name="testGlobalIdInHeaders" classname="io.apicurio.tests.serdes.apicurio.AvroSerdeIT" time="6.231">
    <system-out><![CDATA[**** Registry Base URL: http://registry-app-ksql047.apps.ci419.apicurio-testing.org:80
**** Registry Base URL: http://registry-app-ksql047.apps.ci419.apicurio-testing.org:80
2025-08-13 02:18:31,669 INFO  [io.api.tes.ser.api.AvroSerdeIT] (main) RestAssured configured with http://registry-app-ksql047.apps.ci419.apicurio-testing.org:80/apis/registry/v3
2025-08-13 02:18:31,739 INFO  [io.api.tes.uti.KafkaFacade] (main) Starting kafka container
2025-08-13 02:18:31,781 INFO  [org.tes.ima.PullPolicy] (main) Image pull policy will be performed by: DefaultPullPolicy()
2025-08-13 02:18:31,784 INFO  [org.tes.uti.ImageNameSubstitutor] (main) Image name substitution will be performed by: DefaultImageNameSubstitutor (composite of 'ConfigurationFileImageNameSubstitutor' and 'PrefixingImageNameSubstitutor')
2025-08-13 02:18:31,795 INFO  [org.tes.DockerClientFactory] (main) Testcontainers version: 1.20.6
2025-08-13 02:18:32,356 INFO  [org.tes.doc.DockerClientProviderStrategy] (main) Found Docker environment with local Unix socket (unix:///var/run/docker.sock)
2025-08-13 02:18:32,364 INFO  [org.tes.DockerClientFactory] (main) Docker host IP address is localhost
2025-08-13 02:18:32,383 INFO  [org.tes.DockerClientFactory] (main) Connected to docker: 
  Server Version: 28.0.4
  API Version: 1.48
  Operating System: Ubuntu 22.04.5 LTS
  Total Memory: 7944 MB
2025-08-13 02:18:32,423 INFO  [tc.tes.11.0] (main) Pulling docker image: testcontainers/ryuk:0.11.0. Please be patient; this may take some time but only needs to be done once.
2025-08-13 02:18:32,912 INFO  [tc.tes.11.0] (docker-java-stream--1295187651) Starting to pull image
2025-08-13 02:18:32,946 INFO  [tc.tes.11.0] (docker-java-stream--1295187651) Pulling image layers:  0 pending,  0 downloaded,  0 extracted, (0 bytes/0 bytes)
2025-08-13 02:18:33,141 INFO  [tc.tes.11.0] (docker-java-stream--1295187651) Pulling image layers:  2 pending,  1 downloaded,  0 extracted, (44 KB/? MB)
2025-08-13 02:18:33,161 INFO  [tc.tes.11.0] (docker-java-stream--1295187651) Pulling image layers:  1 pending,  2 downloaded,  0 extracted, (44 KB/? MB)
2025-08-13 02:18:33,208 INFO  [tc.tes.11.0] (docker-java-stream--1295187651) Pulling image layers:  0 pending,  3 downloaded,  0 extracted, (142 KB/10 MB)
2025-08-13 02:18:33,285 INFO  [tc.tes.11.0] (docker-java-stream--1295187651) Pulling image layers:  0 pending,  3 downloaded,  1 extracted, (3 MB/10 MB)
2025-08-13 02:18:34,266 INFO  [tc.tes.11.0] (docker-java-stream--1295187651) Pulling image layers:  0 pending,  3 downloaded,  2 extracted, (4 MB/10 MB)
2025-08-13 02:18:34,305 INFO  [tc.tes.11.0] (docker-java-stream--1295187651) Pulling image layers:  0 pending,  3 downloaded,  3 extracted, (10 MB/10 MB)
2025-08-13 02:18:34,313 INFO  [tc.tes.11.0] (docker-java-stream--1295187651) Pull complete. 3 layers, pulled in 1s (downloaded 10 MB at 10 MB/s)
2025-08-13 02:18:34,313 INFO  [tc.tes.11.0] (main) Image testcontainers/ryuk:0.11.0 pull took PT1.890569956S
2025-08-13 02:18:34,340 INFO  [tc.tes.11.0] (main) Creating container for image: testcontainers/ryuk:0.11.0
2025-08-13 02:18:34,410 INFO  [tc.tes.11.0] (main) Container testcontainers/ryuk:0.11.0 is starting: d6a6658951b1c791efd239e11b8c003ce6b250ad40e830a914d2ce247bacad93
2025-08-13 02:18:34,715 INFO  [tc.tes.11.0] (main) Container testcontainers/ryuk:0.11.0 started in PT0.374940591S
2025-08-13 02:18:34,719 INFO  [org.tes.uti.RyukResourceReaper] (main) Ryuk started - will monitor and terminate Testcontainers containers on JVM exit
2025-08-13 02:18:34,720 INFO  [org.tes.DockerClientFactory] (main) Checking the system...
2025-08-13 02:18:34,720 INFO  [org.tes.DockerClientFactory] (main) ✔︎ Docker server version should be at least 1.6.0
2025-08-13 02:18:34,723 INFO  [io.str.tes.con.KafkaVersionService] (main) Latest release of Kafka is:LogicalKafkaVersionEntity{version='4.0.0', image='quay.io/strimzi-test-container/test-container:0.111.0-kafka-4.0.0'}
2025-08-13 02:18:34,723 INFO  [io.str.tes.con.KafkaVersionService] (main) Latest release of Kafka is:LogicalKafkaVersionEntity{version='4.0.0', image='quay.io/strimzi-test-container/test-container:0.111.0-kafka-4.0.0'}
2025-08-13 02:18:34,723 INFO  [io.str.tes.con.KafkaVersionService] (main) No Kafka version specified. Using latest release: 4.0.0
2025-08-13 02:18:34,727 INFO  [tc.qua.io/.111.0-k.0.0] (main) Pulling docker image: quay.io/strimzi-test-container/test-container:0.111.0-kafka-4.0.0. Please be patient; this may take some time but only needs to be done once.
2025-08-13 02:18:35,339 INFO  [tc.qua.io/.111.0-k.0.0] (docker-java-stream--29267298) Starting to pull image
2025-08-13 02:18:35,340 INFO  [tc.qua.io/.111.0-k.0.0] (docker-java-stream--29267298) Pulling image layers:  0 pending,  0 downloaded,  0 extracted, (0 bytes/0 bytes)
2025-08-13 02:18:36,002 INFO  [tc.qua.io/.111.0-k.0.0] (docker-java-stream--29267298) Pulling image layers:  6 pending,  1 downloaded,  0 extracted, (1 MB/? MB)
2025-08-13 02:18:36,209 INFO  [tc.qua.io/.111.0-k.0.0] (docker-java-stream--29267298) Pulling image layers:  5 pending,  2 downloaded,  0 extracted, (31 MB/? MB)
2025-08-13 02:18:36,505 INFO  [tc.qua.io/.111.0-k.0.0] (docker-java-stream--29267298) Pulling image layers:  4 pending,  3 downloaded,  0 extracted, (93 MB/? MB)
2025-08-13 02:18:36,639 INFO  [tc.qua.io/.111.0-k.0.0] (docker-java-stream--29267298) Pulling image layers:  3 pending,  4 downloaded,  0 extracted, (109 MB/? MB)
2025-08-13 02:18:36,805 INFO  [tc.qua.io/.111.0-k.0.0] (docker-java-stream--29267298) Pulling image layers:  2 pending,  5 downloaded,  0 extracted, (115 MB/? MB)
2025-08-13 02:18:36,902 INFO  [tc.qua.io/.111.0-k.0.0] (docker-java-stream--29267298) Pulling image layers:  1 pending,  6 downloaded,  0 extracted, (127 MB/? MB)
2025-08-13 02:18:37,643 INFO  [tc.qua.io/.111.0-k.0.0] (docker-java-stream--29267298) Pulling image layers:  1 pending,  6 downloaded,  1 extracted, (184 MB/? MB)
2025-08-13 02:18:38,253 INFO  [tc.qua.io/.111.0-k.0.0] (docker-java-stream--29267298) Pulling image layers:  0 pending,  7 downloaded,  1 extracted, (231 MB/249 MB)
2025-08-13 02:18:41,471 INFO  [tc.qua.io/.111.0-k.0.0] (docker-java-stream--29267298) Pulling image layers:  0 pending,  7 downloaded,  2 extracted, (243 MB/249 MB)
2025-08-13 02:18:41,538 INFO  [tc.qua.io/.111.0-k.0.0] (docker-java-stream--29267298) Pulling image layers:  0 pending,  7 downloaded,  3 extracted, (244 MB/249 MB)
2025-08-13 02:18:41,553 INFO  [tc.qua.io/.111.0-k.0.0] (docker-java-stream--29267298) Pulling image layers:  0 pending,  7 downloaded,  4 extracted, (244 MB/249 MB)
2025-08-13 02:18:42,676 INFO  [tc.qua.io/.111.0-k.0.0] (docker-java-stream--29267298) Pulling image layers:  0 pending,  7 downloaded,  5 extracted, (249 MB/249 MB)
2025-08-13 02:18:42,719 INFO  [tc.qua.io/.111.0-k.0.0] (docker-java-stream--29267298) Pulling image layers:  0 pending,  7 downloaded,  6 extracted, (249 MB/249 MB)
2025-08-13 02:18:42,732 INFO  [tc.qua.io/.111.0-k.0.0] (docker-java-stream--29267298) Pulling image layers:  0 pending,  7 downloaded,  7 extracted, (249 MB/249 MB)
2025-08-13 02:18:42,739 INFO  [tc.qua.io/.111.0-k.0.0] (docker-java-stream--29267298) Pull complete. 7 layers, pulled in 7s (downloaded 249 MB at 35 MB/s)
2025-08-13 02:18:42,739 INFO  [tc.qua.io/.111.0-k.0.0] (main) Image quay.io/strimzi-test-container/test-container:0.111.0-kafka-4.0.0 pull took PT8.011620678S
2025-08-13 02:18:42,742 INFO  [tc.qua.io/.111.0-k.0.0] (main) Creating container for image: quay.io/strimzi-test-container/test-container:0.111.0-kafka-4.0.0
2025-08-13 02:18:42,827 INFO  [tc.qua.io/.111.0-k.0.0] (main) Container quay.io/strimzi-test-container/test-container:0.111.0-kafka-4.0.0 is starting: 99fb8130e17ef84434aa118d7c5222f172555fa98f19870a5fcddeea9b4bb6b0
2025-08-13 02:18:43,021 INFO  [io.str.tes.con.StrimziKafkaContainer] (main) Mapped port: 32769
2025-08-13 02:18:43,022 WARN  [io.str.tes.con.StrimziKafkaContainer] (main) Node ID is not set. Using broker ID 0 as the default node ID.
2025-08-13 02:18:43,022 INFO  [io.str.tes.con.StrimziKafkaContainer] (main) This is all advertised listeners for Kafka PLAINTEXT://localhost:32769,BROKER1://172.18.0.2:9091,CONTROLLER://broker-0:9094
2025-08-13 02:18:43,054 INFO  [io.str.tes.con.StrimziKafkaContainer] (main) New `cluster.id` has been generated: RhahJUjfTxKIJlGmUjwdsg
2025-08-13 02:18:43,056 INFO  [io.str.tes.con.StrimziKafkaContainer] (main) Copying command to 'STARTER_SCRIPT' script.
2025-08-13 02:18:48,283 INFO  [tc.qua.io/.111.0-k.0.0] (main) Container quay.io/strimzi-test-container/test-container:0.111.0-kafka-4.0.0 started in PT5.541373194S
2025-08-13 02:18:48,285 INFO  [io.api.tes.uti.TestSeparator] (main) ############################################################################
2025-08-13 02:18:48,285 INFO  [io.api.tes.uti.TestSeparator] (main) io.apicurio.tests.serdes.apicurio.AvroSerdeIT.testGlobalIdInHeaders-STARTED
2025-08-13 02:18:48,299 INFO  [org.apa.kaf.cli.adm.AdminClientConfig] (main) AdminClientConfig values: 
	auto.include.jmx.reporter = true
	bootstrap.controllers = []
	bootstrap.servers = [PLAINTEXT://localhost:32769]
	client.dns.lookup = use_all_dns_ips
	client.id = 
	connections.max.idle.ms = 10000
	default.api.timeout.ms = 60000
	enable.metrics.push = true
	metadata.max.age.ms = 300000
	metadata.recovery.strategy = none
	metric.reporters = []
	metrics.num.samples = 2
	metrics.recording.level = INFO
	metrics.sample.window.ms = 30000
	receive.buffer.bytes = 65536
	reconnect.backoff.max.ms = 1000
	reconnect.backoff.ms = 50
	request.timeout.ms = 5000
	retries = 2147483647
	retry.backoff.max.ms = 1000
	retry.backoff.ms = 100
	sasl.client.callback.handler.class = null
	sasl.jaas.config = null
	sasl.kerberos.kinit.cmd = /usr/bin/kinit
	sasl.kerberos.min.time.before.relogin = 60000
	sasl.kerberos.service.name = null
	sasl.kerberos.ticket.renew.jitter = 0.05
	sasl.kerberos.ticket.renew.window.factor = 0.8
	sasl.login.callback.handler.class = null
	sasl.login.class = null
	sasl.login.connect.timeout.ms = null
	sasl.login.read.timeout.ms = null
	sasl.login.refresh.buffer.seconds = 300
	sasl.login.refresh.min.period.seconds = 60
	sasl.login.refresh.window.factor = 0.8
	sasl.login.refresh.window.jitter = 0.05
	sasl.login.retry.backoff.max.ms = 10000
	sasl.login.retry.backoff.ms = 100
	sasl.mechanism = GSSAPI
	sasl.oauthbearer.clock.skew.seconds = 30
	sasl.oauthbearer.expected.audience = null
	sasl.oauthbearer.expected.issuer = null
	sasl.oauthbearer.header.urlencode = false
	sasl.oauthbearer.jwks.endpoint.refresh.ms = 3600000
	sasl.oauthbearer.jwks.endpoint.retry.backoff.max.ms = 10000
	sasl.oauthbearer.jwks.endpoint.retry.backoff.ms = 100
	sasl.oauthbearer.jwks.endpoint.url = null
	sasl.oauthbearer.scope.claim.name = scope
	sasl.oauthbearer.sub.claim.name = sub
	sasl.oauthbearer.token.endpoint.url = null
	security.protocol = PLAINTEXT
	security.providers = null
	send.buffer.bytes = 131072
	socket.connection.setup.timeout.max.ms = 30000
	socket.connection.setup.timeout.ms = 10000
	ssl.cipher.suites = null
	ssl.enabled.protocols = [TLSv1.2, TLSv1.3]
	ssl.endpoint.identification.algorithm = https
	ssl.engine.factory.class = null
	ssl.key.password = null
	ssl.keymanager.algorithm = SunX509
	ssl.keystore.certificate.chain = null
	ssl.keystore.key = null
	ssl.keystore.location = null
	ssl.keystore.password = null
	ssl.keystore.type = JKS
	ssl.protocol = TLSv1.3
	ssl.provider = null
	ssl.secure.random.implementation = null
	ssl.trustmanager.algorithm = PKIX
	ssl.truststore.certificates = null
	ssl.truststore.location = null
	ssl.truststore.password = null
	ssl.truststore.type = JKS

2025-08-13 02:18:48,867 INFO  [org.apa.kaf.com.uti.AppInfoParser] (main) Kafka version: 3.9.1
2025-08-13 02:18:48,867 INFO  [org.apa.kaf.com.uti.AppInfoParser] (main) Kafka commitId: f745dfdcee2b9851
2025-08-13 02:18:48,868 INFO  [org.apa.kaf.com.uti.AppInfoParser] (main) Kafka startTimeMs: 1755051528866
**** Registry Base URL: http://registry-app-ksql047.apps.ci419.apicurio-testing.org:80
2025-08-13 02:18:48,923 INFO  [org.apa.kaf.cli.pro.ProducerConfig] (main) ProducerConfig values: 
	acks = -1
	auto.include.jmx.reporter = true
	batch.size = 16384
	bootstrap.servers = [PLAINTEXT://localhost:32769]
	buffer.memory = 33554432
	client.dns.lookup = use_all_dns_ips
	client.id = Producer-topic-f11c21b7_6fd5_4250_9167_70206729043e
	compression.gzip.level = -1
	compression.lz4.level = 9
	compression.type = none
	compression.zstd.level = 3
	connections.max.idle.ms = 10000
	delivery.timeout.ms = 120000
	enable.idempotence = true
	enable.metrics.push = true
	interceptor.classes = []
	key.serializer = class org.apache.kafka.common.serialization.StringSerializer
	linger.ms = 0
	max.block.ms = 60000
	max.in.flight.requests.per.connection = 5
	max.request.size = 1048576
	metadata.max.age.ms = 300000
	metadata.max.idle.ms = 300000
	metadata.recovery.strategy = none
	metric.reporters = []
	metrics.num.samples = 2
	metrics.recording.level = INFO
	metrics.sample.window.ms = 30000
	partitioner.adaptive.partitioning.enable = true
	partitioner.availability.timeout.ms = 0
	partitioner.class = null
	partitioner.ignore.keys = false
	receive.buffer.bytes = 32768
	reconnect.backoff.max.ms = 1000
	reconnect.backoff.ms = 50
	request.timeout.ms = 5000
	retries = 2147483647
	retry.backoff.max.ms = 1000
	retry.backoff.ms = 100
	sasl.client.callback.handler.class = null
	sasl.jaas.config = null
	sasl.kerberos.kinit.cmd = /usr/bin/kinit
	sasl.kerberos.min.time.before.relogin = 60000
	sasl.kerberos.service.name = null
	sasl.kerberos.ticket.renew.jitter = 0.05
	sasl.kerberos.ticket.renew.window.factor = 0.8
	sasl.login.callback.handler.class = null
	sasl.login.class = null
	sasl.login.connect.timeout.ms = null
	sasl.login.read.timeout.ms = null
	sasl.login.refresh.buffer.seconds = 300
	sasl.login.refresh.min.period.seconds = 60
	sasl.login.refresh.window.factor = 0.8
	sasl.login.refresh.window.jitter = 0.05
	sasl.login.retry.backoff.max.ms = 10000
	sasl.login.retry.backoff.ms = 100
	sasl.mechanism = GSSAPI
	sasl.oauthbearer.clock.skew.seconds = 30
	sasl.oauthbearer.expected.audience = null
	sasl.oauthbearer.expected.issuer = null
	sasl.oauthbearer.header.urlencode = false
	sasl.oauthbearer.jwks.endpoint.refresh.ms = 3600000
	sasl.oauthbearer.jwks.endpoint.retry.backoff.max.ms = 10000
	sasl.oauthbearer.jwks.endpoint.retry.backoff.ms = 100
	sasl.oauthbearer.jwks.endpoint.url = null
	sasl.oauthbearer.scope.claim.name = scope
	sasl.oauthbearer.sub.claim.name = sub
	sasl.oauthbearer.token.endpoint.url = null
	security.protocol = PLAINTEXT
	security.providers = null
	send.buffer.bytes = 131072
	socket.connection.setup.timeout.max.ms = 30000
	socket.connection.setup.timeout.ms = 10000
	ssl.cipher.suites = null
	ssl.enabled.protocols = [TLSv1.2, TLSv1.3]
	ssl.endpoint.identification.algorithm = https
	ssl.engine.factory.class = null
	ssl.key.password = null
	ssl.keymanager.algorithm = SunX509
	ssl.keystore.certificate.chain = null
	ssl.keystore.key = null
	ssl.keystore.location = null
	ssl.keystore.password = null
	ssl.keystore.type = JKS
	ssl.protocol = TLSv1.3
	ssl.provider = null
	ssl.secure.random.implementation = null
	ssl.trustmanager.algorithm = PKIX
	ssl.truststore.certificates = null
	ssl.truststore.location = null
	ssl.truststore.password = null
	ssl.truststore.type = JKS
	transaction.timeout.ms = 60000
	transactional.id = null
	value.serializer = class io.apicurio.registry.serde.avro.AvroKafkaSerializer

2025-08-13 02:18:48,962 INFO  [org.apa.kaf.com.tel.int.KafkaMetricsCollector] (main) initializing Kafka metrics collector
2025-08-13 02:18:48,992 INFO  [org.apa.kaf.cli.pro.KafkaProducer] (main) [Producer clientId=Producer-topic-f11c21b7_6fd5_4250_9167_70206729043e] Instantiated an idempotent producer.
2025-08-13 02:18:49,038 INFO  [org.apa.kaf.cli.pro.ProducerConfig] (main) These configurations '[apicurio.registry.url, apicurio.registry.auto-register, apicurio.registry.use-id, apicurio.registry.artifact-resolver-strategy]' were supplied but are not used yet.
2025-08-13 02:18:49,038 INFO  [org.apa.kaf.com.uti.AppInfoParser] (main) Kafka version: 3.9.1
2025-08-13 02:18:49,038 INFO  [org.apa.kaf.com.uti.AppInfoParser] (main) Kafka commitId: f745dfdcee2b9851
2025-08-13 02:18:49,038 INFO  [org.apa.kaf.com.uti.AppInfoParser] (main) Kafka startTimeMs: 1755051529038
2025-08-13 02:18:49,039 INFO  [io.api.tes.ser.api.SimpleSerdesTesterBuilder$SimpleSerdesTester] (main) Using producer configuration: {apicurio.registry.url=http://registry-app-ksql047.apps.ci419.apicurio-testing.org:80/apis/registry/v3, apicurio.registry.auto-register=true, apicurio.registry.use-id=globalId, apicurio.registry.artifact-resolver-strategy=io.apicurio.registry.serde.strategy.TopicIdStrategy, value.serializer=io.apicurio.registry.serde.avro.AvroKafkaSerializer, request.timeout.ms=5000, acks=all, bootstrap.servers=PLAINTEXT://localhost:32769, connections.max.idle.ms=10000, key.serializer=org.apache.kafka.common.serialization.StringSerializer, client.id=Producer-topic-f11c21b7_6fd5_4250_9167_70206729043e}
2025-08-13 02:18:49,039 INFO  [io.api.tes.ser.api.SimpleSerdesTesterBuilder$SimpleSerdesTester] (main) Using consumer configuration: {apicurio.registry.use-id=globalId}
2025-08-13 02:18:49,044 INFO  [io.api.tes.ser.api.KafkaSerdesTester] (Thread-600) Sending message {"key11755051528899": "value-0"} to topic topic-f11c21b7_6fd5_4250_9167_70206729043e
2025-08-13 02:18:49,445 WARN  [org.apa.kaf.cli.NetworkClient] (kafka-producer-network-thread | Producer-topic-f11c21b7_6fd5_4250_9167_70206729043e) [Producer clientId=Producer-topic-f11c21b7_6fd5_4250_9167_70206729043e] The metadata response from the cluster reported a recoverable issue with correlation id 1 : {topic-f11c21b7_6fd5_4250_9167_70206729043e=UNKNOWN_TOPIC_OR_PARTITION}
2025-08-13 02:18:49,449 INFO  [org.apa.kaf.cli.Metadata] (kafka-producer-network-thread | Producer-topic-f11c21b7_6fd5_4250_9167_70206729043e) [Producer clientId=Producer-topic-f11c21b7_6fd5_4250_9167_70206729043e] Cluster ID: RhahJUjfTxKIJlGmUjwdsg
2025-08-13 02:18:49,579 INFO  [org.apa.kaf.cli.pro.int.TransactionManager] (kafka-producer-network-thread | Producer-topic-f11c21b7_6fd5_4250_9167_70206729043e) [Producer clientId=Producer-topic-f11c21b7_6fd5_4250_9167_70206729043e] ProducerId set to 0 with epoch 0
2025-08-13 02:18:49,769 INFO  [io.api.tes.ser.api.KafkaSerdesTester] (Thread-600) Sending message {"key11755051528899": "value-1"} to topic topic-f11c21b7_6fd5_4250_9167_70206729043e
2025-08-13 02:18:49,778 INFO  [io.api.tes.ser.api.KafkaSerdesTester] (Thread-600) Sending message {"key11755051528899": "value-2"} to topic topic-f11c21b7_6fd5_4250_9167_70206729043e
2025-08-13 02:18:49,784 INFO  [io.api.tes.ser.api.KafkaSerdesTester] (Thread-600) Sending message {"key11755051528899": "value-3"} to topic topic-f11c21b7_6fd5_4250_9167_70206729043e
2025-08-13 02:18:49,790 INFO  [io.api.tes.ser.api.KafkaSerdesTester] (Thread-600) Sending message {"key11755051528899": "value-4"} to topic topic-f11c21b7_6fd5_4250_9167_70206729043e
2025-08-13 02:18:49,793 INFO  [io.api.tes.ser.api.KafkaSerdesTester] (Thread-600) Sending message {"key11755051528899": "value-5"} to topic topic-f11c21b7_6fd5_4250_9167_70206729043e
2025-08-13 02:18:49,798 INFO  [io.api.tes.ser.api.KafkaSerdesTester] (Thread-600) Sending message {"key11755051528899": "value-6"} to topic topic-f11c21b7_6fd5_4250_9167_70206729043e
2025-08-13 02:18:49,802 INFO  [io.api.tes.ser.api.KafkaSerdesTester] (Thread-600) Sending message {"key11755051528899": "value-7"} to topic topic-f11c21b7_6fd5_4250_9167_70206729043e
2025-08-13 02:18:49,808 INFO  [io.api.tes.ser.api.KafkaSerdesTester] (Thread-600) Sending message {"key11755051528899": "value-8"} to topic topic-f11c21b7_6fd5_4250_9167_70206729043e
2025-08-13 02:18:49,812 INFO  [io.api.tes.ser.api.KafkaSerdesTester] (Thread-600) Sending message {"key11755051528899": "value-9"} to topic topic-f11c21b7_6fd5_4250_9167_70206729043e
2025-08-13 02:18:49,817 INFO  [io.api.tes.ser.api.KafkaSerdesTester] (Thread-600) Produced 10 messages
2025-08-13 02:18:49,819 INFO  [org.apa.kaf.cli.pro.KafkaProducer] (Thread-600) [Producer clientId=Producer-topic-f11c21b7_6fd5_4250_9167_70206729043e] Closing the Kafka producer with timeoutMillis = 9223372036854775807 ms.
2025-08-13 02:18:49,834 INFO  [org.apa.kaf.com.met.Metrics] (Thread-600) Metrics scheduler closed
2025-08-13 02:18:49,834 INFO  [org.apa.kaf.com.met.Metrics] (Thread-600) Closing reporter org.apache.kafka.common.metrics.JmxReporter
2025-08-13 02:18:49,834 INFO  [org.apa.kaf.com.met.Metrics] (Thread-600) Closing reporter org.apache.kafka.common.telemetry.internals.ClientTelemetryReporter
2025-08-13 02:18:49,834 INFO  [org.apa.kaf.com.met.Metrics] (Thread-600) Metrics reporters closed
2025-08-13 02:18:49,835 INFO  [org.apa.kaf.com.uti.AppInfoParser] (Thread-600) App info kafka.producer for Producer-topic-f11c21b7_6fd5_4250_9167_70206729043e unregistered
**** Registry Base URL: http://registry-app-ksql047.apps.ci419.apicurio-testing.org:80
2025-08-13 02:18:49,907 INFO  [org.apa.kaf.cli.con.ConsumerConfig] (main) ConsumerConfig values: 
	allow.auto.create.topics = true
	auto.commit.interval.ms = 500
	auto.include.jmx.reporter = true
	auto.offset.reset = earliest
	bootstrap.servers = [PLAINTEXT://localhost:32769]
	check.crcs = true
	client.dns.lookup = use_all_dns_ips
	client.id = consumer-Consumer-topic-f11c21b7_6fd5_4250_9167_70206729043e-1
	client.rack = 
	connections.max.idle.ms = 10000
	default.api.timeout.ms = 60000
	enable.auto.commit = true
	enable.metrics.push = true
	exclude.internal.topics = true
	fetch.max.bytes = 52428800
	fetch.max.wait.ms = 500
	fetch.min.bytes = 1
	group.id = Consumer-topic-f11c21b7_6fd5_4250_9167_70206729043e
	group.instance.id = null
	group.protocol = classic
	group.remote.assignor = null
	heartbeat.interval.ms = 3000
	interceptor.classes = []
	internal.leave.group.on.close = true
	internal.throw.on.fetch.stable.offset.unsupported = false
	isolation.level = read_uncommitted
	key.deserializer = class org.apache.kafka.common.serialization.StringDeserializer
	max.partition.fetch.bytes = 1048576
	max.poll.interval.ms = 300000
	max.poll.records = 500
	metadata.max.age.ms = 300000
	metadata.recovery.strategy = none
	metric.reporters = []
	metrics.num.samples = 2
	metrics.recording.level = INFO
	metrics.sample.window.ms = 30000
	partition.assignment.strategy = [class org.apache.kafka.clients.consumer.RangeAssignor, class org.apache.kafka.clients.consumer.CooperativeStickyAssignor]
	receive.buffer.bytes = 65536
	reconnect.backoff.max.ms = 1000
	reconnect.backoff.ms = 50
	request.timeout.ms = 5000
	retry.backoff.max.ms = 1000
	retry.backoff.ms = 100
	sasl.client.callback.handler.class = null
	sasl.jaas.config = null
	sasl.kerberos.kinit.cmd = /usr/bin/kinit
	sasl.kerberos.min.time.before.relogin = 60000
	sasl.kerberos.service.name = null
	sasl.kerberos.ticket.renew.jitter = 0.05
	sasl.kerberos.ticket.renew.window.factor = 0.8
	sasl.login.callback.handler.class = null
	sasl.login.class = null
	sasl.login.connect.timeout.ms = null
	sasl.login.read.timeout.ms = null
	sasl.login.refresh.buffer.seconds = 300
	sasl.login.refresh.min.period.seconds = 60
	sasl.login.refresh.window.factor = 0.8
	sasl.login.refresh.window.jitter = 0.05
	sasl.login.retry.backoff.max.ms = 10000
	sasl.login.retry.backoff.ms = 100
	sasl.mechanism = GSSAPI
	sasl.oauthbearer.clock.skew.seconds = 30
	sasl.oauthbearer.expected.audience = null
	sasl.oauthbearer.expected.issuer = null
	sasl.oauthbearer.header.urlencode = false
	sasl.oauthbearer.jwks.endpoint.refresh.ms = 3600000
	sasl.oauthbearer.jwks.endpoint.retry.backoff.max.ms = 10000
	sasl.oauthbearer.jwks.endpoint.retry.backoff.ms = 100
	sasl.oauthbearer.jwks.endpoint.url = null
	sasl.oauthbearer.scope.claim.name = scope
	sasl.oauthbearer.sub.claim.name = sub
	sasl.oauthbearer.token.endpoint.url = null
	security.protocol = PLAINTEXT
	security.providers = null
	send.buffer.bytes = 131072
	session.timeout.ms = 45000
	socket.connection.setup.timeout.max.ms = 30000
	socket.connection.setup.timeout.ms = 10000
	ssl.cipher.suites = null
	ssl.enabled.protocols = [TLSv1.2, TLSv1.3]
	ssl.endpoint.identification.algorithm = https
	ssl.engine.factory.class = null
	ssl.key.password = null
	ssl.keymanager.algorithm = SunX509
	ssl.keystore.certificate.chain = null
	ssl.keystore.key = null
	ssl.keystore.location = null
	ssl.keystore.password = null
	ssl.keystore.type = JKS
	ssl.protocol = TLSv1.3
	ssl.provider = null
	ssl.secure.random.implementation = null
	ssl.trustmanager.algorithm = PKIX
	ssl.truststore.certificates = null
	ssl.truststore.location = null
	ssl.truststore.password = null
	ssl.truststore.type = JKS
	value.deserializer = class io.apicurio.registry.serde.avro.AvroKafkaDeserializer

2025-08-13 02:18:49,914 INFO  [org.apa.kaf.com.tel.int.KafkaMetricsCollector] (main) initializing Kafka metrics collector
2025-08-13 02:18:49,959 INFO  [org.apa.kaf.cli.con.ConsumerConfig] (main) These configurations '[apicurio.registry.url, apicurio.registry.use-id]' were supplied but are not used yet.
2025-08-13 02:18:49,960 INFO  [org.apa.kaf.com.uti.AppInfoParser] (main) Kafka version: 3.9.1
2025-08-13 02:18:49,960 INFO  [org.apa.kaf.com.uti.AppInfoParser] (main) Kafka commitId: f745dfdcee2b9851
2025-08-13 02:18:49,961 INFO  [org.apa.kaf.com.uti.AppInfoParser] (main) Kafka startTimeMs: 1755051529960
2025-08-13 02:18:49,962 INFO  [org.apa.kaf.cli.con.int.ClassicKafkaConsumer] (Thread-603) [Consumer clientId=consumer-Consumer-topic-f11c21b7_6fd5_4250_9167_70206729043e-1, groupId=Consumer-topic-f11c21b7_6fd5_4250_9167_70206729043e] Subscribed to topic(s): topic-f11c21b7_6fd5_4250_9167_70206729043e
2025-08-13 02:18:49,978 INFO  [org.apa.kaf.cli.Metadata] (Thread-603) [Consumer clientId=consumer-Consumer-topic-f11c21b7_6fd5_4250_9167_70206729043e-1, groupId=Consumer-topic-f11c21b7_6fd5_4250_9167_70206729043e] Cluster ID: RhahJUjfTxKIJlGmUjwdsg
2025-08-13 02:18:50,130 INFO  [org.apa.kaf.cli.con.int.ConsumerCoordinator] (Thread-603) [Consumer clientId=consumer-Consumer-topic-f11c21b7_6fd5_4250_9167_70206729043e-1, groupId=Consumer-topic-f11c21b7_6fd5_4250_9167_70206729043e] Discovered group coordinator localhost:32769 (id: 2147483647 rack: null)
2025-08-13 02:18:50,144 INFO  [org.apa.kaf.cli.con.int.ConsumerCoordinator] (Thread-603) [Consumer clientId=consumer-Consumer-topic-f11c21b7_6fd5_4250_9167_70206729043e-1, groupId=Consumer-topic-f11c21b7_6fd5_4250_9167_70206729043e] (Re-)joining group
2025-08-13 02:18:50,202 INFO  [org.apa.kaf.cli.con.int.ConsumerCoordinator] (Thread-603) [Consumer clientId=consumer-Consumer-topic-f11c21b7_6fd5_4250_9167_70206729043e-1, groupId=Consumer-topic-f11c21b7_6fd5_4250_9167_70206729043e] Group coordinator localhost:32769 (id: 2147483647 rack: null) is unavailable or invalid due to cause: error response NOT_COORDINATOR. isDisconnected: false. Rediscovery will be attempted.
2025-08-13 02:18:50,202 INFO  [org.apa.kaf.cli.con.int.ConsumerCoordinator] (Thread-603) [Consumer clientId=consumer-Consumer-topic-f11c21b7_6fd5_4250_9167_70206729043e-1, groupId=Consumer-topic-f11c21b7_6fd5_4250_9167_70206729043e] Requesting disconnect from last known coordinator localhost:32769 (id: 2147483647 rack: null)
2025-08-13 02:18:50,203 INFO  [org.apa.kaf.cli.con.int.ConsumerCoordinator] (Thread-603) [Consumer clientId=consumer-Consumer-topic-f11c21b7_6fd5_4250_9167_70206729043e-1, groupId=Consumer-topic-f11c21b7_6fd5_4250_9167_70206729043e] JoinGroup failed: This is not the correct coordinator. Marking coordinator unknown. Sent generation was Generation{generationId=-1, memberId='', protocol='null'}
2025-08-13 02:18:50,203 INFO  [org.apa.kaf.cli.NetworkClient] (Thread-603) [Consumer clientId=consumer-Consumer-topic-f11c21b7_6fd5_4250_9167_70206729043e-1, groupId=Consumer-topic-f11c21b7_6fd5_4250_9167_70206729043e] Client requested disconnect from node 2147483647
2025-08-13 02:18:50,210 INFO  [org.apa.kaf.cli.con.int.ConsumerCoordinator] (Thread-603) [Consumer clientId=consumer-Consumer-topic-f11c21b7_6fd5_4250_9167_70206729043e-1, groupId=Consumer-topic-f11c21b7_6fd5_4250_9167_70206729043e] Discovered group coordinator localhost:32769 (id: 2147483647 rack: null)
2025-08-13 02:18:50,212 INFO  [org.apa.kaf.cli.con.int.ConsumerCoordinator] (Thread-603) [Consumer clientId=consumer-Consumer-topic-f11c21b7_6fd5_4250_9167_70206729043e-1, groupId=Consumer-topic-f11c21b7_6fd5_4250_9167_70206729043e] Group coordinator localhost:32769 (id: 2147483647 rack: null) is unavailable or invalid due to cause: coordinator unavailable. isDisconnected: false. Rediscovery will be attempted.
2025-08-13 02:18:50,212 INFO  [org.apa.kaf.cli.con.int.ConsumerCoordinator] (Thread-603) [Consumer clientId=consumer-Consumer-topic-f11c21b7_6fd5_4250_9167_70206729043e-1, groupId=Consumer-topic-f11c21b7_6fd5_4250_9167_70206729043e] Requesting disconnect from last known coordinator localhost:32769 (id: 2147483647 rack: null)
2025-08-13 02:18:50,311 INFO  [org.apa.kaf.cli.con.int.ConsumerCoordinator] (Thread-603) [Consumer clientId=consumer-Consumer-topic-f11c21b7_6fd5_4250_9167_70206729043e-1, groupId=Consumer-topic-f11c21b7_6fd5_4250_9167_70206729043e] Discovered group coordinator localhost:32769 (id: 2147483647 rack: null)
2025-08-13 02:18:50,314 INFO  [org.apa.kaf.cli.con.int.ConsumerCoordinator] (Thread-603) [Consumer clientId=consumer-Consumer-topic-f11c21b7_6fd5_4250_9167_70206729043e-1, groupId=Consumer-topic-f11c21b7_6fd5_4250_9167_70206729043e] Request joining group due to: rebalance failed due to 'This is not the correct coordinator.' (NotCoordinatorException)
2025-08-13 02:18:50,319 INFO  [org.apa.kaf.cli.con.int.ConsumerCoordinator] (Thread-603) [Consumer clientId=consumer-Consumer-topic-f11c21b7_6fd5_4250_9167_70206729043e-1, groupId=Consumer-topic-f11c21b7_6fd5_4250_9167_70206729043e] (Re-)joining group
2025-08-13 02:18:50,326 INFO  [org.apa.kaf.cli.con.int.ConsumerCoordinator] (Thread-603) [Consumer clientId=consumer-Consumer-topic-f11c21b7_6fd5_4250_9167_70206729043e-1, groupId=Consumer-topic-f11c21b7_6fd5_4250_9167_70206729043e] Group coordinator localhost:32769 (id: 2147483647 rack: null) is unavailable or invalid due to cause: error response NOT_COORDINATOR. isDisconnected: false. Rediscovery will be attempted.
2025-08-13 02:18:50,329 INFO  [org.apa.kaf.cli.con.int.ConsumerCoordinator] (Thread-603) [Consumer clientId=consumer-Consumer-topic-f11c21b7_6fd5_4250_9167_70206729043e-1, groupId=Consumer-topic-f11c21b7_6fd5_4250_9167_70206729043e] Requesting disconnect from last known coordinator localhost:32769 (id: 2147483647 rack: null)
2025-08-13 02:18:50,329 INFO  [org.apa.kaf.cli.con.int.ConsumerCoordinator] (Thread-603) [Consumer clientId=consumer-Consumer-topic-f11c21b7_6fd5_4250_9167_70206729043e-1, groupId=Consumer-topic-f11c21b7_6fd5_4250_9167_70206729043e] JoinGroup failed: This is not the correct coordinator. Marking coordinator unknown. Sent generation was Generation{generationId=-1, memberId='', protocol='null'}
2025-08-13 02:18:50,330 INFO  [org.apa.kaf.cli.NetworkClient] (Thread-603) [Consumer clientId=consumer-Consumer-topic-f11c21b7_6fd5_4250_9167_70206729043e-1, groupId=Consumer-topic-f11c21b7_6fd5_4250_9167_70206729043e] Client requested disconnect from node 2147483647
2025-08-13 02:18:50,335 INFO  [org.apa.kaf.cli.con.int.ConsumerCoordinator] (Thread-603) [Consumer clientId=consumer-Consumer-topic-f11c21b7_6fd5_4250_9167_70206729043e-1, groupId=Consumer-topic-f11c21b7_6fd5_4250_9167_70206729043e] Discovered group coordinator localhost:32769 (id: 2147483647 rack: null)
2025-08-13 02:18:50,335 INFO  [org.apa.kaf.cli.con.int.ConsumerCoordinator] (Thread-603) [Consumer clientId=consumer-Consumer-topic-f11c21b7_6fd5_4250_9167_70206729043e-1, groupId=Consumer-topic-f11c21b7_6fd5_4250_9167_70206729043e] Group coordinator localhost:32769 (id: 2147483647 rack: null) is unavailable or invalid due to cause: coordinator unavailable. isDisconnected: false. Rediscovery will be attempted.
2025-08-13 02:18:50,335 INFO  [org.apa.kaf.cli.con.int.ConsumerCoordinator] (Thread-603) [Consumer clientId=consumer-Consumer-topic-f11c21b7_6fd5_4250_9167_70206729043e-1, groupId=Consumer-topic-f11c21b7_6fd5_4250_9167_70206729043e] Requesting disconnect from last known coordinator localhost:32769 (id: 2147483647 rack: null)
2025-08-13 02:18:50,456 INFO  [org.apa.kaf.cli.con.int.ConsumerCoordinator] (Thread-603) [Consumer clientId=consumer-Consumer-topic-f11c21b7_6fd5_4250_9167_70206729043e-1, groupId=Consumer-topic-f11c21b7_6fd5_4250_9167_70206729043e] Discovered group coordinator localhost:32769 (id: 2147483647 rack: null)
2025-08-13 02:18:50,459 INFO  [org.apa.kaf.cli.con.int.ConsumerCoordinator] (Thread-603) [Consumer clientId=consumer-Consumer-topic-f11c21b7_6fd5_4250_9167_70206729043e-1, groupId=Consumer-topic-f11c21b7_6fd5_4250_9167_70206729043e] Request joining group due to: rebalance failed due to 'This is not the correct coordinator.' (NotCoordinatorException)
2025-08-13 02:18:50,460 INFO  [org.apa.kaf.cli.con.int.ConsumerCoordinator] (Thread-603) [Consumer clientId=consumer-Consumer-topic-f11c21b7_6fd5_4250_9167_70206729043e-1, groupId=Consumer-topic-f11c21b7_6fd5_4250_9167_70206729043e] (Re-)joining group
2025-08-13 02:18:50,469 INFO  [org.apa.kaf.cli.con.int.ConsumerCoordinator] (Thread-603) [Consumer clientId=consumer-Consumer-topic-f11c21b7_6fd5_4250_9167_70206729043e-1, groupId=Consumer-topic-f11c21b7_6fd5_4250_9167_70206729043e] Group coordinator localhost:32769 (id: 2147483647 rack: null) is unavailable or invalid due to cause: error response NOT_COORDINATOR. isDisconnected: false. Rediscovery will be attempted.
2025-08-13 02:18:50,469 INFO  [org.apa.kaf.cli.con.int.ConsumerCoordinator] (Thread-603) [Consumer clientId=consumer-Consumer-topic-f11c21b7_6fd5_4250_9167_70206729043e-1, groupId=Consumer-topic-f11c21b7_6fd5_4250_9167_70206729043e] Requesting disconnect from last known coordinator localhost:32769 (id: 2147483647 rack: null)
2025-08-13 02:18:50,469 INFO  [org.apa.kaf.cli.con.int.ConsumerCoordinator] (Thread-603) [Consumer clientId=consumer-Consumer-topic-f11c21b7_6fd5_4250_9167_70206729043e-1, groupId=Consumer-topic-f11c21b7_6fd5_4250_9167_70206729043e] JoinGroup failed: This is not the correct coordinator. Marking coordinator unknown. Sent generation was Generation{generationId=-1, memberId='', protocol='null'}
2025-08-13 02:18:50,469 INFO  [org.apa.kaf.cli.NetworkClient] (Thread-603) [Consumer clientId=consumer-Consumer-topic-f11c21b7_6fd5_4250_9167_70206729043e-1, groupId=Consumer-topic-f11c21b7_6fd5_4250_9167_70206729043e] Client requested disconnect from node 2147483647
2025-08-13 02:18:50,474 INFO  [org.apa.kaf.cli.con.int.ConsumerCoordinator] (Thread-603) [Consumer clientId=consumer-Consumer-topic-f11c21b7_6fd5_4250_9167_70206729043e-1, groupId=Consumer-topic-f11c21b7_6fd5_4250_9167_70206729043e] Discovered group coordinator localhost:32769 (id: 2147483647 rack: null)
2025-08-13 02:18:50,474 INFO  [org.apa.kaf.cli.con.int.ConsumerCoordinator] (Thread-603) [Consumer clientId=consumer-Consumer-topic-f11c21b7_6fd5_4250_9167_70206729043e-1, groupId=Consumer-topic-f11c21b7_6fd5_4250_9167_70206729043e] Group coordinator localhost:32769 (id: 2147483647 rack: null) is unavailable or invalid due to cause: coordinator unavailable. isDisconnected: false. Rediscovery will be attempted.
2025-08-13 02:18:50,474 INFO  [org.apa.kaf.cli.con.int.ConsumerCoordinator] (Thread-603) [Consumer clientId=consumer-Consumer-topic-f11c21b7_6fd5_4250_9167_70206729043e-1, groupId=Consumer-topic-f11c21b7_6fd5_4250_9167_70206729043e] Requesting disconnect from last known coordinator localhost:32769 (id: 2147483647 rack: null)
2025-08-13 02:18:50,577 INFO  [org.apa.kaf.cli.con.int.ConsumerCoordinator] (Thread-603) [Consumer clientId=consumer-Consumer-topic-f11c21b7_6fd5_4250_9167_70206729043e-1, groupId=Consumer-topic-f11c21b7_6fd5_4250_9167_70206729043e] Discovered group coordinator localhost:32769 (id: 2147483647 rack: null)
2025-08-13 02:18:50,578 INFO  [org.apa.kaf.cli.con.int.ConsumerCoordinator] (Thread-603) [Consumer clientId=consumer-Consumer-topic-f11c21b7_6fd5_4250_9167_70206729043e-1, groupId=Consumer-topic-f11c21b7_6fd5_4250_9167_70206729043e] Request joining group due to: rebalance failed due to 'This is not the correct coordinator.' (NotCoordinatorException)
2025-08-13 02:18:50,581 INFO  [org.apa.kaf.cli.con.int.ConsumerCoordinator] (Thread-603) [Consumer clientId=consumer-Consumer-topic-f11c21b7_6fd5_4250_9167_70206729043e-1, groupId=Consumer-topic-f11c21b7_6fd5_4250_9167_70206729043e] (Re-)joining group
2025-08-13 02:18:50,588 INFO  [org.apa.kaf.cli.con.int.ConsumerCoordinator] (Thread-603) [Consumer clientId=consumer-Consumer-topic-f11c21b7_6fd5_4250_9167_70206729043e-1, groupId=Consumer-topic-f11c21b7_6fd5_4250_9167_70206729043e] Group coordinator localhost:32769 (id: 2147483647 rack: null) is unavailable or invalid due to cause: error response NOT_COORDINATOR. isDisconnected: false. Rediscovery will be attempted.
2025-08-13 02:18:50,588 INFO  [org.apa.kaf.cli.con.int.ConsumerCoordinator] (Thread-603) [Consumer clientId=consumer-Consumer-topic-f11c21b7_6fd5_4250_9167_70206729043e-1, groupId=Consumer-topic-f11c21b7_6fd5_4250_9167_70206729043e] Requesting disconnect from last known coordinator localhost:32769 (id: 2147483647 rack: null)
2025-08-13 02:18:50,590 INFO  [org.apa.kaf.cli.con.int.ConsumerCoordinator] (Thread-603) [Consumer clientId=consumer-Consumer-topic-f11c21b7_6fd5_4250_9167_70206729043e-1, groupId=Consumer-topic-f11c21b7_6fd5_4250_9167_70206729043e] JoinGroup failed: This is not the correct coordinator. Marking coordinator unknown. Sent generation was Generation{generationId=-1, memberId='', protocol='null'}
2025-08-13 02:18:50,590 INFO  [org.apa.kaf.cli.NetworkClient] (Thread-603) [Consumer clientId=consumer-Consumer-topic-f11c21b7_6fd5_4250_9167_70206729043e-1, groupId=Consumer-topic-f11c21b7_6fd5_4250_9167_70206729043e] Client requested disconnect from node 2147483647
2025-08-13 02:18:50,595 INFO  [org.apa.kaf.cli.con.int.ConsumerCoordinator] (Thread-603) [Consumer clientId=consumer-Consumer-topic-f11c21b7_6fd5_4250_9167_70206729043e-1, groupId=Consumer-topic-f11c21b7_6fd5_4250_9167_70206729043e] Discovered group coordinator localhost:32769 (id: 2147483647 rack: null)
2025-08-13 02:18:50,596 INFO  [org.apa.kaf.cli.con.int.ConsumerCoordinator] (Thread-603) [Consumer clientId=consumer-Consumer-topic-f11c21b7_6fd5_4250_9167_70206729043e-1, groupId=Consumer-topic-f11c21b7_6fd5_4250_9167_70206729043e] Group coordinator localhost:32769 (id: 2147483647 rack: null) is unavailable or invalid due to cause: coordinator unavailable. isDisconnected: false. Rediscovery will be attempted.
2025-08-13 02:18:50,596 INFO  [org.apa.kaf.cli.con.int.ConsumerCoordinator] (Thread-603) [Consumer clientId=consumer-Consumer-topic-f11c21b7_6fd5_4250_9167_70206729043e-1, groupId=Consumer-topic-f11c21b7_6fd5_4250_9167_70206729043e] Requesting disconnect from last known coordinator localhost:32769 (id: 2147483647 rack: null)
2025-08-13 02:18:50,692 INFO  [org.apa.kaf.cli.con.int.ConsumerCoordinator] (Thread-603) [Consumer clientId=consumer-Consumer-topic-f11c21b7_6fd5_4250_9167_70206729043e-1, groupId=Consumer-topic-f11c21b7_6fd5_4250_9167_70206729043e] Discovered group coordinator localhost:32769 (id: 2147483647 rack: null)
2025-08-13 02:18:50,693 INFO  [org.apa.kaf.cli.con.int.ConsumerCoordinator] (Thread-603) [Consumer clientId=consumer-Consumer-topic-f11c21b7_6fd5_4250_9167_70206729043e-1, groupId=Consumer-topic-f11c21b7_6fd5_4250_9167_70206729043e] Request joining group due to: rebalance failed due to 'This is not the correct coordinator.' (NotCoordinatorException)
2025-08-13 02:18:50,695 INFO  [org.apa.kaf.cli.con.int.ConsumerCoordinator] (Thread-603) [Consumer clientId=consumer-Consumer-topic-f11c21b7_6fd5_4250_9167_70206729043e-1, groupId=Consumer-topic-f11c21b7_6fd5_4250_9167_70206729043e] (Re-)joining group
2025-08-13 02:18:50,726 INFO  [org.apa.kaf.cli.con.int.ConsumerCoordinator] (Thread-603) [Consumer clientId=consumer-Consumer-topic-f11c21b7_6fd5_4250_9167_70206729043e-1, groupId=Consumer-topic-f11c21b7_6fd5_4250_9167_70206729043e] Request joining group due to: need to re-join with the given member-id: consumer-Consumer-topic-f11c21b7_6fd5_4250_9167_70206729043e-1-8d6dd76a-971d-41a1-9bb8-4d90461cc01c
2025-08-13 02:18:50,727 INFO  [org.apa.kaf.cli.con.int.ConsumerCoordinator] (Thread-603) [Consumer clientId=consumer-Consumer-topic-f11c21b7_6fd5_4250_9167_70206729043e-1, groupId=Consumer-topic-f11c21b7_6fd5_4250_9167_70206729043e] (Re-)joining group
2025-08-13 02:18:50,963 INFO  [io.api.tes.ser.api.KafkaSerdesTester] (Thread-603) None found
2025-08-13 02:18:51,963 INFO  [io.api.tes.ser.api.KafkaSerdesTester] (Thread-603) None found
2025-08-13 02:18:52,964 INFO  [io.api.tes.ser.api.KafkaSerdesTester] (Thread-603) None found
2025-08-13 02:18:53,744 INFO  [org.apa.kaf.cli.con.int.ConsumerCoordinator] (Thread-603) [Consumer clientId=consumer-Consumer-topic-f11c21b7_6fd5_4250_9167_70206729043e-1, groupId=Consumer-topic-f11c21b7_6fd5_4250_9167_70206729043e] Successfully joined group with generation Generation{generationId=1, memberId='consumer-Consumer-topic-f11c21b7_6fd5_4250_9167_70206729043e-1-8d6dd76a-971d-41a1-9bb8-4d90461cc01c', protocol='range'}
2025-08-13 02:18:53,756 INFO  [org.apa.kaf.cli.con.int.ConsumerCoordinator] (Thread-603) [Consumer clientId=consumer-Consumer-topic-f11c21b7_6fd5_4250_9167_70206729043e-1, groupId=Consumer-topic-f11c21b7_6fd5_4250_9167_70206729043e] Finished assignment for group at generation 1: {consumer-Consumer-topic-f11c21b7_6fd5_4250_9167_70206729043e-1-8d6dd76a-971d-41a1-9bb8-4d90461cc01c=Assignment(partitions=[topic-f11c21b7_6fd5_4250_9167_70206729043e-0])}
2025-08-13 02:18:53,777 INFO  [org.apa.kaf.cli.con.int.ConsumerCoordinator] (Thread-603) [Consumer clientId=consumer-Consumer-topic-f11c21b7_6fd5_4250_9167_70206729043e-1, groupId=Consumer-topic-f11c21b7_6fd5_4250_9167_70206729043e] Successfully synced group in generation Generation{generationId=1, memberId='consumer-Consumer-topic-f11c21b7_6fd5_4250_9167_70206729043e-1-8d6dd76a-971d-41a1-9bb8-4d90461cc01c', protocol='range'}
2025-08-13 02:18:53,778 INFO  [org.apa.kaf.cli.con.int.ConsumerCoordinator] (Thread-603) [Consumer clientId=consumer-Consumer-topic-f11c21b7_6fd5_4250_9167_70206729043e-1, groupId=Consumer-topic-f11c21b7_6fd5_4250_9167_70206729043e] Notifying assignor about the new Assignment(partitions=[topic-f11c21b7_6fd5_4250_9167_70206729043e-0])
2025-08-13 02:18:53,781 INFO  [org.apa.kaf.cli.con.int.ConsumerRebalanceListenerInvoker] (Thread-603) [Consumer clientId=consumer-Consumer-topic-f11c21b7_6fd5_4250_9167_70206729043e-1, groupId=Consumer-topic-f11c21b7_6fd5_4250_9167_70206729043e] Adding newly assigned partitions: topic-f11c21b7_6fd5_4250_9167_70206729043e-0
2025-08-13 02:18:53,805 INFO  [org.apa.kaf.cli.con.int.ConsumerCoordinator] (Thread-603) [Consumer clientId=consumer-Consumer-topic-f11c21b7_6fd5_4250_9167_70206729043e-1, groupId=Consumer-topic-f11c21b7_6fd5_4250_9167_70206729043e] Found no committed offset for partition topic-f11c21b7_6fd5_4250_9167_70206729043e-0
2025-08-13 02:18:53,833 INFO  [org.apa.kaf.cli.con.int.SubscriptionState] (Thread-603) [Consumer clientId=consumer-Consumer-topic-f11c21b7_6fd5_4250_9167_70206729043e-1, groupId=Consumer-topic-f11c21b7_6fd5_4250_9167_70206729043e] Resetting offset for partition topic-f11c21b7_6fd5_4250_9167_70206729043e-0 to position FetchPosition{offset=0, offsetEpoch=Optional.empty, currentLeader=LeaderAndEpoch{leader=Optional[localhost:32769 (id: 0 rack: null)], epoch=0}}.
2025-08-13 02:18:53,980 INFO  [io.api.tes.ser.api.KafkaSerdesTester] (Thread-603) topic-f11c21b7_6fd5_4250_9167_70206729043e 0 0 {"key11755051528899": "value-0"}
2025-08-13 02:18:53,981 INFO  [io.api.tes.ser.api.KafkaSerdesTester] (Thread-603) topic-f11c21b7_6fd5_4250_9167_70206729043e 0 1 {"key11755051528899": "value-1"}
2025-08-13 02:18:53,981 INFO  [io.api.tes.ser.api.KafkaSerdesTester] (Thread-603) topic-f11c21b7_6fd5_4250_9167_70206729043e 0 2 {"key11755051528899": "value-2"}
2025-08-13 02:18:53,981 INFO  [io.api.tes.ser.api.KafkaSerdesTester] (Thread-603) topic-f11c21b7_6fd5_4250_9167_70206729043e 0 3 {"key11755051528899": "value-3"}
2025-08-13 02:18:53,982 INFO  [io.api.tes.ser.api.KafkaSerdesTester] (Thread-603) topic-f11c21b7_6fd5_4250_9167_70206729043e 0 4 {"key11755051528899": "value-4"}
2025-08-13 02:18:53,983 INFO  [io.api.tes.ser.api.KafkaSerdesTester] (Thread-603) topic-f11c21b7_6fd5_4250_9167_70206729043e 0 5 {"key11755051528899": "value-5"}
2025-08-13 02:18:53,983 INFO  [io.api.tes.ser.api.KafkaSerdesTester] (Thread-603) topic-f11c21b7_6fd5_4250_9167_70206729043e 0 6 {"key11755051528899": "value-6"}
2025-08-13 02:18:53,983 INFO  [io.api.tes.ser.api.KafkaSerdesTester] (Thread-603) topic-f11c21b7_6fd5_4250_9167_70206729043e 0 7 {"key11755051528899": "value-7"}
2025-08-13 02:18:53,983 INFO  [io.api.tes.ser.api.KafkaSerdesTester] (Thread-603) topic-f11c21b7_6fd5_4250_9167_70206729043e 0 8 {"key11755051528899": "value-8"}
2025-08-13 02:18:53,983 INFO  [io.api.tes.ser.api.KafkaSerdesTester] (Thread-603) topic-f11c21b7_6fd5_4250_9167_70206729043e 0 9 {"key11755051528899": "value-9"}
2025-08-13 02:18:53,983 INFO  [io.api.tes.ser.api.KafkaSerdesTester] (Thread-603) Consumed 10 messages
2025-08-13 02:18:54,042 INFO  [org.apa.kaf.cli.con.int.ConsumerRebalanceListenerInvoker] (Thread-603) [Consumer clientId=consumer-Consumer-topic-f11c21b7_6fd5_4250_9167_70206729043e-1, groupId=Consumer-topic-f11c21b7_6fd5_4250_9167_70206729043e] Revoke previously assigned partitions topic-f11c21b7_6fd5_4250_9167_70206729043e-0
2025-08-13 02:18:54,042 INFO  [org.apa.kaf.cli.con.int.ConsumerCoordinator] (Thread-603) [Consumer clientId=consumer-Consumer-topic-f11c21b7_6fd5_4250_9167_70206729043e-1, groupId=Consumer-topic-f11c21b7_6fd5_4250_9167_70206729043e] Member consumer-Consumer-topic-f11c21b7_6fd5_4250_9167_70206729043e-1-8d6dd76a-971d-41a1-9bb8-4d90461cc01c sending LeaveGroup request to coordinator localhost:32769 (id: 2147483647 rack: null) due to the consumer is being closed
2025-08-13 02:18:54,044 INFO  [org.apa.kaf.cli.con.int.ConsumerCoordinator] (Thread-603) [Consumer clientId=consumer-Consumer-topic-f11c21b7_6fd5_4250_9167_70206729043e-1, groupId=Consumer-topic-f11c21b7_6fd5_4250_9167_70206729043e] Resetting generation and member id due to: consumer pro-actively leaving the group
2025-08-13 02:18:54,044 INFO  [org.apa.kaf.cli.con.int.ConsumerCoordinator] (Thread-603) [Consumer clientId=consumer-Consumer-topic-f11c21b7_6fd5_4250_9167_70206729043e-1, groupId=Consumer-topic-f11c21b7_6fd5_4250_9167_70206729043e] Request joining group due to: consumer pro-actively leaving the group
2025-08-13 02:18:54,505 INFO  [org.apa.kaf.com.met.Metrics] (Thread-603) Metrics scheduler closed
2025-08-13 02:18:54,505 INFO  [org.apa.kaf.com.met.Metrics] (Thread-603) Closing reporter org.apache.kafka.common.metrics.JmxReporter
2025-08-13 02:18:54,505 INFO  [org.apa.kaf.com.met.Metrics] (Thread-603) Closing reporter org.apache.kafka.common.telemetry.internals.ClientTelemetryReporter
2025-08-13 02:18:54,505 INFO  [org.apa.kaf.com.met.Metrics] (Thread-603) Metrics reporters closed
2025-08-13 02:18:54,514 INFO  [org.apa.kaf.com.uti.AppInfoParser] (Thread-603) App info kafka.consumer for consumer-Consumer-topic-f11c21b7_6fd5_4250_9167_70206729043e-1 unregistered
2025-08-13 02:18:54,515 INFO  [io.api.tes.uti.TestSeparator] (main) io.apicurio.tests.serdes.apicurio.AvroSerdeIT.testGlobalIdInHeaders-FINISHED
2025-08-13 02:18:54,515 INFO  [io.api.tes.uti.TestSeparator] (main) ############################################################################
Test passed: testGlobalIdInHeaders
]]></system-out>
  </testcase>
  <testcase name="testSimpleTopicIdStrategyFindLatest" classname="io.apicurio.tests.serdes.apicurio.AvroSerdeIT" time="4.962">
    <system-out><![CDATA[2025-08-13 02:18:54,521 INFO  [io.api.tes.uti.TestSeparator] (main) ############################################################################
2025-08-13 02:18:54,523 INFO  [io.api.tes.uti.TestSeparator] (main) io.apicurio.tests.serdes.apicurio.AvroSerdeIT.testSimpleTopicIdStrategyFindLatest-STARTED
2025-08-13 02:18:54,524 INFO  [io.api.tes.ser.api.AvroSerdeIT] (main) Registering Avro Schema: {"type":"record","name":"myrecordapicurio1","fields":[{"name":"key11755051534523","type":"string"}]}
**** Registry Base URL: http://registry-app-ksql047.apps.ci419.apicurio-testing.org:80
2025-08-13 02:18:55,635 INFO  [org.apa.kaf.cli.pro.ProducerConfig] (main) ProducerConfig values: 
	acks = -1
	auto.include.jmx.reporter = true
	batch.size = 16384
	bootstrap.servers = [PLAINTEXT://localhost:32769]
	buffer.memory = 33554432
	client.dns.lookup = use_all_dns_ips
	client.id = Producer-topic-a1fb47f4_eaa5_47f7_bb2a_3af4b6a67d6a
	compression.gzip.level = -1
	compression.lz4.level = 9
	compression.type = none
	compression.zstd.level = 3
	connections.max.idle.ms = 10000
	delivery.timeout.ms = 120000
	enable.idempotence = true
	enable.metrics.push = true
	interceptor.classes = []
	key.serializer = class org.apache.kafka.common.serialization.StringSerializer
	linger.ms = 0
	max.block.ms = 60000
	max.in.flight.requests.per.connection = 5
	max.request.size = 1048576
	metadata.max.age.ms = 300000
	metadata.max.idle.ms = 300000
	metadata.recovery.strategy = none
	metric.reporters = []
	metrics.num.samples = 2
	metrics.recording.level = INFO
	metrics.sample.window.ms = 30000
	partitioner.adaptive.partitioning.enable = true
	partitioner.availability.timeout.ms = 0
	partitioner.class = null
	partitioner.ignore.keys = false
	receive.buffer.bytes = 32768
	reconnect.backoff.max.ms = 1000
	reconnect.backoff.ms = 50
	request.timeout.ms = 5000
	retries = 2147483647
	retry.backoff.max.ms = 1000
	retry.backoff.ms = 100
	sasl.client.callback.handler.class = null
	sasl.jaas.config = null
	sasl.kerberos.kinit.cmd = /usr/bin/kinit
	sasl.kerberos.min.time.before.relogin = 60000
	sasl.kerberos.service.name = null
	sasl.kerberos.ticket.renew.jitter = 0.05
	sasl.kerberos.ticket.renew.window.factor = 0.8
	sasl.login.callback.handler.class = null
	sasl.login.class = null
	sasl.login.connect.timeout.ms = null
	sasl.login.read.timeout.ms = null
	sasl.login.refresh.buffer.seconds = 300
	sasl.login.refresh.min.period.seconds = 60
	sasl.login.refresh.window.factor = 0.8
	sasl.login.refresh.window.jitter = 0.05
	sasl.login.retry.backoff.max.ms = 10000
	sasl.login.retry.backoff.ms = 100
	sasl.mechanism = GSSAPI
	sasl.oauthbearer.clock.skew.seconds = 30
	sasl.oauthbearer.expected.audience = null
	sasl.oauthbearer.expected.issuer = null
	sasl.oauthbearer.header.urlencode = false
	sasl.oauthbearer.jwks.endpoint.refresh.ms = 3600000
	sasl.oauthbearer.jwks.endpoint.retry.backoff.max.ms = 10000
	sasl.oauthbearer.jwks.endpoint.retry.backoff.ms = 100
	sasl.oauthbearer.jwks.endpoint.url = null
	sasl.oauthbearer.scope.claim.name = scope
	sasl.oauthbearer.sub.claim.name = sub
	sasl.oauthbearer.token.endpoint.url = null
	security.protocol = PLAINTEXT
	security.providers = null
	send.buffer.bytes = 131072
	socket.connection.setup.timeout.max.ms = 30000
	socket.connection.setup.timeout.ms = 10000
	ssl.cipher.suites = null
	ssl.enabled.protocols = [TLSv1.2, TLSv1.3]
	ssl.endpoint.identification.algorithm = https
	ssl.engine.factory.class = null
	ssl.key.password = null
	ssl.keymanager.algorithm = SunX509
	ssl.keystore.certificate.chain = null
	ssl.keystore.key = null
	ssl.keystore.location = null
	ssl.keystore.password = null
	ssl.keystore.type = JKS
	ssl.protocol = TLSv1.3
	ssl.provider = null
	ssl.secure.random.implementation = null
	ssl.trustmanager.algorithm = PKIX
	ssl.truststore.certificates = null
	ssl.truststore.location = null
	ssl.truststore.password = null
	ssl.truststore.type = JKS
	transaction.timeout.ms = 60000
	transactional.id = null
	value.serializer = class io.apicurio.registry.serde.avro.AvroKafkaSerializer

2025-08-13 02:18:55,635 INFO  [org.apa.kaf.com.tel.int.KafkaMetricsCollector] (main) initializing Kafka metrics collector
2025-08-13 02:18:55,640 INFO  [org.apa.kaf.cli.pro.KafkaProducer] (main) [Producer clientId=Producer-topic-a1fb47f4_eaa5_47f7_bb2a_3af4b6a67d6a] Instantiated an idempotent producer.
2025-08-13 02:18:55,647 INFO  [org.apa.kaf.cli.pro.ProducerConfig] (main) These configurations '[apicurio.registry.find-latest, apicurio.registry.artifact.group-id, apicurio.registry.url, apicurio.registry.artifact-resolver-strategy]' were supplied but are not used yet.
2025-08-13 02:18:55,647 INFO  [org.apa.kaf.com.uti.AppInfoParser] (main) Kafka version: 3.9.1
2025-08-13 02:18:55,647 INFO  [org.apa.kaf.com.uti.AppInfoParser] (main) Kafka commitId: f745dfdcee2b9851
2025-08-13 02:18:55,647 INFO  [org.apa.kaf.com.uti.AppInfoParser] (main) Kafka startTimeMs: 1755051535647
2025-08-13 02:18:55,651 INFO  [io.api.tes.ser.api.SimpleSerdesTesterBuilder$SimpleSerdesTester] (main) Using producer configuration: {apicurio.registry.find-latest=true, apicurio.registry.artifact.group-id=topic-a1fb47f4_eaa5_47f7_bb2a_3af4b6a67d6a, apicurio.registry.url=http://registry-app-ksql047.apps.ci419.apicurio-testing.org:80/apis/registry/v3, apicurio.registry.artifact-resolver-strategy=io.apicurio.registry.serde.strategy.SimpleTopicIdStrategy, value.serializer=io.apicurio.registry.serde.avro.AvroKafkaSerializer, request.timeout.ms=5000, acks=all, bootstrap.servers=PLAINTEXT://localhost:32769, connections.max.idle.ms=10000, key.serializer=org.apache.kafka.common.serialization.StringSerializer, client.id=Producer-topic-a1fb47f4_eaa5_47f7_bb2a_3af4b6a67d6a}
2025-08-13 02:18:55,651 INFO  [io.api.tes.ser.api.SimpleSerdesTesterBuilder$SimpleSerdesTester] (main) Using consumer configuration: {}
2025-08-13 02:18:55,655 INFO  [io.api.tes.ser.api.KafkaSerdesTester] (Thread-606) Sending message {"key11755051534523": "value-0"} to topic topic-a1fb47f4_eaa5_47f7_bb2a_3af4b6a67d6a
2025-08-13 02:18:55,660 INFO  [org.apa.kaf.cli.Metadata] (kafka-producer-network-thread | Producer-topic-a1fb47f4_eaa5_47f7_bb2a_3af4b6a67d6a) [Producer clientId=Producer-topic-a1fb47f4_eaa5_47f7_bb2a_3af4b6a67d6a] Cluster ID: RhahJUjfTxKIJlGmUjwdsg
2025-08-13 02:18:55,662 INFO  [org.apa.kaf.cli.pro.int.TransactionManager] (kafka-producer-network-thread | Producer-topic-a1fb47f4_eaa5_47f7_bb2a_3af4b6a67d6a) [Producer clientId=Producer-topic-a1fb47f4_eaa5_47f7_bb2a_3af4b6a67d6a] ProducerId set to 1 with epoch 0
2025-08-13 02:18:55,781 INFO  [io.api.tes.ser.api.KafkaSerdesTester] (Thread-606) Sending message {"key11755051534523": "value-1"} to topic topic-a1fb47f4_eaa5_47f7_bb2a_3af4b6a67d6a
2025-08-13 02:18:55,787 INFO  [io.api.tes.ser.api.KafkaSerdesTester] (Thread-606) Sending message {"key11755051534523": "value-2"} to topic topic-a1fb47f4_eaa5_47f7_bb2a_3af4b6a67d6a
2025-08-13 02:18:55,793 INFO  [io.api.tes.ser.api.KafkaSerdesTester] (Thread-606) Sending message {"key11755051534523": "value-3"} to topic topic-a1fb47f4_eaa5_47f7_bb2a_3af4b6a67d6a
2025-08-13 02:18:55,796 INFO  [io.api.tes.ser.api.KafkaSerdesTester] (Thread-606) Sending message {"key11755051534523": "value-4"} to topic topic-a1fb47f4_eaa5_47f7_bb2a_3af4b6a67d6a
2025-08-13 02:18:55,802 INFO  [io.api.tes.ser.api.KafkaSerdesTester] (Thread-606) Sending message {"key11755051534523": "value-5"} to topic topic-a1fb47f4_eaa5_47f7_bb2a_3af4b6a67d6a
2025-08-13 02:18:55,805 INFO  [io.api.tes.ser.api.KafkaSerdesTester] (Thread-606) Sending message {"key11755051534523": "value-6"} to topic topic-a1fb47f4_eaa5_47f7_bb2a_3af4b6a67d6a
2025-08-13 02:18:55,808 INFO  [io.api.tes.ser.api.KafkaSerdesTester] (Thread-606) Sending message {"key11755051534523": "value-7"} to topic topic-a1fb47f4_eaa5_47f7_bb2a_3af4b6a67d6a
2025-08-13 02:18:55,811 INFO  [io.api.tes.ser.api.KafkaSerdesTester] (Thread-606) Sending message {"key11755051534523": "value-8"} to topic topic-a1fb47f4_eaa5_47f7_bb2a_3af4b6a67d6a
2025-08-13 02:18:55,815 INFO  [io.api.tes.ser.api.KafkaSerdesTester] (Thread-606) Sending message {"key11755051534523": "value-9"} to topic topic-a1fb47f4_eaa5_47f7_bb2a_3af4b6a67d6a
2025-08-13 02:18:55,817 INFO  [io.api.tes.ser.api.KafkaSerdesTester] (Thread-606) Produced 10 messages
2025-08-13 02:18:55,818 INFO  [org.apa.kaf.cli.pro.KafkaProducer] (Thread-606) [Producer clientId=Producer-topic-a1fb47f4_eaa5_47f7_bb2a_3af4b6a67d6a] Closing the Kafka producer with timeoutMillis = 9223372036854775807 ms.
2025-08-13 02:18:55,822 INFO  [org.apa.kaf.com.met.Metrics] (Thread-606) Metrics scheduler closed
2025-08-13 02:18:55,822 INFO  [org.apa.kaf.com.met.Metrics] (Thread-606) Closing reporter org.apache.kafka.common.metrics.JmxReporter
2025-08-13 02:18:55,823 INFO  [org.apa.kaf.com.met.Metrics] (Thread-606) Closing reporter org.apache.kafka.common.telemetry.internals.ClientTelemetryReporter
2025-08-13 02:18:55,823 INFO  [org.apa.kaf.com.met.Metrics] (Thread-606) Metrics reporters closed
2025-08-13 02:18:55,823 INFO  [org.apa.kaf.com.uti.AppInfoParser] (Thread-606) App info kafka.producer for Producer-topic-a1fb47f4_eaa5_47f7_bb2a_3af4b6a67d6a unregistered
**** Registry Base URL: http://registry-app-ksql047.apps.ci419.apicurio-testing.org:80
2025-08-13 02:18:55,824 INFO  [org.apa.kaf.cli.con.ConsumerConfig] (main) ConsumerConfig values: 
	allow.auto.create.topics = true
	auto.commit.interval.ms = 500
	auto.include.jmx.reporter = true
	auto.offset.reset = earliest
	bootstrap.servers = [PLAINTEXT://localhost:32769]
	check.crcs = true
	client.dns.lookup = use_all_dns_ips
	client.id = consumer-Consumer-topic-a1fb47f4_eaa5_47f7_bb2a_3af4b6a67d6a-2
	client.rack = 
	connections.max.idle.ms = 10000
	default.api.timeout.ms = 60000
	enable.auto.commit = true
	enable.metrics.push = true
	exclude.internal.topics = true
	fetch.max.bytes = 52428800
	fetch.max.wait.ms = 500
	fetch.min.bytes = 1
	group.id = Consumer-topic-a1fb47f4_eaa5_47f7_bb2a_3af4b6a67d6a
	group.instance.id = null
	group.protocol = classic
	group.remote.assignor = null
	heartbeat.interval.ms = 3000
	interceptor.classes = []
	internal.leave.group.on.close = true
	internal.throw.on.fetch.stable.offset.unsupported = false
	isolation.level = read_uncommitted
	key.deserializer = class org.apache.kafka.common.serialization.StringDeserializer
	max.partition.fetch.bytes = 1048576
	max.poll.interval.ms = 300000
	max.poll.records = 500
	metadata.max.age.ms = 300000
	metadata.recovery.strategy = none
	metric.reporters = []
	metrics.num.samples = 2
	metrics.recording.level = INFO
	metrics.sample.window.ms = 30000
	partition.assignment.strategy = [class org.apache.kafka.clients.consumer.RangeAssignor, class org.apache.kafka.clients.consumer.CooperativeStickyAssignor]
	receive.buffer.bytes = 65536
	reconnect.backoff.max.ms = 1000
	reconnect.backoff.ms = 50
	request.timeout.ms = 5000
	retry.backoff.max.ms = 1000
	retry.backoff.ms = 100
	sasl.client.callback.handler.class = null
	sasl.jaas.config = null
	sasl.kerberos.kinit.cmd = /usr/bin/kinit
	sasl.kerberos.min.time.before.relogin = 60000
	sasl.kerberos.service.name = null
	sasl.kerberos.ticket.renew.jitter = 0.05
	sasl.kerberos.ticket.renew.window.factor = 0.8
	sasl.login.callback.handler.class = null
	sasl.login.class = null
	sasl.login.connect.timeout.ms = null
	sasl.login.read.timeout.ms = null
	sasl.login.refresh.buffer.seconds = 300
	sasl.login.refresh.min.period.seconds = 60
	sasl.login.refresh.window.factor = 0.8
	sasl.login.refresh.window.jitter = 0.05
	sasl.login.retry.backoff.max.ms = 10000
	sasl.login.retry.backoff.ms = 100
	sasl.mechanism = GSSAPI
	sasl.oauthbearer.clock.skew.seconds = 30
	sasl.oauthbearer.expected.audience = null
	sasl.oauthbearer.expected.issuer = null
	sasl.oauthbearer.header.urlencode = false
	sasl.oauthbearer.jwks.endpoint.refresh.ms = 3600000
	sasl.oauthbearer.jwks.endpoint.retry.backoff.max.ms = 10000
	sasl.oauthbearer.jwks.endpoint.retry.backoff.ms = 100
	sasl.oauthbearer.jwks.endpoint.url = null
	sasl.oauthbearer.scope.claim.name = scope
	sasl.oauthbearer.sub.claim.name = sub
	sasl.oauthbearer.token.endpoint.url = null
	security.protocol = PLAINTEXT
	security.providers = null
	send.buffer.bytes = 131072
	session.timeout.ms = 45000
	socket.connection.setup.timeout.max.ms = 30000
	socket.connection.setup.timeout.ms = 10000
	ssl.cipher.suites = null
	ssl.enabled.protocols = [TLSv1.2, TLSv1.3]
	ssl.endpoint.identification.algorithm = https
	ssl.engine.factory.class = null
	ssl.key.password = null
	ssl.keymanager.algorithm = SunX509
	ssl.keystore.certificate.chain = null
	ssl.keystore.key = null
	ssl.keystore.location = null
	ssl.keystore.password = null
	ssl.keystore.type = JKS
	ssl.protocol = TLSv1.3
	ssl.provider = null
	ssl.secure.random.implementation = null
	ssl.trustmanager.algorithm = PKIX
	ssl.truststore.certificates = null
	ssl.truststore.location = null
	ssl.truststore.password = null
	ssl.truststore.type = JKS
	value.deserializer = class io.apicurio.registry.serde.avro.AvroKafkaDeserializer

2025-08-13 02:18:55,824 INFO  [org.apa.kaf.com.tel.int.KafkaMetricsCollector] (main) initializing Kafka metrics collector
2025-08-13 02:18:55,837 INFO  [org.apa.kaf.cli.con.ConsumerConfig] (main) These configurations '[apicurio.registry.url]' were supplied but are not used yet.
2025-08-13 02:18:55,837 INFO  [org.apa.kaf.com.uti.AppInfoParser] (main) Kafka version: 3.9.1
2025-08-13 02:18:55,837 INFO  [org.apa.kaf.com.uti.AppInfoParser] (main) Kafka commitId: f745dfdcee2b9851
2025-08-13 02:18:55,837 INFO  [org.apa.kaf.com.uti.AppInfoParser] (main) Kafka startTimeMs: 1755051535837
2025-08-13 02:18:55,838 INFO  [org.apa.kaf.cli.con.int.ClassicKafkaConsumer] (Thread-609) [Consumer clientId=consumer-Consumer-topic-a1fb47f4_eaa5_47f7_bb2a_3af4b6a67d6a-2, groupId=Consumer-topic-a1fb47f4_eaa5_47f7_bb2a_3af4b6a67d6a] Subscribed to topic(s): topic-a1fb47f4_eaa5_47f7_bb2a_3af4b6a67d6a
2025-08-13 02:18:55,845 INFO  [org.apa.kaf.cli.Metadata] (Thread-609) [Consumer clientId=consumer-Consumer-topic-a1fb47f4_eaa5_47f7_bb2a_3af4b6a67d6a-2, groupId=Consumer-topic-a1fb47f4_eaa5_47f7_bb2a_3af4b6a67d6a] Cluster ID: RhahJUjfTxKIJlGmUjwdsg
2025-08-13 02:18:55,848 INFO  [org.apa.kaf.cli.con.int.ConsumerCoordinator] (Thread-609) [Consumer clientId=consumer-Consumer-topic-a1fb47f4_eaa5_47f7_bb2a_3af4b6a67d6a-2, groupId=Consumer-topic-a1fb47f4_eaa5_47f7_bb2a_3af4b6a67d6a] Discovered group coordinator localhost:32769 (id: 2147483647 rack: null)
2025-08-13 02:18:55,850 INFO  [org.apa.kaf.cli.con.int.ConsumerCoordinator] (Thread-609) [Consumer clientId=consumer-Consumer-topic-a1fb47f4_eaa5_47f7_bb2a_3af4b6a67d6a-2, groupId=Consumer-topic-a1fb47f4_eaa5_47f7_bb2a_3af4b6a67d6a] (Re-)joining group
2025-08-13 02:18:55,857 INFO  [org.apa.kaf.cli.con.int.ConsumerCoordinator] (Thread-609) [Consumer clientId=consumer-Consumer-topic-a1fb47f4_eaa5_47f7_bb2a_3af4b6a67d6a-2, groupId=Consumer-topic-a1fb47f4_eaa5_47f7_bb2a_3af4b6a67d6a] Request joining group due to: need to re-join with the given member-id: consumer-Consumer-topic-a1fb47f4_eaa5_47f7_bb2a_3af4b6a67d6a-2-e93f604e-30bf-4d54-9f22-20ab6361edc8
2025-08-13 02:18:55,859 INFO  [org.apa.kaf.cli.con.int.ConsumerCoordinator] (Thread-609) [Consumer clientId=consumer-Consumer-topic-a1fb47f4_eaa5_47f7_bb2a_3af4b6a67d6a-2, groupId=Consumer-topic-a1fb47f4_eaa5_47f7_bb2a_3af4b6a67d6a] (Re-)joining group
2025-08-13 02:18:56,838 INFO  [io.api.tes.ser.api.KafkaSerdesTester] (Thread-609) None found
2025-08-13 02:18:57,838 INFO  [io.api.tes.ser.api.KafkaSerdesTester] (Thread-609) None found
2025-08-13 02:18:58,838 INFO  [io.api.tes.ser.api.KafkaSerdesTester] (Thread-609) None found
2025-08-13 02:18:58,861 INFO  [org.apa.kaf.cli.con.int.ConsumerCoordinator] (Thread-609) [Consumer clientId=consumer-Consumer-topic-a1fb47f4_eaa5_47f7_bb2a_3af4b6a67d6a-2, groupId=Consumer-topic-a1fb47f4_eaa5_47f7_bb2a_3af4b6a67d6a] Successfully joined group with generation Generation{generationId=1, memberId='consumer-Consumer-topic-a1fb47f4_eaa5_47f7_bb2a_3af4b6a67d6a-2-e93f604e-30bf-4d54-9f22-20ab6361edc8', protocol='range'}
2025-08-13 02:18:58,862 INFO  [org.apa.kaf.cli.con.int.ConsumerCoordinator] (Thread-609) [Consumer clientId=consumer-Consumer-topic-a1fb47f4_eaa5_47f7_bb2a_3af4b6a67d6a-2, groupId=Consumer-topic-a1fb47f4_eaa5_47f7_bb2a_3af4b6a67d6a] Finished assignment for group at generation 1: {consumer-Consumer-topic-a1fb47f4_eaa5_47f7_bb2a_3af4b6a67d6a-2-e93f604e-30bf-4d54-9f22-20ab6361edc8=Assignment(partitions=[topic-a1fb47f4_eaa5_47f7_bb2a_3af4b6a67d6a-0])}
2025-08-13 02:18:58,869 INFO  [org.apa.kaf.cli.con.int.ConsumerCoordinator] (Thread-609) [Consumer clientId=consumer-Consumer-topic-a1fb47f4_eaa5_47f7_bb2a_3af4b6a67d6a-2, groupId=Consumer-topic-a1fb47f4_eaa5_47f7_bb2a_3af4b6a67d6a] Successfully synced group in generation Generation{generationId=1, memberId='consumer-Consumer-topic-a1fb47f4_eaa5_47f7_bb2a_3af4b6a67d6a-2-e93f604e-30bf-4d54-9f22-20ab6361edc8', protocol='range'}
2025-08-13 02:18:58,870 INFO  [org.apa.kaf.cli.con.int.ConsumerCoordinator] (Thread-609) [Consumer clientId=consumer-Consumer-topic-a1fb47f4_eaa5_47f7_bb2a_3af4b6a67d6a-2, groupId=Consumer-topic-a1fb47f4_eaa5_47f7_bb2a_3af4b6a67d6a] Notifying assignor about the new Assignment(partitions=[topic-a1fb47f4_eaa5_47f7_bb2a_3af4b6a67d6a-0])
2025-08-13 02:18:58,870 INFO  [org.apa.kaf.cli.con.int.ConsumerRebalanceListenerInvoker] (Thread-609) [Consumer clientId=consumer-Consumer-topic-a1fb47f4_eaa5_47f7_bb2a_3af4b6a67d6a-2, groupId=Consumer-topic-a1fb47f4_eaa5_47f7_bb2a_3af4b6a67d6a] Adding newly assigned partitions: topic-a1fb47f4_eaa5_47f7_bb2a_3af4b6a67d6a-0
2025-08-13 02:18:58,872 INFO  [org.apa.kaf.cli.con.int.ConsumerCoordinator] (Thread-609) [Consumer clientId=consumer-Consumer-topic-a1fb47f4_eaa5_47f7_bb2a_3af4b6a67d6a-2, groupId=Consumer-topic-a1fb47f4_eaa5_47f7_bb2a_3af4b6a67d6a] Found no committed offset for partition topic-a1fb47f4_eaa5_47f7_bb2a_3af4b6a67d6a-0
2025-08-13 02:18:58,880 INFO  [org.apa.kaf.cli.con.int.SubscriptionState] (Thread-609) [Consumer clientId=consumer-Consumer-topic-a1fb47f4_eaa5_47f7_bb2a_3af4b6a67d6a-2, groupId=Consumer-topic-a1fb47f4_eaa5_47f7_bb2a_3af4b6a67d6a] Resetting offset for partition topic-a1fb47f4_eaa5_47f7_bb2a_3af4b6a67d6a-0 to position FetchPosition{offset=0, offsetEpoch=Optional.empty, currentLeader=LeaderAndEpoch{leader=Optional[localhost:32769 (id: 0 rack: null)], epoch=0}}.
2025-08-13 02:18:58,966 INFO  [io.api.tes.ser.api.KafkaSerdesTester] (Thread-609) topic-a1fb47f4_eaa5_47f7_bb2a_3af4b6a67d6a 0 0 {"key11755051534523": "value-0"}
2025-08-13 02:18:58,967 INFO  [io.api.tes.ser.api.KafkaSerdesTester] (Thread-609) topic-a1fb47f4_eaa5_47f7_bb2a_3af4b6a67d6a 0 1 {"key11755051534523": "value-1"}
2025-08-13 02:18:58,967 INFO  [io.api.tes.ser.api.KafkaSerdesTester] (Thread-609) topic-a1fb47f4_eaa5_47f7_bb2a_3af4b6a67d6a 0 2 {"key11755051534523": "value-2"}
2025-08-13 02:18:58,967 INFO  [io.api.tes.ser.api.KafkaSerdesTester] (Thread-609) topic-a1fb47f4_eaa5_47f7_bb2a_3af4b6a67d6a 0 3 {"key11755051534523": "value-3"}
2025-08-13 02:18:58,967 INFO  [io.api.tes.ser.api.KafkaSerdesTester] (Thread-609) topic-a1fb47f4_eaa5_47f7_bb2a_3af4b6a67d6a 0 4 {"key11755051534523": "value-4"}
2025-08-13 02:18:58,967 INFO  [io.api.tes.ser.api.KafkaSerdesTester] (Thread-609) topic-a1fb47f4_eaa5_47f7_bb2a_3af4b6a67d6a 0 5 {"key11755051534523": "value-5"}
2025-08-13 02:18:58,967 INFO  [io.api.tes.ser.api.KafkaSerdesTester] (Thread-609) topic-a1fb47f4_eaa5_47f7_bb2a_3af4b6a67d6a 0 6 {"key11755051534523": "value-6"}
2025-08-13 02:18:58,967 INFO  [io.api.tes.ser.api.KafkaSerdesTester] (Thread-609) topic-a1fb47f4_eaa5_47f7_bb2a_3af4b6a67d6a 0 7 {"key11755051534523": "value-7"}
2025-08-13 02:18:58,967 INFO  [io.api.tes.ser.api.KafkaSerdesTester] (Thread-609) topic-a1fb47f4_eaa5_47f7_bb2a_3af4b6a67d6a 0 8 {"key11755051534523": "value-8"}
2025-08-13 02:18:58,968 INFO  [io.api.tes.ser.api.KafkaSerdesTester] (Thread-609) topic-a1fb47f4_eaa5_47f7_bb2a_3af4b6a67d6a 0 9 {"key11755051534523": "value-9"}
2025-08-13 02:18:58,968 INFO  [io.api.tes.ser.api.KafkaSerdesTester] (Thread-609) Consumed 10 messages
2025-08-13 02:18:58,978 INFO  [org.apa.kaf.cli.con.int.ConsumerRebalanceListenerInvoker] (Thread-609) [Consumer clientId=consumer-Consumer-topic-a1fb47f4_eaa5_47f7_bb2a_3af4b6a67d6a-2, groupId=Consumer-topic-a1fb47f4_eaa5_47f7_bb2a_3af4b6a67d6a] Revoke previously assigned partitions topic-a1fb47f4_eaa5_47f7_bb2a_3af4b6a67d6a-0
2025-08-13 02:18:58,979 INFO  [org.apa.kaf.cli.con.int.ConsumerCoordinator] (Thread-609) [Consumer clientId=consumer-Consumer-topic-a1fb47f4_eaa5_47f7_bb2a_3af4b6a67d6a-2, groupId=Consumer-topic-a1fb47f4_eaa5_47f7_bb2a_3af4b6a67d6a] Member consumer-Consumer-topic-a1fb47f4_eaa5_47f7_bb2a_3af4b6a67d6a-2-e93f604e-30bf-4d54-9f22-20ab6361edc8 sending LeaveGroup request to coordinator localhost:32769 (id: 2147483647 rack: null) due to the consumer is being closed
2025-08-13 02:18:58,980 INFO  [org.apa.kaf.cli.con.int.ConsumerCoordinator] (Thread-609) [Consumer clientId=consumer-Consumer-topic-a1fb47f4_eaa5_47f7_bb2a_3af4b6a67d6a-2, groupId=Consumer-topic-a1fb47f4_eaa5_47f7_bb2a_3af4b6a67d6a] Resetting generation and member id due to: consumer pro-actively leaving the group
2025-08-13 02:18:58,981 INFO  [org.apa.kaf.cli.con.int.ConsumerCoordinator] (Thread-609) [Consumer clientId=consumer-Consumer-topic-a1fb47f4_eaa5_47f7_bb2a_3af4b6a67d6a-2, groupId=Consumer-topic-a1fb47f4_eaa5_47f7_bb2a_3af4b6a67d6a] Request joining group due to: consumer pro-actively leaving the group
2025-08-13 02:18:59,473 INFO  [org.apa.kaf.com.met.Metrics] (Thread-609) Metrics scheduler closed
2025-08-13 02:18:59,473 INFO  [org.apa.kaf.com.met.Metrics] (Thread-609) Closing reporter org.apache.kafka.common.metrics.JmxReporter
2025-08-13 02:18:59,473 INFO  [org.apa.kaf.com.met.Metrics] (Thread-609) Closing reporter org.apache.kafka.common.telemetry.internals.ClientTelemetryReporter
2025-08-13 02:18:59,473 INFO  [org.apa.kaf.com.met.Metrics] (Thread-609) Metrics reporters closed
2025-08-13 02:18:59,477 INFO  [org.apa.kaf.com.uti.AppInfoParser] (Thread-609) App info kafka.consumer for consumer-Consumer-topic-a1fb47f4_eaa5_47f7_bb2a_3af4b6a67d6a-2 unregistered
2025-08-13 02:18:59,477 INFO  [io.api.tes.uti.TestSeparator] (main) io.apicurio.tests.serdes.apicurio.AvroSerdeIT.testSimpleTopicIdStrategyFindLatest-FINISHED
2025-08-13 02:18:59,477 INFO  [io.api.tes.uti.TestSeparator] (main) ############################################################################
Test passed: testSimpleTopicIdStrategyFindLatest
]]></system-out>
  </testcase>
  <testcase name="testWrongSchema" classname="io.apicurio.tests.serdes.apicurio.AvroSerdeIT" time="1.215">
    <system-out><![CDATA[2025-08-13 02:18:59,479 INFO  [io.api.tes.uti.TestSeparator] (main) ############################################################################
2025-08-13 02:18:59,479 INFO  [io.api.tes.uti.TestSeparator] (main) io.apicurio.tests.serdes.apicurio.AvroSerdeIT.testWrongSchema-STARTED
**** Registry Base URL: http://registry-app-ksql047.apps.ci419.apicurio-testing.org:80
2025-08-13 02:19:00,586 INFO  [org.apa.kaf.cli.pro.ProducerConfig] (main) ProducerConfig values: 
	acks = -1
	auto.include.jmx.reporter = true
	batch.size = 16384
	bootstrap.servers = [PLAINTEXT://localhost:32769]
	buffer.memory = 33554432
	client.dns.lookup = use_all_dns_ips
	client.id = Producer-sa763947dx9893x4900x8112xd0bcd75dc5b8
	compression.gzip.level = -1
	compression.lz4.level = 9
	compression.type = none
	compression.zstd.level = 3
	connections.max.idle.ms = 10000
	delivery.timeout.ms = 120000
	enable.idempotence = true
	enable.metrics.push = true
	interceptor.classes = []
	key.serializer = class org.apache.kafka.common.serialization.StringSerializer
	linger.ms = 0
	max.block.ms = 60000
	max.in.flight.requests.per.connection = 5
	max.request.size = 1048576
	metadata.max.age.ms = 300000
	metadata.max.idle.ms = 300000
	metadata.recovery.strategy = none
	metric.reporters = []
	metrics.num.samples = 2
	metrics.recording.level = INFO
	metrics.sample.window.ms = 30000
	partitioner.adaptive.partitioning.enable = true
	partitioner.availability.timeout.ms = 0
	partitioner.class = null
	partitioner.ignore.keys = false
	receive.buffer.bytes = 32768
	reconnect.backoff.max.ms = 1000
	reconnect.backoff.ms = 50
	request.timeout.ms = 5000
	retries = 2147483647
	retry.backoff.max.ms = 1000
	retry.backoff.ms = 100
	sasl.client.callback.handler.class = null
	sasl.jaas.config = null
	sasl.kerberos.kinit.cmd = /usr/bin/kinit
	sasl.kerberos.min.time.before.relogin = 60000
	sasl.kerberos.service.name = null
	sasl.kerberos.ticket.renew.jitter = 0.05
	sasl.kerberos.ticket.renew.window.factor = 0.8
	sasl.login.callback.handler.class = null
	sasl.login.class = null
	sasl.login.connect.timeout.ms = null
	sasl.login.read.timeout.ms = null
	sasl.login.refresh.buffer.seconds = 300
	sasl.login.refresh.min.period.seconds = 60
	sasl.login.refresh.window.factor = 0.8
	sasl.login.refresh.window.jitter = 0.05
	sasl.login.retry.backoff.max.ms = 10000
	sasl.login.retry.backoff.ms = 100
	sasl.mechanism = GSSAPI
	sasl.oauthbearer.clock.skew.seconds = 30
	sasl.oauthbearer.expected.audience = null
	sasl.oauthbearer.expected.issuer = null
	sasl.oauthbearer.header.urlencode = false
	sasl.oauthbearer.jwks.endpoint.refresh.ms = 3600000
	sasl.oauthbearer.jwks.endpoint.retry.backoff.max.ms = 10000
	sasl.oauthbearer.jwks.endpoint.retry.backoff.ms = 100
	sasl.oauthbearer.jwks.endpoint.url = null
	sasl.oauthbearer.scope.claim.name = scope
	sasl.oauthbearer.sub.claim.name = sub
	sasl.oauthbearer.token.endpoint.url = null
	security.protocol = PLAINTEXT
	security.providers = null
	send.buffer.bytes = 131072
	socket.connection.setup.timeout.max.ms = 30000
	socket.connection.setup.timeout.ms = 10000
	ssl.cipher.suites = null
	ssl.enabled.protocols = [TLSv1.2, TLSv1.3]
	ssl.endpoint.identification.algorithm = https
	ssl.engine.factory.class = null
	ssl.key.password = null
	ssl.keymanager.algorithm = SunX509
	ssl.keystore.certificate.chain = null
	ssl.keystore.key = null
	ssl.keystore.location = null
	ssl.keystore.password = null
	ssl.keystore.type = JKS
	ssl.protocol = TLSv1.3
	ssl.provider = null
	ssl.secure.random.implementation = null
	ssl.trustmanager.algorithm = PKIX
	ssl.truststore.certificates = null
	ssl.truststore.location = null
	ssl.truststore.password = null
	ssl.truststore.type = JKS
	transaction.timeout.ms = 60000
	transactional.id = null
	value.serializer = class io.apicurio.registry.serde.avro.AvroKafkaSerializer

2025-08-13 02:19:00,586 INFO  [org.apa.kaf.com.tel.int.KafkaMetricsCollector] (main) initializing Kafka metrics collector
2025-08-13 02:19:00,590 INFO  [org.apa.kaf.cli.pro.KafkaProducer] (main) [Producer clientId=Producer-sa763947dx9893x4900x8112xd0bcd75dc5b8] Instantiated an idempotent producer.
2025-08-13 02:19:00,593 INFO  [org.apa.kaf.cli.pro.ProducerConfig] (main) These configurations '[apicurio.registry.find-latest, apicurio.registry.url, apicurio.registry.artifact-resolver-strategy]' were supplied but are not used yet.
2025-08-13 02:19:00,593 INFO  [org.apa.kaf.com.uti.AppInfoParser] (main) Kafka version: 3.9.1
2025-08-13 02:19:00,593 INFO  [org.apa.kaf.com.uti.AppInfoParser] (main) Kafka commitId: f745dfdcee2b9851
2025-08-13 02:19:00,593 INFO  [org.apa.kaf.com.uti.AppInfoParser] (main) Kafka startTimeMs: 1755051540593
2025-08-13 02:19:00,596 INFO  [io.api.tes.ser.api.KafkaSerdesTester] (Thread-612) Sending message {"keyB": "value-0"} to topic sa763947dx9893x4900x8112xd0bcd75dc5b8
2025-08-13 02:19:00,604 INFO  [org.apa.kaf.cli.Metadata] (kafka-producer-network-thread | Producer-sa763947dx9893x4900x8112xd0bcd75dc5b8) [Producer clientId=Producer-sa763947dx9893x4900x8112xd0bcd75dc5b8] Cluster ID: RhahJUjfTxKIJlGmUjwdsg
2025-08-13 02:19:00,606 INFO  [org.apa.kaf.cli.pro.int.TransactionManager] (kafka-producer-network-thread | Producer-sa763947dx9893x4900x8112xd0bcd75dc5b8) [Producer clientId=Producer-sa763947dx9893x4900x8112xd0bcd75dc5b8] ProducerId set to 2 with epoch 0
2025-08-13 02:19:00,686 INFO  [org.apa.kaf.cli.pro.KafkaProducer] (Thread-612) [Producer clientId=Producer-sa763947dx9893x4900x8112xd0bcd75dc5b8] Closing the Kafka producer with timeoutMillis = 9223372036854775807 ms.
2025-08-13 02:19:00,691 INFO  [org.apa.kaf.com.met.Metrics] (Thread-612) Metrics scheduler closed
2025-08-13 02:19:00,691 INFO  [org.apa.kaf.com.met.Metrics] (Thread-612) Closing reporter org.apache.kafka.common.metrics.JmxReporter
2025-08-13 02:19:00,691 INFO  [org.apa.kaf.com.met.Metrics] (Thread-612) Closing reporter org.apache.kafka.common.telemetry.internals.ClientTelemetryReporter
2025-08-13 02:19:00,691 INFO  [org.apa.kaf.com.met.Metrics] (Thread-612) Metrics reporters closed
2025-08-13 02:19:00,692 INFO  [org.apa.kaf.com.uti.AppInfoParser] (Thread-612) App info kafka.producer for Producer-sa763947dx9893x4900x8112xd0bcd75dc5b8 unregistered
2025-08-13 02:19:00,693 INFO  [io.api.tes.uti.TestSeparator] (main) io.apicurio.tests.serdes.apicurio.AvroSerdeIT.testWrongSchema-FINISHED
2025-08-13 02:19:00,693 INFO  [io.api.tes.uti.TestSeparator] (main) ############################################################################
Test passed: testWrongSchema
]]></system-out>
    <system-err><![CDATA[io.apicurio.registry.rest.client.models.ProblemDetails
	at io.apicurio.registry.rest.client.models.ProblemDetails.createFromDiscriminatorValue(ProblemDetails.java:58)
	at io.kiota.serialization.json.JsonParseNode.getObjectValue(JsonParseNode.java:247)
	at io.kiota.http.vertx.VertXRequestAdapter.lambda$throwIfFailedResponse$0(VertXRequestAdapter.java:400)
	at com.microsoft.kiota.ApiExceptionBuilder.<init>(ApiExceptionBuilder.java:26)
	at io.kiota.http.vertx.VertXRequestAdapter.throwIfFailedResponse(VertXRequestAdapter.java:399)
	at io.kiota.http.vertx.VertXRequestAdapter.send(VertXRequestAdapter.java:170)
	at io.apicurio.registry.rest.client.groups.item.artifacts.item.versions.item.WithVersionExpressionItemRequestBuilder.get(WithVersionExpressionItemRequestBuilder.java:128)
	at io.apicurio.registry.rest.client.groups.item.artifacts.item.versions.item.WithVersionExpressionItemRequestBuilder.get(WithVersionExpressionItemRequestBuilder.java:111)
	at io.apicurio.registry.resolver.client.RegistryClientFacadeImpl.getVersionCoordinatesByGAV(RegistryClientFacadeImpl.java:159)
	at io.apicurio.registry.resolver.DefaultSchemaResolver.resolveByCoordinates(DefaultSchemaResolver.java:352)
	at io.apicurio.registry.resolver.DefaultSchemaResolver.lambda$resolveSchemaByArtifactReferenceCached$6(DefaultSchemaResolver.java:340)
	at io.apicurio.registry.resolver.cache.ERCache.lambda$getValue$0(ERCache.java:174)
	at io.apicurio.registry.resolver.cache.ERCache.retry(ERCache.java:227)
	at io.apicurio.registry.resolver.cache.ERCache.getValue(ERCache.java:173)
	at io.apicurio.registry.resolver.cache.ERCache.getByArtifactCoordinates(ERCache.java:158)
	at io.apicurio.registry.resolver.DefaultSchemaResolver.resolveSchemaByArtifactReferenceCached(DefaultSchemaResolver.java:338)
	at io.apicurio.registry.resolver.DefaultSchemaResolver.resolveSchemaByCoordinates(DefaultSchemaResolver.java:193)
	at io.apicurio.registry.resolver.DefaultSchemaResolver.getSchemaFromRegistry(DefaultSchemaResolver.java:130)
	at io.apicurio.registry.resolver.DefaultSchemaResolver.lambda$resolveSchema$0(DefaultSchemaResolver.java:84)
	at java.base/java.util.Optional.orElseGet(Optional.java:364)
	at io.apicurio.registry.resolver.DefaultSchemaResolver.resolveSchema(DefaultSchemaResolver.java:84)
	at io.apicurio.registry.serde.AbstractSerializer.serializeData(AbstractSerializer.java:62)
	at io.apicurio.registry.serde.KafkaSerializer.serialize(KafkaSerializer.java:77)
	at org.apache.kafka.clients.producer.KafkaProducer.doSend(KafkaProducer.java:1046)
	at org.apache.kafka.clients.producer.KafkaProducer.send(KafkaProducer.java:993)
	at org.apache.kafka.clients.producer.KafkaProducer.send(KafkaProducer.java:875)
	at io.apicurio.tests.serdes.apicurio.KafkaSerdesTester.lambda$produceMessages$3(KafkaSerdesTester.java:138)
	at java.base/java.util.concurrent.CompletableFuture$AsyncSupply.run(CompletableFuture.java:1768)
	at java.base/java.lang.Thread.run(Thread.java:840)
]]></system-err>
  </testcase>
  <testcase name="testAvroJSON" classname="io.apicurio.tests.serdes.apicurio.AvroSerdeIT" time="4.016">
    <system-out><![CDATA[2025-08-13 02:19:00,697 INFO  [io.api.tes.uti.TestSeparator] (main) ############################################################################
2025-08-13 02:19:00,697 INFO  [io.api.tes.uti.TestSeparator] (main) io.apicurio.tests.serdes.apicurio.AvroSerdeIT.testAvroJSON-STARTED
**** Registry Base URL: http://registry-app-ksql047.apps.ci419.apicurio-testing.org:80
2025-08-13 02:19:00,706 INFO  [org.apa.kaf.cli.pro.ProducerConfig] (main) ProducerConfig values: 
	acks = -1
	auto.include.jmx.reporter = true
	batch.size = 16384
	bootstrap.servers = [PLAINTEXT://localhost:32769]
	buffer.memory = 33554432
	client.dns.lookup = use_all_dns_ips
	client.id = Producer-topic-85cb65c3_4358_4a6c_a374_50e1c24eb8a8
	compression.gzip.level = -1
	compression.lz4.level = 9
	compression.type = none
	compression.zstd.level = 3
	connections.max.idle.ms = 10000
	delivery.timeout.ms = 120000
	enable.idempotence = true
	enable.metrics.push = true
	interceptor.classes = []
	key.serializer = class org.apache.kafka.common.serialization.StringSerializer
	linger.ms = 0
	max.block.ms = 60000
	max.in.flight.requests.per.connection = 5
	max.request.size = 1048576
	metadata.max.age.ms = 300000
	metadata.max.idle.ms = 300000
	metadata.recovery.strategy = none
	metric.reporters = []
	metrics.num.samples = 2
	metrics.recording.level = INFO
	metrics.sample.window.ms = 30000
	partitioner.adaptive.partitioning.enable = true
	partitioner.availability.timeout.ms = 0
	partitioner.class = null
	partitioner.ignore.keys = false
	receive.buffer.bytes = 32768
	reconnect.backoff.max.ms = 1000
	reconnect.backoff.ms = 50
	request.timeout.ms = 5000
	retries = 2147483647
	retry.backoff.max.ms = 1000
	retry.backoff.ms = 100
	sasl.client.callback.handler.class = null
	sasl.jaas.config = null
	sasl.kerberos.kinit.cmd = /usr/bin/kinit
	sasl.kerberos.min.time.before.relogin = 60000
	sasl.kerberos.service.name = null
	sasl.kerberos.ticket.renew.jitter = 0.05
	sasl.kerberos.ticket.renew.window.factor = 0.8
	sasl.login.callback.handler.class = null
	sasl.login.class = null
	sasl.login.connect.timeout.ms = null
	sasl.login.read.timeout.ms = null
	sasl.login.refresh.buffer.seconds = 300
	sasl.login.refresh.min.period.seconds = 60
	sasl.login.refresh.window.factor = 0.8
	sasl.login.refresh.window.jitter = 0.05
	sasl.login.retry.backoff.max.ms = 10000
	sasl.login.retry.backoff.ms = 100
	sasl.mechanism = GSSAPI
	sasl.oauthbearer.clock.skew.seconds = 30
	sasl.oauthbearer.expected.audience = null
	sasl.oauthbearer.expected.issuer = null
	sasl.oauthbearer.header.urlencode = false
	sasl.oauthbearer.jwks.endpoint.refresh.ms = 3600000
	sasl.oauthbearer.jwks.endpoint.retry.backoff.max.ms = 10000
	sasl.oauthbearer.jwks.endpoint.retry.backoff.ms = 100
	sasl.oauthbearer.jwks.endpoint.url = null
	sasl.oauthbearer.scope.claim.name = scope
	sasl.oauthbearer.sub.claim.name = sub
	sasl.oauthbearer.token.endpoint.url = null
	security.protocol = PLAINTEXT
	security.providers = null
	send.buffer.bytes = 131072
	socket.connection.setup.timeout.max.ms = 30000
	socket.connection.setup.timeout.ms = 10000
	ssl.cipher.suites = null
	ssl.enabled.protocols = [TLSv1.2, TLSv1.3]
	ssl.endpoint.identification.algorithm = https
	ssl.engine.factory.class = null
	ssl.key.password = null
	ssl.keymanager.algorithm = SunX509
	ssl.keystore.certificate.chain = null
	ssl.keystore.key = null
	ssl.keystore.location = null
	ssl.keystore.password = null
	ssl.keystore.type = JKS
	ssl.protocol = TLSv1.3
	ssl.provider = null
	ssl.secure.random.implementation = null
	ssl.trustmanager.algorithm = PKIX
	ssl.truststore.certificates = null
	ssl.truststore.location = null
	ssl.truststore.password = null
	ssl.truststore.type = JKS
	transaction.timeout.ms = 60000
	transactional.id = null
	value.serializer = class io.apicurio.registry.serde.avro.AvroKafkaSerializer

2025-08-13 02:19:00,707 INFO  [org.apa.kaf.com.tel.int.KafkaMetricsCollector] (main) initializing Kafka metrics collector
2025-08-13 02:19:00,712 INFO  [org.apa.kaf.cli.pro.KafkaProducer] (main) [Producer clientId=Producer-topic-85cb65c3_4358_4a6c_a374_50e1c24eb8a8] Instantiated an idempotent producer.
2025-08-13 02:19:00,716 INFO  [org.apa.kaf.cli.pro.ProducerConfig] (main) These configurations '[apicurio.registry.avro.encoding, apicurio.registry.url, apicurio.registry.auto-register, apicurio.registry.artifact-resolver-strategy]' were supplied but are not used yet.
2025-08-13 02:19:00,717 INFO  [org.apa.kaf.com.uti.AppInfoParser] (main) Kafka version: 3.9.1
2025-08-13 02:19:00,717 INFO  [org.apa.kaf.com.uti.AppInfoParser] (main) Kafka commitId: f745dfdcee2b9851
2025-08-13 02:19:00,717 INFO  [org.apa.kaf.com.uti.AppInfoParser] (main) Kafka startTimeMs: 1755051540716
2025-08-13 02:19:00,717 INFO  [io.api.tes.ser.api.SimpleSerdesTesterBuilder$SimpleSerdesTester] (main) Using producer configuration: {apicurio.registry.avro.encoding=JSON, apicurio.registry.url=http://registry-app-ksql047.apps.ci419.apicurio-testing.org:80/apis/registry/v3, apicurio.registry.auto-register=true, apicurio.registry.artifact-resolver-strategy=io.apicurio.registry.serde.strategy.TopicIdStrategy, value.serializer=io.apicurio.registry.serde.avro.AvroKafkaSerializer, request.timeout.ms=5000, acks=all, bootstrap.servers=PLAINTEXT://localhost:32769, connections.max.idle.ms=10000, key.serializer=org.apache.kafka.common.serialization.StringSerializer, client.id=Producer-topic-85cb65c3_4358_4a6c_a374_50e1c24eb8a8}
2025-08-13 02:19:00,717 INFO  [io.api.tes.ser.api.SimpleSerdesTesterBuilder$SimpleSerdesTester] (main) Using consumer configuration: {apicurio.registry.avro.encoding=JSON}
2025-08-13 02:19:00,719 INFO  [io.api.tes.ser.api.KafkaSerdesTester] (Thread-615) Sending message {"bar": "value-0"} to topic topic-85cb65c3_4358_4a6c_a374_50e1c24eb8a8
2025-08-13 02:19:00,726 WARN  [org.apa.kaf.cli.NetworkClient] (kafka-producer-network-thread | Producer-topic-85cb65c3_4358_4a6c_a374_50e1c24eb8a8) [Producer clientId=Producer-topic-85cb65c3_4358_4a6c_a374_50e1c24eb8a8] The metadata response from the cluster reported a recoverable issue with correlation id 1 : {topic-85cb65c3_4358_4a6c_a374_50e1c24eb8a8=UNKNOWN_TOPIC_OR_PARTITION}
2025-08-13 02:19:00,726 INFO  [org.apa.kaf.cli.Metadata] (kafka-producer-network-thread | Producer-topic-85cb65c3_4358_4a6c_a374_50e1c24eb8a8) [Producer clientId=Producer-topic-85cb65c3_4358_4a6c_a374_50e1c24eb8a8] Cluster ID: RhahJUjfTxKIJlGmUjwdsg
2025-08-13 02:19:00,727 INFO  [org.apa.kaf.cli.pro.int.TransactionManager] (kafka-producer-network-thread | Producer-topic-85cb65c3_4358_4a6c_a374_50e1c24eb8a8) [Producer clientId=Producer-topic-85cb65c3_4358_4a6c_a374_50e1c24eb8a8] ProducerId set to 3 with epoch 0
2025-08-13 02:19:00,957 INFO  [io.api.tes.ser.api.KafkaSerdesTester] (Thread-615) Sending message {"bar": "value-1"} to topic topic-85cb65c3_4358_4a6c_a374_50e1c24eb8a8
2025-08-13 02:19:00,967 INFO  [io.api.tes.ser.api.KafkaSerdesTester] (Thread-615) Sending message {"bar": "value-2"} to topic topic-85cb65c3_4358_4a6c_a374_50e1c24eb8a8
2025-08-13 02:19:00,970 INFO  [io.api.tes.ser.api.KafkaSerdesTester] (Thread-615) Sending message {"bar": "value-3"} to topic topic-85cb65c3_4358_4a6c_a374_50e1c24eb8a8
2025-08-13 02:19:00,973 INFO  [io.api.tes.ser.api.KafkaSerdesTester] (Thread-615) Sending message {"bar": "value-4"} to topic topic-85cb65c3_4358_4a6c_a374_50e1c24eb8a8
2025-08-13 02:19:00,974 INFO  [io.api.tes.ser.api.KafkaSerdesTester] (Thread-615) Sending message {"bar": "value-5"} to topic topic-85cb65c3_4358_4a6c_a374_50e1c24eb8a8
2025-08-13 02:19:00,976 INFO  [io.api.tes.ser.api.KafkaSerdesTester] (Thread-615) Sending message {"bar": "value-6"} to topic topic-85cb65c3_4358_4a6c_a374_50e1c24eb8a8
2025-08-13 02:19:00,978 INFO  [io.api.tes.ser.api.KafkaSerdesTester] (Thread-615) Sending message {"bar": "value-7"} to topic topic-85cb65c3_4358_4a6c_a374_50e1c24eb8a8
2025-08-13 02:19:00,981 INFO  [io.api.tes.ser.api.KafkaSerdesTester] (Thread-615) Sending message {"bar": "value-8"} to topic topic-85cb65c3_4358_4a6c_a374_50e1c24eb8a8
2025-08-13 02:19:00,983 INFO  [io.api.tes.ser.api.KafkaSerdesTester] (Thread-615) Sending message {"bar": "value-9"} to topic topic-85cb65c3_4358_4a6c_a374_50e1c24eb8a8
2025-08-13 02:19:00,987 INFO  [io.api.tes.ser.api.KafkaSerdesTester] (Thread-615) Produced 10 messages
2025-08-13 02:19:00,987 INFO  [org.apa.kaf.cli.pro.KafkaProducer] (Thread-615) [Producer clientId=Producer-topic-85cb65c3_4358_4a6c_a374_50e1c24eb8a8] Closing the Kafka producer with timeoutMillis = 9223372036854775807 ms.
2025-08-13 02:19:00,993 INFO  [org.apa.kaf.com.met.Metrics] (Thread-615) Metrics scheduler closed
2025-08-13 02:19:00,993 INFO  [org.apa.kaf.com.met.Metrics] (Thread-615) Closing reporter org.apache.kafka.common.metrics.JmxReporter
2025-08-13 02:19:00,993 INFO  [org.apa.kaf.com.met.Metrics] (Thread-615) Closing reporter org.apache.kafka.common.telemetry.internals.ClientTelemetryReporter
2025-08-13 02:19:00,993 INFO  [org.apa.kaf.com.met.Metrics] (Thread-615) Metrics reporters closed
2025-08-13 02:19:00,994 INFO  [org.apa.kaf.com.uti.AppInfoParser] (Thread-615) App info kafka.producer for Producer-topic-85cb65c3_4358_4a6c_a374_50e1c24eb8a8 unregistered
**** Registry Base URL: http://registry-app-ksql047.apps.ci419.apicurio-testing.org:80
2025-08-13 02:19:01,054 INFO  [org.apa.kaf.cli.con.ConsumerConfig] (main) ConsumerConfig values: 
	allow.auto.create.topics = true
	auto.commit.interval.ms = 500
	auto.include.jmx.reporter = true
	auto.offset.reset = earliest
	bootstrap.servers = [PLAINTEXT://localhost:32769]
	check.crcs = true
	client.dns.lookup = use_all_dns_ips
	client.id = consumer-Consumer-topic-85cb65c3_4358_4a6c_a374_50e1c24eb8a8-3
	client.rack = 
	connections.max.idle.ms = 10000
	default.api.timeout.ms = 60000
	enable.auto.commit = true
	enable.metrics.push = true
	exclude.internal.topics = true
	fetch.max.bytes = 52428800
	fetch.max.wait.ms = 500
	fetch.min.bytes = 1
	group.id = Consumer-topic-85cb65c3_4358_4a6c_a374_50e1c24eb8a8
	group.instance.id = null
	group.protocol = classic
	group.remote.assignor = null
	heartbeat.interval.ms = 3000
	interceptor.classes = []
	internal.leave.group.on.close = true
	internal.throw.on.fetch.stable.offset.unsupported = false
	isolation.level = read_uncommitted
	key.deserializer = class org.apache.kafka.common.serialization.StringDeserializer
	max.partition.fetch.bytes = 1048576
	max.poll.interval.ms = 300000
	max.poll.records = 500
	metadata.max.age.ms = 300000
	metadata.recovery.strategy = none
	metric.reporters = []
	metrics.num.samples = 2
	metrics.recording.level = INFO
	metrics.sample.window.ms = 30000
	partition.assignment.strategy = [class org.apache.kafka.clients.consumer.RangeAssignor, class org.apache.kafka.clients.consumer.CooperativeStickyAssignor]
	receive.buffer.bytes = 65536
	reconnect.backoff.max.ms = 1000
	reconnect.backoff.ms = 50
	request.timeout.ms = 5000
	retry.backoff.max.ms = 1000
	retry.backoff.ms = 100
	sasl.client.callback.handler.class = null
	sasl.jaas.config = null
	sasl.kerberos.kinit.cmd = /usr/bin/kinit
	sasl.kerberos.min.time.before.relogin = 60000
	sasl.kerberos.service.name = null
	sasl.kerberos.ticket.renew.jitter = 0.05
	sasl.kerberos.ticket.renew.window.factor = 0.8
	sasl.login.callback.handler.class = null
	sasl.login.class = null
	sasl.login.connect.timeout.ms = null
	sasl.login.read.timeout.ms = null
	sasl.login.refresh.buffer.seconds = 300
	sasl.login.refresh.min.period.seconds = 60
	sasl.login.refresh.window.factor = 0.8
	sasl.login.refresh.window.jitter = 0.05
	sasl.login.retry.backoff.max.ms = 10000
	sasl.login.retry.backoff.ms = 100
	sasl.mechanism = GSSAPI
	sasl.oauthbearer.clock.skew.seconds = 30
	sasl.oauthbearer.expected.audience = null
	sasl.oauthbearer.expected.issuer = null
	sasl.oauthbearer.header.urlencode = false
	sasl.oauthbearer.jwks.endpoint.refresh.ms = 3600000
	sasl.oauthbearer.jwks.endpoint.retry.backoff.max.ms = 10000
	sasl.oauthbearer.jwks.endpoint.retry.backoff.ms = 100
	sasl.oauthbearer.jwks.endpoint.url = null
	sasl.oauthbearer.scope.claim.name = scope
	sasl.oauthbearer.sub.claim.name = sub
	sasl.oauthbearer.token.endpoint.url = null
	security.protocol = PLAINTEXT
	security.providers = null
	send.buffer.bytes = 131072
	session.timeout.ms = 45000
	socket.connection.setup.timeout.max.ms = 30000
	socket.connection.setup.timeout.ms = 10000
	ssl.cipher.suites = null
	ssl.enabled.protocols = [TLSv1.2, TLSv1.3]
	ssl.endpoint.identification.algorithm = https
	ssl.engine.factory.class = null
	ssl.key.password = null
	ssl.keymanager.algorithm = SunX509
	ssl.keystore.certificate.chain = null
	ssl.keystore.key = null
	ssl.keystore.location = null
	ssl.keystore.password = null
	ssl.keystore.type = JKS
	ssl.protocol = TLSv1.3
	ssl.provider = null
	ssl.secure.random.implementation = null
	ssl.trustmanager.algorithm = PKIX
	ssl.truststore.certificates = null
	ssl.truststore.location = null
	ssl.truststore.password = null
	ssl.truststore.type = JKS
	value.deserializer = class io.apicurio.registry.serde.avro.AvroKafkaDeserializer

2025-08-13 02:19:01,055 INFO  [org.apa.kaf.com.tel.int.KafkaMetricsCollector] (main) initializing Kafka metrics collector
2025-08-13 02:19:01,066 INFO  [org.apa.kaf.cli.con.ConsumerConfig] (main) These configurations '[apicurio.registry.avro.encoding, apicurio.registry.url]' were supplied but are not used yet.
2025-08-13 02:19:01,070 INFO  [org.apa.kaf.com.uti.AppInfoParser] (main) Kafka version: 3.9.1
2025-08-13 02:19:01,070 INFO  [org.apa.kaf.com.uti.AppInfoParser] (main) Kafka commitId: f745dfdcee2b9851
2025-08-13 02:19:01,070 INFO  [org.apa.kaf.com.uti.AppInfoParser] (main) Kafka startTimeMs: 1755051541070
2025-08-13 02:19:01,071 INFO  [org.apa.kaf.cli.con.int.ClassicKafkaConsumer] (Thread-618) [Consumer clientId=consumer-Consumer-topic-85cb65c3_4358_4a6c_a374_50e1c24eb8a8-3, groupId=Consumer-topic-85cb65c3_4358_4a6c_a374_50e1c24eb8a8] Subscribed to topic(s): topic-85cb65c3_4358_4a6c_a374_50e1c24eb8a8
2025-08-13 02:19:01,084 INFO  [org.apa.kaf.cli.Metadata] (Thread-618) [Consumer clientId=consumer-Consumer-topic-85cb65c3_4358_4a6c_a374_50e1c24eb8a8-3, groupId=Consumer-topic-85cb65c3_4358_4a6c_a374_50e1c24eb8a8] Cluster ID: RhahJUjfTxKIJlGmUjwdsg
2025-08-13 02:19:01,087 INFO  [org.apa.kaf.cli.con.int.ConsumerCoordinator] (Thread-618) [Consumer clientId=consumer-Consumer-topic-85cb65c3_4358_4a6c_a374_50e1c24eb8a8-3, groupId=Consumer-topic-85cb65c3_4358_4a6c_a374_50e1c24eb8a8] Discovered group coordinator localhost:32769 (id: 2147483647 rack: null)
2025-08-13 02:19:01,089 INFO  [org.apa.kaf.cli.con.int.ConsumerCoordinator] (Thread-618) [Consumer clientId=consumer-Consumer-topic-85cb65c3_4358_4a6c_a374_50e1c24eb8a8-3, groupId=Consumer-topic-85cb65c3_4358_4a6c_a374_50e1c24eb8a8] (Re-)joining group
2025-08-13 02:19:01,093 INFO  [org.apa.kaf.cli.con.int.ConsumerCoordinator] (Thread-618) [Consumer clientId=consumer-Consumer-topic-85cb65c3_4358_4a6c_a374_50e1c24eb8a8-3, groupId=Consumer-topic-85cb65c3_4358_4a6c_a374_50e1c24eb8a8] Request joining group due to: need to re-join with the given member-id: consumer-Consumer-topic-85cb65c3_4358_4a6c_a374_50e1c24eb8a8-3-7efc225d-71a4-4950-9ed9-6a98e8508717
2025-08-13 02:19:01,093 INFO  [org.apa.kaf.cli.con.int.ConsumerCoordinator] (Thread-618) [Consumer clientId=consumer-Consumer-topic-85cb65c3_4358_4a6c_a374_50e1c24eb8a8-3, groupId=Consumer-topic-85cb65c3_4358_4a6c_a374_50e1c24eb8a8] (Re-)joining group
2025-08-13 02:19:02,072 INFO  [io.api.tes.ser.api.KafkaSerdesTester] (Thread-618) None found
2025-08-13 02:19:03,072 INFO  [io.api.tes.ser.api.KafkaSerdesTester] (Thread-618) None found
2025-08-13 02:19:04,074 INFO  [io.api.tes.ser.api.KafkaSerdesTester] (Thread-618) None found
2025-08-13 02:19:04,095 INFO  [org.apa.kaf.cli.con.int.ConsumerCoordinator] (Thread-618) [Consumer clientId=consumer-Consumer-topic-85cb65c3_4358_4a6c_a374_50e1c24eb8a8-3, groupId=Consumer-topic-85cb65c3_4358_4a6c_a374_50e1c24eb8a8] Successfully joined group with generation Generation{generationId=1, memberId='consumer-Consumer-topic-85cb65c3_4358_4a6c_a374_50e1c24eb8a8-3-7efc225d-71a4-4950-9ed9-6a98e8508717', protocol='range'}
2025-08-13 02:19:04,096 INFO  [org.apa.kaf.cli.con.int.ConsumerCoordinator] (Thread-618) [Consumer clientId=consumer-Consumer-topic-85cb65c3_4358_4a6c_a374_50e1c24eb8a8-3, groupId=Consumer-topic-85cb65c3_4358_4a6c_a374_50e1c24eb8a8] Finished assignment for group at generation 1: {consumer-Consumer-topic-85cb65c3_4358_4a6c_a374_50e1c24eb8a8-3-7efc225d-71a4-4950-9ed9-6a98e8508717=Assignment(partitions=[topic-85cb65c3_4358_4a6c_a374_50e1c24eb8a8-0])}
2025-08-13 02:19:04,103 INFO  [org.apa.kaf.cli.con.int.ConsumerCoordinator] (Thread-618) [Consumer clientId=consumer-Consumer-topic-85cb65c3_4358_4a6c_a374_50e1c24eb8a8-3, groupId=Consumer-topic-85cb65c3_4358_4a6c_a374_50e1c24eb8a8] Successfully synced group in generation Generation{generationId=1, memberId='consumer-Consumer-topic-85cb65c3_4358_4a6c_a374_50e1c24eb8a8-3-7efc225d-71a4-4950-9ed9-6a98e8508717', protocol='range'}
2025-08-13 02:19:04,103 INFO  [org.apa.kaf.cli.con.int.ConsumerCoordinator] (Thread-618) [Consumer clientId=consumer-Consumer-topic-85cb65c3_4358_4a6c_a374_50e1c24eb8a8-3, groupId=Consumer-topic-85cb65c3_4358_4a6c_a374_50e1c24eb8a8] Notifying assignor about the new Assignment(partitions=[topic-85cb65c3_4358_4a6c_a374_50e1c24eb8a8-0])
2025-08-13 02:19:04,103 INFO  [org.apa.kaf.cli.con.int.ConsumerRebalanceListenerInvoker] (Thread-618) [Consumer clientId=consumer-Consumer-topic-85cb65c3_4358_4a6c_a374_50e1c24eb8a8-3, groupId=Consumer-topic-85cb65c3_4358_4a6c_a374_50e1c24eb8a8] Adding newly assigned partitions: topic-85cb65c3_4358_4a6c_a374_50e1c24eb8a8-0
2025-08-13 02:19:04,105 INFO  [org.apa.kaf.cli.con.int.ConsumerCoordinator] (Thread-618) [Consumer clientId=consumer-Consumer-topic-85cb65c3_4358_4a6c_a374_50e1c24eb8a8-3, groupId=Consumer-topic-85cb65c3_4358_4a6c_a374_50e1c24eb8a8] Found no committed offset for partition topic-85cb65c3_4358_4a6c_a374_50e1c24eb8a8-0
2025-08-13 02:19:04,110 INFO  [org.apa.kaf.cli.con.int.SubscriptionState] (Thread-618) [Consumer clientId=consumer-Consumer-topic-85cb65c3_4358_4a6c_a374_50e1c24eb8a8-3, groupId=Consumer-topic-85cb65c3_4358_4a6c_a374_50e1c24eb8a8] Resetting offset for partition topic-85cb65c3_4358_4a6c_a374_50e1c24eb8a8-0 to position FetchPosition{offset=0, offsetEpoch=Optional.empty, currentLeader=LeaderAndEpoch{leader=Optional[localhost:32769 (id: 0 rack: null)], epoch=0}}.
2025-08-13 02:19:04,199 INFO  [io.api.tes.ser.api.KafkaSerdesTester] (Thread-618) topic-85cb65c3_4358_4a6c_a374_50e1c24eb8a8 0 0 {"bar": "value-0"}
2025-08-13 02:19:04,199 INFO  [io.api.tes.ser.api.KafkaSerdesTester] (Thread-618) topic-85cb65c3_4358_4a6c_a374_50e1c24eb8a8 0 1 {"bar": "value-1"}
2025-08-13 02:19:04,199 INFO  [io.api.tes.ser.api.KafkaSerdesTester] (Thread-618) topic-85cb65c3_4358_4a6c_a374_50e1c24eb8a8 0 2 {"bar": "value-2"}
2025-08-13 02:19:04,200 INFO  [io.api.tes.ser.api.KafkaSerdesTester] (Thread-618) topic-85cb65c3_4358_4a6c_a374_50e1c24eb8a8 0 3 {"bar": "value-3"}
2025-08-13 02:19:04,200 INFO  [io.api.tes.ser.api.KafkaSerdesTester] (Thread-618) topic-85cb65c3_4358_4a6c_a374_50e1c24eb8a8 0 4 {"bar": "value-4"}
2025-08-13 02:19:04,200 INFO  [io.api.tes.ser.api.KafkaSerdesTester] (Thread-618) topic-85cb65c3_4358_4a6c_a374_50e1c24eb8a8 0 5 {"bar": "value-5"}
2025-08-13 02:19:04,200 INFO  [io.api.tes.ser.api.KafkaSerdesTester] (Thread-618) topic-85cb65c3_4358_4a6c_a374_50e1c24eb8a8 0 6 {"bar": "value-6"}
2025-08-13 02:19:04,200 INFO  [io.api.tes.ser.api.KafkaSerdesTester] (Thread-618) topic-85cb65c3_4358_4a6c_a374_50e1c24eb8a8 0 7 {"bar": "value-7"}
2025-08-13 02:19:04,200 INFO  [io.api.tes.ser.api.KafkaSerdesTester] (Thread-618) topic-85cb65c3_4358_4a6c_a374_50e1c24eb8a8 0 8 {"bar": "value-8"}
2025-08-13 02:19:04,202 INFO  [io.api.tes.ser.api.KafkaSerdesTester] (Thread-618) topic-85cb65c3_4358_4a6c_a374_50e1c24eb8a8 0 9 {"bar": "value-9"}
2025-08-13 02:19:04,202 INFO  [io.api.tes.ser.api.KafkaSerdesTester] (Thread-618) Consumed 10 messages
2025-08-13 02:19:04,210 INFO  [org.apa.kaf.cli.con.int.ConsumerRebalanceListenerInvoker] (Thread-618) [Consumer clientId=consumer-Consumer-topic-85cb65c3_4358_4a6c_a374_50e1c24eb8a8-3, groupId=Consumer-topic-85cb65c3_4358_4a6c_a374_50e1c24eb8a8] Revoke previously assigned partitions topic-85cb65c3_4358_4a6c_a374_50e1c24eb8a8-0
2025-08-13 02:19:04,210 INFO  [org.apa.kaf.cli.con.int.ConsumerCoordinator] (Thread-618) [Consumer clientId=consumer-Consumer-topic-85cb65c3_4358_4a6c_a374_50e1c24eb8a8-3, groupId=Consumer-topic-85cb65c3_4358_4a6c_a374_50e1c24eb8a8] Member consumer-Consumer-topic-85cb65c3_4358_4a6c_a374_50e1c24eb8a8-3-7efc225d-71a4-4950-9ed9-6a98e8508717 sending LeaveGroup request to coordinator localhost:32769 (id: 2147483647 rack: null) due to the consumer is being closed
2025-08-13 02:19:04,211 INFO  [org.apa.kaf.cli.con.int.ConsumerCoordinator] (Thread-618) [Consumer clientId=consumer-Consumer-topic-85cb65c3_4358_4a6c_a374_50e1c24eb8a8-3, groupId=Consumer-topic-85cb65c3_4358_4a6c_a374_50e1c24eb8a8] Resetting generation and member id due to: consumer pro-actively leaving the group
2025-08-13 02:19:04,211 INFO  [org.apa.kaf.cli.con.int.ConsumerCoordinator] (Thread-618) [Consumer clientId=consumer-Consumer-topic-85cb65c3_4358_4a6c_a374_50e1c24eb8a8-3, groupId=Consumer-topic-85cb65c3_4358_4a6c_a374_50e1c24eb8a8] Request joining group due to: consumer pro-actively leaving the group
2025-08-13 02:19:04,706 INFO  [org.apa.kaf.com.met.Metrics] (Thread-618) Metrics scheduler closed
2025-08-13 02:19:04,706 INFO  [org.apa.kaf.com.met.Metrics] (Thread-618) Closing reporter org.apache.kafka.common.metrics.JmxReporter
2025-08-13 02:19:04,706 INFO  [org.apa.kaf.com.met.Metrics] (Thread-618) Closing reporter org.apache.kafka.common.telemetry.internals.ClientTelemetryReporter
2025-08-13 02:19:04,706 INFO  [org.apa.kaf.com.met.Metrics] (Thread-618) Metrics reporters closed
2025-08-13 02:19:04,709 INFO  [org.apa.kaf.com.uti.AppInfoParser] (Thread-618) App info kafka.consumer for consumer-Consumer-topic-85cb65c3_4358_4a6c_a374_50e1c24eb8a8-3 unregistered
2025-08-13 02:19:04,710 INFO  [io.api.tes.uti.TestSeparator] (main) io.apicurio.tests.serdes.apicurio.AvroSerdeIT.testAvroJSON-FINISHED
2025-08-13 02:19:04,710 INFO  [io.api.tes.uti.TestSeparator] (main) ############################################################################
Test passed: testAvroJSON
]]></system-out>
  </testcase>
  <testcase name="testTopicIdStrategyAutoRegister" classname="io.apicurio.tests.serdes.apicurio.AvroSerdeIT" time="4.012">
    <system-out><![CDATA[2025-08-13 02:19:04,712 INFO  [io.api.tes.uti.TestSeparator] (main) ############################################################################
2025-08-13 02:19:04,712 INFO  [io.api.tes.uti.TestSeparator] (main) io.apicurio.tests.serdes.apicurio.AvroSerdeIT.testTopicIdStrategyAutoRegister-STARTED
**** Registry Base URL: http://registry-app-ksql047.apps.ci419.apicurio-testing.org:80
2025-08-13 02:19:04,721 INFO  [org.apa.kaf.cli.pro.ProducerConfig] (main) ProducerConfig values: 
	acks = -1
	auto.include.jmx.reporter = true
	batch.size = 16384
	bootstrap.servers = [PLAINTEXT://localhost:32769]
	buffer.memory = 33554432
	client.dns.lookup = use_all_dns_ips
	client.id = Producer-topic-bbd6a21a_82a2_42d0_a72a_ffca905c72db
	compression.gzip.level = -1
	compression.lz4.level = 9
	compression.type = none
	compression.zstd.level = 3
	connections.max.idle.ms = 10000
	delivery.timeout.ms = 120000
	enable.idempotence = true
	enable.metrics.push = true
	interceptor.classes = []
	key.serializer = class org.apache.kafka.common.serialization.StringSerializer
	linger.ms = 0
	max.block.ms = 60000
	max.in.flight.requests.per.connection = 5
	max.request.size = 1048576
	metadata.max.age.ms = 300000
	metadata.max.idle.ms = 300000
	metadata.recovery.strategy = none
	metric.reporters = []
	metrics.num.samples = 2
	metrics.recording.level = INFO
	metrics.sample.window.ms = 30000
	partitioner.adaptive.partitioning.enable = true
	partitioner.availability.timeout.ms = 0
	partitioner.class = null
	partitioner.ignore.keys = false
	receive.buffer.bytes = 32768
	reconnect.backoff.max.ms = 1000
	reconnect.backoff.ms = 50
	request.timeout.ms = 5000
	retries = 2147483647
	retry.backoff.max.ms = 1000
	retry.backoff.ms = 100
	sasl.client.callback.handler.class = null
	sasl.jaas.config = null
	sasl.kerberos.kinit.cmd = /usr/bin/kinit
	sasl.kerberos.min.time.before.relogin = 60000
	sasl.kerberos.service.name = null
	sasl.kerberos.ticket.renew.jitter = 0.05
	sasl.kerberos.ticket.renew.window.factor = 0.8
	sasl.login.callback.handler.class = null
	sasl.login.class = null
	sasl.login.connect.timeout.ms = null
	sasl.login.read.timeout.ms = null
	sasl.login.refresh.buffer.seconds = 300
	sasl.login.refresh.min.period.seconds = 60
	sasl.login.refresh.window.factor = 0.8
	sasl.login.refresh.window.jitter = 0.05
	sasl.login.retry.backoff.max.ms = 10000
	sasl.login.retry.backoff.ms = 100
	sasl.mechanism = GSSAPI
	sasl.oauthbearer.clock.skew.seconds = 30
	sasl.oauthbearer.expected.audience = null
	sasl.oauthbearer.expected.issuer = null
	sasl.oauthbearer.header.urlencode = false
	sasl.oauthbearer.jwks.endpoint.refresh.ms = 3600000
	sasl.oauthbearer.jwks.endpoint.retry.backoff.max.ms = 10000
	sasl.oauthbearer.jwks.endpoint.retry.backoff.ms = 100
	sasl.oauthbearer.jwks.endpoint.url = null
	sasl.oauthbearer.scope.claim.name = scope
	sasl.oauthbearer.sub.claim.name = sub
	sasl.oauthbearer.token.endpoint.url = null
	security.protocol = PLAINTEXT
	security.providers = null
	send.buffer.bytes = 131072
	socket.connection.setup.timeout.max.ms = 30000
	socket.connection.setup.timeout.ms = 10000
	ssl.cipher.suites = null
	ssl.enabled.protocols = [TLSv1.2, TLSv1.3]
	ssl.endpoint.identification.algorithm = https
	ssl.engine.factory.class = null
	ssl.key.password = null
	ssl.keymanager.algorithm = SunX509
	ssl.keystore.certificate.chain = null
	ssl.keystore.key = null
	ssl.keystore.location = null
	ssl.keystore.password = null
	ssl.keystore.type = JKS
	ssl.protocol = TLSv1.3
	ssl.provider = null
	ssl.secure.random.implementation = null
	ssl.trustmanager.algorithm = PKIX
	ssl.truststore.certificates = null
	ssl.truststore.location = null
	ssl.truststore.password = null
	ssl.truststore.type = JKS
	transaction.timeout.ms = 60000
	transactional.id = null
	value.serializer = class io.apicurio.registry.serde.avro.AvroKafkaSerializer

2025-08-13 02:19:04,721 INFO  [org.apa.kaf.com.tel.int.KafkaMetricsCollector] (main) initializing Kafka metrics collector
2025-08-13 02:19:04,729 INFO  [org.apa.kaf.cli.pro.KafkaProducer] (main) [Producer clientId=Producer-topic-bbd6a21a_82a2_42d0_a72a_ffca905c72db] Instantiated an idempotent producer.
2025-08-13 02:19:04,732 INFO  [org.apa.kaf.cli.pro.ProducerConfig] (main) These configurations '[apicurio.registry.url, apicurio.registry.auto-register, apicurio.registry.artifact-resolver-strategy]' were supplied but are not used yet.
2025-08-13 02:19:04,733 INFO  [org.apa.kaf.com.uti.AppInfoParser] (main) Kafka version: 3.9.1
2025-08-13 02:19:04,733 INFO  [org.apa.kaf.com.uti.AppInfoParser] (main) Kafka commitId: f745dfdcee2b9851
2025-08-13 02:19:04,733 INFO  [org.apa.kaf.com.uti.AppInfoParser] (main) Kafka startTimeMs: 1755051544733
2025-08-13 02:19:04,733 INFO  [io.api.tes.ser.api.SimpleSerdesTesterBuilder$SimpleSerdesTester] (main) Using producer configuration: {apicurio.registry.url=http://registry-app-ksql047.apps.ci419.apicurio-testing.org:80/apis/registry/v3, apicurio.registry.auto-register=true, apicurio.registry.artifact-resolver-strategy=io.apicurio.registry.serde.strategy.TopicIdStrategy, value.serializer=io.apicurio.registry.serde.avro.AvroKafkaSerializer, request.timeout.ms=5000, acks=all, bootstrap.servers=PLAINTEXT://localhost:32769, connections.max.idle.ms=10000, key.serializer=org.apache.kafka.common.serialization.StringSerializer, client.id=Producer-topic-bbd6a21a_82a2_42d0_a72a_ffca905c72db}
2025-08-13 02:19:04,733 INFO  [io.api.tes.ser.api.SimpleSerdesTesterBuilder$SimpleSerdesTester] (main) Using consumer configuration: {}
2025-08-13 02:19:04,735 INFO  [io.api.tes.ser.api.KafkaSerdesTester] (Thread-621) Sending message {"key11755051544715": "value-0"} to topic topic-bbd6a21a_82a2_42d0_a72a_ffca905c72db
2025-08-13 02:19:04,741 WARN  [org.apa.kaf.cli.NetworkClient] (kafka-producer-network-thread | Producer-topic-bbd6a21a_82a2_42d0_a72a_ffca905c72db) [Producer clientId=Producer-topic-bbd6a21a_82a2_42d0_a72a_ffca905c72db] The metadata response from the cluster reported a recoverable issue with correlation id 1 : {topic-bbd6a21a_82a2_42d0_a72a_ffca905c72db=UNKNOWN_TOPIC_OR_PARTITION}
2025-08-13 02:19:04,741 INFO  [org.apa.kaf.cli.Metadata] (kafka-producer-network-thread | Producer-topic-bbd6a21a_82a2_42d0_a72a_ffca905c72db) [Producer clientId=Producer-topic-bbd6a21a_82a2_42d0_a72a_ffca905c72db] Cluster ID: RhahJUjfTxKIJlGmUjwdsg
2025-08-13 02:19:04,744 INFO  [org.apa.kaf.cli.pro.int.TransactionManager] (kafka-producer-network-thread | Producer-topic-bbd6a21a_82a2_42d0_a72a_ffca905c72db) [Producer clientId=Producer-topic-bbd6a21a_82a2_42d0_a72a_ffca905c72db] ProducerId set to 4 with epoch 0
2025-08-13 02:19:04,956 INFO  [io.api.tes.ser.api.KafkaSerdesTester] (Thread-621) Sending message {"key11755051544715": "value-1"} to topic topic-bbd6a21a_82a2_42d0_a72a_ffca905c72db
2025-08-13 02:19:04,959 INFO  [io.api.tes.ser.api.KafkaSerdesTester] (Thread-621) Sending message {"key11755051544715": "value-2"} to topic topic-bbd6a21a_82a2_42d0_a72a_ffca905c72db
2025-08-13 02:19:04,961 INFO  [io.api.tes.ser.api.KafkaSerdesTester] (Thread-621) Sending message {"key11755051544715": "value-3"} to topic topic-bbd6a21a_82a2_42d0_a72a_ffca905c72db
2025-08-13 02:19:04,963 INFO  [io.api.tes.ser.api.KafkaSerdesTester] (Thread-621) Sending message {"key11755051544715": "value-4"} to topic topic-bbd6a21a_82a2_42d0_a72a_ffca905c72db
2025-08-13 02:19:04,965 INFO  [io.api.tes.ser.api.KafkaSerdesTester] (Thread-621) Sending message {"key11755051544715": "value-5"} to topic topic-bbd6a21a_82a2_42d0_a72a_ffca905c72db
2025-08-13 02:19:04,968 INFO  [io.api.tes.ser.api.KafkaSerdesTester] (Thread-621) Sending message {"key11755051544715": "value-6"} to topic topic-bbd6a21a_82a2_42d0_a72a_ffca905c72db
2025-08-13 02:19:04,971 INFO  [io.api.tes.ser.api.KafkaSerdesTester] (Thread-621) Sending message {"key11755051544715": "value-7"} to topic topic-bbd6a21a_82a2_42d0_a72a_ffca905c72db
2025-08-13 02:19:04,974 INFO  [io.api.tes.ser.api.KafkaSerdesTester] (Thread-621) Sending message {"key11755051544715": "value-8"} to topic topic-bbd6a21a_82a2_42d0_a72a_ffca905c72db
2025-08-13 02:19:04,976 INFO  [io.api.tes.ser.api.KafkaSerdesTester] (Thread-621) Sending message {"key11755051544715": "value-9"} to topic topic-bbd6a21a_82a2_42d0_a72a_ffca905c72db
2025-08-13 02:19:04,979 INFO  [io.api.tes.ser.api.KafkaSerdesTester] (Thread-621) Produced 10 messages
2025-08-13 02:19:04,979 INFO  [org.apa.kaf.cli.pro.KafkaProducer] (Thread-621) [Producer clientId=Producer-topic-bbd6a21a_82a2_42d0_a72a_ffca905c72db] Closing the Kafka producer with timeoutMillis = 9223372036854775807 ms.
2025-08-13 02:19:04,982 INFO  [org.apa.kaf.com.met.Metrics] (Thread-621) Metrics scheduler closed
2025-08-13 02:19:04,982 INFO  [org.apa.kaf.com.met.Metrics] (Thread-621) Closing reporter org.apache.kafka.common.metrics.JmxReporter
2025-08-13 02:19:04,983 INFO  [org.apa.kaf.com.met.Metrics] (Thread-621) Closing reporter org.apache.kafka.common.telemetry.internals.ClientTelemetryReporter
2025-08-13 02:19:04,983 INFO  [org.apa.kaf.com.met.Metrics] (Thread-621) Metrics reporters closed
2025-08-13 02:19:04,983 INFO  [org.apa.kaf.com.uti.AppInfoParser] (Thread-621) App info kafka.producer for Producer-topic-bbd6a21a_82a2_42d0_a72a_ffca905c72db unregistered
**** Registry Base URL: http://registry-app-ksql047.apps.ci419.apicurio-testing.org:80
2025-08-13 02:19:05,040 INFO  [org.apa.kaf.cli.con.ConsumerConfig] (main) ConsumerConfig values: 
	allow.auto.create.topics = true
	auto.commit.interval.ms = 500
	auto.include.jmx.reporter = true
	auto.offset.reset = earliest
	bootstrap.servers = [PLAINTEXT://localhost:32769]
	check.crcs = true
	client.dns.lookup = use_all_dns_ips
	client.id = consumer-Consumer-topic-bbd6a21a_82a2_42d0_a72a_ffca905c72db-4
	client.rack = 
	connections.max.idle.ms = 10000
	default.api.timeout.ms = 60000
	enable.auto.commit = true
	enable.metrics.push = true
	exclude.internal.topics = true
	fetch.max.bytes = 52428800
	fetch.max.wait.ms = 500
	fetch.min.bytes = 1
	group.id = Consumer-topic-bbd6a21a_82a2_42d0_a72a_ffca905c72db
	group.instance.id = null
	group.protocol = classic
	group.remote.assignor = null
	heartbeat.interval.ms = 3000
	interceptor.classes = []
	internal.leave.group.on.close = true
	internal.throw.on.fetch.stable.offset.unsupported = false
	isolation.level = read_uncommitted
	key.deserializer = class org.apache.kafka.common.serialization.StringDeserializer
	max.partition.fetch.bytes = 1048576
	max.poll.interval.ms = 300000
	max.poll.records = 500
	metadata.max.age.ms = 300000
	metadata.recovery.strategy = none
	metric.reporters = []
	metrics.num.samples = 2
	metrics.recording.level = INFO
	metrics.sample.window.ms = 30000
	partition.assignment.strategy = [class org.apache.kafka.clients.consumer.RangeAssignor, class org.apache.kafka.clients.consumer.CooperativeStickyAssignor]
	receive.buffer.bytes = 65536
	reconnect.backoff.max.ms = 1000
	reconnect.backoff.ms = 50
	request.timeout.ms = 5000
	retry.backoff.max.ms = 1000
	retry.backoff.ms = 100
	sasl.client.callback.handler.class = null
	sasl.jaas.config = null
	sasl.kerberos.kinit.cmd = /usr/bin/kinit
	sasl.kerberos.min.time.before.relogin = 60000
	sasl.kerberos.service.name = null
	sasl.kerberos.ticket.renew.jitter = 0.05
	sasl.kerberos.ticket.renew.window.factor = 0.8
	sasl.login.callback.handler.class = null
	sasl.login.class = null
	sasl.login.connect.timeout.ms = null
	sasl.login.read.timeout.ms = null
	sasl.login.refresh.buffer.seconds = 300
	sasl.login.refresh.min.period.seconds = 60
	sasl.login.refresh.window.factor = 0.8
	sasl.login.refresh.window.jitter = 0.05
	sasl.login.retry.backoff.max.ms = 10000
	sasl.login.retry.backoff.ms = 100
	sasl.mechanism = GSSAPI
	sasl.oauthbearer.clock.skew.seconds = 30
	sasl.oauthbearer.expected.audience = null
	sasl.oauthbearer.expected.issuer = null
	sasl.oauthbearer.header.urlencode = false
	sasl.oauthbearer.jwks.endpoint.refresh.ms = 3600000
	sasl.oauthbearer.jwks.endpoint.retry.backoff.max.ms = 10000
	sasl.oauthbearer.jwks.endpoint.retry.backoff.ms = 100
	sasl.oauthbearer.jwks.endpoint.url = null
	sasl.oauthbearer.scope.claim.name = scope
	sasl.oauthbearer.sub.claim.name = sub
	sasl.oauthbearer.token.endpoint.url = null
	security.protocol = PLAINTEXT
	security.providers = null
	send.buffer.bytes = 131072
	session.timeout.ms = 45000
	socket.connection.setup.timeout.max.ms = 30000
	socket.connection.setup.timeout.ms = 10000
	ssl.cipher.suites = null
	ssl.enabled.protocols = [TLSv1.2, TLSv1.3]
	ssl.endpoint.identification.algorithm = https
	ssl.engine.factory.class = null
	ssl.key.password = null
	ssl.keymanager.algorithm = SunX509
	ssl.keystore.certificate.chain = null
	ssl.keystore.key = null
	ssl.keystore.location = null
	ssl.keystore.password = null
	ssl.keystore.type = JKS
	ssl.protocol = TLSv1.3
	ssl.provider = null
	ssl.secure.random.implementation = null
	ssl.trustmanager.algorithm = PKIX
	ssl.truststore.certificates = null
	ssl.truststore.location = null
	ssl.truststore.password = null
	ssl.truststore.type = JKS
	value.deserializer = class io.apicurio.registry.serde.avro.AvroKafkaDeserializer

2025-08-13 02:19:05,041 INFO  [org.apa.kaf.com.tel.int.KafkaMetricsCollector] (main) initializing Kafka metrics collector
2025-08-13 02:19:05,048 INFO  [org.apa.kaf.cli.con.ConsumerConfig] (main) These configurations '[apicurio.registry.url]' were supplied but are not used yet.
2025-08-13 02:19:05,048 INFO  [org.apa.kaf.com.uti.AppInfoParser] (main) Kafka version: 3.9.1
2025-08-13 02:19:05,048 INFO  [org.apa.kaf.com.uti.AppInfoParser] (main) Kafka commitId: f745dfdcee2b9851
2025-08-13 02:19:05,048 INFO  [org.apa.kaf.com.uti.AppInfoParser] (main) Kafka startTimeMs: 1755051545048
2025-08-13 02:19:05,049 INFO  [org.apa.kaf.cli.con.int.ClassicKafkaConsumer] (Thread-624) [Consumer clientId=consumer-Consumer-topic-bbd6a21a_82a2_42d0_a72a_ffca905c72db-4, groupId=Consumer-topic-bbd6a21a_82a2_42d0_a72a_ffca905c72db] Subscribed to topic(s): topic-bbd6a21a_82a2_42d0_a72a_ffca905c72db
2025-08-13 02:19:05,059 INFO  [org.apa.kaf.cli.Metadata] (Thread-624) [Consumer clientId=consumer-Consumer-topic-bbd6a21a_82a2_42d0_a72a_ffca905c72db-4, groupId=Consumer-topic-bbd6a21a_82a2_42d0_a72a_ffca905c72db] Cluster ID: RhahJUjfTxKIJlGmUjwdsg
2025-08-13 02:19:05,059 INFO  [org.apa.kaf.cli.con.int.ConsumerCoordinator] (Thread-624) [Consumer clientId=consumer-Consumer-topic-bbd6a21a_82a2_42d0_a72a_ffca905c72db-4, groupId=Consumer-topic-bbd6a21a_82a2_42d0_a72a_ffca905c72db] Discovered group coordinator localhost:32769 (id: 2147483647 rack: null)
2025-08-13 02:19:05,060 INFO  [org.apa.kaf.cli.con.int.ConsumerCoordinator] (Thread-624) [Consumer clientId=consumer-Consumer-topic-bbd6a21a_82a2_42d0_a72a_ffca905c72db-4, groupId=Consumer-topic-bbd6a21a_82a2_42d0_a72a_ffca905c72db] (Re-)joining group
2025-08-13 02:19:05,064 INFO  [org.apa.kaf.cli.con.int.ConsumerCoordinator] (Thread-624) [Consumer clientId=consumer-Consumer-topic-bbd6a21a_82a2_42d0_a72a_ffca905c72db-4, groupId=Consumer-topic-bbd6a21a_82a2_42d0_a72a_ffca905c72db] Request joining group due to: need to re-join with the given member-id: consumer-Consumer-topic-bbd6a21a_82a2_42d0_a72a_ffca905c72db-4-dba240b4-cada-406e-9057-9c4d21ec0406
2025-08-13 02:19:05,064 INFO  [org.apa.kaf.cli.con.int.ConsumerCoordinator] (Thread-624) [Consumer clientId=consumer-Consumer-topic-bbd6a21a_82a2_42d0_a72a_ffca905c72db-4, groupId=Consumer-topic-bbd6a21a_82a2_42d0_a72a_ffca905c72db] (Re-)joining group
2025-08-13 02:19:06,050 INFO  [io.api.tes.ser.api.KafkaSerdesTester] (Thread-624) None found
2025-08-13 02:19:07,051 INFO  [io.api.tes.ser.api.KafkaSerdesTester] (Thread-624) None found
2025-08-13 02:19:08,051 INFO  [io.api.tes.ser.api.KafkaSerdesTester] (Thread-624) None found
2025-08-13 02:19:08,067 INFO  [org.apa.kaf.cli.con.int.ConsumerCoordinator] (Thread-624) [Consumer clientId=consumer-Consumer-topic-bbd6a21a_82a2_42d0_a72a_ffca905c72db-4, groupId=Consumer-topic-bbd6a21a_82a2_42d0_a72a_ffca905c72db] Successfully joined group with generation Generation{generationId=1, memberId='consumer-Consumer-topic-bbd6a21a_82a2_42d0_a72a_ffca905c72db-4-dba240b4-cada-406e-9057-9c4d21ec0406', protocol='range'}
2025-08-13 02:19:08,067 INFO  [org.apa.kaf.cli.con.int.ConsumerCoordinator] (Thread-624) [Consumer clientId=consumer-Consumer-topic-bbd6a21a_82a2_42d0_a72a_ffca905c72db-4, groupId=Consumer-topic-bbd6a21a_82a2_42d0_a72a_ffca905c72db] Finished assignment for group at generation 1: {consumer-Consumer-topic-bbd6a21a_82a2_42d0_a72a_ffca905c72db-4-dba240b4-cada-406e-9057-9c4d21ec0406=Assignment(partitions=[topic-bbd6a21a_82a2_42d0_a72a_ffca905c72db-0])}
2025-08-13 02:19:08,075 INFO  [org.apa.kaf.cli.con.int.ConsumerCoordinator] (Thread-624) [Consumer clientId=consumer-Consumer-topic-bbd6a21a_82a2_42d0_a72a_ffca905c72db-4, groupId=Consumer-topic-bbd6a21a_82a2_42d0_a72a_ffca905c72db] Successfully synced group in generation Generation{generationId=1, memberId='consumer-Consumer-topic-bbd6a21a_82a2_42d0_a72a_ffca905c72db-4-dba240b4-cada-406e-9057-9c4d21ec0406', protocol='range'}
2025-08-13 02:19:08,076 INFO  [org.apa.kaf.cli.con.int.ConsumerCoordinator] (Thread-624) [Consumer clientId=consumer-Consumer-topic-bbd6a21a_82a2_42d0_a72a_ffca905c72db-4, groupId=Consumer-topic-bbd6a21a_82a2_42d0_a72a_ffca905c72db] Notifying assignor about the new Assignment(partitions=[topic-bbd6a21a_82a2_42d0_a72a_ffca905c72db-0])
2025-08-13 02:19:08,076 INFO  [org.apa.kaf.cli.con.int.ConsumerRebalanceListenerInvoker] (Thread-624) [Consumer clientId=consumer-Consumer-topic-bbd6a21a_82a2_42d0_a72a_ffca905c72db-4, groupId=Consumer-topic-bbd6a21a_82a2_42d0_a72a_ffca905c72db] Adding newly assigned partitions: topic-bbd6a21a_82a2_42d0_a72a_ffca905c72db-0
2025-08-13 02:19:08,077 INFO  [org.apa.kaf.cli.con.int.ConsumerCoordinator] (Thread-624) [Consumer clientId=consumer-Consumer-topic-bbd6a21a_82a2_42d0_a72a_ffca905c72db-4, groupId=Consumer-topic-bbd6a21a_82a2_42d0_a72a_ffca905c72db] Found no committed offset for partition topic-bbd6a21a_82a2_42d0_a72a_ffca905c72db-0
2025-08-13 02:19:08,083 INFO  [org.apa.kaf.cli.con.int.SubscriptionState] (Thread-624) [Consumer clientId=consumer-Consumer-topic-bbd6a21a_82a2_42d0_a72a_ffca905c72db-4, groupId=Consumer-topic-bbd6a21a_82a2_42d0_a72a_ffca905c72db] Resetting offset for partition topic-bbd6a21a_82a2_42d0_a72a_ffca905c72db-0 to position FetchPosition{offset=0, offsetEpoch=Optional.empty, currentLeader=LeaderAndEpoch{leader=Optional[localhost:32769 (id: 0 rack: null)], epoch=0}}.
2025-08-13 02:19:08,162 INFO  [io.api.tes.ser.api.KafkaSerdesTester] (Thread-624) topic-bbd6a21a_82a2_42d0_a72a_ffca905c72db 0 0 {"key11755051544715": "value-0"}
2025-08-13 02:19:08,162 INFO  [io.api.tes.ser.api.KafkaSerdesTester] (Thread-624) topic-bbd6a21a_82a2_42d0_a72a_ffca905c72db 0 1 {"key11755051544715": "value-1"}
2025-08-13 02:19:08,162 INFO  [io.api.tes.ser.api.KafkaSerdesTester] (Thread-624) topic-bbd6a21a_82a2_42d0_a72a_ffca905c72db 0 2 {"key11755051544715": "value-2"}
2025-08-13 02:19:08,163 INFO  [io.api.tes.ser.api.KafkaSerdesTester] (Thread-624) topic-bbd6a21a_82a2_42d0_a72a_ffca905c72db 0 3 {"key11755051544715": "value-3"}
2025-08-13 02:19:08,163 INFO  [io.api.tes.ser.api.KafkaSerdesTester] (Thread-624) topic-bbd6a21a_82a2_42d0_a72a_ffca905c72db 0 4 {"key11755051544715": "value-4"}
2025-08-13 02:19:08,163 INFO  [io.api.tes.ser.api.KafkaSerdesTester] (Thread-624) topic-bbd6a21a_82a2_42d0_a72a_ffca905c72db 0 5 {"key11755051544715": "value-5"}
2025-08-13 02:19:08,163 INFO  [io.api.tes.ser.api.KafkaSerdesTester] (Thread-624) topic-bbd6a21a_82a2_42d0_a72a_ffca905c72db 0 6 {"key11755051544715": "value-6"}
2025-08-13 02:19:08,163 INFO  [io.api.tes.ser.api.KafkaSerdesTester] (Thread-624) topic-bbd6a21a_82a2_42d0_a72a_ffca905c72db 0 7 {"key11755051544715": "value-7"}
2025-08-13 02:19:08,163 INFO  [io.api.tes.ser.api.KafkaSerdesTester] (Thread-624) topic-bbd6a21a_82a2_42d0_a72a_ffca905c72db 0 8 {"key11755051544715": "value-8"}
2025-08-13 02:19:08,163 INFO  [io.api.tes.ser.api.KafkaSerdesTester] (Thread-624) topic-bbd6a21a_82a2_42d0_a72a_ffca905c72db 0 9 {"key11755051544715": "value-9"}
2025-08-13 02:19:08,163 INFO  [io.api.tes.ser.api.KafkaSerdesTester] (Thread-624) Consumed 10 messages
2025-08-13 02:19:08,171 INFO  [org.apa.kaf.cli.con.int.ConsumerRebalanceListenerInvoker] (Thread-624) [Consumer clientId=consumer-Consumer-topic-bbd6a21a_82a2_42d0_a72a_ffca905c72db-4, groupId=Consumer-topic-bbd6a21a_82a2_42d0_a72a_ffca905c72db] Revoke previously assigned partitions topic-bbd6a21a_82a2_42d0_a72a_ffca905c72db-0
2025-08-13 02:19:08,171 INFO  [org.apa.kaf.cli.con.int.ConsumerCoordinator] (Thread-624) [Consumer clientId=consumer-Consumer-topic-bbd6a21a_82a2_42d0_a72a_ffca905c72db-4, groupId=Consumer-topic-bbd6a21a_82a2_42d0_a72a_ffca905c72db] Member consumer-Consumer-topic-bbd6a21a_82a2_42d0_a72a_ffca905c72db-4-dba240b4-cada-406e-9057-9c4d21ec0406 sending LeaveGroup request to coordinator localhost:32769 (id: 2147483647 rack: null) due to the consumer is being closed
2025-08-13 02:19:08,172 INFO  [org.apa.kaf.cli.con.int.ConsumerCoordinator] (Thread-624) [Consumer clientId=consumer-Consumer-topic-bbd6a21a_82a2_42d0_a72a_ffca905c72db-4, groupId=Consumer-topic-bbd6a21a_82a2_42d0_a72a_ffca905c72db] Resetting generation and member id due to: consumer pro-actively leaving the group
2025-08-13 02:19:08,172 INFO  [org.apa.kaf.cli.con.int.ConsumerCoordinator] (Thread-624) [Consumer clientId=consumer-Consumer-topic-bbd6a21a_82a2_42d0_a72a_ffca905c72db-4, groupId=Consumer-topic-bbd6a21a_82a2_42d0_a72a_ffca905c72db] Request joining group due to: consumer pro-actively leaving the group
2025-08-13 02:19:08,666 INFO  [org.apa.kaf.com.met.Metrics] (Thread-624) Metrics scheduler closed
2025-08-13 02:19:08,666 INFO  [org.apa.kaf.com.met.Metrics] (Thread-624) Closing reporter org.apache.kafka.common.metrics.JmxReporter
2025-08-13 02:19:08,666 INFO  [org.apa.kaf.com.met.Metrics] (Thread-624) Closing reporter org.apache.kafka.common.telemetry.internals.ClientTelemetryReporter
2025-08-13 02:19:08,666 INFO  [org.apa.kaf.com.met.Metrics] (Thread-624) Metrics reporters closed
2025-08-13 02:19:08,669 INFO  [org.apa.kaf.com.uti.AppInfoParser] (Thread-624) App info kafka.consumer for consumer-Consumer-topic-bbd6a21a_82a2_42d0_a72a_ffca905c72db-4 unregistered
2025-08-13 02:19:08,722 INFO  [io.api.tes.uti.TestSeparator] (main) io.apicurio.tests.serdes.apicurio.AvroSerdeIT.testTopicIdStrategyAutoRegister-FINISHED
2025-08-13 02:19:08,722 INFO  [io.api.tes.uti.TestSeparator] (main) ############################################################################
Test passed: testTopicIdStrategyAutoRegister
]]></system-out>
  </testcase>
  <testcase name="testRecordIdStrategydFindLatest" classname="io.apicurio.tests.serdes.apicurio.AvroSerdeIT" time="4.89">
    <system-out><![CDATA[2025-08-13 02:19:08,724 INFO  [io.api.tes.uti.TestSeparator] (main) ############################################################################
2025-08-13 02:19:08,724 INFO  [io.api.tes.uti.TestSeparator] (main) io.apicurio.tests.serdes.apicurio.AvroSerdeIT.testRecordIdStrategydFindLatest-STARTED
2025-08-13 02:19:08,726 INFO  [io.api.tes.ser.api.AvroSerdeIT] (main) Registering Avro Schema: {"type":"record","name":"scf9f6989x9888x4533x9f5dxa7838fa68789","namespace":"s400bd104x9c73x445cx9adfx20293b782fa5","fields":[{"name":"key11755051548724","type":"string"}]}
**** Registry Base URL: http://registry-app-ksql047.apps.ci419.apicurio-testing.org:80
2025-08-13 02:19:09,824 INFO  [org.apa.kaf.cli.pro.ProducerConfig] (main) ProducerConfig values: 
	acks = -1
	auto.include.jmx.reporter = true
	batch.size = 16384
	bootstrap.servers = [PLAINTEXT://localhost:32769]
	buffer.memory = 33554432
	client.dns.lookup = use_all_dns_ips
	client.id = Producer-topic-12ed1fdd_c126_4f58_82b5_c7714d511b25
	compression.gzip.level = -1
	compression.lz4.level = 9
	compression.type = none
	compression.zstd.level = 3
	connections.max.idle.ms = 10000
	delivery.timeout.ms = 120000
	enable.idempotence = true
	enable.metrics.push = true
	interceptor.classes = []
	key.serializer = class org.apache.kafka.common.serialization.StringSerializer
	linger.ms = 0
	max.block.ms = 60000
	max.in.flight.requests.per.connection = 5
	max.request.size = 1048576
	metadata.max.age.ms = 300000
	metadata.max.idle.ms = 300000
	metadata.recovery.strategy = none
	metric.reporters = []
	metrics.num.samples = 2
	metrics.recording.level = INFO
	metrics.sample.window.ms = 30000
	partitioner.adaptive.partitioning.enable = true
	partitioner.availability.timeout.ms = 0
	partitioner.class = null
	partitioner.ignore.keys = false
	receive.buffer.bytes = 32768
	reconnect.backoff.max.ms = 1000
	reconnect.backoff.ms = 50
	request.timeout.ms = 5000
	retries = 2147483647
	retry.backoff.max.ms = 1000
	retry.backoff.ms = 100
	sasl.client.callback.handler.class = null
	sasl.jaas.config = null
	sasl.kerberos.kinit.cmd = /usr/bin/kinit
	sasl.kerberos.min.time.before.relogin = 60000
	sasl.kerberos.service.name = null
	sasl.kerberos.ticket.renew.jitter = 0.05
	sasl.kerberos.ticket.renew.window.factor = 0.8
	sasl.login.callback.handler.class = null
	sasl.login.class = null
	sasl.login.connect.timeout.ms = null
	sasl.login.read.timeout.ms = null
	sasl.login.refresh.buffer.seconds = 300
	sasl.login.refresh.min.period.seconds = 60
	sasl.login.refresh.window.factor = 0.8
	sasl.login.refresh.window.jitter = 0.05
	sasl.login.retry.backoff.max.ms = 10000
	sasl.login.retry.backoff.ms = 100
	sasl.mechanism = GSSAPI
	sasl.oauthbearer.clock.skew.seconds = 30
	sasl.oauthbearer.expected.audience = null
	sasl.oauthbearer.expected.issuer = null
	sasl.oauthbearer.header.urlencode = false
	sasl.oauthbearer.jwks.endpoint.refresh.ms = 3600000
	sasl.oauthbearer.jwks.endpoint.retry.backoff.max.ms = 10000
	sasl.oauthbearer.jwks.endpoint.retry.backoff.ms = 100
	sasl.oauthbearer.jwks.endpoint.url = null
	sasl.oauthbearer.scope.claim.name = scope
	sasl.oauthbearer.sub.claim.name = sub
	sasl.oauthbearer.token.endpoint.url = null
	security.protocol = PLAINTEXT
	security.providers = null
	send.buffer.bytes = 131072
	socket.connection.setup.timeout.max.ms = 30000
	socket.connection.setup.timeout.ms = 10000
	ssl.cipher.suites = null
	ssl.enabled.protocols = [TLSv1.2, TLSv1.3]
	ssl.endpoint.identification.algorithm = https
	ssl.engine.factory.class = null
	ssl.key.password = null
	ssl.keymanager.algorithm = SunX509
	ssl.keystore.certificate.chain = null
	ssl.keystore.key = null
	ssl.keystore.location = null
	ssl.keystore.password = null
	ssl.keystore.type = JKS
	ssl.protocol = TLSv1.3
	ssl.provider = null
	ssl.secure.random.implementation = null
	ssl.trustmanager.algorithm = PKIX
	ssl.truststore.certificates = null
	ssl.truststore.location = null
	ssl.truststore.password = null
	ssl.truststore.type = JKS
	transaction.timeout.ms = 60000
	transactional.id = null
	value.serializer = class io.apicurio.registry.serde.avro.AvroKafkaSerializer

2025-08-13 02:19:09,825 INFO  [org.apa.kaf.com.tel.int.KafkaMetricsCollector] (main) initializing Kafka metrics collector
2025-08-13 02:19:09,829 INFO  [org.apa.kaf.cli.pro.KafkaProducer] (main) [Producer clientId=Producer-topic-12ed1fdd_c126_4f58_82b5_c7714d511b25] Instantiated an idempotent producer.
2025-08-13 02:19:09,834 INFO  [org.apa.kaf.cli.pro.ProducerConfig] (main) These configurations '[apicurio.registry.find-latest, apicurio.registry.url, apicurio.registry.artifact-resolver-strategy]' were supplied but are not used yet.
2025-08-13 02:19:09,834 INFO  [org.apa.kaf.com.uti.AppInfoParser] (main) Kafka version: 3.9.1
2025-08-13 02:19:09,834 INFO  [org.apa.kaf.com.uti.AppInfoParser] (main) Kafka commitId: f745dfdcee2b9851
2025-08-13 02:19:09,834 INFO  [org.apa.kaf.com.uti.AppInfoParser] (main) Kafka startTimeMs: 1755051549834
2025-08-13 02:19:09,834 INFO  [io.api.tes.ser.api.SimpleSerdesTesterBuilder$SimpleSerdesTester] (main) Using producer configuration: {apicurio.registry.find-latest=true, apicurio.registry.url=http://registry-app-ksql047.apps.ci419.apicurio-testing.org:80/apis/registry/v3, apicurio.registry.artifact-resolver-strategy=io.apicurio.registry.serde.avro.strategy.RecordIdStrategy, value.serializer=io.apicurio.registry.serde.avro.AvroKafkaSerializer, request.timeout.ms=5000, acks=all, bootstrap.servers=PLAINTEXT://localhost:32769, connections.max.idle.ms=10000, key.serializer=org.apache.kafka.common.serialization.StringSerializer, client.id=Producer-topic-12ed1fdd_c126_4f58_82b5_c7714d511b25}
2025-08-13 02:19:09,834 INFO  [io.api.tes.ser.api.SimpleSerdesTesterBuilder$SimpleSerdesTester] (main) Using consumer configuration: {}
2025-08-13 02:19:09,835 INFO  [io.api.tes.ser.api.KafkaSerdesTester] (Thread-627) Sending message {"key11755051548724": "value-0"} to topic topic-12ed1fdd_c126_4f58_82b5_c7714d511b25
2025-08-13 02:19:09,837 INFO  [org.apa.kaf.cli.Metadata] (kafka-producer-network-thread | Producer-topic-12ed1fdd_c126_4f58_82b5_c7714d511b25) [Producer clientId=Producer-topic-12ed1fdd_c126_4f58_82b5_c7714d511b25] Cluster ID: RhahJUjfTxKIJlGmUjwdsg
2025-08-13 02:19:09,839 INFO  [org.apa.kaf.cli.pro.int.TransactionManager] (kafka-producer-network-thread | Producer-topic-12ed1fdd_c126_4f58_82b5_c7714d511b25) [Producer clientId=Producer-topic-12ed1fdd_c126_4f58_82b5_c7714d511b25] ProducerId set to 5 with epoch 0
2025-08-13 02:19:09,951 INFO  [io.api.tes.ser.api.KafkaSerdesTester] (Thread-627) Sending message {"key11755051548724": "value-1"} to topic topic-12ed1fdd_c126_4f58_82b5_c7714d511b25
2025-08-13 02:19:09,954 INFO  [io.api.tes.ser.api.KafkaSerdesTester] (Thread-627) Sending message {"key11755051548724": "value-2"} to topic topic-12ed1fdd_c126_4f58_82b5_c7714d511b25
2025-08-13 02:19:09,956 INFO  [io.api.tes.ser.api.KafkaSerdesTester] (Thread-627) Sending message {"key11755051548724": "value-3"} to topic topic-12ed1fdd_c126_4f58_82b5_c7714d511b25
2025-08-13 02:19:09,958 INFO  [io.api.tes.ser.api.KafkaSerdesTester] (Thread-627) Sending message {"key11755051548724": "value-4"} to topic topic-12ed1fdd_c126_4f58_82b5_c7714d511b25
2025-08-13 02:19:09,960 INFO  [io.api.tes.ser.api.KafkaSerdesTester] (Thread-627) Sending message {"key11755051548724": "value-5"} to topic topic-12ed1fdd_c126_4f58_82b5_c7714d511b25
2025-08-13 02:19:09,963 INFO  [io.api.tes.ser.api.KafkaSerdesTester] (Thread-627) Sending message {"key11755051548724": "value-6"} to topic topic-12ed1fdd_c126_4f58_82b5_c7714d511b25
2025-08-13 02:19:09,965 INFO  [io.api.tes.ser.api.KafkaSerdesTester] (Thread-627) Sending message {"key11755051548724": "value-7"} to topic topic-12ed1fdd_c126_4f58_82b5_c7714d511b25
2025-08-13 02:19:09,968 INFO  [io.api.tes.ser.api.KafkaSerdesTester] (Thread-627) Sending message {"key11755051548724": "value-8"} to topic topic-12ed1fdd_c126_4f58_82b5_c7714d511b25
2025-08-13 02:19:09,970 INFO  [io.api.tes.ser.api.KafkaSerdesTester] (Thread-627) Sending message {"key11755051548724": "value-9"} to topic topic-12ed1fdd_c126_4f58_82b5_c7714d511b25
2025-08-13 02:19:09,973 INFO  [io.api.tes.ser.api.KafkaSerdesTester] (Thread-627) Produced 10 messages
2025-08-13 02:19:09,974 INFO  [org.apa.kaf.cli.pro.KafkaProducer] (Thread-627) [Producer clientId=Producer-topic-12ed1fdd_c126_4f58_82b5_c7714d511b25] Closing the Kafka producer with timeoutMillis = 9223372036854775807 ms.
2025-08-13 02:19:09,976 INFO  [org.apa.kaf.com.met.Metrics] (Thread-627) Metrics scheduler closed
2025-08-13 02:19:09,976 INFO  [org.apa.kaf.com.met.Metrics] (Thread-627) Closing reporter org.apache.kafka.common.metrics.JmxReporter
2025-08-13 02:19:09,976 INFO  [org.apa.kaf.com.met.Metrics] (Thread-627) Closing reporter org.apache.kafka.common.telemetry.internals.ClientTelemetryReporter
2025-08-13 02:19:09,976 INFO  [org.apa.kaf.com.met.Metrics] (Thread-627) Metrics reporters closed
2025-08-13 02:19:09,977 INFO  [org.apa.kaf.com.uti.AppInfoParser] (Thread-627) App info kafka.producer for Producer-topic-12ed1fdd_c126_4f58_82b5_c7714d511b25 unregistered
**** Registry Base URL: http://registry-app-ksql047.apps.ci419.apicurio-testing.org:80
2025-08-13 02:19:09,977 INFO  [org.apa.kaf.cli.con.ConsumerConfig] (main) ConsumerConfig values: 
	allow.auto.create.topics = true
	auto.commit.interval.ms = 500
	auto.include.jmx.reporter = true
	auto.offset.reset = earliest
	bootstrap.servers = [PLAINTEXT://localhost:32769]
	check.crcs = true
	client.dns.lookup = use_all_dns_ips
	client.id = consumer-Consumer-topic-12ed1fdd_c126_4f58_82b5_c7714d511b25-5
	client.rack = 
	connections.max.idle.ms = 10000
	default.api.timeout.ms = 60000
	enable.auto.commit = true
	enable.metrics.push = true
	exclude.internal.topics = true
	fetch.max.bytes = 52428800
	fetch.max.wait.ms = 500
	fetch.min.bytes = 1
	group.id = Consumer-topic-12ed1fdd_c126_4f58_82b5_c7714d511b25
	group.instance.id = null
	group.protocol = classic
	group.remote.assignor = null
	heartbeat.interval.ms = 3000
	interceptor.classes = []
	internal.leave.group.on.close = true
	internal.throw.on.fetch.stable.offset.unsupported = false
	isolation.level = read_uncommitted
	key.deserializer = class org.apache.kafka.common.serialization.StringDeserializer
	max.partition.fetch.bytes = 1048576
	max.poll.interval.ms = 300000
	max.poll.records = 500
	metadata.max.age.ms = 300000
	metadata.recovery.strategy = none
	metric.reporters = []
	metrics.num.samples = 2
	metrics.recording.level = INFO
	metrics.sample.window.ms = 30000
	partition.assignment.strategy = [class org.apache.kafka.clients.consumer.RangeAssignor, class org.apache.kafka.clients.consumer.CooperativeStickyAssignor]
	receive.buffer.bytes = 65536
	reconnect.backoff.max.ms = 1000
	reconnect.backoff.ms = 50
	request.timeout.ms = 5000
	retry.backoff.max.ms = 1000
	retry.backoff.ms = 100
	sasl.client.callback.handler.class = null
	sasl.jaas.config = null
	sasl.kerberos.kinit.cmd = /usr/bin/kinit
	sasl.kerberos.min.time.before.relogin = 60000
	sasl.kerberos.service.name = null
	sasl.kerberos.ticket.renew.jitter = 0.05
	sasl.kerberos.ticket.renew.window.factor = 0.8
	sasl.login.callback.handler.class = null
	sasl.login.class = null
	sasl.login.connect.timeout.ms = null
	sasl.login.read.timeout.ms = null
	sasl.login.refresh.buffer.seconds = 300
	sasl.login.refresh.min.period.seconds = 60
	sasl.login.refresh.window.factor = 0.8
	sasl.login.refresh.window.jitter = 0.05
	sasl.login.retry.backoff.max.ms = 10000
	sasl.login.retry.backoff.ms = 100
	sasl.mechanism = GSSAPI
	sasl.oauthbearer.clock.skew.seconds = 30
	sasl.oauthbearer.expected.audience = null
	sasl.oauthbearer.expected.issuer = null
	sasl.oauthbearer.header.urlencode = false
	sasl.oauthbearer.jwks.endpoint.refresh.ms = 3600000
	sasl.oauthbearer.jwks.endpoint.retry.backoff.max.ms = 10000
	sasl.oauthbearer.jwks.endpoint.retry.backoff.ms = 100
	sasl.oauthbearer.jwks.endpoint.url = null
	sasl.oauthbearer.scope.claim.name = scope
	sasl.oauthbearer.sub.claim.name = sub
	sasl.oauthbearer.token.endpoint.url = null
	security.protocol = PLAINTEXT
	security.providers = null
	send.buffer.bytes = 131072
	session.timeout.ms = 45000
	socket.connection.setup.timeout.max.ms = 30000
	socket.connection.setup.timeout.ms = 10000
	ssl.cipher.suites = null
	ssl.enabled.protocols = [TLSv1.2, TLSv1.3]
	ssl.endpoint.identification.algorithm = https
	ssl.engine.factory.class = null
	ssl.key.password = null
	ssl.keymanager.algorithm = SunX509
	ssl.keystore.certificate.chain = null
	ssl.keystore.key = null
	ssl.keystore.location = null
	ssl.keystore.password = null
	ssl.keystore.type = JKS
	ssl.protocol = TLSv1.3
	ssl.provider = null
	ssl.secure.random.implementation = null
	ssl.trustmanager.algorithm = PKIX
	ssl.truststore.certificates = null
	ssl.truststore.location = null
	ssl.truststore.password = null
	ssl.truststore.type = JKS
	value.deserializer = class io.apicurio.registry.serde.avro.AvroKafkaDeserializer

2025-08-13 02:19:09,978 INFO  [org.apa.kaf.com.tel.int.KafkaMetricsCollector] (main) initializing Kafka metrics collector
2025-08-13 02:19:09,985 INFO  [org.apa.kaf.cli.con.ConsumerConfig] (main) These configurations '[apicurio.registry.url]' were supplied but are not used yet.
2025-08-13 02:19:09,985 INFO  [org.apa.kaf.com.uti.AppInfoParser] (main) Kafka version: 3.9.1
2025-08-13 02:19:09,985 INFO  [org.apa.kaf.com.uti.AppInfoParser] (main) Kafka commitId: f745dfdcee2b9851
2025-08-13 02:19:09,985 INFO  [org.apa.kaf.com.uti.AppInfoParser] (main) Kafka startTimeMs: 1755051549985
2025-08-13 02:19:09,986 INFO  [org.apa.kaf.cli.con.int.ClassicKafkaConsumer] (Thread-630) [Consumer clientId=consumer-Consumer-topic-12ed1fdd_c126_4f58_82b5_c7714d511b25-5, groupId=Consumer-topic-12ed1fdd_c126_4f58_82b5_c7714d511b25] Subscribed to topic(s): topic-12ed1fdd_c126_4f58_82b5_c7714d511b25
2025-08-13 02:19:09,992 INFO  [org.apa.kaf.cli.Metadata] (Thread-630) [Consumer clientId=consumer-Consumer-topic-12ed1fdd_c126_4f58_82b5_c7714d511b25-5, groupId=Consumer-topic-12ed1fdd_c126_4f58_82b5_c7714d511b25] Cluster ID: RhahJUjfTxKIJlGmUjwdsg
2025-08-13 02:19:09,993 INFO  [org.apa.kaf.cli.con.int.ConsumerCoordinator] (Thread-630) [Consumer clientId=consumer-Consumer-topic-12ed1fdd_c126_4f58_82b5_c7714d511b25-5, groupId=Consumer-topic-12ed1fdd_c126_4f58_82b5_c7714d511b25] Discovered group coordinator localhost:32769 (id: 2147483647 rack: null)
2025-08-13 02:19:09,997 INFO  [org.apa.kaf.cli.con.int.ConsumerCoordinator] (Thread-630) [Consumer clientId=consumer-Consumer-topic-12ed1fdd_c126_4f58_82b5_c7714d511b25-5, groupId=Consumer-topic-12ed1fdd_c126_4f58_82b5_c7714d511b25] (Re-)joining group
2025-08-13 02:19:10,001 INFO  [org.apa.kaf.cli.con.int.ConsumerCoordinator] (Thread-630) [Consumer clientId=consumer-Consumer-topic-12ed1fdd_c126_4f58_82b5_c7714d511b25-5, groupId=Consumer-topic-12ed1fdd_c126_4f58_82b5_c7714d511b25] Request joining group due to: need to re-join with the given member-id: consumer-Consumer-topic-12ed1fdd_c126_4f58_82b5_c7714d511b25-5-3623f86e-ebb9-4085-ae1c-4c6dcb47485a
2025-08-13 02:19:10,001 INFO  [org.apa.kaf.cli.con.int.ConsumerCoordinator] (Thread-630) [Consumer clientId=consumer-Consumer-topic-12ed1fdd_c126_4f58_82b5_c7714d511b25-5, groupId=Consumer-topic-12ed1fdd_c126_4f58_82b5_c7714d511b25] (Re-)joining group
2025-08-13 02:19:10,986 INFO  [io.api.tes.ser.api.KafkaSerdesTester] (Thread-630) None found
2025-08-13 02:19:11,986 INFO  [io.api.tes.ser.api.KafkaSerdesTester] (Thread-630) None found
2025-08-13 02:19:12,987 INFO  [io.api.tes.ser.api.KafkaSerdesTester] (Thread-630) None found
2025-08-13 02:19:13,004 INFO  [org.apa.kaf.cli.con.int.ConsumerCoordinator] (Thread-630) [Consumer clientId=consumer-Consumer-topic-12ed1fdd_c126_4f58_82b5_c7714d511b25-5, groupId=Consumer-topic-12ed1fdd_c126_4f58_82b5_c7714d511b25] Successfully joined group with generation Generation{generationId=1, memberId='consumer-Consumer-topic-12ed1fdd_c126_4f58_82b5_c7714d511b25-5-3623f86e-ebb9-4085-ae1c-4c6dcb47485a', protocol='range'}
2025-08-13 02:19:13,005 INFO  [org.apa.kaf.cli.con.int.ConsumerCoordinator] (Thread-630) [Consumer clientId=consumer-Consumer-topic-12ed1fdd_c126_4f58_82b5_c7714d511b25-5, groupId=Consumer-topic-12ed1fdd_c126_4f58_82b5_c7714d511b25] Finished assignment for group at generation 1: {consumer-Consumer-topic-12ed1fdd_c126_4f58_82b5_c7714d511b25-5-3623f86e-ebb9-4085-ae1c-4c6dcb47485a=Assignment(partitions=[topic-12ed1fdd_c126_4f58_82b5_c7714d511b25-0])}
2025-08-13 02:19:13,012 INFO  [org.apa.kaf.cli.con.int.ConsumerCoordinator] (Thread-630) [Consumer clientId=consumer-Consumer-topic-12ed1fdd_c126_4f58_82b5_c7714d511b25-5, groupId=Consumer-topic-12ed1fdd_c126_4f58_82b5_c7714d511b25] Successfully synced group in generation Generation{generationId=1, memberId='consumer-Consumer-topic-12ed1fdd_c126_4f58_82b5_c7714d511b25-5-3623f86e-ebb9-4085-ae1c-4c6dcb47485a', protocol='range'}
2025-08-13 02:19:13,012 INFO  [org.apa.kaf.cli.con.int.ConsumerCoordinator] (Thread-630) [Consumer clientId=consumer-Consumer-topic-12ed1fdd_c126_4f58_82b5_c7714d511b25-5, groupId=Consumer-topic-12ed1fdd_c126_4f58_82b5_c7714d511b25] Notifying assignor about the new Assignment(partitions=[topic-12ed1fdd_c126_4f58_82b5_c7714d511b25-0])
2025-08-13 02:19:13,012 INFO  [org.apa.kaf.cli.con.int.ConsumerRebalanceListenerInvoker] (Thread-630) [Consumer clientId=consumer-Consumer-topic-12ed1fdd_c126_4f58_82b5_c7714d511b25-5, groupId=Consumer-topic-12ed1fdd_c126_4f58_82b5_c7714d511b25] Adding newly assigned partitions: topic-12ed1fdd_c126_4f58_82b5_c7714d511b25-0
2025-08-13 02:19:13,013 INFO  [org.apa.kaf.cli.con.int.ConsumerCoordinator] (Thread-630) [Consumer clientId=consumer-Consumer-topic-12ed1fdd_c126_4f58_82b5_c7714d511b25-5, groupId=Consumer-topic-12ed1fdd_c126_4f58_82b5_c7714d511b25] Found no committed offset for partition topic-12ed1fdd_c126_4f58_82b5_c7714d511b25-0
2025-08-13 02:19:13,019 INFO  [org.apa.kaf.cli.con.int.SubscriptionState] (Thread-630) [Consumer clientId=consumer-Consumer-topic-12ed1fdd_c126_4f58_82b5_c7714d511b25-5, groupId=Consumer-topic-12ed1fdd_c126_4f58_82b5_c7714d511b25] Resetting offset for partition topic-12ed1fdd_c126_4f58_82b5_c7714d511b25-0 to position FetchPosition{offset=0, offsetEpoch=Optional.empty, currentLeader=LeaderAndEpoch{leader=Optional[localhost:32769 (id: 0 rack: null)], epoch=0}}.
2025-08-13 02:19:13,098 INFO  [io.api.tes.ser.api.KafkaSerdesTester] (Thread-630) topic-12ed1fdd_c126_4f58_82b5_c7714d511b25 0 0 {"key11755051548724": "value-0"}
2025-08-13 02:19:13,098 INFO  [io.api.tes.ser.api.KafkaSerdesTester] (Thread-630) topic-12ed1fdd_c126_4f58_82b5_c7714d511b25 0 1 {"key11755051548724": "value-1"}
2025-08-13 02:19:13,098 INFO  [io.api.tes.ser.api.KafkaSerdesTester] (Thread-630) topic-12ed1fdd_c126_4f58_82b5_c7714d511b25 0 2 {"key11755051548724": "value-2"}
2025-08-13 02:19:13,098 INFO  [io.api.tes.ser.api.KafkaSerdesTester] (Thread-630) topic-12ed1fdd_c126_4f58_82b5_c7714d511b25 0 3 {"key11755051548724": "value-3"}
2025-08-13 02:19:13,098 INFO  [io.api.tes.ser.api.KafkaSerdesTester] (Thread-630) topic-12ed1fdd_c126_4f58_82b5_c7714d511b25 0 4 {"key11755051548724": "value-4"}
2025-08-13 02:19:13,098 INFO  [io.api.tes.ser.api.KafkaSerdesTester] (Thread-630) topic-12ed1fdd_c126_4f58_82b5_c7714d511b25 0 5 {"key11755051548724": "value-5"}
2025-08-13 02:19:13,098 INFO  [io.api.tes.ser.api.KafkaSerdesTester] (Thread-630) topic-12ed1fdd_c126_4f58_82b5_c7714d511b25 0 6 {"key11755051548724": "value-6"}
2025-08-13 02:19:13,098 INFO  [io.api.tes.ser.api.KafkaSerdesTester] (Thread-630) topic-12ed1fdd_c126_4f58_82b5_c7714d511b25 0 7 {"key11755051548724": "value-7"}
2025-08-13 02:19:13,098 INFO  [io.api.tes.ser.api.KafkaSerdesTester] (Thread-630) topic-12ed1fdd_c126_4f58_82b5_c7714d511b25 0 8 {"key11755051548724": "value-8"}
2025-08-13 02:19:13,098 INFO  [io.api.tes.ser.api.KafkaSerdesTester] (Thread-630) topic-12ed1fdd_c126_4f58_82b5_c7714d511b25 0 9 {"key11755051548724": "value-9"}
2025-08-13 02:19:13,098 INFO  [io.api.tes.ser.api.KafkaSerdesTester] (Thread-630) Consumed 10 messages
2025-08-13 02:19:13,106 INFO  [org.apa.kaf.cli.con.int.ConsumerRebalanceListenerInvoker] (Thread-630) [Consumer clientId=consumer-Consumer-topic-12ed1fdd_c126_4f58_82b5_c7714d511b25-5, groupId=Consumer-topic-12ed1fdd_c126_4f58_82b5_c7714d511b25] Revoke previously assigned partitions topic-12ed1fdd_c126_4f58_82b5_c7714d511b25-0
2025-08-13 02:19:13,106 INFO  [org.apa.kaf.cli.con.int.ConsumerCoordinator] (Thread-630) [Consumer clientId=consumer-Consumer-topic-12ed1fdd_c126_4f58_82b5_c7714d511b25-5, groupId=Consumer-topic-12ed1fdd_c126_4f58_82b5_c7714d511b25] Member consumer-Consumer-topic-12ed1fdd_c126_4f58_82b5_c7714d511b25-5-3623f86e-ebb9-4085-ae1c-4c6dcb47485a sending LeaveGroup request to coordinator localhost:32769 (id: 2147483647 rack: null) due to the consumer is being closed
2025-08-13 02:19:13,106 INFO  [org.apa.kaf.cli.con.int.ConsumerCoordinator] (Thread-630) [Consumer clientId=consumer-Consumer-topic-12ed1fdd_c126_4f58_82b5_c7714d511b25-5, groupId=Consumer-topic-12ed1fdd_c126_4f58_82b5_c7714d511b25] Resetting generation and member id due to: consumer pro-actively leaving the group
2025-08-13 02:19:13,106 INFO  [org.apa.kaf.cli.con.int.ConsumerCoordinator] (Thread-630) [Consumer clientId=consumer-Consumer-topic-12ed1fdd_c126_4f58_82b5_c7714d511b25-5, groupId=Consumer-topic-12ed1fdd_c126_4f58_82b5_c7714d511b25] Request joining group due to: consumer pro-actively leaving the group
2025-08-13 02:19:13,605 INFO  [org.apa.kaf.com.met.Metrics] (Thread-630) Metrics scheduler closed
2025-08-13 02:19:13,605 INFO  [org.apa.kaf.com.met.Metrics] (Thread-630) Closing reporter org.apache.kafka.common.metrics.JmxReporter
2025-08-13 02:19:13,605 INFO  [org.apa.kaf.com.met.Metrics] (Thread-630) Closing reporter org.apache.kafka.common.telemetry.internals.ClientTelemetryReporter
2025-08-13 02:19:13,605 INFO  [org.apa.kaf.com.met.Metrics] (Thread-630) Metrics reporters closed
2025-08-13 02:19:13,609 INFO  [org.apa.kaf.com.uti.AppInfoParser] (Thread-630) App info kafka.consumer for consumer-Consumer-topic-12ed1fdd_c126_4f58_82b5_c7714d511b25-5 unregistered
2025-08-13 02:19:13,610 INFO  [io.api.tes.uti.TestSeparator] (main) io.apicurio.tests.serdes.apicurio.AvroSerdeIT.testRecordIdStrategydFindLatest-FINISHED
2025-08-13 02:19:13,610 INFO  [io.api.tes.uti.TestSeparator] (main) ############################################################################
Test passed: testRecordIdStrategydFindLatest
]]></system-out>
  </testcase>
  <testcase name="testReflectAutoRegister" classname="io.apicurio.tests.serdes.apicurio.AvroSerdeIT" time="3.989">
    <system-out><![CDATA[2025-08-13 02:19:13,616 INFO  [io.api.tes.uti.TestSeparator] (main) ############################################################################
2025-08-13 02:19:13,616 INFO  [io.api.tes.uti.TestSeparator] (main) io.apicurio.tests.serdes.apicurio.AvroSerdeIT.testReflectAutoRegister-STARTED
**** Registry Base URL: http://registry-app-ksql047.apps.ci419.apicurio-testing.org:80
2025-08-13 02:19:13,623 INFO  [org.apa.kaf.cli.pro.ProducerConfig] (main) ProducerConfig values: 
	acks = -1
	auto.include.jmx.reporter = true
	batch.size = 16384
	bootstrap.servers = [PLAINTEXT://localhost:32769]
	buffer.memory = 33554432
	client.dns.lookup = use_all_dns_ips
	client.id = Producer-topic-8a37fc95_4333_4f4b_9407_00b2fd7a458c
	compression.gzip.level = -1
	compression.lz4.level = 9
	compression.type = none
	compression.zstd.level = 3
	connections.max.idle.ms = 10000
	delivery.timeout.ms = 120000
	enable.idempotence = true
	enable.metrics.push = true
	interceptor.classes = []
	key.serializer = class org.apache.kafka.common.serialization.StringSerializer
	linger.ms = 0
	max.block.ms = 60000
	max.in.flight.requests.per.connection = 5
	max.request.size = 1048576
	metadata.max.age.ms = 300000
	metadata.max.idle.ms = 300000
	metadata.recovery.strategy = none
	metric.reporters = []
	metrics.num.samples = 2
	metrics.recording.level = INFO
	metrics.sample.window.ms = 30000
	partitioner.adaptive.partitioning.enable = true
	partitioner.availability.timeout.ms = 0
	partitioner.class = null
	partitioner.ignore.keys = false
	receive.buffer.bytes = 32768
	reconnect.backoff.max.ms = 1000
	reconnect.backoff.ms = 50
	request.timeout.ms = 5000
	retries = 2147483647
	retry.backoff.max.ms = 1000
	retry.backoff.ms = 100
	sasl.client.callback.handler.class = null
	sasl.jaas.config = null
	sasl.kerberos.kinit.cmd = /usr/bin/kinit
	sasl.kerberos.min.time.before.relogin = 60000
	sasl.kerberos.service.name = null
	sasl.kerberos.ticket.renew.jitter = 0.05
	sasl.kerberos.ticket.renew.window.factor = 0.8
	sasl.login.callback.handler.class = null
	sasl.login.class = null
	sasl.login.connect.timeout.ms = null
	sasl.login.read.timeout.ms = null
	sasl.login.refresh.buffer.seconds = 300
	sasl.login.refresh.min.period.seconds = 60
	sasl.login.refresh.window.factor = 0.8
	sasl.login.refresh.window.jitter = 0.05
	sasl.login.retry.backoff.max.ms = 10000
	sasl.login.retry.backoff.ms = 100
	sasl.mechanism = GSSAPI
	sasl.oauthbearer.clock.skew.seconds = 30
	sasl.oauthbearer.expected.audience = null
	sasl.oauthbearer.expected.issuer = null
	sasl.oauthbearer.header.urlencode = false
	sasl.oauthbearer.jwks.endpoint.refresh.ms = 3600000
	sasl.oauthbearer.jwks.endpoint.retry.backoff.max.ms = 10000
	sasl.oauthbearer.jwks.endpoint.retry.backoff.ms = 100
	sasl.oauthbearer.jwks.endpoint.url = null
	sasl.oauthbearer.scope.claim.name = scope
	sasl.oauthbearer.sub.claim.name = sub
	sasl.oauthbearer.token.endpoint.url = null
	security.protocol = PLAINTEXT
	security.providers = null
	send.buffer.bytes = 131072
	socket.connection.setup.timeout.max.ms = 30000
	socket.connection.setup.timeout.ms = 10000
	ssl.cipher.suites = null
	ssl.enabled.protocols = [TLSv1.2, TLSv1.3]
	ssl.endpoint.identification.algorithm = https
	ssl.engine.factory.class = null
	ssl.key.password = null
	ssl.keymanager.algorithm = SunX509
	ssl.keystore.certificate.chain = null
	ssl.keystore.key = null
	ssl.keystore.location = null
	ssl.keystore.password = null
	ssl.keystore.type = JKS
	ssl.protocol = TLSv1.3
	ssl.provider = null
	ssl.secure.random.implementation = null
	ssl.trustmanager.algorithm = PKIX
	ssl.truststore.certificates = null
	ssl.truststore.location = null
	ssl.truststore.password = null
	ssl.truststore.type = JKS
	transaction.timeout.ms = 60000
	transactional.id = null
	value.serializer = class io.apicurio.registry.serde.avro.AvroKafkaSerializer

2025-08-13 02:19:13,623 INFO  [org.apa.kaf.com.tel.int.KafkaMetricsCollector] (main) initializing Kafka metrics collector
2025-08-13 02:19:13,637 INFO  [org.apa.kaf.cli.pro.KafkaProducer] (main) [Producer clientId=Producer-topic-8a37fc95_4333_4f4b_9407_00b2fd7a458c] Instantiated an idempotent producer.
2025-08-13 02:19:13,639 INFO  [org.apa.kaf.cli.pro.ProducerConfig] (main) These configurations '[apicurio.registry.url, apicurio.registry.auto-register, apicurio.registry.artifact-resolver-strategy, apicurio.registry.avro-datum-provider]' were supplied but are not used yet.
2025-08-13 02:19:13,640 INFO  [org.apa.kaf.com.uti.AppInfoParser] (main) Kafka version: 3.9.1
2025-08-13 02:19:13,640 INFO  [org.apa.kaf.com.uti.AppInfoParser] (main) Kafka commitId: f745dfdcee2b9851
2025-08-13 02:19:13,640 INFO  [org.apa.kaf.com.uti.AppInfoParser] (main) Kafka startTimeMs: 1755051553639
2025-08-13 02:19:13,640 INFO  [io.api.tes.ser.api.SimpleSerdesTesterBuilder$SimpleSerdesTester] (main) Using producer configuration: {apicurio.registry.url=http://registry-app-ksql047.apps.ci419.apicurio-testing.org:80/apis/registry/v3, apicurio.registry.auto-register=true, apicurio.registry.artifact-resolver-strategy=io.apicurio.registry.serde.strategy.TopicIdStrategy, value.serializer=io.apicurio.registry.serde.avro.AvroKafkaSerializer, request.timeout.ms=5000, acks=all, bootstrap.servers=PLAINTEXT://localhost:32769, connections.max.idle.ms=10000, key.serializer=org.apache.kafka.common.serialization.StringSerializer, apicurio.registry.avro-datum-provider=io.apicurio.registry.serde.avro.ReflectAvroDatumProvider, client.id=Producer-topic-8a37fc95_4333_4f4b_9407_00b2fd7a458c}
2025-08-13 02:19:13,640 INFO  [io.api.tes.ser.api.SimpleSerdesTesterBuilder$SimpleSerdesTester] (main) Using consumer configuration: {apicurio.registry.avro-datum-provider=io.apicurio.registry.serde.avro.ReflectAvroDatumProvider}
2025-08-13 02:19:13,642 INFO  [io.api.tes.ser.api.KafkaSerdesTester] (Thread-633) Sending message io.apicurio.tests.common.serdes.TestObject@3dbd29cb to topic topic-8a37fc95_4333_4f4b_9407_00b2fd7a458c
2025-08-13 02:19:13,647 WARN  [org.apa.kaf.cli.NetworkClient] (kafka-producer-network-thread | Producer-topic-8a37fc95_4333_4f4b_9407_00b2fd7a458c) [Producer clientId=Producer-topic-8a37fc95_4333_4f4b_9407_00b2fd7a458c] The metadata response from the cluster reported a recoverable issue with correlation id 1 : {topic-8a37fc95_4333_4f4b_9407_00b2fd7a458c=UNKNOWN_TOPIC_OR_PARTITION}
2025-08-13 02:19:13,647 INFO  [org.apa.kaf.cli.Metadata] (kafka-producer-network-thread | Producer-topic-8a37fc95_4333_4f4b_9407_00b2fd7a458c) [Producer clientId=Producer-topic-8a37fc95_4333_4f4b_9407_00b2fd7a458c] Cluster ID: RhahJUjfTxKIJlGmUjwdsg
2025-08-13 02:19:13,647 INFO  [org.apa.kaf.cli.pro.int.TransactionManager] (kafka-producer-network-thread | Producer-topic-8a37fc95_4333_4f4b_9407_00b2fd7a458c) [Producer clientId=Producer-topic-8a37fc95_4333_4f4b_9407_00b2fd7a458c] ProducerId set to 6 with epoch 0
2025-08-13 02:19:13,873 INFO  [io.api.tes.ser.api.KafkaSerdesTester] (Thread-633) Sending message io.apicurio.tests.common.serdes.TestObject@3dbd29cb to topic topic-8a37fc95_4333_4f4b_9407_00b2fd7a458c
2025-08-13 02:19:13,878 INFO  [io.api.tes.ser.api.KafkaSerdesTester] (Thread-633) Sending message io.apicurio.tests.common.serdes.TestObject@3dbd29cb to topic topic-8a37fc95_4333_4f4b_9407_00b2fd7a458c
2025-08-13 02:19:13,880 INFO  [io.api.tes.ser.api.KafkaSerdesTester] (Thread-633) Sending message io.apicurio.tests.common.serdes.TestObject@3dbd29cb to topic topic-8a37fc95_4333_4f4b_9407_00b2fd7a458c
2025-08-13 02:19:13,884 INFO  [io.api.tes.ser.api.KafkaSerdesTester] (Thread-633) Sending message io.apicurio.tests.common.serdes.TestObject@3dbd29cb to topic topic-8a37fc95_4333_4f4b_9407_00b2fd7a458c
2025-08-13 02:19:13,886 INFO  [io.api.tes.ser.api.KafkaSerdesTester] (Thread-633) Sending message io.apicurio.tests.common.serdes.TestObject@3dbd29cb to topic topic-8a37fc95_4333_4f4b_9407_00b2fd7a458c
2025-08-13 02:19:13,888 INFO  [io.api.tes.ser.api.KafkaSerdesTester] (Thread-633) Sending message io.apicurio.tests.common.serdes.TestObject@3dbd29cb to topic topic-8a37fc95_4333_4f4b_9407_00b2fd7a458c
2025-08-13 02:19:13,892 INFO  [io.api.tes.ser.api.KafkaSerdesTester] (Thread-633) Sending message io.apicurio.tests.common.serdes.TestObject@3dbd29cb to topic topic-8a37fc95_4333_4f4b_9407_00b2fd7a458c
2025-08-13 02:19:13,894 INFO  [io.api.tes.ser.api.KafkaSerdesTester] (Thread-633) Sending message io.apicurio.tests.common.serdes.TestObject@3dbd29cb to topic topic-8a37fc95_4333_4f4b_9407_00b2fd7a458c
2025-08-13 02:19:13,897 INFO  [io.api.tes.ser.api.KafkaSerdesTester] (Thread-633) Sending message io.apicurio.tests.common.serdes.TestObject@3dbd29cb to topic topic-8a37fc95_4333_4f4b_9407_00b2fd7a458c
2025-08-13 02:19:13,900 INFO  [io.api.tes.ser.api.KafkaSerdesTester] (Thread-633) Produced 10 messages
2025-08-13 02:19:13,900 INFO  [org.apa.kaf.cli.pro.KafkaProducer] (Thread-633) [Producer clientId=Producer-topic-8a37fc95_4333_4f4b_9407_00b2fd7a458c] Closing the Kafka producer with timeoutMillis = 9223372036854775807 ms.
2025-08-13 02:19:13,903 INFO  [org.apa.kaf.com.met.Metrics] (Thread-633) Metrics scheduler closed
2025-08-13 02:19:13,903 INFO  [org.apa.kaf.com.met.Metrics] (Thread-633) Closing reporter org.apache.kafka.common.metrics.JmxReporter
2025-08-13 02:19:13,903 INFO  [org.apa.kaf.com.met.Metrics] (Thread-633) Closing reporter org.apache.kafka.common.telemetry.internals.ClientTelemetryReporter
2025-08-13 02:19:13,904 INFO  [org.apa.kaf.com.met.Metrics] (Thread-633) Metrics reporters closed
2025-08-13 02:19:13,904 INFO  [org.apa.kaf.com.uti.AppInfoParser] (Thread-633) App info kafka.producer for Producer-topic-8a37fc95_4333_4f4b_9407_00b2fd7a458c unregistered
**** Registry Base URL: http://registry-app-ksql047.apps.ci419.apicurio-testing.org:80
2025-08-13 02:19:13,962 INFO  [org.apa.kaf.cli.con.ConsumerConfig] (main) ConsumerConfig values: 
	allow.auto.create.topics = true
	auto.commit.interval.ms = 500
	auto.include.jmx.reporter = true
	auto.offset.reset = earliest
	bootstrap.servers = [PLAINTEXT://localhost:32769]
	check.crcs = true
	client.dns.lookup = use_all_dns_ips
	client.id = consumer-Consumer-topic-8a37fc95_4333_4f4b_9407_00b2fd7a458c-6
	client.rack = 
	connections.max.idle.ms = 10000
	default.api.timeout.ms = 60000
	enable.auto.commit = true
	enable.metrics.push = true
	exclude.internal.topics = true
	fetch.max.bytes = 52428800
	fetch.max.wait.ms = 500
	fetch.min.bytes = 1
	group.id = Consumer-topic-8a37fc95_4333_4f4b_9407_00b2fd7a458c
	group.instance.id = null
	group.protocol = classic
	group.remote.assignor = null
	heartbeat.interval.ms = 3000
	interceptor.classes = []
	internal.leave.group.on.close = true
	internal.throw.on.fetch.stable.offset.unsupported = false
	isolation.level = read_uncommitted
	key.deserializer = class org.apache.kafka.common.serialization.StringDeserializer
	max.partition.fetch.bytes = 1048576
	max.poll.interval.ms = 300000
	max.poll.records = 500
	metadata.max.age.ms = 300000
	metadata.recovery.strategy = none
	metric.reporters = []
	metrics.num.samples = 2
	metrics.recording.level = INFO
	metrics.sample.window.ms = 30000
	partition.assignment.strategy = [class org.apache.kafka.clients.consumer.RangeAssignor, class org.apache.kafka.clients.consumer.CooperativeStickyAssignor]
	receive.buffer.bytes = 65536
	reconnect.backoff.max.ms = 1000
	reconnect.backoff.ms = 50
	request.timeout.ms = 5000
	retry.backoff.max.ms = 1000
	retry.backoff.ms = 100
	sasl.client.callback.handler.class = null
	sasl.jaas.config = null
	sasl.kerberos.kinit.cmd = /usr/bin/kinit
	sasl.kerberos.min.time.before.relogin = 60000
	sasl.kerberos.service.name = null
	sasl.kerberos.ticket.renew.jitter = 0.05
	sasl.kerberos.ticket.renew.window.factor = 0.8
	sasl.login.callback.handler.class = null
	sasl.login.class = null
	sasl.login.connect.timeout.ms = null
	sasl.login.read.timeout.ms = null
	sasl.login.refresh.buffer.seconds = 300
	sasl.login.refresh.min.period.seconds = 60
	sasl.login.refresh.window.factor = 0.8
	sasl.login.refresh.window.jitter = 0.05
	sasl.login.retry.backoff.max.ms = 10000
	sasl.login.retry.backoff.ms = 100
	sasl.mechanism = GSSAPI
	sasl.oauthbearer.clock.skew.seconds = 30
	sasl.oauthbearer.expected.audience = null
	sasl.oauthbearer.expected.issuer = null
	sasl.oauthbearer.header.urlencode = false
	sasl.oauthbearer.jwks.endpoint.refresh.ms = 3600000
	sasl.oauthbearer.jwks.endpoint.retry.backoff.max.ms = 10000
	sasl.oauthbearer.jwks.endpoint.retry.backoff.ms = 100
	sasl.oauthbearer.jwks.endpoint.url = null
	sasl.oauthbearer.scope.claim.name = scope
	sasl.oauthbearer.sub.claim.name = sub
	sasl.oauthbearer.token.endpoint.url = null
	security.protocol = PLAINTEXT
	security.providers = null
	send.buffer.bytes = 131072
	session.timeout.ms = 45000
	socket.connection.setup.timeout.max.ms = 30000
	socket.connection.setup.timeout.ms = 10000
	ssl.cipher.suites = null
	ssl.enabled.protocols = [TLSv1.2, TLSv1.3]
	ssl.endpoint.identification.algorithm = https
	ssl.engine.factory.class = null
	ssl.key.password = null
	ssl.keymanager.algorithm = SunX509
	ssl.keystore.certificate.chain = null
	ssl.keystore.key = null
	ssl.keystore.location = null
	ssl.keystore.password = null
	ssl.keystore.type = JKS
	ssl.protocol = TLSv1.3
	ssl.provider = null
	ssl.secure.random.implementation = null
	ssl.trustmanager.algorithm = PKIX
	ssl.truststore.certificates = null
	ssl.truststore.location = null
	ssl.truststore.password = null
	ssl.truststore.type = JKS
	value.deserializer = class io.apicurio.registry.serde.avro.AvroKafkaDeserializer

2025-08-13 02:19:13,962 INFO  [org.apa.kaf.com.tel.int.KafkaMetricsCollector] (main) initializing Kafka metrics collector
2025-08-13 02:19:13,967 INFO  [org.apa.kaf.cli.con.ConsumerConfig] (main) These configurations '[apicurio.registry.url, apicurio.registry.avro-datum-provider]' were supplied but are not used yet.
2025-08-13 02:19:13,968 INFO  [org.apa.kaf.com.uti.AppInfoParser] (main) Kafka version: 3.9.1
2025-08-13 02:19:13,968 INFO  [org.apa.kaf.com.uti.AppInfoParser] (main) Kafka commitId: f745dfdcee2b9851
2025-08-13 02:19:13,968 INFO  [org.apa.kaf.com.uti.AppInfoParser] (main) Kafka startTimeMs: 1755051553968
2025-08-13 02:19:13,968 INFO  [org.apa.kaf.cli.con.int.ClassicKafkaConsumer] (Thread-636) [Consumer clientId=consumer-Consumer-topic-8a37fc95_4333_4f4b_9407_00b2fd7a458c-6, groupId=Consumer-topic-8a37fc95_4333_4f4b_9407_00b2fd7a458c] Subscribed to topic(s): topic-8a37fc95_4333_4f4b_9407_00b2fd7a458c
2025-08-13 02:19:13,974 INFO  [org.apa.kaf.cli.Metadata] (Thread-636) [Consumer clientId=consumer-Consumer-topic-8a37fc95_4333_4f4b_9407_00b2fd7a458c-6, groupId=Consumer-topic-8a37fc95_4333_4f4b_9407_00b2fd7a458c] Cluster ID: RhahJUjfTxKIJlGmUjwdsg
2025-08-13 02:19:13,978 INFO  [org.apa.kaf.cli.con.int.ConsumerCoordinator] (Thread-636) [Consumer clientId=consumer-Consumer-topic-8a37fc95_4333_4f4b_9407_00b2fd7a458c-6, groupId=Consumer-topic-8a37fc95_4333_4f4b_9407_00b2fd7a458c] Discovered group coordinator localhost:32769 (id: 2147483647 rack: null)
2025-08-13 02:19:13,984 INFO  [org.apa.kaf.cli.con.int.ConsumerCoordinator] (Thread-636) [Consumer clientId=consumer-Consumer-topic-8a37fc95_4333_4f4b_9407_00b2fd7a458c-6, groupId=Consumer-topic-8a37fc95_4333_4f4b_9407_00b2fd7a458c] (Re-)joining group
2025-08-13 02:19:13,988 INFO  [org.apa.kaf.cli.con.int.ConsumerCoordinator] (Thread-636) [Consumer clientId=consumer-Consumer-topic-8a37fc95_4333_4f4b_9407_00b2fd7a458c-6, groupId=Consumer-topic-8a37fc95_4333_4f4b_9407_00b2fd7a458c] Request joining group due to: need to re-join with the given member-id: consumer-Consumer-topic-8a37fc95_4333_4f4b_9407_00b2fd7a458c-6-815a3eb3-76d7-4a69-9427-ff112171034b
2025-08-13 02:19:13,988 INFO  [org.apa.kaf.cli.con.int.ConsumerCoordinator] (Thread-636) [Consumer clientId=consumer-Consumer-topic-8a37fc95_4333_4f4b_9407_00b2fd7a458c-6, groupId=Consumer-topic-8a37fc95_4333_4f4b_9407_00b2fd7a458c] (Re-)joining group
2025-08-13 02:19:14,968 INFO  [io.api.tes.ser.api.KafkaSerdesTester] (Thread-636) None found
2025-08-13 02:19:15,969 INFO  [io.api.tes.ser.api.KafkaSerdesTester] (Thread-636) None found
2025-08-13 02:19:16,970 INFO  [io.api.tes.ser.api.KafkaSerdesTester] (Thread-636) None found
2025-08-13 02:19:16,990 INFO  [org.apa.kaf.cli.con.int.ConsumerCoordinator] (Thread-636) [Consumer clientId=consumer-Consumer-topic-8a37fc95_4333_4f4b_9407_00b2fd7a458c-6, groupId=Consumer-topic-8a37fc95_4333_4f4b_9407_00b2fd7a458c] Successfully joined group with generation Generation{generationId=1, memberId='consumer-Consumer-topic-8a37fc95_4333_4f4b_9407_00b2fd7a458c-6-815a3eb3-76d7-4a69-9427-ff112171034b', protocol='range'}
2025-08-13 02:19:16,990 INFO  [org.apa.kaf.cli.con.int.ConsumerCoordinator] (Thread-636) [Consumer clientId=consumer-Consumer-topic-8a37fc95_4333_4f4b_9407_00b2fd7a458c-6, groupId=Consumer-topic-8a37fc95_4333_4f4b_9407_00b2fd7a458c] Finished assignment for group at generation 1: {consumer-Consumer-topic-8a37fc95_4333_4f4b_9407_00b2fd7a458c-6-815a3eb3-76d7-4a69-9427-ff112171034b=Assignment(partitions=[topic-8a37fc95_4333_4f4b_9407_00b2fd7a458c-0])}
2025-08-13 02:19:16,998 INFO  [org.apa.kaf.cli.con.int.ConsumerCoordinator] (Thread-636) [Consumer clientId=consumer-Consumer-topic-8a37fc95_4333_4f4b_9407_00b2fd7a458c-6, groupId=Consumer-topic-8a37fc95_4333_4f4b_9407_00b2fd7a458c] Successfully synced group in generation Generation{generationId=1, memberId='consumer-Consumer-topic-8a37fc95_4333_4f4b_9407_00b2fd7a458c-6-815a3eb3-76d7-4a69-9427-ff112171034b', protocol='range'}
2025-08-13 02:19:16,998 INFO  [org.apa.kaf.cli.con.int.ConsumerCoordinator] (Thread-636) [Consumer clientId=consumer-Consumer-topic-8a37fc95_4333_4f4b_9407_00b2fd7a458c-6, groupId=Consumer-topic-8a37fc95_4333_4f4b_9407_00b2fd7a458c] Notifying assignor about the new Assignment(partitions=[topic-8a37fc95_4333_4f4b_9407_00b2fd7a458c-0])
2025-08-13 02:19:16,999 INFO  [org.apa.kaf.cli.con.int.ConsumerRebalanceListenerInvoker] (Thread-636) [Consumer clientId=consumer-Consumer-topic-8a37fc95_4333_4f4b_9407_00b2fd7a458c-6, groupId=Consumer-topic-8a37fc95_4333_4f4b_9407_00b2fd7a458c] Adding newly assigned partitions: topic-8a37fc95_4333_4f4b_9407_00b2fd7a458c-0
2025-08-13 02:19:17,000 INFO  [org.apa.kaf.cli.con.int.ConsumerCoordinator] (Thread-636) [Consumer clientId=consumer-Consumer-topic-8a37fc95_4333_4f4b_9407_00b2fd7a458c-6, groupId=Consumer-topic-8a37fc95_4333_4f4b_9407_00b2fd7a458c] Found no committed offset for partition topic-8a37fc95_4333_4f4b_9407_00b2fd7a458c-0
2025-08-13 02:19:17,007 INFO  [org.apa.kaf.cli.con.int.SubscriptionState] (Thread-636) [Consumer clientId=consumer-Consumer-topic-8a37fc95_4333_4f4b_9407_00b2fd7a458c-6, groupId=Consumer-topic-8a37fc95_4333_4f4b_9407_00b2fd7a458c] Resetting offset for partition topic-8a37fc95_4333_4f4b_9407_00b2fd7a458c-0 to position FetchPosition{offset=0, offsetEpoch=Optional.empty, currentLeader=LeaderAndEpoch{leader=Optional[localhost:32769 (id: 0 rack: null)], epoch=0}}.
2025-08-13 02:19:17,094 INFO  [io.api.tes.ser.api.KafkaSerdesTester] (Thread-636) topic-8a37fc95_4333_4f4b_9407_00b2fd7a458c 0 0 io.apicurio.tests.common.serdes.TestObject@3dbd29cb
2025-08-13 02:19:17,094 INFO  [io.api.tes.ser.api.KafkaSerdesTester] (Thread-636) topic-8a37fc95_4333_4f4b_9407_00b2fd7a458c 0 1 io.apicurio.tests.common.serdes.TestObject@3dbd29cb
2025-08-13 02:19:17,094 INFO  [io.api.tes.ser.api.KafkaSerdesTester] (Thread-636) topic-8a37fc95_4333_4f4b_9407_00b2fd7a458c 0 2 io.apicurio.tests.common.serdes.TestObject@3dbd29cb
2025-08-13 02:19:17,094 INFO  [io.api.tes.ser.api.KafkaSerdesTester] (Thread-636) topic-8a37fc95_4333_4f4b_9407_00b2fd7a458c 0 3 io.apicurio.tests.common.serdes.TestObject@3dbd29cb
2025-08-13 02:19:17,094 INFO  [io.api.tes.ser.api.KafkaSerdesTester] (Thread-636) topic-8a37fc95_4333_4f4b_9407_00b2fd7a458c 0 4 io.apicurio.tests.common.serdes.TestObject@3dbd29cb
2025-08-13 02:19:17,094 INFO  [io.api.tes.ser.api.KafkaSerdesTester] (Thread-636) topic-8a37fc95_4333_4f4b_9407_00b2fd7a458c 0 5 io.apicurio.tests.common.serdes.TestObject@3dbd29cb
2025-08-13 02:19:17,094 INFO  [io.api.tes.ser.api.KafkaSerdesTester] (Thread-636) topic-8a37fc95_4333_4f4b_9407_00b2fd7a458c 0 6 io.apicurio.tests.common.serdes.TestObject@3dbd29cb
2025-08-13 02:19:17,094 INFO  [io.api.tes.ser.api.KafkaSerdesTester] (Thread-636) topic-8a37fc95_4333_4f4b_9407_00b2fd7a458c 0 7 io.apicurio.tests.common.serdes.TestObject@3dbd29cb
2025-08-13 02:19:17,094 INFO  [io.api.tes.ser.api.KafkaSerdesTester] (Thread-636) topic-8a37fc95_4333_4f4b_9407_00b2fd7a458c 0 8 io.apicurio.tests.common.serdes.TestObject@3dbd29cb
2025-08-13 02:19:17,094 INFO  [io.api.tes.ser.api.KafkaSerdesTester] (Thread-636) topic-8a37fc95_4333_4f4b_9407_00b2fd7a458c 0 9 io.apicurio.tests.common.serdes.TestObject@3dbd29cb
2025-08-13 02:19:17,094 INFO  [io.api.tes.ser.api.KafkaSerdesTester] (Thread-636) Consumed 10 messages
2025-08-13 02:19:17,102 INFO  [org.apa.kaf.cli.con.int.ConsumerRebalanceListenerInvoker] (Thread-636) [Consumer clientId=consumer-Consumer-topic-8a37fc95_4333_4f4b_9407_00b2fd7a458c-6, groupId=Consumer-topic-8a37fc95_4333_4f4b_9407_00b2fd7a458c] Revoke previously assigned partitions topic-8a37fc95_4333_4f4b_9407_00b2fd7a458c-0
2025-08-13 02:19:17,102 INFO  [org.apa.kaf.cli.con.int.ConsumerCoordinator] (Thread-636) [Consumer clientId=consumer-Consumer-topic-8a37fc95_4333_4f4b_9407_00b2fd7a458c-6, groupId=Consumer-topic-8a37fc95_4333_4f4b_9407_00b2fd7a458c] Member consumer-Consumer-topic-8a37fc95_4333_4f4b_9407_00b2fd7a458c-6-815a3eb3-76d7-4a69-9427-ff112171034b sending LeaveGroup request to coordinator localhost:32769 (id: 2147483647 rack: null) due to the consumer is being closed
2025-08-13 02:19:17,103 INFO  [org.apa.kaf.cli.con.int.ConsumerCoordinator] (Thread-636) [Consumer clientId=consumer-Consumer-topic-8a37fc95_4333_4f4b_9407_00b2fd7a458c-6, groupId=Consumer-topic-8a37fc95_4333_4f4b_9407_00b2fd7a458c] Resetting generation and member id due to: consumer pro-actively leaving the group
2025-08-13 02:19:17,103 INFO  [org.apa.kaf.cli.con.int.ConsumerCoordinator] (Thread-636) [Consumer clientId=consumer-Consumer-topic-8a37fc95_4333_4f4b_9407_00b2fd7a458c-6, groupId=Consumer-topic-8a37fc95_4333_4f4b_9407_00b2fd7a458c] Request joining group due to: consumer pro-actively leaving the group
2025-08-13 02:19:17,597 INFO  [org.apa.kaf.com.met.Metrics] (Thread-636) Metrics scheduler closed
2025-08-13 02:19:17,598 INFO  [org.apa.kaf.com.met.Metrics] (Thread-636) Closing reporter org.apache.kafka.common.metrics.JmxReporter
2025-08-13 02:19:17,598 INFO  [org.apa.kaf.com.met.Metrics] (Thread-636) Closing reporter org.apache.kafka.common.telemetry.internals.ClientTelemetryReporter
2025-08-13 02:19:17,598 INFO  [org.apa.kaf.com.met.Metrics] (Thread-636) Metrics reporters closed
2025-08-13 02:19:17,601 INFO  [org.apa.kaf.com.uti.AppInfoParser] (Thread-636) App info kafka.consumer for consumer-Consumer-topic-8a37fc95_4333_4f4b_9407_00b2fd7a458c-6 unregistered
2025-08-13 02:19:17,602 INFO  [io.api.tes.uti.TestSeparator] (main) io.apicurio.tests.serdes.apicurio.AvroSerdeIT.testReflectAutoRegister-FINISHED
2025-08-13 02:19:17,602 INFO  [io.api.tes.uti.TestSeparator] (main) ############################################################################
Test passed: testReflectAutoRegister
]]></system-out>
  </testcase>
  <testcase name="testArtifactNotFound" classname="io.apicurio.tests.serdes.apicurio.AvroSerdeIT" time="0.234">
    <system-out><![CDATA[2025-08-13 02:19:17,605 INFO  [io.api.tes.uti.TestSeparator] (main) ############################################################################
2025-08-13 02:19:17,605 INFO  [io.api.tes.uti.TestSeparator] (main) io.apicurio.tests.serdes.apicurio.AvroSerdeIT.testArtifactNotFound-STARTED
**** Registry Base URL: http://registry-app-ksql047.apps.ci419.apicurio-testing.org:80
2025-08-13 02:19:17,607 INFO  [org.apa.kaf.cli.pro.ProducerConfig] (main) ProducerConfig values: 
	acks = -1
	auto.include.jmx.reporter = true
	batch.size = 16384
	bootstrap.servers = [PLAINTEXT://localhost:32769]
	buffer.memory = 33554432
	client.dns.lookup = use_all_dns_ips
	client.id = Producer-s70b8e16axf634x4558xb6eax232c1806ecb6
	compression.gzip.level = -1
	compression.lz4.level = 9
	compression.type = none
	compression.zstd.level = 3
	connections.max.idle.ms = 10000
	delivery.timeout.ms = 120000
	enable.idempotence = true
	enable.metrics.push = true
	interceptor.classes = []
	key.serializer = class org.apache.kafka.common.serialization.StringSerializer
	linger.ms = 0
	max.block.ms = 60000
	max.in.flight.requests.per.connection = 5
	max.request.size = 1048576
	metadata.max.age.ms = 300000
	metadata.max.idle.ms = 300000
	metadata.recovery.strategy = none
	metric.reporters = []
	metrics.num.samples = 2
	metrics.recording.level = INFO
	metrics.sample.window.ms = 30000
	partitioner.adaptive.partitioning.enable = true
	partitioner.availability.timeout.ms = 0
	partitioner.class = null
	partitioner.ignore.keys = false
	receive.buffer.bytes = 32768
	reconnect.backoff.max.ms = 1000
	reconnect.backoff.ms = 50
	request.timeout.ms = 5000
	retries = 2147483647
	retry.backoff.max.ms = 1000
	retry.backoff.ms = 100
	sasl.client.callback.handler.class = null
	sasl.jaas.config = null
	sasl.kerberos.kinit.cmd = /usr/bin/kinit
	sasl.kerberos.min.time.before.relogin = 60000
	sasl.kerberos.service.name = null
	sasl.kerberos.ticket.renew.jitter = 0.05
	sasl.kerberos.ticket.renew.window.factor = 0.8
	sasl.login.callback.handler.class = null
	sasl.login.class = null
	sasl.login.connect.timeout.ms = null
	sasl.login.read.timeout.ms = null
	sasl.login.refresh.buffer.seconds = 300
	sasl.login.refresh.min.period.seconds = 60
	sasl.login.refresh.window.factor = 0.8
	sasl.login.refresh.window.jitter = 0.05
	sasl.login.retry.backoff.max.ms = 10000
	sasl.login.retry.backoff.ms = 100
	sasl.mechanism = GSSAPI
	sasl.oauthbearer.clock.skew.seconds = 30
	sasl.oauthbearer.expected.audience = null
	sasl.oauthbearer.expected.issuer = null
	sasl.oauthbearer.header.urlencode = false
	sasl.oauthbearer.jwks.endpoint.refresh.ms = 3600000
	sasl.oauthbearer.jwks.endpoint.retry.backoff.max.ms = 10000
	sasl.oauthbearer.jwks.endpoint.retry.backoff.ms = 100
	sasl.oauthbearer.jwks.endpoint.url = null
	sasl.oauthbearer.scope.claim.name = scope
	sasl.oauthbearer.sub.claim.name = sub
	sasl.oauthbearer.token.endpoint.url = null
	security.protocol = PLAINTEXT
	security.providers = null
	send.buffer.bytes = 131072
	socket.connection.setup.timeout.max.ms = 30000
	socket.connection.setup.timeout.ms = 10000
	ssl.cipher.suites = null
	ssl.enabled.protocols = [TLSv1.2, TLSv1.3]
	ssl.endpoint.identification.algorithm = https
	ssl.engine.factory.class = null
	ssl.key.password = null
	ssl.keymanager.algorithm = SunX509
	ssl.keystore.certificate.chain = null
	ssl.keystore.key = null
	ssl.keystore.location = null
	ssl.keystore.password = null
	ssl.keystore.type = JKS
	ssl.protocol = TLSv1.3
	ssl.provider = null
	ssl.secure.random.implementation = null
	ssl.trustmanager.algorithm = PKIX
	ssl.truststore.certificates = null
	ssl.truststore.location = null
	ssl.truststore.password = null
	ssl.truststore.type = JKS
	transaction.timeout.ms = 60000
	transactional.id = null
	value.serializer = class io.apicurio.registry.serde.avro.AvroKafkaSerializer

2025-08-13 02:19:17,607 INFO  [org.apa.kaf.com.tel.int.KafkaMetricsCollector] (main) initializing Kafka metrics collector
2025-08-13 02:19:17,613 INFO  [org.apa.kaf.cli.pro.KafkaProducer] (main) [Producer clientId=Producer-s70b8e16axf634x4558xb6eax232c1806ecb6] Instantiated an idempotent producer.
2025-08-13 02:19:17,616 INFO  [org.apa.kaf.cli.pro.ProducerConfig] (main) These configurations '[apicurio.registry.url, apicurio.registry.artifact-resolver-strategy]' were supplied but are not used yet.
2025-08-13 02:19:17,617 INFO  [org.apa.kaf.com.uti.AppInfoParser] (main) Kafka version: 3.9.1
2025-08-13 02:19:17,617 INFO  [org.apa.kaf.com.uti.AppInfoParser] (main) Kafka commitId: f745dfdcee2b9851
2025-08-13 02:19:17,618 INFO  [org.apa.kaf.com.uti.AppInfoParser] (main) Kafka startTimeMs: 1755051557617
2025-08-13 02:19:17,618 INFO  [io.api.tes.ser.api.KafkaSerdesTester] (Thread-639) Sending message {"keyB": "value-0"} to topic s70b8e16axf634x4558xb6eax232c1806ecb6
2025-08-13 02:19:17,623 WARN  [org.apa.kaf.cli.NetworkClient] (kafka-producer-network-thread | Producer-s70b8e16axf634x4558xb6eax232c1806ecb6) [Producer clientId=Producer-s70b8e16axf634x4558xb6eax232c1806ecb6] The metadata response from the cluster reported a recoverable issue with correlation id 1 : {s70b8e16axf634x4558xb6eax232c1806ecb6=UNKNOWN_TOPIC_OR_PARTITION}
2025-08-13 02:19:17,624 INFO  [org.apa.kaf.cli.Metadata] (kafka-producer-network-thread | Producer-s70b8e16axf634x4558xb6eax232c1806ecb6) [Producer clientId=Producer-s70b8e16axf634x4558xb6eax232c1806ecb6] Cluster ID: RhahJUjfTxKIJlGmUjwdsg
2025-08-13 02:19:17,624 INFO  [org.apa.kaf.cli.pro.int.TransactionManager] (kafka-producer-network-thread | Producer-s70b8e16axf634x4558xb6eax232c1806ecb6) [Producer clientId=Producer-s70b8e16axf634x4558xb6eax232c1806ecb6] ProducerId set to 7 with epoch 0
2025-08-13 02:19:17,744 INFO  [DefaultSchemaResolver] (Thread-639) Retrieving schema content using string: {"type":"record","name":"myrecord","namespace":"mygroup","fields":[{"name":"keyB","type":"string"}]}
2025-08-13 02:19:17,829 INFO  [org.apa.kaf.cli.pro.KafkaProducer] (Thread-639) [Producer clientId=Producer-s70b8e16axf634x4558xb6eax232c1806ecb6] Closing the Kafka producer with timeoutMillis = 9223372036854775807 ms.
2025-08-13 02:19:17,835 INFO  [org.apa.kaf.com.met.Metrics] (Thread-639) Metrics scheduler closed
2025-08-13 02:19:17,835 INFO  [org.apa.kaf.com.met.Metrics] (Thread-639) Closing reporter org.apache.kafka.common.metrics.JmxReporter
2025-08-13 02:19:17,835 INFO  [org.apa.kaf.com.met.Metrics] (Thread-639) Closing reporter org.apache.kafka.common.telemetry.internals.ClientTelemetryReporter
2025-08-13 02:19:17,835 INFO  [org.apa.kaf.com.met.Metrics] (Thread-639) Metrics reporters closed
2025-08-13 02:19:17,835 INFO  [org.apa.kaf.com.uti.AppInfoParser] (Thread-639) App info kafka.producer for Producer-s70b8e16axf634x4558xb6eax232c1806ecb6 unregistered
2025-08-13 02:19:17,837 INFO  [io.api.tes.uti.TestSeparator] (main) io.apicurio.tests.serdes.apicurio.AvroSerdeIT.testArtifactNotFound-FINISHED
2025-08-13 02:19:17,837 INFO  [io.api.tes.uti.TestSeparator] (main) ############################################################################
Test passed: testArtifactNotFound
]]></system-out>
    <system-err><![CDATA[java.lang.RuntimeException: Could not resolve artifact reference by content: {"type":"record","name":"myrecord","namespace":"mygroup","fields":[{"name":"keyB","type":"string"}]}&ArtifactReference [groupId=default, artifactId=s70b8e16axf634x4558xb6eax232c1806ecb6-value, version=null, globalId=null, contentId=null, contentHash=null]
	at io.apicurio.registry.resolver.DefaultSchemaResolver.lambda$handleResolveSchemaByContent$3(DefaultSchemaResolver.java:265)
	at io.apicurio.registry.resolver.cache.ERCache.lambda$getValue$0(ERCache.java:174)
	at io.apicurio.registry.resolver.cache.ERCache.retry(ERCache.java:227)
	at io.apicurio.registry.resolver.cache.ERCache.getValue(ERCache.java:173)
	at io.apicurio.registry.resolver.cache.ERCache.getByContent(ERCache.java:147)
	at io.apicurio.registry.resolver.DefaultSchemaResolver.handleResolveSchemaByContent(DefaultSchemaResolver.java:253)
	at io.apicurio.registry.resolver.DefaultSchemaResolver.getSchemaFromRegistry(DefaultSchemaResolver.java:138)
	at io.apicurio.registry.resolver.DefaultSchemaResolver.lambda$resolveSchema$0(DefaultSchemaResolver.java:84)
	at java.base/java.util.Optional.orElseGet(Optional.java:364)
	at io.apicurio.registry.resolver.DefaultSchemaResolver.resolveSchema(DefaultSchemaResolver.java:84)
	at io.apicurio.registry.serde.AbstractSerializer.serializeData(AbstractSerializer.java:62)
	at io.apicurio.registry.serde.KafkaSerializer.serialize(KafkaSerializer.java:77)
	at org.apache.kafka.clients.producer.KafkaProducer.doSend(KafkaProducer.java:1046)
	at org.apache.kafka.clients.producer.KafkaProducer.send(KafkaProducer.java:993)
	at org.apache.kafka.clients.producer.KafkaProducer.send(KafkaProducer.java:875)
	at io.apicurio.tests.serdes.apicurio.KafkaSerdesTester.lambda$produceMessages$3(KafkaSerdesTester.java:138)
	at java.base/java.util.concurrent.CompletableFuture$AsyncSupply.run(CompletableFuture.java:1768)
	at java.base/java.lang.Thread.run(Thread.java:840)
]]></system-err>
  </testcase>
  <testcase name="testAvroSerDesFailDifferentSchemaByRecordName" classname="io.apicurio.tests.serdes.apicurio.AvroSerdeIT" time="1.177">
    <system-out><![CDATA[2025-08-13 02:19:17,841 INFO  [io.api.tes.uti.TestSeparator] (main) ############################################################################
2025-08-13 02:19:17,842 INFO  [io.api.tes.uti.TestSeparator] (main) io.apicurio.tests.serdes.apicurio.AvroSerdeIT.testAvroSerDesFailDifferentSchemaByRecordName-STARTED
**** Registry Base URL: http://registry-app-ksql047.apps.ci419.apicurio-testing.org:80
2025-08-13 02:19:18,943 INFO  [org.apa.kaf.cli.pro.ProducerConfig] (main) ProducerConfig values: 
	acks = -1
	auto.include.jmx.reporter = true
	batch.size = 16384
	bootstrap.servers = [PLAINTEXT://localhost:32769]
	buffer.memory = 33554432
	client.dns.lookup = use_all_dns_ips
	client.id = Producer-topic-8059d8b8_6aaa_45cd_afe9_e263f8ed1280
	compression.gzip.level = -1
	compression.lz4.level = 9
	compression.type = none
	compression.zstd.level = 3
	connections.max.idle.ms = 10000
	delivery.timeout.ms = 120000
	enable.idempotence = true
	enable.metrics.push = true
	interceptor.classes = []
	key.serializer = class org.apache.kafka.common.serialization.StringSerializer
	linger.ms = 0
	max.block.ms = 60000
	max.in.flight.requests.per.connection = 5
	max.request.size = 1048576
	metadata.max.age.ms = 300000
	metadata.max.idle.ms = 300000
	metadata.recovery.strategy = none
	metric.reporters = []
	metrics.num.samples = 2
	metrics.recording.level = INFO
	metrics.sample.window.ms = 30000
	partitioner.adaptive.partitioning.enable = true
	partitioner.availability.timeout.ms = 0
	partitioner.class = null
	partitioner.ignore.keys = false
	receive.buffer.bytes = 32768
	reconnect.backoff.max.ms = 1000
	reconnect.backoff.ms = 50
	request.timeout.ms = 5000
	retries = 2147483647
	retry.backoff.max.ms = 1000
	retry.backoff.ms = 100
	sasl.client.callback.handler.class = null
	sasl.jaas.config = null
	sasl.kerberos.kinit.cmd = /usr/bin/kinit
	sasl.kerberos.min.time.before.relogin = 60000
	sasl.kerberos.service.name = null
	sasl.kerberos.ticket.renew.jitter = 0.05
	sasl.kerberos.ticket.renew.window.factor = 0.8
	sasl.login.callback.handler.class = null
	sasl.login.class = null
	sasl.login.connect.timeout.ms = null
	sasl.login.read.timeout.ms = null
	sasl.login.refresh.buffer.seconds = 300
	sasl.login.refresh.min.period.seconds = 60
	sasl.login.refresh.window.factor = 0.8
	sasl.login.refresh.window.jitter = 0.05
	sasl.login.retry.backoff.max.ms = 10000
	sasl.login.retry.backoff.ms = 100
	sasl.mechanism = GSSAPI
	sasl.oauthbearer.clock.skew.seconds = 30
	sasl.oauthbearer.expected.audience = null
	sasl.oauthbearer.expected.issuer = null
	sasl.oauthbearer.header.urlencode = false
	sasl.oauthbearer.jwks.endpoint.refresh.ms = 3600000
	sasl.oauthbearer.jwks.endpoint.retry.backoff.max.ms = 10000
	sasl.oauthbearer.jwks.endpoint.retry.backoff.ms = 100
	sasl.oauthbearer.jwks.endpoint.url = null
	sasl.oauthbearer.scope.claim.name = scope
	sasl.oauthbearer.sub.claim.name = sub
	sasl.oauthbearer.token.endpoint.url = null
	security.protocol = PLAINTEXT
	security.providers = null
	send.buffer.bytes = 131072
	socket.connection.setup.timeout.max.ms = 30000
	socket.connection.setup.timeout.ms = 10000
	ssl.cipher.suites = null
	ssl.enabled.protocols = [TLSv1.2, TLSv1.3]
	ssl.endpoint.identification.algorithm = https
	ssl.engine.factory.class = null
	ssl.key.password = null
	ssl.keymanager.algorithm = SunX509
	ssl.keystore.certificate.chain = null
	ssl.keystore.key = null
	ssl.keystore.location = null
	ssl.keystore.password = null
	ssl.keystore.type = JKS
	ssl.protocol = TLSv1.3
	ssl.provider = null
	ssl.secure.random.implementation = null
	ssl.trustmanager.algorithm = PKIX
	ssl.truststore.certificates = null
	ssl.truststore.location = null
	ssl.truststore.password = null
	ssl.truststore.type = JKS
	transaction.timeout.ms = 60000
	transactional.id = null
	value.serializer = class io.apicurio.registry.serde.avro.AvroKafkaSerializer

2025-08-13 02:19:18,944 INFO  [org.apa.kaf.com.tel.int.KafkaMetricsCollector] (main) initializing Kafka metrics collector
2025-08-13 02:19:18,948 INFO  [org.apa.kaf.cli.pro.KafkaProducer] (main) [Producer clientId=Producer-topic-8059d8b8_6aaa_45cd_afe9_e263f8ed1280] Instantiated an idempotent producer.
2025-08-13 02:19:18,951 INFO  [org.apa.kaf.cli.pro.ProducerConfig] (main) These configurations '[apicurio.registry.find-latest, apicurio.registry.url, apicurio.registry.artifact-resolver-strategy]' were supplied but are not used yet.
2025-08-13 02:19:18,951 INFO  [org.apa.kaf.com.uti.AppInfoParser] (main) Kafka version: 3.9.1
2025-08-13 02:19:18,951 INFO  [org.apa.kaf.com.uti.AppInfoParser] (main) Kafka commitId: f745dfdcee2b9851
2025-08-13 02:19:18,952 INFO  [org.apa.kaf.com.uti.AppInfoParser] (main) Kafka startTimeMs: 1755051558951
2025-08-13 02:19:18,953 INFO  [io.api.tes.ser.api.KafkaSerdesTester] (Thread-642) Sending message {"keyB": "value-0"} to topic topic-8059d8b8_6aaa_45cd_afe9_e263f8ed1280
2025-08-13 02:19:18,959 INFO  [org.apa.kaf.cli.Metadata] (kafka-producer-network-thread | Producer-topic-8059d8b8_6aaa_45cd_afe9_e263f8ed1280) [Producer clientId=Producer-topic-8059d8b8_6aaa_45cd_afe9_e263f8ed1280] Cluster ID: RhahJUjfTxKIJlGmUjwdsg
2025-08-13 02:19:18,961 INFO  [org.apa.kaf.cli.pro.int.TransactionManager] (kafka-producer-network-thread | Producer-topic-8059d8b8_6aaa_45cd_afe9_e263f8ed1280) [Producer clientId=Producer-topic-8059d8b8_6aaa_45cd_afe9_e263f8ed1280] ProducerId set to 8 with epoch 0
2025-08-13 02:19:19,012 INFO  [org.apa.kaf.cli.pro.KafkaProducer] (Thread-642) [Producer clientId=Producer-topic-8059d8b8_6aaa_45cd_afe9_e263f8ed1280] Closing the Kafka producer with timeoutMillis = 9223372036854775807 ms.
2025-08-13 02:19:19,014 INFO  [org.apa.kaf.com.met.Metrics] (Thread-642) Metrics scheduler closed
2025-08-13 02:19:19,014 INFO  [org.apa.kaf.com.met.Metrics] (Thread-642) Closing reporter org.apache.kafka.common.metrics.JmxReporter
2025-08-13 02:19:19,014 INFO  [org.apa.kaf.com.met.Metrics] (Thread-642) Closing reporter org.apache.kafka.common.telemetry.internals.ClientTelemetryReporter
2025-08-13 02:19:19,014 INFO  [org.apa.kaf.com.met.Metrics] (Thread-642) Metrics reporters closed
2025-08-13 02:19:19,014 INFO  [org.apa.kaf.com.uti.AppInfoParser] (Thread-642) App info kafka.producer for Producer-topic-8059d8b8_6aaa_45cd_afe9_e263f8ed1280 unregistered
2025-08-13 02:19:19,014 INFO  [io.api.tes.uti.TestSeparator] (main) io.apicurio.tests.serdes.apicurio.AvroSerdeIT.testAvroSerDesFailDifferentSchemaByRecordName-FINISHED
2025-08-13 02:19:19,014 INFO  [io.api.tes.uti.TestSeparator] (main) ############################################################################
Test passed: testAvroSerDesFailDifferentSchemaByRecordName
]]></system-out>
    <system-err><![CDATA[io.apicurio.registry.rest.client.models.ProblemDetails
	at io.apicurio.registry.rest.client.models.ProblemDetails.createFromDiscriminatorValue(ProblemDetails.java:58)
	at io.kiota.serialization.json.JsonParseNode.getObjectValue(JsonParseNode.java:247)
	at io.kiota.http.vertx.VertXRequestAdapter.lambda$throwIfFailedResponse$0(VertXRequestAdapter.java:400)
	at com.microsoft.kiota.ApiExceptionBuilder.<init>(ApiExceptionBuilder.java:26)
	at io.kiota.http.vertx.VertXRequestAdapter.throwIfFailedResponse(VertXRequestAdapter.java:399)
	at io.kiota.http.vertx.VertXRequestAdapter.send(VertXRequestAdapter.java:170)
	at io.apicurio.registry.rest.client.groups.item.artifacts.item.versions.item.WithVersionExpressionItemRequestBuilder.get(WithVersionExpressionItemRequestBuilder.java:128)
	at io.apicurio.registry.rest.client.groups.item.artifacts.item.versions.item.WithVersionExpressionItemRequestBuilder.get(WithVersionExpressionItemRequestBuilder.java:111)
	at io.apicurio.registry.resolver.client.RegistryClientFacadeImpl.getVersionCoordinatesByGAV(RegistryClientFacadeImpl.java:159)
	at io.apicurio.registry.resolver.DefaultSchemaResolver.resolveByCoordinates(DefaultSchemaResolver.java:352)
	at io.apicurio.registry.resolver.DefaultSchemaResolver.lambda$resolveSchemaByArtifactReferenceCached$6(DefaultSchemaResolver.java:340)
	at io.apicurio.registry.resolver.cache.ERCache.lambda$getValue$0(ERCache.java:174)
	at io.apicurio.registry.resolver.cache.ERCache.retry(ERCache.java:227)
	at io.apicurio.registry.resolver.cache.ERCache.getValue(ERCache.java:173)
	at io.apicurio.registry.resolver.cache.ERCache.getByArtifactCoordinates(ERCache.java:158)
	at io.apicurio.registry.resolver.DefaultSchemaResolver.resolveSchemaByArtifactReferenceCached(DefaultSchemaResolver.java:338)
	at io.apicurio.registry.resolver.DefaultSchemaResolver.resolveSchemaByCoordinates(DefaultSchemaResolver.java:193)
	at io.apicurio.registry.resolver.DefaultSchemaResolver.getSchemaFromRegistry(DefaultSchemaResolver.java:130)
	at io.apicurio.registry.resolver.DefaultSchemaResolver.lambda$resolveSchema$0(DefaultSchemaResolver.java:84)
	at java.base/java.util.Optional.orElseGet(Optional.java:364)
	at io.apicurio.registry.resolver.DefaultSchemaResolver.resolveSchema(DefaultSchemaResolver.java:84)
	at io.apicurio.registry.serde.AbstractSerializer.serializeData(AbstractSerializer.java:62)
	at io.apicurio.registry.serde.KafkaSerializer.serialize(KafkaSerializer.java:77)
	at org.apache.kafka.clients.producer.KafkaProducer.doSend(KafkaProducer.java:1046)
	at org.apache.kafka.clients.producer.KafkaProducer.send(KafkaProducer.java:993)
	at org.apache.kafka.clients.producer.KafkaProducer.send(KafkaProducer.java:875)
	at io.apicurio.tests.serdes.apicurio.KafkaSerdesTester.lambda$produceMessages$3(KafkaSerdesTester.java:138)
	at java.base/java.util.concurrent.CompletableFuture$AsyncSupply.run(CompletableFuture.java:1768)
	at java.base/java.lang.Thread.run(Thread.java:840)
]]></system-err>
  </testcase>
  <testcase name="testTopicIdStrategyFindLatest" classname="io.apicurio.tests.serdes.apicurio.AvroSerdeIT" time="4.909">
    <system-out><![CDATA[2025-08-13 02:19:19,016 INFO  [io.api.tes.uti.TestSeparator] (main) ############################################################################
2025-08-13 02:19:19,016 INFO  [io.api.tes.uti.TestSeparator] (main) io.apicurio.tests.serdes.apicurio.AvroSerdeIT.testTopicIdStrategyFindLatest-STARTED
2025-08-13 02:19:19,019 INFO  [io.api.tes.ser.api.AvroSerdeIT] (main) Registering Avro Schema: {"type":"record","name":"myrecordapicurio1","fields":[{"name":"key11755051559018","type":"string"}]}
**** Registry Base URL: http://registry-app-ksql047.apps.ci419.apicurio-testing.org:80
2025-08-13 02:19:20,117 INFO  [org.apa.kaf.cli.pro.ProducerConfig] (main) ProducerConfig values: 
	acks = -1
	auto.include.jmx.reporter = true
	batch.size = 16384
	bootstrap.servers = [PLAINTEXT://localhost:32769]
	buffer.memory = 33554432
	client.dns.lookup = use_all_dns_ips
	client.id = Producer-topic-217a1f8d_daf2_435f_afdd_d953464b6558
	compression.gzip.level = -1
	compression.lz4.level = 9
	compression.type = none
	compression.zstd.level = 3
	connections.max.idle.ms = 10000
	delivery.timeout.ms = 120000
	enable.idempotence = true
	enable.metrics.push = true
	interceptor.classes = []
	key.serializer = class org.apache.kafka.common.serialization.StringSerializer
	linger.ms = 0
	max.block.ms = 60000
	max.in.flight.requests.per.connection = 5
	max.request.size = 1048576
	metadata.max.age.ms = 300000
	metadata.max.idle.ms = 300000
	metadata.recovery.strategy = none
	metric.reporters = []
	metrics.num.samples = 2
	metrics.recording.level = INFO
	metrics.sample.window.ms = 30000
	partitioner.adaptive.partitioning.enable = true
	partitioner.availability.timeout.ms = 0
	partitioner.class = null
	partitioner.ignore.keys = false
	receive.buffer.bytes = 32768
	reconnect.backoff.max.ms = 1000
	reconnect.backoff.ms = 50
	request.timeout.ms = 5000
	retries = 2147483647
	retry.backoff.max.ms = 1000
	retry.backoff.ms = 100
	sasl.client.callback.handler.class = null
	sasl.jaas.config = null
	sasl.kerberos.kinit.cmd = /usr/bin/kinit
	sasl.kerberos.min.time.before.relogin = 60000
	sasl.kerberos.service.name = null
	sasl.kerberos.ticket.renew.jitter = 0.05
	sasl.kerberos.ticket.renew.window.factor = 0.8
	sasl.login.callback.handler.class = null
	sasl.login.class = null
	sasl.login.connect.timeout.ms = null
	sasl.login.read.timeout.ms = null
	sasl.login.refresh.buffer.seconds = 300
	sasl.login.refresh.min.period.seconds = 60
	sasl.login.refresh.window.factor = 0.8
	sasl.login.refresh.window.jitter = 0.05
	sasl.login.retry.backoff.max.ms = 10000
	sasl.login.retry.backoff.ms = 100
	sasl.mechanism = GSSAPI
	sasl.oauthbearer.clock.skew.seconds = 30
	sasl.oauthbearer.expected.audience = null
	sasl.oauthbearer.expected.issuer = null
	sasl.oauthbearer.header.urlencode = false
	sasl.oauthbearer.jwks.endpoint.refresh.ms = 3600000
	sasl.oauthbearer.jwks.endpoint.retry.backoff.max.ms = 10000
	sasl.oauthbearer.jwks.endpoint.retry.backoff.ms = 100
	sasl.oauthbearer.jwks.endpoint.url = null
	sasl.oauthbearer.scope.claim.name = scope
	sasl.oauthbearer.sub.claim.name = sub
	sasl.oauthbearer.token.endpoint.url = null
	security.protocol = PLAINTEXT
	security.providers = null
	send.buffer.bytes = 131072
	socket.connection.setup.timeout.max.ms = 30000
	socket.connection.setup.timeout.ms = 10000
	ssl.cipher.suites = null
	ssl.enabled.protocols = [TLSv1.2, TLSv1.3]
	ssl.endpoint.identification.algorithm = https
	ssl.engine.factory.class = null
	ssl.key.password = null
	ssl.keymanager.algorithm = SunX509
	ssl.keystore.certificate.chain = null
	ssl.keystore.key = null
	ssl.keystore.location = null
	ssl.keystore.password = null
	ssl.keystore.type = JKS
	ssl.protocol = TLSv1.3
	ssl.provider = null
	ssl.secure.random.implementation = null
	ssl.trustmanager.algorithm = PKIX
	ssl.truststore.certificates = null
	ssl.truststore.location = null
	ssl.truststore.password = null
	ssl.truststore.type = JKS
	transaction.timeout.ms = 60000
	transactional.id = null
	value.serializer = class io.apicurio.registry.serde.avro.AvroKafkaSerializer

2025-08-13 02:19:20,118 INFO  [org.apa.kaf.com.tel.int.KafkaMetricsCollector] (main) initializing Kafka metrics collector
2025-08-13 02:19:20,121 INFO  [org.apa.kaf.cli.pro.KafkaProducer] (main) [Producer clientId=Producer-topic-217a1f8d_daf2_435f_afdd_d953464b6558] Instantiated an idempotent producer.
2025-08-13 02:19:20,124 INFO  [org.apa.kaf.cli.pro.ProducerConfig] (main) These configurations '[apicurio.registry.find-latest, apicurio.registry.url, apicurio.registry.artifact-resolver-strategy]' were supplied but are not used yet.
2025-08-13 02:19:20,124 INFO  [org.apa.kaf.com.uti.AppInfoParser] (main) Kafka version: 3.9.1
2025-08-13 02:19:20,124 INFO  [org.apa.kaf.com.uti.AppInfoParser] (main) Kafka commitId: f745dfdcee2b9851
2025-08-13 02:19:20,124 INFO  [org.apa.kaf.com.uti.AppInfoParser] (main) Kafka startTimeMs: 1755051560124
2025-08-13 02:19:20,124 INFO  [io.api.tes.ser.api.SimpleSerdesTesterBuilder$SimpleSerdesTester] (main) Using producer configuration: {apicurio.registry.find-latest=true, apicurio.registry.url=http://registry-app-ksql047.apps.ci419.apicurio-testing.org:80/apis/registry/v3, apicurio.registry.artifact-resolver-strategy=io.apicurio.registry.serde.strategy.TopicIdStrategy, value.serializer=io.apicurio.registry.serde.avro.AvroKafkaSerializer, request.timeout.ms=5000, acks=all, bootstrap.servers=PLAINTEXT://localhost:32769, connections.max.idle.ms=10000, key.serializer=org.apache.kafka.common.serialization.StringSerializer, client.id=Producer-topic-217a1f8d_daf2_435f_afdd_d953464b6558}
2025-08-13 02:19:20,124 INFO  [io.api.tes.ser.api.SimpleSerdesTesterBuilder$SimpleSerdesTester] (main) Using consumer configuration: {}
2025-08-13 02:19:20,125 INFO  [io.api.tes.ser.api.KafkaSerdesTester] (Thread-645) Sending message {"key11755051559018": "value-0"} to topic topic-217a1f8d_daf2_435f_afdd_d953464b6558
2025-08-13 02:19:20,126 INFO  [org.apa.kaf.cli.Metadata] (kafka-producer-network-thread | Producer-topic-217a1f8d_daf2_435f_afdd_d953464b6558) [Producer clientId=Producer-topic-217a1f8d_daf2_435f_afdd_d953464b6558] Cluster ID: RhahJUjfTxKIJlGmUjwdsg
2025-08-13 02:19:20,127 INFO  [org.apa.kaf.cli.pro.int.TransactionManager] (kafka-producer-network-thread | Producer-topic-217a1f8d_daf2_435f_afdd_d953464b6558) [Producer clientId=Producer-topic-217a1f8d_daf2_435f_afdd_d953464b6558] ProducerId set to 9 with epoch 0
2025-08-13 02:19:20,236 INFO  [io.api.tes.ser.api.KafkaSerdesTester] (Thread-645) Sending message {"key11755051559018": "value-1"} to topic topic-217a1f8d_daf2_435f_afdd_d953464b6558
2025-08-13 02:19:20,238 INFO  [io.api.tes.ser.api.KafkaSerdesTester] (Thread-645) Sending message {"key11755051559018": "value-2"} to topic topic-217a1f8d_daf2_435f_afdd_d953464b6558
2025-08-13 02:19:20,241 INFO  [io.api.tes.ser.api.KafkaSerdesTester] (Thread-645) Sending message {"key11755051559018": "value-3"} to topic topic-217a1f8d_daf2_435f_afdd_d953464b6558
2025-08-13 02:19:20,244 INFO  [io.api.tes.ser.api.KafkaSerdesTester] (Thread-645) Sending message {"key11755051559018": "value-4"} to topic topic-217a1f8d_daf2_435f_afdd_d953464b6558
2025-08-13 02:19:20,245 INFO  [io.api.tes.ser.api.KafkaSerdesTester] (Thread-645) Sending message {"key11755051559018": "value-5"} to topic topic-217a1f8d_daf2_435f_afdd_d953464b6558
2025-08-13 02:19:20,247 INFO  [io.api.tes.ser.api.KafkaSerdesTester] (Thread-645) Sending message {"key11755051559018": "value-6"} to topic topic-217a1f8d_daf2_435f_afdd_d953464b6558
2025-08-13 02:19:20,249 INFO  [io.api.tes.ser.api.KafkaSerdesTester] (Thread-645) Sending message {"key11755051559018": "value-7"} to topic topic-217a1f8d_daf2_435f_afdd_d953464b6558
2025-08-13 02:19:20,252 INFO  [io.api.tes.ser.api.KafkaSerdesTester] (Thread-645) Sending message {"key11755051559018": "value-8"} to topic topic-217a1f8d_daf2_435f_afdd_d953464b6558
2025-08-13 02:19:20,257 INFO  [io.api.tes.ser.api.KafkaSerdesTester] (Thread-645) Sending message {"key11755051559018": "value-9"} to topic topic-217a1f8d_daf2_435f_afdd_d953464b6558
2025-08-13 02:19:20,259 INFO  [io.api.tes.ser.api.KafkaSerdesTester] (Thread-645) Produced 10 messages
2025-08-13 02:19:20,259 INFO  [org.apa.kaf.cli.pro.KafkaProducer] (Thread-645) [Producer clientId=Producer-topic-217a1f8d_daf2_435f_afdd_d953464b6558] Closing the Kafka producer with timeoutMillis = 9223372036854775807 ms.
2025-08-13 02:19:20,265 INFO  [org.apa.kaf.com.met.Metrics] (Thread-645) Metrics scheduler closed
2025-08-13 02:19:20,265 INFO  [org.apa.kaf.com.met.Metrics] (Thread-645) Closing reporter org.apache.kafka.common.metrics.JmxReporter
2025-08-13 02:19:20,265 INFO  [org.apa.kaf.com.met.Metrics] (Thread-645) Closing reporter org.apache.kafka.common.telemetry.internals.ClientTelemetryReporter
2025-08-13 02:19:20,265 INFO  [org.apa.kaf.com.met.Metrics] (Thread-645) Metrics reporters closed
2025-08-13 02:19:20,267 INFO  [org.apa.kaf.com.uti.AppInfoParser] (Thread-645) App info kafka.producer for Producer-topic-217a1f8d_daf2_435f_afdd_d953464b6558 unregistered
**** Registry Base URL: http://registry-app-ksql047.apps.ci419.apicurio-testing.org:80
2025-08-13 02:19:20,269 INFO  [org.apa.kaf.cli.con.ConsumerConfig] (main) ConsumerConfig values: 
	allow.auto.create.topics = true
	auto.commit.interval.ms = 500
	auto.include.jmx.reporter = true
	auto.offset.reset = earliest
	bootstrap.servers = [PLAINTEXT://localhost:32769]
	check.crcs = true
	client.dns.lookup = use_all_dns_ips
	client.id = consumer-Consumer-topic-217a1f8d_daf2_435f_afdd_d953464b6558-7
	client.rack = 
	connections.max.idle.ms = 10000
	default.api.timeout.ms = 60000
	enable.auto.commit = true
	enable.metrics.push = true
	exclude.internal.topics = true
	fetch.max.bytes = 52428800
	fetch.max.wait.ms = 500
	fetch.min.bytes = 1
	group.id = Consumer-topic-217a1f8d_daf2_435f_afdd_d953464b6558
	group.instance.id = null
	group.protocol = classic
	group.remote.assignor = null
	heartbeat.interval.ms = 3000
	interceptor.classes = []
	internal.leave.group.on.close = true
	internal.throw.on.fetch.stable.offset.unsupported = false
	isolation.level = read_uncommitted
	key.deserializer = class org.apache.kafka.common.serialization.StringDeserializer
	max.partition.fetch.bytes = 1048576
	max.poll.interval.ms = 300000
	max.poll.records = 500
	metadata.max.age.ms = 300000
	metadata.recovery.strategy = none
	metric.reporters = []
	metrics.num.samples = 2
	metrics.recording.level = INFO
	metrics.sample.window.ms = 30000
	partition.assignment.strategy = [class org.apache.kafka.clients.consumer.RangeAssignor, class org.apache.kafka.clients.consumer.CooperativeStickyAssignor]
	receive.buffer.bytes = 65536
	reconnect.backoff.max.ms = 1000
	reconnect.backoff.ms = 50
	request.timeout.ms = 5000
	retry.backoff.max.ms = 1000
	retry.backoff.ms = 100
	sasl.client.callback.handler.class = null
	sasl.jaas.config = null
	sasl.kerberos.kinit.cmd = /usr/bin/kinit
	sasl.kerberos.min.time.before.relogin = 60000
	sasl.kerberos.service.name = null
	sasl.kerberos.ticket.renew.jitter = 0.05
	sasl.kerberos.ticket.renew.window.factor = 0.8
	sasl.login.callback.handler.class = null
	sasl.login.class = null
	sasl.login.connect.timeout.ms = null
	sasl.login.read.timeout.ms = null
	sasl.login.refresh.buffer.seconds = 300
	sasl.login.refresh.min.period.seconds = 60
	sasl.login.refresh.window.factor = 0.8
	sasl.login.refresh.window.jitter = 0.05
	sasl.login.retry.backoff.max.ms = 10000
	sasl.login.retry.backoff.ms = 100
	sasl.mechanism = GSSAPI
	sasl.oauthbearer.clock.skew.seconds = 30
	sasl.oauthbearer.expected.audience = null
	sasl.oauthbearer.expected.issuer = null
	sasl.oauthbearer.header.urlencode = false
	sasl.oauthbearer.jwks.endpoint.refresh.ms = 3600000
	sasl.oauthbearer.jwks.endpoint.retry.backoff.max.ms = 10000
	sasl.oauthbearer.jwks.endpoint.retry.backoff.ms = 100
	sasl.oauthbearer.jwks.endpoint.url = null
	sasl.oauthbearer.scope.claim.name = scope
	sasl.oauthbearer.sub.claim.name = sub
	sasl.oauthbearer.token.endpoint.url = null
	security.protocol = PLAINTEXT
	security.providers = null
	send.buffer.bytes = 131072
	session.timeout.ms = 45000
	socket.connection.setup.timeout.max.ms = 30000
	socket.connection.setup.timeout.ms = 10000
	ssl.cipher.suites = null
	ssl.enabled.protocols = [TLSv1.2, TLSv1.3]
	ssl.endpoint.identification.algorithm = https
	ssl.engine.factory.class = null
	ssl.key.password = null
	ssl.keymanager.algorithm = SunX509
	ssl.keystore.certificate.chain = null
	ssl.keystore.key = null
	ssl.keystore.location = null
	ssl.keystore.password = null
	ssl.keystore.type = JKS
	ssl.protocol = TLSv1.3
	ssl.provider = null
	ssl.secure.random.implementation = null
	ssl.trustmanager.algorithm = PKIX
	ssl.truststore.certificates = null
	ssl.truststore.location = null
	ssl.truststore.password = null
	ssl.truststore.type = JKS
	value.deserializer = class io.apicurio.registry.serde.avro.AvroKafkaDeserializer

2025-08-13 02:19:20,269 INFO  [org.apa.kaf.com.tel.int.KafkaMetricsCollector] (main) initializing Kafka metrics collector
2025-08-13 02:19:20,299 INFO  [org.apa.kaf.cli.con.ConsumerConfig] (main) These configurations '[apicurio.registry.url]' were supplied but are not used yet.
2025-08-13 02:19:20,300 INFO  [org.apa.kaf.com.uti.AppInfoParser] (main) Kafka version: 3.9.1
2025-08-13 02:19:20,300 INFO  [org.apa.kaf.com.uti.AppInfoParser] (main) Kafka commitId: f745dfdcee2b9851
2025-08-13 02:19:20,300 INFO  [org.apa.kaf.com.uti.AppInfoParser] (main) Kafka startTimeMs: 1755051560299
2025-08-13 02:19:20,304 INFO  [org.apa.kaf.cli.con.int.ClassicKafkaConsumer] (Thread-648) [Consumer clientId=consumer-Consumer-topic-217a1f8d_daf2_435f_afdd_d953464b6558-7, groupId=Consumer-topic-217a1f8d_daf2_435f_afdd_d953464b6558] Subscribed to topic(s): topic-217a1f8d_daf2_435f_afdd_d953464b6558
2025-08-13 02:19:20,314 INFO  [org.apa.kaf.cli.Metadata] (Thread-648) [Consumer clientId=consumer-Consumer-topic-217a1f8d_daf2_435f_afdd_d953464b6558-7, groupId=Consumer-topic-217a1f8d_daf2_435f_afdd_d953464b6558] Cluster ID: RhahJUjfTxKIJlGmUjwdsg
2025-08-13 02:19:20,316 INFO  [org.apa.kaf.cli.con.int.ConsumerCoordinator] (Thread-648) [Consumer clientId=consumer-Consumer-topic-217a1f8d_daf2_435f_afdd_d953464b6558-7, groupId=Consumer-topic-217a1f8d_daf2_435f_afdd_d953464b6558] Discovered group coordinator localhost:32769 (id: 2147483647 rack: null)
2025-08-13 02:19:20,320 INFO  [org.apa.kaf.cli.con.int.ConsumerCoordinator] (Thread-648) [Consumer clientId=consumer-Consumer-topic-217a1f8d_daf2_435f_afdd_d953464b6558-7, groupId=Consumer-topic-217a1f8d_daf2_435f_afdd_d953464b6558] (Re-)joining group
2025-08-13 02:19:20,328 INFO  [org.apa.kaf.cli.con.int.ConsumerCoordinator] (Thread-648) [Consumer clientId=consumer-Consumer-topic-217a1f8d_daf2_435f_afdd_d953464b6558-7, groupId=Consumer-topic-217a1f8d_daf2_435f_afdd_d953464b6558] Request joining group due to: need to re-join with the given member-id: consumer-Consumer-topic-217a1f8d_daf2_435f_afdd_d953464b6558-7-79f05b1a-ff53-4a4d-b011-715ba336d90a
2025-08-13 02:19:20,328 INFO  [org.apa.kaf.cli.con.int.ConsumerCoordinator] (Thread-648) [Consumer clientId=consumer-Consumer-topic-217a1f8d_daf2_435f_afdd_d953464b6558-7, groupId=Consumer-topic-217a1f8d_daf2_435f_afdd_d953464b6558] (Re-)joining group
2025-08-13 02:19:21,304 INFO  [io.api.tes.ser.api.KafkaSerdesTester] (Thread-648) None found
2025-08-13 02:19:22,305 INFO  [io.api.tes.ser.api.KafkaSerdesTester] (Thread-648) None found
2025-08-13 02:19:23,305 INFO  [io.api.tes.ser.api.KafkaSerdesTester] (Thread-648) None found
2025-08-13 02:19:23,330 INFO  [org.apa.kaf.cli.con.int.ConsumerCoordinator] (Thread-648) [Consumer clientId=consumer-Consumer-topic-217a1f8d_daf2_435f_afdd_d953464b6558-7, groupId=Consumer-topic-217a1f8d_daf2_435f_afdd_d953464b6558] Successfully joined group with generation Generation{generationId=1, memberId='consumer-Consumer-topic-217a1f8d_daf2_435f_afdd_d953464b6558-7-79f05b1a-ff53-4a4d-b011-715ba336d90a', protocol='range'}
2025-08-13 02:19:23,330 INFO  [org.apa.kaf.cli.con.int.ConsumerCoordinator] (Thread-648) [Consumer clientId=consumer-Consumer-topic-217a1f8d_daf2_435f_afdd_d953464b6558-7, groupId=Consumer-topic-217a1f8d_daf2_435f_afdd_d953464b6558] Finished assignment for group at generation 1: {consumer-Consumer-topic-217a1f8d_daf2_435f_afdd_d953464b6558-7-79f05b1a-ff53-4a4d-b011-715ba336d90a=Assignment(partitions=[topic-217a1f8d_daf2_435f_afdd_d953464b6558-0])}
2025-08-13 02:19:23,337 INFO  [org.apa.kaf.cli.con.int.ConsumerCoordinator] (Thread-648) [Consumer clientId=consumer-Consumer-topic-217a1f8d_daf2_435f_afdd_d953464b6558-7, groupId=Consumer-topic-217a1f8d_daf2_435f_afdd_d953464b6558] Successfully synced group in generation Generation{generationId=1, memberId='consumer-Consumer-topic-217a1f8d_daf2_435f_afdd_d953464b6558-7-79f05b1a-ff53-4a4d-b011-715ba336d90a', protocol='range'}
2025-08-13 02:19:23,338 INFO  [org.apa.kaf.cli.con.int.ConsumerCoordinator] (Thread-648) [Consumer clientId=consumer-Consumer-topic-217a1f8d_daf2_435f_afdd_d953464b6558-7, groupId=Consumer-topic-217a1f8d_daf2_435f_afdd_d953464b6558] Notifying assignor about the new Assignment(partitions=[topic-217a1f8d_daf2_435f_afdd_d953464b6558-0])
2025-08-13 02:19:23,338 INFO  [org.apa.kaf.cli.con.int.ConsumerRebalanceListenerInvoker] (Thread-648) [Consumer clientId=consumer-Consumer-topic-217a1f8d_daf2_435f_afdd_d953464b6558-7, groupId=Consumer-topic-217a1f8d_daf2_435f_afdd_d953464b6558] Adding newly assigned partitions: topic-217a1f8d_daf2_435f_afdd_d953464b6558-0
2025-08-13 02:19:23,339 INFO  [org.apa.kaf.cli.con.int.ConsumerCoordinator] (Thread-648) [Consumer clientId=consumer-Consumer-topic-217a1f8d_daf2_435f_afdd_d953464b6558-7, groupId=Consumer-topic-217a1f8d_daf2_435f_afdd_d953464b6558] Found no committed offset for partition topic-217a1f8d_daf2_435f_afdd_d953464b6558-0
2025-08-13 02:19:23,340 INFO  [org.apa.kaf.cli.con.int.SubscriptionState] (Thread-648) [Consumer clientId=consumer-Consumer-topic-217a1f8d_daf2_435f_afdd_d953464b6558-7, groupId=Consumer-topic-217a1f8d_daf2_435f_afdd_d953464b6558] Resetting offset for partition topic-217a1f8d_daf2_435f_afdd_d953464b6558-0 to position FetchPosition{offset=0, offsetEpoch=Optional.empty, currentLeader=LeaderAndEpoch{leader=Optional[localhost:32769 (id: 0 rack: null)], epoch=0}}.
2025-08-13 02:19:23,417 INFO  [io.api.tes.ser.api.KafkaSerdesTester] (Thread-648) topic-217a1f8d_daf2_435f_afdd_d953464b6558 0 0 {"key11755051559018": "value-0"}
2025-08-13 02:19:23,417 INFO  [io.api.tes.ser.api.KafkaSerdesTester] (Thread-648) topic-217a1f8d_daf2_435f_afdd_d953464b6558 0 1 {"key11755051559018": "value-1"}
2025-08-13 02:19:23,417 INFO  [io.api.tes.ser.api.KafkaSerdesTester] (Thread-648) topic-217a1f8d_daf2_435f_afdd_d953464b6558 0 2 {"key11755051559018": "value-2"}
2025-08-13 02:19:23,417 INFO  [io.api.tes.ser.api.KafkaSerdesTester] (Thread-648) topic-217a1f8d_daf2_435f_afdd_d953464b6558 0 3 {"key11755051559018": "value-3"}
2025-08-13 02:19:23,418 INFO  [io.api.tes.ser.api.KafkaSerdesTester] (Thread-648) topic-217a1f8d_daf2_435f_afdd_d953464b6558 0 4 {"key11755051559018": "value-4"}
2025-08-13 02:19:23,418 INFO  [io.api.tes.ser.api.KafkaSerdesTester] (Thread-648) topic-217a1f8d_daf2_435f_afdd_d953464b6558 0 5 {"key11755051559018": "value-5"}
2025-08-13 02:19:23,418 INFO  [io.api.tes.ser.api.KafkaSerdesTester] (Thread-648) topic-217a1f8d_daf2_435f_afdd_d953464b6558 0 6 {"key11755051559018": "value-6"}
2025-08-13 02:19:23,418 INFO  [io.api.tes.ser.api.KafkaSerdesTester] (Thread-648) topic-217a1f8d_daf2_435f_afdd_d953464b6558 0 7 {"key11755051559018": "value-7"}
2025-08-13 02:19:23,418 INFO  [io.api.tes.ser.api.KafkaSerdesTester] (Thread-648) topic-217a1f8d_daf2_435f_afdd_d953464b6558 0 8 {"key11755051559018": "value-8"}
2025-08-13 02:19:23,418 INFO  [io.api.tes.ser.api.KafkaSerdesTester] (Thread-648) topic-217a1f8d_daf2_435f_afdd_d953464b6558 0 9 {"key11755051559018": "value-9"}
2025-08-13 02:19:23,418 INFO  [io.api.tes.ser.api.KafkaSerdesTester] (Thread-648) Consumed 10 messages
2025-08-13 02:19:23,426 INFO  [org.apa.kaf.cli.con.int.ConsumerRebalanceListenerInvoker] (Thread-648) [Consumer clientId=consumer-Consumer-topic-217a1f8d_daf2_435f_afdd_d953464b6558-7, groupId=Consumer-topic-217a1f8d_daf2_435f_afdd_d953464b6558] Revoke previously assigned partitions topic-217a1f8d_daf2_435f_afdd_d953464b6558-0
2025-08-13 02:19:23,426 INFO  [org.apa.kaf.cli.con.int.ConsumerCoordinator] (Thread-648) [Consumer clientId=consumer-Consumer-topic-217a1f8d_daf2_435f_afdd_d953464b6558-7, groupId=Consumer-topic-217a1f8d_daf2_435f_afdd_d953464b6558] Member consumer-Consumer-topic-217a1f8d_daf2_435f_afdd_d953464b6558-7-79f05b1a-ff53-4a4d-b011-715ba336d90a sending LeaveGroup request to coordinator localhost:32769 (id: 2147483647 rack: null) due to the consumer is being closed
2025-08-13 02:19:23,427 INFO  [org.apa.kaf.cli.con.int.ConsumerCoordinator] (Thread-648) [Consumer clientId=consumer-Consumer-topic-217a1f8d_daf2_435f_afdd_d953464b6558-7, groupId=Consumer-topic-217a1f8d_daf2_435f_afdd_d953464b6558] Resetting generation and member id due to: consumer pro-actively leaving the group
2025-08-13 02:19:23,427 INFO  [org.apa.kaf.cli.con.int.ConsumerCoordinator] (Thread-648) [Consumer clientId=consumer-Consumer-topic-217a1f8d_daf2_435f_afdd_d953464b6558-7, groupId=Consumer-topic-217a1f8d_daf2_435f_afdd_d953464b6558] Request joining group due to: consumer pro-actively leaving the group
2025-08-13 02:19:23,920 INFO  [org.apa.kaf.com.met.Metrics] (Thread-648) Metrics scheduler closed
2025-08-13 02:19:23,920 INFO  [org.apa.kaf.com.met.Metrics] (Thread-648) Closing reporter org.apache.kafka.common.metrics.JmxReporter
2025-08-13 02:19:23,920 INFO  [org.apa.kaf.com.met.Metrics] (Thread-648) Closing reporter org.apache.kafka.common.telemetry.internals.ClientTelemetryReporter
2025-08-13 02:19:23,920 INFO  [org.apa.kaf.com.met.Metrics] (Thread-648) Metrics reporters closed
2025-08-13 02:19:23,923 INFO  [org.apa.kaf.com.uti.AppInfoParser] (Thread-648) App info kafka.consumer for consumer-Consumer-topic-217a1f8d_daf2_435f_afdd_d953464b6558-7 unregistered
2025-08-13 02:19:23,924 INFO  [io.api.tes.uti.TestSeparator] (main) io.apicurio.tests.serdes.apicurio.AvroSerdeIT.testTopicIdStrategyFindLatest-FINISHED
2025-08-13 02:19:23,924 INFO  [io.api.tes.uti.TestSeparator] (main) ############################################################################
Test passed: testTopicIdStrategyFindLatest
]]></system-out>
  </testcase>
  <testcase name="testAvroUnionWithSpecificReader" classname="io.apicurio.tests.serdes.apicurio.AvroSerdeIT" time="4.177">
    <system-out><![CDATA[2025-08-13 02:19:23,925 INFO  [io.api.tes.uti.TestSeparator] (main) ############################################################################
2025-08-13 02:19:23,925 INFO  [io.api.tes.uti.TestSeparator] (main) io.apicurio.tests.serdes.apicurio.AvroSerdeIT.testAvroUnionWithSpecificReader-STARTED
**** Registry Base URL: http://registry-app-ksql047.apps.ci419.apicurio-testing.org:80
2025-08-13 02:19:23,930 INFO  [org.apa.kaf.cli.pro.ProducerConfig] (main) ProducerConfig values: 
	acks = -1
	auto.include.jmx.reporter = true
	batch.size = 16384
	bootstrap.servers = [PLAINTEXT://localhost:32769]
	buffer.memory = 33554432
	client.dns.lookup = use_all_dns_ips
	client.id = Producer-topic-36be24ee_97f0_468f_aefd_67bc2a0fae36
	compression.gzip.level = -1
	compression.lz4.level = 9
	compression.type = none
	compression.zstd.level = 3
	connections.max.idle.ms = 10000
	delivery.timeout.ms = 120000
	enable.idempotence = true
	enable.metrics.push = true
	interceptor.classes = []
	key.serializer = class org.apache.kafka.common.serialization.StringSerializer
	linger.ms = 0
	max.block.ms = 60000
	max.in.flight.requests.per.connection = 5
	max.request.size = 1048576
	metadata.max.age.ms = 300000
	metadata.max.idle.ms = 300000
	metadata.recovery.strategy = none
	metric.reporters = []
	metrics.num.samples = 2
	metrics.recording.level = INFO
	metrics.sample.window.ms = 30000
	partitioner.adaptive.partitioning.enable = true
	partitioner.availability.timeout.ms = 0
	partitioner.class = null
	partitioner.ignore.keys = false
	receive.buffer.bytes = 32768
	reconnect.backoff.max.ms = 1000
	reconnect.backoff.ms = 50
	request.timeout.ms = 5000
	retries = 2147483647
	retry.backoff.max.ms = 1000
	retry.backoff.ms = 100
	sasl.client.callback.handler.class = null
	sasl.jaas.config = null
	sasl.kerberos.kinit.cmd = /usr/bin/kinit
	sasl.kerberos.min.time.before.relogin = 60000
	sasl.kerberos.service.name = null
	sasl.kerberos.ticket.renew.jitter = 0.05
	sasl.kerberos.ticket.renew.window.factor = 0.8
	sasl.login.callback.handler.class = null
	sasl.login.class = null
	sasl.login.connect.timeout.ms = null
	sasl.login.read.timeout.ms = null
	sasl.login.refresh.buffer.seconds = 300
	sasl.login.refresh.min.period.seconds = 60
	sasl.login.refresh.window.factor = 0.8
	sasl.login.refresh.window.jitter = 0.05
	sasl.login.retry.backoff.max.ms = 10000
	sasl.login.retry.backoff.ms = 100
	sasl.mechanism = GSSAPI
	sasl.oauthbearer.clock.skew.seconds = 30
	sasl.oauthbearer.expected.audience = null
	sasl.oauthbearer.expected.issuer = null
	sasl.oauthbearer.header.urlencode = false
	sasl.oauthbearer.jwks.endpoint.refresh.ms = 3600000
	sasl.oauthbearer.jwks.endpoint.retry.backoff.max.ms = 10000
	sasl.oauthbearer.jwks.endpoint.retry.backoff.ms = 100
	sasl.oauthbearer.jwks.endpoint.url = null
	sasl.oauthbearer.scope.claim.name = scope
	sasl.oauthbearer.sub.claim.name = sub
	sasl.oauthbearer.token.endpoint.url = null
	security.protocol = PLAINTEXT
	security.providers = null
	send.buffer.bytes = 131072
	socket.connection.setup.timeout.max.ms = 30000
	socket.connection.setup.timeout.ms = 10000
	ssl.cipher.suites = null
	ssl.enabled.protocols = [TLSv1.2, TLSv1.3]
	ssl.endpoint.identification.algorithm = https
	ssl.engine.factory.class = null
	ssl.key.password = null
	ssl.keymanager.algorithm = SunX509
	ssl.keystore.certificate.chain = null
	ssl.keystore.key = null
	ssl.keystore.location = null
	ssl.keystore.password = null
	ssl.keystore.type = JKS
	ssl.protocol = TLSv1.3
	ssl.provider = null
	ssl.secure.random.implementation = null
	ssl.trustmanager.algorithm = PKIX
	ssl.truststore.certificates = null
	ssl.truststore.location = null
	ssl.truststore.password = null
	ssl.truststore.type = JKS
	transaction.timeout.ms = 60000
	transactional.id = null
	value.serializer = class io.apicurio.registry.serde.avro.AvroKafkaSerializer

2025-08-13 02:19:23,930 INFO  [org.apa.kaf.com.tel.int.KafkaMetricsCollector] (main) initializing Kafka metrics collector
2025-08-13 02:19:23,939 INFO  [org.apa.kaf.cli.pro.KafkaProducer] (main) [Producer clientId=Producer-topic-36be24ee_97f0_468f_aefd_67bc2a0fae36] Instantiated an idempotent producer.
2025-08-13 02:19:23,942 INFO  [org.apa.kaf.cli.pro.ProducerConfig] (main) These configurations '[apicurio.registry.url, apicurio.registry.auto-register, apicurio.registry.artifact-resolver-strategy]' were supplied but are not used yet.
2025-08-13 02:19:23,943 INFO  [org.apa.kaf.com.uti.AppInfoParser] (main) Kafka version: 3.9.1
2025-08-13 02:19:23,943 INFO  [org.apa.kaf.com.uti.AppInfoParser] (main) Kafka commitId: f745dfdcee2b9851
2025-08-13 02:19:23,943 INFO  [org.apa.kaf.com.uti.AppInfoParser] (main) Kafka startTimeMs: 1755051563943
2025-08-13 02:19:23,943 INFO  [io.api.tes.ser.api.SimpleSerdesTesterBuilder$SimpleSerdesTester] (main) Using producer configuration: {apicurio.registry.url=http://registry-app-ksql047.apps.ci419.apicurio-testing.org:80/apis/registry/v3, apicurio.registry.auto-register=true, apicurio.registry.artifact-resolver-strategy=io.apicurio.registry.serde.strategy.TopicIdStrategy, value.serializer=io.apicurio.registry.serde.avro.AvroKafkaSerializer, request.timeout.ms=5000, acks=all, bootstrap.servers=PLAINTEXT://localhost:32769, connections.max.idle.ms=10000, key.serializer=org.apache.kafka.common.serialization.StringSerializer, client.id=Producer-topic-36be24ee_97f0_468f_aefd_67bc2a0fae36}
2025-08-13 02:19:23,943 INFO  [io.api.tes.ser.api.SimpleSerdesTesterBuilder$SimpleSerdesTester] (main) Using consumer configuration: {}
2025-08-13 02:19:23,945 INFO  [io.api.tes.ser.api.KafkaSerdesTester] (Thread-651) Sending message {"id": "record-0"} to topic topic-36be24ee_97f0_468f_aefd_67bc2a0fae36
2025-08-13 02:19:23,949 WARN  [org.apa.kaf.cli.NetworkClient] (kafka-producer-network-thread | Producer-topic-36be24ee_97f0_468f_aefd_67bc2a0fae36) [Producer clientId=Producer-topic-36be24ee_97f0_468f_aefd_67bc2a0fae36] The metadata response from the cluster reported a recoverable issue with correlation id 1 : {topic-36be24ee_97f0_468f_aefd_67bc2a0fae36=UNKNOWN_TOPIC_OR_PARTITION}
2025-08-13 02:19:23,949 INFO  [org.apa.kaf.cli.Metadata] (kafka-producer-network-thread | Producer-topic-36be24ee_97f0_468f_aefd_67bc2a0fae36) [Producer clientId=Producer-topic-36be24ee_97f0_468f_aefd_67bc2a0fae36] Cluster ID: RhahJUjfTxKIJlGmUjwdsg
2025-08-13 02:19:23,952 INFO  [org.apa.kaf.cli.pro.int.TransactionManager] (kafka-producer-network-thread | Producer-topic-36be24ee_97f0_468f_aefd_67bc2a0fae36) [Producer clientId=Producer-topic-36be24ee_97f0_468f_aefd_67bc2a0fae36] ProducerId set to 10 with epoch 0
2025-08-13 02:19:24,167 INFO  [io.api.tes.ser.api.KafkaSerdesTester] (Thread-651) Sending message {"value": 1} to topic topic-36be24ee_97f0_468f_aefd_67bc2a0fae36
2025-08-13 02:19:24,246 INFO  [io.api.tes.ser.api.KafkaSerdesTester] (Thread-651) Sending message {"active": true} to topic topic-36be24ee_97f0_468f_aefd_67bc2a0fae36
2025-08-13 02:19:24,325 INFO  [io.api.tes.ser.api.KafkaSerdesTester] (Thread-651) Sending message {"id": "record-3"} to topic topic-36be24ee_97f0_468f_aefd_67bc2a0fae36
2025-08-13 02:19:24,327 INFO  [io.api.tes.ser.api.KafkaSerdesTester] (Thread-651) Sending message {"value": 4} to topic topic-36be24ee_97f0_468f_aefd_67bc2a0fae36
2025-08-13 02:19:24,328 INFO  [io.api.tes.ser.api.KafkaSerdesTester] (Thread-651) Sending message {"active": false} to topic topic-36be24ee_97f0_468f_aefd_67bc2a0fae36
2025-08-13 02:19:24,331 INFO  [io.api.tes.ser.api.KafkaSerdesTester] (Thread-651) Sending message {"id": "record-6"} to topic topic-36be24ee_97f0_468f_aefd_67bc2a0fae36
2025-08-13 02:19:24,333 INFO  [io.api.tes.ser.api.KafkaSerdesTester] (Thread-651) Sending message {"value": 7} to topic topic-36be24ee_97f0_468f_aefd_67bc2a0fae36
2025-08-13 02:19:24,337 INFO  [io.api.tes.ser.api.KafkaSerdesTester] (Thread-651) Sending message {"active": true} to topic topic-36be24ee_97f0_468f_aefd_67bc2a0fae36
2025-08-13 02:19:24,340 INFO  [io.api.tes.ser.api.KafkaSerdesTester] (Thread-651) Sending message {"id": "record-9"} to topic topic-36be24ee_97f0_468f_aefd_67bc2a0fae36
2025-08-13 02:19:24,341 INFO  [io.api.tes.ser.api.KafkaSerdesTester] (Thread-651) Produced 10 messages
2025-08-13 02:19:24,341 INFO  [org.apa.kaf.cli.pro.KafkaProducer] (Thread-651) [Producer clientId=Producer-topic-36be24ee_97f0_468f_aefd_67bc2a0fae36] Closing the Kafka producer with timeoutMillis = 9223372036854775807 ms.
2025-08-13 02:19:24,344 INFO  [org.apa.kaf.com.met.Metrics] (Thread-651) Metrics scheduler closed
2025-08-13 02:19:24,344 INFO  [org.apa.kaf.com.met.Metrics] (Thread-651) Closing reporter org.apache.kafka.common.metrics.JmxReporter
2025-08-13 02:19:24,344 INFO  [org.apa.kaf.com.met.Metrics] (Thread-651) Closing reporter org.apache.kafka.common.telemetry.internals.ClientTelemetryReporter
2025-08-13 02:19:24,345 INFO  [org.apa.kaf.com.met.Metrics] (Thread-651) Metrics reporters closed
2025-08-13 02:19:24,345 INFO  [org.apa.kaf.com.uti.AppInfoParser] (Thread-651) App info kafka.producer for Producer-topic-36be24ee_97f0_468f_aefd_67bc2a0fae36 unregistered
2025-08-13 02:19:24,372 INFO  [io.api.tes.ser.api.AvroSerdeIT] (main) Artifact topic-36be24ee_97f0_468f_aefd_67bc2a0fae36-value found in registry with globalId 25
**** Registry Base URL: http://registry-app-ksql047.apps.ci419.apicurio-testing.org:80
2025-08-13 02:19:24,372 INFO  [org.apa.kaf.cli.con.ConsumerConfig] (main) ConsumerConfig values: 
	allow.auto.create.topics = true
	auto.commit.interval.ms = 500
	auto.include.jmx.reporter = true
	auto.offset.reset = earliest
	bootstrap.servers = [PLAINTEXT://localhost:32769]
	check.crcs = true
	client.dns.lookup = use_all_dns_ips
	client.id = consumer-Consumer-topic-36be24ee_97f0_468f_aefd_67bc2a0fae36-8
	client.rack = 
	connections.max.idle.ms = 10000
	default.api.timeout.ms = 60000
	enable.auto.commit = true
	enable.metrics.push = true
	exclude.internal.topics = true
	fetch.max.bytes = 52428800
	fetch.max.wait.ms = 500
	fetch.min.bytes = 1
	group.id = Consumer-topic-36be24ee_97f0_468f_aefd_67bc2a0fae36
	group.instance.id = null
	group.protocol = classic
	group.remote.assignor = null
	heartbeat.interval.ms = 3000
	interceptor.classes = []
	internal.leave.group.on.close = true
	internal.throw.on.fetch.stable.offset.unsupported = false
	isolation.level = read_uncommitted
	key.deserializer = class org.apache.kafka.common.serialization.StringDeserializer
	max.partition.fetch.bytes = 1048576
	max.poll.interval.ms = 300000
	max.poll.records = 500
	metadata.max.age.ms = 300000
	metadata.recovery.strategy = none
	metric.reporters = []
	metrics.num.samples = 2
	metrics.recording.level = INFO
	metrics.sample.window.ms = 30000
	partition.assignment.strategy = [class org.apache.kafka.clients.consumer.RangeAssignor, class org.apache.kafka.clients.consumer.CooperativeStickyAssignor]
	receive.buffer.bytes = 65536
	reconnect.backoff.max.ms = 1000
	reconnect.backoff.ms = 50
	request.timeout.ms = 5000
	retry.backoff.max.ms = 1000
	retry.backoff.ms = 100
	sasl.client.callback.handler.class = null
	sasl.jaas.config = null
	sasl.kerberos.kinit.cmd = /usr/bin/kinit
	sasl.kerberos.min.time.before.relogin = 60000
	sasl.kerberos.service.name = null
	sasl.kerberos.ticket.renew.jitter = 0.05
	sasl.kerberos.ticket.renew.window.factor = 0.8
	sasl.login.callback.handler.class = null
	sasl.login.class = null
	sasl.login.connect.timeout.ms = null
	sasl.login.read.timeout.ms = null
	sasl.login.refresh.buffer.seconds = 300
	sasl.login.refresh.min.period.seconds = 60
	sasl.login.refresh.window.factor = 0.8
	sasl.login.refresh.window.jitter = 0.05
	sasl.login.retry.backoff.max.ms = 10000
	sasl.login.retry.backoff.ms = 100
	sasl.mechanism = GSSAPI
	sasl.oauthbearer.clock.skew.seconds = 30
	sasl.oauthbearer.expected.audience = null
	sasl.oauthbearer.expected.issuer = null
	sasl.oauthbearer.header.urlencode = false
	sasl.oauthbearer.jwks.endpoint.refresh.ms = 3600000
	sasl.oauthbearer.jwks.endpoint.retry.backoff.max.ms = 10000
	sasl.oauthbearer.jwks.endpoint.retry.backoff.ms = 100
	sasl.oauthbearer.jwks.endpoint.url = null
	sasl.oauthbearer.scope.claim.name = scope
	sasl.oauthbearer.sub.claim.name = sub
	sasl.oauthbearer.token.endpoint.url = null
	security.protocol = PLAINTEXT
	security.providers = null
	send.buffer.bytes = 131072
	session.timeout.ms = 45000
	socket.connection.setup.timeout.max.ms = 30000
	socket.connection.setup.timeout.ms = 10000
	ssl.cipher.suites = null
	ssl.enabled.protocols = [TLSv1.2, TLSv1.3]
	ssl.endpoint.identification.algorithm = https
	ssl.engine.factory.class = null
	ssl.key.password = null
	ssl.keymanager.algorithm = SunX509
	ssl.keystore.certificate.chain = null
	ssl.keystore.key = null
	ssl.keystore.location = null
	ssl.keystore.password = null
	ssl.keystore.type = JKS
	ssl.protocol = TLSv1.3
	ssl.provider = null
	ssl.secure.random.implementation = null
	ssl.trustmanager.algorithm = PKIX
	ssl.truststore.certificates = null
	ssl.truststore.location = null
	ssl.truststore.password = null
	ssl.truststore.type = JKS
	value.deserializer = class io.apicurio.registry.serde.avro.AvroKafkaDeserializer

2025-08-13 02:19:24,373 INFO  [org.apa.kaf.com.tel.int.KafkaMetricsCollector] (main) initializing Kafka metrics collector
2025-08-13 02:19:24,380 INFO  [org.apa.kaf.cli.con.ConsumerConfig] (main) These configurations '[apicurio.registry.url]' were supplied but are not used yet.
2025-08-13 02:19:24,381 INFO  [org.apa.kaf.com.uti.AppInfoParser] (main) Kafka version: 3.9.1
2025-08-13 02:19:24,381 INFO  [org.apa.kaf.com.uti.AppInfoParser] (main) Kafka commitId: f745dfdcee2b9851
2025-08-13 02:19:24,381 INFO  [org.apa.kaf.com.uti.AppInfoParser] (main) Kafka startTimeMs: 1755051564381
2025-08-13 02:19:24,382 INFO  [org.apa.kaf.cli.con.int.ClassicKafkaConsumer] (Thread-654) [Consumer clientId=consumer-Consumer-topic-36be24ee_97f0_468f_aefd_67bc2a0fae36-8, groupId=Consumer-topic-36be24ee_97f0_468f_aefd_67bc2a0fae36] Subscribed to topic(s): topic-36be24ee_97f0_468f_aefd_67bc2a0fae36
2025-08-13 02:19:24,391 INFO  [org.apa.kaf.cli.Metadata] (Thread-654) [Consumer clientId=consumer-Consumer-topic-36be24ee_97f0_468f_aefd_67bc2a0fae36-8, groupId=Consumer-topic-36be24ee_97f0_468f_aefd_67bc2a0fae36] Cluster ID: RhahJUjfTxKIJlGmUjwdsg
2025-08-13 02:19:24,392 INFO  [org.apa.kaf.cli.con.int.ConsumerCoordinator] (Thread-654) [Consumer clientId=consumer-Consumer-topic-36be24ee_97f0_468f_aefd_67bc2a0fae36-8, groupId=Consumer-topic-36be24ee_97f0_468f_aefd_67bc2a0fae36] Discovered group coordinator localhost:32769 (id: 2147483647 rack: null)
2025-08-13 02:19:24,395 INFO  [org.apa.kaf.cli.con.int.ConsumerCoordinator] (Thread-654) [Consumer clientId=consumer-Consumer-topic-36be24ee_97f0_468f_aefd_67bc2a0fae36-8, groupId=Consumer-topic-36be24ee_97f0_468f_aefd_67bc2a0fae36] (Re-)joining group
2025-08-13 02:19:24,400 INFO  [org.apa.kaf.cli.con.int.ConsumerCoordinator] (Thread-654) [Consumer clientId=consumer-Consumer-topic-36be24ee_97f0_468f_aefd_67bc2a0fae36-8, groupId=Consumer-topic-36be24ee_97f0_468f_aefd_67bc2a0fae36] Request joining group due to: need to re-join with the given member-id: consumer-Consumer-topic-36be24ee_97f0_468f_aefd_67bc2a0fae36-8-f7d7015b-a051-43a4-a0b4-532e544b80a2
2025-08-13 02:19:24,400 INFO  [org.apa.kaf.cli.con.int.ConsumerCoordinator] (Thread-654) [Consumer clientId=consumer-Consumer-topic-36be24ee_97f0_468f_aefd_67bc2a0fae36-8, groupId=Consumer-topic-36be24ee_97f0_468f_aefd_67bc2a0fae36] (Re-)joining group
2025-08-13 02:19:25,382 INFO  [io.api.tes.ser.api.KafkaSerdesTester] (Thread-654) None found
2025-08-13 02:19:26,383 INFO  [io.api.tes.ser.api.KafkaSerdesTester] (Thread-654) None found
2025-08-13 02:19:27,383 INFO  [io.api.tes.ser.api.KafkaSerdesTester] (Thread-654) None found
2025-08-13 02:19:27,402 INFO  [org.apa.kaf.cli.con.int.ConsumerCoordinator] (Thread-654) [Consumer clientId=consumer-Consumer-topic-36be24ee_97f0_468f_aefd_67bc2a0fae36-8, groupId=Consumer-topic-36be24ee_97f0_468f_aefd_67bc2a0fae36] Successfully joined group with generation Generation{generationId=1, memberId='consumer-Consumer-topic-36be24ee_97f0_468f_aefd_67bc2a0fae36-8-f7d7015b-a051-43a4-a0b4-532e544b80a2', protocol='range'}
2025-08-13 02:19:27,403 INFO  [org.apa.kaf.cli.con.int.ConsumerCoordinator] (Thread-654) [Consumer clientId=consumer-Consumer-topic-36be24ee_97f0_468f_aefd_67bc2a0fae36-8, groupId=Consumer-topic-36be24ee_97f0_468f_aefd_67bc2a0fae36] Finished assignment for group at generation 1: {consumer-Consumer-topic-36be24ee_97f0_468f_aefd_67bc2a0fae36-8-f7d7015b-a051-43a4-a0b4-532e544b80a2=Assignment(partitions=[topic-36be24ee_97f0_468f_aefd_67bc2a0fae36-0])}
2025-08-13 02:19:27,409 INFO  [org.apa.kaf.cli.con.int.ConsumerCoordinator] (Thread-654) [Consumer clientId=consumer-Consumer-topic-36be24ee_97f0_468f_aefd_67bc2a0fae36-8, groupId=Consumer-topic-36be24ee_97f0_468f_aefd_67bc2a0fae36] Successfully synced group in generation Generation{generationId=1, memberId='consumer-Consumer-topic-36be24ee_97f0_468f_aefd_67bc2a0fae36-8-f7d7015b-a051-43a4-a0b4-532e544b80a2', protocol='range'}
2025-08-13 02:19:27,410 INFO  [org.apa.kaf.cli.con.int.ConsumerCoordinator] (Thread-654) [Consumer clientId=consumer-Consumer-topic-36be24ee_97f0_468f_aefd_67bc2a0fae36-8, groupId=Consumer-topic-36be24ee_97f0_468f_aefd_67bc2a0fae36] Notifying assignor about the new Assignment(partitions=[topic-36be24ee_97f0_468f_aefd_67bc2a0fae36-0])
2025-08-13 02:19:27,410 INFO  [org.apa.kaf.cli.con.int.ConsumerRebalanceListenerInvoker] (Thread-654) [Consumer clientId=consumer-Consumer-topic-36be24ee_97f0_468f_aefd_67bc2a0fae36-8, groupId=Consumer-topic-36be24ee_97f0_468f_aefd_67bc2a0fae36] Adding newly assigned partitions: topic-36be24ee_97f0_468f_aefd_67bc2a0fae36-0
2025-08-13 02:19:27,411 INFO  [org.apa.kaf.cli.con.int.ConsumerCoordinator] (Thread-654) [Consumer clientId=consumer-Consumer-topic-36be24ee_97f0_468f_aefd_67bc2a0fae36-8, groupId=Consumer-topic-36be24ee_97f0_468f_aefd_67bc2a0fae36] Found no committed offset for partition topic-36be24ee_97f0_468f_aefd_67bc2a0fae36-0
2025-08-13 02:19:27,412 INFO  [org.apa.kaf.cli.con.int.SubscriptionState] (Thread-654) [Consumer clientId=consumer-Consumer-topic-36be24ee_97f0_468f_aefd_67bc2a0fae36-8, groupId=Consumer-topic-36be24ee_97f0_468f_aefd_67bc2a0fae36] Resetting offset for partition topic-36be24ee_97f0_468f_aefd_67bc2a0fae36-0 to position FetchPosition{offset=0, offsetEpoch=Optional.empty, currentLeader=LeaderAndEpoch{leader=Optional[localhost:32769 (id: 0 rack: null)], epoch=0}}.
2025-08-13 02:19:27,594 INFO  [io.api.tes.ser.api.KafkaSerdesTester] (Thread-654) topic-36be24ee_97f0_468f_aefd_67bc2a0fae36 0 0 {"id": "record-0"}
2025-08-13 02:19:27,594 INFO  [io.api.tes.ser.api.KafkaSerdesTester] (Thread-654) topic-36be24ee_97f0_468f_aefd_67bc2a0fae36 0 1 {"value": 1}
2025-08-13 02:19:27,594 INFO  [io.api.tes.ser.api.KafkaSerdesTester] (Thread-654) topic-36be24ee_97f0_468f_aefd_67bc2a0fae36 0 2 {"active": true}
2025-08-13 02:19:27,595 INFO  [io.api.tes.ser.api.KafkaSerdesTester] (Thread-654) topic-36be24ee_97f0_468f_aefd_67bc2a0fae36 0 3 {"id": "record-3"}
2025-08-13 02:19:27,595 INFO  [io.api.tes.ser.api.KafkaSerdesTester] (Thread-654) topic-36be24ee_97f0_468f_aefd_67bc2a0fae36 0 4 {"value": 4}
2025-08-13 02:19:27,595 INFO  [io.api.tes.ser.api.KafkaSerdesTester] (Thread-654) topic-36be24ee_97f0_468f_aefd_67bc2a0fae36 0 5 {"active": false}
2025-08-13 02:19:27,595 INFO  [io.api.tes.ser.api.KafkaSerdesTester] (Thread-654) topic-36be24ee_97f0_468f_aefd_67bc2a0fae36 0 6 {"id": "record-6"}
2025-08-13 02:19:27,595 INFO  [io.api.tes.ser.api.KafkaSerdesTester] (Thread-654) topic-36be24ee_97f0_468f_aefd_67bc2a0fae36 0 7 {"value": 7}
2025-08-13 02:19:27,595 INFO  [io.api.tes.ser.api.KafkaSerdesTester] (Thread-654) topic-36be24ee_97f0_468f_aefd_67bc2a0fae36 0 8 {"active": true}
2025-08-13 02:19:27,595 INFO  [io.api.tes.ser.api.KafkaSerdesTester] (Thread-654) topic-36be24ee_97f0_468f_aefd_67bc2a0fae36 0 9 {"id": "record-9"}
2025-08-13 02:19:27,595 INFO  [io.api.tes.ser.api.KafkaSerdesTester] (Thread-654) Consumed 10 messages
2025-08-13 02:19:27,603 INFO  [org.apa.kaf.cli.con.int.ConsumerRebalanceListenerInvoker] (Thread-654) [Consumer clientId=consumer-Consumer-topic-36be24ee_97f0_468f_aefd_67bc2a0fae36-8, groupId=Consumer-topic-36be24ee_97f0_468f_aefd_67bc2a0fae36] Revoke previously assigned partitions topic-36be24ee_97f0_468f_aefd_67bc2a0fae36-0
2025-08-13 02:19:27,603 INFO  [org.apa.kaf.cli.con.int.ConsumerCoordinator] (Thread-654) [Consumer clientId=consumer-Consumer-topic-36be24ee_97f0_468f_aefd_67bc2a0fae36-8, groupId=Consumer-topic-36be24ee_97f0_468f_aefd_67bc2a0fae36] Member consumer-Consumer-topic-36be24ee_97f0_468f_aefd_67bc2a0fae36-8-f7d7015b-a051-43a4-a0b4-532e544b80a2 sending LeaveGroup request to coordinator localhost:32769 (id: 2147483647 rack: null) due to the consumer is being closed
2025-08-13 02:19:27,603 INFO  [org.apa.kaf.cli.con.int.ConsumerCoordinator] (Thread-654) [Consumer clientId=consumer-Consumer-topic-36be24ee_97f0_468f_aefd_67bc2a0fae36-8, groupId=Consumer-topic-36be24ee_97f0_468f_aefd_67bc2a0fae36] Resetting generation and member id due to: consumer pro-actively leaving the group
2025-08-13 02:19:27,603 INFO  [org.apa.kaf.cli.con.int.ConsumerCoordinator] (Thread-654) [Consumer clientId=consumer-Consumer-topic-36be24ee_97f0_468f_aefd_67bc2a0fae36-8, groupId=Consumer-topic-36be24ee_97f0_468f_aefd_67bc2a0fae36] Request joining group due to: consumer pro-actively leaving the group
2025-08-13 02:19:28,097 INFO  [org.apa.kaf.com.met.Metrics] (Thread-654) Metrics scheduler closed
2025-08-13 02:19:28,098 INFO  [org.apa.kaf.com.met.Metrics] (Thread-654) Closing reporter org.apache.kafka.common.metrics.JmxReporter
2025-08-13 02:19:28,098 INFO  [org.apa.kaf.com.met.Metrics] (Thread-654) Closing reporter org.apache.kafka.common.telemetry.internals.ClientTelemetryReporter
2025-08-13 02:19:28,098 INFO  [org.apa.kaf.com.met.Metrics] (Thread-654) Metrics reporters closed
2025-08-13 02:19:28,100 INFO  [org.apa.kaf.com.uti.AppInfoParser] (Thread-654) App info kafka.consumer for consumer-Consumer-topic-36be24ee_97f0_468f_aefd_67bc2a0fae36-8 unregistered
2025-08-13 02:19:28,101 INFO  [io.api.tes.uti.TestSeparator] (main) io.apicurio.tests.serdes.apicurio.AvroSerdeIT.testAvroUnionWithSpecificReader-FINISHED
2025-08-13 02:19:28,101 INFO  [io.api.tes.uti.TestSeparator] (main) ############################################################################
Test passed: testAvroUnionWithSpecificReader
]]></system-out>
  </testcase>
  <testcase name="testEvolveAvroApicurioReusingClient" classname="io.apicurio.tests.serdes.apicurio.AvroSerdeIT" time="7.303">
    <system-out><![CDATA[2025-08-13 02:19:28,104 INFO  [io.api.tes.uti.TestSeparator] (main) ############################################################################
2025-08-13 02:19:28,104 INFO  [io.api.tes.uti.TestSeparator] (main) io.apicurio.tests.serdes.apicurio.AvroSerdeIT.testEvolveAvroApicurioReusingClient-STARTED
2025-08-13 02:19:28,107 INFO  [io.api.tes.ser.api.AvroSerdeIT] (main) Registering Avro Schema: {"type":"record","name":"s4ad4be6fx11bfx40bfx9d95x20ef03c1b8dd","namespace":"ns_123cfb21_c80f_4f9c_9251_1b4b1290bb02","fields":[{"name":"key11755051568106","type":"string"}]}
**** Registry Base URL: http://registry-app-ksql047.apps.ci419.apicurio-testing.org:80
2025-08-13 02:19:29,200 INFO  [org.apa.kaf.cli.pro.ProducerConfig] (main) ProducerConfig values: 
	acks = -1
	auto.include.jmx.reporter = true
	batch.size = 16384
	bootstrap.servers = [PLAINTEXT://localhost:32769]
	buffer.memory = 33554432
	client.dns.lookup = use_all_dns_ips
	client.id = Producer-topic-5b96b055_ac64_416c_809d_428a6c5eee00
	compression.gzip.level = -1
	compression.lz4.level = 9
	compression.type = none
	compression.zstd.level = 3
	connections.max.idle.ms = 10000
	delivery.timeout.ms = 120000
	enable.idempotence = true
	enable.metrics.push = true
	interceptor.classes = []
	key.serializer = class org.apache.kafka.common.serialization.StringSerializer
	linger.ms = 0
	max.block.ms = 60000
	max.in.flight.requests.per.connection = 5
	max.request.size = 1048576
	metadata.max.age.ms = 300000
	metadata.max.idle.ms = 300000
	metadata.recovery.strategy = none
	metric.reporters = []
	metrics.num.samples = 2
	metrics.recording.level = INFO
	metrics.sample.window.ms = 30000
	partitioner.adaptive.partitioning.enable = true
	partitioner.availability.timeout.ms = 0
	partitioner.class = null
	partitioner.ignore.keys = false
	receive.buffer.bytes = 32768
	reconnect.backoff.max.ms = 1000
	reconnect.backoff.ms = 50
	request.timeout.ms = 5000
	retries = 2147483647
	retry.backoff.max.ms = 1000
	retry.backoff.ms = 100
	sasl.client.callback.handler.class = null
	sasl.jaas.config = null
	sasl.kerberos.kinit.cmd = /usr/bin/kinit
	sasl.kerberos.min.time.before.relogin = 60000
	sasl.kerberos.service.name = null
	sasl.kerberos.ticket.renew.jitter = 0.05
	sasl.kerberos.ticket.renew.window.factor = 0.8
	sasl.login.callback.handler.class = null
	sasl.login.class = null
	sasl.login.connect.timeout.ms = null
	sasl.login.read.timeout.ms = null
	sasl.login.refresh.buffer.seconds = 300
	sasl.login.refresh.min.period.seconds = 60
	sasl.login.refresh.window.factor = 0.8
	sasl.login.refresh.window.jitter = 0.05
	sasl.login.retry.backoff.max.ms = 10000
	sasl.login.retry.backoff.ms = 100
	sasl.mechanism = GSSAPI
	sasl.oauthbearer.clock.skew.seconds = 30
	sasl.oauthbearer.expected.audience = null
	sasl.oauthbearer.expected.issuer = null
	sasl.oauthbearer.header.urlencode = false
	sasl.oauthbearer.jwks.endpoint.refresh.ms = 3600000
	sasl.oauthbearer.jwks.endpoint.retry.backoff.max.ms = 10000
	sasl.oauthbearer.jwks.endpoint.retry.backoff.ms = 100
	sasl.oauthbearer.jwks.endpoint.url = null
	sasl.oauthbearer.scope.claim.name = scope
	sasl.oauthbearer.sub.claim.name = sub
	sasl.oauthbearer.token.endpoint.url = null
	security.protocol = PLAINTEXT
	security.providers = null
	send.buffer.bytes = 131072
	socket.connection.setup.timeout.max.ms = 30000
	socket.connection.setup.timeout.ms = 10000
	ssl.cipher.suites = null
	ssl.enabled.protocols = [TLSv1.2, TLSv1.3]
	ssl.endpoint.identification.algorithm = https
	ssl.engine.factory.class = null
	ssl.key.password = null
	ssl.keymanager.algorithm = SunX509
	ssl.keystore.certificate.chain = null
	ssl.keystore.key = null
	ssl.keystore.location = null
	ssl.keystore.password = null
	ssl.keystore.type = JKS
	ssl.protocol = TLSv1.3
	ssl.provider = null
	ssl.secure.random.implementation = null
	ssl.trustmanager.algorithm = PKIX
	ssl.truststore.certificates = null
	ssl.truststore.location = null
	ssl.truststore.password = null
	ssl.truststore.type = JKS
	transaction.timeout.ms = 60000
	transactional.id = null
	value.serializer = class io.apicurio.registry.serde.avro.AvroKafkaSerializer

2025-08-13 02:19:29,201 INFO  [org.apa.kaf.com.tel.int.KafkaMetricsCollector] (main) initializing Kafka metrics collector
2025-08-13 02:19:29,204 INFO  [org.apa.kaf.cli.pro.KafkaProducer] (main) [Producer clientId=Producer-topic-5b96b055_ac64_416c_809d_428a6c5eee00] Instantiated an idempotent producer.
2025-08-13 02:19:29,206 INFO  [org.apa.kaf.cli.pro.ProducerConfig] (main) These configurations '[apicurio.registry.url, apicurio.registry.artifact-resolver-strategy]' were supplied but are not used yet.
2025-08-13 02:19:29,206 INFO  [org.apa.kaf.com.uti.AppInfoParser] (main) Kafka version: 3.9.1
2025-08-13 02:19:29,206 INFO  [org.apa.kaf.com.uti.AppInfoParser] (main) Kafka commitId: f745dfdcee2b9851
2025-08-13 02:19:29,206 INFO  [org.apa.kaf.com.uti.AppInfoParser] (main) Kafka startTimeMs: 1755051569206
**** Registry Base URL: http://registry-app-ksql047.apps.ci419.apicurio-testing.org:80
2025-08-13 02:19:29,207 INFO  [org.apa.kaf.cli.con.ConsumerConfig] (main) ConsumerConfig values: 
	allow.auto.create.topics = true
	auto.commit.interval.ms = 500
	auto.include.jmx.reporter = true
	auto.offset.reset = earliest
	bootstrap.servers = [PLAINTEXT://localhost:32769]
	check.crcs = true
	client.dns.lookup = use_all_dns_ips
	client.id = consumer-Consumer-topic-5b96b055_ac64_416c_809d_428a6c5eee00-9
	client.rack = 
	connections.max.idle.ms = 10000
	default.api.timeout.ms = 60000
	enable.auto.commit = true
	enable.metrics.push = true
	exclude.internal.topics = true
	fetch.max.bytes = 52428800
	fetch.max.wait.ms = 500
	fetch.min.bytes = 1
	group.id = Consumer-topic-5b96b055_ac64_416c_809d_428a6c5eee00
	group.instance.id = null
	group.protocol = classic
	group.remote.assignor = null
	heartbeat.interval.ms = 3000
	interceptor.classes = []
	internal.leave.group.on.close = true
	internal.throw.on.fetch.stable.offset.unsupported = false
	isolation.level = read_uncommitted
	key.deserializer = class org.apache.kafka.common.serialization.StringDeserializer
	max.partition.fetch.bytes = 1048576
	max.poll.interval.ms = 300000
	max.poll.records = 500
	metadata.max.age.ms = 300000
	metadata.recovery.strategy = none
	metric.reporters = []
	metrics.num.samples = 2
	metrics.recording.level = INFO
	metrics.sample.window.ms = 30000
	partition.assignment.strategy = [class org.apache.kafka.clients.consumer.RangeAssignor, class org.apache.kafka.clients.consumer.CooperativeStickyAssignor]
	receive.buffer.bytes = 65536
	reconnect.backoff.max.ms = 1000
	reconnect.backoff.ms = 50
	request.timeout.ms = 5000
	retry.backoff.max.ms = 1000
	retry.backoff.ms = 100
	sasl.client.callback.handler.class = null
	sasl.jaas.config = null
	sasl.kerberos.kinit.cmd = /usr/bin/kinit
	sasl.kerberos.min.time.before.relogin = 60000
	sasl.kerberos.service.name = null
	sasl.kerberos.ticket.renew.jitter = 0.05
	sasl.kerberos.ticket.renew.window.factor = 0.8
	sasl.login.callback.handler.class = null
	sasl.login.class = null
	sasl.login.connect.timeout.ms = null
	sasl.login.read.timeout.ms = null
	sasl.login.refresh.buffer.seconds = 300
	sasl.login.refresh.min.period.seconds = 60
	sasl.login.refresh.window.factor = 0.8
	sasl.login.refresh.window.jitter = 0.05
	sasl.login.retry.backoff.max.ms = 10000
	sasl.login.retry.backoff.ms = 100
	sasl.mechanism = GSSAPI
	sasl.oauthbearer.clock.skew.seconds = 30
	sasl.oauthbearer.expected.audience = null
	sasl.oauthbearer.expected.issuer = null
	sasl.oauthbearer.header.urlencode = false
	sasl.oauthbearer.jwks.endpoint.refresh.ms = 3600000
	sasl.oauthbearer.jwks.endpoint.retry.backoff.max.ms = 10000
	sasl.oauthbearer.jwks.endpoint.retry.backoff.ms = 100
	sasl.oauthbearer.jwks.endpoint.url = null
	sasl.oauthbearer.scope.claim.name = scope
	sasl.oauthbearer.sub.claim.name = sub
	sasl.oauthbearer.token.endpoint.url = null
	security.protocol = PLAINTEXT
	security.providers = null
	send.buffer.bytes = 131072
	session.timeout.ms = 45000
	socket.connection.setup.timeout.max.ms = 30000
	socket.connection.setup.timeout.ms = 10000
	ssl.cipher.suites = null
	ssl.enabled.protocols = [TLSv1.2, TLSv1.3]
	ssl.endpoint.identification.algorithm = https
	ssl.engine.factory.class = null
	ssl.key.password = null
	ssl.keymanager.algorithm = SunX509
	ssl.keystore.certificate.chain = null
	ssl.keystore.key = null
	ssl.keystore.location = null
	ssl.keystore.password = null
	ssl.keystore.type = JKS
	ssl.protocol = TLSv1.3
	ssl.provider = null
	ssl.secure.random.implementation = null
	ssl.trustmanager.algorithm = PKIX
	ssl.truststore.certificates = null
	ssl.truststore.location = null
	ssl.truststore.password = null
	ssl.truststore.type = JKS
	value.deserializer = class io.apicurio.registry.serde.avro.AvroKafkaDeserializer

2025-08-13 02:19:29,207 INFO  [org.apa.kaf.com.tel.int.KafkaMetricsCollector] (main) initializing Kafka metrics collector
2025-08-13 02:19:29,215 INFO  [org.apa.kaf.cli.Metadata] (kafka-producer-network-thread | Producer-topic-5b96b055_ac64_416c_809d_428a6c5eee00) [Producer clientId=Producer-topic-5b96b055_ac64_416c_809d_428a6c5eee00] Cluster ID: RhahJUjfTxKIJlGmUjwdsg
2025-08-13 02:19:29,216 INFO  [org.apa.kaf.cli.pro.int.TransactionManager] (kafka-producer-network-thread | Producer-topic-5b96b055_ac64_416c_809d_428a6c5eee00) [Producer clientId=Producer-topic-5b96b055_ac64_416c_809d_428a6c5eee00] ProducerId set to 11 with epoch 0
2025-08-13 02:19:29,220 INFO  [org.apa.kaf.cli.con.ConsumerConfig] (main) These configurations '[apicurio.registry.url]' were supplied but are not used yet.
2025-08-13 02:19:29,220 INFO  [org.apa.kaf.com.uti.AppInfoParser] (main) Kafka version: 3.9.1
2025-08-13 02:19:29,220 INFO  [org.apa.kaf.com.uti.AppInfoParser] (main) Kafka commitId: f745dfdcee2b9851
2025-08-13 02:19:29,220 INFO  [org.apa.kaf.com.uti.AppInfoParser] (main) Kafka startTimeMs: 1755051569220
2025-08-13 02:19:29,222 INFO  [io.api.tes.ser.api.KafkaSerdesTester] (Thread-659) Sending message {"key11755051568106": "value-0"} to topic topic-5b96b055_ac64_416c_809d_428a6c5eee00
2025-08-13 02:19:29,229 INFO  [DefaultSchemaResolver] (Thread-659) Retrieving schema content using string: {"type":"record","name":"s4ad4be6fx11bfx40bfx9d95x20ef03c1b8dd","namespace":"ns_123cfb21_c80f_4f9c_9251_1b4b1290bb02","fields":[{"name":"key11755051568106","type":"string"}]}
2025-08-13 02:19:29,289 INFO  [io.api.tes.ser.api.KafkaSerdesTester] (Thread-659) Sending message {"key11755051568106": "value-1"} to topic topic-5b96b055_ac64_416c_809d_428a6c5eee00
2025-08-13 02:19:29,290 INFO  [io.api.tes.ser.api.KafkaSerdesTester] (Thread-659) Sending message {"key11755051568106": "value-2"} to topic topic-5b96b055_ac64_416c_809d_428a6c5eee00
2025-08-13 02:19:29,292 INFO  [io.api.tes.ser.api.KafkaSerdesTester] (Thread-659) Sending message {"key11755051568106": "value-3"} to topic topic-5b96b055_ac64_416c_809d_428a6c5eee00
2025-08-13 02:19:29,293 INFO  [io.api.tes.ser.api.KafkaSerdesTester] (Thread-659) Sending message {"key11755051568106": "value-4"} to topic topic-5b96b055_ac64_416c_809d_428a6c5eee00
2025-08-13 02:19:29,295 INFO  [io.api.tes.ser.api.KafkaSerdesTester] (Thread-659) Sending message {"key11755051568106": "value-5"} to topic topic-5b96b055_ac64_416c_809d_428a6c5eee00
2025-08-13 02:19:29,296 INFO  [io.api.tes.ser.api.KafkaSerdesTester] (Thread-659) Sending message {"key11755051568106": "value-6"} to topic topic-5b96b055_ac64_416c_809d_428a6c5eee00
2025-08-13 02:19:29,298 INFO  [io.api.tes.ser.api.KafkaSerdesTester] (Thread-659) Sending message {"key11755051568106": "value-7"} to topic topic-5b96b055_ac64_416c_809d_428a6c5eee00
2025-08-13 02:19:29,299 INFO  [io.api.tes.ser.api.KafkaSerdesTester] (Thread-659) Sending message {"key11755051568106": "value-8"} to topic topic-5b96b055_ac64_416c_809d_428a6c5eee00
2025-08-13 02:19:29,301 INFO  [io.api.tes.ser.api.KafkaSerdesTester] (Thread-659) Sending message {"key11755051568106": "value-9"} to topic topic-5b96b055_ac64_416c_809d_428a6c5eee00
2025-08-13 02:19:29,303 INFO  [io.api.tes.ser.api.KafkaSerdesTester] (Thread-659) Produced 10 messages
2025-08-13 02:19:29,303 INFO  [org.apa.kaf.cli.con.int.ClassicKafkaConsumer] (Thread-660) [Consumer clientId=consumer-Consumer-topic-5b96b055_ac64_416c_809d_428a6c5eee00-9, groupId=Consumer-topic-5b96b055_ac64_416c_809d_428a6c5eee00] Subscribed to topic(s): topic-5b96b055_ac64_416c_809d_428a6c5eee00
2025-08-13 02:19:29,311 INFO  [org.apa.kaf.cli.Metadata] (Thread-660) [Consumer clientId=consumer-Consumer-topic-5b96b055_ac64_416c_809d_428a6c5eee00-9, groupId=Consumer-topic-5b96b055_ac64_416c_809d_428a6c5eee00] Cluster ID: RhahJUjfTxKIJlGmUjwdsg
2025-08-13 02:19:29,312 INFO  [org.apa.kaf.cli.con.int.ConsumerCoordinator] (Thread-660) [Consumer clientId=consumer-Consumer-topic-5b96b055_ac64_416c_809d_428a6c5eee00-9, groupId=Consumer-topic-5b96b055_ac64_416c_809d_428a6c5eee00] Discovered group coordinator localhost:32769 (id: 2147483647 rack: null)
2025-08-13 02:19:29,314 INFO  [org.apa.kaf.cli.con.int.ConsumerCoordinator] (Thread-660) [Consumer clientId=consumer-Consumer-topic-5b96b055_ac64_416c_809d_428a6c5eee00-9, groupId=Consumer-topic-5b96b055_ac64_416c_809d_428a6c5eee00] (Re-)joining group
2025-08-13 02:19:29,316 INFO  [org.apa.kaf.cli.con.int.ConsumerCoordinator] (Thread-660) [Consumer clientId=consumer-Consumer-topic-5b96b055_ac64_416c_809d_428a6c5eee00-9, groupId=Consumer-topic-5b96b055_ac64_416c_809d_428a6c5eee00] Request joining group due to: need to re-join with the given member-id: consumer-Consumer-topic-5b96b055_ac64_416c_809d_428a6c5eee00-9-5dde567b-073d-45e2-a4c2-a8671650eaaf
2025-08-13 02:19:29,316 INFO  [org.apa.kaf.cli.con.int.ConsumerCoordinator] (Thread-660) [Consumer clientId=consumer-Consumer-topic-5b96b055_ac64_416c_809d_428a6c5eee00-9, groupId=Consumer-topic-5b96b055_ac64_416c_809d_428a6c5eee00] (Re-)joining group
2025-08-13 02:19:30,303 INFO  [io.api.tes.ser.api.KafkaSerdesTester] (Thread-660) None found
2025-08-13 02:19:31,303 INFO  [io.api.tes.ser.api.KafkaSerdesTester] (Thread-660) None found
2025-08-13 02:19:32,303 INFO  [io.api.tes.ser.api.KafkaSerdesTester] (Thread-660) None found
2025-08-13 02:19:32,317 INFO  [org.apa.kaf.cli.con.int.ConsumerCoordinator] (Thread-660) [Consumer clientId=consumer-Consumer-topic-5b96b055_ac64_416c_809d_428a6c5eee00-9, groupId=Consumer-topic-5b96b055_ac64_416c_809d_428a6c5eee00] Successfully joined group with generation Generation{generationId=1, memberId='consumer-Consumer-topic-5b96b055_ac64_416c_809d_428a6c5eee00-9-5dde567b-073d-45e2-a4c2-a8671650eaaf', protocol='range'}
2025-08-13 02:19:32,318 INFO  [org.apa.kaf.cli.con.int.ConsumerCoordinator] (Thread-660) [Consumer clientId=consumer-Consumer-topic-5b96b055_ac64_416c_809d_428a6c5eee00-9, groupId=Consumer-topic-5b96b055_ac64_416c_809d_428a6c5eee00] Finished assignment for group at generation 1: {consumer-Consumer-topic-5b96b055_ac64_416c_809d_428a6c5eee00-9-5dde567b-073d-45e2-a4c2-a8671650eaaf=Assignment(partitions=[topic-5b96b055_ac64_416c_809d_428a6c5eee00-0])}
2025-08-13 02:19:32,325 INFO  [org.apa.kaf.cli.con.int.ConsumerCoordinator] (Thread-660) [Consumer clientId=consumer-Consumer-topic-5b96b055_ac64_416c_809d_428a6c5eee00-9, groupId=Consumer-topic-5b96b055_ac64_416c_809d_428a6c5eee00] Successfully synced group in generation Generation{generationId=1, memberId='consumer-Consumer-topic-5b96b055_ac64_416c_809d_428a6c5eee00-9-5dde567b-073d-45e2-a4c2-a8671650eaaf', protocol='range'}
2025-08-13 02:19:32,325 INFO  [org.apa.kaf.cli.con.int.ConsumerCoordinator] (Thread-660) [Consumer clientId=consumer-Consumer-topic-5b96b055_ac64_416c_809d_428a6c5eee00-9, groupId=Consumer-topic-5b96b055_ac64_416c_809d_428a6c5eee00] Notifying assignor about the new Assignment(partitions=[topic-5b96b055_ac64_416c_809d_428a6c5eee00-0])
2025-08-13 02:19:32,325 INFO  [org.apa.kaf.cli.con.int.ConsumerRebalanceListenerInvoker] (Thread-660) [Consumer clientId=consumer-Consumer-topic-5b96b055_ac64_416c_809d_428a6c5eee00-9, groupId=Consumer-topic-5b96b055_ac64_416c_809d_428a6c5eee00] Adding newly assigned partitions: topic-5b96b055_ac64_416c_809d_428a6c5eee00-0
2025-08-13 02:19:32,326 INFO  [org.apa.kaf.cli.con.int.ConsumerCoordinator] (Thread-660) [Consumer clientId=consumer-Consumer-topic-5b96b055_ac64_416c_809d_428a6c5eee00-9, groupId=Consumer-topic-5b96b055_ac64_416c_809d_428a6c5eee00] Found no committed offset for partition topic-5b96b055_ac64_416c_809d_428a6c5eee00-0
2025-08-13 02:19:32,331 INFO  [org.apa.kaf.cli.con.int.SubscriptionState] (Thread-660) [Consumer clientId=consumer-Consumer-topic-5b96b055_ac64_416c_809d_428a6c5eee00-9, groupId=Consumer-topic-5b96b055_ac64_416c_809d_428a6c5eee00] Resetting offset for partition topic-5b96b055_ac64_416c_809d_428a6c5eee00-0 to position FetchPosition{offset=0, offsetEpoch=Optional.empty, currentLeader=LeaderAndEpoch{leader=Optional[localhost:32769 (id: 0 rack: null)], epoch=0}}.
2025-08-13 02:19:32,410 INFO  [io.api.tes.ser.api.KafkaSerdesTester] (Thread-660) topic-5b96b055_ac64_416c_809d_428a6c5eee00 0 0 {"key11755051568106": "value-0"}
2025-08-13 02:19:32,410 INFO  [io.api.tes.ser.api.KafkaSerdesTester] (Thread-660) topic-5b96b055_ac64_416c_809d_428a6c5eee00 0 1 {"key11755051568106": "value-1"}
2025-08-13 02:19:32,410 INFO  [io.api.tes.ser.api.KafkaSerdesTester] (Thread-660) topic-5b96b055_ac64_416c_809d_428a6c5eee00 0 2 {"key11755051568106": "value-2"}
2025-08-13 02:19:32,410 INFO  [io.api.tes.ser.api.KafkaSerdesTester] (Thread-660) topic-5b96b055_ac64_416c_809d_428a6c5eee00 0 3 {"key11755051568106": "value-3"}
2025-08-13 02:19:32,411 INFO  [io.api.tes.ser.api.KafkaSerdesTester] (Thread-660) topic-5b96b055_ac64_416c_809d_428a6c5eee00 0 4 {"key11755051568106": "value-4"}
2025-08-13 02:19:32,411 INFO  [io.api.tes.ser.api.KafkaSerdesTester] (Thread-660) topic-5b96b055_ac64_416c_809d_428a6c5eee00 0 5 {"key11755051568106": "value-5"}
2025-08-13 02:19:32,411 INFO  [io.api.tes.ser.api.KafkaSerdesTester] (Thread-660) topic-5b96b055_ac64_416c_809d_428a6c5eee00 0 6 {"key11755051568106": "value-6"}
2025-08-13 02:19:32,411 INFO  [io.api.tes.ser.api.KafkaSerdesTester] (Thread-660) topic-5b96b055_ac64_416c_809d_428a6c5eee00 0 7 {"key11755051568106": "value-7"}
2025-08-13 02:19:32,411 INFO  [io.api.tes.ser.api.KafkaSerdesTester] (Thread-660) topic-5b96b055_ac64_416c_809d_428a6c5eee00 0 8 {"key11755051568106": "value-8"}
2025-08-13 02:19:32,411 INFO  [io.api.tes.ser.api.KafkaSerdesTester] (Thread-660) topic-5b96b055_ac64_416c_809d_428a6c5eee00 0 9 {"key11755051568106": "value-9"}
2025-08-13 02:19:32,411 INFO  [io.api.tes.ser.api.KafkaSerdesTester] (Thread-660) Consumed 10 messages
2025-08-13 02:19:32,412 INFO  [io.api.tes.ser.api.AvroSerdeIT] (main) Registering Avro Schema 2: {"type":"record","name":"s4ad4be6fx11bfx40bfx9d95x20ef03c1b8dd","namespace":"ns_123cfb21_c80f_4f9c_9251_1b4b1290bb02","fields":[{"name":"key11755051568106","type":"string"},{"name":"key21755051572411","type":"string"}]}
2025-08-13 02:19:33,522 INFO  [io.api.tes.ser.api.KafkaSerdesTester] (Thread-661) Sending message {"key11755051568106": "value-0", "key21755051572411": "value-0"} to topic topic-5b96b055_ac64_416c_809d_428a6c5eee00
2025-08-13 02:19:33,522 INFO  [DefaultSchemaResolver] (Thread-661) Retrieving schema content using string: {"type":"record","name":"s4ad4be6fx11bfx40bfx9d95x20ef03c1b8dd","namespace":"ns_123cfb21_c80f_4f9c_9251_1b4b1290bb02","fields":[{"name":"key11755051568106","type":"string"},{"name":"key21755051572411","type":"string"}]}
2025-08-13 02:19:33,574 INFO  [io.api.tes.ser.api.KafkaSerdesTester] (Thread-661) Sending message {"key11755051568106": "value-1", "key21755051572411": "value-1"} to topic topic-5b96b055_ac64_416c_809d_428a6c5eee00
2025-08-13 02:19:33,576 INFO  [io.api.tes.ser.api.KafkaSerdesTester] (Thread-661) Sending message {"key11755051568106": "value-2", "key21755051572411": "value-2"} to topic topic-5b96b055_ac64_416c_809d_428a6c5eee00
2025-08-13 02:19:33,577 INFO  [io.api.tes.ser.api.KafkaSerdesTester] (Thread-661) Sending message {"key11755051568106": "value-3", "key21755051572411": "value-3"} to topic topic-5b96b055_ac64_416c_809d_428a6c5eee00
2025-08-13 02:19:33,579 INFO  [io.api.tes.ser.api.KafkaSerdesTester] (Thread-661) Sending message {"key11755051568106": "value-4", "key21755051572411": "value-4"} to topic topic-5b96b055_ac64_416c_809d_428a6c5eee00
2025-08-13 02:19:33,581 INFO  [io.api.tes.ser.api.KafkaSerdesTester] (Thread-661) Sending message {"key11755051568106": "value-5", "key21755051572411": "value-5"} to topic topic-5b96b055_ac64_416c_809d_428a6c5eee00
2025-08-13 02:19:33,582 INFO  [io.api.tes.ser.api.KafkaSerdesTester] (Thread-661) Sending message {"key11755051568106": "value-6", "key21755051572411": "value-6"} to topic topic-5b96b055_ac64_416c_809d_428a6c5eee00
2025-08-13 02:19:33,586 INFO  [io.api.tes.ser.api.KafkaSerdesTester] (Thread-661) Sending message {"key11755051568106": "value-7", "key21755051572411": "value-7"} to topic topic-5b96b055_ac64_416c_809d_428a6c5eee00
2025-08-13 02:19:33,587 INFO  [io.api.tes.ser.api.KafkaSerdesTester] (Thread-661) Sending message {"key11755051568106": "value-8", "key21755051572411": "value-8"} to topic topic-5b96b055_ac64_416c_809d_428a6c5eee00
2025-08-13 02:19:33,590 INFO  [io.api.tes.ser.api.KafkaSerdesTester] (Thread-661) Sending message {"key11755051568106": "value-9", "key21755051572411": "value-9"} to topic topic-5b96b055_ac64_416c_809d_428a6c5eee00
2025-08-13 02:19:33,592 INFO  [io.api.tes.ser.api.KafkaSerdesTester] (Thread-661) Produced 10 messages
2025-08-13 02:19:33,592 INFO  [io.api.tes.ser.api.KafkaSerdesTester] (Thread-662) Sending message {"key11755051568106": "value-0"} to topic topic-5b96b055_ac64_416c_809d_428a6c5eee00
2025-08-13 02:19:33,594 INFO  [io.api.tes.ser.api.KafkaSerdesTester] (Thread-662) Sending message {"key11755051568106": "value-1"} to topic topic-5b96b055_ac64_416c_809d_428a6c5eee00
2025-08-13 02:19:33,595 INFO  [io.api.tes.ser.api.KafkaSerdesTester] (Thread-662) Sending message {"key11755051568106": "value-2"} to topic topic-5b96b055_ac64_416c_809d_428a6c5eee00
2025-08-13 02:19:33,597 INFO  [io.api.tes.ser.api.KafkaSerdesTester] (Thread-662) Sending message {"key11755051568106": "value-3"} to topic topic-5b96b055_ac64_416c_809d_428a6c5eee00
2025-08-13 02:19:33,599 INFO  [io.api.tes.ser.api.KafkaSerdesTester] (Thread-662) Sending message {"key11755051568106": "value-4"} to topic topic-5b96b055_ac64_416c_809d_428a6c5eee00
2025-08-13 02:19:33,600 INFO  [io.api.tes.ser.api.KafkaSerdesTester] (Thread-662) Sending message {"key11755051568106": "value-5"} to topic topic-5b96b055_ac64_416c_809d_428a6c5eee00
2025-08-13 02:19:33,601 INFO  [io.api.tes.ser.api.KafkaSerdesTester] (Thread-662) Sending message {"key11755051568106": "value-6"} to topic topic-5b96b055_ac64_416c_809d_428a6c5eee00
2025-08-13 02:19:33,603 INFO  [io.api.tes.ser.api.KafkaSerdesTester] (Thread-662) Sending message {"key11755051568106": "value-7"} to topic topic-5b96b055_ac64_416c_809d_428a6c5eee00
2025-08-13 02:19:33,604 INFO  [io.api.tes.ser.api.KafkaSerdesTester] (Thread-662) Sending message {"key11755051568106": "value-8"} to topic topic-5b96b055_ac64_416c_809d_428a6c5eee00
2025-08-13 02:19:33,606 INFO  [io.api.tes.ser.api.KafkaSerdesTester] (Thread-662) Sending message {"key11755051568106": "value-9"} to topic topic-5b96b055_ac64_416c_809d_428a6c5eee00
2025-08-13 02:19:33,610 INFO  [io.api.tes.ser.api.KafkaSerdesTester] (Thread-662) Produced 10 messages
2025-08-13 02:19:33,612 INFO  [org.apa.kaf.cli.con.int.ClassicKafkaConsumer] (Thread-663) [Consumer clientId=consumer-Consumer-topic-5b96b055_ac64_416c_809d_428a6c5eee00-9, groupId=Consumer-topic-5b96b055_ac64_416c_809d_428a6c5eee00] Subscribed to topic(s): topic-5b96b055_ac64_416c_809d_428a6c5eee00
2025-08-13 02:19:33,669 INFO  [io.api.tes.ser.api.KafkaSerdesTester] (Thread-663) topic-5b96b055_ac64_416c_809d_428a6c5eee00 0 10 {"key11755051568106": "value-0", "key21755051572411": "value-0"}
2025-08-13 02:19:33,669 INFO  [io.api.tes.ser.api.KafkaSerdesTester] (Thread-663) topic-5b96b055_ac64_416c_809d_428a6c5eee00 0 11 {"key11755051568106": "value-1", "key21755051572411": "value-1"}
2025-08-13 02:19:33,669 INFO  [io.api.tes.ser.api.KafkaSerdesTester] (Thread-663) topic-5b96b055_ac64_416c_809d_428a6c5eee00 0 12 {"key11755051568106": "value-2", "key21755051572411": "value-2"}
2025-08-13 02:19:33,669 INFO  [io.api.tes.ser.api.KafkaSerdesTester] (Thread-663) topic-5b96b055_ac64_416c_809d_428a6c5eee00 0 13 {"key11755051568106": "value-3", "key21755051572411": "value-3"}
2025-08-13 02:19:33,669 INFO  [io.api.tes.ser.api.KafkaSerdesTester] (Thread-663) topic-5b96b055_ac64_416c_809d_428a6c5eee00 0 14 {"key11755051568106": "value-4", "key21755051572411": "value-4"}
2025-08-13 02:19:33,669 INFO  [io.api.tes.ser.api.KafkaSerdesTester] (Thread-663) topic-5b96b055_ac64_416c_809d_428a6c5eee00 0 15 {"key11755051568106": "value-5", "key21755051572411": "value-5"}
2025-08-13 02:19:33,669 INFO  [io.api.tes.ser.api.KafkaSerdesTester] (Thread-663) topic-5b96b055_ac64_416c_809d_428a6c5eee00 0 16 {"key11755051568106": "value-6", "key21755051572411": "value-6"}
2025-08-13 02:19:33,670 INFO  [io.api.tes.ser.api.KafkaSerdesTester] (Thread-663) topic-5b96b055_ac64_416c_809d_428a6c5eee00 0 17 {"key11755051568106": "value-7", "key21755051572411": "value-7"}
2025-08-13 02:19:33,670 INFO  [io.api.tes.ser.api.KafkaSerdesTester] (Thread-663) topic-5b96b055_ac64_416c_809d_428a6c5eee00 0 18 {"key11755051568106": "value-8", "key21755051572411": "value-8"}
2025-08-13 02:19:33,670 INFO  [io.api.tes.ser.api.KafkaSerdesTester] (Thread-663) topic-5b96b055_ac64_416c_809d_428a6c5eee00 0 19 {"key11755051568106": "value-9", "key21755051572411": "value-9"}
2025-08-13 02:19:33,670 INFO  [io.api.tes.ser.api.KafkaSerdesTester] (Thread-663) topic-5b96b055_ac64_416c_809d_428a6c5eee00 0 20 {"key11755051568106": "value-0"}
2025-08-13 02:19:33,670 INFO  [io.api.tes.ser.api.KafkaSerdesTester] (Thread-663) topic-5b96b055_ac64_416c_809d_428a6c5eee00 0 21 {"key11755051568106": "value-1"}
2025-08-13 02:19:33,670 INFO  [io.api.tes.ser.api.KafkaSerdesTester] (Thread-663) topic-5b96b055_ac64_416c_809d_428a6c5eee00 0 22 {"key11755051568106": "value-2"}
2025-08-13 02:19:33,670 INFO  [io.api.tes.ser.api.KafkaSerdesTester] (Thread-663) topic-5b96b055_ac64_416c_809d_428a6c5eee00 0 23 {"key11755051568106": "value-3"}
2025-08-13 02:19:33,670 INFO  [io.api.tes.ser.api.KafkaSerdesTester] (Thread-663) topic-5b96b055_ac64_416c_809d_428a6c5eee00 0 24 {"key11755051568106": "value-4"}
2025-08-13 02:19:33,670 INFO  [io.api.tes.ser.api.KafkaSerdesTester] (Thread-663) topic-5b96b055_ac64_416c_809d_428a6c5eee00 0 25 {"key11755051568106": "value-5"}
2025-08-13 02:19:33,670 INFO  [io.api.tes.ser.api.KafkaSerdesTester] (Thread-663) topic-5b96b055_ac64_416c_809d_428a6c5eee00 0 26 {"key11755051568106": "value-6"}
2025-08-13 02:19:33,670 INFO  [io.api.tes.ser.api.KafkaSerdesTester] (Thread-663) topic-5b96b055_ac64_416c_809d_428a6c5eee00 0 27 {"key11755051568106": "value-7"}
2025-08-13 02:19:33,670 INFO  [io.api.tes.ser.api.KafkaSerdesTester] (Thread-663) topic-5b96b055_ac64_416c_809d_428a6c5eee00 0 28 {"key11755051568106": "value-8"}
2025-08-13 02:19:33,670 INFO  [io.api.tes.ser.api.KafkaSerdesTester] (Thread-663) topic-5b96b055_ac64_416c_809d_428a6c5eee00 0 29 {"key11755051568106": "value-9"}
2025-08-13 02:19:33,670 INFO  [io.api.tes.ser.api.KafkaSerdesTester] (Thread-663) Consumed 20 messages
2025-08-13 02:19:33,673 INFO  [io.api.tes.ser.api.AvroSerdeIT] (main) Registering Avro Schema 3: {"type":"record","name":"s4ad4be6fx11bfx40bfx9d95x20ef03c1b8dd","namespace":"ns_123cfb21_c80f_4f9c_9251_1b4b1290bb02","fields":[{"name":"key11755051568106","type":"string"},{"name":"key21755051572411","type":"string"},{"name":"key31755051573673","type":"string"}]}
2025-08-13 02:19:34,756 INFO  [io.api.tes.ser.api.KafkaSerdesTester] (Thread-664) Sending message {"key11755051568106": "value-0", "key21755051572411": "value-0", "key31755051573673": "value-0"} to topic topic-5b96b055_ac64_416c_809d_428a6c5eee00
2025-08-13 02:19:34,756 INFO  [DefaultSchemaResolver] (Thread-664) Retrieving schema content using string: {"type":"record","name":"s4ad4be6fx11bfx40bfx9d95x20ef03c1b8dd","namespace":"ns_123cfb21_c80f_4f9c_9251_1b4b1290bb02","fields":[{"name":"key11755051568106","type":"string"},{"name":"key21755051572411","type":"string"},{"name":"key31755051573673","type":"string"}]}
2025-08-13 02:19:34,791 INFO  [io.api.tes.ser.api.KafkaSerdesTester] (Thread-664) Sending message {"key11755051568106": "value-1", "key21755051572411": "value-1", "key31755051573673": "value-1"} to topic topic-5b96b055_ac64_416c_809d_428a6c5eee00
2025-08-13 02:19:34,795 INFO  [io.api.tes.ser.api.KafkaSerdesTester] (Thread-664) Sending message {"key11755051568106": "value-2", "key21755051572411": "value-2", "key31755051573673": "value-2"} to topic topic-5b96b055_ac64_416c_809d_428a6c5eee00
2025-08-13 02:19:34,796 INFO  [io.api.tes.ser.api.KafkaSerdesTester] (Thread-664) Sending message {"key11755051568106": "value-3", "key21755051572411": "value-3", "key31755051573673": "value-3"} to topic topic-5b96b055_ac64_416c_809d_428a6c5eee00
2025-08-13 02:19:34,798 INFO  [io.api.tes.ser.api.KafkaSerdesTester] (Thread-664) Sending message {"key11755051568106": "value-4", "key21755051572411": "value-4", "key31755051573673": "value-4"} to topic topic-5b96b055_ac64_416c_809d_428a6c5eee00
2025-08-13 02:19:34,800 INFO  [io.api.tes.ser.api.KafkaSerdesTester] (Thread-664) Sending message {"key11755051568106": "value-5", "key21755051572411": "value-5", "key31755051573673": "value-5"} to topic topic-5b96b055_ac64_416c_809d_428a6c5eee00
2025-08-13 02:19:34,801 INFO  [io.api.tes.ser.api.KafkaSerdesTester] (Thread-664) Sending message {"key11755051568106": "value-6", "key21755051572411": "value-6", "key31755051573673": "value-6"} to topic topic-5b96b055_ac64_416c_809d_428a6c5eee00
2025-08-13 02:19:34,803 INFO  [io.api.tes.ser.api.KafkaSerdesTester] (Thread-664) Sending message {"key11755051568106": "value-7", "key21755051572411": "value-7", "key31755051573673": "value-7"} to topic topic-5b96b055_ac64_416c_809d_428a6c5eee00
2025-08-13 02:19:34,804 INFO  [io.api.tes.ser.api.KafkaSerdesTester] (Thread-664) Sending message {"key11755051568106": "value-8", "key21755051572411": "value-8", "key31755051573673": "value-8"} to topic topic-5b96b055_ac64_416c_809d_428a6c5eee00
2025-08-13 02:19:34,806 INFO  [io.api.tes.ser.api.KafkaSerdesTester] (Thread-664) Sending message {"key11755051568106": "value-9", "key21755051572411": "value-9", "key31755051573673": "value-9"} to topic topic-5b96b055_ac64_416c_809d_428a6c5eee00
2025-08-13 02:19:34,808 INFO  [io.api.tes.ser.api.KafkaSerdesTester] (Thread-664) Produced 10 messages
2025-08-13 02:19:34,809 INFO  [io.api.tes.ser.api.KafkaSerdesTester] (Thread-665) Sending message {"key11755051568106": "value-0", "key21755051572411": "value-0"} to topic topic-5b96b055_ac64_416c_809d_428a6c5eee00
2025-08-13 02:19:34,811 INFO  [io.api.tes.ser.api.KafkaSerdesTester] (Thread-665) Sending message {"key11755051568106": "value-1", "key21755051572411": "value-1"} to topic topic-5b96b055_ac64_416c_809d_428a6c5eee00
2025-08-13 02:19:34,813 INFO  [io.api.tes.ser.api.KafkaSerdesTester] (Thread-665) Sending message {"key11755051568106": "value-2", "key21755051572411": "value-2"} to topic topic-5b96b055_ac64_416c_809d_428a6c5eee00
2025-08-13 02:19:34,814 INFO  [io.api.tes.ser.api.KafkaSerdesTester] (Thread-665) Sending message {"key11755051568106": "value-3", "key21755051572411": "value-3"} to topic topic-5b96b055_ac64_416c_809d_428a6c5eee00
2025-08-13 02:19:34,816 INFO  [io.api.tes.ser.api.KafkaSerdesTester] (Thread-665) Sending message {"key11755051568106": "value-4", "key21755051572411": "value-4"} to topic topic-5b96b055_ac64_416c_809d_428a6c5eee00
2025-08-13 02:19:34,817 INFO  [io.api.tes.ser.api.KafkaSerdesTester] (Thread-665) Sending message {"key11755051568106": "value-5", "key21755051572411": "value-5"} to topic topic-5b96b055_ac64_416c_809d_428a6c5eee00
2025-08-13 02:19:34,820 INFO  [io.api.tes.ser.api.KafkaSerdesTester] (Thread-665) Sending message {"key11755051568106": "value-6", "key21755051572411": "value-6"} to topic topic-5b96b055_ac64_416c_809d_428a6c5eee00
2025-08-13 02:19:34,822 INFO  [io.api.tes.ser.api.KafkaSerdesTester] (Thread-665) Sending message {"key11755051568106": "value-7", "key21755051572411": "value-7"} to topic topic-5b96b055_ac64_416c_809d_428a6c5eee00
2025-08-13 02:19:34,824 INFO  [io.api.tes.ser.api.KafkaSerdesTester] (Thread-665) Sending message {"key11755051568106": "value-8", "key21755051572411": "value-8"} to topic topic-5b96b055_ac64_416c_809d_428a6c5eee00
2025-08-13 02:19:34,826 INFO  [io.api.tes.ser.api.KafkaSerdesTester] (Thread-665) Sending message {"key11755051568106": "value-9", "key21755051572411": "value-9"} to topic topic-5b96b055_ac64_416c_809d_428a6c5eee00
2025-08-13 02:19:34,827 INFO  [io.api.tes.ser.api.KafkaSerdesTester] (Thread-665) Produced 10 messages
2025-08-13 02:19:34,828 INFO  [io.api.tes.ser.api.KafkaSerdesTester] (Thread-666) Sending message {"key11755051568106": "value-0"} to topic topic-5b96b055_ac64_416c_809d_428a6c5eee00
2025-08-13 02:19:34,829 INFO  [io.api.tes.ser.api.KafkaSerdesTester] (Thread-666) Sending message {"key11755051568106": "value-1"} to topic topic-5b96b055_ac64_416c_809d_428a6c5eee00
2025-08-13 02:19:34,831 INFO  [io.api.tes.ser.api.KafkaSerdesTester] (Thread-666) Sending message {"key11755051568106": "value-2"} to topic topic-5b96b055_ac64_416c_809d_428a6c5eee00
2025-08-13 02:19:34,835 INFO  [io.api.tes.ser.api.KafkaSerdesTester] (Thread-666) Sending message {"key11755051568106": "value-3"} to topic topic-5b96b055_ac64_416c_809d_428a6c5eee00
2025-08-13 02:19:34,836 INFO  [io.api.tes.ser.api.KafkaSerdesTester] (Thread-666) Sending message {"key11755051568106": "value-4"} to topic topic-5b96b055_ac64_416c_809d_428a6c5eee00
2025-08-13 02:19:34,837 INFO  [io.api.tes.ser.api.KafkaSerdesTester] (Thread-666) Sending message {"key11755051568106": "value-5"} to topic topic-5b96b055_ac64_416c_809d_428a6c5eee00
2025-08-13 02:19:34,838 INFO  [io.api.tes.ser.api.KafkaSerdesTester] (Thread-666) Sending message {"key11755051568106": "value-6"} to topic topic-5b96b055_ac64_416c_809d_428a6c5eee00
2025-08-13 02:19:34,840 INFO  [io.api.tes.ser.api.KafkaSerdesTester] (Thread-666) Sending message {"key11755051568106": "value-7"} to topic topic-5b96b055_ac64_416c_809d_428a6c5eee00
2025-08-13 02:19:34,841 INFO  [io.api.tes.ser.api.KafkaSerdesTester] (Thread-666) Sending message {"key11755051568106": "value-8"} to topic topic-5b96b055_ac64_416c_809d_428a6c5eee00
2025-08-13 02:19:34,842 INFO  [io.api.tes.ser.api.KafkaSerdesTester] (Thread-666) Sending message {"key11755051568106": "value-9"} to topic topic-5b96b055_ac64_416c_809d_428a6c5eee00
2025-08-13 02:19:34,843 INFO  [io.api.tes.ser.api.KafkaSerdesTester] (Thread-666) Produced 10 messages
2025-08-13 02:19:34,845 INFO  [org.apa.kaf.cli.con.int.ClassicKafkaConsumer] (Thread-667) [Consumer clientId=consumer-Consumer-topic-5b96b055_ac64_416c_809d_428a6c5eee00-9, groupId=Consumer-topic-5b96b055_ac64_416c_809d_428a6c5eee00] Subscribed to topic(s): topic-5b96b055_ac64_416c_809d_428a6c5eee00
2025-08-13 02:19:34,900 INFO  [io.api.tes.ser.api.KafkaSerdesTester] (Thread-667) topic-5b96b055_ac64_416c_809d_428a6c5eee00 0 30 {"key11755051568106": "value-0", "key21755051572411": "value-0", "key31755051573673": "value-0"}
2025-08-13 02:19:34,900 INFO  [io.api.tes.ser.api.KafkaSerdesTester] (Thread-667) topic-5b96b055_ac64_416c_809d_428a6c5eee00 0 31 {"key11755051568106": "value-1", "key21755051572411": "value-1", "key31755051573673": "value-1"}
2025-08-13 02:19:34,900 INFO  [io.api.tes.ser.api.KafkaSerdesTester] (Thread-667) topic-5b96b055_ac64_416c_809d_428a6c5eee00 0 32 {"key11755051568106": "value-2", "key21755051572411": "value-2", "key31755051573673": "value-2"}
2025-08-13 02:19:34,900 INFO  [io.api.tes.ser.api.KafkaSerdesTester] (Thread-667) topic-5b96b055_ac64_416c_809d_428a6c5eee00 0 33 {"key11755051568106": "value-3", "key21755051572411": "value-3", "key31755051573673": "value-3"}
2025-08-13 02:19:34,900 INFO  [io.api.tes.ser.api.KafkaSerdesTester] (Thread-667) topic-5b96b055_ac64_416c_809d_428a6c5eee00 0 34 {"key11755051568106": "value-4", "key21755051572411": "value-4", "key31755051573673": "value-4"}
2025-08-13 02:19:34,900 INFO  [io.api.tes.ser.api.KafkaSerdesTester] (Thread-667) topic-5b96b055_ac64_416c_809d_428a6c5eee00 0 35 {"key11755051568106": "value-5", "key21755051572411": "value-5", "key31755051573673": "value-5"}
2025-08-13 02:19:34,900 INFO  [io.api.tes.ser.api.KafkaSerdesTester] (Thread-667) topic-5b96b055_ac64_416c_809d_428a6c5eee00 0 36 {"key11755051568106": "value-6", "key21755051572411": "value-6", "key31755051573673": "value-6"}
2025-08-13 02:19:34,900 INFO  [io.api.tes.ser.api.KafkaSerdesTester] (Thread-667) topic-5b96b055_ac64_416c_809d_428a6c5eee00 0 37 {"key11755051568106": "value-7", "key21755051572411": "value-7", "key31755051573673": "value-7"}
2025-08-13 02:19:34,900 INFO  [io.api.tes.ser.api.KafkaSerdesTester] (Thread-667) topic-5b96b055_ac64_416c_809d_428a6c5eee00 0 38 {"key11755051568106": "value-8", "key21755051572411": "value-8", "key31755051573673": "value-8"}
2025-08-13 02:19:34,900 INFO  [io.api.tes.ser.api.KafkaSerdesTester] (Thread-667) topic-5b96b055_ac64_416c_809d_428a6c5eee00 0 39 {"key11755051568106": "value-9", "key21755051572411": "value-9", "key31755051573673": "value-9"}
2025-08-13 02:19:34,900 INFO  [io.api.tes.ser.api.KafkaSerdesTester] (Thread-667) topic-5b96b055_ac64_416c_809d_428a6c5eee00 0 40 {"key11755051568106": "value-0", "key21755051572411": "value-0"}
2025-08-13 02:19:34,900 INFO  [io.api.tes.ser.api.KafkaSerdesTester] (Thread-667) topic-5b96b055_ac64_416c_809d_428a6c5eee00 0 41 {"key11755051568106": "value-1", "key21755051572411": "value-1"}
2025-08-13 02:19:34,901 INFO  [io.api.tes.ser.api.KafkaSerdesTester] (Thread-667) topic-5b96b055_ac64_416c_809d_428a6c5eee00 0 42 {"key11755051568106": "value-2", "key21755051572411": "value-2"}
2025-08-13 02:19:34,901 INFO  [io.api.tes.ser.api.KafkaSerdesTester] (Thread-667) topic-5b96b055_ac64_416c_809d_428a6c5eee00 0 43 {"key11755051568106": "value-3", "key21755051572411": "value-3"}
2025-08-13 02:19:34,901 INFO  [io.api.tes.ser.api.KafkaSerdesTester] (Thread-667) topic-5b96b055_ac64_416c_809d_428a6c5eee00 0 44 {"key11755051568106": "value-4", "key21755051572411": "value-4"}
2025-08-13 02:19:34,901 INFO  [io.api.tes.ser.api.KafkaSerdesTester] (Thread-667) topic-5b96b055_ac64_416c_809d_428a6c5eee00 0 45 {"key11755051568106": "value-5", "key21755051572411": "value-5"}
2025-08-13 02:19:34,902 INFO  [io.api.tes.ser.api.KafkaSerdesTester] (Thread-667) topic-5b96b055_ac64_416c_809d_428a6c5eee00 0 46 {"key11755051568106": "value-6", "key21755051572411": "value-6"}
2025-08-13 02:19:34,902 INFO  [io.api.tes.ser.api.KafkaSerdesTester] (Thread-667) topic-5b96b055_ac64_416c_809d_428a6c5eee00 0 47 {"key11755051568106": "value-7", "key21755051572411": "value-7"}
2025-08-13 02:19:34,902 INFO  [io.api.tes.ser.api.KafkaSerdesTester] (Thread-667) topic-5b96b055_ac64_416c_809d_428a6c5eee00 0 48 {"key11755051568106": "value-8", "key21755051572411": "value-8"}
2025-08-13 02:19:34,902 INFO  [io.api.tes.ser.api.KafkaSerdesTester] (Thread-667) topic-5b96b055_ac64_416c_809d_428a6c5eee00 0 49 {"key11755051568106": "value-9", "key21755051572411": "value-9"}
2025-08-13 02:19:34,902 INFO  [io.api.tes.ser.api.KafkaSerdesTester] (Thread-667) topic-5b96b055_ac64_416c_809d_428a6c5eee00 0 50 {"key11755051568106": "value-0"}
2025-08-13 02:19:34,902 INFO  [io.api.tes.ser.api.KafkaSerdesTester] (Thread-667) topic-5b96b055_ac64_416c_809d_428a6c5eee00 0 51 {"key11755051568106": "value-1"}
2025-08-13 02:19:34,902 INFO  [io.api.tes.ser.api.KafkaSerdesTester] (Thread-667) topic-5b96b055_ac64_416c_809d_428a6c5eee00 0 52 {"key11755051568106": "value-2"}
2025-08-13 02:19:34,902 INFO  [io.api.tes.ser.api.KafkaSerdesTester] (Thread-667) topic-5b96b055_ac64_416c_809d_428a6c5eee00 0 53 {"key11755051568106": "value-3"}
2025-08-13 02:19:34,902 INFO  [io.api.tes.ser.api.KafkaSerdesTester] (Thread-667) topic-5b96b055_ac64_416c_809d_428a6c5eee00 0 54 {"key11755051568106": "value-4"}
2025-08-13 02:19:34,902 INFO  [io.api.tes.ser.api.KafkaSerdesTester] (Thread-667) topic-5b96b055_ac64_416c_809d_428a6c5eee00 0 55 {"key11755051568106": "value-5"}
2025-08-13 02:19:34,902 INFO  [io.api.tes.ser.api.KafkaSerdesTester] (Thread-667) topic-5b96b055_ac64_416c_809d_428a6c5eee00 0 56 {"key11755051568106": "value-6"}
2025-08-13 02:19:34,902 INFO  [io.api.tes.ser.api.KafkaSerdesTester] (Thread-667) topic-5b96b055_ac64_416c_809d_428a6c5eee00 0 57 {"key11755051568106": "value-7"}
2025-08-13 02:19:34,902 INFO  [io.api.tes.ser.api.KafkaSerdesTester] (Thread-667) topic-5b96b055_ac64_416c_809d_428a6c5eee00 0 58 {"key11755051568106": "value-8"}
2025-08-13 02:19:34,902 INFO  [io.api.tes.ser.api.KafkaSerdesTester] (Thread-667) topic-5b96b055_ac64_416c_809d_428a6c5eee00 0 59 {"key11755051568106": "value-9"}
2025-08-13 02:19:34,902 INFO  [io.api.tes.ser.api.KafkaSerdesTester] (Thread-667) Consumed 30 messages
2025-08-13 02:19:34,904 INFO  [org.apa.kaf.cli.pro.KafkaProducer] (main) [Producer clientId=Producer-topic-5b96b055_ac64_416c_809d_428a6c5eee00] Closing the Kafka producer with timeoutMillis = 9223372036854775807 ms.
2025-08-13 02:19:34,906 INFO  [org.apa.kaf.com.met.Metrics] (main) Metrics scheduler closed
2025-08-13 02:19:34,906 INFO  [org.apa.kaf.com.met.Metrics] (main) Closing reporter org.apache.kafka.common.metrics.JmxReporter
2025-08-13 02:19:34,906 INFO  [org.apa.kaf.com.met.Metrics] (main) Closing reporter org.apache.kafka.common.telemetry.internals.ClientTelemetryReporter
2025-08-13 02:19:34,906 INFO  [org.apa.kaf.com.met.Metrics] (main) Metrics reporters closed
2025-08-13 02:19:34,907 INFO  [org.apa.kaf.com.uti.AppInfoParser] (main) App info kafka.producer for Producer-topic-5b96b055_ac64_416c_809d_428a6c5eee00 unregistered
2025-08-13 02:19:34,914 INFO  [org.apa.kaf.cli.con.int.ConsumerRebalanceListenerInvoker] (main) [Consumer clientId=consumer-Consumer-topic-5b96b055_ac64_416c_809d_428a6c5eee00-9, groupId=Consumer-topic-5b96b055_ac64_416c_809d_428a6c5eee00] Revoke previously assigned partitions topic-5b96b055_ac64_416c_809d_428a6c5eee00-0
2025-08-13 02:19:34,915 INFO  [org.apa.kaf.cli.con.int.ConsumerCoordinator] (main) [Consumer clientId=consumer-Consumer-topic-5b96b055_ac64_416c_809d_428a6c5eee00-9, groupId=Consumer-topic-5b96b055_ac64_416c_809d_428a6c5eee00] Member consumer-Consumer-topic-5b96b055_ac64_416c_809d_428a6c5eee00-9-5dde567b-073d-45e2-a4c2-a8671650eaaf sending LeaveGroup request to coordinator localhost:32769 (id: 2147483647 rack: null) due to the consumer is being closed
2025-08-13 02:19:34,917 INFO  [org.apa.kaf.cli.con.int.ConsumerCoordinator] (main) [Consumer clientId=consumer-Consumer-topic-5b96b055_ac64_416c_809d_428a6c5eee00-9, groupId=Consumer-topic-5b96b055_ac64_416c_809d_428a6c5eee00] Resetting generation and member id due to: consumer pro-actively leaving the group
2025-08-13 02:19:34,917 INFO  [org.apa.kaf.cli.con.int.ConsumerCoordinator] (main) [Consumer clientId=consumer-Consumer-topic-5b96b055_ac64_416c_809d_428a6c5eee00-9, groupId=Consumer-topic-5b96b055_ac64_416c_809d_428a6c5eee00] Request joining group due to: consumer pro-actively leaving the group
2025-08-13 02:19:35,402 INFO  [org.apa.kaf.com.met.Metrics] (main) Metrics scheduler closed
2025-08-13 02:19:35,402 INFO  [org.apa.kaf.com.met.Metrics] (main) Closing reporter org.apache.kafka.common.metrics.JmxReporter
2025-08-13 02:19:35,402 INFO  [org.apa.kaf.com.met.Metrics] (main) Closing reporter org.apache.kafka.common.telemetry.internals.ClientTelemetryReporter
2025-08-13 02:19:35,402 INFO  [org.apa.kaf.com.met.Metrics] (main) Metrics reporters closed
2025-08-13 02:19:35,405 INFO  [org.apa.kaf.com.uti.AppInfoParser] (main) App info kafka.consumer for consumer-Consumer-topic-5b96b055_ac64_416c_809d_428a6c5eee00-9 unregistered
2025-08-13 02:19:35,405 INFO  [io.api.tes.uti.TestSeparator] (main) io.apicurio.tests.serdes.apicurio.AvroSerdeIT.testEvolveAvroApicurioReusingClient-FINISHED
2025-08-13 02:19:35,405 INFO  [io.api.tes.uti.TestSeparator] (main) ############################################################################
Test passed: testEvolveAvroApicurioReusingClient
]]></system-out>
  </testcase>
  <testcase name="testProducerUsesDefaultConsumerUsesGlobalId" classname="io.apicurio.tests.serdes.apicurio.AvroSerdeIT" time="0.0">
    <skipped message="void io.apicurio.tests.serdes.apicurio.AvroSerdeIT.testProducerUsesDefaultConsumerUsesGlobalId() throws java.lang.Exception is @Disabled"/>
  </testcase>
  <testcase name="testEvolveAvroApicurio" classname="io.apicurio.tests.serdes.apicurio.AvroSerdeIT" time="14.926">
    <system-out><![CDATA[2025-08-13 02:19:35,409 INFO  [io.api.tes.uti.TestSeparator] (main) ############################################################################
2025-08-13 02:19:35,409 INFO  [io.api.tes.uti.TestSeparator] (main) io.apicurio.tests.serdes.apicurio.AvroSerdeIT.testEvolveAvroApicurio-STARTED
2025-08-13 02:19:35,410 INFO  [io.api.tes.ser.api.AvroSerdeIT] (main) Registering Avro Schema: {"type":"record","name":"s7ac8146axa714x4bdbxaf84xc12bf5ab88d6","namespace":"ns_0cc77538_0ab5_489f_bf96_04f0822cbf08","fields":[{"name":"key11755051575409","type":"string"}]}
**** Registry Base URL: http://registry-app-ksql047.apps.ci419.apicurio-testing.org:80
2025-08-13 02:19:36,509 INFO  [org.apa.kaf.cli.pro.ProducerConfig] (main) ProducerConfig values: 
	acks = -1
	auto.include.jmx.reporter = true
	batch.size = 16384
	bootstrap.servers = [PLAINTEXT://localhost:32769]
	buffer.memory = 33554432
	client.dns.lookup = use_all_dns_ips
	client.id = Producer-topic-c1325f1a_4427_4104_a1d3_dbd0af31a55a
	compression.gzip.level = -1
	compression.lz4.level = 9
	compression.type = none
	compression.zstd.level = 3
	connections.max.idle.ms = 10000
	delivery.timeout.ms = 120000
	enable.idempotence = true
	enable.metrics.push = true
	interceptor.classes = []
	key.serializer = class org.apache.kafka.common.serialization.StringSerializer
	linger.ms = 0
	max.block.ms = 60000
	max.in.flight.requests.per.connection = 5
	max.request.size = 1048576
	metadata.max.age.ms = 300000
	metadata.max.idle.ms = 300000
	metadata.recovery.strategy = none
	metric.reporters = []
	metrics.num.samples = 2
	metrics.recording.level = INFO
	metrics.sample.window.ms = 30000
	partitioner.adaptive.partitioning.enable = true
	partitioner.availability.timeout.ms = 0
	partitioner.class = null
	partitioner.ignore.keys = false
	receive.buffer.bytes = 32768
	reconnect.backoff.max.ms = 1000
	reconnect.backoff.ms = 50
	request.timeout.ms = 5000
	retries = 2147483647
	retry.backoff.max.ms = 1000
	retry.backoff.ms = 100
	sasl.client.callback.handler.class = null
	sasl.jaas.config = null
	sasl.kerberos.kinit.cmd = /usr/bin/kinit
	sasl.kerberos.min.time.before.relogin = 60000
	sasl.kerberos.service.name = null
	sasl.kerberos.ticket.renew.jitter = 0.05
	sasl.kerberos.ticket.renew.window.factor = 0.8
	sasl.login.callback.handler.class = null
	sasl.login.class = null
	sasl.login.connect.timeout.ms = null
	sasl.login.read.timeout.ms = null
	sasl.login.refresh.buffer.seconds = 300
	sasl.login.refresh.min.period.seconds = 60
	sasl.login.refresh.window.factor = 0.8
	sasl.login.refresh.window.jitter = 0.05
	sasl.login.retry.backoff.max.ms = 10000
	sasl.login.retry.backoff.ms = 100
	sasl.mechanism = GSSAPI
	sasl.oauthbearer.clock.skew.seconds = 30
	sasl.oauthbearer.expected.audience = null
	sasl.oauthbearer.expected.issuer = null
	sasl.oauthbearer.header.urlencode = false
	sasl.oauthbearer.jwks.endpoint.refresh.ms = 3600000
	sasl.oauthbearer.jwks.endpoint.retry.backoff.max.ms = 10000
	sasl.oauthbearer.jwks.endpoint.retry.backoff.ms = 100
	sasl.oauthbearer.jwks.endpoint.url = null
	sasl.oauthbearer.scope.claim.name = scope
	sasl.oauthbearer.sub.claim.name = sub
	sasl.oauthbearer.token.endpoint.url = null
	security.protocol = PLAINTEXT
	security.providers = null
	send.buffer.bytes = 131072
	socket.connection.setup.timeout.max.ms = 30000
	socket.connection.setup.timeout.ms = 10000
	ssl.cipher.suites = null
	ssl.enabled.protocols = [TLSv1.2, TLSv1.3]
	ssl.endpoint.identification.algorithm = https
	ssl.engine.factory.class = null
	ssl.key.password = null
	ssl.keymanager.algorithm = SunX509
	ssl.keystore.certificate.chain = null
	ssl.keystore.key = null
	ssl.keystore.location = null
	ssl.keystore.password = null
	ssl.keystore.type = JKS
	ssl.protocol = TLSv1.3
	ssl.provider = null
	ssl.secure.random.implementation = null
	ssl.trustmanager.algorithm = PKIX
	ssl.truststore.certificates = null
	ssl.truststore.location = null
	ssl.truststore.password = null
	ssl.truststore.type = JKS
	transaction.timeout.ms = 60000
	transactional.id = null
	value.serializer = class io.apicurio.registry.serde.avro.AvroKafkaSerializer

2025-08-13 02:19:36,509 INFO  [org.apa.kaf.com.tel.int.KafkaMetricsCollector] (main) initializing Kafka metrics collector
2025-08-13 02:19:36,513 INFO  [org.apa.kaf.cli.pro.KafkaProducer] (main) [Producer clientId=Producer-topic-c1325f1a_4427_4104_a1d3_dbd0af31a55a] Instantiated an idempotent producer.
2025-08-13 02:19:36,516 INFO  [org.apa.kaf.cli.pro.ProducerConfig] (main) These configurations '[apicurio.registry.url, apicurio.registry.artifact-resolver-strategy]' were supplied but are not used yet.
2025-08-13 02:19:36,516 INFO  [org.apa.kaf.com.uti.AppInfoParser] (main) Kafka version: 3.9.1
2025-08-13 02:19:36,516 INFO  [org.apa.kaf.com.uti.AppInfoParser] (main) Kafka commitId: f745dfdcee2b9851
2025-08-13 02:19:36,516 INFO  [org.apa.kaf.com.uti.AppInfoParser] (main) Kafka startTimeMs: 1755051576516
**** Registry Base URL: http://registry-app-ksql047.apps.ci419.apicurio-testing.org:80
2025-08-13 02:19:36,518 INFO  [org.apa.kaf.cli.con.ConsumerConfig] (main) ConsumerConfig values: 
	allow.auto.create.topics = true
	auto.commit.interval.ms = 500
	auto.include.jmx.reporter = true
	auto.offset.reset = earliest
	bootstrap.servers = [PLAINTEXT://localhost:32769]
	check.crcs = true
	client.dns.lookup = use_all_dns_ips
	client.id = consumer-Consumer-topic-c1325f1a_4427_4104_a1d3_dbd0af31a55a-10
	client.rack = 
	connections.max.idle.ms = 10000
	default.api.timeout.ms = 60000
	enable.auto.commit = true
	enable.metrics.push = true
	exclude.internal.topics = true
	fetch.max.bytes = 52428800
	fetch.max.wait.ms = 500
	fetch.min.bytes = 1
	group.id = Consumer-topic-c1325f1a_4427_4104_a1d3_dbd0af31a55a
	group.instance.id = null
	group.protocol = classic
	group.remote.assignor = null
	heartbeat.interval.ms = 3000
	interceptor.classes = []
	internal.leave.group.on.close = true
	internal.throw.on.fetch.stable.offset.unsupported = false
	isolation.level = read_uncommitted
	key.deserializer = class org.apache.kafka.common.serialization.StringDeserializer
	max.partition.fetch.bytes = 1048576
	max.poll.interval.ms = 300000
	max.poll.records = 500
	metadata.max.age.ms = 300000
	metadata.recovery.strategy = none
	metric.reporters = []
	metrics.num.samples = 2
	metrics.recording.level = INFO
	metrics.sample.window.ms = 30000
	partition.assignment.strategy = [class org.apache.kafka.clients.consumer.RangeAssignor, class org.apache.kafka.clients.consumer.CooperativeStickyAssignor]
	receive.buffer.bytes = 65536
	reconnect.backoff.max.ms = 1000
	reconnect.backoff.ms = 50
	request.timeout.ms = 5000
	retry.backoff.max.ms = 1000
	retry.backoff.ms = 100
	sasl.client.callback.handler.class = null
	sasl.jaas.config = null
	sasl.kerberos.kinit.cmd = /usr/bin/kinit
	sasl.kerberos.min.time.before.relogin = 60000
	sasl.kerberos.service.name = null
	sasl.kerberos.ticket.renew.jitter = 0.05
	sasl.kerberos.ticket.renew.window.factor = 0.8
	sasl.login.callback.handler.class = null
	sasl.login.class = null
	sasl.login.connect.timeout.ms = null
	sasl.login.read.timeout.ms = null
	sasl.login.refresh.buffer.seconds = 300
	sasl.login.refresh.min.period.seconds = 60
	sasl.login.refresh.window.factor = 0.8
	sasl.login.refresh.window.jitter = 0.05
	sasl.login.retry.backoff.max.ms = 10000
	sasl.login.retry.backoff.ms = 100
	sasl.mechanism = GSSAPI
	sasl.oauthbearer.clock.skew.seconds = 30
	sasl.oauthbearer.expected.audience = null
	sasl.oauthbearer.expected.issuer = null
	sasl.oauthbearer.header.urlencode = false
	sasl.oauthbearer.jwks.endpoint.refresh.ms = 3600000
	sasl.oauthbearer.jwks.endpoint.retry.backoff.max.ms = 10000
	sasl.oauthbearer.jwks.endpoint.retry.backoff.ms = 100
	sasl.oauthbearer.jwks.endpoint.url = null
	sasl.oauthbearer.scope.claim.name = scope
	sasl.oauthbearer.sub.claim.name = sub
	sasl.oauthbearer.token.endpoint.url = null
	security.protocol = PLAINTEXT
	security.providers = null
	send.buffer.bytes = 131072
	session.timeout.ms = 45000
	socket.connection.setup.timeout.max.ms = 30000
	socket.connection.setup.timeout.ms = 10000
	ssl.cipher.suites = null
	ssl.enabled.protocols = [TLSv1.2, TLSv1.3]
	ssl.endpoint.identification.algorithm = https
	ssl.engine.factory.class = null
	ssl.key.password = null
	ssl.keymanager.algorithm = SunX509
	ssl.keystore.certificate.chain = null
	ssl.keystore.key = null
	ssl.keystore.location = null
	ssl.keystore.password = null
	ssl.keystore.type = JKS
	ssl.protocol = TLSv1.3
	ssl.provider = null
	ssl.secure.random.implementation = null
	ssl.trustmanager.algorithm = PKIX
	ssl.truststore.certificates = null
	ssl.truststore.location = null
	ssl.truststore.password = null
	ssl.truststore.type = JKS
	value.deserializer = class io.apicurio.registry.serde.avro.AvroKafkaDeserializer

2025-08-13 02:19:36,518 INFO  [org.apa.kaf.com.tel.int.KafkaMetricsCollector] (main) initializing Kafka metrics collector
2025-08-13 02:19:36,523 INFO  [org.apa.kaf.cli.Metadata] (kafka-producer-network-thread | Producer-topic-c1325f1a_4427_4104_a1d3_dbd0af31a55a) [Producer clientId=Producer-topic-c1325f1a_4427_4104_a1d3_dbd0af31a55a] Cluster ID: RhahJUjfTxKIJlGmUjwdsg
2025-08-13 02:19:36,523 INFO  [org.apa.kaf.cli.pro.int.TransactionManager] (kafka-producer-network-thread | Producer-topic-c1325f1a_4427_4104_a1d3_dbd0af31a55a) [Producer clientId=Producer-topic-c1325f1a_4427_4104_a1d3_dbd0af31a55a] ProducerId set to 12 with epoch 0
2025-08-13 02:19:36,528 INFO  [org.apa.kaf.cli.con.ConsumerConfig] (main) These configurations '[apicurio.registry.url]' were supplied but are not used yet.
2025-08-13 02:19:36,528 INFO  [org.apa.kaf.com.uti.AppInfoParser] (main) Kafka version: 3.9.1
2025-08-13 02:19:36,528 INFO  [org.apa.kaf.com.uti.AppInfoParser] (main) Kafka commitId: f745dfdcee2b9851
2025-08-13 02:19:36,528 INFO  [org.apa.kaf.com.uti.AppInfoParser] (main) Kafka startTimeMs: 1755051576528
2025-08-13 02:19:36,529 INFO  [io.api.tes.ser.api.KafkaSerdesTester] (Thread-672) Sending message {"key11755051575409": "value-0"} to topic topic-c1325f1a_4427_4104_a1d3_dbd0af31a55a
2025-08-13 02:19:36,533 INFO  [DefaultSchemaResolver] (Thread-672) Retrieving schema content using string: {"type":"record","name":"s7ac8146axa714x4bdbxaf84xc12bf5ab88d6","namespace":"ns_0cc77538_0ab5_489f_bf96_04f0822cbf08","fields":[{"name":"key11755051575409","type":"string"}]}
2025-08-13 02:19:36,590 INFO  [io.api.tes.ser.api.KafkaSerdesTester] (Thread-672) Sending message {"key11755051575409": "value-1"} to topic topic-c1325f1a_4427_4104_a1d3_dbd0af31a55a
2025-08-13 02:19:36,592 INFO  [io.api.tes.ser.api.KafkaSerdesTester] (Thread-672) Sending message {"key11755051575409": "value-2"} to topic topic-c1325f1a_4427_4104_a1d3_dbd0af31a55a
2025-08-13 02:19:36,598 INFO  [io.api.tes.ser.api.KafkaSerdesTester] (Thread-672) Sending message {"key11755051575409": "value-3"} to topic topic-c1325f1a_4427_4104_a1d3_dbd0af31a55a
2025-08-13 02:19:36,600 INFO  [io.api.tes.ser.api.KafkaSerdesTester] (Thread-672) Sending message {"key11755051575409": "value-4"} to topic topic-c1325f1a_4427_4104_a1d3_dbd0af31a55a
2025-08-13 02:19:36,601 INFO  [io.api.tes.ser.api.KafkaSerdesTester] (Thread-672) Sending message {"key11755051575409": "value-5"} to topic topic-c1325f1a_4427_4104_a1d3_dbd0af31a55a
2025-08-13 02:19:36,603 INFO  [io.api.tes.ser.api.KafkaSerdesTester] (Thread-672) Sending message {"key11755051575409": "value-6"} to topic topic-c1325f1a_4427_4104_a1d3_dbd0af31a55a
2025-08-13 02:19:36,604 INFO  [io.api.tes.ser.api.KafkaSerdesTester] (Thread-672) Sending message {"key11755051575409": "value-7"} to topic topic-c1325f1a_4427_4104_a1d3_dbd0af31a55a
2025-08-13 02:19:36,606 INFO  [io.api.tes.ser.api.KafkaSerdesTester] (Thread-672) Sending message {"key11755051575409": "value-8"} to topic topic-c1325f1a_4427_4104_a1d3_dbd0af31a55a
2025-08-13 02:19:36,608 INFO  [io.api.tes.ser.api.KafkaSerdesTester] (Thread-672) Sending message {"key11755051575409": "value-9"} to topic topic-c1325f1a_4427_4104_a1d3_dbd0af31a55a
2025-08-13 02:19:36,609 INFO  [io.api.tes.ser.api.KafkaSerdesTester] (Thread-672) Produced 10 messages
2025-08-13 02:19:36,609 INFO  [org.apa.kaf.cli.pro.KafkaProducer] (Thread-672) [Producer clientId=Producer-topic-c1325f1a_4427_4104_a1d3_dbd0af31a55a] Closing the Kafka producer with timeoutMillis = 9223372036854775807 ms.
2025-08-13 02:19:36,611 INFO  [org.apa.kaf.com.met.Metrics] (Thread-672) Metrics scheduler closed
2025-08-13 02:19:36,611 INFO  [org.apa.kaf.com.met.Metrics] (Thread-672) Closing reporter org.apache.kafka.common.metrics.JmxReporter
2025-08-13 02:19:36,611 INFO  [org.apa.kaf.com.met.Metrics] (Thread-672) Closing reporter org.apache.kafka.common.telemetry.internals.ClientTelemetryReporter
2025-08-13 02:19:36,611 INFO  [org.apa.kaf.com.met.Metrics] (Thread-672) Metrics reporters closed
2025-08-13 02:19:36,612 INFO  [org.apa.kaf.com.uti.AppInfoParser] (Thread-672) App info kafka.producer for Producer-topic-c1325f1a_4427_4104_a1d3_dbd0af31a55a unregistered
2025-08-13 02:19:36,613 INFO  [org.apa.kaf.cli.con.int.ClassicKafkaConsumer] (Thread-673) [Consumer clientId=consumer-Consumer-topic-c1325f1a_4427_4104_a1d3_dbd0af31a55a-10, groupId=Consumer-topic-c1325f1a_4427_4104_a1d3_dbd0af31a55a] Subscribed to topic(s): topic-c1325f1a_4427_4104_a1d3_dbd0af31a55a
2025-08-13 02:19:36,623 INFO  [org.apa.kaf.cli.Metadata] (Thread-673) [Consumer clientId=consumer-Consumer-topic-c1325f1a_4427_4104_a1d3_dbd0af31a55a-10, groupId=Consumer-topic-c1325f1a_4427_4104_a1d3_dbd0af31a55a] Cluster ID: RhahJUjfTxKIJlGmUjwdsg
2025-08-13 02:19:36,624 INFO  [org.apa.kaf.cli.con.int.ConsumerCoordinator] (Thread-673) [Consumer clientId=consumer-Consumer-topic-c1325f1a_4427_4104_a1d3_dbd0af31a55a-10, groupId=Consumer-topic-c1325f1a_4427_4104_a1d3_dbd0af31a55a] Discovered group coordinator localhost:32769 (id: 2147483647 rack: null)
2025-08-13 02:19:36,626 INFO  [org.apa.kaf.cli.con.int.ConsumerCoordinator] (Thread-673) [Consumer clientId=consumer-Consumer-topic-c1325f1a_4427_4104_a1d3_dbd0af31a55a-10, groupId=Consumer-topic-c1325f1a_4427_4104_a1d3_dbd0af31a55a] (Re-)joining group
2025-08-13 02:19:36,634 INFO  [org.apa.kaf.cli.con.int.ConsumerCoordinator] (Thread-673) [Consumer clientId=consumer-Consumer-topic-c1325f1a_4427_4104_a1d3_dbd0af31a55a-10, groupId=Consumer-topic-c1325f1a_4427_4104_a1d3_dbd0af31a55a] Request joining group due to: need to re-join with the given member-id: consumer-Consumer-topic-c1325f1a_4427_4104_a1d3_dbd0af31a55a-10-a833d486-7235-4a9f-8cc7-bc51e62c4b1d
2025-08-13 02:19:36,634 INFO  [org.apa.kaf.cli.con.int.ConsumerCoordinator] (Thread-673) [Consumer clientId=consumer-Consumer-topic-c1325f1a_4427_4104_a1d3_dbd0af31a55a-10, groupId=Consumer-topic-c1325f1a_4427_4104_a1d3_dbd0af31a55a] (Re-)joining group
2025-08-13 02:19:37,613 INFO  [io.api.tes.ser.api.KafkaSerdesTester] (Thread-673) None found
2025-08-13 02:19:38,614 INFO  [io.api.tes.ser.api.KafkaSerdesTester] (Thread-673) None found
2025-08-13 02:19:39,614 INFO  [io.api.tes.ser.api.KafkaSerdesTester] (Thread-673) None found
2025-08-13 02:19:39,637 INFO  [org.apa.kaf.cli.con.int.ConsumerCoordinator] (Thread-673) [Consumer clientId=consumer-Consumer-topic-c1325f1a_4427_4104_a1d3_dbd0af31a55a-10, groupId=Consumer-topic-c1325f1a_4427_4104_a1d3_dbd0af31a55a] Successfully joined group with generation Generation{generationId=1, memberId='consumer-Consumer-topic-c1325f1a_4427_4104_a1d3_dbd0af31a55a-10-a833d486-7235-4a9f-8cc7-bc51e62c4b1d', protocol='range'}
2025-08-13 02:19:39,637 INFO  [org.apa.kaf.cli.con.int.ConsumerCoordinator] (Thread-673) [Consumer clientId=consumer-Consumer-topic-c1325f1a_4427_4104_a1d3_dbd0af31a55a-10, groupId=Consumer-topic-c1325f1a_4427_4104_a1d3_dbd0af31a55a] Finished assignment for group at generation 1: {consumer-Consumer-topic-c1325f1a_4427_4104_a1d3_dbd0af31a55a-10-a833d486-7235-4a9f-8cc7-bc51e62c4b1d=Assignment(partitions=[topic-c1325f1a_4427_4104_a1d3_dbd0af31a55a-0])}
2025-08-13 02:19:39,644 INFO  [org.apa.kaf.cli.con.int.ConsumerCoordinator] (Thread-673) [Consumer clientId=consumer-Consumer-topic-c1325f1a_4427_4104_a1d3_dbd0af31a55a-10, groupId=Consumer-topic-c1325f1a_4427_4104_a1d3_dbd0af31a55a] Successfully synced group in generation Generation{generationId=1, memberId='consumer-Consumer-topic-c1325f1a_4427_4104_a1d3_dbd0af31a55a-10-a833d486-7235-4a9f-8cc7-bc51e62c4b1d', protocol='range'}
2025-08-13 02:19:39,644 INFO  [org.apa.kaf.cli.con.int.ConsumerCoordinator] (Thread-673) [Consumer clientId=consumer-Consumer-topic-c1325f1a_4427_4104_a1d3_dbd0af31a55a-10, groupId=Consumer-topic-c1325f1a_4427_4104_a1d3_dbd0af31a55a] Notifying assignor about the new Assignment(partitions=[topic-c1325f1a_4427_4104_a1d3_dbd0af31a55a-0])
2025-08-13 02:19:39,644 INFO  [org.apa.kaf.cli.con.int.ConsumerRebalanceListenerInvoker] (Thread-673) [Consumer clientId=consumer-Consumer-topic-c1325f1a_4427_4104_a1d3_dbd0af31a55a-10, groupId=Consumer-topic-c1325f1a_4427_4104_a1d3_dbd0af31a55a] Adding newly assigned partitions: topic-c1325f1a_4427_4104_a1d3_dbd0af31a55a-0
2025-08-13 02:19:39,645 INFO  [org.apa.kaf.cli.con.int.ConsumerCoordinator] (Thread-673) [Consumer clientId=consumer-Consumer-topic-c1325f1a_4427_4104_a1d3_dbd0af31a55a-10, groupId=Consumer-topic-c1325f1a_4427_4104_a1d3_dbd0af31a55a] Found no committed offset for partition topic-c1325f1a_4427_4104_a1d3_dbd0af31a55a-0
2025-08-13 02:19:39,646 INFO  [org.apa.kaf.cli.con.int.SubscriptionState] (Thread-673) [Consumer clientId=consumer-Consumer-topic-c1325f1a_4427_4104_a1d3_dbd0af31a55a-10, groupId=Consumer-topic-c1325f1a_4427_4104_a1d3_dbd0af31a55a] Resetting offset for partition topic-c1325f1a_4427_4104_a1d3_dbd0af31a55a-0 to position FetchPosition{offset=0, offsetEpoch=Optional.empty, currentLeader=LeaderAndEpoch{leader=Optional[localhost:32769 (id: 0 rack: null)], epoch=0}}.
2025-08-13 02:19:39,725 INFO  [io.api.tes.ser.api.KafkaSerdesTester] (Thread-673) topic-c1325f1a_4427_4104_a1d3_dbd0af31a55a 0 0 {"key11755051575409": "value-0"}
2025-08-13 02:19:39,725 INFO  [io.api.tes.ser.api.KafkaSerdesTester] (Thread-673) topic-c1325f1a_4427_4104_a1d3_dbd0af31a55a 0 1 {"key11755051575409": "value-1"}
2025-08-13 02:19:39,725 INFO  [io.api.tes.ser.api.KafkaSerdesTester] (Thread-673) topic-c1325f1a_4427_4104_a1d3_dbd0af31a55a 0 2 {"key11755051575409": "value-2"}
2025-08-13 02:19:39,726 INFO  [io.api.tes.ser.api.KafkaSerdesTester] (Thread-673) topic-c1325f1a_4427_4104_a1d3_dbd0af31a55a 0 3 {"key11755051575409": "value-3"}
2025-08-13 02:19:39,726 INFO  [io.api.tes.ser.api.KafkaSerdesTester] (Thread-673) topic-c1325f1a_4427_4104_a1d3_dbd0af31a55a 0 4 {"key11755051575409": "value-4"}
2025-08-13 02:19:39,726 INFO  [io.api.tes.ser.api.KafkaSerdesTester] (Thread-673) topic-c1325f1a_4427_4104_a1d3_dbd0af31a55a 0 5 {"key11755051575409": "value-5"}
2025-08-13 02:19:39,726 INFO  [io.api.tes.ser.api.KafkaSerdesTester] (Thread-673) topic-c1325f1a_4427_4104_a1d3_dbd0af31a55a 0 6 {"key11755051575409": "value-6"}
2025-08-13 02:19:39,726 INFO  [io.api.tes.ser.api.KafkaSerdesTester] (Thread-673) topic-c1325f1a_4427_4104_a1d3_dbd0af31a55a 0 7 {"key11755051575409": "value-7"}
2025-08-13 02:19:39,726 INFO  [io.api.tes.ser.api.KafkaSerdesTester] (Thread-673) topic-c1325f1a_4427_4104_a1d3_dbd0af31a55a 0 8 {"key11755051575409": "value-8"}
2025-08-13 02:19:39,726 INFO  [io.api.tes.ser.api.KafkaSerdesTester] (Thread-673) topic-c1325f1a_4427_4104_a1d3_dbd0af31a55a 0 9 {"key11755051575409": "value-9"}
2025-08-13 02:19:39,726 INFO  [io.api.tes.ser.api.KafkaSerdesTester] (Thread-673) Consumed 10 messages
2025-08-13 02:19:39,733 INFO  [org.apa.kaf.cli.con.int.ConsumerRebalanceListenerInvoker] (Thread-673) [Consumer clientId=consumer-Consumer-topic-c1325f1a_4427_4104_a1d3_dbd0af31a55a-10, groupId=Consumer-topic-c1325f1a_4427_4104_a1d3_dbd0af31a55a] Revoke previously assigned partitions topic-c1325f1a_4427_4104_a1d3_dbd0af31a55a-0
2025-08-13 02:19:39,733 INFO  [org.apa.kaf.cli.con.int.ConsumerCoordinator] (Thread-673) [Consumer clientId=consumer-Consumer-topic-c1325f1a_4427_4104_a1d3_dbd0af31a55a-10, groupId=Consumer-topic-c1325f1a_4427_4104_a1d3_dbd0af31a55a] Member consumer-Consumer-topic-c1325f1a_4427_4104_a1d3_dbd0af31a55a-10-a833d486-7235-4a9f-8cc7-bc51e62c4b1d sending LeaveGroup request to coordinator localhost:32769 (id: 2147483647 rack: null) due to the consumer is being closed
2025-08-13 02:19:39,734 INFO  [org.apa.kaf.cli.con.int.ConsumerCoordinator] (Thread-673) [Consumer clientId=consumer-Consumer-topic-c1325f1a_4427_4104_a1d3_dbd0af31a55a-10, groupId=Consumer-topic-c1325f1a_4427_4104_a1d3_dbd0af31a55a] Resetting generation and member id due to: consumer pro-actively leaving the group
2025-08-13 02:19:39,734 INFO  [org.apa.kaf.cli.con.int.ConsumerCoordinator] (Thread-673) [Consumer clientId=consumer-Consumer-topic-c1325f1a_4427_4104_a1d3_dbd0af31a55a-10, groupId=Consumer-topic-c1325f1a_4427_4104_a1d3_dbd0af31a55a] Request joining group due to: consumer pro-actively leaving the group
2025-08-13 02:19:40,229 INFO  [org.apa.kaf.com.met.Metrics] (Thread-673) Metrics scheduler closed
2025-08-13 02:19:40,229 INFO  [org.apa.kaf.com.met.Metrics] (Thread-673) Closing reporter org.apache.kafka.common.metrics.JmxReporter
2025-08-13 02:19:40,229 INFO  [org.apa.kaf.com.met.Metrics] (Thread-673) Closing reporter org.apache.kafka.common.telemetry.internals.ClientTelemetryReporter
2025-08-13 02:19:40,229 INFO  [org.apa.kaf.com.met.Metrics] (Thread-673) Metrics reporters closed
2025-08-13 02:19:40,237 INFO  [org.apa.kaf.com.uti.AppInfoParser] (Thread-673) App info kafka.consumer for consumer-Consumer-topic-c1325f1a_4427_4104_a1d3_dbd0af31a55a-10 unregistered
2025-08-13 02:19:40,239 INFO  [io.api.tes.ser.api.AvroSerdeIT] (main) Registering Avro Schema 2: {"type":"record","name":"s7ac8146axa714x4bdbxaf84xc12bf5ab88d6","namespace":"ns_0cc77538_0ab5_489f_bf96_04f0822cbf08","fields":[{"name":"key11755051575409","type":"string"},{"name":"key21755051580238","type":"string"}]}
**** Registry Base URL: http://registry-app-ksql047.apps.ci419.apicurio-testing.org:80
2025-08-13 02:19:41,349 INFO  [org.apa.kaf.cli.pro.ProducerConfig] (main) ProducerConfig values: 
	acks = -1
	auto.include.jmx.reporter = true
	batch.size = 16384
	bootstrap.servers = [PLAINTEXT://localhost:32769]
	buffer.memory = 33554432
	client.dns.lookup = use_all_dns_ips
	client.id = Producer-topic-c1325f1a_4427_4104_a1d3_dbd0af31a55a
	compression.gzip.level = -1
	compression.lz4.level = 9
	compression.type = none
	compression.zstd.level = 3
	connections.max.idle.ms = 10000
	delivery.timeout.ms = 120000
	enable.idempotence = true
	enable.metrics.push = true
	interceptor.classes = []
	key.serializer = class org.apache.kafka.common.serialization.StringSerializer
	linger.ms = 0
	max.block.ms = 60000
	max.in.flight.requests.per.connection = 5
	max.request.size = 1048576
	metadata.max.age.ms = 300000
	metadata.max.idle.ms = 300000
	metadata.recovery.strategy = none
	metric.reporters = []
	metrics.num.samples = 2
	metrics.recording.level = INFO
	metrics.sample.window.ms = 30000
	partitioner.adaptive.partitioning.enable = true
	partitioner.availability.timeout.ms = 0
	partitioner.class = null
	partitioner.ignore.keys = false
	receive.buffer.bytes = 32768
	reconnect.backoff.max.ms = 1000
	reconnect.backoff.ms = 50
	request.timeout.ms = 5000
	retries = 2147483647
	retry.backoff.max.ms = 1000
	retry.backoff.ms = 100
	sasl.client.callback.handler.class = null
	sasl.jaas.config = null
	sasl.kerberos.kinit.cmd = /usr/bin/kinit
	sasl.kerberos.min.time.before.relogin = 60000
	sasl.kerberos.service.name = null
	sasl.kerberos.ticket.renew.jitter = 0.05
	sasl.kerberos.ticket.renew.window.factor = 0.8
	sasl.login.callback.handler.class = null
	sasl.login.class = null
	sasl.login.connect.timeout.ms = null
	sasl.login.read.timeout.ms = null
	sasl.login.refresh.buffer.seconds = 300
	sasl.login.refresh.min.period.seconds = 60
	sasl.login.refresh.window.factor = 0.8
	sasl.login.refresh.window.jitter = 0.05
	sasl.login.retry.backoff.max.ms = 10000
	sasl.login.retry.backoff.ms = 100
	sasl.mechanism = GSSAPI
	sasl.oauthbearer.clock.skew.seconds = 30
	sasl.oauthbearer.expected.audience = null
	sasl.oauthbearer.expected.issuer = null
	sasl.oauthbearer.header.urlencode = false
	sasl.oauthbearer.jwks.endpoint.refresh.ms = 3600000
	sasl.oauthbearer.jwks.endpoint.retry.backoff.max.ms = 10000
	sasl.oauthbearer.jwks.endpoint.retry.backoff.ms = 100
	sasl.oauthbearer.jwks.endpoint.url = null
	sasl.oauthbearer.scope.claim.name = scope
	sasl.oauthbearer.sub.claim.name = sub
	sasl.oauthbearer.token.endpoint.url = null
	security.protocol = PLAINTEXT
	security.providers = null
	send.buffer.bytes = 131072
	socket.connection.setup.timeout.max.ms = 30000
	socket.connection.setup.timeout.ms = 10000
	ssl.cipher.suites = null
	ssl.enabled.protocols = [TLSv1.2, TLSv1.3]
	ssl.endpoint.identification.algorithm = https
	ssl.engine.factory.class = null
	ssl.key.password = null
	ssl.keymanager.algorithm = SunX509
	ssl.keystore.certificate.chain = null
	ssl.keystore.key = null
	ssl.keystore.location = null
	ssl.keystore.password = null
	ssl.keystore.type = JKS
	ssl.protocol = TLSv1.3
	ssl.provider = null
	ssl.secure.random.implementation = null
	ssl.trustmanager.algorithm = PKIX
	ssl.truststore.certificates = null
	ssl.truststore.location = null
	ssl.truststore.password = null
	ssl.truststore.type = JKS
	transaction.timeout.ms = 60000
	transactional.id = null
	value.serializer = class io.apicurio.registry.serde.avro.AvroKafkaSerializer

2025-08-13 02:19:41,349 INFO  [org.apa.kaf.com.tel.int.KafkaMetricsCollector] (main) initializing Kafka metrics collector
2025-08-13 02:19:41,352 INFO  [org.apa.kaf.cli.pro.KafkaProducer] (main) [Producer clientId=Producer-topic-c1325f1a_4427_4104_a1d3_dbd0af31a55a] Instantiated an idempotent producer.
2025-08-13 02:19:41,355 INFO  [org.apa.kaf.cli.pro.ProducerConfig] (main) These configurations '[apicurio.registry.url, apicurio.registry.artifact-resolver-strategy]' were supplied but are not used yet.
2025-08-13 02:19:41,355 INFO  [org.apa.kaf.com.uti.AppInfoParser] (main) Kafka version: 3.9.1
2025-08-13 02:19:41,355 INFO  [org.apa.kaf.com.uti.AppInfoParser] (main) Kafka commitId: f745dfdcee2b9851
2025-08-13 02:19:41,355 INFO  [org.apa.kaf.com.uti.AppInfoParser] (main) Kafka startTimeMs: 1755051581355
2025-08-13 02:19:41,356 INFO  [io.api.tes.ser.api.KafkaSerdesTester] (Thread-676) Sending message {"key11755051575409": "value-0", "key21755051580238": "value-0"} to topic topic-c1325f1a_4427_4104_a1d3_dbd0af31a55a
2025-08-13 02:19:41,362 INFO  [org.apa.kaf.cli.Metadata] (kafka-producer-network-thread | Producer-topic-c1325f1a_4427_4104_a1d3_dbd0af31a55a) [Producer clientId=Producer-topic-c1325f1a_4427_4104_a1d3_dbd0af31a55a] Cluster ID: RhahJUjfTxKIJlGmUjwdsg
2025-08-13 02:19:41,362 INFO  [DefaultSchemaResolver] (Thread-676) Retrieving schema content using string: {"type":"record","name":"s7ac8146axa714x4bdbxaf84xc12bf5ab88d6","namespace":"ns_0cc77538_0ab5_489f_bf96_04f0822cbf08","fields":[{"name":"key11755051575409","type":"string"},{"name":"key21755051580238","type":"string"}]}
2025-08-13 02:19:41,365 INFO  [org.apa.kaf.cli.pro.int.TransactionManager] (kafka-producer-network-thread | Producer-topic-c1325f1a_4427_4104_a1d3_dbd0af31a55a) [Producer clientId=Producer-topic-c1325f1a_4427_4104_a1d3_dbd0af31a55a] ProducerId set to 13 with epoch 0
2025-08-13 02:19:41,417 INFO  [io.api.tes.ser.api.KafkaSerdesTester] (Thread-676) Sending message {"key11755051575409": "value-1", "key21755051580238": "value-1"} to topic topic-c1325f1a_4427_4104_a1d3_dbd0af31a55a
2025-08-13 02:19:41,419 INFO  [io.api.tes.ser.api.KafkaSerdesTester] (Thread-676) Sending message {"key11755051575409": "value-2", "key21755051580238": "value-2"} to topic topic-c1325f1a_4427_4104_a1d3_dbd0af31a55a
2025-08-13 02:19:41,422 INFO  [io.api.tes.ser.api.KafkaSerdesTester] (Thread-676) Sending message {"key11755051575409": "value-3", "key21755051580238": "value-3"} to topic topic-c1325f1a_4427_4104_a1d3_dbd0af31a55a
2025-08-13 02:19:41,425 INFO  [io.api.tes.ser.api.KafkaSerdesTester] (Thread-676) Sending message {"key11755051575409": "value-4", "key21755051580238": "value-4"} to topic topic-c1325f1a_4427_4104_a1d3_dbd0af31a55a
2025-08-13 02:19:41,430 INFO  [io.api.tes.ser.api.KafkaSerdesTester] (Thread-676) Sending message {"key11755051575409": "value-5", "key21755051580238": "value-5"} to topic topic-c1325f1a_4427_4104_a1d3_dbd0af31a55a
2025-08-13 02:19:41,433 INFO  [io.api.tes.ser.api.KafkaSerdesTester] (Thread-676) Sending message {"key11755051575409": "value-6", "key21755051580238": "value-6"} to topic topic-c1325f1a_4427_4104_a1d3_dbd0af31a55a
2025-08-13 02:19:41,435 INFO  [io.api.tes.ser.api.KafkaSerdesTester] (Thread-676) Sending message {"key11755051575409": "value-7", "key21755051580238": "value-7"} to topic topic-c1325f1a_4427_4104_a1d3_dbd0af31a55a
2025-08-13 02:19:41,436 INFO  [io.api.tes.ser.api.KafkaSerdesTester] (Thread-676) Sending message {"key11755051575409": "value-8", "key21755051580238": "value-8"} to topic topic-c1325f1a_4427_4104_a1d3_dbd0af31a55a
2025-08-13 02:19:41,438 INFO  [io.api.tes.ser.api.KafkaSerdesTester] (Thread-676) Sending message {"key11755051575409": "value-9", "key21755051580238": "value-9"} to topic topic-c1325f1a_4427_4104_a1d3_dbd0af31a55a
2025-08-13 02:19:41,440 INFO  [io.api.tes.ser.api.KafkaSerdesTester] (Thread-676) Produced 10 messages
2025-08-13 02:19:41,440 INFO  [org.apa.kaf.cli.pro.KafkaProducer] (Thread-676) [Producer clientId=Producer-topic-c1325f1a_4427_4104_a1d3_dbd0af31a55a] Closing the Kafka producer with timeoutMillis = 9223372036854775807 ms.
2025-08-13 02:19:41,443 INFO  [org.apa.kaf.com.met.Metrics] (Thread-676) Metrics scheduler closed
2025-08-13 02:19:41,443 INFO  [org.apa.kaf.com.met.Metrics] (Thread-676) Closing reporter org.apache.kafka.common.metrics.JmxReporter
2025-08-13 02:19:41,443 INFO  [org.apa.kaf.com.met.Metrics] (Thread-676) Closing reporter org.apache.kafka.common.telemetry.internals.ClientTelemetryReporter
2025-08-13 02:19:41,443 INFO  [org.apa.kaf.com.met.Metrics] (Thread-676) Metrics reporters closed
2025-08-13 02:19:41,443 INFO  [org.apa.kaf.com.uti.AppInfoParser] (Thread-676) App info kafka.producer for Producer-topic-c1325f1a_4427_4104_a1d3_dbd0af31a55a unregistered
**** Registry Base URL: http://registry-app-ksql047.apps.ci419.apicurio-testing.org:80
2025-08-13 02:19:41,444 INFO  [org.apa.kaf.cli.pro.ProducerConfig] (main) ProducerConfig values: 
	acks = -1
	auto.include.jmx.reporter = true
	batch.size = 16384
	bootstrap.servers = [PLAINTEXT://localhost:32769]
	buffer.memory = 33554432
	client.dns.lookup = use_all_dns_ips
	client.id = Producer-topic-c1325f1a_4427_4104_a1d3_dbd0af31a55a
	compression.gzip.level = -1
	compression.lz4.level = 9
	compression.type = none
	compression.zstd.level = 3
	connections.max.idle.ms = 10000
	delivery.timeout.ms = 120000
	enable.idempotence = true
	enable.metrics.push = true
	interceptor.classes = []
	key.serializer = class org.apache.kafka.common.serialization.StringSerializer
	linger.ms = 0
	max.block.ms = 60000
	max.in.flight.requests.per.connection = 5
	max.request.size = 1048576
	metadata.max.age.ms = 300000
	metadata.max.idle.ms = 300000
	metadata.recovery.strategy = none
	metric.reporters = []
	metrics.num.samples = 2
	metrics.recording.level = INFO
	metrics.sample.window.ms = 30000
	partitioner.adaptive.partitioning.enable = true
	partitioner.availability.timeout.ms = 0
	partitioner.class = null
	partitioner.ignore.keys = false
	receive.buffer.bytes = 32768
	reconnect.backoff.max.ms = 1000
	reconnect.backoff.ms = 50
	request.timeout.ms = 5000
	retries = 2147483647
	retry.backoff.max.ms = 1000
	retry.backoff.ms = 100
	sasl.client.callback.handler.class = null
	sasl.jaas.config = null
	sasl.kerberos.kinit.cmd = /usr/bin/kinit
	sasl.kerberos.min.time.before.relogin = 60000
	sasl.kerberos.service.name = null
	sasl.kerberos.ticket.renew.jitter = 0.05
	sasl.kerberos.ticket.renew.window.factor = 0.8
	sasl.login.callback.handler.class = null
	sasl.login.class = null
	sasl.login.connect.timeout.ms = null
	sasl.login.read.timeout.ms = null
	sasl.login.refresh.buffer.seconds = 300
	sasl.login.refresh.min.period.seconds = 60
	sasl.login.refresh.window.factor = 0.8
	sasl.login.refresh.window.jitter = 0.05
	sasl.login.retry.backoff.max.ms = 10000
	sasl.login.retry.backoff.ms = 100
	sasl.mechanism = GSSAPI
	sasl.oauthbearer.clock.skew.seconds = 30
	sasl.oauthbearer.expected.audience = null
	sasl.oauthbearer.expected.issuer = null
	sasl.oauthbearer.header.urlencode = false
	sasl.oauthbearer.jwks.endpoint.refresh.ms = 3600000
	sasl.oauthbearer.jwks.endpoint.retry.backoff.max.ms = 10000
	sasl.oauthbearer.jwks.endpoint.retry.backoff.ms = 100
	sasl.oauthbearer.jwks.endpoint.url = null
	sasl.oauthbearer.scope.claim.name = scope
	sasl.oauthbearer.sub.claim.name = sub
	sasl.oauthbearer.token.endpoint.url = null
	security.protocol = PLAINTEXT
	security.providers = null
	send.buffer.bytes = 131072
	socket.connection.setup.timeout.max.ms = 30000
	socket.connection.setup.timeout.ms = 10000
	ssl.cipher.suites = null
	ssl.enabled.protocols = [TLSv1.2, TLSv1.3]
	ssl.endpoint.identification.algorithm = https
	ssl.engine.factory.class = null
	ssl.key.password = null
	ssl.keymanager.algorithm = SunX509
	ssl.keystore.certificate.chain = null
	ssl.keystore.key = null
	ssl.keystore.location = null
	ssl.keystore.password = null
	ssl.keystore.type = JKS
	ssl.protocol = TLSv1.3
	ssl.provider = null
	ssl.secure.random.implementation = null
	ssl.trustmanager.algorithm = PKIX
	ssl.truststore.certificates = null
	ssl.truststore.location = null
	ssl.truststore.password = null
	ssl.truststore.type = JKS
	transaction.timeout.ms = 60000
	transactional.id = null
	value.serializer = class io.apicurio.registry.serde.avro.AvroKafkaSerializer

2025-08-13 02:19:41,445 INFO  [org.apa.kaf.com.tel.int.KafkaMetricsCollector] (main) initializing Kafka metrics collector
2025-08-13 02:19:41,451 INFO  [org.apa.kaf.cli.pro.KafkaProducer] (main) [Producer clientId=Producer-topic-c1325f1a_4427_4104_a1d3_dbd0af31a55a] Instantiated an idempotent producer.
2025-08-13 02:19:41,453 INFO  [org.apa.kaf.cli.pro.ProducerConfig] (main) These configurations '[apicurio.registry.url, apicurio.registry.artifact-resolver-strategy]' were supplied but are not used yet.
2025-08-13 02:19:41,453 INFO  [org.apa.kaf.com.uti.AppInfoParser] (main) Kafka version: 3.9.1
2025-08-13 02:19:41,453 INFO  [org.apa.kaf.com.uti.AppInfoParser] (main) Kafka commitId: f745dfdcee2b9851
2025-08-13 02:19:41,453 INFO  [org.apa.kaf.com.uti.AppInfoParser] (main) Kafka startTimeMs: 1755051581453
2025-08-13 02:19:41,453 INFO  [io.api.tes.ser.api.KafkaSerdesTester] (Thread-679) Sending message {"key11755051575409": "value-0"} to topic topic-c1325f1a_4427_4104_a1d3_dbd0af31a55a
2025-08-13 02:19:41,457 INFO  [org.apa.kaf.cli.Metadata] (kafka-producer-network-thread | Producer-topic-c1325f1a_4427_4104_a1d3_dbd0af31a55a) [Producer clientId=Producer-topic-c1325f1a_4427_4104_a1d3_dbd0af31a55a] Cluster ID: RhahJUjfTxKIJlGmUjwdsg
2025-08-13 02:19:41,457 INFO  [org.apa.kaf.cli.pro.int.TransactionManager] (kafka-producer-network-thread | Producer-topic-c1325f1a_4427_4104_a1d3_dbd0af31a55a) [Producer clientId=Producer-topic-c1325f1a_4427_4104_a1d3_dbd0af31a55a] ProducerId set to 14 with epoch 0
2025-08-13 02:19:41,457 INFO  [DefaultSchemaResolver] (Thread-679) Retrieving schema content using string: {"type":"record","name":"s7ac8146axa714x4bdbxaf84xc12bf5ab88d6","namespace":"ns_0cc77538_0ab5_489f_bf96_04f0822cbf08","fields":[{"name":"key11755051575409","type":"string"}]}
2025-08-13 02:19:41,510 INFO  [io.api.tes.ser.api.KafkaSerdesTester] (Thread-679) Sending message {"key11755051575409": "value-1"} to topic topic-c1325f1a_4427_4104_a1d3_dbd0af31a55a
2025-08-13 02:19:41,511 INFO  [io.api.tes.ser.api.KafkaSerdesTester] (Thread-679) Sending message {"key11755051575409": "value-2"} to topic topic-c1325f1a_4427_4104_a1d3_dbd0af31a55a
2025-08-13 02:19:41,512 INFO  [io.api.tes.ser.api.KafkaSerdesTester] (Thread-679) Sending message {"key11755051575409": "value-3"} to topic topic-c1325f1a_4427_4104_a1d3_dbd0af31a55a
2025-08-13 02:19:41,514 INFO  [io.api.tes.ser.api.KafkaSerdesTester] (Thread-679) Sending message {"key11755051575409": "value-4"} to topic topic-c1325f1a_4427_4104_a1d3_dbd0af31a55a
2025-08-13 02:19:41,515 INFO  [io.api.tes.ser.api.KafkaSerdesTester] (Thread-679) Sending message {"key11755051575409": "value-5"} to topic topic-c1325f1a_4427_4104_a1d3_dbd0af31a55a
2025-08-13 02:19:41,517 INFO  [io.api.tes.ser.api.KafkaSerdesTester] (Thread-679) Sending message {"key11755051575409": "value-6"} to topic topic-c1325f1a_4427_4104_a1d3_dbd0af31a55a
2025-08-13 02:19:41,518 INFO  [io.api.tes.ser.api.KafkaSerdesTester] (Thread-679) Sending message {"key11755051575409": "value-7"} to topic topic-c1325f1a_4427_4104_a1d3_dbd0af31a55a
2025-08-13 02:19:41,520 INFO  [io.api.tes.ser.api.KafkaSerdesTester] (Thread-679) Sending message {"key11755051575409": "value-8"} to topic topic-c1325f1a_4427_4104_a1d3_dbd0af31a55a
2025-08-13 02:19:41,521 INFO  [io.api.tes.ser.api.KafkaSerdesTester] (Thread-679) Sending message {"key11755051575409": "value-9"} to topic topic-c1325f1a_4427_4104_a1d3_dbd0af31a55a
2025-08-13 02:19:41,526 INFO  [io.api.tes.ser.api.KafkaSerdesTester] (Thread-679) Produced 10 messages
2025-08-13 02:19:41,526 INFO  [org.apa.kaf.cli.pro.KafkaProducer] (Thread-679) [Producer clientId=Producer-topic-c1325f1a_4427_4104_a1d3_dbd0af31a55a] Closing the Kafka producer with timeoutMillis = 9223372036854775807 ms.
2025-08-13 02:19:41,529 INFO  [org.apa.kaf.com.met.Metrics] (Thread-679) Metrics scheduler closed
2025-08-13 02:19:41,529 INFO  [org.apa.kaf.com.met.Metrics] (Thread-679) Closing reporter org.apache.kafka.common.metrics.JmxReporter
2025-08-13 02:19:41,529 INFO  [org.apa.kaf.com.met.Metrics] (Thread-679) Closing reporter org.apache.kafka.common.telemetry.internals.ClientTelemetryReporter
2025-08-13 02:19:41,529 INFO  [org.apa.kaf.com.met.Metrics] (Thread-679) Metrics reporters closed
2025-08-13 02:19:41,529 INFO  [org.apa.kaf.com.uti.AppInfoParser] (Thread-679) App info kafka.producer for Producer-topic-c1325f1a_4427_4104_a1d3_dbd0af31a55a unregistered
**** Registry Base URL: http://registry-app-ksql047.apps.ci419.apicurio-testing.org:80
2025-08-13 02:19:41,530 INFO  [org.apa.kaf.cli.con.ConsumerConfig] (main) ConsumerConfig values: 
	allow.auto.create.topics = true
	auto.commit.interval.ms = 500
	auto.include.jmx.reporter = true
	auto.offset.reset = earliest
	bootstrap.servers = [PLAINTEXT://localhost:32769]
	check.crcs = true
	client.dns.lookup = use_all_dns_ips
	client.id = consumer-Consumer-topic-c1325f1a_4427_4104_a1d3_dbd0af31a55a-11
	client.rack = 
	connections.max.idle.ms = 10000
	default.api.timeout.ms = 60000
	enable.auto.commit = true
	enable.metrics.push = true
	exclude.internal.topics = true
	fetch.max.bytes = 52428800
	fetch.max.wait.ms = 500
	fetch.min.bytes = 1
	group.id = Consumer-topic-c1325f1a_4427_4104_a1d3_dbd0af31a55a
	group.instance.id = null
	group.protocol = classic
	group.remote.assignor = null
	heartbeat.interval.ms = 3000
	interceptor.classes = []
	internal.leave.group.on.close = true
	internal.throw.on.fetch.stable.offset.unsupported = false
	isolation.level = read_uncommitted
	key.deserializer = class org.apache.kafka.common.serialization.StringDeserializer
	max.partition.fetch.bytes = 1048576
	max.poll.interval.ms = 300000
	max.poll.records = 500
	metadata.max.age.ms = 300000
	metadata.recovery.strategy = none
	metric.reporters = []
	metrics.num.samples = 2
	metrics.recording.level = INFO
	metrics.sample.window.ms = 30000
	partition.assignment.strategy = [class org.apache.kafka.clients.consumer.RangeAssignor, class org.apache.kafka.clients.consumer.CooperativeStickyAssignor]
	receive.buffer.bytes = 65536
	reconnect.backoff.max.ms = 1000
	reconnect.backoff.ms = 50
	request.timeout.ms = 5000
	retry.backoff.max.ms = 1000
	retry.backoff.ms = 100
	sasl.client.callback.handler.class = null
	sasl.jaas.config = null
	sasl.kerberos.kinit.cmd = /usr/bin/kinit
	sasl.kerberos.min.time.before.relogin = 60000
	sasl.kerberos.service.name = null
	sasl.kerberos.ticket.renew.jitter = 0.05
	sasl.kerberos.ticket.renew.window.factor = 0.8
	sasl.login.callback.handler.class = null
	sasl.login.class = null
	sasl.login.connect.timeout.ms = null
	sasl.login.read.timeout.ms = null
	sasl.login.refresh.buffer.seconds = 300
	sasl.login.refresh.min.period.seconds = 60
	sasl.login.refresh.window.factor = 0.8
	sasl.login.refresh.window.jitter = 0.05
	sasl.login.retry.backoff.max.ms = 10000
	sasl.login.retry.backoff.ms = 100
	sasl.mechanism = GSSAPI
	sasl.oauthbearer.clock.skew.seconds = 30
	sasl.oauthbearer.expected.audience = null
	sasl.oauthbearer.expected.issuer = null
	sasl.oauthbearer.header.urlencode = false
	sasl.oauthbearer.jwks.endpoint.refresh.ms = 3600000
	sasl.oauthbearer.jwks.endpoint.retry.backoff.max.ms = 10000
	sasl.oauthbearer.jwks.endpoint.retry.backoff.ms = 100
	sasl.oauthbearer.jwks.endpoint.url = null
	sasl.oauthbearer.scope.claim.name = scope
	sasl.oauthbearer.sub.claim.name = sub
	sasl.oauthbearer.token.endpoint.url = null
	security.protocol = PLAINTEXT
	security.providers = null
	send.buffer.bytes = 131072
	session.timeout.ms = 45000
	socket.connection.setup.timeout.max.ms = 30000
	socket.connection.setup.timeout.ms = 10000
	ssl.cipher.suites = null
	ssl.enabled.protocols = [TLSv1.2, TLSv1.3]
	ssl.endpoint.identification.algorithm = https
	ssl.engine.factory.class = null
	ssl.key.password = null
	ssl.keymanager.algorithm = SunX509
	ssl.keystore.certificate.chain = null
	ssl.keystore.key = null
	ssl.keystore.location = null
	ssl.keystore.password = null
	ssl.keystore.type = JKS
	ssl.protocol = TLSv1.3
	ssl.provider = null
	ssl.secure.random.implementation = null
	ssl.trustmanager.algorithm = PKIX
	ssl.truststore.certificates = null
	ssl.truststore.location = null
	ssl.truststore.password = null
	ssl.truststore.type = JKS
	value.deserializer = class io.apicurio.registry.serde.avro.AvroKafkaDeserializer

2025-08-13 02:19:41,530 INFO  [org.apa.kaf.com.tel.int.KafkaMetricsCollector] (main) initializing Kafka metrics collector
2025-08-13 02:19:41,538 INFO  [org.apa.kaf.cli.con.ConsumerConfig] (main) These configurations '[apicurio.registry.url]' were supplied but are not used yet.
2025-08-13 02:19:41,538 INFO  [org.apa.kaf.com.uti.AppInfoParser] (main) Kafka version: 3.9.1
2025-08-13 02:19:41,538 INFO  [org.apa.kaf.com.uti.AppInfoParser] (main) Kafka commitId: f745dfdcee2b9851
2025-08-13 02:19:41,538 INFO  [org.apa.kaf.com.uti.AppInfoParser] (main) Kafka startTimeMs: 1755051581538
2025-08-13 02:19:41,539 INFO  [org.apa.kaf.cli.con.int.ClassicKafkaConsumer] (Thread-682) [Consumer clientId=consumer-Consumer-topic-c1325f1a_4427_4104_a1d3_dbd0af31a55a-11, groupId=Consumer-topic-c1325f1a_4427_4104_a1d3_dbd0af31a55a] Subscribed to topic(s): topic-c1325f1a_4427_4104_a1d3_dbd0af31a55a
2025-08-13 02:19:41,547 INFO  [org.apa.kaf.cli.Metadata] (Thread-682) [Consumer clientId=consumer-Consumer-topic-c1325f1a_4427_4104_a1d3_dbd0af31a55a-11, groupId=Consumer-topic-c1325f1a_4427_4104_a1d3_dbd0af31a55a] Cluster ID: RhahJUjfTxKIJlGmUjwdsg
2025-08-13 02:19:41,548 INFO  [org.apa.kaf.cli.con.int.ConsumerCoordinator] (Thread-682) [Consumer clientId=consumer-Consumer-topic-c1325f1a_4427_4104_a1d3_dbd0af31a55a-11, groupId=Consumer-topic-c1325f1a_4427_4104_a1d3_dbd0af31a55a] Discovered group coordinator localhost:32769 (id: 2147483647 rack: null)
2025-08-13 02:19:41,549 INFO  [org.apa.kaf.cli.con.int.ConsumerCoordinator] (Thread-682) [Consumer clientId=consumer-Consumer-topic-c1325f1a_4427_4104_a1d3_dbd0af31a55a-11, groupId=Consumer-topic-c1325f1a_4427_4104_a1d3_dbd0af31a55a] (Re-)joining group
2025-08-13 02:19:41,552 INFO  [org.apa.kaf.cli.con.int.ConsumerCoordinator] (Thread-682) [Consumer clientId=consumer-Consumer-topic-c1325f1a_4427_4104_a1d3_dbd0af31a55a-11, groupId=Consumer-topic-c1325f1a_4427_4104_a1d3_dbd0af31a55a] Request joining group due to: need to re-join with the given member-id: consumer-Consumer-topic-c1325f1a_4427_4104_a1d3_dbd0af31a55a-11-a348af8e-ebfc-4a56-a61c-8db3953cab1f
2025-08-13 02:19:41,552 INFO  [org.apa.kaf.cli.con.int.ConsumerCoordinator] (Thread-682) [Consumer clientId=consumer-Consumer-topic-c1325f1a_4427_4104_a1d3_dbd0af31a55a-11, groupId=Consumer-topic-c1325f1a_4427_4104_a1d3_dbd0af31a55a] (Re-)joining group
2025-08-13 02:19:42,539 INFO  [io.api.tes.ser.api.KafkaSerdesTester] (Thread-682) None found
2025-08-13 02:19:43,539 INFO  [io.api.tes.ser.api.KafkaSerdesTester] (Thread-682) None found
2025-08-13 02:19:44,539 INFO  [io.api.tes.ser.api.KafkaSerdesTester] (Thread-682) None found
2025-08-13 02:19:44,553 INFO  [org.apa.kaf.cli.con.int.ConsumerCoordinator] (Thread-682) [Consumer clientId=consumer-Consumer-topic-c1325f1a_4427_4104_a1d3_dbd0af31a55a-11, groupId=Consumer-topic-c1325f1a_4427_4104_a1d3_dbd0af31a55a] Successfully joined group with generation Generation{generationId=3, memberId='consumer-Consumer-topic-c1325f1a_4427_4104_a1d3_dbd0af31a55a-11-a348af8e-ebfc-4a56-a61c-8db3953cab1f', protocol='range'}
2025-08-13 02:19:44,553 INFO  [org.apa.kaf.cli.con.int.ConsumerCoordinator] (Thread-682) [Consumer clientId=consumer-Consumer-topic-c1325f1a_4427_4104_a1d3_dbd0af31a55a-11, groupId=Consumer-topic-c1325f1a_4427_4104_a1d3_dbd0af31a55a] Finished assignment for group at generation 3: {consumer-Consumer-topic-c1325f1a_4427_4104_a1d3_dbd0af31a55a-11-a348af8e-ebfc-4a56-a61c-8db3953cab1f=Assignment(partitions=[topic-c1325f1a_4427_4104_a1d3_dbd0af31a55a-0])}
2025-08-13 02:19:44,561 INFO  [org.apa.kaf.cli.con.int.ConsumerCoordinator] (kafka-coordinator-heartbeat-thread | Consumer-topic-c1325f1a_4427_4104_a1d3_dbd0af31a55a) [Consumer clientId=consumer-Consumer-topic-c1325f1a_4427_4104_a1d3_dbd0af31a55a-11, groupId=Consumer-topic-c1325f1a_4427_4104_a1d3_dbd0af31a55a] Successfully synced group in generation Generation{generationId=3, memberId='consumer-Consumer-topic-c1325f1a_4427_4104_a1d3_dbd0af31a55a-11-a348af8e-ebfc-4a56-a61c-8db3953cab1f', protocol='range'}
2025-08-13 02:19:44,561 INFO  [org.apa.kaf.cli.con.int.ConsumerCoordinator] (Thread-682) [Consumer clientId=consumer-Consumer-topic-c1325f1a_4427_4104_a1d3_dbd0af31a55a-11, groupId=Consumer-topic-c1325f1a_4427_4104_a1d3_dbd0af31a55a] Notifying assignor about the new Assignment(partitions=[topic-c1325f1a_4427_4104_a1d3_dbd0af31a55a-0])
2025-08-13 02:19:44,561 INFO  [org.apa.kaf.cli.con.int.ConsumerRebalanceListenerInvoker] (Thread-682) [Consumer clientId=consumer-Consumer-topic-c1325f1a_4427_4104_a1d3_dbd0af31a55a-11, groupId=Consumer-topic-c1325f1a_4427_4104_a1d3_dbd0af31a55a] Adding newly assigned partitions: topic-c1325f1a_4427_4104_a1d3_dbd0af31a55a-0
2025-08-13 02:19:44,562 INFO  [org.apa.kaf.cli.con.int.ConsumerUtils] (Thread-682) Setting offset for partition topic-c1325f1a_4427_4104_a1d3_dbd0af31a55a-0 to the committed offset FetchPosition{offset=10, offsetEpoch=Optional[0], currentLeader=LeaderAndEpoch{leader=Optional[localhost:32769 (id: 0 rack: null)], epoch=0}}
2025-08-13 02:19:44,698 INFO  [io.api.tes.ser.api.KafkaSerdesTester] (Thread-682) topic-c1325f1a_4427_4104_a1d3_dbd0af31a55a 0 10 {"key11755051575409": "value-0", "key21755051580238": "value-0"}
2025-08-13 02:19:44,698 INFO  [io.api.tes.ser.api.KafkaSerdesTester] (Thread-682) topic-c1325f1a_4427_4104_a1d3_dbd0af31a55a 0 11 {"key11755051575409": "value-1", "key21755051580238": "value-1"}
2025-08-13 02:19:44,698 INFO  [io.api.tes.ser.api.KafkaSerdesTester] (Thread-682) topic-c1325f1a_4427_4104_a1d3_dbd0af31a55a 0 12 {"key11755051575409": "value-2", "key21755051580238": "value-2"}
2025-08-13 02:19:44,699 INFO  [io.api.tes.ser.api.KafkaSerdesTester] (Thread-682) topic-c1325f1a_4427_4104_a1d3_dbd0af31a55a 0 13 {"key11755051575409": "value-3", "key21755051580238": "value-3"}
2025-08-13 02:19:44,699 INFO  [io.api.tes.ser.api.KafkaSerdesTester] (Thread-682) topic-c1325f1a_4427_4104_a1d3_dbd0af31a55a 0 14 {"key11755051575409": "value-4", "key21755051580238": "value-4"}
2025-08-13 02:19:44,699 INFO  [io.api.tes.ser.api.KafkaSerdesTester] (Thread-682) topic-c1325f1a_4427_4104_a1d3_dbd0af31a55a 0 15 {"key11755051575409": "value-5", "key21755051580238": "value-5"}
2025-08-13 02:19:44,699 INFO  [io.api.tes.ser.api.KafkaSerdesTester] (Thread-682) topic-c1325f1a_4427_4104_a1d3_dbd0af31a55a 0 16 {"key11755051575409": "value-6", "key21755051580238": "value-6"}
2025-08-13 02:19:44,699 INFO  [io.api.tes.ser.api.KafkaSerdesTester] (Thread-682) topic-c1325f1a_4427_4104_a1d3_dbd0af31a55a 0 17 {"key11755051575409": "value-7", "key21755051580238": "value-7"}
2025-08-13 02:19:44,699 INFO  [io.api.tes.ser.api.KafkaSerdesTester] (Thread-682) topic-c1325f1a_4427_4104_a1d3_dbd0af31a55a 0 18 {"key11755051575409": "value-8", "key21755051580238": "value-8"}
2025-08-13 02:19:44,699 INFO  [io.api.tes.ser.api.KafkaSerdesTester] (Thread-682) topic-c1325f1a_4427_4104_a1d3_dbd0af31a55a 0 19 {"key11755051575409": "value-9", "key21755051580238": "value-9"}
2025-08-13 02:19:44,699 INFO  [io.api.tes.ser.api.KafkaSerdesTester] (Thread-682) topic-c1325f1a_4427_4104_a1d3_dbd0af31a55a 0 20 {"key11755051575409": "value-0"}
2025-08-13 02:19:44,699 INFO  [io.api.tes.ser.api.KafkaSerdesTester] (Thread-682) topic-c1325f1a_4427_4104_a1d3_dbd0af31a55a 0 21 {"key11755051575409": "value-1"}
2025-08-13 02:19:44,699 INFO  [io.api.tes.ser.api.KafkaSerdesTester] (Thread-682) topic-c1325f1a_4427_4104_a1d3_dbd0af31a55a 0 22 {"key11755051575409": "value-2"}
2025-08-13 02:19:44,699 INFO  [io.api.tes.ser.api.KafkaSerdesTester] (Thread-682) topic-c1325f1a_4427_4104_a1d3_dbd0af31a55a 0 23 {"key11755051575409": "value-3"}
2025-08-13 02:19:44,699 INFO  [io.api.tes.ser.api.KafkaSerdesTester] (Thread-682) topic-c1325f1a_4427_4104_a1d3_dbd0af31a55a 0 24 {"key11755051575409": "value-4"}
2025-08-13 02:19:44,699 INFO  [io.api.tes.ser.api.KafkaSerdesTester] (Thread-682) topic-c1325f1a_4427_4104_a1d3_dbd0af31a55a 0 25 {"key11755051575409": "value-5"}
2025-08-13 02:19:44,699 INFO  [io.api.tes.ser.api.KafkaSerdesTester] (Thread-682) topic-c1325f1a_4427_4104_a1d3_dbd0af31a55a 0 26 {"key11755051575409": "value-6"}
2025-08-13 02:19:44,699 INFO  [io.api.tes.ser.api.KafkaSerdesTester] (Thread-682) topic-c1325f1a_4427_4104_a1d3_dbd0af31a55a 0 27 {"key11755051575409": "value-7"}
2025-08-13 02:19:44,699 INFO  [io.api.tes.ser.api.KafkaSerdesTester] (Thread-682) topic-c1325f1a_4427_4104_a1d3_dbd0af31a55a 0 28 {"key11755051575409": "value-8"}
2025-08-13 02:19:44,699 INFO  [io.api.tes.ser.api.KafkaSerdesTester] (Thread-682) topic-c1325f1a_4427_4104_a1d3_dbd0af31a55a 0 29 {"key11755051575409": "value-9"}
2025-08-13 02:19:44,699 INFO  [io.api.tes.ser.api.KafkaSerdesTester] (Thread-682) Consumed 20 messages
2025-08-13 02:19:44,705 INFO  [org.apa.kaf.cli.con.int.ConsumerRebalanceListenerInvoker] (Thread-682) [Consumer clientId=consumer-Consumer-topic-c1325f1a_4427_4104_a1d3_dbd0af31a55a-11, groupId=Consumer-topic-c1325f1a_4427_4104_a1d3_dbd0af31a55a] Revoke previously assigned partitions topic-c1325f1a_4427_4104_a1d3_dbd0af31a55a-0
2025-08-13 02:19:44,705 INFO  [org.apa.kaf.cli.con.int.ConsumerCoordinator] (Thread-682) [Consumer clientId=consumer-Consumer-topic-c1325f1a_4427_4104_a1d3_dbd0af31a55a-11, groupId=Consumer-topic-c1325f1a_4427_4104_a1d3_dbd0af31a55a] Member consumer-Consumer-topic-c1325f1a_4427_4104_a1d3_dbd0af31a55a-11-a348af8e-ebfc-4a56-a61c-8db3953cab1f sending LeaveGroup request to coordinator localhost:32769 (id: 2147483647 rack: null) due to the consumer is being closed
2025-08-13 02:19:44,706 INFO  [org.apa.kaf.cli.con.int.ConsumerCoordinator] (Thread-682) [Consumer clientId=consumer-Consumer-topic-c1325f1a_4427_4104_a1d3_dbd0af31a55a-11, groupId=Consumer-topic-c1325f1a_4427_4104_a1d3_dbd0af31a55a] Resetting generation and member id due to: consumer pro-actively leaving the group
2025-08-13 02:19:44,706 INFO  [org.apa.kaf.cli.con.int.ConsumerCoordinator] (Thread-682) [Consumer clientId=consumer-Consumer-topic-c1325f1a_4427_4104_a1d3_dbd0af31a55a-11, groupId=Consumer-topic-c1325f1a_4427_4104_a1d3_dbd0af31a55a] Request joining group due to: consumer pro-actively leaving the group
2025-08-13 02:19:45,202 INFO  [org.apa.kaf.com.met.Metrics] (Thread-682) Metrics scheduler closed
2025-08-13 02:19:45,202 INFO  [org.apa.kaf.com.met.Metrics] (Thread-682) Closing reporter org.apache.kafka.common.metrics.JmxReporter
2025-08-13 02:19:45,202 INFO  [org.apa.kaf.com.met.Metrics] (Thread-682) Closing reporter org.apache.kafka.common.telemetry.internals.ClientTelemetryReporter
2025-08-13 02:19:45,202 INFO  [org.apa.kaf.com.met.Metrics] (Thread-682) Metrics reporters closed
2025-08-13 02:19:45,207 INFO  [org.apa.kaf.com.uti.AppInfoParser] (Thread-682) App info kafka.consumer for consumer-Consumer-topic-c1325f1a_4427_4104_a1d3_dbd0af31a55a-11 unregistered
2025-08-13 02:19:45,208 INFO  [io.api.tes.ser.api.AvroSerdeIT] (main) Registering Avro Schema 3: {"type":"record","name":"s7ac8146axa714x4bdbxaf84xc12bf5ab88d6","namespace":"ns_0cc77538_0ab5_489f_bf96_04f0822cbf08","fields":[{"name":"key11755051575409","type":"string"},{"name":"key21755051580238","type":"string"},{"name":"key31755051585207","type":"string"}]}
**** Registry Base URL: http://registry-app-ksql047.apps.ci419.apicurio-testing.org:80
2025-08-13 02:19:46,297 INFO  [org.apa.kaf.cli.pro.ProducerConfig] (main) ProducerConfig values: 
	acks = -1
	auto.include.jmx.reporter = true
	batch.size = 16384
	bootstrap.servers = [PLAINTEXT://localhost:32769]
	buffer.memory = 33554432
	client.dns.lookup = use_all_dns_ips
	client.id = Producer-topic-c1325f1a_4427_4104_a1d3_dbd0af31a55a
	compression.gzip.level = -1
	compression.lz4.level = 9
	compression.type = none
	compression.zstd.level = 3
	connections.max.idle.ms = 10000
	delivery.timeout.ms = 120000
	enable.idempotence = true
	enable.metrics.push = true
	interceptor.classes = []
	key.serializer = class org.apache.kafka.common.serialization.StringSerializer
	linger.ms = 0
	max.block.ms = 60000
	max.in.flight.requests.per.connection = 5
	max.request.size = 1048576
	metadata.max.age.ms = 300000
	metadata.max.idle.ms = 300000
	metadata.recovery.strategy = none
	metric.reporters = []
	metrics.num.samples = 2
	metrics.recording.level = INFO
	metrics.sample.window.ms = 30000
	partitioner.adaptive.partitioning.enable = true
	partitioner.availability.timeout.ms = 0
	partitioner.class = null
	partitioner.ignore.keys = false
	receive.buffer.bytes = 32768
	reconnect.backoff.max.ms = 1000
	reconnect.backoff.ms = 50
	request.timeout.ms = 5000
	retries = 2147483647
	retry.backoff.max.ms = 1000
	retry.backoff.ms = 100
	sasl.client.callback.handler.class = null
	sasl.jaas.config = null
	sasl.kerberos.kinit.cmd = /usr/bin/kinit
	sasl.kerberos.min.time.before.relogin = 60000
	sasl.kerberos.service.name = null
	sasl.kerberos.ticket.renew.jitter = 0.05
	sasl.kerberos.ticket.renew.window.factor = 0.8
	sasl.login.callback.handler.class = null
	sasl.login.class = null
	sasl.login.connect.timeout.ms = null
	sasl.login.read.timeout.ms = null
	sasl.login.refresh.buffer.seconds = 300
	sasl.login.refresh.min.period.seconds = 60
	sasl.login.refresh.window.factor = 0.8
	sasl.login.refresh.window.jitter = 0.05
	sasl.login.retry.backoff.max.ms = 10000
	sasl.login.retry.backoff.ms = 100
	sasl.mechanism = GSSAPI
	sasl.oauthbearer.clock.skew.seconds = 30
	sasl.oauthbearer.expected.audience = null
	sasl.oauthbearer.expected.issuer = null
	sasl.oauthbearer.header.urlencode = false
	sasl.oauthbearer.jwks.endpoint.refresh.ms = 3600000
	sasl.oauthbearer.jwks.endpoint.retry.backoff.max.ms = 10000
	sasl.oauthbearer.jwks.endpoint.retry.backoff.ms = 100
	sasl.oauthbearer.jwks.endpoint.url = null
	sasl.oauthbearer.scope.claim.name = scope
	sasl.oauthbearer.sub.claim.name = sub
	sasl.oauthbearer.token.endpoint.url = null
	security.protocol = PLAINTEXT
	security.providers = null
	send.buffer.bytes = 131072
	socket.connection.setup.timeout.max.ms = 30000
	socket.connection.setup.timeout.ms = 10000
	ssl.cipher.suites = null
	ssl.enabled.protocols = [TLSv1.2, TLSv1.3]
	ssl.endpoint.identification.algorithm = https
	ssl.engine.factory.class = null
	ssl.key.password = null
	ssl.keymanager.algorithm = SunX509
	ssl.keystore.certificate.chain = null
	ssl.keystore.key = null
	ssl.keystore.location = null
	ssl.keystore.password = null
	ssl.keystore.type = JKS
	ssl.protocol = TLSv1.3
	ssl.provider = null
	ssl.secure.random.implementation = null
	ssl.trustmanager.algorithm = PKIX
	ssl.truststore.certificates = null
	ssl.truststore.location = null
	ssl.truststore.password = null
	ssl.truststore.type = JKS
	transaction.timeout.ms = 60000
	transactional.id = null
	value.serializer = class io.apicurio.registry.serde.avro.AvroKafkaSerializer

2025-08-13 02:19:46,297 INFO  [org.apa.kaf.com.tel.int.KafkaMetricsCollector] (main) initializing Kafka metrics collector
2025-08-13 02:19:46,301 INFO  [org.apa.kaf.cli.pro.KafkaProducer] (main) [Producer clientId=Producer-topic-c1325f1a_4427_4104_a1d3_dbd0af31a55a] Instantiated an idempotent producer.
2025-08-13 02:19:46,303 INFO  [org.apa.kaf.cli.pro.ProducerConfig] (main) These configurations '[apicurio.registry.url, apicurio.registry.artifact-resolver-strategy]' were supplied but are not used yet.
2025-08-13 02:19:46,303 INFO  [org.apa.kaf.com.uti.AppInfoParser] (main) Kafka version: 3.9.1
2025-08-13 02:19:46,303 INFO  [org.apa.kaf.com.uti.AppInfoParser] (main) Kafka commitId: f745dfdcee2b9851
2025-08-13 02:19:46,303 INFO  [org.apa.kaf.com.uti.AppInfoParser] (main) Kafka startTimeMs: 1755051586303
2025-08-13 02:19:46,304 INFO  [io.api.tes.ser.api.KafkaSerdesTester] (Thread-685) Sending message {"key11755051575409": "value-0", "key21755051580238": "value-0", "key31755051585207": "value-0"} to topic topic-c1325f1a_4427_4104_a1d3_dbd0af31a55a
2025-08-13 02:19:46,320 INFO  [org.apa.kaf.cli.Metadata] (kafka-producer-network-thread | Producer-topic-c1325f1a_4427_4104_a1d3_dbd0af31a55a) [Producer clientId=Producer-topic-c1325f1a_4427_4104_a1d3_dbd0af31a55a] Cluster ID: RhahJUjfTxKIJlGmUjwdsg
2025-08-13 02:19:46,320 INFO  [org.apa.kaf.cli.pro.int.TransactionManager] (kafka-producer-network-thread | Producer-topic-c1325f1a_4427_4104_a1d3_dbd0af31a55a) [Producer clientId=Producer-topic-c1325f1a_4427_4104_a1d3_dbd0af31a55a] ProducerId set to 15 with epoch 0
2025-08-13 02:19:46,321 INFO  [DefaultSchemaResolver] (Thread-685) Retrieving schema content using string: {"type":"record","name":"s7ac8146axa714x4bdbxaf84xc12bf5ab88d6","namespace":"ns_0cc77538_0ab5_489f_bf96_04f0822cbf08","fields":[{"name":"key11755051575409","type":"string"},{"name":"key21755051580238","type":"string"},{"name":"key31755051585207","type":"string"}]}
2025-08-13 02:19:46,381 INFO  [io.api.tes.ser.api.KafkaSerdesTester] (Thread-685) Sending message {"key11755051575409": "value-1", "key21755051580238": "value-1", "key31755051585207": "value-1"} to topic topic-c1325f1a_4427_4104_a1d3_dbd0af31a55a
2025-08-13 02:19:46,384 INFO  [io.api.tes.ser.api.KafkaSerdesTester] (Thread-685) Sending message {"key11755051575409": "value-2", "key21755051580238": "value-2", "key31755051585207": "value-2"} to topic topic-c1325f1a_4427_4104_a1d3_dbd0af31a55a
2025-08-13 02:19:46,387 INFO  [io.api.tes.ser.api.KafkaSerdesTester] (Thread-685) Sending message {"key11755051575409": "value-3", "key21755051580238": "value-3", "key31755051585207": "value-3"} to topic topic-c1325f1a_4427_4104_a1d3_dbd0af31a55a
2025-08-13 02:19:46,389 INFO  [io.api.tes.ser.api.KafkaSerdesTester] (Thread-685) Sending message {"key11755051575409": "value-4", "key21755051580238": "value-4", "key31755051585207": "value-4"} to topic topic-c1325f1a_4427_4104_a1d3_dbd0af31a55a
2025-08-13 02:19:46,392 INFO  [io.api.tes.ser.api.KafkaSerdesTester] (Thread-685) Sending message {"key11755051575409": "value-5", "key21755051580238": "value-5", "key31755051585207": "value-5"} to topic topic-c1325f1a_4427_4104_a1d3_dbd0af31a55a
2025-08-13 02:19:46,394 INFO  [io.api.tes.ser.api.KafkaSerdesTester] (Thread-685) Sending message {"key11755051575409": "value-6", "key21755051580238": "value-6", "key31755051585207": "value-6"} to topic topic-c1325f1a_4427_4104_a1d3_dbd0af31a55a
2025-08-13 02:19:46,402 INFO  [io.api.tes.ser.api.KafkaSerdesTester] (Thread-685) Sending message {"key11755051575409": "value-7", "key21755051580238": "value-7", "key31755051585207": "value-7"} to topic topic-c1325f1a_4427_4104_a1d3_dbd0af31a55a
2025-08-13 02:19:46,406 INFO  [io.api.tes.ser.api.KafkaSerdesTester] (Thread-685) Sending message {"key11755051575409": "value-8", "key21755051580238": "value-8", "key31755051585207": "value-8"} to topic topic-c1325f1a_4427_4104_a1d3_dbd0af31a55a
2025-08-13 02:19:46,407 INFO  [io.api.tes.ser.api.KafkaSerdesTester] (Thread-685) Sending message {"key11755051575409": "value-9", "key21755051580238": "value-9", "key31755051585207": "value-9"} to topic topic-c1325f1a_4427_4104_a1d3_dbd0af31a55a
2025-08-13 02:19:46,408 INFO  [io.api.tes.ser.api.KafkaSerdesTester] (Thread-685) Produced 10 messages
2025-08-13 02:19:46,409 INFO  [org.apa.kaf.cli.pro.KafkaProducer] (Thread-685) [Producer clientId=Producer-topic-c1325f1a_4427_4104_a1d3_dbd0af31a55a] Closing the Kafka producer with timeoutMillis = 9223372036854775807 ms.
2025-08-13 02:19:46,411 INFO  [org.apa.kaf.com.met.Metrics] (Thread-685) Metrics scheduler closed
2025-08-13 02:19:46,411 INFO  [org.apa.kaf.com.met.Metrics] (Thread-685) Closing reporter org.apache.kafka.common.metrics.JmxReporter
2025-08-13 02:19:46,411 INFO  [org.apa.kaf.com.met.Metrics] (Thread-685) Closing reporter org.apache.kafka.common.telemetry.internals.ClientTelemetryReporter
2025-08-13 02:19:46,411 INFO  [org.apa.kaf.com.met.Metrics] (Thread-685) Metrics reporters closed
2025-08-13 02:19:46,424 INFO  [org.apa.kaf.com.uti.AppInfoParser] (Thread-685) App info kafka.producer for Producer-topic-c1325f1a_4427_4104_a1d3_dbd0af31a55a unregistered
**** Registry Base URL: http://registry-app-ksql047.apps.ci419.apicurio-testing.org:80
2025-08-13 02:19:46,425 INFO  [org.apa.kaf.cli.pro.ProducerConfig] (main) ProducerConfig values: 
	acks = -1
	auto.include.jmx.reporter = true
	batch.size = 16384
	bootstrap.servers = [PLAINTEXT://localhost:32769]
	buffer.memory = 33554432
	client.dns.lookup = use_all_dns_ips
	client.id = Producer-topic-c1325f1a_4427_4104_a1d3_dbd0af31a55a
	compression.gzip.level = -1
	compression.lz4.level = 9
	compression.type = none
	compression.zstd.level = 3
	connections.max.idle.ms = 10000
	delivery.timeout.ms = 120000
	enable.idempotence = true
	enable.metrics.push = true
	interceptor.classes = []
	key.serializer = class org.apache.kafka.common.serialization.StringSerializer
	linger.ms = 0
	max.block.ms = 60000
	max.in.flight.requests.per.connection = 5
	max.request.size = 1048576
	metadata.max.age.ms = 300000
	metadata.max.idle.ms = 300000
	metadata.recovery.strategy = none
	metric.reporters = []
	metrics.num.samples = 2
	metrics.recording.level = INFO
	metrics.sample.window.ms = 30000
	partitioner.adaptive.partitioning.enable = true
	partitioner.availability.timeout.ms = 0
	partitioner.class = null
	partitioner.ignore.keys = false
	receive.buffer.bytes = 32768
	reconnect.backoff.max.ms = 1000
	reconnect.backoff.ms = 50
	request.timeout.ms = 5000
	retries = 2147483647
	retry.backoff.max.ms = 1000
	retry.backoff.ms = 100
	sasl.client.callback.handler.class = null
	sasl.jaas.config = null
	sasl.kerberos.kinit.cmd = /usr/bin/kinit
	sasl.kerberos.min.time.before.relogin = 60000
	sasl.kerberos.service.name = null
	sasl.kerberos.ticket.renew.jitter = 0.05
	sasl.kerberos.ticket.renew.window.factor = 0.8
	sasl.login.callback.handler.class = null
	sasl.login.class = null
	sasl.login.connect.timeout.ms = null
	sasl.login.read.timeout.ms = null
	sasl.login.refresh.buffer.seconds = 300
	sasl.login.refresh.min.period.seconds = 60
	sasl.login.refresh.window.factor = 0.8
	sasl.login.refresh.window.jitter = 0.05
	sasl.login.retry.backoff.max.ms = 10000
	sasl.login.retry.backoff.ms = 100
	sasl.mechanism = GSSAPI
	sasl.oauthbearer.clock.skew.seconds = 30
	sasl.oauthbearer.expected.audience = null
	sasl.oauthbearer.expected.issuer = null
	sasl.oauthbearer.header.urlencode = false
	sasl.oauthbearer.jwks.endpoint.refresh.ms = 3600000
	sasl.oauthbearer.jwks.endpoint.retry.backoff.max.ms = 10000
	sasl.oauthbearer.jwks.endpoint.retry.backoff.ms = 100
	sasl.oauthbearer.jwks.endpoint.url = null
	sasl.oauthbearer.scope.claim.name = scope
	sasl.oauthbearer.sub.claim.name = sub
	sasl.oauthbearer.token.endpoint.url = null
	security.protocol = PLAINTEXT
	security.providers = null
	send.buffer.bytes = 131072
	socket.connection.setup.timeout.max.ms = 30000
	socket.connection.setup.timeout.ms = 10000
	ssl.cipher.suites = null
	ssl.enabled.protocols = [TLSv1.2, TLSv1.3]
	ssl.endpoint.identification.algorithm = https
	ssl.engine.factory.class = null
	ssl.key.password = null
	ssl.keymanager.algorithm = SunX509
	ssl.keystore.certificate.chain = null
	ssl.keystore.key = null
	ssl.keystore.location = null
	ssl.keystore.password = null
	ssl.keystore.type = JKS
	ssl.protocol = TLSv1.3
	ssl.provider = null
	ssl.secure.random.implementation = null
	ssl.trustmanager.algorithm = PKIX
	ssl.truststore.certificates = null
	ssl.truststore.location = null
	ssl.truststore.password = null
	ssl.truststore.type = JKS
	transaction.timeout.ms = 60000
	transactional.id = null
	value.serializer = class io.apicurio.registry.serde.avro.AvroKafkaSerializer

2025-08-13 02:19:46,425 INFO  [org.apa.kaf.com.tel.int.KafkaMetricsCollector] (main) initializing Kafka metrics collector
2025-08-13 02:19:46,432 INFO  [org.apa.kaf.cli.pro.KafkaProducer] (main) [Producer clientId=Producer-topic-c1325f1a_4427_4104_a1d3_dbd0af31a55a] Instantiated an idempotent producer.
2025-08-13 02:19:46,436 INFO  [org.apa.kaf.cli.pro.ProducerConfig] (main) These configurations '[apicurio.registry.url, apicurio.registry.artifact-resolver-strategy]' were supplied but are not used yet.
2025-08-13 02:19:46,436 INFO  [org.apa.kaf.com.uti.AppInfoParser] (main) Kafka version: 3.9.1
2025-08-13 02:19:46,436 INFO  [org.apa.kaf.com.uti.AppInfoParser] (main) Kafka commitId: f745dfdcee2b9851
2025-08-13 02:19:46,436 INFO  [org.apa.kaf.com.uti.AppInfoParser] (main) Kafka startTimeMs: 1755051586436
2025-08-13 02:19:46,440 INFO  [io.api.tes.ser.api.KafkaSerdesTester] (Thread-688) Sending message {"key11755051575409": "value-0", "key21755051580238": "value-0"} to topic topic-c1325f1a_4427_4104_a1d3_dbd0af31a55a
2025-08-13 02:19:46,440 INFO  [org.apa.kaf.cli.Metadata] (kafka-producer-network-thread | Producer-topic-c1325f1a_4427_4104_a1d3_dbd0af31a55a) [Producer clientId=Producer-topic-c1325f1a_4427_4104_a1d3_dbd0af31a55a] Cluster ID: RhahJUjfTxKIJlGmUjwdsg
2025-08-13 02:19:46,441 INFO  [org.apa.kaf.cli.pro.int.TransactionManager] (kafka-producer-network-thread | Producer-topic-c1325f1a_4427_4104_a1d3_dbd0af31a55a) [Producer clientId=Producer-topic-c1325f1a_4427_4104_a1d3_dbd0af31a55a] ProducerId set to 16 with epoch 0
2025-08-13 02:19:46,446 INFO  [DefaultSchemaResolver] (Thread-688) Retrieving schema content using string: {"type":"record","name":"s7ac8146axa714x4bdbxaf84xc12bf5ab88d6","namespace":"ns_0cc77538_0ab5_489f_bf96_04f0822cbf08","fields":[{"name":"key11755051575409","type":"string"},{"name":"key21755051580238","type":"string"}]}
2025-08-13 02:19:46,504 INFO  [io.api.tes.ser.api.KafkaSerdesTester] (Thread-688) Sending message {"key11755051575409": "value-1", "key21755051580238": "value-1"} to topic topic-c1325f1a_4427_4104_a1d3_dbd0af31a55a
2025-08-13 02:19:46,506 INFO  [io.api.tes.ser.api.KafkaSerdesTester] (Thread-688) Sending message {"key11755051575409": "value-2", "key21755051580238": "value-2"} to topic topic-c1325f1a_4427_4104_a1d3_dbd0af31a55a
2025-08-13 02:19:46,509 INFO  [io.api.tes.ser.api.KafkaSerdesTester] (Thread-688) Sending message {"key11755051575409": "value-3", "key21755051580238": "value-3"} to topic topic-c1325f1a_4427_4104_a1d3_dbd0af31a55a
2025-08-13 02:19:46,514 INFO  [io.api.tes.ser.api.KafkaSerdesTester] (Thread-688) Sending message {"key11755051575409": "value-4", "key21755051580238": "value-4"} to topic topic-c1325f1a_4427_4104_a1d3_dbd0af31a55a
2025-08-13 02:19:46,516 INFO  [io.api.tes.ser.api.KafkaSerdesTester] (Thread-688) Sending message {"key11755051575409": "value-5", "key21755051580238": "value-5"} to topic topic-c1325f1a_4427_4104_a1d3_dbd0af31a55a
2025-08-13 02:19:46,519 INFO  [io.api.tes.ser.api.KafkaSerdesTester] (Thread-688) Sending message {"key11755051575409": "value-6", "key21755051580238": "value-6"} to topic topic-c1325f1a_4427_4104_a1d3_dbd0af31a55a
2025-08-13 02:19:46,521 INFO  [io.api.tes.ser.api.KafkaSerdesTester] (Thread-688) Sending message {"key11755051575409": "value-7", "key21755051580238": "value-7"} to topic topic-c1325f1a_4427_4104_a1d3_dbd0af31a55a
2025-08-13 02:19:46,525 INFO  [io.api.tes.ser.api.KafkaSerdesTester] (Thread-688) Sending message {"key11755051575409": "value-8", "key21755051580238": "value-8"} to topic topic-c1325f1a_4427_4104_a1d3_dbd0af31a55a
2025-08-13 02:19:46,527 INFO  [io.api.tes.ser.api.KafkaSerdesTester] (Thread-688) Sending message {"key11755051575409": "value-9", "key21755051580238": "value-9"} to topic topic-c1325f1a_4427_4104_a1d3_dbd0af31a55a
2025-08-13 02:19:46,529 INFO  [io.api.tes.ser.api.KafkaSerdesTester] (Thread-688) Produced 10 messages
2025-08-13 02:19:46,530 INFO  [org.apa.kaf.cli.pro.KafkaProducer] (Thread-688) [Producer clientId=Producer-topic-c1325f1a_4427_4104_a1d3_dbd0af31a55a] Closing the Kafka producer with timeoutMillis = 9223372036854775807 ms.
2025-08-13 02:19:46,532 INFO  [org.apa.kaf.com.met.Metrics] (Thread-688) Metrics scheduler closed
2025-08-13 02:19:46,532 INFO  [org.apa.kaf.com.met.Metrics] (Thread-688) Closing reporter org.apache.kafka.common.metrics.JmxReporter
2025-08-13 02:19:46,532 INFO  [org.apa.kaf.com.met.Metrics] (Thread-688) Closing reporter org.apache.kafka.common.telemetry.internals.ClientTelemetryReporter
2025-08-13 02:19:46,532 INFO  [org.apa.kaf.com.met.Metrics] (Thread-688) Metrics reporters closed
2025-08-13 02:19:46,533 INFO  [org.apa.kaf.com.uti.AppInfoParser] (Thread-688) App info kafka.producer for Producer-topic-c1325f1a_4427_4104_a1d3_dbd0af31a55a unregistered
**** Registry Base URL: http://registry-app-ksql047.apps.ci419.apicurio-testing.org:80
2025-08-13 02:19:46,535 INFO  [org.apa.kaf.cli.pro.ProducerConfig] (main) ProducerConfig values: 
	acks = -1
	auto.include.jmx.reporter = true
	batch.size = 16384
	bootstrap.servers = [PLAINTEXT://localhost:32769]
	buffer.memory = 33554432
	client.dns.lookup = use_all_dns_ips
	client.id = Producer-topic-c1325f1a_4427_4104_a1d3_dbd0af31a55a
	compression.gzip.level = -1
	compression.lz4.level = 9
	compression.type = none
	compression.zstd.level = 3
	connections.max.idle.ms = 10000
	delivery.timeout.ms = 120000
	enable.idempotence = true
	enable.metrics.push = true
	interceptor.classes = []
	key.serializer = class org.apache.kafka.common.serialization.StringSerializer
	linger.ms = 0
	max.block.ms = 60000
	max.in.flight.requests.per.connection = 5
	max.request.size = 1048576
	metadata.max.age.ms = 300000
	metadata.max.idle.ms = 300000
	metadata.recovery.strategy = none
	metric.reporters = []
	metrics.num.samples = 2
	metrics.recording.level = INFO
	metrics.sample.window.ms = 30000
	partitioner.adaptive.partitioning.enable = true
	partitioner.availability.timeout.ms = 0
	partitioner.class = null
	partitioner.ignore.keys = false
	receive.buffer.bytes = 32768
	reconnect.backoff.max.ms = 1000
	reconnect.backoff.ms = 50
	request.timeout.ms = 5000
	retries = 2147483647
	retry.backoff.max.ms = 1000
	retry.backoff.ms = 100
	sasl.client.callback.handler.class = null
	sasl.jaas.config = null
	sasl.kerberos.kinit.cmd = /usr/bin/kinit
	sasl.kerberos.min.time.before.relogin = 60000
	sasl.kerberos.service.name = null
	sasl.kerberos.ticket.renew.jitter = 0.05
	sasl.kerberos.ticket.renew.window.factor = 0.8
	sasl.login.callback.handler.class = null
	sasl.login.class = null
	sasl.login.connect.timeout.ms = null
	sasl.login.read.timeout.ms = null
	sasl.login.refresh.buffer.seconds = 300
	sasl.login.refresh.min.period.seconds = 60
	sasl.login.refresh.window.factor = 0.8
	sasl.login.refresh.window.jitter = 0.05
	sasl.login.retry.backoff.max.ms = 10000
	sasl.login.retry.backoff.ms = 100
	sasl.mechanism = GSSAPI
	sasl.oauthbearer.clock.skew.seconds = 30
	sasl.oauthbearer.expected.audience = null
	sasl.oauthbearer.expected.issuer = null
	sasl.oauthbearer.header.urlencode = false
	sasl.oauthbearer.jwks.endpoint.refresh.ms = 3600000
	sasl.oauthbearer.jwks.endpoint.retry.backoff.max.ms = 10000
	sasl.oauthbearer.jwks.endpoint.retry.backoff.ms = 100
	sasl.oauthbearer.jwks.endpoint.url = null
	sasl.oauthbearer.scope.claim.name = scope
	sasl.oauthbearer.sub.claim.name = sub
	sasl.oauthbearer.token.endpoint.url = null
	security.protocol = PLAINTEXT
	security.providers = null
	send.buffer.bytes = 131072
	socket.connection.setup.timeout.max.ms = 30000
	socket.connection.setup.timeout.ms = 10000
	ssl.cipher.suites = null
	ssl.enabled.protocols = [TLSv1.2, TLSv1.3]
	ssl.endpoint.identification.algorithm = https
	ssl.engine.factory.class = null
	ssl.key.password = null
	ssl.keymanager.algorithm = SunX509
	ssl.keystore.certificate.chain = null
	ssl.keystore.key = null
	ssl.keystore.location = null
	ssl.keystore.password = null
	ssl.keystore.type = JKS
	ssl.protocol = TLSv1.3
	ssl.provider = null
	ssl.secure.random.implementation = null
	ssl.trustmanager.algorithm = PKIX
	ssl.truststore.certificates = null
	ssl.truststore.location = null
	ssl.truststore.password = null
	ssl.truststore.type = JKS
	transaction.timeout.ms = 60000
	transactional.id = null
	value.serializer = class io.apicurio.registry.serde.avro.AvroKafkaSerializer

2025-08-13 02:19:46,535 INFO  [org.apa.kaf.com.tel.int.KafkaMetricsCollector] (main) initializing Kafka metrics collector
2025-08-13 02:19:46,539 INFO  [org.apa.kaf.cli.pro.KafkaProducer] (main) [Producer clientId=Producer-topic-c1325f1a_4427_4104_a1d3_dbd0af31a55a] Instantiated an idempotent producer.
2025-08-13 02:19:46,542 INFO  [org.apa.kaf.cli.pro.ProducerConfig] (main) These configurations '[apicurio.registry.url, apicurio.registry.artifact-resolver-strategy]' were supplied but are not used yet.
2025-08-13 02:19:46,542 INFO  [org.apa.kaf.com.uti.AppInfoParser] (main) Kafka version: 3.9.1
2025-08-13 02:19:46,542 INFO  [org.apa.kaf.com.uti.AppInfoParser] (main) Kafka commitId: f745dfdcee2b9851
2025-08-13 02:19:46,542 INFO  [org.apa.kaf.com.uti.AppInfoParser] (main) Kafka startTimeMs: 1755051586542
2025-08-13 02:19:46,543 INFO  [io.api.tes.ser.api.KafkaSerdesTester] (Thread-691) Sending message {"key11755051575409": "value-0"} to topic topic-c1325f1a_4427_4104_a1d3_dbd0af31a55a
2025-08-13 02:19:46,546 INFO  [org.apa.kaf.cli.Metadata] (kafka-producer-network-thread | Producer-topic-c1325f1a_4427_4104_a1d3_dbd0af31a55a) [Producer clientId=Producer-topic-c1325f1a_4427_4104_a1d3_dbd0af31a55a] Cluster ID: RhahJUjfTxKIJlGmUjwdsg
2025-08-13 02:19:46,546 INFO  [DefaultSchemaResolver] (Thread-691) Retrieving schema content using string: {"type":"record","name":"s7ac8146axa714x4bdbxaf84xc12bf5ab88d6","namespace":"ns_0cc77538_0ab5_489f_bf96_04f0822cbf08","fields":[{"name":"key11755051575409","type":"string"}]}
2025-08-13 02:19:46,546 INFO  [org.apa.kaf.cli.pro.int.TransactionManager] (kafka-producer-network-thread | Producer-topic-c1325f1a_4427_4104_a1d3_dbd0af31a55a) [Producer clientId=Producer-topic-c1325f1a_4427_4104_a1d3_dbd0af31a55a] ProducerId set to 17 with epoch 0
2025-08-13 02:19:46,602 INFO  [io.api.tes.ser.api.KafkaSerdesTester] (Thread-691) Sending message {"key11755051575409": "value-1"} to topic topic-c1325f1a_4427_4104_a1d3_dbd0af31a55a
2025-08-13 02:19:46,605 INFO  [io.api.tes.ser.api.KafkaSerdesTester] (Thread-691) Sending message {"key11755051575409": "value-2"} to topic topic-c1325f1a_4427_4104_a1d3_dbd0af31a55a
2025-08-13 02:19:46,607 INFO  [io.api.tes.ser.api.KafkaSerdesTester] (Thread-691) Sending message {"key11755051575409": "value-3"} to topic topic-c1325f1a_4427_4104_a1d3_dbd0af31a55a
2025-08-13 02:19:46,608 INFO  [io.api.tes.ser.api.KafkaSerdesTester] (Thread-691) Sending message {"key11755051575409": "value-4"} to topic topic-c1325f1a_4427_4104_a1d3_dbd0af31a55a
2025-08-13 02:19:46,609 INFO  [io.api.tes.ser.api.KafkaSerdesTester] (Thread-691) Sending message {"key11755051575409": "value-5"} to topic topic-c1325f1a_4427_4104_a1d3_dbd0af31a55a
2025-08-13 02:19:46,610 INFO  [io.api.tes.ser.api.KafkaSerdesTester] (Thread-691) Sending message {"key11755051575409": "value-6"} to topic topic-c1325f1a_4427_4104_a1d3_dbd0af31a55a
2025-08-13 02:19:46,612 INFO  [io.api.tes.ser.api.KafkaSerdesTester] (Thread-691) Sending message {"key11755051575409": "value-7"} to topic topic-c1325f1a_4427_4104_a1d3_dbd0af31a55a
2025-08-13 02:19:46,613 INFO  [io.api.tes.ser.api.KafkaSerdesTester] (Thread-691) Sending message {"key11755051575409": "value-8"} to topic topic-c1325f1a_4427_4104_a1d3_dbd0af31a55a
2025-08-13 02:19:46,614 INFO  [io.api.tes.ser.api.KafkaSerdesTester] (Thread-691) Sending message {"key11755051575409": "value-9"} to topic topic-c1325f1a_4427_4104_a1d3_dbd0af31a55a
2025-08-13 02:19:46,615 INFO  [io.api.tes.ser.api.KafkaSerdesTester] (Thread-691) Produced 10 messages
2025-08-13 02:19:46,615 INFO  [org.apa.kaf.cli.pro.KafkaProducer] (Thread-691) [Producer clientId=Producer-topic-c1325f1a_4427_4104_a1d3_dbd0af31a55a] Closing the Kafka producer with timeoutMillis = 9223372036854775807 ms.
2025-08-13 02:19:46,617 INFO  [org.apa.kaf.com.met.Metrics] (Thread-691) Metrics scheduler closed
2025-08-13 02:19:46,617 INFO  [org.apa.kaf.com.met.Metrics] (Thread-691) Closing reporter org.apache.kafka.common.metrics.JmxReporter
2025-08-13 02:19:46,617 INFO  [org.apa.kaf.com.met.Metrics] (Thread-691) Closing reporter org.apache.kafka.common.telemetry.internals.ClientTelemetryReporter
2025-08-13 02:19:46,617 INFO  [org.apa.kaf.com.met.Metrics] (Thread-691) Metrics reporters closed
2025-08-13 02:19:46,617 INFO  [org.apa.kaf.com.uti.AppInfoParser] (Thread-691) App info kafka.producer for Producer-topic-c1325f1a_4427_4104_a1d3_dbd0af31a55a unregistered
**** Registry Base URL: http://registry-app-ksql047.apps.ci419.apicurio-testing.org:80
2025-08-13 02:19:46,619 INFO  [org.apa.kaf.cli.con.ConsumerConfig] (main) ConsumerConfig values: 
	allow.auto.create.topics = true
	auto.commit.interval.ms = 500
	auto.include.jmx.reporter = true
	auto.offset.reset = earliest
	bootstrap.servers = [PLAINTEXT://localhost:32769]
	check.crcs = true
	client.dns.lookup = use_all_dns_ips
	client.id = consumer-Consumer-topic-c1325f1a_4427_4104_a1d3_dbd0af31a55a-12
	client.rack = 
	connections.max.idle.ms = 10000
	default.api.timeout.ms = 60000
	enable.auto.commit = true
	enable.metrics.push = true
	exclude.internal.topics = true
	fetch.max.bytes = 52428800
	fetch.max.wait.ms = 500
	fetch.min.bytes = 1
	group.id = Consumer-topic-c1325f1a_4427_4104_a1d3_dbd0af31a55a
	group.instance.id = null
	group.protocol = classic
	group.remote.assignor = null
	heartbeat.interval.ms = 3000
	interceptor.classes = []
	internal.leave.group.on.close = true
	internal.throw.on.fetch.stable.offset.unsupported = false
	isolation.level = read_uncommitted
	key.deserializer = class org.apache.kafka.common.serialization.StringDeserializer
	max.partition.fetch.bytes = 1048576
	max.poll.interval.ms = 300000
	max.poll.records = 500
	metadata.max.age.ms = 300000
	metadata.recovery.strategy = none
	metric.reporters = []
	metrics.num.samples = 2
	metrics.recording.level = INFO
	metrics.sample.window.ms = 30000
	partition.assignment.strategy = [class org.apache.kafka.clients.consumer.RangeAssignor, class org.apache.kafka.clients.consumer.CooperativeStickyAssignor]
	receive.buffer.bytes = 65536
	reconnect.backoff.max.ms = 1000
	reconnect.backoff.ms = 50
	request.timeout.ms = 5000
	retry.backoff.max.ms = 1000
	retry.backoff.ms = 100
	sasl.client.callback.handler.class = null
	sasl.jaas.config = null
	sasl.kerberos.kinit.cmd = /usr/bin/kinit
	sasl.kerberos.min.time.before.relogin = 60000
	sasl.kerberos.service.name = null
	sasl.kerberos.ticket.renew.jitter = 0.05
	sasl.kerberos.ticket.renew.window.factor = 0.8
	sasl.login.callback.handler.class = null
	sasl.login.class = null
	sasl.login.connect.timeout.ms = null
	sasl.login.read.timeout.ms = null
	sasl.login.refresh.buffer.seconds = 300
	sasl.login.refresh.min.period.seconds = 60
	sasl.login.refresh.window.factor = 0.8
	sasl.login.refresh.window.jitter = 0.05
	sasl.login.retry.backoff.max.ms = 10000
	sasl.login.retry.backoff.ms = 100
	sasl.mechanism = GSSAPI
	sasl.oauthbearer.clock.skew.seconds = 30
	sasl.oauthbearer.expected.audience = null
	sasl.oauthbearer.expected.issuer = null
	sasl.oauthbearer.header.urlencode = false
	sasl.oauthbearer.jwks.endpoint.refresh.ms = 3600000
	sasl.oauthbearer.jwks.endpoint.retry.backoff.max.ms = 10000
	sasl.oauthbearer.jwks.endpoint.retry.backoff.ms = 100
	sasl.oauthbearer.jwks.endpoint.url = null
	sasl.oauthbearer.scope.claim.name = scope
	sasl.oauthbearer.sub.claim.name = sub
	sasl.oauthbearer.token.endpoint.url = null
	security.protocol = PLAINTEXT
	security.providers = null
	send.buffer.bytes = 131072
	session.timeout.ms = 45000
	socket.connection.setup.timeout.max.ms = 30000
	socket.connection.setup.timeout.ms = 10000
	ssl.cipher.suites = null
	ssl.enabled.protocols = [TLSv1.2, TLSv1.3]
	ssl.endpoint.identification.algorithm = https
	ssl.engine.factory.class = null
	ssl.key.password = null
	ssl.keymanager.algorithm = SunX509
	ssl.keystore.certificate.chain = null
	ssl.keystore.key = null
	ssl.keystore.location = null
	ssl.keystore.password = null
	ssl.keystore.type = JKS
	ssl.protocol = TLSv1.3
	ssl.provider = null
	ssl.secure.random.implementation = null
	ssl.trustmanager.algorithm = PKIX
	ssl.truststore.certificates = null
	ssl.truststore.location = null
	ssl.truststore.password = null
	ssl.truststore.type = JKS
	value.deserializer = class io.apicurio.registry.serde.avro.AvroKafkaDeserializer

2025-08-13 02:19:46,619 INFO  [org.apa.kaf.com.tel.int.KafkaMetricsCollector] (main) initializing Kafka metrics collector
2025-08-13 02:19:46,627 INFO  [org.apa.kaf.cli.con.ConsumerConfig] (main) These configurations '[apicurio.registry.url]' were supplied but are not used yet.
2025-08-13 02:19:46,627 INFO  [org.apa.kaf.com.uti.AppInfoParser] (main) Kafka version: 3.9.1
2025-08-13 02:19:46,627 INFO  [org.apa.kaf.com.uti.AppInfoParser] (main) Kafka commitId: f745dfdcee2b9851
2025-08-13 02:19:46,627 INFO  [org.apa.kaf.com.uti.AppInfoParser] (main) Kafka startTimeMs: 1755051586627
2025-08-13 02:19:46,627 INFO  [org.apa.kaf.cli.con.int.ClassicKafkaConsumer] (Thread-694) [Consumer clientId=consumer-Consumer-topic-c1325f1a_4427_4104_a1d3_dbd0af31a55a-12, groupId=Consumer-topic-c1325f1a_4427_4104_a1d3_dbd0af31a55a] Subscribed to topic(s): topic-c1325f1a_4427_4104_a1d3_dbd0af31a55a
2025-08-13 02:19:46,633 INFO  [org.apa.kaf.cli.Metadata] (Thread-694) [Consumer clientId=consumer-Consumer-topic-c1325f1a_4427_4104_a1d3_dbd0af31a55a-12, groupId=Consumer-topic-c1325f1a_4427_4104_a1d3_dbd0af31a55a] Cluster ID: RhahJUjfTxKIJlGmUjwdsg
2025-08-13 02:19:46,634 INFO  [org.apa.kaf.cli.con.int.ConsumerCoordinator] (Thread-694) [Consumer clientId=consumer-Consumer-topic-c1325f1a_4427_4104_a1d3_dbd0af31a55a-12, groupId=Consumer-topic-c1325f1a_4427_4104_a1d3_dbd0af31a55a] Discovered group coordinator localhost:32769 (id: 2147483647 rack: null)
2025-08-13 02:19:46,635 INFO  [org.apa.kaf.cli.con.int.ConsumerCoordinator] (Thread-694) [Consumer clientId=consumer-Consumer-topic-c1325f1a_4427_4104_a1d3_dbd0af31a55a-12, groupId=Consumer-topic-c1325f1a_4427_4104_a1d3_dbd0af31a55a] (Re-)joining group
2025-08-13 02:19:46,638 INFO  [org.apa.kaf.cli.con.int.ConsumerCoordinator] (Thread-694) [Consumer clientId=consumer-Consumer-topic-c1325f1a_4427_4104_a1d3_dbd0af31a55a-12, groupId=Consumer-topic-c1325f1a_4427_4104_a1d3_dbd0af31a55a] Request joining group due to: need to re-join with the given member-id: consumer-Consumer-topic-c1325f1a_4427_4104_a1d3_dbd0af31a55a-12-46a21583-ee2c-4acf-9d45-a1b8432b622f
2025-08-13 02:19:46,638 INFO  [org.apa.kaf.cli.con.int.ConsumerCoordinator] (Thread-694) [Consumer clientId=consumer-Consumer-topic-c1325f1a_4427_4104_a1d3_dbd0af31a55a-12, groupId=Consumer-topic-c1325f1a_4427_4104_a1d3_dbd0af31a55a] (Re-)joining group
2025-08-13 02:19:47,628 INFO  [io.api.tes.ser.api.KafkaSerdesTester] (Thread-694) None found
2025-08-13 02:19:48,628 INFO  [io.api.tes.ser.api.KafkaSerdesTester] (Thread-694) None found
2025-08-13 02:19:49,628 INFO  [io.api.tes.ser.api.KafkaSerdesTester] (Thread-694) None found
2025-08-13 02:19:49,640 INFO  [org.apa.kaf.cli.con.int.ConsumerCoordinator] (Thread-694) [Consumer clientId=consumer-Consumer-topic-c1325f1a_4427_4104_a1d3_dbd0af31a55a-12, groupId=Consumer-topic-c1325f1a_4427_4104_a1d3_dbd0af31a55a] Successfully joined group with generation Generation{generationId=5, memberId='consumer-Consumer-topic-c1325f1a_4427_4104_a1d3_dbd0af31a55a-12-46a21583-ee2c-4acf-9d45-a1b8432b622f', protocol='range'}
2025-08-13 02:19:49,641 INFO  [org.apa.kaf.cli.con.int.ConsumerCoordinator] (Thread-694) [Consumer clientId=consumer-Consumer-topic-c1325f1a_4427_4104_a1d3_dbd0af31a55a-12, groupId=Consumer-topic-c1325f1a_4427_4104_a1d3_dbd0af31a55a] Finished assignment for group at generation 5: {consumer-Consumer-topic-c1325f1a_4427_4104_a1d3_dbd0af31a55a-12-46a21583-ee2c-4acf-9d45-a1b8432b622f=Assignment(partitions=[topic-c1325f1a_4427_4104_a1d3_dbd0af31a55a-0])}
2025-08-13 02:19:49,647 INFO  [org.apa.kaf.cli.con.int.ConsumerCoordinator] (Thread-694) [Consumer clientId=consumer-Consumer-topic-c1325f1a_4427_4104_a1d3_dbd0af31a55a-12, groupId=Consumer-topic-c1325f1a_4427_4104_a1d3_dbd0af31a55a] Successfully synced group in generation Generation{generationId=5, memberId='consumer-Consumer-topic-c1325f1a_4427_4104_a1d3_dbd0af31a55a-12-46a21583-ee2c-4acf-9d45-a1b8432b622f', protocol='range'}
2025-08-13 02:19:49,648 INFO  [org.apa.kaf.cli.con.int.ConsumerCoordinator] (Thread-694) [Consumer clientId=consumer-Consumer-topic-c1325f1a_4427_4104_a1d3_dbd0af31a55a-12, groupId=Consumer-topic-c1325f1a_4427_4104_a1d3_dbd0af31a55a] Notifying assignor about the new Assignment(partitions=[topic-c1325f1a_4427_4104_a1d3_dbd0af31a55a-0])
2025-08-13 02:19:49,648 INFO  [org.apa.kaf.cli.con.int.ConsumerRebalanceListenerInvoker] (Thread-694) [Consumer clientId=consumer-Consumer-topic-c1325f1a_4427_4104_a1d3_dbd0af31a55a-12, groupId=Consumer-topic-c1325f1a_4427_4104_a1d3_dbd0af31a55a] Adding newly assigned partitions: topic-c1325f1a_4427_4104_a1d3_dbd0af31a55a-0
2025-08-13 02:19:49,649 INFO  [org.apa.kaf.cli.con.int.ConsumerUtils] (Thread-694) Setting offset for partition topic-c1325f1a_4427_4104_a1d3_dbd0af31a55a-0 to the committed offset FetchPosition{offset=30, offsetEpoch=Optional[0], currentLeader=LeaderAndEpoch{leader=Optional[localhost:32769 (id: 0 rack: null)], epoch=0}}
2025-08-13 02:19:49,827 INFO  [io.api.tes.ser.api.KafkaSerdesTester] (Thread-694) topic-c1325f1a_4427_4104_a1d3_dbd0af31a55a 0 30 {"key11755051575409": "value-0", "key21755051580238": "value-0", "key31755051585207": "value-0"}
2025-08-13 02:19:49,827 INFO  [io.api.tes.ser.api.KafkaSerdesTester] (Thread-694) topic-c1325f1a_4427_4104_a1d3_dbd0af31a55a 0 31 {"key11755051575409": "value-1", "key21755051580238": "value-1", "key31755051585207": "value-1"}
2025-08-13 02:19:49,827 INFO  [io.api.tes.ser.api.KafkaSerdesTester] (Thread-694) topic-c1325f1a_4427_4104_a1d3_dbd0af31a55a 0 32 {"key11755051575409": "value-2", "key21755051580238": "value-2", "key31755051585207": "value-2"}
2025-08-13 02:19:49,827 INFO  [io.api.tes.ser.api.KafkaSerdesTester] (Thread-694) topic-c1325f1a_4427_4104_a1d3_dbd0af31a55a 0 33 {"key11755051575409": "value-3", "key21755051580238": "value-3", "key31755051585207": "value-3"}
2025-08-13 02:19:49,827 INFO  [io.api.tes.ser.api.KafkaSerdesTester] (Thread-694) topic-c1325f1a_4427_4104_a1d3_dbd0af31a55a 0 34 {"key11755051575409": "value-4", "key21755051580238": "value-4", "key31755051585207": "value-4"}
2025-08-13 02:19:49,827 INFO  [io.api.tes.ser.api.KafkaSerdesTester] (Thread-694) topic-c1325f1a_4427_4104_a1d3_dbd0af31a55a 0 35 {"key11755051575409": "value-5", "key21755051580238": "value-5", "key31755051585207": "value-5"}
2025-08-13 02:19:49,827 INFO  [io.api.tes.ser.api.KafkaSerdesTester] (Thread-694) topic-c1325f1a_4427_4104_a1d3_dbd0af31a55a 0 36 {"key11755051575409": "value-6", "key21755051580238": "value-6", "key31755051585207": "value-6"}
2025-08-13 02:19:49,827 INFO  [io.api.tes.ser.api.KafkaSerdesTester] (Thread-694) topic-c1325f1a_4427_4104_a1d3_dbd0af31a55a 0 37 {"key11755051575409": "value-7", "key21755051580238": "value-7", "key31755051585207": "value-7"}
2025-08-13 02:19:49,827 INFO  [io.api.tes.ser.api.KafkaSerdesTester] (Thread-694) topic-c1325f1a_4427_4104_a1d3_dbd0af31a55a 0 38 {"key11755051575409": "value-8", "key21755051580238": "value-8", "key31755051585207": "value-8"}
2025-08-13 02:19:49,827 INFO  [io.api.tes.ser.api.KafkaSerdesTester] (Thread-694) topic-c1325f1a_4427_4104_a1d3_dbd0af31a55a 0 39 {"key11755051575409": "value-9", "key21755051580238": "value-9", "key31755051585207": "value-9"}
2025-08-13 02:19:49,827 INFO  [io.api.tes.ser.api.KafkaSerdesTester] (Thread-694) topic-c1325f1a_4427_4104_a1d3_dbd0af31a55a 0 40 {"key11755051575409": "value-0", "key21755051580238": "value-0"}
2025-08-13 02:19:49,827 INFO  [io.api.tes.ser.api.KafkaSerdesTester] (Thread-694) topic-c1325f1a_4427_4104_a1d3_dbd0af31a55a 0 41 {"key11755051575409": "value-1", "key21755051580238": "value-1"}
2025-08-13 02:19:49,827 INFO  [io.api.tes.ser.api.KafkaSerdesTester] (Thread-694) topic-c1325f1a_4427_4104_a1d3_dbd0af31a55a 0 42 {"key11755051575409": "value-2", "key21755051580238": "value-2"}
2025-08-13 02:19:49,827 INFO  [io.api.tes.ser.api.KafkaSerdesTester] (Thread-694) topic-c1325f1a_4427_4104_a1d3_dbd0af31a55a 0 43 {"key11755051575409": "value-3", "key21755051580238": "value-3"}
2025-08-13 02:19:49,827 INFO  [io.api.tes.ser.api.KafkaSerdesTester] (Thread-694) topic-c1325f1a_4427_4104_a1d3_dbd0af31a55a 0 44 {"key11755051575409": "value-4", "key21755051580238": "value-4"}
2025-08-13 02:19:49,827 INFO  [io.api.tes.ser.api.KafkaSerdesTester] (Thread-694) topic-c1325f1a_4427_4104_a1d3_dbd0af31a55a 0 45 {"key11755051575409": "value-5", "key21755051580238": "value-5"}
2025-08-13 02:19:49,828 INFO  [io.api.tes.ser.api.KafkaSerdesTester] (Thread-694) topic-c1325f1a_4427_4104_a1d3_dbd0af31a55a 0 46 {"key11755051575409": "value-6", "key21755051580238": "value-6"}
2025-08-13 02:19:49,828 INFO  [io.api.tes.ser.api.KafkaSerdesTester] (Thread-694) topic-c1325f1a_4427_4104_a1d3_dbd0af31a55a 0 47 {"key11755051575409": "value-7", "key21755051580238": "value-7"}
2025-08-13 02:19:49,828 INFO  [io.api.tes.ser.api.KafkaSerdesTester] (Thread-694) topic-c1325f1a_4427_4104_a1d3_dbd0af31a55a 0 48 {"key11755051575409": "value-8", "key21755051580238": "value-8"}
2025-08-13 02:19:49,828 INFO  [io.api.tes.ser.api.KafkaSerdesTester] (Thread-694) topic-c1325f1a_4427_4104_a1d3_dbd0af31a55a 0 49 {"key11755051575409": "value-9", "key21755051580238": "value-9"}
2025-08-13 02:19:49,828 INFO  [io.api.tes.ser.api.KafkaSerdesTester] (Thread-694) topic-c1325f1a_4427_4104_a1d3_dbd0af31a55a 0 50 {"key11755051575409": "value-0"}
2025-08-13 02:19:49,828 INFO  [io.api.tes.ser.api.KafkaSerdesTester] (Thread-694) topic-c1325f1a_4427_4104_a1d3_dbd0af31a55a 0 51 {"key11755051575409": "value-1"}
2025-08-13 02:19:49,828 INFO  [io.api.tes.ser.api.KafkaSerdesTester] (Thread-694) topic-c1325f1a_4427_4104_a1d3_dbd0af31a55a 0 52 {"key11755051575409": "value-2"}
2025-08-13 02:19:49,828 INFO  [io.api.tes.ser.api.KafkaSerdesTester] (Thread-694) topic-c1325f1a_4427_4104_a1d3_dbd0af31a55a 0 53 {"key11755051575409": "value-3"}
2025-08-13 02:19:49,828 INFO  [io.api.tes.ser.api.KafkaSerdesTester] (Thread-694) topic-c1325f1a_4427_4104_a1d3_dbd0af31a55a 0 54 {"key11755051575409": "value-4"}
2025-08-13 02:19:49,828 INFO  [io.api.tes.ser.api.KafkaSerdesTester] (Thread-694) topic-c1325f1a_4427_4104_a1d3_dbd0af31a55a 0 55 {"key11755051575409": "value-5"}
2025-08-13 02:19:49,828 INFO  [io.api.tes.ser.api.KafkaSerdesTester] (Thread-694) topic-c1325f1a_4427_4104_a1d3_dbd0af31a55a 0 56 {"key11755051575409": "value-6"}
2025-08-13 02:19:49,828 INFO  [io.api.tes.ser.api.KafkaSerdesTester] (Thread-694) topic-c1325f1a_4427_4104_a1d3_dbd0af31a55a 0 57 {"key11755051575409": "value-7"}
2025-08-13 02:19:49,828 INFO  [io.api.tes.ser.api.KafkaSerdesTester] (Thread-694) topic-c1325f1a_4427_4104_a1d3_dbd0af31a55a 0 58 {"key11755051575409": "value-8"}
2025-08-13 02:19:49,828 INFO  [io.api.tes.ser.api.KafkaSerdesTester] (Thread-694) topic-c1325f1a_4427_4104_a1d3_dbd0af31a55a 0 59 {"key11755051575409": "value-9"}
2025-08-13 02:19:49,828 INFO  [io.api.tes.ser.api.KafkaSerdesTester] (Thread-694) Consumed 30 messages
2025-08-13 02:19:49,834 INFO  [org.apa.kaf.cli.con.int.ConsumerRebalanceListenerInvoker] (Thread-694) [Consumer clientId=consumer-Consumer-topic-c1325f1a_4427_4104_a1d3_dbd0af31a55a-12, groupId=Consumer-topic-c1325f1a_4427_4104_a1d3_dbd0af31a55a] Revoke previously assigned partitions topic-c1325f1a_4427_4104_a1d3_dbd0af31a55a-0
2025-08-13 02:19:49,835 INFO  [org.apa.kaf.cli.con.int.ConsumerCoordinator] (Thread-694) [Consumer clientId=consumer-Consumer-topic-c1325f1a_4427_4104_a1d3_dbd0af31a55a-12, groupId=Consumer-topic-c1325f1a_4427_4104_a1d3_dbd0af31a55a] Member consumer-Consumer-topic-c1325f1a_4427_4104_a1d3_dbd0af31a55a-12-46a21583-ee2c-4acf-9d45-a1b8432b622f sending LeaveGroup request to coordinator localhost:32769 (id: 2147483647 rack: null) due to the consumer is being closed
2025-08-13 02:19:49,835 INFO  [org.apa.kaf.cli.con.int.ConsumerCoordinator] (Thread-694) [Consumer clientId=consumer-Consumer-topic-c1325f1a_4427_4104_a1d3_dbd0af31a55a-12, groupId=Consumer-topic-c1325f1a_4427_4104_a1d3_dbd0af31a55a] Resetting generation and member id due to: consumer pro-actively leaving the group
2025-08-13 02:19:49,835 INFO  [org.apa.kaf.cli.con.int.ConsumerCoordinator] (Thread-694) [Consumer clientId=consumer-Consumer-topic-c1325f1a_4427_4104_a1d3_dbd0af31a55a-12, groupId=Consumer-topic-c1325f1a_4427_4104_a1d3_dbd0af31a55a] Request joining group due to: consumer pro-actively leaving the group
2025-08-13 02:19:50,329 INFO  [org.apa.kaf.com.met.Metrics] (Thread-694) Metrics scheduler closed
2025-08-13 02:19:50,330 INFO  [org.apa.kaf.com.met.Metrics] (Thread-694) Closing reporter org.apache.kafka.common.metrics.JmxReporter
2025-08-13 02:19:50,330 INFO  [org.apa.kaf.com.met.Metrics] (Thread-694) Closing reporter org.apache.kafka.common.telemetry.internals.ClientTelemetryReporter
2025-08-13 02:19:50,330 INFO  [org.apa.kaf.com.met.Metrics] (Thread-694) Metrics reporters closed
2025-08-13 02:19:50,331 INFO  [org.apa.kaf.com.uti.AppInfoParser] (Thread-694) App info kafka.consumer for consumer-Consumer-topic-c1325f1a_4427_4104_a1d3_dbd0af31a55a-12 unregistered
2025-08-13 02:19:50,332 INFO  [org.apa.kaf.cli.pro.KafkaProducer] (main) [Producer clientId=Producer-topic-c1325f1a_4427_4104_a1d3_dbd0af31a55a] Closing the Kafka producer with timeoutMillis = 9223372036854775807 ms.
2025-08-13 02:19:50,332 INFO  [org.apa.kaf.com.met.Metrics] (main) Metrics scheduler closed
2025-08-13 02:19:50,332 INFO  [org.apa.kaf.com.met.Metrics] (main) Closing reporter org.apache.kafka.common.metrics.JmxReporter
2025-08-13 02:19:50,332 INFO  [org.apa.kaf.com.met.Metrics] (main) Closing reporter org.apache.kafka.common.telemetry.internals.ClientTelemetryReporter
2025-08-13 02:19:50,332 INFO  [org.apa.kaf.com.met.Metrics] (main) Metrics reporters closed
2025-08-13 02:19:50,332 INFO  [org.apa.kaf.com.uti.AppInfoParser] (main) App info kafka.producer for Producer-topic-c1325f1a_4427_4104_a1d3_dbd0af31a55a unregistered
2025-08-13 02:19:50,333 INFO  [io.api.tes.uti.TestSeparator] (main) io.apicurio.tests.serdes.apicurio.AvroSerdeIT.testEvolveAvroApicurio-FINISHED
2025-08-13 02:19:50,334 INFO  [io.api.tes.uti.TestSeparator] (main) ############################################################################
Test passed: testEvolveAvroApicurio
]]></system-out>
  </testcase>
  <testcase name="testTopicRecordIdStrategydFindLatest" classname="io.apicurio.tests.serdes.apicurio.AvroSerdeIT" time="4.844">
    <system-out><![CDATA[2025-08-13 02:19:50,335 INFO  [io.api.tes.uti.TestSeparator] (main) ############################################################################
2025-08-13 02:19:50,335 INFO  [io.api.tes.uti.TestSeparator] (main) io.apicurio.tests.serdes.apicurio.AvroSerdeIT.testTopicRecordIdStrategydFindLatest-STARTED
2025-08-13 02:19:50,336 INFO  [io.api.tes.ser.api.AvroSerdeIT] (main) Registering Avro Schema: {"type":"record","name":"s02d00164x906ex4ff9xa9cdx4afda17be38c","namespace":"sc3d9607bx31d1x443cxb2bcxf287e01e48ca","fields":[{"name":"key11755051590335","type":"string"}]}
**** Registry Base URL: http://registry-app-ksql047.apps.ci419.apicurio-testing.org:80
2025-08-13 02:19:51,433 INFO  [org.apa.kaf.cli.pro.ProducerConfig] (main) ProducerConfig values: 
	acks = -1
	auto.include.jmx.reporter = true
	batch.size = 16384
	bootstrap.servers = [PLAINTEXT://localhost:32769]
	buffer.memory = 33554432
	client.dns.lookup = use_all_dns_ips
	client.id = Producer-topic-cc4ad1c6_977f_4aa0_ae82_57677c64da0a
	compression.gzip.level = -1
	compression.lz4.level = 9
	compression.type = none
	compression.zstd.level = 3
	connections.max.idle.ms = 10000
	delivery.timeout.ms = 120000
	enable.idempotence = true
	enable.metrics.push = true
	interceptor.classes = []
	key.serializer = class org.apache.kafka.common.serialization.StringSerializer
	linger.ms = 0
	max.block.ms = 60000
	max.in.flight.requests.per.connection = 5
	max.request.size = 1048576
	metadata.max.age.ms = 300000
	metadata.max.idle.ms = 300000
	metadata.recovery.strategy = none
	metric.reporters = []
	metrics.num.samples = 2
	metrics.recording.level = INFO
	metrics.sample.window.ms = 30000
	partitioner.adaptive.partitioning.enable = true
	partitioner.availability.timeout.ms = 0
	partitioner.class = null
	partitioner.ignore.keys = false
	receive.buffer.bytes = 32768
	reconnect.backoff.max.ms = 1000
	reconnect.backoff.ms = 50
	request.timeout.ms = 5000
	retries = 2147483647
	retry.backoff.max.ms = 1000
	retry.backoff.ms = 100
	sasl.client.callback.handler.class = null
	sasl.jaas.config = null
	sasl.kerberos.kinit.cmd = /usr/bin/kinit
	sasl.kerberos.min.time.before.relogin = 60000
	sasl.kerberos.service.name = null
	sasl.kerberos.ticket.renew.jitter = 0.05
	sasl.kerberos.ticket.renew.window.factor = 0.8
	sasl.login.callback.handler.class = null
	sasl.login.class = null
	sasl.login.connect.timeout.ms = null
	sasl.login.read.timeout.ms = null
	sasl.login.refresh.buffer.seconds = 300
	sasl.login.refresh.min.period.seconds = 60
	sasl.login.refresh.window.factor = 0.8
	sasl.login.refresh.window.jitter = 0.05
	sasl.login.retry.backoff.max.ms = 10000
	sasl.login.retry.backoff.ms = 100
	sasl.mechanism = GSSAPI
	sasl.oauthbearer.clock.skew.seconds = 30
	sasl.oauthbearer.expected.audience = null
	sasl.oauthbearer.expected.issuer = null
	sasl.oauthbearer.header.urlencode = false
	sasl.oauthbearer.jwks.endpoint.refresh.ms = 3600000
	sasl.oauthbearer.jwks.endpoint.retry.backoff.max.ms = 10000
	sasl.oauthbearer.jwks.endpoint.retry.backoff.ms = 100
	sasl.oauthbearer.jwks.endpoint.url = null
	sasl.oauthbearer.scope.claim.name = scope
	sasl.oauthbearer.sub.claim.name = sub
	sasl.oauthbearer.token.endpoint.url = null
	security.protocol = PLAINTEXT
	security.providers = null
	send.buffer.bytes = 131072
	socket.connection.setup.timeout.max.ms = 30000
	socket.connection.setup.timeout.ms = 10000
	ssl.cipher.suites = null
	ssl.enabled.protocols = [TLSv1.2, TLSv1.3]
	ssl.endpoint.identification.algorithm = https
	ssl.engine.factory.class = null
	ssl.key.password = null
	ssl.keymanager.algorithm = SunX509
	ssl.keystore.certificate.chain = null
	ssl.keystore.key = null
	ssl.keystore.location = null
	ssl.keystore.password = null
	ssl.keystore.type = JKS
	ssl.protocol = TLSv1.3
	ssl.provider = null
	ssl.secure.random.implementation = null
	ssl.trustmanager.algorithm = PKIX
	ssl.truststore.certificates = null
	ssl.truststore.location = null
	ssl.truststore.password = null
	ssl.truststore.type = JKS
	transaction.timeout.ms = 60000
	transactional.id = null
	value.serializer = class io.apicurio.registry.serde.avro.AvroKafkaSerializer

2025-08-13 02:19:51,433 INFO  [org.apa.kaf.com.tel.int.KafkaMetricsCollector] (main) initializing Kafka metrics collector
2025-08-13 02:19:51,436 INFO  [org.apa.kaf.cli.pro.KafkaProducer] (main) [Producer clientId=Producer-topic-cc4ad1c6_977f_4aa0_ae82_57677c64da0a] Instantiated an idempotent producer.
2025-08-13 02:19:51,438 INFO  [org.apa.kaf.cli.pro.ProducerConfig] (main) These configurations '[apicurio.registry.find-latest, apicurio.registry.url, apicurio.registry.artifact-resolver-strategy]' were supplied but are not used yet.
2025-08-13 02:19:51,438 INFO  [org.apa.kaf.com.uti.AppInfoParser] (main) Kafka version: 3.9.1
2025-08-13 02:19:51,438 INFO  [org.apa.kaf.com.uti.AppInfoParser] (main) Kafka commitId: f745dfdcee2b9851
2025-08-13 02:19:51,438 INFO  [org.apa.kaf.com.uti.AppInfoParser] (main) Kafka startTimeMs: 1755051591438
2025-08-13 02:19:51,438 INFO  [io.api.tes.ser.api.SimpleSerdesTesterBuilder$SimpleSerdesTester] (main) Using producer configuration: {apicurio.registry.find-latest=true, apicurio.registry.url=http://registry-app-ksql047.apps.ci419.apicurio-testing.org:80/apis/registry/v3, apicurio.registry.artifact-resolver-strategy=io.apicurio.registry.serde.avro.strategy.TopicRecordIdStrategy, value.serializer=io.apicurio.registry.serde.avro.AvroKafkaSerializer, request.timeout.ms=5000, acks=all, bootstrap.servers=PLAINTEXT://localhost:32769, connections.max.idle.ms=10000, key.serializer=org.apache.kafka.common.serialization.StringSerializer, client.id=Producer-topic-cc4ad1c6_977f_4aa0_ae82_57677c64da0a}
2025-08-13 02:19:51,438 INFO  [io.api.tes.ser.api.SimpleSerdesTesterBuilder$SimpleSerdesTester] (main) Using consumer configuration: {}
2025-08-13 02:19:51,441 INFO  [io.api.tes.ser.api.KafkaSerdesTester] (Thread-697) Sending message {"key11755051590335": "value-0"} to topic topic-cc4ad1c6_977f_4aa0_ae82_57677c64da0a
2025-08-13 02:19:51,443 INFO  [org.apa.kaf.cli.Metadata] (kafka-producer-network-thread | Producer-topic-cc4ad1c6_977f_4aa0_ae82_57677c64da0a) [Producer clientId=Producer-topic-cc4ad1c6_977f_4aa0_ae82_57677c64da0a] Cluster ID: RhahJUjfTxKIJlGmUjwdsg
2025-08-13 02:19:51,443 INFO  [org.apa.kaf.cli.pro.int.TransactionManager] (kafka-producer-network-thread | Producer-topic-cc4ad1c6_977f_4aa0_ae82_57677c64da0a) [Producer clientId=Producer-topic-cc4ad1c6_977f_4aa0_ae82_57677c64da0a] ProducerId set to 18 with epoch 0
2025-08-13 02:19:51,548 INFO  [io.api.tes.ser.api.KafkaSerdesTester] (Thread-697) Sending message {"key11755051590335": "value-1"} to topic topic-cc4ad1c6_977f_4aa0_ae82_57677c64da0a
2025-08-13 02:19:51,550 INFO  [io.api.tes.ser.api.KafkaSerdesTester] (Thread-697) Sending message {"key11755051590335": "value-2"} to topic topic-cc4ad1c6_977f_4aa0_ae82_57677c64da0a
2025-08-13 02:19:51,553 INFO  [io.api.tes.ser.api.KafkaSerdesTester] (Thread-697) Sending message {"key11755051590335": "value-3"} to topic topic-cc4ad1c6_977f_4aa0_ae82_57677c64da0a
2025-08-13 02:19:51,554 INFO  [io.api.tes.ser.api.KafkaSerdesTester] (Thread-697) Sending message {"key11755051590335": "value-4"} to topic topic-cc4ad1c6_977f_4aa0_ae82_57677c64da0a
2025-08-13 02:19:51,556 INFO  [io.api.tes.ser.api.KafkaSerdesTester] (Thread-697) Sending message {"key11755051590335": "value-5"} to topic topic-cc4ad1c6_977f_4aa0_ae82_57677c64da0a
2025-08-13 02:19:51,559 INFO  [io.api.tes.ser.api.KafkaSerdesTester] (Thread-697) Sending message {"key11755051590335": "value-6"} to topic topic-cc4ad1c6_977f_4aa0_ae82_57677c64da0a
2025-08-13 02:19:51,561 INFO  [io.api.tes.ser.api.KafkaSerdesTester] (Thread-697) Sending message {"key11755051590335": "value-7"} to topic topic-cc4ad1c6_977f_4aa0_ae82_57677c64da0a
2025-08-13 02:19:51,565 INFO  [io.api.tes.ser.api.KafkaSerdesTester] (Thread-697) Sending message {"key11755051590335": "value-8"} to topic topic-cc4ad1c6_977f_4aa0_ae82_57677c64da0a
2025-08-13 02:19:51,567 INFO  [io.api.tes.ser.api.KafkaSerdesTester] (Thread-697) Sending message {"key11755051590335": "value-9"} to topic topic-cc4ad1c6_977f_4aa0_ae82_57677c64da0a
2025-08-13 02:19:51,568 INFO  [io.api.tes.ser.api.KafkaSerdesTester] (Thread-697) Produced 10 messages
2025-08-13 02:19:51,568 INFO  [org.apa.kaf.cli.pro.KafkaProducer] (Thread-697) [Producer clientId=Producer-topic-cc4ad1c6_977f_4aa0_ae82_57677c64da0a] Closing the Kafka producer with timeoutMillis = 9223372036854775807 ms.
2025-08-13 02:19:51,570 INFO  [org.apa.kaf.com.met.Metrics] (Thread-697) Metrics scheduler closed
2025-08-13 02:19:51,570 INFO  [org.apa.kaf.com.met.Metrics] (Thread-697) Closing reporter org.apache.kafka.common.metrics.JmxReporter
2025-08-13 02:19:51,570 INFO  [org.apa.kaf.com.met.Metrics] (Thread-697) Closing reporter org.apache.kafka.common.telemetry.internals.ClientTelemetryReporter
2025-08-13 02:19:51,570 INFO  [org.apa.kaf.com.met.Metrics] (Thread-697) Metrics reporters closed
2025-08-13 02:19:51,570 INFO  [org.apa.kaf.com.uti.AppInfoParser] (Thread-697) App info kafka.producer for Producer-topic-cc4ad1c6_977f_4aa0_ae82_57677c64da0a unregistered
**** Registry Base URL: http://registry-app-ksql047.apps.ci419.apicurio-testing.org:80
2025-08-13 02:19:51,571 INFO  [org.apa.kaf.cli.con.ConsumerConfig] (main) ConsumerConfig values: 
	allow.auto.create.topics = true
	auto.commit.interval.ms = 500
	auto.include.jmx.reporter = true
	auto.offset.reset = earliest
	bootstrap.servers = [PLAINTEXT://localhost:32769]
	check.crcs = true
	client.dns.lookup = use_all_dns_ips
	client.id = consumer-Consumer-topic-cc4ad1c6_977f_4aa0_ae82_57677c64da0a-13
	client.rack = 
	connections.max.idle.ms = 10000
	default.api.timeout.ms = 60000
	enable.auto.commit = true
	enable.metrics.push = true
	exclude.internal.topics = true
	fetch.max.bytes = 52428800
	fetch.max.wait.ms = 500
	fetch.min.bytes = 1
	group.id = Consumer-topic-cc4ad1c6_977f_4aa0_ae82_57677c64da0a
	group.instance.id = null
	group.protocol = classic
	group.remote.assignor = null
	heartbeat.interval.ms = 3000
	interceptor.classes = []
	internal.leave.group.on.close = true
	internal.throw.on.fetch.stable.offset.unsupported = false
	isolation.level = read_uncommitted
	key.deserializer = class org.apache.kafka.common.serialization.StringDeserializer
	max.partition.fetch.bytes = 1048576
	max.poll.interval.ms = 300000
	max.poll.records = 500
	metadata.max.age.ms = 300000
	metadata.recovery.strategy = none
	metric.reporters = []
	metrics.num.samples = 2
	metrics.recording.level = INFO
	metrics.sample.window.ms = 30000
	partition.assignment.strategy = [class org.apache.kafka.clients.consumer.RangeAssignor, class org.apache.kafka.clients.consumer.CooperativeStickyAssignor]
	receive.buffer.bytes = 65536
	reconnect.backoff.max.ms = 1000
	reconnect.backoff.ms = 50
	request.timeout.ms = 5000
	retry.backoff.max.ms = 1000
	retry.backoff.ms = 100
	sasl.client.callback.handler.class = null
	sasl.jaas.config = null
	sasl.kerberos.kinit.cmd = /usr/bin/kinit
	sasl.kerberos.min.time.before.relogin = 60000
	sasl.kerberos.service.name = null
	sasl.kerberos.ticket.renew.jitter = 0.05
	sasl.kerberos.ticket.renew.window.factor = 0.8
	sasl.login.callback.handler.class = null
	sasl.login.class = null
	sasl.login.connect.timeout.ms = null
	sasl.login.read.timeout.ms = null
	sasl.login.refresh.buffer.seconds = 300
	sasl.login.refresh.min.period.seconds = 60
	sasl.login.refresh.window.factor = 0.8
	sasl.login.refresh.window.jitter = 0.05
	sasl.login.retry.backoff.max.ms = 10000
	sasl.login.retry.backoff.ms = 100
	sasl.mechanism = GSSAPI
	sasl.oauthbearer.clock.skew.seconds = 30
	sasl.oauthbearer.expected.audience = null
	sasl.oauthbearer.expected.issuer = null
	sasl.oauthbearer.header.urlencode = false
	sasl.oauthbearer.jwks.endpoint.refresh.ms = 3600000
	sasl.oauthbearer.jwks.endpoint.retry.backoff.max.ms = 10000
	sasl.oauthbearer.jwks.endpoint.retry.backoff.ms = 100
	sasl.oauthbearer.jwks.endpoint.url = null
	sasl.oauthbearer.scope.claim.name = scope
	sasl.oauthbearer.sub.claim.name = sub
	sasl.oauthbearer.token.endpoint.url = null
	security.protocol = PLAINTEXT
	security.providers = null
	send.buffer.bytes = 131072
	session.timeout.ms = 45000
	socket.connection.setup.timeout.max.ms = 30000
	socket.connection.setup.timeout.ms = 10000
	ssl.cipher.suites = null
	ssl.enabled.protocols = [TLSv1.2, TLSv1.3]
	ssl.endpoint.identification.algorithm = https
	ssl.engine.factory.class = null
	ssl.key.password = null
	ssl.keymanager.algorithm = SunX509
	ssl.keystore.certificate.chain = null
	ssl.keystore.key = null
	ssl.keystore.location = null
	ssl.keystore.password = null
	ssl.keystore.type = JKS
	ssl.protocol = TLSv1.3
	ssl.provider = null
	ssl.secure.random.implementation = null
	ssl.trustmanager.algorithm = PKIX
	ssl.truststore.certificates = null
	ssl.truststore.location = null
	ssl.truststore.password = null
	ssl.truststore.type = JKS
	value.deserializer = class io.apicurio.registry.serde.avro.AvroKafkaDeserializer

2025-08-13 02:19:51,571 INFO  [org.apa.kaf.com.tel.int.KafkaMetricsCollector] (main) initializing Kafka metrics collector
2025-08-13 02:19:51,576 INFO  [org.apa.kaf.cli.con.ConsumerConfig] (main) These configurations '[apicurio.registry.url]' were supplied but are not used yet.
2025-08-13 02:19:51,576 INFO  [org.apa.kaf.com.uti.AppInfoParser] (main) Kafka version: 3.9.1
2025-08-13 02:19:51,576 INFO  [org.apa.kaf.com.uti.AppInfoParser] (main) Kafka commitId: f745dfdcee2b9851
2025-08-13 02:19:51,576 INFO  [org.apa.kaf.com.uti.AppInfoParser] (main) Kafka startTimeMs: 1755051591576
2025-08-13 02:19:51,577 INFO  [org.apa.kaf.cli.con.int.ClassicKafkaConsumer] (Thread-700) [Consumer clientId=consumer-Consumer-topic-cc4ad1c6_977f_4aa0_ae82_57677c64da0a-13, groupId=Consumer-topic-cc4ad1c6_977f_4aa0_ae82_57677c64da0a] Subscribed to topic(s): topic-cc4ad1c6_977f_4aa0_ae82_57677c64da0a
2025-08-13 02:19:51,580 INFO  [org.apa.kaf.cli.Metadata] (Thread-700) [Consumer clientId=consumer-Consumer-topic-cc4ad1c6_977f_4aa0_ae82_57677c64da0a-13, groupId=Consumer-topic-cc4ad1c6_977f_4aa0_ae82_57677c64da0a] Cluster ID: RhahJUjfTxKIJlGmUjwdsg
2025-08-13 02:19:51,580 INFO  [org.apa.kaf.cli.con.int.ConsumerCoordinator] (Thread-700) [Consumer clientId=consumer-Consumer-topic-cc4ad1c6_977f_4aa0_ae82_57677c64da0a-13, groupId=Consumer-topic-cc4ad1c6_977f_4aa0_ae82_57677c64da0a] Discovered group coordinator localhost:32769 (id: 2147483647 rack: null)
2025-08-13 02:19:51,581 INFO  [org.apa.kaf.cli.con.int.ConsumerCoordinator] (Thread-700) [Consumer clientId=consumer-Consumer-topic-cc4ad1c6_977f_4aa0_ae82_57677c64da0a-13, groupId=Consumer-topic-cc4ad1c6_977f_4aa0_ae82_57677c64da0a] (Re-)joining group
2025-08-13 02:19:51,583 INFO  [org.apa.kaf.cli.con.int.ConsumerCoordinator] (Thread-700) [Consumer clientId=consumer-Consumer-topic-cc4ad1c6_977f_4aa0_ae82_57677c64da0a-13, groupId=Consumer-topic-cc4ad1c6_977f_4aa0_ae82_57677c64da0a] Request joining group due to: need to re-join with the given member-id: consumer-Consumer-topic-cc4ad1c6_977f_4aa0_ae82_57677c64da0a-13-29e80c83-ca3b-46c3-b768-4ca2d54b1d8e
2025-08-13 02:19:51,583 INFO  [org.apa.kaf.cli.con.int.ConsumerCoordinator] (Thread-700) [Consumer clientId=consumer-Consumer-topic-cc4ad1c6_977f_4aa0_ae82_57677c64da0a-13, groupId=Consumer-topic-cc4ad1c6_977f_4aa0_ae82_57677c64da0a] (Re-)joining group
2025-08-13 02:19:52,578 INFO  [io.api.tes.ser.api.KafkaSerdesTester] (Thread-700) None found
2025-08-13 02:19:53,578 INFO  [io.api.tes.ser.api.KafkaSerdesTester] (Thread-700) None found
2025-08-13 02:19:54,578 INFO  [io.api.tes.ser.api.KafkaSerdesTester] (Thread-700) None found
2025-08-13 02:19:54,585 INFO  [org.apa.kaf.cli.con.int.ConsumerCoordinator] (Thread-700) [Consumer clientId=consumer-Consumer-topic-cc4ad1c6_977f_4aa0_ae82_57677c64da0a-13, groupId=Consumer-topic-cc4ad1c6_977f_4aa0_ae82_57677c64da0a] Successfully joined group with generation Generation{generationId=1, memberId='consumer-Consumer-topic-cc4ad1c6_977f_4aa0_ae82_57677c64da0a-13-29e80c83-ca3b-46c3-b768-4ca2d54b1d8e', protocol='range'}
2025-08-13 02:19:54,585 INFO  [org.apa.kaf.cli.con.int.ConsumerCoordinator] (Thread-700) [Consumer clientId=consumer-Consumer-topic-cc4ad1c6_977f_4aa0_ae82_57677c64da0a-13, groupId=Consumer-topic-cc4ad1c6_977f_4aa0_ae82_57677c64da0a] Finished assignment for group at generation 1: {consumer-Consumer-topic-cc4ad1c6_977f_4aa0_ae82_57677c64da0a-13-29e80c83-ca3b-46c3-b768-4ca2d54b1d8e=Assignment(partitions=[topic-cc4ad1c6_977f_4aa0_ae82_57677c64da0a-0])}
2025-08-13 02:19:54,592 INFO  [org.apa.kaf.cli.con.int.ConsumerCoordinator] (Thread-700) [Consumer clientId=consumer-Consumer-topic-cc4ad1c6_977f_4aa0_ae82_57677c64da0a-13, groupId=Consumer-topic-cc4ad1c6_977f_4aa0_ae82_57677c64da0a] Successfully synced group in generation Generation{generationId=1, memberId='consumer-Consumer-topic-cc4ad1c6_977f_4aa0_ae82_57677c64da0a-13-29e80c83-ca3b-46c3-b768-4ca2d54b1d8e', protocol='range'}
2025-08-13 02:19:54,592 INFO  [org.apa.kaf.cli.con.int.ConsumerCoordinator] (Thread-700) [Consumer clientId=consumer-Consumer-topic-cc4ad1c6_977f_4aa0_ae82_57677c64da0a-13, groupId=Consumer-topic-cc4ad1c6_977f_4aa0_ae82_57677c64da0a] Notifying assignor about the new Assignment(partitions=[topic-cc4ad1c6_977f_4aa0_ae82_57677c64da0a-0])
2025-08-13 02:19:54,592 INFO  [org.apa.kaf.cli.con.int.ConsumerRebalanceListenerInvoker] (Thread-700) [Consumer clientId=consumer-Consumer-topic-cc4ad1c6_977f_4aa0_ae82_57677c64da0a-13, groupId=Consumer-topic-cc4ad1c6_977f_4aa0_ae82_57677c64da0a] Adding newly assigned partitions: topic-cc4ad1c6_977f_4aa0_ae82_57677c64da0a-0
2025-08-13 02:19:54,593 INFO  [org.apa.kaf.cli.con.int.ConsumerCoordinator] (Thread-700) [Consumer clientId=consumer-Consumer-topic-cc4ad1c6_977f_4aa0_ae82_57677c64da0a-13, groupId=Consumer-topic-cc4ad1c6_977f_4aa0_ae82_57677c64da0a] Found no committed offset for partition topic-cc4ad1c6_977f_4aa0_ae82_57677c64da0a-0
2025-08-13 02:19:54,596 INFO  [org.apa.kaf.cli.con.int.SubscriptionState] (Thread-700) [Consumer clientId=consumer-Consumer-topic-cc4ad1c6_977f_4aa0_ae82_57677c64da0a-13, groupId=Consumer-topic-cc4ad1c6_977f_4aa0_ae82_57677c64da0a] Resetting offset for partition topic-cc4ad1c6_977f_4aa0_ae82_57677c64da0a-0 to position FetchPosition{offset=0, offsetEpoch=Optional.empty, currentLeader=LeaderAndEpoch{leader=Optional[localhost:32769 (id: 0 rack: null)], epoch=0}}.
2025-08-13 02:19:54,672 INFO  [io.api.tes.ser.api.KafkaSerdesTester] (Thread-700) topic-cc4ad1c6_977f_4aa0_ae82_57677c64da0a 0 0 {"key11755051590335": "value-0"}
2025-08-13 02:19:54,672 INFO  [io.api.tes.ser.api.KafkaSerdesTester] (Thread-700) topic-cc4ad1c6_977f_4aa0_ae82_57677c64da0a 0 1 {"key11755051590335": "value-1"}
2025-08-13 02:19:54,672 INFO  [io.api.tes.ser.api.KafkaSerdesTester] (Thread-700) topic-cc4ad1c6_977f_4aa0_ae82_57677c64da0a 0 2 {"key11755051590335": "value-2"}
2025-08-13 02:19:54,672 INFO  [io.api.tes.ser.api.KafkaSerdesTester] (Thread-700) topic-cc4ad1c6_977f_4aa0_ae82_57677c64da0a 0 3 {"key11755051590335": "value-3"}
2025-08-13 02:19:54,672 INFO  [io.api.tes.ser.api.KafkaSerdesTester] (Thread-700) topic-cc4ad1c6_977f_4aa0_ae82_57677c64da0a 0 4 {"key11755051590335": "value-4"}
2025-08-13 02:19:54,672 INFO  [io.api.tes.ser.api.KafkaSerdesTester] (Thread-700) topic-cc4ad1c6_977f_4aa0_ae82_57677c64da0a 0 5 {"key11755051590335": "value-5"}
2025-08-13 02:19:54,672 INFO  [io.api.tes.ser.api.KafkaSerdesTester] (Thread-700) topic-cc4ad1c6_977f_4aa0_ae82_57677c64da0a 0 6 {"key11755051590335": "value-6"}
2025-08-13 02:19:54,672 INFO  [io.api.tes.ser.api.KafkaSerdesTester] (Thread-700) topic-cc4ad1c6_977f_4aa0_ae82_57677c64da0a 0 7 {"key11755051590335": "value-7"}
2025-08-13 02:19:54,672 INFO  [io.api.tes.ser.api.KafkaSerdesTester] (Thread-700) topic-cc4ad1c6_977f_4aa0_ae82_57677c64da0a 0 8 {"key11755051590335": "value-8"}
2025-08-13 02:19:54,672 INFO  [io.api.tes.ser.api.KafkaSerdesTester] (Thread-700) topic-cc4ad1c6_977f_4aa0_ae82_57677c64da0a 0 9 {"key11755051590335": "value-9"}
2025-08-13 02:19:54,672 INFO  [io.api.tes.ser.api.KafkaSerdesTester] (Thread-700) Consumed 10 messages
2025-08-13 02:19:54,680 INFO  [org.apa.kaf.cli.con.int.ConsumerRebalanceListenerInvoker] (Thread-700) [Consumer clientId=consumer-Consumer-topic-cc4ad1c6_977f_4aa0_ae82_57677c64da0a-13, groupId=Consumer-topic-cc4ad1c6_977f_4aa0_ae82_57677c64da0a] Revoke previously assigned partitions topic-cc4ad1c6_977f_4aa0_ae82_57677c64da0a-0
2025-08-13 02:19:54,680 INFO  [org.apa.kaf.cli.con.int.ConsumerCoordinator] (Thread-700) [Consumer clientId=consumer-Consumer-topic-cc4ad1c6_977f_4aa0_ae82_57677c64da0a-13, groupId=Consumer-topic-cc4ad1c6_977f_4aa0_ae82_57677c64da0a] Member consumer-Consumer-topic-cc4ad1c6_977f_4aa0_ae82_57677c64da0a-13-29e80c83-ca3b-46c3-b768-4ca2d54b1d8e sending LeaveGroup request to coordinator localhost:32769 (id: 2147483647 rack: null) due to the consumer is being closed
2025-08-13 02:19:54,680 INFO  [org.apa.kaf.cli.con.int.ConsumerCoordinator] (Thread-700) [Consumer clientId=consumer-Consumer-topic-cc4ad1c6_977f_4aa0_ae82_57677c64da0a-13, groupId=Consumer-topic-cc4ad1c6_977f_4aa0_ae82_57677c64da0a] Resetting generation and member id due to: consumer pro-actively leaving the group
2025-08-13 02:19:54,680 INFO  [org.apa.kaf.cli.con.int.ConsumerCoordinator] (Thread-700) [Consumer clientId=consumer-Consumer-topic-cc4ad1c6_977f_4aa0_ae82_57677c64da0a-13, groupId=Consumer-topic-cc4ad1c6_977f_4aa0_ae82_57677c64da0a] Request joining group due to: consumer pro-actively leaving the group
2025-08-13 02:19:55,174 INFO  [org.apa.kaf.com.met.Metrics] (Thread-700) Metrics scheduler closed
2025-08-13 02:19:55,174 INFO  [org.apa.kaf.com.met.Metrics] (Thread-700) Closing reporter org.apache.kafka.common.metrics.JmxReporter
2025-08-13 02:19:55,174 INFO  [org.apa.kaf.com.met.Metrics] (Thread-700) Closing reporter org.apache.kafka.common.telemetry.internals.ClientTelemetryReporter
2025-08-13 02:19:55,174 INFO  [org.apa.kaf.com.met.Metrics] (Thread-700) Metrics reporters closed
2025-08-13 02:19:55,176 INFO  [org.apa.kaf.com.uti.AppInfoParser] (Thread-700) App info kafka.consumer for consumer-Consumer-topic-cc4ad1c6_977f_4aa0_ae82_57677c64da0a-13 unregistered
2025-08-13 02:19:55,178 INFO  [io.api.tes.uti.TestSeparator] (main) io.apicurio.tests.serdes.apicurio.AvroSerdeIT.testTopicRecordIdStrategydFindLatest-FINISHED
2025-08-13 02:19:55,178 INFO  [io.api.tes.uti.TestSeparator] (main) ############################################################################
Test passed: testTopicRecordIdStrategydFindLatest
]]></system-out>
  </testcase>
  <testcase name="testAvroConfluentForMultipleTopics" classname="io.apicurio.tests.serdes.apicurio.AvroSerdeIT" time="12.209">
    <system-out><![CDATA[2025-08-13 02:19:55,180 INFO  [io.api.tes.uti.TestSeparator] (main) ############################################################################
2025-08-13 02:19:55,180 INFO  [io.api.tes.uti.TestSeparator] (main) io.apicurio.tests.serdes.apicurio.AvroSerdeIT.testAvroConfluentForMultipleTopics-STARTED
2025-08-13 02:19:55,181 INFO  [io.api.tes.ser.api.AvroSerdeIT] (main) Registering Avro Schema: {"type":"record","name":"myrecordconfluent","fields":[{"name":"key11755051595181","type":"string"}]}
**** Registry Base URL: http://registry-app-ksql047.apps.ci419.apicurio-testing.org:80
2025-08-13 02:19:56,284 INFO  [org.apa.kaf.cli.pro.ProducerConfig] (main) ProducerConfig values: 
	acks = -1
	auto.include.jmx.reporter = true
	batch.size = 16384
	bootstrap.servers = [PLAINTEXT://localhost:32769]
	buffer.memory = 33554432
	client.dns.lookup = use_all_dns_ips
	client.id = Producer-topic-23258574_64f2_4fe2_ac2f_c97d799404af
	compression.gzip.level = -1
	compression.lz4.level = 9
	compression.type = none
	compression.zstd.level = 3
	connections.max.idle.ms = 10000
	delivery.timeout.ms = 120000
	enable.idempotence = true
	enable.metrics.push = true
	interceptor.classes = []
	key.serializer = class org.apache.kafka.common.serialization.StringSerializer
	linger.ms = 0
	max.block.ms = 60000
	max.in.flight.requests.per.connection = 5
	max.request.size = 1048576
	metadata.max.age.ms = 300000
	metadata.max.idle.ms = 300000
	metadata.recovery.strategy = none
	metric.reporters = []
	metrics.num.samples = 2
	metrics.recording.level = INFO
	metrics.sample.window.ms = 30000
	partitioner.adaptive.partitioning.enable = true
	partitioner.availability.timeout.ms = 0
	partitioner.class = null
	partitioner.ignore.keys = false
	receive.buffer.bytes = 32768
	reconnect.backoff.max.ms = 1000
	reconnect.backoff.ms = 50
	request.timeout.ms = 5000
	retries = 2147483647
	retry.backoff.max.ms = 1000
	retry.backoff.ms = 100
	sasl.client.callback.handler.class = null
	sasl.jaas.config = null
	sasl.kerberos.kinit.cmd = /usr/bin/kinit
	sasl.kerberos.min.time.before.relogin = 60000
	sasl.kerberos.service.name = null
	sasl.kerberos.ticket.renew.jitter = 0.05
	sasl.kerberos.ticket.renew.window.factor = 0.8
	sasl.login.callback.handler.class = null
	sasl.login.class = null
	sasl.login.connect.timeout.ms = null
	sasl.login.read.timeout.ms = null
	sasl.login.refresh.buffer.seconds = 300
	sasl.login.refresh.min.period.seconds = 60
	sasl.login.refresh.window.factor = 0.8
	sasl.login.refresh.window.jitter = 0.05
	sasl.login.retry.backoff.max.ms = 10000
	sasl.login.retry.backoff.ms = 100
	sasl.mechanism = GSSAPI
	sasl.oauthbearer.clock.skew.seconds = 30
	sasl.oauthbearer.expected.audience = null
	sasl.oauthbearer.expected.issuer = null
	sasl.oauthbearer.header.urlencode = false
	sasl.oauthbearer.jwks.endpoint.refresh.ms = 3600000
	sasl.oauthbearer.jwks.endpoint.retry.backoff.max.ms = 10000
	sasl.oauthbearer.jwks.endpoint.retry.backoff.ms = 100
	sasl.oauthbearer.jwks.endpoint.url = null
	sasl.oauthbearer.scope.claim.name = scope
	sasl.oauthbearer.sub.claim.name = sub
	sasl.oauthbearer.token.endpoint.url = null
	security.protocol = PLAINTEXT
	security.providers = null
	send.buffer.bytes = 131072
	socket.connection.setup.timeout.max.ms = 30000
	socket.connection.setup.timeout.ms = 10000
	ssl.cipher.suites = null
	ssl.enabled.protocols = [TLSv1.2, TLSv1.3]
	ssl.endpoint.identification.algorithm = https
	ssl.engine.factory.class = null
	ssl.key.password = null
	ssl.keymanager.algorithm = SunX509
	ssl.keystore.certificate.chain = null
	ssl.keystore.key = null
	ssl.keystore.location = null
	ssl.keystore.password = null
	ssl.keystore.type = JKS
	ssl.protocol = TLSv1.3
	ssl.provider = null
	ssl.secure.random.implementation = null
	ssl.trustmanager.algorithm = PKIX
	ssl.truststore.certificates = null
	ssl.truststore.location = null
	ssl.truststore.password = null
	ssl.truststore.type = JKS
	transaction.timeout.ms = 60000
	transactional.id = null
	value.serializer = class io.apicurio.registry.serde.avro.AvroKafkaSerializer

2025-08-13 02:19:56,285 INFO  [org.apa.kaf.com.tel.int.KafkaMetricsCollector] (main) initializing Kafka metrics collector
2025-08-13 02:19:56,291 INFO  [org.apa.kaf.cli.pro.KafkaProducer] (main) [Producer clientId=Producer-topic-23258574_64f2_4fe2_ac2f_c97d799404af] Instantiated an idempotent producer.
2025-08-13 02:19:56,294 INFO  [org.apa.kaf.cli.pro.ProducerConfig] (main) These configurations '[apicurio.registry.url, apicurio.registry.artifact-resolver-strategy]' were supplied but are not used yet.
2025-08-13 02:19:56,294 INFO  [org.apa.kaf.com.uti.AppInfoParser] (main) Kafka version: 3.9.1
2025-08-13 02:19:56,294 INFO  [org.apa.kaf.com.uti.AppInfoParser] (main) Kafka commitId: f745dfdcee2b9851
2025-08-13 02:19:56,294 INFO  [org.apa.kaf.com.uti.AppInfoParser] (main) Kafka startTimeMs: 1755051596294
**** Registry Base URL: http://registry-app-ksql047.apps.ci419.apicurio-testing.org:80
2025-08-13 02:19:56,294 INFO  [org.apa.kaf.cli.pro.ProducerConfig] (main) ProducerConfig values: 
	acks = -1
	auto.include.jmx.reporter = true
	batch.size = 16384
	bootstrap.servers = [PLAINTEXT://localhost:32769]
	buffer.memory = 33554432
	client.dns.lookup = use_all_dns_ips
	client.id = Producer-topic-622b7a97_a276_4bd9_8a9c_cadece044e50
	compression.gzip.level = -1
	compression.lz4.level = 9
	compression.type = none
	compression.zstd.level = 3
	connections.max.idle.ms = 10000
	delivery.timeout.ms = 120000
	enable.idempotence = true
	enable.metrics.push = true
	interceptor.classes = []
	key.serializer = class org.apache.kafka.common.serialization.StringSerializer
	linger.ms = 0
	max.block.ms = 60000
	max.in.flight.requests.per.connection = 5
	max.request.size = 1048576
	metadata.max.age.ms = 300000
	metadata.max.idle.ms = 300000
	metadata.recovery.strategy = none
	metric.reporters = []
	metrics.num.samples = 2
	metrics.recording.level = INFO
	metrics.sample.window.ms = 30000
	partitioner.adaptive.partitioning.enable = true
	partitioner.availability.timeout.ms = 0
	partitioner.class = null
	partitioner.ignore.keys = false
	receive.buffer.bytes = 32768
	reconnect.backoff.max.ms = 1000
	reconnect.backoff.ms = 50
	request.timeout.ms = 5000
	retries = 2147483647
	retry.backoff.max.ms = 1000
	retry.backoff.ms = 100
	sasl.client.callback.handler.class = null
	sasl.jaas.config = null
	sasl.kerberos.kinit.cmd = /usr/bin/kinit
	sasl.kerberos.min.time.before.relogin = 60000
	sasl.kerberos.service.name = null
	sasl.kerberos.ticket.renew.jitter = 0.05
	sasl.kerberos.ticket.renew.window.factor = 0.8
	sasl.login.callback.handler.class = null
	sasl.login.class = null
	sasl.login.connect.timeout.ms = null
	sasl.login.read.timeout.ms = null
	sasl.login.refresh.buffer.seconds = 300
	sasl.login.refresh.min.period.seconds = 60
	sasl.login.refresh.window.factor = 0.8
	sasl.login.refresh.window.jitter = 0.05
	sasl.login.retry.backoff.max.ms = 10000
	sasl.login.retry.backoff.ms = 100
	sasl.mechanism = GSSAPI
	sasl.oauthbearer.clock.skew.seconds = 30
	sasl.oauthbearer.expected.audience = null
	sasl.oauthbearer.expected.issuer = null
	sasl.oauthbearer.header.urlencode = false
	sasl.oauthbearer.jwks.endpoint.refresh.ms = 3600000
	sasl.oauthbearer.jwks.endpoint.retry.backoff.max.ms = 10000
	sasl.oauthbearer.jwks.endpoint.retry.backoff.ms = 100
	sasl.oauthbearer.jwks.endpoint.url = null
	sasl.oauthbearer.scope.claim.name = scope
	sasl.oauthbearer.sub.claim.name = sub
	sasl.oauthbearer.token.endpoint.url = null
	security.protocol = PLAINTEXT
	security.providers = null
	send.buffer.bytes = 131072
	socket.connection.setup.timeout.max.ms = 30000
	socket.connection.setup.timeout.ms = 10000
	ssl.cipher.suites = null
	ssl.enabled.protocols = [TLSv1.2, TLSv1.3]
	ssl.endpoint.identification.algorithm = https
	ssl.engine.factory.class = null
	ssl.key.password = null
	ssl.keymanager.algorithm = SunX509
	ssl.keystore.certificate.chain = null
	ssl.keystore.key = null
	ssl.keystore.location = null
	ssl.keystore.password = null
	ssl.keystore.type = JKS
	ssl.protocol = TLSv1.3
	ssl.provider = null
	ssl.secure.random.implementation = null
	ssl.trustmanager.algorithm = PKIX
	ssl.truststore.certificates = null
	ssl.truststore.location = null
	ssl.truststore.password = null
	ssl.truststore.type = JKS
	transaction.timeout.ms = 60000
	transactional.id = null
	value.serializer = class io.apicurio.registry.serde.avro.AvroKafkaSerializer

2025-08-13 02:19:56,295 INFO  [org.apa.kaf.com.tel.int.KafkaMetricsCollector] (main) initializing Kafka metrics collector
2025-08-13 02:19:56,300 INFO  [org.apa.kaf.cli.Metadata] (kafka-producer-network-thread | Producer-topic-23258574_64f2_4fe2_ac2f_c97d799404af) [Producer clientId=Producer-topic-23258574_64f2_4fe2_ac2f_c97d799404af] Cluster ID: RhahJUjfTxKIJlGmUjwdsg
2025-08-13 02:19:56,301 INFO  [org.apa.kaf.cli.pro.int.TransactionManager] (kafka-producer-network-thread | Producer-topic-23258574_64f2_4fe2_ac2f_c97d799404af) [Producer clientId=Producer-topic-23258574_64f2_4fe2_ac2f_c97d799404af] ProducerId set to 19 with epoch 0
2025-08-13 02:19:56,303 INFO  [org.apa.kaf.cli.pro.KafkaProducer] (main) [Producer clientId=Producer-topic-622b7a97_a276_4bd9_8a9c_cadece044e50] Instantiated an idempotent producer.
2025-08-13 02:19:56,304 INFO  [org.apa.kaf.cli.pro.ProducerConfig] (main) These configurations '[apicurio.registry.url, apicurio.registry.artifact-resolver-strategy]' were supplied but are not used yet.
2025-08-13 02:19:56,305 INFO  [org.apa.kaf.com.uti.AppInfoParser] (main) Kafka version: 3.9.1
2025-08-13 02:19:56,305 INFO  [org.apa.kaf.com.uti.AppInfoParser] (main) Kafka commitId: f745dfdcee2b9851
2025-08-13 02:19:56,305 INFO  [org.apa.kaf.com.uti.AppInfoParser] (main) Kafka startTimeMs: 1755051596305
**** Registry Base URL: http://registry-app-ksql047.apps.ci419.apicurio-testing.org:80
2025-08-13 02:19:56,305 INFO  [org.apa.kaf.cli.pro.ProducerConfig] (main) ProducerConfig values: 
	acks = -1
	auto.include.jmx.reporter = true
	batch.size = 16384
	bootstrap.servers = [PLAINTEXT://localhost:32769]
	buffer.memory = 33554432
	client.dns.lookup = use_all_dns_ips
	client.id = Producer-topic-f1685c1b_3c7c_424d_bdfa_cd809013576b
	compression.gzip.level = -1
	compression.lz4.level = 9
	compression.type = none
	compression.zstd.level = 3
	connections.max.idle.ms = 10000
	delivery.timeout.ms = 120000
	enable.idempotence = true
	enable.metrics.push = true
	interceptor.classes = []
	key.serializer = class org.apache.kafka.common.serialization.StringSerializer
	linger.ms = 0
	max.block.ms = 60000
	max.in.flight.requests.per.connection = 5
	max.request.size = 1048576
	metadata.max.age.ms = 300000
	metadata.max.idle.ms = 300000
	metadata.recovery.strategy = none
	metric.reporters = []
	metrics.num.samples = 2
	metrics.recording.level = INFO
	metrics.sample.window.ms = 30000
	partitioner.adaptive.partitioning.enable = true
	partitioner.availability.timeout.ms = 0
	partitioner.class = null
	partitioner.ignore.keys = false
	receive.buffer.bytes = 32768
	reconnect.backoff.max.ms = 1000
	reconnect.backoff.ms = 50
	request.timeout.ms = 5000
	retries = 2147483647
	retry.backoff.max.ms = 1000
	retry.backoff.ms = 100
	sasl.client.callback.handler.class = null
	sasl.jaas.config = null
	sasl.kerberos.kinit.cmd = /usr/bin/kinit
	sasl.kerberos.min.time.before.relogin = 60000
	sasl.kerberos.service.name = null
	sasl.kerberos.ticket.renew.jitter = 0.05
	sasl.kerberos.ticket.renew.window.factor = 0.8
	sasl.login.callback.handler.class = null
	sasl.login.class = null
	sasl.login.connect.timeout.ms = null
	sasl.login.read.timeout.ms = null
	sasl.login.refresh.buffer.seconds = 300
	sasl.login.refresh.min.period.seconds = 60
	sasl.login.refresh.window.factor = 0.8
	sasl.login.refresh.window.jitter = 0.05
	sasl.login.retry.backoff.max.ms = 10000
	sasl.login.retry.backoff.ms = 100
	sasl.mechanism = GSSAPI
	sasl.oauthbearer.clock.skew.seconds = 30
	sasl.oauthbearer.expected.audience = null
	sasl.oauthbearer.expected.issuer = null
	sasl.oauthbearer.header.urlencode = false
	sasl.oauthbearer.jwks.endpoint.refresh.ms = 3600000
	sasl.oauthbearer.jwks.endpoint.retry.backoff.max.ms = 10000
	sasl.oauthbearer.jwks.endpoint.retry.backoff.ms = 100
	sasl.oauthbearer.jwks.endpoint.url = null
	sasl.oauthbearer.scope.claim.name = scope
	sasl.oauthbearer.sub.claim.name = sub
	sasl.oauthbearer.token.endpoint.url = null
	security.protocol = PLAINTEXT
	security.providers = null
	send.buffer.bytes = 131072
	socket.connection.setup.timeout.max.ms = 30000
	socket.connection.setup.timeout.ms = 10000
	ssl.cipher.suites = null
	ssl.enabled.protocols = [TLSv1.2, TLSv1.3]
	ssl.endpoint.identification.algorithm = https
	ssl.engine.factory.class = null
	ssl.key.password = null
	ssl.keymanager.algorithm = SunX509
	ssl.keystore.certificate.chain = null
	ssl.keystore.key = null
	ssl.keystore.location = null
	ssl.keystore.password = null
	ssl.keystore.type = JKS
	ssl.protocol = TLSv1.3
	ssl.provider = null
	ssl.secure.random.implementation = null
	ssl.trustmanager.algorithm = PKIX
	ssl.truststore.certificates = null
	ssl.truststore.location = null
	ssl.truststore.password = null
	ssl.truststore.type = JKS
	transaction.timeout.ms = 60000
	transactional.id = null
	value.serializer = class io.apicurio.registry.serde.avro.AvroKafkaSerializer

2025-08-13 02:19:56,305 INFO  [org.apa.kaf.com.tel.int.KafkaMetricsCollector] (main) initializing Kafka metrics collector
2025-08-13 02:19:56,309 INFO  [org.apa.kaf.cli.Metadata] (kafka-producer-network-thread | Producer-topic-622b7a97_a276_4bd9_8a9c_cadece044e50) [Producer clientId=Producer-topic-622b7a97_a276_4bd9_8a9c_cadece044e50] Cluster ID: RhahJUjfTxKIJlGmUjwdsg
2025-08-13 02:19:56,314 INFO  [org.apa.kaf.cli.pro.KafkaProducer] (main) [Producer clientId=Producer-topic-f1685c1b_3c7c_424d_bdfa_cd809013576b] Instantiated an idempotent producer.
2025-08-13 02:19:56,315 INFO  [org.apa.kaf.cli.pro.int.TransactionManager] (kafka-producer-network-thread | Producer-topic-622b7a97_a276_4bd9_8a9c_cadece044e50) [Producer clientId=Producer-topic-622b7a97_a276_4bd9_8a9c_cadece044e50] ProducerId set to 20 with epoch 0
2025-08-13 02:19:56,319 INFO  [org.apa.kaf.cli.pro.ProducerConfig] (main) These configurations '[apicurio.registry.url, apicurio.registry.artifact-resolver-strategy]' were supplied but are not used yet.
2025-08-13 02:19:56,319 INFO  [org.apa.kaf.com.uti.AppInfoParser] (main) Kafka version: 3.9.1
2025-08-13 02:19:56,319 INFO  [org.apa.kaf.com.uti.AppInfoParser] (main) Kafka commitId: f745dfdcee2b9851
2025-08-13 02:19:56,319 INFO  [org.apa.kaf.com.uti.AppInfoParser] (main) Kafka startTimeMs: 1755051596319
**** Registry Base URL: http://registry-app-ksql047.apps.ci419.apicurio-testing.org:80
2025-08-13 02:19:56,320 INFO  [org.apa.kaf.cli.con.ConsumerConfig] (main) ConsumerConfig values: 
	allow.auto.create.topics = true
	auto.commit.interval.ms = 500
	auto.include.jmx.reporter = true
	auto.offset.reset = earliest
	bootstrap.servers = [PLAINTEXT://localhost:32769]
	check.crcs = true
	client.dns.lookup = use_all_dns_ips
	client.id = consumer-Consumer-topic-23258574_64f2_4fe2_ac2f_c97d799404af-14
	client.rack = 
	connections.max.idle.ms = 10000
	default.api.timeout.ms = 60000
	enable.auto.commit = true
	enable.metrics.push = true
	exclude.internal.topics = true
	fetch.max.bytes = 52428800
	fetch.max.wait.ms = 500
	fetch.min.bytes = 1
	group.id = Consumer-topic-23258574_64f2_4fe2_ac2f_c97d799404af
	group.instance.id = null
	group.protocol = classic
	group.remote.assignor = null
	heartbeat.interval.ms = 3000
	interceptor.classes = []
	internal.leave.group.on.close = true
	internal.throw.on.fetch.stable.offset.unsupported = false
	isolation.level = read_uncommitted
	key.deserializer = class org.apache.kafka.common.serialization.StringDeserializer
	max.partition.fetch.bytes = 1048576
	max.poll.interval.ms = 300000
	max.poll.records = 500
	metadata.max.age.ms = 300000
	metadata.recovery.strategy = none
	metric.reporters = []
	metrics.num.samples = 2
	metrics.recording.level = INFO
	metrics.sample.window.ms = 30000
	partition.assignment.strategy = [class org.apache.kafka.clients.consumer.RangeAssignor, class org.apache.kafka.clients.consumer.CooperativeStickyAssignor]
	receive.buffer.bytes = 65536
	reconnect.backoff.max.ms = 1000
	reconnect.backoff.ms = 50
	request.timeout.ms = 5000
	retry.backoff.max.ms = 1000
	retry.backoff.ms = 100
	sasl.client.callback.handler.class = null
	sasl.jaas.config = null
	sasl.kerberos.kinit.cmd = /usr/bin/kinit
	sasl.kerberos.min.time.before.relogin = 60000
	sasl.kerberos.service.name = null
	sasl.kerberos.ticket.renew.jitter = 0.05
	sasl.kerberos.ticket.renew.window.factor = 0.8
	sasl.login.callback.handler.class = null
	sasl.login.class = null
	sasl.login.connect.timeout.ms = null
	sasl.login.read.timeout.ms = null
	sasl.login.refresh.buffer.seconds = 300
	sasl.login.refresh.min.period.seconds = 60
	sasl.login.refresh.window.factor = 0.8
	sasl.login.refresh.window.jitter = 0.05
	sasl.login.retry.backoff.max.ms = 10000
	sasl.login.retry.backoff.ms = 100
	sasl.mechanism = GSSAPI
	sasl.oauthbearer.clock.skew.seconds = 30
	sasl.oauthbearer.expected.audience = null
	sasl.oauthbearer.expected.issuer = null
	sasl.oauthbearer.header.urlencode = false
	sasl.oauthbearer.jwks.endpoint.refresh.ms = 3600000
	sasl.oauthbearer.jwks.endpoint.retry.backoff.max.ms = 10000
	sasl.oauthbearer.jwks.endpoint.retry.backoff.ms = 100
	sasl.oauthbearer.jwks.endpoint.url = null
	sasl.oauthbearer.scope.claim.name = scope
	sasl.oauthbearer.sub.claim.name = sub
	sasl.oauthbearer.token.endpoint.url = null
	security.protocol = PLAINTEXT
	security.providers = null
	send.buffer.bytes = 131072
	session.timeout.ms = 45000
	socket.connection.setup.timeout.max.ms = 30000
	socket.connection.setup.timeout.ms = 10000
	ssl.cipher.suites = null
	ssl.enabled.protocols = [TLSv1.2, TLSv1.3]
	ssl.endpoint.identification.algorithm = https
	ssl.engine.factory.class = null
	ssl.key.password = null
	ssl.keymanager.algorithm = SunX509
	ssl.keystore.certificate.chain = null
	ssl.keystore.key = null
	ssl.keystore.location = null
	ssl.keystore.password = null
	ssl.keystore.type = JKS
	ssl.protocol = TLSv1.3
	ssl.provider = null
	ssl.secure.random.implementation = null
	ssl.trustmanager.algorithm = PKIX
	ssl.truststore.certificates = null
	ssl.truststore.location = null
	ssl.truststore.password = null
	ssl.truststore.type = JKS
	value.deserializer = class io.apicurio.registry.serde.avro.AvroKafkaDeserializer

2025-08-13 02:19:56,320 INFO  [org.apa.kaf.com.tel.int.KafkaMetricsCollector] (main) initializing Kafka metrics collector
2025-08-13 02:19:56,323 INFO  [org.apa.kaf.cli.Metadata] (kafka-producer-network-thread | Producer-topic-f1685c1b_3c7c_424d_bdfa_cd809013576b) [Producer clientId=Producer-topic-f1685c1b_3c7c_424d_bdfa_cd809013576b] Cluster ID: RhahJUjfTxKIJlGmUjwdsg
2025-08-13 02:19:56,323 INFO  [org.apa.kaf.cli.pro.int.TransactionManager] (kafka-producer-network-thread | Producer-topic-f1685c1b_3c7c_424d_bdfa_cd809013576b) [Producer clientId=Producer-topic-f1685c1b_3c7c_424d_bdfa_cd809013576b] ProducerId set to 21 with epoch 0
2025-08-13 02:19:56,328 INFO  [org.apa.kaf.cli.con.ConsumerConfig] (main) These configurations '[apicurio.registry.url]' were supplied but are not used yet.
2025-08-13 02:19:56,329 INFO  [org.apa.kaf.com.uti.AppInfoParser] (main) Kafka version: 3.9.1
2025-08-13 02:19:56,329 INFO  [org.apa.kaf.com.uti.AppInfoParser] (main) Kafka commitId: f745dfdcee2b9851
2025-08-13 02:19:56,329 INFO  [org.apa.kaf.com.uti.AppInfoParser] (main) Kafka startTimeMs: 1755051596329
**** Registry Base URL: http://registry-app-ksql047.apps.ci419.apicurio-testing.org:80
2025-08-13 02:19:56,329 INFO  [org.apa.kaf.cli.con.ConsumerConfig] (main) ConsumerConfig values: 
	allow.auto.create.topics = true
	auto.commit.interval.ms = 500
	auto.include.jmx.reporter = true
	auto.offset.reset = earliest
	bootstrap.servers = [PLAINTEXT://localhost:32769]
	check.crcs = true
	client.dns.lookup = use_all_dns_ips
	client.id = consumer-Consumer-topic-622b7a97_a276_4bd9_8a9c_cadece044e50-15
	client.rack = 
	connections.max.idle.ms = 10000
	default.api.timeout.ms = 60000
	enable.auto.commit = true
	enable.metrics.push = true
	exclude.internal.topics = true
	fetch.max.bytes = 52428800
	fetch.max.wait.ms = 500
	fetch.min.bytes = 1
	group.id = Consumer-topic-622b7a97_a276_4bd9_8a9c_cadece044e50
	group.instance.id = null
	group.protocol = classic
	group.remote.assignor = null
	heartbeat.interval.ms = 3000
	interceptor.classes = []
	internal.leave.group.on.close = true
	internal.throw.on.fetch.stable.offset.unsupported = false
	isolation.level = read_uncommitted
	key.deserializer = class org.apache.kafka.common.serialization.StringDeserializer
	max.partition.fetch.bytes = 1048576
	max.poll.interval.ms = 300000
	max.poll.records = 500
	metadata.max.age.ms = 300000
	metadata.recovery.strategy = none
	metric.reporters = []
	metrics.num.samples = 2
	metrics.recording.level = INFO
	metrics.sample.window.ms = 30000
	partition.assignment.strategy = [class org.apache.kafka.clients.consumer.RangeAssignor, class org.apache.kafka.clients.consumer.CooperativeStickyAssignor]
	receive.buffer.bytes = 65536
	reconnect.backoff.max.ms = 1000
	reconnect.backoff.ms = 50
	request.timeout.ms = 5000
	retry.backoff.max.ms = 1000
	retry.backoff.ms = 100
	sasl.client.callback.handler.class = null
	sasl.jaas.config = null
	sasl.kerberos.kinit.cmd = /usr/bin/kinit
	sasl.kerberos.min.time.before.relogin = 60000
	sasl.kerberos.service.name = null
	sasl.kerberos.ticket.renew.jitter = 0.05
	sasl.kerberos.ticket.renew.window.factor = 0.8
	sasl.login.callback.handler.class = null
	sasl.login.class = null
	sasl.login.connect.timeout.ms = null
	sasl.login.read.timeout.ms = null
	sasl.login.refresh.buffer.seconds = 300
	sasl.login.refresh.min.period.seconds = 60
	sasl.login.refresh.window.factor = 0.8
	sasl.login.refresh.window.jitter = 0.05
	sasl.login.retry.backoff.max.ms = 10000
	sasl.login.retry.backoff.ms = 100
	sasl.mechanism = GSSAPI
	sasl.oauthbearer.clock.skew.seconds = 30
	sasl.oauthbearer.expected.audience = null
	sasl.oauthbearer.expected.issuer = null
	sasl.oauthbearer.header.urlencode = false
	sasl.oauthbearer.jwks.endpoint.refresh.ms = 3600000
	sasl.oauthbearer.jwks.endpoint.retry.backoff.max.ms = 10000
	sasl.oauthbearer.jwks.endpoint.retry.backoff.ms = 100
	sasl.oauthbearer.jwks.endpoint.url = null
	sasl.oauthbearer.scope.claim.name = scope
	sasl.oauthbearer.sub.claim.name = sub
	sasl.oauthbearer.token.endpoint.url = null
	security.protocol = PLAINTEXT
	security.providers = null
	send.buffer.bytes = 131072
	session.timeout.ms = 45000
	socket.connection.setup.timeout.max.ms = 30000
	socket.connection.setup.timeout.ms = 10000
	ssl.cipher.suites = null
	ssl.enabled.protocols = [TLSv1.2, TLSv1.3]
	ssl.endpoint.identification.algorithm = https
	ssl.engine.factory.class = null
	ssl.key.password = null
	ssl.keymanager.algorithm = SunX509
	ssl.keystore.certificate.chain = null
	ssl.keystore.key = null
	ssl.keystore.location = null
	ssl.keystore.password = null
	ssl.keystore.type = JKS
	ssl.protocol = TLSv1.3
	ssl.provider = null
	ssl.secure.random.implementation = null
	ssl.trustmanager.algorithm = PKIX
	ssl.truststore.certificates = null
	ssl.truststore.location = null
	ssl.truststore.password = null
	ssl.truststore.type = JKS
	value.deserializer = class io.apicurio.registry.serde.avro.AvroKafkaDeserializer

2025-08-13 02:19:56,330 INFO  [org.apa.kaf.com.tel.int.KafkaMetricsCollector] (main) initializing Kafka metrics collector
2025-08-13 02:19:56,336 INFO  [org.apa.kaf.cli.con.ConsumerConfig] (main) These configurations '[apicurio.registry.url]' were supplied but are not used yet.
2025-08-13 02:19:56,336 INFO  [org.apa.kaf.com.uti.AppInfoParser] (main) Kafka version: 3.9.1
2025-08-13 02:19:56,336 INFO  [org.apa.kaf.com.uti.AppInfoParser] (main) Kafka commitId: f745dfdcee2b9851
2025-08-13 02:19:56,336 INFO  [org.apa.kaf.com.uti.AppInfoParser] (main) Kafka startTimeMs: 1755051596336
**** Registry Base URL: http://registry-app-ksql047.apps.ci419.apicurio-testing.org:80
2025-08-13 02:19:56,336 INFO  [org.apa.kaf.cli.con.ConsumerConfig] (main) ConsumerConfig values: 
	allow.auto.create.topics = true
	auto.commit.interval.ms = 500
	auto.include.jmx.reporter = true
	auto.offset.reset = earliest
	bootstrap.servers = [PLAINTEXT://localhost:32769]
	check.crcs = true
	client.dns.lookup = use_all_dns_ips
	client.id = consumer-Consumer-topic-f1685c1b_3c7c_424d_bdfa_cd809013576b-16
	client.rack = 
	connections.max.idle.ms = 10000
	default.api.timeout.ms = 60000
	enable.auto.commit = true
	enable.metrics.push = true
	exclude.internal.topics = true
	fetch.max.bytes = 52428800
	fetch.max.wait.ms = 500
	fetch.min.bytes = 1
	group.id = Consumer-topic-f1685c1b_3c7c_424d_bdfa_cd809013576b
	group.instance.id = null
	group.protocol = classic
	group.remote.assignor = null
	heartbeat.interval.ms = 3000
	interceptor.classes = []
	internal.leave.group.on.close = true
	internal.throw.on.fetch.stable.offset.unsupported = false
	isolation.level = read_uncommitted
	key.deserializer = class org.apache.kafka.common.serialization.StringDeserializer
	max.partition.fetch.bytes = 1048576
	max.poll.interval.ms = 300000
	max.poll.records = 500
	metadata.max.age.ms = 300000
	metadata.recovery.strategy = none
	metric.reporters = []
	metrics.num.samples = 2
	metrics.recording.level = INFO
	metrics.sample.window.ms = 30000
	partition.assignment.strategy = [class org.apache.kafka.clients.consumer.RangeAssignor, class org.apache.kafka.clients.consumer.CooperativeStickyAssignor]
	receive.buffer.bytes = 65536
	reconnect.backoff.max.ms = 1000
	reconnect.backoff.ms = 50
	request.timeout.ms = 5000
	retry.backoff.max.ms = 1000
	retry.backoff.ms = 100
	sasl.client.callback.handler.class = null
	sasl.jaas.config = null
	sasl.kerberos.kinit.cmd = /usr/bin/kinit
	sasl.kerberos.min.time.before.relogin = 60000
	sasl.kerberos.service.name = null
	sasl.kerberos.ticket.renew.jitter = 0.05
	sasl.kerberos.ticket.renew.window.factor = 0.8
	sasl.login.callback.handler.class = null
	sasl.login.class = null
	sasl.login.connect.timeout.ms = null
	sasl.login.read.timeout.ms = null
	sasl.login.refresh.buffer.seconds = 300
	sasl.login.refresh.min.period.seconds = 60
	sasl.login.refresh.window.factor = 0.8
	sasl.login.refresh.window.jitter = 0.05
	sasl.login.retry.backoff.max.ms = 10000
	sasl.login.retry.backoff.ms = 100
	sasl.mechanism = GSSAPI
	sasl.oauthbearer.clock.skew.seconds = 30
	sasl.oauthbearer.expected.audience = null
	sasl.oauthbearer.expected.issuer = null
	sasl.oauthbearer.header.urlencode = false
	sasl.oauthbearer.jwks.endpoint.refresh.ms = 3600000
	sasl.oauthbearer.jwks.endpoint.retry.backoff.max.ms = 10000
	sasl.oauthbearer.jwks.endpoint.retry.backoff.ms = 100
	sasl.oauthbearer.jwks.endpoint.url = null
	sasl.oauthbearer.scope.claim.name = scope
	sasl.oauthbearer.sub.claim.name = sub
	sasl.oauthbearer.token.endpoint.url = null
	security.protocol = PLAINTEXT
	security.providers = null
	send.buffer.bytes = 131072
	session.timeout.ms = 45000
	socket.connection.setup.timeout.max.ms = 30000
	socket.connection.setup.timeout.ms = 10000
	ssl.cipher.suites = null
	ssl.enabled.protocols = [TLSv1.2, TLSv1.3]
	ssl.endpoint.identification.algorithm = https
	ssl.engine.factory.class = null
	ssl.key.password = null
	ssl.keymanager.algorithm = SunX509
	ssl.keystore.certificate.chain = null
	ssl.keystore.key = null
	ssl.keystore.location = null
	ssl.keystore.password = null
	ssl.keystore.type = JKS
	ssl.protocol = TLSv1.3
	ssl.provider = null
	ssl.secure.random.implementation = null
	ssl.trustmanager.algorithm = PKIX
	ssl.truststore.certificates = null
	ssl.truststore.location = null
	ssl.truststore.password = null
	ssl.truststore.type = JKS
	value.deserializer = class io.apicurio.registry.serde.avro.AvroKafkaDeserializer

2025-08-13 02:19:56,336 INFO  [org.apa.kaf.com.tel.int.KafkaMetricsCollector] (main) initializing Kafka metrics collector
2025-08-13 02:19:56,344 INFO  [org.apa.kaf.cli.con.ConsumerConfig] (main) These configurations '[apicurio.registry.url]' were supplied but are not used yet.
2025-08-13 02:19:56,344 INFO  [org.apa.kaf.com.uti.AppInfoParser] (main) Kafka version: 3.9.1
2025-08-13 02:19:56,344 INFO  [org.apa.kaf.com.uti.AppInfoParser] (main) Kafka commitId: f745dfdcee2b9851
2025-08-13 02:19:56,344 INFO  [org.apa.kaf.com.uti.AppInfoParser] (main) Kafka startTimeMs: 1755051596344
2025-08-13 02:19:56,345 INFO  [io.api.tes.ser.api.KafkaSerdesTester] (Thread-713) Sending message {"key11755051595181": "value-0"} to topic topic-23258574_64f2_4fe2_ac2f_c97d799404af
2025-08-13 02:19:56,347 INFO  [DefaultSchemaResolver] (Thread-713) Retrieving schema content using string: {"type":"record","name":"myrecordconfluent","fields":[{"name":"key11755051595181","type":"string"}]}
2025-08-13 02:19:56,400 INFO  [io.api.tes.ser.api.KafkaSerdesTester] (Thread-713) Sending message {"key11755051595181": "value-1"} to topic topic-23258574_64f2_4fe2_ac2f_c97d799404af
2025-08-13 02:19:56,401 INFO  [io.api.tes.ser.api.KafkaSerdesTester] (Thread-713) Sending message {"key11755051595181": "value-2"} to topic topic-23258574_64f2_4fe2_ac2f_c97d799404af
2025-08-13 02:19:56,403 INFO  [io.api.tes.ser.api.KafkaSerdesTester] (Thread-713) Sending message {"key11755051595181": "value-3"} to topic topic-23258574_64f2_4fe2_ac2f_c97d799404af
2025-08-13 02:19:56,404 INFO  [io.api.tes.ser.api.KafkaSerdesTester] (Thread-713) Sending message {"key11755051595181": "value-4"} to topic topic-23258574_64f2_4fe2_ac2f_c97d799404af
2025-08-13 02:19:56,405 INFO  [io.api.tes.ser.api.KafkaSerdesTester] (Thread-713) Sending message {"key11755051595181": "value-5"} to topic topic-23258574_64f2_4fe2_ac2f_c97d799404af
2025-08-13 02:19:56,406 INFO  [io.api.tes.ser.api.KafkaSerdesTester] (Thread-713) Sending message {"key11755051595181": "value-6"} to topic topic-23258574_64f2_4fe2_ac2f_c97d799404af
2025-08-13 02:19:56,408 INFO  [io.api.tes.ser.api.KafkaSerdesTester] (Thread-713) Sending message {"key11755051595181": "value-7"} to topic topic-23258574_64f2_4fe2_ac2f_c97d799404af
2025-08-13 02:19:56,409 INFO  [io.api.tes.ser.api.KafkaSerdesTester] (Thread-713) Sending message {"key11755051595181": "value-8"} to topic topic-23258574_64f2_4fe2_ac2f_c97d799404af
2025-08-13 02:19:56,410 INFO  [io.api.tes.ser.api.KafkaSerdesTester] (Thread-713) Sending message {"key11755051595181": "value-9"} to topic topic-23258574_64f2_4fe2_ac2f_c97d799404af
2025-08-13 02:19:56,411 INFO  [io.api.tes.ser.api.KafkaSerdesTester] (Thread-713) Produced 10 messages
2025-08-13 02:19:56,411 INFO  [org.apa.kaf.cli.pro.KafkaProducer] (Thread-713) [Producer clientId=Producer-topic-23258574_64f2_4fe2_ac2f_c97d799404af] Closing the Kafka producer with timeoutMillis = 9223372036854775807 ms.
2025-08-13 02:19:56,413 INFO  [org.apa.kaf.com.met.Metrics] (Thread-713) Metrics scheduler closed
2025-08-13 02:19:56,413 INFO  [org.apa.kaf.com.met.Metrics] (Thread-713) Closing reporter org.apache.kafka.common.metrics.JmxReporter
2025-08-13 02:19:56,413 INFO  [org.apa.kaf.com.met.Metrics] (Thread-713) Closing reporter org.apache.kafka.common.telemetry.internals.ClientTelemetryReporter
2025-08-13 02:19:56,413 INFO  [org.apa.kaf.com.met.Metrics] (Thread-713) Metrics reporters closed
2025-08-13 02:19:56,413 INFO  [org.apa.kaf.com.uti.AppInfoParser] (Thread-713) App info kafka.producer for Producer-topic-23258574_64f2_4fe2_ac2f_c97d799404af unregistered
2025-08-13 02:19:56,416 INFO  [io.api.tes.ser.api.KafkaSerdesTester] (Thread-714) Sending message {"key11755051595181": "value-0"} to topic topic-622b7a97_a276_4bd9_8a9c_cadece044e50
2025-08-13 02:19:56,418 INFO  [DefaultSchemaResolver] (Thread-714) Retrieving schema content using string: {"type":"record","name":"myrecordconfluent","fields":[{"name":"key11755051595181","type":"string"}]}
2025-08-13 02:19:56,473 INFO  [io.api.tes.ser.api.KafkaSerdesTester] (Thread-714) Sending message {"key11755051595181": "value-1"} to topic topic-622b7a97_a276_4bd9_8a9c_cadece044e50
2025-08-13 02:19:56,474 INFO  [io.api.tes.ser.api.KafkaSerdesTester] (Thread-714) Sending message {"key11755051595181": "value-2"} to topic topic-622b7a97_a276_4bd9_8a9c_cadece044e50
2025-08-13 02:19:56,475 INFO  [io.api.tes.ser.api.KafkaSerdesTester] (Thread-714) Sending message {"key11755051595181": "value-3"} to topic topic-622b7a97_a276_4bd9_8a9c_cadece044e50
2025-08-13 02:19:56,476 INFO  [io.api.tes.ser.api.KafkaSerdesTester] (Thread-714) Sending message {"key11755051595181": "value-4"} to topic topic-622b7a97_a276_4bd9_8a9c_cadece044e50
2025-08-13 02:19:56,477 INFO  [io.api.tes.ser.api.KafkaSerdesTester] (Thread-714) Sending message {"key11755051595181": "value-5"} to topic topic-622b7a97_a276_4bd9_8a9c_cadece044e50
2025-08-13 02:19:56,478 INFO  [io.api.tes.ser.api.KafkaSerdesTester] (Thread-714) Sending message {"key11755051595181": "value-6"} to topic topic-622b7a97_a276_4bd9_8a9c_cadece044e50
2025-08-13 02:19:56,479 INFO  [io.api.tes.ser.api.KafkaSerdesTester] (Thread-714) Sending message {"key11755051595181": "value-7"} to topic topic-622b7a97_a276_4bd9_8a9c_cadece044e50
2025-08-13 02:19:56,480 INFO  [io.api.tes.ser.api.KafkaSerdesTester] (Thread-714) Sending message {"key11755051595181": "value-8"} to topic topic-622b7a97_a276_4bd9_8a9c_cadece044e50
2025-08-13 02:19:56,481 INFO  [io.api.tes.ser.api.KafkaSerdesTester] (Thread-714) Sending message {"key11755051595181": "value-9"} to topic topic-622b7a97_a276_4bd9_8a9c_cadece044e50
2025-08-13 02:19:56,482 INFO  [io.api.tes.ser.api.KafkaSerdesTester] (Thread-714) Produced 10 messages
2025-08-13 02:19:56,482 INFO  [org.apa.kaf.cli.pro.KafkaProducer] (Thread-714) [Producer clientId=Producer-topic-622b7a97_a276_4bd9_8a9c_cadece044e50] Closing the Kafka producer with timeoutMillis = 9223372036854775807 ms.
2025-08-13 02:19:56,485 INFO  [org.apa.kaf.com.met.Metrics] (Thread-714) Metrics scheduler closed
2025-08-13 02:19:56,485 INFO  [org.apa.kaf.com.met.Metrics] (Thread-714) Closing reporter org.apache.kafka.common.metrics.JmxReporter
2025-08-13 02:19:56,485 INFO  [org.apa.kaf.com.met.Metrics] (Thread-714) Closing reporter org.apache.kafka.common.telemetry.internals.ClientTelemetryReporter
2025-08-13 02:19:56,485 INFO  [org.apa.kaf.com.met.Metrics] (Thread-714) Metrics reporters closed
2025-08-13 02:19:56,485 INFO  [org.apa.kaf.com.uti.AppInfoParser] (Thread-714) App info kafka.producer for Producer-topic-622b7a97_a276_4bd9_8a9c_cadece044e50 unregistered
2025-08-13 02:19:56,486 INFO  [io.api.tes.ser.api.KafkaSerdesTester] (Thread-715) Sending message {"key11755051595181": "value-0"} to topic topic-f1685c1b_3c7c_424d_bdfa_cd809013576b
2025-08-13 02:19:56,492 INFO  [DefaultSchemaResolver] (Thread-715) Retrieving schema content using string: {"type":"record","name":"myrecordconfluent","fields":[{"name":"key11755051595181","type":"string"}]}
2025-08-13 02:19:56,545 INFO  [io.api.tes.ser.api.KafkaSerdesTester] (Thread-715) Sending message {"key11755051595181": "value-1"} to topic topic-f1685c1b_3c7c_424d_bdfa_cd809013576b
2025-08-13 02:19:56,547 INFO  [io.api.tes.ser.api.KafkaSerdesTester] (Thread-715) Sending message {"key11755051595181": "value-2"} to topic topic-f1685c1b_3c7c_424d_bdfa_cd809013576b
2025-08-13 02:19:56,549 INFO  [io.api.tes.ser.api.KafkaSerdesTester] (Thread-715) Sending message {"key11755051595181": "value-3"} to topic topic-f1685c1b_3c7c_424d_bdfa_cd809013576b
2025-08-13 02:19:56,552 INFO  [io.api.tes.ser.api.KafkaSerdesTester] (Thread-715) Sending message {"key11755051595181": "value-4"} to topic topic-f1685c1b_3c7c_424d_bdfa_cd809013576b
2025-08-13 02:19:56,556 INFO  [io.api.tes.ser.api.KafkaSerdesTester] (Thread-715) Sending message {"key11755051595181": "value-5"} to topic topic-f1685c1b_3c7c_424d_bdfa_cd809013576b
2025-08-13 02:19:56,557 INFO  [io.api.tes.ser.api.KafkaSerdesTester] (Thread-715) Sending message {"key11755051595181": "value-6"} to topic topic-f1685c1b_3c7c_424d_bdfa_cd809013576b
2025-08-13 02:19:56,559 INFO  [io.api.tes.ser.api.KafkaSerdesTester] (Thread-715) Sending message {"key11755051595181": "value-7"} to topic topic-f1685c1b_3c7c_424d_bdfa_cd809013576b
2025-08-13 02:19:56,560 INFO  [io.api.tes.ser.api.KafkaSerdesTester] (Thread-715) Sending message {"key11755051595181": "value-8"} to topic topic-f1685c1b_3c7c_424d_bdfa_cd809013576b
2025-08-13 02:19:56,562 INFO  [io.api.tes.ser.api.KafkaSerdesTester] (Thread-715) Sending message {"key11755051595181": "value-9"} to topic topic-f1685c1b_3c7c_424d_bdfa_cd809013576b
2025-08-13 02:19:56,563 INFO  [io.api.tes.ser.api.KafkaSerdesTester] (Thread-715) Produced 10 messages
2025-08-13 02:19:56,563 INFO  [org.apa.kaf.cli.pro.KafkaProducer] (Thread-715) [Producer clientId=Producer-topic-f1685c1b_3c7c_424d_bdfa_cd809013576b] Closing the Kafka producer with timeoutMillis = 9223372036854775807 ms.
2025-08-13 02:19:56,566 INFO  [org.apa.kaf.com.met.Metrics] (Thread-715) Metrics scheduler closed
2025-08-13 02:19:56,566 INFO  [org.apa.kaf.com.met.Metrics] (Thread-715) Closing reporter org.apache.kafka.common.metrics.JmxReporter
2025-08-13 02:19:56,566 INFO  [org.apa.kaf.com.met.Metrics] (Thread-715) Closing reporter org.apache.kafka.common.telemetry.internals.ClientTelemetryReporter
2025-08-13 02:19:56,566 INFO  [org.apa.kaf.com.met.Metrics] (Thread-715) Metrics reporters closed
2025-08-13 02:19:56,566 INFO  [org.apa.kaf.com.uti.AppInfoParser] (Thread-715) App info kafka.producer for Producer-topic-f1685c1b_3c7c_424d_bdfa_cd809013576b unregistered
2025-08-13 02:19:56,567 INFO  [org.apa.kaf.cli.con.int.ClassicKafkaConsumer] (Thread-716) [Consumer clientId=consumer-Consumer-topic-23258574_64f2_4fe2_ac2f_c97d799404af-14, groupId=Consumer-topic-23258574_64f2_4fe2_ac2f_c97d799404af] Subscribed to topic(s): topic-23258574_64f2_4fe2_ac2f_c97d799404af
2025-08-13 02:19:56,571 INFO  [org.apa.kaf.cli.Metadata] (Thread-716) [Consumer clientId=consumer-Consumer-topic-23258574_64f2_4fe2_ac2f_c97d799404af-14, groupId=Consumer-topic-23258574_64f2_4fe2_ac2f_c97d799404af] Cluster ID: RhahJUjfTxKIJlGmUjwdsg
2025-08-13 02:19:56,572 INFO  [org.apa.kaf.cli.con.int.ConsumerCoordinator] (Thread-716) [Consumer clientId=consumer-Consumer-topic-23258574_64f2_4fe2_ac2f_c97d799404af-14, groupId=Consumer-topic-23258574_64f2_4fe2_ac2f_c97d799404af] Discovered group coordinator localhost:32769 (id: 2147483647 rack: null)
2025-08-13 02:19:56,573 INFO  [org.apa.kaf.cli.con.int.ConsumerCoordinator] (Thread-716) [Consumer clientId=consumer-Consumer-topic-23258574_64f2_4fe2_ac2f_c97d799404af-14, groupId=Consumer-topic-23258574_64f2_4fe2_ac2f_c97d799404af] (Re-)joining group
2025-08-13 02:19:56,575 INFO  [org.apa.kaf.cli.con.int.ConsumerCoordinator] (Thread-716) [Consumer clientId=consumer-Consumer-topic-23258574_64f2_4fe2_ac2f_c97d799404af-14, groupId=Consumer-topic-23258574_64f2_4fe2_ac2f_c97d799404af] Request joining group due to: need to re-join with the given member-id: consumer-Consumer-topic-23258574_64f2_4fe2_ac2f_c97d799404af-14-e08e943b-22e2-4495-8a8e-1f6725ac175e
2025-08-13 02:19:56,575 INFO  [org.apa.kaf.cli.con.int.ConsumerCoordinator] (Thread-716) [Consumer clientId=consumer-Consumer-topic-23258574_64f2_4fe2_ac2f_c97d799404af-14, groupId=Consumer-topic-23258574_64f2_4fe2_ac2f_c97d799404af] (Re-)joining group
2025-08-13 02:19:57,568 INFO  [io.api.tes.ser.api.KafkaSerdesTester] (Thread-716) None found
2025-08-13 02:19:58,568 INFO  [io.api.tes.ser.api.KafkaSerdesTester] (Thread-716) None found
2025-08-13 02:19:59,568 INFO  [io.api.tes.ser.api.KafkaSerdesTester] (Thread-716) None found
2025-08-13 02:19:59,577 INFO  [org.apa.kaf.cli.con.int.ConsumerCoordinator] (Thread-716) [Consumer clientId=consumer-Consumer-topic-23258574_64f2_4fe2_ac2f_c97d799404af-14, groupId=Consumer-topic-23258574_64f2_4fe2_ac2f_c97d799404af] Successfully joined group with generation Generation{generationId=1, memberId='consumer-Consumer-topic-23258574_64f2_4fe2_ac2f_c97d799404af-14-e08e943b-22e2-4495-8a8e-1f6725ac175e', protocol='range'}
2025-08-13 02:19:59,577 INFO  [org.apa.kaf.cli.con.int.ConsumerCoordinator] (Thread-716) [Consumer clientId=consumer-Consumer-topic-23258574_64f2_4fe2_ac2f_c97d799404af-14, groupId=Consumer-topic-23258574_64f2_4fe2_ac2f_c97d799404af] Finished assignment for group at generation 1: {consumer-Consumer-topic-23258574_64f2_4fe2_ac2f_c97d799404af-14-e08e943b-22e2-4495-8a8e-1f6725ac175e=Assignment(partitions=[topic-23258574_64f2_4fe2_ac2f_c97d799404af-0])}
2025-08-13 02:19:59,584 INFO  [org.apa.kaf.cli.con.int.ConsumerCoordinator] (Thread-716) [Consumer clientId=consumer-Consumer-topic-23258574_64f2_4fe2_ac2f_c97d799404af-14, groupId=Consumer-topic-23258574_64f2_4fe2_ac2f_c97d799404af] Successfully synced group in generation Generation{generationId=1, memberId='consumer-Consumer-topic-23258574_64f2_4fe2_ac2f_c97d799404af-14-e08e943b-22e2-4495-8a8e-1f6725ac175e', protocol='range'}
2025-08-13 02:19:59,584 INFO  [org.apa.kaf.cli.con.int.ConsumerCoordinator] (Thread-716) [Consumer clientId=consumer-Consumer-topic-23258574_64f2_4fe2_ac2f_c97d799404af-14, groupId=Consumer-topic-23258574_64f2_4fe2_ac2f_c97d799404af] Notifying assignor about the new Assignment(partitions=[topic-23258574_64f2_4fe2_ac2f_c97d799404af-0])
2025-08-13 02:19:59,584 INFO  [org.apa.kaf.cli.con.int.ConsumerRebalanceListenerInvoker] (Thread-716) [Consumer clientId=consumer-Consumer-topic-23258574_64f2_4fe2_ac2f_c97d799404af-14, groupId=Consumer-topic-23258574_64f2_4fe2_ac2f_c97d799404af] Adding newly assigned partitions: topic-23258574_64f2_4fe2_ac2f_c97d799404af-0
2025-08-13 02:19:59,585 INFO  [org.apa.kaf.cli.con.int.ConsumerCoordinator] (Thread-716) [Consumer clientId=consumer-Consumer-topic-23258574_64f2_4fe2_ac2f_c97d799404af-14, groupId=Consumer-topic-23258574_64f2_4fe2_ac2f_c97d799404af] Found no committed offset for partition topic-23258574_64f2_4fe2_ac2f_c97d799404af-0
2025-08-13 02:19:59,588 INFO  [org.apa.kaf.cli.con.int.SubscriptionState] (Thread-716) [Consumer clientId=consumer-Consumer-topic-23258574_64f2_4fe2_ac2f_c97d799404af-14, groupId=Consumer-topic-23258574_64f2_4fe2_ac2f_c97d799404af] Resetting offset for partition topic-23258574_64f2_4fe2_ac2f_c97d799404af-0 to position FetchPosition{offset=0, offsetEpoch=Optional.empty, currentLeader=LeaderAndEpoch{leader=Optional[localhost:32769 (id: 0 rack: null)], epoch=0}}.
2025-08-13 02:19:59,665 INFO  [io.api.tes.ser.api.KafkaSerdesTester] (Thread-716) topic-23258574_64f2_4fe2_ac2f_c97d799404af 0 0 {"key11755051595181": "value-0"}
2025-08-13 02:19:59,665 INFO  [io.api.tes.ser.api.KafkaSerdesTester] (Thread-716) topic-23258574_64f2_4fe2_ac2f_c97d799404af 0 1 {"key11755051595181": "value-1"}
2025-08-13 02:19:59,665 INFO  [io.api.tes.ser.api.KafkaSerdesTester] (Thread-716) topic-23258574_64f2_4fe2_ac2f_c97d799404af 0 2 {"key11755051595181": "value-2"}
2025-08-13 02:19:59,665 INFO  [io.api.tes.ser.api.KafkaSerdesTester] (Thread-716) topic-23258574_64f2_4fe2_ac2f_c97d799404af 0 3 {"key11755051595181": "value-3"}
2025-08-13 02:19:59,666 INFO  [io.api.tes.ser.api.KafkaSerdesTester] (Thread-716) topic-23258574_64f2_4fe2_ac2f_c97d799404af 0 4 {"key11755051595181": "value-4"}
2025-08-13 02:19:59,666 INFO  [io.api.tes.ser.api.KafkaSerdesTester] (Thread-716) topic-23258574_64f2_4fe2_ac2f_c97d799404af 0 5 {"key11755051595181": "value-5"}
2025-08-13 02:19:59,666 INFO  [io.api.tes.ser.api.KafkaSerdesTester] (Thread-716) topic-23258574_64f2_4fe2_ac2f_c97d799404af 0 6 {"key11755051595181": "value-6"}
2025-08-13 02:19:59,666 INFO  [io.api.tes.ser.api.KafkaSerdesTester] (Thread-716) topic-23258574_64f2_4fe2_ac2f_c97d799404af 0 7 {"key11755051595181": "value-7"}
2025-08-13 02:19:59,666 INFO  [io.api.tes.ser.api.KafkaSerdesTester] (Thread-716) topic-23258574_64f2_4fe2_ac2f_c97d799404af 0 8 {"key11755051595181": "value-8"}
2025-08-13 02:19:59,666 INFO  [io.api.tes.ser.api.KafkaSerdesTester] (Thread-716) topic-23258574_64f2_4fe2_ac2f_c97d799404af 0 9 {"key11755051595181": "value-9"}
2025-08-13 02:19:59,666 INFO  [io.api.tes.ser.api.KafkaSerdesTester] (Thread-716) Consumed 10 messages
2025-08-13 02:19:59,674 INFO  [org.apa.kaf.cli.con.int.ConsumerRebalanceListenerInvoker] (Thread-716) [Consumer clientId=consumer-Consumer-topic-23258574_64f2_4fe2_ac2f_c97d799404af-14, groupId=Consumer-topic-23258574_64f2_4fe2_ac2f_c97d799404af] Revoke previously assigned partitions topic-23258574_64f2_4fe2_ac2f_c97d799404af-0
2025-08-13 02:19:59,674 INFO  [org.apa.kaf.cli.con.int.ConsumerCoordinator] (Thread-716) [Consumer clientId=consumer-Consumer-topic-23258574_64f2_4fe2_ac2f_c97d799404af-14, groupId=Consumer-topic-23258574_64f2_4fe2_ac2f_c97d799404af] Member consumer-Consumer-topic-23258574_64f2_4fe2_ac2f_c97d799404af-14-e08e943b-22e2-4495-8a8e-1f6725ac175e sending LeaveGroup request to coordinator localhost:32769 (id: 2147483647 rack: null) due to the consumer is being closed
2025-08-13 02:19:59,674 INFO  [org.apa.kaf.cli.con.int.ConsumerCoordinator] (Thread-716) [Consumer clientId=consumer-Consumer-topic-23258574_64f2_4fe2_ac2f_c97d799404af-14, groupId=Consumer-topic-23258574_64f2_4fe2_ac2f_c97d799404af] Resetting generation and member id due to: consumer pro-actively leaving the group
2025-08-13 02:19:59,675 INFO  [org.apa.kaf.cli.con.int.ConsumerCoordinator] (Thread-716) [Consumer clientId=consumer-Consumer-topic-23258574_64f2_4fe2_ac2f_c97d799404af-14, groupId=Consumer-topic-23258574_64f2_4fe2_ac2f_c97d799404af] Request joining group due to: consumer pro-actively leaving the group
2025-08-13 02:20:00,168 INFO  [org.apa.kaf.com.met.Metrics] (Thread-716) Metrics scheduler closed
2025-08-13 02:20:00,169 INFO  [org.apa.kaf.com.met.Metrics] (Thread-716) Closing reporter org.apache.kafka.common.metrics.JmxReporter
2025-08-13 02:20:00,169 INFO  [org.apa.kaf.com.met.Metrics] (Thread-716) Closing reporter org.apache.kafka.common.telemetry.internals.ClientTelemetryReporter
2025-08-13 02:20:00,169 INFO  [org.apa.kaf.com.met.Metrics] (Thread-716) Metrics reporters closed
2025-08-13 02:20:00,170 INFO  [org.apa.kaf.com.uti.AppInfoParser] (Thread-716) App info kafka.consumer for consumer-Consumer-topic-23258574_64f2_4fe2_ac2f_c97d799404af-14 unregistered
2025-08-13 02:20:00,171 INFO  [org.apa.kaf.cli.con.int.ClassicKafkaConsumer] (Thread-717) [Consumer clientId=consumer-Consumer-topic-622b7a97_a276_4bd9_8a9c_cadece044e50-15, groupId=Consumer-topic-622b7a97_a276_4bd9_8a9c_cadece044e50] Subscribed to topic(s): topic-622b7a97_a276_4bd9_8a9c_cadece044e50
2025-08-13 02:20:00,176 INFO  [org.apa.kaf.cli.Metadata] (Thread-717) [Consumer clientId=consumer-Consumer-topic-622b7a97_a276_4bd9_8a9c_cadece044e50-15, groupId=Consumer-topic-622b7a97_a276_4bd9_8a9c_cadece044e50] Cluster ID: RhahJUjfTxKIJlGmUjwdsg
2025-08-13 02:20:00,176 INFO  [org.apa.kaf.cli.con.int.ConsumerCoordinator] (Thread-717) [Consumer clientId=consumer-Consumer-topic-622b7a97_a276_4bd9_8a9c_cadece044e50-15, groupId=Consumer-topic-622b7a97_a276_4bd9_8a9c_cadece044e50] Discovered group coordinator localhost:32769 (id: 2147483647 rack: null)
2025-08-13 02:20:00,177 INFO  [org.apa.kaf.cli.con.int.ConsumerCoordinator] (Thread-717) [Consumer clientId=consumer-Consumer-topic-622b7a97_a276_4bd9_8a9c_cadece044e50-15, groupId=Consumer-topic-622b7a97_a276_4bd9_8a9c_cadece044e50] (Re-)joining group
2025-08-13 02:20:00,179 INFO  [org.apa.kaf.cli.con.int.ConsumerCoordinator] (Thread-717) [Consumer clientId=consumer-Consumer-topic-622b7a97_a276_4bd9_8a9c_cadece044e50-15, groupId=Consumer-topic-622b7a97_a276_4bd9_8a9c_cadece044e50] Request joining group due to: need to re-join with the given member-id: consumer-Consumer-topic-622b7a97_a276_4bd9_8a9c_cadece044e50-15-18da0dc5-a006-4488-944c-e6d5c6a4fa0e
2025-08-13 02:20:00,179 INFO  [org.apa.kaf.cli.con.int.ConsumerCoordinator] (Thread-717) [Consumer clientId=consumer-Consumer-topic-622b7a97_a276_4bd9_8a9c_cadece044e50-15, groupId=Consumer-topic-622b7a97_a276_4bd9_8a9c_cadece044e50] (Re-)joining group
2025-08-13 02:20:01,171 INFO  [io.api.tes.ser.api.KafkaSerdesTester] (Thread-717) None found
2025-08-13 02:20:02,171 INFO  [io.api.tes.ser.api.KafkaSerdesTester] (Thread-717) None found
2025-08-13 02:20:03,171 INFO  [io.api.tes.ser.api.KafkaSerdesTester] (Thread-717) None found
2025-08-13 02:20:03,182 INFO  [org.apa.kaf.cli.con.int.ConsumerCoordinator] (Thread-717) [Consumer clientId=consumer-Consumer-topic-622b7a97_a276_4bd9_8a9c_cadece044e50-15, groupId=Consumer-topic-622b7a97_a276_4bd9_8a9c_cadece044e50] Successfully joined group with generation Generation{generationId=1, memberId='consumer-Consumer-topic-622b7a97_a276_4bd9_8a9c_cadece044e50-15-18da0dc5-a006-4488-944c-e6d5c6a4fa0e', protocol='range'}
2025-08-13 02:20:03,182 INFO  [org.apa.kaf.cli.con.int.ConsumerCoordinator] (Thread-717) [Consumer clientId=consumer-Consumer-topic-622b7a97_a276_4bd9_8a9c_cadece044e50-15, groupId=Consumer-topic-622b7a97_a276_4bd9_8a9c_cadece044e50] Finished assignment for group at generation 1: {consumer-Consumer-topic-622b7a97_a276_4bd9_8a9c_cadece044e50-15-18da0dc5-a006-4488-944c-e6d5c6a4fa0e=Assignment(partitions=[topic-622b7a97_a276_4bd9_8a9c_cadece044e50-0])}
2025-08-13 02:20:03,189 INFO  [org.apa.kaf.cli.con.int.ConsumerCoordinator] (Thread-717) [Consumer clientId=consumer-Consumer-topic-622b7a97_a276_4bd9_8a9c_cadece044e50-15, groupId=Consumer-topic-622b7a97_a276_4bd9_8a9c_cadece044e50] Successfully synced group in generation Generation{generationId=1, memberId='consumer-Consumer-topic-622b7a97_a276_4bd9_8a9c_cadece044e50-15-18da0dc5-a006-4488-944c-e6d5c6a4fa0e', protocol='range'}
2025-08-13 02:20:03,189 INFO  [org.apa.kaf.cli.con.int.ConsumerCoordinator] (Thread-717) [Consumer clientId=consumer-Consumer-topic-622b7a97_a276_4bd9_8a9c_cadece044e50-15, groupId=Consumer-topic-622b7a97_a276_4bd9_8a9c_cadece044e50] Notifying assignor about the new Assignment(partitions=[topic-622b7a97_a276_4bd9_8a9c_cadece044e50-0])
2025-08-13 02:20:03,189 INFO  [org.apa.kaf.cli.con.int.ConsumerRebalanceListenerInvoker] (Thread-717) [Consumer clientId=consumer-Consumer-topic-622b7a97_a276_4bd9_8a9c_cadece044e50-15, groupId=Consumer-topic-622b7a97_a276_4bd9_8a9c_cadece044e50] Adding newly assigned partitions: topic-622b7a97_a276_4bd9_8a9c_cadece044e50-0
2025-08-13 02:20:03,190 INFO  [org.apa.kaf.cli.con.int.ConsumerCoordinator] (Thread-717) [Consumer clientId=consumer-Consumer-topic-622b7a97_a276_4bd9_8a9c_cadece044e50-15, groupId=Consumer-topic-622b7a97_a276_4bd9_8a9c_cadece044e50] Found no committed offset for partition topic-622b7a97_a276_4bd9_8a9c_cadece044e50-0
2025-08-13 02:20:03,193 INFO  [org.apa.kaf.cli.con.int.SubscriptionState] (Thread-717) [Consumer clientId=consumer-Consumer-topic-622b7a97_a276_4bd9_8a9c_cadece044e50-15, groupId=Consumer-topic-622b7a97_a276_4bd9_8a9c_cadece044e50] Resetting offset for partition topic-622b7a97_a276_4bd9_8a9c_cadece044e50-0 to position FetchPosition{offset=0, offsetEpoch=Optional.empty, currentLeader=LeaderAndEpoch{leader=Optional[localhost:32769 (id: 0 rack: null)], epoch=0}}.
2025-08-13 02:20:03,265 INFO  [io.api.tes.ser.api.KafkaSerdesTester] (Thread-717) topic-622b7a97_a276_4bd9_8a9c_cadece044e50 0 0 {"key11755051595181": "value-0"}
2025-08-13 02:20:03,265 INFO  [io.api.tes.ser.api.KafkaSerdesTester] (Thread-717) topic-622b7a97_a276_4bd9_8a9c_cadece044e50 0 1 {"key11755051595181": "value-1"}
2025-08-13 02:20:03,265 INFO  [io.api.tes.ser.api.KafkaSerdesTester] (Thread-717) topic-622b7a97_a276_4bd9_8a9c_cadece044e50 0 2 {"key11755051595181": "value-2"}
2025-08-13 02:20:03,265 INFO  [io.api.tes.ser.api.KafkaSerdesTester] (Thread-717) topic-622b7a97_a276_4bd9_8a9c_cadece044e50 0 3 {"key11755051595181": "value-3"}
2025-08-13 02:20:03,265 INFO  [io.api.tes.ser.api.KafkaSerdesTester] (Thread-717) topic-622b7a97_a276_4bd9_8a9c_cadece044e50 0 4 {"key11755051595181": "value-4"}
2025-08-13 02:20:03,265 INFO  [io.api.tes.ser.api.KafkaSerdesTester] (Thread-717) topic-622b7a97_a276_4bd9_8a9c_cadece044e50 0 5 {"key11755051595181": "value-5"}
2025-08-13 02:20:03,265 INFO  [io.api.tes.ser.api.KafkaSerdesTester] (Thread-717) topic-622b7a97_a276_4bd9_8a9c_cadece044e50 0 6 {"key11755051595181": "value-6"}
2025-08-13 02:20:03,266 INFO  [io.api.tes.ser.api.KafkaSerdesTester] (Thread-717) topic-622b7a97_a276_4bd9_8a9c_cadece044e50 0 7 {"key11755051595181": "value-7"}
2025-08-13 02:20:03,266 INFO  [io.api.tes.ser.api.KafkaSerdesTester] (Thread-717) topic-622b7a97_a276_4bd9_8a9c_cadece044e50 0 8 {"key11755051595181": "value-8"}
2025-08-13 02:20:03,266 INFO  [io.api.tes.ser.api.KafkaSerdesTester] (Thread-717) topic-622b7a97_a276_4bd9_8a9c_cadece044e50 0 9 {"key11755051595181": "value-9"}
2025-08-13 02:20:03,266 INFO  [io.api.tes.ser.api.KafkaSerdesTester] (Thread-717) Consumed 10 messages
2025-08-13 02:20:03,272 INFO  [org.apa.kaf.cli.con.int.ConsumerRebalanceListenerInvoker] (Thread-717) [Consumer clientId=consumer-Consumer-topic-622b7a97_a276_4bd9_8a9c_cadece044e50-15, groupId=Consumer-topic-622b7a97_a276_4bd9_8a9c_cadece044e50] Revoke previously assigned partitions topic-622b7a97_a276_4bd9_8a9c_cadece044e50-0
2025-08-13 02:20:03,272 INFO  [org.apa.kaf.cli.con.int.ConsumerCoordinator] (Thread-717) [Consumer clientId=consumer-Consumer-topic-622b7a97_a276_4bd9_8a9c_cadece044e50-15, groupId=Consumer-topic-622b7a97_a276_4bd9_8a9c_cadece044e50] Member consumer-Consumer-topic-622b7a97_a276_4bd9_8a9c_cadece044e50-15-18da0dc5-a006-4488-944c-e6d5c6a4fa0e sending LeaveGroup request to coordinator localhost:32769 (id: 2147483647 rack: null) due to the consumer is being closed
2025-08-13 02:20:03,272 INFO  [org.apa.kaf.cli.con.int.ConsumerCoordinator] (Thread-717) [Consumer clientId=consumer-Consumer-topic-622b7a97_a276_4bd9_8a9c_cadece044e50-15, groupId=Consumer-topic-622b7a97_a276_4bd9_8a9c_cadece044e50] Resetting generation and member id due to: consumer pro-actively leaving the group
2025-08-13 02:20:03,272 INFO  [org.apa.kaf.cli.con.int.ConsumerCoordinator] (Thread-717) [Consumer clientId=consumer-Consumer-topic-622b7a97_a276_4bd9_8a9c_cadece044e50-15, groupId=Consumer-topic-622b7a97_a276_4bd9_8a9c_cadece044e50] Request joining group due to: consumer pro-actively leaving the group
2025-08-13 02:20:03,769 INFO  [org.apa.kaf.com.met.Metrics] (Thread-717) Metrics scheduler closed
2025-08-13 02:20:03,769 INFO  [org.apa.kaf.com.met.Metrics] (Thread-717) Closing reporter org.apache.kafka.common.metrics.JmxReporter
2025-08-13 02:20:03,769 INFO  [org.apa.kaf.com.met.Metrics] (Thread-717) Closing reporter org.apache.kafka.common.telemetry.internals.ClientTelemetryReporter
2025-08-13 02:20:03,769 INFO  [org.apa.kaf.com.met.Metrics] (Thread-717) Metrics reporters closed
2025-08-13 02:20:03,771 INFO  [org.apa.kaf.com.uti.AppInfoParser] (Thread-717) App info kafka.consumer for consumer-Consumer-topic-622b7a97_a276_4bd9_8a9c_cadece044e50-15 unregistered
2025-08-13 02:20:03,772 INFO  [org.apa.kaf.cli.con.int.ClassicKafkaConsumer] (Thread-718) [Consumer clientId=consumer-Consumer-topic-f1685c1b_3c7c_424d_bdfa_cd809013576b-16, groupId=Consumer-topic-f1685c1b_3c7c_424d_bdfa_cd809013576b] Subscribed to topic(s): topic-f1685c1b_3c7c_424d_bdfa_cd809013576b
2025-08-13 02:20:03,777 INFO  [org.apa.kaf.cli.Metadata] (Thread-718) [Consumer clientId=consumer-Consumer-topic-f1685c1b_3c7c_424d_bdfa_cd809013576b-16, groupId=Consumer-topic-f1685c1b_3c7c_424d_bdfa_cd809013576b] Cluster ID: RhahJUjfTxKIJlGmUjwdsg
2025-08-13 02:20:03,780 INFO  [org.apa.kaf.cli.con.int.ConsumerCoordinator] (Thread-718) [Consumer clientId=consumer-Consumer-topic-f1685c1b_3c7c_424d_bdfa_cd809013576b-16, groupId=Consumer-topic-f1685c1b_3c7c_424d_bdfa_cd809013576b] Discovered group coordinator localhost:32769 (id: 2147483647 rack: null)
2025-08-13 02:20:03,781 INFO  [org.apa.kaf.cli.con.int.ConsumerCoordinator] (Thread-718) [Consumer clientId=consumer-Consumer-topic-f1685c1b_3c7c_424d_bdfa_cd809013576b-16, groupId=Consumer-topic-f1685c1b_3c7c_424d_bdfa_cd809013576b] (Re-)joining group
2025-08-13 02:20:03,783 INFO  [org.apa.kaf.cli.con.int.ConsumerCoordinator] (Thread-718) [Consumer clientId=consumer-Consumer-topic-f1685c1b_3c7c_424d_bdfa_cd809013576b-16, groupId=Consumer-topic-f1685c1b_3c7c_424d_bdfa_cd809013576b] Request joining group due to: need to re-join with the given member-id: consumer-Consumer-topic-f1685c1b_3c7c_424d_bdfa_cd809013576b-16-133c9613-d57a-4933-b42b-2d8c992b340f
2025-08-13 02:20:03,783 INFO  [org.apa.kaf.cli.con.int.ConsumerCoordinator] (Thread-718) [Consumer clientId=consumer-Consumer-topic-f1685c1b_3c7c_424d_bdfa_cd809013576b-16, groupId=Consumer-topic-f1685c1b_3c7c_424d_bdfa_cd809013576b] (Re-)joining group
2025-08-13 02:20:04,773 INFO  [io.api.tes.ser.api.KafkaSerdesTester] (Thread-718) None found
2025-08-13 02:20:05,773 INFO  [io.api.tes.ser.api.KafkaSerdesTester] (Thread-718) None found
2025-08-13 02:20:06,773 INFO  [io.api.tes.ser.api.KafkaSerdesTester] (Thread-718) None found
2025-08-13 02:20:06,785 INFO  [org.apa.kaf.cli.con.int.ConsumerCoordinator] (Thread-718) [Consumer clientId=consumer-Consumer-topic-f1685c1b_3c7c_424d_bdfa_cd809013576b-16, groupId=Consumer-topic-f1685c1b_3c7c_424d_bdfa_cd809013576b] Successfully joined group with generation Generation{generationId=1, memberId='consumer-Consumer-topic-f1685c1b_3c7c_424d_bdfa_cd809013576b-16-133c9613-d57a-4933-b42b-2d8c992b340f', protocol='range'}
2025-08-13 02:20:06,785 INFO  [org.apa.kaf.cli.con.int.ConsumerCoordinator] (Thread-718) [Consumer clientId=consumer-Consumer-topic-f1685c1b_3c7c_424d_bdfa_cd809013576b-16, groupId=Consumer-topic-f1685c1b_3c7c_424d_bdfa_cd809013576b] Finished assignment for group at generation 1: {consumer-Consumer-topic-f1685c1b_3c7c_424d_bdfa_cd809013576b-16-133c9613-d57a-4933-b42b-2d8c992b340f=Assignment(partitions=[topic-f1685c1b_3c7c_424d_bdfa_cd809013576b-0])}
2025-08-13 02:20:06,792 INFO  [org.apa.kaf.cli.con.int.ConsumerCoordinator] (Thread-718) [Consumer clientId=consumer-Consumer-topic-f1685c1b_3c7c_424d_bdfa_cd809013576b-16, groupId=Consumer-topic-f1685c1b_3c7c_424d_bdfa_cd809013576b] Successfully synced group in generation Generation{generationId=1, memberId='consumer-Consumer-topic-f1685c1b_3c7c_424d_bdfa_cd809013576b-16-133c9613-d57a-4933-b42b-2d8c992b340f', protocol='range'}
2025-08-13 02:20:06,792 INFO  [org.apa.kaf.cli.con.int.ConsumerCoordinator] (Thread-718) [Consumer clientId=consumer-Consumer-topic-f1685c1b_3c7c_424d_bdfa_cd809013576b-16, groupId=Consumer-topic-f1685c1b_3c7c_424d_bdfa_cd809013576b] Notifying assignor about the new Assignment(partitions=[topic-f1685c1b_3c7c_424d_bdfa_cd809013576b-0])
2025-08-13 02:20:06,792 INFO  [org.apa.kaf.cli.con.int.ConsumerRebalanceListenerInvoker] (Thread-718) [Consumer clientId=consumer-Consumer-topic-f1685c1b_3c7c_424d_bdfa_cd809013576b-16, groupId=Consumer-topic-f1685c1b_3c7c_424d_bdfa_cd809013576b] Adding newly assigned partitions: topic-f1685c1b_3c7c_424d_bdfa_cd809013576b-0
2025-08-13 02:20:06,793 INFO  [org.apa.kaf.cli.con.int.ConsumerCoordinator] (Thread-718) [Consumer clientId=consumer-Consumer-topic-f1685c1b_3c7c_424d_bdfa_cd809013576b-16, groupId=Consumer-topic-f1685c1b_3c7c_424d_bdfa_cd809013576b] Found no committed offset for partition topic-f1685c1b_3c7c_424d_bdfa_cd809013576b-0
2025-08-13 02:20:06,798 INFO  [org.apa.kaf.cli.con.int.SubscriptionState] (Thread-718) [Consumer clientId=consumer-Consumer-topic-f1685c1b_3c7c_424d_bdfa_cd809013576b-16, groupId=Consumer-topic-f1685c1b_3c7c_424d_bdfa_cd809013576b] Resetting offset for partition topic-f1685c1b_3c7c_424d_bdfa_cd809013576b-0 to position FetchPosition{offset=0, offsetEpoch=Optional.empty, currentLeader=LeaderAndEpoch{leader=Optional[localhost:32769 (id: 0 rack: null)], epoch=0}}.
2025-08-13 02:20:06,880 INFO  [io.api.tes.ser.api.KafkaSerdesTester] (Thread-718) topic-f1685c1b_3c7c_424d_bdfa_cd809013576b 0 0 {"key11755051595181": "value-0"}
2025-08-13 02:20:06,880 INFO  [io.api.tes.ser.api.KafkaSerdesTester] (Thread-718) topic-f1685c1b_3c7c_424d_bdfa_cd809013576b 0 1 {"key11755051595181": "value-1"}
2025-08-13 02:20:06,880 INFO  [io.api.tes.ser.api.KafkaSerdesTester] (Thread-718) topic-f1685c1b_3c7c_424d_bdfa_cd809013576b 0 2 {"key11755051595181": "value-2"}
2025-08-13 02:20:06,880 INFO  [io.api.tes.ser.api.KafkaSerdesTester] (Thread-718) topic-f1685c1b_3c7c_424d_bdfa_cd809013576b 0 3 {"key11755051595181": "value-3"}
2025-08-13 02:20:06,880 INFO  [io.api.tes.ser.api.KafkaSerdesTester] (Thread-718) topic-f1685c1b_3c7c_424d_bdfa_cd809013576b 0 4 {"key11755051595181": "value-4"}
2025-08-13 02:20:06,880 INFO  [io.api.tes.ser.api.KafkaSerdesTester] (Thread-718) topic-f1685c1b_3c7c_424d_bdfa_cd809013576b 0 5 {"key11755051595181": "value-5"}
2025-08-13 02:20:06,880 INFO  [io.api.tes.ser.api.KafkaSerdesTester] (Thread-718) topic-f1685c1b_3c7c_424d_bdfa_cd809013576b 0 6 {"key11755051595181": "value-6"}
2025-08-13 02:20:06,880 INFO  [io.api.tes.ser.api.KafkaSerdesTester] (Thread-718) topic-f1685c1b_3c7c_424d_bdfa_cd809013576b 0 7 {"key11755051595181": "value-7"}
2025-08-13 02:20:06,880 INFO  [io.api.tes.ser.api.KafkaSerdesTester] (Thread-718) topic-f1685c1b_3c7c_424d_bdfa_cd809013576b 0 8 {"key11755051595181": "value-8"}
2025-08-13 02:20:06,880 INFO  [io.api.tes.ser.api.KafkaSerdesTester] (Thread-718) topic-f1685c1b_3c7c_424d_bdfa_cd809013576b 0 9 {"key11755051595181": "value-9"}
2025-08-13 02:20:06,880 INFO  [io.api.tes.ser.api.KafkaSerdesTester] (Thread-718) Consumed 10 messages
2025-08-13 02:20:06,888 INFO  [org.apa.kaf.cli.con.int.ConsumerRebalanceListenerInvoker] (Thread-718) [Consumer clientId=consumer-Consumer-topic-f1685c1b_3c7c_424d_bdfa_cd809013576b-16, groupId=Consumer-topic-f1685c1b_3c7c_424d_bdfa_cd809013576b] Revoke previously assigned partitions topic-f1685c1b_3c7c_424d_bdfa_cd809013576b-0
2025-08-13 02:20:06,888 INFO  [org.apa.kaf.cli.con.int.ConsumerCoordinator] (Thread-718) [Consumer clientId=consumer-Consumer-topic-f1685c1b_3c7c_424d_bdfa_cd809013576b-16, groupId=Consumer-topic-f1685c1b_3c7c_424d_bdfa_cd809013576b] Member consumer-Consumer-topic-f1685c1b_3c7c_424d_bdfa_cd809013576b-16-133c9613-d57a-4933-b42b-2d8c992b340f sending LeaveGroup request to coordinator localhost:32769 (id: 2147483647 rack: null) due to the consumer is being closed
2025-08-13 02:20:06,888 INFO  [org.apa.kaf.cli.con.int.ConsumerCoordinator] (Thread-718) [Consumer clientId=consumer-Consumer-topic-f1685c1b_3c7c_424d_bdfa_cd809013576b-16, groupId=Consumer-topic-f1685c1b_3c7c_424d_bdfa_cd809013576b] Resetting generation and member id due to: consumer pro-actively leaving the group
2025-08-13 02:20:06,888 INFO  [org.apa.kaf.cli.con.int.ConsumerCoordinator] (Thread-718) [Consumer clientId=consumer-Consumer-topic-f1685c1b_3c7c_424d_bdfa_cd809013576b-16, groupId=Consumer-topic-f1685c1b_3c7c_424d_bdfa_cd809013576b] Request joining group due to: consumer pro-actively leaving the group
2025-08-13 02:20:07,383 INFO  [org.apa.kaf.com.met.Metrics] (Thread-718) Metrics scheduler closed
2025-08-13 02:20:07,383 INFO  [org.apa.kaf.com.met.Metrics] (Thread-718) Closing reporter org.apache.kafka.common.metrics.JmxReporter
2025-08-13 02:20:07,383 INFO  [org.apa.kaf.com.met.Metrics] (Thread-718) Closing reporter org.apache.kafka.common.telemetry.internals.ClientTelemetryReporter
2025-08-13 02:20:07,383 INFO  [org.apa.kaf.com.met.Metrics] (Thread-718) Metrics reporters closed
2025-08-13 02:20:07,386 INFO  [org.apa.kaf.com.uti.AppInfoParser] (Thread-718) App info kafka.consumer for consumer-Consumer-topic-f1685c1b_3c7c_424d_bdfa_cd809013576b-16 unregistered
2025-08-13 02:20:07,386 INFO  [io.api.tes.uti.TestSeparator] (main) io.apicurio.tests.serdes.apicurio.AvroSerdeIT.testAvroConfluentForMultipleTopics-FINISHED
2025-08-13 02:20:07,386 INFO  [io.api.tes.uti.TestSeparator] (main) ############################################################################
Test passed: testAvroConfluentForMultipleTopics
]]></system-out>
  </testcase>
  <testcase name="testFirstRequestFailsRateLimited" classname="io.apicurio.tests.serdes.apicurio.AvroSerdeIT" time="0.985">
    <system-out><![CDATA[2025-08-13 02:20:07,389 INFO  [io.api.tes.uti.TestSeparator] (main) ############################################################################
2025-08-13 02:20:07,389 INFO  [io.api.tes.uti.TestSeparator] (main) io.apicurio.tests.serdes.apicurio.AvroSerdeIT.testFirstRequestFailsRateLimited-STARTED
2025-08-13 02:20:07,899 WARN  [org.ecl.jet.ser.AbstractConnector] (main) Acceptors should be <= availableProcessors: NetworkTrafficServerConnector@283693af{HTTP/1.1, (http/1.1, h2c)}{0.0.0.0:0} 
2025-08-13 02:20:08,014 INFO  [org.ecl.jet.ser.Server] (main) jetty-11.0.15; built: 2023-04-11T18:37:53.775Z; git: 5bc5e562c8d05c5862505aebe5cf83a61bdbcb96; jvm 17.0.16+8
2025-08-13 02:20:08,037 INFO  [org.ecl.jet.ser.han.ContextHandler] (main) Started o.e.j.s.ServletContextHandler@6a72d5fb{/__admin,null,AVAILABLE}
2025-08-13 02:20:08,044 INFO  [org.ecl.jet.ser.han.Con.ROOT] (main) RequestHandlerClass from context returned com.github.tomakehurst.wiremock.http.StubRequestHandler. Normalized mapped under returned 'null'
2025-08-13 02:20:08,045 INFO  [org.ecl.jet.ser.han.ContextHandler] (main) Started o.e.j.s.ServletContextHandler@418b946b{/,null,AVAILABLE}
2025-08-13 02:20:08,052 INFO  [org.ecl.jet.ser.AbstractConnector] (main) Started NetworkTrafficServerConnector@283693af{HTTP/1.1, (http/1.1, h2c)}{0.0.0.0:37727}
2025-08-13 02:20:08,053 INFO  [org.ecl.jet.ser.Server] (main) Started Server@704d4991{STARTING}[11.0.15,sto=1000] @108593ms
**** Registry Base URL: http://registry-app-ksql047.apps.ci419.apicurio-testing.org:80
2025-08-13 02:20:08,066 INFO  [org.apa.kaf.cli.pro.ProducerConfig] (main) ProducerConfig values: 
	acks = -1
	auto.include.jmx.reporter = true
	batch.size = 16384
	bootstrap.servers = [PLAINTEXT://localhost:32769]
	buffer.memory = 33554432
	client.dns.lookup = use_all_dns_ips
	client.id = Producer-topic-d7315dd6_7f7c_4694_ad15_437c528f5533
	compression.gzip.level = -1
	compression.lz4.level = 9
	compression.type = none
	compression.zstd.level = 3
	connections.max.idle.ms = 10000
	delivery.timeout.ms = 120000
	enable.idempotence = true
	enable.metrics.push = true
	interceptor.classes = []
	key.serializer = class org.apache.kafka.common.serialization.StringSerializer
	linger.ms = 0
	max.block.ms = 60000
	max.in.flight.requests.per.connection = 5
	max.request.size = 1048576
	metadata.max.age.ms = 300000
	metadata.max.idle.ms = 300000
	metadata.recovery.strategy = none
	metric.reporters = []
	metrics.num.samples = 2
	metrics.recording.level = INFO
	metrics.sample.window.ms = 30000
	partitioner.adaptive.partitioning.enable = true
	partitioner.availability.timeout.ms = 0
	partitioner.class = null
	partitioner.ignore.keys = false
	receive.buffer.bytes = 32768
	reconnect.backoff.max.ms = 1000
	reconnect.backoff.ms = 50
	request.timeout.ms = 5000
	retries = 2147483647
	retry.backoff.max.ms = 1000
	retry.backoff.ms = 100
	sasl.client.callback.handler.class = null
	sasl.jaas.config = null
	sasl.kerberos.kinit.cmd = /usr/bin/kinit
	sasl.kerberos.min.time.before.relogin = 60000
	sasl.kerberos.service.name = null
	sasl.kerberos.ticket.renew.jitter = 0.05
	sasl.kerberos.ticket.renew.window.factor = 0.8
	sasl.login.callback.handler.class = null
	sasl.login.class = null
	sasl.login.connect.timeout.ms = null
	sasl.login.read.timeout.ms = null
	sasl.login.refresh.buffer.seconds = 300
	sasl.login.refresh.min.period.seconds = 60
	sasl.login.refresh.window.factor = 0.8
	sasl.login.refresh.window.jitter = 0.05
	sasl.login.retry.backoff.max.ms = 10000
	sasl.login.retry.backoff.ms = 100
	sasl.mechanism = GSSAPI
	sasl.oauthbearer.clock.skew.seconds = 30
	sasl.oauthbearer.expected.audience = null
	sasl.oauthbearer.expected.issuer = null
	sasl.oauthbearer.header.urlencode = false
	sasl.oauthbearer.jwks.endpoint.refresh.ms = 3600000
	sasl.oauthbearer.jwks.endpoint.retry.backoff.max.ms = 10000
	sasl.oauthbearer.jwks.endpoint.retry.backoff.ms = 100
	sasl.oauthbearer.jwks.endpoint.url = null
	sasl.oauthbearer.scope.claim.name = scope
	sasl.oauthbearer.sub.claim.name = sub
	sasl.oauthbearer.token.endpoint.url = null
	security.protocol = PLAINTEXT
	security.providers = null
	send.buffer.bytes = 131072
	socket.connection.setup.timeout.max.ms = 30000
	socket.connection.setup.timeout.ms = 10000
	ssl.cipher.suites = null
	ssl.enabled.protocols = [TLSv1.2, TLSv1.3]
	ssl.endpoint.identification.algorithm = https
	ssl.engine.factory.class = null
	ssl.key.password = null
	ssl.keymanager.algorithm = SunX509
	ssl.keystore.certificate.chain = null
	ssl.keystore.key = null
	ssl.keystore.location = null
	ssl.keystore.password = null
	ssl.keystore.type = JKS
	ssl.protocol = TLSv1.3
	ssl.provider = null
	ssl.secure.random.implementation = null
	ssl.trustmanager.algorithm = PKIX
	ssl.truststore.certificates = null
	ssl.truststore.location = null
	ssl.truststore.password = null
	ssl.truststore.type = JKS
	transaction.timeout.ms = 60000
	transactional.id = null
	value.serializer = class io.apicurio.registry.serde.avro.AvroKafkaSerializer

2025-08-13 02:20:08,067 INFO  [org.apa.kaf.com.tel.int.KafkaMetricsCollector] (main) initializing Kafka metrics collector
2025-08-13 02:20:08,071 INFO  [org.apa.kaf.cli.pro.KafkaProducer] (main) [Producer clientId=Producer-topic-d7315dd6_7f7c_4694_ad15_437c528f5533] Instantiated an idempotent producer.
2025-08-13 02:20:08,074 INFO  [org.apa.kaf.cli.pro.ProducerConfig] (main) These configurations '[apicurio.registry.url, apicurio.registry.artifact-resolver-strategy]' were supplied but are not used yet.
2025-08-13 02:20:08,074 INFO  [org.apa.kaf.com.uti.AppInfoParser] (main) Kafka version: 3.9.1
2025-08-13 02:20:08,074 INFO  [org.apa.kaf.com.uti.AppInfoParser] (main) Kafka commitId: f745dfdcee2b9851
2025-08-13 02:20:08,074 INFO  [org.apa.kaf.com.uti.AppInfoParser] (main) Kafka startTimeMs: 1755051608074
2025-08-13 02:20:08,075 INFO  [io.api.tes.ser.api.KafkaSerdesTester] (Thread-729) Sending message {"keyB": "value-0"} to topic topic-d7315dd6_7f7c_4694_ad15_437c528f5533
2025-08-13 02:20:08,081 WARN  [org.apa.kaf.cli.NetworkClient] (kafka-producer-network-thread | Producer-topic-d7315dd6_7f7c_4694_ad15_437c528f5533) [Producer clientId=Producer-topic-d7315dd6_7f7c_4694_ad15_437c528f5533] The metadata response from the cluster reported a recoverable issue with correlation id 1 : {topic-d7315dd6_7f7c_4694_ad15_437c528f5533=UNKNOWN_TOPIC_OR_PARTITION}
2025-08-13 02:20:08,081 INFO  [org.apa.kaf.cli.Metadata] (kafka-producer-network-thread | Producer-topic-d7315dd6_7f7c_4694_ad15_437c528f5533) [Producer clientId=Producer-topic-d7315dd6_7f7c_4694_ad15_437c528f5533] Cluster ID: RhahJUjfTxKIJlGmUjwdsg
2025-08-13 02:20:08,083 INFO  [org.apa.kaf.cli.pro.int.TransactionManager] (kafka-producer-network-thread | Producer-topic-d7315dd6_7f7c_4694_ad15_437c528f5533) [Producer clientId=Producer-topic-d7315dd6_7f7c_4694_ad15_437c528f5533] ProducerId set to 22 with epoch 0
2025-08-13 02:20:08,200 INFO  [DefaultSchemaResolver] (Thread-729) Retrieving schema content using string: {"type":"record","name":"myrecord","namespace":"mygroup","fields":[{"name":"keyB","type":"string"}]}
2025-08-13 02:20:08,353 INFO  [org.apa.kaf.cli.pro.KafkaProducer] (Thread-729) [Producer clientId=Producer-topic-d7315dd6_7f7c_4694_ad15_437c528f5533] Closing the Kafka producer with timeoutMillis = 9223372036854775807 ms.
2025-08-13 02:20:08,358 INFO  [org.apa.kaf.com.met.Metrics] (Thread-729) Metrics scheduler closed
2025-08-13 02:20:08,358 INFO  [org.apa.kaf.com.met.Metrics] (Thread-729) Closing reporter org.apache.kafka.common.metrics.JmxReporter
2025-08-13 02:20:08,358 INFO  [org.apa.kaf.com.met.Metrics] (Thread-729) Closing reporter org.apache.kafka.common.telemetry.internals.ClientTelemetryReporter
2025-08-13 02:20:08,358 INFO  [org.apa.kaf.com.met.Metrics] (Thread-729) Metrics reporters closed
2025-08-13 02:20:08,358 INFO  [org.apa.kaf.com.uti.AppInfoParser] (Thread-729) App info kafka.producer for Producer-topic-d7315dd6_7f7c_4694_ad15_437c528f5533 unregistered
2025-08-13 02:20:08,363 INFO  [org.ecl.jet.ser.Server] (main) Stopped Server@704d4991{STOPPING}[11.0.15,sto=1000]
2025-08-13 02:20:08,363 INFO  [org.ecl.jet.ser.Server] (main) Shutdown Server@704d4991{STOPPING}[11.0.15,sto=1000]
2025-08-13 02:20:08,367 INFO  [org.ecl.jet.ser.AbstractConnector] (main) Stopped NetworkTrafficServerConnector@283693af{HTTP/1.1, (http/1.1, h2c)}{0.0.0.0:0}
2025-08-13 02:20:08,368 INFO  [org.ecl.jet.ser.han.ContextHandler] (main) Stopped o.e.j.s.ServletContextHandler@418b946b{/,null,STOPPED}
2025-08-13 02:20:08,370 INFO  [org.ecl.jet.ser.han.ContextHandler] (main) Stopped o.e.j.s.ServletContextHandler@6a72d5fb{/__admin,null,STOPPED}
2025-08-13 02:20:08,372 INFO  [io.api.tes.uti.TestSeparator] (main) io.apicurio.tests.serdes.apicurio.AvroSerdeIT.testFirstRequestFailsRateLimited-FINISHED
2025-08-13 02:20:08,373 INFO  [io.api.tes.uti.TestSeparator] (main) ############################################################################
Test passed: testFirstRequestFailsRateLimited
]]></system-out>
    <system-err><![CDATA[com.microsoft.kiota.ApiException: the server returned an unexpected status code and no error class is registered for this code 429
	at com.microsoft.kiota.ApiExceptionBuilder.withMessage(ApiExceptionBuilder.java:45)
	at io.kiota.http.vertx.VertXRequestAdapter.throwIfFailedResponse(VertXRequestAdapter.java:370)
	at io.kiota.http.vertx.VertXRequestAdapter.send(VertXRequestAdapter.java:170)
	at io.apicurio.registry.rest.client.search.versions.VersionsRequestBuilder.post(VersionsRequestBuilder.java:94)
	at io.apicurio.registry.resolver.client.RegistryClientFacadeImpl.searchVersionsByContent(RegistryClientFacadeImpl.java:106)
	at io.apicurio.registry.resolver.DefaultSchemaResolver.lambda$handleResolveSchemaByContent$3(DefaultSchemaResolver.java:258)
	at io.apicurio.registry.resolver.cache.ERCache.lambda$getValue$0(ERCache.java:174)
	at io.apicurio.registry.resolver.cache.ERCache.retry(ERCache.java:227)
	at io.apicurio.registry.resolver.cache.ERCache.getValue(ERCache.java:173)
	at io.apicurio.registry.resolver.cache.ERCache.getByContent(ERCache.java:147)
	at io.apicurio.registry.resolver.DefaultSchemaResolver.handleResolveSchemaByContent(DefaultSchemaResolver.java:253)
	at io.apicurio.registry.resolver.DefaultSchemaResolver.getSchemaFromRegistry(DefaultSchemaResolver.java:138)
	at io.apicurio.registry.resolver.DefaultSchemaResolver.lambda$resolveSchema$0(DefaultSchemaResolver.java:84)
	at java.base/java.util.Optional.orElseGet(Optional.java:364)
	at io.apicurio.registry.resolver.DefaultSchemaResolver.resolveSchema(DefaultSchemaResolver.java:84)
	at io.apicurio.registry.serde.AbstractSerializer.serializeData(AbstractSerializer.java:62)
	at io.apicurio.registry.serde.KafkaSerializer.serialize(KafkaSerializer.java:77)
	at org.apache.kafka.clients.producer.KafkaProducer.doSend(KafkaProducer.java:1046)
	at org.apache.kafka.clients.producer.KafkaProducer.send(KafkaProducer.java:993)
	at org.apache.kafka.clients.producer.KafkaProducer.send(KafkaProducer.java:875)
	at io.apicurio.tests.serdes.apicurio.KafkaSerdesTester.lambda$produceMessages$3(KafkaSerdesTester.java:138)
	at java.base/java.util.concurrent.CompletableFuture$AsyncSupply.run(CompletableFuture.java:1768)
	at java.base/java.lang.Thread.run(Thread.java:840)
]]></system-err>
  </testcase>
  <testcase name="testFirstEmptyFieldConfusedAsMagicByte" classname="io.apicurio.tests.serdes.apicurio.AvroSerdeIT" time="3.93">
    <system-out><![CDATA[2025-08-13 02:20:08,378 INFO  [io.api.tes.uti.TestSeparator] (main) ############################################################################
2025-08-13 02:20:08,378 INFO  [io.api.tes.uti.TestSeparator] (main) io.apicurio.tests.serdes.apicurio.AvroSerdeIT.testFirstEmptyFieldConfusedAsMagicByte-STARTED
**** Registry Base URL: http://registry-app-ksql047.apps.ci419.apicurio-testing.org:80
2025-08-13 02:20:08,386 INFO  [org.apa.kaf.cli.pro.ProducerConfig] (main) ProducerConfig values: 
	acks = -1
	auto.include.jmx.reporter = true
	batch.size = 16384
	bootstrap.servers = [PLAINTEXT://localhost:32769]
	buffer.memory = 33554432
	client.dns.lookup = use_all_dns_ips
	client.id = Producer-topic-deef53f7_05d0_4d00_8b33_f00e3a1d002e
	compression.gzip.level = -1
	compression.lz4.level = 9
	compression.type = none
	compression.zstd.level = 3
	connections.max.idle.ms = 10000
	delivery.timeout.ms = 120000
	enable.idempotence = true
	enable.metrics.push = true
	interceptor.classes = []
	key.serializer = class org.apache.kafka.common.serialization.StringSerializer
	linger.ms = 0
	max.block.ms = 60000
	max.in.flight.requests.per.connection = 5
	max.request.size = 1048576
	metadata.max.age.ms = 300000
	metadata.max.idle.ms = 300000
	metadata.recovery.strategy = none
	metric.reporters = []
	metrics.num.samples = 2
	metrics.recording.level = INFO
	metrics.sample.window.ms = 30000
	partitioner.adaptive.partitioning.enable = true
	partitioner.availability.timeout.ms = 0
	partitioner.class = null
	partitioner.ignore.keys = false
	receive.buffer.bytes = 32768
	reconnect.backoff.max.ms = 1000
	reconnect.backoff.ms = 50
	request.timeout.ms = 5000
	retries = 2147483647
	retry.backoff.max.ms = 1000
	retry.backoff.ms = 100
	sasl.client.callback.handler.class = null
	sasl.jaas.config = null
	sasl.kerberos.kinit.cmd = /usr/bin/kinit
	sasl.kerberos.min.time.before.relogin = 60000
	sasl.kerberos.service.name = null
	sasl.kerberos.ticket.renew.jitter = 0.05
	sasl.kerberos.ticket.renew.window.factor = 0.8
	sasl.login.callback.handler.class = null
	sasl.login.class = null
	sasl.login.connect.timeout.ms = null
	sasl.login.read.timeout.ms = null
	sasl.login.refresh.buffer.seconds = 300
	sasl.login.refresh.min.period.seconds = 60
	sasl.login.refresh.window.factor = 0.8
	sasl.login.refresh.window.jitter = 0.05
	sasl.login.retry.backoff.max.ms = 10000
	sasl.login.retry.backoff.ms = 100
	sasl.mechanism = GSSAPI
	sasl.oauthbearer.clock.skew.seconds = 30
	sasl.oauthbearer.expected.audience = null
	sasl.oauthbearer.expected.issuer = null
	sasl.oauthbearer.header.urlencode = false
	sasl.oauthbearer.jwks.endpoint.refresh.ms = 3600000
	sasl.oauthbearer.jwks.endpoint.retry.backoff.max.ms = 10000
	sasl.oauthbearer.jwks.endpoint.retry.backoff.ms = 100
	sasl.oauthbearer.jwks.endpoint.url = null
	sasl.oauthbearer.scope.claim.name = scope
	sasl.oauthbearer.sub.claim.name = sub
	sasl.oauthbearer.token.endpoint.url = null
	security.protocol = PLAINTEXT
	security.providers = null
	send.buffer.bytes = 131072
	socket.connection.setup.timeout.max.ms = 30000
	socket.connection.setup.timeout.ms = 10000
	ssl.cipher.suites = null
	ssl.enabled.protocols = [TLSv1.2, TLSv1.3]
	ssl.endpoint.identification.algorithm = https
	ssl.engine.factory.class = null
	ssl.key.password = null
	ssl.keymanager.algorithm = SunX509
	ssl.keystore.certificate.chain = null
	ssl.keystore.key = null
	ssl.keystore.location = null
	ssl.keystore.password = null
	ssl.keystore.type = JKS
	ssl.protocol = TLSv1.3
	ssl.provider = null
	ssl.secure.random.implementation = null
	ssl.trustmanager.algorithm = PKIX
	ssl.truststore.certificates = null
	ssl.truststore.location = null
	ssl.truststore.password = null
	ssl.truststore.type = JKS
	transaction.timeout.ms = 60000
	transactional.id = null
	value.serializer = class io.apicurio.registry.serde.avro.AvroKafkaSerializer

2025-08-13 02:20:08,386 INFO  [org.apa.kaf.com.tel.int.KafkaMetricsCollector] (main) initializing Kafka metrics collector
2025-08-13 02:20:08,397 INFO  [org.apa.kaf.cli.pro.KafkaProducer] (main) [Producer clientId=Producer-topic-deef53f7_05d0_4d00_8b33_f00e3a1d002e] Instantiated an idempotent producer.
2025-08-13 02:20:08,399 INFO  [org.apa.kaf.cli.pro.ProducerConfig] (main) These configurations '[apicurio.registry.url, apicurio.registry.auto-register, apicurio.registry.artifact-resolver-strategy]' were supplied but are not used yet.
2025-08-13 02:20:08,399 INFO  [org.apa.kaf.com.uti.AppInfoParser] (main) Kafka version: 3.9.1
2025-08-13 02:20:08,399 INFO  [org.apa.kaf.com.uti.AppInfoParser] (main) Kafka commitId: f745dfdcee2b9851
2025-08-13 02:20:08,399 INFO  [org.apa.kaf.com.uti.AppInfoParser] (main) Kafka startTimeMs: 1755051608399
2025-08-13 02:20:08,399 INFO  [io.api.tes.ser.api.SimpleSerdesTesterBuilder$SimpleSerdesTester] (main) Using producer configuration: {apicurio.registry.url=http://registry-app-ksql047.apps.ci419.apicurio-testing.org:80/apis/registry/v3, apicurio.registry.auto-register=true, apicurio.registry.artifact-resolver-strategy=io.apicurio.registry.serde.strategy.SimpleTopicIdStrategy, value.serializer=io.apicurio.registry.serde.avro.AvroKafkaSerializer, request.timeout.ms=5000, acks=all, bootstrap.servers=PLAINTEXT://localhost:32769, connections.max.idle.ms=10000, key.serializer=org.apache.kafka.common.serialization.StringSerializer, client.id=Producer-topic-deef53f7_05d0_4d00_8b33_f00e3a1d002e}
2025-08-13 02:20:08,399 INFO  [io.api.tes.ser.api.SimpleSerdesTesterBuilder$SimpleSerdesTester] (main) Using consumer configuration: {}
2025-08-13 02:20:08,401 INFO  [io.api.tes.ser.api.KafkaSerdesTester] (Thread-732) Sending message {"username": null} to topic topic-deef53f7_05d0_4d00_8b33_f00e3a1d002e
2025-08-13 02:20:08,406 WARN  [org.apa.kaf.cli.NetworkClient] (kafka-producer-network-thread | Producer-topic-deef53f7_05d0_4d00_8b33_f00e3a1d002e) [Producer clientId=Producer-topic-deef53f7_05d0_4d00_8b33_f00e3a1d002e] The metadata response from the cluster reported a recoverable issue with correlation id 1 : {topic-deef53f7_05d0_4d00_8b33_f00e3a1d002e=UNKNOWN_TOPIC_OR_PARTITION}
2025-08-13 02:20:08,406 INFO  [org.apa.kaf.cli.Metadata] (kafka-producer-network-thread | Producer-topic-deef53f7_05d0_4d00_8b33_f00e3a1d002e) [Producer clientId=Producer-topic-deef53f7_05d0_4d00_8b33_f00e3a1d002e] Cluster ID: RhahJUjfTxKIJlGmUjwdsg
2025-08-13 02:20:08,406 INFO  [org.apa.kaf.cli.pro.int.TransactionManager] (kafka-producer-network-thread | Producer-topic-deef53f7_05d0_4d00_8b33_f00e3a1d002e) [Producer clientId=Producer-topic-deef53f7_05d0_4d00_8b33_f00e3a1d002e] ProducerId set to 23 with epoch 0
2025-08-13 02:20:08,620 INFO  [io.api.tes.ser.api.KafkaSerdesTester] (Thread-732) Sending message {"username": null} to topic topic-deef53f7_05d0_4d00_8b33_f00e3a1d002e
2025-08-13 02:20:08,622 INFO  [io.api.tes.ser.api.KafkaSerdesTester] (Thread-732) Sending message {"username": "value-2"} to topic topic-deef53f7_05d0_4d00_8b33_f00e3a1d002e
2025-08-13 02:20:08,624 INFO  [io.api.tes.ser.api.KafkaSerdesTester] (Thread-732) Sending message {"username": null} to topic topic-deef53f7_05d0_4d00_8b33_f00e3a1d002e
2025-08-13 02:20:08,626 INFO  [io.api.tes.ser.api.KafkaSerdesTester] (Thread-732) Sending message {"username": "value-4"} to topic topic-deef53f7_05d0_4d00_8b33_f00e3a1d002e
2025-08-13 02:20:08,628 INFO  [io.api.tes.ser.api.KafkaSerdesTester] (Thread-732) Sending message {"username": null} to topic topic-deef53f7_05d0_4d00_8b33_f00e3a1d002e
2025-08-13 02:20:08,630 INFO  [io.api.tes.ser.api.KafkaSerdesTester] (Thread-732) Sending message {"username": "value-6"} to topic topic-deef53f7_05d0_4d00_8b33_f00e3a1d002e
2025-08-13 02:20:08,632 INFO  [io.api.tes.ser.api.KafkaSerdesTester] (Thread-732) Sending message {"username": null} to topic topic-deef53f7_05d0_4d00_8b33_f00e3a1d002e
2025-08-13 02:20:08,634 INFO  [io.api.tes.ser.api.KafkaSerdesTester] (Thread-732) Sending message {"username": "value-8"} to topic topic-deef53f7_05d0_4d00_8b33_f00e3a1d002e
2025-08-13 02:20:08,636 INFO  [io.api.tes.ser.api.KafkaSerdesTester] (Thread-732) Sending message {"username": null} to topic topic-deef53f7_05d0_4d00_8b33_f00e3a1d002e
2025-08-13 02:20:08,638 INFO  [io.api.tes.ser.api.KafkaSerdesTester] (Thread-732) Produced 10 messages
2025-08-13 02:20:08,638 INFO  [org.apa.kaf.cli.pro.KafkaProducer] (Thread-732) [Producer clientId=Producer-topic-deef53f7_05d0_4d00_8b33_f00e3a1d002e] Closing the Kafka producer with timeoutMillis = 9223372036854775807 ms.
2025-08-13 02:20:08,641 INFO  [org.apa.kaf.com.met.Metrics] (Thread-732) Metrics scheduler closed
2025-08-13 02:20:08,642 INFO  [org.apa.kaf.com.met.Metrics] (Thread-732) Closing reporter org.apache.kafka.common.metrics.JmxReporter
2025-08-13 02:20:08,642 INFO  [org.apa.kaf.com.met.Metrics] (Thread-732) Closing reporter org.apache.kafka.common.telemetry.internals.ClientTelemetryReporter
2025-08-13 02:20:08,642 INFO  [org.apa.kaf.com.met.Metrics] (Thread-732) Metrics reporters closed
2025-08-13 02:20:08,642 INFO  [org.apa.kaf.com.uti.AppInfoParser] (Thread-732) App info kafka.producer for Producer-topic-deef53f7_05d0_4d00_8b33_f00e3a1d002e unregistered
**** Registry Base URL: http://registry-app-ksql047.apps.ci419.apicurio-testing.org:80
2025-08-13 02:20:08,695 INFO  [org.apa.kaf.cli.con.ConsumerConfig] (main) ConsumerConfig values: 
	allow.auto.create.topics = true
	auto.commit.interval.ms = 500
	auto.include.jmx.reporter = true
	auto.offset.reset = earliest
	bootstrap.servers = [PLAINTEXT://localhost:32769]
	check.crcs = true
	client.dns.lookup = use_all_dns_ips
	client.id = consumer-Consumer-topic-deef53f7_05d0_4d00_8b33_f00e3a1d002e-17
	client.rack = 
	connections.max.idle.ms = 10000
	default.api.timeout.ms = 60000
	enable.auto.commit = true
	enable.metrics.push = true
	exclude.internal.topics = true
	fetch.max.bytes = 52428800
	fetch.max.wait.ms = 500
	fetch.min.bytes = 1
	group.id = Consumer-topic-deef53f7_05d0_4d00_8b33_f00e3a1d002e
	group.instance.id = null
	group.protocol = classic
	group.remote.assignor = null
	heartbeat.interval.ms = 3000
	interceptor.classes = []
	internal.leave.group.on.close = true
	internal.throw.on.fetch.stable.offset.unsupported = false
	isolation.level = read_uncommitted
	key.deserializer = class org.apache.kafka.common.serialization.StringDeserializer
	max.partition.fetch.bytes = 1048576
	max.poll.interval.ms = 300000
	max.poll.records = 500
	metadata.max.age.ms = 300000
	metadata.recovery.strategy = none
	metric.reporters = []
	metrics.num.samples = 2
	metrics.recording.level = INFO
	metrics.sample.window.ms = 30000
	partition.assignment.strategy = [class org.apache.kafka.clients.consumer.RangeAssignor, class org.apache.kafka.clients.consumer.CooperativeStickyAssignor]
	receive.buffer.bytes = 65536
	reconnect.backoff.max.ms = 1000
	reconnect.backoff.ms = 50
	request.timeout.ms = 5000
	retry.backoff.max.ms = 1000
	retry.backoff.ms = 100
	sasl.client.callback.handler.class = null
	sasl.jaas.config = null
	sasl.kerberos.kinit.cmd = /usr/bin/kinit
	sasl.kerberos.min.time.before.relogin = 60000
	sasl.kerberos.service.name = null
	sasl.kerberos.ticket.renew.jitter = 0.05
	sasl.kerberos.ticket.renew.window.factor = 0.8
	sasl.login.callback.handler.class = null
	sasl.login.class = null
	sasl.login.connect.timeout.ms = null
	sasl.login.read.timeout.ms = null
	sasl.login.refresh.buffer.seconds = 300
	sasl.login.refresh.min.period.seconds = 60
	sasl.login.refresh.window.factor = 0.8
	sasl.login.refresh.window.jitter = 0.05
	sasl.login.retry.backoff.max.ms = 10000
	sasl.login.retry.backoff.ms = 100
	sasl.mechanism = GSSAPI
	sasl.oauthbearer.clock.skew.seconds = 30
	sasl.oauthbearer.expected.audience = null
	sasl.oauthbearer.expected.issuer = null
	sasl.oauthbearer.header.urlencode = false
	sasl.oauthbearer.jwks.endpoint.refresh.ms = 3600000
	sasl.oauthbearer.jwks.endpoint.retry.backoff.max.ms = 10000
	sasl.oauthbearer.jwks.endpoint.retry.backoff.ms = 100
	sasl.oauthbearer.jwks.endpoint.url = null
	sasl.oauthbearer.scope.claim.name = scope
	sasl.oauthbearer.sub.claim.name = sub
	sasl.oauthbearer.token.endpoint.url = null
	security.protocol = PLAINTEXT
	security.providers = null
	send.buffer.bytes = 131072
	session.timeout.ms = 45000
	socket.connection.setup.timeout.max.ms = 30000
	socket.connection.setup.timeout.ms = 10000
	ssl.cipher.suites = null
	ssl.enabled.protocols = [TLSv1.2, TLSv1.3]
	ssl.endpoint.identification.algorithm = https
	ssl.engine.factory.class = null
	ssl.key.password = null
	ssl.keymanager.algorithm = SunX509
	ssl.keystore.certificate.chain = null
	ssl.keystore.key = null
	ssl.keystore.location = null
	ssl.keystore.password = null
	ssl.keystore.type = JKS
	ssl.protocol = TLSv1.3
	ssl.provider = null
	ssl.secure.random.implementation = null
	ssl.trustmanager.algorithm = PKIX
	ssl.truststore.certificates = null
	ssl.truststore.location = null
	ssl.truststore.password = null
	ssl.truststore.type = JKS
	value.deserializer = class io.apicurio.registry.serde.avro.AvroKafkaDeserializer

2025-08-13 02:20:08,695 INFO  [org.apa.kaf.com.tel.int.KafkaMetricsCollector] (main) initializing Kafka metrics collector
2025-08-13 02:20:08,700 INFO  [org.apa.kaf.cli.con.ConsumerConfig] (main) These configurations '[apicurio.registry.url]' were supplied but are not used yet.
2025-08-13 02:20:08,700 INFO  [org.apa.kaf.com.uti.AppInfoParser] (main) Kafka version: 3.9.1
2025-08-13 02:20:08,700 INFO  [org.apa.kaf.com.uti.AppInfoParser] (main) Kafka commitId: f745dfdcee2b9851
2025-08-13 02:20:08,701 INFO  [org.apa.kaf.com.uti.AppInfoParser] (main) Kafka startTimeMs: 1755051608700
2025-08-13 02:20:08,701 INFO  [org.apa.kaf.cli.con.int.ClassicKafkaConsumer] (Thread-735) [Consumer clientId=consumer-Consumer-topic-deef53f7_05d0_4d00_8b33_f00e3a1d002e-17, groupId=Consumer-topic-deef53f7_05d0_4d00_8b33_f00e3a1d002e] Subscribed to topic(s): topic-deef53f7_05d0_4d00_8b33_f00e3a1d002e
2025-08-13 02:20:08,706 INFO  [org.apa.kaf.cli.Metadata] (Thread-735) [Consumer clientId=consumer-Consumer-topic-deef53f7_05d0_4d00_8b33_f00e3a1d002e-17, groupId=Consumer-topic-deef53f7_05d0_4d00_8b33_f00e3a1d002e] Cluster ID: RhahJUjfTxKIJlGmUjwdsg
2025-08-13 02:20:08,706 INFO  [org.apa.kaf.cli.con.int.ConsumerCoordinator] (Thread-735) [Consumer clientId=consumer-Consumer-topic-deef53f7_05d0_4d00_8b33_f00e3a1d002e-17, groupId=Consumer-topic-deef53f7_05d0_4d00_8b33_f00e3a1d002e] Discovered group coordinator localhost:32769 (id: 2147483647 rack: null)
2025-08-13 02:20:08,709 INFO  [org.apa.kaf.cli.con.int.ConsumerCoordinator] (Thread-735) [Consumer clientId=consumer-Consumer-topic-deef53f7_05d0_4d00_8b33_f00e3a1d002e-17, groupId=Consumer-topic-deef53f7_05d0_4d00_8b33_f00e3a1d002e] (Re-)joining group
2025-08-13 02:20:08,711 INFO  [org.apa.kaf.cli.con.int.ConsumerCoordinator] (Thread-735) [Consumer clientId=consumer-Consumer-topic-deef53f7_05d0_4d00_8b33_f00e3a1d002e-17, groupId=Consumer-topic-deef53f7_05d0_4d00_8b33_f00e3a1d002e] Request joining group due to: need to re-join with the given member-id: consumer-Consumer-topic-deef53f7_05d0_4d00_8b33_f00e3a1d002e-17-ef340c34-1c2c-40b3-9fd8-d7e44780e083
2025-08-13 02:20:08,711 INFO  [org.apa.kaf.cli.con.int.ConsumerCoordinator] (Thread-735) [Consumer clientId=consumer-Consumer-topic-deef53f7_05d0_4d00_8b33_f00e3a1d002e-17, groupId=Consumer-topic-deef53f7_05d0_4d00_8b33_f00e3a1d002e] (Re-)joining group
2025-08-13 02:20:09,701 INFO  [io.api.tes.ser.api.KafkaSerdesTester] (Thread-735) None found
2025-08-13 02:20:10,701 INFO  [io.api.tes.ser.api.KafkaSerdesTester] (Thread-735) None found
2025-08-13 02:20:11,701 INFO  [io.api.tes.ser.api.KafkaSerdesTester] (Thread-735) None found
2025-08-13 02:20:11,712 INFO  [org.apa.kaf.cli.con.int.ConsumerCoordinator] (Thread-735) [Consumer clientId=consumer-Consumer-topic-deef53f7_05d0_4d00_8b33_f00e3a1d002e-17, groupId=Consumer-topic-deef53f7_05d0_4d00_8b33_f00e3a1d002e] Successfully joined group with generation Generation{generationId=1, memberId='consumer-Consumer-topic-deef53f7_05d0_4d00_8b33_f00e3a1d002e-17-ef340c34-1c2c-40b3-9fd8-d7e44780e083', protocol='range'}
2025-08-13 02:20:11,713 INFO  [org.apa.kaf.cli.con.int.ConsumerCoordinator] (Thread-735) [Consumer clientId=consumer-Consumer-topic-deef53f7_05d0_4d00_8b33_f00e3a1d002e-17, groupId=Consumer-topic-deef53f7_05d0_4d00_8b33_f00e3a1d002e] Finished assignment for group at generation 1: {consumer-Consumer-topic-deef53f7_05d0_4d00_8b33_f00e3a1d002e-17-ef340c34-1c2c-40b3-9fd8-d7e44780e083=Assignment(partitions=[topic-deef53f7_05d0_4d00_8b33_f00e3a1d002e-0])}
2025-08-13 02:20:11,719 INFO  [org.apa.kaf.cli.con.int.ConsumerCoordinator] (Thread-735) [Consumer clientId=consumer-Consumer-topic-deef53f7_05d0_4d00_8b33_f00e3a1d002e-17, groupId=Consumer-topic-deef53f7_05d0_4d00_8b33_f00e3a1d002e] Successfully synced group in generation Generation{generationId=1, memberId='consumer-Consumer-topic-deef53f7_05d0_4d00_8b33_f00e3a1d002e-17-ef340c34-1c2c-40b3-9fd8-d7e44780e083', protocol='range'}
2025-08-13 02:20:11,720 INFO  [org.apa.kaf.cli.con.int.ConsumerCoordinator] (Thread-735) [Consumer clientId=consumer-Consumer-topic-deef53f7_05d0_4d00_8b33_f00e3a1d002e-17, groupId=Consumer-topic-deef53f7_05d0_4d00_8b33_f00e3a1d002e] Notifying assignor about the new Assignment(partitions=[topic-deef53f7_05d0_4d00_8b33_f00e3a1d002e-0])
2025-08-13 02:20:11,720 INFO  [org.apa.kaf.cli.con.int.ConsumerRebalanceListenerInvoker] (Thread-735) [Consumer clientId=consumer-Consumer-topic-deef53f7_05d0_4d00_8b33_f00e3a1d002e-17, groupId=Consumer-topic-deef53f7_05d0_4d00_8b33_f00e3a1d002e] Adding newly assigned partitions: topic-deef53f7_05d0_4d00_8b33_f00e3a1d002e-0
2025-08-13 02:20:11,721 INFO  [org.apa.kaf.cli.con.int.ConsumerCoordinator] (Thread-735) [Consumer clientId=consumer-Consumer-topic-deef53f7_05d0_4d00_8b33_f00e3a1d002e-17, groupId=Consumer-topic-deef53f7_05d0_4d00_8b33_f00e3a1d002e] Found no committed offset for partition topic-deef53f7_05d0_4d00_8b33_f00e3a1d002e-0
2025-08-13 02:20:11,724 INFO  [org.apa.kaf.cli.con.int.SubscriptionState] (Thread-735) [Consumer clientId=consumer-Consumer-topic-deef53f7_05d0_4d00_8b33_f00e3a1d002e-17, groupId=Consumer-topic-deef53f7_05d0_4d00_8b33_f00e3a1d002e] Resetting offset for partition topic-deef53f7_05d0_4d00_8b33_f00e3a1d002e-0 to position FetchPosition{offset=0, offsetEpoch=Optional.empty, currentLeader=LeaderAndEpoch{leader=Optional[localhost:32769 (id: 0 rack: null)], epoch=0}}.
2025-08-13 02:20:11,801 INFO  [io.api.tes.ser.api.KafkaSerdesTester] (Thread-735) topic-deef53f7_05d0_4d00_8b33_f00e3a1d002e 0 0 {"username": null}
2025-08-13 02:20:11,802 INFO  [io.api.tes.ser.api.KafkaSerdesTester] (Thread-735) topic-deef53f7_05d0_4d00_8b33_f00e3a1d002e 0 1 {"username": null}
2025-08-13 02:20:11,802 INFO  [io.api.tes.ser.api.KafkaSerdesTester] (Thread-735) topic-deef53f7_05d0_4d00_8b33_f00e3a1d002e 0 2 {"username": "value-2"}
2025-08-13 02:20:11,802 INFO  [io.api.tes.ser.api.KafkaSerdesTester] (Thread-735) topic-deef53f7_05d0_4d00_8b33_f00e3a1d002e 0 3 {"username": null}
2025-08-13 02:20:11,802 INFO  [io.api.tes.ser.api.KafkaSerdesTester] (Thread-735) topic-deef53f7_05d0_4d00_8b33_f00e3a1d002e 0 4 {"username": "value-4"}
2025-08-13 02:20:11,802 INFO  [io.api.tes.ser.api.KafkaSerdesTester] (Thread-735) topic-deef53f7_05d0_4d00_8b33_f00e3a1d002e 0 5 {"username": null}
2025-08-13 02:20:11,802 INFO  [io.api.tes.ser.api.KafkaSerdesTester] (Thread-735) topic-deef53f7_05d0_4d00_8b33_f00e3a1d002e 0 6 {"username": "value-6"}
2025-08-13 02:20:11,802 INFO  [io.api.tes.ser.api.KafkaSerdesTester] (Thread-735) topic-deef53f7_05d0_4d00_8b33_f00e3a1d002e 0 7 {"username": null}
2025-08-13 02:20:11,802 INFO  [io.api.tes.ser.api.KafkaSerdesTester] (Thread-735) topic-deef53f7_05d0_4d00_8b33_f00e3a1d002e 0 8 {"username": "value-8"}
2025-08-13 02:20:11,802 INFO  [io.api.tes.ser.api.KafkaSerdesTester] (Thread-735) topic-deef53f7_05d0_4d00_8b33_f00e3a1d002e 0 9 {"username": null}
2025-08-13 02:20:11,802 INFO  [io.api.tes.ser.api.KafkaSerdesTester] (Thread-735) Consumed 10 messages
2025-08-13 02:20:11,808 INFO  [org.apa.kaf.cli.con.int.ConsumerRebalanceListenerInvoker] (Thread-735) [Consumer clientId=consumer-Consumer-topic-deef53f7_05d0_4d00_8b33_f00e3a1d002e-17, groupId=Consumer-topic-deef53f7_05d0_4d00_8b33_f00e3a1d002e] Revoke previously assigned partitions topic-deef53f7_05d0_4d00_8b33_f00e3a1d002e-0
2025-08-13 02:20:11,808 INFO  [org.apa.kaf.cli.con.int.ConsumerCoordinator] (Thread-735) [Consumer clientId=consumer-Consumer-topic-deef53f7_05d0_4d00_8b33_f00e3a1d002e-17, groupId=Consumer-topic-deef53f7_05d0_4d00_8b33_f00e3a1d002e] Member consumer-Consumer-topic-deef53f7_05d0_4d00_8b33_f00e3a1d002e-17-ef340c34-1c2c-40b3-9fd8-d7e44780e083 sending LeaveGroup request to coordinator localhost:32769 (id: 2147483647 rack: null) due to the consumer is being closed
2025-08-13 02:20:11,809 INFO  [org.apa.kaf.cli.con.int.ConsumerCoordinator] (Thread-735) [Consumer clientId=consumer-Consumer-topic-deef53f7_05d0_4d00_8b33_f00e3a1d002e-17, groupId=Consumer-topic-deef53f7_05d0_4d00_8b33_f00e3a1d002e] Resetting generation and member id due to: consumer pro-actively leaving the group
2025-08-13 02:20:11,809 INFO  [org.apa.kaf.cli.con.int.ConsumerCoordinator] (Thread-735) [Consumer clientId=consumer-Consumer-topic-deef53f7_05d0_4d00_8b33_f00e3a1d002e-17, groupId=Consumer-topic-deef53f7_05d0_4d00_8b33_f00e3a1d002e] Request joining group due to: consumer pro-actively leaving the group
2025-08-13 02:20:12,303 INFO  [org.apa.kaf.com.met.Metrics] (Thread-735) Metrics scheduler closed
2025-08-13 02:20:12,303 INFO  [org.apa.kaf.com.met.Metrics] (Thread-735) Closing reporter org.apache.kafka.common.metrics.JmxReporter
2025-08-13 02:20:12,303 INFO  [org.apa.kaf.com.met.Metrics] (Thread-735) Closing reporter org.apache.kafka.common.telemetry.internals.ClientTelemetryReporter
2025-08-13 02:20:12,303 INFO  [org.apa.kaf.com.met.Metrics] (Thread-735) Metrics reporters closed
2025-08-13 02:20:12,305 INFO  [org.apa.kaf.com.uti.AppInfoParser] (Thread-735) App info kafka.consumer for consumer-Consumer-topic-deef53f7_05d0_4d00_8b33_f00e3a1d002e-17 unregistered
2025-08-13 02:20:12,305 INFO  [io.api.tes.uti.TestSeparator] (main) io.apicurio.tests.serdes.apicurio.AvroSerdeIT.testFirstEmptyFieldConfusedAsMagicByte-FINISHED
2025-08-13 02:20:12,305 INFO  [io.api.tes.uti.TestSeparator] (main) ############################################################################
Test passed: testFirstEmptyFieldConfusedAsMagicByte
]]></system-out>
  </testcase>
  <testcase name="testAvroSerDesFailDifferentSchemaByContent" classname="io.apicurio.tests.serdes.apicurio.AvroSerdeIT" time="1.194">
    <system-out><![CDATA[2025-08-13 02:20:12,307 INFO  [io.api.tes.uti.TestSeparator] (main) ############################################################################
2025-08-13 02:20:12,307 INFO  [io.api.tes.uti.TestSeparator] (main) io.apicurio.tests.serdes.apicurio.AvroSerdeIT.testAvroSerDesFailDifferentSchemaByContent-STARTED
**** Registry Base URL: http://registry-app-ksql047.apps.ci419.apicurio-testing.org:80
2025-08-13 02:20:13,412 INFO  [org.apa.kaf.cli.pro.ProducerConfig] (main) ProducerConfig values: 
	acks = -1
	auto.include.jmx.reporter = true
	batch.size = 16384
	bootstrap.servers = [PLAINTEXT://localhost:32769]
	buffer.memory = 33554432
	client.dns.lookup = use_all_dns_ips
	client.id = Producer-topic-81bc719f_2466_423f_9911_dc9700115ae0
	compression.gzip.level = -1
	compression.lz4.level = 9
	compression.type = none
	compression.zstd.level = 3
	connections.max.idle.ms = 10000
	delivery.timeout.ms = 120000
	enable.idempotence = true
	enable.metrics.push = true
	interceptor.classes = []
	key.serializer = class org.apache.kafka.common.serialization.StringSerializer
	linger.ms = 0
	max.block.ms = 60000
	max.in.flight.requests.per.connection = 5
	max.request.size = 1048576
	metadata.max.age.ms = 300000
	metadata.max.idle.ms = 300000
	metadata.recovery.strategy = none
	metric.reporters = []
	metrics.num.samples = 2
	metrics.recording.level = INFO
	metrics.sample.window.ms = 30000
	partitioner.adaptive.partitioning.enable = true
	partitioner.availability.timeout.ms = 0
	partitioner.class = null
	partitioner.ignore.keys = false
	receive.buffer.bytes = 32768
	reconnect.backoff.max.ms = 1000
	reconnect.backoff.ms = 50
	request.timeout.ms = 5000
	retries = 2147483647
	retry.backoff.max.ms = 1000
	retry.backoff.ms = 100
	sasl.client.callback.handler.class = null
	sasl.jaas.config = null
	sasl.kerberos.kinit.cmd = /usr/bin/kinit
	sasl.kerberos.min.time.before.relogin = 60000
	sasl.kerberos.service.name = null
	sasl.kerberos.ticket.renew.jitter = 0.05
	sasl.kerberos.ticket.renew.window.factor = 0.8
	sasl.login.callback.handler.class = null
	sasl.login.class = null
	sasl.login.connect.timeout.ms = null
	sasl.login.read.timeout.ms = null
	sasl.login.refresh.buffer.seconds = 300
	sasl.login.refresh.min.period.seconds = 60
	sasl.login.refresh.window.factor = 0.8
	sasl.login.refresh.window.jitter = 0.05
	sasl.login.retry.backoff.max.ms = 10000
	sasl.login.retry.backoff.ms = 100
	sasl.mechanism = GSSAPI
	sasl.oauthbearer.clock.skew.seconds = 30
	sasl.oauthbearer.expected.audience = null
	sasl.oauthbearer.expected.issuer = null
	sasl.oauthbearer.header.urlencode = false
	sasl.oauthbearer.jwks.endpoint.refresh.ms = 3600000
	sasl.oauthbearer.jwks.endpoint.retry.backoff.max.ms = 10000
	sasl.oauthbearer.jwks.endpoint.retry.backoff.ms = 100
	sasl.oauthbearer.jwks.endpoint.url = null
	sasl.oauthbearer.scope.claim.name = scope
	sasl.oauthbearer.sub.claim.name = sub
	sasl.oauthbearer.token.endpoint.url = null
	security.protocol = PLAINTEXT
	security.providers = null
	send.buffer.bytes = 131072
	socket.connection.setup.timeout.max.ms = 30000
	socket.connection.setup.timeout.ms = 10000
	ssl.cipher.suites = null
	ssl.enabled.protocols = [TLSv1.2, TLSv1.3]
	ssl.endpoint.identification.algorithm = https
	ssl.engine.factory.class = null
	ssl.key.password = null
	ssl.keymanager.algorithm = SunX509
	ssl.keystore.certificate.chain = null
	ssl.keystore.key = null
	ssl.keystore.location = null
	ssl.keystore.password = null
	ssl.keystore.type = JKS
	ssl.protocol = TLSv1.3
	ssl.provider = null
	ssl.secure.random.implementation = null
	ssl.trustmanager.algorithm = PKIX
	ssl.truststore.certificates = null
	ssl.truststore.location = null
	ssl.truststore.password = null
	ssl.truststore.type = JKS
	transaction.timeout.ms = 60000
	transactional.id = null
	value.serializer = class io.apicurio.registry.serde.avro.AvroKafkaSerializer

2025-08-13 02:20:13,412 INFO  [org.apa.kaf.com.tel.int.KafkaMetricsCollector] (main) initializing Kafka metrics collector
2025-08-13 02:20:13,415 INFO  [org.apa.kaf.cli.pro.KafkaProducer] (main) [Producer clientId=Producer-topic-81bc719f_2466_423f_9911_dc9700115ae0] Instantiated an idempotent producer.
2025-08-13 02:20:13,418 INFO  [org.apa.kaf.cli.pro.ProducerConfig] (main) These configurations '[apicurio.registry.url, apicurio.registry.artifact-resolver-strategy]' were supplied but are not used yet.
2025-08-13 02:20:13,418 INFO  [org.apa.kaf.com.uti.AppInfoParser] (main) Kafka version: 3.9.1
2025-08-13 02:20:13,419 INFO  [org.apa.kaf.com.uti.AppInfoParser] (main) Kafka commitId: f745dfdcee2b9851
2025-08-13 02:20:13,419 INFO  [org.apa.kaf.com.uti.AppInfoParser] (main) Kafka startTimeMs: 1755051613418
2025-08-13 02:20:13,419 INFO  [io.api.tes.ser.api.KafkaSerdesTester] (Thread-738) Sending message {"keyB": "value-0"} to topic topic-81bc719f_2466_423f_9911_dc9700115ae0
2025-08-13 02:20:13,422 INFO  [org.apa.kaf.cli.Metadata] (kafka-producer-network-thread | Producer-topic-81bc719f_2466_423f_9911_dc9700115ae0) [Producer clientId=Producer-topic-81bc719f_2466_423f_9911_dc9700115ae0] Cluster ID: RhahJUjfTxKIJlGmUjwdsg
2025-08-13 02:20:13,422 INFO  [DefaultSchemaResolver] (Thread-738) Retrieving schema content using string: {"type":"record","name":"s3dc4f1c6xbd67x420bx9584xd1e4fbf2715d","namespace":"sd8a1b4a9x727ax4c83xb182x940a73dced31","fields":[{"name":"keyB","type":"string"}]}
2025-08-13 02:20:13,426 INFO  [org.apa.kaf.cli.pro.int.TransactionManager] (kafka-producer-network-thread | Producer-topic-81bc719f_2466_423f_9911_dc9700115ae0) [Producer clientId=Producer-topic-81bc719f_2466_423f_9911_dc9700115ae0] ProducerId set to 24 with epoch 0
2025-08-13 02:20:13,497 INFO  [org.apa.kaf.cli.pro.KafkaProducer] (Thread-738) [Producer clientId=Producer-topic-81bc719f_2466_423f_9911_dc9700115ae0] Closing the Kafka producer with timeoutMillis = 9223372036854775807 ms.
2025-08-13 02:20:13,499 INFO  [org.apa.kaf.com.met.Metrics] (Thread-738) Metrics scheduler closed
2025-08-13 02:20:13,499 INFO  [org.apa.kaf.com.met.Metrics] (Thread-738) Closing reporter org.apache.kafka.common.metrics.JmxReporter
2025-08-13 02:20:13,499 INFO  [org.apa.kaf.com.met.Metrics] (Thread-738) Closing reporter org.apache.kafka.common.telemetry.internals.ClientTelemetryReporter
2025-08-13 02:20:13,499 INFO  [org.apa.kaf.com.met.Metrics] (Thread-738) Metrics reporters closed
2025-08-13 02:20:13,499 INFO  [org.apa.kaf.com.uti.AppInfoParser] (Thread-738) App info kafka.producer for Producer-topic-81bc719f_2466_423f_9911_dc9700115ae0 unregistered
2025-08-13 02:20:13,500 INFO  [io.api.tes.uti.TestSeparator] (main) io.apicurio.tests.serdes.apicurio.AvroSerdeIT.testAvroSerDesFailDifferentSchemaByContent-FINISHED
2025-08-13 02:20:13,500 INFO  [io.api.tes.uti.TestSeparator] (main) ############################################################################
Test passed: testAvroSerDesFailDifferentSchemaByContent
]]></system-out>
    <system-err><![CDATA[java.lang.RuntimeException: Could not resolve artifact reference by content: {"type":"record","name":"s3dc4f1c6xbd67x420bx9584xd1e4fbf2715d","namespace":"sd8a1b4a9x727ax4c83xb182x940a73dced31","fields":[{"name":"keyB","type":"string"}]}&ArtifactReference [groupId=sd8a1b4a9x727ax4c83xb182x940a73dced31, artifactId=s3dc4f1c6xbd67x420bx9584xd1e4fbf2715d, version=null, globalId=null, contentId=null, contentHash=null]
	at io.apicurio.registry.resolver.DefaultSchemaResolver.lambda$handleResolveSchemaByContent$3(DefaultSchemaResolver.java:265)
	at io.apicurio.registry.resolver.cache.ERCache.lambda$getValue$0(ERCache.java:174)
	at io.apicurio.registry.resolver.cache.ERCache.retry(ERCache.java:227)
	at io.apicurio.registry.resolver.cache.ERCache.getValue(ERCache.java:173)
	at io.apicurio.registry.resolver.cache.ERCache.getByContent(ERCache.java:147)
	at io.apicurio.registry.resolver.DefaultSchemaResolver.handleResolveSchemaByContent(DefaultSchemaResolver.java:253)
	at io.apicurio.registry.resolver.DefaultSchemaResolver.getSchemaFromRegistry(DefaultSchemaResolver.java:138)
	at io.apicurio.registry.resolver.DefaultSchemaResolver.lambda$resolveSchema$0(DefaultSchemaResolver.java:84)
	at java.base/java.util.Optional.orElseGet(Optional.java:364)
	at io.apicurio.registry.resolver.DefaultSchemaResolver.resolveSchema(DefaultSchemaResolver.java:84)
	at io.apicurio.registry.serde.AbstractSerializer.serializeData(AbstractSerializer.java:62)
	at io.apicurio.registry.serde.KafkaSerializer.serialize(KafkaSerializer.java:77)
	at org.apache.kafka.clients.producer.KafkaProducer.doSend(KafkaProducer.java:1046)
	at org.apache.kafka.clients.producer.KafkaProducer.send(KafkaProducer.java:993)
	at org.apache.kafka.clients.producer.KafkaProducer.send(KafkaProducer.java:875)
	at io.apicurio.tests.serdes.apicurio.KafkaSerdesTester.lambda$produceMessages$3(KafkaSerdesTester.java:138)
	at java.base/java.util.concurrent.CompletableFuture$AsyncSupply.run(CompletableFuture.java:1768)
	at java.base/java.lang.Thread.run(Thread.java:840)
]]></system-err>
  </testcase>
  <testcase name="testGlobalIdInBody" classname="io.apicurio.tests.serdes.apicurio.AvroSerdeIT" time="3.917">
    <system-out><![CDATA[2025-08-13 02:20:13,502 INFO  [io.api.tes.uti.TestSeparator] (main) ############################################################################
2025-08-13 02:20:13,502 INFO  [io.api.tes.uti.TestSeparator] (main) io.apicurio.tests.serdes.apicurio.AvroSerdeIT.testGlobalIdInBody-STARTED
**** Registry Base URL: http://registry-app-ksql047.apps.ci419.apicurio-testing.org:80
2025-08-13 02:20:13,507 INFO  [org.apa.kaf.cli.pro.ProducerConfig] (main) ProducerConfig values: 
	acks = -1
	auto.include.jmx.reporter = true
	batch.size = 16384
	bootstrap.servers = [PLAINTEXT://localhost:32769]
	buffer.memory = 33554432
	client.dns.lookup = use_all_dns_ips
	client.id = Producer-topic-304fb627_f1fa_4a84_9ad4_7aa9b48a7517
	compression.gzip.level = -1
	compression.lz4.level = 9
	compression.type = none
	compression.zstd.level = 3
	connections.max.idle.ms = 10000
	delivery.timeout.ms = 120000
	enable.idempotence = true
	enable.metrics.push = true
	interceptor.classes = []
	key.serializer = class org.apache.kafka.common.serialization.StringSerializer
	linger.ms = 0
	max.block.ms = 60000
	max.in.flight.requests.per.connection = 5
	max.request.size = 1048576
	metadata.max.age.ms = 300000
	metadata.max.idle.ms = 300000
	metadata.recovery.strategy = none
	metric.reporters = []
	metrics.num.samples = 2
	metrics.recording.level = INFO
	metrics.sample.window.ms = 30000
	partitioner.adaptive.partitioning.enable = true
	partitioner.availability.timeout.ms = 0
	partitioner.class = null
	partitioner.ignore.keys = false
	receive.buffer.bytes = 32768
	reconnect.backoff.max.ms = 1000
	reconnect.backoff.ms = 50
	request.timeout.ms = 5000
	retries = 2147483647
	retry.backoff.max.ms = 1000
	retry.backoff.ms = 100
	sasl.client.callback.handler.class = null
	sasl.jaas.config = null
	sasl.kerberos.kinit.cmd = /usr/bin/kinit
	sasl.kerberos.min.time.before.relogin = 60000
	sasl.kerberos.service.name = null
	sasl.kerberos.ticket.renew.jitter = 0.05
	sasl.kerberos.ticket.renew.window.factor = 0.8
	sasl.login.callback.handler.class = null
	sasl.login.class = null
	sasl.login.connect.timeout.ms = null
	sasl.login.read.timeout.ms = null
	sasl.login.refresh.buffer.seconds = 300
	sasl.login.refresh.min.period.seconds = 60
	sasl.login.refresh.window.factor = 0.8
	sasl.login.refresh.window.jitter = 0.05
	sasl.login.retry.backoff.max.ms = 10000
	sasl.login.retry.backoff.ms = 100
	sasl.mechanism = GSSAPI
	sasl.oauthbearer.clock.skew.seconds = 30
	sasl.oauthbearer.expected.audience = null
	sasl.oauthbearer.expected.issuer = null
	sasl.oauthbearer.header.urlencode = false
	sasl.oauthbearer.jwks.endpoint.refresh.ms = 3600000
	sasl.oauthbearer.jwks.endpoint.retry.backoff.max.ms = 10000
	sasl.oauthbearer.jwks.endpoint.retry.backoff.ms = 100
	sasl.oauthbearer.jwks.endpoint.url = null
	sasl.oauthbearer.scope.claim.name = scope
	sasl.oauthbearer.sub.claim.name = sub
	sasl.oauthbearer.token.endpoint.url = null
	security.protocol = PLAINTEXT
	security.providers = null
	send.buffer.bytes = 131072
	socket.connection.setup.timeout.max.ms = 30000
	socket.connection.setup.timeout.ms = 10000
	ssl.cipher.suites = null
	ssl.enabled.protocols = [TLSv1.2, TLSv1.3]
	ssl.endpoint.identification.algorithm = https
	ssl.engine.factory.class = null
	ssl.key.password = null
	ssl.keymanager.algorithm = SunX509
	ssl.keystore.certificate.chain = null
	ssl.keystore.key = null
	ssl.keystore.location = null
	ssl.keystore.password = null
	ssl.keystore.type = JKS
	ssl.protocol = TLSv1.3
	ssl.provider = null
	ssl.secure.random.implementation = null
	ssl.trustmanager.algorithm = PKIX
	ssl.truststore.certificates = null
	ssl.truststore.location = null
	ssl.truststore.password = null
	ssl.truststore.type = JKS
	transaction.timeout.ms = 60000
	transactional.id = null
	value.serializer = class io.apicurio.registry.serde.avro.AvroKafkaSerializer

2025-08-13 02:20:13,508 INFO  [org.apa.kaf.com.tel.int.KafkaMetricsCollector] (main) initializing Kafka metrics collector
2025-08-13 02:20:13,517 INFO  [org.apa.kaf.cli.pro.KafkaProducer] (main) [Producer clientId=Producer-topic-304fb627_f1fa_4a84_9ad4_7aa9b48a7517] Instantiated an idempotent producer.
2025-08-13 02:20:13,519 INFO  [org.apa.kaf.cli.pro.ProducerConfig] (main) These configurations '[apicurio.registry.url, apicurio.registry.auto-register, apicurio.registry.use-id, apicurio.registry.artifact-resolver-strategy]' were supplied but are not used yet.
2025-08-13 02:20:13,519 INFO  [org.apa.kaf.com.uti.AppInfoParser] (main) Kafka version: 3.9.1
2025-08-13 02:20:13,519 INFO  [org.apa.kaf.com.uti.AppInfoParser] (main) Kafka commitId: f745dfdcee2b9851
2025-08-13 02:20:13,519 INFO  [org.apa.kaf.com.uti.AppInfoParser] (main) Kafka startTimeMs: 1755051613519
2025-08-13 02:20:13,520 INFO  [io.api.tes.ser.api.SimpleSerdesTesterBuilder$SimpleSerdesTester] (main) Using producer configuration: {apicurio.registry.url=http://registry-app-ksql047.apps.ci419.apicurio-testing.org:80/apis/registry/v3, apicurio.registry.auto-register=true, apicurio.registry.use-id=globalId, apicurio.registry.artifact-resolver-strategy=io.apicurio.registry.serde.strategy.TopicIdStrategy, value.serializer=io.apicurio.registry.serde.avro.AvroKafkaSerializer, request.timeout.ms=5000, acks=all, bootstrap.servers=PLAINTEXT://localhost:32769, connections.max.idle.ms=10000, key.serializer=org.apache.kafka.common.serialization.StringSerializer, client.id=Producer-topic-304fb627_f1fa_4a84_9ad4_7aa9b48a7517}
2025-08-13 02:20:13,521 INFO  [io.api.tes.ser.api.SimpleSerdesTesterBuilder$SimpleSerdesTester] (main) Using consumer configuration: {apicurio.registry.use-id=globalId}
2025-08-13 02:20:13,522 INFO  [io.api.tes.ser.api.KafkaSerdesTester] (Thread-741) Sending message {"key11755051613505": "value-0"} to topic topic-304fb627_f1fa_4a84_9ad4_7aa9b48a7517
2025-08-13 02:20:13,525 WARN  [org.apa.kaf.cli.NetworkClient] (kafka-producer-network-thread | Producer-topic-304fb627_f1fa_4a84_9ad4_7aa9b48a7517) [Producer clientId=Producer-topic-304fb627_f1fa_4a84_9ad4_7aa9b48a7517] The metadata response from the cluster reported a recoverable issue with correlation id 1 : {topic-304fb627_f1fa_4a84_9ad4_7aa9b48a7517=UNKNOWN_TOPIC_OR_PARTITION}
2025-08-13 02:20:13,525 INFO  [org.apa.kaf.cli.Metadata] (kafka-producer-network-thread | Producer-topic-304fb627_f1fa_4a84_9ad4_7aa9b48a7517) [Producer clientId=Producer-topic-304fb627_f1fa_4a84_9ad4_7aa9b48a7517] Cluster ID: RhahJUjfTxKIJlGmUjwdsg
2025-08-13 02:20:13,526 INFO  [org.apa.kaf.cli.pro.int.TransactionManager] (kafka-producer-network-thread | Producer-topic-304fb627_f1fa_4a84_9ad4_7aa9b48a7517) [Producer clientId=Producer-topic-304fb627_f1fa_4a84_9ad4_7aa9b48a7517] ProducerId set to 25 with epoch 0
2025-08-13 02:20:13,735 INFO  [io.api.tes.ser.api.KafkaSerdesTester] (Thread-741) Sending message {"key11755051613505": "value-1"} to topic topic-304fb627_f1fa_4a84_9ad4_7aa9b48a7517
2025-08-13 02:20:13,737 INFO  [io.api.tes.ser.api.KafkaSerdesTester] (Thread-741) Sending message {"key11755051613505": "value-2"} to topic topic-304fb627_f1fa_4a84_9ad4_7aa9b48a7517
2025-08-13 02:20:13,738 INFO  [io.api.tes.ser.api.KafkaSerdesTester] (Thread-741) Sending message {"key11755051613505": "value-3"} to topic topic-304fb627_f1fa_4a84_9ad4_7aa9b48a7517
2025-08-13 02:20:13,739 INFO  [io.api.tes.ser.api.KafkaSerdesTester] (Thread-741) Sending message {"key11755051613505": "value-4"} to topic topic-304fb627_f1fa_4a84_9ad4_7aa9b48a7517
2025-08-13 02:20:13,740 INFO  [io.api.tes.ser.api.KafkaSerdesTester] (Thread-741) Sending message {"key11755051613505": "value-5"} to topic topic-304fb627_f1fa_4a84_9ad4_7aa9b48a7517
2025-08-13 02:20:13,744 INFO  [io.api.tes.ser.api.KafkaSerdesTester] (Thread-741) Sending message {"key11755051613505": "value-6"} to topic topic-304fb627_f1fa_4a84_9ad4_7aa9b48a7517
2025-08-13 02:20:13,747 INFO  [io.api.tes.ser.api.KafkaSerdesTester] (Thread-741) Sending message {"key11755051613505": "value-7"} to topic topic-304fb627_f1fa_4a84_9ad4_7aa9b48a7517
2025-08-13 02:20:13,748 INFO  [io.api.tes.ser.api.KafkaSerdesTester] (Thread-741) Sending message {"key11755051613505": "value-8"} to topic topic-304fb627_f1fa_4a84_9ad4_7aa9b48a7517
2025-08-13 02:20:13,750 INFO  [io.api.tes.ser.api.KafkaSerdesTester] (Thread-741) Sending message {"key11755051613505": "value-9"} to topic topic-304fb627_f1fa_4a84_9ad4_7aa9b48a7517
2025-08-13 02:20:13,752 INFO  [io.api.tes.ser.api.KafkaSerdesTester] (Thread-741) Produced 10 messages
2025-08-13 02:20:13,752 INFO  [org.apa.kaf.cli.pro.KafkaProducer] (Thread-741) [Producer clientId=Producer-topic-304fb627_f1fa_4a84_9ad4_7aa9b48a7517] Closing the Kafka producer with timeoutMillis = 9223372036854775807 ms.
2025-08-13 02:20:13,755 INFO  [org.apa.kaf.com.met.Metrics] (Thread-741) Metrics scheduler closed
2025-08-13 02:20:13,755 INFO  [org.apa.kaf.com.met.Metrics] (Thread-741) Closing reporter org.apache.kafka.common.metrics.JmxReporter
2025-08-13 02:20:13,755 INFO  [org.apa.kaf.com.met.Metrics] (Thread-741) Closing reporter org.apache.kafka.common.telemetry.internals.ClientTelemetryReporter
2025-08-13 02:20:13,755 INFO  [org.apa.kaf.com.met.Metrics] (Thread-741) Metrics reporters closed
2025-08-13 02:20:13,756 INFO  [org.apa.kaf.com.uti.AppInfoParser] (Thread-741) App info kafka.producer for Producer-topic-304fb627_f1fa_4a84_9ad4_7aa9b48a7517 unregistered
**** Registry Base URL: http://registry-app-ksql047.apps.ci419.apicurio-testing.org:80
2025-08-13 02:20:13,806 INFO  [org.apa.kaf.cli.con.ConsumerConfig] (main) ConsumerConfig values: 
	allow.auto.create.topics = true
	auto.commit.interval.ms = 500
	auto.include.jmx.reporter = true
	auto.offset.reset = earliest
	bootstrap.servers = [PLAINTEXT://localhost:32769]
	check.crcs = true
	client.dns.lookup = use_all_dns_ips
	client.id = consumer-Consumer-topic-304fb627_f1fa_4a84_9ad4_7aa9b48a7517-18
	client.rack = 
	connections.max.idle.ms = 10000
	default.api.timeout.ms = 60000
	enable.auto.commit = true
	enable.metrics.push = true
	exclude.internal.topics = true
	fetch.max.bytes = 52428800
	fetch.max.wait.ms = 500
	fetch.min.bytes = 1
	group.id = Consumer-topic-304fb627_f1fa_4a84_9ad4_7aa9b48a7517
	group.instance.id = null
	group.protocol = classic
	group.remote.assignor = null
	heartbeat.interval.ms = 3000
	interceptor.classes = []
	internal.leave.group.on.close = true
	internal.throw.on.fetch.stable.offset.unsupported = false
	isolation.level = read_uncommitted
	key.deserializer = class org.apache.kafka.common.serialization.StringDeserializer
	max.partition.fetch.bytes = 1048576
	max.poll.interval.ms = 300000
	max.poll.records = 500
	metadata.max.age.ms = 300000
	metadata.recovery.strategy = none
	metric.reporters = []
	metrics.num.samples = 2
	metrics.recording.level = INFO
	metrics.sample.window.ms = 30000
	partition.assignment.strategy = [class org.apache.kafka.clients.consumer.RangeAssignor, class org.apache.kafka.clients.consumer.CooperativeStickyAssignor]
	receive.buffer.bytes = 65536
	reconnect.backoff.max.ms = 1000
	reconnect.backoff.ms = 50
	request.timeout.ms = 5000
	retry.backoff.max.ms = 1000
	retry.backoff.ms = 100
	sasl.client.callback.handler.class = null
	sasl.jaas.config = null
	sasl.kerberos.kinit.cmd = /usr/bin/kinit
	sasl.kerberos.min.time.before.relogin = 60000
	sasl.kerberos.service.name = null
	sasl.kerberos.ticket.renew.jitter = 0.05
	sasl.kerberos.ticket.renew.window.factor = 0.8
	sasl.login.callback.handler.class = null
	sasl.login.class = null
	sasl.login.connect.timeout.ms = null
	sasl.login.read.timeout.ms = null
	sasl.login.refresh.buffer.seconds = 300
	sasl.login.refresh.min.period.seconds = 60
	sasl.login.refresh.window.factor = 0.8
	sasl.login.refresh.window.jitter = 0.05
	sasl.login.retry.backoff.max.ms = 10000
	sasl.login.retry.backoff.ms = 100
	sasl.mechanism = GSSAPI
	sasl.oauthbearer.clock.skew.seconds = 30
	sasl.oauthbearer.expected.audience = null
	sasl.oauthbearer.expected.issuer = null
	sasl.oauthbearer.header.urlencode = false
	sasl.oauthbearer.jwks.endpoint.refresh.ms = 3600000
	sasl.oauthbearer.jwks.endpoint.retry.backoff.max.ms = 10000
	sasl.oauthbearer.jwks.endpoint.retry.backoff.ms = 100
	sasl.oauthbearer.jwks.endpoint.url = null
	sasl.oauthbearer.scope.claim.name = scope
	sasl.oauthbearer.sub.claim.name = sub
	sasl.oauthbearer.token.endpoint.url = null
	security.protocol = PLAINTEXT
	security.providers = null
	send.buffer.bytes = 131072
	session.timeout.ms = 45000
	socket.connection.setup.timeout.max.ms = 30000
	socket.connection.setup.timeout.ms = 10000
	ssl.cipher.suites = null
	ssl.enabled.protocols = [TLSv1.2, TLSv1.3]
	ssl.endpoint.identification.algorithm = https
	ssl.engine.factory.class = null
	ssl.key.password = null
	ssl.keymanager.algorithm = SunX509
	ssl.keystore.certificate.chain = null
	ssl.keystore.key = null
	ssl.keystore.location = null
	ssl.keystore.password = null
	ssl.keystore.type = JKS
	ssl.protocol = TLSv1.3
	ssl.provider = null
	ssl.secure.random.implementation = null
	ssl.trustmanager.algorithm = PKIX
	ssl.truststore.certificates = null
	ssl.truststore.location = null
	ssl.truststore.password = null
	ssl.truststore.type = JKS
	value.deserializer = class io.apicurio.registry.serde.avro.AvroKafkaDeserializer

2025-08-13 02:20:13,807 INFO  [org.apa.kaf.com.tel.int.KafkaMetricsCollector] (main) initializing Kafka metrics collector
2025-08-13 02:20:13,811 INFO  [org.apa.kaf.cli.con.ConsumerConfig] (main) These configurations '[apicurio.registry.url, apicurio.registry.use-id]' were supplied but are not used yet.
2025-08-13 02:20:13,811 INFO  [org.apa.kaf.com.uti.AppInfoParser] (main) Kafka version: 3.9.1
2025-08-13 02:20:13,811 INFO  [org.apa.kaf.com.uti.AppInfoParser] (main) Kafka commitId: f745dfdcee2b9851
2025-08-13 02:20:13,811 INFO  [org.apa.kaf.com.uti.AppInfoParser] (main) Kafka startTimeMs: 1755051613811
2025-08-13 02:20:13,812 INFO  [org.apa.kaf.cli.con.int.ClassicKafkaConsumer] (Thread-744) [Consumer clientId=consumer-Consumer-topic-304fb627_f1fa_4a84_9ad4_7aa9b48a7517-18, groupId=Consumer-topic-304fb627_f1fa_4a84_9ad4_7aa9b48a7517] Subscribed to topic(s): topic-304fb627_f1fa_4a84_9ad4_7aa9b48a7517
2025-08-13 02:20:13,818 INFO  [org.apa.kaf.cli.Metadata] (Thread-744) [Consumer clientId=consumer-Consumer-topic-304fb627_f1fa_4a84_9ad4_7aa9b48a7517-18, groupId=Consumer-topic-304fb627_f1fa_4a84_9ad4_7aa9b48a7517] Cluster ID: RhahJUjfTxKIJlGmUjwdsg
2025-08-13 02:20:13,819 INFO  [org.apa.kaf.cli.con.int.ConsumerCoordinator] (Thread-744) [Consumer clientId=consumer-Consumer-topic-304fb627_f1fa_4a84_9ad4_7aa9b48a7517-18, groupId=Consumer-topic-304fb627_f1fa_4a84_9ad4_7aa9b48a7517] Discovered group coordinator localhost:32769 (id: 2147483647 rack: null)
2025-08-13 02:20:13,821 INFO  [org.apa.kaf.cli.con.int.ConsumerCoordinator] (Thread-744) [Consumer clientId=consumer-Consumer-topic-304fb627_f1fa_4a84_9ad4_7aa9b48a7517-18, groupId=Consumer-topic-304fb627_f1fa_4a84_9ad4_7aa9b48a7517] (Re-)joining group
2025-08-13 02:20:13,823 INFO  [org.apa.kaf.cli.con.int.ConsumerCoordinator] (Thread-744) [Consumer clientId=consumer-Consumer-topic-304fb627_f1fa_4a84_9ad4_7aa9b48a7517-18, groupId=Consumer-topic-304fb627_f1fa_4a84_9ad4_7aa9b48a7517] Request joining group due to: need to re-join with the given member-id: consumer-Consumer-topic-304fb627_f1fa_4a84_9ad4_7aa9b48a7517-18-e93a0c61-ed36-4276-8fb8-b6482001a56a
2025-08-13 02:20:13,823 INFO  [org.apa.kaf.cli.con.int.ConsumerCoordinator] (Thread-744) [Consumer clientId=consumer-Consumer-topic-304fb627_f1fa_4a84_9ad4_7aa9b48a7517-18, groupId=Consumer-topic-304fb627_f1fa_4a84_9ad4_7aa9b48a7517] (Re-)joining group
2025-08-13 02:20:14,812 INFO  [io.api.tes.ser.api.KafkaSerdesTester] (Thread-744) None found
2025-08-13 02:20:15,812 INFO  [io.api.tes.ser.api.KafkaSerdesTester] (Thread-744) None found
2025-08-13 02:20:16,812 INFO  [io.api.tes.ser.api.KafkaSerdesTester] (Thread-744) None found
2025-08-13 02:20:16,824 INFO  [org.apa.kaf.cli.con.int.ConsumerCoordinator] (Thread-744) [Consumer clientId=consumer-Consumer-topic-304fb627_f1fa_4a84_9ad4_7aa9b48a7517-18, groupId=Consumer-topic-304fb627_f1fa_4a84_9ad4_7aa9b48a7517] Successfully joined group with generation Generation{generationId=1, memberId='consumer-Consumer-topic-304fb627_f1fa_4a84_9ad4_7aa9b48a7517-18-e93a0c61-ed36-4276-8fb8-b6482001a56a', protocol='range'}
2025-08-13 02:20:16,824 INFO  [org.apa.kaf.cli.con.int.ConsumerCoordinator] (Thread-744) [Consumer clientId=consumer-Consumer-topic-304fb627_f1fa_4a84_9ad4_7aa9b48a7517-18, groupId=Consumer-topic-304fb627_f1fa_4a84_9ad4_7aa9b48a7517] Finished assignment for group at generation 1: {consumer-Consumer-topic-304fb627_f1fa_4a84_9ad4_7aa9b48a7517-18-e93a0c61-ed36-4276-8fb8-b6482001a56a=Assignment(partitions=[topic-304fb627_f1fa_4a84_9ad4_7aa9b48a7517-0])}
2025-08-13 02:20:16,831 INFO  [org.apa.kaf.cli.con.int.ConsumerCoordinator] (Thread-744) [Consumer clientId=consumer-Consumer-topic-304fb627_f1fa_4a84_9ad4_7aa9b48a7517-18, groupId=Consumer-topic-304fb627_f1fa_4a84_9ad4_7aa9b48a7517] Successfully synced group in generation Generation{generationId=1, memberId='consumer-Consumer-topic-304fb627_f1fa_4a84_9ad4_7aa9b48a7517-18-e93a0c61-ed36-4276-8fb8-b6482001a56a', protocol='range'}
2025-08-13 02:20:16,831 INFO  [org.apa.kaf.cli.con.int.ConsumerCoordinator] (Thread-744) [Consumer clientId=consumer-Consumer-topic-304fb627_f1fa_4a84_9ad4_7aa9b48a7517-18, groupId=Consumer-topic-304fb627_f1fa_4a84_9ad4_7aa9b48a7517] Notifying assignor about the new Assignment(partitions=[topic-304fb627_f1fa_4a84_9ad4_7aa9b48a7517-0])
2025-08-13 02:20:16,831 INFO  [org.apa.kaf.cli.con.int.ConsumerRebalanceListenerInvoker] (Thread-744) [Consumer clientId=consumer-Consumer-topic-304fb627_f1fa_4a84_9ad4_7aa9b48a7517-18, groupId=Consumer-topic-304fb627_f1fa_4a84_9ad4_7aa9b48a7517] Adding newly assigned partitions: topic-304fb627_f1fa_4a84_9ad4_7aa9b48a7517-0
2025-08-13 02:20:16,833 INFO  [org.apa.kaf.cli.con.int.ConsumerCoordinator] (Thread-744) [Consumer clientId=consumer-Consumer-topic-304fb627_f1fa_4a84_9ad4_7aa9b48a7517-18, groupId=Consumer-topic-304fb627_f1fa_4a84_9ad4_7aa9b48a7517] Found no committed offset for partition topic-304fb627_f1fa_4a84_9ad4_7aa9b48a7517-0
2025-08-13 02:20:16,834 INFO  [org.apa.kaf.cli.con.int.SubscriptionState] (Thread-744) [Consumer clientId=consumer-Consumer-topic-304fb627_f1fa_4a84_9ad4_7aa9b48a7517-18, groupId=Consumer-topic-304fb627_f1fa_4a84_9ad4_7aa9b48a7517] Resetting offset for partition topic-304fb627_f1fa_4a84_9ad4_7aa9b48a7517-0 to position FetchPosition{offset=0, offsetEpoch=Optional.empty, currentLeader=LeaderAndEpoch{leader=Optional[localhost:32769 (id: 0 rack: null)], epoch=0}}.
2025-08-13 02:20:16,912 INFO  [io.api.tes.ser.api.KafkaSerdesTester] (Thread-744) topic-304fb627_f1fa_4a84_9ad4_7aa9b48a7517 0 0 {"key11755051613505": "value-0"}
2025-08-13 02:20:16,912 INFO  [io.api.tes.ser.api.KafkaSerdesTester] (Thread-744) topic-304fb627_f1fa_4a84_9ad4_7aa9b48a7517 0 1 {"key11755051613505": "value-1"}
2025-08-13 02:20:16,912 INFO  [io.api.tes.ser.api.KafkaSerdesTester] (Thread-744) topic-304fb627_f1fa_4a84_9ad4_7aa9b48a7517 0 2 {"key11755051613505": "value-2"}
2025-08-13 02:20:16,912 INFO  [io.api.tes.ser.api.KafkaSerdesTester] (Thread-744) topic-304fb627_f1fa_4a84_9ad4_7aa9b48a7517 0 3 {"key11755051613505": "value-3"}
2025-08-13 02:20:16,912 INFO  [io.api.tes.ser.api.KafkaSerdesTester] (Thread-744) topic-304fb627_f1fa_4a84_9ad4_7aa9b48a7517 0 4 {"key11755051613505": "value-4"}
2025-08-13 02:20:16,912 INFO  [io.api.tes.ser.api.KafkaSerdesTester] (Thread-744) topic-304fb627_f1fa_4a84_9ad4_7aa9b48a7517 0 5 {"key11755051613505": "value-5"}
2025-08-13 02:20:16,912 INFO  [io.api.tes.ser.api.KafkaSerdesTester] (Thread-744) topic-304fb627_f1fa_4a84_9ad4_7aa9b48a7517 0 6 {"key11755051613505": "value-6"}
2025-08-13 02:20:16,912 INFO  [io.api.tes.ser.api.KafkaSerdesTester] (Thread-744) topic-304fb627_f1fa_4a84_9ad4_7aa9b48a7517 0 7 {"key11755051613505": "value-7"}
2025-08-13 02:20:16,912 INFO  [io.api.tes.ser.api.KafkaSerdesTester] (Thread-744) topic-304fb627_f1fa_4a84_9ad4_7aa9b48a7517 0 8 {"key11755051613505": "value-8"}
2025-08-13 02:20:16,912 INFO  [io.api.tes.ser.api.KafkaSerdesTester] (Thread-744) topic-304fb627_f1fa_4a84_9ad4_7aa9b48a7517 0 9 {"key11755051613505": "value-9"}
2025-08-13 02:20:16,912 INFO  [io.api.tes.ser.api.KafkaSerdesTester] (Thread-744) Consumed 10 messages
2025-08-13 02:20:16,919 INFO  [org.apa.kaf.cli.con.int.ConsumerRebalanceListenerInvoker] (Thread-744) [Consumer clientId=consumer-Consumer-topic-304fb627_f1fa_4a84_9ad4_7aa9b48a7517-18, groupId=Consumer-topic-304fb627_f1fa_4a84_9ad4_7aa9b48a7517] Revoke previously assigned partitions topic-304fb627_f1fa_4a84_9ad4_7aa9b48a7517-0
2025-08-13 02:20:16,919 INFO  [org.apa.kaf.cli.con.int.ConsumerCoordinator] (Thread-744) [Consumer clientId=consumer-Consumer-topic-304fb627_f1fa_4a84_9ad4_7aa9b48a7517-18, groupId=Consumer-topic-304fb627_f1fa_4a84_9ad4_7aa9b48a7517] Member consumer-Consumer-topic-304fb627_f1fa_4a84_9ad4_7aa9b48a7517-18-e93a0c61-ed36-4276-8fb8-b6482001a56a sending LeaveGroup request to coordinator localhost:32769 (id: 2147483647 rack: null) due to the consumer is being closed
2025-08-13 02:20:16,919 INFO  [org.apa.kaf.cli.con.int.ConsumerCoordinator] (Thread-744) [Consumer clientId=consumer-Consumer-topic-304fb627_f1fa_4a84_9ad4_7aa9b48a7517-18, groupId=Consumer-topic-304fb627_f1fa_4a84_9ad4_7aa9b48a7517] Resetting generation and member id due to: consumer pro-actively leaving the group
2025-08-13 02:20:16,919 INFO  [org.apa.kaf.cli.con.int.ConsumerCoordinator] (Thread-744) [Consumer clientId=consumer-Consumer-topic-304fb627_f1fa_4a84_9ad4_7aa9b48a7517-18, groupId=Consumer-topic-304fb627_f1fa_4a84_9ad4_7aa9b48a7517] Request joining group due to: consumer pro-actively leaving the group
2025-08-13 02:20:17,415 INFO  [org.apa.kaf.com.met.Metrics] (Thread-744) Metrics scheduler closed
2025-08-13 02:20:17,415 INFO  [org.apa.kaf.com.met.Metrics] (Thread-744) Closing reporter org.apache.kafka.common.metrics.JmxReporter
2025-08-13 02:20:17,415 INFO  [org.apa.kaf.com.met.Metrics] (Thread-744) Closing reporter org.apache.kafka.common.telemetry.internals.ClientTelemetryReporter
2025-08-13 02:20:17,415 INFO  [org.apa.kaf.com.met.Metrics] (Thread-744) Metrics reporters closed
2025-08-13 02:20:17,417 INFO  [org.apa.kaf.com.uti.AppInfoParser] (Thread-744) App info kafka.consumer for consumer-Consumer-topic-304fb627_f1fa_4a84_9ad4_7aa9b48a7517-18 unregistered
2025-08-13 02:20:17,417 INFO  [io.api.tes.uti.TestSeparator] (main) io.apicurio.tests.serdes.apicurio.AvroSerdeIT.testGlobalIdInBody-FINISHED
2025-08-13 02:20:17,417 INFO  [io.api.tes.uti.TestSeparator] (main) ############################################################################
Test passed: testGlobalIdInBody
]]></system-out>
  </testcase>
  <testcase name="testProducerUsesGlobalIdConsumerUsesDefault" classname="io.apicurio.tests.serdes.apicurio.AvroSerdeIT" time="0.0">
    <skipped message="void io.apicurio.tests.serdes.apicurio.AvroSerdeIT.testProducerUsesGlobalIdConsumerUsesDefault() throws java.lang.Exception is @Disabled"/>
  </testcase>
</testsuite>