<?xml version="1.0" encoding="UTF-8"?>
<testsuite xmlns:xsi="http://www.w3.org/2001/XMLSchema-instance" xsi:noNamespaceSchemaLocation="https://maven.apache.org/surefire/maven-failsafe-plugin/xsd/failsafe-test-report.xsd" version="3.0.2" name="io.apicurio.tests.serdes.apicurio.AvroSerdeIT" time="105.561" tests="21" errors="0" skipped="2" failures="0">
  <properties>
    <property name="java.specification.version" value="17"/>
    <property name="sun.jnu.encoding" value="UTF-8"/>
    <property name="java.class.path" value="/home/runner/work/apicurio-testing/apicurio-testing/clusters/ci419/namespaces/ksql047/tests/integration/apicurio-registry/integration-tests/target/test-classes:/home/runner/work/apicurio-testing/apicurio-testing/clusters/ci419/namespaces/ksql047/tests/integration/apicurio-registry/integration-tests/target/apicurio-registry-integration-tests-3.0.12-SNAPSHOT.jar:/home/runner/.m2/repository/io/quarkus/quarkus-junit5/3.20.2/quarkus-junit5-3.20.2.jar:/home/runner/.m2/repository/io/quarkus/quarkus-bootstrap-core/3.20.2/quarkus-bootstrap-core-3.20.2.jar:/home/runner/.m2/repository/io/quarkus/quarkus-classloader-commons/3.20.2/quarkus-classloader-commons-3.20.2.jar:/home/runner/.m2/repository/io/quarkus/quarkus-bootstrap-app-model/3.20.2/quarkus-bootstrap-app-model-3.20.2.jar:/home/runner/.m2/repository/io/smallrye/common/smallrye-common-io/2.12.0/smallrye-common-io-2.12.0.jar:/home/runner/.m2/repository/org/eclipse/sisu/org.eclipse.sisu.inject/0.9.0.M3/org.eclipse.sisu.inject-0.9.0.M3.jar:/home/runner/.m2/repository/io/quarkus/quarkus-test-common/3.20.2/quarkus-test-common-3.20.2.jar:/home/runner/.m2/repository/io/quarkus/quarkus-core-deployment/3.20.2/quarkus-core-deployment-3.20.2.jar:/home/runner/.m2/repository/org/aesh/readline/2.6/readline-2.6.jar:/home/runner/.m2/repository/org/fusesource/jansi/jansi/2.4.0/jansi-2.4.0.jar:/home/runner/.m2/repository/org/aesh/aesh/2.8.2/aesh-2.8.2.jar:/home/runner/.m2/repository/io/quarkus/gizmo/gizmo/1.8.0/gizmo-1.8.0.jar:/home/runner/.m2/repository/org/ow2/asm/asm-util/9.7.1/asm-util-9.7.1.jar:/home/runner/.m2/repository/org/ow2/asm/asm-analysis/9.7.1/asm-analysis-9.7.1.jar:/home/runner/.m2/repository/org/ow2/asm/asm-commons/9.7.1/asm-commons-9.7.1.jar:/home/runner/.m2/repository/org/ow2/asm/asm-tree/9.7.1/asm-tree-9.7.1.jar:/home/runner/.m2/repository/io/quarkus/quarkus-hibernate-validator-spi/3.20.2/quarkus-hibernate-validator-spi-3.20.2.jar:/home/runner/.m2/repository/io/quarkus/quarkus-class-change-agent/3.20.2/quarkus-class-change-agent-3.20.2.jar:/home/runner/.m2/repository/io/quarkus/quarkus-devtools-utilities/3.20.2/quarkus-devtools-utilities-3.20.2.jar:/home/runner/.m2/repository/io/quarkus/quarkus-builder/3.20.2/quarkus-builder-3.20.2.jar:/home/runner/.m2/repository/org/graalvm/sdk/nativeimage/23.1.2/nativeimage-23.1.2.jar:/home/runner/.m2/repository/org/graalvm/sdk/word/23.1.2/word-23.1.2.jar:/home/runner/.m2/repository/io/quarkus/quarkus-bootstrap-maven-resolver/3.20.2/quarkus-bootstrap-maven-resolver-3.20.2.jar:/home/runner/.m2/repository/io/smallrye/beanbag/smallrye-beanbag-maven/1.5.2/smallrye-beanbag-maven-1.5.2.jar:/home/runner/.m2/repository/io/smallrye/beanbag/smallrye-beanbag-sisu/1.5.2/smallrye-beanbag-sisu-1.5.2.jar:/home/runner/.m2/repository/io/smallrye/beanbag/smallrye-beanbag/1.5.2/smallrye-beanbag-1.5.2.jar:/home/runner/.m2/repository/javax/inject/javax.inject/1/javax.inject-1.jar:/home/runner/.m2/repository/org/apache/maven/maven-artifact/3.9.9/maven-artifact-3.9.9.jar:/home/runner/.m2/repository/org/apache/maven/maven-builder-support/3.9.9/maven-builder-support-3.9.9.jar:/home/runner/.m2/repository/org/apache/maven/maven-model/3.9.9/maven-model-3.9.9.jar:/home/runner/.m2/repository/org/apache/maven/maven-model-builder/3.9.9/maven-model-builder-3.9.9.jar:/home/runner/.m2/repository/org/apache/maven/maven-repository-metadata/3.9.9/maven-repository-metadata-3.9.9.jar:/home/runner/.m2/repository/org/apache/maven/maven-settings/3.9.9/maven-settings-3.9.9.jar:/home/runner/.m2/repository/org/apache/maven/resolver/maven-resolver-api/1.9.22/maven-resolver-api-1.9.22.jar:/home/runner/.m2/repository/org/apache/maven/resolver/maven-resolver-impl/1.9.22/maven-resolver-impl-1.9.22.jar:/home/runner/.m2/repository/org/apache/maven/resolver/maven-resolver-named-locks/1.9.22/maven-resolver-named-locks-1.9.22.jar:/home/runner/.m2/repository/org/apache/maven/resolver/maven-resolver-spi/1.9.22/maven-resolver-spi-1.9.22.jar:/home/runner/.m2/repository/org/apache/maven/resolver/maven-resolver-util/1.9.22/maven-resolver-util-1.9.22.jar:/home/runner/.m2/repository/org/apache/maven/resolver/maven-resolver-transport-http/1.9.20/maven-resolver-transport-http-1.9.20.jar:/home/runner/.m2/repository/org/apache/maven/wagon/wagon-provider-api/3.5.3/wagon-provider-api-3.5.3.jar:/home/runner/.m2/repository/org/apache/maven/wagon/wagon-http-shared/3.5.3/wagon-http-shared-3.5.3.jar:/home/runner/.m2/repository/org/codehaus/plexus/plexus-interpolation/1.26/plexus-interpolation-1.26.jar:/home/runner/.m2/repository/org/codehaus/plexus/plexus-utils/3.5.1/plexus-utils-3.5.1.jar:/home/runner/.m2/repository/org/codehaus/plexus/plexus-xml/4.0.1/plexus-xml-4.0.1.jar:/home/runner/.m2/repository/org/apache/maven/maven-xml-impl/4.0.0-alpha-5/maven-xml-impl-4.0.0-alpha-5.jar:/home/runner/.m2/repository/org/apache/maven/maven-api-xml/4.0.0-alpha-5/maven-api-xml-4.0.0-alpha-5.jar:/home/runner/.m2/repository/org/apache/maven/maven-api-meta/4.0.0-alpha-5/maven-api-meta-4.0.0-alpha-5.jar:/home/runner/.m2/repository/org/codehaus/plexus/plexus-cipher/2.0/plexus-cipher-2.0.jar:/home/runner/.m2/repository/org/codehaus/plexus/plexus-sec-dispatcher/2.0/plexus-sec-dispatcher-2.0.jar:/home/runner/.m2/repository/org/apache/maven/maven-embedder/3.9.9/maven-embedder-3.9.9.jar:/home/runner/.m2/repository/org/apache/maven/maven-core/3.9.9/maven-core-3.9.9.jar:/home/runner/.m2/repository/org/codehaus/plexus/plexus-component-annotations/2.1.0/plexus-component-annotations-2.1.0.jar:/home/runner/.m2/repository/org/apache/maven/maven-plugin-api/3.9.9/maven-plugin-api-3.9.9.jar:/home/runner/.m2/repository/org/apache/maven/shared/maven-shared-utils/3.4.2/maven-shared-utils-3.4.2.jar:/home/runner/.m2/repository/com/google/inject/guice/5.1.0/guice-5.1.0.jar:/home/runner/.m2/repository/aopalliance/aopalliance/1.0/aopalliance-1.0.jar:/home/runner/.m2/repository/org/codehaus/plexus/plexus-classworlds/2.6.0/plexus-classworlds-2.6.0.jar:/home/runner/.m2/repository/commons-cli/commons-cli/1.8.0/commons-cli-1.8.0.jar:/home/runner/.m2/repository/org/eclipse/sisu/org.eclipse.sisu.plexus/0.9.0.M3/org.eclipse.sisu.plexus-0.9.0.M3.jar:/home/runner/.m2/repository/org/apache/maven/maven-settings-builder/3.9.9/maven-settings-builder-3.9.9.jar:/home/runner/.m2/repository/org/apache/maven/maven-resolver-provider/3.9.9/maven-resolver-provider-3.9.9.jar:/home/runner/.m2/repository/org/apache/maven/resolver/maven-resolver-connector-basic/1.9.22/maven-resolver-connector-basic-1.9.22.jar:/home/runner/.m2/repository/org/apache/maven/resolver/maven-resolver-transport-wagon/1.9.22/maven-resolver-transport-wagon-1.9.22.jar:/home/runner/.m2/repository/org/apache/maven/wagon/wagon-http/3.5.3/wagon-http-3.5.3.jar:/home/runner/.m2/repository/org/apache/maven/wagon/wagon-file/3.5.3/wagon-file-3.5.3.jar:/home/runner/.m2/repository/io/quarkus/quarkus-bootstrap-gradle-resolver/3.20.2/quarkus-bootstrap-gradle-resolver-3.20.2.jar:/home/runner/.m2/repository/io/smallrye/jandex/3.3.0/jandex-3.3.0.jar:/home/runner/.m2/repository/org/jboss/logging/commons-logging-jboss-logging/1.0.0.Final/commons-logging-jboss-logging-1.0.0.Final.jar:/home/runner/.m2/repository/io/quarkus/quarkus-junit5-config/3.20.2/quarkus-junit5-config-3.20.2.jar:/home/runner/.m2/repository/org/junit/jupiter/junit-jupiter-api/5.12.1/junit-jupiter-api-5.12.1.jar:/home/runner/.m2/repository/io/smallrye/config/smallrye-config/3.11.4/smallrye-config-3.11.4.jar:/home/runner/.m2/repository/io/smallrye/config/smallrye-config-core/3.11.4/smallrye-config-core-3.11.4.jar:/home/runner/.m2/repository/io/smallrye/common/smallrye-common-classloader/2.12.0/smallrye-common-classloader-2.12.0.jar:/home/runner/.m2/repository/io/smallrye/config/smallrye-config-common/3.11.4/smallrye-config-common-3.11.4.jar:/home/runner/.m2/repository/org/junit/jupiter/junit-jupiter/5.12.1/junit-jupiter-5.12.1.jar:/home/runner/.m2/repository/org/junit/jupiter/junit-jupiter-params/5.12.1/junit-jupiter-params-5.12.1.jar:/home/runner/.m2/repository/org/junit/jupiter/junit-jupiter-engine/5.12.1/junit-jupiter-engine-5.12.1.jar:/home/runner/.m2/repository/io/quarkus/quarkus-core/3.20.2/quarkus-core-3.20.2.jar:/home/runner/.m2/repository/jakarta/enterprise/jakarta.enterprise.cdi-api/4.1.0/jakarta.enterprise.cdi-api-4.1.0.jar:/home/runner/.m2/repository/jakarta/enterprise/jakarta.enterprise.lang-model/4.1.0/jakarta.enterprise.lang-model-4.1.0.jar:/home/runner/.m2/repository/jakarta/el/jakarta.el-api/5.0.1/jakarta.el-api-5.0.1.jar:/home/runner/.m2/repository/jakarta/interceptor/jakarta.interceptor-api/2.2.0/jakarta.interceptor-api-2.2.0.jar:/home/runner/.m2/repository/jakarta/inject/jakarta.inject-api/2.0.1/jakarta.inject-api-2.0.1.jar:/home/runner/.m2/repository/io/smallrye/common/smallrye-common-os/2.12.0/smallrye-common-os-2.12.0.jar:/home/runner/.m2/repository/io/quarkus/quarkus-ide-launcher/3.20.2/quarkus-ide-launcher-3.20.2.jar:/home/runner/.m2/repository/io/quarkus/quarkus-development-mode-spi/3.20.2/quarkus-development-mode-spi-3.20.2.jar:/home/runner/.m2/repository/org/jboss/logging/jboss-logging/3.6.1.Final/jboss-logging-3.6.1.Final.jar:/home/runner/.m2/repository/org/jboss/logmanager/jboss-logmanager/3.1.2.Final/jboss-logmanager-3.1.2.Final.jar:/home/runner/.m2/repository/io/smallrye/common/smallrye-common-constraint/2.12.0/smallrye-common-constraint-2.12.0.jar:/home/runner/.m2/repository/io/smallrye/common/smallrye-common-cpu/2.12.0/smallrye-common-cpu-2.12.0.jar:/home/runner/.m2/repository/io/smallrye/common/smallrye-common-expression/2.12.0/smallrye-common-expression-2.12.0.jar:/home/runner/.m2/repository/io/smallrye/common/smallrye-common-net/2.12.0/smallrye-common-net-2.12.0.jar:/home/runner/.m2/repository/io/smallrye/common/smallrye-common-ref/2.12.0/smallrye-common-ref-2.12.0.jar:/home/runner/.m2/repository/jakarta/json/jakarta.json-api/2.1.3/jakarta.json-api-2.1.3.jar:/home/runner/.m2/repository/org/eclipse/parsson/parsson/1.1.7/parsson-1.1.7.jar:/home/runner/.m2/repository/org/jboss/logging/jboss-logging-annotations/3.0.4.Final/jboss-logging-annotations-3.0.4.Final.jar:/home/runner/.m2/repository/org/jboss/threads/jboss-threads/3.8.0.Final/jboss-threads-3.8.0.Final.jar:/home/runner/.m2/repository/io/smallrye/common/smallrye-common-annotation/2.12.0/smallrye-common-annotation-2.12.0.jar:/home/runner/.m2/repository/io/smallrye/common/smallrye-common-function/2.12.0/smallrye-common-function-2.12.0.jar:/home/runner/.m2/repository/org/jboss/slf4j/slf4j-jboss-logmanager/2.0.0.Final/slf4j-jboss-logmanager-2.0.0.Final.jar:/home/runner/.m2/repository/org/wildfly/common/wildfly-common/2.0.1/wildfly-common-2.0.1.jar:/home/runner/.m2/repository/io/quarkus/quarkus-bootstrap-runner/3.20.2/quarkus-bootstrap-runner-3.20.2.jar:/home/runner/.m2/repository/io/github/crac/org-crac/0.1.3/org-crac-0.1.3.jar:/home/runner/.m2/repository/io/quarkus/quarkus-fs-util/0.0.10/quarkus-fs-util-0.0.10.jar:/home/runner/.m2/repository/org/jboss/marshalling/jboss-marshalling/2.2.2.Final/jboss-marshalling-2.2.2.Final.jar:/home/runner/.m2/repository/io/fabric8/kubernetes-client/7.1.0/kubernetes-client-7.1.0.jar:/home/runner/.m2/repository/io/fabric8/kubernetes-client-api/7.1.0/kubernetes-client-api-7.1.0.jar:/home/runner/.m2/repository/io/fabric8/kubernetes-model-core/7.1.0/kubernetes-model-core-7.1.0.jar:/home/runner/.m2/repository/io/fabric8/kubernetes-model-common/7.1.0/kubernetes-model-common-7.1.0.jar:/home/runner/.m2/repository/javax/annotation/javax.annotation-api/1.3.2/javax.annotation-api-1.3.2.jar:/home/runner/.m2/repository/io/fabric8/kubernetes-model-gatewayapi/7.1.0/kubernetes-model-gatewayapi-7.1.0.jar:/home/runner/.m2/repository/io/fabric8/kubernetes-model-resource/7.1.0/kubernetes-model-resource-7.1.0.jar:/home/runner/.m2/repository/io/fabric8/kubernetes-model-rbac/7.1.0/kubernetes-model-rbac-7.1.0.jar:/home/runner/.m2/repository/io/fabric8/kubernetes-model-admissionregistration/7.1.0/kubernetes-model-admissionregistration-7.1.0.jar:/home/runner/.m2/repository/io/fabric8/kubernetes-model-apps/7.1.0/kubernetes-model-apps-7.1.0.jar:/home/runner/.m2/repository/io/fabric8/kubernetes-model-autoscaling/7.1.0/kubernetes-model-autoscaling-7.1.0.jar:/home/runner/.m2/repository/io/fabric8/kubernetes-model-apiextensions/7.1.0/kubernetes-model-apiextensions-7.1.0.jar:/home/runner/.m2/repository/io/fabric8/kubernetes-model-batch/7.1.0/kubernetes-model-batch-7.1.0.jar:/home/runner/.m2/repository/io/fabric8/kubernetes-model-certificates/7.1.0/kubernetes-model-certificates-7.1.0.jar:/home/runner/.m2/repository/io/fabric8/kubernetes-model-coordination/7.1.0/kubernetes-model-coordination-7.1.0.jar:/home/runner/.m2/repository/io/fabric8/kubernetes-model-discovery/7.1.0/kubernetes-model-discovery-7.1.0.jar:/home/runner/.m2/repository/io/fabric8/kubernetes-model-events/7.1.0/kubernetes-model-events-7.1.0.jar:/home/runner/.m2/repository/io/fabric8/kubernetes-model-extensions/7.1.0/kubernetes-model-extensions-7.1.0.jar:/home/runner/.m2/repository/io/fabric8/kubernetes-model-flowcontrol/7.1.0/kubernetes-model-flowcontrol-7.1.0.jar:/home/runner/.m2/repository/io/fabric8/kubernetes-model-networking/7.1.0/kubernetes-model-networking-7.1.0.jar:/home/runner/.m2/repository/io/fabric8/kubernetes-model-metrics/7.1.0/kubernetes-model-metrics-7.1.0.jar:/home/runner/.m2/repository/io/fabric8/kubernetes-model-policy/7.1.0/kubernetes-model-policy-7.1.0.jar:/home/runner/.m2/repository/io/fabric8/kubernetes-model-scheduling/7.1.0/kubernetes-model-scheduling-7.1.0.jar:/home/runner/.m2/repository/io/fabric8/kubernetes-model-storageclass/7.1.0/kubernetes-model-storageclass-7.1.0.jar:/home/runner/.m2/repository/io/fabric8/kubernetes-model-node/7.1.0/kubernetes-model-node-7.1.0.jar:/home/runner/.m2/repository/org/snakeyaml/snakeyaml-engine/2.9/snakeyaml-engine-2.9.jar:/home/runner/.m2/repository/com/fasterxml/jackson/dataformat/jackson-dataformat-yaml/2.18.2/jackson-dataformat-yaml-2.18.2.jar:/home/runner/.m2/repository/com/fasterxml/jackson/datatype/jackson-datatype-jsr310/2.18.2/jackson-datatype-jsr310-2.18.2.jar:/home/runner/.m2/repository/io/fabric8/zjsonpatch/7.1.0/zjsonpatch-7.1.0.jar:/home/runner/.m2/repository/io/fabric8/kubernetes-httpclient-vertx/7.1.0/kubernetes-httpclient-vertx-7.1.0.jar:/home/runner/.m2/repository/io/vertx/vertx-web-client/4.5.16/vertx-web-client-4.5.16.jar:/home/runner/.m2/repository/io/vertx/vertx-web-common/4.5.16/vertx-web-common-4.5.16.jar:/home/runner/.m2/repository/io/vertx/vertx-auth-common/4.5.16/vertx-auth-common-4.5.16.jar:/home/runner/.m2/repository/io/vertx/vertx-uri-template/4.5.16/vertx-uri-template-4.5.16.jar:/home/runner/.m2/repository/io/fabric8/openshift-client/7.1.0/openshift-client-7.1.0.jar:/home/runner/.m2/repository/io/fabric8/openshift-client-api/7.1.0/openshift-client-api-7.1.0.jar:/home/runner/.m2/repository/io/fabric8/openshift-model/7.1.0/openshift-model-7.1.0.jar:/home/runner/.m2/repository/io/fabric8/openshift-model-autoscaling/7.1.0/openshift-model-autoscaling-7.1.0.jar:/home/runner/.m2/repository/io/fabric8/openshift-model-operator/7.1.0/openshift-model-operator-7.1.0.jar:/home/runner/.m2/repository/io/fabric8/openshift-model-operatorhub/7.1.0/openshift-model-operatorhub-7.1.0.jar:/home/runner/.m2/repository/io/fabric8/openshift-model-machine/7.1.0/openshift-model-machine-7.1.0.jar:/home/runner/.m2/repository/io/fabric8/openshift-model-whereabouts/7.1.0/openshift-model-whereabouts-7.1.0.jar:/home/runner/.m2/repository/io/fabric8/openshift-model-monitoring/7.1.0/openshift-model-monitoring-7.1.0.jar:/home/runner/.m2/repository/io/fabric8/openshift-model-storageversionmigrator/7.1.0/openshift-model-storageversionmigrator-7.1.0.jar:/home/runner/.m2/repository/io/fabric8/openshift-model-tuned/7.1.0/openshift-model-tuned-7.1.0.jar:/home/runner/.m2/repository/io/fabric8/openshift-model-console/7.1.0/openshift-model-console-7.1.0.jar:/home/runner/.m2/repository/io/fabric8/openshift-model-config/7.1.0/openshift-model-config-7.1.0.jar:/home/runner/.m2/repository/io/fabric8/openshift-model-machineconfiguration/7.1.0/openshift-model-machineconfiguration-7.1.0.jar:/home/runner/.m2/repository/io/fabric8/openshift-model-miscellaneous/7.1.0/openshift-model-miscellaneous-7.1.0.jar:/home/runner/.m2/repository/io/fabric8/openshift-model-hive/7.1.0/openshift-model-hive-7.1.0.jar:/home/runner/.m2/repository/io/fabric8/openshift-model-installer/7.1.0/openshift-model-installer-7.1.0.jar:/home/runner/.m2/repository/org/junit/platform/junit-platform-launcher/1.12.1/junit-platform-launcher-1.12.1.jar:/home/runner/.m2/repository/org/junit/platform/junit-platform-engine/1.12.1/junit-platform-engine-1.12.1.jar:/home/runner/.m2/repository/org/opentest4j/opentest4j/1.3.0/opentest4j-1.3.0.jar:/home/runner/.m2/repository/org/junit/platform/junit-platform-commons/1.12.1/junit-platform-commons-1.12.1.jar:/home/runner/.m2/repository/org/apiguardian/apiguardian-api/1.1.2/apiguardian-api-1.1.2.jar:/home/runner/.m2/repository/jakarta/ws/rs/jakarta.ws.rs-api/3.1.0/jakarta.ws.rs-api-3.1.0.jar:/home/runner/work/apicurio-testing/apicurio-testing/clusters/ci419/namespaces/ksql047/tests/integration/apicurio-registry/java-sdk/target/apicurio-registry-java-sdk-3.0.12-SNAPSHOT.jar:/home/runner/.m2/repository/com/microsoft/kiota/microsoft-kiota-abstractions/1.8.8/microsoft-kiota-abstractions-1.8.8.jar:/home/runner/.m2/repository/io/github/std-uritemplate/std-uritemplate/2.0.0/std-uritemplate-2.0.0.jar:/home/runner/.m2/repository/io/kiota/kiota-http-jdk/0.0.29/kiota-http-jdk-0.0.29.jar:/home/runner/.m2/repository/io/kiota/kiota-http-vertx/0.0.29/kiota-http-vertx-0.0.29.jar:/home/runner/.m2/repository/io/kiota/kiota-serialization-jackson/0.0.29/kiota-serialization-jackson-0.0.29.jar:/home/runner/.m2/repository/com/microsoft/kiota/microsoft-kiota-serialization-text/1.8.8/microsoft-kiota-serialization-text-1.8.8.jar:/home/runner/.m2/repository/com/microsoft/kiota/microsoft-kiota-serialization-form/1.8.8/microsoft-kiota-serialization-form-1.8.8.jar:/home/runner/.m2/repository/com/microsoft/kiota/microsoft-kiota-serialization-multipart/1.8.8/microsoft-kiota-serialization-multipart-1.8.8.jar:/home/runner/.m2/repository/jakarta/annotation/jakarta.annotation-api/3.0.0/jakarta.annotation-api-3.0.0.jar:/home/runner/.m2/repository/io/vertx/vertx-auth-oauth2/4.5.16/vertx-auth-oauth2-4.5.16.jar:/home/runner/work/apicurio-testing/apicurio-testing/clusters/ci419/namespaces/ksql047/tests/integration/apicurio-registry/java-sdk-v2/target/apicurio-registry-v2-java-sdk-3.0.12-SNAPSHOT.jar:/home/runner/work/apicurio-testing/apicurio-testing/clusters/ci419/namespaces/ksql047/tests/integration/apicurio-registry/utils/kafka/target/apicurio-registry-utils-kafka-3.0.12-SNAPSHOT-tests.jar:/home/runner/.m2/repository/org/eclipse/microprofile/config/microprofile-config-api/3.1/microprofile-config-api-3.1.jar:/home/runner/.m2/repository/org/apache/kafka/kafka-clients/3.9.1/kafka-clients-3.9.1.jar:/home/runner/.m2/repository/com/github/luben/zstd-jni/1.5.6-4/zstd-jni-1.5.6-4.jar:/home/runner/.m2/repository/org/lz4/lz4-java/1.8.0/lz4-java-1.8.0.jar:/home/runner/.m2/repository/org/xerial/snappy/snappy-java/1.1.10.5/snappy-java-1.1.10.5.jar:/home/runner/.m2/repository/org/slf4j/slf4j-api/2.0.6/slf4j-api-2.0.6.jar:/home/runner/work/apicurio-testing/apicurio-testing/clusters/ci419/namespaces/ksql047/tests/integration/apicurio-registry/utils/tests/target/apicurio-registry-utils-tests-3.0.12-SNAPSHOT.jar:/home/runner/work/apicurio-testing/apicurio-testing/clusters/ci419/namespaces/ksql047/tests/integration/apicurio-registry/common/target/apicurio-registry-common-3.0.12-SNAPSHOT.jar:/home/runner/.m2/repository/jakarta/validation/jakarta.validation-api/3.0.2/jakarta.validation-api-3.0.2.jar:/home/runner/.m2/repository/com/github/dasniko/testcontainers-keycloak/3.8.0/testcontainers-keycloak-3.8.0.jar:/home/runner/.m2/repository/org/testcontainers/testcontainers/1.20.6/testcontainers-1.20.6.jar:/home/runner/.m2/repository/org/rnorth/duct-tape/duct-tape/1.0.8/duct-tape-1.0.8.jar:/home/runner/.m2/repository/com/github/docker-java/docker-java-transport-zerodep/3.4.1/docker-java-transport-zerodep-3.4.1.jar:/home/runner/.m2/repository/com/github/docker-java/docker-java-transport/3.4.1/docker-java-transport-3.4.1.jar:/home/runner/.m2/repository/net/java/dev/jna/jna/5.8.0/jna-5.8.0.jar:/home/runner/.m2/repository/io/quarkus/quarkus-junit4-mock/3.20.2/quarkus-junit4-mock-3.20.2.jar:/home/runner/.m2/repository/org/jboss/shrinkwrap/shrinkwrap-api/2.0.0-beta-2/shrinkwrap-api-2.0.0-beta-2.jar:/home/runner/.m2/repository/org/jboss/shrinkwrap/shrinkwrap-impl-base/2.0.0-beta-2/shrinkwrap-impl-base-2.0.0-beta-2.jar:/home/runner/.m2/repository/org/jboss/shrinkwrap/shrinkwrap-spi/2.0.0-beta-2/shrinkwrap-spi-2.0.0-beta-2.jar:/home/runner/.m2/repository/org/keycloak/keycloak-admin-client/26.0.4/keycloak-admin-client-26.0.4.jar:/home/runner/.m2/repository/org/keycloak/keycloak-client-common-synced/26.0.4/keycloak-client-common-synced-26.0.4.jar:/home/runner/.m2/repository/jakarta/activation/jakarta.activation-api/2.1.3/jakarta.activation-api-2.1.3.jar:/home/runner/.m2/repository/org/eclipse/microprofile/openapi/microprofile-openapi-api/4.0.2/microprofile-openapi-api-4.0.2.jar:/home/runner/.m2/repository/org/jboss/resteasy/resteasy-client/6.2.12.Final/resteasy-client-6.2.12.Final.jar:/home/runner/.m2/repository/org/jboss/resteasy/resteasy-client-api/6.2.12.Final/resteasy-client-api-6.2.12.Final.jar:/home/runner/.m2/repository/org/jboss/resteasy/resteasy-core-spi/6.2.12.Final/resteasy-core-spi-6.2.12.Final.jar:/home/runner/.m2/repository/org/jboss/resteasy/resteasy-core/6.2.12.Final/resteasy-core-6.2.12.Final.jar:/home/runner/.m2/repository/org/eclipse/angus/angus-activation/2.0.2/angus-activation-2.0.2.jar:/home/runner/.m2/repository/com/ibm/async/asyncutil/0.1.0/asyncutil-0.1.0.jar:/home/runner/.m2/repository/org/reactivestreams/reactive-streams/1.0.4/reactive-streams-1.0.4.jar:/home/runner/.m2/repository/org/jboss/resteasy/resteasy-multipart-provider/6.2.12.Final/resteasy-multipart-provider-6.2.12.Final.jar:/home/runner/.m2/repository/jakarta/mail/jakarta.mail-api/2.1.3/jakarta.mail-api-2.1.3.jar:/home/runner/.m2/repository/org/eclipse/angus/angus-mail/2.0.3/angus-mail-2.0.3.jar:/home/runner/.m2/repository/org/apache/james/apache-mime4j-dom/0.8.12/apache-mime4j-dom-0.8.12.jar:/home/runner/.m2/repository/org/apache/james/apache-mime4j-core/0.8.12/apache-mime4j-core-0.8.12.jar:/home/runner/.m2/repository/org/apache/james/apache-mime4j-storage/0.8.12/apache-mime4j-storage-0.8.12.jar:/home/runner/.m2/repository/org/jboss/resteasy/resteasy-jackson2-provider/6.2.12.Final/resteasy-jackson2-provider-6.2.12.Final.jar:/home/runner/.m2/repository/com/fasterxml/jackson/jakarta/rs/jackson-jakarta-rs-base/2.18.2/jackson-jakarta-rs-base-2.18.2.jar:/home/runner/.m2/repository/com/fasterxml/jackson/jakarta/rs/jackson-jakarta-rs-json-provider/2.18.2/jackson-jakarta-rs-json-provider-2.18.2.jar:/home/runner/.m2/repository/com/fasterxml/jackson/module/jackson-module-jakarta-xmlbind-annotations/2.18.2/jackson-module-jakarta-xmlbind-annotations-2.18.2.jar:/home/runner/.m2/repository/com/github/java-json-tools/json-patch/1.13/json-patch-1.13.jar:/home/runner/.m2/repository/com/github/java-json-tools/msg-simple/1.2/msg-simple-1.2.jar:/home/runner/.m2/repository/com/github/java-json-tools/btf/1.3/btf-1.3.jar:/home/runner/.m2/repository/com/github/java-json-tools/jackson-coreutils/2.0/jackson-coreutils-2.0.jar:/home/runner/.m2/repository/org/jboss/resteasy/resteasy-jaxb-provider/6.2.12.Final/resteasy-jaxb-provider-6.2.12.Final.jar:/home/runner/.m2/repository/org/glassfish/jaxb/codemodel/4.0.5/codemodel-4.0.5.jar:/home/runner/.m2/repository/org/glassfish/jaxb/jaxb-core/4.0.5/jaxb-core-4.0.5.jar:/home/runner/.m2/repository/org/glassfish/jaxb/jaxb-jxc/4.0.5/jaxb-jxc-4.0.5.jar:/home/runner/.m2/repository/org/glassfish/jaxb/jaxb-runtime/4.0.5/jaxb-runtime-4.0.5.jar:/home/runner/.m2/repository/org/glassfish/jaxb/txw2/4.0.5/txw2-4.0.5.jar:/home/runner/.m2/repository/org/glassfish/jaxb/jaxb-xjc/4.0.5/jaxb-xjc-4.0.5.jar:/home/runner/.m2/repository/org/glassfish/jaxb/xsom/4.0.5/xsom-4.0.5.jar:/home/runner/.m2/repository/com/sun/istack/istack-commons-runtime/4.1.2/istack-commons-runtime-4.1.2.jar:/home/runner/.m2/repository/com/sun/istack/istack-commons-tools/4.1.2/istack-commons-tools-4.1.2.jar:/home/runner/.m2/repository/com/sun/xml/bind/external/relaxng-datatype/4.0.5/relaxng-datatype-4.0.5.jar:/home/runner/.m2/repository/com/sun/xml/bind/external/rngom/4.0.5/rngom-4.0.5.jar:/home/runner/.m2/repository/org/testcontainers/mssqlserver/1.20.6/mssqlserver-1.20.6.jar:/home/runner/.m2/repository/org/testcontainers/jdbc/1.20.6/jdbc-1.20.6.jar:/home/runner/.m2/repository/org/testcontainers/database-commons/1.20.6/database-commons-1.20.6.jar:/home/runner/.m2/repository/org/testcontainers/mysql/1.20.6/mysql-1.20.6.jar:/home/runner/.m2/repository/io/strimzi/strimzi-test-container/0.111.0/strimzi-test-container-0.111.0.jar:/home/runner/.m2/repository/org/testcontainers/toxiproxy/1.20.6/toxiproxy-1.20.6.jar:/home/runner/.m2/repository/com/github/docker-java/docker-java-api/3.4.1/docker-java-api-3.4.1.jar:/home/runner/.m2/repository/org/apache/logging/log4j/log4j-slf4j-impl/2.19.0/log4j-slf4j-impl-2.19.0.jar:/home/runner/.m2/repository/org/apache/logging/log4j/log4j-api/2.24.3/log4j-api-2.24.3.jar:/home/runner/.m2/repository/org/apache/logging/log4j/log4j-core/2.19.0/log4j-core-2.19.0.jar:/home/runner/.m2/repository/eu/rekawek/toxiproxy/toxiproxy-java/2.1.7/toxiproxy-java-2.1.7.jar:/home/runner/.m2/repository/org/testcontainers/pulsar/1.21.3/pulsar-1.21.3.jar:/home/runner/.m2/repository/io/debezium/debezium-testing-testcontainers/2.7.4.Final/debezium-testing-testcontainers-2.7.4.Final.jar:/home/runner/.m2/repository/org/testcontainers/kafka/1.20.6/kafka-1.20.6.jar:/home/runner/.m2/repository/com/squareup/okhttp3/okhttp/4.8.1/okhttp-4.8.1.jar:/home/runner/.m2/repository/com/squareup/okio/okio/3.10.2/okio-3.10.2.jar:/home/runner/.m2/repository/com/squareup/okio/okio-jvm/3.10.2/okio-jvm-3.10.2.jar:/home/runner/.m2/repository/org/jetbrains/kotlin/kotlin-stdlib/2.0.21/kotlin-stdlib-2.0.21.jar:/home/runner/.m2/repository/org/awaitility/awaitility/4.3.0/awaitility-4.3.0.jar:/home/runner/.m2/repository/org/testcontainers/mongodb/1.20.6/mongodb-1.20.6.jar:/home/runner/.m2/repository/org/testcontainers/mariadb/1.20.6/mariadb-1.20.6.jar:/home/runner/.m2/repository/org/testcontainers/oracle-xe/1.20.6/oracle-xe-1.20.6.jar:/home/runner/.m2/repository/org/testcontainers/postgresql/1.20.6/postgresql-1.20.6.jar:/home/runner/.m2/repository/org/wiremock/wiremock/3.0.1/wiremock-3.0.1.jar:/home/runner/.m2/repository/org/eclipse/jetty/jetty-server/11.0.15/jetty-server-11.0.15.jar:/home/runner/.m2/repository/org/eclipse/jetty/toolchain/jetty-jakarta-servlet-api/5.0.2/jetty-jakarta-servlet-api-5.0.2.jar:/home/runner/.m2/repository/org/eclipse/jetty/jetty-http/11.0.15/jetty-http-11.0.15.jar:/home/runner/.m2/repository/org/eclipse/jetty/jetty-io/11.0.15/jetty-io-11.0.15.jar:/home/runner/.m2/repository/org/eclipse/jetty/jetty-servlet/11.0.15/jetty-servlet-11.0.15.jar:/home/runner/.m2/repository/org/eclipse/jetty/jetty-security/11.0.15/jetty-security-11.0.15.jar:/home/runner/.m2/repository/org/eclipse/jetty/jetty-servlets/11.0.15/jetty-servlets-11.0.15.jar:/home/runner/.m2/repository/org/eclipse/jetty/jetty-util/11.0.15/jetty-util-11.0.15.jar:/home/runner/.m2/repository/org/eclipse/jetty/jetty-webapp/11.0.15/jetty-webapp-11.0.15.jar:/home/runner/.m2/repository/org/eclipse/jetty/jetty-xml/11.0.15/jetty-xml-11.0.15.jar:/home/runner/.m2/repository/org/eclipse/jetty/jetty-proxy/11.0.15/jetty-proxy-11.0.15.jar:/home/runner/.m2/repository/org/eclipse/jetty/jetty-client/11.0.15/jetty-client-11.0.15.jar:/home/runner/.m2/repository/org/eclipse/jetty/http2/http2-server/11.0.15/http2-server-11.0.15.jar:/home/runner/.m2/repository/org/eclipse/jetty/http2/http2-common/11.0.15/http2-common-11.0.15.jar:/home/runner/.m2/repository/org/eclipse/jetty/http2/http2-hpack/11.0.15/http2-hpack-11.0.15.jar:/home/runner/.m2/repository/org/eclipse/jetty/jetty-alpn-server/11.0.15/jetty-alpn-server-11.0.15.jar:/home/runner/.m2/repository/org/eclipse/jetty/jetty-alpn-java-server/11.0.15/jetty-alpn-java-server-11.0.15.jar:/home/runner/.m2/repository/org/eclipse/jetty/jetty-alpn-java-client/11.0.15/jetty-alpn-java-client-11.0.15.jar:/home/runner/.m2/repository/org/eclipse/jetty/jetty-alpn-client/11.0.15/jetty-alpn-client-11.0.15.jar:/home/runner/.m2/repository/org/apache/httpcomponents/client5/httpclient5/5.2.1/httpclient5-5.2.1.jar:/home/runner/.m2/repository/org/apache/httpcomponents/core5/httpcore5/5.2/httpcore5-5.2.jar:/home/runner/.m2/repository/org/apache/httpcomponents/core5/httpcore5-h2/5.2/httpcore5-h2-5.2.jar:/home/runner/.m2/repository/org/xmlunit/xmlunit-core/2.9.1/xmlunit-core-2.9.1.jar:/home/runner/.m2/repository/jakarta/xml/bind/jakarta.xml.bind-api/4.0.2/jakarta.xml.bind-api-4.0.2.jar:/home/runner/.m2/repository/org/xmlunit/xmlunit-legacy/2.9.1/xmlunit-legacy-2.9.1.jar:/home/runner/.m2/repository/org/xmlunit/xmlunit-placeholders/2.9.1/xmlunit-placeholders-2.9.1.jar:/home/runner/.m2/repository/net/javacrumbs/json-unit/json-unit-core/2.38.0/json-unit-core-2.38.0.jar:/home/runner/.m2/repository/org/hamcrest/hamcrest-core/2.2/hamcrest-core-2.2.jar:/home/runner/.m2/repository/com/jayway/jsonpath/json-path/2.8.0/json-path-2.8.0.jar:/home/runner/.m2/repository/net/minidev/json-smart/2.4.10/json-smart-2.4.10.jar:/home/runner/.m2/repository/net/minidev/accessors-smart/2.4.9/accessors-smart-2.4.9.jar:/home/runner/.m2/repository/org/ow2/asm/asm/9.7.1/asm-9.7.1.jar:/home/runner/.m2/repository/net/sf/jopt-simple/jopt-simple/5.0.4/jopt-simple-5.0.4.jar:/home/runner/.m2/repository/com/github/jknack/handlebars/4.3.1/handlebars-4.3.1.jar:/home/runner/.m2/repository/com/github/jknack/handlebars-helpers/4.3.1/handlebars-helpers-4.3.1.jar:/home/runner/.m2/repository/commons-fileupload/commons-fileupload/1.5/commons-fileupload-1.5.jar:/home/runner/.m2/repository/com/networknt/json-schema-validator/1.5.8/json-schema-validator-1.5.8.jar:/home/runner/.m2/repository/com/ethlo/time/itu/1.10.3/itu-1.10.3.jar:/home/runner/.m2/repository/io/quarkus/quarkus-smallrye-jwt-build/3.20.2/quarkus-smallrye-jwt-build-3.20.2.jar:/home/runner/.m2/repository/io/smallrye/smallrye-jwt-build/4.6.2/smallrye-jwt-build-4.6.2.jar:/home/runner/.m2/repository/org/eclipse/microprofile/jwt/microprofile-jwt-auth-api/2.1/microprofile-jwt-auth-api-2.1.jar:/home/runner/.m2/repository/org/bitbucket/b_c/jose4j/0.9.6/jose4j-0.9.6.jar:/home/runner/.m2/repository/io/smallrye/smallrye-jwt-common/4.6.2/smallrye-jwt-common-4.6.2.jar:/home/runner/.m2/repository/io/quarkus/quarkus-jsonp/3.20.2/quarkus-jsonp-3.20.2.jar:/home/runner/.m2/repository/io/quarkus/quarkus-arc/3.20.2/quarkus-arc-3.20.2.jar:/home/runner/.m2/repository/io/quarkus/arc/arc/3.20.2/arc-3.20.2.jar:/home/runner/.m2/repository/jakarta/transaction/jakarta.transaction-api/2.0.1/jakarta.transaction-api-2.0.1.jar:/home/runner/.m2/repository/io/smallrye/reactive/mutiny/2.9.2/mutiny-2.9.2.jar:/home/runner/.m2/repository/org/jctools/jctools-core/4.0.5/jctools-core-4.0.5.jar:/home/runner/.m2/repository/org/eclipse/microprofile/context-propagation/microprofile-context-propagation-api/1.3/microprofile-context-propagation-api-1.3.jar:/home/runner/.m2/repository/io/apicurio/apicurio-common-rest-client-common/0.1.18.Final/apicurio-common-rest-client-common-0.1.18.Final.jar:/home/runner/work/apicurio-testing/apicurio-testing/clusters/ci419/namespaces/ksql047/tests/integration/apicurio-registry/utils/maven-plugin/target/apicurio-registry-maven-plugin-3.0.12-SNAPSHOT.jar:/home/runner/.m2/repository/com/fasterxml/jackson/core/jackson-databind/2.18.2/jackson-databind-2.18.2.jar:/home/runner/.m2/repository/org/apache/avro/avro/1.12.0/avro-1.12.0.jar:/home/runner/.m2/repository/com/google/protobuf/protobuf-java/4.31.1/protobuf-java-4.31.1.jar:/home/runner/.m2/repository/com/google/protobuf/protobuf-java-util/4.31.1/protobuf-java-util-4.31.1.jar:/home/runner/.m2/repository/com/google/code/findbugs/jsr305/3.0.2/jsr305-3.0.2.jar:/home/runner/.m2/repository/com/google/code/gson/gson/2.12.1/gson-2.12.1.jar:/home/runner/.m2/repository/com/google/errorprone/error_prone_annotations/2.36.0/error_prone_annotations-2.36.0.jar:/home/runner/.m2/repository/com/google/j2objc/j2objc-annotations/2.8/j2objc-annotations-2.8.jar:/home/runner/work/apicurio-testing/apicurio-testing/clusters/ci419/namespaces/ksql047/tests/integration/apicurio-registry/schema-util/util-provider/target/apicurio-registry-schema-util-provider-3.0.12-SNAPSHOT.jar:/home/runner/work/apicurio-testing/apicurio-testing/clusters/ci419/namespaces/ksql047/tests/integration/apicurio-registry/schema-util/common/target/apicurio-registry-schema-util-common-3.0.12-SNAPSHOT.jar:/home/runner/.m2/repository/com/fasterxml/jackson/module/jackson-module-parameter-names/2.18.2/jackson-module-parameter-names-2.18.2.jar:/home/runner/.m2/repository/com/fasterxml/jackson/datatype/jackson-datatype-json-org/2.18.2/jackson-datatype-json-org-2.18.2.jar:/home/runner/work/apicurio-testing/apicurio-testing/clusters/ci419/namespaces/ksql047/tests/integration/apicurio-registry/schema-util/json/target/apicurio-registry-schema-util-json-3.0.12-SNAPSHOT.jar:/home/runner/.m2/repository/com/github/erosb/everit-json-schema/1.14.5/everit-json-schema-1.14.5.jar:/home/runner/.m2/repository/commons-validator/commons-validator/1.9.0/commons-validator-1.9.0.jar:/home/runner/.m2/repository/commons-digester/commons-digester/2.1/commons-digester-2.1.jar:/home/runner/.m2/repository/commons-collections/commons-collections/3.2.2/commons-collections-3.2.2.jar:/home/runner/.m2/repository/com/damnhandy/handy-uri-templates/2.1.8/handy-uri-templates-2.1.8.jar:/home/runner/.m2/repository/joda-time/joda-time/2.10.2/joda-time-2.10.2.jar:/home/runner/.m2/repository/com/github/erosb/json-sKema/0.20.0/json-sKema-0.20.0.jar:/home/runner/.m2/repository/io/vertx/vertx-json-schema/4.5.16/vertx-json-schema-4.5.16.jar:/home/runner/work/apicurio-testing/apicurio-testing/clusters/ci419/namespaces/ksql047/tests/integration/apicurio-registry/schema-util/protobuf/target/apicurio-registry-schema-util-protobuf-3.0.12-SNAPSHOT.jar:/home/runner/work/apicurio-testing/apicurio-testing/clusters/ci419/namespaces/ksql047/tests/integration/apicurio-registry/utils/protobuf-schema-utilities/target/apicurio-registry-protobuf-schema-utilities-3.0.12-SNAPSHOT.jar:/home/runner/.m2/repository/com/google/api/grpc/proto-google-common-protos/2.52.0/proto-google-common-protos-2.52.0.jar:/home/runner/.m2/repository/com/squareup/wire/wire-schema-jvm/5.3.3/wire-schema-jvm-5.3.3.jar:/home/runner/.m2/repository/com/palantir/javapoet/javapoet/0.6.0/javapoet-0.6.0.jar:/home/runner/.m2/repository/com/squareup/kotlinpoet-jvm/2.0.0/kotlinpoet-jvm-2.0.0.jar:/home/runner/.m2/repository/org/jetbrains/kotlin/kotlin-reflect/2.0.21/kotlin-reflect-2.0.21.jar:/home/runner/.m2/repository/com/squareup/wire/wire-runtime-jvm/5.3.3/wire-runtime-jvm-5.3.3.jar:/home/runner/.m2/repository/com/ibm/icu/icu4j/76.1/icu4j-76.1.jar:/home/runner/.m2/repository/com/squareup/okio/okio-fakefilesystem/3.10.2/okio-fakefilesystem-3.10.2.jar:/home/runner/.m2/repository/com/squareup/okio/okio-fakefilesystem-jvm/3.10.2/okio-fakefilesystem-jvm-3.10.2.jar:/home/runner/.m2/repository/org/jetbrains/kotlinx/kotlinx-datetime-jvm/0.6.1/kotlinx-datetime-jvm-0.6.1.jar:/home/runner/work/apicurio-testing/apicurio-testing/clusters/ci419/namespaces/ksql047/tests/integration/apicurio-registry/schema-util/asyncapi/target/apicurio-registry-schema-util-asyncapi-3.0.12-SNAPSHOT.jar:/home/runner/work/apicurio-testing/apicurio-testing/clusters/ci419/namespaces/ksql047/tests/integration/apicurio-registry/schema-util/avro/target/apicurio-registry-schema-util-avro-3.0.12-SNAPSHOT.jar:/home/runner/work/apicurio-testing/apicurio-testing/clusters/ci419/namespaces/ksql047/tests/integration/apicurio-registry/schema-util/graphql/target/apicurio-registry-schema-util-graphql-3.0.12-SNAPSHOT.jar:/home/runner/.m2/repository/com/graphql-java/graphql-java/22.4/graphql-java-22.4.jar:/home/runner/.m2/repository/com/graphql-java/java-dataloader/3.3.0/java-dataloader-3.3.0.jar:/home/runner/work/apicurio-testing/apicurio-testing/clusters/ci419/namespaces/ksql047/tests/integration/apicurio-registry/schema-util/kconnect/target/apicurio-registry-schema-util-kconnect-3.0.12-SNAPSHOT.jar:/home/runner/work/apicurio-testing/apicurio-testing/clusters/ci419/namespaces/ksql047/tests/integration/apicurio-registry/schema-util/openapi/target/apicurio-registry-schema-util-openapi-3.0.12-SNAPSHOT.jar:/home/runner/.m2/repository/io/apicurio/apicurio-data-models/2.2.2/apicurio-data-models-2.2.2.jar:/home/runner/.m2/repository/org/openapitools/openapidiff/openapi-diff-core/2.1.2/openapi-diff-core-2.1.2.jar:/home/runner/.m2/repository/io/swagger/parser/v3/swagger-parser/2.1.28/swagger-parser-2.1.28.jar:/home/runner/.m2/repository/io/swagger/parser/v3/swagger-parser-v2-converter/2.1.28/swagger-parser-v2-converter-2.1.28.jar:/home/runner/.m2/repository/io/swagger/swagger-core/1.6.16/swagger-core-1.6.16.jar:/home/runner/.m2/repository/io/swagger/swagger-models/1.6.16/swagger-models-1.6.16.jar:/home/runner/.m2/repository/io/swagger/swagger-annotations/1.6.16/swagger-annotations-1.6.16.jar:/home/runner/.m2/repository/io/swagger/swagger-parser/1.0.75/swagger-parser-1.0.75.jar:/home/runner/.m2/repository/io/swagger/swagger-parser-safe-url-resolver/1.0.75/swagger-parser-safe-url-resolver-1.0.75.jar:/home/runner/.m2/repository/io/swagger/swagger-compat-spec-parser/1.0.75/swagger-compat-spec-parser-1.0.75.jar:/home/runner/.m2/repository/com/github/java-json-tools/json-schema-validator/2.2.14/json-schema-validator-2.2.14.jar:/home/runner/.m2/repository/com/github/java-json-tools/jackson-coreutils-equivalence/1.0/jackson-coreutils-equivalence-1.0.jar:/home/runner/.m2/repository/com/github/java-json-tools/json-schema-core/1.2.14/json-schema-core-1.2.14.jar:/home/runner/.m2/repository/com/github/java-json-tools/uri-template/0.10/uri-template-0.10.jar:/home/runner/.m2/repository/com/googlecode/libphonenumber/libphonenumber/8.11.1/libphonenumber-8.11.1.jar:/home/runner/.m2/repository/com/j2html/j2html/1.6.0/j2html-1.6.0.jar:/home/runner/.m2/repository/org/apache/commons/commons-collections4/4.5.0/commons-collections4-4.5.0.jar:/home/runner/.m2/repository/org/slf4j/jcl-over-slf4j/2.0.17/jcl-over-slf4j-2.0.17.jar:/home/runner/.m2/repository/io/swagger/parser/v3/swagger-parser-v3/2.1.31/swagger-parser-v3-2.1.31.jar:/home/runner/.m2/repository/io/swagger/core/v3/swagger-models/2.2.34/swagger-models-2.2.34.jar:/home/runner/.m2/repository/io/swagger/core/v3/swagger-core/2.2.34/swagger-core-2.2.34.jar:/home/runner/.m2/repository/io/swagger/parser/v3/swagger-parser-core/2.1.31/swagger-parser-core-2.1.31.jar:/home/runner/.m2/repository/io/swagger/parser/v3/swagger-parser-safe-url-resolver/2.1.31/swagger-parser-safe-url-resolver-2.1.31.jar:/home/runner/work/apicurio-testing/apicurio-testing/clusters/ci419/namespaces/ksql047/tests/integration/apicurio-registry/schema-util/wsdl/target/apicurio-registry-schema-util-wsdl-3.0.12-SNAPSHOT.jar:/home/runner/.m2/repository/wsdl4j/wsdl4j/1.6.3/wsdl4j-1.6.3.jar:/home/runner/work/apicurio-testing/apicurio-testing/clusters/ci419/namespaces/ksql047/tests/integration/apicurio-registry/schema-util/xml/target/apicurio-registry-schema-util-xml-3.0.12-SNAPSHOT.jar:/home/runner/.m2/repository/org/apache/santuario/xmlsec/4.0.4/xmlsec-4.0.4.jar:/home/runner/.m2/repository/com/fasterxml/woodstox/woodstox-core/7.1.1/woodstox-core-7.1.1.jar:/home/runner/.m2/repository/org/codehaus/woodstox/stax2-api/4.2.2/stax2-api-4.2.2.jar:/home/runner/work/apicurio-testing/apicurio-testing/clusters/ci419/namespaces/ksql047/tests/integration/apicurio-registry/schema-util/xsd/target/apicurio-registry-schema-util-xsd-3.0.12-SNAPSHOT.jar:/home/runner/work/apicurio-testing/apicurio-testing/clusters/ci419/namespaces/ksql047/tests/integration/apicurio-registry/serdes/kafka/jsonschema-serde/target/apicurio-registry-jsonschema-serde-kafka-3.0.12-SNAPSHOT.jar:/home/runner/work/apicurio-testing/apicurio-testing/clusters/ci419/namespaces/ksql047/tests/integration/apicurio-registry/serdes/kafka/serde-kafka-common/target/apicurio-registry-serde-kafka-common-3.0.12-SNAPSHOT.jar:/home/runner/work/apicurio-testing/apicurio-testing/clusters/ci419/namespaces/ksql047/tests/integration/apicurio-registry/serdes/generic/serde-common/target/apicurio-registry-serde-common-3.0.12-SNAPSHOT.jar:/home/runner/work/apicurio-testing/apicurio-testing/clusters/ci419/namespaces/ksql047/tests/integration/apicurio-registry/serdes/generic/serde-common-jsonschema/target/apicurio-registry-serde-common-jsonschema-3.0.12-SNAPSHOT.jar:/home/runner/.m2/repository/org/json/json/20250107/json-20250107.jar:/home/runner/work/apicurio-testing/apicurio-testing/clusters/ci419/namespaces/ksql047/tests/integration/apicurio-registry/serdes/kafka/avro-serde/target/apicurio-registry-avro-serde-kafka-3.0.12-SNAPSHOT.jar:/home/runner/work/apicurio-testing/apicurio-testing/clusters/ci419/namespaces/ksql047/tests/integration/apicurio-registry/serdes/generic/serde-common-avro/target/apicurio-registry-serde-common-avro-3.0.12-SNAPSHOT.jar:/home/runner/work/apicurio-testing/apicurio-testing/clusters/ci419/namespaces/ksql047/tests/integration/apicurio-registry/serdes/kafka/protobuf-serde/target/apicurio-registry-protobuf-serde-kafka-3.0.12-SNAPSHOT.jar:/home/runner/work/apicurio-testing/apicurio-testing/clusters/ci419/namespaces/ksql047/tests/integration/apicurio-registry/serdes/generic/serde-common-protobuf/target/apicurio-registry-serde-common-protobuf-3.0.12-SNAPSHOT.jar:/home/runner/.m2/repository/com/squareup/wire/wire-schema/5.3.3/wire-schema-5.3.3.jar:/home/runner/.m2/repository/com/squareup/wire/wire-runtime/5.3.3/wire-runtime-5.3.3.jar:/home/runner/work/apicurio-testing/apicurio-testing/clusters/ci419/namespaces/ksql047/tests/integration/apicurio-registry/serdes/pulsar/avro-serde/target/apicurio-registry-avro-serde-pulsar-3.0.12-SNAPSHOT.jar:/home/runner/.m2/repository/org/apache/pulsar/pulsar-functions-api/3.3.8/pulsar-functions-api-3.3.8.jar:/home/runner/work/apicurio-testing/apicurio-testing/clusters/ci419/namespaces/ksql047/tests/integration/apicurio-registry/serdes/nats/avro-serde/target/apicurio-registry-avro-serde-nats-3.0.12-SNAPSHOT.jar:/home/runner/.m2/repository/io/nats/jnats/2.21.4/jnats-2.21.4.jar:/home/runner/.m2/repository/org/bouncycastle/bcprov-lts8on/2.73.7/bcprov-lts8on-2.73.7.jar:/home/runner/.m2/repository/org/jetbrains/annotations/26.0.2/annotations-26.0.2.jar:/home/runner/work/apicurio-testing/apicurio-testing/clusters/ci419/namespaces/ksql047/tests/integration/apicurio-registry/utils/converter/target/apicurio-registry-utils-converter-3.0.12-SNAPSHOT.jar:/home/runner/work/apicurio-testing/apicurio-testing/clusters/ci419/namespaces/ksql047/tests/integration/apicurio-registry/schema-resolver/target/apicurio-registry-schema-resolver-3.0.12-SNAPSHOT.jar:/home/runner/.m2/repository/org/apache/kafka/connect-api/3.9.1/connect-api-3.9.1.jar:/home/runner/.m2/repository/javax/ws/rs/javax.ws.rs-api/2.1.1/javax.ws.rs-api-2.1.1.jar:/home/runner/.m2/repository/org/apache/kafka/connect-json/3.9.1/connect-json-3.9.1.jar:/home/runner/.m2/repository/com/fasterxml/jackson/datatype/jackson-datatype-jdk8/2.18.2/jackson-datatype-jdk8-2.18.2.jar:/home/runner/.m2/repository/com/fasterxml/jackson/module/jackson-module-afterburner/2.18.2/jackson-module-afterburner-2.18.2.jar:/home/runner/work/apicurio-testing/apicurio-testing/clusters/ci419/namespaces/ksql047/tests/integration/apicurio-registry/utils/kafka/target/apicurio-registry-utils-kafka-3.0.12-SNAPSHOT.jar:/home/runner/.m2/repository/org/apache/pulsar/pulsar-client/3.3.8/pulsar-client-3.3.8.jar:/home/runner/.m2/repository/org/apache/pulsar/pulsar-client-api/3.3.8/pulsar-client-api-3.3.8.jar:/home/runner/.m2/repository/org/apache/pulsar/pulsar-client-admin-api/3.3.8/pulsar-client-admin-api-3.3.8.jar:/home/runner/.m2/repository/org/apache/pulsar/bouncy-castle-bc/3.3.8/bouncy-castle-bc-3.3.8-pkg.jar:/home/runner/.m2/repository/org/bouncycastle/bcpkix-jdk18on/1.81/bcpkix-jdk18on-1.81.jar:/home/runner/.m2/repository/org/bouncycastle/bcutil-jdk18on/1.81/bcutil-jdk18on-1.81.jar:/home/runner/.m2/repository/org/bouncycastle/bcprov-jdk18on/1.81/bcprov-jdk18on-1.81.jar:/home/runner/.m2/repository/io/opentelemetry/opentelemetry-api/1.44.1/opentelemetry-api-1.44.1.jar:/home/runner/.m2/repository/io/opentelemetry/opentelemetry-context/1.44.1/opentelemetry-context-1.44.1.jar:/home/runner/.m2/repository/io/opentelemetry/opentelemetry-api-incubator/1.44.1-alpha/opentelemetry-api-incubator-1.44.1-alpha.jar:/home/runner/.m2/repository/com/fasterxml/jackson/core/jackson-annotations/2.18.2/jackson-annotations-2.18.2.jar:/home/runner/.m2/repository/javax/validation/validation-api/1.1.0.Final/validation-api-1.1.0.Final.jar:/home/runner/.m2/repository/org/jspecify/jspecify/1.0.0/jspecify-1.0.0.jar:/home/runner/.m2/repository/org/apache/commons/commons-configuration2/2.12.0/commons-configuration2-2.12.0.jar:/home/runner/.m2/repository/commons-logging/commons-logging/1.3.5/commons-logging-1.3.5.jar:/home/runner/.m2/repository/org/apache/commons/commons-text/1.13.0/commons-text-1.13.0.jar:/home/runner/.m2/repository/io/confluent/kafka-avro-serializer/8.0.0/kafka-avro-serializer-8.0.0.jar:/home/runner/.m2/repository/org/apache/commons/commons-compress/1.27.1/commons-compress-1.27.1.jar:/home/runner/.m2/repository/io/confluent/kafka-schema-serializer/8.0.0/kafka-schema-serializer-8.0.0.jar:/home/runner/.m2/repository/com/fasterxml/jackson/dataformat/jackson-dataformat-csv/2.18.2/jackson-dataformat-csv-2.18.2.jar:/home/runner/.m2/repository/io/confluent/kafka-schema-registry-client/8.0.0/kafka-schema-registry-client-8.0.0.jar:/home/runner/.m2/repository/org/yaml/snakeyaml/2.3/snakeyaml-2.3.jar:/home/runner/.m2/repository/io/swagger/core/v3/swagger-annotations/2.2.29/swagger-annotations-2.2.29.jar:/home/runner/.m2/repository/com/google/guava/guava/33.4.0-jre/guava-33.4.0-jre.jar:/home/runner/.m2/repository/com/google/guava/failureaccess/1.0.1/failureaccess-1.0.1.jar:/home/runner/.m2/repository/org/checkerframework/checker-qual/3.49.0/checker-qual-3.49.0.jar:/home/runner/.m2/repository/io/confluent/logredactor/1.0.13/logredactor-1.0.13.jar:/home/runner/.m2/repository/com/google/re2j/re2j/1.6/re2j-1.6.jar:/home/runner/.m2/repository/io/confluent/logredactor-metrics/1.0.13/logredactor-metrics-1.0.13.jar:/home/runner/.m2/repository/com/eclipsesource/minimal-json/minimal-json/0.9.5/minimal-json-0.9.5.jar:/home/runner/.m2/repository/io/confluent/common-utils/8.0.0/common-utils-8.0.0.jar:/home/runner/.m2/repository/io/confluent/kafka-connect-avro-converter/8.0.0/kafka-connect-avro-converter-8.0.0.jar:/home/runner/.m2/repository/io/confluent/kafka-connect-avro-data/8.0.0/kafka-connect-avro-data-8.0.0.jar:/home/runner/.m2/repository/io/confluent/kafka-schema-converter/8.0.0/kafka-schema-converter-8.0.0.jar:/home/runner/.m2/repository/io/rest-assured/rest-assured/5.5.1/rest-assured-5.5.1.jar:/home/runner/.m2/repository/org/apache/groovy/groovy/4.0.22/groovy-4.0.22.jar:/home/runner/.m2/repository/org/apache/groovy/groovy-xml/4.0.22/groovy-xml-4.0.22.jar:/home/runner/.m2/repository/org/apache/httpcomponents/httpclient/4.5.14/httpclient-4.5.14.jar:/home/runner/.m2/repository/org/apache/httpcomponents/httpcore/4.4.16/httpcore-4.4.16.jar:/home/runner/.m2/repository/org/apache/httpcomponents/httpmime/4.5.14/httpmime-4.5.14.jar:/home/runner/.m2/repository/org/hamcrest/hamcrest/2.2/hamcrest-2.2.jar:/home/runner/.m2/repository/org/ccil/cowan/tagsoup/tagsoup/1.2.1/tagsoup-1.2.1.jar:/home/runner/.m2/repository/io/rest-assured/json-path/5.5.1/json-path-5.5.1.jar:/home/runner/.m2/repository/org/apache/groovy/groovy-json/4.0.22/groovy-json-4.0.22.jar:/home/runner/.m2/repository/io/rest-assured/rest-assured-common/5.5.1/rest-assured-common-5.5.1.jar:/home/runner/.m2/repository/io/rest-assured/xml-path/5.5.1/xml-path-5.5.1.jar:/home/runner/.m2/repository/io/zonky/test/embedded-postgres/2.1.0/embedded-postgres-2.1.0.jar:/home/runner/.m2/repository/io/zonky/test/postgres/embedded-postgres-binaries-windows-amd64/14.15.0/embedded-postgres-binaries-windows-amd64-14.15.0.jar:/home/runner/.m2/repository/io/zonky/test/postgres/embedded-postgres-binaries-darwin-amd64/14.15.0/embedded-postgres-binaries-darwin-amd64-14.15.0.jar:/home/runner/.m2/repository/io/zonky/test/postgres/embedded-postgres-binaries-linux-amd64/14.15.0/embedded-postgres-binaries-linux-amd64-14.15.0.jar:/home/runner/.m2/repository/io/zonky/test/postgres/embedded-postgres-binaries-linux-amd64-alpine/14.15.0/embedded-postgres-binaries-linux-amd64-alpine-14.15.0.jar:/home/runner/.m2/repository/org/apache/commons/commons-lang3/3.17.0/commons-lang3-3.17.0.jar:/home/runner/.m2/repository/org/tukaani/xz/1.10/xz-1.10.jar:/home/runner/.m2/repository/commons-codec/commons-codec/1.19.0/commons-codec-1.19.0.jar:/home/runner/.m2/repository/org/postgresql/postgresql/42.7.7/postgresql-42.7.7.jar:/home/runner/.m2/repository/commons-io/commons-io/2.18.0/commons-io-2.18.0.jar:/home/runner/work/apicurio-testing/apicurio-testing/clusters/ci419/namespaces/ksql047/tests/integration/apicurio-registry/utils/importexport/target/apicurio-registry-utils-import-export-3.0.12-SNAPSHOT.jar:/home/runner/.m2/repository/io/vertx/vertx-core/4.5.16/vertx-core-4.5.16.jar:/home/runner/.m2/repository/io/netty/netty-common/4.1.121.Final/netty-common-4.1.121.Final.jar:/home/runner/.m2/repository/io/netty/netty-buffer/4.1.121.Final/netty-buffer-4.1.121.Final.jar:/home/runner/.m2/repository/io/netty/netty-transport/4.1.121.Final/netty-transport-4.1.121.Final.jar:/home/runner/.m2/repository/io/netty/netty-handler/4.1.121.Final/netty-handler-4.1.121.Final.jar:/home/runner/.m2/repository/io/netty/netty-transport-native-unix-common/4.1.121.Final/netty-transport-native-unix-common-4.1.121.Final.jar:/home/runner/.m2/repository/io/netty/netty-codec/4.1.121.Final/netty-codec-4.1.121.Final.jar:/home/runner/.m2/repository/io/netty/netty-handler-proxy/4.1.121.Final/netty-handler-proxy-4.1.121.Final.jar:/home/runner/.m2/repository/io/netty/netty-codec-socks/4.1.121.Final/netty-codec-socks-4.1.121.Final.jar:/home/runner/.m2/repository/io/netty/netty-codec-http/4.1.121.Final/netty-codec-http-4.1.121.Final.jar:/home/runner/.m2/repository/io/netty/netty-codec-http2/4.1.121.Final/netty-codec-http2-4.1.121.Final.jar:/home/runner/.m2/repository/io/netty/netty-resolver/4.1.121.Final/netty-resolver-4.1.121.Final.jar:/home/runner/.m2/repository/io/netty/netty-resolver-dns/4.1.121.Final/netty-resolver-dns-4.1.121.Final.jar:/home/runner/.m2/repository/io/netty/netty-codec-dns/4.1.121.Final/netty-codec-dns-4.1.121.Final.jar:/home/runner/.m2/repository/com/fasterxml/jackson/core/jackson-core/2.18.2/jackson-core-2.18.2.jar:"/>
    <property name="java.vm.vendor" value="Eclipse Adoptium"/>
    <property name="maven.javadoc.skip" value="true"/>
    <property name="sun.arch.data.model" value="64"/>
    <property name="java.vendor.url" value="https://adoptium.net/"/>
    <property name="user.timezone" value="Etc/UTC"/>
    <property name="os.name" value="Linux"/>
    <property name="java.vm.specification.version" value="17"/>
    <property name="sun.java.launcher" value="SUN_STANDARD"/>
    <property name="quarkus.http.test-port" value="80"/>
    <property name="sun.boot.library.path" value="/usr/lib/jvm/temurin-17-jdk-amd64/lib"/>
    <property name="sun.java.command" value="/home/runner/work/apicurio-testing/apicurio-testing/clusters/ci419/namespaces/ksql047/tests/integration/apicurio-registry/integration-tests/target/surefire/surefirebooter-20250807203205242_3.jar /home/runner/work/apicurio-testing/apicurio-testing/clusters/ci419/namespaces/ksql047/tests/integration/apicurio-registry/integration-tests/target/surefire 2025-08-07T20-32-05_189-jvmRun1 surefire-20250807203205242_1tmp surefire_0-20250807203205242_2tmp"/>
    <property name="maven.home" value="/home/runner/.m2/wrapper/dists/apache-maven-3.9.8-bin/4fnp1ql35bgk2a0p7m31ovbgb0/apache-maven-3.9.8"/>
    <property name="jdk.debug" value="release"/>
    <property name="surefire.test.class.path" value="/home/runner/work/apicurio-testing/apicurio-testing/clusters/ci419/namespaces/ksql047/tests/integration/apicurio-registry/integration-tests/target/test-classes:/home/runner/work/apicurio-testing/apicurio-testing/clusters/ci419/namespaces/ksql047/tests/integration/apicurio-registry/integration-tests/target/apicurio-registry-integration-tests-3.0.12-SNAPSHOT.jar:/home/runner/.m2/repository/io/quarkus/quarkus-junit5/3.20.2/quarkus-junit5-3.20.2.jar:/home/runner/.m2/repository/io/quarkus/quarkus-bootstrap-core/3.20.2/quarkus-bootstrap-core-3.20.2.jar:/home/runner/.m2/repository/io/quarkus/quarkus-classloader-commons/3.20.2/quarkus-classloader-commons-3.20.2.jar:/home/runner/.m2/repository/io/quarkus/quarkus-bootstrap-app-model/3.20.2/quarkus-bootstrap-app-model-3.20.2.jar:/home/runner/.m2/repository/io/smallrye/common/smallrye-common-io/2.12.0/smallrye-common-io-2.12.0.jar:/home/runner/.m2/repository/org/eclipse/sisu/org.eclipse.sisu.inject/0.9.0.M3/org.eclipse.sisu.inject-0.9.0.M3.jar:/home/runner/.m2/repository/io/quarkus/quarkus-test-common/3.20.2/quarkus-test-common-3.20.2.jar:/home/runner/.m2/repository/io/quarkus/quarkus-core-deployment/3.20.2/quarkus-core-deployment-3.20.2.jar:/home/runner/.m2/repository/org/aesh/readline/2.6/readline-2.6.jar:/home/runner/.m2/repository/org/fusesource/jansi/jansi/2.4.0/jansi-2.4.0.jar:/home/runner/.m2/repository/org/aesh/aesh/2.8.2/aesh-2.8.2.jar:/home/runner/.m2/repository/io/quarkus/gizmo/gizmo/1.8.0/gizmo-1.8.0.jar:/home/runner/.m2/repository/org/ow2/asm/asm-util/9.7.1/asm-util-9.7.1.jar:/home/runner/.m2/repository/org/ow2/asm/asm-analysis/9.7.1/asm-analysis-9.7.1.jar:/home/runner/.m2/repository/org/ow2/asm/asm-commons/9.7.1/asm-commons-9.7.1.jar:/home/runner/.m2/repository/org/ow2/asm/asm-tree/9.7.1/asm-tree-9.7.1.jar:/home/runner/.m2/repository/io/quarkus/quarkus-hibernate-validator-spi/3.20.2/quarkus-hibernate-validator-spi-3.20.2.jar:/home/runner/.m2/repository/io/quarkus/quarkus-class-change-agent/3.20.2/quarkus-class-change-agent-3.20.2.jar:/home/runner/.m2/repository/io/quarkus/quarkus-devtools-utilities/3.20.2/quarkus-devtools-utilities-3.20.2.jar:/home/runner/.m2/repository/io/quarkus/quarkus-builder/3.20.2/quarkus-builder-3.20.2.jar:/home/runner/.m2/repository/org/graalvm/sdk/nativeimage/23.1.2/nativeimage-23.1.2.jar:/home/runner/.m2/repository/org/graalvm/sdk/word/23.1.2/word-23.1.2.jar:/home/runner/.m2/repository/io/quarkus/quarkus-bootstrap-maven-resolver/3.20.2/quarkus-bootstrap-maven-resolver-3.20.2.jar:/home/runner/.m2/repository/io/smallrye/beanbag/smallrye-beanbag-maven/1.5.2/smallrye-beanbag-maven-1.5.2.jar:/home/runner/.m2/repository/io/smallrye/beanbag/smallrye-beanbag-sisu/1.5.2/smallrye-beanbag-sisu-1.5.2.jar:/home/runner/.m2/repository/io/smallrye/beanbag/smallrye-beanbag/1.5.2/smallrye-beanbag-1.5.2.jar:/home/runner/.m2/repository/javax/inject/javax.inject/1/javax.inject-1.jar:/home/runner/.m2/repository/org/apache/maven/maven-artifact/3.9.9/maven-artifact-3.9.9.jar:/home/runner/.m2/repository/org/apache/maven/maven-builder-support/3.9.9/maven-builder-support-3.9.9.jar:/home/runner/.m2/repository/org/apache/maven/maven-model/3.9.9/maven-model-3.9.9.jar:/home/runner/.m2/repository/org/apache/maven/maven-model-builder/3.9.9/maven-model-builder-3.9.9.jar:/home/runner/.m2/repository/org/apache/maven/maven-repository-metadata/3.9.9/maven-repository-metadata-3.9.9.jar:/home/runner/.m2/repository/org/apache/maven/maven-settings/3.9.9/maven-settings-3.9.9.jar:/home/runner/.m2/repository/org/apache/maven/resolver/maven-resolver-api/1.9.22/maven-resolver-api-1.9.22.jar:/home/runner/.m2/repository/org/apache/maven/resolver/maven-resolver-impl/1.9.22/maven-resolver-impl-1.9.22.jar:/home/runner/.m2/repository/org/apache/maven/resolver/maven-resolver-named-locks/1.9.22/maven-resolver-named-locks-1.9.22.jar:/home/runner/.m2/repository/org/apache/maven/resolver/maven-resolver-spi/1.9.22/maven-resolver-spi-1.9.22.jar:/home/runner/.m2/repository/org/apache/maven/resolver/maven-resolver-util/1.9.22/maven-resolver-util-1.9.22.jar:/home/runner/.m2/repository/org/apache/maven/resolver/maven-resolver-transport-http/1.9.20/maven-resolver-transport-http-1.9.20.jar:/home/runner/.m2/repository/org/apache/maven/wagon/wagon-provider-api/3.5.3/wagon-provider-api-3.5.3.jar:/home/runner/.m2/repository/org/apache/maven/wagon/wagon-http-shared/3.5.3/wagon-http-shared-3.5.3.jar:/home/runner/.m2/repository/org/codehaus/plexus/plexus-interpolation/1.26/plexus-interpolation-1.26.jar:/home/runner/.m2/repository/org/codehaus/plexus/plexus-utils/3.5.1/plexus-utils-3.5.1.jar:/home/runner/.m2/repository/org/codehaus/plexus/plexus-xml/4.0.1/plexus-xml-4.0.1.jar:/home/runner/.m2/repository/org/apache/maven/maven-xml-impl/4.0.0-alpha-5/maven-xml-impl-4.0.0-alpha-5.jar:/home/runner/.m2/repository/org/apache/maven/maven-api-xml/4.0.0-alpha-5/maven-api-xml-4.0.0-alpha-5.jar:/home/runner/.m2/repository/org/apache/maven/maven-api-meta/4.0.0-alpha-5/maven-api-meta-4.0.0-alpha-5.jar:/home/runner/.m2/repository/org/codehaus/plexus/plexus-cipher/2.0/plexus-cipher-2.0.jar:/home/runner/.m2/repository/org/codehaus/plexus/plexus-sec-dispatcher/2.0/plexus-sec-dispatcher-2.0.jar:/home/runner/.m2/repository/org/apache/maven/maven-embedder/3.9.9/maven-embedder-3.9.9.jar:/home/runner/.m2/repository/org/apache/maven/maven-core/3.9.9/maven-core-3.9.9.jar:/home/runner/.m2/repository/org/codehaus/plexus/plexus-component-annotations/2.1.0/plexus-component-annotations-2.1.0.jar:/home/runner/.m2/repository/org/apache/maven/maven-plugin-api/3.9.9/maven-plugin-api-3.9.9.jar:/home/runner/.m2/repository/org/apache/maven/shared/maven-shared-utils/3.4.2/maven-shared-utils-3.4.2.jar:/home/runner/.m2/repository/com/google/inject/guice/5.1.0/guice-5.1.0.jar:/home/runner/.m2/repository/aopalliance/aopalliance/1.0/aopalliance-1.0.jar:/home/runner/.m2/repository/org/codehaus/plexus/plexus-classworlds/2.6.0/plexus-classworlds-2.6.0.jar:/home/runner/.m2/repository/commons-cli/commons-cli/1.8.0/commons-cli-1.8.0.jar:/home/runner/.m2/repository/org/eclipse/sisu/org.eclipse.sisu.plexus/0.9.0.M3/org.eclipse.sisu.plexus-0.9.0.M3.jar:/home/runner/.m2/repository/org/apache/maven/maven-settings-builder/3.9.9/maven-settings-builder-3.9.9.jar:/home/runner/.m2/repository/org/apache/maven/maven-resolver-provider/3.9.9/maven-resolver-provider-3.9.9.jar:/home/runner/.m2/repository/org/apache/maven/resolver/maven-resolver-connector-basic/1.9.22/maven-resolver-connector-basic-1.9.22.jar:/home/runner/.m2/repository/org/apache/maven/resolver/maven-resolver-transport-wagon/1.9.22/maven-resolver-transport-wagon-1.9.22.jar:/home/runner/.m2/repository/org/apache/maven/wagon/wagon-http/3.5.3/wagon-http-3.5.3.jar:/home/runner/.m2/repository/org/apache/maven/wagon/wagon-file/3.5.3/wagon-file-3.5.3.jar:/home/runner/.m2/repository/io/quarkus/quarkus-bootstrap-gradle-resolver/3.20.2/quarkus-bootstrap-gradle-resolver-3.20.2.jar:/home/runner/.m2/repository/io/smallrye/jandex/3.3.0/jandex-3.3.0.jar:/home/runner/.m2/repository/org/jboss/logging/commons-logging-jboss-logging/1.0.0.Final/commons-logging-jboss-logging-1.0.0.Final.jar:/home/runner/.m2/repository/io/quarkus/quarkus-junit5-config/3.20.2/quarkus-junit5-config-3.20.2.jar:/home/runner/.m2/repository/org/junit/jupiter/junit-jupiter-api/5.12.1/junit-jupiter-api-5.12.1.jar:/home/runner/.m2/repository/io/smallrye/config/smallrye-config/3.11.4/smallrye-config-3.11.4.jar:/home/runner/.m2/repository/io/smallrye/config/smallrye-config-core/3.11.4/smallrye-config-core-3.11.4.jar:/home/runner/.m2/repository/io/smallrye/common/smallrye-common-classloader/2.12.0/smallrye-common-classloader-2.12.0.jar:/home/runner/.m2/repository/io/smallrye/config/smallrye-config-common/3.11.4/smallrye-config-common-3.11.4.jar:/home/runner/.m2/repository/org/junit/jupiter/junit-jupiter/5.12.1/junit-jupiter-5.12.1.jar:/home/runner/.m2/repository/org/junit/jupiter/junit-jupiter-params/5.12.1/junit-jupiter-params-5.12.1.jar:/home/runner/.m2/repository/org/junit/jupiter/junit-jupiter-engine/5.12.1/junit-jupiter-engine-5.12.1.jar:/home/runner/.m2/repository/io/quarkus/quarkus-core/3.20.2/quarkus-core-3.20.2.jar:/home/runner/.m2/repository/jakarta/enterprise/jakarta.enterprise.cdi-api/4.1.0/jakarta.enterprise.cdi-api-4.1.0.jar:/home/runner/.m2/repository/jakarta/enterprise/jakarta.enterprise.lang-model/4.1.0/jakarta.enterprise.lang-model-4.1.0.jar:/home/runner/.m2/repository/jakarta/el/jakarta.el-api/5.0.1/jakarta.el-api-5.0.1.jar:/home/runner/.m2/repository/jakarta/interceptor/jakarta.interceptor-api/2.2.0/jakarta.interceptor-api-2.2.0.jar:/home/runner/.m2/repository/jakarta/inject/jakarta.inject-api/2.0.1/jakarta.inject-api-2.0.1.jar:/home/runner/.m2/repository/io/smallrye/common/smallrye-common-os/2.12.0/smallrye-common-os-2.12.0.jar:/home/runner/.m2/repository/io/quarkus/quarkus-ide-launcher/3.20.2/quarkus-ide-launcher-3.20.2.jar:/home/runner/.m2/repository/io/quarkus/quarkus-development-mode-spi/3.20.2/quarkus-development-mode-spi-3.20.2.jar:/home/runner/.m2/repository/org/jboss/logging/jboss-logging/3.6.1.Final/jboss-logging-3.6.1.Final.jar:/home/runner/.m2/repository/org/jboss/logmanager/jboss-logmanager/3.1.2.Final/jboss-logmanager-3.1.2.Final.jar:/home/runner/.m2/repository/io/smallrye/common/smallrye-common-constraint/2.12.0/smallrye-common-constraint-2.12.0.jar:/home/runner/.m2/repository/io/smallrye/common/smallrye-common-cpu/2.12.0/smallrye-common-cpu-2.12.0.jar:/home/runner/.m2/repository/io/smallrye/common/smallrye-common-expression/2.12.0/smallrye-common-expression-2.12.0.jar:/home/runner/.m2/repository/io/smallrye/common/smallrye-common-net/2.12.0/smallrye-common-net-2.12.0.jar:/home/runner/.m2/repository/io/smallrye/common/smallrye-common-ref/2.12.0/smallrye-common-ref-2.12.0.jar:/home/runner/.m2/repository/jakarta/json/jakarta.json-api/2.1.3/jakarta.json-api-2.1.3.jar:/home/runner/.m2/repository/org/eclipse/parsson/parsson/1.1.7/parsson-1.1.7.jar:/home/runner/.m2/repository/org/jboss/logging/jboss-logging-annotations/3.0.4.Final/jboss-logging-annotations-3.0.4.Final.jar:/home/runner/.m2/repository/org/jboss/threads/jboss-threads/3.8.0.Final/jboss-threads-3.8.0.Final.jar:/home/runner/.m2/repository/io/smallrye/common/smallrye-common-annotation/2.12.0/smallrye-common-annotation-2.12.0.jar:/home/runner/.m2/repository/io/smallrye/common/smallrye-common-function/2.12.0/smallrye-common-function-2.12.0.jar:/home/runner/.m2/repository/org/jboss/slf4j/slf4j-jboss-logmanager/2.0.0.Final/slf4j-jboss-logmanager-2.0.0.Final.jar:/home/runner/.m2/repository/org/wildfly/common/wildfly-common/2.0.1/wildfly-common-2.0.1.jar:/home/runner/.m2/repository/io/quarkus/quarkus-bootstrap-runner/3.20.2/quarkus-bootstrap-runner-3.20.2.jar:/home/runner/.m2/repository/io/github/crac/org-crac/0.1.3/org-crac-0.1.3.jar:/home/runner/.m2/repository/io/quarkus/quarkus-fs-util/0.0.10/quarkus-fs-util-0.0.10.jar:/home/runner/.m2/repository/org/jboss/marshalling/jboss-marshalling/2.2.2.Final/jboss-marshalling-2.2.2.Final.jar:/home/runner/.m2/repository/io/fabric8/kubernetes-client/7.1.0/kubernetes-client-7.1.0.jar:/home/runner/.m2/repository/io/fabric8/kubernetes-client-api/7.1.0/kubernetes-client-api-7.1.0.jar:/home/runner/.m2/repository/io/fabric8/kubernetes-model-core/7.1.0/kubernetes-model-core-7.1.0.jar:/home/runner/.m2/repository/io/fabric8/kubernetes-model-common/7.1.0/kubernetes-model-common-7.1.0.jar:/home/runner/.m2/repository/javax/annotation/javax.annotation-api/1.3.2/javax.annotation-api-1.3.2.jar:/home/runner/.m2/repository/io/fabric8/kubernetes-model-gatewayapi/7.1.0/kubernetes-model-gatewayapi-7.1.0.jar:/home/runner/.m2/repository/io/fabric8/kubernetes-model-resource/7.1.0/kubernetes-model-resource-7.1.0.jar:/home/runner/.m2/repository/io/fabric8/kubernetes-model-rbac/7.1.0/kubernetes-model-rbac-7.1.0.jar:/home/runner/.m2/repository/io/fabric8/kubernetes-model-admissionregistration/7.1.0/kubernetes-model-admissionregistration-7.1.0.jar:/home/runner/.m2/repository/io/fabric8/kubernetes-model-apps/7.1.0/kubernetes-model-apps-7.1.0.jar:/home/runner/.m2/repository/io/fabric8/kubernetes-model-autoscaling/7.1.0/kubernetes-model-autoscaling-7.1.0.jar:/home/runner/.m2/repository/io/fabric8/kubernetes-model-apiextensions/7.1.0/kubernetes-model-apiextensions-7.1.0.jar:/home/runner/.m2/repository/io/fabric8/kubernetes-model-batch/7.1.0/kubernetes-model-batch-7.1.0.jar:/home/runner/.m2/repository/io/fabric8/kubernetes-model-certificates/7.1.0/kubernetes-model-certificates-7.1.0.jar:/home/runner/.m2/repository/io/fabric8/kubernetes-model-coordination/7.1.0/kubernetes-model-coordination-7.1.0.jar:/home/runner/.m2/repository/io/fabric8/kubernetes-model-discovery/7.1.0/kubernetes-model-discovery-7.1.0.jar:/home/runner/.m2/repository/io/fabric8/kubernetes-model-events/7.1.0/kubernetes-model-events-7.1.0.jar:/home/runner/.m2/repository/io/fabric8/kubernetes-model-extensions/7.1.0/kubernetes-model-extensions-7.1.0.jar:/home/runner/.m2/repository/io/fabric8/kubernetes-model-flowcontrol/7.1.0/kubernetes-model-flowcontrol-7.1.0.jar:/home/runner/.m2/repository/io/fabric8/kubernetes-model-networking/7.1.0/kubernetes-model-networking-7.1.0.jar:/home/runner/.m2/repository/io/fabric8/kubernetes-model-metrics/7.1.0/kubernetes-model-metrics-7.1.0.jar:/home/runner/.m2/repository/io/fabric8/kubernetes-model-policy/7.1.0/kubernetes-model-policy-7.1.0.jar:/home/runner/.m2/repository/io/fabric8/kubernetes-model-scheduling/7.1.0/kubernetes-model-scheduling-7.1.0.jar:/home/runner/.m2/repository/io/fabric8/kubernetes-model-storageclass/7.1.0/kubernetes-model-storageclass-7.1.0.jar:/home/runner/.m2/repository/io/fabric8/kubernetes-model-node/7.1.0/kubernetes-model-node-7.1.0.jar:/home/runner/.m2/repository/org/snakeyaml/snakeyaml-engine/2.9/snakeyaml-engine-2.9.jar:/home/runner/.m2/repository/com/fasterxml/jackson/dataformat/jackson-dataformat-yaml/2.18.2/jackson-dataformat-yaml-2.18.2.jar:/home/runner/.m2/repository/com/fasterxml/jackson/datatype/jackson-datatype-jsr310/2.18.2/jackson-datatype-jsr310-2.18.2.jar:/home/runner/.m2/repository/io/fabric8/zjsonpatch/7.1.0/zjsonpatch-7.1.0.jar:/home/runner/.m2/repository/io/fabric8/kubernetes-httpclient-vertx/7.1.0/kubernetes-httpclient-vertx-7.1.0.jar:/home/runner/.m2/repository/io/vertx/vertx-web-client/4.5.16/vertx-web-client-4.5.16.jar:/home/runner/.m2/repository/io/vertx/vertx-web-common/4.5.16/vertx-web-common-4.5.16.jar:/home/runner/.m2/repository/io/vertx/vertx-auth-common/4.5.16/vertx-auth-common-4.5.16.jar:/home/runner/.m2/repository/io/vertx/vertx-uri-template/4.5.16/vertx-uri-template-4.5.16.jar:/home/runner/.m2/repository/io/fabric8/openshift-client/7.1.0/openshift-client-7.1.0.jar:/home/runner/.m2/repository/io/fabric8/openshift-client-api/7.1.0/openshift-client-api-7.1.0.jar:/home/runner/.m2/repository/io/fabric8/openshift-model/7.1.0/openshift-model-7.1.0.jar:/home/runner/.m2/repository/io/fabric8/openshift-model-autoscaling/7.1.0/openshift-model-autoscaling-7.1.0.jar:/home/runner/.m2/repository/io/fabric8/openshift-model-operator/7.1.0/openshift-model-operator-7.1.0.jar:/home/runner/.m2/repository/io/fabric8/openshift-model-operatorhub/7.1.0/openshift-model-operatorhub-7.1.0.jar:/home/runner/.m2/repository/io/fabric8/openshift-model-machine/7.1.0/openshift-model-machine-7.1.0.jar:/home/runner/.m2/repository/io/fabric8/openshift-model-whereabouts/7.1.0/openshift-model-whereabouts-7.1.0.jar:/home/runner/.m2/repository/io/fabric8/openshift-model-monitoring/7.1.0/openshift-model-monitoring-7.1.0.jar:/home/runner/.m2/repository/io/fabric8/openshift-model-storageversionmigrator/7.1.0/openshift-model-storageversionmigrator-7.1.0.jar:/home/runner/.m2/repository/io/fabric8/openshift-model-tuned/7.1.0/openshift-model-tuned-7.1.0.jar:/home/runner/.m2/repository/io/fabric8/openshift-model-console/7.1.0/openshift-model-console-7.1.0.jar:/home/runner/.m2/repository/io/fabric8/openshift-model-config/7.1.0/openshift-model-config-7.1.0.jar:/home/runner/.m2/repository/io/fabric8/openshift-model-machineconfiguration/7.1.0/openshift-model-machineconfiguration-7.1.0.jar:/home/runner/.m2/repository/io/fabric8/openshift-model-miscellaneous/7.1.0/openshift-model-miscellaneous-7.1.0.jar:/home/runner/.m2/repository/io/fabric8/openshift-model-hive/7.1.0/openshift-model-hive-7.1.0.jar:/home/runner/.m2/repository/io/fabric8/openshift-model-installer/7.1.0/openshift-model-installer-7.1.0.jar:/home/runner/.m2/repository/org/junit/platform/junit-platform-launcher/1.12.1/junit-platform-launcher-1.12.1.jar:/home/runner/.m2/repository/org/junit/platform/junit-platform-engine/1.12.1/junit-platform-engine-1.12.1.jar:/home/runner/.m2/repository/org/opentest4j/opentest4j/1.3.0/opentest4j-1.3.0.jar:/home/runner/.m2/repository/org/junit/platform/junit-platform-commons/1.12.1/junit-platform-commons-1.12.1.jar:/home/runner/.m2/repository/org/apiguardian/apiguardian-api/1.1.2/apiguardian-api-1.1.2.jar:/home/runner/.m2/repository/jakarta/ws/rs/jakarta.ws.rs-api/3.1.0/jakarta.ws.rs-api-3.1.0.jar:/home/runner/work/apicurio-testing/apicurio-testing/clusters/ci419/namespaces/ksql047/tests/integration/apicurio-registry/java-sdk/target/apicurio-registry-java-sdk-3.0.12-SNAPSHOT.jar:/home/runner/.m2/repository/com/microsoft/kiota/microsoft-kiota-abstractions/1.8.8/microsoft-kiota-abstractions-1.8.8.jar:/home/runner/.m2/repository/io/github/std-uritemplate/std-uritemplate/2.0.0/std-uritemplate-2.0.0.jar:/home/runner/.m2/repository/io/kiota/kiota-http-jdk/0.0.29/kiota-http-jdk-0.0.29.jar:/home/runner/.m2/repository/io/kiota/kiota-http-vertx/0.0.29/kiota-http-vertx-0.0.29.jar:/home/runner/.m2/repository/io/kiota/kiota-serialization-jackson/0.0.29/kiota-serialization-jackson-0.0.29.jar:/home/runner/.m2/repository/com/microsoft/kiota/microsoft-kiota-serialization-text/1.8.8/microsoft-kiota-serialization-text-1.8.8.jar:/home/runner/.m2/repository/com/microsoft/kiota/microsoft-kiota-serialization-form/1.8.8/microsoft-kiota-serialization-form-1.8.8.jar:/home/runner/.m2/repository/com/microsoft/kiota/microsoft-kiota-serialization-multipart/1.8.8/microsoft-kiota-serialization-multipart-1.8.8.jar:/home/runner/.m2/repository/jakarta/annotation/jakarta.annotation-api/3.0.0/jakarta.annotation-api-3.0.0.jar:/home/runner/.m2/repository/io/vertx/vertx-auth-oauth2/4.5.16/vertx-auth-oauth2-4.5.16.jar:/home/runner/work/apicurio-testing/apicurio-testing/clusters/ci419/namespaces/ksql047/tests/integration/apicurio-registry/java-sdk-v2/target/apicurio-registry-v2-java-sdk-3.0.12-SNAPSHOT.jar:/home/runner/work/apicurio-testing/apicurio-testing/clusters/ci419/namespaces/ksql047/tests/integration/apicurio-registry/utils/kafka/target/apicurio-registry-utils-kafka-3.0.12-SNAPSHOT-tests.jar:/home/runner/.m2/repository/org/eclipse/microprofile/config/microprofile-config-api/3.1/microprofile-config-api-3.1.jar:/home/runner/.m2/repository/org/apache/kafka/kafka-clients/3.9.1/kafka-clients-3.9.1.jar:/home/runner/.m2/repository/com/github/luben/zstd-jni/1.5.6-4/zstd-jni-1.5.6-4.jar:/home/runner/.m2/repository/org/lz4/lz4-java/1.8.0/lz4-java-1.8.0.jar:/home/runner/.m2/repository/org/xerial/snappy/snappy-java/1.1.10.5/snappy-java-1.1.10.5.jar:/home/runner/.m2/repository/org/slf4j/slf4j-api/2.0.6/slf4j-api-2.0.6.jar:/home/runner/work/apicurio-testing/apicurio-testing/clusters/ci419/namespaces/ksql047/tests/integration/apicurio-registry/utils/tests/target/apicurio-registry-utils-tests-3.0.12-SNAPSHOT.jar:/home/runner/work/apicurio-testing/apicurio-testing/clusters/ci419/namespaces/ksql047/tests/integration/apicurio-registry/common/target/apicurio-registry-common-3.0.12-SNAPSHOT.jar:/home/runner/.m2/repository/jakarta/validation/jakarta.validation-api/3.0.2/jakarta.validation-api-3.0.2.jar:/home/runner/.m2/repository/com/github/dasniko/testcontainers-keycloak/3.8.0/testcontainers-keycloak-3.8.0.jar:/home/runner/.m2/repository/org/testcontainers/testcontainers/1.20.6/testcontainers-1.20.6.jar:/home/runner/.m2/repository/org/rnorth/duct-tape/duct-tape/1.0.8/duct-tape-1.0.8.jar:/home/runner/.m2/repository/com/github/docker-java/docker-java-transport-zerodep/3.4.1/docker-java-transport-zerodep-3.4.1.jar:/home/runner/.m2/repository/com/github/docker-java/docker-java-transport/3.4.1/docker-java-transport-3.4.1.jar:/home/runner/.m2/repository/net/java/dev/jna/jna/5.8.0/jna-5.8.0.jar:/home/runner/.m2/repository/io/quarkus/quarkus-junit4-mock/3.20.2/quarkus-junit4-mock-3.20.2.jar:/home/runner/.m2/repository/org/jboss/shrinkwrap/shrinkwrap-api/2.0.0-beta-2/shrinkwrap-api-2.0.0-beta-2.jar:/home/runner/.m2/repository/org/jboss/shrinkwrap/shrinkwrap-impl-base/2.0.0-beta-2/shrinkwrap-impl-base-2.0.0-beta-2.jar:/home/runner/.m2/repository/org/jboss/shrinkwrap/shrinkwrap-spi/2.0.0-beta-2/shrinkwrap-spi-2.0.0-beta-2.jar:/home/runner/.m2/repository/org/keycloak/keycloak-admin-client/26.0.4/keycloak-admin-client-26.0.4.jar:/home/runner/.m2/repository/org/keycloak/keycloak-client-common-synced/26.0.4/keycloak-client-common-synced-26.0.4.jar:/home/runner/.m2/repository/jakarta/activation/jakarta.activation-api/2.1.3/jakarta.activation-api-2.1.3.jar:/home/runner/.m2/repository/org/eclipse/microprofile/openapi/microprofile-openapi-api/4.0.2/microprofile-openapi-api-4.0.2.jar:/home/runner/.m2/repository/org/jboss/resteasy/resteasy-client/6.2.12.Final/resteasy-client-6.2.12.Final.jar:/home/runner/.m2/repository/org/jboss/resteasy/resteasy-client-api/6.2.12.Final/resteasy-client-api-6.2.12.Final.jar:/home/runner/.m2/repository/org/jboss/resteasy/resteasy-core-spi/6.2.12.Final/resteasy-core-spi-6.2.12.Final.jar:/home/runner/.m2/repository/org/jboss/resteasy/resteasy-core/6.2.12.Final/resteasy-core-6.2.12.Final.jar:/home/runner/.m2/repository/org/eclipse/angus/angus-activation/2.0.2/angus-activation-2.0.2.jar:/home/runner/.m2/repository/com/ibm/async/asyncutil/0.1.0/asyncutil-0.1.0.jar:/home/runner/.m2/repository/org/reactivestreams/reactive-streams/1.0.4/reactive-streams-1.0.4.jar:/home/runner/.m2/repository/org/jboss/resteasy/resteasy-multipart-provider/6.2.12.Final/resteasy-multipart-provider-6.2.12.Final.jar:/home/runner/.m2/repository/jakarta/mail/jakarta.mail-api/2.1.3/jakarta.mail-api-2.1.3.jar:/home/runner/.m2/repository/org/eclipse/angus/angus-mail/2.0.3/angus-mail-2.0.3.jar:/home/runner/.m2/repository/org/apache/james/apache-mime4j-dom/0.8.12/apache-mime4j-dom-0.8.12.jar:/home/runner/.m2/repository/org/apache/james/apache-mime4j-core/0.8.12/apache-mime4j-core-0.8.12.jar:/home/runner/.m2/repository/org/apache/james/apache-mime4j-storage/0.8.12/apache-mime4j-storage-0.8.12.jar:/home/runner/.m2/repository/org/jboss/resteasy/resteasy-jackson2-provider/6.2.12.Final/resteasy-jackson2-provider-6.2.12.Final.jar:/home/runner/.m2/repository/com/fasterxml/jackson/jakarta/rs/jackson-jakarta-rs-base/2.18.2/jackson-jakarta-rs-base-2.18.2.jar:/home/runner/.m2/repository/com/fasterxml/jackson/jakarta/rs/jackson-jakarta-rs-json-provider/2.18.2/jackson-jakarta-rs-json-provider-2.18.2.jar:/home/runner/.m2/repository/com/fasterxml/jackson/module/jackson-module-jakarta-xmlbind-annotations/2.18.2/jackson-module-jakarta-xmlbind-annotations-2.18.2.jar:/home/runner/.m2/repository/com/github/java-json-tools/json-patch/1.13/json-patch-1.13.jar:/home/runner/.m2/repository/com/github/java-json-tools/msg-simple/1.2/msg-simple-1.2.jar:/home/runner/.m2/repository/com/github/java-json-tools/btf/1.3/btf-1.3.jar:/home/runner/.m2/repository/com/github/java-json-tools/jackson-coreutils/2.0/jackson-coreutils-2.0.jar:/home/runner/.m2/repository/org/jboss/resteasy/resteasy-jaxb-provider/6.2.12.Final/resteasy-jaxb-provider-6.2.12.Final.jar:/home/runner/.m2/repository/org/glassfish/jaxb/codemodel/4.0.5/codemodel-4.0.5.jar:/home/runner/.m2/repository/org/glassfish/jaxb/jaxb-core/4.0.5/jaxb-core-4.0.5.jar:/home/runner/.m2/repository/org/glassfish/jaxb/jaxb-jxc/4.0.5/jaxb-jxc-4.0.5.jar:/home/runner/.m2/repository/org/glassfish/jaxb/jaxb-runtime/4.0.5/jaxb-runtime-4.0.5.jar:/home/runner/.m2/repository/org/glassfish/jaxb/txw2/4.0.5/txw2-4.0.5.jar:/home/runner/.m2/repository/org/glassfish/jaxb/jaxb-xjc/4.0.5/jaxb-xjc-4.0.5.jar:/home/runner/.m2/repository/org/glassfish/jaxb/xsom/4.0.5/xsom-4.0.5.jar:/home/runner/.m2/repository/com/sun/istack/istack-commons-runtime/4.1.2/istack-commons-runtime-4.1.2.jar:/home/runner/.m2/repository/com/sun/istack/istack-commons-tools/4.1.2/istack-commons-tools-4.1.2.jar:/home/runner/.m2/repository/com/sun/xml/bind/external/relaxng-datatype/4.0.5/relaxng-datatype-4.0.5.jar:/home/runner/.m2/repository/com/sun/xml/bind/external/rngom/4.0.5/rngom-4.0.5.jar:/home/runner/.m2/repository/org/testcontainers/mssqlserver/1.20.6/mssqlserver-1.20.6.jar:/home/runner/.m2/repository/org/testcontainers/jdbc/1.20.6/jdbc-1.20.6.jar:/home/runner/.m2/repository/org/testcontainers/database-commons/1.20.6/database-commons-1.20.6.jar:/home/runner/.m2/repository/org/testcontainers/mysql/1.20.6/mysql-1.20.6.jar:/home/runner/.m2/repository/io/strimzi/strimzi-test-container/0.111.0/strimzi-test-container-0.111.0.jar:/home/runner/.m2/repository/org/testcontainers/toxiproxy/1.20.6/toxiproxy-1.20.6.jar:/home/runner/.m2/repository/com/github/docker-java/docker-java-api/3.4.1/docker-java-api-3.4.1.jar:/home/runner/.m2/repository/org/apache/logging/log4j/log4j-slf4j-impl/2.19.0/log4j-slf4j-impl-2.19.0.jar:/home/runner/.m2/repository/org/apache/logging/log4j/log4j-api/2.24.3/log4j-api-2.24.3.jar:/home/runner/.m2/repository/org/apache/logging/log4j/log4j-core/2.19.0/log4j-core-2.19.0.jar:/home/runner/.m2/repository/eu/rekawek/toxiproxy/toxiproxy-java/2.1.7/toxiproxy-java-2.1.7.jar:/home/runner/.m2/repository/org/testcontainers/pulsar/1.21.3/pulsar-1.21.3.jar:/home/runner/.m2/repository/io/debezium/debezium-testing-testcontainers/2.7.4.Final/debezium-testing-testcontainers-2.7.4.Final.jar:/home/runner/.m2/repository/org/testcontainers/kafka/1.20.6/kafka-1.20.6.jar:/home/runner/.m2/repository/com/squareup/okhttp3/okhttp/4.8.1/okhttp-4.8.1.jar:/home/runner/.m2/repository/com/squareup/okio/okio/3.10.2/okio-3.10.2.jar:/home/runner/.m2/repository/com/squareup/okio/okio-jvm/3.10.2/okio-jvm-3.10.2.jar:/home/runner/.m2/repository/org/jetbrains/kotlin/kotlin-stdlib/2.0.21/kotlin-stdlib-2.0.21.jar:/home/runner/.m2/repository/org/awaitility/awaitility/4.3.0/awaitility-4.3.0.jar:/home/runner/.m2/repository/org/testcontainers/mongodb/1.20.6/mongodb-1.20.6.jar:/home/runner/.m2/repository/org/testcontainers/mariadb/1.20.6/mariadb-1.20.6.jar:/home/runner/.m2/repository/org/testcontainers/oracle-xe/1.20.6/oracle-xe-1.20.6.jar:/home/runner/.m2/repository/org/testcontainers/postgresql/1.20.6/postgresql-1.20.6.jar:/home/runner/.m2/repository/org/wiremock/wiremock/3.0.1/wiremock-3.0.1.jar:/home/runner/.m2/repository/org/eclipse/jetty/jetty-server/11.0.15/jetty-server-11.0.15.jar:/home/runner/.m2/repository/org/eclipse/jetty/toolchain/jetty-jakarta-servlet-api/5.0.2/jetty-jakarta-servlet-api-5.0.2.jar:/home/runner/.m2/repository/org/eclipse/jetty/jetty-http/11.0.15/jetty-http-11.0.15.jar:/home/runner/.m2/repository/org/eclipse/jetty/jetty-io/11.0.15/jetty-io-11.0.15.jar:/home/runner/.m2/repository/org/eclipse/jetty/jetty-servlet/11.0.15/jetty-servlet-11.0.15.jar:/home/runner/.m2/repository/org/eclipse/jetty/jetty-security/11.0.15/jetty-security-11.0.15.jar:/home/runner/.m2/repository/org/eclipse/jetty/jetty-servlets/11.0.15/jetty-servlets-11.0.15.jar:/home/runner/.m2/repository/org/eclipse/jetty/jetty-util/11.0.15/jetty-util-11.0.15.jar:/home/runner/.m2/repository/org/eclipse/jetty/jetty-webapp/11.0.15/jetty-webapp-11.0.15.jar:/home/runner/.m2/repository/org/eclipse/jetty/jetty-xml/11.0.15/jetty-xml-11.0.15.jar:/home/runner/.m2/repository/org/eclipse/jetty/jetty-proxy/11.0.15/jetty-proxy-11.0.15.jar:/home/runner/.m2/repository/org/eclipse/jetty/jetty-client/11.0.15/jetty-client-11.0.15.jar:/home/runner/.m2/repository/org/eclipse/jetty/http2/http2-server/11.0.15/http2-server-11.0.15.jar:/home/runner/.m2/repository/org/eclipse/jetty/http2/http2-common/11.0.15/http2-common-11.0.15.jar:/home/runner/.m2/repository/org/eclipse/jetty/http2/http2-hpack/11.0.15/http2-hpack-11.0.15.jar:/home/runner/.m2/repository/org/eclipse/jetty/jetty-alpn-server/11.0.15/jetty-alpn-server-11.0.15.jar:/home/runner/.m2/repository/org/eclipse/jetty/jetty-alpn-java-server/11.0.15/jetty-alpn-java-server-11.0.15.jar:/home/runner/.m2/repository/org/eclipse/jetty/jetty-alpn-java-client/11.0.15/jetty-alpn-java-client-11.0.15.jar:/home/runner/.m2/repository/org/eclipse/jetty/jetty-alpn-client/11.0.15/jetty-alpn-client-11.0.15.jar:/home/runner/.m2/repository/org/apache/httpcomponents/client5/httpclient5/5.2.1/httpclient5-5.2.1.jar:/home/runner/.m2/repository/org/apache/httpcomponents/core5/httpcore5/5.2/httpcore5-5.2.jar:/home/runner/.m2/repository/org/apache/httpcomponents/core5/httpcore5-h2/5.2/httpcore5-h2-5.2.jar:/home/runner/.m2/repository/org/xmlunit/xmlunit-core/2.9.1/xmlunit-core-2.9.1.jar:/home/runner/.m2/repository/jakarta/xml/bind/jakarta.xml.bind-api/4.0.2/jakarta.xml.bind-api-4.0.2.jar:/home/runner/.m2/repository/org/xmlunit/xmlunit-legacy/2.9.1/xmlunit-legacy-2.9.1.jar:/home/runner/.m2/repository/org/xmlunit/xmlunit-placeholders/2.9.1/xmlunit-placeholders-2.9.1.jar:/home/runner/.m2/repository/net/javacrumbs/json-unit/json-unit-core/2.38.0/json-unit-core-2.38.0.jar:/home/runner/.m2/repository/org/hamcrest/hamcrest-core/2.2/hamcrest-core-2.2.jar:/home/runner/.m2/repository/com/jayway/jsonpath/json-path/2.8.0/json-path-2.8.0.jar:/home/runner/.m2/repository/net/minidev/json-smart/2.4.10/json-smart-2.4.10.jar:/home/runner/.m2/repository/net/minidev/accessors-smart/2.4.9/accessors-smart-2.4.9.jar:/home/runner/.m2/repository/org/ow2/asm/asm/9.7.1/asm-9.7.1.jar:/home/runner/.m2/repository/net/sf/jopt-simple/jopt-simple/5.0.4/jopt-simple-5.0.4.jar:/home/runner/.m2/repository/com/github/jknack/handlebars/4.3.1/handlebars-4.3.1.jar:/home/runner/.m2/repository/com/github/jknack/handlebars-helpers/4.3.1/handlebars-helpers-4.3.1.jar:/home/runner/.m2/repository/commons-fileupload/commons-fileupload/1.5/commons-fileupload-1.5.jar:/home/runner/.m2/repository/com/networknt/json-schema-validator/1.5.8/json-schema-validator-1.5.8.jar:/home/runner/.m2/repository/com/ethlo/time/itu/1.10.3/itu-1.10.3.jar:/home/runner/.m2/repository/io/quarkus/quarkus-smallrye-jwt-build/3.20.2/quarkus-smallrye-jwt-build-3.20.2.jar:/home/runner/.m2/repository/io/smallrye/smallrye-jwt-build/4.6.2/smallrye-jwt-build-4.6.2.jar:/home/runner/.m2/repository/org/eclipse/microprofile/jwt/microprofile-jwt-auth-api/2.1/microprofile-jwt-auth-api-2.1.jar:/home/runner/.m2/repository/org/bitbucket/b_c/jose4j/0.9.6/jose4j-0.9.6.jar:/home/runner/.m2/repository/io/smallrye/smallrye-jwt-common/4.6.2/smallrye-jwt-common-4.6.2.jar:/home/runner/.m2/repository/io/quarkus/quarkus-jsonp/3.20.2/quarkus-jsonp-3.20.2.jar:/home/runner/.m2/repository/io/quarkus/quarkus-arc/3.20.2/quarkus-arc-3.20.2.jar:/home/runner/.m2/repository/io/quarkus/arc/arc/3.20.2/arc-3.20.2.jar:/home/runner/.m2/repository/jakarta/transaction/jakarta.transaction-api/2.0.1/jakarta.transaction-api-2.0.1.jar:/home/runner/.m2/repository/io/smallrye/reactive/mutiny/2.9.2/mutiny-2.9.2.jar:/home/runner/.m2/repository/org/jctools/jctools-core/4.0.5/jctools-core-4.0.5.jar:/home/runner/.m2/repository/org/eclipse/microprofile/context-propagation/microprofile-context-propagation-api/1.3/microprofile-context-propagation-api-1.3.jar:/home/runner/.m2/repository/io/apicurio/apicurio-common-rest-client-common/0.1.18.Final/apicurio-common-rest-client-common-0.1.18.Final.jar:/home/runner/work/apicurio-testing/apicurio-testing/clusters/ci419/namespaces/ksql047/tests/integration/apicurio-registry/utils/maven-plugin/target/apicurio-registry-maven-plugin-3.0.12-SNAPSHOT.jar:/home/runner/.m2/repository/com/fasterxml/jackson/core/jackson-databind/2.18.2/jackson-databind-2.18.2.jar:/home/runner/.m2/repository/org/apache/avro/avro/1.12.0/avro-1.12.0.jar:/home/runner/.m2/repository/com/google/protobuf/protobuf-java/4.31.1/protobuf-java-4.31.1.jar:/home/runner/.m2/repository/com/google/protobuf/protobuf-java-util/4.31.1/protobuf-java-util-4.31.1.jar:/home/runner/.m2/repository/com/google/code/findbugs/jsr305/3.0.2/jsr305-3.0.2.jar:/home/runner/.m2/repository/com/google/code/gson/gson/2.12.1/gson-2.12.1.jar:/home/runner/.m2/repository/com/google/errorprone/error_prone_annotations/2.36.0/error_prone_annotations-2.36.0.jar:/home/runner/.m2/repository/com/google/j2objc/j2objc-annotations/2.8/j2objc-annotations-2.8.jar:/home/runner/work/apicurio-testing/apicurio-testing/clusters/ci419/namespaces/ksql047/tests/integration/apicurio-registry/schema-util/util-provider/target/apicurio-registry-schema-util-provider-3.0.12-SNAPSHOT.jar:/home/runner/work/apicurio-testing/apicurio-testing/clusters/ci419/namespaces/ksql047/tests/integration/apicurio-registry/schema-util/common/target/apicurio-registry-schema-util-common-3.0.12-SNAPSHOT.jar:/home/runner/.m2/repository/com/fasterxml/jackson/module/jackson-module-parameter-names/2.18.2/jackson-module-parameter-names-2.18.2.jar:/home/runner/.m2/repository/com/fasterxml/jackson/datatype/jackson-datatype-json-org/2.18.2/jackson-datatype-json-org-2.18.2.jar:/home/runner/work/apicurio-testing/apicurio-testing/clusters/ci419/namespaces/ksql047/tests/integration/apicurio-registry/schema-util/json/target/apicurio-registry-schema-util-json-3.0.12-SNAPSHOT.jar:/home/runner/.m2/repository/com/github/erosb/everit-json-schema/1.14.5/everit-json-schema-1.14.5.jar:/home/runner/.m2/repository/commons-validator/commons-validator/1.9.0/commons-validator-1.9.0.jar:/home/runner/.m2/repository/commons-digester/commons-digester/2.1/commons-digester-2.1.jar:/home/runner/.m2/repository/commons-collections/commons-collections/3.2.2/commons-collections-3.2.2.jar:/home/runner/.m2/repository/com/damnhandy/handy-uri-templates/2.1.8/handy-uri-templates-2.1.8.jar:/home/runner/.m2/repository/joda-time/joda-time/2.10.2/joda-time-2.10.2.jar:/home/runner/.m2/repository/com/github/erosb/json-sKema/0.20.0/json-sKema-0.20.0.jar:/home/runner/.m2/repository/io/vertx/vertx-json-schema/4.5.16/vertx-json-schema-4.5.16.jar:/home/runner/work/apicurio-testing/apicurio-testing/clusters/ci419/namespaces/ksql047/tests/integration/apicurio-registry/schema-util/protobuf/target/apicurio-registry-schema-util-protobuf-3.0.12-SNAPSHOT.jar:/home/runner/work/apicurio-testing/apicurio-testing/clusters/ci419/namespaces/ksql047/tests/integration/apicurio-registry/utils/protobuf-schema-utilities/target/apicurio-registry-protobuf-schema-utilities-3.0.12-SNAPSHOT.jar:/home/runner/.m2/repository/com/google/api/grpc/proto-google-common-protos/2.52.0/proto-google-common-protos-2.52.0.jar:/home/runner/.m2/repository/com/squareup/wire/wire-schema-jvm/5.3.3/wire-schema-jvm-5.3.3.jar:/home/runner/.m2/repository/com/palantir/javapoet/javapoet/0.6.0/javapoet-0.6.0.jar:/home/runner/.m2/repository/com/squareup/kotlinpoet-jvm/2.0.0/kotlinpoet-jvm-2.0.0.jar:/home/runner/.m2/repository/org/jetbrains/kotlin/kotlin-reflect/2.0.21/kotlin-reflect-2.0.21.jar:/home/runner/.m2/repository/com/squareup/wire/wire-runtime-jvm/5.3.3/wire-runtime-jvm-5.3.3.jar:/home/runner/.m2/repository/com/ibm/icu/icu4j/76.1/icu4j-76.1.jar:/home/runner/.m2/repository/com/squareup/okio/okio-fakefilesystem/3.10.2/okio-fakefilesystem-3.10.2.jar:/home/runner/.m2/repository/com/squareup/okio/okio-fakefilesystem-jvm/3.10.2/okio-fakefilesystem-jvm-3.10.2.jar:/home/runner/.m2/repository/org/jetbrains/kotlinx/kotlinx-datetime-jvm/0.6.1/kotlinx-datetime-jvm-0.6.1.jar:/home/runner/work/apicurio-testing/apicurio-testing/clusters/ci419/namespaces/ksql047/tests/integration/apicurio-registry/schema-util/asyncapi/target/apicurio-registry-schema-util-asyncapi-3.0.12-SNAPSHOT.jar:/home/runner/work/apicurio-testing/apicurio-testing/clusters/ci419/namespaces/ksql047/tests/integration/apicurio-registry/schema-util/avro/target/apicurio-registry-schema-util-avro-3.0.12-SNAPSHOT.jar:/home/runner/work/apicurio-testing/apicurio-testing/clusters/ci419/namespaces/ksql047/tests/integration/apicurio-registry/schema-util/graphql/target/apicurio-registry-schema-util-graphql-3.0.12-SNAPSHOT.jar:/home/runner/.m2/repository/com/graphql-java/graphql-java/22.4/graphql-java-22.4.jar:/home/runner/.m2/repository/com/graphql-java/java-dataloader/3.3.0/java-dataloader-3.3.0.jar:/home/runner/work/apicurio-testing/apicurio-testing/clusters/ci419/namespaces/ksql047/tests/integration/apicurio-registry/schema-util/kconnect/target/apicurio-registry-schema-util-kconnect-3.0.12-SNAPSHOT.jar:/home/runner/work/apicurio-testing/apicurio-testing/clusters/ci419/namespaces/ksql047/tests/integration/apicurio-registry/schema-util/openapi/target/apicurio-registry-schema-util-openapi-3.0.12-SNAPSHOT.jar:/home/runner/.m2/repository/io/apicurio/apicurio-data-models/2.2.2/apicurio-data-models-2.2.2.jar:/home/runner/.m2/repository/org/openapitools/openapidiff/openapi-diff-core/2.1.2/openapi-diff-core-2.1.2.jar:/home/runner/.m2/repository/io/swagger/parser/v3/swagger-parser/2.1.28/swagger-parser-2.1.28.jar:/home/runner/.m2/repository/io/swagger/parser/v3/swagger-parser-v2-converter/2.1.28/swagger-parser-v2-converter-2.1.28.jar:/home/runner/.m2/repository/io/swagger/swagger-core/1.6.16/swagger-core-1.6.16.jar:/home/runner/.m2/repository/io/swagger/swagger-models/1.6.16/swagger-models-1.6.16.jar:/home/runner/.m2/repository/io/swagger/swagger-annotations/1.6.16/swagger-annotations-1.6.16.jar:/home/runner/.m2/repository/io/swagger/swagger-parser/1.0.75/swagger-parser-1.0.75.jar:/home/runner/.m2/repository/io/swagger/swagger-parser-safe-url-resolver/1.0.75/swagger-parser-safe-url-resolver-1.0.75.jar:/home/runner/.m2/repository/io/swagger/swagger-compat-spec-parser/1.0.75/swagger-compat-spec-parser-1.0.75.jar:/home/runner/.m2/repository/com/github/java-json-tools/json-schema-validator/2.2.14/json-schema-validator-2.2.14.jar:/home/runner/.m2/repository/com/github/java-json-tools/jackson-coreutils-equivalence/1.0/jackson-coreutils-equivalence-1.0.jar:/home/runner/.m2/repository/com/github/java-json-tools/json-schema-core/1.2.14/json-schema-core-1.2.14.jar:/home/runner/.m2/repository/com/github/java-json-tools/uri-template/0.10/uri-template-0.10.jar:/home/runner/.m2/repository/com/googlecode/libphonenumber/libphonenumber/8.11.1/libphonenumber-8.11.1.jar:/home/runner/.m2/repository/com/j2html/j2html/1.6.0/j2html-1.6.0.jar:/home/runner/.m2/repository/org/apache/commons/commons-collections4/4.5.0/commons-collections4-4.5.0.jar:/home/runner/.m2/repository/org/slf4j/jcl-over-slf4j/2.0.17/jcl-over-slf4j-2.0.17.jar:/home/runner/.m2/repository/io/swagger/parser/v3/swagger-parser-v3/2.1.31/swagger-parser-v3-2.1.31.jar:/home/runner/.m2/repository/io/swagger/core/v3/swagger-models/2.2.34/swagger-models-2.2.34.jar:/home/runner/.m2/repository/io/swagger/core/v3/swagger-core/2.2.34/swagger-core-2.2.34.jar:/home/runner/.m2/repository/io/swagger/parser/v3/swagger-parser-core/2.1.31/swagger-parser-core-2.1.31.jar:/home/runner/.m2/repository/io/swagger/parser/v3/swagger-parser-safe-url-resolver/2.1.31/swagger-parser-safe-url-resolver-2.1.31.jar:/home/runner/work/apicurio-testing/apicurio-testing/clusters/ci419/namespaces/ksql047/tests/integration/apicurio-registry/schema-util/wsdl/target/apicurio-registry-schema-util-wsdl-3.0.12-SNAPSHOT.jar:/home/runner/.m2/repository/wsdl4j/wsdl4j/1.6.3/wsdl4j-1.6.3.jar:/home/runner/work/apicurio-testing/apicurio-testing/clusters/ci419/namespaces/ksql047/tests/integration/apicurio-registry/schema-util/xml/target/apicurio-registry-schema-util-xml-3.0.12-SNAPSHOT.jar:/home/runner/.m2/repository/org/apache/santuario/xmlsec/4.0.4/xmlsec-4.0.4.jar:/home/runner/.m2/repository/com/fasterxml/woodstox/woodstox-core/7.1.1/woodstox-core-7.1.1.jar:/home/runner/.m2/repository/org/codehaus/woodstox/stax2-api/4.2.2/stax2-api-4.2.2.jar:/home/runner/work/apicurio-testing/apicurio-testing/clusters/ci419/namespaces/ksql047/tests/integration/apicurio-registry/schema-util/xsd/target/apicurio-registry-schema-util-xsd-3.0.12-SNAPSHOT.jar:/home/runner/work/apicurio-testing/apicurio-testing/clusters/ci419/namespaces/ksql047/tests/integration/apicurio-registry/serdes/kafka/jsonschema-serde/target/apicurio-registry-jsonschema-serde-kafka-3.0.12-SNAPSHOT.jar:/home/runner/work/apicurio-testing/apicurio-testing/clusters/ci419/namespaces/ksql047/tests/integration/apicurio-registry/serdes/kafka/serde-kafka-common/target/apicurio-registry-serde-kafka-common-3.0.12-SNAPSHOT.jar:/home/runner/work/apicurio-testing/apicurio-testing/clusters/ci419/namespaces/ksql047/tests/integration/apicurio-registry/serdes/generic/serde-common/target/apicurio-registry-serde-common-3.0.12-SNAPSHOT.jar:/home/runner/work/apicurio-testing/apicurio-testing/clusters/ci419/namespaces/ksql047/tests/integration/apicurio-registry/serdes/generic/serde-common-jsonschema/target/apicurio-registry-serde-common-jsonschema-3.0.12-SNAPSHOT.jar:/home/runner/.m2/repository/org/json/json/20250107/json-20250107.jar:/home/runner/work/apicurio-testing/apicurio-testing/clusters/ci419/namespaces/ksql047/tests/integration/apicurio-registry/serdes/kafka/avro-serde/target/apicurio-registry-avro-serde-kafka-3.0.12-SNAPSHOT.jar:/home/runner/work/apicurio-testing/apicurio-testing/clusters/ci419/namespaces/ksql047/tests/integration/apicurio-registry/serdes/generic/serde-common-avro/target/apicurio-registry-serde-common-avro-3.0.12-SNAPSHOT.jar:/home/runner/work/apicurio-testing/apicurio-testing/clusters/ci419/namespaces/ksql047/tests/integration/apicurio-registry/serdes/kafka/protobuf-serde/target/apicurio-registry-protobuf-serde-kafka-3.0.12-SNAPSHOT.jar:/home/runner/work/apicurio-testing/apicurio-testing/clusters/ci419/namespaces/ksql047/tests/integration/apicurio-registry/serdes/generic/serde-common-protobuf/target/apicurio-registry-serde-common-protobuf-3.0.12-SNAPSHOT.jar:/home/runner/.m2/repository/com/squareup/wire/wire-schema/5.3.3/wire-schema-5.3.3.jar:/home/runner/.m2/repository/com/squareup/wire/wire-runtime/5.3.3/wire-runtime-5.3.3.jar:/home/runner/work/apicurio-testing/apicurio-testing/clusters/ci419/namespaces/ksql047/tests/integration/apicurio-registry/serdes/pulsar/avro-serde/target/apicurio-registry-avro-serde-pulsar-3.0.12-SNAPSHOT.jar:/home/runner/.m2/repository/org/apache/pulsar/pulsar-functions-api/3.3.8/pulsar-functions-api-3.3.8.jar:/home/runner/work/apicurio-testing/apicurio-testing/clusters/ci419/namespaces/ksql047/tests/integration/apicurio-registry/serdes/nats/avro-serde/target/apicurio-registry-avro-serde-nats-3.0.12-SNAPSHOT.jar:/home/runner/.m2/repository/io/nats/jnats/2.21.4/jnats-2.21.4.jar:/home/runner/.m2/repository/org/bouncycastle/bcprov-lts8on/2.73.7/bcprov-lts8on-2.73.7.jar:/home/runner/.m2/repository/org/jetbrains/annotations/26.0.2/annotations-26.0.2.jar:/home/runner/work/apicurio-testing/apicurio-testing/clusters/ci419/namespaces/ksql047/tests/integration/apicurio-registry/utils/converter/target/apicurio-registry-utils-converter-3.0.12-SNAPSHOT.jar:/home/runner/work/apicurio-testing/apicurio-testing/clusters/ci419/namespaces/ksql047/tests/integration/apicurio-registry/schema-resolver/target/apicurio-registry-schema-resolver-3.0.12-SNAPSHOT.jar:/home/runner/.m2/repository/org/apache/kafka/connect-api/3.9.1/connect-api-3.9.1.jar:/home/runner/.m2/repository/javax/ws/rs/javax.ws.rs-api/2.1.1/javax.ws.rs-api-2.1.1.jar:/home/runner/.m2/repository/org/apache/kafka/connect-json/3.9.1/connect-json-3.9.1.jar:/home/runner/.m2/repository/com/fasterxml/jackson/datatype/jackson-datatype-jdk8/2.18.2/jackson-datatype-jdk8-2.18.2.jar:/home/runner/.m2/repository/com/fasterxml/jackson/module/jackson-module-afterburner/2.18.2/jackson-module-afterburner-2.18.2.jar:/home/runner/work/apicurio-testing/apicurio-testing/clusters/ci419/namespaces/ksql047/tests/integration/apicurio-registry/utils/kafka/target/apicurio-registry-utils-kafka-3.0.12-SNAPSHOT.jar:/home/runner/.m2/repository/org/apache/pulsar/pulsar-client/3.3.8/pulsar-client-3.3.8.jar:/home/runner/.m2/repository/org/apache/pulsar/pulsar-client-api/3.3.8/pulsar-client-api-3.3.8.jar:/home/runner/.m2/repository/org/apache/pulsar/pulsar-client-admin-api/3.3.8/pulsar-client-admin-api-3.3.8.jar:/home/runner/.m2/repository/org/apache/pulsar/bouncy-castle-bc/3.3.8/bouncy-castle-bc-3.3.8-pkg.jar:/home/runner/.m2/repository/org/bouncycastle/bcpkix-jdk18on/1.81/bcpkix-jdk18on-1.81.jar:/home/runner/.m2/repository/org/bouncycastle/bcutil-jdk18on/1.81/bcutil-jdk18on-1.81.jar:/home/runner/.m2/repository/org/bouncycastle/bcprov-jdk18on/1.81/bcprov-jdk18on-1.81.jar:/home/runner/.m2/repository/io/opentelemetry/opentelemetry-api/1.44.1/opentelemetry-api-1.44.1.jar:/home/runner/.m2/repository/io/opentelemetry/opentelemetry-context/1.44.1/opentelemetry-context-1.44.1.jar:/home/runner/.m2/repository/io/opentelemetry/opentelemetry-api-incubator/1.44.1-alpha/opentelemetry-api-incubator-1.44.1-alpha.jar:/home/runner/.m2/repository/com/fasterxml/jackson/core/jackson-annotations/2.18.2/jackson-annotations-2.18.2.jar:/home/runner/.m2/repository/javax/validation/validation-api/1.1.0.Final/validation-api-1.1.0.Final.jar:/home/runner/.m2/repository/org/jspecify/jspecify/1.0.0/jspecify-1.0.0.jar:/home/runner/.m2/repository/org/apache/commons/commons-configuration2/2.12.0/commons-configuration2-2.12.0.jar:/home/runner/.m2/repository/commons-logging/commons-logging/1.3.5/commons-logging-1.3.5.jar:/home/runner/.m2/repository/org/apache/commons/commons-text/1.13.0/commons-text-1.13.0.jar:/home/runner/.m2/repository/io/confluent/kafka-avro-serializer/8.0.0/kafka-avro-serializer-8.0.0.jar:/home/runner/.m2/repository/org/apache/commons/commons-compress/1.27.1/commons-compress-1.27.1.jar:/home/runner/.m2/repository/io/confluent/kafka-schema-serializer/8.0.0/kafka-schema-serializer-8.0.0.jar:/home/runner/.m2/repository/com/fasterxml/jackson/dataformat/jackson-dataformat-csv/2.18.2/jackson-dataformat-csv-2.18.2.jar:/home/runner/.m2/repository/io/confluent/kafka-schema-registry-client/8.0.0/kafka-schema-registry-client-8.0.0.jar:/home/runner/.m2/repository/org/yaml/snakeyaml/2.3/snakeyaml-2.3.jar:/home/runner/.m2/repository/io/swagger/core/v3/swagger-annotations/2.2.29/swagger-annotations-2.2.29.jar:/home/runner/.m2/repository/com/google/guava/guava/33.4.0-jre/guava-33.4.0-jre.jar:/home/runner/.m2/repository/com/google/guava/failureaccess/1.0.1/failureaccess-1.0.1.jar:/home/runner/.m2/repository/org/checkerframework/checker-qual/3.49.0/checker-qual-3.49.0.jar:/home/runner/.m2/repository/io/confluent/logredactor/1.0.13/logredactor-1.0.13.jar:/home/runner/.m2/repository/com/google/re2j/re2j/1.6/re2j-1.6.jar:/home/runner/.m2/repository/io/confluent/logredactor-metrics/1.0.13/logredactor-metrics-1.0.13.jar:/home/runner/.m2/repository/com/eclipsesource/minimal-json/minimal-json/0.9.5/minimal-json-0.9.5.jar:/home/runner/.m2/repository/io/confluent/common-utils/8.0.0/common-utils-8.0.0.jar:/home/runner/.m2/repository/io/confluent/kafka-connect-avro-converter/8.0.0/kafka-connect-avro-converter-8.0.0.jar:/home/runner/.m2/repository/io/confluent/kafka-connect-avro-data/8.0.0/kafka-connect-avro-data-8.0.0.jar:/home/runner/.m2/repository/io/confluent/kafka-schema-converter/8.0.0/kafka-schema-converter-8.0.0.jar:/home/runner/.m2/repository/io/rest-assured/rest-assured/5.5.1/rest-assured-5.5.1.jar:/home/runner/.m2/repository/org/apache/groovy/groovy/4.0.22/groovy-4.0.22.jar:/home/runner/.m2/repository/org/apache/groovy/groovy-xml/4.0.22/groovy-xml-4.0.22.jar:/home/runner/.m2/repository/org/apache/httpcomponents/httpclient/4.5.14/httpclient-4.5.14.jar:/home/runner/.m2/repository/org/apache/httpcomponents/httpcore/4.4.16/httpcore-4.4.16.jar:/home/runner/.m2/repository/org/apache/httpcomponents/httpmime/4.5.14/httpmime-4.5.14.jar:/home/runner/.m2/repository/org/hamcrest/hamcrest/2.2/hamcrest-2.2.jar:/home/runner/.m2/repository/org/ccil/cowan/tagsoup/tagsoup/1.2.1/tagsoup-1.2.1.jar:/home/runner/.m2/repository/io/rest-assured/json-path/5.5.1/json-path-5.5.1.jar:/home/runner/.m2/repository/org/apache/groovy/groovy-json/4.0.22/groovy-json-4.0.22.jar:/home/runner/.m2/repository/io/rest-assured/rest-assured-common/5.5.1/rest-assured-common-5.5.1.jar:/home/runner/.m2/repository/io/rest-assured/xml-path/5.5.1/xml-path-5.5.1.jar:/home/runner/.m2/repository/io/zonky/test/embedded-postgres/2.1.0/embedded-postgres-2.1.0.jar:/home/runner/.m2/repository/io/zonky/test/postgres/embedded-postgres-binaries-windows-amd64/14.15.0/embedded-postgres-binaries-windows-amd64-14.15.0.jar:/home/runner/.m2/repository/io/zonky/test/postgres/embedded-postgres-binaries-darwin-amd64/14.15.0/embedded-postgres-binaries-darwin-amd64-14.15.0.jar:/home/runner/.m2/repository/io/zonky/test/postgres/embedded-postgres-binaries-linux-amd64/14.15.0/embedded-postgres-binaries-linux-amd64-14.15.0.jar:/home/runner/.m2/repository/io/zonky/test/postgres/embedded-postgres-binaries-linux-amd64-alpine/14.15.0/embedded-postgres-binaries-linux-amd64-alpine-14.15.0.jar:/home/runner/.m2/repository/org/apache/commons/commons-lang3/3.17.0/commons-lang3-3.17.0.jar:/home/runner/.m2/repository/org/tukaani/xz/1.10/xz-1.10.jar:/home/runner/.m2/repository/commons-codec/commons-codec/1.19.0/commons-codec-1.19.0.jar:/home/runner/.m2/repository/org/postgresql/postgresql/42.7.7/postgresql-42.7.7.jar:/home/runner/.m2/repository/commons-io/commons-io/2.18.0/commons-io-2.18.0.jar:/home/runner/work/apicurio-testing/apicurio-testing/clusters/ci419/namespaces/ksql047/tests/integration/apicurio-registry/utils/importexport/target/apicurio-registry-utils-import-export-3.0.12-SNAPSHOT.jar:/home/runner/.m2/repository/io/vertx/vertx-core/4.5.16/vertx-core-4.5.16.jar:/home/runner/.m2/repository/io/netty/netty-common/4.1.121.Final/netty-common-4.1.121.Final.jar:/home/runner/.m2/repository/io/netty/netty-buffer/4.1.121.Final/netty-buffer-4.1.121.Final.jar:/home/runner/.m2/repository/io/netty/netty-transport/4.1.121.Final/netty-transport-4.1.121.Final.jar:/home/runner/.m2/repository/io/netty/netty-handler/4.1.121.Final/netty-handler-4.1.121.Final.jar:/home/runner/.m2/repository/io/netty/netty-transport-native-unix-common/4.1.121.Final/netty-transport-native-unix-common-4.1.121.Final.jar:/home/runner/.m2/repository/io/netty/netty-codec/4.1.121.Final/netty-codec-4.1.121.Final.jar:/home/runner/.m2/repository/io/netty/netty-handler-proxy/4.1.121.Final/netty-handler-proxy-4.1.121.Final.jar:/home/runner/.m2/repository/io/netty/netty-codec-socks/4.1.121.Final/netty-codec-socks-4.1.121.Final.jar:/home/runner/.m2/repository/io/netty/netty-codec-http/4.1.121.Final/netty-codec-http-4.1.121.Final.jar:/home/runner/.m2/repository/io/netty/netty-codec-http2/4.1.121.Final/netty-codec-http2-4.1.121.Final.jar:/home/runner/.m2/repository/io/netty/netty-resolver/4.1.121.Final/netty-resolver-4.1.121.Final.jar:/home/runner/.m2/repository/io/netty/netty-resolver-dns/4.1.121.Final/netty-resolver-dns-4.1.121.Final.jar:/home/runner/.m2/repository/io/netty/netty-codec-dns/4.1.121.Final/netty-codec-dns-4.1.121.Final.jar:/home/runner/.m2/repository/com/fasterxml/jackson/core/jackson-core/2.18.2/jackson-core-2.18.2.jar:"/>
    <property name="sun.cpu.endian" value="little"/>
    <property name="user.home" value="/home/runner"/>
    <property name="user.language" value="en"/>
    <property name="jboss.log-version" value="false"/>
    <property name="java.specification.vendor" value="Oracle Corporation"/>
    <property name="java.version.date" value="2025-07-15"/>
    <property name="java.home" value="/usr/lib/jvm/temurin-17-jdk-amd64"/>
    <property name="file.separator" value="/"/>
    <property name="basedir" value="/home/runner/work/apicurio-testing/apicurio-testing/clusters/ci419/namespaces/ksql047/tests/integration/apicurio-registry/integration-tests"/>
    <property name="java.vm.compressedOopsMode" value="32-bit"/>
    <property name="line.separator" value="&#10;"/>
    <property name="java.specification.name" value="Java Platform API Specification"/>
    <property name="java.vm.specification.vendor" value="Oracle Corporation"/>
    <property name="quarkus.http.test-host" value="registry-app-ksql047.apps.ci419.apicurio-testing.org"/>
    <property name="surefire.real.class.path" value="/home/runner/work/apicurio-testing/apicurio-testing/clusters/ci419/namespaces/ksql047/tests/integration/apicurio-registry/integration-tests/target/surefire/surefirebooter-20250807203205242_3.jar"/>
    <property name="sun.management.compiler" value="HotSpot 64-Bit Tiered Compilers"/>
    <property name="org.eclipse.jetty.http.HttpGenerator.STRICT" value="true"/>
    <property name="java.runtime.version" value="17.0.16+8"/>
    <property name="user.name" value="runner"/>
    <property name="path.separator" value=":"/>
    <property name="os.version" value="6.8.0-1031-azure"/>
    <property name="java.runtime.name" value="OpenJDK Runtime Environment"/>
    <property name="file.encoding" value="UTF-8"/>
    <property name="jnidispatch.path" value="/home/runner/.cache/JNA/temp/jna3563171814773088513.tmp"/>
    <property name="java.vm.name" value="OpenJDK 64-Bit Server VM"/>
    <property name="jna.platform.library.path" value="/usr/lib/x86_64-linux-gnu:/lib/x86_64-linux-gnu:/usr/lib64:/lib64:/usr/lib:/lib:/lib32:/usr/local/lib:/usr/lib/x86_64-linux-gnu/libfakeroot"/>
    <property name="java.vendor.version" value="Temurin-17.0.16+8"/>
    <property name="quarkus.oidc.token-path" value="https://keycloak-ksql047.apps.ci419.apicurio-testing.org/realms/registry/protocol/openid-connect/token"/>
    <property name="quarkus.http.host" value="registry-app-ksql047.apps.ci419.apicurio-testing.org"/>
    <property name="localRepository" value="/home/runner/.m2/repository"/>
    <property name="javax.xml.xpath.XPathFactory:http://java.sun.com/jaxp/xpath/dom" value="com.sun.org.apache.xpath.internal.jaxp.XPathFactoryImpl"/>
    <property name="jna.loaded" value="true"/>
    <property name="java.vendor.url.bug" value="https://github.com/adoptium/adoptium-support/issues"/>
    <property name="jetty.git.hash" value="5bc5e562c8d05c5862505aebe5cf83a61bdbcb96"/>
    <property name="java.io.tmpdir" value="/tmp"/>
    <property name="quarkus.http.test-protocol" value="http"/>
    <property name="java.version" value="17.0.16"/>
    <property name="user.dir" value="/home/runner/work/apicurio-testing/apicurio-testing/clusters/ci419/namespaces/ksql047/tests/integration/apicurio-registry/integration-tests"/>
    <property name="os.arch" value="amd64"/>
    <property name="groups" value="( smoke | serdes | acceptance | ui)"/>
    <property name="java.vm.specification.name" value="Java Virtual Machine Specification"/>
    <property name="native.encoding" value="UTF-8"/>
    <property name="java.util.logging.manager" value="org.jboss.logmanager.LogManager"/>
    <property name="java.library.path" value="/usr/java/packages/lib:/usr/lib64:/lib64:/lib:/usr/lib"/>
    <property name="jdk.console" value="java.base"/>
    <property name="java.vm.info" value="mixed mode, sharing"/>
    <property name="java.vendor" value="Eclipse Adoptium"/>
    <property name="java.vm.version" value="17.0.16+8"/>
    <property name="java.specification.maintenance.version" value="1"/>
    <property name="sun.io.unicode.encoding" value="UnicodeLittle"/>
    <property name="javax.xml.transform.TransformerFactory" value="com.sun.org.apache.xalan.internal.xsltc.trax.TransformerFactoryImpl"/>
    <property name="java.class.version" value="61.0"/>
  </properties>
  <testcase name="testGlobalIdInHeaders" classname="io.apicurio.tests.serdes.apicurio.AvroSerdeIT" time="5.866">
    <system-out><![CDATA[**** Registry Base URL: http://registry-app-ksql047.apps.ci419.apicurio-testing.org:80
**** Registry Base URL: http://registry-app-ksql047.apps.ci419.apicurio-testing.org:80
2025-08-07 20:32:17,181 INFO  [io.api.tes.ser.api.AvroSerdeIT] (main) RestAssured configured with http://registry-app-ksql047.apps.ci419.apicurio-testing.org:80/apis/registry/v3
2025-08-07 20:32:17,220 INFO  [io.api.tes.uti.KafkaFacade] (main) Starting kafka container
2025-08-07 20:32:17,266 INFO  [org.tes.ima.PullPolicy] (main) Image pull policy will be performed by: DefaultPullPolicy()
2025-08-07 20:32:17,270 INFO  [org.tes.uti.ImageNameSubstitutor] (main) Image name substitution will be performed by: DefaultImageNameSubstitutor (composite of 'ConfigurationFileImageNameSubstitutor' and 'PrefixingImageNameSubstitutor')
2025-08-07 20:32:17,280 INFO  [org.tes.DockerClientFactory] (main) Testcontainers version: 1.20.6
2025-08-07 20:32:17,752 INFO  [org.tes.doc.DockerClientProviderStrategy] (main) Found Docker environment with local Unix socket (unix:///var/run/docker.sock)
2025-08-07 20:32:17,760 INFO  [org.tes.DockerClientFactory] (main) Docker host IP address is localhost
2025-08-07 20:32:17,776 INFO  [org.tes.DockerClientFactory] (main) Connected to docker: 
  Server Version: 28.0.4
  API Version: 1.48
  Operating System: Ubuntu 22.04.5 LTS
  Total Memory: 7944 MB
2025-08-07 20:32:17,811 INFO  [tc.tes.11.0] (main) Pulling docker image: testcontainers/ryuk:0.11.0. Please be patient; this may take some time but only needs to be done once.
2025-08-07 20:32:18,132 INFO  [tc.tes.11.0] (docker-java-stream--1295187651) Starting to pull image
2025-08-07 20:32:18,155 INFO  [tc.tes.11.0] (docker-java-stream--1295187651) Pulling image layers:  0 pending,  0 downloaded,  0 extracted, (0 bytes/0 bytes)
2025-08-07 20:32:18,343 INFO  [tc.tes.11.0] (docker-java-stream--1295187651) Pulling image layers:  2 pending,  1 downloaded,  0 extracted, (44 KB/? MB)
2025-08-07 20:32:18,377 INFO  [tc.tes.11.0] (docker-java-stream--1295187651) Pulling image layers:  1 pending,  2 downloaded,  0 extracted, (114 KB/? MB)
2025-08-07 20:32:18,496 INFO  [tc.tes.11.0] (docker-java-stream--1295187651) Pulling image layers:  1 pending,  2 downloaded,  1 extracted, (8 MB/? MB)
2025-08-07 20:32:18,526 INFO  [tc.tes.11.0] (docker-java-stream--1295187651) Pulling image layers:  0 pending,  3 downloaded,  1 extracted, (10 MB/10 MB)
2025-08-07 20:32:19,479 INFO  [tc.tes.11.0] (docker-java-stream--1295187651) Pulling image layers:  0 pending,  3 downloaded,  2 extracted, (10 MB/10 MB)
2025-08-07 20:32:19,527 INFO  [tc.tes.11.0] (docker-java-stream--1295187651) Pulling image layers:  0 pending,  3 downloaded,  3 extracted, (10 MB/10 MB)
2025-08-07 20:32:19,536 INFO  [tc.tes.11.0] (docker-java-stream--1295187651) Pull complete. 3 layers, pulled in 1s (downloaded 10 MB at 10 MB/s)
2025-08-07 20:32:19,536 INFO  [tc.tes.11.0] (main) Image testcontainers/ryuk:0.11.0 pull took PT1.724612683S
2025-08-07 20:32:19,556 INFO  [tc.tes.11.0] (main) Creating container for image: testcontainers/ryuk:0.11.0
2025-08-07 20:32:19,631 INFO  [tc.tes.11.0] (main) Container testcontainers/ryuk:0.11.0 is starting: 22bffa44b3170688c6e819e43ffbcc9a23be8bbf0de5d083cc7f34108e7d0aa4
2025-08-07 20:32:19,926 INFO  [tc.tes.11.0] (main) Container testcontainers/ryuk:0.11.0 started in PT0.369467279S
2025-08-07 20:32:19,931 INFO  [org.tes.uti.RyukResourceReaper] (main) Ryuk started - will monitor and terminate Testcontainers containers on JVM exit
2025-08-07 20:32:19,931 INFO  [org.tes.DockerClientFactory] (main) Checking the system...
2025-08-07 20:32:19,931 INFO  [org.tes.DockerClientFactory] (main) ✔︎ Docker server version should be at least 1.6.0
2025-08-07 20:32:19,935 INFO  [io.str.tes.con.KafkaVersionService] (main) Latest release of Kafka is:LogicalKafkaVersionEntity{version='4.0.0', image='quay.io/strimzi-test-container/test-container:0.111.0-kafka-4.0.0'}
2025-08-07 20:32:19,935 INFO  [io.str.tes.con.KafkaVersionService] (main) Latest release of Kafka is:LogicalKafkaVersionEntity{version='4.0.0', image='quay.io/strimzi-test-container/test-container:0.111.0-kafka-4.0.0'}
2025-08-07 20:32:19,935 INFO  [io.str.tes.con.KafkaVersionService] (main) No Kafka version specified. Using latest release: 4.0.0
2025-08-07 20:32:19,943 INFO  [tc.qua.io/.111.0-k.0.0] (main) Pulling docker image: quay.io/strimzi-test-container/test-container:0.111.0-kafka-4.0.0. Please be patient; this may take some time but only needs to be done once.
2025-08-07 20:32:20,375 INFO  [tc.qua.io/.111.0-k.0.0] (docker-java-stream--29267298) Starting to pull image
2025-08-07 20:32:20,376 INFO  [tc.qua.io/.111.0-k.0.0] (docker-java-stream--29267298) Pulling image layers:  0 pending,  0 downloaded,  0 extracted, (0 bytes/0 bytes)
2025-08-07 20:32:20,789 INFO  [tc.qua.io/.111.0-k.0.0] (docker-java-stream--29267298) Pulling image layers:  6 pending,  1 downloaded,  0 extracted, (412 KB/? MB)
2025-08-07 20:32:21,155 INFO  [tc.qua.io/.111.0-k.0.0] (docker-java-stream--29267298) Pulling image layers:  5 pending,  2 downloaded,  0 extracted, (29 MB/? MB)
2025-08-07 20:32:21,293 INFO  [tc.qua.io/.111.0-k.0.0] (docker-java-stream--29267298) Pulling image layers:  4 pending,  3 downloaded,  0 extracted, (40 MB/? MB)
2025-08-07 20:32:21,664 INFO  [tc.qua.io/.111.0-k.0.0] (docker-java-stream--29267298) Pulling image layers:  3 pending,  4 downloaded,  0 extracted, (54 MB/? MB)
2025-08-07 20:32:21,875 INFO  [tc.qua.io/.111.0-k.0.0] (docker-java-stream--29267298) Pulling image layers:  2 pending,  5 downloaded,  0 extracted, (59 MB/? MB)
2025-08-07 20:32:22,321 INFO  [tc.qua.io/.111.0-k.0.0] (docker-java-stream--29267298) Pulling image layers:  2 pending,  5 downloaded,  1 extracted, (81 MB/? MB)
2025-08-07 20:32:24,883 INFO  [tc.qua.io/.111.0-k.0.0] (docker-java-stream--29267298) Pulling image layers:  1 pending,  6 downloaded,  1 extracted, (173 MB/? MB)
2025-08-07 20:32:27,232 INFO  [tc.qua.io/.111.0-k.0.0] (docker-java-stream--29267298) Pulling image layers:  1 pending,  6 downloaded,  2 extracted, (224 MB/? MB)
2025-08-07 20:32:28,332 INFO  [tc.qua.io/.111.0-k.0.0] (docker-java-stream--29267298) Pulling image layers:  0 pending,  7 downloaded,  2 extracted, (246 MB/249 MB)
2025-08-07 20:32:29,232 INFO  [tc.qua.io/.111.0-k.0.0] (docker-java-stream--29267298) Pulling image layers:  0 pending,  7 downloaded,  3 extracted, (246 MB/249 MB)
2025-08-07 20:32:29,249 INFO  [tc.qua.io/.111.0-k.0.0] (docker-java-stream--29267298) Pulling image layers:  0 pending,  7 downloaded,  4 extracted, (246 MB/249 MB)
2025-08-07 20:32:30,347 INFO  [tc.qua.io/.111.0-k.0.0] (docker-java-stream--29267298) Pulling image layers:  0 pending,  7 downloaded,  5 extracted, (248 MB/249 MB)
2025-08-07 20:32:30,383 INFO  [tc.qua.io/.111.0-k.0.0] (docker-java-stream--29267298) Pulling image layers:  0 pending,  7 downloaded,  6 extracted, (249 MB/249 MB)
2025-08-07 20:32:30,398 INFO  [tc.qua.io/.111.0-k.0.0] (docker-java-stream--29267298) Pulling image layers:  0 pending,  7 downloaded,  7 extracted, (249 MB/249 MB)
2025-08-07 20:32:30,404 INFO  [tc.qua.io/.111.0-k.0.0] (docker-java-stream--29267298) Pull complete. 7 layers, pulled in 10s (downloaded 249 MB at 24 MB/s)
2025-08-07 20:32:30,404 INFO  [tc.qua.io/.111.0-k.0.0] (main) Image quay.io/strimzi-test-container/test-container:0.111.0-kafka-4.0.0 pull took PT10.460839606S
2025-08-07 20:32:30,409 INFO  [tc.qua.io/.111.0-k.0.0] (main) Creating container for image: quay.io/strimzi-test-container/test-container:0.111.0-kafka-4.0.0
2025-08-07 20:32:30,478 INFO  [tc.qua.io/.111.0-k.0.0] (main) Container quay.io/strimzi-test-container/test-container:0.111.0-kafka-4.0.0 is starting: 90aafbed28c4801e1f1ee2ce32981588a5028ba7ceb1cd0591ae7f50cda91beb
2025-08-07 20:32:30,674 INFO  [io.str.tes.con.StrimziKafkaContainer] (main) Mapped port: 32769
2025-08-07 20:32:30,674 WARN  [io.str.tes.con.StrimziKafkaContainer] (main) Node ID is not set. Using broker ID 0 as the default node ID.
2025-08-07 20:32:30,676 INFO  [io.str.tes.con.StrimziKafkaContainer] (main) This is all advertised listeners for Kafka PLAINTEXT://localhost:32769,BROKER1://172.18.0.2:9091,CONTROLLER://broker-0:9094
2025-08-07 20:32:30,706 INFO  [io.str.tes.con.StrimziKafkaContainer] (main) New `cluster.id` has been generated: pU55guAKRSeYHTOWTlfVzQ
2025-08-07 20:32:30,707 INFO  [io.str.tes.con.StrimziKafkaContainer] (main) Copying command to 'STARTER_SCRIPT' script.
2025-08-07 20:32:35,939 INFO  [tc.qua.io/.111.0-k.0.0] (main) Container quay.io/strimzi-test-container/test-container:0.111.0-kafka-4.0.0 started in PT5.529313903S
2025-08-07 20:32:35,942 INFO  [io.api.tes.uti.TestSeparator] (main) ############################################################################
2025-08-07 20:32:35,942 INFO  [io.api.tes.uti.TestSeparator] (main) io.apicurio.tests.serdes.apicurio.AvroSerdeIT.testGlobalIdInHeaders-STARTED
2025-08-07 20:32:35,964 INFO  [org.apa.kaf.cli.adm.AdminClientConfig] (main) AdminClientConfig values: 
	auto.include.jmx.reporter = true
	bootstrap.controllers = []
	bootstrap.servers = [PLAINTEXT://localhost:32769]
	client.dns.lookup = use_all_dns_ips
	client.id = 
	connections.max.idle.ms = 10000
	default.api.timeout.ms = 60000
	enable.metrics.push = true
	metadata.max.age.ms = 300000
	metadata.recovery.strategy = none
	metric.reporters = []
	metrics.num.samples = 2
	metrics.recording.level = INFO
	metrics.sample.window.ms = 30000
	receive.buffer.bytes = 65536
	reconnect.backoff.max.ms = 1000
	reconnect.backoff.ms = 50
	request.timeout.ms = 5000
	retries = 2147483647
	retry.backoff.max.ms = 1000
	retry.backoff.ms = 100
	sasl.client.callback.handler.class = null
	sasl.jaas.config = null
	sasl.kerberos.kinit.cmd = /usr/bin/kinit
	sasl.kerberos.min.time.before.relogin = 60000
	sasl.kerberos.service.name = null
	sasl.kerberos.ticket.renew.jitter = 0.05
	sasl.kerberos.ticket.renew.window.factor = 0.8
	sasl.login.callback.handler.class = null
	sasl.login.class = null
	sasl.login.connect.timeout.ms = null
	sasl.login.read.timeout.ms = null
	sasl.login.refresh.buffer.seconds = 300
	sasl.login.refresh.min.period.seconds = 60
	sasl.login.refresh.window.factor = 0.8
	sasl.login.refresh.window.jitter = 0.05
	sasl.login.retry.backoff.max.ms = 10000
	sasl.login.retry.backoff.ms = 100
	sasl.mechanism = GSSAPI
	sasl.oauthbearer.clock.skew.seconds = 30
	sasl.oauthbearer.expected.audience = null
	sasl.oauthbearer.expected.issuer = null
	sasl.oauthbearer.header.urlencode = false
	sasl.oauthbearer.jwks.endpoint.refresh.ms = 3600000
	sasl.oauthbearer.jwks.endpoint.retry.backoff.max.ms = 10000
	sasl.oauthbearer.jwks.endpoint.retry.backoff.ms = 100
	sasl.oauthbearer.jwks.endpoint.url = null
	sasl.oauthbearer.scope.claim.name = scope
	sasl.oauthbearer.sub.claim.name = sub
	sasl.oauthbearer.token.endpoint.url = null
	security.protocol = PLAINTEXT
	security.providers = null
	send.buffer.bytes = 131072
	socket.connection.setup.timeout.max.ms = 30000
	socket.connection.setup.timeout.ms = 10000
	ssl.cipher.suites = null
	ssl.enabled.protocols = [TLSv1.2, TLSv1.3]
	ssl.endpoint.identification.algorithm = https
	ssl.engine.factory.class = null
	ssl.key.password = null
	ssl.keymanager.algorithm = SunX509
	ssl.keystore.certificate.chain = null
	ssl.keystore.key = null
	ssl.keystore.location = null
	ssl.keystore.password = null
	ssl.keystore.type = JKS
	ssl.protocol = TLSv1.3
	ssl.provider = null
	ssl.secure.random.implementation = null
	ssl.trustmanager.algorithm = PKIX
	ssl.truststore.certificates = null
	ssl.truststore.location = null
	ssl.truststore.password = null
	ssl.truststore.type = JKS

2025-08-07 20:32:36,314 INFO  [org.apa.kaf.com.uti.AppInfoParser] (main) Kafka version: 3.9.1
2025-08-07 20:32:36,314 INFO  [org.apa.kaf.com.uti.AppInfoParser] (main) Kafka commitId: f745dfdcee2b9851
2025-08-07 20:32:36,314 INFO  [org.apa.kaf.com.uti.AppInfoParser] (main) Kafka startTimeMs: 1754598756312
**** Registry Base URL: http://registry-app-ksql047.apps.ci419.apicurio-testing.org:80
2025-08-07 20:32:36,372 INFO  [org.apa.kaf.cli.pro.ProducerConfig] (main) ProducerConfig values: 
	acks = -1
	auto.include.jmx.reporter = true
	batch.size = 16384
	bootstrap.servers = [PLAINTEXT://localhost:32769]
	buffer.memory = 33554432
	client.dns.lookup = use_all_dns_ips
	client.id = Producer-topic-1a37509a_8e7f_47ef_b419_dce8b1f38ba5
	compression.gzip.level = -1
	compression.lz4.level = 9
	compression.type = none
	compression.zstd.level = 3
	connections.max.idle.ms = 10000
	delivery.timeout.ms = 120000
	enable.idempotence = true
	enable.metrics.push = true
	interceptor.classes = []
	key.serializer = class org.apache.kafka.common.serialization.StringSerializer
	linger.ms = 0
	max.block.ms = 60000
	max.in.flight.requests.per.connection = 5
	max.request.size = 1048576
	metadata.max.age.ms = 300000
	metadata.max.idle.ms = 300000
	metadata.recovery.strategy = none
	metric.reporters = []
	metrics.num.samples = 2
	metrics.recording.level = INFO
	metrics.sample.window.ms = 30000
	partitioner.adaptive.partitioning.enable = true
	partitioner.availability.timeout.ms = 0
	partitioner.class = null
	partitioner.ignore.keys = false
	receive.buffer.bytes = 32768
	reconnect.backoff.max.ms = 1000
	reconnect.backoff.ms = 50
	request.timeout.ms = 5000
	retries = 2147483647
	retry.backoff.max.ms = 1000
	retry.backoff.ms = 100
	sasl.client.callback.handler.class = null
	sasl.jaas.config = null
	sasl.kerberos.kinit.cmd = /usr/bin/kinit
	sasl.kerberos.min.time.before.relogin = 60000
	sasl.kerberos.service.name = null
	sasl.kerberos.ticket.renew.jitter = 0.05
	sasl.kerberos.ticket.renew.window.factor = 0.8
	sasl.login.callback.handler.class = null
	sasl.login.class = null
	sasl.login.connect.timeout.ms = null
	sasl.login.read.timeout.ms = null
	sasl.login.refresh.buffer.seconds = 300
	sasl.login.refresh.min.period.seconds = 60
	sasl.login.refresh.window.factor = 0.8
	sasl.login.refresh.window.jitter = 0.05
	sasl.login.retry.backoff.max.ms = 10000
	sasl.login.retry.backoff.ms = 100
	sasl.mechanism = GSSAPI
	sasl.oauthbearer.clock.skew.seconds = 30
	sasl.oauthbearer.expected.audience = null
	sasl.oauthbearer.expected.issuer = null
	sasl.oauthbearer.header.urlencode = false
	sasl.oauthbearer.jwks.endpoint.refresh.ms = 3600000
	sasl.oauthbearer.jwks.endpoint.retry.backoff.max.ms = 10000
	sasl.oauthbearer.jwks.endpoint.retry.backoff.ms = 100
	sasl.oauthbearer.jwks.endpoint.url = null
	sasl.oauthbearer.scope.claim.name = scope
	sasl.oauthbearer.sub.claim.name = sub
	sasl.oauthbearer.token.endpoint.url = null
	security.protocol = PLAINTEXT
	security.providers = null
	send.buffer.bytes = 131072
	socket.connection.setup.timeout.max.ms = 30000
	socket.connection.setup.timeout.ms = 10000
	ssl.cipher.suites = null
	ssl.enabled.protocols = [TLSv1.2, TLSv1.3]
	ssl.endpoint.identification.algorithm = https
	ssl.engine.factory.class = null
	ssl.key.password = null
	ssl.keymanager.algorithm = SunX509
	ssl.keystore.certificate.chain = null
	ssl.keystore.key = null
	ssl.keystore.location = null
	ssl.keystore.password = null
	ssl.keystore.type = JKS
	ssl.protocol = TLSv1.3
	ssl.provider = null
	ssl.secure.random.implementation = null
	ssl.trustmanager.algorithm = PKIX
	ssl.truststore.certificates = null
	ssl.truststore.location = null
	ssl.truststore.password = null
	ssl.truststore.type = JKS
	transaction.timeout.ms = 60000
	transactional.id = null
	value.serializer = class io.apicurio.registry.serde.avro.AvroKafkaSerializer

2025-08-07 20:32:36,446 INFO  [org.apa.kaf.com.tel.int.KafkaMetricsCollector] (main) initializing Kafka metrics collector
2025-08-07 20:32:36,479 INFO  [org.apa.kaf.cli.pro.KafkaProducer] (main) [Producer clientId=Producer-topic-1a37509a_8e7f_47ef_b419_dce8b1f38ba5] Instantiated an idempotent producer.
2025-08-07 20:32:36,527 INFO  [org.apa.kaf.cli.pro.ProducerConfig] (main) These configurations '[apicurio.registry.url, apicurio.registry.auto-register, apicurio.registry.use-id, apicurio.registry.artifact-resolver-strategy]' were supplied but are not used yet.
2025-08-07 20:32:36,528 INFO  [org.apa.kaf.com.uti.AppInfoParser] (main) Kafka version: 3.9.1
2025-08-07 20:32:36,528 INFO  [org.apa.kaf.com.uti.AppInfoParser] (main) Kafka commitId: f745dfdcee2b9851
2025-08-07 20:32:36,528 INFO  [org.apa.kaf.com.uti.AppInfoParser] (main) Kafka startTimeMs: 1754598756528
2025-08-07 20:32:36,529 INFO  [io.api.tes.ser.api.SimpleSerdesTesterBuilder$SimpleSerdesTester] (main) Using producer configuration: {apicurio.registry.url=http://registry-app-ksql047.apps.ci419.apicurio-testing.org:80/apis/registry/v3, apicurio.registry.auto-register=true, apicurio.registry.use-id=globalId, apicurio.registry.artifact-resolver-strategy=io.apicurio.registry.serde.strategy.TopicIdStrategy, value.serializer=io.apicurio.registry.serde.avro.AvroKafkaSerializer, request.timeout.ms=5000, acks=all, bootstrap.servers=PLAINTEXT://localhost:32769, connections.max.idle.ms=10000, key.serializer=org.apache.kafka.common.serialization.StringSerializer, client.id=Producer-topic-1a37509a_8e7f_47ef_b419_dce8b1f38ba5}
2025-08-07 20:32:36,529 INFO  [io.api.tes.ser.api.SimpleSerdesTesterBuilder$SimpleSerdesTester] (main) Using consumer configuration: {apicurio.registry.use-id=globalId}
2025-08-07 20:32:36,538 INFO  [io.api.tes.ser.api.KafkaSerdesTester] (Thread-600) Sending message {"key11754598756344": "value-0"} to topic topic-1a37509a_8e7f_47ef_b419_dce8b1f38ba5
2025-08-07 20:32:36,860 WARN  [org.apa.kaf.cli.NetworkClient] (kafka-producer-network-thread | Producer-topic-1a37509a_8e7f_47ef_b419_dce8b1f38ba5) [Producer clientId=Producer-topic-1a37509a_8e7f_47ef_b419_dce8b1f38ba5] The metadata response from the cluster reported a recoverable issue with correlation id 1 : {topic-1a37509a_8e7f_47ef_b419_dce8b1f38ba5=UNKNOWN_TOPIC_OR_PARTITION}
2025-08-07 20:32:36,861 INFO  [org.apa.kaf.cli.Metadata] (kafka-producer-network-thread | Producer-topic-1a37509a_8e7f_47ef_b419_dce8b1f38ba5) [Producer clientId=Producer-topic-1a37509a_8e7f_47ef_b419_dce8b1f38ba5] Cluster ID: pU55guAKRSeYHTOWTlfVzQ
2025-08-07 20:32:36,985 INFO  [org.apa.kaf.cli.pro.int.TransactionManager] (kafka-producer-network-thread | Producer-topic-1a37509a_8e7f_47ef_b419_dce8b1f38ba5) [Producer clientId=Producer-topic-1a37509a_8e7f_47ef_b419_dce8b1f38ba5] ProducerId set to 0 with epoch 0
2025-08-07 20:32:37,130 INFO  [io.api.tes.ser.api.KafkaSerdesTester] (Thread-600) Sending message {"key11754598756344": "value-1"} to topic topic-1a37509a_8e7f_47ef_b419_dce8b1f38ba5
2025-08-07 20:32:37,135 INFO  [io.api.tes.ser.api.KafkaSerdesTester] (Thread-600) Sending message {"key11754598756344": "value-2"} to topic topic-1a37509a_8e7f_47ef_b419_dce8b1f38ba5
2025-08-07 20:32:37,140 INFO  [io.api.tes.ser.api.KafkaSerdesTester] (Thread-600) Sending message {"key11754598756344": "value-3"} to topic topic-1a37509a_8e7f_47ef_b419_dce8b1f38ba5
2025-08-07 20:32:37,146 INFO  [io.api.tes.ser.api.KafkaSerdesTester] (Thread-600) Sending message {"key11754598756344": "value-4"} to topic topic-1a37509a_8e7f_47ef_b419_dce8b1f38ba5
2025-08-07 20:32:37,150 INFO  [io.api.tes.ser.api.KafkaSerdesTester] (Thread-600) Sending message {"key11754598756344": "value-5"} to topic topic-1a37509a_8e7f_47ef_b419_dce8b1f38ba5
2025-08-07 20:32:37,154 INFO  [io.api.tes.ser.api.KafkaSerdesTester] (Thread-600) Sending message {"key11754598756344": "value-6"} to topic topic-1a37509a_8e7f_47ef_b419_dce8b1f38ba5
2025-08-07 20:32:37,158 INFO  [io.api.tes.ser.api.KafkaSerdesTester] (Thread-600) Sending message {"key11754598756344": "value-7"} to topic topic-1a37509a_8e7f_47ef_b419_dce8b1f38ba5
2025-08-07 20:32:37,161 INFO  [io.api.tes.ser.api.KafkaSerdesTester] (Thread-600) Sending message {"key11754598756344": "value-8"} to topic topic-1a37509a_8e7f_47ef_b419_dce8b1f38ba5
2025-08-07 20:32:37,166 INFO  [io.api.tes.ser.api.KafkaSerdesTester] (Thread-600) Sending message {"key11754598756344": "value-9"} to topic topic-1a37509a_8e7f_47ef_b419_dce8b1f38ba5
2025-08-07 20:32:37,170 INFO  [io.api.tes.ser.api.KafkaSerdesTester] (Thread-600) Produced 10 messages
2025-08-07 20:32:37,170 INFO  [org.apa.kaf.cli.pro.KafkaProducer] (Thread-600) [Producer clientId=Producer-topic-1a37509a_8e7f_47ef_b419_dce8b1f38ba5] Closing the Kafka producer with timeoutMillis = 9223372036854775807 ms.
2025-08-07 20:32:37,194 INFO  [org.apa.kaf.com.met.Metrics] (Thread-600) Metrics scheduler closed
2025-08-07 20:32:37,194 INFO  [org.apa.kaf.com.met.Metrics] (Thread-600) Closing reporter org.apache.kafka.common.metrics.JmxReporter
2025-08-07 20:32:37,197 INFO  [org.apa.kaf.com.met.Metrics] (Thread-600) Closing reporter org.apache.kafka.common.telemetry.internals.ClientTelemetryReporter
2025-08-07 20:32:37,197 INFO  [org.apa.kaf.com.met.Metrics] (Thread-600) Metrics reporters closed
2025-08-07 20:32:37,201 INFO  [org.apa.kaf.com.uti.AppInfoParser] (Thread-600) App info kafka.producer for Producer-topic-1a37509a_8e7f_47ef_b419_dce8b1f38ba5 unregistered
**** Registry Base URL: http://registry-app-ksql047.apps.ci419.apicurio-testing.org:80
2025-08-07 20:32:37,252 INFO  [org.apa.kaf.cli.con.ConsumerConfig] (main) ConsumerConfig values: 
	allow.auto.create.topics = true
	auto.commit.interval.ms = 500
	auto.include.jmx.reporter = true
	auto.offset.reset = earliest
	bootstrap.servers = [PLAINTEXT://localhost:32769]
	check.crcs = true
	client.dns.lookup = use_all_dns_ips
	client.id = consumer-Consumer-topic-1a37509a_8e7f_47ef_b419_dce8b1f38ba5-1
	client.rack = 
	connections.max.idle.ms = 10000
	default.api.timeout.ms = 60000
	enable.auto.commit = true
	enable.metrics.push = true
	exclude.internal.topics = true
	fetch.max.bytes = 52428800
	fetch.max.wait.ms = 500
	fetch.min.bytes = 1
	group.id = Consumer-topic-1a37509a_8e7f_47ef_b419_dce8b1f38ba5
	group.instance.id = null
	group.protocol = classic
	group.remote.assignor = null
	heartbeat.interval.ms = 3000
	interceptor.classes = []
	internal.leave.group.on.close = true
	internal.throw.on.fetch.stable.offset.unsupported = false
	isolation.level = read_uncommitted
	key.deserializer = class org.apache.kafka.common.serialization.StringDeserializer
	max.partition.fetch.bytes = 1048576
	max.poll.interval.ms = 300000
	max.poll.records = 500
	metadata.max.age.ms = 300000
	metadata.recovery.strategy = none
	metric.reporters = []
	metrics.num.samples = 2
	metrics.recording.level = INFO
	metrics.sample.window.ms = 30000
	partition.assignment.strategy = [class org.apache.kafka.clients.consumer.RangeAssignor, class org.apache.kafka.clients.consumer.CooperativeStickyAssignor]
	receive.buffer.bytes = 65536
	reconnect.backoff.max.ms = 1000
	reconnect.backoff.ms = 50
	request.timeout.ms = 5000
	retry.backoff.max.ms = 1000
	retry.backoff.ms = 100
	sasl.client.callback.handler.class = null
	sasl.jaas.config = null
	sasl.kerberos.kinit.cmd = /usr/bin/kinit
	sasl.kerberos.min.time.before.relogin = 60000
	sasl.kerberos.service.name = null
	sasl.kerberos.ticket.renew.jitter = 0.05
	sasl.kerberos.ticket.renew.window.factor = 0.8
	sasl.login.callback.handler.class = null
	sasl.login.class = null
	sasl.login.connect.timeout.ms = null
	sasl.login.read.timeout.ms = null
	sasl.login.refresh.buffer.seconds = 300
	sasl.login.refresh.min.period.seconds = 60
	sasl.login.refresh.window.factor = 0.8
	sasl.login.refresh.window.jitter = 0.05
	sasl.login.retry.backoff.max.ms = 10000
	sasl.login.retry.backoff.ms = 100
	sasl.mechanism = GSSAPI
	sasl.oauthbearer.clock.skew.seconds = 30
	sasl.oauthbearer.expected.audience = null
	sasl.oauthbearer.expected.issuer = null
	sasl.oauthbearer.header.urlencode = false
	sasl.oauthbearer.jwks.endpoint.refresh.ms = 3600000
	sasl.oauthbearer.jwks.endpoint.retry.backoff.max.ms = 10000
	sasl.oauthbearer.jwks.endpoint.retry.backoff.ms = 100
	sasl.oauthbearer.jwks.endpoint.url = null
	sasl.oauthbearer.scope.claim.name = scope
	sasl.oauthbearer.sub.claim.name = sub
	sasl.oauthbearer.token.endpoint.url = null
	security.protocol = PLAINTEXT
	security.providers = null
	send.buffer.bytes = 131072
	session.timeout.ms = 45000
	socket.connection.setup.timeout.max.ms = 30000
	socket.connection.setup.timeout.ms = 10000
	ssl.cipher.suites = null
	ssl.enabled.protocols = [TLSv1.2, TLSv1.3]
	ssl.endpoint.identification.algorithm = https
	ssl.engine.factory.class = null
	ssl.key.password = null
	ssl.keymanager.algorithm = SunX509
	ssl.keystore.certificate.chain = null
	ssl.keystore.key = null
	ssl.keystore.location = null
	ssl.keystore.password = null
	ssl.keystore.type = JKS
	ssl.protocol = TLSv1.3
	ssl.provider = null
	ssl.secure.random.implementation = null
	ssl.trustmanager.algorithm = PKIX
	ssl.truststore.certificates = null
	ssl.truststore.location = null
	ssl.truststore.password = null
	ssl.truststore.type = JKS
	value.deserializer = class io.apicurio.registry.serde.avro.AvroKafkaDeserializer

2025-08-07 20:32:37,264 INFO  [org.apa.kaf.com.tel.int.KafkaMetricsCollector] (main) initializing Kafka metrics collector
2025-08-07 20:32:37,312 INFO  [org.apa.kaf.cli.con.ConsumerConfig] (main) These configurations '[apicurio.registry.url, apicurio.registry.use-id]' were supplied but are not used yet.
2025-08-07 20:32:37,313 INFO  [org.apa.kaf.com.uti.AppInfoParser] (main) Kafka version: 3.9.1
2025-08-07 20:32:37,313 INFO  [org.apa.kaf.com.uti.AppInfoParser] (main) Kafka commitId: f745dfdcee2b9851
2025-08-07 20:32:37,313 INFO  [org.apa.kaf.com.uti.AppInfoParser] (main) Kafka startTimeMs: 1754598757313
2025-08-07 20:32:37,315 INFO  [org.apa.kaf.cli.con.int.ClassicKafkaConsumer] (Thread-603) [Consumer clientId=consumer-Consumer-topic-1a37509a_8e7f_47ef_b419_dce8b1f38ba5-1, groupId=Consumer-topic-1a37509a_8e7f_47ef_b419_dce8b1f38ba5] Subscribed to topic(s): topic-1a37509a_8e7f_47ef_b419_dce8b1f38ba5
2025-08-07 20:32:37,341 INFO  [org.apa.kaf.cli.Metadata] (Thread-603) [Consumer clientId=consumer-Consumer-topic-1a37509a_8e7f_47ef_b419_dce8b1f38ba5-1, groupId=Consumer-topic-1a37509a_8e7f_47ef_b419_dce8b1f38ba5] Cluster ID: pU55guAKRSeYHTOWTlfVzQ
2025-08-07 20:32:37,475 INFO  [org.apa.kaf.cli.con.int.ConsumerCoordinator] (Thread-603) [Consumer clientId=consumer-Consumer-topic-1a37509a_8e7f_47ef_b419_dce8b1f38ba5-1, groupId=Consumer-topic-1a37509a_8e7f_47ef_b419_dce8b1f38ba5] Discovered group coordinator localhost:32769 (id: 2147483647 rack: null)
2025-08-07 20:32:37,486 INFO  [org.apa.kaf.cli.con.int.ConsumerCoordinator] (Thread-603) [Consumer clientId=consumer-Consumer-topic-1a37509a_8e7f_47ef_b419_dce8b1f38ba5-1, groupId=Consumer-topic-1a37509a_8e7f_47ef_b419_dce8b1f38ba5] (Re-)joining group
2025-08-07 20:32:37,534 INFO  [org.apa.kaf.cli.con.int.ConsumerCoordinator] (Thread-603) [Consumer clientId=consumer-Consumer-topic-1a37509a_8e7f_47ef_b419_dce8b1f38ba5-1, groupId=Consumer-topic-1a37509a_8e7f_47ef_b419_dce8b1f38ba5] Group coordinator localhost:32769 (id: 2147483647 rack: null) is unavailable or invalid due to cause: error response NOT_COORDINATOR. isDisconnected: false. Rediscovery will be attempted.
2025-08-07 20:32:37,534 INFO  [org.apa.kaf.cli.con.int.ConsumerCoordinator] (Thread-603) [Consumer clientId=consumer-Consumer-topic-1a37509a_8e7f_47ef_b419_dce8b1f38ba5-1, groupId=Consumer-topic-1a37509a_8e7f_47ef_b419_dce8b1f38ba5] Requesting disconnect from last known coordinator localhost:32769 (id: 2147483647 rack: null)
2025-08-07 20:32:37,534 INFO  [org.apa.kaf.cli.con.int.ConsumerCoordinator] (Thread-603) [Consumer clientId=consumer-Consumer-topic-1a37509a_8e7f_47ef_b419_dce8b1f38ba5-1, groupId=Consumer-topic-1a37509a_8e7f_47ef_b419_dce8b1f38ba5] JoinGroup failed: This is not the correct coordinator. Marking coordinator unknown. Sent generation was Generation{generationId=-1, memberId='', protocol='null'}
2025-08-07 20:32:37,535 INFO  [org.apa.kaf.cli.NetworkClient] (Thread-603) [Consumer clientId=consumer-Consumer-topic-1a37509a_8e7f_47ef_b419_dce8b1f38ba5-1, groupId=Consumer-topic-1a37509a_8e7f_47ef_b419_dce8b1f38ba5] Client requested disconnect from node 2147483647
2025-08-07 20:32:37,540 INFO  [org.apa.kaf.cli.con.int.ConsumerCoordinator] (Thread-603) [Consumer clientId=consumer-Consumer-topic-1a37509a_8e7f_47ef_b419_dce8b1f38ba5-1, groupId=Consumer-topic-1a37509a_8e7f_47ef_b419_dce8b1f38ba5] Discovered group coordinator localhost:32769 (id: 2147483647 rack: null)
2025-08-07 20:32:37,541 INFO  [org.apa.kaf.cli.con.int.ConsumerCoordinator] (Thread-603) [Consumer clientId=consumer-Consumer-topic-1a37509a_8e7f_47ef_b419_dce8b1f38ba5-1, groupId=Consumer-topic-1a37509a_8e7f_47ef_b419_dce8b1f38ba5] Group coordinator localhost:32769 (id: 2147483647 rack: null) is unavailable or invalid due to cause: coordinator unavailable. isDisconnected: false. Rediscovery will be attempted.
2025-08-07 20:32:37,541 INFO  [org.apa.kaf.cli.con.int.ConsumerCoordinator] (Thread-603) [Consumer clientId=consumer-Consumer-topic-1a37509a_8e7f_47ef_b419_dce8b1f38ba5-1, groupId=Consumer-topic-1a37509a_8e7f_47ef_b419_dce8b1f38ba5] Requesting disconnect from last known coordinator localhost:32769 (id: 2147483647 rack: null)
2025-08-07 20:32:37,648 INFO  [org.apa.kaf.cli.con.int.ConsumerCoordinator] (Thread-603) [Consumer clientId=consumer-Consumer-topic-1a37509a_8e7f_47ef_b419_dce8b1f38ba5-1, groupId=Consumer-topic-1a37509a_8e7f_47ef_b419_dce8b1f38ba5] Discovered group coordinator localhost:32769 (id: 2147483647 rack: null)
2025-08-07 20:32:37,650 INFO  [org.apa.kaf.cli.con.int.ConsumerCoordinator] (Thread-603) [Consumer clientId=consumer-Consumer-topic-1a37509a_8e7f_47ef_b419_dce8b1f38ba5-1, groupId=Consumer-topic-1a37509a_8e7f_47ef_b419_dce8b1f38ba5] Request joining group due to: rebalance failed due to 'This is not the correct coordinator.' (NotCoordinatorException)
2025-08-07 20:32:37,651 INFO  [org.apa.kaf.cli.con.int.ConsumerCoordinator] (Thread-603) [Consumer clientId=consumer-Consumer-topic-1a37509a_8e7f_47ef_b419_dce8b1f38ba5-1, groupId=Consumer-topic-1a37509a_8e7f_47ef_b419_dce8b1f38ba5] (Re-)joining group
2025-08-07 20:32:37,661 INFO  [org.apa.kaf.cli.con.int.ConsumerCoordinator] (Thread-603) [Consumer clientId=consumer-Consumer-topic-1a37509a_8e7f_47ef_b419_dce8b1f38ba5-1, groupId=Consumer-topic-1a37509a_8e7f_47ef_b419_dce8b1f38ba5] Group coordinator localhost:32769 (id: 2147483647 rack: null) is unavailable or invalid due to cause: error response NOT_COORDINATOR. isDisconnected: false. Rediscovery will be attempted.
2025-08-07 20:32:37,661 INFO  [org.apa.kaf.cli.con.int.ConsumerCoordinator] (Thread-603) [Consumer clientId=consumer-Consumer-topic-1a37509a_8e7f_47ef_b419_dce8b1f38ba5-1, groupId=Consumer-topic-1a37509a_8e7f_47ef_b419_dce8b1f38ba5] Requesting disconnect from last known coordinator localhost:32769 (id: 2147483647 rack: null)
2025-08-07 20:32:37,661 INFO  [org.apa.kaf.cli.con.int.ConsumerCoordinator] (Thread-603) [Consumer clientId=consumer-Consumer-topic-1a37509a_8e7f_47ef_b419_dce8b1f38ba5-1, groupId=Consumer-topic-1a37509a_8e7f_47ef_b419_dce8b1f38ba5] JoinGroup failed: This is not the correct coordinator. Marking coordinator unknown. Sent generation was Generation{generationId=-1, memberId='', protocol='null'}
2025-08-07 20:32:37,661 INFO  [org.apa.kaf.cli.NetworkClient] (Thread-603) [Consumer clientId=consumer-Consumer-topic-1a37509a_8e7f_47ef_b419_dce8b1f38ba5-1, groupId=Consumer-topic-1a37509a_8e7f_47ef_b419_dce8b1f38ba5] Client requested disconnect from node 2147483647
2025-08-07 20:32:37,670 INFO  [org.apa.kaf.cli.con.int.ConsumerCoordinator] (Thread-603) [Consumer clientId=consumer-Consumer-topic-1a37509a_8e7f_47ef_b419_dce8b1f38ba5-1, groupId=Consumer-topic-1a37509a_8e7f_47ef_b419_dce8b1f38ba5] Discovered group coordinator localhost:32769 (id: 2147483647 rack: null)
2025-08-07 20:32:37,670 INFO  [org.apa.kaf.cli.con.int.ConsumerCoordinator] (Thread-603) [Consumer clientId=consumer-Consumer-topic-1a37509a_8e7f_47ef_b419_dce8b1f38ba5-1, groupId=Consumer-topic-1a37509a_8e7f_47ef_b419_dce8b1f38ba5] Group coordinator localhost:32769 (id: 2147483647 rack: null) is unavailable or invalid due to cause: coordinator unavailable. isDisconnected: false. Rediscovery will be attempted.
2025-08-07 20:32:37,670 INFO  [org.apa.kaf.cli.con.int.ConsumerCoordinator] (Thread-603) [Consumer clientId=consumer-Consumer-topic-1a37509a_8e7f_47ef_b419_dce8b1f38ba5-1, groupId=Consumer-topic-1a37509a_8e7f_47ef_b419_dce8b1f38ba5] Requesting disconnect from last known coordinator localhost:32769 (id: 2147483647 rack: null)
2025-08-07 20:32:37,768 INFO  [org.apa.kaf.cli.con.int.ConsumerCoordinator] (Thread-603) [Consumer clientId=consumer-Consumer-topic-1a37509a_8e7f_47ef_b419_dce8b1f38ba5-1, groupId=Consumer-topic-1a37509a_8e7f_47ef_b419_dce8b1f38ba5] Discovered group coordinator localhost:32769 (id: 2147483647 rack: null)
2025-08-07 20:32:37,772 INFO  [org.apa.kaf.cli.con.int.ConsumerCoordinator] (Thread-603) [Consumer clientId=consumer-Consumer-topic-1a37509a_8e7f_47ef_b419_dce8b1f38ba5-1, groupId=Consumer-topic-1a37509a_8e7f_47ef_b419_dce8b1f38ba5] Request joining group due to: rebalance failed due to 'This is not the correct coordinator.' (NotCoordinatorException)
2025-08-07 20:32:37,774 INFO  [org.apa.kaf.cli.con.int.ConsumerCoordinator] (Thread-603) [Consumer clientId=consumer-Consumer-topic-1a37509a_8e7f_47ef_b419_dce8b1f38ba5-1, groupId=Consumer-topic-1a37509a_8e7f_47ef_b419_dce8b1f38ba5] (Re-)joining group
2025-08-07 20:32:37,779 INFO  [org.apa.kaf.cli.con.int.ConsumerCoordinator] (Thread-603) [Consumer clientId=consumer-Consumer-topic-1a37509a_8e7f_47ef_b419_dce8b1f38ba5-1, groupId=Consumer-topic-1a37509a_8e7f_47ef_b419_dce8b1f38ba5] Group coordinator localhost:32769 (id: 2147483647 rack: null) is unavailable or invalid due to cause: error response NOT_COORDINATOR. isDisconnected: false. Rediscovery will be attempted.
2025-08-07 20:32:37,779 INFO  [org.apa.kaf.cli.con.int.ConsumerCoordinator] (Thread-603) [Consumer clientId=consumer-Consumer-topic-1a37509a_8e7f_47ef_b419_dce8b1f38ba5-1, groupId=Consumer-topic-1a37509a_8e7f_47ef_b419_dce8b1f38ba5] Requesting disconnect from last known coordinator localhost:32769 (id: 2147483647 rack: null)
2025-08-07 20:32:37,779 INFO  [org.apa.kaf.cli.con.int.ConsumerCoordinator] (Thread-603) [Consumer clientId=consumer-Consumer-topic-1a37509a_8e7f_47ef_b419_dce8b1f38ba5-1, groupId=Consumer-topic-1a37509a_8e7f_47ef_b419_dce8b1f38ba5] JoinGroup failed: This is not the correct coordinator. Marking coordinator unknown. Sent generation was Generation{generationId=-1, memberId='', protocol='null'}
2025-08-07 20:32:37,779 INFO  [org.apa.kaf.cli.NetworkClient] (Thread-603) [Consumer clientId=consumer-Consumer-topic-1a37509a_8e7f_47ef_b419_dce8b1f38ba5-1, groupId=Consumer-topic-1a37509a_8e7f_47ef_b419_dce8b1f38ba5] Client requested disconnect from node 2147483647
2025-08-07 20:32:37,788 INFO  [org.apa.kaf.cli.con.int.ConsumerCoordinator] (Thread-603) [Consumer clientId=consumer-Consumer-topic-1a37509a_8e7f_47ef_b419_dce8b1f38ba5-1, groupId=Consumer-topic-1a37509a_8e7f_47ef_b419_dce8b1f38ba5] Discovered group coordinator localhost:32769 (id: 2147483647 rack: null)
2025-08-07 20:32:37,789 INFO  [org.apa.kaf.cli.con.int.ConsumerCoordinator] (Thread-603) [Consumer clientId=consumer-Consumer-topic-1a37509a_8e7f_47ef_b419_dce8b1f38ba5-1, groupId=Consumer-topic-1a37509a_8e7f_47ef_b419_dce8b1f38ba5] Group coordinator localhost:32769 (id: 2147483647 rack: null) is unavailable or invalid due to cause: coordinator unavailable. isDisconnected: false. Rediscovery will be attempted.
2025-08-07 20:32:37,789 INFO  [org.apa.kaf.cli.con.int.ConsumerCoordinator] (Thread-603) [Consumer clientId=consumer-Consumer-topic-1a37509a_8e7f_47ef_b419_dce8b1f38ba5-1, groupId=Consumer-topic-1a37509a_8e7f_47ef_b419_dce8b1f38ba5] Requesting disconnect from last known coordinator localhost:32769 (id: 2147483647 rack: null)
2025-08-07 20:32:37,889 INFO  [org.apa.kaf.cli.con.int.ConsumerCoordinator] (Thread-603) [Consumer clientId=consumer-Consumer-topic-1a37509a_8e7f_47ef_b419_dce8b1f38ba5-1, groupId=Consumer-topic-1a37509a_8e7f_47ef_b419_dce8b1f38ba5] Discovered group coordinator localhost:32769 (id: 2147483647 rack: null)
2025-08-07 20:32:37,890 INFO  [org.apa.kaf.cli.con.int.ConsumerCoordinator] (Thread-603) [Consumer clientId=consumer-Consumer-topic-1a37509a_8e7f_47ef_b419_dce8b1f38ba5-1, groupId=Consumer-topic-1a37509a_8e7f_47ef_b419_dce8b1f38ba5] Request joining group due to: rebalance failed due to 'This is not the correct coordinator.' (NotCoordinatorException)
2025-08-07 20:32:37,891 INFO  [org.apa.kaf.cli.con.int.ConsumerCoordinator] (Thread-603) [Consumer clientId=consumer-Consumer-topic-1a37509a_8e7f_47ef_b419_dce8b1f38ba5-1, groupId=Consumer-topic-1a37509a_8e7f_47ef_b419_dce8b1f38ba5] (Re-)joining group
2025-08-07 20:32:37,966 INFO  [org.apa.kaf.cli.con.int.ConsumerCoordinator] (Thread-603) [Consumer clientId=consumer-Consumer-topic-1a37509a_8e7f_47ef_b419_dce8b1f38ba5-1, groupId=Consumer-topic-1a37509a_8e7f_47ef_b419_dce8b1f38ba5] Group coordinator localhost:32769 (id: 2147483647 rack: null) is unavailable or invalid due to cause: error response NOT_COORDINATOR. isDisconnected: false. Rediscovery will be attempted.
2025-08-07 20:32:37,967 INFO  [org.apa.kaf.cli.con.int.ConsumerCoordinator] (Thread-603) [Consumer clientId=consumer-Consumer-topic-1a37509a_8e7f_47ef_b419_dce8b1f38ba5-1, groupId=Consumer-topic-1a37509a_8e7f_47ef_b419_dce8b1f38ba5] Requesting disconnect from last known coordinator localhost:32769 (id: 2147483647 rack: null)
2025-08-07 20:32:37,968 INFO  [org.apa.kaf.cli.con.int.ConsumerCoordinator] (Thread-603) [Consumer clientId=consumer-Consumer-topic-1a37509a_8e7f_47ef_b419_dce8b1f38ba5-1, groupId=Consumer-topic-1a37509a_8e7f_47ef_b419_dce8b1f38ba5] JoinGroup failed: This is not the correct coordinator. Marking coordinator unknown. Sent generation was Generation{generationId=-1, memberId='', protocol='null'}
2025-08-07 20:32:37,968 INFO  [org.apa.kaf.cli.NetworkClient] (Thread-603) [Consumer clientId=consumer-Consumer-topic-1a37509a_8e7f_47ef_b419_dce8b1f38ba5-1, groupId=Consumer-topic-1a37509a_8e7f_47ef_b419_dce8b1f38ba5] Client requested disconnect from node 2147483647
2025-08-07 20:32:37,977 INFO  [org.apa.kaf.cli.con.int.ConsumerCoordinator] (Thread-603) [Consumer clientId=consumer-Consumer-topic-1a37509a_8e7f_47ef_b419_dce8b1f38ba5-1, groupId=Consumer-topic-1a37509a_8e7f_47ef_b419_dce8b1f38ba5] Discovered group coordinator localhost:32769 (id: 2147483647 rack: null)
2025-08-07 20:32:37,977 INFO  [org.apa.kaf.cli.con.int.ConsumerCoordinator] (Thread-603) [Consumer clientId=consumer-Consumer-topic-1a37509a_8e7f_47ef_b419_dce8b1f38ba5-1, groupId=Consumer-topic-1a37509a_8e7f_47ef_b419_dce8b1f38ba5] Group coordinator localhost:32769 (id: 2147483647 rack: null) is unavailable or invalid due to cause: coordinator unavailable. isDisconnected: false. Rediscovery will be attempted.
2025-08-07 20:32:37,977 INFO  [org.apa.kaf.cli.con.int.ConsumerCoordinator] (Thread-603) [Consumer clientId=consumer-Consumer-topic-1a37509a_8e7f_47ef_b419_dce8b1f38ba5-1, groupId=Consumer-topic-1a37509a_8e7f_47ef_b419_dce8b1f38ba5] Requesting disconnect from last known coordinator localhost:32769 (id: 2147483647 rack: null)
2025-08-07 20:32:38,071 INFO  [org.apa.kaf.cli.con.int.ConsumerCoordinator] (Thread-603) [Consumer clientId=consumer-Consumer-topic-1a37509a_8e7f_47ef_b419_dce8b1f38ba5-1, groupId=Consumer-topic-1a37509a_8e7f_47ef_b419_dce8b1f38ba5] Discovered group coordinator localhost:32769 (id: 2147483647 rack: null)
2025-08-07 20:32:38,072 INFO  [org.apa.kaf.cli.con.int.ConsumerCoordinator] (Thread-603) [Consumer clientId=consumer-Consumer-topic-1a37509a_8e7f_47ef_b419_dce8b1f38ba5-1, groupId=Consumer-topic-1a37509a_8e7f_47ef_b419_dce8b1f38ba5] Request joining group due to: rebalance failed due to 'This is not the correct coordinator.' (NotCoordinatorException)
2025-08-07 20:32:38,074 INFO  [org.apa.kaf.cli.con.int.ConsumerCoordinator] (Thread-603) [Consumer clientId=consumer-Consumer-topic-1a37509a_8e7f_47ef_b419_dce8b1f38ba5-1, groupId=Consumer-topic-1a37509a_8e7f_47ef_b419_dce8b1f38ba5] (Re-)joining group
2025-08-07 20:32:38,081 INFO  [org.apa.kaf.cli.con.int.ConsumerCoordinator] (Thread-603) [Consumer clientId=consumer-Consumer-topic-1a37509a_8e7f_47ef_b419_dce8b1f38ba5-1, groupId=Consumer-topic-1a37509a_8e7f_47ef_b419_dce8b1f38ba5] Request joining group due to: need to re-join with the given member-id: consumer-Consumer-topic-1a37509a_8e7f_47ef_b419_dce8b1f38ba5-1-681ba642-dd73-4599-8908-3627a9e54ef3
2025-08-07 20:32:38,081 INFO  [org.apa.kaf.cli.con.int.ConsumerCoordinator] (Thread-603) [Consumer clientId=consumer-Consumer-topic-1a37509a_8e7f_47ef_b419_dce8b1f38ba5-1, groupId=Consumer-topic-1a37509a_8e7f_47ef_b419_dce8b1f38ba5] (Re-)joining group
2025-08-07 20:32:38,317 INFO  [io.api.tes.ser.api.KafkaSerdesTester] (Thread-603) None found
2025-08-07 20:32:39,317 INFO  [io.api.tes.ser.api.KafkaSerdesTester] (Thread-603) None found
2025-08-07 20:32:40,318 INFO  [io.api.tes.ser.api.KafkaSerdesTester] (Thread-603) None found
2025-08-07 20:32:41,095 INFO  [org.apa.kaf.cli.con.int.ConsumerCoordinator] (Thread-603) [Consumer clientId=consumer-Consumer-topic-1a37509a_8e7f_47ef_b419_dce8b1f38ba5-1, groupId=Consumer-topic-1a37509a_8e7f_47ef_b419_dce8b1f38ba5] Successfully joined group with generation Generation{generationId=1, memberId='consumer-Consumer-topic-1a37509a_8e7f_47ef_b419_dce8b1f38ba5-1-681ba642-dd73-4599-8908-3627a9e54ef3', protocol='range'}
2025-08-07 20:32:41,105 INFO  [org.apa.kaf.cli.con.int.ConsumerCoordinator] (Thread-603) [Consumer clientId=consumer-Consumer-topic-1a37509a_8e7f_47ef_b419_dce8b1f38ba5-1, groupId=Consumer-topic-1a37509a_8e7f_47ef_b419_dce8b1f38ba5] Finished assignment for group at generation 1: {consumer-Consumer-topic-1a37509a_8e7f_47ef_b419_dce8b1f38ba5-1-681ba642-dd73-4599-8908-3627a9e54ef3=Assignment(partitions=[topic-1a37509a_8e7f_47ef_b419_dce8b1f38ba5-0])}
2025-08-07 20:32:41,121 INFO  [org.apa.kaf.cli.con.int.ConsumerCoordinator] (Thread-603) [Consumer clientId=consumer-Consumer-topic-1a37509a_8e7f_47ef_b419_dce8b1f38ba5-1, groupId=Consumer-topic-1a37509a_8e7f_47ef_b419_dce8b1f38ba5] Successfully synced group in generation Generation{generationId=1, memberId='consumer-Consumer-topic-1a37509a_8e7f_47ef_b419_dce8b1f38ba5-1-681ba642-dd73-4599-8908-3627a9e54ef3', protocol='range'}
2025-08-07 20:32:41,121 INFO  [org.apa.kaf.cli.con.int.ConsumerCoordinator] (Thread-603) [Consumer clientId=consumer-Consumer-topic-1a37509a_8e7f_47ef_b419_dce8b1f38ba5-1, groupId=Consumer-topic-1a37509a_8e7f_47ef_b419_dce8b1f38ba5] Notifying assignor about the new Assignment(partitions=[topic-1a37509a_8e7f_47ef_b419_dce8b1f38ba5-0])
2025-08-07 20:32:41,123 INFO  [org.apa.kaf.cli.con.int.ConsumerRebalanceListenerInvoker] (Thread-603) [Consumer clientId=consumer-Consumer-topic-1a37509a_8e7f_47ef_b419_dce8b1f38ba5-1, groupId=Consumer-topic-1a37509a_8e7f_47ef_b419_dce8b1f38ba5] Adding newly assigned partitions: topic-1a37509a_8e7f_47ef_b419_dce8b1f38ba5-0
2025-08-07 20:32:41,148 INFO  [org.apa.kaf.cli.con.int.ConsumerCoordinator] (Thread-603) [Consumer clientId=consumer-Consumer-topic-1a37509a_8e7f_47ef_b419_dce8b1f38ba5-1, groupId=Consumer-topic-1a37509a_8e7f_47ef_b419_dce8b1f38ba5] Found no committed offset for partition topic-1a37509a_8e7f_47ef_b419_dce8b1f38ba5-0
2025-08-07 20:32:41,167 INFO  [org.apa.kaf.cli.con.int.SubscriptionState] (Thread-603) [Consumer clientId=consumer-Consumer-topic-1a37509a_8e7f_47ef_b419_dce8b1f38ba5-1, groupId=Consumer-topic-1a37509a_8e7f_47ef_b419_dce8b1f38ba5] Resetting offset for partition topic-1a37509a_8e7f_47ef_b419_dce8b1f38ba5-0 to position FetchPosition{offset=0, offsetEpoch=Optional.empty, currentLeader=LeaderAndEpoch{leader=Optional[localhost:32769 (id: 0 rack: null)], epoch=0}}.
2025-08-07 20:32:41,271 INFO  [io.api.tes.ser.api.KafkaSerdesTester] (Thread-603) topic-1a37509a_8e7f_47ef_b419_dce8b1f38ba5 0 0 {"key11754598756344": "value-0"}
2025-08-07 20:32:41,271 INFO  [io.api.tes.ser.api.KafkaSerdesTester] (Thread-603) topic-1a37509a_8e7f_47ef_b419_dce8b1f38ba5 0 1 {"key11754598756344": "value-1"}
2025-08-07 20:32:41,271 INFO  [io.api.tes.ser.api.KafkaSerdesTester] (Thread-603) topic-1a37509a_8e7f_47ef_b419_dce8b1f38ba5 0 2 {"key11754598756344": "value-2"}
2025-08-07 20:32:41,271 INFO  [io.api.tes.ser.api.KafkaSerdesTester] (Thread-603) topic-1a37509a_8e7f_47ef_b419_dce8b1f38ba5 0 3 {"key11754598756344": "value-3"}
2025-08-07 20:32:41,271 INFO  [io.api.tes.ser.api.KafkaSerdesTester] (Thread-603) topic-1a37509a_8e7f_47ef_b419_dce8b1f38ba5 0 4 {"key11754598756344": "value-4"}
2025-08-07 20:32:41,271 INFO  [io.api.tes.ser.api.KafkaSerdesTester] (Thread-603) topic-1a37509a_8e7f_47ef_b419_dce8b1f38ba5 0 5 {"key11754598756344": "value-5"}
2025-08-07 20:32:41,271 INFO  [io.api.tes.ser.api.KafkaSerdesTester] (Thread-603) topic-1a37509a_8e7f_47ef_b419_dce8b1f38ba5 0 6 {"key11754598756344": "value-6"}
2025-08-07 20:32:41,272 INFO  [io.api.tes.ser.api.KafkaSerdesTester] (Thread-603) topic-1a37509a_8e7f_47ef_b419_dce8b1f38ba5 0 7 {"key11754598756344": "value-7"}
2025-08-07 20:32:41,272 INFO  [io.api.tes.ser.api.KafkaSerdesTester] (Thread-603) topic-1a37509a_8e7f_47ef_b419_dce8b1f38ba5 0 8 {"key11754598756344": "value-8"}
2025-08-07 20:32:41,272 INFO  [io.api.tes.ser.api.KafkaSerdesTester] (Thread-603) topic-1a37509a_8e7f_47ef_b419_dce8b1f38ba5 0 9 {"key11754598756344": "value-9"}
2025-08-07 20:32:41,272 INFO  [io.api.tes.ser.api.KafkaSerdesTester] (Thread-603) Consumed 10 messages
2025-08-07 20:32:41,302 INFO  [org.apa.kaf.cli.con.int.ConsumerRebalanceListenerInvoker] (Thread-603) [Consumer clientId=consumer-Consumer-topic-1a37509a_8e7f_47ef_b419_dce8b1f38ba5-1, groupId=Consumer-topic-1a37509a_8e7f_47ef_b419_dce8b1f38ba5] Revoke previously assigned partitions topic-1a37509a_8e7f_47ef_b419_dce8b1f38ba5-0
2025-08-07 20:32:41,305 INFO  [org.apa.kaf.cli.con.int.ConsumerCoordinator] (Thread-603) [Consumer clientId=consumer-Consumer-topic-1a37509a_8e7f_47ef_b419_dce8b1f38ba5-1, groupId=Consumer-topic-1a37509a_8e7f_47ef_b419_dce8b1f38ba5] Member consumer-Consumer-topic-1a37509a_8e7f_47ef_b419_dce8b1f38ba5-1-681ba642-dd73-4599-8908-3627a9e54ef3 sending LeaveGroup request to coordinator localhost:32769 (id: 2147483647 rack: null) due to the consumer is being closed
2025-08-07 20:32:41,305 INFO  [org.apa.kaf.cli.con.int.ConsumerCoordinator] (Thread-603) [Consumer clientId=consumer-Consumer-topic-1a37509a_8e7f_47ef_b419_dce8b1f38ba5-1, groupId=Consumer-topic-1a37509a_8e7f_47ef_b419_dce8b1f38ba5] Resetting generation and member id due to: consumer pro-actively leaving the group
2025-08-07 20:32:41,306 INFO  [org.apa.kaf.cli.con.int.ConsumerCoordinator] (Thread-603) [Consumer clientId=consumer-Consumer-topic-1a37509a_8e7f_47ef_b419_dce8b1f38ba5-1, groupId=Consumer-topic-1a37509a_8e7f_47ef_b419_dce8b1f38ba5] Request joining group due to: consumer pro-actively leaving the group
2025-08-07 20:32:41,792 INFO  [org.apa.kaf.com.met.Metrics] (Thread-603) Metrics scheduler closed
2025-08-07 20:32:41,793 INFO  [org.apa.kaf.com.met.Metrics] (Thread-603) Closing reporter org.apache.kafka.common.metrics.JmxReporter
2025-08-07 20:32:41,793 INFO  [org.apa.kaf.com.met.Metrics] (Thread-603) Closing reporter org.apache.kafka.common.telemetry.internals.ClientTelemetryReporter
2025-08-07 20:32:41,793 INFO  [org.apa.kaf.com.met.Metrics] (Thread-603) Metrics reporters closed
2025-08-07 20:32:41,805 INFO  [org.apa.kaf.com.uti.AppInfoParser] (Thread-603) App info kafka.consumer for consumer-Consumer-topic-1a37509a_8e7f_47ef_b419_dce8b1f38ba5-1 unregistered
2025-08-07 20:32:41,807 INFO  [io.api.tes.uti.TestSeparator] (main) io.apicurio.tests.serdes.apicurio.AvroSerdeIT.testGlobalIdInHeaders-FINISHED
2025-08-07 20:32:41,807 INFO  [io.api.tes.uti.TestSeparator] (main) ############################################################################
Test passed: testGlobalIdInHeaders
]]></system-out>
  </testcase>
  <testcase name="testSimpleTopicIdStrategyFindLatest" classname="io.apicurio.tests.serdes.apicurio.AvroSerdeIT" time="4.849">
    <system-out><![CDATA[2025-08-07 20:32:41,812 INFO  [io.api.tes.uti.TestSeparator] (main) ############################################################################
2025-08-07 20:32:41,812 INFO  [io.api.tes.uti.TestSeparator] (main) io.apicurio.tests.serdes.apicurio.AvroSerdeIT.testSimpleTopicIdStrategyFindLatest-STARTED
2025-08-07 20:32:41,816 INFO  [io.api.tes.ser.api.AvroSerdeIT] (main) Registering Avro Schema: {"type":"record","name":"myrecordapicurio1","fields":[{"name":"key11754598761816","type":"string"}]}
**** Registry Base URL: http://registry-app-ksql047.apps.ci419.apicurio-testing.org:80
2025-08-07 20:32:42,895 INFO  [org.apa.kaf.cli.pro.ProducerConfig] (main) ProducerConfig values: 
	acks = -1
	auto.include.jmx.reporter = true
	batch.size = 16384
	bootstrap.servers = [PLAINTEXT://localhost:32769]
	buffer.memory = 33554432
	client.dns.lookup = use_all_dns_ips
	client.id = Producer-topic-f0954832_f203_48dd_9023_4096d785ba5b
	compression.gzip.level = -1
	compression.lz4.level = 9
	compression.type = none
	compression.zstd.level = 3
	connections.max.idle.ms = 10000
	delivery.timeout.ms = 120000
	enable.idempotence = true
	enable.metrics.push = true
	interceptor.classes = []
	key.serializer = class org.apache.kafka.common.serialization.StringSerializer
	linger.ms = 0
	max.block.ms = 60000
	max.in.flight.requests.per.connection = 5
	max.request.size = 1048576
	metadata.max.age.ms = 300000
	metadata.max.idle.ms = 300000
	metadata.recovery.strategy = none
	metric.reporters = []
	metrics.num.samples = 2
	metrics.recording.level = INFO
	metrics.sample.window.ms = 30000
	partitioner.adaptive.partitioning.enable = true
	partitioner.availability.timeout.ms = 0
	partitioner.class = null
	partitioner.ignore.keys = false
	receive.buffer.bytes = 32768
	reconnect.backoff.max.ms = 1000
	reconnect.backoff.ms = 50
	request.timeout.ms = 5000
	retries = 2147483647
	retry.backoff.max.ms = 1000
	retry.backoff.ms = 100
	sasl.client.callback.handler.class = null
	sasl.jaas.config = null
	sasl.kerberos.kinit.cmd = /usr/bin/kinit
	sasl.kerberos.min.time.before.relogin = 60000
	sasl.kerberos.service.name = null
	sasl.kerberos.ticket.renew.jitter = 0.05
	sasl.kerberos.ticket.renew.window.factor = 0.8
	sasl.login.callback.handler.class = null
	sasl.login.class = null
	sasl.login.connect.timeout.ms = null
	sasl.login.read.timeout.ms = null
	sasl.login.refresh.buffer.seconds = 300
	sasl.login.refresh.min.period.seconds = 60
	sasl.login.refresh.window.factor = 0.8
	sasl.login.refresh.window.jitter = 0.05
	sasl.login.retry.backoff.max.ms = 10000
	sasl.login.retry.backoff.ms = 100
	sasl.mechanism = GSSAPI
	sasl.oauthbearer.clock.skew.seconds = 30
	sasl.oauthbearer.expected.audience = null
	sasl.oauthbearer.expected.issuer = null
	sasl.oauthbearer.header.urlencode = false
	sasl.oauthbearer.jwks.endpoint.refresh.ms = 3600000
	sasl.oauthbearer.jwks.endpoint.retry.backoff.max.ms = 10000
	sasl.oauthbearer.jwks.endpoint.retry.backoff.ms = 100
	sasl.oauthbearer.jwks.endpoint.url = null
	sasl.oauthbearer.scope.claim.name = scope
	sasl.oauthbearer.sub.claim.name = sub
	sasl.oauthbearer.token.endpoint.url = null
	security.protocol = PLAINTEXT
	security.providers = null
	send.buffer.bytes = 131072
	socket.connection.setup.timeout.max.ms = 30000
	socket.connection.setup.timeout.ms = 10000
	ssl.cipher.suites = null
	ssl.enabled.protocols = [TLSv1.2, TLSv1.3]
	ssl.endpoint.identification.algorithm = https
	ssl.engine.factory.class = null
	ssl.key.password = null
	ssl.keymanager.algorithm = SunX509
	ssl.keystore.certificate.chain = null
	ssl.keystore.key = null
	ssl.keystore.location = null
	ssl.keystore.password = null
	ssl.keystore.type = JKS
	ssl.protocol = TLSv1.3
	ssl.provider = null
	ssl.secure.random.implementation = null
	ssl.trustmanager.algorithm = PKIX
	ssl.truststore.certificates = null
	ssl.truststore.location = null
	ssl.truststore.password = null
	ssl.truststore.type = JKS
	transaction.timeout.ms = 60000
	transactional.id = null
	value.serializer = class io.apicurio.registry.serde.avro.AvroKafkaSerializer

2025-08-07 20:32:42,896 INFO  [org.apa.kaf.com.tel.int.KafkaMetricsCollector] (main) initializing Kafka metrics collector
2025-08-07 20:32:42,900 INFO  [org.apa.kaf.cli.pro.KafkaProducer] (main) [Producer clientId=Producer-topic-f0954832_f203_48dd_9023_4096d785ba5b] Instantiated an idempotent producer.
2025-08-07 20:32:42,909 INFO  [org.apa.kaf.cli.pro.ProducerConfig] (main) These configurations '[apicurio.registry.find-latest, apicurio.registry.artifact.group-id, apicurio.registry.url, apicurio.registry.artifact-resolver-strategy]' were supplied but are not used yet.
2025-08-07 20:32:42,909 INFO  [org.apa.kaf.com.uti.AppInfoParser] (main) Kafka version: 3.9.1
2025-08-07 20:32:42,909 INFO  [org.apa.kaf.com.uti.AppInfoParser] (main) Kafka commitId: f745dfdcee2b9851
2025-08-07 20:32:42,909 INFO  [org.apa.kaf.com.uti.AppInfoParser] (main) Kafka startTimeMs: 1754598762909
2025-08-07 20:32:42,910 INFO  [io.api.tes.ser.api.SimpleSerdesTesterBuilder$SimpleSerdesTester] (main) Using producer configuration: {apicurio.registry.find-latest=true, apicurio.registry.artifact.group-id=topic-f0954832_f203_48dd_9023_4096d785ba5b, apicurio.registry.url=http://registry-app-ksql047.apps.ci419.apicurio-testing.org:80/apis/registry/v3, apicurio.registry.artifact-resolver-strategy=io.apicurio.registry.serde.strategy.SimpleTopicIdStrategy, value.serializer=io.apicurio.registry.serde.avro.AvroKafkaSerializer, request.timeout.ms=5000, acks=all, bootstrap.servers=PLAINTEXT://localhost:32769, connections.max.idle.ms=10000, key.serializer=org.apache.kafka.common.serialization.StringSerializer, client.id=Producer-topic-f0954832_f203_48dd_9023_4096d785ba5b}
2025-08-07 20:32:42,910 INFO  [io.api.tes.ser.api.SimpleSerdesTesterBuilder$SimpleSerdesTester] (main) Using consumer configuration: {}
2025-08-07 20:32:42,914 INFO  [io.api.tes.ser.api.KafkaSerdesTester] (Thread-606) Sending message {"key11754598761816": "value-0"} to topic topic-f0954832_f203_48dd_9023_4096d785ba5b
2025-08-07 20:32:42,918 INFO  [org.apa.kaf.cli.Metadata] (kafka-producer-network-thread | Producer-topic-f0954832_f203_48dd_9023_4096d785ba5b) [Producer clientId=Producer-topic-f0954832_f203_48dd_9023_4096d785ba5b] Cluster ID: pU55guAKRSeYHTOWTlfVzQ
2025-08-07 20:32:42,919 INFO  [org.apa.kaf.cli.pro.int.TransactionManager] (kafka-producer-network-thread | Producer-topic-f0954832_f203_48dd_9023_4096d785ba5b) [Producer clientId=Producer-topic-f0954832_f203_48dd_9023_4096d785ba5b] ProducerId set to 1 with epoch 0
2025-08-07 20:32:42,999 INFO  [io.api.tes.ser.api.KafkaSerdesTester] (Thread-606) Sending message {"key11754598761816": "value-1"} to topic topic-f0954832_f203_48dd_9023_4096d785ba5b
2025-08-07 20:32:43,002 INFO  [io.api.tes.ser.api.KafkaSerdesTester] (Thread-606) Sending message {"key11754598761816": "value-2"} to topic topic-f0954832_f203_48dd_9023_4096d785ba5b
2025-08-07 20:32:43,007 INFO  [io.api.tes.ser.api.KafkaSerdesTester] (Thread-606) Sending message {"key11754598761816": "value-3"} to topic topic-f0954832_f203_48dd_9023_4096d785ba5b
2025-08-07 20:32:43,009 INFO  [io.api.tes.ser.api.KafkaSerdesTester] (Thread-606) Sending message {"key11754598761816": "value-4"} to topic topic-f0954832_f203_48dd_9023_4096d785ba5b
2025-08-07 20:32:43,014 INFO  [io.api.tes.ser.api.KafkaSerdesTester] (Thread-606) Sending message {"key11754598761816": "value-5"} to topic topic-f0954832_f203_48dd_9023_4096d785ba5b
2025-08-07 20:32:43,017 INFO  [io.api.tes.ser.api.KafkaSerdesTester] (Thread-606) Sending message {"key11754598761816": "value-6"} to topic topic-f0954832_f203_48dd_9023_4096d785ba5b
2025-08-07 20:32:43,019 INFO  [io.api.tes.ser.api.KafkaSerdesTester] (Thread-606) Sending message {"key11754598761816": "value-7"} to topic topic-f0954832_f203_48dd_9023_4096d785ba5b
2025-08-07 20:32:43,023 INFO  [io.api.tes.ser.api.KafkaSerdesTester] (Thread-606) Sending message {"key11754598761816": "value-8"} to topic topic-f0954832_f203_48dd_9023_4096d785ba5b
2025-08-07 20:32:43,027 INFO  [io.api.tes.ser.api.KafkaSerdesTester] (Thread-606) Sending message {"key11754598761816": "value-9"} to topic topic-f0954832_f203_48dd_9023_4096d785ba5b
2025-08-07 20:32:43,030 INFO  [io.api.tes.ser.api.KafkaSerdesTester] (Thread-606) Produced 10 messages
2025-08-07 20:32:43,030 INFO  [org.apa.kaf.cli.pro.KafkaProducer] (Thread-606) [Producer clientId=Producer-topic-f0954832_f203_48dd_9023_4096d785ba5b] Closing the Kafka producer with timeoutMillis = 9223372036854775807 ms.
2025-08-07 20:32:43,038 INFO  [org.apa.kaf.com.met.Metrics] (Thread-606) Metrics scheduler closed
2025-08-07 20:32:43,038 INFO  [org.apa.kaf.com.met.Metrics] (Thread-606) Closing reporter org.apache.kafka.common.metrics.JmxReporter
2025-08-07 20:32:43,038 INFO  [org.apa.kaf.com.met.Metrics] (Thread-606) Closing reporter org.apache.kafka.common.telemetry.internals.ClientTelemetryReporter
2025-08-07 20:32:43,038 INFO  [org.apa.kaf.com.met.Metrics] (Thread-606) Metrics reporters closed
2025-08-07 20:32:43,039 INFO  [org.apa.kaf.com.uti.AppInfoParser] (Thread-606) App info kafka.producer for Producer-topic-f0954832_f203_48dd_9023_4096d785ba5b unregistered
**** Registry Base URL: http://registry-app-ksql047.apps.ci419.apicurio-testing.org:80
2025-08-07 20:32:43,040 INFO  [org.apa.kaf.cli.con.ConsumerConfig] (main) ConsumerConfig values: 
	allow.auto.create.topics = true
	auto.commit.interval.ms = 500
	auto.include.jmx.reporter = true
	auto.offset.reset = earliest
	bootstrap.servers = [PLAINTEXT://localhost:32769]
	check.crcs = true
	client.dns.lookup = use_all_dns_ips
	client.id = consumer-Consumer-topic-f0954832_f203_48dd_9023_4096d785ba5b-2
	client.rack = 
	connections.max.idle.ms = 10000
	default.api.timeout.ms = 60000
	enable.auto.commit = true
	enable.metrics.push = true
	exclude.internal.topics = true
	fetch.max.bytes = 52428800
	fetch.max.wait.ms = 500
	fetch.min.bytes = 1
	group.id = Consumer-topic-f0954832_f203_48dd_9023_4096d785ba5b
	group.instance.id = null
	group.protocol = classic
	group.remote.assignor = null
	heartbeat.interval.ms = 3000
	interceptor.classes = []
	internal.leave.group.on.close = true
	internal.throw.on.fetch.stable.offset.unsupported = false
	isolation.level = read_uncommitted
	key.deserializer = class org.apache.kafka.common.serialization.StringDeserializer
	max.partition.fetch.bytes = 1048576
	max.poll.interval.ms = 300000
	max.poll.records = 500
	metadata.max.age.ms = 300000
	metadata.recovery.strategy = none
	metric.reporters = []
	metrics.num.samples = 2
	metrics.recording.level = INFO
	metrics.sample.window.ms = 30000
	partition.assignment.strategy = [class org.apache.kafka.clients.consumer.RangeAssignor, class org.apache.kafka.clients.consumer.CooperativeStickyAssignor]
	receive.buffer.bytes = 65536
	reconnect.backoff.max.ms = 1000
	reconnect.backoff.ms = 50
	request.timeout.ms = 5000
	retry.backoff.max.ms = 1000
	retry.backoff.ms = 100
	sasl.client.callback.handler.class = null
	sasl.jaas.config = null
	sasl.kerberos.kinit.cmd = /usr/bin/kinit
	sasl.kerberos.min.time.before.relogin = 60000
	sasl.kerberos.service.name = null
	sasl.kerberos.ticket.renew.jitter = 0.05
	sasl.kerberos.ticket.renew.window.factor = 0.8
	sasl.login.callback.handler.class = null
	sasl.login.class = null
	sasl.login.connect.timeout.ms = null
	sasl.login.read.timeout.ms = null
	sasl.login.refresh.buffer.seconds = 300
	sasl.login.refresh.min.period.seconds = 60
	sasl.login.refresh.window.factor = 0.8
	sasl.login.refresh.window.jitter = 0.05
	sasl.login.retry.backoff.max.ms = 10000
	sasl.login.retry.backoff.ms = 100
	sasl.mechanism = GSSAPI
	sasl.oauthbearer.clock.skew.seconds = 30
	sasl.oauthbearer.expected.audience = null
	sasl.oauthbearer.expected.issuer = null
	sasl.oauthbearer.header.urlencode = false
	sasl.oauthbearer.jwks.endpoint.refresh.ms = 3600000
	sasl.oauthbearer.jwks.endpoint.retry.backoff.max.ms = 10000
	sasl.oauthbearer.jwks.endpoint.retry.backoff.ms = 100
	sasl.oauthbearer.jwks.endpoint.url = null
	sasl.oauthbearer.scope.claim.name = scope
	sasl.oauthbearer.sub.claim.name = sub
	sasl.oauthbearer.token.endpoint.url = null
	security.protocol = PLAINTEXT
	security.providers = null
	send.buffer.bytes = 131072
	session.timeout.ms = 45000
	socket.connection.setup.timeout.max.ms = 30000
	socket.connection.setup.timeout.ms = 10000
	ssl.cipher.suites = null
	ssl.enabled.protocols = [TLSv1.2, TLSv1.3]
	ssl.endpoint.identification.algorithm = https
	ssl.engine.factory.class = null
	ssl.key.password = null
	ssl.keymanager.algorithm = SunX509
	ssl.keystore.certificate.chain = null
	ssl.keystore.key = null
	ssl.keystore.location = null
	ssl.keystore.password = null
	ssl.keystore.type = JKS
	ssl.protocol = TLSv1.3
	ssl.provider = null
	ssl.secure.random.implementation = null
	ssl.trustmanager.algorithm = PKIX
	ssl.truststore.certificates = null
	ssl.truststore.location = null
	ssl.truststore.password = null
	ssl.truststore.type = JKS
	value.deserializer = class io.apicurio.registry.serde.avro.AvroKafkaDeserializer

2025-08-07 20:32:43,040 INFO  [org.apa.kaf.com.tel.int.KafkaMetricsCollector] (main) initializing Kafka metrics collector
2025-08-07 20:32:43,062 INFO  [org.apa.kaf.cli.con.ConsumerConfig] (main) These configurations '[apicurio.registry.url]' were supplied but are not used yet.
2025-08-07 20:32:43,062 INFO  [org.apa.kaf.com.uti.AppInfoParser] (main) Kafka version: 3.9.1
2025-08-07 20:32:43,062 INFO  [org.apa.kaf.com.uti.AppInfoParser] (main) Kafka commitId: f745dfdcee2b9851
2025-08-07 20:32:43,062 INFO  [org.apa.kaf.com.uti.AppInfoParser] (main) Kafka startTimeMs: 1754598763062
2025-08-07 20:32:43,063 INFO  [org.apa.kaf.cli.con.int.ClassicKafkaConsumer] (Thread-609) [Consumer clientId=consumer-Consumer-topic-f0954832_f203_48dd_9023_4096d785ba5b-2, groupId=Consumer-topic-f0954832_f203_48dd_9023_4096d785ba5b] Subscribed to topic(s): topic-f0954832_f203_48dd_9023_4096d785ba5b
2025-08-07 20:32:43,076 INFO  [org.apa.kaf.cli.Metadata] (Thread-609) [Consumer clientId=consumer-Consumer-topic-f0954832_f203_48dd_9023_4096d785ba5b-2, groupId=Consumer-topic-f0954832_f203_48dd_9023_4096d785ba5b] Cluster ID: pU55guAKRSeYHTOWTlfVzQ
2025-08-07 20:32:43,076 INFO  [org.apa.kaf.cli.con.int.ConsumerCoordinator] (Thread-609) [Consumer clientId=consumer-Consumer-topic-f0954832_f203_48dd_9023_4096d785ba5b-2, groupId=Consumer-topic-f0954832_f203_48dd_9023_4096d785ba5b] Discovered group coordinator localhost:32769 (id: 2147483647 rack: null)
2025-08-07 20:32:43,080 INFO  [org.apa.kaf.cli.con.int.ConsumerCoordinator] (Thread-609) [Consumer clientId=consumer-Consumer-topic-f0954832_f203_48dd_9023_4096d785ba5b-2, groupId=Consumer-topic-f0954832_f203_48dd_9023_4096d785ba5b] (Re-)joining group
2025-08-07 20:32:43,084 INFO  [org.apa.kaf.cli.con.int.ConsumerCoordinator] (Thread-609) [Consumer clientId=consumer-Consumer-topic-f0954832_f203_48dd_9023_4096d785ba5b-2, groupId=Consumer-topic-f0954832_f203_48dd_9023_4096d785ba5b] Request joining group due to: need to re-join with the given member-id: consumer-Consumer-topic-f0954832_f203_48dd_9023_4096d785ba5b-2-224af439-fbbf-4a33-9769-a549f5baabcb
2025-08-07 20:32:43,084 INFO  [org.apa.kaf.cli.con.int.ConsumerCoordinator] (Thread-609) [Consumer clientId=consumer-Consumer-topic-f0954832_f203_48dd_9023_4096d785ba5b-2, groupId=Consumer-topic-f0954832_f203_48dd_9023_4096d785ba5b] (Re-)joining group
2025-08-07 20:32:44,063 INFO  [io.api.tes.ser.api.KafkaSerdesTester] (Thread-609) None found
2025-08-07 20:32:45,063 INFO  [io.api.tes.ser.api.KafkaSerdesTester] (Thread-609) None found
2025-08-07 20:32:46,063 INFO  [io.api.tes.ser.api.KafkaSerdesTester] (Thread-609) None found
2025-08-07 20:32:46,088 INFO  [org.apa.kaf.cli.con.int.ConsumerCoordinator] (Thread-609) [Consumer clientId=consumer-Consumer-topic-f0954832_f203_48dd_9023_4096d785ba5b-2, groupId=Consumer-topic-f0954832_f203_48dd_9023_4096d785ba5b] Successfully joined group with generation Generation{generationId=1, memberId='consumer-Consumer-topic-f0954832_f203_48dd_9023_4096d785ba5b-2-224af439-fbbf-4a33-9769-a549f5baabcb', protocol='range'}
2025-08-07 20:32:46,088 INFO  [org.apa.kaf.cli.con.int.ConsumerCoordinator] (Thread-609) [Consumer clientId=consumer-Consumer-topic-f0954832_f203_48dd_9023_4096d785ba5b-2, groupId=Consumer-topic-f0954832_f203_48dd_9023_4096d785ba5b] Finished assignment for group at generation 1: {consumer-Consumer-topic-f0954832_f203_48dd_9023_4096d785ba5b-2-224af439-fbbf-4a33-9769-a549f5baabcb=Assignment(partitions=[topic-f0954832_f203_48dd_9023_4096d785ba5b-0])}
2025-08-07 20:32:46,096 INFO  [org.apa.kaf.cli.con.int.ConsumerCoordinator] (Thread-609) [Consumer clientId=consumer-Consumer-topic-f0954832_f203_48dd_9023_4096d785ba5b-2, groupId=Consumer-topic-f0954832_f203_48dd_9023_4096d785ba5b] Successfully synced group in generation Generation{generationId=1, memberId='consumer-Consumer-topic-f0954832_f203_48dd_9023_4096d785ba5b-2-224af439-fbbf-4a33-9769-a549f5baabcb', protocol='range'}
2025-08-07 20:32:46,096 INFO  [org.apa.kaf.cli.con.int.ConsumerCoordinator] (Thread-609) [Consumer clientId=consumer-Consumer-topic-f0954832_f203_48dd_9023_4096d785ba5b-2, groupId=Consumer-topic-f0954832_f203_48dd_9023_4096d785ba5b] Notifying assignor about the new Assignment(partitions=[topic-f0954832_f203_48dd_9023_4096d785ba5b-0])
2025-08-07 20:32:46,096 INFO  [org.apa.kaf.cli.con.int.ConsumerRebalanceListenerInvoker] (Thread-609) [Consumer clientId=consumer-Consumer-topic-f0954832_f203_48dd_9023_4096d785ba5b-2, groupId=Consumer-topic-f0954832_f203_48dd_9023_4096d785ba5b] Adding newly assigned partitions: topic-f0954832_f203_48dd_9023_4096d785ba5b-0
2025-08-07 20:32:46,099 INFO  [org.apa.kaf.cli.con.int.ConsumerCoordinator] (Thread-609) [Consumer clientId=consumer-Consumer-topic-f0954832_f203_48dd_9023_4096d785ba5b-2, groupId=Consumer-topic-f0954832_f203_48dd_9023_4096d785ba5b] Found no committed offset for partition topic-f0954832_f203_48dd_9023_4096d785ba5b-0
2025-08-07 20:32:46,106 INFO  [org.apa.kaf.cli.con.int.SubscriptionState] (Thread-609) [Consumer clientId=consumer-Consumer-topic-f0954832_f203_48dd_9023_4096d785ba5b-2, groupId=Consumer-topic-f0954832_f203_48dd_9023_4096d785ba5b] Resetting offset for partition topic-f0954832_f203_48dd_9023_4096d785ba5b-0 to position FetchPosition{offset=0, offsetEpoch=Optional.empty, currentLeader=LeaderAndEpoch{leader=Optional[localhost:32769 (id: 0 rack: null)], epoch=0}}.
2025-08-07 20:32:46,150 INFO  [io.api.tes.ser.api.KafkaSerdesTester] (Thread-609) topic-f0954832_f203_48dd_9023_4096d785ba5b 0 0 {"key11754598761816": "value-0"}
2025-08-07 20:32:46,150 INFO  [io.api.tes.ser.api.KafkaSerdesTester] (Thread-609) topic-f0954832_f203_48dd_9023_4096d785ba5b 0 1 {"key11754598761816": "value-1"}
2025-08-07 20:32:46,150 INFO  [io.api.tes.ser.api.KafkaSerdesTester] (Thread-609) topic-f0954832_f203_48dd_9023_4096d785ba5b 0 2 {"key11754598761816": "value-2"}
2025-08-07 20:32:46,150 INFO  [io.api.tes.ser.api.KafkaSerdesTester] (Thread-609) topic-f0954832_f203_48dd_9023_4096d785ba5b 0 3 {"key11754598761816": "value-3"}
2025-08-07 20:32:46,150 INFO  [io.api.tes.ser.api.KafkaSerdesTester] (Thread-609) topic-f0954832_f203_48dd_9023_4096d785ba5b 0 4 {"key11754598761816": "value-4"}
2025-08-07 20:32:46,150 INFO  [io.api.tes.ser.api.KafkaSerdesTester] (Thread-609) topic-f0954832_f203_48dd_9023_4096d785ba5b 0 5 {"key11754598761816": "value-5"}
2025-08-07 20:32:46,150 INFO  [io.api.tes.ser.api.KafkaSerdesTester] (Thread-609) topic-f0954832_f203_48dd_9023_4096d785ba5b 0 6 {"key11754598761816": "value-6"}
2025-08-07 20:32:46,150 INFO  [io.api.tes.ser.api.KafkaSerdesTester] (Thread-609) topic-f0954832_f203_48dd_9023_4096d785ba5b 0 7 {"key11754598761816": "value-7"}
2025-08-07 20:32:46,152 INFO  [io.api.tes.ser.api.KafkaSerdesTester] (Thread-609) topic-f0954832_f203_48dd_9023_4096d785ba5b 0 8 {"key11754598761816": "value-8"}
2025-08-07 20:32:46,152 INFO  [io.api.tes.ser.api.KafkaSerdesTester] (Thread-609) topic-f0954832_f203_48dd_9023_4096d785ba5b 0 9 {"key11754598761816": "value-9"}
2025-08-07 20:32:46,152 INFO  [io.api.tes.ser.api.KafkaSerdesTester] (Thread-609) Consumed 10 messages
2025-08-07 20:32:46,162 INFO  [org.apa.kaf.cli.con.int.ConsumerRebalanceListenerInvoker] (Thread-609) [Consumer clientId=consumer-Consumer-topic-f0954832_f203_48dd_9023_4096d785ba5b-2, groupId=Consumer-topic-f0954832_f203_48dd_9023_4096d785ba5b] Revoke previously assigned partitions topic-f0954832_f203_48dd_9023_4096d785ba5b-0
2025-08-07 20:32:46,163 INFO  [org.apa.kaf.cli.con.int.ConsumerCoordinator] (Thread-609) [Consumer clientId=consumer-Consumer-topic-f0954832_f203_48dd_9023_4096d785ba5b-2, groupId=Consumer-topic-f0954832_f203_48dd_9023_4096d785ba5b] Member consumer-Consumer-topic-f0954832_f203_48dd_9023_4096d785ba5b-2-224af439-fbbf-4a33-9769-a549f5baabcb sending LeaveGroup request to coordinator localhost:32769 (id: 2147483647 rack: null) due to the consumer is being closed
2025-08-07 20:32:46,163 INFO  [org.apa.kaf.cli.con.int.ConsumerCoordinator] (Thread-609) [Consumer clientId=consumer-Consumer-topic-f0954832_f203_48dd_9023_4096d785ba5b-2, groupId=Consumer-topic-f0954832_f203_48dd_9023_4096d785ba5b] Resetting generation and member id due to: consumer pro-actively leaving the group
2025-08-07 20:32:46,163 INFO  [org.apa.kaf.cli.con.int.ConsumerCoordinator] (Thread-609) [Consumer clientId=consumer-Consumer-topic-f0954832_f203_48dd_9023_4096d785ba5b-2, groupId=Consumer-topic-f0954832_f203_48dd_9023_4096d785ba5b] Request joining group due to: consumer pro-actively leaving the group
2025-08-07 20:32:46,654 INFO  [org.apa.kaf.com.met.Metrics] (Thread-609) Metrics scheduler closed
2025-08-07 20:32:46,654 INFO  [org.apa.kaf.com.met.Metrics] (Thread-609) Closing reporter org.apache.kafka.common.metrics.JmxReporter
2025-08-07 20:32:46,655 INFO  [org.apa.kaf.com.met.Metrics] (Thread-609) Closing reporter org.apache.kafka.common.telemetry.internals.ClientTelemetryReporter
2025-08-07 20:32:46,655 INFO  [org.apa.kaf.com.met.Metrics] (Thread-609) Metrics reporters closed
2025-08-07 20:32:46,659 INFO  [org.apa.kaf.com.uti.AppInfoParser] (Thread-609) App info kafka.consumer for consumer-Consumer-topic-f0954832_f203_48dd_9023_4096d785ba5b-2 unregistered
2025-08-07 20:32:46,660 INFO  [io.api.tes.uti.TestSeparator] (main) io.apicurio.tests.serdes.apicurio.AvroSerdeIT.testSimpleTopicIdStrategyFindLatest-FINISHED
2025-08-07 20:32:46,660 INFO  [io.api.tes.uti.TestSeparator] (main) ############################################################################
Test passed: testSimpleTopicIdStrategyFindLatest
]]></system-out>
  </testcase>
  <testcase name="testWrongSchema" classname="io.apicurio.tests.serdes.apicurio.AvroSerdeIT" time="1.164">
    <system-out><![CDATA[2025-08-07 20:32:46,665 INFO  [io.api.tes.uti.TestSeparator] (main) ############################################################################
2025-08-07 20:32:46,666 INFO  [io.api.tes.uti.TestSeparator] (main) io.apicurio.tests.serdes.apicurio.AvroSerdeIT.testWrongSchema-STARTED
**** Registry Base URL: http://registry-app-ksql047.apps.ci419.apicurio-testing.org:80
2025-08-07 20:32:47,748 INFO  [org.apa.kaf.cli.pro.ProducerConfig] (main) ProducerConfig values: 
	acks = -1
	auto.include.jmx.reporter = true
	batch.size = 16384
	bootstrap.servers = [PLAINTEXT://localhost:32769]
	buffer.memory = 33554432
	client.dns.lookup = use_all_dns_ips
	client.id = Producer-sf72e8b3fx67bax4614x9a16x98d4d03d5dac
	compression.gzip.level = -1
	compression.lz4.level = 9
	compression.type = none
	compression.zstd.level = 3
	connections.max.idle.ms = 10000
	delivery.timeout.ms = 120000
	enable.idempotence = true
	enable.metrics.push = true
	interceptor.classes = []
	key.serializer = class org.apache.kafka.common.serialization.StringSerializer
	linger.ms = 0
	max.block.ms = 60000
	max.in.flight.requests.per.connection = 5
	max.request.size = 1048576
	metadata.max.age.ms = 300000
	metadata.max.idle.ms = 300000
	metadata.recovery.strategy = none
	metric.reporters = []
	metrics.num.samples = 2
	metrics.recording.level = INFO
	metrics.sample.window.ms = 30000
	partitioner.adaptive.partitioning.enable = true
	partitioner.availability.timeout.ms = 0
	partitioner.class = null
	partitioner.ignore.keys = false
	receive.buffer.bytes = 32768
	reconnect.backoff.max.ms = 1000
	reconnect.backoff.ms = 50
	request.timeout.ms = 5000
	retries = 2147483647
	retry.backoff.max.ms = 1000
	retry.backoff.ms = 100
	sasl.client.callback.handler.class = null
	sasl.jaas.config = null
	sasl.kerberos.kinit.cmd = /usr/bin/kinit
	sasl.kerberos.min.time.before.relogin = 60000
	sasl.kerberos.service.name = null
	sasl.kerberos.ticket.renew.jitter = 0.05
	sasl.kerberos.ticket.renew.window.factor = 0.8
	sasl.login.callback.handler.class = null
	sasl.login.class = null
	sasl.login.connect.timeout.ms = null
	sasl.login.read.timeout.ms = null
	sasl.login.refresh.buffer.seconds = 300
	sasl.login.refresh.min.period.seconds = 60
	sasl.login.refresh.window.factor = 0.8
	sasl.login.refresh.window.jitter = 0.05
	sasl.login.retry.backoff.max.ms = 10000
	sasl.login.retry.backoff.ms = 100
	sasl.mechanism = GSSAPI
	sasl.oauthbearer.clock.skew.seconds = 30
	sasl.oauthbearer.expected.audience = null
	sasl.oauthbearer.expected.issuer = null
	sasl.oauthbearer.header.urlencode = false
	sasl.oauthbearer.jwks.endpoint.refresh.ms = 3600000
	sasl.oauthbearer.jwks.endpoint.retry.backoff.max.ms = 10000
	sasl.oauthbearer.jwks.endpoint.retry.backoff.ms = 100
	sasl.oauthbearer.jwks.endpoint.url = null
	sasl.oauthbearer.scope.claim.name = scope
	sasl.oauthbearer.sub.claim.name = sub
	sasl.oauthbearer.token.endpoint.url = null
	security.protocol = PLAINTEXT
	security.providers = null
	send.buffer.bytes = 131072
	socket.connection.setup.timeout.max.ms = 30000
	socket.connection.setup.timeout.ms = 10000
	ssl.cipher.suites = null
	ssl.enabled.protocols = [TLSv1.2, TLSv1.3]
	ssl.endpoint.identification.algorithm = https
	ssl.engine.factory.class = null
	ssl.key.password = null
	ssl.keymanager.algorithm = SunX509
	ssl.keystore.certificate.chain = null
	ssl.keystore.key = null
	ssl.keystore.location = null
	ssl.keystore.password = null
	ssl.keystore.type = JKS
	ssl.protocol = TLSv1.3
	ssl.provider = null
	ssl.secure.random.implementation = null
	ssl.trustmanager.algorithm = PKIX
	ssl.truststore.certificates = null
	ssl.truststore.location = null
	ssl.truststore.password = null
	ssl.truststore.type = JKS
	transaction.timeout.ms = 60000
	transactional.id = null
	value.serializer = class io.apicurio.registry.serde.avro.AvroKafkaSerializer

2025-08-07 20:32:47,749 INFO  [org.apa.kaf.com.tel.int.KafkaMetricsCollector] (main) initializing Kafka metrics collector
2025-08-07 20:32:47,755 INFO  [org.apa.kaf.cli.pro.KafkaProducer] (main) [Producer clientId=Producer-sf72e8b3fx67bax4614x9a16x98d4d03d5dac] Instantiated an idempotent producer.
2025-08-07 20:32:47,760 INFO  [org.apa.kaf.cli.pro.ProducerConfig] (main) These configurations '[apicurio.registry.find-latest, apicurio.registry.url, apicurio.registry.artifact-resolver-strategy]' were supplied but are not used yet.
2025-08-07 20:32:47,760 INFO  [org.apa.kaf.com.uti.AppInfoParser] (main) Kafka version: 3.9.1
2025-08-07 20:32:47,760 INFO  [org.apa.kaf.com.uti.AppInfoParser] (main) Kafka commitId: f745dfdcee2b9851
2025-08-07 20:32:47,760 INFO  [org.apa.kaf.com.uti.AppInfoParser] (main) Kafka startTimeMs: 1754598767760
2025-08-07 20:32:47,765 INFO  [io.api.tes.ser.api.KafkaSerdesTester] (Thread-612) Sending message {"keyB": "value-0"} to topic sf72e8b3fx67bax4614x9a16x98d4d03d5dac
2025-08-07 20:32:47,768 INFO  [org.apa.kaf.cli.Metadata] (kafka-producer-network-thread | Producer-sf72e8b3fx67bax4614x9a16x98d4d03d5dac) [Producer clientId=Producer-sf72e8b3fx67bax4614x9a16x98d4d03d5dac] Cluster ID: pU55guAKRSeYHTOWTlfVzQ
2025-08-07 20:32:47,769 INFO  [org.apa.kaf.cli.pro.int.TransactionManager] (kafka-producer-network-thread | Producer-sf72e8b3fx67bax4614x9a16x98d4d03d5dac) [Producer clientId=Producer-sf72e8b3fx67bax4614x9a16x98d4d03d5dac] ProducerId set to 2 with epoch 0
2025-08-07 20:32:47,819 INFO  [org.apa.kaf.cli.pro.KafkaProducer] (Thread-612) [Producer clientId=Producer-sf72e8b3fx67bax4614x9a16x98d4d03d5dac] Closing the Kafka producer with timeoutMillis = 9223372036854775807 ms.
2025-08-07 20:32:47,822 INFO  [org.apa.kaf.com.met.Metrics] (Thread-612) Metrics scheduler closed
2025-08-07 20:32:47,822 INFO  [org.apa.kaf.com.met.Metrics] (Thread-612) Closing reporter org.apache.kafka.common.metrics.JmxReporter
2025-08-07 20:32:47,822 INFO  [org.apa.kaf.com.met.Metrics] (Thread-612) Closing reporter org.apache.kafka.common.telemetry.internals.ClientTelemetryReporter
2025-08-07 20:32:47,822 INFO  [org.apa.kaf.com.met.Metrics] (Thread-612) Metrics reporters closed
2025-08-07 20:32:47,822 INFO  [org.apa.kaf.com.uti.AppInfoParser] (Thread-612) App info kafka.producer for Producer-sf72e8b3fx67bax4614x9a16x98d4d03d5dac unregistered
2025-08-07 20:32:47,823 INFO  [io.api.tes.uti.TestSeparator] (main) io.apicurio.tests.serdes.apicurio.AvroSerdeIT.testWrongSchema-FINISHED
2025-08-07 20:32:47,823 INFO  [io.api.tes.uti.TestSeparator] (main) ############################################################################
Test passed: testWrongSchema
]]></system-out>
    <system-err><![CDATA[io.apicurio.registry.rest.client.models.ProblemDetails
	at io.apicurio.registry.rest.client.models.ProblemDetails.createFromDiscriminatorValue(ProblemDetails.java:58)
	at io.kiota.serialization.json.JsonParseNode.getObjectValue(JsonParseNode.java:247)
	at io.kiota.http.vertx.VertXRequestAdapter.lambda$throwIfFailedResponse$0(VertXRequestAdapter.java:400)
	at com.microsoft.kiota.ApiExceptionBuilder.<init>(ApiExceptionBuilder.java:26)
	at io.kiota.http.vertx.VertXRequestAdapter.throwIfFailedResponse(VertXRequestAdapter.java:399)
	at io.kiota.http.vertx.VertXRequestAdapter.send(VertXRequestAdapter.java:170)
	at io.apicurio.registry.rest.client.groups.item.artifacts.item.versions.item.WithVersionExpressionItemRequestBuilder.get(WithVersionExpressionItemRequestBuilder.java:128)
	at io.apicurio.registry.rest.client.groups.item.artifacts.item.versions.item.WithVersionExpressionItemRequestBuilder.get(WithVersionExpressionItemRequestBuilder.java:111)
	at io.apicurio.registry.resolver.client.RegistryClientFacadeImpl.getVersionCoordinatesByGAV(RegistryClientFacadeImpl.java:159)
	at io.apicurio.registry.resolver.DefaultSchemaResolver.resolveByCoordinates(DefaultSchemaResolver.java:352)
	at io.apicurio.registry.resolver.DefaultSchemaResolver.lambda$resolveSchemaByArtifactReferenceCached$6(DefaultSchemaResolver.java:340)
	at io.apicurio.registry.resolver.cache.ERCache.lambda$getValue$0(ERCache.java:174)
	at io.apicurio.registry.resolver.cache.ERCache.retry(ERCache.java:227)
	at io.apicurio.registry.resolver.cache.ERCache.getValue(ERCache.java:173)
	at io.apicurio.registry.resolver.cache.ERCache.getByArtifactCoordinates(ERCache.java:158)
	at io.apicurio.registry.resolver.DefaultSchemaResolver.resolveSchemaByArtifactReferenceCached(DefaultSchemaResolver.java:338)
	at io.apicurio.registry.resolver.DefaultSchemaResolver.resolveSchemaByCoordinates(DefaultSchemaResolver.java:193)
	at io.apicurio.registry.resolver.DefaultSchemaResolver.getSchemaFromRegistry(DefaultSchemaResolver.java:130)
	at io.apicurio.registry.resolver.DefaultSchemaResolver.lambda$resolveSchema$0(DefaultSchemaResolver.java:84)
	at java.base/java.util.Optional.orElseGet(Optional.java:364)
	at io.apicurio.registry.resolver.DefaultSchemaResolver.resolveSchema(DefaultSchemaResolver.java:84)
	at io.apicurio.registry.serde.AbstractSerializer.serializeData(AbstractSerializer.java:62)
	at io.apicurio.registry.serde.KafkaSerializer.serialize(KafkaSerializer.java:77)
	at org.apache.kafka.clients.producer.KafkaProducer.doSend(KafkaProducer.java:1046)
	at org.apache.kafka.clients.producer.KafkaProducer.send(KafkaProducer.java:993)
	at org.apache.kafka.clients.producer.KafkaProducer.send(KafkaProducer.java:875)
	at io.apicurio.tests.serdes.apicurio.KafkaSerdesTester.lambda$produceMessages$3(KafkaSerdesTester.java:138)
	at java.base/java.util.concurrent.CompletableFuture$AsyncSupply.run(CompletableFuture.java:1768)
	at java.base/java.lang.Thread.run(Thread.java:840)
]]></system-err>
  </testcase>
  <testcase name="testAvroJSON" classname="io.apicurio.tests.serdes.apicurio.AvroSerdeIT" time="3.907">
    <system-out><![CDATA[2025-08-07 20:32:47,829 INFO  [io.api.tes.uti.TestSeparator] (main) ############################################################################
2025-08-07 20:32:47,829 INFO  [io.api.tes.uti.TestSeparator] (main) io.apicurio.tests.serdes.apicurio.AvroSerdeIT.testAvroJSON-STARTED
**** Registry Base URL: http://registry-app-ksql047.apps.ci419.apicurio-testing.org:80
2025-08-07 20:32:47,835 INFO  [org.apa.kaf.cli.pro.ProducerConfig] (main) ProducerConfig values: 
	acks = -1
	auto.include.jmx.reporter = true
	batch.size = 16384
	bootstrap.servers = [PLAINTEXT://localhost:32769]
	buffer.memory = 33554432
	client.dns.lookup = use_all_dns_ips
	client.id = Producer-topic-553cfdf6_4a0c_4405_b583_e68489a0c623
	compression.gzip.level = -1
	compression.lz4.level = 9
	compression.type = none
	compression.zstd.level = 3
	connections.max.idle.ms = 10000
	delivery.timeout.ms = 120000
	enable.idempotence = true
	enable.metrics.push = true
	interceptor.classes = []
	key.serializer = class org.apache.kafka.common.serialization.StringSerializer
	linger.ms = 0
	max.block.ms = 60000
	max.in.flight.requests.per.connection = 5
	max.request.size = 1048576
	metadata.max.age.ms = 300000
	metadata.max.idle.ms = 300000
	metadata.recovery.strategy = none
	metric.reporters = []
	metrics.num.samples = 2
	metrics.recording.level = INFO
	metrics.sample.window.ms = 30000
	partitioner.adaptive.partitioning.enable = true
	partitioner.availability.timeout.ms = 0
	partitioner.class = null
	partitioner.ignore.keys = false
	receive.buffer.bytes = 32768
	reconnect.backoff.max.ms = 1000
	reconnect.backoff.ms = 50
	request.timeout.ms = 5000
	retries = 2147483647
	retry.backoff.max.ms = 1000
	retry.backoff.ms = 100
	sasl.client.callback.handler.class = null
	sasl.jaas.config = null
	sasl.kerberos.kinit.cmd = /usr/bin/kinit
	sasl.kerberos.min.time.before.relogin = 60000
	sasl.kerberos.service.name = null
	sasl.kerberos.ticket.renew.jitter = 0.05
	sasl.kerberos.ticket.renew.window.factor = 0.8
	sasl.login.callback.handler.class = null
	sasl.login.class = null
	sasl.login.connect.timeout.ms = null
	sasl.login.read.timeout.ms = null
	sasl.login.refresh.buffer.seconds = 300
	sasl.login.refresh.min.period.seconds = 60
	sasl.login.refresh.window.factor = 0.8
	sasl.login.refresh.window.jitter = 0.05
	sasl.login.retry.backoff.max.ms = 10000
	sasl.login.retry.backoff.ms = 100
	sasl.mechanism = GSSAPI
	sasl.oauthbearer.clock.skew.seconds = 30
	sasl.oauthbearer.expected.audience = null
	sasl.oauthbearer.expected.issuer = null
	sasl.oauthbearer.header.urlencode = false
	sasl.oauthbearer.jwks.endpoint.refresh.ms = 3600000
	sasl.oauthbearer.jwks.endpoint.retry.backoff.max.ms = 10000
	sasl.oauthbearer.jwks.endpoint.retry.backoff.ms = 100
	sasl.oauthbearer.jwks.endpoint.url = null
	sasl.oauthbearer.scope.claim.name = scope
	sasl.oauthbearer.sub.claim.name = sub
	sasl.oauthbearer.token.endpoint.url = null
	security.protocol = PLAINTEXT
	security.providers = null
	send.buffer.bytes = 131072
	socket.connection.setup.timeout.max.ms = 30000
	socket.connection.setup.timeout.ms = 10000
	ssl.cipher.suites = null
	ssl.enabled.protocols = [TLSv1.2, TLSv1.3]
	ssl.endpoint.identification.algorithm = https
	ssl.engine.factory.class = null
	ssl.key.password = null
	ssl.keymanager.algorithm = SunX509
	ssl.keystore.certificate.chain = null
	ssl.keystore.key = null
	ssl.keystore.location = null
	ssl.keystore.password = null
	ssl.keystore.type = JKS
	ssl.protocol = TLSv1.3
	ssl.provider = null
	ssl.secure.random.implementation = null
	ssl.trustmanager.algorithm = PKIX
	ssl.truststore.certificates = null
	ssl.truststore.location = null
	ssl.truststore.password = null
	ssl.truststore.type = JKS
	transaction.timeout.ms = 60000
	transactional.id = null
	value.serializer = class io.apicurio.registry.serde.avro.AvroKafkaSerializer

2025-08-07 20:32:47,836 INFO  [org.apa.kaf.com.tel.int.KafkaMetricsCollector] (main) initializing Kafka metrics collector
2025-08-07 20:32:47,846 INFO  [org.apa.kaf.cli.pro.KafkaProducer] (main) [Producer clientId=Producer-topic-553cfdf6_4a0c_4405_b583_e68489a0c623] Instantiated an idempotent producer.
2025-08-07 20:32:47,852 INFO  [org.apa.kaf.cli.pro.ProducerConfig] (main) These configurations '[apicurio.registry.avro.encoding, apicurio.registry.url, apicurio.registry.auto-register, apicurio.registry.artifact-resolver-strategy]' were supplied but are not used yet.
2025-08-07 20:32:47,853 INFO  [org.apa.kaf.com.uti.AppInfoParser] (main) Kafka version: 3.9.1
2025-08-07 20:32:47,853 INFO  [org.apa.kaf.com.uti.AppInfoParser] (main) Kafka commitId: f745dfdcee2b9851
2025-08-07 20:32:47,853 INFO  [org.apa.kaf.com.uti.AppInfoParser] (main) Kafka startTimeMs: 1754598767853
2025-08-07 20:32:47,854 INFO  [io.api.tes.ser.api.SimpleSerdesTesterBuilder$SimpleSerdesTester] (main) Using producer configuration: {apicurio.registry.avro.encoding=JSON, apicurio.registry.url=http://registry-app-ksql047.apps.ci419.apicurio-testing.org:80/apis/registry/v3, apicurio.registry.auto-register=true, apicurio.registry.artifact-resolver-strategy=io.apicurio.registry.serde.strategy.TopicIdStrategy, value.serializer=io.apicurio.registry.serde.avro.AvroKafkaSerializer, request.timeout.ms=5000, acks=all, bootstrap.servers=PLAINTEXT://localhost:32769, connections.max.idle.ms=10000, key.serializer=org.apache.kafka.common.serialization.StringSerializer, client.id=Producer-topic-553cfdf6_4a0c_4405_b583_e68489a0c623}
2025-08-07 20:32:47,854 INFO  [io.api.tes.ser.api.SimpleSerdesTesterBuilder$SimpleSerdesTester] (main) Using consumer configuration: {apicurio.registry.avro.encoding=JSON}
2025-08-07 20:32:47,857 INFO  [io.api.tes.ser.api.KafkaSerdesTester] (Thread-615) Sending message {"bar": "value-0"} to topic topic-553cfdf6_4a0c_4405_b583_e68489a0c623
2025-08-07 20:32:47,858 INFO  [org.apa.kaf.cli.Metadata] (kafka-producer-network-thread | Producer-topic-553cfdf6_4a0c_4405_b583_e68489a0c623) [Producer clientId=Producer-topic-553cfdf6_4a0c_4405_b583_e68489a0c623] Cluster ID: pU55guAKRSeYHTOWTlfVzQ
2025-08-07 20:32:47,860 INFO  [org.apa.kaf.cli.pro.int.TransactionManager] (kafka-producer-network-thread | Producer-topic-553cfdf6_4a0c_4405_b583_e68489a0c623) [Producer clientId=Producer-topic-553cfdf6_4a0c_4405_b583_e68489a0c623] ProducerId set to 3 with epoch 0
2025-08-07 20:32:47,867 WARN  [org.apa.kaf.cli.NetworkClient] (kafka-producer-network-thread | Producer-topic-553cfdf6_4a0c_4405_b583_e68489a0c623) [Producer clientId=Producer-topic-553cfdf6_4a0c_4405_b583_e68489a0c623] The metadata response from the cluster reported a recoverable issue with correlation id 5 : {topic-553cfdf6_4a0c_4405_b583_e68489a0c623=UNKNOWN_TOPIC_OR_PARTITION}
2025-08-07 20:32:48,064 INFO  [io.api.tes.ser.api.KafkaSerdesTester] (Thread-615) Sending message {"bar": "value-1"} to topic topic-553cfdf6_4a0c_4405_b583_e68489a0c623
2025-08-07 20:32:48,067 INFO  [io.api.tes.ser.api.KafkaSerdesTester] (Thread-615) Sending message {"bar": "value-2"} to topic topic-553cfdf6_4a0c_4405_b583_e68489a0c623
2025-08-07 20:32:48,070 INFO  [io.api.tes.ser.api.KafkaSerdesTester] (Thread-615) Sending message {"bar": "value-3"} to topic topic-553cfdf6_4a0c_4405_b583_e68489a0c623
2025-08-07 20:32:48,072 INFO  [io.api.tes.ser.api.KafkaSerdesTester] (Thread-615) Sending message {"bar": "value-4"} to topic topic-553cfdf6_4a0c_4405_b583_e68489a0c623
2025-08-07 20:32:48,077 INFO  [io.api.tes.ser.api.KafkaSerdesTester] (Thread-615) Sending message {"bar": "value-5"} to topic topic-553cfdf6_4a0c_4405_b583_e68489a0c623
2025-08-07 20:32:48,080 INFO  [io.api.tes.ser.api.KafkaSerdesTester] (Thread-615) Sending message {"bar": "value-6"} to topic topic-553cfdf6_4a0c_4405_b583_e68489a0c623
2025-08-07 20:32:48,085 INFO  [io.api.tes.ser.api.KafkaSerdesTester] (Thread-615) Sending message {"bar": "value-7"} to topic topic-553cfdf6_4a0c_4405_b583_e68489a0c623
2025-08-07 20:32:48,088 INFO  [io.api.tes.ser.api.KafkaSerdesTester] (Thread-615) Sending message {"bar": "value-8"} to topic topic-553cfdf6_4a0c_4405_b583_e68489a0c623
2025-08-07 20:32:48,093 INFO  [io.api.tes.ser.api.KafkaSerdesTester] (Thread-615) Sending message {"bar": "value-9"} to topic topic-553cfdf6_4a0c_4405_b583_e68489a0c623
2025-08-07 20:32:48,095 INFO  [io.api.tes.ser.api.KafkaSerdesTester] (Thread-615) Produced 10 messages
2025-08-07 20:32:48,095 INFO  [org.apa.kaf.cli.pro.KafkaProducer] (Thread-615) [Producer clientId=Producer-topic-553cfdf6_4a0c_4405_b583_e68489a0c623] Closing the Kafka producer with timeoutMillis = 9223372036854775807 ms.
2025-08-07 20:32:48,100 INFO  [org.apa.kaf.com.met.Metrics] (Thread-615) Metrics scheduler closed
2025-08-07 20:32:48,100 INFO  [org.apa.kaf.com.met.Metrics] (Thread-615) Closing reporter org.apache.kafka.common.metrics.JmxReporter
2025-08-07 20:32:48,100 INFO  [org.apa.kaf.com.met.Metrics] (Thread-615) Closing reporter org.apache.kafka.common.telemetry.internals.ClientTelemetryReporter
2025-08-07 20:32:48,100 INFO  [org.apa.kaf.com.met.Metrics] (Thread-615) Metrics reporters closed
2025-08-07 20:32:48,100 INFO  [org.apa.kaf.com.uti.AppInfoParser] (Thread-615) App info kafka.producer for Producer-topic-553cfdf6_4a0c_4405_b583_e68489a0c623 unregistered
**** Registry Base URL: http://registry-app-ksql047.apps.ci419.apicurio-testing.org:80
2025-08-07 20:32:48,133 INFO  [org.apa.kaf.cli.con.ConsumerConfig] (main) ConsumerConfig values: 
	allow.auto.create.topics = true
	auto.commit.interval.ms = 500
	auto.include.jmx.reporter = true
	auto.offset.reset = earliest
	bootstrap.servers = [PLAINTEXT://localhost:32769]
	check.crcs = true
	client.dns.lookup = use_all_dns_ips
	client.id = consumer-Consumer-topic-553cfdf6_4a0c_4405_b583_e68489a0c623-3
	client.rack = 
	connections.max.idle.ms = 10000
	default.api.timeout.ms = 60000
	enable.auto.commit = true
	enable.metrics.push = true
	exclude.internal.topics = true
	fetch.max.bytes = 52428800
	fetch.max.wait.ms = 500
	fetch.min.bytes = 1
	group.id = Consumer-topic-553cfdf6_4a0c_4405_b583_e68489a0c623
	group.instance.id = null
	group.protocol = classic
	group.remote.assignor = null
	heartbeat.interval.ms = 3000
	interceptor.classes = []
	internal.leave.group.on.close = true
	internal.throw.on.fetch.stable.offset.unsupported = false
	isolation.level = read_uncommitted
	key.deserializer = class org.apache.kafka.common.serialization.StringDeserializer
	max.partition.fetch.bytes = 1048576
	max.poll.interval.ms = 300000
	max.poll.records = 500
	metadata.max.age.ms = 300000
	metadata.recovery.strategy = none
	metric.reporters = []
	metrics.num.samples = 2
	metrics.recording.level = INFO
	metrics.sample.window.ms = 30000
	partition.assignment.strategy = [class org.apache.kafka.clients.consumer.RangeAssignor, class org.apache.kafka.clients.consumer.CooperativeStickyAssignor]
	receive.buffer.bytes = 65536
	reconnect.backoff.max.ms = 1000
	reconnect.backoff.ms = 50
	request.timeout.ms = 5000
	retry.backoff.max.ms = 1000
	retry.backoff.ms = 100
	sasl.client.callback.handler.class = null
	sasl.jaas.config = null
	sasl.kerberos.kinit.cmd = /usr/bin/kinit
	sasl.kerberos.min.time.before.relogin = 60000
	sasl.kerberos.service.name = null
	sasl.kerberos.ticket.renew.jitter = 0.05
	sasl.kerberos.ticket.renew.window.factor = 0.8
	sasl.login.callback.handler.class = null
	sasl.login.class = null
	sasl.login.connect.timeout.ms = null
	sasl.login.read.timeout.ms = null
	sasl.login.refresh.buffer.seconds = 300
	sasl.login.refresh.min.period.seconds = 60
	sasl.login.refresh.window.factor = 0.8
	sasl.login.refresh.window.jitter = 0.05
	sasl.login.retry.backoff.max.ms = 10000
	sasl.login.retry.backoff.ms = 100
	sasl.mechanism = GSSAPI
	sasl.oauthbearer.clock.skew.seconds = 30
	sasl.oauthbearer.expected.audience = null
	sasl.oauthbearer.expected.issuer = null
	sasl.oauthbearer.header.urlencode = false
	sasl.oauthbearer.jwks.endpoint.refresh.ms = 3600000
	sasl.oauthbearer.jwks.endpoint.retry.backoff.max.ms = 10000
	sasl.oauthbearer.jwks.endpoint.retry.backoff.ms = 100
	sasl.oauthbearer.jwks.endpoint.url = null
	sasl.oauthbearer.scope.claim.name = scope
	sasl.oauthbearer.sub.claim.name = sub
	sasl.oauthbearer.token.endpoint.url = null
	security.protocol = PLAINTEXT
	security.providers = null
	send.buffer.bytes = 131072
	session.timeout.ms = 45000
	socket.connection.setup.timeout.max.ms = 30000
	socket.connection.setup.timeout.ms = 10000
	ssl.cipher.suites = null
	ssl.enabled.protocols = [TLSv1.2, TLSv1.3]
	ssl.endpoint.identification.algorithm = https
	ssl.engine.factory.class = null
	ssl.key.password = null
	ssl.keymanager.algorithm = SunX509
	ssl.keystore.certificate.chain = null
	ssl.keystore.key = null
	ssl.keystore.location = null
	ssl.keystore.password = null
	ssl.keystore.type = JKS
	ssl.protocol = TLSv1.3
	ssl.provider = null
	ssl.secure.random.implementation = null
	ssl.trustmanager.algorithm = PKIX
	ssl.truststore.certificates = null
	ssl.truststore.location = null
	ssl.truststore.password = null
	ssl.truststore.type = JKS
	value.deserializer = class io.apicurio.registry.serde.avro.AvroKafkaDeserializer

2025-08-07 20:32:48,133 INFO  [org.apa.kaf.com.tel.int.KafkaMetricsCollector] (main) initializing Kafka metrics collector
2025-08-07 20:32:48,140 INFO  [org.apa.kaf.cli.con.ConsumerConfig] (main) These configurations '[apicurio.registry.avro.encoding, apicurio.registry.url]' were supplied but are not used yet.
2025-08-07 20:32:48,142 INFO  [org.apa.kaf.com.uti.AppInfoParser] (main) Kafka version: 3.9.1
2025-08-07 20:32:48,143 INFO  [org.apa.kaf.com.uti.AppInfoParser] (main) Kafka commitId: f745dfdcee2b9851
2025-08-07 20:32:48,143 INFO  [org.apa.kaf.com.uti.AppInfoParser] (main) Kafka startTimeMs: 1754598768141
2025-08-07 20:32:48,143 INFO  [org.apa.kaf.cli.con.int.ClassicKafkaConsumer] (Thread-618) [Consumer clientId=consumer-Consumer-topic-553cfdf6_4a0c_4405_b583_e68489a0c623-3, groupId=Consumer-topic-553cfdf6_4a0c_4405_b583_e68489a0c623] Subscribed to topic(s): topic-553cfdf6_4a0c_4405_b583_e68489a0c623
2025-08-07 20:32:48,150 INFO  [org.apa.kaf.cli.Metadata] (Thread-618) [Consumer clientId=consumer-Consumer-topic-553cfdf6_4a0c_4405_b583_e68489a0c623-3, groupId=Consumer-topic-553cfdf6_4a0c_4405_b583_e68489a0c623] Cluster ID: pU55guAKRSeYHTOWTlfVzQ
2025-08-07 20:32:48,153 INFO  [org.apa.kaf.cli.con.int.ConsumerCoordinator] (Thread-618) [Consumer clientId=consumer-Consumer-topic-553cfdf6_4a0c_4405_b583_e68489a0c623-3, groupId=Consumer-topic-553cfdf6_4a0c_4405_b583_e68489a0c623] Discovered group coordinator localhost:32769 (id: 2147483647 rack: null)
2025-08-07 20:32:48,157 INFO  [org.apa.kaf.cli.con.int.ConsumerCoordinator] (Thread-618) [Consumer clientId=consumer-Consumer-topic-553cfdf6_4a0c_4405_b583_e68489a0c623-3, groupId=Consumer-topic-553cfdf6_4a0c_4405_b583_e68489a0c623] (Re-)joining group
2025-08-07 20:32:48,165 INFO  [org.apa.kaf.cli.con.int.ConsumerCoordinator] (Thread-618) [Consumer clientId=consumer-Consumer-topic-553cfdf6_4a0c_4405_b583_e68489a0c623-3, groupId=Consumer-topic-553cfdf6_4a0c_4405_b583_e68489a0c623] Request joining group due to: need to re-join with the given member-id: consumer-Consumer-topic-553cfdf6_4a0c_4405_b583_e68489a0c623-3-2ed04951-1c3a-4386-88af-2865f07baf40
2025-08-07 20:32:48,166 INFO  [org.apa.kaf.cli.con.int.ConsumerCoordinator] (Thread-618) [Consumer clientId=consumer-Consumer-topic-553cfdf6_4a0c_4405_b583_e68489a0c623-3, groupId=Consumer-topic-553cfdf6_4a0c_4405_b583_e68489a0c623] (Re-)joining group
2025-08-07 20:32:49,143 INFO  [io.api.tes.ser.api.KafkaSerdesTester] (Thread-618) None found
2025-08-07 20:32:50,143 INFO  [io.api.tes.ser.api.KafkaSerdesTester] (Thread-618) None found
2025-08-07 20:32:51,143 INFO  [io.api.tes.ser.api.KafkaSerdesTester] (Thread-618) None found
2025-08-07 20:32:51,168 INFO  [org.apa.kaf.cli.con.int.ConsumerCoordinator] (Thread-618) [Consumer clientId=consumer-Consumer-topic-553cfdf6_4a0c_4405_b583_e68489a0c623-3, groupId=Consumer-topic-553cfdf6_4a0c_4405_b583_e68489a0c623] Successfully joined group with generation Generation{generationId=1, memberId='consumer-Consumer-topic-553cfdf6_4a0c_4405_b583_e68489a0c623-3-2ed04951-1c3a-4386-88af-2865f07baf40', protocol='range'}
2025-08-07 20:32:51,168 INFO  [org.apa.kaf.cli.con.int.ConsumerCoordinator] (Thread-618) [Consumer clientId=consumer-Consumer-topic-553cfdf6_4a0c_4405_b583_e68489a0c623-3, groupId=Consumer-topic-553cfdf6_4a0c_4405_b583_e68489a0c623] Finished assignment for group at generation 1: {consumer-Consumer-topic-553cfdf6_4a0c_4405_b583_e68489a0c623-3-2ed04951-1c3a-4386-88af-2865f07baf40=Assignment(partitions=[topic-553cfdf6_4a0c_4405_b583_e68489a0c623-0])}
2025-08-07 20:32:51,175 INFO  [org.apa.kaf.cli.con.int.ConsumerCoordinator] (Thread-618) [Consumer clientId=consumer-Consumer-topic-553cfdf6_4a0c_4405_b583_e68489a0c623-3, groupId=Consumer-topic-553cfdf6_4a0c_4405_b583_e68489a0c623] Successfully synced group in generation Generation{generationId=1, memberId='consumer-Consumer-topic-553cfdf6_4a0c_4405_b583_e68489a0c623-3-2ed04951-1c3a-4386-88af-2865f07baf40', protocol='range'}
2025-08-07 20:32:51,176 INFO  [org.apa.kaf.cli.con.int.ConsumerCoordinator] (Thread-618) [Consumer clientId=consumer-Consumer-topic-553cfdf6_4a0c_4405_b583_e68489a0c623-3, groupId=Consumer-topic-553cfdf6_4a0c_4405_b583_e68489a0c623] Notifying assignor about the new Assignment(partitions=[topic-553cfdf6_4a0c_4405_b583_e68489a0c623-0])
2025-08-07 20:32:51,176 INFO  [org.apa.kaf.cli.con.int.ConsumerRebalanceListenerInvoker] (Thread-618) [Consumer clientId=consumer-Consumer-topic-553cfdf6_4a0c_4405_b583_e68489a0c623-3, groupId=Consumer-topic-553cfdf6_4a0c_4405_b583_e68489a0c623] Adding newly assigned partitions: topic-553cfdf6_4a0c_4405_b583_e68489a0c623-0
2025-08-07 20:32:51,177 INFO  [org.apa.kaf.cli.con.int.ConsumerCoordinator] (Thread-618) [Consumer clientId=consumer-Consumer-topic-553cfdf6_4a0c_4405_b583_e68489a0c623-3, groupId=Consumer-topic-553cfdf6_4a0c_4405_b583_e68489a0c623] Found no committed offset for partition topic-553cfdf6_4a0c_4405_b583_e68489a0c623-0
2025-08-07 20:32:51,182 INFO  [org.apa.kaf.cli.con.int.SubscriptionState] (Thread-618) [Consumer clientId=consumer-Consumer-topic-553cfdf6_4a0c_4405_b583_e68489a0c623-3, groupId=Consumer-topic-553cfdf6_4a0c_4405_b583_e68489a0c623] Resetting offset for partition topic-553cfdf6_4a0c_4405_b583_e68489a0c623-0 to position FetchPosition{offset=0, offsetEpoch=Optional.empty, currentLeader=LeaderAndEpoch{leader=Optional[localhost:32769 (id: 0 rack: null)], epoch=0}}.
2025-08-07 20:32:51,224 INFO  [io.api.tes.ser.api.KafkaSerdesTester] (Thread-618) topic-553cfdf6_4a0c_4405_b583_e68489a0c623 0 0 {"bar": "value-0"}
2025-08-07 20:32:51,224 INFO  [io.api.tes.ser.api.KafkaSerdesTester] (Thread-618) topic-553cfdf6_4a0c_4405_b583_e68489a0c623 0 1 {"bar": "value-1"}
2025-08-07 20:32:51,224 INFO  [io.api.tes.ser.api.KafkaSerdesTester] (Thread-618) topic-553cfdf6_4a0c_4405_b583_e68489a0c623 0 2 {"bar": "value-2"}
2025-08-07 20:32:51,224 INFO  [io.api.tes.ser.api.KafkaSerdesTester] (Thread-618) topic-553cfdf6_4a0c_4405_b583_e68489a0c623 0 3 {"bar": "value-3"}
2025-08-07 20:32:51,224 INFO  [io.api.tes.ser.api.KafkaSerdesTester] (Thread-618) topic-553cfdf6_4a0c_4405_b583_e68489a0c623 0 4 {"bar": "value-4"}
2025-08-07 20:32:51,226 INFO  [io.api.tes.ser.api.KafkaSerdesTester] (Thread-618) topic-553cfdf6_4a0c_4405_b583_e68489a0c623 0 5 {"bar": "value-5"}
2025-08-07 20:32:51,226 INFO  [io.api.tes.ser.api.KafkaSerdesTester] (Thread-618) topic-553cfdf6_4a0c_4405_b583_e68489a0c623 0 6 {"bar": "value-6"}
2025-08-07 20:32:51,226 INFO  [io.api.tes.ser.api.KafkaSerdesTester] (Thread-618) topic-553cfdf6_4a0c_4405_b583_e68489a0c623 0 7 {"bar": "value-7"}
2025-08-07 20:32:51,226 INFO  [io.api.tes.ser.api.KafkaSerdesTester] (Thread-618) topic-553cfdf6_4a0c_4405_b583_e68489a0c623 0 8 {"bar": "value-8"}
2025-08-07 20:32:51,226 INFO  [io.api.tes.ser.api.KafkaSerdesTester] (Thread-618) topic-553cfdf6_4a0c_4405_b583_e68489a0c623 0 9 {"bar": "value-9"}
2025-08-07 20:32:51,226 INFO  [io.api.tes.ser.api.KafkaSerdesTester] (Thread-618) Consumed 10 messages
2025-08-07 20:32:51,233 INFO  [org.apa.kaf.cli.con.int.ConsumerRebalanceListenerInvoker] (Thread-618) [Consumer clientId=consumer-Consumer-topic-553cfdf6_4a0c_4405_b583_e68489a0c623-3, groupId=Consumer-topic-553cfdf6_4a0c_4405_b583_e68489a0c623] Revoke previously assigned partitions topic-553cfdf6_4a0c_4405_b583_e68489a0c623-0
2025-08-07 20:32:51,234 INFO  [org.apa.kaf.cli.con.int.ConsumerCoordinator] (Thread-618) [Consumer clientId=consumer-Consumer-topic-553cfdf6_4a0c_4405_b583_e68489a0c623-3, groupId=Consumer-topic-553cfdf6_4a0c_4405_b583_e68489a0c623] Member consumer-Consumer-topic-553cfdf6_4a0c_4405_b583_e68489a0c623-3-2ed04951-1c3a-4386-88af-2865f07baf40 sending LeaveGroup request to coordinator localhost:32769 (id: 2147483647 rack: null) due to the consumer is being closed
2025-08-07 20:32:51,234 INFO  [org.apa.kaf.cli.con.int.ConsumerCoordinator] (Thread-618) [Consumer clientId=consumer-Consumer-topic-553cfdf6_4a0c_4405_b583_e68489a0c623-3, groupId=Consumer-topic-553cfdf6_4a0c_4405_b583_e68489a0c623] Resetting generation and member id due to: consumer pro-actively leaving the group
2025-08-07 20:32:51,234 INFO  [org.apa.kaf.cli.con.int.ConsumerCoordinator] (Thread-618) [Consumer clientId=consumer-Consumer-topic-553cfdf6_4a0c_4405_b583_e68489a0c623-3, groupId=Consumer-topic-553cfdf6_4a0c_4405_b583_e68489a0c623] Request joining group due to: consumer pro-actively leaving the group
2025-08-07 20:32:51,726 INFO  [org.apa.kaf.com.met.Metrics] (Thread-618) Metrics scheduler closed
2025-08-07 20:32:51,727 INFO  [org.apa.kaf.com.met.Metrics] (Thread-618) Closing reporter org.apache.kafka.common.metrics.JmxReporter
2025-08-07 20:32:51,727 INFO  [org.apa.kaf.com.met.Metrics] (Thread-618) Closing reporter org.apache.kafka.common.telemetry.internals.ClientTelemetryReporter
2025-08-07 20:32:51,727 INFO  [org.apa.kaf.com.met.Metrics] (Thread-618) Metrics reporters closed
2025-08-07 20:32:51,730 INFO  [org.apa.kaf.com.uti.AppInfoParser] (Thread-618) App info kafka.consumer for consumer-Consumer-topic-553cfdf6_4a0c_4405_b583_e68489a0c623-3 unregistered
2025-08-07 20:32:51,730 INFO  [io.api.tes.uti.TestSeparator] (main) io.apicurio.tests.serdes.apicurio.AvroSerdeIT.testAvroJSON-FINISHED
2025-08-07 20:32:51,730 INFO  [io.api.tes.uti.TestSeparator] (main) ############################################################################
Test passed: testAvroJSON
]]></system-out>
  </testcase>
  <testcase name="testTopicIdStrategyAutoRegister" classname="io.apicurio.tests.serdes.apicurio.AvroSerdeIT" time="3.819">
    <system-out><![CDATA[2025-08-07 20:32:51,733 INFO  [io.api.tes.uti.TestSeparator] (main) ############################################################################
2025-08-07 20:32:51,733 INFO  [io.api.tes.uti.TestSeparator] (main) io.apicurio.tests.serdes.apicurio.AvroSerdeIT.testTopicIdStrategyAutoRegister-STARTED
**** Registry Base URL: http://registry-app-ksql047.apps.ci419.apicurio-testing.org:80
2025-08-07 20:32:51,741 INFO  [org.apa.kaf.cli.pro.ProducerConfig] (main) ProducerConfig values: 
	acks = -1
	auto.include.jmx.reporter = true
	batch.size = 16384
	bootstrap.servers = [PLAINTEXT://localhost:32769]
	buffer.memory = 33554432
	client.dns.lookup = use_all_dns_ips
	client.id = Producer-topic-a7bf4603_9325_4c01_9859_faa60701e290
	compression.gzip.level = -1
	compression.lz4.level = 9
	compression.type = none
	compression.zstd.level = 3
	connections.max.idle.ms = 10000
	delivery.timeout.ms = 120000
	enable.idempotence = true
	enable.metrics.push = true
	interceptor.classes = []
	key.serializer = class org.apache.kafka.common.serialization.StringSerializer
	linger.ms = 0
	max.block.ms = 60000
	max.in.flight.requests.per.connection = 5
	max.request.size = 1048576
	metadata.max.age.ms = 300000
	metadata.max.idle.ms = 300000
	metadata.recovery.strategy = none
	metric.reporters = []
	metrics.num.samples = 2
	metrics.recording.level = INFO
	metrics.sample.window.ms = 30000
	partitioner.adaptive.partitioning.enable = true
	partitioner.availability.timeout.ms = 0
	partitioner.class = null
	partitioner.ignore.keys = false
	receive.buffer.bytes = 32768
	reconnect.backoff.max.ms = 1000
	reconnect.backoff.ms = 50
	request.timeout.ms = 5000
	retries = 2147483647
	retry.backoff.max.ms = 1000
	retry.backoff.ms = 100
	sasl.client.callback.handler.class = null
	sasl.jaas.config = null
	sasl.kerberos.kinit.cmd = /usr/bin/kinit
	sasl.kerberos.min.time.before.relogin = 60000
	sasl.kerberos.service.name = null
	sasl.kerberos.ticket.renew.jitter = 0.05
	sasl.kerberos.ticket.renew.window.factor = 0.8
	sasl.login.callback.handler.class = null
	sasl.login.class = null
	sasl.login.connect.timeout.ms = null
	sasl.login.read.timeout.ms = null
	sasl.login.refresh.buffer.seconds = 300
	sasl.login.refresh.min.period.seconds = 60
	sasl.login.refresh.window.factor = 0.8
	sasl.login.refresh.window.jitter = 0.05
	sasl.login.retry.backoff.max.ms = 10000
	sasl.login.retry.backoff.ms = 100
	sasl.mechanism = GSSAPI
	sasl.oauthbearer.clock.skew.seconds = 30
	sasl.oauthbearer.expected.audience = null
	sasl.oauthbearer.expected.issuer = null
	sasl.oauthbearer.header.urlencode = false
	sasl.oauthbearer.jwks.endpoint.refresh.ms = 3600000
	sasl.oauthbearer.jwks.endpoint.retry.backoff.max.ms = 10000
	sasl.oauthbearer.jwks.endpoint.retry.backoff.ms = 100
	sasl.oauthbearer.jwks.endpoint.url = null
	sasl.oauthbearer.scope.claim.name = scope
	sasl.oauthbearer.sub.claim.name = sub
	sasl.oauthbearer.token.endpoint.url = null
	security.protocol = PLAINTEXT
	security.providers = null
	send.buffer.bytes = 131072
	socket.connection.setup.timeout.max.ms = 30000
	socket.connection.setup.timeout.ms = 10000
	ssl.cipher.suites = null
	ssl.enabled.protocols = [TLSv1.2, TLSv1.3]
	ssl.endpoint.identification.algorithm = https
	ssl.engine.factory.class = null
	ssl.key.password = null
	ssl.keymanager.algorithm = SunX509
	ssl.keystore.certificate.chain = null
	ssl.keystore.key = null
	ssl.keystore.location = null
	ssl.keystore.password = null
	ssl.keystore.type = JKS
	ssl.protocol = TLSv1.3
	ssl.provider = null
	ssl.secure.random.implementation = null
	ssl.trustmanager.algorithm = PKIX
	ssl.truststore.certificates = null
	ssl.truststore.location = null
	ssl.truststore.password = null
	ssl.truststore.type = JKS
	transaction.timeout.ms = 60000
	transactional.id = null
	value.serializer = class io.apicurio.registry.serde.avro.AvroKafkaSerializer

2025-08-07 20:32:51,741 INFO  [org.apa.kaf.com.tel.int.KafkaMetricsCollector] (main) initializing Kafka metrics collector
2025-08-07 20:32:51,757 INFO  [org.apa.kaf.cli.pro.KafkaProducer] (main) [Producer clientId=Producer-topic-a7bf4603_9325_4c01_9859_faa60701e290] Instantiated an idempotent producer.
2025-08-07 20:32:51,762 INFO  [org.apa.kaf.cli.pro.ProducerConfig] (main) These configurations '[apicurio.registry.url, apicurio.registry.auto-register, apicurio.registry.artifact-resolver-strategy]' were supplied but are not used yet.
2025-08-07 20:32:51,762 INFO  [org.apa.kaf.com.uti.AppInfoParser] (main) Kafka version: 3.9.1
2025-08-07 20:32:51,762 INFO  [org.apa.kaf.com.uti.AppInfoParser] (main) Kafka commitId: f745dfdcee2b9851
2025-08-07 20:32:51,762 INFO  [org.apa.kaf.com.uti.AppInfoParser] (main) Kafka startTimeMs: 1754598771762
2025-08-07 20:32:51,762 INFO  [io.api.tes.ser.api.SimpleSerdesTesterBuilder$SimpleSerdesTester] (main) Using producer configuration: {apicurio.registry.url=http://registry-app-ksql047.apps.ci419.apicurio-testing.org:80/apis/registry/v3, apicurio.registry.auto-register=true, apicurio.registry.artifact-resolver-strategy=io.apicurio.registry.serde.strategy.TopicIdStrategy, value.serializer=io.apicurio.registry.serde.avro.AvroKafkaSerializer, request.timeout.ms=5000, acks=all, bootstrap.servers=PLAINTEXT://localhost:32769, connections.max.idle.ms=10000, key.serializer=org.apache.kafka.common.serialization.StringSerializer, client.id=Producer-topic-a7bf4603_9325_4c01_9859_faa60701e290}
2025-08-07 20:32:51,762 INFO  [io.api.tes.ser.api.SimpleSerdesTesterBuilder$SimpleSerdesTester] (main) Using consumer configuration: {}
2025-08-07 20:32:51,769 INFO  [io.api.tes.ser.api.KafkaSerdesTester] (Thread-621) Sending message {"key11754598771733": "value-0"} to topic topic-a7bf4603_9325_4c01_9859_faa60701e290
2025-08-07 20:32:51,770 INFO  [org.apa.kaf.cli.Metadata] (kafka-producer-network-thread | Producer-topic-a7bf4603_9325_4c01_9859_faa60701e290) [Producer clientId=Producer-topic-a7bf4603_9325_4c01_9859_faa60701e290] Cluster ID: pU55guAKRSeYHTOWTlfVzQ
2025-08-07 20:32:51,771 INFO  [org.apa.kaf.cli.pro.int.TransactionManager] (kafka-producer-network-thread | Producer-topic-a7bf4603_9325_4c01_9859_faa60701e290) [Producer clientId=Producer-topic-a7bf4603_9325_4c01_9859_faa60701e290] ProducerId set to 4 with epoch 0
2025-08-07 20:32:51,856 INFO  [io.api.tes.ser.api.KafkaSerdesTester] (Thread-621) Sending message {"key11754598771733": "value-1"} to topic topic-a7bf4603_9325_4c01_9859_faa60701e290
2025-08-07 20:32:51,862 INFO  [io.api.tes.ser.api.KafkaSerdesTester] (Thread-621) Sending message {"key11754598771733": "value-2"} to topic topic-a7bf4603_9325_4c01_9859_faa60701e290
2025-08-07 20:32:51,867 INFO  [io.api.tes.ser.api.KafkaSerdesTester] (Thread-621) Sending message {"key11754598771733": "value-3"} to topic topic-a7bf4603_9325_4c01_9859_faa60701e290
2025-08-07 20:32:51,872 INFO  [io.api.tes.ser.api.KafkaSerdesTester] (Thread-621) Sending message {"key11754598771733": "value-4"} to topic topic-a7bf4603_9325_4c01_9859_faa60701e290
2025-08-07 20:32:51,876 INFO  [io.api.tes.ser.api.KafkaSerdesTester] (Thread-621) Sending message {"key11754598771733": "value-5"} to topic topic-a7bf4603_9325_4c01_9859_faa60701e290
2025-08-07 20:32:51,880 INFO  [io.api.tes.ser.api.KafkaSerdesTester] (Thread-621) Sending message {"key11754598771733": "value-6"} to topic topic-a7bf4603_9325_4c01_9859_faa60701e290
2025-08-07 20:32:51,885 INFO  [io.api.tes.ser.api.KafkaSerdesTester] (Thread-621) Sending message {"key11754598771733": "value-7"} to topic topic-a7bf4603_9325_4c01_9859_faa60701e290
2025-08-07 20:32:51,887 INFO  [io.api.tes.ser.api.KafkaSerdesTester] (Thread-621) Sending message {"key11754598771733": "value-8"} to topic topic-a7bf4603_9325_4c01_9859_faa60701e290
2025-08-07 20:32:51,889 INFO  [io.api.tes.ser.api.KafkaSerdesTester] (Thread-621) Sending message {"key11754598771733": "value-9"} to topic topic-a7bf4603_9325_4c01_9859_faa60701e290
2025-08-07 20:32:51,891 INFO  [io.api.tes.ser.api.KafkaSerdesTester] (Thread-621) Produced 10 messages
2025-08-07 20:32:51,892 INFO  [org.apa.kaf.cli.pro.KafkaProducer] (Thread-621) [Producer clientId=Producer-topic-a7bf4603_9325_4c01_9859_faa60701e290] Closing the Kafka producer with timeoutMillis = 9223372036854775807 ms.
2025-08-07 20:32:51,895 INFO  [org.apa.kaf.com.met.Metrics] (Thread-621) Metrics scheduler closed
2025-08-07 20:32:51,896 INFO  [org.apa.kaf.com.met.Metrics] (Thread-621) Closing reporter org.apache.kafka.common.metrics.JmxReporter
2025-08-07 20:32:51,896 INFO  [org.apa.kaf.com.met.Metrics] (Thread-621) Closing reporter org.apache.kafka.common.telemetry.internals.ClientTelemetryReporter
2025-08-07 20:32:51,896 INFO  [org.apa.kaf.com.met.Metrics] (Thread-621) Metrics reporters closed
2025-08-07 20:32:51,896 INFO  [org.apa.kaf.com.uti.AppInfoParser] (Thread-621) App info kafka.producer for Producer-topic-a7bf4603_9325_4c01_9859_faa60701e290 unregistered
**** Registry Base URL: http://registry-app-ksql047.apps.ci419.apicurio-testing.org:80
2025-08-07 20:32:51,929 INFO  [org.apa.kaf.cli.con.ConsumerConfig] (main) ConsumerConfig values: 
	allow.auto.create.topics = true
	auto.commit.interval.ms = 500
	auto.include.jmx.reporter = true
	auto.offset.reset = earliest
	bootstrap.servers = [PLAINTEXT://localhost:32769]
	check.crcs = true
	client.dns.lookup = use_all_dns_ips
	client.id = consumer-Consumer-topic-a7bf4603_9325_4c01_9859_faa60701e290-4
	client.rack = 
	connections.max.idle.ms = 10000
	default.api.timeout.ms = 60000
	enable.auto.commit = true
	enable.metrics.push = true
	exclude.internal.topics = true
	fetch.max.bytes = 52428800
	fetch.max.wait.ms = 500
	fetch.min.bytes = 1
	group.id = Consumer-topic-a7bf4603_9325_4c01_9859_faa60701e290
	group.instance.id = null
	group.protocol = classic
	group.remote.assignor = null
	heartbeat.interval.ms = 3000
	interceptor.classes = []
	internal.leave.group.on.close = true
	internal.throw.on.fetch.stable.offset.unsupported = false
	isolation.level = read_uncommitted
	key.deserializer = class org.apache.kafka.common.serialization.StringDeserializer
	max.partition.fetch.bytes = 1048576
	max.poll.interval.ms = 300000
	max.poll.records = 500
	metadata.max.age.ms = 300000
	metadata.recovery.strategy = none
	metric.reporters = []
	metrics.num.samples = 2
	metrics.recording.level = INFO
	metrics.sample.window.ms = 30000
	partition.assignment.strategy = [class org.apache.kafka.clients.consumer.RangeAssignor, class org.apache.kafka.clients.consumer.CooperativeStickyAssignor]
	receive.buffer.bytes = 65536
	reconnect.backoff.max.ms = 1000
	reconnect.backoff.ms = 50
	request.timeout.ms = 5000
	retry.backoff.max.ms = 1000
	retry.backoff.ms = 100
	sasl.client.callback.handler.class = null
	sasl.jaas.config = null
	sasl.kerberos.kinit.cmd = /usr/bin/kinit
	sasl.kerberos.min.time.before.relogin = 60000
	sasl.kerberos.service.name = null
	sasl.kerberos.ticket.renew.jitter = 0.05
	sasl.kerberos.ticket.renew.window.factor = 0.8
	sasl.login.callback.handler.class = null
	sasl.login.class = null
	sasl.login.connect.timeout.ms = null
	sasl.login.read.timeout.ms = null
	sasl.login.refresh.buffer.seconds = 300
	sasl.login.refresh.min.period.seconds = 60
	sasl.login.refresh.window.factor = 0.8
	sasl.login.refresh.window.jitter = 0.05
	sasl.login.retry.backoff.max.ms = 10000
	sasl.login.retry.backoff.ms = 100
	sasl.mechanism = GSSAPI
	sasl.oauthbearer.clock.skew.seconds = 30
	sasl.oauthbearer.expected.audience = null
	sasl.oauthbearer.expected.issuer = null
	sasl.oauthbearer.header.urlencode = false
	sasl.oauthbearer.jwks.endpoint.refresh.ms = 3600000
	sasl.oauthbearer.jwks.endpoint.retry.backoff.max.ms = 10000
	sasl.oauthbearer.jwks.endpoint.retry.backoff.ms = 100
	sasl.oauthbearer.jwks.endpoint.url = null
	sasl.oauthbearer.scope.claim.name = scope
	sasl.oauthbearer.sub.claim.name = sub
	sasl.oauthbearer.token.endpoint.url = null
	security.protocol = PLAINTEXT
	security.providers = null
	send.buffer.bytes = 131072
	session.timeout.ms = 45000
	socket.connection.setup.timeout.max.ms = 30000
	socket.connection.setup.timeout.ms = 10000
	ssl.cipher.suites = null
	ssl.enabled.protocols = [TLSv1.2, TLSv1.3]
	ssl.endpoint.identification.algorithm = https
	ssl.engine.factory.class = null
	ssl.key.password = null
	ssl.keymanager.algorithm = SunX509
	ssl.keystore.certificate.chain = null
	ssl.keystore.key = null
	ssl.keystore.location = null
	ssl.keystore.password = null
	ssl.keystore.type = JKS
	ssl.protocol = TLSv1.3
	ssl.provider = null
	ssl.secure.random.implementation = null
	ssl.trustmanager.algorithm = PKIX
	ssl.truststore.certificates = null
	ssl.truststore.location = null
	ssl.truststore.password = null
	ssl.truststore.type = JKS
	value.deserializer = class io.apicurio.registry.serde.avro.AvroKafkaDeserializer

2025-08-07 20:32:51,929 INFO  [org.apa.kaf.com.tel.int.KafkaMetricsCollector] (main) initializing Kafka metrics collector
2025-08-07 20:32:51,937 INFO  [org.apa.kaf.cli.con.ConsumerConfig] (main) These configurations '[apicurio.registry.url]' were supplied but are not used yet.
2025-08-07 20:32:51,937 INFO  [org.apa.kaf.com.uti.AppInfoParser] (main) Kafka version: 3.9.1
2025-08-07 20:32:51,937 INFO  [org.apa.kaf.com.uti.AppInfoParser] (main) Kafka commitId: f745dfdcee2b9851
2025-08-07 20:32:51,937 INFO  [org.apa.kaf.com.uti.AppInfoParser] (main) Kafka startTimeMs: 1754598771937
2025-08-07 20:32:51,938 INFO  [org.apa.kaf.cli.con.int.ClassicKafkaConsumer] (Thread-624) [Consumer clientId=consumer-Consumer-topic-a7bf4603_9325_4c01_9859_faa60701e290-4, groupId=Consumer-topic-a7bf4603_9325_4c01_9859_faa60701e290] Subscribed to topic(s): topic-a7bf4603_9325_4c01_9859_faa60701e290
2025-08-07 20:32:51,945 INFO  [org.apa.kaf.cli.Metadata] (Thread-624) [Consumer clientId=consumer-Consumer-topic-a7bf4603_9325_4c01_9859_faa60701e290-4, groupId=Consumer-topic-a7bf4603_9325_4c01_9859_faa60701e290] Cluster ID: pU55guAKRSeYHTOWTlfVzQ
2025-08-07 20:32:51,946 INFO  [org.apa.kaf.cli.con.int.ConsumerCoordinator] (Thread-624) [Consumer clientId=consumer-Consumer-topic-a7bf4603_9325_4c01_9859_faa60701e290-4, groupId=Consumer-topic-a7bf4603_9325_4c01_9859_faa60701e290] Discovered group coordinator localhost:32769 (id: 2147483647 rack: null)
2025-08-07 20:32:51,949 INFO  [org.apa.kaf.cli.con.int.ConsumerCoordinator] (Thread-624) [Consumer clientId=consumer-Consumer-topic-a7bf4603_9325_4c01_9859_faa60701e290-4, groupId=Consumer-topic-a7bf4603_9325_4c01_9859_faa60701e290] (Re-)joining group
2025-08-07 20:32:51,956 INFO  [org.apa.kaf.cli.con.int.ConsumerCoordinator] (Thread-624) [Consumer clientId=consumer-Consumer-topic-a7bf4603_9325_4c01_9859_faa60701e290-4, groupId=Consumer-topic-a7bf4603_9325_4c01_9859_faa60701e290] Request joining group due to: need to re-join with the given member-id: consumer-Consumer-topic-a7bf4603_9325_4c01_9859_faa60701e290-4-c80bb77f-f65a-4623-beb6-07ed8b6e2b98
2025-08-07 20:32:51,956 INFO  [org.apa.kaf.cli.con.int.ConsumerCoordinator] (Thread-624) [Consumer clientId=consumer-Consumer-topic-a7bf4603_9325_4c01_9859_faa60701e290-4, groupId=Consumer-topic-a7bf4603_9325_4c01_9859_faa60701e290] (Re-)joining group
2025-08-07 20:32:52,938 INFO  [io.api.tes.ser.api.KafkaSerdesTester] (Thread-624) None found
2025-08-07 20:32:53,938 INFO  [io.api.tes.ser.api.KafkaSerdesTester] (Thread-624) None found
2025-08-07 20:32:54,938 INFO  [io.api.tes.ser.api.KafkaSerdesTester] (Thread-624) None found
2025-08-07 20:32:54,961 INFO  [org.apa.kaf.cli.con.int.ConsumerCoordinator] (Thread-624) [Consumer clientId=consumer-Consumer-topic-a7bf4603_9325_4c01_9859_faa60701e290-4, groupId=Consumer-topic-a7bf4603_9325_4c01_9859_faa60701e290] Successfully joined group with generation Generation{generationId=1, memberId='consumer-Consumer-topic-a7bf4603_9325_4c01_9859_faa60701e290-4-c80bb77f-f65a-4623-beb6-07ed8b6e2b98', protocol='range'}
2025-08-07 20:32:54,961 INFO  [org.apa.kaf.cli.con.int.ConsumerCoordinator] (Thread-624) [Consumer clientId=consumer-Consumer-topic-a7bf4603_9325_4c01_9859_faa60701e290-4, groupId=Consumer-topic-a7bf4603_9325_4c01_9859_faa60701e290] Finished assignment for group at generation 1: {consumer-Consumer-topic-a7bf4603_9325_4c01_9859_faa60701e290-4-c80bb77f-f65a-4623-beb6-07ed8b6e2b98=Assignment(partitions=[topic-a7bf4603_9325_4c01_9859_faa60701e290-0])}
2025-08-07 20:32:54,969 INFO  [org.apa.kaf.cli.con.int.ConsumerCoordinator] (Thread-624) [Consumer clientId=consumer-Consumer-topic-a7bf4603_9325_4c01_9859_faa60701e290-4, groupId=Consumer-topic-a7bf4603_9325_4c01_9859_faa60701e290] Successfully synced group in generation Generation{generationId=1, memberId='consumer-Consumer-topic-a7bf4603_9325_4c01_9859_faa60701e290-4-c80bb77f-f65a-4623-beb6-07ed8b6e2b98', protocol='range'}
2025-08-07 20:32:54,970 INFO  [org.apa.kaf.cli.con.int.ConsumerCoordinator] (Thread-624) [Consumer clientId=consumer-Consumer-topic-a7bf4603_9325_4c01_9859_faa60701e290-4, groupId=Consumer-topic-a7bf4603_9325_4c01_9859_faa60701e290] Notifying assignor about the new Assignment(partitions=[topic-a7bf4603_9325_4c01_9859_faa60701e290-0])
2025-08-07 20:32:54,970 INFO  [org.apa.kaf.cli.con.int.ConsumerRebalanceListenerInvoker] (Thread-624) [Consumer clientId=consumer-Consumer-topic-a7bf4603_9325_4c01_9859_faa60701e290-4, groupId=Consumer-topic-a7bf4603_9325_4c01_9859_faa60701e290] Adding newly assigned partitions: topic-a7bf4603_9325_4c01_9859_faa60701e290-0
2025-08-07 20:32:54,971 INFO  [org.apa.kaf.cli.con.int.ConsumerCoordinator] (Thread-624) [Consumer clientId=consumer-Consumer-topic-a7bf4603_9325_4c01_9859_faa60701e290-4, groupId=Consumer-topic-a7bf4603_9325_4c01_9859_faa60701e290] Found no committed offset for partition topic-a7bf4603_9325_4c01_9859_faa60701e290-0
2025-08-07 20:32:54,976 INFO  [org.apa.kaf.cli.con.int.SubscriptionState] (Thread-624) [Consumer clientId=consumer-Consumer-topic-a7bf4603_9325_4c01_9859_faa60701e290-4, groupId=Consumer-topic-a7bf4603_9325_4c01_9859_faa60701e290] Resetting offset for partition topic-a7bf4603_9325_4c01_9859_faa60701e290-0 to position FetchPosition{offset=0, offsetEpoch=Optional.empty, currentLeader=LeaderAndEpoch{leader=Optional[localhost:32769 (id: 0 rack: null)], epoch=0}}.
2025-08-07 20:32:55,013 INFO  [io.api.tes.ser.api.KafkaSerdesTester] (Thread-624) topic-a7bf4603_9325_4c01_9859_faa60701e290 0 0 {"key11754598771733": "value-0"}
2025-08-07 20:32:55,013 INFO  [io.api.tes.ser.api.KafkaSerdesTester] (Thread-624) topic-a7bf4603_9325_4c01_9859_faa60701e290 0 1 {"key11754598771733": "value-1"}
2025-08-07 20:32:55,014 INFO  [io.api.tes.ser.api.KafkaSerdesTester] (Thread-624) topic-a7bf4603_9325_4c01_9859_faa60701e290 0 2 {"key11754598771733": "value-2"}
2025-08-07 20:32:55,014 INFO  [io.api.tes.ser.api.KafkaSerdesTester] (Thread-624) topic-a7bf4603_9325_4c01_9859_faa60701e290 0 3 {"key11754598771733": "value-3"}
2025-08-07 20:32:55,014 INFO  [io.api.tes.ser.api.KafkaSerdesTester] (Thread-624) topic-a7bf4603_9325_4c01_9859_faa60701e290 0 4 {"key11754598771733": "value-4"}
2025-08-07 20:32:55,014 INFO  [io.api.tes.ser.api.KafkaSerdesTester] (Thread-624) topic-a7bf4603_9325_4c01_9859_faa60701e290 0 5 {"key11754598771733": "value-5"}
2025-08-07 20:32:55,014 INFO  [io.api.tes.ser.api.KafkaSerdesTester] (Thread-624) topic-a7bf4603_9325_4c01_9859_faa60701e290 0 6 {"key11754598771733": "value-6"}
2025-08-07 20:32:55,014 INFO  [io.api.tes.ser.api.KafkaSerdesTester] (Thread-624) topic-a7bf4603_9325_4c01_9859_faa60701e290 0 7 {"key11754598771733": "value-7"}
2025-08-07 20:32:55,014 INFO  [io.api.tes.ser.api.KafkaSerdesTester] (Thread-624) topic-a7bf4603_9325_4c01_9859_faa60701e290 0 8 {"key11754598771733": "value-8"}
2025-08-07 20:32:55,014 INFO  [io.api.tes.ser.api.KafkaSerdesTester] (Thread-624) topic-a7bf4603_9325_4c01_9859_faa60701e290 0 9 {"key11754598771733": "value-9"}
2025-08-07 20:32:55,014 INFO  [io.api.tes.ser.api.KafkaSerdesTester] (Thread-624) Consumed 10 messages
2025-08-07 20:32:55,022 INFO  [org.apa.kaf.cli.con.int.ConsumerRebalanceListenerInvoker] (Thread-624) [Consumer clientId=consumer-Consumer-topic-a7bf4603_9325_4c01_9859_faa60701e290-4, groupId=Consumer-topic-a7bf4603_9325_4c01_9859_faa60701e290] Revoke previously assigned partitions topic-a7bf4603_9325_4c01_9859_faa60701e290-0
2025-08-07 20:32:55,022 INFO  [org.apa.kaf.cli.con.int.ConsumerCoordinator] (Thread-624) [Consumer clientId=consumer-Consumer-topic-a7bf4603_9325_4c01_9859_faa60701e290-4, groupId=Consumer-topic-a7bf4603_9325_4c01_9859_faa60701e290] Member consumer-Consumer-topic-a7bf4603_9325_4c01_9859_faa60701e290-4-c80bb77f-f65a-4623-beb6-07ed8b6e2b98 sending LeaveGroup request to coordinator localhost:32769 (id: 2147483647 rack: null) due to the consumer is being closed
2025-08-07 20:32:55,022 INFO  [org.apa.kaf.cli.con.int.ConsumerCoordinator] (Thread-624) [Consumer clientId=consumer-Consumer-topic-a7bf4603_9325_4c01_9859_faa60701e290-4, groupId=Consumer-topic-a7bf4603_9325_4c01_9859_faa60701e290] Resetting generation and member id due to: consumer pro-actively leaving the group
2025-08-07 20:32:55,022 INFO  [org.apa.kaf.cli.con.int.ConsumerCoordinator] (Thread-624) [Consumer clientId=consumer-Consumer-topic-a7bf4603_9325_4c01_9859_faa60701e290-4, groupId=Consumer-topic-a7bf4603_9325_4c01_9859_faa60701e290] Request joining group due to: consumer pro-actively leaving the group
2025-08-07 20:32:55,519 INFO  [org.apa.kaf.com.met.Metrics] (Thread-624) Metrics scheduler closed
2025-08-07 20:32:55,520 INFO  [org.apa.kaf.com.met.Metrics] (Thread-624) Closing reporter org.apache.kafka.common.metrics.JmxReporter
2025-08-07 20:32:55,520 INFO  [org.apa.kaf.com.met.Metrics] (Thread-624) Closing reporter org.apache.kafka.common.telemetry.internals.ClientTelemetryReporter
2025-08-07 20:32:55,520 INFO  [org.apa.kaf.com.met.Metrics] (Thread-624) Metrics reporters closed
2025-08-07 20:32:55,523 INFO  [org.apa.kaf.com.uti.AppInfoParser] (Thread-624) App info kafka.consumer for consumer-Consumer-topic-a7bf4603_9325_4c01_9859_faa60701e290-4 unregistered
2025-08-07 20:32:55,550 INFO  [io.api.tes.uti.TestSeparator] (main) io.apicurio.tests.serdes.apicurio.AvroSerdeIT.testTopicIdStrategyAutoRegister-FINISHED
2025-08-07 20:32:55,550 INFO  [io.api.tes.uti.TestSeparator] (main) ############################################################################
Test passed: testTopicIdStrategyAutoRegister
]]></system-out>
  </testcase>
  <testcase name="testRecordIdStrategydFindLatest" classname="io.apicurio.tests.serdes.apicurio.AvroSerdeIT" time="4.799">
    <system-out><![CDATA[2025-08-07 20:32:55,551 INFO  [io.api.tes.uti.TestSeparator] (main) ############################################################################
2025-08-07 20:32:55,551 INFO  [io.api.tes.uti.TestSeparator] (main) io.apicurio.tests.serdes.apicurio.AvroSerdeIT.testRecordIdStrategydFindLatest-STARTED
2025-08-07 20:32:55,554 INFO  [io.api.tes.ser.api.AvroSerdeIT] (main) Registering Avro Schema: {"type":"record","name":"sb40cec9exd7e3x4207x939cx7b154b201994","namespace":"sbc834900xd54dx44a0x9aefx9c8a92c9117c","fields":[{"name":"key11754598775554","type":"string"}]}
**** Registry Base URL: http://registry-app-ksql047.apps.ci419.apicurio-testing.org:80
2025-08-07 20:32:56,631 INFO  [org.apa.kaf.cli.pro.ProducerConfig] (main) ProducerConfig values: 
	acks = -1
	auto.include.jmx.reporter = true
	batch.size = 16384
	bootstrap.servers = [PLAINTEXT://localhost:32769]
	buffer.memory = 33554432
	client.dns.lookup = use_all_dns_ips
	client.id = Producer-topic-f5d34273_13b3_4e30_9803_49520db3b981
	compression.gzip.level = -1
	compression.lz4.level = 9
	compression.type = none
	compression.zstd.level = 3
	connections.max.idle.ms = 10000
	delivery.timeout.ms = 120000
	enable.idempotence = true
	enable.metrics.push = true
	interceptor.classes = []
	key.serializer = class org.apache.kafka.common.serialization.StringSerializer
	linger.ms = 0
	max.block.ms = 60000
	max.in.flight.requests.per.connection = 5
	max.request.size = 1048576
	metadata.max.age.ms = 300000
	metadata.max.idle.ms = 300000
	metadata.recovery.strategy = none
	metric.reporters = []
	metrics.num.samples = 2
	metrics.recording.level = INFO
	metrics.sample.window.ms = 30000
	partitioner.adaptive.partitioning.enable = true
	partitioner.availability.timeout.ms = 0
	partitioner.class = null
	partitioner.ignore.keys = false
	receive.buffer.bytes = 32768
	reconnect.backoff.max.ms = 1000
	reconnect.backoff.ms = 50
	request.timeout.ms = 5000
	retries = 2147483647
	retry.backoff.max.ms = 1000
	retry.backoff.ms = 100
	sasl.client.callback.handler.class = null
	sasl.jaas.config = null
	sasl.kerberos.kinit.cmd = /usr/bin/kinit
	sasl.kerberos.min.time.before.relogin = 60000
	sasl.kerberos.service.name = null
	sasl.kerberos.ticket.renew.jitter = 0.05
	sasl.kerberos.ticket.renew.window.factor = 0.8
	sasl.login.callback.handler.class = null
	sasl.login.class = null
	sasl.login.connect.timeout.ms = null
	sasl.login.read.timeout.ms = null
	sasl.login.refresh.buffer.seconds = 300
	sasl.login.refresh.min.period.seconds = 60
	sasl.login.refresh.window.factor = 0.8
	sasl.login.refresh.window.jitter = 0.05
	sasl.login.retry.backoff.max.ms = 10000
	sasl.login.retry.backoff.ms = 100
	sasl.mechanism = GSSAPI
	sasl.oauthbearer.clock.skew.seconds = 30
	sasl.oauthbearer.expected.audience = null
	sasl.oauthbearer.expected.issuer = null
	sasl.oauthbearer.header.urlencode = false
	sasl.oauthbearer.jwks.endpoint.refresh.ms = 3600000
	sasl.oauthbearer.jwks.endpoint.retry.backoff.max.ms = 10000
	sasl.oauthbearer.jwks.endpoint.retry.backoff.ms = 100
	sasl.oauthbearer.jwks.endpoint.url = null
	sasl.oauthbearer.scope.claim.name = scope
	sasl.oauthbearer.sub.claim.name = sub
	sasl.oauthbearer.token.endpoint.url = null
	security.protocol = PLAINTEXT
	security.providers = null
	send.buffer.bytes = 131072
	socket.connection.setup.timeout.max.ms = 30000
	socket.connection.setup.timeout.ms = 10000
	ssl.cipher.suites = null
	ssl.enabled.protocols = [TLSv1.2, TLSv1.3]
	ssl.endpoint.identification.algorithm = https
	ssl.engine.factory.class = null
	ssl.key.password = null
	ssl.keymanager.algorithm = SunX509
	ssl.keystore.certificate.chain = null
	ssl.keystore.key = null
	ssl.keystore.location = null
	ssl.keystore.password = null
	ssl.keystore.type = JKS
	ssl.protocol = TLSv1.3
	ssl.provider = null
	ssl.secure.random.implementation = null
	ssl.trustmanager.algorithm = PKIX
	ssl.truststore.certificates = null
	ssl.truststore.location = null
	ssl.truststore.password = null
	ssl.truststore.type = JKS
	transaction.timeout.ms = 60000
	transactional.id = null
	value.serializer = class io.apicurio.registry.serde.avro.AvroKafkaSerializer

2025-08-07 20:32:56,631 INFO  [org.apa.kaf.com.tel.int.KafkaMetricsCollector] (main) initializing Kafka metrics collector
2025-08-07 20:32:56,635 INFO  [org.apa.kaf.cli.pro.KafkaProducer] (main) [Producer clientId=Producer-topic-f5d34273_13b3_4e30_9803_49520db3b981] Instantiated an idempotent producer.
2025-08-07 20:32:56,637 INFO  [org.apa.kaf.cli.pro.ProducerConfig] (main) These configurations '[apicurio.registry.find-latest, apicurio.registry.url, apicurio.registry.artifact-resolver-strategy]' were supplied but are not used yet.
2025-08-07 20:32:56,637 INFO  [org.apa.kaf.com.uti.AppInfoParser] (main) Kafka version: 3.9.1
2025-08-07 20:32:56,637 INFO  [org.apa.kaf.com.uti.AppInfoParser] (main) Kafka commitId: f745dfdcee2b9851
2025-08-07 20:32:56,637 INFO  [org.apa.kaf.com.uti.AppInfoParser] (main) Kafka startTimeMs: 1754598776637
2025-08-07 20:32:56,637 INFO  [io.api.tes.ser.api.SimpleSerdesTesterBuilder$SimpleSerdesTester] (main) Using producer configuration: {apicurio.registry.find-latest=true, apicurio.registry.url=http://registry-app-ksql047.apps.ci419.apicurio-testing.org:80/apis/registry/v3, apicurio.registry.artifact-resolver-strategy=io.apicurio.registry.serde.avro.strategy.RecordIdStrategy, value.serializer=io.apicurio.registry.serde.avro.AvroKafkaSerializer, request.timeout.ms=5000, acks=all, bootstrap.servers=PLAINTEXT://localhost:32769, connections.max.idle.ms=10000, key.serializer=org.apache.kafka.common.serialization.StringSerializer, client.id=Producer-topic-f5d34273_13b3_4e30_9803_49520db3b981}
2025-08-07 20:32:56,638 INFO  [io.api.tes.ser.api.SimpleSerdesTesterBuilder$SimpleSerdesTester] (main) Using consumer configuration: {}
2025-08-07 20:32:56,639 INFO  [io.api.tes.ser.api.KafkaSerdesTester] (Thread-627) Sending message {"key11754598775554": "value-0"} to topic topic-f5d34273_13b3_4e30_9803_49520db3b981
2025-08-07 20:32:56,645 INFO  [org.apa.kaf.cli.Metadata] (kafka-producer-network-thread | Producer-topic-f5d34273_13b3_4e30_9803_49520db3b981) [Producer clientId=Producer-topic-f5d34273_13b3_4e30_9803_49520db3b981] Cluster ID: pU55guAKRSeYHTOWTlfVzQ
2025-08-07 20:32:56,646 INFO  [org.apa.kaf.cli.pro.int.TransactionManager] (kafka-producer-network-thread | Producer-topic-f5d34273_13b3_4e30_9803_49520db3b981) [Producer clientId=Producer-topic-f5d34273_13b3_4e30_9803_49520db3b981] ProducerId set to 5 with epoch 0
2025-08-07 20:32:56,705 INFO  [io.api.tes.ser.api.KafkaSerdesTester] (Thread-627) Sending message {"key11754598775554": "value-1"} to topic topic-f5d34273_13b3_4e30_9803_49520db3b981
2025-08-07 20:32:56,708 INFO  [io.api.tes.ser.api.KafkaSerdesTester] (Thread-627) Sending message {"key11754598775554": "value-2"} to topic topic-f5d34273_13b3_4e30_9803_49520db3b981
2025-08-07 20:32:56,710 INFO  [io.api.tes.ser.api.KafkaSerdesTester] (Thread-627) Sending message {"key11754598775554": "value-3"} to topic topic-f5d34273_13b3_4e30_9803_49520db3b981
2025-08-07 20:32:56,711 INFO  [io.api.tes.ser.api.KafkaSerdesTester] (Thread-627) Sending message {"key11754598775554": "value-4"} to topic topic-f5d34273_13b3_4e30_9803_49520db3b981
2025-08-07 20:32:56,717 INFO  [io.api.tes.ser.api.KafkaSerdesTester] (Thread-627) Sending message {"key11754598775554": "value-5"} to topic topic-f5d34273_13b3_4e30_9803_49520db3b981
2025-08-07 20:32:56,720 INFO  [io.api.tes.ser.api.KafkaSerdesTester] (Thread-627) Sending message {"key11754598775554": "value-6"} to topic topic-f5d34273_13b3_4e30_9803_49520db3b981
2025-08-07 20:32:56,728 INFO  [io.api.tes.ser.api.KafkaSerdesTester] (Thread-627) Sending message {"key11754598775554": "value-7"} to topic topic-f5d34273_13b3_4e30_9803_49520db3b981
2025-08-07 20:32:56,731 INFO  [io.api.tes.ser.api.KafkaSerdesTester] (Thread-627) Sending message {"key11754598775554": "value-8"} to topic topic-f5d34273_13b3_4e30_9803_49520db3b981
2025-08-07 20:32:56,734 INFO  [io.api.tes.ser.api.KafkaSerdesTester] (Thread-627) Sending message {"key11754598775554": "value-9"} to topic topic-f5d34273_13b3_4e30_9803_49520db3b981
2025-08-07 20:32:56,738 INFO  [io.api.tes.ser.api.KafkaSerdesTester] (Thread-627) Produced 10 messages
2025-08-07 20:32:56,739 INFO  [org.apa.kaf.cli.pro.KafkaProducer] (Thread-627) [Producer clientId=Producer-topic-f5d34273_13b3_4e30_9803_49520db3b981] Closing the Kafka producer with timeoutMillis = 9223372036854775807 ms.
2025-08-07 20:32:56,742 INFO  [org.apa.kaf.com.met.Metrics] (Thread-627) Metrics scheduler closed
2025-08-07 20:32:56,742 INFO  [org.apa.kaf.com.met.Metrics] (Thread-627) Closing reporter org.apache.kafka.common.metrics.JmxReporter
2025-08-07 20:32:56,742 INFO  [org.apa.kaf.com.met.Metrics] (Thread-627) Closing reporter org.apache.kafka.common.telemetry.internals.ClientTelemetryReporter
2025-08-07 20:32:56,742 INFO  [org.apa.kaf.com.met.Metrics] (Thread-627) Metrics reporters closed
2025-08-07 20:32:56,742 INFO  [org.apa.kaf.com.uti.AppInfoParser] (Thread-627) App info kafka.producer for Producer-topic-f5d34273_13b3_4e30_9803_49520db3b981 unregistered
**** Registry Base URL: http://registry-app-ksql047.apps.ci419.apicurio-testing.org:80
2025-08-07 20:32:56,743 INFO  [org.apa.kaf.cli.con.ConsumerConfig] (main) ConsumerConfig values: 
	allow.auto.create.topics = true
	auto.commit.interval.ms = 500
	auto.include.jmx.reporter = true
	auto.offset.reset = earliest
	bootstrap.servers = [PLAINTEXT://localhost:32769]
	check.crcs = true
	client.dns.lookup = use_all_dns_ips
	client.id = consumer-Consumer-topic-f5d34273_13b3_4e30_9803_49520db3b981-5
	client.rack = 
	connections.max.idle.ms = 10000
	default.api.timeout.ms = 60000
	enable.auto.commit = true
	enable.metrics.push = true
	exclude.internal.topics = true
	fetch.max.bytes = 52428800
	fetch.max.wait.ms = 500
	fetch.min.bytes = 1
	group.id = Consumer-topic-f5d34273_13b3_4e30_9803_49520db3b981
	group.instance.id = null
	group.protocol = classic
	group.remote.assignor = null
	heartbeat.interval.ms = 3000
	interceptor.classes = []
	internal.leave.group.on.close = true
	internal.throw.on.fetch.stable.offset.unsupported = false
	isolation.level = read_uncommitted
	key.deserializer = class org.apache.kafka.common.serialization.StringDeserializer
	max.partition.fetch.bytes = 1048576
	max.poll.interval.ms = 300000
	max.poll.records = 500
	metadata.max.age.ms = 300000
	metadata.recovery.strategy = none
	metric.reporters = []
	metrics.num.samples = 2
	metrics.recording.level = INFO
	metrics.sample.window.ms = 30000
	partition.assignment.strategy = [class org.apache.kafka.clients.consumer.RangeAssignor, class org.apache.kafka.clients.consumer.CooperativeStickyAssignor]
	receive.buffer.bytes = 65536
	reconnect.backoff.max.ms = 1000
	reconnect.backoff.ms = 50
	request.timeout.ms = 5000
	retry.backoff.max.ms = 1000
	retry.backoff.ms = 100
	sasl.client.callback.handler.class = null
	sasl.jaas.config = null
	sasl.kerberos.kinit.cmd = /usr/bin/kinit
	sasl.kerberos.min.time.before.relogin = 60000
	sasl.kerberos.service.name = null
	sasl.kerberos.ticket.renew.jitter = 0.05
	sasl.kerberos.ticket.renew.window.factor = 0.8
	sasl.login.callback.handler.class = null
	sasl.login.class = null
	sasl.login.connect.timeout.ms = null
	sasl.login.read.timeout.ms = null
	sasl.login.refresh.buffer.seconds = 300
	sasl.login.refresh.min.period.seconds = 60
	sasl.login.refresh.window.factor = 0.8
	sasl.login.refresh.window.jitter = 0.05
	sasl.login.retry.backoff.max.ms = 10000
	sasl.login.retry.backoff.ms = 100
	sasl.mechanism = GSSAPI
	sasl.oauthbearer.clock.skew.seconds = 30
	sasl.oauthbearer.expected.audience = null
	sasl.oauthbearer.expected.issuer = null
	sasl.oauthbearer.header.urlencode = false
	sasl.oauthbearer.jwks.endpoint.refresh.ms = 3600000
	sasl.oauthbearer.jwks.endpoint.retry.backoff.max.ms = 10000
	sasl.oauthbearer.jwks.endpoint.retry.backoff.ms = 100
	sasl.oauthbearer.jwks.endpoint.url = null
	sasl.oauthbearer.scope.claim.name = scope
	sasl.oauthbearer.sub.claim.name = sub
	sasl.oauthbearer.token.endpoint.url = null
	security.protocol = PLAINTEXT
	security.providers = null
	send.buffer.bytes = 131072
	session.timeout.ms = 45000
	socket.connection.setup.timeout.max.ms = 30000
	socket.connection.setup.timeout.ms = 10000
	ssl.cipher.suites = null
	ssl.enabled.protocols = [TLSv1.2, TLSv1.3]
	ssl.endpoint.identification.algorithm = https
	ssl.engine.factory.class = null
	ssl.key.password = null
	ssl.keymanager.algorithm = SunX509
	ssl.keystore.certificate.chain = null
	ssl.keystore.key = null
	ssl.keystore.location = null
	ssl.keystore.password = null
	ssl.keystore.type = JKS
	ssl.protocol = TLSv1.3
	ssl.provider = null
	ssl.secure.random.implementation = null
	ssl.trustmanager.algorithm = PKIX
	ssl.truststore.certificates = null
	ssl.truststore.location = null
	ssl.truststore.password = null
	ssl.truststore.type = JKS
	value.deserializer = class io.apicurio.registry.serde.avro.AvroKafkaDeserializer

2025-08-07 20:32:56,743 INFO  [org.apa.kaf.com.tel.int.KafkaMetricsCollector] (main) initializing Kafka metrics collector
2025-08-07 20:32:56,755 INFO  [org.apa.kaf.cli.con.ConsumerConfig] (main) These configurations '[apicurio.registry.url]' were supplied but are not used yet.
2025-08-07 20:32:56,755 INFO  [org.apa.kaf.com.uti.AppInfoParser] (main) Kafka version: 3.9.1
2025-08-07 20:32:56,755 INFO  [org.apa.kaf.com.uti.AppInfoParser] (main) Kafka commitId: f745dfdcee2b9851
2025-08-07 20:32:56,755 INFO  [org.apa.kaf.com.uti.AppInfoParser] (main) Kafka startTimeMs: 1754598776755
2025-08-07 20:32:56,757 INFO  [org.apa.kaf.cli.con.int.ClassicKafkaConsumer] (Thread-630) [Consumer clientId=consumer-Consumer-topic-f5d34273_13b3_4e30_9803_49520db3b981-5, groupId=Consumer-topic-f5d34273_13b3_4e30_9803_49520db3b981] Subscribed to topic(s): topic-f5d34273_13b3_4e30_9803_49520db3b981
2025-08-07 20:32:56,769 INFO  [org.apa.kaf.cli.Metadata] (Thread-630) [Consumer clientId=consumer-Consumer-topic-f5d34273_13b3_4e30_9803_49520db3b981-5, groupId=Consumer-topic-f5d34273_13b3_4e30_9803_49520db3b981] Cluster ID: pU55guAKRSeYHTOWTlfVzQ
2025-08-07 20:32:56,777 INFO  [org.apa.kaf.cli.con.int.ConsumerCoordinator] (Thread-630) [Consumer clientId=consumer-Consumer-topic-f5d34273_13b3_4e30_9803_49520db3b981-5, groupId=Consumer-topic-f5d34273_13b3_4e30_9803_49520db3b981] Discovered group coordinator localhost:32769 (id: 2147483647 rack: null)
2025-08-07 20:32:56,779 INFO  [org.apa.kaf.cli.con.int.ConsumerCoordinator] (Thread-630) [Consumer clientId=consumer-Consumer-topic-f5d34273_13b3_4e30_9803_49520db3b981-5, groupId=Consumer-topic-f5d34273_13b3_4e30_9803_49520db3b981] (Re-)joining group
2025-08-07 20:32:56,786 INFO  [org.apa.kaf.cli.con.int.ConsumerCoordinator] (Thread-630) [Consumer clientId=consumer-Consumer-topic-f5d34273_13b3_4e30_9803_49520db3b981-5, groupId=Consumer-topic-f5d34273_13b3_4e30_9803_49520db3b981] Request joining group due to: need to re-join with the given member-id: consumer-Consumer-topic-f5d34273_13b3_4e30_9803_49520db3b981-5-67a165ec-42ae-406b-a96d-a3c063eff3a5
2025-08-07 20:32:56,786 INFO  [org.apa.kaf.cli.con.int.ConsumerCoordinator] (Thread-630) [Consumer clientId=consumer-Consumer-topic-f5d34273_13b3_4e30_9803_49520db3b981-5, groupId=Consumer-topic-f5d34273_13b3_4e30_9803_49520db3b981] (Re-)joining group
2025-08-07 20:32:57,757 INFO  [io.api.tes.ser.api.KafkaSerdesTester] (Thread-630) None found
2025-08-07 20:32:58,757 INFO  [io.api.tes.ser.api.KafkaSerdesTester] (Thread-630) None found
2025-08-07 20:32:59,757 INFO  [io.api.tes.ser.api.KafkaSerdesTester] (Thread-630) None found
2025-08-07 20:32:59,788 INFO  [org.apa.kaf.cli.con.int.ConsumerCoordinator] (Thread-630) [Consumer clientId=consumer-Consumer-topic-f5d34273_13b3_4e30_9803_49520db3b981-5, groupId=Consumer-topic-f5d34273_13b3_4e30_9803_49520db3b981] Successfully joined group with generation Generation{generationId=1, memberId='consumer-Consumer-topic-f5d34273_13b3_4e30_9803_49520db3b981-5-67a165ec-42ae-406b-a96d-a3c063eff3a5', protocol='range'}
2025-08-07 20:32:59,788 INFO  [org.apa.kaf.cli.con.int.ConsumerCoordinator] (Thread-630) [Consumer clientId=consumer-Consumer-topic-f5d34273_13b3_4e30_9803_49520db3b981-5, groupId=Consumer-topic-f5d34273_13b3_4e30_9803_49520db3b981] Finished assignment for group at generation 1: {consumer-Consumer-topic-f5d34273_13b3_4e30_9803_49520db3b981-5-67a165ec-42ae-406b-a96d-a3c063eff3a5=Assignment(partitions=[topic-f5d34273_13b3_4e30_9803_49520db3b981-0])}
2025-08-07 20:32:59,794 INFO  [org.apa.kaf.cli.con.int.ConsumerCoordinator] (Thread-630) [Consumer clientId=consumer-Consumer-topic-f5d34273_13b3_4e30_9803_49520db3b981-5, groupId=Consumer-topic-f5d34273_13b3_4e30_9803_49520db3b981] Successfully synced group in generation Generation{generationId=1, memberId='consumer-Consumer-topic-f5d34273_13b3_4e30_9803_49520db3b981-5-67a165ec-42ae-406b-a96d-a3c063eff3a5', protocol='range'}
2025-08-07 20:32:59,795 INFO  [org.apa.kaf.cli.con.int.ConsumerCoordinator] (Thread-630) [Consumer clientId=consumer-Consumer-topic-f5d34273_13b3_4e30_9803_49520db3b981-5, groupId=Consumer-topic-f5d34273_13b3_4e30_9803_49520db3b981] Notifying assignor about the new Assignment(partitions=[topic-f5d34273_13b3_4e30_9803_49520db3b981-0])
2025-08-07 20:32:59,795 INFO  [org.apa.kaf.cli.con.int.ConsumerRebalanceListenerInvoker] (Thread-630) [Consumer clientId=consumer-Consumer-topic-f5d34273_13b3_4e30_9803_49520db3b981-5, groupId=Consumer-topic-f5d34273_13b3_4e30_9803_49520db3b981] Adding newly assigned partitions: topic-f5d34273_13b3_4e30_9803_49520db3b981-0
2025-08-07 20:32:59,796 INFO  [org.apa.kaf.cli.con.int.ConsumerCoordinator] (Thread-630) [Consumer clientId=consumer-Consumer-topic-f5d34273_13b3_4e30_9803_49520db3b981-5, groupId=Consumer-topic-f5d34273_13b3_4e30_9803_49520db3b981] Found no committed offset for partition topic-f5d34273_13b3_4e30_9803_49520db3b981-0
2025-08-07 20:32:59,801 INFO  [org.apa.kaf.cli.con.int.SubscriptionState] (Thread-630) [Consumer clientId=consumer-Consumer-topic-f5d34273_13b3_4e30_9803_49520db3b981-5, groupId=Consumer-topic-f5d34273_13b3_4e30_9803_49520db3b981] Resetting offset for partition topic-f5d34273_13b3_4e30_9803_49520db3b981-0 to position FetchPosition{offset=0, offsetEpoch=Optional.empty, currentLeader=LeaderAndEpoch{leader=Optional[localhost:32769 (id: 0 rack: null)], epoch=0}}.
2025-08-07 20:32:59,844 INFO  [io.api.tes.ser.api.KafkaSerdesTester] (Thread-630) topic-f5d34273_13b3_4e30_9803_49520db3b981 0 0 {"key11754598775554": "value-0"}
2025-08-07 20:32:59,844 INFO  [io.api.tes.ser.api.KafkaSerdesTester] (Thread-630) topic-f5d34273_13b3_4e30_9803_49520db3b981 0 1 {"key11754598775554": "value-1"}
2025-08-07 20:32:59,844 INFO  [io.api.tes.ser.api.KafkaSerdesTester] (Thread-630) topic-f5d34273_13b3_4e30_9803_49520db3b981 0 2 {"key11754598775554": "value-2"}
2025-08-07 20:32:59,844 INFO  [io.api.tes.ser.api.KafkaSerdesTester] (Thread-630) topic-f5d34273_13b3_4e30_9803_49520db3b981 0 3 {"key11754598775554": "value-3"}
2025-08-07 20:32:59,844 INFO  [io.api.tes.ser.api.KafkaSerdesTester] (Thread-630) topic-f5d34273_13b3_4e30_9803_49520db3b981 0 4 {"key11754598775554": "value-4"}
2025-08-07 20:32:59,844 INFO  [io.api.tes.ser.api.KafkaSerdesTester] (Thread-630) topic-f5d34273_13b3_4e30_9803_49520db3b981 0 5 {"key11754598775554": "value-5"}
2025-08-07 20:32:59,844 INFO  [io.api.tes.ser.api.KafkaSerdesTester] (Thread-630) topic-f5d34273_13b3_4e30_9803_49520db3b981 0 6 {"key11754598775554": "value-6"}
2025-08-07 20:32:59,844 INFO  [io.api.tes.ser.api.KafkaSerdesTester] (Thread-630) topic-f5d34273_13b3_4e30_9803_49520db3b981 0 7 {"key11754598775554": "value-7"}
2025-08-07 20:32:59,844 INFO  [io.api.tes.ser.api.KafkaSerdesTester] (Thread-630) topic-f5d34273_13b3_4e30_9803_49520db3b981 0 8 {"key11754598775554": "value-8"}
2025-08-07 20:32:59,844 INFO  [io.api.tes.ser.api.KafkaSerdesTester] (Thread-630) topic-f5d34273_13b3_4e30_9803_49520db3b981 0 9 {"key11754598775554": "value-9"}
2025-08-07 20:32:59,844 INFO  [io.api.tes.ser.api.KafkaSerdesTester] (Thread-630) Consumed 10 messages
2025-08-07 20:32:59,852 INFO  [org.apa.kaf.cli.con.int.ConsumerRebalanceListenerInvoker] (Thread-630) [Consumer clientId=consumer-Consumer-topic-f5d34273_13b3_4e30_9803_49520db3b981-5, groupId=Consumer-topic-f5d34273_13b3_4e30_9803_49520db3b981] Revoke previously assigned partitions topic-f5d34273_13b3_4e30_9803_49520db3b981-0
2025-08-07 20:32:59,852 INFO  [org.apa.kaf.cli.con.int.ConsumerCoordinator] (Thread-630) [Consumer clientId=consumer-Consumer-topic-f5d34273_13b3_4e30_9803_49520db3b981-5, groupId=Consumer-topic-f5d34273_13b3_4e30_9803_49520db3b981] Member consumer-Consumer-topic-f5d34273_13b3_4e30_9803_49520db3b981-5-67a165ec-42ae-406b-a96d-a3c063eff3a5 sending LeaveGroup request to coordinator localhost:32769 (id: 2147483647 rack: null) due to the consumer is being closed
2025-08-07 20:32:59,852 INFO  [org.apa.kaf.cli.con.int.ConsumerCoordinator] (Thread-630) [Consumer clientId=consumer-Consumer-topic-f5d34273_13b3_4e30_9803_49520db3b981-5, groupId=Consumer-topic-f5d34273_13b3_4e30_9803_49520db3b981] Resetting generation and member id due to: consumer pro-actively leaving the group
2025-08-07 20:32:59,852 INFO  [org.apa.kaf.cli.con.int.ConsumerCoordinator] (Thread-630) [Consumer clientId=consumer-Consumer-topic-f5d34273_13b3_4e30_9803_49520db3b981-5, groupId=Consumer-topic-f5d34273_13b3_4e30_9803_49520db3b981] Request joining group due to: consumer pro-actively leaving the group
2025-08-07 20:33:00,347 INFO  [org.apa.kaf.com.met.Metrics] (Thread-630) Metrics scheduler closed
2025-08-07 20:33:00,347 INFO  [org.apa.kaf.com.met.Metrics] (Thread-630) Closing reporter org.apache.kafka.common.metrics.JmxReporter
2025-08-07 20:33:00,347 INFO  [org.apa.kaf.com.met.Metrics] (Thread-630) Closing reporter org.apache.kafka.common.telemetry.internals.ClientTelemetryReporter
2025-08-07 20:33:00,347 INFO  [org.apa.kaf.com.met.Metrics] (Thread-630) Metrics reporters closed
2025-08-07 20:33:00,349 INFO  [org.apa.kaf.com.uti.AppInfoParser] (Thread-630) App info kafka.consumer for consumer-Consumer-topic-f5d34273_13b3_4e30_9803_49520db3b981-5 unregistered
2025-08-07 20:33:00,350 INFO  [io.api.tes.uti.TestSeparator] (main) io.apicurio.tests.serdes.apicurio.AvroSerdeIT.testRecordIdStrategydFindLatest-FINISHED
2025-08-07 20:33:00,350 INFO  [io.api.tes.uti.TestSeparator] (main) ############################################################################
Test passed: testRecordIdStrategydFindLatest
]]></system-out>
  </testcase>
  <testcase name="testReflectAutoRegister" classname="io.apicurio.tests.serdes.apicurio.AvroSerdeIT" time="3.9">
    <system-out><![CDATA[2025-08-07 20:33:00,354 INFO  [io.api.tes.uti.TestSeparator] (main) ############################################################################
2025-08-07 20:33:00,354 INFO  [io.api.tes.uti.TestSeparator] (main) io.apicurio.tests.serdes.apicurio.AvroSerdeIT.testReflectAutoRegister-STARTED
**** Registry Base URL: http://registry-app-ksql047.apps.ci419.apicurio-testing.org:80
2025-08-07 20:33:00,358 INFO  [org.apa.kaf.cli.pro.ProducerConfig] (main) ProducerConfig values: 
	acks = -1
	auto.include.jmx.reporter = true
	batch.size = 16384
	bootstrap.servers = [PLAINTEXT://localhost:32769]
	buffer.memory = 33554432
	client.dns.lookup = use_all_dns_ips
	client.id = Producer-topic-eec15eb7_915b_4956_8506_e6cc1ba243b3
	compression.gzip.level = -1
	compression.lz4.level = 9
	compression.type = none
	compression.zstd.level = 3
	connections.max.idle.ms = 10000
	delivery.timeout.ms = 120000
	enable.idempotence = true
	enable.metrics.push = true
	interceptor.classes = []
	key.serializer = class org.apache.kafka.common.serialization.StringSerializer
	linger.ms = 0
	max.block.ms = 60000
	max.in.flight.requests.per.connection = 5
	max.request.size = 1048576
	metadata.max.age.ms = 300000
	metadata.max.idle.ms = 300000
	metadata.recovery.strategy = none
	metric.reporters = []
	metrics.num.samples = 2
	metrics.recording.level = INFO
	metrics.sample.window.ms = 30000
	partitioner.adaptive.partitioning.enable = true
	partitioner.availability.timeout.ms = 0
	partitioner.class = null
	partitioner.ignore.keys = false
	receive.buffer.bytes = 32768
	reconnect.backoff.max.ms = 1000
	reconnect.backoff.ms = 50
	request.timeout.ms = 5000
	retries = 2147483647
	retry.backoff.max.ms = 1000
	retry.backoff.ms = 100
	sasl.client.callback.handler.class = null
	sasl.jaas.config = null
	sasl.kerberos.kinit.cmd = /usr/bin/kinit
	sasl.kerberos.min.time.before.relogin = 60000
	sasl.kerberos.service.name = null
	sasl.kerberos.ticket.renew.jitter = 0.05
	sasl.kerberos.ticket.renew.window.factor = 0.8
	sasl.login.callback.handler.class = null
	sasl.login.class = null
	sasl.login.connect.timeout.ms = null
	sasl.login.read.timeout.ms = null
	sasl.login.refresh.buffer.seconds = 300
	sasl.login.refresh.min.period.seconds = 60
	sasl.login.refresh.window.factor = 0.8
	sasl.login.refresh.window.jitter = 0.05
	sasl.login.retry.backoff.max.ms = 10000
	sasl.login.retry.backoff.ms = 100
	sasl.mechanism = GSSAPI
	sasl.oauthbearer.clock.skew.seconds = 30
	sasl.oauthbearer.expected.audience = null
	sasl.oauthbearer.expected.issuer = null
	sasl.oauthbearer.header.urlencode = false
	sasl.oauthbearer.jwks.endpoint.refresh.ms = 3600000
	sasl.oauthbearer.jwks.endpoint.retry.backoff.max.ms = 10000
	sasl.oauthbearer.jwks.endpoint.retry.backoff.ms = 100
	sasl.oauthbearer.jwks.endpoint.url = null
	sasl.oauthbearer.scope.claim.name = scope
	sasl.oauthbearer.sub.claim.name = sub
	sasl.oauthbearer.token.endpoint.url = null
	security.protocol = PLAINTEXT
	security.providers = null
	send.buffer.bytes = 131072
	socket.connection.setup.timeout.max.ms = 30000
	socket.connection.setup.timeout.ms = 10000
	ssl.cipher.suites = null
	ssl.enabled.protocols = [TLSv1.2, TLSv1.3]
	ssl.endpoint.identification.algorithm = https
	ssl.engine.factory.class = null
	ssl.key.password = null
	ssl.keymanager.algorithm = SunX509
	ssl.keystore.certificate.chain = null
	ssl.keystore.key = null
	ssl.keystore.location = null
	ssl.keystore.password = null
	ssl.keystore.type = JKS
	ssl.protocol = TLSv1.3
	ssl.provider = null
	ssl.secure.random.implementation = null
	ssl.trustmanager.algorithm = PKIX
	ssl.truststore.certificates = null
	ssl.truststore.location = null
	ssl.truststore.password = null
	ssl.truststore.type = JKS
	transaction.timeout.ms = 60000
	transactional.id = null
	value.serializer = class io.apicurio.registry.serde.avro.AvroKafkaSerializer

2025-08-07 20:33:00,358 INFO  [org.apa.kaf.com.tel.int.KafkaMetricsCollector] (main) initializing Kafka metrics collector
2025-08-07 20:33:00,374 INFO  [org.apa.kaf.cli.pro.KafkaProducer] (main) [Producer clientId=Producer-topic-eec15eb7_915b_4956_8506_e6cc1ba243b3] Instantiated an idempotent producer.
2025-08-07 20:33:00,376 INFO  [org.apa.kaf.cli.pro.ProducerConfig] (main) These configurations '[apicurio.registry.url, apicurio.registry.auto-register, apicurio.registry.artifact-resolver-strategy, apicurio.registry.avro-datum-provider]' were supplied but are not used yet.
2025-08-07 20:33:00,376 INFO  [org.apa.kaf.com.uti.AppInfoParser] (main) Kafka version: 3.9.1
2025-08-07 20:33:00,376 INFO  [org.apa.kaf.com.uti.AppInfoParser] (main) Kafka commitId: f745dfdcee2b9851
2025-08-07 20:33:00,377 INFO  [org.apa.kaf.com.uti.AppInfoParser] (main) Kafka startTimeMs: 1754598780376
2025-08-07 20:33:00,377 INFO  [io.api.tes.ser.api.SimpleSerdesTesterBuilder$SimpleSerdesTester] (main) Using producer configuration: {apicurio.registry.url=http://registry-app-ksql047.apps.ci419.apicurio-testing.org:80/apis/registry/v3, apicurio.registry.auto-register=true, apicurio.registry.artifact-resolver-strategy=io.apicurio.registry.serde.strategy.TopicIdStrategy, value.serializer=io.apicurio.registry.serde.avro.AvroKafkaSerializer, request.timeout.ms=5000, acks=all, bootstrap.servers=PLAINTEXT://localhost:32769, connections.max.idle.ms=10000, key.serializer=org.apache.kafka.common.serialization.StringSerializer, apicurio.registry.avro-datum-provider=io.apicurio.registry.serde.avro.ReflectAvroDatumProvider, client.id=Producer-topic-eec15eb7_915b_4956_8506_e6cc1ba243b3}
2025-08-07 20:33:00,377 INFO  [io.api.tes.ser.api.SimpleSerdesTesterBuilder$SimpleSerdesTester] (main) Using consumer configuration: {apicurio.registry.avro-datum-provider=io.apicurio.registry.serde.avro.ReflectAvroDatumProvider}
2025-08-07 20:33:00,378 INFO  [io.api.tes.ser.api.KafkaSerdesTester] (Thread-633) Sending message io.apicurio.tests.common.serdes.TestObject@3dbd29cb to topic topic-eec15eb7_915b_4956_8506_e6cc1ba243b3
2025-08-07 20:33:00,381 WARN  [org.apa.kaf.cli.NetworkClient] (kafka-producer-network-thread | Producer-topic-eec15eb7_915b_4956_8506_e6cc1ba243b3) [Producer clientId=Producer-topic-eec15eb7_915b_4956_8506_e6cc1ba243b3] The metadata response from the cluster reported a recoverable issue with correlation id 1 : {topic-eec15eb7_915b_4956_8506_e6cc1ba243b3=UNKNOWN_TOPIC_OR_PARTITION}
2025-08-07 20:33:00,381 INFO  [org.apa.kaf.cli.Metadata] (kafka-producer-network-thread | Producer-topic-eec15eb7_915b_4956_8506_e6cc1ba243b3) [Producer clientId=Producer-topic-eec15eb7_915b_4956_8506_e6cc1ba243b3] Cluster ID: pU55guAKRSeYHTOWTlfVzQ
2025-08-07 20:33:00,382 INFO  [org.apa.kaf.cli.pro.int.TransactionManager] (kafka-producer-network-thread | Producer-topic-eec15eb7_915b_4956_8506_e6cc1ba243b3) [Producer clientId=Producer-topic-eec15eb7_915b_4956_8506_e6cc1ba243b3] ProducerId set to 6 with epoch 0
2025-08-07 20:33:00,591 INFO  [io.api.tes.ser.api.KafkaSerdesTester] (Thread-633) Sending message io.apicurio.tests.common.serdes.TestObject@3dbd29cb to topic topic-eec15eb7_915b_4956_8506_e6cc1ba243b3
2025-08-07 20:33:00,599 INFO  [io.api.tes.ser.api.KafkaSerdesTester] (Thread-633) Sending message io.apicurio.tests.common.serdes.TestObject@3dbd29cb to topic topic-eec15eb7_915b_4956_8506_e6cc1ba243b3
2025-08-07 20:33:00,601 INFO  [io.api.tes.ser.api.KafkaSerdesTester] (Thread-633) Sending message io.apicurio.tests.common.serdes.TestObject@3dbd29cb to topic topic-eec15eb7_915b_4956_8506_e6cc1ba243b3
2025-08-07 20:33:00,603 INFO  [io.api.tes.ser.api.KafkaSerdesTester] (Thread-633) Sending message io.apicurio.tests.common.serdes.TestObject@3dbd29cb to topic topic-eec15eb7_915b_4956_8506_e6cc1ba243b3
2025-08-07 20:33:00,606 INFO  [io.api.tes.ser.api.KafkaSerdesTester] (Thread-633) Sending message io.apicurio.tests.common.serdes.TestObject@3dbd29cb to topic topic-eec15eb7_915b_4956_8506_e6cc1ba243b3
2025-08-07 20:33:00,608 INFO  [io.api.tes.ser.api.KafkaSerdesTester] (Thread-633) Sending message io.apicurio.tests.common.serdes.TestObject@3dbd29cb to topic topic-eec15eb7_915b_4956_8506_e6cc1ba243b3
2025-08-07 20:33:00,611 INFO  [io.api.tes.ser.api.KafkaSerdesTester] (Thread-633) Sending message io.apicurio.tests.common.serdes.TestObject@3dbd29cb to topic topic-eec15eb7_915b_4956_8506_e6cc1ba243b3
2025-08-07 20:33:00,613 INFO  [io.api.tes.ser.api.KafkaSerdesTester] (Thread-633) Sending message io.apicurio.tests.common.serdes.TestObject@3dbd29cb to topic topic-eec15eb7_915b_4956_8506_e6cc1ba243b3
2025-08-07 20:33:00,616 INFO  [io.api.tes.ser.api.KafkaSerdesTester] (Thread-633) Sending message io.apicurio.tests.common.serdes.TestObject@3dbd29cb to topic topic-eec15eb7_915b_4956_8506_e6cc1ba243b3
2025-08-07 20:33:00,619 INFO  [io.api.tes.ser.api.KafkaSerdesTester] (Thread-633) Produced 10 messages
2025-08-07 20:33:00,619 INFO  [org.apa.kaf.cli.pro.KafkaProducer] (Thread-633) [Producer clientId=Producer-topic-eec15eb7_915b_4956_8506_e6cc1ba243b3] Closing the Kafka producer with timeoutMillis = 9223372036854775807 ms.
2025-08-07 20:33:00,623 INFO  [org.apa.kaf.com.met.Metrics] (Thread-633) Metrics scheduler closed
2025-08-07 20:33:00,623 INFO  [org.apa.kaf.com.met.Metrics] (Thread-633) Closing reporter org.apache.kafka.common.metrics.JmxReporter
2025-08-07 20:33:00,623 INFO  [org.apa.kaf.com.met.Metrics] (Thread-633) Closing reporter org.apache.kafka.common.telemetry.internals.ClientTelemetryReporter
2025-08-07 20:33:00,624 INFO  [org.apa.kaf.com.met.Metrics] (Thread-633) Metrics reporters closed
2025-08-07 20:33:00,625 INFO  [org.apa.kaf.com.uti.AppInfoParser] (Thread-633) App info kafka.producer for Producer-topic-eec15eb7_915b_4956_8506_e6cc1ba243b3 unregistered
**** Registry Base URL: http://registry-app-ksql047.apps.ci419.apicurio-testing.org:80
2025-08-07 20:33:00,658 INFO  [org.apa.kaf.cli.con.ConsumerConfig] (main) ConsumerConfig values: 
	allow.auto.create.topics = true
	auto.commit.interval.ms = 500
	auto.include.jmx.reporter = true
	auto.offset.reset = earliest
	bootstrap.servers = [PLAINTEXT://localhost:32769]
	check.crcs = true
	client.dns.lookup = use_all_dns_ips
	client.id = consumer-Consumer-topic-eec15eb7_915b_4956_8506_e6cc1ba243b3-6
	client.rack = 
	connections.max.idle.ms = 10000
	default.api.timeout.ms = 60000
	enable.auto.commit = true
	enable.metrics.push = true
	exclude.internal.topics = true
	fetch.max.bytes = 52428800
	fetch.max.wait.ms = 500
	fetch.min.bytes = 1
	group.id = Consumer-topic-eec15eb7_915b_4956_8506_e6cc1ba243b3
	group.instance.id = null
	group.protocol = classic
	group.remote.assignor = null
	heartbeat.interval.ms = 3000
	interceptor.classes = []
	internal.leave.group.on.close = true
	internal.throw.on.fetch.stable.offset.unsupported = false
	isolation.level = read_uncommitted
	key.deserializer = class org.apache.kafka.common.serialization.StringDeserializer
	max.partition.fetch.bytes = 1048576
	max.poll.interval.ms = 300000
	max.poll.records = 500
	metadata.max.age.ms = 300000
	metadata.recovery.strategy = none
	metric.reporters = []
	metrics.num.samples = 2
	metrics.recording.level = INFO
	metrics.sample.window.ms = 30000
	partition.assignment.strategy = [class org.apache.kafka.clients.consumer.RangeAssignor, class org.apache.kafka.clients.consumer.CooperativeStickyAssignor]
	receive.buffer.bytes = 65536
	reconnect.backoff.max.ms = 1000
	reconnect.backoff.ms = 50
	request.timeout.ms = 5000
	retry.backoff.max.ms = 1000
	retry.backoff.ms = 100
	sasl.client.callback.handler.class = null
	sasl.jaas.config = null
	sasl.kerberos.kinit.cmd = /usr/bin/kinit
	sasl.kerberos.min.time.before.relogin = 60000
	sasl.kerberos.service.name = null
	sasl.kerberos.ticket.renew.jitter = 0.05
	sasl.kerberos.ticket.renew.window.factor = 0.8
	sasl.login.callback.handler.class = null
	sasl.login.class = null
	sasl.login.connect.timeout.ms = null
	sasl.login.read.timeout.ms = null
	sasl.login.refresh.buffer.seconds = 300
	sasl.login.refresh.min.period.seconds = 60
	sasl.login.refresh.window.factor = 0.8
	sasl.login.refresh.window.jitter = 0.05
	sasl.login.retry.backoff.max.ms = 10000
	sasl.login.retry.backoff.ms = 100
	sasl.mechanism = GSSAPI
	sasl.oauthbearer.clock.skew.seconds = 30
	sasl.oauthbearer.expected.audience = null
	sasl.oauthbearer.expected.issuer = null
	sasl.oauthbearer.header.urlencode = false
	sasl.oauthbearer.jwks.endpoint.refresh.ms = 3600000
	sasl.oauthbearer.jwks.endpoint.retry.backoff.max.ms = 10000
	sasl.oauthbearer.jwks.endpoint.retry.backoff.ms = 100
	sasl.oauthbearer.jwks.endpoint.url = null
	sasl.oauthbearer.scope.claim.name = scope
	sasl.oauthbearer.sub.claim.name = sub
	sasl.oauthbearer.token.endpoint.url = null
	security.protocol = PLAINTEXT
	security.providers = null
	send.buffer.bytes = 131072
	session.timeout.ms = 45000
	socket.connection.setup.timeout.max.ms = 30000
	socket.connection.setup.timeout.ms = 10000
	ssl.cipher.suites = null
	ssl.enabled.protocols = [TLSv1.2, TLSv1.3]
	ssl.endpoint.identification.algorithm = https
	ssl.engine.factory.class = null
	ssl.key.password = null
	ssl.keymanager.algorithm = SunX509
	ssl.keystore.certificate.chain = null
	ssl.keystore.key = null
	ssl.keystore.location = null
	ssl.keystore.password = null
	ssl.keystore.type = JKS
	ssl.protocol = TLSv1.3
	ssl.provider = null
	ssl.secure.random.implementation = null
	ssl.trustmanager.algorithm = PKIX
	ssl.truststore.certificates = null
	ssl.truststore.location = null
	ssl.truststore.password = null
	ssl.truststore.type = JKS
	value.deserializer = class io.apicurio.registry.serde.avro.AvroKafkaDeserializer

2025-08-07 20:33:00,658 INFO  [org.apa.kaf.com.tel.int.KafkaMetricsCollector] (main) initializing Kafka metrics collector
2025-08-07 20:33:00,671 INFO  [org.apa.kaf.cli.con.ConsumerConfig] (main) These configurations '[apicurio.registry.url, apicurio.registry.avro-datum-provider]' were supplied but are not used yet.
2025-08-07 20:33:00,671 INFO  [org.apa.kaf.com.uti.AppInfoParser] (main) Kafka version: 3.9.1
2025-08-07 20:33:00,671 INFO  [org.apa.kaf.com.uti.AppInfoParser] (main) Kafka commitId: f745dfdcee2b9851
2025-08-07 20:33:00,671 INFO  [org.apa.kaf.com.uti.AppInfoParser] (main) Kafka startTimeMs: 1754598780671
2025-08-07 20:33:00,673 INFO  [org.apa.kaf.cli.con.int.ClassicKafkaConsumer] (Thread-636) [Consumer clientId=consumer-Consumer-topic-eec15eb7_915b_4956_8506_e6cc1ba243b3-6, groupId=Consumer-topic-eec15eb7_915b_4956_8506_e6cc1ba243b3] Subscribed to topic(s): topic-eec15eb7_915b_4956_8506_e6cc1ba243b3
2025-08-07 20:33:00,680 INFO  [org.apa.kaf.cli.Metadata] (Thread-636) [Consumer clientId=consumer-Consumer-topic-eec15eb7_915b_4956_8506_e6cc1ba243b3-6, groupId=Consumer-topic-eec15eb7_915b_4956_8506_e6cc1ba243b3] Cluster ID: pU55guAKRSeYHTOWTlfVzQ
2025-08-07 20:33:00,680 INFO  [org.apa.kaf.cli.con.int.ConsumerCoordinator] (Thread-636) [Consumer clientId=consumer-Consumer-topic-eec15eb7_915b_4956_8506_e6cc1ba243b3-6, groupId=Consumer-topic-eec15eb7_915b_4956_8506_e6cc1ba243b3] Discovered group coordinator localhost:32769 (id: 2147483647 rack: null)
2025-08-07 20:33:00,682 INFO  [org.apa.kaf.cli.con.int.ConsumerCoordinator] (Thread-636) [Consumer clientId=consumer-Consumer-topic-eec15eb7_915b_4956_8506_e6cc1ba243b3-6, groupId=Consumer-topic-eec15eb7_915b_4956_8506_e6cc1ba243b3] (Re-)joining group
2025-08-07 20:33:00,687 INFO  [org.apa.kaf.cli.con.int.ConsumerCoordinator] (Thread-636) [Consumer clientId=consumer-Consumer-topic-eec15eb7_915b_4956_8506_e6cc1ba243b3-6, groupId=Consumer-topic-eec15eb7_915b_4956_8506_e6cc1ba243b3] Request joining group due to: need to re-join with the given member-id: consumer-Consumer-topic-eec15eb7_915b_4956_8506_e6cc1ba243b3-6-6151460b-5ab8-4d96-8dc8-8e8354339892
2025-08-07 20:33:00,687 INFO  [org.apa.kaf.cli.con.int.ConsumerCoordinator] (Thread-636) [Consumer clientId=consumer-Consumer-topic-eec15eb7_915b_4956_8506_e6cc1ba243b3-6, groupId=Consumer-topic-eec15eb7_915b_4956_8506_e6cc1ba243b3] (Re-)joining group
2025-08-07 20:33:01,673 INFO  [io.api.tes.ser.api.KafkaSerdesTester] (Thread-636) None found
2025-08-07 20:33:02,673 INFO  [io.api.tes.ser.api.KafkaSerdesTester] (Thread-636) None found
2025-08-07 20:33:03,673 INFO  [io.api.tes.ser.api.KafkaSerdesTester] (Thread-636) None found
2025-08-07 20:33:03,689 INFO  [org.apa.kaf.cli.con.int.ConsumerCoordinator] (Thread-636) [Consumer clientId=consumer-Consumer-topic-eec15eb7_915b_4956_8506_e6cc1ba243b3-6, groupId=Consumer-topic-eec15eb7_915b_4956_8506_e6cc1ba243b3] Successfully joined group with generation Generation{generationId=1, memberId='consumer-Consumer-topic-eec15eb7_915b_4956_8506_e6cc1ba243b3-6-6151460b-5ab8-4d96-8dc8-8e8354339892', protocol='range'}
2025-08-07 20:33:03,689 INFO  [org.apa.kaf.cli.con.int.ConsumerCoordinator] (Thread-636) [Consumer clientId=consumer-Consumer-topic-eec15eb7_915b_4956_8506_e6cc1ba243b3-6, groupId=Consumer-topic-eec15eb7_915b_4956_8506_e6cc1ba243b3] Finished assignment for group at generation 1: {consumer-Consumer-topic-eec15eb7_915b_4956_8506_e6cc1ba243b3-6-6151460b-5ab8-4d96-8dc8-8e8354339892=Assignment(partitions=[topic-eec15eb7_915b_4956_8506_e6cc1ba243b3-0])}
2025-08-07 20:33:03,697 INFO  [org.apa.kaf.cli.con.int.ConsumerCoordinator] (Thread-636) [Consumer clientId=consumer-Consumer-topic-eec15eb7_915b_4956_8506_e6cc1ba243b3-6, groupId=Consumer-topic-eec15eb7_915b_4956_8506_e6cc1ba243b3] Successfully synced group in generation Generation{generationId=1, memberId='consumer-Consumer-topic-eec15eb7_915b_4956_8506_e6cc1ba243b3-6-6151460b-5ab8-4d96-8dc8-8e8354339892', protocol='range'}
2025-08-07 20:33:03,697 INFO  [org.apa.kaf.cli.con.int.ConsumerCoordinator] (Thread-636) [Consumer clientId=consumer-Consumer-topic-eec15eb7_915b_4956_8506_e6cc1ba243b3-6, groupId=Consumer-topic-eec15eb7_915b_4956_8506_e6cc1ba243b3] Notifying assignor about the new Assignment(partitions=[topic-eec15eb7_915b_4956_8506_e6cc1ba243b3-0])
2025-08-07 20:33:03,697 INFO  [org.apa.kaf.cli.con.int.ConsumerRebalanceListenerInvoker] (Thread-636) [Consumer clientId=consumer-Consumer-topic-eec15eb7_915b_4956_8506_e6cc1ba243b3-6, groupId=Consumer-topic-eec15eb7_915b_4956_8506_e6cc1ba243b3] Adding newly assigned partitions: topic-eec15eb7_915b_4956_8506_e6cc1ba243b3-0
2025-08-07 20:33:03,698 INFO  [org.apa.kaf.cli.con.int.ConsumerCoordinator] (Thread-636) [Consumer clientId=consumer-Consumer-topic-eec15eb7_915b_4956_8506_e6cc1ba243b3-6, groupId=Consumer-topic-eec15eb7_915b_4956_8506_e6cc1ba243b3] Found no committed offset for partition topic-eec15eb7_915b_4956_8506_e6cc1ba243b3-0
2025-08-07 20:33:03,703 INFO  [org.apa.kaf.cli.con.int.SubscriptionState] (Thread-636) [Consumer clientId=consumer-Consumer-topic-eec15eb7_915b_4956_8506_e6cc1ba243b3-6, groupId=Consumer-topic-eec15eb7_915b_4956_8506_e6cc1ba243b3] Resetting offset for partition topic-eec15eb7_915b_4956_8506_e6cc1ba243b3-0 to position FetchPosition{offset=0, offsetEpoch=Optional.empty, currentLeader=LeaderAndEpoch{leader=Optional[localhost:32769 (id: 0 rack: null)], epoch=0}}.
2025-08-07 20:33:03,745 INFO  [io.api.tes.ser.api.KafkaSerdesTester] (Thread-636) topic-eec15eb7_915b_4956_8506_e6cc1ba243b3 0 0 io.apicurio.tests.common.serdes.TestObject@3dbd29cb
2025-08-07 20:33:03,745 INFO  [io.api.tes.ser.api.KafkaSerdesTester] (Thread-636) topic-eec15eb7_915b_4956_8506_e6cc1ba243b3 0 1 io.apicurio.tests.common.serdes.TestObject@3dbd29cb
2025-08-07 20:33:03,745 INFO  [io.api.tes.ser.api.KafkaSerdesTester] (Thread-636) topic-eec15eb7_915b_4956_8506_e6cc1ba243b3 0 2 io.apicurio.tests.common.serdes.TestObject@3dbd29cb
2025-08-07 20:33:03,745 INFO  [io.api.tes.ser.api.KafkaSerdesTester] (Thread-636) topic-eec15eb7_915b_4956_8506_e6cc1ba243b3 0 3 io.apicurio.tests.common.serdes.TestObject@3dbd29cb
2025-08-07 20:33:03,745 INFO  [io.api.tes.ser.api.KafkaSerdesTester] (Thread-636) topic-eec15eb7_915b_4956_8506_e6cc1ba243b3 0 4 io.apicurio.tests.common.serdes.TestObject@3dbd29cb
2025-08-07 20:33:03,745 INFO  [io.api.tes.ser.api.KafkaSerdesTester] (Thread-636) topic-eec15eb7_915b_4956_8506_e6cc1ba243b3 0 5 io.apicurio.tests.common.serdes.TestObject@3dbd29cb
2025-08-07 20:33:03,745 INFO  [io.api.tes.ser.api.KafkaSerdesTester] (Thread-636) topic-eec15eb7_915b_4956_8506_e6cc1ba243b3 0 6 io.apicurio.tests.common.serdes.TestObject@3dbd29cb
2025-08-07 20:33:03,745 INFO  [io.api.tes.ser.api.KafkaSerdesTester] (Thread-636) topic-eec15eb7_915b_4956_8506_e6cc1ba243b3 0 7 io.apicurio.tests.common.serdes.TestObject@3dbd29cb
2025-08-07 20:33:03,745 INFO  [io.api.tes.ser.api.KafkaSerdesTester] (Thread-636) topic-eec15eb7_915b_4956_8506_e6cc1ba243b3 0 8 io.apicurio.tests.common.serdes.TestObject@3dbd29cb
2025-08-07 20:33:03,745 INFO  [io.api.tes.ser.api.KafkaSerdesTester] (Thread-636) topic-eec15eb7_915b_4956_8506_e6cc1ba243b3 0 9 io.apicurio.tests.common.serdes.TestObject@3dbd29cb
2025-08-07 20:33:03,745 INFO  [io.api.tes.ser.api.KafkaSerdesTester] (Thread-636) Consumed 10 messages
2025-08-07 20:33:03,752 INFO  [org.apa.kaf.cli.con.int.ConsumerRebalanceListenerInvoker] (Thread-636) [Consumer clientId=consumer-Consumer-topic-eec15eb7_915b_4956_8506_e6cc1ba243b3-6, groupId=Consumer-topic-eec15eb7_915b_4956_8506_e6cc1ba243b3] Revoke previously assigned partitions topic-eec15eb7_915b_4956_8506_e6cc1ba243b3-0
2025-08-07 20:33:03,752 INFO  [org.apa.kaf.cli.con.int.ConsumerCoordinator] (Thread-636) [Consumer clientId=consumer-Consumer-topic-eec15eb7_915b_4956_8506_e6cc1ba243b3-6, groupId=Consumer-topic-eec15eb7_915b_4956_8506_e6cc1ba243b3] Member consumer-Consumer-topic-eec15eb7_915b_4956_8506_e6cc1ba243b3-6-6151460b-5ab8-4d96-8dc8-8e8354339892 sending LeaveGroup request to coordinator localhost:32769 (id: 2147483647 rack: null) due to the consumer is being closed
2025-08-07 20:33:03,752 INFO  [org.apa.kaf.cli.con.int.ConsumerCoordinator] (Thread-636) [Consumer clientId=consumer-Consumer-topic-eec15eb7_915b_4956_8506_e6cc1ba243b3-6, groupId=Consumer-topic-eec15eb7_915b_4956_8506_e6cc1ba243b3] Resetting generation and member id due to: consumer pro-actively leaving the group
2025-08-07 20:33:03,752 INFO  [org.apa.kaf.cli.con.int.ConsumerCoordinator] (Thread-636) [Consumer clientId=consumer-Consumer-topic-eec15eb7_915b_4956_8506_e6cc1ba243b3-6, groupId=Consumer-topic-eec15eb7_915b_4956_8506_e6cc1ba243b3] Request joining group due to: consumer pro-actively leaving the group
2025-08-07 20:33:04,247 INFO  [org.apa.kaf.com.met.Metrics] (Thread-636) Metrics scheduler closed
2025-08-07 20:33:04,247 INFO  [org.apa.kaf.com.met.Metrics] (Thread-636) Closing reporter org.apache.kafka.common.metrics.JmxReporter
2025-08-07 20:33:04,247 INFO  [org.apa.kaf.com.met.Metrics] (Thread-636) Closing reporter org.apache.kafka.common.telemetry.internals.ClientTelemetryReporter
2025-08-07 20:33:04,247 INFO  [org.apa.kaf.com.met.Metrics] (Thread-636) Metrics reporters closed
2025-08-07 20:33:04,250 INFO  [org.apa.kaf.com.uti.AppInfoParser] (Thread-636) App info kafka.consumer for consumer-Consumer-topic-eec15eb7_915b_4956_8506_e6cc1ba243b3-6 unregistered
2025-08-07 20:33:04,251 INFO  [io.api.tes.uti.TestSeparator] (main) io.apicurio.tests.serdes.apicurio.AvroSerdeIT.testReflectAutoRegister-FINISHED
2025-08-07 20:33:04,251 INFO  [io.api.tes.uti.TestSeparator] (main) ############################################################################
Test passed: testReflectAutoRegister
]]></system-out>
  </testcase>
  <testcase name="testArtifactNotFound" classname="io.apicurio.tests.serdes.apicurio.AvroSerdeIT" time="0.186">
    <system-out><![CDATA[2025-08-07 20:33:04,253 INFO  [io.api.tes.uti.TestSeparator] (main) ############################################################################
2025-08-07 20:33:04,253 INFO  [io.api.tes.uti.TestSeparator] (main) io.apicurio.tests.serdes.apicurio.AvroSerdeIT.testArtifactNotFound-STARTED
**** Registry Base URL: http://registry-app-ksql047.apps.ci419.apicurio-testing.org:80
2025-08-07 20:33:04,256 INFO  [org.apa.kaf.cli.pro.ProducerConfig] (main) ProducerConfig values: 
	acks = -1
	auto.include.jmx.reporter = true
	batch.size = 16384
	bootstrap.servers = [PLAINTEXT://localhost:32769]
	buffer.memory = 33554432
	client.dns.lookup = use_all_dns_ips
	client.id = Producer-s5a34d6cbx911ax4ad8xa57dx08f6e7f2ebea
	compression.gzip.level = -1
	compression.lz4.level = 9
	compression.type = none
	compression.zstd.level = 3
	connections.max.idle.ms = 10000
	delivery.timeout.ms = 120000
	enable.idempotence = true
	enable.metrics.push = true
	interceptor.classes = []
	key.serializer = class org.apache.kafka.common.serialization.StringSerializer
	linger.ms = 0
	max.block.ms = 60000
	max.in.flight.requests.per.connection = 5
	max.request.size = 1048576
	metadata.max.age.ms = 300000
	metadata.max.idle.ms = 300000
	metadata.recovery.strategy = none
	metric.reporters = []
	metrics.num.samples = 2
	metrics.recording.level = INFO
	metrics.sample.window.ms = 30000
	partitioner.adaptive.partitioning.enable = true
	partitioner.availability.timeout.ms = 0
	partitioner.class = null
	partitioner.ignore.keys = false
	receive.buffer.bytes = 32768
	reconnect.backoff.max.ms = 1000
	reconnect.backoff.ms = 50
	request.timeout.ms = 5000
	retries = 2147483647
	retry.backoff.max.ms = 1000
	retry.backoff.ms = 100
	sasl.client.callback.handler.class = null
	sasl.jaas.config = null
	sasl.kerberos.kinit.cmd = /usr/bin/kinit
	sasl.kerberos.min.time.before.relogin = 60000
	sasl.kerberos.service.name = null
	sasl.kerberos.ticket.renew.jitter = 0.05
	sasl.kerberos.ticket.renew.window.factor = 0.8
	sasl.login.callback.handler.class = null
	sasl.login.class = null
	sasl.login.connect.timeout.ms = null
	sasl.login.read.timeout.ms = null
	sasl.login.refresh.buffer.seconds = 300
	sasl.login.refresh.min.period.seconds = 60
	sasl.login.refresh.window.factor = 0.8
	sasl.login.refresh.window.jitter = 0.05
	sasl.login.retry.backoff.max.ms = 10000
	sasl.login.retry.backoff.ms = 100
	sasl.mechanism = GSSAPI
	sasl.oauthbearer.clock.skew.seconds = 30
	sasl.oauthbearer.expected.audience = null
	sasl.oauthbearer.expected.issuer = null
	sasl.oauthbearer.header.urlencode = false
	sasl.oauthbearer.jwks.endpoint.refresh.ms = 3600000
	sasl.oauthbearer.jwks.endpoint.retry.backoff.max.ms = 10000
	sasl.oauthbearer.jwks.endpoint.retry.backoff.ms = 100
	sasl.oauthbearer.jwks.endpoint.url = null
	sasl.oauthbearer.scope.claim.name = scope
	sasl.oauthbearer.sub.claim.name = sub
	sasl.oauthbearer.token.endpoint.url = null
	security.protocol = PLAINTEXT
	security.providers = null
	send.buffer.bytes = 131072
	socket.connection.setup.timeout.max.ms = 30000
	socket.connection.setup.timeout.ms = 10000
	ssl.cipher.suites = null
	ssl.enabled.protocols = [TLSv1.2, TLSv1.3]
	ssl.endpoint.identification.algorithm = https
	ssl.engine.factory.class = null
	ssl.key.password = null
	ssl.keymanager.algorithm = SunX509
	ssl.keystore.certificate.chain = null
	ssl.keystore.key = null
	ssl.keystore.location = null
	ssl.keystore.password = null
	ssl.keystore.type = JKS
	ssl.protocol = TLSv1.3
	ssl.provider = null
	ssl.secure.random.implementation = null
	ssl.trustmanager.algorithm = PKIX
	ssl.truststore.certificates = null
	ssl.truststore.location = null
	ssl.truststore.password = null
	ssl.truststore.type = JKS
	transaction.timeout.ms = 60000
	transactional.id = null
	value.serializer = class io.apicurio.registry.serde.avro.AvroKafkaSerializer

2025-08-07 20:33:04,256 INFO  [org.apa.kaf.com.tel.int.KafkaMetricsCollector] (main) initializing Kafka metrics collector
2025-08-07 20:33:04,262 INFO  [org.apa.kaf.cli.pro.KafkaProducer] (main) [Producer clientId=Producer-s5a34d6cbx911ax4ad8xa57dx08f6e7f2ebea] Instantiated an idempotent producer.
2025-08-07 20:33:04,264 INFO  [org.apa.kaf.cli.pro.ProducerConfig] (main) These configurations '[apicurio.registry.url, apicurio.registry.artifact-resolver-strategy]' were supplied but are not used yet.
2025-08-07 20:33:04,264 INFO  [org.apa.kaf.com.uti.AppInfoParser] (main) Kafka version: 3.9.1
2025-08-07 20:33:04,264 INFO  [org.apa.kaf.com.uti.AppInfoParser] (main) Kafka commitId: f745dfdcee2b9851
2025-08-07 20:33:04,264 INFO  [org.apa.kaf.com.uti.AppInfoParser] (main) Kafka startTimeMs: 1754598784264
2025-08-07 20:33:04,266 INFO  [io.api.tes.ser.api.KafkaSerdesTester] (Thread-639) Sending message {"keyB": "value-0"} to topic s5a34d6cbx911ax4ad8xa57dx08f6e7f2ebea
2025-08-07 20:33:04,271 WARN  [org.apa.kaf.cli.NetworkClient] (kafka-producer-network-thread | Producer-s5a34d6cbx911ax4ad8xa57dx08f6e7f2ebea) [Producer clientId=Producer-s5a34d6cbx911ax4ad8xa57dx08f6e7f2ebea] The metadata response from the cluster reported a recoverable issue with correlation id 1 : {s5a34d6cbx911ax4ad8xa57dx08f6e7f2ebea=UNKNOWN_TOPIC_OR_PARTITION}
2025-08-07 20:33:04,271 INFO  [org.apa.kaf.cli.Metadata] (kafka-producer-network-thread | Producer-s5a34d6cbx911ax4ad8xa57dx08f6e7f2ebea) [Producer clientId=Producer-s5a34d6cbx911ax4ad8xa57dx08f6e7f2ebea] Cluster ID: pU55guAKRSeYHTOWTlfVzQ
2025-08-07 20:33:04,271 INFO  [org.apa.kaf.cli.pro.int.TransactionManager] (kafka-producer-network-thread | Producer-s5a34d6cbx911ax4ad8xa57dx08f6e7f2ebea) [Producer clientId=Producer-s5a34d6cbx911ax4ad8xa57dx08f6e7f2ebea] ProducerId set to 7 with epoch 0
2025-08-07 20:33:04,384 INFO  [DefaultSchemaResolver] (Thread-639) Retrieving schema content using string: {"type":"record","name":"myrecord","namespace":"mygroup","fields":[{"name":"keyB","type":"string"}]}
2025-08-07 20:33:04,433 INFO  [org.apa.kaf.cli.pro.KafkaProducer] (Thread-639) [Producer clientId=Producer-s5a34d6cbx911ax4ad8xa57dx08f6e7f2ebea] Closing the Kafka producer with timeoutMillis = 9223372036854775807 ms.
2025-08-07 20:33:04,435 INFO  [org.apa.kaf.com.met.Metrics] (Thread-639) Metrics scheduler closed
2025-08-07 20:33:04,435 INFO  [org.apa.kaf.com.met.Metrics] (Thread-639) Closing reporter org.apache.kafka.common.metrics.JmxReporter
2025-08-07 20:33:04,435 INFO  [org.apa.kaf.com.met.Metrics] (Thread-639) Closing reporter org.apache.kafka.common.telemetry.internals.ClientTelemetryReporter
2025-08-07 20:33:04,435 INFO  [org.apa.kaf.com.met.Metrics] (Thread-639) Metrics reporters closed
2025-08-07 20:33:04,437 INFO  [org.apa.kaf.com.uti.AppInfoParser] (Thread-639) App info kafka.producer for Producer-s5a34d6cbx911ax4ad8xa57dx08f6e7f2ebea unregistered
2025-08-07 20:33:04,437 INFO  [io.api.tes.uti.TestSeparator] (main) io.apicurio.tests.serdes.apicurio.AvroSerdeIT.testArtifactNotFound-FINISHED
2025-08-07 20:33:04,437 INFO  [io.api.tes.uti.TestSeparator] (main) ############################################################################
Test passed: testArtifactNotFound
]]></system-out>
    <system-err><![CDATA[java.lang.RuntimeException: Could not resolve artifact reference by content: {"type":"record","name":"myrecord","namespace":"mygroup","fields":[{"name":"keyB","type":"string"}]}&ArtifactReference [groupId=default, artifactId=s5a34d6cbx911ax4ad8xa57dx08f6e7f2ebea-value, version=null, globalId=null, contentId=null, contentHash=null]
	at io.apicurio.registry.resolver.DefaultSchemaResolver.lambda$handleResolveSchemaByContent$3(DefaultSchemaResolver.java:265)
	at io.apicurio.registry.resolver.cache.ERCache.lambda$getValue$0(ERCache.java:174)
	at io.apicurio.registry.resolver.cache.ERCache.retry(ERCache.java:227)
	at io.apicurio.registry.resolver.cache.ERCache.getValue(ERCache.java:173)
	at io.apicurio.registry.resolver.cache.ERCache.getByContent(ERCache.java:147)
	at io.apicurio.registry.resolver.DefaultSchemaResolver.handleResolveSchemaByContent(DefaultSchemaResolver.java:253)
	at io.apicurio.registry.resolver.DefaultSchemaResolver.getSchemaFromRegistry(DefaultSchemaResolver.java:138)
	at io.apicurio.registry.resolver.DefaultSchemaResolver.lambda$resolveSchema$0(DefaultSchemaResolver.java:84)
	at java.base/java.util.Optional.orElseGet(Optional.java:364)
	at io.apicurio.registry.resolver.DefaultSchemaResolver.resolveSchema(DefaultSchemaResolver.java:84)
	at io.apicurio.registry.serde.AbstractSerializer.serializeData(AbstractSerializer.java:62)
	at io.apicurio.registry.serde.KafkaSerializer.serialize(KafkaSerializer.java:77)
	at org.apache.kafka.clients.producer.KafkaProducer.doSend(KafkaProducer.java:1046)
	at org.apache.kafka.clients.producer.KafkaProducer.send(KafkaProducer.java:993)
	at org.apache.kafka.clients.producer.KafkaProducer.send(KafkaProducer.java:875)
	at io.apicurio.tests.serdes.apicurio.KafkaSerdesTester.lambda$produceMessages$3(KafkaSerdesTester.java:138)
	at java.base/java.util.concurrent.CompletableFuture$AsyncSupply.run(CompletableFuture.java:1768)
	at java.base/java.lang.Thread.run(Thread.java:840)
]]></system-err>
  </testcase>
  <testcase name="testAvroSerDesFailDifferentSchemaByRecordName" classname="io.apicurio.tests.serdes.apicurio.AvroSerdeIT" time="1.136">
    <system-out><![CDATA[2025-08-07 20:33:04,444 INFO  [io.api.tes.uti.TestSeparator] (main) ############################################################################
2025-08-07 20:33:04,444 INFO  [io.api.tes.uti.TestSeparator] (main) io.apicurio.tests.serdes.apicurio.AvroSerdeIT.testAvroSerDesFailDifferentSchemaByRecordName-STARTED
**** Registry Base URL: http://registry-app-ksql047.apps.ci419.apicurio-testing.org:80
2025-08-07 20:33:05,527 INFO  [org.apa.kaf.cli.pro.ProducerConfig] (main) ProducerConfig values: 
	acks = -1
	auto.include.jmx.reporter = true
	batch.size = 16384
	bootstrap.servers = [PLAINTEXT://localhost:32769]
	buffer.memory = 33554432
	client.dns.lookup = use_all_dns_ips
	client.id = Producer-topic-bd9ff1d1_f156_4455_bb48_87c20b8013d2
	compression.gzip.level = -1
	compression.lz4.level = 9
	compression.type = none
	compression.zstd.level = 3
	connections.max.idle.ms = 10000
	delivery.timeout.ms = 120000
	enable.idempotence = true
	enable.metrics.push = true
	interceptor.classes = []
	key.serializer = class org.apache.kafka.common.serialization.StringSerializer
	linger.ms = 0
	max.block.ms = 60000
	max.in.flight.requests.per.connection = 5
	max.request.size = 1048576
	metadata.max.age.ms = 300000
	metadata.max.idle.ms = 300000
	metadata.recovery.strategy = none
	metric.reporters = []
	metrics.num.samples = 2
	metrics.recording.level = INFO
	metrics.sample.window.ms = 30000
	partitioner.adaptive.partitioning.enable = true
	partitioner.availability.timeout.ms = 0
	partitioner.class = null
	partitioner.ignore.keys = false
	receive.buffer.bytes = 32768
	reconnect.backoff.max.ms = 1000
	reconnect.backoff.ms = 50
	request.timeout.ms = 5000
	retries = 2147483647
	retry.backoff.max.ms = 1000
	retry.backoff.ms = 100
	sasl.client.callback.handler.class = null
	sasl.jaas.config = null
	sasl.kerberos.kinit.cmd = /usr/bin/kinit
	sasl.kerberos.min.time.before.relogin = 60000
	sasl.kerberos.service.name = null
	sasl.kerberos.ticket.renew.jitter = 0.05
	sasl.kerberos.ticket.renew.window.factor = 0.8
	sasl.login.callback.handler.class = null
	sasl.login.class = null
	sasl.login.connect.timeout.ms = null
	sasl.login.read.timeout.ms = null
	sasl.login.refresh.buffer.seconds = 300
	sasl.login.refresh.min.period.seconds = 60
	sasl.login.refresh.window.factor = 0.8
	sasl.login.refresh.window.jitter = 0.05
	sasl.login.retry.backoff.max.ms = 10000
	sasl.login.retry.backoff.ms = 100
	sasl.mechanism = GSSAPI
	sasl.oauthbearer.clock.skew.seconds = 30
	sasl.oauthbearer.expected.audience = null
	sasl.oauthbearer.expected.issuer = null
	sasl.oauthbearer.header.urlencode = false
	sasl.oauthbearer.jwks.endpoint.refresh.ms = 3600000
	sasl.oauthbearer.jwks.endpoint.retry.backoff.max.ms = 10000
	sasl.oauthbearer.jwks.endpoint.retry.backoff.ms = 100
	sasl.oauthbearer.jwks.endpoint.url = null
	sasl.oauthbearer.scope.claim.name = scope
	sasl.oauthbearer.sub.claim.name = sub
	sasl.oauthbearer.token.endpoint.url = null
	security.protocol = PLAINTEXT
	security.providers = null
	send.buffer.bytes = 131072
	socket.connection.setup.timeout.max.ms = 30000
	socket.connection.setup.timeout.ms = 10000
	ssl.cipher.suites = null
	ssl.enabled.protocols = [TLSv1.2, TLSv1.3]
	ssl.endpoint.identification.algorithm = https
	ssl.engine.factory.class = null
	ssl.key.password = null
	ssl.keymanager.algorithm = SunX509
	ssl.keystore.certificate.chain = null
	ssl.keystore.key = null
	ssl.keystore.location = null
	ssl.keystore.password = null
	ssl.keystore.type = JKS
	ssl.protocol = TLSv1.3
	ssl.provider = null
	ssl.secure.random.implementation = null
	ssl.trustmanager.algorithm = PKIX
	ssl.truststore.certificates = null
	ssl.truststore.location = null
	ssl.truststore.password = null
	ssl.truststore.type = JKS
	transaction.timeout.ms = 60000
	transactional.id = null
	value.serializer = class io.apicurio.registry.serde.avro.AvroKafkaSerializer

2025-08-07 20:33:05,528 INFO  [org.apa.kaf.com.tel.int.KafkaMetricsCollector] (main) initializing Kafka metrics collector
2025-08-07 20:33:05,533 INFO  [org.apa.kaf.cli.pro.KafkaProducer] (main) [Producer clientId=Producer-topic-bd9ff1d1_f156_4455_bb48_87c20b8013d2] Instantiated an idempotent producer.
2025-08-07 20:33:05,535 INFO  [org.apa.kaf.cli.pro.ProducerConfig] (main) These configurations '[apicurio.registry.find-latest, apicurio.registry.url, apicurio.registry.artifact-resolver-strategy]' were supplied but are not used yet.
2025-08-07 20:33:05,536 INFO  [org.apa.kaf.com.uti.AppInfoParser] (main) Kafka version: 3.9.1
2025-08-07 20:33:05,536 INFO  [org.apa.kaf.com.uti.AppInfoParser] (main) Kafka commitId: f745dfdcee2b9851
2025-08-07 20:33:05,536 INFO  [org.apa.kaf.com.uti.AppInfoParser] (main) Kafka startTimeMs: 1754598785535
2025-08-07 20:33:05,538 INFO  [io.api.tes.ser.api.KafkaSerdesTester] (Thread-642) Sending message {"keyB": "value-0"} to topic topic-bd9ff1d1_f156_4455_bb48_87c20b8013d2
2025-08-07 20:33:05,541 INFO  [org.apa.kaf.cli.Metadata] (kafka-producer-network-thread | Producer-topic-bd9ff1d1_f156_4455_bb48_87c20b8013d2) [Producer clientId=Producer-topic-bd9ff1d1_f156_4455_bb48_87c20b8013d2] Cluster ID: pU55guAKRSeYHTOWTlfVzQ
2025-08-07 20:33:05,543 INFO  [org.apa.kaf.cli.pro.int.TransactionManager] (kafka-producer-network-thread | Producer-topic-bd9ff1d1_f156_4455_bb48_87c20b8013d2) [Producer clientId=Producer-topic-bd9ff1d1_f156_4455_bb48_87c20b8013d2] ProducerId set to 8 with epoch 0
2025-08-07 20:33:05,570 INFO  [org.apa.kaf.cli.pro.KafkaProducer] (Thread-642) [Producer clientId=Producer-topic-bd9ff1d1_f156_4455_bb48_87c20b8013d2] Closing the Kafka producer with timeoutMillis = 9223372036854775807 ms.
2025-08-07 20:33:05,571 INFO  [org.apa.kaf.com.met.Metrics] (Thread-642) Metrics scheduler closed
2025-08-07 20:33:05,571 INFO  [org.apa.kaf.com.met.Metrics] (Thread-642) Closing reporter org.apache.kafka.common.metrics.JmxReporter
2025-08-07 20:33:05,571 INFO  [org.apa.kaf.com.met.Metrics] (Thread-642) Closing reporter org.apache.kafka.common.telemetry.internals.ClientTelemetryReporter
2025-08-07 20:33:05,571 INFO  [org.apa.kaf.com.met.Metrics] (Thread-642) Metrics reporters closed
2025-08-07 20:33:05,572 INFO  [org.apa.kaf.com.uti.AppInfoParser] (Thread-642) App info kafka.producer for Producer-topic-bd9ff1d1_f156_4455_bb48_87c20b8013d2 unregistered
2025-08-07 20:33:05,575 INFO  [io.api.tes.uti.TestSeparator] (main) io.apicurio.tests.serdes.apicurio.AvroSerdeIT.testAvroSerDesFailDifferentSchemaByRecordName-FINISHED
2025-08-07 20:33:05,575 INFO  [io.api.tes.uti.TestSeparator] (main) ############################################################################
Test passed: testAvroSerDesFailDifferentSchemaByRecordName
]]></system-out>
    <system-err><![CDATA[io.apicurio.registry.rest.client.models.ProblemDetails
	at io.apicurio.registry.rest.client.models.ProblemDetails.createFromDiscriminatorValue(ProblemDetails.java:58)
	at io.kiota.serialization.json.JsonParseNode.getObjectValue(JsonParseNode.java:247)
	at io.kiota.http.vertx.VertXRequestAdapter.lambda$throwIfFailedResponse$0(VertXRequestAdapter.java:400)
	at com.microsoft.kiota.ApiExceptionBuilder.<init>(ApiExceptionBuilder.java:26)
	at io.kiota.http.vertx.VertXRequestAdapter.throwIfFailedResponse(VertXRequestAdapter.java:399)
	at io.kiota.http.vertx.VertXRequestAdapter.send(VertXRequestAdapter.java:170)
	at io.apicurio.registry.rest.client.groups.item.artifacts.item.versions.item.WithVersionExpressionItemRequestBuilder.get(WithVersionExpressionItemRequestBuilder.java:128)
	at io.apicurio.registry.rest.client.groups.item.artifacts.item.versions.item.WithVersionExpressionItemRequestBuilder.get(WithVersionExpressionItemRequestBuilder.java:111)
	at io.apicurio.registry.resolver.client.RegistryClientFacadeImpl.getVersionCoordinatesByGAV(RegistryClientFacadeImpl.java:159)
	at io.apicurio.registry.resolver.DefaultSchemaResolver.resolveByCoordinates(DefaultSchemaResolver.java:352)
	at io.apicurio.registry.resolver.DefaultSchemaResolver.lambda$resolveSchemaByArtifactReferenceCached$6(DefaultSchemaResolver.java:340)
	at io.apicurio.registry.resolver.cache.ERCache.lambda$getValue$0(ERCache.java:174)
	at io.apicurio.registry.resolver.cache.ERCache.retry(ERCache.java:227)
	at io.apicurio.registry.resolver.cache.ERCache.getValue(ERCache.java:173)
	at io.apicurio.registry.resolver.cache.ERCache.getByArtifactCoordinates(ERCache.java:158)
	at io.apicurio.registry.resolver.DefaultSchemaResolver.resolveSchemaByArtifactReferenceCached(DefaultSchemaResolver.java:338)
	at io.apicurio.registry.resolver.DefaultSchemaResolver.resolveSchemaByCoordinates(DefaultSchemaResolver.java:193)
	at io.apicurio.registry.resolver.DefaultSchemaResolver.getSchemaFromRegistry(DefaultSchemaResolver.java:130)
	at io.apicurio.registry.resolver.DefaultSchemaResolver.lambda$resolveSchema$0(DefaultSchemaResolver.java:84)
	at java.base/java.util.Optional.orElseGet(Optional.java:364)
	at io.apicurio.registry.resolver.DefaultSchemaResolver.resolveSchema(DefaultSchemaResolver.java:84)
	at io.apicurio.registry.serde.AbstractSerializer.serializeData(AbstractSerializer.java:62)
	at io.apicurio.registry.serde.KafkaSerializer.serialize(KafkaSerializer.java:77)
	at org.apache.kafka.clients.producer.KafkaProducer.doSend(KafkaProducer.java:1046)
	at org.apache.kafka.clients.producer.KafkaProducer.send(KafkaProducer.java:993)
	at org.apache.kafka.clients.producer.KafkaProducer.send(KafkaProducer.java:875)
	at io.apicurio.tests.serdes.apicurio.KafkaSerdesTester.lambda$produceMessages$3(KafkaSerdesTester.java:138)
	at java.base/java.util.concurrent.CompletableFuture$AsyncSupply.run(CompletableFuture.java:1768)
	at java.base/java.lang.Thread.run(Thread.java:840)
]]></system-err>
  </testcase>
  <testcase name="testTopicIdStrategyFindLatest" classname="io.apicurio.tests.serdes.apicurio.AvroSerdeIT" time="4.794">
    <system-out><![CDATA[2025-08-07 20:33:05,576 INFO  [io.api.tes.uti.TestSeparator] (main) ############################################################################
2025-08-07 20:33:05,576 INFO  [io.api.tes.uti.TestSeparator] (main) io.apicurio.tests.serdes.apicurio.AvroSerdeIT.testTopicIdStrategyFindLatest-STARTED
2025-08-07 20:33:05,580 INFO  [io.api.tes.ser.api.AvroSerdeIT] (main) Registering Avro Schema: {"type":"record","name":"myrecordapicurio1","fields":[{"name":"key11754598785579","type":"string"}]}
**** Registry Base URL: http://registry-app-ksql047.apps.ci419.apicurio-testing.org:80
2025-08-07 20:33:06,659 INFO  [org.apa.kaf.cli.pro.ProducerConfig] (main) ProducerConfig values: 
	acks = -1
	auto.include.jmx.reporter = true
	batch.size = 16384
	bootstrap.servers = [PLAINTEXT://localhost:32769]
	buffer.memory = 33554432
	client.dns.lookup = use_all_dns_ips
	client.id = Producer-topic-c4a3d233_c246_4b66_8844_44a15fd27181
	compression.gzip.level = -1
	compression.lz4.level = 9
	compression.type = none
	compression.zstd.level = 3
	connections.max.idle.ms = 10000
	delivery.timeout.ms = 120000
	enable.idempotence = true
	enable.metrics.push = true
	interceptor.classes = []
	key.serializer = class org.apache.kafka.common.serialization.StringSerializer
	linger.ms = 0
	max.block.ms = 60000
	max.in.flight.requests.per.connection = 5
	max.request.size = 1048576
	metadata.max.age.ms = 300000
	metadata.max.idle.ms = 300000
	metadata.recovery.strategy = none
	metric.reporters = []
	metrics.num.samples = 2
	metrics.recording.level = INFO
	metrics.sample.window.ms = 30000
	partitioner.adaptive.partitioning.enable = true
	partitioner.availability.timeout.ms = 0
	partitioner.class = null
	partitioner.ignore.keys = false
	receive.buffer.bytes = 32768
	reconnect.backoff.max.ms = 1000
	reconnect.backoff.ms = 50
	request.timeout.ms = 5000
	retries = 2147483647
	retry.backoff.max.ms = 1000
	retry.backoff.ms = 100
	sasl.client.callback.handler.class = null
	sasl.jaas.config = null
	sasl.kerberos.kinit.cmd = /usr/bin/kinit
	sasl.kerberos.min.time.before.relogin = 60000
	sasl.kerberos.service.name = null
	sasl.kerberos.ticket.renew.jitter = 0.05
	sasl.kerberos.ticket.renew.window.factor = 0.8
	sasl.login.callback.handler.class = null
	sasl.login.class = null
	sasl.login.connect.timeout.ms = null
	sasl.login.read.timeout.ms = null
	sasl.login.refresh.buffer.seconds = 300
	sasl.login.refresh.min.period.seconds = 60
	sasl.login.refresh.window.factor = 0.8
	sasl.login.refresh.window.jitter = 0.05
	sasl.login.retry.backoff.max.ms = 10000
	sasl.login.retry.backoff.ms = 100
	sasl.mechanism = GSSAPI
	sasl.oauthbearer.clock.skew.seconds = 30
	sasl.oauthbearer.expected.audience = null
	sasl.oauthbearer.expected.issuer = null
	sasl.oauthbearer.header.urlencode = false
	sasl.oauthbearer.jwks.endpoint.refresh.ms = 3600000
	sasl.oauthbearer.jwks.endpoint.retry.backoff.max.ms = 10000
	sasl.oauthbearer.jwks.endpoint.retry.backoff.ms = 100
	sasl.oauthbearer.jwks.endpoint.url = null
	sasl.oauthbearer.scope.claim.name = scope
	sasl.oauthbearer.sub.claim.name = sub
	sasl.oauthbearer.token.endpoint.url = null
	security.protocol = PLAINTEXT
	security.providers = null
	send.buffer.bytes = 131072
	socket.connection.setup.timeout.max.ms = 30000
	socket.connection.setup.timeout.ms = 10000
	ssl.cipher.suites = null
	ssl.enabled.protocols = [TLSv1.2, TLSv1.3]
	ssl.endpoint.identification.algorithm = https
	ssl.engine.factory.class = null
	ssl.key.password = null
	ssl.keymanager.algorithm = SunX509
	ssl.keystore.certificate.chain = null
	ssl.keystore.key = null
	ssl.keystore.location = null
	ssl.keystore.password = null
	ssl.keystore.type = JKS
	ssl.protocol = TLSv1.3
	ssl.provider = null
	ssl.secure.random.implementation = null
	ssl.trustmanager.algorithm = PKIX
	ssl.truststore.certificates = null
	ssl.truststore.location = null
	ssl.truststore.password = null
	ssl.truststore.type = JKS
	transaction.timeout.ms = 60000
	transactional.id = null
	value.serializer = class io.apicurio.registry.serde.avro.AvroKafkaSerializer

2025-08-07 20:33:06,659 INFO  [org.apa.kaf.com.tel.int.KafkaMetricsCollector] (main) initializing Kafka metrics collector
2025-08-07 20:33:06,662 INFO  [org.apa.kaf.cli.pro.KafkaProducer] (main) [Producer clientId=Producer-topic-c4a3d233_c246_4b66_8844_44a15fd27181] Instantiated an idempotent producer.
2025-08-07 20:33:06,665 INFO  [org.apa.kaf.cli.pro.ProducerConfig] (main) These configurations '[apicurio.registry.find-latest, apicurio.registry.url, apicurio.registry.artifact-resolver-strategy]' were supplied but are not used yet.
2025-08-07 20:33:06,665 INFO  [org.apa.kaf.com.uti.AppInfoParser] (main) Kafka version: 3.9.1
2025-08-07 20:33:06,665 INFO  [org.apa.kaf.com.uti.AppInfoParser] (main) Kafka commitId: f745dfdcee2b9851
2025-08-07 20:33:06,665 INFO  [org.apa.kaf.com.uti.AppInfoParser] (main) Kafka startTimeMs: 1754598786665
2025-08-07 20:33:06,665 INFO  [io.api.tes.ser.api.SimpleSerdesTesterBuilder$SimpleSerdesTester] (main) Using producer configuration: {apicurio.registry.find-latest=true, apicurio.registry.url=http://registry-app-ksql047.apps.ci419.apicurio-testing.org:80/apis/registry/v3, apicurio.registry.artifact-resolver-strategy=io.apicurio.registry.serde.strategy.TopicIdStrategy, value.serializer=io.apicurio.registry.serde.avro.AvroKafkaSerializer, request.timeout.ms=5000, acks=all, bootstrap.servers=PLAINTEXT://localhost:32769, connections.max.idle.ms=10000, key.serializer=org.apache.kafka.common.serialization.StringSerializer, client.id=Producer-topic-c4a3d233_c246_4b66_8844_44a15fd27181}
2025-08-07 20:33:06,665 INFO  [io.api.tes.ser.api.SimpleSerdesTesterBuilder$SimpleSerdesTester] (main) Using consumer configuration: {}
2025-08-07 20:33:06,667 INFO  [io.api.tes.ser.api.KafkaSerdesTester] (Thread-645) Sending message {"key11754598785579": "value-0"} to topic topic-c4a3d233_c246_4b66_8844_44a15fd27181
2025-08-07 20:33:06,672 INFO  [org.apa.kaf.cli.Metadata] (kafka-producer-network-thread | Producer-topic-c4a3d233_c246_4b66_8844_44a15fd27181) [Producer clientId=Producer-topic-c4a3d233_c246_4b66_8844_44a15fd27181] Cluster ID: pU55guAKRSeYHTOWTlfVzQ
2025-08-07 20:33:06,672 INFO  [org.apa.kaf.cli.pro.int.TransactionManager] (kafka-producer-network-thread | Producer-topic-c4a3d233_c246_4b66_8844_44a15fd27181) [Producer clientId=Producer-topic-c4a3d233_c246_4b66_8844_44a15fd27181] ProducerId set to 9 with epoch 0
2025-08-07 20:33:06,738 INFO  [io.api.tes.ser.api.KafkaSerdesTester] (Thread-645) Sending message {"key11754598785579": "value-1"} to topic topic-c4a3d233_c246_4b66_8844_44a15fd27181
2025-08-07 20:33:06,740 INFO  [io.api.tes.ser.api.KafkaSerdesTester] (Thread-645) Sending message {"key11754598785579": "value-2"} to topic topic-c4a3d233_c246_4b66_8844_44a15fd27181
2025-08-07 20:33:06,743 INFO  [io.api.tes.ser.api.KafkaSerdesTester] (Thread-645) Sending message {"key11754598785579": "value-3"} to topic topic-c4a3d233_c246_4b66_8844_44a15fd27181
2025-08-07 20:33:06,744 INFO  [io.api.tes.ser.api.KafkaSerdesTester] (Thread-645) Sending message {"key11754598785579": "value-4"} to topic topic-c4a3d233_c246_4b66_8844_44a15fd27181
2025-08-07 20:33:06,746 INFO  [io.api.tes.ser.api.KafkaSerdesTester] (Thread-645) Sending message {"key11754598785579": "value-5"} to topic topic-c4a3d233_c246_4b66_8844_44a15fd27181
2025-08-07 20:33:06,751 INFO  [io.api.tes.ser.api.KafkaSerdesTester] (Thread-645) Sending message {"key11754598785579": "value-6"} to topic topic-c4a3d233_c246_4b66_8844_44a15fd27181
2025-08-07 20:33:06,753 INFO  [io.api.tes.ser.api.KafkaSerdesTester] (Thread-645) Sending message {"key11754598785579": "value-7"} to topic topic-c4a3d233_c246_4b66_8844_44a15fd27181
2025-08-07 20:33:06,757 INFO  [io.api.tes.ser.api.KafkaSerdesTester] (Thread-645) Sending message {"key11754598785579": "value-8"} to topic topic-c4a3d233_c246_4b66_8844_44a15fd27181
2025-08-07 20:33:06,759 INFO  [io.api.tes.ser.api.KafkaSerdesTester] (Thread-645) Sending message {"key11754598785579": "value-9"} to topic topic-c4a3d233_c246_4b66_8844_44a15fd27181
2025-08-07 20:33:06,765 INFO  [io.api.tes.ser.api.KafkaSerdesTester] (Thread-645) Produced 10 messages
2025-08-07 20:33:06,765 INFO  [org.apa.kaf.cli.pro.KafkaProducer] (Thread-645) [Producer clientId=Producer-topic-c4a3d233_c246_4b66_8844_44a15fd27181] Closing the Kafka producer with timeoutMillis = 9223372036854775807 ms.
2025-08-07 20:33:06,769 INFO  [org.apa.kaf.com.met.Metrics] (Thread-645) Metrics scheduler closed
2025-08-07 20:33:06,769 INFO  [org.apa.kaf.com.met.Metrics] (Thread-645) Closing reporter org.apache.kafka.common.metrics.JmxReporter
2025-08-07 20:33:06,769 INFO  [org.apa.kaf.com.met.Metrics] (Thread-645) Closing reporter org.apache.kafka.common.telemetry.internals.ClientTelemetryReporter
2025-08-07 20:33:06,769 INFO  [org.apa.kaf.com.met.Metrics] (Thread-645) Metrics reporters closed
2025-08-07 20:33:06,770 INFO  [org.apa.kaf.com.uti.AppInfoParser] (Thread-645) App info kafka.producer for Producer-topic-c4a3d233_c246_4b66_8844_44a15fd27181 unregistered
**** Registry Base URL: http://registry-app-ksql047.apps.ci419.apicurio-testing.org:80
2025-08-07 20:33:06,771 INFO  [org.apa.kaf.cli.con.ConsumerConfig] (main) ConsumerConfig values: 
	allow.auto.create.topics = true
	auto.commit.interval.ms = 500
	auto.include.jmx.reporter = true
	auto.offset.reset = earliest
	bootstrap.servers = [PLAINTEXT://localhost:32769]
	check.crcs = true
	client.dns.lookup = use_all_dns_ips
	client.id = consumer-Consumer-topic-c4a3d233_c246_4b66_8844_44a15fd27181-7
	client.rack = 
	connections.max.idle.ms = 10000
	default.api.timeout.ms = 60000
	enable.auto.commit = true
	enable.metrics.push = true
	exclude.internal.topics = true
	fetch.max.bytes = 52428800
	fetch.max.wait.ms = 500
	fetch.min.bytes = 1
	group.id = Consumer-topic-c4a3d233_c246_4b66_8844_44a15fd27181
	group.instance.id = null
	group.protocol = classic
	group.remote.assignor = null
	heartbeat.interval.ms = 3000
	interceptor.classes = []
	internal.leave.group.on.close = true
	internal.throw.on.fetch.stable.offset.unsupported = false
	isolation.level = read_uncommitted
	key.deserializer = class org.apache.kafka.common.serialization.StringDeserializer
	max.partition.fetch.bytes = 1048576
	max.poll.interval.ms = 300000
	max.poll.records = 500
	metadata.max.age.ms = 300000
	metadata.recovery.strategy = none
	metric.reporters = []
	metrics.num.samples = 2
	metrics.recording.level = INFO
	metrics.sample.window.ms = 30000
	partition.assignment.strategy = [class org.apache.kafka.clients.consumer.RangeAssignor, class org.apache.kafka.clients.consumer.CooperativeStickyAssignor]
	receive.buffer.bytes = 65536
	reconnect.backoff.max.ms = 1000
	reconnect.backoff.ms = 50
	request.timeout.ms = 5000
	retry.backoff.max.ms = 1000
	retry.backoff.ms = 100
	sasl.client.callback.handler.class = null
	sasl.jaas.config = null
	sasl.kerberos.kinit.cmd = /usr/bin/kinit
	sasl.kerberos.min.time.before.relogin = 60000
	sasl.kerberos.service.name = null
	sasl.kerberos.ticket.renew.jitter = 0.05
	sasl.kerberos.ticket.renew.window.factor = 0.8
	sasl.login.callback.handler.class = null
	sasl.login.class = null
	sasl.login.connect.timeout.ms = null
	sasl.login.read.timeout.ms = null
	sasl.login.refresh.buffer.seconds = 300
	sasl.login.refresh.min.period.seconds = 60
	sasl.login.refresh.window.factor = 0.8
	sasl.login.refresh.window.jitter = 0.05
	sasl.login.retry.backoff.max.ms = 10000
	sasl.login.retry.backoff.ms = 100
	sasl.mechanism = GSSAPI
	sasl.oauthbearer.clock.skew.seconds = 30
	sasl.oauthbearer.expected.audience = null
	sasl.oauthbearer.expected.issuer = null
	sasl.oauthbearer.header.urlencode = false
	sasl.oauthbearer.jwks.endpoint.refresh.ms = 3600000
	sasl.oauthbearer.jwks.endpoint.retry.backoff.max.ms = 10000
	sasl.oauthbearer.jwks.endpoint.retry.backoff.ms = 100
	sasl.oauthbearer.jwks.endpoint.url = null
	sasl.oauthbearer.scope.claim.name = scope
	sasl.oauthbearer.sub.claim.name = sub
	sasl.oauthbearer.token.endpoint.url = null
	security.protocol = PLAINTEXT
	security.providers = null
	send.buffer.bytes = 131072
	session.timeout.ms = 45000
	socket.connection.setup.timeout.max.ms = 30000
	socket.connection.setup.timeout.ms = 10000
	ssl.cipher.suites = null
	ssl.enabled.protocols = [TLSv1.2, TLSv1.3]
	ssl.endpoint.identification.algorithm = https
	ssl.engine.factory.class = null
	ssl.key.password = null
	ssl.keymanager.algorithm = SunX509
	ssl.keystore.certificate.chain = null
	ssl.keystore.key = null
	ssl.keystore.location = null
	ssl.keystore.password = null
	ssl.keystore.type = JKS
	ssl.protocol = TLSv1.3
	ssl.provider = null
	ssl.secure.random.implementation = null
	ssl.trustmanager.algorithm = PKIX
	ssl.truststore.certificates = null
	ssl.truststore.location = null
	ssl.truststore.password = null
	ssl.truststore.type = JKS
	value.deserializer = class io.apicurio.registry.serde.avro.AvroKafkaDeserializer

2025-08-07 20:33:06,771 INFO  [org.apa.kaf.com.tel.int.KafkaMetricsCollector] (main) initializing Kafka metrics collector
2025-08-07 20:33:06,788 INFO  [org.apa.kaf.cli.con.ConsumerConfig] (main) These configurations '[apicurio.registry.url]' were supplied but are not used yet.
2025-08-07 20:33:06,788 INFO  [org.apa.kaf.com.uti.AppInfoParser] (main) Kafka version: 3.9.1
2025-08-07 20:33:06,788 INFO  [org.apa.kaf.com.uti.AppInfoParser] (main) Kafka commitId: f745dfdcee2b9851
2025-08-07 20:33:06,788 INFO  [org.apa.kaf.com.uti.AppInfoParser] (main) Kafka startTimeMs: 1754598786788
2025-08-07 20:33:06,790 INFO  [org.apa.kaf.cli.con.int.ClassicKafkaConsumer] (Thread-648) [Consumer clientId=consumer-Consumer-topic-c4a3d233_c246_4b66_8844_44a15fd27181-7, groupId=Consumer-topic-c4a3d233_c246_4b66_8844_44a15fd27181] Subscribed to topic(s): topic-c4a3d233_c246_4b66_8844_44a15fd27181
2025-08-07 20:33:06,799 INFO  [org.apa.kaf.cli.Metadata] (Thread-648) [Consumer clientId=consumer-Consumer-topic-c4a3d233_c246_4b66_8844_44a15fd27181-7, groupId=Consumer-topic-c4a3d233_c246_4b66_8844_44a15fd27181] Cluster ID: pU55guAKRSeYHTOWTlfVzQ
2025-08-07 20:33:06,801 INFO  [org.apa.kaf.cli.con.int.ConsumerCoordinator] (Thread-648) [Consumer clientId=consumer-Consumer-topic-c4a3d233_c246_4b66_8844_44a15fd27181-7, groupId=Consumer-topic-c4a3d233_c246_4b66_8844_44a15fd27181] Discovered group coordinator localhost:32769 (id: 2147483647 rack: null)
2025-08-07 20:33:06,804 INFO  [org.apa.kaf.cli.con.int.ConsumerCoordinator] (Thread-648) [Consumer clientId=consumer-Consumer-topic-c4a3d233_c246_4b66_8844_44a15fd27181-7, groupId=Consumer-topic-c4a3d233_c246_4b66_8844_44a15fd27181] (Re-)joining group
2025-08-07 20:33:06,808 INFO  [org.apa.kaf.cli.con.int.ConsumerCoordinator] (Thread-648) [Consumer clientId=consumer-Consumer-topic-c4a3d233_c246_4b66_8844_44a15fd27181-7, groupId=Consumer-topic-c4a3d233_c246_4b66_8844_44a15fd27181] Request joining group due to: need to re-join with the given member-id: consumer-Consumer-topic-c4a3d233_c246_4b66_8844_44a15fd27181-7-d24ee2b1-3bbb-4178-a95f-d78f369a3c91
2025-08-07 20:33:06,808 INFO  [org.apa.kaf.cli.con.int.ConsumerCoordinator] (Thread-648) [Consumer clientId=consumer-Consumer-topic-c4a3d233_c246_4b66_8844_44a15fd27181-7, groupId=Consumer-topic-c4a3d233_c246_4b66_8844_44a15fd27181] (Re-)joining group
2025-08-07 20:33:07,790 INFO  [io.api.tes.ser.api.KafkaSerdesTester] (Thread-648) None found
2025-08-07 20:33:08,791 INFO  [io.api.tes.ser.api.KafkaSerdesTester] (Thread-648) None found
2025-08-07 20:33:09,791 INFO  [io.api.tes.ser.api.KafkaSerdesTester] (Thread-648) None found
2025-08-07 20:33:09,811 INFO  [org.apa.kaf.cli.con.int.ConsumerCoordinator] (Thread-648) [Consumer clientId=consumer-Consumer-topic-c4a3d233_c246_4b66_8844_44a15fd27181-7, groupId=Consumer-topic-c4a3d233_c246_4b66_8844_44a15fd27181] Successfully joined group with generation Generation{generationId=1, memberId='consumer-Consumer-topic-c4a3d233_c246_4b66_8844_44a15fd27181-7-d24ee2b1-3bbb-4178-a95f-d78f369a3c91', protocol='range'}
2025-08-07 20:33:09,811 INFO  [org.apa.kaf.cli.con.int.ConsumerCoordinator] (Thread-648) [Consumer clientId=consumer-Consumer-topic-c4a3d233_c246_4b66_8844_44a15fd27181-7, groupId=Consumer-topic-c4a3d233_c246_4b66_8844_44a15fd27181] Finished assignment for group at generation 1: {consumer-Consumer-topic-c4a3d233_c246_4b66_8844_44a15fd27181-7-d24ee2b1-3bbb-4178-a95f-d78f369a3c91=Assignment(partitions=[topic-c4a3d233_c246_4b66_8844_44a15fd27181-0])}
2025-08-07 20:33:09,818 INFO  [org.apa.kaf.cli.con.int.ConsumerCoordinator] (Thread-648) [Consumer clientId=consumer-Consumer-topic-c4a3d233_c246_4b66_8844_44a15fd27181-7, groupId=Consumer-topic-c4a3d233_c246_4b66_8844_44a15fd27181] Successfully synced group in generation Generation{generationId=1, memberId='consumer-Consumer-topic-c4a3d233_c246_4b66_8844_44a15fd27181-7-d24ee2b1-3bbb-4178-a95f-d78f369a3c91', protocol='range'}
2025-08-07 20:33:09,818 INFO  [org.apa.kaf.cli.con.int.ConsumerCoordinator] (Thread-648) [Consumer clientId=consumer-Consumer-topic-c4a3d233_c246_4b66_8844_44a15fd27181-7, groupId=Consumer-topic-c4a3d233_c246_4b66_8844_44a15fd27181] Notifying assignor about the new Assignment(partitions=[topic-c4a3d233_c246_4b66_8844_44a15fd27181-0])
2025-08-07 20:33:09,818 INFO  [org.apa.kaf.cli.con.int.ConsumerRebalanceListenerInvoker] (Thread-648) [Consumer clientId=consumer-Consumer-topic-c4a3d233_c246_4b66_8844_44a15fd27181-7, groupId=Consumer-topic-c4a3d233_c246_4b66_8844_44a15fd27181] Adding newly assigned partitions: topic-c4a3d233_c246_4b66_8844_44a15fd27181-0
2025-08-07 20:33:09,820 INFO  [org.apa.kaf.cli.con.int.ConsumerCoordinator] (Thread-648) [Consumer clientId=consumer-Consumer-topic-c4a3d233_c246_4b66_8844_44a15fd27181-7, groupId=Consumer-topic-c4a3d233_c246_4b66_8844_44a15fd27181] Found no committed offset for partition topic-c4a3d233_c246_4b66_8844_44a15fd27181-0
2025-08-07 20:33:09,824 INFO  [org.apa.kaf.cli.con.int.SubscriptionState] (Thread-648) [Consumer clientId=consumer-Consumer-topic-c4a3d233_c246_4b66_8844_44a15fd27181-7, groupId=Consumer-topic-c4a3d233_c246_4b66_8844_44a15fd27181] Resetting offset for partition topic-c4a3d233_c246_4b66_8844_44a15fd27181-0 to position FetchPosition{offset=0, offsetEpoch=Optional.empty, currentLeader=LeaderAndEpoch{leader=Optional[localhost:32769 (id: 0 rack: null)], epoch=0}}.
2025-08-07 20:33:09,863 INFO  [io.api.tes.ser.api.KafkaSerdesTester] (Thread-648) topic-c4a3d233_c246_4b66_8844_44a15fd27181 0 0 {"key11754598785579": "value-0"}
2025-08-07 20:33:09,863 INFO  [io.api.tes.ser.api.KafkaSerdesTester] (Thread-648) topic-c4a3d233_c246_4b66_8844_44a15fd27181 0 1 {"key11754598785579": "value-1"}
2025-08-07 20:33:09,863 INFO  [io.api.tes.ser.api.KafkaSerdesTester] (Thread-648) topic-c4a3d233_c246_4b66_8844_44a15fd27181 0 2 {"key11754598785579": "value-2"}
2025-08-07 20:33:09,863 INFO  [io.api.tes.ser.api.KafkaSerdesTester] (Thread-648) topic-c4a3d233_c246_4b66_8844_44a15fd27181 0 3 {"key11754598785579": "value-3"}
2025-08-07 20:33:09,864 INFO  [io.api.tes.ser.api.KafkaSerdesTester] (Thread-648) topic-c4a3d233_c246_4b66_8844_44a15fd27181 0 4 {"key11754598785579": "value-4"}
2025-08-07 20:33:09,864 INFO  [io.api.tes.ser.api.KafkaSerdesTester] (Thread-648) topic-c4a3d233_c246_4b66_8844_44a15fd27181 0 5 {"key11754598785579": "value-5"}
2025-08-07 20:33:09,864 INFO  [io.api.tes.ser.api.KafkaSerdesTester] (Thread-648) topic-c4a3d233_c246_4b66_8844_44a15fd27181 0 6 {"key11754598785579": "value-6"}
2025-08-07 20:33:09,864 INFO  [io.api.tes.ser.api.KafkaSerdesTester] (Thread-648) topic-c4a3d233_c246_4b66_8844_44a15fd27181 0 7 {"key11754598785579": "value-7"}
2025-08-07 20:33:09,864 INFO  [io.api.tes.ser.api.KafkaSerdesTester] (Thread-648) topic-c4a3d233_c246_4b66_8844_44a15fd27181 0 8 {"key11754598785579": "value-8"}
2025-08-07 20:33:09,864 INFO  [io.api.tes.ser.api.KafkaSerdesTester] (Thread-648) topic-c4a3d233_c246_4b66_8844_44a15fd27181 0 9 {"key11754598785579": "value-9"}
2025-08-07 20:33:09,864 INFO  [io.api.tes.ser.api.KafkaSerdesTester] (Thread-648) Consumed 10 messages
2025-08-07 20:33:09,871 INFO  [org.apa.kaf.cli.con.int.ConsumerRebalanceListenerInvoker] (Thread-648) [Consumer clientId=consumer-Consumer-topic-c4a3d233_c246_4b66_8844_44a15fd27181-7, groupId=Consumer-topic-c4a3d233_c246_4b66_8844_44a15fd27181] Revoke previously assigned partitions topic-c4a3d233_c246_4b66_8844_44a15fd27181-0
2025-08-07 20:33:09,871 INFO  [org.apa.kaf.cli.con.int.ConsumerCoordinator] (Thread-648) [Consumer clientId=consumer-Consumer-topic-c4a3d233_c246_4b66_8844_44a15fd27181-7, groupId=Consumer-topic-c4a3d233_c246_4b66_8844_44a15fd27181] Member consumer-Consumer-topic-c4a3d233_c246_4b66_8844_44a15fd27181-7-d24ee2b1-3bbb-4178-a95f-d78f369a3c91 sending LeaveGroup request to coordinator localhost:32769 (id: 2147483647 rack: null) due to the consumer is being closed
2025-08-07 20:33:09,871 INFO  [org.apa.kaf.cli.con.int.ConsumerCoordinator] (Thread-648) [Consumer clientId=consumer-Consumer-topic-c4a3d233_c246_4b66_8844_44a15fd27181-7, groupId=Consumer-topic-c4a3d233_c246_4b66_8844_44a15fd27181] Resetting generation and member id due to: consumer pro-actively leaving the group
2025-08-07 20:33:09,871 INFO  [org.apa.kaf.cli.con.int.ConsumerCoordinator] (Thread-648) [Consumer clientId=consumer-Consumer-topic-c4a3d233_c246_4b66_8844_44a15fd27181-7, groupId=Consumer-topic-c4a3d233_c246_4b66_8844_44a15fd27181] Request joining group due to: consumer pro-actively leaving the group
2025-08-07 20:33:10,365 INFO  [org.apa.kaf.com.met.Metrics] (Thread-648) Metrics scheduler closed
2025-08-07 20:33:10,365 INFO  [org.apa.kaf.com.met.Metrics] (Thread-648) Closing reporter org.apache.kafka.common.metrics.JmxReporter
2025-08-07 20:33:10,365 INFO  [org.apa.kaf.com.met.Metrics] (Thread-648) Closing reporter org.apache.kafka.common.telemetry.internals.ClientTelemetryReporter
2025-08-07 20:33:10,365 INFO  [org.apa.kaf.com.met.Metrics] (Thread-648) Metrics reporters closed
2025-08-07 20:33:10,368 INFO  [org.apa.kaf.com.uti.AppInfoParser] (Thread-648) App info kafka.consumer for consumer-Consumer-topic-c4a3d233_c246_4b66_8844_44a15fd27181-7 unregistered
2025-08-07 20:33:10,369 INFO  [io.api.tes.uti.TestSeparator] (main) io.apicurio.tests.serdes.apicurio.AvroSerdeIT.testTopicIdStrategyFindLatest-FINISHED
2025-08-07 20:33:10,369 INFO  [io.api.tes.uti.TestSeparator] (main) ############################################################################
Test passed: testTopicIdStrategyFindLatest
]]></system-out>
  </testcase>
  <testcase name="testAvroUnionWithSpecificReader" classname="io.apicurio.tests.serdes.apicurio.AvroSerdeIT" time="4.016">
    <system-out><![CDATA[2025-08-07 20:33:10,370 INFO  [io.api.tes.uti.TestSeparator] (main) ############################################################################
2025-08-07 20:33:10,370 INFO  [io.api.tes.uti.TestSeparator] (main) io.apicurio.tests.serdes.apicurio.AvroSerdeIT.testAvroUnionWithSpecificReader-STARTED
**** Registry Base URL: http://registry-app-ksql047.apps.ci419.apicurio-testing.org:80
2025-08-07 20:33:10,375 INFO  [org.apa.kaf.cli.pro.ProducerConfig] (main) ProducerConfig values: 
	acks = -1
	auto.include.jmx.reporter = true
	batch.size = 16384
	bootstrap.servers = [PLAINTEXT://localhost:32769]
	buffer.memory = 33554432
	client.dns.lookup = use_all_dns_ips
	client.id = Producer-topic-3efef573_438f_4f2a_9ef2_821188008a13
	compression.gzip.level = -1
	compression.lz4.level = 9
	compression.type = none
	compression.zstd.level = 3
	connections.max.idle.ms = 10000
	delivery.timeout.ms = 120000
	enable.idempotence = true
	enable.metrics.push = true
	interceptor.classes = []
	key.serializer = class org.apache.kafka.common.serialization.StringSerializer
	linger.ms = 0
	max.block.ms = 60000
	max.in.flight.requests.per.connection = 5
	max.request.size = 1048576
	metadata.max.age.ms = 300000
	metadata.max.idle.ms = 300000
	metadata.recovery.strategy = none
	metric.reporters = []
	metrics.num.samples = 2
	metrics.recording.level = INFO
	metrics.sample.window.ms = 30000
	partitioner.adaptive.partitioning.enable = true
	partitioner.availability.timeout.ms = 0
	partitioner.class = null
	partitioner.ignore.keys = false
	receive.buffer.bytes = 32768
	reconnect.backoff.max.ms = 1000
	reconnect.backoff.ms = 50
	request.timeout.ms = 5000
	retries = 2147483647
	retry.backoff.max.ms = 1000
	retry.backoff.ms = 100
	sasl.client.callback.handler.class = null
	sasl.jaas.config = null
	sasl.kerberos.kinit.cmd = /usr/bin/kinit
	sasl.kerberos.min.time.before.relogin = 60000
	sasl.kerberos.service.name = null
	sasl.kerberos.ticket.renew.jitter = 0.05
	sasl.kerberos.ticket.renew.window.factor = 0.8
	sasl.login.callback.handler.class = null
	sasl.login.class = null
	sasl.login.connect.timeout.ms = null
	sasl.login.read.timeout.ms = null
	sasl.login.refresh.buffer.seconds = 300
	sasl.login.refresh.min.period.seconds = 60
	sasl.login.refresh.window.factor = 0.8
	sasl.login.refresh.window.jitter = 0.05
	sasl.login.retry.backoff.max.ms = 10000
	sasl.login.retry.backoff.ms = 100
	sasl.mechanism = GSSAPI
	sasl.oauthbearer.clock.skew.seconds = 30
	sasl.oauthbearer.expected.audience = null
	sasl.oauthbearer.expected.issuer = null
	sasl.oauthbearer.header.urlencode = false
	sasl.oauthbearer.jwks.endpoint.refresh.ms = 3600000
	sasl.oauthbearer.jwks.endpoint.retry.backoff.max.ms = 10000
	sasl.oauthbearer.jwks.endpoint.retry.backoff.ms = 100
	sasl.oauthbearer.jwks.endpoint.url = null
	sasl.oauthbearer.scope.claim.name = scope
	sasl.oauthbearer.sub.claim.name = sub
	sasl.oauthbearer.token.endpoint.url = null
	security.protocol = PLAINTEXT
	security.providers = null
	send.buffer.bytes = 131072
	socket.connection.setup.timeout.max.ms = 30000
	socket.connection.setup.timeout.ms = 10000
	ssl.cipher.suites = null
	ssl.enabled.protocols = [TLSv1.2, TLSv1.3]
	ssl.endpoint.identification.algorithm = https
	ssl.engine.factory.class = null
	ssl.key.password = null
	ssl.keymanager.algorithm = SunX509
	ssl.keystore.certificate.chain = null
	ssl.keystore.key = null
	ssl.keystore.location = null
	ssl.keystore.password = null
	ssl.keystore.type = JKS
	ssl.protocol = TLSv1.3
	ssl.provider = null
	ssl.secure.random.implementation = null
	ssl.trustmanager.algorithm = PKIX
	ssl.truststore.certificates = null
	ssl.truststore.location = null
	ssl.truststore.password = null
	ssl.truststore.type = JKS
	transaction.timeout.ms = 60000
	transactional.id = null
	value.serializer = class io.apicurio.registry.serde.avro.AvroKafkaSerializer

2025-08-07 20:33:10,376 INFO  [org.apa.kaf.com.tel.int.KafkaMetricsCollector] (main) initializing Kafka metrics collector
2025-08-07 20:33:10,393 INFO  [org.apa.kaf.cli.pro.KafkaProducer] (main) [Producer clientId=Producer-topic-3efef573_438f_4f2a_9ef2_821188008a13] Instantiated an idempotent producer.
2025-08-07 20:33:10,399 INFO  [org.apa.kaf.cli.pro.ProducerConfig] (main) These configurations '[apicurio.registry.url, apicurio.registry.auto-register, apicurio.registry.artifact-resolver-strategy]' were supplied but are not used yet.
2025-08-07 20:33:10,399 INFO  [org.apa.kaf.com.uti.AppInfoParser] (main) Kafka version: 3.9.1
2025-08-07 20:33:10,399 INFO  [org.apa.kaf.com.uti.AppInfoParser] (main) Kafka commitId: f745dfdcee2b9851
2025-08-07 20:33:10,399 INFO  [org.apa.kaf.com.uti.AppInfoParser] (main) Kafka startTimeMs: 1754598790399
2025-08-07 20:33:10,399 INFO  [io.api.tes.ser.api.SimpleSerdesTesterBuilder$SimpleSerdesTester] (main) Using producer configuration: {apicurio.registry.url=http://registry-app-ksql047.apps.ci419.apicurio-testing.org:80/apis/registry/v3, apicurio.registry.auto-register=true, apicurio.registry.artifact-resolver-strategy=io.apicurio.registry.serde.strategy.TopicIdStrategy, value.serializer=io.apicurio.registry.serde.avro.AvroKafkaSerializer, request.timeout.ms=5000, acks=all, bootstrap.servers=PLAINTEXT://localhost:32769, connections.max.idle.ms=10000, key.serializer=org.apache.kafka.common.serialization.StringSerializer, client.id=Producer-topic-3efef573_438f_4f2a_9ef2_821188008a13}
2025-08-07 20:33:10,399 INFO  [io.api.tes.ser.api.SimpleSerdesTesterBuilder$SimpleSerdesTester] (main) Using consumer configuration: {}
2025-08-07 20:33:10,400 INFO  [io.api.tes.ser.api.KafkaSerdesTester] (Thread-651) Sending message {"id": "record-0"} to topic topic-3efef573_438f_4f2a_9ef2_821188008a13
2025-08-07 20:33:10,403 WARN  [org.apa.kaf.cli.NetworkClient] (kafka-producer-network-thread | Producer-topic-3efef573_438f_4f2a_9ef2_821188008a13) [Producer clientId=Producer-topic-3efef573_438f_4f2a_9ef2_821188008a13] The metadata response from the cluster reported a recoverable issue with correlation id 1 : {topic-3efef573_438f_4f2a_9ef2_821188008a13=UNKNOWN_TOPIC_OR_PARTITION}
2025-08-07 20:33:10,403 INFO  [org.apa.kaf.cli.Metadata] (kafka-producer-network-thread | Producer-topic-3efef573_438f_4f2a_9ef2_821188008a13) [Producer clientId=Producer-topic-3efef573_438f_4f2a_9ef2_821188008a13] Cluster ID: pU55guAKRSeYHTOWTlfVzQ
2025-08-07 20:33:10,412 INFO  [org.apa.kaf.cli.pro.int.TransactionManager] (kafka-producer-network-thread | Producer-topic-3efef573_438f_4f2a_9ef2_821188008a13) [Producer clientId=Producer-topic-3efef573_438f_4f2a_9ef2_821188008a13] ProducerId set to 10 with epoch 0
2025-08-07 20:33:10,588 INFO  [io.api.tes.ser.api.KafkaSerdesTester] (Thread-651) Sending message {"value": 1} to topic topic-3efef573_438f_4f2a_9ef2_821188008a13
2025-08-07 20:33:10,659 INFO  [io.api.tes.ser.api.KafkaSerdesTester] (Thread-651) Sending message {"active": true} to topic topic-3efef573_438f_4f2a_9ef2_821188008a13
2025-08-07 20:33:10,725 INFO  [io.api.tes.ser.api.KafkaSerdesTester] (Thread-651) Sending message {"id": "record-3"} to topic topic-3efef573_438f_4f2a_9ef2_821188008a13
2025-08-07 20:33:10,727 INFO  [io.api.tes.ser.api.KafkaSerdesTester] (Thread-651) Sending message {"value": 4} to topic topic-3efef573_438f_4f2a_9ef2_821188008a13
2025-08-07 20:33:10,730 INFO  [io.api.tes.ser.api.KafkaSerdesTester] (Thread-651) Sending message {"active": false} to topic topic-3efef573_438f_4f2a_9ef2_821188008a13
2025-08-07 20:33:10,732 INFO  [io.api.tes.ser.api.KafkaSerdesTester] (Thread-651) Sending message {"id": "record-6"} to topic topic-3efef573_438f_4f2a_9ef2_821188008a13
2025-08-07 20:33:10,734 INFO  [io.api.tes.ser.api.KafkaSerdesTester] (Thread-651) Sending message {"value": 7} to topic topic-3efef573_438f_4f2a_9ef2_821188008a13
2025-08-07 20:33:10,736 INFO  [io.api.tes.ser.api.KafkaSerdesTester] (Thread-651) Sending message {"active": true} to topic topic-3efef573_438f_4f2a_9ef2_821188008a13
2025-08-07 20:33:10,738 INFO  [io.api.tes.ser.api.KafkaSerdesTester] (Thread-651) Sending message {"id": "record-9"} to topic topic-3efef573_438f_4f2a_9ef2_821188008a13
2025-08-07 20:33:10,740 INFO  [io.api.tes.ser.api.KafkaSerdesTester] (Thread-651) Produced 10 messages
2025-08-07 20:33:10,740 INFO  [org.apa.kaf.cli.pro.KafkaProducer] (Thread-651) [Producer clientId=Producer-topic-3efef573_438f_4f2a_9ef2_821188008a13] Closing the Kafka producer with timeoutMillis = 9223372036854775807 ms.
2025-08-07 20:33:10,743 INFO  [org.apa.kaf.com.met.Metrics] (Thread-651) Metrics scheduler closed
2025-08-07 20:33:10,743 INFO  [org.apa.kaf.com.met.Metrics] (Thread-651) Closing reporter org.apache.kafka.common.metrics.JmxReporter
2025-08-07 20:33:10,743 INFO  [org.apa.kaf.com.met.Metrics] (Thread-651) Closing reporter org.apache.kafka.common.telemetry.internals.ClientTelemetryReporter
2025-08-07 20:33:10,743 INFO  [org.apa.kaf.com.met.Metrics] (Thread-651) Metrics reporters closed
2025-08-07 20:33:10,743 INFO  [org.apa.kaf.com.uti.AppInfoParser] (Thread-651) App info kafka.producer for Producer-topic-3efef573_438f_4f2a_9ef2_821188008a13 unregistered
2025-08-07 20:33:10,758 INFO  [io.api.tes.ser.api.AvroSerdeIT] (main) Artifact topic-3efef573_438f_4f2a_9ef2_821188008a13-value found in registry with globalId 25
**** Registry Base URL: http://registry-app-ksql047.apps.ci419.apicurio-testing.org:80
2025-08-07 20:33:10,758 INFO  [org.apa.kaf.cli.con.ConsumerConfig] (main) ConsumerConfig values: 
	allow.auto.create.topics = true
	auto.commit.interval.ms = 500
	auto.include.jmx.reporter = true
	auto.offset.reset = earliest
	bootstrap.servers = [PLAINTEXT://localhost:32769]
	check.crcs = true
	client.dns.lookup = use_all_dns_ips
	client.id = consumer-Consumer-topic-3efef573_438f_4f2a_9ef2_821188008a13-8
	client.rack = 
	connections.max.idle.ms = 10000
	default.api.timeout.ms = 60000
	enable.auto.commit = true
	enable.metrics.push = true
	exclude.internal.topics = true
	fetch.max.bytes = 52428800
	fetch.max.wait.ms = 500
	fetch.min.bytes = 1
	group.id = Consumer-topic-3efef573_438f_4f2a_9ef2_821188008a13
	group.instance.id = null
	group.protocol = classic
	group.remote.assignor = null
	heartbeat.interval.ms = 3000
	interceptor.classes = []
	internal.leave.group.on.close = true
	internal.throw.on.fetch.stable.offset.unsupported = false
	isolation.level = read_uncommitted
	key.deserializer = class org.apache.kafka.common.serialization.StringDeserializer
	max.partition.fetch.bytes = 1048576
	max.poll.interval.ms = 300000
	max.poll.records = 500
	metadata.max.age.ms = 300000
	metadata.recovery.strategy = none
	metric.reporters = []
	metrics.num.samples = 2
	metrics.recording.level = INFO
	metrics.sample.window.ms = 30000
	partition.assignment.strategy = [class org.apache.kafka.clients.consumer.RangeAssignor, class org.apache.kafka.clients.consumer.CooperativeStickyAssignor]
	receive.buffer.bytes = 65536
	reconnect.backoff.max.ms = 1000
	reconnect.backoff.ms = 50
	request.timeout.ms = 5000
	retry.backoff.max.ms = 1000
	retry.backoff.ms = 100
	sasl.client.callback.handler.class = null
	sasl.jaas.config = null
	sasl.kerberos.kinit.cmd = /usr/bin/kinit
	sasl.kerberos.min.time.before.relogin = 60000
	sasl.kerberos.service.name = null
	sasl.kerberos.ticket.renew.jitter = 0.05
	sasl.kerberos.ticket.renew.window.factor = 0.8
	sasl.login.callback.handler.class = null
	sasl.login.class = null
	sasl.login.connect.timeout.ms = null
	sasl.login.read.timeout.ms = null
	sasl.login.refresh.buffer.seconds = 300
	sasl.login.refresh.min.period.seconds = 60
	sasl.login.refresh.window.factor = 0.8
	sasl.login.refresh.window.jitter = 0.05
	sasl.login.retry.backoff.max.ms = 10000
	sasl.login.retry.backoff.ms = 100
	sasl.mechanism = GSSAPI
	sasl.oauthbearer.clock.skew.seconds = 30
	sasl.oauthbearer.expected.audience = null
	sasl.oauthbearer.expected.issuer = null
	sasl.oauthbearer.header.urlencode = false
	sasl.oauthbearer.jwks.endpoint.refresh.ms = 3600000
	sasl.oauthbearer.jwks.endpoint.retry.backoff.max.ms = 10000
	sasl.oauthbearer.jwks.endpoint.retry.backoff.ms = 100
	sasl.oauthbearer.jwks.endpoint.url = null
	sasl.oauthbearer.scope.claim.name = scope
	sasl.oauthbearer.sub.claim.name = sub
	sasl.oauthbearer.token.endpoint.url = null
	security.protocol = PLAINTEXT
	security.providers = null
	send.buffer.bytes = 131072
	session.timeout.ms = 45000
	socket.connection.setup.timeout.max.ms = 30000
	socket.connection.setup.timeout.ms = 10000
	ssl.cipher.suites = null
	ssl.enabled.protocols = [TLSv1.2, TLSv1.3]
	ssl.endpoint.identification.algorithm = https
	ssl.engine.factory.class = null
	ssl.key.password = null
	ssl.keymanager.algorithm = SunX509
	ssl.keystore.certificate.chain = null
	ssl.keystore.key = null
	ssl.keystore.location = null
	ssl.keystore.password = null
	ssl.keystore.type = JKS
	ssl.protocol = TLSv1.3
	ssl.provider = null
	ssl.secure.random.implementation = null
	ssl.trustmanager.algorithm = PKIX
	ssl.truststore.certificates = null
	ssl.truststore.location = null
	ssl.truststore.password = null
	ssl.truststore.type = JKS
	value.deserializer = class io.apicurio.registry.serde.avro.AvroKafkaDeserializer

2025-08-07 20:33:10,759 INFO  [org.apa.kaf.com.tel.int.KafkaMetricsCollector] (main) initializing Kafka metrics collector
2025-08-07 20:33:10,764 INFO  [org.apa.kaf.cli.con.ConsumerConfig] (main) These configurations '[apicurio.registry.url]' were supplied but are not used yet.
2025-08-07 20:33:10,764 INFO  [org.apa.kaf.com.uti.AppInfoParser] (main) Kafka version: 3.9.1
2025-08-07 20:33:10,765 INFO  [org.apa.kaf.com.uti.AppInfoParser] (main) Kafka commitId: f745dfdcee2b9851
2025-08-07 20:33:10,765 INFO  [org.apa.kaf.com.uti.AppInfoParser] (main) Kafka startTimeMs: 1754598790764
2025-08-07 20:33:10,765 INFO  [org.apa.kaf.cli.con.int.ClassicKafkaConsumer] (Thread-654) [Consumer clientId=consumer-Consumer-topic-3efef573_438f_4f2a_9ef2_821188008a13-8, groupId=Consumer-topic-3efef573_438f_4f2a_9ef2_821188008a13] Subscribed to topic(s): topic-3efef573_438f_4f2a_9ef2_821188008a13
2025-08-07 20:33:10,773 INFO  [org.apa.kaf.cli.Metadata] (Thread-654) [Consumer clientId=consumer-Consumer-topic-3efef573_438f_4f2a_9ef2_821188008a13-8, groupId=Consumer-topic-3efef573_438f_4f2a_9ef2_821188008a13] Cluster ID: pU55guAKRSeYHTOWTlfVzQ
2025-08-07 20:33:10,773 INFO  [org.apa.kaf.cli.con.int.ConsumerCoordinator] (Thread-654) [Consumer clientId=consumer-Consumer-topic-3efef573_438f_4f2a_9ef2_821188008a13-8, groupId=Consumer-topic-3efef573_438f_4f2a_9ef2_821188008a13] Discovered group coordinator localhost:32769 (id: 2147483647 rack: null)
2025-08-07 20:33:10,776 INFO  [org.apa.kaf.cli.con.int.ConsumerCoordinator] (Thread-654) [Consumer clientId=consumer-Consumer-topic-3efef573_438f_4f2a_9ef2_821188008a13-8, groupId=Consumer-topic-3efef573_438f_4f2a_9ef2_821188008a13] (Re-)joining group
2025-08-07 20:33:10,782 INFO  [org.apa.kaf.cli.con.int.ConsumerCoordinator] (Thread-654) [Consumer clientId=consumer-Consumer-topic-3efef573_438f_4f2a_9ef2_821188008a13-8, groupId=Consumer-topic-3efef573_438f_4f2a_9ef2_821188008a13] Request joining group due to: need to re-join with the given member-id: consumer-Consumer-topic-3efef573_438f_4f2a_9ef2_821188008a13-8-bf0c8c6c-ff5e-4d66-892d-c9f36e66475d
2025-08-07 20:33:10,782 INFO  [org.apa.kaf.cli.con.int.ConsumerCoordinator] (Thread-654) [Consumer clientId=consumer-Consumer-topic-3efef573_438f_4f2a_9ef2_821188008a13-8, groupId=Consumer-topic-3efef573_438f_4f2a_9ef2_821188008a13] (Re-)joining group
2025-08-07 20:33:11,765 INFO  [io.api.tes.ser.api.KafkaSerdesTester] (Thread-654) None found
2025-08-07 20:33:12,766 INFO  [io.api.tes.ser.api.KafkaSerdesTester] (Thread-654) None found
2025-08-07 20:33:13,766 INFO  [io.api.tes.ser.api.KafkaSerdesTester] (Thread-654) None found
2025-08-07 20:33:13,784 INFO  [org.apa.kaf.cli.con.int.ConsumerCoordinator] (Thread-654) [Consumer clientId=consumer-Consumer-topic-3efef573_438f_4f2a_9ef2_821188008a13-8, groupId=Consumer-topic-3efef573_438f_4f2a_9ef2_821188008a13] Successfully joined group with generation Generation{generationId=1, memberId='consumer-Consumer-topic-3efef573_438f_4f2a_9ef2_821188008a13-8-bf0c8c6c-ff5e-4d66-892d-c9f36e66475d', protocol='range'}
2025-08-07 20:33:13,784 INFO  [org.apa.kaf.cli.con.int.ConsumerCoordinator] (Thread-654) [Consumer clientId=consumer-Consumer-topic-3efef573_438f_4f2a_9ef2_821188008a13-8, groupId=Consumer-topic-3efef573_438f_4f2a_9ef2_821188008a13] Finished assignment for group at generation 1: {consumer-Consumer-topic-3efef573_438f_4f2a_9ef2_821188008a13-8-bf0c8c6c-ff5e-4d66-892d-c9f36e66475d=Assignment(partitions=[topic-3efef573_438f_4f2a_9ef2_821188008a13-0])}
2025-08-07 20:33:13,792 INFO  [org.apa.kaf.cli.con.int.ConsumerCoordinator] (Thread-654) [Consumer clientId=consumer-Consumer-topic-3efef573_438f_4f2a_9ef2_821188008a13-8, groupId=Consumer-topic-3efef573_438f_4f2a_9ef2_821188008a13] Successfully synced group in generation Generation{generationId=1, memberId='consumer-Consumer-topic-3efef573_438f_4f2a_9ef2_821188008a13-8-bf0c8c6c-ff5e-4d66-892d-c9f36e66475d', protocol='range'}
2025-08-07 20:33:13,792 INFO  [org.apa.kaf.cli.con.int.ConsumerCoordinator] (Thread-654) [Consumer clientId=consumer-Consumer-topic-3efef573_438f_4f2a_9ef2_821188008a13-8, groupId=Consumer-topic-3efef573_438f_4f2a_9ef2_821188008a13] Notifying assignor about the new Assignment(partitions=[topic-3efef573_438f_4f2a_9ef2_821188008a13-0])
2025-08-07 20:33:13,792 INFO  [org.apa.kaf.cli.con.int.ConsumerRebalanceListenerInvoker] (Thread-654) [Consumer clientId=consumer-Consumer-topic-3efef573_438f_4f2a_9ef2_821188008a13-8, groupId=Consumer-topic-3efef573_438f_4f2a_9ef2_821188008a13] Adding newly assigned partitions: topic-3efef573_438f_4f2a_9ef2_821188008a13-0
2025-08-07 20:33:13,793 INFO  [org.apa.kaf.cli.con.int.ConsumerCoordinator] (Thread-654) [Consumer clientId=consumer-Consumer-topic-3efef573_438f_4f2a_9ef2_821188008a13-8, groupId=Consumer-topic-3efef573_438f_4f2a_9ef2_821188008a13] Found no committed offset for partition topic-3efef573_438f_4f2a_9ef2_821188008a13-0
2025-08-07 20:33:13,798 INFO  [org.apa.kaf.cli.con.int.SubscriptionState] (Thread-654) [Consumer clientId=consumer-Consumer-topic-3efef573_438f_4f2a_9ef2_821188008a13-8, groupId=Consumer-topic-3efef573_438f_4f2a_9ef2_821188008a13] Resetting offset for partition topic-3efef573_438f_4f2a_9ef2_821188008a13-0 to position FetchPosition{offset=0, offsetEpoch=Optional.empty, currentLeader=LeaderAndEpoch{leader=Optional[localhost:32769 (id: 0 rack: null)], epoch=0}}.
2025-08-07 20:33:13,879 INFO  [io.api.tes.ser.api.KafkaSerdesTester] (Thread-654) topic-3efef573_438f_4f2a_9ef2_821188008a13 0 0 {"id": "record-0"}
2025-08-07 20:33:13,879 INFO  [io.api.tes.ser.api.KafkaSerdesTester] (Thread-654) topic-3efef573_438f_4f2a_9ef2_821188008a13 0 1 {"value": 1}
2025-08-07 20:33:13,879 INFO  [io.api.tes.ser.api.KafkaSerdesTester] (Thread-654) topic-3efef573_438f_4f2a_9ef2_821188008a13 0 2 {"active": true}
2025-08-07 20:33:13,879 INFO  [io.api.tes.ser.api.KafkaSerdesTester] (Thread-654) topic-3efef573_438f_4f2a_9ef2_821188008a13 0 3 {"id": "record-3"}
2025-08-07 20:33:13,879 INFO  [io.api.tes.ser.api.KafkaSerdesTester] (Thread-654) topic-3efef573_438f_4f2a_9ef2_821188008a13 0 4 {"value": 4}
2025-08-07 20:33:13,879 INFO  [io.api.tes.ser.api.KafkaSerdesTester] (Thread-654) topic-3efef573_438f_4f2a_9ef2_821188008a13 0 5 {"active": false}
2025-08-07 20:33:13,879 INFO  [io.api.tes.ser.api.KafkaSerdesTester] (Thread-654) topic-3efef573_438f_4f2a_9ef2_821188008a13 0 6 {"id": "record-6"}
2025-08-07 20:33:13,880 INFO  [io.api.tes.ser.api.KafkaSerdesTester] (Thread-654) topic-3efef573_438f_4f2a_9ef2_821188008a13 0 7 {"value": 7}
2025-08-07 20:33:13,880 INFO  [io.api.tes.ser.api.KafkaSerdesTester] (Thread-654) topic-3efef573_438f_4f2a_9ef2_821188008a13 0 8 {"active": true}
2025-08-07 20:33:13,880 INFO  [io.api.tes.ser.api.KafkaSerdesTester] (Thread-654) topic-3efef573_438f_4f2a_9ef2_821188008a13 0 9 {"id": "record-9"}
2025-08-07 20:33:13,880 INFO  [io.api.tes.ser.api.KafkaSerdesTester] (Thread-654) Consumed 10 messages
2025-08-07 20:33:13,890 INFO  [org.apa.kaf.cli.con.int.ConsumerRebalanceListenerInvoker] (Thread-654) [Consumer clientId=consumer-Consumer-topic-3efef573_438f_4f2a_9ef2_821188008a13-8, groupId=Consumer-topic-3efef573_438f_4f2a_9ef2_821188008a13] Revoke previously assigned partitions topic-3efef573_438f_4f2a_9ef2_821188008a13-0
2025-08-07 20:33:13,890 INFO  [org.apa.kaf.cli.con.int.ConsumerCoordinator] (Thread-654) [Consumer clientId=consumer-Consumer-topic-3efef573_438f_4f2a_9ef2_821188008a13-8, groupId=Consumer-topic-3efef573_438f_4f2a_9ef2_821188008a13] Member consumer-Consumer-topic-3efef573_438f_4f2a_9ef2_821188008a13-8-bf0c8c6c-ff5e-4d66-892d-c9f36e66475d sending LeaveGroup request to coordinator localhost:32769 (id: 2147483647 rack: null) due to the consumer is being closed
2025-08-07 20:33:13,891 INFO  [org.apa.kaf.cli.con.int.ConsumerCoordinator] (Thread-654) [Consumer clientId=consumer-Consumer-topic-3efef573_438f_4f2a_9ef2_821188008a13-8, groupId=Consumer-topic-3efef573_438f_4f2a_9ef2_821188008a13] Resetting generation and member id due to: consumer pro-actively leaving the group
2025-08-07 20:33:13,891 INFO  [org.apa.kaf.cli.con.int.ConsumerCoordinator] (Thread-654) [Consumer clientId=consumer-Consumer-topic-3efef573_438f_4f2a_9ef2_821188008a13-8, groupId=Consumer-topic-3efef573_438f_4f2a_9ef2_821188008a13] Request joining group due to: consumer pro-actively leaving the group
2025-08-07 20:33:14,382 INFO  [org.apa.kaf.com.met.Metrics] (Thread-654) Metrics scheduler closed
2025-08-07 20:33:14,382 INFO  [org.apa.kaf.com.met.Metrics] (Thread-654) Closing reporter org.apache.kafka.common.metrics.JmxReporter
2025-08-07 20:33:14,382 INFO  [org.apa.kaf.com.met.Metrics] (Thread-654) Closing reporter org.apache.kafka.common.telemetry.internals.ClientTelemetryReporter
2025-08-07 20:33:14,382 INFO  [org.apa.kaf.com.met.Metrics] (Thread-654) Metrics reporters closed
2025-08-07 20:33:14,385 INFO  [org.apa.kaf.com.uti.AppInfoParser] (Thread-654) App info kafka.consumer for consumer-Consumer-topic-3efef573_438f_4f2a_9ef2_821188008a13-8 unregistered
2025-08-07 20:33:14,385 INFO  [io.api.tes.uti.TestSeparator] (main) io.apicurio.tests.serdes.apicurio.AvroSerdeIT.testAvroUnionWithSpecificReader-FINISHED
2025-08-07 20:33:14,385 INFO  [io.api.tes.uti.TestSeparator] (main) ############################################################################
Test passed: testAvroUnionWithSpecificReader
]]></system-out>
  </testcase>
  <testcase name="testEvolveAvroApicurioReusingClient" classname="io.apicurio.tests.serdes.apicurio.AvroSerdeIT" time="7.165">
    <system-out><![CDATA[2025-08-07 20:33:14,389 INFO  [io.api.tes.uti.TestSeparator] (main) ############################################################################
2025-08-07 20:33:14,389 INFO  [io.api.tes.uti.TestSeparator] (main) io.apicurio.tests.serdes.apicurio.AvroSerdeIT.testEvolveAvroApicurioReusingClient-STARTED
2025-08-07 20:33:14,392 INFO  [io.api.tes.ser.api.AvroSerdeIT] (main) Registering Avro Schema: {"type":"record","name":"sa979a949x1695x47f8xbce6xc343b79597b1","namespace":"ns_91fd333b_0d4b_4b76_b060_f2b06176c5bc","fields":[{"name":"key11754598794390","type":"string"}]}
**** Registry Base URL: http://registry-app-ksql047.apps.ci419.apicurio-testing.org:80
2025-08-07 20:33:15,464 INFO  [org.apa.kaf.cli.pro.ProducerConfig] (main) ProducerConfig values: 
	acks = -1
	auto.include.jmx.reporter = true
	batch.size = 16384
	bootstrap.servers = [PLAINTEXT://localhost:32769]
	buffer.memory = 33554432
	client.dns.lookup = use_all_dns_ips
	client.id = Producer-topic-856838d6_916b_49ce_a4a9_c6645a011dac
	compression.gzip.level = -1
	compression.lz4.level = 9
	compression.type = none
	compression.zstd.level = 3
	connections.max.idle.ms = 10000
	delivery.timeout.ms = 120000
	enable.idempotence = true
	enable.metrics.push = true
	interceptor.classes = []
	key.serializer = class org.apache.kafka.common.serialization.StringSerializer
	linger.ms = 0
	max.block.ms = 60000
	max.in.flight.requests.per.connection = 5
	max.request.size = 1048576
	metadata.max.age.ms = 300000
	metadata.max.idle.ms = 300000
	metadata.recovery.strategy = none
	metric.reporters = []
	metrics.num.samples = 2
	metrics.recording.level = INFO
	metrics.sample.window.ms = 30000
	partitioner.adaptive.partitioning.enable = true
	partitioner.availability.timeout.ms = 0
	partitioner.class = null
	partitioner.ignore.keys = false
	receive.buffer.bytes = 32768
	reconnect.backoff.max.ms = 1000
	reconnect.backoff.ms = 50
	request.timeout.ms = 5000
	retries = 2147483647
	retry.backoff.max.ms = 1000
	retry.backoff.ms = 100
	sasl.client.callback.handler.class = null
	sasl.jaas.config = null
	sasl.kerberos.kinit.cmd = /usr/bin/kinit
	sasl.kerberos.min.time.before.relogin = 60000
	sasl.kerberos.service.name = null
	sasl.kerberos.ticket.renew.jitter = 0.05
	sasl.kerberos.ticket.renew.window.factor = 0.8
	sasl.login.callback.handler.class = null
	sasl.login.class = null
	sasl.login.connect.timeout.ms = null
	sasl.login.read.timeout.ms = null
	sasl.login.refresh.buffer.seconds = 300
	sasl.login.refresh.min.period.seconds = 60
	sasl.login.refresh.window.factor = 0.8
	sasl.login.refresh.window.jitter = 0.05
	sasl.login.retry.backoff.max.ms = 10000
	sasl.login.retry.backoff.ms = 100
	sasl.mechanism = GSSAPI
	sasl.oauthbearer.clock.skew.seconds = 30
	sasl.oauthbearer.expected.audience = null
	sasl.oauthbearer.expected.issuer = null
	sasl.oauthbearer.header.urlencode = false
	sasl.oauthbearer.jwks.endpoint.refresh.ms = 3600000
	sasl.oauthbearer.jwks.endpoint.retry.backoff.max.ms = 10000
	sasl.oauthbearer.jwks.endpoint.retry.backoff.ms = 100
	sasl.oauthbearer.jwks.endpoint.url = null
	sasl.oauthbearer.scope.claim.name = scope
	sasl.oauthbearer.sub.claim.name = sub
	sasl.oauthbearer.token.endpoint.url = null
	security.protocol = PLAINTEXT
	security.providers = null
	send.buffer.bytes = 131072
	socket.connection.setup.timeout.max.ms = 30000
	socket.connection.setup.timeout.ms = 10000
	ssl.cipher.suites = null
	ssl.enabled.protocols = [TLSv1.2, TLSv1.3]
	ssl.endpoint.identification.algorithm = https
	ssl.engine.factory.class = null
	ssl.key.password = null
	ssl.keymanager.algorithm = SunX509
	ssl.keystore.certificate.chain = null
	ssl.keystore.key = null
	ssl.keystore.location = null
	ssl.keystore.password = null
	ssl.keystore.type = JKS
	ssl.protocol = TLSv1.3
	ssl.provider = null
	ssl.secure.random.implementation = null
	ssl.trustmanager.algorithm = PKIX
	ssl.truststore.certificates = null
	ssl.truststore.location = null
	ssl.truststore.password = null
	ssl.truststore.type = JKS
	transaction.timeout.ms = 60000
	transactional.id = null
	value.serializer = class io.apicurio.registry.serde.avro.AvroKafkaSerializer

2025-08-07 20:33:15,465 INFO  [org.apa.kaf.com.tel.int.KafkaMetricsCollector] (main) initializing Kafka metrics collector
2025-08-07 20:33:15,468 INFO  [org.apa.kaf.cli.pro.KafkaProducer] (main) [Producer clientId=Producer-topic-856838d6_916b_49ce_a4a9_c6645a011dac] Instantiated an idempotent producer.
2025-08-07 20:33:15,470 INFO  [org.apa.kaf.cli.pro.ProducerConfig] (main) These configurations '[apicurio.registry.url, apicurio.registry.artifact-resolver-strategy]' were supplied but are not used yet.
2025-08-07 20:33:15,470 INFO  [org.apa.kaf.com.uti.AppInfoParser] (main) Kafka version: 3.9.1
2025-08-07 20:33:15,470 INFO  [org.apa.kaf.com.uti.AppInfoParser] (main) Kafka commitId: f745dfdcee2b9851
2025-08-07 20:33:15,470 INFO  [org.apa.kaf.com.uti.AppInfoParser] (main) Kafka startTimeMs: 1754598795470
**** Registry Base URL: http://registry-app-ksql047.apps.ci419.apicurio-testing.org:80
2025-08-07 20:33:15,470 INFO  [org.apa.kaf.cli.con.ConsumerConfig] (main) ConsumerConfig values: 
	allow.auto.create.topics = true
	auto.commit.interval.ms = 500
	auto.include.jmx.reporter = true
	auto.offset.reset = earliest
	bootstrap.servers = [PLAINTEXT://localhost:32769]
	check.crcs = true
	client.dns.lookup = use_all_dns_ips
	client.id = consumer-Consumer-topic-856838d6_916b_49ce_a4a9_c6645a011dac-9
	client.rack = 
	connections.max.idle.ms = 10000
	default.api.timeout.ms = 60000
	enable.auto.commit = true
	enable.metrics.push = true
	exclude.internal.topics = true
	fetch.max.bytes = 52428800
	fetch.max.wait.ms = 500
	fetch.min.bytes = 1
	group.id = Consumer-topic-856838d6_916b_49ce_a4a9_c6645a011dac
	group.instance.id = null
	group.protocol = classic
	group.remote.assignor = null
	heartbeat.interval.ms = 3000
	interceptor.classes = []
	internal.leave.group.on.close = true
	internal.throw.on.fetch.stable.offset.unsupported = false
	isolation.level = read_uncommitted
	key.deserializer = class org.apache.kafka.common.serialization.StringDeserializer
	max.partition.fetch.bytes = 1048576
	max.poll.interval.ms = 300000
	max.poll.records = 500
	metadata.max.age.ms = 300000
	metadata.recovery.strategy = none
	metric.reporters = []
	metrics.num.samples = 2
	metrics.recording.level = INFO
	metrics.sample.window.ms = 30000
	partition.assignment.strategy = [class org.apache.kafka.clients.consumer.RangeAssignor, class org.apache.kafka.clients.consumer.CooperativeStickyAssignor]
	receive.buffer.bytes = 65536
	reconnect.backoff.max.ms = 1000
	reconnect.backoff.ms = 50
	request.timeout.ms = 5000
	retry.backoff.max.ms = 1000
	retry.backoff.ms = 100
	sasl.client.callback.handler.class = null
	sasl.jaas.config = null
	sasl.kerberos.kinit.cmd = /usr/bin/kinit
	sasl.kerberos.min.time.before.relogin = 60000
	sasl.kerberos.service.name = null
	sasl.kerberos.ticket.renew.jitter = 0.05
	sasl.kerberos.ticket.renew.window.factor = 0.8
	sasl.login.callback.handler.class = null
	sasl.login.class = null
	sasl.login.connect.timeout.ms = null
	sasl.login.read.timeout.ms = null
	sasl.login.refresh.buffer.seconds = 300
	sasl.login.refresh.min.period.seconds = 60
	sasl.login.refresh.window.factor = 0.8
	sasl.login.refresh.window.jitter = 0.05
	sasl.login.retry.backoff.max.ms = 10000
	sasl.login.retry.backoff.ms = 100
	sasl.mechanism = GSSAPI
	sasl.oauthbearer.clock.skew.seconds = 30
	sasl.oauthbearer.expected.audience = null
	sasl.oauthbearer.expected.issuer = null
	sasl.oauthbearer.header.urlencode = false
	sasl.oauthbearer.jwks.endpoint.refresh.ms = 3600000
	sasl.oauthbearer.jwks.endpoint.retry.backoff.max.ms = 10000
	sasl.oauthbearer.jwks.endpoint.retry.backoff.ms = 100
	sasl.oauthbearer.jwks.endpoint.url = null
	sasl.oauthbearer.scope.claim.name = scope
	sasl.oauthbearer.sub.claim.name = sub
	sasl.oauthbearer.token.endpoint.url = null
	security.protocol = PLAINTEXT
	security.providers = null
	send.buffer.bytes = 131072
	session.timeout.ms = 45000
	socket.connection.setup.timeout.max.ms = 30000
	socket.connection.setup.timeout.ms = 10000
	ssl.cipher.suites = null
	ssl.enabled.protocols = [TLSv1.2, TLSv1.3]
	ssl.endpoint.identification.algorithm = https
	ssl.engine.factory.class = null
	ssl.key.password = null
	ssl.keymanager.algorithm = SunX509
	ssl.keystore.certificate.chain = null
	ssl.keystore.key = null
	ssl.keystore.location = null
	ssl.keystore.password = null
	ssl.keystore.type = JKS
	ssl.protocol = TLSv1.3
	ssl.provider = null
	ssl.secure.random.implementation = null
	ssl.trustmanager.algorithm = PKIX
	ssl.truststore.certificates = null
	ssl.truststore.location = null
	ssl.truststore.password = null
	ssl.truststore.type = JKS
	value.deserializer = class io.apicurio.registry.serde.avro.AvroKafkaDeserializer

2025-08-07 20:33:15,471 INFO  [org.apa.kaf.com.tel.int.KafkaMetricsCollector] (main) initializing Kafka metrics collector
2025-08-07 20:33:15,484 INFO  [org.apa.kaf.cli.con.ConsumerConfig] (main) These configurations '[apicurio.registry.url]' were supplied but are not used yet.
2025-08-07 20:33:15,484 INFO  [org.apa.kaf.com.uti.AppInfoParser] (main) Kafka version: 3.9.1
2025-08-07 20:33:15,484 INFO  [org.apa.kaf.com.uti.AppInfoParser] (main) Kafka commitId: f745dfdcee2b9851
2025-08-07 20:33:15,484 INFO  [org.apa.kaf.com.uti.AppInfoParser] (main) Kafka startTimeMs: 1754598795484
2025-08-07 20:33:15,486 INFO  [org.apa.kaf.cli.Metadata] (kafka-producer-network-thread | Producer-topic-856838d6_916b_49ce_a4a9_c6645a011dac) [Producer clientId=Producer-topic-856838d6_916b_49ce_a4a9_c6645a011dac] Cluster ID: pU55guAKRSeYHTOWTlfVzQ
2025-08-07 20:33:15,486 INFO  [org.apa.kaf.cli.pro.int.TransactionManager] (kafka-producer-network-thread | Producer-topic-856838d6_916b_49ce_a4a9_c6645a011dac) [Producer clientId=Producer-topic-856838d6_916b_49ce_a4a9_c6645a011dac] ProducerId set to 11 with epoch 0
2025-08-07 20:33:15,486 INFO  [io.api.tes.ser.api.KafkaSerdesTester] (Thread-659) Sending message {"key11754598794390": "value-0"} to topic topic-856838d6_916b_49ce_a4a9_c6645a011dac
2025-08-07 20:33:15,492 INFO  [DefaultSchemaResolver] (Thread-659) Retrieving schema content using string: {"type":"record","name":"sa979a949x1695x47f8xbce6xc343b79597b1","namespace":"ns_91fd333b_0d4b_4b76_b060_f2b06176c5bc","fields":[{"name":"key11754598794390","type":"string"}]}
2025-08-07 20:33:15,605 INFO  [io.api.tes.ser.api.KafkaSerdesTester] (Thread-659) Sending message {"key11754598794390": "value-1"} to topic topic-856838d6_916b_49ce_a4a9_c6645a011dac
2025-08-07 20:33:15,607 INFO  [io.api.tes.ser.api.KafkaSerdesTester] (Thread-659) Sending message {"key11754598794390": "value-2"} to topic topic-856838d6_916b_49ce_a4a9_c6645a011dac
2025-08-07 20:33:15,609 INFO  [io.api.tes.ser.api.KafkaSerdesTester] (Thread-659) Sending message {"key11754598794390": "value-3"} to topic topic-856838d6_916b_49ce_a4a9_c6645a011dac
2025-08-07 20:33:15,612 INFO  [io.api.tes.ser.api.KafkaSerdesTester] (Thread-659) Sending message {"key11754598794390": "value-4"} to topic topic-856838d6_916b_49ce_a4a9_c6645a011dac
2025-08-07 20:33:15,615 INFO  [io.api.tes.ser.api.KafkaSerdesTester] (Thread-659) Sending message {"key11754598794390": "value-5"} to topic topic-856838d6_916b_49ce_a4a9_c6645a011dac
2025-08-07 20:33:15,617 INFO  [io.api.tes.ser.api.KafkaSerdesTester] (Thread-659) Sending message {"key11754598794390": "value-6"} to topic topic-856838d6_916b_49ce_a4a9_c6645a011dac
2025-08-07 20:33:15,618 INFO  [io.api.tes.ser.api.KafkaSerdesTester] (Thread-659) Sending message {"key11754598794390": "value-7"} to topic topic-856838d6_916b_49ce_a4a9_c6645a011dac
2025-08-07 20:33:15,620 INFO  [io.api.tes.ser.api.KafkaSerdesTester] (Thread-659) Sending message {"key11754598794390": "value-8"} to topic topic-856838d6_916b_49ce_a4a9_c6645a011dac
2025-08-07 20:33:15,621 INFO  [io.api.tes.ser.api.KafkaSerdesTester] (Thread-659) Sending message {"key11754598794390": "value-9"} to topic topic-856838d6_916b_49ce_a4a9_c6645a011dac
2025-08-07 20:33:15,623 INFO  [io.api.tes.ser.api.KafkaSerdesTester] (Thread-659) Produced 10 messages
2025-08-07 20:33:15,623 INFO  [org.apa.kaf.cli.con.int.ClassicKafkaConsumer] (Thread-660) [Consumer clientId=consumer-Consumer-topic-856838d6_916b_49ce_a4a9_c6645a011dac-9, groupId=Consumer-topic-856838d6_916b_49ce_a4a9_c6645a011dac] Subscribed to topic(s): topic-856838d6_916b_49ce_a4a9_c6645a011dac
2025-08-07 20:33:15,627 INFO  [org.apa.kaf.cli.Metadata] (Thread-660) [Consumer clientId=consumer-Consumer-topic-856838d6_916b_49ce_a4a9_c6645a011dac-9, groupId=Consumer-topic-856838d6_916b_49ce_a4a9_c6645a011dac] Cluster ID: pU55guAKRSeYHTOWTlfVzQ
2025-08-07 20:33:15,628 INFO  [org.apa.kaf.cli.con.int.ConsumerCoordinator] (Thread-660) [Consumer clientId=consumer-Consumer-topic-856838d6_916b_49ce_a4a9_c6645a011dac-9, groupId=Consumer-topic-856838d6_916b_49ce_a4a9_c6645a011dac] Discovered group coordinator localhost:32769 (id: 2147483647 rack: null)
2025-08-07 20:33:15,629 INFO  [org.apa.kaf.cli.con.int.ConsumerCoordinator] (Thread-660) [Consumer clientId=consumer-Consumer-topic-856838d6_916b_49ce_a4a9_c6645a011dac-9, groupId=Consumer-topic-856838d6_916b_49ce_a4a9_c6645a011dac] (Re-)joining group
2025-08-07 20:33:15,631 INFO  [org.apa.kaf.cli.con.int.ConsumerCoordinator] (Thread-660) [Consumer clientId=consumer-Consumer-topic-856838d6_916b_49ce_a4a9_c6645a011dac-9, groupId=Consumer-topic-856838d6_916b_49ce_a4a9_c6645a011dac] Request joining group due to: need to re-join with the given member-id: consumer-Consumer-topic-856838d6_916b_49ce_a4a9_c6645a011dac-9-111c555b-6acc-4807-a987-b57ec7fa1a94
2025-08-07 20:33:15,631 INFO  [org.apa.kaf.cli.con.int.ConsumerCoordinator] (Thread-660) [Consumer clientId=consumer-Consumer-topic-856838d6_916b_49ce_a4a9_c6645a011dac-9, groupId=Consumer-topic-856838d6_916b_49ce_a4a9_c6645a011dac] (Re-)joining group
2025-08-07 20:33:16,623 INFO  [io.api.tes.ser.api.KafkaSerdesTester] (Thread-660) None found
2025-08-07 20:33:17,623 INFO  [io.api.tes.ser.api.KafkaSerdesTester] (Thread-660) None found
2025-08-07 20:33:18,625 INFO  [io.api.tes.ser.api.KafkaSerdesTester] (Thread-660) None found
2025-08-07 20:33:18,633 INFO  [org.apa.kaf.cli.con.int.ConsumerCoordinator] (Thread-660) [Consumer clientId=consumer-Consumer-topic-856838d6_916b_49ce_a4a9_c6645a011dac-9, groupId=Consumer-topic-856838d6_916b_49ce_a4a9_c6645a011dac] Successfully joined group with generation Generation{generationId=1, memberId='consumer-Consumer-topic-856838d6_916b_49ce_a4a9_c6645a011dac-9-111c555b-6acc-4807-a987-b57ec7fa1a94', protocol='range'}
2025-08-07 20:33:18,634 INFO  [org.apa.kaf.cli.con.int.ConsumerCoordinator] (Thread-660) [Consumer clientId=consumer-Consumer-topic-856838d6_916b_49ce_a4a9_c6645a011dac-9, groupId=Consumer-topic-856838d6_916b_49ce_a4a9_c6645a011dac] Finished assignment for group at generation 1: {consumer-Consumer-topic-856838d6_916b_49ce_a4a9_c6645a011dac-9-111c555b-6acc-4807-a987-b57ec7fa1a94=Assignment(partitions=[topic-856838d6_916b_49ce_a4a9_c6645a011dac-0])}
2025-08-07 20:33:18,640 INFO  [org.apa.kaf.cli.con.int.ConsumerCoordinator] (Thread-660) [Consumer clientId=consumer-Consumer-topic-856838d6_916b_49ce_a4a9_c6645a011dac-9, groupId=Consumer-topic-856838d6_916b_49ce_a4a9_c6645a011dac] Successfully synced group in generation Generation{generationId=1, memberId='consumer-Consumer-topic-856838d6_916b_49ce_a4a9_c6645a011dac-9-111c555b-6acc-4807-a987-b57ec7fa1a94', protocol='range'}
2025-08-07 20:33:18,640 INFO  [org.apa.kaf.cli.con.int.ConsumerCoordinator] (Thread-660) [Consumer clientId=consumer-Consumer-topic-856838d6_916b_49ce_a4a9_c6645a011dac-9, groupId=Consumer-topic-856838d6_916b_49ce_a4a9_c6645a011dac] Notifying assignor about the new Assignment(partitions=[topic-856838d6_916b_49ce_a4a9_c6645a011dac-0])
2025-08-07 20:33:18,640 INFO  [org.apa.kaf.cli.con.int.ConsumerRebalanceListenerInvoker] (Thread-660) [Consumer clientId=consumer-Consumer-topic-856838d6_916b_49ce_a4a9_c6645a011dac-9, groupId=Consumer-topic-856838d6_916b_49ce_a4a9_c6645a011dac] Adding newly assigned partitions: topic-856838d6_916b_49ce_a4a9_c6645a011dac-0
2025-08-07 20:33:18,641 INFO  [org.apa.kaf.cli.con.int.ConsumerCoordinator] (Thread-660) [Consumer clientId=consumer-Consumer-topic-856838d6_916b_49ce_a4a9_c6645a011dac-9, groupId=Consumer-topic-856838d6_916b_49ce_a4a9_c6645a011dac] Found no committed offset for partition topic-856838d6_916b_49ce_a4a9_c6645a011dac-0
2025-08-07 20:33:18,645 INFO  [org.apa.kaf.cli.con.int.SubscriptionState] (Thread-660) [Consumer clientId=consumer-Consumer-topic-856838d6_916b_49ce_a4a9_c6645a011dac-9, groupId=Consumer-topic-856838d6_916b_49ce_a4a9_c6645a011dac] Resetting offset for partition topic-856838d6_916b_49ce_a4a9_c6645a011dac-0 to position FetchPosition{offset=0, offsetEpoch=Optional.empty, currentLeader=LeaderAndEpoch{leader=Optional[localhost:32769 (id: 0 rack: null)], epoch=0}}.
2025-08-07 20:33:18,691 INFO  [io.api.tes.ser.api.KafkaSerdesTester] (Thread-660) topic-856838d6_916b_49ce_a4a9_c6645a011dac 0 0 {"key11754598794390": "value-0"}
2025-08-07 20:33:18,691 INFO  [io.api.tes.ser.api.KafkaSerdesTester] (Thread-660) topic-856838d6_916b_49ce_a4a9_c6645a011dac 0 1 {"key11754598794390": "value-1"}
2025-08-07 20:33:18,691 INFO  [io.api.tes.ser.api.KafkaSerdesTester] (Thread-660) topic-856838d6_916b_49ce_a4a9_c6645a011dac 0 2 {"key11754598794390": "value-2"}
2025-08-07 20:33:18,691 INFO  [io.api.tes.ser.api.KafkaSerdesTester] (Thread-660) topic-856838d6_916b_49ce_a4a9_c6645a011dac 0 3 {"key11754598794390": "value-3"}
2025-08-07 20:33:18,691 INFO  [io.api.tes.ser.api.KafkaSerdesTester] (Thread-660) topic-856838d6_916b_49ce_a4a9_c6645a011dac 0 4 {"key11754598794390": "value-4"}
2025-08-07 20:33:18,691 INFO  [io.api.tes.ser.api.KafkaSerdesTester] (Thread-660) topic-856838d6_916b_49ce_a4a9_c6645a011dac 0 5 {"key11754598794390": "value-5"}
2025-08-07 20:33:18,691 INFO  [io.api.tes.ser.api.KafkaSerdesTester] (Thread-660) topic-856838d6_916b_49ce_a4a9_c6645a011dac 0 6 {"key11754598794390": "value-6"}
2025-08-07 20:33:18,691 INFO  [io.api.tes.ser.api.KafkaSerdesTester] (Thread-660) topic-856838d6_916b_49ce_a4a9_c6645a011dac 0 7 {"key11754598794390": "value-7"}
2025-08-07 20:33:18,691 INFO  [io.api.tes.ser.api.KafkaSerdesTester] (Thread-660) topic-856838d6_916b_49ce_a4a9_c6645a011dac 0 8 {"key11754598794390": "value-8"}
2025-08-07 20:33:18,691 INFO  [io.api.tes.ser.api.KafkaSerdesTester] (Thread-660) topic-856838d6_916b_49ce_a4a9_c6645a011dac 0 9 {"key11754598794390": "value-9"}
2025-08-07 20:33:18,691 INFO  [io.api.tes.ser.api.KafkaSerdesTester] (Thread-660) Consumed 10 messages
2025-08-07 20:33:18,692 INFO  [io.api.tes.ser.api.AvroSerdeIT] (main) Registering Avro Schema 2: {"type":"record","name":"sa979a949x1695x47f8xbce6xc343b79597b1","namespace":"ns_91fd333b_0d4b_4b76_b060_f2b06176c5bc","fields":[{"name":"key11754598794390","type":"string"},{"name":"key21754598798692","type":"string"}]}
2025-08-07 20:33:19,787 INFO  [io.api.tes.ser.api.KafkaSerdesTester] (Thread-661) Sending message {"key11754598794390": "value-0", "key21754598798692": "value-0"} to topic topic-856838d6_916b_49ce_a4a9_c6645a011dac
2025-08-07 20:33:19,787 INFO  [DefaultSchemaResolver] (Thread-661) Retrieving schema content using string: {"type":"record","name":"sa979a949x1695x47f8xbce6xc343b79597b1","namespace":"ns_91fd333b_0d4b_4b76_b060_f2b06176c5bc","fields":[{"name":"key11754598794390","type":"string"},{"name":"key21754598798692","type":"string"}]}
2025-08-07 20:33:19,808 INFO  [io.api.tes.ser.api.KafkaSerdesTester] (Thread-661) Sending message {"key11754598794390": "value-1", "key21754598798692": "value-1"} to topic topic-856838d6_916b_49ce_a4a9_c6645a011dac
2025-08-07 20:33:19,810 INFO  [io.api.tes.ser.api.KafkaSerdesTester] (Thread-661) Sending message {"key11754598794390": "value-2", "key21754598798692": "value-2"} to topic topic-856838d6_916b_49ce_a4a9_c6645a011dac
2025-08-07 20:33:19,812 INFO  [io.api.tes.ser.api.KafkaSerdesTester] (Thread-661) Sending message {"key11754598794390": "value-3", "key21754598798692": "value-3"} to topic topic-856838d6_916b_49ce_a4a9_c6645a011dac
2025-08-07 20:33:19,815 INFO  [io.api.tes.ser.api.KafkaSerdesTester] (Thread-661) Sending message {"key11754598794390": "value-4", "key21754598798692": "value-4"} to topic topic-856838d6_916b_49ce_a4a9_c6645a011dac
2025-08-07 20:33:19,817 INFO  [io.api.tes.ser.api.KafkaSerdesTester] (Thread-661) Sending message {"key11754598794390": "value-5", "key21754598798692": "value-5"} to topic topic-856838d6_916b_49ce_a4a9_c6645a011dac
2025-08-07 20:33:19,818 INFO  [io.api.tes.ser.api.KafkaSerdesTester] (Thread-661) Sending message {"key11754598794390": "value-6", "key21754598798692": "value-6"} to topic topic-856838d6_916b_49ce_a4a9_c6645a011dac
2025-08-07 20:33:19,820 INFO  [io.api.tes.ser.api.KafkaSerdesTester] (Thread-661) Sending message {"key11754598794390": "value-7", "key21754598798692": "value-7"} to topic topic-856838d6_916b_49ce_a4a9_c6645a011dac
2025-08-07 20:33:19,821 INFO  [io.api.tes.ser.api.KafkaSerdesTester] (Thread-661) Sending message {"key11754598794390": "value-8", "key21754598798692": "value-8"} to topic topic-856838d6_916b_49ce_a4a9_c6645a011dac
2025-08-07 20:33:19,823 INFO  [io.api.tes.ser.api.KafkaSerdesTester] (Thread-661) Sending message {"key11754598794390": "value-9", "key21754598798692": "value-9"} to topic topic-856838d6_916b_49ce_a4a9_c6645a011dac
2025-08-07 20:33:19,825 INFO  [io.api.tes.ser.api.KafkaSerdesTester] (Thread-661) Produced 10 messages
2025-08-07 20:33:19,825 INFO  [io.api.tes.ser.api.KafkaSerdesTester] (Thread-662) Sending message {"key11754598794390": "value-0"} to topic topic-856838d6_916b_49ce_a4a9_c6645a011dac
2025-08-07 20:33:19,828 INFO  [io.api.tes.ser.api.KafkaSerdesTester] (Thread-662) Sending message {"key11754598794390": "value-1"} to topic topic-856838d6_916b_49ce_a4a9_c6645a011dac
2025-08-07 20:33:19,830 INFO  [io.api.tes.ser.api.KafkaSerdesTester] (Thread-662) Sending message {"key11754598794390": "value-2"} to topic topic-856838d6_916b_49ce_a4a9_c6645a011dac
2025-08-07 20:33:19,831 INFO  [io.api.tes.ser.api.KafkaSerdesTester] (Thread-662) Sending message {"key11754598794390": "value-3"} to topic topic-856838d6_916b_49ce_a4a9_c6645a011dac
2025-08-07 20:33:19,833 INFO  [io.api.tes.ser.api.KafkaSerdesTester] (Thread-662) Sending message {"key11754598794390": "value-4"} to topic topic-856838d6_916b_49ce_a4a9_c6645a011dac
2025-08-07 20:33:19,834 INFO  [io.api.tes.ser.api.KafkaSerdesTester] (Thread-662) Sending message {"key11754598794390": "value-5"} to topic topic-856838d6_916b_49ce_a4a9_c6645a011dac
2025-08-07 20:33:19,836 INFO  [io.api.tes.ser.api.KafkaSerdesTester] (Thread-662) Sending message {"key11754598794390": "value-6"} to topic topic-856838d6_916b_49ce_a4a9_c6645a011dac
2025-08-07 20:33:19,837 INFO  [io.api.tes.ser.api.KafkaSerdesTester] (Thread-662) Sending message {"key11754598794390": "value-7"} to topic topic-856838d6_916b_49ce_a4a9_c6645a011dac
2025-08-07 20:33:19,838 INFO  [io.api.tes.ser.api.KafkaSerdesTester] (Thread-662) Sending message {"key11754598794390": "value-8"} to topic topic-856838d6_916b_49ce_a4a9_c6645a011dac
2025-08-07 20:33:19,840 INFO  [io.api.tes.ser.api.KafkaSerdesTester] (Thread-662) Sending message {"key11754598794390": "value-9"} to topic topic-856838d6_916b_49ce_a4a9_c6645a011dac
2025-08-07 20:33:19,841 INFO  [io.api.tes.ser.api.KafkaSerdesTester] (Thread-662) Produced 10 messages
2025-08-07 20:33:19,842 INFO  [org.apa.kaf.cli.con.int.ClassicKafkaConsumer] (Thread-663) [Consumer clientId=consumer-Consumer-topic-856838d6_916b_49ce_a4a9_c6645a011dac-9, groupId=Consumer-topic-856838d6_916b_49ce_a4a9_c6645a011dac] Subscribed to topic(s): topic-856838d6_916b_49ce_a4a9_c6645a011dac
2025-08-07 20:33:19,870 INFO  [io.api.tes.ser.api.KafkaSerdesTester] (Thread-663) topic-856838d6_916b_49ce_a4a9_c6645a011dac 0 10 {"key11754598794390": "value-0", "key21754598798692": "value-0"}
2025-08-07 20:33:19,870 INFO  [io.api.tes.ser.api.KafkaSerdesTester] (Thread-663) topic-856838d6_916b_49ce_a4a9_c6645a011dac 0 11 {"key11754598794390": "value-1", "key21754598798692": "value-1"}
2025-08-07 20:33:19,870 INFO  [io.api.tes.ser.api.KafkaSerdesTester] (Thread-663) topic-856838d6_916b_49ce_a4a9_c6645a011dac 0 12 {"key11754598794390": "value-2", "key21754598798692": "value-2"}
2025-08-07 20:33:19,870 INFO  [io.api.tes.ser.api.KafkaSerdesTester] (Thread-663) topic-856838d6_916b_49ce_a4a9_c6645a011dac 0 13 {"key11754598794390": "value-3", "key21754598798692": "value-3"}
2025-08-07 20:33:19,870 INFO  [io.api.tes.ser.api.KafkaSerdesTester] (Thread-663) topic-856838d6_916b_49ce_a4a9_c6645a011dac 0 14 {"key11754598794390": "value-4", "key21754598798692": "value-4"}
2025-08-07 20:33:19,870 INFO  [io.api.tes.ser.api.KafkaSerdesTester] (Thread-663) topic-856838d6_916b_49ce_a4a9_c6645a011dac 0 15 {"key11754598794390": "value-5", "key21754598798692": "value-5"}
2025-08-07 20:33:19,870 INFO  [io.api.tes.ser.api.KafkaSerdesTester] (Thread-663) topic-856838d6_916b_49ce_a4a9_c6645a011dac 0 16 {"key11754598794390": "value-6", "key21754598798692": "value-6"}
2025-08-07 20:33:19,870 INFO  [io.api.tes.ser.api.KafkaSerdesTester] (Thread-663) topic-856838d6_916b_49ce_a4a9_c6645a011dac 0 17 {"key11754598794390": "value-7", "key21754598798692": "value-7"}
2025-08-07 20:33:19,871 INFO  [io.api.tes.ser.api.KafkaSerdesTester] (Thread-663) topic-856838d6_916b_49ce_a4a9_c6645a011dac 0 18 {"key11754598794390": "value-8", "key21754598798692": "value-8"}
2025-08-07 20:33:19,871 INFO  [io.api.tes.ser.api.KafkaSerdesTester] (Thread-663) topic-856838d6_916b_49ce_a4a9_c6645a011dac 0 19 {"key11754598794390": "value-9", "key21754598798692": "value-9"}
2025-08-07 20:33:19,871 INFO  [io.api.tes.ser.api.KafkaSerdesTester] (Thread-663) topic-856838d6_916b_49ce_a4a9_c6645a011dac 0 20 {"key11754598794390": "value-0"}
2025-08-07 20:33:19,871 INFO  [io.api.tes.ser.api.KafkaSerdesTester] (Thread-663) topic-856838d6_916b_49ce_a4a9_c6645a011dac 0 21 {"key11754598794390": "value-1"}
2025-08-07 20:33:19,871 INFO  [io.api.tes.ser.api.KafkaSerdesTester] (Thread-663) topic-856838d6_916b_49ce_a4a9_c6645a011dac 0 22 {"key11754598794390": "value-2"}
2025-08-07 20:33:19,871 INFO  [io.api.tes.ser.api.KafkaSerdesTester] (Thread-663) topic-856838d6_916b_49ce_a4a9_c6645a011dac 0 23 {"key11754598794390": "value-3"}
2025-08-07 20:33:19,871 INFO  [io.api.tes.ser.api.KafkaSerdesTester] (Thread-663) topic-856838d6_916b_49ce_a4a9_c6645a011dac 0 24 {"key11754598794390": "value-4"}
2025-08-07 20:33:19,871 INFO  [io.api.tes.ser.api.KafkaSerdesTester] (Thread-663) topic-856838d6_916b_49ce_a4a9_c6645a011dac 0 25 {"key11754598794390": "value-5"}
2025-08-07 20:33:19,871 INFO  [io.api.tes.ser.api.KafkaSerdesTester] (Thread-663) topic-856838d6_916b_49ce_a4a9_c6645a011dac 0 26 {"key11754598794390": "value-6"}
2025-08-07 20:33:19,871 INFO  [io.api.tes.ser.api.KafkaSerdesTester] (Thread-663) topic-856838d6_916b_49ce_a4a9_c6645a011dac 0 27 {"key11754598794390": "value-7"}
2025-08-07 20:33:19,871 INFO  [io.api.tes.ser.api.KafkaSerdesTester] (Thread-663) topic-856838d6_916b_49ce_a4a9_c6645a011dac 0 28 {"key11754598794390": "value-8"}
2025-08-07 20:33:19,871 INFO  [io.api.tes.ser.api.KafkaSerdesTester] (Thread-663) topic-856838d6_916b_49ce_a4a9_c6645a011dac 0 29 {"key11754598794390": "value-9"}
2025-08-07 20:33:19,871 INFO  [io.api.tes.ser.api.KafkaSerdesTester] (Thread-663) Consumed 20 messages
2025-08-07 20:33:19,872 INFO  [io.api.tes.ser.api.AvroSerdeIT] (main) Registering Avro Schema 3: {"type":"record","name":"sa979a949x1695x47f8xbce6xc343b79597b1","namespace":"ns_91fd333b_0d4b_4b76_b060_f2b06176c5bc","fields":[{"name":"key11754598794390","type":"string"},{"name":"key21754598798692","type":"string"},{"name":"key31754598799872","type":"string"}]}
2025-08-07 20:33:20,937 INFO  [io.api.tes.ser.api.KafkaSerdesTester] (Thread-664) Sending message {"key11754598794390": "value-0", "key21754598798692": "value-0", "key31754598799872": "value-0"} to topic topic-856838d6_916b_49ce_a4a9_c6645a011dac
2025-08-07 20:33:20,937 INFO  [DefaultSchemaResolver] (Thread-664) Retrieving schema content using string: {"type":"record","name":"sa979a949x1695x47f8xbce6xc343b79597b1","namespace":"ns_91fd333b_0d4b_4b76_b060_f2b06176c5bc","fields":[{"name":"key11754598794390","type":"string"},{"name":"key21754598798692","type":"string"},{"name":"key31754598799872","type":"string"}]}
2025-08-07 20:33:20,954 INFO  [io.api.tes.ser.api.KafkaSerdesTester] (Thread-664) Sending message {"key11754598794390": "value-1", "key21754598798692": "value-1", "key31754598799872": "value-1"} to topic topic-856838d6_916b_49ce_a4a9_c6645a011dac
2025-08-07 20:33:20,957 INFO  [io.api.tes.ser.api.KafkaSerdesTester] (Thread-664) Sending message {"key11754598794390": "value-2", "key21754598798692": "value-2", "key31754598799872": "value-2"} to topic topic-856838d6_916b_49ce_a4a9_c6645a011dac
2025-08-07 20:33:20,959 INFO  [io.api.tes.ser.api.KafkaSerdesTester] (Thread-664) Sending message {"key11754598794390": "value-3", "key21754598798692": "value-3", "key31754598799872": "value-3"} to topic topic-856838d6_916b_49ce_a4a9_c6645a011dac
2025-08-07 20:33:20,961 INFO  [io.api.tes.ser.api.KafkaSerdesTester] (Thread-664) Sending message {"key11754598794390": "value-4", "key21754598798692": "value-4", "key31754598799872": "value-4"} to topic topic-856838d6_916b_49ce_a4a9_c6645a011dac
2025-08-07 20:33:20,962 INFO  [io.api.tes.ser.api.KafkaSerdesTester] (Thread-664) Sending message {"key11754598794390": "value-5", "key21754598798692": "value-5", "key31754598799872": "value-5"} to topic topic-856838d6_916b_49ce_a4a9_c6645a011dac
2025-08-07 20:33:20,963 INFO  [io.api.tes.ser.api.KafkaSerdesTester] (Thread-664) Sending message {"key11754598794390": "value-6", "key21754598798692": "value-6", "key31754598799872": "value-6"} to topic topic-856838d6_916b_49ce_a4a9_c6645a011dac
2025-08-07 20:33:20,965 INFO  [io.api.tes.ser.api.KafkaSerdesTester] (Thread-664) Sending message {"key11754598794390": "value-7", "key21754598798692": "value-7", "key31754598799872": "value-7"} to topic topic-856838d6_916b_49ce_a4a9_c6645a011dac
2025-08-07 20:33:20,967 INFO  [io.api.tes.ser.api.KafkaSerdesTester] (Thread-664) Sending message {"key11754598794390": "value-8", "key21754598798692": "value-8", "key31754598799872": "value-8"} to topic topic-856838d6_916b_49ce_a4a9_c6645a011dac
2025-08-07 20:33:20,969 INFO  [io.api.tes.ser.api.KafkaSerdesTester] (Thread-664) Sending message {"key11754598794390": "value-9", "key21754598798692": "value-9", "key31754598799872": "value-9"} to topic topic-856838d6_916b_49ce_a4a9_c6645a011dac
2025-08-07 20:33:20,970 INFO  [io.api.tes.ser.api.KafkaSerdesTester] (Thread-664) Produced 10 messages
2025-08-07 20:33:20,971 INFO  [io.api.tes.ser.api.KafkaSerdesTester] (Thread-665) Sending message {"key11754598794390": "value-0", "key21754598798692": "value-0"} to topic topic-856838d6_916b_49ce_a4a9_c6645a011dac
2025-08-07 20:33:20,972 INFO  [io.api.tes.ser.api.KafkaSerdesTester] (Thread-665) Sending message {"key11754598794390": "value-1", "key21754598798692": "value-1"} to topic topic-856838d6_916b_49ce_a4a9_c6645a011dac
2025-08-07 20:33:20,974 INFO  [io.api.tes.ser.api.KafkaSerdesTester] (Thread-665) Sending message {"key11754598794390": "value-2", "key21754598798692": "value-2"} to topic topic-856838d6_916b_49ce_a4a9_c6645a011dac
2025-08-07 20:33:20,976 INFO  [io.api.tes.ser.api.KafkaSerdesTester] (Thread-665) Sending message {"key11754598794390": "value-3", "key21754598798692": "value-3"} to topic topic-856838d6_916b_49ce_a4a9_c6645a011dac
2025-08-07 20:33:20,977 INFO  [io.api.tes.ser.api.KafkaSerdesTester] (Thread-665) Sending message {"key11754598794390": "value-4", "key21754598798692": "value-4"} to topic topic-856838d6_916b_49ce_a4a9_c6645a011dac
2025-08-07 20:33:20,978 INFO  [io.api.tes.ser.api.KafkaSerdesTester] (Thread-665) Sending message {"key11754598794390": "value-5", "key21754598798692": "value-5"} to topic topic-856838d6_916b_49ce_a4a9_c6645a011dac
2025-08-07 20:33:20,981 INFO  [io.api.tes.ser.api.KafkaSerdesTester] (Thread-665) Sending message {"key11754598794390": "value-6", "key21754598798692": "value-6"} to topic topic-856838d6_916b_49ce_a4a9_c6645a011dac
2025-08-07 20:33:20,983 INFO  [io.api.tes.ser.api.KafkaSerdesTester] (Thread-665) Sending message {"key11754598794390": "value-7", "key21754598798692": "value-7"} to topic topic-856838d6_916b_49ce_a4a9_c6645a011dac
2025-08-07 20:33:20,986 INFO  [io.api.tes.ser.api.KafkaSerdesTester] (Thread-665) Sending message {"key11754598794390": "value-8", "key21754598798692": "value-8"} to topic topic-856838d6_916b_49ce_a4a9_c6645a011dac
2025-08-07 20:33:20,988 INFO  [io.api.tes.ser.api.KafkaSerdesTester] (Thread-665) Sending message {"key11754598794390": "value-9", "key21754598798692": "value-9"} to topic topic-856838d6_916b_49ce_a4a9_c6645a011dac
2025-08-07 20:33:20,990 INFO  [io.api.tes.ser.api.KafkaSerdesTester] (Thread-665) Produced 10 messages
2025-08-07 20:33:20,990 INFO  [io.api.tes.ser.api.KafkaSerdesTester] (Thread-666) Sending message {"key11754598794390": "value-0"} to topic topic-856838d6_916b_49ce_a4a9_c6645a011dac
2025-08-07 20:33:20,991 INFO  [io.api.tes.ser.api.KafkaSerdesTester] (Thread-666) Sending message {"key11754598794390": "value-1"} to topic topic-856838d6_916b_49ce_a4a9_c6645a011dac
2025-08-07 20:33:20,993 INFO  [io.api.tes.ser.api.KafkaSerdesTester] (Thread-666) Sending message {"key11754598794390": "value-2"} to topic topic-856838d6_916b_49ce_a4a9_c6645a011dac
2025-08-07 20:33:20,995 INFO  [io.api.tes.ser.api.KafkaSerdesTester] (Thread-666) Sending message {"key11754598794390": "value-3"} to topic topic-856838d6_916b_49ce_a4a9_c6645a011dac
2025-08-07 20:33:20,996 INFO  [io.api.tes.ser.api.KafkaSerdesTester] (Thread-666) Sending message {"key11754598794390": "value-4"} to topic topic-856838d6_916b_49ce_a4a9_c6645a011dac
2025-08-07 20:33:21,000 INFO  [io.api.tes.ser.api.KafkaSerdesTester] (Thread-666) Sending message {"key11754598794390": "value-5"} to topic topic-856838d6_916b_49ce_a4a9_c6645a011dac
2025-08-07 20:33:21,001 INFO  [io.api.tes.ser.api.KafkaSerdesTester] (Thread-666) Sending message {"key11754598794390": "value-6"} to topic topic-856838d6_916b_49ce_a4a9_c6645a011dac
2025-08-07 20:33:21,003 INFO  [io.api.tes.ser.api.KafkaSerdesTester] (Thread-666) Sending message {"key11754598794390": "value-7"} to topic topic-856838d6_916b_49ce_a4a9_c6645a011dac
2025-08-07 20:33:21,004 INFO  [io.api.tes.ser.api.KafkaSerdesTester] (Thread-666) Sending message {"key11754598794390": "value-8"} to topic topic-856838d6_916b_49ce_a4a9_c6645a011dac
2025-08-07 20:33:21,005 INFO  [io.api.tes.ser.api.KafkaSerdesTester] (Thread-666) Sending message {"key11754598794390": "value-9"} to topic topic-856838d6_916b_49ce_a4a9_c6645a011dac
2025-08-07 20:33:21,008 INFO  [io.api.tes.ser.api.KafkaSerdesTester] (Thread-666) Produced 10 messages
2025-08-07 20:33:21,009 INFO  [org.apa.kaf.cli.con.int.ClassicKafkaConsumer] (Thread-667) [Consumer clientId=consumer-Consumer-topic-856838d6_916b_49ce_a4a9_c6645a011dac-9, groupId=Consumer-topic-856838d6_916b_49ce_a4a9_c6645a011dac] Subscribed to topic(s): topic-856838d6_916b_49ce_a4a9_c6645a011dac
2025-08-07 20:33:21,038 INFO  [io.api.tes.ser.api.KafkaSerdesTester] (Thread-667) topic-856838d6_916b_49ce_a4a9_c6645a011dac 0 30 {"key11754598794390": "value-0", "key21754598798692": "value-0", "key31754598799872": "value-0"}
2025-08-07 20:33:21,039 INFO  [io.api.tes.ser.api.KafkaSerdesTester] (Thread-667) topic-856838d6_916b_49ce_a4a9_c6645a011dac 0 31 {"key11754598794390": "value-1", "key21754598798692": "value-1", "key31754598799872": "value-1"}
2025-08-07 20:33:21,039 INFO  [io.api.tes.ser.api.KafkaSerdesTester] (Thread-667) topic-856838d6_916b_49ce_a4a9_c6645a011dac 0 32 {"key11754598794390": "value-2", "key21754598798692": "value-2", "key31754598799872": "value-2"}
2025-08-07 20:33:21,039 INFO  [io.api.tes.ser.api.KafkaSerdesTester] (Thread-667) topic-856838d6_916b_49ce_a4a9_c6645a011dac 0 33 {"key11754598794390": "value-3", "key21754598798692": "value-3", "key31754598799872": "value-3"}
2025-08-07 20:33:21,039 INFO  [io.api.tes.ser.api.KafkaSerdesTester] (Thread-667) topic-856838d6_916b_49ce_a4a9_c6645a011dac 0 34 {"key11754598794390": "value-4", "key21754598798692": "value-4", "key31754598799872": "value-4"}
2025-08-07 20:33:21,039 INFO  [io.api.tes.ser.api.KafkaSerdesTester] (Thread-667) topic-856838d6_916b_49ce_a4a9_c6645a011dac 0 35 {"key11754598794390": "value-5", "key21754598798692": "value-5", "key31754598799872": "value-5"}
2025-08-07 20:33:21,039 INFO  [io.api.tes.ser.api.KafkaSerdesTester] (Thread-667) topic-856838d6_916b_49ce_a4a9_c6645a011dac 0 36 {"key11754598794390": "value-6", "key21754598798692": "value-6", "key31754598799872": "value-6"}
2025-08-07 20:33:21,039 INFO  [io.api.tes.ser.api.KafkaSerdesTester] (Thread-667) topic-856838d6_916b_49ce_a4a9_c6645a011dac 0 37 {"key11754598794390": "value-7", "key21754598798692": "value-7", "key31754598799872": "value-7"}
2025-08-07 20:33:21,039 INFO  [io.api.tes.ser.api.KafkaSerdesTester] (Thread-667) topic-856838d6_916b_49ce_a4a9_c6645a011dac 0 38 {"key11754598794390": "value-8", "key21754598798692": "value-8", "key31754598799872": "value-8"}
2025-08-07 20:33:21,039 INFO  [io.api.tes.ser.api.KafkaSerdesTester] (Thread-667) topic-856838d6_916b_49ce_a4a9_c6645a011dac 0 39 {"key11754598794390": "value-9", "key21754598798692": "value-9", "key31754598799872": "value-9"}
2025-08-07 20:33:21,039 INFO  [io.api.tes.ser.api.KafkaSerdesTester] (Thread-667) topic-856838d6_916b_49ce_a4a9_c6645a011dac 0 40 {"key11754598794390": "value-0", "key21754598798692": "value-0"}
2025-08-07 20:33:21,039 INFO  [io.api.tes.ser.api.KafkaSerdesTester] (Thread-667) topic-856838d6_916b_49ce_a4a9_c6645a011dac 0 41 {"key11754598794390": "value-1", "key21754598798692": "value-1"}
2025-08-07 20:33:21,039 INFO  [io.api.tes.ser.api.KafkaSerdesTester] (Thread-667) topic-856838d6_916b_49ce_a4a9_c6645a011dac 0 42 {"key11754598794390": "value-2", "key21754598798692": "value-2"}
2025-08-07 20:33:21,039 INFO  [io.api.tes.ser.api.KafkaSerdesTester] (Thread-667) topic-856838d6_916b_49ce_a4a9_c6645a011dac 0 43 {"key11754598794390": "value-3", "key21754598798692": "value-3"}
2025-08-07 20:33:21,039 INFO  [io.api.tes.ser.api.KafkaSerdesTester] (Thread-667) topic-856838d6_916b_49ce_a4a9_c6645a011dac 0 44 {"key11754598794390": "value-4", "key21754598798692": "value-4"}
2025-08-07 20:33:21,039 INFO  [io.api.tes.ser.api.KafkaSerdesTester] (Thread-667) topic-856838d6_916b_49ce_a4a9_c6645a011dac 0 45 {"key11754598794390": "value-5", "key21754598798692": "value-5"}
2025-08-07 20:33:21,040 INFO  [io.api.tes.ser.api.KafkaSerdesTester] (Thread-667) topic-856838d6_916b_49ce_a4a9_c6645a011dac 0 46 {"key11754598794390": "value-6", "key21754598798692": "value-6"}
2025-08-07 20:33:21,040 INFO  [io.api.tes.ser.api.KafkaSerdesTester] (Thread-667) topic-856838d6_916b_49ce_a4a9_c6645a011dac 0 47 {"key11754598794390": "value-7", "key21754598798692": "value-7"}
2025-08-07 20:33:21,040 INFO  [io.api.tes.ser.api.KafkaSerdesTester] (Thread-667) topic-856838d6_916b_49ce_a4a9_c6645a011dac 0 48 {"key11754598794390": "value-8", "key21754598798692": "value-8"}
2025-08-07 20:33:21,040 INFO  [io.api.tes.ser.api.KafkaSerdesTester] (Thread-667) topic-856838d6_916b_49ce_a4a9_c6645a011dac 0 49 {"key11754598794390": "value-9", "key21754598798692": "value-9"}
2025-08-07 20:33:21,040 INFO  [io.api.tes.ser.api.KafkaSerdesTester] (Thread-667) topic-856838d6_916b_49ce_a4a9_c6645a011dac 0 50 {"key11754598794390": "value-0"}
2025-08-07 20:33:21,040 INFO  [io.api.tes.ser.api.KafkaSerdesTester] (Thread-667) topic-856838d6_916b_49ce_a4a9_c6645a011dac 0 51 {"key11754598794390": "value-1"}
2025-08-07 20:33:21,040 INFO  [io.api.tes.ser.api.KafkaSerdesTester] (Thread-667) topic-856838d6_916b_49ce_a4a9_c6645a011dac 0 52 {"key11754598794390": "value-2"}
2025-08-07 20:33:21,040 INFO  [io.api.tes.ser.api.KafkaSerdesTester] (Thread-667) topic-856838d6_916b_49ce_a4a9_c6645a011dac 0 53 {"key11754598794390": "value-3"}
2025-08-07 20:33:21,040 INFO  [io.api.tes.ser.api.KafkaSerdesTester] (Thread-667) topic-856838d6_916b_49ce_a4a9_c6645a011dac 0 54 {"key11754598794390": "value-4"}
2025-08-07 20:33:21,040 INFO  [io.api.tes.ser.api.KafkaSerdesTester] (Thread-667) topic-856838d6_916b_49ce_a4a9_c6645a011dac 0 55 {"key11754598794390": "value-5"}
2025-08-07 20:33:21,040 INFO  [io.api.tes.ser.api.KafkaSerdesTester] (Thread-667) topic-856838d6_916b_49ce_a4a9_c6645a011dac 0 56 {"key11754598794390": "value-6"}
2025-08-07 20:33:21,040 INFO  [io.api.tes.ser.api.KafkaSerdesTester] (Thread-667) topic-856838d6_916b_49ce_a4a9_c6645a011dac 0 57 {"key11754598794390": "value-7"}
2025-08-07 20:33:21,040 INFO  [io.api.tes.ser.api.KafkaSerdesTester] (Thread-667) topic-856838d6_916b_49ce_a4a9_c6645a011dac 0 58 {"key11754598794390": "value-8"}
2025-08-07 20:33:21,040 INFO  [io.api.tes.ser.api.KafkaSerdesTester] (Thread-667) topic-856838d6_916b_49ce_a4a9_c6645a011dac 0 59 {"key11754598794390": "value-9"}
2025-08-07 20:33:21,040 INFO  [io.api.tes.ser.api.KafkaSerdesTester] (Thread-667) Consumed 30 messages
2025-08-07 20:33:21,041 INFO  [org.apa.kaf.cli.pro.KafkaProducer] (main) [Producer clientId=Producer-topic-856838d6_916b_49ce_a4a9_c6645a011dac] Closing the Kafka producer with timeoutMillis = 9223372036854775807 ms.
2025-08-07 20:33:21,044 INFO  [org.apa.kaf.com.met.Metrics] (main) Metrics scheduler closed
2025-08-07 20:33:21,044 INFO  [org.apa.kaf.com.met.Metrics] (main) Closing reporter org.apache.kafka.common.metrics.JmxReporter
2025-08-07 20:33:21,044 INFO  [org.apa.kaf.com.met.Metrics] (main) Closing reporter org.apache.kafka.common.telemetry.internals.ClientTelemetryReporter
2025-08-07 20:33:21,044 INFO  [org.apa.kaf.com.met.Metrics] (main) Metrics reporters closed
2025-08-07 20:33:21,044 INFO  [org.apa.kaf.com.uti.AppInfoParser] (main) App info kafka.producer for Producer-topic-856838d6_916b_49ce_a4a9_c6645a011dac unregistered
2025-08-07 20:33:21,052 INFO  [org.apa.kaf.cli.con.int.ConsumerRebalanceListenerInvoker] (main) [Consumer clientId=consumer-Consumer-topic-856838d6_916b_49ce_a4a9_c6645a011dac-9, groupId=Consumer-topic-856838d6_916b_49ce_a4a9_c6645a011dac] Revoke previously assigned partitions topic-856838d6_916b_49ce_a4a9_c6645a011dac-0
2025-08-07 20:33:21,052 INFO  [org.apa.kaf.cli.con.int.ConsumerCoordinator] (main) [Consumer clientId=consumer-Consumer-topic-856838d6_916b_49ce_a4a9_c6645a011dac-9, groupId=Consumer-topic-856838d6_916b_49ce_a4a9_c6645a011dac] Member consumer-Consumer-topic-856838d6_916b_49ce_a4a9_c6645a011dac-9-111c555b-6acc-4807-a987-b57ec7fa1a94 sending LeaveGroup request to coordinator localhost:32769 (id: 2147483647 rack: null) due to the consumer is being closed
2025-08-07 20:33:21,052 INFO  [org.apa.kaf.cli.con.int.ConsumerCoordinator] (main) [Consumer clientId=consumer-Consumer-topic-856838d6_916b_49ce_a4a9_c6645a011dac-9, groupId=Consumer-topic-856838d6_916b_49ce_a4a9_c6645a011dac] Resetting generation and member id due to: consumer pro-actively leaving the group
2025-08-07 20:33:21,052 INFO  [org.apa.kaf.cli.con.int.ConsumerCoordinator] (main) [Consumer clientId=consumer-Consumer-topic-856838d6_916b_49ce_a4a9_c6645a011dac-9, groupId=Consumer-topic-856838d6_916b_49ce_a4a9_c6645a011dac] Request joining group due to: consumer pro-actively leaving the group
2025-08-07 20:33:21,543 INFO  [org.apa.kaf.com.met.Metrics] (main) Metrics scheduler closed
2025-08-07 20:33:21,543 INFO  [org.apa.kaf.com.met.Metrics] (main) Closing reporter org.apache.kafka.common.metrics.JmxReporter
2025-08-07 20:33:21,543 INFO  [org.apa.kaf.com.met.Metrics] (main) Closing reporter org.apache.kafka.common.telemetry.internals.ClientTelemetryReporter
2025-08-07 20:33:21,543 INFO  [org.apa.kaf.com.met.Metrics] (main) Metrics reporters closed
2025-08-07 20:33:21,549 INFO  [org.apa.kaf.com.uti.AppInfoParser] (main) App info kafka.consumer for consumer-Consumer-topic-856838d6_916b_49ce_a4a9_c6645a011dac-9 unregistered
2025-08-07 20:33:21,549 INFO  [io.api.tes.uti.TestSeparator] (main) io.apicurio.tests.serdes.apicurio.AvroSerdeIT.testEvolveAvroApicurioReusingClient-FINISHED
2025-08-07 20:33:21,549 INFO  [io.api.tes.uti.TestSeparator] (main) ############################################################################
Test passed: testEvolveAvroApicurioReusingClient
]]></system-out>
  </testcase>
  <testcase name="testProducerUsesDefaultConsumerUsesGlobalId" classname="io.apicurio.tests.serdes.apicurio.AvroSerdeIT" time="0.0">
    <skipped message="void io.apicurio.tests.serdes.apicurio.AvroSerdeIT.testProducerUsesDefaultConsumerUsesGlobalId() throws java.lang.Exception is @Disabled"/>
  </testcase>
  <testcase name="testEvolveAvroApicurio" classname="io.apicurio.tests.serdes.apicurio.AvroSerdeIT" time="14.55">
    <system-out><![CDATA[2025-08-07 20:33:21,558 INFO  [io.api.tes.uti.TestSeparator] (main) ############################################################################
2025-08-07 20:33:21,558 INFO  [io.api.tes.uti.TestSeparator] (main) io.apicurio.tests.serdes.apicurio.AvroSerdeIT.testEvolveAvroApicurio-STARTED
2025-08-07 20:33:21,562 INFO  [io.api.tes.ser.api.AvroSerdeIT] (main) Registering Avro Schema: {"type":"record","name":"s3a0b4604xc502x472dxb6f0xf0d72a960201","namespace":"ns_56562601_e029_4eb3_bc42_5151d983a970","fields":[{"name":"key11754598801558","type":"string"}]}
**** Registry Base URL: http://registry-app-ksql047.apps.ci419.apicurio-testing.org:80
2025-08-07 20:33:22,635 INFO  [org.apa.kaf.cli.pro.ProducerConfig] (main) ProducerConfig values: 
	acks = -1
	auto.include.jmx.reporter = true
	batch.size = 16384
	bootstrap.servers = [PLAINTEXT://localhost:32769]
	buffer.memory = 33554432
	client.dns.lookup = use_all_dns_ips
	client.id = Producer-topic-79646ef2_864b_486e_9d36_1757742657d0
	compression.gzip.level = -1
	compression.lz4.level = 9
	compression.type = none
	compression.zstd.level = 3
	connections.max.idle.ms = 10000
	delivery.timeout.ms = 120000
	enable.idempotence = true
	enable.metrics.push = true
	interceptor.classes = []
	key.serializer = class org.apache.kafka.common.serialization.StringSerializer
	linger.ms = 0
	max.block.ms = 60000
	max.in.flight.requests.per.connection = 5
	max.request.size = 1048576
	metadata.max.age.ms = 300000
	metadata.max.idle.ms = 300000
	metadata.recovery.strategy = none
	metric.reporters = []
	metrics.num.samples = 2
	metrics.recording.level = INFO
	metrics.sample.window.ms = 30000
	partitioner.adaptive.partitioning.enable = true
	partitioner.availability.timeout.ms = 0
	partitioner.class = null
	partitioner.ignore.keys = false
	receive.buffer.bytes = 32768
	reconnect.backoff.max.ms = 1000
	reconnect.backoff.ms = 50
	request.timeout.ms = 5000
	retries = 2147483647
	retry.backoff.max.ms = 1000
	retry.backoff.ms = 100
	sasl.client.callback.handler.class = null
	sasl.jaas.config = null
	sasl.kerberos.kinit.cmd = /usr/bin/kinit
	sasl.kerberos.min.time.before.relogin = 60000
	sasl.kerberos.service.name = null
	sasl.kerberos.ticket.renew.jitter = 0.05
	sasl.kerberos.ticket.renew.window.factor = 0.8
	sasl.login.callback.handler.class = null
	sasl.login.class = null
	sasl.login.connect.timeout.ms = null
	sasl.login.read.timeout.ms = null
	sasl.login.refresh.buffer.seconds = 300
	sasl.login.refresh.min.period.seconds = 60
	sasl.login.refresh.window.factor = 0.8
	sasl.login.refresh.window.jitter = 0.05
	sasl.login.retry.backoff.max.ms = 10000
	sasl.login.retry.backoff.ms = 100
	sasl.mechanism = GSSAPI
	sasl.oauthbearer.clock.skew.seconds = 30
	sasl.oauthbearer.expected.audience = null
	sasl.oauthbearer.expected.issuer = null
	sasl.oauthbearer.header.urlencode = false
	sasl.oauthbearer.jwks.endpoint.refresh.ms = 3600000
	sasl.oauthbearer.jwks.endpoint.retry.backoff.max.ms = 10000
	sasl.oauthbearer.jwks.endpoint.retry.backoff.ms = 100
	sasl.oauthbearer.jwks.endpoint.url = null
	sasl.oauthbearer.scope.claim.name = scope
	sasl.oauthbearer.sub.claim.name = sub
	sasl.oauthbearer.token.endpoint.url = null
	security.protocol = PLAINTEXT
	security.providers = null
	send.buffer.bytes = 131072
	socket.connection.setup.timeout.max.ms = 30000
	socket.connection.setup.timeout.ms = 10000
	ssl.cipher.suites = null
	ssl.enabled.protocols = [TLSv1.2, TLSv1.3]
	ssl.endpoint.identification.algorithm = https
	ssl.engine.factory.class = null
	ssl.key.password = null
	ssl.keymanager.algorithm = SunX509
	ssl.keystore.certificate.chain = null
	ssl.keystore.key = null
	ssl.keystore.location = null
	ssl.keystore.password = null
	ssl.keystore.type = JKS
	ssl.protocol = TLSv1.3
	ssl.provider = null
	ssl.secure.random.implementation = null
	ssl.trustmanager.algorithm = PKIX
	ssl.truststore.certificates = null
	ssl.truststore.location = null
	ssl.truststore.password = null
	ssl.truststore.type = JKS
	transaction.timeout.ms = 60000
	transactional.id = null
	value.serializer = class io.apicurio.registry.serde.avro.AvroKafkaSerializer

2025-08-07 20:33:22,635 INFO  [org.apa.kaf.com.tel.int.KafkaMetricsCollector] (main) initializing Kafka metrics collector
2025-08-07 20:33:22,638 INFO  [org.apa.kaf.cli.pro.KafkaProducer] (main) [Producer clientId=Producer-topic-79646ef2_864b_486e_9d36_1757742657d0] Instantiated an idempotent producer.
2025-08-07 20:33:22,642 INFO  [org.apa.kaf.cli.pro.ProducerConfig] (main) These configurations '[apicurio.registry.url, apicurio.registry.artifact-resolver-strategy]' were supplied but are not used yet.
2025-08-07 20:33:22,642 INFO  [org.apa.kaf.com.uti.AppInfoParser] (main) Kafka version: 3.9.1
2025-08-07 20:33:22,642 INFO  [org.apa.kaf.com.uti.AppInfoParser] (main) Kafka commitId: f745dfdcee2b9851
2025-08-07 20:33:22,642 INFO  [org.apa.kaf.com.uti.AppInfoParser] (main) Kafka startTimeMs: 1754598802642
**** Registry Base URL: http://registry-app-ksql047.apps.ci419.apicurio-testing.org:80
2025-08-07 20:33:22,643 INFO  [org.apa.kaf.cli.con.ConsumerConfig] (main) ConsumerConfig values: 
	allow.auto.create.topics = true
	auto.commit.interval.ms = 500
	auto.include.jmx.reporter = true
	auto.offset.reset = earliest
	bootstrap.servers = [PLAINTEXT://localhost:32769]
	check.crcs = true
	client.dns.lookup = use_all_dns_ips
	client.id = consumer-Consumer-topic-79646ef2_864b_486e_9d36_1757742657d0-10
	client.rack = 
	connections.max.idle.ms = 10000
	default.api.timeout.ms = 60000
	enable.auto.commit = true
	enable.metrics.push = true
	exclude.internal.topics = true
	fetch.max.bytes = 52428800
	fetch.max.wait.ms = 500
	fetch.min.bytes = 1
	group.id = Consumer-topic-79646ef2_864b_486e_9d36_1757742657d0
	group.instance.id = null
	group.protocol = classic
	group.remote.assignor = null
	heartbeat.interval.ms = 3000
	interceptor.classes = []
	internal.leave.group.on.close = true
	internal.throw.on.fetch.stable.offset.unsupported = false
	isolation.level = read_uncommitted
	key.deserializer = class org.apache.kafka.common.serialization.StringDeserializer
	max.partition.fetch.bytes = 1048576
	max.poll.interval.ms = 300000
	max.poll.records = 500
	metadata.max.age.ms = 300000
	metadata.recovery.strategy = none
	metric.reporters = []
	metrics.num.samples = 2
	metrics.recording.level = INFO
	metrics.sample.window.ms = 30000
	partition.assignment.strategy = [class org.apache.kafka.clients.consumer.RangeAssignor, class org.apache.kafka.clients.consumer.CooperativeStickyAssignor]
	receive.buffer.bytes = 65536
	reconnect.backoff.max.ms = 1000
	reconnect.backoff.ms = 50
	request.timeout.ms = 5000
	retry.backoff.max.ms = 1000
	retry.backoff.ms = 100
	sasl.client.callback.handler.class = null
	sasl.jaas.config = null
	sasl.kerberos.kinit.cmd = /usr/bin/kinit
	sasl.kerberos.min.time.before.relogin = 60000
	sasl.kerberos.service.name = null
	sasl.kerberos.ticket.renew.jitter = 0.05
	sasl.kerberos.ticket.renew.window.factor = 0.8
	sasl.login.callback.handler.class = null
	sasl.login.class = null
	sasl.login.connect.timeout.ms = null
	sasl.login.read.timeout.ms = null
	sasl.login.refresh.buffer.seconds = 300
	sasl.login.refresh.min.period.seconds = 60
	sasl.login.refresh.window.factor = 0.8
	sasl.login.refresh.window.jitter = 0.05
	sasl.login.retry.backoff.max.ms = 10000
	sasl.login.retry.backoff.ms = 100
	sasl.mechanism = GSSAPI
	sasl.oauthbearer.clock.skew.seconds = 30
	sasl.oauthbearer.expected.audience = null
	sasl.oauthbearer.expected.issuer = null
	sasl.oauthbearer.header.urlencode = false
	sasl.oauthbearer.jwks.endpoint.refresh.ms = 3600000
	sasl.oauthbearer.jwks.endpoint.retry.backoff.max.ms = 10000
	sasl.oauthbearer.jwks.endpoint.retry.backoff.ms = 100
	sasl.oauthbearer.jwks.endpoint.url = null
	sasl.oauthbearer.scope.claim.name = scope
	sasl.oauthbearer.sub.claim.name = sub
	sasl.oauthbearer.token.endpoint.url = null
	security.protocol = PLAINTEXT
	security.providers = null
	send.buffer.bytes = 131072
	session.timeout.ms = 45000
	socket.connection.setup.timeout.max.ms = 30000
	socket.connection.setup.timeout.ms = 10000
	ssl.cipher.suites = null
	ssl.enabled.protocols = [TLSv1.2, TLSv1.3]
	ssl.endpoint.identification.algorithm = https
	ssl.engine.factory.class = null
	ssl.key.password = null
	ssl.keymanager.algorithm = SunX509
	ssl.keystore.certificate.chain = null
	ssl.keystore.key = null
	ssl.keystore.location = null
	ssl.keystore.password = null
	ssl.keystore.type = JKS
	ssl.protocol = TLSv1.3
	ssl.provider = null
	ssl.secure.random.implementation = null
	ssl.trustmanager.algorithm = PKIX
	ssl.truststore.certificates = null
	ssl.truststore.location = null
	ssl.truststore.password = null
	ssl.truststore.type = JKS
	value.deserializer = class io.apicurio.registry.serde.avro.AvroKafkaDeserializer

2025-08-07 20:33:22,644 INFO  [org.apa.kaf.com.tel.int.KafkaMetricsCollector] (main) initializing Kafka metrics collector
2025-08-07 20:33:22,649 INFO  [org.apa.kaf.cli.Metadata] (kafka-producer-network-thread | Producer-topic-79646ef2_864b_486e_9d36_1757742657d0) [Producer clientId=Producer-topic-79646ef2_864b_486e_9d36_1757742657d0] Cluster ID: pU55guAKRSeYHTOWTlfVzQ
2025-08-07 20:33:22,649 INFO  [org.apa.kaf.cli.pro.int.TransactionManager] (kafka-producer-network-thread | Producer-topic-79646ef2_864b_486e_9d36_1757742657d0) [Producer clientId=Producer-topic-79646ef2_864b_486e_9d36_1757742657d0] ProducerId set to 12 with epoch 0
2025-08-07 20:33:22,654 INFO  [org.apa.kaf.cli.con.ConsumerConfig] (main) These configurations '[apicurio.registry.url]' were supplied but are not used yet.
2025-08-07 20:33:22,654 INFO  [org.apa.kaf.com.uti.AppInfoParser] (main) Kafka version: 3.9.1
2025-08-07 20:33:22,654 INFO  [org.apa.kaf.com.uti.AppInfoParser] (main) Kafka commitId: f745dfdcee2b9851
2025-08-07 20:33:22,654 INFO  [org.apa.kaf.com.uti.AppInfoParser] (main) Kafka startTimeMs: 1754598802654
2025-08-07 20:33:22,655 INFO  [io.api.tes.ser.api.KafkaSerdesTester] (Thread-672) Sending message {"key11754598801558": "value-0"} to topic topic-79646ef2_864b_486e_9d36_1757742657d0
2025-08-07 20:33:22,658 INFO  [DefaultSchemaResolver] (Thread-672) Retrieving schema content using string: {"type":"record","name":"s3a0b4604xc502x472dxb6f0xf0d72a960201","namespace":"ns_56562601_e029_4eb3_bc42_5151d983a970","fields":[{"name":"key11754598801558","type":"string"}]}
2025-08-07 20:33:22,686 INFO  [io.api.tes.ser.api.KafkaSerdesTester] (Thread-672) Sending message {"key11754598801558": "value-1"} to topic topic-79646ef2_864b_486e_9d36_1757742657d0
2025-08-07 20:33:22,688 INFO  [io.api.tes.ser.api.KafkaSerdesTester] (Thread-672) Sending message {"key11754598801558": "value-2"} to topic topic-79646ef2_864b_486e_9d36_1757742657d0
2025-08-07 20:33:22,689 INFO  [io.api.tes.ser.api.KafkaSerdesTester] (Thread-672) Sending message {"key11754598801558": "value-3"} to topic topic-79646ef2_864b_486e_9d36_1757742657d0
2025-08-07 20:33:22,690 INFO  [io.api.tes.ser.api.KafkaSerdesTester] (Thread-672) Sending message {"key11754598801558": "value-4"} to topic topic-79646ef2_864b_486e_9d36_1757742657d0
2025-08-07 20:33:22,691 INFO  [io.api.tes.ser.api.KafkaSerdesTester] (Thread-672) Sending message {"key11754598801558": "value-5"} to topic topic-79646ef2_864b_486e_9d36_1757742657d0
2025-08-07 20:33:22,693 INFO  [io.api.tes.ser.api.KafkaSerdesTester] (Thread-672) Sending message {"key11754598801558": "value-6"} to topic topic-79646ef2_864b_486e_9d36_1757742657d0
2025-08-07 20:33:22,697 INFO  [io.api.tes.ser.api.KafkaSerdesTester] (Thread-672) Sending message {"key11754598801558": "value-7"} to topic topic-79646ef2_864b_486e_9d36_1757742657d0
2025-08-07 20:33:22,698 INFO  [io.api.tes.ser.api.KafkaSerdesTester] (Thread-672) Sending message {"key11754598801558": "value-8"} to topic topic-79646ef2_864b_486e_9d36_1757742657d0
2025-08-07 20:33:22,701 INFO  [io.api.tes.ser.api.KafkaSerdesTester] (Thread-672) Sending message {"key11754598801558": "value-9"} to topic topic-79646ef2_864b_486e_9d36_1757742657d0
2025-08-07 20:33:22,705 INFO  [io.api.tes.ser.api.KafkaSerdesTester] (Thread-672) Produced 10 messages
2025-08-07 20:33:22,705 INFO  [org.apa.kaf.cli.pro.KafkaProducer] (Thread-672) [Producer clientId=Producer-topic-79646ef2_864b_486e_9d36_1757742657d0] Closing the Kafka producer with timeoutMillis = 9223372036854775807 ms.
2025-08-07 20:33:22,708 INFO  [org.apa.kaf.com.met.Metrics] (Thread-672) Metrics scheduler closed
2025-08-07 20:33:22,713 INFO  [org.apa.kaf.com.met.Metrics] (Thread-672) Closing reporter org.apache.kafka.common.metrics.JmxReporter
2025-08-07 20:33:22,713 INFO  [org.apa.kaf.com.met.Metrics] (Thread-672) Closing reporter org.apache.kafka.common.telemetry.internals.ClientTelemetryReporter
2025-08-07 20:33:22,713 INFO  [org.apa.kaf.com.met.Metrics] (Thread-672) Metrics reporters closed
2025-08-07 20:33:22,713 INFO  [org.apa.kaf.com.uti.AppInfoParser] (Thread-672) App info kafka.producer for Producer-topic-79646ef2_864b_486e_9d36_1757742657d0 unregistered
2025-08-07 20:33:22,715 INFO  [org.apa.kaf.cli.con.int.ClassicKafkaConsumer] (Thread-673) [Consumer clientId=consumer-Consumer-topic-79646ef2_864b_486e_9d36_1757742657d0-10, groupId=Consumer-topic-79646ef2_864b_486e_9d36_1757742657d0] Subscribed to topic(s): topic-79646ef2_864b_486e_9d36_1757742657d0
2025-08-07 20:33:22,719 INFO  [org.apa.kaf.cli.Metadata] (Thread-673) [Consumer clientId=consumer-Consumer-topic-79646ef2_864b_486e_9d36_1757742657d0-10, groupId=Consumer-topic-79646ef2_864b_486e_9d36_1757742657d0] Cluster ID: pU55guAKRSeYHTOWTlfVzQ
2025-08-07 20:33:22,720 INFO  [org.apa.kaf.cli.con.int.ConsumerCoordinator] (Thread-673) [Consumer clientId=consumer-Consumer-topic-79646ef2_864b_486e_9d36_1757742657d0-10, groupId=Consumer-topic-79646ef2_864b_486e_9d36_1757742657d0] Discovered group coordinator localhost:32769 (id: 2147483647 rack: null)
2025-08-07 20:33:22,723 INFO  [org.apa.kaf.cli.con.int.ConsumerCoordinator] (Thread-673) [Consumer clientId=consumer-Consumer-topic-79646ef2_864b_486e_9d36_1757742657d0-10, groupId=Consumer-topic-79646ef2_864b_486e_9d36_1757742657d0] (Re-)joining group
2025-08-07 20:33:22,727 INFO  [org.apa.kaf.cli.con.int.ConsumerCoordinator] (Thread-673) [Consumer clientId=consumer-Consumer-topic-79646ef2_864b_486e_9d36_1757742657d0-10, groupId=Consumer-topic-79646ef2_864b_486e_9d36_1757742657d0] Request joining group due to: need to re-join with the given member-id: consumer-Consumer-topic-79646ef2_864b_486e_9d36_1757742657d0-10-e2b84da2-9f7a-440b-87c4-b3b75c91d1fa
2025-08-07 20:33:22,727 INFO  [org.apa.kaf.cli.con.int.ConsumerCoordinator] (Thread-673) [Consumer clientId=consumer-Consumer-topic-79646ef2_864b_486e_9d36_1757742657d0-10, groupId=Consumer-topic-79646ef2_864b_486e_9d36_1757742657d0] (Re-)joining group
2025-08-07 20:33:23,715 INFO  [io.api.tes.ser.api.KafkaSerdesTester] (Thread-673) None found
2025-08-07 20:33:24,715 INFO  [io.api.tes.ser.api.KafkaSerdesTester] (Thread-673) None found
2025-08-07 20:33:25,715 INFO  [io.api.tes.ser.api.KafkaSerdesTester] (Thread-673) None found
2025-08-07 20:33:25,729 INFO  [org.apa.kaf.cli.con.int.ConsumerCoordinator] (Thread-673) [Consumer clientId=consumer-Consumer-topic-79646ef2_864b_486e_9d36_1757742657d0-10, groupId=Consumer-topic-79646ef2_864b_486e_9d36_1757742657d0] Successfully joined group with generation Generation{generationId=1, memberId='consumer-Consumer-topic-79646ef2_864b_486e_9d36_1757742657d0-10-e2b84da2-9f7a-440b-87c4-b3b75c91d1fa', protocol='range'}
2025-08-07 20:33:25,730 INFO  [org.apa.kaf.cli.con.int.ConsumerCoordinator] (Thread-673) [Consumer clientId=consumer-Consumer-topic-79646ef2_864b_486e_9d36_1757742657d0-10, groupId=Consumer-topic-79646ef2_864b_486e_9d36_1757742657d0] Finished assignment for group at generation 1: {consumer-Consumer-topic-79646ef2_864b_486e_9d36_1757742657d0-10-e2b84da2-9f7a-440b-87c4-b3b75c91d1fa=Assignment(partitions=[topic-79646ef2_864b_486e_9d36_1757742657d0-0])}
2025-08-07 20:33:25,737 INFO  [org.apa.kaf.cli.con.int.ConsumerCoordinator] (Thread-673) [Consumer clientId=consumer-Consumer-topic-79646ef2_864b_486e_9d36_1757742657d0-10, groupId=Consumer-topic-79646ef2_864b_486e_9d36_1757742657d0] Successfully synced group in generation Generation{generationId=1, memberId='consumer-Consumer-topic-79646ef2_864b_486e_9d36_1757742657d0-10-e2b84da2-9f7a-440b-87c4-b3b75c91d1fa', protocol='range'}
2025-08-07 20:33:25,737 INFO  [org.apa.kaf.cli.con.int.ConsumerCoordinator] (Thread-673) [Consumer clientId=consumer-Consumer-topic-79646ef2_864b_486e_9d36_1757742657d0-10, groupId=Consumer-topic-79646ef2_864b_486e_9d36_1757742657d0] Notifying assignor about the new Assignment(partitions=[topic-79646ef2_864b_486e_9d36_1757742657d0-0])
2025-08-07 20:33:25,737 INFO  [org.apa.kaf.cli.con.int.ConsumerRebalanceListenerInvoker] (Thread-673) [Consumer clientId=consumer-Consumer-topic-79646ef2_864b_486e_9d36_1757742657d0-10, groupId=Consumer-topic-79646ef2_864b_486e_9d36_1757742657d0] Adding newly assigned partitions: topic-79646ef2_864b_486e_9d36_1757742657d0-0
2025-08-07 20:33:25,738 INFO  [org.apa.kaf.cli.con.int.ConsumerCoordinator] (Thread-673) [Consumer clientId=consumer-Consumer-topic-79646ef2_864b_486e_9d36_1757742657d0-10, groupId=Consumer-topic-79646ef2_864b_486e_9d36_1757742657d0] Found no committed offset for partition topic-79646ef2_864b_486e_9d36_1757742657d0-0
2025-08-07 20:33:25,756 INFO  [org.apa.kaf.cli.con.int.SubscriptionState] (Thread-673) [Consumer clientId=consumer-Consumer-topic-79646ef2_864b_486e_9d36_1757742657d0-10, groupId=Consumer-topic-79646ef2_864b_486e_9d36_1757742657d0] Resetting offset for partition topic-79646ef2_864b_486e_9d36_1757742657d0-0 to position FetchPosition{offset=0, offsetEpoch=Optional.empty, currentLeader=LeaderAndEpoch{leader=Optional[localhost:32769 (id: 0 rack: null)], epoch=0}}.
2025-08-07 20:33:25,812 INFO  [io.api.tes.ser.api.KafkaSerdesTester] (Thread-673) topic-79646ef2_864b_486e_9d36_1757742657d0 0 0 {"key11754598801558": "value-0"}
2025-08-07 20:33:25,812 INFO  [io.api.tes.ser.api.KafkaSerdesTester] (Thread-673) topic-79646ef2_864b_486e_9d36_1757742657d0 0 1 {"key11754598801558": "value-1"}
2025-08-07 20:33:25,812 INFO  [io.api.tes.ser.api.KafkaSerdesTester] (Thread-673) topic-79646ef2_864b_486e_9d36_1757742657d0 0 2 {"key11754598801558": "value-2"}
2025-08-07 20:33:25,812 INFO  [io.api.tes.ser.api.KafkaSerdesTester] (Thread-673) topic-79646ef2_864b_486e_9d36_1757742657d0 0 3 {"key11754598801558": "value-3"}
2025-08-07 20:33:25,812 INFO  [io.api.tes.ser.api.KafkaSerdesTester] (Thread-673) topic-79646ef2_864b_486e_9d36_1757742657d0 0 4 {"key11754598801558": "value-4"}
2025-08-07 20:33:25,812 INFO  [io.api.tes.ser.api.KafkaSerdesTester] (Thread-673) topic-79646ef2_864b_486e_9d36_1757742657d0 0 5 {"key11754598801558": "value-5"}
2025-08-07 20:33:25,812 INFO  [io.api.tes.ser.api.KafkaSerdesTester] (Thread-673) topic-79646ef2_864b_486e_9d36_1757742657d0 0 6 {"key11754598801558": "value-6"}
2025-08-07 20:33:25,812 INFO  [io.api.tes.ser.api.KafkaSerdesTester] (Thread-673) topic-79646ef2_864b_486e_9d36_1757742657d0 0 7 {"key11754598801558": "value-7"}
2025-08-07 20:33:25,812 INFO  [io.api.tes.ser.api.KafkaSerdesTester] (Thread-673) topic-79646ef2_864b_486e_9d36_1757742657d0 0 8 {"key11754598801558": "value-8"}
2025-08-07 20:33:25,812 INFO  [io.api.tes.ser.api.KafkaSerdesTester] (Thread-673) topic-79646ef2_864b_486e_9d36_1757742657d0 0 9 {"key11754598801558": "value-9"}
2025-08-07 20:33:25,812 INFO  [io.api.tes.ser.api.KafkaSerdesTester] (Thread-673) Consumed 10 messages
2025-08-07 20:33:25,819 INFO  [org.apa.kaf.cli.con.int.ConsumerRebalanceListenerInvoker] (Thread-673) [Consumer clientId=consumer-Consumer-topic-79646ef2_864b_486e_9d36_1757742657d0-10, groupId=Consumer-topic-79646ef2_864b_486e_9d36_1757742657d0] Revoke previously assigned partitions topic-79646ef2_864b_486e_9d36_1757742657d0-0
2025-08-07 20:33:25,819 INFO  [org.apa.kaf.cli.con.int.ConsumerCoordinator] (Thread-673) [Consumer clientId=consumer-Consumer-topic-79646ef2_864b_486e_9d36_1757742657d0-10, groupId=Consumer-topic-79646ef2_864b_486e_9d36_1757742657d0] Member consumer-Consumer-topic-79646ef2_864b_486e_9d36_1757742657d0-10-e2b84da2-9f7a-440b-87c4-b3b75c91d1fa sending LeaveGroup request to coordinator localhost:32769 (id: 2147483647 rack: null) due to the consumer is being closed
2025-08-07 20:33:25,819 INFO  [org.apa.kaf.cli.con.int.ConsumerCoordinator] (Thread-673) [Consumer clientId=consumer-Consumer-topic-79646ef2_864b_486e_9d36_1757742657d0-10, groupId=Consumer-topic-79646ef2_864b_486e_9d36_1757742657d0] Resetting generation and member id due to: consumer pro-actively leaving the group
2025-08-07 20:33:25,820 INFO  [org.apa.kaf.cli.con.int.ConsumerCoordinator] (Thread-673) [Consumer clientId=consumer-Consumer-topic-79646ef2_864b_486e_9d36_1757742657d0-10, groupId=Consumer-topic-79646ef2_864b_486e_9d36_1757742657d0] Request joining group due to: consumer pro-actively leaving the group
2025-08-07 20:33:26,314 INFO  [org.apa.kaf.com.met.Metrics] (Thread-673) Metrics scheduler closed
2025-08-07 20:33:26,314 INFO  [org.apa.kaf.com.met.Metrics] (Thread-673) Closing reporter org.apache.kafka.common.metrics.JmxReporter
2025-08-07 20:33:26,314 INFO  [org.apa.kaf.com.met.Metrics] (Thread-673) Closing reporter org.apache.kafka.common.telemetry.internals.ClientTelemetryReporter
2025-08-07 20:33:26,314 INFO  [org.apa.kaf.com.met.Metrics] (Thread-673) Metrics reporters closed
2025-08-07 20:33:26,316 INFO  [org.apa.kaf.com.uti.AppInfoParser] (Thread-673) App info kafka.consumer for consumer-Consumer-topic-79646ef2_864b_486e_9d36_1757742657d0-10 unregistered
2025-08-07 20:33:26,317 INFO  [io.api.tes.ser.api.AvroSerdeIT] (main) Registering Avro Schema 2: {"type":"record","name":"s3a0b4604xc502x472dxb6f0xf0d72a960201","namespace":"ns_56562601_e029_4eb3_bc42_5151d983a970","fields":[{"name":"key11754598801558","type":"string"},{"name":"key21754598806316","type":"string"}]}
**** Registry Base URL: http://registry-app-ksql047.apps.ci419.apicurio-testing.org:80
2025-08-07 20:33:27,377 INFO  [org.apa.kaf.cli.pro.ProducerConfig] (main) ProducerConfig values: 
	acks = -1
	auto.include.jmx.reporter = true
	batch.size = 16384
	bootstrap.servers = [PLAINTEXT://localhost:32769]
	buffer.memory = 33554432
	client.dns.lookup = use_all_dns_ips
	client.id = Producer-topic-79646ef2_864b_486e_9d36_1757742657d0
	compression.gzip.level = -1
	compression.lz4.level = 9
	compression.type = none
	compression.zstd.level = 3
	connections.max.idle.ms = 10000
	delivery.timeout.ms = 120000
	enable.idempotence = true
	enable.metrics.push = true
	interceptor.classes = []
	key.serializer = class org.apache.kafka.common.serialization.StringSerializer
	linger.ms = 0
	max.block.ms = 60000
	max.in.flight.requests.per.connection = 5
	max.request.size = 1048576
	metadata.max.age.ms = 300000
	metadata.max.idle.ms = 300000
	metadata.recovery.strategy = none
	metric.reporters = []
	metrics.num.samples = 2
	metrics.recording.level = INFO
	metrics.sample.window.ms = 30000
	partitioner.adaptive.partitioning.enable = true
	partitioner.availability.timeout.ms = 0
	partitioner.class = null
	partitioner.ignore.keys = false
	receive.buffer.bytes = 32768
	reconnect.backoff.max.ms = 1000
	reconnect.backoff.ms = 50
	request.timeout.ms = 5000
	retries = 2147483647
	retry.backoff.max.ms = 1000
	retry.backoff.ms = 100
	sasl.client.callback.handler.class = null
	sasl.jaas.config = null
	sasl.kerberos.kinit.cmd = /usr/bin/kinit
	sasl.kerberos.min.time.before.relogin = 60000
	sasl.kerberos.service.name = null
	sasl.kerberos.ticket.renew.jitter = 0.05
	sasl.kerberos.ticket.renew.window.factor = 0.8
	sasl.login.callback.handler.class = null
	sasl.login.class = null
	sasl.login.connect.timeout.ms = null
	sasl.login.read.timeout.ms = null
	sasl.login.refresh.buffer.seconds = 300
	sasl.login.refresh.min.period.seconds = 60
	sasl.login.refresh.window.factor = 0.8
	sasl.login.refresh.window.jitter = 0.05
	sasl.login.retry.backoff.max.ms = 10000
	sasl.login.retry.backoff.ms = 100
	sasl.mechanism = GSSAPI
	sasl.oauthbearer.clock.skew.seconds = 30
	sasl.oauthbearer.expected.audience = null
	sasl.oauthbearer.expected.issuer = null
	sasl.oauthbearer.header.urlencode = false
	sasl.oauthbearer.jwks.endpoint.refresh.ms = 3600000
	sasl.oauthbearer.jwks.endpoint.retry.backoff.max.ms = 10000
	sasl.oauthbearer.jwks.endpoint.retry.backoff.ms = 100
	sasl.oauthbearer.jwks.endpoint.url = null
	sasl.oauthbearer.scope.claim.name = scope
	sasl.oauthbearer.sub.claim.name = sub
	sasl.oauthbearer.token.endpoint.url = null
	security.protocol = PLAINTEXT
	security.providers = null
	send.buffer.bytes = 131072
	socket.connection.setup.timeout.max.ms = 30000
	socket.connection.setup.timeout.ms = 10000
	ssl.cipher.suites = null
	ssl.enabled.protocols = [TLSv1.2, TLSv1.3]
	ssl.endpoint.identification.algorithm = https
	ssl.engine.factory.class = null
	ssl.key.password = null
	ssl.keymanager.algorithm = SunX509
	ssl.keystore.certificate.chain = null
	ssl.keystore.key = null
	ssl.keystore.location = null
	ssl.keystore.password = null
	ssl.keystore.type = JKS
	ssl.protocol = TLSv1.3
	ssl.provider = null
	ssl.secure.random.implementation = null
	ssl.trustmanager.algorithm = PKIX
	ssl.truststore.certificates = null
	ssl.truststore.location = null
	ssl.truststore.password = null
	ssl.truststore.type = JKS
	transaction.timeout.ms = 60000
	transactional.id = null
	value.serializer = class io.apicurio.registry.serde.avro.AvroKafkaSerializer

2025-08-07 20:33:27,377 INFO  [org.apa.kaf.com.tel.int.KafkaMetricsCollector] (main) initializing Kafka metrics collector
2025-08-07 20:33:27,380 INFO  [org.apa.kaf.cli.pro.KafkaProducer] (main) [Producer clientId=Producer-topic-79646ef2_864b_486e_9d36_1757742657d0] Instantiated an idempotent producer.
2025-08-07 20:33:27,381 INFO  [org.apa.kaf.cli.pro.ProducerConfig] (main) These configurations '[apicurio.registry.url, apicurio.registry.artifact-resolver-strategy]' were supplied but are not used yet.
2025-08-07 20:33:27,381 INFO  [org.apa.kaf.com.uti.AppInfoParser] (main) Kafka version: 3.9.1
2025-08-07 20:33:27,381 INFO  [org.apa.kaf.com.uti.AppInfoParser] (main) Kafka commitId: f745dfdcee2b9851
2025-08-07 20:33:27,381 INFO  [org.apa.kaf.com.uti.AppInfoParser] (main) Kafka startTimeMs: 1754598807381
2025-08-07 20:33:27,383 INFO  [io.api.tes.ser.api.KafkaSerdesTester] (Thread-676) Sending message {"key11754598801558": "value-0", "key21754598806316": "value-0"} to topic topic-79646ef2_864b_486e_9d36_1757742657d0
2025-08-07 20:33:27,385 INFO  [org.apa.kaf.cli.Metadata] (kafka-producer-network-thread | Producer-topic-79646ef2_864b_486e_9d36_1757742657d0) [Producer clientId=Producer-topic-79646ef2_864b_486e_9d36_1757742657d0] Cluster ID: pU55guAKRSeYHTOWTlfVzQ
2025-08-07 20:33:27,386 INFO  [org.apa.kaf.cli.pro.int.TransactionManager] (kafka-producer-network-thread | Producer-topic-79646ef2_864b_486e_9d36_1757742657d0) [Producer clientId=Producer-topic-79646ef2_864b_486e_9d36_1757742657d0] ProducerId set to 13 with epoch 0
2025-08-07 20:33:27,389 INFO  [DefaultSchemaResolver] (Thread-676) Retrieving schema content using string: {"type":"record","name":"s3a0b4604xc502x472dxb6f0xf0d72a960201","namespace":"ns_56562601_e029_4eb3_bc42_5151d983a970","fields":[{"name":"key11754598801558","type":"string"},{"name":"key21754598806316","type":"string"}]}
2025-08-07 20:33:27,418 INFO  [io.api.tes.ser.api.KafkaSerdesTester] (Thread-676) Sending message {"key11754598801558": "value-1", "key21754598806316": "value-1"} to topic topic-79646ef2_864b_486e_9d36_1757742657d0
2025-08-07 20:33:27,420 INFO  [io.api.tes.ser.api.KafkaSerdesTester] (Thread-676) Sending message {"key11754598801558": "value-2", "key21754598806316": "value-2"} to topic topic-79646ef2_864b_486e_9d36_1757742657d0
2025-08-07 20:33:27,425 INFO  [io.api.tes.ser.api.KafkaSerdesTester] (Thread-676) Sending message {"key11754598801558": "value-3", "key21754598806316": "value-3"} to topic topic-79646ef2_864b_486e_9d36_1757742657d0
2025-08-07 20:33:27,428 INFO  [io.api.tes.ser.api.KafkaSerdesTester] (Thread-676) Sending message {"key11754598801558": "value-4", "key21754598806316": "value-4"} to topic topic-79646ef2_864b_486e_9d36_1757742657d0
2025-08-07 20:33:27,432 INFO  [io.api.tes.ser.api.KafkaSerdesTester] (Thread-676) Sending message {"key11754598801558": "value-5", "key21754598806316": "value-5"} to topic topic-79646ef2_864b_486e_9d36_1757742657d0
2025-08-07 20:33:27,433 INFO  [io.api.tes.ser.api.KafkaSerdesTester] (Thread-676) Sending message {"key11754598801558": "value-6", "key21754598806316": "value-6"} to topic topic-79646ef2_864b_486e_9d36_1757742657d0
2025-08-07 20:33:27,436 INFO  [io.api.tes.ser.api.KafkaSerdesTester] (Thread-676) Sending message {"key11754598801558": "value-7", "key21754598806316": "value-7"} to topic topic-79646ef2_864b_486e_9d36_1757742657d0
2025-08-07 20:33:27,437 INFO  [io.api.tes.ser.api.KafkaSerdesTester] (Thread-676) Sending message {"key11754598801558": "value-8", "key21754598806316": "value-8"} to topic topic-79646ef2_864b_486e_9d36_1757742657d0
2025-08-07 20:33:27,438 INFO  [io.api.tes.ser.api.KafkaSerdesTester] (Thread-676) Sending message {"key11754598801558": "value-9", "key21754598806316": "value-9"} to topic topic-79646ef2_864b_486e_9d36_1757742657d0
2025-08-07 20:33:27,439 INFO  [io.api.tes.ser.api.KafkaSerdesTester] (Thread-676) Produced 10 messages
2025-08-07 20:33:27,439 INFO  [org.apa.kaf.cli.pro.KafkaProducer] (Thread-676) [Producer clientId=Producer-topic-79646ef2_864b_486e_9d36_1757742657d0] Closing the Kafka producer with timeoutMillis = 9223372036854775807 ms.
2025-08-07 20:33:27,441 INFO  [org.apa.kaf.com.met.Metrics] (Thread-676) Metrics scheduler closed
2025-08-07 20:33:27,441 INFO  [org.apa.kaf.com.met.Metrics] (Thread-676) Closing reporter org.apache.kafka.common.metrics.JmxReporter
2025-08-07 20:33:27,441 INFO  [org.apa.kaf.com.met.Metrics] (Thread-676) Closing reporter org.apache.kafka.common.telemetry.internals.ClientTelemetryReporter
2025-08-07 20:33:27,441 INFO  [org.apa.kaf.com.met.Metrics] (Thread-676) Metrics reporters closed
2025-08-07 20:33:27,441 INFO  [org.apa.kaf.com.uti.AppInfoParser] (Thread-676) App info kafka.producer for Producer-topic-79646ef2_864b_486e_9d36_1757742657d0 unregistered
**** Registry Base URL: http://registry-app-ksql047.apps.ci419.apicurio-testing.org:80
2025-08-07 20:33:27,442 INFO  [org.apa.kaf.cli.pro.ProducerConfig] (main) ProducerConfig values: 
	acks = -1
	auto.include.jmx.reporter = true
	batch.size = 16384
	bootstrap.servers = [PLAINTEXT://localhost:32769]
	buffer.memory = 33554432
	client.dns.lookup = use_all_dns_ips
	client.id = Producer-topic-79646ef2_864b_486e_9d36_1757742657d0
	compression.gzip.level = -1
	compression.lz4.level = 9
	compression.type = none
	compression.zstd.level = 3
	connections.max.idle.ms = 10000
	delivery.timeout.ms = 120000
	enable.idempotence = true
	enable.metrics.push = true
	interceptor.classes = []
	key.serializer = class org.apache.kafka.common.serialization.StringSerializer
	linger.ms = 0
	max.block.ms = 60000
	max.in.flight.requests.per.connection = 5
	max.request.size = 1048576
	metadata.max.age.ms = 300000
	metadata.max.idle.ms = 300000
	metadata.recovery.strategy = none
	metric.reporters = []
	metrics.num.samples = 2
	metrics.recording.level = INFO
	metrics.sample.window.ms = 30000
	partitioner.adaptive.partitioning.enable = true
	partitioner.availability.timeout.ms = 0
	partitioner.class = null
	partitioner.ignore.keys = false
	receive.buffer.bytes = 32768
	reconnect.backoff.max.ms = 1000
	reconnect.backoff.ms = 50
	request.timeout.ms = 5000
	retries = 2147483647
	retry.backoff.max.ms = 1000
	retry.backoff.ms = 100
	sasl.client.callback.handler.class = null
	sasl.jaas.config = null
	sasl.kerberos.kinit.cmd = /usr/bin/kinit
	sasl.kerberos.min.time.before.relogin = 60000
	sasl.kerberos.service.name = null
	sasl.kerberos.ticket.renew.jitter = 0.05
	sasl.kerberos.ticket.renew.window.factor = 0.8
	sasl.login.callback.handler.class = null
	sasl.login.class = null
	sasl.login.connect.timeout.ms = null
	sasl.login.read.timeout.ms = null
	sasl.login.refresh.buffer.seconds = 300
	sasl.login.refresh.min.period.seconds = 60
	sasl.login.refresh.window.factor = 0.8
	sasl.login.refresh.window.jitter = 0.05
	sasl.login.retry.backoff.max.ms = 10000
	sasl.login.retry.backoff.ms = 100
	sasl.mechanism = GSSAPI
	sasl.oauthbearer.clock.skew.seconds = 30
	sasl.oauthbearer.expected.audience = null
	sasl.oauthbearer.expected.issuer = null
	sasl.oauthbearer.header.urlencode = false
	sasl.oauthbearer.jwks.endpoint.refresh.ms = 3600000
	sasl.oauthbearer.jwks.endpoint.retry.backoff.max.ms = 10000
	sasl.oauthbearer.jwks.endpoint.retry.backoff.ms = 100
	sasl.oauthbearer.jwks.endpoint.url = null
	sasl.oauthbearer.scope.claim.name = scope
	sasl.oauthbearer.sub.claim.name = sub
	sasl.oauthbearer.token.endpoint.url = null
	security.protocol = PLAINTEXT
	security.providers = null
	send.buffer.bytes = 131072
	socket.connection.setup.timeout.max.ms = 30000
	socket.connection.setup.timeout.ms = 10000
	ssl.cipher.suites = null
	ssl.enabled.protocols = [TLSv1.2, TLSv1.3]
	ssl.endpoint.identification.algorithm = https
	ssl.engine.factory.class = null
	ssl.key.password = null
	ssl.keymanager.algorithm = SunX509
	ssl.keystore.certificate.chain = null
	ssl.keystore.key = null
	ssl.keystore.location = null
	ssl.keystore.password = null
	ssl.keystore.type = JKS
	ssl.protocol = TLSv1.3
	ssl.provider = null
	ssl.secure.random.implementation = null
	ssl.trustmanager.algorithm = PKIX
	ssl.truststore.certificates = null
	ssl.truststore.location = null
	ssl.truststore.password = null
	ssl.truststore.type = JKS
	transaction.timeout.ms = 60000
	transactional.id = null
	value.serializer = class io.apicurio.registry.serde.avro.AvroKafkaSerializer

2025-08-07 20:33:27,442 INFO  [org.apa.kaf.com.tel.int.KafkaMetricsCollector] (main) initializing Kafka metrics collector
2025-08-07 20:33:27,446 INFO  [org.apa.kaf.cli.pro.KafkaProducer] (main) [Producer clientId=Producer-topic-79646ef2_864b_486e_9d36_1757742657d0] Instantiated an idempotent producer.
2025-08-07 20:33:27,447 INFO  [org.apa.kaf.cli.pro.ProducerConfig] (main) These configurations '[apicurio.registry.url, apicurio.registry.artifact-resolver-strategy]' were supplied but are not used yet.
2025-08-07 20:33:27,447 INFO  [org.apa.kaf.com.uti.AppInfoParser] (main) Kafka version: 3.9.1
2025-08-07 20:33:27,447 INFO  [org.apa.kaf.com.uti.AppInfoParser] (main) Kafka commitId: f745dfdcee2b9851
2025-08-07 20:33:27,447 INFO  [org.apa.kaf.com.uti.AppInfoParser] (main) Kafka startTimeMs: 1754598807447
2025-08-07 20:33:27,447 INFO  [io.api.tes.ser.api.KafkaSerdesTester] (Thread-679) Sending message {"key11754598801558": "value-0"} to topic topic-79646ef2_864b_486e_9d36_1757742657d0
2025-08-07 20:33:27,450 INFO  [org.apa.kaf.cli.Metadata] (kafka-producer-network-thread | Producer-topic-79646ef2_864b_486e_9d36_1757742657d0) [Producer clientId=Producer-topic-79646ef2_864b_486e_9d36_1757742657d0] Cluster ID: pU55guAKRSeYHTOWTlfVzQ
2025-08-07 20:33:27,450 INFO  [org.apa.kaf.cli.pro.int.TransactionManager] (kafka-producer-network-thread | Producer-topic-79646ef2_864b_486e_9d36_1757742657d0) [Producer clientId=Producer-topic-79646ef2_864b_486e_9d36_1757742657d0] ProducerId set to 14 with epoch 0
2025-08-07 20:33:27,450 INFO  [DefaultSchemaResolver] (Thread-679) Retrieving schema content using string: {"type":"record","name":"s3a0b4604xc502x472dxb6f0xf0d72a960201","namespace":"ns_56562601_e029_4eb3_bc42_5151d983a970","fields":[{"name":"key11754598801558","type":"string"}]}
2025-08-07 20:33:27,478 INFO  [io.api.tes.ser.api.KafkaSerdesTester] (Thread-679) Sending message {"key11754598801558": "value-1"} to topic topic-79646ef2_864b_486e_9d36_1757742657d0
2025-08-07 20:33:27,479 INFO  [io.api.tes.ser.api.KafkaSerdesTester] (Thread-679) Sending message {"key11754598801558": "value-2"} to topic topic-79646ef2_864b_486e_9d36_1757742657d0
2025-08-07 20:33:27,481 INFO  [io.api.tes.ser.api.KafkaSerdesTester] (Thread-679) Sending message {"key11754598801558": "value-3"} to topic topic-79646ef2_864b_486e_9d36_1757742657d0
2025-08-07 20:33:27,482 INFO  [io.api.tes.ser.api.KafkaSerdesTester] (Thread-679) Sending message {"key11754598801558": "value-4"} to topic topic-79646ef2_864b_486e_9d36_1757742657d0
2025-08-07 20:33:27,484 INFO  [io.api.tes.ser.api.KafkaSerdesTester] (Thread-679) Sending message {"key11754598801558": "value-5"} to topic topic-79646ef2_864b_486e_9d36_1757742657d0
2025-08-07 20:33:27,489 INFO  [io.api.tes.ser.api.KafkaSerdesTester] (Thread-679) Sending message {"key11754598801558": "value-6"} to topic topic-79646ef2_864b_486e_9d36_1757742657d0
2025-08-07 20:33:27,492 INFO  [io.api.tes.ser.api.KafkaSerdesTester] (Thread-679) Sending message {"key11754598801558": "value-7"} to topic topic-79646ef2_864b_486e_9d36_1757742657d0
2025-08-07 20:33:27,493 INFO  [io.api.tes.ser.api.KafkaSerdesTester] (Thread-679) Sending message {"key11754598801558": "value-8"} to topic topic-79646ef2_864b_486e_9d36_1757742657d0
2025-08-07 20:33:27,495 INFO  [io.api.tes.ser.api.KafkaSerdesTester] (Thread-679) Sending message {"key11754598801558": "value-9"} to topic topic-79646ef2_864b_486e_9d36_1757742657d0
2025-08-07 20:33:27,497 INFO  [io.api.tes.ser.api.KafkaSerdesTester] (Thread-679) Produced 10 messages
2025-08-07 20:33:27,497 INFO  [org.apa.kaf.cli.pro.KafkaProducer] (Thread-679) [Producer clientId=Producer-topic-79646ef2_864b_486e_9d36_1757742657d0] Closing the Kafka producer with timeoutMillis = 9223372036854775807 ms.
2025-08-07 20:33:27,500 INFO  [org.apa.kaf.com.met.Metrics] (Thread-679) Metrics scheduler closed
2025-08-07 20:33:27,500 INFO  [org.apa.kaf.com.met.Metrics] (Thread-679) Closing reporter org.apache.kafka.common.metrics.JmxReporter
2025-08-07 20:33:27,500 INFO  [org.apa.kaf.com.met.Metrics] (Thread-679) Closing reporter org.apache.kafka.common.telemetry.internals.ClientTelemetryReporter
2025-08-07 20:33:27,500 INFO  [org.apa.kaf.com.met.Metrics] (Thread-679) Metrics reporters closed
2025-08-07 20:33:27,500 INFO  [org.apa.kaf.com.uti.AppInfoParser] (Thread-679) App info kafka.producer for Producer-topic-79646ef2_864b_486e_9d36_1757742657d0 unregistered
**** Registry Base URL: http://registry-app-ksql047.apps.ci419.apicurio-testing.org:80
2025-08-07 20:33:27,501 INFO  [org.apa.kaf.cli.con.ConsumerConfig] (main) ConsumerConfig values: 
	allow.auto.create.topics = true
	auto.commit.interval.ms = 500
	auto.include.jmx.reporter = true
	auto.offset.reset = earliest
	bootstrap.servers = [PLAINTEXT://localhost:32769]
	check.crcs = true
	client.dns.lookup = use_all_dns_ips
	client.id = consumer-Consumer-topic-79646ef2_864b_486e_9d36_1757742657d0-11
	client.rack = 
	connections.max.idle.ms = 10000
	default.api.timeout.ms = 60000
	enable.auto.commit = true
	enable.metrics.push = true
	exclude.internal.topics = true
	fetch.max.bytes = 52428800
	fetch.max.wait.ms = 500
	fetch.min.bytes = 1
	group.id = Consumer-topic-79646ef2_864b_486e_9d36_1757742657d0
	group.instance.id = null
	group.protocol = classic
	group.remote.assignor = null
	heartbeat.interval.ms = 3000
	interceptor.classes = []
	internal.leave.group.on.close = true
	internal.throw.on.fetch.stable.offset.unsupported = false
	isolation.level = read_uncommitted
	key.deserializer = class org.apache.kafka.common.serialization.StringDeserializer
	max.partition.fetch.bytes = 1048576
	max.poll.interval.ms = 300000
	max.poll.records = 500
	metadata.max.age.ms = 300000
	metadata.recovery.strategy = none
	metric.reporters = []
	metrics.num.samples = 2
	metrics.recording.level = INFO
	metrics.sample.window.ms = 30000
	partition.assignment.strategy = [class org.apache.kafka.clients.consumer.RangeAssignor, class org.apache.kafka.clients.consumer.CooperativeStickyAssignor]
	receive.buffer.bytes = 65536
	reconnect.backoff.max.ms = 1000
	reconnect.backoff.ms = 50
	request.timeout.ms = 5000
	retry.backoff.max.ms = 1000
	retry.backoff.ms = 100
	sasl.client.callback.handler.class = null
	sasl.jaas.config = null
	sasl.kerberos.kinit.cmd = /usr/bin/kinit
	sasl.kerberos.min.time.before.relogin = 60000
	sasl.kerberos.service.name = null
	sasl.kerberos.ticket.renew.jitter = 0.05
	sasl.kerberos.ticket.renew.window.factor = 0.8
	sasl.login.callback.handler.class = null
	sasl.login.class = null
	sasl.login.connect.timeout.ms = null
	sasl.login.read.timeout.ms = null
	sasl.login.refresh.buffer.seconds = 300
	sasl.login.refresh.min.period.seconds = 60
	sasl.login.refresh.window.factor = 0.8
	sasl.login.refresh.window.jitter = 0.05
	sasl.login.retry.backoff.max.ms = 10000
	sasl.login.retry.backoff.ms = 100
	sasl.mechanism = GSSAPI
	sasl.oauthbearer.clock.skew.seconds = 30
	sasl.oauthbearer.expected.audience = null
	sasl.oauthbearer.expected.issuer = null
	sasl.oauthbearer.header.urlencode = false
	sasl.oauthbearer.jwks.endpoint.refresh.ms = 3600000
	sasl.oauthbearer.jwks.endpoint.retry.backoff.max.ms = 10000
	sasl.oauthbearer.jwks.endpoint.retry.backoff.ms = 100
	sasl.oauthbearer.jwks.endpoint.url = null
	sasl.oauthbearer.scope.claim.name = scope
	sasl.oauthbearer.sub.claim.name = sub
	sasl.oauthbearer.token.endpoint.url = null
	security.protocol = PLAINTEXT
	security.providers = null
	send.buffer.bytes = 131072
	session.timeout.ms = 45000
	socket.connection.setup.timeout.max.ms = 30000
	socket.connection.setup.timeout.ms = 10000
	ssl.cipher.suites = null
	ssl.enabled.protocols = [TLSv1.2, TLSv1.3]
	ssl.endpoint.identification.algorithm = https
	ssl.engine.factory.class = null
	ssl.key.password = null
	ssl.keymanager.algorithm = SunX509
	ssl.keystore.certificate.chain = null
	ssl.keystore.key = null
	ssl.keystore.location = null
	ssl.keystore.password = null
	ssl.keystore.type = JKS
	ssl.protocol = TLSv1.3
	ssl.provider = null
	ssl.secure.random.implementation = null
	ssl.trustmanager.algorithm = PKIX
	ssl.truststore.certificates = null
	ssl.truststore.location = null
	ssl.truststore.password = null
	ssl.truststore.type = JKS
	value.deserializer = class io.apicurio.registry.serde.avro.AvroKafkaDeserializer

2025-08-07 20:33:27,502 INFO  [org.apa.kaf.com.tel.int.KafkaMetricsCollector] (main) initializing Kafka metrics collector
2025-08-07 20:33:27,510 INFO  [org.apa.kaf.cli.con.ConsumerConfig] (main) These configurations '[apicurio.registry.url]' were supplied but are not used yet.
2025-08-07 20:33:27,510 INFO  [org.apa.kaf.com.uti.AppInfoParser] (main) Kafka version: 3.9.1
2025-08-07 20:33:27,510 INFO  [org.apa.kaf.com.uti.AppInfoParser] (main) Kafka commitId: f745dfdcee2b9851
2025-08-07 20:33:27,510 INFO  [org.apa.kaf.com.uti.AppInfoParser] (main) Kafka startTimeMs: 1754598807510
2025-08-07 20:33:27,511 INFO  [org.apa.kaf.cli.con.int.ClassicKafkaConsumer] (Thread-682) [Consumer clientId=consumer-Consumer-topic-79646ef2_864b_486e_9d36_1757742657d0-11, groupId=Consumer-topic-79646ef2_864b_486e_9d36_1757742657d0] Subscribed to topic(s): topic-79646ef2_864b_486e_9d36_1757742657d0
2025-08-07 20:33:27,515 INFO  [org.apa.kaf.cli.Metadata] (Thread-682) [Consumer clientId=consumer-Consumer-topic-79646ef2_864b_486e_9d36_1757742657d0-11, groupId=Consumer-topic-79646ef2_864b_486e_9d36_1757742657d0] Cluster ID: pU55guAKRSeYHTOWTlfVzQ
2025-08-07 20:33:27,517 INFO  [org.apa.kaf.cli.con.int.ConsumerCoordinator] (Thread-682) [Consumer clientId=consumer-Consumer-topic-79646ef2_864b_486e_9d36_1757742657d0-11, groupId=Consumer-topic-79646ef2_864b_486e_9d36_1757742657d0] Discovered group coordinator localhost:32769 (id: 2147483647 rack: null)
2025-08-07 20:33:27,518 INFO  [org.apa.kaf.cli.con.int.ConsumerCoordinator] (Thread-682) [Consumer clientId=consumer-Consumer-topic-79646ef2_864b_486e_9d36_1757742657d0-11, groupId=Consumer-topic-79646ef2_864b_486e_9d36_1757742657d0] (Re-)joining group
2025-08-07 20:33:27,522 INFO  [org.apa.kaf.cli.con.int.ConsumerCoordinator] (Thread-682) [Consumer clientId=consumer-Consumer-topic-79646ef2_864b_486e_9d36_1757742657d0-11, groupId=Consumer-topic-79646ef2_864b_486e_9d36_1757742657d0] Request joining group due to: need to re-join with the given member-id: consumer-Consumer-topic-79646ef2_864b_486e_9d36_1757742657d0-11-7505d208-68b5-479f-9e09-72b41b9b9cc5
2025-08-07 20:33:27,522 INFO  [org.apa.kaf.cli.con.int.ConsumerCoordinator] (Thread-682) [Consumer clientId=consumer-Consumer-topic-79646ef2_864b_486e_9d36_1757742657d0-11, groupId=Consumer-topic-79646ef2_864b_486e_9d36_1757742657d0] (Re-)joining group
2025-08-07 20:33:28,511 INFO  [io.api.tes.ser.api.KafkaSerdesTester] (Thread-682) None found
2025-08-07 20:33:29,511 INFO  [io.api.tes.ser.api.KafkaSerdesTester] (Thread-682) None found
2025-08-07 20:33:30,511 INFO  [io.api.tes.ser.api.KafkaSerdesTester] (Thread-682) None found
2025-08-07 20:33:30,524 INFO  [org.apa.kaf.cli.con.int.ConsumerCoordinator] (Thread-682) [Consumer clientId=consumer-Consumer-topic-79646ef2_864b_486e_9d36_1757742657d0-11, groupId=Consumer-topic-79646ef2_864b_486e_9d36_1757742657d0] Successfully joined group with generation Generation{generationId=3, memberId='consumer-Consumer-topic-79646ef2_864b_486e_9d36_1757742657d0-11-7505d208-68b5-479f-9e09-72b41b9b9cc5', protocol='range'}
2025-08-07 20:33:30,524 INFO  [org.apa.kaf.cli.con.int.ConsumerCoordinator] (Thread-682) [Consumer clientId=consumer-Consumer-topic-79646ef2_864b_486e_9d36_1757742657d0-11, groupId=Consumer-topic-79646ef2_864b_486e_9d36_1757742657d0] Finished assignment for group at generation 3: {consumer-Consumer-topic-79646ef2_864b_486e_9d36_1757742657d0-11-7505d208-68b5-479f-9e09-72b41b9b9cc5=Assignment(partitions=[topic-79646ef2_864b_486e_9d36_1757742657d0-0])}
2025-08-07 20:33:30,531 INFO  [org.apa.kaf.cli.con.int.ConsumerCoordinator] (Thread-682) [Consumer clientId=consumer-Consumer-topic-79646ef2_864b_486e_9d36_1757742657d0-11, groupId=Consumer-topic-79646ef2_864b_486e_9d36_1757742657d0] Successfully synced group in generation Generation{generationId=3, memberId='consumer-Consumer-topic-79646ef2_864b_486e_9d36_1757742657d0-11-7505d208-68b5-479f-9e09-72b41b9b9cc5', protocol='range'}
2025-08-07 20:33:30,531 INFO  [org.apa.kaf.cli.con.int.ConsumerCoordinator] (Thread-682) [Consumer clientId=consumer-Consumer-topic-79646ef2_864b_486e_9d36_1757742657d0-11, groupId=Consumer-topic-79646ef2_864b_486e_9d36_1757742657d0] Notifying assignor about the new Assignment(partitions=[topic-79646ef2_864b_486e_9d36_1757742657d0-0])
2025-08-07 20:33:30,531 INFO  [org.apa.kaf.cli.con.int.ConsumerRebalanceListenerInvoker] (Thread-682) [Consumer clientId=consumer-Consumer-topic-79646ef2_864b_486e_9d36_1757742657d0-11, groupId=Consumer-topic-79646ef2_864b_486e_9d36_1757742657d0] Adding newly assigned partitions: topic-79646ef2_864b_486e_9d36_1757742657d0-0
2025-08-07 20:33:30,533 INFO  [org.apa.kaf.cli.con.int.ConsumerUtils] (Thread-682) Setting offset for partition topic-79646ef2_864b_486e_9d36_1757742657d0-0 to the committed offset FetchPosition{offset=10, offsetEpoch=Optional[0], currentLeader=LeaderAndEpoch{leader=Optional[localhost:32769 (id: 0 rack: null)], epoch=0}}
2025-08-07 20:33:30,607 INFO  [io.api.tes.ser.api.KafkaSerdesTester] (Thread-682) topic-79646ef2_864b_486e_9d36_1757742657d0 0 10 {"key11754598801558": "value-0", "key21754598806316": "value-0"}
2025-08-07 20:33:30,607 INFO  [io.api.tes.ser.api.KafkaSerdesTester] (Thread-682) topic-79646ef2_864b_486e_9d36_1757742657d0 0 11 {"key11754598801558": "value-1", "key21754598806316": "value-1"}
2025-08-07 20:33:30,608 INFO  [io.api.tes.ser.api.KafkaSerdesTester] (Thread-682) topic-79646ef2_864b_486e_9d36_1757742657d0 0 12 {"key11754598801558": "value-2", "key21754598806316": "value-2"}
2025-08-07 20:33:30,608 INFO  [io.api.tes.ser.api.KafkaSerdesTester] (Thread-682) topic-79646ef2_864b_486e_9d36_1757742657d0 0 13 {"key11754598801558": "value-3", "key21754598806316": "value-3"}
2025-08-07 20:33:30,608 INFO  [io.api.tes.ser.api.KafkaSerdesTester] (Thread-682) topic-79646ef2_864b_486e_9d36_1757742657d0 0 14 {"key11754598801558": "value-4", "key21754598806316": "value-4"}
2025-08-07 20:33:30,608 INFO  [io.api.tes.ser.api.KafkaSerdesTester] (Thread-682) topic-79646ef2_864b_486e_9d36_1757742657d0 0 15 {"key11754598801558": "value-5", "key21754598806316": "value-5"}
2025-08-07 20:33:30,608 INFO  [io.api.tes.ser.api.KafkaSerdesTester] (Thread-682) topic-79646ef2_864b_486e_9d36_1757742657d0 0 16 {"key11754598801558": "value-6", "key21754598806316": "value-6"}
2025-08-07 20:33:30,608 INFO  [io.api.tes.ser.api.KafkaSerdesTester] (Thread-682) topic-79646ef2_864b_486e_9d36_1757742657d0 0 17 {"key11754598801558": "value-7", "key21754598806316": "value-7"}
2025-08-07 20:33:30,608 INFO  [io.api.tes.ser.api.KafkaSerdesTester] (Thread-682) topic-79646ef2_864b_486e_9d36_1757742657d0 0 18 {"key11754598801558": "value-8", "key21754598806316": "value-8"}
2025-08-07 20:33:30,608 INFO  [io.api.tes.ser.api.KafkaSerdesTester] (Thread-682) topic-79646ef2_864b_486e_9d36_1757742657d0 0 19 {"key11754598801558": "value-9", "key21754598806316": "value-9"}
2025-08-07 20:33:30,608 INFO  [io.api.tes.ser.api.KafkaSerdesTester] (Thread-682) topic-79646ef2_864b_486e_9d36_1757742657d0 0 20 {"key11754598801558": "value-0"}
2025-08-07 20:33:30,608 INFO  [io.api.tes.ser.api.KafkaSerdesTester] (Thread-682) topic-79646ef2_864b_486e_9d36_1757742657d0 0 21 {"key11754598801558": "value-1"}
2025-08-07 20:33:30,608 INFO  [io.api.tes.ser.api.KafkaSerdesTester] (Thread-682) topic-79646ef2_864b_486e_9d36_1757742657d0 0 22 {"key11754598801558": "value-2"}
2025-08-07 20:33:30,608 INFO  [io.api.tes.ser.api.KafkaSerdesTester] (Thread-682) topic-79646ef2_864b_486e_9d36_1757742657d0 0 23 {"key11754598801558": "value-3"}
2025-08-07 20:33:30,608 INFO  [io.api.tes.ser.api.KafkaSerdesTester] (Thread-682) topic-79646ef2_864b_486e_9d36_1757742657d0 0 24 {"key11754598801558": "value-4"}
2025-08-07 20:33:30,608 INFO  [io.api.tes.ser.api.KafkaSerdesTester] (Thread-682) topic-79646ef2_864b_486e_9d36_1757742657d0 0 25 {"key11754598801558": "value-5"}
2025-08-07 20:33:30,608 INFO  [io.api.tes.ser.api.KafkaSerdesTester] (Thread-682) topic-79646ef2_864b_486e_9d36_1757742657d0 0 26 {"key11754598801558": "value-6"}
2025-08-07 20:33:30,608 INFO  [io.api.tes.ser.api.KafkaSerdesTester] (Thread-682) topic-79646ef2_864b_486e_9d36_1757742657d0 0 27 {"key11754598801558": "value-7"}
2025-08-07 20:33:30,608 INFO  [io.api.tes.ser.api.KafkaSerdesTester] (Thread-682) topic-79646ef2_864b_486e_9d36_1757742657d0 0 28 {"key11754598801558": "value-8"}
2025-08-07 20:33:30,608 INFO  [io.api.tes.ser.api.KafkaSerdesTester] (Thread-682) topic-79646ef2_864b_486e_9d36_1757742657d0 0 29 {"key11754598801558": "value-9"}
2025-08-07 20:33:30,608 INFO  [io.api.tes.ser.api.KafkaSerdesTester] (Thread-682) Consumed 20 messages
2025-08-07 20:33:30,615 INFO  [org.apa.kaf.cli.con.int.ConsumerRebalanceListenerInvoker] (Thread-682) [Consumer clientId=consumer-Consumer-topic-79646ef2_864b_486e_9d36_1757742657d0-11, groupId=Consumer-topic-79646ef2_864b_486e_9d36_1757742657d0] Revoke previously assigned partitions topic-79646ef2_864b_486e_9d36_1757742657d0-0
2025-08-07 20:33:30,615 INFO  [org.apa.kaf.cli.con.int.ConsumerCoordinator] (Thread-682) [Consumer clientId=consumer-Consumer-topic-79646ef2_864b_486e_9d36_1757742657d0-11, groupId=Consumer-topic-79646ef2_864b_486e_9d36_1757742657d0] Member consumer-Consumer-topic-79646ef2_864b_486e_9d36_1757742657d0-11-7505d208-68b5-479f-9e09-72b41b9b9cc5 sending LeaveGroup request to coordinator localhost:32769 (id: 2147483647 rack: null) due to the consumer is being closed
2025-08-07 20:33:30,615 INFO  [org.apa.kaf.cli.con.int.ConsumerCoordinator] (Thread-682) [Consumer clientId=consumer-Consumer-topic-79646ef2_864b_486e_9d36_1757742657d0-11, groupId=Consumer-topic-79646ef2_864b_486e_9d36_1757742657d0] Resetting generation and member id due to: consumer pro-actively leaving the group
2025-08-07 20:33:30,615 INFO  [org.apa.kaf.cli.con.int.ConsumerCoordinator] (Thread-682) [Consumer clientId=consumer-Consumer-topic-79646ef2_864b_486e_9d36_1757742657d0-11, groupId=Consumer-topic-79646ef2_864b_486e_9d36_1757742657d0] Request joining group due to: consumer pro-actively leaving the group
2025-08-07 20:33:31,109 INFO  [org.apa.kaf.com.met.Metrics] (Thread-682) Metrics scheduler closed
2025-08-07 20:33:31,109 INFO  [org.apa.kaf.com.met.Metrics] (Thread-682) Closing reporter org.apache.kafka.common.metrics.JmxReporter
2025-08-07 20:33:31,109 INFO  [org.apa.kaf.com.met.Metrics] (Thread-682) Closing reporter org.apache.kafka.common.telemetry.internals.ClientTelemetryReporter
2025-08-07 20:33:31,109 INFO  [org.apa.kaf.com.met.Metrics] (Thread-682) Metrics reporters closed
2025-08-07 20:33:31,111 INFO  [org.apa.kaf.com.uti.AppInfoParser] (Thread-682) App info kafka.consumer for consumer-Consumer-topic-79646ef2_864b_486e_9d36_1757742657d0-11 unregistered
2025-08-07 20:33:31,112 INFO  [io.api.tes.ser.api.AvroSerdeIT] (main) Registering Avro Schema 3: {"type":"record","name":"s3a0b4604xc502x472dxb6f0xf0d72a960201","namespace":"ns_56562601_e029_4eb3_bc42_5151d983a970","fields":[{"name":"key11754598801558","type":"string"},{"name":"key21754598806316","type":"string"},{"name":"key31754598811112","type":"string"}]}
**** Registry Base URL: http://registry-app-ksql047.apps.ci419.apicurio-testing.org:80
2025-08-07 20:33:32,178 INFO  [org.apa.kaf.cli.pro.ProducerConfig] (main) ProducerConfig values: 
	acks = -1
	auto.include.jmx.reporter = true
	batch.size = 16384
	bootstrap.servers = [PLAINTEXT://localhost:32769]
	buffer.memory = 33554432
	client.dns.lookup = use_all_dns_ips
	client.id = Producer-topic-79646ef2_864b_486e_9d36_1757742657d0
	compression.gzip.level = -1
	compression.lz4.level = 9
	compression.type = none
	compression.zstd.level = 3
	connections.max.idle.ms = 10000
	delivery.timeout.ms = 120000
	enable.idempotence = true
	enable.metrics.push = true
	interceptor.classes = []
	key.serializer = class org.apache.kafka.common.serialization.StringSerializer
	linger.ms = 0
	max.block.ms = 60000
	max.in.flight.requests.per.connection = 5
	max.request.size = 1048576
	metadata.max.age.ms = 300000
	metadata.max.idle.ms = 300000
	metadata.recovery.strategy = none
	metric.reporters = []
	metrics.num.samples = 2
	metrics.recording.level = INFO
	metrics.sample.window.ms = 30000
	partitioner.adaptive.partitioning.enable = true
	partitioner.availability.timeout.ms = 0
	partitioner.class = null
	partitioner.ignore.keys = false
	receive.buffer.bytes = 32768
	reconnect.backoff.max.ms = 1000
	reconnect.backoff.ms = 50
	request.timeout.ms = 5000
	retries = 2147483647
	retry.backoff.max.ms = 1000
	retry.backoff.ms = 100
	sasl.client.callback.handler.class = null
	sasl.jaas.config = null
	sasl.kerberos.kinit.cmd = /usr/bin/kinit
	sasl.kerberos.min.time.before.relogin = 60000
	sasl.kerberos.service.name = null
	sasl.kerberos.ticket.renew.jitter = 0.05
	sasl.kerberos.ticket.renew.window.factor = 0.8
	sasl.login.callback.handler.class = null
	sasl.login.class = null
	sasl.login.connect.timeout.ms = null
	sasl.login.read.timeout.ms = null
	sasl.login.refresh.buffer.seconds = 300
	sasl.login.refresh.min.period.seconds = 60
	sasl.login.refresh.window.factor = 0.8
	sasl.login.refresh.window.jitter = 0.05
	sasl.login.retry.backoff.max.ms = 10000
	sasl.login.retry.backoff.ms = 100
	sasl.mechanism = GSSAPI
	sasl.oauthbearer.clock.skew.seconds = 30
	sasl.oauthbearer.expected.audience = null
	sasl.oauthbearer.expected.issuer = null
	sasl.oauthbearer.header.urlencode = false
	sasl.oauthbearer.jwks.endpoint.refresh.ms = 3600000
	sasl.oauthbearer.jwks.endpoint.retry.backoff.max.ms = 10000
	sasl.oauthbearer.jwks.endpoint.retry.backoff.ms = 100
	sasl.oauthbearer.jwks.endpoint.url = null
	sasl.oauthbearer.scope.claim.name = scope
	sasl.oauthbearer.sub.claim.name = sub
	sasl.oauthbearer.token.endpoint.url = null
	security.protocol = PLAINTEXT
	security.providers = null
	send.buffer.bytes = 131072
	socket.connection.setup.timeout.max.ms = 30000
	socket.connection.setup.timeout.ms = 10000
	ssl.cipher.suites = null
	ssl.enabled.protocols = [TLSv1.2, TLSv1.3]
	ssl.endpoint.identification.algorithm = https
	ssl.engine.factory.class = null
	ssl.key.password = null
	ssl.keymanager.algorithm = SunX509
	ssl.keystore.certificate.chain = null
	ssl.keystore.key = null
	ssl.keystore.location = null
	ssl.keystore.password = null
	ssl.keystore.type = JKS
	ssl.protocol = TLSv1.3
	ssl.provider = null
	ssl.secure.random.implementation = null
	ssl.trustmanager.algorithm = PKIX
	ssl.truststore.certificates = null
	ssl.truststore.location = null
	ssl.truststore.password = null
	ssl.truststore.type = JKS
	transaction.timeout.ms = 60000
	transactional.id = null
	value.serializer = class io.apicurio.registry.serde.avro.AvroKafkaSerializer

2025-08-07 20:33:32,179 INFO  [org.apa.kaf.com.tel.int.KafkaMetricsCollector] (main) initializing Kafka metrics collector
2025-08-07 20:33:32,182 INFO  [org.apa.kaf.cli.pro.KafkaProducer] (main) [Producer clientId=Producer-topic-79646ef2_864b_486e_9d36_1757742657d0] Instantiated an idempotent producer.
2025-08-07 20:33:32,184 INFO  [org.apa.kaf.cli.pro.ProducerConfig] (main) These configurations '[apicurio.registry.url, apicurio.registry.artifact-resolver-strategy]' were supplied but are not used yet.
2025-08-07 20:33:32,184 INFO  [org.apa.kaf.com.uti.AppInfoParser] (main) Kafka version: 3.9.1
2025-08-07 20:33:32,184 INFO  [org.apa.kaf.com.uti.AppInfoParser] (main) Kafka commitId: f745dfdcee2b9851
2025-08-07 20:33:32,184 INFO  [org.apa.kaf.com.uti.AppInfoParser] (main) Kafka startTimeMs: 1754598812184
2025-08-07 20:33:32,184 INFO  [io.api.tes.ser.api.KafkaSerdesTester] (Thread-685) Sending message {"key11754598801558": "value-0", "key21754598806316": "value-0", "key31754598811112": "value-0"} to topic topic-79646ef2_864b_486e_9d36_1757742657d0
2025-08-07 20:33:32,188 INFO  [org.apa.kaf.cli.Metadata] (kafka-producer-network-thread | Producer-topic-79646ef2_864b_486e_9d36_1757742657d0) [Producer clientId=Producer-topic-79646ef2_864b_486e_9d36_1757742657d0] Cluster ID: pU55guAKRSeYHTOWTlfVzQ
2025-08-07 20:33:32,188 INFO  [org.apa.kaf.cli.pro.int.TransactionManager] (kafka-producer-network-thread | Producer-topic-79646ef2_864b_486e_9d36_1757742657d0) [Producer clientId=Producer-topic-79646ef2_864b_486e_9d36_1757742657d0] ProducerId set to 15 with epoch 0
2025-08-07 20:33:32,188 INFO  [DefaultSchemaResolver] (Thread-685) Retrieving schema content using string: {"type":"record","name":"s3a0b4604xc502x472dxb6f0xf0d72a960201","namespace":"ns_56562601_e029_4eb3_bc42_5151d983a970","fields":[{"name":"key11754598801558","type":"string"},{"name":"key21754598806316","type":"string"},{"name":"key31754598811112","type":"string"}]}
2025-08-07 20:33:32,231 INFO  [io.api.tes.ser.api.KafkaSerdesTester] (Thread-685) Sending message {"key11754598801558": "value-1", "key21754598806316": "value-1", "key31754598811112": "value-1"} to topic topic-79646ef2_864b_486e_9d36_1757742657d0
2025-08-07 20:33:32,233 INFO  [io.api.tes.ser.api.KafkaSerdesTester] (Thread-685) Sending message {"key11754598801558": "value-2", "key21754598806316": "value-2", "key31754598811112": "value-2"} to topic topic-79646ef2_864b_486e_9d36_1757742657d0
2025-08-07 20:33:32,235 INFO  [io.api.tes.ser.api.KafkaSerdesTester] (Thread-685) Sending message {"key11754598801558": "value-3", "key21754598806316": "value-3", "key31754598811112": "value-3"} to topic topic-79646ef2_864b_486e_9d36_1757742657d0
2025-08-07 20:33:32,237 INFO  [io.api.tes.ser.api.KafkaSerdesTester] (Thread-685) Sending message {"key11754598801558": "value-4", "key21754598806316": "value-4", "key31754598811112": "value-4"} to topic topic-79646ef2_864b_486e_9d36_1757742657d0
2025-08-07 20:33:32,238 INFO  [io.api.tes.ser.api.KafkaSerdesTester] (Thread-685) Sending message {"key11754598801558": "value-5", "key21754598806316": "value-5", "key31754598811112": "value-5"} to topic topic-79646ef2_864b_486e_9d36_1757742657d0
2025-08-07 20:33:32,240 INFO  [io.api.tes.ser.api.KafkaSerdesTester] (Thread-685) Sending message {"key11754598801558": "value-6", "key21754598806316": "value-6", "key31754598811112": "value-6"} to topic topic-79646ef2_864b_486e_9d36_1757742657d0
2025-08-07 20:33:32,245 INFO  [io.api.tes.ser.api.KafkaSerdesTester] (Thread-685) Sending message {"key11754598801558": "value-7", "key21754598806316": "value-7", "key31754598811112": "value-7"} to topic topic-79646ef2_864b_486e_9d36_1757742657d0
2025-08-07 20:33:32,250 INFO  [io.api.tes.ser.api.KafkaSerdesTester] (Thread-685) Sending message {"key11754598801558": "value-8", "key21754598806316": "value-8", "key31754598811112": "value-8"} to topic topic-79646ef2_864b_486e_9d36_1757742657d0
2025-08-07 20:33:32,253 INFO  [io.api.tes.ser.api.KafkaSerdesTester] (Thread-685) Sending message {"key11754598801558": "value-9", "key21754598806316": "value-9", "key31754598811112": "value-9"} to topic topic-79646ef2_864b_486e_9d36_1757742657d0
2025-08-07 20:33:32,254 INFO  [io.api.tes.ser.api.KafkaSerdesTester] (Thread-685) Produced 10 messages
2025-08-07 20:33:32,254 INFO  [org.apa.kaf.cli.pro.KafkaProducer] (Thread-685) [Producer clientId=Producer-topic-79646ef2_864b_486e_9d36_1757742657d0] Closing the Kafka producer with timeoutMillis = 9223372036854775807 ms.
2025-08-07 20:33:32,257 INFO  [org.apa.kaf.com.met.Metrics] (Thread-685) Metrics scheduler closed
2025-08-07 20:33:32,257 INFO  [org.apa.kaf.com.met.Metrics] (Thread-685) Closing reporter org.apache.kafka.common.metrics.JmxReporter
2025-08-07 20:33:32,257 INFO  [org.apa.kaf.com.met.Metrics] (Thread-685) Closing reporter org.apache.kafka.common.telemetry.internals.ClientTelemetryReporter
2025-08-07 20:33:32,257 INFO  [org.apa.kaf.com.met.Metrics] (Thread-685) Metrics reporters closed
2025-08-07 20:33:32,258 INFO  [org.apa.kaf.com.uti.AppInfoParser] (Thread-685) App info kafka.producer for Producer-topic-79646ef2_864b_486e_9d36_1757742657d0 unregistered
**** Registry Base URL: http://registry-app-ksql047.apps.ci419.apicurio-testing.org:80
2025-08-07 20:33:32,259 INFO  [org.apa.kaf.cli.pro.ProducerConfig] (main) ProducerConfig values: 
	acks = -1
	auto.include.jmx.reporter = true
	batch.size = 16384
	bootstrap.servers = [PLAINTEXT://localhost:32769]
	buffer.memory = 33554432
	client.dns.lookup = use_all_dns_ips
	client.id = Producer-topic-79646ef2_864b_486e_9d36_1757742657d0
	compression.gzip.level = -1
	compression.lz4.level = 9
	compression.type = none
	compression.zstd.level = 3
	connections.max.idle.ms = 10000
	delivery.timeout.ms = 120000
	enable.idempotence = true
	enable.metrics.push = true
	interceptor.classes = []
	key.serializer = class org.apache.kafka.common.serialization.StringSerializer
	linger.ms = 0
	max.block.ms = 60000
	max.in.flight.requests.per.connection = 5
	max.request.size = 1048576
	metadata.max.age.ms = 300000
	metadata.max.idle.ms = 300000
	metadata.recovery.strategy = none
	metric.reporters = []
	metrics.num.samples = 2
	metrics.recording.level = INFO
	metrics.sample.window.ms = 30000
	partitioner.adaptive.partitioning.enable = true
	partitioner.availability.timeout.ms = 0
	partitioner.class = null
	partitioner.ignore.keys = false
	receive.buffer.bytes = 32768
	reconnect.backoff.max.ms = 1000
	reconnect.backoff.ms = 50
	request.timeout.ms = 5000
	retries = 2147483647
	retry.backoff.max.ms = 1000
	retry.backoff.ms = 100
	sasl.client.callback.handler.class = null
	sasl.jaas.config = null
	sasl.kerberos.kinit.cmd = /usr/bin/kinit
	sasl.kerberos.min.time.before.relogin = 60000
	sasl.kerberos.service.name = null
	sasl.kerberos.ticket.renew.jitter = 0.05
	sasl.kerberos.ticket.renew.window.factor = 0.8
	sasl.login.callback.handler.class = null
	sasl.login.class = null
	sasl.login.connect.timeout.ms = null
	sasl.login.read.timeout.ms = null
	sasl.login.refresh.buffer.seconds = 300
	sasl.login.refresh.min.period.seconds = 60
	sasl.login.refresh.window.factor = 0.8
	sasl.login.refresh.window.jitter = 0.05
	sasl.login.retry.backoff.max.ms = 10000
	sasl.login.retry.backoff.ms = 100
	sasl.mechanism = GSSAPI
	sasl.oauthbearer.clock.skew.seconds = 30
	sasl.oauthbearer.expected.audience = null
	sasl.oauthbearer.expected.issuer = null
	sasl.oauthbearer.header.urlencode = false
	sasl.oauthbearer.jwks.endpoint.refresh.ms = 3600000
	sasl.oauthbearer.jwks.endpoint.retry.backoff.max.ms = 10000
	sasl.oauthbearer.jwks.endpoint.retry.backoff.ms = 100
	sasl.oauthbearer.jwks.endpoint.url = null
	sasl.oauthbearer.scope.claim.name = scope
	sasl.oauthbearer.sub.claim.name = sub
	sasl.oauthbearer.token.endpoint.url = null
	security.protocol = PLAINTEXT
	security.providers = null
	send.buffer.bytes = 131072
	socket.connection.setup.timeout.max.ms = 30000
	socket.connection.setup.timeout.ms = 10000
	ssl.cipher.suites = null
	ssl.enabled.protocols = [TLSv1.2, TLSv1.3]
	ssl.endpoint.identification.algorithm = https
	ssl.engine.factory.class = null
	ssl.key.password = null
	ssl.keymanager.algorithm = SunX509
	ssl.keystore.certificate.chain = null
	ssl.keystore.key = null
	ssl.keystore.location = null
	ssl.keystore.password = null
	ssl.keystore.type = JKS
	ssl.protocol = TLSv1.3
	ssl.provider = null
	ssl.secure.random.implementation = null
	ssl.trustmanager.algorithm = PKIX
	ssl.truststore.certificates = null
	ssl.truststore.location = null
	ssl.truststore.password = null
	ssl.truststore.type = JKS
	transaction.timeout.ms = 60000
	transactional.id = null
	value.serializer = class io.apicurio.registry.serde.avro.AvroKafkaSerializer

2025-08-07 20:33:32,259 INFO  [org.apa.kaf.com.tel.int.KafkaMetricsCollector] (main) initializing Kafka metrics collector
2025-08-07 20:33:32,268 INFO  [org.apa.kaf.cli.pro.KafkaProducer] (main) [Producer clientId=Producer-topic-79646ef2_864b_486e_9d36_1757742657d0] Instantiated an idempotent producer.
2025-08-07 20:33:32,274 INFO  [org.apa.kaf.cli.pro.ProducerConfig] (main) These configurations '[apicurio.registry.url, apicurio.registry.artifact-resolver-strategy]' were supplied but are not used yet.
2025-08-07 20:33:32,274 INFO  [org.apa.kaf.com.uti.AppInfoParser] (main) Kafka version: 3.9.1
2025-08-07 20:33:32,275 INFO  [org.apa.kaf.com.uti.AppInfoParser] (main) Kafka commitId: f745dfdcee2b9851
2025-08-07 20:33:32,275 INFO  [org.apa.kaf.com.uti.AppInfoParser] (main) Kafka startTimeMs: 1754598812274
2025-08-07 20:33:32,277 INFO  [io.api.tes.ser.api.KafkaSerdesTester] (Thread-688) Sending message {"key11754598801558": "value-0", "key21754598806316": "value-0"} to topic topic-79646ef2_864b_486e_9d36_1757742657d0
2025-08-07 20:33:32,280 INFO  [org.apa.kaf.cli.Metadata] (kafka-producer-network-thread | Producer-topic-79646ef2_864b_486e_9d36_1757742657d0) [Producer clientId=Producer-topic-79646ef2_864b_486e_9d36_1757742657d0] Cluster ID: pU55guAKRSeYHTOWTlfVzQ
2025-08-07 20:33:32,280 INFO  [DefaultSchemaResolver] (Thread-688) Retrieving schema content using string: {"type":"record","name":"s3a0b4604xc502x472dxb6f0xf0d72a960201","namespace":"ns_56562601_e029_4eb3_bc42_5151d983a970","fields":[{"name":"key11754598801558","type":"string"},{"name":"key21754598806316","type":"string"}]}
2025-08-07 20:33:32,281 INFO  [org.apa.kaf.cli.pro.int.TransactionManager] (kafka-producer-network-thread | Producer-topic-79646ef2_864b_486e_9d36_1757742657d0) [Producer clientId=Producer-topic-79646ef2_864b_486e_9d36_1757742657d0] ProducerId set to 16 with epoch 0
2025-08-07 20:33:32,318 INFO  [io.api.tes.ser.api.KafkaSerdesTester] (Thread-688) Sending message {"key11754598801558": "value-1", "key21754598806316": "value-1"} to topic topic-79646ef2_864b_486e_9d36_1757742657d0
2025-08-07 20:33:32,322 INFO  [io.api.tes.ser.api.KafkaSerdesTester] (Thread-688) Sending message {"key11754598801558": "value-2", "key21754598806316": "value-2"} to topic topic-79646ef2_864b_486e_9d36_1757742657d0
2025-08-07 20:33:32,332 INFO  [io.api.tes.ser.api.KafkaSerdesTester] (Thread-688) Sending message {"key11754598801558": "value-3", "key21754598806316": "value-3"} to topic topic-79646ef2_864b_486e_9d36_1757742657d0
2025-08-07 20:33:32,334 INFO  [io.api.tes.ser.api.KafkaSerdesTester] (Thread-688) Sending message {"key11754598801558": "value-4", "key21754598806316": "value-4"} to topic topic-79646ef2_864b_486e_9d36_1757742657d0
2025-08-07 20:33:32,352 INFO  [io.api.tes.ser.api.KafkaSerdesTester] (Thread-688) Sending message {"key11754598801558": "value-5", "key21754598806316": "value-5"} to topic topic-79646ef2_864b_486e_9d36_1757742657d0
2025-08-07 20:33:32,353 INFO  [io.api.tes.ser.api.KafkaSerdesTester] (Thread-688) Sending message {"key11754598801558": "value-6", "key21754598806316": "value-6"} to topic topic-79646ef2_864b_486e_9d36_1757742657d0
2025-08-07 20:33:32,357 INFO  [io.api.tes.ser.api.KafkaSerdesTester] (Thread-688) Sending message {"key11754598801558": "value-7", "key21754598806316": "value-7"} to topic topic-79646ef2_864b_486e_9d36_1757742657d0
2025-08-07 20:33:32,362 INFO  [io.api.tes.ser.api.KafkaSerdesTester] (Thread-688) Sending message {"key11754598801558": "value-8", "key21754598806316": "value-8"} to topic topic-79646ef2_864b_486e_9d36_1757742657d0
2025-08-07 20:33:32,366 INFO  [io.api.tes.ser.api.KafkaSerdesTester] (Thread-688) Sending message {"key11754598801558": "value-9", "key21754598806316": "value-9"} to topic topic-79646ef2_864b_486e_9d36_1757742657d0
2025-08-07 20:33:32,376 INFO  [io.api.tes.ser.api.KafkaSerdesTester] (Thread-688) Produced 10 messages
2025-08-07 20:33:32,376 INFO  [org.apa.kaf.cli.pro.KafkaProducer] (Thread-688) [Producer clientId=Producer-topic-79646ef2_864b_486e_9d36_1757742657d0] Closing the Kafka producer with timeoutMillis = 9223372036854775807 ms.
2025-08-07 20:33:32,378 INFO  [org.apa.kaf.com.met.Metrics] (Thread-688) Metrics scheduler closed
2025-08-07 20:33:32,378 INFO  [org.apa.kaf.com.met.Metrics] (Thread-688) Closing reporter org.apache.kafka.common.metrics.JmxReporter
2025-08-07 20:33:32,378 INFO  [org.apa.kaf.com.met.Metrics] (Thread-688) Closing reporter org.apache.kafka.common.telemetry.internals.ClientTelemetryReporter
2025-08-07 20:33:32,378 INFO  [org.apa.kaf.com.met.Metrics] (Thread-688) Metrics reporters closed
2025-08-07 20:33:32,378 INFO  [org.apa.kaf.com.uti.AppInfoParser] (Thread-688) App info kafka.producer for Producer-topic-79646ef2_864b_486e_9d36_1757742657d0 unregistered
**** Registry Base URL: http://registry-app-ksql047.apps.ci419.apicurio-testing.org:80
2025-08-07 20:33:32,381 INFO  [org.apa.kaf.cli.pro.ProducerConfig] (main) ProducerConfig values: 
	acks = -1
	auto.include.jmx.reporter = true
	batch.size = 16384
	bootstrap.servers = [PLAINTEXT://localhost:32769]
	buffer.memory = 33554432
	client.dns.lookup = use_all_dns_ips
	client.id = Producer-topic-79646ef2_864b_486e_9d36_1757742657d0
	compression.gzip.level = -1
	compression.lz4.level = 9
	compression.type = none
	compression.zstd.level = 3
	connections.max.idle.ms = 10000
	delivery.timeout.ms = 120000
	enable.idempotence = true
	enable.metrics.push = true
	interceptor.classes = []
	key.serializer = class org.apache.kafka.common.serialization.StringSerializer
	linger.ms = 0
	max.block.ms = 60000
	max.in.flight.requests.per.connection = 5
	max.request.size = 1048576
	metadata.max.age.ms = 300000
	metadata.max.idle.ms = 300000
	metadata.recovery.strategy = none
	metric.reporters = []
	metrics.num.samples = 2
	metrics.recording.level = INFO
	metrics.sample.window.ms = 30000
	partitioner.adaptive.partitioning.enable = true
	partitioner.availability.timeout.ms = 0
	partitioner.class = null
	partitioner.ignore.keys = false
	receive.buffer.bytes = 32768
	reconnect.backoff.max.ms = 1000
	reconnect.backoff.ms = 50
	request.timeout.ms = 5000
	retries = 2147483647
	retry.backoff.max.ms = 1000
	retry.backoff.ms = 100
	sasl.client.callback.handler.class = null
	sasl.jaas.config = null
	sasl.kerberos.kinit.cmd = /usr/bin/kinit
	sasl.kerberos.min.time.before.relogin = 60000
	sasl.kerberos.service.name = null
	sasl.kerberos.ticket.renew.jitter = 0.05
	sasl.kerberos.ticket.renew.window.factor = 0.8
	sasl.login.callback.handler.class = null
	sasl.login.class = null
	sasl.login.connect.timeout.ms = null
	sasl.login.read.timeout.ms = null
	sasl.login.refresh.buffer.seconds = 300
	sasl.login.refresh.min.period.seconds = 60
	sasl.login.refresh.window.factor = 0.8
	sasl.login.refresh.window.jitter = 0.05
	sasl.login.retry.backoff.max.ms = 10000
	sasl.login.retry.backoff.ms = 100
	sasl.mechanism = GSSAPI
	sasl.oauthbearer.clock.skew.seconds = 30
	sasl.oauthbearer.expected.audience = null
	sasl.oauthbearer.expected.issuer = null
	sasl.oauthbearer.header.urlencode = false
	sasl.oauthbearer.jwks.endpoint.refresh.ms = 3600000
	sasl.oauthbearer.jwks.endpoint.retry.backoff.max.ms = 10000
	sasl.oauthbearer.jwks.endpoint.retry.backoff.ms = 100
	sasl.oauthbearer.jwks.endpoint.url = null
	sasl.oauthbearer.scope.claim.name = scope
	sasl.oauthbearer.sub.claim.name = sub
	sasl.oauthbearer.token.endpoint.url = null
	security.protocol = PLAINTEXT
	security.providers = null
	send.buffer.bytes = 131072
	socket.connection.setup.timeout.max.ms = 30000
	socket.connection.setup.timeout.ms = 10000
	ssl.cipher.suites = null
	ssl.enabled.protocols = [TLSv1.2, TLSv1.3]
	ssl.endpoint.identification.algorithm = https
	ssl.engine.factory.class = null
	ssl.key.password = null
	ssl.keymanager.algorithm = SunX509
	ssl.keystore.certificate.chain = null
	ssl.keystore.key = null
	ssl.keystore.location = null
	ssl.keystore.password = null
	ssl.keystore.type = JKS
	ssl.protocol = TLSv1.3
	ssl.provider = null
	ssl.secure.random.implementation = null
	ssl.trustmanager.algorithm = PKIX
	ssl.truststore.certificates = null
	ssl.truststore.location = null
	ssl.truststore.password = null
	ssl.truststore.type = JKS
	transaction.timeout.ms = 60000
	transactional.id = null
	value.serializer = class io.apicurio.registry.serde.avro.AvroKafkaSerializer

2025-08-07 20:33:32,381 INFO  [org.apa.kaf.com.tel.int.KafkaMetricsCollector] (main) initializing Kafka metrics collector
2025-08-07 20:33:32,393 INFO  [org.apa.kaf.cli.pro.KafkaProducer] (main) [Producer clientId=Producer-topic-79646ef2_864b_486e_9d36_1757742657d0] Instantiated an idempotent producer.
2025-08-07 20:33:32,397 INFO  [org.apa.kaf.cli.pro.ProducerConfig] (main) These configurations '[apicurio.registry.url, apicurio.registry.artifact-resolver-strategy]' were supplied but are not used yet.
2025-08-07 20:33:32,398 INFO  [org.apa.kaf.com.uti.AppInfoParser] (main) Kafka version: 3.9.1
2025-08-07 20:33:32,398 INFO  [org.apa.kaf.com.uti.AppInfoParser] (main) Kafka commitId: f745dfdcee2b9851
2025-08-07 20:33:32,398 INFO  [org.apa.kaf.com.uti.AppInfoParser] (main) Kafka startTimeMs: 1754598812397
2025-08-07 20:33:32,400 INFO  [io.api.tes.ser.api.KafkaSerdesTester] (Thread-691) Sending message {"key11754598801558": "value-0"} to topic topic-79646ef2_864b_486e_9d36_1757742657d0
2025-08-07 20:33:32,404 INFO  [org.apa.kaf.cli.Metadata] (kafka-producer-network-thread | Producer-topic-79646ef2_864b_486e_9d36_1757742657d0) [Producer clientId=Producer-topic-79646ef2_864b_486e_9d36_1757742657d0] Cluster ID: pU55guAKRSeYHTOWTlfVzQ
2025-08-07 20:33:32,404 INFO  [DefaultSchemaResolver] (Thread-691) Retrieving schema content using string: {"type":"record","name":"s3a0b4604xc502x472dxb6f0xf0d72a960201","namespace":"ns_56562601_e029_4eb3_bc42_5151d983a970","fields":[{"name":"key11754598801558","type":"string"}]}
2025-08-07 20:33:32,405 INFO  [org.apa.kaf.cli.pro.int.TransactionManager] (kafka-producer-network-thread | Producer-topic-79646ef2_864b_486e_9d36_1757742657d0) [Producer clientId=Producer-topic-79646ef2_864b_486e_9d36_1757742657d0] ProducerId set to 17 with epoch 0
2025-08-07 20:33:32,446 INFO  [io.api.tes.ser.api.KafkaSerdesTester] (Thread-691) Sending message {"key11754598801558": "value-1"} to topic topic-79646ef2_864b_486e_9d36_1757742657d0
2025-08-07 20:33:32,452 INFO  [io.api.tes.ser.api.KafkaSerdesTester] (Thread-691) Sending message {"key11754598801558": "value-2"} to topic topic-79646ef2_864b_486e_9d36_1757742657d0
2025-08-07 20:33:32,454 INFO  [io.api.tes.ser.api.KafkaSerdesTester] (Thread-691) Sending message {"key11754598801558": "value-3"} to topic topic-79646ef2_864b_486e_9d36_1757742657d0
2025-08-07 20:33:32,455 INFO  [io.api.tes.ser.api.KafkaSerdesTester] (Thread-691) Sending message {"key11754598801558": "value-4"} to topic topic-79646ef2_864b_486e_9d36_1757742657d0
2025-08-07 20:33:32,457 INFO  [io.api.tes.ser.api.KafkaSerdesTester] (Thread-691) Sending message {"key11754598801558": "value-5"} to topic topic-79646ef2_864b_486e_9d36_1757742657d0
2025-08-07 20:33:32,459 INFO  [io.api.tes.ser.api.KafkaSerdesTester] (Thread-691) Sending message {"key11754598801558": "value-6"} to topic topic-79646ef2_864b_486e_9d36_1757742657d0
2025-08-07 20:33:32,460 INFO  [io.api.tes.ser.api.KafkaSerdesTester] (Thread-691) Sending message {"key11754598801558": "value-7"} to topic topic-79646ef2_864b_486e_9d36_1757742657d0
2025-08-07 20:33:32,462 INFO  [io.api.tes.ser.api.KafkaSerdesTester] (Thread-691) Sending message {"key11754598801558": "value-8"} to topic topic-79646ef2_864b_486e_9d36_1757742657d0
2025-08-07 20:33:32,464 INFO  [io.api.tes.ser.api.KafkaSerdesTester] (Thread-691) Sending message {"key11754598801558": "value-9"} to topic topic-79646ef2_864b_486e_9d36_1757742657d0
2025-08-07 20:33:32,466 INFO  [io.api.tes.ser.api.KafkaSerdesTester] (Thread-691) Produced 10 messages
2025-08-07 20:33:32,466 INFO  [org.apa.kaf.cli.pro.KafkaProducer] (Thread-691) [Producer clientId=Producer-topic-79646ef2_864b_486e_9d36_1757742657d0] Closing the Kafka producer with timeoutMillis = 9223372036854775807 ms.
2025-08-07 20:33:32,470 INFO  [org.apa.kaf.com.met.Metrics] (Thread-691) Metrics scheduler closed
2025-08-07 20:33:32,470 INFO  [org.apa.kaf.com.met.Metrics] (Thread-691) Closing reporter org.apache.kafka.common.metrics.JmxReporter
2025-08-07 20:33:32,470 INFO  [org.apa.kaf.com.met.Metrics] (Thread-691) Closing reporter org.apache.kafka.common.telemetry.internals.ClientTelemetryReporter
2025-08-07 20:33:32,470 INFO  [org.apa.kaf.com.met.Metrics] (Thread-691) Metrics reporters closed
2025-08-07 20:33:32,471 INFO  [org.apa.kaf.com.uti.AppInfoParser] (Thread-691) App info kafka.producer for Producer-topic-79646ef2_864b_486e_9d36_1757742657d0 unregistered
**** Registry Base URL: http://registry-app-ksql047.apps.ci419.apicurio-testing.org:80
2025-08-07 20:33:32,472 INFO  [org.apa.kaf.cli.con.ConsumerConfig] (main) ConsumerConfig values: 
	allow.auto.create.topics = true
	auto.commit.interval.ms = 500
	auto.include.jmx.reporter = true
	auto.offset.reset = earliest
	bootstrap.servers = [PLAINTEXT://localhost:32769]
	check.crcs = true
	client.dns.lookup = use_all_dns_ips
	client.id = consumer-Consumer-topic-79646ef2_864b_486e_9d36_1757742657d0-12
	client.rack = 
	connections.max.idle.ms = 10000
	default.api.timeout.ms = 60000
	enable.auto.commit = true
	enable.metrics.push = true
	exclude.internal.topics = true
	fetch.max.bytes = 52428800
	fetch.max.wait.ms = 500
	fetch.min.bytes = 1
	group.id = Consumer-topic-79646ef2_864b_486e_9d36_1757742657d0
	group.instance.id = null
	group.protocol = classic
	group.remote.assignor = null
	heartbeat.interval.ms = 3000
	interceptor.classes = []
	internal.leave.group.on.close = true
	internal.throw.on.fetch.stable.offset.unsupported = false
	isolation.level = read_uncommitted
	key.deserializer = class org.apache.kafka.common.serialization.StringDeserializer
	max.partition.fetch.bytes = 1048576
	max.poll.interval.ms = 300000
	max.poll.records = 500
	metadata.max.age.ms = 300000
	metadata.recovery.strategy = none
	metric.reporters = []
	metrics.num.samples = 2
	metrics.recording.level = INFO
	metrics.sample.window.ms = 30000
	partition.assignment.strategy = [class org.apache.kafka.clients.consumer.RangeAssignor, class org.apache.kafka.clients.consumer.CooperativeStickyAssignor]
	receive.buffer.bytes = 65536
	reconnect.backoff.max.ms = 1000
	reconnect.backoff.ms = 50
	request.timeout.ms = 5000
	retry.backoff.max.ms = 1000
	retry.backoff.ms = 100
	sasl.client.callback.handler.class = null
	sasl.jaas.config = null
	sasl.kerberos.kinit.cmd = /usr/bin/kinit
	sasl.kerberos.min.time.before.relogin = 60000
	sasl.kerberos.service.name = null
	sasl.kerberos.ticket.renew.jitter = 0.05
	sasl.kerberos.ticket.renew.window.factor = 0.8
	sasl.login.callback.handler.class = null
	sasl.login.class = null
	sasl.login.connect.timeout.ms = null
	sasl.login.read.timeout.ms = null
	sasl.login.refresh.buffer.seconds = 300
	sasl.login.refresh.min.period.seconds = 60
	sasl.login.refresh.window.factor = 0.8
	sasl.login.refresh.window.jitter = 0.05
	sasl.login.retry.backoff.max.ms = 10000
	sasl.login.retry.backoff.ms = 100
	sasl.mechanism = GSSAPI
	sasl.oauthbearer.clock.skew.seconds = 30
	sasl.oauthbearer.expected.audience = null
	sasl.oauthbearer.expected.issuer = null
	sasl.oauthbearer.header.urlencode = false
	sasl.oauthbearer.jwks.endpoint.refresh.ms = 3600000
	sasl.oauthbearer.jwks.endpoint.retry.backoff.max.ms = 10000
	sasl.oauthbearer.jwks.endpoint.retry.backoff.ms = 100
	sasl.oauthbearer.jwks.endpoint.url = null
	sasl.oauthbearer.scope.claim.name = scope
	sasl.oauthbearer.sub.claim.name = sub
	sasl.oauthbearer.token.endpoint.url = null
	security.protocol = PLAINTEXT
	security.providers = null
	send.buffer.bytes = 131072
	session.timeout.ms = 45000
	socket.connection.setup.timeout.max.ms = 30000
	socket.connection.setup.timeout.ms = 10000
	ssl.cipher.suites = null
	ssl.enabled.protocols = [TLSv1.2, TLSv1.3]
	ssl.endpoint.identification.algorithm = https
	ssl.engine.factory.class = null
	ssl.key.password = null
	ssl.keymanager.algorithm = SunX509
	ssl.keystore.certificate.chain = null
	ssl.keystore.key = null
	ssl.keystore.location = null
	ssl.keystore.password = null
	ssl.keystore.type = JKS
	ssl.protocol = TLSv1.3
	ssl.provider = null
	ssl.secure.random.implementation = null
	ssl.trustmanager.algorithm = PKIX
	ssl.truststore.certificates = null
	ssl.truststore.location = null
	ssl.truststore.password = null
	ssl.truststore.type = JKS
	value.deserializer = class io.apicurio.registry.serde.avro.AvroKafkaDeserializer

2025-08-07 20:33:32,472 INFO  [org.apa.kaf.com.tel.int.KafkaMetricsCollector] (main) initializing Kafka metrics collector
2025-08-07 20:33:32,480 INFO  [org.apa.kaf.cli.con.ConsumerConfig] (main) These configurations '[apicurio.registry.url]' were supplied but are not used yet.
2025-08-07 20:33:32,482 INFO  [org.apa.kaf.com.uti.AppInfoParser] (main) Kafka version: 3.9.1
2025-08-07 20:33:32,482 INFO  [org.apa.kaf.com.uti.AppInfoParser] (main) Kafka commitId: f745dfdcee2b9851
2025-08-07 20:33:32,482 INFO  [org.apa.kaf.com.uti.AppInfoParser] (main) Kafka startTimeMs: 1754598812480
2025-08-07 20:33:32,484 INFO  [org.apa.kaf.cli.con.int.ClassicKafkaConsumer] (Thread-694) [Consumer clientId=consumer-Consumer-topic-79646ef2_864b_486e_9d36_1757742657d0-12, groupId=Consumer-topic-79646ef2_864b_486e_9d36_1757742657d0] Subscribed to topic(s): topic-79646ef2_864b_486e_9d36_1757742657d0
2025-08-07 20:33:32,489 INFO  [org.apa.kaf.cli.Metadata] (Thread-694) [Consumer clientId=consumer-Consumer-topic-79646ef2_864b_486e_9d36_1757742657d0-12, groupId=Consumer-topic-79646ef2_864b_486e_9d36_1757742657d0] Cluster ID: pU55guAKRSeYHTOWTlfVzQ
2025-08-07 20:33:32,491 INFO  [org.apa.kaf.cli.con.int.ConsumerCoordinator] (Thread-694) [Consumer clientId=consumer-Consumer-topic-79646ef2_864b_486e_9d36_1757742657d0-12, groupId=Consumer-topic-79646ef2_864b_486e_9d36_1757742657d0] Discovered group coordinator localhost:32769 (id: 2147483647 rack: null)
2025-08-07 20:33:32,496 INFO  [org.apa.kaf.cli.con.int.ConsumerCoordinator] (Thread-694) [Consumer clientId=consumer-Consumer-topic-79646ef2_864b_486e_9d36_1757742657d0-12, groupId=Consumer-topic-79646ef2_864b_486e_9d36_1757742657d0] (Re-)joining group
2025-08-07 20:33:32,498 INFO  [org.apa.kaf.cli.con.int.ConsumerCoordinator] (Thread-694) [Consumer clientId=consumer-Consumer-topic-79646ef2_864b_486e_9d36_1757742657d0-12, groupId=Consumer-topic-79646ef2_864b_486e_9d36_1757742657d0] Request joining group due to: need to re-join with the given member-id: consumer-Consumer-topic-79646ef2_864b_486e_9d36_1757742657d0-12-580d0451-5b45-4e37-a7b3-0dc144e1a9fc
2025-08-07 20:33:32,499 INFO  [org.apa.kaf.cli.con.int.ConsumerCoordinator] (Thread-694) [Consumer clientId=consumer-Consumer-topic-79646ef2_864b_486e_9d36_1757742657d0-12, groupId=Consumer-topic-79646ef2_864b_486e_9d36_1757742657d0] (Re-)joining group
2025-08-07 20:33:33,484 INFO  [io.api.tes.ser.api.KafkaSerdesTester] (Thread-694) None found
2025-08-07 20:33:34,486 INFO  [io.api.tes.ser.api.KafkaSerdesTester] (Thread-694) None found
2025-08-07 20:33:35,486 INFO  [io.api.tes.ser.api.KafkaSerdesTester] (Thread-694) None found
2025-08-07 20:33:35,502 INFO  [org.apa.kaf.cli.con.int.ConsumerCoordinator] (Thread-694) [Consumer clientId=consumer-Consumer-topic-79646ef2_864b_486e_9d36_1757742657d0-12, groupId=Consumer-topic-79646ef2_864b_486e_9d36_1757742657d0] Successfully joined group with generation Generation{generationId=5, memberId='consumer-Consumer-topic-79646ef2_864b_486e_9d36_1757742657d0-12-580d0451-5b45-4e37-a7b3-0dc144e1a9fc', protocol='range'}
2025-08-07 20:33:35,502 INFO  [org.apa.kaf.cli.con.int.ConsumerCoordinator] (Thread-694) [Consumer clientId=consumer-Consumer-topic-79646ef2_864b_486e_9d36_1757742657d0-12, groupId=Consumer-topic-79646ef2_864b_486e_9d36_1757742657d0] Finished assignment for group at generation 5: {consumer-Consumer-topic-79646ef2_864b_486e_9d36_1757742657d0-12-580d0451-5b45-4e37-a7b3-0dc144e1a9fc=Assignment(partitions=[topic-79646ef2_864b_486e_9d36_1757742657d0-0])}
2025-08-07 20:33:35,509 INFO  [org.apa.kaf.cli.con.int.ConsumerCoordinator] (Thread-694) [Consumer clientId=consumer-Consumer-topic-79646ef2_864b_486e_9d36_1757742657d0-12, groupId=Consumer-topic-79646ef2_864b_486e_9d36_1757742657d0] Successfully synced group in generation Generation{generationId=5, memberId='consumer-Consumer-topic-79646ef2_864b_486e_9d36_1757742657d0-12-580d0451-5b45-4e37-a7b3-0dc144e1a9fc', protocol='range'}
2025-08-07 20:33:35,510 INFO  [org.apa.kaf.cli.con.int.ConsumerCoordinator] (Thread-694) [Consumer clientId=consumer-Consumer-topic-79646ef2_864b_486e_9d36_1757742657d0-12, groupId=Consumer-topic-79646ef2_864b_486e_9d36_1757742657d0] Notifying assignor about the new Assignment(partitions=[topic-79646ef2_864b_486e_9d36_1757742657d0-0])
2025-08-07 20:33:35,510 INFO  [org.apa.kaf.cli.con.int.ConsumerRebalanceListenerInvoker] (Thread-694) [Consumer clientId=consumer-Consumer-topic-79646ef2_864b_486e_9d36_1757742657d0-12, groupId=Consumer-topic-79646ef2_864b_486e_9d36_1757742657d0] Adding newly assigned partitions: topic-79646ef2_864b_486e_9d36_1757742657d0-0
2025-08-07 20:33:35,510 INFO  [org.apa.kaf.cli.con.int.ConsumerUtils] (Thread-694) Setting offset for partition topic-79646ef2_864b_486e_9d36_1757742657d0-0 to the committed offset FetchPosition{offset=30, offsetEpoch=Optional[0], currentLeader=LeaderAndEpoch{leader=Optional[localhost:32769 (id: 0 rack: null)], epoch=0}}
2025-08-07 20:33:35,599 INFO  [io.api.tes.ser.api.KafkaSerdesTester] (Thread-694) topic-79646ef2_864b_486e_9d36_1757742657d0 0 30 {"key11754598801558": "value-0", "key21754598806316": "value-0", "key31754598811112": "value-0"}
2025-08-07 20:33:35,599 INFO  [io.api.tes.ser.api.KafkaSerdesTester] (Thread-694) topic-79646ef2_864b_486e_9d36_1757742657d0 0 31 {"key11754598801558": "value-1", "key21754598806316": "value-1", "key31754598811112": "value-1"}
2025-08-07 20:33:35,599 INFO  [io.api.tes.ser.api.KafkaSerdesTester] (Thread-694) topic-79646ef2_864b_486e_9d36_1757742657d0 0 32 {"key11754598801558": "value-2", "key21754598806316": "value-2", "key31754598811112": "value-2"}
2025-08-07 20:33:35,599 INFO  [io.api.tes.ser.api.KafkaSerdesTester] (Thread-694) topic-79646ef2_864b_486e_9d36_1757742657d0 0 33 {"key11754598801558": "value-3", "key21754598806316": "value-3", "key31754598811112": "value-3"}
2025-08-07 20:33:35,599 INFO  [io.api.tes.ser.api.KafkaSerdesTester] (Thread-694) topic-79646ef2_864b_486e_9d36_1757742657d0 0 34 {"key11754598801558": "value-4", "key21754598806316": "value-4", "key31754598811112": "value-4"}
2025-08-07 20:33:35,599 INFO  [io.api.tes.ser.api.KafkaSerdesTester] (Thread-694) topic-79646ef2_864b_486e_9d36_1757742657d0 0 35 {"key11754598801558": "value-5", "key21754598806316": "value-5", "key31754598811112": "value-5"}
2025-08-07 20:33:35,600 INFO  [io.api.tes.ser.api.KafkaSerdesTester] (Thread-694) topic-79646ef2_864b_486e_9d36_1757742657d0 0 36 {"key11754598801558": "value-6", "key21754598806316": "value-6", "key31754598811112": "value-6"}
2025-08-07 20:33:35,600 INFO  [io.api.tes.ser.api.KafkaSerdesTester] (Thread-694) topic-79646ef2_864b_486e_9d36_1757742657d0 0 37 {"key11754598801558": "value-7", "key21754598806316": "value-7", "key31754598811112": "value-7"}
2025-08-07 20:33:35,600 INFO  [io.api.tes.ser.api.KafkaSerdesTester] (Thread-694) topic-79646ef2_864b_486e_9d36_1757742657d0 0 38 {"key11754598801558": "value-8", "key21754598806316": "value-8", "key31754598811112": "value-8"}
2025-08-07 20:33:35,600 INFO  [io.api.tes.ser.api.KafkaSerdesTester] (Thread-694) topic-79646ef2_864b_486e_9d36_1757742657d0 0 39 {"key11754598801558": "value-9", "key21754598806316": "value-9", "key31754598811112": "value-9"}
2025-08-07 20:33:35,600 INFO  [io.api.tes.ser.api.KafkaSerdesTester] (Thread-694) topic-79646ef2_864b_486e_9d36_1757742657d0 0 40 {"key11754598801558": "value-0", "key21754598806316": "value-0"}
2025-08-07 20:33:35,600 INFO  [io.api.tes.ser.api.KafkaSerdesTester] (Thread-694) topic-79646ef2_864b_486e_9d36_1757742657d0 0 41 {"key11754598801558": "value-1", "key21754598806316": "value-1"}
2025-08-07 20:33:35,600 INFO  [io.api.tes.ser.api.KafkaSerdesTester] (Thread-694) topic-79646ef2_864b_486e_9d36_1757742657d0 0 42 {"key11754598801558": "value-2", "key21754598806316": "value-2"}
2025-08-07 20:33:35,600 INFO  [io.api.tes.ser.api.KafkaSerdesTester] (Thread-694) topic-79646ef2_864b_486e_9d36_1757742657d0 0 43 {"key11754598801558": "value-3", "key21754598806316": "value-3"}
2025-08-07 20:33:35,600 INFO  [io.api.tes.ser.api.KafkaSerdesTester] (Thread-694) topic-79646ef2_864b_486e_9d36_1757742657d0 0 44 {"key11754598801558": "value-4", "key21754598806316": "value-4"}
2025-08-07 20:33:35,600 INFO  [io.api.tes.ser.api.KafkaSerdesTester] (Thread-694) topic-79646ef2_864b_486e_9d36_1757742657d0 0 45 {"key11754598801558": "value-5", "key21754598806316": "value-5"}
2025-08-07 20:33:35,600 INFO  [io.api.tes.ser.api.KafkaSerdesTester] (Thread-694) topic-79646ef2_864b_486e_9d36_1757742657d0 0 46 {"key11754598801558": "value-6", "key21754598806316": "value-6"}
2025-08-07 20:33:35,600 INFO  [io.api.tes.ser.api.KafkaSerdesTester] (Thread-694) topic-79646ef2_864b_486e_9d36_1757742657d0 0 47 {"key11754598801558": "value-7", "key21754598806316": "value-7"}
2025-08-07 20:33:35,600 INFO  [io.api.tes.ser.api.KafkaSerdesTester] (Thread-694) topic-79646ef2_864b_486e_9d36_1757742657d0 0 48 {"key11754598801558": "value-8", "key21754598806316": "value-8"}
2025-08-07 20:33:35,600 INFO  [io.api.tes.ser.api.KafkaSerdesTester] (Thread-694) topic-79646ef2_864b_486e_9d36_1757742657d0 0 49 {"key11754598801558": "value-9", "key21754598806316": "value-9"}
2025-08-07 20:33:35,600 INFO  [io.api.tes.ser.api.KafkaSerdesTester] (Thread-694) topic-79646ef2_864b_486e_9d36_1757742657d0 0 50 {"key11754598801558": "value-0"}
2025-08-07 20:33:35,600 INFO  [io.api.tes.ser.api.KafkaSerdesTester] (Thread-694) topic-79646ef2_864b_486e_9d36_1757742657d0 0 51 {"key11754598801558": "value-1"}
2025-08-07 20:33:35,600 INFO  [io.api.tes.ser.api.KafkaSerdesTester] (Thread-694) topic-79646ef2_864b_486e_9d36_1757742657d0 0 52 {"key11754598801558": "value-2"}
2025-08-07 20:33:35,600 INFO  [io.api.tes.ser.api.KafkaSerdesTester] (Thread-694) topic-79646ef2_864b_486e_9d36_1757742657d0 0 53 {"key11754598801558": "value-3"}
2025-08-07 20:33:35,600 INFO  [io.api.tes.ser.api.KafkaSerdesTester] (Thread-694) topic-79646ef2_864b_486e_9d36_1757742657d0 0 54 {"key11754598801558": "value-4"}
2025-08-07 20:33:35,600 INFO  [io.api.tes.ser.api.KafkaSerdesTester] (Thread-694) topic-79646ef2_864b_486e_9d36_1757742657d0 0 55 {"key11754598801558": "value-5"}
2025-08-07 20:33:35,600 INFO  [io.api.tes.ser.api.KafkaSerdesTester] (Thread-694) topic-79646ef2_864b_486e_9d36_1757742657d0 0 56 {"key11754598801558": "value-6"}
2025-08-07 20:33:35,600 INFO  [io.api.tes.ser.api.KafkaSerdesTester] (Thread-694) topic-79646ef2_864b_486e_9d36_1757742657d0 0 57 {"key11754598801558": "value-7"}
2025-08-07 20:33:35,601 INFO  [io.api.tes.ser.api.KafkaSerdesTester] (Thread-694) topic-79646ef2_864b_486e_9d36_1757742657d0 0 58 {"key11754598801558": "value-8"}
2025-08-07 20:33:35,601 INFO  [io.api.tes.ser.api.KafkaSerdesTester] (Thread-694) topic-79646ef2_864b_486e_9d36_1757742657d0 0 59 {"key11754598801558": "value-9"}
2025-08-07 20:33:35,601 INFO  [io.api.tes.ser.api.KafkaSerdesTester] (Thread-694) Consumed 30 messages
2025-08-07 20:33:35,609 INFO  [org.apa.kaf.cli.con.int.ConsumerRebalanceListenerInvoker] (Thread-694) [Consumer clientId=consumer-Consumer-topic-79646ef2_864b_486e_9d36_1757742657d0-12, groupId=Consumer-topic-79646ef2_864b_486e_9d36_1757742657d0] Revoke previously assigned partitions topic-79646ef2_864b_486e_9d36_1757742657d0-0
2025-08-07 20:33:35,609 INFO  [org.apa.kaf.cli.con.int.ConsumerCoordinator] (Thread-694) [Consumer clientId=consumer-Consumer-topic-79646ef2_864b_486e_9d36_1757742657d0-12, groupId=Consumer-topic-79646ef2_864b_486e_9d36_1757742657d0] Member consumer-Consumer-topic-79646ef2_864b_486e_9d36_1757742657d0-12-580d0451-5b45-4e37-a7b3-0dc144e1a9fc sending LeaveGroup request to coordinator localhost:32769 (id: 2147483647 rack: null) due to the consumer is being closed
2025-08-07 20:33:35,611 INFO  [org.apa.kaf.cli.con.int.ConsumerCoordinator] (Thread-694) [Consumer clientId=consumer-Consumer-topic-79646ef2_864b_486e_9d36_1757742657d0-12, groupId=Consumer-topic-79646ef2_864b_486e_9d36_1757742657d0] Resetting generation and member id due to: consumer pro-actively leaving the group
2025-08-07 20:33:35,611 INFO  [org.apa.kaf.cli.con.int.ConsumerCoordinator] (Thread-694) [Consumer clientId=consumer-Consumer-topic-79646ef2_864b_486e_9d36_1757742657d0-12, groupId=Consumer-topic-79646ef2_864b_486e_9d36_1757742657d0] Request joining group due to: consumer pro-actively leaving the group
2025-08-07 20:33:36,101 INFO  [org.apa.kaf.com.met.Metrics] (Thread-694) Metrics scheduler closed
2025-08-07 20:33:36,102 INFO  [org.apa.kaf.com.met.Metrics] (Thread-694) Closing reporter org.apache.kafka.common.metrics.JmxReporter
2025-08-07 20:33:36,102 INFO  [org.apa.kaf.com.met.Metrics] (Thread-694) Closing reporter org.apache.kafka.common.telemetry.internals.ClientTelemetryReporter
2025-08-07 20:33:36,102 INFO  [org.apa.kaf.com.met.Metrics] (Thread-694) Metrics reporters closed
2025-08-07 20:33:36,104 INFO  [org.apa.kaf.com.uti.AppInfoParser] (Thread-694) App info kafka.consumer for consumer-Consumer-topic-79646ef2_864b_486e_9d36_1757742657d0-12 unregistered
2025-08-07 20:33:36,104 INFO  [org.apa.kaf.cli.pro.KafkaProducer] (main) [Producer clientId=Producer-topic-79646ef2_864b_486e_9d36_1757742657d0] Closing the Kafka producer with timeoutMillis = 9223372036854775807 ms.
2025-08-07 20:33:36,104 INFO  [org.apa.kaf.com.met.Metrics] (main) Metrics scheduler closed
2025-08-07 20:33:36,104 INFO  [org.apa.kaf.com.met.Metrics] (main) Closing reporter org.apache.kafka.common.metrics.JmxReporter
2025-08-07 20:33:36,104 INFO  [org.apa.kaf.com.met.Metrics] (main) Closing reporter org.apache.kafka.common.telemetry.internals.ClientTelemetryReporter
2025-08-07 20:33:36,104 INFO  [org.apa.kaf.com.met.Metrics] (main) Metrics reporters closed
2025-08-07 20:33:36,104 INFO  [org.apa.kaf.com.uti.AppInfoParser] (main) App info kafka.producer for Producer-topic-79646ef2_864b_486e_9d36_1757742657d0 unregistered
2025-08-07 20:33:36,104 INFO  [io.api.tes.uti.TestSeparator] (main) io.apicurio.tests.serdes.apicurio.AvroSerdeIT.testEvolveAvroApicurio-FINISHED
2025-08-07 20:33:36,104 INFO  [io.api.tes.uti.TestSeparator] (main) ############################################################################
Test passed: testEvolveAvroApicurio
]]></system-out>
  </testcase>
  <testcase name="testTopicRecordIdStrategydFindLatest" classname="io.apicurio.tests.serdes.apicurio.AvroSerdeIT" time="4.726">
    <system-out><![CDATA[2025-08-07 20:33:36,108 INFO  [io.api.tes.uti.TestSeparator] (main) ############################################################################
2025-08-07 20:33:36,108 INFO  [io.api.tes.uti.TestSeparator] (main) io.apicurio.tests.serdes.apicurio.AvroSerdeIT.testTopicRecordIdStrategydFindLatest-STARTED
2025-08-07 20:33:36,112 INFO  [io.api.tes.ser.api.AvroSerdeIT] (main) Registering Avro Schema: {"type":"record","name":"s6412347cxe2c2x4f7cxbfdbxb7f925e2e52d","namespace":"s49c71057xb921x4fffx9b3ex0af045afc212","fields":[{"name":"key11754598816108","type":"string"}]}
**** Registry Base URL: http://registry-app-ksql047.apps.ci419.apicurio-testing.org:80
2025-08-07 20:33:37,184 INFO  [org.apa.kaf.cli.pro.ProducerConfig] (main) ProducerConfig values: 
	acks = -1
	auto.include.jmx.reporter = true
	batch.size = 16384
	bootstrap.servers = [PLAINTEXT://localhost:32769]
	buffer.memory = 33554432
	client.dns.lookup = use_all_dns_ips
	client.id = Producer-topic-a903dc33_72b5_432f_9b26_c3ab5adcbcd3
	compression.gzip.level = -1
	compression.lz4.level = 9
	compression.type = none
	compression.zstd.level = 3
	connections.max.idle.ms = 10000
	delivery.timeout.ms = 120000
	enable.idempotence = true
	enable.metrics.push = true
	interceptor.classes = []
	key.serializer = class org.apache.kafka.common.serialization.StringSerializer
	linger.ms = 0
	max.block.ms = 60000
	max.in.flight.requests.per.connection = 5
	max.request.size = 1048576
	metadata.max.age.ms = 300000
	metadata.max.idle.ms = 300000
	metadata.recovery.strategy = none
	metric.reporters = []
	metrics.num.samples = 2
	metrics.recording.level = INFO
	metrics.sample.window.ms = 30000
	partitioner.adaptive.partitioning.enable = true
	partitioner.availability.timeout.ms = 0
	partitioner.class = null
	partitioner.ignore.keys = false
	receive.buffer.bytes = 32768
	reconnect.backoff.max.ms = 1000
	reconnect.backoff.ms = 50
	request.timeout.ms = 5000
	retries = 2147483647
	retry.backoff.max.ms = 1000
	retry.backoff.ms = 100
	sasl.client.callback.handler.class = null
	sasl.jaas.config = null
	sasl.kerberos.kinit.cmd = /usr/bin/kinit
	sasl.kerberos.min.time.before.relogin = 60000
	sasl.kerberos.service.name = null
	sasl.kerberos.ticket.renew.jitter = 0.05
	sasl.kerberos.ticket.renew.window.factor = 0.8
	sasl.login.callback.handler.class = null
	sasl.login.class = null
	sasl.login.connect.timeout.ms = null
	sasl.login.read.timeout.ms = null
	sasl.login.refresh.buffer.seconds = 300
	sasl.login.refresh.min.period.seconds = 60
	sasl.login.refresh.window.factor = 0.8
	sasl.login.refresh.window.jitter = 0.05
	sasl.login.retry.backoff.max.ms = 10000
	sasl.login.retry.backoff.ms = 100
	sasl.mechanism = GSSAPI
	sasl.oauthbearer.clock.skew.seconds = 30
	sasl.oauthbearer.expected.audience = null
	sasl.oauthbearer.expected.issuer = null
	sasl.oauthbearer.header.urlencode = false
	sasl.oauthbearer.jwks.endpoint.refresh.ms = 3600000
	sasl.oauthbearer.jwks.endpoint.retry.backoff.max.ms = 10000
	sasl.oauthbearer.jwks.endpoint.retry.backoff.ms = 100
	sasl.oauthbearer.jwks.endpoint.url = null
	sasl.oauthbearer.scope.claim.name = scope
	sasl.oauthbearer.sub.claim.name = sub
	sasl.oauthbearer.token.endpoint.url = null
	security.protocol = PLAINTEXT
	security.providers = null
	send.buffer.bytes = 131072
	socket.connection.setup.timeout.max.ms = 30000
	socket.connection.setup.timeout.ms = 10000
	ssl.cipher.suites = null
	ssl.enabled.protocols = [TLSv1.2, TLSv1.3]
	ssl.endpoint.identification.algorithm = https
	ssl.engine.factory.class = null
	ssl.key.password = null
	ssl.keymanager.algorithm = SunX509
	ssl.keystore.certificate.chain = null
	ssl.keystore.key = null
	ssl.keystore.location = null
	ssl.keystore.password = null
	ssl.keystore.type = JKS
	ssl.protocol = TLSv1.3
	ssl.provider = null
	ssl.secure.random.implementation = null
	ssl.trustmanager.algorithm = PKIX
	ssl.truststore.certificates = null
	ssl.truststore.location = null
	ssl.truststore.password = null
	ssl.truststore.type = JKS
	transaction.timeout.ms = 60000
	transactional.id = null
	value.serializer = class io.apicurio.registry.serde.avro.AvroKafkaSerializer

2025-08-07 20:33:37,184 INFO  [org.apa.kaf.com.tel.int.KafkaMetricsCollector] (main) initializing Kafka metrics collector
2025-08-07 20:33:37,187 INFO  [org.apa.kaf.cli.pro.KafkaProducer] (main) [Producer clientId=Producer-topic-a903dc33_72b5_432f_9b26_c3ab5adcbcd3] Instantiated an idempotent producer.
2025-08-07 20:33:37,189 INFO  [org.apa.kaf.cli.pro.ProducerConfig] (main) These configurations '[apicurio.registry.find-latest, apicurio.registry.url, apicurio.registry.artifact-resolver-strategy]' were supplied but are not used yet.
2025-08-07 20:33:37,189 INFO  [org.apa.kaf.com.uti.AppInfoParser] (main) Kafka version: 3.9.1
2025-08-07 20:33:37,189 INFO  [org.apa.kaf.com.uti.AppInfoParser] (main) Kafka commitId: f745dfdcee2b9851
2025-08-07 20:33:37,189 INFO  [org.apa.kaf.com.uti.AppInfoParser] (main) Kafka startTimeMs: 1754598817189
2025-08-07 20:33:37,190 INFO  [io.api.tes.ser.api.SimpleSerdesTesterBuilder$SimpleSerdesTester] (main) Using producer configuration: {apicurio.registry.find-latest=true, apicurio.registry.url=http://registry-app-ksql047.apps.ci419.apicurio-testing.org:80/apis/registry/v3, apicurio.registry.artifact-resolver-strategy=io.apicurio.registry.serde.avro.strategy.TopicRecordIdStrategy, value.serializer=io.apicurio.registry.serde.avro.AvroKafkaSerializer, request.timeout.ms=5000, acks=all, bootstrap.servers=PLAINTEXT://localhost:32769, connections.max.idle.ms=10000, key.serializer=org.apache.kafka.common.serialization.StringSerializer, client.id=Producer-topic-a903dc33_72b5_432f_9b26_c3ab5adcbcd3}
2025-08-07 20:33:37,190 INFO  [io.api.tes.ser.api.SimpleSerdesTesterBuilder$SimpleSerdesTester] (main) Using consumer configuration: {}
2025-08-07 20:33:37,191 INFO  [io.api.tes.ser.api.KafkaSerdesTester] (Thread-697) Sending message {"key11754598816108": "value-0"} to topic topic-a903dc33_72b5_432f_9b26_c3ab5adcbcd3
2025-08-07 20:33:37,194 INFO  [org.apa.kaf.cli.Metadata] (kafka-producer-network-thread | Producer-topic-a903dc33_72b5_432f_9b26_c3ab5adcbcd3) [Producer clientId=Producer-topic-a903dc33_72b5_432f_9b26_c3ab5adcbcd3] Cluster ID: pU55guAKRSeYHTOWTlfVzQ
2025-08-07 20:33:37,194 INFO  [org.apa.kaf.cli.pro.int.TransactionManager] (kafka-producer-network-thread | Producer-topic-a903dc33_72b5_432f_9b26_c3ab5adcbcd3) [Producer clientId=Producer-topic-a903dc33_72b5_432f_9b26_c3ab5adcbcd3] ProducerId set to 18 with epoch 0
2025-08-07 20:33:37,243 INFO  [io.api.tes.ser.api.KafkaSerdesTester] (Thread-697) Sending message {"key11754598816108": "value-1"} to topic topic-a903dc33_72b5_432f_9b26_c3ab5adcbcd3
2025-08-07 20:33:37,245 INFO  [io.api.tes.ser.api.KafkaSerdesTester] (Thread-697) Sending message {"key11754598816108": "value-2"} to topic topic-a903dc33_72b5_432f_9b26_c3ab5adcbcd3
2025-08-07 20:33:37,246 INFO  [io.api.tes.ser.api.KafkaSerdesTester] (Thread-697) Sending message {"key11754598816108": "value-3"} to topic topic-a903dc33_72b5_432f_9b26_c3ab5adcbcd3
2025-08-07 20:33:37,248 INFO  [io.api.tes.ser.api.KafkaSerdesTester] (Thread-697) Sending message {"key11754598816108": "value-4"} to topic topic-a903dc33_72b5_432f_9b26_c3ab5adcbcd3
2025-08-07 20:33:37,251 INFO  [io.api.tes.ser.api.KafkaSerdesTester] (Thread-697) Sending message {"key11754598816108": "value-5"} to topic topic-a903dc33_72b5_432f_9b26_c3ab5adcbcd3
2025-08-07 20:33:37,252 INFO  [io.api.tes.ser.api.KafkaSerdesTester] (Thread-697) Sending message {"key11754598816108": "value-6"} to topic topic-a903dc33_72b5_432f_9b26_c3ab5adcbcd3
2025-08-07 20:33:37,253 INFO  [io.api.tes.ser.api.KafkaSerdesTester] (Thread-697) Sending message {"key11754598816108": "value-7"} to topic topic-a903dc33_72b5_432f_9b26_c3ab5adcbcd3
2025-08-07 20:33:37,255 INFO  [io.api.tes.ser.api.KafkaSerdesTester] (Thread-697) Sending message {"key11754598816108": "value-8"} to topic topic-a903dc33_72b5_432f_9b26_c3ab5adcbcd3
2025-08-07 20:33:37,257 INFO  [io.api.tes.ser.api.KafkaSerdesTester] (Thread-697) Sending message {"key11754598816108": "value-9"} to topic topic-a903dc33_72b5_432f_9b26_c3ab5adcbcd3
2025-08-07 20:33:37,258 INFO  [io.api.tes.ser.api.KafkaSerdesTester] (Thread-697) Produced 10 messages
2025-08-07 20:33:37,258 INFO  [org.apa.kaf.cli.pro.KafkaProducer] (Thread-697) [Producer clientId=Producer-topic-a903dc33_72b5_432f_9b26_c3ab5adcbcd3] Closing the Kafka producer with timeoutMillis = 9223372036854775807 ms.
2025-08-07 20:33:37,260 INFO  [org.apa.kaf.com.met.Metrics] (Thread-697) Metrics scheduler closed
2025-08-07 20:33:37,260 INFO  [org.apa.kaf.com.met.Metrics] (Thread-697) Closing reporter org.apache.kafka.common.metrics.JmxReporter
2025-08-07 20:33:37,260 INFO  [org.apa.kaf.com.met.Metrics] (Thread-697) Closing reporter org.apache.kafka.common.telemetry.internals.ClientTelemetryReporter
2025-08-07 20:33:37,260 INFO  [org.apa.kaf.com.met.Metrics] (Thread-697) Metrics reporters closed
2025-08-07 20:33:37,260 INFO  [org.apa.kaf.com.uti.AppInfoParser] (Thread-697) App info kafka.producer for Producer-topic-a903dc33_72b5_432f_9b26_c3ab5adcbcd3 unregistered
**** Registry Base URL: http://registry-app-ksql047.apps.ci419.apicurio-testing.org:80
2025-08-07 20:33:37,261 INFO  [org.apa.kaf.cli.con.ConsumerConfig] (main) ConsumerConfig values: 
	allow.auto.create.topics = true
	auto.commit.interval.ms = 500
	auto.include.jmx.reporter = true
	auto.offset.reset = earliest
	bootstrap.servers = [PLAINTEXT://localhost:32769]
	check.crcs = true
	client.dns.lookup = use_all_dns_ips
	client.id = consumer-Consumer-topic-a903dc33_72b5_432f_9b26_c3ab5adcbcd3-13
	client.rack = 
	connections.max.idle.ms = 10000
	default.api.timeout.ms = 60000
	enable.auto.commit = true
	enable.metrics.push = true
	exclude.internal.topics = true
	fetch.max.bytes = 52428800
	fetch.max.wait.ms = 500
	fetch.min.bytes = 1
	group.id = Consumer-topic-a903dc33_72b5_432f_9b26_c3ab5adcbcd3
	group.instance.id = null
	group.protocol = classic
	group.remote.assignor = null
	heartbeat.interval.ms = 3000
	interceptor.classes = []
	internal.leave.group.on.close = true
	internal.throw.on.fetch.stable.offset.unsupported = false
	isolation.level = read_uncommitted
	key.deserializer = class org.apache.kafka.common.serialization.StringDeserializer
	max.partition.fetch.bytes = 1048576
	max.poll.interval.ms = 300000
	max.poll.records = 500
	metadata.max.age.ms = 300000
	metadata.recovery.strategy = none
	metric.reporters = []
	metrics.num.samples = 2
	metrics.recording.level = INFO
	metrics.sample.window.ms = 30000
	partition.assignment.strategy = [class org.apache.kafka.clients.consumer.RangeAssignor, class org.apache.kafka.clients.consumer.CooperativeStickyAssignor]
	receive.buffer.bytes = 65536
	reconnect.backoff.max.ms = 1000
	reconnect.backoff.ms = 50
	request.timeout.ms = 5000
	retry.backoff.max.ms = 1000
	retry.backoff.ms = 100
	sasl.client.callback.handler.class = null
	sasl.jaas.config = null
	sasl.kerberos.kinit.cmd = /usr/bin/kinit
	sasl.kerberos.min.time.before.relogin = 60000
	sasl.kerberos.service.name = null
	sasl.kerberos.ticket.renew.jitter = 0.05
	sasl.kerberos.ticket.renew.window.factor = 0.8
	sasl.login.callback.handler.class = null
	sasl.login.class = null
	sasl.login.connect.timeout.ms = null
	sasl.login.read.timeout.ms = null
	sasl.login.refresh.buffer.seconds = 300
	sasl.login.refresh.min.period.seconds = 60
	sasl.login.refresh.window.factor = 0.8
	sasl.login.refresh.window.jitter = 0.05
	sasl.login.retry.backoff.max.ms = 10000
	sasl.login.retry.backoff.ms = 100
	sasl.mechanism = GSSAPI
	sasl.oauthbearer.clock.skew.seconds = 30
	sasl.oauthbearer.expected.audience = null
	sasl.oauthbearer.expected.issuer = null
	sasl.oauthbearer.header.urlencode = false
	sasl.oauthbearer.jwks.endpoint.refresh.ms = 3600000
	sasl.oauthbearer.jwks.endpoint.retry.backoff.max.ms = 10000
	sasl.oauthbearer.jwks.endpoint.retry.backoff.ms = 100
	sasl.oauthbearer.jwks.endpoint.url = null
	sasl.oauthbearer.scope.claim.name = scope
	sasl.oauthbearer.sub.claim.name = sub
	sasl.oauthbearer.token.endpoint.url = null
	security.protocol = PLAINTEXT
	security.providers = null
	send.buffer.bytes = 131072
	session.timeout.ms = 45000
	socket.connection.setup.timeout.max.ms = 30000
	socket.connection.setup.timeout.ms = 10000
	ssl.cipher.suites = null
	ssl.enabled.protocols = [TLSv1.2, TLSv1.3]
	ssl.endpoint.identification.algorithm = https
	ssl.engine.factory.class = null
	ssl.key.password = null
	ssl.keymanager.algorithm = SunX509
	ssl.keystore.certificate.chain = null
	ssl.keystore.key = null
	ssl.keystore.location = null
	ssl.keystore.password = null
	ssl.keystore.type = JKS
	ssl.protocol = TLSv1.3
	ssl.provider = null
	ssl.secure.random.implementation = null
	ssl.trustmanager.algorithm = PKIX
	ssl.truststore.certificates = null
	ssl.truststore.location = null
	ssl.truststore.password = null
	ssl.truststore.type = JKS
	value.deserializer = class io.apicurio.registry.serde.avro.AvroKafkaDeserializer

2025-08-07 20:33:37,261 INFO  [org.apa.kaf.com.tel.int.KafkaMetricsCollector] (main) initializing Kafka metrics collector
2025-08-07 20:33:37,266 INFO  [org.apa.kaf.cli.con.ConsumerConfig] (main) These configurations '[apicurio.registry.url]' were supplied but are not used yet.
2025-08-07 20:33:37,266 INFO  [org.apa.kaf.com.uti.AppInfoParser] (main) Kafka version: 3.9.1
2025-08-07 20:33:37,266 INFO  [org.apa.kaf.com.uti.AppInfoParser] (main) Kafka commitId: f745dfdcee2b9851
2025-08-07 20:33:37,266 INFO  [org.apa.kaf.com.uti.AppInfoParser] (main) Kafka startTimeMs: 1754598817266
2025-08-07 20:33:37,266 INFO  [org.apa.kaf.cli.con.int.ClassicKafkaConsumer] (Thread-700) [Consumer clientId=consumer-Consumer-topic-a903dc33_72b5_432f_9b26_c3ab5adcbcd3-13, groupId=Consumer-topic-a903dc33_72b5_432f_9b26_c3ab5adcbcd3] Subscribed to topic(s): topic-a903dc33_72b5_432f_9b26_c3ab5adcbcd3
2025-08-07 20:33:37,270 INFO  [org.apa.kaf.cli.Metadata] (Thread-700) [Consumer clientId=consumer-Consumer-topic-a903dc33_72b5_432f_9b26_c3ab5adcbcd3-13, groupId=Consumer-topic-a903dc33_72b5_432f_9b26_c3ab5adcbcd3] Cluster ID: pU55guAKRSeYHTOWTlfVzQ
2025-08-07 20:33:37,271 INFO  [org.apa.kaf.cli.con.int.ConsumerCoordinator] (Thread-700) [Consumer clientId=consumer-Consumer-topic-a903dc33_72b5_432f_9b26_c3ab5adcbcd3-13, groupId=Consumer-topic-a903dc33_72b5_432f_9b26_c3ab5adcbcd3] Discovered group coordinator localhost:32769 (id: 2147483647 rack: null)
2025-08-07 20:33:37,273 INFO  [org.apa.kaf.cli.con.int.ConsumerCoordinator] (Thread-700) [Consumer clientId=consumer-Consumer-topic-a903dc33_72b5_432f_9b26_c3ab5adcbcd3-13, groupId=Consumer-topic-a903dc33_72b5_432f_9b26_c3ab5adcbcd3] (Re-)joining group
2025-08-07 20:33:37,275 INFO  [org.apa.kaf.cli.con.int.ConsumerCoordinator] (Thread-700) [Consumer clientId=consumer-Consumer-topic-a903dc33_72b5_432f_9b26_c3ab5adcbcd3-13, groupId=Consumer-topic-a903dc33_72b5_432f_9b26_c3ab5adcbcd3] Request joining group due to: need to re-join with the given member-id: consumer-Consumer-topic-a903dc33_72b5_432f_9b26_c3ab5adcbcd3-13-06537a0f-b1ce-4bc4-8456-2ce30b8d61a8
2025-08-07 20:33:37,276 INFO  [org.apa.kaf.cli.con.int.ConsumerCoordinator] (Thread-700) [Consumer clientId=consumer-Consumer-topic-a903dc33_72b5_432f_9b26_c3ab5adcbcd3-13, groupId=Consumer-topic-a903dc33_72b5_432f_9b26_c3ab5adcbcd3] (Re-)joining group
2025-08-07 20:33:38,266 INFO  [io.api.tes.ser.api.KafkaSerdesTester] (Thread-700) None found
2025-08-07 20:33:39,266 INFO  [io.api.tes.ser.api.KafkaSerdesTester] (Thread-700) None found
2025-08-07 20:33:40,268 INFO  [io.api.tes.ser.api.KafkaSerdesTester] (Thread-700) None found
2025-08-07 20:33:40,278 INFO  [org.apa.kaf.cli.con.int.ConsumerCoordinator] (Thread-700) [Consumer clientId=consumer-Consumer-topic-a903dc33_72b5_432f_9b26_c3ab5adcbcd3-13, groupId=Consumer-topic-a903dc33_72b5_432f_9b26_c3ab5adcbcd3] Successfully joined group with generation Generation{generationId=1, memberId='consumer-Consumer-topic-a903dc33_72b5_432f_9b26_c3ab5adcbcd3-13-06537a0f-b1ce-4bc4-8456-2ce30b8d61a8', protocol='range'}
2025-08-07 20:33:40,278 INFO  [org.apa.kaf.cli.con.int.ConsumerCoordinator] (Thread-700) [Consumer clientId=consumer-Consumer-topic-a903dc33_72b5_432f_9b26_c3ab5adcbcd3-13, groupId=Consumer-topic-a903dc33_72b5_432f_9b26_c3ab5adcbcd3] Finished assignment for group at generation 1: {consumer-Consumer-topic-a903dc33_72b5_432f_9b26_c3ab5adcbcd3-13-06537a0f-b1ce-4bc4-8456-2ce30b8d61a8=Assignment(partitions=[topic-a903dc33_72b5_432f_9b26_c3ab5adcbcd3-0])}
2025-08-07 20:33:40,285 INFO  [org.apa.kaf.cli.con.int.ConsumerCoordinator] (Thread-700) [Consumer clientId=consumer-Consumer-topic-a903dc33_72b5_432f_9b26_c3ab5adcbcd3-13, groupId=Consumer-topic-a903dc33_72b5_432f_9b26_c3ab5adcbcd3] Successfully synced group in generation Generation{generationId=1, memberId='consumer-Consumer-topic-a903dc33_72b5_432f_9b26_c3ab5adcbcd3-13-06537a0f-b1ce-4bc4-8456-2ce30b8d61a8', protocol='range'}
2025-08-07 20:33:40,285 INFO  [org.apa.kaf.cli.con.int.ConsumerCoordinator] (Thread-700) [Consumer clientId=consumer-Consumer-topic-a903dc33_72b5_432f_9b26_c3ab5adcbcd3-13, groupId=Consumer-topic-a903dc33_72b5_432f_9b26_c3ab5adcbcd3] Notifying assignor about the new Assignment(partitions=[topic-a903dc33_72b5_432f_9b26_c3ab5adcbcd3-0])
2025-08-07 20:33:40,285 INFO  [org.apa.kaf.cli.con.int.ConsumerRebalanceListenerInvoker] (Thread-700) [Consumer clientId=consumer-Consumer-topic-a903dc33_72b5_432f_9b26_c3ab5adcbcd3-13, groupId=Consumer-topic-a903dc33_72b5_432f_9b26_c3ab5adcbcd3] Adding newly assigned partitions: topic-a903dc33_72b5_432f_9b26_c3ab5adcbcd3-0
2025-08-07 20:33:40,286 INFO  [org.apa.kaf.cli.con.int.ConsumerCoordinator] (Thread-700) [Consumer clientId=consumer-Consumer-topic-a903dc33_72b5_432f_9b26_c3ab5adcbcd3-13, groupId=Consumer-topic-a903dc33_72b5_432f_9b26_c3ab5adcbcd3] Found no committed offset for partition topic-a903dc33_72b5_432f_9b26_c3ab5adcbcd3-0
2025-08-07 20:33:40,288 INFO  [org.apa.kaf.cli.con.int.SubscriptionState] (Thread-700) [Consumer clientId=consumer-Consumer-topic-a903dc33_72b5_432f_9b26_c3ab5adcbcd3-13, groupId=Consumer-topic-a903dc33_72b5_432f_9b26_c3ab5adcbcd3] Resetting offset for partition topic-a903dc33_72b5_432f_9b26_c3ab5adcbcd3-0 to position FetchPosition{offset=0, offsetEpoch=Optional.empty, currentLeader=LeaderAndEpoch{leader=Optional[localhost:32769 (id: 0 rack: null)], epoch=0}}.
2025-08-07 20:33:40,327 INFO  [io.api.tes.ser.api.KafkaSerdesTester] (Thread-700) topic-a903dc33_72b5_432f_9b26_c3ab5adcbcd3 0 0 {"key11754598816108": "value-0"}
2025-08-07 20:33:40,327 INFO  [io.api.tes.ser.api.KafkaSerdesTester] (Thread-700) topic-a903dc33_72b5_432f_9b26_c3ab5adcbcd3 0 1 {"key11754598816108": "value-1"}
2025-08-07 20:33:40,327 INFO  [io.api.tes.ser.api.KafkaSerdesTester] (Thread-700) topic-a903dc33_72b5_432f_9b26_c3ab5adcbcd3 0 2 {"key11754598816108": "value-2"}
2025-08-07 20:33:40,327 INFO  [io.api.tes.ser.api.KafkaSerdesTester] (Thread-700) topic-a903dc33_72b5_432f_9b26_c3ab5adcbcd3 0 3 {"key11754598816108": "value-3"}
2025-08-07 20:33:40,327 INFO  [io.api.tes.ser.api.KafkaSerdesTester] (Thread-700) topic-a903dc33_72b5_432f_9b26_c3ab5adcbcd3 0 4 {"key11754598816108": "value-4"}
2025-08-07 20:33:40,327 INFO  [io.api.tes.ser.api.KafkaSerdesTester] (Thread-700) topic-a903dc33_72b5_432f_9b26_c3ab5adcbcd3 0 5 {"key11754598816108": "value-5"}
2025-08-07 20:33:40,327 INFO  [io.api.tes.ser.api.KafkaSerdesTester] (Thread-700) topic-a903dc33_72b5_432f_9b26_c3ab5adcbcd3 0 6 {"key11754598816108": "value-6"}
2025-08-07 20:33:40,327 INFO  [io.api.tes.ser.api.KafkaSerdesTester] (Thread-700) topic-a903dc33_72b5_432f_9b26_c3ab5adcbcd3 0 7 {"key11754598816108": "value-7"}
2025-08-07 20:33:40,327 INFO  [io.api.tes.ser.api.KafkaSerdesTester] (Thread-700) topic-a903dc33_72b5_432f_9b26_c3ab5adcbcd3 0 8 {"key11754598816108": "value-8"}
2025-08-07 20:33:40,327 INFO  [io.api.tes.ser.api.KafkaSerdesTester] (Thread-700) topic-a903dc33_72b5_432f_9b26_c3ab5adcbcd3 0 9 {"key11754598816108": "value-9"}
2025-08-07 20:33:40,327 INFO  [io.api.tes.ser.api.KafkaSerdesTester] (Thread-700) Consumed 10 messages
2025-08-07 20:33:40,334 INFO  [org.apa.kaf.cli.con.int.ConsumerRebalanceListenerInvoker] (Thread-700) [Consumer clientId=consumer-Consumer-topic-a903dc33_72b5_432f_9b26_c3ab5adcbcd3-13, groupId=Consumer-topic-a903dc33_72b5_432f_9b26_c3ab5adcbcd3] Revoke previously assigned partitions topic-a903dc33_72b5_432f_9b26_c3ab5adcbcd3-0
2025-08-07 20:33:40,334 INFO  [org.apa.kaf.cli.con.int.ConsumerCoordinator] (Thread-700) [Consumer clientId=consumer-Consumer-topic-a903dc33_72b5_432f_9b26_c3ab5adcbcd3-13, groupId=Consumer-topic-a903dc33_72b5_432f_9b26_c3ab5adcbcd3] Member consumer-Consumer-topic-a903dc33_72b5_432f_9b26_c3ab5adcbcd3-13-06537a0f-b1ce-4bc4-8456-2ce30b8d61a8 sending LeaveGroup request to coordinator localhost:32769 (id: 2147483647 rack: null) due to the consumer is being closed
2025-08-07 20:33:40,334 INFO  [org.apa.kaf.cli.con.int.ConsumerCoordinator] (Thread-700) [Consumer clientId=consumer-Consumer-topic-a903dc33_72b5_432f_9b26_c3ab5adcbcd3-13, groupId=Consumer-topic-a903dc33_72b5_432f_9b26_c3ab5adcbcd3] Resetting generation and member id due to: consumer pro-actively leaving the group
2025-08-07 20:33:40,334 INFO  [org.apa.kaf.cli.con.int.ConsumerCoordinator] (Thread-700) [Consumer clientId=consumer-Consumer-topic-a903dc33_72b5_432f_9b26_c3ab5adcbcd3-13, groupId=Consumer-topic-a903dc33_72b5_432f_9b26_c3ab5adcbcd3] Request joining group due to: consumer pro-actively leaving the group
2025-08-07 20:33:40,828 INFO  [org.apa.kaf.com.met.Metrics] (Thread-700) Metrics scheduler closed
2025-08-07 20:33:40,828 INFO  [org.apa.kaf.com.met.Metrics] (Thread-700) Closing reporter org.apache.kafka.common.metrics.JmxReporter
2025-08-07 20:33:40,828 INFO  [org.apa.kaf.com.met.Metrics] (Thread-700) Closing reporter org.apache.kafka.common.telemetry.internals.ClientTelemetryReporter
2025-08-07 20:33:40,828 INFO  [org.apa.kaf.com.met.Metrics] (Thread-700) Metrics reporters closed
2025-08-07 20:33:40,830 INFO  [org.apa.kaf.com.uti.AppInfoParser] (Thread-700) App info kafka.consumer for consumer-Consumer-topic-a903dc33_72b5_432f_9b26_c3ab5adcbcd3-13 unregistered
2025-08-07 20:33:40,830 INFO  [io.api.tes.uti.TestSeparator] (main) io.apicurio.tests.serdes.apicurio.AvroSerdeIT.testTopicRecordIdStrategydFindLatest-FINISHED
2025-08-07 20:33:40,831 INFO  [io.api.tes.uti.TestSeparator] (main) ############################################################################
Test passed: testTopicRecordIdStrategydFindLatest
]]></system-out>
  </testcase>
  <testcase name="testAvroConfluentForMultipleTopics" classname="io.apicurio.tests.serdes.apicurio.AvroSerdeIT" time="11.973">
    <system-out><![CDATA[2025-08-07 20:33:40,834 INFO  [io.api.tes.uti.TestSeparator] (main) ############################################################################
2025-08-07 20:33:40,834 INFO  [io.api.tes.uti.TestSeparator] (main) io.apicurio.tests.serdes.apicurio.AvroSerdeIT.testAvroConfluentForMultipleTopics-STARTED
2025-08-07 20:33:40,835 INFO  [io.api.tes.ser.api.AvroSerdeIT] (main) Registering Avro Schema: {"type":"record","name":"myrecordconfluent","fields":[{"name":"key11754598820834","type":"string"}]}
**** Registry Base URL: http://registry-app-ksql047.apps.ci419.apicurio-testing.org:80
2025-08-07 20:33:41,903 INFO  [org.apa.kaf.cli.pro.ProducerConfig] (main) ProducerConfig values: 
	acks = -1
	auto.include.jmx.reporter = true
	batch.size = 16384
	bootstrap.servers = [PLAINTEXT://localhost:32769]
	buffer.memory = 33554432
	client.dns.lookup = use_all_dns_ips
	client.id = Producer-topic-bd571644_4d06_4dc9_acce_715cf9097fbb
	compression.gzip.level = -1
	compression.lz4.level = 9
	compression.type = none
	compression.zstd.level = 3
	connections.max.idle.ms = 10000
	delivery.timeout.ms = 120000
	enable.idempotence = true
	enable.metrics.push = true
	interceptor.classes = []
	key.serializer = class org.apache.kafka.common.serialization.StringSerializer
	linger.ms = 0
	max.block.ms = 60000
	max.in.flight.requests.per.connection = 5
	max.request.size = 1048576
	metadata.max.age.ms = 300000
	metadata.max.idle.ms = 300000
	metadata.recovery.strategy = none
	metric.reporters = []
	metrics.num.samples = 2
	metrics.recording.level = INFO
	metrics.sample.window.ms = 30000
	partitioner.adaptive.partitioning.enable = true
	partitioner.availability.timeout.ms = 0
	partitioner.class = null
	partitioner.ignore.keys = false
	receive.buffer.bytes = 32768
	reconnect.backoff.max.ms = 1000
	reconnect.backoff.ms = 50
	request.timeout.ms = 5000
	retries = 2147483647
	retry.backoff.max.ms = 1000
	retry.backoff.ms = 100
	sasl.client.callback.handler.class = null
	sasl.jaas.config = null
	sasl.kerberos.kinit.cmd = /usr/bin/kinit
	sasl.kerberos.min.time.before.relogin = 60000
	sasl.kerberos.service.name = null
	sasl.kerberos.ticket.renew.jitter = 0.05
	sasl.kerberos.ticket.renew.window.factor = 0.8
	sasl.login.callback.handler.class = null
	sasl.login.class = null
	sasl.login.connect.timeout.ms = null
	sasl.login.read.timeout.ms = null
	sasl.login.refresh.buffer.seconds = 300
	sasl.login.refresh.min.period.seconds = 60
	sasl.login.refresh.window.factor = 0.8
	sasl.login.refresh.window.jitter = 0.05
	sasl.login.retry.backoff.max.ms = 10000
	sasl.login.retry.backoff.ms = 100
	sasl.mechanism = GSSAPI
	sasl.oauthbearer.clock.skew.seconds = 30
	sasl.oauthbearer.expected.audience = null
	sasl.oauthbearer.expected.issuer = null
	sasl.oauthbearer.header.urlencode = false
	sasl.oauthbearer.jwks.endpoint.refresh.ms = 3600000
	sasl.oauthbearer.jwks.endpoint.retry.backoff.max.ms = 10000
	sasl.oauthbearer.jwks.endpoint.retry.backoff.ms = 100
	sasl.oauthbearer.jwks.endpoint.url = null
	sasl.oauthbearer.scope.claim.name = scope
	sasl.oauthbearer.sub.claim.name = sub
	sasl.oauthbearer.token.endpoint.url = null
	security.protocol = PLAINTEXT
	security.providers = null
	send.buffer.bytes = 131072
	socket.connection.setup.timeout.max.ms = 30000
	socket.connection.setup.timeout.ms = 10000
	ssl.cipher.suites = null
	ssl.enabled.protocols = [TLSv1.2, TLSv1.3]
	ssl.endpoint.identification.algorithm = https
	ssl.engine.factory.class = null
	ssl.key.password = null
	ssl.keymanager.algorithm = SunX509
	ssl.keystore.certificate.chain = null
	ssl.keystore.key = null
	ssl.keystore.location = null
	ssl.keystore.password = null
	ssl.keystore.type = JKS
	ssl.protocol = TLSv1.3
	ssl.provider = null
	ssl.secure.random.implementation = null
	ssl.trustmanager.algorithm = PKIX
	ssl.truststore.certificates = null
	ssl.truststore.location = null
	ssl.truststore.password = null
	ssl.truststore.type = JKS
	transaction.timeout.ms = 60000
	transactional.id = null
	value.serializer = class io.apicurio.registry.serde.avro.AvroKafkaSerializer

2025-08-07 20:33:41,904 INFO  [org.apa.kaf.com.tel.int.KafkaMetricsCollector] (main) initializing Kafka metrics collector
2025-08-07 20:33:41,906 INFO  [org.apa.kaf.cli.pro.KafkaProducer] (main) [Producer clientId=Producer-topic-bd571644_4d06_4dc9_acce_715cf9097fbb] Instantiated an idempotent producer.
2025-08-07 20:33:41,908 INFO  [org.apa.kaf.cli.pro.ProducerConfig] (main) These configurations '[apicurio.registry.url, apicurio.registry.artifact-resolver-strategy]' were supplied but are not used yet.
2025-08-07 20:33:41,908 INFO  [org.apa.kaf.com.uti.AppInfoParser] (main) Kafka version: 3.9.1
2025-08-07 20:33:41,908 INFO  [org.apa.kaf.com.uti.AppInfoParser] (main) Kafka commitId: f745dfdcee2b9851
2025-08-07 20:33:41,908 INFO  [org.apa.kaf.com.uti.AppInfoParser] (main) Kafka startTimeMs: 1754598821908
**** Registry Base URL: http://registry-app-ksql047.apps.ci419.apicurio-testing.org:80
2025-08-07 20:33:41,910 INFO  [org.apa.kaf.cli.pro.ProducerConfig] (main) ProducerConfig values: 
	acks = -1
	auto.include.jmx.reporter = true
	batch.size = 16384
	bootstrap.servers = [PLAINTEXT://localhost:32769]
	buffer.memory = 33554432
	client.dns.lookup = use_all_dns_ips
	client.id = Producer-topic-8cccac4a_a865_4666_8b98_93bc6ceb1d13
	compression.gzip.level = -1
	compression.lz4.level = 9
	compression.type = none
	compression.zstd.level = 3
	connections.max.idle.ms = 10000
	delivery.timeout.ms = 120000
	enable.idempotence = true
	enable.metrics.push = true
	interceptor.classes = []
	key.serializer = class org.apache.kafka.common.serialization.StringSerializer
	linger.ms = 0
	max.block.ms = 60000
	max.in.flight.requests.per.connection = 5
	max.request.size = 1048576
	metadata.max.age.ms = 300000
	metadata.max.idle.ms = 300000
	metadata.recovery.strategy = none
	metric.reporters = []
	metrics.num.samples = 2
	metrics.recording.level = INFO
	metrics.sample.window.ms = 30000
	partitioner.adaptive.partitioning.enable = true
	partitioner.availability.timeout.ms = 0
	partitioner.class = null
	partitioner.ignore.keys = false
	receive.buffer.bytes = 32768
	reconnect.backoff.max.ms = 1000
	reconnect.backoff.ms = 50
	request.timeout.ms = 5000
	retries = 2147483647
	retry.backoff.max.ms = 1000
	retry.backoff.ms = 100
	sasl.client.callback.handler.class = null
	sasl.jaas.config = null
	sasl.kerberos.kinit.cmd = /usr/bin/kinit
	sasl.kerberos.min.time.before.relogin = 60000
	sasl.kerberos.service.name = null
	sasl.kerberos.ticket.renew.jitter = 0.05
	sasl.kerberos.ticket.renew.window.factor = 0.8
	sasl.login.callback.handler.class = null
	sasl.login.class = null
	sasl.login.connect.timeout.ms = null
	sasl.login.read.timeout.ms = null
	sasl.login.refresh.buffer.seconds = 300
	sasl.login.refresh.min.period.seconds = 60
	sasl.login.refresh.window.factor = 0.8
	sasl.login.refresh.window.jitter = 0.05
	sasl.login.retry.backoff.max.ms = 10000
	sasl.login.retry.backoff.ms = 100
	sasl.mechanism = GSSAPI
	sasl.oauthbearer.clock.skew.seconds = 30
	sasl.oauthbearer.expected.audience = null
	sasl.oauthbearer.expected.issuer = null
	sasl.oauthbearer.header.urlencode = false
	sasl.oauthbearer.jwks.endpoint.refresh.ms = 3600000
	sasl.oauthbearer.jwks.endpoint.retry.backoff.max.ms = 10000
	sasl.oauthbearer.jwks.endpoint.retry.backoff.ms = 100
	sasl.oauthbearer.jwks.endpoint.url = null
	sasl.oauthbearer.scope.claim.name = scope
	sasl.oauthbearer.sub.claim.name = sub
	sasl.oauthbearer.token.endpoint.url = null
	security.protocol = PLAINTEXT
	security.providers = null
	send.buffer.bytes = 131072
	socket.connection.setup.timeout.max.ms = 30000
	socket.connection.setup.timeout.ms = 10000
	ssl.cipher.suites = null
	ssl.enabled.protocols = [TLSv1.2, TLSv1.3]
	ssl.endpoint.identification.algorithm = https
	ssl.engine.factory.class = null
	ssl.key.password = null
	ssl.keymanager.algorithm = SunX509
	ssl.keystore.certificate.chain = null
	ssl.keystore.key = null
	ssl.keystore.location = null
	ssl.keystore.password = null
	ssl.keystore.type = JKS
	ssl.protocol = TLSv1.3
	ssl.provider = null
	ssl.secure.random.implementation = null
	ssl.trustmanager.algorithm = PKIX
	ssl.truststore.certificates = null
	ssl.truststore.location = null
	ssl.truststore.password = null
	ssl.truststore.type = JKS
	transaction.timeout.ms = 60000
	transactional.id = null
	value.serializer = class io.apicurio.registry.serde.avro.AvroKafkaSerializer

2025-08-07 20:33:41,910 INFO  [org.apa.kaf.com.tel.int.KafkaMetricsCollector] (main) initializing Kafka metrics collector
2025-08-07 20:33:41,916 INFO  [org.apa.kaf.cli.Metadata] (kafka-producer-network-thread | Producer-topic-bd571644_4d06_4dc9_acce_715cf9097fbb) [Producer clientId=Producer-topic-bd571644_4d06_4dc9_acce_715cf9097fbb] Cluster ID: pU55guAKRSeYHTOWTlfVzQ
2025-08-07 20:33:41,917 INFO  [org.apa.kaf.cli.pro.int.TransactionManager] (kafka-producer-network-thread | Producer-topic-bd571644_4d06_4dc9_acce_715cf9097fbb) [Producer clientId=Producer-topic-bd571644_4d06_4dc9_acce_715cf9097fbb] ProducerId set to 19 with epoch 0
2025-08-07 20:33:41,921 INFO  [org.apa.kaf.cli.pro.KafkaProducer] (main) [Producer clientId=Producer-topic-8cccac4a_a865_4666_8b98_93bc6ceb1d13] Instantiated an idempotent producer.
2025-08-07 20:33:41,926 INFO  [org.apa.kaf.cli.pro.ProducerConfig] (main) These configurations '[apicurio.registry.url, apicurio.registry.artifact-resolver-strategy]' were supplied but are not used yet.
2025-08-07 20:33:41,926 INFO  [org.apa.kaf.com.uti.AppInfoParser] (main) Kafka version: 3.9.1
2025-08-07 20:33:41,926 INFO  [org.apa.kaf.com.uti.AppInfoParser] (main) Kafka commitId: f745dfdcee2b9851
2025-08-07 20:33:41,926 INFO  [org.apa.kaf.com.uti.AppInfoParser] (main) Kafka startTimeMs: 1754598821926
**** Registry Base URL: http://registry-app-ksql047.apps.ci419.apicurio-testing.org:80
2025-08-07 20:33:41,928 INFO  [org.apa.kaf.cli.Metadata] (kafka-producer-network-thread | Producer-topic-8cccac4a_a865_4666_8b98_93bc6ceb1d13) [Producer clientId=Producer-topic-8cccac4a_a865_4666_8b98_93bc6ceb1d13] Cluster ID: pU55guAKRSeYHTOWTlfVzQ
2025-08-07 20:33:41,930 INFO  [org.apa.kaf.cli.pro.ProducerConfig] (main) ProducerConfig values: 
	acks = -1
	auto.include.jmx.reporter = true
	batch.size = 16384
	bootstrap.servers = [PLAINTEXT://localhost:32769]
	buffer.memory = 33554432
	client.dns.lookup = use_all_dns_ips
	client.id = Producer-topic-9359d422_2f08_4a28_b895_8fc5a61f33e2
	compression.gzip.level = -1
	compression.lz4.level = 9
	compression.type = none
	compression.zstd.level = 3
	connections.max.idle.ms = 10000
	delivery.timeout.ms = 120000
	enable.idempotence = true
	enable.metrics.push = true
	interceptor.classes = []
	key.serializer = class org.apache.kafka.common.serialization.StringSerializer
	linger.ms = 0
	max.block.ms = 60000
	max.in.flight.requests.per.connection = 5
	max.request.size = 1048576
	metadata.max.age.ms = 300000
	metadata.max.idle.ms = 300000
	metadata.recovery.strategy = none
	metric.reporters = []
	metrics.num.samples = 2
	metrics.recording.level = INFO
	metrics.sample.window.ms = 30000
	partitioner.adaptive.partitioning.enable = true
	partitioner.availability.timeout.ms = 0
	partitioner.class = null
	partitioner.ignore.keys = false
	receive.buffer.bytes = 32768
	reconnect.backoff.max.ms = 1000
	reconnect.backoff.ms = 50
	request.timeout.ms = 5000
	retries = 2147483647
	retry.backoff.max.ms = 1000
	retry.backoff.ms = 100
	sasl.client.callback.handler.class = null
	sasl.jaas.config = null
	sasl.kerberos.kinit.cmd = /usr/bin/kinit
	sasl.kerberos.min.time.before.relogin = 60000
	sasl.kerberos.service.name = null
	sasl.kerberos.ticket.renew.jitter = 0.05
	sasl.kerberos.ticket.renew.window.factor = 0.8
	sasl.login.callback.handler.class = null
	sasl.login.class = null
	sasl.login.connect.timeout.ms = null
	sasl.login.read.timeout.ms = null
	sasl.login.refresh.buffer.seconds = 300
	sasl.login.refresh.min.period.seconds = 60
	sasl.login.refresh.window.factor = 0.8
	sasl.login.refresh.window.jitter = 0.05
	sasl.login.retry.backoff.max.ms = 10000
	sasl.login.retry.backoff.ms = 100
	sasl.mechanism = GSSAPI
	sasl.oauthbearer.clock.skew.seconds = 30
	sasl.oauthbearer.expected.audience = null
	sasl.oauthbearer.expected.issuer = null
	sasl.oauthbearer.header.urlencode = false
	sasl.oauthbearer.jwks.endpoint.refresh.ms = 3600000
	sasl.oauthbearer.jwks.endpoint.retry.backoff.max.ms = 10000
	sasl.oauthbearer.jwks.endpoint.retry.backoff.ms = 100
	sasl.oauthbearer.jwks.endpoint.url = null
	sasl.oauthbearer.scope.claim.name = scope
	sasl.oauthbearer.sub.claim.name = sub
	sasl.oauthbearer.token.endpoint.url = null
	security.protocol = PLAINTEXT
	security.providers = null
	send.buffer.bytes = 131072
	socket.connection.setup.timeout.max.ms = 30000
	socket.connection.setup.timeout.ms = 10000
	ssl.cipher.suites = null
	ssl.enabled.protocols = [TLSv1.2, TLSv1.3]
	ssl.endpoint.identification.algorithm = https
	ssl.engine.factory.class = null
	ssl.key.password = null
	ssl.keymanager.algorithm = SunX509
	ssl.keystore.certificate.chain = null
	ssl.keystore.key = null
	ssl.keystore.location = null
	ssl.keystore.password = null
	ssl.keystore.type = JKS
	ssl.protocol = TLSv1.3
	ssl.provider = null
	ssl.secure.random.implementation = null
	ssl.trustmanager.algorithm = PKIX
	ssl.truststore.certificates = null
	ssl.truststore.location = null
	ssl.truststore.password = null
	ssl.truststore.type = JKS
	transaction.timeout.ms = 60000
	transactional.id = null
	value.serializer = class io.apicurio.registry.serde.avro.AvroKafkaSerializer

2025-08-07 20:33:41,930 INFO  [org.apa.kaf.com.tel.int.KafkaMetricsCollector] (main) initializing Kafka metrics collector
2025-08-07 20:33:41,931 INFO  [org.apa.kaf.cli.pro.int.TransactionManager] (kafka-producer-network-thread | Producer-topic-8cccac4a_a865_4666_8b98_93bc6ceb1d13) [Producer clientId=Producer-topic-8cccac4a_a865_4666_8b98_93bc6ceb1d13] ProducerId set to 20 with epoch 0
2025-08-07 20:33:41,938 INFO  [org.apa.kaf.cli.pro.KafkaProducer] (main) [Producer clientId=Producer-topic-9359d422_2f08_4a28_b895_8fc5a61f33e2] Instantiated an idempotent producer.
2025-08-07 20:33:41,941 INFO  [org.apa.kaf.cli.pro.ProducerConfig] (main) These configurations '[apicurio.registry.url, apicurio.registry.artifact-resolver-strategy]' were supplied but are not used yet.
2025-08-07 20:33:41,941 INFO  [org.apa.kaf.com.uti.AppInfoParser] (main) Kafka version: 3.9.1
2025-08-07 20:33:41,941 INFO  [org.apa.kaf.com.uti.AppInfoParser] (main) Kafka commitId: f745dfdcee2b9851
2025-08-07 20:33:41,941 INFO  [org.apa.kaf.com.uti.AppInfoParser] (main) Kafka startTimeMs: 1754598821941
**** Registry Base URL: http://registry-app-ksql047.apps.ci419.apicurio-testing.org:80
2025-08-07 20:33:41,942 INFO  [org.apa.kaf.cli.con.ConsumerConfig] (main) ConsumerConfig values: 
	allow.auto.create.topics = true
	auto.commit.interval.ms = 500
	auto.include.jmx.reporter = true
	auto.offset.reset = earliest
	bootstrap.servers = [PLAINTEXT://localhost:32769]
	check.crcs = true
	client.dns.lookup = use_all_dns_ips
	client.id = consumer-Consumer-topic-bd571644_4d06_4dc9_acce_715cf9097fbb-14
	client.rack = 
	connections.max.idle.ms = 10000
	default.api.timeout.ms = 60000
	enable.auto.commit = true
	enable.metrics.push = true
	exclude.internal.topics = true
	fetch.max.bytes = 52428800
	fetch.max.wait.ms = 500
	fetch.min.bytes = 1
	group.id = Consumer-topic-bd571644_4d06_4dc9_acce_715cf9097fbb
	group.instance.id = null
	group.protocol = classic
	group.remote.assignor = null
	heartbeat.interval.ms = 3000
	interceptor.classes = []
	internal.leave.group.on.close = true
	internal.throw.on.fetch.stable.offset.unsupported = false
	isolation.level = read_uncommitted
	key.deserializer = class org.apache.kafka.common.serialization.StringDeserializer
	max.partition.fetch.bytes = 1048576
	max.poll.interval.ms = 300000
	max.poll.records = 500
	metadata.max.age.ms = 300000
	metadata.recovery.strategy = none
	metric.reporters = []
	metrics.num.samples = 2
	metrics.recording.level = INFO
	metrics.sample.window.ms = 30000
	partition.assignment.strategy = [class org.apache.kafka.clients.consumer.RangeAssignor, class org.apache.kafka.clients.consumer.CooperativeStickyAssignor]
	receive.buffer.bytes = 65536
	reconnect.backoff.max.ms = 1000
	reconnect.backoff.ms = 50
	request.timeout.ms = 5000
	retry.backoff.max.ms = 1000
	retry.backoff.ms = 100
	sasl.client.callback.handler.class = null
	sasl.jaas.config = null
	sasl.kerberos.kinit.cmd = /usr/bin/kinit
	sasl.kerberos.min.time.before.relogin = 60000
	sasl.kerberos.service.name = null
	sasl.kerberos.ticket.renew.jitter = 0.05
	sasl.kerberos.ticket.renew.window.factor = 0.8
	sasl.login.callback.handler.class = null
	sasl.login.class = null
	sasl.login.connect.timeout.ms = null
	sasl.login.read.timeout.ms = null
	sasl.login.refresh.buffer.seconds = 300
	sasl.login.refresh.min.period.seconds = 60
	sasl.login.refresh.window.factor = 0.8
	sasl.login.refresh.window.jitter = 0.05
	sasl.login.retry.backoff.max.ms = 10000
	sasl.login.retry.backoff.ms = 100
	sasl.mechanism = GSSAPI
	sasl.oauthbearer.clock.skew.seconds = 30
	sasl.oauthbearer.expected.audience = null
	sasl.oauthbearer.expected.issuer = null
	sasl.oauthbearer.header.urlencode = false
	sasl.oauthbearer.jwks.endpoint.refresh.ms = 3600000
	sasl.oauthbearer.jwks.endpoint.retry.backoff.max.ms = 10000
	sasl.oauthbearer.jwks.endpoint.retry.backoff.ms = 100
	sasl.oauthbearer.jwks.endpoint.url = null
	sasl.oauthbearer.scope.claim.name = scope
	sasl.oauthbearer.sub.claim.name = sub
	sasl.oauthbearer.token.endpoint.url = null
	security.protocol = PLAINTEXT
	security.providers = null
	send.buffer.bytes = 131072
	session.timeout.ms = 45000
	socket.connection.setup.timeout.max.ms = 30000
	socket.connection.setup.timeout.ms = 10000
	ssl.cipher.suites = null
	ssl.enabled.protocols = [TLSv1.2, TLSv1.3]
	ssl.endpoint.identification.algorithm = https
	ssl.engine.factory.class = null
	ssl.key.password = null
	ssl.keymanager.algorithm = SunX509
	ssl.keystore.certificate.chain = null
	ssl.keystore.key = null
	ssl.keystore.location = null
	ssl.keystore.password = null
	ssl.keystore.type = JKS
	ssl.protocol = TLSv1.3
	ssl.provider = null
	ssl.secure.random.implementation = null
	ssl.trustmanager.algorithm = PKIX
	ssl.truststore.certificates = null
	ssl.truststore.location = null
	ssl.truststore.password = null
	ssl.truststore.type = JKS
	value.deserializer = class io.apicurio.registry.serde.avro.AvroKafkaDeserializer

2025-08-07 20:33:41,942 INFO  [org.apa.kaf.com.tel.int.KafkaMetricsCollector] (main) initializing Kafka metrics collector
2025-08-07 20:33:41,948 INFO  [org.apa.kaf.cli.Metadata] (kafka-producer-network-thread | Producer-topic-9359d422_2f08_4a28_b895_8fc5a61f33e2) [Producer clientId=Producer-topic-9359d422_2f08_4a28_b895_8fc5a61f33e2] Cluster ID: pU55guAKRSeYHTOWTlfVzQ
2025-08-07 20:33:41,948 INFO  [org.apa.kaf.cli.pro.int.TransactionManager] (kafka-producer-network-thread | Producer-topic-9359d422_2f08_4a28_b895_8fc5a61f33e2) [Producer clientId=Producer-topic-9359d422_2f08_4a28_b895_8fc5a61f33e2] ProducerId set to 21 with epoch 0
2025-08-07 20:33:41,949 INFO  [org.apa.kaf.cli.con.ConsumerConfig] (main) These configurations '[apicurio.registry.url]' were supplied but are not used yet.
2025-08-07 20:33:41,949 INFO  [org.apa.kaf.com.uti.AppInfoParser] (main) Kafka version: 3.9.1
2025-08-07 20:33:41,949 INFO  [org.apa.kaf.com.uti.AppInfoParser] (main) Kafka commitId: f745dfdcee2b9851
2025-08-07 20:33:41,949 INFO  [org.apa.kaf.com.uti.AppInfoParser] (main) Kafka startTimeMs: 1754598821949
**** Registry Base URL: http://registry-app-ksql047.apps.ci419.apicurio-testing.org:80
2025-08-07 20:33:41,950 INFO  [org.apa.kaf.cli.con.ConsumerConfig] (main) ConsumerConfig values: 
	allow.auto.create.topics = true
	auto.commit.interval.ms = 500
	auto.include.jmx.reporter = true
	auto.offset.reset = earliest
	bootstrap.servers = [PLAINTEXT://localhost:32769]
	check.crcs = true
	client.dns.lookup = use_all_dns_ips
	client.id = consumer-Consumer-topic-8cccac4a_a865_4666_8b98_93bc6ceb1d13-15
	client.rack = 
	connections.max.idle.ms = 10000
	default.api.timeout.ms = 60000
	enable.auto.commit = true
	enable.metrics.push = true
	exclude.internal.topics = true
	fetch.max.bytes = 52428800
	fetch.max.wait.ms = 500
	fetch.min.bytes = 1
	group.id = Consumer-topic-8cccac4a_a865_4666_8b98_93bc6ceb1d13
	group.instance.id = null
	group.protocol = classic
	group.remote.assignor = null
	heartbeat.interval.ms = 3000
	interceptor.classes = []
	internal.leave.group.on.close = true
	internal.throw.on.fetch.stable.offset.unsupported = false
	isolation.level = read_uncommitted
	key.deserializer = class org.apache.kafka.common.serialization.StringDeserializer
	max.partition.fetch.bytes = 1048576
	max.poll.interval.ms = 300000
	max.poll.records = 500
	metadata.max.age.ms = 300000
	metadata.recovery.strategy = none
	metric.reporters = []
	metrics.num.samples = 2
	metrics.recording.level = INFO
	metrics.sample.window.ms = 30000
	partition.assignment.strategy = [class org.apache.kafka.clients.consumer.RangeAssignor, class org.apache.kafka.clients.consumer.CooperativeStickyAssignor]
	receive.buffer.bytes = 65536
	reconnect.backoff.max.ms = 1000
	reconnect.backoff.ms = 50
	request.timeout.ms = 5000
	retry.backoff.max.ms = 1000
	retry.backoff.ms = 100
	sasl.client.callback.handler.class = null
	sasl.jaas.config = null
	sasl.kerberos.kinit.cmd = /usr/bin/kinit
	sasl.kerberos.min.time.before.relogin = 60000
	sasl.kerberos.service.name = null
	sasl.kerberos.ticket.renew.jitter = 0.05
	sasl.kerberos.ticket.renew.window.factor = 0.8
	sasl.login.callback.handler.class = null
	sasl.login.class = null
	sasl.login.connect.timeout.ms = null
	sasl.login.read.timeout.ms = null
	sasl.login.refresh.buffer.seconds = 300
	sasl.login.refresh.min.period.seconds = 60
	sasl.login.refresh.window.factor = 0.8
	sasl.login.refresh.window.jitter = 0.05
	sasl.login.retry.backoff.max.ms = 10000
	sasl.login.retry.backoff.ms = 100
	sasl.mechanism = GSSAPI
	sasl.oauthbearer.clock.skew.seconds = 30
	sasl.oauthbearer.expected.audience = null
	sasl.oauthbearer.expected.issuer = null
	sasl.oauthbearer.header.urlencode = false
	sasl.oauthbearer.jwks.endpoint.refresh.ms = 3600000
	sasl.oauthbearer.jwks.endpoint.retry.backoff.max.ms = 10000
	sasl.oauthbearer.jwks.endpoint.retry.backoff.ms = 100
	sasl.oauthbearer.jwks.endpoint.url = null
	sasl.oauthbearer.scope.claim.name = scope
	sasl.oauthbearer.sub.claim.name = sub
	sasl.oauthbearer.token.endpoint.url = null
	security.protocol = PLAINTEXT
	security.providers = null
	send.buffer.bytes = 131072
	session.timeout.ms = 45000
	socket.connection.setup.timeout.max.ms = 30000
	socket.connection.setup.timeout.ms = 10000
	ssl.cipher.suites = null
	ssl.enabled.protocols = [TLSv1.2, TLSv1.3]
	ssl.endpoint.identification.algorithm = https
	ssl.engine.factory.class = null
	ssl.key.password = null
	ssl.keymanager.algorithm = SunX509
	ssl.keystore.certificate.chain = null
	ssl.keystore.key = null
	ssl.keystore.location = null
	ssl.keystore.password = null
	ssl.keystore.type = JKS
	ssl.protocol = TLSv1.3
	ssl.provider = null
	ssl.secure.random.implementation = null
	ssl.trustmanager.algorithm = PKIX
	ssl.truststore.certificates = null
	ssl.truststore.location = null
	ssl.truststore.password = null
	ssl.truststore.type = JKS
	value.deserializer = class io.apicurio.registry.serde.avro.AvroKafkaDeserializer

2025-08-07 20:33:41,950 INFO  [org.apa.kaf.com.tel.int.KafkaMetricsCollector] (main) initializing Kafka metrics collector
2025-08-07 20:33:41,955 INFO  [org.apa.kaf.cli.con.ConsumerConfig] (main) These configurations '[apicurio.registry.url]' were supplied but are not used yet.
2025-08-07 20:33:41,955 INFO  [org.apa.kaf.com.uti.AppInfoParser] (main) Kafka version: 3.9.1
2025-08-07 20:33:41,955 INFO  [org.apa.kaf.com.uti.AppInfoParser] (main) Kafka commitId: f745dfdcee2b9851
2025-08-07 20:33:41,955 INFO  [org.apa.kaf.com.uti.AppInfoParser] (main) Kafka startTimeMs: 1754598821955
**** Registry Base URL: http://registry-app-ksql047.apps.ci419.apicurio-testing.org:80
2025-08-07 20:33:41,956 INFO  [org.apa.kaf.cli.con.ConsumerConfig] (main) ConsumerConfig values: 
	allow.auto.create.topics = true
	auto.commit.interval.ms = 500
	auto.include.jmx.reporter = true
	auto.offset.reset = earliest
	bootstrap.servers = [PLAINTEXT://localhost:32769]
	check.crcs = true
	client.dns.lookup = use_all_dns_ips
	client.id = consumer-Consumer-topic-9359d422_2f08_4a28_b895_8fc5a61f33e2-16
	client.rack = 
	connections.max.idle.ms = 10000
	default.api.timeout.ms = 60000
	enable.auto.commit = true
	enable.metrics.push = true
	exclude.internal.topics = true
	fetch.max.bytes = 52428800
	fetch.max.wait.ms = 500
	fetch.min.bytes = 1
	group.id = Consumer-topic-9359d422_2f08_4a28_b895_8fc5a61f33e2
	group.instance.id = null
	group.protocol = classic
	group.remote.assignor = null
	heartbeat.interval.ms = 3000
	interceptor.classes = []
	internal.leave.group.on.close = true
	internal.throw.on.fetch.stable.offset.unsupported = false
	isolation.level = read_uncommitted
	key.deserializer = class org.apache.kafka.common.serialization.StringDeserializer
	max.partition.fetch.bytes = 1048576
	max.poll.interval.ms = 300000
	max.poll.records = 500
	metadata.max.age.ms = 300000
	metadata.recovery.strategy = none
	metric.reporters = []
	metrics.num.samples = 2
	metrics.recording.level = INFO
	metrics.sample.window.ms = 30000
	partition.assignment.strategy = [class org.apache.kafka.clients.consumer.RangeAssignor, class org.apache.kafka.clients.consumer.CooperativeStickyAssignor]
	receive.buffer.bytes = 65536
	reconnect.backoff.max.ms = 1000
	reconnect.backoff.ms = 50
	request.timeout.ms = 5000
	retry.backoff.max.ms = 1000
	retry.backoff.ms = 100
	sasl.client.callback.handler.class = null
	sasl.jaas.config = null
	sasl.kerberos.kinit.cmd = /usr/bin/kinit
	sasl.kerberos.min.time.before.relogin = 60000
	sasl.kerberos.service.name = null
	sasl.kerberos.ticket.renew.jitter = 0.05
	sasl.kerberos.ticket.renew.window.factor = 0.8
	sasl.login.callback.handler.class = null
	sasl.login.class = null
	sasl.login.connect.timeout.ms = null
	sasl.login.read.timeout.ms = null
	sasl.login.refresh.buffer.seconds = 300
	sasl.login.refresh.min.period.seconds = 60
	sasl.login.refresh.window.factor = 0.8
	sasl.login.refresh.window.jitter = 0.05
	sasl.login.retry.backoff.max.ms = 10000
	sasl.login.retry.backoff.ms = 100
	sasl.mechanism = GSSAPI
	sasl.oauthbearer.clock.skew.seconds = 30
	sasl.oauthbearer.expected.audience = null
	sasl.oauthbearer.expected.issuer = null
	sasl.oauthbearer.header.urlencode = false
	sasl.oauthbearer.jwks.endpoint.refresh.ms = 3600000
	sasl.oauthbearer.jwks.endpoint.retry.backoff.max.ms = 10000
	sasl.oauthbearer.jwks.endpoint.retry.backoff.ms = 100
	sasl.oauthbearer.jwks.endpoint.url = null
	sasl.oauthbearer.scope.claim.name = scope
	sasl.oauthbearer.sub.claim.name = sub
	sasl.oauthbearer.token.endpoint.url = null
	security.protocol = PLAINTEXT
	security.providers = null
	send.buffer.bytes = 131072
	session.timeout.ms = 45000
	socket.connection.setup.timeout.max.ms = 30000
	socket.connection.setup.timeout.ms = 10000
	ssl.cipher.suites = null
	ssl.enabled.protocols = [TLSv1.2, TLSv1.3]
	ssl.endpoint.identification.algorithm = https
	ssl.engine.factory.class = null
	ssl.key.password = null
	ssl.keymanager.algorithm = SunX509
	ssl.keystore.certificate.chain = null
	ssl.keystore.key = null
	ssl.keystore.location = null
	ssl.keystore.password = null
	ssl.keystore.type = JKS
	ssl.protocol = TLSv1.3
	ssl.provider = null
	ssl.secure.random.implementation = null
	ssl.trustmanager.algorithm = PKIX
	ssl.truststore.certificates = null
	ssl.truststore.location = null
	ssl.truststore.password = null
	ssl.truststore.type = JKS
	value.deserializer = class io.apicurio.registry.serde.avro.AvroKafkaDeserializer

2025-08-07 20:33:41,956 INFO  [org.apa.kaf.com.tel.int.KafkaMetricsCollector] (main) initializing Kafka metrics collector
2025-08-07 20:33:41,963 INFO  [org.apa.kaf.cli.con.ConsumerConfig] (main) These configurations '[apicurio.registry.url]' were supplied but are not used yet.
2025-08-07 20:33:41,963 INFO  [org.apa.kaf.com.uti.AppInfoParser] (main) Kafka version: 3.9.1
2025-08-07 20:33:41,963 INFO  [org.apa.kaf.com.uti.AppInfoParser] (main) Kafka commitId: f745dfdcee2b9851
2025-08-07 20:33:41,963 INFO  [org.apa.kaf.com.uti.AppInfoParser] (main) Kafka startTimeMs: 1754598821963
2025-08-07 20:33:41,964 INFO  [io.api.tes.ser.api.KafkaSerdesTester] (Thread-713) Sending message {"key11754598820834": "value-0"} to topic topic-bd571644_4d06_4dc9_acce_715cf9097fbb
2025-08-07 20:33:41,966 INFO  [DefaultSchemaResolver] (Thread-713) Retrieving schema content using string: {"type":"record","name":"myrecordconfluent","fields":[{"name":"key11754598820834","type":"string"}]}
2025-08-07 20:33:41,994 INFO  [io.api.tes.ser.api.KafkaSerdesTester] (Thread-713) Sending message {"key11754598820834": "value-1"} to topic topic-bd571644_4d06_4dc9_acce_715cf9097fbb
2025-08-07 20:33:41,995 INFO  [io.api.tes.ser.api.KafkaSerdesTester] (Thread-713) Sending message {"key11754598820834": "value-2"} to topic topic-bd571644_4d06_4dc9_acce_715cf9097fbb
2025-08-07 20:33:41,997 INFO  [io.api.tes.ser.api.KafkaSerdesTester] (Thread-713) Sending message {"key11754598820834": "value-3"} to topic topic-bd571644_4d06_4dc9_acce_715cf9097fbb
2025-08-07 20:33:41,998 INFO  [io.api.tes.ser.api.KafkaSerdesTester] (Thread-713) Sending message {"key11754598820834": "value-4"} to topic topic-bd571644_4d06_4dc9_acce_715cf9097fbb
2025-08-07 20:33:42,000 INFO  [io.api.tes.ser.api.KafkaSerdesTester] (Thread-713) Sending message {"key11754598820834": "value-5"} to topic topic-bd571644_4d06_4dc9_acce_715cf9097fbb
2025-08-07 20:33:42,001 INFO  [io.api.tes.ser.api.KafkaSerdesTester] (Thread-713) Sending message {"key11754598820834": "value-6"} to topic topic-bd571644_4d06_4dc9_acce_715cf9097fbb
2025-08-07 20:33:42,002 INFO  [io.api.tes.ser.api.KafkaSerdesTester] (Thread-713) Sending message {"key11754598820834": "value-7"} to topic topic-bd571644_4d06_4dc9_acce_715cf9097fbb
2025-08-07 20:33:42,003 INFO  [io.api.tes.ser.api.KafkaSerdesTester] (Thread-713) Sending message {"key11754598820834": "value-8"} to topic topic-bd571644_4d06_4dc9_acce_715cf9097fbb
2025-08-07 20:33:42,004 INFO  [io.api.tes.ser.api.KafkaSerdesTester] (Thread-713) Sending message {"key11754598820834": "value-9"} to topic topic-bd571644_4d06_4dc9_acce_715cf9097fbb
2025-08-07 20:33:42,006 INFO  [io.api.tes.ser.api.KafkaSerdesTester] (Thread-713) Produced 10 messages
2025-08-07 20:33:42,006 INFO  [org.apa.kaf.cli.pro.KafkaProducer] (Thread-713) [Producer clientId=Producer-topic-bd571644_4d06_4dc9_acce_715cf9097fbb] Closing the Kafka producer with timeoutMillis = 9223372036854775807 ms.
2025-08-07 20:33:42,009 INFO  [org.apa.kaf.com.met.Metrics] (Thread-713) Metrics scheduler closed
2025-08-07 20:33:42,009 INFO  [org.apa.kaf.com.met.Metrics] (Thread-713) Closing reporter org.apache.kafka.common.metrics.JmxReporter
2025-08-07 20:33:42,009 INFO  [org.apa.kaf.com.met.Metrics] (Thread-713) Closing reporter org.apache.kafka.common.telemetry.internals.ClientTelemetryReporter
2025-08-07 20:33:42,009 INFO  [org.apa.kaf.com.met.Metrics] (Thread-713) Metrics reporters closed
2025-08-07 20:33:42,010 INFO  [org.apa.kaf.com.uti.AppInfoParser] (Thread-713) App info kafka.producer for Producer-topic-bd571644_4d06_4dc9_acce_715cf9097fbb unregistered
2025-08-07 20:33:42,012 INFO  [io.api.tes.ser.api.KafkaSerdesTester] (Thread-714) Sending message {"key11754598820834": "value-0"} to topic topic-8cccac4a_a865_4666_8b98_93bc6ceb1d13
2025-08-07 20:33:42,014 INFO  [DefaultSchemaResolver] (Thread-714) Retrieving schema content using string: {"type":"record","name":"myrecordconfluent","fields":[{"name":"key11754598820834","type":"string"}]}
2025-08-07 20:33:42,039 INFO  [io.api.tes.ser.api.KafkaSerdesTester] (Thread-714) Sending message {"key11754598820834": "value-1"} to topic topic-8cccac4a_a865_4666_8b98_93bc6ceb1d13
2025-08-07 20:33:42,040 INFO  [io.api.tes.ser.api.KafkaSerdesTester] (Thread-714) Sending message {"key11754598820834": "value-2"} to topic topic-8cccac4a_a865_4666_8b98_93bc6ceb1d13
2025-08-07 20:33:42,041 INFO  [io.api.tes.ser.api.KafkaSerdesTester] (Thread-714) Sending message {"key11754598820834": "value-3"} to topic topic-8cccac4a_a865_4666_8b98_93bc6ceb1d13
2025-08-07 20:33:42,043 INFO  [io.api.tes.ser.api.KafkaSerdesTester] (Thread-714) Sending message {"key11754598820834": "value-4"} to topic topic-8cccac4a_a865_4666_8b98_93bc6ceb1d13
2025-08-07 20:33:42,044 INFO  [io.api.tes.ser.api.KafkaSerdesTester] (Thread-714) Sending message {"key11754598820834": "value-5"} to topic topic-8cccac4a_a865_4666_8b98_93bc6ceb1d13
2025-08-07 20:33:42,046 INFO  [io.api.tes.ser.api.KafkaSerdesTester] (Thread-714) Sending message {"key11754598820834": "value-6"} to topic topic-8cccac4a_a865_4666_8b98_93bc6ceb1d13
2025-08-07 20:33:42,049 INFO  [io.api.tes.ser.api.KafkaSerdesTester] (Thread-714) Sending message {"key11754598820834": "value-7"} to topic topic-8cccac4a_a865_4666_8b98_93bc6ceb1d13
2025-08-07 20:33:42,050 INFO  [io.api.tes.ser.api.KafkaSerdesTester] (Thread-714) Sending message {"key11754598820834": "value-8"} to topic topic-8cccac4a_a865_4666_8b98_93bc6ceb1d13
2025-08-07 20:33:42,054 INFO  [io.api.tes.ser.api.KafkaSerdesTester] (Thread-714) Sending message {"key11754598820834": "value-9"} to topic topic-8cccac4a_a865_4666_8b98_93bc6ceb1d13
2025-08-07 20:33:42,055 INFO  [io.api.tes.ser.api.KafkaSerdesTester] (Thread-714) Produced 10 messages
2025-08-07 20:33:42,055 INFO  [org.apa.kaf.cli.pro.KafkaProducer] (Thread-714) [Producer clientId=Producer-topic-8cccac4a_a865_4666_8b98_93bc6ceb1d13] Closing the Kafka producer with timeoutMillis = 9223372036854775807 ms.
2025-08-07 20:33:42,057 INFO  [org.apa.kaf.com.met.Metrics] (Thread-714) Metrics scheduler closed
2025-08-07 20:33:42,057 INFO  [org.apa.kaf.com.met.Metrics] (Thread-714) Closing reporter org.apache.kafka.common.metrics.JmxReporter
2025-08-07 20:33:42,057 INFO  [org.apa.kaf.com.met.Metrics] (Thread-714) Closing reporter org.apache.kafka.common.telemetry.internals.ClientTelemetryReporter
2025-08-07 20:33:42,057 INFO  [org.apa.kaf.com.met.Metrics] (Thread-714) Metrics reporters closed
2025-08-07 20:33:42,057 INFO  [org.apa.kaf.com.uti.AppInfoParser] (Thread-714) App info kafka.producer for Producer-topic-8cccac4a_a865_4666_8b98_93bc6ceb1d13 unregistered
2025-08-07 20:33:42,058 INFO  [io.api.tes.ser.api.KafkaSerdesTester] (Thread-715) Sending message {"key11754598820834": "value-0"} to topic topic-9359d422_2f08_4a28_b895_8fc5a61f33e2
2025-08-07 20:33:42,062 INFO  [DefaultSchemaResolver] (Thread-715) Retrieving schema content using string: {"type":"record","name":"myrecordconfluent","fields":[{"name":"key11754598820834","type":"string"}]}
2025-08-07 20:33:42,087 INFO  [io.api.tes.ser.api.KafkaSerdesTester] (Thread-715) Sending message {"key11754598820834": "value-1"} to topic topic-9359d422_2f08_4a28_b895_8fc5a61f33e2
2025-08-07 20:33:42,088 INFO  [io.api.tes.ser.api.KafkaSerdesTester] (Thread-715) Sending message {"key11754598820834": "value-2"} to topic topic-9359d422_2f08_4a28_b895_8fc5a61f33e2
2025-08-07 20:33:42,089 INFO  [io.api.tes.ser.api.KafkaSerdesTester] (Thread-715) Sending message {"key11754598820834": "value-3"} to topic topic-9359d422_2f08_4a28_b895_8fc5a61f33e2
2025-08-07 20:33:42,096 INFO  [io.api.tes.ser.api.KafkaSerdesTester] (Thread-715) Sending message {"key11754598820834": "value-4"} to topic topic-9359d422_2f08_4a28_b895_8fc5a61f33e2
2025-08-07 20:33:42,098 INFO  [io.api.tes.ser.api.KafkaSerdesTester] (Thread-715) Sending message {"key11754598820834": "value-5"} to topic topic-9359d422_2f08_4a28_b895_8fc5a61f33e2
2025-08-07 20:33:42,099 INFO  [io.api.tes.ser.api.KafkaSerdesTester] (Thread-715) Sending message {"key11754598820834": "value-6"} to topic topic-9359d422_2f08_4a28_b895_8fc5a61f33e2
2025-08-07 20:33:42,100 INFO  [io.api.tes.ser.api.KafkaSerdesTester] (Thread-715) Sending message {"key11754598820834": "value-7"} to topic topic-9359d422_2f08_4a28_b895_8fc5a61f33e2
2025-08-07 20:33:42,102 INFO  [io.api.tes.ser.api.KafkaSerdesTester] (Thread-715) Sending message {"key11754598820834": "value-8"} to topic topic-9359d422_2f08_4a28_b895_8fc5a61f33e2
2025-08-07 20:33:42,103 INFO  [io.api.tes.ser.api.KafkaSerdesTester] (Thread-715) Sending message {"key11754598820834": "value-9"} to topic topic-9359d422_2f08_4a28_b895_8fc5a61f33e2
2025-08-07 20:33:42,104 INFO  [io.api.tes.ser.api.KafkaSerdesTester] (Thread-715) Produced 10 messages
2025-08-07 20:33:42,104 INFO  [org.apa.kaf.cli.pro.KafkaProducer] (Thread-715) [Producer clientId=Producer-topic-9359d422_2f08_4a28_b895_8fc5a61f33e2] Closing the Kafka producer with timeoutMillis = 9223372036854775807 ms.
2025-08-07 20:33:42,106 INFO  [org.apa.kaf.com.met.Metrics] (Thread-715) Metrics scheduler closed
2025-08-07 20:33:42,106 INFO  [org.apa.kaf.com.met.Metrics] (Thread-715) Closing reporter org.apache.kafka.common.metrics.JmxReporter
2025-08-07 20:33:42,106 INFO  [org.apa.kaf.com.met.Metrics] (Thread-715) Closing reporter org.apache.kafka.common.telemetry.internals.ClientTelemetryReporter
2025-08-07 20:33:42,106 INFO  [org.apa.kaf.com.met.Metrics] (Thread-715) Metrics reporters closed
2025-08-07 20:33:42,106 INFO  [org.apa.kaf.com.uti.AppInfoParser] (Thread-715) App info kafka.producer for Producer-topic-9359d422_2f08_4a28_b895_8fc5a61f33e2 unregistered
2025-08-07 20:33:42,107 INFO  [org.apa.kaf.cli.con.int.ClassicKafkaConsumer] (Thread-716) [Consumer clientId=consumer-Consumer-topic-bd571644_4d06_4dc9_acce_715cf9097fbb-14, groupId=Consumer-topic-bd571644_4d06_4dc9_acce_715cf9097fbb] Subscribed to topic(s): topic-bd571644_4d06_4dc9_acce_715cf9097fbb
2025-08-07 20:33:42,111 INFO  [org.apa.kaf.cli.Metadata] (Thread-716) [Consumer clientId=consumer-Consumer-topic-bd571644_4d06_4dc9_acce_715cf9097fbb-14, groupId=Consumer-topic-bd571644_4d06_4dc9_acce_715cf9097fbb] Cluster ID: pU55guAKRSeYHTOWTlfVzQ
2025-08-07 20:33:42,112 INFO  [org.apa.kaf.cli.con.int.ConsumerCoordinator] (Thread-716) [Consumer clientId=consumer-Consumer-topic-bd571644_4d06_4dc9_acce_715cf9097fbb-14, groupId=Consumer-topic-bd571644_4d06_4dc9_acce_715cf9097fbb] Discovered group coordinator localhost:32769 (id: 2147483647 rack: null)
2025-08-07 20:33:42,113 INFO  [org.apa.kaf.cli.con.int.ConsumerCoordinator] (Thread-716) [Consumer clientId=consumer-Consumer-topic-bd571644_4d06_4dc9_acce_715cf9097fbb-14, groupId=Consumer-topic-bd571644_4d06_4dc9_acce_715cf9097fbb] (Re-)joining group
2025-08-07 20:33:42,115 INFO  [org.apa.kaf.cli.con.int.ConsumerCoordinator] (Thread-716) [Consumer clientId=consumer-Consumer-topic-bd571644_4d06_4dc9_acce_715cf9097fbb-14, groupId=Consumer-topic-bd571644_4d06_4dc9_acce_715cf9097fbb] Request joining group due to: need to re-join with the given member-id: consumer-Consumer-topic-bd571644_4d06_4dc9_acce_715cf9097fbb-14-3bb87937-40d5-441c-836a-203c72f2311f
2025-08-07 20:33:42,115 INFO  [org.apa.kaf.cli.con.int.ConsumerCoordinator] (Thread-716) [Consumer clientId=consumer-Consumer-topic-bd571644_4d06_4dc9_acce_715cf9097fbb-14, groupId=Consumer-topic-bd571644_4d06_4dc9_acce_715cf9097fbb] (Re-)joining group
2025-08-07 20:33:43,107 INFO  [io.api.tes.ser.api.KafkaSerdesTester] (Thread-716) None found
2025-08-07 20:33:44,107 INFO  [io.api.tes.ser.api.KafkaSerdesTester] (Thread-716) None found
2025-08-07 20:33:45,107 INFO  [io.api.tes.ser.api.KafkaSerdesTester] (Thread-716) None found
2025-08-07 20:33:45,116 INFO  [org.apa.kaf.cli.con.int.ConsumerCoordinator] (Thread-716) [Consumer clientId=consumer-Consumer-topic-bd571644_4d06_4dc9_acce_715cf9097fbb-14, groupId=Consumer-topic-bd571644_4d06_4dc9_acce_715cf9097fbb] Successfully joined group with generation Generation{generationId=1, memberId='consumer-Consumer-topic-bd571644_4d06_4dc9_acce_715cf9097fbb-14-3bb87937-40d5-441c-836a-203c72f2311f', protocol='range'}
2025-08-07 20:33:45,116 INFO  [org.apa.kaf.cli.con.int.ConsumerCoordinator] (Thread-716) [Consumer clientId=consumer-Consumer-topic-bd571644_4d06_4dc9_acce_715cf9097fbb-14, groupId=Consumer-topic-bd571644_4d06_4dc9_acce_715cf9097fbb] Finished assignment for group at generation 1: {consumer-Consumer-topic-bd571644_4d06_4dc9_acce_715cf9097fbb-14-3bb87937-40d5-441c-836a-203c72f2311f=Assignment(partitions=[topic-bd571644_4d06_4dc9_acce_715cf9097fbb-0])}
2025-08-07 20:33:45,123 INFO  [org.apa.kaf.cli.con.int.ConsumerCoordinator] (Thread-716) [Consumer clientId=consumer-Consumer-topic-bd571644_4d06_4dc9_acce_715cf9097fbb-14, groupId=Consumer-topic-bd571644_4d06_4dc9_acce_715cf9097fbb] Successfully synced group in generation Generation{generationId=1, memberId='consumer-Consumer-topic-bd571644_4d06_4dc9_acce_715cf9097fbb-14-3bb87937-40d5-441c-836a-203c72f2311f', protocol='range'}
2025-08-07 20:33:45,123 INFO  [org.apa.kaf.cli.con.int.ConsumerCoordinator] (Thread-716) [Consumer clientId=consumer-Consumer-topic-bd571644_4d06_4dc9_acce_715cf9097fbb-14, groupId=Consumer-topic-bd571644_4d06_4dc9_acce_715cf9097fbb] Notifying assignor about the new Assignment(partitions=[topic-bd571644_4d06_4dc9_acce_715cf9097fbb-0])
2025-08-07 20:33:45,123 INFO  [org.apa.kaf.cli.con.int.ConsumerRebalanceListenerInvoker] (Thread-716) [Consumer clientId=consumer-Consumer-topic-bd571644_4d06_4dc9_acce_715cf9097fbb-14, groupId=Consumer-topic-bd571644_4d06_4dc9_acce_715cf9097fbb] Adding newly assigned partitions: topic-bd571644_4d06_4dc9_acce_715cf9097fbb-0
2025-08-07 20:33:45,127 INFO  [org.apa.kaf.cli.con.int.ConsumerCoordinator] (Thread-716) [Consumer clientId=consumer-Consumer-topic-bd571644_4d06_4dc9_acce_715cf9097fbb-14, groupId=Consumer-topic-bd571644_4d06_4dc9_acce_715cf9097fbb] Found no committed offset for partition topic-bd571644_4d06_4dc9_acce_715cf9097fbb-0
2025-08-07 20:33:45,132 INFO  [org.apa.kaf.cli.con.int.SubscriptionState] (Thread-716) [Consumer clientId=consumer-Consumer-topic-bd571644_4d06_4dc9_acce_715cf9097fbb-14, groupId=Consumer-topic-bd571644_4d06_4dc9_acce_715cf9097fbb] Resetting offset for partition topic-bd571644_4d06_4dc9_acce_715cf9097fbb-0 to position FetchPosition{offset=0, offsetEpoch=Optional.empty, currentLeader=LeaderAndEpoch{leader=Optional[localhost:32769 (id: 0 rack: null)], epoch=0}}.
2025-08-07 20:33:45,173 INFO  [io.api.tes.ser.api.KafkaSerdesTester] (Thread-716) topic-bd571644_4d06_4dc9_acce_715cf9097fbb 0 0 {"key11754598820834": "value-0"}
2025-08-07 20:33:45,173 INFO  [io.api.tes.ser.api.KafkaSerdesTester] (Thread-716) topic-bd571644_4d06_4dc9_acce_715cf9097fbb 0 1 {"key11754598820834": "value-1"}
2025-08-07 20:33:45,173 INFO  [io.api.tes.ser.api.KafkaSerdesTester] (Thread-716) topic-bd571644_4d06_4dc9_acce_715cf9097fbb 0 2 {"key11754598820834": "value-2"}
2025-08-07 20:33:45,173 INFO  [io.api.tes.ser.api.KafkaSerdesTester] (Thread-716) topic-bd571644_4d06_4dc9_acce_715cf9097fbb 0 3 {"key11754598820834": "value-3"}
2025-08-07 20:33:45,173 INFO  [io.api.tes.ser.api.KafkaSerdesTester] (Thread-716) topic-bd571644_4d06_4dc9_acce_715cf9097fbb 0 4 {"key11754598820834": "value-4"}
2025-08-07 20:33:45,173 INFO  [io.api.tes.ser.api.KafkaSerdesTester] (Thread-716) topic-bd571644_4d06_4dc9_acce_715cf9097fbb 0 5 {"key11754598820834": "value-5"}
2025-08-07 20:33:45,173 INFO  [io.api.tes.ser.api.KafkaSerdesTester] (Thread-716) topic-bd571644_4d06_4dc9_acce_715cf9097fbb 0 6 {"key11754598820834": "value-6"}
2025-08-07 20:33:45,173 INFO  [io.api.tes.ser.api.KafkaSerdesTester] (Thread-716) topic-bd571644_4d06_4dc9_acce_715cf9097fbb 0 7 {"key11754598820834": "value-7"}
2025-08-07 20:33:45,173 INFO  [io.api.tes.ser.api.KafkaSerdesTester] (Thread-716) topic-bd571644_4d06_4dc9_acce_715cf9097fbb 0 8 {"key11754598820834": "value-8"}
2025-08-07 20:33:45,173 INFO  [io.api.tes.ser.api.KafkaSerdesTester] (Thread-716) topic-bd571644_4d06_4dc9_acce_715cf9097fbb 0 9 {"key11754598820834": "value-9"}
2025-08-07 20:33:45,173 INFO  [io.api.tes.ser.api.KafkaSerdesTester] (Thread-716) Consumed 10 messages
2025-08-07 20:33:45,180 INFO  [org.apa.kaf.cli.con.int.ConsumerRebalanceListenerInvoker] (Thread-716) [Consumer clientId=consumer-Consumer-topic-bd571644_4d06_4dc9_acce_715cf9097fbb-14, groupId=Consumer-topic-bd571644_4d06_4dc9_acce_715cf9097fbb] Revoke previously assigned partitions topic-bd571644_4d06_4dc9_acce_715cf9097fbb-0
2025-08-07 20:33:45,180 INFO  [org.apa.kaf.cli.con.int.ConsumerCoordinator] (Thread-716) [Consumer clientId=consumer-Consumer-topic-bd571644_4d06_4dc9_acce_715cf9097fbb-14, groupId=Consumer-topic-bd571644_4d06_4dc9_acce_715cf9097fbb] Member consumer-Consumer-topic-bd571644_4d06_4dc9_acce_715cf9097fbb-14-3bb87937-40d5-441c-836a-203c72f2311f sending LeaveGroup request to coordinator localhost:32769 (id: 2147483647 rack: null) due to the consumer is being closed
2025-08-07 20:33:45,180 INFO  [org.apa.kaf.cli.con.int.ConsumerCoordinator] (Thread-716) [Consumer clientId=consumer-Consumer-topic-bd571644_4d06_4dc9_acce_715cf9097fbb-14, groupId=Consumer-topic-bd571644_4d06_4dc9_acce_715cf9097fbb] Resetting generation and member id due to: consumer pro-actively leaving the group
2025-08-07 20:33:45,180 INFO  [org.apa.kaf.cli.con.int.ConsumerCoordinator] (Thread-716) [Consumer clientId=consumer-Consumer-topic-bd571644_4d06_4dc9_acce_715cf9097fbb-14, groupId=Consumer-topic-bd571644_4d06_4dc9_acce_715cf9097fbb] Request joining group due to: consumer pro-actively leaving the group
2025-08-07 20:33:45,676 INFO  [org.apa.kaf.com.met.Metrics] (Thread-716) Metrics scheduler closed
2025-08-07 20:33:45,676 INFO  [org.apa.kaf.com.met.Metrics] (Thread-716) Closing reporter org.apache.kafka.common.metrics.JmxReporter
2025-08-07 20:33:45,676 INFO  [org.apa.kaf.com.met.Metrics] (Thread-716) Closing reporter org.apache.kafka.common.telemetry.internals.ClientTelemetryReporter
2025-08-07 20:33:45,676 INFO  [org.apa.kaf.com.met.Metrics] (Thread-716) Metrics reporters closed
2025-08-07 20:33:45,678 INFO  [org.apa.kaf.com.uti.AppInfoParser] (Thread-716) App info kafka.consumer for consumer-Consumer-topic-bd571644_4d06_4dc9_acce_715cf9097fbb-14 unregistered
2025-08-07 20:33:45,680 INFO  [org.apa.kaf.cli.con.int.ClassicKafkaConsumer] (Thread-717) [Consumer clientId=consumer-Consumer-topic-8cccac4a_a865_4666_8b98_93bc6ceb1d13-15, groupId=Consumer-topic-8cccac4a_a865_4666_8b98_93bc6ceb1d13] Subscribed to topic(s): topic-8cccac4a_a865_4666_8b98_93bc6ceb1d13
2025-08-07 20:33:45,684 INFO  [org.apa.kaf.cli.Metadata] (Thread-717) [Consumer clientId=consumer-Consumer-topic-8cccac4a_a865_4666_8b98_93bc6ceb1d13-15, groupId=Consumer-topic-8cccac4a_a865_4666_8b98_93bc6ceb1d13] Cluster ID: pU55guAKRSeYHTOWTlfVzQ
2025-08-07 20:33:45,685 INFO  [org.apa.kaf.cli.con.int.ConsumerCoordinator] (Thread-717) [Consumer clientId=consumer-Consumer-topic-8cccac4a_a865_4666_8b98_93bc6ceb1d13-15, groupId=Consumer-topic-8cccac4a_a865_4666_8b98_93bc6ceb1d13] Discovered group coordinator localhost:32769 (id: 2147483647 rack: null)
2025-08-07 20:33:45,685 INFO  [org.apa.kaf.cli.con.int.ConsumerCoordinator] (Thread-717) [Consumer clientId=consumer-Consumer-topic-8cccac4a_a865_4666_8b98_93bc6ceb1d13-15, groupId=Consumer-topic-8cccac4a_a865_4666_8b98_93bc6ceb1d13] (Re-)joining group
2025-08-07 20:33:45,689 INFO  [org.apa.kaf.cli.con.int.ConsumerCoordinator] (Thread-717) [Consumer clientId=consumer-Consumer-topic-8cccac4a_a865_4666_8b98_93bc6ceb1d13-15, groupId=Consumer-topic-8cccac4a_a865_4666_8b98_93bc6ceb1d13] Request joining group due to: need to re-join with the given member-id: consumer-Consumer-topic-8cccac4a_a865_4666_8b98_93bc6ceb1d13-15-d1f1aae7-2ecf-404d-b86e-a43677b6c24a
2025-08-07 20:33:45,689 INFO  [org.apa.kaf.cli.con.int.ConsumerCoordinator] (Thread-717) [Consumer clientId=consumer-Consumer-topic-8cccac4a_a865_4666_8b98_93bc6ceb1d13-15, groupId=Consumer-topic-8cccac4a_a865_4666_8b98_93bc6ceb1d13] (Re-)joining group
2025-08-07 20:33:46,680 INFO  [io.api.tes.ser.api.KafkaSerdesTester] (Thread-717) None found
2025-08-07 20:33:47,682 INFO  [io.api.tes.ser.api.KafkaSerdesTester] (Thread-717) None found
2025-08-07 20:33:48,682 INFO  [io.api.tes.ser.api.KafkaSerdesTester] (Thread-717) None found
2025-08-07 20:33:48,691 INFO  [org.apa.kaf.cli.con.int.ConsumerCoordinator] (Thread-717) [Consumer clientId=consumer-Consumer-topic-8cccac4a_a865_4666_8b98_93bc6ceb1d13-15, groupId=Consumer-topic-8cccac4a_a865_4666_8b98_93bc6ceb1d13] Successfully joined group with generation Generation{generationId=1, memberId='consumer-Consumer-topic-8cccac4a_a865_4666_8b98_93bc6ceb1d13-15-d1f1aae7-2ecf-404d-b86e-a43677b6c24a', protocol='range'}
2025-08-07 20:33:48,691 INFO  [org.apa.kaf.cli.con.int.ConsumerCoordinator] (Thread-717) [Consumer clientId=consumer-Consumer-topic-8cccac4a_a865_4666_8b98_93bc6ceb1d13-15, groupId=Consumer-topic-8cccac4a_a865_4666_8b98_93bc6ceb1d13] Finished assignment for group at generation 1: {consumer-Consumer-topic-8cccac4a_a865_4666_8b98_93bc6ceb1d13-15-d1f1aae7-2ecf-404d-b86e-a43677b6c24a=Assignment(partitions=[topic-8cccac4a_a865_4666_8b98_93bc6ceb1d13-0])}
2025-08-07 20:33:48,698 INFO  [org.apa.kaf.cli.con.int.ConsumerCoordinator] (Thread-717) [Consumer clientId=consumer-Consumer-topic-8cccac4a_a865_4666_8b98_93bc6ceb1d13-15, groupId=Consumer-topic-8cccac4a_a865_4666_8b98_93bc6ceb1d13] Successfully synced group in generation Generation{generationId=1, memberId='consumer-Consumer-topic-8cccac4a_a865_4666_8b98_93bc6ceb1d13-15-d1f1aae7-2ecf-404d-b86e-a43677b6c24a', protocol='range'}
2025-08-07 20:33:48,698 INFO  [org.apa.kaf.cli.con.int.ConsumerCoordinator] (Thread-717) [Consumer clientId=consumer-Consumer-topic-8cccac4a_a865_4666_8b98_93bc6ceb1d13-15, groupId=Consumer-topic-8cccac4a_a865_4666_8b98_93bc6ceb1d13] Notifying assignor about the new Assignment(partitions=[topic-8cccac4a_a865_4666_8b98_93bc6ceb1d13-0])
2025-08-07 20:33:48,698 INFO  [org.apa.kaf.cli.con.int.ConsumerRebalanceListenerInvoker] (Thread-717) [Consumer clientId=consumer-Consumer-topic-8cccac4a_a865_4666_8b98_93bc6ceb1d13-15, groupId=Consumer-topic-8cccac4a_a865_4666_8b98_93bc6ceb1d13] Adding newly assigned partitions: topic-8cccac4a_a865_4666_8b98_93bc6ceb1d13-0
2025-08-07 20:33:48,699 INFO  [org.apa.kaf.cli.con.int.ConsumerCoordinator] (Thread-717) [Consumer clientId=consumer-Consumer-topic-8cccac4a_a865_4666_8b98_93bc6ceb1d13-15, groupId=Consumer-topic-8cccac4a_a865_4666_8b98_93bc6ceb1d13] Found no committed offset for partition topic-8cccac4a_a865_4666_8b98_93bc6ceb1d13-0
2025-08-07 20:33:48,702 INFO  [org.apa.kaf.cli.con.int.SubscriptionState] (Thread-717) [Consumer clientId=consumer-Consumer-topic-8cccac4a_a865_4666_8b98_93bc6ceb1d13-15, groupId=Consumer-topic-8cccac4a_a865_4666_8b98_93bc6ceb1d13] Resetting offset for partition topic-8cccac4a_a865_4666_8b98_93bc6ceb1d13-0 to position FetchPosition{offset=0, offsetEpoch=Optional.empty, currentLeader=LeaderAndEpoch{leader=Optional[localhost:32769 (id: 0 rack: null)], epoch=0}}.
2025-08-07 20:33:48,735 INFO  [io.api.tes.ser.api.KafkaSerdesTester] (Thread-717) topic-8cccac4a_a865_4666_8b98_93bc6ceb1d13 0 0 {"key11754598820834": "value-0"}
2025-08-07 20:33:48,736 INFO  [io.api.tes.ser.api.KafkaSerdesTester] (Thread-717) topic-8cccac4a_a865_4666_8b98_93bc6ceb1d13 0 1 {"key11754598820834": "value-1"}
2025-08-07 20:33:48,736 INFO  [io.api.tes.ser.api.KafkaSerdesTester] (Thread-717) topic-8cccac4a_a865_4666_8b98_93bc6ceb1d13 0 2 {"key11754598820834": "value-2"}
2025-08-07 20:33:48,736 INFO  [io.api.tes.ser.api.KafkaSerdesTester] (Thread-717) topic-8cccac4a_a865_4666_8b98_93bc6ceb1d13 0 3 {"key11754598820834": "value-3"}
2025-08-07 20:33:48,736 INFO  [io.api.tes.ser.api.KafkaSerdesTester] (Thread-717) topic-8cccac4a_a865_4666_8b98_93bc6ceb1d13 0 4 {"key11754598820834": "value-4"}
2025-08-07 20:33:48,736 INFO  [io.api.tes.ser.api.KafkaSerdesTester] (Thread-717) topic-8cccac4a_a865_4666_8b98_93bc6ceb1d13 0 5 {"key11754598820834": "value-5"}
2025-08-07 20:33:48,736 INFO  [io.api.tes.ser.api.KafkaSerdesTester] (Thread-717) topic-8cccac4a_a865_4666_8b98_93bc6ceb1d13 0 6 {"key11754598820834": "value-6"}
2025-08-07 20:33:48,736 INFO  [io.api.tes.ser.api.KafkaSerdesTester] (Thread-717) topic-8cccac4a_a865_4666_8b98_93bc6ceb1d13 0 7 {"key11754598820834": "value-7"}
2025-08-07 20:33:48,736 INFO  [io.api.tes.ser.api.KafkaSerdesTester] (Thread-717) topic-8cccac4a_a865_4666_8b98_93bc6ceb1d13 0 8 {"key11754598820834": "value-8"}
2025-08-07 20:33:48,736 INFO  [io.api.tes.ser.api.KafkaSerdesTester] (Thread-717) topic-8cccac4a_a865_4666_8b98_93bc6ceb1d13 0 9 {"key11754598820834": "value-9"}
2025-08-07 20:33:48,736 INFO  [io.api.tes.ser.api.KafkaSerdesTester] (Thread-717) Consumed 10 messages
2025-08-07 20:33:48,743 INFO  [org.apa.kaf.cli.con.int.ConsumerRebalanceListenerInvoker] (Thread-717) [Consumer clientId=consumer-Consumer-topic-8cccac4a_a865_4666_8b98_93bc6ceb1d13-15, groupId=Consumer-topic-8cccac4a_a865_4666_8b98_93bc6ceb1d13] Revoke previously assigned partitions topic-8cccac4a_a865_4666_8b98_93bc6ceb1d13-0
2025-08-07 20:33:48,743 INFO  [org.apa.kaf.cli.con.int.ConsumerCoordinator] (Thread-717) [Consumer clientId=consumer-Consumer-topic-8cccac4a_a865_4666_8b98_93bc6ceb1d13-15, groupId=Consumer-topic-8cccac4a_a865_4666_8b98_93bc6ceb1d13] Member consumer-Consumer-topic-8cccac4a_a865_4666_8b98_93bc6ceb1d13-15-d1f1aae7-2ecf-404d-b86e-a43677b6c24a sending LeaveGroup request to coordinator localhost:32769 (id: 2147483647 rack: null) due to the consumer is being closed
2025-08-07 20:33:48,743 INFO  [org.apa.kaf.cli.con.int.ConsumerCoordinator] (Thread-717) [Consumer clientId=consumer-Consumer-topic-8cccac4a_a865_4666_8b98_93bc6ceb1d13-15, groupId=Consumer-topic-8cccac4a_a865_4666_8b98_93bc6ceb1d13] Resetting generation and member id due to: consumer pro-actively leaving the group
2025-08-07 20:33:48,743 INFO  [org.apa.kaf.cli.con.int.ConsumerCoordinator] (Thread-717) [Consumer clientId=consumer-Consumer-topic-8cccac4a_a865_4666_8b98_93bc6ceb1d13-15, groupId=Consumer-topic-8cccac4a_a865_4666_8b98_93bc6ceb1d13] Request joining group due to: consumer pro-actively leaving the group
2025-08-07 20:33:49,237 INFO  [org.apa.kaf.com.met.Metrics] (Thread-717) Metrics scheduler closed
2025-08-07 20:33:49,237 INFO  [org.apa.kaf.com.met.Metrics] (Thread-717) Closing reporter org.apache.kafka.common.metrics.JmxReporter
2025-08-07 20:33:49,237 INFO  [org.apa.kaf.com.met.Metrics] (Thread-717) Closing reporter org.apache.kafka.common.telemetry.internals.ClientTelemetryReporter
2025-08-07 20:33:49,237 INFO  [org.apa.kaf.com.met.Metrics] (Thread-717) Metrics reporters closed
2025-08-07 20:33:49,239 INFO  [org.apa.kaf.com.uti.AppInfoParser] (Thread-717) App info kafka.consumer for consumer-Consumer-topic-8cccac4a_a865_4666_8b98_93bc6ceb1d13-15 unregistered
2025-08-07 20:33:49,242 INFO  [org.apa.kaf.cli.con.int.ClassicKafkaConsumer] (Thread-718) [Consumer clientId=consumer-Consumer-topic-9359d422_2f08_4a28_b895_8fc5a61f33e2-16, groupId=Consumer-topic-9359d422_2f08_4a28_b895_8fc5a61f33e2] Subscribed to topic(s): topic-9359d422_2f08_4a28_b895_8fc5a61f33e2
2025-08-07 20:33:49,246 INFO  [org.apa.kaf.cli.Metadata] (Thread-718) [Consumer clientId=consumer-Consumer-topic-9359d422_2f08_4a28_b895_8fc5a61f33e2-16, groupId=Consumer-topic-9359d422_2f08_4a28_b895_8fc5a61f33e2] Cluster ID: pU55guAKRSeYHTOWTlfVzQ
2025-08-07 20:33:49,246 INFO  [org.apa.kaf.cli.con.int.ConsumerCoordinator] (Thread-718) [Consumer clientId=consumer-Consumer-topic-9359d422_2f08_4a28_b895_8fc5a61f33e2-16, groupId=Consumer-topic-9359d422_2f08_4a28_b895_8fc5a61f33e2] Discovered group coordinator localhost:32769 (id: 2147483647 rack: null)
2025-08-07 20:33:49,249 INFO  [org.apa.kaf.cli.con.int.ConsumerCoordinator] (Thread-718) [Consumer clientId=consumer-Consumer-topic-9359d422_2f08_4a28_b895_8fc5a61f33e2-16, groupId=Consumer-topic-9359d422_2f08_4a28_b895_8fc5a61f33e2] (Re-)joining group
2025-08-07 20:33:49,252 INFO  [org.apa.kaf.cli.con.int.ConsumerCoordinator] (Thread-718) [Consumer clientId=consumer-Consumer-topic-9359d422_2f08_4a28_b895_8fc5a61f33e2-16, groupId=Consumer-topic-9359d422_2f08_4a28_b895_8fc5a61f33e2] Request joining group due to: need to re-join with the given member-id: consumer-Consumer-topic-9359d422_2f08_4a28_b895_8fc5a61f33e2-16-49a6ff80-5f89-4029-bf80-db0a4d00406e
2025-08-07 20:33:49,252 INFO  [org.apa.kaf.cli.con.int.ConsumerCoordinator] (Thread-718) [Consumer clientId=consumer-Consumer-topic-9359d422_2f08_4a28_b895_8fc5a61f33e2-16, groupId=Consumer-topic-9359d422_2f08_4a28_b895_8fc5a61f33e2] (Re-)joining group
2025-08-07 20:33:50,243 INFO  [io.api.tes.ser.api.KafkaSerdesTester] (Thread-718) None found
2025-08-07 20:33:51,243 INFO  [io.api.tes.ser.api.KafkaSerdesTester] (Thread-718) None found
2025-08-07 20:33:52,243 INFO  [io.api.tes.ser.api.KafkaSerdesTester] (Thread-718) None found
2025-08-07 20:33:52,253 INFO  [org.apa.kaf.cli.con.int.ConsumerCoordinator] (Thread-718) [Consumer clientId=consumer-Consumer-topic-9359d422_2f08_4a28_b895_8fc5a61f33e2-16, groupId=Consumer-topic-9359d422_2f08_4a28_b895_8fc5a61f33e2] Successfully joined group with generation Generation{generationId=1, memberId='consumer-Consumer-topic-9359d422_2f08_4a28_b895_8fc5a61f33e2-16-49a6ff80-5f89-4029-bf80-db0a4d00406e', protocol='range'}
2025-08-07 20:33:52,254 INFO  [org.apa.kaf.cli.con.int.ConsumerCoordinator] (Thread-718) [Consumer clientId=consumer-Consumer-topic-9359d422_2f08_4a28_b895_8fc5a61f33e2-16, groupId=Consumer-topic-9359d422_2f08_4a28_b895_8fc5a61f33e2] Finished assignment for group at generation 1: {consumer-Consumer-topic-9359d422_2f08_4a28_b895_8fc5a61f33e2-16-49a6ff80-5f89-4029-bf80-db0a4d00406e=Assignment(partitions=[topic-9359d422_2f08_4a28_b895_8fc5a61f33e2-0])}
2025-08-07 20:33:52,260 INFO  [org.apa.kaf.cli.con.int.ConsumerCoordinator] (Thread-718) [Consumer clientId=consumer-Consumer-topic-9359d422_2f08_4a28_b895_8fc5a61f33e2-16, groupId=Consumer-topic-9359d422_2f08_4a28_b895_8fc5a61f33e2] Successfully synced group in generation Generation{generationId=1, memberId='consumer-Consumer-topic-9359d422_2f08_4a28_b895_8fc5a61f33e2-16-49a6ff80-5f89-4029-bf80-db0a4d00406e', protocol='range'}
2025-08-07 20:33:52,260 INFO  [org.apa.kaf.cli.con.int.ConsumerCoordinator] (Thread-718) [Consumer clientId=consumer-Consumer-topic-9359d422_2f08_4a28_b895_8fc5a61f33e2-16, groupId=Consumer-topic-9359d422_2f08_4a28_b895_8fc5a61f33e2] Notifying assignor about the new Assignment(partitions=[topic-9359d422_2f08_4a28_b895_8fc5a61f33e2-0])
2025-08-07 20:33:52,260 INFO  [org.apa.kaf.cli.con.int.ConsumerRebalanceListenerInvoker] (Thread-718) [Consumer clientId=consumer-Consumer-topic-9359d422_2f08_4a28_b895_8fc5a61f33e2-16, groupId=Consumer-topic-9359d422_2f08_4a28_b895_8fc5a61f33e2] Adding newly assigned partitions: topic-9359d422_2f08_4a28_b895_8fc5a61f33e2-0
2025-08-07 20:33:52,261 INFO  [org.apa.kaf.cli.con.int.ConsumerCoordinator] (Thread-718) [Consumer clientId=consumer-Consumer-topic-9359d422_2f08_4a28_b895_8fc5a61f33e2-16, groupId=Consumer-topic-9359d422_2f08_4a28_b895_8fc5a61f33e2] Found no committed offset for partition topic-9359d422_2f08_4a28_b895_8fc5a61f33e2-0
2025-08-07 20:33:52,263 INFO  [org.apa.kaf.cli.con.int.SubscriptionState] (Thread-718) [Consumer clientId=consumer-Consumer-topic-9359d422_2f08_4a28_b895_8fc5a61f33e2-16, groupId=Consumer-topic-9359d422_2f08_4a28_b895_8fc5a61f33e2] Resetting offset for partition topic-9359d422_2f08_4a28_b895_8fc5a61f33e2-0 to position FetchPosition{offset=0, offsetEpoch=Optional.empty, currentLeader=LeaderAndEpoch{leader=Optional[localhost:32769 (id: 0 rack: null)], epoch=0}}.
2025-08-07 20:33:52,298 INFO  [io.api.tes.ser.api.KafkaSerdesTester] (Thread-718) topic-9359d422_2f08_4a28_b895_8fc5a61f33e2 0 0 {"key11754598820834": "value-0"}
2025-08-07 20:33:52,299 INFO  [io.api.tes.ser.api.KafkaSerdesTester] (Thread-718) topic-9359d422_2f08_4a28_b895_8fc5a61f33e2 0 1 {"key11754598820834": "value-1"}
2025-08-07 20:33:52,299 INFO  [io.api.tes.ser.api.KafkaSerdesTester] (Thread-718) topic-9359d422_2f08_4a28_b895_8fc5a61f33e2 0 2 {"key11754598820834": "value-2"}
2025-08-07 20:33:52,299 INFO  [io.api.tes.ser.api.KafkaSerdesTester] (Thread-718) topic-9359d422_2f08_4a28_b895_8fc5a61f33e2 0 3 {"key11754598820834": "value-3"}
2025-08-07 20:33:52,299 INFO  [io.api.tes.ser.api.KafkaSerdesTester] (Thread-718) topic-9359d422_2f08_4a28_b895_8fc5a61f33e2 0 4 {"key11754598820834": "value-4"}
2025-08-07 20:33:52,299 INFO  [io.api.tes.ser.api.KafkaSerdesTester] (Thread-718) topic-9359d422_2f08_4a28_b895_8fc5a61f33e2 0 5 {"key11754598820834": "value-5"}
2025-08-07 20:33:52,299 INFO  [io.api.tes.ser.api.KafkaSerdesTester] (Thread-718) topic-9359d422_2f08_4a28_b895_8fc5a61f33e2 0 6 {"key11754598820834": "value-6"}
2025-08-07 20:33:52,299 INFO  [io.api.tes.ser.api.KafkaSerdesTester] (Thread-718) topic-9359d422_2f08_4a28_b895_8fc5a61f33e2 0 7 {"key11754598820834": "value-7"}
2025-08-07 20:33:52,299 INFO  [io.api.tes.ser.api.KafkaSerdesTester] (Thread-718) topic-9359d422_2f08_4a28_b895_8fc5a61f33e2 0 8 {"key11754598820834": "value-8"}
2025-08-07 20:33:52,299 INFO  [io.api.tes.ser.api.KafkaSerdesTester] (Thread-718) topic-9359d422_2f08_4a28_b895_8fc5a61f33e2 0 9 {"key11754598820834": "value-9"}
2025-08-07 20:33:52,299 INFO  [io.api.tes.ser.api.KafkaSerdesTester] (Thread-718) Consumed 10 messages
2025-08-07 20:33:52,306 INFO  [org.apa.kaf.cli.con.int.ConsumerRebalanceListenerInvoker] (Thread-718) [Consumer clientId=consumer-Consumer-topic-9359d422_2f08_4a28_b895_8fc5a61f33e2-16, groupId=Consumer-topic-9359d422_2f08_4a28_b895_8fc5a61f33e2] Revoke previously assigned partitions topic-9359d422_2f08_4a28_b895_8fc5a61f33e2-0
2025-08-07 20:33:52,306 INFO  [org.apa.kaf.cli.con.int.ConsumerCoordinator] (Thread-718) [Consumer clientId=consumer-Consumer-topic-9359d422_2f08_4a28_b895_8fc5a61f33e2-16, groupId=Consumer-topic-9359d422_2f08_4a28_b895_8fc5a61f33e2] Member consumer-Consumer-topic-9359d422_2f08_4a28_b895_8fc5a61f33e2-16-49a6ff80-5f89-4029-bf80-db0a4d00406e sending LeaveGroup request to coordinator localhost:32769 (id: 2147483647 rack: null) due to the consumer is being closed
2025-08-07 20:33:52,306 INFO  [org.apa.kaf.cli.con.int.ConsumerCoordinator] (Thread-718) [Consumer clientId=consumer-Consumer-topic-9359d422_2f08_4a28_b895_8fc5a61f33e2-16, groupId=Consumer-topic-9359d422_2f08_4a28_b895_8fc5a61f33e2] Resetting generation and member id due to: consumer pro-actively leaving the group
2025-08-07 20:33:52,306 INFO  [org.apa.kaf.cli.con.int.ConsumerCoordinator] (Thread-718) [Consumer clientId=consumer-Consumer-topic-9359d422_2f08_4a28_b895_8fc5a61f33e2-16, groupId=Consumer-topic-9359d422_2f08_4a28_b895_8fc5a61f33e2] Request joining group due to: consumer pro-actively leaving the group
2025-08-07 20:33:52,801 INFO  [org.apa.kaf.com.met.Metrics] (Thread-718) Metrics scheduler closed
2025-08-07 20:33:52,801 INFO  [org.apa.kaf.com.met.Metrics] (Thread-718) Closing reporter org.apache.kafka.common.metrics.JmxReporter
2025-08-07 20:33:52,801 INFO  [org.apa.kaf.com.met.Metrics] (Thread-718) Closing reporter org.apache.kafka.common.telemetry.internals.ClientTelemetryReporter
2025-08-07 20:33:52,801 INFO  [org.apa.kaf.com.met.Metrics] (Thread-718) Metrics reporters closed
2025-08-07 20:33:52,804 INFO  [org.apa.kaf.com.uti.AppInfoParser] (Thread-718) App info kafka.consumer for consumer-Consumer-topic-9359d422_2f08_4a28_b895_8fc5a61f33e2-16 unregistered
2025-08-07 20:33:52,804 INFO  [io.api.tes.uti.TestSeparator] (main) io.apicurio.tests.serdes.apicurio.AvroSerdeIT.testAvroConfluentForMultipleTopics-FINISHED
2025-08-07 20:33:52,804 INFO  [io.api.tes.uti.TestSeparator] (main) ############################################################################
Test passed: testAvroConfluentForMultipleTopics
]]></system-out>
  </testcase>
  <testcase name="testFirstRequestFailsRateLimited" classname="io.apicurio.tests.serdes.apicurio.AvroSerdeIT" time="1.014">
    <system-out><![CDATA[2025-08-07 20:33:52,805 INFO  [io.api.tes.uti.TestSeparator] (main) ############################################################################
2025-08-07 20:33:52,805 INFO  [io.api.tes.uti.TestSeparator] (main) io.apicurio.tests.serdes.apicurio.AvroSerdeIT.testFirstRequestFailsRateLimited-STARTED
2025-08-07 20:33:53,327 WARN  [org.ecl.jet.ser.AbstractConnector] (main) Acceptors should be <= availableProcessors: NetworkTrafficServerConnector@495b3b23{HTTP/1.1, (http/1.1, h2c)}{0.0.0.0:0} 
2025-08-07 20:33:53,441 INFO  [org.ecl.jet.ser.Server] (main) jetty-11.0.15; built: 2023-04-11T18:37:53.775Z; git: 5bc5e562c8d05c5862505aebe5cf83a61bdbcb96; jvm 17.0.16+8
2025-08-07 20:33:53,478 INFO  [org.ecl.jet.ser.han.ContextHandler] (main) Started o.e.j.s.ServletContextHandler@6719b4a{/__admin,null,AVAILABLE}
2025-08-07 20:33:53,488 INFO  [org.ecl.jet.ser.han.Con.ROOT] (main) RequestHandlerClass from context returned com.github.tomakehurst.wiremock.http.StubRequestHandler. Normalized mapped under returned 'null'
2025-08-07 20:33:53,489 INFO  [org.ecl.jet.ser.han.ContextHandler] (main) Started o.e.j.s.ServletContextHandler@6198bac2{/,null,AVAILABLE}
2025-08-07 20:33:53,496 INFO  [org.ecl.jet.ser.AbstractConnector] (main) Started NetworkTrafficServerConnector@495b3b23{HTTP/1.1, (http/1.1, h2c)}{0.0.0.0:32941}
2025-08-07 20:33:53,497 INFO  [org.ecl.jet.ser.Server] (main) Started Server@680882bd{STARTING}[11.0.15,sto=1000] @108198ms
**** Registry Base URL: http://registry-app-ksql047.apps.ci419.apicurio-testing.org:80
2025-08-07 20:33:53,509 INFO  [org.apa.kaf.cli.pro.ProducerConfig] (main) ProducerConfig values: 
	acks = -1
	auto.include.jmx.reporter = true
	batch.size = 16384
	bootstrap.servers = [PLAINTEXT://localhost:32769]
	buffer.memory = 33554432
	client.dns.lookup = use_all_dns_ips
	client.id = Producer-topic-c9019f5d_48f3_47c5_81f0_9cd57fd9db0c
	compression.gzip.level = -1
	compression.lz4.level = 9
	compression.type = none
	compression.zstd.level = 3
	connections.max.idle.ms = 10000
	delivery.timeout.ms = 120000
	enable.idempotence = true
	enable.metrics.push = true
	interceptor.classes = []
	key.serializer = class org.apache.kafka.common.serialization.StringSerializer
	linger.ms = 0
	max.block.ms = 60000
	max.in.flight.requests.per.connection = 5
	max.request.size = 1048576
	metadata.max.age.ms = 300000
	metadata.max.idle.ms = 300000
	metadata.recovery.strategy = none
	metric.reporters = []
	metrics.num.samples = 2
	metrics.recording.level = INFO
	metrics.sample.window.ms = 30000
	partitioner.adaptive.partitioning.enable = true
	partitioner.availability.timeout.ms = 0
	partitioner.class = null
	partitioner.ignore.keys = false
	receive.buffer.bytes = 32768
	reconnect.backoff.max.ms = 1000
	reconnect.backoff.ms = 50
	request.timeout.ms = 5000
	retries = 2147483647
	retry.backoff.max.ms = 1000
	retry.backoff.ms = 100
	sasl.client.callback.handler.class = null
	sasl.jaas.config = null
	sasl.kerberos.kinit.cmd = /usr/bin/kinit
	sasl.kerberos.min.time.before.relogin = 60000
	sasl.kerberos.service.name = null
	sasl.kerberos.ticket.renew.jitter = 0.05
	sasl.kerberos.ticket.renew.window.factor = 0.8
	sasl.login.callback.handler.class = null
	sasl.login.class = null
	sasl.login.connect.timeout.ms = null
	sasl.login.read.timeout.ms = null
	sasl.login.refresh.buffer.seconds = 300
	sasl.login.refresh.min.period.seconds = 60
	sasl.login.refresh.window.factor = 0.8
	sasl.login.refresh.window.jitter = 0.05
	sasl.login.retry.backoff.max.ms = 10000
	sasl.login.retry.backoff.ms = 100
	sasl.mechanism = GSSAPI
	sasl.oauthbearer.clock.skew.seconds = 30
	sasl.oauthbearer.expected.audience = null
	sasl.oauthbearer.expected.issuer = null
	sasl.oauthbearer.header.urlencode = false
	sasl.oauthbearer.jwks.endpoint.refresh.ms = 3600000
	sasl.oauthbearer.jwks.endpoint.retry.backoff.max.ms = 10000
	sasl.oauthbearer.jwks.endpoint.retry.backoff.ms = 100
	sasl.oauthbearer.jwks.endpoint.url = null
	sasl.oauthbearer.scope.claim.name = scope
	sasl.oauthbearer.sub.claim.name = sub
	sasl.oauthbearer.token.endpoint.url = null
	security.protocol = PLAINTEXT
	security.providers = null
	send.buffer.bytes = 131072
	socket.connection.setup.timeout.max.ms = 30000
	socket.connection.setup.timeout.ms = 10000
	ssl.cipher.suites = null
	ssl.enabled.protocols = [TLSv1.2, TLSv1.3]
	ssl.endpoint.identification.algorithm = https
	ssl.engine.factory.class = null
	ssl.key.password = null
	ssl.keymanager.algorithm = SunX509
	ssl.keystore.certificate.chain = null
	ssl.keystore.key = null
	ssl.keystore.location = null
	ssl.keystore.password = null
	ssl.keystore.type = JKS
	ssl.protocol = TLSv1.3
	ssl.provider = null
	ssl.secure.random.implementation = null
	ssl.trustmanager.algorithm = PKIX
	ssl.truststore.certificates = null
	ssl.truststore.location = null
	ssl.truststore.password = null
	ssl.truststore.type = JKS
	transaction.timeout.ms = 60000
	transactional.id = null
	value.serializer = class io.apicurio.registry.serde.avro.AvroKafkaSerializer

2025-08-07 20:33:53,509 INFO  [org.apa.kaf.com.tel.int.KafkaMetricsCollector] (main) initializing Kafka metrics collector
2025-08-07 20:33:53,513 INFO  [org.apa.kaf.cli.pro.KafkaProducer] (main) [Producer clientId=Producer-topic-c9019f5d_48f3_47c5_81f0_9cd57fd9db0c] Instantiated an idempotent producer.
2025-08-07 20:33:53,515 INFO  [org.apa.kaf.cli.pro.ProducerConfig] (main) These configurations '[apicurio.registry.url, apicurio.registry.artifact-resolver-strategy]' were supplied but are not used yet.
2025-08-07 20:33:53,515 INFO  [org.apa.kaf.com.uti.AppInfoParser] (main) Kafka version: 3.9.1
2025-08-07 20:33:53,515 INFO  [org.apa.kaf.com.uti.AppInfoParser] (main) Kafka commitId: f745dfdcee2b9851
2025-08-07 20:33:53,515 INFO  [org.apa.kaf.com.uti.AppInfoParser] (main) Kafka startTimeMs: 1754598833515
2025-08-07 20:33:53,517 INFO  [io.api.tes.ser.api.KafkaSerdesTester] (Thread-729) Sending message {"keyB": "value-0"} to topic topic-c9019f5d_48f3_47c5_81f0_9cd57fd9db0c
2025-08-07 20:33:53,522 WARN  [org.apa.kaf.cli.NetworkClient] (kafka-producer-network-thread | Producer-topic-c9019f5d_48f3_47c5_81f0_9cd57fd9db0c) [Producer clientId=Producer-topic-c9019f5d_48f3_47c5_81f0_9cd57fd9db0c] The metadata response from the cluster reported a recoverable issue with correlation id 1 : {topic-c9019f5d_48f3_47c5_81f0_9cd57fd9db0c=UNKNOWN_TOPIC_OR_PARTITION}
2025-08-07 20:33:53,522 INFO  [org.apa.kaf.cli.Metadata] (kafka-producer-network-thread | Producer-topic-c9019f5d_48f3_47c5_81f0_9cd57fd9db0c) [Producer clientId=Producer-topic-c9019f5d_48f3_47c5_81f0_9cd57fd9db0c] Cluster ID: pU55guAKRSeYHTOWTlfVzQ
2025-08-07 20:33:53,522 INFO  [org.apa.kaf.cli.pro.int.TransactionManager] (kafka-producer-network-thread | Producer-topic-c9019f5d_48f3_47c5_81f0_9cd57fd9db0c) [Producer clientId=Producer-topic-c9019f5d_48f3_47c5_81f0_9cd57fd9db0c] ProducerId set to 22 with epoch 0
2025-08-07 20:33:53,647 INFO  [DefaultSchemaResolver] (Thread-729) Retrieving schema content using string: {"type":"record","name":"myrecord","namespace":"mygroup","fields":[{"name":"keyB","type":"string"}]}
2025-08-07 20:33:53,805 INFO  [org.apa.kaf.cli.pro.KafkaProducer] (Thread-729) [Producer clientId=Producer-topic-c9019f5d_48f3_47c5_81f0_9cd57fd9db0c] Closing the Kafka producer with timeoutMillis = 9223372036854775807 ms.
2025-08-07 20:33:53,808 INFO  [org.apa.kaf.com.met.Metrics] (Thread-729) Metrics scheduler closed
2025-08-07 20:33:53,808 INFO  [org.apa.kaf.com.met.Metrics] (Thread-729) Closing reporter org.apache.kafka.common.metrics.JmxReporter
2025-08-07 20:33:53,808 INFO  [org.apa.kaf.com.met.Metrics] (Thread-729) Closing reporter org.apache.kafka.common.telemetry.internals.ClientTelemetryReporter
2025-08-07 20:33:53,808 INFO  [org.apa.kaf.com.met.Metrics] (Thread-729) Metrics reporters closed
2025-08-07 20:33:53,811 INFO  [org.apa.kaf.com.uti.AppInfoParser] (Thread-729) App info kafka.producer for Producer-topic-c9019f5d_48f3_47c5_81f0_9cd57fd9db0c unregistered
2025-08-07 20:33:53,811 INFO  [org.ecl.jet.ser.Server] (main) Stopped Server@680882bd{STOPPING}[11.0.15,sto=1000]
2025-08-07 20:33:53,812 INFO  [org.ecl.jet.ser.Server] (main) Shutdown Server@680882bd{STOPPING}[11.0.15,sto=1000]
2025-08-07 20:33:53,816 INFO  [org.ecl.jet.ser.AbstractConnector] (main) Stopped NetworkTrafficServerConnector@495b3b23{HTTP/1.1, (http/1.1, h2c)}{0.0.0.0:0}
2025-08-07 20:33:53,817 INFO  [org.ecl.jet.ser.han.ContextHandler] (main) Stopped o.e.j.s.ServletContextHandler@6198bac2{/,null,STOPPED}
2025-08-07 20:33:53,817 INFO  [org.ecl.jet.ser.han.ContextHandler] (main) Stopped o.e.j.s.ServletContextHandler@6719b4a{/__admin,null,STOPPED}
2025-08-07 20:33:53,819 INFO  [io.api.tes.uti.TestSeparator] (main) io.apicurio.tests.serdes.apicurio.AvroSerdeIT.testFirstRequestFailsRateLimited-FINISHED
2025-08-07 20:33:53,819 INFO  [io.api.tes.uti.TestSeparator] (main) ############################################################################
Test passed: testFirstRequestFailsRateLimited
]]></system-out>
    <system-err><![CDATA[com.microsoft.kiota.ApiException: the server returned an unexpected status code and no error class is registered for this code 429
	at com.microsoft.kiota.ApiExceptionBuilder.withMessage(ApiExceptionBuilder.java:45)
	at io.kiota.http.vertx.VertXRequestAdapter.throwIfFailedResponse(VertXRequestAdapter.java:370)
	at io.kiota.http.vertx.VertXRequestAdapter.send(VertXRequestAdapter.java:170)
	at io.apicurio.registry.rest.client.search.versions.VersionsRequestBuilder.post(VersionsRequestBuilder.java:94)
	at io.apicurio.registry.resolver.client.RegistryClientFacadeImpl.searchVersionsByContent(RegistryClientFacadeImpl.java:106)
	at io.apicurio.registry.resolver.DefaultSchemaResolver.lambda$handleResolveSchemaByContent$3(DefaultSchemaResolver.java:258)
	at io.apicurio.registry.resolver.cache.ERCache.lambda$getValue$0(ERCache.java:174)
	at io.apicurio.registry.resolver.cache.ERCache.retry(ERCache.java:227)
	at io.apicurio.registry.resolver.cache.ERCache.getValue(ERCache.java:173)
	at io.apicurio.registry.resolver.cache.ERCache.getByContent(ERCache.java:147)
	at io.apicurio.registry.resolver.DefaultSchemaResolver.handleResolveSchemaByContent(DefaultSchemaResolver.java:253)
	at io.apicurio.registry.resolver.DefaultSchemaResolver.getSchemaFromRegistry(DefaultSchemaResolver.java:138)
	at io.apicurio.registry.resolver.DefaultSchemaResolver.lambda$resolveSchema$0(DefaultSchemaResolver.java:84)
	at java.base/java.util.Optional.orElseGet(Optional.java:364)
	at io.apicurio.registry.resolver.DefaultSchemaResolver.resolveSchema(DefaultSchemaResolver.java:84)
	at io.apicurio.registry.serde.AbstractSerializer.serializeData(AbstractSerializer.java:62)
	at io.apicurio.registry.serde.KafkaSerializer.serialize(KafkaSerializer.java:77)
	at org.apache.kafka.clients.producer.KafkaProducer.doSend(KafkaProducer.java:1046)
	at org.apache.kafka.clients.producer.KafkaProducer.send(KafkaProducer.java:993)
	at org.apache.kafka.clients.producer.KafkaProducer.send(KafkaProducer.java:875)
	at io.apicurio.tests.serdes.apicurio.KafkaSerdesTester.lambda$produceMessages$3(KafkaSerdesTester.java:138)
	at java.base/java.util.concurrent.CompletableFuture$AsyncSupply.run(CompletableFuture.java:1768)
	at java.base/java.lang.Thread.run(Thread.java:840)
]]></system-err>
  </testcase>
  <testcase name="testFirstEmptyFieldConfusedAsMagicByte" classname="io.apicurio.tests.serdes.apicurio.AvroSerdeIT" time="3.834">
    <system-out><![CDATA[2025-08-07 20:33:53,823 INFO  [io.api.tes.uti.TestSeparator] (main) ############################################################################
2025-08-07 20:33:53,823 INFO  [io.api.tes.uti.TestSeparator] (main) io.apicurio.tests.serdes.apicurio.AvroSerdeIT.testFirstEmptyFieldConfusedAsMagicByte-STARTED
**** Registry Base URL: http://registry-app-ksql047.apps.ci419.apicurio-testing.org:80
2025-08-07 20:33:53,826 INFO  [org.apa.kaf.cli.pro.ProducerConfig] (main) ProducerConfig values: 
	acks = -1
	auto.include.jmx.reporter = true
	batch.size = 16384
	bootstrap.servers = [PLAINTEXT://localhost:32769]
	buffer.memory = 33554432
	client.dns.lookup = use_all_dns_ips
	client.id = Producer-topic-f0fd8e14_8426_45e1_b3a9_2617954f1b71
	compression.gzip.level = -1
	compression.lz4.level = 9
	compression.type = none
	compression.zstd.level = 3
	connections.max.idle.ms = 10000
	delivery.timeout.ms = 120000
	enable.idempotence = true
	enable.metrics.push = true
	interceptor.classes = []
	key.serializer = class org.apache.kafka.common.serialization.StringSerializer
	linger.ms = 0
	max.block.ms = 60000
	max.in.flight.requests.per.connection = 5
	max.request.size = 1048576
	metadata.max.age.ms = 300000
	metadata.max.idle.ms = 300000
	metadata.recovery.strategy = none
	metric.reporters = []
	metrics.num.samples = 2
	metrics.recording.level = INFO
	metrics.sample.window.ms = 30000
	partitioner.adaptive.partitioning.enable = true
	partitioner.availability.timeout.ms = 0
	partitioner.class = null
	partitioner.ignore.keys = false
	receive.buffer.bytes = 32768
	reconnect.backoff.max.ms = 1000
	reconnect.backoff.ms = 50
	request.timeout.ms = 5000
	retries = 2147483647
	retry.backoff.max.ms = 1000
	retry.backoff.ms = 100
	sasl.client.callback.handler.class = null
	sasl.jaas.config = null
	sasl.kerberos.kinit.cmd = /usr/bin/kinit
	sasl.kerberos.min.time.before.relogin = 60000
	sasl.kerberos.service.name = null
	sasl.kerberos.ticket.renew.jitter = 0.05
	sasl.kerberos.ticket.renew.window.factor = 0.8
	sasl.login.callback.handler.class = null
	sasl.login.class = null
	sasl.login.connect.timeout.ms = null
	sasl.login.read.timeout.ms = null
	sasl.login.refresh.buffer.seconds = 300
	sasl.login.refresh.min.period.seconds = 60
	sasl.login.refresh.window.factor = 0.8
	sasl.login.refresh.window.jitter = 0.05
	sasl.login.retry.backoff.max.ms = 10000
	sasl.login.retry.backoff.ms = 100
	sasl.mechanism = GSSAPI
	sasl.oauthbearer.clock.skew.seconds = 30
	sasl.oauthbearer.expected.audience = null
	sasl.oauthbearer.expected.issuer = null
	sasl.oauthbearer.header.urlencode = false
	sasl.oauthbearer.jwks.endpoint.refresh.ms = 3600000
	sasl.oauthbearer.jwks.endpoint.retry.backoff.max.ms = 10000
	sasl.oauthbearer.jwks.endpoint.retry.backoff.ms = 100
	sasl.oauthbearer.jwks.endpoint.url = null
	sasl.oauthbearer.scope.claim.name = scope
	sasl.oauthbearer.sub.claim.name = sub
	sasl.oauthbearer.token.endpoint.url = null
	security.protocol = PLAINTEXT
	security.providers = null
	send.buffer.bytes = 131072
	socket.connection.setup.timeout.max.ms = 30000
	socket.connection.setup.timeout.ms = 10000
	ssl.cipher.suites = null
	ssl.enabled.protocols = [TLSv1.2, TLSv1.3]
	ssl.endpoint.identification.algorithm = https
	ssl.engine.factory.class = null
	ssl.key.password = null
	ssl.keymanager.algorithm = SunX509
	ssl.keystore.certificate.chain = null
	ssl.keystore.key = null
	ssl.keystore.location = null
	ssl.keystore.password = null
	ssl.keystore.type = JKS
	ssl.protocol = TLSv1.3
	ssl.provider = null
	ssl.secure.random.implementation = null
	ssl.trustmanager.algorithm = PKIX
	ssl.truststore.certificates = null
	ssl.truststore.location = null
	ssl.truststore.password = null
	ssl.truststore.type = JKS
	transaction.timeout.ms = 60000
	transactional.id = null
	value.serializer = class io.apicurio.registry.serde.avro.AvroKafkaSerializer

2025-08-07 20:33:53,827 INFO  [org.apa.kaf.com.tel.int.KafkaMetricsCollector] (main) initializing Kafka metrics collector
2025-08-07 20:33:53,830 INFO  [org.apa.kaf.cli.pro.KafkaProducer] (main) [Producer clientId=Producer-topic-f0fd8e14_8426_45e1_b3a9_2617954f1b71] Instantiated an idempotent producer.
2025-08-07 20:33:53,832 INFO  [org.apa.kaf.cli.pro.ProducerConfig] (main) These configurations '[apicurio.registry.url, apicurio.registry.auto-register, apicurio.registry.artifact-resolver-strategy]' were supplied but are not used yet.
2025-08-07 20:33:53,832 INFO  [org.apa.kaf.com.uti.AppInfoParser] (main) Kafka version: 3.9.1
2025-08-07 20:33:53,832 INFO  [org.apa.kaf.com.uti.AppInfoParser] (main) Kafka commitId: f745dfdcee2b9851
2025-08-07 20:33:53,832 INFO  [org.apa.kaf.com.uti.AppInfoParser] (main) Kafka startTimeMs: 1754598833832
2025-08-07 20:33:53,832 INFO  [io.api.tes.ser.api.SimpleSerdesTesterBuilder$SimpleSerdesTester] (main) Using producer configuration: {apicurio.registry.url=http://registry-app-ksql047.apps.ci419.apicurio-testing.org:80/apis/registry/v3, apicurio.registry.auto-register=true, apicurio.registry.artifact-resolver-strategy=io.apicurio.registry.serde.strategy.SimpleTopicIdStrategy, value.serializer=io.apicurio.registry.serde.avro.AvroKafkaSerializer, request.timeout.ms=5000, acks=all, bootstrap.servers=PLAINTEXT://localhost:32769, connections.max.idle.ms=10000, key.serializer=org.apache.kafka.common.serialization.StringSerializer, client.id=Producer-topic-f0fd8e14_8426_45e1_b3a9_2617954f1b71}
2025-08-07 20:33:53,832 INFO  [io.api.tes.ser.api.SimpleSerdesTesterBuilder$SimpleSerdesTester] (main) Using consumer configuration: {}
2025-08-07 20:33:53,833 INFO  [io.api.tes.ser.api.KafkaSerdesTester] (Thread-732) Sending message {"username": null} to topic topic-f0fd8e14_8426_45e1_b3a9_2617954f1b71
2025-08-07 20:33:53,836 WARN  [org.apa.kaf.cli.NetworkClient] (kafka-producer-network-thread | Producer-topic-f0fd8e14_8426_45e1_b3a9_2617954f1b71) [Producer clientId=Producer-topic-f0fd8e14_8426_45e1_b3a9_2617954f1b71] The metadata response from the cluster reported a recoverable issue with correlation id 1 : {topic-f0fd8e14_8426_45e1_b3a9_2617954f1b71=UNKNOWN_TOPIC_OR_PARTITION}
2025-08-07 20:33:53,837 INFO  [org.apa.kaf.cli.Metadata] (kafka-producer-network-thread | Producer-topic-f0fd8e14_8426_45e1_b3a9_2617954f1b71) [Producer clientId=Producer-topic-f0fd8e14_8426_45e1_b3a9_2617954f1b71] Cluster ID: pU55guAKRSeYHTOWTlfVzQ
2025-08-07 20:33:53,838 INFO  [org.apa.kaf.cli.pro.int.TransactionManager] (kafka-producer-network-thread | Producer-topic-f0fd8e14_8426_45e1_b3a9_2617954f1b71) [Producer clientId=Producer-topic-f0fd8e14_8426_45e1_b3a9_2617954f1b71] ProducerId set to 23 with epoch 0
2025-08-07 20:33:54,044 INFO  [io.api.tes.ser.api.KafkaSerdesTester] (Thread-732) Sending message {"username": null} to topic topic-f0fd8e14_8426_45e1_b3a9_2617954f1b71
2025-08-07 20:33:54,046 INFO  [io.api.tes.ser.api.KafkaSerdesTester] (Thread-732) Sending message {"username": "value-2"} to topic topic-f0fd8e14_8426_45e1_b3a9_2617954f1b71
2025-08-07 20:33:54,047 INFO  [io.api.tes.ser.api.KafkaSerdesTester] (Thread-732) Sending message {"username": null} to topic topic-f0fd8e14_8426_45e1_b3a9_2617954f1b71
2025-08-07 20:33:54,049 INFO  [io.api.tes.ser.api.KafkaSerdesTester] (Thread-732) Sending message {"username": "value-4"} to topic topic-f0fd8e14_8426_45e1_b3a9_2617954f1b71
2025-08-07 20:33:54,050 INFO  [io.api.tes.ser.api.KafkaSerdesTester] (Thread-732) Sending message {"username": null} to topic topic-f0fd8e14_8426_45e1_b3a9_2617954f1b71
2025-08-07 20:33:54,052 INFO  [io.api.tes.ser.api.KafkaSerdesTester] (Thread-732) Sending message {"username": "value-6"} to topic topic-f0fd8e14_8426_45e1_b3a9_2617954f1b71
2025-08-07 20:33:54,053 INFO  [io.api.tes.ser.api.KafkaSerdesTester] (Thread-732) Sending message {"username": null} to topic topic-f0fd8e14_8426_45e1_b3a9_2617954f1b71
2025-08-07 20:33:54,055 INFO  [io.api.tes.ser.api.KafkaSerdesTester] (Thread-732) Sending message {"username": "value-8"} to topic topic-f0fd8e14_8426_45e1_b3a9_2617954f1b71
2025-08-07 20:33:54,056 INFO  [io.api.tes.ser.api.KafkaSerdesTester] (Thread-732) Sending message {"username": null} to topic topic-f0fd8e14_8426_45e1_b3a9_2617954f1b71
2025-08-07 20:33:54,057 INFO  [io.api.tes.ser.api.KafkaSerdesTester] (Thread-732) Produced 10 messages
2025-08-07 20:33:54,057 INFO  [org.apa.kaf.cli.pro.KafkaProducer] (Thread-732) [Producer clientId=Producer-topic-f0fd8e14_8426_45e1_b3a9_2617954f1b71] Closing the Kafka producer with timeoutMillis = 9223372036854775807 ms.
2025-08-07 20:33:54,059 INFO  [org.apa.kaf.com.met.Metrics] (Thread-732) Metrics scheduler closed
2025-08-07 20:33:54,059 INFO  [org.apa.kaf.com.met.Metrics] (Thread-732) Closing reporter org.apache.kafka.common.metrics.JmxReporter
2025-08-07 20:33:54,060 INFO  [org.apa.kaf.com.met.Metrics] (Thread-732) Closing reporter org.apache.kafka.common.telemetry.internals.ClientTelemetryReporter
2025-08-07 20:33:54,060 INFO  [org.apa.kaf.com.met.Metrics] (Thread-732) Metrics reporters closed
2025-08-07 20:33:54,060 INFO  [org.apa.kaf.com.uti.AppInfoParser] (Thread-732) App info kafka.producer for Producer-topic-f0fd8e14_8426_45e1_b3a9_2617954f1b71 unregistered
**** Registry Base URL: http://registry-app-ksql047.apps.ci419.apicurio-testing.org:80
2025-08-07 20:33:54,087 INFO  [org.apa.kaf.cli.con.ConsumerConfig] (main) ConsumerConfig values: 
	allow.auto.create.topics = true
	auto.commit.interval.ms = 500
	auto.include.jmx.reporter = true
	auto.offset.reset = earliest
	bootstrap.servers = [PLAINTEXT://localhost:32769]
	check.crcs = true
	client.dns.lookup = use_all_dns_ips
	client.id = consumer-Consumer-topic-f0fd8e14_8426_45e1_b3a9_2617954f1b71-17
	client.rack = 
	connections.max.idle.ms = 10000
	default.api.timeout.ms = 60000
	enable.auto.commit = true
	enable.metrics.push = true
	exclude.internal.topics = true
	fetch.max.bytes = 52428800
	fetch.max.wait.ms = 500
	fetch.min.bytes = 1
	group.id = Consumer-topic-f0fd8e14_8426_45e1_b3a9_2617954f1b71
	group.instance.id = null
	group.protocol = classic
	group.remote.assignor = null
	heartbeat.interval.ms = 3000
	interceptor.classes = []
	internal.leave.group.on.close = true
	internal.throw.on.fetch.stable.offset.unsupported = false
	isolation.level = read_uncommitted
	key.deserializer = class org.apache.kafka.common.serialization.StringDeserializer
	max.partition.fetch.bytes = 1048576
	max.poll.interval.ms = 300000
	max.poll.records = 500
	metadata.max.age.ms = 300000
	metadata.recovery.strategy = none
	metric.reporters = []
	metrics.num.samples = 2
	metrics.recording.level = INFO
	metrics.sample.window.ms = 30000
	partition.assignment.strategy = [class org.apache.kafka.clients.consumer.RangeAssignor, class org.apache.kafka.clients.consumer.CooperativeStickyAssignor]
	receive.buffer.bytes = 65536
	reconnect.backoff.max.ms = 1000
	reconnect.backoff.ms = 50
	request.timeout.ms = 5000
	retry.backoff.max.ms = 1000
	retry.backoff.ms = 100
	sasl.client.callback.handler.class = null
	sasl.jaas.config = null
	sasl.kerberos.kinit.cmd = /usr/bin/kinit
	sasl.kerberos.min.time.before.relogin = 60000
	sasl.kerberos.service.name = null
	sasl.kerberos.ticket.renew.jitter = 0.05
	sasl.kerberos.ticket.renew.window.factor = 0.8
	sasl.login.callback.handler.class = null
	sasl.login.class = null
	sasl.login.connect.timeout.ms = null
	sasl.login.read.timeout.ms = null
	sasl.login.refresh.buffer.seconds = 300
	sasl.login.refresh.min.period.seconds = 60
	sasl.login.refresh.window.factor = 0.8
	sasl.login.refresh.window.jitter = 0.05
	sasl.login.retry.backoff.max.ms = 10000
	sasl.login.retry.backoff.ms = 100
	sasl.mechanism = GSSAPI
	sasl.oauthbearer.clock.skew.seconds = 30
	sasl.oauthbearer.expected.audience = null
	sasl.oauthbearer.expected.issuer = null
	sasl.oauthbearer.header.urlencode = false
	sasl.oauthbearer.jwks.endpoint.refresh.ms = 3600000
	sasl.oauthbearer.jwks.endpoint.retry.backoff.max.ms = 10000
	sasl.oauthbearer.jwks.endpoint.retry.backoff.ms = 100
	sasl.oauthbearer.jwks.endpoint.url = null
	sasl.oauthbearer.scope.claim.name = scope
	sasl.oauthbearer.sub.claim.name = sub
	sasl.oauthbearer.token.endpoint.url = null
	security.protocol = PLAINTEXT
	security.providers = null
	send.buffer.bytes = 131072
	session.timeout.ms = 45000
	socket.connection.setup.timeout.max.ms = 30000
	socket.connection.setup.timeout.ms = 10000
	ssl.cipher.suites = null
	ssl.enabled.protocols = [TLSv1.2, TLSv1.3]
	ssl.endpoint.identification.algorithm = https
	ssl.engine.factory.class = null
	ssl.key.password = null
	ssl.keymanager.algorithm = SunX509
	ssl.keystore.certificate.chain = null
	ssl.keystore.key = null
	ssl.keystore.location = null
	ssl.keystore.password = null
	ssl.keystore.type = JKS
	ssl.protocol = TLSv1.3
	ssl.provider = null
	ssl.secure.random.implementation = null
	ssl.trustmanager.algorithm = PKIX
	ssl.truststore.certificates = null
	ssl.truststore.location = null
	ssl.truststore.password = null
	ssl.truststore.type = JKS
	value.deserializer = class io.apicurio.registry.serde.avro.AvroKafkaDeserializer

2025-08-07 20:33:54,087 INFO  [org.apa.kaf.com.tel.int.KafkaMetricsCollector] (main) initializing Kafka metrics collector
2025-08-07 20:33:54,092 INFO  [org.apa.kaf.cli.con.ConsumerConfig] (main) These configurations '[apicurio.registry.url]' were supplied but are not used yet.
2025-08-07 20:33:54,092 INFO  [org.apa.kaf.com.uti.AppInfoParser] (main) Kafka version: 3.9.1
2025-08-07 20:33:54,092 INFO  [org.apa.kaf.com.uti.AppInfoParser] (main) Kafka commitId: f745dfdcee2b9851
2025-08-07 20:33:54,092 INFO  [org.apa.kaf.com.uti.AppInfoParser] (main) Kafka startTimeMs: 1754598834092
2025-08-07 20:33:54,092 INFO  [org.apa.kaf.cli.con.int.ClassicKafkaConsumer] (Thread-735) [Consumer clientId=consumer-Consumer-topic-f0fd8e14_8426_45e1_b3a9_2617954f1b71-17, groupId=Consumer-topic-f0fd8e14_8426_45e1_b3a9_2617954f1b71] Subscribed to topic(s): topic-f0fd8e14_8426_45e1_b3a9_2617954f1b71
2025-08-07 20:33:54,096 INFO  [org.apa.kaf.cli.Metadata] (Thread-735) [Consumer clientId=consumer-Consumer-topic-f0fd8e14_8426_45e1_b3a9_2617954f1b71-17, groupId=Consumer-topic-f0fd8e14_8426_45e1_b3a9_2617954f1b71] Cluster ID: pU55guAKRSeYHTOWTlfVzQ
2025-08-07 20:33:54,097 INFO  [org.apa.kaf.cli.con.int.ConsumerCoordinator] (Thread-735) [Consumer clientId=consumer-Consumer-topic-f0fd8e14_8426_45e1_b3a9_2617954f1b71-17, groupId=Consumer-topic-f0fd8e14_8426_45e1_b3a9_2617954f1b71] Discovered group coordinator localhost:32769 (id: 2147483647 rack: null)
2025-08-07 20:33:54,098 INFO  [org.apa.kaf.cli.con.int.ConsumerCoordinator] (Thread-735) [Consumer clientId=consumer-Consumer-topic-f0fd8e14_8426_45e1_b3a9_2617954f1b71-17, groupId=Consumer-topic-f0fd8e14_8426_45e1_b3a9_2617954f1b71] (Re-)joining group
2025-08-07 20:33:54,100 INFO  [org.apa.kaf.cli.con.int.ConsumerCoordinator] (Thread-735) [Consumer clientId=consumer-Consumer-topic-f0fd8e14_8426_45e1_b3a9_2617954f1b71-17, groupId=Consumer-topic-f0fd8e14_8426_45e1_b3a9_2617954f1b71] Request joining group due to: need to re-join with the given member-id: consumer-Consumer-topic-f0fd8e14_8426_45e1_b3a9_2617954f1b71-17-df4d4ce6-d525-42a9-b3b4-99312fc7525a
2025-08-07 20:33:54,100 INFO  [org.apa.kaf.cli.con.int.ConsumerCoordinator] (Thread-735) [Consumer clientId=consumer-Consumer-topic-f0fd8e14_8426_45e1_b3a9_2617954f1b71-17, groupId=Consumer-topic-f0fd8e14_8426_45e1_b3a9_2617954f1b71] (Re-)joining group
2025-08-07 20:33:55,092 INFO  [io.api.tes.ser.api.KafkaSerdesTester] (Thread-735) None found
2025-08-07 20:33:56,092 INFO  [io.api.tes.ser.api.KafkaSerdesTester] (Thread-735) None found
2025-08-07 20:33:57,092 INFO  [io.api.tes.ser.api.KafkaSerdesTester] (Thread-735) None found
2025-08-07 20:33:57,102 INFO  [org.apa.kaf.cli.con.int.ConsumerCoordinator] (Thread-735) [Consumer clientId=consumer-Consumer-topic-f0fd8e14_8426_45e1_b3a9_2617954f1b71-17, groupId=Consumer-topic-f0fd8e14_8426_45e1_b3a9_2617954f1b71] Successfully joined group with generation Generation{generationId=1, memberId='consumer-Consumer-topic-f0fd8e14_8426_45e1_b3a9_2617954f1b71-17-df4d4ce6-d525-42a9-b3b4-99312fc7525a', protocol='range'}
2025-08-07 20:33:57,102 INFO  [org.apa.kaf.cli.con.int.ConsumerCoordinator] (Thread-735) [Consumer clientId=consumer-Consumer-topic-f0fd8e14_8426_45e1_b3a9_2617954f1b71-17, groupId=Consumer-topic-f0fd8e14_8426_45e1_b3a9_2617954f1b71] Finished assignment for group at generation 1: {consumer-Consumer-topic-f0fd8e14_8426_45e1_b3a9_2617954f1b71-17-df4d4ce6-d525-42a9-b3b4-99312fc7525a=Assignment(partitions=[topic-f0fd8e14_8426_45e1_b3a9_2617954f1b71-0])}
2025-08-07 20:33:57,109 INFO  [org.apa.kaf.cli.con.int.ConsumerCoordinator] (Thread-735) [Consumer clientId=consumer-Consumer-topic-f0fd8e14_8426_45e1_b3a9_2617954f1b71-17, groupId=Consumer-topic-f0fd8e14_8426_45e1_b3a9_2617954f1b71] Successfully synced group in generation Generation{generationId=1, memberId='consumer-Consumer-topic-f0fd8e14_8426_45e1_b3a9_2617954f1b71-17-df4d4ce6-d525-42a9-b3b4-99312fc7525a', protocol='range'}
2025-08-07 20:33:57,109 INFO  [org.apa.kaf.cli.con.int.ConsumerCoordinator] (Thread-735) [Consumer clientId=consumer-Consumer-topic-f0fd8e14_8426_45e1_b3a9_2617954f1b71-17, groupId=Consumer-topic-f0fd8e14_8426_45e1_b3a9_2617954f1b71] Notifying assignor about the new Assignment(partitions=[topic-f0fd8e14_8426_45e1_b3a9_2617954f1b71-0])
2025-08-07 20:33:57,109 INFO  [org.apa.kaf.cli.con.int.ConsumerRebalanceListenerInvoker] (Thread-735) [Consumer clientId=consumer-Consumer-topic-f0fd8e14_8426_45e1_b3a9_2617954f1b71-17, groupId=Consumer-topic-f0fd8e14_8426_45e1_b3a9_2617954f1b71] Adding newly assigned partitions: topic-f0fd8e14_8426_45e1_b3a9_2617954f1b71-0
2025-08-07 20:33:57,110 INFO  [org.apa.kaf.cli.con.int.ConsumerCoordinator] (Thread-735) [Consumer clientId=consumer-Consumer-topic-f0fd8e14_8426_45e1_b3a9_2617954f1b71-17, groupId=Consumer-topic-f0fd8e14_8426_45e1_b3a9_2617954f1b71] Found no committed offset for partition topic-f0fd8e14_8426_45e1_b3a9_2617954f1b71-0
2025-08-07 20:33:57,113 INFO  [org.apa.kaf.cli.con.int.SubscriptionState] (Thread-735) [Consumer clientId=consumer-Consumer-topic-f0fd8e14_8426_45e1_b3a9_2617954f1b71-17, groupId=Consumer-topic-f0fd8e14_8426_45e1_b3a9_2617954f1b71] Resetting offset for partition topic-f0fd8e14_8426_45e1_b3a9_2617954f1b71-0 to position FetchPosition{offset=0, offsetEpoch=Optional.empty, currentLeader=LeaderAndEpoch{leader=Optional[localhost:32769 (id: 0 rack: null)], epoch=0}}.
2025-08-07 20:33:57,152 INFO  [io.api.tes.ser.api.KafkaSerdesTester] (Thread-735) topic-f0fd8e14_8426_45e1_b3a9_2617954f1b71 0 0 {"username": null}
2025-08-07 20:33:57,152 INFO  [io.api.tes.ser.api.KafkaSerdesTester] (Thread-735) topic-f0fd8e14_8426_45e1_b3a9_2617954f1b71 0 1 {"username": null}
2025-08-07 20:33:57,152 INFO  [io.api.tes.ser.api.KafkaSerdesTester] (Thread-735) topic-f0fd8e14_8426_45e1_b3a9_2617954f1b71 0 2 {"username": "value-2"}
2025-08-07 20:33:57,152 INFO  [io.api.tes.ser.api.KafkaSerdesTester] (Thread-735) topic-f0fd8e14_8426_45e1_b3a9_2617954f1b71 0 3 {"username": null}
2025-08-07 20:33:57,152 INFO  [io.api.tes.ser.api.KafkaSerdesTester] (Thread-735) topic-f0fd8e14_8426_45e1_b3a9_2617954f1b71 0 4 {"username": "value-4"}
2025-08-07 20:33:57,152 INFO  [io.api.tes.ser.api.KafkaSerdesTester] (Thread-735) topic-f0fd8e14_8426_45e1_b3a9_2617954f1b71 0 5 {"username": null}
2025-08-07 20:33:57,152 INFO  [io.api.tes.ser.api.KafkaSerdesTester] (Thread-735) topic-f0fd8e14_8426_45e1_b3a9_2617954f1b71 0 6 {"username": "value-6"}
2025-08-07 20:33:57,152 INFO  [io.api.tes.ser.api.KafkaSerdesTester] (Thread-735) topic-f0fd8e14_8426_45e1_b3a9_2617954f1b71 0 7 {"username": null}
2025-08-07 20:33:57,153 INFO  [io.api.tes.ser.api.KafkaSerdesTester] (Thread-735) topic-f0fd8e14_8426_45e1_b3a9_2617954f1b71 0 8 {"username": "value-8"}
2025-08-07 20:33:57,153 INFO  [io.api.tes.ser.api.KafkaSerdesTester] (Thread-735) topic-f0fd8e14_8426_45e1_b3a9_2617954f1b71 0 9 {"username": null}
2025-08-07 20:33:57,153 INFO  [io.api.tes.ser.api.KafkaSerdesTester] (Thread-735) Consumed 10 messages
2025-08-07 20:33:57,161 INFO  [org.apa.kaf.cli.con.int.ConsumerRebalanceListenerInvoker] (Thread-735) [Consumer clientId=consumer-Consumer-topic-f0fd8e14_8426_45e1_b3a9_2617954f1b71-17, groupId=Consumer-topic-f0fd8e14_8426_45e1_b3a9_2617954f1b71] Revoke previously assigned partitions topic-f0fd8e14_8426_45e1_b3a9_2617954f1b71-0
2025-08-07 20:33:57,161 INFO  [org.apa.kaf.cli.con.int.ConsumerCoordinator] (Thread-735) [Consumer clientId=consumer-Consumer-topic-f0fd8e14_8426_45e1_b3a9_2617954f1b71-17, groupId=Consumer-topic-f0fd8e14_8426_45e1_b3a9_2617954f1b71] Member consumer-Consumer-topic-f0fd8e14_8426_45e1_b3a9_2617954f1b71-17-df4d4ce6-d525-42a9-b3b4-99312fc7525a sending LeaveGroup request to coordinator localhost:32769 (id: 2147483647 rack: null) due to the consumer is being closed
2025-08-07 20:33:57,161 INFO  [org.apa.kaf.cli.con.int.ConsumerCoordinator] (Thread-735) [Consumer clientId=consumer-Consumer-topic-f0fd8e14_8426_45e1_b3a9_2617954f1b71-17, groupId=Consumer-topic-f0fd8e14_8426_45e1_b3a9_2617954f1b71] Resetting generation and member id due to: consumer pro-actively leaving the group
2025-08-07 20:33:57,161 INFO  [org.apa.kaf.cli.con.int.ConsumerCoordinator] (Thread-735) [Consumer clientId=consumer-Consumer-topic-f0fd8e14_8426_45e1_b3a9_2617954f1b71-17, groupId=Consumer-topic-f0fd8e14_8426_45e1_b3a9_2617954f1b71] Request joining group due to: consumer pro-actively leaving the group
2025-08-07 20:33:57,653 INFO  [org.apa.kaf.com.met.Metrics] (Thread-735) Metrics scheduler closed
2025-08-07 20:33:57,653 INFO  [org.apa.kaf.com.met.Metrics] (Thread-735) Closing reporter org.apache.kafka.common.metrics.JmxReporter
2025-08-07 20:33:57,653 INFO  [org.apa.kaf.com.met.Metrics] (Thread-735) Closing reporter org.apache.kafka.common.telemetry.internals.ClientTelemetryReporter
2025-08-07 20:33:57,653 INFO  [org.apa.kaf.com.met.Metrics] (Thread-735) Metrics reporters closed
2025-08-07 20:33:57,655 INFO  [org.apa.kaf.com.uti.AppInfoParser] (Thread-735) App info kafka.consumer for consumer-Consumer-topic-f0fd8e14_8426_45e1_b3a9_2617954f1b71-17 unregistered
2025-08-07 20:33:57,656 INFO  [io.api.tes.uti.TestSeparator] (main) io.apicurio.tests.serdes.apicurio.AvroSerdeIT.testFirstEmptyFieldConfusedAsMagicByte-FINISHED
2025-08-07 20:33:57,656 INFO  [io.api.tes.uti.TestSeparator] (main) ############################################################################
Test passed: testFirstEmptyFieldConfusedAsMagicByte
]]></system-out>
  </testcase>
  <testcase name="testAvroSerDesFailDifferentSchemaByContent" classname="io.apicurio.tests.serdes.apicurio.AvroSerdeIT" time="1.123">
    <system-out><![CDATA[2025-08-07 20:33:57,659 INFO  [io.api.tes.uti.TestSeparator] (main) ############################################################################
2025-08-07 20:33:57,659 INFO  [io.api.tes.uti.TestSeparator] (main) io.apicurio.tests.serdes.apicurio.AvroSerdeIT.testAvroSerDesFailDifferentSchemaByContent-STARTED
**** Registry Base URL: http://registry-app-ksql047.apps.ci419.apicurio-testing.org:80
2025-08-07 20:33:58,730 INFO  [org.apa.kaf.cli.pro.ProducerConfig] (main) ProducerConfig values: 
	acks = -1
	auto.include.jmx.reporter = true
	batch.size = 16384
	bootstrap.servers = [PLAINTEXT://localhost:32769]
	buffer.memory = 33554432
	client.dns.lookup = use_all_dns_ips
	client.id = Producer-topic-8826ca09_8f0d_454e_bf9c_d6defbe7f66d
	compression.gzip.level = -1
	compression.lz4.level = 9
	compression.type = none
	compression.zstd.level = 3
	connections.max.idle.ms = 10000
	delivery.timeout.ms = 120000
	enable.idempotence = true
	enable.metrics.push = true
	interceptor.classes = []
	key.serializer = class org.apache.kafka.common.serialization.StringSerializer
	linger.ms = 0
	max.block.ms = 60000
	max.in.flight.requests.per.connection = 5
	max.request.size = 1048576
	metadata.max.age.ms = 300000
	metadata.max.idle.ms = 300000
	metadata.recovery.strategy = none
	metric.reporters = []
	metrics.num.samples = 2
	metrics.recording.level = INFO
	metrics.sample.window.ms = 30000
	partitioner.adaptive.partitioning.enable = true
	partitioner.availability.timeout.ms = 0
	partitioner.class = null
	partitioner.ignore.keys = false
	receive.buffer.bytes = 32768
	reconnect.backoff.max.ms = 1000
	reconnect.backoff.ms = 50
	request.timeout.ms = 5000
	retries = 2147483647
	retry.backoff.max.ms = 1000
	retry.backoff.ms = 100
	sasl.client.callback.handler.class = null
	sasl.jaas.config = null
	sasl.kerberos.kinit.cmd = /usr/bin/kinit
	sasl.kerberos.min.time.before.relogin = 60000
	sasl.kerberos.service.name = null
	sasl.kerberos.ticket.renew.jitter = 0.05
	sasl.kerberos.ticket.renew.window.factor = 0.8
	sasl.login.callback.handler.class = null
	sasl.login.class = null
	sasl.login.connect.timeout.ms = null
	sasl.login.read.timeout.ms = null
	sasl.login.refresh.buffer.seconds = 300
	sasl.login.refresh.min.period.seconds = 60
	sasl.login.refresh.window.factor = 0.8
	sasl.login.refresh.window.jitter = 0.05
	sasl.login.retry.backoff.max.ms = 10000
	sasl.login.retry.backoff.ms = 100
	sasl.mechanism = GSSAPI
	sasl.oauthbearer.clock.skew.seconds = 30
	sasl.oauthbearer.expected.audience = null
	sasl.oauthbearer.expected.issuer = null
	sasl.oauthbearer.header.urlencode = false
	sasl.oauthbearer.jwks.endpoint.refresh.ms = 3600000
	sasl.oauthbearer.jwks.endpoint.retry.backoff.max.ms = 10000
	sasl.oauthbearer.jwks.endpoint.retry.backoff.ms = 100
	sasl.oauthbearer.jwks.endpoint.url = null
	sasl.oauthbearer.scope.claim.name = scope
	sasl.oauthbearer.sub.claim.name = sub
	sasl.oauthbearer.token.endpoint.url = null
	security.protocol = PLAINTEXT
	security.providers = null
	send.buffer.bytes = 131072
	socket.connection.setup.timeout.max.ms = 30000
	socket.connection.setup.timeout.ms = 10000
	ssl.cipher.suites = null
	ssl.enabled.protocols = [TLSv1.2, TLSv1.3]
	ssl.endpoint.identification.algorithm = https
	ssl.engine.factory.class = null
	ssl.key.password = null
	ssl.keymanager.algorithm = SunX509
	ssl.keystore.certificate.chain = null
	ssl.keystore.key = null
	ssl.keystore.location = null
	ssl.keystore.password = null
	ssl.keystore.type = JKS
	ssl.protocol = TLSv1.3
	ssl.provider = null
	ssl.secure.random.implementation = null
	ssl.trustmanager.algorithm = PKIX
	ssl.truststore.certificates = null
	ssl.truststore.location = null
	ssl.truststore.password = null
	ssl.truststore.type = JKS
	transaction.timeout.ms = 60000
	transactional.id = null
	value.serializer = class io.apicurio.registry.serde.avro.AvroKafkaSerializer

2025-08-07 20:33:58,730 INFO  [org.apa.kaf.com.tel.int.KafkaMetricsCollector] (main) initializing Kafka metrics collector
2025-08-07 20:33:58,732 INFO  [org.apa.kaf.cli.pro.KafkaProducer] (main) [Producer clientId=Producer-topic-8826ca09_8f0d_454e_bf9c_d6defbe7f66d] Instantiated an idempotent producer.
2025-08-07 20:33:58,734 INFO  [org.apa.kaf.cli.pro.ProducerConfig] (main) These configurations '[apicurio.registry.url, apicurio.registry.artifact-resolver-strategy]' were supplied but are not used yet.
2025-08-07 20:33:58,734 INFO  [org.apa.kaf.com.uti.AppInfoParser] (main) Kafka version: 3.9.1
2025-08-07 20:33:58,734 INFO  [org.apa.kaf.com.uti.AppInfoParser] (main) Kafka commitId: f745dfdcee2b9851
2025-08-07 20:33:58,734 INFO  [org.apa.kaf.com.uti.AppInfoParser] (main) Kafka startTimeMs: 1754598838734
2025-08-07 20:33:58,736 INFO  [io.api.tes.ser.api.KafkaSerdesTester] (Thread-738) Sending message {"keyB": "value-0"} to topic topic-8826ca09_8f0d_454e_bf9c_d6defbe7f66d
2025-08-07 20:33:58,738 INFO  [org.apa.kaf.cli.Metadata] (kafka-producer-network-thread | Producer-topic-8826ca09_8f0d_454e_bf9c_d6defbe7f66d) [Producer clientId=Producer-topic-8826ca09_8f0d_454e_bf9c_d6defbe7f66d] Cluster ID: pU55guAKRSeYHTOWTlfVzQ
2025-08-07 20:33:58,739 INFO  [DefaultSchemaResolver] (Thread-738) Retrieving schema content using string: {"type":"record","name":"s2d454b08x7f5bx47b6xb994x1fc376303f0e","namespace":"sa2bff538xd6b1x47b6x9831xd50e80dc56e6","fields":[{"name":"keyB","type":"string"}]}
2025-08-07 20:33:58,739 INFO  [org.apa.kaf.cli.pro.int.TransactionManager] (kafka-producer-network-thread | Producer-topic-8826ca09_8f0d_454e_bf9c_d6defbe7f66d) [Producer clientId=Producer-topic-8826ca09_8f0d_454e_bf9c_d6defbe7f66d] ProducerId set to 24 with epoch 0
2025-08-07 20:33:58,778 INFO  [org.apa.kaf.cli.pro.KafkaProducer] (Thread-738) [Producer clientId=Producer-topic-8826ca09_8f0d_454e_bf9c_d6defbe7f66d] Closing the Kafka producer with timeoutMillis = 9223372036854775807 ms.
2025-08-07 20:33:58,780 INFO  [org.apa.kaf.com.met.Metrics] (Thread-738) Metrics scheduler closed
2025-08-07 20:33:58,780 INFO  [org.apa.kaf.com.met.Metrics] (Thread-738) Closing reporter org.apache.kafka.common.metrics.JmxReporter
2025-08-07 20:33:58,780 INFO  [org.apa.kaf.com.met.Metrics] (Thread-738) Closing reporter org.apache.kafka.common.telemetry.internals.ClientTelemetryReporter
2025-08-07 20:33:58,780 INFO  [org.apa.kaf.com.met.Metrics] (Thread-738) Metrics reporters closed
2025-08-07 20:33:58,780 INFO  [org.apa.kaf.com.uti.AppInfoParser] (Thread-738) App info kafka.producer for Producer-topic-8826ca09_8f0d_454e_bf9c_d6defbe7f66d unregistered
2025-08-07 20:33:58,781 INFO  [io.api.tes.uti.TestSeparator] (main) io.apicurio.tests.serdes.apicurio.AvroSerdeIT.testAvroSerDesFailDifferentSchemaByContent-FINISHED
2025-08-07 20:33:58,781 INFO  [io.api.tes.uti.TestSeparator] (main) ############################################################################
Test passed: testAvroSerDesFailDifferentSchemaByContent
]]></system-out>
    <system-err><![CDATA[java.lang.RuntimeException: Could not resolve artifact reference by content: {"type":"record","name":"s2d454b08x7f5bx47b6xb994x1fc376303f0e","namespace":"sa2bff538xd6b1x47b6x9831xd50e80dc56e6","fields":[{"name":"keyB","type":"string"}]}&ArtifactReference [groupId=sa2bff538xd6b1x47b6x9831xd50e80dc56e6, artifactId=s2d454b08x7f5bx47b6xb994x1fc376303f0e, version=null, globalId=null, contentId=null, contentHash=null]
	at io.apicurio.registry.resolver.DefaultSchemaResolver.lambda$handleResolveSchemaByContent$3(DefaultSchemaResolver.java:265)
	at io.apicurio.registry.resolver.cache.ERCache.lambda$getValue$0(ERCache.java:174)
	at io.apicurio.registry.resolver.cache.ERCache.retry(ERCache.java:227)
	at io.apicurio.registry.resolver.cache.ERCache.getValue(ERCache.java:173)
	at io.apicurio.registry.resolver.cache.ERCache.getByContent(ERCache.java:147)
	at io.apicurio.registry.resolver.DefaultSchemaResolver.handleResolveSchemaByContent(DefaultSchemaResolver.java:253)
	at io.apicurio.registry.resolver.DefaultSchemaResolver.getSchemaFromRegistry(DefaultSchemaResolver.java:138)
	at io.apicurio.registry.resolver.DefaultSchemaResolver.lambda$resolveSchema$0(DefaultSchemaResolver.java:84)
	at java.base/java.util.Optional.orElseGet(Optional.java:364)
	at io.apicurio.registry.resolver.DefaultSchemaResolver.resolveSchema(DefaultSchemaResolver.java:84)
	at io.apicurio.registry.serde.AbstractSerializer.serializeData(AbstractSerializer.java:62)
	at io.apicurio.registry.serde.KafkaSerializer.serialize(KafkaSerializer.java:77)
	at org.apache.kafka.clients.producer.KafkaProducer.doSend(KafkaProducer.java:1046)
	at org.apache.kafka.clients.producer.KafkaProducer.send(KafkaProducer.java:993)
	at org.apache.kafka.clients.producer.KafkaProducer.send(KafkaProducer.java:875)
	at io.apicurio.tests.serdes.apicurio.KafkaSerdesTester.lambda$produceMessages$3(KafkaSerdesTester.java:138)
	at java.base/java.util.concurrent.CompletableFuture$AsyncSupply.run(CompletableFuture.java:1768)
	at java.base/java.lang.Thread.run(Thread.java:840)
]]></system-err>
  </testcase>
  <testcase name="testGlobalIdInBody" classname="io.apicurio.tests.serdes.apicurio.AvroSerdeIT" time="3.812">
    <system-out><![CDATA[2025-08-07 20:33:58,782 INFO  [io.api.tes.uti.TestSeparator] (main) ############################################################################
2025-08-07 20:33:58,782 INFO  [io.api.tes.uti.TestSeparator] (main) io.apicurio.tests.serdes.apicurio.AvroSerdeIT.testGlobalIdInBody-STARTED
**** Registry Base URL: http://registry-app-ksql047.apps.ci419.apicurio-testing.org:80
2025-08-07 20:33:58,793 INFO  [org.apa.kaf.cli.pro.ProducerConfig] (main) ProducerConfig values: 
	acks = -1
	auto.include.jmx.reporter = true
	batch.size = 16384
	bootstrap.servers = [PLAINTEXT://localhost:32769]
	buffer.memory = 33554432
	client.dns.lookup = use_all_dns_ips
	client.id = Producer-topic-3bba25ea_21da_4d87_957b_ed2c9cd52057
	compression.gzip.level = -1
	compression.lz4.level = 9
	compression.type = none
	compression.zstd.level = 3
	connections.max.idle.ms = 10000
	delivery.timeout.ms = 120000
	enable.idempotence = true
	enable.metrics.push = true
	interceptor.classes = []
	key.serializer = class org.apache.kafka.common.serialization.StringSerializer
	linger.ms = 0
	max.block.ms = 60000
	max.in.flight.requests.per.connection = 5
	max.request.size = 1048576
	metadata.max.age.ms = 300000
	metadata.max.idle.ms = 300000
	metadata.recovery.strategy = none
	metric.reporters = []
	metrics.num.samples = 2
	metrics.recording.level = INFO
	metrics.sample.window.ms = 30000
	partitioner.adaptive.partitioning.enable = true
	partitioner.availability.timeout.ms = 0
	partitioner.class = null
	partitioner.ignore.keys = false
	receive.buffer.bytes = 32768
	reconnect.backoff.max.ms = 1000
	reconnect.backoff.ms = 50
	request.timeout.ms = 5000
	retries = 2147483647
	retry.backoff.max.ms = 1000
	retry.backoff.ms = 100
	sasl.client.callback.handler.class = null
	sasl.jaas.config = null
	sasl.kerberos.kinit.cmd = /usr/bin/kinit
	sasl.kerberos.min.time.before.relogin = 60000
	sasl.kerberos.service.name = null
	sasl.kerberos.ticket.renew.jitter = 0.05
	sasl.kerberos.ticket.renew.window.factor = 0.8
	sasl.login.callback.handler.class = null
	sasl.login.class = null
	sasl.login.connect.timeout.ms = null
	sasl.login.read.timeout.ms = null
	sasl.login.refresh.buffer.seconds = 300
	sasl.login.refresh.min.period.seconds = 60
	sasl.login.refresh.window.factor = 0.8
	sasl.login.refresh.window.jitter = 0.05
	sasl.login.retry.backoff.max.ms = 10000
	sasl.login.retry.backoff.ms = 100
	sasl.mechanism = GSSAPI
	sasl.oauthbearer.clock.skew.seconds = 30
	sasl.oauthbearer.expected.audience = null
	sasl.oauthbearer.expected.issuer = null
	sasl.oauthbearer.header.urlencode = false
	sasl.oauthbearer.jwks.endpoint.refresh.ms = 3600000
	sasl.oauthbearer.jwks.endpoint.retry.backoff.max.ms = 10000
	sasl.oauthbearer.jwks.endpoint.retry.backoff.ms = 100
	sasl.oauthbearer.jwks.endpoint.url = null
	sasl.oauthbearer.scope.claim.name = scope
	sasl.oauthbearer.sub.claim.name = sub
	sasl.oauthbearer.token.endpoint.url = null
	security.protocol = PLAINTEXT
	security.providers = null
	send.buffer.bytes = 131072
	socket.connection.setup.timeout.max.ms = 30000
	socket.connection.setup.timeout.ms = 10000
	ssl.cipher.suites = null
	ssl.enabled.protocols = [TLSv1.2, TLSv1.3]
	ssl.endpoint.identification.algorithm = https
	ssl.engine.factory.class = null
	ssl.key.password = null
	ssl.keymanager.algorithm = SunX509
	ssl.keystore.certificate.chain = null
	ssl.keystore.key = null
	ssl.keystore.location = null
	ssl.keystore.password = null
	ssl.keystore.type = JKS
	ssl.protocol = TLSv1.3
	ssl.provider = null
	ssl.secure.random.implementation = null
	ssl.trustmanager.algorithm = PKIX
	ssl.truststore.certificates = null
	ssl.truststore.location = null
	ssl.truststore.password = null
	ssl.truststore.type = JKS
	transaction.timeout.ms = 60000
	transactional.id = null
	value.serializer = class io.apicurio.registry.serde.avro.AvroKafkaSerializer

2025-08-07 20:33:58,793 INFO  [org.apa.kaf.com.tel.int.KafkaMetricsCollector] (main) initializing Kafka metrics collector
2025-08-07 20:33:58,796 INFO  [org.apa.kaf.cli.pro.KafkaProducer] (main) [Producer clientId=Producer-topic-3bba25ea_21da_4d87_957b_ed2c9cd52057] Instantiated an idempotent producer.
2025-08-07 20:33:58,798 INFO  [org.apa.kaf.cli.pro.ProducerConfig] (main) These configurations '[apicurio.registry.url, apicurio.registry.auto-register, apicurio.registry.use-id, apicurio.registry.artifact-resolver-strategy]' were supplied but are not used yet.
2025-08-07 20:33:58,798 INFO  [org.apa.kaf.com.uti.AppInfoParser] (main) Kafka version: 3.9.1
2025-08-07 20:33:58,798 INFO  [org.apa.kaf.com.uti.AppInfoParser] (main) Kafka commitId: f745dfdcee2b9851
2025-08-07 20:33:58,798 INFO  [org.apa.kaf.com.uti.AppInfoParser] (main) Kafka startTimeMs: 1754598838798
2025-08-07 20:33:58,799 INFO  [io.api.tes.ser.api.SimpleSerdesTesterBuilder$SimpleSerdesTester] (main) Using producer configuration: {apicurio.registry.url=http://registry-app-ksql047.apps.ci419.apicurio-testing.org:80/apis/registry/v3, apicurio.registry.auto-register=true, apicurio.registry.use-id=globalId, apicurio.registry.artifact-resolver-strategy=io.apicurio.registry.serde.strategy.TopicIdStrategy, value.serializer=io.apicurio.registry.serde.avro.AvroKafkaSerializer, request.timeout.ms=5000, acks=all, bootstrap.servers=PLAINTEXT://localhost:32769, connections.max.idle.ms=10000, key.serializer=org.apache.kafka.common.serialization.StringSerializer, client.id=Producer-topic-3bba25ea_21da_4d87_957b_ed2c9cd52057}
2025-08-07 20:33:58,799 INFO  [io.api.tes.ser.api.SimpleSerdesTesterBuilder$SimpleSerdesTester] (main) Using consumer configuration: {apicurio.registry.use-id=globalId}
2025-08-07 20:33:58,799 INFO  [io.api.tes.ser.api.KafkaSerdesTester] (Thread-741) Sending message {"key11754598838785": "value-0"} to topic topic-3bba25ea_21da_4d87_957b_ed2c9cd52057
2025-08-07 20:33:58,803 WARN  [org.apa.kaf.cli.NetworkClient] (kafka-producer-network-thread | Producer-topic-3bba25ea_21da_4d87_957b_ed2c9cd52057) [Producer clientId=Producer-topic-3bba25ea_21da_4d87_957b_ed2c9cd52057] The metadata response from the cluster reported a recoverable issue with correlation id 1 : {topic-3bba25ea_21da_4d87_957b_ed2c9cd52057=UNKNOWN_TOPIC_OR_PARTITION}
2025-08-07 20:33:58,803 INFO  [org.apa.kaf.cli.Metadata] (kafka-producer-network-thread | Producer-topic-3bba25ea_21da_4d87_957b_ed2c9cd52057) [Producer clientId=Producer-topic-3bba25ea_21da_4d87_957b_ed2c9cd52057] Cluster ID: pU55guAKRSeYHTOWTlfVzQ
2025-08-07 20:33:58,803 INFO  [org.apa.kaf.cli.pro.int.TransactionManager] (kafka-producer-network-thread | Producer-topic-3bba25ea_21da_4d87_957b_ed2c9cd52057) [Producer clientId=Producer-topic-3bba25ea_21da_4d87_957b_ed2c9cd52057] ProducerId set to 25 with epoch 0
2025-08-07 20:33:58,976 INFO  [io.api.tes.ser.api.KafkaSerdesTester] (Thread-741) Sending message {"key11754598838785": "value-1"} to topic topic-3bba25ea_21da_4d87_957b_ed2c9cd52057
2025-08-07 20:33:58,978 INFO  [io.api.tes.ser.api.KafkaSerdesTester] (Thread-741) Sending message {"key11754598838785": "value-2"} to topic topic-3bba25ea_21da_4d87_957b_ed2c9cd52057
2025-08-07 20:33:58,979 INFO  [io.api.tes.ser.api.KafkaSerdesTester] (Thread-741) Sending message {"key11754598838785": "value-3"} to topic topic-3bba25ea_21da_4d87_957b_ed2c9cd52057
2025-08-07 20:33:58,980 INFO  [io.api.tes.ser.api.KafkaSerdesTester] (Thread-741) Sending message {"key11754598838785": "value-4"} to topic topic-3bba25ea_21da_4d87_957b_ed2c9cd52057
2025-08-07 20:33:58,982 INFO  [io.api.tes.ser.api.KafkaSerdesTester] (Thread-741) Sending message {"key11754598838785": "value-5"} to topic topic-3bba25ea_21da_4d87_957b_ed2c9cd52057
2025-08-07 20:33:58,986 INFO  [io.api.tes.ser.api.KafkaSerdesTester] (Thread-741) Sending message {"key11754598838785": "value-6"} to topic topic-3bba25ea_21da_4d87_957b_ed2c9cd52057
2025-08-07 20:33:58,987 INFO  [io.api.tes.ser.api.KafkaSerdesTester] (Thread-741) Sending message {"key11754598838785": "value-7"} to topic topic-3bba25ea_21da_4d87_957b_ed2c9cd52057
2025-08-07 20:33:58,990 INFO  [io.api.tes.ser.api.KafkaSerdesTester] (Thread-741) Sending message {"key11754598838785": "value-8"} to topic topic-3bba25ea_21da_4d87_957b_ed2c9cd52057
2025-08-07 20:33:58,993 INFO  [io.api.tes.ser.api.KafkaSerdesTester] (Thread-741) Sending message {"key11754598838785": "value-9"} to topic topic-3bba25ea_21da_4d87_957b_ed2c9cd52057
2025-08-07 20:33:58,994 INFO  [io.api.tes.ser.api.KafkaSerdesTester] (Thread-741) Produced 10 messages
2025-08-07 20:33:58,994 INFO  [org.apa.kaf.cli.pro.KafkaProducer] (Thread-741) [Producer clientId=Producer-topic-3bba25ea_21da_4d87_957b_ed2c9cd52057] Closing the Kafka producer with timeoutMillis = 9223372036854775807 ms.
2025-08-07 20:33:58,997 INFO  [org.apa.kaf.com.met.Metrics] (Thread-741) Metrics scheduler closed
2025-08-07 20:33:58,997 INFO  [org.apa.kaf.com.met.Metrics] (Thread-741) Closing reporter org.apache.kafka.common.metrics.JmxReporter
2025-08-07 20:33:58,997 INFO  [org.apa.kaf.com.met.Metrics] (Thread-741) Closing reporter org.apache.kafka.common.telemetry.internals.ClientTelemetryReporter
2025-08-07 20:33:58,997 INFO  [org.apa.kaf.com.met.Metrics] (Thread-741) Metrics reporters closed
2025-08-07 20:33:58,997 INFO  [org.apa.kaf.com.uti.AppInfoParser] (Thread-741) App info kafka.producer for Producer-topic-3bba25ea_21da_4d87_957b_ed2c9cd52057 unregistered
**** Registry Base URL: http://registry-app-ksql047.apps.ci419.apicurio-testing.org:80
2025-08-07 20:33:59,024 INFO  [org.apa.kaf.cli.con.ConsumerConfig] (main) ConsumerConfig values: 
	allow.auto.create.topics = true
	auto.commit.interval.ms = 500
	auto.include.jmx.reporter = true
	auto.offset.reset = earliest
	bootstrap.servers = [PLAINTEXT://localhost:32769]
	check.crcs = true
	client.dns.lookup = use_all_dns_ips
	client.id = consumer-Consumer-topic-3bba25ea_21da_4d87_957b_ed2c9cd52057-18
	client.rack = 
	connections.max.idle.ms = 10000
	default.api.timeout.ms = 60000
	enable.auto.commit = true
	enable.metrics.push = true
	exclude.internal.topics = true
	fetch.max.bytes = 52428800
	fetch.max.wait.ms = 500
	fetch.min.bytes = 1
	group.id = Consumer-topic-3bba25ea_21da_4d87_957b_ed2c9cd52057
	group.instance.id = null
	group.protocol = classic
	group.remote.assignor = null
	heartbeat.interval.ms = 3000
	interceptor.classes = []
	internal.leave.group.on.close = true
	internal.throw.on.fetch.stable.offset.unsupported = false
	isolation.level = read_uncommitted
	key.deserializer = class org.apache.kafka.common.serialization.StringDeserializer
	max.partition.fetch.bytes = 1048576
	max.poll.interval.ms = 300000
	max.poll.records = 500
	metadata.max.age.ms = 300000
	metadata.recovery.strategy = none
	metric.reporters = []
	metrics.num.samples = 2
	metrics.recording.level = INFO
	metrics.sample.window.ms = 30000
	partition.assignment.strategy = [class org.apache.kafka.clients.consumer.RangeAssignor, class org.apache.kafka.clients.consumer.CooperativeStickyAssignor]
	receive.buffer.bytes = 65536
	reconnect.backoff.max.ms = 1000
	reconnect.backoff.ms = 50
	request.timeout.ms = 5000
	retry.backoff.max.ms = 1000
	retry.backoff.ms = 100
	sasl.client.callback.handler.class = null
	sasl.jaas.config = null
	sasl.kerberos.kinit.cmd = /usr/bin/kinit
	sasl.kerberos.min.time.before.relogin = 60000
	sasl.kerberos.service.name = null
	sasl.kerberos.ticket.renew.jitter = 0.05
	sasl.kerberos.ticket.renew.window.factor = 0.8
	sasl.login.callback.handler.class = null
	sasl.login.class = null
	sasl.login.connect.timeout.ms = null
	sasl.login.read.timeout.ms = null
	sasl.login.refresh.buffer.seconds = 300
	sasl.login.refresh.min.period.seconds = 60
	sasl.login.refresh.window.factor = 0.8
	sasl.login.refresh.window.jitter = 0.05
	sasl.login.retry.backoff.max.ms = 10000
	sasl.login.retry.backoff.ms = 100
	sasl.mechanism = GSSAPI
	sasl.oauthbearer.clock.skew.seconds = 30
	sasl.oauthbearer.expected.audience = null
	sasl.oauthbearer.expected.issuer = null
	sasl.oauthbearer.header.urlencode = false
	sasl.oauthbearer.jwks.endpoint.refresh.ms = 3600000
	sasl.oauthbearer.jwks.endpoint.retry.backoff.max.ms = 10000
	sasl.oauthbearer.jwks.endpoint.retry.backoff.ms = 100
	sasl.oauthbearer.jwks.endpoint.url = null
	sasl.oauthbearer.scope.claim.name = scope
	sasl.oauthbearer.sub.claim.name = sub
	sasl.oauthbearer.token.endpoint.url = null
	security.protocol = PLAINTEXT
	security.providers = null
	send.buffer.bytes = 131072
	session.timeout.ms = 45000
	socket.connection.setup.timeout.max.ms = 30000
	socket.connection.setup.timeout.ms = 10000
	ssl.cipher.suites = null
	ssl.enabled.protocols = [TLSv1.2, TLSv1.3]
	ssl.endpoint.identification.algorithm = https
	ssl.engine.factory.class = null
	ssl.key.password = null
	ssl.keymanager.algorithm = SunX509
	ssl.keystore.certificate.chain = null
	ssl.keystore.key = null
	ssl.keystore.location = null
	ssl.keystore.password = null
	ssl.keystore.type = JKS
	ssl.protocol = TLSv1.3
	ssl.provider = null
	ssl.secure.random.implementation = null
	ssl.trustmanager.algorithm = PKIX
	ssl.truststore.certificates = null
	ssl.truststore.location = null
	ssl.truststore.password = null
	ssl.truststore.type = JKS
	value.deserializer = class io.apicurio.registry.serde.avro.AvroKafkaDeserializer

2025-08-07 20:33:59,025 INFO  [org.apa.kaf.com.tel.int.KafkaMetricsCollector] (main) initializing Kafka metrics collector
2025-08-07 20:33:59,029 INFO  [org.apa.kaf.cli.con.ConsumerConfig] (main) These configurations '[apicurio.registry.url, apicurio.registry.use-id]' were supplied but are not used yet.
2025-08-07 20:33:59,029 INFO  [org.apa.kaf.com.uti.AppInfoParser] (main) Kafka version: 3.9.1
2025-08-07 20:33:59,029 INFO  [org.apa.kaf.com.uti.AppInfoParser] (main) Kafka commitId: f745dfdcee2b9851
2025-08-07 20:33:59,029 INFO  [org.apa.kaf.com.uti.AppInfoParser] (main) Kafka startTimeMs: 1754598839029
2025-08-07 20:33:59,030 INFO  [org.apa.kaf.cli.con.int.ClassicKafkaConsumer] (Thread-744) [Consumer clientId=consumer-Consumer-topic-3bba25ea_21da_4d87_957b_ed2c9cd52057-18, groupId=Consumer-topic-3bba25ea_21da_4d87_957b_ed2c9cd52057] Subscribed to topic(s): topic-3bba25ea_21da_4d87_957b_ed2c9cd52057
2025-08-07 20:33:59,034 INFO  [org.apa.kaf.cli.Metadata] (Thread-744) [Consumer clientId=consumer-Consumer-topic-3bba25ea_21da_4d87_957b_ed2c9cd52057-18, groupId=Consumer-topic-3bba25ea_21da_4d87_957b_ed2c9cd52057] Cluster ID: pU55guAKRSeYHTOWTlfVzQ
2025-08-07 20:33:59,035 INFO  [org.apa.kaf.cli.con.int.ConsumerCoordinator] (Thread-744) [Consumer clientId=consumer-Consumer-topic-3bba25ea_21da_4d87_957b_ed2c9cd52057-18, groupId=Consumer-topic-3bba25ea_21da_4d87_957b_ed2c9cd52057] Discovered group coordinator localhost:32769 (id: 2147483647 rack: null)
2025-08-07 20:33:59,036 INFO  [org.apa.kaf.cli.con.int.ConsumerCoordinator] (Thread-744) [Consumer clientId=consumer-Consumer-topic-3bba25ea_21da_4d87_957b_ed2c9cd52057-18, groupId=Consumer-topic-3bba25ea_21da_4d87_957b_ed2c9cd52057] (Re-)joining group
2025-08-07 20:33:59,038 INFO  [org.apa.kaf.cli.con.int.ConsumerCoordinator] (Thread-744) [Consumer clientId=consumer-Consumer-topic-3bba25ea_21da_4d87_957b_ed2c9cd52057-18, groupId=Consumer-topic-3bba25ea_21da_4d87_957b_ed2c9cd52057] Request joining group due to: need to re-join with the given member-id: consumer-Consumer-topic-3bba25ea_21da_4d87_957b_ed2c9cd52057-18-934ce57e-bb90-4054-a74d-6b7450cf0f5a
2025-08-07 20:33:59,038 INFO  [org.apa.kaf.cli.con.int.ConsumerCoordinator] (Thread-744) [Consumer clientId=consumer-Consumer-topic-3bba25ea_21da_4d87_957b_ed2c9cd52057-18, groupId=Consumer-topic-3bba25ea_21da_4d87_957b_ed2c9cd52057] (Re-)joining group
2025-08-07 20:34:00,030 INFO  [io.api.tes.ser.api.KafkaSerdesTester] (Thread-744) None found
2025-08-07 20:34:01,030 INFO  [io.api.tes.ser.api.KafkaSerdesTester] (Thread-744) None found
2025-08-07 20:34:02,030 INFO  [io.api.tes.ser.api.KafkaSerdesTester] (Thread-744) None found
2025-08-07 20:34:02,040 INFO  [org.apa.kaf.cli.con.int.ConsumerCoordinator] (Thread-744) [Consumer clientId=consumer-Consumer-topic-3bba25ea_21da_4d87_957b_ed2c9cd52057-18, groupId=Consumer-topic-3bba25ea_21da_4d87_957b_ed2c9cd52057] Successfully joined group with generation Generation{generationId=1, memberId='consumer-Consumer-topic-3bba25ea_21da_4d87_957b_ed2c9cd52057-18-934ce57e-bb90-4054-a74d-6b7450cf0f5a', protocol='range'}
2025-08-07 20:34:02,040 INFO  [org.apa.kaf.cli.con.int.ConsumerCoordinator] (Thread-744) [Consumer clientId=consumer-Consumer-topic-3bba25ea_21da_4d87_957b_ed2c9cd52057-18, groupId=Consumer-topic-3bba25ea_21da_4d87_957b_ed2c9cd52057] Finished assignment for group at generation 1: {consumer-Consumer-topic-3bba25ea_21da_4d87_957b_ed2c9cd52057-18-934ce57e-bb90-4054-a74d-6b7450cf0f5a=Assignment(partitions=[topic-3bba25ea_21da_4d87_957b_ed2c9cd52057-0])}
2025-08-07 20:34:02,047 INFO  [org.apa.kaf.cli.con.int.ConsumerCoordinator] (Thread-744) [Consumer clientId=consumer-Consumer-topic-3bba25ea_21da_4d87_957b_ed2c9cd52057-18, groupId=Consumer-topic-3bba25ea_21da_4d87_957b_ed2c9cd52057] Successfully synced group in generation Generation{generationId=1, memberId='consumer-Consumer-topic-3bba25ea_21da_4d87_957b_ed2c9cd52057-18-934ce57e-bb90-4054-a74d-6b7450cf0f5a', protocol='range'}
2025-08-07 20:34:02,047 INFO  [org.apa.kaf.cli.con.int.ConsumerCoordinator] (Thread-744) [Consumer clientId=consumer-Consumer-topic-3bba25ea_21da_4d87_957b_ed2c9cd52057-18, groupId=Consumer-topic-3bba25ea_21da_4d87_957b_ed2c9cd52057] Notifying assignor about the new Assignment(partitions=[topic-3bba25ea_21da_4d87_957b_ed2c9cd52057-0])
2025-08-07 20:34:02,047 INFO  [org.apa.kaf.cli.con.int.ConsumerRebalanceListenerInvoker] (Thread-744) [Consumer clientId=consumer-Consumer-topic-3bba25ea_21da_4d87_957b_ed2c9cd52057-18, groupId=Consumer-topic-3bba25ea_21da_4d87_957b_ed2c9cd52057] Adding newly assigned partitions: topic-3bba25ea_21da_4d87_957b_ed2c9cd52057-0
2025-08-07 20:34:02,048 INFO  [org.apa.kaf.cli.con.int.ConsumerCoordinator] (Thread-744) [Consumer clientId=consumer-Consumer-topic-3bba25ea_21da_4d87_957b_ed2c9cd52057-18, groupId=Consumer-topic-3bba25ea_21da_4d87_957b_ed2c9cd52057] Found no committed offset for partition topic-3bba25ea_21da_4d87_957b_ed2c9cd52057-0
2025-08-07 20:34:02,051 INFO  [org.apa.kaf.cli.con.int.SubscriptionState] (Thread-744) [Consumer clientId=consumer-Consumer-topic-3bba25ea_21da_4d87_957b_ed2c9cd52057-18, groupId=Consumer-topic-3bba25ea_21da_4d87_957b_ed2c9cd52057] Resetting offset for partition topic-3bba25ea_21da_4d87_957b_ed2c9cd52057-0 to position FetchPosition{offset=0, offsetEpoch=Optional.empty, currentLeader=LeaderAndEpoch{leader=Optional[localhost:32769 (id: 0 rack: null)], epoch=0}}.
2025-08-07 20:34:02,089 INFO  [io.api.tes.ser.api.KafkaSerdesTester] (Thread-744) topic-3bba25ea_21da_4d87_957b_ed2c9cd52057 0 0 {"key11754598838785": "value-0"}
2025-08-07 20:34:02,090 INFO  [io.api.tes.ser.api.KafkaSerdesTester] (Thread-744) topic-3bba25ea_21da_4d87_957b_ed2c9cd52057 0 1 {"key11754598838785": "value-1"}
2025-08-07 20:34:02,090 INFO  [io.api.tes.ser.api.KafkaSerdesTester] (Thread-744) topic-3bba25ea_21da_4d87_957b_ed2c9cd52057 0 2 {"key11754598838785": "value-2"}
2025-08-07 20:34:02,090 INFO  [io.api.tes.ser.api.KafkaSerdesTester] (Thread-744) topic-3bba25ea_21da_4d87_957b_ed2c9cd52057 0 3 {"key11754598838785": "value-3"}
2025-08-07 20:34:02,090 INFO  [io.api.tes.ser.api.KafkaSerdesTester] (Thread-744) topic-3bba25ea_21da_4d87_957b_ed2c9cd52057 0 4 {"key11754598838785": "value-4"}
2025-08-07 20:34:02,090 INFO  [io.api.tes.ser.api.KafkaSerdesTester] (Thread-744) topic-3bba25ea_21da_4d87_957b_ed2c9cd52057 0 5 {"key11754598838785": "value-5"}
2025-08-07 20:34:02,090 INFO  [io.api.tes.ser.api.KafkaSerdesTester] (Thread-744) topic-3bba25ea_21da_4d87_957b_ed2c9cd52057 0 6 {"key11754598838785": "value-6"}
2025-08-07 20:34:02,090 INFO  [io.api.tes.ser.api.KafkaSerdesTester] (Thread-744) topic-3bba25ea_21da_4d87_957b_ed2c9cd52057 0 7 {"key11754598838785": "value-7"}
2025-08-07 20:34:02,090 INFO  [io.api.tes.ser.api.KafkaSerdesTester] (Thread-744) topic-3bba25ea_21da_4d87_957b_ed2c9cd52057 0 8 {"key11754598838785": "value-8"}
2025-08-07 20:34:02,090 INFO  [io.api.tes.ser.api.KafkaSerdesTester] (Thread-744) topic-3bba25ea_21da_4d87_957b_ed2c9cd52057 0 9 {"key11754598838785": "value-9"}
2025-08-07 20:34:02,090 INFO  [io.api.tes.ser.api.KafkaSerdesTester] (Thread-744) Consumed 10 messages
2025-08-07 20:34:02,099 INFO  [org.apa.kaf.cli.con.int.ConsumerRebalanceListenerInvoker] (Thread-744) [Consumer clientId=consumer-Consumer-topic-3bba25ea_21da_4d87_957b_ed2c9cd52057-18, groupId=Consumer-topic-3bba25ea_21da_4d87_957b_ed2c9cd52057] Revoke previously assigned partitions topic-3bba25ea_21da_4d87_957b_ed2c9cd52057-0
2025-08-07 20:34:02,099 INFO  [org.apa.kaf.cli.con.int.ConsumerCoordinator] (Thread-744) [Consumer clientId=consumer-Consumer-topic-3bba25ea_21da_4d87_957b_ed2c9cd52057-18, groupId=Consumer-topic-3bba25ea_21da_4d87_957b_ed2c9cd52057] Member consumer-Consumer-topic-3bba25ea_21da_4d87_957b_ed2c9cd52057-18-934ce57e-bb90-4054-a74d-6b7450cf0f5a sending LeaveGroup request to coordinator localhost:32769 (id: 2147483647 rack: null) due to the consumer is being closed
2025-08-07 20:34:02,099 INFO  [org.apa.kaf.cli.con.int.ConsumerCoordinator] (Thread-744) [Consumer clientId=consumer-Consumer-topic-3bba25ea_21da_4d87_957b_ed2c9cd52057-18, groupId=Consumer-topic-3bba25ea_21da_4d87_957b_ed2c9cd52057] Resetting generation and member id due to: consumer pro-actively leaving the group
2025-08-07 20:34:02,099 INFO  [org.apa.kaf.cli.con.int.ConsumerCoordinator] (Thread-744) [Consumer clientId=consumer-Consumer-topic-3bba25ea_21da_4d87_957b_ed2c9cd52057-18, groupId=Consumer-topic-3bba25ea_21da_4d87_957b_ed2c9cd52057] Request joining group due to: consumer pro-actively leaving the group
2025-08-07 20:34:02,590 INFO  [org.apa.kaf.com.met.Metrics] (Thread-744) Metrics scheduler closed
2025-08-07 20:34:02,590 INFO  [org.apa.kaf.com.met.Metrics] (Thread-744) Closing reporter org.apache.kafka.common.metrics.JmxReporter
2025-08-07 20:34:02,590 INFO  [org.apa.kaf.com.met.Metrics] (Thread-744) Closing reporter org.apache.kafka.common.telemetry.internals.ClientTelemetryReporter
2025-08-07 20:34:02,590 INFO  [org.apa.kaf.com.met.Metrics] (Thread-744) Metrics reporters closed
2025-08-07 20:34:02,592 INFO  [org.apa.kaf.com.uti.AppInfoParser] (Thread-744) App info kafka.consumer for consumer-Consumer-topic-3bba25ea_21da_4d87_957b_ed2c9cd52057-18 unregistered
2025-08-07 20:34:02,593 INFO  [io.api.tes.uti.TestSeparator] (main) io.apicurio.tests.serdes.apicurio.AvroSerdeIT.testGlobalIdInBody-FINISHED
2025-08-07 20:34:02,593 INFO  [io.api.tes.uti.TestSeparator] (main) ############################################################################
Test passed: testGlobalIdInBody
]]></system-out>
  </testcase>
  <testcase name="testProducerUsesGlobalIdConsumerUsesDefault" classname="io.apicurio.tests.serdes.apicurio.AvroSerdeIT" time="0.0">
    <skipped message="void io.apicurio.tests.serdes.apicurio.AvroSerdeIT.testProducerUsesGlobalIdConsumerUsesDefault() throws java.lang.Exception is @Disabled"/>
  </testcase>
</testsuite>