<?xml version="1.0" encoding="UTF-8"?>
<testsuite xmlns:xsi="http://www.w3.org/2001/XMLSchema-instance" xsi:noNamespaceSchemaLocation="https://maven.apache.org/surefire/maven-failsafe-plugin/xsd/failsafe-test-report.xsd" version="3.0.2" name="io.apicurio.tests.serdes.confluent.BasicConfluentSerDesIT" time="41.694" tests="8" errors="0" skipped="0" failures="0">
  <properties>
    <property name="java.specification.version" value="17"/>
    <property name="sun.jnu.encoding" value="UTF-8"/>
    <property name="java.class.path" value="/home/runner/work/apicurio-testing/apicurio-testing/clusters/ci419/namespaces/ksql047/tests/integration/apicurio-registry/integration-tests/target/test-classes:/home/runner/work/apicurio-testing/apicurio-testing/clusters/ci419/namespaces/ksql047/tests/integration/apicurio-registry/integration-tests/target/apicurio-registry-integration-tests-3.0.13-SNAPSHOT.jar:/home/runner/.m2/repository/io/quarkus/quarkus-junit5/3.20.2/quarkus-junit5-3.20.2.jar:/home/runner/.m2/repository/io/quarkus/quarkus-bootstrap-core/3.20.2/quarkus-bootstrap-core-3.20.2.jar:/home/runner/.m2/repository/io/quarkus/quarkus-classloader-commons/3.20.2/quarkus-classloader-commons-3.20.2.jar:/home/runner/.m2/repository/io/quarkus/quarkus-bootstrap-app-model/3.20.2/quarkus-bootstrap-app-model-3.20.2.jar:/home/runner/.m2/repository/io/smallrye/common/smallrye-common-io/2.12.0/smallrye-common-io-2.12.0.jar:/home/runner/.m2/repository/org/eclipse/sisu/org.eclipse.sisu.inject/0.9.0.M3/org.eclipse.sisu.inject-0.9.0.M3.jar:/home/runner/.m2/repository/io/quarkus/quarkus-test-common/3.20.2/quarkus-test-common-3.20.2.jar:/home/runner/.m2/repository/io/quarkus/quarkus-core-deployment/3.20.2/quarkus-core-deployment-3.20.2.jar:/home/runner/.m2/repository/org/aesh/readline/2.6/readline-2.6.jar:/home/runner/.m2/repository/org/fusesource/jansi/jansi/2.4.0/jansi-2.4.0.jar:/home/runner/.m2/repository/org/aesh/aesh/2.8.2/aesh-2.8.2.jar:/home/runner/.m2/repository/io/quarkus/gizmo/gizmo/1.8.0/gizmo-1.8.0.jar:/home/runner/.m2/repository/org/ow2/asm/asm-util/9.7.1/asm-util-9.7.1.jar:/home/runner/.m2/repository/org/ow2/asm/asm-analysis/9.7.1/asm-analysis-9.7.1.jar:/home/runner/.m2/repository/org/ow2/asm/asm-commons/9.7.1/asm-commons-9.7.1.jar:/home/runner/.m2/repository/org/ow2/asm/asm-tree/9.7.1/asm-tree-9.7.1.jar:/home/runner/.m2/repository/io/quarkus/quarkus-hibernate-validator-spi/3.20.2/quarkus-hibernate-validator-spi-3.20.2.jar:/home/runner/.m2/repository/io/quarkus/quarkus-class-change-agent/3.20.2/quarkus-class-change-agent-3.20.2.jar:/home/runner/.m2/repository/io/quarkus/quarkus-devtools-utilities/3.20.2/quarkus-devtools-utilities-3.20.2.jar:/home/runner/.m2/repository/io/quarkus/quarkus-builder/3.20.2/quarkus-builder-3.20.2.jar:/home/runner/.m2/repository/org/graalvm/sdk/nativeimage/23.1.2/nativeimage-23.1.2.jar:/home/runner/.m2/repository/org/graalvm/sdk/word/23.1.2/word-23.1.2.jar:/home/runner/.m2/repository/io/quarkus/quarkus-bootstrap-maven-resolver/3.20.2/quarkus-bootstrap-maven-resolver-3.20.2.jar:/home/runner/.m2/repository/io/smallrye/beanbag/smallrye-beanbag-maven/1.5.2/smallrye-beanbag-maven-1.5.2.jar:/home/runner/.m2/repository/io/smallrye/beanbag/smallrye-beanbag-sisu/1.5.2/smallrye-beanbag-sisu-1.5.2.jar:/home/runner/.m2/repository/io/smallrye/beanbag/smallrye-beanbag/1.5.2/smallrye-beanbag-1.5.2.jar:/home/runner/.m2/repository/javax/inject/javax.inject/1/javax.inject-1.jar:/home/runner/.m2/repository/org/apache/maven/maven-artifact/3.9.9/maven-artifact-3.9.9.jar:/home/runner/.m2/repository/org/apache/maven/maven-builder-support/3.9.9/maven-builder-support-3.9.9.jar:/home/runner/.m2/repository/org/apache/maven/maven-model/3.9.9/maven-model-3.9.9.jar:/home/runner/.m2/repository/org/apache/maven/maven-model-builder/3.9.9/maven-model-builder-3.9.9.jar:/home/runner/.m2/repository/org/apache/maven/maven-repository-metadata/3.9.9/maven-repository-metadata-3.9.9.jar:/home/runner/.m2/repository/org/apache/maven/maven-settings/3.9.9/maven-settings-3.9.9.jar:/home/runner/.m2/repository/org/apache/maven/resolver/maven-resolver-api/1.9.22/maven-resolver-api-1.9.22.jar:/home/runner/.m2/repository/org/apache/maven/resolver/maven-resolver-impl/1.9.22/maven-resolver-impl-1.9.22.jar:/home/runner/.m2/repository/org/apache/maven/resolver/maven-resolver-named-locks/1.9.22/maven-resolver-named-locks-1.9.22.jar:/home/runner/.m2/repository/org/apache/maven/resolver/maven-resolver-spi/1.9.22/maven-resolver-spi-1.9.22.jar:/home/runner/.m2/repository/org/apache/maven/resolver/maven-resolver-util/1.9.22/maven-resolver-util-1.9.22.jar:/home/runner/.m2/repository/org/apache/maven/resolver/maven-resolver-transport-http/1.9.20/maven-resolver-transport-http-1.9.20.jar:/home/runner/.m2/repository/org/apache/maven/wagon/wagon-provider-api/3.5.3/wagon-provider-api-3.5.3.jar:/home/runner/.m2/repository/org/apache/maven/wagon/wagon-http-shared/3.5.3/wagon-http-shared-3.5.3.jar:/home/runner/.m2/repository/org/codehaus/plexus/plexus-interpolation/1.26/plexus-interpolation-1.26.jar:/home/runner/.m2/repository/org/codehaus/plexus/plexus-utils/3.5.1/plexus-utils-3.5.1.jar:/home/runner/.m2/repository/org/codehaus/plexus/plexus-xml/4.0.1/plexus-xml-4.0.1.jar:/home/runner/.m2/repository/org/apache/maven/maven-xml-impl/4.0.0-alpha-5/maven-xml-impl-4.0.0-alpha-5.jar:/home/runner/.m2/repository/org/apache/maven/maven-api-xml/4.0.0-alpha-5/maven-api-xml-4.0.0-alpha-5.jar:/home/runner/.m2/repository/org/apache/maven/maven-api-meta/4.0.0-alpha-5/maven-api-meta-4.0.0-alpha-5.jar:/home/runner/.m2/repository/org/codehaus/plexus/plexus-cipher/2.0/plexus-cipher-2.0.jar:/home/runner/.m2/repository/org/codehaus/plexus/plexus-sec-dispatcher/2.0/plexus-sec-dispatcher-2.0.jar:/home/runner/.m2/repository/org/apache/maven/maven-embedder/3.9.9/maven-embedder-3.9.9.jar:/home/runner/.m2/repository/org/apache/maven/maven-core/3.9.9/maven-core-3.9.9.jar:/home/runner/.m2/repository/org/codehaus/plexus/plexus-component-annotations/2.1.0/plexus-component-annotations-2.1.0.jar:/home/runner/.m2/repository/org/apache/maven/maven-plugin-api/3.9.9/maven-plugin-api-3.9.9.jar:/home/runner/.m2/repository/org/apache/maven/shared/maven-shared-utils/3.4.2/maven-shared-utils-3.4.2.jar:/home/runner/.m2/repository/com/google/inject/guice/5.1.0/guice-5.1.0.jar:/home/runner/.m2/repository/aopalliance/aopalliance/1.0/aopalliance-1.0.jar:/home/runner/.m2/repository/org/codehaus/plexus/plexus-classworlds/2.6.0/plexus-classworlds-2.6.0.jar:/home/runner/.m2/repository/commons-cli/commons-cli/1.8.0/commons-cli-1.8.0.jar:/home/runner/.m2/repository/org/eclipse/sisu/org.eclipse.sisu.plexus/0.9.0.M3/org.eclipse.sisu.plexus-0.9.0.M3.jar:/home/runner/.m2/repository/org/apache/maven/maven-settings-builder/3.9.9/maven-settings-builder-3.9.9.jar:/home/runner/.m2/repository/org/apache/maven/maven-resolver-provider/3.9.9/maven-resolver-provider-3.9.9.jar:/home/runner/.m2/repository/org/apache/maven/resolver/maven-resolver-connector-basic/1.9.22/maven-resolver-connector-basic-1.9.22.jar:/home/runner/.m2/repository/org/apache/maven/resolver/maven-resolver-transport-wagon/1.9.22/maven-resolver-transport-wagon-1.9.22.jar:/home/runner/.m2/repository/org/apache/maven/wagon/wagon-http/3.5.3/wagon-http-3.5.3.jar:/home/runner/.m2/repository/org/apache/maven/wagon/wagon-file/3.5.3/wagon-file-3.5.3.jar:/home/runner/.m2/repository/io/quarkus/quarkus-bootstrap-gradle-resolver/3.20.2/quarkus-bootstrap-gradle-resolver-3.20.2.jar:/home/runner/.m2/repository/io/smallrye/jandex/3.3.0/jandex-3.3.0.jar:/home/runner/.m2/repository/org/jboss/logging/commons-logging-jboss-logging/1.0.0.Final/commons-logging-jboss-logging-1.0.0.Final.jar:/home/runner/.m2/repository/io/quarkus/quarkus-junit5-config/3.20.2/quarkus-junit5-config-3.20.2.jar:/home/runner/.m2/repository/org/junit/jupiter/junit-jupiter-api/5.12.1/junit-jupiter-api-5.12.1.jar:/home/runner/.m2/repository/io/smallrye/config/smallrye-config/3.11.4/smallrye-config-3.11.4.jar:/home/runner/.m2/repository/io/smallrye/config/smallrye-config-core/3.11.4/smallrye-config-core-3.11.4.jar:/home/runner/.m2/repository/io/smallrye/common/smallrye-common-classloader/2.12.0/smallrye-common-classloader-2.12.0.jar:/home/runner/.m2/repository/io/smallrye/config/smallrye-config-common/3.11.4/smallrye-config-common-3.11.4.jar:/home/runner/.m2/repository/org/junit/jupiter/junit-jupiter/5.12.1/junit-jupiter-5.12.1.jar:/home/runner/.m2/repository/org/junit/jupiter/junit-jupiter-params/5.12.1/junit-jupiter-params-5.12.1.jar:/home/runner/.m2/repository/org/junit/jupiter/junit-jupiter-engine/5.12.1/junit-jupiter-engine-5.12.1.jar:/home/runner/.m2/repository/io/quarkus/quarkus-core/3.20.2/quarkus-core-3.20.2.jar:/home/runner/.m2/repository/jakarta/enterprise/jakarta.enterprise.cdi-api/4.1.0/jakarta.enterprise.cdi-api-4.1.0.jar:/home/runner/.m2/repository/jakarta/enterprise/jakarta.enterprise.lang-model/4.1.0/jakarta.enterprise.lang-model-4.1.0.jar:/home/runner/.m2/repository/jakarta/el/jakarta.el-api/5.0.1/jakarta.el-api-5.0.1.jar:/home/runner/.m2/repository/jakarta/interceptor/jakarta.interceptor-api/2.2.0/jakarta.interceptor-api-2.2.0.jar:/home/runner/.m2/repository/jakarta/inject/jakarta.inject-api/2.0.1/jakarta.inject-api-2.0.1.jar:/home/runner/.m2/repository/io/smallrye/common/smallrye-common-os/2.12.0/smallrye-common-os-2.12.0.jar:/home/runner/.m2/repository/io/quarkus/quarkus-ide-launcher/3.20.2/quarkus-ide-launcher-3.20.2.jar:/home/runner/.m2/repository/io/quarkus/quarkus-development-mode-spi/3.20.2/quarkus-development-mode-spi-3.20.2.jar:/home/runner/.m2/repository/org/jboss/logging/jboss-logging/3.6.1.Final/jboss-logging-3.6.1.Final.jar:/home/runner/.m2/repository/org/jboss/logmanager/jboss-logmanager/3.1.2.Final/jboss-logmanager-3.1.2.Final.jar:/home/runner/.m2/repository/io/smallrye/common/smallrye-common-constraint/2.12.0/smallrye-common-constraint-2.12.0.jar:/home/runner/.m2/repository/io/smallrye/common/smallrye-common-cpu/2.12.0/smallrye-common-cpu-2.12.0.jar:/home/runner/.m2/repository/io/smallrye/common/smallrye-common-expression/2.12.0/smallrye-common-expression-2.12.0.jar:/home/runner/.m2/repository/io/smallrye/common/smallrye-common-net/2.12.0/smallrye-common-net-2.12.0.jar:/home/runner/.m2/repository/io/smallrye/common/smallrye-common-ref/2.12.0/smallrye-common-ref-2.12.0.jar:/home/runner/.m2/repository/jakarta/json/jakarta.json-api/2.1.3/jakarta.json-api-2.1.3.jar:/home/runner/.m2/repository/org/eclipse/parsson/parsson/1.1.7/parsson-1.1.7.jar:/home/runner/.m2/repository/org/jboss/logging/jboss-logging-annotations/3.0.4.Final/jboss-logging-annotations-3.0.4.Final.jar:/home/runner/.m2/repository/org/jboss/threads/jboss-threads/3.8.0.Final/jboss-threads-3.8.0.Final.jar:/home/runner/.m2/repository/io/smallrye/common/smallrye-common-annotation/2.12.0/smallrye-common-annotation-2.12.0.jar:/home/runner/.m2/repository/io/smallrye/common/smallrye-common-function/2.12.0/smallrye-common-function-2.12.0.jar:/home/runner/.m2/repository/org/jboss/slf4j/slf4j-jboss-logmanager/2.0.0.Final/slf4j-jboss-logmanager-2.0.0.Final.jar:/home/runner/.m2/repository/org/wildfly/common/wildfly-common/2.0.1/wildfly-common-2.0.1.jar:/home/runner/.m2/repository/io/quarkus/quarkus-bootstrap-runner/3.20.2/quarkus-bootstrap-runner-3.20.2.jar:/home/runner/.m2/repository/io/github/crac/org-crac/0.1.3/org-crac-0.1.3.jar:/home/runner/.m2/repository/io/quarkus/quarkus-fs-util/0.0.10/quarkus-fs-util-0.0.10.jar:/home/runner/.m2/repository/org/jboss/marshalling/jboss-marshalling/2.2.2.Final/jboss-marshalling-2.2.2.Final.jar:/home/runner/.m2/repository/io/fabric8/kubernetes-client/7.1.0/kubernetes-client-7.1.0.jar:/home/runner/.m2/repository/io/fabric8/kubernetes-client-api/7.1.0/kubernetes-client-api-7.1.0.jar:/home/runner/.m2/repository/io/fabric8/kubernetes-model-core/7.1.0/kubernetes-model-core-7.1.0.jar:/home/runner/.m2/repository/io/fabric8/kubernetes-model-common/7.1.0/kubernetes-model-common-7.1.0.jar:/home/runner/.m2/repository/javax/annotation/javax.annotation-api/1.3.2/javax.annotation-api-1.3.2.jar:/home/runner/.m2/repository/io/fabric8/kubernetes-model-gatewayapi/7.1.0/kubernetes-model-gatewayapi-7.1.0.jar:/home/runner/.m2/repository/io/fabric8/kubernetes-model-resource/7.1.0/kubernetes-model-resource-7.1.0.jar:/home/runner/.m2/repository/io/fabric8/kubernetes-model-rbac/7.1.0/kubernetes-model-rbac-7.1.0.jar:/home/runner/.m2/repository/io/fabric8/kubernetes-model-admissionregistration/7.1.0/kubernetes-model-admissionregistration-7.1.0.jar:/home/runner/.m2/repository/io/fabric8/kubernetes-model-apps/7.1.0/kubernetes-model-apps-7.1.0.jar:/home/runner/.m2/repository/io/fabric8/kubernetes-model-autoscaling/7.1.0/kubernetes-model-autoscaling-7.1.0.jar:/home/runner/.m2/repository/io/fabric8/kubernetes-model-apiextensions/7.1.0/kubernetes-model-apiextensions-7.1.0.jar:/home/runner/.m2/repository/io/fabric8/kubernetes-model-batch/7.1.0/kubernetes-model-batch-7.1.0.jar:/home/runner/.m2/repository/io/fabric8/kubernetes-model-certificates/7.1.0/kubernetes-model-certificates-7.1.0.jar:/home/runner/.m2/repository/io/fabric8/kubernetes-model-coordination/7.1.0/kubernetes-model-coordination-7.1.0.jar:/home/runner/.m2/repository/io/fabric8/kubernetes-model-discovery/7.1.0/kubernetes-model-discovery-7.1.0.jar:/home/runner/.m2/repository/io/fabric8/kubernetes-model-events/7.1.0/kubernetes-model-events-7.1.0.jar:/home/runner/.m2/repository/io/fabric8/kubernetes-model-extensions/7.1.0/kubernetes-model-extensions-7.1.0.jar:/home/runner/.m2/repository/io/fabric8/kubernetes-model-flowcontrol/7.1.0/kubernetes-model-flowcontrol-7.1.0.jar:/home/runner/.m2/repository/io/fabric8/kubernetes-model-networking/7.1.0/kubernetes-model-networking-7.1.0.jar:/home/runner/.m2/repository/io/fabric8/kubernetes-model-metrics/7.1.0/kubernetes-model-metrics-7.1.0.jar:/home/runner/.m2/repository/io/fabric8/kubernetes-model-policy/7.1.0/kubernetes-model-policy-7.1.0.jar:/home/runner/.m2/repository/io/fabric8/kubernetes-model-scheduling/7.1.0/kubernetes-model-scheduling-7.1.0.jar:/home/runner/.m2/repository/io/fabric8/kubernetes-model-storageclass/7.1.0/kubernetes-model-storageclass-7.1.0.jar:/home/runner/.m2/repository/io/fabric8/kubernetes-model-node/7.1.0/kubernetes-model-node-7.1.0.jar:/home/runner/.m2/repository/org/snakeyaml/snakeyaml-engine/2.9/snakeyaml-engine-2.9.jar:/home/runner/.m2/repository/com/fasterxml/jackson/dataformat/jackson-dataformat-yaml/2.18.2/jackson-dataformat-yaml-2.18.2.jar:/home/runner/.m2/repository/com/fasterxml/jackson/datatype/jackson-datatype-jsr310/2.18.2/jackson-datatype-jsr310-2.18.2.jar:/home/runner/.m2/repository/io/fabric8/zjsonpatch/7.1.0/zjsonpatch-7.1.0.jar:/home/runner/.m2/repository/io/fabric8/kubernetes-httpclient-vertx/7.1.0/kubernetes-httpclient-vertx-7.1.0.jar:/home/runner/.m2/repository/io/vertx/vertx-web-client/4.5.16/vertx-web-client-4.5.16.jar:/home/runner/.m2/repository/io/vertx/vertx-web-common/4.5.16/vertx-web-common-4.5.16.jar:/home/runner/.m2/repository/io/vertx/vertx-auth-common/4.5.16/vertx-auth-common-4.5.16.jar:/home/runner/.m2/repository/io/vertx/vertx-uri-template/4.5.16/vertx-uri-template-4.5.16.jar:/home/runner/.m2/repository/io/fabric8/openshift-client/7.1.0/openshift-client-7.1.0.jar:/home/runner/.m2/repository/io/fabric8/openshift-client-api/7.1.0/openshift-client-api-7.1.0.jar:/home/runner/.m2/repository/io/fabric8/openshift-model/7.1.0/openshift-model-7.1.0.jar:/home/runner/.m2/repository/io/fabric8/openshift-model-autoscaling/7.1.0/openshift-model-autoscaling-7.1.0.jar:/home/runner/.m2/repository/io/fabric8/openshift-model-operator/7.1.0/openshift-model-operator-7.1.0.jar:/home/runner/.m2/repository/io/fabric8/openshift-model-operatorhub/7.1.0/openshift-model-operatorhub-7.1.0.jar:/home/runner/.m2/repository/io/fabric8/openshift-model-machine/7.1.0/openshift-model-machine-7.1.0.jar:/home/runner/.m2/repository/io/fabric8/openshift-model-whereabouts/7.1.0/openshift-model-whereabouts-7.1.0.jar:/home/runner/.m2/repository/io/fabric8/openshift-model-monitoring/7.1.0/openshift-model-monitoring-7.1.0.jar:/home/runner/.m2/repository/io/fabric8/openshift-model-storageversionmigrator/7.1.0/openshift-model-storageversionmigrator-7.1.0.jar:/home/runner/.m2/repository/io/fabric8/openshift-model-tuned/7.1.0/openshift-model-tuned-7.1.0.jar:/home/runner/.m2/repository/io/fabric8/openshift-model-console/7.1.0/openshift-model-console-7.1.0.jar:/home/runner/.m2/repository/io/fabric8/openshift-model-config/7.1.0/openshift-model-config-7.1.0.jar:/home/runner/.m2/repository/io/fabric8/openshift-model-machineconfiguration/7.1.0/openshift-model-machineconfiguration-7.1.0.jar:/home/runner/.m2/repository/io/fabric8/openshift-model-miscellaneous/7.1.0/openshift-model-miscellaneous-7.1.0.jar:/home/runner/.m2/repository/io/fabric8/openshift-model-hive/7.1.0/openshift-model-hive-7.1.0.jar:/home/runner/.m2/repository/io/fabric8/openshift-model-installer/7.1.0/openshift-model-installer-7.1.0.jar:/home/runner/.m2/repository/org/junit/platform/junit-platform-launcher/1.12.1/junit-platform-launcher-1.12.1.jar:/home/runner/.m2/repository/org/junit/platform/junit-platform-engine/1.12.1/junit-platform-engine-1.12.1.jar:/home/runner/.m2/repository/org/opentest4j/opentest4j/1.3.0/opentest4j-1.3.0.jar:/home/runner/.m2/repository/org/junit/platform/junit-platform-commons/1.12.1/junit-platform-commons-1.12.1.jar:/home/runner/.m2/repository/org/apiguardian/apiguardian-api/1.1.2/apiguardian-api-1.1.2.jar:/home/runner/.m2/repository/jakarta/ws/rs/jakarta.ws.rs-api/3.1.0/jakarta.ws.rs-api-3.1.0.jar:/home/runner/work/apicurio-testing/apicurio-testing/clusters/ci419/namespaces/ksql047/tests/integration/apicurio-registry/java-sdk/target/apicurio-registry-java-sdk-3.0.13-SNAPSHOT.jar:/home/runner/.m2/repository/com/microsoft/kiota/microsoft-kiota-abstractions/1.8.9/microsoft-kiota-abstractions-1.8.9.jar:/home/runner/.m2/repository/io/github/std-uritemplate/std-uritemplate/2.0.0/std-uritemplate-2.0.0.jar:/home/runner/.m2/repository/io/kiota/kiota-http-jdk/0.0.29/kiota-http-jdk-0.0.29.jar:/home/runner/.m2/repository/io/kiota/kiota-http-vertx/0.0.29/kiota-http-vertx-0.0.29.jar:/home/runner/.m2/repository/io/kiota/kiota-serialization-jackson/0.0.29/kiota-serialization-jackson-0.0.29.jar:/home/runner/.m2/repository/com/microsoft/kiota/microsoft-kiota-serialization-text/1.8.9/microsoft-kiota-serialization-text-1.8.9.jar:/home/runner/.m2/repository/com/microsoft/kiota/microsoft-kiota-serialization-form/1.8.9/microsoft-kiota-serialization-form-1.8.9.jar:/home/runner/.m2/repository/com/microsoft/kiota/microsoft-kiota-serialization-multipart/1.8.9/microsoft-kiota-serialization-multipart-1.8.9.jar:/home/runner/.m2/repository/jakarta/annotation/jakarta.annotation-api/3.0.0/jakarta.annotation-api-3.0.0.jar:/home/runner/.m2/repository/io/vertx/vertx-auth-oauth2/4.5.16/vertx-auth-oauth2-4.5.16.jar:/home/runner/work/apicurio-testing/apicurio-testing/clusters/ci419/namespaces/ksql047/tests/integration/apicurio-registry/java-sdk-v2/target/apicurio-registry-v2-java-sdk-3.0.13-SNAPSHOT.jar:/home/runner/work/apicurio-testing/apicurio-testing/clusters/ci419/namespaces/ksql047/tests/integration/apicurio-registry/utils/kafka/target/apicurio-registry-utils-kafka-3.0.13-SNAPSHOT-tests.jar:/home/runner/.m2/repository/org/eclipse/microprofile/config/microprofile-config-api/3.1/microprofile-config-api-3.1.jar:/home/runner/.m2/repository/org/apache/kafka/kafka-clients/3.9.1/kafka-clients-3.9.1.jar:/home/runner/.m2/repository/com/github/luben/zstd-jni/1.5.6-4/zstd-jni-1.5.6-4.jar:/home/runner/.m2/repository/org/lz4/lz4-java/1.8.0/lz4-java-1.8.0.jar:/home/runner/.m2/repository/org/xerial/snappy/snappy-java/1.1.10.5/snappy-java-1.1.10.5.jar:/home/runner/.m2/repository/org/slf4j/slf4j-api/2.0.6/slf4j-api-2.0.6.jar:/home/runner/work/apicurio-testing/apicurio-testing/clusters/ci419/namespaces/ksql047/tests/integration/apicurio-registry/utils/tests/target/apicurio-registry-utils-tests-3.0.13-SNAPSHOT.jar:/home/runner/work/apicurio-testing/apicurio-testing/clusters/ci419/namespaces/ksql047/tests/integration/apicurio-registry/common/target/apicurio-registry-common-3.0.13-SNAPSHOT.jar:/home/runner/.m2/repository/jakarta/validation/jakarta.validation-api/3.0.2/jakarta.validation-api-3.0.2.jar:/home/runner/.m2/repository/com/github/dasniko/testcontainers-keycloak/3.8.0/testcontainers-keycloak-3.8.0.jar:/home/runner/.m2/repository/org/testcontainers/testcontainers/1.20.6/testcontainers-1.20.6.jar:/home/runner/.m2/repository/org/rnorth/duct-tape/duct-tape/1.0.8/duct-tape-1.0.8.jar:/home/runner/.m2/repository/com/github/docker-java/docker-java-transport-zerodep/3.4.1/docker-java-transport-zerodep-3.4.1.jar:/home/runner/.m2/repository/com/github/docker-java/docker-java-transport/3.4.1/docker-java-transport-3.4.1.jar:/home/runner/.m2/repository/net/java/dev/jna/jna/5.8.0/jna-5.8.0.jar:/home/runner/.m2/repository/io/quarkus/quarkus-junit4-mock/3.20.2/quarkus-junit4-mock-3.20.2.jar:/home/runner/.m2/repository/org/jboss/shrinkwrap/shrinkwrap-api/2.0.0-beta-2/shrinkwrap-api-2.0.0-beta-2.jar:/home/runner/.m2/repository/org/jboss/shrinkwrap/shrinkwrap-impl-base/2.0.0-beta-2/shrinkwrap-impl-base-2.0.0-beta-2.jar:/home/runner/.m2/repository/org/jboss/shrinkwrap/shrinkwrap-spi/2.0.0-beta-2/shrinkwrap-spi-2.0.0-beta-2.jar:/home/runner/.m2/repository/org/keycloak/keycloak-admin-client/26.0.4/keycloak-admin-client-26.0.4.jar:/home/runner/.m2/repository/org/keycloak/keycloak-client-common-synced/26.0.4/keycloak-client-common-synced-26.0.4.jar:/home/runner/.m2/repository/jakarta/activation/jakarta.activation-api/2.1.3/jakarta.activation-api-2.1.3.jar:/home/runner/.m2/repository/org/eclipse/microprofile/openapi/microprofile-openapi-api/4.0.2/microprofile-openapi-api-4.0.2.jar:/home/runner/.m2/repository/org/jboss/resteasy/resteasy-client/6.2.12.Final/resteasy-client-6.2.12.Final.jar:/home/runner/.m2/repository/org/jboss/resteasy/resteasy-client-api/6.2.12.Final/resteasy-client-api-6.2.12.Final.jar:/home/runner/.m2/repository/org/jboss/resteasy/resteasy-core-spi/6.2.12.Final/resteasy-core-spi-6.2.12.Final.jar:/home/runner/.m2/repository/org/jboss/resteasy/resteasy-core/6.2.12.Final/resteasy-core-6.2.12.Final.jar:/home/runner/.m2/repository/org/eclipse/angus/angus-activation/2.0.2/angus-activation-2.0.2.jar:/home/runner/.m2/repository/com/ibm/async/asyncutil/0.1.0/asyncutil-0.1.0.jar:/home/runner/.m2/repository/org/reactivestreams/reactive-streams/1.0.4/reactive-streams-1.0.4.jar:/home/runner/.m2/repository/org/jboss/resteasy/resteasy-multipart-provider/6.2.12.Final/resteasy-multipart-provider-6.2.12.Final.jar:/home/runner/.m2/repository/jakarta/mail/jakarta.mail-api/2.1.3/jakarta.mail-api-2.1.3.jar:/home/runner/.m2/repository/org/eclipse/angus/angus-mail/2.0.3/angus-mail-2.0.3.jar:/home/runner/.m2/repository/org/apache/james/apache-mime4j-dom/0.8.12/apache-mime4j-dom-0.8.12.jar:/home/runner/.m2/repository/org/apache/james/apache-mime4j-core/0.8.12/apache-mime4j-core-0.8.12.jar:/home/runner/.m2/repository/org/apache/james/apache-mime4j-storage/0.8.12/apache-mime4j-storage-0.8.12.jar:/home/runner/.m2/repository/org/jboss/resteasy/resteasy-jackson2-provider/6.2.12.Final/resteasy-jackson2-provider-6.2.12.Final.jar:/home/runner/.m2/repository/com/fasterxml/jackson/jakarta/rs/jackson-jakarta-rs-base/2.18.2/jackson-jakarta-rs-base-2.18.2.jar:/home/runner/.m2/repository/com/fasterxml/jackson/jakarta/rs/jackson-jakarta-rs-json-provider/2.18.2/jackson-jakarta-rs-json-provider-2.18.2.jar:/home/runner/.m2/repository/com/fasterxml/jackson/module/jackson-module-jakarta-xmlbind-annotations/2.18.2/jackson-module-jakarta-xmlbind-annotations-2.18.2.jar:/home/runner/.m2/repository/com/github/java-json-tools/json-patch/1.13/json-patch-1.13.jar:/home/runner/.m2/repository/com/github/java-json-tools/msg-simple/1.2/msg-simple-1.2.jar:/home/runner/.m2/repository/com/github/java-json-tools/btf/1.3/btf-1.3.jar:/home/runner/.m2/repository/com/github/java-json-tools/jackson-coreutils/2.0/jackson-coreutils-2.0.jar:/home/runner/.m2/repository/org/jboss/resteasy/resteasy-jaxb-provider/6.2.12.Final/resteasy-jaxb-provider-6.2.12.Final.jar:/home/runner/.m2/repository/org/glassfish/jaxb/codemodel/4.0.5/codemodel-4.0.5.jar:/home/runner/.m2/repository/org/glassfish/jaxb/jaxb-core/4.0.5/jaxb-core-4.0.5.jar:/home/runner/.m2/repository/org/glassfish/jaxb/jaxb-jxc/4.0.5/jaxb-jxc-4.0.5.jar:/home/runner/.m2/repository/org/glassfish/jaxb/jaxb-runtime/4.0.5/jaxb-runtime-4.0.5.jar:/home/runner/.m2/repository/org/glassfish/jaxb/txw2/4.0.5/txw2-4.0.5.jar:/home/runner/.m2/repository/org/glassfish/jaxb/jaxb-xjc/4.0.5/jaxb-xjc-4.0.5.jar:/home/runner/.m2/repository/org/glassfish/jaxb/xsom/4.0.5/xsom-4.0.5.jar:/home/runner/.m2/repository/com/sun/istack/istack-commons-runtime/4.1.2/istack-commons-runtime-4.1.2.jar:/home/runner/.m2/repository/com/sun/istack/istack-commons-tools/4.1.2/istack-commons-tools-4.1.2.jar:/home/runner/.m2/repository/com/sun/xml/bind/external/relaxng-datatype/4.0.5/relaxng-datatype-4.0.5.jar:/home/runner/.m2/repository/com/sun/xml/bind/external/rngom/4.0.5/rngom-4.0.5.jar:/home/runner/.m2/repository/org/testcontainers/mssqlserver/1.20.6/mssqlserver-1.20.6.jar:/home/runner/.m2/repository/org/testcontainers/jdbc/1.20.6/jdbc-1.20.6.jar:/home/runner/.m2/repository/org/testcontainers/database-commons/1.20.6/database-commons-1.20.6.jar:/home/runner/.m2/repository/org/testcontainers/mysql/1.20.6/mysql-1.20.6.jar:/home/runner/.m2/repository/io/strimzi/strimzi-test-container/0.111.0/strimzi-test-container-0.111.0.jar:/home/runner/.m2/repository/org/testcontainers/toxiproxy/1.20.6/toxiproxy-1.20.6.jar:/home/runner/.m2/repository/com/github/docker-java/docker-java-api/3.4.1/docker-java-api-3.4.1.jar:/home/runner/.m2/repository/org/apache/logging/log4j/log4j-slf4j-impl/2.19.0/log4j-slf4j-impl-2.19.0.jar:/home/runner/.m2/repository/org/apache/logging/log4j/log4j-api/2.24.3/log4j-api-2.24.3.jar:/home/runner/.m2/repository/org/apache/logging/log4j/log4j-core/2.19.0/log4j-core-2.19.0.jar:/home/runner/.m2/repository/eu/rekawek/toxiproxy/toxiproxy-java/2.1.7/toxiproxy-java-2.1.7.jar:/home/runner/.m2/repository/org/testcontainers/pulsar/1.21.3/pulsar-1.21.3.jar:/home/runner/.m2/repository/io/debezium/debezium-testing-testcontainers/2.7.4.Final/debezium-testing-testcontainers-2.7.4.Final.jar:/home/runner/.m2/repository/org/testcontainers/kafka/1.20.6/kafka-1.20.6.jar:/home/runner/.m2/repository/com/squareup/okhttp3/okhttp/4.8.1/okhttp-4.8.1.jar:/home/runner/.m2/repository/com/squareup/okio/okio/3.10.2/okio-3.10.2.jar:/home/runner/.m2/repository/com/squareup/okio/okio-jvm/3.10.2/okio-jvm-3.10.2.jar:/home/runner/.m2/repository/org/jetbrains/kotlin/kotlin-stdlib/2.0.21/kotlin-stdlib-2.0.21.jar:/home/runner/.m2/repository/org/awaitility/awaitility/4.3.0/awaitility-4.3.0.jar:/home/runner/.m2/repository/org/testcontainers/mongodb/1.20.6/mongodb-1.20.6.jar:/home/runner/.m2/repository/org/testcontainers/mariadb/1.20.6/mariadb-1.20.6.jar:/home/runner/.m2/repository/org/testcontainers/oracle-xe/1.20.6/oracle-xe-1.20.6.jar:/home/runner/.m2/repository/org/testcontainers/postgresql/1.20.6/postgresql-1.20.6.jar:/home/runner/.m2/repository/org/wiremock/wiremock/3.0.1/wiremock-3.0.1.jar:/home/runner/.m2/repository/org/eclipse/jetty/jetty-server/11.0.15/jetty-server-11.0.15.jar:/home/runner/.m2/repository/org/eclipse/jetty/toolchain/jetty-jakarta-servlet-api/5.0.2/jetty-jakarta-servlet-api-5.0.2.jar:/home/runner/.m2/repository/org/eclipse/jetty/jetty-http/11.0.15/jetty-http-11.0.15.jar:/home/runner/.m2/repository/org/eclipse/jetty/jetty-io/11.0.15/jetty-io-11.0.15.jar:/home/runner/.m2/repository/org/eclipse/jetty/jetty-servlet/11.0.15/jetty-servlet-11.0.15.jar:/home/runner/.m2/repository/org/eclipse/jetty/jetty-security/11.0.15/jetty-security-11.0.15.jar:/home/runner/.m2/repository/org/eclipse/jetty/jetty-servlets/11.0.15/jetty-servlets-11.0.15.jar:/home/runner/.m2/repository/org/eclipse/jetty/jetty-util/11.0.15/jetty-util-11.0.15.jar:/home/runner/.m2/repository/org/eclipse/jetty/jetty-webapp/11.0.15/jetty-webapp-11.0.15.jar:/home/runner/.m2/repository/org/eclipse/jetty/jetty-xml/11.0.15/jetty-xml-11.0.15.jar:/home/runner/.m2/repository/org/eclipse/jetty/jetty-proxy/11.0.15/jetty-proxy-11.0.15.jar:/home/runner/.m2/repository/org/eclipse/jetty/jetty-client/11.0.15/jetty-client-11.0.15.jar:/home/runner/.m2/repository/org/eclipse/jetty/http2/http2-server/11.0.15/http2-server-11.0.15.jar:/home/runner/.m2/repository/org/eclipse/jetty/http2/http2-common/11.0.15/http2-common-11.0.15.jar:/home/runner/.m2/repository/org/eclipse/jetty/http2/http2-hpack/11.0.15/http2-hpack-11.0.15.jar:/home/runner/.m2/repository/org/eclipse/jetty/jetty-alpn-server/11.0.15/jetty-alpn-server-11.0.15.jar:/home/runner/.m2/repository/org/eclipse/jetty/jetty-alpn-java-server/11.0.15/jetty-alpn-java-server-11.0.15.jar:/home/runner/.m2/repository/org/eclipse/jetty/jetty-alpn-java-client/11.0.15/jetty-alpn-java-client-11.0.15.jar:/home/runner/.m2/repository/org/eclipse/jetty/jetty-alpn-client/11.0.15/jetty-alpn-client-11.0.15.jar:/home/runner/.m2/repository/org/apache/httpcomponents/client5/httpclient5/5.2.1/httpclient5-5.2.1.jar:/home/runner/.m2/repository/org/apache/httpcomponents/core5/httpcore5/5.2/httpcore5-5.2.jar:/home/runner/.m2/repository/org/apache/httpcomponents/core5/httpcore5-h2/5.2/httpcore5-h2-5.2.jar:/home/runner/.m2/repository/org/xmlunit/xmlunit-core/2.9.1/xmlunit-core-2.9.1.jar:/home/runner/.m2/repository/jakarta/xml/bind/jakarta.xml.bind-api/4.0.2/jakarta.xml.bind-api-4.0.2.jar:/home/runner/.m2/repository/org/xmlunit/xmlunit-legacy/2.9.1/xmlunit-legacy-2.9.1.jar:/home/runner/.m2/repository/org/xmlunit/xmlunit-placeholders/2.9.1/xmlunit-placeholders-2.9.1.jar:/home/runner/.m2/repository/net/javacrumbs/json-unit/json-unit-core/2.38.0/json-unit-core-2.38.0.jar:/home/runner/.m2/repository/org/hamcrest/hamcrest-core/2.2/hamcrest-core-2.2.jar:/home/runner/.m2/repository/com/jayway/jsonpath/json-path/2.8.0/json-path-2.8.0.jar:/home/runner/.m2/repository/net/minidev/json-smart/2.4.10/json-smart-2.4.10.jar:/home/runner/.m2/repository/net/minidev/accessors-smart/2.4.9/accessors-smart-2.4.9.jar:/home/runner/.m2/repository/org/ow2/asm/asm/9.7.1/asm-9.7.1.jar:/home/runner/.m2/repository/net/sf/jopt-simple/jopt-simple/5.0.4/jopt-simple-5.0.4.jar:/home/runner/.m2/repository/com/github/jknack/handlebars/4.3.1/handlebars-4.3.1.jar:/home/runner/.m2/repository/com/github/jknack/handlebars-helpers/4.3.1/handlebars-helpers-4.3.1.jar:/home/runner/.m2/repository/commons-fileupload/commons-fileupload/1.5/commons-fileupload-1.5.jar:/home/runner/.m2/repository/com/networknt/json-schema-validator/1.5.8/json-schema-validator-1.5.8.jar:/home/runner/.m2/repository/com/ethlo/time/itu/1.10.3/itu-1.10.3.jar:/home/runner/.m2/repository/io/quarkus/quarkus-smallrye-jwt-build/3.20.2/quarkus-smallrye-jwt-build-3.20.2.jar:/home/runner/.m2/repository/io/smallrye/smallrye-jwt-build/4.6.2/smallrye-jwt-build-4.6.2.jar:/home/runner/.m2/repository/org/eclipse/microprofile/jwt/microprofile-jwt-auth-api/2.1/microprofile-jwt-auth-api-2.1.jar:/home/runner/.m2/repository/org/bitbucket/b_c/jose4j/0.9.6/jose4j-0.9.6.jar:/home/runner/.m2/repository/io/smallrye/smallrye-jwt-common/4.6.2/smallrye-jwt-common-4.6.2.jar:/home/runner/.m2/repository/io/quarkus/quarkus-jsonp/3.20.2/quarkus-jsonp-3.20.2.jar:/home/runner/.m2/repository/io/quarkus/quarkus-arc/3.20.2/quarkus-arc-3.20.2.jar:/home/runner/.m2/repository/io/quarkus/arc/arc/3.20.2/arc-3.20.2.jar:/home/runner/.m2/repository/jakarta/transaction/jakarta.transaction-api/2.0.1/jakarta.transaction-api-2.0.1.jar:/home/runner/.m2/repository/io/smallrye/reactive/mutiny/2.9.2/mutiny-2.9.2.jar:/home/runner/.m2/repository/org/jctools/jctools-core/4.0.5/jctools-core-4.0.5.jar:/home/runner/.m2/repository/org/eclipse/microprofile/context-propagation/microprofile-context-propagation-api/1.3/microprofile-context-propagation-api-1.3.jar:/home/runner/.m2/repository/io/apicurio/apicurio-common-rest-client-common/0.1.18.Final/apicurio-common-rest-client-common-0.1.18.Final.jar:/home/runner/work/apicurio-testing/apicurio-testing/clusters/ci419/namespaces/ksql047/tests/integration/apicurio-registry/utils/maven-plugin/target/apicurio-registry-maven-plugin-3.0.13-SNAPSHOT.jar:/home/runner/.m2/repository/com/fasterxml/jackson/core/jackson-databind/2.18.2/jackson-databind-2.18.2.jar:/home/runner/.m2/repository/org/apache/avro/avro/1.12.0/avro-1.12.0.jar:/home/runner/.m2/repository/com/google/protobuf/protobuf-java/4.32.0/protobuf-java-4.32.0.jar:/home/runner/.m2/repository/com/google/protobuf/protobuf-java-util/4.32.0/protobuf-java-util-4.32.0.jar:/home/runner/.m2/repository/com/google/code/findbugs/jsr305/3.0.2/jsr305-3.0.2.jar:/home/runner/.m2/repository/com/google/code/gson/gson/2.12.1/gson-2.12.1.jar:/home/runner/.m2/repository/com/google/errorprone/error_prone_annotations/2.36.0/error_prone_annotations-2.36.0.jar:/home/runner/.m2/repository/com/google/j2objc/j2objc-annotations/2.8/j2objc-annotations-2.8.jar:/home/runner/work/apicurio-testing/apicurio-testing/clusters/ci419/namespaces/ksql047/tests/integration/apicurio-registry/schema-util/util-provider/target/apicurio-registry-schema-util-provider-3.0.13-SNAPSHOT.jar:/home/runner/work/apicurio-testing/apicurio-testing/clusters/ci419/namespaces/ksql047/tests/integration/apicurio-registry/schema-util/common/target/apicurio-registry-schema-util-common-3.0.13-SNAPSHOT.jar:/home/runner/.m2/repository/com/fasterxml/jackson/module/jackson-module-parameter-names/2.18.2/jackson-module-parameter-names-2.18.2.jar:/home/runner/.m2/repository/com/fasterxml/jackson/datatype/jackson-datatype-json-org/2.18.2/jackson-datatype-json-org-2.18.2.jar:/home/runner/work/apicurio-testing/apicurio-testing/clusters/ci419/namespaces/ksql047/tests/integration/apicurio-registry/schema-util/json/target/apicurio-registry-schema-util-json-3.0.13-SNAPSHOT.jar:/home/runner/.m2/repository/com/github/erosb/everit-json-schema/1.14.5/everit-json-schema-1.14.5.jar:/home/runner/.m2/repository/commons-validator/commons-validator/1.9.0/commons-validator-1.9.0.jar:/home/runner/.m2/repository/commons-digester/commons-digester/2.1/commons-digester-2.1.jar:/home/runner/.m2/repository/commons-collections/commons-collections/3.2.2/commons-collections-3.2.2.jar:/home/runner/.m2/repository/com/damnhandy/handy-uri-templates/2.1.8/handy-uri-templates-2.1.8.jar:/home/runner/.m2/repository/joda-time/joda-time/2.10.2/joda-time-2.10.2.jar:/home/runner/.m2/repository/com/github/erosb/json-sKema/0.20.0/json-sKema-0.20.0.jar:/home/runner/.m2/repository/io/vertx/vertx-json-schema/4.5.16/vertx-json-schema-4.5.16.jar:/home/runner/work/apicurio-testing/apicurio-testing/clusters/ci419/namespaces/ksql047/tests/integration/apicurio-registry/schema-util/protobuf/target/apicurio-registry-schema-util-protobuf-3.0.13-SNAPSHOT.jar:/home/runner/work/apicurio-testing/apicurio-testing/clusters/ci419/namespaces/ksql047/tests/integration/apicurio-registry/utils/protobuf-schema-utilities/target/apicurio-registry-protobuf-schema-utilities-3.0.13-SNAPSHOT.jar:/home/runner/.m2/repository/com/google/api/grpc/proto-google-common-protos/2.52.0/proto-google-common-protos-2.52.0.jar:/home/runner/.m2/repository/com/squareup/wire/wire-schema-jvm/5.3.3/wire-schema-jvm-5.3.3.jar:/home/runner/.m2/repository/com/palantir/javapoet/javapoet/0.6.0/javapoet-0.6.0.jar:/home/runner/.m2/repository/com/squareup/kotlinpoet-jvm/2.0.0/kotlinpoet-jvm-2.0.0.jar:/home/runner/.m2/repository/org/jetbrains/kotlin/kotlin-reflect/2.0.21/kotlin-reflect-2.0.21.jar:/home/runner/.m2/repository/com/squareup/wire/wire-runtime-jvm/5.3.3/wire-runtime-jvm-5.3.3.jar:/home/runner/.m2/repository/com/ibm/icu/icu4j/76.1/icu4j-76.1.jar:/home/runner/.m2/repository/com/squareup/okio/okio-fakefilesystem/3.10.2/okio-fakefilesystem-3.10.2.jar:/home/runner/.m2/repository/com/squareup/okio/okio-fakefilesystem-jvm/3.10.2/okio-fakefilesystem-jvm-3.10.2.jar:/home/runner/.m2/repository/org/jetbrains/kotlinx/kotlinx-datetime-jvm/0.6.1/kotlinx-datetime-jvm-0.6.1.jar:/home/runner/work/apicurio-testing/apicurio-testing/clusters/ci419/namespaces/ksql047/tests/integration/apicurio-registry/schema-util/asyncapi/target/apicurio-registry-schema-util-asyncapi-3.0.13-SNAPSHOT.jar:/home/runner/work/apicurio-testing/apicurio-testing/clusters/ci419/namespaces/ksql047/tests/integration/apicurio-registry/schema-util/avro/target/apicurio-registry-schema-util-avro-3.0.13-SNAPSHOT.jar:/home/runner/work/apicurio-testing/apicurio-testing/clusters/ci419/namespaces/ksql047/tests/integration/apicurio-registry/schema-util/graphql/target/apicurio-registry-schema-util-graphql-3.0.13-SNAPSHOT.jar:/home/runner/.m2/repository/com/graphql-java/graphql-java/22.4/graphql-java-22.4.jar:/home/runner/.m2/repository/com/graphql-java/java-dataloader/3.3.0/java-dataloader-3.3.0.jar:/home/runner/work/apicurio-testing/apicurio-testing/clusters/ci419/namespaces/ksql047/tests/integration/apicurio-registry/schema-util/kconnect/target/apicurio-registry-schema-util-kconnect-3.0.13-SNAPSHOT.jar:/home/runner/work/apicurio-testing/apicurio-testing/clusters/ci419/namespaces/ksql047/tests/integration/apicurio-registry/schema-util/openapi/target/apicurio-registry-schema-util-openapi-3.0.13-SNAPSHOT.jar:/home/runner/.m2/repository/io/apicurio/apicurio-data-models/2.2.2/apicurio-data-models-2.2.2.jar:/home/runner/.m2/repository/org/openapitools/openapidiff/openapi-diff-core/2.1.2/openapi-diff-core-2.1.2.jar:/home/runner/.m2/repository/io/swagger/parser/v3/swagger-parser/2.1.28/swagger-parser-2.1.28.jar:/home/runner/.m2/repository/io/swagger/parser/v3/swagger-parser-v2-converter/2.1.28/swagger-parser-v2-converter-2.1.28.jar:/home/runner/.m2/repository/io/swagger/swagger-core/1.6.16/swagger-core-1.6.16.jar:/home/runner/.m2/repository/io/swagger/swagger-models/1.6.16/swagger-models-1.6.16.jar:/home/runner/.m2/repository/io/swagger/swagger-annotations/1.6.16/swagger-annotations-1.6.16.jar:/home/runner/.m2/repository/io/swagger/swagger-parser/1.0.75/swagger-parser-1.0.75.jar:/home/runner/.m2/repository/io/swagger/swagger-parser-safe-url-resolver/1.0.75/swagger-parser-safe-url-resolver-1.0.75.jar:/home/runner/.m2/repository/io/swagger/swagger-compat-spec-parser/1.0.75/swagger-compat-spec-parser-1.0.75.jar:/home/runner/.m2/repository/com/github/java-json-tools/json-schema-validator/2.2.14/json-schema-validator-2.2.14.jar:/home/runner/.m2/repository/com/github/java-json-tools/jackson-coreutils-equivalence/1.0/jackson-coreutils-equivalence-1.0.jar:/home/runner/.m2/repository/com/github/java-json-tools/json-schema-core/1.2.14/json-schema-core-1.2.14.jar:/home/runner/.m2/repository/com/github/java-json-tools/uri-template/0.10/uri-template-0.10.jar:/home/runner/.m2/repository/com/googlecode/libphonenumber/libphonenumber/8.11.1/libphonenumber-8.11.1.jar:/home/runner/.m2/repository/com/j2html/j2html/1.6.0/j2html-1.6.0.jar:/home/runner/.m2/repository/org/apache/commons/commons-collections4/4.5.0/commons-collections4-4.5.0.jar:/home/runner/.m2/repository/org/slf4j/jcl-over-slf4j/2.0.17/jcl-over-slf4j-2.0.17.jar:/home/runner/.m2/repository/io/swagger/parser/v3/swagger-parser-v3/2.1.31/swagger-parser-v3-2.1.31.jar:/home/runner/.m2/repository/io/swagger/core/v3/swagger-models/2.2.34/swagger-models-2.2.34.jar:/home/runner/.m2/repository/io/swagger/core/v3/swagger-core/2.2.34/swagger-core-2.2.34.jar:/home/runner/.m2/repository/io/swagger/parser/v3/swagger-parser-core/2.1.31/swagger-parser-core-2.1.31.jar:/home/runner/.m2/repository/io/swagger/parser/v3/swagger-parser-safe-url-resolver/2.1.31/swagger-parser-safe-url-resolver-2.1.31.jar:/home/runner/work/apicurio-testing/apicurio-testing/clusters/ci419/namespaces/ksql047/tests/integration/apicurio-registry/schema-util/wsdl/target/apicurio-registry-schema-util-wsdl-3.0.13-SNAPSHOT.jar:/home/runner/.m2/repository/wsdl4j/wsdl4j/1.6.3/wsdl4j-1.6.3.jar:/home/runner/work/apicurio-testing/apicurio-testing/clusters/ci419/namespaces/ksql047/tests/integration/apicurio-registry/schema-util/xml/target/apicurio-registry-schema-util-xml-3.0.13-SNAPSHOT.jar:/home/runner/.m2/repository/org/apache/santuario/xmlsec/4.0.4/xmlsec-4.0.4.jar:/home/runner/.m2/repository/com/fasterxml/woodstox/woodstox-core/7.1.1/woodstox-core-7.1.1.jar:/home/runner/.m2/repository/org/codehaus/woodstox/stax2-api/4.2.2/stax2-api-4.2.2.jar:/home/runner/work/apicurio-testing/apicurio-testing/clusters/ci419/namespaces/ksql047/tests/integration/apicurio-registry/schema-util/xsd/target/apicurio-registry-schema-util-xsd-3.0.13-SNAPSHOT.jar:/home/runner/work/apicurio-testing/apicurio-testing/clusters/ci419/namespaces/ksql047/tests/integration/apicurio-registry/serdes/kafka/jsonschema-serde/target/apicurio-registry-jsonschema-serde-kafka-3.0.13-SNAPSHOT.jar:/home/runner/work/apicurio-testing/apicurio-testing/clusters/ci419/namespaces/ksql047/tests/integration/apicurio-registry/serdes/kafka/serde-kafka-common/target/apicurio-registry-serde-kafka-common-3.0.13-SNAPSHOT.jar:/home/runner/work/apicurio-testing/apicurio-testing/clusters/ci419/namespaces/ksql047/tests/integration/apicurio-registry/serdes/generic/serde-common/target/apicurio-registry-serde-common-3.0.13-SNAPSHOT.jar:/home/runner/work/apicurio-testing/apicurio-testing/clusters/ci419/namespaces/ksql047/tests/integration/apicurio-registry/serdes/generic/serde-common-jsonschema/target/apicurio-registry-serde-common-jsonschema-3.0.13-SNAPSHOT.jar:/home/runner/.m2/repository/org/json/json/20250107/json-20250107.jar:/home/runner/work/apicurio-testing/apicurio-testing/clusters/ci419/namespaces/ksql047/tests/integration/apicurio-registry/serdes/kafka/avro-serde/target/apicurio-registry-avro-serde-kafka-3.0.13-SNAPSHOT.jar:/home/runner/work/apicurio-testing/apicurio-testing/clusters/ci419/namespaces/ksql047/tests/integration/apicurio-registry/serdes/generic/serde-common-avro/target/apicurio-registry-serde-common-avro-3.0.13-SNAPSHOT.jar:/home/runner/work/apicurio-testing/apicurio-testing/clusters/ci419/namespaces/ksql047/tests/integration/apicurio-registry/serdes/kafka/protobuf-serde/target/apicurio-registry-protobuf-serde-kafka-3.0.13-SNAPSHOT.jar:/home/runner/work/apicurio-testing/apicurio-testing/clusters/ci419/namespaces/ksql047/tests/integration/apicurio-registry/serdes/generic/serde-common-protobuf/target/apicurio-registry-serde-common-protobuf-3.0.13-SNAPSHOT.jar:/home/runner/.m2/repository/com/squareup/wire/wire-schema/5.3.3/wire-schema-5.3.3.jar:/home/runner/.m2/repository/com/squareup/wire/wire-runtime/5.3.3/wire-runtime-5.3.3.jar:/home/runner/work/apicurio-testing/apicurio-testing/clusters/ci419/namespaces/ksql047/tests/integration/apicurio-registry/serdes/pulsar/avro-serde/target/apicurio-registry-avro-serde-pulsar-3.0.13-SNAPSHOT.jar:/home/runner/.m2/repository/org/apache/pulsar/pulsar-functions-api/3.3.8/pulsar-functions-api-3.3.8.jar:/home/runner/work/apicurio-testing/apicurio-testing/clusters/ci419/namespaces/ksql047/tests/integration/apicurio-registry/serdes/nats/avro-serde/target/apicurio-registry-avro-serde-nats-3.0.13-SNAPSHOT.jar:/home/runner/.m2/repository/io/nats/jnats/2.21.4/jnats-2.21.4.jar:/home/runner/.m2/repository/org/bouncycastle/bcprov-lts8on/2.73.7/bcprov-lts8on-2.73.7.jar:/home/runner/.m2/repository/org/jetbrains/annotations/26.0.2/annotations-26.0.2.jar:/home/runner/work/apicurio-testing/apicurio-testing/clusters/ci419/namespaces/ksql047/tests/integration/apicurio-registry/utils/converter/target/apicurio-registry-utils-converter-3.0.13-SNAPSHOT.jar:/home/runner/work/apicurio-testing/apicurio-testing/clusters/ci419/namespaces/ksql047/tests/integration/apicurio-registry/schema-resolver/target/apicurio-registry-schema-resolver-3.0.13-SNAPSHOT.jar:/home/runner/.m2/repository/org/apache/kafka/connect-api/3.9.1/connect-api-3.9.1.jar:/home/runner/.m2/repository/javax/ws/rs/javax.ws.rs-api/2.1.1/javax.ws.rs-api-2.1.1.jar:/home/runner/.m2/repository/org/apache/kafka/connect-json/3.9.1/connect-json-3.9.1.jar:/home/runner/.m2/repository/com/fasterxml/jackson/datatype/jackson-datatype-jdk8/2.18.2/jackson-datatype-jdk8-2.18.2.jar:/home/runner/.m2/repository/com/fasterxml/jackson/module/jackson-module-afterburner/2.18.2/jackson-module-afterburner-2.18.2.jar:/home/runner/work/apicurio-testing/apicurio-testing/clusters/ci419/namespaces/ksql047/tests/integration/apicurio-registry/utils/kafka/target/apicurio-registry-utils-kafka-3.0.13-SNAPSHOT.jar:/home/runner/.m2/repository/org/apache/pulsar/pulsar-client/3.3.8/pulsar-client-3.3.8.jar:/home/runner/.m2/repository/org/apache/pulsar/pulsar-client-api/3.3.8/pulsar-client-api-3.3.8.jar:/home/runner/.m2/repository/org/apache/pulsar/pulsar-client-admin-api/3.3.8/pulsar-client-admin-api-3.3.8.jar:/home/runner/.m2/repository/org/apache/pulsar/bouncy-castle-bc/3.3.8/bouncy-castle-bc-3.3.8-pkg.jar:/home/runner/.m2/repository/org/bouncycastle/bcpkix-jdk18on/1.81/bcpkix-jdk18on-1.81.jar:/home/runner/.m2/repository/org/bouncycastle/bcutil-jdk18on/1.81/bcutil-jdk18on-1.81.jar:/home/runner/.m2/repository/org/bouncycastle/bcprov-jdk18on/1.81/bcprov-jdk18on-1.81.jar:/home/runner/.m2/repository/io/opentelemetry/opentelemetry-api/1.44.1/opentelemetry-api-1.44.1.jar:/home/runner/.m2/repository/io/opentelemetry/opentelemetry-context/1.44.1/opentelemetry-context-1.44.1.jar:/home/runner/.m2/repository/io/opentelemetry/opentelemetry-api-incubator/1.44.1-alpha/opentelemetry-api-incubator-1.44.1-alpha.jar:/home/runner/.m2/repository/com/fasterxml/jackson/core/jackson-annotations/2.18.2/jackson-annotations-2.18.2.jar:/home/runner/.m2/repository/javax/validation/validation-api/1.1.0.Final/validation-api-1.1.0.Final.jar:/home/runner/.m2/repository/org/jspecify/jspecify/1.0.0/jspecify-1.0.0.jar:/home/runner/.m2/repository/org/apache/commons/commons-configuration2/2.12.0/commons-configuration2-2.12.0.jar:/home/runner/.m2/repository/commons-logging/commons-logging/1.3.5/commons-logging-1.3.5.jar:/home/runner/.m2/repository/org/apache/commons/commons-text/1.13.0/commons-text-1.13.0.jar:/home/runner/.m2/repository/io/confluent/kafka-avro-serializer/8.0.0/kafka-avro-serializer-8.0.0.jar:/home/runner/.m2/repository/org/apache/commons/commons-compress/1.27.1/commons-compress-1.27.1.jar:/home/runner/.m2/repository/io/confluent/kafka-schema-serializer/8.0.0/kafka-schema-serializer-8.0.0.jar:/home/runner/.m2/repository/com/fasterxml/jackson/dataformat/jackson-dataformat-csv/2.18.2/jackson-dataformat-csv-2.18.2.jar:/home/runner/.m2/repository/io/confluent/kafka-schema-registry-client/8.0.0/kafka-schema-registry-client-8.0.0.jar:/home/runner/.m2/repository/org/yaml/snakeyaml/2.3/snakeyaml-2.3.jar:/home/runner/.m2/repository/io/swagger/core/v3/swagger-annotations/2.2.29/swagger-annotations-2.2.29.jar:/home/runner/.m2/repository/com/google/guava/guava/33.4.0-jre/guava-33.4.0-jre.jar:/home/runner/.m2/repository/com/google/guava/failureaccess/1.0.1/failureaccess-1.0.1.jar:/home/runner/.m2/repository/org/checkerframework/checker-qual/3.49.0/checker-qual-3.49.0.jar:/home/runner/.m2/repository/io/confluent/logredactor/1.0.13/logredactor-1.0.13.jar:/home/runner/.m2/repository/com/google/re2j/re2j/1.6/re2j-1.6.jar:/home/runner/.m2/repository/io/confluent/logredactor-metrics/1.0.13/logredactor-metrics-1.0.13.jar:/home/runner/.m2/repository/com/eclipsesource/minimal-json/minimal-json/0.9.5/minimal-json-0.9.5.jar:/home/runner/.m2/repository/io/confluent/common-utils/8.0.0/common-utils-8.0.0.jar:/home/runner/.m2/repository/io/confluent/kafka-connect-avro-converter/8.0.0/kafka-connect-avro-converter-8.0.0.jar:/home/runner/.m2/repository/io/confluent/kafka-connect-avro-data/8.0.0/kafka-connect-avro-data-8.0.0.jar:/home/runner/.m2/repository/io/confluent/kafka-schema-converter/8.0.0/kafka-schema-converter-8.0.0.jar:/home/runner/.m2/repository/io/rest-assured/rest-assured/5.5.1/rest-assured-5.5.1.jar:/home/runner/.m2/repository/org/apache/groovy/groovy/4.0.22/groovy-4.0.22.jar:/home/runner/.m2/repository/org/apache/groovy/groovy-xml/4.0.22/groovy-xml-4.0.22.jar:/home/runner/.m2/repository/org/apache/httpcomponents/httpclient/4.5.14/httpclient-4.5.14.jar:/home/runner/.m2/repository/org/apache/httpcomponents/httpcore/4.4.16/httpcore-4.4.16.jar:/home/runner/.m2/repository/org/apache/httpcomponents/httpmime/4.5.14/httpmime-4.5.14.jar:/home/runner/.m2/repository/org/hamcrest/hamcrest/2.2/hamcrest-2.2.jar:/home/runner/.m2/repository/org/ccil/cowan/tagsoup/tagsoup/1.2.1/tagsoup-1.2.1.jar:/home/runner/.m2/repository/io/rest-assured/json-path/5.5.1/json-path-5.5.1.jar:/home/runner/.m2/repository/org/apache/groovy/groovy-json/4.0.22/groovy-json-4.0.22.jar:/home/runner/.m2/repository/io/rest-assured/rest-assured-common/5.5.1/rest-assured-common-5.5.1.jar:/home/runner/.m2/repository/io/rest-assured/xml-path/5.5.1/xml-path-5.5.1.jar:/home/runner/.m2/repository/io/zonky/test/embedded-postgres/2.1.0/embedded-postgres-2.1.0.jar:/home/runner/.m2/repository/io/zonky/test/postgres/embedded-postgres-binaries-windows-amd64/14.15.0/embedded-postgres-binaries-windows-amd64-14.15.0.jar:/home/runner/.m2/repository/io/zonky/test/postgres/embedded-postgres-binaries-darwin-amd64/14.15.0/embedded-postgres-binaries-darwin-amd64-14.15.0.jar:/home/runner/.m2/repository/io/zonky/test/postgres/embedded-postgres-binaries-linux-amd64/14.15.0/embedded-postgres-binaries-linux-amd64-14.15.0.jar:/home/runner/.m2/repository/io/zonky/test/postgres/embedded-postgres-binaries-linux-amd64-alpine/14.15.0/embedded-postgres-binaries-linux-amd64-alpine-14.15.0.jar:/home/runner/.m2/repository/org/apache/commons/commons-lang3/3.17.0/commons-lang3-3.17.0.jar:/home/runner/.m2/repository/org/tukaani/xz/1.10/xz-1.10.jar:/home/runner/.m2/repository/commons-codec/commons-codec/1.19.0/commons-codec-1.19.0.jar:/home/runner/.m2/repository/org/postgresql/postgresql/42.7.7/postgresql-42.7.7.jar:/home/runner/.m2/repository/commons-io/commons-io/2.18.0/commons-io-2.18.0.jar:/home/runner/work/apicurio-testing/apicurio-testing/clusters/ci419/namespaces/ksql047/tests/integration/apicurio-registry/utils/importexport/target/apicurio-registry-utils-import-export-3.0.13-SNAPSHOT.jar:/home/runner/.m2/repository/io/vertx/vertx-core/4.5.16/vertx-core-4.5.16.jar:/home/runner/.m2/repository/io/netty/netty-common/4.1.121.Final/netty-common-4.1.121.Final.jar:/home/runner/.m2/repository/io/netty/netty-buffer/4.1.121.Final/netty-buffer-4.1.121.Final.jar:/home/runner/.m2/repository/io/netty/netty-transport/4.1.121.Final/netty-transport-4.1.121.Final.jar:/home/runner/.m2/repository/io/netty/netty-handler/4.1.121.Final/netty-handler-4.1.121.Final.jar:/home/runner/.m2/repository/io/netty/netty-transport-native-unix-common/4.1.121.Final/netty-transport-native-unix-common-4.1.121.Final.jar:/home/runner/.m2/repository/io/netty/netty-codec/4.1.121.Final/netty-codec-4.1.121.Final.jar:/home/runner/.m2/repository/io/netty/netty-handler-proxy/4.1.121.Final/netty-handler-proxy-4.1.121.Final.jar:/home/runner/.m2/repository/io/netty/netty-codec-socks/4.1.121.Final/netty-codec-socks-4.1.121.Final.jar:/home/runner/.m2/repository/io/netty/netty-codec-http/4.1.121.Final/netty-codec-http-4.1.121.Final.jar:/home/runner/.m2/repository/io/netty/netty-codec-http2/4.1.121.Final/netty-codec-http2-4.1.121.Final.jar:/home/runner/.m2/repository/io/netty/netty-resolver/4.1.121.Final/netty-resolver-4.1.121.Final.jar:/home/runner/.m2/repository/io/netty/netty-resolver-dns/4.1.121.Final/netty-resolver-dns-4.1.121.Final.jar:/home/runner/.m2/repository/io/netty/netty-codec-dns/4.1.121.Final/netty-codec-dns-4.1.121.Final.jar:/home/runner/.m2/repository/com/fasterxml/jackson/core/jackson-core/2.18.2/jackson-core-2.18.2.jar:"/>
    <property name="java.vm.vendor" value="Eclipse Adoptium"/>
    <property name="maven.javadoc.skip" value="true"/>
    <property name="sun.arch.data.model" value="64"/>
    <property name="java.vendor.url" value="https://adoptium.net/"/>
    <property name="user.timezone" value="Etc/UTC"/>
    <property name="os.name" value="Linux"/>
    <property name="java.vm.specification.version" value="17"/>
    <property name="sun.java.launcher" value="SUN_STANDARD"/>
    <property name="quarkus.http.test-port" value="80"/>
    <property name="sun.boot.library.path" value="/usr/lib/jvm/temurin-17-jdk-amd64/lib"/>
    <property name="sun.java.command" value="/home/runner/work/apicurio-testing/apicurio-testing/clusters/ci419/namespaces/ksql047/tests/integration/apicurio-registry/integration-tests/target/surefire/surefirebooter-20250820124150619_3.jar /home/runner/work/apicurio-testing/apicurio-testing/clusters/ci419/namespaces/ksql047/tests/integration/apicurio-registry/integration-tests/target/surefire 2025-08-20T12-41-50_566-jvmRun1 surefire-20250820124150619_1tmp surefire_0-20250820124150619_2tmp"/>
    <property name="maven.home" value="/home/runner/.m2/wrapper/dists/apache-maven-3.9.8-bin/4fnp1ql35bgk2a0p7m31ovbgb0/apache-maven-3.9.8"/>
    <property name="jdk.debug" value="release"/>
    <property name="surefire.test.class.path" value="/home/runner/work/apicurio-testing/apicurio-testing/clusters/ci419/namespaces/ksql047/tests/integration/apicurio-registry/integration-tests/target/test-classes:/home/runner/work/apicurio-testing/apicurio-testing/clusters/ci419/namespaces/ksql047/tests/integration/apicurio-registry/integration-tests/target/apicurio-registry-integration-tests-3.0.13-SNAPSHOT.jar:/home/runner/.m2/repository/io/quarkus/quarkus-junit5/3.20.2/quarkus-junit5-3.20.2.jar:/home/runner/.m2/repository/io/quarkus/quarkus-bootstrap-core/3.20.2/quarkus-bootstrap-core-3.20.2.jar:/home/runner/.m2/repository/io/quarkus/quarkus-classloader-commons/3.20.2/quarkus-classloader-commons-3.20.2.jar:/home/runner/.m2/repository/io/quarkus/quarkus-bootstrap-app-model/3.20.2/quarkus-bootstrap-app-model-3.20.2.jar:/home/runner/.m2/repository/io/smallrye/common/smallrye-common-io/2.12.0/smallrye-common-io-2.12.0.jar:/home/runner/.m2/repository/org/eclipse/sisu/org.eclipse.sisu.inject/0.9.0.M3/org.eclipse.sisu.inject-0.9.0.M3.jar:/home/runner/.m2/repository/io/quarkus/quarkus-test-common/3.20.2/quarkus-test-common-3.20.2.jar:/home/runner/.m2/repository/io/quarkus/quarkus-core-deployment/3.20.2/quarkus-core-deployment-3.20.2.jar:/home/runner/.m2/repository/org/aesh/readline/2.6/readline-2.6.jar:/home/runner/.m2/repository/org/fusesource/jansi/jansi/2.4.0/jansi-2.4.0.jar:/home/runner/.m2/repository/org/aesh/aesh/2.8.2/aesh-2.8.2.jar:/home/runner/.m2/repository/io/quarkus/gizmo/gizmo/1.8.0/gizmo-1.8.0.jar:/home/runner/.m2/repository/org/ow2/asm/asm-util/9.7.1/asm-util-9.7.1.jar:/home/runner/.m2/repository/org/ow2/asm/asm-analysis/9.7.1/asm-analysis-9.7.1.jar:/home/runner/.m2/repository/org/ow2/asm/asm-commons/9.7.1/asm-commons-9.7.1.jar:/home/runner/.m2/repository/org/ow2/asm/asm-tree/9.7.1/asm-tree-9.7.1.jar:/home/runner/.m2/repository/io/quarkus/quarkus-hibernate-validator-spi/3.20.2/quarkus-hibernate-validator-spi-3.20.2.jar:/home/runner/.m2/repository/io/quarkus/quarkus-class-change-agent/3.20.2/quarkus-class-change-agent-3.20.2.jar:/home/runner/.m2/repository/io/quarkus/quarkus-devtools-utilities/3.20.2/quarkus-devtools-utilities-3.20.2.jar:/home/runner/.m2/repository/io/quarkus/quarkus-builder/3.20.2/quarkus-builder-3.20.2.jar:/home/runner/.m2/repository/org/graalvm/sdk/nativeimage/23.1.2/nativeimage-23.1.2.jar:/home/runner/.m2/repository/org/graalvm/sdk/word/23.1.2/word-23.1.2.jar:/home/runner/.m2/repository/io/quarkus/quarkus-bootstrap-maven-resolver/3.20.2/quarkus-bootstrap-maven-resolver-3.20.2.jar:/home/runner/.m2/repository/io/smallrye/beanbag/smallrye-beanbag-maven/1.5.2/smallrye-beanbag-maven-1.5.2.jar:/home/runner/.m2/repository/io/smallrye/beanbag/smallrye-beanbag-sisu/1.5.2/smallrye-beanbag-sisu-1.5.2.jar:/home/runner/.m2/repository/io/smallrye/beanbag/smallrye-beanbag/1.5.2/smallrye-beanbag-1.5.2.jar:/home/runner/.m2/repository/javax/inject/javax.inject/1/javax.inject-1.jar:/home/runner/.m2/repository/org/apache/maven/maven-artifact/3.9.9/maven-artifact-3.9.9.jar:/home/runner/.m2/repository/org/apache/maven/maven-builder-support/3.9.9/maven-builder-support-3.9.9.jar:/home/runner/.m2/repository/org/apache/maven/maven-model/3.9.9/maven-model-3.9.9.jar:/home/runner/.m2/repository/org/apache/maven/maven-model-builder/3.9.9/maven-model-builder-3.9.9.jar:/home/runner/.m2/repository/org/apache/maven/maven-repository-metadata/3.9.9/maven-repository-metadata-3.9.9.jar:/home/runner/.m2/repository/org/apache/maven/maven-settings/3.9.9/maven-settings-3.9.9.jar:/home/runner/.m2/repository/org/apache/maven/resolver/maven-resolver-api/1.9.22/maven-resolver-api-1.9.22.jar:/home/runner/.m2/repository/org/apache/maven/resolver/maven-resolver-impl/1.9.22/maven-resolver-impl-1.9.22.jar:/home/runner/.m2/repository/org/apache/maven/resolver/maven-resolver-named-locks/1.9.22/maven-resolver-named-locks-1.9.22.jar:/home/runner/.m2/repository/org/apache/maven/resolver/maven-resolver-spi/1.9.22/maven-resolver-spi-1.9.22.jar:/home/runner/.m2/repository/org/apache/maven/resolver/maven-resolver-util/1.9.22/maven-resolver-util-1.9.22.jar:/home/runner/.m2/repository/org/apache/maven/resolver/maven-resolver-transport-http/1.9.20/maven-resolver-transport-http-1.9.20.jar:/home/runner/.m2/repository/org/apache/maven/wagon/wagon-provider-api/3.5.3/wagon-provider-api-3.5.3.jar:/home/runner/.m2/repository/org/apache/maven/wagon/wagon-http-shared/3.5.3/wagon-http-shared-3.5.3.jar:/home/runner/.m2/repository/org/codehaus/plexus/plexus-interpolation/1.26/plexus-interpolation-1.26.jar:/home/runner/.m2/repository/org/codehaus/plexus/plexus-utils/3.5.1/plexus-utils-3.5.1.jar:/home/runner/.m2/repository/org/codehaus/plexus/plexus-xml/4.0.1/plexus-xml-4.0.1.jar:/home/runner/.m2/repository/org/apache/maven/maven-xml-impl/4.0.0-alpha-5/maven-xml-impl-4.0.0-alpha-5.jar:/home/runner/.m2/repository/org/apache/maven/maven-api-xml/4.0.0-alpha-5/maven-api-xml-4.0.0-alpha-5.jar:/home/runner/.m2/repository/org/apache/maven/maven-api-meta/4.0.0-alpha-5/maven-api-meta-4.0.0-alpha-5.jar:/home/runner/.m2/repository/org/codehaus/plexus/plexus-cipher/2.0/plexus-cipher-2.0.jar:/home/runner/.m2/repository/org/codehaus/plexus/plexus-sec-dispatcher/2.0/plexus-sec-dispatcher-2.0.jar:/home/runner/.m2/repository/org/apache/maven/maven-embedder/3.9.9/maven-embedder-3.9.9.jar:/home/runner/.m2/repository/org/apache/maven/maven-core/3.9.9/maven-core-3.9.9.jar:/home/runner/.m2/repository/org/codehaus/plexus/plexus-component-annotations/2.1.0/plexus-component-annotations-2.1.0.jar:/home/runner/.m2/repository/org/apache/maven/maven-plugin-api/3.9.9/maven-plugin-api-3.9.9.jar:/home/runner/.m2/repository/org/apache/maven/shared/maven-shared-utils/3.4.2/maven-shared-utils-3.4.2.jar:/home/runner/.m2/repository/com/google/inject/guice/5.1.0/guice-5.1.0.jar:/home/runner/.m2/repository/aopalliance/aopalliance/1.0/aopalliance-1.0.jar:/home/runner/.m2/repository/org/codehaus/plexus/plexus-classworlds/2.6.0/plexus-classworlds-2.6.0.jar:/home/runner/.m2/repository/commons-cli/commons-cli/1.8.0/commons-cli-1.8.0.jar:/home/runner/.m2/repository/org/eclipse/sisu/org.eclipse.sisu.plexus/0.9.0.M3/org.eclipse.sisu.plexus-0.9.0.M3.jar:/home/runner/.m2/repository/org/apache/maven/maven-settings-builder/3.9.9/maven-settings-builder-3.9.9.jar:/home/runner/.m2/repository/org/apache/maven/maven-resolver-provider/3.9.9/maven-resolver-provider-3.9.9.jar:/home/runner/.m2/repository/org/apache/maven/resolver/maven-resolver-connector-basic/1.9.22/maven-resolver-connector-basic-1.9.22.jar:/home/runner/.m2/repository/org/apache/maven/resolver/maven-resolver-transport-wagon/1.9.22/maven-resolver-transport-wagon-1.9.22.jar:/home/runner/.m2/repository/org/apache/maven/wagon/wagon-http/3.5.3/wagon-http-3.5.3.jar:/home/runner/.m2/repository/org/apache/maven/wagon/wagon-file/3.5.3/wagon-file-3.5.3.jar:/home/runner/.m2/repository/io/quarkus/quarkus-bootstrap-gradle-resolver/3.20.2/quarkus-bootstrap-gradle-resolver-3.20.2.jar:/home/runner/.m2/repository/io/smallrye/jandex/3.3.0/jandex-3.3.0.jar:/home/runner/.m2/repository/org/jboss/logging/commons-logging-jboss-logging/1.0.0.Final/commons-logging-jboss-logging-1.0.0.Final.jar:/home/runner/.m2/repository/io/quarkus/quarkus-junit5-config/3.20.2/quarkus-junit5-config-3.20.2.jar:/home/runner/.m2/repository/org/junit/jupiter/junit-jupiter-api/5.12.1/junit-jupiter-api-5.12.1.jar:/home/runner/.m2/repository/io/smallrye/config/smallrye-config/3.11.4/smallrye-config-3.11.4.jar:/home/runner/.m2/repository/io/smallrye/config/smallrye-config-core/3.11.4/smallrye-config-core-3.11.4.jar:/home/runner/.m2/repository/io/smallrye/common/smallrye-common-classloader/2.12.0/smallrye-common-classloader-2.12.0.jar:/home/runner/.m2/repository/io/smallrye/config/smallrye-config-common/3.11.4/smallrye-config-common-3.11.4.jar:/home/runner/.m2/repository/org/junit/jupiter/junit-jupiter/5.12.1/junit-jupiter-5.12.1.jar:/home/runner/.m2/repository/org/junit/jupiter/junit-jupiter-params/5.12.1/junit-jupiter-params-5.12.1.jar:/home/runner/.m2/repository/org/junit/jupiter/junit-jupiter-engine/5.12.1/junit-jupiter-engine-5.12.1.jar:/home/runner/.m2/repository/io/quarkus/quarkus-core/3.20.2/quarkus-core-3.20.2.jar:/home/runner/.m2/repository/jakarta/enterprise/jakarta.enterprise.cdi-api/4.1.0/jakarta.enterprise.cdi-api-4.1.0.jar:/home/runner/.m2/repository/jakarta/enterprise/jakarta.enterprise.lang-model/4.1.0/jakarta.enterprise.lang-model-4.1.0.jar:/home/runner/.m2/repository/jakarta/el/jakarta.el-api/5.0.1/jakarta.el-api-5.0.1.jar:/home/runner/.m2/repository/jakarta/interceptor/jakarta.interceptor-api/2.2.0/jakarta.interceptor-api-2.2.0.jar:/home/runner/.m2/repository/jakarta/inject/jakarta.inject-api/2.0.1/jakarta.inject-api-2.0.1.jar:/home/runner/.m2/repository/io/smallrye/common/smallrye-common-os/2.12.0/smallrye-common-os-2.12.0.jar:/home/runner/.m2/repository/io/quarkus/quarkus-ide-launcher/3.20.2/quarkus-ide-launcher-3.20.2.jar:/home/runner/.m2/repository/io/quarkus/quarkus-development-mode-spi/3.20.2/quarkus-development-mode-spi-3.20.2.jar:/home/runner/.m2/repository/org/jboss/logging/jboss-logging/3.6.1.Final/jboss-logging-3.6.1.Final.jar:/home/runner/.m2/repository/org/jboss/logmanager/jboss-logmanager/3.1.2.Final/jboss-logmanager-3.1.2.Final.jar:/home/runner/.m2/repository/io/smallrye/common/smallrye-common-constraint/2.12.0/smallrye-common-constraint-2.12.0.jar:/home/runner/.m2/repository/io/smallrye/common/smallrye-common-cpu/2.12.0/smallrye-common-cpu-2.12.0.jar:/home/runner/.m2/repository/io/smallrye/common/smallrye-common-expression/2.12.0/smallrye-common-expression-2.12.0.jar:/home/runner/.m2/repository/io/smallrye/common/smallrye-common-net/2.12.0/smallrye-common-net-2.12.0.jar:/home/runner/.m2/repository/io/smallrye/common/smallrye-common-ref/2.12.0/smallrye-common-ref-2.12.0.jar:/home/runner/.m2/repository/jakarta/json/jakarta.json-api/2.1.3/jakarta.json-api-2.1.3.jar:/home/runner/.m2/repository/org/eclipse/parsson/parsson/1.1.7/parsson-1.1.7.jar:/home/runner/.m2/repository/org/jboss/logging/jboss-logging-annotations/3.0.4.Final/jboss-logging-annotations-3.0.4.Final.jar:/home/runner/.m2/repository/org/jboss/threads/jboss-threads/3.8.0.Final/jboss-threads-3.8.0.Final.jar:/home/runner/.m2/repository/io/smallrye/common/smallrye-common-annotation/2.12.0/smallrye-common-annotation-2.12.0.jar:/home/runner/.m2/repository/io/smallrye/common/smallrye-common-function/2.12.0/smallrye-common-function-2.12.0.jar:/home/runner/.m2/repository/org/jboss/slf4j/slf4j-jboss-logmanager/2.0.0.Final/slf4j-jboss-logmanager-2.0.0.Final.jar:/home/runner/.m2/repository/org/wildfly/common/wildfly-common/2.0.1/wildfly-common-2.0.1.jar:/home/runner/.m2/repository/io/quarkus/quarkus-bootstrap-runner/3.20.2/quarkus-bootstrap-runner-3.20.2.jar:/home/runner/.m2/repository/io/github/crac/org-crac/0.1.3/org-crac-0.1.3.jar:/home/runner/.m2/repository/io/quarkus/quarkus-fs-util/0.0.10/quarkus-fs-util-0.0.10.jar:/home/runner/.m2/repository/org/jboss/marshalling/jboss-marshalling/2.2.2.Final/jboss-marshalling-2.2.2.Final.jar:/home/runner/.m2/repository/io/fabric8/kubernetes-client/7.1.0/kubernetes-client-7.1.0.jar:/home/runner/.m2/repository/io/fabric8/kubernetes-client-api/7.1.0/kubernetes-client-api-7.1.0.jar:/home/runner/.m2/repository/io/fabric8/kubernetes-model-core/7.1.0/kubernetes-model-core-7.1.0.jar:/home/runner/.m2/repository/io/fabric8/kubernetes-model-common/7.1.0/kubernetes-model-common-7.1.0.jar:/home/runner/.m2/repository/javax/annotation/javax.annotation-api/1.3.2/javax.annotation-api-1.3.2.jar:/home/runner/.m2/repository/io/fabric8/kubernetes-model-gatewayapi/7.1.0/kubernetes-model-gatewayapi-7.1.0.jar:/home/runner/.m2/repository/io/fabric8/kubernetes-model-resource/7.1.0/kubernetes-model-resource-7.1.0.jar:/home/runner/.m2/repository/io/fabric8/kubernetes-model-rbac/7.1.0/kubernetes-model-rbac-7.1.0.jar:/home/runner/.m2/repository/io/fabric8/kubernetes-model-admissionregistration/7.1.0/kubernetes-model-admissionregistration-7.1.0.jar:/home/runner/.m2/repository/io/fabric8/kubernetes-model-apps/7.1.0/kubernetes-model-apps-7.1.0.jar:/home/runner/.m2/repository/io/fabric8/kubernetes-model-autoscaling/7.1.0/kubernetes-model-autoscaling-7.1.0.jar:/home/runner/.m2/repository/io/fabric8/kubernetes-model-apiextensions/7.1.0/kubernetes-model-apiextensions-7.1.0.jar:/home/runner/.m2/repository/io/fabric8/kubernetes-model-batch/7.1.0/kubernetes-model-batch-7.1.0.jar:/home/runner/.m2/repository/io/fabric8/kubernetes-model-certificates/7.1.0/kubernetes-model-certificates-7.1.0.jar:/home/runner/.m2/repository/io/fabric8/kubernetes-model-coordination/7.1.0/kubernetes-model-coordination-7.1.0.jar:/home/runner/.m2/repository/io/fabric8/kubernetes-model-discovery/7.1.0/kubernetes-model-discovery-7.1.0.jar:/home/runner/.m2/repository/io/fabric8/kubernetes-model-events/7.1.0/kubernetes-model-events-7.1.0.jar:/home/runner/.m2/repository/io/fabric8/kubernetes-model-extensions/7.1.0/kubernetes-model-extensions-7.1.0.jar:/home/runner/.m2/repository/io/fabric8/kubernetes-model-flowcontrol/7.1.0/kubernetes-model-flowcontrol-7.1.0.jar:/home/runner/.m2/repository/io/fabric8/kubernetes-model-networking/7.1.0/kubernetes-model-networking-7.1.0.jar:/home/runner/.m2/repository/io/fabric8/kubernetes-model-metrics/7.1.0/kubernetes-model-metrics-7.1.0.jar:/home/runner/.m2/repository/io/fabric8/kubernetes-model-policy/7.1.0/kubernetes-model-policy-7.1.0.jar:/home/runner/.m2/repository/io/fabric8/kubernetes-model-scheduling/7.1.0/kubernetes-model-scheduling-7.1.0.jar:/home/runner/.m2/repository/io/fabric8/kubernetes-model-storageclass/7.1.0/kubernetes-model-storageclass-7.1.0.jar:/home/runner/.m2/repository/io/fabric8/kubernetes-model-node/7.1.0/kubernetes-model-node-7.1.0.jar:/home/runner/.m2/repository/org/snakeyaml/snakeyaml-engine/2.9/snakeyaml-engine-2.9.jar:/home/runner/.m2/repository/com/fasterxml/jackson/dataformat/jackson-dataformat-yaml/2.18.2/jackson-dataformat-yaml-2.18.2.jar:/home/runner/.m2/repository/com/fasterxml/jackson/datatype/jackson-datatype-jsr310/2.18.2/jackson-datatype-jsr310-2.18.2.jar:/home/runner/.m2/repository/io/fabric8/zjsonpatch/7.1.0/zjsonpatch-7.1.0.jar:/home/runner/.m2/repository/io/fabric8/kubernetes-httpclient-vertx/7.1.0/kubernetes-httpclient-vertx-7.1.0.jar:/home/runner/.m2/repository/io/vertx/vertx-web-client/4.5.16/vertx-web-client-4.5.16.jar:/home/runner/.m2/repository/io/vertx/vertx-web-common/4.5.16/vertx-web-common-4.5.16.jar:/home/runner/.m2/repository/io/vertx/vertx-auth-common/4.5.16/vertx-auth-common-4.5.16.jar:/home/runner/.m2/repository/io/vertx/vertx-uri-template/4.5.16/vertx-uri-template-4.5.16.jar:/home/runner/.m2/repository/io/fabric8/openshift-client/7.1.0/openshift-client-7.1.0.jar:/home/runner/.m2/repository/io/fabric8/openshift-client-api/7.1.0/openshift-client-api-7.1.0.jar:/home/runner/.m2/repository/io/fabric8/openshift-model/7.1.0/openshift-model-7.1.0.jar:/home/runner/.m2/repository/io/fabric8/openshift-model-autoscaling/7.1.0/openshift-model-autoscaling-7.1.0.jar:/home/runner/.m2/repository/io/fabric8/openshift-model-operator/7.1.0/openshift-model-operator-7.1.0.jar:/home/runner/.m2/repository/io/fabric8/openshift-model-operatorhub/7.1.0/openshift-model-operatorhub-7.1.0.jar:/home/runner/.m2/repository/io/fabric8/openshift-model-machine/7.1.0/openshift-model-machine-7.1.0.jar:/home/runner/.m2/repository/io/fabric8/openshift-model-whereabouts/7.1.0/openshift-model-whereabouts-7.1.0.jar:/home/runner/.m2/repository/io/fabric8/openshift-model-monitoring/7.1.0/openshift-model-monitoring-7.1.0.jar:/home/runner/.m2/repository/io/fabric8/openshift-model-storageversionmigrator/7.1.0/openshift-model-storageversionmigrator-7.1.0.jar:/home/runner/.m2/repository/io/fabric8/openshift-model-tuned/7.1.0/openshift-model-tuned-7.1.0.jar:/home/runner/.m2/repository/io/fabric8/openshift-model-console/7.1.0/openshift-model-console-7.1.0.jar:/home/runner/.m2/repository/io/fabric8/openshift-model-config/7.1.0/openshift-model-config-7.1.0.jar:/home/runner/.m2/repository/io/fabric8/openshift-model-machineconfiguration/7.1.0/openshift-model-machineconfiguration-7.1.0.jar:/home/runner/.m2/repository/io/fabric8/openshift-model-miscellaneous/7.1.0/openshift-model-miscellaneous-7.1.0.jar:/home/runner/.m2/repository/io/fabric8/openshift-model-hive/7.1.0/openshift-model-hive-7.1.0.jar:/home/runner/.m2/repository/io/fabric8/openshift-model-installer/7.1.0/openshift-model-installer-7.1.0.jar:/home/runner/.m2/repository/org/junit/platform/junit-platform-launcher/1.12.1/junit-platform-launcher-1.12.1.jar:/home/runner/.m2/repository/org/junit/platform/junit-platform-engine/1.12.1/junit-platform-engine-1.12.1.jar:/home/runner/.m2/repository/org/opentest4j/opentest4j/1.3.0/opentest4j-1.3.0.jar:/home/runner/.m2/repository/org/junit/platform/junit-platform-commons/1.12.1/junit-platform-commons-1.12.1.jar:/home/runner/.m2/repository/org/apiguardian/apiguardian-api/1.1.2/apiguardian-api-1.1.2.jar:/home/runner/.m2/repository/jakarta/ws/rs/jakarta.ws.rs-api/3.1.0/jakarta.ws.rs-api-3.1.0.jar:/home/runner/work/apicurio-testing/apicurio-testing/clusters/ci419/namespaces/ksql047/tests/integration/apicurio-registry/java-sdk/target/apicurio-registry-java-sdk-3.0.13-SNAPSHOT.jar:/home/runner/.m2/repository/com/microsoft/kiota/microsoft-kiota-abstractions/1.8.9/microsoft-kiota-abstractions-1.8.9.jar:/home/runner/.m2/repository/io/github/std-uritemplate/std-uritemplate/2.0.0/std-uritemplate-2.0.0.jar:/home/runner/.m2/repository/io/kiota/kiota-http-jdk/0.0.29/kiota-http-jdk-0.0.29.jar:/home/runner/.m2/repository/io/kiota/kiota-http-vertx/0.0.29/kiota-http-vertx-0.0.29.jar:/home/runner/.m2/repository/io/kiota/kiota-serialization-jackson/0.0.29/kiota-serialization-jackson-0.0.29.jar:/home/runner/.m2/repository/com/microsoft/kiota/microsoft-kiota-serialization-text/1.8.9/microsoft-kiota-serialization-text-1.8.9.jar:/home/runner/.m2/repository/com/microsoft/kiota/microsoft-kiota-serialization-form/1.8.9/microsoft-kiota-serialization-form-1.8.9.jar:/home/runner/.m2/repository/com/microsoft/kiota/microsoft-kiota-serialization-multipart/1.8.9/microsoft-kiota-serialization-multipart-1.8.9.jar:/home/runner/.m2/repository/jakarta/annotation/jakarta.annotation-api/3.0.0/jakarta.annotation-api-3.0.0.jar:/home/runner/.m2/repository/io/vertx/vertx-auth-oauth2/4.5.16/vertx-auth-oauth2-4.5.16.jar:/home/runner/work/apicurio-testing/apicurio-testing/clusters/ci419/namespaces/ksql047/tests/integration/apicurio-registry/java-sdk-v2/target/apicurio-registry-v2-java-sdk-3.0.13-SNAPSHOT.jar:/home/runner/work/apicurio-testing/apicurio-testing/clusters/ci419/namespaces/ksql047/tests/integration/apicurio-registry/utils/kafka/target/apicurio-registry-utils-kafka-3.0.13-SNAPSHOT-tests.jar:/home/runner/.m2/repository/org/eclipse/microprofile/config/microprofile-config-api/3.1/microprofile-config-api-3.1.jar:/home/runner/.m2/repository/org/apache/kafka/kafka-clients/3.9.1/kafka-clients-3.9.1.jar:/home/runner/.m2/repository/com/github/luben/zstd-jni/1.5.6-4/zstd-jni-1.5.6-4.jar:/home/runner/.m2/repository/org/lz4/lz4-java/1.8.0/lz4-java-1.8.0.jar:/home/runner/.m2/repository/org/xerial/snappy/snappy-java/1.1.10.5/snappy-java-1.1.10.5.jar:/home/runner/.m2/repository/org/slf4j/slf4j-api/2.0.6/slf4j-api-2.0.6.jar:/home/runner/work/apicurio-testing/apicurio-testing/clusters/ci419/namespaces/ksql047/tests/integration/apicurio-registry/utils/tests/target/apicurio-registry-utils-tests-3.0.13-SNAPSHOT.jar:/home/runner/work/apicurio-testing/apicurio-testing/clusters/ci419/namespaces/ksql047/tests/integration/apicurio-registry/common/target/apicurio-registry-common-3.0.13-SNAPSHOT.jar:/home/runner/.m2/repository/jakarta/validation/jakarta.validation-api/3.0.2/jakarta.validation-api-3.0.2.jar:/home/runner/.m2/repository/com/github/dasniko/testcontainers-keycloak/3.8.0/testcontainers-keycloak-3.8.0.jar:/home/runner/.m2/repository/org/testcontainers/testcontainers/1.20.6/testcontainers-1.20.6.jar:/home/runner/.m2/repository/org/rnorth/duct-tape/duct-tape/1.0.8/duct-tape-1.0.8.jar:/home/runner/.m2/repository/com/github/docker-java/docker-java-transport-zerodep/3.4.1/docker-java-transport-zerodep-3.4.1.jar:/home/runner/.m2/repository/com/github/docker-java/docker-java-transport/3.4.1/docker-java-transport-3.4.1.jar:/home/runner/.m2/repository/net/java/dev/jna/jna/5.8.0/jna-5.8.0.jar:/home/runner/.m2/repository/io/quarkus/quarkus-junit4-mock/3.20.2/quarkus-junit4-mock-3.20.2.jar:/home/runner/.m2/repository/org/jboss/shrinkwrap/shrinkwrap-api/2.0.0-beta-2/shrinkwrap-api-2.0.0-beta-2.jar:/home/runner/.m2/repository/org/jboss/shrinkwrap/shrinkwrap-impl-base/2.0.0-beta-2/shrinkwrap-impl-base-2.0.0-beta-2.jar:/home/runner/.m2/repository/org/jboss/shrinkwrap/shrinkwrap-spi/2.0.0-beta-2/shrinkwrap-spi-2.0.0-beta-2.jar:/home/runner/.m2/repository/org/keycloak/keycloak-admin-client/26.0.4/keycloak-admin-client-26.0.4.jar:/home/runner/.m2/repository/org/keycloak/keycloak-client-common-synced/26.0.4/keycloak-client-common-synced-26.0.4.jar:/home/runner/.m2/repository/jakarta/activation/jakarta.activation-api/2.1.3/jakarta.activation-api-2.1.3.jar:/home/runner/.m2/repository/org/eclipse/microprofile/openapi/microprofile-openapi-api/4.0.2/microprofile-openapi-api-4.0.2.jar:/home/runner/.m2/repository/org/jboss/resteasy/resteasy-client/6.2.12.Final/resteasy-client-6.2.12.Final.jar:/home/runner/.m2/repository/org/jboss/resteasy/resteasy-client-api/6.2.12.Final/resteasy-client-api-6.2.12.Final.jar:/home/runner/.m2/repository/org/jboss/resteasy/resteasy-core-spi/6.2.12.Final/resteasy-core-spi-6.2.12.Final.jar:/home/runner/.m2/repository/org/jboss/resteasy/resteasy-core/6.2.12.Final/resteasy-core-6.2.12.Final.jar:/home/runner/.m2/repository/org/eclipse/angus/angus-activation/2.0.2/angus-activation-2.0.2.jar:/home/runner/.m2/repository/com/ibm/async/asyncutil/0.1.0/asyncutil-0.1.0.jar:/home/runner/.m2/repository/org/reactivestreams/reactive-streams/1.0.4/reactive-streams-1.0.4.jar:/home/runner/.m2/repository/org/jboss/resteasy/resteasy-multipart-provider/6.2.12.Final/resteasy-multipart-provider-6.2.12.Final.jar:/home/runner/.m2/repository/jakarta/mail/jakarta.mail-api/2.1.3/jakarta.mail-api-2.1.3.jar:/home/runner/.m2/repository/org/eclipse/angus/angus-mail/2.0.3/angus-mail-2.0.3.jar:/home/runner/.m2/repository/org/apache/james/apache-mime4j-dom/0.8.12/apache-mime4j-dom-0.8.12.jar:/home/runner/.m2/repository/org/apache/james/apache-mime4j-core/0.8.12/apache-mime4j-core-0.8.12.jar:/home/runner/.m2/repository/org/apache/james/apache-mime4j-storage/0.8.12/apache-mime4j-storage-0.8.12.jar:/home/runner/.m2/repository/org/jboss/resteasy/resteasy-jackson2-provider/6.2.12.Final/resteasy-jackson2-provider-6.2.12.Final.jar:/home/runner/.m2/repository/com/fasterxml/jackson/jakarta/rs/jackson-jakarta-rs-base/2.18.2/jackson-jakarta-rs-base-2.18.2.jar:/home/runner/.m2/repository/com/fasterxml/jackson/jakarta/rs/jackson-jakarta-rs-json-provider/2.18.2/jackson-jakarta-rs-json-provider-2.18.2.jar:/home/runner/.m2/repository/com/fasterxml/jackson/module/jackson-module-jakarta-xmlbind-annotations/2.18.2/jackson-module-jakarta-xmlbind-annotations-2.18.2.jar:/home/runner/.m2/repository/com/github/java-json-tools/json-patch/1.13/json-patch-1.13.jar:/home/runner/.m2/repository/com/github/java-json-tools/msg-simple/1.2/msg-simple-1.2.jar:/home/runner/.m2/repository/com/github/java-json-tools/btf/1.3/btf-1.3.jar:/home/runner/.m2/repository/com/github/java-json-tools/jackson-coreutils/2.0/jackson-coreutils-2.0.jar:/home/runner/.m2/repository/org/jboss/resteasy/resteasy-jaxb-provider/6.2.12.Final/resteasy-jaxb-provider-6.2.12.Final.jar:/home/runner/.m2/repository/org/glassfish/jaxb/codemodel/4.0.5/codemodel-4.0.5.jar:/home/runner/.m2/repository/org/glassfish/jaxb/jaxb-core/4.0.5/jaxb-core-4.0.5.jar:/home/runner/.m2/repository/org/glassfish/jaxb/jaxb-jxc/4.0.5/jaxb-jxc-4.0.5.jar:/home/runner/.m2/repository/org/glassfish/jaxb/jaxb-runtime/4.0.5/jaxb-runtime-4.0.5.jar:/home/runner/.m2/repository/org/glassfish/jaxb/txw2/4.0.5/txw2-4.0.5.jar:/home/runner/.m2/repository/org/glassfish/jaxb/jaxb-xjc/4.0.5/jaxb-xjc-4.0.5.jar:/home/runner/.m2/repository/org/glassfish/jaxb/xsom/4.0.5/xsom-4.0.5.jar:/home/runner/.m2/repository/com/sun/istack/istack-commons-runtime/4.1.2/istack-commons-runtime-4.1.2.jar:/home/runner/.m2/repository/com/sun/istack/istack-commons-tools/4.1.2/istack-commons-tools-4.1.2.jar:/home/runner/.m2/repository/com/sun/xml/bind/external/relaxng-datatype/4.0.5/relaxng-datatype-4.0.5.jar:/home/runner/.m2/repository/com/sun/xml/bind/external/rngom/4.0.5/rngom-4.0.5.jar:/home/runner/.m2/repository/org/testcontainers/mssqlserver/1.20.6/mssqlserver-1.20.6.jar:/home/runner/.m2/repository/org/testcontainers/jdbc/1.20.6/jdbc-1.20.6.jar:/home/runner/.m2/repository/org/testcontainers/database-commons/1.20.6/database-commons-1.20.6.jar:/home/runner/.m2/repository/org/testcontainers/mysql/1.20.6/mysql-1.20.6.jar:/home/runner/.m2/repository/io/strimzi/strimzi-test-container/0.111.0/strimzi-test-container-0.111.0.jar:/home/runner/.m2/repository/org/testcontainers/toxiproxy/1.20.6/toxiproxy-1.20.6.jar:/home/runner/.m2/repository/com/github/docker-java/docker-java-api/3.4.1/docker-java-api-3.4.1.jar:/home/runner/.m2/repository/org/apache/logging/log4j/log4j-slf4j-impl/2.19.0/log4j-slf4j-impl-2.19.0.jar:/home/runner/.m2/repository/org/apache/logging/log4j/log4j-api/2.24.3/log4j-api-2.24.3.jar:/home/runner/.m2/repository/org/apache/logging/log4j/log4j-core/2.19.0/log4j-core-2.19.0.jar:/home/runner/.m2/repository/eu/rekawek/toxiproxy/toxiproxy-java/2.1.7/toxiproxy-java-2.1.7.jar:/home/runner/.m2/repository/org/testcontainers/pulsar/1.21.3/pulsar-1.21.3.jar:/home/runner/.m2/repository/io/debezium/debezium-testing-testcontainers/2.7.4.Final/debezium-testing-testcontainers-2.7.4.Final.jar:/home/runner/.m2/repository/org/testcontainers/kafka/1.20.6/kafka-1.20.6.jar:/home/runner/.m2/repository/com/squareup/okhttp3/okhttp/4.8.1/okhttp-4.8.1.jar:/home/runner/.m2/repository/com/squareup/okio/okio/3.10.2/okio-3.10.2.jar:/home/runner/.m2/repository/com/squareup/okio/okio-jvm/3.10.2/okio-jvm-3.10.2.jar:/home/runner/.m2/repository/org/jetbrains/kotlin/kotlin-stdlib/2.0.21/kotlin-stdlib-2.0.21.jar:/home/runner/.m2/repository/org/awaitility/awaitility/4.3.0/awaitility-4.3.0.jar:/home/runner/.m2/repository/org/testcontainers/mongodb/1.20.6/mongodb-1.20.6.jar:/home/runner/.m2/repository/org/testcontainers/mariadb/1.20.6/mariadb-1.20.6.jar:/home/runner/.m2/repository/org/testcontainers/oracle-xe/1.20.6/oracle-xe-1.20.6.jar:/home/runner/.m2/repository/org/testcontainers/postgresql/1.20.6/postgresql-1.20.6.jar:/home/runner/.m2/repository/org/wiremock/wiremock/3.0.1/wiremock-3.0.1.jar:/home/runner/.m2/repository/org/eclipse/jetty/jetty-server/11.0.15/jetty-server-11.0.15.jar:/home/runner/.m2/repository/org/eclipse/jetty/toolchain/jetty-jakarta-servlet-api/5.0.2/jetty-jakarta-servlet-api-5.0.2.jar:/home/runner/.m2/repository/org/eclipse/jetty/jetty-http/11.0.15/jetty-http-11.0.15.jar:/home/runner/.m2/repository/org/eclipse/jetty/jetty-io/11.0.15/jetty-io-11.0.15.jar:/home/runner/.m2/repository/org/eclipse/jetty/jetty-servlet/11.0.15/jetty-servlet-11.0.15.jar:/home/runner/.m2/repository/org/eclipse/jetty/jetty-security/11.0.15/jetty-security-11.0.15.jar:/home/runner/.m2/repository/org/eclipse/jetty/jetty-servlets/11.0.15/jetty-servlets-11.0.15.jar:/home/runner/.m2/repository/org/eclipse/jetty/jetty-util/11.0.15/jetty-util-11.0.15.jar:/home/runner/.m2/repository/org/eclipse/jetty/jetty-webapp/11.0.15/jetty-webapp-11.0.15.jar:/home/runner/.m2/repository/org/eclipse/jetty/jetty-xml/11.0.15/jetty-xml-11.0.15.jar:/home/runner/.m2/repository/org/eclipse/jetty/jetty-proxy/11.0.15/jetty-proxy-11.0.15.jar:/home/runner/.m2/repository/org/eclipse/jetty/jetty-client/11.0.15/jetty-client-11.0.15.jar:/home/runner/.m2/repository/org/eclipse/jetty/http2/http2-server/11.0.15/http2-server-11.0.15.jar:/home/runner/.m2/repository/org/eclipse/jetty/http2/http2-common/11.0.15/http2-common-11.0.15.jar:/home/runner/.m2/repository/org/eclipse/jetty/http2/http2-hpack/11.0.15/http2-hpack-11.0.15.jar:/home/runner/.m2/repository/org/eclipse/jetty/jetty-alpn-server/11.0.15/jetty-alpn-server-11.0.15.jar:/home/runner/.m2/repository/org/eclipse/jetty/jetty-alpn-java-server/11.0.15/jetty-alpn-java-server-11.0.15.jar:/home/runner/.m2/repository/org/eclipse/jetty/jetty-alpn-java-client/11.0.15/jetty-alpn-java-client-11.0.15.jar:/home/runner/.m2/repository/org/eclipse/jetty/jetty-alpn-client/11.0.15/jetty-alpn-client-11.0.15.jar:/home/runner/.m2/repository/org/apache/httpcomponents/client5/httpclient5/5.2.1/httpclient5-5.2.1.jar:/home/runner/.m2/repository/org/apache/httpcomponents/core5/httpcore5/5.2/httpcore5-5.2.jar:/home/runner/.m2/repository/org/apache/httpcomponents/core5/httpcore5-h2/5.2/httpcore5-h2-5.2.jar:/home/runner/.m2/repository/org/xmlunit/xmlunit-core/2.9.1/xmlunit-core-2.9.1.jar:/home/runner/.m2/repository/jakarta/xml/bind/jakarta.xml.bind-api/4.0.2/jakarta.xml.bind-api-4.0.2.jar:/home/runner/.m2/repository/org/xmlunit/xmlunit-legacy/2.9.1/xmlunit-legacy-2.9.1.jar:/home/runner/.m2/repository/org/xmlunit/xmlunit-placeholders/2.9.1/xmlunit-placeholders-2.9.1.jar:/home/runner/.m2/repository/net/javacrumbs/json-unit/json-unit-core/2.38.0/json-unit-core-2.38.0.jar:/home/runner/.m2/repository/org/hamcrest/hamcrest-core/2.2/hamcrest-core-2.2.jar:/home/runner/.m2/repository/com/jayway/jsonpath/json-path/2.8.0/json-path-2.8.0.jar:/home/runner/.m2/repository/net/minidev/json-smart/2.4.10/json-smart-2.4.10.jar:/home/runner/.m2/repository/net/minidev/accessors-smart/2.4.9/accessors-smart-2.4.9.jar:/home/runner/.m2/repository/org/ow2/asm/asm/9.7.1/asm-9.7.1.jar:/home/runner/.m2/repository/net/sf/jopt-simple/jopt-simple/5.0.4/jopt-simple-5.0.4.jar:/home/runner/.m2/repository/com/github/jknack/handlebars/4.3.1/handlebars-4.3.1.jar:/home/runner/.m2/repository/com/github/jknack/handlebars-helpers/4.3.1/handlebars-helpers-4.3.1.jar:/home/runner/.m2/repository/commons-fileupload/commons-fileupload/1.5/commons-fileupload-1.5.jar:/home/runner/.m2/repository/com/networknt/json-schema-validator/1.5.8/json-schema-validator-1.5.8.jar:/home/runner/.m2/repository/com/ethlo/time/itu/1.10.3/itu-1.10.3.jar:/home/runner/.m2/repository/io/quarkus/quarkus-smallrye-jwt-build/3.20.2/quarkus-smallrye-jwt-build-3.20.2.jar:/home/runner/.m2/repository/io/smallrye/smallrye-jwt-build/4.6.2/smallrye-jwt-build-4.6.2.jar:/home/runner/.m2/repository/org/eclipse/microprofile/jwt/microprofile-jwt-auth-api/2.1/microprofile-jwt-auth-api-2.1.jar:/home/runner/.m2/repository/org/bitbucket/b_c/jose4j/0.9.6/jose4j-0.9.6.jar:/home/runner/.m2/repository/io/smallrye/smallrye-jwt-common/4.6.2/smallrye-jwt-common-4.6.2.jar:/home/runner/.m2/repository/io/quarkus/quarkus-jsonp/3.20.2/quarkus-jsonp-3.20.2.jar:/home/runner/.m2/repository/io/quarkus/quarkus-arc/3.20.2/quarkus-arc-3.20.2.jar:/home/runner/.m2/repository/io/quarkus/arc/arc/3.20.2/arc-3.20.2.jar:/home/runner/.m2/repository/jakarta/transaction/jakarta.transaction-api/2.0.1/jakarta.transaction-api-2.0.1.jar:/home/runner/.m2/repository/io/smallrye/reactive/mutiny/2.9.2/mutiny-2.9.2.jar:/home/runner/.m2/repository/org/jctools/jctools-core/4.0.5/jctools-core-4.0.5.jar:/home/runner/.m2/repository/org/eclipse/microprofile/context-propagation/microprofile-context-propagation-api/1.3/microprofile-context-propagation-api-1.3.jar:/home/runner/.m2/repository/io/apicurio/apicurio-common-rest-client-common/0.1.18.Final/apicurio-common-rest-client-common-0.1.18.Final.jar:/home/runner/work/apicurio-testing/apicurio-testing/clusters/ci419/namespaces/ksql047/tests/integration/apicurio-registry/utils/maven-plugin/target/apicurio-registry-maven-plugin-3.0.13-SNAPSHOT.jar:/home/runner/.m2/repository/com/fasterxml/jackson/core/jackson-databind/2.18.2/jackson-databind-2.18.2.jar:/home/runner/.m2/repository/org/apache/avro/avro/1.12.0/avro-1.12.0.jar:/home/runner/.m2/repository/com/google/protobuf/protobuf-java/4.32.0/protobuf-java-4.32.0.jar:/home/runner/.m2/repository/com/google/protobuf/protobuf-java-util/4.32.0/protobuf-java-util-4.32.0.jar:/home/runner/.m2/repository/com/google/code/findbugs/jsr305/3.0.2/jsr305-3.0.2.jar:/home/runner/.m2/repository/com/google/code/gson/gson/2.12.1/gson-2.12.1.jar:/home/runner/.m2/repository/com/google/errorprone/error_prone_annotations/2.36.0/error_prone_annotations-2.36.0.jar:/home/runner/.m2/repository/com/google/j2objc/j2objc-annotations/2.8/j2objc-annotations-2.8.jar:/home/runner/work/apicurio-testing/apicurio-testing/clusters/ci419/namespaces/ksql047/tests/integration/apicurio-registry/schema-util/util-provider/target/apicurio-registry-schema-util-provider-3.0.13-SNAPSHOT.jar:/home/runner/work/apicurio-testing/apicurio-testing/clusters/ci419/namespaces/ksql047/tests/integration/apicurio-registry/schema-util/common/target/apicurio-registry-schema-util-common-3.0.13-SNAPSHOT.jar:/home/runner/.m2/repository/com/fasterxml/jackson/module/jackson-module-parameter-names/2.18.2/jackson-module-parameter-names-2.18.2.jar:/home/runner/.m2/repository/com/fasterxml/jackson/datatype/jackson-datatype-json-org/2.18.2/jackson-datatype-json-org-2.18.2.jar:/home/runner/work/apicurio-testing/apicurio-testing/clusters/ci419/namespaces/ksql047/tests/integration/apicurio-registry/schema-util/json/target/apicurio-registry-schema-util-json-3.0.13-SNAPSHOT.jar:/home/runner/.m2/repository/com/github/erosb/everit-json-schema/1.14.5/everit-json-schema-1.14.5.jar:/home/runner/.m2/repository/commons-validator/commons-validator/1.9.0/commons-validator-1.9.0.jar:/home/runner/.m2/repository/commons-digester/commons-digester/2.1/commons-digester-2.1.jar:/home/runner/.m2/repository/commons-collections/commons-collections/3.2.2/commons-collections-3.2.2.jar:/home/runner/.m2/repository/com/damnhandy/handy-uri-templates/2.1.8/handy-uri-templates-2.1.8.jar:/home/runner/.m2/repository/joda-time/joda-time/2.10.2/joda-time-2.10.2.jar:/home/runner/.m2/repository/com/github/erosb/json-sKema/0.20.0/json-sKema-0.20.0.jar:/home/runner/.m2/repository/io/vertx/vertx-json-schema/4.5.16/vertx-json-schema-4.5.16.jar:/home/runner/work/apicurio-testing/apicurio-testing/clusters/ci419/namespaces/ksql047/tests/integration/apicurio-registry/schema-util/protobuf/target/apicurio-registry-schema-util-protobuf-3.0.13-SNAPSHOT.jar:/home/runner/work/apicurio-testing/apicurio-testing/clusters/ci419/namespaces/ksql047/tests/integration/apicurio-registry/utils/protobuf-schema-utilities/target/apicurio-registry-protobuf-schema-utilities-3.0.13-SNAPSHOT.jar:/home/runner/.m2/repository/com/google/api/grpc/proto-google-common-protos/2.52.0/proto-google-common-protos-2.52.0.jar:/home/runner/.m2/repository/com/squareup/wire/wire-schema-jvm/5.3.3/wire-schema-jvm-5.3.3.jar:/home/runner/.m2/repository/com/palantir/javapoet/javapoet/0.6.0/javapoet-0.6.0.jar:/home/runner/.m2/repository/com/squareup/kotlinpoet-jvm/2.0.0/kotlinpoet-jvm-2.0.0.jar:/home/runner/.m2/repository/org/jetbrains/kotlin/kotlin-reflect/2.0.21/kotlin-reflect-2.0.21.jar:/home/runner/.m2/repository/com/squareup/wire/wire-runtime-jvm/5.3.3/wire-runtime-jvm-5.3.3.jar:/home/runner/.m2/repository/com/ibm/icu/icu4j/76.1/icu4j-76.1.jar:/home/runner/.m2/repository/com/squareup/okio/okio-fakefilesystem/3.10.2/okio-fakefilesystem-3.10.2.jar:/home/runner/.m2/repository/com/squareup/okio/okio-fakefilesystem-jvm/3.10.2/okio-fakefilesystem-jvm-3.10.2.jar:/home/runner/.m2/repository/org/jetbrains/kotlinx/kotlinx-datetime-jvm/0.6.1/kotlinx-datetime-jvm-0.6.1.jar:/home/runner/work/apicurio-testing/apicurio-testing/clusters/ci419/namespaces/ksql047/tests/integration/apicurio-registry/schema-util/asyncapi/target/apicurio-registry-schema-util-asyncapi-3.0.13-SNAPSHOT.jar:/home/runner/work/apicurio-testing/apicurio-testing/clusters/ci419/namespaces/ksql047/tests/integration/apicurio-registry/schema-util/avro/target/apicurio-registry-schema-util-avro-3.0.13-SNAPSHOT.jar:/home/runner/work/apicurio-testing/apicurio-testing/clusters/ci419/namespaces/ksql047/tests/integration/apicurio-registry/schema-util/graphql/target/apicurio-registry-schema-util-graphql-3.0.13-SNAPSHOT.jar:/home/runner/.m2/repository/com/graphql-java/graphql-java/22.4/graphql-java-22.4.jar:/home/runner/.m2/repository/com/graphql-java/java-dataloader/3.3.0/java-dataloader-3.3.0.jar:/home/runner/work/apicurio-testing/apicurio-testing/clusters/ci419/namespaces/ksql047/tests/integration/apicurio-registry/schema-util/kconnect/target/apicurio-registry-schema-util-kconnect-3.0.13-SNAPSHOT.jar:/home/runner/work/apicurio-testing/apicurio-testing/clusters/ci419/namespaces/ksql047/tests/integration/apicurio-registry/schema-util/openapi/target/apicurio-registry-schema-util-openapi-3.0.13-SNAPSHOT.jar:/home/runner/.m2/repository/io/apicurio/apicurio-data-models/2.2.2/apicurio-data-models-2.2.2.jar:/home/runner/.m2/repository/org/openapitools/openapidiff/openapi-diff-core/2.1.2/openapi-diff-core-2.1.2.jar:/home/runner/.m2/repository/io/swagger/parser/v3/swagger-parser/2.1.28/swagger-parser-2.1.28.jar:/home/runner/.m2/repository/io/swagger/parser/v3/swagger-parser-v2-converter/2.1.28/swagger-parser-v2-converter-2.1.28.jar:/home/runner/.m2/repository/io/swagger/swagger-core/1.6.16/swagger-core-1.6.16.jar:/home/runner/.m2/repository/io/swagger/swagger-models/1.6.16/swagger-models-1.6.16.jar:/home/runner/.m2/repository/io/swagger/swagger-annotations/1.6.16/swagger-annotations-1.6.16.jar:/home/runner/.m2/repository/io/swagger/swagger-parser/1.0.75/swagger-parser-1.0.75.jar:/home/runner/.m2/repository/io/swagger/swagger-parser-safe-url-resolver/1.0.75/swagger-parser-safe-url-resolver-1.0.75.jar:/home/runner/.m2/repository/io/swagger/swagger-compat-spec-parser/1.0.75/swagger-compat-spec-parser-1.0.75.jar:/home/runner/.m2/repository/com/github/java-json-tools/json-schema-validator/2.2.14/json-schema-validator-2.2.14.jar:/home/runner/.m2/repository/com/github/java-json-tools/jackson-coreutils-equivalence/1.0/jackson-coreutils-equivalence-1.0.jar:/home/runner/.m2/repository/com/github/java-json-tools/json-schema-core/1.2.14/json-schema-core-1.2.14.jar:/home/runner/.m2/repository/com/github/java-json-tools/uri-template/0.10/uri-template-0.10.jar:/home/runner/.m2/repository/com/googlecode/libphonenumber/libphonenumber/8.11.1/libphonenumber-8.11.1.jar:/home/runner/.m2/repository/com/j2html/j2html/1.6.0/j2html-1.6.0.jar:/home/runner/.m2/repository/org/apache/commons/commons-collections4/4.5.0/commons-collections4-4.5.0.jar:/home/runner/.m2/repository/org/slf4j/jcl-over-slf4j/2.0.17/jcl-over-slf4j-2.0.17.jar:/home/runner/.m2/repository/io/swagger/parser/v3/swagger-parser-v3/2.1.31/swagger-parser-v3-2.1.31.jar:/home/runner/.m2/repository/io/swagger/core/v3/swagger-models/2.2.34/swagger-models-2.2.34.jar:/home/runner/.m2/repository/io/swagger/core/v3/swagger-core/2.2.34/swagger-core-2.2.34.jar:/home/runner/.m2/repository/io/swagger/parser/v3/swagger-parser-core/2.1.31/swagger-parser-core-2.1.31.jar:/home/runner/.m2/repository/io/swagger/parser/v3/swagger-parser-safe-url-resolver/2.1.31/swagger-parser-safe-url-resolver-2.1.31.jar:/home/runner/work/apicurio-testing/apicurio-testing/clusters/ci419/namespaces/ksql047/tests/integration/apicurio-registry/schema-util/wsdl/target/apicurio-registry-schema-util-wsdl-3.0.13-SNAPSHOT.jar:/home/runner/.m2/repository/wsdl4j/wsdl4j/1.6.3/wsdl4j-1.6.3.jar:/home/runner/work/apicurio-testing/apicurio-testing/clusters/ci419/namespaces/ksql047/tests/integration/apicurio-registry/schema-util/xml/target/apicurio-registry-schema-util-xml-3.0.13-SNAPSHOT.jar:/home/runner/.m2/repository/org/apache/santuario/xmlsec/4.0.4/xmlsec-4.0.4.jar:/home/runner/.m2/repository/com/fasterxml/woodstox/woodstox-core/7.1.1/woodstox-core-7.1.1.jar:/home/runner/.m2/repository/org/codehaus/woodstox/stax2-api/4.2.2/stax2-api-4.2.2.jar:/home/runner/work/apicurio-testing/apicurio-testing/clusters/ci419/namespaces/ksql047/tests/integration/apicurio-registry/schema-util/xsd/target/apicurio-registry-schema-util-xsd-3.0.13-SNAPSHOT.jar:/home/runner/work/apicurio-testing/apicurio-testing/clusters/ci419/namespaces/ksql047/tests/integration/apicurio-registry/serdes/kafka/jsonschema-serde/target/apicurio-registry-jsonschema-serde-kafka-3.0.13-SNAPSHOT.jar:/home/runner/work/apicurio-testing/apicurio-testing/clusters/ci419/namespaces/ksql047/tests/integration/apicurio-registry/serdes/kafka/serde-kafka-common/target/apicurio-registry-serde-kafka-common-3.0.13-SNAPSHOT.jar:/home/runner/work/apicurio-testing/apicurio-testing/clusters/ci419/namespaces/ksql047/tests/integration/apicurio-registry/serdes/generic/serde-common/target/apicurio-registry-serde-common-3.0.13-SNAPSHOT.jar:/home/runner/work/apicurio-testing/apicurio-testing/clusters/ci419/namespaces/ksql047/tests/integration/apicurio-registry/serdes/generic/serde-common-jsonschema/target/apicurio-registry-serde-common-jsonschema-3.0.13-SNAPSHOT.jar:/home/runner/.m2/repository/org/json/json/20250107/json-20250107.jar:/home/runner/work/apicurio-testing/apicurio-testing/clusters/ci419/namespaces/ksql047/tests/integration/apicurio-registry/serdes/kafka/avro-serde/target/apicurio-registry-avro-serde-kafka-3.0.13-SNAPSHOT.jar:/home/runner/work/apicurio-testing/apicurio-testing/clusters/ci419/namespaces/ksql047/tests/integration/apicurio-registry/serdes/generic/serde-common-avro/target/apicurio-registry-serde-common-avro-3.0.13-SNAPSHOT.jar:/home/runner/work/apicurio-testing/apicurio-testing/clusters/ci419/namespaces/ksql047/tests/integration/apicurio-registry/serdes/kafka/protobuf-serde/target/apicurio-registry-protobuf-serde-kafka-3.0.13-SNAPSHOT.jar:/home/runner/work/apicurio-testing/apicurio-testing/clusters/ci419/namespaces/ksql047/tests/integration/apicurio-registry/serdes/generic/serde-common-protobuf/target/apicurio-registry-serde-common-protobuf-3.0.13-SNAPSHOT.jar:/home/runner/.m2/repository/com/squareup/wire/wire-schema/5.3.3/wire-schema-5.3.3.jar:/home/runner/.m2/repository/com/squareup/wire/wire-runtime/5.3.3/wire-runtime-5.3.3.jar:/home/runner/work/apicurio-testing/apicurio-testing/clusters/ci419/namespaces/ksql047/tests/integration/apicurio-registry/serdes/pulsar/avro-serde/target/apicurio-registry-avro-serde-pulsar-3.0.13-SNAPSHOT.jar:/home/runner/.m2/repository/org/apache/pulsar/pulsar-functions-api/3.3.8/pulsar-functions-api-3.3.8.jar:/home/runner/work/apicurio-testing/apicurio-testing/clusters/ci419/namespaces/ksql047/tests/integration/apicurio-registry/serdes/nats/avro-serde/target/apicurio-registry-avro-serde-nats-3.0.13-SNAPSHOT.jar:/home/runner/.m2/repository/io/nats/jnats/2.21.4/jnats-2.21.4.jar:/home/runner/.m2/repository/org/bouncycastle/bcprov-lts8on/2.73.7/bcprov-lts8on-2.73.7.jar:/home/runner/.m2/repository/org/jetbrains/annotations/26.0.2/annotations-26.0.2.jar:/home/runner/work/apicurio-testing/apicurio-testing/clusters/ci419/namespaces/ksql047/tests/integration/apicurio-registry/utils/converter/target/apicurio-registry-utils-converter-3.0.13-SNAPSHOT.jar:/home/runner/work/apicurio-testing/apicurio-testing/clusters/ci419/namespaces/ksql047/tests/integration/apicurio-registry/schema-resolver/target/apicurio-registry-schema-resolver-3.0.13-SNAPSHOT.jar:/home/runner/.m2/repository/org/apache/kafka/connect-api/3.9.1/connect-api-3.9.1.jar:/home/runner/.m2/repository/javax/ws/rs/javax.ws.rs-api/2.1.1/javax.ws.rs-api-2.1.1.jar:/home/runner/.m2/repository/org/apache/kafka/connect-json/3.9.1/connect-json-3.9.1.jar:/home/runner/.m2/repository/com/fasterxml/jackson/datatype/jackson-datatype-jdk8/2.18.2/jackson-datatype-jdk8-2.18.2.jar:/home/runner/.m2/repository/com/fasterxml/jackson/module/jackson-module-afterburner/2.18.2/jackson-module-afterburner-2.18.2.jar:/home/runner/work/apicurio-testing/apicurio-testing/clusters/ci419/namespaces/ksql047/tests/integration/apicurio-registry/utils/kafka/target/apicurio-registry-utils-kafka-3.0.13-SNAPSHOT.jar:/home/runner/.m2/repository/org/apache/pulsar/pulsar-client/3.3.8/pulsar-client-3.3.8.jar:/home/runner/.m2/repository/org/apache/pulsar/pulsar-client-api/3.3.8/pulsar-client-api-3.3.8.jar:/home/runner/.m2/repository/org/apache/pulsar/pulsar-client-admin-api/3.3.8/pulsar-client-admin-api-3.3.8.jar:/home/runner/.m2/repository/org/apache/pulsar/bouncy-castle-bc/3.3.8/bouncy-castle-bc-3.3.8-pkg.jar:/home/runner/.m2/repository/org/bouncycastle/bcpkix-jdk18on/1.81/bcpkix-jdk18on-1.81.jar:/home/runner/.m2/repository/org/bouncycastle/bcutil-jdk18on/1.81/bcutil-jdk18on-1.81.jar:/home/runner/.m2/repository/org/bouncycastle/bcprov-jdk18on/1.81/bcprov-jdk18on-1.81.jar:/home/runner/.m2/repository/io/opentelemetry/opentelemetry-api/1.44.1/opentelemetry-api-1.44.1.jar:/home/runner/.m2/repository/io/opentelemetry/opentelemetry-context/1.44.1/opentelemetry-context-1.44.1.jar:/home/runner/.m2/repository/io/opentelemetry/opentelemetry-api-incubator/1.44.1-alpha/opentelemetry-api-incubator-1.44.1-alpha.jar:/home/runner/.m2/repository/com/fasterxml/jackson/core/jackson-annotations/2.18.2/jackson-annotations-2.18.2.jar:/home/runner/.m2/repository/javax/validation/validation-api/1.1.0.Final/validation-api-1.1.0.Final.jar:/home/runner/.m2/repository/org/jspecify/jspecify/1.0.0/jspecify-1.0.0.jar:/home/runner/.m2/repository/org/apache/commons/commons-configuration2/2.12.0/commons-configuration2-2.12.0.jar:/home/runner/.m2/repository/commons-logging/commons-logging/1.3.5/commons-logging-1.3.5.jar:/home/runner/.m2/repository/org/apache/commons/commons-text/1.13.0/commons-text-1.13.0.jar:/home/runner/.m2/repository/io/confluent/kafka-avro-serializer/8.0.0/kafka-avro-serializer-8.0.0.jar:/home/runner/.m2/repository/org/apache/commons/commons-compress/1.27.1/commons-compress-1.27.1.jar:/home/runner/.m2/repository/io/confluent/kafka-schema-serializer/8.0.0/kafka-schema-serializer-8.0.0.jar:/home/runner/.m2/repository/com/fasterxml/jackson/dataformat/jackson-dataformat-csv/2.18.2/jackson-dataformat-csv-2.18.2.jar:/home/runner/.m2/repository/io/confluent/kafka-schema-registry-client/8.0.0/kafka-schema-registry-client-8.0.0.jar:/home/runner/.m2/repository/org/yaml/snakeyaml/2.3/snakeyaml-2.3.jar:/home/runner/.m2/repository/io/swagger/core/v3/swagger-annotations/2.2.29/swagger-annotations-2.2.29.jar:/home/runner/.m2/repository/com/google/guava/guava/33.4.0-jre/guava-33.4.0-jre.jar:/home/runner/.m2/repository/com/google/guava/failureaccess/1.0.1/failureaccess-1.0.1.jar:/home/runner/.m2/repository/org/checkerframework/checker-qual/3.49.0/checker-qual-3.49.0.jar:/home/runner/.m2/repository/io/confluent/logredactor/1.0.13/logredactor-1.0.13.jar:/home/runner/.m2/repository/com/google/re2j/re2j/1.6/re2j-1.6.jar:/home/runner/.m2/repository/io/confluent/logredactor-metrics/1.0.13/logredactor-metrics-1.0.13.jar:/home/runner/.m2/repository/com/eclipsesource/minimal-json/minimal-json/0.9.5/minimal-json-0.9.5.jar:/home/runner/.m2/repository/io/confluent/common-utils/8.0.0/common-utils-8.0.0.jar:/home/runner/.m2/repository/io/confluent/kafka-connect-avro-converter/8.0.0/kafka-connect-avro-converter-8.0.0.jar:/home/runner/.m2/repository/io/confluent/kafka-connect-avro-data/8.0.0/kafka-connect-avro-data-8.0.0.jar:/home/runner/.m2/repository/io/confluent/kafka-schema-converter/8.0.0/kafka-schema-converter-8.0.0.jar:/home/runner/.m2/repository/io/rest-assured/rest-assured/5.5.1/rest-assured-5.5.1.jar:/home/runner/.m2/repository/org/apache/groovy/groovy/4.0.22/groovy-4.0.22.jar:/home/runner/.m2/repository/org/apache/groovy/groovy-xml/4.0.22/groovy-xml-4.0.22.jar:/home/runner/.m2/repository/org/apache/httpcomponents/httpclient/4.5.14/httpclient-4.5.14.jar:/home/runner/.m2/repository/org/apache/httpcomponents/httpcore/4.4.16/httpcore-4.4.16.jar:/home/runner/.m2/repository/org/apache/httpcomponents/httpmime/4.5.14/httpmime-4.5.14.jar:/home/runner/.m2/repository/org/hamcrest/hamcrest/2.2/hamcrest-2.2.jar:/home/runner/.m2/repository/org/ccil/cowan/tagsoup/tagsoup/1.2.1/tagsoup-1.2.1.jar:/home/runner/.m2/repository/io/rest-assured/json-path/5.5.1/json-path-5.5.1.jar:/home/runner/.m2/repository/org/apache/groovy/groovy-json/4.0.22/groovy-json-4.0.22.jar:/home/runner/.m2/repository/io/rest-assured/rest-assured-common/5.5.1/rest-assured-common-5.5.1.jar:/home/runner/.m2/repository/io/rest-assured/xml-path/5.5.1/xml-path-5.5.1.jar:/home/runner/.m2/repository/io/zonky/test/embedded-postgres/2.1.0/embedded-postgres-2.1.0.jar:/home/runner/.m2/repository/io/zonky/test/postgres/embedded-postgres-binaries-windows-amd64/14.15.0/embedded-postgres-binaries-windows-amd64-14.15.0.jar:/home/runner/.m2/repository/io/zonky/test/postgres/embedded-postgres-binaries-darwin-amd64/14.15.0/embedded-postgres-binaries-darwin-amd64-14.15.0.jar:/home/runner/.m2/repository/io/zonky/test/postgres/embedded-postgres-binaries-linux-amd64/14.15.0/embedded-postgres-binaries-linux-amd64-14.15.0.jar:/home/runner/.m2/repository/io/zonky/test/postgres/embedded-postgres-binaries-linux-amd64-alpine/14.15.0/embedded-postgres-binaries-linux-amd64-alpine-14.15.0.jar:/home/runner/.m2/repository/org/apache/commons/commons-lang3/3.17.0/commons-lang3-3.17.0.jar:/home/runner/.m2/repository/org/tukaani/xz/1.10/xz-1.10.jar:/home/runner/.m2/repository/commons-codec/commons-codec/1.19.0/commons-codec-1.19.0.jar:/home/runner/.m2/repository/org/postgresql/postgresql/42.7.7/postgresql-42.7.7.jar:/home/runner/.m2/repository/commons-io/commons-io/2.18.0/commons-io-2.18.0.jar:/home/runner/work/apicurio-testing/apicurio-testing/clusters/ci419/namespaces/ksql047/tests/integration/apicurio-registry/utils/importexport/target/apicurio-registry-utils-import-export-3.0.13-SNAPSHOT.jar:/home/runner/.m2/repository/io/vertx/vertx-core/4.5.16/vertx-core-4.5.16.jar:/home/runner/.m2/repository/io/netty/netty-common/4.1.121.Final/netty-common-4.1.121.Final.jar:/home/runner/.m2/repository/io/netty/netty-buffer/4.1.121.Final/netty-buffer-4.1.121.Final.jar:/home/runner/.m2/repository/io/netty/netty-transport/4.1.121.Final/netty-transport-4.1.121.Final.jar:/home/runner/.m2/repository/io/netty/netty-handler/4.1.121.Final/netty-handler-4.1.121.Final.jar:/home/runner/.m2/repository/io/netty/netty-transport-native-unix-common/4.1.121.Final/netty-transport-native-unix-common-4.1.121.Final.jar:/home/runner/.m2/repository/io/netty/netty-codec/4.1.121.Final/netty-codec-4.1.121.Final.jar:/home/runner/.m2/repository/io/netty/netty-handler-proxy/4.1.121.Final/netty-handler-proxy-4.1.121.Final.jar:/home/runner/.m2/repository/io/netty/netty-codec-socks/4.1.121.Final/netty-codec-socks-4.1.121.Final.jar:/home/runner/.m2/repository/io/netty/netty-codec-http/4.1.121.Final/netty-codec-http-4.1.121.Final.jar:/home/runner/.m2/repository/io/netty/netty-codec-http2/4.1.121.Final/netty-codec-http2-4.1.121.Final.jar:/home/runner/.m2/repository/io/netty/netty-resolver/4.1.121.Final/netty-resolver-4.1.121.Final.jar:/home/runner/.m2/repository/io/netty/netty-resolver-dns/4.1.121.Final/netty-resolver-dns-4.1.121.Final.jar:/home/runner/.m2/repository/io/netty/netty-codec-dns/4.1.121.Final/netty-codec-dns-4.1.121.Final.jar:/home/runner/.m2/repository/com/fasterxml/jackson/core/jackson-core/2.18.2/jackson-core-2.18.2.jar:"/>
    <property name="sun.cpu.endian" value="little"/>
    <property name="user.home" value="/home/runner"/>
    <property name="user.language" value="en"/>
    <property name="jboss.log-version" value="false"/>
    <property name="java.specification.vendor" value="Oracle Corporation"/>
    <property name="java.version.date" value="2025-07-15"/>
    <property name="java.home" value="/usr/lib/jvm/temurin-17-jdk-amd64"/>
    <property name="file.separator" value="/"/>
    <property name="basedir" value="/home/runner/work/apicurio-testing/apicurio-testing/clusters/ci419/namespaces/ksql047/tests/integration/apicurio-registry/integration-tests"/>
    <property name="java.vm.compressedOopsMode" value="Zero based"/>
    <property name="line.separator" value="&#10;"/>
    <property name="java.specification.name" value="Java Platform API Specification"/>
    <property name="java.vm.specification.vendor" value="Oracle Corporation"/>
    <property name="quarkus.http.test-host" value="registry-app-ksql047.apps.ci419.apicurio-testing.org"/>
    <property name="surefire.real.class.path" value="/home/runner/work/apicurio-testing/apicurio-testing/clusters/ci419/namespaces/ksql047/tests/integration/apicurio-registry/integration-tests/target/surefire/surefirebooter-20250820124150619_3.jar"/>
    <property name="sun.management.compiler" value="HotSpot 64-Bit Tiered Compilers"/>
    <property name="org.eclipse.jetty.http.HttpGenerator.STRICT" value="true"/>
    <property name="java.runtime.version" value="17.0.16+8"/>
    <property name="user.name" value="runner"/>
    <property name="path.separator" value=":"/>
    <property name="os.version" value="6.11.0-1018-azure"/>
    <property name="java.runtime.name" value="OpenJDK Runtime Environment"/>
    <property name="file.encoding" value="UTF-8"/>
    <property name="jnidispatch.path" value="/home/runner/.cache/JNA/temp/jna13215973461032473136.tmp"/>
    <property name="java.vm.name" value="OpenJDK 64-Bit Server VM"/>
    <property name="jna.platform.library.path" value="/usr/lib/x86_64-linux-gnu:/lib/x86_64-linux-gnu:/usr/lib64:/lib64:/usr/lib:/lib:/lib32:/usr/local/lib:/usr/lib/x86_64-linux-gnu/libfakeroot"/>
    <property name="java.vendor.version" value="Temurin-17.0.16+8"/>
    <property name="quarkus.oidc.token-path" value="https://keycloak-ksql047.apps.ci419.apicurio-testing.org/realms/registry/protocol/openid-connect/token"/>
    <property name="quarkus.http.host" value="registry-app-ksql047.apps.ci419.apicurio-testing.org"/>
    <property name="localRepository" value="/home/runner/.m2/repository"/>
    <property name="javax.xml.xpath.XPathFactory:http://java.sun.com/jaxp/xpath/dom" value="com.sun.org.apache.xpath.internal.jaxp.XPathFactoryImpl"/>
    <property name="jna.loaded" value="true"/>
    <property name="java.vendor.url.bug" value="https://github.com/adoptium/adoptium-support/issues"/>
    <property name="jetty.git.hash" value="5bc5e562c8d05c5862505aebe5cf83a61bdbcb96"/>
    <property name="java.io.tmpdir" value="/tmp"/>
    <property name="quarkus.http.test-protocol" value="http"/>
    <property name="java.version" value="17.0.16"/>
    <property name="user.dir" value="/home/runner/work/apicurio-testing/apicurio-testing/clusters/ci419/namespaces/ksql047/tests/integration/apicurio-registry/integration-tests"/>
    <property name="os.arch" value="amd64"/>
    <property name="groups" value="( smoke | serdes | acceptance | ui)"/>
    <property name="java.vm.specification.name" value="Java Virtual Machine Specification"/>
    <property name="native.encoding" value="UTF-8"/>
    <property name="java.util.logging.manager" value="org.jboss.logmanager.LogManager"/>
    <property name="java.library.path" value="/usr/java/packages/lib:/usr/lib64:/lib64:/lib:/usr/lib"/>
    <property name="jdk.console" value="java.base"/>
    <property name="java.vm.info" value="mixed mode, sharing"/>
    <property name="java.vendor" value="Eclipse Adoptium"/>
    <property name="java.vm.version" value="17.0.16+8"/>
    <property name="java.specification.maintenance.version" value="1"/>
    <property name="sun.io.unicode.encoding" value="UnicodeLittle"/>
    <property name="javax.xml.transform.TransformerFactory" value="com.sun.org.apache.xalan.internal.xsltc.trax.TransformerFactoryImpl"/>
    <property name="java.class.version" value="61.0"/>
  </properties>
  <testcase name="testEvolveAvroConfluent" classname="io.apicurio.tests.serdes.confluent.BasicConfluentSerDesIT" time="13.68">
    <system-out><![CDATA[**** Registry Base URL: http://registry-app-ksql047.apps.ci419.apicurio-testing.org:80
**** Registry Base URL: http://registry-app-ksql047.apps.ci419.apicurio-testing.org:80
2025-08-20 12:45:29,073 INFO  [io.api.tes.ser.con.BasicConfluentSerDesIT] (main) RestAssured configured with http://registry-app-ksql047.apps.ci419.apicurio-testing.org:80/apis/registry/v3
**** Registry Base URL: http://registry-app-ksql047.apps.ci419.apicurio-testing.org:80
2025-08-20 12:45:29,430 INFO  [io.api.tes.ser.con.BasicConfluentSerDesIT] (main) Deleting confluent schema subj_10294555_bda0_452d_a011_582cae26ef88-value
2025-08-20 12:45:29,502 INFO  [io.api.tes.ser.con.BasicConfluentSerDesIT] (main) Deleting confluent schema subj_adcb2525_a0b7_494d_8f76_0ba2e59f3ed0-value
2025-08-20 12:45:29,570 INFO  [io.api.tes.ser.con.BasicConfluentSerDesIT] (main) Deleting confluent schema CUSTOMERS-key
2025-08-20 12:45:29,634 INFO  [io.api.tes.ser.con.BasicConfluentSerDesIT] (main) Deleting confluent schema CUSTOMERS.Value
2025-08-20 12:45:29,697 INFO  [io.api.tes.ser.con.BasicConfluentSerDesIT] (main) Deleting confluent schema CUSTOMERS-value
2025-08-20 12:45:29,761 INFO  [io.api.tes.ser.con.BasicConfluentSerDesIT] (main) Deleting confluent schema subj_45793946_bffb_4687_b4ba_ad0dedfd7d71-value
2025-08-20 12:45:29,825 INFO  [io.api.tes.ser.con.BasicConfluentSerDesIT] (main) Deleting confluent schema topic-1fcfefcb_bfc0_43a9_b0f4_698bb0ab0110-value
2025-08-20 12:45:29,889 INFO  [io.api.tes.ser.con.BasicConfluentSerDesIT] (main) Deleting confluent schema topic-3c9730ac_de9a_47b2_a6c9_76b27826dec4-value
2025-08-20 12:45:29,952 INFO  [io.api.tes.ser.con.BasicConfluentSerDesIT] (main) Deleting confluent schema topic-0b0ccaae_9ffe_4a15_afed_b90bcd538c6c-value
2025-08-20 12:45:30,015 INFO  [io.api.tes.ser.con.BasicConfluentSerDesIT] (main) Deleting confluent schema topic-3a1bd730_b1cb_41c9_b179_6ecd881b0f8d-value
2025-08-20 12:45:30,082 INFO  [io.api.tes.ser.con.BasicConfluentSerDesIT] (main) Deleting confluent schema topic-cbf507c6_f1d2_4ae3_96f2_9ed930340def-value
2025-08-20 12:45:30,145 INFO  [io.api.tes.ser.con.BasicConfluentSerDesIT] (main) Deleting confluent schema topic-337cf972_03b7_4aa8_a6dc_77ca0123c3b0-value
2025-08-20 12:45:30,210 INFO  [io.api.tes.ser.con.BasicConfluentSerDesIT] (main) Deleting confluent schema myrecordconfluent
2025-08-20 12:45:30,274 INFO  [io.api.tes.ser.con.BasicConfluentSerDesIT] (main) Deleting confluent schema topic-e4930853_71c4_47dc_b98c_89ec9008a306
2025-08-20 12:45:30,337 INFO  [io.api.tes.ser.con.BasicConfluentSerDesIT] (main) Deleting confluent schema topic-0e02368f_9123_4805_879c_0d02b512e817-value
2025-08-20 12:45:30,401 INFO  [io.api.tes.ser.con.BasicConfluentSerDesIT] (main) Deleting confluent schema topic-db7ae5b2_4a97_4d26_afed_2da20d68933f
2025-08-20 12:45:30,464 INFO  [io.api.tes.ser.con.BasicConfluentSerDesIT] (main) Deleting confluent schema topic-7840ba62_435b_4598_ab5e_67e5ef440b10-value
2025-08-20 12:45:30,528 INFO  [io.api.tes.ser.con.BasicConfluentSerDesIT] (main) Deleting confluent schema topic-fdf11e23_0f7a_4296_85b1_a44455c4d62e
2025-08-20 12:45:30,595 INFO  [io.api.tes.ser.con.BasicConfluentSerDesIT] (main) Deleting confluent schema topic-3128ea3e_9a4c_4522_a7ea_cb91941e63c8
2025-08-20 12:45:30,657 INFO  [io.api.tes.ser.con.BasicConfluentSerDesIT] (main) Deleting confluent schema topic-b19ce640_145b_4f76_89b0_778415d8af93-value
2025-08-20 12:45:30,721 INFO  [io.api.tes.ser.con.BasicConfluentSerDesIT] (main) Deleting confluent schema sc8593b16xf1b0x49d1x8af5x8fa3745afc23-value
2025-08-20 12:45:30,784 INFO  [io.api.tes.ser.con.BasicConfluentSerDesIT] (main) Deleting confluent schema google/protobuf/timestamp.proto
2025-08-20 12:45:30,846 INFO  [io.api.tes.ser.con.BasicConfluentSerDesIT] (main) Deleting confluent schema topic-faecce4c_63cb_48eb_954a_7c8045931970-value
2025-08-20 12:45:30,910 INFO  [io.api.tes.ser.con.BasicConfluentSerDesIT] (main) Deleting confluent schema topic-59b6b83c_366c_4115_9d12_d2808fb1f5c6-value
2025-08-20 12:45:30,974 INFO  [io.api.tes.ser.con.BasicConfluentSerDesIT] (main) Deleting confluent schema s289127a3x8dbbx4e71xaeb4x2612717a678b-value
2025-08-20 12:45:31,040 INFO  [io.api.tes.ser.con.BasicConfluentSerDesIT] (main) Deleting confluent schema topic-5e7623a9_a1e0_4971_9195_47ae689b8945-value
2025-08-20 12:45:31,104 INFO  [io.api.tes.ser.con.BasicConfluentSerDesIT] (main) Deleting confluent schema se270ca9dx90aex476fxa838x4f2490d23f6c-value
2025-08-20 12:45:31,167 INFO  [io.api.tes.ser.con.BasicConfluentSerDesIT] (main) Deleting confluent schema topic-56f6edab_bde6_4014_8022_85d02c18894e-value
2025-08-20 12:45:31,230 INFO  [io.api.tes.ser.con.BasicConfluentSerDesIT] (main) Deleting confluent schema topic-336ba73f_69e7_41cd_ac33_a18c3df619a3-value
2025-08-20 12:45:31,294 INFO  [io.api.tes.ser.con.BasicConfluentSerDesIT] (main) Deleting confluent schema topic-fd0487d0_fd8d_4039_9845_05f181ee19e6
2025-08-20 12:45:31,357 INFO  [io.api.tes.ser.con.BasicConfluentSerDesIT] (main) Deleting confluent schema topic-bfbfaacb_e2bd_44f0_86b7_b78a87089142
2025-08-20 12:45:31,419 INFO  [io.api.tes.ser.con.BasicConfluentSerDesIT] (main) Deleting confluent schema topic-3d3290cd_1d4f_4120_9308_577d72dc2e8d-value
2025-08-20 12:45:31,480 INFO  [io.api.tes.ser.con.BasicConfluentSerDesIT] (main) Deleting confluent schema topic-a7448863_2040_4d5a_a26f_445518f1fa19-value
2025-08-20 12:45:31,544 INFO  [io.api.tes.ser.con.BasicConfluentSerDesIT] (main) Deleting confluent schema topic-56c65d1e_8a62_43b9_850f_4ca92c3a4250-value
2025-08-20 12:45:31,609 INFO  [io.api.tes.uti.KafkaFacade] (main) Skipping deployment of kafka, because it's already deployed
2025-08-20 12:45:31,610 INFO  [io.api.tes.uti.TestSeparator] (main) ############################################################################
2025-08-20 12:45:31,610 INFO  [io.api.tes.uti.TestSeparator] (main) io.apicurio.tests.serdes.confluent.BasicConfluentSerDesIT.testEvolveAvroConfluent-STARTED
2025-08-20 12:45:31,612 INFO  [org.apa.kaf.cli.adm.AdminClientConfig] (main) AdminClientConfig values: 
	auto.include.jmx.reporter = true
	bootstrap.controllers = []
	bootstrap.servers = [PLAINTEXT://localhost:32769]
	client.dns.lookup = use_all_dns_ips
	client.id = 
	connections.max.idle.ms = 10000
	default.api.timeout.ms = 60000
	enable.metrics.push = true
	metadata.max.age.ms = 300000
	metadata.recovery.strategy = none
	metric.reporters = []
	metrics.num.samples = 2
	metrics.recording.level = INFO
	metrics.sample.window.ms = 30000
	receive.buffer.bytes = 65536
	reconnect.backoff.max.ms = 1000
	reconnect.backoff.ms = 50
	request.timeout.ms = 5000
	retries = 2147483647
	retry.backoff.max.ms = 1000
	retry.backoff.ms = 100
	sasl.client.callback.handler.class = null
	sasl.jaas.config = null
	sasl.kerberos.kinit.cmd = /usr/bin/kinit
	sasl.kerberos.min.time.before.relogin = 60000
	sasl.kerberos.service.name = null
	sasl.kerberos.ticket.renew.jitter = 0.05
	sasl.kerberos.ticket.renew.window.factor = 0.8
	sasl.login.callback.handler.class = null
	sasl.login.class = null
	sasl.login.connect.timeout.ms = null
	sasl.login.read.timeout.ms = null
	sasl.login.refresh.buffer.seconds = 300
	sasl.login.refresh.min.period.seconds = 60
	sasl.login.refresh.window.factor = 0.8
	sasl.login.refresh.window.jitter = 0.05
	sasl.login.retry.backoff.max.ms = 10000
	sasl.login.retry.backoff.ms = 100
	sasl.mechanism = GSSAPI
	sasl.oauthbearer.clock.skew.seconds = 30
	sasl.oauthbearer.expected.audience = null
	sasl.oauthbearer.expected.issuer = null
	sasl.oauthbearer.header.urlencode = false
	sasl.oauthbearer.jwks.endpoint.refresh.ms = 3600000
	sasl.oauthbearer.jwks.endpoint.retry.backoff.max.ms = 10000
	sasl.oauthbearer.jwks.endpoint.retry.backoff.ms = 100
	sasl.oauthbearer.jwks.endpoint.url = null
	sasl.oauthbearer.scope.claim.name = scope
	sasl.oauthbearer.sub.claim.name = sub
	sasl.oauthbearer.token.endpoint.url = null
	security.protocol = PLAINTEXT
	security.providers = null
	send.buffer.bytes = 131072
	socket.connection.setup.timeout.max.ms = 30000
	socket.connection.setup.timeout.ms = 10000
	ssl.cipher.suites = null
	ssl.enabled.protocols = [TLSv1.2, TLSv1.3]
	ssl.endpoint.identification.algorithm = https
	ssl.engine.factory.class = null
	ssl.key.password = null
	ssl.keymanager.algorithm = SunX509
	ssl.keystore.certificate.chain = null
	ssl.keystore.key = null
	ssl.keystore.location = null
	ssl.keystore.password = null
	ssl.keystore.type = JKS
	ssl.protocol = TLSv1.3
	ssl.provider = null
	ssl.secure.random.implementation = null
	ssl.trustmanager.algorithm = PKIX
	ssl.truststore.certificates = null
	ssl.truststore.location = null
	ssl.truststore.password = null
	ssl.truststore.type = JKS

2025-08-20 12:45:31,613 INFO  [org.apa.kaf.com.uti.AppInfoParser] (main) Kafka version: 3.9.1
2025-08-20 12:45:31,613 INFO  [org.apa.kaf.com.uti.AppInfoParser] (main) Kafka commitId: f745dfdcee2b9851
2025-08-20 12:45:31,613 INFO  [org.apa.kaf.com.uti.AppInfoParser] (main) Kafka startTimeMs: 1755693931613
2025-08-20 12:45:31,792 INFO  [io.api.tes.ser.con.BasicConfluentSerDesIT] (main) Checking that created schema is equal to the get schema
2025-08-20 12:45:31,834 INFO  [io.api.tes.ser.con.BasicConfluentSerDesIT] (main) Created schema with id:108 and name:sabbc7c59x4731x428bx89ffx23afbf15132f
**** Registry Base URL: http://registry-app-ksql047.apps.ci419.apicurio-testing.org:80
2025-08-20 12:45:31,839 INFO  [org.apa.kaf.cli.pro.ProducerConfig] (main) ProducerConfig values: 
	acks = -1
	auto.include.jmx.reporter = true
	batch.size = 16384
	bootstrap.servers = [PLAINTEXT://localhost:32769]
	buffer.memory = 33554432
	client.dns.lookup = use_all_dns_ips
	client.id = Producer-topic-cdd7c251_83d6_4815_8435_fdb667819777
	compression.gzip.level = -1
	compression.lz4.level = 9
	compression.type = none
	compression.zstd.level = 3
	connections.max.idle.ms = 10000
	delivery.timeout.ms = 120000
	enable.idempotence = true
	enable.metrics.push = true
	interceptor.classes = []
	key.serializer = class org.apache.kafka.common.serialization.StringSerializer
	linger.ms = 0
	max.block.ms = 60000
	max.in.flight.requests.per.connection = 5
	max.request.size = 1048576
	metadata.max.age.ms = 300000
	metadata.max.idle.ms = 300000
	metadata.recovery.strategy = none
	metric.reporters = []
	metrics.num.samples = 2
	metrics.recording.level = INFO
	metrics.sample.window.ms = 30000
	partitioner.adaptive.partitioning.enable = true
	partitioner.availability.timeout.ms = 0
	partitioner.class = null
	partitioner.ignore.keys = false
	receive.buffer.bytes = 32768
	reconnect.backoff.max.ms = 1000
	reconnect.backoff.ms = 50
	request.timeout.ms = 5000
	retries = 2147483647
	retry.backoff.max.ms = 1000
	retry.backoff.ms = 100
	sasl.client.callback.handler.class = null
	sasl.jaas.config = null
	sasl.kerberos.kinit.cmd = /usr/bin/kinit
	sasl.kerberos.min.time.before.relogin = 60000
	sasl.kerberos.service.name = null
	sasl.kerberos.ticket.renew.jitter = 0.05
	sasl.kerberos.ticket.renew.window.factor = 0.8
	sasl.login.callback.handler.class = null
	sasl.login.class = null
	sasl.login.connect.timeout.ms = null
	sasl.login.read.timeout.ms = null
	sasl.login.refresh.buffer.seconds = 300
	sasl.login.refresh.min.period.seconds = 60
	sasl.login.refresh.window.factor = 0.8
	sasl.login.refresh.window.jitter = 0.05
	sasl.login.retry.backoff.max.ms = 10000
	sasl.login.retry.backoff.ms = 100
	sasl.mechanism = GSSAPI
	sasl.oauthbearer.clock.skew.seconds = 30
	sasl.oauthbearer.expected.audience = null
	sasl.oauthbearer.expected.issuer = null
	sasl.oauthbearer.header.urlencode = false
	sasl.oauthbearer.jwks.endpoint.refresh.ms = 3600000
	sasl.oauthbearer.jwks.endpoint.retry.backoff.max.ms = 10000
	sasl.oauthbearer.jwks.endpoint.retry.backoff.ms = 100
	sasl.oauthbearer.jwks.endpoint.url = null
	sasl.oauthbearer.scope.claim.name = scope
	sasl.oauthbearer.sub.claim.name = sub
	sasl.oauthbearer.token.endpoint.url = null
	security.protocol = PLAINTEXT
	security.providers = null
	send.buffer.bytes = 131072
	socket.connection.setup.timeout.max.ms = 30000
	socket.connection.setup.timeout.ms = 10000
	ssl.cipher.suites = null
	ssl.enabled.protocols = [TLSv1.2, TLSv1.3]
	ssl.endpoint.identification.algorithm = https
	ssl.engine.factory.class = null
	ssl.key.password = null
	ssl.keymanager.algorithm = SunX509
	ssl.keystore.certificate.chain = null
	ssl.keystore.key = null
	ssl.keystore.location = null
	ssl.keystore.password = null
	ssl.keystore.type = JKS
	ssl.protocol = TLSv1.3
	ssl.provider = null
	ssl.secure.random.implementation = null
	ssl.trustmanager.algorithm = PKIX
	ssl.truststore.certificates = null
	ssl.truststore.location = null
	ssl.truststore.password = null
	ssl.truststore.type = JKS
	transaction.timeout.ms = 60000
	transactional.id = null
	value.serializer = class io.confluent.kafka.serializers.KafkaAvroSerializer

2025-08-20 12:45:31,839 INFO  [org.apa.kaf.com.tel.int.KafkaMetricsCollector] (main) initializing Kafka metrics collector
2025-08-20 12:45:31,841 INFO  [io.con.kaf.ser.KafkaAvroSerializerConfig] (main) KafkaAvroSerializerConfig values: 
	auto.register.schemas = false
	avro.reflection.allow.null = false
	avro.remove.java.properties = false
	avro.use.logical.type.converters = false
	basic.auth.credentials.source = URL
	basic.auth.user.info = [hidden]
	bearer.auth.cache.expiry.buffer.seconds = 300
	bearer.auth.client.id = null
	bearer.auth.client.secret = null
	bearer.auth.credentials.source = STATIC_TOKEN
	bearer.auth.custom.provider.class = null
	bearer.auth.identity.pool.id = null
	bearer.auth.issuer.endpoint.url = null
	bearer.auth.logical.cluster = null
	bearer.auth.scope = null
	bearer.auth.scope.claim.name = scope
	bearer.auth.sub.claim.name = sub
	bearer.auth.token = [hidden]
	context.name.strategy = class io.confluent.kafka.serializers.context.NullContextNameStrategy
	http.connect.timeout.ms = 60000
	http.read.timeout.ms = 60000
	id.compatibility.strict = true
	key.schema.id.deserializer = class io.confluent.kafka.serializers.schema.id.DualSchemaIdDeserializer
	key.schema.id.serializer = class io.confluent.kafka.serializers.schema.id.PrefixSchemaIdSerializer
	key.subject.name.strategy = class io.confluent.kafka.serializers.subject.TopicNameStrategy
	latest.cache.size = 1000
	latest.cache.ttl.sec = -1
	latest.compatibility.strict = true
	max.retries = 3
	max.schemas.per.subject = 1000
	normalize.schemas = false
	propagate.schema.tags = false
	proxy.host = 
	proxy.port = -1
	retries.max.wait.ms = 20000
	retries.wait.ms = 1000
	rule.actions = []
	rule.executors = []
	rule.service.loader.enable = true
	schema.format = null
	schema.reflection = false
	schema.registry.basic.auth.user.info = [hidden]
	schema.registry.ssl.cipher.suites = null
	schema.registry.ssl.enabled.protocols = [TLSv1.2, TLSv1.3]
	schema.registry.ssl.endpoint.identification.algorithm = https
	schema.registry.ssl.engine.factory.class = null
	schema.registry.ssl.key.password = null
	schema.registry.ssl.keymanager.algorithm = SunX509
	schema.registry.ssl.keystore.certificate.chain = null
	schema.registry.ssl.keystore.key = null
	schema.registry.ssl.keystore.location = null
	schema.registry.ssl.keystore.password = null
	schema.registry.ssl.keystore.type = JKS
	schema.registry.ssl.protocol = TLSv1.3
	schema.registry.ssl.provider = null
	schema.registry.ssl.secure.random.implementation = null
	schema.registry.ssl.trustmanager.algorithm = PKIX
	schema.registry.ssl.truststore.certificates = null
	schema.registry.ssl.truststore.location = null
	schema.registry.ssl.truststore.password = null
	schema.registry.ssl.truststore.type = JKS
	schema.registry.url = [http://registry-app-ksql047.apps.ci419.apicurio-testing.org:80/apis/ccompat/v7]
	schema.registry.url.randomize = false
	use.latest.version = false
	use.latest.with.metadata = null
	use.schema.id = -1
	value.schema.id.deserializer = class io.confluent.kafka.serializers.schema.id.DualSchemaIdDeserializer
	value.schema.id.serializer = class io.confluent.kafka.serializers.schema.id.PrefixSchemaIdSerializer
	value.subject.name.strategy = class io.confluent.kafka.serializers.subject.TopicRecordNameStrategy

2025-08-20 12:45:31,849 INFO  [org.apa.kaf.cli.pro.KafkaProducer] (main) [Producer clientId=Producer-topic-cdd7c251_83d6_4815_8435_fdb667819777] Instantiated an idempotent producer.
2025-08-20 12:45:31,850 INFO  [org.apa.kaf.cli.pro.ProducerConfig] (main) These configurations '[schema.registry.url, auto.register.schemas, value.subject.name.strategy]' were supplied but are not used yet.
2025-08-20 12:45:31,850 INFO  [org.apa.kaf.com.uti.AppInfoParser] (main) Kafka version: 3.9.1
2025-08-20 12:45:31,850 INFO  [org.apa.kaf.com.uti.AppInfoParser] (main) Kafka commitId: f745dfdcee2b9851
2025-08-20 12:45:31,850 INFO  [org.apa.kaf.com.uti.AppInfoParser] (main) Kafka startTimeMs: 1755693931850
**** Registry Base URL: http://registry-app-ksql047.apps.ci419.apicurio-testing.org:80
2025-08-20 12:45:31,852 INFO  [org.apa.kaf.cli.con.ConsumerConfig] (main) ConsumerConfig values: 
	allow.auto.create.topics = true
	auto.commit.interval.ms = 500
	auto.include.jmx.reporter = true
	auto.offset.reset = earliest
	bootstrap.servers = [PLAINTEXT://localhost:32769]
	check.crcs = true
	client.dns.lookup = use_all_dns_ips
	client.id = consumer-Consumer-topic-cdd7c251_83d6_4815_8435_fdb667819777-34
	client.rack = 
	connections.max.idle.ms = 10000
	default.api.timeout.ms = 60000
	enable.auto.commit = true
	enable.metrics.push = true
	exclude.internal.topics = true
	fetch.max.bytes = 52428800
	fetch.max.wait.ms = 500
	fetch.min.bytes = 1
	group.id = Consumer-topic-cdd7c251_83d6_4815_8435_fdb667819777
	group.instance.id = null
	group.protocol = classic
	group.remote.assignor = null
	heartbeat.interval.ms = 3000
	interceptor.classes = []
	internal.leave.group.on.close = true
	internal.throw.on.fetch.stable.offset.unsupported = false
	isolation.level = read_uncommitted
	key.deserializer = class org.apache.kafka.common.serialization.StringDeserializer
	max.partition.fetch.bytes = 1048576
	max.poll.interval.ms = 300000
	max.poll.records = 500
	metadata.max.age.ms = 300000
	metadata.recovery.strategy = none
	metric.reporters = []
	metrics.num.samples = 2
	metrics.recording.level = INFO
	metrics.sample.window.ms = 30000
	partition.assignment.strategy = [class org.apache.kafka.clients.consumer.RangeAssignor, class org.apache.kafka.clients.consumer.CooperativeStickyAssignor]
	receive.buffer.bytes = 65536
	reconnect.backoff.max.ms = 1000
	reconnect.backoff.ms = 50
	request.timeout.ms = 5000
	retry.backoff.max.ms = 1000
	retry.backoff.ms = 100
	sasl.client.callback.handler.class = null
	sasl.jaas.config = null
	sasl.kerberos.kinit.cmd = /usr/bin/kinit
	sasl.kerberos.min.time.before.relogin = 60000
	sasl.kerberos.service.name = null
	sasl.kerberos.ticket.renew.jitter = 0.05
	sasl.kerberos.ticket.renew.window.factor = 0.8
	sasl.login.callback.handler.class = null
	sasl.login.class = null
	sasl.login.connect.timeout.ms = null
	sasl.login.read.timeout.ms = null
	sasl.login.refresh.buffer.seconds = 300
	sasl.login.refresh.min.period.seconds = 60
	sasl.login.refresh.window.factor = 0.8
	sasl.login.refresh.window.jitter = 0.05
	sasl.login.retry.backoff.max.ms = 10000
	sasl.login.retry.backoff.ms = 100
	sasl.mechanism = GSSAPI
	sasl.oauthbearer.clock.skew.seconds = 30
	sasl.oauthbearer.expected.audience = null
	sasl.oauthbearer.expected.issuer = null
	sasl.oauthbearer.header.urlencode = false
	sasl.oauthbearer.jwks.endpoint.refresh.ms = 3600000
	sasl.oauthbearer.jwks.endpoint.retry.backoff.max.ms = 10000
	sasl.oauthbearer.jwks.endpoint.retry.backoff.ms = 100
	sasl.oauthbearer.jwks.endpoint.url = null
	sasl.oauthbearer.scope.claim.name = scope
	sasl.oauthbearer.sub.claim.name = sub
	sasl.oauthbearer.token.endpoint.url = null
	security.protocol = PLAINTEXT
	security.providers = null
	send.buffer.bytes = 131072
	session.timeout.ms = 45000
	socket.connection.setup.timeout.max.ms = 30000
	socket.connection.setup.timeout.ms = 10000
	ssl.cipher.suites = null
	ssl.enabled.protocols = [TLSv1.2, TLSv1.3]
	ssl.endpoint.identification.algorithm = https
	ssl.engine.factory.class = null
	ssl.key.password = null
	ssl.keymanager.algorithm = SunX509
	ssl.keystore.certificate.chain = null
	ssl.keystore.key = null
	ssl.keystore.location = null
	ssl.keystore.password = null
	ssl.keystore.type = JKS
	ssl.protocol = TLSv1.3
	ssl.provider = null
	ssl.secure.random.implementation = null
	ssl.trustmanager.algorithm = PKIX
	ssl.truststore.certificates = null
	ssl.truststore.location = null
	ssl.truststore.password = null
	ssl.truststore.type = JKS
	value.deserializer = class io.confluent.kafka.serializers.KafkaAvroDeserializer

2025-08-20 12:45:31,853 INFO  [org.apa.kaf.com.tel.int.KafkaMetricsCollector] (main) initializing Kafka metrics collector
2025-08-20 12:45:31,853 INFO  [org.apa.kaf.cli.Metadata] (kafka-producer-network-thread | Producer-topic-cdd7c251_83d6_4815_8435_fdb667819777) [Producer clientId=Producer-topic-cdd7c251_83d6_4815_8435_fdb667819777] Cluster ID: EQyFwMkXTJ-zd_jVgBIUnQ
2025-08-20 12:45:31,853 INFO  [org.apa.kaf.cli.pro.int.TransactionManager] (kafka-producer-network-thread | Producer-topic-cdd7c251_83d6_4815_8435_fdb667819777) [Producer clientId=Producer-topic-cdd7c251_83d6_4815_8435_fdb667819777] ProducerId set to 44 with epoch 0
2025-08-20 12:45:31,853 INFO  [io.con.kaf.ser.KafkaAvroDeserializerConfig] (main) KafkaAvroDeserializerConfig values: 
	auto.register.schemas = true
	avro.reflection.allow.null = false
	avro.use.logical.type.converters = false
	basic.auth.credentials.source = URL
	basic.auth.user.info = [hidden]
	bearer.auth.cache.expiry.buffer.seconds = 300
	bearer.auth.client.id = null
	bearer.auth.client.secret = null
	bearer.auth.credentials.source = STATIC_TOKEN
	bearer.auth.custom.provider.class = null
	bearer.auth.identity.pool.id = null
	bearer.auth.issuer.endpoint.url = null
	bearer.auth.logical.cluster = null
	bearer.auth.scope = null
	bearer.auth.scope.claim.name = scope
	bearer.auth.sub.claim.name = sub
	bearer.auth.token = [hidden]
	context.name.strategy = class io.confluent.kafka.serializers.context.NullContextNameStrategy
	http.connect.timeout.ms = 60000
	http.read.timeout.ms = 60000
	id.compatibility.strict = true
	key.schema.id.deserializer = class io.confluent.kafka.serializers.schema.id.DualSchemaIdDeserializer
	key.schema.id.serializer = class io.confluent.kafka.serializers.schema.id.PrefixSchemaIdSerializer
	key.subject.name.strategy = class io.confluent.kafka.serializers.subject.TopicNameStrategy
	latest.cache.size = 1000
	latest.cache.ttl.sec = -1
	latest.compatibility.strict = true
	max.retries = 3
	max.schemas.per.subject = 1000
	normalize.schemas = false
	propagate.schema.tags = false
	proxy.host = 
	proxy.port = -1
	retries.max.wait.ms = 20000
	retries.wait.ms = 1000
	rule.actions = []
	rule.executors = []
	rule.service.loader.enable = true
	schema.format = null
	schema.reflection = false
	schema.registry.basic.auth.user.info = [hidden]
	schema.registry.ssl.cipher.suites = null
	schema.registry.ssl.enabled.protocols = [TLSv1.2, TLSv1.3]
	schema.registry.ssl.endpoint.identification.algorithm = https
	schema.registry.ssl.engine.factory.class = null
	schema.registry.ssl.key.password = null
	schema.registry.ssl.keymanager.algorithm = SunX509
	schema.registry.ssl.keystore.certificate.chain = null
	schema.registry.ssl.keystore.key = null
	schema.registry.ssl.keystore.location = null
	schema.registry.ssl.keystore.password = null
	schema.registry.ssl.keystore.type = JKS
	schema.registry.ssl.protocol = TLSv1.3
	schema.registry.ssl.provider = null
	schema.registry.ssl.secure.random.implementation = null
	schema.registry.ssl.trustmanager.algorithm = PKIX
	schema.registry.ssl.truststore.certificates = null
	schema.registry.ssl.truststore.location = null
	schema.registry.ssl.truststore.password = null
	schema.registry.ssl.truststore.type = JKS
	schema.registry.url = [http://registry-app-ksql047.apps.ci419.apicurio-testing.org:80/apis/ccompat/v7]
	schema.registry.url.randomize = false
	specific.avro.key.type = null
	specific.avro.reader = false
	specific.avro.value.type = null
	use.latest.version = false
	use.latest.with.metadata = null
	use.schema.id = -1
	value.schema.id.deserializer = class io.confluent.kafka.serializers.schema.id.DualSchemaIdDeserializer
	value.schema.id.serializer = class io.confluent.kafka.serializers.schema.id.PrefixSchemaIdSerializer
	value.subject.name.strategy = class io.confluent.kafka.serializers.subject.TopicNameStrategy

2025-08-20 12:45:31,857 INFO  [org.apa.kaf.cli.con.ConsumerConfig] (main) These configurations '[schema.registry.url]' were supplied but are not used yet.
2025-08-20 12:45:31,857 INFO  [org.apa.kaf.com.uti.AppInfoParser] (main) Kafka version: 3.9.1
2025-08-20 12:45:31,857 INFO  [org.apa.kaf.com.uti.AppInfoParser] (main) Kafka commitId: f745dfdcee2b9851
2025-08-20 12:45:31,857 INFO  [org.apa.kaf.com.uti.AppInfoParser] (main) Kafka startTimeMs: 1755693931857
2025-08-20 12:45:31,858 INFO  [io.api.tes.ser.api.KafkaSerdesTester] (ForkJoinPool.commonPool-worker-1) Sending message {"key1": "value-0"} to topic topic-cdd7c251_83d6_4815_8435_fdb667819777
2025-08-20 12:45:31,910 INFO  [io.api.tes.ser.api.KafkaSerdesTester] (ForkJoinPool.commonPool-worker-1) Sending message {"key1": "value-1"} to topic topic-cdd7c251_83d6_4815_8435_fdb667819777
2025-08-20 12:45:31,911 INFO  [io.api.tes.ser.api.KafkaSerdesTester] (ForkJoinPool.commonPool-worker-1) Sending message {"key1": "value-2"} to topic topic-cdd7c251_83d6_4815_8435_fdb667819777
2025-08-20 12:45:31,912 INFO  [io.api.tes.ser.api.KafkaSerdesTester] (ForkJoinPool.commonPool-worker-1) Sending message {"key1": "value-3"} to topic topic-cdd7c251_83d6_4815_8435_fdb667819777
2025-08-20 12:45:31,914 INFO  [io.api.tes.ser.api.KafkaSerdesTester] (ForkJoinPool.commonPool-worker-1) Sending message {"key1": "value-4"} to topic topic-cdd7c251_83d6_4815_8435_fdb667819777
2025-08-20 12:45:31,915 INFO  [io.api.tes.ser.api.KafkaSerdesTester] (ForkJoinPool.commonPool-worker-1) Sending message {"key1": "value-5"} to topic topic-cdd7c251_83d6_4815_8435_fdb667819777
2025-08-20 12:45:31,916 INFO  [io.api.tes.ser.api.KafkaSerdesTester] (ForkJoinPool.commonPool-worker-1) Sending message {"key1": "value-6"} to topic topic-cdd7c251_83d6_4815_8435_fdb667819777
2025-08-20 12:45:31,916 INFO  [io.api.tes.ser.api.KafkaSerdesTester] (ForkJoinPool.commonPool-worker-1) Sending message {"key1": "value-7"} to topic topic-cdd7c251_83d6_4815_8435_fdb667819777
2025-08-20 12:45:31,917 INFO  [io.api.tes.ser.api.KafkaSerdesTester] (ForkJoinPool.commonPool-worker-1) Sending message {"key1": "value-8"} to topic topic-cdd7c251_83d6_4815_8435_fdb667819777
2025-08-20 12:45:31,918 INFO  [io.api.tes.ser.api.KafkaSerdesTester] (ForkJoinPool.commonPool-worker-1) Sending message {"key1": "value-9"} to topic topic-cdd7c251_83d6_4815_8435_fdb667819777
2025-08-20 12:45:31,919 INFO  [io.api.tes.ser.api.KafkaSerdesTester] (ForkJoinPool.commonPool-worker-1) Produced 10 messages
2025-08-20 12:45:31,919 INFO  [org.apa.kaf.cli.pro.KafkaProducer] (ForkJoinPool.commonPool-worker-1) [Producer clientId=Producer-topic-cdd7c251_83d6_4815_8435_fdb667819777] Closing the Kafka producer with timeoutMillis = 9223372036854775807 ms.
2025-08-20 12:45:31,921 INFO  [org.apa.kaf.com.met.Metrics] (ForkJoinPool.commonPool-worker-1) Metrics scheduler closed
2025-08-20 12:45:31,921 INFO  [org.apa.kaf.com.met.Metrics] (ForkJoinPool.commonPool-worker-1) Closing reporter org.apache.kafka.common.metrics.JmxReporter
2025-08-20 12:45:31,921 INFO  [org.apa.kaf.com.met.Metrics] (ForkJoinPool.commonPool-worker-1) Closing reporter org.apache.kafka.common.telemetry.internals.ClientTelemetryReporter
2025-08-20 12:45:31,921 INFO  [org.apa.kaf.com.met.Metrics] (ForkJoinPool.commonPool-worker-1) Metrics reporters closed
2025-08-20 12:45:31,922 INFO  [org.apa.kaf.com.uti.AppInfoParser] (ForkJoinPool.commonPool-worker-1) App info kafka.producer for Producer-topic-cdd7c251_83d6_4815_8435_fdb667819777 unregistered
2025-08-20 12:45:31,922 INFO  [org.apa.kaf.cli.con.int.ClassicKafkaConsumer] (ForkJoinPool.commonPool-worker-1) [Consumer clientId=consumer-Consumer-topic-cdd7c251_83d6_4815_8435_fdb667819777-34, groupId=Consumer-topic-cdd7c251_83d6_4815_8435_fdb667819777] Subscribed to topic(s): topic-cdd7c251_83d6_4815_8435_fdb667819777
2025-08-20 12:45:31,924 INFO  [org.apa.kaf.cli.Metadata] (ForkJoinPool.commonPool-worker-1) [Consumer clientId=consumer-Consumer-topic-cdd7c251_83d6_4815_8435_fdb667819777-34, groupId=Consumer-topic-cdd7c251_83d6_4815_8435_fdb667819777] Cluster ID: EQyFwMkXTJ-zd_jVgBIUnQ
2025-08-20 12:45:31,925 INFO  [org.apa.kaf.cli.con.int.ConsumerCoordinator] (ForkJoinPool.commonPool-worker-1) [Consumer clientId=consumer-Consumer-topic-cdd7c251_83d6_4815_8435_fdb667819777-34, groupId=Consumer-topic-cdd7c251_83d6_4815_8435_fdb667819777] Discovered group coordinator localhost:32769 (id: 2147483647 rack: null)
2025-08-20 12:45:31,926 INFO  [org.apa.kaf.cli.con.int.ConsumerCoordinator] (ForkJoinPool.commonPool-worker-1) [Consumer clientId=consumer-Consumer-topic-cdd7c251_83d6_4815_8435_fdb667819777-34, groupId=Consumer-topic-cdd7c251_83d6_4815_8435_fdb667819777] (Re-)joining group
2025-08-20 12:45:31,927 INFO  [org.apa.kaf.cli.con.int.ConsumerCoordinator] (ForkJoinPool.commonPool-worker-1) [Consumer clientId=consumer-Consumer-topic-cdd7c251_83d6_4815_8435_fdb667819777-34, groupId=Consumer-topic-cdd7c251_83d6_4815_8435_fdb667819777] Request joining group due to: need to re-join with the given member-id: consumer-Consumer-topic-cdd7c251_83d6_4815_8435_fdb667819777-34-e9430620-691f-4b6a-887a-ee7061d87aa5
2025-08-20 12:45:31,927 INFO  [org.apa.kaf.cli.con.int.ConsumerCoordinator] (ForkJoinPool.commonPool-worker-1) [Consumer clientId=consumer-Consumer-topic-cdd7c251_83d6_4815_8435_fdb667819777-34, groupId=Consumer-topic-cdd7c251_83d6_4815_8435_fdb667819777] (Re-)joining group
2025-08-20 12:45:32,923 INFO  [io.api.tes.ser.api.KafkaSerdesTester] (ForkJoinPool.commonPool-worker-1) None found
2025-08-20 12:45:33,923 INFO  [io.api.tes.ser.api.KafkaSerdesTester] (ForkJoinPool.commonPool-worker-1) None found
2025-08-20 12:45:34,924 INFO  [io.api.tes.ser.api.KafkaSerdesTester] (ForkJoinPool.commonPool-worker-1) None found
2025-08-20 12:45:34,929 INFO  [org.apa.kaf.cli.con.int.ConsumerCoordinator] (ForkJoinPool.commonPool-worker-1) [Consumer clientId=consumer-Consumer-topic-cdd7c251_83d6_4815_8435_fdb667819777-34, groupId=Consumer-topic-cdd7c251_83d6_4815_8435_fdb667819777] Successfully joined group with generation Generation{generationId=1, memberId='consumer-Consumer-topic-cdd7c251_83d6_4815_8435_fdb667819777-34-e9430620-691f-4b6a-887a-ee7061d87aa5', protocol='range'}
2025-08-20 12:45:34,930 INFO  [org.apa.kaf.cli.con.int.ConsumerCoordinator] (ForkJoinPool.commonPool-worker-1) [Consumer clientId=consumer-Consumer-topic-cdd7c251_83d6_4815_8435_fdb667819777-34, groupId=Consumer-topic-cdd7c251_83d6_4815_8435_fdb667819777] Finished assignment for group at generation 1: {consumer-Consumer-topic-cdd7c251_83d6_4815_8435_fdb667819777-34-e9430620-691f-4b6a-887a-ee7061d87aa5=Assignment(partitions=[topic-cdd7c251_83d6_4815_8435_fdb667819777-0])}
2025-08-20 12:45:34,936 INFO  [org.apa.kaf.cli.con.int.ConsumerCoordinator] (ForkJoinPool.commonPool-worker-1) [Consumer clientId=consumer-Consumer-topic-cdd7c251_83d6_4815_8435_fdb667819777-34, groupId=Consumer-topic-cdd7c251_83d6_4815_8435_fdb667819777] Successfully synced group in generation Generation{generationId=1, memberId='consumer-Consumer-topic-cdd7c251_83d6_4815_8435_fdb667819777-34-e9430620-691f-4b6a-887a-ee7061d87aa5', protocol='range'}
2025-08-20 12:45:34,936 INFO  [org.apa.kaf.cli.con.int.ConsumerCoordinator] (ForkJoinPool.commonPool-worker-1) [Consumer clientId=consumer-Consumer-topic-cdd7c251_83d6_4815_8435_fdb667819777-34, groupId=Consumer-topic-cdd7c251_83d6_4815_8435_fdb667819777] Notifying assignor about the new Assignment(partitions=[topic-cdd7c251_83d6_4815_8435_fdb667819777-0])
2025-08-20 12:45:34,936 INFO  [org.apa.kaf.cli.con.int.ConsumerRebalanceListenerInvoker] (ForkJoinPool.commonPool-worker-1) [Consumer clientId=consumer-Consumer-topic-cdd7c251_83d6_4815_8435_fdb667819777-34, groupId=Consumer-topic-cdd7c251_83d6_4815_8435_fdb667819777] Adding newly assigned partitions: topic-cdd7c251_83d6_4815_8435_fdb667819777-0
2025-08-20 12:45:34,937 INFO  [org.apa.kaf.cli.con.int.ConsumerCoordinator] (ForkJoinPool.commonPool-worker-1) [Consumer clientId=consumer-Consumer-topic-cdd7c251_83d6_4815_8435_fdb667819777-34, groupId=Consumer-topic-cdd7c251_83d6_4815_8435_fdb667819777] Found no committed offset for partition topic-cdd7c251_83d6_4815_8435_fdb667819777-0
2025-08-20 12:45:34,939 INFO  [org.apa.kaf.cli.con.int.SubscriptionState] (ForkJoinPool.commonPool-worker-1) [Consumer clientId=consumer-Consumer-topic-cdd7c251_83d6_4815_8435_fdb667819777-34, groupId=Consumer-topic-cdd7c251_83d6_4815_8435_fdb667819777] Resetting offset for partition topic-cdd7c251_83d6_4815_8435_fdb667819777-0 to position FetchPosition{offset=0, offsetEpoch=Optional.empty, currentLeader=LeaderAndEpoch{leader=Optional[localhost:32769 (id: 0 rack: null)], epoch=0}}.
2025-08-20 12:45:34,980 INFO  [io.api.tes.ser.api.KafkaSerdesTester] (ForkJoinPool.commonPool-worker-1) topic-cdd7c251_83d6_4815_8435_fdb667819777 0 0 {"key1": "value-0"}
2025-08-20 12:45:34,980 INFO  [io.api.tes.ser.api.KafkaSerdesTester] (ForkJoinPool.commonPool-worker-1) topic-cdd7c251_83d6_4815_8435_fdb667819777 0 1 {"key1": "value-1"}
2025-08-20 12:45:34,980 INFO  [io.api.tes.ser.api.KafkaSerdesTester] (ForkJoinPool.commonPool-worker-1) topic-cdd7c251_83d6_4815_8435_fdb667819777 0 2 {"key1": "value-2"}
2025-08-20 12:45:34,980 INFO  [io.api.tes.ser.api.KafkaSerdesTester] (ForkJoinPool.commonPool-worker-1) topic-cdd7c251_83d6_4815_8435_fdb667819777 0 3 {"key1": "value-3"}
2025-08-20 12:45:34,980 INFO  [io.api.tes.ser.api.KafkaSerdesTester] (ForkJoinPool.commonPool-worker-1) topic-cdd7c251_83d6_4815_8435_fdb667819777 0 4 {"key1": "value-4"}
2025-08-20 12:45:34,980 INFO  [io.api.tes.ser.api.KafkaSerdesTester] (ForkJoinPool.commonPool-worker-1) topic-cdd7c251_83d6_4815_8435_fdb667819777 0 5 {"key1": "value-5"}
2025-08-20 12:45:34,980 INFO  [io.api.tes.ser.api.KafkaSerdesTester] (ForkJoinPool.commonPool-worker-1) topic-cdd7c251_83d6_4815_8435_fdb667819777 0 6 {"key1": "value-6"}
2025-08-20 12:45:34,980 INFO  [io.api.tes.ser.api.KafkaSerdesTester] (ForkJoinPool.commonPool-worker-1) topic-cdd7c251_83d6_4815_8435_fdb667819777 0 7 {"key1": "value-7"}
2025-08-20 12:45:34,980 INFO  [io.api.tes.ser.api.KafkaSerdesTester] (ForkJoinPool.commonPool-worker-1) topic-cdd7c251_83d6_4815_8435_fdb667819777 0 8 {"key1": "value-8"}
2025-08-20 12:45:34,980 INFO  [io.api.tes.ser.api.KafkaSerdesTester] (ForkJoinPool.commonPool-worker-1) topic-cdd7c251_83d6_4815_8435_fdb667819777 0 9 {"key1": "value-9"}
2025-08-20 12:45:34,980 INFO  [io.api.tes.ser.api.KafkaSerdesTester] (ForkJoinPool.commonPool-worker-1) Consumed 10 messages
2025-08-20 12:45:34,986 INFO  [org.apa.kaf.cli.con.int.ConsumerRebalanceListenerInvoker] (ForkJoinPool.commonPool-worker-1) [Consumer clientId=consumer-Consumer-topic-cdd7c251_83d6_4815_8435_fdb667819777-34, groupId=Consumer-topic-cdd7c251_83d6_4815_8435_fdb667819777] Revoke previously assigned partitions topic-cdd7c251_83d6_4815_8435_fdb667819777-0
2025-08-20 12:45:34,987 INFO  [org.apa.kaf.cli.con.int.ConsumerCoordinator] (ForkJoinPool.commonPool-worker-1) [Consumer clientId=consumer-Consumer-topic-cdd7c251_83d6_4815_8435_fdb667819777-34, groupId=Consumer-topic-cdd7c251_83d6_4815_8435_fdb667819777] Member consumer-Consumer-topic-cdd7c251_83d6_4815_8435_fdb667819777-34-e9430620-691f-4b6a-887a-ee7061d87aa5 sending LeaveGroup request to coordinator localhost:32769 (id: 2147483647 rack: null) due to the consumer is being closed
2025-08-20 12:45:34,987 INFO  [org.apa.kaf.cli.con.int.ConsumerCoordinator] (ForkJoinPool.commonPool-worker-1) [Consumer clientId=consumer-Consumer-topic-cdd7c251_83d6_4815_8435_fdb667819777-34, groupId=Consumer-topic-cdd7c251_83d6_4815_8435_fdb667819777] Resetting generation and member id due to: consumer pro-actively leaving the group
2025-08-20 12:45:34,987 INFO  [org.apa.kaf.cli.con.int.ConsumerCoordinator] (ForkJoinPool.commonPool-worker-1) [Consumer clientId=consumer-Consumer-topic-cdd7c251_83d6_4815_8435_fdb667819777-34, groupId=Consumer-topic-cdd7c251_83d6_4815_8435_fdb667819777] Request joining group due to: consumer pro-actively leaving the group
2025-08-20 12:45:35,482 INFO  [org.apa.kaf.com.met.Metrics] (ForkJoinPool.commonPool-worker-1) Metrics scheduler closed
2025-08-20 12:45:35,482 INFO  [org.apa.kaf.com.met.Metrics] (ForkJoinPool.commonPool-worker-1) Closing reporter org.apache.kafka.common.metrics.JmxReporter
2025-08-20 12:45:35,482 INFO  [org.apa.kaf.com.met.Metrics] (ForkJoinPool.commonPool-worker-1) Closing reporter org.apache.kafka.common.telemetry.internals.ClientTelemetryReporter
2025-08-20 12:45:35,482 INFO  [org.apa.kaf.com.met.Metrics] (ForkJoinPool.commonPool-worker-1) Metrics reporters closed
2025-08-20 12:45:35,483 INFO  [org.apa.kaf.com.uti.AppInfoParser] (ForkJoinPool.commonPool-worker-1) App info kafka.consumer for consumer-Consumer-topic-cdd7c251_83d6_4815_8435_fdb667819777-34 unregistered
**** Registry Base URL: http://registry-app-ksql047.apps.ci419.apicurio-testing.org:80
2025-08-20 12:45:36,590 INFO  [org.apa.kaf.cli.pro.ProducerConfig] (main) ProducerConfig values: 
	acks = -1
	auto.include.jmx.reporter = true
	batch.size = 16384
	bootstrap.servers = [PLAINTEXT://localhost:32769]
	buffer.memory = 33554432
	client.dns.lookup = use_all_dns_ips
	client.id = Producer-topic-cdd7c251_83d6_4815_8435_fdb667819777
	compression.gzip.level = -1
	compression.lz4.level = 9
	compression.type = none
	compression.zstd.level = 3
	connections.max.idle.ms = 10000
	delivery.timeout.ms = 120000
	enable.idempotence = true
	enable.metrics.push = true
	interceptor.classes = []
	key.serializer = class org.apache.kafka.common.serialization.StringSerializer
	linger.ms = 0
	max.block.ms = 60000
	max.in.flight.requests.per.connection = 5
	max.request.size = 1048576
	metadata.max.age.ms = 300000
	metadata.max.idle.ms = 300000
	metadata.recovery.strategy = none
	metric.reporters = []
	metrics.num.samples = 2
	metrics.recording.level = INFO
	metrics.sample.window.ms = 30000
	partitioner.adaptive.partitioning.enable = true
	partitioner.availability.timeout.ms = 0
	partitioner.class = null
	partitioner.ignore.keys = false
	receive.buffer.bytes = 32768
	reconnect.backoff.max.ms = 1000
	reconnect.backoff.ms = 50
	request.timeout.ms = 5000
	retries = 2147483647
	retry.backoff.max.ms = 1000
	retry.backoff.ms = 100
	sasl.client.callback.handler.class = null
	sasl.jaas.config = null
	sasl.kerberos.kinit.cmd = /usr/bin/kinit
	sasl.kerberos.min.time.before.relogin = 60000
	sasl.kerberos.service.name = null
	sasl.kerberos.ticket.renew.jitter = 0.05
	sasl.kerberos.ticket.renew.window.factor = 0.8
	sasl.login.callback.handler.class = null
	sasl.login.class = null
	sasl.login.connect.timeout.ms = null
	sasl.login.read.timeout.ms = null
	sasl.login.refresh.buffer.seconds = 300
	sasl.login.refresh.min.period.seconds = 60
	sasl.login.refresh.window.factor = 0.8
	sasl.login.refresh.window.jitter = 0.05
	sasl.login.retry.backoff.max.ms = 10000
	sasl.login.retry.backoff.ms = 100
	sasl.mechanism = GSSAPI
	sasl.oauthbearer.clock.skew.seconds = 30
	sasl.oauthbearer.expected.audience = null
	sasl.oauthbearer.expected.issuer = null
	sasl.oauthbearer.header.urlencode = false
	sasl.oauthbearer.jwks.endpoint.refresh.ms = 3600000
	sasl.oauthbearer.jwks.endpoint.retry.backoff.max.ms = 10000
	sasl.oauthbearer.jwks.endpoint.retry.backoff.ms = 100
	sasl.oauthbearer.jwks.endpoint.url = null
	sasl.oauthbearer.scope.claim.name = scope
	sasl.oauthbearer.sub.claim.name = sub
	sasl.oauthbearer.token.endpoint.url = null
	security.protocol = PLAINTEXT
	security.providers = null
	send.buffer.bytes = 131072
	socket.connection.setup.timeout.max.ms = 30000
	socket.connection.setup.timeout.ms = 10000
	ssl.cipher.suites = null
	ssl.enabled.protocols = [TLSv1.2, TLSv1.3]
	ssl.endpoint.identification.algorithm = https
	ssl.engine.factory.class = null
	ssl.key.password = null
	ssl.keymanager.algorithm = SunX509
	ssl.keystore.certificate.chain = null
	ssl.keystore.key = null
	ssl.keystore.location = null
	ssl.keystore.password = null
	ssl.keystore.type = JKS
	ssl.protocol = TLSv1.3
	ssl.provider = null
	ssl.secure.random.implementation = null
	ssl.trustmanager.algorithm = PKIX
	ssl.truststore.certificates = null
	ssl.truststore.location = null
	ssl.truststore.password = null
	ssl.truststore.type = JKS
	transaction.timeout.ms = 60000
	transactional.id = null
	value.serializer = class io.confluent.kafka.serializers.KafkaAvroSerializer

2025-08-20 12:45:36,590 INFO  [org.apa.kaf.com.tel.int.KafkaMetricsCollector] (main) initializing Kafka metrics collector
2025-08-20 12:45:36,590 INFO  [io.con.kaf.ser.KafkaAvroSerializerConfig] (main) KafkaAvroSerializerConfig values: 
	auto.register.schemas = false
	avro.reflection.allow.null = false
	avro.remove.java.properties = false
	avro.use.logical.type.converters = false
	basic.auth.credentials.source = URL
	basic.auth.user.info = [hidden]
	bearer.auth.cache.expiry.buffer.seconds = 300
	bearer.auth.client.id = null
	bearer.auth.client.secret = null
	bearer.auth.credentials.source = STATIC_TOKEN
	bearer.auth.custom.provider.class = null
	bearer.auth.identity.pool.id = null
	bearer.auth.issuer.endpoint.url = null
	bearer.auth.logical.cluster = null
	bearer.auth.scope = null
	bearer.auth.scope.claim.name = scope
	bearer.auth.sub.claim.name = sub
	bearer.auth.token = [hidden]
	context.name.strategy = class io.confluent.kafka.serializers.context.NullContextNameStrategy
	http.connect.timeout.ms = 60000
	http.read.timeout.ms = 60000
	id.compatibility.strict = true
	key.schema.id.deserializer = class io.confluent.kafka.serializers.schema.id.DualSchemaIdDeserializer
	key.schema.id.serializer = class io.confluent.kafka.serializers.schema.id.PrefixSchemaIdSerializer
	key.subject.name.strategy = class io.confluent.kafka.serializers.subject.TopicNameStrategy
	latest.cache.size = 1000
	latest.cache.ttl.sec = -1
	latest.compatibility.strict = true
	max.retries = 3
	max.schemas.per.subject = 1000
	normalize.schemas = false
	propagate.schema.tags = false
	proxy.host = 
	proxy.port = -1
	retries.max.wait.ms = 20000
	retries.wait.ms = 1000
	rule.actions = []
	rule.executors = []
	rule.service.loader.enable = true
	schema.format = null
	schema.reflection = false
	schema.registry.basic.auth.user.info = [hidden]
	schema.registry.ssl.cipher.suites = null
	schema.registry.ssl.enabled.protocols = [TLSv1.2, TLSv1.3]
	schema.registry.ssl.endpoint.identification.algorithm = https
	schema.registry.ssl.engine.factory.class = null
	schema.registry.ssl.key.password = null
	schema.registry.ssl.keymanager.algorithm = SunX509
	schema.registry.ssl.keystore.certificate.chain = null
	schema.registry.ssl.keystore.key = null
	schema.registry.ssl.keystore.location = null
	schema.registry.ssl.keystore.password = null
	schema.registry.ssl.keystore.type = JKS
	schema.registry.ssl.protocol = TLSv1.3
	schema.registry.ssl.provider = null
	schema.registry.ssl.secure.random.implementation = null
	schema.registry.ssl.trustmanager.algorithm = PKIX
	schema.registry.ssl.truststore.certificates = null
	schema.registry.ssl.truststore.location = null
	schema.registry.ssl.truststore.password = null
	schema.registry.ssl.truststore.type = JKS
	schema.registry.url = [http://registry-app-ksql047.apps.ci419.apicurio-testing.org:80/apis/ccompat/v7]
	schema.registry.url.randomize = false
	use.latest.version = false
	use.latest.with.metadata = null
	use.schema.id = -1
	value.schema.id.deserializer = class io.confluent.kafka.serializers.schema.id.DualSchemaIdDeserializer
	value.schema.id.serializer = class io.confluent.kafka.serializers.schema.id.PrefixSchemaIdSerializer
	value.subject.name.strategy = class io.confluent.kafka.serializers.subject.TopicRecordNameStrategy

2025-08-20 12:45:36,592 INFO  [org.apa.kaf.cli.pro.KafkaProducer] (main) [Producer clientId=Producer-topic-cdd7c251_83d6_4815_8435_fdb667819777] Instantiated an idempotent producer.
2025-08-20 12:45:36,593 INFO  [org.apa.kaf.cli.pro.ProducerConfig] (main) These configurations '[schema.registry.url, auto.register.schemas, value.subject.name.strategy]' were supplied but are not used yet.
2025-08-20 12:45:36,593 INFO  [org.apa.kaf.com.uti.AppInfoParser] (main) Kafka version: 3.9.1
2025-08-20 12:45:36,593 INFO  [org.apa.kaf.com.uti.AppInfoParser] (main) Kafka commitId: f745dfdcee2b9851
2025-08-20 12:45:36,593 INFO  [org.apa.kaf.com.uti.AppInfoParser] (main) Kafka startTimeMs: 1755693936593
2025-08-20 12:45:36,593 INFO  [io.api.tes.ser.api.KafkaSerdesTester] (ForkJoinPool.commonPool-worker-1) Sending message {"key1": "value-0", "key2": "value-0"} to topic topic-cdd7c251_83d6_4815_8435_fdb667819777
2025-08-20 12:45:36,595 INFO  [org.apa.kaf.cli.Metadata] (kafka-producer-network-thread | Producer-topic-cdd7c251_83d6_4815_8435_fdb667819777) [Producer clientId=Producer-topic-cdd7c251_83d6_4815_8435_fdb667819777] Cluster ID: EQyFwMkXTJ-zd_jVgBIUnQ
2025-08-20 12:45:36,595 INFO  [org.apa.kaf.cli.pro.int.TransactionManager] (kafka-producer-network-thread | Producer-topic-cdd7c251_83d6_4815_8435_fdb667819777) [Producer clientId=Producer-topic-cdd7c251_83d6_4815_8435_fdb667819777] ProducerId set to 45 with epoch 0
2025-08-20 12:45:36,630 INFO  [io.api.tes.ser.api.KafkaSerdesTester] (ForkJoinPool.commonPool-worker-1) Sending message {"key1": "value-1", "key2": "value-1"} to topic topic-cdd7c251_83d6_4815_8435_fdb667819777
2025-08-20 12:45:36,631 INFO  [io.api.tes.ser.api.KafkaSerdesTester] (ForkJoinPool.commonPool-worker-1) Sending message {"key1": "value-2", "key2": "value-2"} to topic topic-cdd7c251_83d6_4815_8435_fdb667819777
2025-08-20 12:45:36,632 INFO  [io.api.tes.ser.api.KafkaSerdesTester] (ForkJoinPool.commonPool-worker-1) Sending message {"key1": "value-3", "key2": "value-3"} to topic topic-cdd7c251_83d6_4815_8435_fdb667819777
2025-08-20 12:45:36,633 INFO  [io.api.tes.ser.api.KafkaSerdesTester] (ForkJoinPool.commonPool-worker-1) Sending message {"key1": "value-4", "key2": "value-4"} to topic topic-cdd7c251_83d6_4815_8435_fdb667819777
2025-08-20 12:45:36,634 INFO  [io.api.tes.ser.api.KafkaSerdesTester] (ForkJoinPool.commonPool-worker-1) Sending message {"key1": "value-5", "key2": "value-5"} to topic topic-cdd7c251_83d6_4815_8435_fdb667819777
2025-08-20 12:45:36,635 INFO  [io.api.tes.ser.api.KafkaSerdesTester] (ForkJoinPool.commonPool-worker-1) Sending message {"key1": "value-6", "key2": "value-6"} to topic topic-cdd7c251_83d6_4815_8435_fdb667819777
2025-08-20 12:45:36,635 INFO  [io.api.tes.ser.api.KafkaSerdesTester] (ForkJoinPool.commonPool-worker-1) Sending message {"key1": "value-7", "key2": "value-7"} to topic topic-cdd7c251_83d6_4815_8435_fdb667819777
2025-08-20 12:45:36,636 INFO  [io.api.tes.ser.api.KafkaSerdesTester] (ForkJoinPool.commonPool-worker-1) Sending message {"key1": "value-8", "key2": "value-8"} to topic topic-cdd7c251_83d6_4815_8435_fdb667819777
2025-08-20 12:45:36,638 INFO  [io.api.tes.ser.api.KafkaSerdesTester] (ForkJoinPool.commonPool-worker-1) Sending message {"key1": "value-9", "key2": "value-9"} to topic topic-cdd7c251_83d6_4815_8435_fdb667819777
2025-08-20 12:45:36,639 INFO  [io.api.tes.ser.api.KafkaSerdesTester] (ForkJoinPool.commonPool-worker-1) Produced 10 messages
2025-08-20 12:45:36,639 INFO  [org.apa.kaf.cli.pro.KafkaProducer] (ForkJoinPool.commonPool-worker-1) [Producer clientId=Producer-topic-cdd7c251_83d6_4815_8435_fdb667819777] Closing the Kafka producer with timeoutMillis = 9223372036854775807 ms.
2025-08-20 12:45:36,640 INFO  [org.apa.kaf.com.met.Metrics] (ForkJoinPool.commonPool-worker-1) Metrics scheduler closed
2025-08-20 12:45:36,640 INFO  [org.apa.kaf.com.met.Metrics] (ForkJoinPool.commonPool-worker-1) Closing reporter org.apache.kafka.common.metrics.JmxReporter
2025-08-20 12:45:36,640 INFO  [org.apa.kaf.com.met.Metrics] (ForkJoinPool.commonPool-worker-1) Closing reporter org.apache.kafka.common.telemetry.internals.ClientTelemetryReporter
2025-08-20 12:45:36,640 INFO  [org.apa.kaf.com.met.Metrics] (ForkJoinPool.commonPool-worker-1) Metrics reporters closed
2025-08-20 12:45:36,640 INFO  [org.apa.kaf.com.uti.AppInfoParser] (ForkJoinPool.commonPool-worker-1) App info kafka.producer for Producer-topic-cdd7c251_83d6_4815_8435_fdb667819777 unregistered
**** Registry Base URL: http://registry-app-ksql047.apps.ci419.apicurio-testing.org:80
2025-08-20 12:45:36,640 INFO  [org.apa.kaf.cli.pro.ProducerConfig] (main) ProducerConfig values: 
	acks = -1
	auto.include.jmx.reporter = true
	batch.size = 16384
	bootstrap.servers = [PLAINTEXT://localhost:32769]
	buffer.memory = 33554432
	client.dns.lookup = use_all_dns_ips
	client.id = Producer-topic-cdd7c251_83d6_4815_8435_fdb667819777
	compression.gzip.level = -1
	compression.lz4.level = 9
	compression.type = none
	compression.zstd.level = 3
	connections.max.idle.ms = 10000
	delivery.timeout.ms = 120000
	enable.idempotence = true
	enable.metrics.push = true
	interceptor.classes = []
	key.serializer = class org.apache.kafka.common.serialization.StringSerializer
	linger.ms = 0
	max.block.ms = 60000
	max.in.flight.requests.per.connection = 5
	max.request.size = 1048576
	metadata.max.age.ms = 300000
	metadata.max.idle.ms = 300000
	metadata.recovery.strategy = none
	metric.reporters = []
	metrics.num.samples = 2
	metrics.recording.level = INFO
	metrics.sample.window.ms = 30000
	partitioner.adaptive.partitioning.enable = true
	partitioner.availability.timeout.ms = 0
	partitioner.class = null
	partitioner.ignore.keys = false
	receive.buffer.bytes = 32768
	reconnect.backoff.max.ms = 1000
	reconnect.backoff.ms = 50
	request.timeout.ms = 5000
	retries = 2147483647
	retry.backoff.max.ms = 1000
	retry.backoff.ms = 100
	sasl.client.callback.handler.class = null
	sasl.jaas.config = null
	sasl.kerberos.kinit.cmd = /usr/bin/kinit
	sasl.kerberos.min.time.before.relogin = 60000
	sasl.kerberos.service.name = null
	sasl.kerberos.ticket.renew.jitter = 0.05
	sasl.kerberos.ticket.renew.window.factor = 0.8
	sasl.login.callback.handler.class = null
	sasl.login.class = null
	sasl.login.connect.timeout.ms = null
	sasl.login.read.timeout.ms = null
	sasl.login.refresh.buffer.seconds = 300
	sasl.login.refresh.min.period.seconds = 60
	sasl.login.refresh.window.factor = 0.8
	sasl.login.refresh.window.jitter = 0.05
	sasl.login.retry.backoff.max.ms = 10000
	sasl.login.retry.backoff.ms = 100
	sasl.mechanism = GSSAPI
	sasl.oauthbearer.clock.skew.seconds = 30
	sasl.oauthbearer.expected.audience = null
	sasl.oauthbearer.expected.issuer = null
	sasl.oauthbearer.header.urlencode = false
	sasl.oauthbearer.jwks.endpoint.refresh.ms = 3600000
	sasl.oauthbearer.jwks.endpoint.retry.backoff.max.ms = 10000
	sasl.oauthbearer.jwks.endpoint.retry.backoff.ms = 100
	sasl.oauthbearer.jwks.endpoint.url = null
	sasl.oauthbearer.scope.claim.name = scope
	sasl.oauthbearer.sub.claim.name = sub
	sasl.oauthbearer.token.endpoint.url = null
	security.protocol = PLAINTEXT
	security.providers = null
	send.buffer.bytes = 131072
	socket.connection.setup.timeout.max.ms = 30000
	socket.connection.setup.timeout.ms = 10000
	ssl.cipher.suites = null
	ssl.enabled.protocols = [TLSv1.2, TLSv1.3]
	ssl.endpoint.identification.algorithm = https
	ssl.engine.factory.class = null
	ssl.key.password = null
	ssl.keymanager.algorithm = SunX509
	ssl.keystore.certificate.chain = null
	ssl.keystore.key = null
	ssl.keystore.location = null
	ssl.keystore.password = null
	ssl.keystore.type = JKS
	ssl.protocol = TLSv1.3
	ssl.provider = null
	ssl.secure.random.implementation = null
	ssl.trustmanager.algorithm = PKIX
	ssl.truststore.certificates = null
	ssl.truststore.location = null
	ssl.truststore.password = null
	ssl.truststore.type = JKS
	transaction.timeout.ms = 60000
	transactional.id = null
	value.serializer = class io.confluent.kafka.serializers.KafkaAvroSerializer

2025-08-20 12:45:36,641 INFO  [org.apa.kaf.com.tel.int.KafkaMetricsCollector] (main) initializing Kafka metrics collector
2025-08-20 12:45:36,641 INFO  [io.con.kaf.ser.KafkaAvroSerializerConfig] (main) KafkaAvroSerializerConfig values: 
	auto.register.schemas = false
	avro.reflection.allow.null = false
	avro.remove.java.properties = false
	avro.use.logical.type.converters = false
	basic.auth.credentials.source = URL
	basic.auth.user.info = [hidden]
	bearer.auth.cache.expiry.buffer.seconds = 300
	bearer.auth.client.id = null
	bearer.auth.client.secret = null
	bearer.auth.credentials.source = STATIC_TOKEN
	bearer.auth.custom.provider.class = null
	bearer.auth.identity.pool.id = null
	bearer.auth.issuer.endpoint.url = null
	bearer.auth.logical.cluster = null
	bearer.auth.scope = null
	bearer.auth.scope.claim.name = scope
	bearer.auth.sub.claim.name = sub
	bearer.auth.token = [hidden]
	context.name.strategy = class io.confluent.kafka.serializers.context.NullContextNameStrategy
	http.connect.timeout.ms = 60000
	http.read.timeout.ms = 60000
	id.compatibility.strict = true
	key.schema.id.deserializer = class io.confluent.kafka.serializers.schema.id.DualSchemaIdDeserializer
	key.schema.id.serializer = class io.confluent.kafka.serializers.schema.id.PrefixSchemaIdSerializer
	key.subject.name.strategy = class io.confluent.kafka.serializers.subject.TopicNameStrategy
	latest.cache.size = 1000
	latest.cache.ttl.sec = -1
	latest.compatibility.strict = true
	max.retries = 3
	max.schemas.per.subject = 1000
	normalize.schemas = false
	propagate.schema.tags = false
	proxy.host = 
	proxy.port = -1
	retries.max.wait.ms = 20000
	retries.wait.ms = 1000
	rule.actions = []
	rule.executors = []
	rule.service.loader.enable = true
	schema.format = null
	schema.reflection = false
	schema.registry.basic.auth.user.info = [hidden]
	schema.registry.ssl.cipher.suites = null
	schema.registry.ssl.enabled.protocols = [TLSv1.2, TLSv1.3]
	schema.registry.ssl.endpoint.identification.algorithm = https
	schema.registry.ssl.engine.factory.class = null
	schema.registry.ssl.key.password = null
	schema.registry.ssl.keymanager.algorithm = SunX509
	schema.registry.ssl.keystore.certificate.chain = null
	schema.registry.ssl.keystore.key = null
	schema.registry.ssl.keystore.location = null
	schema.registry.ssl.keystore.password = null
	schema.registry.ssl.keystore.type = JKS
	schema.registry.ssl.protocol = TLSv1.3
	schema.registry.ssl.provider = null
	schema.registry.ssl.secure.random.implementation = null
	schema.registry.ssl.trustmanager.algorithm = PKIX
	schema.registry.ssl.truststore.certificates = null
	schema.registry.ssl.truststore.location = null
	schema.registry.ssl.truststore.password = null
	schema.registry.ssl.truststore.type = JKS
	schema.registry.url = [http://registry-app-ksql047.apps.ci419.apicurio-testing.org:80/apis/ccompat/v7]
	schema.registry.url.randomize = false
	use.latest.version = false
	use.latest.with.metadata = null
	use.schema.id = -1
	value.schema.id.deserializer = class io.confluent.kafka.serializers.schema.id.DualSchemaIdDeserializer
	value.schema.id.serializer = class io.confluent.kafka.serializers.schema.id.PrefixSchemaIdSerializer
	value.subject.name.strategy = class io.confluent.kafka.serializers.subject.TopicRecordNameStrategy

2025-08-20 12:45:36,643 INFO  [org.apa.kaf.cli.pro.KafkaProducer] (main) [Producer clientId=Producer-topic-cdd7c251_83d6_4815_8435_fdb667819777] Instantiated an idempotent producer.
2025-08-20 12:45:36,643 INFO  [org.apa.kaf.cli.pro.ProducerConfig] (main) These configurations '[schema.registry.url, auto.register.schemas, value.subject.name.strategy]' were supplied but are not used yet.
2025-08-20 12:45:36,644 INFO  [org.apa.kaf.com.uti.AppInfoParser] (main) Kafka version: 3.9.1
2025-08-20 12:45:36,644 INFO  [org.apa.kaf.com.uti.AppInfoParser] (main) Kafka commitId: f745dfdcee2b9851
2025-08-20 12:45:36,644 INFO  [org.apa.kaf.com.uti.AppInfoParser] (main) Kafka startTimeMs: 1755693936644
2025-08-20 12:45:36,644 INFO  [io.api.tes.ser.api.KafkaSerdesTester] (ForkJoinPool.commonPool-worker-1) Sending message {"key1": "value-0"} to topic topic-cdd7c251_83d6_4815_8435_fdb667819777
2025-08-20 12:45:36,646 INFO  [org.apa.kaf.cli.Metadata] (kafka-producer-network-thread | Producer-topic-cdd7c251_83d6_4815_8435_fdb667819777) [Producer clientId=Producer-topic-cdd7c251_83d6_4815_8435_fdb667819777] Cluster ID: EQyFwMkXTJ-zd_jVgBIUnQ
2025-08-20 12:45:36,646 INFO  [org.apa.kaf.cli.pro.int.TransactionManager] (kafka-producer-network-thread | Producer-topic-cdd7c251_83d6_4815_8435_fdb667819777) [Producer clientId=Producer-topic-cdd7c251_83d6_4815_8435_fdb667819777] ProducerId set to 46 with epoch 0
2025-08-20 12:45:36,680 INFO  [io.api.tes.ser.api.KafkaSerdesTester] (ForkJoinPool.commonPool-worker-1) Sending message {"key1": "value-1"} to topic topic-cdd7c251_83d6_4815_8435_fdb667819777
2025-08-20 12:45:36,681 INFO  [io.api.tes.ser.api.KafkaSerdesTester] (ForkJoinPool.commonPool-worker-1) Sending message {"key1": "value-2"} to topic topic-cdd7c251_83d6_4815_8435_fdb667819777
2025-08-20 12:45:36,681 INFO  [io.api.tes.ser.api.KafkaSerdesTester] (ForkJoinPool.commonPool-worker-1) Sending message {"key1": "value-3"} to topic topic-cdd7c251_83d6_4815_8435_fdb667819777
2025-08-20 12:45:36,682 INFO  [io.api.tes.ser.api.KafkaSerdesTester] (ForkJoinPool.commonPool-worker-1) Sending message {"key1": "value-4"} to topic topic-cdd7c251_83d6_4815_8435_fdb667819777
2025-08-20 12:45:36,683 INFO  [io.api.tes.ser.api.KafkaSerdesTester] (ForkJoinPool.commonPool-worker-1) Sending message {"key1": "value-5"} to topic topic-cdd7c251_83d6_4815_8435_fdb667819777
2025-08-20 12:45:36,684 INFO  [io.api.tes.ser.api.KafkaSerdesTester] (ForkJoinPool.commonPool-worker-1) Sending message {"key1": "value-6"} to topic topic-cdd7c251_83d6_4815_8435_fdb667819777
2025-08-20 12:45:36,685 INFO  [io.api.tes.ser.api.KafkaSerdesTester] (ForkJoinPool.commonPool-worker-1) Sending message {"key1": "value-7"} to topic topic-cdd7c251_83d6_4815_8435_fdb667819777
2025-08-20 12:45:36,685 INFO  [io.api.tes.ser.api.KafkaSerdesTester] (ForkJoinPool.commonPool-worker-1) Sending message {"key1": "value-8"} to topic topic-cdd7c251_83d6_4815_8435_fdb667819777
2025-08-20 12:45:36,686 INFO  [io.api.tes.ser.api.KafkaSerdesTester] (ForkJoinPool.commonPool-worker-1) Sending message {"key1": "value-9"} to topic topic-cdd7c251_83d6_4815_8435_fdb667819777
2025-08-20 12:45:36,687 INFO  [io.api.tes.ser.api.KafkaSerdesTester] (ForkJoinPool.commonPool-worker-1) Produced 10 messages
2025-08-20 12:45:36,687 INFO  [org.apa.kaf.cli.pro.KafkaProducer] (ForkJoinPool.commonPool-worker-1) [Producer clientId=Producer-topic-cdd7c251_83d6_4815_8435_fdb667819777] Closing the Kafka producer with timeoutMillis = 9223372036854775807 ms.
2025-08-20 12:45:36,688 INFO  [org.apa.kaf.com.met.Metrics] (ForkJoinPool.commonPool-worker-1) Metrics scheduler closed
2025-08-20 12:45:36,688 INFO  [org.apa.kaf.com.met.Metrics] (ForkJoinPool.commonPool-worker-1) Closing reporter org.apache.kafka.common.metrics.JmxReporter
2025-08-20 12:45:36,688 INFO  [org.apa.kaf.com.met.Metrics] (ForkJoinPool.commonPool-worker-1) Closing reporter org.apache.kafka.common.telemetry.internals.ClientTelemetryReporter
2025-08-20 12:45:36,688 INFO  [org.apa.kaf.com.met.Metrics] (ForkJoinPool.commonPool-worker-1) Metrics reporters closed
2025-08-20 12:45:36,688 INFO  [org.apa.kaf.com.uti.AppInfoParser] (ForkJoinPool.commonPool-worker-1) App info kafka.producer for Producer-topic-cdd7c251_83d6_4815_8435_fdb667819777 unregistered
**** Registry Base URL: http://registry-app-ksql047.apps.ci419.apicurio-testing.org:80
2025-08-20 12:45:36,688 INFO  [org.apa.kaf.cli.con.ConsumerConfig] (main) ConsumerConfig values: 
	allow.auto.create.topics = true
	auto.commit.interval.ms = 500
	auto.include.jmx.reporter = true
	auto.offset.reset = earliest
	bootstrap.servers = [PLAINTEXT://localhost:32769]
	check.crcs = true
	client.dns.lookup = use_all_dns_ips
	client.id = consumer-Consumer-topic-cdd7c251_83d6_4815_8435_fdb667819777-35
	client.rack = 
	connections.max.idle.ms = 10000
	default.api.timeout.ms = 60000
	enable.auto.commit = true
	enable.metrics.push = true
	exclude.internal.topics = true
	fetch.max.bytes = 52428800
	fetch.max.wait.ms = 500
	fetch.min.bytes = 1
	group.id = Consumer-topic-cdd7c251_83d6_4815_8435_fdb667819777
	group.instance.id = null
	group.protocol = classic
	group.remote.assignor = null
	heartbeat.interval.ms = 3000
	interceptor.classes = []
	internal.leave.group.on.close = true
	internal.throw.on.fetch.stable.offset.unsupported = false
	isolation.level = read_uncommitted
	key.deserializer = class org.apache.kafka.common.serialization.StringDeserializer
	max.partition.fetch.bytes = 1048576
	max.poll.interval.ms = 300000
	max.poll.records = 500
	metadata.max.age.ms = 300000
	metadata.recovery.strategy = none
	metric.reporters = []
	metrics.num.samples = 2
	metrics.recording.level = INFO
	metrics.sample.window.ms = 30000
	partition.assignment.strategy = [class org.apache.kafka.clients.consumer.RangeAssignor, class org.apache.kafka.clients.consumer.CooperativeStickyAssignor]
	receive.buffer.bytes = 65536
	reconnect.backoff.max.ms = 1000
	reconnect.backoff.ms = 50
	request.timeout.ms = 5000
	retry.backoff.max.ms = 1000
	retry.backoff.ms = 100
	sasl.client.callback.handler.class = null
	sasl.jaas.config = null
	sasl.kerberos.kinit.cmd = /usr/bin/kinit
	sasl.kerberos.min.time.before.relogin = 60000
	sasl.kerberos.service.name = null
	sasl.kerberos.ticket.renew.jitter = 0.05
	sasl.kerberos.ticket.renew.window.factor = 0.8
	sasl.login.callback.handler.class = null
	sasl.login.class = null
	sasl.login.connect.timeout.ms = null
	sasl.login.read.timeout.ms = null
	sasl.login.refresh.buffer.seconds = 300
	sasl.login.refresh.min.period.seconds = 60
	sasl.login.refresh.window.factor = 0.8
	sasl.login.refresh.window.jitter = 0.05
	sasl.login.retry.backoff.max.ms = 10000
	sasl.login.retry.backoff.ms = 100
	sasl.mechanism = GSSAPI
	sasl.oauthbearer.clock.skew.seconds = 30
	sasl.oauthbearer.expected.audience = null
	sasl.oauthbearer.expected.issuer = null
	sasl.oauthbearer.header.urlencode = false
	sasl.oauthbearer.jwks.endpoint.refresh.ms = 3600000
	sasl.oauthbearer.jwks.endpoint.retry.backoff.max.ms = 10000
	sasl.oauthbearer.jwks.endpoint.retry.backoff.ms = 100
	sasl.oauthbearer.jwks.endpoint.url = null
	sasl.oauthbearer.scope.claim.name = scope
	sasl.oauthbearer.sub.claim.name = sub
	sasl.oauthbearer.token.endpoint.url = null
	security.protocol = PLAINTEXT
	security.providers = null
	send.buffer.bytes = 131072
	session.timeout.ms = 45000
	socket.connection.setup.timeout.max.ms = 30000
	socket.connection.setup.timeout.ms = 10000
	ssl.cipher.suites = null
	ssl.enabled.protocols = [TLSv1.2, TLSv1.3]
	ssl.endpoint.identification.algorithm = https
	ssl.engine.factory.class = null
	ssl.key.password = null
	ssl.keymanager.algorithm = SunX509
	ssl.keystore.certificate.chain = null
	ssl.keystore.key = null
	ssl.keystore.location = null
	ssl.keystore.password = null
	ssl.keystore.type = JKS
	ssl.protocol = TLSv1.3
	ssl.provider = null
	ssl.secure.random.implementation = null
	ssl.trustmanager.algorithm = PKIX
	ssl.truststore.certificates = null
	ssl.truststore.location = null
	ssl.truststore.password = null
	ssl.truststore.type = JKS
	value.deserializer = class io.confluent.kafka.serializers.KafkaAvroDeserializer

2025-08-20 12:45:36,689 INFO  [org.apa.kaf.com.tel.int.KafkaMetricsCollector] (main) initializing Kafka metrics collector
2025-08-20 12:45:36,689 INFO  [io.con.kaf.ser.KafkaAvroDeserializerConfig] (main) KafkaAvroDeserializerConfig values: 
	auto.register.schemas = true
	avro.reflection.allow.null = false
	avro.use.logical.type.converters = false
	basic.auth.credentials.source = URL
	basic.auth.user.info = [hidden]
	bearer.auth.cache.expiry.buffer.seconds = 300
	bearer.auth.client.id = null
	bearer.auth.client.secret = null
	bearer.auth.credentials.source = STATIC_TOKEN
	bearer.auth.custom.provider.class = null
	bearer.auth.identity.pool.id = null
	bearer.auth.issuer.endpoint.url = null
	bearer.auth.logical.cluster = null
	bearer.auth.scope = null
	bearer.auth.scope.claim.name = scope
	bearer.auth.sub.claim.name = sub
	bearer.auth.token = [hidden]
	context.name.strategy = class io.confluent.kafka.serializers.context.NullContextNameStrategy
	http.connect.timeout.ms = 60000
	http.read.timeout.ms = 60000
	id.compatibility.strict = true
	key.schema.id.deserializer = class io.confluent.kafka.serializers.schema.id.DualSchemaIdDeserializer
	key.schema.id.serializer = class io.confluent.kafka.serializers.schema.id.PrefixSchemaIdSerializer
	key.subject.name.strategy = class io.confluent.kafka.serializers.subject.TopicNameStrategy
	latest.cache.size = 1000
	latest.cache.ttl.sec = -1
	latest.compatibility.strict = true
	max.retries = 3
	max.schemas.per.subject = 1000
	normalize.schemas = false
	propagate.schema.tags = false
	proxy.host = 
	proxy.port = -1
	retries.max.wait.ms = 20000
	retries.wait.ms = 1000
	rule.actions = []
	rule.executors = []
	rule.service.loader.enable = true
	schema.format = null
	schema.reflection = false
	schema.registry.basic.auth.user.info = [hidden]
	schema.registry.ssl.cipher.suites = null
	schema.registry.ssl.enabled.protocols = [TLSv1.2, TLSv1.3]
	schema.registry.ssl.endpoint.identification.algorithm = https
	schema.registry.ssl.engine.factory.class = null
	schema.registry.ssl.key.password = null
	schema.registry.ssl.keymanager.algorithm = SunX509
	schema.registry.ssl.keystore.certificate.chain = null
	schema.registry.ssl.keystore.key = null
	schema.registry.ssl.keystore.location = null
	schema.registry.ssl.keystore.password = null
	schema.registry.ssl.keystore.type = JKS
	schema.registry.ssl.protocol = TLSv1.3
	schema.registry.ssl.provider = null
	schema.registry.ssl.secure.random.implementation = null
	schema.registry.ssl.trustmanager.algorithm = PKIX
	schema.registry.ssl.truststore.certificates = null
	schema.registry.ssl.truststore.location = null
	schema.registry.ssl.truststore.password = null
	schema.registry.ssl.truststore.type = JKS
	schema.registry.url = [http://registry-app-ksql047.apps.ci419.apicurio-testing.org:80/apis/ccompat/v7]
	schema.registry.url.randomize = false
	specific.avro.key.type = null
	specific.avro.reader = false
	specific.avro.value.type = null
	use.latest.version = false
	use.latest.with.metadata = null
	use.schema.id = -1
	value.schema.id.deserializer = class io.confluent.kafka.serializers.schema.id.DualSchemaIdDeserializer
	value.schema.id.serializer = class io.confluent.kafka.serializers.schema.id.PrefixSchemaIdSerializer
	value.subject.name.strategy = class io.confluent.kafka.serializers.subject.TopicNameStrategy

2025-08-20 12:45:36,692 INFO  [org.apa.kaf.cli.con.ConsumerConfig] (main) These configurations '[schema.registry.url]' were supplied but are not used yet.
2025-08-20 12:45:36,692 INFO  [org.apa.kaf.com.uti.AppInfoParser] (main) Kafka version: 3.9.1
2025-08-20 12:45:36,692 INFO  [org.apa.kaf.com.uti.AppInfoParser] (main) Kafka commitId: f745dfdcee2b9851
2025-08-20 12:45:36,692 INFO  [org.apa.kaf.com.uti.AppInfoParser] (main) Kafka startTimeMs: 1755693936692
2025-08-20 12:45:36,693 INFO  [org.apa.kaf.cli.con.int.ClassicKafkaConsumer] (ForkJoinPool.commonPool-worker-1) [Consumer clientId=consumer-Consumer-topic-cdd7c251_83d6_4815_8435_fdb667819777-35, groupId=Consumer-topic-cdd7c251_83d6_4815_8435_fdb667819777] Subscribed to topic(s): topic-cdd7c251_83d6_4815_8435_fdb667819777
2025-08-20 12:45:36,695 INFO  [org.apa.kaf.cli.Metadata] (ForkJoinPool.commonPool-worker-1) [Consumer clientId=consumer-Consumer-topic-cdd7c251_83d6_4815_8435_fdb667819777-35, groupId=Consumer-topic-cdd7c251_83d6_4815_8435_fdb667819777] Cluster ID: EQyFwMkXTJ-zd_jVgBIUnQ
2025-08-20 12:45:36,696 INFO  [org.apa.kaf.cli.con.int.ConsumerCoordinator] (ForkJoinPool.commonPool-worker-1) [Consumer clientId=consumer-Consumer-topic-cdd7c251_83d6_4815_8435_fdb667819777-35, groupId=Consumer-topic-cdd7c251_83d6_4815_8435_fdb667819777] Discovered group coordinator localhost:32769 (id: 2147483647 rack: null)
2025-08-20 12:45:36,696 INFO  [org.apa.kaf.cli.con.int.ConsumerCoordinator] (ForkJoinPool.commonPool-worker-1) [Consumer clientId=consumer-Consumer-topic-cdd7c251_83d6_4815_8435_fdb667819777-35, groupId=Consumer-topic-cdd7c251_83d6_4815_8435_fdb667819777] (Re-)joining group
2025-08-20 12:45:36,697 INFO  [org.apa.kaf.cli.con.int.ConsumerCoordinator] (ForkJoinPool.commonPool-worker-1) [Consumer clientId=consumer-Consumer-topic-cdd7c251_83d6_4815_8435_fdb667819777-35, groupId=Consumer-topic-cdd7c251_83d6_4815_8435_fdb667819777] Request joining group due to: need to re-join with the given member-id: consumer-Consumer-topic-cdd7c251_83d6_4815_8435_fdb667819777-35-31d36615-7545-43dc-adb0-ce048b5f0e9b
2025-08-20 12:45:36,697 INFO  [org.apa.kaf.cli.con.int.ConsumerCoordinator] (ForkJoinPool.commonPool-worker-1) [Consumer clientId=consumer-Consumer-topic-cdd7c251_83d6_4815_8435_fdb667819777-35, groupId=Consumer-topic-cdd7c251_83d6_4815_8435_fdb667819777] (Re-)joining group
2025-08-20 12:45:37,693 INFO  [io.api.tes.ser.api.KafkaSerdesTester] (ForkJoinPool.commonPool-worker-1) None found
2025-08-20 12:45:38,693 INFO  [io.api.tes.ser.api.KafkaSerdesTester] (ForkJoinPool.commonPool-worker-1) None found
2025-08-20 12:45:39,693 INFO  [io.api.tes.ser.api.KafkaSerdesTester] (ForkJoinPool.commonPool-worker-1) None found
2025-08-20 12:45:39,699 INFO  [org.apa.kaf.cli.con.int.ConsumerCoordinator] (ForkJoinPool.commonPool-worker-1) [Consumer clientId=consumer-Consumer-topic-cdd7c251_83d6_4815_8435_fdb667819777-35, groupId=Consumer-topic-cdd7c251_83d6_4815_8435_fdb667819777] Successfully joined group with generation Generation{generationId=3, memberId='consumer-Consumer-topic-cdd7c251_83d6_4815_8435_fdb667819777-35-31d36615-7545-43dc-adb0-ce048b5f0e9b', protocol='range'}
2025-08-20 12:45:39,699 INFO  [org.apa.kaf.cli.con.int.ConsumerCoordinator] (ForkJoinPool.commonPool-worker-1) [Consumer clientId=consumer-Consumer-topic-cdd7c251_83d6_4815_8435_fdb667819777-35, groupId=Consumer-topic-cdd7c251_83d6_4815_8435_fdb667819777] Finished assignment for group at generation 3: {consumer-Consumer-topic-cdd7c251_83d6_4815_8435_fdb667819777-35-31d36615-7545-43dc-adb0-ce048b5f0e9b=Assignment(partitions=[topic-cdd7c251_83d6_4815_8435_fdb667819777-0])}
2025-08-20 12:45:39,705 INFO  [org.apa.kaf.cli.con.int.ConsumerCoordinator] (ForkJoinPool.commonPool-worker-1) [Consumer clientId=consumer-Consumer-topic-cdd7c251_83d6_4815_8435_fdb667819777-35, groupId=Consumer-topic-cdd7c251_83d6_4815_8435_fdb667819777] Successfully synced group in generation Generation{generationId=3, memberId='consumer-Consumer-topic-cdd7c251_83d6_4815_8435_fdb667819777-35-31d36615-7545-43dc-adb0-ce048b5f0e9b', protocol='range'}
2025-08-20 12:45:39,706 INFO  [org.apa.kaf.cli.con.int.ConsumerCoordinator] (ForkJoinPool.commonPool-worker-1) [Consumer clientId=consumer-Consumer-topic-cdd7c251_83d6_4815_8435_fdb667819777-35, groupId=Consumer-topic-cdd7c251_83d6_4815_8435_fdb667819777] Notifying assignor about the new Assignment(partitions=[topic-cdd7c251_83d6_4815_8435_fdb667819777-0])
2025-08-20 12:45:39,706 INFO  [org.apa.kaf.cli.con.int.ConsumerRebalanceListenerInvoker] (ForkJoinPool.commonPool-worker-1) [Consumer clientId=consumer-Consumer-topic-cdd7c251_83d6_4815_8435_fdb667819777-35, groupId=Consumer-topic-cdd7c251_83d6_4815_8435_fdb667819777] Adding newly assigned partitions: topic-cdd7c251_83d6_4815_8435_fdb667819777-0
2025-08-20 12:45:39,706 INFO  [org.apa.kaf.cli.con.int.ConsumerUtils] (ForkJoinPool.commonPool-worker-1) Setting offset for partition topic-cdd7c251_83d6_4815_8435_fdb667819777-0 to the committed offset FetchPosition{offset=10, offsetEpoch=Optional[0], currentLeader=LeaderAndEpoch{leader=Optional[localhost:32769 (id: 0 rack: null)], epoch=0}}
2025-08-20 12:45:39,774 INFO  [io.api.tes.ser.api.KafkaSerdesTester] (ForkJoinPool.commonPool-worker-1) topic-cdd7c251_83d6_4815_8435_fdb667819777 0 10 {"key1": "value-0", "key2": "value-0"}
2025-08-20 12:45:39,774 INFO  [io.api.tes.ser.api.KafkaSerdesTester] (ForkJoinPool.commonPool-worker-1) topic-cdd7c251_83d6_4815_8435_fdb667819777 0 11 {"key1": "value-1", "key2": "value-1"}
2025-08-20 12:45:39,774 INFO  [io.api.tes.ser.api.KafkaSerdesTester] (ForkJoinPool.commonPool-worker-1) topic-cdd7c251_83d6_4815_8435_fdb667819777 0 12 {"key1": "value-2", "key2": "value-2"}
2025-08-20 12:45:39,774 INFO  [io.api.tes.ser.api.KafkaSerdesTester] (ForkJoinPool.commonPool-worker-1) topic-cdd7c251_83d6_4815_8435_fdb667819777 0 13 {"key1": "value-3", "key2": "value-3"}
2025-08-20 12:45:39,774 INFO  [io.api.tes.ser.api.KafkaSerdesTester] (ForkJoinPool.commonPool-worker-1) topic-cdd7c251_83d6_4815_8435_fdb667819777 0 14 {"key1": "value-4", "key2": "value-4"}
2025-08-20 12:45:39,774 INFO  [io.api.tes.ser.api.KafkaSerdesTester] (ForkJoinPool.commonPool-worker-1) topic-cdd7c251_83d6_4815_8435_fdb667819777 0 15 {"key1": "value-5", "key2": "value-5"}
2025-08-20 12:45:39,774 INFO  [io.api.tes.ser.api.KafkaSerdesTester] (ForkJoinPool.commonPool-worker-1) topic-cdd7c251_83d6_4815_8435_fdb667819777 0 16 {"key1": "value-6", "key2": "value-6"}
2025-08-20 12:45:39,774 INFO  [io.api.tes.ser.api.KafkaSerdesTester] (ForkJoinPool.commonPool-worker-1) topic-cdd7c251_83d6_4815_8435_fdb667819777 0 17 {"key1": "value-7", "key2": "value-7"}
2025-08-20 12:45:39,774 INFO  [io.api.tes.ser.api.KafkaSerdesTester] (ForkJoinPool.commonPool-worker-1) topic-cdd7c251_83d6_4815_8435_fdb667819777 0 18 {"key1": "value-8", "key2": "value-8"}
2025-08-20 12:45:39,774 INFO  [io.api.tes.ser.api.KafkaSerdesTester] (ForkJoinPool.commonPool-worker-1) topic-cdd7c251_83d6_4815_8435_fdb667819777 0 19 {"key1": "value-9", "key2": "value-9"}
2025-08-20 12:45:39,774 INFO  [io.api.tes.ser.api.KafkaSerdesTester] (ForkJoinPool.commonPool-worker-1) topic-cdd7c251_83d6_4815_8435_fdb667819777 0 20 {"key1": "value-0"}
2025-08-20 12:45:39,774 INFO  [io.api.tes.ser.api.KafkaSerdesTester] (ForkJoinPool.commonPool-worker-1) topic-cdd7c251_83d6_4815_8435_fdb667819777 0 21 {"key1": "value-1"}
2025-08-20 12:45:39,774 INFO  [io.api.tes.ser.api.KafkaSerdesTester] (ForkJoinPool.commonPool-worker-1) topic-cdd7c251_83d6_4815_8435_fdb667819777 0 22 {"key1": "value-2"}
2025-08-20 12:45:39,774 INFO  [io.api.tes.ser.api.KafkaSerdesTester] (ForkJoinPool.commonPool-worker-1) topic-cdd7c251_83d6_4815_8435_fdb667819777 0 23 {"key1": "value-3"}
2025-08-20 12:45:39,774 INFO  [io.api.tes.ser.api.KafkaSerdesTester] (ForkJoinPool.commonPool-worker-1) topic-cdd7c251_83d6_4815_8435_fdb667819777 0 24 {"key1": "value-4"}
2025-08-20 12:45:39,774 INFO  [io.api.tes.ser.api.KafkaSerdesTester] (ForkJoinPool.commonPool-worker-1) topic-cdd7c251_83d6_4815_8435_fdb667819777 0 25 {"key1": "value-5"}
2025-08-20 12:45:39,774 INFO  [io.api.tes.ser.api.KafkaSerdesTester] (ForkJoinPool.commonPool-worker-1) topic-cdd7c251_83d6_4815_8435_fdb667819777 0 26 {"key1": "value-6"}
2025-08-20 12:45:39,774 INFO  [io.api.tes.ser.api.KafkaSerdesTester] (ForkJoinPool.commonPool-worker-1) topic-cdd7c251_83d6_4815_8435_fdb667819777 0 27 {"key1": "value-7"}
2025-08-20 12:45:39,774 INFO  [io.api.tes.ser.api.KafkaSerdesTester] (ForkJoinPool.commonPool-worker-1) topic-cdd7c251_83d6_4815_8435_fdb667819777 0 28 {"key1": "value-8"}
2025-08-20 12:45:39,774 INFO  [io.api.tes.ser.api.KafkaSerdesTester] (ForkJoinPool.commonPool-worker-1) topic-cdd7c251_83d6_4815_8435_fdb667819777 0 29 {"key1": "value-9"}
2025-08-20 12:45:39,774 INFO  [io.api.tes.ser.api.KafkaSerdesTester] (ForkJoinPool.commonPool-worker-1) Consumed 20 messages
2025-08-20 12:45:39,781 INFO  [org.apa.kaf.cli.con.int.ConsumerRebalanceListenerInvoker] (ForkJoinPool.commonPool-worker-1) [Consumer clientId=consumer-Consumer-topic-cdd7c251_83d6_4815_8435_fdb667819777-35, groupId=Consumer-topic-cdd7c251_83d6_4815_8435_fdb667819777] Revoke previously assigned partitions topic-cdd7c251_83d6_4815_8435_fdb667819777-0
2025-08-20 12:45:39,781 INFO  [org.apa.kaf.cli.con.int.ConsumerCoordinator] (ForkJoinPool.commonPool-worker-1) [Consumer clientId=consumer-Consumer-topic-cdd7c251_83d6_4815_8435_fdb667819777-35, groupId=Consumer-topic-cdd7c251_83d6_4815_8435_fdb667819777] Member consumer-Consumer-topic-cdd7c251_83d6_4815_8435_fdb667819777-35-31d36615-7545-43dc-adb0-ce048b5f0e9b sending LeaveGroup request to coordinator localhost:32769 (id: 2147483647 rack: null) due to the consumer is being closed
2025-08-20 12:45:39,781 INFO  [org.apa.kaf.cli.con.int.ConsumerCoordinator] (ForkJoinPool.commonPool-worker-1) [Consumer clientId=consumer-Consumer-topic-cdd7c251_83d6_4815_8435_fdb667819777-35, groupId=Consumer-topic-cdd7c251_83d6_4815_8435_fdb667819777] Resetting generation and member id due to: consumer pro-actively leaving the group
2025-08-20 12:45:39,781 INFO  [org.apa.kaf.cli.con.int.ConsumerCoordinator] (ForkJoinPool.commonPool-worker-1) [Consumer clientId=consumer-Consumer-topic-cdd7c251_83d6_4815_8435_fdb667819777-35, groupId=Consumer-topic-cdd7c251_83d6_4815_8435_fdb667819777] Request joining group due to: consumer pro-actively leaving the group
2025-08-20 12:45:40,275 INFO  [org.apa.kaf.com.met.Metrics] (ForkJoinPool.commonPool-worker-1) Metrics scheduler closed
2025-08-20 12:45:40,275 INFO  [org.apa.kaf.com.met.Metrics] (ForkJoinPool.commonPool-worker-1) Closing reporter org.apache.kafka.common.metrics.JmxReporter
2025-08-20 12:45:40,275 INFO  [org.apa.kaf.com.met.Metrics] (ForkJoinPool.commonPool-worker-1) Closing reporter org.apache.kafka.common.telemetry.internals.ClientTelemetryReporter
2025-08-20 12:45:40,275 INFO  [org.apa.kaf.com.met.Metrics] (ForkJoinPool.commonPool-worker-1) Metrics reporters closed
2025-08-20 12:45:40,276 INFO  [org.apa.kaf.com.uti.AppInfoParser] (ForkJoinPool.commonPool-worker-1) App info kafka.consumer for consumer-Consumer-topic-cdd7c251_83d6_4815_8435_fdb667819777-35 unregistered
**** Registry Base URL: http://registry-app-ksql047.apps.ci419.apicurio-testing.org:80
2025-08-20 12:45:41,383 INFO  [org.apa.kaf.cli.pro.ProducerConfig] (main) ProducerConfig values: 
	acks = -1
	auto.include.jmx.reporter = true
	batch.size = 16384
	bootstrap.servers = [PLAINTEXT://localhost:32769]
	buffer.memory = 33554432
	client.dns.lookup = use_all_dns_ips
	client.id = Producer-topic-cdd7c251_83d6_4815_8435_fdb667819777
	compression.gzip.level = -1
	compression.lz4.level = 9
	compression.type = none
	compression.zstd.level = 3
	connections.max.idle.ms = 10000
	delivery.timeout.ms = 120000
	enable.idempotence = true
	enable.metrics.push = true
	interceptor.classes = []
	key.serializer = class org.apache.kafka.common.serialization.StringSerializer
	linger.ms = 0
	max.block.ms = 60000
	max.in.flight.requests.per.connection = 5
	max.request.size = 1048576
	metadata.max.age.ms = 300000
	metadata.max.idle.ms = 300000
	metadata.recovery.strategy = none
	metric.reporters = []
	metrics.num.samples = 2
	metrics.recording.level = INFO
	metrics.sample.window.ms = 30000
	partitioner.adaptive.partitioning.enable = true
	partitioner.availability.timeout.ms = 0
	partitioner.class = null
	partitioner.ignore.keys = false
	receive.buffer.bytes = 32768
	reconnect.backoff.max.ms = 1000
	reconnect.backoff.ms = 50
	request.timeout.ms = 5000
	retries = 2147483647
	retry.backoff.max.ms = 1000
	retry.backoff.ms = 100
	sasl.client.callback.handler.class = null
	sasl.jaas.config = null
	sasl.kerberos.kinit.cmd = /usr/bin/kinit
	sasl.kerberos.min.time.before.relogin = 60000
	sasl.kerberos.service.name = null
	sasl.kerberos.ticket.renew.jitter = 0.05
	sasl.kerberos.ticket.renew.window.factor = 0.8
	sasl.login.callback.handler.class = null
	sasl.login.class = null
	sasl.login.connect.timeout.ms = null
	sasl.login.read.timeout.ms = null
	sasl.login.refresh.buffer.seconds = 300
	sasl.login.refresh.min.period.seconds = 60
	sasl.login.refresh.window.factor = 0.8
	sasl.login.refresh.window.jitter = 0.05
	sasl.login.retry.backoff.max.ms = 10000
	sasl.login.retry.backoff.ms = 100
	sasl.mechanism = GSSAPI
	sasl.oauthbearer.clock.skew.seconds = 30
	sasl.oauthbearer.expected.audience = null
	sasl.oauthbearer.expected.issuer = null
	sasl.oauthbearer.header.urlencode = false
	sasl.oauthbearer.jwks.endpoint.refresh.ms = 3600000
	sasl.oauthbearer.jwks.endpoint.retry.backoff.max.ms = 10000
	sasl.oauthbearer.jwks.endpoint.retry.backoff.ms = 100
	sasl.oauthbearer.jwks.endpoint.url = null
	sasl.oauthbearer.scope.claim.name = scope
	sasl.oauthbearer.sub.claim.name = sub
	sasl.oauthbearer.token.endpoint.url = null
	security.protocol = PLAINTEXT
	security.providers = null
	send.buffer.bytes = 131072
	socket.connection.setup.timeout.max.ms = 30000
	socket.connection.setup.timeout.ms = 10000
	ssl.cipher.suites = null
	ssl.enabled.protocols = [TLSv1.2, TLSv1.3]
	ssl.endpoint.identification.algorithm = https
	ssl.engine.factory.class = null
	ssl.key.password = null
	ssl.keymanager.algorithm = SunX509
	ssl.keystore.certificate.chain = null
	ssl.keystore.key = null
	ssl.keystore.location = null
	ssl.keystore.password = null
	ssl.keystore.type = JKS
	ssl.protocol = TLSv1.3
	ssl.provider = null
	ssl.secure.random.implementation = null
	ssl.trustmanager.algorithm = PKIX
	ssl.truststore.certificates = null
	ssl.truststore.location = null
	ssl.truststore.password = null
	ssl.truststore.type = JKS
	transaction.timeout.ms = 60000
	transactional.id = null
	value.serializer = class io.confluent.kafka.serializers.KafkaAvroSerializer

2025-08-20 12:45:41,384 INFO  [org.apa.kaf.com.tel.int.KafkaMetricsCollector] (main) initializing Kafka metrics collector
2025-08-20 12:45:41,384 INFO  [io.con.kaf.ser.KafkaAvroSerializerConfig] (main) KafkaAvroSerializerConfig values: 
	auto.register.schemas = false
	avro.reflection.allow.null = false
	avro.remove.java.properties = false
	avro.use.logical.type.converters = false
	basic.auth.credentials.source = URL
	basic.auth.user.info = [hidden]
	bearer.auth.cache.expiry.buffer.seconds = 300
	bearer.auth.client.id = null
	bearer.auth.client.secret = null
	bearer.auth.credentials.source = STATIC_TOKEN
	bearer.auth.custom.provider.class = null
	bearer.auth.identity.pool.id = null
	bearer.auth.issuer.endpoint.url = null
	bearer.auth.logical.cluster = null
	bearer.auth.scope = null
	bearer.auth.scope.claim.name = scope
	bearer.auth.sub.claim.name = sub
	bearer.auth.token = [hidden]
	context.name.strategy = class io.confluent.kafka.serializers.context.NullContextNameStrategy
	http.connect.timeout.ms = 60000
	http.read.timeout.ms = 60000
	id.compatibility.strict = true
	key.schema.id.deserializer = class io.confluent.kafka.serializers.schema.id.DualSchemaIdDeserializer
	key.schema.id.serializer = class io.confluent.kafka.serializers.schema.id.PrefixSchemaIdSerializer
	key.subject.name.strategy = class io.confluent.kafka.serializers.subject.TopicNameStrategy
	latest.cache.size = 1000
	latest.cache.ttl.sec = -1
	latest.compatibility.strict = true
	max.retries = 3
	max.schemas.per.subject = 1000
	normalize.schemas = false
	propagate.schema.tags = false
	proxy.host = 
	proxy.port = -1
	retries.max.wait.ms = 20000
	retries.wait.ms = 1000
	rule.actions = []
	rule.executors = []
	rule.service.loader.enable = true
	schema.format = null
	schema.reflection = false
	schema.registry.basic.auth.user.info = [hidden]
	schema.registry.ssl.cipher.suites = null
	schema.registry.ssl.enabled.protocols = [TLSv1.2, TLSv1.3]
	schema.registry.ssl.endpoint.identification.algorithm = https
	schema.registry.ssl.engine.factory.class = null
	schema.registry.ssl.key.password = null
	schema.registry.ssl.keymanager.algorithm = SunX509
	schema.registry.ssl.keystore.certificate.chain = null
	schema.registry.ssl.keystore.key = null
	schema.registry.ssl.keystore.location = null
	schema.registry.ssl.keystore.password = null
	schema.registry.ssl.keystore.type = JKS
	schema.registry.ssl.protocol = TLSv1.3
	schema.registry.ssl.provider = null
	schema.registry.ssl.secure.random.implementation = null
	schema.registry.ssl.trustmanager.algorithm = PKIX
	schema.registry.ssl.truststore.certificates = null
	schema.registry.ssl.truststore.location = null
	schema.registry.ssl.truststore.password = null
	schema.registry.ssl.truststore.type = JKS
	schema.registry.url = [http://registry-app-ksql047.apps.ci419.apicurio-testing.org:80/apis/ccompat/v7]
	schema.registry.url.randomize = false
	use.latest.version = false
	use.latest.with.metadata = null
	use.schema.id = -1
	value.schema.id.deserializer = class io.confluent.kafka.serializers.schema.id.DualSchemaIdDeserializer
	value.schema.id.serializer = class io.confluent.kafka.serializers.schema.id.PrefixSchemaIdSerializer
	value.subject.name.strategy = class io.confluent.kafka.serializers.subject.TopicRecordNameStrategy

2025-08-20 12:45:41,385 INFO  [org.apa.kaf.cli.pro.KafkaProducer] (main) [Producer clientId=Producer-topic-cdd7c251_83d6_4815_8435_fdb667819777] Instantiated an idempotent producer.
2025-08-20 12:45:41,386 INFO  [org.apa.kaf.cli.pro.ProducerConfig] (main) These configurations '[schema.registry.url, auto.register.schemas, value.subject.name.strategy]' were supplied but are not used yet.
2025-08-20 12:45:41,387 INFO  [org.apa.kaf.com.uti.AppInfoParser] (main) Kafka version: 3.9.1
2025-08-20 12:45:41,387 INFO  [org.apa.kaf.com.uti.AppInfoParser] (main) Kafka commitId: f745dfdcee2b9851
2025-08-20 12:45:41,387 INFO  [org.apa.kaf.com.uti.AppInfoParser] (main) Kafka startTimeMs: 1755693941386
2025-08-20 12:45:41,387 INFO  [io.api.tes.ser.api.KafkaSerdesTester] (ForkJoinPool.commonPool-worker-1) Sending message {"key1": "value-0", "key2": "value-0", "key3": "value-0"} to topic topic-cdd7c251_83d6_4815_8435_fdb667819777
2025-08-20 12:45:41,389 INFO  [org.apa.kaf.cli.Metadata] (kafka-producer-network-thread | Producer-topic-cdd7c251_83d6_4815_8435_fdb667819777) [Producer clientId=Producer-topic-cdd7c251_83d6_4815_8435_fdb667819777] Cluster ID: EQyFwMkXTJ-zd_jVgBIUnQ
2025-08-20 12:45:41,389 INFO  [org.apa.kaf.cli.pro.int.TransactionManager] (kafka-producer-network-thread | Producer-topic-cdd7c251_83d6_4815_8435_fdb667819777) [Producer clientId=Producer-topic-cdd7c251_83d6_4815_8435_fdb667819777] ProducerId set to 47 with epoch 0
2025-08-20 12:45:41,423 INFO  [io.api.tes.ser.api.KafkaSerdesTester] (ForkJoinPool.commonPool-worker-1) Sending message {"key1": "value-1", "key2": "value-1", "key3": "value-1"} to topic topic-cdd7c251_83d6_4815_8435_fdb667819777
2025-08-20 12:45:41,424 INFO  [io.api.tes.ser.api.KafkaSerdesTester] (ForkJoinPool.commonPool-worker-1) Sending message {"key1": "value-2", "key2": "value-2", "key3": "value-2"} to topic topic-cdd7c251_83d6_4815_8435_fdb667819777
2025-08-20 12:45:41,425 INFO  [io.api.tes.ser.api.KafkaSerdesTester] (ForkJoinPool.commonPool-worker-1) Sending message {"key1": "value-3", "key2": "value-3", "key3": "value-3"} to topic topic-cdd7c251_83d6_4815_8435_fdb667819777
2025-08-20 12:45:41,426 INFO  [io.api.tes.ser.api.KafkaSerdesTester] (ForkJoinPool.commonPool-worker-1) Sending message {"key1": "value-4", "key2": "value-4", "key3": "value-4"} to topic topic-cdd7c251_83d6_4815_8435_fdb667819777
2025-08-20 12:45:41,427 INFO  [io.api.tes.ser.api.KafkaSerdesTester] (ForkJoinPool.commonPool-worker-1) Sending message {"key1": "value-5", "key2": "value-5", "key3": "value-5"} to topic topic-cdd7c251_83d6_4815_8435_fdb667819777
2025-08-20 12:45:41,428 INFO  [io.api.tes.ser.api.KafkaSerdesTester] (ForkJoinPool.commonPool-worker-1) Sending message {"key1": "value-6", "key2": "value-6", "key3": "value-6"} to topic topic-cdd7c251_83d6_4815_8435_fdb667819777
2025-08-20 12:45:41,428 INFO  [io.api.tes.ser.api.KafkaSerdesTester] (ForkJoinPool.commonPool-worker-1) Sending message {"key1": "value-7", "key2": "value-7", "key3": "value-7"} to topic topic-cdd7c251_83d6_4815_8435_fdb667819777
2025-08-20 12:45:41,433 INFO  [io.api.tes.ser.api.KafkaSerdesTester] (ForkJoinPool.commonPool-worker-1) Sending message {"key1": "value-8", "key2": "value-8", "key3": "value-8"} to topic topic-cdd7c251_83d6_4815_8435_fdb667819777
2025-08-20 12:45:41,434 INFO  [io.api.tes.ser.api.KafkaSerdesTester] (ForkJoinPool.commonPool-worker-1) Sending message {"key1": "value-9", "key2": "value-9", "key3": "value-9"} to topic topic-cdd7c251_83d6_4815_8435_fdb667819777
2025-08-20 12:45:41,435 INFO  [io.api.tes.ser.api.KafkaSerdesTester] (ForkJoinPool.commonPool-worker-1) Produced 10 messages
2025-08-20 12:45:41,435 INFO  [org.apa.kaf.cli.pro.KafkaProducer] (ForkJoinPool.commonPool-worker-1) [Producer clientId=Producer-topic-cdd7c251_83d6_4815_8435_fdb667819777] Closing the Kafka producer with timeoutMillis = 9223372036854775807 ms.
2025-08-20 12:45:41,436 INFO  [org.apa.kaf.com.met.Metrics] (ForkJoinPool.commonPool-worker-1) Metrics scheduler closed
2025-08-20 12:45:41,436 INFO  [org.apa.kaf.com.met.Metrics] (ForkJoinPool.commonPool-worker-1) Closing reporter org.apache.kafka.common.metrics.JmxReporter
2025-08-20 12:45:41,436 INFO  [org.apa.kaf.com.met.Metrics] (ForkJoinPool.commonPool-worker-1) Closing reporter org.apache.kafka.common.telemetry.internals.ClientTelemetryReporter
2025-08-20 12:45:41,436 INFO  [org.apa.kaf.com.met.Metrics] (ForkJoinPool.commonPool-worker-1) Metrics reporters closed
2025-08-20 12:45:41,436 INFO  [org.apa.kaf.com.uti.AppInfoParser] (ForkJoinPool.commonPool-worker-1) App info kafka.producer for Producer-topic-cdd7c251_83d6_4815_8435_fdb667819777 unregistered
**** Registry Base URL: http://registry-app-ksql047.apps.ci419.apicurio-testing.org:80
2025-08-20 12:45:41,436 INFO  [org.apa.kaf.cli.pro.ProducerConfig] (main) ProducerConfig values: 
	acks = -1
	auto.include.jmx.reporter = true
	batch.size = 16384
	bootstrap.servers = [PLAINTEXT://localhost:32769]
	buffer.memory = 33554432
	client.dns.lookup = use_all_dns_ips
	client.id = Producer-topic-cdd7c251_83d6_4815_8435_fdb667819777
	compression.gzip.level = -1
	compression.lz4.level = 9
	compression.type = none
	compression.zstd.level = 3
	connections.max.idle.ms = 10000
	delivery.timeout.ms = 120000
	enable.idempotence = true
	enable.metrics.push = true
	interceptor.classes = []
	key.serializer = class org.apache.kafka.common.serialization.StringSerializer
	linger.ms = 0
	max.block.ms = 60000
	max.in.flight.requests.per.connection = 5
	max.request.size = 1048576
	metadata.max.age.ms = 300000
	metadata.max.idle.ms = 300000
	metadata.recovery.strategy = none
	metric.reporters = []
	metrics.num.samples = 2
	metrics.recording.level = INFO
	metrics.sample.window.ms = 30000
	partitioner.adaptive.partitioning.enable = true
	partitioner.availability.timeout.ms = 0
	partitioner.class = null
	partitioner.ignore.keys = false
	receive.buffer.bytes = 32768
	reconnect.backoff.max.ms = 1000
	reconnect.backoff.ms = 50
	request.timeout.ms = 5000
	retries = 2147483647
	retry.backoff.max.ms = 1000
	retry.backoff.ms = 100
	sasl.client.callback.handler.class = null
	sasl.jaas.config = null
	sasl.kerberos.kinit.cmd = /usr/bin/kinit
	sasl.kerberos.min.time.before.relogin = 60000
	sasl.kerberos.service.name = null
	sasl.kerberos.ticket.renew.jitter = 0.05
	sasl.kerberos.ticket.renew.window.factor = 0.8
	sasl.login.callback.handler.class = null
	sasl.login.class = null
	sasl.login.connect.timeout.ms = null
	sasl.login.read.timeout.ms = null
	sasl.login.refresh.buffer.seconds = 300
	sasl.login.refresh.min.period.seconds = 60
	sasl.login.refresh.window.factor = 0.8
	sasl.login.refresh.window.jitter = 0.05
	sasl.login.retry.backoff.max.ms = 10000
	sasl.login.retry.backoff.ms = 100
	sasl.mechanism = GSSAPI
	sasl.oauthbearer.clock.skew.seconds = 30
	sasl.oauthbearer.expected.audience = null
	sasl.oauthbearer.expected.issuer = null
	sasl.oauthbearer.header.urlencode = false
	sasl.oauthbearer.jwks.endpoint.refresh.ms = 3600000
	sasl.oauthbearer.jwks.endpoint.retry.backoff.max.ms = 10000
	sasl.oauthbearer.jwks.endpoint.retry.backoff.ms = 100
	sasl.oauthbearer.jwks.endpoint.url = null
	sasl.oauthbearer.scope.claim.name = scope
	sasl.oauthbearer.sub.claim.name = sub
	sasl.oauthbearer.token.endpoint.url = null
	security.protocol = PLAINTEXT
	security.providers = null
	send.buffer.bytes = 131072
	socket.connection.setup.timeout.max.ms = 30000
	socket.connection.setup.timeout.ms = 10000
	ssl.cipher.suites = null
	ssl.enabled.protocols = [TLSv1.2, TLSv1.3]
	ssl.endpoint.identification.algorithm = https
	ssl.engine.factory.class = null
	ssl.key.password = null
	ssl.keymanager.algorithm = SunX509
	ssl.keystore.certificate.chain = null
	ssl.keystore.key = null
	ssl.keystore.location = null
	ssl.keystore.password = null
	ssl.keystore.type = JKS
	ssl.protocol = TLSv1.3
	ssl.provider = null
	ssl.secure.random.implementation = null
	ssl.trustmanager.algorithm = PKIX
	ssl.truststore.certificates = null
	ssl.truststore.location = null
	ssl.truststore.password = null
	ssl.truststore.type = JKS
	transaction.timeout.ms = 60000
	transactional.id = null
	value.serializer = class io.confluent.kafka.serializers.KafkaAvroSerializer

2025-08-20 12:45:41,437 INFO  [org.apa.kaf.com.tel.int.KafkaMetricsCollector] (main) initializing Kafka metrics collector
2025-08-20 12:45:41,437 INFO  [io.con.kaf.ser.KafkaAvroSerializerConfig] (main) KafkaAvroSerializerConfig values: 
	auto.register.schemas = false
	avro.reflection.allow.null = false
	avro.remove.java.properties = false
	avro.use.logical.type.converters = false
	basic.auth.credentials.source = URL
	basic.auth.user.info = [hidden]
	bearer.auth.cache.expiry.buffer.seconds = 300
	bearer.auth.client.id = null
	bearer.auth.client.secret = null
	bearer.auth.credentials.source = STATIC_TOKEN
	bearer.auth.custom.provider.class = null
	bearer.auth.identity.pool.id = null
	bearer.auth.issuer.endpoint.url = null
	bearer.auth.logical.cluster = null
	bearer.auth.scope = null
	bearer.auth.scope.claim.name = scope
	bearer.auth.sub.claim.name = sub
	bearer.auth.token = [hidden]
	context.name.strategy = class io.confluent.kafka.serializers.context.NullContextNameStrategy
	http.connect.timeout.ms = 60000
	http.read.timeout.ms = 60000
	id.compatibility.strict = true
	key.schema.id.deserializer = class io.confluent.kafka.serializers.schema.id.DualSchemaIdDeserializer
	key.schema.id.serializer = class io.confluent.kafka.serializers.schema.id.PrefixSchemaIdSerializer
	key.subject.name.strategy = class io.confluent.kafka.serializers.subject.TopicNameStrategy
	latest.cache.size = 1000
	latest.cache.ttl.sec = -1
	latest.compatibility.strict = true
	max.retries = 3
	max.schemas.per.subject = 1000
	normalize.schemas = false
	propagate.schema.tags = false
	proxy.host = 
	proxy.port = -1
	retries.max.wait.ms = 20000
	retries.wait.ms = 1000
	rule.actions = []
	rule.executors = []
	rule.service.loader.enable = true
	schema.format = null
	schema.reflection = false
	schema.registry.basic.auth.user.info = [hidden]
	schema.registry.ssl.cipher.suites = null
	schema.registry.ssl.enabled.protocols = [TLSv1.2, TLSv1.3]
	schema.registry.ssl.endpoint.identification.algorithm = https
	schema.registry.ssl.engine.factory.class = null
	schema.registry.ssl.key.password = null
	schema.registry.ssl.keymanager.algorithm = SunX509
	schema.registry.ssl.keystore.certificate.chain = null
	schema.registry.ssl.keystore.key = null
	schema.registry.ssl.keystore.location = null
	schema.registry.ssl.keystore.password = null
	schema.registry.ssl.keystore.type = JKS
	schema.registry.ssl.protocol = TLSv1.3
	schema.registry.ssl.provider = null
	schema.registry.ssl.secure.random.implementation = null
	schema.registry.ssl.trustmanager.algorithm = PKIX
	schema.registry.ssl.truststore.certificates = null
	schema.registry.ssl.truststore.location = null
	schema.registry.ssl.truststore.password = null
	schema.registry.ssl.truststore.type = JKS
	schema.registry.url = [http://registry-app-ksql047.apps.ci419.apicurio-testing.org:80/apis/ccompat/v7]
	schema.registry.url.randomize = false
	use.latest.version = false
	use.latest.with.metadata = null
	use.schema.id = -1
	value.schema.id.deserializer = class io.confluent.kafka.serializers.schema.id.DualSchemaIdDeserializer
	value.schema.id.serializer = class io.confluent.kafka.serializers.schema.id.PrefixSchemaIdSerializer
	value.subject.name.strategy = class io.confluent.kafka.serializers.subject.TopicRecordNameStrategy

2025-08-20 12:45:41,438 INFO  [org.apa.kaf.cli.pro.KafkaProducer] (main) [Producer clientId=Producer-topic-cdd7c251_83d6_4815_8435_fdb667819777] Instantiated an idempotent producer.
2025-08-20 12:45:41,439 INFO  [org.apa.kaf.cli.pro.ProducerConfig] (main) These configurations '[schema.registry.url, auto.register.schemas, value.subject.name.strategy]' were supplied but are not used yet.
2025-08-20 12:45:41,439 INFO  [org.apa.kaf.com.uti.AppInfoParser] (main) Kafka version: 3.9.1
2025-08-20 12:45:41,439 INFO  [org.apa.kaf.com.uti.AppInfoParser] (main) Kafka commitId: f745dfdcee2b9851
2025-08-20 12:45:41,439 INFO  [org.apa.kaf.com.uti.AppInfoParser] (main) Kafka startTimeMs: 1755693941439
2025-08-20 12:45:41,440 INFO  [io.api.tes.ser.api.KafkaSerdesTester] (ForkJoinPool.commonPool-worker-1) Sending message {"key1": "value-0", "key2": "value-0"} to topic topic-cdd7c251_83d6_4815_8435_fdb667819777
2025-08-20 12:45:41,441 INFO  [org.apa.kaf.cli.Metadata] (kafka-producer-network-thread | Producer-topic-cdd7c251_83d6_4815_8435_fdb667819777) [Producer clientId=Producer-topic-cdd7c251_83d6_4815_8435_fdb667819777] Cluster ID: EQyFwMkXTJ-zd_jVgBIUnQ
2025-08-20 12:45:41,441 INFO  [org.apa.kaf.cli.pro.int.TransactionManager] (kafka-producer-network-thread | Producer-topic-cdd7c251_83d6_4815_8435_fdb667819777) [Producer clientId=Producer-topic-cdd7c251_83d6_4815_8435_fdb667819777] ProducerId set to 48 with epoch 0
2025-08-20 12:45:41,478 INFO  [io.api.tes.ser.api.KafkaSerdesTester] (ForkJoinPool.commonPool-worker-1) Sending message {"key1": "value-1", "key2": "value-1"} to topic topic-cdd7c251_83d6_4815_8435_fdb667819777
2025-08-20 12:45:41,479 INFO  [io.api.tes.ser.api.KafkaSerdesTester] (ForkJoinPool.commonPool-worker-1) Sending message {"key1": "value-2", "key2": "value-2"} to topic topic-cdd7c251_83d6_4815_8435_fdb667819777
2025-08-20 12:45:41,479 INFO  [io.api.tes.ser.api.KafkaSerdesTester] (ForkJoinPool.commonPool-worker-1) Sending message {"key1": "value-3", "key2": "value-3"} to topic topic-cdd7c251_83d6_4815_8435_fdb667819777
2025-08-20 12:45:41,480 INFO  [io.api.tes.ser.api.KafkaSerdesTester] (ForkJoinPool.commonPool-worker-1) Sending message {"key1": "value-4", "key2": "value-4"} to topic topic-cdd7c251_83d6_4815_8435_fdb667819777
2025-08-20 12:45:41,481 INFO  [io.api.tes.ser.api.KafkaSerdesTester] (ForkJoinPool.commonPool-worker-1) Sending message {"key1": "value-5", "key2": "value-5"} to topic topic-cdd7c251_83d6_4815_8435_fdb667819777
2025-08-20 12:45:41,483 INFO  [io.api.tes.ser.api.KafkaSerdesTester] (ForkJoinPool.commonPool-worker-1) Sending message {"key1": "value-6", "key2": "value-6"} to topic topic-cdd7c251_83d6_4815_8435_fdb667819777
2025-08-20 12:45:41,484 INFO  [io.api.tes.ser.api.KafkaSerdesTester] (ForkJoinPool.commonPool-worker-1) Sending message {"key1": "value-7", "key2": "value-7"} to topic topic-cdd7c251_83d6_4815_8435_fdb667819777
2025-08-20 12:45:41,485 INFO  [io.api.tes.ser.api.KafkaSerdesTester] (ForkJoinPool.commonPool-worker-1) Sending message {"key1": "value-8", "key2": "value-8"} to topic topic-cdd7c251_83d6_4815_8435_fdb667819777
2025-08-20 12:45:41,487 INFO  [io.api.tes.ser.api.KafkaSerdesTester] (ForkJoinPool.commonPool-worker-1) Sending message {"key1": "value-9", "key2": "value-9"} to topic topic-cdd7c251_83d6_4815_8435_fdb667819777
2025-08-20 12:45:41,487 INFO  [io.api.tes.ser.api.KafkaSerdesTester] (ForkJoinPool.commonPool-worker-1) Produced 10 messages
2025-08-20 12:45:41,488 INFO  [org.apa.kaf.cli.pro.KafkaProducer] (ForkJoinPool.commonPool-worker-1) [Producer clientId=Producer-topic-cdd7c251_83d6_4815_8435_fdb667819777] Closing the Kafka producer with timeoutMillis = 9223372036854775807 ms.
2025-08-20 12:45:41,489 INFO  [org.apa.kaf.com.met.Metrics] (ForkJoinPool.commonPool-worker-1) Metrics scheduler closed
2025-08-20 12:45:41,489 INFO  [org.apa.kaf.com.met.Metrics] (ForkJoinPool.commonPool-worker-1) Closing reporter org.apache.kafka.common.metrics.JmxReporter
2025-08-20 12:45:41,489 INFO  [org.apa.kaf.com.met.Metrics] (ForkJoinPool.commonPool-worker-1) Closing reporter org.apache.kafka.common.telemetry.internals.ClientTelemetryReporter
2025-08-20 12:45:41,489 INFO  [org.apa.kaf.com.met.Metrics] (ForkJoinPool.commonPool-worker-1) Metrics reporters closed
2025-08-20 12:45:41,490 INFO  [org.apa.kaf.com.uti.AppInfoParser] (ForkJoinPool.commonPool-worker-1) App info kafka.producer for Producer-topic-cdd7c251_83d6_4815_8435_fdb667819777 unregistered
**** Registry Base URL: http://registry-app-ksql047.apps.ci419.apicurio-testing.org:80
2025-08-20 12:45:41,490 INFO  [org.apa.kaf.cli.pro.ProducerConfig] (main) ProducerConfig values: 
	acks = -1
	auto.include.jmx.reporter = true
	batch.size = 16384
	bootstrap.servers = [PLAINTEXT://localhost:32769]
	buffer.memory = 33554432
	client.dns.lookup = use_all_dns_ips
	client.id = Producer-topic-cdd7c251_83d6_4815_8435_fdb667819777
	compression.gzip.level = -1
	compression.lz4.level = 9
	compression.type = none
	compression.zstd.level = 3
	connections.max.idle.ms = 10000
	delivery.timeout.ms = 120000
	enable.idempotence = true
	enable.metrics.push = true
	interceptor.classes = []
	key.serializer = class org.apache.kafka.common.serialization.StringSerializer
	linger.ms = 0
	max.block.ms = 60000
	max.in.flight.requests.per.connection = 5
	max.request.size = 1048576
	metadata.max.age.ms = 300000
	metadata.max.idle.ms = 300000
	metadata.recovery.strategy = none
	metric.reporters = []
	metrics.num.samples = 2
	metrics.recording.level = INFO
	metrics.sample.window.ms = 30000
	partitioner.adaptive.partitioning.enable = true
	partitioner.availability.timeout.ms = 0
	partitioner.class = null
	partitioner.ignore.keys = false
	receive.buffer.bytes = 32768
	reconnect.backoff.max.ms = 1000
	reconnect.backoff.ms = 50
	request.timeout.ms = 5000
	retries = 2147483647
	retry.backoff.max.ms = 1000
	retry.backoff.ms = 100
	sasl.client.callback.handler.class = null
	sasl.jaas.config = null
	sasl.kerberos.kinit.cmd = /usr/bin/kinit
	sasl.kerberos.min.time.before.relogin = 60000
	sasl.kerberos.service.name = null
	sasl.kerberos.ticket.renew.jitter = 0.05
	sasl.kerberos.ticket.renew.window.factor = 0.8
	sasl.login.callback.handler.class = null
	sasl.login.class = null
	sasl.login.connect.timeout.ms = null
	sasl.login.read.timeout.ms = null
	sasl.login.refresh.buffer.seconds = 300
	sasl.login.refresh.min.period.seconds = 60
	sasl.login.refresh.window.factor = 0.8
	sasl.login.refresh.window.jitter = 0.05
	sasl.login.retry.backoff.max.ms = 10000
	sasl.login.retry.backoff.ms = 100
	sasl.mechanism = GSSAPI
	sasl.oauthbearer.clock.skew.seconds = 30
	sasl.oauthbearer.expected.audience = null
	sasl.oauthbearer.expected.issuer = null
	sasl.oauthbearer.header.urlencode = false
	sasl.oauthbearer.jwks.endpoint.refresh.ms = 3600000
	sasl.oauthbearer.jwks.endpoint.retry.backoff.max.ms = 10000
	sasl.oauthbearer.jwks.endpoint.retry.backoff.ms = 100
	sasl.oauthbearer.jwks.endpoint.url = null
	sasl.oauthbearer.scope.claim.name = scope
	sasl.oauthbearer.sub.claim.name = sub
	sasl.oauthbearer.token.endpoint.url = null
	security.protocol = PLAINTEXT
	security.providers = null
	send.buffer.bytes = 131072
	socket.connection.setup.timeout.max.ms = 30000
	socket.connection.setup.timeout.ms = 10000
	ssl.cipher.suites = null
	ssl.enabled.protocols = [TLSv1.2, TLSv1.3]
	ssl.endpoint.identification.algorithm = https
	ssl.engine.factory.class = null
	ssl.key.password = null
	ssl.keymanager.algorithm = SunX509
	ssl.keystore.certificate.chain = null
	ssl.keystore.key = null
	ssl.keystore.location = null
	ssl.keystore.password = null
	ssl.keystore.type = JKS
	ssl.protocol = TLSv1.3
	ssl.provider = null
	ssl.secure.random.implementation = null
	ssl.trustmanager.algorithm = PKIX
	ssl.truststore.certificates = null
	ssl.truststore.location = null
	ssl.truststore.password = null
	ssl.truststore.type = JKS
	transaction.timeout.ms = 60000
	transactional.id = null
	value.serializer = class io.confluent.kafka.serializers.KafkaAvroSerializer

2025-08-20 12:45:41,490 INFO  [org.apa.kaf.com.tel.int.KafkaMetricsCollector] (main) initializing Kafka metrics collector
2025-08-20 12:45:41,491 INFO  [io.con.kaf.ser.KafkaAvroSerializerConfig] (main) KafkaAvroSerializerConfig values: 
	auto.register.schemas = false
	avro.reflection.allow.null = false
	avro.remove.java.properties = false
	avro.use.logical.type.converters = false
	basic.auth.credentials.source = URL
	basic.auth.user.info = [hidden]
	bearer.auth.cache.expiry.buffer.seconds = 300
	bearer.auth.client.id = null
	bearer.auth.client.secret = null
	bearer.auth.credentials.source = STATIC_TOKEN
	bearer.auth.custom.provider.class = null
	bearer.auth.identity.pool.id = null
	bearer.auth.issuer.endpoint.url = null
	bearer.auth.logical.cluster = null
	bearer.auth.scope = null
	bearer.auth.scope.claim.name = scope
	bearer.auth.sub.claim.name = sub
	bearer.auth.token = [hidden]
	context.name.strategy = class io.confluent.kafka.serializers.context.NullContextNameStrategy
	http.connect.timeout.ms = 60000
	http.read.timeout.ms = 60000
	id.compatibility.strict = true
	key.schema.id.deserializer = class io.confluent.kafka.serializers.schema.id.DualSchemaIdDeserializer
	key.schema.id.serializer = class io.confluent.kafka.serializers.schema.id.PrefixSchemaIdSerializer
	key.subject.name.strategy = class io.confluent.kafka.serializers.subject.TopicNameStrategy
	latest.cache.size = 1000
	latest.cache.ttl.sec = -1
	latest.compatibility.strict = true
	max.retries = 3
	max.schemas.per.subject = 1000
	normalize.schemas = false
	propagate.schema.tags = false
	proxy.host = 
	proxy.port = -1
	retries.max.wait.ms = 20000
	retries.wait.ms = 1000
	rule.actions = []
	rule.executors = []
	rule.service.loader.enable = true
	schema.format = null
	schema.reflection = false
	schema.registry.basic.auth.user.info = [hidden]
	schema.registry.ssl.cipher.suites = null
	schema.registry.ssl.enabled.protocols = [TLSv1.2, TLSv1.3]
	schema.registry.ssl.endpoint.identification.algorithm = https
	schema.registry.ssl.engine.factory.class = null
	schema.registry.ssl.key.password = null
	schema.registry.ssl.keymanager.algorithm = SunX509
	schema.registry.ssl.keystore.certificate.chain = null
	schema.registry.ssl.keystore.key = null
	schema.registry.ssl.keystore.location = null
	schema.registry.ssl.keystore.password = null
	schema.registry.ssl.keystore.type = JKS
	schema.registry.ssl.protocol = TLSv1.3
	schema.registry.ssl.provider = null
	schema.registry.ssl.secure.random.implementation = null
	schema.registry.ssl.trustmanager.algorithm = PKIX
	schema.registry.ssl.truststore.certificates = null
	schema.registry.ssl.truststore.location = null
	schema.registry.ssl.truststore.password = null
	schema.registry.ssl.truststore.type = JKS
	schema.registry.url = [http://registry-app-ksql047.apps.ci419.apicurio-testing.org:80/apis/ccompat/v7]
	schema.registry.url.randomize = false
	use.latest.version = false
	use.latest.with.metadata = null
	use.schema.id = -1
	value.schema.id.deserializer = class io.confluent.kafka.serializers.schema.id.DualSchemaIdDeserializer
	value.schema.id.serializer = class io.confluent.kafka.serializers.schema.id.PrefixSchemaIdSerializer
	value.subject.name.strategy = class io.confluent.kafka.serializers.subject.TopicRecordNameStrategy

2025-08-20 12:45:41,493 INFO  [org.apa.kaf.cli.pro.KafkaProducer] (main) [Producer clientId=Producer-topic-cdd7c251_83d6_4815_8435_fdb667819777] Instantiated an idempotent producer.
2025-08-20 12:45:41,494 INFO  [org.apa.kaf.cli.pro.ProducerConfig] (main) These configurations '[schema.registry.url, auto.register.schemas, value.subject.name.strategy]' were supplied but are not used yet.
2025-08-20 12:45:41,494 INFO  [org.apa.kaf.com.uti.AppInfoParser] (main) Kafka version: 3.9.1
2025-08-20 12:45:41,494 INFO  [org.apa.kaf.com.uti.AppInfoParser] (main) Kafka commitId: f745dfdcee2b9851
2025-08-20 12:45:41,494 INFO  [org.apa.kaf.com.uti.AppInfoParser] (main) Kafka startTimeMs: 1755693941494
2025-08-20 12:45:41,494 INFO  [io.api.tes.ser.api.KafkaSerdesTester] (ForkJoinPool.commonPool-worker-1) Sending message {"key1": "value-0"} to topic topic-cdd7c251_83d6_4815_8435_fdb667819777
2025-08-20 12:45:41,496 INFO  [org.apa.kaf.cli.Metadata] (kafka-producer-network-thread | Producer-topic-cdd7c251_83d6_4815_8435_fdb667819777) [Producer clientId=Producer-topic-cdd7c251_83d6_4815_8435_fdb667819777] Cluster ID: EQyFwMkXTJ-zd_jVgBIUnQ
2025-08-20 12:45:41,496 INFO  [org.apa.kaf.cli.pro.int.TransactionManager] (kafka-producer-network-thread | Producer-topic-cdd7c251_83d6_4815_8435_fdb667819777) [Producer clientId=Producer-topic-cdd7c251_83d6_4815_8435_fdb667819777] ProducerId set to 49 with epoch 0
2025-08-20 12:45:41,529 INFO  [io.api.tes.ser.api.KafkaSerdesTester] (ForkJoinPool.commonPool-worker-1) Sending message {"key1": "value-1"} to topic topic-cdd7c251_83d6_4815_8435_fdb667819777
2025-08-20 12:45:41,530 INFO  [io.api.tes.ser.api.KafkaSerdesTester] (ForkJoinPool.commonPool-worker-1) Sending message {"key1": "value-2"} to topic topic-cdd7c251_83d6_4815_8435_fdb667819777
2025-08-20 12:45:41,531 INFO  [io.api.tes.ser.api.KafkaSerdesTester] (ForkJoinPool.commonPool-worker-1) Sending message {"key1": "value-3"} to topic topic-cdd7c251_83d6_4815_8435_fdb667819777
2025-08-20 12:45:41,532 INFO  [io.api.tes.ser.api.KafkaSerdesTester] (ForkJoinPool.commonPool-worker-1) Sending message {"key1": "value-4"} to topic topic-cdd7c251_83d6_4815_8435_fdb667819777
2025-08-20 12:45:41,533 INFO  [io.api.tes.ser.api.KafkaSerdesTester] (ForkJoinPool.commonPool-worker-1) Sending message {"key1": "value-5"} to topic topic-cdd7c251_83d6_4815_8435_fdb667819777
2025-08-20 12:45:41,534 INFO  [io.api.tes.ser.api.KafkaSerdesTester] (ForkJoinPool.commonPool-worker-1) Sending message {"key1": "value-6"} to topic topic-cdd7c251_83d6_4815_8435_fdb667819777
2025-08-20 12:45:41,535 INFO  [io.api.tes.ser.api.KafkaSerdesTester] (ForkJoinPool.commonPool-worker-1) Sending message {"key1": "value-7"} to topic topic-cdd7c251_83d6_4815_8435_fdb667819777
2025-08-20 12:45:41,536 INFO  [io.api.tes.ser.api.KafkaSerdesTester] (ForkJoinPool.commonPool-worker-1) Sending message {"key1": "value-8"} to topic topic-cdd7c251_83d6_4815_8435_fdb667819777
2025-08-20 12:45:41,536 INFO  [io.api.tes.ser.api.KafkaSerdesTester] (ForkJoinPool.commonPool-worker-1) Sending message {"key1": "value-9"} to topic topic-cdd7c251_83d6_4815_8435_fdb667819777
2025-08-20 12:45:41,537 INFO  [io.api.tes.ser.api.KafkaSerdesTester] (ForkJoinPool.commonPool-worker-1) Produced 10 messages
2025-08-20 12:45:41,537 INFO  [org.apa.kaf.cli.pro.KafkaProducer] (ForkJoinPool.commonPool-worker-1) [Producer clientId=Producer-topic-cdd7c251_83d6_4815_8435_fdb667819777] Closing the Kafka producer with timeoutMillis = 9223372036854775807 ms.
2025-08-20 12:45:41,539 INFO  [org.apa.kaf.com.met.Metrics] (ForkJoinPool.commonPool-worker-1) Metrics scheduler closed
2025-08-20 12:45:41,539 INFO  [org.apa.kaf.com.met.Metrics] (ForkJoinPool.commonPool-worker-1) Closing reporter org.apache.kafka.common.metrics.JmxReporter
2025-08-20 12:45:41,539 INFO  [org.apa.kaf.com.met.Metrics] (ForkJoinPool.commonPool-worker-1) Closing reporter org.apache.kafka.common.telemetry.internals.ClientTelemetryReporter
2025-08-20 12:45:41,539 INFO  [org.apa.kaf.com.met.Metrics] (ForkJoinPool.commonPool-worker-1) Metrics reporters closed
2025-08-20 12:45:41,539 INFO  [org.apa.kaf.com.uti.AppInfoParser] (ForkJoinPool.commonPool-worker-1) App info kafka.producer for Producer-topic-cdd7c251_83d6_4815_8435_fdb667819777 unregistered
**** Registry Base URL: http://registry-app-ksql047.apps.ci419.apicurio-testing.org:80
2025-08-20 12:45:41,539 INFO  [org.apa.kaf.cli.con.ConsumerConfig] (main) ConsumerConfig values: 
	allow.auto.create.topics = true
	auto.commit.interval.ms = 500
	auto.include.jmx.reporter = true
	auto.offset.reset = earliest
	bootstrap.servers = [PLAINTEXT://localhost:32769]
	check.crcs = true
	client.dns.lookup = use_all_dns_ips
	client.id = consumer-Consumer-topic-cdd7c251_83d6_4815_8435_fdb667819777-36
	client.rack = 
	connections.max.idle.ms = 10000
	default.api.timeout.ms = 60000
	enable.auto.commit = true
	enable.metrics.push = true
	exclude.internal.topics = true
	fetch.max.bytes = 52428800
	fetch.max.wait.ms = 500
	fetch.min.bytes = 1
	group.id = Consumer-topic-cdd7c251_83d6_4815_8435_fdb667819777
	group.instance.id = null
	group.protocol = classic
	group.remote.assignor = null
	heartbeat.interval.ms = 3000
	interceptor.classes = []
	internal.leave.group.on.close = true
	internal.throw.on.fetch.stable.offset.unsupported = false
	isolation.level = read_uncommitted
	key.deserializer = class org.apache.kafka.common.serialization.StringDeserializer
	max.partition.fetch.bytes = 1048576
	max.poll.interval.ms = 300000
	max.poll.records = 500
	metadata.max.age.ms = 300000
	metadata.recovery.strategy = none
	metric.reporters = []
	metrics.num.samples = 2
	metrics.recording.level = INFO
	metrics.sample.window.ms = 30000
	partition.assignment.strategy = [class org.apache.kafka.clients.consumer.RangeAssignor, class org.apache.kafka.clients.consumer.CooperativeStickyAssignor]
	receive.buffer.bytes = 65536
	reconnect.backoff.max.ms = 1000
	reconnect.backoff.ms = 50
	request.timeout.ms = 5000
	retry.backoff.max.ms = 1000
	retry.backoff.ms = 100
	sasl.client.callback.handler.class = null
	sasl.jaas.config = null
	sasl.kerberos.kinit.cmd = /usr/bin/kinit
	sasl.kerberos.min.time.before.relogin = 60000
	sasl.kerberos.service.name = null
	sasl.kerberos.ticket.renew.jitter = 0.05
	sasl.kerberos.ticket.renew.window.factor = 0.8
	sasl.login.callback.handler.class = null
	sasl.login.class = null
	sasl.login.connect.timeout.ms = null
	sasl.login.read.timeout.ms = null
	sasl.login.refresh.buffer.seconds = 300
	sasl.login.refresh.min.period.seconds = 60
	sasl.login.refresh.window.factor = 0.8
	sasl.login.refresh.window.jitter = 0.05
	sasl.login.retry.backoff.max.ms = 10000
	sasl.login.retry.backoff.ms = 100
	sasl.mechanism = GSSAPI
	sasl.oauthbearer.clock.skew.seconds = 30
	sasl.oauthbearer.expected.audience = null
	sasl.oauthbearer.expected.issuer = null
	sasl.oauthbearer.header.urlencode = false
	sasl.oauthbearer.jwks.endpoint.refresh.ms = 3600000
	sasl.oauthbearer.jwks.endpoint.retry.backoff.max.ms = 10000
	sasl.oauthbearer.jwks.endpoint.retry.backoff.ms = 100
	sasl.oauthbearer.jwks.endpoint.url = null
	sasl.oauthbearer.scope.claim.name = scope
	sasl.oauthbearer.sub.claim.name = sub
	sasl.oauthbearer.token.endpoint.url = null
	security.protocol = PLAINTEXT
	security.providers = null
	send.buffer.bytes = 131072
	session.timeout.ms = 45000
	socket.connection.setup.timeout.max.ms = 30000
	socket.connection.setup.timeout.ms = 10000
	ssl.cipher.suites = null
	ssl.enabled.protocols = [TLSv1.2, TLSv1.3]
	ssl.endpoint.identification.algorithm = https
	ssl.engine.factory.class = null
	ssl.key.password = null
	ssl.keymanager.algorithm = SunX509
	ssl.keystore.certificate.chain = null
	ssl.keystore.key = null
	ssl.keystore.location = null
	ssl.keystore.password = null
	ssl.keystore.type = JKS
	ssl.protocol = TLSv1.3
	ssl.provider = null
	ssl.secure.random.implementation = null
	ssl.trustmanager.algorithm = PKIX
	ssl.truststore.certificates = null
	ssl.truststore.location = null
	ssl.truststore.password = null
	ssl.truststore.type = JKS
	value.deserializer = class io.confluent.kafka.serializers.KafkaAvroDeserializer

2025-08-20 12:45:41,539 INFO  [org.apa.kaf.com.tel.int.KafkaMetricsCollector] (main) initializing Kafka metrics collector
2025-08-20 12:45:41,539 INFO  [io.con.kaf.ser.KafkaAvroDeserializerConfig] (main) KafkaAvroDeserializerConfig values: 
	auto.register.schemas = true
	avro.reflection.allow.null = false
	avro.use.logical.type.converters = false
	basic.auth.credentials.source = URL
	basic.auth.user.info = [hidden]
	bearer.auth.cache.expiry.buffer.seconds = 300
	bearer.auth.client.id = null
	bearer.auth.client.secret = null
	bearer.auth.credentials.source = STATIC_TOKEN
	bearer.auth.custom.provider.class = null
	bearer.auth.identity.pool.id = null
	bearer.auth.issuer.endpoint.url = null
	bearer.auth.logical.cluster = null
	bearer.auth.scope = null
	bearer.auth.scope.claim.name = scope
	bearer.auth.sub.claim.name = sub
	bearer.auth.token = [hidden]
	context.name.strategy = class io.confluent.kafka.serializers.context.NullContextNameStrategy
	http.connect.timeout.ms = 60000
	http.read.timeout.ms = 60000
	id.compatibility.strict = true
	key.schema.id.deserializer = class io.confluent.kafka.serializers.schema.id.DualSchemaIdDeserializer
	key.schema.id.serializer = class io.confluent.kafka.serializers.schema.id.PrefixSchemaIdSerializer
	key.subject.name.strategy = class io.confluent.kafka.serializers.subject.TopicNameStrategy
	latest.cache.size = 1000
	latest.cache.ttl.sec = -1
	latest.compatibility.strict = true
	max.retries = 3
	max.schemas.per.subject = 1000
	normalize.schemas = false
	propagate.schema.tags = false
	proxy.host = 
	proxy.port = -1
	retries.max.wait.ms = 20000
	retries.wait.ms = 1000
	rule.actions = []
	rule.executors = []
	rule.service.loader.enable = true
	schema.format = null
	schema.reflection = false
	schema.registry.basic.auth.user.info = [hidden]
	schema.registry.ssl.cipher.suites = null
	schema.registry.ssl.enabled.protocols = [TLSv1.2, TLSv1.3]
	schema.registry.ssl.endpoint.identification.algorithm = https
	schema.registry.ssl.engine.factory.class = null
	schema.registry.ssl.key.password = null
	schema.registry.ssl.keymanager.algorithm = SunX509
	schema.registry.ssl.keystore.certificate.chain = null
	schema.registry.ssl.keystore.key = null
	schema.registry.ssl.keystore.location = null
	schema.registry.ssl.keystore.password = null
	schema.registry.ssl.keystore.type = JKS
	schema.registry.ssl.protocol = TLSv1.3
	schema.registry.ssl.provider = null
	schema.registry.ssl.secure.random.implementation = null
	schema.registry.ssl.trustmanager.algorithm = PKIX
	schema.registry.ssl.truststore.certificates = null
	schema.registry.ssl.truststore.location = null
	schema.registry.ssl.truststore.password = null
	schema.registry.ssl.truststore.type = JKS
	schema.registry.url = [http://registry-app-ksql047.apps.ci419.apicurio-testing.org:80/apis/ccompat/v7]
	schema.registry.url.randomize = false
	specific.avro.key.type = null
	specific.avro.reader = false
	specific.avro.value.type = null
	use.latest.version = false
	use.latest.with.metadata = null
	use.schema.id = -1
	value.schema.id.deserializer = class io.confluent.kafka.serializers.schema.id.DualSchemaIdDeserializer
	value.schema.id.serializer = class io.confluent.kafka.serializers.schema.id.PrefixSchemaIdSerializer
	value.subject.name.strategy = class io.confluent.kafka.serializers.subject.TopicNameStrategy

2025-08-20 12:45:41,542 INFO  [org.apa.kaf.cli.con.ConsumerConfig] (main) These configurations '[schema.registry.url]' were supplied but are not used yet.
2025-08-20 12:45:41,542 INFO  [org.apa.kaf.com.uti.AppInfoParser] (main) Kafka version: 3.9.1
2025-08-20 12:45:41,542 INFO  [org.apa.kaf.com.uti.AppInfoParser] (main) Kafka commitId: f745dfdcee2b9851
2025-08-20 12:45:41,542 INFO  [org.apa.kaf.com.uti.AppInfoParser] (main) Kafka startTimeMs: 1755693941542
2025-08-20 12:45:41,543 INFO  [org.apa.kaf.cli.con.int.ClassicKafkaConsumer] (ForkJoinPool.commonPool-worker-1) [Consumer clientId=consumer-Consumer-topic-cdd7c251_83d6_4815_8435_fdb667819777-36, groupId=Consumer-topic-cdd7c251_83d6_4815_8435_fdb667819777] Subscribed to topic(s): topic-cdd7c251_83d6_4815_8435_fdb667819777
2025-08-20 12:45:41,545 INFO  [org.apa.kaf.cli.Metadata] (ForkJoinPool.commonPool-worker-1) [Consumer clientId=consumer-Consumer-topic-cdd7c251_83d6_4815_8435_fdb667819777-36, groupId=Consumer-topic-cdd7c251_83d6_4815_8435_fdb667819777] Cluster ID: EQyFwMkXTJ-zd_jVgBIUnQ
2025-08-20 12:45:41,545 INFO  [org.apa.kaf.cli.con.int.ConsumerCoordinator] (ForkJoinPool.commonPool-worker-1) [Consumer clientId=consumer-Consumer-topic-cdd7c251_83d6_4815_8435_fdb667819777-36, groupId=Consumer-topic-cdd7c251_83d6_4815_8435_fdb667819777] Discovered group coordinator localhost:32769 (id: 2147483647 rack: null)
2025-08-20 12:45:41,546 INFO  [org.apa.kaf.cli.con.int.ConsumerCoordinator] (ForkJoinPool.commonPool-worker-1) [Consumer clientId=consumer-Consumer-topic-cdd7c251_83d6_4815_8435_fdb667819777-36, groupId=Consumer-topic-cdd7c251_83d6_4815_8435_fdb667819777] (Re-)joining group
2025-08-20 12:45:41,547 INFO  [org.apa.kaf.cli.con.int.ConsumerCoordinator] (ForkJoinPool.commonPool-worker-1) [Consumer clientId=consumer-Consumer-topic-cdd7c251_83d6_4815_8435_fdb667819777-36, groupId=Consumer-topic-cdd7c251_83d6_4815_8435_fdb667819777] Request joining group due to: need to re-join with the given member-id: consumer-Consumer-topic-cdd7c251_83d6_4815_8435_fdb667819777-36-f3eac4a6-ce1e-44fb-b14e-d4731655f96a
2025-08-20 12:45:41,547 INFO  [org.apa.kaf.cli.con.int.ConsumerCoordinator] (ForkJoinPool.commonPool-worker-1) [Consumer clientId=consumer-Consumer-topic-cdd7c251_83d6_4815_8435_fdb667819777-36, groupId=Consumer-topic-cdd7c251_83d6_4815_8435_fdb667819777] (Re-)joining group
2025-08-20 12:45:42,543 INFO  [io.api.tes.ser.api.KafkaSerdesTester] (ForkJoinPool.commonPool-worker-1) None found
2025-08-20 12:45:43,544 INFO  [io.api.tes.ser.api.KafkaSerdesTester] (ForkJoinPool.commonPool-worker-1) None found
2025-08-20 12:45:44,544 INFO  [io.api.tes.ser.api.KafkaSerdesTester] (ForkJoinPool.commonPool-worker-1) None found
2025-08-20 12:45:44,548 INFO  [org.apa.kaf.cli.con.int.ConsumerCoordinator] (ForkJoinPool.commonPool-worker-1) [Consumer clientId=consumer-Consumer-topic-cdd7c251_83d6_4815_8435_fdb667819777-36, groupId=Consumer-topic-cdd7c251_83d6_4815_8435_fdb667819777] Successfully joined group with generation Generation{generationId=5, memberId='consumer-Consumer-topic-cdd7c251_83d6_4815_8435_fdb667819777-36-f3eac4a6-ce1e-44fb-b14e-d4731655f96a', protocol='range'}
2025-08-20 12:45:44,548 INFO  [org.apa.kaf.cli.con.int.ConsumerCoordinator] (ForkJoinPool.commonPool-worker-1) [Consumer clientId=consumer-Consumer-topic-cdd7c251_83d6_4815_8435_fdb667819777-36, groupId=Consumer-topic-cdd7c251_83d6_4815_8435_fdb667819777] Finished assignment for group at generation 5: {consumer-Consumer-topic-cdd7c251_83d6_4815_8435_fdb667819777-36-f3eac4a6-ce1e-44fb-b14e-d4731655f96a=Assignment(partitions=[topic-cdd7c251_83d6_4815_8435_fdb667819777-0])}
2025-08-20 12:45:44,555 INFO  [org.apa.kaf.cli.con.int.ConsumerCoordinator] (ForkJoinPool.commonPool-worker-1) [Consumer clientId=consumer-Consumer-topic-cdd7c251_83d6_4815_8435_fdb667819777-36, groupId=Consumer-topic-cdd7c251_83d6_4815_8435_fdb667819777] Successfully synced group in generation Generation{generationId=5, memberId='consumer-Consumer-topic-cdd7c251_83d6_4815_8435_fdb667819777-36-f3eac4a6-ce1e-44fb-b14e-d4731655f96a', protocol='range'}
2025-08-20 12:45:44,555 INFO  [org.apa.kaf.cli.con.int.ConsumerCoordinator] (ForkJoinPool.commonPool-worker-1) [Consumer clientId=consumer-Consumer-topic-cdd7c251_83d6_4815_8435_fdb667819777-36, groupId=Consumer-topic-cdd7c251_83d6_4815_8435_fdb667819777] Notifying assignor about the new Assignment(partitions=[topic-cdd7c251_83d6_4815_8435_fdb667819777-0])
2025-08-20 12:45:44,555 INFO  [org.apa.kaf.cli.con.int.ConsumerRebalanceListenerInvoker] (ForkJoinPool.commonPool-worker-1) [Consumer clientId=consumer-Consumer-topic-cdd7c251_83d6_4815_8435_fdb667819777-36, groupId=Consumer-topic-cdd7c251_83d6_4815_8435_fdb667819777] Adding newly assigned partitions: topic-cdd7c251_83d6_4815_8435_fdb667819777-0
2025-08-20 12:45:44,555 INFO  [org.apa.kaf.cli.con.int.ConsumerUtils] (ForkJoinPool.commonPool-worker-1) Setting offset for partition topic-cdd7c251_83d6_4815_8435_fdb667819777-0 to the committed offset FetchPosition{offset=30, offsetEpoch=Optional[0], currentLeader=LeaderAndEpoch{leader=Optional[localhost:32769 (id: 0 rack: null)], epoch=0}}
2025-08-20 12:45:44,661 INFO  [io.api.tes.ser.api.KafkaSerdesTester] (ForkJoinPool.commonPool-worker-1) topic-cdd7c251_83d6_4815_8435_fdb667819777 0 30 {"key1": "value-0", "key2": "value-0", "key3": "value-0"}
2025-08-20 12:45:44,661 INFO  [io.api.tes.ser.api.KafkaSerdesTester] (ForkJoinPool.commonPool-worker-1) topic-cdd7c251_83d6_4815_8435_fdb667819777 0 31 {"key1": "value-1", "key2": "value-1", "key3": "value-1"}
2025-08-20 12:45:44,661 INFO  [io.api.tes.ser.api.KafkaSerdesTester] (ForkJoinPool.commonPool-worker-1) topic-cdd7c251_83d6_4815_8435_fdb667819777 0 32 {"key1": "value-2", "key2": "value-2", "key3": "value-2"}
2025-08-20 12:45:44,661 INFO  [io.api.tes.ser.api.KafkaSerdesTester] (ForkJoinPool.commonPool-worker-1) topic-cdd7c251_83d6_4815_8435_fdb667819777 0 33 {"key1": "value-3", "key2": "value-3", "key3": "value-3"}
2025-08-20 12:45:44,661 INFO  [io.api.tes.ser.api.KafkaSerdesTester] (ForkJoinPool.commonPool-worker-1) topic-cdd7c251_83d6_4815_8435_fdb667819777 0 34 {"key1": "value-4", "key2": "value-4", "key3": "value-4"}
2025-08-20 12:45:44,661 INFO  [io.api.tes.ser.api.KafkaSerdesTester] (ForkJoinPool.commonPool-worker-1) topic-cdd7c251_83d6_4815_8435_fdb667819777 0 35 {"key1": "value-5", "key2": "value-5", "key3": "value-5"}
2025-08-20 12:45:44,661 INFO  [io.api.tes.ser.api.KafkaSerdesTester] (ForkJoinPool.commonPool-worker-1) topic-cdd7c251_83d6_4815_8435_fdb667819777 0 36 {"key1": "value-6", "key2": "value-6", "key3": "value-6"}
2025-08-20 12:45:44,661 INFO  [io.api.tes.ser.api.KafkaSerdesTester] (ForkJoinPool.commonPool-worker-1) topic-cdd7c251_83d6_4815_8435_fdb667819777 0 37 {"key1": "value-7", "key2": "value-7", "key3": "value-7"}
2025-08-20 12:45:44,661 INFO  [io.api.tes.ser.api.KafkaSerdesTester] (ForkJoinPool.commonPool-worker-1) topic-cdd7c251_83d6_4815_8435_fdb667819777 0 38 {"key1": "value-8", "key2": "value-8", "key3": "value-8"}
2025-08-20 12:45:44,661 INFO  [io.api.tes.ser.api.KafkaSerdesTester] (ForkJoinPool.commonPool-worker-1) topic-cdd7c251_83d6_4815_8435_fdb667819777 0 39 {"key1": "value-9", "key2": "value-9", "key3": "value-9"}
2025-08-20 12:45:44,661 INFO  [io.api.tes.ser.api.KafkaSerdesTester] (ForkJoinPool.commonPool-worker-1) topic-cdd7c251_83d6_4815_8435_fdb667819777 0 40 {"key1": "value-0", "key2": "value-0"}
2025-08-20 12:45:44,661 INFO  [io.api.tes.ser.api.KafkaSerdesTester] (ForkJoinPool.commonPool-worker-1) topic-cdd7c251_83d6_4815_8435_fdb667819777 0 41 {"key1": "value-1", "key2": "value-1"}
2025-08-20 12:45:44,661 INFO  [io.api.tes.ser.api.KafkaSerdesTester] (ForkJoinPool.commonPool-worker-1) topic-cdd7c251_83d6_4815_8435_fdb667819777 0 42 {"key1": "value-2", "key2": "value-2"}
2025-08-20 12:45:44,661 INFO  [io.api.tes.ser.api.KafkaSerdesTester] (ForkJoinPool.commonPool-worker-1) topic-cdd7c251_83d6_4815_8435_fdb667819777 0 43 {"key1": "value-3", "key2": "value-3"}
2025-08-20 12:45:44,661 INFO  [io.api.tes.ser.api.KafkaSerdesTester] (ForkJoinPool.commonPool-worker-1) topic-cdd7c251_83d6_4815_8435_fdb667819777 0 44 {"key1": "value-4", "key2": "value-4"}
2025-08-20 12:45:44,661 INFO  [io.api.tes.ser.api.KafkaSerdesTester] (ForkJoinPool.commonPool-worker-1) topic-cdd7c251_83d6_4815_8435_fdb667819777 0 45 {"key1": "value-5", "key2": "value-5"}
2025-08-20 12:45:44,661 INFO  [io.api.tes.ser.api.KafkaSerdesTester] (ForkJoinPool.commonPool-worker-1) topic-cdd7c251_83d6_4815_8435_fdb667819777 0 46 {"key1": "value-6", "key2": "value-6"}
2025-08-20 12:45:44,661 INFO  [io.api.tes.ser.api.KafkaSerdesTester] (ForkJoinPool.commonPool-worker-1) topic-cdd7c251_83d6_4815_8435_fdb667819777 0 47 {"key1": "value-7", "key2": "value-7"}
2025-08-20 12:45:44,661 INFO  [io.api.tes.ser.api.KafkaSerdesTester] (ForkJoinPool.commonPool-worker-1) topic-cdd7c251_83d6_4815_8435_fdb667819777 0 48 {"key1": "value-8", "key2": "value-8"}
2025-08-20 12:45:44,661 INFO  [io.api.tes.ser.api.KafkaSerdesTester] (ForkJoinPool.commonPool-worker-1) topic-cdd7c251_83d6_4815_8435_fdb667819777 0 49 {"key1": "value-9", "key2": "value-9"}
2025-08-20 12:45:44,661 INFO  [io.api.tes.ser.api.KafkaSerdesTester] (ForkJoinPool.commonPool-worker-1) topic-cdd7c251_83d6_4815_8435_fdb667819777 0 50 {"key1": "value-0"}
2025-08-20 12:45:44,661 INFO  [io.api.tes.ser.api.KafkaSerdesTester] (ForkJoinPool.commonPool-worker-1) topic-cdd7c251_83d6_4815_8435_fdb667819777 0 51 {"key1": "value-1"}
2025-08-20 12:45:44,661 INFO  [io.api.tes.ser.api.KafkaSerdesTester] (ForkJoinPool.commonPool-worker-1) topic-cdd7c251_83d6_4815_8435_fdb667819777 0 52 {"key1": "value-2"}
2025-08-20 12:45:44,661 INFO  [io.api.tes.ser.api.KafkaSerdesTester] (ForkJoinPool.commonPool-worker-1) topic-cdd7c251_83d6_4815_8435_fdb667819777 0 53 {"key1": "value-3"}
2025-08-20 12:45:44,661 INFO  [io.api.tes.ser.api.KafkaSerdesTester] (ForkJoinPool.commonPool-worker-1) topic-cdd7c251_83d6_4815_8435_fdb667819777 0 54 {"key1": "value-4"}
2025-08-20 12:45:44,661 INFO  [io.api.tes.ser.api.KafkaSerdesTester] (ForkJoinPool.commonPool-worker-1) topic-cdd7c251_83d6_4815_8435_fdb667819777 0 55 {"key1": "value-5"}
2025-08-20 12:45:44,661 INFO  [io.api.tes.ser.api.KafkaSerdesTester] (ForkJoinPool.commonPool-worker-1) topic-cdd7c251_83d6_4815_8435_fdb667819777 0 56 {"key1": "value-6"}
2025-08-20 12:45:44,661 INFO  [io.api.tes.ser.api.KafkaSerdesTester] (ForkJoinPool.commonPool-worker-1) topic-cdd7c251_83d6_4815_8435_fdb667819777 0 57 {"key1": "value-7"}
2025-08-20 12:45:44,661 INFO  [io.api.tes.ser.api.KafkaSerdesTester] (ForkJoinPool.commonPool-worker-1) topic-cdd7c251_83d6_4815_8435_fdb667819777 0 58 {"key1": "value-8"}
2025-08-20 12:45:44,661 INFO  [io.api.tes.ser.api.KafkaSerdesTester] (ForkJoinPool.commonPool-worker-1) topic-cdd7c251_83d6_4815_8435_fdb667819777 0 59 {"key1": "value-9"}
2025-08-20 12:45:44,661 INFO  [io.api.tes.ser.api.KafkaSerdesTester] (ForkJoinPool.commonPool-worker-1) Consumed 30 messages
2025-08-20 12:45:44,668 INFO  [org.apa.kaf.cli.con.int.ConsumerRebalanceListenerInvoker] (ForkJoinPool.commonPool-worker-1) [Consumer clientId=consumer-Consumer-topic-cdd7c251_83d6_4815_8435_fdb667819777-36, groupId=Consumer-topic-cdd7c251_83d6_4815_8435_fdb667819777] Revoke previously assigned partitions topic-cdd7c251_83d6_4815_8435_fdb667819777-0
2025-08-20 12:45:44,668 INFO  [org.apa.kaf.cli.con.int.ConsumerCoordinator] (ForkJoinPool.commonPool-worker-1) [Consumer clientId=consumer-Consumer-topic-cdd7c251_83d6_4815_8435_fdb667819777-36, groupId=Consumer-topic-cdd7c251_83d6_4815_8435_fdb667819777] Member consumer-Consumer-topic-cdd7c251_83d6_4815_8435_fdb667819777-36-f3eac4a6-ce1e-44fb-b14e-d4731655f96a sending LeaveGroup request to coordinator localhost:32769 (id: 2147483647 rack: null) due to the consumer is being closed
2025-08-20 12:45:44,668 INFO  [org.apa.kaf.cli.con.int.ConsumerCoordinator] (ForkJoinPool.commonPool-worker-1) [Consumer clientId=consumer-Consumer-topic-cdd7c251_83d6_4815_8435_fdb667819777-36, groupId=Consumer-topic-cdd7c251_83d6_4815_8435_fdb667819777] Resetting generation and member id due to: consumer pro-actively leaving the group
2025-08-20 12:45:44,668 INFO  [org.apa.kaf.cli.con.int.ConsumerCoordinator] (ForkJoinPool.commonPool-worker-1) [Consumer clientId=consumer-Consumer-topic-cdd7c251_83d6_4815_8435_fdb667819777-36, groupId=Consumer-topic-cdd7c251_83d6_4815_8435_fdb667819777] Request joining group due to: consumer pro-actively leaving the group
2025-08-20 12:45:45,162 INFO  [org.apa.kaf.com.met.Metrics] (ForkJoinPool.commonPool-worker-1) Metrics scheduler closed
2025-08-20 12:45:45,162 INFO  [org.apa.kaf.com.met.Metrics] (ForkJoinPool.commonPool-worker-1) Closing reporter org.apache.kafka.common.metrics.JmxReporter
2025-08-20 12:45:45,162 INFO  [org.apa.kaf.com.met.Metrics] (ForkJoinPool.commonPool-worker-1) Closing reporter org.apache.kafka.common.telemetry.internals.ClientTelemetryReporter
2025-08-20 12:45:45,163 INFO  [org.apa.kaf.com.met.Metrics] (ForkJoinPool.commonPool-worker-1) Metrics reporters closed
2025-08-20 12:45:45,164 INFO  [org.apa.kaf.com.uti.AppInfoParser] (ForkJoinPool.commonPool-worker-1) App info kafka.consumer for consumer-Consumer-topic-cdd7c251_83d6_4815_8435_fdb667819777-36 unregistered
2025-08-20 12:45:45,164 INFO  [org.apa.kaf.cli.pro.KafkaProducer] (main) [Producer clientId=Producer-topic-cdd7c251_83d6_4815_8435_fdb667819777] Closing the Kafka producer with timeoutMillis = 9223372036854775807 ms.
2025-08-20 12:45:45,164 INFO  [org.apa.kaf.com.met.Metrics] (main) Metrics scheduler closed
2025-08-20 12:45:45,164 INFO  [org.apa.kaf.com.met.Metrics] (main) Closing reporter org.apache.kafka.common.metrics.JmxReporter
2025-08-20 12:45:45,164 INFO  [org.apa.kaf.com.met.Metrics] (main) Closing reporter org.apache.kafka.common.telemetry.internals.ClientTelemetryReporter
2025-08-20 12:45:45,164 INFO  [org.apa.kaf.com.met.Metrics] (main) Metrics reporters closed
2025-08-20 12:45:45,164 INFO  [org.apa.kaf.com.uti.AppInfoParser] (main) App info kafka.producer for Producer-topic-cdd7c251_83d6_4815_8435_fdb667819777 unregistered
2025-08-20 12:45:45,227 INFO  [io.api.tes.ser.con.BasicConfluentSerDesIT] (main) Deleting confluent schema topic-cdd7c251_83d6_4815_8435_fdb667819777-sabbc7c59x4731x428bx89ffx23afbf15132f
2025-08-20 12:45:45,290 INFO  [io.api.tes.uti.TestSeparator] (main) io.apicurio.tests.serdes.confluent.BasicConfluentSerDesIT.testEvolveAvroConfluent-FINISHED
2025-08-20 12:45:45,290 INFO  [io.api.tes.uti.TestSeparator] (main) ############################################################################
Test passed: testEvolveAvroConfluent
]]></system-out>
  </testcase>
  <testcase name="testAvroConfluentSerDes" classname="io.apicurio.tests.serdes.confluent.BasicConfluentSerDesIT" time="3.867">
    <system-out><![CDATA[2025-08-20 12:45:45,291 INFO  [io.api.tes.uti.TestSeparator] (main) ############################################################################
2025-08-20 12:45:45,291 INFO  [io.api.tes.uti.TestSeparator] (main) io.apicurio.tests.serdes.confluent.BasicConfluentSerDesIT.testAvroConfluentSerDes-STARTED
2025-08-20 12:45:45,396 INFO  [io.api.tes.ser.con.BasicConfluentSerDesIT] (main) Checking that created schema is equal to the get schema
2025-08-20 12:45:45,429 INFO  [io.api.tes.ser.con.BasicConfluentSerDesIT] (main) Created schema with id:111 and name:myrecordconfluent1
**** Registry Base URL: http://registry-app-ksql047.apps.ci419.apicurio-testing.org:80
2025-08-20 12:45:45,430 INFO  [org.apa.kaf.cli.pro.ProducerConfig] (main) ProducerConfig values: 
	acks = -1
	auto.include.jmx.reporter = true
	batch.size = 16384
	bootstrap.servers = [PLAINTEXT://localhost:32769]
	buffer.memory = 33554432
	client.dns.lookup = use_all_dns_ips
	client.id = Producer-topic-fa06ea97_beaa_4652_b351_ca289cb33a86
	compression.gzip.level = -1
	compression.lz4.level = 9
	compression.type = none
	compression.zstd.level = 3
	connections.max.idle.ms = 10000
	delivery.timeout.ms = 120000
	enable.idempotence = true
	enable.metrics.push = true
	interceptor.classes = []
	key.serializer = class org.apache.kafka.common.serialization.StringSerializer
	linger.ms = 0
	max.block.ms = 60000
	max.in.flight.requests.per.connection = 5
	max.request.size = 1048576
	metadata.max.age.ms = 300000
	metadata.max.idle.ms = 300000
	metadata.recovery.strategy = none
	metric.reporters = []
	metrics.num.samples = 2
	metrics.recording.level = INFO
	metrics.sample.window.ms = 30000
	partitioner.adaptive.partitioning.enable = true
	partitioner.availability.timeout.ms = 0
	partitioner.class = null
	partitioner.ignore.keys = false
	receive.buffer.bytes = 32768
	reconnect.backoff.max.ms = 1000
	reconnect.backoff.ms = 50
	request.timeout.ms = 5000
	retries = 2147483647
	retry.backoff.max.ms = 1000
	retry.backoff.ms = 100
	sasl.client.callback.handler.class = null
	sasl.jaas.config = null
	sasl.kerberos.kinit.cmd = /usr/bin/kinit
	sasl.kerberos.min.time.before.relogin = 60000
	sasl.kerberos.service.name = null
	sasl.kerberos.ticket.renew.jitter = 0.05
	sasl.kerberos.ticket.renew.window.factor = 0.8
	sasl.login.callback.handler.class = null
	sasl.login.class = null
	sasl.login.connect.timeout.ms = null
	sasl.login.read.timeout.ms = null
	sasl.login.refresh.buffer.seconds = 300
	sasl.login.refresh.min.period.seconds = 60
	sasl.login.refresh.window.factor = 0.8
	sasl.login.refresh.window.jitter = 0.05
	sasl.login.retry.backoff.max.ms = 10000
	sasl.login.retry.backoff.ms = 100
	sasl.mechanism = GSSAPI
	sasl.oauthbearer.clock.skew.seconds = 30
	sasl.oauthbearer.expected.audience = null
	sasl.oauthbearer.expected.issuer = null
	sasl.oauthbearer.header.urlencode = false
	sasl.oauthbearer.jwks.endpoint.refresh.ms = 3600000
	sasl.oauthbearer.jwks.endpoint.retry.backoff.max.ms = 10000
	sasl.oauthbearer.jwks.endpoint.retry.backoff.ms = 100
	sasl.oauthbearer.jwks.endpoint.url = null
	sasl.oauthbearer.scope.claim.name = scope
	sasl.oauthbearer.sub.claim.name = sub
	sasl.oauthbearer.token.endpoint.url = null
	security.protocol = PLAINTEXT
	security.providers = null
	send.buffer.bytes = 131072
	socket.connection.setup.timeout.max.ms = 30000
	socket.connection.setup.timeout.ms = 10000
	ssl.cipher.suites = null
	ssl.enabled.protocols = [TLSv1.2, TLSv1.3]
	ssl.endpoint.identification.algorithm = https
	ssl.engine.factory.class = null
	ssl.key.password = null
	ssl.keymanager.algorithm = SunX509
	ssl.keystore.certificate.chain = null
	ssl.keystore.key = null
	ssl.keystore.location = null
	ssl.keystore.password = null
	ssl.keystore.type = JKS
	ssl.protocol = TLSv1.3
	ssl.provider = null
	ssl.secure.random.implementation = null
	ssl.trustmanager.algorithm = PKIX
	ssl.truststore.certificates = null
	ssl.truststore.location = null
	ssl.truststore.password = null
	ssl.truststore.type = JKS
	transaction.timeout.ms = 60000
	transactional.id = null
	value.serializer = class io.confluent.kafka.serializers.KafkaAvroSerializer

2025-08-20 12:45:45,430 INFO  [org.apa.kaf.com.tel.int.KafkaMetricsCollector] (main) initializing Kafka metrics collector
2025-08-20 12:45:45,431 INFO  [io.con.kaf.ser.KafkaAvroSerializerConfig] (main) KafkaAvroSerializerConfig values: 
	auto.register.schemas = false
	avro.reflection.allow.null = false
	avro.remove.java.properties = false
	avro.use.logical.type.converters = false
	basic.auth.credentials.source = URL
	basic.auth.user.info = [hidden]
	bearer.auth.cache.expiry.buffer.seconds = 300
	bearer.auth.client.id = null
	bearer.auth.client.secret = null
	bearer.auth.credentials.source = STATIC_TOKEN
	bearer.auth.custom.provider.class = null
	bearer.auth.identity.pool.id = null
	bearer.auth.issuer.endpoint.url = null
	bearer.auth.logical.cluster = null
	bearer.auth.scope = null
	bearer.auth.scope.claim.name = scope
	bearer.auth.sub.claim.name = sub
	bearer.auth.token = [hidden]
	context.name.strategy = class io.confluent.kafka.serializers.context.NullContextNameStrategy
	http.connect.timeout.ms = 60000
	http.read.timeout.ms = 60000
	id.compatibility.strict = true
	key.schema.id.deserializer = class io.confluent.kafka.serializers.schema.id.DualSchemaIdDeserializer
	key.schema.id.serializer = class io.confluent.kafka.serializers.schema.id.PrefixSchemaIdSerializer
	key.subject.name.strategy = class io.confluent.kafka.serializers.subject.TopicNameStrategy
	latest.cache.size = 1000
	latest.cache.ttl.sec = -1
	latest.compatibility.strict = true
	max.retries = 3
	max.schemas.per.subject = 1000
	normalize.schemas = false
	propagate.schema.tags = false
	proxy.host = 
	proxy.port = -1
	retries.max.wait.ms = 20000
	retries.wait.ms = 1000
	rule.actions = []
	rule.executors = []
	rule.service.loader.enable = true
	schema.format = null
	schema.reflection = false
	schema.registry.basic.auth.user.info = [hidden]
	schema.registry.ssl.cipher.suites = null
	schema.registry.ssl.enabled.protocols = [TLSv1.2, TLSv1.3]
	schema.registry.ssl.endpoint.identification.algorithm = https
	schema.registry.ssl.engine.factory.class = null
	schema.registry.ssl.key.password = null
	schema.registry.ssl.keymanager.algorithm = SunX509
	schema.registry.ssl.keystore.certificate.chain = null
	schema.registry.ssl.keystore.key = null
	schema.registry.ssl.keystore.location = null
	schema.registry.ssl.keystore.password = null
	schema.registry.ssl.keystore.type = JKS
	schema.registry.ssl.protocol = TLSv1.3
	schema.registry.ssl.provider = null
	schema.registry.ssl.secure.random.implementation = null
	schema.registry.ssl.trustmanager.algorithm = PKIX
	schema.registry.ssl.truststore.certificates = null
	schema.registry.ssl.truststore.location = null
	schema.registry.ssl.truststore.password = null
	schema.registry.ssl.truststore.type = JKS
	schema.registry.url = [http://registry-app-ksql047.apps.ci419.apicurio-testing.org:80/apis/ccompat/v7]
	schema.registry.url.randomize = false
	use.latest.version = false
	use.latest.with.metadata = null
	use.schema.id = -1
	value.schema.id.deserializer = class io.confluent.kafka.serializers.schema.id.DualSchemaIdDeserializer
	value.schema.id.serializer = class io.confluent.kafka.serializers.schema.id.PrefixSchemaIdSerializer
	value.subject.name.strategy = class io.confluent.kafka.serializers.subject.TopicNameStrategy

2025-08-20 12:45:45,432 INFO  [org.apa.kaf.cli.pro.KafkaProducer] (main) [Producer clientId=Producer-topic-fa06ea97_beaa_4652_b351_ca289cb33a86] Instantiated an idempotent producer.
2025-08-20 12:45:45,433 INFO  [org.apa.kaf.cli.pro.ProducerConfig] (main) These configurations '[schema.registry.url, auto.register.schemas, value.subject.name.strategy]' were supplied but are not used yet.
2025-08-20 12:45:45,433 INFO  [org.apa.kaf.com.uti.AppInfoParser] (main) Kafka version: 3.9.1
2025-08-20 12:45:45,433 INFO  [org.apa.kaf.com.uti.AppInfoParser] (main) Kafka commitId: f745dfdcee2b9851
2025-08-20 12:45:45,433 INFO  [org.apa.kaf.com.uti.AppInfoParser] (main) Kafka startTimeMs: 1755693945433
2025-08-20 12:45:45,433 INFO  [io.api.tes.ser.api.SimpleSerdesTesterBuilder$SimpleSerdesTester] (main) Using producer configuration: {schema.registry.url=http://registry-app-ksql047.apps.ci419.apicurio-testing.org:80/apis/ccompat/v7, value.serializer=io.confluent.kafka.serializers.KafkaAvroSerializer, request.timeout.ms=5000, auto.register.schemas=false, acks=all, bootstrap.servers=PLAINTEXT://localhost:32769, connections.max.idle.ms=10000, key.serializer=org.apache.kafka.common.serialization.StringSerializer, value.subject.name.strategy=io.confluent.kafka.serializers.subject.TopicNameStrategy, client.id=Producer-topic-fa06ea97_beaa_4652_b351_ca289cb33a86}
2025-08-20 12:45:45,433 INFO  [io.api.tes.ser.api.SimpleSerdesTesterBuilder$SimpleSerdesTester] (main) Using consumer configuration: {}
2025-08-20 12:45:45,433 INFO  [io.api.tes.ser.api.KafkaSerdesTester] (ForkJoinPool.commonPool-worker-1) Sending message {"key1": "value-0"} to topic topic-fa06ea97_beaa_4652_b351_ca289cb33a86
2025-08-20 12:45:45,435 INFO  [org.apa.kaf.cli.Metadata] (kafka-producer-network-thread | Producer-topic-fa06ea97_beaa_4652_b351_ca289cb33a86) [Producer clientId=Producer-topic-fa06ea97_beaa_4652_b351_ca289cb33a86] Cluster ID: EQyFwMkXTJ-zd_jVgBIUnQ
2025-08-20 12:45:45,435 INFO  [org.apa.kaf.cli.pro.int.TransactionManager] (kafka-producer-network-thread | Producer-topic-fa06ea97_beaa_4652_b351_ca289cb33a86) [Producer clientId=Producer-topic-fa06ea97_beaa_4652_b351_ca289cb33a86] ProducerId set to 50 with epoch 0
2025-08-20 12:45:45,469 INFO  [io.api.tes.ser.api.KafkaSerdesTester] (ForkJoinPool.commonPool-worker-1) Sending message {"key1": "value-1"} to topic topic-fa06ea97_beaa_4652_b351_ca289cb33a86
2025-08-20 12:45:45,470 INFO  [io.api.tes.ser.api.KafkaSerdesTester] (ForkJoinPool.commonPool-worker-1) Sending message {"key1": "value-2"} to topic topic-fa06ea97_beaa_4652_b351_ca289cb33a86
2025-08-20 12:45:45,471 INFO  [io.api.tes.ser.api.KafkaSerdesTester] (ForkJoinPool.commonPool-worker-1) Sending message {"key1": "value-3"} to topic topic-fa06ea97_beaa_4652_b351_ca289cb33a86
2025-08-20 12:45:45,471 INFO  [io.api.tes.ser.api.KafkaSerdesTester] (ForkJoinPool.commonPool-worker-1) Sending message {"key1": "value-4"} to topic topic-fa06ea97_beaa_4652_b351_ca289cb33a86
2025-08-20 12:45:45,472 INFO  [io.api.tes.ser.api.KafkaSerdesTester] (ForkJoinPool.commonPool-worker-1) Sending message {"key1": "value-5"} to topic topic-fa06ea97_beaa_4652_b351_ca289cb33a86
2025-08-20 12:45:45,473 INFO  [io.api.tes.ser.api.KafkaSerdesTester] (ForkJoinPool.commonPool-worker-1) Sending message {"key1": "value-6"} to topic topic-fa06ea97_beaa_4652_b351_ca289cb33a86
2025-08-20 12:45:45,474 INFO  [io.api.tes.ser.api.KafkaSerdesTester] (ForkJoinPool.commonPool-worker-1) Sending message {"key1": "value-7"} to topic topic-fa06ea97_beaa_4652_b351_ca289cb33a86
2025-08-20 12:45:45,475 INFO  [io.api.tes.ser.api.KafkaSerdesTester] (ForkJoinPool.commonPool-worker-1) Sending message {"key1": "value-8"} to topic topic-fa06ea97_beaa_4652_b351_ca289cb33a86
2025-08-20 12:45:45,475 INFO  [io.api.tes.ser.api.KafkaSerdesTester] (ForkJoinPool.commonPool-worker-1) Sending message {"key1": "value-9"} to topic topic-fa06ea97_beaa_4652_b351_ca289cb33a86
2025-08-20 12:45:45,476 INFO  [io.api.tes.ser.api.KafkaSerdesTester] (ForkJoinPool.commonPool-worker-1) Produced 10 messages
2025-08-20 12:45:45,476 INFO  [org.apa.kaf.cli.pro.KafkaProducer] (ForkJoinPool.commonPool-worker-1) [Producer clientId=Producer-topic-fa06ea97_beaa_4652_b351_ca289cb33a86] Closing the Kafka producer with timeoutMillis = 9223372036854775807 ms.
2025-08-20 12:45:45,478 INFO  [org.apa.kaf.com.met.Metrics] (ForkJoinPool.commonPool-worker-1) Metrics scheduler closed
2025-08-20 12:45:45,478 INFO  [org.apa.kaf.com.met.Metrics] (ForkJoinPool.commonPool-worker-1) Closing reporter org.apache.kafka.common.metrics.JmxReporter
2025-08-20 12:45:45,478 INFO  [org.apa.kaf.com.met.Metrics] (ForkJoinPool.commonPool-worker-1) Closing reporter org.apache.kafka.common.telemetry.internals.ClientTelemetryReporter
2025-08-20 12:45:45,478 INFO  [org.apa.kaf.com.met.Metrics] (ForkJoinPool.commonPool-worker-1) Metrics reporters closed
2025-08-20 12:45:45,478 INFO  [org.apa.kaf.com.uti.AppInfoParser] (ForkJoinPool.commonPool-worker-1) App info kafka.producer for Producer-topic-fa06ea97_beaa_4652_b351_ca289cb33a86 unregistered
**** Registry Base URL: http://registry-app-ksql047.apps.ci419.apicurio-testing.org:80
2025-08-20 12:45:45,478 INFO  [org.apa.kaf.cli.con.ConsumerConfig] (main) ConsumerConfig values: 
	allow.auto.create.topics = true
	auto.commit.interval.ms = 500
	auto.include.jmx.reporter = true
	auto.offset.reset = earliest
	bootstrap.servers = [PLAINTEXT://localhost:32769]
	check.crcs = true
	client.dns.lookup = use_all_dns_ips
	client.id = consumer-Consumer-topic-fa06ea97_beaa_4652_b351_ca289cb33a86-37
	client.rack = 
	connections.max.idle.ms = 10000
	default.api.timeout.ms = 60000
	enable.auto.commit = true
	enable.metrics.push = true
	exclude.internal.topics = true
	fetch.max.bytes = 52428800
	fetch.max.wait.ms = 500
	fetch.min.bytes = 1
	group.id = Consumer-topic-fa06ea97_beaa_4652_b351_ca289cb33a86
	group.instance.id = null
	group.protocol = classic
	group.remote.assignor = null
	heartbeat.interval.ms = 3000
	interceptor.classes = []
	internal.leave.group.on.close = true
	internal.throw.on.fetch.stable.offset.unsupported = false
	isolation.level = read_uncommitted
	key.deserializer = class org.apache.kafka.common.serialization.StringDeserializer
	max.partition.fetch.bytes = 1048576
	max.poll.interval.ms = 300000
	max.poll.records = 500
	metadata.max.age.ms = 300000
	metadata.recovery.strategy = none
	metric.reporters = []
	metrics.num.samples = 2
	metrics.recording.level = INFO
	metrics.sample.window.ms = 30000
	partition.assignment.strategy = [class org.apache.kafka.clients.consumer.RangeAssignor, class org.apache.kafka.clients.consumer.CooperativeStickyAssignor]
	receive.buffer.bytes = 65536
	reconnect.backoff.max.ms = 1000
	reconnect.backoff.ms = 50
	request.timeout.ms = 5000
	retry.backoff.max.ms = 1000
	retry.backoff.ms = 100
	sasl.client.callback.handler.class = null
	sasl.jaas.config = null
	sasl.kerberos.kinit.cmd = /usr/bin/kinit
	sasl.kerberos.min.time.before.relogin = 60000
	sasl.kerberos.service.name = null
	sasl.kerberos.ticket.renew.jitter = 0.05
	sasl.kerberos.ticket.renew.window.factor = 0.8
	sasl.login.callback.handler.class = null
	sasl.login.class = null
	sasl.login.connect.timeout.ms = null
	sasl.login.read.timeout.ms = null
	sasl.login.refresh.buffer.seconds = 300
	sasl.login.refresh.min.period.seconds = 60
	sasl.login.refresh.window.factor = 0.8
	sasl.login.refresh.window.jitter = 0.05
	sasl.login.retry.backoff.max.ms = 10000
	sasl.login.retry.backoff.ms = 100
	sasl.mechanism = GSSAPI
	sasl.oauthbearer.clock.skew.seconds = 30
	sasl.oauthbearer.expected.audience = null
	sasl.oauthbearer.expected.issuer = null
	sasl.oauthbearer.header.urlencode = false
	sasl.oauthbearer.jwks.endpoint.refresh.ms = 3600000
	sasl.oauthbearer.jwks.endpoint.retry.backoff.max.ms = 10000
	sasl.oauthbearer.jwks.endpoint.retry.backoff.ms = 100
	sasl.oauthbearer.jwks.endpoint.url = null
	sasl.oauthbearer.scope.claim.name = scope
	sasl.oauthbearer.sub.claim.name = sub
	sasl.oauthbearer.token.endpoint.url = null
	security.protocol = PLAINTEXT
	security.providers = null
	send.buffer.bytes = 131072
	session.timeout.ms = 45000
	socket.connection.setup.timeout.max.ms = 30000
	socket.connection.setup.timeout.ms = 10000
	ssl.cipher.suites = null
	ssl.enabled.protocols = [TLSv1.2, TLSv1.3]
	ssl.endpoint.identification.algorithm = https
	ssl.engine.factory.class = null
	ssl.key.password = null
	ssl.keymanager.algorithm = SunX509
	ssl.keystore.certificate.chain = null
	ssl.keystore.key = null
	ssl.keystore.location = null
	ssl.keystore.password = null
	ssl.keystore.type = JKS
	ssl.protocol = TLSv1.3
	ssl.provider = null
	ssl.secure.random.implementation = null
	ssl.trustmanager.algorithm = PKIX
	ssl.truststore.certificates = null
	ssl.truststore.location = null
	ssl.truststore.password = null
	ssl.truststore.type = JKS
	value.deserializer = class io.confluent.kafka.serializers.KafkaAvroDeserializer

2025-08-20 12:45:45,478 INFO  [org.apa.kaf.com.tel.int.KafkaMetricsCollector] (main) initializing Kafka metrics collector
2025-08-20 12:45:45,479 INFO  [io.con.kaf.ser.KafkaAvroDeserializerConfig] (main) KafkaAvroDeserializerConfig values: 
	auto.register.schemas = true
	avro.reflection.allow.null = false
	avro.use.logical.type.converters = false
	basic.auth.credentials.source = URL
	basic.auth.user.info = [hidden]
	bearer.auth.cache.expiry.buffer.seconds = 300
	bearer.auth.client.id = null
	bearer.auth.client.secret = null
	bearer.auth.credentials.source = STATIC_TOKEN
	bearer.auth.custom.provider.class = null
	bearer.auth.identity.pool.id = null
	bearer.auth.issuer.endpoint.url = null
	bearer.auth.logical.cluster = null
	bearer.auth.scope = null
	bearer.auth.scope.claim.name = scope
	bearer.auth.sub.claim.name = sub
	bearer.auth.token = [hidden]
	context.name.strategy = class io.confluent.kafka.serializers.context.NullContextNameStrategy
	http.connect.timeout.ms = 60000
	http.read.timeout.ms = 60000
	id.compatibility.strict = true
	key.schema.id.deserializer = class io.confluent.kafka.serializers.schema.id.DualSchemaIdDeserializer
	key.schema.id.serializer = class io.confluent.kafka.serializers.schema.id.PrefixSchemaIdSerializer
	key.subject.name.strategy = class io.confluent.kafka.serializers.subject.TopicNameStrategy
	latest.cache.size = 1000
	latest.cache.ttl.sec = -1
	latest.compatibility.strict = true
	max.retries = 3
	max.schemas.per.subject = 1000
	normalize.schemas = false
	propagate.schema.tags = false
	proxy.host = 
	proxy.port = -1
	retries.max.wait.ms = 20000
	retries.wait.ms = 1000
	rule.actions = []
	rule.executors = []
	rule.service.loader.enable = true
	schema.format = null
	schema.reflection = false
	schema.registry.basic.auth.user.info = [hidden]
	schema.registry.ssl.cipher.suites = null
	schema.registry.ssl.enabled.protocols = [TLSv1.2, TLSv1.3]
	schema.registry.ssl.endpoint.identification.algorithm = https
	schema.registry.ssl.engine.factory.class = null
	schema.registry.ssl.key.password = null
	schema.registry.ssl.keymanager.algorithm = SunX509
	schema.registry.ssl.keystore.certificate.chain = null
	schema.registry.ssl.keystore.key = null
	schema.registry.ssl.keystore.location = null
	schema.registry.ssl.keystore.password = null
	schema.registry.ssl.keystore.type = JKS
	schema.registry.ssl.protocol = TLSv1.3
	schema.registry.ssl.provider = null
	schema.registry.ssl.secure.random.implementation = null
	schema.registry.ssl.trustmanager.algorithm = PKIX
	schema.registry.ssl.truststore.certificates = null
	schema.registry.ssl.truststore.location = null
	schema.registry.ssl.truststore.password = null
	schema.registry.ssl.truststore.type = JKS
	schema.registry.url = [http://registry-app-ksql047.apps.ci419.apicurio-testing.org:80/apis/ccompat/v7]
	schema.registry.url.randomize = false
	specific.avro.key.type = null
	specific.avro.reader = false
	specific.avro.value.type = null
	use.latest.version = false
	use.latest.with.metadata = null
	use.schema.id = -1
	value.schema.id.deserializer = class io.confluent.kafka.serializers.schema.id.DualSchemaIdDeserializer
	value.schema.id.serializer = class io.confluent.kafka.serializers.schema.id.PrefixSchemaIdSerializer
	value.subject.name.strategy = class io.confluent.kafka.serializers.subject.TopicNameStrategy

2025-08-20 12:45:45,482 INFO  [org.apa.kaf.cli.con.ConsumerConfig] (main) These configurations '[schema.registry.url]' were supplied but are not used yet.
2025-08-20 12:45:45,482 INFO  [org.apa.kaf.com.uti.AppInfoParser] (main) Kafka version: 3.9.1
2025-08-20 12:45:45,482 INFO  [org.apa.kaf.com.uti.AppInfoParser] (main) Kafka commitId: f745dfdcee2b9851
2025-08-20 12:45:45,482 INFO  [org.apa.kaf.com.uti.AppInfoParser] (main) Kafka startTimeMs: 1755693945482
2025-08-20 12:45:45,482 INFO  [org.apa.kaf.cli.con.int.ClassicKafkaConsumer] (ForkJoinPool.commonPool-worker-1) [Consumer clientId=consumer-Consumer-topic-fa06ea97_beaa_4652_b351_ca289cb33a86-37, groupId=Consumer-topic-fa06ea97_beaa_4652_b351_ca289cb33a86] Subscribed to topic(s): topic-fa06ea97_beaa_4652_b351_ca289cb33a86
2025-08-20 12:45:45,485 INFO  [org.apa.kaf.cli.Metadata] (ForkJoinPool.commonPool-worker-1) [Consumer clientId=consumer-Consumer-topic-fa06ea97_beaa_4652_b351_ca289cb33a86-37, groupId=Consumer-topic-fa06ea97_beaa_4652_b351_ca289cb33a86] Cluster ID: EQyFwMkXTJ-zd_jVgBIUnQ
2025-08-20 12:45:45,485 INFO  [org.apa.kaf.cli.con.int.ConsumerCoordinator] (ForkJoinPool.commonPool-worker-1) [Consumer clientId=consumer-Consumer-topic-fa06ea97_beaa_4652_b351_ca289cb33a86-37, groupId=Consumer-topic-fa06ea97_beaa_4652_b351_ca289cb33a86] Discovered group coordinator localhost:32769 (id: 2147483647 rack: null)
2025-08-20 12:45:45,486 INFO  [org.apa.kaf.cli.con.int.ConsumerCoordinator] (ForkJoinPool.commonPool-worker-1) [Consumer clientId=consumer-Consumer-topic-fa06ea97_beaa_4652_b351_ca289cb33a86-37, groupId=Consumer-topic-fa06ea97_beaa_4652_b351_ca289cb33a86] (Re-)joining group
2025-08-20 12:45:45,488 INFO  [org.apa.kaf.cli.con.int.ConsumerCoordinator] (ForkJoinPool.commonPool-worker-1) [Consumer clientId=consumer-Consumer-topic-fa06ea97_beaa_4652_b351_ca289cb33a86-37, groupId=Consumer-topic-fa06ea97_beaa_4652_b351_ca289cb33a86] Request joining group due to: need to re-join with the given member-id: consumer-Consumer-topic-fa06ea97_beaa_4652_b351_ca289cb33a86-37-ad159177-8ad2-4071-b76a-7ee54aa2fcb0
2025-08-20 12:45:45,488 INFO  [org.apa.kaf.cli.con.int.ConsumerCoordinator] (ForkJoinPool.commonPool-worker-1) [Consumer clientId=consumer-Consumer-topic-fa06ea97_beaa_4652_b351_ca289cb33a86-37, groupId=Consumer-topic-fa06ea97_beaa_4652_b351_ca289cb33a86] (Re-)joining group
2025-08-20 12:45:46,483 INFO  [io.api.tes.ser.api.KafkaSerdesTester] (ForkJoinPool.commonPool-worker-1) None found
2025-08-20 12:45:47,484 INFO  [io.api.tes.ser.api.KafkaSerdesTester] (ForkJoinPool.commonPool-worker-1) None found
2025-08-20 12:45:48,484 INFO  [io.api.tes.ser.api.KafkaSerdesTester] (ForkJoinPool.commonPool-worker-1) None found
2025-08-20 12:45:48,489 INFO  [org.apa.kaf.cli.con.int.ConsumerCoordinator] (ForkJoinPool.commonPool-worker-1) [Consumer clientId=consumer-Consumer-topic-fa06ea97_beaa_4652_b351_ca289cb33a86-37, groupId=Consumer-topic-fa06ea97_beaa_4652_b351_ca289cb33a86] Successfully joined group with generation Generation{generationId=1, memberId='consumer-Consumer-topic-fa06ea97_beaa_4652_b351_ca289cb33a86-37-ad159177-8ad2-4071-b76a-7ee54aa2fcb0', protocol='range'}
2025-08-20 12:45:48,489 INFO  [org.apa.kaf.cli.con.int.ConsumerCoordinator] (ForkJoinPool.commonPool-worker-1) [Consumer clientId=consumer-Consumer-topic-fa06ea97_beaa_4652_b351_ca289cb33a86-37, groupId=Consumer-topic-fa06ea97_beaa_4652_b351_ca289cb33a86] Finished assignment for group at generation 1: {consumer-Consumer-topic-fa06ea97_beaa_4652_b351_ca289cb33a86-37-ad159177-8ad2-4071-b76a-7ee54aa2fcb0=Assignment(partitions=[topic-fa06ea97_beaa_4652_b351_ca289cb33a86-0])}
2025-08-20 12:45:48,495 INFO  [org.apa.kaf.cli.con.int.ConsumerCoordinator] (ForkJoinPool.commonPool-worker-1) [Consumer clientId=consumer-Consumer-topic-fa06ea97_beaa_4652_b351_ca289cb33a86-37, groupId=Consumer-topic-fa06ea97_beaa_4652_b351_ca289cb33a86] Successfully synced group in generation Generation{generationId=1, memberId='consumer-Consumer-topic-fa06ea97_beaa_4652_b351_ca289cb33a86-37-ad159177-8ad2-4071-b76a-7ee54aa2fcb0', protocol='range'}
2025-08-20 12:45:48,495 INFO  [org.apa.kaf.cli.con.int.ConsumerCoordinator] (ForkJoinPool.commonPool-worker-1) [Consumer clientId=consumer-Consumer-topic-fa06ea97_beaa_4652_b351_ca289cb33a86-37, groupId=Consumer-topic-fa06ea97_beaa_4652_b351_ca289cb33a86] Notifying assignor about the new Assignment(partitions=[topic-fa06ea97_beaa_4652_b351_ca289cb33a86-0])
2025-08-20 12:45:48,495 INFO  [org.apa.kaf.cli.con.int.ConsumerRebalanceListenerInvoker] (ForkJoinPool.commonPool-worker-1) [Consumer clientId=consumer-Consumer-topic-fa06ea97_beaa_4652_b351_ca289cb33a86-37, groupId=Consumer-topic-fa06ea97_beaa_4652_b351_ca289cb33a86] Adding newly assigned partitions: topic-fa06ea97_beaa_4652_b351_ca289cb33a86-0
2025-08-20 12:45:48,496 INFO  [org.apa.kaf.cli.con.int.ConsumerCoordinator] (ForkJoinPool.commonPool-worker-1) [Consumer clientId=consumer-Consumer-topic-fa06ea97_beaa_4652_b351_ca289cb33a86-37, groupId=Consumer-topic-fa06ea97_beaa_4652_b351_ca289cb33a86] Found no committed offset for partition topic-fa06ea97_beaa_4652_b351_ca289cb33a86-0
2025-08-20 12:45:48,498 INFO  [org.apa.kaf.cli.con.int.SubscriptionState] (ForkJoinPool.commonPool-worker-1) [Consumer clientId=consumer-Consumer-topic-fa06ea97_beaa_4652_b351_ca289cb33a86-37, groupId=Consumer-topic-fa06ea97_beaa_4652_b351_ca289cb33a86] Resetting offset for partition topic-fa06ea97_beaa_4652_b351_ca289cb33a86-0 to position FetchPosition{offset=0, offsetEpoch=Optional.empty, currentLeader=LeaderAndEpoch{leader=Optional[localhost:32769 (id: 0 rack: null)], epoch=0}}.
2025-08-20 12:45:48,531 INFO  [io.api.tes.ser.api.KafkaSerdesTester] (ForkJoinPool.commonPool-worker-1) topic-fa06ea97_beaa_4652_b351_ca289cb33a86 0 0 {"key1": "value-0"}
2025-08-20 12:45:48,531 INFO  [io.api.tes.ser.api.KafkaSerdesTester] (ForkJoinPool.commonPool-worker-1) topic-fa06ea97_beaa_4652_b351_ca289cb33a86 0 1 {"key1": "value-1"}
2025-08-20 12:45:48,531 INFO  [io.api.tes.ser.api.KafkaSerdesTester] (ForkJoinPool.commonPool-worker-1) topic-fa06ea97_beaa_4652_b351_ca289cb33a86 0 2 {"key1": "value-2"}
2025-08-20 12:45:48,531 INFO  [io.api.tes.ser.api.KafkaSerdesTester] (ForkJoinPool.commonPool-worker-1) topic-fa06ea97_beaa_4652_b351_ca289cb33a86 0 3 {"key1": "value-3"}
2025-08-20 12:45:48,531 INFO  [io.api.tes.ser.api.KafkaSerdesTester] (ForkJoinPool.commonPool-worker-1) topic-fa06ea97_beaa_4652_b351_ca289cb33a86 0 4 {"key1": "value-4"}
2025-08-20 12:45:48,531 INFO  [io.api.tes.ser.api.KafkaSerdesTester] (ForkJoinPool.commonPool-worker-1) topic-fa06ea97_beaa_4652_b351_ca289cb33a86 0 5 {"key1": "value-5"}
2025-08-20 12:45:48,531 INFO  [io.api.tes.ser.api.KafkaSerdesTester] (ForkJoinPool.commonPool-worker-1) topic-fa06ea97_beaa_4652_b351_ca289cb33a86 0 6 {"key1": "value-6"}
2025-08-20 12:45:48,531 INFO  [io.api.tes.ser.api.KafkaSerdesTester] (ForkJoinPool.commonPool-worker-1) topic-fa06ea97_beaa_4652_b351_ca289cb33a86 0 7 {"key1": "value-7"}
2025-08-20 12:45:48,531 INFO  [io.api.tes.ser.api.KafkaSerdesTester] (ForkJoinPool.commonPool-worker-1) topic-fa06ea97_beaa_4652_b351_ca289cb33a86 0 8 {"key1": "value-8"}
2025-08-20 12:45:48,531 INFO  [io.api.tes.ser.api.KafkaSerdesTester] (ForkJoinPool.commonPool-worker-1) topic-fa06ea97_beaa_4652_b351_ca289cb33a86 0 9 {"key1": "value-9"}
2025-08-20 12:45:48,531 INFO  [io.api.tes.ser.api.KafkaSerdesTester] (ForkJoinPool.commonPool-worker-1) Consumed 10 messages
2025-08-20 12:45:48,537 INFO  [org.apa.kaf.cli.con.int.ConsumerRebalanceListenerInvoker] (ForkJoinPool.commonPool-worker-1) [Consumer clientId=consumer-Consumer-topic-fa06ea97_beaa_4652_b351_ca289cb33a86-37, groupId=Consumer-topic-fa06ea97_beaa_4652_b351_ca289cb33a86] Revoke previously assigned partitions topic-fa06ea97_beaa_4652_b351_ca289cb33a86-0
2025-08-20 12:45:48,537 INFO  [org.apa.kaf.cli.con.int.ConsumerCoordinator] (ForkJoinPool.commonPool-worker-1) [Consumer clientId=consumer-Consumer-topic-fa06ea97_beaa_4652_b351_ca289cb33a86-37, groupId=Consumer-topic-fa06ea97_beaa_4652_b351_ca289cb33a86] Member consumer-Consumer-topic-fa06ea97_beaa_4652_b351_ca289cb33a86-37-ad159177-8ad2-4071-b76a-7ee54aa2fcb0 sending LeaveGroup request to coordinator localhost:32769 (id: 2147483647 rack: null) due to the consumer is being closed
2025-08-20 12:45:48,537 INFO  [org.apa.kaf.cli.con.int.ConsumerCoordinator] (ForkJoinPool.commonPool-worker-1) [Consumer clientId=consumer-Consumer-topic-fa06ea97_beaa_4652_b351_ca289cb33a86-37, groupId=Consumer-topic-fa06ea97_beaa_4652_b351_ca289cb33a86] Resetting generation and member id due to: consumer pro-actively leaving the group
2025-08-20 12:45:48,537 INFO  [org.apa.kaf.cli.con.int.ConsumerCoordinator] (ForkJoinPool.commonPool-worker-1) [Consumer clientId=consumer-Consumer-topic-fa06ea97_beaa_4652_b351_ca289cb33a86-37, groupId=Consumer-topic-fa06ea97_beaa_4652_b351_ca289cb33a86] Request joining group due to: consumer pro-actively leaving the group
2025-08-20 12:45:49,032 INFO  [org.apa.kaf.com.met.Metrics] (ForkJoinPool.commonPool-worker-1) Metrics scheduler closed
2025-08-20 12:45:49,032 INFO  [org.apa.kaf.com.met.Metrics] (ForkJoinPool.commonPool-worker-1) Closing reporter org.apache.kafka.common.metrics.JmxReporter
2025-08-20 12:45:49,032 INFO  [org.apa.kaf.com.met.Metrics] (ForkJoinPool.commonPool-worker-1) Closing reporter org.apache.kafka.common.telemetry.internals.ClientTelemetryReporter
2025-08-20 12:45:49,032 INFO  [org.apa.kaf.com.met.Metrics] (ForkJoinPool.commonPool-worker-1) Metrics reporters closed
2025-08-20 12:45:49,033 INFO  [org.apa.kaf.com.uti.AppInfoParser] (ForkJoinPool.commonPool-worker-1) App info kafka.consumer for consumer-Consumer-topic-fa06ea97_beaa_4652_b351_ca289cb33a86-37 unregistered
2025-08-20 12:45:49,094 INFO  [io.api.tes.ser.con.BasicConfluentSerDesIT] (main) Deleting confluent schema topic-fa06ea97_beaa_4652_b351_ca289cb33a86-value
2025-08-20 12:45:49,157 INFO  [io.api.tes.uti.TestSeparator] (main) io.apicurio.tests.serdes.confluent.BasicConfluentSerDesIT.testAvroConfluentSerDes-FINISHED
2025-08-20 12:45:49,157 INFO  [io.api.tes.uti.TestSeparator] (main) ############################################################################
Test passed: testAvroConfluentSerDes
]]></system-out>
  </testcase>
  <testcase name="testAvroConfluentForMultipleTopics" classname="io.apicurio.tests.serdes.confluent.BasicConfluentSerDesIT" time="11.607">
    <system-out><![CDATA[2025-08-20 12:45:49,158 INFO  [io.api.tes.uti.TestSeparator] (main) ############################################################################
2025-08-20 12:45:49,158 INFO  [io.api.tes.uti.TestSeparator] (main) io.apicurio.tests.serdes.confluent.BasicConfluentSerDesIT.testAvroConfluentForMultipleTopics-STARTED
2025-08-20 12:45:49,264 INFO  [io.api.tes.ser.con.BasicConfluentSerDesIT] (main) Checking that created schema is equal to the get schema
2025-08-20 12:45:49,297 INFO  [io.api.tes.ser.con.BasicConfluentSerDesIT] (main) Created schema with id:112 and name:myrecordconfluent6
**** Registry Base URL: http://registry-app-ksql047.apps.ci419.apicurio-testing.org:80
2025-08-20 12:45:49,297 INFO  [org.apa.kaf.cli.pro.ProducerConfig] (main) ProducerConfig values: 
	acks = -1
	auto.include.jmx.reporter = true
	batch.size = 16384
	bootstrap.servers = [PLAINTEXT://localhost:32769]
	buffer.memory = 33554432
	client.dns.lookup = use_all_dns_ips
	client.id = Producer-topic-778a9126_68c7_447f_8490_6774d8ad92bc
	compression.gzip.level = -1
	compression.lz4.level = 9
	compression.type = none
	compression.zstd.level = 3
	connections.max.idle.ms = 10000
	delivery.timeout.ms = 120000
	enable.idempotence = true
	enable.metrics.push = true
	interceptor.classes = []
	key.serializer = class org.apache.kafka.common.serialization.StringSerializer
	linger.ms = 0
	max.block.ms = 60000
	max.in.flight.requests.per.connection = 5
	max.request.size = 1048576
	metadata.max.age.ms = 300000
	metadata.max.idle.ms = 300000
	metadata.recovery.strategy = none
	metric.reporters = []
	metrics.num.samples = 2
	metrics.recording.level = INFO
	metrics.sample.window.ms = 30000
	partitioner.adaptive.partitioning.enable = true
	partitioner.availability.timeout.ms = 0
	partitioner.class = null
	partitioner.ignore.keys = false
	receive.buffer.bytes = 32768
	reconnect.backoff.max.ms = 1000
	reconnect.backoff.ms = 50
	request.timeout.ms = 5000
	retries = 2147483647
	retry.backoff.max.ms = 1000
	retry.backoff.ms = 100
	sasl.client.callback.handler.class = null
	sasl.jaas.config = null
	sasl.kerberos.kinit.cmd = /usr/bin/kinit
	sasl.kerberos.min.time.before.relogin = 60000
	sasl.kerberos.service.name = null
	sasl.kerberos.ticket.renew.jitter = 0.05
	sasl.kerberos.ticket.renew.window.factor = 0.8
	sasl.login.callback.handler.class = null
	sasl.login.class = null
	sasl.login.connect.timeout.ms = null
	sasl.login.read.timeout.ms = null
	sasl.login.refresh.buffer.seconds = 300
	sasl.login.refresh.min.period.seconds = 60
	sasl.login.refresh.window.factor = 0.8
	sasl.login.refresh.window.jitter = 0.05
	sasl.login.retry.backoff.max.ms = 10000
	sasl.login.retry.backoff.ms = 100
	sasl.mechanism = GSSAPI
	sasl.oauthbearer.clock.skew.seconds = 30
	sasl.oauthbearer.expected.audience = null
	sasl.oauthbearer.expected.issuer = null
	sasl.oauthbearer.header.urlencode = false
	sasl.oauthbearer.jwks.endpoint.refresh.ms = 3600000
	sasl.oauthbearer.jwks.endpoint.retry.backoff.max.ms = 10000
	sasl.oauthbearer.jwks.endpoint.retry.backoff.ms = 100
	sasl.oauthbearer.jwks.endpoint.url = null
	sasl.oauthbearer.scope.claim.name = scope
	sasl.oauthbearer.sub.claim.name = sub
	sasl.oauthbearer.token.endpoint.url = null
	security.protocol = PLAINTEXT
	security.providers = null
	send.buffer.bytes = 131072
	socket.connection.setup.timeout.max.ms = 30000
	socket.connection.setup.timeout.ms = 10000
	ssl.cipher.suites = null
	ssl.enabled.protocols = [TLSv1.2, TLSv1.3]
	ssl.endpoint.identification.algorithm = https
	ssl.engine.factory.class = null
	ssl.key.password = null
	ssl.keymanager.algorithm = SunX509
	ssl.keystore.certificate.chain = null
	ssl.keystore.key = null
	ssl.keystore.location = null
	ssl.keystore.password = null
	ssl.keystore.type = JKS
	ssl.protocol = TLSv1.3
	ssl.provider = null
	ssl.secure.random.implementation = null
	ssl.trustmanager.algorithm = PKIX
	ssl.truststore.certificates = null
	ssl.truststore.location = null
	ssl.truststore.password = null
	ssl.truststore.type = JKS
	transaction.timeout.ms = 60000
	transactional.id = null
	value.serializer = class io.apicurio.registry.serde.avro.AvroKafkaSerializer

2025-08-20 12:45:49,297 INFO  [org.apa.kaf.com.tel.int.KafkaMetricsCollector] (main) initializing Kafka metrics collector
2025-08-20 12:45:49,299 INFO  [org.apa.kaf.cli.pro.KafkaProducer] (main) [Producer clientId=Producer-topic-778a9126_68c7_447f_8490_6774d8ad92bc] Instantiated an idempotent producer.
2025-08-20 12:45:49,300 INFO  [org.apa.kaf.cli.pro.ProducerConfig] (main) These configurations '[apicurio.registry.url, apicurio.registry.artifact-resolver-strategy]' were supplied but are not used yet.
2025-08-20 12:45:49,300 INFO  [org.apa.kaf.com.uti.AppInfoParser] (main) Kafka version: 3.9.1
2025-08-20 12:45:49,300 INFO  [org.apa.kaf.com.uti.AppInfoParser] (main) Kafka commitId: f745dfdcee2b9851
2025-08-20 12:45:49,300 INFO  [org.apa.kaf.com.uti.AppInfoParser] (main) Kafka startTimeMs: 1755693949300
**** Registry Base URL: http://registry-app-ksql047.apps.ci419.apicurio-testing.org:80
2025-08-20 12:45:49,301 INFO  [org.apa.kaf.cli.pro.ProducerConfig] (main) ProducerConfig values: 
	acks = -1
	auto.include.jmx.reporter = true
	batch.size = 16384
	bootstrap.servers = [PLAINTEXT://localhost:32769]
	buffer.memory = 33554432
	client.dns.lookup = use_all_dns_ips
	client.id = Producer-topic-655983b1_f8d4_44dd_b3f4_da78ac161dc6
	compression.gzip.level = -1
	compression.lz4.level = 9
	compression.type = none
	compression.zstd.level = 3
	connections.max.idle.ms = 10000
	delivery.timeout.ms = 120000
	enable.idempotence = true
	enable.metrics.push = true
	interceptor.classes = []
	key.serializer = class org.apache.kafka.common.serialization.StringSerializer
	linger.ms = 0
	max.block.ms = 60000
	max.in.flight.requests.per.connection = 5
	max.request.size = 1048576
	metadata.max.age.ms = 300000
	metadata.max.idle.ms = 300000
	metadata.recovery.strategy = none
	metric.reporters = []
	metrics.num.samples = 2
	metrics.recording.level = INFO
	metrics.sample.window.ms = 30000
	partitioner.adaptive.partitioning.enable = true
	partitioner.availability.timeout.ms = 0
	partitioner.class = null
	partitioner.ignore.keys = false
	receive.buffer.bytes = 32768
	reconnect.backoff.max.ms = 1000
	reconnect.backoff.ms = 50
	request.timeout.ms = 5000
	retries = 2147483647
	retry.backoff.max.ms = 1000
	retry.backoff.ms = 100
	sasl.client.callback.handler.class = null
	sasl.jaas.config = null
	sasl.kerberos.kinit.cmd = /usr/bin/kinit
	sasl.kerberos.min.time.before.relogin = 60000
	sasl.kerberos.service.name = null
	sasl.kerberos.ticket.renew.jitter = 0.05
	sasl.kerberos.ticket.renew.window.factor = 0.8
	sasl.login.callback.handler.class = null
	sasl.login.class = null
	sasl.login.connect.timeout.ms = null
	sasl.login.read.timeout.ms = null
	sasl.login.refresh.buffer.seconds = 300
	sasl.login.refresh.min.period.seconds = 60
	sasl.login.refresh.window.factor = 0.8
	sasl.login.refresh.window.jitter = 0.05
	sasl.login.retry.backoff.max.ms = 10000
	sasl.login.retry.backoff.ms = 100
	sasl.mechanism = GSSAPI
	sasl.oauthbearer.clock.skew.seconds = 30
	sasl.oauthbearer.expected.audience = null
	sasl.oauthbearer.expected.issuer = null
	sasl.oauthbearer.header.urlencode = false
	sasl.oauthbearer.jwks.endpoint.refresh.ms = 3600000
	sasl.oauthbearer.jwks.endpoint.retry.backoff.max.ms = 10000
	sasl.oauthbearer.jwks.endpoint.retry.backoff.ms = 100
	sasl.oauthbearer.jwks.endpoint.url = null
	sasl.oauthbearer.scope.claim.name = scope
	sasl.oauthbearer.sub.claim.name = sub
	sasl.oauthbearer.token.endpoint.url = null
	security.protocol = PLAINTEXT
	security.providers = null
	send.buffer.bytes = 131072
	socket.connection.setup.timeout.max.ms = 30000
	socket.connection.setup.timeout.ms = 10000
	ssl.cipher.suites = null
	ssl.enabled.protocols = [TLSv1.2, TLSv1.3]
	ssl.endpoint.identification.algorithm = https
	ssl.engine.factory.class = null
	ssl.key.password = null
	ssl.keymanager.algorithm = SunX509
	ssl.keystore.certificate.chain = null
	ssl.keystore.key = null
	ssl.keystore.location = null
	ssl.keystore.password = null
	ssl.keystore.type = JKS
	ssl.protocol = TLSv1.3
	ssl.provider = null
	ssl.secure.random.implementation = null
	ssl.trustmanager.algorithm = PKIX
	ssl.truststore.certificates = null
	ssl.truststore.location = null
	ssl.truststore.password = null
	ssl.truststore.type = JKS
	transaction.timeout.ms = 60000
	transactional.id = null
	value.serializer = class io.apicurio.registry.serde.avro.AvroKafkaSerializer

2025-08-20 12:45:49,301 INFO  [org.apa.kaf.com.tel.int.KafkaMetricsCollector] (main) initializing Kafka metrics collector
2025-08-20 12:45:49,302 INFO  [org.apa.kaf.cli.Metadata] (kafka-producer-network-thread | Producer-topic-778a9126_68c7_447f_8490_6774d8ad92bc) [Producer clientId=Producer-topic-778a9126_68c7_447f_8490_6774d8ad92bc] Cluster ID: EQyFwMkXTJ-zd_jVgBIUnQ
2025-08-20 12:45:49,302 INFO  [org.apa.kaf.cli.pro.KafkaProducer] (main) [Producer clientId=Producer-topic-655983b1_f8d4_44dd_b3f4_da78ac161dc6] Instantiated an idempotent producer.
2025-08-20 12:45:49,302 INFO  [org.apa.kaf.cli.pro.int.TransactionManager] (kafka-producer-network-thread | Producer-topic-778a9126_68c7_447f_8490_6774d8ad92bc) [Producer clientId=Producer-topic-778a9126_68c7_447f_8490_6774d8ad92bc] ProducerId set to 51 with epoch 0
2025-08-20 12:45:49,303 INFO  [org.apa.kaf.cli.pro.ProducerConfig] (main) These configurations '[apicurio.registry.url, apicurio.registry.artifact-resolver-strategy]' were supplied but are not used yet.
2025-08-20 12:45:49,303 INFO  [org.apa.kaf.com.uti.AppInfoParser] (main) Kafka version: 3.9.1
2025-08-20 12:45:49,303 INFO  [org.apa.kaf.com.uti.AppInfoParser] (main) Kafka commitId: f745dfdcee2b9851
2025-08-20 12:45:49,303 INFO  [org.apa.kaf.com.uti.AppInfoParser] (main) Kafka startTimeMs: 1755693949303
**** Registry Base URL: http://registry-app-ksql047.apps.ci419.apicurio-testing.org:80
2025-08-20 12:45:49,304 INFO  [org.apa.kaf.cli.pro.ProducerConfig] (main) ProducerConfig values: 
	acks = -1
	auto.include.jmx.reporter = true
	batch.size = 16384
	bootstrap.servers = [PLAINTEXT://localhost:32769]
	buffer.memory = 33554432
	client.dns.lookup = use_all_dns_ips
	client.id = Producer-topic-f4b9a163_1338_4e5d_9f4a_b46ecfe642cb
	compression.gzip.level = -1
	compression.lz4.level = 9
	compression.type = none
	compression.zstd.level = 3
	connections.max.idle.ms = 10000
	delivery.timeout.ms = 120000
	enable.idempotence = true
	enable.metrics.push = true
	interceptor.classes = []
	key.serializer = class org.apache.kafka.common.serialization.StringSerializer
	linger.ms = 0
	max.block.ms = 60000
	max.in.flight.requests.per.connection = 5
	max.request.size = 1048576
	metadata.max.age.ms = 300000
	metadata.max.idle.ms = 300000
	metadata.recovery.strategy = none
	metric.reporters = []
	metrics.num.samples = 2
	metrics.recording.level = INFO
	metrics.sample.window.ms = 30000
	partitioner.adaptive.partitioning.enable = true
	partitioner.availability.timeout.ms = 0
	partitioner.class = null
	partitioner.ignore.keys = false
	receive.buffer.bytes = 32768
	reconnect.backoff.max.ms = 1000
	reconnect.backoff.ms = 50
	request.timeout.ms = 5000
	retries = 2147483647
	retry.backoff.max.ms = 1000
	retry.backoff.ms = 100
	sasl.client.callback.handler.class = null
	sasl.jaas.config = null
	sasl.kerberos.kinit.cmd = /usr/bin/kinit
	sasl.kerberos.min.time.before.relogin = 60000
	sasl.kerberos.service.name = null
	sasl.kerberos.ticket.renew.jitter = 0.05
	sasl.kerberos.ticket.renew.window.factor = 0.8
	sasl.login.callback.handler.class = null
	sasl.login.class = null
	sasl.login.connect.timeout.ms = null
	sasl.login.read.timeout.ms = null
	sasl.login.refresh.buffer.seconds = 300
	sasl.login.refresh.min.period.seconds = 60
	sasl.login.refresh.window.factor = 0.8
	sasl.login.refresh.window.jitter = 0.05
	sasl.login.retry.backoff.max.ms = 10000
	sasl.login.retry.backoff.ms = 100
	sasl.mechanism = GSSAPI
	sasl.oauthbearer.clock.skew.seconds = 30
	sasl.oauthbearer.expected.audience = null
	sasl.oauthbearer.expected.issuer = null
	sasl.oauthbearer.header.urlencode = false
	sasl.oauthbearer.jwks.endpoint.refresh.ms = 3600000
	sasl.oauthbearer.jwks.endpoint.retry.backoff.max.ms = 10000
	sasl.oauthbearer.jwks.endpoint.retry.backoff.ms = 100
	sasl.oauthbearer.jwks.endpoint.url = null
	sasl.oauthbearer.scope.claim.name = scope
	sasl.oauthbearer.sub.claim.name = sub
	sasl.oauthbearer.token.endpoint.url = null
	security.protocol = PLAINTEXT
	security.providers = null
	send.buffer.bytes = 131072
	socket.connection.setup.timeout.max.ms = 30000
	socket.connection.setup.timeout.ms = 10000
	ssl.cipher.suites = null
	ssl.enabled.protocols = [TLSv1.2, TLSv1.3]
	ssl.endpoint.identification.algorithm = https
	ssl.engine.factory.class = null
	ssl.key.password = null
	ssl.keymanager.algorithm = SunX509
	ssl.keystore.certificate.chain = null
	ssl.keystore.key = null
	ssl.keystore.location = null
	ssl.keystore.password = null
	ssl.keystore.type = JKS
	ssl.protocol = TLSv1.3
	ssl.provider = null
	ssl.secure.random.implementation = null
	ssl.trustmanager.algorithm = PKIX
	ssl.truststore.certificates = null
	ssl.truststore.location = null
	ssl.truststore.password = null
	ssl.truststore.type = JKS
	transaction.timeout.ms = 60000
	transactional.id = null
	value.serializer = class io.apicurio.registry.serde.avro.AvroKafkaSerializer

2025-08-20 12:45:49,304 INFO  [org.apa.kaf.com.tel.int.KafkaMetricsCollector] (main) initializing Kafka metrics collector
2025-08-20 12:45:49,305 INFO  [org.apa.kaf.cli.Metadata] (kafka-producer-network-thread | Producer-topic-655983b1_f8d4_44dd_b3f4_da78ac161dc6) [Producer clientId=Producer-topic-655983b1_f8d4_44dd_b3f4_da78ac161dc6] Cluster ID: EQyFwMkXTJ-zd_jVgBIUnQ
2025-08-20 12:45:49,305 INFO  [org.apa.kaf.cli.pro.int.TransactionManager] (kafka-producer-network-thread | Producer-topic-655983b1_f8d4_44dd_b3f4_da78ac161dc6) [Producer clientId=Producer-topic-655983b1_f8d4_44dd_b3f4_da78ac161dc6] ProducerId set to 52 with epoch 0
2025-08-20 12:45:49,306 INFO  [org.apa.kaf.cli.pro.KafkaProducer] (main) [Producer clientId=Producer-topic-f4b9a163_1338_4e5d_9f4a_b46ecfe642cb] Instantiated an idempotent producer.
2025-08-20 12:45:49,306 INFO  [org.apa.kaf.cli.pro.ProducerConfig] (main) These configurations '[apicurio.registry.url, apicurio.registry.artifact-resolver-strategy]' were supplied but are not used yet.
2025-08-20 12:45:49,306 INFO  [org.apa.kaf.com.uti.AppInfoParser] (main) Kafka version: 3.9.1
2025-08-20 12:45:49,306 INFO  [org.apa.kaf.com.uti.AppInfoParser] (main) Kafka commitId: f745dfdcee2b9851
2025-08-20 12:45:49,307 INFO  [org.apa.kaf.com.uti.AppInfoParser] (main) Kafka startTimeMs: 1755693949306
**** Registry Base URL: http://registry-app-ksql047.apps.ci419.apicurio-testing.org:80
2025-08-20 12:45:49,307 INFO  [org.apa.kaf.cli.con.ConsumerConfig] (main) ConsumerConfig values: 
	allow.auto.create.topics = true
	auto.commit.interval.ms = 500
	auto.include.jmx.reporter = true
	auto.offset.reset = earliest
	bootstrap.servers = [PLAINTEXT://localhost:32769]
	check.crcs = true
	client.dns.lookup = use_all_dns_ips
	client.id = consumer-Consumer-topic-778a9126_68c7_447f_8490_6774d8ad92bc-38
	client.rack = 
	connections.max.idle.ms = 10000
	default.api.timeout.ms = 60000
	enable.auto.commit = true
	enable.metrics.push = true
	exclude.internal.topics = true
	fetch.max.bytes = 52428800
	fetch.max.wait.ms = 500
	fetch.min.bytes = 1
	group.id = Consumer-topic-778a9126_68c7_447f_8490_6774d8ad92bc
	group.instance.id = null
	group.protocol = classic
	group.remote.assignor = null
	heartbeat.interval.ms = 3000
	interceptor.classes = []
	internal.leave.group.on.close = true
	internal.throw.on.fetch.stable.offset.unsupported = false
	isolation.level = read_uncommitted
	key.deserializer = class org.apache.kafka.common.serialization.StringDeserializer
	max.partition.fetch.bytes = 1048576
	max.poll.interval.ms = 300000
	max.poll.records = 500
	metadata.max.age.ms = 300000
	metadata.recovery.strategy = none
	metric.reporters = []
	metrics.num.samples = 2
	metrics.recording.level = INFO
	metrics.sample.window.ms = 30000
	partition.assignment.strategy = [class org.apache.kafka.clients.consumer.RangeAssignor, class org.apache.kafka.clients.consumer.CooperativeStickyAssignor]
	receive.buffer.bytes = 65536
	reconnect.backoff.max.ms = 1000
	reconnect.backoff.ms = 50
	request.timeout.ms = 5000
	retry.backoff.max.ms = 1000
	retry.backoff.ms = 100
	sasl.client.callback.handler.class = null
	sasl.jaas.config = null
	sasl.kerberos.kinit.cmd = /usr/bin/kinit
	sasl.kerberos.min.time.before.relogin = 60000
	sasl.kerberos.service.name = null
	sasl.kerberos.ticket.renew.jitter = 0.05
	sasl.kerberos.ticket.renew.window.factor = 0.8
	sasl.login.callback.handler.class = null
	sasl.login.class = null
	sasl.login.connect.timeout.ms = null
	sasl.login.read.timeout.ms = null
	sasl.login.refresh.buffer.seconds = 300
	sasl.login.refresh.min.period.seconds = 60
	sasl.login.refresh.window.factor = 0.8
	sasl.login.refresh.window.jitter = 0.05
	sasl.login.retry.backoff.max.ms = 10000
	sasl.login.retry.backoff.ms = 100
	sasl.mechanism = GSSAPI
	sasl.oauthbearer.clock.skew.seconds = 30
	sasl.oauthbearer.expected.audience = null
	sasl.oauthbearer.expected.issuer = null
	sasl.oauthbearer.header.urlencode = false
	sasl.oauthbearer.jwks.endpoint.refresh.ms = 3600000
	sasl.oauthbearer.jwks.endpoint.retry.backoff.max.ms = 10000
	sasl.oauthbearer.jwks.endpoint.retry.backoff.ms = 100
	sasl.oauthbearer.jwks.endpoint.url = null
	sasl.oauthbearer.scope.claim.name = scope
	sasl.oauthbearer.sub.claim.name = sub
	sasl.oauthbearer.token.endpoint.url = null
	security.protocol = PLAINTEXT
	security.providers = null
	send.buffer.bytes = 131072
	session.timeout.ms = 45000
	socket.connection.setup.timeout.max.ms = 30000
	socket.connection.setup.timeout.ms = 10000
	ssl.cipher.suites = null
	ssl.enabled.protocols = [TLSv1.2, TLSv1.3]
	ssl.endpoint.identification.algorithm = https
	ssl.engine.factory.class = null
	ssl.key.password = null
	ssl.keymanager.algorithm = SunX509
	ssl.keystore.certificate.chain = null
	ssl.keystore.key = null
	ssl.keystore.location = null
	ssl.keystore.password = null
	ssl.keystore.type = JKS
	ssl.protocol = TLSv1.3
	ssl.provider = null
	ssl.secure.random.implementation = null
	ssl.trustmanager.algorithm = PKIX
	ssl.truststore.certificates = null
	ssl.truststore.location = null
	ssl.truststore.password = null
	ssl.truststore.type = JKS
	value.deserializer = class io.apicurio.registry.serde.avro.AvroKafkaDeserializer

2025-08-20 12:45:49,307 INFO  [org.apa.kaf.com.tel.int.KafkaMetricsCollector] (main) initializing Kafka metrics collector
2025-08-20 12:45:49,308 INFO  [org.apa.kaf.cli.Metadata] (kafka-producer-network-thread | Producer-topic-f4b9a163_1338_4e5d_9f4a_b46ecfe642cb) [Producer clientId=Producer-topic-f4b9a163_1338_4e5d_9f4a_b46ecfe642cb] Cluster ID: EQyFwMkXTJ-zd_jVgBIUnQ
2025-08-20 12:45:49,308 INFO  [org.apa.kaf.cli.pro.int.TransactionManager] (kafka-producer-network-thread | Producer-topic-f4b9a163_1338_4e5d_9f4a_b46ecfe642cb) [Producer clientId=Producer-topic-f4b9a163_1338_4e5d_9f4a_b46ecfe642cb] ProducerId set to 53 with epoch 0
2025-08-20 12:45:49,310 INFO  [org.apa.kaf.cli.con.ConsumerConfig] (main) These configurations '[apicurio.registry.url]' were supplied but are not used yet.
2025-08-20 12:45:49,310 INFO  [org.apa.kaf.com.uti.AppInfoParser] (main) Kafka version: 3.9.1
2025-08-20 12:45:49,310 INFO  [org.apa.kaf.com.uti.AppInfoParser] (main) Kafka commitId: f745dfdcee2b9851
2025-08-20 12:45:49,310 INFO  [org.apa.kaf.com.uti.AppInfoParser] (main) Kafka startTimeMs: 1755693949310
**** Registry Base URL: http://registry-app-ksql047.apps.ci419.apicurio-testing.org:80
2025-08-20 12:45:49,310 INFO  [org.apa.kaf.cli.con.ConsumerConfig] (main) ConsumerConfig values: 
	allow.auto.create.topics = true
	auto.commit.interval.ms = 500
	auto.include.jmx.reporter = true
	auto.offset.reset = earliest
	bootstrap.servers = [PLAINTEXT://localhost:32769]
	check.crcs = true
	client.dns.lookup = use_all_dns_ips
	client.id = consumer-Consumer-topic-655983b1_f8d4_44dd_b3f4_da78ac161dc6-39
	client.rack = 
	connections.max.idle.ms = 10000
	default.api.timeout.ms = 60000
	enable.auto.commit = true
	enable.metrics.push = true
	exclude.internal.topics = true
	fetch.max.bytes = 52428800
	fetch.max.wait.ms = 500
	fetch.min.bytes = 1
	group.id = Consumer-topic-655983b1_f8d4_44dd_b3f4_da78ac161dc6
	group.instance.id = null
	group.protocol = classic
	group.remote.assignor = null
	heartbeat.interval.ms = 3000
	interceptor.classes = []
	internal.leave.group.on.close = true
	internal.throw.on.fetch.stable.offset.unsupported = false
	isolation.level = read_uncommitted
	key.deserializer = class org.apache.kafka.common.serialization.StringDeserializer
	max.partition.fetch.bytes = 1048576
	max.poll.interval.ms = 300000
	max.poll.records = 500
	metadata.max.age.ms = 300000
	metadata.recovery.strategy = none
	metric.reporters = []
	metrics.num.samples = 2
	metrics.recording.level = INFO
	metrics.sample.window.ms = 30000
	partition.assignment.strategy = [class org.apache.kafka.clients.consumer.RangeAssignor, class org.apache.kafka.clients.consumer.CooperativeStickyAssignor]
	receive.buffer.bytes = 65536
	reconnect.backoff.max.ms = 1000
	reconnect.backoff.ms = 50
	request.timeout.ms = 5000
	retry.backoff.max.ms = 1000
	retry.backoff.ms = 100
	sasl.client.callback.handler.class = null
	sasl.jaas.config = null
	sasl.kerberos.kinit.cmd = /usr/bin/kinit
	sasl.kerberos.min.time.before.relogin = 60000
	sasl.kerberos.service.name = null
	sasl.kerberos.ticket.renew.jitter = 0.05
	sasl.kerberos.ticket.renew.window.factor = 0.8
	sasl.login.callback.handler.class = null
	sasl.login.class = null
	sasl.login.connect.timeout.ms = null
	sasl.login.read.timeout.ms = null
	sasl.login.refresh.buffer.seconds = 300
	sasl.login.refresh.min.period.seconds = 60
	sasl.login.refresh.window.factor = 0.8
	sasl.login.refresh.window.jitter = 0.05
	sasl.login.retry.backoff.max.ms = 10000
	sasl.login.retry.backoff.ms = 100
	sasl.mechanism = GSSAPI
	sasl.oauthbearer.clock.skew.seconds = 30
	sasl.oauthbearer.expected.audience = null
	sasl.oauthbearer.expected.issuer = null
	sasl.oauthbearer.header.urlencode = false
	sasl.oauthbearer.jwks.endpoint.refresh.ms = 3600000
	sasl.oauthbearer.jwks.endpoint.retry.backoff.max.ms = 10000
	sasl.oauthbearer.jwks.endpoint.retry.backoff.ms = 100
	sasl.oauthbearer.jwks.endpoint.url = null
	sasl.oauthbearer.scope.claim.name = scope
	sasl.oauthbearer.sub.claim.name = sub
	sasl.oauthbearer.token.endpoint.url = null
	security.protocol = PLAINTEXT
	security.providers = null
	send.buffer.bytes = 131072
	session.timeout.ms = 45000
	socket.connection.setup.timeout.max.ms = 30000
	socket.connection.setup.timeout.ms = 10000
	ssl.cipher.suites = null
	ssl.enabled.protocols = [TLSv1.2, TLSv1.3]
	ssl.endpoint.identification.algorithm = https
	ssl.engine.factory.class = null
	ssl.key.password = null
	ssl.keymanager.algorithm = SunX509
	ssl.keystore.certificate.chain = null
	ssl.keystore.key = null
	ssl.keystore.location = null
	ssl.keystore.password = null
	ssl.keystore.type = JKS
	ssl.protocol = TLSv1.3
	ssl.provider = null
	ssl.secure.random.implementation = null
	ssl.trustmanager.algorithm = PKIX
	ssl.truststore.certificates = null
	ssl.truststore.location = null
	ssl.truststore.password = null
	ssl.truststore.type = JKS
	value.deserializer = class io.apicurio.registry.serde.avro.AvroKafkaDeserializer

2025-08-20 12:45:49,310 INFO  [org.apa.kaf.com.tel.int.KafkaMetricsCollector] (main) initializing Kafka metrics collector
2025-08-20 12:45:49,312 INFO  [org.apa.kaf.cli.con.ConsumerConfig] (main) These configurations '[apicurio.registry.url]' were supplied but are not used yet.
2025-08-20 12:45:49,312 INFO  [org.apa.kaf.com.uti.AppInfoParser] (main) Kafka version: 3.9.1
2025-08-20 12:45:49,312 INFO  [org.apa.kaf.com.uti.AppInfoParser] (main) Kafka commitId: f745dfdcee2b9851
2025-08-20 12:45:49,312 INFO  [org.apa.kaf.com.uti.AppInfoParser] (main) Kafka startTimeMs: 1755693949312
**** Registry Base URL: http://registry-app-ksql047.apps.ci419.apicurio-testing.org:80
2025-08-20 12:45:49,313 INFO  [org.apa.kaf.cli.con.ConsumerConfig] (main) ConsumerConfig values: 
	allow.auto.create.topics = true
	auto.commit.interval.ms = 500
	auto.include.jmx.reporter = true
	auto.offset.reset = earliest
	bootstrap.servers = [PLAINTEXT://localhost:32769]
	check.crcs = true
	client.dns.lookup = use_all_dns_ips
	client.id = consumer-Consumer-topic-f4b9a163_1338_4e5d_9f4a_b46ecfe642cb-40
	client.rack = 
	connections.max.idle.ms = 10000
	default.api.timeout.ms = 60000
	enable.auto.commit = true
	enable.metrics.push = true
	exclude.internal.topics = true
	fetch.max.bytes = 52428800
	fetch.max.wait.ms = 500
	fetch.min.bytes = 1
	group.id = Consumer-topic-f4b9a163_1338_4e5d_9f4a_b46ecfe642cb
	group.instance.id = null
	group.protocol = classic
	group.remote.assignor = null
	heartbeat.interval.ms = 3000
	interceptor.classes = []
	internal.leave.group.on.close = true
	internal.throw.on.fetch.stable.offset.unsupported = false
	isolation.level = read_uncommitted
	key.deserializer = class org.apache.kafka.common.serialization.StringDeserializer
	max.partition.fetch.bytes = 1048576
	max.poll.interval.ms = 300000
	max.poll.records = 500
	metadata.max.age.ms = 300000
	metadata.recovery.strategy = none
	metric.reporters = []
	metrics.num.samples = 2
	metrics.recording.level = INFO
	metrics.sample.window.ms = 30000
	partition.assignment.strategy = [class org.apache.kafka.clients.consumer.RangeAssignor, class org.apache.kafka.clients.consumer.CooperativeStickyAssignor]
	receive.buffer.bytes = 65536
	reconnect.backoff.max.ms = 1000
	reconnect.backoff.ms = 50
	request.timeout.ms = 5000
	retry.backoff.max.ms = 1000
	retry.backoff.ms = 100
	sasl.client.callback.handler.class = null
	sasl.jaas.config = null
	sasl.kerberos.kinit.cmd = /usr/bin/kinit
	sasl.kerberos.min.time.before.relogin = 60000
	sasl.kerberos.service.name = null
	sasl.kerberos.ticket.renew.jitter = 0.05
	sasl.kerberos.ticket.renew.window.factor = 0.8
	sasl.login.callback.handler.class = null
	sasl.login.class = null
	sasl.login.connect.timeout.ms = null
	sasl.login.read.timeout.ms = null
	sasl.login.refresh.buffer.seconds = 300
	sasl.login.refresh.min.period.seconds = 60
	sasl.login.refresh.window.factor = 0.8
	sasl.login.refresh.window.jitter = 0.05
	sasl.login.retry.backoff.max.ms = 10000
	sasl.login.retry.backoff.ms = 100
	sasl.mechanism = GSSAPI
	sasl.oauthbearer.clock.skew.seconds = 30
	sasl.oauthbearer.expected.audience = null
	sasl.oauthbearer.expected.issuer = null
	sasl.oauthbearer.header.urlencode = false
	sasl.oauthbearer.jwks.endpoint.refresh.ms = 3600000
	sasl.oauthbearer.jwks.endpoint.retry.backoff.max.ms = 10000
	sasl.oauthbearer.jwks.endpoint.retry.backoff.ms = 100
	sasl.oauthbearer.jwks.endpoint.url = null
	sasl.oauthbearer.scope.claim.name = scope
	sasl.oauthbearer.sub.claim.name = sub
	sasl.oauthbearer.token.endpoint.url = null
	security.protocol = PLAINTEXT
	security.providers = null
	send.buffer.bytes = 131072
	session.timeout.ms = 45000
	socket.connection.setup.timeout.max.ms = 30000
	socket.connection.setup.timeout.ms = 10000
	ssl.cipher.suites = null
	ssl.enabled.protocols = [TLSv1.2, TLSv1.3]
	ssl.endpoint.identification.algorithm = https
	ssl.engine.factory.class = null
	ssl.key.password = null
	ssl.keymanager.algorithm = SunX509
	ssl.keystore.certificate.chain = null
	ssl.keystore.key = null
	ssl.keystore.location = null
	ssl.keystore.password = null
	ssl.keystore.type = JKS
	ssl.protocol = TLSv1.3
	ssl.provider = null
	ssl.secure.random.implementation = null
	ssl.trustmanager.algorithm = PKIX
	ssl.truststore.certificates = null
	ssl.truststore.location = null
	ssl.truststore.password = null
	ssl.truststore.type = JKS
	value.deserializer = class io.apicurio.registry.serde.avro.AvroKafkaDeserializer

2025-08-20 12:45:49,313 INFO  [org.apa.kaf.com.tel.int.KafkaMetricsCollector] (main) initializing Kafka metrics collector
2025-08-20 12:45:49,315 INFO  [org.apa.kaf.cli.con.ConsumerConfig] (main) These configurations '[apicurio.registry.url]' were supplied but are not used yet.
2025-08-20 12:45:49,315 INFO  [org.apa.kaf.com.uti.AppInfoParser] (main) Kafka version: 3.9.1
2025-08-20 12:45:49,315 INFO  [org.apa.kaf.com.uti.AppInfoParser] (main) Kafka commitId: f745dfdcee2b9851
2025-08-20 12:45:49,315 INFO  [org.apa.kaf.com.uti.AppInfoParser] (main) Kafka startTimeMs: 1755693949315
2025-08-20 12:45:49,316 INFO  [io.api.tes.ser.api.KafkaSerdesTester] (ForkJoinPool.commonPool-worker-1) Sending message {"key1": "value-0"} to topic topic-778a9126_68c7_447f_8490_6774d8ad92bc
2025-08-20 12:45:49,317 INFO  [DefaultSchemaResolver] (ForkJoinPool.commonPool-worker-1) Retrieving schema content using string: {"type":"record","name":"myrecordconfluent6","fields":[{"name":"key1","type":"string"}]}
2025-08-20 12:45:49,382 INFO  [io.api.tes.ser.api.KafkaSerdesTester] (ForkJoinPool.commonPool-worker-1) Sending message {"key1": "value-1"} to topic topic-778a9126_68c7_447f_8490_6774d8ad92bc
2025-08-20 12:45:49,383 INFO  [io.api.tes.ser.api.KafkaSerdesTester] (ForkJoinPool.commonPool-worker-1) Sending message {"key1": "value-2"} to topic topic-778a9126_68c7_447f_8490_6774d8ad92bc
2025-08-20 12:45:49,383 INFO  [io.api.tes.ser.api.KafkaSerdesTester] (ForkJoinPool.commonPool-worker-1) Sending message {"key1": "value-3"} to topic topic-778a9126_68c7_447f_8490_6774d8ad92bc
2025-08-20 12:45:49,384 INFO  [io.api.tes.ser.api.KafkaSerdesTester] (ForkJoinPool.commonPool-worker-1) Sending message {"key1": "value-4"} to topic topic-778a9126_68c7_447f_8490_6774d8ad92bc
2025-08-20 12:45:49,385 INFO  [io.api.tes.ser.api.KafkaSerdesTester] (ForkJoinPool.commonPool-worker-1) Sending message {"key1": "value-5"} to topic topic-778a9126_68c7_447f_8490_6774d8ad92bc
2025-08-20 12:45:49,386 INFO  [io.api.tes.ser.api.KafkaSerdesTester] (ForkJoinPool.commonPool-worker-1) Sending message {"key1": "value-6"} to topic topic-778a9126_68c7_447f_8490_6774d8ad92bc
2025-08-20 12:45:49,386 INFO  [io.api.tes.ser.api.KafkaSerdesTester] (ForkJoinPool.commonPool-worker-1) Sending message {"key1": "value-7"} to topic topic-778a9126_68c7_447f_8490_6774d8ad92bc
2025-08-20 12:45:49,387 INFO  [io.api.tes.ser.api.KafkaSerdesTester] (ForkJoinPool.commonPool-worker-1) Sending message {"key1": "value-8"} to topic topic-778a9126_68c7_447f_8490_6774d8ad92bc
2025-08-20 12:45:49,388 INFO  [io.api.tes.ser.api.KafkaSerdesTester] (ForkJoinPool.commonPool-worker-1) Sending message {"key1": "value-9"} to topic topic-778a9126_68c7_447f_8490_6774d8ad92bc
2025-08-20 12:45:49,390 INFO  [io.api.tes.ser.api.KafkaSerdesTester] (ForkJoinPool.commonPool-worker-1) Produced 10 messages
2025-08-20 12:45:49,390 INFO  [org.apa.kaf.cli.pro.KafkaProducer] (ForkJoinPool.commonPool-worker-1) [Producer clientId=Producer-topic-778a9126_68c7_447f_8490_6774d8ad92bc] Closing the Kafka producer with timeoutMillis = 9223372036854775807 ms.
2025-08-20 12:45:49,391 INFO  [org.apa.kaf.com.met.Metrics] (ForkJoinPool.commonPool-worker-1) Metrics scheduler closed
2025-08-20 12:45:49,391 INFO  [org.apa.kaf.com.met.Metrics] (ForkJoinPool.commonPool-worker-1) Closing reporter org.apache.kafka.common.metrics.JmxReporter
2025-08-20 12:45:49,391 INFO  [org.apa.kaf.com.met.Metrics] (ForkJoinPool.commonPool-worker-1) Closing reporter org.apache.kafka.common.telemetry.internals.ClientTelemetryReporter
2025-08-20 12:45:49,391 INFO  [org.apa.kaf.com.met.Metrics] (ForkJoinPool.commonPool-worker-1) Metrics reporters closed
2025-08-20 12:45:49,391 INFO  [org.apa.kaf.com.uti.AppInfoParser] (ForkJoinPool.commonPool-worker-1) App info kafka.producer for Producer-topic-778a9126_68c7_447f_8490_6774d8ad92bc unregistered
2025-08-20 12:45:49,392 INFO  [io.api.tes.ser.api.KafkaSerdesTester] (ForkJoinPool.commonPool-worker-1) Sending message {"key1": "value-0"} to topic topic-655983b1_f8d4_44dd_b3f4_da78ac161dc6
2025-08-20 12:45:49,395 INFO  [DefaultSchemaResolver] (ForkJoinPool.commonPool-worker-1) Retrieving schema content using string: {"type":"record","name":"myrecordconfluent6","fields":[{"name":"key1","type":"string"}]}
2025-08-20 12:45:49,460 INFO  [io.api.tes.ser.api.KafkaSerdesTester] (ForkJoinPool.commonPool-worker-1) Sending message {"key1": "value-1"} to topic topic-655983b1_f8d4_44dd_b3f4_da78ac161dc6
2025-08-20 12:45:49,460 INFO  [io.api.tes.ser.api.KafkaSerdesTester] (ForkJoinPool.commonPool-worker-1) Sending message {"key1": "value-2"} to topic topic-655983b1_f8d4_44dd_b3f4_da78ac161dc6
2025-08-20 12:45:49,461 INFO  [io.api.tes.ser.api.KafkaSerdesTester] (ForkJoinPool.commonPool-worker-1) Sending message {"key1": "value-3"} to topic topic-655983b1_f8d4_44dd_b3f4_da78ac161dc6
2025-08-20 12:45:49,462 INFO  [io.api.tes.ser.api.KafkaSerdesTester] (ForkJoinPool.commonPool-worker-1) Sending message {"key1": "value-4"} to topic topic-655983b1_f8d4_44dd_b3f4_da78ac161dc6
2025-08-20 12:45:49,463 INFO  [io.api.tes.ser.api.KafkaSerdesTester] (ForkJoinPool.commonPool-worker-1) Sending message {"key1": "value-5"} to topic topic-655983b1_f8d4_44dd_b3f4_da78ac161dc6
2025-08-20 12:45:49,463 INFO  [io.api.tes.ser.api.KafkaSerdesTester] (ForkJoinPool.commonPool-worker-1) Sending message {"key1": "value-6"} to topic topic-655983b1_f8d4_44dd_b3f4_da78ac161dc6
2025-08-20 12:45:49,464 INFO  [io.api.tes.ser.api.KafkaSerdesTester] (ForkJoinPool.commonPool-worker-1) Sending message {"key1": "value-7"} to topic topic-655983b1_f8d4_44dd_b3f4_da78ac161dc6
2025-08-20 12:45:49,465 INFO  [io.api.tes.ser.api.KafkaSerdesTester] (ForkJoinPool.commonPool-worker-1) Sending message {"key1": "value-8"} to topic topic-655983b1_f8d4_44dd_b3f4_da78ac161dc6
2025-08-20 12:45:49,466 INFO  [io.api.tes.ser.api.KafkaSerdesTester] (ForkJoinPool.commonPool-worker-1) Sending message {"key1": "value-9"} to topic topic-655983b1_f8d4_44dd_b3f4_da78ac161dc6
2025-08-20 12:45:49,466 INFO  [io.api.tes.ser.api.KafkaSerdesTester] (ForkJoinPool.commonPool-worker-1) Produced 10 messages
2025-08-20 12:45:49,467 INFO  [org.apa.kaf.cli.pro.KafkaProducer] (ForkJoinPool.commonPool-worker-1) [Producer clientId=Producer-topic-655983b1_f8d4_44dd_b3f4_da78ac161dc6] Closing the Kafka producer with timeoutMillis = 9223372036854775807 ms.
2025-08-20 12:45:49,468 INFO  [org.apa.kaf.com.met.Metrics] (ForkJoinPool.commonPool-worker-1) Metrics scheduler closed
2025-08-20 12:45:49,468 INFO  [org.apa.kaf.com.met.Metrics] (ForkJoinPool.commonPool-worker-1) Closing reporter org.apache.kafka.common.metrics.JmxReporter
2025-08-20 12:45:49,468 INFO  [org.apa.kaf.com.met.Metrics] (ForkJoinPool.commonPool-worker-1) Closing reporter org.apache.kafka.common.telemetry.internals.ClientTelemetryReporter
2025-08-20 12:45:49,468 INFO  [org.apa.kaf.com.met.Metrics] (ForkJoinPool.commonPool-worker-1) Metrics reporters closed
2025-08-20 12:45:49,468 INFO  [org.apa.kaf.com.uti.AppInfoParser] (ForkJoinPool.commonPool-worker-1) App info kafka.producer for Producer-topic-655983b1_f8d4_44dd_b3f4_da78ac161dc6 unregistered
2025-08-20 12:45:49,468 INFO  [io.api.tes.ser.api.KafkaSerdesTester] (ForkJoinPool.commonPool-worker-1) Sending message {"key1": "value-0"} to topic topic-f4b9a163_1338_4e5d_9f4a_b46ecfe642cb
2025-08-20 12:45:49,471 INFO  [DefaultSchemaResolver] (ForkJoinPool.commonPool-worker-1) Retrieving schema content using string: {"type":"record","name":"myrecordconfluent6","fields":[{"name":"key1","type":"string"}]}
2025-08-20 12:45:49,549 INFO  [io.api.tes.ser.api.KafkaSerdesTester] (ForkJoinPool.commonPool-worker-1) Sending message {"key1": "value-1"} to topic topic-f4b9a163_1338_4e5d_9f4a_b46ecfe642cb
2025-08-20 12:45:49,550 INFO  [io.api.tes.ser.api.KafkaSerdesTester] (ForkJoinPool.commonPool-worker-1) Sending message {"key1": "value-2"} to topic topic-f4b9a163_1338_4e5d_9f4a_b46ecfe642cb
2025-08-20 12:45:49,551 INFO  [io.api.tes.ser.api.KafkaSerdesTester] (ForkJoinPool.commonPool-worker-1) Sending message {"key1": "value-3"} to topic topic-f4b9a163_1338_4e5d_9f4a_b46ecfe642cb
2025-08-20 12:45:49,551 INFO  [io.api.tes.ser.api.KafkaSerdesTester] (ForkJoinPool.commonPool-worker-1) Sending message {"key1": "value-4"} to topic topic-f4b9a163_1338_4e5d_9f4a_b46ecfe642cb
2025-08-20 12:45:49,552 INFO  [io.api.tes.ser.api.KafkaSerdesTester] (ForkJoinPool.commonPool-worker-1) Sending message {"key1": "value-5"} to topic topic-f4b9a163_1338_4e5d_9f4a_b46ecfe642cb
2025-08-20 12:45:49,553 INFO  [io.api.tes.ser.api.KafkaSerdesTester] (ForkJoinPool.commonPool-worker-1) Sending message {"key1": "value-6"} to topic topic-f4b9a163_1338_4e5d_9f4a_b46ecfe642cb
2025-08-20 12:45:49,554 INFO  [io.api.tes.ser.api.KafkaSerdesTester] (ForkJoinPool.commonPool-worker-1) Sending message {"key1": "value-7"} to topic topic-f4b9a163_1338_4e5d_9f4a_b46ecfe642cb
2025-08-20 12:45:49,554 INFO  [io.api.tes.ser.api.KafkaSerdesTester] (ForkJoinPool.commonPool-worker-1) Sending message {"key1": "value-8"} to topic topic-f4b9a163_1338_4e5d_9f4a_b46ecfe642cb
2025-08-20 12:45:49,555 INFO  [io.api.tes.ser.api.KafkaSerdesTester] (ForkJoinPool.commonPool-worker-1) Sending message {"key1": "value-9"} to topic topic-f4b9a163_1338_4e5d_9f4a_b46ecfe642cb
2025-08-20 12:45:49,556 INFO  [io.api.tes.ser.api.KafkaSerdesTester] (ForkJoinPool.commonPool-worker-1) Produced 10 messages
2025-08-20 12:45:49,556 INFO  [org.apa.kaf.cli.pro.KafkaProducer] (ForkJoinPool.commonPool-worker-1) [Producer clientId=Producer-topic-f4b9a163_1338_4e5d_9f4a_b46ecfe642cb] Closing the Kafka producer with timeoutMillis = 9223372036854775807 ms.
2025-08-20 12:45:49,557 INFO  [org.apa.kaf.com.met.Metrics] (ForkJoinPool.commonPool-worker-1) Metrics scheduler closed
2025-08-20 12:45:49,557 INFO  [org.apa.kaf.com.met.Metrics] (ForkJoinPool.commonPool-worker-1) Closing reporter org.apache.kafka.common.metrics.JmxReporter
2025-08-20 12:45:49,557 INFO  [org.apa.kaf.com.met.Metrics] (ForkJoinPool.commonPool-worker-1) Closing reporter org.apache.kafka.common.telemetry.internals.ClientTelemetryReporter
2025-08-20 12:45:49,557 INFO  [org.apa.kaf.com.met.Metrics] (ForkJoinPool.commonPool-worker-1) Metrics reporters closed
2025-08-20 12:45:49,557 INFO  [org.apa.kaf.com.uti.AppInfoParser] (ForkJoinPool.commonPool-worker-1) App info kafka.producer for Producer-topic-f4b9a163_1338_4e5d_9f4a_b46ecfe642cb unregistered
2025-08-20 12:45:49,558 INFO  [org.apa.kaf.cli.con.int.ClassicKafkaConsumer] (ForkJoinPool.commonPool-worker-1) [Consumer clientId=consumer-Consumer-topic-778a9126_68c7_447f_8490_6774d8ad92bc-38, groupId=Consumer-topic-778a9126_68c7_447f_8490_6774d8ad92bc] Subscribed to topic(s): topic-778a9126_68c7_447f_8490_6774d8ad92bc
2025-08-20 12:45:49,560 INFO  [org.apa.kaf.cli.Metadata] (ForkJoinPool.commonPool-worker-1) [Consumer clientId=consumer-Consumer-topic-778a9126_68c7_447f_8490_6774d8ad92bc-38, groupId=Consumer-topic-778a9126_68c7_447f_8490_6774d8ad92bc] Cluster ID: EQyFwMkXTJ-zd_jVgBIUnQ
2025-08-20 12:45:49,561 INFO  [org.apa.kaf.cli.con.int.ConsumerCoordinator] (ForkJoinPool.commonPool-worker-1) [Consumer clientId=consumer-Consumer-topic-778a9126_68c7_447f_8490_6774d8ad92bc-38, groupId=Consumer-topic-778a9126_68c7_447f_8490_6774d8ad92bc] Discovered group coordinator localhost:32769 (id: 2147483647 rack: null)
2025-08-20 12:45:49,562 INFO  [org.apa.kaf.cli.con.int.ConsumerCoordinator] (ForkJoinPool.commonPool-worker-1) [Consumer clientId=consumer-Consumer-topic-778a9126_68c7_447f_8490_6774d8ad92bc-38, groupId=Consumer-topic-778a9126_68c7_447f_8490_6774d8ad92bc] (Re-)joining group
2025-08-20 12:45:49,563 INFO  [org.apa.kaf.cli.con.int.ConsumerCoordinator] (ForkJoinPool.commonPool-worker-1) [Consumer clientId=consumer-Consumer-topic-778a9126_68c7_447f_8490_6774d8ad92bc-38, groupId=Consumer-topic-778a9126_68c7_447f_8490_6774d8ad92bc] Request joining group due to: need to re-join with the given member-id: consumer-Consumer-topic-778a9126_68c7_447f_8490_6774d8ad92bc-38-c51f56cf-85fc-4015-a77c-b45318cfb11f
2025-08-20 12:45:49,563 INFO  [org.apa.kaf.cli.con.int.ConsumerCoordinator] (ForkJoinPool.commonPool-worker-1) [Consumer clientId=consumer-Consumer-topic-778a9126_68c7_447f_8490_6774d8ad92bc-38, groupId=Consumer-topic-778a9126_68c7_447f_8490_6774d8ad92bc] (Re-)joining group
2025-08-20 12:45:50,559 INFO  [io.api.tes.ser.api.KafkaSerdesTester] (ForkJoinPool.commonPool-worker-1) None found
2025-08-20 12:45:51,560 INFO  [io.api.tes.ser.api.KafkaSerdesTester] (ForkJoinPool.commonPool-worker-1) None found
2025-08-20 12:45:52,560 INFO  [io.api.tes.ser.api.KafkaSerdesTester] (ForkJoinPool.commonPool-worker-1) None found
2025-08-20 12:45:52,564 INFO  [org.apa.kaf.cli.con.int.ConsumerCoordinator] (ForkJoinPool.commonPool-worker-1) [Consumer clientId=consumer-Consumer-topic-778a9126_68c7_447f_8490_6774d8ad92bc-38, groupId=Consumer-topic-778a9126_68c7_447f_8490_6774d8ad92bc] Successfully joined group with generation Generation{generationId=1, memberId='consumer-Consumer-topic-778a9126_68c7_447f_8490_6774d8ad92bc-38-c51f56cf-85fc-4015-a77c-b45318cfb11f', protocol='range'}
2025-08-20 12:45:52,564 INFO  [org.apa.kaf.cli.con.int.ConsumerCoordinator] (ForkJoinPool.commonPool-worker-1) [Consumer clientId=consumer-Consumer-topic-778a9126_68c7_447f_8490_6774d8ad92bc-38, groupId=Consumer-topic-778a9126_68c7_447f_8490_6774d8ad92bc] Finished assignment for group at generation 1: {consumer-Consumer-topic-778a9126_68c7_447f_8490_6774d8ad92bc-38-c51f56cf-85fc-4015-a77c-b45318cfb11f=Assignment(partitions=[topic-778a9126_68c7_447f_8490_6774d8ad92bc-0])}
2025-08-20 12:45:52,570 INFO  [org.apa.kaf.cli.con.int.ConsumerCoordinator] (ForkJoinPool.commonPool-worker-1) [Consumer clientId=consumer-Consumer-topic-778a9126_68c7_447f_8490_6774d8ad92bc-38, groupId=Consumer-topic-778a9126_68c7_447f_8490_6774d8ad92bc] Successfully synced group in generation Generation{generationId=1, memberId='consumer-Consumer-topic-778a9126_68c7_447f_8490_6774d8ad92bc-38-c51f56cf-85fc-4015-a77c-b45318cfb11f', protocol='range'}
2025-08-20 12:45:52,571 INFO  [org.apa.kaf.cli.con.int.ConsumerCoordinator] (ForkJoinPool.commonPool-worker-1) [Consumer clientId=consumer-Consumer-topic-778a9126_68c7_447f_8490_6774d8ad92bc-38, groupId=Consumer-topic-778a9126_68c7_447f_8490_6774d8ad92bc] Notifying assignor about the new Assignment(partitions=[topic-778a9126_68c7_447f_8490_6774d8ad92bc-0])
2025-08-20 12:45:52,571 INFO  [org.apa.kaf.cli.con.int.ConsumerRebalanceListenerInvoker] (ForkJoinPool.commonPool-worker-1) [Consumer clientId=consumer-Consumer-topic-778a9126_68c7_447f_8490_6774d8ad92bc-38, groupId=Consumer-topic-778a9126_68c7_447f_8490_6774d8ad92bc] Adding newly assigned partitions: topic-778a9126_68c7_447f_8490_6774d8ad92bc-0
2025-08-20 12:45:52,571 INFO  [org.apa.kaf.cli.con.int.ConsumerCoordinator] (ForkJoinPool.commonPool-worker-1) [Consumer clientId=consumer-Consumer-topic-778a9126_68c7_447f_8490_6774d8ad92bc-38, groupId=Consumer-topic-778a9126_68c7_447f_8490_6774d8ad92bc] Found no committed offset for partition topic-778a9126_68c7_447f_8490_6774d8ad92bc-0
2025-08-20 12:45:52,573 INFO  [org.apa.kaf.cli.con.int.SubscriptionState] (ForkJoinPool.commonPool-worker-1) [Consumer clientId=consumer-Consumer-topic-778a9126_68c7_447f_8490_6774d8ad92bc-38, groupId=Consumer-topic-778a9126_68c7_447f_8490_6774d8ad92bc] Resetting offset for partition topic-778a9126_68c7_447f_8490_6774d8ad92bc-0 to position FetchPosition{offset=0, offsetEpoch=Optional.empty, currentLeader=LeaderAndEpoch{leader=Optional[localhost:32769 (id: 0 rack: null)], epoch=0}}.
2025-08-20 12:45:52,691 INFO  [io.api.tes.ser.api.KafkaSerdesTester] (ForkJoinPool.commonPool-worker-1) topic-778a9126_68c7_447f_8490_6774d8ad92bc 0 0 {"key1": "value-0"}
2025-08-20 12:45:52,691 INFO  [io.api.tes.ser.api.KafkaSerdesTester] (ForkJoinPool.commonPool-worker-1) topic-778a9126_68c7_447f_8490_6774d8ad92bc 0 1 {"key1": "value-1"}
2025-08-20 12:45:52,691 INFO  [io.api.tes.ser.api.KafkaSerdesTester] (ForkJoinPool.commonPool-worker-1) topic-778a9126_68c7_447f_8490_6774d8ad92bc 0 2 {"key1": "value-2"}
2025-08-20 12:45:52,691 INFO  [io.api.tes.ser.api.KafkaSerdesTester] (ForkJoinPool.commonPool-worker-1) topic-778a9126_68c7_447f_8490_6774d8ad92bc 0 3 {"key1": "value-3"}
2025-08-20 12:45:52,691 INFO  [io.api.tes.ser.api.KafkaSerdesTester] (ForkJoinPool.commonPool-worker-1) topic-778a9126_68c7_447f_8490_6774d8ad92bc 0 4 {"key1": "value-4"}
2025-08-20 12:45:52,691 INFO  [io.api.tes.ser.api.KafkaSerdesTester] (ForkJoinPool.commonPool-worker-1) topic-778a9126_68c7_447f_8490_6774d8ad92bc 0 5 {"key1": "value-5"}
2025-08-20 12:45:52,691 INFO  [io.api.tes.ser.api.KafkaSerdesTester] (ForkJoinPool.commonPool-worker-1) topic-778a9126_68c7_447f_8490_6774d8ad92bc 0 6 {"key1": "value-6"}
2025-08-20 12:45:52,691 INFO  [io.api.tes.ser.api.KafkaSerdesTester] (ForkJoinPool.commonPool-worker-1) topic-778a9126_68c7_447f_8490_6774d8ad92bc 0 7 {"key1": "value-7"}
2025-08-20 12:45:52,691 INFO  [io.api.tes.ser.api.KafkaSerdesTester] (ForkJoinPool.commonPool-worker-1) topic-778a9126_68c7_447f_8490_6774d8ad92bc 0 8 {"key1": "value-8"}
2025-08-20 12:45:52,691 INFO  [io.api.tes.ser.api.KafkaSerdesTester] (ForkJoinPool.commonPool-worker-1) topic-778a9126_68c7_447f_8490_6774d8ad92bc 0 9 {"key1": "value-9"}
2025-08-20 12:45:52,691 INFO  [io.api.tes.ser.api.KafkaSerdesTester] (ForkJoinPool.commonPool-worker-1) Consumed 10 messages
2025-08-20 12:45:52,698 INFO  [org.apa.kaf.cli.con.int.ConsumerRebalanceListenerInvoker] (ForkJoinPool.commonPool-worker-1) [Consumer clientId=consumer-Consumer-topic-778a9126_68c7_447f_8490_6774d8ad92bc-38, groupId=Consumer-topic-778a9126_68c7_447f_8490_6774d8ad92bc] Revoke previously assigned partitions topic-778a9126_68c7_447f_8490_6774d8ad92bc-0
2025-08-20 12:45:52,698 INFO  [org.apa.kaf.cli.con.int.ConsumerCoordinator] (ForkJoinPool.commonPool-worker-1) [Consumer clientId=consumer-Consumer-topic-778a9126_68c7_447f_8490_6774d8ad92bc-38, groupId=Consumer-topic-778a9126_68c7_447f_8490_6774d8ad92bc] Member consumer-Consumer-topic-778a9126_68c7_447f_8490_6774d8ad92bc-38-c51f56cf-85fc-4015-a77c-b45318cfb11f sending LeaveGroup request to coordinator localhost:32769 (id: 2147483647 rack: null) due to the consumer is being closed
2025-08-20 12:45:52,698 INFO  [org.apa.kaf.cli.con.int.ConsumerCoordinator] (ForkJoinPool.commonPool-worker-1) [Consumer clientId=consumer-Consumer-topic-778a9126_68c7_447f_8490_6774d8ad92bc-38, groupId=Consumer-topic-778a9126_68c7_447f_8490_6774d8ad92bc] Resetting generation and member id due to: consumer pro-actively leaving the group
2025-08-20 12:45:52,698 INFO  [org.apa.kaf.cli.con.int.ConsumerCoordinator] (ForkJoinPool.commonPool-worker-1) [Consumer clientId=consumer-Consumer-topic-778a9126_68c7_447f_8490_6774d8ad92bc-38, groupId=Consumer-topic-778a9126_68c7_447f_8490_6774d8ad92bc] Request joining group due to: consumer pro-actively leaving the group
2025-08-20 12:45:53,193 INFO  [org.apa.kaf.com.met.Metrics] (ForkJoinPool.commonPool-worker-1) Metrics scheduler closed
2025-08-20 12:45:53,193 INFO  [org.apa.kaf.com.met.Metrics] (ForkJoinPool.commonPool-worker-1) Closing reporter org.apache.kafka.common.metrics.JmxReporter
2025-08-20 12:45:53,193 INFO  [org.apa.kaf.com.met.Metrics] (ForkJoinPool.commonPool-worker-1) Closing reporter org.apache.kafka.common.telemetry.internals.ClientTelemetryReporter
2025-08-20 12:45:53,193 INFO  [org.apa.kaf.com.met.Metrics] (ForkJoinPool.commonPool-worker-1) Metrics reporters closed
2025-08-20 12:45:53,194 INFO  [org.apa.kaf.com.uti.AppInfoParser] (ForkJoinPool.commonPool-worker-1) App info kafka.consumer for consumer-Consumer-topic-778a9126_68c7_447f_8490_6774d8ad92bc-38 unregistered
2025-08-20 12:45:53,194 INFO  [org.apa.kaf.cli.con.int.ClassicKafkaConsumer] (ForkJoinPool.commonPool-worker-1) [Consumer clientId=consumer-Consumer-topic-655983b1_f8d4_44dd_b3f4_da78ac161dc6-39, groupId=Consumer-topic-655983b1_f8d4_44dd_b3f4_da78ac161dc6] Subscribed to topic(s): topic-655983b1_f8d4_44dd_b3f4_da78ac161dc6
2025-08-20 12:45:53,197 INFO  [org.apa.kaf.cli.Metadata] (ForkJoinPool.commonPool-worker-1) [Consumer clientId=consumer-Consumer-topic-655983b1_f8d4_44dd_b3f4_da78ac161dc6-39, groupId=Consumer-topic-655983b1_f8d4_44dd_b3f4_da78ac161dc6] Cluster ID: EQyFwMkXTJ-zd_jVgBIUnQ
2025-08-20 12:45:53,198 INFO  [org.apa.kaf.cli.con.int.ConsumerCoordinator] (ForkJoinPool.commonPool-worker-1) [Consumer clientId=consumer-Consumer-topic-655983b1_f8d4_44dd_b3f4_da78ac161dc6-39, groupId=Consumer-topic-655983b1_f8d4_44dd_b3f4_da78ac161dc6] Discovered group coordinator localhost:32769 (id: 2147483647 rack: null)
2025-08-20 12:45:53,198 INFO  [org.apa.kaf.cli.con.int.ConsumerCoordinator] (ForkJoinPool.commonPool-worker-1) [Consumer clientId=consumer-Consumer-topic-655983b1_f8d4_44dd_b3f4_da78ac161dc6-39, groupId=Consumer-topic-655983b1_f8d4_44dd_b3f4_da78ac161dc6] (Re-)joining group
2025-08-20 12:45:53,200 INFO  [org.apa.kaf.cli.con.int.ConsumerCoordinator] (ForkJoinPool.commonPool-worker-1) [Consumer clientId=consumer-Consumer-topic-655983b1_f8d4_44dd_b3f4_da78ac161dc6-39, groupId=Consumer-topic-655983b1_f8d4_44dd_b3f4_da78ac161dc6] Request joining group due to: need to re-join with the given member-id: consumer-Consumer-topic-655983b1_f8d4_44dd_b3f4_da78ac161dc6-39-44618815-afb7-44d8-8a85-8f6dd358cea4
2025-08-20 12:45:53,200 INFO  [org.apa.kaf.cli.con.int.ConsumerCoordinator] (ForkJoinPool.commonPool-worker-1) [Consumer clientId=consumer-Consumer-topic-655983b1_f8d4_44dd_b3f4_da78ac161dc6-39, groupId=Consumer-topic-655983b1_f8d4_44dd_b3f4_da78ac161dc6] (Re-)joining group
2025-08-20 12:45:54,194 INFO  [io.api.tes.ser.api.KafkaSerdesTester] (ForkJoinPool.commonPool-worker-1) None found
2025-08-20 12:45:55,195 INFO  [io.api.tes.ser.api.KafkaSerdesTester] (ForkJoinPool.commonPool-worker-1) None found
2025-08-20 12:45:56,196 INFO  [io.api.tes.ser.api.KafkaSerdesTester] (ForkJoinPool.commonPool-worker-1) None found
2025-08-20 12:45:56,200 INFO  [org.apa.kaf.cli.con.int.ConsumerCoordinator] (ForkJoinPool.commonPool-worker-1) [Consumer clientId=consumer-Consumer-topic-655983b1_f8d4_44dd_b3f4_da78ac161dc6-39, groupId=Consumer-topic-655983b1_f8d4_44dd_b3f4_da78ac161dc6] Successfully joined group with generation Generation{generationId=1, memberId='consumer-Consumer-topic-655983b1_f8d4_44dd_b3f4_da78ac161dc6-39-44618815-afb7-44d8-8a85-8f6dd358cea4', protocol='range'}
2025-08-20 12:45:56,200 INFO  [org.apa.kaf.cli.con.int.ConsumerCoordinator] (ForkJoinPool.commonPool-worker-1) [Consumer clientId=consumer-Consumer-topic-655983b1_f8d4_44dd_b3f4_da78ac161dc6-39, groupId=Consumer-topic-655983b1_f8d4_44dd_b3f4_da78ac161dc6] Finished assignment for group at generation 1: {consumer-Consumer-topic-655983b1_f8d4_44dd_b3f4_da78ac161dc6-39-44618815-afb7-44d8-8a85-8f6dd358cea4=Assignment(partitions=[topic-655983b1_f8d4_44dd_b3f4_da78ac161dc6-0])}
2025-08-20 12:45:56,207 INFO  [org.apa.kaf.cli.con.int.ConsumerCoordinator] (ForkJoinPool.commonPool-worker-1) [Consumer clientId=consumer-Consumer-topic-655983b1_f8d4_44dd_b3f4_da78ac161dc6-39, groupId=Consumer-topic-655983b1_f8d4_44dd_b3f4_da78ac161dc6] Successfully synced group in generation Generation{generationId=1, memberId='consumer-Consumer-topic-655983b1_f8d4_44dd_b3f4_da78ac161dc6-39-44618815-afb7-44d8-8a85-8f6dd358cea4', protocol='range'}
2025-08-20 12:45:56,207 INFO  [org.apa.kaf.cli.con.int.ConsumerCoordinator] (ForkJoinPool.commonPool-worker-1) [Consumer clientId=consumer-Consumer-topic-655983b1_f8d4_44dd_b3f4_da78ac161dc6-39, groupId=Consumer-topic-655983b1_f8d4_44dd_b3f4_da78ac161dc6] Notifying assignor about the new Assignment(partitions=[topic-655983b1_f8d4_44dd_b3f4_da78ac161dc6-0])
2025-08-20 12:45:56,207 INFO  [org.apa.kaf.cli.con.int.ConsumerRebalanceListenerInvoker] (ForkJoinPool.commonPool-worker-1) [Consumer clientId=consumer-Consumer-topic-655983b1_f8d4_44dd_b3f4_da78ac161dc6-39, groupId=Consumer-topic-655983b1_f8d4_44dd_b3f4_da78ac161dc6] Adding newly assigned partitions: topic-655983b1_f8d4_44dd_b3f4_da78ac161dc6-0
2025-08-20 12:45:56,207 INFO  [org.apa.kaf.cli.con.int.ConsumerCoordinator] (ForkJoinPool.commonPool-worker-1) [Consumer clientId=consumer-Consumer-topic-655983b1_f8d4_44dd_b3f4_da78ac161dc6-39, groupId=Consumer-topic-655983b1_f8d4_44dd_b3f4_da78ac161dc6] Found no committed offset for partition topic-655983b1_f8d4_44dd_b3f4_da78ac161dc6-0
2025-08-20 12:45:56,210 INFO  [org.apa.kaf.cli.con.int.SubscriptionState] (ForkJoinPool.commonPool-worker-1) [Consumer clientId=consumer-Consumer-topic-655983b1_f8d4_44dd_b3f4_da78ac161dc6-39, groupId=Consumer-topic-655983b1_f8d4_44dd_b3f4_da78ac161dc6] Resetting offset for partition topic-655983b1_f8d4_44dd_b3f4_da78ac161dc6-0 to position FetchPosition{offset=0, offsetEpoch=Optional.empty, currentLeader=LeaderAndEpoch{leader=Optional[localhost:32769 (id: 0 rack: null)], epoch=0}}.
2025-08-20 12:45:56,307 INFO  [io.api.tes.ser.api.KafkaSerdesTester] (ForkJoinPool.commonPool-worker-1) topic-655983b1_f8d4_44dd_b3f4_da78ac161dc6 0 0 {"key1": "value-0"}
2025-08-20 12:45:56,307 INFO  [io.api.tes.ser.api.KafkaSerdesTester] (ForkJoinPool.commonPool-worker-1) topic-655983b1_f8d4_44dd_b3f4_da78ac161dc6 0 1 {"key1": "value-1"}
2025-08-20 12:45:56,307 INFO  [io.api.tes.ser.api.KafkaSerdesTester] (ForkJoinPool.commonPool-worker-1) topic-655983b1_f8d4_44dd_b3f4_da78ac161dc6 0 2 {"key1": "value-2"}
2025-08-20 12:45:56,307 INFO  [io.api.tes.ser.api.KafkaSerdesTester] (ForkJoinPool.commonPool-worker-1) topic-655983b1_f8d4_44dd_b3f4_da78ac161dc6 0 3 {"key1": "value-3"}
2025-08-20 12:45:56,307 INFO  [io.api.tes.ser.api.KafkaSerdesTester] (ForkJoinPool.commonPool-worker-1) topic-655983b1_f8d4_44dd_b3f4_da78ac161dc6 0 4 {"key1": "value-4"}
2025-08-20 12:45:56,307 INFO  [io.api.tes.ser.api.KafkaSerdesTester] (ForkJoinPool.commonPool-worker-1) topic-655983b1_f8d4_44dd_b3f4_da78ac161dc6 0 5 {"key1": "value-5"}
2025-08-20 12:45:56,307 INFO  [io.api.tes.ser.api.KafkaSerdesTester] (ForkJoinPool.commonPool-worker-1) topic-655983b1_f8d4_44dd_b3f4_da78ac161dc6 0 6 {"key1": "value-6"}
2025-08-20 12:45:56,307 INFO  [io.api.tes.ser.api.KafkaSerdesTester] (ForkJoinPool.commonPool-worker-1) topic-655983b1_f8d4_44dd_b3f4_da78ac161dc6 0 7 {"key1": "value-7"}
2025-08-20 12:45:56,307 INFO  [io.api.tes.ser.api.KafkaSerdesTester] (ForkJoinPool.commonPool-worker-1) topic-655983b1_f8d4_44dd_b3f4_da78ac161dc6 0 8 {"key1": "value-8"}
2025-08-20 12:45:56,307 INFO  [io.api.tes.ser.api.KafkaSerdesTester] (ForkJoinPool.commonPool-worker-1) topic-655983b1_f8d4_44dd_b3f4_da78ac161dc6 0 9 {"key1": "value-9"}
2025-08-20 12:45:56,307 INFO  [io.api.tes.ser.api.KafkaSerdesTester] (ForkJoinPool.commonPool-worker-1) Consumed 10 messages
2025-08-20 12:45:56,313 INFO  [org.apa.kaf.cli.con.int.ConsumerRebalanceListenerInvoker] (ForkJoinPool.commonPool-worker-1) [Consumer clientId=consumer-Consumer-topic-655983b1_f8d4_44dd_b3f4_da78ac161dc6-39, groupId=Consumer-topic-655983b1_f8d4_44dd_b3f4_da78ac161dc6] Revoke previously assigned partitions topic-655983b1_f8d4_44dd_b3f4_da78ac161dc6-0
2025-08-20 12:45:56,314 INFO  [org.apa.kaf.cli.con.int.ConsumerCoordinator] (ForkJoinPool.commonPool-worker-1) [Consumer clientId=consumer-Consumer-topic-655983b1_f8d4_44dd_b3f4_da78ac161dc6-39, groupId=Consumer-topic-655983b1_f8d4_44dd_b3f4_da78ac161dc6] Member consumer-Consumer-topic-655983b1_f8d4_44dd_b3f4_da78ac161dc6-39-44618815-afb7-44d8-8a85-8f6dd358cea4 sending LeaveGroup request to coordinator localhost:32769 (id: 2147483647 rack: null) due to the consumer is being closed
2025-08-20 12:45:56,314 INFO  [org.apa.kaf.cli.con.int.ConsumerCoordinator] (ForkJoinPool.commonPool-worker-1) [Consumer clientId=consumer-Consumer-topic-655983b1_f8d4_44dd_b3f4_da78ac161dc6-39, groupId=Consumer-topic-655983b1_f8d4_44dd_b3f4_da78ac161dc6] Resetting generation and member id due to: consumer pro-actively leaving the group
2025-08-20 12:45:56,314 INFO  [org.apa.kaf.cli.con.int.ConsumerCoordinator] (ForkJoinPool.commonPool-worker-1) [Consumer clientId=consumer-Consumer-topic-655983b1_f8d4_44dd_b3f4_da78ac161dc6-39, groupId=Consumer-topic-655983b1_f8d4_44dd_b3f4_da78ac161dc6] Request joining group due to: consumer pro-actively leaving the group
2025-08-20 12:45:56,809 INFO  [org.apa.kaf.com.met.Metrics] (ForkJoinPool.commonPool-worker-1) Metrics scheduler closed
2025-08-20 12:45:56,809 INFO  [org.apa.kaf.com.met.Metrics] (ForkJoinPool.commonPool-worker-1) Closing reporter org.apache.kafka.common.metrics.JmxReporter
2025-08-20 12:45:56,809 INFO  [org.apa.kaf.com.met.Metrics] (ForkJoinPool.commonPool-worker-1) Closing reporter org.apache.kafka.common.telemetry.internals.ClientTelemetryReporter
2025-08-20 12:45:56,809 INFO  [org.apa.kaf.com.met.Metrics] (ForkJoinPool.commonPool-worker-1) Metrics reporters closed
2025-08-20 12:45:56,810 INFO  [org.apa.kaf.com.uti.AppInfoParser] (ForkJoinPool.commonPool-worker-1) App info kafka.consumer for consumer-Consumer-topic-655983b1_f8d4_44dd_b3f4_da78ac161dc6-39 unregistered
2025-08-20 12:45:56,810 INFO  [org.apa.kaf.cli.con.int.ClassicKafkaConsumer] (ForkJoinPool.commonPool-worker-1) [Consumer clientId=consumer-Consumer-topic-f4b9a163_1338_4e5d_9f4a_b46ecfe642cb-40, groupId=Consumer-topic-f4b9a163_1338_4e5d_9f4a_b46ecfe642cb] Subscribed to topic(s): topic-f4b9a163_1338_4e5d_9f4a_b46ecfe642cb
2025-08-20 12:45:56,813 INFO  [org.apa.kaf.cli.Metadata] (ForkJoinPool.commonPool-worker-1) [Consumer clientId=consumer-Consumer-topic-f4b9a163_1338_4e5d_9f4a_b46ecfe642cb-40, groupId=Consumer-topic-f4b9a163_1338_4e5d_9f4a_b46ecfe642cb] Cluster ID: EQyFwMkXTJ-zd_jVgBIUnQ
2025-08-20 12:45:56,813 INFO  [org.apa.kaf.cli.con.int.ConsumerCoordinator] (ForkJoinPool.commonPool-worker-1) [Consumer clientId=consumer-Consumer-topic-f4b9a163_1338_4e5d_9f4a_b46ecfe642cb-40, groupId=Consumer-topic-f4b9a163_1338_4e5d_9f4a_b46ecfe642cb] Discovered group coordinator localhost:32769 (id: 2147483647 rack: null)
2025-08-20 12:45:56,814 INFO  [org.apa.kaf.cli.con.int.ConsumerCoordinator] (ForkJoinPool.commonPool-worker-1) [Consumer clientId=consumer-Consumer-topic-f4b9a163_1338_4e5d_9f4a_b46ecfe642cb-40, groupId=Consumer-topic-f4b9a163_1338_4e5d_9f4a_b46ecfe642cb] (Re-)joining group
2025-08-20 12:45:56,815 INFO  [org.apa.kaf.cli.con.int.ConsumerCoordinator] (ForkJoinPool.commonPool-worker-1) [Consumer clientId=consumer-Consumer-topic-f4b9a163_1338_4e5d_9f4a_b46ecfe642cb-40, groupId=Consumer-topic-f4b9a163_1338_4e5d_9f4a_b46ecfe642cb] Request joining group due to: need to re-join with the given member-id: consumer-Consumer-topic-f4b9a163_1338_4e5d_9f4a_b46ecfe642cb-40-34c71ee4-f3cb-4bdf-801c-29e88490bbdc
2025-08-20 12:45:56,815 INFO  [org.apa.kaf.cli.con.int.ConsumerCoordinator] (ForkJoinPool.commonPool-worker-1) [Consumer clientId=consumer-Consumer-topic-f4b9a163_1338_4e5d_9f4a_b46ecfe642cb-40, groupId=Consumer-topic-f4b9a163_1338_4e5d_9f4a_b46ecfe642cb] (Re-)joining group
2025-08-20 12:45:57,810 INFO  [io.api.tes.ser.api.KafkaSerdesTester] (ForkJoinPool.commonPool-worker-1) None found
2025-08-20 12:45:58,810 INFO  [io.api.tes.ser.api.KafkaSerdesTester] (ForkJoinPool.commonPool-worker-1) None found
2025-08-20 12:45:59,810 INFO  [io.api.tes.ser.api.KafkaSerdesTester] (ForkJoinPool.commonPool-worker-1) None found
2025-08-20 12:45:59,816 INFO  [org.apa.kaf.cli.con.int.ConsumerCoordinator] (ForkJoinPool.commonPool-worker-1) [Consumer clientId=consumer-Consumer-topic-f4b9a163_1338_4e5d_9f4a_b46ecfe642cb-40, groupId=Consumer-topic-f4b9a163_1338_4e5d_9f4a_b46ecfe642cb] Successfully joined group with generation Generation{generationId=1, memberId='consumer-Consumer-topic-f4b9a163_1338_4e5d_9f4a_b46ecfe642cb-40-34c71ee4-f3cb-4bdf-801c-29e88490bbdc', protocol='range'}
2025-08-20 12:45:59,816 INFO  [org.apa.kaf.cli.con.int.ConsumerCoordinator] (ForkJoinPool.commonPool-worker-1) [Consumer clientId=consumer-Consumer-topic-f4b9a163_1338_4e5d_9f4a_b46ecfe642cb-40, groupId=Consumer-topic-f4b9a163_1338_4e5d_9f4a_b46ecfe642cb] Finished assignment for group at generation 1: {consumer-Consumer-topic-f4b9a163_1338_4e5d_9f4a_b46ecfe642cb-40-34c71ee4-f3cb-4bdf-801c-29e88490bbdc=Assignment(partitions=[topic-f4b9a163_1338_4e5d_9f4a_b46ecfe642cb-0])}
2025-08-20 12:45:59,822 INFO  [org.apa.kaf.cli.con.int.ConsumerCoordinator] (ForkJoinPool.commonPool-worker-1) [Consumer clientId=consumer-Consumer-topic-f4b9a163_1338_4e5d_9f4a_b46ecfe642cb-40, groupId=Consumer-topic-f4b9a163_1338_4e5d_9f4a_b46ecfe642cb] Successfully synced group in generation Generation{generationId=1, memberId='consumer-Consumer-topic-f4b9a163_1338_4e5d_9f4a_b46ecfe642cb-40-34c71ee4-f3cb-4bdf-801c-29e88490bbdc', protocol='range'}
2025-08-20 12:45:59,822 INFO  [org.apa.kaf.cli.con.int.ConsumerCoordinator] (ForkJoinPool.commonPool-worker-1) [Consumer clientId=consumer-Consumer-topic-f4b9a163_1338_4e5d_9f4a_b46ecfe642cb-40, groupId=Consumer-topic-f4b9a163_1338_4e5d_9f4a_b46ecfe642cb] Notifying assignor about the new Assignment(partitions=[topic-f4b9a163_1338_4e5d_9f4a_b46ecfe642cb-0])
2025-08-20 12:45:59,822 INFO  [org.apa.kaf.cli.con.int.ConsumerRebalanceListenerInvoker] (ForkJoinPool.commonPool-worker-1) [Consumer clientId=consumer-Consumer-topic-f4b9a163_1338_4e5d_9f4a_b46ecfe642cb-40, groupId=Consumer-topic-f4b9a163_1338_4e5d_9f4a_b46ecfe642cb] Adding newly assigned partitions: topic-f4b9a163_1338_4e5d_9f4a_b46ecfe642cb-0
2025-08-20 12:45:59,823 INFO  [org.apa.kaf.cli.con.int.ConsumerCoordinator] (ForkJoinPool.commonPool-worker-1) [Consumer clientId=consumer-Consumer-topic-f4b9a163_1338_4e5d_9f4a_b46ecfe642cb-40, groupId=Consumer-topic-f4b9a163_1338_4e5d_9f4a_b46ecfe642cb] Found no committed offset for partition topic-f4b9a163_1338_4e5d_9f4a_b46ecfe642cb-0
2025-08-20 12:45:59,825 INFO  [org.apa.kaf.cli.con.int.SubscriptionState] (ForkJoinPool.commonPool-worker-1) [Consumer clientId=consumer-Consumer-topic-f4b9a163_1338_4e5d_9f4a_b46ecfe642cb-40, groupId=Consumer-topic-f4b9a163_1338_4e5d_9f4a_b46ecfe642cb] Resetting offset for partition topic-f4b9a163_1338_4e5d_9f4a_b46ecfe642cb-0 to position FetchPosition{offset=0, offsetEpoch=Optional.empty, currentLeader=LeaderAndEpoch{leader=Optional[localhost:32769 (id: 0 rack: null)], epoch=0}}.
2025-08-20 12:45:59,918 INFO  [io.api.tes.ser.api.KafkaSerdesTester] (ForkJoinPool.commonPool-worker-1) topic-f4b9a163_1338_4e5d_9f4a_b46ecfe642cb 0 0 {"key1": "value-0"}
2025-08-20 12:45:59,918 INFO  [io.api.tes.ser.api.KafkaSerdesTester] (ForkJoinPool.commonPool-worker-1) topic-f4b9a163_1338_4e5d_9f4a_b46ecfe642cb 0 1 {"key1": "value-1"}
2025-08-20 12:45:59,918 INFO  [io.api.tes.ser.api.KafkaSerdesTester] (ForkJoinPool.commonPool-worker-1) topic-f4b9a163_1338_4e5d_9f4a_b46ecfe642cb 0 2 {"key1": "value-2"}
2025-08-20 12:45:59,918 INFO  [io.api.tes.ser.api.KafkaSerdesTester] (ForkJoinPool.commonPool-worker-1) topic-f4b9a163_1338_4e5d_9f4a_b46ecfe642cb 0 3 {"key1": "value-3"}
2025-08-20 12:45:59,918 INFO  [io.api.tes.ser.api.KafkaSerdesTester] (ForkJoinPool.commonPool-worker-1) topic-f4b9a163_1338_4e5d_9f4a_b46ecfe642cb 0 4 {"key1": "value-4"}
2025-08-20 12:45:59,918 INFO  [io.api.tes.ser.api.KafkaSerdesTester] (ForkJoinPool.commonPool-worker-1) topic-f4b9a163_1338_4e5d_9f4a_b46ecfe642cb 0 5 {"key1": "value-5"}
2025-08-20 12:45:59,918 INFO  [io.api.tes.ser.api.KafkaSerdesTester] (ForkJoinPool.commonPool-worker-1) topic-f4b9a163_1338_4e5d_9f4a_b46ecfe642cb 0 6 {"key1": "value-6"}
2025-08-20 12:45:59,918 INFO  [io.api.tes.ser.api.KafkaSerdesTester] (ForkJoinPool.commonPool-worker-1) topic-f4b9a163_1338_4e5d_9f4a_b46ecfe642cb 0 7 {"key1": "value-7"}
2025-08-20 12:45:59,918 INFO  [io.api.tes.ser.api.KafkaSerdesTester] (ForkJoinPool.commonPool-worker-1) topic-f4b9a163_1338_4e5d_9f4a_b46ecfe642cb 0 8 {"key1": "value-8"}
2025-08-20 12:45:59,918 INFO  [io.api.tes.ser.api.KafkaSerdesTester] (ForkJoinPool.commonPool-worker-1) topic-f4b9a163_1338_4e5d_9f4a_b46ecfe642cb 0 9 {"key1": "value-9"}
2025-08-20 12:45:59,918 INFO  [io.api.tes.ser.api.KafkaSerdesTester] (ForkJoinPool.commonPool-worker-1) Consumed 10 messages
2025-08-20 12:45:59,925 INFO  [org.apa.kaf.cli.con.int.ConsumerRebalanceListenerInvoker] (ForkJoinPool.commonPool-worker-1) [Consumer clientId=consumer-Consumer-topic-f4b9a163_1338_4e5d_9f4a_b46ecfe642cb-40, groupId=Consumer-topic-f4b9a163_1338_4e5d_9f4a_b46ecfe642cb] Revoke previously assigned partitions topic-f4b9a163_1338_4e5d_9f4a_b46ecfe642cb-0
2025-08-20 12:45:59,925 INFO  [org.apa.kaf.cli.con.int.ConsumerCoordinator] (ForkJoinPool.commonPool-worker-1) [Consumer clientId=consumer-Consumer-topic-f4b9a163_1338_4e5d_9f4a_b46ecfe642cb-40, groupId=Consumer-topic-f4b9a163_1338_4e5d_9f4a_b46ecfe642cb] Member consumer-Consumer-topic-f4b9a163_1338_4e5d_9f4a_b46ecfe642cb-40-34c71ee4-f3cb-4bdf-801c-29e88490bbdc sending LeaveGroup request to coordinator localhost:32769 (id: 2147483647 rack: null) due to the consumer is being closed
2025-08-20 12:45:59,925 INFO  [org.apa.kaf.cli.con.int.ConsumerCoordinator] (ForkJoinPool.commonPool-worker-1) [Consumer clientId=consumer-Consumer-topic-f4b9a163_1338_4e5d_9f4a_b46ecfe642cb-40, groupId=Consumer-topic-f4b9a163_1338_4e5d_9f4a_b46ecfe642cb] Resetting generation and member id due to: consumer pro-actively leaving the group
2025-08-20 12:45:59,925 INFO  [org.apa.kaf.cli.con.int.ConsumerCoordinator] (ForkJoinPool.commonPool-worker-1) [Consumer clientId=consumer-Consumer-topic-f4b9a163_1338_4e5d_9f4a_b46ecfe642cb-40, groupId=Consumer-topic-f4b9a163_1338_4e5d_9f4a_b46ecfe642cb] Request joining group due to: consumer pro-actively leaving the group
2025-08-20 12:46:00,420 INFO  [org.apa.kaf.com.met.Metrics] (ForkJoinPool.commonPool-worker-1) Metrics scheduler closed
2025-08-20 12:46:00,421 INFO  [org.apa.kaf.com.met.Metrics] (ForkJoinPool.commonPool-worker-1) Closing reporter org.apache.kafka.common.metrics.JmxReporter
2025-08-20 12:46:00,421 INFO  [org.apa.kaf.com.met.Metrics] (ForkJoinPool.commonPool-worker-1) Closing reporter org.apache.kafka.common.telemetry.internals.ClientTelemetryReporter
2025-08-20 12:46:00,421 INFO  [org.apa.kaf.com.met.Metrics] (ForkJoinPool.commonPool-worker-1) Metrics reporters closed
2025-08-20 12:46:00,422 INFO  [org.apa.kaf.com.uti.AppInfoParser] (ForkJoinPool.commonPool-worker-1) App info kafka.consumer for consumer-Consumer-topic-f4b9a163_1338_4e5d_9f4a_b46ecfe642cb-40 unregistered
2025-08-20 12:46:00,701 INFO  [io.api.tes.ser.con.BasicConfluentSerDesIT] (main) Deleting confluent schema myrecordconfluent6
2025-08-20 12:46:00,765 INFO  [io.api.tes.uti.TestSeparator] (main) io.apicurio.tests.serdes.confluent.BasicConfluentSerDesIT.testAvroConfluentForMultipleTopics-FINISHED
2025-08-20 12:46:00,765 INFO  [io.api.tes.uti.TestSeparator] (main) ############################################################################
Test passed: testAvroConfluentForMultipleTopics
]]></system-out>
  </testcase>
  <testcase name="testAvroConfluentApicurio" classname="io.apicurio.tests.serdes.confluent.BasicConfluentSerDesIT" time="4.018">
    <system-out><![CDATA[2025-08-20 12:46:00,766 INFO  [io.api.tes.uti.TestSeparator] (main) ############################################################################
2025-08-20 12:46:00,766 INFO  [io.api.tes.uti.TestSeparator] (main) io.apicurio.tests.serdes.confluent.BasicConfluentSerDesIT.testAvroConfluentApicurio-STARTED
2025-08-20 12:46:00,883 INFO  [io.api.tes.ser.con.BasicConfluentSerDesIT] (main) Checking that created schema is equal to the get schema
2025-08-20 12:46:00,927 INFO  [io.api.tes.ser.con.BasicConfluentSerDesIT] (main) Created schema with id:113 and name:myrecordconfluent1
**** Registry Base URL: http://registry-app-ksql047.apps.ci419.apicurio-testing.org:80
2025-08-20 12:46:00,927 INFO  [org.apa.kaf.cli.pro.ProducerConfig] (main) ProducerConfig values: 
	acks = -1
	auto.include.jmx.reporter = true
	batch.size = 16384
	bootstrap.servers = [PLAINTEXT://localhost:32769]
	buffer.memory = 33554432
	client.dns.lookup = use_all_dns_ips
	client.id = Producer-topic-514ce00d_98ae_45de_929f_a391cee9e220
	compression.gzip.level = -1
	compression.lz4.level = 9
	compression.type = none
	compression.zstd.level = 3
	connections.max.idle.ms = 10000
	delivery.timeout.ms = 120000
	enable.idempotence = true
	enable.metrics.push = true
	interceptor.classes = []
	key.serializer = class org.apache.kafka.common.serialization.StringSerializer
	linger.ms = 0
	max.block.ms = 60000
	max.in.flight.requests.per.connection = 5
	max.request.size = 1048576
	metadata.max.age.ms = 300000
	metadata.max.idle.ms = 300000
	metadata.recovery.strategy = none
	metric.reporters = []
	metrics.num.samples = 2
	metrics.recording.level = INFO
	metrics.sample.window.ms = 30000
	partitioner.adaptive.partitioning.enable = true
	partitioner.availability.timeout.ms = 0
	partitioner.class = null
	partitioner.ignore.keys = false
	receive.buffer.bytes = 32768
	reconnect.backoff.max.ms = 1000
	reconnect.backoff.ms = 50
	request.timeout.ms = 5000
	retries = 2147483647
	retry.backoff.max.ms = 1000
	retry.backoff.ms = 100
	sasl.client.callback.handler.class = null
	sasl.jaas.config = null
	sasl.kerberos.kinit.cmd = /usr/bin/kinit
	sasl.kerberos.min.time.before.relogin = 60000
	sasl.kerberos.service.name = null
	sasl.kerberos.ticket.renew.jitter = 0.05
	sasl.kerberos.ticket.renew.window.factor = 0.8
	sasl.login.callback.handler.class = null
	sasl.login.class = null
	sasl.login.connect.timeout.ms = null
	sasl.login.read.timeout.ms = null
	sasl.login.refresh.buffer.seconds = 300
	sasl.login.refresh.min.period.seconds = 60
	sasl.login.refresh.window.factor = 0.8
	sasl.login.refresh.window.jitter = 0.05
	sasl.login.retry.backoff.max.ms = 10000
	sasl.login.retry.backoff.ms = 100
	sasl.mechanism = GSSAPI
	sasl.oauthbearer.clock.skew.seconds = 30
	sasl.oauthbearer.expected.audience = null
	sasl.oauthbearer.expected.issuer = null
	sasl.oauthbearer.header.urlencode = false
	sasl.oauthbearer.jwks.endpoint.refresh.ms = 3600000
	sasl.oauthbearer.jwks.endpoint.retry.backoff.max.ms = 10000
	sasl.oauthbearer.jwks.endpoint.retry.backoff.ms = 100
	sasl.oauthbearer.jwks.endpoint.url = null
	sasl.oauthbearer.scope.claim.name = scope
	sasl.oauthbearer.sub.claim.name = sub
	sasl.oauthbearer.token.endpoint.url = null
	security.protocol = PLAINTEXT
	security.providers = null
	send.buffer.bytes = 131072
	socket.connection.setup.timeout.max.ms = 30000
	socket.connection.setup.timeout.ms = 10000
	ssl.cipher.suites = null
	ssl.enabled.protocols = [TLSv1.2, TLSv1.3]
	ssl.endpoint.identification.algorithm = https
	ssl.engine.factory.class = null
	ssl.key.password = null
	ssl.keymanager.algorithm = SunX509
	ssl.keystore.certificate.chain = null
	ssl.keystore.key = null
	ssl.keystore.location = null
	ssl.keystore.password = null
	ssl.keystore.type = JKS
	ssl.protocol = TLSv1.3
	ssl.provider = null
	ssl.secure.random.implementation = null
	ssl.trustmanager.algorithm = PKIX
	ssl.truststore.certificates = null
	ssl.truststore.location = null
	ssl.truststore.password = null
	ssl.truststore.type = JKS
	transaction.timeout.ms = 60000
	transactional.id = null
	value.serializer = class io.confluent.kafka.serializers.KafkaAvroSerializer

2025-08-20 12:46:00,928 INFO  [org.apa.kaf.com.tel.int.KafkaMetricsCollector] (main) initializing Kafka metrics collector
2025-08-20 12:46:00,928 INFO  [io.con.kaf.ser.KafkaAvroSerializerConfig] (main) KafkaAvroSerializerConfig values: 
	auto.register.schemas = false
	avro.reflection.allow.null = false
	avro.remove.java.properties = false
	avro.use.logical.type.converters = false
	basic.auth.credentials.source = URL
	basic.auth.user.info = [hidden]
	bearer.auth.cache.expiry.buffer.seconds = 300
	bearer.auth.client.id = null
	bearer.auth.client.secret = null
	bearer.auth.credentials.source = STATIC_TOKEN
	bearer.auth.custom.provider.class = null
	bearer.auth.identity.pool.id = null
	bearer.auth.issuer.endpoint.url = null
	bearer.auth.logical.cluster = null
	bearer.auth.scope = null
	bearer.auth.scope.claim.name = scope
	bearer.auth.sub.claim.name = sub
	bearer.auth.token = [hidden]
	context.name.strategy = class io.confluent.kafka.serializers.context.NullContextNameStrategy
	http.connect.timeout.ms = 60000
	http.read.timeout.ms = 60000
	id.compatibility.strict = true
	key.schema.id.deserializer = class io.confluent.kafka.serializers.schema.id.DualSchemaIdDeserializer
	key.schema.id.serializer = class io.confluent.kafka.serializers.schema.id.PrefixSchemaIdSerializer
	key.subject.name.strategy = class io.confluent.kafka.serializers.subject.TopicNameStrategy
	latest.cache.size = 1000
	latest.cache.ttl.sec = -1
	latest.compatibility.strict = true
	max.retries = 3
	max.schemas.per.subject = 1000
	normalize.schemas = false
	propagate.schema.tags = false
	proxy.host = 
	proxy.port = -1
	retries.max.wait.ms = 20000
	retries.wait.ms = 1000
	rule.actions = []
	rule.executors = []
	rule.service.loader.enable = true
	schema.format = null
	schema.reflection = false
	schema.registry.basic.auth.user.info = [hidden]
	schema.registry.ssl.cipher.suites = null
	schema.registry.ssl.enabled.protocols = [TLSv1.2, TLSv1.3]
	schema.registry.ssl.endpoint.identification.algorithm = https
	schema.registry.ssl.engine.factory.class = null
	schema.registry.ssl.key.password = null
	schema.registry.ssl.keymanager.algorithm = SunX509
	schema.registry.ssl.keystore.certificate.chain = null
	schema.registry.ssl.keystore.key = null
	schema.registry.ssl.keystore.location = null
	schema.registry.ssl.keystore.password = null
	schema.registry.ssl.keystore.type = JKS
	schema.registry.ssl.protocol = TLSv1.3
	schema.registry.ssl.provider = null
	schema.registry.ssl.secure.random.implementation = null
	schema.registry.ssl.trustmanager.algorithm = PKIX
	schema.registry.ssl.truststore.certificates = null
	schema.registry.ssl.truststore.location = null
	schema.registry.ssl.truststore.password = null
	schema.registry.ssl.truststore.type = JKS
	schema.registry.url = [http://registry-app-ksql047.apps.ci419.apicurio-testing.org:80/apis/ccompat/v7]
	schema.registry.url.randomize = false
	use.latest.version = false
	use.latest.with.metadata = null
	use.schema.id = -1
	value.schema.id.deserializer = class io.confluent.kafka.serializers.schema.id.DualSchemaIdDeserializer
	value.schema.id.serializer = class io.confluent.kafka.serializers.schema.id.PrefixSchemaIdSerializer
	value.subject.name.strategy = class io.confluent.kafka.serializers.subject.TopicNameStrategy

2025-08-20 12:46:00,929 INFO  [org.apa.kaf.cli.pro.KafkaProducer] (main) [Producer clientId=Producer-topic-514ce00d_98ae_45de_929f_a391cee9e220] Instantiated an idempotent producer.
2025-08-20 12:46:00,930 INFO  [org.apa.kaf.cli.pro.ProducerConfig] (main) These configurations '[schema.registry.url, auto.register.schemas, value.subject.name.strategy]' were supplied but are not used yet.
2025-08-20 12:46:00,930 INFO  [org.apa.kaf.com.uti.AppInfoParser] (main) Kafka version: 3.9.1
2025-08-20 12:46:00,930 INFO  [org.apa.kaf.com.uti.AppInfoParser] (main) Kafka commitId: f745dfdcee2b9851
2025-08-20 12:46:00,930 INFO  [org.apa.kaf.com.uti.AppInfoParser] (main) Kafka startTimeMs: 1755693960930
2025-08-20 12:46:00,930 INFO  [io.api.tes.ser.api.SimpleSerdesTesterBuilder$SimpleSerdesTester] (main) Using producer configuration: {schema.registry.url=http://registry-app-ksql047.apps.ci419.apicurio-testing.org:80/apis/ccompat/v7, value.serializer=io.confluent.kafka.serializers.KafkaAvroSerializer, request.timeout.ms=5000, auto.register.schemas=false, acks=all, bootstrap.servers=PLAINTEXT://localhost:32769, connections.max.idle.ms=10000, key.serializer=org.apache.kafka.common.serialization.StringSerializer, value.subject.name.strategy=io.confluent.kafka.serializers.subject.TopicNameStrategy, client.id=Producer-topic-514ce00d_98ae_45de_929f_a391cee9e220}
2025-08-20 12:46:00,930 INFO  [io.api.tes.ser.api.SimpleSerdesTesterBuilder$SimpleSerdesTester] (main) Using consumer configuration: {}
2025-08-20 12:46:00,931 INFO  [io.api.tes.ser.api.KafkaSerdesTester] (ForkJoinPool.commonPool-worker-1) Sending message {"key1": "value-0"} to topic topic-514ce00d_98ae_45de_929f_a391cee9e220
2025-08-20 12:46:00,933 INFO  [org.apa.kaf.cli.Metadata] (kafka-producer-network-thread | Producer-topic-514ce00d_98ae_45de_929f_a391cee9e220) [Producer clientId=Producer-topic-514ce00d_98ae_45de_929f_a391cee9e220] Cluster ID: EQyFwMkXTJ-zd_jVgBIUnQ
2025-08-20 12:46:00,933 INFO  [org.apa.kaf.cli.pro.int.TransactionManager] (kafka-producer-network-thread | Producer-topic-514ce00d_98ae_45de_929f_a391cee9e220) [Producer clientId=Producer-topic-514ce00d_98ae_45de_929f_a391cee9e220] ProducerId set to 54 with epoch 0
2025-08-20 12:46:00,977 INFO  [io.api.tes.ser.api.KafkaSerdesTester] (ForkJoinPool.commonPool-worker-1) Sending message {"key1": "value-1"} to topic topic-514ce00d_98ae_45de_929f_a391cee9e220
2025-08-20 12:46:00,979 INFO  [io.api.tes.ser.api.KafkaSerdesTester] (ForkJoinPool.commonPool-worker-1) Sending message {"key1": "value-2"} to topic topic-514ce00d_98ae_45de_929f_a391cee9e220
2025-08-20 12:46:00,980 INFO  [io.api.tes.ser.api.KafkaSerdesTester] (ForkJoinPool.commonPool-worker-1) Sending message {"key1": "value-3"} to topic topic-514ce00d_98ae_45de_929f_a391cee9e220
2025-08-20 12:46:00,981 INFO  [io.api.tes.ser.api.KafkaSerdesTester] (ForkJoinPool.commonPool-worker-1) Sending message {"key1": "value-4"} to topic topic-514ce00d_98ae_45de_929f_a391cee9e220
2025-08-20 12:46:00,982 INFO  [io.api.tes.ser.api.KafkaSerdesTester] (ForkJoinPool.commonPool-worker-1) Sending message {"key1": "value-5"} to topic topic-514ce00d_98ae_45de_929f_a391cee9e220
2025-08-20 12:46:00,983 INFO  [io.api.tes.ser.api.KafkaSerdesTester] (ForkJoinPool.commonPool-worker-1) Sending message {"key1": "value-6"} to topic topic-514ce00d_98ae_45de_929f_a391cee9e220
2025-08-20 12:46:00,984 INFO  [io.api.tes.ser.api.KafkaSerdesTester] (ForkJoinPool.commonPool-worker-1) Sending message {"key1": "value-7"} to topic topic-514ce00d_98ae_45de_929f_a391cee9e220
2025-08-20 12:46:00,985 INFO  [io.api.tes.ser.api.KafkaSerdesTester] (ForkJoinPool.commonPool-worker-1) Sending message {"key1": "value-8"} to topic topic-514ce00d_98ae_45de_929f_a391cee9e220
2025-08-20 12:46:00,986 INFO  [io.api.tes.ser.api.KafkaSerdesTester] (ForkJoinPool.commonPool-worker-1) Sending message {"key1": "value-9"} to topic topic-514ce00d_98ae_45de_929f_a391cee9e220
2025-08-20 12:46:00,986 INFO  [io.api.tes.ser.api.KafkaSerdesTester] (ForkJoinPool.commonPool-worker-1) Produced 10 messages
2025-08-20 12:46:00,986 INFO  [org.apa.kaf.cli.pro.KafkaProducer] (ForkJoinPool.commonPool-worker-1) [Producer clientId=Producer-topic-514ce00d_98ae_45de_929f_a391cee9e220] Closing the Kafka producer with timeoutMillis = 9223372036854775807 ms.
2025-08-20 12:46:00,987 INFO  [org.apa.kaf.com.met.Metrics] (ForkJoinPool.commonPool-worker-1) Metrics scheduler closed
2025-08-20 12:46:00,987 INFO  [org.apa.kaf.com.met.Metrics] (ForkJoinPool.commonPool-worker-1) Closing reporter org.apache.kafka.common.metrics.JmxReporter
2025-08-20 12:46:00,987 INFO  [org.apa.kaf.com.met.Metrics] (ForkJoinPool.commonPool-worker-1) Closing reporter org.apache.kafka.common.telemetry.internals.ClientTelemetryReporter
2025-08-20 12:46:00,987 INFO  [org.apa.kaf.com.met.Metrics] (ForkJoinPool.commonPool-worker-1) Metrics reporters closed
2025-08-20 12:46:00,988 INFO  [org.apa.kaf.com.uti.AppInfoParser] (ForkJoinPool.commonPool-worker-1) App info kafka.producer for Producer-topic-514ce00d_98ae_45de_929f_a391cee9e220 unregistered
**** Registry Base URL: http://registry-app-ksql047.apps.ci419.apicurio-testing.org:80
2025-08-20 12:46:00,988 INFO  [org.apa.kaf.cli.con.ConsumerConfig] (main) ConsumerConfig values: 
	allow.auto.create.topics = true
	auto.commit.interval.ms = 500
	auto.include.jmx.reporter = true
	auto.offset.reset = earliest
	bootstrap.servers = [PLAINTEXT://localhost:32769]
	check.crcs = true
	client.dns.lookup = use_all_dns_ips
	client.id = consumer-Consumer-topic-514ce00d_98ae_45de_929f_a391cee9e220-41
	client.rack = 
	connections.max.idle.ms = 10000
	default.api.timeout.ms = 60000
	enable.auto.commit = true
	enable.metrics.push = true
	exclude.internal.topics = true
	fetch.max.bytes = 52428800
	fetch.max.wait.ms = 500
	fetch.min.bytes = 1
	group.id = Consumer-topic-514ce00d_98ae_45de_929f_a391cee9e220
	group.instance.id = null
	group.protocol = classic
	group.remote.assignor = null
	heartbeat.interval.ms = 3000
	interceptor.classes = []
	internal.leave.group.on.close = true
	internal.throw.on.fetch.stable.offset.unsupported = false
	isolation.level = read_uncommitted
	key.deserializer = class org.apache.kafka.common.serialization.StringDeserializer
	max.partition.fetch.bytes = 1048576
	max.poll.interval.ms = 300000
	max.poll.records = 500
	metadata.max.age.ms = 300000
	metadata.recovery.strategy = none
	metric.reporters = []
	metrics.num.samples = 2
	metrics.recording.level = INFO
	metrics.sample.window.ms = 30000
	partition.assignment.strategy = [class org.apache.kafka.clients.consumer.RangeAssignor, class org.apache.kafka.clients.consumer.CooperativeStickyAssignor]
	receive.buffer.bytes = 65536
	reconnect.backoff.max.ms = 1000
	reconnect.backoff.ms = 50
	request.timeout.ms = 5000
	retry.backoff.max.ms = 1000
	retry.backoff.ms = 100
	sasl.client.callback.handler.class = null
	sasl.jaas.config = null
	sasl.kerberos.kinit.cmd = /usr/bin/kinit
	sasl.kerberos.min.time.before.relogin = 60000
	sasl.kerberos.service.name = null
	sasl.kerberos.ticket.renew.jitter = 0.05
	sasl.kerberos.ticket.renew.window.factor = 0.8
	sasl.login.callback.handler.class = null
	sasl.login.class = null
	sasl.login.connect.timeout.ms = null
	sasl.login.read.timeout.ms = null
	sasl.login.refresh.buffer.seconds = 300
	sasl.login.refresh.min.period.seconds = 60
	sasl.login.refresh.window.factor = 0.8
	sasl.login.refresh.window.jitter = 0.05
	sasl.login.retry.backoff.max.ms = 10000
	sasl.login.retry.backoff.ms = 100
	sasl.mechanism = GSSAPI
	sasl.oauthbearer.clock.skew.seconds = 30
	sasl.oauthbearer.expected.audience = null
	sasl.oauthbearer.expected.issuer = null
	sasl.oauthbearer.header.urlencode = false
	sasl.oauthbearer.jwks.endpoint.refresh.ms = 3600000
	sasl.oauthbearer.jwks.endpoint.retry.backoff.max.ms = 10000
	sasl.oauthbearer.jwks.endpoint.retry.backoff.ms = 100
	sasl.oauthbearer.jwks.endpoint.url = null
	sasl.oauthbearer.scope.claim.name = scope
	sasl.oauthbearer.sub.claim.name = sub
	sasl.oauthbearer.token.endpoint.url = null
	security.protocol = PLAINTEXT
	security.providers = null
	send.buffer.bytes = 131072
	session.timeout.ms = 45000
	socket.connection.setup.timeout.max.ms = 30000
	socket.connection.setup.timeout.ms = 10000
	ssl.cipher.suites = null
	ssl.enabled.protocols = [TLSv1.2, TLSv1.3]
	ssl.endpoint.identification.algorithm = https
	ssl.engine.factory.class = null
	ssl.key.password = null
	ssl.keymanager.algorithm = SunX509
	ssl.keystore.certificate.chain = null
	ssl.keystore.key = null
	ssl.keystore.location = null
	ssl.keystore.password = null
	ssl.keystore.type = JKS
	ssl.protocol = TLSv1.3
	ssl.provider = null
	ssl.secure.random.implementation = null
	ssl.trustmanager.algorithm = PKIX
	ssl.truststore.certificates = null
	ssl.truststore.location = null
	ssl.truststore.password = null
	ssl.truststore.type = JKS
	value.deserializer = class io.apicurio.registry.serde.avro.AvroKafkaDeserializer

2025-08-20 12:46:00,988 INFO  [org.apa.kaf.com.tel.int.KafkaMetricsCollector] (main) initializing Kafka metrics collector
2025-08-20 12:46:00,992 INFO  [org.apa.kaf.cli.con.ConsumerConfig] (main) These configurations '[apicurio.registry.url]' were supplied but are not used yet.
2025-08-20 12:46:00,992 INFO  [org.apa.kaf.com.uti.AppInfoParser] (main) Kafka version: 3.9.1
2025-08-20 12:46:00,992 INFO  [org.apa.kaf.com.uti.AppInfoParser] (main) Kafka commitId: f745dfdcee2b9851
2025-08-20 12:46:00,992 INFO  [org.apa.kaf.com.uti.AppInfoParser] (main) Kafka startTimeMs: 1755693960992
2025-08-20 12:46:00,992 INFO  [org.apa.kaf.cli.con.int.ClassicKafkaConsumer] (ForkJoinPool.commonPool-worker-1) [Consumer clientId=consumer-Consumer-topic-514ce00d_98ae_45de_929f_a391cee9e220-41, groupId=Consumer-topic-514ce00d_98ae_45de_929f_a391cee9e220] Subscribed to topic(s): topic-514ce00d_98ae_45de_929f_a391cee9e220
2025-08-20 12:46:00,995 INFO  [org.apa.kaf.cli.Metadata] (ForkJoinPool.commonPool-worker-1) [Consumer clientId=consumer-Consumer-topic-514ce00d_98ae_45de_929f_a391cee9e220-41, groupId=Consumer-topic-514ce00d_98ae_45de_929f_a391cee9e220] Cluster ID: EQyFwMkXTJ-zd_jVgBIUnQ
2025-08-20 12:46:00,995 INFO  [org.apa.kaf.cli.con.int.ConsumerCoordinator] (ForkJoinPool.commonPool-worker-1) [Consumer clientId=consumer-Consumer-topic-514ce00d_98ae_45de_929f_a391cee9e220-41, groupId=Consumer-topic-514ce00d_98ae_45de_929f_a391cee9e220] Discovered group coordinator localhost:32769 (id: 2147483647 rack: null)
2025-08-20 12:46:00,996 INFO  [org.apa.kaf.cli.con.int.ConsumerCoordinator] (ForkJoinPool.commonPool-worker-1) [Consumer clientId=consumer-Consumer-topic-514ce00d_98ae_45de_929f_a391cee9e220-41, groupId=Consumer-topic-514ce00d_98ae_45de_929f_a391cee9e220] (Re-)joining group
2025-08-20 12:46:00,997 INFO  [org.apa.kaf.cli.con.int.ConsumerCoordinator] (ForkJoinPool.commonPool-worker-1) [Consumer clientId=consumer-Consumer-topic-514ce00d_98ae_45de_929f_a391cee9e220-41, groupId=Consumer-topic-514ce00d_98ae_45de_929f_a391cee9e220] Request joining group due to: need to re-join with the given member-id: consumer-Consumer-topic-514ce00d_98ae_45de_929f_a391cee9e220-41-e09c9d3e-64a9-4116-83df-95b93681f2aa
2025-08-20 12:46:00,997 INFO  [org.apa.kaf.cli.con.int.ConsumerCoordinator] (ForkJoinPool.commonPool-worker-1) [Consumer clientId=consumer-Consumer-topic-514ce00d_98ae_45de_929f_a391cee9e220-41, groupId=Consumer-topic-514ce00d_98ae_45de_929f_a391cee9e220] (Re-)joining group
2025-08-20 12:46:01,993 INFO  [io.api.tes.ser.api.KafkaSerdesTester] (ForkJoinPool.commonPool-worker-1) None found
2025-08-20 12:46:02,993 INFO  [io.api.tes.ser.api.KafkaSerdesTester] (ForkJoinPool.commonPool-worker-1) None found
2025-08-20 12:46:03,993 INFO  [io.api.tes.ser.api.KafkaSerdesTester] (ForkJoinPool.commonPool-worker-1) None found
2025-08-20 12:46:03,998 INFO  [org.apa.kaf.cli.con.int.ConsumerCoordinator] (ForkJoinPool.commonPool-worker-1) [Consumer clientId=consumer-Consumer-topic-514ce00d_98ae_45de_929f_a391cee9e220-41, groupId=Consumer-topic-514ce00d_98ae_45de_929f_a391cee9e220] Successfully joined group with generation Generation{generationId=1, memberId='consumer-Consumer-topic-514ce00d_98ae_45de_929f_a391cee9e220-41-e09c9d3e-64a9-4116-83df-95b93681f2aa', protocol='range'}
2025-08-20 12:46:03,999 INFO  [org.apa.kaf.cli.con.int.ConsumerCoordinator] (ForkJoinPool.commonPool-worker-1) [Consumer clientId=consumer-Consumer-topic-514ce00d_98ae_45de_929f_a391cee9e220-41, groupId=Consumer-topic-514ce00d_98ae_45de_929f_a391cee9e220] Finished assignment for group at generation 1: {consumer-Consumer-topic-514ce00d_98ae_45de_929f_a391cee9e220-41-e09c9d3e-64a9-4116-83df-95b93681f2aa=Assignment(partitions=[topic-514ce00d_98ae_45de_929f_a391cee9e220-0])}
2025-08-20 12:46:04,005 INFO  [org.apa.kaf.cli.con.int.ConsumerCoordinator] (ForkJoinPool.commonPool-worker-1) [Consumer clientId=consumer-Consumer-topic-514ce00d_98ae_45de_929f_a391cee9e220-41, groupId=Consumer-topic-514ce00d_98ae_45de_929f_a391cee9e220] Successfully synced group in generation Generation{generationId=1, memberId='consumer-Consumer-topic-514ce00d_98ae_45de_929f_a391cee9e220-41-e09c9d3e-64a9-4116-83df-95b93681f2aa', protocol='range'}
2025-08-20 12:46:04,005 INFO  [org.apa.kaf.cli.con.int.ConsumerCoordinator] (ForkJoinPool.commonPool-worker-1) [Consumer clientId=consumer-Consumer-topic-514ce00d_98ae_45de_929f_a391cee9e220-41, groupId=Consumer-topic-514ce00d_98ae_45de_929f_a391cee9e220] Notifying assignor about the new Assignment(partitions=[topic-514ce00d_98ae_45de_929f_a391cee9e220-0])
2025-08-20 12:46:04,005 INFO  [org.apa.kaf.cli.con.int.ConsumerRebalanceListenerInvoker] (ForkJoinPool.commonPool-worker-1) [Consumer clientId=consumer-Consumer-topic-514ce00d_98ae_45de_929f_a391cee9e220-41, groupId=Consumer-topic-514ce00d_98ae_45de_929f_a391cee9e220] Adding newly assigned partitions: topic-514ce00d_98ae_45de_929f_a391cee9e220-0
2025-08-20 12:46:04,005 INFO  [org.apa.kaf.cli.con.int.ConsumerCoordinator] (ForkJoinPool.commonPool-worker-1) [Consumer clientId=consumer-Consumer-topic-514ce00d_98ae_45de_929f_a391cee9e220-41, groupId=Consumer-topic-514ce00d_98ae_45de_929f_a391cee9e220] Found no committed offset for partition topic-514ce00d_98ae_45de_929f_a391cee9e220-0
2025-08-20 12:46:04,007 INFO  [org.apa.kaf.cli.con.int.SubscriptionState] (ForkJoinPool.commonPool-worker-1) [Consumer clientId=consumer-Consumer-topic-514ce00d_98ae_45de_929f_a391cee9e220-41, groupId=Consumer-topic-514ce00d_98ae_45de_929f_a391cee9e220] Resetting offset for partition topic-514ce00d_98ae_45de_929f_a391cee9e220-0 to position FetchPosition{offset=0, offsetEpoch=Optional.empty, currentLeader=LeaderAndEpoch{leader=Optional[localhost:32769 (id: 0 rack: null)], epoch=0}}.
2025-08-20 12:46:04,137 INFO  [io.api.tes.ser.api.KafkaSerdesTester] (ForkJoinPool.commonPool-worker-1) topic-514ce00d_98ae_45de_929f_a391cee9e220 0 0 {"key1": "value-0"}
2025-08-20 12:46:04,137 INFO  [io.api.tes.ser.api.KafkaSerdesTester] (ForkJoinPool.commonPool-worker-1) topic-514ce00d_98ae_45de_929f_a391cee9e220 0 1 {"key1": "value-1"}
2025-08-20 12:46:04,137 INFO  [io.api.tes.ser.api.KafkaSerdesTester] (ForkJoinPool.commonPool-worker-1) topic-514ce00d_98ae_45de_929f_a391cee9e220 0 2 {"key1": "value-2"}
2025-08-20 12:46:04,137 INFO  [io.api.tes.ser.api.KafkaSerdesTester] (ForkJoinPool.commonPool-worker-1) topic-514ce00d_98ae_45de_929f_a391cee9e220 0 3 {"key1": "value-3"}
2025-08-20 12:46:04,137 INFO  [io.api.tes.ser.api.KafkaSerdesTester] (ForkJoinPool.commonPool-worker-1) topic-514ce00d_98ae_45de_929f_a391cee9e220 0 4 {"key1": "value-4"}
2025-08-20 12:46:04,137 INFO  [io.api.tes.ser.api.KafkaSerdesTester] (ForkJoinPool.commonPool-worker-1) topic-514ce00d_98ae_45de_929f_a391cee9e220 0 5 {"key1": "value-5"}
2025-08-20 12:46:04,137 INFO  [io.api.tes.ser.api.KafkaSerdesTester] (ForkJoinPool.commonPool-worker-1) topic-514ce00d_98ae_45de_929f_a391cee9e220 0 6 {"key1": "value-6"}
2025-08-20 12:46:04,137 INFO  [io.api.tes.ser.api.KafkaSerdesTester] (ForkJoinPool.commonPool-worker-1) topic-514ce00d_98ae_45de_929f_a391cee9e220 0 7 {"key1": "value-7"}
2025-08-20 12:46:04,137 INFO  [io.api.tes.ser.api.KafkaSerdesTester] (ForkJoinPool.commonPool-worker-1) topic-514ce00d_98ae_45de_929f_a391cee9e220 0 8 {"key1": "value-8"}
2025-08-20 12:46:04,137 INFO  [io.api.tes.ser.api.KafkaSerdesTester] (ForkJoinPool.commonPool-worker-1) topic-514ce00d_98ae_45de_929f_a391cee9e220 0 9 {"key1": "value-9"}
2025-08-20 12:46:04,137 INFO  [io.api.tes.ser.api.KafkaSerdesTester] (ForkJoinPool.commonPool-worker-1) Consumed 10 messages
2025-08-20 12:46:04,143 INFO  [org.apa.kaf.cli.con.int.ConsumerRebalanceListenerInvoker] (ForkJoinPool.commonPool-worker-1) [Consumer clientId=consumer-Consumer-topic-514ce00d_98ae_45de_929f_a391cee9e220-41, groupId=Consumer-topic-514ce00d_98ae_45de_929f_a391cee9e220] Revoke previously assigned partitions topic-514ce00d_98ae_45de_929f_a391cee9e220-0
2025-08-20 12:46:04,144 INFO  [org.apa.kaf.cli.con.int.ConsumerCoordinator] (ForkJoinPool.commonPool-worker-1) [Consumer clientId=consumer-Consumer-topic-514ce00d_98ae_45de_929f_a391cee9e220-41, groupId=Consumer-topic-514ce00d_98ae_45de_929f_a391cee9e220] Member consumer-Consumer-topic-514ce00d_98ae_45de_929f_a391cee9e220-41-e09c9d3e-64a9-4116-83df-95b93681f2aa sending LeaveGroup request to coordinator localhost:32769 (id: 2147483647 rack: null) due to the consumer is being closed
2025-08-20 12:46:04,144 INFO  [org.apa.kaf.cli.con.int.ConsumerCoordinator] (ForkJoinPool.commonPool-worker-1) [Consumer clientId=consumer-Consumer-topic-514ce00d_98ae_45de_929f_a391cee9e220-41, groupId=Consumer-topic-514ce00d_98ae_45de_929f_a391cee9e220] Resetting generation and member id due to: consumer pro-actively leaving the group
2025-08-20 12:46:04,144 INFO  [org.apa.kaf.cli.con.int.ConsumerCoordinator] (ForkJoinPool.commonPool-worker-1) [Consumer clientId=consumer-Consumer-topic-514ce00d_98ae_45de_929f_a391cee9e220-41, groupId=Consumer-topic-514ce00d_98ae_45de_929f_a391cee9e220] Request joining group due to: consumer pro-actively leaving the group
2025-08-20 12:46:04,639 INFO  [org.apa.kaf.com.met.Metrics] (ForkJoinPool.commonPool-worker-1) Metrics scheduler closed
2025-08-20 12:46:04,639 INFO  [org.apa.kaf.com.met.Metrics] (ForkJoinPool.commonPool-worker-1) Closing reporter org.apache.kafka.common.metrics.JmxReporter
2025-08-20 12:46:04,639 INFO  [org.apa.kaf.com.met.Metrics] (ForkJoinPool.commonPool-worker-1) Closing reporter org.apache.kafka.common.telemetry.internals.ClientTelemetryReporter
2025-08-20 12:46:04,639 INFO  [org.apa.kaf.com.met.Metrics] (ForkJoinPool.commonPool-worker-1) Metrics reporters closed
2025-08-20 12:46:04,641 INFO  [org.apa.kaf.com.uti.AppInfoParser] (ForkJoinPool.commonPool-worker-1) App info kafka.consumer for consumer-Consumer-topic-514ce00d_98ae_45de_929f_a391cee9e220-41 unregistered
2025-08-20 12:46:04,719 INFO  [io.api.tes.ser.con.BasicConfluentSerDesIT] (main) Deleting confluent schema topic-514ce00d_98ae_45de_929f_a391cee9e220-value
2025-08-20 12:46:04,784 INFO  [io.api.tes.uti.TestSeparator] (main) io.apicurio.tests.serdes.confluent.BasicConfluentSerDesIT.testAvroConfluentApicurio-FINISHED
2025-08-20 12:46:04,784 INFO  [io.api.tes.uti.TestSeparator] (main) ############################################################################
Test passed: testAvroConfluentApicurio
]]></system-out>
  </testcase>
  <testcase name="testAvroConfluentSerDesWrongStrategyTopic" classname="io.apicurio.tests.serdes.confluent.BasicConfluentSerDesIT" time="0.357">
    <system-out><![CDATA[2025-08-20 12:46:04,785 INFO  [io.api.tes.uti.TestSeparator] (main) ############################################################################
2025-08-20 12:46:04,785 INFO  [io.api.tes.uti.TestSeparator] (main) io.apicurio.tests.serdes.confluent.BasicConfluentSerDesIT.testAvroConfluentSerDesWrongStrategyTopic-STARTED
2025-08-20 12:46:04,908 INFO  [io.api.tes.ser.con.BasicConfluentSerDesIT] (main) Checking that created schema is equal to the get schema
2025-08-20 12:46:04,947 INFO  [io.api.tes.ser.con.BasicConfluentSerDesIT] (main) Created schema with id:114 and name:myrecordconfluent3
**** Registry Base URL: http://registry-app-ksql047.apps.ci419.apicurio-testing.org:80
2025-08-20 12:46:04,948 INFO  [org.apa.kaf.cli.pro.ProducerConfig] (main) ProducerConfig values: 
	acks = -1
	auto.include.jmx.reporter = true
	batch.size = 16384
	bootstrap.servers = [PLAINTEXT://localhost:32769]
	buffer.memory = 33554432
	client.dns.lookup = use_all_dns_ips
	client.id = Producer-topic-572b87d0_ab36_4f24_b16e_2e9f63ca9040
	compression.gzip.level = -1
	compression.lz4.level = 9
	compression.type = none
	compression.zstd.level = 3
	connections.max.idle.ms = 10000
	delivery.timeout.ms = 120000
	enable.idempotence = true
	enable.metrics.push = true
	interceptor.classes = []
	key.serializer = class org.apache.kafka.common.serialization.StringSerializer
	linger.ms = 0
	max.block.ms = 60000
	max.in.flight.requests.per.connection = 5
	max.request.size = 1048576
	metadata.max.age.ms = 300000
	metadata.max.idle.ms = 300000
	metadata.recovery.strategy = none
	metric.reporters = []
	metrics.num.samples = 2
	metrics.recording.level = INFO
	metrics.sample.window.ms = 30000
	partitioner.adaptive.partitioning.enable = true
	partitioner.availability.timeout.ms = 0
	partitioner.class = null
	partitioner.ignore.keys = false
	receive.buffer.bytes = 32768
	reconnect.backoff.max.ms = 1000
	reconnect.backoff.ms = 50
	request.timeout.ms = 5000
	retries = 2147483647
	retry.backoff.max.ms = 1000
	retry.backoff.ms = 100
	sasl.client.callback.handler.class = null
	sasl.jaas.config = null
	sasl.kerberos.kinit.cmd = /usr/bin/kinit
	sasl.kerberos.min.time.before.relogin = 60000
	sasl.kerberos.service.name = null
	sasl.kerberos.ticket.renew.jitter = 0.05
	sasl.kerberos.ticket.renew.window.factor = 0.8
	sasl.login.callback.handler.class = null
	sasl.login.class = null
	sasl.login.connect.timeout.ms = null
	sasl.login.read.timeout.ms = null
	sasl.login.refresh.buffer.seconds = 300
	sasl.login.refresh.min.period.seconds = 60
	sasl.login.refresh.window.factor = 0.8
	sasl.login.refresh.window.jitter = 0.05
	sasl.login.retry.backoff.max.ms = 10000
	sasl.login.retry.backoff.ms = 100
	sasl.mechanism = GSSAPI
	sasl.oauthbearer.clock.skew.seconds = 30
	sasl.oauthbearer.expected.audience = null
	sasl.oauthbearer.expected.issuer = null
	sasl.oauthbearer.header.urlencode = false
	sasl.oauthbearer.jwks.endpoint.refresh.ms = 3600000
	sasl.oauthbearer.jwks.endpoint.retry.backoff.max.ms = 10000
	sasl.oauthbearer.jwks.endpoint.retry.backoff.ms = 100
	sasl.oauthbearer.jwks.endpoint.url = null
	sasl.oauthbearer.scope.claim.name = scope
	sasl.oauthbearer.sub.claim.name = sub
	sasl.oauthbearer.token.endpoint.url = null
	security.protocol = PLAINTEXT
	security.providers = null
	send.buffer.bytes = 131072
	socket.connection.setup.timeout.max.ms = 30000
	socket.connection.setup.timeout.ms = 10000
	ssl.cipher.suites = null
	ssl.enabled.protocols = [TLSv1.2, TLSv1.3]
	ssl.endpoint.identification.algorithm = https
	ssl.engine.factory.class = null
	ssl.key.password = null
	ssl.keymanager.algorithm = SunX509
	ssl.keystore.certificate.chain = null
	ssl.keystore.key = null
	ssl.keystore.location = null
	ssl.keystore.password = null
	ssl.keystore.type = JKS
	ssl.protocol = TLSv1.3
	ssl.provider = null
	ssl.secure.random.implementation = null
	ssl.trustmanager.algorithm = PKIX
	ssl.truststore.certificates = null
	ssl.truststore.location = null
	ssl.truststore.password = null
	ssl.truststore.type = JKS
	transaction.timeout.ms = 60000
	transactional.id = null
	value.serializer = class io.confluent.kafka.serializers.KafkaAvroSerializer

2025-08-20 12:46:04,948 INFO  [org.apa.kaf.com.tel.int.KafkaMetricsCollector] (main) initializing Kafka metrics collector
2025-08-20 12:46:04,948 INFO  [io.con.kaf.ser.KafkaAvroSerializerConfig] (main) KafkaAvroSerializerConfig values: 
	auto.register.schemas = false
	avro.reflection.allow.null = false
	avro.remove.java.properties = false
	avro.use.logical.type.converters = false
	basic.auth.credentials.source = URL
	basic.auth.user.info = [hidden]
	bearer.auth.cache.expiry.buffer.seconds = 300
	bearer.auth.client.id = null
	bearer.auth.client.secret = null
	bearer.auth.credentials.source = STATIC_TOKEN
	bearer.auth.custom.provider.class = null
	bearer.auth.identity.pool.id = null
	bearer.auth.issuer.endpoint.url = null
	bearer.auth.logical.cluster = null
	bearer.auth.scope = null
	bearer.auth.scope.claim.name = scope
	bearer.auth.sub.claim.name = sub
	bearer.auth.token = [hidden]
	context.name.strategy = class io.confluent.kafka.serializers.context.NullContextNameStrategy
	http.connect.timeout.ms = 60000
	http.read.timeout.ms = 60000
	id.compatibility.strict = true
	key.schema.id.deserializer = class io.confluent.kafka.serializers.schema.id.DualSchemaIdDeserializer
	key.schema.id.serializer = class io.confluent.kafka.serializers.schema.id.PrefixSchemaIdSerializer
	key.subject.name.strategy = class io.confluent.kafka.serializers.subject.TopicNameStrategy
	latest.cache.size = 1000
	latest.cache.ttl.sec = -1
	latest.compatibility.strict = true
	max.retries = 3
	max.schemas.per.subject = 1000
	normalize.schemas = false
	propagate.schema.tags = false
	proxy.host = 
	proxy.port = -1
	retries.max.wait.ms = 20000
	retries.wait.ms = 1000
	rule.actions = []
	rule.executors = []
	rule.service.loader.enable = true
	schema.format = null
	schema.reflection = false
	schema.registry.basic.auth.user.info = [hidden]
	schema.registry.ssl.cipher.suites = null
	schema.registry.ssl.enabled.protocols = [TLSv1.2, TLSv1.3]
	schema.registry.ssl.endpoint.identification.algorithm = https
	schema.registry.ssl.engine.factory.class = null
	schema.registry.ssl.key.password = null
	schema.registry.ssl.keymanager.algorithm = SunX509
	schema.registry.ssl.keystore.certificate.chain = null
	schema.registry.ssl.keystore.key = null
	schema.registry.ssl.keystore.location = null
	schema.registry.ssl.keystore.password = null
	schema.registry.ssl.keystore.type = JKS
	schema.registry.ssl.protocol = TLSv1.3
	schema.registry.ssl.provider = null
	schema.registry.ssl.secure.random.implementation = null
	schema.registry.ssl.trustmanager.algorithm = PKIX
	schema.registry.ssl.truststore.certificates = null
	schema.registry.ssl.truststore.location = null
	schema.registry.ssl.truststore.password = null
	schema.registry.ssl.truststore.type = JKS
	schema.registry.url = [http://registry-app-ksql047.apps.ci419.apicurio-testing.org:80/apis/ccompat/v7]
	schema.registry.url.randomize = false
	use.latest.version = false
	use.latest.with.metadata = null
	use.schema.id = -1
	value.schema.id.deserializer = class io.confluent.kafka.serializers.schema.id.DualSchemaIdDeserializer
	value.schema.id.serializer = class io.confluent.kafka.serializers.schema.id.PrefixSchemaIdSerializer
	value.subject.name.strategy = class io.confluent.kafka.serializers.subject.TopicNameStrategy

2025-08-20 12:46:04,949 INFO  [org.apa.kaf.cli.pro.KafkaProducer] (main) [Producer clientId=Producer-topic-572b87d0_ab36_4f24_b16e_2e9f63ca9040] Instantiated an idempotent producer.
2025-08-20 12:46:04,950 INFO  [org.apa.kaf.cli.pro.ProducerConfig] (main) These configurations '[schema.registry.url, auto.register.schemas, value.subject.name.strategy]' were supplied but are not used yet.
2025-08-20 12:46:04,950 INFO  [org.apa.kaf.com.uti.AppInfoParser] (main) Kafka version: 3.9.1
2025-08-20 12:46:04,950 INFO  [org.apa.kaf.com.uti.AppInfoParser] (main) Kafka commitId: f745dfdcee2b9851
2025-08-20 12:46:04,950 INFO  [org.apa.kaf.com.uti.AppInfoParser] (main) Kafka startTimeMs: 1755693964950
2025-08-20 12:46:04,950 INFO  [io.api.tes.ser.api.KafkaSerdesTester] (ForkJoinPool.commonPool-worker-1) Sending message {"key1": "value-0"} to topic topic-572b87d0_ab36_4f24_b16e_2e9f63ca9040
2025-08-20 12:46:04,953 INFO  [org.apa.kaf.cli.Metadata] (kafka-producer-network-thread | Producer-topic-572b87d0_ab36_4f24_b16e_2e9f63ca9040) [Producer clientId=Producer-topic-572b87d0_ab36_4f24_b16e_2e9f63ca9040] Cluster ID: EQyFwMkXTJ-zd_jVgBIUnQ
2025-08-20 12:46:04,953 INFO  [org.apa.kaf.cli.pro.int.TransactionManager] (kafka-producer-network-thread | Producer-topic-572b87d0_ab36_4f24_b16e_2e9f63ca9040) [Producer clientId=Producer-topic-572b87d0_ab36_4f24_b16e_2e9f63ca9040] ProducerId set to 55 with epoch 0
2025-08-20 12:46:04,995 INFO  [org.apa.kaf.cli.pro.KafkaProducer] (ForkJoinPool.commonPool-worker-1) [Producer clientId=Producer-topic-572b87d0_ab36_4f24_b16e_2e9f63ca9040] Closing the Kafka producer with timeoutMillis = 9223372036854775807 ms.
2025-08-20 12:46:04,996 INFO  [org.apa.kaf.com.met.Metrics] (ForkJoinPool.commonPool-worker-1) Metrics scheduler closed
2025-08-20 12:46:04,996 INFO  [org.apa.kaf.com.met.Metrics] (ForkJoinPool.commonPool-worker-1) Closing reporter org.apache.kafka.common.metrics.JmxReporter
2025-08-20 12:46:04,996 INFO  [org.apa.kaf.com.met.Metrics] (ForkJoinPool.commonPool-worker-1) Closing reporter org.apache.kafka.common.telemetry.internals.ClientTelemetryReporter
2025-08-20 12:46:04,996 INFO  [org.apa.kaf.com.met.Metrics] (ForkJoinPool.commonPool-worker-1) Metrics reporters closed
2025-08-20 12:46:04,996 INFO  [org.apa.kaf.com.uti.AppInfoParser] (ForkJoinPool.commonPool-worker-1) App info kafka.producer for Producer-topic-572b87d0_ab36_4f24_b16e_2e9f63ca9040 unregistered
2025-08-20 12:46:05,076 INFO  [io.api.tes.ser.con.BasicConfluentSerDesIT] (main) Deleting confluent schema myrecordconfluent3
2025-08-20 12:46:05,141 INFO  [io.api.tes.uti.TestSeparator] (main) io.apicurio.tests.serdes.confluent.BasicConfluentSerDesIT.testAvroConfluentSerDesWrongStrategyTopic-FINISHED
2025-08-20 12:46:05,141 INFO  [io.api.tes.uti.TestSeparator] (main) ############################################################################
Test passed: testAvroConfluentSerDesWrongStrategyTopic
]]></system-out>
  </testcase>
  <testcase name="testAvroApicurioConfluent" classname="io.apicurio.tests.serdes.confluent.BasicConfluentSerDesIT" time="4.904">
    <system-out><![CDATA[2025-08-20 12:46:05,142 INFO  [io.api.tes.uti.TestSeparator] (main) ############################################################################
2025-08-20 12:46:05,142 INFO  [io.api.tes.uti.TestSeparator] (main) io.apicurio.tests.serdes.confluent.BasicConfluentSerDesIT.testAvroApicurioConfluent-STARTED
**** Registry Base URL: http://registry-app-ksql047.apps.ci419.apicurio-testing.org:80
2025-08-20 12:46:06,261 INFO  [org.apa.kaf.cli.pro.ProducerConfig] (main) ProducerConfig values: 
	acks = -1
	auto.include.jmx.reporter = true
	batch.size = 16384
	bootstrap.servers = [PLAINTEXT://localhost:32769]
	buffer.memory = 33554432
	client.dns.lookup = use_all_dns_ips
	client.id = Producer-topic-5a3a2a0d_6933_4cb4_84b6_2ad7f121471b
	compression.gzip.level = -1
	compression.lz4.level = 9
	compression.type = none
	compression.zstd.level = 3
	connections.max.idle.ms = 10000
	delivery.timeout.ms = 120000
	enable.idempotence = true
	enable.metrics.push = true
	interceptor.classes = []
	key.serializer = class org.apache.kafka.common.serialization.StringSerializer
	linger.ms = 0
	max.block.ms = 60000
	max.in.flight.requests.per.connection = 5
	max.request.size = 1048576
	metadata.max.age.ms = 300000
	metadata.max.idle.ms = 300000
	metadata.recovery.strategy = none
	metric.reporters = []
	metrics.num.samples = 2
	metrics.recording.level = INFO
	metrics.sample.window.ms = 30000
	partitioner.adaptive.partitioning.enable = true
	partitioner.availability.timeout.ms = 0
	partitioner.class = null
	partitioner.ignore.keys = false
	receive.buffer.bytes = 32768
	reconnect.backoff.max.ms = 1000
	reconnect.backoff.ms = 50
	request.timeout.ms = 5000
	retries = 2147483647
	retry.backoff.max.ms = 1000
	retry.backoff.ms = 100
	sasl.client.callback.handler.class = null
	sasl.jaas.config = null
	sasl.kerberos.kinit.cmd = /usr/bin/kinit
	sasl.kerberos.min.time.before.relogin = 60000
	sasl.kerberos.service.name = null
	sasl.kerberos.ticket.renew.jitter = 0.05
	sasl.kerberos.ticket.renew.window.factor = 0.8
	sasl.login.callback.handler.class = null
	sasl.login.class = null
	sasl.login.connect.timeout.ms = null
	sasl.login.read.timeout.ms = null
	sasl.login.refresh.buffer.seconds = 300
	sasl.login.refresh.min.period.seconds = 60
	sasl.login.refresh.window.factor = 0.8
	sasl.login.refresh.window.jitter = 0.05
	sasl.login.retry.backoff.max.ms = 10000
	sasl.login.retry.backoff.ms = 100
	sasl.mechanism = GSSAPI
	sasl.oauthbearer.clock.skew.seconds = 30
	sasl.oauthbearer.expected.audience = null
	sasl.oauthbearer.expected.issuer = null
	sasl.oauthbearer.header.urlencode = false
	sasl.oauthbearer.jwks.endpoint.refresh.ms = 3600000
	sasl.oauthbearer.jwks.endpoint.retry.backoff.max.ms = 10000
	sasl.oauthbearer.jwks.endpoint.retry.backoff.ms = 100
	sasl.oauthbearer.jwks.endpoint.url = null
	sasl.oauthbearer.scope.claim.name = scope
	sasl.oauthbearer.sub.claim.name = sub
	sasl.oauthbearer.token.endpoint.url = null
	security.protocol = PLAINTEXT
	security.providers = null
	send.buffer.bytes = 131072
	socket.connection.setup.timeout.max.ms = 30000
	socket.connection.setup.timeout.ms = 10000
	ssl.cipher.suites = null
	ssl.enabled.protocols = [TLSv1.2, TLSv1.3]
	ssl.endpoint.identification.algorithm = https
	ssl.engine.factory.class = null
	ssl.key.password = null
	ssl.keymanager.algorithm = SunX509
	ssl.keystore.certificate.chain = null
	ssl.keystore.key = null
	ssl.keystore.location = null
	ssl.keystore.password = null
	ssl.keystore.type = JKS
	ssl.protocol = TLSv1.3
	ssl.provider = null
	ssl.secure.random.implementation = null
	ssl.trustmanager.algorithm = PKIX
	ssl.truststore.certificates = null
	ssl.truststore.location = null
	ssl.truststore.password = null
	ssl.truststore.type = JKS
	transaction.timeout.ms = 60000
	transactional.id = null
	value.serializer = class io.apicurio.registry.serde.avro.AvroKafkaSerializer

2025-08-20 12:46:06,261 INFO  [org.apa.kaf.com.tel.int.KafkaMetricsCollector] (main) initializing Kafka metrics collector
2025-08-20 12:46:06,264 INFO  [org.apa.kaf.cli.pro.KafkaProducer] (main) [Producer clientId=Producer-topic-5a3a2a0d_6933_4cb4_84b6_2ad7f121471b] Instantiated an idempotent producer.
2025-08-20 12:46:06,264 INFO  [org.apa.kaf.cli.pro.ProducerConfig] (main) These configurations '[apicurio.registry.url, apicurio.registry.artifact-resolver-strategy]' were supplied but are not used yet.
2025-08-20 12:46:06,265 INFO  [org.apa.kaf.com.uti.AppInfoParser] (main) Kafka version: 3.9.1
2025-08-20 12:46:06,265 INFO  [org.apa.kaf.com.uti.AppInfoParser] (main) Kafka commitId: f745dfdcee2b9851
2025-08-20 12:46:06,265 INFO  [org.apa.kaf.com.uti.AppInfoParser] (main) Kafka startTimeMs: 1755693966264
2025-08-20 12:46:06,265 INFO  [io.api.tes.ser.api.SimpleSerdesTesterBuilder$SimpleSerdesTester] (main) Using producer configuration: {apicurio.registry.url=http://registry-app-ksql047.apps.ci419.apicurio-testing.org:80/apis/registry/v3, apicurio.registry.artifact-resolver-strategy=io.apicurio.registry.serde.strategy.TopicIdStrategy, value.serializer=io.apicurio.registry.serde.avro.AvroKafkaSerializer, request.timeout.ms=5000, acks=all, bootstrap.servers=PLAINTEXT://localhost:32769, connections.max.idle.ms=10000, key.serializer=org.apache.kafka.common.serialization.StringSerializer, client.id=Producer-topic-5a3a2a0d_6933_4cb4_84b6_2ad7f121471b}
2025-08-20 12:46:06,265 INFO  [io.api.tes.ser.api.SimpleSerdesTesterBuilder$SimpleSerdesTester] (main) Using consumer configuration: {}
2025-08-20 12:46:06,265 INFO  [io.api.tes.ser.api.KafkaSerdesTester] (ForkJoinPool.commonPool-worker-1) Sending message {"key1": "value-0"} to topic topic-5a3a2a0d_6933_4cb4_84b6_2ad7f121471b
2025-08-20 12:46:06,267 INFO  [org.apa.kaf.cli.Metadata] (kafka-producer-network-thread | Producer-topic-5a3a2a0d_6933_4cb4_84b6_2ad7f121471b) [Producer clientId=Producer-topic-5a3a2a0d_6933_4cb4_84b6_2ad7f121471b] Cluster ID: EQyFwMkXTJ-zd_jVgBIUnQ
2025-08-20 12:46:06,267 INFO  [org.apa.kaf.cli.pro.int.TransactionManager] (kafka-producer-network-thread | Producer-topic-5a3a2a0d_6933_4cb4_84b6_2ad7f121471b) [Producer clientId=Producer-topic-5a3a2a0d_6933_4cb4_84b6_2ad7f121471b] ProducerId set to 56 with epoch 0
2025-08-20 12:46:06,267 INFO  [DefaultSchemaResolver] (ForkJoinPool.commonPool-worker-1) Retrieving schema content using string: {"type":"record","name":"myrecordconfluent1","fields":[{"name":"key1","type":"string"}]}
2025-08-20 12:46:06,333 INFO  [io.api.tes.ser.api.KafkaSerdesTester] (ForkJoinPool.commonPool-worker-1) Sending message {"key1": "value-1"} to topic topic-5a3a2a0d_6933_4cb4_84b6_2ad7f121471b
2025-08-20 12:46:06,334 INFO  [io.api.tes.ser.api.KafkaSerdesTester] (ForkJoinPool.commonPool-worker-1) Sending message {"key1": "value-2"} to topic topic-5a3a2a0d_6933_4cb4_84b6_2ad7f121471b
2025-08-20 12:46:06,335 INFO  [io.api.tes.ser.api.KafkaSerdesTester] (ForkJoinPool.commonPool-worker-1) Sending message {"key1": "value-3"} to topic topic-5a3a2a0d_6933_4cb4_84b6_2ad7f121471b
2025-08-20 12:46:06,335 INFO  [io.api.tes.ser.api.KafkaSerdesTester] (ForkJoinPool.commonPool-worker-1) Sending message {"key1": "value-4"} to topic topic-5a3a2a0d_6933_4cb4_84b6_2ad7f121471b
2025-08-20 12:46:06,336 INFO  [io.api.tes.ser.api.KafkaSerdesTester] (ForkJoinPool.commonPool-worker-1) Sending message {"key1": "value-5"} to topic topic-5a3a2a0d_6933_4cb4_84b6_2ad7f121471b
2025-08-20 12:46:06,337 INFO  [io.api.tes.ser.api.KafkaSerdesTester] (ForkJoinPool.commonPool-worker-1) Sending message {"key1": "value-6"} to topic topic-5a3a2a0d_6933_4cb4_84b6_2ad7f121471b
2025-08-20 12:46:06,338 INFO  [io.api.tes.ser.api.KafkaSerdesTester] (ForkJoinPool.commonPool-worker-1) Sending message {"key1": "value-7"} to topic topic-5a3a2a0d_6933_4cb4_84b6_2ad7f121471b
2025-08-20 12:46:06,338 INFO  [io.api.tes.ser.api.KafkaSerdesTester] (ForkJoinPool.commonPool-worker-1) Sending message {"key1": "value-8"} to topic topic-5a3a2a0d_6933_4cb4_84b6_2ad7f121471b
2025-08-20 12:46:06,339 INFO  [io.api.tes.ser.api.KafkaSerdesTester] (ForkJoinPool.commonPool-worker-1) Sending message {"key1": "value-9"} to topic topic-5a3a2a0d_6933_4cb4_84b6_2ad7f121471b
2025-08-20 12:46:06,340 INFO  [io.api.tes.ser.api.KafkaSerdesTester] (ForkJoinPool.commonPool-worker-1) Produced 10 messages
2025-08-20 12:46:06,340 INFO  [org.apa.kaf.cli.pro.KafkaProducer] (ForkJoinPool.commonPool-worker-1) [Producer clientId=Producer-topic-5a3a2a0d_6933_4cb4_84b6_2ad7f121471b] Closing the Kafka producer with timeoutMillis = 9223372036854775807 ms.
2025-08-20 12:46:06,341 INFO  [org.apa.kaf.com.met.Metrics] (ForkJoinPool.commonPool-worker-1) Metrics scheduler closed
2025-08-20 12:46:06,341 INFO  [org.apa.kaf.com.met.Metrics] (ForkJoinPool.commonPool-worker-1) Closing reporter org.apache.kafka.common.metrics.JmxReporter
2025-08-20 12:46:06,341 INFO  [org.apa.kaf.com.met.Metrics] (ForkJoinPool.commonPool-worker-1) Closing reporter org.apache.kafka.common.telemetry.internals.ClientTelemetryReporter
2025-08-20 12:46:06,341 INFO  [org.apa.kaf.com.met.Metrics] (ForkJoinPool.commonPool-worker-1) Metrics reporters closed
2025-08-20 12:46:06,341 INFO  [org.apa.kaf.com.uti.AppInfoParser] (ForkJoinPool.commonPool-worker-1) App info kafka.producer for Producer-topic-5a3a2a0d_6933_4cb4_84b6_2ad7f121471b unregistered
**** Registry Base URL: http://registry-app-ksql047.apps.ci419.apicurio-testing.org:80
2025-08-20 12:46:06,342 INFO  [org.apa.kaf.cli.con.ConsumerConfig] (main) ConsumerConfig values: 
	allow.auto.create.topics = true
	auto.commit.interval.ms = 500
	auto.include.jmx.reporter = true
	auto.offset.reset = earliest
	bootstrap.servers = [PLAINTEXT://localhost:32769]
	check.crcs = true
	client.dns.lookup = use_all_dns_ips
	client.id = consumer-Consumer-topic-5a3a2a0d_6933_4cb4_84b6_2ad7f121471b-42
	client.rack = 
	connections.max.idle.ms = 10000
	default.api.timeout.ms = 60000
	enable.auto.commit = true
	enable.metrics.push = true
	exclude.internal.topics = true
	fetch.max.bytes = 52428800
	fetch.max.wait.ms = 500
	fetch.min.bytes = 1
	group.id = Consumer-topic-5a3a2a0d_6933_4cb4_84b6_2ad7f121471b
	group.instance.id = null
	group.protocol = classic
	group.remote.assignor = null
	heartbeat.interval.ms = 3000
	interceptor.classes = []
	internal.leave.group.on.close = true
	internal.throw.on.fetch.stable.offset.unsupported = false
	isolation.level = read_uncommitted
	key.deserializer = class org.apache.kafka.common.serialization.StringDeserializer
	max.partition.fetch.bytes = 1048576
	max.poll.interval.ms = 300000
	max.poll.records = 500
	metadata.max.age.ms = 300000
	metadata.recovery.strategy = none
	metric.reporters = []
	metrics.num.samples = 2
	metrics.recording.level = INFO
	metrics.sample.window.ms = 30000
	partition.assignment.strategy = [class org.apache.kafka.clients.consumer.RangeAssignor, class org.apache.kafka.clients.consumer.CooperativeStickyAssignor]
	receive.buffer.bytes = 65536
	reconnect.backoff.max.ms = 1000
	reconnect.backoff.ms = 50
	request.timeout.ms = 5000
	retry.backoff.max.ms = 1000
	retry.backoff.ms = 100
	sasl.client.callback.handler.class = null
	sasl.jaas.config = null
	sasl.kerberos.kinit.cmd = /usr/bin/kinit
	sasl.kerberos.min.time.before.relogin = 60000
	sasl.kerberos.service.name = null
	sasl.kerberos.ticket.renew.jitter = 0.05
	sasl.kerberos.ticket.renew.window.factor = 0.8
	sasl.login.callback.handler.class = null
	sasl.login.class = null
	sasl.login.connect.timeout.ms = null
	sasl.login.read.timeout.ms = null
	sasl.login.refresh.buffer.seconds = 300
	sasl.login.refresh.min.period.seconds = 60
	sasl.login.refresh.window.factor = 0.8
	sasl.login.refresh.window.jitter = 0.05
	sasl.login.retry.backoff.max.ms = 10000
	sasl.login.retry.backoff.ms = 100
	sasl.mechanism = GSSAPI
	sasl.oauthbearer.clock.skew.seconds = 30
	sasl.oauthbearer.expected.audience = null
	sasl.oauthbearer.expected.issuer = null
	sasl.oauthbearer.header.urlencode = false
	sasl.oauthbearer.jwks.endpoint.refresh.ms = 3600000
	sasl.oauthbearer.jwks.endpoint.retry.backoff.max.ms = 10000
	sasl.oauthbearer.jwks.endpoint.retry.backoff.ms = 100
	sasl.oauthbearer.jwks.endpoint.url = null
	sasl.oauthbearer.scope.claim.name = scope
	sasl.oauthbearer.sub.claim.name = sub
	sasl.oauthbearer.token.endpoint.url = null
	security.protocol = PLAINTEXT
	security.providers = null
	send.buffer.bytes = 131072
	session.timeout.ms = 45000
	socket.connection.setup.timeout.max.ms = 30000
	socket.connection.setup.timeout.ms = 10000
	ssl.cipher.suites = null
	ssl.enabled.protocols = [TLSv1.2, TLSv1.3]
	ssl.endpoint.identification.algorithm = https
	ssl.engine.factory.class = null
	ssl.key.password = null
	ssl.keymanager.algorithm = SunX509
	ssl.keystore.certificate.chain = null
	ssl.keystore.key = null
	ssl.keystore.location = null
	ssl.keystore.password = null
	ssl.keystore.type = JKS
	ssl.protocol = TLSv1.3
	ssl.provider = null
	ssl.secure.random.implementation = null
	ssl.trustmanager.algorithm = PKIX
	ssl.truststore.certificates = null
	ssl.truststore.location = null
	ssl.truststore.password = null
	ssl.truststore.type = JKS
	value.deserializer = class io.confluent.kafka.serializers.KafkaAvroDeserializer

2025-08-20 12:46:06,342 INFO  [org.apa.kaf.com.tel.int.KafkaMetricsCollector] (main) initializing Kafka metrics collector
2025-08-20 12:46:06,342 INFO  [io.con.kaf.ser.KafkaAvroDeserializerConfig] (main) KafkaAvroDeserializerConfig values: 
	auto.register.schemas = true
	avro.reflection.allow.null = false
	avro.use.logical.type.converters = false
	basic.auth.credentials.source = URL
	basic.auth.user.info = [hidden]
	bearer.auth.cache.expiry.buffer.seconds = 300
	bearer.auth.client.id = null
	bearer.auth.client.secret = null
	bearer.auth.credentials.source = STATIC_TOKEN
	bearer.auth.custom.provider.class = null
	bearer.auth.identity.pool.id = null
	bearer.auth.issuer.endpoint.url = null
	bearer.auth.logical.cluster = null
	bearer.auth.scope = null
	bearer.auth.scope.claim.name = scope
	bearer.auth.sub.claim.name = sub
	bearer.auth.token = [hidden]
	context.name.strategy = class io.confluent.kafka.serializers.context.NullContextNameStrategy
	http.connect.timeout.ms = 60000
	http.read.timeout.ms = 60000
	id.compatibility.strict = true
	key.schema.id.deserializer = class io.confluent.kafka.serializers.schema.id.DualSchemaIdDeserializer
	key.schema.id.serializer = class io.confluent.kafka.serializers.schema.id.PrefixSchemaIdSerializer
	key.subject.name.strategy = class io.confluent.kafka.serializers.subject.TopicNameStrategy
	latest.cache.size = 1000
	latest.cache.ttl.sec = -1
	latest.compatibility.strict = true
	max.retries = 3
	max.schemas.per.subject = 1000
	normalize.schemas = false
	propagate.schema.tags = false
	proxy.host = 
	proxy.port = -1
	retries.max.wait.ms = 20000
	retries.wait.ms = 1000
	rule.actions = []
	rule.executors = []
	rule.service.loader.enable = true
	schema.format = null
	schema.reflection = false
	schema.registry.basic.auth.user.info = [hidden]
	schema.registry.ssl.cipher.suites = null
	schema.registry.ssl.enabled.protocols = [TLSv1.2, TLSv1.3]
	schema.registry.ssl.endpoint.identification.algorithm = https
	schema.registry.ssl.engine.factory.class = null
	schema.registry.ssl.key.password = null
	schema.registry.ssl.keymanager.algorithm = SunX509
	schema.registry.ssl.keystore.certificate.chain = null
	schema.registry.ssl.keystore.key = null
	schema.registry.ssl.keystore.location = null
	schema.registry.ssl.keystore.password = null
	schema.registry.ssl.keystore.type = JKS
	schema.registry.ssl.protocol = TLSv1.3
	schema.registry.ssl.provider = null
	schema.registry.ssl.secure.random.implementation = null
	schema.registry.ssl.trustmanager.algorithm = PKIX
	schema.registry.ssl.truststore.certificates = null
	schema.registry.ssl.truststore.location = null
	schema.registry.ssl.truststore.password = null
	schema.registry.ssl.truststore.type = JKS
	schema.registry.url = [http://registry-app-ksql047.apps.ci419.apicurio-testing.org:80/apis/ccompat/v7]
	schema.registry.url.randomize = false
	specific.avro.key.type = null
	specific.avro.reader = false
	specific.avro.value.type = null
	use.latest.version = false
	use.latest.with.metadata = null
	use.schema.id = -1
	value.schema.id.deserializer = class io.confluent.kafka.serializers.schema.id.DualSchemaIdDeserializer
	value.schema.id.serializer = class io.confluent.kafka.serializers.schema.id.PrefixSchemaIdSerializer
	value.subject.name.strategy = class io.confluent.kafka.serializers.subject.TopicNameStrategy

2025-08-20 12:46:06,346 INFO  [org.apa.kaf.cli.con.ConsumerConfig] (main) These configurations '[schema.registry.url]' were supplied but are not used yet.
2025-08-20 12:46:06,346 INFO  [org.apa.kaf.com.uti.AppInfoParser] (main) Kafka version: 3.9.1
2025-08-20 12:46:06,346 INFO  [org.apa.kaf.com.uti.AppInfoParser] (main) Kafka commitId: f745dfdcee2b9851
2025-08-20 12:46:06,346 INFO  [org.apa.kaf.com.uti.AppInfoParser] (main) Kafka startTimeMs: 1755693966346
2025-08-20 12:46:06,346 INFO  [org.apa.kaf.cli.con.int.ClassicKafkaConsumer] (ForkJoinPool.commonPool-worker-1) [Consumer clientId=consumer-Consumer-topic-5a3a2a0d_6933_4cb4_84b6_2ad7f121471b-42, groupId=Consumer-topic-5a3a2a0d_6933_4cb4_84b6_2ad7f121471b] Subscribed to topic(s): topic-5a3a2a0d_6933_4cb4_84b6_2ad7f121471b
2025-08-20 12:46:06,348 INFO  [org.apa.kaf.cli.Metadata] (ForkJoinPool.commonPool-worker-1) [Consumer clientId=consumer-Consumer-topic-5a3a2a0d_6933_4cb4_84b6_2ad7f121471b-42, groupId=Consumer-topic-5a3a2a0d_6933_4cb4_84b6_2ad7f121471b] Cluster ID: EQyFwMkXTJ-zd_jVgBIUnQ
2025-08-20 12:46:06,349 INFO  [org.apa.kaf.cli.con.int.ConsumerCoordinator] (ForkJoinPool.commonPool-worker-1) [Consumer clientId=consumer-Consumer-topic-5a3a2a0d_6933_4cb4_84b6_2ad7f121471b-42, groupId=Consumer-topic-5a3a2a0d_6933_4cb4_84b6_2ad7f121471b] Discovered group coordinator localhost:32769 (id: 2147483647 rack: null)
2025-08-20 12:46:06,350 INFO  [org.apa.kaf.cli.con.int.ConsumerCoordinator] (ForkJoinPool.commonPool-worker-1) [Consumer clientId=consumer-Consumer-topic-5a3a2a0d_6933_4cb4_84b6_2ad7f121471b-42, groupId=Consumer-topic-5a3a2a0d_6933_4cb4_84b6_2ad7f121471b] (Re-)joining group
2025-08-20 12:46:06,352 INFO  [org.apa.kaf.cli.con.int.ConsumerCoordinator] (ForkJoinPool.commonPool-worker-1) [Consumer clientId=consumer-Consumer-topic-5a3a2a0d_6933_4cb4_84b6_2ad7f121471b-42, groupId=Consumer-topic-5a3a2a0d_6933_4cb4_84b6_2ad7f121471b] Request joining group due to: need to re-join with the given member-id: consumer-Consumer-topic-5a3a2a0d_6933_4cb4_84b6_2ad7f121471b-42-88344db9-8315-49d4-a6c0-2f3a0619a4f1
2025-08-20 12:46:06,352 INFO  [org.apa.kaf.cli.con.int.ConsumerCoordinator] (ForkJoinPool.commonPool-worker-1) [Consumer clientId=consumer-Consumer-topic-5a3a2a0d_6933_4cb4_84b6_2ad7f121471b-42, groupId=Consumer-topic-5a3a2a0d_6933_4cb4_84b6_2ad7f121471b] (Re-)joining group
2025-08-20 12:46:07,346 INFO  [io.api.tes.ser.api.KafkaSerdesTester] (ForkJoinPool.commonPool-worker-1) None found
2025-08-20 12:46:08,347 INFO  [io.api.tes.ser.api.KafkaSerdesTester] (ForkJoinPool.commonPool-worker-1) None found
2025-08-20 12:46:09,347 INFO  [io.api.tes.ser.api.KafkaSerdesTester] (ForkJoinPool.commonPool-worker-1) None found
2025-08-20 12:46:09,353 INFO  [org.apa.kaf.cli.con.int.ConsumerCoordinator] (ForkJoinPool.commonPool-worker-1) [Consumer clientId=consumer-Consumer-topic-5a3a2a0d_6933_4cb4_84b6_2ad7f121471b-42, groupId=Consumer-topic-5a3a2a0d_6933_4cb4_84b6_2ad7f121471b] Successfully joined group with generation Generation{generationId=1, memberId='consumer-Consumer-topic-5a3a2a0d_6933_4cb4_84b6_2ad7f121471b-42-88344db9-8315-49d4-a6c0-2f3a0619a4f1', protocol='range'}
2025-08-20 12:46:09,353 INFO  [org.apa.kaf.cli.con.int.ConsumerCoordinator] (ForkJoinPool.commonPool-worker-1) [Consumer clientId=consumer-Consumer-topic-5a3a2a0d_6933_4cb4_84b6_2ad7f121471b-42, groupId=Consumer-topic-5a3a2a0d_6933_4cb4_84b6_2ad7f121471b] Finished assignment for group at generation 1: {consumer-Consumer-topic-5a3a2a0d_6933_4cb4_84b6_2ad7f121471b-42-88344db9-8315-49d4-a6c0-2f3a0619a4f1=Assignment(partitions=[topic-5a3a2a0d_6933_4cb4_84b6_2ad7f121471b-0])}
2025-08-20 12:46:09,359 INFO  [org.apa.kaf.cli.con.int.ConsumerCoordinator] (ForkJoinPool.commonPool-worker-1) [Consumer clientId=consumer-Consumer-topic-5a3a2a0d_6933_4cb4_84b6_2ad7f121471b-42, groupId=Consumer-topic-5a3a2a0d_6933_4cb4_84b6_2ad7f121471b] Successfully synced group in generation Generation{generationId=1, memberId='consumer-Consumer-topic-5a3a2a0d_6933_4cb4_84b6_2ad7f121471b-42-88344db9-8315-49d4-a6c0-2f3a0619a4f1', protocol='range'}
2025-08-20 12:46:09,359 INFO  [org.apa.kaf.cli.con.int.ConsumerCoordinator] (ForkJoinPool.commonPool-worker-1) [Consumer clientId=consumer-Consumer-topic-5a3a2a0d_6933_4cb4_84b6_2ad7f121471b-42, groupId=Consumer-topic-5a3a2a0d_6933_4cb4_84b6_2ad7f121471b] Notifying assignor about the new Assignment(partitions=[topic-5a3a2a0d_6933_4cb4_84b6_2ad7f121471b-0])
2025-08-20 12:46:09,359 INFO  [org.apa.kaf.cli.con.int.ConsumerRebalanceListenerInvoker] (ForkJoinPool.commonPool-worker-1) [Consumer clientId=consumer-Consumer-topic-5a3a2a0d_6933_4cb4_84b6_2ad7f121471b-42, groupId=Consumer-topic-5a3a2a0d_6933_4cb4_84b6_2ad7f121471b] Adding newly assigned partitions: topic-5a3a2a0d_6933_4cb4_84b6_2ad7f121471b-0
2025-08-20 12:46:09,360 INFO  [org.apa.kaf.cli.con.int.ConsumerCoordinator] (ForkJoinPool.commonPool-worker-1) [Consumer clientId=consumer-Consumer-topic-5a3a2a0d_6933_4cb4_84b6_2ad7f121471b-42, groupId=Consumer-topic-5a3a2a0d_6933_4cb4_84b6_2ad7f121471b] Found no committed offset for partition topic-5a3a2a0d_6933_4cb4_84b6_2ad7f121471b-0
2025-08-20 12:46:09,362 INFO  [org.apa.kaf.cli.con.int.SubscriptionState] (ForkJoinPool.commonPool-worker-1) [Consumer clientId=consumer-Consumer-topic-5a3a2a0d_6933_4cb4_84b6_2ad7f121471b-42, groupId=Consumer-topic-5a3a2a0d_6933_4cb4_84b6_2ad7f121471b] Resetting offset for partition topic-5a3a2a0d_6933_4cb4_84b6_2ad7f121471b-0 to position FetchPosition{offset=0, offsetEpoch=Optional.empty, currentLeader=LeaderAndEpoch{leader=Optional[localhost:32769 (id: 0 rack: null)], epoch=0}}.
2025-08-20 12:46:09,404 INFO  [io.api.tes.ser.api.KafkaSerdesTester] (ForkJoinPool.commonPool-worker-1) topic-5a3a2a0d_6933_4cb4_84b6_2ad7f121471b 0 0 {"key1": "value-0"}
2025-08-20 12:46:09,404 INFO  [io.api.tes.ser.api.KafkaSerdesTester] (ForkJoinPool.commonPool-worker-1) topic-5a3a2a0d_6933_4cb4_84b6_2ad7f121471b 0 1 {"key1": "value-1"}
2025-08-20 12:46:09,404 INFO  [io.api.tes.ser.api.KafkaSerdesTester] (ForkJoinPool.commonPool-worker-1) topic-5a3a2a0d_6933_4cb4_84b6_2ad7f121471b 0 2 {"key1": "value-2"}
2025-08-20 12:46:09,404 INFO  [io.api.tes.ser.api.KafkaSerdesTester] (ForkJoinPool.commonPool-worker-1) topic-5a3a2a0d_6933_4cb4_84b6_2ad7f121471b 0 3 {"key1": "value-3"}
2025-08-20 12:46:09,404 INFO  [io.api.tes.ser.api.KafkaSerdesTester] (ForkJoinPool.commonPool-worker-1) topic-5a3a2a0d_6933_4cb4_84b6_2ad7f121471b 0 4 {"key1": "value-4"}
2025-08-20 12:46:09,404 INFO  [io.api.tes.ser.api.KafkaSerdesTester] (ForkJoinPool.commonPool-worker-1) topic-5a3a2a0d_6933_4cb4_84b6_2ad7f121471b 0 5 {"key1": "value-5"}
2025-08-20 12:46:09,405 INFO  [io.api.tes.ser.api.KafkaSerdesTester] (ForkJoinPool.commonPool-worker-1) topic-5a3a2a0d_6933_4cb4_84b6_2ad7f121471b 0 6 {"key1": "value-6"}
2025-08-20 12:46:09,405 INFO  [io.api.tes.ser.api.KafkaSerdesTester] (ForkJoinPool.commonPool-worker-1) topic-5a3a2a0d_6933_4cb4_84b6_2ad7f121471b 0 7 {"key1": "value-7"}
2025-08-20 12:46:09,405 INFO  [io.api.tes.ser.api.KafkaSerdesTester] (ForkJoinPool.commonPool-worker-1) topic-5a3a2a0d_6933_4cb4_84b6_2ad7f121471b 0 8 {"key1": "value-8"}
2025-08-20 12:46:09,405 INFO  [io.api.tes.ser.api.KafkaSerdesTester] (ForkJoinPool.commonPool-worker-1) topic-5a3a2a0d_6933_4cb4_84b6_2ad7f121471b 0 9 {"key1": "value-9"}
2025-08-20 12:46:09,405 INFO  [io.api.tes.ser.api.KafkaSerdesTester] (ForkJoinPool.commonPool-worker-1) Consumed 10 messages
2025-08-20 12:46:09,411 INFO  [org.apa.kaf.cli.con.int.ConsumerRebalanceListenerInvoker] (ForkJoinPool.commonPool-worker-1) [Consumer clientId=consumer-Consumer-topic-5a3a2a0d_6933_4cb4_84b6_2ad7f121471b-42, groupId=Consumer-topic-5a3a2a0d_6933_4cb4_84b6_2ad7f121471b] Revoke previously assigned partitions topic-5a3a2a0d_6933_4cb4_84b6_2ad7f121471b-0
2025-08-20 12:46:09,411 INFO  [org.apa.kaf.cli.con.int.ConsumerCoordinator] (ForkJoinPool.commonPool-worker-1) [Consumer clientId=consumer-Consumer-topic-5a3a2a0d_6933_4cb4_84b6_2ad7f121471b-42, groupId=Consumer-topic-5a3a2a0d_6933_4cb4_84b6_2ad7f121471b] Member consumer-Consumer-topic-5a3a2a0d_6933_4cb4_84b6_2ad7f121471b-42-88344db9-8315-49d4-a6c0-2f3a0619a4f1 sending LeaveGroup request to coordinator localhost:32769 (id: 2147483647 rack: null) due to the consumer is being closed
2025-08-20 12:46:09,411 INFO  [org.apa.kaf.cli.con.int.ConsumerCoordinator] (ForkJoinPool.commonPool-worker-1) [Consumer clientId=consumer-Consumer-topic-5a3a2a0d_6933_4cb4_84b6_2ad7f121471b-42, groupId=Consumer-topic-5a3a2a0d_6933_4cb4_84b6_2ad7f121471b] Resetting generation and member id due to: consumer pro-actively leaving the group
2025-08-20 12:46:09,411 INFO  [org.apa.kaf.cli.con.int.ConsumerCoordinator] (ForkJoinPool.commonPool-worker-1) [Consumer clientId=consumer-Consumer-topic-5a3a2a0d_6933_4cb4_84b6_2ad7f121471b-42, groupId=Consumer-topic-5a3a2a0d_6933_4cb4_84b6_2ad7f121471b] Request joining group due to: consumer pro-actively leaving the group
2025-08-20 12:46:09,906 INFO  [org.apa.kaf.com.met.Metrics] (ForkJoinPool.commonPool-worker-1) Metrics scheduler closed
2025-08-20 12:46:09,906 INFO  [org.apa.kaf.com.met.Metrics] (ForkJoinPool.commonPool-worker-1) Closing reporter org.apache.kafka.common.metrics.JmxReporter
2025-08-20 12:46:09,906 INFO  [org.apa.kaf.com.met.Metrics] (ForkJoinPool.commonPool-worker-1) Closing reporter org.apache.kafka.common.telemetry.internals.ClientTelemetryReporter
2025-08-20 12:46:09,906 INFO  [org.apa.kaf.com.met.Metrics] (ForkJoinPool.commonPool-worker-1) Metrics reporters closed
2025-08-20 12:46:09,907 INFO  [org.apa.kaf.com.uti.AppInfoParser] (ForkJoinPool.commonPool-worker-1) App info kafka.consumer for consumer-Consumer-topic-5a3a2a0d_6933_4cb4_84b6_2ad7f121471b-42 unregistered
2025-08-20 12:46:09,983 INFO  [io.api.tes.ser.con.BasicConfluentSerDesIT] (main) Deleting confluent schema topic-5a3a2a0d_6933_4cb4_84b6_2ad7f121471b-value
2025-08-20 12:46:10,046 INFO  [io.api.tes.uti.TestSeparator] (main) io.apicurio.tests.serdes.confluent.BasicConfluentSerDesIT.testAvroApicurioConfluent-FINISHED
2025-08-20 12:46:10,046 INFO  [io.api.tes.uti.TestSeparator] (main) ############################################################################
Test passed: testAvroApicurioConfluent
]]></system-out>
  </testcase>
  <testcase name="testAvroConfluentSerDesFail" classname="io.apicurio.tests.serdes.confluent.BasicConfluentSerDesIT" time="0.349">
    <system-out><![CDATA[2025-08-20 12:46:10,047 INFO  [io.api.tes.uti.TestSeparator] (main) ############################################################################
2025-08-20 12:46:10,047 INFO  [io.api.tes.uti.TestSeparator] (main) io.apicurio.tests.serdes.confluent.BasicConfluentSerDesIT.testAvroConfluentSerDesFail-STARTED
2025-08-20 12:46:10,167 INFO  [io.api.tes.ser.con.BasicConfluentSerDesIT] (main) Checking that created schema is equal to the get schema
2025-08-20 12:46:10,206 INFO  [io.api.tes.ser.con.BasicConfluentSerDesIT] (main) Created schema with id:116 and name:myrecordconfluent2
**** Registry Base URL: http://registry-app-ksql047.apps.ci419.apicurio-testing.org:80
2025-08-20 12:46:10,207 INFO  [org.apa.kaf.cli.pro.ProducerConfig] (main) ProducerConfig values: 
	acks = -1
	auto.include.jmx.reporter = true
	batch.size = 16384
	bootstrap.servers = [PLAINTEXT://localhost:32769]
	buffer.memory = 33554432
	client.dns.lookup = use_all_dns_ips
	client.id = Producer-topic-94edab15_dba5_4d3f_933d_fc4099f05b6c
	compression.gzip.level = -1
	compression.lz4.level = 9
	compression.type = none
	compression.zstd.level = 3
	connections.max.idle.ms = 10000
	delivery.timeout.ms = 120000
	enable.idempotence = true
	enable.metrics.push = true
	interceptor.classes = []
	key.serializer = class org.apache.kafka.common.serialization.StringSerializer
	linger.ms = 0
	max.block.ms = 60000
	max.in.flight.requests.per.connection = 5
	max.request.size = 1048576
	metadata.max.age.ms = 300000
	metadata.max.idle.ms = 300000
	metadata.recovery.strategy = none
	metric.reporters = []
	metrics.num.samples = 2
	metrics.recording.level = INFO
	metrics.sample.window.ms = 30000
	partitioner.adaptive.partitioning.enable = true
	partitioner.availability.timeout.ms = 0
	partitioner.class = null
	partitioner.ignore.keys = false
	receive.buffer.bytes = 32768
	reconnect.backoff.max.ms = 1000
	reconnect.backoff.ms = 50
	request.timeout.ms = 5000
	retries = 2147483647
	retry.backoff.max.ms = 1000
	retry.backoff.ms = 100
	sasl.client.callback.handler.class = null
	sasl.jaas.config = null
	sasl.kerberos.kinit.cmd = /usr/bin/kinit
	sasl.kerberos.min.time.before.relogin = 60000
	sasl.kerberos.service.name = null
	sasl.kerberos.ticket.renew.jitter = 0.05
	sasl.kerberos.ticket.renew.window.factor = 0.8
	sasl.login.callback.handler.class = null
	sasl.login.class = null
	sasl.login.connect.timeout.ms = null
	sasl.login.read.timeout.ms = null
	sasl.login.refresh.buffer.seconds = 300
	sasl.login.refresh.min.period.seconds = 60
	sasl.login.refresh.window.factor = 0.8
	sasl.login.refresh.window.jitter = 0.05
	sasl.login.retry.backoff.max.ms = 10000
	sasl.login.retry.backoff.ms = 100
	sasl.mechanism = GSSAPI
	sasl.oauthbearer.clock.skew.seconds = 30
	sasl.oauthbearer.expected.audience = null
	sasl.oauthbearer.expected.issuer = null
	sasl.oauthbearer.header.urlencode = false
	sasl.oauthbearer.jwks.endpoint.refresh.ms = 3600000
	sasl.oauthbearer.jwks.endpoint.retry.backoff.max.ms = 10000
	sasl.oauthbearer.jwks.endpoint.retry.backoff.ms = 100
	sasl.oauthbearer.jwks.endpoint.url = null
	sasl.oauthbearer.scope.claim.name = scope
	sasl.oauthbearer.sub.claim.name = sub
	sasl.oauthbearer.token.endpoint.url = null
	security.protocol = PLAINTEXT
	security.providers = null
	send.buffer.bytes = 131072
	socket.connection.setup.timeout.max.ms = 30000
	socket.connection.setup.timeout.ms = 10000
	ssl.cipher.suites = null
	ssl.enabled.protocols = [TLSv1.2, TLSv1.3]
	ssl.endpoint.identification.algorithm = https
	ssl.engine.factory.class = null
	ssl.key.password = null
	ssl.keymanager.algorithm = SunX509
	ssl.keystore.certificate.chain = null
	ssl.keystore.key = null
	ssl.keystore.location = null
	ssl.keystore.password = null
	ssl.keystore.type = JKS
	ssl.protocol = TLSv1.3
	ssl.provider = null
	ssl.secure.random.implementation = null
	ssl.trustmanager.algorithm = PKIX
	ssl.truststore.certificates = null
	ssl.truststore.location = null
	ssl.truststore.password = null
	ssl.truststore.type = JKS
	transaction.timeout.ms = 60000
	transactional.id = null
	value.serializer = class io.confluent.kafka.serializers.KafkaAvroSerializer

2025-08-20 12:46:10,207 INFO  [org.apa.kaf.com.tel.int.KafkaMetricsCollector] (main) initializing Kafka metrics collector
2025-08-20 12:46:10,207 INFO  [io.con.kaf.ser.KafkaAvroSerializerConfig] (main) KafkaAvroSerializerConfig values: 
	auto.register.schemas = false
	avro.reflection.allow.null = false
	avro.remove.java.properties = false
	avro.use.logical.type.converters = false
	basic.auth.credentials.source = URL
	basic.auth.user.info = [hidden]
	bearer.auth.cache.expiry.buffer.seconds = 300
	bearer.auth.client.id = null
	bearer.auth.client.secret = null
	bearer.auth.credentials.source = STATIC_TOKEN
	bearer.auth.custom.provider.class = null
	bearer.auth.identity.pool.id = null
	bearer.auth.issuer.endpoint.url = null
	bearer.auth.logical.cluster = null
	bearer.auth.scope = null
	bearer.auth.scope.claim.name = scope
	bearer.auth.sub.claim.name = sub
	bearer.auth.token = [hidden]
	context.name.strategy = class io.confluent.kafka.serializers.context.NullContextNameStrategy
	http.connect.timeout.ms = 60000
	http.read.timeout.ms = 60000
	id.compatibility.strict = true
	key.schema.id.deserializer = class io.confluent.kafka.serializers.schema.id.DualSchemaIdDeserializer
	key.schema.id.serializer = class io.confluent.kafka.serializers.schema.id.PrefixSchemaIdSerializer
	key.subject.name.strategy = class io.confluent.kafka.serializers.subject.TopicNameStrategy
	latest.cache.size = 1000
	latest.cache.ttl.sec = -1
	latest.compatibility.strict = true
	max.retries = 3
	max.schemas.per.subject = 1000
	normalize.schemas = false
	propagate.schema.tags = false
	proxy.host = 
	proxy.port = -1
	retries.max.wait.ms = 20000
	retries.wait.ms = 1000
	rule.actions = []
	rule.executors = []
	rule.service.loader.enable = true
	schema.format = null
	schema.reflection = false
	schema.registry.basic.auth.user.info = [hidden]
	schema.registry.ssl.cipher.suites = null
	schema.registry.ssl.enabled.protocols = [TLSv1.2, TLSv1.3]
	schema.registry.ssl.endpoint.identification.algorithm = https
	schema.registry.ssl.engine.factory.class = null
	schema.registry.ssl.key.password = null
	schema.registry.ssl.keymanager.algorithm = SunX509
	schema.registry.ssl.keystore.certificate.chain = null
	schema.registry.ssl.keystore.key = null
	schema.registry.ssl.keystore.location = null
	schema.registry.ssl.keystore.password = null
	schema.registry.ssl.keystore.type = JKS
	schema.registry.ssl.protocol = TLSv1.3
	schema.registry.ssl.provider = null
	schema.registry.ssl.secure.random.implementation = null
	schema.registry.ssl.trustmanager.algorithm = PKIX
	schema.registry.ssl.truststore.certificates = null
	schema.registry.ssl.truststore.location = null
	schema.registry.ssl.truststore.password = null
	schema.registry.ssl.truststore.type = JKS
	schema.registry.url = [http://registry-app-ksql047.apps.ci419.apicurio-testing.org:80/apis/ccompat/v7]
	schema.registry.url.randomize = false
	use.latest.version = false
	use.latest.with.metadata = null
	use.schema.id = -1
	value.schema.id.deserializer = class io.confluent.kafka.serializers.schema.id.DualSchemaIdDeserializer
	value.schema.id.serializer = class io.confluent.kafka.serializers.schema.id.PrefixSchemaIdSerializer
	value.subject.name.strategy = class io.confluent.kafka.serializers.subject.RecordNameStrategy

2025-08-20 12:46:10,208 INFO  [org.apa.kaf.cli.pro.KafkaProducer] (main) [Producer clientId=Producer-topic-94edab15_dba5_4d3f_933d_fc4099f05b6c] Instantiated an idempotent producer.
2025-08-20 12:46:10,209 INFO  [org.apa.kaf.cli.pro.ProducerConfig] (main) These configurations '[schema.registry.url, auto.register.schemas, value.subject.name.strategy]' were supplied but are not used yet.
2025-08-20 12:46:10,210 INFO  [org.apa.kaf.com.uti.AppInfoParser] (main) Kafka version: 3.9.1
2025-08-20 12:46:10,210 INFO  [org.apa.kaf.com.uti.AppInfoParser] (main) Kafka commitId: f745dfdcee2b9851
2025-08-20 12:46:10,210 INFO  [org.apa.kaf.com.uti.AppInfoParser] (main) Kafka startTimeMs: 1755693970209
2025-08-20 12:46:10,210 INFO  [io.api.tes.ser.api.KafkaSerdesTester] (ForkJoinPool.commonPool-worker-1) Sending message {"wrongkey": "value-0"} to topic topic-94edab15_dba5_4d3f_933d_fc4099f05b6c
2025-08-20 12:46:10,212 INFO  [org.apa.kaf.cli.Metadata] (kafka-producer-network-thread | Producer-topic-94edab15_dba5_4d3f_933d_fc4099f05b6c) [Producer clientId=Producer-topic-94edab15_dba5_4d3f_933d_fc4099f05b6c] Cluster ID: EQyFwMkXTJ-zd_jVgBIUnQ
2025-08-20 12:46:10,212 INFO  [org.apa.kaf.cli.pro.int.TransactionManager] (kafka-producer-network-thread | Producer-topic-94edab15_dba5_4d3f_933d_fc4099f05b6c) [Producer clientId=Producer-topic-94edab15_dba5_4d3f_933d_fc4099f05b6c] ProducerId set to 57 with epoch 0
2025-08-20 12:46:10,251 INFO  [org.apa.kaf.cli.pro.KafkaProducer] (ForkJoinPool.commonPool-worker-1) [Producer clientId=Producer-topic-94edab15_dba5_4d3f_933d_fc4099f05b6c] Closing the Kafka producer with timeoutMillis = 9223372036854775807 ms.
2025-08-20 12:46:10,252 INFO  [org.apa.kaf.com.met.Metrics] (ForkJoinPool.commonPool-worker-1) Metrics scheduler closed
2025-08-20 12:46:10,252 INFO  [org.apa.kaf.com.met.Metrics] (ForkJoinPool.commonPool-worker-1) Closing reporter org.apache.kafka.common.metrics.JmxReporter
2025-08-20 12:46:10,252 INFO  [org.apa.kaf.com.met.Metrics] (ForkJoinPool.commonPool-worker-1) Closing reporter org.apache.kafka.common.telemetry.internals.ClientTelemetryReporter
2025-08-20 12:46:10,252 INFO  [org.apa.kaf.com.met.Metrics] (ForkJoinPool.commonPool-worker-1) Metrics reporters closed
2025-08-20 12:46:10,252 INFO  [org.apa.kaf.com.uti.AppInfoParser] (ForkJoinPool.commonPool-worker-1) App info kafka.producer for Producer-topic-94edab15_dba5_4d3f_933d_fc4099f05b6c unregistered
2025-08-20 12:46:10,331 INFO  [io.api.tes.ser.con.BasicConfluentSerDesIT] (main) Deleting confluent schema myrecordconfluent2
2025-08-20 12:46:10,395 INFO  [io.api.tes.uti.TestSeparator] (main) io.apicurio.tests.serdes.confluent.BasicConfluentSerDesIT.testAvroConfluentSerDesFail-FINISHED
2025-08-20 12:46:10,395 INFO  [io.api.tes.uti.TestSeparator] (main) ############################################################################
Test passed: testAvroConfluentSerDesFail
]]></system-out>
  </testcase>
  <testcase name="testAvroConfluentSerDesWrongStrategyRecord" classname="io.apicurio.tests.serdes.confluent.BasicConfluentSerDesIT" time="0.343">
    <system-out><![CDATA[2025-08-20 12:46:10,396 INFO  [io.api.tes.uti.TestSeparator] (main) ############################################################################
2025-08-20 12:46:10,396 INFO  [io.api.tes.uti.TestSeparator] (main) io.apicurio.tests.serdes.confluent.BasicConfluentSerDesIT.testAvroConfluentSerDesWrongStrategyRecord-STARTED
2025-08-20 12:46:10,515 INFO  [io.api.tes.ser.con.BasicConfluentSerDesIT] (main) Checking that created schema is equal to the get schema
2025-08-20 12:46:10,554 INFO  [io.api.tes.ser.con.BasicConfluentSerDesIT] (main) Created schema with id:117 and name:myrecordconfluent4
**** Registry Base URL: http://registry-app-ksql047.apps.ci419.apicurio-testing.org:80
2025-08-20 12:46:10,555 INFO  [org.apa.kaf.cli.pro.ProducerConfig] (main) ProducerConfig values: 
	acks = -1
	auto.include.jmx.reporter = true
	batch.size = 16384
	bootstrap.servers = [PLAINTEXT://localhost:32769]
	buffer.memory = 33554432
	client.dns.lookup = use_all_dns_ips
	client.id = Producer-topic-4085361b_1c98_4e97_bc1b_a1d6dcc8d9b6
	compression.gzip.level = -1
	compression.lz4.level = 9
	compression.type = none
	compression.zstd.level = 3
	connections.max.idle.ms = 10000
	delivery.timeout.ms = 120000
	enable.idempotence = true
	enable.metrics.push = true
	interceptor.classes = []
	key.serializer = class org.apache.kafka.common.serialization.StringSerializer
	linger.ms = 0
	max.block.ms = 60000
	max.in.flight.requests.per.connection = 5
	max.request.size = 1048576
	metadata.max.age.ms = 300000
	metadata.max.idle.ms = 300000
	metadata.recovery.strategy = none
	metric.reporters = []
	metrics.num.samples = 2
	metrics.recording.level = INFO
	metrics.sample.window.ms = 30000
	partitioner.adaptive.partitioning.enable = true
	partitioner.availability.timeout.ms = 0
	partitioner.class = null
	partitioner.ignore.keys = false
	receive.buffer.bytes = 32768
	reconnect.backoff.max.ms = 1000
	reconnect.backoff.ms = 50
	request.timeout.ms = 5000
	retries = 2147483647
	retry.backoff.max.ms = 1000
	retry.backoff.ms = 100
	sasl.client.callback.handler.class = null
	sasl.jaas.config = null
	sasl.kerberos.kinit.cmd = /usr/bin/kinit
	sasl.kerberos.min.time.before.relogin = 60000
	sasl.kerberos.service.name = null
	sasl.kerberos.ticket.renew.jitter = 0.05
	sasl.kerberos.ticket.renew.window.factor = 0.8
	sasl.login.callback.handler.class = null
	sasl.login.class = null
	sasl.login.connect.timeout.ms = null
	sasl.login.read.timeout.ms = null
	sasl.login.refresh.buffer.seconds = 300
	sasl.login.refresh.min.period.seconds = 60
	sasl.login.refresh.window.factor = 0.8
	sasl.login.refresh.window.jitter = 0.05
	sasl.login.retry.backoff.max.ms = 10000
	sasl.login.retry.backoff.ms = 100
	sasl.mechanism = GSSAPI
	sasl.oauthbearer.clock.skew.seconds = 30
	sasl.oauthbearer.expected.audience = null
	sasl.oauthbearer.expected.issuer = null
	sasl.oauthbearer.header.urlencode = false
	sasl.oauthbearer.jwks.endpoint.refresh.ms = 3600000
	sasl.oauthbearer.jwks.endpoint.retry.backoff.max.ms = 10000
	sasl.oauthbearer.jwks.endpoint.retry.backoff.ms = 100
	sasl.oauthbearer.jwks.endpoint.url = null
	sasl.oauthbearer.scope.claim.name = scope
	sasl.oauthbearer.sub.claim.name = sub
	sasl.oauthbearer.token.endpoint.url = null
	security.protocol = PLAINTEXT
	security.providers = null
	send.buffer.bytes = 131072
	socket.connection.setup.timeout.max.ms = 30000
	socket.connection.setup.timeout.ms = 10000
	ssl.cipher.suites = null
	ssl.enabled.protocols = [TLSv1.2, TLSv1.3]
	ssl.endpoint.identification.algorithm = https
	ssl.engine.factory.class = null
	ssl.key.password = null
	ssl.keymanager.algorithm = SunX509
	ssl.keystore.certificate.chain = null
	ssl.keystore.key = null
	ssl.keystore.location = null
	ssl.keystore.password = null
	ssl.keystore.type = JKS
	ssl.protocol = TLSv1.3
	ssl.provider = null
	ssl.secure.random.implementation = null
	ssl.trustmanager.algorithm = PKIX
	ssl.truststore.certificates = null
	ssl.truststore.location = null
	ssl.truststore.password = null
	ssl.truststore.type = JKS
	transaction.timeout.ms = 60000
	transactional.id = null
	value.serializer = class io.confluent.kafka.serializers.KafkaAvroSerializer

2025-08-20 12:46:10,555 INFO  [org.apa.kaf.com.tel.int.KafkaMetricsCollector] (main) initializing Kafka metrics collector
2025-08-20 12:46:10,555 INFO  [io.con.kaf.ser.KafkaAvroSerializerConfig] (main) KafkaAvroSerializerConfig values: 
	auto.register.schemas = false
	avro.reflection.allow.null = false
	avro.remove.java.properties = false
	avro.use.logical.type.converters = false
	basic.auth.credentials.source = URL
	basic.auth.user.info = [hidden]
	bearer.auth.cache.expiry.buffer.seconds = 300
	bearer.auth.client.id = null
	bearer.auth.client.secret = null
	bearer.auth.credentials.source = STATIC_TOKEN
	bearer.auth.custom.provider.class = null
	bearer.auth.identity.pool.id = null
	bearer.auth.issuer.endpoint.url = null
	bearer.auth.logical.cluster = null
	bearer.auth.scope = null
	bearer.auth.scope.claim.name = scope
	bearer.auth.sub.claim.name = sub
	bearer.auth.token = [hidden]
	context.name.strategy = class io.confluent.kafka.serializers.context.NullContextNameStrategy
	http.connect.timeout.ms = 60000
	http.read.timeout.ms = 60000
	id.compatibility.strict = true
	key.schema.id.deserializer = class io.confluent.kafka.serializers.schema.id.DualSchemaIdDeserializer
	key.schema.id.serializer = class io.confluent.kafka.serializers.schema.id.PrefixSchemaIdSerializer
	key.subject.name.strategy = class io.confluent.kafka.serializers.subject.TopicNameStrategy
	latest.cache.size = 1000
	latest.cache.ttl.sec = -1
	latest.compatibility.strict = true
	max.retries = 3
	max.schemas.per.subject = 1000
	normalize.schemas = false
	propagate.schema.tags = false
	proxy.host = 
	proxy.port = -1
	retries.max.wait.ms = 20000
	retries.wait.ms = 1000
	rule.actions = []
	rule.executors = []
	rule.service.loader.enable = true
	schema.format = null
	schema.reflection = false
	schema.registry.basic.auth.user.info = [hidden]
	schema.registry.ssl.cipher.suites = null
	schema.registry.ssl.enabled.protocols = [TLSv1.2, TLSv1.3]
	schema.registry.ssl.endpoint.identification.algorithm = https
	schema.registry.ssl.engine.factory.class = null
	schema.registry.ssl.key.password = null
	schema.registry.ssl.keymanager.algorithm = SunX509
	schema.registry.ssl.keystore.certificate.chain = null
	schema.registry.ssl.keystore.key = null
	schema.registry.ssl.keystore.location = null
	schema.registry.ssl.keystore.password = null
	schema.registry.ssl.keystore.type = JKS
	schema.registry.ssl.protocol = TLSv1.3
	schema.registry.ssl.provider = null
	schema.registry.ssl.secure.random.implementation = null
	schema.registry.ssl.trustmanager.algorithm = PKIX
	schema.registry.ssl.truststore.certificates = null
	schema.registry.ssl.truststore.location = null
	schema.registry.ssl.truststore.password = null
	schema.registry.ssl.truststore.type = JKS
	schema.registry.url = [http://registry-app-ksql047.apps.ci419.apicurio-testing.org:80/apis/ccompat/v7]
	schema.registry.url.randomize = false
	use.latest.version = false
	use.latest.with.metadata = null
	use.schema.id = -1
	value.schema.id.deserializer = class io.confluent.kafka.serializers.schema.id.DualSchemaIdDeserializer
	value.schema.id.serializer = class io.confluent.kafka.serializers.schema.id.PrefixSchemaIdSerializer
	value.subject.name.strategy = class io.confluent.kafka.serializers.subject.RecordNameStrategy

2025-08-20 12:46:10,557 INFO  [org.apa.kaf.cli.pro.KafkaProducer] (main) [Producer clientId=Producer-topic-4085361b_1c98_4e97_bc1b_a1d6dcc8d9b6] Instantiated an idempotent producer.
2025-08-20 12:46:10,558 INFO  [org.apa.kaf.cli.pro.ProducerConfig] (main) These configurations '[schema.registry.url, auto.register.schemas, value.subject.name.strategy]' were supplied but are not used yet.
2025-08-20 12:46:10,558 INFO  [org.apa.kaf.com.uti.AppInfoParser] (main) Kafka version: 3.9.1
2025-08-20 12:46:10,558 INFO  [org.apa.kaf.com.uti.AppInfoParser] (main) Kafka commitId: f745dfdcee2b9851
2025-08-20 12:46:10,558 INFO  [org.apa.kaf.com.uti.AppInfoParser] (main) Kafka startTimeMs: 1755693970558
2025-08-20 12:46:10,558 INFO  [io.api.tes.ser.api.KafkaSerdesTester] (ForkJoinPool.commonPool-worker-1) Sending message {"wrongkey": "value-0"} to topic topic-4085361b_1c98_4e97_bc1b_a1d6dcc8d9b6
2025-08-20 12:46:10,560 INFO  [org.apa.kaf.cli.Metadata] (kafka-producer-network-thread | Producer-topic-4085361b_1c98_4e97_bc1b_a1d6dcc8d9b6) [Producer clientId=Producer-topic-4085361b_1c98_4e97_bc1b_a1d6dcc8d9b6] Cluster ID: EQyFwMkXTJ-zd_jVgBIUnQ
2025-08-20 12:46:10,560 INFO  [org.apa.kaf.cli.pro.int.TransactionManager] (kafka-producer-network-thread | Producer-topic-4085361b_1c98_4e97_bc1b_a1d6dcc8d9b6) [Producer clientId=Producer-topic-4085361b_1c98_4e97_bc1b_a1d6dcc8d9b6] ProducerId set to 58 with epoch 0
2025-08-20 12:46:10,598 INFO  [org.apa.kaf.cli.pro.KafkaProducer] (ForkJoinPool.commonPool-worker-1) [Producer clientId=Producer-topic-4085361b_1c98_4e97_bc1b_a1d6dcc8d9b6] Closing the Kafka producer with timeoutMillis = 9223372036854775807 ms.
2025-08-20 12:46:10,599 INFO  [org.apa.kaf.com.met.Metrics] (ForkJoinPool.commonPool-worker-1) Metrics scheduler closed
2025-08-20 12:46:10,599 INFO  [org.apa.kaf.com.met.Metrics] (ForkJoinPool.commonPool-worker-1) Closing reporter org.apache.kafka.common.metrics.JmxReporter
2025-08-20 12:46:10,599 INFO  [org.apa.kaf.com.met.Metrics] (ForkJoinPool.commonPool-worker-1) Closing reporter org.apache.kafka.common.telemetry.internals.ClientTelemetryReporter
2025-08-20 12:46:10,599 INFO  [org.apa.kaf.com.met.Metrics] (ForkJoinPool.commonPool-worker-1) Metrics reporters closed
2025-08-20 12:46:10,599 INFO  [org.apa.kaf.com.uti.AppInfoParser] (ForkJoinPool.commonPool-worker-1) App info kafka.producer for Producer-topic-4085361b_1c98_4e97_bc1b_a1d6dcc8d9b6 unregistered
2025-08-20 12:46:10,675 INFO  [io.api.tes.ser.con.BasicConfluentSerDesIT] (main) Deleting confluent schema topic-4085361b_1c98_4e97_bc1b_a1d6dcc8d9b6-value
2025-08-20 12:46:10,739 INFO  [io.api.tes.uti.TestSeparator] (main) io.apicurio.tests.serdes.confluent.BasicConfluentSerDesIT.testAvroConfluentSerDesWrongStrategyRecord-FINISHED
2025-08-20 12:46:10,739 INFO  [io.api.tes.uti.TestSeparator] (main) ############################################################################
Test passed: testAvroConfluentSerDesWrongStrategyRecord
]]></system-out>
  </testcase>
</testsuite>