<?xml version="1.0" encoding="UTF-8"?>
<testsuite xmlns:xsi="http://www.w3.org/2001/XMLSchema-instance" xsi:noNamespaceSchemaLocation="https://maven.apache.org/surefire/maven-failsafe-plugin/xsd/failsafe-test-report.xsd" version="3.0.2" name="io.apicurio.tests.serdes.apicurio.AvroSerdeIT" time="121.965" tests="21" errors="0" skipped="2" failures="0">
  <properties>
    <property name="java.specification.version" value="17"/>
    <property name="sun.jnu.encoding" value="UTF-8"/>
    <property name="java.class.path" value="/home/runner/work/apicurio-testing/apicurio-testing/clusters/ci419/namespaces/inmemory/tests/integration/apicurio-registry/integration-tests/target/test-classes:/home/runner/work/apicurio-testing/apicurio-testing/clusters/ci419/namespaces/inmemory/tests/integration/apicurio-registry/integration-tests/target/apicurio-registry-integration-tests-3.0.12-SNAPSHOT.jar:/home/runner/.m2/repository/io/quarkus/quarkus-junit5/3.20.2/quarkus-junit5-3.20.2.jar:/home/runner/.m2/repository/io/quarkus/quarkus-bootstrap-core/3.20.2/quarkus-bootstrap-core-3.20.2.jar:/home/runner/.m2/repository/io/quarkus/quarkus-classloader-commons/3.20.2/quarkus-classloader-commons-3.20.2.jar:/home/runner/.m2/repository/io/quarkus/quarkus-bootstrap-app-model/3.20.2/quarkus-bootstrap-app-model-3.20.2.jar:/home/runner/.m2/repository/io/smallrye/common/smallrye-common-io/2.12.0/smallrye-common-io-2.12.0.jar:/home/runner/.m2/repository/org/eclipse/sisu/org.eclipse.sisu.inject/0.9.0.M3/org.eclipse.sisu.inject-0.9.0.M3.jar:/home/runner/.m2/repository/io/quarkus/quarkus-test-common/3.20.2/quarkus-test-common-3.20.2.jar:/home/runner/.m2/repository/io/quarkus/quarkus-core-deployment/3.20.2/quarkus-core-deployment-3.20.2.jar:/home/runner/.m2/repository/org/aesh/readline/2.6/readline-2.6.jar:/home/runner/.m2/repository/org/fusesource/jansi/jansi/2.4.0/jansi-2.4.0.jar:/home/runner/.m2/repository/org/aesh/aesh/2.8.2/aesh-2.8.2.jar:/home/runner/.m2/repository/io/quarkus/gizmo/gizmo/1.8.0/gizmo-1.8.0.jar:/home/runner/.m2/repository/org/ow2/asm/asm-util/9.7.1/asm-util-9.7.1.jar:/home/runner/.m2/repository/org/ow2/asm/asm-analysis/9.7.1/asm-analysis-9.7.1.jar:/home/runner/.m2/repository/org/ow2/asm/asm-commons/9.7.1/asm-commons-9.7.1.jar:/home/runner/.m2/repository/org/ow2/asm/asm-tree/9.7.1/asm-tree-9.7.1.jar:/home/runner/.m2/repository/io/quarkus/quarkus-hibernate-validator-spi/3.20.2/quarkus-hibernate-validator-spi-3.20.2.jar:/home/runner/.m2/repository/io/quarkus/quarkus-class-change-agent/3.20.2/quarkus-class-change-agent-3.20.2.jar:/home/runner/.m2/repository/io/quarkus/quarkus-devtools-utilities/3.20.2/quarkus-devtools-utilities-3.20.2.jar:/home/runner/.m2/repository/io/quarkus/quarkus-builder/3.20.2/quarkus-builder-3.20.2.jar:/home/runner/.m2/repository/org/graalvm/sdk/nativeimage/23.1.2/nativeimage-23.1.2.jar:/home/runner/.m2/repository/org/graalvm/sdk/word/23.1.2/word-23.1.2.jar:/home/runner/.m2/repository/io/quarkus/quarkus-bootstrap-maven-resolver/3.20.2/quarkus-bootstrap-maven-resolver-3.20.2.jar:/home/runner/.m2/repository/io/smallrye/beanbag/smallrye-beanbag-maven/1.5.2/smallrye-beanbag-maven-1.5.2.jar:/home/runner/.m2/repository/io/smallrye/beanbag/smallrye-beanbag-sisu/1.5.2/smallrye-beanbag-sisu-1.5.2.jar:/home/runner/.m2/repository/io/smallrye/beanbag/smallrye-beanbag/1.5.2/smallrye-beanbag-1.5.2.jar:/home/runner/.m2/repository/javax/inject/javax.inject/1/javax.inject-1.jar:/home/runner/.m2/repository/org/apache/maven/maven-artifact/3.9.9/maven-artifact-3.9.9.jar:/home/runner/.m2/repository/org/apache/maven/maven-builder-support/3.9.9/maven-builder-support-3.9.9.jar:/home/runner/.m2/repository/org/apache/maven/maven-model/3.9.9/maven-model-3.9.9.jar:/home/runner/.m2/repository/org/apache/maven/maven-model-builder/3.9.9/maven-model-builder-3.9.9.jar:/home/runner/.m2/repository/org/apache/maven/maven-repository-metadata/3.9.9/maven-repository-metadata-3.9.9.jar:/home/runner/.m2/repository/org/apache/maven/maven-settings/3.9.9/maven-settings-3.9.9.jar:/home/runner/.m2/repository/org/apache/maven/resolver/maven-resolver-api/1.9.22/maven-resolver-api-1.9.22.jar:/home/runner/.m2/repository/org/apache/maven/resolver/maven-resolver-impl/1.9.22/maven-resolver-impl-1.9.22.jar:/home/runner/.m2/repository/org/apache/maven/resolver/maven-resolver-named-locks/1.9.22/maven-resolver-named-locks-1.9.22.jar:/home/runner/.m2/repository/org/apache/maven/resolver/maven-resolver-spi/1.9.22/maven-resolver-spi-1.9.22.jar:/home/runner/.m2/repository/org/apache/maven/resolver/maven-resolver-util/1.9.22/maven-resolver-util-1.9.22.jar:/home/runner/.m2/repository/org/apache/maven/resolver/maven-resolver-transport-http/1.9.20/maven-resolver-transport-http-1.9.20.jar:/home/runner/.m2/repository/org/apache/maven/wagon/wagon-provider-api/3.5.3/wagon-provider-api-3.5.3.jar:/home/runner/.m2/repository/org/apache/maven/wagon/wagon-http-shared/3.5.3/wagon-http-shared-3.5.3.jar:/home/runner/.m2/repository/org/codehaus/plexus/plexus-interpolation/1.26/plexus-interpolation-1.26.jar:/home/runner/.m2/repository/org/codehaus/plexus/plexus-utils/3.5.1/plexus-utils-3.5.1.jar:/home/runner/.m2/repository/org/codehaus/plexus/plexus-xml/4.0.1/plexus-xml-4.0.1.jar:/home/runner/.m2/repository/org/apache/maven/maven-xml-impl/4.0.0-alpha-5/maven-xml-impl-4.0.0-alpha-5.jar:/home/runner/.m2/repository/org/apache/maven/maven-api-xml/4.0.0-alpha-5/maven-api-xml-4.0.0-alpha-5.jar:/home/runner/.m2/repository/org/apache/maven/maven-api-meta/4.0.0-alpha-5/maven-api-meta-4.0.0-alpha-5.jar:/home/runner/.m2/repository/org/codehaus/plexus/plexus-cipher/2.0/plexus-cipher-2.0.jar:/home/runner/.m2/repository/org/codehaus/plexus/plexus-sec-dispatcher/2.0/plexus-sec-dispatcher-2.0.jar:/home/runner/.m2/repository/org/apache/maven/maven-embedder/3.9.9/maven-embedder-3.9.9.jar:/home/runner/.m2/repository/org/apache/maven/maven-core/3.9.9/maven-core-3.9.9.jar:/home/runner/.m2/repository/org/codehaus/plexus/plexus-component-annotations/2.1.0/plexus-component-annotations-2.1.0.jar:/home/runner/.m2/repository/org/apache/maven/maven-plugin-api/3.9.9/maven-plugin-api-3.9.9.jar:/home/runner/.m2/repository/org/apache/maven/shared/maven-shared-utils/3.4.2/maven-shared-utils-3.4.2.jar:/home/runner/.m2/repository/com/google/inject/guice/5.1.0/guice-5.1.0.jar:/home/runner/.m2/repository/aopalliance/aopalliance/1.0/aopalliance-1.0.jar:/home/runner/.m2/repository/org/codehaus/plexus/plexus-classworlds/2.6.0/plexus-classworlds-2.6.0.jar:/home/runner/.m2/repository/commons-cli/commons-cli/1.8.0/commons-cli-1.8.0.jar:/home/runner/.m2/repository/org/eclipse/sisu/org.eclipse.sisu.plexus/0.9.0.M3/org.eclipse.sisu.plexus-0.9.0.M3.jar:/home/runner/.m2/repository/org/apache/maven/maven-settings-builder/3.9.9/maven-settings-builder-3.9.9.jar:/home/runner/.m2/repository/org/apache/maven/maven-resolver-provider/3.9.9/maven-resolver-provider-3.9.9.jar:/home/runner/.m2/repository/org/apache/maven/resolver/maven-resolver-connector-basic/1.9.22/maven-resolver-connector-basic-1.9.22.jar:/home/runner/.m2/repository/org/apache/maven/resolver/maven-resolver-transport-wagon/1.9.22/maven-resolver-transport-wagon-1.9.22.jar:/home/runner/.m2/repository/org/apache/maven/wagon/wagon-http/3.5.3/wagon-http-3.5.3.jar:/home/runner/.m2/repository/org/apache/maven/wagon/wagon-file/3.5.3/wagon-file-3.5.3.jar:/home/runner/.m2/repository/io/quarkus/quarkus-bootstrap-gradle-resolver/3.20.2/quarkus-bootstrap-gradle-resolver-3.20.2.jar:/home/runner/.m2/repository/io/smallrye/jandex/3.3.0/jandex-3.3.0.jar:/home/runner/.m2/repository/org/jboss/logging/commons-logging-jboss-logging/1.0.0.Final/commons-logging-jboss-logging-1.0.0.Final.jar:/home/runner/.m2/repository/io/quarkus/quarkus-junit5-config/3.20.2/quarkus-junit5-config-3.20.2.jar:/home/runner/.m2/repository/org/junit/jupiter/junit-jupiter-api/5.12.1/junit-jupiter-api-5.12.1.jar:/home/runner/.m2/repository/io/smallrye/config/smallrye-config/3.11.4/smallrye-config-3.11.4.jar:/home/runner/.m2/repository/io/smallrye/config/smallrye-config-core/3.11.4/smallrye-config-core-3.11.4.jar:/home/runner/.m2/repository/io/smallrye/common/smallrye-common-classloader/2.12.0/smallrye-common-classloader-2.12.0.jar:/home/runner/.m2/repository/io/smallrye/config/smallrye-config-common/3.11.4/smallrye-config-common-3.11.4.jar:/home/runner/.m2/repository/org/junit/jupiter/junit-jupiter/5.12.1/junit-jupiter-5.12.1.jar:/home/runner/.m2/repository/org/junit/jupiter/junit-jupiter-params/5.12.1/junit-jupiter-params-5.12.1.jar:/home/runner/.m2/repository/org/junit/jupiter/junit-jupiter-engine/5.12.1/junit-jupiter-engine-5.12.1.jar:/home/runner/.m2/repository/io/quarkus/quarkus-core/3.20.2/quarkus-core-3.20.2.jar:/home/runner/.m2/repository/jakarta/enterprise/jakarta.enterprise.cdi-api/4.1.0/jakarta.enterprise.cdi-api-4.1.0.jar:/home/runner/.m2/repository/jakarta/enterprise/jakarta.enterprise.lang-model/4.1.0/jakarta.enterprise.lang-model-4.1.0.jar:/home/runner/.m2/repository/jakarta/el/jakarta.el-api/5.0.1/jakarta.el-api-5.0.1.jar:/home/runner/.m2/repository/jakarta/interceptor/jakarta.interceptor-api/2.2.0/jakarta.interceptor-api-2.2.0.jar:/home/runner/.m2/repository/jakarta/inject/jakarta.inject-api/2.0.1/jakarta.inject-api-2.0.1.jar:/home/runner/.m2/repository/io/smallrye/common/smallrye-common-os/2.12.0/smallrye-common-os-2.12.0.jar:/home/runner/.m2/repository/io/quarkus/quarkus-ide-launcher/3.20.2/quarkus-ide-launcher-3.20.2.jar:/home/runner/.m2/repository/io/quarkus/quarkus-development-mode-spi/3.20.2/quarkus-development-mode-spi-3.20.2.jar:/home/runner/.m2/repository/org/jboss/logging/jboss-logging/3.6.1.Final/jboss-logging-3.6.1.Final.jar:/home/runner/.m2/repository/org/jboss/logmanager/jboss-logmanager/3.1.2.Final/jboss-logmanager-3.1.2.Final.jar:/home/runner/.m2/repository/io/smallrye/common/smallrye-common-constraint/2.12.0/smallrye-common-constraint-2.12.0.jar:/home/runner/.m2/repository/io/smallrye/common/smallrye-common-cpu/2.12.0/smallrye-common-cpu-2.12.0.jar:/home/runner/.m2/repository/io/smallrye/common/smallrye-common-expression/2.12.0/smallrye-common-expression-2.12.0.jar:/home/runner/.m2/repository/io/smallrye/common/smallrye-common-net/2.12.0/smallrye-common-net-2.12.0.jar:/home/runner/.m2/repository/io/smallrye/common/smallrye-common-ref/2.12.0/smallrye-common-ref-2.12.0.jar:/home/runner/.m2/repository/jakarta/json/jakarta.json-api/2.1.3/jakarta.json-api-2.1.3.jar:/home/runner/.m2/repository/org/eclipse/parsson/parsson/1.1.7/parsson-1.1.7.jar:/home/runner/.m2/repository/org/jboss/logging/jboss-logging-annotations/3.0.4.Final/jboss-logging-annotations-3.0.4.Final.jar:/home/runner/.m2/repository/org/jboss/threads/jboss-threads/3.8.0.Final/jboss-threads-3.8.0.Final.jar:/home/runner/.m2/repository/io/smallrye/common/smallrye-common-annotation/2.12.0/smallrye-common-annotation-2.12.0.jar:/home/runner/.m2/repository/io/smallrye/common/smallrye-common-function/2.12.0/smallrye-common-function-2.12.0.jar:/home/runner/.m2/repository/org/jboss/slf4j/slf4j-jboss-logmanager/2.0.0.Final/slf4j-jboss-logmanager-2.0.0.Final.jar:/home/runner/.m2/repository/org/wildfly/common/wildfly-common/2.0.1/wildfly-common-2.0.1.jar:/home/runner/.m2/repository/io/quarkus/quarkus-bootstrap-runner/3.20.2/quarkus-bootstrap-runner-3.20.2.jar:/home/runner/.m2/repository/io/github/crac/org-crac/0.1.3/org-crac-0.1.3.jar:/home/runner/.m2/repository/io/quarkus/quarkus-fs-util/0.0.10/quarkus-fs-util-0.0.10.jar:/home/runner/.m2/repository/org/jboss/marshalling/jboss-marshalling/2.2.2.Final/jboss-marshalling-2.2.2.Final.jar:/home/runner/.m2/repository/io/fabric8/kubernetes-client/7.1.0/kubernetes-client-7.1.0.jar:/home/runner/.m2/repository/io/fabric8/kubernetes-client-api/7.1.0/kubernetes-client-api-7.1.0.jar:/home/runner/.m2/repository/io/fabric8/kubernetes-model-core/7.1.0/kubernetes-model-core-7.1.0.jar:/home/runner/.m2/repository/io/fabric8/kubernetes-model-common/7.1.0/kubernetes-model-common-7.1.0.jar:/home/runner/.m2/repository/javax/annotation/javax.annotation-api/1.3.2/javax.annotation-api-1.3.2.jar:/home/runner/.m2/repository/io/fabric8/kubernetes-model-gatewayapi/7.1.0/kubernetes-model-gatewayapi-7.1.0.jar:/home/runner/.m2/repository/io/fabric8/kubernetes-model-resource/7.1.0/kubernetes-model-resource-7.1.0.jar:/home/runner/.m2/repository/io/fabric8/kubernetes-model-rbac/7.1.0/kubernetes-model-rbac-7.1.0.jar:/home/runner/.m2/repository/io/fabric8/kubernetes-model-admissionregistration/7.1.0/kubernetes-model-admissionregistration-7.1.0.jar:/home/runner/.m2/repository/io/fabric8/kubernetes-model-apps/7.1.0/kubernetes-model-apps-7.1.0.jar:/home/runner/.m2/repository/io/fabric8/kubernetes-model-autoscaling/7.1.0/kubernetes-model-autoscaling-7.1.0.jar:/home/runner/.m2/repository/io/fabric8/kubernetes-model-apiextensions/7.1.0/kubernetes-model-apiextensions-7.1.0.jar:/home/runner/.m2/repository/io/fabric8/kubernetes-model-batch/7.1.0/kubernetes-model-batch-7.1.0.jar:/home/runner/.m2/repository/io/fabric8/kubernetes-model-certificates/7.1.0/kubernetes-model-certificates-7.1.0.jar:/home/runner/.m2/repository/io/fabric8/kubernetes-model-coordination/7.1.0/kubernetes-model-coordination-7.1.0.jar:/home/runner/.m2/repository/io/fabric8/kubernetes-model-discovery/7.1.0/kubernetes-model-discovery-7.1.0.jar:/home/runner/.m2/repository/io/fabric8/kubernetes-model-events/7.1.0/kubernetes-model-events-7.1.0.jar:/home/runner/.m2/repository/io/fabric8/kubernetes-model-extensions/7.1.0/kubernetes-model-extensions-7.1.0.jar:/home/runner/.m2/repository/io/fabric8/kubernetes-model-flowcontrol/7.1.0/kubernetes-model-flowcontrol-7.1.0.jar:/home/runner/.m2/repository/io/fabric8/kubernetes-model-networking/7.1.0/kubernetes-model-networking-7.1.0.jar:/home/runner/.m2/repository/io/fabric8/kubernetes-model-metrics/7.1.0/kubernetes-model-metrics-7.1.0.jar:/home/runner/.m2/repository/io/fabric8/kubernetes-model-policy/7.1.0/kubernetes-model-policy-7.1.0.jar:/home/runner/.m2/repository/io/fabric8/kubernetes-model-scheduling/7.1.0/kubernetes-model-scheduling-7.1.0.jar:/home/runner/.m2/repository/io/fabric8/kubernetes-model-storageclass/7.1.0/kubernetes-model-storageclass-7.1.0.jar:/home/runner/.m2/repository/io/fabric8/kubernetes-model-node/7.1.0/kubernetes-model-node-7.1.0.jar:/home/runner/.m2/repository/org/snakeyaml/snakeyaml-engine/2.9/snakeyaml-engine-2.9.jar:/home/runner/.m2/repository/com/fasterxml/jackson/dataformat/jackson-dataformat-yaml/2.18.2/jackson-dataformat-yaml-2.18.2.jar:/home/runner/.m2/repository/com/fasterxml/jackson/datatype/jackson-datatype-jsr310/2.18.2/jackson-datatype-jsr310-2.18.2.jar:/home/runner/.m2/repository/io/fabric8/zjsonpatch/7.1.0/zjsonpatch-7.1.0.jar:/home/runner/.m2/repository/io/fabric8/kubernetes-httpclient-vertx/7.1.0/kubernetes-httpclient-vertx-7.1.0.jar:/home/runner/.m2/repository/io/vertx/vertx-web-client/4.5.16/vertx-web-client-4.5.16.jar:/home/runner/.m2/repository/io/vertx/vertx-web-common/4.5.16/vertx-web-common-4.5.16.jar:/home/runner/.m2/repository/io/vertx/vertx-auth-common/4.5.16/vertx-auth-common-4.5.16.jar:/home/runner/.m2/repository/io/vertx/vertx-uri-template/4.5.16/vertx-uri-template-4.5.16.jar:/home/runner/.m2/repository/io/fabric8/openshift-client/7.1.0/openshift-client-7.1.0.jar:/home/runner/.m2/repository/io/fabric8/openshift-client-api/7.1.0/openshift-client-api-7.1.0.jar:/home/runner/.m2/repository/io/fabric8/openshift-model/7.1.0/openshift-model-7.1.0.jar:/home/runner/.m2/repository/io/fabric8/openshift-model-autoscaling/7.1.0/openshift-model-autoscaling-7.1.0.jar:/home/runner/.m2/repository/io/fabric8/openshift-model-operator/7.1.0/openshift-model-operator-7.1.0.jar:/home/runner/.m2/repository/io/fabric8/openshift-model-operatorhub/7.1.0/openshift-model-operatorhub-7.1.0.jar:/home/runner/.m2/repository/io/fabric8/openshift-model-machine/7.1.0/openshift-model-machine-7.1.0.jar:/home/runner/.m2/repository/io/fabric8/openshift-model-whereabouts/7.1.0/openshift-model-whereabouts-7.1.0.jar:/home/runner/.m2/repository/io/fabric8/openshift-model-monitoring/7.1.0/openshift-model-monitoring-7.1.0.jar:/home/runner/.m2/repository/io/fabric8/openshift-model-storageversionmigrator/7.1.0/openshift-model-storageversionmigrator-7.1.0.jar:/home/runner/.m2/repository/io/fabric8/openshift-model-tuned/7.1.0/openshift-model-tuned-7.1.0.jar:/home/runner/.m2/repository/io/fabric8/openshift-model-console/7.1.0/openshift-model-console-7.1.0.jar:/home/runner/.m2/repository/io/fabric8/openshift-model-config/7.1.0/openshift-model-config-7.1.0.jar:/home/runner/.m2/repository/io/fabric8/openshift-model-machineconfiguration/7.1.0/openshift-model-machineconfiguration-7.1.0.jar:/home/runner/.m2/repository/io/fabric8/openshift-model-miscellaneous/7.1.0/openshift-model-miscellaneous-7.1.0.jar:/home/runner/.m2/repository/io/fabric8/openshift-model-hive/7.1.0/openshift-model-hive-7.1.0.jar:/home/runner/.m2/repository/io/fabric8/openshift-model-installer/7.1.0/openshift-model-installer-7.1.0.jar:/home/runner/.m2/repository/org/junit/platform/junit-platform-launcher/1.12.1/junit-platform-launcher-1.12.1.jar:/home/runner/.m2/repository/org/junit/platform/junit-platform-engine/1.12.1/junit-platform-engine-1.12.1.jar:/home/runner/.m2/repository/org/opentest4j/opentest4j/1.3.0/opentest4j-1.3.0.jar:/home/runner/.m2/repository/org/junit/platform/junit-platform-commons/1.12.1/junit-platform-commons-1.12.1.jar:/home/runner/.m2/repository/org/apiguardian/apiguardian-api/1.1.2/apiguardian-api-1.1.2.jar:/home/runner/.m2/repository/jakarta/ws/rs/jakarta.ws.rs-api/3.1.0/jakarta.ws.rs-api-3.1.0.jar:/home/runner/work/apicurio-testing/apicurio-testing/clusters/ci419/namespaces/inmemory/tests/integration/apicurio-registry/java-sdk/target/apicurio-registry-java-sdk-3.0.12-SNAPSHOT.jar:/home/runner/.m2/repository/com/microsoft/kiota/microsoft-kiota-abstractions/1.8.9/microsoft-kiota-abstractions-1.8.9.jar:/home/runner/.m2/repository/io/github/std-uritemplate/std-uritemplate/2.0.0/std-uritemplate-2.0.0.jar:/home/runner/.m2/repository/io/kiota/kiota-http-jdk/0.0.29/kiota-http-jdk-0.0.29.jar:/home/runner/.m2/repository/io/kiota/kiota-http-vertx/0.0.29/kiota-http-vertx-0.0.29.jar:/home/runner/.m2/repository/io/kiota/kiota-serialization-jackson/0.0.29/kiota-serialization-jackson-0.0.29.jar:/home/runner/.m2/repository/com/microsoft/kiota/microsoft-kiota-serialization-text/1.8.9/microsoft-kiota-serialization-text-1.8.9.jar:/home/runner/.m2/repository/com/microsoft/kiota/microsoft-kiota-serialization-form/1.8.9/microsoft-kiota-serialization-form-1.8.9.jar:/home/runner/.m2/repository/com/microsoft/kiota/microsoft-kiota-serialization-multipart/1.8.9/microsoft-kiota-serialization-multipart-1.8.9.jar:/home/runner/.m2/repository/jakarta/annotation/jakarta.annotation-api/3.0.0/jakarta.annotation-api-3.0.0.jar:/home/runner/.m2/repository/io/vertx/vertx-auth-oauth2/4.5.16/vertx-auth-oauth2-4.5.16.jar:/home/runner/work/apicurio-testing/apicurio-testing/clusters/ci419/namespaces/inmemory/tests/integration/apicurio-registry/java-sdk-v2/target/apicurio-registry-v2-java-sdk-3.0.12-SNAPSHOT.jar:/home/runner/work/apicurio-testing/apicurio-testing/clusters/ci419/namespaces/inmemory/tests/integration/apicurio-registry/utils/kafka/target/apicurio-registry-utils-kafka-3.0.12-SNAPSHOT-tests.jar:/home/runner/.m2/repository/org/eclipse/microprofile/config/microprofile-config-api/3.1/microprofile-config-api-3.1.jar:/home/runner/.m2/repository/org/apache/kafka/kafka-clients/3.9.1/kafka-clients-3.9.1.jar:/home/runner/.m2/repository/com/github/luben/zstd-jni/1.5.6-4/zstd-jni-1.5.6-4.jar:/home/runner/.m2/repository/org/lz4/lz4-java/1.8.0/lz4-java-1.8.0.jar:/home/runner/.m2/repository/org/xerial/snappy/snappy-java/1.1.10.5/snappy-java-1.1.10.5.jar:/home/runner/.m2/repository/org/slf4j/slf4j-api/2.0.6/slf4j-api-2.0.6.jar:/home/runner/work/apicurio-testing/apicurio-testing/clusters/ci419/namespaces/inmemory/tests/integration/apicurio-registry/utils/tests/target/apicurio-registry-utils-tests-3.0.12-SNAPSHOT.jar:/home/runner/work/apicurio-testing/apicurio-testing/clusters/ci419/namespaces/inmemory/tests/integration/apicurio-registry/common/target/apicurio-registry-common-3.0.12-SNAPSHOT.jar:/home/runner/.m2/repository/jakarta/validation/jakarta.validation-api/3.0.2/jakarta.validation-api-3.0.2.jar:/home/runner/.m2/repository/com/github/dasniko/testcontainers-keycloak/3.8.0/testcontainers-keycloak-3.8.0.jar:/home/runner/.m2/repository/org/testcontainers/testcontainers/1.20.6/testcontainers-1.20.6.jar:/home/runner/.m2/repository/org/rnorth/duct-tape/duct-tape/1.0.8/duct-tape-1.0.8.jar:/home/runner/.m2/repository/com/github/docker-java/docker-java-transport-zerodep/3.4.1/docker-java-transport-zerodep-3.4.1.jar:/home/runner/.m2/repository/com/github/docker-java/docker-java-transport/3.4.1/docker-java-transport-3.4.1.jar:/home/runner/.m2/repository/net/java/dev/jna/jna/5.8.0/jna-5.8.0.jar:/home/runner/.m2/repository/io/quarkus/quarkus-junit4-mock/3.20.2/quarkus-junit4-mock-3.20.2.jar:/home/runner/.m2/repository/org/jboss/shrinkwrap/shrinkwrap-api/2.0.0-beta-2/shrinkwrap-api-2.0.0-beta-2.jar:/home/runner/.m2/repository/org/jboss/shrinkwrap/shrinkwrap-impl-base/2.0.0-beta-2/shrinkwrap-impl-base-2.0.0-beta-2.jar:/home/runner/.m2/repository/org/jboss/shrinkwrap/shrinkwrap-spi/2.0.0-beta-2/shrinkwrap-spi-2.0.0-beta-2.jar:/home/runner/.m2/repository/org/keycloak/keycloak-admin-client/26.0.4/keycloak-admin-client-26.0.4.jar:/home/runner/.m2/repository/org/keycloak/keycloak-client-common-synced/26.0.4/keycloak-client-common-synced-26.0.4.jar:/home/runner/.m2/repository/jakarta/activation/jakarta.activation-api/2.1.3/jakarta.activation-api-2.1.3.jar:/home/runner/.m2/repository/org/eclipse/microprofile/openapi/microprofile-openapi-api/4.0.2/microprofile-openapi-api-4.0.2.jar:/home/runner/.m2/repository/org/jboss/resteasy/resteasy-client/6.2.12.Final/resteasy-client-6.2.12.Final.jar:/home/runner/.m2/repository/org/jboss/resteasy/resteasy-client-api/6.2.12.Final/resteasy-client-api-6.2.12.Final.jar:/home/runner/.m2/repository/org/jboss/resteasy/resteasy-core-spi/6.2.12.Final/resteasy-core-spi-6.2.12.Final.jar:/home/runner/.m2/repository/org/jboss/resteasy/resteasy-core/6.2.12.Final/resteasy-core-6.2.12.Final.jar:/home/runner/.m2/repository/org/eclipse/angus/angus-activation/2.0.2/angus-activation-2.0.2.jar:/home/runner/.m2/repository/com/ibm/async/asyncutil/0.1.0/asyncutil-0.1.0.jar:/home/runner/.m2/repository/org/reactivestreams/reactive-streams/1.0.4/reactive-streams-1.0.4.jar:/home/runner/.m2/repository/org/jboss/resteasy/resteasy-multipart-provider/6.2.12.Final/resteasy-multipart-provider-6.2.12.Final.jar:/home/runner/.m2/repository/jakarta/mail/jakarta.mail-api/2.1.3/jakarta.mail-api-2.1.3.jar:/home/runner/.m2/repository/org/eclipse/angus/angus-mail/2.0.3/angus-mail-2.0.3.jar:/home/runner/.m2/repository/org/apache/james/apache-mime4j-dom/0.8.12/apache-mime4j-dom-0.8.12.jar:/home/runner/.m2/repository/org/apache/james/apache-mime4j-core/0.8.12/apache-mime4j-core-0.8.12.jar:/home/runner/.m2/repository/org/apache/james/apache-mime4j-storage/0.8.12/apache-mime4j-storage-0.8.12.jar:/home/runner/.m2/repository/org/jboss/resteasy/resteasy-jackson2-provider/6.2.12.Final/resteasy-jackson2-provider-6.2.12.Final.jar:/home/runner/.m2/repository/com/fasterxml/jackson/jakarta/rs/jackson-jakarta-rs-base/2.18.2/jackson-jakarta-rs-base-2.18.2.jar:/home/runner/.m2/repository/com/fasterxml/jackson/jakarta/rs/jackson-jakarta-rs-json-provider/2.18.2/jackson-jakarta-rs-json-provider-2.18.2.jar:/home/runner/.m2/repository/com/fasterxml/jackson/module/jackson-module-jakarta-xmlbind-annotations/2.18.2/jackson-module-jakarta-xmlbind-annotations-2.18.2.jar:/home/runner/.m2/repository/com/github/java-json-tools/json-patch/1.13/json-patch-1.13.jar:/home/runner/.m2/repository/com/github/java-json-tools/msg-simple/1.2/msg-simple-1.2.jar:/home/runner/.m2/repository/com/github/java-json-tools/btf/1.3/btf-1.3.jar:/home/runner/.m2/repository/com/github/java-json-tools/jackson-coreutils/2.0/jackson-coreutils-2.0.jar:/home/runner/.m2/repository/org/jboss/resteasy/resteasy-jaxb-provider/6.2.12.Final/resteasy-jaxb-provider-6.2.12.Final.jar:/home/runner/.m2/repository/org/glassfish/jaxb/codemodel/4.0.5/codemodel-4.0.5.jar:/home/runner/.m2/repository/org/glassfish/jaxb/jaxb-core/4.0.5/jaxb-core-4.0.5.jar:/home/runner/.m2/repository/org/glassfish/jaxb/jaxb-jxc/4.0.5/jaxb-jxc-4.0.5.jar:/home/runner/.m2/repository/org/glassfish/jaxb/jaxb-runtime/4.0.5/jaxb-runtime-4.0.5.jar:/home/runner/.m2/repository/org/glassfish/jaxb/txw2/4.0.5/txw2-4.0.5.jar:/home/runner/.m2/repository/org/glassfish/jaxb/jaxb-xjc/4.0.5/jaxb-xjc-4.0.5.jar:/home/runner/.m2/repository/org/glassfish/jaxb/xsom/4.0.5/xsom-4.0.5.jar:/home/runner/.m2/repository/com/sun/istack/istack-commons-runtime/4.1.2/istack-commons-runtime-4.1.2.jar:/home/runner/.m2/repository/com/sun/istack/istack-commons-tools/4.1.2/istack-commons-tools-4.1.2.jar:/home/runner/.m2/repository/com/sun/xml/bind/external/relaxng-datatype/4.0.5/relaxng-datatype-4.0.5.jar:/home/runner/.m2/repository/com/sun/xml/bind/external/rngom/4.0.5/rngom-4.0.5.jar:/home/runner/.m2/repository/org/testcontainers/mssqlserver/1.20.6/mssqlserver-1.20.6.jar:/home/runner/.m2/repository/org/testcontainers/jdbc/1.20.6/jdbc-1.20.6.jar:/home/runner/.m2/repository/org/testcontainers/database-commons/1.20.6/database-commons-1.20.6.jar:/home/runner/.m2/repository/org/testcontainers/mysql/1.20.6/mysql-1.20.6.jar:/home/runner/.m2/repository/io/strimzi/strimzi-test-container/0.111.0/strimzi-test-container-0.111.0.jar:/home/runner/.m2/repository/org/testcontainers/toxiproxy/1.20.6/toxiproxy-1.20.6.jar:/home/runner/.m2/repository/com/github/docker-java/docker-java-api/3.4.1/docker-java-api-3.4.1.jar:/home/runner/.m2/repository/org/apache/logging/log4j/log4j-slf4j-impl/2.19.0/log4j-slf4j-impl-2.19.0.jar:/home/runner/.m2/repository/org/apache/logging/log4j/log4j-api/2.24.3/log4j-api-2.24.3.jar:/home/runner/.m2/repository/org/apache/logging/log4j/log4j-core/2.19.0/log4j-core-2.19.0.jar:/home/runner/.m2/repository/eu/rekawek/toxiproxy/toxiproxy-java/2.1.7/toxiproxy-java-2.1.7.jar:/home/runner/.m2/repository/org/testcontainers/pulsar/1.21.3/pulsar-1.21.3.jar:/home/runner/.m2/repository/io/debezium/debezium-testing-testcontainers/2.7.4.Final/debezium-testing-testcontainers-2.7.4.Final.jar:/home/runner/.m2/repository/org/testcontainers/kafka/1.20.6/kafka-1.20.6.jar:/home/runner/.m2/repository/com/squareup/okhttp3/okhttp/4.8.1/okhttp-4.8.1.jar:/home/runner/.m2/repository/com/squareup/okio/okio/3.10.2/okio-3.10.2.jar:/home/runner/.m2/repository/com/squareup/okio/okio-jvm/3.10.2/okio-jvm-3.10.2.jar:/home/runner/.m2/repository/org/jetbrains/kotlin/kotlin-stdlib/2.0.21/kotlin-stdlib-2.0.21.jar:/home/runner/.m2/repository/org/awaitility/awaitility/4.3.0/awaitility-4.3.0.jar:/home/runner/.m2/repository/org/testcontainers/mongodb/1.20.6/mongodb-1.20.6.jar:/home/runner/.m2/repository/org/testcontainers/mariadb/1.20.6/mariadb-1.20.6.jar:/home/runner/.m2/repository/org/testcontainers/oracle-xe/1.20.6/oracle-xe-1.20.6.jar:/home/runner/.m2/repository/org/testcontainers/postgresql/1.20.6/postgresql-1.20.6.jar:/home/runner/.m2/repository/org/wiremock/wiremock/3.0.1/wiremock-3.0.1.jar:/home/runner/.m2/repository/org/eclipse/jetty/jetty-server/11.0.15/jetty-server-11.0.15.jar:/home/runner/.m2/repository/org/eclipse/jetty/toolchain/jetty-jakarta-servlet-api/5.0.2/jetty-jakarta-servlet-api-5.0.2.jar:/home/runner/.m2/repository/org/eclipse/jetty/jetty-http/11.0.15/jetty-http-11.0.15.jar:/home/runner/.m2/repository/org/eclipse/jetty/jetty-io/11.0.15/jetty-io-11.0.15.jar:/home/runner/.m2/repository/org/eclipse/jetty/jetty-servlet/11.0.15/jetty-servlet-11.0.15.jar:/home/runner/.m2/repository/org/eclipse/jetty/jetty-security/11.0.15/jetty-security-11.0.15.jar:/home/runner/.m2/repository/org/eclipse/jetty/jetty-servlets/11.0.15/jetty-servlets-11.0.15.jar:/home/runner/.m2/repository/org/eclipse/jetty/jetty-util/11.0.15/jetty-util-11.0.15.jar:/home/runner/.m2/repository/org/eclipse/jetty/jetty-webapp/11.0.15/jetty-webapp-11.0.15.jar:/home/runner/.m2/repository/org/eclipse/jetty/jetty-xml/11.0.15/jetty-xml-11.0.15.jar:/home/runner/.m2/repository/org/eclipse/jetty/jetty-proxy/11.0.15/jetty-proxy-11.0.15.jar:/home/runner/.m2/repository/org/eclipse/jetty/jetty-client/11.0.15/jetty-client-11.0.15.jar:/home/runner/.m2/repository/org/eclipse/jetty/http2/http2-server/11.0.15/http2-server-11.0.15.jar:/home/runner/.m2/repository/org/eclipse/jetty/http2/http2-common/11.0.15/http2-common-11.0.15.jar:/home/runner/.m2/repository/org/eclipse/jetty/http2/http2-hpack/11.0.15/http2-hpack-11.0.15.jar:/home/runner/.m2/repository/org/eclipse/jetty/jetty-alpn-server/11.0.15/jetty-alpn-server-11.0.15.jar:/home/runner/.m2/repository/org/eclipse/jetty/jetty-alpn-java-server/11.0.15/jetty-alpn-java-server-11.0.15.jar:/home/runner/.m2/repository/org/eclipse/jetty/jetty-alpn-java-client/11.0.15/jetty-alpn-java-client-11.0.15.jar:/home/runner/.m2/repository/org/eclipse/jetty/jetty-alpn-client/11.0.15/jetty-alpn-client-11.0.15.jar:/home/runner/.m2/repository/org/apache/httpcomponents/client5/httpclient5/5.2.1/httpclient5-5.2.1.jar:/home/runner/.m2/repository/org/apache/httpcomponents/core5/httpcore5/5.2/httpcore5-5.2.jar:/home/runner/.m2/repository/org/apache/httpcomponents/core5/httpcore5-h2/5.2/httpcore5-h2-5.2.jar:/home/runner/.m2/repository/org/xmlunit/xmlunit-core/2.9.1/xmlunit-core-2.9.1.jar:/home/runner/.m2/repository/jakarta/xml/bind/jakarta.xml.bind-api/4.0.2/jakarta.xml.bind-api-4.0.2.jar:/home/runner/.m2/repository/org/xmlunit/xmlunit-legacy/2.9.1/xmlunit-legacy-2.9.1.jar:/home/runner/.m2/repository/org/xmlunit/xmlunit-placeholders/2.9.1/xmlunit-placeholders-2.9.1.jar:/home/runner/.m2/repository/net/javacrumbs/json-unit/json-unit-core/2.38.0/json-unit-core-2.38.0.jar:/home/runner/.m2/repository/org/hamcrest/hamcrest-core/2.2/hamcrest-core-2.2.jar:/home/runner/.m2/repository/com/jayway/jsonpath/json-path/2.8.0/json-path-2.8.0.jar:/home/runner/.m2/repository/net/minidev/json-smart/2.4.10/json-smart-2.4.10.jar:/home/runner/.m2/repository/net/minidev/accessors-smart/2.4.9/accessors-smart-2.4.9.jar:/home/runner/.m2/repository/org/ow2/asm/asm/9.7.1/asm-9.7.1.jar:/home/runner/.m2/repository/net/sf/jopt-simple/jopt-simple/5.0.4/jopt-simple-5.0.4.jar:/home/runner/.m2/repository/com/github/jknack/handlebars/4.3.1/handlebars-4.3.1.jar:/home/runner/.m2/repository/com/github/jknack/handlebars-helpers/4.3.1/handlebars-helpers-4.3.1.jar:/home/runner/.m2/repository/commons-fileupload/commons-fileupload/1.5/commons-fileupload-1.5.jar:/home/runner/.m2/repository/com/networknt/json-schema-validator/1.5.8/json-schema-validator-1.5.8.jar:/home/runner/.m2/repository/com/ethlo/time/itu/1.10.3/itu-1.10.3.jar:/home/runner/.m2/repository/io/quarkus/quarkus-smallrye-jwt-build/3.20.2/quarkus-smallrye-jwt-build-3.20.2.jar:/home/runner/.m2/repository/io/smallrye/smallrye-jwt-build/4.6.2/smallrye-jwt-build-4.6.2.jar:/home/runner/.m2/repository/org/eclipse/microprofile/jwt/microprofile-jwt-auth-api/2.1/microprofile-jwt-auth-api-2.1.jar:/home/runner/.m2/repository/org/bitbucket/b_c/jose4j/0.9.6/jose4j-0.9.6.jar:/home/runner/.m2/repository/io/smallrye/smallrye-jwt-common/4.6.2/smallrye-jwt-common-4.6.2.jar:/home/runner/.m2/repository/io/quarkus/quarkus-jsonp/3.20.2/quarkus-jsonp-3.20.2.jar:/home/runner/.m2/repository/io/quarkus/quarkus-arc/3.20.2/quarkus-arc-3.20.2.jar:/home/runner/.m2/repository/io/quarkus/arc/arc/3.20.2/arc-3.20.2.jar:/home/runner/.m2/repository/jakarta/transaction/jakarta.transaction-api/2.0.1/jakarta.transaction-api-2.0.1.jar:/home/runner/.m2/repository/io/smallrye/reactive/mutiny/2.9.2/mutiny-2.9.2.jar:/home/runner/.m2/repository/org/jctools/jctools-core/4.0.5/jctools-core-4.0.5.jar:/home/runner/.m2/repository/org/eclipse/microprofile/context-propagation/microprofile-context-propagation-api/1.3/microprofile-context-propagation-api-1.3.jar:/home/runner/.m2/repository/io/apicurio/apicurio-common-rest-client-common/0.1.18.Final/apicurio-common-rest-client-common-0.1.18.Final.jar:/home/runner/work/apicurio-testing/apicurio-testing/clusters/ci419/namespaces/inmemory/tests/integration/apicurio-registry/utils/maven-plugin/target/apicurio-registry-maven-plugin-3.0.12-SNAPSHOT.jar:/home/runner/.m2/repository/com/fasterxml/jackson/core/jackson-databind/2.18.2/jackson-databind-2.18.2.jar:/home/runner/.m2/repository/org/apache/avro/avro/1.12.0/avro-1.12.0.jar:/home/runner/.m2/repository/com/google/protobuf/protobuf-java/4.31.1/protobuf-java-4.31.1.jar:/home/runner/.m2/repository/com/google/protobuf/protobuf-java-util/4.31.1/protobuf-java-util-4.31.1.jar:/home/runner/.m2/repository/com/google/code/findbugs/jsr305/3.0.2/jsr305-3.0.2.jar:/home/runner/.m2/repository/com/google/code/gson/gson/2.12.1/gson-2.12.1.jar:/home/runner/.m2/repository/com/google/errorprone/error_prone_annotations/2.36.0/error_prone_annotations-2.36.0.jar:/home/runner/.m2/repository/com/google/j2objc/j2objc-annotations/2.8/j2objc-annotations-2.8.jar:/home/runner/work/apicurio-testing/apicurio-testing/clusters/ci419/namespaces/inmemory/tests/integration/apicurio-registry/schema-util/util-provider/target/apicurio-registry-schema-util-provider-3.0.12-SNAPSHOT.jar:/home/runner/work/apicurio-testing/apicurio-testing/clusters/ci419/namespaces/inmemory/tests/integration/apicurio-registry/schema-util/common/target/apicurio-registry-schema-util-common-3.0.12-SNAPSHOT.jar:/home/runner/.m2/repository/com/fasterxml/jackson/module/jackson-module-parameter-names/2.18.2/jackson-module-parameter-names-2.18.2.jar:/home/runner/.m2/repository/com/fasterxml/jackson/datatype/jackson-datatype-json-org/2.18.2/jackson-datatype-json-org-2.18.2.jar:/home/runner/work/apicurio-testing/apicurio-testing/clusters/ci419/namespaces/inmemory/tests/integration/apicurio-registry/schema-util/json/target/apicurio-registry-schema-util-json-3.0.12-SNAPSHOT.jar:/home/runner/.m2/repository/com/github/erosb/everit-json-schema/1.14.5/everit-json-schema-1.14.5.jar:/home/runner/.m2/repository/commons-validator/commons-validator/1.9.0/commons-validator-1.9.0.jar:/home/runner/.m2/repository/commons-digester/commons-digester/2.1/commons-digester-2.1.jar:/home/runner/.m2/repository/commons-collections/commons-collections/3.2.2/commons-collections-3.2.2.jar:/home/runner/.m2/repository/com/damnhandy/handy-uri-templates/2.1.8/handy-uri-templates-2.1.8.jar:/home/runner/.m2/repository/joda-time/joda-time/2.10.2/joda-time-2.10.2.jar:/home/runner/.m2/repository/com/github/erosb/json-sKema/0.20.0/json-sKema-0.20.0.jar:/home/runner/.m2/repository/io/vertx/vertx-json-schema/4.5.16/vertx-json-schema-4.5.16.jar:/home/runner/work/apicurio-testing/apicurio-testing/clusters/ci419/namespaces/inmemory/tests/integration/apicurio-registry/schema-util/protobuf/target/apicurio-registry-schema-util-protobuf-3.0.12-SNAPSHOT.jar:/home/runner/work/apicurio-testing/apicurio-testing/clusters/ci419/namespaces/inmemory/tests/integration/apicurio-registry/utils/protobuf-schema-utilities/target/apicurio-registry-protobuf-schema-utilities-3.0.12-SNAPSHOT.jar:/home/runner/.m2/repository/com/google/api/grpc/proto-google-common-protos/2.52.0/proto-google-common-protos-2.52.0.jar:/home/runner/.m2/repository/com/squareup/wire/wire-schema-jvm/5.3.3/wire-schema-jvm-5.3.3.jar:/home/runner/.m2/repository/com/palantir/javapoet/javapoet/0.6.0/javapoet-0.6.0.jar:/home/runner/.m2/repository/com/squareup/kotlinpoet-jvm/2.0.0/kotlinpoet-jvm-2.0.0.jar:/home/runner/.m2/repository/org/jetbrains/kotlin/kotlin-reflect/2.0.21/kotlin-reflect-2.0.21.jar:/home/runner/.m2/repository/com/squareup/wire/wire-runtime-jvm/5.3.3/wire-runtime-jvm-5.3.3.jar:/home/runner/.m2/repository/com/ibm/icu/icu4j/76.1/icu4j-76.1.jar:/home/runner/.m2/repository/com/squareup/okio/okio-fakefilesystem/3.10.2/okio-fakefilesystem-3.10.2.jar:/home/runner/.m2/repository/com/squareup/okio/okio-fakefilesystem-jvm/3.10.2/okio-fakefilesystem-jvm-3.10.2.jar:/home/runner/.m2/repository/org/jetbrains/kotlinx/kotlinx-datetime-jvm/0.6.1/kotlinx-datetime-jvm-0.6.1.jar:/home/runner/work/apicurio-testing/apicurio-testing/clusters/ci419/namespaces/inmemory/tests/integration/apicurio-registry/schema-util/asyncapi/target/apicurio-registry-schema-util-asyncapi-3.0.12-SNAPSHOT.jar:/home/runner/work/apicurio-testing/apicurio-testing/clusters/ci419/namespaces/inmemory/tests/integration/apicurio-registry/schema-util/avro/target/apicurio-registry-schema-util-avro-3.0.12-SNAPSHOT.jar:/home/runner/work/apicurio-testing/apicurio-testing/clusters/ci419/namespaces/inmemory/tests/integration/apicurio-registry/schema-util/graphql/target/apicurio-registry-schema-util-graphql-3.0.12-SNAPSHOT.jar:/home/runner/.m2/repository/com/graphql-java/graphql-java/22.4/graphql-java-22.4.jar:/home/runner/.m2/repository/com/graphql-java/java-dataloader/3.3.0/java-dataloader-3.3.0.jar:/home/runner/work/apicurio-testing/apicurio-testing/clusters/ci419/namespaces/inmemory/tests/integration/apicurio-registry/schema-util/kconnect/target/apicurio-registry-schema-util-kconnect-3.0.12-SNAPSHOT.jar:/home/runner/work/apicurio-testing/apicurio-testing/clusters/ci419/namespaces/inmemory/tests/integration/apicurio-registry/schema-util/openapi/target/apicurio-registry-schema-util-openapi-3.0.12-SNAPSHOT.jar:/home/runner/.m2/repository/io/apicurio/apicurio-data-models/2.2.2/apicurio-data-models-2.2.2.jar:/home/runner/.m2/repository/org/openapitools/openapidiff/openapi-diff-core/2.1.2/openapi-diff-core-2.1.2.jar:/home/runner/.m2/repository/io/swagger/parser/v3/swagger-parser/2.1.28/swagger-parser-2.1.28.jar:/home/runner/.m2/repository/io/swagger/parser/v3/swagger-parser-v2-converter/2.1.28/swagger-parser-v2-converter-2.1.28.jar:/home/runner/.m2/repository/io/swagger/swagger-core/1.6.16/swagger-core-1.6.16.jar:/home/runner/.m2/repository/io/swagger/swagger-models/1.6.16/swagger-models-1.6.16.jar:/home/runner/.m2/repository/io/swagger/swagger-annotations/1.6.16/swagger-annotations-1.6.16.jar:/home/runner/.m2/repository/io/swagger/swagger-parser/1.0.75/swagger-parser-1.0.75.jar:/home/runner/.m2/repository/io/swagger/swagger-parser-safe-url-resolver/1.0.75/swagger-parser-safe-url-resolver-1.0.75.jar:/home/runner/.m2/repository/io/swagger/swagger-compat-spec-parser/1.0.75/swagger-compat-spec-parser-1.0.75.jar:/home/runner/.m2/repository/com/github/java-json-tools/json-schema-validator/2.2.14/json-schema-validator-2.2.14.jar:/home/runner/.m2/repository/com/github/java-json-tools/jackson-coreutils-equivalence/1.0/jackson-coreutils-equivalence-1.0.jar:/home/runner/.m2/repository/com/github/java-json-tools/json-schema-core/1.2.14/json-schema-core-1.2.14.jar:/home/runner/.m2/repository/com/github/java-json-tools/uri-template/0.10/uri-template-0.10.jar:/home/runner/.m2/repository/com/googlecode/libphonenumber/libphonenumber/8.11.1/libphonenumber-8.11.1.jar:/home/runner/.m2/repository/com/j2html/j2html/1.6.0/j2html-1.6.0.jar:/home/runner/.m2/repository/org/apache/commons/commons-collections4/4.5.0/commons-collections4-4.5.0.jar:/home/runner/.m2/repository/org/slf4j/jcl-over-slf4j/2.0.17/jcl-over-slf4j-2.0.17.jar:/home/runner/.m2/repository/io/swagger/parser/v3/swagger-parser-v3/2.1.31/swagger-parser-v3-2.1.31.jar:/home/runner/.m2/repository/io/swagger/core/v3/swagger-models/2.2.34/swagger-models-2.2.34.jar:/home/runner/.m2/repository/io/swagger/core/v3/swagger-core/2.2.34/swagger-core-2.2.34.jar:/home/runner/.m2/repository/io/swagger/parser/v3/swagger-parser-core/2.1.31/swagger-parser-core-2.1.31.jar:/home/runner/.m2/repository/io/swagger/parser/v3/swagger-parser-safe-url-resolver/2.1.31/swagger-parser-safe-url-resolver-2.1.31.jar:/home/runner/work/apicurio-testing/apicurio-testing/clusters/ci419/namespaces/inmemory/tests/integration/apicurio-registry/schema-util/wsdl/target/apicurio-registry-schema-util-wsdl-3.0.12-SNAPSHOT.jar:/home/runner/.m2/repository/wsdl4j/wsdl4j/1.6.3/wsdl4j-1.6.3.jar:/home/runner/work/apicurio-testing/apicurio-testing/clusters/ci419/namespaces/inmemory/tests/integration/apicurio-registry/schema-util/xml/target/apicurio-registry-schema-util-xml-3.0.12-SNAPSHOT.jar:/home/runner/.m2/repository/org/apache/santuario/xmlsec/4.0.4/xmlsec-4.0.4.jar:/home/runner/.m2/repository/com/fasterxml/woodstox/woodstox-core/7.1.1/woodstox-core-7.1.1.jar:/home/runner/.m2/repository/org/codehaus/woodstox/stax2-api/4.2.2/stax2-api-4.2.2.jar:/home/runner/work/apicurio-testing/apicurio-testing/clusters/ci419/namespaces/inmemory/tests/integration/apicurio-registry/schema-util/xsd/target/apicurio-registry-schema-util-xsd-3.0.12-SNAPSHOT.jar:/home/runner/work/apicurio-testing/apicurio-testing/clusters/ci419/namespaces/inmemory/tests/integration/apicurio-registry/serdes/kafka/jsonschema-serde/target/apicurio-registry-jsonschema-serde-kafka-3.0.12-SNAPSHOT.jar:/home/runner/work/apicurio-testing/apicurio-testing/clusters/ci419/namespaces/inmemory/tests/integration/apicurio-registry/serdes/kafka/serde-kafka-common/target/apicurio-registry-serde-kafka-common-3.0.12-SNAPSHOT.jar:/home/runner/work/apicurio-testing/apicurio-testing/clusters/ci419/namespaces/inmemory/tests/integration/apicurio-registry/serdes/generic/serde-common/target/apicurio-registry-serde-common-3.0.12-SNAPSHOT.jar:/home/runner/work/apicurio-testing/apicurio-testing/clusters/ci419/namespaces/inmemory/tests/integration/apicurio-registry/serdes/generic/serde-common-jsonschema/target/apicurio-registry-serde-common-jsonschema-3.0.12-SNAPSHOT.jar:/home/runner/.m2/repository/org/json/json/20250107/json-20250107.jar:/home/runner/work/apicurio-testing/apicurio-testing/clusters/ci419/namespaces/inmemory/tests/integration/apicurio-registry/serdes/kafka/avro-serde/target/apicurio-registry-avro-serde-kafka-3.0.12-SNAPSHOT.jar:/home/runner/work/apicurio-testing/apicurio-testing/clusters/ci419/namespaces/inmemory/tests/integration/apicurio-registry/serdes/generic/serde-common-avro/target/apicurio-registry-serde-common-avro-3.0.12-SNAPSHOT.jar:/home/runner/work/apicurio-testing/apicurio-testing/clusters/ci419/namespaces/inmemory/tests/integration/apicurio-registry/serdes/kafka/protobuf-serde/target/apicurio-registry-protobuf-serde-kafka-3.0.12-SNAPSHOT.jar:/home/runner/work/apicurio-testing/apicurio-testing/clusters/ci419/namespaces/inmemory/tests/integration/apicurio-registry/serdes/generic/serde-common-protobuf/target/apicurio-registry-serde-common-protobuf-3.0.12-SNAPSHOT.jar:/home/runner/.m2/repository/com/squareup/wire/wire-schema/5.3.3/wire-schema-5.3.3.jar:/home/runner/.m2/repository/com/squareup/wire/wire-runtime/5.3.3/wire-runtime-5.3.3.jar:/home/runner/work/apicurio-testing/apicurio-testing/clusters/ci419/namespaces/inmemory/tests/integration/apicurio-registry/serdes/pulsar/avro-serde/target/apicurio-registry-avro-serde-pulsar-3.0.12-SNAPSHOT.jar:/home/runner/.m2/repository/org/apache/pulsar/pulsar-functions-api/3.3.8/pulsar-functions-api-3.3.8.jar:/home/runner/work/apicurio-testing/apicurio-testing/clusters/ci419/namespaces/inmemory/tests/integration/apicurio-registry/serdes/nats/avro-serde/target/apicurio-registry-avro-serde-nats-3.0.12-SNAPSHOT.jar:/home/runner/.m2/repository/io/nats/jnats/2.21.4/jnats-2.21.4.jar:/home/runner/.m2/repository/org/bouncycastle/bcprov-lts8on/2.73.7/bcprov-lts8on-2.73.7.jar:/home/runner/.m2/repository/org/jetbrains/annotations/26.0.2/annotations-26.0.2.jar:/home/runner/work/apicurio-testing/apicurio-testing/clusters/ci419/namespaces/inmemory/tests/integration/apicurio-registry/utils/converter/target/apicurio-registry-utils-converter-3.0.12-SNAPSHOT.jar:/home/runner/work/apicurio-testing/apicurio-testing/clusters/ci419/namespaces/inmemory/tests/integration/apicurio-registry/schema-resolver/target/apicurio-registry-schema-resolver-3.0.12-SNAPSHOT.jar:/home/runner/.m2/repository/org/apache/kafka/connect-api/3.9.1/connect-api-3.9.1.jar:/home/runner/.m2/repository/javax/ws/rs/javax.ws.rs-api/2.1.1/javax.ws.rs-api-2.1.1.jar:/home/runner/.m2/repository/org/apache/kafka/connect-json/3.9.1/connect-json-3.9.1.jar:/home/runner/.m2/repository/com/fasterxml/jackson/datatype/jackson-datatype-jdk8/2.18.2/jackson-datatype-jdk8-2.18.2.jar:/home/runner/.m2/repository/com/fasterxml/jackson/module/jackson-module-afterburner/2.18.2/jackson-module-afterburner-2.18.2.jar:/home/runner/work/apicurio-testing/apicurio-testing/clusters/ci419/namespaces/inmemory/tests/integration/apicurio-registry/utils/kafka/target/apicurio-registry-utils-kafka-3.0.12-SNAPSHOT.jar:/home/runner/.m2/repository/org/apache/pulsar/pulsar-client/3.3.8/pulsar-client-3.3.8.jar:/home/runner/.m2/repository/org/apache/pulsar/pulsar-client-api/3.3.8/pulsar-client-api-3.3.8.jar:/home/runner/.m2/repository/org/apache/pulsar/pulsar-client-admin-api/3.3.8/pulsar-client-admin-api-3.3.8.jar:/home/runner/.m2/repository/org/apache/pulsar/bouncy-castle-bc/3.3.8/bouncy-castle-bc-3.3.8-pkg.jar:/home/runner/.m2/repository/org/bouncycastle/bcpkix-jdk18on/1.81/bcpkix-jdk18on-1.81.jar:/home/runner/.m2/repository/org/bouncycastle/bcutil-jdk18on/1.81/bcutil-jdk18on-1.81.jar:/home/runner/.m2/repository/org/bouncycastle/bcprov-jdk18on/1.81/bcprov-jdk18on-1.81.jar:/home/runner/.m2/repository/io/opentelemetry/opentelemetry-api/1.44.1/opentelemetry-api-1.44.1.jar:/home/runner/.m2/repository/io/opentelemetry/opentelemetry-context/1.44.1/opentelemetry-context-1.44.1.jar:/home/runner/.m2/repository/io/opentelemetry/opentelemetry-api-incubator/1.44.1-alpha/opentelemetry-api-incubator-1.44.1-alpha.jar:/home/runner/.m2/repository/com/fasterxml/jackson/core/jackson-annotations/2.18.2/jackson-annotations-2.18.2.jar:/home/runner/.m2/repository/javax/validation/validation-api/1.1.0.Final/validation-api-1.1.0.Final.jar:/home/runner/.m2/repository/org/jspecify/jspecify/1.0.0/jspecify-1.0.0.jar:/home/runner/.m2/repository/org/apache/commons/commons-configuration2/2.12.0/commons-configuration2-2.12.0.jar:/home/runner/.m2/repository/commons-logging/commons-logging/1.3.5/commons-logging-1.3.5.jar:/home/runner/.m2/repository/org/apache/commons/commons-text/1.13.0/commons-text-1.13.0.jar:/home/runner/.m2/repository/io/confluent/kafka-avro-serializer/8.0.0/kafka-avro-serializer-8.0.0.jar:/home/runner/.m2/repository/org/apache/commons/commons-compress/1.27.1/commons-compress-1.27.1.jar:/home/runner/.m2/repository/io/confluent/kafka-schema-serializer/8.0.0/kafka-schema-serializer-8.0.0.jar:/home/runner/.m2/repository/com/fasterxml/jackson/dataformat/jackson-dataformat-csv/2.18.2/jackson-dataformat-csv-2.18.2.jar:/home/runner/.m2/repository/io/confluent/kafka-schema-registry-client/8.0.0/kafka-schema-registry-client-8.0.0.jar:/home/runner/.m2/repository/org/yaml/snakeyaml/2.3/snakeyaml-2.3.jar:/home/runner/.m2/repository/io/swagger/core/v3/swagger-annotations/2.2.29/swagger-annotations-2.2.29.jar:/home/runner/.m2/repository/com/google/guava/guava/33.4.0-jre/guava-33.4.0-jre.jar:/home/runner/.m2/repository/com/google/guava/failureaccess/1.0.1/failureaccess-1.0.1.jar:/home/runner/.m2/repository/org/checkerframework/checker-qual/3.49.0/checker-qual-3.49.0.jar:/home/runner/.m2/repository/io/confluent/logredactor/1.0.13/logredactor-1.0.13.jar:/home/runner/.m2/repository/com/google/re2j/re2j/1.6/re2j-1.6.jar:/home/runner/.m2/repository/io/confluent/logredactor-metrics/1.0.13/logredactor-metrics-1.0.13.jar:/home/runner/.m2/repository/com/eclipsesource/minimal-json/minimal-json/0.9.5/minimal-json-0.9.5.jar:/home/runner/.m2/repository/io/confluent/common-utils/8.0.0/common-utils-8.0.0.jar:/home/runner/.m2/repository/io/confluent/kafka-connect-avro-converter/8.0.0/kafka-connect-avro-converter-8.0.0.jar:/home/runner/.m2/repository/io/confluent/kafka-connect-avro-data/8.0.0/kafka-connect-avro-data-8.0.0.jar:/home/runner/.m2/repository/io/confluent/kafka-schema-converter/8.0.0/kafka-schema-converter-8.0.0.jar:/home/runner/.m2/repository/io/rest-assured/rest-assured/5.5.1/rest-assured-5.5.1.jar:/home/runner/.m2/repository/org/apache/groovy/groovy/4.0.22/groovy-4.0.22.jar:/home/runner/.m2/repository/org/apache/groovy/groovy-xml/4.0.22/groovy-xml-4.0.22.jar:/home/runner/.m2/repository/org/apache/httpcomponents/httpclient/4.5.14/httpclient-4.5.14.jar:/home/runner/.m2/repository/org/apache/httpcomponents/httpcore/4.4.16/httpcore-4.4.16.jar:/home/runner/.m2/repository/org/apache/httpcomponents/httpmime/4.5.14/httpmime-4.5.14.jar:/home/runner/.m2/repository/org/hamcrest/hamcrest/2.2/hamcrest-2.2.jar:/home/runner/.m2/repository/org/ccil/cowan/tagsoup/tagsoup/1.2.1/tagsoup-1.2.1.jar:/home/runner/.m2/repository/io/rest-assured/json-path/5.5.1/json-path-5.5.1.jar:/home/runner/.m2/repository/org/apache/groovy/groovy-json/4.0.22/groovy-json-4.0.22.jar:/home/runner/.m2/repository/io/rest-assured/rest-assured-common/5.5.1/rest-assured-common-5.5.1.jar:/home/runner/.m2/repository/io/rest-assured/xml-path/5.5.1/xml-path-5.5.1.jar:/home/runner/.m2/repository/io/zonky/test/embedded-postgres/2.1.0/embedded-postgres-2.1.0.jar:/home/runner/.m2/repository/io/zonky/test/postgres/embedded-postgres-binaries-windows-amd64/14.15.0/embedded-postgres-binaries-windows-amd64-14.15.0.jar:/home/runner/.m2/repository/io/zonky/test/postgres/embedded-postgres-binaries-darwin-amd64/14.15.0/embedded-postgres-binaries-darwin-amd64-14.15.0.jar:/home/runner/.m2/repository/io/zonky/test/postgres/embedded-postgres-binaries-linux-amd64/14.15.0/embedded-postgres-binaries-linux-amd64-14.15.0.jar:/home/runner/.m2/repository/io/zonky/test/postgres/embedded-postgres-binaries-linux-amd64-alpine/14.15.0/embedded-postgres-binaries-linux-amd64-alpine-14.15.0.jar:/home/runner/.m2/repository/org/apache/commons/commons-lang3/3.17.0/commons-lang3-3.17.0.jar:/home/runner/.m2/repository/org/tukaani/xz/1.10/xz-1.10.jar:/home/runner/.m2/repository/commons-codec/commons-codec/1.19.0/commons-codec-1.19.0.jar:/home/runner/.m2/repository/org/postgresql/postgresql/42.7.7/postgresql-42.7.7.jar:/home/runner/.m2/repository/commons-io/commons-io/2.18.0/commons-io-2.18.0.jar:/home/runner/work/apicurio-testing/apicurio-testing/clusters/ci419/namespaces/inmemory/tests/integration/apicurio-registry/utils/importexport/target/apicurio-registry-utils-import-export-3.0.12-SNAPSHOT.jar:/home/runner/.m2/repository/io/vertx/vertx-core/4.5.16/vertx-core-4.5.16.jar:/home/runner/.m2/repository/io/netty/netty-common/4.1.121.Final/netty-common-4.1.121.Final.jar:/home/runner/.m2/repository/io/netty/netty-buffer/4.1.121.Final/netty-buffer-4.1.121.Final.jar:/home/runner/.m2/repository/io/netty/netty-transport/4.1.121.Final/netty-transport-4.1.121.Final.jar:/home/runner/.m2/repository/io/netty/netty-handler/4.1.121.Final/netty-handler-4.1.121.Final.jar:/home/runner/.m2/repository/io/netty/netty-transport-native-unix-common/4.1.121.Final/netty-transport-native-unix-common-4.1.121.Final.jar:/home/runner/.m2/repository/io/netty/netty-codec/4.1.121.Final/netty-codec-4.1.121.Final.jar:/home/runner/.m2/repository/io/netty/netty-handler-proxy/4.1.121.Final/netty-handler-proxy-4.1.121.Final.jar:/home/runner/.m2/repository/io/netty/netty-codec-socks/4.1.121.Final/netty-codec-socks-4.1.121.Final.jar:/home/runner/.m2/repository/io/netty/netty-codec-http/4.1.121.Final/netty-codec-http-4.1.121.Final.jar:/home/runner/.m2/repository/io/netty/netty-codec-http2/4.1.121.Final/netty-codec-http2-4.1.121.Final.jar:/home/runner/.m2/repository/io/netty/netty-resolver/4.1.121.Final/netty-resolver-4.1.121.Final.jar:/home/runner/.m2/repository/io/netty/netty-resolver-dns/4.1.121.Final/netty-resolver-dns-4.1.121.Final.jar:/home/runner/.m2/repository/io/netty/netty-codec-dns/4.1.121.Final/netty-codec-dns-4.1.121.Final.jar:/home/runner/.m2/repository/com/fasterxml/jackson/core/jackson-core/2.18.2/jackson-core-2.18.2.jar:"/>
    <property name="java.vm.vendor" value="Eclipse Adoptium"/>
    <property name="maven.javadoc.skip" value="true"/>
    <property name="sun.arch.data.model" value="64"/>
    <property name="java.vendor.url" value="https://adoptium.net/"/>
    <property name="user.timezone" value="Etc/UTC"/>
    <property name="os.name" value="Linux"/>
    <property name="java.vm.specification.version" value="17"/>
    <property name="sun.java.launcher" value="SUN_STANDARD"/>
    <property name="quarkus.http.test-port" value="80"/>
    <property name="sun.boot.library.path" value="/usr/lib/jvm/temurin-17-jdk-amd64/lib"/>
    <property name="sun.java.command" value="/home/runner/work/apicurio-testing/apicurio-testing/clusters/ci419/namespaces/inmemory/tests/integration/apicurio-registry/integration-tests/target/surefire/surefirebooter-20250812144758612_3.jar /home/runner/work/apicurio-testing/apicurio-testing/clusters/ci419/namespaces/inmemory/tests/integration/apicurio-registry/integration-tests/target/surefire 2025-08-12T14-47-58_547-jvmRun1 surefire-20250812144758612_1tmp surefire_0-20250812144758612_2tmp"/>
    <property name="maven.home" value="/home/runner/.m2/wrapper/dists/apache-maven-3.9.8-bin/4fnp1ql35bgk2a0p7m31ovbgb0/apache-maven-3.9.8"/>
    <property name="jdk.debug" value="release"/>
    <property name="surefire.test.class.path" value="/home/runner/work/apicurio-testing/apicurio-testing/clusters/ci419/namespaces/inmemory/tests/integration/apicurio-registry/integration-tests/target/test-classes:/home/runner/work/apicurio-testing/apicurio-testing/clusters/ci419/namespaces/inmemory/tests/integration/apicurio-registry/integration-tests/target/apicurio-registry-integration-tests-3.0.12-SNAPSHOT.jar:/home/runner/.m2/repository/io/quarkus/quarkus-junit5/3.20.2/quarkus-junit5-3.20.2.jar:/home/runner/.m2/repository/io/quarkus/quarkus-bootstrap-core/3.20.2/quarkus-bootstrap-core-3.20.2.jar:/home/runner/.m2/repository/io/quarkus/quarkus-classloader-commons/3.20.2/quarkus-classloader-commons-3.20.2.jar:/home/runner/.m2/repository/io/quarkus/quarkus-bootstrap-app-model/3.20.2/quarkus-bootstrap-app-model-3.20.2.jar:/home/runner/.m2/repository/io/smallrye/common/smallrye-common-io/2.12.0/smallrye-common-io-2.12.0.jar:/home/runner/.m2/repository/org/eclipse/sisu/org.eclipse.sisu.inject/0.9.0.M3/org.eclipse.sisu.inject-0.9.0.M3.jar:/home/runner/.m2/repository/io/quarkus/quarkus-test-common/3.20.2/quarkus-test-common-3.20.2.jar:/home/runner/.m2/repository/io/quarkus/quarkus-core-deployment/3.20.2/quarkus-core-deployment-3.20.2.jar:/home/runner/.m2/repository/org/aesh/readline/2.6/readline-2.6.jar:/home/runner/.m2/repository/org/fusesource/jansi/jansi/2.4.0/jansi-2.4.0.jar:/home/runner/.m2/repository/org/aesh/aesh/2.8.2/aesh-2.8.2.jar:/home/runner/.m2/repository/io/quarkus/gizmo/gizmo/1.8.0/gizmo-1.8.0.jar:/home/runner/.m2/repository/org/ow2/asm/asm-util/9.7.1/asm-util-9.7.1.jar:/home/runner/.m2/repository/org/ow2/asm/asm-analysis/9.7.1/asm-analysis-9.7.1.jar:/home/runner/.m2/repository/org/ow2/asm/asm-commons/9.7.1/asm-commons-9.7.1.jar:/home/runner/.m2/repository/org/ow2/asm/asm-tree/9.7.1/asm-tree-9.7.1.jar:/home/runner/.m2/repository/io/quarkus/quarkus-hibernate-validator-spi/3.20.2/quarkus-hibernate-validator-spi-3.20.2.jar:/home/runner/.m2/repository/io/quarkus/quarkus-class-change-agent/3.20.2/quarkus-class-change-agent-3.20.2.jar:/home/runner/.m2/repository/io/quarkus/quarkus-devtools-utilities/3.20.2/quarkus-devtools-utilities-3.20.2.jar:/home/runner/.m2/repository/io/quarkus/quarkus-builder/3.20.2/quarkus-builder-3.20.2.jar:/home/runner/.m2/repository/org/graalvm/sdk/nativeimage/23.1.2/nativeimage-23.1.2.jar:/home/runner/.m2/repository/org/graalvm/sdk/word/23.1.2/word-23.1.2.jar:/home/runner/.m2/repository/io/quarkus/quarkus-bootstrap-maven-resolver/3.20.2/quarkus-bootstrap-maven-resolver-3.20.2.jar:/home/runner/.m2/repository/io/smallrye/beanbag/smallrye-beanbag-maven/1.5.2/smallrye-beanbag-maven-1.5.2.jar:/home/runner/.m2/repository/io/smallrye/beanbag/smallrye-beanbag-sisu/1.5.2/smallrye-beanbag-sisu-1.5.2.jar:/home/runner/.m2/repository/io/smallrye/beanbag/smallrye-beanbag/1.5.2/smallrye-beanbag-1.5.2.jar:/home/runner/.m2/repository/javax/inject/javax.inject/1/javax.inject-1.jar:/home/runner/.m2/repository/org/apache/maven/maven-artifact/3.9.9/maven-artifact-3.9.9.jar:/home/runner/.m2/repository/org/apache/maven/maven-builder-support/3.9.9/maven-builder-support-3.9.9.jar:/home/runner/.m2/repository/org/apache/maven/maven-model/3.9.9/maven-model-3.9.9.jar:/home/runner/.m2/repository/org/apache/maven/maven-model-builder/3.9.9/maven-model-builder-3.9.9.jar:/home/runner/.m2/repository/org/apache/maven/maven-repository-metadata/3.9.9/maven-repository-metadata-3.9.9.jar:/home/runner/.m2/repository/org/apache/maven/maven-settings/3.9.9/maven-settings-3.9.9.jar:/home/runner/.m2/repository/org/apache/maven/resolver/maven-resolver-api/1.9.22/maven-resolver-api-1.9.22.jar:/home/runner/.m2/repository/org/apache/maven/resolver/maven-resolver-impl/1.9.22/maven-resolver-impl-1.9.22.jar:/home/runner/.m2/repository/org/apache/maven/resolver/maven-resolver-named-locks/1.9.22/maven-resolver-named-locks-1.9.22.jar:/home/runner/.m2/repository/org/apache/maven/resolver/maven-resolver-spi/1.9.22/maven-resolver-spi-1.9.22.jar:/home/runner/.m2/repository/org/apache/maven/resolver/maven-resolver-util/1.9.22/maven-resolver-util-1.9.22.jar:/home/runner/.m2/repository/org/apache/maven/resolver/maven-resolver-transport-http/1.9.20/maven-resolver-transport-http-1.9.20.jar:/home/runner/.m2/repository/org/apache/maven/wagon/wagon-provider-api/3.5.3/wagon-provider-api-3.5.3.jar:/home/runner/.m2/repository/org/apache/maven/wagon/wagon-http-shared/3.5.3/wagon-http-shared-3.5.3.jar:/home/runner/.m2/repository/org/codehaus/plexus/plexus-interpolation/1.26/plexus-interpolation-1.26.jar:/home/runner/.m2/repository/org/codehaus/plexus/plexus-utils/3.5.1/plexus-utils-3.5.1.jar:/home/runner/.m2/repository/org/codehaus/plexus/plexus-xml/4.0.1/plexus-xml-4.0.1.jar:/home/runner/.m2/repository/org/apache/maven/maven-xml-impl/4.0.0-alpha-5/maven-xml-impl-4.0.0-alpha-5.jar:/home/runner/.m2/repository/org/apache/maven/maven-api-xml/4.0.0-alpha-5/maven-api-xml-4.0.0-alpha-5.jar:/home/runner/.m2/repository/org/apache/maven/maven-api-meta/4.0.0-alpha-5/maven-api-meta-4.0.0-alpha-5.jar:/home/runner/.m2/repository/org/codehaus/plexus/plexus-cipher/2.0/plexus-cipher-2.0.jar:/home/runner/.m2/repository/org/codehaus/plexus/plexus-sec-dispatcher/2.0/plexus-sec-dispatcher-2.0.jar:/home/runner/.m2/repository/org/apache/maven/maven-embedder/3.9.9/maven-embedder-3.9.9.jar:/home/runner/.m2/repository/org/apache/maven/maven-core/3.9.9/maven-core-3.9.9.jar:/home/runner/.m2/repository/org/codehaus/plexus/plexus-component-annotations/2.1.0/plexus-component-annotations-2.1.0.jar:/home/runner/.m2/repository/org/apache/maven/maven-plugin-api/3.9.9/maven-plugin-api-3.9.9.jar:/home/runner/.m2/repository/org/apache/maven/shared/maven-shared-utils/3.4.2/maven-shared-utils-3.4.2.jar:/home/runner/.m2/repository/com/google/inject/guice/5.1.0/guice-5.1.0.jar:/home/runner/.m2/repository/aopalliance/aopalliance/1.0/aopalliance-1.0.jar:/home/runner/.m2/repository/org/codehaus/plexus/plexus-classworlds/2.6.0/plexus-classworlds-2.6.0.jar:/home/runner/.m2/repository/commons-cli/commons-cli/1.8.0/commons-cli-1.8.0.jar:/home/runner/.m2/repository/org/eclipse/sisu/org.eclipse.sisu.plexus/0.9.0.M3/org.eclipse.sisu.plexus-0.9.0.M3.jar:/home/runner/.m2/repository/org/apache/maven/maven-settings-builder/3.9.9/maven-settings-builder-3.9.9.jar:/home/runner/.m2/repository/org/apache/maven/maven-resolver-provider/3.9.9/maven-resolver-provider-3.9.9.jar:/home/runner/.m2/repository/org/apache/maven/resolver/maven-resolver-connector-basic/1.9.22/maven-resolver-connector-basic-1.9.22.jar:/home/runner/.m2/repository/org/apache/maven/resolver/maven-resolver-transport-wagon/1.9.22/maven-resolver-transport-wagon-1.9.22.jar:/home/runner/.m2/repository/org/apache/maven/wagon/wagon-http/3.5.3/wagon-http-3.5.3.jar:/home/runner/.m2/repository/org/apache/maven/wagon/wagon-file/3.5.3/wagon-file-3.5.3.jar:/home/runner/.m2/repository/io/quarkus/quarkus-bootstrap-gradle-resolver/3.20.2/quarkus-bootstrap-gradle-resolver-3.20.2.jar:/home/runner/.m2/repository/io/smallrye/jandex/3.3.0/jandex-3.3.0.jar:/home/runner/.m2/repository/org/jboss/logging/commons-logging-jboss-logging/1.0.0.Final/commons-logging-jboss-logging-1.0.0.Final.jar:/home/runner/.m2/repository/io/quarkus/quarkus-junit5-config/3.20.2/quarkus-junit5-config-3.20.2.jar:/home/runner/.m2/repository/org/junit/jupiter/junit-jupiter-api/5.12.1/junit-jupiter-api-5.12.1.jar:/home/runner/.m2/repository/io/smallrye/config/smallrye-config/3.11.4/smallrye-config-3.11.4.jar:/home/runner/.m2/repository/io/smallrye/config/smallrye-config-core/3.11.4/smallrye-config-core-3.11.4.jar:/home/runner/.m2/repository/io/smallrye/common/smallrye-common-classloader/2.12.0/smallrye-common-classloader-2.12.0.jar:/home/runner/.m2/repository/io/smallrye/config/smallrye-config-common/3.11.4/smallrye-config-common-3.11.4.jar:/home/runner/.m2/repository/org/junit/jupiter/junit-jupiter/5.12.1/junit-jupiter-5.12.1.jar:/home/runner/.m2/repository/org/junit/jupiter/junit-jupiter-params/5.12.1/junit-jupiter-params-5.12.1.jar:/home/runner/.m2/repository/org/junit/jupiter/junit-jupiter-engine/5.12.1/junit-jupiter-engine-5.12.1.jar:/home/runner/.m2/repository/io/quarkus/quarkus-core/3.20.2/quarkus-core-3.20.2.jar:/home/runner/.m2/repository/jakarta/enterprise/jakarta.enterprise.cdi-api/4.1.0/jakarta.enterprise.cdi-api-4.1.0.jar:/home/runner/.m2/repository/jakarta/enterprise/jakarta.enterprise.lang-model/4.1.0/jakarta.enterprise.lang-model-4.1.0.jar:/home/runner/.m2/repository/jakarta/el/jakarta.el-api/5.0.1/jakarta.el-api-5.0.1.jar:/home/runner/.m2/repository/jakarta/interceptor/jakarta.interceptor-api/2.2.0/jakarta.interceptor-api-2.2.0.jar:/home/runner/.m2/repository/jakarta/inject/jakarta.inject-api/2.0.1/jakarta.inject-api-2.0.1.jar:/home/runner/.m2/repository/io/smallrye/common/smallrye-common-os/2.12.0/smallrye-common-os-2.12.0.jar:/home/runner/.m2/repository/io/quarkus/quarkus-ide-launcher/3.20.2/quarkus-ide-launcher-3.20.2.jar:/home/runner/.m2/repository/io/quarkus/quarkus-development-mode-spi/3.20.2/quarkus-development-mode-spi-3.20.2.jar:/home/runner/.m2/repository/org/jboss/logging/jboss-logging/3.6.1.Final/jboss-logging-3.6.1.Final.jar:/home/runner/.m2/repository/org/jboss/logmanager/jboss-logmanager/3.1.2.Final/jboss-logmanager-3.1.2.Final.jar:/home/runner/.m2/repository/io/smallrye/common/smallrye-common-constraint/2.12.0/smallrye-common-constraint-2.12.0.jar:/home/runner/.m2/repository/io/smallrye/common/smallrye-common-cpu/2.12.0/smallrye-common-cpu-2.12.0.jar:/home/runner/.m2/repository/io/smallrye/common/smallrye-common-expression/2.12.0/smallrye-common-expression-2.12.0.jar:/home/runner/.m2/repository/io/smallrye/common/smallrye-common-net/2.12.0/smallrye-common-net-2.12.0.jar:/home/runner/.m2/repository/io/smallrye/common/smallrye-common-ref/2.12.0/smallrye-common-ref-2.12.0.jar:/home/runner/.m2/repository/jakarta/json/jakarta.json-api/2.1.3/jakarta.json-api-2.1.3.jar:/home/runner/.m2/repository/org/eclipse/parsson/parsson/1.1.7/parsson-1.1.7.jar:/home/runner/.m2/repository/org/jboss/logging/jboss-logging-annotations/3.0.4.Final/jboss-logging-annotations-3.0.4.Final.jar:/home/runner/.m2/repository/org/jboss/threads/jboss-threads/3.8.0.Final/jboss-threads-3.8.0.Final.jar:/home/runner/.m2/repository/io/smallrye/common/smallrye-common-annotation/2.12.0/smallrye-common-annotation-2.12.0.jar:/home/runner/.m2/repository/io/smallrye/common/smallrye-common-function/2.12.0/smallrye-common-function-2.12.0.jar:/home/runner/.m2/repository/org/jboss/slf4j/slf4j-jboss-logmanager/2.0.0.Final/slf4j-jboss-logmanager-2.0.0.Final.jar:/home/runner/.m2/repository/org/wildfly/common/wildfly-common/2.0.1/wildfly-common-2.0.1.jar:/home/runner/.m2/repository/io/quarkus/quarkus-bootstrap-runner/3.20.2/quarkus-bootstrap-runner-3.20.2.jar:/home/runner/.m2/repository/io/github/crac/org-crac/0.1.3/org-crac-0.1.3.jar:/home/runner/.m2/repository/io/quarkus/quarkus-fs-util/0.0.10/quarkus-fs-util-0.0.10.jar:/home/runner/.m2/repository/org/jboss/marshalling/jboss-marshalling/2.2.2.Final/jboss-marshalling-2.2.2.Final.jar:/home/runner/.m2/repository/io/fabric8/kubernetes-client/7.1.0/kubernetes-client-7.1.0.jar:/home/runner/.m2/repository/io/fabric8/kubernetes-client-api/7.1.0/kubernetes-client-api-7.1.0.jar:/home/runner/.m2/repository/io/fabric8/kubernetes-model-core/7.1.0/kubernetes-model-core-7.1.0.jar:/home/runner/.m2/repository/io/fabric8/kubernetes-model-common/7.1.0/kubernetes-model-common-7.1.0.jar:/home/runner/.m2/repository/javax/annotation/javax.annotation-api/1.3.2/javax.annotation-api-1.3.2.jar:/home/runner/.m2/repository/io/fabric8/kubernetes-model-gatewayapi/7.1.0/kubernetes-model-gatewayapi-7.1.0.jar:/home/runner/.m2/repository/io/fabric8/kubernetes-model-resource/7.1.0/kubernetes-model-resource-7.1.0.jar:/home/runner/.m2/repository/io/fabric8/kubernetes-model-rbac/7.1.0/kubernetes-model-rbac-7.1.0.jar:/home/runner/.m2/repository/io/fabric8/kubernetes-model-admissionregistration/7.1.0/kubernetes-model-admissionregistration-7.1.0.jar:/home/runner/.m2/repository/io/fabric8/kubernetes-model-apps/7.1.0/kubernetes-model-apps-7.1.0.jar:/home/runner/.m2/repository/io/fabric8/kubernetes-model-autoscaling/7.1.0/kubernetes-model-autoscaling-7.1.0.jar:/home/runner/.m2/repository/io/fabric8/kubernetes-model-apiextensions/7.1.0/kubernetes-model-apiextensions-7.1.0.jar:/home/runner/.m2/repository/io/fabric8/kubernetes-model-batch/7.1.0/kubernetes-model-batch-7.1.0.jar:/home/runner/.m2/repository/io/fabric8/kubernetes-model-certificates/7.1.0/kubernetes-model-certificates-7.1.0.jar:/home/runner/.m2/repository/io/fabric8/kubernetes-model-coordination/7.1.0/kubernetes-model-coordination-7.1.0.jar:/home/runner/.m2/repository/io/fabric8/kubernetes-model-discovery/7.1.0/kubernetes-model-discovery-7.1.0.jar:/home/runner/.m2/repository/io/fabric8/kubernetes-model-events/7.1.0/kubernetes-model-events-7.1.0.jar:/home/runner/.m2/repository/io/fabric8/kubernetes-model-extensions/7.1.0/kubernetes-model-extensions-7.1.0.jar:/home/runner/.m2/repository/io/fabric8/kubernetes-model-flowcontrol/7.1.0/kubernetes-model-flowcontrol-7.1.0.jar:/home/runner/.m2/repository/io/fabric8/kubernetes-model-networking/7.1.0/kubernetes-model-networking-7.1.0.jar:/home/runner/.m2/repository/io/fabric8/kubernetes-model-metrics/7.1.0/kubernetes-model-metrics-7.1.0.jar:/home/runner/.m2/repository/io/fabric8/kubernetes-model-policy/7.1.0/kubernetes-model-policy-7.1.0.jar:/home/runner/.m2/repository/io/fabric8/kubernetes-model-scheduling/7.1.0/kubernetes-model-scheduling-7.1.0.jar:/home/runner/.m2/repository/io/fabric8/kubernetes-model-storageclass/7.1.0/kubernetes-model-storageclass-7.1.0.jar:/home/runner/.m2/repository/io/fabric8/kubernetes-model-node/7.1.0/kubernetes-model-node-7.1.0.jar:/home/runner/.m2/repository/org/snakeyaml/snakeyaml-engine/2.9/snakeyaml-engine-2.9.jar:/home/runner/.m2/repository/com/fasterxml/jackson/dataformat/jackson-dataformat-yaml/2.18.2/jackson-dataformat-yaml-2.18.2.jar:/home/runner/.m2/repository/com/fasterxml/jackson/datatype/jackson-datatype-jsr310/2.18.2/jackson-datatype-jsr310-2.18.2.jar:/home/runner/.m2/repository/io/fabric8/zjsonpatch/7.1.0/zjsonpatch-7.1.0.jar:/home/runner/.m2/repository/io/fabric8/kubernetes-httpclient-vertx/7.1.0/kubernetes-httpclient-vertx-7.1.0.jar:/home/runner/.m2/repository/io/vertx/vertx-web-client/4.5.16/vertx-web-client-4.5.16.jar:/home/runner/.m2/repository/io/vertx/vertx-web-common/4.5.16/vertx-web-common-4.5.16.jar:/home/runner/.m2/repository/io/vertx/vertx-auth-common/4.5.16/vertx-auth-common-4.5.16.jar:/home/runner/.m2/repository/io/vertx/vertx-uri-template/4.5.16/vertx-uri-template-4.5.16.jar:/home/runner/.m2/repository/io/fabric8/openshift-client/7.1.0/openshift-client-7.1.0.jar:/home/runner/.m2/repository/io/fabric8/openshift-client-api/7.1.0/openshift-client-api-7.1.0.jar:/home/runner/.m2/repository/io/fabric8/openshift-model/7.1.0/openshift-model-7.1.0.jar:/home/runner/.m2/repository/io/fabric8/openshift-model-autoscaling/7.1.0/openshift-model-autoscaling-7.1.0.jar:/home/runner/.m2/repository/io/fabric8/openshift-model-operator/7.1.0/openshift-model-operator-7.1.0.jar:/home/runner/.m2/repository/io/fabric8/openshift-model-operatorhub/7.1.0/openshift-model-operatorhub-7.1.0.jar:/home/runner/.m2/repository/io/fabric8/openshift-model-machine/7.1.0/openshift-model-machine-7.1.0.jar:/home/runner/.m2/repository/io/fabric8/openshift-model-whereabouts/7.1.0/openshift-model-whereabouts-7.1.0.jar:/home/runner/.m2/repository/io/fabric8/openshift-model-monitoring/7.1.0/openshift-model-monitoring-7.1.0.jar:/home/runner/.m2/repository/io/fabric8/openshift-model-storageversionmigrator/7.1.0/openshift-model-storageversionmigrator-7.1.0.jar:/home/runner/.m2/repository/io/fabric8/openshift-model-tuned/7.1.0/openshift-model-tuned-7.1.0.jar:/home/runner/.m2/repository/io/fabric8/openshift-model-console/7.1.0/openshift-model-console-7.1.0.jar:/home/runner/.m2/repository/io/fabric8/openshift-model-config/7.1.0/openshift-model-config-7.1.0.jar:/home/runner/.m2/repository/io/fabric8/openshift-model-machineconfiguration/7.1.0/openshift-model-machineconfiguration-7.1.0.jar:/home/runner/.m2/repository/io/fabric8/openshift-model-miscellaneous/7.1.0/openshift-model-miscellaneous-7.1.0.jar:/home/runner/.m2/repository/io/fabric8/openshift-model-hive/7.1.0/openshift-model-hive-7.1.0.jar:/home/runner/.m2/repository/io/fabric8/openshift-model-installer/7.1.0/openshift-model-installer-7.1.0.jar:/home/runner/.m2/repository/org/junit/platform/junit-platform-launcher/1.12.1/junit-platform-launcher-1.12.1.jar:/home/runner/.m2/repository/org/junit/platform/junit-platform-engine/1.12.1/junit-platform-engine-1.12.1.jar:/home/runner/.m2/repository/org/opentest4j/opentest4j/1.3.0/opentest4j-1.3.0.jar:/home/runner/.m2/repository/org/junit/platform/junit-platform-commons/1.12.1/junit-platform-commons-1.12.1.jar:/home/runner/.m2/repository/org/apiguardian/apiguardian-api/1.1.2/apiguardian-api-1.1.2.jar:/home/runner/.m2/repository/jakarta/ws/rs/jakarta.ws.rs-api/3.1.0/jakarta.ws.rs-api-3.1.0.jar:/home/runner/work/apicurio-testing/apicurio-testing/clusters/ci419/namespaces/inmemory/tests/integration/apicurio-registry/java-sdk/target/apicurio-registry-java-sdk-3.0.12-SNAPSHOT.jar:/home/runner/.m2/repository/com/microsoft/kiota/microsoft-kiota-abstractions/1.8.9/microsoft-kiota-abstractions-1.8.9.jar:/home/runner/.m2/repository/io/github/std-uritemplate/std-uritemplate/2.0.0/std-uritemplate-2.0.0.jar:/home/runner/.m2/repository/io/kiota/kiota-http-jdk/0.0.29/kiota-http-jdk-0.0.29.jar:/home/runner/.m2/repository/io/kiota/kiota-http-vertx/0.0.29/kiota-http-vertx-0.0.29.jar:/home/runner/.m2/repository/io/kiota/kiota-serialization-jackson/0.0.29/kiota-serialization-jackson-0.0.29.jar:/home/runner/.m2/repository/com/microsoft/kiota/microsoft-kiota-serialization-text/1.8.9/microsoft-kiota-serialization-text-1.8.9.jar:/home/runner/.m2/repository/com/microsoft/kiota/microsoft-kiota-serialization-form/1.8.9/microsoft-kiota-serialization-form-1.8.9.jar:/home/runner/.m2/repository/com/microsoft/kiota/microsoft-kiota-serialization-multipart/1.8.9/microsoft-kiota-serialization-multipart-1.8.9.jar:/home/runner/.m2/repository/jakarta/annotation/jakarta.annotation-api/3.0.0/jakarta.annotation-api-3.0.0.jar:/home/runner/.m2/repository/io/vertx/vertx-auth-oauth2/4.5.16/vertx-auth-oauth2-4.5.16.jar:/home/runner/work/apicurio-testing/apicurio-testing/clusters/ci419/namespaces/inmemory/tests/integration/apicurio-registry/java-sdk-v2/target/apicurio-registry-v2-java-sdk-3.0.12-SNAPSHOT.jar:/home/runner/work/apicurio-testing/apicurio-testing/clusters/ci419/namespaces/inmemory/tests/integration/apicurio-registry/utils/kafka/target/apicurio-registry-utils-kafka-3.0.12-SNAPSHOT-tests.jar:/home/runner/.m2/repository/org/eclipse/microprofile/config/microprofile-config-api/3.1/microprofile-config-api-3.1.jar:/home/runner/.m2/repository/org/apache/kafka/kafka-clients/3.9.1/kafka-clients-3.9.1.jar:/home/runner/.m2/repository/com/github/luben/zstd-jni/1.5.6-4/zstd-jni-1.5.6-4.jar:/home/runner/.m2/repository/org/lz4/lz4-java/1.8.0/lz4-java-1.8.0.jar:/home/runner/.m2/repository/org/xerial/snappy/snappy-java/1.1.10.5/snappy-java-1.1.10.5.jar:/home/runner/.m2/repository/org/slf4j/slf4j-api/2.0.6/slf4j-api-2.0.6.jar:/home/runner/work/apicurio-testing/apicurio-testing/clusters/ci419/namespaces/inmemory/tests/integration/apicurio-registry/utils/tests/target/apicurio-registry-utils-tests-3.0.12-SNAPSHOT.jar:/home/runner/work/apicurio-testing/apicurio-testing/clusters/ci419/namespaces/inmemory/tests/integration/apicurio-registry/common/target/apicurio-registry-common-3.0.12-SNAPSHOT.jar:/home/runner/.m2/repository/jakarta/validation/jakarta.validation-api/3.0.2/jakarta.validation-api-3.0.2.jar:/home/runner/.m2/repository/com/github/dasniko/testcontainers-keycloak/3.8.0/testcontainers-keycloak-3.8.0.jar:/home/runner/.m2/repository/org/testcontainers/testcontainers/1.20.6/testcontainers-1.20.6.jar:/home/runner/.m2/repository/org/rnorth/duct-tape/duct-tape/1.0.8/duct-tape-1.0.8.jar:/home/runner/.m2/repository/com/github/docker-java/docker-java-transport-zerodep/3.4.1/docker-java-transport-zerodep-3.4.1.jar:/home/runner/.m2/repository/com/github/docker-java/docker-java-transport/3.4.1/docker-java-transport-3.4.1.jar:/home/runner/.m2/repository/net/java/dev/jna/jna/5.8.0/jna-5.8.0.jar:/home/runner/.m2/repository/io/quarkus/quarkus-junit4-mock/3.20.2/quarkus-junit4-mock-3.20.2.jar:/home/runner/.m2/repository/org/jboss/shrinkwrap/shrinkwrap-api/2.0.0-beta-2/shrinkwrap-api-2.0.0-beta-2.jar:/home/runner/.m2/repository/org/jboss/shrinkwrap/shrinkwrap-impl-base/2.0.0-beta-2/shrinkwrap-impl-base-2.0.0-beta-2.jar:/home/runner/.m2/repository/org/jboss/shrinkwrap/shrinkwrap-spi/2.0.0-beta-2/shrinkwrap-spi-2.0.0-beta-2.jar:/home/runner/.m2/repository/org/keycloak/keycloak-admin-client/26.0.4/keycloak-admin-client-26.0.4.jar:/home/runner/.m2/repository/org/keycloak/keycloak-client-common-synced/26.0.4/keycloak-client-common-synced-26.0.4.jar:/home/runner/.m2/repository/jakarta/activation/jakarta.activation-api/2.1.3/jakarta.activation-api-2.1.3.jar:/home/runner/.m2/repository/org/eclipse/microprofile/openapi/microprofile-openapi-api/4.0.2/microprofile-openapi-api-4.0.2.jar:/home/runner/.m2/repository/org/jboss/resteasy/resteasy-client/6.2.12.Final/resteasy-client-6.2.12.Final.jar:/home/runner/.m2/repository/org/jboss/resteasy/resteasy-client-api/6.2.12.Final/resteasy-client-api-6.2.12.Final.jar:/home/runner/.m2/repository/org/jboss/resteasy/resteasy-core-spi/6.2.12.Final/resteasy-core-spi-6.2.12.Final.jar:/home/runner/.m2/repository/org/jboss/resteasy/resteasy-core/6.2.12.Final/resteasy-core-6.2.12.Final.jar:/home/runner/.m2/repository/org/eclipse/angus/angus-activation/2.0.2/angus-activation-2.0.2.jar:/home/runner/.m2/repository/com/ibm/async/asyncutil/0.1.0/asyncutil-0.1.0.jar:/home/runner/.m2/repository/org/reactivestreams/reactive-streams/1.0.4/reactive-streams-1.0.4.jar:/home/runner/.m2/repository/org/jboss/resteasy/resteasy-multipart-provider/6.2.12.Final/resteasy-multipart-provider-6.2.12.Final.jar:/home/runner/.m2/repository/jakarta/mail/jakarta.mail-api/2.1.3/jakarta.mail-api-2.1.3.jar:/home/runner/.m2/repository/org/eclipse/angus/angus-mail/2.0.3/angus-mail-2.0.3.jar:/home/runner/.m2/repository/org/apache/james/apache-mime4j-dom/0.8.12/apache-mime4j-dom-0.8.12.jar:/home/runner/.m2/repository/org/apache/james/apache-mime4j-core/0.8.12/apache-mime4j-core-0.8.12.jar:/home/runner/.m2/repository/org/apache/james/apache-mime4j-storage/0.8.12/apache-mime4j-storage-0.8.12.jar:/home/runner/.m2/repository/org/jboss/resteasy/resteasy-jackson2-provider/6.2.12.Final/resteasy-jackson2-provider-6.2.12.Final.jar:/home/runner/.m2/repository/com/fasterxml/jackson/jakarta/rs/jackson-jakarta-rs-base/2.18.2/jackson-jakarta-rs-base-2.18.2.jar:/home/runner/.m2/repository/com/fasterxml/jackson/jakarta/rs/jackson-jakarta-rs-json-provider/2.18.2/jackson-jakarta-rs-json-provider-2.18.2.jar:/home/runner/.m2/repository/com/fasterxml/jackson/module/jackson-module-jakarta-xmlbind-annotations/2.18.2/jackson-module-jakarta-xmlbind-annotations-2.18.2.jar:/home/runner/.m2/repository/com/github/java-json-tools/json-patch/1.13/json-patch-1.13.jar:/home/runner/.m2/repository/com/github/java-json-tools/msg-simple/1.2/msg-simple-1.2.jar:/home/runner/.m2/repository/com/github/java-json-tools/btf/1.3/btf-1.3.jar:/home/runner/.m2/repository/com/github/java-json-tools/jackson-coreutils/2.0/jackson-coreutils-2.0.jar:/home/runner/.m2/repository/org/jboss/resteasy/resteasy-jaxb-provider/6.2.12.Final/resteasy-jaxb-provider-6.2.12.Final.jar:/home/runner/.m2/repository/org/glassfish/jaxb/codemodel/4.0.5/codemodel-4.0.5.jar:/home/runner/.m2/repository/org/glassfish/jaxb/jaxb-core/4.0.5/jaxb-core-4.0.5.jar:/home/runner/.m2/repository/org/glassfish/jaxb/jaxb-jxc/4.0.5/jaxb-jxc-4.0.5.jar:/home/runner/.m2/repository/org/glassfish/jaxb/jaxb-runtime/4.0.5/jaxb-runtime-4.0.5.jar:/home/runner/.m2/repository/org/glassfish/jaxb/txw2/4.0.5/txw2-4.0.5.jar:/home/runner/.m2/repository/org/glassfish/jaxb/jaxb-xjc/4.0.5/jaxb-xjc-4.0.5.jar:/home/runner/.m2/repository/org/glassfish/jaxb/xsom/4.0.5/xsom-4.0.5.jar:/home/runner/.m2/repository/com/sun/istack/istack-commons-runtime/4.1.2/istack-commons-runtime-4.1.2.jar:/home/runner/.m2/repository/com/sun/istack/istack-commons-tools/4.1.2/istack-commons-tools-4.1.2.jar:/home/runner/.m2/repository/com/sun/xml/bind/external/relaxng-datatype/4.0.5/relaxng-datatype-4.0.5.jar:/home/runner/.m2/repository/com/sun/xml/bind/external/rngom/4.0.5/rngom-4.0.5.jar:/home/runner/.m2/repository/org/testcontainers/mssqlserver/1.20.6/mssqlserver-1.20.6.jar:/home/runner/.m2/repository/org/testcontainers/jdbc/1.20.6/jdbc-1.20.6.jar:/home/runner/.m2/repository/org/testcontainers/database-commons/1.20.6/database-commons-1.20.6.jar:/home/runner/.m2/repository/org/testcontainers/mysql/1.20.6/mysql-1.20.6.jar:/home/runner/.m2/repository/io/strimzi/strimzi-test-container/0.111.0/strimzi-test-container-0.111.0.jar:/home/runner/.m2/repository/org/testcontainers/toxiproxy/1.20.6/toxiproxy-1.20.6.jar:/home/runner/.m2/repository/com/github/docker-java/docker-java-api/3.4.1/docker-java-api-3.4.1.jar:/home/runner/.m2/repository/org/apache/logging/log4j/log4j-slf4j-impl/2.19.0/log4j-slf4j-impl-2.19.0.jar:/home/runner/.m2/repository/org/apache/logging/log4j/log4j-api/2.24.3/log4j-api-2.24.3.jar:/home/runner/.m2/repository/org/apache/logging/log4j/log4j-core/2.19.0/log4j-core-2.19.0.jar:/home/runner/.m2/repository/eu/rekawek/toxiproxy/toxiproxy-java/2.1.7/toxiproxy-java-2.1.7.jar:/home/runner/.m2/repository/org/testcontainers/pulsar/1.21.3/pulsar-1.21.3.jar:/home/runner/.m2/repository/io/debezium/debezium-testing-testcontainers/2.7.4.Final/debezium-testing-testcontainers-2.7.4.Final.jar:/home/runner/.m2/repository/org/testcontainers/kafka/1.20.6/kafka-1.20.6.jar:/home/runner/.m2/repository/com/squareup/okhttp3/okhttp/4.8.1/okhttp-4.8.1.jar:/home/runner/.m2/repository/com/squareup/okio/okio/3.10.2/okio-3.10.2.jar:/home/runner/.m2/repository/com/squareup/okio/okio-jvm/3.10.2/okio-jvm-3.10.2.jar:/home/runner/.m2/repository/org/jetbrains/kotlin/kotlin-stdlib/2.0.21/kotlin-stdlib-2.0.21.jar:/home/runner/.m2/repository/org/awaitility/awaitility/4.3.0/awaitility-4.3.0.jar:/home/runner/.m2/repository/org/testcontainers/mongodb/1.20.6/mongodb-1.20.6.jar:/home/runner/.m2/repository/org/testcontainers/mariadb/1.20.6/mariadb-1.20.6.jar:/home/runner/.m2/repository/org/testcontainers/oracle-xe/1.20.6/oracle-xe-1.20.6.jar:/home/runner/.m2/repository/org/testcontainers/postgresql/1.20.6/postgresql-1.20.6.jar:/home/runner/.m2/repository/org/wiremock/wiremock/3.0.1/wiremock-3.0.1.jar:/home/runner/.m2/repository/org/eclipse/jetty/jetty-server/11.0.15/jetty-server-11.0.15.jar:/home/runner/.m2/repository/org/eclipse/jetty/toolchain/jetty-jakarta-servlet-api/5.0.2/jetty-jakarta-servlet-api-5.0.2.jar:/home/runner/.m2/repository/org/eclipse/jetty/jetty-http/11.0.15/jetty-http-11.0.15.jar:/home/runner/.m2/repository/org/eclipse/jetty/jetty-io/11.0.15/jetty-io-11.0.15.jar:/home/runner/.m2/repository/org/eclipse/jetty/jetty-servlet/11.0.15/jetty-servlet-11.0.15.jar:/home/runner/.m2/repository/org/eclipse/jetty/jetty-security/11.0.15/jetty-security-11.0.15.jar:/home/runner/.m2/repository/org/eclipse/jetty/jetty-servlets/11.0.15/jetty-servlets-11.0.15.jar:/home/runner/.m2/repository/org/eclipse/jetty/jetty-util/11.0.15/jetty-util-11.0.15.jar:/home/runner/.m2/repository/org/eclipse/jetty/jetty-webapp/11.0.15/jetty-webapp-11.0.15.jar:/home/runner/.m2/repository/org/eclipse/jetty/jetty-xml/11.0.15/jetty-xml-11.0.15.jar:/home/runner/.m2/repository/org/eclipse/jetty/jetty-proxy/11.0.15/jetty-proxy-11.0.15.jar:/home/runner/.m2/repository/org/eclipse/jetty/jetty-client/11.0.15/jetty-client-11.0.15.jar:/home/runner/.m2/repository/org/eclipse/jetty/http2/http2-server/11.0.15/http2-server-11.0.15.jar:/home/runner/.m2/repository/org/eclipse/jetty/http2/http2-common/11.0.15/http2-common-11.0.15.jar:/home/runner/.m2/repository/org/eclipse/jetty/http2/http2-hpack/11.0.15/http2-hpack-11.0.15.jar:/home/runner/.m2/repository/org/eclipse/jetty/jetty-alpn-server/11.0.15/jetty-alpn-server-11.0.15.jar:/home/runner/.m2/repository/org/eclipse/jetty/jetty-alpn-java-server/11.0.15/jetty-alpn-java-server-11.0.15.jar:/home/runner/.m2/repository/org/eclipse/jetty/jetty-alpn-java-client/11.0.15/jetty-alpn-java-client-11.0.15.jar:/home/runner/.m2/repository/org/eclipse/jetty/jetty-alpn-client/11.0.15/jetty-alpn-client-11.0.15.jar:/home/runner/.m2/repository/org/apache/httpcomponents/client5/httpclient5/5.2.1/httpclient5-5.2.1.jar:/home/runner/.m2/repository/org/apache/httpcomponents/core5/httpcore5/5.2/httpcore5-5.2.jar:/home/runner/.m2/repository/org/apache/httpcomponents/core5/httpcore5-h2/5.2/httpcore5-h2-5.2.jar:/home/runner/.m2/repository/org/xmlunit/xmlunit-core/2.9.1/xmlunit-core-2.9.1.jar:/home/runner/.m2/repository/jakarta/xml/bind/jakarta.xml.bind-api/4.0.2/jakarta.xml.bind-api-4.0.2.jar:/home/runner/.m2/repository/org/xmlunit/xmlunit-legacy/2.9.1/xmlunit-legacy-2.9.1.jar:/home/runner/.m2/repository/org/xmlunit/xmlunit-placeholders/2.9.1/xmlunit-placeholders-2.9.1.jar:/home/runner/.m2/repository/net/javacrumbs/json-unit/json-unit-core/2.38.0/json-unit-core-2.38.0.jar:/home/runner/.m2/repository/org/hamcrest/hamcrest-core/2.2/hamcrest-core-2.2.jar:/home/runner/.m2/repository/com/jayway/jsonpath/json-path/2.8.0/json-path-2.8.0.jar:/home/runner/.m2/repository/net/minidev/json-smart/2.4.10/json-smart-2.4.10.jar:/home/runner/.m2/repository/net/minidev/accessors-smart/2.4.9/accessors-smart-2.4.9.jar:/home/runner/.m2/repository/org/ow2/asm/asm/9.7.1/asm-9.7.1.jar:/home/runner/.m2/repository/net/sf/jopt-simple/jopt-simple/5.0.4/jopt-simple-5.0.4.jar:/home/runner/.m2/repository/com/github/jknack/handlebars/4.3.1/handlebars-4.3.1.jar:/home/runner/.m2/repository/com/github/jknack/handlebars-helpers/4.3.1/handlebars-helpers-4.3.1.jar:/home/runner/.m2/repository/commons-fileupload/commons-fileupload/1.5/commons-fileupload-1.5.jar:/home/runner/.m2/repository/com/networknt/json-schema-validator/1.5.8/json-schema-validator-1.5.8.jar:/home/runner/.m2/repository/com/ethlo/time/itu/1.10.3/itu-1.10.3.jar:/home/runner/.m2/repository/io/quarkus/quarkus-smallrye-jwt-build/3.20.2/quarkus-smallrye-jwt-build-3.20.2.jar:/home/runner/.m2/repository/io/smallrye/smallrye-jwt-build/4.6.2/smallrye-jwt-build-4.6.2.jar:/home/runner/.m2/repository/org/eclipse/microprofile/jwt/microprofile-jwt-auth-api/2.1/microprofile-jwt-auth-api-2.1.jar:/home/runner/.m2/repository/org/bitbucket/b_c/jose4j/0.9.6/jose4j-0.9.6.jar:/home/runner/.m2/repository/io/smallrye/smallrye-jwt-common/4.6.2/smallrye-jwt-common-4.6.2.jar:/home/runner/.m2/repository/io/quarkus/quarkus-jsonp/3.20.2/quarkus-jsonp-3.20.2.jar:/home/runner/.m2/repository/io/quarkus/quarkus-arc/3.20.2/quarkus-arc-3.20.2.jar:/home/runner/.m2/repository/io/quarkus/arc/arc/3.20.2/arc-3.20.2.jar:/home/runner/.m2/repository/jakarta/transaction/jakarta.transaction-api/2.0.1/jakarta.transaction-api-2.0.1.jar:/home/runner/.m2/repository/io/smallrye/reactive/mutiny/2.9.2/mutiny-2.9.2.jar:/home/runner/.m2/repository/org/jctools/jctools-core/4.0.5/jctools-core-4.0.5.jar:/home/runner/.m2/repository/org/eclipse/microprofile/context-propagation/microprofile-context-propagation-api/1.3/microprofile-context-propagation-api-1.3.jar:/home/runner/.m2/repository/io/apicurio/apicurio-common-rest-client-common/0.1.18.Final/apicurio-common-rest-client-common-0.1.18.Final.jar:/home/runner/work/apicurio-testing/apicurio-testing/clusters/ci419/namespaces/inmemory/tests/integration/apicurio-registry/utils/maven-plugin/target/apicurio-registry-maven-plugin-3.0.12-SNAPSHOT.jar:/home/runner/.m2/repository/com/fasterxml/jackson/core/jackson-databind/2.18.2/jackson-databind-2.18.2.jar:/home/runner/.m2/repository/org/apache/avro/avro/1.12.0/avro-1.12.0.jar:/home/runner/.m2/repository/com/google/protobuf/protobuf-java/4.31.1/protobuf-java-4.31.1.jar:/home/runner/.m2/repository/com/google/protobuf/protobuf-java-util/4.31.1/protobuf-java-util-4.31.1.jar:/home/runner/.m2/repository/com/google/code/findbugs/jsr305/3.0.2/jsr305-3.0.2.jar:/home/runner/.m2/repository/com/google/code/gson/gson/2.12.1/gson-2.12.1.jar:/home/runner/.m2/repository/com/google/errorprone/error_prone_annotations/2.36.0/error_prone_annotations-2.36.0.jar:/home/runner/.m2/repository/com/google/j2objc/j2objc-annotations/2.8/j2objc-annotations-2.8.jar:/home/runner/work/apicurio-testing/apicurio-testing/clusters/ci419/namespaces/inmemory/tests/integration/apicurio-registry/schema-util/util-provider/target/apicurio-registry-schema-util-provider-3.0.12-SNAPSHOT.jar:/home/runner/work/apicurio-testing/apicurio-testing/clusters/ci419/namespaces/inmemory/tests/integration/apicurio-registry/schema-util/common/target/apicurio-registry-schema-util-common-3.0.12-SNAPSHOT.jar:/home/runner/.m2/repository/com/fasterxml/jackson/module/jackson-module-parameter-names/2.18.2/jackson-module-parameter-names-2.18.2.jar:/home/runner/.m2/repository/com/fasterxml/jackson/datatype/jackson-datatype-json-org/2.18.2/jackson-datatype-json-org-2.18.2.jar:/home/runner/work/apicurio-testing/apicurio-testing/clusters/ci419/namespaces/inmemory/tests/integration/apicurio-registry/schema-util/json/target/apicurio-registry-schema-util-json-3.0.12-SNAPSHOT.jar:/home/runner/.m2/repository/com/github/erosb/everit-json-schema/1.14.5/everit-json-schema-1.14.5.jar:/home/runner/.m2/repository/commons-validator/commons-validator/1.9.0/commons-validator-1.9.0.jar:/home/runner/.m2/repository/commons-digester/commons-digester/2.1/commons-digester-2.1.jar:/home/runner/.m2/repository/commons-collections/commons-collections/3.2.2/commons-collections-3.2.2.jar:/home/runner/.m2/repository/com/damnhandy/handy-uri-templates/2.1.8/handy-uri-templates-2.1.8.jar:/home/runner/.m2/repository/joda-time/joda-time/2.10.2/joda-time-2.10.2.jar:/home/runner/.m2/repository/com/github/erosb/json-sKema/0.20.0/json-sKema-0.20.0.jar:/home/runner/.m2/repository/io/vertx/vertx-json-schema/4.5.16/vertx-json-schema-4.5.16.jar:/home/runner/work/apicurio-testing/apicurio-testing/clusters/ci419/namespaces/inmemory/tests/integration/apicurio-registry/schema-util/protobuf/target/apicurio-registry-schema-util-protobuf-3.0.12-SNAPSHOT.jar:/home/runner/work/apicurio-testing/apicurio-testing/clusters/ci419/namespaces/inmemory/tests/integration/apicurio-registry/utils/protobuf-schema-utilities/target/apicurio-registry-protobuf-schema-utilities-3.0.12-SNAPSHOT.jar:/home/runner/.m2/repository/com/google/api/grpc/proto-google-common-protos/2.52.0/proto-google-common-protos-2.52.0.jar:/home/runner/.m2/repository/com/squareup/wire/wire-schema-jvm/5.3.3/wire-schema-jvm-5.3.3.jar:/home/runner/.m2/repository/com/palantir/javapoet/javapoet/0.6.0/javapoet-0.6.0.jar:/home/runner/.m2/repository/com/squareup/kotlinpoet-jvm/2.0.0/kotlinpoet-jvm-2.0.0.jar:/home/runner/.m2/repository/org/jetbrains/kotlin/kotlin-reflect/2.0.21/kotlin-reflect-2.0.21.jar:/home/runner/.m2/repository/com/squareup/wire/wire-runtime-jvm/5.3.3/wire-runtime-jvm-5.3.3.jar:/home/runner/.m2/repository/com/ibm/icu/icu4j/76.1/icu4j-76.1.jar:/home/runner/.m2/repository/com/squareup/okio/okio-fakefilesystem/3.10.2/okio-fakefilesystem-3.10.2.jar:/home/runner/.m2/repository/com/squareup/okio/okio-fakefilesystem-jvm/3.10.2/okio-fakefilesystem-jvm-3.10.2.jar:/home/runner/.m2/repository/org/jetbrains/kotlinx/kotlinx-datetime-jvm/0.6.1/kotlinx-datetime-jvm-0.6.1.jar:/home/runner/work/apicurio-testing/apicurio-testing/clusters/ci419/namespaces/inmemory/tests/integration/apicurio-registry/schema-util/asyncapi/target/apicurio-registry-schema-util-asyncapi-3.0.12-SNAPSHOT.jar:/home/runner/work/apicurio-testing/apicurio-testing/clusters/ci419/namespaces/inmemory/tests/integration/apicurio-registry/schema-util/avro/target/apicurio-registry-schema-util-avro-3.0.12-SNAPSHOT.jar:/home/runner/work/apicurio-testing/apicurio-testing/clusters/ci419/namespaces/inmemory/tests/integration/apicurio-registry/schema-util/graphql/target/apicurio-registry-schema-util-graphql-3.0.12-SNAPSHOT.jar:/home/runner/.m2/repository/com/graphql-java/graphql-java/22.4/graphql-java-22.4.jar:/home/runner/.m2/repository/com/graphql-java/java-dataloader/3.3.0/java-dataloader-3.3.0.jar:/home/runner/work/apicurio-testing/apicurio-testing/clusters/ci419/namespaces/inmemory/tests/integration/apicurio-registry/schema-util/kconnect/target/apicurio-registry-schema-util-kconnect-3.0.12-SNAPSHOT.jar:/home/runner/work/apicurio-testing/apicurio-testing/clusters/ci419/namespaces/inmemory/tests/integration/apicurio-registry/schema-util/openapi/target/apicurio-registry-schema-util-openapi-3.0.12-SNAPSHOT.jar:/home/runner/.m2/repository/io/apicurio/apicurio-data-models/2.2.2/apicurio-data-models-2.2.2.jar:/home/runner/.m2/repository/org/openapitools/openapidiff/openapi-diff-core/2.1.2/openapi-diff-core-2.1.2.jar:/home/runner/.m2/repository/io/swagger/parser/v3/swagger-parser/2.1.28/swagger-parser-2.1.28.jar:/home/runner/.m2/repository/io/swagger/parser/v3/swagger-parser-v2-converter/2.1.28/swagger-parser-v2-converter-2.1.28.jar:/home/runner/.m2/repository/io/swagger/swagger-core/1.6.16/swagger-core-1.6.16.jar:/home/runner/.m2/repository/io/swagger/swagger-models/1.6.16/swagger-models-1.6.16.jar:/home/runner/.m2/repository/io/swagger/swagger-annotations/1.6.16/swagger-annotations-1.6.16.jar:/home/runner/.m2/repository/io/swagger/swagger-parser/1.0.75/swagger-parser-1.0.75.jar:/home/runner/.m2/repository/io/swagger/swagger-parser-safe-url-resolver/1.0.75/swagger-parser-safe-url-resolver-1.0.75.jar:/home/runner/.m2/repository/io/swagger/swagger-compat-spec-parser/1.0.75/swagger-compat-spec-parser-1.0.75.jar:/home/runner/.m2/repository/com/github/java-json-tools/json-schema-validator/2.2.14/json-schema-validator-2.2.14.jar:/home/runner/.m2/repository/com/github/java-json-tools/jackson-coreutils-equivalence/1.0/jackson-coreutils-equivalence-1.0.jar:/home/runner/.m2/repository/com/github/java-json-tools/json-schema-core/1.2.14/json-schema-core-1.2.14.jar:/home/runner/.m2/repository/com/github/java-json-tools/uri-template/0.10/uri-template-0.10.jar:/home/runner/.m2/repository/com/googlecode/libphonenumber/libphonenumber/8.11.1/libphonenumber-8.11.1.jar:/home/runner/.m2/repository/com/j2html/j2html/1.6.0/j2html-1.6.0.jar:/home/runner/.m2/repository/org/apache/commons/commons-collections4/4.5.0/commons-collections4-4.5.0.jar:/home/runner/.m2/repository/org/slf4j/jcl-over-slf4j/2.0.17/jcl-over-slf4j-2.0.17.jar:/home/runner/.m2/repository/io/swagger/parser/v3/swagger-parser-v3/2.1.31/swagger-parser-v3-2.1.31.jar:/home/runner/.m2/repository/io/swagger/core/v3/swagger-models/2.2.34/swagger-models-2.2.34.jar:/home/runner/.m2/repository/io/swagger/core/v3/swagger-core/2.2.34/swagger-core-2.2.34.jar:/home/runner/.m2/repository/io/swagger/parser/v3/swagger-parser-core/2.1.31/swagger-parser-core-2.1.31.jar:/home/runner/.m2/repository/io/swagger/parser/v3/swagger-parser-safe-url-resolver/2.1.31/swagger-parser-safe-url-resolver-2.1.31.jar:/home/runner/work/apicurio-testing/apicurio-testing/clusters/ci419/namespaces/inmemory/tests/integration/apicurio-registry/schema-util/wsdl/target/apicurio-registry-schema-util-wsdl-3.0.12-SNAPSHOT.jar:/home/runner/.m2/repository/wsdl4j/wsdl4j/1.6.3/wsdl4j-1.6.3.jar:/home/runner/work/apicurio-testing/apicurio-testing/clusters/ci419/namespaces/inmemory/tests/integration/apicurio-registry/schema-util/xml/target/apicurio-registry-schema-util-xml-3.0.12-SNAPSHOT.jar:/home/runner/.m2/repository/org/apache/santuario/xmlsec/4.0.4/xmlsec-4.0.4.jar:/home/runner/.m2/repository/com/fasterxml/woodstox/woodstox-core/7.1.1/woodstox-core-7.1.1.jar:/home/runner/.m2/repository/org/codehaus/woodstox/stax2-api/4.2.2/stax2-api-4.2.2.jar:/home/runner/work/apicurio-testing/apicurio-testing/clusters/ci419/namespaces/inmemory/tests/integration/apicurio-registry/schema-util/xsd/target/apicurio-registry-schema-util-xsd-3.0.12-SNAPSHOT.jar:/home/runner/work/apicurio-testing/apicurio-testing/clusters/ci419/namespaces/inmemory/tests/integration/apicurio-registry/serdes/kafka/jsonschema-serde/target/apicurio-registry-jsonschema-serde-kafka-3.0.12-SNAPSHOT.jar:/home/runner/work/apicurio-testing/apicurio-testing/clusters/ci419/namespaces/inmemory/tests/integration/apicurio-registry/serdes/kafka/serde-kafka-common/target/apicurio-registry-serde-kafka-common-3.0.12-SNAPSHOT.jar:/home/runner/work/apicurio-testing/apicurio-testing/clusters/ci419/namespaces/inmemory/tests/integration/apicurio-registry/serdes/generic/serde-common/target/apicurio-registry-serde-common-3.0.12-SNAPSHOT.jar:/home/runner/work/apicurio-testing/apicurio-testing/clusters/ci419/namespaces/inmemory/tests/integration/apicurio-registry/serdes/generic/serde-common-jsonschema/target/apicurio-registry-serde-common-jsonschema-3.0.12-SNAPSHOT.jar:/home/runner/.m2/repository/org/json/json/20250107/json-20250107.jar:/home/runner/work/apicurio-testing/apicurio-testing/clusters/ci419/namespaces/inmemory/tests/integration/apicurio-registry/serdes/kafka/avro-serde/target/apicurio-registry-avro-serde-kafka-3.0.12-SNAPSHOT.jar:/home/runner/work/apicurio-testing/apicurio-testing/clusters/ci419/namespaces/inmemory/tests/integration/apicurio-registry/serdes/generic/serde-common-avro/target/apicurio-registry-serde-common-avro-3.0.12-SNAPSHOT.jar:/home/runner/work/apicurio-testing/apicurio-testing/clusters/ci419/namespaces/inmemory/tests/integration/apicurio-registry/serdes/kafka/protobuf-serde/target/apicurio-registry-protobuf-serde-kafka-3.0.12-SNAPSHOT.jar:/home/runner/work/apicurio-testing/apicurio-testing/clusters/ci419/namespaces/inmemory/tests/integration/apicurio-registry/serdes/generic/serde-common-protobuf/target/apicurio-registry-serde-common-protobuf-3.0.12-SNAPSHOT.jar:/home/runner/.m2/repository/com/squareup/wire/wire-schema/5.3.3/wire-schema-5.3.3.jar:/home/runner/.m2/repository/com/squareup/wire/wire-runtime/5.3.3/wire-runtime-5.3.3.jar:/home/runner/work/apicurio-testing/apicurio-testing/clusters/ci419/namespaces/inmemory/tests/integration/apicurio-registry/serdes/pulsar/avro-serde/target/apicurio-registry-avro-serde-pulsar-3.0.12-SNAPSHOT.jar:/home/runner/.m2/repository/org/apache/pulsar/pulsar-functions-api/3.3.8/pulsar-functions-api-3.3.8.jar:/home/runner/work/apicurio-testing/apicurio-testing/clusters/ci419/namespaces/inmemory/tests/integration/apicurio-registry/serdes/nats/avro-serde/target/apicurio-registry-avro-serde-nats-3.0.12-SNAPSHOT.jar:/home/runner/.m2/repository/io/nats/jnats/2.21.4/jnats-2.21.4.jar:/home/runner/.m2/repository/org/bouncycastle/bcprov-lts8on/2.73.7/bcprov-lts8on-2.73.7.jar:/home/runner/.m2/repository/org/jetbrains/annotations/26.0.2/annotations-26.0.2.jar:/home/runner/work/apicurio-testing/apicurio-testing/clusters/ci419/namespaces/inmemory/tests/integration/apicurio-registry/utils/converter/target/apicurio-registry-utils-converter-3.0.12-SNAPSHOT.jar:/home/runner/work/apicurio-testing/apicurio-testing/clusters/ci419/namespaces/inmemory/tests/integration/apicurio-registry/schema-resolver/target/apicurio-registry-schema-resolver-3.0.12-SNAPSHOT.jar:/home/runner/.m2/repository/org/apache/kafka/connect-api/3.9.1/connect-api-3.9.1.jar:/home/runner/.m2/repository/javax/ws/rs/javax.ws.rs-api/2.1.1/javax.ws.rs-api-2.1.1.jar:/home/runner/.m2/repository/org/apache/kafka/connect-json/3.9.1/connect-json-3.9.1.jar:/home/runner/.m2/repository/com/fasterxml/jackson/datatype/jackson-datatype-jdk8/2.18.2/jackson-datatype-jdk8-2.18.2.jar:/home/runner/.m2/repository/com/fasterxml/jackson/module/jackson-module-afterburner/2.18.2/jackson-module-afterburner-2.18.2.jar:/home/runner/work/apicurio-testing/apicurio-testing/clusters/ci419/namespaces/inmemory/tests/integration/apicurio-registry/utils/kafka/target/apicurio-registry-utils-kafka-3.0.12-SNAPSHOT.jar:/home/runner/.m2/repository/org/apache/pulsar/pulsar-client/3.3.8/pulsar-client-3.3.8.jar:/home/runner/.m2/repository/org/apache/pulsar/pulsar-client-api/3.3.8/pulsar-client-api-3.3.8.jar:/home/runner/.m2/repository/org/apache/pulsar/pulsar-client-admin-api/3.3.8/pulsar-client-admin-api-3.3.8.jar:/home/runner/.m2/repository/org/apache/pulsar/bouncy-castle-bc/3.3.8/bouncy-castle-bc-3.3.8-pkg.jar:/home/runner/.m2/repository/org/bouncycastle/bcpkix-jdk18on/1.81/bcpkix-jdk18on-1.81.jar:/home/runner/.m2/repository/org/bouncycastle/bcutil-jdk18on/1.81/bcutil-jdk18on-1.81.jar:/home/runner/.m2/repository/org/bouncycastle/bcprov-jdk18on/1.81/bcprov-jdk18on-1.81.jar:/home/runner/.m2/repository/io/opentelemetry/opentelemetry-api/1.44.1/opentelemetry-api-1.44.1.jar:/home/runner/.m2/repository/io/opentelemetry/opentelemetry-context/1.44.1/opentelemetry-context-1.44.1.jar:/home/runner/.m2/repository/io/opentelemetry/opentelemetry-api-incubator/1.44.1-alpha/opentelemetry-api-incubator-1.44.1-alpha.jar:/home/runner/.m2/repository/com/fasterxml/jackson/core/jackson-annotations/2.18.2/jackson-annotations-2.18.2.jar:/home/runner/.m2/repository/javax/validation/validation-api/1.1.0.Final/validation-api-1.1.0.Final.jar:/home/runner/.m2/repository/org/jspecify/jspecify/1.0.0/jspecify-1.0.0.jar:/home/runner/.m2/repository/org/apache/commons/commons-configuration2/2.12.0/commons-configuration2-2.12.0.jar:/home/runner/.m2/repository/commons-logging/commons-logging/1.3.5/commons-logging-1.3.5.jar:/home/runner/.m2/repository/org/apache/commons/commons-text/1.13.0/commons-text-1.13.0.jar:/home/runner/.m2/repository/io/confluent/kafka-avro-serializer/8.0.0/kafka-avro-serializer-8.0.0.jar:/home/runner/.m2/repository/org/apache/commons/commons-compress/1.27.1/commons-compress-1.27.1.jar:/home/runner/.m2/repository/io/confluent/kafka-schema-serializer/8.0.0/kafka-schema-serializer-8.0.0.jar:/home/runner/.m2/repository/com/fasterxml/jackson/dataformat/jackson-dataformat-csv/2.18.2/jackson-dataformat-csv-2.18.2.jar:/home/runner/.m2/repository/io/confluent/kafka-schema-registry-client/8.0.0/kafka-schema-registry-client-8.0.0.jar:/home/runner/.m2/repository/org/yaml/snakeyaml/2.3/snakeyaml-2.3.jar:/home/runner/.m2/repository/io/swagger/core/v3/swagger-annotations/2.2.29/swagger-annotations-2.2.29.jar:/home/runner/.m2/repository/com/google/guava/guava/33.4.0-jre/guava-33.4.0-jre.jar:/home/runner/.m2/repository/com/google/guava/failureaccess/1.0.1/failureaccess-1.0.1.jar:/home/runner/.m2/repository/org/checkerframework/checker-qual/3.49.0/checker-qual-3.49.0.jar:/home/runner/.m2/repository/io/confluent/logredactor/1.0.13/logredactor-1.0.13.jar:/home/runner/.m2/repository/com/google/re2j/re2j/1.6/re2j-1.6.jar:/home/runner/.m2/repository/io/confluent/logredactor-metrics/1.0.13/logredactor-metrics-1.0.13.jar:/home/runner/.m2/repository/com/eclipsesource/minimal-json/minimal-json/0.9.5/minimal-json-0.9.5.jar:/home/runner/.m2/repository/io/confluent/common-utils/8.0.0/common-utils-8.0.0.jar:/home/runner/.m2/repository/io/confluent/kafka-connect-avro-converter/8.0.0/kafka-connect-avro-converter-8.0.0.jar:/home/runner/.m2/repository/io/confluent/kafka-connect-avro-data/8.0.0/kafka-connect-avro-data-8.0.0.jar:/home/runner/.m2/repository/io/confluent/kafka-schema-converter/8.0.0/kafka-schema-converter-8.0.0.jar:/home/runner/.m2/repository/io/rest-assured/rest-assured/5.5.1/rest-assured-5.5.1.jar:/home/runner/.m2/repository/org/apache/groovy/groovy/4.0.22/groovy-4.0.22.jar:/home/runner/.m2/repository/org/apache/groovy/groovy-xml/4.0.22/groovy-xml-4.0.22.jar:/home/runner/.m2/repository/org/apache/httpcomponents/httpclient/4.5.14/httpclient-4.5.14.jar:/home/runner/.m2/repository/org/apache/httpcomponents/httpcore/4.4.16/httpcore-4.4.16.jar:/home/runner/.m2/repository/org/apache/httpcomponents/httpmime/4.5.14/httpmime-4.5.14.jar:/home/runner/.m2/repository/org/hamcrest/hamcrest/2.2/hamcrest-2.2.jar:/home/runner/.m2/repository/org/ccil/cowan/tagsoup/tagsoup/1.2.1/tagsoup-1.2.1.jar:/home/runner/.m2/repository/io/rest-assured/json-path/5.5.1/json-path-5.5.1.jar:/home/runner/.m2/repository/org/apache/groovy/groovy-json/4.0.22/groovy-json-4.0.22.jar:/home/runner/.m2/repository/io/rest-assured/rest-assured-common/5.5.1/rest-assured-common-5.5.1.jar:/home/runner/.m2/repository/io/rest-assured/xml-path/5.5.1/xml-path-5.5.1.jar:/home/runner/.m2/repository/io/zonky/test/embedded-postgres/2.1.0/embedded-postgres-2.1.0.jar:/home/runner/.m2/repository/io/zonky/test/postgres/embedded-postgres-binaries-windows-amd64/14.15.0/embedded-postgres-binaries-windows-amd64-14.15.0.jar:/home/runner/.m2/repository/io/zonky/test/postgres/embedded-postgres-binaries-darwin-amd64/14.15.0/embedded-postgres-binaries-darwin-amd64-14.15.0.jar:/home/runner/.m2/repository/io/zonky/test/postgres/embedded-postgres-binaries-linux-amd64/14.15.0/embedded-postgres-binaries-linux-amd64-14.15.0.jar:/home/runner/.m2/repository/io/zonky/test/postgres/embedded-postgres-binaries-linux-amd64-alpine/14.15.0/embedded-postgres-binaries-linux-amd64-alpine-14.15.0.jar:/home/runner/.m2/repository/org/apache/commons/commons-lang3/3.17.0/commons-lang3-3.17.0.jar:/home/runner/.m2/repository/org/tukaani/xz/1.10/xz-1.10.jar:/home/runner/.m2/repository/commons-codec/commons-codec/1.19.0/commons-codec-1.19.0.jar:/home/runner/.m2/repository/org/postgresql/postgresql/42.7.7/postgresql-42.7.7.jar:/home/runner/.m2/repository/commons-io/commons-io/2.18.0/commons-io-2.18.0.jar:/home/runner/work/apicurio-testing/apicurio-testing/clusters/ci419/namespaces/inmemory/tests/integration/apicurio-registry/utils/importexport/target/apicurio-registry-utils-import-export-3.0.12-SNAPSHOT.jar:/home/runner/.m2/repository/io/vertx/vertx-core/4.5.16/vertx-core-4.5.16.jar:/home/runner/.m2/repository/io/netty/netty-common/4.1.121.Final/netty-common-4.1.121.Final.jar:/home/runner/.m2/repository/io/netty/netty-buffer/4.1.121.Final/netty-buffer-4.1.121.Final.jar:/home/runner/.m2/repository/io/netty/netty-transport/4.1.121.Final/netty-transport-4.1.121.Final.jar:/home/runner/.m2/repository/io/netty/netty-handler/4.1.121.Final/netty-handler-4.1.121.Final.jar:/home/runner/.m2/repository/io/netty/netty-transport-native-unix-common/4.1.121.Final/netty-transport-native-unix-common-4.1.121.Final.jar:/home/runner/.m2/repository/io/netty/netty-codec/4.1.121.Final/netty-codec-4.1.121.Final.jar:/home/runner/.m2/repository/io/netty/netty-handler-proxy/4.1.121.Final/netty-handler-proxy-4.1.121.Final.jar:/home/runner/.m2/repository/io/netty/netty-codec-socks/4.1.121.Final/netty-codec-socks-4.1.121.Final.jar:/home/runner/.m2/repository/io/netty/netty-codec-http/4.1.121.Final/netty-codec-http-4.1.121.Final.jar:/home/runner/.m2/repository/io/netty/netty-codec-http2/4.1.121.Final/netty-codec-http2-4.1.121.Final.jar:/home/runner/.m2/repository/io/netty/netty-resolver/4.1.121.Final/netty-resolver-4.1.121.Final.jar:/home/runner/.m2/repository/io/netty/netty-resolver-dns/4.1.121.Final/netty-resolver-dns-4.1.121.Final.jar:/home/runner/.m2/repository/io/netty/netty-codec-dns/4.1.121.Final/netty-codec-dns-4.1.121.Final.jar:/home/runner/.m2/repository/com/fasterxml/jackson/core/jackson-core/2.18.2/jackson-core-2.18.2.jar:"/>
    <property name="sun.cpu.endian" value="little"/>
    <property name="user.home" value="/home/runner"/>
    <property name="user.language" value="en"/>
    <property name="jboss.log-version" value="false"/>
    <property name="java.specification.vendor" value="Oracle Corporation"/>
    <property name="java.version.date" value="2025-07-15"/>
    <property name="java.home" value="/usr/lib/jvm/temurin-17-jdk-amd64"/>
    <property name="file.separator" value="/"/>
    <property name="basedir" value="/home/runner/work/apicurio-testing/apicurio-testing/clusters/ci419/namespaces/inmemory/tests/integration/apicurio-registry/integration-tests"/>
    <property name="java.vm.compressedOopsMode" value="32-bit"/>
    <property name="line.separator" value="&#10;"/>
    <property name="java.specification.name" value="Java Platform API Specification"/>
    <property name="java.vm.specification.vendor" value="Oracle Corporation"/>
    <property name="quarkus.http.test-host" value="registry-app-inmemory.apps.ci419.apicurio-testing.org"/>
    <property name="surefire.real.class.path" value="/home/runner/work/apicurio-testing/apicurio-testing/clusters/ci419/namespaces/inmemory/tests/integration/apicurio-registry/integration-tests/target/surefire/surefirebooter-20250812144758612_3.jar"/>
    <property name="sun.management.compiler" value="HotSpot 64-Bit Tiered Compilers"/>
    <property name="org.eclipse.jetty.http.HttpGenerator.STRICT" value="true"/>
    <property name="java.runtime.version" value="17.0.16+8"/>
    <property name="user.name" value="runner"/>
    <property name="path.separator" value=":"/>
    <property name="os.version" value="6.8.0-1031-azure"/>
    <property name="java.runtime.name" value="OpenJDK Runtime Environment"/>
    <property name="file.encoding" value="UTF-8"/>
    <property name="jnidispatch.path" value="/home/runner/.cache/JNA/temp/jna4480199612178725105.tmp"/>
    <property name="java.vm.name" value="OpenJDK 64-Bit Server VM"/>
    <property name="jna.platform.library.path" value="/usr/lib/x86_64-linux-gnu:/lib/x86_64-linux-gnu:/usr/lib64:/lib64:/usr/lib:/lib:/lib32:/usr/local/lib:/usr/lib/x86_64-linux-gnu/libfakeroot"/>
    <property name="java.vendor.version" value="Temurin-17.0.16+8"/>
    <property name="quarkus.oidc.token-path" value="https://keycloak-inmemory.apps.ci419.apicurio-testing.org/realms/registry/protocol/openid-connect/token"/>
    <property name="quarkus.http.host" value="registry-app-inmemory.apps.ci419.apicurio-testing.org"/>
    <property name="localRepository" value="/home/runner/.m2/repository"/>
    <property name="javax.xml.xpath.XPathFactory:http://java.sun.com/jaxp/xpath/dom" value="com.sun.org.apache.xpath.internal.jaxp.XPathFactoryImpl"/>
    <property name="jna.loaded" value="true"/>
    <property name="java.vendor.url.bug" value="https://github.com/adoptium/adoptium-support/issues"/>
    <property name="jetty.git.hash" value="5bc5e562c8d05c5862505aebe5cf83a61bdbcb96"/>
    <property name="java.io.tmpdir" value="/tmp"/>
    <property name="quarkus.http.test-protocol" value="http"/>
    <property name="java.version" value="17.0.16"/>
    <property name="user.dir" value="/home/runner/work/apicurio-testing/apicurio-testing/clusters/ci419/namespaces/inmemory/tests/integration/apicurio-registry/integration-tests"/>
    <property name="os.arch" value="amd64"/>
    <property name="groups" value="( smoke | serdes | acceptance | ui)"/>
    <property name="java.vm.specification.name" value="Java Virtual Machine Specification"/>
    <property name="native.encoding" value="UTF-8"/>
    <property name="java.util.logging.manager" value="org.jboss.logmanager.LogManager"/>
    <property name="java.library.path" value="/usr/java/packages/lib:/usr/lib64:/lib64:/lib:/usr/lib"/>
    <property name="jdk.console" value="java.base"/>
    <property name="java.vm.info" value="mixed mode, sharing"/>
    <property name="java.vendor" value="Eclipse Adoptium"/>
    <property name="java.vm.version" value="17.0.16+8"/>
    <property name="java.specification.maintenance.version" value="1"/>
    <property name="sun.io.unicode.encoding" value="UnicodeLittle"/>
    <property name="javax.xml.transform.TransformerFactory" value="com.sun.org.apache.xalan.internal.xsltc.trax.TransformerFactoryImpl"/>
    <property name="java.class.version" value="61.0"/>
  </properties>
  <testcase name="testGlobalIdInHeaders" classname="io.apicurio.tests.serdes.apicurio.AvroSerdeIT" time="8.084">
    <system-out><![CDATA[**** Registry Base URL: http://registry-app-inmemory.apps.ci419.apicurio-testing.org:80
**** Registry Base URL: http://registry-app-inmemory.apps.ci419.apicurio-testing.org:80
2025-08-12 14:48:12,668 INFO  [io.api.tes.ser.api.AvroSerdeIT] (main) RestAssured configured with http://registry-app-inmemory.apps.ci419.apicurio-testing.org:80/apis/registry/v3
2025-08-12 14:48:12,831 INFO  [io.api.tes.uti.KafkaFacade] (main) Starting kafka container
2025-08-12 14:48:13,820 INFO  [org.tes.ima.PullPolicy] (main) Image pull policy will be performed by: DefaultPullPolicy()
2025-08-12 14:48:13,823 INFO  [org.tes.uti.ImageNameSubstitutor] (main) Image name substitution will be performed by: DefaultImageNameSubstitutor (composite of 'ConfigurationFileImageNameSubstitutor' and 'PrefixingImageNameSubstitutor')
2025-08-12 14:48:13,834 INFO  [org.tes.DockerClientFactory] (main) Testcontainers version: 1.20.6
2025-08-12 14:48:14,380 INFO  [org.tes.doc.DockerClientProviderStrategy] (main) Found Docker environment with local Unix socket (unix:///var/run/docker.sock)
2025-08-12 14:48:14,389 INFO  [org.tes.DockerClientFactory] (main) Docker host IP address is localhost
2025-08-12 14:48:14,414 INFO  [org.tes.DockerClientFactory] (main) Connected to docker: 
  Server Version: 28.0.4
  API Version: 1.48
  Operating System: Ubuntu 22.04.5 LTS
  Total Memory: 7944 MB
2025-08-12 14:48:14,454 INFO  [tc.tes.11.0] (main) Pulling docker image: testcontainers/ryuk:0.11.0. Please be patient; this may take some time but only needs to be done once.
2025-08-12 14:48:15,698 INFO  [tc.tes.11.0] (docker-java-stream--1295187651) Starting to pull image
2025-08-12 14:48:15,724 INFO  [tc.tes.11.0] (docker-java-stream--1295187651) Pulling image layers:  0 pending,  0 downloaded,  0 extracted, (0 bytes/0 bytes)
2025-08-12 14:48:16,288 INFO  [tc.tes.11.0] (docker-java-stream--1295187651) Pulling image layers:  2 pending,  1 downloaded,  0 extracted, (115 KB/? MB)
2025-08-12 14:48:16,294 INFO  [tc.tes.11.0] (docker-java-stream--1295187651) Pulling image layers:  1 pending,  2 downloaded,  0 extracted, (115 KB/? MB)
2025-08-12 14:48:16,363 INFO  [tc.tes.11.0] (docker-java-stream--1295187651) Pulling image layers:  0 pending,  3 downloaded,  0 extracted, (143 KB/10 MB)
2025-08-12 14:48:16,421 INFO  [tc.tes.11.0] (docker-java-stream--1295187651) Pulling image layers:  0 pending,  3 downloaded,  1 extracted, (3 MB/10 MB)
2025-08-12 14:48:16,959 INFO  [tc.tes.11.0] (docker-java-stream--1295187651) Pulling image layers:  0 pending,  3 downloaded,  2 extracted, (4 MB/10 MB)
2025-08-12 14:48:17,007 INFO  [tc.tes.11.0] (docker-java-stream--1295187651) Pulling image layers:  0 pending,  3 downloaded,  3 extracted, (10 MB/10 MB)
2025-08-12 14:48:17,015 INFO  [tc.tes.11.0] (docker-java-stream--1295187651) Pull complete. 3 layers, pulled in 1s (downloaded 10 MB at 10 MB/s)
2025-08-12 14:48:17,016 INFO  [tc.tes.11.0] (main) Image testcontainers/ryuk:0.11.0 pull took PT2.561126949S
2025-08-12 14:48:17,035 INFO  [tc.tes.11.0] (main) Creating container for image: testcontainers/ryuk:0.11.0
2025-08-12 14:48:17,112 INFO  [tc.tes.11.0] (main) Container testcontainers/ryuk:0.11.0 is starting: f226dd6712cf0064427cac01035692fff9449dd220c52b70fd8c892d51b3767a
2025-08-12 14:48:17,452 INFO  [tc.tes.11.0] (main) Container testcontainers/ryuk:0.11.0 started in PT0.417761033S
2025-08-12 14:48:17,457 INFO  [org.tes.uti.RyukResourceReaper] (main) Ryuk started - will monitor and terminate Testcontainers containers on JVM exit
2025-08-12 14:48:17,458 INFO  [org.tes.DockerClientFactory] (main) Checking the system...
2025-08-12 14:48:17,458 INFO  [org.tes.DockerClientFactory] (main) ✔︎ Docker server version should be at least 1.6.0
2025-08-12 14:48:17,463 INFO  [io.str.tes.con.KafkaVersionService] (main) Latest release of Kafka is:LogicalKafkaVersionEntity{version='4.0.0', image='quay.io/strimzi-test-container/test-container:0.111.0-kafka-4.0.0'}
2025-08-12 14:48:17,463 INFO  [io.str.tes.con.KafkaVersionService] (main) Latest release of Kafka is:LogicalKafkaVersionEntity{version='4.0.0', image='quay.io/strimzi-test-container/test-container:0.111.0-kafka-4.0.0'}
2025-08-12 14:48:17,463 INFO  [io.str.tes.con.KafkaVersionService] (main) No Kafka version specified. Using latest release: 4.0.0
2025-08-12 14:48:17,470 INFO  [tc.qua.io/.111.0-k.0.0] (main) Pulling docker image: quay.io/strimzi-test-container/test-container:0.111.0-kafka-4.0.0. Please be patient; this may take some time but only needs to be done once.
2025-08-12 14:48:18,728 INFO  [tc.qua.io/.111.0-k.0.0] (docker-java-stream--29267298) Starting to pull image
2025-08-12 14:48:18,729 INFO  [tc.qua.io/.111.0-k.0.0] (docker-java-stream--29267298) Pulling image layers:  0 pending,  0 downloaded,  0 extracted, (0 bytes/0 bytes)
2025-08-12 14:48:19,594 INFO  [tc.qua.io/.111.0-k.0.0] (docker-java-stream--29267298) Pulling image layers:  6 pending,  1 downloaded,  0 extracted, (2 MB/? MB)
2025-08-12 14:48:19,923 INFO  [tc.qua.io/.111.0-k.0.0] (docker-java-stream--29267298) Pulling image layers:  5 pending,  2 downloaded,  0 extracted, (7 MB/? MB)
2025-08-12 14:48:20,540 INFO  [tc.qua.io/.111.0-k.0.0] (docker-java-stream--29267298) Pulling image layers:  4 pending,  3 downloaded,  0 extracted, (46 MB/? MB)
2025-08-12 14:48:20,878 INFO  [tc.qua.io/.111.0-k.0.0] (docker-java-stream--29267298) Pulling image layers:  3 pending,  4 downloaded,  0 extracted, (66 MB/? MB)
2025-08-12 14:48:21,196 INFO  [tc.qua.io/.111.0-k.0.0] (docker-java-stream--29267298) Pulling image layers:  2 pending,  5 downloaded,  0 extracted, (90 MB/? MB)
2025-08-12 14:48:21,718 INFO  [tc.qua.io/.111.0-k.0.0] (docker-java-stream--29267298) Pulling image layers:  2 pending,  5 downloaded,  1 extracted, (146 MB/? MB)
2025-08-12 14:48:22,444 INFO  [tc.qua.io/.111.0-k.0.0] (docker-java-stream--29267298) Pulling image layers:  1 pending,  6 downloaded,  1 extracted, (211 MB/? MB)
2025-08-12 14:48:23,588 INFO  [tc.qua.io/.111.0-k.0.0] (docker-java-stream--29267298) Pulling image layers:  0 pending,  7 downloaded,  1 extracted, (245 MB/249 MB)
2025-08-12 14:48:25,824 INFO  [tc.qua.io/.111.0-k.0.0] (docker-java-stream--29267298) Pulling image layers:  0 pending,  7 downloaded,  2 extracted, (245 MB/249 MB)
2025-08-12 14:48:27,857 INFO  [tc.qua.io/.111.0-k.0.0] (docker-java-stream--29267298) Pulling image layers:  0 pending,  7 downloaded,  3 extracted, (245 MB/249 MB)
2025-08-12 14:48:27,880 INFO  [tc.qua.io/.111.0-k.0.0] (docker-java-stream--29267298) Pulling image layers:  0 pending,  7 downloaded,  4 extracted, (245 MB/249 MB)
2025-08-12 14:48:29,022 INFO  [tc.qua.io/.111.0-k.0.0] (docker-java-stream--29267298) Pulling image layers:  0 pending,  7 downloaded,  5 extracted, (247 MB/249 MB)
2025-08-12 14:48:29,060 INFO  [tc.qua.io/.111.0-k.0.0] (docker-java-stream--29267298) Pulling image layers:  0 pending,  7 downloaded,  6 extracted, (249 MB/249 MB)
2025-08-12 14:48:29,079 INFO  [tc.qua.io/.111.0-k.0.0] (docker-java-stream--29267298) Pulling image layers:  0 pending,  7 downloaded,  7 extracted, (249 MB/249 MB)
2025-08-12 14:48:29,086 INFO  [tc.qua.io/.111.0-k.0.0] (docker-java-stream--29267298) Pull complete. 7 layers, pulled in 10s (downloaded 249 MB at 24 MB/s)
2025-08-12 14:48:29,086 INFO  [tc.qua.io/.111.0-k.0.0] (main) Image quay.io/strimzi-test-container/test-container:0.111.0-kafka-4.0.0 pull took PT11.616122608S
2025-08-12 14:48:29,090 INFO  [tc.qua.io/.111.0-k.0.0] (main) Creating container for image: quay.io/strimzi-test-container/test-container:0.111.0-kafka-4.0.0
2025-08-12 14:48:29,171 INFO  [tc.qua.io/.111.0-k.0.0] (main) Container quay.io/strimzi-test-container/test-container:0.111.0-kafka-4.0.0 is starting: 41b54a8ff771d76c34a4a736d2cef6479612c70e071b922bf1fbd4adfcd8dc2a
2025-08-12 14:48:29,362 INFO  [io.str.tes.con.StrimziKafkaContainer] (main) Mapped port: 32769
2025-08-12 14:48:29,362 WARN  [io.str.tes.con.StrimziKafkaContainer] (main) Node ID is not set. Using broker ID 0 as the default node ID.
2025-08-12 14:48:29,365 INFO  [io.str.tes.con.StrimziKafkaContainer] (main) This is all advertised listeners for Kafka PLAINTEXT://localhost:32769,BROKER1://172.18.0.2:9091,CONTROLLER://broker-0:9094
2025-08-12 14:48:29,403 INFO  [io.str.tes.con.StrimziKafkaContainer] (main) New `cluster.id` has been generated: 2kzKdHjlS02ID15h9rF1bw
2025-08-12 14:48:29,405 INFO  [io.str.tes.con.StrimziKafkaContainer] (main) Copying command to 'STARTER_SCRIPT' script.
2025-08-12 14:48:34,927 INFO  [tc.qua.io/.111.0-k.0.0] (main) Container quay.io/strimzi-test-container/test-container:0.111.0-kafka-4.0.0 started in PT5.837130741S
2025-08-12 14:48:34,930 INFO  [io.api.tes.uti.TestSeparator] (main) ############################################################################
2025-08-12 14:48:34,930 INFO  [io.api.tes.uti.TestSeparator] (main) io.apicurio.tests.serdes.apicurio.AvroSerdeIT.testGlobalIdInHeaders-STARTED
2025-08-12 14:48:34,954 INFO  [org.apa.kaf.cli.adm.AdminClientConfig] (main) AdminClientConfig values: 
	auto.include.jmx.reporter = true
	bootstrap.controllers = []
	bootstrap.servers = [PLAINTEXT://localhost:32769]
	client.dns.lookup = use_all_dns_ips
	client.id = 
	connections.max.idle.ms = 10000
	default.api.timeout.ms = 60000
	enable.metrics.push = true
	metadata.max.age.ms = 300000
	metadata.recovery.strategy = none
	metric.reporters = []
	metrics.num.samples = 2
	metrics.recording.level = INFO
	metrics.sample.window.ms = 30000
	receive.buffer.bytes = 65536
	reconnect.backoff.max.ms = 1000
	reconnect.backoff.ms = 50
	request.timeout.ms = 5000
	retries = 2147483647
	retry.backoff.max.ms = 1000
	retry.backoff.ms = 100
	sasl.client.callback.handler.class = null
	sasl.jaas.config = null
	sasl.kerberos.kinit.cmd = /usr/bin/kinit
	sasl.kerberos.min.time.before.relogin = 60000
	sasl.kerberos.service.name = null
	sasl.kerberos.ticket.renew.jitter = 0.05
	sasl.kerberos.ticket.renew.window.factor = 0.8
	sasl.login.callback.handler.class = null
	sasl.login.class = null
	sasl.login.connect.timeout.ms = null
	sasl.login.read.timeout.ms = null
	sasl.login.refresh.buffer.seconds = 300
	sasl.login.refresh.min.period.seconds = 60
	sasl.login.refresh.window.factor = 0.8
	sasl.login.refresh.window.jitter = 0.05
	sasl.login.retry.backoff.max.ms = 10000
	sasl.login.retry.backoff.ms = 100
	sasl.mechanism = GSSAPI
	sasl.oauthbearer.clock.skew.seconds = 30
	sasl.oauthbearer.expected.audience = null
	sasl.oauthbearer.expected.issuer = null
	sasl.oauthbearer.header.urlencode = false
	sasl.oauthbearer.jwks.endpoint.refresh.ms = 3600000
	sasl.oauthbearer.jwks.endpoint.retry.backoff.max.ms = 10000
	sasl.oauthbearer.jwks.endpoint.retry.backoff.ms = 100
	sasl.oauthbearer.jwks.endpoint.url = null
	sasl.oauthbearer.scope.claim.name = scope
	sasl.oauthbearer.sub.claim.name = sub
	sasl.oauthbearer.token.endpoint.url = null
	security.protocol = PLAINTEXT
	security.providers = null
	send.buffer.bytes = 131072
	socket.connection.setup.timeout.max.ms = 30000
	socket.connection.setup.timeout.ms = 10000
	ssl.cipher.suites = null
	ssl.enabled.protocols = [TLSv1.2, TLSv1.3]
	ssl.endpoint.identification.algorithm = https
	ssl.engine.factory.class = null
	ssl.key.password = null
	ssl.keymanager.algorithm = SunX509
	ssl.keystore.certificate.chain = null
	ssl.keystore.key = null
	ssl.keystore.location = null
	ssl.keystore.password = null
	ssl.keystore.type = JKS
	ssl.protocol = TLSv1.3
	ssl.provider = null
	ssl.secure.random.implementation = null
	ssl.trustmanager.algorithm = PKIX
	ssl.truststore.certificates = null
	ssl.truststore.location = null
	ssl.truststore.password = null
	ssl.truststore.type = JKS

2025-08-12 14:48:36,780 INFO  [org.apa.kaf.com.uti.AppInfoParser] (main) Kafka version: 3.9.1
2025-08-12 14:48:36,780 INFO  [org.apa.kaf.com.uti.AppInfoParser] (main) Kafka commitId: f745dfdcee2b9851
2025-08-12 14:48:36,780 INFO  [org.apa.kaf.com.uti.AppInfoParser] (main) Kafka startTimeMs: 1755010116778
**** Registry Base URL: http://registry-app-inmemory.apps.ci419.apicurio-testing.org:80
2025-08-12 14:48:36,832 INFO  [org.apa.kaf.cli.pro.ProducerConfig] (main) ProducerConfig values: 
	acks = -1
	auto.include.jmx.reporter = true
	batch.size = 16384
	bootstrap.servers = [PLAINTEXT://localhost:32769]
	buffer.memory = 33554432
	client.dns.lookup = use_all_dns_ips
	client.id = Producer-topic-a2cc6a59_ad8d_49ac_8d05_a352b7e2587a
	compression.gzip.level = -1
	compression.lz4.level = 9
	compression.type = none
	compression.zstd.level = 3
	connections.max.idle.ms = 10000
	delivery.timeout.ms = 120000
	enable.idempotence = true
	enable.metrics.push = true
	interceptor.classes = []
	key.serializer = class org.apache.kafka.common.serialization.StringSerializer
	linger.ms = 0
	max.block.ms = 60000
	max.in.flight.requests.per.connection = 5
	max.request.size = 1048576
	metadata.max.age.ms = 300000
	metadata.max.idle.ms = 300000
	metadata.recovery.strategy = none
	metric.reporters = []
	metrics.num.samples = 2
	metrics.recording.level = INFO
	metrics.sample.window.ms = 30000
	partitioner.adaptive.partitioning.enable = true
	partitioner.availability.timeout.ms = 0
	partitioner.class = null
	partitioner.ignore.keys = false
	receive.buffer.bytes = 32768
	reconnect.backoff.max.ms = 1000
	reconnect.backoff.ms = 50
	request.timeout.ms = 5000
	retries = 2147483647
	retry.backoff.max.ms = 1000
	retry.backoff.ms = 100
	sasl.client.callback.handler.class = null
	sasl.jaas.config = null
	sasl.kerberos.kinit.cmd = /usr/bin/kinit
	sasl.kerberos.min.time.before.relogin = 60000
	sasl.kerberos.service.name = null
	sasl.kerberos.ticket.renew.jitter = 0.05
	sasl.kerberos.ticket.renew.window.factor = 0.8
	sasl.login.callback.handler.class = null
	sasl.login.class = null
	sasl.login.connect.timeout.ms = null
	sasl.login.read.timeout.ms = null
	sasl.login.refresh.buffer.seconds = 300
	sasl.login.refresh.min.period.seconds = 60
	sasl.login.refresh.window.factor = 0.8
	sasl.login.refresh.window.jitter = 0.05
	sasl.login.retry.backoff.max.ms = 10000
	sasl.login.retry.backoff.ms = 100
	sasl.mechanism = GSSAPI
	sasl.oauthbearer.clock.skew.seconds = 30
	sasl.oauthbearer.expected.audience = null
	sasl.oauthbearer.expected.issuer = null
	sasl.oauthbearer.header.urlencode = false
	sasl.oauthbearer.jwks.endpoint.refresh.ms = 3600000
	sasl.oauthbearer.jwks.endpoint.retry.backoff.max.ms = 10000
	sasl.oauthbearer.jwks.endpoint.retry.backoff.ms = 100
	sasl.oauthbearer.jwks.endpoint.url = null
	sasl.oauthbearer.scope.claim.name = scope
	sasl.oauthbearer.sub.claim.name = sub
	sasl.oauthbearer.token.endpoint.url = null
	security.protocol = PLAINTEXT
	security.providers = null
	send.buffer.bytes = 131072
	socket.connection.setup.timeout.max.ms = 30000
	socket.connection.setup.timeout.ms = 10000
	ssl.cipher.suites = null
	ssl.enabled.protocols = [TLSv1.2, TLSv1.3]
	ssl.endpoint.identification.algorithm = https
	ssl.engine.factory.class = null
	ssl.key.password = null
	ssl.keymanager.algorithm = SunX509
	ssl.keystore.certificate.chain = null
	ssl.keystore.key = null
	ssl.keystore.location = null
	ssl.keystore.password = null
	ssl.keystore.type = JKS
	ssl.protocol = TLSv1.3
	ssl.provider = null
	ssl.secure.random.implementation = null
	ssl.trustmanager.algorithm = PKIX
	ssl.truststore.certificates = null
	ssl.truststore.location = null
	ssl.truststore.password = null
	ssl.truststore.type = JKS
	transaction.timeout.ms = 60000
	transactional.id = null
	value.serializer = class io.apicurio.registry.serde.avro.AvroKafkaSerializer

2025-08-12 14:48:36,889 INFO  [org.apa.kaf.com.tel.int.KafkaMetricsCollector] (main) initializing Kafka metrics collector
2025-08-12 14:48:36,919 INFO  [org.apa.kaf.cli.pro.KafkaProducer] (main) [Producer clientId=Producer-topic-a2cc6a59_ad8d_49ac_8d05_a352b7e2587a] Instantiated an idempotent producer.
2025-08-12 14:48:36,965 INFO  [org.apa.kaf.cli.pro.ProducerConfig] (main) These configurations '[apicurio.registry.url, apicurio.registry.auto-register, apicurio.registry.use-id, apicurio.registry.artifact-resolver-strategy]' were supplied but are not used yet.
2025-08-12 14:48:36,965 INFO  [org.apa.kaf.com.uti.AppInfoParser] (main) Kafka version: 3.9.1
2025-08-12 14:48:36,965 INFO  [org.apa.kaf.com.uti.AppInfoParser] (main) Kafka commitId: f745dfdcee2b9851
2025-08-12 14:48:36,966 INFO  [org.apa.kaf.com.uti.AppInfoParser] (main) Kafka startTimeMs: 1755010116965
2025-08-12 14:48:36,969 INFO  [io.api.tes.ser.api.SimpleSerdesTesterBuilder$SimpleSerdesTester] (main) Using producer configuration: {apicurio.registry.url=http://registry-app-inmemory.apps.ci419.apicurio-testing.org:80/apis/registry/v3, apicurio.registry.auto-register=true, apicurio.registry.use-id=globalId, apicurio.registry.artifact-resolver-strategy=io.apicurio.registry.serde.strategy.TopicIdStrategy, value.serializer=io.apicurio.registry.serde.avro.AvroKafkaSerializer, request.timeout.ms=5000, acks=all, bootstrap.servers=PLAINTEXT://localhost:32769, connections.max.idle.ms=10000, key.serializer=org.apache.kafka.common.serialization.StringSerializer, client.id=Producer-topic-a2cc6a59_ad8d_49ac_8d05_a352b7e2587a}
2025-08-12 14:48:36,970 INFO  [io.api.tes.ser.api.SimpleSerdesTesterBuilder$SimpleSerdesTester] (main) Using consumer configuration: {apicurio.registry.use-id=globalId}
2025-08-12 14:48:36,975 INFO  [io.api.tes.ser.api.KafkaSerdesTester] (Thread-600) Sending message {"key11755010116803": "value-0"} to topic topic-a2cc6a59_ad8d_49ac_8d05_a352b7e2587a
2025-08-12 14:48:37,300 WARN  [org.apa.kaf.cli.NetworkClient] (kafka-producer-network-thread | Producer-topic-a2cc6a59_ad8d_49ac_8d05_a352b7e2587a) [Producer clientId=Producer-topic-a2cc6a59_ad8d_49ac_8d05_a352b7e2587a] The metadata response from the cluster reported a recoverable issue with correlation id 1 : {topic-a2cc6a59_ad8d_49ac_8d05_a352b7e2587a=UNKNOWN_TOPIC_OR_PARTITION}
2025-08-12 14:48:37,306 INFO  [org.apa.kaf.cli.Metadata] (kafka-producer-network-thread | Producer-topic-a2cc6a59_ad8d_49ac_8d05_a352b7e2587a) [Producer clientId=Producer-topic-a2cc6a59_ad8d_49ac_8d05_a352b7e2587a] Cluster ID: 2kzKdHjlS02ID15h9rF1bw
2025-08-12 14:48:37,548 INFO  [org.apa.kaf.cli.pro.int.TransactionManager] (kafka-producer-network-thread | Producer-topic-a2cc6a59_ad8d_49ac_8d05_a352b7e2587a) [Producer clientId=Producer-topic-a2cc6a59_ad8d_49ac_8d05_a352b7e2587a] ProducerId set to 0 with epoch 0
2025-08-12 14:48:37,807 INFO  [io.api.tes.ser.api.KafkaSerdesTester] (Thread-600) Sending message {"key11755010116803": "value-1"} to topic topic-a2cc6a59_ad8d_49ac_8d05_a352b7e2587a
2025-08-12 14:48:37,816 INFO  [io.api.tes.ser.api.KafkaSerdesTester] (Thread-600) Sending message {"key11755010116803": "value-2"} to topic topic-a2cc6a59_ad8d_49ac_8d05_a352b7e2587a
2025-08-12 14:48:37,827 INFO  [io.api.tes.ser.api.KafkaSerdesTester] (Thread-600) Sending message {"key11755010116803": "value-3"} to topic topic-a2cc6a59_ad8d_49ac_8d05_a352b7e2587a
2025-08-12 14:48:37,832 INFO  [io.api.tes.ser.api.KafkaSerdesTester] (Thread-600) Sending message {"key11755010116803": "value-4"} to topic topic-a2cc6a59_ad8d_49ac_8d05_a352b7e2587a
2025-08-12 14:48:37,839 INFO  [io.api.tes.ser.api.KafkaSerdesTester] (Thread-600) Sending message {"key11755010116803": "value-5"} to topic topic-a2cc6a59_ad8d_49ac_8d05_a352b7e2587a
2025-08-12 14:48:37,849 INFO  [io.api.tes.ser.api.KafkaSerdesTester] (Thread-600) Sending message {"key11755010116803": "value-6"} to topic topic-a2cc6a59_ad8d_49ac_8d05_a352b7e2587a
2025-08-12 14:48:37,854 INFO  [io.api.tes.ser.api.KafkaSerdesTester] (Thread-600) Sending message {"key11755010116803": "value-7"} to topic topic-a2cc6a59_ad8d_49ac_8d05_a352b7e2587a
2025-08-12 14:48:37,861 INFO  [io.api.tes.ser.api.KafkaSerdesTester] (Thread-600) Sending message {"key11755010116803": "value-8"} to topic topic-a2cc6a59_ad8d_49ac_8d05_a352b7e2587a
2025-08-12 14:48:37,867 INFO  [io.api.tes.ser.api.KafkaSerdesTester] (Thread-600) Sending message {"key11755010116803": "value-9"} to topic topic-a2cc6a59_ad8d_49ac_8d05_a352b7e2587a
2025-08-12 14:48:37,882 INFO  [io.api.tes.ser.api.KafkaSerdesTester] (Thread-600) Produced 10 messages
2025-08-12 14:48:37,883 INFO  [org.apa.kaf.cli.pro.KafkaProducer] (Thread-600) [Producer clientId=Producer-topic-a2cc6a59_ad8d_49ac_8d05_a352b7e2587a] Closing the Kafka producer with timeoutMillis = 9223372036854775807 ms.
2025-08-12 14:48:37,906 INFO  [org.apa.kaf.com.met.Metrics] (Thread-600) Metrics scheduler closed
2025-08-12 14:48:37,906 INFO  [org.apa.kaf.com.met.Metrics] (Thread-600) Closing reporter org.apache.kafka.common.metrics.JmxReporter
2025-08-12 14:48:37,907 INFO  [org.apa.kaf.com.met.Metrics] (Thread-600) Closing reporter org.apache.kafka.common.telemetry.internals.ClientTelemetryReporter
2025-08-12 14:48:37,907 INFO  [org.apa.kaf.com.met.Metrics] (Thread-600) Metrics reporters closed
2025-08-12 14:48:37,910 INFO  [org.apa.kaf.com.uti.AppInfoParser] (Thread-600) App info kafka.producer for Producer-topic-a2cc6a59_ad8d_49ac_8d05_a352b7e2587a unregistered
**** Registry Base URL: http://registry-app-inmemory.apps.ci419.apicurio-testing.org:80
2025-08-12 14:48:38,083 INFO  [org.apa.kaf.cli.con.ConsumerConfig] (main) ConsumerConfig values: 
	allow.auto.create.topics = true
	auto.commit.interval.ms = 500
	auto.include.jmx.reporter = true
	auto.offset.reset = earliest
	bootstrap.servers = [PLAINTEXT://localhost:32769]
	check.crcs = true
	client.dns.lookup = use_all_dns_ips
	client.id = consumer-Consumer-topic-a2cc6a59_ad8d_49ac_8d05_a352b7e2587a-1
	client.rack = 
	connections.max.idle.ms = 10000
	default.api.timeout.ms = 60000
	enable.auto.commit = true
	enable.metrics.push = true
	exclude.internal.topics = true
	fetch.max.bytes = 52428800
	fetch.max.wait.ms = 500
	fetch.min.bytes = 1
	group.id = Consumer-topic-a2cc6a59_ad8d_49ac_8d05_a352b7e2587a
	group.instance.id = null
	group.protocol = classic
	group.remote.assignor = null
	heartbeat.interval.ms = 3000
	interceptor.classes = []
	internal.leave.group.on.close = true
	internal.throw.on.fetch.stable.offset.unsupported = false
	isolation.level = read_uncommitted
	key.deserializer = class org.apache.kafka.common.serialization.StringDeserializer
	max.partition.fetch.bytes = 1048576
	max.poll.interval.ms = 300000
	max.poll.records = 500
	metadata.max.age.ms = 300000
	metadata.recovery.strategy = none
	metric.reporters = []
	metrics.num.samples = 2
	metrics.recording.level = INFO
	metrics.sample.window.ms = 30000
	partition.assignment.strategy = [class org.apache.kafka.clients.consumer.RangeAssignor, class org.apache.kafka.clients.consumer.CooperativeStickyAssignor]
	receive.buffer.bytes = 65536
	reconnect.backoff.max.ms = 1000
	reconnect.backoff.ms = 50
	request.timeout.ms = 5000
	retry.backoff.max.ms = 1000
	retry.backoff.ms = 100
	sasl.client.callback.handler.class = null
	sasl.jaas.config = null
	sasl.kerberos.kinit.cmd = /usr/bin/kinit
	sasl.kerberos.min.time.before.relogin = 60000
	sasl.kerberos.service.name = null
	sasl.kerberos.ticket.renew.jitter = 0.05
	sasl.kerberos.ticket.renew.window.factor = 0.8
	sasl.login.callback.handler.class = null
	sasl.login.class = null
	sasl.login.connect.timeout.ms = null
	sasl.login.read.timeout.ms = null
	sasl.login.refresh.buffer.seconds = 300
	sasl.login.refresh.min.period.seconds = 60
	sasl.login.refresh.window.factor = 0.8
	sasl.login.refresh.window.jitter = 0.05
	sasl.login.retry.backoff.max.ms = 10000
	sasl.login.retry.backoff.ms = 100
	sasl.mechanism = GSSAPI
	sasl.oauthbearer.clock.skew.seconds = 30
	sasl.oauthbearer.expected.audience = null
	sasl.oauthbearer.expected.issuer = null
	sasl.oauthbearer.header.urlencode = false
	sasl.oauthbearer.jwks.endpoint.refresh.ms = 3600000
	sasl.oauthbearer.jwks.endpoint.retry.backoff.max.ms = 10000
	sasl.oauthbearer.jwks.endpoint.retry.backoff.ms = 100
	sasl.oauthbearer.jwks.endpoint.url = null
	sasl.oauthbearer.scope.claim.name = scope
	sasl.oauthbearer.sub.claim.name = sub
	sasl.oauthbearer.token.endpoint.url = null
	security.protocol = PLAINTEXT
	security.providers = null
	send.buffer.bytes = 131072
	session.timeout.ms = 45000
	socket.connection.setup.timeout.max.ms = 30000
	socket.connection.setup.timeout.ms = 10000
	ssl.cipher.suites = null
	ssl.enabled.protocols = [TLSv1.2, TLSv1.3]
	ssl.endpoint.identification.algorithm = https
	ssl.engine.factory.class = null
	ssl.key.password = null
	ssl.keymanager.algorithm = SunX509
	ssl.keystore.certificate.chain = null
	ssl.keystore.key = null
	ssl.keystore.location = null
	ssl.keystore.password = null
	ssl.keystore.type = JKS
	ssl.protocol = TLSv1.3
	ssl.provider = null
	ssl.secure.random.implementation = null
	ssl.trustmanager.algorithm = PKIX
	ssl.truststore.certificates = null
	ssl.truststore.location = null
	ssl.truststore.password = null
	ssl.truststore.type = JKS
	value.deserializer = class io.apicurio.registry.serde.avro.AvroKafkaDeserializer

2025-08-12 14:48:38,093 INFO  [org.apa.kaf.com.tel.int.KafkaMetricsCollector] (main) initializing Kafka metrics collector
2025-08-12 14:48:38,164 INFO  [org.apa.kaf.cli.con.ConsumerConfig] (main) These configurations '[apicurio.registry.url, apicurio.registry.use-id]' were supplied but are not used yet.
2025-08-12 14:48:38,164 INFO  [org.apa.kaf.com.uti.AppInfoParser] (main) Kafka version: 3.9.1
2025-08-12 14:48:38,164 INFO  [org.apa.kaf.com.uti.AppInfoParser] (main) Kafka commitId: f745dfdcee2b9851
2025-08-12 14:48:38,164 INFO  [org.apa.kaf.com.uti.AppInfoParser] (main) Kafka startTimeMs: 1755010118164
2025-08-12 14:48:38,166 INFO  [org.apa.kaf.cli.con.int.ClassicKafkaConsumer] (Thread-603) [Consumer clientId=consumer-Consumer-topic-a2cc6a59_ad8d_49ac_8d05_a352b7e2587a-1, groupId=Consumer-topic-a2cc6a59_ad8d_49ac_8d05_a352b7e2587a] Subscribed to topic(s): topic-a2cc6a59_ad8d_49ac_8d05_a352b7e2587a
2025-08-12 14:48:38,184 INFO  [org.apa.kaf.cli.Metadata] (Thread-603) [Consumer clientId=consumer-Consumer-topic-a2cc6a59_ad8d_49ac_8d05_a352b7e2587a-1, groupId=Consumer-topic-a2cc6a59_ad8d_49ac_8d05_a352b7e2587a] Cluster ID: 2kzKdHjlS02ID15h9rF1bw
2025-08-12 14:48:38,339 INFO  [org.apa.kaf.cli.con.int.ConsumerCoordinator] (Thread-603) [Consumer clientId=consumer-Consumer-topic-a2cc6a59_ad8d_49ac_8d05_a352b7e2587a-1, groupId=Consumer-topic-a2cc6a59_ad8d_49ac_8d05_a352b7e2587a] Discovered group coordinator localhost:32769 (id: 2147483647 rack: null)
2025-08-12 14:48:38,355 INFO  [org.apa.kaf.cli.con.int.ConsumerCoordinator] (Thread-603) [Consumer clientId=consumer-Consumer-topic-a2cc6a59_ad8d_49ac_8d05_a352b7e2587a-1, groupId=Consumer-topic-a2cc6a59_ad8d_49ac_8d05_a352b7e2587a] (Re-)joining group
2025-08-12 14:48:38,396 INFO  [org.apa.kaf.cli.con.int.ConsumerCoordinator] (Thread-603) [Consumer clientId=consumer-Consumer-topic-a2cc6a59_ad8d_49ac_8d05_a352b7e2587a-1, groupId=Consumer-topic-a2cc6a59_ad8d_49ac_8d05_a352b7e2587a] Group coordinator localhost:32769 (id: 2147483647 rack: null) is unavailable or invalid due to cause: error response NOT_COORDINATOR. isDisconnected: false. Rediscovery will be attempted.
2025-08-12 14:48:38,396 INFO  [org.apa.kaf.cli.con.int.ConsumerCoordinator] (Thread-603) [Consumer clientId=consumer-Consumer-topic-a2cc6a59_ad8d_49ac_8d05_a352b7e2587a-1, groupId=Consumer-topic-a2cc6a59_ad8d_49ac_8d05_a352b7e2587a] Requesting disconnect from last known coordinator localhost:32769 (id: 2147483647 rack: null)
2025-08-12 14:48:38,396 INFO  [org.apa.kaf.cli.con.int.ConsumerCoordinator] (Thread-603) [Consumer clientId=consumer-Consumer-topic-a2cc6a59_ad8d_49ac_8d05_a352b7e2587a-1, groupId=Consumer-topic-a2cc6a59_ad8d_49ac_8d05_a352b7e2587a] JoinGroup failed: This is not the correct coordinator. Marking coordinator unknown. Sent generation was Generation{generationId=-1, memberId='', protocol='null'}
2025-08-12 14:48:38,397 INFO  [org.apa.kaf.cli.NetworkClient] (Thread-603) [Consumer clientId=consumer-Consumer-topic-a2cc6a59_ad8d_49ac_8d05_a352b7e2587a-1, groupId=Consumer-topic-a2cc6a59_ad8d_49ac_8d05_a352b7e2587a] Client requested disconnect from node 2147483647
2025-08-12 14:48:38,403 INFO  [org.apa.kaf.cli.con.int.ConsumerCoordinator] (Thread-603) [Consumer clientId=consumer-Consumer-topic-a2cc6a59_ad8d_49ac_8d05_a352b7e2587a-1, groupId=Consumer-topic-a2cc6a59_ad8d_49ac_8d05_a352b7e2587a] Discovered group coordinator localhost:32769 (id: 2147483647 rack: null)
2025-08-12 14:48:38,404 INFO  [org.apa.kaf.cli.con.int.ConsumerCoordinator] (Thread-603) [Consumer clientId=consumer-Consumer-topic-a2cc6a59_ad8d_49ac_8d05_a352b7e2587a-1, groupId=Consumer-topic-a2cc6a59_ad8d_49ac_8d05_a352b7e2587a] Group coordinator localhost:32769 (id: 2147483647 rack: null) is unavailable or invalid due to cause: coordinator unavailable. isDisconnected: false. Rediscovery will be attempted.
2025-08-12 14:48:38,404 INFO  [org.apa.kaf.cli.con.int.ConsumerCoordinator] (Thread-603) [Consumer clientId=consumer-Consumer-topic-a2cc6a59_ad8d_49ac_8d05_a352b7e2587a-1, groupId=Consumer-topic-a2cc6a59_ad8d_49ac_8d05_a352b7e2587a] Requesting disconnect from last known coordinator localhost:32769 (id: 2147483647 rack: null)
2025-08-12 14:48:38,513 INFO  [org.apa.kaf.cli.con.int.ConsumerCoordinator] (Thread-603) [Consumer clientId=consumer-Consumer-topic-a2cc6a59_ad8d_49ac_8d05_a352b7e2587a-1, groupId=Consumer-topic-a2cc6a59_ad8d_49ac_8d05_a352b7e2587a] Discovered group coordinator localhost:32769 (id: 2147483647 rack: null)
2025-08-12 14:48:38,515 INFO  [org.apa.kaf.cli.con.int.ConsumerCoordinator] (Thread-603) [Consumer clientId=consumer-Consumer-topic-a2cc6a59_ad8d_49ac_8d05_a352b7e2587a-1, groupId=Consumer-topic-a2cc6a59_ad8d_49ac_8d05_a352b7e2587a] Request joining group due to: rebalance failed due to 'This is not the correct coordinator.' (NotCoordinatorException)
2025-08-12 14:48:38,516 INFO  [org.apa.kaf.cli.con.int.ConsumerCoordinator] (Thread-603) [Consumer clientId=consumer-Consumer-topic-a2cc6a59_ad8d_49ac_8d05_a352b7e2587a-1, groupId=Consumer-topic-a2cc6a59_ad8d_49ac_8d05_a352b7e2587a] (Re-)joining group
2025-08-12 14:48:38,524 INFO  [org.apa.kaf.cli.con.int.ConsumerCoordinator] (Thread-603) [Consumer clientId=consumer-Consumer-topic-a2cc6a59_ad8d_49ac_8d05_a352b7e2587a-1, groupId=Consumer-topic-a2cc6a59_ad8d_49ac_8d05_a352b7e2587a] Group coordinator localhost:32769 (id: 2147483647 rack: null) is unavailable or invalid due to cause: error response NOT_COORDINATOR. isDisconnected: false. Rediscovery will be attempted.
2025-08-12 14:48:38,524 INFO  [org.apa.kaf.cli.con.int.ConsumerCoordinator] (Thread-603) [Consumer clientId=consumer-Consumer-topic-a2cc6a59_ad8d_49ac_8d05_a352b7e2587a-1, groupId=Consumer-topic-a2cc6a59_ad8d_49ac_8d05_a352b7e2587a] Requesting disconnect from last known coordinator localhost:32769 (id: 2147483647 rack: null)
2025-08-12 14:48:38,524 INFO  [org.apa.kaf.cli.con.int.ConsumerCoordinator] (Thread-603) [Consumer clientId=consumer-Consumer-topic-a2cc6a59_ad8d_49ac_8d05_a352b7e2587a-1, groupId=Consumer-topic-a2cc6a59_ad8d_49ac_8d05_a352b7e2587a] JoinGroup failed: This is not the correct coordinator. Marking coordinator unknown. Sent generation was Generation{generationId=-1, memberId='', protocol='null'}
2025-08-12 14:48:38,524 INFO  [org.apa.kaf.cli.NetworkClient] (Thread-603) [Consumer clientId=consumer-Consumer-topic-a2cc6a59_ad8d_49ac_8d05_a352b7e2587a-1, groupId=Consumer-topic-a2cc6a59_ad8d_49ac_8d05_a352b7e2587a] Client requested disconnect from node 2147483647
2025-08-12 14:48:38,532 INFO  [org.apa.kaf.cli.con.int.ConsumerCoordinator] (Thread-603) [Consumer clientId=consumer-Consumer-topic-a2cc6a59_ad8d_49ac_8d05_a352b7e2587a-1, groupId=Consumer-topic-a2cc6a59_ad8d_49ac_8d05_a352b7e2587a] Discovered group coordinator localhost:32769 (id: 2147483647 rack: null)
2025-08-12 14:48:38,532 INFO  [org.apa.kaf.cli.con.int.ConsumerCoordinator] (Thread-603) [Consumer clientId=consumer-Consumer-topic-a2cc6a59_ad8d_49ac_8d05_a352b7e2587a-1, groupId=Consumer-topic-a2cc6a59_ad8d_49ac_8d05_a352b7e2587a] Group coordinator localhost:32769 (id: 2147483647 rack: null) is unavailable or invalid due to cause: coordinator unavailable. isDisconnected: false. Rediscovery will be attempted.
2025-08-12 14:48:38,534 INFO  [org.apa.kaf.cli.con.int.ConsumerCoordinator] (Thread-603) [Consumer clientId=consumer-Consumer-topic-a2cc6a59_ad8d_49ac_8d05_a352b7e2587a-1, groupId=Consumer-topic-a2cc6a59_ad8d_49ac_8d05_a352b7e2587a] Requesting disconnect from last known coordinator localhost:32769 (id: 2147483647 rack: null)
2025-08-12 14:48:38,622 INFO  [org.apa.kaf.cli.con.int.ConsumerCoordinator] (Thread-603) [Consumer clientId=consumer-Consumer-topic-a2cc6a59_ad8d_49ac_8d05_a352b7e2587a-1, groupId=Consumer-topic-a2cc6a59_ad8d_49ac_8d05_a352b7e2587a] Discovered group coordinator localhost:32769 (id: 2147483647 rack: null)
2025-08-12 14:48:38,630 INFO  [org.apa.kaf.cli.con.int.ConsumerCoordinator] (Thread-603) [Consumer clientId=consumer-Consumer-topic-a2cc6a59_ad8d_49ac_8d05_a352b7e2587a-1, groupId=Consumer-topic-a2cc6a59_ad8d_49ac_8d05_a352b7e2587a] Request joining group due to: rebalance failed due to 'This is not the correct coordinator.' (NotCoordinatorException)
2025-08-12 14:48:38,631 INFO  [org.apa.kaf.cli.con.int.ConsumerCoordinator] (Thread-603) [Consumer clientId=consumer-Consumer-topic-a2cc6a59_ad8d_49ac_8d05_a352b7e2587a-1, groupId=Consumer-topic-a2cc6a59_ad8d_49ac_8d05_a352b7e2587a] (Re-)joining group
2025-08-12 14:48:38,649 INFO  [org.apa.kaf.cli.con.int.ConsumerCoordinator] (Thread-603) [Consumer clientId=consumer-Consumer-topic-a2cc6a59_ad8d_49ac_8d05_a352b7e2587a-1, groupId=Consumer-topic-a2cc6a59_ad8d_49ac_8d05_a352b7e2587a] Group coordinator localhost:32769 (id: 2147483647 rack: null) is unavailable or invalid due to cause: error response NOT_COORDINATOR. isDisconnected: false. Rediscovery will be attempted.
2025-08-12 14:48:38,649 INFO  [org.apa.kaf.cli.con.int.ConsumerCoordinator] (Thread-603) [Consumer clientId=consumer-Consumer-topic-a2cc6a59_ad8d_49ac_8d05_a352b7e2587a-1, groupId=Consumer-topic-a2cc6a59_ad8d_49ac_8d05_a352b7e2587a] Requesting disconnect from last known coordinator localhost:32769 (id: 2147483647 rack: null)
2025-08-12 14:48:38,649 INFO  [org.apa.kaf.cli.con.int.ConsumerCoordinator] (Thread-603) [Consumer clientId=consumer-Consumer-topic-a2cc6a59_ad8d_49ac_8d05_a352b7e2587a-1, groupId=Consumer-topic-a2cc6a59_ad8d_49ac_8d05_a352b7e2587a] JoinGroup failed: This is not the correct coordinator. Marking coordinator unknown. Sent generation was Generation{generationId=-1, memberId='', protocol='null'}
2025-08-12 14:48:38,650 INFO  [org.apa.kaf.cli.NetworkClient] (Thread-603) [Consumer clientId=consumer-Consumer-topic-a2cc6a59_ad8d_49ac_8d05_a352b7e2587a-1, groupId=Consumer-topic-a2cc6a59_ad8d_49ac_8d05_a352b7e2587a] Client requested disconnect from node 2147483647
2025-08-12 14:48:38,656 INFO  [org.apa.kaf.cli.con.int.ConsumerCoordinator] (Thread-603) [Consumer clientId=consumer-Consumer-topic-a2cc6a59_ad8d_49ac_8d05_a352b7e2587a-1, groupId=Consumer-topic-a2cc6a59_ad8d_49ac_8d05_a352b7e2587a] Discovered group coordinator localhost:32769 (id: 2147483647 rack: null)
2025-08-12 14:48:38,656 INFO  [org.apa.kaf.cli.con.int.ConsumerCoordinator] (Thread-603) [Consumer clientId=consumer-Consumer-topic-a2cc6a59_ad8d_49ac_8d05_a352b7e2587a-1, groupId=Consumer-topic-a2cc6a59_ad8d_49ac_8d05_a352b7e2587a] Group coordinator localhost:32769 (id: 2147483647 rack: null) is unavailable or invalid due to cause: coordinator unavailable. isDisconnected: false. Rediscovery will be attempted.
2025-08-12 14:48:38,656 INFO  [org.apa.kaf.cli.con.int.ConsumerCoordinator] (Thread-603) [Consumer clientId=consumer-Consumer-topic-a2cc6a59_ad8d_49ac_8d05_a352b7e2587a-1, groupId=Consumer-topic-a2cc6a59_ad8d_49ac_8d05_a352b7e2587a] Requesting disconnect from last known coordinator localhost:32769 (id: 2147483647 rack: null)
2025-08-12 14:48:38,777 INFO  [org.apa.kaf.cli.con.int.ConsumerCoordinator] (Thread-603) [Consumer clientId=consumer-Consumer-topic-a2cc6a59_ad8d_49ac_8d05_a352b7e2587a-1, groupId=Consumer-topic-a2cc6a59_ad8d_49ac_8d05_a352b7e2587a] Discovered group coordinator localhost:32769 (id: 2147483647 rack: null)
2025-08-12 14:48:38,779 INFO  [org.apa.kaf.cli.con.int.ConsumerCoordinator] (Thread-603) [Consumer clientId=consumer-Consumer-topic-a2cc6a59_ad8d_49ac_8d05_a352b7e2587a-1, groupId=Consumer-topic-a2cc6a59_ad8d_49ac_8d05_a352b7e2587a] Request joining group due to: rebalance failed due to 'This is not the correct coordinator.' (NotCoordinatorException)
2025-08-12 14:48:38,779 INFO  [org.apa.kaf.cli.con.int.ConsumerCoordinator] (Thread-603) [Consumer clientId=consumer-Consumer-topic-a2cc6a59_ad8d_49ac_8d05_a352b7e2587a-1, groupId=Consumer-topic-a2cc6a59_ad8d_49ac_8d05_a352b7e2587a] (Re-)joining group
2025-08-12 14:48:38,788 INFO  [org.apa.kaf.cli.con.int.ConsumerCoordinator] (Thread-603) [Consumer clientId=consumer-Consumer-topic-a2cc6a59_ad8d_49ac_8d05_a352b7e2587a-1, groupId=Consumer-topic-a2cc6a59_ad8d_49ac_8d05_a352b7e2587a] Group coordinator localhost:32769 (id: 2147483647 rack: null) is unavailable or invalid due to cause: error response NOT_COORDINATOR. isDisconnected: false. Rediscovery will be attempted.
2025-08-12 14:48:38,788 INFO  [org.apa.kaf.cli.con.int.ConsumerCoordinator] (Thread-603) [Consumer clientId=consumer-Consumer-topic-a2cc6a59_ad8d_49ac_8d05_a352b7e2587a-1, groupId=Consumer-topic-a2cc6a59_ad8d_49ac_8d05_a352b7e2587a] Requesting disconnect from last known coordinator localhost:32769 (id: 2147483647 rack: null)
2025-08-12 14:48:38,788 INFO  [org.apa.kaf.cli.con.int.ConsumerCoordinator] (Thread-603) [Consumer clientId=consumer-Consumer-topic-a2cc6a59_ad8d_49ac_8d05_a352b7e2587a-1, groupId=Consumer-topic-a2cc6a59_ad8d_49ac_8d05_a352b7e2587a] JoinGroup failed: This is not the correct coordinator. Marking coordinator unknown. Sent generation was Generation{generationId=-1, memberId='', protocol='null'}
2025-08-12 14:48:38,788 INFO  [org.apa.kaf.cli.NetworkClient] (Thread-603) [Consumer clientId=consumer-Consumer-topic-a2cc6a59_ad8d_49ac_8d05_a352b7e2587a-1, groupId=Consumer-topic-a2cc6a59_ad8d_49ac_8d05_a352b7e2587a] Client requested disconnect from node 2147483647
2025-08-12 14:48:38,794 INFO  [org.apa.kaf.cli.con.int.ConsumerCoordinator] (Thread-603) [Consumer clientId=consumer-Consumer-topic-a2cc6a59_ad8d_49ac_8d05_a352b7e2587a-1, groupId=Consumer-topic-a2cc6a59_ad8d_49ac_8d05_a352b7e2587a] Discovered group coordinator localhost:32769 (id: 2147483647 rack: null)
2025-08-12 14:48:38,794 INFO  [org.apa.kaf.cli.con.int.ConsumerCoordinator] (Thread-603) [Consumer clientId=consumer-Consumer-topic-a2cc6a59_ad8d_49ac_8d05_a352b7e2587a-1, groupId=Consumer-topic-a2cc6a59_ad8d_49ac_8d05_a352b7e2587a] Group coordinator localhost:32769 (id: 2147483647 rack: null) is unavailable or invalid due to cause: coordinator unavailable. isDisconnected: false. Rediscovery will be attempted.
2025-08-12 14:48:38,794 INFO  [org.apa.kaf.cli.con.int.ConsumerCoordinator] (Thread-603) [Consumer clientId=consumer-Consumer-topic-a2cc6a59_ad8d_49ac_8d05_a352b7e2587a-1, groupId=Consumer-topic-a2cc6a59_ad8d_49ac_8d05_a352b7e2587a] Requesting disconnect from last known coordinator localhost:32769 (id: 2147483647 rack: null)
2025-08-12 14:48:38,904 INFO  [org.apa.kaf.cli.con.int.ConsumerCoordinator] (Thread-603) [Consumer clientId=consumer-Consumer-topic-a2cc6a59_ad8d_49ac_8d05_a352b7e2587a-1, groupId=Consumer-topic-a2cc6a59_ad8d_49ac_8d05_a352b7e2587a] Discovered group coordinator localhost:32769 (id: 2147483647 rack: null)
2025-08-12 14:48:38,906 INFO  [org.apa.kaf.cli.con.int.ConsumerCoordinator] (Thread-603) [Consumer clientId=consumer-Consumer-topic-a2cc6a59_ad8d_49ac_8d05_a352b7e2587a-1, groupId=Consumer-topic-a2cc6a59_ad8d_49ac_8d05_a352b7e2587a] Request joining group due to: rebalance failed due to 'This is not the correct coordinator.' (NotCoordinatorException)
2025-08-12 14:48:38,908 INFO  [org.apa.kaf.cli.con.int.ConsumerCoordinator] (Thread-603) [Consumer clientId=consumer-Consumer-topic-a2cc6a59_ad8d_49ac_8d05_a352b7e2587a-1, groupId=Consumer-topic-a2cc6a59_ad8d_49ac_8d05_a352b7e2587a] (Re-)joining group
2025-08-12 14:48:38,912 INFO  [org.apa.kaf.cli.con.int.ConsumerCoordinator] (Thread-603) [Consumer clientId=consumer-Consumer-topic-a2cc6a59_ad8d_49ac_8d05_a352b7e2587a-1, groupId=Consumer-topic-a2cc6a59_ad8d_49ac_8d05_a352b7e2587a] Group coordinator localhost:32769 (id: 2147483647 rack: null) is unavailable or invalid due to cause: error response NOT_COORDINATOR. isDisconnected: false. Rediscovery will be attempted.
2025-08-12 14:48:38,913 INFO  [org.apa.kaf.cli.con.int.ConsumerCoordinator] (Thread-603) [Consumer clientId=consumer-Consumer-topic-a2cc6a59_ad8d_49ac_8d05_a352b7e2587a-1, groupId=Consumer-topic-a2cc6a59_ad8d_49ac_8d05_a352b7e2587a] Requesting disconnect from last known coordinator localhost:32769 (id: 2147483647 rack: null)
2025-08-12 14:48:38,914 INFO  [org.apa.kaf.cli.con.int.ConsumerCoordinator] (Thread-603) [Consumer clientId=consumer-Consumer-topic-a2cc6a59_ad8d_49ac_8d05_a352b7e2587a-1, groupId=Consumer-topic-a2cc6a59_ad8d_49ac_8d05_a352b7e2587a] JoinGroup failed: This is not the correct coordinator. Marking coordinator unknown. Sent generation was Generation{generationId=-1, memberId='', protocol='null'}
2025-08-12 14:48:38,914 INFO  [org.apa.kaf.cli.NetworkClient] (Thread-603) [Consumer clientId=consumer-Consumer-topic-a2cc6a59_ad8d_49ac_8d05_a352b7e2587a-1, groupId=Consumer-topic-a2cc6a59_ad8d_49ac_8d05_a352b7e2587a] Client requested disconnect from node 2147483647
2025-08-12 14:48:38,923 INFO  [org.apa.kaf.cli.con.int.ConsumerCoordinator] (Thread-603) [Consumer clientId=consumer-Consumer-topic-a2cc6a59_ad8d_49ac_8d05_a352b7e2587a-1, groupId=Consumer-topic-a2cc6a59_ad8d_49ac_8d05_a352b7e2587a] Discovered group coordinator localhost:32769 (id: 2147483647 rack: null)
2025-08-12 14:48:38,923 INFO  [org.apa.kaf.cli.con.int.ConsumerCoordinator] (Thread-603) [Consumer clientId=consumer-Consumer-topic-a2cc6a59_ad8d_49ac_8d05_a352b7e2587a-1, groupId=Consumer-topic-a2cc6a59_ad8d_49ac_8d05_a352b7e2587a] Group coordinator localhost:32769 (id: 2147483647 rack: null) is unavailable or invalid due to cause: coordinator unavailable. isDisconnected: false. Rediscovery will be attempted.
2025-08-12 14:48:38,923 INFO  [org.apa.kaf.cli.con.int.ConsumerCoordinator] (Thread-603) [Consumer clientId=consumer-Consumer-topic-a2cc6a59_ad8d_49ac_8d05_a352b7e2587a-1, groupId=Consumer-topic-a2cc6a59_ad8d_49ac_8d05_a352b7e2587a] Requesting disconnect from last known coordinator localhost:32769 (id: 2147483647 rack: null)
2025-08-12 14:48:39,034 INFO  [org.apa.kaf.cli.con.int.ConsumerCoordinator] (Thread-603) [Consumer clientId=consumer-Consumer-topic-a2cc6a59_ad8d_49ac_8d05_a352b7e2587a-1, groupId=Consumer-topic-a2cc6a59_ad8d_49ac_8d05_a352b7e2587a] Discovered group coordinator localhost:32769 (id: 2147483647 rack: null)
2025-08-12 14:48:39,036 INFO  [org.apa.kaf.cli.con.int.ConsumerCoordinator] (Thread-603) [Consumer clientId=consumer-Consumer-topic-a2cc6a59_ad8d_49ac_8d05_a352b7e2587a-1, groupId=Consumer-topic-a2cc6a59_ad8d_49ac_8d05_a352b7e2587a] Request joining group due to: rebalance failed due to 'This is not the correct coordinator.' (NotCoordinatorException)
2025-08-12 14:48:39,036 INFO  [org.apa.kaf.cli.con.int.ConsumerCoordinator] (Thread-603) [Consumer clientId=consumer-Consumer-topic-a2cc6a59_ad8d_49ac_8d05_a352b7e2587a-1, groupId=Consumer-topic-a2cc6a59_ad8d_49ac_8d05_a352b7e2587a] (Re-)joining group
2025-08-12 14:48:39,051 INFO  [org.apa.kaf.cli.con.int.ConsumerCoordinator] (Thread-603) [Consumer clientId=consumer-Consumer-topic-a2cc6a59_ad8d_49ac_8d05_a352b7e2587a-1, groupId=Consumer-topic-a2cc6a59_ad8d_49ac_8d05_a352b7e2587a] Request joining group due to: need to re-join with the given member-id: consumer-Consumer-topic-a2cc6a59_ad8d_49ac_8d05_a352b7e2587a-1-799160c4-581b-463e-a3f2-f4a4693b5a72
2025-08-12 14:48:39,052 INFO  [org.apa.kaf.cli.con.int.ConsumerCoordinator] (Thread-603) [Consumer clientId=consumer-Consumer-topic-a2cc6a59_ad8d_49ac_8d05_a352b7e2587a-1, groupId=Consumer-topic-a2cc6a59_ad8d_49ac_8d05_a352b7e2587a] (Re-)joining group
2025-08-12 14:48:39,167 INFO  [io.api.tes.ser.api.KafkaSerdesTester] (Thread-603) None found
2025-08-12 14:48:40,168 INFO  [io.api.tes.ser.api.KafkaSerdesTester] (Thread-603) None found
2025-08-12 14:48:41,168 INFO  [io.api.tes.ser.api.KafkaSerdesTester] (Thread-603) None found
2025-08-12 14:48:42,075 INFO  [org.apa.kaf.cli.con.int.ConsumerCoordinator] (Thread-603) [Consumer clientId=consumer-Consumer-topic-a2cc6a59_ad8d_49ac_8d05_a352b7e2587a-1, groupId=Consumer-topic-a2cc6a59_ad8d_49ac_8d05_a352b7e2587a] Successfully joined group with generation Generation{generationId=1, memberId='consumer-Consumer-topic-a2cc6a59_ad8d_49ac_8d05_a352b7e2587a-1-799160c4-581b-463e-a3f2-f4a4693b5a72', protocol='range'}
2025-08-12 14:48:42,088 INFO  [org.apa.kaf.cli.con.int.ConsumerCoordinator] (Thread-603) [Consumer clientId=consumer-Consumer-topic-a2cc6a59_ad8d_49ac_8d05_a352b7e2587a-1, groupId=Consumer-topic-a2cc6a59_ad8d_49ac_8d05_a352b7e2587a] Finished assignment for group at generation 1: {consumer-Consumer-topic-a2cc6a59_ad8d_49ac_8d05_a352b7e2587a-1-799160c4-581b-463e-a3f2-f4a4693b5a72=Assignment(partitions=[topic-a2cc6a59_ad8d_49ac_8d05_a352b7e2587a-0])}
2025-08-12 14:48:42,120 INFO  [org.apa.kaf.cli.con.int.ConsumerCoordinator] (Thread-603) [Consumer clientId=consumer-Consumer-topic-a2cc6a59_ad8d_49ac_8d05_a352b7e2587a-1, groupId=Consumer-topic-a2cc6a59_ad8d_49ac_8d05_a352b7e2587a] Successfully synced group in generation Generation{generationId=1, memberId='consumer-Consumer-topic-a2cc6a59_ad8d_49ac_8d05_a352b7e2587a-1-799160c4-581b-463e-a3f2-f4a4693b5a72', protocol='range'}
2025-08-12 14:48:42,122 INFO  [org.apa.kaf.cli.con.int.ConsumerCoordinator] (Thread-603) [Consumer clientId=consumer-Consumer-topic-a2cc6a59_ad8d_49ac_8d05_a352b7e2587a-1, groupId=Consumer-topic-a2cc6a59_ad8d_49ac_8d05_a352b7e2587a] Notifying assignor about the new Assignment(partitions=[topic-a2cc6a59_ad8d_49ac_8d05_a352b7e2587a-0])
2025-08-12 14:48:42,128 INFO  [org.apa.kaf.cli.con.int.ConsumerRebalanceListenerInvoker] (Thread-603) [Consumer clientId=consumer-Consumer-topic-a2cc6a59_ad8d_49ac_8d05_a352b7e2587a-1, groupId=Consumer-topic-a2cc6a59_ad8d_49ac_8d05_a352b7e2587a] Adding newly assigned partitions: topic-a2cc6a59_ad8d_49ac_8d05_a352b7e2587a-0
2025-08-12 14:48:42,150 INFO  [org.apa.kaf.cli.con.int.ConsumerCoordinator] (Thread-603) [Consumer clientId=consumer-Consumer-topic-a2cc6a59_ad8d_49ac_8d05_a352b7e2587a-1, groupId=Consumer-topic-a2cc6a59_ad8d_49ac_8d05_a352b7e2587a] Found no committed offset for partition topic-a2cc6a59_ad8d_49ac_8d05_a352b7e2587a-0
2025-08-12 14:48:42,170 INFO  [io.api.tes.ser.api.KafkaSerdesTester] (Thread-603) None found
2025-08-12 14:48:42,173 INFO  [org.apa.kaf.cli.con.int.SubscriptionState] (Thread-603) [Consumer clientId=consumer-Consumer-topic-a2cc6a59_ad8d_49ac_8d05_a352b7e2587a-1, groupId=Consumer-topic-a2cc6a59_ad8d_49ac_8d05_a352b7e2587a] Resetting offset for partition topic-a2cc6a59_ad8d_49ac_8d05_a352b7e2587a-0 to position FetchPosition{offset=0, offsetEpoch=Optional.empty, currentLeader=LeaderAndEpoch{leader=Optional[localhost:32769 (id: 0 rack: null)], epoch=0}}.
2025-08-12 14:48:42,474 INFO  [io.api.tes.ser.api.KafkaSerdesTester] (Thread-603) topic-a2cc6a59_ad8d_49ac_8d05_a352b7e2587a 0 0 {"key11755010116803": "value-0"}
2025-08-12 14:48:42,479 INFO  [io.api.tes.ser.api.KafkaSerdesTester] (Thread-603) topic-a2cc6a59_ad8d_49ac_8d05_a352b7e2587a 0 1 {"key11755010116803": "value-1"}
2025-08-12 14:48:42,479 INFO  [io.api.tes.ser.api.KafkaSerdesTester] (Thread-603) topic-a2cc6a59_ad8d_49ac_8d05_a352b7e2587a 0 2 {"key11755010116803": "value-2"}
2025-08-12 14:48:42,480 INFO  [io.api.tes.ser.api.KafkaSerdesTester] (Thread-603) topic-a2cc6a59_ad8d_49ac_8d05_a352b7e2587a 0 3 {"key11755010116803": "value-3"}
2025-08-12 14:48:42,480 INFO  [io.api.tes.ser.api.KafkaSerdesTester] (Thread-603) topic-a2cc6a59_ad8d_49ac_8d05_a352b7e2587a 0 4 {"key11755010116803": "value-4"}
2025-08-12 14:48:42,480 INFO  [io.api.tes.ser.api.KafkaSerdesTester] (Thread-603) topic-a2cc6a59_ad8d_49ac_8d05_a352b7e2587a 0 5 {"key11755010116803": "value-5"}
2025-08-12 14:48:42,480 INFO  [io.api.tes.ser.api.KafkaSerdesTester] (Thread-603) topic-a2cc6a59_ad8d_49ac_8d05_a352b7e2587a 0 6 {"key11755010116803": "value-6"}
2025-08-12 14:48:42,480 INFO  [io.api.tes.ser.api.KafkaSerdesTester] (Thread-603) topic-a2cc6a59_ad8d_49ac_8d05_a352b7e2587a 0 7 {"key11755010116803": "value-7"}
2025-08-12 14:48:42,480 INFO  [io.api.tes.ser.api.KafkaSerdesTester] (Thread-603) topic-a2cc6a59_ad8d_49ac_8d05_a352b7e2587a 0 8 {"key11755010116803": "value-8"}
2025-08-12 14:48:42,480 INFO  [io.api.tes.ser.api.KafkaSerdesTester] (Thread-603) topic-a2cc6a59_ad8d_49ac_8d05_a352b7e2587a 0 9 {"key11755010116803": "value-9"}
2025-08-12 14:48:42,482 INFO  [io.api.tes.ser.api.KafkaSerdesTester] (Thread-603) Consumed 10 messages
2025-08-12 14:48:42,527 INFO  [org.apa.kaf.cli.con.int.ConsumerRebalanceListenerInvoker] (Thread-603) [Consumer clientId=consumer-Consumer-topic-a2cc6a59_ad8d_49ac_8d05_a352b7e2587a-1, groupId=Consumer-topic-a2cc6a59_ad8d_49ac_8d05_a352b7e2587a] Revoke previously assigned partitions topic-a2cc6a59_ad8d_49ac_8d05_a352b7e2587a-0
2025-08-12 14:48:42,527 INFO  [org.apa.kaf.cli.con.int.ConsumerCoordinator] (Thread-603) [Consumer clientId=consumer-Consumer-topic-a2cc6a59_ad8d_49ac_8d05_a352b7e2587a-1, groupId=Consumer-topic-a2cc6a59_ad8d_49ac_8d05_a352b7e2587a] Member consumer-Consumer-topic-a2cc6a59_ad8d_49ac_8d05_a352b7e2587a-1-799160c4-581b-463e-a3f2-f4a4693b5a72 sending LeaveGroup request to coordinator localhost:32769 (id: 2147483647 rack: null) due to the consumer is being closed
2025-08-12 14:48:42,531 INFO  [org.apa.kaf.cli.con.int.ConsumerCoordinator] (Thread-603) [Consumer clientId=consumer-Consumer-topic-a2cc6a59_ad8d_49ac_8d05_a352b7e2587a-1, groupId=Consumer-topic-a2cc6a59_ad8d_49ac_8d05_a352b7e2587a] Resetting generation and member id due to: consumer pro-actively leaving the group
2025-08-12 14:48:42,531 INFO  [org.apa.kaf.cli.con.int.ConsumerCoordinator] (Thread-603) [Consumer clientId=consumer-Consumer-topic-a2cc6a59_ad8d_49ac_8d05_a352b7e2587a-1, groupId=Consumer-topic-a2cc6a59_ad8d_49ac_8d05_a352b7e2587a] Request joining group due to: consumer pro-actively leaving the group
2025-08-12 14:48:43,004 INFO  [org.apa.kaf.com.met.Metrics] (Thread-603) Metrics scheduler closed
2025-08-12 14:48:43,005 INFO  [org.apa.kaf.com.met.Metrics] (Thread-603) Closing reporter org.apache.kafka.common.metrics.JmxReporter
2025-08-12 14:48:43,005 INFO  [org.apa.kaf.com.met.Metrics] (Thread-603) Closing reporter org.apache.kafka.common.telemetry.internals.ClientTelemetryReporter
2025-08-12 14:48:43,005 INFO  [org.apa.kaf.com.met.Metrics] (Thread-603) Metrics reporters closed
2025-08-12 14:48:43,011 INFO  [org.apa.kaf.com.uti.AppInfoParser] (Thread-603) App info kafka.consumer for consumer-Consumer-topic-a2cc6a59_ad8d_49ac_8d05_a352b7e2587a-1 unregistered
2025-08-12 14:48:43,012 INFO  [io.api.tes.uti.TestSeparator] (main) io.apicurio.tests.serdes.apicurio.AvroSerdeIT.testGlobalIdInHeaders-FINISHED
2025-08-12 14:48:43,012 INFO  [io.api.tes.uti.TestSeparator] (main) ############################################################################
Test passed: testGlobalIdInHeaders
]]></system-out>
  </testcase>
  <testcase name="testSimpleTopicIdStrategyFindLatest" classname="io.apicurio.tests.serdes.apicurio.AvroSerdeIT" time="5.447">
    <system-out><![CDATA[2025-08-12 14:48:43,017 INFO  [io.api.tes.uti.TestSeparator] (main) ############################################################################
2025-08-12 14:48:43,018 INFO  [io.api.tes.uti.TestSeparator] (main) io.apicurio.tests.serdes.apicurio.AvroSerdeIT.testSimpleTopicIdStrategyFindLatest-STARTED
2025-08-12 14:48:43,018 INFO  [io.api.tes.ser.api.AvroSerdeIT] (main) Registering Avro Schema: {"type":"record","name":"myrecordapicurio1","fields":[{"name":"key11755010123018","type":"string"}]}
**** Registry Base URL: http://registry-app-inmemory.apps.ci419.apicurio-testing.org:80
2025-08-12 14:48:44,272 INFO  [org.apa.kaf.cli.pro.ProducerConfig] (main) ProducerConfig values: 
	acks = -1
	auto.include.jmx.reporter = true
	batch.size = 16384
	bootstrap.servers = [PLAINTEXT://localhost:32769]
	buffer.memory = 33554432
	client.dns.lookup = use_all_dns_ips
	client.id = Producer-topic-bea5f2a9_bb0c_44ea_8cb9_5025b5957747
	compression.gzip.level = -1
	compression.lz4.level = 9
	compression.type = none
	compression.zstd.level = 3
	connections.max.idle.ms = 10000
	delivery.timeout.ms = 120000
	enable.idempotence = true
	enable.metrics.push = true
	interceptor.classes = []
	key.serializer = class org.apache.kafka.common.serialization.StringSerializer
	linger.ms = 0
	max.block.ms = 60000
	max.in.flight.requests.per.connection = 5
	max.request.size = 1048576
	metadata.max.age.ms = 300000
	metadata.max.idle.ms = 300000
	metadata.recovery.strategy = none
	metric.reporters = []
	metrics.num.samples = 2
	metrics.recording.level = INFO
	metrics.sample.window.ms = 30000
	partitioner.adaptive.partitioning.enable = true
	partitioner.availability.timeout.ms = 0
	partitioner.class = null
	partitioner.ignore.keys = false
	receive.buffer.bytes = 32768
	reconnect.backoff.max.ms = 1000
	reconnect.backoff.ms = 50
	request.timeout.ms = 5000
	retries = 2147483647
	retry.backoff.max.ms = 1000
	retry.backoff.ms = 100
	sasl.client.callback.handler.class = null
	sasl.jaas.config = null
	sasl.kerberos.kinit.cmd = /usr/bin/kinit
	sasl.kerberos.min.time.before.relogin = 60000
	sasl.kerberos.service.name = null
	sasl.kerberos.ticket.renew.jitter = 0.05
	sasl.kerberos.ticket.renew.window.factor = 0.8
	sasl.login.callback.handler.class = null
	sasl.login.class = null
	sasl.login.connect.timeout.ms = null
	sasl.login.read.timeout.ms = null
	sasl.login.refresh.buffer.seconds = 300
	sasl.login.refresh.min.period.seconds = 60
	sasl.login.refresh.window.factor = 0.8
	sasl.login.refresh.window.jitter = 0.05
	sasl.login.retry.backoff.max.ms = 10000
	sasl.login.retry.backoff.ms = 100
	sasl.mechanism = GSSAPI
	sasl.oauthbearer.clock.skew.seconds = 30
	sasl.oauthbearer.expected.audience = null
	sasl.oauthbearer.expected.issuer = null
	sasl.oauthbearer.header.urlencode = false
	sasl.oauthbearer.jwks.endpoint.refresh.ms = 3600000
	sasl.oauthbearer.jwks.endpoint.retry.backoff.max.ms = 10000
	sasl.oauthbearer.jwks.endpoint.retry.backoff.ms = 100
	sasl.oauthbearer.jwks.endpoint.url = null
	sasl.oauthbearer.scope.claim.name = scope
	sasl.oauthbearer.sub.claim.name = sub
	sasl.oauthbearer.token.endpoint.url = null
	security.protocol = PLAINTEXT
	security.providers = null
	send.buffer.bytes = 131072
	socket.connection.setup.timeout.max.ms = 30000
	socket.connection.setup.timeout.ms = 10000
	ssl.cipher.suites = null
	ssl.enabled.protocols = [TLSv1.2, TLSv1.3]
	ssl.endpoint.identification.algorithm = https
	ssl.engine.factory.class = null
	ssl.key.password = null
	ssl.keymanager.algorithm = SunX509
	ssl.keystore.certificate.chain = null
	ssl.keystore.key = null
	ssl.keystore.location = null
	ssl.keystore.password = null
	ssl.keystore.type = JKS
	ssl.protocol = TLSv1.3
	ssl.provider = null
	ssl.secure.random.implementation = null
	ssl.trustmanager.algorithm = PKIX
	ssl.truststore.certificates = null
	ssl.truststore.location = null
	ssl.truststore.password = null
	ssl.truststore.type = JKS
	transaction.timeout.ms = 60000
	transactional.id = null
	value.serializer = class io.apicurio.registry.serde.avro.AvroKafkaSerializer

2025-08-12 14:48:44,273 INFO  [org.apa.kaf.com.tel.int.KafkaMetricsCollector] (main) initializing Kafka metrics collector
2025-08-12 14:48:44,277 INFO  [org.apa.kaf.cli.pro.KafkaProducer] (main) [Producer clientId=Producer-topic-bea5f2a9_bb0c_44ea_8cb9_5025b5957747] Instantiated an idempotent producer.
2025-08-12 14:48:44,281 INFO  [org.apa.kaf.cli.pro.ProducerConfig] (main) These configurations '[apicurio.registry.find-latest, apicurio.registry.artifact.group-id, apicurio.registry.url, apicurio.registry.artifact-resolver-strategy]' were supplied but are not used yet.
2025-08-12 14:48:44,281 INFO  [org.apa.kaf.com.uti.AppInfoParser] (main) Kafka version: 3.9.1
2025-08-12 14:48:44,282 INFO  [org.apa.kaf.com.uti.AppInfoParser] (main) Kafka commitId: f745dfdcee2b9851
2025-08-12 14:48:44,282 INFO  [org.apa.kaf.com.uti.AppInfoParser] (main) Kafka startTimeMs: 1755010124281
2025-08-12 14:48:44,282 INFO  [io.api.tes.ser.api.SimpleSerdesTesterBuilder$SimpleSerdesTester] (main) Using producer configuration: {apicurio.registry.find-latest=true, apicurio.registry.artifact.group-id=topic-bea5f2a9_bb0c_44ea_8cb9_5025b5957747, apicurio.registry.url=http://registry-app-inmemory.apps.ci419.apicurio-testing.org:80/apis/registry/v3, apicurio.registry.artifact-resolver-strategy=io.apicurio.registry.serde.strategy.SimpleTopicIdStrategy, value.serializer=io.apicurio.registry.serde.avro.AvroKafkaSerializer, request.timeout.ms=5000, acks=all, bootstrap.servers=PLAINTEXT://localhost:32769, connections.max.idle.ms=10000, key.serializer=org.apache.kafka.common.serialization.StringSerializer, client.id=Producer-topic-bea5f2a9_bb0c_44ea_8cb9_5025b5957747}
2025-08-12 14:48:44,282 INFO  [io.api.tes.ser.api.SimpleSerdesTesterBuilder$SimpleSerdesTester] (main) Using consumer configuration: {}
2025-08-12 14:48:44,286 INFO  [io.api.tes.ser.api.KafkaSerdesTester] (Thread-606) Sending message {"key11755010123018": "value-0"} to topic topic-bea5f2a9_bb0c_44ea_8cb9_5025b5957747
2025-08-12 14:48:44,292 INFO  [org.apa.kaf.cli.Metadata] (kafka-producer-network-thread | Producer-topic-bea5f2a9_bb0c_44ea_8cb9_5025b5957747) [Producer clientId=Producer-topic-bea5f2a9_bb0c_44ea_8cb9_5025b5957747] Cluster ID: 2kzKdHjlS02ID15h9rF1bw
2025-08-12 14:48:44,292 INFO  [org.apa.kaf.cli.pro.int.TransactionManager] (kafka-producer-network-thread | Producer-topic-bea5f2a9_bb0c_44ea_8cb9_5025b5957747) [Producer clientId=Producer-topic-bea5f2a9_bb0c_44ea_8cb9_5025b5957747] ProducerId set to 1 with epoch 0
2025-08-12 14:48:44,628 INFO  [io.api.tes.ser.api.KafkaSerdesTester] (Thread-606) Sending message {"key11755010123018": "value-1"} to topic topic-bea5f2a9_bb0c_44ea_8cb9_5025b5957747
2025-08-12 14:48:44,631 INFO  [io.api.tes.ser.api.KafkaSerdesTester] (Thread-606) Sending message {"key11755010123018": "value-2"} to topic topic-bea5f2a9_bb0c_44ea_8cb9_5025b5957747
2025-08-12 14:48:44,633 INFO  [io.api.tes.ser.api.KafkaSerdesTester] (Thread-606) Sending message {"key11755010123018": "value-3"} to topic topic-bea5f2a9_bb0c_44ea_8cb9_5025b5957747
2025-08-12 14:48:44,637 INFO  [io.api.tes.ser.api.KafkaSerdesTester] (Thread-606) Sending message {"key11755010123018": "value-4"} to topic topic-bea5f2a9_bb0c_44ea_8cb9_5025b5957747
2025-08-12 14:48:44,640 INFO  [io.api.tes.ser.api.KafkaSerdesTester] (Thread-606) Sending message {"key11755010123018": "value-5"} to topic topic-bea5f2a9_bb0c_44ea_8cb9_5025b5957747
2025-08-12 14:48:44,642 INFO  [io.api.tes.ser.api.KafkaSerdesTester] (Thread-606) Sending message {"key11755010123018": "value-6"} to topic topic-bea5f2a9_bb0c_44ea_8cb9_5025b5957747
2025-08-12 14:48:44,645 INFO  [io.api.tes.ser.api.KafkaSerdesTester] (Thread-606) Sending message {"key11755010123018": "value-7"} to topic topic-bea5f2a9_bb0c_44ea_8cb9_5025b5957747
2025-08-12 14:48:44,648 INFO  [io.api.tes.ser.api.KafkaSerdesTester] (Thread-606) Sending message {"key11755010123018": "value-8"} to topic topic-bea5f2a9_bb0c_44ea_8cb9_5025b5957747
2025-08-12 14:48:44,650 INFO  [io.api.tes.ser.api.KafkaSerdesTester] (Thread-606) Sending message {"key11755010123018": "value-9"} to topic topic-bea5f2a9_bb0c_44ea_8cb9_5025b5957747
2025-08-12 14:48:44,653 INFO  [io.api.tes.ser.api.KafkaSerdesTester] (Thread-606) Produced 10 messages
2025-08-12 14:48:44,654 INFO  [org.apa.kaf.cli.pro.KafkaProducer] (Thread-606) [Producer clientId=Producer-topic-bea5f2a9_bb0c_44ea_8cb9_5025b5957747] Closing the Kafka producer with timeoutMillis = 9223372036854775807 ms.
2025-08-12 14:48:44,658 INFO  [org.apa.kaf.com.met.Metrics] (Thread-606) Metrics scheduler closed
2025-08-12 14:48:44,658 INFO  [org.apa.kaf.com.met.Metrics] (Thread-606) Closing reporter org.apache.kafka.common.metrics.JmxReporter
2025-08-12 14:48:44,658 INFO  [org.apa.kaf.com.met.Metrics] (Thread-606) Closing reporter org.apache.kafka.common.telemetry.internals.ClientTelemetryReporter
2025-08-12 14:48:44,658 INFO  [org.apa.kaf.com.met.Metrics] (Thread-606) Metrics reporters closed
2025-08-12 14:48:44,658 INFO  [org.apa.kaf.com.uti.AppInfoParser] (Thread-606) App info kafka.producer for Producer-topic-bea5f2a9_bb0c_44ea_8cb9_5025b5957747 unregistered
**** Registry Base URL: http://registry-app-inmemory.apps.ci419.apicurio-testing.org:80
2025-08-12 14:48:44,659 INFO  [org.apa.kaf.cli.con.ConsumerConfig] (main) ConsumerConfig values: 
	allow.auto.create.topics = true
	auto.commit.interval.ms = 500
	auto.include.jmx.reporter = true
	auto.offset.reset = earliest
	bootstrap.servers = [PLAINTEXT://localhost:32769]
	check.crcs = true
	client.dns.lookup = use_all_dns_ips
	client.id = consumer-Consumer-topic-bea5f2a9_bb0c_44ea_8cb9_5025b5957747-2
	client.rack = 
	connections.max.idle.ms = 10000
	default.api.timeout.ms = 60000
	enable.auto.commit = true
	enable.metrics.push = true
	exclude.internal.topics = true
	fetch.max.bytes = 52428800
	fetch.max.wait.ms = 500
	fetch.min.bytes = 1
	group.id = Consumer-topic-bea5f2a9_bb0c_44ea_8cb9_5025b5957747
	group.instance.id = null
	group.protocol = classic
	group.remote.assignor = null
	heartbeat.interval.ms = 3000
	interceptor.classes = []
	internal.leave.group.on.close = true
	internal.throw.on.fetch.stable.offset.unsupported = false
	isolation.level = read_uncommitted
	key.deserializer = class org.apache.kafka.common.serialization.StringDeserializer
	max.partition.fetch.bytes = 1048576
	max.poll.interval.ms = 300000
	max.poll.records = 500
	metadata.max.age.ms = 300000
	metadata.recovery.strategy = none
	metric.reporters = []
	metrics.num.samples = 2
	metrics.recording.level = INFO
	metrics.sample.window.ms = 30000
	partition.assignment.strategy = [class org.apache.kafka.clients.consumer.RangeAssignor, class org.apache.kafka.clients.consumer.CooperativeStickyAssignor]
	receive.buffer.bytes = 65536
	reconnect.backoff.max.ms = 1000
	reconnect.backoff.ms = 50
	request.timeout.ms = 5000
	retry.backoff.max.ms = 1000
	retry.backoff.ms = 100
	sasl.client.callback.handler.class = null
	sasl.jaas.config = null
	sasl.kerberos.kinit.cmd = /usr/bin/kinit
	sasl.kerberos.min.time.before.relogin = 60000
	sasl.kerberos.service.name = null
	sasl.kerberos.ticket.renew.jitter = 0.05
	sasl.kerberos.ticket.renew.window.factor = 0.8
	sasl.login.callback.handler.class = null
	sasl.login.class = null
	sasl.login.connect.timeout.ms = null
	sasl.login.read.timeout.ms = null
	sasl.login.refresh.buffer.seconds = 300
	sasl.login.refresh.min.period.seconds = 60
	sasl.login.refresh.window.factor = 0.8
	sasl.login.refresh.window.jitter = 0.05
	sasl.login.retry.backoff.max.ms = 10000
	sasl.login.retry.backoff.ms = 100
	sasl.mechanism = GSSAPI
	sasl.oauthbearer.clock.skew.seconds = 30
	sasl.oauthbearer.expected.audience = null
	sasl.oauthbearer.expected.issuer = null
	sasl.oauthbearer.header.urlencode = false
	sasl.oauthbearer.jwks.endpoint.refresh.ms = 3600000
	sasl.oauthbearer.jwks.endpoint.retry.backoff.max.ms = 10000
	sasl.oauthbearer.jwks.endpoint.retry.backoff.ms = 100
	sasl.oauthbearer.jwks.endpoint.url = null
	sasl.oauthbearer.scope.claim.name = scope
	sasl.oauthbearer.sub.claim.name = sub
	sasl.oauthbearer.token.endpoint.url = null
	security.protocol = PLAINTEXT
	security.providers = null
	send.buffer.bytes = 131072
	session.timeout.ms = 45000
	socket.connection.setup.timeout.max.ms = 30000
	socket.connection.setup.timeout.ms = 10000
	ssl.cipher.suites = null
	ssl.enabled.protocols = [TLSv1.2, TLSv1.3]
	ssl.endpoint.identification.algorithm = https
	ssl.engine.factory.class = null
	ssl.key.password = null
	ssl.keymanager.algorithm = SunX509
	ssl.keystore.certificate.chain = null
	ssl.keystore.key = null
	ssl.keystore.location = null
	ssl.keystore.password = null
	ssl.keystore.type = JKS
	ssl.protocol = TLSv1.3
	ssl.provider = null
	ssl.secure.random.implementation = null
	ssl.trustmanager.algorithm = PKIX
	ssl.truststore.certificates = null
	ssl.truststore.location = null
	ssl.truststore.password = null
	ssl.truststore.type = JKS
	value.deserializer = class io.apicurio.registry.serde.avro.AvroKafkaDeserializer

2025-08-12 14:48:44,660 INFO  [org.apa.kaf.com.tel.int.KafkaMetricsCollector] (main) initializing Kafka metrics collector
2025-08-12 14:48:44,677 INFO  [org.apa.kaf.cli.con.ConsumerConfig] (main) These configurations '[apicurio.registry.url]' were supplied but are not used yet.
2025-08-12 14:48:44,677 INFO  [org.apa.kaf.com.uti.AppInfoParser] (main) Kafka version: 3.9.1
2025-08-12 14:48:44,680 INFO  [org.apa.kaf.com.uti.AppInfoParser] (main) Kafka commitId: f745dfdcee2b9851
2025-08-12 14:48:44,680 INFO  [org.apa.kaf.com.uti.AppInfoParser] (main) Kafka startTimeMs: 1755010124677
2025-08-12 14:48:44,681 INFO  [org.apa.kaf.cli.con.int.ClassicKafkaConsumer] (Thread-609) [Consumer clientId=consumer-Consumer-topic-bea5f2a9_bb0c_44ea_8cb9_5025b5957747-2, groupId=Consumer-topic-bea5f2a9_bb0c_44ea_8cb9_5025b5957747] Subscribed to topic(s): topic-bea5f2a9_bb0c_44ea_8cb9_5025b5957747
2025-08-12 14:48:44,688 INFO  [org.apa.kaf.cli.Metadata] (Thread-609) [Consumer clientId=consumer-Consumer-topic-bea5f2a9_bb0c_44ea_8cb9_5025b5957747-2, groupId=Consumer-topic-bea5f2a9_bb0c_44ea_8cb9_5025b5957747] Cluster ID: 2kzKdHjlS02ID15h9rF1bw
2025-08-12 14:48:44,690 INFO  [org.apa.kaf.cli.con.int.ConsumerCoordinator] (Thread-609) [Consumer clientId=consumer-Consumer-topic-bea5f2a9_bb0c_44ea_8cb9_5025b5957747-2, groupId=Consumer-topic-bea5f2a9_bb0c_44ea_8cb9_5025b5957747] Discovered group coordinator localhost:32769 (id: 2147483647 rack: null)
2025-08-12 14:48:44,694 INFO  [org.apa.kaf.cli.con.int.ConsumerCoordinator] (Thread-609) [Consumer clientId=consumer-Consumer-topic-bea5f2a9_bb0c_44ea_8cb9_5025b5957747-2, groupId=Consumer-topic-bea5f2a9_bb0c_44ea_8cb9_5025b5957747] (Re-)joining group
2025-08-12 14:48:44,697 INFO  [org.apa.kaf.cli.con.int.ConsumerCoordinator] (Thread-609) [Consumer clientId=consumer-Consumer-topic-bea5f2a9_bb0c_44ea_8cb9_5025b5957747-2, groupId=Consumer-topic-bea5f2a9_bb0c_44ea_8cb9_5025b5957747] Request joining group due to: need to re-join with the given member-id: consumer-Consumer-topic-bea5f2a9_bb0c_44ea_8cb9_5025b5957747-2-51117995-d932-401e-9235-6c6621228015
2025-08-12 14:48:44,698 INFO  [org.apa.kaf.cli.con.int.ConsumerCoordinator] (Thread-609) [Consumer clientId=consumer-Consumer-topic-bea5f2a9_bb0c_44ea_8cb9_5025b5957747-2, groupId=Consumer-topic-bea5f2a9_bb0c_44ea_8cb9_5025b5957747] (Re-)joining group
2025-08-12 14:48:45,681 INFO  [io.api.tes.ser.api.KafkaSerdesTester] (Thread-609) None found
2025-08-12 14:48:46,681 INFO  [io.api.tes.ser.api.KafkaSerdesTester] (Thread-609) None found
2025-08-12 14:48:47,681 INFO  [io.api.tes.ser.api.KafkaSerdesTester] (Thread-609) None found
2025-08-12 14:48:47,702 INFO  [org.apa.kaf.cli.con.int.ConsumerCoordinator] (Thread-609) [Consumer clientId=consumer-Consumer-topic-bea5f2a9_bb0c_44ea_8cb9_5025b5957747-2, groupId=Consumer-topic-bea5f2a9_bb0c_44ea_8cb9_5025b5957747] Successfully joined group with generation Generation{generationId=1, memberId='consumer-Consumer-topic-bea5f2a9_bb0c_44ea_8cb9_5025b5957747-2-51117995-d932-401e-9235-6c6621228015', protocol='range'}
2025-08-12 14:48:47,702 INFO  [org.apa.kaf.cli.con.int.ConsumerCoordinator] (Thread-609) [Consumer clientId=consumer-Consumer-topic-bea5f2a9_bb0c_44ea_8cb9_5025b5957747-2, groupId=Consumer-topic-bea5f2a9_bb0c_44ea_8cb9_5025b5957747] Finished assignment for group at generation 1: {consumer-Consumer-topic-bea5f2a9_bb0c_44ea_8cb9_5025b5957747-2-51117995-d932-401e-9235-6c6621228015=Assignment(partitions=[topic-bea5f2a9_bb0c_44ea_8cb9_5025b5957747-0])}
2025-08-12 14:48:47,710 INFO  [org.apa.kaf.cli.con.int.ConsumerCoordinator] (Thread-609) [Consumer clientId=consumer-Consumer-topic-bea5f2a9_bb0c_44ea_8cb9_5025b5957747-2, groupId=Consumer-topic-bea5f2a9_bb0c_44ea_8cb9_5025b5957747] Successfully synced group in generation Generation{generationId=1, memberId='consumer-Consumer-topic-bea5f2a9_bb0c_44ea_8cb9_5025b5957747-2-51117995-d932-401e-9235-6c6621228015', protocol='range'}
2025-08-12 14:48:47,710 INFO  [org.apa.kaf.cli.con.int.ConsumerCoordinator] (Thread-609) [Consumer clientId=consumer-Consumer-topic-bea5f2a9_bb0c_44ea_8cb9_5025b5957747-2, groupId=Consumer-topic-bea5f2a9_bb0c_44ea_8cb9_5025b5957747] Notifying assignor about the new Assignment(partitions=[topic-bea5f2a9_bb0c_44ea_8cb9_5025b5957747-0])
2025-08-12 14:48:47,710 INFO  [org.apa.kaf.cli.con.int.ConsumerRebalanceListenerInvoker] (Thread-609) [Consumer clientId=consumer-Consumer-topic-bea5f2a9_bb0c_44ea_8cb9_5025b5957747-2, groupId=Consumer-topic-bea5f2a9_bb0c_44ea_8cb9_5025b5957747] Adding newly assigned partitions: topic-bea5f2a9_bb0c_44ea_8cb9_5025b5957747-0
2025-08-12 14:48:47,711 INFO  [org.apa.kaf.cli.con.int.ConsumerCoordinator] (Thread-609) [Consumer clientId=consumer-Consumer-topic-bea5f2a9_bb0c_44ea_8cb9_5025b5957747-2, groupId=Consumer-topic-bea5f2a9_bb0c_44ea_8cb9_5025b5957747] Found no committed offset for partition topic-bea5f2a9_bb0c_44ea_8cb9_5025b5957747-0
2025-08-12 14:48:47,716 INFO  [org.apa.kaf.cli.con.int.SubscriptionState] (Thread-609) [Consumer clientId=consumer-Consumer-topic-bea5f2a9_bb0c_44ea_8cb9_5025b5957747-2, groupId=Consumer-topic-bea5f2a9_bb0c_44ea_8cb9_5025b5957747] Resetting offset for partition topic-bea5f2a9_bb0c_44ea_8cb9_5025b5957747-0 to position FetchPosition{offset=0, offsetEpoch=Optional.empty, currentLeader=LeaderAndEpoch{leader=Optional[localhost:32769 (id: 0 rack: null)], epoch=0}}.
2025-08-12 14:48:47,951 INFO  [io.api.tes.ser.api.KafkaSerdesTester] (Thread-609) topic-bea5f2a9_bb0c_44ea_8cb9_5025b5957747 0 0 {"key11755010123018": "value-0"}
2025-08-12 14:48:47,951 INFO  [io.api.tes.ser.api.KafkaSerdesTester] (Thread-609) topic-bea5f2a9_bb0c_44ea_8cb9_5025b5957747 0 1 {"key11755010123018": "value-1"}
2025-08-12 14:48:47,952 INFO  [io.api.tes.ser.api.KafkaSerdesTester] (Thread-609) topic-bea5f2a9_bb0c_44ea_8cb9_5025b5957747 0 2 {"key11755010123018": "value-2"}
2025-08-12 14:48:47,952 INFO  [io.api.tes.ser.api.KafkaSerdesTester] (Thread-609) topic-bea5f2a9_bb0c_44ea_8cb9_5025b5957747 0 3 {"key11755010123018": "value-3"}
2025-08-12 14:48:47,952 INFO  [io.api.tes.ser.api.KafkaSerdesTester] (Thread-609) topic-bea5f2a9_bb0c_44ea_8cb9_5025b5957747 0 4 {"key11755010123018": "value-4"}
2025-08-12 14:48:47,952 INFO  [io.api.tes.ser.api.KafkaSerdesTester] (Thread-609) topic-bea5f2a9_bb0c_44ea_8cb9_5025b5957747 0 5 {"key11755010123018": "value-5"}
2025-08-12 14:48:47,952 INFO  [io.api.tes.ser.api.KafkaSerdesTester] (Thread-609) topic-bea5f2a9_bb0c_44ea_8cb9_5025b5957747 0 6 {"key11755010123018": "value-6"}
2025-08-12 14:48:47,952 INFO  [io.api.tes.ser.api.KafkaSerdesTester] (Thread-609) topic-bea5f2a9_bb0c_44ea_8cb9_5025b5957747 0 7 {"key11755010123018": "value-7"}
2025-08-12 14:48:47,952 INFO  [io.api.tes.ser.api.KafkaSerdesTester] (Thread-609) topic-bea5f2a9_bb0c_44ea_8cb9_5025b5957747 0 8 {"key11755010123018": "value-8"}
2025-08-12 14:48:47,953 INFO  [io.api.tes.ser.api.KafkaSerdesTester] (Thread-609) topic-bea5f2a9_bb0c_44ea_8cb9_5025b5957747 0 9 {"key11755010123018": "value-9"}
2025-08-12 14:48:47,953 INFO  [io.api.tes.ser.api.KafkaSerdesTester] (Thread-609) Consumed 10 messages
2025-08-12 14:48:47,962 INFO  [org.apa.kaf.cli.con.int.ConsumerRebalanceListenerInvoker] (Thread-609) [Consumer clientId=consumer-Consumer-topic-bea5f2a9_bb0c_44ea_8cb9_5025b5957747-2, groupId=Consumer-topic-bea5f2a9_bb0c_44ea_8cb9_5025b5957747] Revoke previously assigned partitions topic-bea5f2a9_bb0c_44ea_8cb9_5025b5957747-0
2025-08-12 14:48:47,962 INFO  [org.apa.kaf.cli.con.int.ConsumerCoordinator] (Thread-609) [Consumer clientId=consumer-Consumer-topic-bea5f2a9_bb0c_44ea_8cb9_5025b5957747-2, groupId=Consumer-topic-bea5f2a9_bb0c_44ea_8cb9_5025b5957747] Member consumer-Consumer-topic-bea5f2a9_bb0c_44ea_8cb9_5025b5957747-2-51117995-d932-401e-9235-6c6621228015 sending LeaveGroup request to coordinator localhost:32769 (id: 2147483647 rack: null) due to the consumer is being closed
2025-08-12 14:48:47,963 INFO  [org.apa.kaf.cli.con.int.ConsumerCoordinator] (Thread-609) [Consumer clientId=consumer-Consumer-topic-bea5f2a9_bb0c_44ea_8cb9_5025b5957747-2, groupId=Consumer-topic-bea5f2a9_bb0c_44ea_8cb9_5025b5957747] Resetting generation and member id due to: consumer pro-actively leaving the group
2025-08-12 14:48:47,963 INFO  [org.apa.kaf.cli.con.int.ConsumerCoordinator] (Thread-609) [Consumer clientId=consumer-Consumer-topic-bea5f2a9_bb0c_44ea_8cb9_5025b5957747-2, groupId=Consumer-topic-bea5f2a9_bb0c_44ea_8cb9_5025b5957747] Request joining group due to: consumer pro-actively leaving the group
2025-08-12 14:48:48,454 INFO  [org.apa.kaf.com.met.Metrics] (Thread-609) Metrics scheduler closed
2025-08-12 14:48:48,454 INFO  [org.apa.kaf.com.met.Metrics] (Thread-609) Closing reporter org.apache.kafka.common.metrics.JmxReporter
2025-08-12 14:48:48,454 INFO  [org.apa.kaf.com.met.Metrics] (Thread-609) Closing reporter org.apache.kafka.common.telemetry.internals.ClientTelemetryReporter
2025-08-12 14:48:48,455 INFO  [org.apa.kaf.com.met.Metrics] (Thread-609) Metrics reporters closed
2025-08-12 14:48:48,458 INFO  [org.apa.kaf.com.uti.AppInfoParser] (Thread-609) App info kafka.consumer for consumer-Consumer-topic-bea5f2a9_bb0c_44ea_8cb9_5025b5957747-2 unregistered
2025-08-12 14:48:48,460 INFO  [io.api.tes.uti.TestSeparator] (main) io.apicurio.tests.serdes.apicurio.AvroSerdeIT.testSimpleTopicIdStrategyFindLatest-FINISHED
2025-08-12 14:48:48,460 INFO  [io.api.tes.uti.TestSeparator] (main) ############################################################################
Test passed: testSimpleTopicIdStrategyFindLatest
]]></system-out>
  </testcase>
  <testcase name="testWrongSchema" classname="io.apicurio.tests.serdes.apicurio.AvroSerdeIT" time="1.402">
    <system-out><![CDATA[2025-08-12 14:48:48,462 INFO  [io.api.tes.uti.TestSeparator] (main) ############################################################################
2025-08-12 14:48:48,462 INFO  [io.api.tes.uti.TestSeparator] (main) io.apicurio.tests.serdes.apicurio.AvroSerdeIT.testWrongSchema-STARTED
**** Registry Base URL: http://registry-app-inmemory.apps.ci419.apicurio-testing.org:80
2025-08-12 14:48:49,638 INFO  [org.apa.kaf.cli.pro.ProducerConfig] (main) ProducerConfig values: 
	acks = -1
	auto.include.jmx.reporter = true
	batch.size = 16384
	bootstrap.servers = [PLAINTEXT://localhost:32769]
	buffer.memory = 33554432
	client.dns.lookup = use_all_dns_ips
	client.id = Producer-sc930d030x6b87x4dcax813cx7906dada65b3
	compression.gzip.level = -1
	compression.lz4.level = 9
	compression.type = none
	compression.zstd.level = 3
	connections.max.idle.ms = 10000
	delivery.timeout.ms = 120000
	enable.idempotence = true
	enable.metrics.push = true
	interceptor.classes = []
	key.serializer = class org.apache.kafka.common.serialization.StringSerializer
	linger.ms = 0
	max.block.ms = 60000
	max.in.flight.requests.per.connection = 5
	max.request.size = 1048576
	metadata.max.age.ms = 300000
	metadata.max.idle.ms = 300000
	metadata.recovery.strategy = none
	metric.reporters = []
	metrics.num.samples = 2
	metrics.recording.level = INFO
	metrics.sample.window.ms = 30000
	partitioner.adaptive.partitioning.enable = true
	partitioner.availability.timeout.ms = 0
	partitioner.class = null
	partitioner.ignore.keys = false
	receive.buffer.bytes = 32768
	reconnect.backoff.max.ms = 1000
	reconnect.backoff.ms = 50
	request.timeout.ms = 5000
	retries = 2147483647
	retry.backoff.max.ms = 1000
	retry.backoff.ms = 100
	sasl.client.callback.handler.class = null
	sasl.jaas.config = null
	sasl.kerberos.kinit.cmd = /usr/bin/kinit
	sasl.kerberos.min.time.before.relogin = 60000
	sasl.kerberos.service.name = null
	sasl.kerberos.ticket.renew.jitter = 0.05
	sasl.kerberos.ticket.renew.window.factor = 0.8
	sasl.login.callback.handler.class = null
	sasl.login.class = null
	sasl.login.connect.timeout.ms = null
	sasl.login.read.timeout.ms = null
	sasl.login.refresh.buffer.seconds = 300
	sasl.login.refresh.min.period.seconds = 60
	sasl.login.refresh.window.factor = 0.8
	sasl.login.refresh.window.jitter = 0.05
	sasl.login.retry.backoff.max.ms = 10000
	sasl.login.retry.backoff.ms = 100
	sasl.mechanism = GSSAPI
	sasl.oauthbearer.clock.skew.seconds = 30
	sasl.oauthbearer.expected.audience = null
	sasl.oauthbearer.expected.issuer = null
	sasl.oauthbearer.header.urlencode = false
	sasl.oauthbearer.jwks.endpoint.refresh.ms = 3600000
	sasl.oauthbearer.jwks.endpoint.retry.backoff.max.ms = 10000
	sasl.oauthbearer.jwks.endpoint.retry.backoff.ms = 100
	sasl.oauthbearer.jwks.endpoint.url = null
	sasl.oauthbearer.scope.claim.name = scope
	sasl.oauthbearer.sub.claim.name = sub
	sasl.oauthbearer.token.endpoint.url = null
	security.protocol = PLAINTEXT
	security.providers = null
	send.buffer.bytes = 131072
	socket.connection.setup.timeout.max.ms = 30000
	socket.connection.setup.timeout.ms = 10000
	ssl.cipher.suites = null
	ssl.enabled.protocols = [TLSv1.2, TLSv1.3]
	ssl.endpoint.identification.algorithm = https
	ssl.engine.factory.class = null
	ssl.key.password = null
	ssl.keymanager.algorithm = SunX509
	ssl.keystore.certificate.chain = null
	ssl.keystore.key = null
	ssl.keystore.location = null
	ssl.keystore.password = null
	ssl.keystore.type = JKS
	ssl.protocol = TLSv1.3
	ssl.provider = null
	ssl.secure.random.implementation = null
	ssl.trustmanager.algorithm = PKIX
	ssl.truststore.certificates = null
	ssl.truststore.location = null
	ssl.truststore.password = null
	ssl.truststore.type = JKS
	transaction.timeout.ms = 60000
	transactional.id = null
	value.serializer = class io.apicurio.registry.serde.avro.AvroKafkaSerializer

2025-08-12 14:48:49,638 INFO  [org.apa.kaf.com.tel.int.KafkaMetricsCollector] (main) initializing Kafka metrics collector
2025-08-12 14:48:49,643 INFO  [org.apa.kaf.cli.pro.KafkaProducer] (main) [Producer clientId=Producer-sc930d030x6b87x4dcax813cx7906dada65b3] Instantiated an idempotent producer.
2025-08-12 14:48:49,646 INFO  [org.apa.kaf.cli.pro.ProducerConfig] (main) These configurations '[apicurio.registry.find-latest, apicurio.registry.url, apicurio.registry.artifact-resolver-strategy]' were supplied but are not used yet.
2025-08-12 14:48:49,646 INFO  [org.apa.kaf.com.uti.AppInfoParser] (main) Kafka version: 3.9.1
2025-08-12 14:48:49,646 INFO  [org.apa.kaf.com.uti.AppInfoParser] (main) Kafka commitId: f745dfdcee2b9851
2025-08-12 14:48:49,646 INFO  [org.apa.kaf.com.uti.AppInfoParser] (main) Kafka startTimeMs: 1755010129646
2025-08-12 14:48:49,649 INFO  [io.api.tes.ser.api.KafkaSerdesTester] (Thread-612) Sending message {"keyB": "value-0"} to topic sc930d030x6b87x4dcax813cx7906dada65b3
2025-08-12 14:48:49,654 INFO  [org.apa.kaf.cli.Metadata] (kafka-producer-network-thread | Producer-sc930d030x6b87x4dcax813cx7906dada65b3) [Producer clientId=Producer-sc930d030x6b87x4dcax813cx7906dada65b3] Cluster ID: 2kzKdHjlS02ID15h9rF1bw
2025-08-12 14:48:49,656 INFO  [org.apa.kaf.cli.pro.int.TransactionManager] (kafka-producer-network-thread | Producer-sc930d030x6b87x4dcax813cx7906dada65b3) [Producer clientId=Producer-sc930d030x6b87x4dcax813cx7906dada65b3] ProducerId set to 2 with epoch 0
2025-08-12 14:48:49,853 INFO  [org.apa.kaf.cli.pro.KafkaProducer] (Thread-612) [Producer clientId=Producer-sc930d030x6b87x4dcax813cx7906dada65b3] Closing the Kafka producer with timeoutMillis = 9223372036854775807 ms.
2025-08-12 14:48:49,862 INFO  [org.apa.kaf.com.met.Metrics] (Thread-612) Metrics scheduler closed
2025-08-12 14:48:49,862 INFO  [org.apa.kaf.com.met.Metrics] (Thread-612) Closing reporter org.apache.kafka.common.metrics.JmxReporter
2025-08-12 14:48:49,862 INFO  [org.apa.kaf.com.met.Metrics] (Thread-612) Closing reporter org.apache.kafka.common.telemetry.internals.ClientTelemetryReporter
2025-08-12 14:48:49,862 INFO  [org.apa.kaf.com.met.Metrics] (Thread-612) Metrics reporters closed
2025-08-12 14:48:49,862 INFO  [org.apa.kaf.com.uti.AppInfoParser] (Thread-612) App info kafka.producer for Producer-sc930d030x6b87x4dcax813cx7906dada65b3 unregistered
2025-08-12 14:48:49,863 INFO  [io.api.tes.uti.TestSeparator] (main) io.apicurio.tests.serdes.apicurio.AvroSerdeIT.testWrongSchema-FINISHED
2025-08-12 14:48:49,863 INFO  [io.api.tes.uti.TestSeparator] (main) ############################################################################
Test passed: testWrongSchema
]]></system-out>
    <system-err><![CDATA[io.apicurio.registry.rest.client.models.ProblemDetails
	at io.apicurio.registry.rest.client.models.ProblemDetails.createFromDiscriminatorValue(ProblemDetails.java:58)
	at io.kiota.serialization.json.JsonParseNode.getObjectValue(JsonParseNode.java:247)
	at io.kiota.http.vertx.VertXRequestAdapter.lambda$throwIfFailedResponse$0(VertXRequestAdapter.java:400)
	at com.microsoft.kiota.ApiExceptionBuilder.<init>(ApiExceptionBuilder.java:26)
	at io.kiota.http.vertx.VertXRequestAdapter.throwIfFailedResponse(VertXRequestAdapter.java:399)
	at io.kiota.http.vertx.VertXRequestAdapter.send(VertXRequestAdapter.java:170)
	at io.apicurio.registry.rest.client.groups.item.artifacts.item.versions.item.WithVersionExpressionItemRequestBuilder.get(WithVersionExpressionItemRequestBuilder.java:128)
	at io.apicurio.registry.rest.client.groups.item.artifacts.item.versions.item.WithVersionExpressionItemRequestBuilder.get(WithVersionExpressionItemRequestBuilder.java:111)
	at io.apicurio.registry.resolver.client.RegistryClientFacadeImpl.getVersionCoordinatesByGAV(RegistryClientFacadeImpl.java:159)
	at io.apicurio.registry.resolver.DefaultSchemaResolver.resolveByCoordinates(DefaultSchemaResolver.java:352)
	at io.apicurio.registry.resolver.DefaultSchemaResolver.lambda$resolveSchemaByArtifactReferenceCached$6(DefaultSchemaResolver.java:340)
	at io.apicurio.registry.resolver.cache.ERCache.lambda$getValue$0(ERCache.java:174)
	at io.apicurio.registry.resolver.cache.ERCache.retry(ERCache.java:227)
	at io.apicurio.registry.resolver.cache.ERCache.getValue(ERCache.java:173)
	at io.apicurio.registry.resolver.cache.ERCache.getByArtifactCoordinates(ERCache.java:158)
	at io.apicurio.registry.resolver.DefaultSchemaResolver.resolveSchemaByArtifactReferenceCached(DefaultSchemaResolver.java:338)
	at io.apicurio.registry.resolver.DefaultSchemaResolver.resolveSchemaByCoordinates(DefaultSchemaResolver.java:193)
	at io.apicurio.registry.resolver.DefaultSchemaResolver.getSchemaFromRegistry(DefaultSchemaResolver.java:130)
	at io.apicurio.registry.resolver.DefaultSchemaResolver.lambda$resolveSchema$0(DefaultSchemaResolver.java:84)
	at java.base/java.util.Optional.orElseGet(Optional.java:364)
	at io.apicurio.registry.resolver.DefaultSchemaResolver.resolveSchema(DefaultSchemaResolver.java:84)
	at io.apicurio.registry.serde.AbstractSerializer.serializeData(AbstractSerializer.java:62)
	at io.apicurio.registry.serde.KafkaSerializer.serialize(KafkaSerializer.java:77)
	at org.apache.kafka.clients.producer.KafkaProducer.doSend(KafkaProducer.java:1046)
	at org.apache.kafka.clients.producer.KafkaProducer.send(KafkaProducer.java:993)
	at org.apache.kafka.clients.producer.KafkaProducer.send(KafkaProducer.java:875)
	at io.apicurio.tests.serdes.apicurio.KafkaSerdesTester.lambda$produceMessages$3(KafkaSerdesTester.java:138)
	at java.base/java.util.concurrent.CompletableFuture$AsyncSupply.run(CompletableFuture.java:1768)
	at java.base/java.lang.Thread.run(Thread.java:840)
]]></system-err>
  </testcase>
  <testcase name="testAvroJSON" classname="io.apicurio.tests.serdes.apicurio.AvroSerdeIT" time="4.328">
    <system-out><![CDATA[2025-08-12 14:48:49,865 INFO  [io.api.tes.uti.TestSeparator] (main) ############################################################################
2025-08-12 14:48:49,866 INFO  [io.api.tes.uti.TestSeparator] (main) io.apicurio.tests.serdes.apicurio.AvroSerdeIT.testAvroJSON-STARTED
**** Registry Base URL: http://registry-app-inmemory.apps.ci419.apicurio-testing.org:80
2025-08-12 14:48:49,873 INFO  [org.apa.kaf.cli.pro.ProducerConfig] (main) ProducerConfig values: 
	acks = -1
	auto.include.jmx.reporter = true
	batch.size = 16384
	bootstrap.servers = [PLAINTEXT://localhost:32769]
	buffer.memory = 33554432
	client.dns.lookup = use_all_dns_ips
	client.id = Producer-topic-bf429ad9_b33a_42cc_9af7_f95de3c767a1
	compression.gzip.level = -1
	compression.lz4.level = 9
	compression.type = none
	compression.zstd.level = 3
	connections.max.idle.ms = 10000
	delivery.timeout.ms = 120000
	enable.idempotence = true
	enable.metrics.push = true
	interceptor.classes = []
	key.serializer = class org.apache.kafka.common.serialization.StringSerializer
	linger.ms = 0
	max.block.ms = 60000
	max.in.flight.requests.per.connection = 5
	max.request.size = 1048576
	metadata.max.age.ms = 300000
	metadata.max.idle.ms = 300000
	metadata.recovery.strategy = none
	metric.reporters = []
	metrics.num.samples = 2
	metrics.recording.level = INFO
	metrics.sample.window.ms = 30000
	partitioner.adaptive.partitioning.enable = true
	partitioner.availability.timeout.ms = 0
	partitioner.class = null
	partitioner.ignore.keys = false
	receive.buffer.bytes = 32768
	reconnect.backoff.max.ms = 1000
	reconnect.backoff.ms = 50
	request.timeout.ms = 5000
	retries = 2147483647
	retry.backoff.max.ms = 1000
	retry.backoff.ms = 100
	sasl.client.callback.handler.class = null
	sasl.jaas.config = null
	sasl.kerberos.kinit.cmd = /usr/bin/kinit
	sasl.kerberos.min.time.before.relogin = 60000
	sasl.kerberos.service.name = null
	sasl.kerberos.ticket.renew.jitter = 0.05
	sasl.kerberos.ticket.renew.window.factor = 0.8
	sasl.login.callback.handler.class = null
	sasl.login.class = null
	sasl.login.connect.timeout.ms = null
	sasl.login.read.timeout.ms = null
	sasl.login.refresh.buffer.seconds = 300
	sasl.login.refresh.min.period.seconds = 60
	sasl.login.refresh.window.factor = 0.8
	sasl.login.refresh.window.jitter = 0.05
	sasl.login.retry.backoff.max.ms = 10000
	sasl.login.retry.backoff.ms = 100
	sasl.mechanism = GSSAPI
	sasl.oauthbearer.clock.skew.seconds = 30
	sasl.oauthbearer.expected.audience = null
	sasl.oauthbearer.expected.issuer = null
	sasl.oauthbearer.header.urlencode = false
	sasl.oauthbearer.jwks.endpoint.refresh.ms = 3600000
	sasl.oauthbearer.jwks.endpoint.retry.backoff.max.ms = 10000
	sasl.oauthbearer.jwks.endpoint.retry.backoff.ms = 100
	sasl.oauthbearer.jwks.endpoint.url = null
	sasl.oauthbearer.scope.claim.name = scope
	sasl.oauthbearer.sub.claim.name = sub
	sasl.oauthbearer.token.endpoint.url = null
	security.protocol = PLAINTEXT
	security.providers = null
	send.buffer.bytes = 131072
	socket.connection.setup.timeout.max.ms = 30000
	socket.connection.setup.timeout.ms = 10000
	ssl.cipher.suites = null
	ssl.enabled.protocols = [TLSv1.2, TLSv1.3]
	ssl.endpoint.identification.algorithm = https
	ssl.engine.factory.class = null
	ssl.key.password = null
	ssl.keymanager.algorithm = SunX509
	ssl.keystore.certificate.chain = null
	ssl.keystore.key = null
	ssl.keystore.location = null
	ssl.keystore.password = null
	ssl.keystore.type = JKS
	ssl.protocol = TLSv1.3
	ssl.provider = null
	ssl.secure.random.implementation = null
	ssl.trustmanager.algorithm = PKIX
	ssl.truststore.certificates = null
	ssl.truststore.location = null
	ssl.truststore.password = null
	ssl.truststore.type = JKS
	transaction.timeout.ms = 60000
	transactional.id = null
	value.serializer = class io.apicurio.registry.serde.avro.AvroKafkaSerializer

2025-08-12 14:48:49,880 INFO  [org.apa.kaf.com.tel.int.KafkaMetricsCollector] (main) initializing Kafka metrics collector
2025-08-12 14:48:49,888 INFO  [org.apa.kaf.cli.pro.KafkaProducer] (main) [Producer clientId=Producer-topic-bf429ad9_b33a_42cc_9af7_f95de3c767a1] Instantiated an idempotent producer.
2025-08-12 14:48:49,894 INFO  [org.apa.kaf.cli.pro.ProducerConfig] (main) These configurations '[apicurio.registry.avro.encoding, apicurio.registry.url, apicurio.registry.auto-register, apicurio.registry.artifact-resolver-strategy]' were supplied but are not used yet.
2025-08-12 14:48:49,895 INFO  [org.apa.kaf.com.uti.AppInfoParser] (main) Kafka version: 3.9.1
2025-08-12 14:48:49,895 INFO  [org.apa.kaf.com.uti.AppInfoParser] (main) Kafka commitId: f745dfdcee2b9851
2025-08-12 14:48:49,895 INFO  [org.apa.kaf.com.uti.AppInfoParser] (main) Kafka startTimeMs: 1755010129894
2025-08-12 14:48:49,896 INFO  [io.api.tes.ser.api.SimpleSerdesTesterBuilder$SimpleSerdesTester] (main) Using producer configuration: {apicurio.registry.avro.encoding=JSON, apicurio.registry.url=http://registry-app-inmemory.apps.ci419.apicurio-testing.org:80/apis/registry/v3, apicurio.registry.auto-register=true, apicurio.registry.artifact-resolver-strategy=io.apicurio.registry.serde.strategy.TopicIdStrategy, value.serializer=io.apicurio.registry.serde.avro.AvroKafkaSerializer, request.timeout.ms=5000, acks=all, bootstrap.servers=PLAINTEXT://localhost:32769, connections.max.idle.ms=10000, key.serializer=org.apache.kafka.common.serialization.StringSerializer, client.id=Producer-topic-bf429ad9_b33a_42cc_9af7_f95de3c767a1}
2025-08-12 14:48:49,897 INFO  [io.api.tes.ser.api.SimpleSerdesTesterBuilder$SimpleSerdesTester] (main) Using consumer configuration: {apicurio.registry.avro.encoding=JSON}
2025-08-12 14:48:49,897 INFO  [io.api.tes.ser.api.KafkaSerdesTester] (Thread-615) Sending message {"bar": "value-0"} to topic topic-bf429ad9_b33a_42cc_9af7_f95de3c767a1
2025-08-12 14:48:49,906 WARN  [org.apa.kaf.cli.NetworkClient] (kafka-producer-network-thread | Producer-topic-bf429ad9_b33a_42cc_9af7_f95de3c767a1) [Producer clientId=Producer-topic-bf429ad9_b33a_42cc_9af7_f95de3c767a1] The metadata response from the cluster reported a recoverable issue with correlation id 1 : {topic-bf429ad9_b33a_42cc_9af7_f95de3c767a1=UNKNOWN_TOPIC_OR_PARTITION}
2025-08-12 14:48:49,906 INFO  [org.apa.kaf.cli.Metadata] (kafka-producer-network-thread | Producer-topic-bf429ad9_b33a_42cc_9af7_f95de3c767a1) [Producer clientId=Producer-topic-bf429ad9_b33a_42cc_9af7_f95de3c767a1] Cluster ID: 2kzKdHjlS02ID15h9rF1bw
2025-08-12 14:48:49,911 INFO  [org.apa.kaf.cli.pro.int.TransactionManager] (kafka-producer-network-thread | Producer-topic-bf429ad9_b33a_42cc_9af7_f95de3c767a1) [Producer clientId=Producer-topic-bf429ad9_b33a_42cc_9af7_f95de3c767a1] ProducerId set to 3 with epoch 0
2025-08-12 14:48:50,194 INFO  [io.api.tes.ser.api.KafkaSerdesTester] (Thread-615) Sending message {"bar": "value-1"} to topic topic-bf429ad9_b33a_42cc_9af7_f95de3c767a1
2025-08-12 14:48:50,197 INFO  [io.api.tes.ser.api.KafkaSerdesTester] (Thread-615) Sending message {"bar": "value-2"} to topic topic-bf429ad9_b33a_42cc_9af7_f95de3c767a1
2025-08-12 14:48:50,200 INFO  [io.api.tes.ser.api.KafkaSerdesTester] (Thread-615) Sending message {"bar": "value-3"} to topic topic-bf429ad9_b33a_42cc_9af7_f95de3c767a1
2025-08-12 14:48:50,204 INFO  [io.api.tes.ser.api.KafkaSerdesTester] (Thread-615) Sending message {"bar": "value-4"} to topic topic-bf429ad9_b33a_42cc_9af7_f95de3c767a1
2025-08-12 14:48:50,207 INFO  [io.api.tes.ser.api.KafkaSerdesTester] (Thread-615) Sending message {"bar": "value-5"} to topic topic-bf429ad9_b33a_42cc_9af7_f95de3c767a1
2025-08-12 14:48:50,212 INFO  [io.api.tes.ser.api.KafkaSerdesTester] (Thread-615) Sending message {"bar": "value-6"} to topic topic-bf429ad9_b33a_42cc_9af7_f95de3c767a1
2025-08-12 14:48:50,216 INFO  [io.api.tes.ser.api.KafkaSerdesTester] (Thread-615) Sending message {"bar": "value-7"} to topic topic-bf429ad9_b33a_42cc_9af7_f95de3c767a1
2025-08-12 14:48:50,220 INFO  [io.api.tes.ser.api.KafkaSerdesTester] (Thread-615) Sending message {"bar": "value-8"} to topic topic-bf429ad9_b33a_42cc_9af7_f95de3c767a1
2025-08-12 14:48:50,224 INFO  [io.api.tes.ser.api.KafkaSerdesTester] (Thread-615) Sending message {"bar": "value-9"} to topic topic-bf429ad9_b33a_42cc_9af7_f95de3c767a1
2025-08-12 14:48:50,228 INFO  [io.api.tes.ser.api.KafkaSerdesTester] (Thread-615) Produced 10 messages
2025-08-12 14:48:50,229 INFO  [org.apa.kaf.cli.pro.KafkaProducer] (Thread-615) [Producer clientId=Producer-topic-bf429ad9_b33a_42cc_9af7_f95de3c767a1] Closing the Kafka producer with timeoutMillis = 9223372036854775807 ms.
2025-08-12 14:48:50,232 INFO  [org.apa.kaf.com.met.Metrics] (Thread-615) Metrics scheduler closed
2025-08-12 14:48:50,233 INFO  [org.apa.kaf.com.met.Metrics] (Thread-615) Closing reporter org.apache.kafka.common.metrics.JmxReporter
2025-08-12 14:48:50,233 INFO  [org.apa.kaf.com.met.Metrics] (Thread-615) Closing reporter org.apache.kafka.common.telemetry.internals.ClientTelemetryReporter
2025-08-12 14:48:50,233 INFO  [org.apa.kaf.com.met.Metrics] (Thread-615) Metrics reporters closed
2025-08-12 14:48:50,237 INFO  [org.apa.kaf.com.uti.AppInfoParser] (Thread-615) App info kafka.producer for Producer-topic-bf429ad9_b33a_42cc_9af7_f95de3c767a1 unregistered
**** Registry Base URL: http://registry-app-inmemory.apps.ci419.apicurio-testing.org:80
2025-08-12 14:48:50,403 INFO  [org.apa.kaf.cli.con.ConsumerConfig] (main) ConsumerConfig values: 
	allow.auto.create.topics = true
	auto.commit.interval.ms = 500
	auto.include.jmx.reporter = true
	auto.offset.reset = earliest
	bootstrap.servers = [PLAINTEXT://localhost:32769]
	check.crcs = true
	client.dns.lookup = use_all_dns_ips
	client.id = consumer-Consumer-topic-bf429ad9_b33a_42cc_9af7_f95de3c767a1-3
	client.rack = 
	connections.max.idle.ms = 10000
	default.api.timeout.ms = 60000
	enable.auto.commit = true
	enable.metrics.push = true
	exclude.internal.topics = true
	fetch.max.bytes = 52428800
	fetch.max.wait.ms = 500
	fetch.min.bytes = 1
	group.id = Consumer-topic-bf429ad9_b33a_42cc_9af7_f95de3c767a1
	group.instance.id = null
	group.protocol = classic
	group.remote.assignor = null
	heartbeat.interval.ms = 3000
	interceptor.classes = []
	internal.leave.group.on.close = true
	internal.throw.on.fetch.stable.offset.unsupported = false
	isolation.level = read_uncommitted
	key.deserializer = class org.apache.kafka.common.serialization.StringDeserializer
	max.partition.fetch.bytes = 1048576
	max.poll.interval.ms = 300000
	max.poll.records = 500
	metadata.max.age.ms = 300000
	metadata.recovery.strategy = none
	metric.reporters = []
	metrics.num.samples = 2
	metrics.recording.level = INFO
	metrics.sample.window.ms = 30000
	partition.assignment.strategy = [class org.apache.kafka.clients.consumer.RangeAssignor, class org.apache.kafka.clients.consumer.CooperativeStickyAssignor]
	receive.buffer.bytes = 65536
	reconnect.backoff.max.ms = 1000
	reconnect.backoff.ms = 50
	request.timeout.ms = 5000
	retry.backoff.max.ms = 1000
	retry.backoff.ms = 100
	sasl.client.callback.handler.class = null
	sasl.jaas.config = null
	sasl.kerberos.kinit.cmd = /usr/bin/kinit
	sasl.kerberos.min.time.before.relogin = 60000
	sasl.kerberos.service.name = null
	sasl.kerberos.ticket.renew.jitter = 0.05
	sasl.kerberos.ticket.renew.window.factor = 0.8
	sasl.login.callback.handler.class = null
	sasl.login.class = null
	sasl.login.connect.timeout.ms = null
	sasl.login.read.timeout.ms = null
	sasl.login.refresh.buffer.seconds = 300
	sasl.login.refresh.min.period.seconds = 60
	sasl.login.refresh.window.factor = 0.8
	sasl.login.refresh.window.jitter = 0.05
	sasl.login.retry.backoff.max.ms = 10000
	sasl.login.retry.backoff.ms = 100
	sasl.mechanism = GSSAPI
	sasl.oauthbearer.clock.skew.seconds = 30
	sasl.oauthbearer.expected.audience = null
	sasl.oauthbearer.expected.issuer = null
	sasl.oauthbearer.header.urlencode = false
	sasl.oauthbearer.jwks.endpoint.refresh.ms = 3600000
	sasl.oauthbearer.jwks.endpoint.retry.backoff.max.ms = 10000
	sasl.oauthbearer.jwks.endpoint.retry.backoff.ms = 100
	sasl.oauthbearer.jwks.endpoint.url = null
	sasl.oauthbearer.scope.claim.name = scope
	sasl.oauthbearer.sub.claim.name = sub
	sasl.oauthbearer.token.endpoint.url = null
	security.protocol = PLAINTEXT
	security.providers = null
	send.buffer.bytes = 131072
	session.timeout.ms = 45000
	socket.connection.setup.timeout.max.ms = 30000
	socket.connection.setup.timeout.ms = 10000
	ssl.cipher.suites = null
	ssl.enabled.protocols = [TLSv1.2, TLSv1.3]
	ssl.endpoint.identification.algorithm = https
	ssl.engine.factory.class = null
	ssl.key.password = null
	ssl.keymanager.algorithm = SunX509
	ssl.keystore.certificate.chain = null
	ssl.keystore.key = null
	ssl.keystore.location = null
	ssl.keystore.password = null
	ssl.keystore.type = JKS
	ssl.protocol = TLSv1.3
	ssl.provider = null
	ssl.secure.random.implementation = null
	ssl.trustmanager.algorithm = PKIX
	ssl.truststore.certificates = null
	ssl.truststore.location = null
	ssl.truststore.password = null
	ssl.truststore.type = JKS
	value.deserializer = class io.apicurio.registry.serde.avro.AvroKafkaDeserializer

2025-08-12 14:48:50,404 INFO  [org.apa.kaf.com.tel.int.KafkaMetricsCollector] (main) initializing Kafka metrics collector
2025-08-12 14:48:50,412 INFO  [org.apa.kaf.cli.con.ConsumerConfig] (main) These configurations '[apicurio.registry.avro.encoding, apicurio.registry.url]' were supplied but are not used yet.
2025-08-12 14:48:50,413 INFO  [org.apa.kaf.com.uti.AppInfoParser] (main) Kafka version: 3.9.1
2025-08-12 14:48:50,413 INFO  [org.apa.kaf.com.uti.AppInfoParser] (main) Kafka commitId: f745dfdcee2b9851
2025-08-12 14:48:50,413 INFO  [org.apa.kaf.com.uti.AppInfoParser] (main) Kafka startTimeMs: 1755010130412
2025-08-12 14:48:50,413 INFO  [org.apa.kaf.cli.con.int.ClassicKafkaConsumer] (Thread-618) [Consumer clientId=consumer-Consumer-topic-bf429ad9_b33a_42cc_9af7_f95de3c767a1-3, groupId=Consumer-topic-bf429ad9_b33a_42cc_9af7_f95de3c767a1] Subscribed to topic(s): topic-bf429ad9_b33a_42cc_9af7_f95de3c767a1
2025-08-12 14:48:50,422 INFO  [org.apa.kaf.cli.Metadata] (Thread-618) [Consumer clientId=consumer-Consumer-topic-bf429ad9_b33a_42cc_9af7_f95de3c767a1-3, groupId=Consumer-topic-bf429ad9_b33a_42cc_9af7_f95de3c767a1] Cluster ID: 2kzKdHjlS02ID15h9rF1bw
2025-08-12 14:48:50,422 INFO  [org.apa.kaf.cli.con.int.ConsumerCoordinator] (Thread-618) [Consumer clientId=consumer-Consumer-topic-bf429ad9_b33a_42cc_9af7_f95de3c767a1-3, groupId=Consumer-topic-bf429ad9_b33a_42cc_9af7_f95de3c767a1] Discovered group coordinator localhost:32769 (id: 2147483647 rack: null)
2025-08-12 14:48:50,426 INFO  [org.apa.kaf.cli.con.int.ConsumerCoordinator] (Thread-618) [Consumer clientId=consumer-Consumer-topic-bf429ad9_b33a_42cc_9af7_f95de3c767a1-3, groupId=Consumer-topic-bf429ad9_b33a_42cc_9af7_f95de3c767a1] (Re-)joining group
2025-08-12 14:48:50,430 INFO  [org.apa.kaf.cli.con.int.ConsumerCoordinator] (Thread-618) [Consumer clientId=consumer-Consumer-topic-bf429ad9_b33a_42cc_9af7_f95de3c767a1-3, groupId=Consumer-topic-bf429ad9_b33a_42cc_9af7_f95de3c767a1] Request joining group due to: need to re-join with the given member-id: consumer-Consumer-topic-bf429ad9_b33a_42cc_9af7_f95de3c767a1-3-d3833aae-8724-4171-9bed-dd6b6fe2dbf2
2025-08-12 14:48:50,430 INFO  [org.apa.kaf.cli.con.int.ConsumerCoordinator] (Thread-618) [Consumer clientId=consumer-Consumer-topic-bf429ad9_b33a_42cc_9af7_f95de3c767a1-3, groupId=Consumer-topic-bf429ad9_b33a_42cc_9af7_f95de3c767a1] (Re-)joining group
2025-08-12 14:48:51,414 INFO  [io.api.tes.ser.api.KafkaSerdesTester] (Thread-618) None found
2025-08-12 14:48:52,414 INFO  [io.api.tes.ser.api.KafkaSerdesTester] (Thread-618) None found
2025-08-12 14:48:53,415 INFO  [io.api.tes.ser.api.KafkaSerdesTester] (Thread-618) None found
2025-08-12 14:48:53,433 INFO  [org.apa.kaf.cli.con.int.ConsumerCoordinator] (Thread-618) [Consumer clientId=consumer-Consumer-topic-bf429ad9_b33a_42cc_9af7_f95de3c767a1-3, groupId=Consumer-topic-bf429ad9_b33a_42cc_9af7_f95de3c767a1] Successfully joined group with generation Generation{generationId=1, memberId='consumer-Consumer-topic-bf429ad9_b33a_42cc_9af7_f95de3c767a1-3-d3833aae-8724-4171-9bed-dd6b6fe2dbf2', protocol='range'}
2025-08-12 14:48:53,433 INFO  [org.apa.kaf.cli.con.int.ConsumerCoordinator] (Thread-618) [Consumer clientId=consumer-Consumer-topic-bf429ad9_b33a_42cc_9af7_f95de3c767a1-3, groupId=Consumer-topic-bf429ad9_b33a_42cc_9af7_f95de3c767a1] Finished assignment for group at generation 1: {consumer-Consumer-topic-bf429ad9_b33a_42cc_9af7_f95de3c767a1-3-d3833aae-8724-4171-9bed-dd6b6fe2dbf2=Assignment(partitions=[topic-bf429ad9_b33a_42cc_9af7_f95de3c767a1-0])}
2025-08-12 14:48:53,441 INFO  [org.apa.kaf.cli.con.int.ConsumerCoordinator] (Thread-618) [Consumer clientId=consumer-Consumer-topic-bf429ad9_b33a_42cc_9af7_f95de3c767a1-3, groupId=Consumer-topic-bf429ad9_b33a_42cc_9af7_f95de3c767a1] Successfully synced group in generation Generation{generationId=1, memberId='consumer-Consumer-topic-bf429ad9_b33a_42cc_9af7_f95de3c767a1-3-d3833aae-8724-4171-9bed-dd6b6fe2dbf2', protocol='range'}
2025-08-12 14:48:53,442 INFO  [org.apa.kaf.cli.con.int.ConsumerCoordinator] (Thread-618) [Consumer clientId=consumer-Consumer-topic-bf429ad9_b33a_42cc_9af7_f95de3c767a1-3, groupId=Consumer-topic-bf429ad9_b33a_42cc_9af7_f95de3c767a1] Notifying assignor about the new Assignment(partitions=[topic-bf429ad9_b33a_42cc_9af7_f95de3c767a1-0])
2025-08-12 14:48:53,442 INFO  [org.apa.kaf.cli.con.int.ConsumerRebalanceListenerInvoker] (Thread-618) [Consumer clientId=consumer-Consumer-topic-bf429ad9_b33a_42cc_9af7_f95de3c767a1-3, groupId=Consumer-topic-bf429ad9_b33a_42cc_9af7_f95de3c767a1] Adding newly assigned partitions: topic-bf429ad9_b33a_42cc_9af7_f95de3c767a1-0
2025-08-12 14:48:53,443 INFO  [org.apa.kaf.cli.con.int.ConsumerCoordinator] (Thread-618) [Consumer clientId=consumer-Consumer-topic-bf429ad9_b33a_42cc_9af7_f95de3c767a1-3, groupId=Consumer-topic-bf429ad9_b33a_42cc_9af7_f95de3c767a1] Found no committed offset for partition topic-bf429ad9_b33a_42cc_9af7_f95de3c767a1-0
2025-08-12 14:48:53,451 INFO  [org.apa.kaf.cli.con.int.SubscriptionState] (Thread-618) [Consumer clientId=consumer-Consumer-topic-bf429ad9_b33a_42cc_9af7_f95de3c767a1-3, groupId=Consumer-topic-bf429ad9_b33a_42cc_9af7_f95de3c767a1] Resetting offset for partition topic-bf429ad9_b33a_42cc_9af7_f95de3c767a1-0 to position FetchPosition{offset=0, offsetEpoch=Optional.empty, currentLeader=LeaderAndEpoch{leader=Optional[localhost:32769 (id: 0 rack: null)], epoch=0}}.
2025-08-12 14:48:53,684 INFO  [io.api.tes.ser.api.KafkaSerdesTester] (Thread-618) topic-bf429ad9_b33a_42cc_9af7_f95de3c767a1 0 0 {"bar": "value-0"}
2025-08-12 14:48:53,684 INFO  [io.api.tes.ser.api.KafkaSerdesTester] (Thread-618) topic-bf429ad9_b33a_42cc_9af7_f95de3c767a1 0 1 {"bar": "value-1"}
2025-08-12 14:48:53,684 INFO  [io.api.tes.ser.api.KafkaSerdesTester] (Thread-618) topic-bf429ad9_b33a_42cc_9af7_f95de3c767a1 0 2 {"bar": "value-2"}
2025-08-12 14:48:53,684 INFO  [io.api.tes.ser.api.KafkaSerdesTester] (Thread-618) topic-bf429ad9_b33a_42cc_9af7_f95de3c767a1 0 3 {"bar": "value-3"}
2025-08-12 14:48:53,684 INFO  [io.api.tes.ser.api.KafkaSerdesTester] (Thread-618) topic-bf429ad9_b33a_42cc_9af7_f95de3c767a1 0 4 {"bar": "value-4"}
2025-08-12 14:48:53,685 INFO  [io.api.tes.ser.api.KafkaSerdesTester] (Thread-618) topic-bf429ad9_b33a_42cc_9af7_f95de3c767a1 0 5 {"bar": "value-5"}
2025-08-12 14:48:53,685 INFO  [io.api.tes.ser.api.KafkaSerdesTester] (Thread-618) topic-bf429ad9_b33a_42cc_9af7_f95de3c767a1 0 6 {"bar": "value-6"}
2025-08-12 14:48:53,685 INFO  [io.api.tes.ser.api.KafkaSerdesTester] (Thread-618) topic-bf429ad9_b33a_42cc_9af7_f95de3c767a1 0 7 {"bar": "value-7"}
2025-08-12 14:48:53,685 INFO  [io.api.tes.ser.api.KafkaSerdesTester] (Thread-618) topic-bf429ad9_b33a_42cc_9af7_f95de3c767a1 0 8 {"bar": "value-8"}
2025-08-12 14:48:53,685 INFO  [io.api.tes.ser.api.KafkaSerdesTester] (Thread-618) topic-bf429ad9_b33a_42cc_9af7_f95de3c767a1 0 9 {"bar": "value-9"}
2025-08-12 14:48:53,685 INFO  [io.api.tes.ser.api.KafkaSerdesTester] (Thread-618) Consumed 10 messages
2025-08-12 14:48:53,693 INFO  [org.apa.kaf.cli.con.int.ConsumerRebalanceListenerInvoker] (Thread-618) [Consumer clientId=consumer-Consumer-topic-bf429ad9_b33a_42cc_9af7_f95de3c767a1-3, groupId=Consumer-topic-bf429ad9_b33a_42cc_9af7_f95de3c767a1] Revoke previously assigned partitions topic-bf429ad9_b33a_42cc_9af7_f95de3c767a1-0
2025-08-12 14:48:53,693 INFO  [org.apa.kaf.cli.con.int.ConsumerCoordinator] (Thread-618) [Consumer clientId=consumer-Consumer-topic-bf429ad9_b33a_42cc_9af7_f95de3c767a1-3, groupId=Consumer-topic-bf429ad9_b33a_42cc_9af7_f95de3c767a1] Member consumer-Consumer-topic-bf429ad9_b33a_42cc_9af7_f95de3c767a1-3-d3833aae-8724-4171-9bed-dd6b6fe2dbf2 sending LeaveGroup request to coordinator localhost:32769 (id: 2147483647 rack: null) due to the consumer is being closed
2025-08-12 14:48:53,694 INFO  [org.apa.kaf.cli.con.int.ConsumerCoordinator] (Thread-618) [Consumer clientId=consumer-Consumer-topic-bf429ad9_b33a_42cc_9af7_f95de3c767a1-3, groupId=Consumer-topic-bf429ad9_b33a_42cc_9af7_f95de3c767a1] Resetting generation and member id due to: consumer pro-actively leaving the group
2025-08-12 14:48:53,694 INFO  [org.apa.kaf.cli.con.int.ConsumerCoordinator] (Thread-618) [Consumer clientId=consumer-Consumer-topic-bf429ad9_b33a_42cc_9af7_f95de3c767a1-3, groupId=Consumer-topic-bf429ad9_b33a_42cc_9af7_f95de3c767a1] Request joining group due to: consumer pro-actively leaving the group
2025-08-12 14:48:54,187 INFO  [org.apa.kaf.com.met.Metrics] (Thread-618) Metrics scheduler closed
2025-08-12 14:48:54,187 INFO  [org.apa.kaf.com.met.Metrics] (Thread-618) Closing reporter org.apache.kafka.common.metrics.JmxReporter
2025-08-12 14:48:54,187 INFO  [org.apa.kaf.com.met.Metrics] (Thread-618) Closing reporter org.apache.kafka.common.telemetry.internals.ClientTelemetryReporter
2025-08-12 14:48:54,187 INFO  [org.apa.kaf.com.met.Metrics] (Thread-618) Metrics reporters closed
2025-08-12 14:48:54,191 INFO  [org.apa.kaf.com.uti.AppInfoParser] (Thread-618) App info kafka.consumer for consumer-Consumer-topic-bf429ad9_b33a_42cc_9af7_f95de3c767a1-3 unregistered
2025-08-12 14:48:54,191 INFO  [io.api.tes.uti.TestSeparator] (main) io.apicurio.tests.serdes.apicurio.AvroSerdeIT.testAvroJSON-FINISHED
2025-08-12 14:48:54,191 INFO  [io.api.tes.uti.TestSeparator] (main) ############################################################################
Test passed: testAvroJSON
]]></system-out>
  </testcase>
  <testcase name="testTopicIdStrategyAutoRegister" classname="io.apicurio.tests.serdes.apicurio.AvroSerdeIT" time="4.467">
    <system-out><![CDATA[2025-08-12 14:48:54,196 INFO  [io.api.tes.uti.TestSeparator] (main) ############################################################################
2025-08-12 14:48:54,196 INFO  [io.api.tes.uti.TestSeparator] (main) io.apicurio.tests.serdes.apicurio.AvroSerdeIT.testTopicIdStrategyAutoRegister-STARTED
**** Registry Base URL: http://registry-app-inmemory.apps.ci419.apicurio-testing.org:80
2025-08-12 14:48:54,203 INFO  [org.apa.kaf.cli.pro.ProducerConfig] (main) ProducerConfig values: 
	acks = -1
	auto.include.jmx.reporter = true
	batch.size = 16384
	bootstrap.servers = [PLAINTEXT://localhost:32769]
	buffer.memory = 33554432
	client.dns.lookup = use_all_dns_ips
	client.id = Producer-topic-a47c5005_f610_4c22_8d52_578f27c4e184
	compression.gzip.level = -1
	compression.lz4.level = 9
	compression.type = none
	compression.zstd.level = 3
	connections.max.idle.ms = 10000
	delivery.timeout.ms = 120000
	enable.idempotence = true
	enable.metrics.push = true
	interceptor.classes = []
	key.serializer = class org.apache.kafka.common.serialization.StringSerializer
	linger.ms = 0
	max.block.ms = 60000
	max.in.flight.requests.per.connection = 5
	max.request.size = 1048576
	metadata.max.age.ms = 300000
	metadata.max.idle.ms = 300000
	metadata.recovery.strategy = none
	metric.reporters = []
	metrics.num.samples = 2
	metrics.recording.level = INFO
	metrics.sample.window.ms = 30000
	partitioner.adaptive.partitioning.enable = true
	partitioner.availability.timeout.ms = 0
	partitioner.class = null
	partitioner.ignore.keys = false
	receive.buffer.bytes = 32768
	reconnect.backoff.max.ms = 1000
	reconnect.backoff.ms = 50
	request.timeout.ms = 5000
	retries = 2147483647
	retry.backoff.max.ms = 1000
	retry.backoff.ms = 100
	sasl.client.callback.handler.class = null
	sasl.jaas.config = null
	sasl.kerberos.kinit.cmd = /usr/bin/kinit
	sasl.kerberos.min.time.before.relogin = 60000
	sasl.kerberos.service.name = null
	sasl.kerberos.ticket.renew.jitter = 0.05
	sasl.kerberos.ticket.renew.window.factor = 0.8
	sasl.login.callback.handler.class = null
	sasl.login.class = null
	sasl.login.connect.timeout.ms = null
	sasl.login.read.timeout.ms = null
	sasl.login.refresh.buffer.seconds = 300
	sasl.login.refresh.min.period.seconds = 60
	sasl.login.refresh.window.factor = 0.8
	sasl.login.refresh.window.jitter = 0.05
	sasl.login.retry.backoff.max.ms = 10000
	sasl.login.retry.backoff.ms = 100
	sasl.mechanism = GSSAPI
	sasl.oauthbearer.clock.skew.seconds = 30
	sasl.oauthbearer.expected.audience = null
	sasl.oauthbearer.expected.issuer = null
	sasl.oauthbearer.header.urlencode = false
	sasl.oauthbearer.jwks.endpoint.refresh.ms = 3600000
	sasl.oauthbearer.jwks.endpoint.retry.backoff.max.ms = 10000
	sasl.oauthbearer.jwks.endpoint.retry.backoff.ms = 100
	sasl.oauthbearer.jwks.endpoint.url = null
	sasl.oauthbearer.scope.claim.name = scope
	sasl.oauthbearer.sub.claim.name = sub
	sasl.oauthbearer.token.endpoint.url = null
	security.protocol = PLAINTEXT
	security.providers = null
	send.buffer.bytes = 131072
	socket.connection.setup.timeout.max.ms = 30000
	socket.connection.setup.timeout.ms = 10000
	ssl.cipher.suites = null
	ssl.enabled.protocols = [TLSv1.2, TLSv1.3]
	ssl.endpoint.identification.algorithm = https
	ssl.engine.factory.class = null
	ssl.key.password = null
	ssl.keymanager.algorithm = SunX509
	ssl.keystore.certificate.chain = null
	ssl.keystore.key = null
	ssl.keystore.location = null
	ssl.keystore.password = null
	ssl.keystore.type = JKS
	ssl.protocol = TLSv1.3
	ssl.provider = null
	ssl.secure.random.implementation = null
	ssl.trustmanager.algorithm = PKIX
	ssl.truststore.certificates = null
	ssl.truststore.location = null
	ssl.truststore.password = null
	ssl.truststore.type = JKS
	transaction.timeout.ms = 60000
	transactional.id = null
	value.serializer = class io.apicurio.registry.serde.avro.AvroKafkaSerializer

2025-08-12 14:48:54,204 INFO  [org.apa.kaf.com.tel.int.KafkaMetricsCollector] (main) initializing Kafka metrics collector
2025-08-12 14:48:54,208 INFO  [org.apa.kaf.cli.pro.KafkaProducer] (main) [Producer clientId=Producer-topic-a47c5005_f610_4c22_8d52_578f27c4e184] Instantiated an idempotent producer.
2025-08-12 14:48:54,210 INFO  [org.apa.kaf.cli.pro.ProducerConfig] (main) These configurations '[apicurio.registry.url, apicurio.registry.auto-register, apicurio.registry.artifact-resolver-strategy]' were supplied but are not used yet.
2025-08-12 14:48:54,210 INFO  [org.apa.kaf.com.uti.AppInfoParser] (main) Kafka version: 3.9.1
2025-08-12 14:48:54,210 INFO  [org.apa.kaf.com.uti.AppInfoParser] (main) Kafka commitId: f745dfdcee2b9851
2025-08-12 14:48:54,210 INFO  [org.apa.kaf.com.uti.AppInfoParser] (main) Kafka startTimeMs: 1755010134210
2025-08-12 14:48:54,211 INFO  [io.api.tes.ser.api.SimpleSerdesTesterBuilder$SimpleSerdesTester] (main) Using producer configuration: {apicurio.registry.url=http://registry-app-inmemory.apps.ci419.apicurio-testing.org:80/apis/registry/v3, apicurio.registry.auto-register=true, apicurio.registry.artifact-resolver-strategy=io.apicurio.registry.serde.strategy.TopicIdStrategy, value.serializer=io.apicurio.registry.serde.avro.AvroKafkaSerializer, request.timeout.ms=5000, acks=all, bootstrap.servers=PLAINTEXT://localhost:32769, connections.max.idle.ms=10000, key.serializer=org.apache.kafka.common.serialization.StringSerializer, client.id=Producer-topic-a47c5005_f610_4c22_8d52_578f27c4e184}
2025-08-12 14:48:54,211 INFO  [io.api.tes.ser.api.SimpleSerdesTesterBuilder$SimpleSerdesTester] (main) Using consumer configuration: {}
2025-08-12 14:48:54,216 INFO  [io.api.tes.ser.api.KafkaSerdesTester] (Thread-621) Sending message {"key11755010134197": "value-0"} to topic topic-a47c5005_f610_4c22_8d52_578f27c4e184
2025-08-12 14:48:54,220 WARN  [org.apa.kaf.cli.NetworkClient] (kafka-producer-network-thread | Producer-topic-a47c5005_f610_4c22_8d52_578f27c4e184) [Producer clientId=Producer-topic-a47c5005_f610_4c22_8d52_578f27c4e184] The metadata response from the cluster reported a recoverable issue with correlation id 1 : {topic-a47c5005_f610_4c22_8d52_578f27c4e184=UNKNOWN_TOPIC_OR_PARTITION}
2025-08-12 14:48:54,220 INFO  [org.apa.kaf.cli.Metadata] (kafka-producer-network-thread | Producer-topic-a47c5005_f610_4c22_8d52_578f27c4e184) [Producer clientId=Producer-topic-a47c5005_f610_4c22_8d52_578f27c4e184] Cluster ID: 2kzKdHjlS02ID15h9rF1bw
2025-08-12 14:48:54,221 INFO  [org.apa.kaf.cli.pro.int.TransactionManager] (kafka-producer-network-thread | Producer-topic-a47c5005_f610_4c22_8d52_578f27c4e184) [Producer clientId=Producer-topic-a47c5005_f610_4c22_8d52_578f27c4e184] ProducerId set to 4 with epoch 0
2025-08-12 14:48:54,513 INFO  [io.api.tes.ser.api.KafkaSerdesTester] (Thread-621) Sending message {"key11755010134197": "value-1"} to topic topic-a47c5005_f610_4c22_8d52_578f27c4e184
2025-08-12 14:48:54,516 INFO  [io.api.tes.ser.api.KafkaSerdesTester] (Thread-621) Sending message {"key11755010134197": "value-2"} to topic topic-a47c5005_f610_4c22_8d52_578f27c4e184
2025-08-12 14:48:54,518 INFO  [io.api.tes.ser.api.KafkaSerdesTester] (Thread-621) Sending message {"key11755010134197": "value-3"} to topic topic-a47c5005_f610_4c22_8d52_578f27c4e184
2025-08-12 14:48:54,521 INFO  [io.api.tes.ser.api.KafkaSerdesTester] (Thread-621) Sending message {"key11755010134197": "value-4"} to topic topic-a47c5005_f610_4c22_8d52_578f27c4e184
2025-08-12 14:48:54,524 INFO  [io.api.tes.ser.api.KafkaSerdesTester] (Thread-621) Sending message {"key11755010134197": "value-5"} to topic topic-a47c5005_f610_4c22_8d52_578f27c4e184
2025-08-12 14:48:54,526 INFO  [io.api.tes.ser.api.KafkaSerdesTester] (Thread-621) Sending message {"key11755010134197": "value-6"} to topic topic-a47c5005_f610_4c22_8d52_578f27c4e184
2025-08-12 14:48:54,529 INFO  [io.api.tes.ser.api.KafkaSerdesTester] (Thread-621) Sending message {"key11755010134197": "value-7"} to topic topic-a47c5005_f610_4c22_8d52_578f27c4e184
2025-08-12 14:48:54,531 INFO  [io.api.tes.ser.api.KafkaSerdesTester] (Thread-621) Sending message {"key11755010134197": "value-8"} to topic topic-a47c5005_f610_4c22_8d52_578f27c4e184
2025-08-12 14:48:54,533 INFO  [io.api.tes.ser.api.KafkaSerdesTester] (Thread-621) Sending message {"key11755010134197": "value-9"} to topic topic-a47c5005_f610_4c22_8d52_578f27c4e184
2025-08-12 14:48:54,536 INFO  [io.api.tes.ser.api.KafkaSerdesTester] (Thread-621) Produced 10 messages
2025-08-12 14:48:54,536 INFO  [org.apa.kaf.cli.pro.KafkaProducer] (Thread-621) [Producer clientId=Producer-topic-a47c5005_f610_4c22_8d52_578f27c4e184] Closing the Kafka producer with timeoutMillis = 9223372036854775807 ms.
2025-08-12 14:48:54,540 INFO  [org.apa.kaf.com.met.Metrics] (Thread-621) Metrics scheduler closed
2025-08-12 14:48:54,540 INFO  [org.apa.kaf.com.met.Metrics] (Thread-621) Closing reporter org.apache.kafka.common.metrics.JmxReporter
2025-08-12 14:48:54,540 INFO  [org.apa.kaf.com.met.Metrics] (Thread-621) Closing reporter org.apache.kafka.common.telemetry.internals.ClientTelemetryReporter
2025-08-12 14:48:54,540 INFO  [org.apa.kaf.com.met.Metrics] (Thread-621) Metrics reporters closed
2025-08-12 14:48:54,540 INFO  [org.apa.kaf.com.uti.AppInfoParser] (Thread-621) App info kafka.producer for Producer-topic-a47c5005_f610_4c22_8d52_578f27c4e184 unregistered
**** Registry Base URL: http://registry-app-inmemory.apps.ci419.apicurio-testing.org:80
2025-08-12 14:48:54,703 INFO  [org.apa.kaf.cli.con.ConsumerConfig] (main) ConsumerConfig values: 
	allow.auto.create.topics = true
	auto.commit.interval.ms = 500
	auto.include.jmx.reporter = true
	auto.offset.reset = earliest
	bootstrap.servers = [PLAINTEXT://localhost:32769]
	check.crcs = true
	client.dns.lookup = use_all_dns_ips
	client.id = consumer-Consumer-topic-a47c5005_f610_4c22_8d52_578f27c4e184-4
	client.rack = 
	connections.max.idle.ms = 10000
	default.api.timeout.ms = 60000
	enable.auto.commit = true
	enable.metrics.push = true
	exclude.internal.topics = true
	fetch.max.bytes = 52428800
	fetch.max.wait.ms = 500
	fetch.min.bytes = 1
	group.id = Consumer-topic-a47c5005_f610_4c22_8d52_578f27c4e184
	group.instance.id = null
	group.protocol = classic
	group.remote.assignor = null
	heartbeat.interval.ms = 3000
	interceptor.classes = []
	internal.leave.group.on.close = true
	internal.throw.on.fetch.stable.offset.unsupported = false
	isolation.level = read_uncommitted
	key.deserializer = class org.apache.kafka.common.serialization.StringDeserializer
	max.partition.fetch.bytes = 1048576
	max.poll.interval.ms = 300000
	max.poll.records = 500
	metadata.max.age.ms = 300000
	metadata.recovery.strategy = none
	metric.reporters = []
	metrics.num.samples = 2
	metrics.recording.level = INFO
	metrics.sample.window.ms = 30000
	partition.assignment.strategy = [class org.apache.kafka.clients.consumer.RangeAssignor, class org.apache.kafka.clients.consumer.CooperativeStickyAssignor]
	receive.buffer.bytes = 65536
	reconnect.backoff.max.ms = 1000
	reconnect.backoff.ms = 50
	request.timeout.ms = 5000
	retry.backoff.max.ms = 1000
	retry.backoff.ms = 100
	sasl.client.callback.handler.class = null
	sasl.jaas.config = null
	sasl.kerberos.kinit.cmd = /usr/bin/kinit
	sasl.kerberos.min.time.before.relogin = 60000
	sasl.kerberos.service.name = null
	sasl.kerberos.ticket.renew.jitter = 0.05
	sasl.kerberos.ticket.renew.window.factor = 0.8
	sasl.login.callback.handler.class = null
	sasl.login.class = null
	sasl.login.connect.timeout.ms = null
	sasl.login.read.timeout.ms = null
	sasl.login.refresh.buffer.seconds = 300
	sasl.login.refresh.min.period.seconds = 60
	sasl.login.refresh.window.factor = 0.8
	sasl.login.refresh.window.jitter = 0.05
	sasl.login.retry.backoff.max.ms = 10000
	sasl.login.retry.backoff.ms = 100
	sasl.mechanism = GSSAPI
	sasl.oauthbearer.clock.skew.seconds = 30
	sasl.oauthbearer.expected.audience = null
	sasl.oauthbearer.expected.issuer = null
	sasl.oauthbearer.header.urlencode = false
	sasl.oauthbearer.jwks.endpoint.refresh.ms = 3600000
	sasl.oauthbearer.jwks.endpoint.retry.backoff.max.ms = 10000
	sasl.oauthbearer.jwks.endpoint.retry.backoff.ms = 100
	sasl.oauthbearer.jwks.endpoint.url = null
	sasl.oauthbearer.scope.claim.name = scope
	sasl.oauthbearer.sub.claim.name = sub
	sasl.oauthbearer.token.endpoint.url = null
	security.protocol = PLAINTEXT
	security.providers = null
	send.buffer.bytes = 131072
	session.timeout.ms = 45000
	socket.connection.setup.timeout.max.ms = 30000
	socket.connection.setup.timeout.ms = 10000
	ssl.cipher.suites = null
	ssl.enabled.protocols = [TLSv1.2, TLSv1.3]
	ssl.endpoint.identification.algorithm = https
	ssl.engine.factory.class = null
	ssl.key.password = null
	ssl.keymanager.algorithm = SunX509
	ssl.keystore.certificate.chain = null
	ssl.keystore.key = null
	ssl.keystore.location = null
	ssl.keystore.password = null
	ssl.keystore.type = JKS
	ssl.protocol = TLSv1.3
	ssl.provider = null
	ssl.secure.random.implementation = null
	ssl.trustmanager.algorithm = PKIX
	ssl.truststore.certificates = null
	ssl.truststore.location = null
	ssl.truststore.password = null
	ssl.truststore.type = JKS
	value.deserializer = class io.apicurio.registry.serde.avro.AvroKafkaDeserializer

2025-08-12 14:48:54,703 INFO  [org.apa.kaf.com.tel.int.KafkaMetricsCollector] (main) initializing Kafka metrics collector
2025-08-12 14:48:54,713 INFO  [org.apa.kaf.cli.con.ConsumerConfig] (main) These configurations '[apicurio.registry.url]' were supplied but are not used yet.
2025-08-12 14:48:54,713 INFO  [org.apa.kaf.com.uti.AppInfoParser] (main) Kafka version: 3.9.1
2025-08-12 14:48:54,713 INFO  [org.apa.kaf.com.uti.AppInfoParser] (main) Kafka commitId: f745dfdcee2b9851
2025-08-12 14:48:54,713 INFO  [org.apa.kaf.com.uti.AppInfoParser] (main) Kafka startTimeMs: 1755010134713
2025-08-12 14:48:54,713 INFO  [org.apa.kaf.cli.con.int.ClassicKafkaConsumer] (Thread-624) [Consumer clientId=consumer-Consumer-topic-a47c5005_f610_4c22_8d52_578f27c4e184-4, groupId=Consumer-topic-a47c5005_f610_4c22_8d52_578f27c4e184] Subscribed to topic(s): topic-a47c5005_f610_4c22_8d52_578f27c4e184
2025-08-12 14:48:54,725 INFO  [org.apa.kaf.cli.Metadata] (Thread-624) [Consumer clientId=consumer-Consumer-topic-a47c5005_f610_4c22_8d52_578f27c4e184-4, groupId=Consumer-topic-a47c5005_f610_4c22_8d52_578f27c4e184] Cluster ID: 2kzKdHjlS02ID15h9rF1bw
2025-08-12 14:48:54,728 INFO  [org.apa.kaf.cli.con.int.ConsumerCoordinator] (Thread-624) [Consumer clientId=consumer-Consumer-topic-a47c5005_f610_4c22_8d52_578f27c4e184-4, groupId=Consumer-topic-a47c5005_f610_4c22_8d52_578f27c4e184] Discovered group coordinator localhost:32769 (id: 2147483647 rack: null)
2025-08-12 14:48:54,732 INFO  [org.apa.kaf.cli.con.int.ConsumerCoordinator] (Thread-624) [Consumer clientId=consumer-Consumer-topic-a47c5005_f610_4c22_8d52_578f27c4e184-4, groupId=Consumer-topic-a47c5005_f610_4c22_8d52_578f27c4e184] (Re-)joining group
2025-08-12 14:48:54,734 INFO  [org.apa.kaf.cli.con.int.ConsumerCoordinator] (Thread-624) [Consumer clientId=consumer-Consumer-topic-a47c5005_f610_4c22_8d52_578f27c4e184-4, groupId=Consumer-topic-a47c5005_f610_4c22_8d52_578f27c4e184] Request joining group due to: need to re-join with the given member-id: consumer-Consumer-topic-a47c5005_f610_4c22_8d52_578f27c4e184-4-89e90a94-ea4f-4d80-8c2a-660ad10af51e
2025-08-12 14:48:54,735 INFO  [org.apa.kaf.cli.con.int.ConsumerCoordinator] (Thread-624) [Consumer clientId=consumer-Consumer-topic-a47c5005_f610_4c22_8d52_578f27c4e184-4, groupId=Consumer-topic-a47c5005_f610_4c22_8d52_578f27c4e184] (Re-)joining group
2025-08-12 14:48:55,715 INFO  [io.api.tes.ser.api.KafkaSerdesTester] (Thread-624) None found
2025-08-12 14:48:56,715 INFO  [io.api.tes.ser.api.KafkaSerdesTester] (Thread-624) None found
2025-08-12 14:48:57,715 INFO  [io.api.tes.ser.api.KafkaSerdesTester] (Thread-624) None found
2025-08-12 14:48:57,737 INFO  [org.apa.kaf.cli.con.int.ConsumerCoordinator] (Thread-624) [Consumer clientId=consumer-Consumer-topic-a47c5005_f610_4c22_8d52_578f27c4e184-4, groupId=Consumer-topic-a47c5005_f610_4c22_8d52_578f27c4e184] Successfully joined group with generation Generation{generationId=1, memberId='consumer-Consumer-topic-a47c5005_f610_4c22_8d52_578f27c4e184-4-89e90a94-ea4f-4d80-8c2a-660ad10af51e', protocol='range'}
2025-08-12 14:48:57,738 INFO  [org.apa.kaf.cli.con.int.ConsumerCoordinator] (Thread-624) [Consumer clientId=consumer-Consumer-topic-a47c5005_f610_4c22_8d52_578f27c4e184-4, groupId=Consumer-topic-a47c5005_f610_4c22_8d52_578f27c4e184] Finished assignment for group at generation 1: {consumer-Consumer-topic-a47c5005_f610_4c22_8d52_578f27c4e184-4-89e90a94-ea4f-4d80-8c2a-660ad10af51e=Assignment(partitions=[topic-a47c5005_f610_4c22_8d52_578f27c4e184-0])}
2025-08-12 14:48:57,745 INFO  [org.apa.kaf.cli.con.int.ConsumerCoordinator] (Thread-624) [Consumer clientId=consumer-Consumer-topic-a47c5005_f610_4c22_8d52_578f27c4e184-4, groupId=Consumer-topic-a47c5005_f610_4c22_8d52_578f27c4e184] Successfully synced group in generation Generation{generationId=1, memberId='consumer-Consumer-topic-a47c5005_f610_4c22_8d52_578f27c4e184-4-89e90a94-ea4f-4d80-8c2a-660ad10af51e', protocol='range'}
2025-08-12 14:48:57,746 INFO  [org.apa.kaf.cli.con.int.ConsumerCoordinator] (Thread-624) [Consumer clientId=consumer-Consumer-topic-a47c5005_f610_4c22_8d52_578f27c4e184-4, groupId=Consumer-topic-a47c5005_f610_4c22_8d52_578f27c4e184] Notifying assignor about the new Assignment(partitions=[topic-a47c5005_f610_4c22_8d52_578f27c4e184-0])
2025-08-12 14:48:57,746 INFO  [org.apa.kaf.cli.con.int.ConsumerRebalanceListenerInvoker] (Thread-624) [Consumer clientId=consumer-Consumer-topic-a47c5005_f610_4c22_8d52_578f27c4e184-4, groupId=Consumer-topic-a47c5005_f610_4c22_8d52_578f27c4e184] Adding newly assigned partitions: topic-a47c5005_f610_4c22_8d52_578f27c4e184-0
2025-08-12 14:48:57,747 INFO  [org.apa.kaf.cli.con.int.ConsumerCoordinator] (Thread-624) [Consumer clientId=consumer-Consumer-topic-a47c5005_f610_4c22_8d52_578f27c4e184-4, groupId=Consumer-topic-a47c5005_f610_4c22_8d52_578f27c4e184] Found no committed offset for partition topic-a47c5005_f610_4c22_8d52_578f27c4e184-0
2025-08-12 14:48:57,755 INFO  [org.apa.kaf.cli.con.int.SubscriptionState] (Thread-624) [Consumer clientId=consumer-Consumer-topic-a47c5005_f610_4c22_8d52_578f27c4e184-4, groupId=Consumer-topic-a47c5005_f610_4c22_8d52_578f27c4e184] Resetting offset for partition topic-a47c5005_f610_4c22_8d52_578f27c4e184-0 to position FetchPosition{offset=0, offsetEpoch=Optional.empty, currentLeader=LeaderAndEpoch{leader=Optional[localhost:32769 (id: 0 rack: null)], epoch=0}}.
2025-08-12 14:48:57,989 INFO  [io.api.tes.ser.api.KafkaSerdesTester] (Thread-624) topic-a47c5005_f610_4c22_8d52_578f27c4e184 0 0 {"key11755010134197": "value-0"}
2025-08-12 14:48:57,989 INFO  [io.api.tes.ser.api.KafkaSerdesTester] (Thread-624) topic-a47c5005_f610_4c22_8d52_578f27c4e184 0 1 {"key11755010134197": "value-1"}
2025-08-12 14:48:57,989 INFO  [io.api.tes.ser.api.KafkaSerdesTester] (Thread-624) topic-a47c5005_f610_4c22_8d52_578f27c4e184 0 2 {"key11755010134197": "value-2"}
2025-08-12 14:48:57,989 INFO  [io.api.tes.ser.api.KafkaSerdesTester] (Thread-624) topic-a47c5005_f610_4c22_8d52_578f27c4e184 0 3 {"key11755010134197": "value-3"}
2025-08-12 14:48:57,989 INFO  [io.api.tes.ser.api.KafkaSerdesTester] (Thread-624) topic-a47c5005_f610_4c22_8d52_578f27c4e184 0 4 {"key11755010134197": "value-4"}
2025-08-12 14:48:57,989 INFO  [io.api.tes.ser.api.KafkaSerdesTester] (Thread-624) topic-a47c5005_f610_4c22_8d52_578f27c4e184 0 5 {"key11755010134197": "value-5"}
2025-08-12 14:48:57,989 INFO  [io.api.tes.ser.api.KafkaSerdesTester] (Thread-624) topic-a47c5005_f610_4c22_8d52_578f27c4e184 0 6 {"key11755010134197": "value-6"}
2025-08-12 14:48:57,989 INFO  [io.api.tes.ser.api.KafkaSerdesTester] (Thread-624) topic-a47c5005_f610_4c22_8d52_578f27c4e184 0 7 {"key11755010134197": "value-7"}
2025-08-12 14:48:57,989 INFO  [io.api.tes.ser.api.KafkaSerdesTester] (Thread-624) topic-a47c5005_f610_4c22_8d52_578f27c4e184 0 8 {"key11755010134197": "value-8"}
2025-08-12 14:48:57,989 INFO  [io.api.tes.ser.api.KafkaSerdesTester] (Thread-624) topic-a47c5005_f610_4c22_8d52_578f27c4e184 0 9 {"key11755010134197": "value-9"}
2025-08-12 14:48:57,989 INFO  [io.api.tes.ser.api.KafkaSerdesTester] (Thread-624) Consumed 10 messages
2025-08-12 14:48:57,999 INFO  [org.apa.kaf.cli.con.int.ConsumerRebalanceListenerInvoker] (Thread-624) [Consumer clientId=consumer-Consumer-topic-a47c5005_f610_4c22_8d52_578f27c4e184-4, groupId=Consumer-topic-a47c5005_f610_4c22_8d52_578f27c4e184] Revoke previously assigned partitions topic-a47c5005_f610_4c22_8d52_578f27c4e184-0
2025-08-12 14:48:57,999 INFO  [org.apa.kaf.cli.con.int.ConsumerCoordinator] (Thread-624) [Consumer clientId=consumer-Consumer-topic-a47c5005_f610_4c22_8d52_578f27c4e184-4, groupId=Consumer-topic-a47c5005_f610_4c22_8d52_578f27c4e184] Member consumer-Consumer-topic-a47c5005_f610_4c22_8d52_578f27c4e184-4-89e90a94-ea4f-4d80-8c2a-660ad10af51e sending LeaveGroup request to coordinator localhost:32769 (id: 2147483647 rack: null) due to the consumer is being closed
2025-08-12 14:48:57,999 INFO  [org.apa.kaf.cli.con.int.ConsumerCoordinator] (Thread-624) [Consumer clientId=consumer-Consumer-topic-a47c5005_f610_4c22_8d52_578f27c4e184-4, groupId=Consumer-topic-a47c5005_f610_4c22_8d52_578f27c4e184] Resetting generation and member id due to: consumer pro-actively leaving the group
2025-08-12 14:48:58,000 INFO  [org.apa.kaf.cli.con.int.ConsumerCoordinator] (Thread-624) [Consumer clientId=consumer-Consumer-topic-a47c5005_f610_4c22_8d52_578f27c4e184-4, groupId=Consumer-topic-a47c5005_f610_4c22_8d52_578f27c4e184] Request joining group due to: consumer pro-actively leaving the group
2025-08-12 14:48:58,494 INFO  [org.apa.kaf.com.met.Metrics] (Thread-624) Metrics scheduler closed
2025-08-12 14:48:58,494 INFO  [org.apa.kaf.com.met.Metrics] (Thread-624) Closing reporter org.apache.kafka.common.metrics.JmxReporter
2025-08-12 14:48:58,494 INFO  [org.apa.kaf.com.met.Metrics] (Thread-624) Closing reporter org.apache.kafka.common.telemetry.internals.ClientTelemetryReporter
2025-08-12 14:48:58,494 INFO  [org.apa.kaf.com.met.Metrics] (Thread-624) Metrics reporters closed
2025-08-12 14:48:58,498 INFO  [org.apa.kaf.com.uti.AppInfoParser] (Thread-624) App info kafka.consumer for consumer-Consumer-topic-a47c5005_f610_4c22_8d52_578f27c4e184-4 unregistered
2025-08-12 14:48:58,658 INFO  [io.api.tes.uti.TestSeparator] (main) io.apicurio.tests.serdes.apicurio.AvroSerdeIT.testTopicIdStrategyAutoRegister-FINISHED
2025-08-12 14:48:58,658 INFO  [io.api.tes.uti.TestSeparator] (main) ############################################################################
Test passed: testTopicIdStrategyAutoRegister
]]></system-out>
  </testcase>
  <testcase name="testRecordIdStrategydFindLatest" classname="io.apicurio.tests.serdes.apicurio.AvroSerdeIT" time="5.36">
    <system-out><![CDATA[2025-08-12 14:48:58,660 INFO  [io.api.tes.uti.TestSeparator] (main) ############################################################################
2025-08-12 14:48:58,660 INFO  [io.api.tes.uti.TestSeparator] (main) io.apicurio.tests.serdes.apicurio.AvroSerdeIT.testRecordIdStrategydFindLatest-STARTED
2025-08-12 14:48:58,661 INFO  [io.api.tes.ser.api.AvroSerdeIT] (main) Registering Avro Schema: {"type":"record","name":"s8e893f55xbb4cx46e8xb265x49c848ab607b","namespace":"s5d4422fdxf652x4049x9002x02680e411b90","fields":[{"name":"key11755010138660","type":"string"}]}
**** Registry Base URL: http://registry-app-inmemory.apps.ci419.apicurio-testing.org:80
2025-08-12 14:48:59,831 INFO  [org.apa.kaf.cli.pro.ProducerConfig] (main) ProducerConfig values: 
	acks = -1
	auto.include.jmx.reporter = true
	batch.size = 16384
	bootstrap.servers = [PLAINTEXT://localhost:32769]
	buffer.memory = 33554432
	client.dns.lookup = use_all_dns_ips
	client.id = Producer-topic-c6c81935_8d33_42d2_9a23_d7c2b79bafe0
	compression.gzip.level = -1
	compression.lz4.level = 9
	compression.type = none
	compression.zstd.level = 3
	connections.max.idle.ms = 10000
	delivery.timeout.ms = 120000
	enable.idempotence = true
	enable.metrics.push = true
	interceptor.classes = []
	key.serializer = class org.apache.kafka.common.serialization.StringSerializer
	linger.ms = 0
	max.block.ms = 60000
	max.in.flight.requests.per.connection = 5
	max.request.size = 1048576
	metadata.max.age.ms = 300000
	metadata.max.idle.ms = 300000
	metadata.recovery.strategy = none
	metric.reporters = []
	metrics.num.samples = 2
	metrics.recording.level = INFO
	metrics.sample.window.ms = 30000
	partitioner.adaptive.partitioning.enable = true
	partitioner.availability.timeout.ms = 0
	partitioner.class = null
	partitioner.ignore.keys = false
	receive.buffer.bytes = 32768
	reconnect.backoff.max.ms = 1000
	reconnect.backoff.ms = 50
	request.timeout.ms = 5000
	retries = 2147483647
	retry.backoff.max.ms = 1000
	retry.backoff.ms = 100
	sasl.client.callback.handler.class = null
	sasl.jaas.config = null
	sasl.kerberos.kinit.cmd = /usr/bin/kinit
	sasl.kerberos.min.time.before.relogin = 60000
	sasl.kerberos.service.name = null
	sasl.kerberos.ticket.renew.jitter = 0.05
	sasl.kerberos.ticket.renew.window.factor = 0.8
	sasl.login.callback.handler.class = null
	sasl.login.class = null
	sasl.login.connect.timeout.ms = null
	sasl.login.read.timeout.ms = null
	sasl.login.refresh.buffer.seconds = 300
	sasl.login.refresh.min.period.seconds = 60
	sasl.login.refresh.window.factor = 0.8
	sasl.login.refresh.window.jitter = 0.05
	sasl.login.retry.backoff.max.ms = 10000
	sasl.login.retry.backoff.ms = 100
	sasl.mechanism = GSSAPI
	sasl.oauthbearer.clock.skew.seconds = 30
	sasl.oauthbearer.expected.audience = null
	sasl.oauthbearer.expected.issuer = null
	sasl.oauthbearer.header.urlencode = false
	sasl.oauthbearer.jwks.endpoint.refresh.ms = 3600000
	sasl.oauthbearer.jwks.endpoint.retry.backoff.max.ms = 10000
	sasl.oauthbearer.jwks.endpoint.retry.backoff.ms = 100
	sasl.oauthbearer.jwks.endpoint.url = null
	sasl.oauthbearer.scope.claim.name = scope
	sasl.oauthbearer.sub.claim.name = sub
	sasl.oauthbearer.token.endpoint.url = null
	security.protocol = PLAINTEXT
	security.providers = null
	send.buffer.bytes = 131072
	socket.connection.setup.timeout.max.ms = 30000
	socket.connection.setup.timeout.ms = 10000
	ssl.cipher.suites = null
	ssl.enabled.protocols = [TLSv1.2, TLSv1.3]
	ssl.endpoint.identification.algorithm = https
	ssl.engine.factory.class = null
	ssl.key.password = null
	ssl.keymanager.algorithm = SunX509
	ssl.keystore.certificate.chain = null
	ssl.keystore.key = null
	ssl.keystore.location = null
	ssl.keystore.password = null
	ssl.keystore.type = JKS
	ssl.protocol = TLSv1.3
	ssl.provider = null
	ssl.secure.random.implementation = null
	ssl.trustmanager.algorithm = PKIX
	ssl.truststore.certificates = null
	ssl.truststore.location = null
	ssl.truststore.password = null
	ssl.truststore.type = JKS
	transaction.timeout.ms = 60000
	transactional.id = null
	value.serializer = class io.apicurio.registry.serde.avro.AvroKafkaSerializer

2025-08-12 14:48:59,832 INFO  [org.apa.kaf.com.tel.int.KafkaMetricsCollector] (main) initializing Kafka metrics collector
2025-08-12 14:48:59,835 INFO  [org.apa.kaf.cli.pro.KafkaProducer] (main) [Producer clientId=Producer-topic-c6c81935_8d33_42d2_9a23_d7c2b79bafe0] Instantiated an idempotent producer.
2025-08-12 14:48:59,837 INFO  [org.apa.kaf.cli.pro.ProducerConfig] (main) These configurations '[apicurio.registry.find-latest, apicurio.registry.url, apicurio.registry.artifact-resolver-strategy]' were supplied but are not used yet.
2025-08-12 14:48:59,837 INFO  [org.apa.kaf.com.uti.AppInfoParser] (main) Kafka version: 3.9.1
2025-08-12 14:48:59,838 INFO  [org.apa.kaf.com.uti.AppInfoParser] (main) Kafka commitId: f745dfdcee2b9851
2025-08-12 14:48:59,838 INFO  [org.apa.kaf.com.uti.AppInfoParser] (main) Kafka startTimeMs: 1755010139837
2025-08-12 14:48:59,838 INFO  [io.api.tes.ser.api.SimpleSerdesTesterBuilder$SimpleSerdesTester] (main) Using producer configuration: {apicurio.registry.find-latest=true, apicurio.registry.url=http://registry-app-inmemory.apps.ci419.apicurio-testing.org:80/apis/registry/v3, apicurio.registry.artifact-resolver-strategy=io.apicurio.registry.serde.avro.strategy.RecordIdStrategy, value.serializer=io.apicurio.registry.serde.avro.AvroKafkaSerializer, request.timeout.ms=5000, acks=all, bootstrap.servers=PLAINTEXT://localhost:32769, connections.max.idle.ms=10000, key.serializer=org.apache.kafka.common.serialization.StringSerializer, client.id=Producer-topic-c6c81935_8d33_42d2_9a23_d7c2b79bafe0}
2025-08-12 14:48:59,838 INFO  [io.api.tes.ser.api.SimpleSerdesTesterBuilder$SimpleSerdesTester] (main) Using consumer configuration: {}
2025-08-12 14:48:59,838 INFO  [io.api.tes.ser.api.KafkaSerdesTester] (Thread-627) Sending message {"key11755010138660": "value-0"} to topic topic-c6c81935_8d33_42d2_9a23_d7c2b79bafe0
2025-08-12 14:48:59,843 INFO  [org.apa.kaf.cli.Metadata] (kafka-producer-network-thread | Producer-topic-c6c81935_8d33_42d2_9a23_d7c2b79bafe0) [Producer clientId=Producer-topic-c6c81935_8d33_42d2_9a23_d7c2b79bafe0] Cluster ID: 2kzKdHjlS02ID15h9rF1bw
2025-08-12 14:48:59,846 INFO  [org.apa.kaf.cli.pro.int.TransactionManager] (kafka-producer-network-thread | Producer-topic-c6c81935_8d33_42d2_9a23_d7c2b79bafe0) [Producer clientId=Producer-topic-c6c81935_8d33_42d2_9a23_d7c2b79bafe0] ProducerId set to 5 with epoch 0
2025-08-12 14:49:00,174 INFO  [io.api.tes.ser.api.KafkaSerdesTester] (Thread-627) Sending message {"key11755010138660": "value-1"} to topic topic-c6c81935_8d33_42d2_9a23_d7c2b79bafe0
2025-08-12 14:49:00,178 INFO  [io.api.tes.ser.api.KafkaSerdesTester] (Thread-627) Sending message {"key11755010138660": "value-2"} to topic topic-c6c81935_8d33_42d2_9a23_d7c2b79bafe0
2025-08-12 14:49:00,182 INFO  [io.api.tes.ser.api.KafkaSerdesTester] (Thread-627) Sending message {"key11755010138660": "value-3"} to topic topic-c6c81935_8d33_42d2_9a23_d7c2b79bafe0
2025-08-12 14:49:00,184 INFO  [io.api.tes.ser.api.KafkaSerdesTester] (Thread-627) Sending message {"key11755010138660": "value-4"} to topic topic-c6c81935_8d33_42d2_9a23_d7c2b79bafe0
2025-08-12 14:49:00,187 INFO  [io.api.tes.ser.api.KafkaSerdesTester] (Thread-627) Sending message {"key11755010138660": "value-5"} to topic topic-c6c81935_8d33_42d2_9a23_d7c2b79bafe0
2025-08-12 14:49:00,190 INFO  [io.api.tes.ser.api.KafkaSerdesTester] (Thread-627) Sending message {"key11755010138660": "value-6"} to topic topic-c6c81935_8d33_42d2_9a23_d7c2b79bafe0
2025-08-12 14:49:00,192 INFO  [io.api.tes.ser.api.KafkaSerdesTester] (Thread-627) Sending message {"key11755010138660": "value-7"} to topic topic-c6c81935_8d33_42d2_9a23_d7c2b79bafe0
2025-08-12 14:49:00,197 INFO  [io.api.tes.ser.api.KafkaSerdesTester] (Thread-627) Sending message {"key11755010138660": "value-8"} to topic topic-c6c81935_8d33_42d2_9a23_d7c2b79bafe0
2025-08-12 14:49:00,200 INFO  [io.api.tes.ser.api.KafkaSerdesTester] (Thread-627) Sending message {"key11755010138660": "value-9"} to topic topic-c6c81935_8d33_42d2_9a23_d7c2b79bafe0
2025-08-12 14:49:00,204 INFO  [io.api.tes.ser.api.KafkaSerdesTester] (Thread-627) Produced 10 messages
2025-08-12 14:49:00,204 INFO  [org.apa.kaf.cli.pro.KafkaProducer] (Thread-627) [Producer clientId=Producer-topic-c6c81935_8d33_42d2_9a23_d7c2b79bafe0] Closing the Kafka producer with timeoutMillis = 9223372036854775807 ms.
2025-08-12 14:49:00,206 INFO  [org.apa.kaf.com.met.Metrics] (Thread-627) Metrics scheduler closed
2025-08-12 14:49:00,206 INFO  [org.apa.kaf.com.met.Metrics] (Thread-627) Closing reporter org.apache.kafka.common.metrics.JmxReporter
2025-08-12 14:49:00,206 INFO  [org.apa.kaf.com.met.Metrics] (Thread-627) Closing reporter org.apache.kafka.common.telemetry.internals.ClientTelemetryReporter
2025-08-12 14:49:00,206 INFO  [org.apa.kaf.com.met.Metrics] (Thread-627) Metrics reporters closed
2025-08-12 14:49:00,207 INFO  [org.apa.kaf.com.uti.AppInfoParser] (Thread-627) App info kafka.producer for Producer-topic-c6c81935_8d33_42d2_9a23_d7c2b79bafe0 unregistered
**** Registry Base URL: http://registry-app-inmemory.apps.ci419.apicurio-testing.org:80
2025-08-12 14:49:00,208 INFO  [org.apa.kaf.cli.con.ConsumerConfig] (main) ConsumerConfig values: 
	allow.auto.create.topics = true
	auto.commit.interval.ms = 500
	auto.include.jmx.reporter = true
	auto.offset.reset = earliest
	bootstrap.servers = [PLAINTEXT://localhost:32769]
	check.crcs = true
	client.dns.lookup = use_all_dns_ips
	client.id = consumer-Consumer-topic-c6c81935_8d33_42d2_9a23_d7c2b79bafe0-5
	client.rack = 
	connections.max.idle.ms = 10000
	default.api.timeout.ms = 60000
	enable.auto.commit = true
	enable.metrics.push = true
	exclude.internal.topics = true
	fetch.max.bytes = 52428800
	fetch.max.wait.ms = 500
	fetch.min.bytes = 1
	group.id = Consumer-topic-c6c81935_8d33_42d2_9a23_d7c2b79bafe0
	group.instance.id = null
	group.protocol = classic
	group.remote.assignor = null
	heartbeat.interval.ms = 3000
	interceptor.classes = []
	internal.leave.group.on.close = true
	internal.throw.on.fetch.stable.offset.unsupported = false
	isolation.level = read_uncommitted
	key.deserializer = class org.apache.kafka.common.serialization.StringDeserializer
	max.partition.fetch.bytes = 1048576
	max.poll.interval.ms = 300000
	max.poll.records = 500
	metadata.max.age.ms = 300000
	metadata.recovery.strategy = none
	metric.reporters = []
	metrics.num.samples = 2
	metrics.recording.level = INFO
	metrics.sample.window.ms = 30000
	partition.assignment.strategy = [class org.apache.kafka.clients.consumer.RangeAssignor, class org.apache.kafka.clients.consumer.CooperativeStickyAssignor]
	receive.buffer.bytes = 65536
	reconnect.backoff.max.ms = 1000
	reconnect.backoff.ms = 50
	request.timeout.ms = 5000
	retry.backoff.max.ms = 1000
	retry.backoff.ms = 100
	sasl.client.callback.handler.class = null
	sasl.jaas.config = null
	sasl.kerberos.kinit.cmd = /usr/bin/kinit
	sasl.kerberos.min.time.before.relogin = 60000
	sasl.kerberos.service.name = null
	sasl.kerberos.ticket.renew.jitter = 0.05
	sasl.kerberos.ticket.renew.window.factor = 0.8
	sasl.login.callback.handler.class = null
	sasl.login.class = null
	sasl.login.connect.timeout.ms = null
	sasl.login.read.timeout.ms = null
	sasl.login.refresh.buffer.seconds = 300
	sasl.login.refresh.min.period.seconds = 60
	sasl.login.refresh.window.factor = 0.8
	sasl.login.refresh.window.jitter = 0.05
	sasl.login.retry.backoff.max.ms = 10000
	sasl.login.retry.backoff.ms = 100
	sasl.mechanism = GSSAPI
	sasl.oauthbearer.clock.skew.seconds = 30
	sasl.oauthbearer.expected.audience = null
	sasl.oauthbearer.expected.issuer = null
	sasl.oauthbearer.header.urlencode = false
	sasl.oauthbearer.jwks.endpoint.refresh.ms = 3600000
	sasl.oauthbearer.jwks.endpoint.retry.backoff.max.ms = 10000
	sasl.oauthbearer.jwks.endpoint.retry.backoff.ms = 100
	sasl.oauthbearer.jwks.endpoint.url = null
	sasl.oauthbearer.scope.claim.name = scope
	sasl.oauthbearer.sub.claim.name = sub
	sasl.oauthbearer.token.endpoint.url = null
	security.protocol = PLAINTEXT
	security.providers = null
	send.buffer.bytes = 131072
	session.timeout.ms = 45000
	socket.connection.setup.timeout.max.ms = 30000
	socket.connection.setup.timeout.ms = 10000
	ssl.cipher.suites = null
	ssl.enabled.protocols = [TLSv1.2, TLSv1.3]
	ssl.endpoint.identification.algorithm = https
	ssl.engine.factory.class = null
	ssl.key.password = null
	ssl.keymanager.algorithm = SunX509
	ssl.keystore.certificate.chain = null
	ssl.keystore.key = null
	ssl.keystore.location = null
	ssl.keystore.password = null
	ssl.keystore.type = JKS
	ssl.protocol = TLSv1.3
	ssl.provider = null
	ssl.secure.random.implementation = null
	ssl.trustmanager.algorithm = PKIX
	ssl.truststore.certificates = null
	ssl.truststore.location = null
	ssl.truststore.password = null
	ssl.truststore.type = JKS
	value.deserializer = class io.apicurio.registry.serde.avro.AvroKafkaDeserializer

2025-08-12 14:49:00,208 INFO  [org.apa.kaf.com.tel.int.KafkaMetricsCollector] (main) initializing Kafka metrics collector
2025-08-12 14:49:00,218 INFO  [org.apa.kaf.cli.con.ConsumerConfig] (main) These configurations '[apicurio.registry.url]' were supplied but are not used yet.
2025-08-12 14:49:00,218 INFO  [org.apa.kaf.com.uti.AppInfoParser] (main) Kafka version: 3.9.1
2025-08-12 14:49:00,219 INFO  [org.apa.kaf.com.uti.AppInfoParser] (main) Kafka commitId: f745dfdcee2b9851
2025-08-12 14:49:00,219 INFO  [org.apa.kaf.com.uti.AppInfoParser] (main) Kafka startTimeMs: 1755010140218
2025-08-12 14:49:00,219 INFO  [org.apa.kaf.cli.con.int.ClassicKafkaConsumer] (Thread-630) [Consumer clientId=consumer-Consumer-topic-c6c81935_8d33_42d2_9a23_d7c2b79bafe0-5, groupId=Consumer-topic-c6c81935_8d33_42d2_9a23_d7c2b79bafe0] Subscribed to topic(s): topic-c6c81935_8d33_42d2_9a23_d7c2b79bafe0
2025-08-12 14:49:00,232 INFO  [org.apa.kaf.cli.Metadata] (Thread-630) [Consumer clientId=consumer-Consumer-topic-c6c81935_8d33_42d2_9a23_d7c2b79bafe0-5, groupId=Consumer-topic-c6c81935_8d33_42d2_9a23_d7c2b79bafe0] Cluster ID: 2kzKdHjlS02ID15h9rF1bw
2025-08-12 14:49:00,237 INFO  [org.apa.kaf.cli.con.int.ConsumerCoordinator] (Thread-630) [Consumer clientId=consumer-Consumer-topic-c6c81935_8d33_42d2_9a23_d7c2b79bafe0-5, groupId=Consumer-topic-c6c81935_8d33_42d2_9a23_d7c2b79bafe0] Discovered group coordinator localhost:32769 (id: 2147483647 rack: null)
2025-08-12 14:49:00,240 INFO  [org.apa.kaf.cli.con.int.ConsumerCoordinator] (Thread-630) [Consumer clientId=consumer-Consumer-topic-c6c81935_8d33_42d2_9a23_d7c2b79bafe0-5, groupId=Consumer-topic-c6c81935_8d33_42d2_9a23_d7c2b79bafe0] (Re-)joining group
2025-08-12 14:49:00,246 INFO  [org.apa.kaf.cli.con.int.ConsumerCoordinator] (Thread-630) [Consumer clientId=consumer-Consumer-topic-c6c81935_8d33_42d2_9a23_d7c2b79bafe0-5, groupId=Consumer-topic-c6c81935_8d33_42d2_9a23_d7c2b79bafe0] Request joining group due to: need to re-join with the given member-id: consumer-Consumer-topic-c6c81935_8d33_42d2_9a23_d7c2b79bafe0-5-edc8b5cf-ede5-487d-bbb9-b3128232ea7e
2025-08-12 14:49:00,247 INFO  [org.apa.kaf.cli.con.int.ConsumerCoordinator] (Thread-630) [Consumer clientId=consumer-Consumer-topic-c6c81935_8d33_42d2_9a23_d7c2b79bafe0-5, groupId=Consumer-topic-c6c81935_8d33_42d2_9a23_d7c2b79bafe0] (Re-)joining group
2025-08-12 14:49:01,219 INFO  [io.api.tes.ser.api.KafkaSerdesTester] (Thread-630) None found
2025-08-12 14:49:02,220 INFO  [io.api.tes.ser.api.KafkaSerdesTester] (Thread-630) None found
2025-08-12 14:49:03,221 INFO  [io.api.tes.ser.api.KafkaSerdesTester] (Thread-630) None found
2025-08-12 14:49:03,250 INFO  [org.apa.kaf.cli.con.int.ConsumerCoordinator] (Thread-630) [Consumer clientId=consumer-Consumer-topic-c6c81935_8d33_42d2_9a23_d7c2b79bafe0-5, groupId=Consumer-topic-c6c81935_8d33_42d2_9a23_d7c2b79bafe0] Successfully joined group with generation Generation{generationId=1, memberId='consumer-Consumer-topic-c6c81935_8d33_42d2_9a23_d7c2b79bafe0-5-edc8b5cf-ede5-487d-bbb9-b3128232ea7e', protocol='range'}
2025-08-12 14:49:03,251 INFO  [org.apa.kaf.cli.con.int.ConsumerCoordinator] (Thread-630) [Consumer clientId=consumer-Consumer-topic-c6c81935_8d33_42d2_9a23_d7c2b79bafe0-5, groupId=Consumer-topic-c6c81935_8d33_42d2_9a23_d7c2b79bafe0] Finished assignment for group at generation 1: {consumer-Consumer-topic-c6c81935_8d33_42d2_9a23_d7c2b79bafe0-5-edc8b5cf-ede5-487d-bbb9-b3128232ea7e=Assignment(partitions=[topic-c6c81935_8d33_42d2_9a23_d7c2b79bafe0-0])}
2025-08-12 14:49:03,260 INFO  [org.apa.kaf.cli.con.int.ConsumerCoordinator] (Thread-630) [Consumer clientId=consumer-Consumer-topic-c6c81935_8d33_42d2_9a23_d7c2b79bafe0-5, groupId=Consumer-topic-c6c81935_8d33_42d2_9a23_d7c2b79bafe0] Successfully synced group in generation Generation{generationId=1, memberId='consumer-Consumer-topic-c6c81935_8d33_42d2_9a23_d7c2b79bafe0-5-edc8b5cf-ede5-487d-bbb9-b3128232ea7e', protocol='range'}
2025-08-12 14:49:03,260 INFO  [org.apa.kaf.cli.con.int.ConsumerCoordinator] (Thread-630) [Consumer clientId=consumer-Consumer-topic-c6c81935_8d33_42d2_9a23_d7c2b79bafe0-5, groupId=Consumer-topic-c6c81935_8d33_42d2_9a23_d7c2b79bafe0] Notifying assignor about the new Assignment(partitions=[topic-c6c81935_8d33_42d2_9a23_d7c2b79bafe0-0])
2025-08-12 14:49:03,260 INFO  [org.apa.kaf.cli.con.int.ConsumerRebalanceListenerInvoker] (Thread-630) [Consumer clientId=consumer-Consumer-topic-c6c81935_8d33_42d2_9a23_d7c2b79bafe0-5, groupId=Consumer-topic-c6c81935_8d33_42d2_9a23_d7c2b79bafe0] Adding newly assigned partitions: topic-c6c81935_8d33_42d2_9a23_d7c2b79bafe0-0
2025-08-12 14:49:03,261 INFO  [org.apa.kaf.cli.con.int.ConsumerCoordinator] (Thread-630) [Consumer clientId=consumer-Consumer-topic-c6c81935_8d33_42d2_9a23_d7c2b79bafe0-5, groupId=Consumer-topic-c6c81935_8d33_42d2_9a23_d7c2b79bafe0] Found no committed offset for partition topic-c6c81935_8d33_42d2_9a23_d7c2b79bafe0-0
2025-08-12 14:49:03,269 INFO  [org.apa.kaf.cli.con.int.SubscriptionState] (Thread-630) [Consumer clientId=consumer-Consumer-topic-c6c81935_8d33_42d2_9a23_d7c2b79bafe0-5, groupId=Consumer-topic-c6c81935_8d33_42d2_9a23_d7c2b79bafe0] Resetting offset for partition topic-c6c81935_8d33_42d2_9a23_d7c2b79bafe0-0 to position FetchPosition{offset=0, offsetEpoch=Optional.empty, currentLeader=LeaderAndEpoch{leader=Optional[localhost:32769 (id: 0 rack: null)], epoch=0}}.
2025-08-12 14:49:03,509 INFO  [io.api.tes.ser.api.KafkaSerdesTester] (Thread-630) topic-c6c81935_8d33_42d2_9a23_d7c2b79bafe0 0 0 {"key11755010138660": "value-0"}
2025-08-12 14:49:03,509 INFO  [io.api.tes.ser.api.KafkaSerdesTester] (Thread-630) topic-c6c81935_8d33_42d2_9a23_d7c2b79bafe0 0 1 {"key11755010138660": "value-1"}
2025-08-12 14:49:03,510 INFO  [io.api.tes.ser.api.KafkaSerdesTester] (Thread-630) topic-c6c81935_8d33_42d2_9a23_d7c2b79bafe0 0 2 {"key11755010138660": "value-2"}
2025-08-12 14:49:03,510 INFO  [io.api.tes.ser.api.KafkaSerdesTester] (Thread-630) topic-c6c81935_8d33_42d2_9a23_d7c2b79bafe0 0 3 {"key11755010138660": "value-3"}
2025-08-12 14:49:03,510 INFO  [io.api.tes.ser.api.KafkaSerdesTester] (Thread-630) topic-c6c81935_8d33_42d2_9a23_d7c2b79bafe0 0 4 {"key11755010138660": "value-4"}
2025-08-12 14:49:03,510 INFO  [io.api.tes.ser.api.KafkaSerdesTester] (Thread-630) topic-c6c81935_8d33_42d2_9a23_d7c2b79bafe0 0 5 {"key11755010138660": "value-5"}
2025-08-12 14:49:03,510 INFO  [io.api.tes.ser.api.KafkaSerdesTester] (Thread-630) topic-c6c81935_8d33_42d2_9a23_d7c2b79bafe0 0 6 {"key11755010138660": "value-6"}
2025-08-12 14:49:03,510 INFO  [io.api.tes.ser.api.KafkaSerdesTester] (Thread-630) topic-c6c81935_8d33_42d2_9a23_d7c2b79bafe0 0 7 {"key11755010138660": "value-7"}
2025-08-12 14:49:03,510 INFO  [io.api.tes.ser.api.KafkaSerdesTester] (Thread-630) topic-c6c81935_8d33_42d2_9a23_d7c2b79bafe0 0 8 {"key11755010138660": "value-8"}
2025-08-12 14:49:03,510 INFO  [io.api.tes.ser.api.KafkaSerdesTester] (Thread-630) topic-c6c81935_8d33_42d2_9a23_d7c2b79bafe0 0 9 {"key11755010138660": "value-9"}
2025-08-12 14:49:03,510 INFO  [io.api.tes.ser.api.KafkaSerdesTester] (Thread-630) Consumed 10 messages
2025-08-12 14:49:03,518 INFO  [org.apa.kaf.cli.con.int.ConsumerRebalanceListenerInvoker] (Thread-630) [Consumer clientId=consumer-Consumer-topic-c6c81935_8d33_42d2_9a23_d7c2b79bafe0-5, groupId=Consumer-topic-c6c81935_8d33_42d2_9a23_d7c2b79bafe0] Revoke previously assigned partitions topic-c6c81935_8d33_42d2_9a23_d7c2b79bafe0-0
2025-08-12 14:49:03,519 INFO  [org.apa.kaf.cli.con.int.ConsumerCoordinator] (Thread-630) [Consumer clientId=consumer-Consumer-topic-c6c81935_8d33_42d2_9a23_d7c2b79bafe0-5, groupId=Consumer-topic-c6c81935_8d33_42d2_9a23_d7c2b79bafe0] Member consumer-Consumer-topic-c6c81935_8d33_42d2_9a23_d7c2b79bafe0-5-edc8b5cf-ede5-487d-bbb9-b3128232ea7e sending LeaveGroup request to coordinator localhost:32769 (id: 2147483647 rack: null) due to the consumer is being closed
2025-08-12 14:49:03,519 INFO  [org.apa.kaf.cli.con.int.ConsumerCoordinator] (Thread-630) [Consumer clientId=consumer-Consumer-topic-c6c81935_8d33_42d2_9a23_d7c2b79bafe0-5, groupId=Consumer-topic-c6c81935_8d33_42d2_9a23_d7c2b79bafe0] Resetting generation and member id due to: consumer pro-actively leaving the group
2025-08-12 14:49:03,519 INFO  [org.apa.kaf.cli.con.int.ConsumerCoordinator] (Thread-630) [Consumer clientId=consumer-Consumer-topic-c6c81935_8d33_42d2_9a23_d7c2b79bafe0-5, groupId=Consumer-topic-c6c81935_8d33_42d2_9a23_d7c2b79bafe0] Request joining group due to: consumer pro-actively leaving the group
2025-08-12 14:49:04,016 INFO  [org.apa.kaf.com.met.Metrics] (Thread-630) Metrics scheduler closed
2025-08-12 14:49:04,016 INFO  [org.apa.kaf.com.met.Metrics] (Thread-630) Closing reporter org.apache.kafka.common.metrics.JmxReporter
2025-08-12 14:49:04,016 INFO  [org.apa.kaf.com.met.Metrics] (Thread-630) Closing reporter org.apache.kafka.common.telemetry.internals.ClientTelemetryReporter
2025-08-12 14:49:04,016 INFO  [org.apa.kaf.com.met.Metrics] (Thread-630) Metrics reporters closed
2025-08-12 14:49:04,019 INFO  [org.apa.kaf.com.uti.AppInfoParser] (Thread-630) App info kafka.consumer for consumer-Consumer-topic-c6c81935_8d33_42d2_9a23_d7c2b79bafe0-5 unregistered
2025-08-12 14:49:04,019 INFO  [io.api.tes.uti.TestSeparator] (main) io.apicurio.tests.serdes.apicurio.AvroSerdeIT.testRecordIdStrategydFindLatest-FINISHED
2025-08-12 14:49:04,019 INFO  [io.api.tes.uti.TestSeparator] (main) ############################################################################
Test passed: testRecordIdStrategydFindLatest
]]></system-out>
  </testcase>
  <testcase name="testReflectAutoRegister" classname="io.apicurio.tests.serdes.apicurio.AvroSerdeIT" time="4.296">
    <system-out><![CDATA[2025-08-12 14:49:04,024 INFO  [io.api.tes.uti.TestSeparator] (main) ############################################################################
2025-08-12 14:49:04,027 INFO  [io.api.tes.uti.TestSeparator] (main) io.apicurio.tests.serdes.apicurio.AvroSerdeIT.testReflectAutoRegister-STARTED
**** Registry Base URL: http://registry-app-inmemory.apps.ci419.apicurio-testing.org:80
2025-08-12 14:49:04,029 INFO  [org.apa.kaf.cli.pro.ProducerConfig] (main) ProducerConfig values: 
	acks = -1
	auto.include.jmx.reporter = true
	batch.size = 16384
	bootstrap.servers = [PLAINTEXT://localhost:32769]
	buffer.memory = 33554432
	client.dns.lookup = use_all_dns_ips
	client.id = Producer-topic-772ab340_153f_4364_ab94_16493d0315ae
	compression.gzip.level = -1
	compression.lz4.level = 9
	compression.type = none
	compression.zstd.level = 3
	connections.max.idle.ms = 10000
	delivery.timeout.ms = 120000
	enable.idempotence = true
	enable.metrics.push = true
	interceptor.classes = []
	key.serializer = class org.apache.kafka.common.serialization.StringSerializer
	linger.ms = 0
	max.block.ms = 60000
	max.in.flight.requests.per.connection = 5
	max.request.size = 1048576
	metadata.max.age.ms = 300000
	metadata.max.idle.ms = 300000
	metadata.recovery.strategy = none
	metric.reporters = []
	metrics.num.samples = 2
	metrics.recording.level = INFO
	metrics.sample.window.ms = 30000
	partitioner.adaptive.partitioning.enable = true
	partitioner.availability.timeout.ms = 0
	partitioner.class = null
	partitioner.ignore.keys = false
	receive.buffer.bytes = 32768
	reconnect.backoff.max.ms = 1000
	reconnect.backoff.ms = 50
	request.timeout.ms = 5000
	retries = 2147483647
	retry.backoff.max.ms = 1000
	retry.backoff.ms = 100
	sasl.client.callback.handler.class = null
	sasl.jaas.config = null
	sasl.kerberos.kinit.cmd = /usr/bin/kinit
	sasl.kerberos.min.time.before.relogin = 60000
	sasl.kerberos.service.name = null
	sasl.kerberos.ticket.renew.jitter = 0.05
	sasl.kerberos.ticket.renew.window.factor = 0.8
	sasl.login.callback.handler.class = null
	sasl.login.class = null
	sasl.login.connect.timeout.ms = null
	sasl.login.read.timeout.ms = null
	sasl.login.refresh.buffer.seconds = 300
	sasl.login.refresh.min.period.seconds = 60
	sasl.login.refresh.window.factor = 0.8
	sasl.login.refresh.window.jitter = 0.05
	sasl.login.retry.backoff.max.ms = 10000
	sasl.login.retry.backoff.ms = 100
	sasl.mechanism = GSSAPI
	sasl.oauthbearer.clock.skew.seconds = 30
	sasl.oauthbearer.expected.audience = null
	sasl.oauthbearer.expected.issuer = null
	sasl.oauthbearer.header.urlencode = false
	sasl.oauthbearer.jwks.endpoint.refresh.ms = 3600000
	sasl.oauthbearer.jwks.endpoint.retry.backoff.max.ms = 10000
	sasl.oauthbearer.jwks.endpoint.retry.backoff.ms = 100
	sasl.oauthbearer.jwks.endpoint.url = null
	sasl.oauthbearer.scope.claim.name = scope
	sasl.oauthbearer.sub.claim.name = sub
	sasl.oauthbearer.token.endpoint.url = null
	security.protocol = PLAINTEXT
	security.providers = null
	send.buffer.bytes = 131072
	socket.connection.setup.timeout.max.ms = 30000
	socket.connection.setup.timeout.ms = 10000
	ssl.cipher.suites = null
	ssl.enabled.protocols = [TLSv1.2, TLSv1.3]
	ssl.endpoint.identification.algorithm = https
	ssl.engine.factory.class = null
	ssl.key.password = null
	ssl.keymanager.algorithm = SunX509
	ssl.keystore.certificate.chain = null
	ssl.keystore.key = null
	ssl.keystore.location = null
	ssl.keystore.password = null
	ssl.keystore.type = JKS
	ssl.protocol = TLSv1.3
	ssl.provider = null
	ssl.secure.random.implementation = null
	ssl.trustmanager.algorithm = PKIX
	ssl.truststore.certificates = null
	ssl.truststore.location = null
	ssl.truststore.password = null
	ssl.truststore.type = JKS
	transaction.timeout.ms = 60000
	transactional.id = null
	value.serializer = class io.apicurio.registry.serde.avro.AvroKafkaSerializer

2025-08-12 14:49:04,030 INFO  [org.apa.kaf.com.tel.int.KafkaMetricsCollector] (main) initializing Kafka metrics collector
2025-08-12 14:49:04,044 INFO  [org.apa.kaf.cli.pro.KafkaProducer] (main) [Producer clientId=Producer-topic-772ab340_153f_4364_ab94_16493d0315ae] Instantiated an idempotent producer.
2025-08-12 14:49:04,047 INFO  [org.apa.kaf.cli.pro.ProducerConfig] (main) These configurations '[apicurio.registry.url, apicurio.registry.auto-register, apicurio.registry.artifact-resolver-strategy, apicurio.registry.avro-datum-provider]' were supplied but are not used yet.
2025-08-12 14:49:04,047 INFO  [org.apa.kaf.com.uti.AppInfoParser] (main) Kafka version: 3.9.1
2025-08-12 14:49:04,047 INFO  [org.apa.kaf.com.uti.AppInfoParser] (main) Kafka commitId: f745dfdcee2b9851
2025-08-12 14:49:04,047 INFO  [org.apa.kaf.com.uti.AppInfoParser] (main) Kafka startTimeMs: 1755010144047
2025-08-12 14:49:04,047 INFO  [io.api.tes.ser.api.SimpleSerdesTesterBuilder$SimpleSerdesTester] (main) Using producer configuration: {apicurio.registry.url=http://registry-app-inmemory.apps.ci419.apicurio-testing.org:80/apis/registry/v3, apicurio.registry.auto-register=true, apicurio.registry.artifact-resolver-strategy=io.apicurio.registry.serde.strategy.TopicIdStrategy, value.serializer=io.apicurio.registry.serde.avro.AvroKafkaSerializer, request.timeout.ms=5000, acks=all, bootstrap.servers=PLAINTEXT://localhost:32769, connections.max.idle.ms=10000, key.serializer=org.apache.kafka.common.serialization.StringSerializer, apicurio.registry.avro-datum-provider=io.apicurio.registry.serde.avro.ReflectAvroDatumProvider, client.id=Producer-topic-772ab340_153f_4364_ab94_16493d0315ae}
2025-08-12 14:49:04,047 INFO  [io.api.tes.ser.api.SimpleSerdesTesterBuilder$SimpleSerdesTester] (main) Using consumer configuration: {apicurio.registry.avro-datum-provider=io.apicurio.registry.serde.avro.ReflectAvroDatumProvider}
2025-08-12 14:49:04,049 INFO  [io.api.tes.ser.api.KafkaSerdesTester] (Thread-633) Sending message io.apicurio.tests.common.serdes.TestObject@3dbd29cb to topic topic-772ab340_153f_4364_ab94_16493d0315ae
2025-08-12 14:49:04,056 WARN  [org.apa.kaf.cli.NetworkClient] (kafka-producer-network-thread | Producer-topic-772ab340_153f_4364_ab94_16493d0315ae) [Producer clientId=Producer-topic-772ab340_153f_4364_ab94_16493d0315ae] The metadata response from the cluster reported a recoverable issue with correlation id 1 : {topic-772ab340_153f_4364_ab94_16493d0315ae=UNKNOWN_TOPIC_OR_PARTITION}
2025-08-12 14:49:04,056 INFO  [org.apa.kaf.cli.Metadata] (kafka-producer-network-thread | Producer-topic-772ab340_153f_4364_ab94_16493d0315ae) [Producer clientId=Producer-topic-772ab340_153f_4364_ab94_16493d0315ae] Cluster ID: 2kzKdHjlS02ID15h9rF1bw
2025-08-12 14:49:04,057 INFO  [org.apa.kaf.cli.pro.int.TransactionManager] (kafka-producer-network-thread | Producer-topic-772ab340_153f_4364_ab94_16493d0315ae) [Producer clientId=Producer-topic-772ab340_153f_4364_ab94_16493d0315ae] ProducerId set to 6 with epoch 0
2025-08-12 14:49:04,340 INFO  [io.api.tes.ser.api.KafkaSerdesTester] (Thread-633) Sending message io.apicurio.tests.common.serdes.TestObject@3dbd29cb to topic topic-772ab340_153f_4364_ab94_16493d0315ae
2025-08-12 14:49:04,346 INFO  [io.api.tes.ser.api.KafkaSerdesTester] (Thread-633) Sending message io.apicurio.tests.common.serdes.TestObject@3dbd29cb to topic topic-772ab340_153f_4364_ab94_16493d0315ae
2025-08-12 14:49:04,349 INFO  [io.api.tes.ser.api.KafkaSerdesTester] (Thread-633) Sending message io.apicurio.tests.common.serdes.TestObject@3dbd29cb to topic topic-772ab340_153f_4364_ab94_16493d0315ae
2025-08-12 14:49:04,352 INFO  [io.api.tes.ser.api.KafkaSerdesTester] (Thread-633) Sending message io.apicurio.tests.common.serdes.TestObject@3dbd29cb to topic topic-772ab340_153f_4364_ab94_16493d0315ae
2025-08-12 14:49:04,355 INFO  [io.api.tes.ser.api.KafkaSerdesTester] (Thread-633) Sending message io.apicurio.tests.common.serdes.TestObject@3dbd29cb to topic topic-772ab340_153f_4364_ab94_16493d0315ae
2025-08-12 14:49:04,357 INFO  [io.api.tes.ser.api.KafkaSerdesTester] (Thread-633) Sending message io.apicurio.tests.common.serdes.TestObject@3dbd29cb to topic topic-772ab340_153f_4364_ab94_16493d0315ae
2025-08-12 14:49:04,363 INFO  [io.api.tes.ser.api.KafkaSerdesTester] (Thread-633) Sending message io.apicurio.tests.common.serdes.TestObject@3dbd29cb to topic topic-772ab340_153f_4364_ab94_16493d0315ae
2025-08-12 14:49:04,365 INFO  [io.api.tes.ser.api.KafkaSerdesTester] (Thread-633) Sending message io.apicurio.tests.common.serdes.TestObject@3dbd29cb to topic topic-772ab340_153f_4364_ab94_16493d0315ae
2025-08-12 14:49:04,368 INFO  [io.api.tes.ser.api.KafkaSerdesTester] (Thread-633) Sending message io.apicurio.tests.common.serdes.TestObject@3dbd29cb to topic topic-772ab340_153f_4364_ab94_16493d0315ae
2025-08-12 14:49:04,370 INFO  [io.api.tes.ser.api.KafkaSerdesTester] (Thread-633) Produced 10 messages
2025-08-12 14:49:04,370 INFO  [org.apa.kaf.cli.pro.KafkaProducer] (Thread-633) [Producer clientId=Producer-topic-772ab340_153f_4364_ab94_16493d0315ae] Closing the Kafka producer with timeoutMillis = 9223372036854775807 ms.
2025-08-12 14:49:04,373 INFO  [org.apa.kaf.com.met.Metrics] (Thread-633) Metrics scheduler closed
2025-08-12 14:49:04,373 INFO  [org.apa.kaf.com.met.Metrics] (Thread-633) Closing reporter org.apache.kafka.common.metrics.JmxReporter
2025-08-12 14:49:04,373 INFO  [org.apa.kaf.com.met.Metrics] (Thread-633) Closing reporter org.apache.kafka.common.telemetry.internals.ClientTelemetryReporter
2025-08-12 14:49:04,373 INFO  [org.apa.kaf.com.met.Metrics] (Thread-633) Metrics reporters closed
2025-08-12 14:49:04,374 INFO  [org.apa.kaf.com.uti.AppInfoParser] (Thread-633) App info kafka.producer for Producer-topic-772ab340_153f_4364_ab94_16493d0315ae unregistered
**** Registry Base URL: http://registry-app-inmemory.apps.ci419.apicurio-testing.org:80
2025-08-12 14:49:04,536 INFO  [org.apa.kaf.cli.con.ConsumerConfig] (main) ConsumerConfig values: 
	allow.auto.create.topics = true
	auto.commit.interval.ms = 500
	auto.include.jmx.reporter = true
	auto.offset.reset = earliest
	bootstrap.servers = [PLAINTEXT://localhost:32769]
	check.crcs = true
	client.dns.lookup = use_all_dns_ips
	client.id = consumer-Consumer-topic-772ab340_153f_4364_ab94_16493d0315ae-6
	client.rack = 
	connections.max.idle.ms = 10000
	default.api.timeout.ms = 60000
	enable.auto.commit = true
	enable.metrics.push = true
	exclude.internal.topics = true
	fetch.max.bytes = 52428800
	fetch.max.wait.ms = 500
	fetch.min.bytes = 1
	group.id = Consumer-topic-772ab340_153f_4364_ab94_16493d0315ae
	group.instance.id = null
	group.protocol = classic
	group.remote.assignor = null
	heartbeat.interval.ms = 3000
	interceptor.classes = []
	internal.leave.group.on.close = true
	internal.throw.on.fetch.stable.offset.unsupported = false
	isolation.level = read_uncommitted
	key.deserializer = class org.apache.kafka.common.serialization.StringDeserializer
	max.partition.fetch.bytes = 1048576
	max.poll.interval.ms = 300000
	max.poll.records = 500
	metadata.max.age.ms = 300000
	metadata.recovery.strategy = none
	metric.reporters = []
	metrics.num.samples = 2
	metrics.recording.level = INFO
	metrics.sample.window.ms = 30000
	partition.assignment.strategy = [class org.apache.kafka.clients.consumer.RangeAssignor, class org.apache.kafka.clients.consumer.CooperativeStickyAssignor]
	receive.buffer.bytes = 65536
	reconnect.backoff.max.ms = 1000
	reconnect.backoff.ms = 50
	request.timeout.ms = 5000
	retry.backoff.max.ms = 1000
	retry.backoff.ms = 100
	sasl.client.callback.handler.class = null
	sasl.jaas.config = null
	sasl.kerberos.kinit.cmd = /usr/bin/kinit
	sasl.kerberos.min.time.before.relogin = 60000
	sasl.kerberos.service.name = null
	sasl.kerberos.ticket.renew.jitter = 0.05
	sasl.kerberos.ticket.renew.window.factor = 0.8
	sasl.login.callback.handler.class = null
	sasl.login.class = null
	sasl.login.connect.timeout.ms = null
	sasl.login.read.timeout.ms = null
	sasl.login.refresh.buffer.seconds = 300
	sasl.login.refresh.min.period.seconds = 60
	sasl.login.refresh.window.factor = 0.8
	sasl.login.refresh.window.jitter = 0.05
	sasl.login.retry.backoff.max.ms = 10000
	sasl.login.retry.backoff.ms = 100
	sasl.mechanism = GSSAPI
	sasl.oauthbearer.clock.skew.seconds = 30
	sasl.oauthbearer.expected.audience = null
	sasl.oauthbearer.expected.issuer = null
	sasl.oauthbearer.header.urlencode = false
	sasl.oauthbearer.jwks.endpoint.refresh.ms = 3600000
	sasl.oauthbearer.jwks.endpoint.retry.backoff.max.ms = 10000
	sasl.oauthbearer.jwks.endpoint.retry.backoff.ms = 100
	sasl.oauthbearer.jwks.endpoint.url = null
	sasl.oauthbearer.scope.claim.name = scope
	sasl.oauthbearer.sub.claim.name = sub
	sasl.oauthbearer.token.endpoint.url = null
	security.protocol = PLAINTEXT
	security.providers = null
	send.buffer.bytes = 131072
	session.timeout.ms = 45000
	socket.connection.setup.timeout.max.ms = 30000
	socket.connection.setup.timeout.ms = 10000
	ssl.cipher.suites = null
	ssl.enabled.protocols = [TLSv1.2, TLSv1.3]
	ssl.endpoint.identification.algorithm = https
	ssl.engine.factory.class = null
	ssl.key.password = null
	ssl.keymanager.algorithm = SunX509
	ssl.keystore.certificate.chain = null
	ssl.keystore.key = null
	ssl.keystore.location = null
	ssl.keystore.password = null
	ssl.keystore.type = JKS
	ssl.protocol = TLSv1.3
	ssl.provider = null
	ssl.secure.random.implementation = null
	ssl.trustmanager.algorithm = PKIX
	ssl.truststore.certificates = null
	ssl.truststore.location = null
	ssl.truststore.password = null
	ssl.truststore.type = JKS
	value.deserializer = class io.apicurio.registry.serde.avro.AvroKafkaDeserializer

2025-08-12 14:49:04,537 INFO  [org.apa.kaf.com.tel.int.KafkaMetricsCollector] (main) initializing Kafka metrics collector
2025-08-12 14:49:04,542 INFO  [org.apa.kaf.cli.con.ConsumerConfig] (main) These configurations '[apicurio.registry.url, apicurio.registry.avro-datum-provider]' were supplied but are not used yet.
2025-08-12 14:49:04,542 INFO  [org.apa.kaf.com.uti.AppInfoParser] (main) Kafka version: 3.9.1
2025-08-12 14:49:04,542 INFO  [org.apa.kaf.com.uti.AppInfoParser] (main) Kafka commitId: f745dfdcee2b9851
2025-08-12 14:49:04,542 INFO  [org.apa.kaf.com.uti.AppInfoParser] (main) Kafka startTimeMs: 1755010144542
2025-08-12 14:49:04,543 INFO  [org.apa.kaf.cli.con.int.ClassicKafkaConsumer] (Thread-636) [Consumer clientId=consumer-Consumer-topic-772ab340_153f_4364_ab94_16493d0315ae-6, groupId=Consumer-topic-772ab340_153f_4364_ab94_16493d0315ae] Subscribed to topic(s): topic-772ab340_153f_4364_ab94_16493d0315ae
2025-08-12 14:49:04,547 INFO  [org.apa.kaf.cli.Metadata] (Thread-636) [Consumer clientId=consumer-Consumer-topic-772ab340_153f_4364_ab94_16493d0315ae-6, groupId=Consumer-topic-772ab340_153f_4364_ab94_16493d0315ae] Cluster ID: 2kzKdHjlS02ID15h9rF1bw
2025-08-12 14:49:04,547 INFO  [org.apa.kaf.cli.con.int.ConsumerCoordinator] (Thread-636) [Consumer clientId=consumer-Consumer-topic-772ab340_153f_4364_ab94_16493d0315ae-6, groupId=Consumer-topic-772ab340_153f_4364_ab94_16493d0315ae] Discovered group coordinator localhost:32769 (id: 2147483647 rack: null)
2025-08-12 14:49:04,550 INFO  [org.apa.kaf.cli.con.int.ConsumerCoordinator] (Thread-636) [Consumer clientId=consumer-Consumer-topic-772ab340_153f_4364_ab94_16493d0315ae-6, groupId=Consumer-topic-772ab340_153f_4364_ab94_16493d0315ae] (Re-)joining group
2025-08-12 14:49:04,558 INFO  [org.apa.kaf.cli.con.int.ConsumerCoordinator] (Thread-636) [Consumer clientId=consumer-Consumer-topic-772ab340_153f_4364_ab94_16493d0315ae-6, groupId=Consumer-topic-772ab340_153f_4364_ab94_16493d0315ae] Request joining group due to: need to re-join with the given member-id: consumer-Consumer-topic-772ab340_153f_4364_ab94_16493d0315ae-6-e1b247b6-8a02-4eb4-a206-76797fdd6824
2025-08-12 14:49:04,558 INFO  [org.apa.kaf.cli.con.int.ConsumerCoordinator] (Thread-636) [Consumer clientId=consumer-Consumer-topic-772ab340_153f_4364_ab94_16493d0315ae-6, groupId=Consumer-topic-772ab340_153f_4364_ab94_16493d0315ae] (Re-)joining group
2025-08-12 14:49:05,543 INFO  [io.api.tes.ser.api.KafkaSerdesTester] (Thread-636) None found
2025-08-12 14:49:06,544 INFO  [io.api.tes.ser.api.KafkaSerdesTester] (Thread-636) None found
2025-08-12 14:49:07,544 INFO  [io.api.tes.ser.api.KafkaSerdesTester] (Thread-636) None found
2025-08-12 14:49:07,560 INFO  [org.apa.kaf.cli.con.int.ConsumerCoordinator] (Thread-636) [Consumer clientId=consumer-Consumer-topic-772ab340_153f_4364_ab94_16493d0315ae-6, groupId=Consumer-topic-772ab340_153f_4364_ab94_16493d0315ae] Successfully joined group with generation Generation{generationId=1, memberId='consumer-Consumer-topic-772ab340_153f_4364_ab94_16493d0315ae-6-e1b247b6-8a02-4eb4-a206-76797fdd6824', protocol='range'}
2025-08-12 14:49:07,561 INFO  [org.apa.kaf.cli.con.int.ConsumerCoordinator] (Thread-636) [Consumer clientId=consumer-Consumer-topic-772ab340_153f_4364_ab94_16493d0315ae-6, groupId=Consumer-topic-772ab340_153f_4364_ab94_16493d0315ae] Finished assignment for group at generation 1: {consumer-Consumer-topic-772ab340_153f_4364_ab94_16493d0315ae-6-e1b247b6-8a02-4eb4-a206-76797fdd6824=Assignment(partitions=[topic-772ab340_153f_4364_ab94_16493d0315ae-0])}
2025-08-12 14:49:07,568 INFO  [org.apa.kaf.cli.con.int.ConsumerCoordinator] (Thread-636) [Consumer clientId=consumer-Consumer-topic-772ab340_153f_4364_ab94_16493d0315ae-6, groupId=Consumer-topic-772ab340_153f_4364_ab94_16493d0315ae] Successfully synced group in generation Generation{generationId=1, memberId='consumer-Consumer-topic-772ab340_153f_4364_ab94_16493d0315ae-6-e1b247b6-8a02-4eb4-a206-76797fdd6824', protocol='range'}
2025-08-12 14:49:07,568 INFO  [org.apa.kaf.cli.con.int.ConsumerCoordinator] (Thread-636) [Consumer clientId=consumer-Consumer-topic-772ab340_153f_4364_ab94_16493d0315ae-6, groupId=Consumer-topic-772ab340_153f_4364_ab94_16493d0315ae] Notifying assignor about the new Assignment(partitions=[topic-772ab340_153f_4364_ab94_16493d0315ae-0])
2025-08-12 14:49:07,568 INFO  [org.apa.kaf.cli.con.int.ConsumerRebalanceListenerInvoker] (Thread-636) [Consumer clientId=consumer-Consumer-topic-772ab340_153f_4364_ab94_16493d0315ae-6, groupId=Consumer-topic-772ab340_153f_4364_ab94_16493d0315ae] Adding newly assigned partitions: topic-772ab340_153f_4364_ab94_16493d0315ae-0
2025-08-12 14:49:07,569 INFO  [org.apa.kaf.cli.con.int.ConsumerCoordinator] (Thread-636) [Consumer clientId=consumer-Consumer-topic-772ab340_153f_4364_ab94_16493d0315ae-6, groupId=Consumer-topic-772ab340_153f_4364_ab94_16493d0315ae] Found no committed offset for partition topic-772ab340_153f_4364_ab94_16493d0315ae-0
2025-08-12 14:49:07,574 INFO  [org.apa.kaf.cli.con.int.SubscriptionState] (Thread-636) [Consumer clientId=consumer-Consumer-topic-772ab340_153f_4364_ab94_16493d0315ae-6, groupId=Consumer-topic-772ab340_153f_4364_ab94_16493d0315ae] Resetting offset for partition topic-772ab340_153f_4364_ab94_16493d0315ae-0 to position FetchPosition{offset=0, offsetEpoch=Optional.empty, currentLeader=LeaderAndEpoch{leader=Optional[localhost:32769 (id: 0 rack: null)], epoch=0}}.
2025-08-12 14:49:07,811 INFO  [io.api.tes.ser.api.KafkaSerdesTester] (Thread-636) topic-772ab340_153f_4364_ab94_16493d0315ae 0 0 io.apicurio.tests.common.serdes.TestObject@3dbd29cb
2025-08-12 14:49:07,811 INFO  [io.api.tes.ser.api.KafkaSerdesTester] (Thread-636) topic-772ab340_153f_4364_ab94_16493d0315ae 0 1 io.apicurio.tests.common.serdes.TestObject@3dbd29cb
2025-08-12 14:49:07,811 INFO  [io.api.tes.ser.api.KafkaSerdesTester] (Thread-636) topic-772ab340_153f_4364_ab94_16493d0315ae 0 2 io.apicurio.tests.common.serdes.TestObject@3dbd29cb
2025-08-12 14:49:07,811 INFO  [io.api.tes.ser.api.KafkaSerdesTester] (Thread-636) topic-772ab340_153f_4364_ab94_16493d0315ae 0 3 io.apicurio.tests.common.serdes.TestObject@3dbd29cb
2025-08-12 14:49:07,811 INFO  [io.api.tes.ser.api.KafkaSerdesTester] (Thread-636) topic-772ab340_153f_4364_ab94_16493d0315ae 0 4 io.apicurio.tests.common.serdes.TestObject@3dbd29cb
2025-08-12 14:49:07,811 INFO  [io.api.tes.ser.api.KafkaSerdesTester] (Thread-636) topic-772ab340_153f_4364_ab94_16493d0315ae 0 5 io.apicurio.tests.common.serdes.TestObject@3dbd29cb
2025-08-12 14:49:07,811 INFO  [io.api.tes.ser.api.KafkaSerdesTester] (Thread-636) topic-772ab340_153f_4364_ab94_16493d0315ae 0 6 io.apicurio.tests.common.serdes.TestObject@3dbd29cb
2025-08-12 14:49:07,811 INFO  [io.api.tes.ser.api.KafkaSerdesTester] (Thread-636) topic-772ab340_153f_4364_ab94_16493d0315ae 0 7 io.apicurio.tests.common.serdes.TestObject@3dbd29cb
2025-08-12 14:49:07,811 INFO  [io.api.tes.ser.api.KafkaSerdesTester] (Thread-636) topic-772ab340_153f_4364_ab94_16493d0315ae 0 8 io.apicurio.tests.common.serdes.TestObject@3dbd29cb
2025-08-12 14:49:07,811 INFO  [io.api.tes.ser.api.KafkaSerdesTester] (Thread-636) topic-772ab340_153f_4364_ab94_16493d0315ae 0 9 io.apicurio.tests.common.serdes.TestObject@3dbd29cb
2025-08-12 14:49:07,811 INFO  [io.api.tes.ser.api.KafkaSerdesTester] (Thread-636) Consumed 10 messages
2025-08-12 14:49:07,819 INFO  [org.apa.kaf.cli.con.int.ConsumerRebalanceListenerInvoker] (Thread-636) [Consumer clientId=consumer-Consumer-topic-772ab340_153f_4364_ab94_16493d0315ae-6, groupId=Consumer-topic-772ab340_153f_4364_ab94_16493d0315ae] Revoke previously assigned partitions topic-772ab340_153f_4364_ab94_16493d0315ae-0
2025-08-12 14:49:07,819 INFO  [org.apa.kaf.cli.con.int.ConsumerCoordinator] (Thread-636) [Consumer clientId=consumer-Consumer-topic-772ab340_153f_4364_ab94_16493d0315ae-6, groupId=Consumer-topic-772ab340_153f_4364_ab94_16493d0315ae] Member consumer-Consumer-topic-772ab340_153f_4364_ab94_16493d0315ae-6-e1b247b6-8a02-4eb4-a206-76797fdd6824 sending LeaveGroup request to coordinator localhost:32769 (id: 2147483647 rack: null) due to the consumer is being closed
2025-08-12 14:49:07,819 INFO  [org.apa.kaf.cli.con.int.ConsumerCoordinator] (Thread-636) [Consumer clientId=consumer-Consumer-topic-772ab340_153f_4364_ab94_16493d0315ae-6, groupId=Consumer-topic-772ab340_153f_4364_ab94_16493d0315ae] Resetting generation and member id due to: consumer pro-actively leaving the group
2025-08-12 14:49:07,819 INFO  [org.apa.kaf.cli.con.int.ConsumerCoordinator] (Thread-636) [Consumer clientId=consumer-Consumer-topic-772ab340_153f_4364_ab94_16493d0315ae-6, groupId=Consumer-topic-772ab340_153f_4364_ab94_16493d0315ae] Request joining group due to: consumer pro-actively leaving the group
2025-08-12 14:49:08,314 INFO  [org.apa.kaf.com.met.Metrics] (Thread-636) Metrics scheduler closed
2025-08-12 14:49:08,314 INFO  [org.apa.kaf.com.met.Metrics] (Thread-636) Closing reporter org.apache.kafka.common.metrics.JmxReporter
2025-08-12 14:49:08,314 INFO  [org.apa.kaf.com.met.Metrics] (Thread-636) Closing reporter org.apache.kafka.common.telemetry.internals.ClientTelemetryReporter
2025-08-12 14:49:08,314 INFO  [org.apa.kaf.com.met.Metrics] (Thread-636) Metrics reporters closed
2025-08-12 14:49:08,316 INFO  [org.apa.kaf.com.uti.AppInfoParser] (Thread-636) App info kafka.consumer for consumer-Consumer-topic-772ab340_153f_4364_ab94_16493d0315ae-6 unregistered
2025-08-12 14:49:08,317 INFO  [io.api.tes.uti.TestSeparator] (main) io.apicurio.tests.serdes.apicurio.AvroSerdeIT.testReflectAutoRegister-FINISHED
2025-08-12 14:49:08,317 INFO  [io.api.tes.uti.TestSeparator] (main) ############################################################################
Test passed: testReflectAutoRegister
]]></system-out>
  </testcase>
  <testcase name="testArtifactNotFound" classname="io.apicurio.tests.serdes.apicurio.AvroSerdeIT" time="0.422">
    <system-out><![CDATA[2025-08-12 14:49:08,318 INFO  [io.api.tes.uti.TestSeparator] (main) ############################################################################
2025-08-12 14:49:08,319 INFO  [io.api.tes.uti.TestSeparator] (main) io.apicurio.tests.serdes.apicurio.AvroSerdeIT.testArtifactNotFound-STARTED
**** Registry Base URL: http://registry-app-inmemory.apps.ci419.apicurio-testing.org:80
2025-08-12 14:49:08,326 INFO  [org.apa.kaf.cli.pro.ProducerConfig] (main) ProducerConfig values: 
	acks = -1
	auto.include.jmx.reporter = true
	batch.size = 16384
	bootstrap.servers = [PLAINTEXT://localhost:32769]
	buffer.memory = 33554432
	client.dns.lookup = use_all_dns_ips
	client.id = Producer-sf701161ex1a0bx4367xb8c1xba1aea15d443
	compression.gzip.level = -1
	compression.lz4.level = 9
	compression.type = none
	compression.zstd.level = 3
	connections.max.idle.ms = 10000
	delivery.timeout.ms = 120000
	enable.idempotence = true
	enable.metrics.push = true
	interceptor.classes = []
	key.serializer = class org.apache.kafka.common.serialization.StringSerializer
	linger.ms = 0
	max.block.ms = 60000
	max.in.flight.requests.per.connection = 5
	max.request.size = 1048576
	metadata.max.age.ms = 300000
	metadata.max.idle.ms = 300000
	metadata.recovery.strategy = none
	metric.reporters = []
	metrics.num.samples = 2
	metrics.recording.level = INFO
	metrics.sample.window.ms = 30000
	partitioner.adaptive.partitioning.enable = true
	partitioner.availability.timeout.ms = 0
	partitioner.class = null
	partitioner.ignore.keys = false
	receive.buffer.bytes = 32768
	reconnect.backoff.max.ms = 1000
	reconnect.backoff.ms = 50
	request.timeout.ms = 5000
	retries = 2147483647
	retry.backoff.max.ms = 1000
	retry.backoff.ms = 100
	sasl.client.callback.handler.class = null
	sasl.jaas.config = null
	sasl.kerberos.kinit.cmd = /usr/bin/kinit
	sasl.kerberos.min.time.before.relogin = 60000
	sasl.kerberos.service.name = null
	sasl.kerberos.ticket.renew.jitter = 0.05
	sasl.kerberos.ticket.renew.window.factor = 0.8
	sasl.login.callback.handler.class = null
	sasl.login.class = null
	sasl.login.connect.timeout.ms = null
	sasl.login.read.timeout.ms = null
	sasl.login.refresh.buffer.seconds = 300
	sasl.login.refresh.min.period.seconds = 60
	sasl.login.refresh.window.factor = 0.8
	sasl.login.refresh.window.jitter = 0.05
	sasl.login.retry.backoff.max.ms = 10000
	sasl.login.retry.backoff.ms = 100
	sasl.mechanism = GSSAPI
	sasl.oauthbearer.clock.skew.seconds = 30
	sasl.oauthbearer.expected.audience = null
	sasl.oauthbearer.expected.issuer = null
	sasl.oauthbearer.header.urlencode = false
	sasl.oauthbearer.jwks.endpoint.refresh.ms = 3600000
	sasl.oauthbearer.jwks.endpoint.retry.backoff.max.ms = 10000
	sasl.oauthbearer.jwks.endpoint.retry.backoff.ms = 100
	sasl.oauthbearer.jwks.endpoint.url = null
	sasl.oauthbearer.scope.claim.name = scope
	sasl.oauthbearer.sub.claim.name = sub
	sasl.oauthbearer.token.endpoint.url = null
	security.protocol = PLAINTEXT
	security.providers = null
	send.buffer.bytes = 131072
	socket.connection.setup.timeout.max.ms = 30000
	socket.connection.setup.timeout.ms = 10000
	ssl.cipher.suites = null
	ssl.enabled.protocols = [TLSv1.2, TLSv1.3]
	ssl.endpoint.identification.algorithm = https
	ssl.engine.factory.class = null
	ssl.key.password = null
	ssl.keymanager.algorithm = SunX509
	ssl.keystore.certificate.chain = null
	ssl.keystore.key = null
	ssl.keystore.location = null
	ssl.keystore.password = null
	ssl.keystore.type = JKS
	ssl.protocol = TLSv1.3
	ssl.provider = null
	ssl.secure.random.implementation = null
	ssl.trustmanager.algorithm = PKIX
	ssl.truststore.certificates = null
	ssl.truststore.location = null
	ssl.truststore.password = null
	ssl.truststore.type = JKS
	transaction.timeout.ms = 60000
	transactional.id = null
	value.serializer = class io.apicurio.registry.serde.avro.AvroKafkaSerializer

2025-08-12 14:49:08,328 INFO  [org.apa.kaf.com.tel.int.KafkaMetricsCollector] (main) initializing Kafka metrics collector
2025-08-12 14:49:08,343 INFO  [org.apa.kaf.cli.pro.KafkaProducer] (main) [Producer clientId=Producer-sf701161ex1a0bx4367xb8c1xba1aea15d443] Instantiated an idempotent producer.
2025-08-12 14:49:08,355 INFO  [org.apa.kaf.cli.pro.ProducerConfig] (main) These configurations '[apicurio.registry.url, apicurio.registry.artifact-resolver-strategy]' were supplied but are not used yet.
2025-08-12 14:49:08,356 INFO  [org.apa.kaf.com.uti.AppInfoParser] (main) Kafka version: 3.9.1
2025-08-12 14:49:08,356 INFO  [org.apa.kaf.com.uti.AppInfoParser] (main) Kafka commitId: f745dfdcee2b9851
2025-08-12 14:49:08,356 INFO  [org.apa.kaf.com.uti.AppInfoParser] (main) Kafka startTimeMs: 1755010148355
2025-08-12 14:49:08,356 INFO  [io.api.tes.ser.api.KafkaSerdesTester] (Thread-639) Sending message {"keyB": "value-0"} to topic sf701161ex1a0bx4367xb8c1xba1aea15d443
2025-08-12 14:49:08,364 INFO  [org.apa.kaf.cli.Metadata] (kafka-producer-network-thread | Producer-sf701161ex1a0bx4367xb8c1xba1aea15d443) [Producer clientId=Producer-sf701161ex1a0bx4367xb8c1xba1aea15d443] Cluster ID: 2kzKdHjlS02ID15h9rF1bw
2025-08-12 14:49:08,365 INFO  [DefaultSchemaResolver] (Thread-639) Retrieving schema content using string: {"type":"record","name":"myrecord","namespace":"mygroup","fields":[{"name":"keyB","type":"string"}]}
2025-08-12 14:49:08,366 INFO  [org.apa.kaf.cli.pro.int.TransactionManager] (kafka-producer-network-thread | Producer-sf701161ex1a0bx4367xb8c1xba1aea15d443) [Producer clientId=Producer-sf701161ex1a0bx4367xb8c1xba1aea15d443] ProducerId set to 7 with epoch 0
2025-08-12 14:49:08,735 INFO  [org.apa.kaf.cli.pro.KafkaProducer] (Thread-639) [Producer clientId=Producer-sf701161ex1a0bx4367xb8c1xba1aea15d443] Closing the Kafka producer with timeoutMillis = 9223372036854775807 ms.
2025-08-12 14:49:08,739 INFO  [org.apa.kaf.com.met.Metrics] (Thread-639) Metrics scheduler closed
2025-08-12 14:49:08,739 INFO  [org.apa.kaf.com.met.Metrics] (Thread-639) Closing reporter org.apache.kafka.common.metrics.JmxReporter
2025-08-12 14:49:08,739 INFO  [org.apa.kaf.com.met.Metrics] (Thread-639) Closing reporter org.apache.kafka.common.telemetry.internals.ClientTelemetryReporter
2025-08-12 14:49:08,739 INFO  [org.apa.kaf.com.met.Metrics] (Thread-639) Metrics reporters closed
2025-08-12 14:49:08,739 INFO  [org.apa.kaf.com.uti.AppInfoParser] (Thread-639) App info kafka.producer for Producer-sf701161ex1a0bx4367xb8c1xba1aea15d443 unregistered
2025-08-12 14:49:08,740 INFO  [io.api.tes.uti.TestSeparator] (main) io.apicurio.tests.serdes.apicurio.AvroSerdeIT.testArtifactNotFound-FINISHED
2025-08-12 14:49:08,740 INFO  [io.api.tes.uti.TestSeparator] (main) ############################################################################
Test passed: testArtifactNotFound
]]></system-out>
    <system-err><![CDATA[java.lang.RuntimeException: Could not resolve artifact reference by content: {"type":"record","name":"myrecord","namespace":"mygroup","fields":[{"name":"keyB","type":"string"}]}&ArtifactReference [groupId=default, artifactId=sf701161ex1a0bx4367xb8c1xba1aea15d443-value, version=null, globalId=null, contentId=null, contentHash=null]
	at io.apicurio.registry.resolver.DefaultSchemaResolver.lambda$handleResolveSchemaByContent$3(DefaultSchemaResolver.java:265)
	at io.apicurio.registry.resolver.cache.ERCache.lambda$getValue$0(ERCache.java:174)
	at io.apicurio.registry.resolver.cache.ERCache.retry(ERCache.java:227)
	at io.apicurio.registry.resolver.cache.ERCache.getValue(ERCache.java:173)
	at io.apicurio.registry.resolver.cache.ERCache.getByContent(ERCache.java:147)
	at io.apicurio.registry.resolver.DefaultSchemaResolver.handleResolveSchemaByContent(DefaultSchemaResolver.java:253)
	at io.apicurio.registry.resolver.DefaultSchemaResolver.getSchemaFromRegistry(DefaultSchemaResolver.java:138)
	at io.apicurio.registry.resolver.DefaultSchemaResolver.lambda$resolveSchema$0(DefaultSchemaResolver.java:84)
	at java.base/java.util.Optional.orElseGet(Optional.java:364)
	at io.apicurio.registry.resolver.DefaultSchemaResolver.resolveSchema(DefaultSchemaResolver.java:84)
	at io.apicurio.registry.serde.AbstractSerializer.serializeData(AbstractSerializer.java:62)
	at io.apicurio.registry.serde.KafkaSerializer.serialize(KafkaSerializer.java:77)
	at org.apache.kafka.clients.producer.KafkaProducer.doSend(KafkaProducer.java:1046)
	at org.apache.kafka.clients.producer.KafkaProducer.send(KafkaProducer.java:993)
	at org.apache.kafka.clients.producer.KafkaProducer.send(KafkaProducer.java:875)
	at io.apicurio.tests.serdes.apicurio.KafkaSerdesTester.lambda$produceMessages$3(KafkaSerdesTester.java:138)
	at java.base/java.util.concurrent.CompletableFuture$AsyncSupply.run(CompletableFuture.java:1768)
	at java.base/java.lang.Thread.run(Thread.java:840)
]]></system-err>
  </testcase>
  <testcase name="testAvroSerDesFailDifferentSchemaByRecordName" classname="io.apicurio.tests.serdes.apicurio.AvroSerdeIT" time="1.349">
    <system-out><![CDATA[2025-08-12 14:49:08,741 INFO  [io.api.tes.uti.TestSeparator] (main) ############################################################################
2025-08-12 14:49:08,741 INFO  [io.api.tes.uti.TestSeparator] (main) io.apicurio.tests.serdes.apicurio.AvroSerdeIT.testAvroSerDesFailDifferentSchemaByRecordName-STARTED
**** Registry Base URL: http://registry-app-inmemory.apps.ci419.apicurio-testing.org:80
2025-08-12 14:49:09,916 INFO  [org.apa.kaf.cli.pro.ProducerConfig] (main) ProducerConfig values: 
	acks = -1
	auto.include.jmx.reporter = true
	batch.size = 16384
	bootstrap.servers = [PLAINTEXT://localhost:32769]
	buffer.memory = 33554432
	client.dns.lookup = use_all_dns_ips
	client.id = Producer-topic-9b7f8b98_3870_486e_b4bf_cd1c690789d9
	compression.gzip.level = -1
	compression.lz4.level = 9
	compression.type = none
	compression.zstd.level = 3
	connections.max.idle.ms = 10000
	delivery.timeout.ms = 120000
	enable.idempotence = true
	enable.metrics.push = true
	interceptor.classes = []
	key.serializer = class org.apache.kafka.common.serialization.StringSerializer
	linger.ms = 0
	max.block.ms = 60000
	max.in.flight.requests.per.connection = 5
	max.request.size = 1048576
	metadata.max.age.ms = 300000
	metadata.max.idle.ms = 300000
	metadata.recovery.strategy = none
	metric.reporters = []
	metrics.num.samples = 2
	metrics.recording.level = INFO
	metrics.sample.window.ms = 30000
	partitioner.adaptive.partitioning.enable = true
	partitioner.availability.timeout.ms = 0
	partitioner.class = null
	partitioner.ignore.keys = false
	receive.buffer.bytes = 32768
	reconnect.backoff.max.ms = 1000
	reconnect.backoff.ms = 50
	request.timeout.ms = 5000
	retries = 2147483647
	retry.backoff.max.ms = 1000
	retry.backoff.ms = 100
	sasl.client.callback.handler.class = null
	sasl.jaas.config = null
	sasl.kerberos.kinit.cmd = /usr/bin/kinit
	sasl.kerberos.min.time.before.relogin = 60000
	sasl.kerberos.service.name = null
	sasl.kerberos.ticket.renew.jitter = 0.05
	sasl.kerberos.ticket.renew.window.factor = 0.8
	sasl.login.callback.handler.class = null
	sasl.login.class = null
	sasl.login.connect.timeout.ms = null
	sasl.login.read.timeout.ms = null
	sasl.login.refresh.buffer.seconds = 300
	sasl.login.refresh.min.period.seconds = 60
	sasl.login.refresh.window.factor = 0.8
	sasl.login.refresh.window.jitter = 0.05
	sasl.login.retry.backoff.max.ms = 10000
	sasl.login.retry.backoff.ms = 100
	sasl.mechanism = GSSAPI
	sasl.oauthbearer.clock.skew.seconds = 30
	sasl.oauthbearer.expected.audience = null
	sasl.oauthbearer.expected.issuer = null
	sasl.oauthbearer.header.urlencode = false
	sasl.oauthbearer.jwks.endpoint.refresh.ms = 3600000
	sasl.oauthbearer.jwks.endpoint.retry.backoff.max.ms = 10000
	sasl.oauthbearer.jwks.endpoint.retry.backoff.ms = 100
	sasl.oauthbearer.jwks.endpoint.url = null
	sasl.oauthbearer.scope.claim.name = scope
	sasl.oauthbearer.sub.claim.name = sub
	sasl.oauthbearer.token.endpoint.url = null
	security.protocol = PLAINTEXT
	security.providers = null
	send.buffer.bytes = 131072
	socket.connection.setup.timeout.max.ms = 30000
	socket.connection.setup.timeout.ms = 10000
	ssl.cipher.suites = null
	ssl.enabled.protocols = [TLSv1.2, TLSv1.3]
	ssl.endpoint.identification.algorithm = https
	ssl.engine.factory.class = null
	ssl.key.password = null
	ssl.keymanager.algorithm = SunX509
	ssl.keystore.certificate.chain = null
	ssl.keystore.key = null
	ssl.keystore.location = null
	ssl.keystore.password = null
	ssl.keystore.type = JKS
	ssl.protocol = TLSv1.3
	ssl.provider = null
	ssl.secure.random.implementation = null
	ssl.trustmanager.algorithm = PKIX
	ssl.truststore.certificates = null
	ssl.truststore.location = null
	ssl.truststore.password = null
	ssl.truststore.type = JKS
	transaction.timeout.ms = 60000
	transactional.id = null
	value.serializer = class io.apicurio.registry.serde.avro.AvroKafkaSerializer

2025-08-12 14:49:09,916 INFO  [org.apa.kaf.com.tel.int.KafkaMetricsCollector] (main) initializing Kafka metrics collector
2025-08-12 14:49:09,919 INFO  [org.apa.kaf.cli.pro.KafkaProducer] (main) [Producer clientId=Producer-topic-9b7f8b98_3870_486e_b4bf_cd1c690789d9] Instantiated an idempotent producer.
2025-08-12 14:49:09,922 INFO  [org.apa.kaf.cli.pro.ProducerConfig] (main) These configurations '[apicurio.registry.find-latest, apicurio.registry.url, apicurio.registry.artifact-resolver-strategy]' were supplied but are not used yet.
2025-08-12 14:49:09,922 INFO  [org.apa.kaf.com.uti.AppInfoParser] (main) Kafka version: 3.9.1
2025-08-12 14:49:09,924 INFO  [org.apa.kaf.com.uti.AppInfoParser] (main) Kafka commitId: f745dfdcee2b9851
2025-08-12 14:49:09,924 INFO  [org.apa.kaf.com.uti.AppInfoParser] (main) Kafka startTimeMs: 1755010149922
2025-08-12 14:49:09,925 INFO  [io.api.tes.ser.api.KafkaSerdesTester] (Thread-642) Sending message {"keyB": "value-0"} to topic topic-9b7f8b98_3870_486e_b4bf_cd1c690789d9
2025-08-12 14:49:09,928 INFO  [org.apa.kaf.cli.Metadata] (kafka-producer-network-thread | Producer-topic-9b7f8b98_3870_486e_b4bf_cd1c690789d9) [Producer clientId=Producer-topic-9b7f8b98_3870_486e_b4bf_cd1c690789d9] Cluster ID: 2kzKdHjlS02ID15h9rF1bw
2025-08-12 14:49:09,930 INFO  [org.apa.kaf.cli.pro.int.TransactionManager] (kafka-producer-network-thread | Producer-topic-9b7f8b98_3870_486e_b4bf_cd1c690789d9) [Producer clientId=Producer-topic-9b7f8b98_3870_486e_b4bf_cd1c690789d9] ProducerId set to 8 with epoch 0
2025-08-12 14:49:10,087 INFO  [org.apa.kaf.cli.pro.KafkaProducer] (Thread-642) [Producer clientId=Producer-topic-9b7f8b98_3870_486e_b4bf_cd1c690789d9] Closing the Kafka producer with timeoutMillis = 9223372036854775807 ms.
2025-08-12 14:49:10,089 INFO  [org.apa.kaf.com.met.Metrics] (Thread-642) Metrics scheduler closed
2025-08-12 14:49:10,089 INFO  [org.apa.kaf.com.met.Metrics] (Thread-642) Closing reporter org.apache.kafka.common.metrics.JmxReporter
2025-08-12 14:49:10,089 INFO  [org.apa.kaf.com.met.Metrics] (Thread-642) Closing reporter org.apache.kafka.common.telemetry.internals.ClientTelemetryReporter
2025-08-12 14:49:10,089 INFO  [org.apa.kaf.com.met.Metrics] (Thread-642) Metrics reporters closed
2025-08-12 14:49:10,089 INFO  [org.apa.kaf.com.uti.AppInfoParser] (Thread-642) App info kafka.producer for Producer-topic-9b7f8b98_3870_486e_b4bf_cd1c690789d9 unregistered
2025-08-12 14:49:10,090 INFO  [io.api.tes.uti.TestSeparator] (main) io.apicurio.tests.serdes.apicurio.AvroSerdeIT.testAvroSerDesFailDifferentSchemaByRecordName-FINISHED
2025-08-12 14:49:10,090 INFO  [io.api.tes.uti.TestSeparator] (main) ############################################################################
Test passed: testAvroSerDesFailDifferentSchemaByRecordName
]]></system-out>
    <system-err><![CDATA[io.apicurio.registry.rest.client.models.ProblemDetails
	at io.apicurio.registry.rest.client.models.ProblemDetails.createFromDiscriminatorValue(ProblemDetails.java:58)
	at io.kiota.serialization.json.JsonParseNode.getObjectValue(JsonParseNode.java:247)
	at io.kiota.http.vertx.VertXRequestAdapter.lambda$throwIfFailedResponse$0(VertXRequestAdapter.java:400)
	at com.microsoft.kiota.ApiExceptionBuilder.<init>(ApiExceptionBuilder.java:26)
	at io.kiota.http.vertx.VertXRequestAdapter.throwIfFailedResponse(VertXRequestAdapter.java:399)
	at io.kiota.http.vertx.VertXRequestAdapter.send(VertXRequestAdapter.java:170)
	at io.apicurio.registry.rest.client.groups.item.artifacts.item.versions.item.WithVersionExpressionItemRequestBuilder.get(WithVersionExpressionItemRequestBuilder.java:128)
	at io.apicurio.registry.rest.client.groups.item.artifacts.item.versions.item.WithVersionExpressionItemRequestBuilder.get(WithVersionExpressionItemRequestBuilder.java:111)
	at io.apicurio.registry.resolver.client.RegistryClientFacadeImpl.getVersionCoordinatesByGAV(RegistryClientFacadeImpl.java:159)
	at io.apicurio.registry.resolver.DefaultSchemaResolver.resolveByCoordinates(DefaultSchemaResolver.java:352)
	at io.apicurio.registry.resolver.DefaultSchemaResolver.lambda$resolveSchemaByArtifactReferenceCached$6(DefaultSchemaResolver.java:340)
	at io.apicurio.registry.resolver.cache.ERCache.lambda$getValue$0(ERCache.java:174)
	at io.apicurio.registry.resolver.cache.ERCache.retry(ERCache.java:227)
	at io.apicurio.registry.resolver.cache.ERCache.getValue(ERCache.java:173)
	at io.apicurio.registry.resolver.cache.ERCache.getByArtifactCoordinates(ERCache.java:158)
	at io.apicurio.registry.resolver.DefaultSchemaResolver.resolveSchemaByArtifactReferenceCached(DefaultSchemaResolver.java:338)
	at io.apicurio.registry.resolver.DefaultSchemaResolver.resolveSchemaByCoordinates(DefaultSchemaResolver.java:193)
	at io.apicurio.registry.resolver.DefaultSchemaResolver.getSchemaFromRegistry(DefaultSchemaResolver.java:130)
	at io.apicurio.registry.resolver.DefaultSchemaResolver.lambda$resolveSchema$0(DefaultSchemaResolver.java:84)
	at java.base/java.util.Optional.orElseGet(Optional.java:364)
	at io.apicurio.registry.resolver.DefaultSchemaResolver.resolveSchema(DefaultSchemaResolver.java:84)
	at io.apicurio.registry.serde.AbstractSerializer.serializeData(AbstractSerializer.java:62)
	at io.apicurio.registry.serde.KafkaSerializer.serialize(KafkaSerializer.java:77)
	at org.apache.kafka.clients.producer.KafkaProducer.doSend(KafkaProducer.java:1046)
	at org.apache.kafka.clients.producer.KafkaProducer.send(KafkaProducer.java:993)
	at org.apache.kafka.clients.producer.KafkaProducer.send(KafkaProducer.java:875)
	at io.apicurio.tests.serdes.apicurio.KafkaSerdesTester.lambda$produceMessages$3(KafkaSerdesTester.java:138)
	at java.base/java.util.concurrent.CompletableFuture$AsyncSupply.run(CompletableFuture.java:1768)
	at java.base/java.lang.Thread.run(Thread.java:840)
]]></system-err>
  </testcase>
  <testcase name="testTopicIdStrategyFindLatest" classname="io.apicurio.tests.serdes.apicurio.AvroSerdeIT" time="5.366">
    <system-out><![CDATA[2025-08-12 14:49:10,093 INFO  [io.api.tes.uti.TestSeparator] (main) ############################################################################
2025-08-12 14:49:10,093 INFO  [io.api.tes.uti.TestSeparator] (main) io.apicurio.tests.serdes.apicurio.AvroSerdeIT.testTopicIdStrategyFindLatest-STARTED
2025-08-12 14:49:10,095 INFO  [io.api.tes.ser.api.AvroSerdeIT] (main) Registering Avro Schema: {"type":"record","name":"myrecordapicurio1","fields":[{"name":"key11755010150093","type":"string"}]}
**** Registry Base URL: http://registry-app-inmemory.apps.ci419.apicurio-testing.org:80
2025-08-12 14:49:11,261 INFO  [org.apa.kaf.cli.pro.ProducerConfig] (main) ProducerConfig values: 
	acks = -1
	auto.include.jmx.reporter = true
	batch.size = 16384
	bootstrap.servers = [PLAINTEXT://localhost:32769]
	buffer.memory = 33554432
	client.dns.lookup = use_all_dns_ips
	client.id = Producer-topic-7c337b90_2407_4c1f_b943_c02c5b81376c
	compression.gzip.level = -1
	compression.lz4.level = 9
	compression.type = none
	compression.zstd.level = 3
	connections.max.idle.ms = 10000
	delivery.timeout.ms = 120000
	enable.idempotence = true
	enable.metrics.push = true
	interceptor.classes = []
	key.serializer = class org.apache.kafka.common.serialization.StringSerializer
	linger.ms = 0
	max.block.ms = 60000
	max.in.flight.requests.per.connection = 5
	max.request.size = 1048576
	metadata.max.age.ms = 300000
	metadata.max.idle.ms = 300000
	metadata.recovery.strategy = none
	metric.reporters = []
	metrics.num.samples = 2
	metrics.recording.level = INFO
	metrics.sample.window.ms = 30000
	partitioner.adaptive.partitioning.enable = true
	partitioner.availability.timeout.ms = 0
	partitioner.class = null
	partitioner.ignore.keys = false
	receive.buffer.bytes = 32768
	reconnect.backoff.max.ms = 1000
	reconnect.backoff.ms = 50
	request.timeout.ms = 5000
	retries = 2147483647
	retry.backoff.max.ms = 1000
	retry.backoff.ms = 100
	sasl.client.callback.handler.class = null
	sasl.jaas.config = null
	sasl.kerberos.kinit.cmd = /usr/bin/kinit
	sasl.kerberos.min.time.before.relogin = 60000
	sasl.kerberos.service.name = null
	sasl.kerberos.ticket.renew.jitter = 0.05
	sasl.kerberos.ticket.renew.window.factor = 0.8
	sasl.login.callback.handler.class = null
	sasl.login.class = null
	sasl.login.connect.timeout.ms = null
	sasl.login.read.timeout.ms = null
	sasl.login.refresh.buffer.seconds = 300
	sasl.login.refresh.min.period.seconds = 60
	sasl.login.refresh.window.factor = 0.8
	sasl.login.refresh.window.jitter = 0.05
	sasl.login.retry.backoff.max.ms = 10000
	sasl.login.retry.backoff.ms = 100
	sasl.mechanism = GSSAPI
	sasl.oauthbearer.clock.skew.seconds = 30
	sasl.oauthbearer.expected.audience = null
	sasl.oauthbearer.expected.issuer = null
	sasl.oauthbearer.header.urlencode = false
	sasl.oauthbearer.jwks.endpoint.refresh.ms = 3600000
	sasl.oauthbearer.jwks.endpoint.retry.backoff.max.ms = 10000
	sasl.oauthbearer.jwks.endpoint.retry.backoff.ms = 100
	sasl.oauthbearer.jwks.endpoint.url = null
	sasl.oauthbearer.scope.claim.name = scope
	sasl.oauthbearer.sub.claim.name = sub
	sasl.oauthbearer.token.endpoint.url = null
	security.protocol = PLAINTEXT
	security.providers = null
	send.buffer.bytes = 131072
	socket.connection.setup.timeout.max.ms = 30000
	socket.connection.setup.timeout.ms = 10000
	ssl.cipher.suites = null
	ssl.enabled.protocols = [TLSv1.2, TLSv1.3]
	ssl.endpoint.identification.algorithm = https
	ssl.engine.factory.class = null
	ssl.key.password = null
	ssl.keymanager.algorithm = SunX509
	ssl.keystore.certificate.chain = null
	ssl.keystore.key = null
	ssl.keystore.location = null
	ssl.keystore.password = null
	ssl.keystore.type = JKS
	ssl.protocol = TLSv1.3
	ssl.provider = null
	ssl.secure.random.implementation = null
	ssl.trustmanager.algorithm = PKIX
	ssl.truststore.certificates = null
	ssl.truststore.location = null
	ssl.truststore.password = null
	ssl.truststore.type = JKS
	transaction.timeout.ms = 60000
	transactional.id = null
	value.serializer = class io.apicurio.registry.serde.avro.AvroKafkaSerializer

2025-08-12 14:49:11,261 INFO  [org.apa.kaf.com.tel.int.KafkaMetricsCollector] (main) initializing Kafka metrics collector
2025-08-12 14:49:11,265 INFO  [org.apa.kaf.cli.pro.KafkaProducer] (main) [Producer clientId=Producer-topic-7c337b90_2407_4c1f_b943_c02c5b81376c] Instantiated an idempotent producer.
2025-08-12 14:49:11,271 INFO  [org.apa.kaf.cli.pro.ProducerConfig] (main) These configurations '[apicurio.registry.find-latest, apicurio.registry.url, apicurio.registry.artifact-resolver-strategy]' were supplied but are not used yet.
2025-08-12 14:49:11,271 INFO  [org.apa.kaf.com.uti.AppInfoParser] (main) Kafka version: 3.9.1
2025-08-12 14:49:11,271 INFO  [org.apa.kaf.com.uti.AppInfoParser] (main) Kafka commitId: f745dfdcee2b9851
2025-08-12 14:49:11,271 INFO  [org.apa.kaf.com.uti.AppInfoParser] (main) Kafka startTimeMs: 1755010151271
2025-08-12 14:49:11,272 INFO  [io.api.tes.ser.api.SimpleSerdesTesterBuilder$SimpleSerdesTester] (main) Using producer configuration: {apicurio.registry.find-latest=true, apicurio.registry.url=http://registry-app-inmemory.apps.ci419.apicurio-testing.org:80/apis/registry/v3, apicurio.registry.artifact-resolver-strategy=io.apicurio.registry.serde.strategy.TopicIdStrategy, value.serializer=io.apicurio.registry.serde.avro.AvroKafkaSerializer, request.timeout.ms=5000, acks=all, bootstrap.servers=PLAINTEXT://localhost:32769, connections.max.idle.ms=10000, key.serializer=org.apache.kafka.common.serialization.StringSerializer, client.id=Producer-topic-7c337b90_2407_4c1f_b943_c02c5b81376c}
2025-08-12 14:49:11,272 INFO  [io.api.tes.ser.api.SimpleSerdesTesterBuilder$SimpleSerdesTester] (main) Using consumer configuration: {}
2025-08-12 14:49:11,274 INFO  [io.api.tes.ser.api.KafkaSerdesTester] (Thread-645) Sending message {"key11755010150093": "value-0"} to topic topic-7c337b90_2407_4c1f_b943_c02c5b81376c
2025-08-12 14:49:11,283 INFO  [org.apa.kaf.cli.Metadata] (kafka-producer-network-thread | Producer-topic-7c337b90_2407_4c1f_b943_c02c5b81376c) [Producer clientId=Producer-topic-7c337b90_2407_4c1f_b943_c02c5b81376c] Cluster ID: 2kzKdHjlS02ID15h9rF1bw
2025-08-12 14:49:11,284 INFO  [org.apa.kaf.cli.pro.int.TransactionManager] (kafka-producer-network-thread | Producer-topic-7c337b90_2407_4c1f_b943_c02c5b81376c) [Producer clientId=Producer-topic-7c337b90_2407_4c1f_b943_c02c5b81376c] ProducerId set to 9 with epoch 0
2025-08-12 14:49:11,603 INFO  [io.api.tes.ser.api.KafkaSerdesTester] (Thread-645) Sending message {"key11755010150093": "value-1"} to topic topic-7c337b90_2407_4c1f_b943_c02c5b81376c
2025-08-12 14:49:11,608 INFO  [io.api.tes.ser.api.KafkaSerdesTester] (Thread-645) Sending message {"key11755010150093": "value-2"} to topic topic-7c337b90_2407_4c1f_b943_c02c5b81376c
2025-08-12 14:49:11,612 INFO  [io.api.tes.ser.api.KafkaSerdesTester] (Thread-645) Sending message {"key11755010150093": "value-3"} to topic topic-7c337b90_2407_4c1f_b943_c02c5b81376c
2025-08-12 14:49:11,618 INFO  [io.api.tes.ser.api.KafkaSerdesTester] (Thread-645) Sending message {"key11755010150093": "value-4"} to topic topic-7c337b90_2407_4c1f_b943_c02c5b81376c
2025-08-12 14:49:11,623 INFO  [io.api.tes.ser.api.KafkaSerdesTester] (Thread-645) Sending message {"key11755010150093": "value-5"} to topic topic-7c337b90_2407_4c1f_b943_c02c5b81376c
2025-08-12 14:49:11,628 INFO  [io.api.tes.ser.api.KafkaSerdesTester] (Thread-645) Sending message {"key11755010150093": "value-6"} to topic topic-7c337b90_2407_4c1f_b943_c02c5b81376c
2025-08-12 14:49:11,634 INFO  [io.api.tes.ser.api.KafkaSerdesTester] (Thread-645) Sending message {"key11755010150093": "value-7"} to topic topic-7c337b90_2407_4c1f_b943_c02c5b81376c
2025-08-12 14:49:11,640 INFO  [io.api.tes.ser.api.KafkaSerdesTester] (Thread-645) Sending message {"key11755010150093": "value-8"} to topic topic-7c337b90_2407_4c1f_b943_c02c5b81376c
2025-08-12 14:49:11,646 INFO  [io.api.tes.ser.api.KafkaSerdesTester] (Thread-645) Sending message {"key11755010150093": "value-9"} to topic topic-7c337b90_2407_4c1f_b943_c02c5b81376c
2025-08-12 14:49:11,652 INFO  [io.api.tes.ser.api.KafkaSerdesTester] (Thread-645) Produced 10 messages
2025-08-12 14:49:11,652 INFO  [org.apa.kaf.cli.pro.KafkaProducer] (Thread-645) [Producer clientId=Producer-topic-7c337b90_2407_4c1f_b943_c02c5b81376c] Closing the Kafka producer with timeoutMillis = 9223372036854775807 ms.
2025-08-12 14:49:11,659 INFO  [org.apa.kaf.com.met.Metrics] (Thread-645) Metrics scheduler closed
2025-08-12 14:49:11,659 INFO  [org.apa.kaf.com.met.Metrics] (Thread-645) Closing reporter org.apache.kafka.common.metrics.JmxReporter
2025-08-12 14:49:11,659 INFO  [org.apa.kaf.com.met.Metrics] (Thread-645) Closing reporter org.apache.kafka.common.telemetry.internals.ClientTelemetryReporter
2025-08-12 14:49:11,659 INFO  [org.apa.kaf.com.met.Metrics] (Thread-645) Metrics reporters closed
2025-08-12 14:49:11,659 INFO  [org.apa.kaf.com.uti.AppInfoParser] (Thread-645) App info kafka.producer for Producer-topic-7c337b90_2407_4c1f_b943_c02c5b81376c unregistered
**** Registry Base URL: http://registry-app-inmemory.apps.ci419.apicurio-testing.org:80
2025-08-12 14:49:11,660 INFO  [org.apa.kaf.cli.con.ConsumerConfig] (main) ConsumerConfig values: 
	allow.auto.create.topics = true
	auto.commit.interval.ms = 500
	auto.include.jmx.reporter = true
	auto.offset.reset = earliest
	bootstrap.servers = [PLAINTEXT://localhost:32769]
	check.crcs = true
	client.dns.lookup = use_all_dns_ips
	client.id = consumer-Consumer-topic-7c337b90_2407_4c1f_b943_c02c5b81376c-7
	client.rack = 
	connections.max.idle.ms = 10000
	default.api.timeout.ms = 60000
	enable.auto.commit = true
	enable.metrics.push = true
	exclude.internal.topics = true
	fetch.max.bytes = 52428800
	fetch.max.wait.ms = 500
	fetch.min.bytes = 1
	group.id = Consumer-topic-7c337b90_2407_4c1f_b943_c02c5b81376c
	group.instance.id = null
	group.protocol = classic
	group.remote.assignor = null
	heartbeat.interval.ms = 3000
	interceptor.classes = []
	internal.leave.group.on.close = true
	internal.throw.on.fetch.stable.offset.unsupported = false
	isolation.level = read_uncommitted
	key.deserializer = class org.apache.kafka.common.serialization.StringDeserializer
	max.partition.fetch.bytes = 1048576
	max.poll.interval.ms = 300000
	max.poll.records = 500
	metadata.max.age.ms = 300000
	metadata.recovery.strategy = none
	metric.reporters = []
	metrics.num.samples = 2
	metrics.recording.level = INFO
	metrics.sample.window.ms = 30000
	partition.assignment.strategy = [class org.apache.kafka.clients.consumer.RangeAssignor, class org.apache.kafka.clients.consumer.CooperativeStickyAssignor]
	receive.buffer.bytes = 65536
	reconnect.backoff.max.ms = 1000
	reconnect.backoff.ms = 50
	request.timeout.ms = 5000
	retry.backoff.max.ms = 1000
	retry.backoff.ms = 100
	sasl.client.callback.handler.class = null
	sasl.jaas.config = null
	sasl.kerberos.kinit.cmd = /usr/bin/kinit
	sasl.kerberos.min.time.before.relogin = 60000
	sasl.kerberos.service.name = null
	sasl.kerberos.ticket.renew.jitter = 0.05
	sasl.kerberos.ticket.renew.window.factor = 0.8
	sasl.login.callback.handler.class = null
	sasl.login.class = null
	sasl.login.connect.timeout.ms = null
	sasl.login.read.timeout.ms = null
	sasl.login.refresh.buffer.seconds = 300
	sasl.login.refresh.min.period.seconds = 60
	sasl.login.refresh.window.factor = 0.8
	sasl.login.refresh.window.jitter = 0.05
	sasl.login.retry.backoff.max.ms = 10000
	sasl.login.retry.backoff.ms = 100
	sasl.mechanism = GSSAPI
	sasl.oauthbearer.clock.skew.seconds = 30
	sasl.oauthbearer.expected.audience = null
	sasl.oauthbearer.expected.issuer = null
	sasl.oauthbearer.header.urlencode = false
	sasl.oauthbearer.jwks.endpoint.refresh.ms = 3600000
	sasl.oauthbearer.jwks.endpoint.retry.backoff.max.ms = 10000
	sasl.oauthbearer.jwks.endpoint.retry.backoff.ms = 100
	sasl.oauthbearer.jwks.endpoint.url = null
	sasl.oauthbearer.scope.claim.name = scope
	sasl.oauthbearer.sub.claim.name = sub
	sasl.oauthbearer.token.endpoint.url = null
	security.protocol = PLAINTEXT
	security.providers = null
	send.buffer.bytes = 131072
	session.timeout.ms = 45000
	socket.connection.setup.timeout.max.ms = 30000
	socket.connection.setup.timeout.ms = 10000
	ssl.cipher.suites = null
	ssl.enabled.protocols = [TLSv1.2, TLSv1.3]
	ssl.endpoint.identification.algorithm = https
	ssl.engine.factory.class = null
	ssl.key.password = null
	ssl.keymanager.algorithm = SunX509
	ssl.keystore.certificate.chain = null
	ssl.keystore.key = null
	ssl.keystore.location = null
	ssl.keystore.password = null
	ssl.keystore.type = JKS
	ssl.protocol = TLSv1.3
	ssl.provider = null
	ssl.secure.random.implementation = null
	ssl.trustmanager.algorithm = PKIX
	ssl.truststore.certificates = null
	ssl.truststore.location = null
	ssl.truststore.password = null
	ssl.truststore.type = JKS
	value.deserializer = class io.apicurio.registry.serde.avro.AvroKafkaDeserializer

2025-08-12 14:49:11,660 INFO  [org.apa.kaf.com.tel.int.KafkaMetricsCollector] (main) initializing Kafka metrics collector
2025-08-12 14:49:11,677 INFO  [org.apa.kaf.cli.con.ConsumerConfig] (main) These configurations '[apicurio.registry.url]' were supplied but are not used yet.
2025-08-12 14:49:11,677 INFO  [org.apa.kaf.com.uti.AppInfoParser] (main) Kafka version: 3.9.1
2025-08-12 14:49:11,677 INFO  [org.apa.kaf.com.uti.AppInfoParser] (main) Kafka commitId: f745dfdcee2b9851
2025-08-12 14:49:11,678 INFO  [org.apa.kaf.com.uti.AppInfoParser] (main) Kafka startTimeMs: 1755010151677
2025-08-12 14:49:11,682 INFO  [org.apa.kaf.cli.con.int.ClassicKafkaConsumer] (Thread-648) [Consumer clientId=consumer-Consumer-topic-7c337b90_2407_4c1f_b943_c02c5b81376c-7, groupId=Consumer-topic-7c337b90_2407_4c1f_b943_c02c5b81376c] Subscribed to topic(s): topic-7c337b90_2407_4c1f_b943_c02c5b81376c
2025-08-12 14:49:11,687 INFO  [org.apa.kaf.cli.Metadata] (Thread-648) [Consumer clientId=consumer-Consumer-topic-7c337b90_2407_4c1f_b943_c02c5b81376c-7, groupId=Consumer-topic-7c337b90_2407_4c1f_b943_c02c5b81376c] Cluster ID: 2kzKdHjlS02ID15h9rF1bw
2025-08-12 14:49:11,688 INFO  [org.apa.kaf.cli.con.int.ConsumerCoordinator] (Thread-648) [Consumer clientId=consumer-Consumer-topic-7c337b90_2407_4c1f_b943_c02c5b81376c-7, groupId=Consumer-topic-7c337b90_2407_4c1f_b943_c02c5b81376c] Discovered group coordinator localhost:32769 (id: 2147483647 rack: null)
2025-08-12 14:49:11,689 INFO  [org.apa.kaf.cli.con.int.ConsumerCoordinator] (Thread-648) [Consumer clientId=consumer-Consumer-topic-7c337b90_2407_4c1f_b943_c02c5b81376c-7, groupId=Consumer-topic-7c337b90_2407_4c1f_b943_c02c5b81376c] (Re-)joining group
2025-08-12 14:49:11,691 INFO  [org.apa.kaf.cli.con.int.ConsumerCoordinator] (Thread-648) [Consumer clientId=consumer-Consumer-topic-7c337b90_2407_4c1f_b943_c02c5b81376c-7, groupId=Consumer-topic-7c337b90_2407_4c1f_b943_c02c5b81376c] Request joining group due to: need to re-join with the given member-id: consumer-Consumer-topic-7c337b90_2407_4c1f_b943_c02c5b81376c-7-9c00467c-097f-4f5e-b465-79aa53ba5aed
2025-08-12 14:49:11,691 INFO  [org.apa.kaf.cli.con.int.ConsumerCoordinator] (Thread-648) [Consumer clientId=consumer-Consumer-topic-7c337b90_2407_4c1f_b943_c02c5b81376c-7, groupId=Consumer-topic-7c337b90_2407_4c1f_b943_c02c5b81376c] (Re-)joining group
2025-08-12 14:49:12,682 INFO  [io.api.tes.ser.api.KafkaSerdesTester] (Thread-648) None found
2025-08-12 14:49:13,683 INFO  [io.api.tes.ser.api.KafkaSerdesTester] (Thread-648) None found
2025-08-12 14:49:14,683 INFO  [io.api.tes.ser.api.KafkaSerdesTester] (Thread-648) None found
2025-08-12 14:49:14,694 INFO  [org.apa.kaf.cli.con.int.ConsumerCoordinator] (Thread-648) [Consumer clientId=consumer-Consumer-topic-7c337b90_2407_4c1f_b943_c02c5b81376c-7, groupId=Consumer-topic-7c337b90_2407_4c1f_b943_c02c5b81376c] Successfully joined group with generation Generation{generationId=1, memberId='consumer-Consumer-topic-7c337b90_2407_4c1f_b943_c02c5b81376c-7-9c00467c-097f-4f5e-b465-79aa53ba5aed', protocol='range'}
2025-08-12 14:49:14,694 INFO  [org.apa.kaf.cli.con.int.ConsumerCoordinator] (Thread-648) [Consumer clientId=consumer-Consumer-topic-7c337b90_2407_4c1f_b943_c02c5b81376c-7, groupId=Consumer-topic-7c337b90_2407_4c1f_b943_c02c5b81376c] Finished assignment for group at generation 1: {consumer-Consumer-topic-7c337b90_2407_4c1f_b943_c02c5b81376c-7-9c00467c-097f-4f5e-b465-79aa53ba5aed=Assignment(partitions=[topic-7c337b90_2407_4c1f_b943_c02c5b81376c-0])}
2025-08-12 14:49:14,702 INFO  [org.apa.kaf.cli.con.int.ConsumerCoordinator] (Thread-648) [Consumer clientId=consumer-Consumer-topic-7c337b90_2407_4c1f_b943_c02c5b81376c-7, groupId=Consumer-topic-7c337b90_2407_4c1f_b943_c02c5b81376c] Successfully synced group in generation Generation{generationId=1, memberId='consumer-Consumer-topic-7c337b90_2407_4c1f_b943_c02c5b81376c-7-9c00467c-097f-4f5e-b465-79aa53ba5aed', protocol='range'}
2025-08-12 14:49:14,702 INFO  [org.apa.kaf.cli.con.int.ConsumerCoordinator] (Thread-648) [Consumer clientId=consumer-Consumer-topic-7c337b90_2407_4c1f_b943_c02c5b81376c-7, groupId=Consumer-topic-7c337b90_2407_4c1f_b943_c02c5b81376c] Notifying assignor about the new Assignment(partitions=[topic-7c337b90_2407_4c1f_b943_c02c5b81376c-0])
2025-08-12 14:49:14,702 INFO  [org.apa.kaf.cli.con.int.ConsumerRebalanceListenerInvoker] (Thread-648) [Consumer clientId=consumer-Consumer-topic-7c337b90_2407_4c1f_b943_c02c5b81376c-7, groupId=Consumer-topic-7c337b90_2407_4c1f_b943_c02c5b81376c] Adding newly assigned partitions: topic-7c337b90_2407_4c1f_b943_c02c5b81376c-0
2025-08-12 14:49:14,704 INFO  [org.apa.kaf.cli.con.int.ConsumerCoordinator] (Thread-648) [Consumer clientId=consumer-Consumer-topic-7c337b90_2407_4c1f_b943_c02c5b81376c-7, groupId=Consumer-topic-7c337b90_2407_4c1f_b943_c02c5b81376c] Found no committed offset for partition topic-7c337b90_2407_4c1f_b943_c02c5b81376c-0
2025-08-12 14:49:14,709 INFO  [org.apa.kaf.cli.con.int.SubscriptionState] (Thread-648) [Consumer clientId=consumer-Consumer-topic-7c337b90_2407_4c1f_b943_c02c5b81376c-7, groupId=Consumer-topic-7c337b90_2407_4c1f_b943_c02c5b81376c] Resetting offset for partition topic-7c337b90_2407_4c1f_b943_c02c5b81376c-0 to position FetchPosition{offset=0, offsetEpoch=Optional.empty, currentLeader=LeaderAndEpoch{leader=Optional[localhost:32769 (id: 0 rack: null)], epoch=0}}.
2025-08-12 14:49:14,950 INFO  [io.api.tes.ser.api.KafkaSerdesTester] (Thread-648) topic-7c337b90_2407_4c1f_b943_c02c5b81376c 0 0 {"key11755010150093": "value-0"}
2025-08-12 14:49:14,951 INFO  [io.api.tes.ser.api.KafkaSerdesTester] (Thread-648) topic-7c337b90_2407_4c1f_b943_c02c5b81376c 0 1 {"key11755010150093": "value-1"}
2025-08-12 14:49:14,951 INFO  [io.api.tes.ser.api.KafkaSerdesTester] (Thread-648) topic-7c337b90_2407_4c1f_b943_c02c5b81376c 0 2 {"key11755010150093": "value-2"}
2025-08-12 14:49:14,951 INFO  [io.api.tes.ser.api.KafkaSerdesTester] (Thread-648) topic-7c337b90_2407_4c1f_b943_c02c5b81376c 0 3 {"key11755010150093": "value-3"}
2025-08-12 14:49:14,951 INFO  [io.api.tes.ser.api.KafkaSerdesTester] (Thread-648) topic-7c337b90_2407_4c1f_b943_c02c5b81376c 0 4 {"key11755010150093": "value-4"}
2025-08-12 14:49:14,951 INFO  [io.api.tes.ser.api.KafkaSerdesTester] (Thread-648) topic-7c337b90_2407_4c1f_b943_c02c5b81376c 0 5 {"key11755010150093": "value-5"}
2025-08-12 14:49:14,951 INFO  [io.api.tes.ser.api.KafkaSerdesTester] (Thread-648) topic-7c337b90_2407_4c1f_b943_c02c5b81376c 0 6 {"key11755010150093": "value-6"}
2025-08-12 14:49:14,951 INFO  [io.api.tes.ser.api.KafkaSerdesTester] (Thread-648) topic-7c337b90_2407_4c1f_b943_c02c5b81376c 0 7 {"key11755010150093": "value-7"}
2025-08-12 14:49:14,951 INFO  [io.api.tes.ser.api.KafkaSerdesTester] (Thread-648) topic-7c337b90_2407_4c1f_b943_c02c5b81376c 0 8 {"key11755010150093": "value-8"}
2025-08-12 14:49:14,951 INFO  [io.api.tes.ser.api.KafkaSerdesTester] (Thread-648) topic-7c337b90_2407_4c1f_b943_c02c5b81376c 0 9 {"key11755010150093": "value-9"}
2025-08-12 14:49:14,951 INFO  [io.api.tes.ser.api.KafkaSerdesTester] (Thread-648) Consumed 10 messages
2025-08-12 14:49:14,959 INFO  [org.apa.kaf.cli.con.int.ConsumerRebalanceListenerInvoker] (Thread-648) [Consumer clientId=consumer-Consumer-topic-7c337b90_2407_4c1f_b943_c02c5b81376c-7, groupId=Consumer-topic-7c337b90_2407_4c1f_b943_c02c5b81376c] Revoke previously assigned partitions topic-7c337b90_2407_4c1f_b943_c02c5b81376c-0
2025-08-12 14:49:14,959 INFO  [org.apa.kaf.cli.con.int.ConsumerCoordinator] (Thread-648) [Consumer clientId=consumer-Consumer-topic-7c337b90_2407_4c1f_b943_c02c5b81376c-7, groupId=Consumer-topic-7c337b90_2407_4c1f_b943_c02c5b81376c] Member consumer-Consumer-topic-7c337b90_2407_4c1f_b943_c02c5b81376c-7-9c00467c-097f-4f5e-b465-79aa53ba5aed sending LeaveGroup request to coordinator localhost:32769 (id: 2147483647 rack: null) due to the consumer is being closed
2025-08-12 14:49:14,959 INFO  [org.apa.kaf.cli.con.int.ConsumerCoordinator] (Thread-648) [Consumer clientId=consumer-Consumer-topic-7c337b90_2407_4c1f_b943_c02c5b81376c-7, groupId=Consumer-topic-7c337b90_2407_4c1f_b943_c02c5b81376c] Resetting generation and member id due to: consumer pro-actively leaving the group
2025-08-12 14:49:14,960 INFO  [org.apa.kaf.cli.con.int.ConsumerCoordinator] (Thread-648) [Consumer clientId=consumer-Consumer-topic-7c337b90_2407_4c1f_b943_c02c5b81376c-7, groupId=Consumer-topic-7c337b90_2407_4c1f_b943_c02c5b81376c] Request joining group due to: consumer pro-actively leaving the group
2025-08-12 14:49:15,454 INFO  [org.apa.kaf.com.met.Metrics] (Thread-648) Metrics scheduler closed
2025-08-12 14:49:15,454 INFO  [org.apa.kaf.com.met.Metrics] (Thread-648) Closing reporter org.apache.kafka.common.metrics.JmxReporter
2025-08-12 14:49:15,454 INFO  [org.apa.kaf.com.met.Metrics] (Thread-648) Closing reporter org.apache.kafka.common.telemetry.internals.ClientTelemetryReporter
2025-08-12 14:49:15,454 INFO  [org.apa.kaf.com.met.Metrics] (Thread-648) Metrics reporters closed
2025-08-12 14:49:15,456 INFO  [org.apa.kaf.com.uti.AppInfoParser] (Thread-648) App info kafka.consumer for consumer-Consumer-topic-7c337b90_2407_4c1f_b943_c02c5b81376c-7 unregistered
2025-08-12 14:49:15,457 INFO  [io.api.tes.uti.TestSeparator] (main) io.apicurio.tests.serdes.apicurio.AvroSerdeIT.testTopicIdStrategyFindLatest-FINISHED
2025-08-12 14:49:15,457 INFO  [io.api.tes.uti.TestSeparator] (main) ############################################################################
Test passed: testTopicIdStrategyFindLatest
]]></system-out>
  </testcase>
  <testcase name="testAvroUnionWithSpecificReader" classname="io.apicurio.tests.serdes.apicurio.AvroSerdeIT" time="4.697">
    <system-out><![CDATA[2025-08-12 14:49:15,460 INFO  [io.api.tes.uti.TestSeparator] (main) ############################################################################
2025-08-12 14:49:15,460 INFO  [io.api.tes.uti.TestSeparator] (main) io.apicurio.tests.serdes.apicurio.AvroSerdeIT.testAvroUnionWithSpecificReader-STARTED
**** Registry Base URL: http://registry-app-inmemory.apps.ci419.apicurio-testing.org:80
2025-08-12 14:49:15,470 INFO  [org.apa.kaf.cli.pro.ProducerConfig] (main) ProducerConfig values: 
	acks = -1
	auto.include.jmx.reporter = true
	batch.size = 16384
	bootstrap.servers = [PLAINTEXT://localhost:32769]
	buffer.memory = 33554432
	client.dns.lookup = use_all_dns_ips
	client.id = Producer-topic-86bc5a59_3b35_4505_8fe6_fee41d771c4f
	compression.gzip.level = -1
	compression.lz4.level = 9
	compression.type = none
	compression.zstd.level = 3
	connections.max.idle.ms = 10000
	delivery.timeout.ms = 120000
	enable.idempotence = true
	enable.metrics.push = true
	interceptor.classes = []
	key.serializer = class org.apache.kafka.common.serialization.StringSerializer
	linger.ms = 0
	max.block.ms = 60000
	max.in.flight.requests.per.connection = 5
	max.request.size = 1048576
	metadata.max.age.ms = 300000
	metadata.max.idle.ms = 300000
	metadata.recovery.strategy = none
	metric.reporters = []
	metrics.num.samples = 2
	metrics.recording.level = INFO
	metrics.sample.window.ms = 30000
	partitioner.adaptive.partitioning.enable = true
	partitioner.availability.timeout.ms = 0
	partitioner.class = null
	partitioner.ignore.keys = false
	receive.buffer.bytes = 32768
	reconnect.backoff.max.ms = 1000
	reconnect.backoff.ms = 50
	request.timeout.ms = 5000
	retries = 2147483647
	retry.backoff.max.ms = 1000
	retry.backoff.ms = 100
	sasl.client.callback.handler.class = null
	sasl.jaas.config = null
	sasl.kerberos.kinit.cmd = /usr/bin/kinit
	sasl.kerberos.min.time.before.relogin = 60000
	sasl.kerberos.service.name = null
	sasl.kerberos.ticket.renew.jitter = 0.05
	sasl.kerberos.ticket.renew.window.factor = 0.8
	sasl.login.callback.handler.class = null
	sasl.login.class = null
	sasl.login.connect.timeout.ms = null
	sasl.login.read.timeout.ms = null
	sasl.login.refresh.buffer.seconds = 300
	sasl.login.refresh.min.period.seconds = 60
	sasl.login.refresh.window.factor = 0.8
	sasl.login.refresh.window.jitter = 0.05
	sasl.login.retry.backoff.max.ms = 10000
	sasl.login.retry.backoff.ms = 100
	sasl.mechanism = GSSAPI
	sasl.oauthbearer.clock.skew.seconds = 30
	sasl.oauthbearer.expected.audience = null
	sasl.oauthbearer.expected.issuer = null
	sasl.oauthbearer.header.urlencode = false
	sasl.oauthbearer.jwks.endpoint.refresh.ms = 3600000
	sasl.oauthbearer.jwks.endpoint.retry.backoff.max.ms = 10000
	sasl.oauthbearer.jwks.endpoint.retry.backoff.ms = 100
	sasl.oauthbearer.jwks.endpoint.url = null
	sasl.oauthbearer.scope.claim.name = scope
	sasl.oauthbearer.sub.claim.name = sub
	sasl.oauthbearer.token.endpoint.url = null
	security.protocol = PLAINTEXT
	security.providers = null
	send.buffer.bytes = 131072
	socket.connection.setup.timeout.max.ms = 30000
	socket.connection.setup.timeout.ms = 10000
	ssl.cipher.suites = null
	ssl.enabled.protocols = [TLSv1.2, TLSv1.3]
	ssl.endpoint.identification.algorithm = https
	ssl.engine.factory.class = null
	ssl.key.password = null
	ssl.keymanager.algorithm = SunX509
	ssl.keystore.certificate.chain = null
	ssl.keystore.key = null
	ssl.keystore.location = null
	ssl.keystore.password = null
	ssl.keystore.type = JKS
	ssl.protocol = TLSv1.3
	ssl.provider = null
	ssl.secure.random.implementation = null
	ssl.trustmanager.algorithm = PKIX
	ssl.truststore.certificates = null
	ssl.truststore.location = null
	ssl.truststore.password = null
	ssl.truststore.type = JKS
	transaction.timeout.ms = 60000
	transactional.id = null
	value.serializer = class io.apicurio.registry.serde.avro.AvroKafkaSerializer

2025-08-12 14:49:15,470 INFO  [org.apa.kaf.com.tel.int.KafkaMetricsCollector] (main) initializing Kafka metrics collector
2025-08-12 14:49:15,476 INFO  [org.apa.kaf.cli.pro.KafkaProducer] (main) [Producer clientId=Producer-topic-86bc5a59_3b35_4505_8fe6_fee41d771c4f] Instantiated an idempotent producer.
2025-08-12 14:49:15,481 INFO  [org.apa.kaf.cli.pro.ProducerConfig] (main) These configurations '[apicurio.registry.url, apicurio.registry.auto-register, apicurio.registry.artifact-resolver-strategy]' were supplied but are not used yet.
2025-08-12 14:49:15,481 INFO  [org.apa.kaf.com.uti.AppInfoParser] (main) Kafka version: 3.9.1
2025-08-12 14:49:15,481 INFO  [org.apa.kaf.com.uti.AppInfoParser] (main) Kafka commitId: f745dfdcee2b9851
2025-08-12 14:49:15,481 INFO  [org.apa.kaf.com.uti.AppInfoParser] (main) Kafka startTimeMs: 1755010155481
2025-08-12 14:49:15,481 INFO  [io.api.tes.ser.api.SimpleSerdesTesterBuilder$SimpleSerdesTester] (main) Using producer configuration: {apicurio.registry.url=http://registry-app-inmemory.apps.ci419.apicurio-testing.org:80/apis/registry/v3, apicurio.registry.auto-register=true, apicurio.registry.artifact-resolver-strategy=io.apicurio.registry.serde.strategy.TopicIdStrategy, value.serializer=io.apicurio.registry.serde.avro.AvroKafkaSerializer, request.timeout.ms=5000, acks=all, bootstrap.servers=PLAINTEXT://localhost:32769, connections.max.idle.ms=10000, key.serializer=org.apache.kafka.common.serialization.StringSerializer, client.id=Producer-topic-86bc5a59_3b35_4505_8fe6_fee41d771c4f}
2025-08-12 14:49:15,481 INFO  [io.api.tes.ser.api.SimpleSerdesTesterBuilder$SimpleSerdesTester] (main) Using consumer configuration: {}
2025-08-12 14:49:15,483 INFO  [io.api.tes.ser.api.KafkaSerdesTester] (Thread-651) Sending message {"id": "record-0"} to topic topic-86bc5a59_3b35_4505_8fe6_fee41d771c4f
2025-08-12 14:49:15,488 WARN  [org.apa.kaf.cli.NetworkClient] (kafka-producer-network-thread | Producer-topic-86bc5a59_3b35_4505_8fe6_fee41d771c4f) [Producer clientId=Producer-topic-86bc5a59_3b35_4505_8fe6_fee41d771c4f] The metadata response from the cluster reported a recoverable issue with correlation id 1 : {topic-86bc5a59_3b35_4505_8fe6_fee41d771c4f=UNKNOWN_TOPIC_OR_PARTITION}
2025-08-12 14:49:15,489 INFO  [org.apa.kaf.cli.Metadata] (kafka-producer-network-thread | Producer-topic-86bc5a59_3b35_4505_8fe6_fee41d771c4f) [Producer clientId=Producer-topic-86bc5a59_3b35_4505_8fe6_fee41d771c4f] Cluster ID: 2kzKdHjlS02ID15h9rF1bw
2025-08-12 14:49:15,491 INFO  [org.apa.kaf.cli.pro.int.TransactionManager] (kafka-producer-network-thread | Producer-topic-86bc5a59_3b35_4505_8fe6_fee41d771c4f) [Producer clientId=Producer-topic-86bc5a59_3b35_4505_8fe6_fee41d771c4f] ProducerId set to 10 with epoch 0
2025-08-12 14:49:15,761 INFO  [io.api.tes.ser.api.KafkaSerdesTester] (Thread-651) Sending message {"value": 1} to topic topic-86bc5a59_3b35_4505_8fe6_fee41d771c4f
2025-08-12 14:49:15,852 INFO  [io.api.tes.ser.api.KafkaSerdesTester] (Thread-651) Sending message {"active": true} to topic topic-86bc5a59_3b35_4505_8fe6_fee41d771c4f
2025-08-12 14:49:15,945 INFO  [io.api.tes.ser.api.KafkaSerdesTester] (Thread-651) Sending message {"id": "record-3"} to topic topic-86bc5a59_3b35_4505_8fe6_fee41d771c4f
2025-08-12 14:49:15,948 INFO  [io.api.tes.ser.api.KafkaSerdesTester] (Thread-651) Sending message {"value": 4} to topic topic-86bc5a59_3b35_4505_8fe6_fee41d771c4f
2025-08-12 14:49:15,956 INFO  [io.api.tes.ser.api.KafkaSerdesTester] (Thread-651) Sending message {"active": false} to topic topic-86bc5a59_3b35_4505_8fe6_fee41d771c4f
2025-08-12 14:49:15,961 INFO  [io.api.tes.ser.api.KafkaSerdesTester] (Thread-651) Sending message {"id": "record-6"} to topic topic-86bc5a59_3b35_4505_8fe6_fee41d771c4f
2025-08-12 14:49:15,968 INFO  [io.api.tes.ser.api.KafkaSerdesTester] (Thread-651) Sending message {"value": 7} to topic topic-86bc5a59_3b35_4505_8fe6_fee41d771c4f
2025-08-12 14:49:15,973 INFO  [io.api.tes.ser.api.KafkaSerdesTester] (Thread-651) Sending message {"active": true} to topic topic-86bc5a59_3b35_4505_8fe6_fee41d771c4f
2025-08-12 14:49:15,975 INFO  [io.api.tes.ser.api.KafkaSerdesTester] (Thread-651) Sending message {"id": "record-9"} to topic topic-86bc5a59_3b35_4505_8fe6_fee41d771c4f
2025-08-12 14:49:15,981 INFO  [io.api.tes.ser.api.KafkaSerdesTester] (Thread-651) Produced 10 messages
2025-08-12 14:49:15,981 INFO  [org.apa.kaf.cli.pro.KafkaProducer] (Thread-651) [Producer clientId=Producer-topic-86bc5a59_3b35_4505_8fe6_fee41d771c4f] Closing the Kafka producer with timeoutMillis = 9223372036854775807 ms.
2025-08-12 14:49:15,986 INFO  [org.apa.kaf.com.met.Metrics] (Thread-651) Metrics scheduler closed
2025-08-12 14:49:15,986 INFO  [org.apa.kaf.com.met.Metrics] (Thread-651) Closing reporter org.apache.kafka.common.metrics.JmxReporter
2025-08-12 14:49:15,986 INFO  [org.apa.kaf.com.met.Metrics] (Thread-651) Closing reporter org.apache.kafka.common.telemetry.internals.ClientTelemetryReporter
2025-08-12 14:49:15,986 INFO  [org.apa.kaf.com.met.Metrics] (Thread-651) Metrics reporters closed
2025-08-12 14:49:15,986 INFO  [org.apa.kaf.com.uti.AppInfoParser] (Thread-651) App info kafka.producer for Producer-topic-86bc5a59_3b35_4505_8fe6_fee41d771c4f unregistered
2025-08-12 14:49:16,069 INFO  [io.api.tes.ser.api.AvroSerdeIT] (main) Artifact topic-86bc5a59_3b35_4505_8fe6_fee41d771c4f-value found in registry with globalId 25
**** Registry Base URL: http://registry-app-inmemory.apps.ci419.apicurio-testing.org:80
2025-08-12 14:49:16,070 INFO  [org.apa.kaf.cli.con.ConsumerConfig] (main) ConsumerConfig values: 
	allow.auto.create.topics = true
	auto.commit.interval.ms = 500
	auto.include.jmx.reporter = true
	auto.offset.reset = earliest
	bootstrap.servers = [PLAINTEXT://localhost:32769]
	check.crcs = true
	client.dns.lookup = use_all_dns_ips
	client.id = consumer-Consumer-topic-86bc5a59_3b35_4505_8fe6_fee41d771c4f-8
	client.rack = 
	connections.max.idle.ms = 10000
	default.api.timeout.ms = 60000
	enable.auto.commit = true
	enable.metrics.push = true
	exclude.internal.topics = true
	fetch.max.bytes = 52428800
	fetch.max.wait.ms = 500
	fetch.min.bytes = 1
	group.id = Consumer-topic-86bc5a59_3b35_4505_8fe6_fee41d771c4f
	group.instance.id = null
	group.protocol = classic
	group.remote.assignor = null
	heartbeat.interval.ms = 3000
	interceptor.classes = []
	internal.leave.group.on.close = true
	internal.throw.on.fetch.stable.offset.unsupported = false
	isolation.level = read_uncommitted
	key.deserializer = class org.apache.kafka.common.serialization.StringDeserializer
	max.partition.fetch.bytes = 1048576
	max.poll.interval.ms = 300000
	max.poll.records = 500
	metadata.max.age.ms = 300000
	metadata.recovery.strategy = none
	metric.reporters = []
	metrics.num.samples = 2
	metrics.recording.level = INFO
	metrics.sample.window.ms = 30000
	partition.assignment.strategy = [class org.apache.kafka.clients.consumer.RangeAssignor, class org.apache.kafka.clients.consumer.CooperativeStickyAssignor]
	receive.buffer.bytes = 65536
	reconnect.backoff.max.ms = 1000
	reconnect.backoff.ms = 50
	request.timeout.ms = 5000
	retry.backoff.max.ms = 1000
	retry.backoff.ms = 100
	sasl.client.callback.handler.class = null
	sasl.jaas.config = null
	sasl.kerberos.kinit.cmd = /usr/bin/kinit
	sasl.kerberos.min.time.before.relogin = 60000
	sasl.kerberos.service.name = null
	sasl.kerberos.ticket.renew.jitter = 0.05
	sasl.kerberos.ticket.renew.window.factor = 0.8
	sasl.login.callback.handler.class = null
	sasl.login.class = null
	sasl.login.connect.timeout.ms = null
	sasl.login.read.timeout.ms = null
	sasl.login.refresh.buffer.seconds = 300
	sasl.login.refresh.min.period.seconds = 60
	sasl.login.refresh.window.factor = 0.8
	sasl.login.refresh.window.jitter = 0.05
	sasl.login.retry.backoff.max.ms = 10000
	sasl.login.retry.backoff.ms = 100
	sasl.mechanism = GSSAPI
	sasl.oauthbearer.clock.skew.seconds = 30
	sasl.oauthbearer.expected.audience = null
	sasl.oauthbearer.expected.issuer = null
	sasl.oauthbearer.header.urlencode = false
	sasl.oauthbearer.jwks.endpoint.refresh.ms = 3600000
	sasl.oauthbearer.jwks.endpoint.retry.backoff.max.ms = 10000
	sasl.oauthbearer.jwks.endpoint.retry.backoff.ms = 100
	sasl.oauthbearer.jwks.endpoint.url = null
	sasl.oauthbearer.scope.claim.name = scope
	sasl.oauthbearer.sub.claim.name = sub
	sasl.oauthbearer.token.endpoint.url = null
	security.protocol = PLAINTEXT
	security.providers = null
	send.buffer.bytes = 131072
	session.timeout.ms = 45000
	socket.connection.setup.timeout.max.ms = 30000
	socket.connection.setup.timeout.ms = 10000
	ssl.cipher.suites = null
	ssl.enabled.protocols = [TLSv1.2, TLSv1.3]
	ssl.endpoint.identification.algorithm = https
	ssl.engine.factory.class = null
	ssl.key.password = null
	ssl.keymanager.algorithm = SunX509
	ssl.keystore.certificate.chain = null
	ssl.keystore.key = null
	ssl.keystore.location = null
	ssl.keystore.password = null
	ssl.keystore.type = JKS
	ssl.protocol = TLSv1.3
	ssl.provider = null
	ssl.secure.random.implementation = null
	ssl.trustmanager.algorithm = PKIX
	ssl.truststore.certificates = null
	ssl.truststore.location = null
	ssl.truststore.password = null
	ssl.truststore.type = JKS
	value.deserializer = class io.apicurio.registry.serde.avro.AvroKafkaDeserializer

2025-08-12 14:49:16,070 INFO  [org.apa.kaf.com.tel.int.KafkaMetricsCollector] (main) initializing Kafka metrics collector
2025-08-12 14:49:16,077 INFO  [org.apa.kaf.cli.con.ConsumerConfig] (main) These configurations '[apicurio.registry.url]' were supplied but are not used yet.
2025-08-12 14:49:16,077 INFO  [org.apa.kaf.com.uti.AppInfoParser] (main) Kafka version: 3.9.1
2025-08-12 14:49:16,077 INFO  [org.apa.kaf.com.uti.AppInfoParser] (main) Kafka commitId: f745dfdcee2b9851
2025-08-12 14:49:16,077 INFO  [org.apa.kaf.com.uti.AppInfoParser] (main) Kafka startTimeMs: 1755010156077
2025-08-12 14:49:16,078 INFO  [org.apa.kaf.cli.con.int.ClassicKafkaConsumer] (Thread-654) [Consumer clientId=consumer-Consumer-topic-86bc5a59_3b35_4505_8fe6_fee41d771c4f-8, groupId=Consumer-topic-86bc5a59_3b35_4505_8fe6_fee41d771c4f] Subscribed to topic(s): topic-86bc5a59_3b35_4505_8fe6_fee41d771c4f
2025-08-12 14:49:16,085 INFO  [org.apa.kaf.cli.Metadata] (Thread-654) [Consumer clientId=consumer-Consumer-topic-86bc5a59_3b35_4505_8fe6_fee41d771c4f-8, groupId=Consumer-topic-86bc5a59_3b35_4505_8fe6_fee41d771c4f] Cluster ID: 2kzKdHjlS02ID15h9rF1bw
2025-08-12 14:49:16,090 INFO  [org.apa.kaf.cli.con.int.ConsumerCoordinator] (Thread-654) [Consumer clientId=consumer-Consumer-topic-86bc5a59_3b35_4505_8fe6_fee41d771c4f-8, groupId=Consumer-topic-86bc5a59_3b35_4505_8fe6_fee41d771c4f] Discovered group coordinator localhost:32769 (id: 2147483647 rack: null)
2025-08-12 14:49:16,093 INFO  [org.apa.kaf.cli.con.int.ConsumerCoordinator] (Thread-654) [Consumer clientId=consumer-Consumer-topic-86bc5a59_3b35_4505_8fe6_fee41d771c4f-8, groupId=Consumer-topic-86bc5a59_3b35_4505_8fe6_fee41d771c4f] (Re-)joining group
2025-08-12 14:49:16,103 INFO  [org.apa.kaf.cli.con.int.ConsumerCoordinator] (Thread-654) [Consumer clientId=consumer-Consumer-topic-86bc5a59_3b35_4505_8fe6_fee41d771c4f-8, groupId=Consumer-topic-86bc5a59_3b35_4505_8fe6_fee41d771c4f] Request joining group due to: need to re-join with the given member-id: consumer-Consumer-topic-86bc5a59_3b35_4505_8fe6_fee41d771c4f-8-aac638c1-1bac-4cac-9116-fe2c9efa6b41
2025-08-12 14:49:16,104 INFO  [org.apa.kaf.cli.con.int.ConsumerCoordinator] (Thread-654) [Consumer clientId=consumer-Consumer-topic-86bc5a59_3b35_4505_8fe6_fee41d771c4f-8, groupId=Consumer-topic-86bc5a59_3b35_4505_8fe6_fee41d771c4f] (Re-)joining group
2025-08-12 14:49:17,078 INFO  [io.api.tes.ser.api.KafkaSerdesTester] (Thread-654) None found
2025-08-12 14:49:18,080 INFO  [io.api.tes.ser.api.KafkaSerdesTester] (Thread-654) None found
2025-08-12 14:49:19,080 INFO  [io.api.tes.ser.api.KafkaSerdesTester] (Thread-654) None found
2025-08-12 14:49:19,107 INFO  [org.apa.kaf.cli.con.int.ConsumerCoordinator] (Thread-654) [Consumer clientId=consumer-Consumer-topic-86bc5a59_3b35_4505_8fe6_fee41d771c4f-8, groupId=Consumer-topic-86bc5a59_3b35_4505_8fe6_fee41d771c4f] Successfully joined group with generation Generation{generationId=1, memberId='consumer-Consumer-topic-86bc5a59_3b35_4505_8fe6_fee41d771c4f-8-aac638c1-1bac-4cac-9116-fe2c9efa6b41', protocol='range'}
2025-08-12 14:49:19,107 INFO  [org.apa.kaf.cli.con.int.ConsumerCoordinator] (Thread-654) [Consumer clientId=consumer-Consumer-topic-86bc5a59_3b35_4505_8fe6_fee41d771c4f-8, groupId=Consumer-topic-86bc5a59_3b35_4505_8fe6_fee41d771c4f] Finished assignment for group at generation 1: {consumer-Consumer-topic-86bc5a59_3b35_4505_8fe6_fee41d771c4f-8-aac638c1-1bac-4cac-9116-fe2c9efa6b41=Assignment(partitions=[topic-86bc5a59_3b35_4505_8fe6_fee41d771c4f-0])}
2025-08-12 14:49:19,114 INFO  [org.apa.kaf.cli.con.int.ConsumerCoordinator] (Thread-654) [Consumer clientId=consumer-Consumer-topic-86bc5a59_3b35_4505_8fe6_fee41d771c4f-8, groupId=Consumer-topic-86bc5a59_3b35_4505_8fe6_fee41d771c4f] Successfully synced group in generation Generation{generationId=1, memberId='consumer-Consumer-topic-86bc5a59_3b35_4505_8fe6_fee41d771c4f-8-aac638c1-1bac-4cac-9116-fe2c9efa6b41', protocol='range'}
2025-08-12 14:49:19,114 INFO  [org.apa.kaf.cli.con.int.ConsumerCoordinator] (Thread-654) [Consumer clientId=consumer-Consumer-topic-86bc5a59_3b35_4505_8fe6_fee41d771c4f-8, groupId=Consumer-topic-86bc5a59_3b35_4505_8fe6_fee41d771c4f] Notifying assignor about the new Assignment(partitions=[topic-86bc5a59_3b35_4505_8fe6_fee41d771c4f-0])
2025-08-12 14:49:19,114 INFO  [org.apa.kaf.cli.con.int.ConsumerRebalanceListenerInvoker] (Thread-654) [Consumer clientId=consumer-Consumer-topic-86bc5a59_3b35_4505_8fe6_fee41d771c4f-8, groupId=Consumer-topic-86bc5a59_3b35_4505_8fe6_fee41d771c4f] Adding newly assigned partitions: topic-86bc5a59_3b35_4505_8fe6_fee41d771c4f-0
2025-08-12 14:49:19,116 INFO  [org.apa.kaf.cli.con.int.ConsumerCoordinator] (Thread-654) [Consumer clientId=consumer-Consumer-topic-86bc5a59_3b35_4505_8fe6_fee41d771c4f-8, groupId=Consumer-topic-86bc5a59_3b35_4505_8fe6_fee41d771c4f] Found no committed offset for partition topic-86bc5a59_3b35_4505_8fe6_fee41d771c4f-0
2025-08-12 14:49:19,118 INFO  [org.apa.kaf.cli.con.int.SubscriptionState] (Thread-654) [Consumer clientId=consumer-Consumer-topic-86bc5a59_3b35_4505_8fe6_fee41d771c4f-8, groupId=Consumer-topic-86bc5a59_3b35_4505_8fe6_fee41d771c4f] Resetting offset for partition topic-86bc5a59_3b35_4505_8fe6_fee41d771c4f-0 to position FetchPosition{offset=0, offsetEpoch=Optional.empty, currentLeader=LeaderAndEpoch{leader=Optional[localhost:32769 (id: 0 rack: null)], epoch=0}}.
2025-08-12 14:49:19,648 INFO  [io.api.tes.ser.api.KafkaSerdesTester] (Thread-654) topic-86bc5a59_3b35_4505_8fe6_fee41d771c4f 0 0 {"id": "record-0"}
2025-08-12 14:49:19,648 INFO  [io.api.tes.ser.api.KafkaSerdesTester] (Thread-654) topic-86bc5a59_3b35_4505_8fe6_fee41d771c4f 0 1 {"value": 1}
2025-08-12 14:49:19,648 INFO  [io.api.tes.ser.api.KafkaSerdesTester] (Thread-654) topic-86bc5a59_3b35_4505_8fe6_fee41d771c4f 0 2 {"active": true}
2025-08-12 14:49:19,648 INFO  [io.api.tes.ser.api.KafkaSerdesTester] (Thread-654) topic-86bc5a59_3b35_4505_8fe6_fee41d771c4f 0 3 {"id": "record-3"}
2025-08-12 14:49:19,648 INFO  [io.api.tes.ser.api.KafkaSerdesTester] (Thread-654) topic-86bc5a59_3b35_4505_8fe6_fee41d771c4f 0 4 {"value": 4}
2025-08-12 14:49:19,649 INFO  [io.api.tes.ser.api.KafkaSerdesTester] (Thread-654) topic-86bc5a59_3b35_4505_8fe6_fee41d771c4f 0 5 {"active": false}
2025-08-12 14:49:19,649 INFO  [io.api.tes.ser.api.KafkaSerdesTester] (Thread-654) topic-86bc5a59_3b35_4505_8fe6_fee41d771c4f 0 6 {"id": "record-6"}
2025-08-12 14:49:19,649 INFO  [io.api.tes.ser.api.KafkaSerdesTester] (Thread-654) topic-86bc5a59_3b35_4505_8fe6_fee41d771c4f 0 7 {"value": 7}
2025-08-12 14:49:19,649 INFO  [io.api.tes.ser.api.KafkaSerdesTester] (Thread-654) topic-86bc5a59_3b35_4505_8fe6_fee41d771c4f 0 8 {"active": true}
2025-08-12 14:49:19,649 INFO  [io.api.tes.ser.api.KafkaSerdesTester] (Thread-654) topic-86bc5a59_3b35_4505_8fe6_fee41d771c4f 0 9 {"id": "record-9"}
2025-08-12 14:49:19,649 INFO  [io.api.tes.ser.api.KafkaSerdesTester] (Thread-654) Consumed 10 messages
2025-08-12 14:49:19,656 INFO  [org.apa.kaf.cli.con.int.ConsumerRebalanceListenerInvoker] (Thread-654) [Consumer clientId=consumer-Consumer-topic-86bc5a59_3b35_4505_8fe6_fee41d771c4f-8, groupId=Consumer-topic-86bc5a59_3b35_4505_8fe6_fee41d771c4f] Revoke previously assigned partitions topic-86bc5a59_3b35_4505_8fe6_fee41d771c4f-0
2025-08-12 14:49:19,656 INFO  [org.apa.kaf.cli.con.int.ConsumerCoordinator] (Thread-654) [Consumer clientId=consumer-Consumer-topic-86bc5a59_3b35_4505_8fe6_fee41d771c4f-8, groupId=Consumer-topic-86bc5a59_3b35_4505_8fe6_fee41d771c4f] Member consumer-Consumer-topic-86bc5a59_3b35_4505_8fe6_fee41d771c4f-8-aac638c1-1bac-4cac-9116-fe2c9efa6b41 sending LeaveGroup request to coordinator localhost:32769 (id: 2147483647 rack: null) due to the consumer is being closed
2025-08-12 14:49:19,657 INFO  [org.apa.kaf.cli.con.int.ConsumerCoordinator] (Thread-654) [Consumer clientId=consumer-Consumer-topic-86bc5a59_3b35_4505_8fe6_fee41d771c4f-8, groupId=Consumer-topic-86bc5a59_3b35_4505_8fe6_fee41d771c4f] Resetting generation and member id due to: consumer pro-actively leaving the group
2025-08-12 14:49:19,657 INFO  [org.apa.kaf.cli.con.int.ConsumerCoordinator] (Thread-654) [Consumer clientId=consumer-Consumer-topic-86bc5a59_3b35_4505_8fe6_fee41d771c4f-8, groupId=Consumer-topic-86bc5a59_3b35_4505_8fe6_fee41d771c4f] Request joining group due to: consumer pro-actively leaving the group
2025-08-12 14:49:20,150 INFO  [org.apa.kaf.com.met.Metrics] (Thread-654) Metrics scheduler closed
2025-08-12 14:49:20,150 INFO  [org.apa.kaf.com.met.Metrics] (Thread-654) Closing reporter org.apache.kafka.common.metrics.JmxReporter
2025-08-12 14:49:20,150 INFO  [org.apa.kaf.com.met.Metrics] (Thread-654) Closing reporter org.apache.kafka.common.telemetry.internals.ClientTelemetryReporter
2025-08-12 14:49:20,150 INFO  [org.apa.kaf.com.met.Metrics] (Thread-654) Metrics reporters closed
2025-08-12 14:49:20,152 INFO  [org.apa.kaf.com.uti.AppInfoParser] (Thread-654) App info kafka.consumer for consumer-Consumer-topic-86bc5a59_3b35_4505_8fe6_fee41d771c4f-8 unregistered
2025-08-12 14:49:20,153 INFO  [io.api.tes.uti.TestSeparator] (main) io.apicurio.tests.serdes.apicurio.AvroSerdeIT.testAvroUnionWithSpecificReader-FINISHED
2025-08-12 14:49:20,154 INFO  [io.api.tes.uti.TestSeparator] (main) ############################################################################
Test passed: testAvroUnionWithSpecificReader
]]></system-out>
  </testcase>
  <testcase name="testEvolveAvroApicurioReusingClient" classname="io.apicurio.tests.serdes.apicurio.AvroSerdeIT" time="8.13">
    <system-out><![CDATA[2025-08-12 14:49:20,155 INFO  [io.api.tes.uti.TestSeparator] (main) ############################################################################
2025-08-12 14:49:20,155 INFO  [io.api.tes.uti.TestSeparator] (main) io.apicurio.tests.serdes.apicurio.AvroSerdeIT.testEvolveAvroApicurioReusingClient-STARTED
2025-08-12 14:49:20,160 INFO  [io.api.tes.ser.api.AvroSerdeIT] (main) Registering Avro Schema: {"type":"record","name":"s574bb47dx6699x4ac3x9025xd7e3e0423547","namespace":"ns_2d77fd41_7810_4db5_b5e6_e64e9fe0b0bc","fields":[{"name":"key11755010160160","type":"string"}]}
**** Registry Base URL: http://registry-app-inmemory.apps.ci419.apicurio-testing.org:80
2025-08-12 14:49:21,325 INFO  [org.apa.kaf.cli.pro.ProducerConfig] (main) ProducerConfig values: 
	acks = -1
	auto.include.jmx.reporter = true
	batch.size = 16384
	bootstrap.servers = [PLAINTEXT://localhost:32769]
	buffer.memory = 33554432
	client.dns.lookup = use_all_dns_ips
	client.id = Producer-topic-ceeb311b_0be8_4888_ba75_5d49ff22ff00
	compression.gzip.level = -1
	compression.lz4.level = 9
	compression.type = none
	compression.zstd.level = 3
	connections.max.idle.ms = 10000
	delivery.timeout.ms = 120000
	enable.idempotence = true
	enable.metrics.push = true
	interceptor.classes = []
	key.serializer = class org.apache.kafka.common.serialization.StringSerializer
	linger.ms = 0
	max.block.ms = 60000
	max.in.flight.requests.per.connection = 5
	max.request.size = 1048576
	metadata.max.age.ms = 300000
	metadata.max.idle.ms = 300000
	metadata.recovery.strategy = none
	metric.reporters = []
	metrics.num.samples = 2
	metrics.recording.level = INFO
	metrics.sample.window.ms = 30000
	partitioner.adaptive.partitioning.enable = true
	partitioner.availability.timeout.ms = 0
	partitioner.class = null
	partitioner.ignore.keys = false
	receive.buffer.bytes = 32768
	reconnect.backoff.max.ms = 1000
	reconnect.backoff.ms = 50
	request.timeout.ms = 5000
	retries = 2147483647
	retry.backoff.max.ms = 1000
	retry.backoff.ms = 100
	sasl.client.callback.handler.class = null
	sasl.jaas.config = null
	sasl.kerberos.kinit.cmd = /usr/bin/kinit
	sasl.kerberos.min.time.before.relogin = 60000
	sasl.kerberos.service.name = null
	sasl.kerberos.ticket.renew.jitter = 0.05
	sasl.kerberos.ticket.renew.window.factor = 0.8
	sasl.login.callback.handler.class = null
	sasl.login.class = null
	sasl.login.connect.timeout.ms = null
	sasl.login.read.timeout.ms = null
	sasl.login.refresh.buffer.seconds = 300
	sasl.login.refresh.min.period.seconds = 60
	sasl.login.refresh.window.factor = 0.8
	sasl.login.refresh.window.jitter = 0.05
	sasl.login.retry.backoff.max.ms = 10000
	sasl.login.retry.backoff.ms = 100
	sasl.mechanism = GSSAPI
	sasl.oauthbearer.clock.skew.seconds = 30
	sasl.oauthbearer.expected.audience = null
	sasl.oauthbearer.expected.issuer = null
	sasl.oauthbearer.header.urlencode = false
	sasl.oauthbearer.jwks.endpoint.refresh.ms = 3600000
	sasl.oauthbearer.jwks.endpoint.retry.backoff.max.ms = 10000
	sasl.oauthbearer.jwks.endpoint.retry.backoff.ms = 100
	sasl.oauthbearer.jwks.endpoint.url = null
	sasl.oauthbearer.scope.claim.name = scope
	sasl.oauthbearer.sub.claim.name = sub
	sasl.oauthbearer.token.endpoint.url = null
	security.protocol = PLAINTEXT
	security.providers = null
	send.buffer.bytes = 131072
	socket.connection.setup.timeout.max.ms = 30000
	socket.connection.setup.timeout.ms = 10000
	ssl.cipher.suites = null
	ssl.enabled.protocols = [TLSv1.2, TLSv1.3]
	ssl.endpoint.identification.algorithm = https
	ssl.engine.factory.class = null
	ssl.key.password = null
	ssl.keymanager.algorithm = SunX509
	ssl.keystore.certificate.chain = null
	ssl.keystore.key = null
	ssl.keystore.location = null
	ssl.keystore.password = null
	ssl.keystore.type = JKS
	ssl.protocol = TLSv1.3
	ssl.provider = null
	ssl.secure.random.implementation = null
	ssl.trustmanager.algorithm = PKIX
	ssl.truststore.certificates = null
	ssl.truststore.location = null
	ssl.truststore.password = null
	ssl.truststore.type = JKS
	transaction.timeout.ms = 60000
	transactional.id = null
	value.serializer = class io.apicurio.registry.serde.avro.AvroKafkaSerializer

2025-08-12 14:49:21,325 INFO  [org.apa.kaf.com.tel.int.KafkaMetricsCollector] (main) initializing Kafka metrics collector
2025-08-12 14:49:21,328 INFO  [org.apa.kaf.cli.pro.KafkaProducer] (main) [Producer clientId=Producer-topic-ceeb311b_0be8_4888_ba75_5d49ff22ff00] Instantiated an idempotent producer.
2025-08-12 14:49:21,330 INFO  [org.apa.kaf.cli.pro.ProducerConfig] (main) These configurations '[apicurio.registry.url, apicurio.registry.artifact-resolver-strategy]' were supplied but are not used yet.
2025-08-12 14:49:21,330 INFO  [org.apa.kaf.com.uti.AppInfoParser] (main) Kafka version: 3.9.1
2025-08-12 14:49:21,330 INFO  [org.apa.kaf.com.uti.AppInfoParser] (main) Kafka commitId: f745dfdcee2b9851
2025-08-12 14:49:21,330 INFO  [org.apa.kaf.com.uti.AppInfoParser] (main) Kafka startTimeMs: 1755010161330
**** Registry Base URL: http://registry-app-inmemory.apps.ci419.apicurio-testing.org:80
2025-08-12 14:49:21,331 INFO  [org.apa.kaf.cli.con.ConsumerConfig] (main) ConsumerConfig values: 
	allow.auto.create.topics = true
	auto.commit.interval.ms = 500
	auto.include.jmx.reporter = true
	auto.offset.reset = earliest
	bootstrap.servers = [PLAINTEXT://localhost:32769]
	check.crcs = true
	client.dns.lookup = use_all_dns_ips
	client.id = consumer-Consumer-topic-ceeb311b_0be8_4888_ba75_5d49ff22ff00-9
	client.rack = 
	connections.max.idle.ms = 10000
	default.api.timeout.ms = 60000
	enable.auto.commit = true
	enable.metrics.push = true
	exclude.internal.topics = true
	fetch.max.bytes = 52428800
	fetch.max.wait.ms = 500
	fetch.min.bytes = 1
	group.id = Consumer-topic-ceeb311b_0be8_4888_ba75_5d49ff22ff00
	group.instance.id = null
	group.protocol = classic
	group.remote.assignor = null
	heartbeat.interval.ms = 3000
	interceptor.classes = []
	internal.leave.group.on.close = true
	internal.throw.on.fetch.stable.offset.unsupported = false
	isolation.level = read_uncommitted
	key.deserializer = class org.apache.kafka.common.serialization.StringDeserializer
	max.partition.fetch.bytes = 1048576
	max.poll.interval.ms = 300000
	max.poll.records = 500
	metadata.max.age.ms = 300000
	metadata.recovery.strategy = none
	metric.reporters = []
	metrics.num.samples = 2
	metrics.recording.level = INFO
	metrics.sample.window.ms = 30000
	partition.assignment.strategy = [class org.apache.kafka.clients.consumer.RangeAssignor, class org.apache.kafka.clients.consumer.CooperativeStickyAssignor]
	receive.buffer.bytes = 65536
	reconnect.backoff.max.ms = 1000
	reconnect.backoff.ms = 50
	request.timeout.ms = 5000
	retry.backoff.max.ms = 1000
	retry.backoff.ms = 100
	sasl.client.callback.handler.class = null
	sasl.jaas.config = null
	sasl.kerberos.kinit.cmd = /usr/bin/kinit
	sasl.kerberos.min.time.before.relogin = 60000
	sasl.kerberos.service.name = null
	sasl.kerberos.ticket.renew.jitter = 0.05
	sasl.kerberos.ticket.renew.window.factor = 0.8
	sasl.login.callback.handler.class = null
	sasl.login.class = null
	sasl.login.connect.timeout.ms = null
	sasl.login.read.timeout.ms = null
	sasl.login.refresh.buffer.seconds = 300
	sasl.login.refresh.min.period.seconds = 60
	sasl.login.refresh.window.factor = 0.8
	sasl.login.refresh.window.jitter = 0.05
	sasl.login.retry.backoff.max.ms = 10000
	sasl.login.retry.backoff.ms = 100
	sasl.mechanism = GSSAPI
	sasl.oauthbearer.clock.skew.seconds = 30
	sasl.oauthbearer.expected.audience = null
	sasl.oauthbearer.expected.issuer = null
	sasl.oauthbearer.header.urlencode = false
	sasl.oauthbearer.jwks.endpoint.refresh.ms = 3600000
	sasl.oauthbearer.jwks.endpoint.retry.backoff.max.ms = 10000
	sasl.oauthbearer.jwks.endpoint.retry.backoff.ms = 100
	sasl.oauthbearer.jwks.endpoint.url = null
	sasl.oauthbearer.scope.claim.name = scope
	sasl.oauthbearer.sub.claim.name = sub
	sasl.oauthbearer.token.endpoint.url = null
	security.protocol = PLAINTEXT
	security.providers = null
	send.buffer.bytes = 131072
	session.timeout.ms = 45000
	socket.connection.setup.timeout.max.ms = 30000
	socket.connection.setup.timeout.ms = 10000
	ssl.cipher.suites = null
	ssl.enabled.protocols = [TLSv1.2, TLSv1.3]
	ssl.endpoint.identification.algorithm = https
	ssl.engine.factory.class = null
	ssl.key.password = null
	ssl.keymanager.algorithm = SunX509
	ssl.keystore.certificate.chain = null
	ssl.keystore.key = null
	ssl.keystore.location = null
	ssl.keystore.password = null
	ssl.keystore.type = JKS
	ssl.protocol = TLSv1.3
	ssl.provider = null
	ssl.secure.random.implementation = null
	ssl.trustmanager.algorithm = PKIX
	ssl.truststore.certificates = null
	ssl.truststore.location = null
	ssl.truststore.password = null
	ssl.truststore.type = JKS
	value.deserializer = class io.apicurio.registry.serde.avro.AvroKafkaDeserializer

2025-08-12 14:49:21,331 INFO  [org.apa.kaf.com.tel.int.KafkaMetricsCollector] (main) initializing Kafka metrics collector
2025-08-12 14:49:21,338 INFO  [org.apa.kaf.cli.con.ConsumerConfig] (main) These configurations '[apicurio.registry.url]' were supplied but are not used yet.
2025-08-12 14:49:21,338 INFO  [org.apa.kaf.com.uti.AppInfoParser] (main) Kafka version: 3.9.1
2025-08-12 14:49:21,338 INFO  [org.apa.kaf.com.uti.AppInfoParser] (main) Kafka commitId: f745dfdcee2b9851
2025-08-12 14:49:21,338 INFO  [org.apa.kaf.com.uti.AppInfoParser] (main) Kafka startTimeMs: 1755010161338
2025-08-12 14:49:21,340 INFO  [org.apa.kaf.cli.Metadata] (kafka-producer-network-thread | Producer-topic-ceeb311b_0be8_4888_ba75_5d49ff22ff00) [Producer clientId=Producer-topic-ceeb311b_0be8_4888_ba75_5d49ff22ff00] Cluster ID: 2kzKdHjlS02ID15h9rF1bw
2025-08-12 14:49:21,340 INFO  [io.api.tes.ser.api.KafkaSerdesTester] (Thread-659) Sending message {"key11755010160160": "value-0"} to topic topic-ceeb311b_0be8_4888_ba75_5d49ff22ff00
2025-08-12 14:49:21,340 INFO  [org.apa.kaf.cli.pro.int.TransactionManager] (kafka-producer-network-thread | Producer-topic-ceeb311b_0be8_4888_ba75_5d49ff22ff00) [Producer clientId=Producer-topic-ceeb311b_0be8_4888_ba75_5d49ff22ff00] ProducerId set to 11 with epoch 0
2025-08-12 14:49:21,350 INFO  [DefaultSchemaResolver] (Thread-659) Retrieving schema content using string: {"type":"record","name":"s574bb47dx6699x4ac3x9025xd7e3e0423547","namespace":"ns_2d77fd41_7810_4db5_b5e6_e64e9fe0b0bc","fields":[{"name":"key11755010160160","type":"string"}]}
2025-08-12 14:49:21,507 INFO  [io.api.tes.ser.api.KafkaSerdesTester] (Thread-659) Sending message {"key11755010160160": "value-1"} to topic topic-ceeb311b_0be8_4888_ba75_5d49ff22ff00
2025-08-12 14:49:21,510 INFO  [io.api.tes.ser.api.KafkaSerdesTester] (Thread-659) Sending message {"key11755010160160": "value-2"} to topic topic-ceeb311b_0be8_4888_ba75_5d49ff22ff00
2025-08-12 14:49:21,512 INFO  [io.api.tes.ser.api.KafkaSerdesTester] (Thread-659) Sending message {"key11755010160160": "value-3"} to topic topic-ceeb311b_0be8_4888_ba75_5d49ff22ff00
2025-08-12 14:49:21,515 INFO  [io.api.tes.ser.api.KafkaSerdesTester] (Thread-659) Sending message {"key11755010160160": "value-4"} to topic topic-ceeb311b_0be8_4888_ba75_5d49ff22ff00
2025-08-12 14:49:21,517 INFO  [io.api.tes.ser.api.KafkaSerdesTester] (Thread-659) Sending message {"key11755010160160": "value-5"} to topic topic-ceeb311b_0be8_4888_ba75_5d49ff22ff00
2025-08-12 14:49:21,521 INFO  [io.api.tes.ser.api.KafkaSerdesTester] (Thread-659) Sending message {"key11755010160160": "value-6"} to topic topic-ceeb311b_0be8_4888_ba75_5d49ff22ff00
2025-08-12 14:49:21,523 INFO  [io.api.tes.ser.api.KafkaSerdesTester] (Thread-659) Sending message {"key11755010160160": "value-7"} to topic topic-ceeb311b_0be8_4888_ba75_5d49ff22ff00
2025-08-12 14:49:21,525 INFO  [io.api.tes.ser.api.KafkaSerdesTester] (Thread-659) Sending message {"key11755010160160": "value-8"} to topic topic-ceeb311b_0be8_4888_ba75_5d49ff22ff00
2025-08-12 14:49:21,527 INFO  [io.api.tes.ser.api.KafkaSerdesTester] (Thread-659) Sending message {"key11755010160160": "value-9"} to topic topic-ceeb311b_0be8_4888_ba75_5d49ff22ff00
2025-08-12 14:49:21,528 INFO  [io.api.tes.ser.api.KafkaSerdesTester] (Thread-659) Produced 10 messages
2025-08-12 14:49:21,529 INFO  [org.apa.kaf.cli.con.int.ClassicKafkaConsumer] (Thread-660) [Consumer clientId=consumer-Consumer-topic-ceeb311b_0be8_4888_ba75_5d49ff22ff00-9, groupId=Consumer-topic-ceeb311b_0be8_4888_ba75_5d49ff22ff00] Subscribed to topic(s): topic-ceeb311b_0be8_4888_ba75_5d49ff22ff00
2025-08-12 14:49:21,533 INFO  [org.apa.kaf.cli.Metadata] (Thread-660) [Consumer clientId=consumer-Consumer-topic-ceeb311b_0be8_4888_ba75_5d49ff22ff00-9, groupId=Consumer-topic-ceeb311b_0be8_4888_ba75_5d49ff22ff00] Cluster ID: 2kzKdHjlS02ID15h9rF1bw
2025-08-12 14:49:21,533 INFO  [org.apa.kaf.cli.con.int.ConsumerCoordinator] (Thread-660) [Consumer clientId=consumer-Consumer-topic-ceeb311b_0be8_4888_ba75_5d49ff22ff00-9, groupId=Consumer-topic-ceeb311b_0be8_4888_ba75_5d49ff22ff00] Discovered group coordinator localhost:32769 (id: 2147483647 rack: null)
2025-08-12 14:49:21,535 INFO  [org.apa.kaf.cli.con.int.ConsumerCoordinator] (Thread-660) [Consumer clientId=consumer-Consumer-topic-ceeb311b_0be8_4888_ba75_5d49ff22ff00-9, groupId=Consumer-topic-ceeb311b_0be8_4888_ba75_5d49ff22ff00] (Re-)joining group
2025-08-12 14:49:21,539 INFO  [org.apa.kaf.cli.con.int.ConsumerCoordinator] (Thread-660) [Consumer clientId=consumer-Consumer-topic-ceeb311b_0be8_4888_ba75_5d49ff22ff00-9, groupId=Consumer-topic-ceeb311b_0be8_4888_ba75_5d49ff22ff00] Request joining group due to: need to re-join with the given member-id: consumer-Consumer-topic-ceeb311b_0be8_4888_ba75_5d49ff22ff00-9-ce7fb34b-3f4a-4fba-8c4d-1dca7ed1921a
2025-08-12 14:49:21,539 INFO  [org.apa.kaf.cli.con.int.ConsumerCoordinator] (Thread-660) [Consumer clientId=consumer-Consumer-topic-ceeb311b_0be8_4888_ba75_5d49ff22ff00-9, groupId=Consumer-topic-ceeb311b_0be8_4888_ba75_5d49ff22ff00] (Re-)joining group
2025-08-12 14:49:22,529 INFO  [io.api.tes.ser.api.KafkaSerdesTester] (Thread-660) None found
2025-08-12 14:49:23,529 INFO  [io.api.tes.ser.api.KafkaSerdesTester] (Thread-660) None found
2025-08-12 14:49:24,529 INFO  [io.api.tes.ser.api.KafkaSerdesTester] (Thread-660) None found
2025-08-12 14:49:24,541 INFO  [org.apa.kaf.cli.con.int.ConsumerCoordinator] (Thread-660) [Consumer clientId=consumer-Consumer-topic-ceeb311b_0be8_4888_ba75_5d49ff22ff00-9, groupId=Consumer-topic-ceeb311b_0be8_4888_ba75_5d49ff22ff00] Successfully joined group with generation Generation{generationId=1, memberId='consumer-Consumer-topic-ceeb311b_0be8_4888_ba75_5d49ff22ff00-9-ce7fb34b-3f4a-4fba-8c4d-1dca7ed1921a', protocol='range'}
2025-08-12 14:49:24,542 INFO  [org.apa.kaf.cli.con.int.ConsumerCoordinator] (Thread-660) [Consumer clientId=consumer-Consumer-topic-ceeb311b_0be8_4888_ba75_5d49ff22ff00-9, groupId=Consumer-topic-ceeb311b_0be8_4888_ba75_5d49ff22ff00] Finished assignment for group at generation 1: {consumer-Consumer-topic-ceeb311b_0be8_4888_ba75_5d49ff22ff00-9-ce7fb34b-3f4a-4fba-8c4d-1dca7ed1921a=Assignment(partitions=[topic-ceeb311b_0be8_4888_ba75_5d49ff22ff00-0])}
2025-08-12 14:49:24,549 INFO  [org.apa.kaf.cli.con.int.ConsumerCoordinator] (Thread-660) [Consumer clientId=consumer-Consumer-topic-ceeb311b_0be8_4888_ba75_5d49ff22ff00-9, groupId=Consumer-topic-ceeb311b_0be8_4888_ba75_5d49ff22ff00] Successfully synced group in generation Generation{generationId=1, memberId='consumer-Consumer-topic-ceeb311b_0be8_4888_ba75_5d49ff22ff00-9-ce7fb34b-3f4a-4fba-8c4d-1dca7ed1921a', protocol='range'}
2025-08-12 14:49:24,549 INFO  [org.apa.kaf.cli.con.int.ConsumerCoordinator] (Thread-660) [Consumer clientId=consumer-Consumer-topic-ceeb311b_0be8_4888_ba75_5d49ff22ff00-9, groupId=Consumer-topic-ceeb311b_0be8_4888_ba75_5d49ff22ff00] Notifying assignor about the new Assignment(partitions=[topic-ceeb311b_0be8_4888_ba75_5d49ff22ff00-0])
2025-08-12 14:49:24,550 INFO  [org.apa.kaf.cli.con.int.ConsumerRebalanceListenerInvoker] (Thread-660) [Consumer clientId=consumer-Consumer-topic-ceeb311b_0be8_4888_ba75_5d49ff22ff00-9, groupId=Consumer-topic-ceeb311b_0be8_4888_ba75_5d49ff22ff00] Adding newly assigned partitions: topic-ceeb311b_0be8_4888_ba75_5d49ff22ff00-0
2025-08-12 14:49:24,551 INFO  [org.apa.kaf.cli.con.int.ConsumerCoordinator] (Thread-660) [Consumer clientId=consumer-Consumer-topic-ceeb311b_0be8_4888_ba75_5d49ff22ff00-9, groupId=Consumer-topic-ceeb311b_0be8_4888_ba75_5d49ff22ff00] Found no committed offset for partition topic-ceeb311b_0be8_4888_ba75_5d49ff22ff00-0
2025-08-12 14:49:24,559 INFO  [org.apa.kaf.cli.con.int.SubscriptionState] (Thread-660) [Consumer clientId=consumer-Consumer-topic-ceeb311b_0be8_4888_ba75_5d49ff22ff00-9, groupId=Consumer-topic-ceeb311b_0be8_4888_ba75_5d49ff22ff00] Resetting offset for partition topic-ceeb311b_0be8_4888_ba75_5d49ff22ff00-0 to position FetchPosition{offset=0, offsetEpoch=Optional.empty, currentLeader=LeaderAndEpoch{leader=Optional[localhost:32769 (id: 0 rack: null)], epoch=0}}.
2025-08-12 14:49:24,797 INFO  [io.api.tes.ser.api.KafkaSerdesTester] (Thread-660) topic-ceeb311b_0be8_4888_ba75_5d49ff22ff00 0 0 {"key11755010160160": "value-0"}
2025-08-12 14:49:24,797 INFO  [io.api.tes.ser.api.KafkaSerdesTester] (Thread-660) topic-ceeb311b_0be8_4888_ba75_5d49ff22ff00 0 1 {"key11755010160160": "value-1"}
2025-08-12 14:49:24,798 INFO  [io.api.tes.ser.api.KafkaSerdesTester] (Thread-660) topic-ceeb311b_0be8_4888_ba75_5d49ff22ff00 0 2 {"key11755010160160": "value-2"}
2025-08-12 14:49:24,798 INFO  [io.api.tes.ser.api.KafkaSerdesTester] (Thread-660) topic-ceeb311b_0be8_4888_ba75_5d49ff22ff00 0 3 {"key11755010160160": "value-3"}
2025-08-12 14:49:24,798 INFO  [io.api.tes.ser.api.KafkaSerdesTester] (Thread-660) topic-ceeb311b_0be8_4888_ba75_5d49ff22ff00 0 4 {"key11755010160160": "value-4"}
2025-08-12 14:49:24,798 INFO  [io.api.tes.ser.api.KafkaSerdesTester] (Thread-660) topic-ceeb311b_0be8_4888_ba75_5d49ff22ff00 0 5 {"key11755010160160": "value-5"}
2025-08-12 14:49:24,798 INFO  [io.api.tes.ser.api.KafkaSerdesTester] (Thread-660) topic-ceeb311b_0be8_4888_ba75_5d49ff22ff00 0 6 {"key11755010160160": "value-6"}
2025-08-12 14:49:24,798 INFO  [io.api.tes.ser.api.KafkaSerdesTester] (Thread-660) topic-ceeb311b_0be8_4888_ba75_5d49ff22ff00 0 7 {"key11755010160160": "value-7"}
2025-08-12 14:49:24,798 INFO  [io.api.tes.ser.api.KafkaSerdesTester] (Thread-660) topic-ceeb311b_0be8_4888_ba75_5d49ff22ff00 0 8 {"key11755010160160": "value-8"}
2025-08-12 14:49:24,798 INFO  [io.api.tes.ser.api.KafkaSerdesTester] (Thread-660) topic-ceeb311b_0be8_4888_ba75_5d49ff22ff00 0 9 {"key11755010160160": "value-9"}
2025-08-12 14:49:24,798 INFO  [io.api.tes.ser.api.KafkaSerdesTester] (Thread-660) Consumed 10 messages
2025-08-12 14:49:24,798 INFO  [io.api.tes.ser.api.AvroSerdeIT] (main) Registering Avro Schema 2: {"type":"record","name":"s574bb47dx6699x4ac3x9025xd7e3e0423547","namespace":"ns_2d77fd41_7810_4db5_b5e6_e64e9fe0b0bc","fields":[{"name":"key11755010160160","type":"string"},{"name":"key21755010164798","type":"string"}]}
2025-08-12 14:49:25,971 INFO  [io.api.tes.ser.api.KafkaSerdesTester] (Thread-661) Sending message {"key11755010160160": "value-0", "key21755010164798": "value-0"} to topic topic-ceeb311b_0be8_4888_ba75_5d49ff22ff00
2025-08-12 14:49:25,971 INFO  [DefaultSchemaResolver] (Thread-661) Retrieving schema content using string: {"type":"record","name":"s574bb47dx6699x4ac3x9025xd7e3e0423547","namespace":"ns_2d77fd41_7810_4db5_b5e6_e64e9fe0b0bc","fields":[{"name":"key11755010160160","type":"string"},{"name":"key21755010164798","type":"string"}]}
2025-08-12 14:49:26,058 INFO  [io.api.tes.ser.api.KafkaSerdesTester] (Thread-661) Sending message {"key11755010160160": "value-1", "key21755010164798": "value-1"} to topic topic-ceeb311b_0be8_4888_ba75_5d49ff22ff00
2025-08-12 14:49:26,060 INFO  [io.api.tes.ser.api.KafkaSerdesTester] (Thread-661) Sending message {"key11755010160160": "value-2", "key21755010164798": "value-2"} to topic topic-ceeb311b_0be8_4888_ba75_5d49ff22ff00
2025-08-12 14:49:26,061 INFO  [io.api.tes.ser.api.KafkaSerdesTester] (Thread-661) Sending message {"key11755010160160": "value-3", "key21755010164798": "value-3"} to topic topic-ceeb311b_0be8_4888_ba75_5d49ff22ff00
2025-08-12 14:49:26,064 INFO  [io.api.tes.ser.api.KafkaSerdesTester] (Thread-661) Sending message {"key11755010160160": "value-4", "key21755010164798": "value-4"} to topic topic-ceeb311b_0be8_4888_ba75_5d49ff22ff00
2025-08-12 14:49:26,066 INFO  [io.api.tes.ser.api.KafkaSerdesTester] (Thread-661) Sending message {"key11755010160160": "value-5", "key21755010164798": "value-5"} to topic topic-ceeb311b_0be8_4888_ba75_5d49ff22ff00
2025-08-12 14:49:26,068 INFO  [io.api.tes.ser.api.KafkaSerdesTester] (Thread-661) Sending message {"key11755010160160": "value-6", "key21755010164798": "value-6"} to topic topic-ceeb311b_0be8_4888_ba75_5d49ff22ff00
2025-08-12 14:49:26,070 INFO  [io.api.tes.ser.api.KafkaSerdesTester] (Thread-661) Sending message {"key11755010160160": "value-7", "key21755010164798": "value-7"} to topic topic-ceeb311b_0be8_4888_ba75_5d49ff22ff00
2025-08-12 14:49:26,072 INFO  [io.api.tes.ser.api.KafkaSerdesTester] (Thread-661) Sending message {"key11755010160160": "value-8", "key21755010164798": "value-8"} to topic topic-ceeb311b_0be8_4888_ba75_5d49ff22ff00
2025-08-12 14:49:26,074 INFO  [io.api.tes.ser.api.KafkaSerdesTester] (Thread-661) Sending message {"key11755010160160": "value-9", "key21755010164798": "value-9"} to topic topic-ceeb311b_0be8_4888_ba75_5d49ff22ff00
2025-08-12 14:49:26,077 INFO  [io.api.tes.ser.api.KafkaSerdesTester] (Thread-661) Produced 10 messages
2025-08-12 14:49:26,078 INFO  [io.api.tes.ser.api.KafkaSerdesTester] (Thread-662) Sending message {"key11755010160160": "value-0"} to topic topic-ceeb311b_0be8_4888_ba75_5d49ff22ff00
2025-08-12 14:49:26,081 INFO  [io.api.tes.ser.api.KafkaSerdesTester] (Thread-662) Sending message {"key11755010160160": "value-1"} to topic topic-ceeb311b_0be8_4888_ba75_5d49ff22ff00
2025-08-12 14:49:26,084 INFO  [io.api.tes.ser.api.KafkaSerdesTester] (Thread-662) Sending message {"key11755010160160": "value-2"} to topic topic-ceeb311b_0be8_4888_ba75_5d49ff22ff00
2025-08-12 14:49:26,086 INFO  [io.api.tes.ser.api.KafkaSerdesTester] (Thread-662) Sending message {"key11755010160160": "value-3"} to topic topic-ceeb311b_0be8_4888_ba75_5d49ff22ff00
2025-08-12 14:49:26,088 INFO  [io.api.tes.ser.api.KafkaSerdesTester] (Thread-662) Sending message {"key11755010160160": "value-4"} to topic topic-ceeb311b_0be8_4888_ba75_5d49ff22ff00
2025-08-12 14:49:26,090 INFO  [io.api.tes.ser.api.KafkaSerdesTester] (Thread-662) Sending message {"key11755010160160": "value-5"} to topic topic-ceeb311b_0be8_4888_ba75_5d49ff22ff00
2025-08-12 14:49:26,092 INFO  [io.api.tes.ser.api.KafkaSerdesTester] (Thread-662) Sending message {"key11755010160160": "value-6"} to topic topic-ceeb311b_0be8_4888_ba75_5d49ff22ff00
2025-08-12 14:49:26,095 INFO  [io.api.tes.ser.api.KafkaSerdesTester] (Thread-662) Sending message {"key11755010160160": "value-7"} to topic topic-ceeb311b_0be8_4888_ba75_5d49ff22ff00
2025-08-12 14:49:26,099 INFO  [io.api.tes.ser.api.KafkaSerdesTester] (Thread-662) Sending message {"key11755010160160": "value-8"} to topic topic-ceeb311b_0be8_4888_ba75_5d49ff22ff00
2025-08-12 14:49:26,105 INFO  [io.api.tes.ser.api.KafkaSerdesTester] (Thread-662) Sending message {"key11755010160160": "value-9"} to topic topic-ceeb311b_0be8_4888_ba75_5d49ff22ff00
2025-08-12 14:49:26,107 INFO  [io.api.tes.ser.api.KafkaSerdesTester] (Thread-662) Produced 10 messages
2025-08-12 14:49:26,108 INFO  [org.apa.kaf.cli.con.int.ClassicKafkaConsumer] (Thread-663) [Consumer clientId=consumer-Consumer-topic-ceeb311b_0be8_4888_ba75_5d49ff22ff00-9, groupId=Consumer-topic-ceeb311b_0be8_4888_ba75_5d49ff22ff00] Subscribed to topic(s): topic-ceeb311b_0be8_4888_ba75_5d49ff22ff00
2025-08-12 14:49:26,287 INFO  [io.api.tes.ser.api.KafkaSerdesTester] (Thread-663) topic-ceeb311b_0be8_4888_ba75_5d49ff22ff00 0 10 {"key11755010160160": "value-0", "key21755010164798": "value-0"}
2025-08-12 14:49:26,287 INFO  [io.api.tes.ser.api.KafkaSerdesTester] (Thread-663) topic-ceeb311b_0be8_4888_ba75_5d49ff22ff00 0 11 {"key11755010160160": "value-1", "key21755010164798": "value-1"}
2025-08-12 14:49:26,287 INFO  [io.api.tes.ser.api.KafkaSerdesTester] (Thread-663) topic-ceeb311b_0be8_4888_ba75_5d49ff22ff00 0 12 {"key11755010160160": "value-2", "key21755010164798": "value-2"}
2025-08-12 14:49:26,287 INFO  [io.api.tes.ser.api.KafkaSerdesTester] (Thread-663) topic-ceeb311b_0be8_4888_ba75_5d49ff22ff00 0 13 {"key11755010160160": "value-3", "key21755010164798": "value-3"}
2025-08-12 14:49:26,287 INFO  [io.api.tes.ser.api.KafkaSerdesTester] (Thread-663) topic-ceeb311b_0be8_4888_ba75_5d49ff22ff00 0 14 {"key11755010160160": "value-4", "key21755010164798": "value-4"}
2025-08-12 14:49:26,289 INFO  [io.api.tes.ser.api.KafkaSerdesTester] (Thread-663) topic-ceeb311b_0be8_4888_ba75_5d49ff22ff00 0 15 {"key11755010160160": "value-5", "key21755010164798": "value-5"}
2025-08-12 14:49:26,289 INFO  [io.api.tes.ser.api.KafkaSerdesTester] (Thread-663) topic-ceeb311b_0be8_4888_ba75_5d49ff22ff00 0 16 {"key11755010160160": "value-6", "key21755010164798": "value-6"}
2025-08-12 14:49:26,289 INFO  [io.api.tes.ser.api.KafkaSerdesTester] (Thread-663) topic-ceeb311b_0be8_4888_ba75_5d49ff22ff00 0 17 {"key11755010160160": "value-7", "key21755010164798": "value-7"}
2025-08-12 14:49:26,289 INFO  [io.api.tes.ser.api.KafkaSerdesTester] (Thread-663) topic-ceeb311b_0be8_4888_ba75_5d49ff22ff00 0 18 {"key11755010160160": "value-8", "key21755010164798": "value-8"}
2025-08-12 14:49:26,289 INFO  [io.api.tes.ser.api.KafkaSerdesTester] (Thread-663) topic-ceeb311b_0be8_4888_ba75_5d49ff22ff00 0 19 {"key11755010160160": "value-9", "key21755010164798": "value-9"}
2025-08-12 14:49:26,289 INFO  [io.api.tes.ser.api.KafkaSerdesTester] (Thread-663) topic-ceeb311b_0be8_4888_ba75_5d49ff22ff00 0 20 {"key11755010160160": "value-0"}
2025-08-12 14:49:26,289 INFO  [io.api.tes.ser.api.KafkaSerdesTester] (Thread-663) topic-ceeb311b_0be8_4888_ba75_5d49ff22ff00 0 21 {"key11755010160160": "value-1"}
2025-08-12 14:49:26,289 INFO  [io.api.tes.ser.api.KafkaSerdesTester] (Thread-663) topic-ceeb311b_0be8_4888_ba75_5d49ff22ff00 0 22 {"key11755010160160": "value-2"}
2025-08-12 14:49:26,289 INFO  [io.api.tes.ser.api.KafkaSerdesTester] (Thread-663) topic-ceeb311b_0be8_4888_ba75_5d49ff22ff00 0 23 {"key11755010160160": "value-3"}
2025-08-12 14:49:26,289 INFO  [io.api.tes.ser.api.KafkaSerdesTester] (Thread-663) topic-ceeb311b_0be8_4888_ba75_5d49ff22ff00 0 24 {"key11755010160160": "value-4"}
2025-08-12 14:49:26,289 INFO  [io.api.tes.ser.api.KafkaSerdesTester] (Thread-663) topic-ceeb311b_0be8_4888_ba75_5d49ff22ff00 0 25 {"key11755010160160": "value-5"}
2025-08-12 14:49:26,289 INFO  [io.api.tes.ser.api.KafkaSerdesTester] (Thread-663) topic-ceeb311b_0be8_4888_ba75_5d49ff22ff00 0 26 {"key11755010160160": "value-6"}
2025-08-12 14:49:26,289 INFO  [io.api.tes.ser.api.KafkaSerdesTester] (Thread-663) topic-ceeb311b_0be8_4888_ba75_5d49ff22ff00 0 27 {"key11755010160160": "value-7"}
2025-08-12 14:49:26,289 INFO  [io.api.tes.ser.api.KafkaSerdesTester] (Thread-663) topic-ceeb311b_0be8_4888_ba75_5d49ff22ff00 0 28 {"key11755010160160": "value-8"}
2025-08-12 14:49:26,289 INFO  [io.api.tes.ser.api.KafkaSerdesTester] (Thread-663) topic-ceeb311b_0be8_4888_ba75_5d49ff22ff00 0 29 {"key11755010160160": "value-9"}
2025-08-12 14:49:26,289 INFO  [io.api.tes.ser.api.KafkaSerdesTester] (Thread-663) Consumed 20 messages
2025-08-12 14:49:26,290 INFO  [io.api.tes.ser.api.AvroSerdeIT] (main) Registering Avro Schema 3: {"type":"record","name":"s574bb47dx6699x4ac3x9025xd7e3e0423547","namespace":"ns_2d77fd41_7810_4db5_b5e6_e64e9fe0b0bc","fields":[{"name":"key11755010160160","type":"string"},{"name":"key21755010164798","type":"string"},{"name":"key31755010166289","type":"string"}]}
2025-08-12 14:49:27,461 INFO  [io.api.tes.ser.api.KafkaSerdesTester] (Thread-664) Sending message {"key11755010160160": "value-0", "key21755010164798": "value-0", "key31755010166289": "value-0"} to topic topic-ceeb311b_0be8_4888_ba75_5d49ff22ff00
2025-08-12 14:49:27,462 INFO  [DefaultSchemaResolver] (Thread-664) Retrieving schema content using string: {"type":"record","name":"s574bb47dx6699x4ac3x9025xd7e3e0423547","namespace":"ns_2d77fd41_7810_4db5_b5e6_e64e9fe0b0bc","fields":[{"name":"key11755010160160","type":"string"},{"name":"key21755010164798","type":"string"},{"name":"key31755010166289","type":"string"}]}
2025-08-12 14:49:27,543 INFO  [io.api.tes.ser.api.KafkaSerdesTester] (Thread-664) Sending message {"key11755010160160": "value-1", "key21755010164798": "value-1", "key31755010166289": "value-1"} to topic topic-ceeb311b_0be8_4888_ba75_5d49ff22ff00
2025-08-12 14:49:27,544 INFO  [io.api.tes.ser.api.KafkaSerdesTester] (Thread-664) Sending message {"key11755010160160": "value-2", "key21755010164798": "value-2", "key31755010166289": "value-2"} to topic topic-ceeb311b_0be8_4888_ba75_5d49ff22ff00
2025-08-12 14:49:27,546 INFO  [io.api.tes.ser.api.KafkaSerdesTester] (Thread-664) Sending message {"key11755010160160": "value-3", "key21755010164798": "value-3", "key31755010166289": "value-3"} to topic topic-ceeb311b_0be8_4888_ba75_5d49ff22ff00
2025-08-12 14:49:27,552 INFO  [io.api.tes.ser.api.KafkaSerdesTester] (Thread-664) Sending message {"key11755010160160": "value-4", "key21755010164798": "value-4", "key31755010166289": "value-4"} to topic topic-ceeb311b_0be8_4888_ba75_5d49ff22ff00
2025-08-12 14:49:27,554 INFO  [io.api.tes.ser.api.KafkaSerdesTester] (Thread-664) Sending message {"key11755010160160": "value-5", "key21755010164798": "value-5", "key31755010166289": "value-5"} to topic topic-ceeb311b_0be8_4888_ba75_5d49ff22ff00
2025-08-12 14:49:27,558 INFO  [io.api.tes.ser.api.KafkaSerdesTester] (Thread-664) Sending message {"key11755010160160": "value-6", "key21755010164798": "value-6", "key31755010166289": "value-6"} to topic topic-ceeb311b_0be8_4888_ba75_5d49ff22ff00
2025-08-12 14:49:27,560 INFO  [io.api.tes.ser.api.KafkaSerdesTester] (Thread-664) Sending message {"key11755010160160": "value-7", "key21755010164798": "value-7", "key31755010166289": "value-7"} to topic topic-ceeb311b_0be8_4888_ba75_5d49ff22ff00
2025-08-12 14:49:27,561 INFO  [io.api.tes.ser.api.KafkaSerdesTester] (Thread-664) Sending message {"key11755010160160": "value-8", "key21755010164798": "value-8", "key31755010166289": "value-8"} to topic topic-ceeb311b_0be8_4888_ba75_5d49ff22ff00
2025-08-12 14:49:27,563 INFO  [io.api.tes.ser.api.KafkaSerdesTester] (Thread-664) Sending message {"key11755010160160": "value-9", "key21755010164798": "value-9", "key31755010166289": "value-9"} to topic topic-ceeb311b_0be8_4888_ba75_5d49ff22ff00
2025-08-12 14:49:27,564 INFO  [io.api.tes.ser.api.KafkaSerdesTester] (Thread-664) Produced 10 messages
2025-08-12 14:49:27,564 INFO  [io.api.tes.ser.api.KafkaSerdesTester] (Thread-665) Sending message {"key11755010160160": "value-0", "key21755010164798": "value-0"} to topic topic-ceeb311b_0be8_4888_ba75_5d49ff22ff00
2025-08-12 14:49:27,566 INFO  [io.api.tes.ser.api.KafkaSerdesTester] (Thread-665) Sending message {"key11755010160160": "value-1", "key21755010164798": "value-1"} to topic topic-ceeb311b_0be8_4888_ba75_5d49ff22ff00
2025-08-12 14:49:27,567 INFO  [io.api.tes.ser.api.KafkaSerdesTester] (Thread-665) Sending message {"key11755010160160": "value-2", "key21755010164798": "value-2"} to topic topic-ceeb311b_0be8_4888_ba75_5d49ff22ff00
2025-08-12 14:49:27,568 INFO  [io.api.tes.ser.api.KafkaSerdesTester] (Thread-665) Sending message {"key11755010160160": "value-3", "key21755010164798": "value-3"} to topic topic-ceeb311b_0be8_4888_ba75_5d49ff22ff00
2025-08-12 14:49:27,570 INFO  [io.api.tes.ser.api.KafkaSerdesTester] (Thread-665) Sending message {"key11755010160160": "value-4", "key21755010164798": "value-4"} to topic topic-ceeb311b_0be8_4888_ba75_5d49ff22ff00
2025-08-12 14:49:27,571 INFO  [io.api.tes.ser.api.KafkaSerdesTester] (Thread-665) Sending message {"key11755010160160": "value-5", "key21755010164798": "value-5"} to topic topic-ceeb311b_0be8_4888_ba75_5d49ff22ff00
2025-08-12 14:49:27,572 INFO  [io.api.tes.ser.api.KafkaSerdesTester] (Thread-665) Sending message {"key11755010160160": "value-6", "key21755010164798": "value-6"} to topic topic-ceeb311b_0be8_4888_ba75_5d49ff22ff00
2025-08-12 14:49:27,573 INFO  [io.api.tes.ser.api.KafkaSerdesTester] (Thread-665) Sending message {"key11755010160160": "value-7", "key21755010164798": "value-7"} to topic topic-ceeb311b_0be8_4888_ba75_5d49ff22ff00
2025-08-12 14:49:27,577 INFO  [io.api.tes.ser.api.KafkaSerdesTester] (Thread-665) Sending message {"key11755010160160": "value-8", "key21755010164798": "value-8"} to topic topic-ceeb311b_0be8_4888_ba75_5d49ff22ff00
2025-08-12 14:49:27,578 INFO  [io.api.tes.ser.api.KafkaSerdesTester] (Thread-665) Sending message {"key11755010160160": "value-9", "key21755010164798": "value-9"} to topic topic-ceeb311b_0be8_4888_ba75_5d49ff22ff00
2025-08-12 14:49:27,581 INFO  [io.api.tes.ser.api.KafkaSerdesTester] (Thread-665) Produced 10 messages
2025-08-12 14:49:27,582 INFO  [io.api.tes.ser.api.KafkaSerdesTester] (Thread-666) Sending message {"key11755010160160": "value-0"} to topic topic-ceeb311b_0be8_4888_ba75_5d49ff22ff00
2025-08-12 14:49:27,585 INFO  [io.api.tes.ser.api.KafkaSerdesTester] (Thread-666) Sending message {"key11755010160160": "value-1"} to topic topic-ceeb311b_0be8_4888_ba75_5d49ff22ff00
2025-08-12 14:49:27,586 INFO  [io.api.tes.ser.api.KafkaSerdesTester] (Thread-666) Sending message {"key11755010160160": "value-2"} to topic topic-ceeb311b_0be8_4888_ba75_5d49ff22ff00
2025-08-12 14:49:27,590 INFO  [io.api.tes.ser.api.KafkaSerdesTester] (Thread-666) Sending message {"key11755010160160": "value-3"} to topic topic-ceeb311b_0be8_4888_ba75_5d49ff22ff00
2025-08-12 14:49:27,594 INFO  [io.api.tes.ser.api.KafkaSerdesTester] (Thread-666) Sending message {"key11755010160160": "value-4"} to topic topic-ceeb311b_0be8_4888_ba75_5d49ff22ff00
2025-08-12 14:49:27,595 INFO  [io.api.tes.ser.api.KafkaSerdesTester] (Thread-666) Sending message {"key11755010160160": "value-5"} to topic topic-ceeb311b_0be8_4888_ba75_5d49ff22ff00
2025-08-12 14:49:27,598 INFO  [io.api.tes.ser.api.KafkaSerdesTester] (Thread-666) Sending message {"key11755010160160": "value-6"} to topic topic-ceeb311b_0be8_4888_ba75_5d49ff22ff00
2025-08-12 14:49:27,599 INFO  [io.api.tes.ser.api.KafkaSerdesTester] (Thread-666) Sending message {"key11755010160160": "value-7"} to topic topic-ceeb311b_0be8_4888_ba75_5d49ff22ff00
2025-08-12 14:49:27,601 INFO  [io.api.tes.ser.api.KafkaSerdesTester] (Thread-666) Sending message {"key11755010160160": "value-8"} to topic topic-ceeb311b_0be8_4888_ba75_5d49ff22ff00
2025-08-12 14:49:27,602 INFO  [io.api.tes.ser.api.KafkaSerdesTester] (Thread-666) Sending message {"key11755010160160": "value-9"} to topic topic-ceeb311b_0be8_4888_ba75_5d49ff22ff00
2025-08-12 14:49:27,604 INFO  [io.api.tes.ser.api.KafkaSerdesTester] (Thread-666) Produced 10 messages
2025-08-12 14:49:27,605 INFO  [org.apa.kaf.cli.con.int.ClassicKafkaConsumer] (Thread-667) [Consumer clientId=consumer-Consumer-topic-ceeb311b_0be8_4888_ba75_5d49ff22ff00-9, groupId=Consumer-topic-ceeb311b_0be8_4888_ba75_5d49ff22ff00] Subscribed to topic(s): topic-ceeb311b_0be8_4888_ba75_5d49ff22ff00
2025-08-12 14:49:27,774 INFO  [io.api.tes.ser.api.KafkaSerdesTester] (Thread-667) topic-ceeb311b_0be8_4888_ba75_5d49ff22ff00 0 30 {"key11755010160160": "value-0", "key21755010164798": "value-0", "key31755010166289": "value-0"}
2025-08-12 14:49:27,774 INFO  [io.api.tes.ser.api.KafkaSerdesTester] (Thread-667) topic-ceeb311b_0be8_4888_ba75_5d49ff22ff00 0 31 {"key11755010160160": "value-1", "key21755010164798": "value-1", "key31755010166289": "value-1"}
2025-08-12 14:49:27,775 INFO  [io.api.tes.ser.api.KafkaSerdesTester] (Thread-667) topic-ceeb311b_0be8_4888_ba75_5d49ff22ff00 0 32 {"key11755010160160": "value-2", "key21755010164798": "value-2", "key31755010166289": "value-2"}
2025-08-12 14:49:27,775 INFO  [io.api.tes.ser.api.KafkaSerdesTester] (Thread-667) topic-ceeb311b_0be8_4888_ba75_5d49ff22ff00 0 33 {"key11755010160160": "value-3", "key21755010164798": "value-3", "key31755010166289": "value-3"}
2025-08-12 14:49:27,775 INFO  [io.api.tes.ser.api.KafkaSerdesTester] (Thread-667) topic-ceeb311b_0be8_4888_ba75_5d49ff22ff00 0 34 {"key11755010160160": "value-4", "key21755010164798": "value-4", "key31755010166289": "value-4"}
2025-08-12 14:49:27,775 INFO  [io.api.tes.ser.api.KafkaSerdesTester] (Thread-667) topic-ceeb311b_0be8_4888_ba75_5d49ff22ff00 0 35 {"key11755010160160": "value-5", "key21755010164798": "value-5", "key31755010166289": "value-5"}
2025-08-12 14:49:27,776 INFO  [io.api.tes.ser.api.KafkaSerdesTester] (Thread-667) topic-ceeb311b_0be8_4888_ba75_5d49ff22ff00 0 36 {"key11755010160160": "value-6", "key21755010164798": "value-6", "key31755010166289": "value-6"}
2025-08-12 14:49:27,776 INFO  [io.api.tes.ser.api.KafkaSerdesTester] (Thread-667) topic-ceeb311b_0be8_4888_ba75_5d49ff22ff00 0 37 {"key11755010160160": "value-7", "key21755010164798": "value-7", "key31755010166289": "value-7"}
2025-08-12 14:49:27,776 INFO  [io.api.tes.ser.api.KafkaSerdesTester] (Thread-667) topic-ceeb311b_0be8_4888_ba75_5d49ff22ff00 0 38 {"key11755010160160": "value-8", "key21755010164798": "value-8", "key31755010166289": "value-8"}
2025-08-12 14:49:27,776 INFO  [io.api.tes.ser.api.KafkaSerdesTester] (Thread-667) topic-ceeb311b_0be8_4888_ba75_5d49ff22ff00 0 39 {"key11755010160160": "value-9", "key21755010164798": "value-9", "key31755010166289": "value-9"}
2025-08-12 14:49:27,776 INFO  [io.api.tes.ser.api.KafkaSerdesTester] (Thread-667) topic-ceeb311b_0be8_4888_ba75_5d49ff22ff00 0 40 {"key11755010160160": "value-0", "key21755010164798": "value-0"}
2025-08-12 14:49:27,776 INFO  [io.api.tes.ser.api.KafkaSerdesTester] (Thread-667) topic-ceeb311b_0be8_4888_ba75_5d49ff22ff00 0 41 {"key11755010160160": "value-1", "key21755010164798": "value-1"}
2025-08-12 14:49:27,776 INFO  [io.api.tes.ser.api.KafkaSerdesTester] (Thread-667) topic-ceeb311b_0be8_4888_ba75_5d49ff22ff00 0 42 {"key11755010160160": "value-2", "key21755010164798": "value-2"}
2025-08-12 14:49:27,776 INFO  [io.api.tes.ser.api.KafkaSerdesTester] (Thread-667) topic-ceeb311b_0be8_4888_ba75_5d49ff22ff00 0 43 {"key11755010160160": "value-3", "key21755010164798": "value-3"}
2025-08-12 14:49:27,776 INFO  [io.api.tes.ser.api.KafkaSerdesTester] (Thread-667) topic-ceeb311b_0be8_4888_ba75_5d49ff22ff00 0 44 {"key11755010160160": "value-4", "key21755010164798": "value-4"}
2025-08-12 14:49:27,776 INFO  [io.api.tes.ser.api.KafkaSerdesTester] (Thread-667) topic-ceeb311b_0be8_4888_ba75_5d49ff22ff00 0 45 {"key11755010160160": "value-5", "key21755010164798": "value-5"}
2025-08-12 14:49:27,776 INFO  [io.api.tes.ser.api.KafkaSerdesTester] (Thread-667) topic-ceeb311b_0be8_4888_ba75_5d49ff22ff00 0 46 {"key11755010160160": "value-6", "key21755010164798": "value-6"}
2025-08-12 14:49:27,776 INFO  [io.api.tes.ser.api.KafkaSerdesTester] (Thread-667) topic-ceeb311b_0be8_4888_ba75_5d49ff22ff00 0 47 {"key11755010160160": "value-7", "key21755010164798": "value-7"}
2025-08-12 14:49:27,776 INFO  [io.api.tes.ser.api.KafkaSerdesTester] (Thread-667) topic-ceeb311b_0be8_4888_ba75_5d49ff22ff00 0 48 {"key11755010160160": "value-8", "key21755010164798": "value-8"}
2025-08-12 14:49:27,777 INFO  [io.api.tes.ser.api.KafkaSerdesTester] (Thread-667) topic-ceeb311b_0be8_4888_ba75_5d49ff22ff00 0 49 {"key11755010160160": "value-9", "key21755010164798": "value-9"}
2025-08-12 14:49:27,777 INFO  [io.api.tes.ser.api.KafkaSerdesTester] (Thread-667) topic-ceeb311b_0be8_4888_ba75_5d49ff22ff00 0 50 {"key11755010160160": "value-0"}
2025-08-12 14:49:27,777 INFO  [io.api.tes.ser.api.KafkaSerdesTester] (Thread-667) topic-ceeb311b_0be8_4888_ba75_5d49ff22ff00 0 51 {"key11755010160160": "value-1"}
2025-08-12 14:49:27,777 INFO  [io.api.tes.ser.api.KafkaSerdesTester] (Thread-667) topic-ceeb311b_0be8_4888_ba75_5d49ff22ff00 0 52 {"key11755010160160": "value-2"}
2025-08-12 14:49:27,777 INFO  [io.api.tes.ser.api.KafkaSerdesTester] (Thread-667) topic-ceeb311b_0be8_4888_ba75_5d49ff22ff00 0 53 {"key11755010160160": "value-3"}
2025-08-12 14:49:27,777 INFO  [io.api.tes.ser.api.KafkaSerdesTester] (Thread-667) topic-ceeb311b_0be8_4888_ba75_5d49ff22ff00 0 54 {"key11755010160160": "value-4"}
2025-08-12 14:49:27,777 INFO  [io.api.tes.ser.api.KafkaSerdesTester] (Thread-667) topic-ceeb311b_0be8_4888_ba75_5d49ff22ff00 0 55 {"key11755010160160": "value-5"}
2025-08-12 14:49:27,778 INFO  [io.api.tes.ser.api.KafkaSerdesTester] (Thread-667) topic-ceeb311b_0be8_4888_ba75_5d49ff22ff00 0 56 {"key11755010160160": "value-6"}
2025-08-12 14:49:27,778 INFO  [io.api.tes.ser.api.KafkaSerdesTester] (Thread-667) topic-ceeb311b_0be8_4888_ba75_5d49ff22ff00 0 57 {"key11755010160160": "value-7"}
2025-08-12 14:49:27,778 INFO  [io.api.tes.ser.api.KafkaSerdesTester] (Thread-667) topic-ceeb311b_0be8_4888_ba75_5d49ff22ff00 0 58 {"key11755010160160": "value-8"}
2025-08-12 14:49:27,778 INFO  [io.api.tes.ser.api.KafkaSerdesTester] (Thread-667) topic-ceeb311b_0be8_4888_ba75_5d49ff22ff00 0 59 {"key11755010160160": "value-9"}
2025-08-12 14:49:27,778 INFO  [io.api.tes.ser.api.KafkaSerdesTester] (Thread-667) Consumed 30 messages
2025-08-12 14:49:27,778 INFO  [org.apa.kaf.cli.pro.KafkaProducer] (main) [Producer clientId=Producer-topic-ceeb311b_0be8_4888_ba75_5d49ff22ff00] Closing the Kafka producer with timeoutMillis = 9223372036854775807 ms.
2025-08-12 14:49:27,783 INFO  [org.apa.kaf.com.met.Metrics] (main) Metrics scheduler closed
2025-08-12 14:49:27,783 INFO  [org.apa.kaf.com.met.Metrics] (main) Closing reporter org.apache.kafka.common.metrics.JmxReporter
2025-08-12 14:49:27,783 INFO  [org.apa.kaf.com.met.Metrics] (main) Closing reporter org.apache.kafka.common.telemetry.internals.ClientTelemetryReporter
2025-08-12 14:49:27,783 INFO  [org.apa.kaf.com.met.Metrics] (main) Metrics reporters closed
2025-08-12 14:49:27,784 INFO  [org.apa.kaf.com.uti.AppInfoParser] (main) App info kafka.producer for Producer-topic-ceeb311b_0be8_4888_ba75_5d49ff22ff00 unregistered
2025-08-12 14:49:27,793 INFO  [org.apa.kaf.cli.con.int.ConsumerRebalanceListenerInvoker] (main) [Consumer clientId=consumer-Consumer-topic-ceeb311b_0be8_4888_ba75_5d49ff22ff00-9, groupId=Consumer-topic-ceeb311b_0be8_4888_ba75_5d49ff22ff00] Revoke previously assigned partitions topic-ceeb311b_0be8_4888_ba75_5d49ff22ff00-0
2025-08-12 14:49:27,793 INFO  [org.apa.kaf.cli.con.int.ConsumerCoordinator] (main) [Consumer clientId=consumer-Consumer-topic-ceeb311b_0be8_4888_ba75_5d49ff22ff00-9, groupId=Consumer-topic-ceeb311b_0be8_4888_ba75_5d49ff22ff00] Member consumer-Consumer-topic-ceeb311b_0be8_4888_ba75_5d49ff22ff00-9-ce7fb34b-3f4a-4fba-8c4d-1dca7ed1921a sending LeaveGroup request to coordinator localhost:32769 (id: 2147483647 rack: null) due to the consumer is being closed
2025-08-12 14:49:27,793 INFO  [org.apa.kaf.cli.con.int.ConsumerCoordinator] (main) [Consumer clientId=consumer-Consumer-topic-ceeb311b_0be8_4888_ba75_5d49ff22ff00-9, groupId=Consumer-topic-ceeb311b_0be8_4888_ba75_5d49ff22ff00] Resetting generation and member id due to: consumer pro-actively leaving the group
2025-08-12 14:49:27,793 INFO  [org.apa.kaf.cli.con.int.ConsumerCoordinator] (main) [Consumer clientId=consumer-Consumer-topic-ceeb311b_0be8_4888_ba75_5d49ff22ff00-9, groupId=Consumer-topic-ceeb311b_0be8_4888_ba75_5d49ff22ff00] Request joining group due to: consumer pro-actively leaving the group
2025-08-12 14:49:28,279 INFO  [org.apa.kaf.com.met.Metrics] (main) Metrics scheduler closed
2025-08-12 14:49:28,279 INFO  [org.apa.kaf.com.met.Metrics] (main) Closing reporter org.apache.kafka.common.metrics.JmxReporter
2025-08-12 14:49:28,279 INFO  [org.apa.kaf.com.met.Metrics] (main) Closing reporter org.apache.kafka.common.telemetry.internals.ClientTelemetryReporter
2025-08-12 14:49:28,279 INFO  [org.apa.kaf.com.met.Metrics] (main) Metrics reporters closed
2025-08-12 14:49:28,283 INFO  [org.apa.kaf.com.uti.AppInfoParser] (main) App info kafka.consumer for consumer-Consumer-topic-ceeb311b_0be8_4888_ba75_5d49ff22ff00-9 unregistered
2025-08-12 14:49:28,283 INFO  [io.api.tes.uti.TestSeparator] (main) io.apicurio.tests.serdes.apicurio.AvroSerdeIT.testEvolveAvroApicurioReusingClient-FINISHED
2025-08-12 14:49:28,283 INFO  [io.api.tes.uti.TestSeparator] (main) ############################################################################
Test passed: testEvolveAvroApicurioReusingClient
]]></system-out>
  </testcase>
  <testcase name="testProducerUsesDefaultConsumerUsesGlobalId" classname="io.apicurio.tests.serdes.apicurio.AvroSerdeIT" time="0.0">
    <skipped message="void io.apicurio.tests.serdes.apicurio.AvroSerdeIT.testProducerUsesDefaultConsumerUsesGlobalId() throws java.lang.Exception is @Disabled"/>
  </testcase>
  <testcase name="testEvolveAvroApicurio" classname="io.apicurio.tests.serdes.apicurio.AvroSerdeIT" time="16.472">
    <system-out><![CDATA[2025-08-12 14:49:28,292 INFO  [io.api.tes.uti.TestSeparator] (main) ############################################################################
2025-08-12 14:49:28,292 INFO  [io.api.tes.uti.TestSeparator] (main) io.apicurio.tests.serdes.apicurio.AvroSerdeIT.testEvolveAvroApicurio-STARTED
2025-08-12 14:49:28,293 INFO  [io.api.tes.ser.api.AvroSerdeIT] (main) Registering Avro Schema: {"type":"record","name":"sd50bd06bxd57fx40a4x868bx1b1178c7f816","namespace":"ns_73aff829_7e00_40db_92cd_d6d0d8716142","fields":[{"name":"key11755010168292","type":"string"}]}
**** Registry Base URL: http://registry-app-inmemory.apps.ci419.apicurio-testing.org:80
2025-08-12 14:49:29,458 INFO  [org.apa.kaf.cli.pro.ProducerConfig] (main) ProducerConfig values: 
	acks = -1
	auto.include.jmx.reporter = true
	batch.size = 16384
	bootstrap.servers = [PLAINTEXT://localhost:32769]
	buffer.memory = 33554432
	client.dns.lookup = use_all_dns_ips
	client.id = Producer-topic-fe5d5497_0fee_48b8_b535_da27cd118e26
	compression.gzip.level = -1
	compression.lz4.level = 9
	compression.type = none
	compression.zstd.level = 3
	connections.max.idle.ms = 10000
	delivery.timeout.ms = 120000
	enable.idempotence = true
	enable.metrics.push = true
	interceptor.classes = []
	key.serializer = class org.apache.kafka.common.serialization.StringSerializer
	linger.ms = 0
	max.block.ms = 60000
	max.in.flight.requests.per.connection = 5
	max.request.size = 1048576
	metadata.max.age.ms = 300000
	metadata.max.idle.ms = 300000
	metadata.recovery.strategy = none
	metric.reporters = []
	metrics.num.samples = 2
	metrics.recording.level = INFO
	metrics.sample.window.ms = 30000
	partitioner.adaptive.partitioning.enable = true
	partitioner.availability.timeout.ms = 0
	partitioner.class = null
	partitioner.ignore.keys = false
	receive.buffer.bytes = 32768
	reconnect.backoff.max.ms = 1000
	reconnect.backoff.ms = 50
	request.timeout.ms = 5000
	retries = 2147483647
	retry.backoff.max.ms = 1000
	retry.backoff.ms = 100
	sasl.client.callback.handler.class = null
	sasl.jaas.config = null
	sasl.kerberos.kinit.cmd = /usr/bin/kinit
	sasl.kerberos.min.time.before.relogin = 60000
	sasl.kerberos.service.name = null
	sasl.kerberos.ticket.renew.jitter = 0.05
	sasl.kerberos.ticket.renew.window.factor = 0.8
	sasl.login.callback.handler.class = null
	sasl.login.class = null
	sasl.login.connect.timeout.ms = null
	sasl.login.read.timeout.ms = null
	sasl.login.refresh.buffer.seconds = 300
	sasl.login.refresh.min.period.seconds = 60
	sasl.login.refresh.window.factor = 0.8
	sasl.login.refresh.window.jitter = 0.05
	sasl.login.retry.backoff.max.ms = 10000
	sasl.login.retry.backoff.ms = 100
	sasl.mechanism = GSSAPI
	sasl.oauthbearer.clock.skew.seconds = 30
	sasl.oauthbearer.expected.audience = null
	sasl.oauthbearer.expected.issuer = null
	sasl.oauthbearer.header.urlencode = false
	sasl.oauthbearer.jwks.endpoint.refresh.ms = 3600000
	sasl.oauthbearer.jwks.endpoint.retry.backoff.max.ms = 10000
	sasl.oauthbearer.jwks.endpoint.retry.backoff.ms = 100
	sasl.oauthbearer.jwks.endpoint.url = null
	sasl.oauthbearer.scope.claim.name = scope
	sasl.oauthbearer.sub.claim.name = sub
	sasl.oauthbearer.token.endpoint.url = null
	security.protocol = PLAINTEXT
	security.providers = null
	send.buffer.bytes = 131072
	socket.connection.setup.timeout.max.ms = 30000
	socket.connection.setup.timeout.ms = 10000
	ssl.cipher.suites = null
	ssl.enabled.protocols = [TLSv1.2, TLSv1.3]
	ssl.endpoint.identification.algorithm = https
	ssl.engine.factory.class = null
	ssl.key.password = null
	ssl.keymanager.algorithm = SunX509
	ssl.keystore.certificate.chain = null
	ssl.keystore.key = null
	ssl.keystore.location = null
	ssl.keystore.password = null
	ssl.keystore.type = JKS
	ssl.protocol = TLSv1.3
	ssl.provider = null
	ssl.secure.random.implementation = null
	ssl.trustmanager.algorithm = PKIX
	ssl.truststore.certificates = null
	ssl.truststore.location = null
	ssl.truststore.password = null
	ssl.truststore.type = JKS
	transaction.timeout.ms = 60000
	transactional.id = null
	value.serializer = class io.apicurio.registry.serde.avro.AvroKafkaSerializer

2025-08-12 14:49:29,458 INFO  [org.apa.kaf.com.tel.int.KafkaMetricsCollector] (main) initializing Kafka metrics collector
2025-08-12 14:49:29,464 INFO  [org.apa.kaf.cli.pro.KafkaProducer] (main) [Producer clientId=Producer-topic-fe5d5497_0fee_48b8_b535_da27cd118e26] Instantiated an idempotent producer.
2025-08-12 14:49:29,466 INFO  [org.apa.kaf.cli.pro.ProducerConfig] (main) These configurations '[apicurio.registry.url, apicurio.registry.artifact-resolver-strategy]' were supplied but are not used yet.
2025-08-12 14:49:29,466 INFO  [org.apa.kaf.com.uti.AppInfoParser] (main) Kafka version: 3.9.1
2025-08-12 14:49:29,466 INFO  [org.apa.kaf.com.uti.AppInfoParser] (main) Kafka commitId: f745dfdcee2b9851
2025-08-12 14:49:29,466 INFO  [org.apa.kaf.com.uti.AppInfoParser] (main) Kafka startTimeMs: 1755010169466
**** Registry Base URL: http://registry-app-inmemory.apps.ci419.apicurio-testing.org:80
2025-08-12 14:49:29,467 INFO  [org.apa.kaf.cli.con.ConsumerConfig] (main) ConsumerConfig values: 
	allow.auto.create.topics = true
	auto.commit.interval.ms = 500
	auto.include.jmx.reporter = true
	auto.offset.reset = earliest
	bootstrap.servers = [PLAINTEXT://localhost:32769]
	check.crcs = true
	client.dns.lookup = use_all_dns_ips
	client.id = consumer-Consumer-topic-fe5d5497_0fee_48b8_b535_da27cd118e26-10
	client.rack = 
	connections.max.idle.ms = 10000
	default.api.timeout.ms = 60000
	enable.auto.commit = true
	enable.metrics.push = true
	exclude.internal.topics = true
	fetch.max.bytes = 52428800
	fetch.max.wait.ms = 500
	fetch.min.bytes = 1
	group.id = Consumer-topic-fe5d5497_0fee_48b8_b535_da27cd118e26
	group.instance.id = null
	group.protocol = classic
	group.remote.assignor = null
	heartbeat.interval.ms = 3000
	interceptor.classes = []
	internal.leave.group.on.close = true
	internal.throw.on.fetch.stable.offset.unsupported = false
	isolation.level = read_uncommitted
	key.deserializer = class org.apache.kafka.common.serialization.StringDeserializer
	max.partition.fetch.bytes = 1048576
	max.poll.interval.ms = 300000
	max.poll.records = 500
	metadata.max.age.ms = 300000
	metadata.recovery.strategy = none
	metric.reporters = []
	metrics.num.samples = 2
	metrics.recording.level = INFO
	metrics.sample.window.ms = 30000
	partition.assignment.strategy = [class org.apache.kafka.clients.consumer.RangeAssignor, class org.apache.kafka.clients.consumer.CooperativeStickyAssignor]
	receive.buffer.bytes = 65536
	reconnect.backoff.max.ms = 1000
	reconnect.backoff.ms = 50
	request.timeout.ms = 5000
	retry.backoff.max.ms = 1000
	retry.backoff.ms = 100
	sasl.client.callback.handler.class = null
	sasl.jaas.config = null
	sasl.kerberos.kinit.cmd = /usr/bin/kinit
	sasl.kerberos.min.time.before.relogin = 60000
	sasl.kerberos.service.name = null
	sasl.kerberos.ticket.renew.jitter = 0.05
	sasl.kerberos.ticket.renew.window.factor = 0.8
	sasl.login.callback.handler.class = null
	sasl.login.class = null
	sasl.login.connect.timeout.ms = null
	sasl.login.read.timeout.ms = null
	sasl.login.refresh.buffer.seconds = 300
	sasl.login.refresh.min.period.seconds = 60
	sasl.login.refresh.window.factor = 0.8
	sasl.login.refresh.window.jitter = 0.05
	sasl.login.retry.backoff.max.ms = 10000
	sasl.login.retry.backoff.ms = 100
	sasl.mechanism = GSSAPI
	sasl.oauthbearer.clock.skew.seconds = 30
	sasl.oauthbearer.expected.audience = null
	sasl.oauthbearer.expected.issuer = null
	sasl.oauthbearer.header.urlencode = false
	sasl.oauthbearer.jwks.endpoint.refresh.ms = 3600000
	sasl.oauthbearer.jwks.endpoint.retry.backoff.max.ms = 10000
	sasl.oauthbearer.jwks.endpoint.retry.backoff.ms = 100
	sasl.oauthbearer.jwks.endpoint.url = null
	sasl.oauthbearer.scope.claim.name = scope
	sasl.oauthbearer.sub.claim.name = sub
	sasl.oauthbearer.token.endpoint.url = null
	security.protocol = PLAINTEXT
	security.providers = null
	send.buffer.bytes = 131072
	session.timeout.ms = 45000
	socket.connection.setup.timeout.max.ms = 30000
	socket.connection.setup.timeout.ms = 10000
	ssl.cipher.suites = null
	ssl.enabled.protocols = [TLSv1.2, TLSv1.3]
	ssl.endpoint.identification.algorithm = https
	ssl.engine.factory.class = null
	ssl.key.password = null
	ssl.keymanager.algorithm = SunX509
	ssl.keystore.certificate.chain = null
	ssl.keystore.key = null
	ssl.keystore.location = null
	ssl.keystore.password = null
	ssl.keystore.type = JKS
	ssl.protocol = TLSv1.3
	ssl.provider = null
	ssl.secure.random.implementation = null
	ssl.trustmanager.algorithm = PKIX
	ssl.truststore.certificates = null
	ssl.truststore.location = null
	ssl.truststore.password = null
	ssl.truststore.type = JKS
	value.deserializer = class io.apicurio.registry.serde.avro.AvroKafkaDeserializer

2025-08-12 14:49:29,467 INFO  [org.apa.kaf.com.tel.int.KafkaMetricsCollector] (main) initializing Kafka metrics collector
2025-08-12 14:49:29,472 INFO  [org.apa.kaf.cli.Metadata] (kafka-producer-network-thread | Producer-topic-fe5d5497_0fee_48b8_b535_da27cd118e26) [Producer clientId=Producer-topic-fe5d5497_0fee_48b8_b535_da27cd118e26] Cluster ID: 2kzKdHjlS02ID15h9rF1bw
2025-08-12 14:49:29,475 INFO  [org.apa.kaf.cli.pro.int.TransactionManager] (kafka-producer-network-thread | Producer-topic-fe5d5497_0fee_48b8_b535_da27cd118e26) [Producer clientId=Producer-topic-fe5d5497_0fee_48b8_b535_da27cd118e26] ProducerId set to 12 with epoch 0
2025-08-12 14:49:29,477 INFO  [org.apa.kaf.cli.con.ConsumerConfig] (main) These configurations '[apicurio.registry.url]' were supplied but are not used yet.
2025-08-12 14:49:29,477 INFO  [org.apa.kaf.com.uti.AppInfoParser] (main) Kafka version: 3.9.1
2025-08-12 14:49:29,477 INFO  [org.apa.kaf.com.uti.AppInfoParser] (main) Kafka commitId: f745dfdcee2b9851
2025-08-12 14:49:29,477 INFO  [org.apa.kaf.com.uti.AppInfoParser] (main) Kafka startTimeMs: 1755010169477
2025-08-12 14:49:29,480 INFO  [io.api.tes.ser.api.KafkaSerdesTester] (Thread-672) Sending message {"key11755010168292": "value-0"} to topic topic-fe5d5497_0fee_48b8_b535_da27cd118e26
2025-08-12 14:49:29,483 INFO  [DefaultSchemaResolver] (Thread-672) Retrieving schema content using string: {"type":"record","name":"sd50bd06bxd57fx40a4x868bx1b1178c7f816","namespace":"ns_73aff829_7e00_40db_92cd_d6d0d8716142","fields":[{"name":"key11755010168292","type":"string"}]}
2025-08-12 14:49:29,638 INFO  [io.api.tes.ser.api.KafkaSerdesTester] (Thread-672) Sending message {"key11755010168292": "value-1"} to topic topic-fe5d5497_0fee_48b8_b535_da27cd118e26
2025-08-12 14:49:29,640 INFO  [io.api.tes.ser.api.KafkaSerdesTester] (Thread-672) Sending message {"key11755010168292": "value-2"} to topic topic-fe5d5497_0fee_48b8_b535_da27cd118e26
2025-08-12 14:49:29,642 INFO  [io.api.tes.ser.api.KafkaSerdesTester] (Thread-672) Sending message {"key11755010168292": "value-3"} to topic topic-fe5d5497_0fee_48b8_b535_da27cd118e26
2025-08-12 14:49:29,643 INFO  [io.api.tes.ser.api.KafkaSerdesTester] (Thread-672) Sending message {"key11755010168292": "value-4"} to topic topic-fe5d5497_0fee_48b8_b535_da27cd118e26
2025-08-12 14:49:29,644 INFO  [io.api.tes.ser.api.KafkaSerdesTester] (Thread-672) Sending message {"key11755010168292": "value-5"} to topic topic-fe5d5497_0fee_48b8_b535_da27cd118e26
2025-08-12 14:49:29,647 INFO  [io.api.tes.ser.api.KafkaSerdesTester] (Thread-672) Sending message {"key11755010168292": "value-6"} to topic topic-fe5d5497_0fee_48b8_b535_da27cd118e26
2025-08-12 14:49:29,649 INFO  [io.api.tes.ser.api.KafkaSerdesTester] (Thread-672) Sending message {"key11755010168292": "value-7"} to topic topic-fe5d5497_0fee_48b8_b535_da27cd118e26
2025-08-12 14:49:29,650 INFO  [io.api.tes.ser.api.KafkaSerdesTester] (Thread-672) Sending message {"key11755010168292": "value-8"} to topic topic-fe5d5497_0fee_48b8_b535_da27cd118e26
2025-08-12 14:49:29,651 INFO  [io.api.tes.ser.api.KafkaSerdesTester] (Thread-672) Sending message {"key11755010168292": "value-9"} to topic topic-fe5d5497_0fee_48b8_b535_da27cd118e26
2025-08-12 14:49:29,653 INFO  [io.api.tes.ser.api.KafkaSerdesTester] (Thread-672) Produced 10 messages
2025-08-12 14:49:29,653 INFO  [org.apa.kaf.cli.pro.KafkaProducer] (Thread-672) [Producer clientId=Producer-topic-fe5d5497_0fee_48b8_b535_da27cd118e26] Closing the Kafka producer with timeoutMillis = 9223372036854775807 ms.
2025-08-12 14:49:29,655 INFO  [org.apa.kaf.com.met.Metrics] (Thread-672) Metrics scheduler closed
2025-08-12 14:49:29,655 INFO  [org.apa.kaf.com.met.Metrics] (Thread-672) Closing reporter org.apache.kafka.common.metrics.JmxReporter
2025-08-12 14:49:29,655 INFO  [org.apa.kaf.com.met.Metrics] (Thread-672) Closing reporter org.apache.kafka.common.telemetry.internals.ClientTelemetryReporter
2025-08-12 14:49:29,656 INFO  [org.apa.kaf.com.met.Metrics] (Thread-672) Metrics reporters closed
2025-08-12 14:49:29,656 INFO  [org.apa.kaf.com.uti.AppInfoParser] (Thread-672) App info kafka.producer for Producer-topic-fe5d5497_0fee_48b8_b535_da27cd118e26 unregistered
2025-08-12 14:49:29,657 INFO  [org.apa.kaf.cli.con.int.ClassicKafkaConsumer] (Thread-673) [Consumer clientId=consumer-Consumer-topic-fe5d5497_0fee_48b8_b535_da27cd118e26-10, groupId=Consumer-topic-fe5d5497_0fee_48b8_b535_da27cd118e26] Subscribed to topic(s): topic-fe5d5497_0fee_48b8_b535_da27cd118e26
2025-08-12 14:49:29,663 INFO  [org.apa.kaf.cli.Metadata] (Thread-673) [Consumer clientId=consumer-Consumer-topic-fe5d5497_0fee_48b8_b535_da27cd118e26-10, groupId=Consumer-topic-fe5d5497_0fee_48b8_b535_da27cd118e26] Cluster ID: 2kzKdHjlS02ID15h9rF1bw
2025-08-12 14:49:29,664 INFO  [org.apa.kaf.cli.con.int.ConsumerCoordinator] (Thread-673) [Consumer clientId=consumer-Consumer-topic-fe5d5497_0fee_48b8_b535_da27cd118e26-10, groupId=Consumer-topic-fe5d5497_0fee_48b8_b535_da27cd118e26] Discovered group coordinator localhost:32769 (id: 2147483647 rack: null)
2025-08-12 14:49:29,666 INFO  [org.apa.kaf.cli.con.int.ConsumerCoordinator] (Thread-673) [Consumer clientId=consumer-Consumer-topic-fe5d5497_0fee_48b8_b535_da27cd118e26-10, groupId=Consumer-topic-fe5d5497_0fee_48b8_b535_da27cd118e26] (Re-)joining group
2025-08-12 14:49:29,668 INFO  [org.apa.kaf.cli.con.int.ConsumerCoordinator] (Thread-673) [Consumer clientId=consumer-Consumer-topic-fe5d5497_0fee_48b8_b535_da27cd118e26-10, groupId=Consumer-topic-fe5d5497_0fee_48b8_b535_da27cd118e26] Request joining group due to: need to re-join with the given member-id: consumer-Consumer-topic-fe5d5497_0fee_48b8_b535_da27cd118e26-10-3d5ba573-0506-45e1-a993-b431135597f1
2025-08-12 14:49:29,668 INFO  [org.apa.kaf.cli.con.int.ConsumerCoordinator] (Thread-673) [Consumer clientId=consumer-Consumer-topic-fe5d5497_0fee_48b8_b535_da27cd118e26-10, groupId=Consumer-topic-fe5d5497_0fee_48b8_b535_da27cd118e26] (Re-)joining group
2025-08-12 14:49:30,657 INFO  [io.api.tes.ser.api.KafkaSerdesTester] (Thread-673) None found
2025-08-12 14:49:31,657 INFO  [io.api.tes.ser.api.KafkaSerdesTester] (Thread-673) None found
2025-08-12 14:49:32,657 INFO  [io.api.tes.ser.api.KafkaSerdesTester] (Thread-673) None found
2025-08-12 14:49:32,670 INFO  [org.apa.kaf.cli.con.int.ConsumerCoordinator] (Thread-673) [Consumer clientId=consumer-Consumer-topic-fe5d5497_0fee_48b8_b535_da27cd118e26-10, groupId=Consumer-topic-fe5d5497_0fee_48b8_b535_da27cd118e26] Successfully joined group with generation Generation{generationId=1, memberId='consumer-Consumer-topic-fe5d5497_0fee_48b8_b535_da27cd118e26-10-3d5ba573-0506-45e1-a993-b431135597f1', protocol='range'}
2025-08-12 14:49:32,670 INFO  [org.apa.kaf.cli.con.int.ConsumerCoordinator] (Thread-673) [Consumer clientId=consumer-Consumer-topic-fe5d5497_0fee_48b8_b535_da27cd118e26-10, groupId=Consumer-topic-fe5d5497_0fee_48b8_b535_da27cd118e26] Finished assignment for group at generation 1: {consumer-Consumer-topic-fe5d5497_0fee_48b8_b535_da27cd118e26-10-3d5ba573-0506-45e1-a993-b431135597f1=Assignment(partitions=[topic-fe5d5497_0fee_48b8_b535_da27cd118e26-0])}
2025-08-12 14:49:32,677 INFO  [org.apa.kaf.cli.con.int.ConsumerCoordinator] (Thread-673) [Consumer clientId=consumer-Consumer-topic-fe5d5497_0fee_48b8_b535_da27cd118e26-10, groupId=Consumer-topic-fe5d5497_0fee_48b8_b535_da27cd118e26] Successfully synced group in generation Generation{generationId=1, memberId='consumer-Consumer-topic-fe5d5497_0fee_48b8_b535_da27cd118e26-10-3d5ba573-0506-45e1-a993-b431135597f1', protocol='range'}
2025-08-12 14:49:32,677 INFO  [org.apa.kaf.cli.con.int.ConsumerCoordinator] (Thread-673) [Consumer clientId=consumer-Consumer-topic-fe5d5497_0fee_48b8_b535_da27cd118e26-10, groupId=Consumer-topic-fe5d5497_0fee_48b8_b535_da27cd118e26] Notifying assignor about the new Assignment(partitions=[topic-fe5d5497_0fee_48b8_b535_da27cd118e26-0])
2025-08-12 14:49:32,677 INFO  [org.apa.kaf.cli.con.int.ConsumerRebalanceListenerInvoker] (Thread-673) [Consumer clientId=consumer-Consumer-topic-fe5d5497_0fee_48b8_b535_da27cd118e26-10, groupId=Consumer-topic-fe5d5497_0fee_48b8_b535_da27cd118e26] Adding newly assigned partitions: topic-fe5d5497_0fee_48b8_b535_da27cd118e26-0
2025-08-12 14:49:32,678 INFO  [org.apa.kaf.cli.con.int.ConsumerCoordinator] (Thread-673) [Consumer clientId=consumer-Consumer-topic-fe5d5497_0fee_48b8_b535_da27cd118e26-10, groupId=Consumer-topic-fe5d5497_0fee_48b8_b535_da27cd118e26] Found no committed offset for partition topic-fe5d5497_0fee_48b8_b535_da27cd118e26-0
2025-08-12 14:49:32,682 INFO  [org.apa.kaf.cli.con.int.SubscriptionState] (Thread-673) [Consumer clientId=consumer-Consumer-topic-fe5d5497_0fee_48b8_b535_da27cd118e26-10, groupId=Consumer-topic-fe5d5497_0fee_48b8_b535_da27cd118e26] Resetting offset for partition topic-fe5d5497_0fee_48b8_b535_da27cd118e26-0 to position FetchPosition{offset=0, offsetEpoch=Optional.empty, currentLeader=LeaderAndEpoch{leader=Optional[localhost:32769 (id: 0 rack: null)], epoch=0}}.
2025-08-12 14:49:32,910 INFO  [io.api.tes.ser.api.KafkaSerdesTester] (Thread-673) topic-fe5d5497_0fee_48b8_b535_da27cd118e26 0 0 {"key11755010168292": "value-0"}
2025-08-12 14:49:32,910 INFO  [io.api.tes.ser.api.KafkaSerdesTester] (Thread-673) topic-fe5d5497_0fee_48b8_b535_da27cd118e26 0 1 {"key11755010168292": "value-1"}
2025-08-12 14:49:32,910 INFO  [io.api.tes.ser.api.KafkaSerdesTester] (Thread-673) topic-fe5d5497_0fee_48b8_b535_da27cd118e26 0 2 {"key11755010168292": "value-2"}
2025-08-12 14:49:32,910 INFO  [io.api.tes.ser.api.KafkaSerdesTester] (Thread-673) topic-fe5d5497_0fee_48b8_b535_da27cd118e26 0 3 {"key11755010168292": "value-3"}
2025-08-12 14:49:32,910 INFO  [io.api.tes.ser.api.KafkaSerdesTester] (Thread-673) topic-fe5d5497_0fee_48b8_b535_da27cd118e26 0 4 {"key11755010168292": "value-4"}
2025-08-12 14:49:32,910 INFO  [io.api.tes.ser.api.KafkaSerdesTester] (Thread-673) topic-fe5d5497_0fee_48b8_b535_da27cd118e26 0 5 {"key11755010168292": "value-5"}
2025-08-12 14:49:32,910 INFO  [io.api.tes.ser.api.KafkaSerdesTester] (Thread-673) topic-fe5d5497_0fee_48b8_b535_da27cd118e26 0 6 {"key11755010168292": "value-6"}
2025-08-12 14:49:32,910 INFO  [io.api.tes.ser.api.KafkaSerdesTester] (Thread-673) topic-fe5d5497_0fee_48b8_b535_da27cd118e26 0 7 {"key11755010168292": "value-7"}
2025-08-12 14:49:32,910 INFO  [io.api.tes.ser.api.KafkaSerdesTester] (Thread-673) topic-fe5d5497_0fee_48b8_b535_da27cd118e26 0 8 {"key11755010168292": "value-8"}
2025-08-12 14:49:32,910 INFO  [io.api.tes.ser.api.KafkaSerdesTester] (Thread-673) topic-fe5d5497_0fee_48b8_b535_da27cd118e26 0 9 {"key11755010168292": "value-9"}
2025-08-12 14:49:32,910 INFO  [io.api.tes.ser.api.KafkaSerdesTester] (Thread-673) Consumed 10 messages
2025-08-12 14:49:32,920 INFO  [org.apa.kaf.cli.con.int.ConsumerRebalanceListenerInvoker] (Thread-673) [Consumer clientId=consumer-Consumer-topic-fe5d5497_0fee_48b8_b535_da27cd118e26-10, groupId=Consumer-topic-fe5d5497_0fee_48b8_b535_da27cd118e26] Revoke previously assigned partitions topic-fe5d5497_0fee_48b8_b535_da27cd118e26-0
2025-08-12 14:49:32,920 INFO  [org.apa.kaf.cli.con.int.ConsumerCoordinator] (Thread-673) [Consumer clientId=consumer-Consumer-topic-fe5d5497_0fee_48b8_b535_da27cd118e26-10, groupId=Consumer-topic-fe5d5497_0fee_48b8_b535_da27cd118e26] Member consumer-Consumer-topic-fe5d5497_0fee_48b8_b535_da27cd118e26-10-3d5ba573-0506-45e1-a993-b431135597f1 sending LeaveGroup request to coordinator localhost:32769 (id: 2147483647 rack: null) due to the consumer is being closed
2025-08-12 14:49:32,921 INFO  [org.apa.kaf.cli.con.int.ConsumerCoordinator] (Thread-673) [Consumer clientId=consumer-Consumer-topic-fe5d5497_0fee_48b8_b535_da27cd118e26-10, groupId=Consumer-topic-fe5d5497_0fee_48b8_b535_da27cd118e26] Resetting generation and member id due to: consumer pro-actively leaving the group
2025-08-12 14:49:32,921 INFO  [org.apa.kaf.cli.con.int.ConsumerCoordinator] (Thread-673) [Consumer clientId=consumer-Consumer-topic-fe5d5497_0fee_48b8_b535_da27cd118e26-10, groupId=Consumer-topic-fe5d5497_0fee_48b8_b535_da27cd118e26] Request joining group due to: consumer pro-actively leaving the group
2025-08-12 14:49:33,412 INFO  [org.apa.kaf.com.met.Metrics] (Thread-673) Metrics scheduler closed
2025-08-12 14:49:33,413 INFO  [org.apa.kaf.com.met.Metrics] (Thread-673) Closing reporter org.apache.kafka.common.metrics.JmxReporter
2025-08-12 14:49:33,413 INFO  [org.apa.kaf.com.met.Metrics] (Thread-673) Closing reporter org.apache.kafka.common.telemetry.internals.ClientTelemetryReporter
2025-08-12 14:49:33,413 INFO  [org.apa.kaf.com.met.Metrics] (Thread-673) Metrics reporters closed
2025-08-12 14:49:33,415 INFO  [org.apa.kaf.com.uti.AppInfoParser] (Thread-673) App info kafka.consumer for consumer-Consumer-topic-fe5d5497_0fee_48b8_b535_da27cd118e26-10 unregistered
2025-08-12 14:49:33,415 INFO  [io.api.tes.ser.api.AvroSerdeIT] (main) Registering Avro Schema 2: {"type":"record","name":"sd50bd06bxd57fx40a4x868bx1b1178c7f816","namespace":"ns_73aff829_7e00_40db_92cd_d6d0d8716142","fields":[{"name":"key11755010168292","type":"string"},{"name":"key21755010173415","type":"string"}]}
**** Registry Base URL: http://registry-app-inmemory.apps.ci419.apicurio-testing.org:80
2025-08-12 14:49:34,584 INFO  [org.apa.kaf.cli.pro.ProducerConfig] (main) ProducerConfig values: 
	acks = -1
	auto.include.jmx.reporter = true
	batch.size = 16384
	bootstrap.servers = [PLAINTEXT://localhost:32769]
	buffer.memory = 33554432
	client.dns.lookup = use_all_dns_ips
	client.id = Producer-topic-fe5d5497_0fee_48b8_b535_da27cd118e26
	compression.gzip.level = -1
	compression.lz4.level = 9
	compression.type = none
	compression.zstd.level = 3
	connections.max.idle.ms = 10000
	delivery.timeout.ms = 120000
	enable.idempotence = true
	enable.metrics.push = true
	interceptor.classes = []
	key.serializer = class org.apache.kafka.common.serialization.StringSerializer
	linger.ms = 0
	max.block.ms = 60000
	max.in.flight.requests.per.connection = 5
	max.request.size = 1048576
	metadata.max.age.ms = 300000
	metadata.max.idle.ms = 300000
	metadata.recovery.strategy = none
	metric.reporters = []
	metrics.num.samples = 2
	metrics.recording.level = INFO
	metrics.sample.window.ms = 30000
	partitioner.adaptive.partitioning.enable = true
	partitioner.availability.timeout.ms = 0
	partitioner.class = null
	partitioner.ignore.keys = false
	receive.buffer.bytes = 32768
	reconnect.backoff.max.ms = 1000
	reconnect.backoff.ms = 50
	request.timeout.ms = 5000
	retries = 2147483647
	retry.backoff.max.ms = 1000
	retry.backoff.ms = 100
	sasl.client.callback.handler.class = null
	sasl.jaas.config = null
	sasl.kerberos.kinit.cmd = /usr/bin/kinit
	sasl.kerberos.min.time.before.relogin = 60000
	sasl.kerberos.service.name = null
	sasl.kerberos.ticket.renew.jitter = 0.05
	sasl.kerberos.ticket.renew.window.factor = 0.8
	sasl.login.callback.handler.class = null
	sasl.login.class = null
	sasl.login.connect.timeout.ms = null
	sasl.login.read.timeout.ms = null
	sasl.login.refresh.buffer.seconds = 300
	sasl.login.refresh.min.period.seconds = 60
	sasl.login.refresh.window.factor = 0.8
	sasl.login.refresh.window.jitter = 0.05
	sasl.login.retry.backoff.max.ms = 10000
	sasl.login.retry.backoff.ms = 100
	sasl.mechanism = GSSAPI
	sasl.oauthbearer.clock.skew.seconds = 30
	sasl.oauthbearer.expected.audience = null
	sasl.oauthbearer.expected.issuer = null
	sasl.oauthbearer.header.urlencode = false
	sasl.oauthbearer.jwks.endpoint.refresh.ms = 3600000
	sasl.oauthbearer.jwks.endpoint.retry.backoff.max.ms = 10000
	sasl.oauthbearer.jwks.endpoint.retry.backoff.ms = 100
	sasl.oauthbearer.jwks.endpoint.url = null
	sasl.oauthbearer.scope.claim.name = scope
	sasl.oauthbearer.sub.claim.name = sub
	sasl.oauthbearer.token.endpoint.url = null
	security.protocol = PLAINTEXT
	security.providers = null
	send.buffer.bytes = 131072
	socket.connection.setup.timeout.max.ms = 30000
	socket.connection.setup.timeout.ms = 10000
	ssl.cipher.suites = null
	ssl.enabled.protocols = [TLSv1.2, TLSv1.3]
	ssl.endpoint.identification.algorithm = https
	ssl.engine.factory.class = null
	ssl.key.password = null
	ssl.keymanager.algorithm = SunX509
	ssl.keystore.certificate.chain = null
	ssl.keystore.key = null
	ssl.keystore.location = null
	ssl.keystore.password = null
	ssl.keystore.type = JKS
	ssl.protocol = TLSv1.3
	ssl.provider = null
	ssl.secure.random.implementation = null
	ssl.trustmanager.algorithm = PKIX
	ssl.truststore.certificates = null
	ssl.truststore.location = null
	ssl.truststore.password = null
	ssl.truststore.type = JKS
	transaction.timeout.ms = 60000
	transactional.id = null
	value.serializer = class io.apicurio.registry.serde.avro.AvroKafkaSerializer

2025-08-12 14:49:34,584 INFO  [org.apa.kaf.com.tel.int.KafkaMetricsCollector] (main) initializing Kafka metrics collector
2025-08-12 14:49:34,587 INFO  [org.apa.kaf.cli.pro.KafkaProducer] (main) [Producer clientId=Producer-topic-fe5d5497_0fee_48b8_b535_da27cd118e26] Instantiated an idempotent producer.
2025-08-12 14:49:34,588 INFO  [org.apa.kaf.cli.pro.ProducerConfig] (main) These configurations '[apicurio.registry.url, apicurio.registry.artifact-resolver-strategy]' were supplied but are not used yet.
2025-08-12 14:49:34,589 INFO  [org.apa.kaf.com.uti.AppInfoParser] (main) Kafka version: 3.9.1
2025-08-12 14:49:34,589 INFO  [org.apa.kaf.com.uti.AppInfoParser] (main) Kafka commitId: f745dfdcee2b9851
2025-08-12 14:49:34,589 INFO  [org.apa.kaf.com.uti.AppInfoParser] (main) Kafka startTimeMs: 1755010174588
2025-08-12 14:49:34,590 INFO  [io.api.tes.ser.api.KafkaSerdesTester] (Thread-676) Sending message {"key11755010168292": "value-0", "key21755010173415": "value-0"} to topic topic-fe5d5497_0fee_48b8_b535_da27cd118e26
2025-08-12 14:49:34,596 INFO  [org.apa.kaf.cli.Metadata] (kafka-producer-network-thread | Producer-topic-fe5d5497_0fee_48b8_b535_da27cd118e26) [Producer clientId=Producer-topic-fe5d5497_0fee_48b8_b535_da27cd118e26] Cluster ID: 2kzKdHjlS02ID15h9rF1bw
2025-08-12 14:49:34,597 INFO  [DefaultSchemaResolver] (Thread-676) Retrieving schema content using string: {"type":"record","name":"sd50bd06bxd57fx40a4x868bx1b1178c7f816","namespace":"ns_73aff829_7e00_40db_92cd_d6d0d8716142","fields":[{"name":"key11755010168292","type":"string"},{"name":"key21755010173415","type":"string"}]}
2025-08-12 14:49:34,597 INFO  [org.apa.kaf.cli.pro.int.TransactionManager] (kafka-producer-network-thread | Producer-topic-fe5d5497_0fee_48b8_b535_da27cd118e26) [Producer clientId=Producer-topic-fe5d5497_0fee_48b8_b535_da27cd118e26] ProducerId set to 13 with epoch 0
2025-08-12 14:49:34,761 INFO  [io.api.tes.ser.api.KafkaSerdesTester] (Thread-676) Sending message {"key11755010168292": "value-1", "key21755010173415": "value-1"} to topic topic-fe5d5497_0fee_48b8_b535_da27cd118e26
2025-08-12 14:49:34,763 INFO  [io.api.tes.ser.api.KafkaSerdesTester] (Thread-676) Sending message {"key11755010168292": "value-2", "key21755010173415": "value-2"} to topic topic-fe5d5497_0fee_48b8_b535_da27cd118e26
2025-08-12 14:49:34,765 INFO  [io.api.tes.ser.api.KafkaSerdesTester] (Thread-676) Sending message {"key11755010168292": "value-3", "key21755010173415": "value-3"} to topic topic-fe5d5497_0fee_48b8_b535_da27cd118e26
2025-08-12 14:49:34,766 INFO  [io.api.tes.ser.api.KafkaSerdesTester] (Thread-676) Sending message {"key11755010168292": "value-4", "key21755010173415": "value-4"} to topic topic-fe5d5497_0fee_48b8_b535_da27cd118e26
2025-08-12 14:49:34,768 INFO  [io.api.tes.ser.api.KafkaSerdesTester] (Thread-676) Sending message {"key11755010168292": "value-5", "key21755010173415": "value-5"} to topic topic-fe5d5497_0fee_48b8_b535_da27cd118e26
2025-08-12 14:49:34,769 INFO  [io.api.tes.ser.api.KafkaSerdesTester] (Thread-676) Sending message {"key11755010168292": "value-6", "key21755010173415": "value-6"} to topic topic-fe5d5497_0fee_48b8_b535_da27cd118e26
2025-08-12 14:49:34,770 INFO  [io.api.tes.ser.api.KafkaSerdesTester] (Thread-676) Sending message {"key11755010168292": "value-7", "key21755010173415": "value-7"} to topic topic-fe5d5497_0fee_48b8_b535_da27cd118e26
2025-08-12 14:49:34,772 INFO  [io.api.tes.ser.api.KafkaSerdesTester] (Thread-676) Sending message {"key11755010168292": "value-8", "key21755010173415": "value-8"} to topic topic-fe5d5497_0fee_48b8_b535_da27cd118e26
2025-08-12 14:49:34,773 INFO  [io.api.tes.ser.api.KafkaSerdesTester] (Thread-676) Sending message {"key11755010168292": "value-9", "key21755010173415": "value-9"} to topic topic-fe5d5497_0fee_48b8_b535_da27cd118e26
2025-08-12 14:49:34,774 INFO  [io.api.tes.ser.api.KafkaSerdesTester] (Thread-676) Produced 10 messages
2025-08-12 14:49:34,774 INFO  [org.apa.kaf.cli.pro.KafkaProducer] (Thread-676) [Producer clientId=Producer-topic-fe5d5497_0fee_48b8_b535_da27cd118e26] Closing the Kafka producer with timeoutMillis = 9223372036854775807 ms.
2025-08-12 14:49:34,777 INFO  [org.apa.kaf.com.met.Metrics] (Thread-676) Metrics scheduler closed
2025-08-12 14:49:34,777 INFO  [org.apa.kaf.com.met.Metrics] (Thread-676) Closing reporter org.apache.kafka.common.metrics.JmxReporter
2025-08-12 14:49:34,777 INFO  [org.apa.kaf.com.met.Metrics] (Thread-676) Closing reporter org.apache.kafka.common.telemetry.internals.ClientTelemetryReporter
2025-08-12 14:49:34,777 INFO  [org.apa.kaf.com.met.Metrics] (Thread-676) Metrics reporters closed
2025-08-12 14:49:34,777 INFO  [org.apa.kaf.com.uti.AppInfoParser] (Thread-676) App info kafka.producer for Producer-topic-fe5d5497_0fee_48b8_b535_da27cd118e26 unregistered
**** Registry Base URL: http://registry-app-inmemory.apps.ci419.apicurio-testing.org:80
2025-08-12 14:49:34,778 INFO  [org.apa.kaf.cli.pro.ProducerConfig] (main) ProducerConfig values: 
	acks = -1
	auto.include.jmx.reporter = true
	batch.size = 16384
	bootstrap.servers = [PLAINTEXT://localhost:32769]
	buffer.memory = 33554432
	client.dns.lookup = use_all_dns_ips
	client.id = Producer-topic-fe5d5497_0fee_48b8_b535_da27cd118e26
	compression.gzip.level = -1
	compression.lz4.level = 9
	compression.type = none
	compression.zstd.level = 3
	connections.max.idle.ms = 10000
	delivery.timeout.ms = 120000
	enable.idempotence = true
	enable.metrics.push = true
	interceptor.classes = []
	key.serializer = class org.apache.kafka.common.serialization.StringSerializer
	linger.ms = 0
	max.block.ms = 60000
	max.in.flight.requests.per.connection = 5
	max.request.size = 1048576
	metadata.max.age.ms = 300000
	metadata.max.idle.ms = 300000
	metadata.recovery.strategy = none
	metric.reporters = []
	metrics.num.samples = 2
	metrics.recording.level = INFO
	metrics.sample.window.ms = 30000
	partitioner.adaptive.partitioning.enable = true
	partitioner.availability.timeout.ms = 0
	partitioner.class = null
	partitioner.ignore.keys = false
	receive.buffer.bytes = 32768
	reconnect.backoff.max.ms = 1000
	reconnect.backoff.ms = 50
	request.timeout.ms = 5000
	retries = 2147483647
	retry.backoff.max.ms = 1000
	retry.backoff.ms = 100
	sasl.client.callback.handler.class = null
	sasl.jaas.config = null
	sasl.kerberos.kinit.cmd = /usr/bin/kinit
	sasl.kerberos.min.time.before.relogin = 60000
	sasl.kerberos.service.name = null
	sasl.kerberos.ticket.renew.jitter = 0.05
	sasl.kerberos.ticket.renew.window.factor = 0.8
	sasl.login.callback.handler.class = null
	sasl.login.class = null
	sasl.login.connect.timeout.ms = null
	sasl.login.read.timeout.ms = null
	sasl.login.refresh.buffer.seconds = 300
	sasl.login.refresh.min.period.seconds = 60
	sasl.login.refresh.window.factor = 0.8
	sasl.login.refresh.window.jitter = 0.05
	sasl.login.retry.backoff.max.ms = 10000
	sasl.login.retry.backoff.ms = 100
	sasl.mechanism = GSSAPI
	sasl.oauthbearer.clock.skew.seconds = 30
	sasl.oauthbearer.expected.audience = null
	sasl.oauthbearer.expected.issuer = null
	sasl.oauthbearer.header.urlencode = false
	sasl.oauthbearer.jwks.endpoint.refresh.ms = 3600000
	sasl.oauthbearer.jwks.endpoint.retry.backoff.max.ms = 10000
	sasl.oauthbearer.jwks.endpoint.retry.backoff.ms = 100
	sasl.oauthbearer.jwks.endpoint.url = null
	sasl.oauthbearer.scope.claim.name = scope
	sasl.oauthbearer.sub.claim.name = sub
	sasl.oauthbearer.token.endpoint.url = null
	security.protocol = PLAINTEXT
	security.providers = null
	send.buffer.bytes = 131072
	socket.connection.setup.timeout.max.ms = 30000
	socket.connection.setup.timeout.ms = 10000
	ssl.cipher.suites = null
	ssl.enabled.protocols = [TLSv1.2, TLSv1.3]
	ssl.endpoint.identification.algorithm = https
	ssl.engine.factory.class = null
	ssl.key.password = null
	ssl.keymanager.algorithm = SunX509
	ssl.keystore.certificate.chain = null
	ssl.keystore.key = null
	ssl.keystore.location = null
	ssl.keystore.password = null
	ssl.keystore.type = JKS
	ssl.protocol = TLSv1.3
	ssl.provider = null
	ssl.secure.random.implementation = null
	ssl.trustmanager.algorithm = PKIX
	ssl.truststore.certificates = null
	ssl.truststore.location = null
	ssl.truststore.password = null
	ssl.truststore.type = JKS
	transaction.timeout.ms = 60000
	transactional.id = null
	value.serializer = class io.apicurio.registry.serde.avro.AvroKafkaSerializer

2025-08-12 14:49:34,778 INFO  [org.apa.kaf.com.tel.int.KafkaMetricsCollector] (main) initializing Kafka metrics collector
2025-08-12 14:49:34,783 INFO  [org.apa.kaf.cli.pro.KafkaProducer] (main) [Producer clientId=Producer-topic-fe5d5497_0fee_48b8_b535_da27cd118e26] Instantiated an idempotent producer.
2025-08-12 14:49:34,784 INFO  [org.apa.kaf.cli.pro.ProducerConfig] (main) These configurations '[apicurio.registry.url, apicurio.registry.artifact-resolver-strategy]' were supplied but are not used yet.
2025-08-12 14:49:34,784 INFO  [org.apa.kaf.com.uti.AppInfoParser] (main) Kafka version: 3.9.1
2025-08-12 14:49:34,785 INFO  [org.apa.kaf.com.uti.AppInfoParser] (main) Kafka commitId: f745dfdcee2b9851
2025-08-12 14:49:34,785 INFO  [org.apa.kaf.com.uti.AppInfoParser] (main) Kafka startTimeMs: 1755010174784
2025-08-12 14:49:34,785 INFO  [io.api.tes.ser.api.KafkaSerdesTester] (Thread-679) Sending message {"key11755010168292": "value-0"} to topic topic-fe5d5497_0fee_48b8_b535_da27cd118e26
2025-08-12 14:49:34,789 INFO  [org.apa.kaf.cli.Metadata] (kafka-producer-network-thread | Producer-topic-fe5d5497_0fee_48b8_b535_da27cd118e26) [Producer clientId=Producer-topic-fe5d5497_0fee_48b8_b535_da27cd118e26] Cluster ID: 2kzKdHjlS02ID15h9rF1bw
2025-08-12 14:49:34,790 INFO  [DefaultSchemaResolver] (Thread-679) Retrieving schema content using string: {"type":"record","name":"sd50bd06bxd57fx40a4x868bx1b1178c7f816","namespace":"ns_73aff829_7e00_40db_92cd_d6d0d8716142","fields":[{"name":"key11755010168292","type":"string"}]}
2025-08-12 14:49:34,790 INFO  [org.apa.kaf.cli.pro.int.TransactionManager] (kafka-producer-network-thread | Producer-topic-fe5d5497_0fee_48b8_b535_da27cd118e26) [Producer clientId=Producer-topic-fe5d5497_0fee_48b8_b535_da27cd118e26] ProducerId set to 14 with epoch 0
2025-08-12 14:49:34,949 INFO  [io.api.tes.ser.api.KafkaSerdesTester] (Thread-679) Sending message {"key11755010168292": "value-1"} to topic topic-fe5d5497_0fee_48b8_b535_da27cd118e26
2025-08-12 14:49:34,951 INFO  [io.api.tes.ser.api.KafkaSerdesTester] (Thread-679) Sending message {"key11755010168292": "value-2"} to topic topic-fe5d5497_0fee_48b8_b535_da27cd118e26
2025-08-12 14:49:34,952 INFO  [io.api.tes.ser.api.KafkaSerdesTester] (Thread-679) Sending message {"key11755010168292": "value-3"} to topic topic-fe5d5497_0fee_48b8_b535_da27cd118e26
2025-08-12 14:49:34,954 INFO  [io.api.tes.ser.api.KafkaSerdesTester] (Thread-679) Sending message {"key11755010168292": "value-4"} to topic topic-fe5d5497_0fee_48b8_b535_da27cd118e26
2025-08-12 14:49:34,955 INFO  [io.api.tes.ser.api.KafkaSerdesTester] (Thread-679) Sending message {"key11755010168292": "value-5"} to topic topic-fe5d5497_0fee_48b8_b535_da27cd118e26
2025-08-12 14:49:34,957 INFO  [io.api.tes.ser.api.KafkaSerdesTester] (Thread-679) Sending message {"key11755010168292": "value-6"} to topic topic-fe5d5497_0fee_48b8_b535_da27cd118e26
2025-08-12 14:49:34,958 INFO  [io.api.tes.ser.api.KafkaSerdesTester] (Thread-679) Sending message {"key11755010168292": "value-7"} to topic topic-fe5d5497_0fee_48b8_b535_da27cd118e26
2025-08-12 14:49:34,960 INFO  [io.api.tes.ser.api.KafkaSerdesTester] (Thread-679) Sending message {"key11755010168292": "value-8"} to topic topic-fe5d5497_0fee_48b8_b535_da27cd118e26
2025-08-12 14:49:34,961 INFO  [io.api.tes.ser.api.KafkaSerdesTester] (Thread-679) Sending message {"key11755010168292": "value-9"} to topic topic-fe5d5497_0fee_48b8_b535_da27cd118e26
2025-08-12 14:49:34,963 INFO  [io.api.tes.ser.api.KafkaSerdesTester] (Thread-679) Produced 10 messages
2025-08-12 14:49:34,963 INFO  [org.apa.kaf.cli.pro.KafkaProducer] (Thread-679) [Producer clientId=Producer-topic-fe5d5497_0fee_48b8_b535_da27cd118e26] Closing the Kafka producer with timeoutMillis = 9223372036854775807 ms.
2025-08-12 14:49:34,966 INFO  [org.apa.kaf.com.met.Metrics] (Thread-679) Metrics scheduler closed
2025-08-12 14:49:34,966 INFO  [org.apa.kaf.com.met.Metrics] (Thread-679) Closing reporter org.apache.kafka.common.metrics.JmxReporter
2025-08-12 14:49:34,966 INFO  [org.apa.kaf.com.met.Metrics] (Thread-679) Closing reporter org.apache.kafka.common.telemetry.internals.ClientTelemetryReporter
2025-08-12 14:49:34,966 INFO  [org.apa.kaf.com.met.Metrics] (Thread-679) Metrics reporters closed
2025-08-12 14:49:34,966 INFO  [org.apa.kaf.com.uti.AppInfoParser] (Thread-679) App info kafka.producer for Producer-topic-fe5d5497_0fee_48b8_b535_da27cd118e26 unregistered
**** Registry Base URL: http://registry-app-inmemory.apps.ci419.apicurio-testing.org:80
2025-08-12 14:49:34,967 INFO  [org.apa.kaf.cli.con.ConsumerConfig] (main) ConsumerConfig values: 
	allow.auto.create.topics = true
	auto.commit.interval.ms = 500
	auto.include.jmx.reporter = true
	auto.offset.reset = earliest
	bootstrap.servers = [PLAINTEXT://localhost:32769]
	check.crcs = true
	client.dns.lookup = use_all_dns_ips
	client.id = consumer-Consumer-topic-fe5d5497_0fee_48b8_b535_da27cd118e26-11
	client.rack = 
	connections.max.idle.ms = 10000
	default.api.timeout.ms = 60000
	enable.auto.commit = true
	enable.metrics.push = true
	exclude.internal.topics = true
	fetch.max.bytes = 52428800
	fetch.max.wait.ms = 500
	fetch.min.bytes = 1
	group.id = Consumer-topic-fe5d5497_0fee_48b8_b535_da27cd118e26
	group.instance.id = null
	group.protocol = classic
	group.remote.assignor = null
	heartbeat.interval.ms = 3000
	interceptor.classes = []
	internal.leave.group.on.close = true
	internal.throw.on.fetch.stable.offset.unsupported = false
	isolation.level = read_uncommitted
	key.deserializer = class org.apache.kafka.common.serialization.StringDeserializer
	max.partition.fetch.bytes = 1048576
	max.poll.interval.ms = 300000
	max.poll.records = 500
	metadata.max.age.ms = 300000
	metadata.recovery.strategy = none
	metric.reporters = []
	metrics.num.samples = 2
	metrics.recording.level = INFO
	metrics.sample.window.ms = 30000
	partition.assignment.strategy = [class org.apache.kafka.clients.consumer.RangeAssignor, class org.apache.kafka.clients.consumer.CooperativeStickyAssignor]
	receive.buffer.bytes = 65536
	reconnect.backoff.max.ms = 1000
	reconnect.backoff.ms = 50
	request.timeout.ms = 5000
	retry.backoff.max.ms = 1000
	retry.backoff.ms = 100
	sasl.client.callback.handler.class = null
	sasl.jaas.config = null
	sasl.kerberos.kinit.cmd = /usr/bin/kinit
	sasl.kerberos.min.time.before.relogin = 60000
	sasl.kerberos.service.name = null
	sasl.kerberos.ticket.renew.jitter = 0.05
	sasl.kerberos.ticket.renew.window.factor = 0.8
	sasl.login.callback.handler.class = null
	sasl.login.class = null
	sasl.login.connect.timeout.ms = null
	sasl.login.read.timeout.ms = null
	sasl.login.refresh.buffer.seconds = 300
	sasl.login.refresh.min.period.seconds = 60
	sasl.login.refresh.window.factor = 0.8
	sasl.login.refresh.window.jitter = 0.05
	sasl.login.retry.backoff.max.ms = 10000
	sasl.login.retry.backoff.ms = 100
	sasl.mechanism = GSSAPI
	sasl.oauthbearer.clock.skew.seconds = 30
	sasl.oauthbearer.expected.audience = null
	sasl.oauthbearer.expected.issuer = null
	sasl.oauthbearer.header.urlencode = false
	sasl.oauthbearer.jwks.endpoint.refresh.ms = 3600000
	sasl.oauthbearer.jwks.endpoint.retry.backoff.max.ms = 10000
	sasl.oauthbearer.jwks.endpoint.retry.backoff.ms = 100
	sasl.oauthbearer.jwks.endpoint.url = null
	sasl.oauthbearer.scope.claim.name = scope
	sasl.oauthbearer.sub.claim.name = sub
	sasl.oauthbearer.token.endpoint.url = null
	security.protocol = PLAINTEXT
	security.providers = null
	send.buffer.bytes = 131072
	session.timeout.ms = 45000
	socket.connection.setup.timeout.max.ms = 30000
	socket.connection.setup.timeout.ms = 10000
	ssl.cipher.suites = null
	ssl.enabled.protocols = [TLSv1.2, TLSv1.3]
	ssl.endpoint.identification.algorithm = https
	ssl.engine.factory.class = null
	ssl.key.password = null
	ssl.keymanager.algorithm = SunX509
	ssl.keystore.certificate.chain = null
	ssl.keystore.key = null
	ssl.keystore.location = null
	ssl.keystore.password = null
	ssl.keystore.type = JKS
	ssl.protocol = TLSv1.3
	ssl.provider = null
	ssl.secure.random.implementation = null
	ssl.trustmanager.algorithm = PKIX
	ssl.truststore.certificates = null
	ssl.truststore.location = null
	ssl.truststore.password = null
	ssl.truststore.type = JKS
	value.deserializer = class io.apicurio.registry.serde.avro.AvroKafkaDeserializer

2025-08-12 14:49:34,968 INFO  [org.apa.kaf.com.tel.int.KafkaMetricsCollector] (main) initializing Kafka metrics collector
2025-08-12 14:49:34,981 INFO  [org.apa.kaf.cli.con.ConsumerConfig] (main) These configurations '[apicurio.registry.url]' were supplied but are not used yet.
2025-08-12 14:49:34,981 INFO  [org.apa.kaf.com.uti.AppInfoParser] (main) Kafka version: 3.9.1
2025-08-12 14:49:34,981 INFO  [org.apa.kaf.com.uti.AppInfoParser] (main) Kafka commitId: f745dfdcee2b9851
2025-08-12 14:49:34,981 INFO  [org.apa.kaf.com.uti.AppInfoParser] (main) Kafka startTimeMs: 1755010174981
2025-08-12 14:49:34,982 INFO  [org.apa.kaf.cli.con.int.ClassicKafkaConsumer] (Thread-682) [Consumer clientId=consumer-Consumer-topic-fe5d5497_0fee_48b8_b535_da27cd118e26-11, groupId=Consumer-topic-fe5d5497_0fee_48b8_b535_da27cd118e26] Subscribed to topic(s): topic-fe5d5497_0fee_48b8_b535_da27cd118e26
2025-08-12 14:49:34,987 INFO  [org.apa.kaf.cli.Metadata] (Thread-682) [Consumer clientId=consumer-Consumer-topic-fe5d5497_0fee_48b8_b535_da27cd118e26-11, groupId=Consumer-topic-fe5d5497_0fee_48b8_b535_da27cd118e26] Cluster ID: 2kzKdHjlS02ID15h9rF1bw
2025-08-12 14:49:34,988 INFO  [org.apa.kaf.cli.con.int.ConsumerCoordinator] (Thread-682) [Consumer clientId=consumer-Consumer-topic-fe5d5497_0fee_48b8_b535_da27cd118e26-11, groupId=Consumer-topic-fe5d5497_0fee_48b8_b535_da27cd118e26] Discovered group coordinator localhost:32769 (id: 2147483647 rack: null)
2025-08-12 14:49:34,990 INFO  [org.apa.kaf.cli.con.int.ConsumerCoordinator] (Thread-682) [Consumer clientId=consumer-Consumer-topic-fe5d5497_0fee_48b8_b535_da27cd118e26-11, groupId=Consumer-topic-fe5d5497_0fee_48b8_b535_da27cd118e26] (Re-)joining group
2025-08-12 14:49:34,992 INFO  [org.apa.kaf.cli.con.int.ConsumerCoordinator] (Thread-682) [Consumer clientId=consumer-Consumer-topic-fe5d5497_0fee_48b8_b535_da27cd118e26-11, groupId=Consumer-topic-fe5d5497_0fee_48b8_b535_da27cd118e26] Request joining group due to: need to re-join with the given member-id: consumer-Consumer-topic-fe5d5497_0fee_48b8_b535_da27cd118e26-11-e1a65756-cadd-4e7b-bf0e-7538494b1ed4
2025-08-12 14:49:34,992 INFO  [org.apa.kaf.cli.con.int.ConsumerCoordinator] (Thread-682) [Consumer clientId=consumer-Consumer-topic-fe5d5497_0fee_48b8_b535_da27cd118e26-11, groupId=Consumer-topic-fe5d5497_0fee_48b8_b535_da27cd118e26] (Re-)joining group
2025-08-12 14:49:35,982 INFO  [io.api.tes.ser.api.KafkaSerdesTester] (Thread-682) None found
2025-08-12 14:49:36,983 INFO  [io.api.tes.ser.api.KafkaSerdesTester] (Thread-682) None found
2025-08-12 14:49:37,984 INFO  [io.api.tes.ser.api.KafkaSerdesTester] (Thread-682) None found
2025-08-12 14:49:37,994 INFO  [org.apa.kaf.cli.con.int.ConsumerCoordinator] (Thread-682) [Consumer clientId=consumer-Consumer-topic-fe5d5497_0fee_48b8_b535_da27cd118e26-11, groupId=Consumer-topic-fe5d5497_0fee_48b8_b535_da27cd118e26] Successfully joined group with generation Generation{generationId=3, memberId='consumer-Consumer-topic-fe5d5497_0fee_48b8_b535_da27cd118e26-11-e1a65756-cadd-4e7b-bf0e-7538494b1ed4', protocol='range'}
2025-08-12 14:49:37,994 INFO  [org.apa.kaf.cli.con.int.ConsumerCoordinator] (Thread-682) [Consumer clientId=consumer-Consumer-topic-fe5d5497_0fee_48b8_b535_da27cd118e26-11, groupId=Consumer-topic-fe5d5497_0fee_48b8_b535_da27cd118e26] Finished assignment for group at generation 3: {consumer-Consumer-topic-fe5d5497_0fee_48b8_b535_da27cd118e26-11-e1a65756-cadd-4e7b-bf0e-7538494b1ed4=Assignment(partitions=[topic-fe5d5497_0fee_48b8_b535_da27cd118e26-0])}
2025-08-12 14:49:38,001 INFO  [org.apa.kaf.cli.con.int.ConsumerCoordinator] (Thread-682) [Consumer clientId=consumer-Consumer-topic-fe5d5497_0fee_48b8_b535_da27cd118e26-11, groupId=Consumer-topic-fe5d5497_0fee_48b8_b535_da27cd118e26] Successfully synced group in generation Generation{generationId=3, memberId='consumer-Consumer-topic-fe5d5497_0fee_48b8_b535_da27cd118e26-11-e1a65756-cadd-4e7b-bf0e-7538494b1ed4', protocol='range'}
2025-08-12 14:49:38,001 INFO  [org.apa.kaf.cli.con.int.ConsumerCoordinator] (Thread-682) [Consumer clientId=consumer-Consumer-topic-fe5d5497_0fee_48b8_b535_da27cd118e26-11, groupId=Consumer-topic-fe5d5497_0fee_48b8_b535_da27cd118e26] Notifying assignor about the new Assignment(partitions=[topic-fe5d5497_0fee_48b8_b535_da27cd118e26-0])
2025-08-12 14:49:38,001 INFO  [org.apa.kaf.cli.con.int.ConsumerRebalanceListenerInvoker] (Thread-682) [Consumer clientId=consumer-Consumer-topic-fe5d5497_0fee_48b8_b535_da27cd118e26-11, groupId=Consumer-topic-fe5d5497_0fee_48b8_b535_da27cd118e26] Adding newly assigned partitions: topic-fe5d5497_0fee_48b8_b535_da27cd118e26-0
2025-08-12 14:49:38,003 INFO  [org.apa.kaf.cli.con.int.ConsumerUtils] (Thread-682) Setting offset for partition topic-fe5d5497_0fee_48b8_b535_da27cd118e26-0 to the committed offset FetchPosition{offset=10, offsetEpoch=Optional[0], currentLeader=LeaderAndEpoch{leader=Optional[localhost:32769 (id: 0 rack: null)], epoch=0}}
2025-08-12 14:49:38,404 INFO  [io.api.tes.ser.api.KafkaSerdesTester] (Thread-682) topic-fe5d5497_0fee_48b8_b535_da27cd118e26 0 10 {"key11755010168292": "value-0", "key21755010173415": "value-0"}
2025-08-12 14:49:38,404 INFO  [io.api.tes.ser.api.KafkaSerdesTester] (Thread-682) topic-fe5d5497_0fee_48b8_b535_da27cd118e26 0 11 {"key11755010168292": "value-1", "key21755010173415": "value-1"}
2025-08-12 14:49:38,404 INFO  [io.api.tes.ser.api.KafkaSerdesTester] (Thread-682) topic-fe5d5497_0fee_48b8_b535_da27cd118e26 0 12 {"key11755010168292": "value-2", "key21755010173415": "value-2"}
2025-08-12 14:49:38,404 INFO  [io.api.tes.ser.api.KafkaSerdesTester] (Thread-682) topic-fe5d5497_0fee_48b8_b535_da27cd118e26 0 13 {"key11755010168292": "value-3", "key21755010173415": "value-3"}
2025-08-12 14:49:38,404 INFO  [io.api.tes.ser.api.KafkaSerdesTester] (Thread-682) topic-fe5d5497_0fee_48b8_b535_da27cd118e26 0 14 {"key11755010168292": "value-4", "key21755010173415": "value-4"}
2025-08-12 14:49:38,404 INFO  [io.api.tes.ser.api.KafkaSerdesTester] (Thread-682) topic-fe5d5497_0fee_48b8_b535_da27cd118e26 0 15 {"key11755010168292": "value-5", "key21755010173415": "value-5"}
2025-08-12 14:49:38,404 INFO  [io.api.tes.ser.api.KafkaSerdesTester] (Thread-682) topic-fe5d5497_0fee_48b8_b535_da27cd118e26 0 16 {"key11755010168292": "value-6", "key21755010173415": "value-6"}
2025-08-12 14:49:38,404 INFO  [io.api.tes.ser.api.KafkaSerdesTester] (Thread-682) topic-fe5d5497_0fee_48b8_b535_da27cd118e26 0 17 {"key11755010168292": "value-7", "key21755010173415": "value-7"}
2025-08-12 14:49:38,404 INFO  [io.api.tes.ser.api.KafkaSerdesTester] (Thread-682) topic-fe5d5497_0fee_48b8_b535_da27cd118e26 0 18 {"key11755010168292": "value-8", "key21755010173415": "value-8"}
2025-08-12 14:49:38,404 INFO  [io.api.tes.ser.api.KafkaSerdesTester] (Thread-682) topic-fe5d5497_0fee_48b8_b535_da27cd118e26 0 19 {"key11755010168292": "value-9", "key21755010173415": "value-9"}
2025-08-12 14:49:38,404 INFO  [io.api.tes.ser.api.KafkaSerdesTester] (Thread-682) topic-fe5d5497_0fee_48b8_b535_da27cd118e26 0 20 {"key11755010168292": "value-0"}
2025-08-12 14:49:38,404 INFO  [io.api.tes.ser.api.KafkaSerdesTester] (Thread-682) topic-fe5d5497_0fee_48b8_b535_da27cd118e26 0 21 {"key11755010168292": "value-1"}
2025-08-12 14:49:38,405 INFO  [io.api.tes.ser.api.KafkaSerdesTester] (Thread-682) topic-fe5d5497_0fee_48b8_b535_da27cd118e26 0 22 {"key11755010168292": "value-2"}
2025-08-12 14:49:38,405 INFO  [io.api.tes.ser.api.KafkaSerdesTester] (Thread-682) topic-fe5d5497_0fee_48b8_b535_da27cd118e26 0 23 {"key11755010168292": "value-3"}
2025-08-12 14:49:38,405 INFO  [io.api.tes.ser.api.KafkaSerdesTester] (Thread-682) topic-fe5d5497_0fee_48b8_b535_da27cd118e26 0 24 {"key11755010168292": "value-4"}
2025-08-12 14:49:38,405 INFO  [io.api.tes.ser.api.KafkaSerdesTester] (Thread-682) topic-fe5d5497_0fee_48b8_b535_da27cd118e26 0 25 {"key11755010168292": "value-5"}
2025-08-12 14:49:38,405 INFO  [io.api.tes.ser.api.KafkaSerdesTester] (Thread-682) topic-fe5d5497_0fee_48b8_b535_da27cd118e26 0 26 {"key11755010168292": "value-6"}
2025-08-12 14:49:38,405 INFO  [io.api.tes.ser.api.KafkaSerdesTester] (Thread-682) topic-fe5d5497_0fee_48b8_b535_da27cd118e26 0 27 {"key11755010168292": "value-7"}
2025-08-12 14:49:38,405 INFO  [io.api.tes.ser.api.KafkaSerdesTester] (Thread-682) topic-fe5d5497_0fee_48b8_b535_da27cd118e26 0 28 {"key11755010168292": "value-8"}
2025-08-12 14:49:38,405 INFO  [io.api.tes.ser.api.KafkaSerdesTester] (Thread-682) topic-fe5d5497_0fee_48b8_b535_da27cd118e26 0 29 {"key11755010168292": "value-9"}
2025-08-12 14:49:38,405 INFO  [io.api.tes.ser.api.KafkaSerdesTester] (Thread-682) Consumed 20 messages
2025-08-12 14:49:38,412 INFO  [org.apa.kaf.cli.con.int.ConsumerRebalanceListenerInvoker] (Thread-682) [Consumer clientId=consumer-Consumer-topic-fe5d5497_0fee_48b8_b535_da27cd118e26-11, groupId=Consumer-topic-fe5d5497_0fee_48b8_b535_da27cd118e26] Revoke previously assigned partitions topic-fe5d5497_0fee_48b8_b535_da27cd118e26-0
2025-08-12 14:49:38,412 INFO  [org.apa.kaf.cli.con.int.ConsumerCoordinator] (Thread-682) [Consumer clientId=consumer-Consumer-topic-fe5d5497_0fee_48b8_b535_da27cd118e26-11, groupId=Consumer-topic-fe5d5497_0fee_48b8_b535_da27cd118e26] Member consumer-Consumer-topic-fe5d5497_0fee_48b8_b535_da27cd118e26-11-e1a65756-cadd-4e7b-bf0e-7538494b1ed4 sending LeaveGroup request to coordinator localhost:32769 (id: 2147483647 rack: null) due to the consumer is being closed
2025-08-12 14:49:38,413 INFO  [org.apa.kaf.cli.con.int.ConsumerCoordinator] (Thread-682) [Consumer clientId=consumer-Consumer-topic-fe5d5497_0fee_48b8_b535_da27cd118e26-11, groupId=Consumer-topic-fe5d5497_0fee_48b8_b535_da27cd118e26] Resetting generation and member id due to: consumer pro-actively leaving the group
2025-08-12 14:49:38,413 INFO  [org.apa.kaf.cli.con.int.ConsumerCoordinator] (Thread-682) [Consumer clientId=consumer-Consumer-topic-fe5d5497_0fee_48b8_b535_da27cd118e26-11, groupId=Consumer-topic-fe5d5497_0fee_48b8_b535_da27cd118e26] Request joining group due to: consumer pro-actively leaving the group
2025-08-12 14:49:38,908 INFO  [org.apa.kaf.com.met.Metrics] (Thread-682) Metrics scheduler closed
2025-08-12 14:49:38,908 INFO  [org.apa.kaf.com.met.Metrics] (Thread-682) Closing reporter org.apache.kafka.common.metrics.JmxReporter
2025-08-12 14:49:38,908 INFO  [org.apa.kaf.com.met.Metrics] (Thread-682) Closing reporter org.apache.kafka.common.telemetry.internals.ClientTelemetryReporter
2025-08-12 14:49:38,908 INFO  [org.apa.kaf.com.met.Metrics] (Thread-682) Metrics reporters closed
2025-08-12 14:49:38,910 INFO  [org.apa.kaf.com.uti.AppInfoParser] (Thread-682) App info kafka.consumer for consumer-Consumer-topic-fe5d5497_0fee_48b8_b535_da27cd118e26-11 unregistered
2025-08-12 14:49:38,911 INFO  [io.api.tes.ser.api.AvroSerdeIT] (main) Registering Avro Schema 3: {"type":"record","name":"sd50bd06bxd57fx40a4x868bx1b1178c7f816","namespace":"ns_73aff829_7e00_40db_92cd_d6d0d8716142","fields":[{"name":"key11755010168292","type":"string"},{"name":"key21755010173415","type":"string"},{"name":"key31755010178910","type":"string"}]}
**** Registry Base URL: http://registry-app-inmemory.apps.ci419.apicurio-testing.org:80
2025-08-12 14:49:40,086 INFO  [org.apa.kaf.cli.pro.ProducerConfig] (main) ProducerConfig values: 
	acks = -1
	auto.include.jmx.reporter = true
	batch.size = 16384
	bootstrap.servers = [PLAINTEXT://localhost:32769]
	buffer.memory = 33554432
	client.dns.lookup = use_all_dns_ips
	client.id = Producer-topic-fe5d5497_0fee_48b8_b535_da27cd118e26
	compression.gzip.level = -1
	compression.lz4.level = 9
	compression.type = none
	compression.zstd.level = 3
	connections.max.idle.ms = 10000
	delivery.timeout.ms = 120000
	enable.idempotence = true
	enable.metrics.push = true
	interceptor.classes = []
	key.serializer = class org.apache.kafka.common.serialization.StringSerializer
	linger.ms = 0
	max.block.ms = 60000
	max.in.flight.requests.per.connection = 5
	max.request.size = 1048576
	metadata.max.age.ms = 300000
	metadata.max.idle.ms = 300000
	metadata.recovery.strategy = none
	metric.reporters = []
	metrics.num.samples = 2
	metrics.recording.level = INFO
	metrics.sample.window.ms = 30000
	partitioner.adaptive.partitioning.enable = true
	partitioner.availability.timeout.ms = 0
	partitioner.class = null
	partitioner.ignore.keys = false
	receive.buffer.bytes = 32768
	reconnect.backoff.max.ms = 1000
	reconnect.backoff.ms = 50
	request.timeout.ms = 5000
	retries = 2147483647
	retry.backoff.max.ms = 1000
	retry.backoff.ms = 100
	sasl.client.callback.handler.class = null
	sasl.jaas.config = null
	sasl.kerberos.kinit.cmd = /usr/bin/kinit
	sasl.kerberos.min.time.before.relogin = 60000
	sasl.kerberos.service.name = null
	sasl.kerberos.ticket.renew.jitter = 0.05
	sasl.kerberos.ticket.renew.window.factor = 0.8
	sasl.login.callback.handler.class = null
	sasl.login.class = null
	sasl.login.connect.timeout.ms = null
	sasl.login.read.timeout.ms = null
	sasl.login.refresh.buffer.seconds = 300
	sasl.login.refresh.min.period.seconds = 60
	sasl.login.refresh.window.factor = 0.8
	sasl.login.refresh.window.jitter = 0.05
	sasl.login.retry.backoff.max.ms = 10000
	sasl.login.retry.backoff.ms = 100
	sasl.mechanism = GSSAPI
	sasl.oauthbearer.clock.skew.seconds = 30
	sasl.oauthbearer.expected.audience = null
	sasl.oauthbearer.expected.issuer = null
	sasl.oauthbearer.header.urlencode = false
	sasl.oauthbearer.jwks.endpoint.refresh.ms = 3600000
	sasl.oauthbearer.jwks.endpoint.retry.backoff.max.ms = 10000
	sasl.oauthbearer.jwks.endpoint.retry.backoff.ms = 100
	sasl.oauthbearer.jwks.endpoint.url = null
	sasl.oauthbearer.scope.claim.name = scope
	sasl.oauthbearer.sub.claim.name = sub
	sasl.oauthbearer.token.endpoint.url = null
	security.protocol = PLAINTEXT
	security.providers = null
	send.buffer.bytes = 131072
	socket.connection.setup.timeout.max.ms = 30000
	socket.connection.setup.timeout.ms = 10000
	ssl.cipher.suites = null
	ssl.enabled.protocols = [TLSv1.2, TLSv1.3]
	ssl.endpoint.identification.algorithm = https
	ssl.engine.factory.class = null
	ssl.key.password = null
	ssl.keymanager.algorithm = SunX509
	ssl.keystore.certificate.chain = null
	ssl.keystore.key = null
	ssl.keystore.location = null
	ssl.keystore.password = null
	ssl.keystore.type = JKS
	ssl.protocol = TLSv1.3
	ssl.provider = null
	ssl.secure.random.implementation = null
	ssl.trustmanager.algorithm = PKIX
	ssl.truststore.certificates = null
	ssl.truststore.location = null
	ssl.truststore.password = null
	ssl.truststore.type = JKS
	transaction.timeout.ms = 60000
	transactional.id = null
	value.serializer = class io.apicurio.registry.serde.avro.AvroKafkaSerializer

2025-08-12 14:49:40,086 INFO  [org.apa.kaf.com.tel.int.KafkaMetricsCollector] (main) initializing Kafka metrics collector
2025-08-12 14:49:40,090 INFO  [org.apa.kaf.cli.pro.KafkaProducer] (main) [Producer clientId=Producer-topic-fe5d5497_0fee_48b8_b535_da27cd118e26] Instantiated an idempotent producer.
2025-08-12 14:49:40,091 INFO  [org.apa.kaf.cli.pro.ProducerConfig] (main) These configurations '[apicurio.registry.url, apicurio.registry.artifact-resolver-strategy]' were supplied but are not used yet.
2025-08-12 14:49:40,092 INFO  [org.apa.kaf.com.uti.AppInfoParser] (main) Kafka version: 3.9.1
2025-08-12 14:49:40,092 INFO  [org.apa.kaf.com.uti.AppInfoParser] (main) Kafka commitId: f745dfdcee2b9851
2025-08-12 14:49:40,092 INFO  [org.apa.kaf.com.uti.AppInfoParser] (main) Kafka startTimeMs: 1755010180091
2025-08-12 14:49:40,092 INFO  [io.api.tes.ser.api.KafkaSerdesTester] (Thread-685) Sending message {"key11755010168292": "value-0", "key21755010173415": "value-0", "key31755010178910": "value-0"} to topic topic-fe5d5497_0fee_48b8_b535_da27cd118e26
2025-08-12 14:49:40,096 INFO  [org.apa.kaf.cli.Metadata] (kafka-producer-network-thread | Producer-topic-fe5d5497_0fee_48b8_b535_da27cd118e26) [Producer clientId=Producer-topic-fe5d5497_0fee_48b8_b535_da27cd118e26] Cluster ID: 2kzKdHjlS02ID15h9rF1bw
2025-08-12 14:49:40,096 INFO  [org.apa.kaf.cli.pro.int.TransactionManager] (kafka-producer-network-thread | Producer-topic-fe5d5497_0fee_48b8_b535_da27cd118e26) [Producer clientId=Producer-topic-fe5d5497_0fee_48b8_b535_da27cd118e26] ProducerId set to 15 with epoch 0
2025-08-12 14:49:40,096 INFO  [DefaultSchemaResolver] (Thread-685) Retrieving schema content using string: {"type":"record","name":"sd50bd06bxd57fx40a4x868bx1b1178c7f816","namespace":"ns_73aff829_7e00_40db_92cd_d6d0d8716142","fields":[{"name":"key11755010168292","type":"string"},{"name":"key21755010173415","type":"string"},{"name":"key31755010178910","type":"string"}]}
2025-08-12 14:49:40,256 INFO  [io.api.tes.ser.api.KafkaSerdesTester] (Thread-685) Sending message {"key11755010168292": "value-1", "key21755010173415": "value-1", "key31755010178910": "value-1"} to topic topic-fe5d5497_0fee_48b8_b535_da27cd118e26
2025-08-12 14:49:40,258 INFO  [io.api.tes.ser.api.KafkaSerdesTester] (Thread-685) Sending message {"key11755010168292": "value-2", "key21755010173415": "value-2", "key31755010178910": "value-2"} to topic topic-fe5d5497_0fee_48b8_b535_da27cd118e26
2025-08-12 14:49:40,260 INFO  [io.api.tes.ser.api.KafkaSerdesTester] (Thread-685) Sending message {"key11755010168292": "value-3", "key21755010173415": "value-3", "key31755010178910": "value-3"} to topic topic-fe5d5497_0fee_48b8_b535_da27cd118e26
2025-08-12 14:49:40,264 INFO  [io.api.tes.ser.api.KafkaSerdesTester] (Thread-685) Sending message {"key11755010168292": "value-4", "key21755010173415": "value-4", "key31755010178910": "value-4"} to topic topic-fe5d5497_0fee_48b8_b535_da27cd118e26
2025-08-12 14:49:40,267 INFO  [io.api.tes.ser.api.KafkaSerdesTester] (Thread-685) Sending message {"key11755010168292": "value-5", "key21755010173415": "value-5", "key31755010178910": "value-5"} to topic topic-fe5d5497_0fee_48b8_b535_da27cd118e26
2025-08-12 14:49:40,270 INFO  [io.api.tes.ser.api.KafkaSerdesTester] (Thread-685) Sending message {"key11755010168292": "value-6", "key21755010173415": "value-6", "key31755010178910": "value-6"} to topic topic-fe5d5497_0fee_48b8_b535_da27cd118e26
2025-08-12 14:49:40,271 INFO  [io.api.tes.ser.api.KafkaSerdesTester] (Thread-685) Sending message {"key11755010168292": "value-7", "key21755010173415": "value-7", "key31755010178910": "value-7"} to topic topic-fe5d5497_0fee_48b8_b535_da27cd118e26
2025-08-12 14:49:40,273 INFO  [io.api.tes.ser.api.KafkaSerdesTester] (Thread-685) Sending message {"key11755010168292": "value-8", "key21755010173415": "value-8", "key31755010178910": "value-8"} to topic topic-fe5d5497_0fee_48b8_b535_da27cd118e26
2025-08-12 14:49:40,274 INFO  [io.api.tes.ser.api.KafkaSerdesTester] (Thread-685) Sending message {"key11755010168292": "value-9", "key21755010173415": "value-9", "key31755010178910": "value-9"} to topic topic-fe5d5497_0fee_48b8_b535_da27cd118e26
2025-08-12 14:49:40,275 INFO  [io.api.tes.ser.api.KafkaSerdesTester] (Thread-685) Produced 10 messages
2025-08-12 14:49:40,275 INFO  [org.apa.kaf.cli.pro.KafkaProducer] (Thread-685) [Producer clientId=Producer-topic-fe5d5497_0fee_48b8_b535_da27cd118e26] Closing the Kafka producer with timeoutMillis = 9223372036854775807 ms.
2025-08-12 14:49:40,277 INFO  [org.apa.kaf.com.met.Metrics] (Thread-685) Metrics scheduler closed
2025-08-12 14:49:40,277 INFO  [org.apa.kaf.com.met.Metrics] (Thread-685) Closing reporter org.apache.kafka.common.metrics.JmxReporter
2025-08-12 14:49:40,277 INFO  [org.apa.kaf.com.met.Metrics] (Thread-685) Closing reporter org.apache.kafka.common.telemetry.internals.ClientTelemetryReporter
2025-08-12 14:49:40,277 INFO  [org.apa.kaf.com.met.Metrics] (Thread-685) Metrics reporters closed
2025-08-12 14:49:40,278 INFO  [org.apa.kaf.com.uti.AppInfoParser] (Thread-685) App info kafka.producer for Producer-topic-fe5d5497_0fee_48b8_b535_da27cd118e26 unregistered
**** Registry Base URL: http://registry-app-inmemory.apps.ci419.apicurio-testing.org:80
2025-08-12 14:49:40,279 INFO  [org.apa.kaf.cli.pro.ProducerConfig] (main) ProducerConfig values: 
	acks = -1
	auto.include.jmx.reporter = true
	batch.size = 16384
	bootstrap.servers = [PLAINTEXT://localhost:32769]
	buffer.memory = 33554432
	client.dns.lookup = use_all_dns_ips
	client.id = Producer-topic-fe5d5497_0fee_48b8_b535_da27cd118e26
	compression.gzip.level = -1
	compression.lz4.level = 9
	compression.type = none
	compression.zstd.level = 3
	connections.max.idle.ms = 10000
	delivery.timeout.ms = 120000
	enable.idempotence = true
	enable.metrics.push = true
	interceptor.classes = []
	key.serializer = class org.apache.kafka.common.serialization.StringSerializer
	linger.ms = 0
	max.block.ms = 60000
	max.in.flight.requests.per.connection = 5
	max.request.size = 1048576
	metadata.max.age.ms = 300000
	metadata.max.idle.ms = 300000
	metadata.recovery.strategy = none
	metric.reporters = []
	metrics.num.samples = 2
	metrics.recording.level = INFO
	metrics.sample.window.ms = 30000
	partitioner.adaptive.partitioning.enable = true
	partitioner.availability.timeout.ms = 0
	partitioner.class = null
	partitioner.ignore.keys = false
	receive.buffer.bytes = 32768
	reconnect.backoff.max.ms = 1000
	reconnect.backoff.ms = 50
	request.timeout.ms = 5000
	retries = 2147483647
	retry.backoff.max.ms = 1000
	retry.backoff.ms = 100
	sasl.client.callback.handler.class = null
	sasl.jaas.config = null
	sasl.kerberos.kinit.cmd = /usr/bin/kinit
	sasl.kerberos.min.time.before.relogin = 60000
	sasl.kerberos.service.name = null
	sasl.kerberos.ticket.renew.jitter = 0.05
	sasl.kerberos.ticket.renew.window.factor = 0.8
	sasl.login.callback.handler.class = null
	sasl.login.class = null
	sasl.login.connect.timeout.ms = null
	sasl.login.read.timeout.ms = null
	sasl.login.refresh.buffer.seconds = 300
	sasl.login.refresh.min.period.seconds = 60
	sasl.login.refresh.window.factor = 0.8
	sasl.login.refresh.window.jitter = 0.05
	sasl.login.retry.backoff.max.ms = 10000
	sasl.login.retry.backoff.ms = 100
	sasl.mechanism = GSSAPI
	sasl.oauthbearer.clock.skew.seconds = 30
	sasl.oauthbearer.expected.audience = null
	sasl.oauthbearer.expected.issuer = null
	sasl.oauthbearer.header.urlencode = false
	sasl.oauthbearer.jwks.endpoint.refresh.ms = 3600000
	sasl.oauthbearer.jwks.endpoint.retry.backoff.max.ms = 10000
	sasl.oauthbearer.jwks.endpoint.retry.backoff.ms = 100
	sasl.oauthbearer.jwks.endpoint.url = null
	sasl.oauthbearer.scope.claim.name = scope
	sasl.oauthbearer.sub.claim.name = sub
	sasl.oauthbearer.token.endpoint.url = null
	security.protocol = PLAINTEXT
	security.providers = null
	send.buffer.bytes = 131072
	socket.connection.setup.timeout.max.ms = 30000
	socket.connection.setup.timeout.ms = 10000
	ssl.cipher.suites = null
	ssl.enabled.protocols = [TLSv1.2, TLSv1.3]
	ssl.endpoint.identification.algorithm = https
	ssl.engine.factory.class = null
	ssl.key.password = null
	ssl.keymanager.algorithm = SunX509
	ssl.keystore.certificate.chain = null
	ssl.keystore.key = null
	ssl.keystore.location = null
	ssl.keystore.password = null
	ssl.keystore.type = JKS
	ssl.protocol = TLSv1.3
	ssl.provider = null
	ssl.secure.random.implementation = null
	ssl.trustmanager.algorithm = PKIX
	ssl.truststore.certificates = null
	ssl.truststore.location = null
	ssl.truststore.password = null
	ssl.truststore.type = JKS
	transaction.timeout.ms = 60000
	transactional.id = null
	value.serializer = class io.apicurio.registry.serde.avro.AvroKafkaSerializer

2025-08-12 14:49:40,279 INFO  [org.apa.kaf.com.tel.int.KafkaMetricsCollector] (main) initializing Kafka metrics collector
2025-08-12 14:49:40,288 INFO  [org.apa.kaf.cli.pro.KafkaProducer] (main) [Producer clientId=Producer-topic-fe5d5497_0fee_48b8_b535_da27cd118e26] Instantiated an idempotent producer.
2025-08-12 14:49:40,290 INFO  [org.apa.kaf.cli.pro.ProducerConfig] (main) These configurations '[apicurio.registry.url, apicurio.registry.artifact-resolver-strategy]' were supplied but are not used yet.
2025-08-12 14:49:40,290 INFO  [org.apa.kaf.com.uti.AppInfoParser] (main) Kafka version: 3.9.1
2025-08-12 14:49:40,290 INFO  [org.apa.kaf.com.uti.AppInfoParser] (main) Kafka commitId: f745dfdcee2b9851
2025-08-12 14:49:40,290 INFO  [org.apa.kaf.com.uti.AppInfoParser] (main) Kafka startTimeMs: 1755010180290
2025-08-12 14:49:40,292 INFO  [io.api.tes.ser.api.KafkaSerdesTester] (Thread-688) Sending message {"key11755010168292": "value-0", "key21755010173415": "value-0"} to topic topic-fe5d5497_0fee_48b8_b535_da27cd118e26
2025-08-12 14:49:40,295 INFO  [org.apa.kaf.cli.Metadata] (kafka-producer-network-thread | Producer-topic-fe5d5497_0fee_48b8_b535_da27cd118e26) [Producer clientId=Producer-topic-fe5d5497_0fee_48b8_b535_da27cd118e26] Cluster ID: 2kzKdHjlS02ID15h9rF1bw
2025-08-12 14:49:40,296 INFO  [DefaultSchemaResolver] (Thread-688) Retrieving schema content using string: {"type":"record","name":"sd50bd06bxd57fx40a4x868bx1b1178c7f816","namespace":"ns_73aff829_7e00_40db_92cd_d6d0d8716142","fields":[{"name":"key11755010168292","type":"string"},{"name":"key21755010173415","type":"string"}]}
2025-08-12 14:49:40,296 INFO  [org.apa.kaf.cli.pro.int.TransactionManager] (kafka-producer-network-thread | Producer-topic-fe5d5497_0fee_48b8_b535_da27cd118e26) [Producer clientId=Producer-topic-fe5d5497_0fee_48b8_b535_da27cd118e26] ProducerId set to 16 with epoch 0
2025-08-12 14:49:40,452 INFO  [io.api.tes.ser.api.KafkaSerdesTester] (Thread-688) Sending message {"key11755010168292": "value-1", "key21755010173415": "value-1"} to topic topic-fe5d5497_0fee_48b8_b535_da27cd118e26
2025-08-12 14:49:40,453 INFO  [io.api.tes.ser.api.KafkaSerdesTester] (Thread-688) Sending message {"key11755010168292": "value-2", "key21755010173415": "value-2"} to topic topic-fe5d5497_0fee_48b8_b535_da27cd118e26
2025-08-12 14:49:40,454 INFO  [io.api.tes.ser.api.KafkaSerdesTester] (Thread-688) Sending message {"key11755010168292": "value-3", "key21755010173415": "value-3"} to topic topic-fe5d5497_0fee_48b8_b535_da27cd118e26
2025-08-12 14:49:40,456 INFO  [io.api.tes.ser.api.KafkaSerdesTester] (Thread-688) Sending message {"key11755010168292": "value-4", "key21755010173415": "value-4"} to topic topic-fe5d5497_0fee_48b8_b535_da27cd118e26
2025-08-12 14:49:40,457 INFO  [io.api.tes.ser.api.KafkaSerdesTester] (Thread-688) Sending message {"key11755010168292": "value-5", "key21755010173415": "value-5"} to topic topic-fe5d5497_0fee_48b8_b535_da27cd118e26
2025-08-12 14:49:40,458 INFO  [io.api.tes.ser.api.KafkaSerdesTester] (Thread-688) Sending message {"key11755010168292": "value-6", "key21755010173415": "value-6"} to topic topic-fe5d5497_0fee_48b8_b535_da27cd118e26
2025-08-12 14:49:40,461 INFO  [io.api.tes.ser.api.KafkaSerdesTester] (Thread-688) Sending message {"key11755010168292": "value-7", "key21755010173415": "value-7"} to topic topic-fe5d5497_0fee_48b8_b535_da27cd118e26
2025-08-12 14:49:40,463 INFO  [io.api.tes.ser.api.KafkaSerdesTester] (Thread-688) Sending message {"key11755010168292": "value-8", "key21755010173415": "value-8"} to topic topic-fe5d5497_0fee_48b8_b535_da27cd118e26
2025-08-12 14:49:40,466 INFO  [io.api.tes.ser.api.KafkaSerdesTester] (Thread-688) Sending message {"key11755010168292": "value-9", "key21755010173415": "value-9"} to topic topic-fe5d5497_0fee_48b8_b535_da27cd118e26
2025-08-12 14:49:40,469 INFO  [io.api.tes.ser.api.KafkaSerdesTester] (Thread-688) Produced 10 messages
2025-08-12 14:49:40,469 INFO  [org.apa.kaf.cli.pro.KafkaProducer] (Thread-688) [Producer clientId=Producer-topic-fe5d5497_0fee_48b8_b535_da27cd118e26] Closing the Kafka producer with timeoutMillis = 9223372036854775807 ms.
2025-08-12 14:49:40,474 INFO  [org.apa.kaf.com.met.Metrics] (Thread-688) Metrics scheduler closed
2025-08-12 14:49:40,474 INFO  [org.apa.kaf.com.met.Metrics] (Thread-688) Closing reporter org.apache.kafka.common.metrics.JmxReporter
2025-08-12 14:49:40,474 INFO  [org.apa.kaf.com.met.Metrics] (Thread-688) Closing reporter org.apache.kafka.common.telemetry.internals.ClientTelemetryReporter
2025-08-12 14:49:40,474 INFO  [org.apa.kaf.com.met.Metrics] (Thread-688) Metrics reporters closed
2025-08-12 14:49:40,474 INFO  [org.apa.kaf.com.uti.AppInfoParser] (Thread-688) App info kafka.producer for Producer-topic-fe5d5497_0fee_48b8_b535_da27cd118e26 unregistered
**** Registry Base URL: http://registry-app-inmemory.apps.ci419.apicurio-testing.org:80
2025-08-12 14:49:40,475 INFO  [org.apa.kaf.cli.pro.ProducerConfig] (main) ProducerConfig values: 
	acks = -1
	auto.include.jmx.reporter = true
	batch.size = 16384
	bootstrap.servers = [PLAINTEXT://localhost:32769]
	buffer.memory = 33554432
	client.dns.lookup = use_all_dns_ips
	client.id = Producer-topic-fe5d5497_0fee_48b8_b535_da27cd118e26
	compression.gzip.level = -1
	compression.lz4.level = 9
	compression.type = none
	compression.zstd.level = 3
	connections.max.idle.ms = 10000
	delivery.timeout.ms = 120000
	enable.idempotence = true
	enable.metrics.push = true
	interceptor.classes = []
	key.serializer = class org.apache.kafka.common.serialization.StringSerializer
	linger.ms = 0
	max.block.ms = 60000
	max.in.flight.requests.per.connection = 5
	max.request.size = 1048576
	metadata.max.age.ms = 300000
	metadata.max.idle.ms = 300000
	metadata.recovery.strategy = none
	metric.reporters = []
	metrics.num.samples = 2
	metrics.recording.level = INFO
	metrics.sample.window.ms = 30000
	partitioner.adaptive.partitioning.enable = true
	partitioner.availability.timeout.ms = 0
	partitioner.class = null
	partitioner.ignore.keys = false
	receive.buffer.bytes = 32768
	reconnect.backoff.max.ms = 1000
	reconnect.backoff.ms = 50
	request.timeout.ms = 5000
	retries = 2147483647
	retry.backoff.max.ms = 1000
	retry.backoff.ms = 100
	sasl.client.callback.handler.class = null
	sasl.jaas.config = null
	sasl.kerberos.kinit.cmd = /usr/bin/kinit
	sasl.kerberos.min.time.before.relogin = 60000
	sasl.kerberos.service.name = null
	sasl.kerberos.ticket.renew.jitter = 0.05
	sasl.kerberos.ticket.renew.window.factor = 0.8
	sasl.login.callback.handler.class = null
	sasl.login.class = null
	sasl.login.connect.timeout.ms = null
	sasl.login.read.timeout.ms = null
	sasl.login.refresh.buffer.seconds = 300
	sasl.login.refresh.min.period.seconds = 60
	sasl.login.refresh.window.factor = 0.8
	sasl.login.refresh.window.jitter = 0.05
	sasl.login.retry.backoff.max.ms = 10000
	sasl.login.retry.backoff.ms = 100
	sasl.mechanism = GSSAPI
	sasl.oauthbearer.clock.skew.seconds = 30
	sasl.oauthbearer.expected.audience = null
	sasl.oauthbearer.expected.issuer = null
	sasl.oauthbearer.header.urlencode = false
	sasl.oauthbearer.jwks.endpoint.refresh.ms = 3600000
	sasl.oauthbearer.jwks.endpoint.retry.backoff.max.ms = 10000
	sasl.oauthbearer.jwks.endpoint.retry.backoff.ms = 100
	sasl.oauthbearer.jwks.endpoint.url = null
	sasl.oauthbearer.scope.claim.name = scope
	sasl.oauthbearer.sub.claim.name = sub
	sasl.oauthbearer.token.endpoint.url = null
	security.protocol = PLAINTEXT
	security.providers = null
	send.buffer.bytes = 131072
	socket.connection.setup.timeout.max.ms = 30000
	socket.connection.setup.timeout.ms = 10000
	ssl.cipher.suites = null
	ssl.enabled.protocols = [TLSv1.2, TLSv1.3]
	ssl.endpoint.identification.algorithm = https
	ssl.engine.factory.class = null
	ssl.key.password = null
	ssl.keymanager.algorithm = SunX509
	ssl.keystore.certificate.chain = null
	ssl.keystore.key = null
	ssl.keystore.location = null
	ssl.keystore.password = null
	ssl.keystore.type = JKS
	ssl.protocol = TLSv1.3
	ssl.provider = null
	ssl.secure.random.implementation = null
	ssl.trustmanager.algorithm = PKIX
	ssl.truststore.certificates = null
	ssl.truststore.location = null
	ssl.truststore.password = null
	ssl.truststore.type = JKS
	transaction.timeout.ms = 60000
	transactional.id = null
	value.serializer = class io.apicurio.registry.serde.avro.AvroKafkaSerializer

2025-08-12 14:49:40,475 INFO  [org.apa.kaf.com.tel.int.KafkaMetricsCollector] (main) initializing Kafka metrics collector
2025-08-12 14:49:40,481 INFO  [org.apa.kaf.cli.pro.KafkaProducer] (main) [Producer clientId=Producer-topic-fe5d5497_0fee_48b8_b535_da27cd118e26] Instantiated an idempotent producer.
2025-08-12 14:49:40,485 INFO  [org.apa.kaf.cli.pro.ProducerConfig] (main) These configurations '[apicurio.registry.url, apicurio.registry.artifact-resolver-strategy]' were supplied but are not used yet.
2025-08-12 14:49:40,485 INFO  [org.apa.kaf.com.uti.AppInfoParser] (main) Kafka version: 3.9.1
2025-08-12 14:49:40,485 INFO  [org.apa.kaf.com.uti.AppInfoParser] (main) Kafka commitId: f745dfdcee2b9851
2025-08-12 14:49:40,485 INFO  [org.apa.kaf.com.uti.AppInfoParser] (main) Kafka startTimeMs: 1755010180485
2025-08-12 14:49:40,487 INFO  [io.api.tes.ser.api.KafkaSerdesTester] (Thread-691) Sending message {"key11755010168292": "value-0"} to topic topic-fe5d5497_0fee_48b8_b535_da27cd118e26
2025-08-12 14:49:40,490 INFO  [org.apa.kaf.cli.Metadata] (kafka-producer-network-thread | Producer-topic-fe5d5497_0fee_48b8_b535_da27cd118e26) [Producer clientId=Producer-topic-fe5d5497_0fee_48b8_b535_da27cd118e26] Cluster ID: 2kzKdHjlS02ID15h9rF1bw
2025-08-12 14:49:40,491 INFO  [org.apa.kaf.cli.pro.int.TransactionManager] (kafka-producer-network-thread | Producer-topic-fe5d5497_0fee_48b8_b535_da27cd118e26) [Producer clientId=Producer-topic-fe5d5497_0fee_48b8_b535_da27cd118e26] ProducerId set to 17 with epoch 0
2025-08-12 14:49:40,491 INFO  [DefaultSchemaResolver] (Thread-691) Retrieving schema content using string: {"type":"record","name":"sd50bd06bxd57fx40a4x868bx1b1178c7f816","namespace":"ns_73aff829_7e00_40db_92cd_d6d0d8716142","fields":[{"name":"key11755010168292","type":"string"}]}
2025-08-12 14:49:40,653 INFO  [io.api.tes.ser.api.KafkaSerdesTester] (Thread-691) Sending message {"key11755010168292": "value-1"} to topic topic-fe5d5497_0fee_48b8_b535_da27cd118e26
2025-08-12 14:49:40,659 INFO  [io.api.tes.ser.api.KafkaSerdesTester] (Thread-691) Sending message {"key11755010168292": "value-2"} to topic topic-fe5d5497_0fee_48b8_b535_da27cd118e26
2025-08-12 14:49:40,662 INFO  [io.api.tes.ser.api.KafkaSerdesTester] (Thread-691) Sending message {"key11755010168292": "value-3"} to topic topic-fe5d5497_0fee_48b8_b535_da27cd118e26
2025-08-12 14:49:40,663 INFO  [io.api.tes.ser.api.KafkaSerdesTester] (Thread-691) Sending message {"key11755010168292": "value-4"} to topic topic-fe5d5497_0fee_48b8_b535_da27cd118e26
2025-08-12 14:49:40,666 INFO  [io.api.tes.ser.api.KafkaSerdesTester] (Thread-691) Sending message {"key11755010168292": "value-5"} to topic topic-fe5d5497_0fee_48b8_b535_da27cd118e26
2025-08-12 14:49:40,668 INFO  [io.api.tes.ser.api.KafkaSerdesTester] (Thread-691) Sending message {"key11755010168292": "value-6"} to topic topic-fe5d5497_0fee_48b8_b535_da27cd118e26
2025-08-12 14:49:40,669 INFO  [io.api.tes.ser.api.KafkaSerdesTester] (Thread-691) Sending message {"key11755010168292": "value-7"} to topic topic-fe5d5497_0fee_48b8_b535_da27cd118e26
2025-08-12 14:49:40,671 INFO  [io.api.tes.ser.api.KafkaSerdesTester] (Thread-691) Sending message {"key11755010168292": "value-8"} to topic topic-fe5d5497_0fee_48b8_b535_da27cd118e26
2025-08-12 14:49:40,673 INFO  [io.api.tes.ser.api.KafkaSerdesTester] (Thread-691) Sending message {"key11755010168292": "value-9"} to topic topic-fe5d5497_0fee_48b8_b535_da27cd118e26
2025-08-12 14:49:40,677 INFO  [io.api.tes.ser.api.KafkaSerdesTester] (Thread-691) Produced 10 messages
2025-08-12 14:49:40,677 INFO  [org.apa.kaf.cli.pro.KafkaProducer] (Thread-691) [Producer clientId=Producer-topic-fe5d5497_0fee_48b8_b535_da27cd118e26] Closing the Kafka producer with timeoutMillis = 9223372036854775807 ms.
2025-08-12 14:49:40,680 INFO  [org.apa.kaf.com.met.Metrics] (Thread-691) Metrics scheduler closed
2025-08-12 14:49:40,680 INFO  [org.apa.kaf.com.met.Metrics] (Thread-691) Closing reporter org.apache.kafka.common.metrics.JmxReporter
2025-08-12 14:49:40,680 INFO  [org.apa.kaf.com.met.Metrics] (Thread-691) Closing reporter org.apache.kafka.common.telemetry.internals.ClientTelemetryReporter
2025-08-12 14:49:40,680 INFO  [org.apa.kaf.com.met.Metrics] (Thread-691) Metrics reporters closed
2025-08-12 14:49:40,680 INFO  [org.apa.kaf.com.uti.AppInfoParser] (Thread-691) App info kafka.producer for Producer-topic-fe5d5497_0fee_48b8_b535_da27cd118e26 unregistered
**** Registry Base URL: http://registry-app-inmemory.apps.ci419.apicurio-testing.org:80
2025-08-12 14:49:40,681 INFO  [org.apa.kaf.cli.con.ConsumerConfig] (main) ConsumerConfig values: 
	allow.auto.create.topics = true
	auto.commit.interval.ms = 500
	auto.include.jmx.reporter = true
	auto.offset.reset = earliest
	bootstrap.servers = [PLAINTEXT://localhost:32769]
	check.crcs = true
	client.dns.lookup = use_all_dns_ips
	client.id = consumer-Consumer-topic-fe5d5497_0fee_48b8_b535_da27cd118e26-12
	client.rack = 
	connections.max.idle.ms = 10000
	default.api.timeout.ms = 60000
	enable.auto.commit = true
	enable.metrics.push = true
	exclude.internal.topics = true
	fetch.max.bytes = 52428800
	fetch.max.wait.ms = 500
	fetch.min.bytes = 1
	group.id = Consumer-topic-fe5d5497_0fee_48b8_b535_da27cd118e26
	group.instance.id = null
	group.protocol = classic
	group.remote.assignor = null
	heartbeat.interval.ms = 3000
	interceptor.classes = []
	internal.leave.group.on.close = true
	internal.throw.on.fetch.stable.offset.unsupported = false
	isolation.level = read_uncommitted
	key.deserializer = class org.apache.kafka.common.serialization.StringDeserializer
	max.partition.fetch.bytes = 1048576
	max.poll.interval.ms = 300000
	max.poll.records = 500
	metadata.max.age.ms = 300000
	metadata.recovery.strategy = none
	metric.reporters = []
	metrics.num.samples = 2
	metrics.recording.level = INFO
	metrics.sample.window.ms = 30000
	partition.assignment.strategy = [class org.apache.kafka.clients.consumer.RangeAssignor, class org.apache.kafka.clients.consumer.CooperativeStickyAssignor]
	receive.buffer.bytes = 65536
	reconnect.backoff.max.ms = 1000
	reconnect.backoff.ms = 50
	request.timeout.ms = 5000
	retry.backoff.max.ms = 1000
	retry.backoff.ms = 100
	sasl.client.callback.handler.class = null
	sasl.jaas.config = null
	sasl.kerberos.kinit.cmd = /usr/bin/kinit
	sasl.kerberos.min.time.before.relogin = 60000
	sasl.kerberos.service.name = null
	sasl.kerberos.ticket.renew.jitter = 0.05
	sasl.kerberos.ticket.renew.window.factor = 0.8
	sasl.login.callback.handler.class = null
	sasl.login.class = null
	sasl.login.connect.timeout.ms = null
	sasl.login.read.timeout.ms = null
	sasl.login.refresh.buffer.seconds = 300
	sasl.login.refresh.min.period.seconds = 60
	sasl.login.refresh.window.factor = 0.8
	sasl.login.refresh.window.jitter = 0.05
	sasl.login.retry.backoff.max.ms = 10000
	sasl.login.retry.backoff.ms = 100
	sasl.mechanism = GSSAPI
	sasl.oauthbearer.clock.skew.seconds = 30
	sasl.oauthbearer.expected.audience = null
	sasl.oauthbearer.expected.issuer = null
	sasl.oauthbearer.header.urlencode = false
	sasl.oauthbearer.jwks.endpoint.refresh.ms = 3600000
	sasl.oauthbearer.jwks.endpoint.retry.backoff.max.ms = 10000
	sasl.oauthbearer.jwks.endpoint.retry.backoff.ms = 100
	sasl.oauthbearer.jwks.endpoint.url = null
	sasl.oauthbearer.scope.claim.name = scope
	sasl.oauthbearer.sub.claim.name = sub
	sasl.oauthbearer.token.endpoint.url = null
	security.protocol = PLAINTEXT
	security.providers = null
	send.buffer.bytes = 131072
	session.timeout.ms = 45000
	socket.connection.setup.timeout.max.ms = 30000
	socket.connection.setup.timeout.ms = 10000
	ssl.cipher.suites = null
	ssl.enabled.protocols = [TLSv1.2, TLSv1.3]
	ssl.endpoint.identification.algorithm = https
	ssl.engine.factory.class = null
	ssl.key.password = null
	ssl.keymanager.algorithm = SunX509
	ssl.keystore.certificate.chain = null
	ssl.keystore.key = null
	ssl.keystore.location = null
	ssl.keystore.password = null
	ssl.keystore.type = JKS
	ssl.protocol = TLSv1.3
	ssl.provider = null
	ssl.secure.random.implementation = null
	ssl.trustmanager.algorithm = PKIX
	ssl.truststore.certificates = null
	ssl.truststore.location = null
	ssl.truststore.password = null
	ssl.truststore.type = JKS
	value.deserializer = class io.apicurio.registry.serde.avro.AvroKafkaDeserializer

2025-08-12 14:49:40,682 INFO  [org.apa.kaf.com.tel.int.KafkaMetricsCollector] (main) initializing Kafka metrics collector
2025-08-12 14:49:40,689 INFO  [org.apa.kaf.cli.con.ConsumerConfig] (main) These configurations '[apicurio.registry.url]' were supplied but are not used yet.
2025-08-12 14:49:40,689 INFO  [org.apa.kaf.com.uti.AppInfoParser] (main) Kafka version: 3.9.1
2025-08-12 14:49:40,689 INFO  [org.apa.kaf.com.uti.AppInfoParser] (main) Kafka commitId: f745dfdcee2b9851
2025-08-12 14:49:40,689 INFO  [org.apa.kaf.com.uti.AppInfoParser] (main) Kafka startTimeMs: 1755010180689
2025-08-12 14:49:40,690 INFO  [org.apa.kaf.cli.con.int.ClassicKafkaConsumer] (Thread-694) [Consumer clientId=consumer-Consumer-topic-fe5d5497_0fee_48b8_b535_da27cd118e26-12, groupId=Consumer-topic-fe5d5497_0fee_48b8_b535_da27cd118e26] Subscribed to topic(s): topic-fe5d5497_0fee_48b8_b535_da27cd118e26
2025-08-12 14:49:40,697 INFO  [org.apa.kaf.cli.Metadata] (Thread-694) [Consumer clientId=consumer-Consumer-topic-fe5d5497_0fee_48b8_b535_da27cd118e26-12, groupId=Consumer-topic-fe5d5497_0fee_48b8_b535_da27cd118e26] Cluster ID: 2kzKdHjlS02ID15h9rF1bw
2025-08-12 14:49:40,697 INFO  [org.apa.kaf.cli.con.int.ConsumerCoordinator] (Thread-694) [Consumer clientId=consumer-Consumer-topic-fe5d5497_0fee_48b8_b535_da27cd118e26-12, groupId=Consumer-topic-fe5d5497_0fee_48b8_b535_da27cd118e26] Discovered group coordinator localhost:32769 (id: 2147483647 rack: null)
2025-08-12 14:49:40,698 INFO  [org.apa.kaf.cli.con.int.ConsumerCoordinator] (Thread-694) [Consumer clientId=consumer-Consumer-topic-fe5d5497_0fee_48b8_b535_da27cd118e26-12, groupId=Consumer-topic-fe5d5497_0fee_48b8_b535_da27cd118e26] (Re-)joining group
2025-08-12 14:49:40,705 INFO  [org.apa.kaf.cli.con.int.ConsumerCoordinator] (Thread-694) [Consumer clientId=consumer-Consumer-topic-fe5d5497_0fee_48b8_b535_da27cd118e26-12, groupId=Consumer-topic-fe5d5497_0fee_48b8_b535_da27cd118e26] Request joining group due to: need to re-join with the given member-id: consumer-Consumer-topic-fe5d5497_0fee_48b8_b535_da27cd118e26-12-b7db4a6e-533c-4378-926d-70014a828e7f
2025-08-12 14:49:40,705 INFO  [org.apa.kaf.cli.con.int.ConsumerCoordinator] (Thread-694) [Consumer clientId=consumer-Consumer-topic-fe5d5497_0fee_48b8_b535_da27cd118e26-12, groupId=Consumer-topic-fe5d5497_0fee_48b8_b535_da27cd118e26] (Re-)joining group
2025-08-12 14:49:41,690 INFO  [io.api.tes.ser.api.KafkaSerdesTester] (Thread-694) None found
2025-08-12 14:49:42,690 INFO  [io.api.tes.ser.api.KafkaSerdesTester] (Thread-694) None found
2025-08-12 14:49:43,691 INFO  [io.api.tes.ser.api.KafkaSerdesTester] (Thread-694) None found
2025-08-12 14:49:43,708 INFO  [org.apa.kaf.cli.con.int.ConsumerCoordinator] (Thread-694) [Consumer clientId=consumer-Consumer-topic-fe5d5497_0fee_48b8_b535_da27cd118e26-12, groupId=Consumer-topic-fe5d5497_0fee_48b8_b535_da27cd118e26] Successfully joined group with generation Generation{generationId=5, memberId='consumer-Consumer-topic-fe5d5497_0fee_48b8_b535_da27cd118e26-12-b7db4a6e-533c-4378-926d-70014a828e7f', protocol='range'}
2025-08-12 14:49:43,708 INFO  [org.apa.kaf.cli.con.int.ConsumerCoordinator] (Thread-694) [Consumer clientId=consumer-Consumer-topic-fe5d5497_0fee_48b8_b535_da27cd118e26-12, groupId=Consumer-topic-fe5d5497_0fee_48b8_b535_da27cd118e26] Finished assignment for group at generation 5: {consumer-Consumer-topic-fe5d5497_0fee_48b8_b535_da27cd118e26-12-b7db4a6e-533c-4378-926d-70014a828e7f=Assignment(partitions=[topic-fe5d5497_0fee_48b8_b535_da27cd118e26-0])}
2025-08-12 14:49:43,715 INFO  [org.apa.kaf.cli.con.int.ConsumerCoordinator] (Thread-694) [Consumer clientId=consumer-Consumer-topic-fe5d5497_0fee_48b8_b535_da27cd118e26-12, groupId=Consumer-topic-fe5d5497_0fee_48b8_b535_da27cd118e26] Successfully synced group in generation Generation{generationId=5, memberId='consumer-Consumer-topic-fe5d5497_0fee_48b8_b535_da27cd118e26-12-b7db4a6e-533c-4378-926d-70014a828e7f', protocol='range'}
2025-08-12 14:49:43,715 INFO  [org.apa.kaf.cli.con.int.ConsumerCoordinator] (Thread-694) [Consumer clientId=consumer-Consumer-topic-fe5d5497_0fee_48b8_b535_da27cd118e26-12, groupId=Consumer-topic-fe5d5497_0fee_48b8_b535_da27cd118e26] Notifying assignor about the new Assignment(partitions=[topic-fe5d5497_0fee_48b8_b535_da27cd118e26-0])
2025-08-12 14:49:43,715 INFO  [org.apa.kaf.cli.con.int.ConsumerRebalanceListenerInvoker] (Thread-694) [Consumer clientId=consumer-Consumer-topic-fe5d5497_0fee_48b8_b535_da27cd118e26-12, groupId=Consumer-topic-fe5d5497_0fee_48b8_b535_da27cd118e26] Adding newly assigned partitions: topic-fe5d5497_0fee_48b8_b535_da27cd118e26-0
2025-08-12 14:49:43,716 INFO  [org.apa.kaf.cli.con.int.ConsumerUtils] (Thread-694) Setting offset for partition topic-fe5d5497_0fee_48b8_b535_da27cd118e26-0 to the committed offset FetchPosition{offset=30, offsetEpoch=Optional[0], currentLeader=LeaderAndEpoch{leader=Optional[localhost:32769 (id: 0 rack: null)], epoch=0}}
2025-08-12 14:49:44,256 INFO  [io.api.tes.ser.api.KafkaSerdesTester] (Thread-694) topic-fe5d5497_0fee_48b8_b535_da27cd118e26 0 30 {"key11755010168292": "value-0", "key21755010173415": "value-0", "key31755010178910": "value-0"}
2025-08-12 14:49:44,256 INFO  [io.api.tes.ser.api.KafkaSerdesTester] (Thread-694) topic-fe5d5497_0fee_48b8_b535_da27cd118e26 0 31 {"key11755010168292": "value-1", "key21755010173415": "value-1", "key31755010178910": "value-1"}
2025-08-12 14:49:44,256 INFO  [io.api.tes.ser.api.KafkaSerdesTester] (Thread-694) topic-fe5d5497_0fee_48b8_b535_da27cd118e26 0 32 {"key11755010168292": "value-2", "key21755010173415": "value-2", "key31755010178910": "value-2"}
2025-08-12 14:49:44,256 INFO  [io.api.tes.ser.api.KafkaSerdesTester] (Thread-694) topic-fe5d5497_0fee_48b8_b535_da27cd118e26 0 33 {"key11755010168292": "value-3", "key21755010173415": "value-3", "key31755010178910": "value-3"}
2025-08-12 14:49:44,256 INFO  [io.api.tes.ser.api.KafkaSerdesTester] (Thread-694) topic-fe5d5497_0fee_48b8_b535_da27cd118e26 0 34 {"key11755010168292": "value-4", "key21755010173415": "value-4", "key31755010178910": "value-4"}
2025-08-12 14:49:44,256 INFO  [io.api.tes.ser.api.KafkaSerdesTester] (Thread-694) topic-fe5d5497_0fee_48b8_b535_da27cd118e26 0 35 {"key11755010168292": "value-5", "key21755010173415": "value-5", "key31755010178910": "value-5"}
2025-08-12 14:49:44,256 INFO  [io.api.tes.ser.api.KafkaSerdesTester] (Thread-694) topic-fe5d5497_0fee_48b8_b535_da27cd118e26 0 36 {"key11755010168292": "value-6", "key21755010173415": "value-6", "key31755010178910": "value-6"}
2025-08-12 14:49:44,256 INFO  [io.api.tes.ser.api.KafkaSerdesTester] (Thread-694) topic-fe5d5497_0fee_48b8_b535_da27cd118e26 0 37 {"key11755010168292": "value-7", "key21755010173415": "value-7", "key31755010178910": "value-7"}
2025-08-12 14:49:44,256 INFO  [io.api.tes.ser.api.KafkaSerdesTester] (Thread-694) topic-fe5d5497_0fee_48b8_b535_da27cd118e26 0 38 {"key11755010168292": "value-8", "key21755010173415": "value-8", "key31755010178910": "value-8"}
2025-08-12 14:49:44,256 INFO  [io.api.tes.ser.api.KafkaSerdesTester] (Thread-694) topic-fe5d5497_0fee_48b8_b535_da27cd118e26 0 39 {"key11755010168292": "value-9", "key21755010173415": "value-9", "key31755010178910": "value-9"}
2025-08-12 14:49:44,256 INFO  [io.api.tes.ser.api.KafkaSerdesTester] (Thread-694) topic-fe5d5497_0fee_48b8_b535_da27cd118e26 0 40 {"key11755010168292": "value-0", "key21755010173415": "value-0"}
2025-08-12 14:49:44,256 INFO  [io.api.tes.ser.api.KafkaSerdesTester] (Thread-694) topic-fe5d5497_0fee_48b8_b535_da27cd118e26 0 41 {"key11755010168292": "value-1", "key21755010173415": "value-1"}
2025-08-12 14:49:44,256 INFO  [io.api.tes.ser.api.KafkaSerdesTester] (Thread-694) topic-fe5d5497_0fee_48b8_b535_da27cd118e26 0 42 {"key11755010168292": "value-2", "key21755010173415": "value-2"}
2025-08-12 14:49:44,256 INFO  [io.api.tes.ser.api.KafkaSerdesTester] (Thread-694) topic-fe5d5497_0fee_48b8_b535_da27cd118e26 0 43 {"key11755010168292": "value-3", "key21755010173415": "value-3"}
2025-08-12 14:49:44,256 INFO  [io.api.tes.ser.api.KafkaSerdesTester] (Thread-694) topic-fe5d5497_0fee_48b8_b535_da27cd118e26 0 44 {"key11755010168292": "value-4", "key21755010173415": "value-4"}
2025-08-12 14:49:44,257 INFO  [io.api.tes.ser.api.KafkaSerdesTester] (Thread-694) topic-fe5d5497_0fee_48b8_b535_da27cd118e26 0 45 {"key11755010168292": "value-5", "key21755010173415": "value-5"}
2025-08-12 14:49:44,257 INFO  [io.api.tes.ser.api.KafkaSerdesTester] (Thread-694) topic-fe5d5497_0fee_48b8_b535_da27cd118e26 0 46 {"key11755010168292": "value-6", "key21755010173415": "value-6"}
2025-08-12 14:49:44,257 INFO  [io.api.tes.ser.api.KafkaSerdesTester] (Thread-694) topic-fe5d5497_0fee_48b8_b535_da27cd118e26 0 47 {"key11755010168292": "value-7", "key21755010173415": "value-7"}
2025-08-12 14:49:44,257 INFO  [io.api.tes.ser.api.KafkaSerdesTester] (Thread-694) topic-fe5d5497_0fee_48b8_b535_da27cd118e26 0 48 {"key11755010168292": "value-8", "key21755010173415": "value-8"}
2025-08-12 14:49:44,257 INFO  [io.api.tes.ser.api.KafkaSerdesTester] (Thread-694) topic-fe5d5497_0fee_48b8_b535_da27cd118e26 0 49 {"key11755010168292": "value-9", "key21755010173415": "value-9"}
2025-08-12 14:49:44,257 INFO  [io.api.tes.ser.api.KafkaSerdesTester] (Thread-694) topic-fe5d5497_0fee_48b8_b535_da27cd118e26 0 50 {"key11755010168292": "value-0"}
2025-08-12 14:49:44,257 INFO  [io.api.tes.ser.api.KafkaSerdesTester] (Thread-694) topic-fe5d5497_0fee_48b8_b535_da27cd118e26 0 51 {"key11755010168292": "value-1"}
2025-08-12 14:49:44,257 INFO  [io.api.tes.ser.api.KafkaSerdesTester] (Thread-694) topic-fe5d5497_0fee_48b8_b535_da27cd118e26 0 52 {"key11755010168292": "value-2"}
2025-08-12 14:49:44,257 INFO  [io.api.tes.ser.api.KafkaSerdesTester] (Thread-694) topic-fe5d5497_0fee_48b8_b535_da27cd118e26 0 53 {"key11755010168292": "value-3"}
2025-08-12 14:49:44,257 INFO  [io.api.tes.ser.api.KafkaSerdesTester] (Thread-694) topic-fe5d5497_0fee_48b8_b535_da27cd118e26 0 54 {"key11755010168292": "value-4"}
2025-08-12 14:49:44,257 INFO  [io.api.tes.ser.api.KafkaSerdesTester] (Thread-694) topic-fe5d5497_0fee_48b8_b535_da27cd118e26 0 55 {"key11755010168292": "value-5"}
2025-08-12 14:49:44,257 INFO  [io.api.tes.ser.api.KafkaSerdesTester] (Thread-694) topic-fe5d5497_0fee_48b8_b535_da27cd118e26 0 56 {"key11755010168292": "value-6"}
2025-08-12 14:49:44,257 INFO  [io.api.tes.ser.api.KafkaSerdesTester] (Thread-694) topic-fe5d5497_0fee_48b8_b535_da27cd118e26 0 57 {"key11755010168292": "value-7"}
2025-08-12 14:49:44,257 INFO  [io.api.tes.ser.api.KafkaSerdesTester] (Thread-694) topic-fe5d5497_0fee_48b8_b535_da27cd118e26 0 58 {"key11755010168292": "value-8"}
2025-08-12 14:49:44,257 INFO  [io.api.tes.ser.api.KafkaSerdesTester] (Thread-694) topic-fe5d5497_0fee_48b8_b535_da27cd118e26 0 59 {"key11755010168292": "value-9"}
2025-08-12 14:49:44,257 INFO  [io.api.tes.ser.api.KafkaSerdesTester] (Thread-694) Consumed 30 messages
2025-08-12 14:49:44,264 INFO  [org.apa.kaf.cli.con.int.ConsumerRebalanceListenerInvoker] (Thread-694) [Consumer clientId=consumer-Consumer-topic-fe5d5497_0fee_48b8_b535_da27cd118e26-12, groupId=Consumer-topic-fe5d5497_0fee_48b8_b535_da27cd118e26] Revoke previously assigned partitions topic-fe5d5497_0fee_48b8_b535_da27cd118e26-0
2025-08-12 14:49:44,264 INFO  [org.apa.kaf.cli.con.int.ConsumerCoordinator] (Thread-694) [Consumer clientId=consumer-Consumer-topic-fe5d5497_0fee_48b8_b535_da27cd118e26-12, groupId=Consumer-topic-fe5d5497_0fee_48b8_b535_da27cd118e26] Member consumer-Consumer-topic-fe5d5497_0fee_48b8_b535_da27cd118e26-12-b7db4a6e-533c-4378-926d-70014a828e7f sending LeaveGroup request to coordinator localhost:32769 (id: 2147483647 rack: null) due to the consumer is being closed
2025-08-12 14:49:44,265 INFO  [org.apa.kaf.cli.con.int.ConsumerCoordinator] (Thread-694) [Consumer clientId=consumer-Consumer-topic-fe5d5497_0fee_48b8_b535_da27cd118e26-12, groupId=Consumer-topic-fe5d5497_0fee_48b8_b535_da27cd118e26] Resetting generation and member id due to: consumer pro-actively leaving the group
2025-08-12 14:49:44,265 INFO  [org.apa.kaf.cli.con.int.ConsumerCoordinator] (Thread-694) [Consumer clientId=consumer-Consumer-topic-fe5d5497_0fee_48b8_b535_da27cd118e26-12, groupId=Consumer-topic-fe5d5497_0fee_48b8_b535_da27cd118e26] Request joining group due to: consumer pro-actively leaving the group
2025-08-12 14:49:44,759 INFO  [org.apa.kaf.com.met.Metrics] (Thread-694) Metrics scheduler closed
2025-08-12 14:49:44,759 INFO  [org.apa.kaf.com.met.Metrics] (Thread-694) Closing reporter org.apache.kafka.common.metrics.JmxReporter
2025-08-12 14:49:44,759 INFO  [org.apa.kaf.com.met.Metrics] (Thread-694) Closing reporter org.apache.kafka.common.telemetry.internals.ClientTelemetryReporter
2025-08-12 14:49:44,760 INFO  [org.apa.kaf.com.met.Metrics] (Thread-694) Metrics reporters closed
2025-08-12 14:49:44,761 INFO  [org.apa.kaf.com.uti.AppInfoParser] (Thread-694) App info kafka.consumer for consumer-Consumer-topic-fe5d5497_0fee_48b8_b535_da27cd118e26-12 unregistered
2025-08-12 14:49:44,761 INFO  [org.apa.kaf.cli.pro.KafkaProducer] (main) [Producer clientId=Producer-topic-fe5d5497_0fee_48b8_b535_da27cd118e26] Closing the Kafka producer with timeoutMillis = 9223372036854775807 ms.
2025-08-12 14:49:44,762 INFO  [org.apa.kaf.com.met.Metrics] (main) Metrics scheduler closed
2025-08-12 14:49:44,762 INFO  [org.apa.kaf.com.met.Metrics] (main) Closing reporter org.apache.kafka.common.metrics.JmxReporter
2025-08-12 14:49:44,762 INFO  [org.apa.kaf.com.met.Metrics] (main) Closing reporter org.apache.kafka.common.telemetry.internals.ClientTelemetryReporter
2025-08-12 14:49:44,762 INFO  [org.apa.kaf.com.met.Metrics] (main) Metrics reporters closed
2025-08-12 14:49:44,762 INFO  [org.apa.kaf.com.uti.AppInfoParser] (main) App info kafka.producer for Producer-topic-fe5d5497_0fee_48b8_b535_da27cd118e26 unregistered
2025-08-12 14:49:44,762 INFO  [io.api.tes.uti.TestSeparator] (main) io.apicurio.tests.serdes.apicurio.AvroSerdeIT.testEvolveAvroApicurio-FINISHED
2025-08-12 14:49:44,762 INFO  [io.api.tes.uti.TestSeparator] (main) ############################################################################
Test passed: testEvolveAvroApicurio
]]></system-out>
  </testcase>
  <testcase name="testTopicRecordIdStrategydFindLatest" classname="io.apicurio.tests.serdes.apicurio.AvroSerdeIT" time="5.289">
    <system-out><![CDATA[2025-08-12 14:49:44,764 INFO  [io.api.tes.uti.TestSeparator] (main) ############################################################################
2025-08-12 14:49:44,764 INFO  [io.api.tes.uti.TestSeparator] (main) io.apicurio.tests.serdes.apicurio.AvroSerdeIT.testTopicRecordIdStrategydFindLatest-STARTED
2025-08-12 14:49:44,765 INFO  [io.api.tes.ser.api.AvroSerdeIT] (main) Registering Avro Schema: {"type":"record","name":"sba3c5c6dxc358x4275x88aex2af9c931a222","namespace":"s37aa52d1xce57x4985xbfc5x8ec02dca9caa","fields":[{"name":"key11755010184764","type":"string"}]}
**** Registry Base URL: http://registry-app-inmemory.apps.ci419.apicurio-testing.org:80
2025-08-12 14:49:45,939 INFO  [org.apa.kaf.cli.pro.ProducerConfig] (main) ProducerConfig values: 
	acks = -1
	auto.include.jmx.reporter = true
	batch.size = 16384
	bootstrap.servers = [PLAINTEXT://localhost:32769]
	buffer.memory = 33554432
	client.dns.lookup = use_all_dns_ips
	client.id = Producer-topic-0945151e_0b18_4b9d_b573_c0eaecf8ef21
	compression.gzip.level = -1
	compression.lz4.level = 9
	compression.type = none
	compression.zstd.level = 3
	connections.max.idle.ms = 10000
	delivery.timeout.ms = 120000
	enable.idempotence = true
	enable.metrics.push = true
	interceptor.classes = []
	key.serializer = class org.apache.kafka.common.serialization.StringSerializer
	linger.ms = 0
	max.block.ms = 60000
	max.in.flight.requests.per.connection = 5
	max.request.size = 1048576
	metadata.max.age.ms = 300000
	metadata.max.idle.ms = 300000
	metadata.recovery.strategy = none
	metric.reporters = []
	metrics.num.samples = 2
	metrics.recording.level = INFO
	metrics.sample.window.ms = 30000
	partitioner.adaptive.partitioning.enable = true
	partitioner.availability.timeout.ms = 0
	partitioner.class = null
	partitioner.ignore.keys = false
	receive.buffer.bytes = 32768
	reconnect.backoff.max.ms = 1000
	reconnect.backoff.ms = 50
	request.timeout.ms = 5000
	retries = 2147483647
	retry.backoff.max.ms = 1000
	retry.backoff.ms = 100
	sasl.client.callback.handler.class = null
	sasl.jaas.config = null
	sasl.kerberos.kinit.cmd = /usr/bin/kinit
	sasl.kerberos.min.time.before.relogin = 60000
	sasl.kerberos.service.name = null
	sasl.kerberos.ticket.renew.jitter = 0.05
	sasl.kerberos.ticket.renew.window.factor = 0.8
	sasl.login.callback.handler.class = null
	sasl.login.class = null
	sasl.login.connect.timeout.ms = null
	sasl.login.read.timeout.ms = null
	sasl.login.refresh.buffer.seconds = 300
	sasl.login.refresh.min.period.seconds = 60
	sasl.login.refresh.window.factor = 0.8
	sasl.login.refresh.window.jitter = 0.05
	sasl.login.retry.backoff.max.ms = 10000
	sasl.login.retry.backoff.ms = 100
	sasl.mechanism = GSSAPI
	sasl.oauthbearer.clock.skew.seconds = 30
	sasl.oauthbearer.expected.audience = null
	sasl.oauthbearer.expected.issuer = null
	sasl.oauthbearer.header.urlencode = false
	sasl.oauthbearer.jwks.endpoint.refresh.ms = 3600000
	sasl.oauthbearer.jwks.endpoint.retry.backoff.max.ms = 10000
	sasl.oauthbearer.jwks.endpoint.retry.backoff.ms = 100
	sasl.oauthbearer.jwks.endpoint.url = null
	sasl.oauthbearer.scope.claim.name = scope
	sasl.oauthbearer.sub.claim.name = sub
	sasl.oauthbearer.token.endpoint.url = null
	security.protocol = PLAINTEXT
	security.providers = null
	send.buffer.bytes = 131072
	socket.connection.setup.timeout.max.ms = 30000
	socket.connection.setup.timeout.ms = 10000
	ssl.cipher.suites = null
	ssl.enabled.protocols = [TLSv1.2, TLSv1.3]
	ssl.endpoint.identification.algorithm = https
	ssl.engine.factory.class = null
	ssl.key.password = null
	ssl.keymanager.algorithm = SunX509
	ssl.keystore.certificate.chain = null
	ssl.keystore.key = null
	ssl.keystore.location = null
	ssl.keystore.password = null
	ssl.keystore.type = JKS
	ssl.protocol = TLSv1.3
	ssl.provider = null
	ssl.secure.random.implementation = null
	ssl.trustmanager.algorithm = PKIX
	ssl.truststore.certificates = null
	ssl.truststore.location = null
	ssl.truststore.password = null
	ssl.truststore.type = JKS
	transaction.timeout.ms = 60000
	transactional.id = null
	value.serializer = class io.apicurio.registry.serde.avro.AvroKafkaSerializer

2025-08-12 14:49:45,939 INFO  [org.apa.kaf.com.tel.int.KafkaMetricsCollector] (main) initializing Kafka metrics collector
2025-08-12 14:49:45,942 INFO  [org.apa.kaf.cli.pro.KafkaProducer] (main) [Producer clientId=Producer-topic-0945151e_0b18_4b9d_b573_c0eaecf8ef21] Instantiated an idempotent producer.
2025-08-12 14:49:45,944 INFO  [org.apa.kaf.cli.pro.ProducerConfig] (main) These configurations '[apicurio.registry.find-latest, apicurio.registry.url, apicurio.registry.artifact-resolver-strategy]' were supplied but are not used yet.
2025-08-12 14:49:45,944 INFO  [org.apa.kaf.com.uti.AppInfoParser] (main) Kafka version: 3.9.1
2025-08-12 14:49:45,944 INFO  [org.apa.kaf.com.uti.AppInfoParser] (main) Kafka commitId: f745dfdcee2b9851
2025-08-12 14:49:45,944 INFO  [org.apa.kaf.com.uti.AppInfoParser] (main) Kafka startTimeMs: 1755010185944
2025-08-12 14:49:45,944 INFO  [io.api.tes.ser.api.SimpleSerdesTesterBuilder$SimpleSerdesTester] (main) Using producer configuration: {apicurio.registry.find-latest=true, apicurio.registry.url=http://registry-app-inmemory.apps.ci419.apicurio-testing.org:80/apis/registry/v3, apicurio.registry.artifact-resolver-strategy=io.apicurio.registry.serde.avro.strategy.TopicRecordIdStrategy, value.serializer=io.apicurio.registry.serde.avro.AvroKafkaSerializer, request.timeout.ms=5000, acks=all, bootstrap.servers=PLAINTEXT://localhost:32769, connections.max.idle.ms=10000, key.serializer=org.apache.kafka.common.serialization.StringSerializer, client.id=Producer-topic-0945151e_0b18_4b9d_b573_c0eaecf8ef21}
2025-08-12 14:49:45,944 INFO  [io.api.tes.ser.api.SimpleSerdesTesterBuilder$SimpleSerdesTester] (main) Using consumer configuration: {}
2025-08-12 14:49:45,946 INFO  [io.api.tes.ser.api.KafkaSerdesTester] (Thread-697) Sending message {"key11755010184764": "value-0"} to topic topic-0945151e_0b18_4b9d_b573_c0eaecf8ef21
2025-08-12 14:49:45,949 INFO  [org.apa.kaf.cli.Metadata] (kafka-producer-network-thread | Producer-topic-0945151e_0b18_4b9d_b573_c0eaecf8ef21) [Producer clientId=Producer-topic-0945151e_0b18_4b9d_b573_c0eaecf8ef21] Cluster ID: 2kzKdHjlS02ID15h9rF1bw
2025-08-12 14:49:45,950 INFO  [org.apa.kaf.cli.pro.int.TransactionManager] (kafka-producer-network-thread | Producer-topic-0945151e_0b18_4b9d_b573_c0eaecf8ef21) [Producer clientId=Producer-topic-0945151e_0b18_4b9d_b573_c0eaecf8ef21] ProducerId set to 18 with epoch 0
2025-08-12 14:49:46,256 INFO  [io.api.tes.ser.api.KafkaSerdesTester] (Thread-697) Sending message {"key11755010184764": "value-1"} to topic topic-0945151e_0b18_4b9d_b573_c0eaecf8ef21
2025-08-12 14:49:46,258 INFO  [io.api.tes.ser.api.KafkaSerdesTester] (Thread-697) Sending message {"key11755010184764": "value-2"} to topic topic-0945151e_0b18_4b9d_b573_c0eaecf8ef21
2025-08-12 14:49:46,259 INFO  [io.api.tes.ser.api.KafkaSerdesTester] (Thread-697) Sending message {"key11755010184764": "value-3"} to topic topic-0945151e_0b18_4b9d_b573_c0eaecf8ef21
2025-08-12 14:49:46,261 INFO  [io.api.tes.ser.api.KafkaSerdesTester] (Thread-697) Sending message {"key11755010184764": "value-4"} to topic topic-0945151e_0b18_4b9d_b573_c0eaecf8ef21
2025-08-12 14:49:46,262 INFO  [io.api.tes.ser.api.KafkaSerdesTester] (Thread-697) Sending message {"key11755010184764": "value-5"} to topic topic-0945151e_0b18_4b9d_b573_c0eaecf8ef21
2025-08-12 14:49:46,263 INFO  [io.api.tes.ser.api.KafkaSerdesTester] (Thread-697) Sending message {"key11755010184764": "value-6"} to topic topic-0945151e_0b18_4b9d_b573_c0eaecf8ef21
2025-08-12 14:49:46,265 INFO  [io.api.tes.ser.api.KafkaSerdesTester] (Thread-697) Sending message {"key11755010184764": "value-7"} to topic topic-0945151e_0b18_4b9d_b573_c0eaecf8ef21
2025-08-12 14:49:46,269 INFO  [io.api.tes.ser.api.KafkaSerdesTester] (Thread-697) Sending message {"key11755010184764": "value-8"} to topic topic-0945151e_0b18_4b9d_b573_c0eaecf8ef21
2025-08-12 14:49:46,271 INFO  [io.api.tes.ser.api.KafkaSerdesTester] (Thread-697) Sending message {"key11755010184764": "value-9"} to topic topic-0945151e_0b18_4b9d_b573_c0eaecf8ef21
2025-08-12 14:49:46,273 INFO  [io.api.tes.ser.api.KafkaSerdesTester] (Thread-697) Produced 10 messages
2025-08-12 14:49:46,273 INFO  [org.apa.kaf.cli.pro.KafkaProducer] (Thread-697) [Producer clientId=Producer-topic-0945151e_0b18_4b9d_b573_c0eaecf8ef21] Closing the Kafka producer with timeoutMillis = 9223372036854775807 ms.
2025-08-12 14:49:46,275 INFO  [org.apa.kaf.com.met.Metrics] (Thread-697) Metrics scheduler closed
2025-08-12 14:49:46,275 INFO  [org.apa.kaf.com.met.Metrics] (Thread-697) Closing reporter org.apache.kafka.common.metrics.JmxReporter
2025-08-12 14:49:46,275 INFO  [org.apa.kaf.com.met.Metrics] (Thread-697) Closing reporter org.apache.kafka.common.telemetry.internals.ClientTelemetryReporter
2025-08-12 14:49:46,275 INFO  [org.apa.kaf.com.met.Metrics] (Thread-697) Metrics reporters closed
2025-08-12 14:49:46,275 INFO  [org.apa.kaf.com.uti.AppInfoParser] (Thread-697) App info kafka.producer for Producer-topic-0945151e_0b18_4b9d_b573_c0eaecf8ef21 unregistered
**** Registry Base URL: http://registry-app-inmemory.apps.ci419.apicurio-testing.org:80
2025-08-12 14:49:46,276 INFO  [org.apa.kaf.cli.con.ConsumerConfig] (main) ConsumerConfig values: 
	allow.auto.create.topics = true
	auto.commit.interval.ms = 500
	auto.include.jmx.reporter = true
	auto.offset.reset = earliest
	bootstrap.servers = [PLAINTEXT://localhost:32769]
	check.crcs = true
	client.dns.lookup = use_all_dns_ips
	client.id = consumer-Consumer-topic-0945151e_0b18_4b9d_b573_c0eaecf8ef21-13
	client.rack = 
	connections.max.idle.ms = 10000
	default.api.timeout.ms = 60000
	enable.auto.commit = true
	enable.metrics.push = true
	exclude.internal.topics = true
	fetch.max.bytes = 52428800
	fetch.max.wait.ms = 500
	fetch.min.bytes = 1
	group.id = Consumer-topic-0945151e_0b18_4b9d_b573_c0eaecf8ef21
	group.instance.id = null
	group.protocol = classic
	group.remote.assignor = null
	heartbeat.interval.ms = 3000
	interceptor.classes = []
	internal.leave.group.on.close = true
	internal.throw.on.fetch.stable.offset.unsupported = false
	isolation.level = read_uncommitted
	key.deserializer = class org.apache.kafka.common.serialization.StringDeserializer
	max.partition.fetch.bytes = 1048576
	max.poll.interval.ms = 300000
	max.poll.records = 500
	metadata.max.age.ms = 300000
	metadata.recovery.strategy = none
	metric.reporters = []
	metrics.num.samples = 2
	metrics.recording.level = INFO
	metrics.sample.window.ms = 30000
	partition.assignment.strategy = [class org.apache.kafka.clients.consumer.RangeAssignor, class org.apache.kafka.clients.consumer.CooperativeStickyAssignor]
	receive.buffer.bytes = 65536
	reconnect.backoff.max.ms = 1000
	reconnect.backoff.ms = 50
	request.timeout.ms = 5000
	retry.backoff.max.ms = 1000
	retry.backoff.ms = 100
	sasl.client.callback.handler.class = null
	sasl.jaas.config = null
	sasl.kerberos.kinit.cmd = /usr/bin/kinit
	sasl.kerberos.min.time.before.relogin = 60000
	sasl.kerberos.service.name = null
	sasl.kerberos.ticket.renew.jitter = 0.05
	sasl.kerberos.ticket.renew.window.factor = 0.8
	sasl.login.callback.handler.class = null
	sasl.login.class = null
	sasl.login.connect.timeout.ms = null
	sasl.login.read.timeout.ms = null
	sasl.login.refresh.buffer.seconds = 300
	sasl.login.refresh.min.period.seconds = 60
	sasl.login.refresh.window.factor = 0.8
	sasl.login.refresh.window.jitter = 0.05
	sasl.login.retry.backoff.max.ms = 10000
	sasl.login.retry.backoff.ms = 100
	sasl.mechanism = GSSAPI
	sasl.oauthbearer.clock.skew.seconds = 30
	sasl.oauthbearer.expected.audience = null
	sasl.oauthbearer.expected.issuer = null
	sasl.oauthbearer.header.urlencode = false
	sasl.oauthbearer.jwks.endpoint.refresh.ms = 3600000
	sasl.oauthbearer.jwks.endpoint.retry.backoff.max.ms = 10000
	sasl.oauthbearer.jwks.endpoint.retry.backoff.ms = 100
	sasl.oauthbearer.jwks.endpoint.url = null
	sasl.oauthbearer.scope.claim.name = scope
	sasl.oauthbearer.sub.claim.name = sub
	sasl.oauthbearer.token.endpoint.url = null
	security.protocol = PLAINTEXT
	security.providers = null
	send.buffer.bytes = 131072
	session.timeout.ms = 45000
	socket.connection.setup.timeout.max.ms = 30000
	socket.connection.setup.timeout.ms = 10000
	ssl.cipher.suites = null
	ssl.enabled.protocols = [TLSv1.2, TLSv1.3]
	ssl.endpoint.identification.algorithm = https
	ssl.engine.factory.class = null
	ssl.key.password = null
	ssl.keymanager.algorithm = SunX509
	ssl.keystore.certificate.chain = null
	ssl.keystore.key = null
	ssl.keystore.location = null
	ssl.keystore.password = null
	ssl.keystore.type = JKS
	ssl.protocol = TLSv1.3
	ssl.provider = null
	ssl.secure.random.implementation = null
	ssl.trustmanager.algorithm = PKIX
	ssl.truststore.certificates = null
	ssl.truststore.location = null
	ssl.truststore.password = null
	ssl.truststore.type = JKS
	value.deserializer = class io.apicurio.registry.serde.avro.AvroKafkaDeserializer

2025-08-12 14:49:46,276 INFO  [org.apa.kaf.com.tel.int.KafkaMetricsCollector] (main) initializing Kafka metrics collector
2025-08-12 14:49:46,281 INFO  [org.apa.kaf.cli.con.ConsumerConfig] (main) These configurations '[apicurio.registry.url]' were supplied but are not used yet.
2025-08-12 14:49:46,281 INFO  [org.apa.kaf.com.uti.AppInfoParser] (main) Kafka version: 3.9.1
2025-08-12 14:49:46,282 INFO  [org.apa.kaf.com.uti.AppInfoParser] (main) Kafka commitId: f745dfdcee2b9851
2025-08-12 14:49:46,282 INFO  [org.apa.kaf.com.uti.AppInfoParser] (main) Kafka startTimeMs: 1755010186281
2025-08-12 14:49:46,282 INFO  [org.apa.kaf.cli.con.int.ClassicKafkaConsumer] (Thread-700) [Consumer clientId=consumer-Consumer-topic-0945151e_0b18_4b9d_b573_c0eaecf8ef21-13, groupId=Consumer-topic-0945151e_0b18_4b9d_b573_c0eaecf8ef21] Subscribed to topic(s): topic-0945151e_0b18_4b9d_b573_c0eaecf8ef21
2025-08-12 14:49:46,287 INFO  [org.apa.kaf.cli.Metadata] (Thread-700) [Consumer clientId=consumer-Consumer-topic-0945151e_0b18_4b9d_b573_c0eaecf8ef21-13, groupId=Consumer-topic-0945151e_0b18_4b9d_b573_c0eaecf8ef21] Cluster ID: 2kzKdHjlS02ID15h9rF1bw
2025-08-12 14:49:46,288 INFO  [org.apa.kaf.cli.con.int.ConsumerCoordinator] (Thread-700) [Consumer clientId=consumer-Consumer-topic-0945151e_0b18_4b9d_b573_c0eaecf8ef21-13, groupId=Consumer-topic-0945151e_0b18_4b9d_b573_c0eaecf8ef21] Discovered group coordinator localhost:32769 (id: 2147483647 rack: null)
2025-08-12 14:49:46,291 INFO  [org.apa.kaf.cli.con.int.ConsumerCoordinator] (Thread-700) [Consumer clientId=consumer-Consumer-topic-0945151e_0b18_4b9d_b573_c0eaecf8ef21-13, groupId=Consumer-topic-0945151e_0b18_4b9d_b573_c0eaecf8ef21] (Re-)joining group
2025-08-12 14:49:46,294 INFO  [org.apa.kaf.cli.con.int.ConsumerCoordinator] (Thread-700) [Consumer clientId=consumer-Consumer-topic-0945151e_0b18_4b9d_b573_c0eaecf8ef21-13, groupId=Consumer-topic-0945151e_0b18_4b9d_b573_c0eaecf8ef21] Request joining group due to: need to re-join with the given member-id: consumer-Consumer-topic-0945151e_0b18_4b9d_b573_c0eaecf8ef21-13-883a2183-1356-4663-970c-8bc87072b77b
2025-08-12 14:49:46,294 INFO  [org.apa.kaf.cli.con.int.ConsumerCoordinator] (Thread-700) [Consumer clientId=consumer-Consumer-topic-0945151e_0b18_4b9d_b573_c0eaecf8ef21-13, groupId=Consumer-topic-0945151e_0b18_4b9d_b573_c0eaecf8ef21] (Re-)joining group
2025-08-12 14:49:47,283 INFO  [io.api.tes.ser.api.KafkaSerdesTester] (Thread-700) None found
2025-08-12 14:49:48,283 INFO  [io.api.tes.ser.api.KafkaSerdesTester] (Thread-700) None found
2025-08-12 14:49:49,283 INFO  [io.api.tes.ser.api.KafkaSerdesTester] (Thread-700) None found
2025-08-12 14:49:49,296 INFO  [org.apa.kaf.cli.con.int.ConsumerCoordinator] (Thread-700) [Consumer clientId=consumer-Consumer-topic-0945151e_0b18_4b9d_b573_c0eaecf8ef21-13, groupId=Consumer-topic-0945151e_0b18_4b9d_b573_c0eaecf8ef21] Successfully joined group with generation Generation{generationId=1, memberId='consumer-Consumer-topic-0945151e_0b18_4b9d_b573_c0eaecf8ef21-13-883a2183-1356-4663-970c-8bc87072b77b', protocol='range'}
2025-08-12 14:49:49,296 INFO  [org.apa.kaf.cli.con.int.ConsumerCoordinator] (Thread-700) [Consumer clientId=consumer-Consumer-topic-0945151e_0b18_4b9d_b573_c0eaecf8ef21-13, groupId=Consumer-topic-0945151e_0b18_4b9d_b573_c0eaecf8ef21] Finished assignment for group at generation 1: {consumer-Consumer-topic-0945151e_0b18_4b9d_b573_c0eaecf8ef21-13-883a2183-1356-4663-970c-8bc87072b77b=Assignment(partitions=[topic-0945151e_0b18_4b9d_b573_c0eaecf8ef21-0])}
2025-08-12 14:49:49,303 INFO  [org.apa.kaf.cli.con.int.ConsumerCoordinator] (Thread-700) [Consumer clientId=consumer-Consumer-topic-0945151e_0b18_4b9d_b573_c0eaecf8ef21-13, groupId=Consumer-topic-0945151e_0b18_4b9d_b573_c0eaecf8ef21] Successfully synced group in generation Generation{generationId=1, memberId='consumer-Consumer-topic-0945151e_0b18_4b9d_b573_c0eaecf8ef21-13-883a2183-1356-4663-970c-8bc87072b77b', protocol='range'}
2025-08-12 14:49:49,304 INFO  [org.apa.kaf.cli.con.int.ConsumerCoordinator] (Thread-700) [Consumer clientId=consumer-Consumer-topic-0945151e_0b18_4b9d_b573_c0eaecf8ef21-13, groupId=Consumer-topic-0945151e_0b18_4b9d_b573_c0eaecf8ef21] Notifying assignor about the new Assignment(partitions=[topic-0945151e_0b18_4b9d_b573_c0eaecf8ef21-0])
2025-08-12 14:49:49,304 INFO  [org.apa.kaf.cli.con.int.ConsumerRebalanceListenerInvoker] (Thread-700) [Consumer clientId=consumer-Consumer-topic-0945151e_0b18_4b9d_b573_c0eaecf8ef21-13, groupId=Consumer-topic-0945151e_0b18_4b9d_b573_c0eaecf8ef21] Adding newly assigned partitions: topic-0945151e_0b18_4b9d_b573_c0eaecf8ef21-0
2025-08-12 14:49:49,305 INFO  [org.apa.kaf.cli.con.int.ConsumerCoordinator] (Thread-700) [Consumer clientId=consumer-Consumer-topic-0945151e_0b18_4b9d_b573_c0eaecf8ef21-13, groupId=Consumer-topic-0945151e_0b18_4b9d_b573_c0eaecf8ef21] Found no committed offset for partition topic-0945151e_0b18_4b9d_b573_c0eaecf8ef21-0
2025-08-12 14:49:49,307 INFO  [org.apa.kaf.cli.con.int.SubscriptionState] (Thread-700) [Consumer clientId=consumer-Consumer-topic-0945151e_0b18_4b9d_b573_c0eaecf8ef21-13, groupId=Consumer-topic-0945151e_0b18_4b9d_b573_c0eaecf8ef21] Resetting offset for partition topic-0945151e_0b18_4b9d_b573_c0eaecf8ef21-0 to position FetchPosition{offset=0, offsetEpoch=Optional.empty, currentLeader=LeaderAndEpoch{leader=Optional[localhost:32769 (id: 0 rack: null)], epoch=0}}.
2025-08-12 14:49:49,545 INFO  [io.api.tes.ser.api.KafkaSerdesTester] (Thread-700) topic-0945151e_0b18_4b9d_b573_c0eaecf8ef21 0 0 {"key11755010184764": "value-0"}
2025-08-12 14:49:49,545 INFO  [io.api.tes.ser.api.KafkaSerdesTester] (Thread-700) topic-0945151e_0b18_4b9d_b573_c0eaecf8ef21 0 1 {"key11755010184764": "value-1"}
2025-08-12 14:49:49,545 INFO  [io.api.tes.ser.api.KafkaSerdesTester] (Thread-700) topic-0945151e_0b18_4b9d_b573_c0eaecf8ef21 0 2 {"key11755010184764": "value-2"}
2025-08-12 14:49:49,545 INFO  [io.api.tes.ser.api.KafkaSerdesTester] (Thread-700) topic-0945151e_0b18_4b9d_b573_c0eaecf8ef21 0 3 {"key11755010184764": "value-3"}
2025-08-12 14:49:49,545 INFO  [io.api.tes.ser.api.KafkaSerdesTester] (Thread-700) topic-0945151e_0b18_4b9d_b573_c0eaecf8ef21 0 4 {"key11755010184764": "value-4"}
2025-08-12 14:49:49,545 INFO  [io.api.tes.ser.api.KafkaSerdesTester] (Thread-700) topic-0945151e_0b18_4b9d_b573_c0eaecf8ef21 0 5 {"key11755010184764": "value-5"}
2025-08-12 14:49:49,545 INFO  [io.api.tes.ser.api.KafkaSerdesTester] (Thread-700) topic-0945151e_0b18_4b9d_b573_c0eaecf8ef21 0 6 {"key11755010184764": "value-6"}
2025-08-12 14:49:49,545 INFO  [io.api.tes.ser.api.KafkaSerdesTester] (Thread-700) topic-0945151e_0b18_4b9d_b573_c0eaecf8ef21 0 7 {"key11755010184764": "value-7"}
2025-08-12 14:49:49,545 INFO  [io.api.tes.ser.api.KafkaSerdesTester] (Thread-700) topic-0945151e_0b18_4b9d_b573_c0eaecf8ef21 0 8 {"key11755010184764": "value-8"}
2025-08-12 14:49:49,545 INFO  [io.api.tes.ser.api.KafkaSerdesTester] (Thread-700) topic-0945151e_0b18_4b9d_b573_c0eaecf8ef21 0 9 {"key11755010184764": "value-9"}
2025-08-12 14:49:49,545 INFO  [io.api.tes.ser.api.KafkaSerdesTester] (Thread-700) Consumed 10 messages
2025-08-12 14:49:49,552 INFO  [org.apa.kaf.cli.con.int.ConsumerRebalanceListenerInvoker] (Thread-700) [Consumer clientId=consumer-Consumer-topic-0945151e_0b18_4b9d_b573_c0eaecf8ef21-13, groupId=Consumer-topic-0945151e_0b18_4b9d_b573_c0eaecf8ef21] Revoke previously assigned partitions topic-0945151e_0b18_4b9d_b573_c0eaecf8ef21-0
2025-08-12 14:49:49,552 INFO  [org.apa.kaf.cli.con.int.ConsumerCoordinator] (Thread-700) [Consumer clientId=consumer-Consumer-topic-0945151e_0b18_4b9d_b573_c0eaecf8ef21-13, groupId=Consumer-topic-0945151e_0b18_4b9d_b573_c0eaecf8ef21] Member consumer-Consumer-topic-0945151e_0b18_4b9d_b573_c0eaecf8ef21-13-883a2183-1356-4663-970c-8bc87072b77b sending LeaveGroup request to coordinator localhost:32769 (id: 2147483647 rack: null) due to the consumer is being closed
2025-08-12 14:49:49,552 INFO  [org.apa.kaf.cli.con.int.ConsumerCoordinator] (Thread-700) [Consumer clientId=consumer-Consumer-topic-0945151e_0b18_4b9d_b573_c0eaecf8ef21-13, groupId=Consumer-topic-0945151e_0b18_4b9d_b573_c0eaecf8ef21] Resetting generation and member id due to: consumer pro-actively leaving the group
2025-08-12 14:49:49,552 INFO  [org.apa.kaf.cli.con.int.ConsumerCoordinator] (Thread-700) [Consumer clientId=consumer-Consumer-topic-0945151e_0b18_4b9d_b573_c0eaecf8ef21-13, groupId=Consumer-topic-0945151e_0b18_4b9d_b573_c0eaecf8ef21] Request joining group due to: consumer pro-actively leaving the group
2025-08-12 14:49:50,048 INFO  [org.apa.kaf.com.met.Metrics] (Thread-700) Metrics scheduler closed
2025-08-12 14:49:50,048 INFO  [org.apa.kaf.com.met.Metrics] (Thread-700) Closing reporter org.apache.kafka.common.metrics.JmxReporter
2025-08-12 14:49:50,048 INFO  [org.apa.kaf.com.met.Metrics] (Thread-700) Closing reporter org.apache.kafka.common.telemetry.internals.ClientTelemetryReporter
2025-08-12 14:49:50,048 INFO  [org.apa.kaf.com.met.Metrics] (Thread-700) Metrics reporters closed
2025-08-12 14:49:50,050 INFO  [org.apa.kaf.com.uti.AppInfoParser] (Thread-700) App info kafka.consumer for consumer-Consumer-topic-0945151e_0b18_4b9d_b573_c0eaecf8ef21-13 unregistered
2025-08-12 14:49:50,052 INFO  [io.api.tes.uti.TestSeparator] (main) io.apicurio.tests.serdes.apicurio.AvroSerdeIT.testTopicRecordIdStrategydFindLatest-FINISHED
2025-08-12 14:49:50,052 INFO  [io.api.tes.uti.TestSeparator] (main) ############################################################################
Test passed: testTopicRecordIdStrategydFindLatest
]]></system-out>
  </testcase>
  <testcase name="testAvroConfluentForMultipleTopics" classname="io.apicurio.tests.serdes.apicurio.AvroSerdeIT" time="13.066">
    <system-out><![CDATA[2025-08-12 14:49:50,054 INFO  [io.api.tes.uti.TestSeparator] (main) ############################################################################
2025-08-12 14:49:50,054 INFO  [io.api.tes.uti.TestSeparator] (main) io.apicurio.tests.serdes.apicurio.AvroSerdeIT.testAvroConfluentForMultipleTopics-STARTED
2025-08-12 14:49:50,055 INFO  [io.api.tes.ser.api.AvroSerdeIT] (main) Registering Avro Schema: {"type":"record","name":"myrecordconfluent","fields":[{"name":"key11755010190054","type":"string"}]}
**** Registry Base URL: http://registry-app-inmemory.apps.ci419.apicurio-testing.org:80
2025-08-12 14:49:51,223 INFO  [org.apa.kaf.cli.pro.ProducerConfig] (main) ProducerConfig values: 
	acks = -1
	auto.include.jmx.reporter = true
	batch.size = 16384
	bootstrap.servers = [PLAINTEXT://localhost:32769]
	buffer.memory = 33554432
	client.dns.lookup = use_all_dns_ips
	client.id = Producer-topic-8e4cfd1b_8167_4c06_ad86_2267318736fa
	compression.gzip.level = -1
	compression.lz4.level = 9
	compression.type = none
	compression.zstd.level = 3
	connections.max.idle.ms = 10000
	delivery.timeout.ms = 120000
	enable.idempotence = true
	enable.metrics.push = true
	interceptor.classes = []
	key.serializer = class org.apache.kafka.common.serialization.StringSerializer
	linger.ms = 0
	max.block.ms = 60000
	max.in.flight.requests.per.connection = 5
	max.request.size = 1048576
	metadata.max.age.ms = 300000
	metadata.max.idle.ms = 300000
	metadata.recovery.strategy = none
	metric.reporters = []
	metrics.num.samples = 2
	metrics.recording.level = INFO
	metrics.sample.window.ms = 30000
	partitioner.adaptive.partitioning.enable = true
	partitioner.availability.timeout.ms = 0
	partitioner.class = null
	partitioner.ignore.keys = false
	receive.buffer.bytes = 32768
	reconnect.backoff.max.ms = 1000
	reconnect.backoff.ms = 50
	request.timeout.ms = 5000
	retries = 2147483647
	retry.backoff.max.ms = 1000
	retry.backoff.ms = 100
	sasl.client.callback.handler.class = null
	sasl.jaas.config = null
	sasl.kerberos.kinit.cmd = /usr/bin/kinit
	sasl.kerberos.min.time.before.relogin = 60000
	sasl.kerberos.service.name = null
	sasl.kerberos.ticket.renew.jitter = 0.05
	sasl.kerberos.ticket.renew.window.factor = 0.8
	sasl.login.callback.handler.class = null
	sasl.login.class = null
	sasl.login.connect.timeout.ms = null
	sasl.login.read.timeout.ms = null
	sasl.login.refresh.buffer.seconds = 300
	sasl.login.refresh.min.period.seconds = 60
	sasl.login.refresh.window.factor = 0.8
	sasl.login.refresh.window.jitter = 0.05
	sasl.login.retry.backoff.max.ms = 10000
	sasl.login.retry.backoff.ms = 100
	sasl.mechanism = GSSAPI
	sasl.oauthbearer.clock.skew.seconds = 30
	sasl.oauthbearer.expected.audience = null
	sasl.oauthbearer.expected.issuer = null
	sasl.oauthbearer.header.urlencode = false
	sasl.oauthbearer.jwks.endpoint.refresh.ms = 3600000
	sasl.oauthbearer.jwks.endpoint.retry.backoff.max.ms = 10000
	sasl.oauthbearer.jwks.endpoint.retry.backoff.ms = 100
	sasl.oauthbearer.jwks.endpoint.url = null
	sasl.oauthbearer.scope.claim.name = scope
	sasl.oauthbearer.sub.claim.name = sub
	sasl.oauthbearer.token.endpoint.url = null
	security.protocol = PLAINTEXT
	security.providers = null
	send.buffer.bytes = 131072
	socket.connection.setup.timeout.max.ms = 30000
	socket.connection.setup.timeout.ms = 10000
	ssl.cipher.suites = null
	ssl.enabled.protocols = [TLSv1.2, TLSv1.3]
	ssl.endpoint.identification.algorithm = https
	ssl.engine.factory.class = null
	ssl.key.password = null
	ssl.keymanager.algorithm = SunX509
	ssl.keystore.certificate.chain = null
	ssl.keystore.key = null
	ssl.keystore.location = null
	ssl.keystore.password = null
	ssl.keystore.type = JKS
	ssl.protocol = TLSv1.3
	ssl.provider = null
	ssl.secure.random.implementation = null
	ssl.trustmanager.algorithm = PKIX
	ssl.truststore.certificates = null
	ssl.truststore.location = null
	ssl.truststore.password = null
	ssl.truststore.type = JKS
	transaction.timeout.ms = 60000
	transactional.id = null
	value.serializer = class io.apicurio.registry.serde.avro.AvroKafkaSerializer

2025-08-12 14:49:51,223 INFO  [org.apa.kaf.com.tel.int.KafkaMetricsCollector] (main) initializing Kafka metrics collector
2025-08-12 14:49:51,226 INFO  [org.apa.kaf.cli.pro.KafkaProducer] (main) [Producer clientId=Producer-topic-8e4cfd1b_8167_4c06_ad86_2267318736fa] Instantiated an idempotent producer.
2025-08-12 14:49:51,229 INFO  [org.apa.kaf.cli.pro.ProducerConfig] (main) These configurations '[apicurio.registry.url, apicurio.registry.artifact-resolver-strategy]' were supplied but are not used yet.
2025-08-12 14:49:51,229 INFO  [org.apa.kaf.com.uti.AppInfoParser] (main) Kafka version: 3.9.1
2025-08-12 14:49:51,229 INFO  [org.apa.kaf.com.uti.AppInfoParser] (main) Kafka commitId: f745dfdcee2b9851
2025-08-12 14:49:51,229 INFO  [org.apa.kaf.com.uti.AppInfoParser] (main) Kafka startTimeMs: 1755010191229
**** Registry Base URL: http://registry-app-inmemory.apps.ci419.apicurio-testing.org:80
2025-08-12 14:49:51,230 INFO  [org.apa.kaf.cli.pro.ProducerConfig] (main) ProducerConfig values: 
	acks = -1
	auto.include.jmx.reporter = true
	batch.size = 16384
	bootstrap.servers = [PLAINTEXT://localhost:32769]
	buffer.memory = 33554432
	client.dns.lookup = use_all_dns_ips
	client.id = Producer-topic-7ad52a4a_837f_4bd1_a3f0_630e9917711c
	compression.gzip.level = -1
	compression.lz4.level = 9
	compression.type = none
	compression.zstd.level = 3
	connections.max.idle.ms = 10000
	delivery.timeout.ms = 120000
	enable.idempotence = true
	enable.metrics.push = true
	interceptor.classes = []
	key.serializer = class org.apache.kafka.common.serialization.StringSerializer
	linger.ms = 0
	max.block.ms = 60000
	max.in.flight.requests.per.connection = 5
	max.request.size = 1048576
	metadata.max.age.ms = 300000
	metadata.max.idle.ms = 300000
	metadata.recovery.strategy = none
	metric.reporters = []
	metrics.num.samples = 2
	metrics.recording.level = INFO
	metrics.sample.window.ms = 30000
	partitioner.adaptive.partitioning.enable = true
	partitioner.availability.timeout.ms = 0
	partitioner.class = null
	partitioner.ignore.keys = false
	receive.buffer.bytes = 32768
	reconnect.backoff.max.ms = 1000
	reconnect.backoff.ms = 50
	request.timeout.ms = 5000
	retries = 2147483647
	retry.backoff.max.ms = 1000
	retry.backoff.ms = 100
	sasl.client.callback.handler.class = null
	sasl.jaas.config = null
	sasl.kerberos.kinit.cmd = /usr/bin/kinit
	sasl.kerberos.min.time.before.relogin = 60000
	sasl.kerberos.service.name = null
	sasl.kerberos.ticket.renew.jitter = 0.05
	sasl.kerberos.ticket.renew.window.factor = 0.8
	sasl.login.callback.handler.class = null
	sasl.login.class = null
	sasl.login.connect.timeout.ms = null
	sasl.login.read.timeout.ms = null
	sasl.login.refresh.buffer.seconds = 300
	sasl.login.refresh.min.period.seconds = 60
	sasl.login.refresh.window.factor = 0.8
	sasl.login.refresh.window.jitter = 0.05
	sasl.login.retry.backoff.max.ms = 10000
	sasl.login.retry.backoff.ms = 100
	sasl.mechanism = GSSAPI
	sasl.oauthbearer.clock.skew.seconds = 30
	sasl.oauthbearer.expected.audience = null
	sasl.oauthbearer.expected.issuer = null
	sasl.oauthbearer.header.urlencode = false
	sasl.oauthbearer.jwks.endpoint.refresh.ms = 3600000
	sasl.oauthbearer.jwks.endpoint.retry.backoff.max.ms = 10000
	sasl.oauthbearer.jwks.endpoint.retry.backoff.ms = 100
	sasl.oauthbearer.jwks.endpoint.url = null
	sasl.oauthbearer.scope.claim.name = scope
	sasl.oauthbearer.sub.claim.name = sub
	sasl.oauthbearer.token.endpoint.url = null
	security.protocol = PLAINTEXT
	security.providers = null
	send.buffer.bytes = 131072
	socket.connection.setup.timeout.max.ms = 30000
	socket.connection.setup.timeout.ms = 10000
	ssl.cipher.suites = null
	ssl.enabled.protocols = [TLSv1.2, TLSv1.3]
	ssl.endpoint.identification.algorithm = https
	ssl.engine.factory.class = null
	ssl.key.password = null
	ssl.keymanager.algorithm = SunX509
	ssl.keystore.certificate.chain = null
	ssl.keystore.key = null
	ssl.keystore.location = null
	ssl.keystore.password = null
	ssl.keystore.type = JKS
	ssl.protocol = TLSv1.3
	ssl.provider = null
	ssl.secure.random.implementation = null
	ssl.trustmanager.algorithm = PKIX
	ssl.truststore.certificates = null
	ssl.truststore.location = null
	ssl.truststore.password = null
	ssl.truststore.type = JKS
	transaction.timeout.ms = 60000
	transactional.id = null
	value.serializer = class io.apicurio.registry.serde.avro.AvroKafkaSerializer

2025-08-12 14:49:51,230 INFO  [org.apa.kaf.com.tel.int.KafkaMetricsCollector] (main) initializing Kafka metrics collector
2025-08-12 14:49:51,237 INFO  [org.apa.kaf.cli.Metadata] (kafka-producer-network-thread | Producer-topic-8e4cfd1b_8167_4c06_ad86_2267318736fa) [Producer clientId=Producer-topic-8e4cfd1b_8167_4c06_ad86_2267318736fa] Cluster ID: 2kzKdHjlS02ID15h9rF1bw
2025-08-12 14:49:51,239 INFO  [org.apa.kaf.cli.pro.KafkaProducer] (main) [Producer clientId=Producer-topic-7ad52a4a_837f_4bd1_a3f0_630e9917711c] Instantiated an idempotent producer.
2025-08-12 14:49:51,241 INFO  [org.apa.kaf.cli.pro.int.TransactionManager] (kafka-producer-network-thread | Producer-topic-8e4cfd1b_8167_4c06_ad86_2267318736fa) [Producer clientId=Producer-topic-8e4cfd1b_8167_4c06_ad86_2267318736fa] ProducerId set to 19 with epoch 0
2025-08-12 14:49:51,242 INFO  [org.apa.kaf.cli.pro.ProducerConfig] (main) These configurations '[apicurio.registry.url, apicurio.registry.artifact-resolver-strategy]' were supplied but are not used yet.
2025-08-12 14:49:51,242 INFO  [org.apa.kaf.com.uti.AppInfoParser] (main) Kafka version: 3.9.1
2025-08-12 14:49:51,242 INFO  [org.apa.kaf.com.uti.AppInfoParser] (main) Kafka commitId: f745dfdcee2b9851
2025-08-12 14:49:51,242 INFO  [org.apa.kaf.com.uti.AppInfoParser] (main) Kafka startTimeMs: 1755010191242
**** Registry Base URL: http://registry-app-inmemory.apps.ci419.apicurio-testing.org:80
2025-08-12 14:49:51,243 INFO  [org.apa.kaf.cli.pro.ProducerConfig] (main) ProducerConfig values: 
	acks = -1
	auto.include.jmx.reporter = true
	batch.size = 16384
	bootstrap.servers = [PLAINTEXT://localhost:32769]
	buffer.memory = 33554432
	client.dns.lookup = use_all_dns_ips
	client.id = Producer-topic-3058faa5_820d_4eac_b7fa_1e41ba549588
	compression.gzip.level = -1
	compression.lz4.level = 9
	compression.type = none
	compression.zstd.level = 3
	connections.max.idle.ms = 10000
	delivery.timeout.ms = 120000
	enable.idempotence = true
	enable.metrics.push = true
	interceptor.classes = []
	key.serializer = class org.apache.kafka.common.serialization.StringSerializer
	linger.ms = 0
	max.block.ms = 60000
	max.in.flight.requests.per.connection = 5
	max.request.size = 1048576
	metadata.max.age.ms = 300000
	metadata.max.idle.ms = 300000
	metadata.recovery.strategy = none
	metric.reporters = []
	metrics.num.samples = 2
	metrics.recording.level = INFO
	metrics.sample.window.ms = 30000
	partitioner.adaptive.partitioning.enable = true
	partitioner.availability.timeout.ms = 0
	partitioner.class = null
	partitioner.ignore.keys = false
	receive.buffer.bytes = 32768
	reconnect.backoff.max.ms = 1000
	reconnect.backoff.ms = 50
	request.timeout.ms = 5000
	retries = 2147483647
	retry.backoff.max.ms = 1000
	retry.backoff.ms = 100
	sasl.client.callback.handler.class = null
	sasl.jaas.config = null
	sasl.kerberos.kinit.cmd = /usr/bin/kinit
	sasl.kerberos.min.time.before.relogin = 60000
	sasl.kerberos.service.name = null
	sasl.kerberos.ticket.renew.jitter = 0.05
	sasl.kerberos.ticket.renew.window.factor = 0.8
	sasl.login.callback.handler.class = null
	sasl.login.class = null
	sasl.login.connect.timeout.ms = null
	sasl.login.read.timeout.ms = null
	sasl.login.refresh.buffer.seconds = 300
	sasl.login.refresh.min.period.seconds = 60
	sasl.login.refresh.window.factor = 0.8
	sasl.login.refresh.window.jitter = 0.05
	sasl.login.retry.backoff.max.ms = 10000
	sasl.login.retry.backoff.ms = 100
	sasl.mechanism = GSSAPI
	sasl.oauthbearer.clock.skew.seconds = 30
	sasl.oauthbearer.expected.audience = null
	sasl.oauthbearer.expected.issuer = null
	sasl.oauthbearer.header.urlencode = false
	sasl.oauthbearer.jwks.endpoint.refresh.ms = 3600000
	sasl.oauthbearer.jwks.endpoint.retry.backoff.max.ms = 10000
	sasl.oauthbearer.jwks.endpoint.retry.backoff.ms = 100
	sasl.oauthbearer.jwks.endpoint.url = null
	sasl.oauthbearer.scope.claim.name = scope
	sasl.oauthbearer.sub.claim.name = sub
	sasl.oauthbearer.token.endpoint.url = null
	security.protocol = PLAINTEXT
	security.providers = null
	send.buffer.bytes = 131072
	socket.connection.setup.timeout.max.ms = 30000
	socket.connection.setup.timeout.ms = 10000
	ssl.cipher.suites = null
	ssl.enabled.protocols = [TLSv1.2, TLSv1.3]
	ssl.endpoint.identification.algorithm = https
	ssl.engine.factory.class = null
	ssl.key.password = null
	ssl.keymanager.algorithm = SunX509
	ssl.keystore.certificate.chain = null
	ssl.keystore.key = null
	ssl.keystore.location = null
	ssl.keystore.password = null
	ssl.keystore.type = JKS
	ssl.protocol = TLSv1.3
	ssl.provider = null
	ssl.secure.random.implementation = null
	ssl.trustmanager.algorithm = PKIX
	ssl.truststore.certificates = null
	ssl.truststore.location = null
	ssl.truststore.password = null
	ssl.truststore.type = JKS
	transaction.timeout.ms = 60000
	transactional.id = null
	value.serializer = class io.apicurio.registry.serde.avro.AvroKafkaSerializer

2025-08-12 14:49:51,243 INFO  [org.apa.kaf.com.tel.int.KafkaMetricsCollector] (main) initializing Kafka metrics collector
2025-08-12 14:49:51,250 INFO  [org.apa.kaf.cli.Metadata] (kafka-producer-network-thread | Producer-topic-7ad52a4a_837f_4bd1_a3f0_630e9917711c) [Producer clientId=Producer-topic-7ad52a4a_837f_4bd1_a3f0_630e9917711c] Cluster ID: 2kzKdHjlS02ID15h9rF1bw
2025-08-12 14:49:51,251 INFO  [org.apa.kaf.cli.pro.int.TransactionManager] (kafka-producer-network-thread | Producer-topic-7ad52a4a_837f_4bd1_a3f0_630e9917711c) [Producer clientId=Producer-topic-7ad52a4a_837f_4bd1_a3f0_630e9917711c] ProducerId set to 20 with epoch 0
2025-08-12 14:49:51,260 INFO  [org.apa.kaf.cli.pro.KafkaProducer] (main) [Producer clientId=Producer-topic-3058faa5_820d_4eac_b7fa_1e41ba549588] Instantiated an idempotent producer.
2025-08-12 14:49:51,264 INFO  [org.apa.kaf.cli.pro.ProducerConfig] (main) These configurations '[apicurio.registry.url, apicurio.registry.artifact-resolver-strategy]' were supplied but are not used yet.
2025-08-12 14:49:51,264 INFO  [org.apa.kaf.com.uti.AppInfoParser] (main) Kafka version: 3.9.1
2025-08-12 14:49:51,264 INFO  [org.apa.kaf.com.uti.AppInfoParser] (main) Kafka commitId: f745dfdcee2b9851
2025-08-12 14:49:51,264 INFO  [org.apa.kaf.com.uti.AppInfoParser] (main) Kafka startTimeMs: 1755010191264
**** Registry Base URL: http://registry-app-inmemory.apps.ci419.apicurio-testing.org:80
2025-08-12 14:49:51,265 INFO  [org.apa.kaf.cli.con.ConsumerConfig] (main) ConsumerConfig values: 
	allow.auto.create.topics = true
	auto.commit.interval.ms = 500
	auto.include.jmx.reporter = true
	auto.offset.reset = earliest
	bootstrap.servers = [PLAINTEXT://localhost:32769]
	check.crcs = true
	client.dns.lookup = use_all_dns_ips
	client.id = consumer-Consumer-topic-8e4cfd1b_8167_4c06_ad86_2267318736fa-14
	client.rack = 
	connections.max.idle.ms = 10000
	default.api.timeout.ms = 60000
	enable.auto.commit = true
	enable.metrics.push = true
	exclude.internal.topics = true
	fetch.max.bytes = 52428800
	fetch.max.wait.ms = 500
	fetch.min.bytes = 1
	group.id = Consumer-topic-8e4cfd1b_8167_4c06_ad86_2267318736fa
	group.instance.id = null
	group.protocol = classic
	group.remote.assignor = null
	heartbeat.interval.ms = 3000
	interceptor.classes = []
	internal.leave.group.on.close = true
	internal.throw.on.fetch.stable.offset.unsupported = false
	isolation.level = read_uncommitted
	key.deserializer = class org.apache.kafka.common.serialization.StringDeserializer
	max.partition.fetch.bytes = 1048576
	max.poll.interval.ms = 300000
	max.poll.records = 500
	metadata.max.age.ms = 300000
	metadata.recovery.strategy = none
	metric.reporters = []
	metrics.num.samples = 2
	metrics.recording.level = INFO
	metrics.sample.window.ms = 30000
	partition.assignment.strategy = [class org.apache.kafka.clients.consumer.RangeAssignor, class org.apache.kafka.clients.consumer.CooperativeStickyAssignor]
	receive.buffer.bytes = 65536
	reconnect.backoff.max.ms = 1000
	reconnect.backoff.ms = 50
	request.timeout.ms = 5000
	retry.backoff.max.ms = 1000
	retry.backoff.ms = 100
	sasl.client.callback.handler.class = null
	sasl.jaas.config = null
	sasl.kerberos.kinit.cmd = /usr/bin/kinit
	sasl.kerberos.min.time.before.relogin = 60000
	sasl.kerberos.service.name = null
	sasl.kerberos.ticket.renew.jitter = 0.05
	sasl.kerberos.ticket.renew.window.factor = 0.8
	sasl.login.callback.handler.class = null
	sasl.login.class = null
	sasl.login.connect.timeout.ms = null
	sasl.login.read.timeout.ms = null
	sasl.login.refresh.buffer.seconds = 300
	sasl.login.refresh.min.period.seconds = 60
	sasl.login.refresh.window.factor = 0.8
	sasl.login.refresh.window.jitter = 0.05
	sasl.login.retry.backoff.max.ms = 10000
	sasl.login.retry.backoff.ms = 100
	sasl.mechanism = GSSAPI
	sasl.oauthbearer.clock.skew.seconds = 30
	sasl.oauthbearer.expected.audience = null
	sasl.oauthbearer.expected.issuer = null
	sasl.oauthbearer.header.urlencode = false
	sasl.oauthbearer.jwks.endpoint.refresh.ms = 3600000
	sasl.oauthbearer.jwks.endpoint.retry.backoff.max.ms = 10000
	sasl.oauthbearer.jwks.endpoint.retry.backoff.ms = 100
	sasl.oauthbearer.jwks.endpoint.url = null
	sasl.oauthbearer.scope.claim.name = scope
	sasl.oauthbearer.sub.claim.name = sub
	sasl.oauthbearer.token.endpoint.url = null
	security.protocol = PLAINTEXT
	security.providers = null
	send.buffer.bytes = 131072
	session.timeout.ms = 45000
	socket.connection.setup.timeout.max.ms = 30000
	socket.connection.setup.timeout.ms = 10000
	ssl.cipher.suites = null
	ssl.enabled.protocols = [TLSv1.2, TLSv1.3]
	ssl.endpoint.identification.algorithm = https
	ssl.engine.factory.class = null
	ssl.key.password = null
	ssl.keymanager.algorithm = SunX509
	ssl.keystore.certificate.chain = null
	ssl.keystore.key = null
	ssl.keystore.location = null
	ssl.keystore.password = null
	ssl.keystore.type = JKS
	ssl.protocol = TLSv1.3
	ssl.provider = null
	ssl.secure.random.implementation = null
	ssl.trustmanager.algorithm = PKIX
	ssl.truststore.certificates = null
	ssl.truststore.location = null
	ssl.truststore.password = null
	ssl.truststore.type = JKS
	value.deserializer = class io.apicurio.registry.serde.avro.AvroKafkaDeserializer

2025-08-12 14:49:51,266 INFO  [org.apa.kaf.com.tel.int.KafkaMetricsCollector] (main) initializing Kafka metrics collector
2025-08-12 14:49:51,272 INFO  [org.apa.kaf.cli.Metadata] (kafka-producer-network-thread | Producer-topic-3058faa5_820d_4eac_b7fa_1e41ba549588) [Producer clientId=Producer-topic-3058faa5_820d_4eac_b7fa_1e41ba549588] Cluster ID: 2kzKdHjlS02ID15h9rF1bw
2025-08-12 14:49:51,272 INFO  [org.apa.kaf.cli.pro.int.TransactionManager] (kafka-producer-network-thread | Producer-topic-3058faa5_820d_4eac_b7fa_1e41ba549588) [Producer clientId=Producer-topic-3058faa5_820d_4eac_b7fa_1e41ba549588] ProducerId set to 21 with epoch 0
2025-08-12 14:49:51,275 INFO  [org.apa.kaf.cli.con.ConsumerConfig] (main) These configurations '[apicurio.registry.url]' were supplied but are not used yet.
2025-08-12 14:49:51,275 INFO  [org.apa.kaf.com.uti.AppInfoParser] (main) Kafka version: 3.9.1
2025-08-12 14:49:51,275 INFO  [org.apa.kaf.com.uti.AppInfoParser] (main) Kafka commitId: f745dfdcee2b9851
2025-08-12 14:49:51,275 INFO  [org.apa.kaf.com.uti.AppInfoParser] (main) Kafka startTimeMs: 1755010191275
**** Registry Base URL: http://registry-app-inmemory.apps.ci419.apicurio-testing.org:80
2025-08-12 14:49:51,276 INFO  [org.apa.kaf.cli.con.ConsumerConfig] (main) ConsumerConfig values: 
	allow.auto.create.topics = true
	auto.commit.interval.ms = 500
	auto.include.jmx.reporter = true
	auto.offset.reset = earliest
	bootstrap.servers = [PLAINTEXT://localhost:32769]
	check.crcs = true
	client.dns.lookup = use_all_dns_ips
	client.id = consumer-Consumer-topic-7ad52a4a_837f_4bd1_a3f0_630e9917711c-15
	client.rack = 
	connections.max.idle.ms = 10000
	default.api.timeout.ms = 60000
	enable.auto.commit = true
	enable.metrics.push = true
	exclude.internal.topics = true
	fetch.max.bytes = 52428800
	fetch.max.wait.ms = 500
	fetch.min.bytes = 1
	group.id = Consumer-topic-7ad52a4a_837f_4bd1_a3f0_630e9917711c
	group.instance.id = null
	group.protocol = classic
	group.remote.assignor = null
	heartbeat.interval.ms = 3000
	interceptor.classes = []
	internal.leave.group.on.close = true
	internal.throw.on.fetch.stable.offset.unsupported = false
	isolation.level = read_uncommitted
	key.deserializer = class org.apache.kafka.common.serialization.StringDeserializer
	max.partition.fetch.bytes = 1048576
	max.poll.interval.ms = 300000
	max.poll.records = 500
	metadata.max.age.ms = 300000
	metadata.recovery.strategy = none
	metric.reporters = []
	metrics.num.samples = 2
	metrics.recording.level = INFO
	metrics.sample.window.ms = 30000
	partition.assignment.strategy = [class org.apache.kafka.clients.consumer.RangeAssignor, class org.apache.kafka.clients.consumer.CooperativeStickyAssignor]
	receive.buffer.bytes = 65536
	reconnect.backoff.max.ms = 1000
	reconnect.backoff.ms = 50
	request.timeout.ms = 5000
	retry.backoff.max.ms = 1000
	retry.backoff.ms = 100
	sasl.client.callback.handler.class = null
	sasl.jaas.config = null
	sasl.kerberos.kinit.cmd = /usr/bin/kinit
	sasl.kerberos.min.time.before.relogin = 60000
	sasl.kerberos.service.name = null
	sasl.kerberos.ticket.renew.jitter = 0.05
	sasl.kerberos.ticket.renew.window.factor = 0.8
	sasl.login.callback.handler.class = null
	sasl.login.class = null
	sasl.login.connect.timeout.ms = null
	sasl.login.read.timeout.ms = null
	sasl.login.refresh.buffer.seconds = 300
	sasl.login.refresh.min.period.seconds = 60
	sasl.login.refresh.window.factor = 0.8
	sasl.login.refresh.window.jitter = 0.05
	sasl.login.retry.backoff.max.ms = 10000
	sasl.login.retry.backoff.ms = 100
	sasl.mechanism = GSSAPI
	sasl.oauthbearer.clock.skew.seconds = 30
	sasl.oauthbearer.expected.audience = null
	sasl.oauthbearer.expected.issuer = null
	sasl.oauthbearer.header.urlencode = false
	sasl.oauthbearer.jwks.endpoint.refresh.ms = 3600000
	sasl.oauthbearer.jwks.endpoint.retry.backoff.max.ms = 10000
	sasl.oauthbearer.jwks.endpoint.retry.backoff.ms = 100
	sasl.oauthbearer.jwks.endpoint.url = null
	sasl.oauthbearer.scope.claim.name = scope
	sasl.oauthbearer.sub.claim.name = sub
	sasl.oauthbearer.token.endpoint.url = null
	security.protocol = PLAINTEXT
	security.providers = null
	send.buffer.bytes = 131072
	session.timeout.ms = 45000
	socket.connection.setup.timeout.max.ms = 30000
	socket.connection.setup.timeout.ms = 10000
	ssl.cipher.suites = null
	ssl.enabled.protocols = [TLSv1.2, TLSv1.3]
	ssl.endpoint.identification.algorithm = https
	ssl.engine.factory.class = null
	ssl.key.password = null
	ssl.keymanager.algorithm = SunX509
	ssl.keystore.certificate.chain = null
	ssl.keystore.key = null
	ssl.keystore.location = null
	ssl.keystore.password = null
	ssl.keystore.type = JKS
	ssl.protocol = TLSv1.3
	ssl.provider = null
	ssl.secure.random.implementation = null
	ssl.trustmanager.algorithm = PKIX
	ssl.truststore.certificates = null
	ssl.truststore.location = null
	ssl.truststore.password = null
	ssl.truststore.type = JKS
	value.deserializer = class io.apicurio.registry.serde.avro.AvroKafkaDeserializer

2025-08-12 14:49:51,276 INFO  [org.apa.kaf.com.tel.int.KafkaMetricsCollector] (main) initializing Kafka metrics collector
2025-08-12 14:49:51,285 INFO  [org.apa.kaf.cli.con.ConsumerConfig] (main) These configurations '[apicurio.registry.url]' were supplied but are not used yet.
2025-08-12 14:49:51,285 INFO  [org.apa.kaf.com.uti.AppInfoParser] (main) Kafka version: 3.9.1
2025-08-12 14:49:51,285 INFO  [org.apa.kaf.com.uti.AppInfoParser] (main) Kafka commitId: f745dfdcee2b9851
2025-08-12 14:49:51,285 INFO  [org.apa.kaf.com.uti.AppInfoParser] (main) Kafka startTimeMs: 1755010191285
**** Registry Base URL: http://registry-app-inmemory.apps.ci419.apicurio-testing.org:80
2025-08-12 14:49:51,285 INFO  [org.apa.kaf.cli.con.ConsumerConfig] (main) ConsumerConfig values: 
	allow.auto.create.topics = true
	auto.commit.interval.ms = 500
	auto.include.jmx.reporter = true
	auto.offset.reset = earliest
	bootstrap.servers = [PLAINTEXT://localhost:32769]
	check.crcs = true
	client.dns.lookup = use_all_dns_ips
	client.id = consumer-Consumer-topic-3058faa5_820d_4eac_b7fa_1e41ba549588-16
	client.rack = 
	connections.max.idle.ms = 10000
	default.api.timeout.ms = 60000
	enable.auto.commit = true
	enable.metrics.push = true
	exclude.internal.topics = true
	fetch.max.bytes = 52428800
	fetch.max.wait.ms = 500
	fetch.min.bytes = 1
	group.id = Consumer-topic-3058faa5_820d_4eac_b7fa_1e41ba549588
	group.instance.id = null
	group.protocol = classic
	group.remote.assignor = null
	heartbeat.interval.ms = 3000
	interceptor.classes = []
	internal.leave.group.on.close = true
	internal.throw.on.fetch.stable.offset.unsupported = false
	isolation.level = read_uncommitted
	key.deserializer = class org.apache.kafka.common.serialization.StringDeserializer
	max.partition.fetch.bytes = 1048576
	max.poll.interval.ms = 300000
	max.poll.records = 500
	metadata.max.age.ms = 300000
	metadata.recovery.strategy = none
	metric.reporters = []
	metrics.num.samples = 2
	metrics.recording.level = INFO
	metrics.sample.window.ms = 30000
	partition.assignment.strategy = [class org.apache.kafka.clients.consumer.RangeAssignor, class org.apache.kafka.clients.consumer.CooperativeStickyAssignor]
	receive.buffer.bytes = 65536
	reconnect.backoff.max.ms = 1000
	reconnect.backoff.ms = 50
	request.timeout.ms = 5000
	retry.backoff.max.ms = 1000
	retry.backoff.ms = 100
	sasl.client.callback.handler.class = null
	sasl.jaas.config = null
	sasl.kerberos.kinit.cmd = /usr/bin/kinit
	sasl.kerberos.min.time.before.relogin = 60000
	sasl.kerberos.service.name = null
	sasl.kerberos.ticket.renew.jitter = 0.05
	sasl.kerberos.ticket.renew.window.factor = 0.8
	sasl.login.callback.handler.class = null
	sasl.login.class = null
	sasl.login.connect.timeout.ms = null
	sasl.login.read.timeout.ms = null
	sasl.login.refresh.buffer.seconds = 300
	sasl.login.refresh.min.period.seconds = 60
	sasl.login.refresh.window.factor = 0.8
	sasl.login.refresh.window.jitter = 0.05
	sasl.login.retry.backoff.max.ms = 10000
	sasl.login.retry.backoff.ms = 100
	sasl.mechanism = GSSAPI
	sasl.oauthbearer.clock.skew.seconds = 30
	sasl.oauthbearer.expected.audience = null
	sasl.oauthbearer.expected.issuer = null
	sasl.oauthbearer.header.urlencode = false
	sasl.oauthbearer.jwks.endpoint.refresh.ms = 3600000
	sasl.oauthbearer.jwks.endpoint.retry.backoff.max.ms = 10000
	sasl.oauthbearer.jwks.endpoint.retry.backoff.ms = 100
	sasl.oauthbearer.jwks.endpoint.url = null
	sasl.oauthbearer.scope.claim.name = scope
	sasl.oauthbearer.sub.claim.name = sub
	sasl.oauthbearer.token.endpoint.url = null
	security.protocol = PLAINTEXT
	security.providers = null
	send.buffer.bytes = 131072
	session.timeout.ms = 45000
	socket.connection.setup.timeout.max.ms = 30000
	socket.connection.setup.timeout.ms = 10000
	ssl.cipher.suites = null
	ssl.enabled.protocols = [TLSv1.2, TLSv1.3]
	ssl.endpoint.identification.algorithm = https
	ssl.engine.factory.class = null
	ssl.key.password = null
	ssl.keymanager.algorithm = SunX509
	ssl.keystore.certificate.chain = null
	ssl.keystore.key = null
	ssl.keystore.location = null
	ssl.keystore.password = null
	ssl.keystore.type = JKS
	ssl.protocol = TLSv1.3
	ssl.provider = null
	ssl.secure.random.implementation = null
	ssl.trustmanager.algorithm = PKIX
	ssl.truststore.certificates = null
	ssl.truststore.location = null
	ssl.truststore.password = null
	ssl.truststore.type = JKS
	value.deserializer = class io.apicurio.registry.serde.avro.AvroKafkaDeserializer

2025-08-12 14:49:51,286 INFO  [org.apa.kaf.com.tel.int.KafkaMetricsCollector] (main) initializing Kafka metrics collector
2025-08-12 14:49:51,291 INFO  [org.apa.kaf.cli.con.ConsumerConfig] (main) These configurations '[apicurio.registry.url]' were supplied but are not used yet.
2025-08-12 14:49:51,291 INFO  [org.apa.kaf.com.uti.AppInfoParser] (main) Kafka version: 3.9.1
2025-08-12 14:49:51,291 INFO  [org.apa.kaf.com.uti.AppInfoParser] (main) Kafka commitId: f745dfdcee2b9851
2025-08-12 14:49:51,291 INFO  [org.apa.kaf.com.uti.AppInfoParser] (main) Kafka startTimeMs: 1755010191291
2025-08-12 14:49:51,292 INFO  [io.api.tes.ser.api.KafkaSerdesTester] (Thread-713) Sending message {"key11755010190054": "value-0"} to topic topic-8e4cfd1b_8167_4c06_ad86_2267318736fa
2025-08-12 14:49:51,294 INFO  [DefaultSchemaResolver] (Thread-713) Retrieving schema content using string: {"type":"record","name":"myrecordconfluent","fields":[{"name":"key11755010190054","type":"string"}]}
2025-08-12 14:49:51,451 INFO  [io.api.tes.ser.api.KafkaSerdesTester] (Thread-713) Sending message {"key11755010190054": "value-1"} to topic topic-8e4cfd1b_8167_4c06_ad86_2267318736fa
2025-08-12 14:49:51,454 INFO  [io.api.tes.ser.api.KafkaSerdesTester] (Thread-713) Sending message {"key11755010190054": "value-2"} to topic topic-8e4cfd1b_8167_4c06_ad86_2267318736fa
2025-08-12 14:49:51,456 INFO  [io.api.tes.ser.api.KafkaSerdesTester] (Thread-713) Sending message {"key11755010190054": "value-3"} to topic topic-8e4cfd1b_8167_4c06_ad86_2267318736fa
2025-08-12 14:49:51,459 INFO  [io.api.tes.ser.api.KafkaSerdesTester] (Thread-713) Sending message {"key11755010190054": "value-4"} to topic topic-8e4cfd1b_8167_4c06_ad86_2267318736fa
2025-08-12 14:49:51,460 INFO  [io.api.tes.ser.api.KafkaSerdesTester] (Thread-713) Sending message {"key11755010190054": "value-5"} to topic topic-8e4cfd1b_8167_4c06_ad86_2267318736fa
2025-08-12 14:49:51,461 INFO  [io.api.tes.ser.api.KafkaSerdesTester] (Thread-713) Sending message {"key11755010190054": "value-6"} to topic topic-8e4cfd1b_8167_4c06_ad86_2267318736fa
2025-08-12 14:49:51,462 INFO  [io.api.tes.ser.api.KafkaSerdesTester] (Thread-713) Sending message {"key11755010190054": "value-7"} to topic topic-8e4cfd1b_8167_4c06_ad86_2267318736fa
2025-08-12 14:49:51,463 INFO  [io.api.tes.ser.api.KafkaSerdesTester] (Thread-713) Sending message {"key11755010190054": "value-8"} to topic topic-8e4cfd1b_8167_4c06_ad86_2267318736fa
2025-08-12 14:49:51,464 INFO  [io.api.tes.ser.api.KafkaSerdesTester] (Thread-713) Sending message {"key11755010190054": "value-9"} to topic topic-8e4cfd1b_8167_4c06_ad86_2267318736fa
2025-08-12 14:49:51,465 INFO  [io.api.tes.ser.api.KafkaSerdesTester] (Thread-713) Produced 10 messages
2025-08-12 14:49:51,465 INFO  [org.apa.kaf.cli.pro.KafkaProducer] (Thread-713) [Producer clientId=Producer-topic-8e4cfd1b_8167_4c06_ad86_2267318736fa] Closing the Kafka producer with timeoutMillis = 9223372036854775807 ms.
2025-08-12 14:49:51,468 INFO  [org.apa.kaf.com.met.Metrics] (Thread-713) Metrics scheduler closed
2025-08-12 14:49:51,468 INFO  [org.apa.kaf.com.met.Metrics] (Thread-713) Closing reporter org.apache.kafka.common.metrics.JmxReporter
2025-08-12 14:49:51,468 INFO  [org.apa.kaf.com.met.Metrics] (Thread-713) Closing reporter org.apache.kafka.common.telemetry.internals.ClientTelemetryReporter
2025-08-12 14:49:51,468 INFO  [org.apa.kaf.com.met.Metrics] (Thread-713) Metrics reporters closed
2025-08-12 14:49:51,468 INFO  [org.apa.kaf.com.uti.AppInfoParser] (Thread-713) App info kafka.producer for Producer-topic-8e4cfd1b_8167_4c06_ad86_2267318736fa unregistered
2025-08-12 14:49:51,469 INFO  [io.api.tes.ser.api.KafkaSerdesTester] (Thread-714) Sending message {"key11755010190054": "value-0"} to topic topic-7ad52a4a_837f_4bd1_a3f0_630e9917711c
2025-08-12 14:49:51,473 INFO  [DefaultSchemaResolver] (Thread-714) Retrieving schema content using string: {"type":"record","name":"myrecordconfluent","fields":[{"name":"key11755010190054","type":"string"}]}
2025-08-12 14:49:51,628 INFO  [io.api.tes.ser.api.KafkaSerdesTester] (Thread-714) Sending message {"key11755010190054": "value-1"} to topic topic-7ad52a4a_837f_4bd1_a3f0_630e9917711c
2025-08-12 14:49:51,630 INFO  [io.api.tes.ser.api.KafkaSerdesTester] (Thread-714) Sending message {"key11755010190054": "value-2"} to topic topic-7ad52a4a_837f_4bd1_a3f0_630e9917711c
2025-08-12 14:49:51,631 INFO  [io.api.tes.ser.api.KafkaSerdesTester] (Thread-714) Sending message {"key11755010190054": "value-3"} to topic topic-7ad52a4a_837f_4bd1_a3f0_630e9917711c
2025-08-12 14:49:51,632 INFO  [io.api.tes.ser.api.KafkaSerdesTester] (Thread-714) Sending message {"key11755010190054": "value-4"} to topic topic-7ad52a4a_837f_4bd1_a3f0_630e9917711c
2025-08-12 14:49:51,634 INFO  [io.api.tes.ser.api.KafkaSerdesTester] (Thread-714) Sending message {"key11755010190054": "value-5"} to topic topic-7ad52a4a_837f_4bd1_a3f0_630e9917711c
2025-08-12 14:49:51,635 INFO  [io.api.tes.ser.api.KafkaSerdesTester] (Thread-714) Sending message {"key11755010190054": "value-6"} to topic topic-7ad52a4a_837f_4bd1_a3f0_630e9917711c
2025-08-12 14:49:51,636 INFO  [io.api.tes.ser.api.KafkaSerdesTester] (Thread-714) Sending message {"key11755010190054": "value-7"} to topic topic-7ad52a4a_837f_4bd1_a3f0_630e9917711c
2025-08-12 14:49:51,637 INFO  [io.api.tes.ser.api.KafkaSerdesTester] (Thread-714) Sending message {"key11755010190054": "value-8"} to topic topic-7ad52a4a_837f_4bd1_a3f0_630e9917711c
2025-08-12 14:49:51,639 INFO  [io.api.tes.ser.api.KafkaSerdesTester] (Thread-714) Sending message {"key11755010190054": "value-9"} to topic topic-7ad52a4a_837f_4bd1_a3f0_630e9917711c
2025-08-12 14:49:51,642 INFO  [io.api.tes.ser.api.KafkaSerdesTester] (Thread-714) Produced 10 messages
2025-08-12 14:49:51,642 INFO  [org.apa.kaf.cli.pro.KafkaProducer] (Thread-714) [Producer clientId=Producer-topic-7ad52a4a_837f_4bd1_a3f0_630e9917711c] Closing the Kafka producer with timeoutMillis = 9223372036854775807 ms.
2025-08-12 14:49:51,644 INFO  [org.apa.kaf.com.met.Metrics] (Thread-714) Metrics scheduler closed
2025-08-12 14:49:51,644 INFO  [org.apa.kaf.com.met.Metrics] (Thread-714) Closing reporter org.apache.kafka.common.metrics.JmxReporter
2025-08-12 14:49:51,644 INFO  [org.apa.kaf.com.met.Metrics] (Thread-714) Closing reporter org.apache.kafka.common.telemetry.internals.ClientTelemetryReporter
2025-08-12 14:49:51,644 INFO  [org.apa.kaf.com.met.Metrics] (Thread-714) Metrics reporters closed
2025-08-12 14:49:51,644 INFO  [org.apa.kaf.com.uti.AppInfoParser] (Thread-714) App info kafka.producer for Producer-topic-7ad52a4a_837f_4bd1_a3f0_630e9917711c unregistered
2025-08-12 14:49:51,646 INFO  [io.api.tes.ser.api.KafkaSerdesTester] (Thread-715) Sending message {"key11755010190054": "value-0"} to topic topic-3058faa5_820d_4eac_b7fa_1e41ba549588
2025-08-12 14:49:51,652 INFO  [DefaultSchemaResolver] (Thread-715) Retrieving schema content using string: {"type":"record","name":"myrecordconfluent","fields":[{"name":"key11755010190054","type":"string"}]}
2025-08-12 14:49:51,805 INFO  [io.api.tes.ser.api.KafkaSerdesTester] (Thread-715) Sending message {"key11755010190054": "value-1"} to topic topic-3058faa5_820d_4eac_b7fa_1e41ba549588
2025-08-12 14:49:51,806 INFO  [io.api.tes.ser.api.KafkaSerdesTester] (Thread-715) Sending message {"key11755010190054": "value-2"} to topic topic-3058faa5_820d_4eac_b7fa_1e41ba549588
2025-08-12 14:49:51,808 INFO  [io.api.tes.ser.api.KafkaSerdesTester] (Thread-715) Sending message {"key11755010190054": "value-3"} to topic topic-3058faa5_820d_4eac_b7fa_1e41ba549588
2025-08-12 14:49:51,809 INFO  [io.api.tes.ser.api.KafkaSerdesTester] (Thread-715) Sending message {"key11755010190054": "value-4"} to topic topic-3058faa5_820d_4eac_b7fa_1e41ba549588
2025-08-12 14:49:51,811 INFO  [io.api.tes.ser.api.KafkaSerdesTester] (Thread-715) Sending message {"key11755010190054": "value-5"} to topic topic-3058faa5_820d_4eac_b7fa_1e41ba549588
2025-08-12 14:49:51,812 INFO  [io.api.tes.ser.api.KafkaSerdesTester] (Thread-715) Sending message {"key11755010190054": "value-6"} to topic topic-3058faa5_820d_4eac_b7fa_1e41ba549588
2025-08-12 14:49:51,814 INFO  [io.api.tes.ser.api.KafkaSerdesTester] (Thread-715) Sending message {"key11755010190054": "value-7"} to topic topic-3058faa5_820d_4eac_b7fa_1e41ba549588
2025-08-12 14:49:51,816 INFO  [io.api.tes.ser.api.KafkaSerdesTester] (Thread-715) Sending message {"key11755010190054": "value-8"} to topic topic-3058faa5_820d_4eac_b7fa_1e41ba549588
2025-08-12 14:49:51,817 INFO  [io.api.tes.ser.api.KafkaSerdesTester] (Thread-715) Sending message {"key11755010190054": "value-9"} to topic topic-3058faa5_820d_4eac_b7fa_1e41ba549588
2025-08-12 14:49:51,819 INFO  [io.api.tes.ser.api.KafkaSerdesTester] (Thread-715) Produced 10 messages
2025-08-12 14:49:51,819 INFO  [org.apa.kaf.cli.pro.KafkaProducer] (Thread-715) [Producer clientId=Producer-topic-3058faa5_820d_4eac_b7fa_1e41ba549588] Closing the Kafka producer with timeoutMillis = 9223372036854775807 ms.
2025-08-12 14:49:51,821 INFO  [org.apa.kaf.com.met.Metrics] (Thread-715) Metrics scheduler closed
2025-08-12 14:49:51,821 INFO  [org.apa.kaf.com.met.Metrics] (Thread-715) Closing reporter org.apache.kafka.common.metrics.JmxReporter
2025-08-12 14:49:51,821 INFO  [org.apa.kaf.com.met.Metrics] (Thread-715) Closing reporter org.apache.kafka.common.telemetry.internals.ClientTelemetryReporter
2025-08-12 14:49:51,821 INFO  [org.apa.kaf.com.met.Metrics] (Thread-715) Metrics reporters closed
2025-08-12 14:49:51,821 INFO  [org.apa.kaf.com.uti.AppInfoParser] (Thread-715) App info kafka.producer for Producer-topic-3058faa5_820d_4eac_b7fa_1e41ba549588 unregistered
2025-08-12 14:49:51,824 INFO  [org.apa.kaf.cli.con.int.ClassicKafkaConsumer] (Thread-716) [Consumer clientId=consumer-Consumer-topic-8e4cfd1b_8167_4c06_ad86_2267318736fa-14, groupId=Consumer-topic-8e4cfd1b_8167_4c06_ad86_2267318736fa] Subscribed to topic(s): topic-8e4cfd1b_8167_4c06_ad86_2267318736fa
2025-08-12 14:49:51,829 INFO  [org.apa.kaf.cli.Metadata] (Thread-716) [Consumer clientId=consumer-Consumer-topic-8e4cfd1b_8167_4c06_ad86_2267318736fa-14, groupId=Consumer-topic-8e4cfd1b_8167_4c06_ad86_2267318736fa] Cluster ID: 2kzKdHjlS02ID15h9rF1bw
2025-08-12 14:49:51,832 INFO  [org.apa.kaf.cli.con.int.ConsumerCoordinator] (Thread-716) [Consumer clientId=consumer-Consumer-topic-8e4cfd1b_8167_4c06_ad86_2267318736fa-14, groupId=Consumer-topic-8e4cfd1b_8167_4c06_ad86_2267318736fa] Discovered group coordinator localhost:32769 (id: 2147483647 rack: null)
2025-08-12 14:49:51,833 INFO  [org.apa.kaf.cli.con.int.ConsumerCoordinator] (Thread-716) [Consumer clientId=consumer-Consumer-topic-8e4cfd1b_8167_4c06_ad86_2267318736fa-14, groupId=Consumer-topic-8e4cfd1b_8167_4c06_ad86_2267318736fa] (Re-)joining group
2025-08-12 14:49:51,841 INFO  [org.apa.kaf.cli.con.int.ConsumerCoordinator] (Thread-716) [Consumer clientId=consumer-Consumer-topic-8e4cfd1b_8167_4c06_ad86_2267318736fa-14, groupId=Consumer-topic-8e4cfd1b_8167_4c06_ad86_2267318736fa] Request joining group due to: need to re-join with the given member-id: consumer-Consumer-topic-8e4cfd1b_8167_4c06_ad86_2267318736fa-14-5b1ba4c7-0db2-4ecd-a40c-40d14317df93
2025-08-12 14:49:51,841 INFO  [org.apa.kaf.cli.con.int.ConsumerCoordinator] (Thread-716) [Consumer clientId=consumer-Consumer-topic-8e4cfd1b_8167_4c06_ad86_2267318736fa-14, groupId=Consumer-topic-8e4cfd1b_8167_4c06_ad86_2267318736fa] (Re-)joining group
2025-08-12 14:49:52,824 INFO  [io.api.tes.ser.api.KafkaSerdesTester] (Thread-716) None found
2025-08-12 14:49:53,825 INFO  [io.api.tes.ser.api.KafkaSerdesTester] (Thread-716) None found
2025-08-12 14:49:54,825 INFO  [io.api.tes.ser.api.KafkaSerdesTester] (Thread-716) None found
2025-08-12 14:49:54,843 INFO  [org.apa.kaf.cli.con.int.ConsumerCoordinator] (Thread-716) [Consumer clientId=consumer-Consumer-topic-8e4cfd1b_8167_4c06_ad86_2267318736fa-14, groupId=Consumer-topic-8e4cfd1b_8167_4c06_ad86_2267318736fa] Successfully joined group with generation Generation{generationId=1, memberId='consumer-Consumer-topic-8e4cfd1b_8167_4c06_ad86_2267318736fa-14-5b1ba4c7-0db2-4ecd-a40c-40d14317df93', protocol='range'}
2025-08-12 14:49:54,843 INFO  [org.apa.kaf.cli.con.int.ConsumerCoordinator] (Thread-716) [Consumer clientId=consumer-Consumer-topic-8e4cfd1b_8167_4c06_ad86_2267318736fa-14, groupId=Consumer-topic-8e4cfd1b_8167_4c06_ad86_2267318736fa] Finished assignment for group at generation 1: {consumer-Consumer-topic-8e4cfd1b_8167_4c06_ad86_2267318736fa-14-5b1ba4c7-0db2-4ecd-a40c-40d14317df93=Assignment(partitions=[topic-8e4cfd1b_8167_4c06_ad86_2267318736fa-0])}
2025-08-12 14:49:54,850 INFO  [org.apa.kaf.cli.con.int.ConsumerCoordinator] (Thread-716) [Consumer clientId=consumer-Consumer-topic-8e4cfd1b_8167_4c06_ad86_2267318736fa-14, groupId=Consumer-topic-8e4cfd1b_8167_4c06_ad86_2267318736fa] Successfully synced group in generation Generation{generationId=1, memberId='consumer-Consumer-topic-8e4cfd1b_8167_4c06_ad86_2267318736fa-14-5b1ba4c7-0db2-4ecd-a40c-40d14317df93', protocol='range'}
2025-08-12 14:49:54,851 INFO  [org.apa.kaf.cli.con.int.ConsumerCoordinator] (Thread-716) [Consumer clientId=consumer-Consumer-topic-8e4cfd1b_8167_4c06_ad86_2267318736fa-14, groupId=Consumer-topic-8e4cfd1b_8167_4c06_ad86_2267318736fa] Notifying assignor about the new Assignment(partitions=[topic-8e4cfd1b_8167_4c06_ad86_2267318736fa-0])
2025-08-12 14:49:54,851 INFO  [org.apa.kaf.cli.con.int.ConsumerRebalanceListenerInvoker] (Thread-716) [Consumer clientId=consumer-Consumer-topic-8e4cfd1b_8167_4c06_ad86_2267318736fa-14, groupId=Consumer-topic-8e4cfd1b_8167_4c06_ad86_2267318736fa] Adding newly assigned partitions: topic-8e4cfd1b_8167_4c06_ad86_2267318736fa-0
2025-08-12 14:49:54,852 INFO  [org.apa.kaf.cli.con.int.ConsumerCoordinator] (Thread-716) [Consumer clientId=consumer-Consumer-topic-8e4cfd1b_8167_4c06_ad86_2267318736fa-14, groupId=Consumer-topic-8e4cfd1b_8167_4c06_ad86_2267318736fa] Found no committed offset for partition topic-8e4cfd1b_8167_4c06_ad86_2267318736fa-0
2025-08-12 14:49:54,854 INFO  [org.apa.kaf.cli.con.int.SubscriptionState] (Thread-716) [Consumer clientId=consumer-Consumer-topic-8e4cfd1b_8167_4c06_ad86_2267318736fa-14, groupId=Consumer-topic-8e4cfd1b_8167_4c06_ad86_2267318736fa] Resetting offset for partition topic-8e4cfd1b_8167_4c06_ad86_2267318736fa-0 to position FetchPosition{offset=0, offsetEpoch=Optional.empty, currentLeader=LeaderAndEpoch{leader=Optional[localhost:32769 (id: 0 rack: null)], epoch=0}}.
2025-08-12 14:49:55,083 INFO  [io.api.tes.ser.api.KafkaSerdesTester] (Thread-716) topic-8e4cfd1b_8167_4c06_ad86_2267318736fa 0 0 {"key11755010190054": "value-0"}
2025-08-12 14:49:55,083 INFO  [io.api.tes.ser.api.KafkaSerdesTester] (Thread-716) topic-8e4cfd1b_8167_4c06_ad86_2267318736fa 0 1 {"key11755010190054": "value-1"}
2025-08-12 14:49:55,084 INFO  [io.api.tes.ser.api.KafkaSerdesTester] (Thread-716) topic-8e4cfd1b_8167_4c06_ad86_2267318736fa 0 2 {"key11755010190054": "value-2"}
2025-08-12 14:49:55,084 INFO  [io.api.tes.ser.api.KafkaSerdesTester] (Thread-716) topic-8e4cfd1b_8167_4c06_ad86_2267318736fa 0 3 {"key11755010190054": "value-3"}
2025-08-12 14:49:55,084 INFO  [io.api.tes.ser.api.KafkaSerdesTester] (Thread-716) topic-8e4cfd1b_8167_4c06_ad86_2267318736fa 0 4 {"key11755010190054": "value-4"}
2025-08-12 14:49:55,084 INFO  [io.api.tes.ser.api.KafkaSerdesTester] (Thread-716) topic-8e4cfd1b_8167_4c06_ad86_2267318736fa 0 5 {"key11755010190054": "value-5"}
2025-08-12 14:49:55,084 INFO  [io.api.tes.ser.api.KafkaSerdesTester] (Thread-716) topic-8e4cfd1b_8167_4c06_ad86_2267318736fa 0 6 {"key11755010190054": "value-6"}
2025-08-12 14:49:55,084 INFO  [io.api.tes.ser.api.KafkaSerdesTester] (Thread-716) topic-8e4cfd1b_8167_4c06_ad86_2267318736fa 0 7 {"key11755010190054": "value-7"}
2025-08-12 14:49:55,084 INFO  [io.api.tes.ser.api.KafkaSerdesTester] (Thread-716) topic-8e4cfd1b_8167_4c06_ad86_2267318736fa 0 8 {"key11755010190054": "value-8"}
2025-08-12 14:49:55,084 INFO  [io.api.tes.ser.api.KafkaSerdesTester] (Thread-716) topic-8e4cfd1b_8167_4c06_ad86_2267318736fa 0 9 {"key11755010190054": "value-9"}
2025-08-12 14:49:55,084 INFO  [io.api.tes.ser.api.KafkaSerdesTester] (Thread-716) Consumed 10 messages
2025-08-12 14:49:55,091 INFO  [org.apa.kaf.cli.con.int.ConsumerRebalanceListenerInvoker] (Thread-716) [Consumer clientId=consumer-Consumer-topic-8e4cfd1b_8167_4c06_ad86_2267318736fa-14, groupId=Consumer-topic-8e4cfd1b_8167_4c06_ad86_2267318736fa] Revoke previously assigned partitions topic-8e4cfd1b_8167_4c06_ad86_2267318736fa-0
2025-08-12 14:49:55,091 INFO  [org.apa.kaf.cli.con.int.ConsumerCoordinator] (Thread-716) [Consumer clientId=consumer-Consumer-topic-8e4cfd1b_8167_4c06_ad86_2267318736fa-14, groupId=Consumer-topic-8e4cfd1b_8167_4c06_ad86_2267318736fa] Member consumer-Consumer-topic-8e4cfd1b_8167_4c06_ad86_2267318736fa-14-5b1ba4c7-0db2-4ecd-a40c-40d14317df93 sending LeaveGroup request to coordinator localhost:32769 (id: 2147483647 rack: null) due to the consumer is being closed
2025-08-12 14:49:55,091 INFO  [org.apa.kaf.cli.con.int.ConsumerCoordinator] (Thread-716) [Consumer clientId=consumer-Consumer-topic-8e4cfd1b_8167_4c06_ad86_2267318736fa-14, groupId=Consumer-topic-8e4cfd1b_8167_4c06_ad86_2267318736fa] Resetting generation and member id due to: consumer pro-actively leaving the group
2025-08-12 14:49:55,091 INFO  [org.apa.kaf.cli.con.int.ConsumerCoordinator] (Thread-716) [Consumer clientId=consumer-Consumer-topic-8e4cfd1b_8167_4c06_ad86_2267318736fa-14, groupId=Consumer-topic-8e4cfd1b_8167_4c06_ad86_2267318736fa] Request joining group due to: consumer pro-actively leaving the group
2025-08-12 14:49:55,585 INFO  [org.apa.kaf.com.met.Metrics] (Thread-716) Metrics scheduler closed
2025-08-12 14:49:55,586 INFO  [org.apa.kaf.com.met.Metrics] (Thread-716) Closing reporter org.apache.kafka.common.metrics.JmxReporter
2025-08-12 14:49:55,586 INFO  [org.apa.kaf.com.met.Metrics] (Thread-716) Closing reporter org.apache.kafka.common.telemetry.internals.ClientTelemetryReporter
2025-08-12 14:49:55,586 INFO  [org.apa.kaf.com.met.Metrics] (Thread-716) Metrics reporters closed
2025-08-12 14:49:55,588 INFO  [org.apa.kaf.com.uti.AppInfoParser] (Thread-716) App info kafka.consumer for consumer-Consumer-topic-8e4cfd1b_8167_4c06_ad86_2267318736fa-14 unregistered
2025-08-12 14:49:55,588 INFO  [org.apa.kaf.cli.con.int.ClassicKafkaConsumer] (Thread-717) [Consumer clientId=consumer-Consumer-topic-7ad52a4a_837f_4bd1_a3f0_630e9917711c-15, groupId=Consumer-topic-7ad52a4a_837f_4bd1_a3f0_630e9917711c] Subscribed to topic(s): topic-7ad52a4a_837f_4bd1_a3f0_630e9917711c
2025-08-12 14:49:55,594 INFO  [org.apa.kaf.cli.Metadata] (Thread-717) [Consumer clientId=consumer-Consumer-topic-7ad52a4a_837f_4bd1_a3f0_630e9917711c-15, groupId=Consumer-topic-7ad52a4a_837f_4bd1_a3f0_630e9917711c] Cluster ID: 2kzKdHjlS02ID15h9rF1bw
2025-08-12 14:49:55,595 INFO  [org.apa.kaf.cli.con.int.ConsumerCoordinator] (Thread-717) [Consumer clientId=consumer-Consumer-topic-7ad52a4a_837f_4bd1_a3f0_630e9917711c-15, groupId=Consumer-topic-7ad52a4a_837f_4bd1_a3f0_630e9917711c] Discovered group coordinator localhost:32769 (id: 2147483647 rack: null)
2025-08-12 14:49:55,598 INFO  [org.apa.kaf.cli.con.int.ConsumerCoordinator] (Thread-717) [Consumer clientId=consumer-Consumer-topic-7ad52a4a_837f_4bd1_a3f0_630e9917711c-15, groupId=Consumer-topic-7ad52a4a_837f_4bd1_a3f0_630e9917711c] (Re-)joining group
2025-08-12 14:49:55,599 INFO  [org.apa.kaf.cli.con.int.ConsumerCoordinator] (Thread-717) [Consumer clientId=consumer-Consumer-topic-7ad52a4a_837f_4bd1_a3f0_630e9917711c-15, groupId=Consumer-topic-7ad52a4a_837f_4bd1_a3f0_630e9917711c] Request joining group due to: need to re-join with the given member-id: consumer-Consumer-topic-7ad52a4a_837f_4bd1_a3f0_630e9917711c-15-5d43401b-fc1f-4d36-bd57-427ebb486a6e
2025-08-12 14:49:55,599 INFO  [org.apa.kaf.cli.con.int.ConsumerCoordinator] (Thread-717) [Consumer clientId=consumer-Consumer-topic-7ad52a4a_837f_4bd1_a3f0_630e9917711c-15, groupId=Consumer-topic-7ad52a4a_837f_4bd1_a3f0_630e9917711c] (Re-)joining group
2025-08-12 14:49:56,589 INFO  [io.api.tes.ser.api.KafkaSerdesTester] (Thread-717) None found
2025-08-12 14:49:57,589 INFO  [io.api.tes.ser.api.KafkaSerdesTester] (Thread-717) None found
2025-08-12 14:49:58,591 INFO  [io.api.tes.ser.api.KafkaSerdesTester] (Thread-717) None found
2025-08-12 14:49:58,601 INFO  [org.apa.kaf.cli.con.int.ConsumerCoordinator] (Thread-717) [Consumer clientId=consumer-Consumer-topic-7ad52a4a_837f_4bd1_a3f0_630e9917711c-15, groupId=Consumer-topic-7ad52a4a_837f_4bd1_a3f0_630e9917711c] Successfully joined group with generation Generation{generationId=1, memberId='consumer-Consumer-topic-7ad52a4a_837f_4bd1_a3f0_630e9917711c-15-5d43401b-fc1f-4d36-bd57-427ebb486a6e', protocol='range'}
2025-08-12 14:49:58,601 INFO  [org.apa.kaf.cli.con.int.ConsumerCoordinator] (Thread-717) [Consumer clientId=consumer-Consumer-topic-7ad52a4a_837f_4bd1_a3f0_630e9917711c-15, groupId=Consumer-topic-7ad52a4a_837f_4bd1_a3f0_630e9917711c] Finished assignment for group at generation 1: {consumer-Consumer-topic-7ad52a4a_837f_4bd1_a3f0_630e9917711c-15-5d43401b-fc1f-4d36-bd57-427ebb486a6e=Assignment(partitions=[topic-7ad52a4a_837f_4bd1_a3f0_630e9917711c-0])}
2025-08-12 14:49:58,609 INFO  [org.apa.kaf.cli.con.int.ConsumerCoordinator] (Thread-717) [Consumer clientId=consumer-Consumer-topic-7ad52a4a_837f_4bd1_a3f0_630e9917711c-15, groupId=Consumer-topic-7ad52a4a_837f_4bd1_a3f0_630e9917711c] Successfully synced group in generation Generation{generationId=1, memberId='consumer-Consumer-topic-7ad52a4a_837f_4bd1_a3f0_630e9917711c-15-5d43401b-fc1f-4d36-bd57-427ebb486a6e', protocol='range'}
2025-08-12 14:49:58,609 INFO  [org.apa.kaf.cli.con.int.ConsumerCoordinator] (Thread-717) [Consumer clientId=consumer-Consumer-topic-7ad52a4a_837f_4bd1_a3f0_630e9917711c-15, groupId=Consumer-topic-7ad52a4a_837f_4bd1_a3f0_630e9917711c] Notifying assignor about the new Assignment(partitions=[topic-7ad52a4a_837f_4bd1_a3f0_630e9917711c-0])
2025-08-12 14:49:58,609 INFO  [org.apa.kaf.cli.con.int.ConsumerRebalanceListenerInvoker] (Thread-717) [Consumer clientId=consumer-Consumer-topic-7ad52a4a_837f_4bd1_a3f0_630e9917711c-15, groupId=Consumer-topic-7ad52a4a_837f_4bd1_a3f0_630e9917711c] Adding newly assigned partitions: topic-7ad52a4a_837f_4bd1_a3f0_630e9917711c-0
2025-08-12 14:49:58,610 INFO  [org.apa.kaf.cli.con.int.ConsumerCoordinator] (Thread-717) [Consumer clientId=consumer-Consumer-topic-7ad52a4a_837f_4bd1_a3f0_630e9917711c-15, groupId=Consumer-topic-7ad52a4a_837f_4bd1_a3f0_630e9917711c] Found no committed offset for partition topic-7ad52a4a_837f_4bd1_a3f0_630e9917711c-0
2025-08-12 14:49:58,615 INFO  [org.apa.kaf.cli.con.int.SubscriptionState] (Thread-717) [Consumer clientId=consumer-Consumer-topic-7ad52a4a_837f_4bd1_a3f0_630e9917711c-15, groupId=Consumer-topic-7ad52a4a_837f_4bd1_a3f0_630e9917711c] Resetting offset for partition topic-7ad52a4a_837f_4bd1_a3f0_630e9917711c-0 to position FetchPosition{offset=0, offsetEpoch=Optional.empty, currentLeader=LeaderAndEpoch{leader=Optional[localhost:32769 (id: 0 rack: null)], epoch=0}}.
2025-08-12 14:49:58,852 INFO  [io.api.tes.ser.api.KafkaSerdesTester] (Thread-717) topic-7ad52a4a_837f_4bd1_a3f0_630e9917711c 0 0 {"key11755010190054": "value-0"}
2025-08-12 14:49:58,852 INFO  [io.api.tes.ser.api.KafkaSerdesTester] (Thread-717) topic-7ad52a4a_837f_4bd1_a3f0_630e9917711c 0 1 {"key11755010190054": "value-1"}
2025-08-12 14:49:58,852 INFO  [io.api.tes.ser.api.KafkaSerdesTester] (Thread-717) topic-7ad52a4a_837f_4bd1_a3f0_630e9917711c 0 2 {"key11755010190054": "value-2"}
2025-08-12 14:49:58,852 INFO  [io.api.tes.ser.api.KafkaSerdesTester] (Thread-717) topic-7ad52a4a_837f_4bd1_a3f0_630e9917711c 0 3 {"key11755010190054": "value-3"}
2025-08-12 14:49:58,852 INFO  [io.api.tes.ser.api.KafkaSerdesTester] (Thread-717) topic-7ad52a4a_837f_4bd1_a3f0_630e9917711c 0 4 {"key11755010190054": "value-4"}
2025-08-12 14:49:58,852 INFO  [io.api.tes.ser.api.KafkaSerdesTester] (Thread-717) topic-7ad52a4a_837f_4bd1_a3f0_630e9917711c 0 5 {"key11755010190054": "value-5"}
2025-08-12 14:49:58,852 INFO  [io.api.tes.ser.api.KafkaSerdesTester] (Thread-717) topic-7ad52a4a_837f_4bd1_a3f0_630e9917711c 0 6 {"key11755010190054": "value-6"}
2025-08-12 14:49:58,852 INFO  [io.api.tes.ser.api.KafkaSerdesTester] (Thread-717) topic-7ad52a4a_837f_4bd1_a3f0_630e9917711c 0 7 {"key11755010190054": "value-7"}
2025-08-12 14:49:58,852 INFO  [io.api.tes.ser.api.KafkaSerdesTester] (Thread-717) topic-7ad52a4a_837f_4bd1_a3f0_630e9917711c 0 8 {"key11755010190054": "value-8"}
2025-08-12 14:49:58,852 INFO  [io.api.tes.ser.api.KafkaSerdesTester] (Thread-717) topic-7ad52a4a_837f_4bd1_a3f0_630e9917711c 0 9 {"key11755010190054": "value-9"}
2025-08-12 14:49:58,852 INFO  [io.api.tes.ser.api.KafkaSerdesTester] (Thread-717) Consumed 10 messages
2025-08-12 14:49:58,860 INFO  [org.apa.kaf.cli.con.int.ConsumerRebalanceListenerInvoker] (Thread-717) [Consumer clientId=consumer-Consumer-topic-7ad52a4a_837f_4bd1_a3f0_630e9917711c-15, groupId=Consumer-topic-7ad52a4a_837f_4bd1_a3f0_630e9917711c] Revoke previously assigned partitions topic-7ad52a4a_837f_4bd1_a3f0_630e9917711c-0
2025-08-12 14:49:58,860 INFO  [org.apa.kaf.cli.con.int.ConsumerCoordinator] (Thread-717) [Consumer clientId=consumer-Consumer-topic-7ad52a4a_837f_4bd1_a3f0_630e9917711c-15, groupId=Consumer-topic-7ad52a4a_837f_4bd1_a3f0_630e9917711c] Member consumer-Consumer-topic-7ad52a4a_837f_4bd1_a3f0_630e9917711c-15-5d43401b-fc1f-4d36-bd57-427ebb486a6e sending LeaveGroup request to coordinator localhost:32769 (id: 2147483647 rack: null) due to the consumer is being closed
2025-08-12 14:49:58,860 INFO  [org.apa.kaf.cli.con.int.ConsumerCoordinator] (Thread-717) [Consumer clientId=consumer-Consumer-topic-7ad52a4a_837f_4bd1_a3f0_630e9917711c-15, groupId=Consumer-topic-7ad52a4a_837f_4bd1_a3f0_630e9917711c] Resetting generation and member id due to: consumer pro-actively leaving the group
2025-08-12 14:49:58,860 INFO  [org.apa.kaf.cli.con.int.ConsumerCoordinator] (Thread-717) [Consumer clientId=consumer-Consumer-topic-7ad52a4a_837f_4bd1_a3f0_630e9917711c-15, groupId=Consumer-topic-7ad52a4a_837f_4bd1_a3f0_630e9917711c] Request joining group due to: consumer pro-actively leaving the group
2025-08-12 14:49:59,354 INFO  [org.apa.kaf.com.met.Metrics] (Thread-717) Metrics scheduler closed
2025-08-12 14:49:59,354 INFO  [org.apa.kaf.com.met.Metrics] (Thread-717) Closing reporter org.apache.kafka.common.metrics.JmxReporter
2025-08-12 14:49:59,354 INFO  [org.apa.kaf.com.met.Metrics] (Thread-717) Closing reporter org.apache.kafka.common.telemetry.internals.ClientTelemetryReporter
2025-08-12 14:49:59,354 INFO  [org.apa.kaf.com.met.Metrics] (Thread-717) Metrics reporters closed
2025-08-12 14:49:59,356 INFO  [org.apa.kaf.com.uti.AppInfoParser] (Thread-717) App info kafka.consumer for consumer-Consumer-topic-7ad52a4a_837f_4bd1_a3f0_630e9917711c-15 unregistered
2025-08-12 14:49:59,357 INFO  [org.apa.kaf.cli.con.int.ClassicKafkaConsumer] (Thread-718) [Consumer clientId=consumer-Consumer-topic-3058faa5_820d_4eac_b7fa_1e41ba549588-16, groupId=Consumer-topic-3058faa5_820d_4eac_b7fa_1e41ba549588] Subscribed to topic(s): topic-3058faa5_820d_4eac_b7fa_1e41ba549588
2025-08-12 14:49:59,363 INFO  [org.apa.kaf.cli.Metadata] (Thread-718) [Consumer clientId=consumer-Consumer-topic-3058faa5_820d_4eac_b7fa_1e41ba549588-16, groupId=Consumer-topic-3058faa5_820d_4eac_b7fa_1e41ba549588] Cluster ID: 2kzKdHjlS02ID15h9rF1bw
2025-08-12 14:49:59,364 INFO  [org.apa.kaf.cli.con.int.ConsumerCoordinator] (Thread-718) [Consumer clientId=consumer-Consumer-topic-3058faa5_820d_4eac_b7fa_1e41ba549588-16, groupId=Consumer-topic-3058faa5_820d_4eac_b7fa_1e41ba549588] Discovered group coordinator localhost:32769 (id: 2147483647 rack: null)
2025-08-12 14:49:59,365 INFO  [org.apa.kaf.cli.con.int.ConsumerCoordinator] (Thread-718) [Consumer clientId=consumer-Consumer-topic-3058faa5_820d_4eac_b7fa_1e41ba549588-16, groupId=Consumer-topic-3058faa5_820d_4eac_b7fa_1e41ba549588] (Re-)joining group
2025-08-12 14:49:59,368 INFO  [org.apa.kaf.cli.con.int.ConsumerCoordinator] (Thread-718) [Consumer clientId=consumer-Consumer-topic-3058faa5_820d_4eac_b7fa_1e41ba549588-16, groupId=Consumer-topic-3058faa5_820d_4eac_b7fa_1e41ba549588] Request joining group due to: need to re-join with the given member-id: consumer-Consumer-topic-3058faa5_820d_4eac_b7fa_1e41ba549588-16-6c4bd2f6-0219-4b38-9b68-82e317ef473a
2025-08-12 14:49:59,368 INFO  [org.apa.kaf.cli.con.int.ConsumerCoordinator] (Thread-718) [Consumer clientId=consumer-Consumer-topic-3058faa5_820d_4eac_b7fa_1e41ba549588-16, groupId=Consumer-topic-3058faa5_820d_4eac_b7fa_1e41ba549588] (Re-)joining group
2025-08-12 14:50:00,357 INFO  [io.api.tes.ser.api.KafkaSerdesTester] (Thread-718) None found
2025-08-12 14:50:01,359 INFO  [io.api.tes.ser.api.KafkaSerdesTester] (Thread-718) None found
2025-08-12 14:50:02,359 INFO  [io.api.tes.ser.api.KafkaSerdesTester] (Thread-718) None found
2025-08-12 14:50:02,370 INFO  [org.apa.kaf.cli.con.int.ConsumerCoordinator] (Thread-718) [Consumer clientId=consumer-Consumer-topic-3058faa5_820d_4eac_b7fa_1e41ba549588-16, groupId=Consumer-topic-3058faa5_820d_4eac_b7fa_1e41ba549588] Successfully joined group with generation Generation{generationId=1, memberId='consumer-Consumer-topic-3058faa5_820d_4eac_b7fa_1e41ba549588-16-6c4bd2f6-0219-4b38-9b68-82e317ef473a', protocol='range'}
2025-08-12 14:50:02,371 INFO  [org.apa.kaf.cli.con.int.ConsumerCoordinator] (Thread-718) [Consumer clientId=consumer-Consumer-topic-3058faa5_820d_4eac_b7fa_1e41ba549588-16, groupId=Consumer-topic-3058faa5_820d_4eac_b7fa_1e41ba549588] Finished assignment for group at generation 1: {consumer-Consumer-topic-3058faa5_820d_4eac_b7fa_1e41ba549588-16-6c4bd2f6-0219-4b38-9b68-82e317ef473a=Assignment(partitions=[topic-3058faa5_820d_4eac_b7fa_1e41ba549588-0])}
2025-08-12 14:50:02,378 INFO  [org.apa.kaf.cli.con.int.ConsumerCoordinator] (Thread-718) [Consumer clientId=consumer-Consumer-topic-3058faa5_820d_4eac_b7fa_1e41ba549588-16, groupId=Consumer-topic-3058faa5_820d_4eac_b7fa_1e41ba549588] Successfully synced group in generation Generation{generationId=1, memberId='consumer-Consumer-topic-3058faa5_820d_4eac_b7fa_1e41ba549588-16-6c4bd2f6-0219-4b38-9b68-82e317ef473a', protocol='range'}
2025-08-12 14:50:02,378 INFO  [org.apa.kaf.cli.con.int.ConsumerCoordinator] (Thread-718) [Consumer clientId=consumer-Consumer-topic-3058faa5_820d_4eac_b7fa_1e41ba549588-16, groupId=Consumer-topic-3058faa5_820d_4eac_b7fa_1e41ba549588] Notifying assignor about the new Assignment(partitions=[topic-3058faa5_820d_4eac_b7fa_1e41ba549588-0])
2025-08-12 14:50:02,378 INFO  [org.apa.kaf.cli.con.int.ConsumerRebalanceListenerInvoker] (Thread-718) [Consumer clientId=consumer-Consumer-topic-3058faa5_820d_4eac_b7fa_1e41ba549588-16, groupId=Consumer-topic-3058faa5_820d_4eac_b7fa_1e41ba549588] Adding newly assigned partitions: topic-3058faa5_820d_4eac_b7fa_1e41ba549588-0
2025-08-12 14:50:02,379 INFO  [org.apa.kaf.cli.con.int.ConsumerCoordinator] (Thread-718) [Consumer clientId=consumer-Consumer-topic-3058faa5_820d_4eac_b7fa_1e41ba549588-16, groupId=Consumer-topic-3058faa5_820d_4eac_b7fa_1e41ba549588] Found no committed offset for partition topic-3058faa5_820d_4eac_b7fa_1e41ba549588-0
2025-08-12 14:50:02,382 INFO  [org.apa.kaf.cli.con.int.SubscriptionState] (Thread-718) [Consumer clientId=consumer-Consumer-topic-3058faa5_820d_4eac_b7fa_1e41ba549588-16, groupId=Consumer-topic-3058faa5_820d_4eac_b7fa_1e41ba549588] Resetting offset for partition topic-3058faa5_820d_4eac_b7fa_1e41ba549588-0 to position FetchPosition{offset=0, offsetEpoch=Optional.empty, currentLeader=LeaderAndEpoch{leader=Optional[localhost:32769 (id: 0 rack: null)], epoch=0}}.
2025-08-12 14:50:02,613 INFO  [io.api.tes.ser.api.KafkaSerdesTester] (Thread-718) topic-3058faa5_820d_4eac_b7fa_1e41ba549588 0 0 {"key11755010190054": "value-0"}
2025-08-12 14:50:02,613 INFO  [io.api.tes.ser.api.KafkaSerdesTester] (Thread-718) topic-3058faa5_820d_4eac_b7fa_1e41ba549588 0 1 {"key11755010190054": "value-1"}
2025-08-12 14:50:02,613 INFO  [io.api.tes.ser.api.KafkaSerdesTester] (Thread-718) topic-3058faa5_820d_4eac_b7fa_1e41ba549588 0 2 {"key11755010190054": "value-2"}
2025-08-12 14:50:02,613 INFO  [io.api.tes.ser.api.KafkaSerdesTester] (Thread-718) topic-3058faa5_820d_4eac_b7fa_1e41ba549588 0 3 {"key11755010190054": "value-3"}
2025-08-12 14:50:02,613 INFO  [io.api.tes.ser.api.KafkaSerdesTester] (Thread-718) topic-3058faa5_820d_4eac_b7fa_1e41ba549588 0 4 {"key11755010190054": "value-4"}
2025-08-12 14:50:02,613 INFO  [io.api.tes.ser.api.KafkaSerdesTester] (Thread-718) topic-3058faa5_820d_4eac_b7fa_1e41ba549588 0 5 {"key11755010190054": "value-5"}
2025-08-12 14:50:02,614 INFO  [io.api.tes.ser.api.KafkaSerdesTester] (Thread-718) topic-3058faa5_820d_4eac_b7fa_1e41ba549588 0 6 {"key11755010190054": "value-6"}
2025-08-12 14:50:02,614 INFO  [io.api.tes.ser.api.KafkaSerdesTester] (Thread-718) topic-3058faa5_820d_4eac_b7fa_1e41ba549588 0 7 {"key11755010190054": "value-7"}
2025-08-12 14:50:02,614 INFO  [io.api.tes.ser.api.KafkaSerdesTester] (Thread-718) topic-3058faa5_820d_4eac_b7fa_1e41ba549588 0 8 {"key11755010190054": "value-8"}
2025-08-12 14:50:02,614 INFO  [io.api.tes.ser.api.KafkaSerdesTester] (Thread-718) topic-3058faa5_820d_4eac_b7fa_1e41ba549588 0 9 {"key11755010190054": "value-9"}
2025-08-12 14:50:02,614 INFO  [io.api.tes.ser.api.KafkaSerdesTester] (Thread-718) Consumed 10 messages
2025-08-12 14:50:02,621 INFO  [org.apa.kaf.cli.con.int.ConsumerRebalanceListenerInvoker] (Thread-718) [Consumer clientId=consumer-Consumer-topic-3058faa5_820d_4eac_b7fa_1e41ba549588-16, groupId=Consumer-topic-3058faa5_820d_4eac_b7fa_1e41ba549588] Revoke previously assigned partitions topic-3058faa5_820d_4eac_b7fa_1e41ba549588-0
2025-08-12 14:50:02,622 INFO  [org.apa.kaf.cli.con.int.ConsumerCoordinator] (Thread-718) [Consumer clientId=consumer-Consumer-topic-3058faa5_820d_4eac_b7fa_1e41ba549588-16, groupId=Consumer-topic-3058faa5_820d_4eac_b7fa_1e41ba549588] Member consumer-Consumer-topic-3058faa5_820d_4eac_b7fa_1e41ba549588-16-6c4bd2f6-0219-4b38-9b68-82e317ef473a sending LeaveGroup request to coordinator localhost:32769 (id: 2147483647 rack: null) due to the consumer is being closed
2025-08-12 14:50:02,622 INFO  [org.apa.kaf.cli.con.int.ConsumerCoordinator] (Thread-718) [Consumer clientId=consumer-Consumer-topic-3058faa5_820d_4eac_b7fa_1e41ba549588-16, groupId=Consumer-topic-3058faa5_820d_4eac_b7fa_1e41ba549588] Resetting generation and member id due to: consumer pro-actively leaving the group
2025-08-12 14:50:02,622 INFO  [org.apa.kaf.cli.con.int.ConsumerCoordinator] (Thread-718) [Consumer clientId=consumer-Consumer-topic-3058faa5_820d_4eac_b7fa_1e41ba549588-16, groupId=Consumer-topic-3058faa5_820d_4eac_b7fa_1e41ba549588] Request joining group due to: consumer pro-actively leaving the group
2025-08-12 14:50:03,114 INFO  [org.apa.kaf.com.met.Metrics] (Thread-718) Metrics scheduler closed
2025-08-12 14:50:03,114 INFO  [org.apa.kaf.com.met.Metrics] (Thread-718) Closing reporter org.apache.kafka.common.metrics.JmxReporter
2025-08-12 14:50:03,114 INFO  [org.apa.kaf.com.met.Metrics] (Thread-718) Closing reporter org.apache.kafka.common.telemetry.internals.ClientTelemetryReporter
2025-08-12 14:50:03,114 INFO  [org.apa.kaf.com.met.Metrics] (Thread-718) Metrics reporters closed
2025-08-12 14:50:03,117 INFO  [org.apa.kaf.com.uti.AppInfoParser] (Thread-718) App info kafka.consumer for consumer-Consumer-topic-3058faa5_820d_4eac_b7fa_1e41ba549588-16 unregistered
2025-08-12 14:50:03,119 INFO  [io.api.tes.uti.TestSeparator] (main) io.apicurio.tests.serdes.apicurio.AvroSerdeIT.testAvroConfluentForMultipleTopics-FINISHED
2025-08-12 14:50:03,119 INFO  [io.api.tes.uti.TestSeparator] (main) ############################################################################
Test passed: testAvroConfluentForMultipleTopics
]]></system-out>
  </testcase>
  <testcase name="testFirstRequestFailsRateLimited" classname="io.apicurio.tests.serdes.apicurio.AvroSerdeIT" time="1.256">
    <system-out><![CDATA[2025-08-12 14:50:03,120 INFO  [io.api.tes.uti.TestSeparator] (main) ############################################################################
2025-08-12 14:50:03,120 INFO  [io.api.tes.uti.TestSeparator] (main) io.apicurio.tests.serdes.apicurio.AvroSerdeIT.testFirstRequestFailsRateLimited-STARTED
2025-08-12 14:50:03,793 WARN  [org.ecl.jet.ser.AbstractConnector] (main) Acceptors should be <= availableProcessors: NetworkTrafficServerConnector@3d947adf{HTTP/1.1, (http/1.1, h2c)}{0.0.0.0:0} 
2025-08-12 14:50:03,938 INFO  [org.ecl.jet.ser.Server] (main) jetty-11.0.15; built: 2023-04-11T18:37:53.775Z; git: 5bc5e562c8d05c5862505aebe5cf83a61bdbcb96; jvm 17.0.16+8
2025-08-12 14:50:03,985 INFO  [org.ecl.jet.ser.han.ContextHandler] (main) Started o.e.j.s.ServletContextHandler@104ce963{/__admin,null,AVAILABLE}
2025-08-12 14:50:04,019 INFO  [org.ecl.jet.ser.han.Con.ROOT] (main) RequestHandlerClass from context returned com.github.tomakehurst.wiremock.http.StubRequestHandler. Normalized mapped under returned 'null'
2025-08-12 14:50:04,020 INFO  [org.ecl.jet.ser.han.ContextHandler] (main) Started o.e.j.s.ServletContextHandler@3b00a7b9{/,null,AVAILABLE}
2025-08-12 14:50:04,036 INFO  [org.ecl.jet.ser.AbstractConnector] (main) Started NetworkTrafficServerConnector@3d947adf{HTTP/1.1, (http/1.1, h2c)}{0.0.0.0:45541}
2025-08-12 14:50:04,039 INFO  [org.ecl.jet.ser.Server] (main) Started Server@326471ab{STARTING}[11.0.15,sto=1000] @125363ms
**** Registry Base URL: http://registry-app-inmemory.apps.ci419.apicurio-testing.org:80
2025-08-12 14:50:04,052 INFO  [org.apa.kaf.cli.pro.ProducerConfig] (main) ProducerConfig values: 
	acks = -1
	auto.include.jmx.reporter = true
	batch.size = 16384
	bootstrap.servers = [PLAINTEXT://localhost:32769]
	buffer.memory = 33554432
	client.dns.lookup = use_all_dns_ips
	client.id = Producer-topic-b51d3ec4_f950_4224_baf4_e2e4f292b142
	compression.gzip.level = -1
	compression.lz4.level = 9
	compression.type = none
	compression.zstd.level = 3
	connections.max.idle.ms = 10000
	delivery.timeout.ms = 120000
	enable.idempotence = true
	enable.metrics.push = true
	interceptor.classes = []
	key.serializer = class org.apache.kafka.common.serialization.StringSerializer
	linger.ms = 0
	max.block.ms = 60000
	max.in.flight.requests.per.connection = 5
	max.request.size = 1048576
	metadata.max.age.ms = 300000
	metadata.max.idle.ms = 300000
	metadata.recovery.strategy = none
	metric.reporters = []
	metrics.num.samples = 2
	metrics.recording.level = INFO
	metrics.sample.window.ms = 30000
	partitioner.adaptive.partitioning.enable = true
	partitioner.availability.timeout.ms = 0
	partitioner.class = null
	partitioner.ignore.keys = false
	receive.buffer.bytes = 32768
	reconnect.backoff.max.ms = 1000
	reconnect.backoff.ms = 50
	request.timeout.ms = 5000
	retries = 2147483647
	retry.backoff.max.ms = 1000
	retry.backoff.ms = 100
	sasl.client.callback.handler.class = null
	sasl.jaas.config = null
	sasl.kerberos.kinit.cmd = /usr/bin/kinit
	sasl.kerberos.min.time.before.relogin = 60000
	sasl.kerberos.service.name = null
	sasl.kerberos.ticket.renew.jitter = 0.05
	sasl.kerberos.ticket.renew.window.factor = 0.8
	sasl.login.callback.handler.class = null
	sasl.login.class = null
	sasl.login.connect.timeout.ms = null
	sasl.login.read.timeout.ms = null
	sasl.login.refresh.buffer.seconds = 300
	sasl.login.refresh.min.period.seconds = 60
	sasl.login.refresh.window.factor = 0.8
	sasl.login.refresh.window.jitter = 0.05
	sasl.login.retry.backoff.max.ms = 10000
	sasl.login.retry.backoff.ms = 100
	sasl.mechanism = GSSAPI
	sasl.oauthbearer.clock.skew.seconds = 30
	sasl.oauthbearer.expected.audience = null
	sasl.oauthbearer.expected.issuer = null
	sasl.oauthbearer.header.urlencode = false
	sasl.oauthbearer.jwks.endpoint.refresh.ms = 3600000
	sasl.oauthbearer.jwks.endpoint.retry.backoff.max.ms = 10000
	sasl.oauthbearer.jwks.endpoint.retry.backoff.ms = 100
	sasl.oauthbearer.jwks.endpoint.url = null
	sasl.oauthbearer.scope.claim.name = scope
	sasl.oauthbearer.sub.claim.name = sub
	sasl.oauthbearer.token.endpoint.url = null
	security.protocol = PLAINTEXT
	security.providers = null
	send.buffer.bytes = 131072
	socket.connection.setup.timeout.max.ms = 30000
	socket.connection.setup.timeout.ms = 10000
	ssl.cipher.suites = null
	ssl.enabled.protocols = [TLSv1.2, TLSv1.3]
	ssl.endpoint.identification.algorithm = https
	ssl.engine.factory.class = null
	ssl.key.password = null
	ssl.keymanager.algorithm = SunX509
	ssl.keystore.certificate.chain = null
	ssl.keystore.key = null
	ssl.keystore.location = null
	ssl.keystore.password = null
	ssl.keystore.type = JKS
	ssl.protocol = TLSv1.3
	ssl.provider = null
	ssl.secure.random.implementation = null
	ssl.trustmanager.algorithm = PKIX
	ssl.truststore.certificates = null
	ssl.truststore.location = null
	ssl.truststore.password = null
	ssl.truststore.type = JKS
	transaction.timeout.ms = 60000
	transactional.id = null
	value.serializer = class io.apicurio.registry.serde.avro.AvroKafkaSerializer

2025-08-12 14:50:04,053 INFO  [org.apa.kaf.com.tel.int.KafkaMetricsCollector] (main) initializing Kafka metrics collector
2025-08-12 14:50:04,058 INFO  [org.apa.kaf.cli.pro.KafkaProducer] (main) [Producer clientId=Producer-topic-b51d3ec4_f950_4224_baf4_e2e4f292b142] Instantiated an idempotent producer.
2025-08-12 14:50:04,060 INFO  [org.apa.kaf.cli.pro.ProducerConfig] (main) These configurations '[apicurio.registry.url, apicurio.registry.artifact-resolver-strategy]' were supplied but are not used yet.
2025-08-12 14:50:04,060 INFO  [org.apa.kaf.com.uti.AppInfoParser] (main) Kafka version: 3.9.1
2025-08-12 14:50:04,060 INFO  [org.apa.kaf.com.uti.AppInfoParser] (main) Kafka commitId: f745dfdcee2b9851
2025-08-12 14:50:04,060 INFO  [org.apa.kaf.com.uti.AppInfoParser] (main) Kafka startTimeMs: 1755010204060
2025-08-12 14:50:04,063 INFO  [io.api.tes.ser.api.KafkaSerdesTester] (Thread-729) Sending message {"keyB": "value-0"} to topic topic-b51d3ec4_f950_4224_baf4_e2e4f292b142
2025-08-12 14:50:04,068 WARN  [org.apa.kaf.cli.NetworkClient] (kafka-producer-network-thread | Producer-topic-b51d3ec4_f950_4224_baf4_e2e4f292b142) [Producer clientId=Producer-topic-b51d3ec4_f950_4224_baf4_e2e4f292b142] The metadata response from the cluster reported a recoverable issue with correlation id 1 : {topic-b51d3ec4_f950_4224_baf4_e2e4f292b142=UNKNOWN_TOPIC_OR_PARTITION}
2025-08-12 14:50:04,068 INFO  [org.apa.kaf.cli.Metadata] (kafka-producer-network-thread | Producer-topic-b51d3ec4_f950_4224_baf4_e2e4f292b142) [Producer clientId=Producer-topic-b51d3ec4_f950_4224_baf4_e2e4f292b142] Cluster ID: 2kzKdHjlS02ID15h9rF1bw
2025-08-12 14:50:04,068 INFO  [org.apa.kaf.cli.pro.int.TransactionManager] (kafka-producer-network-thread | Producer-topic-b51d3ec4_f950_4224_baf4_e2e4f292b142) [Producer clientId=Producer-topic-b51d3ec4_f950_4224_baf4_e2e4f292b142] ProducerId set to 22 with epoch 0
2025-08-12 14:50:04,181 INFO  [DefaultSchemaResolver] (Thread-729) Retrieving schema content using string: {"type":"record","name":"myrecord","namespace":"mygroup","fields":[{"name":"keyB","type":"string"}]}
2025-08-12 14:50:04,357 INFO  [org.apa.kaf.cli.pro.KafkaProducer] (Thread-729) [Producer clientId=Producer-topic-b51d3ec4_f950_4224_baf4_e2e4f292b142] Closing the Kafka producer with timeoutMillis = 9223372036854775807 ms.
2025-08-12 14:50:04,362 INFO  [org.apa.kaf.com.met.Metrics] (Thread-729) Metrics scheduler closed
2025-08-12 14:50:04,362 INFO  [org.apa.kaf.com.met.Metrics] (Thread-729) Closing reporter org.apache.kafka.common.metrics.JmxReporter
2025-08-12 14:50:04,362 INFO  [org.apa.kaf.com.met.Metrics] (Thread-729) Closing reporter org.apache.kafka.common.telemetry.internals.ClientTelemetryReporter
2025-08-12 14:50:04,362 INFO  [org.apa.kaf.com.met.Metrics] (Thread-729) Metrics reporters closed
2025-08-12 14:50:04,362 INFO  [org.apa.kaf.com.uti.AppInfoParser] (Thread-729) App info kafka.producer for Producer-topic-b51d3ec4_f950_4224_baf4_e2e4f292b142 unregistered
2025-08-12 14:50:04,366 INFO  [org.ecl.jet.ser.Server] (main) Stopped Server@326471ab{STOPPING}[11.0.15,sto=1000]
2025-08-12 14:50:04,366 INFO  [org.ecl.jet.ser.Server] (main) Shutdown Server@326471ab{STOPPING}[11.0.15,sto=1000]
2025-08-12 14:50:04,370 INFO  [org.ecl.jet.ser.AbstractConnector] (main) Stopped NetworkTrafficServerConnector@3d947adf{HTTP/1.1, (http/1.1, h2c)}{0.0.0.0:0}
2025-08-12 14:50:04,372 INFO  [org.ecl.jet.ser.han.ContextHandler] (main) Stopped o.e.j.s.ServletContextHandler@3b00a7b9{/,null,STOPPED}
2025-08-12 14:50:04,372 INFO  [org.ecl.jet.ser.han.ContextHandler] (main) Stopped o.e.j.s.ServletContextHandler@104ce963{/__admin,null,STOPPED}
2025-08-12 14:50:04,375 INFO  [io.api.tes.uti.TestSeparator] (main) io.apicurio.tests.serdes.apicurio.AvroSerdeIT.testFirstRequestFailsRateLimited-FINISHED
2025-08-12 14:50:04,375 INFO  [io.api.tes.uti.TestSeparator] (main) ############################################################################
Test passed: testFirstRequestFailsRateLimited
]]></system-out>
    <system-err><![CDATA[com.microsoft.kiota.ApiException: the server returned an unexpected status code and no error class is registered for this code 429
	at com.microsoft.kiota.ApiExceptionBuilder.withMessage(ApiExceptionBuilder.java:45)
	at io.kiota.http.vertx.VertXRequestAdapter.throwIfFailedResponse(VertXRequestAdapter.java:370)
	at io.kiota.http.vertx.VertXRequestAdapter.send(VertXRequestAdapter.java:170)
	at io.apicurio.registry.rest.client.search.versions.VersionsRequestBuilder.post(VersionsRequestBuilder.java:94)
	at io.apicurio.registry.resolver.client.RegistryClientFacadeImpl.searchVersionsByContent(RegistryClientFacadeImpl.java:106)
	at io.apicurio.registry.resolver.DefaultSchemaResolver.lambda$handleResolveSchemaByContent$3(DefaultSchemaResolver.java:258)
	at io.apicurio.registry.resolver.cache.ERCache.lambda$getValue$0(ERCache.java:174)
	at io.apicurio.registry.resolver.cache.ERCache.retry(ERCache.java:227)
	at io.apicurio.registry.resolver.cache.ERCache.getValue(ERCache.java:173)
	at io.apicurio.registry.resolver.cache.ERCache.getByContent(ERCache.java:147)
	at io.apicurio.registry.resolver.DefaultSchemaResolver.handleResolveSchemaByContent(DefaultSchemaResolver.java:253)
	at io.apicurio.registry.resolver.DefaultSchemaResolver.getSchemaFromRegistry(DefaultSchemaResolver.java:138)
	at io.apicurio.registry.resolver.DefaultSchemaResolver.lambda$resolveSchema$0(DefaultSchemaResolver.java:84)
	at java.base/java.util.Optional.orElseGet(Optional.java:364)
	at io.apicurio.registry.resolver.DefaultSchemaResolver.resolveSchema(DefaultSchemaResolver.java:84)
	at io.apicurio.registry.serde.AbstractSerializer.serializeData(AbstractSerializer.java:62)
	at io.apicurio.registry.serde.KafkaSerializer.serialize(KafkaSerializer.java:77)
	at org.apache.kafka.clients.producer.KafkaProducer.doSend(KafkaProducer.java:1046)
	at org.apache.kafka.clients.producer.KafkaProducer.send(KafkaProducer.java:993)
	at org.apache.kafka.clients.producer.KafkaProducer.send(KafkaProducer.java:875)
	at io.apicurio.tests.serdes.apicurio.KafkaSerdesTester.lambda$produceMessages$3(KafkaSerdesTester.java:138)
	at java.base/java.util.concurrent.CompletableFuture$AsyncSupply.run(CompletableFuture.java:1768)
	at java.base/java.lang.Thread.run(Thread.java:840)
]]></system-err>
  </testcase>
  <testcase name="testFirstEmptyFieldConfusedAsMagicByte" classname="io.apicurio.tests.serdes.apicurio.AvroSerdeIT" time="4.348">
    <system-out><![CDATA[2025-08-12 14:50:04,379 INFO  [io.api.tes.uti.TestSeparator] (main) ############################################################################
2025-08-12 14:50:04,379 INFO  [io.api.tes.uti.TestSeparator] (main) io.apicurio.tests.serdes.apicurio.AvroSerdeIT.testFirstEmptyFieldConfusedAsMagicByte-STARTED
**** Registry Base URL: http://registry-app-inmemory.apps.ci419.apicurio-testing.org:80
2025-08-12 14:50:04,386 INFO  [org.apa.kaf.cli.pro.ProducerConfig] (main) ProducerConfig values: 
	acks = -1
	auto.include.jmx.reporter = true
	batch.size = 16384
	bootstrap.servers = [PLAINTEXT://localhost:32769]
	buffer.memory = 33554432
	client.dns.lookup = use_all_dns_ips
	client.id = Producer-topic-970445c3_b735_466d_aa00_a2e6e60d1ee5
	compression.gzip.level = -1
	compression.lz4.level = 9
	compression.type = none
	compression.zstd.level = 3
	connections.max.idle.ms = 10000
	delivery.timeout.ms = 120000
	enable.idempotence = true
	enable.metrics.push = true
	interceptor.classes = []
	key.serializer = class org.apache.kafka.common.serialization.StringSerializer
	linger.ms = 0
	max.block.ms = 60000
	max.in.flight.requests.per.connection = 5
	max.request.size = 1048576
	metadata.max.age.ms = 300000
	metadata.max.idle.ms = 300000
	metadata.recovery.strategy = none
	metric.reporters = []
	metrics.num.samples = 2
	metrics.recording.level = INFO
	metrics.sample.window.ms = 30000
	partitioner.adaptive.partitioning.enable = true
	partitioner.availability.timeout.ms = 0
	partitioner.class = null
	partitioner.ignore.keys = false
	receive.buffer.bytes = 32768
	reconnect.backoff.max.ms = 1000
	reconnect.backoff.ms = 50
	request.timeout.ms = 5000
	retries = 2147483647
	retry.backoff.max.ms = 1000
	retry.backoff.ms = 100
	sasl.client.callback.handler.class = null
	sasl.jaas.config = null
	sasl.kerberos.kinit.cmd = /usr/bin/kinit
	sasl.kerberos.min.time.before.relogin = 60000
	sasl.kerberos.service.name = null
	sasl.kerberos.ticket.renew.jitter = 0.05
	sasl.kerberos.ticket.renew.window.factor = 0.8
	sasl.login.callback.handler.class = null
	sasl.login.class = null
	sasl.login.connect.timeout.ms = null
	sasl.login.read.timeout.ms = null
	sasl.login.refresh.buffer.seconds = 300
	sasl.login.refresh.min.period.seconds = 60
	sasl.login.refresh.window.factor = 0.8
	sasl.login.refresh.window.jitter = 0.05
	sasl.login.retry.backoff.max.ms = 10000
	sasl.login.retry.backoff.ms = 100
	sasl.mechanism = GSSAPI
	sasl.oauthbearer.clock.skew.seconds = 30
	sasl.oauthbearer.expected.audience = null
	sasl.oauthbearer.expected.issuer = null
	sasl.oauthbearer.header.urlencode = false
	sasl.oauthbearer.jwks.endpoint.refresh.ms = 3600000
	sasl.oauthbearer.jwks.endpoint.retry.backoff.max.ms = 10000
	sasl.oauthbearer.jwks.endpoint.retry.backoff.ms = 100
	sasl.oauthbearer.jwks.endpoint.url = null
	sasl.oauthbearer.scope.claim.name = scope
	sasl.oauthbearer.sub.claim.name = sub
	sasl.oauthbearer.token.endpoint.url = null
	security.protocol = PLAINTEXT
	security.providers = null
	send.buffer.bytes = 131072
	socket.connection.setup.timeout.max.ms = 30000
	socket.connection.setup.timeout.ms = 10000
	ssl.cipher.suites = null
	ssl.enabled.protocols = [TLSv1.2, TLSv1.3]
	ssl.endpoint.identification.algorithm = https
	ssl.engine.factory.class = null
	ssl.key.password = null
	ssl.keymanager.algorithm = SunX509
	ssl.keystore.certificate.chain = null
	ssl.keystore.key = null
	ssl.keystore.location = null
	ssl.keystore.password = null
	ssl.keystore.type = JKS
	ssl.protocol = TLSv1.3
	ssl.provider = null
	ssl.secure.random.implementation = null
	ssl.trustmanager.algorithm = PKIX
	ssl.truststore.certificates = null
	ssl.truststore.location = null
	ssl.truststore.password = null
	ssl.truststore.type = JKS
	transaction.timeout.ms = 60000
	transactional.id = null
	value.serializer = class io.apicurio.registry.serde.avro.AvroKafkaSerializer

2025-08-12 14:50:04,388 INFO  [org.apa.kaf.com.tel.int.KafkaMetricsCollector] (main) initializing Kafka metrics collector
2025-08-12 14:50:04,393 INFO  [org.apa.kaf.cli.pro.KafkaProducer] (main) [Producer clientId=Producer-topic-970445c3_b735_466d_aa00_a2e6e60d1ee5] Instantiated an idempotent producer.
2025-08-12 14:50:04,395 INFO  [org.apa.kaf.cli.pro.ProducerConfig] (main) These configurations '[apicurio.registry.url, apicurio.registry.auto-register, apicurio.registry.artifact-resolver-strategy]' were supplied but are not used yet.
2025-08-12 14:50:04,396 INFO  [org.apa.kaf.com.uti.AppInfoParser] (main) Kafka version: 3.9.1
2025-08-12 14:50:04,396 INFO  [org.apa.kaf.com.uti.AppInfoParser] (main) Kafka commitId: f745dfdcee2b9851
2025-08-12 14:50:04,396 INFO  [org.apa.kaf.com.uti.AppInfoParser] (main) Kafka startTimeMs: 1755010204395
2025-08-12 14:50:04,396 INFO  [io.api.tes.ser.api.SimpleSerdesTesterBuilder$SimpleSerdesTester] (main) Using producer configuration: {apicurio.registry.url=http://registry-app-inmemory.apps.ci419.apicurio-testing.org:80/apis/registry/v3, apicurio.registry.auto-register=true, apicurio.registry.artifact-resolver-strategy=io.apicurio.registry.serde.strategy.SimpleTopicIdStrategy, value.serializer=io.apicurio.registry.serde.avro.AvroKafkaSerializer, request.timeout.ms=5000, acks=all, bootstrap.servers=PLAINTEXT://localhost:32769, connections.max.idle.ms=10000, key.serializer=org.apache.kafka.common.serialization.StringSerializer, client.id=Producer-topic-970445c3_b735_466d_aa00_a2e6e60d1ee5}
2025-08-12 14:50:04,396 INFO  [io.api.tes.ser.api.SimpleSerdesTesterBuilder$SimpleSerdesTester] (main) Using consumer configuration: {}
2025-08-12 14:50:04,398 INFO  [io.api.tes.ser.api.KafkaSerdesTester] (Thread-732) Sending message {"username": null} to topic topic-970445c3_b735_466d_aa00_a2e6e60d1ee5
2025-08-12 14:50:04,401 WARN  [org.apa.kaf.cli.NetworkClient] (kafka-producer-network-thread | Producer-topic-970445c3_b735_466d_aa00_a2e6e60d1ee5) [Producer clientId=Producer-topic-970445c3_b735_466d_aa00_a2e6e60d1ee5] The metadata response from the cluster reported a recoverable issue with correlation id 1 : {topic-970445c3_b735_466d_aa00_a2e6e60d1ee5=UNKNOWN_TOPIC_OR_PARTITION}
2025-08-12 14:50:04,401 INFO  [org.apa.kaf.cli.Metadata] (kafka-producer-network-thread | Producer-topic-970445c3_b735_466d_aa00_a2e6e60d1ee5) [Producer clientId=Producer-topic-970445c3_b735_466d_aa00_a2e6e60d1ee5] Cluster ID: 2kzKdHjlS02ID15h9rF1bw
2025-08-12 14:50:04,403 INFO  [org.apa.kaf.cli.pro.int.TransactionManager] (kafka-producer-network-thread | Producer-topic-970445c3_b735_466d_aa00_a2e6e60d1ee5) [Producer clientId=Producer-topic-970445c3_b735_466d_aa00_a2e6e60d1ee5] ProducerId set to 23 with epoch 0
2025-08-12 14:50:04,687 INFO  [io.api.tes.ser.api.KafkaSerdesTester] (Thread-732) Sending message {"username": null} to topic topic-970445c3_b735_466d_aa00_a2e6e60d1ee5
2025-08-12 14:50:04,689 INFO  [io.api.tes.ser.api.KafkaSerdesTester] (Thread-732) Sending message {"username": "value-2"} to topic topic-970445c3_b735_466d_aa00_a2e6e60d1ee5
2025-08-12 14:50:04,691 INFO  [io.api.tes.ser.api.KafkaSerdesTester] (Thread-732) Sending message {"username": null} to topic topic-970445c3_b735_466d_aa00_a2e6e60d1ee5
2025-08-12 14:50:04,694 INFO  [io.api.tes.ser.api.KafkaSerdesTester] (Thread-732) Sending message {"username": "value-4"} to topic topic-970445c3_b735_466d_aa00_a2e6e60d1ee5
2025-08-12 14:50:04,696 INFO  [io.api.tes.ser.api.KafkaSerdesTester] (Thread-732) Sending message {"username": null} to topic topic-970445c3_b735_466d_aa00_a2e6e60d1ee5
2025-08-12 14:50:04,699 INFO  [io.api.tes.ser.api.KafkaSerdesTester] (Thread-732) Sending message {"username": "value-6"} to topic topic-970445c3_b735_466d_aa00_a2e6e60d1ee5
2025-08-12 14:50:04,701 INFO  [io.api.tes.ser.api.KafkaSerdesTester] (Thread-732) Sending message {"username": null} to topic topic-970445c3_b735_466d_aa00_a2e6e60d1ee5
2025-08-12 14:50:04,704 INFO  [io.api.tes.ser.api.KafkaSerdesTester] (Thread-732) Sending message {"username": "value-8"} to topic topic-970445c3_b735_466d_aa00_a2e6e60d1ee5
2025-08-12 14:50:04,705 INFO  [io.api.tes.ser.api.KafkaSerdesTester] (Thread-732) Sending message {"username": null} to topic topic-970445c3_b735_466d_aa00_a2e6e60d1ee5
2025-08-12 14:50:04,708 INFO  [io.api.tes.ser.api.KafkaSerdesTester] (Thread-732) Produced 10 messages
2025-08-12 14:50:04,708 INFO  [org.apa.kaf.cli.pro.KafkaProducer] (Thread-732) [Producer clientId=Producer-topic-970445c3_b735_466d_aa00_a2e6e60d1ee5] Closing the Kafka producer with timeoutMillis = 9223372036854775807 ms.
2025-08-12 14:50:04,712 INFO  [org.apa.kaf.com.met.Metrics] (Thread-732) Metrics scheduler closed
2025-08-12 14:50:04,712 INFO  [org.apa.kaf.com.met.Metrics] (Thread-732) Closing reporter org.apache.kafka.common.metrics.JmxReporter
2025-08-12 14:50:04,712 INFO  [org.apa.kaf.com.met.Metrics] (Thread-732) Closing reporter org.apache.kafka.common.telemetry.internals.ClientTelemetryReporter
2025-08-12 14:50:04,712 INFO  [org.apa.kaf.com.met.Metrics] (Thread-732) Metrics reporters closed
2025-08-12 14:50:04,712 INFO  [org.apa.kaf.com.uti.AppInfoParser] (Thread-732) App info kafka.producer for Producer-topic-970445c3_b735_466d_aa00_a2e6e60d1ee5 unregistered
**** Registry Base URL: http://registry-app-inmemory.apps.ci419.apicurio-testing.org:80
2025-08-12 14:50:04,941 INFO  [org.apa.kaf.cli.con.ConsumerConfig] (main) ConsumerConfig values: 
	allow.auto.create.topics = true
	auto.commit.interval.ms = 500
	auto.include.jmx.reporter = true
	auto.offset.reset = earliest
	bootstrap.servers = [PLAINTEXT://localhost:32769]
	check.crcs = true
	client.dns.lookup = use_all_dns_ips
	client.id = consumer-Consumer-topic-970445c3_b735_466d_aa00_a2e6e60d1ee5-17
	client.rack = 
	connections.max.idle.ms = 10000
	default.api.timeout.ms = 60000
	enable.auto.commit = true
	enable.metrics.push = true
	exclude.internal.topics = true
	fetch.max.bytes = 52428800
	fetch.max.wait.ms = 500
	fetch.min.bytes = 1
	group.id = Consumer-topic-970445c3_b735_466d_aa00_a2e6e60d1ee5
	group.instance.id = null
	group.protocol = classic
	group.remote.assignor = null
	heartbeat.interval.ms = 3000
	interceptor.classes = []
	internal.leave.group.on.close = true
	internal.throw.on.fetch.stable.offset.unsupported = false
	isolation.level = read_uncommitted
	key.deserializer = class org.apache.kafka.common.serialization.StringDeserializer
	max.partition.fetch.bytes = 1048576
	max.poll.interval.ms = 300000
	max.poll.records = 500
	metadata.max.age.ms = 300000
	metadata.recovery.strategy = none
	metric.reporters = []
	metrics.num.samples = 2
	metrics.recording.level = INFO
	metrics.sample.window.ms = 30000
	partition.assignment.strategy = [class org.apache.kafka.clients.consumer.RangeAssignor, class org.apache.kafka.clients.consumer.CooperativeStickyAssignor]
	receive.buffer.bytes = 65536
	reconnect.backoff.max.ms = 1000
	reconnect.backoff.ms = 50
	request.timeout.ms = 5000
	retry.backoff.max.ms = 1000
	retry.backoff.ms = 100
	sasl.client.callback.handler.class = null
	sasl.jaas.config = null
	sasl.kerberos.kinit.cmd = /usr/bin/kinit
	sasl.kerberos.min.time.before.relogin = 60000
	sasl.kerberos.service.name = null
	sasl.kerberos.ticket.renew.jitter = 0.05
	sasl.kerberos.ticket.renew.window.factor = 0.8
	sasl.login.callback.handler.class = null
	sasl.login.class = null
	sasl.login.connect.timeout.ms = null
	sasl.login.read.timeout.ms = null
	sasl.login.refresh.buffer.seconds = 300
	sasl.login.refresh.min.period.seconds = 60
	sasl.login.refresh.window.factor = 0.8
	sasl.login.refresh.window.jitter = 0.05
	sasl.login.retry.backoff.max.ms = 10000
	sasl.login.retry.backoff.ms = 100
	sasl.mechanism = GSSAPI
	sasl.oauthbearer.clock.skew.seconds = 30
	sasl.oauthbearer.expected.audience = null
	sasl.oauthbearer.expected.issuer = null
	sasl.oauthbearer.header.urlencode = false
	sasl.oauthbearer.jwks.endpoint.refresh.ms = 3600000
	sasl.oauthbearer.jwks.endpoint.retry.backoff.max.ms = 10000
	sasl.oauthbearer.jwks.endpoint.retry.backoff.ms = 100
	sasl.oauthbearer.jwks.endpoint.url = null
	sasl.oauthbearer.scope.claim.name = scope
	sasl.oauthbearer.sub.claim.name = sub
	sasl.oauthbearer.token.endpoint.url = null
	security.protocol = PLAINTEXT
	security.providers = null
	send.buffer.bytes = 131072
	session.timeout.ms = 45000
	socket.connection.setup.timeout.max.ms = 30000
	socket.connection.setup.timeout.ms = 10000
	ssl.cipher.suites = null
	ssl.enabled.protocols = [TLSv1.2, TLSv1.3]
	ssl.endpoint.identification.algorithm = https
	ssl.engine.factory.class = null
	ssl.key.password = null
	ssl.keymanager.algorithm = SunX509
	ssl.keystore.certificate.chain = null
	ssl.keystore.key = null
	ssl.keystore.location = null
	ssl.keystore.password = null
	ssl.keystore.type = JKS
	ssl.protocol = TLSv1.3
	ssl.provider = null
	ssl.secure.random.implementation = null
	ssl.trustmanager.algorithm = PKIX
	ssl.truststore.certificates = null
	ssl.truststore.location = null
	ssl.truststore.password = null
	ssl.truststore.type = JKS
	value.deserializer = class io.apicurio.registry.serde.avro.AvroKafkaDeserializer

2025-08-12 14:50:04,942 INFO  [org.apa.kaf.com.tel.int.KafkaMetricsCollector] (main) initializing Kafka metrics collector
2025-08-12 14:50:04,947 INFO  [org.apa.kaf.cli.con.ConsumerConfig] (main) These configurations '[apicurio.registry.url]' were supplied but are not used yet.
2025-08-12 14:50:04,947 INFO  [org.apa.kaf.com.uti.AppInfoParser] (main) Kafka version: 3.9.1
2025-08-12 14:50:04,947 INFO  [org.apa.kaf.com.uti.AppInfoParser] (main) Kafka commitId: f745dfdcee2b9851
2025-08-12 14:50:04,947 INFO  [org.apa.kaf.com.uti.AppInfoParser] (main) Kafka startTimeMs: 1755010204947
2025-08-12 14:50:04,947 INFO  [org.apa.kaf.cli.con.int.ClassicKafkaConsumer] (Thread-735) [Consumer clientId=consumer-Consumer-topic-970445c3_b735_466d_aa00_a2e6e60d1ee5-17, groupId=Consumer-topic-970445c3_b735_466d_aa00_a2e6e60d1ee5] Subscribed to topic(s): topic-970445c3_b735_466d_aa00_a2e6e60d1ee5
2025-08-12 14:50:04,955 INFO  [org.apa.kaf.cli.Metadata] (Thread-735) [Consumer clientId=consumer-Consumer-topic-970445c3_b735_466d_aa00_a2e6e60d1ee5-17, groupId=Consumer-topic-970445c3_b735_466d_aa00_a2e6e60d1ee5] Cluster ID: 2kzKdHjlS02ID15h9rF1bw
2025-08-12 14:50:04,955 INFO  [org.apa.kaf.cli.con.int.ConsumerCoordinator] (Thread-735) [Consumer clientId=consumer-Consumer-topic-970445c3_b735_466d_aa00_a2e6e60d1ee5-17, groupId=Consumer-topic-970445c3_b735_466d_aa00_a2e6e60d1ee5] Discovered group coordinator localhost:32769 (id: 2147483647 rack: null)
2025-08-12 14:50:04,957 INFO  [org.apa.kaf.cli.con.int.ConsumerCoordinator] (Thread-735) [Consumer clientId=consumer-Consumer-topic-970445c3_b735_466d_aa00_a2e6e60d1ee5-17, groupId=Consumer-topic-970445c3_b735_466d_aa00_a2e6e60d1ee5] (Re-)joining group
2025-08-12 14:50:04,967 INFO  [org.apa.kaf.cli.con.int.ConsumerCoordinator] (Thread-735) [Consumer clientId=consumer-Consumer-topic-970445c3_b735_466d_aa00_a2e6e60d1ee5-17, groupId=Consumer-topic-970445c3_b735_466d_aa00_a2e6e60d1ee5] Request joining group due to: need to re-join with the given member-id: consumer-Consumer-topic-970445c3_b735_466d_aa00_a2e6e60d1ee5-17-9654da2f-03a1-4032-9a1b-61b461d2b8eb
2025-08-12 14:50:04,967 INFO  [org.apa.kaf.cli.con.int.ConsumerCoordinator] (Thread-735) [Consumer clientId=consumer-Consumer-topic-970445c3_b735_466d_aa00_a2e6e60d1ee5-17, groupId=Consumer-topic-970445c3_b735_466d_aa00_a2e6e60d1ee5] (Re-)joining group
2025-08-12 14:50:05,948 INFO  [io.api.tes.ser.api.KafkaSerdesTester] (Thread-735) None found
2025-08-12 14:50:06,948 INFO  [io.api.tes.ser.api.KafkaSerdesTester] (Thread-735) None found
2025-08-12 14:50:07,949 INFO  [io.api.tes.ser.api.KafkaSerdesTester] (Thread-735) None found
2025-08-12 14:50:07,970 INFO  [org.apa.kaf.cli.con.int.ConsumerCoordinator] (Thread-735) [Consumer clientId=consumer-Consumer-topic-970445c3_b735_466d_aa00_a2e6e60d1ee5-17, groupId=Consumer-topic-970445c3_b735_466d_aa00_a2e6e60d1ee5] Successfully joined group with generation Generation{generationId=1, memberId='consumer-Consumer-topic-970445c3_b735_466d_aa00_a2e6e60d1ee5-17-9654da2f-03a1-4032-9a1b-61b461d2b8eb', protocol='range'}
2025-08-12 14:50:07,971 INFO  [org.apa.kaf.cli.con.int.ConsumerCoordinator] (Thread-735) [Consumer clientId=consumer-Consumer-topic-970445c3_b735_466d_aa00_a2e6e60d1ee5-17, groupId=Consumer-topic-970445c3_b735_466d_aa00_a2e6e60d1ee5] Finished assignment for group at generation 1: {consumer-Consumer-topic-970445c3_b735_466d_aa00_a2e6e60d1ee5-17-9654da2f-03a1-4032-9a1b-61b461d2b8eb=Assignment(partitions=[topic-970445c3_b735_466d_aa00_a2e6e60d1ee5-0])}
2025-08-12 14:50:07,978 INFO  [org.apa.kaf.cli.con.int.ConsumerCoordinator] (Thread-735) [Consumer clientId=consumer-Consumer-topic-970445c3_b735_466d_aa00_a2e6e60d1ee5-17, groupId=Consumer-topic-970445c3_b735_466d_aa00_a2e6e60d1ee5] Successfully synced group in generation Generation{generationId=1, memberId='consumer-Consumer-topic-970445c3_b735_466d_aa00_a2e6e60d1ee5-17-9654da2f-03a1-4032-9a1b-61b461d2b8eb', protocol='range'}
2025-08-12 14:50:07,978 INFO  [org.apa.kaf.cli.con.int.ConsumerCoordinator] (Thread-735) [Consumer clientId=consumer-Consumer-topic-970445c3_b735_466d_aa00_a2e6e60d1ee5-17, groupId=Consumer-topic-970445c3_b735_466d_aa00_a2e6e60d1ee5] Notifying assignor about the new Assignment(partitions=[topic-970445c3_b735_466d_aa00_a2e6e60d1ee5-0])
2025-08-12 14:50:07,978 INFO  [org.apa.kaf.cli.con.int.ConsumerRebalanceListenerInvoker] (Thread-735) [Consumer clientId=consumer-Consumer-topic-970445c3_b735_466d_aa00_a2e6e60d1ee5-17, groupId=Consumer-topic-970445c3_b735_466d_aa00_a2e6e60d1ee5] Adding newly assigned partitions: topic-970445c3_b735_466d_aa00_a2e6e60d1ee5-0
2025-08-12 14:50:07,979 INFO  [org.apa.kaf.cli.con.int.ConsumerCoordinator] (Thread-735) [Consumer clientId=consumer-Consumer-topic-970445c3_b735_466d_aa00_a2e6e60d1ee5-17, groupId=Consumer-topic-970445c3_b735_466d_aa00_a2e6e60d1ee5] Found no committed offset for partition topic-970445c3_b735_466d_aa00_a2e6e60d1ee5-0
2025-08-12 14:50:07,983 INFO  [org.apa.kaf.cli.con.int.SubscriptionState] (Thread-735) [Consumer clientId=consumer-Consumer-topic-970445c3_b735_466d_aa00_a2e6e60d1ee5-17, groupId=Consumer-topic-970445c3_b735_466d_aa00_a2e6e60d1ee5] Resetting offset for partition topic-970445c3_b735_466d_aa00_a2e6e60d1ee5-0 to position FetchPosition{offset=0, offsetEpoch=Optional.empty, currentLeader=LeaderAndEpoch{leader=Optional[localhost:32769 (id: 0 rack: null)], epoch=0}}.
2025-08-12 14:50:08,221 INFO  [io.api.tes.ser.api.KafkaSerdesTester] (Thread-735) topic-970445c3_b735_466d_aa00_a2e6e60d1ee5 0 0 {"username": null}
2025-08-12 14:50:08,221 INFO  [io.api.tes.ser.api.KafkaSerdesTester] (Thread-735) topic-970445c3_b735_466d_aa00_a2e6e60d1ee5 0 1 {"username": null}
2025-08-12 14:50:08,221 INFO  [io.api.tes.ser.api.KafkaSerdesTester] (Thread-735) topic-970445c3_b735_466d_aa00_a2e6e60d1ee5 0 2 {"username": "value-2"}
2025-08-12 14:50:08,221 INFO  [io.api.tes.ser.api.KafkaSerdesTester] (Thread-735) topic-970445c3_b735_466d_aa00_a2e6e60d1ee5 0 3 {"username": null}
2025-08-12 14:50:08,221 INFO  [io.api.tes.ser.api.KafkaSerdesTester] (Thread-735) topic-970445c3_b735_466d_aa00_a2e6e60d1ee5 0 4 {"username": "value-4"}
2025-08-12 14:50:08,221 INFO  [io.api.tes.ser.api.KafkaSerdesTester] (Thread-735) topic-970445c3_b735_466d_aa00_a2e6e60d1ee5 0 5 {"username": null}
2025-08-12 14:50:08,221 INFO  [io.api.tes.ser.api.KafkaSerdesTester] (Thread-735) topic-970445c3_b735_466d_aa00_a2e6e60d1ee5 0 6 {"username": "value-6"}
2025-08-12 14:50:08,221 INFO  [io.api.tes.ser.api.KafkaSerdesTester] (Thread-735) topic-970445c3_b735_466d_aa00_a2e6e60d1ee5 0 7 {"username": null}
2025-08-12 14:50:08,221 INFO  [io.api.tes.ser.api.KafkaSerdesTester] (Thread-735) topic-970445c3_b735_466d_aa00_a2e6e60d1ee5 0 8 {"username": "value-8"}
2025-08-12 14:50:08,221 INFO  [io.api.tes.ser.api.KafkaSerdesTester] (Thread-735) topic-970445c3_b735_466d_aa00_a2e6e60d1ee5 0 9 {"username": null}
2025-08-12 14:50:08,221 INFO  [io.api.tes.ser.api.KafkaSerdesTester] (Thread-735) Consumed 10 messages
2025-08-12 14:50:08,229 INFO  [org.apa.kaf.cli.con.int.ConsumerRebalanceListenerInvoker] (Thread-735) [Consumer clientId=consumer-Consumer-topic-970445c3_b735_466d_aa00_a2e6e60d1ee5-17, groupId=Consumer-topic-970445c3_b735_466d_aa00_a2e6e60d1ee5] Revoke previously assigned partitions topic-970445c3_b735_466d_aa00_a2e6e60d1ee5-0
2025-08-12 14:50:08,229 INFO  [org.apa.kaf.cli.con.int.ConsumerCoordinator] (Thread-735) [Consumer clientId=consumer-Consumer-topic-970445c3_b735_466d_aa00_a2e6e60d1ee5-17, groupId=Consumer-topic-970445c3_b735_466d_aa00_a2e6e60d1ee5] Member consumer-Consumer-topic-970445c3_b735_466d_aa00_a2e6e60d1ee5-17-9654da2f-03a1-4032-9a1b-61b461d2b8eb sending LeaveGroup request to coordinator localhost:32769 (id: 2147483647 rack: null) due to the consumer is being closed
2025-08-12 14:50:08,230 INFO  [org.apa.kaf.cli.con.int.ConsumerCoordinator] (Thread-735) [Consumer clientId=consumer-Consumer-topic-970445c3_b735_466d_aa00_a2e6e60d1ee5-17, groupId=Consumer-topic-970445c3_b735_466d_aa00_a2e6e60d1ee5] Resetting generation and member id due to: consumer pro-actively leaving the group
2025-08-12 14:50:08,230 INFO  [org.apa.kaf.cli.con.int.ConsumerCoordinator] (Thread-735) [Consumer clientId=consumer-Consumer-topic-970445c3_b735_466d_aa00_a2e6e60d1ee5-17, groupId=Consumer-topic-970445c3_b735_466d_aa00_a2e6e60d1ee5] Request joining group due to: consumer pro-actively leaving the group
2025-08-12 14:50:08,723 INFO  [org.apa.kaf.com.met.Metrics] (Thread-735) Metrics scheduler closed
2025-08-12 14:50:08,723 INFO  [org.apa.kaf.com.met.Metrics] (Thread-735) Closing reporter org.apache.kafka.common.metrics.JmxReporter
2025-08-12 14:50:08,723 INFO  [org.apa.kaf.com.met.Metrics] (Thread-735) Closing reporter org.apache.kafka.common.telemetry.internals.ClientTelemetryReporter
2025-08-12 14:50:08,723 INFO  [org.apa.kaf.com.met.Metrics] (Thread-735) Metrics reporters closed
2025-08-12 14:50:08,725 INFO  [org.apa.kaf.com.uti.AppInfoParser] (Thread-735) App info kafka.consumer for consumer-Consumer-topic-970445c3_b735_466d_aa00_a2e6e60d1ee5-17 unregistered
2025-08-12 14:50:08,725 INFO  [io.api.tes.uti.TestSeparator] (main) io.apicurio.tests.serdes.apicurio.AvroSerdeIT.testFirstEmptyFieldConfusedAsMagicByte-FINISHED
2025-08-12 14:50:08,726 INFO  [io.api.tes.uti.TestSeparator] (main) ############################################################################
Test passed: testFirstEmptyFieldConfusedAsMagicByte
]]></system-out>
  </testcase>
  <testcase name="testAvroSerDesFailDifferentSchemaByContent" classname="io.apicurio.tests.serdes.apicurio.AvroSerdeIT" time="1.529">
    <system-out><![CDATA[2025-08-12 14:50:08,729 INFO  [io.api.tes.uti.TestSeparator] (main) ############################################################################
2025-08-12 14:50:08,729 INFO  [io.api.tes.uti.TestSeparator] (main) io.apicurio.tests.serdes.apicurio.AvroSerdeIT.testAvroSerDesFailDifferentSchemaByContent-STARTED
**** Registry Base URL: http://registry-app-inmemory.apps.ci419.apicurio-testing.org:80
2025-08-12 14:50:09,887 INFO  [org.apa.kaf.cli.pro.ProducerConfig] (main) ProducerConfig values: 
	acks = -1
	auto.include.jmx.reporter = true
	batch.size = 16384
	bootstrap.servers = [PLAINTEXT://localhost:32769]
	buffer.memory = 33554432
	client.dns.lookup = use_all_dns_ips
	client.id = Producer-topic-b6f686b3_b363_4961_8f4e_4bc4b346980f
	compression.gzip.level = -1
	compression.lz4.level = 9
	compression.type = none
	compression.zstd.level = 3
	connections.max.idle.ms = 10000
	delivery.timeout.ms = 120000
	enable.idempotence = true
	enable.metrics.push = true
	interceptor.classes = []
	key.serializer = class org.apache.kafka.common.serialization.StringSerializer
	linger.ms = 0
	max.block.ms = 60000
	max.in.flight.requests.per.connection = 5
	max.request.size = 1048576
	metadata.max.age.ms = 300000
	metadata.max.idle.ms = 300000
	metadata.recovery.strategy = none
	metric.reporters = []
	metrics.num.samples = 2
	metrics.recording.level = INFO
	metrics.sample.window.ms = 30000
	partitioner.adaptive.partitioning.enable = true
	partitioner.availability.timeout.ms = 0
	partitioner.class = null
	partitioner.ignore.keys = false
	receive.buffer.bytes = 32768
	reconnect.backoff.max.ms = 1000
	reconnect.backoff.ms = 50
	request.timeout.ms = 5000
	retries = 2147483647
	retry.backoff.max.ms = 1000
	retry.backoff.ms = 100
	sasl.client.callback.handler.class = null
	sasl.jaas.config = null
	sasl.kerberos.kinit.cmd = /usr/bin/kinit
	sasl.kerberos.min.time.before.relogin = 60000
	sasl.kerberos.service.name = null
	sasl.kerberos.ticket.renew.jitter = 0.05
	sasl.kerberos.ticket.renew.window.factor = 0.8
	sasl.login.callback.handler.class = null
	sasl.login.class = null
	sasl.login.connect.timeout.ms = null
	sasl.login.read.timeout.ms = null
	sasl.login.refresh.buffer.seconds = 300
	sasl.login.refresh.min.period.seconds = 60
	sasl.login.refresh.window.factor = 0.8
	sasl.login.refresh.window.jitter = 0.05
	sasl.login.retry.backoff.max.ms = 10000
	sasl.login.retry.backoff.ms = 100
	sasl.mechanism = GSSAPI
	sasl.oauthbearer.clock.skew.seconds = 30
	sasl.oauthbearer.expected.audience = null
	sasl.oauthbearer.expected.issuer = null
	sasl.oauthbearer.header.urlencode = false
	sasl.oauthbearer.jwks.endpoint.refresh.ms = 3600000
	sasl.oauthbearer.jwks.endpoint.retry.backoff.max.ms = 10000
	sasl.oauthbearer.jwks.endpoint.retry.backoff.ms = 100
	sasl.oauthbearer.jwks.endpoint.url = null
	sasl.oauthbearer.scope.claim.name = scope
	sasl.oauthbearer.sub.claim.name = sub
	sasl.oauthbearer.token.endpoint.url = null
	security.protocol = PLAINTEXT
	security.providers = null
	send.buffer.bytes = 131072
	socket.connection.setup.timeout.max.ms = 30000
	socket.connection.setup.timeout.ms = 10000
	ssl.cipher.suites = null
	ssl.enabled.protocols = [TLSv1.2, TLSv1.3]
	ssl.endpoint.identification.algorithm = https
	ssl.engine.factory.class = null
	ssl.key.password = null
	ssl.keymanager.algorithm = SunX509
	ssl.keystore.certificate.chain = null
	ssl.keystore.key = null
	ssl.keystore.location = null
	ssl.keystore.password = null
	ssl.keystore.type = JKS
	ssl.protocol = TLSv1.3
	ssl.provider = null
	ssl.secure.random.implementation = null
	ssl.trustmanager.algorithm = PKIX
	ssl.truststore.certificates = null
	ssl.truststore.location = null
	ssl.truststore.password = null
	ssl.truststore.type = JKS
	transaction.timeout.ms = 60000
	transactional.id = null
	value.serializer = class io.apicurio.registry.serde.avro.AvroKafkaSerializer

2025-08-12 14:50:09,887 INFO  [org.apa.kaf.com.tel.int.KafkaMetricsCollector] (main) initializing Kafka metrics collector
2025-08-12 14:50:09,890 INFO  [org.apa.kaf.cli.pro.KafkaProducer] (main) [Producer clientId=Producer-topic-b6f686b3_b363_4961_8f4e_4bc4b346980f] Instantiated an idempotent producer.
2025-08-12 14:50:09,892 INFO  [org.apa.kaf.cli.pro.ProducerConfig] (main) These configurations '[apicurio.registry.url, apicurio.registry.artifact-resolver-strategy]' were supplied but are not used yet.
2025-08-12 14:50:09,892 INFO  [org.apa.kaf.com.uti.AppInfoParser] (main) Kafka version: 3.9.1
2025-08-12 14:50:09,892 INFO  [org.apa.kaf.com.uti.AppInfoParser] (main) Kafka commitId: f745dfdcee2b9851
2025-08-12 14:50:09,893 INFO  [org.apa.kaf.com.uti.AppInfoParser] (main) Kafka startTimeMs: 1755010209892
2025-08-12 14:50:09,894 INFO  [io.api.tes.ser.api.KafkaSerdesTester] (Thread-738) Sending message {"keyB": "value-0"} to topic topic-b6f686b3_b363_4961_8f4e_4bc4b346980f
2025-08-12 14:50:09,899 INFO  [org.apa.kaf.cli.Metadata] (kafka-producer-network-thread | Producer-topic-b6f686b3_b363_4961_8f4e_4bc4b346980f) [Producer clientId=Producer-topic-b6f686b3_b363_4961_8f4e_4bc4b346980f] Cluster ID: 2kzKdHjlS02ID15h9rF1bw
2025-08-12 14:50:09,900 INFO  [DefaultSchemaResolver] (Thread-738) Retrieving schema content using string: {"type":"record","name":"sd40c5dcfx6a6bx427fx9629x9dfadef5dda0","namespace":"scf645e8exad72x4670x8fd4xfc67ec97fb1c","fields":[{"name":"keyB","type":"string"}]}
2025-08-12 14:50:09,901 INFO  [org.apa.kaf.cli.pro.int.TransactionManager] (kafka-producer-network-thread | Producer-topic-b6f686b3_b363_4961_8f4e_4bc4b346980f) [Producer clientId=Producer-topic-b6f686b3_b363_4961_8f4e_4bc4b346980f] ProducerId set to 24 with epoch 0
2025-08-12 14:50:10,251 INFO  [org.apa.kaf.cli.pro.KafkaProducer] (Thread-738) [Producer clientId=Producer-topic-b6f686b3_b363_4961_8f4e_4bc4b346980f] Closing the Kafka producer with timeoutMillis = 9223372036854775807 ms.
2025-08-12 14:50:10,254 INFO  [org.apa.kaf.com.met.Metrics] (Thread-738) Metrics scheduler closed
2025-08-12 14:50:10,254 INFO  [org.apa.kaf.com.met.Metrics] (Thread-738) Closing reporter org.apache.kafka.common.metrics.JmxReporter
2025-08-12 14:50:10,254 INFO  [org.apa.kaf.com.met.Metrics] (Thread-738) Closing reporter org.apache.kafka.common.telemetry.internals.ClientTelemetryReporter
2025-08-12 14:50:10,254 INFO  [org.apa.kaf.com.met.Metrics] (Thread-738) Metrics reporters closed
2025-08-12 14:50:10,254 INFO  [org.apa.kaf.com.uti.AppInfoParser] (Thread-738) App info kafka.producer for Producer-topic-b6f686b3_b363_4961_8f4e_4bc4b346980f unregistered
2025-08-12 14:50:10,255 INFO  [io.api.tes.uti.TestSeparator] (main) io.apicurio.tests.serdes.apicurio.AvroSerdeIT.testAvroSerDesFailDifferentSchemaByContent-FINISHED
2025-08-12 14:50:10,255 INFO  [io.api.tes.uti.TestSeparator] (main) ############################################################################
Test passed: testAvroSerDesFailDifferentSchemaByContent
]]></system-out>
    <system-err><![CDATA[java.lang.RuntimeException: Could not resolve artifact reference by content: {"type":"record","name":"sd40c5dcfx6a6bx427fx9629x9dfadef5dda0","namespace":"scf645e8exad72x4670x8fd4xfc67ec97fb1c","fields":[{"name":"keyB","type":"string"}]}&ArtifactReference [groupId=scf645e8exad72x4670x8fd4xfc67ec97fb1c, artifactId=sd40c5dcfx6a6bx427fx9629x9dfadef5dda0, version=null, globalId=null, contentId=null, contentHash=null]
	at io.apicurio.registry.resolver.DefaultSchemaResolver.lambda$handleResolveSchemaByContent$3(DefaultSchemaResolver.java:265)
	at io.apicurio.registry.resolver.cache.ERCache.lambda$getValue$0(ERCache.java:174)
	at io.apicurio.registry.resolver.cache.ERCache.retry(ERCache.java:227)
	at io.apicurio.registry.resolver.cache.ERCache.getValue(ERCache.java:173)
	at io.apicurio.registry.resolver.cache.ERCache.getByContent(ERCache.java:147)
	at io.apicurio.registry.resolver.DefaultSchemaResolver.handleResolveSchemaByContent(DefaultSchemaResolver.java:253)
	at io.apicurio.registry.resolver.DefaultSchemaResolver.getSchemaFromRegistry(DefaultSchemaResolver.java:138)
	at io.apicurio.registry.resolver.DefaultSchemaResolver.lambda$resolveSchema$0(DefaultSchemaResolver.java:84)
	at java.base/java.util.Optional.orElseGet(Optional.java:364)
	at io.apicurio.registry.resolver.DefaultSchemaResolver.resolveSchema(DefaultSchemaResolver.java:84)
	at io.apicurio.registry.serde.AbstractSerializer.serializeData(AbstractSerializer.java:62)
	at io.apicurio.registry.serde.KafkaSerializer.serialize(KafkaSerializer.java:77)
	at org.apache.kafka.clients.producer.KafkaProducer.doSend(KafkaProducer.java:1046)
	at org.apache.kafka.clients.producer.KafkaProducer.send(KafkaProducer.java:993)
	at org.apache.kafka.clients.producer.KafkaProducer.send(KafkaProducer.java:875)
	at io.apicurio.tests.serdes.apicurio.KafkaSerdesTester.lambda$produceMessages$3(KafkaSerdesTester.java:138)
	at java.base/java.util.concurrent.CompletableFuture$AsyncSupply.run(CompletableFuture.java:1768)
	at java.base/java.lang.Thread.run(Thread.java:840)
]]></system-err>
  </testcase>
  <testcase name="testGlobalIdInBody" classname="io.apicurio.tests.serdes.apicurio.AvroSerdeIT" time="4.242">
    <system-out><![CDATA[2025-08-12 14:50:10,258 INFO  [io.api.tes.uti.TestSeparator] (main) ############################################################################
2025-08-12 14:50:10,258 INFO  [io.api.tes.uti.TestSeparator] (main) io.apicurio.tests.serdes.apicurio.AvroSerdeIT.testGlobalIdInBody-STARTED
**** Registry Base URL: http://registry-app-inmemory.apps.ci419.apicurio-testing.org:80
2025-08-12 14:50:10,262 INFO  [org.apa.kaf.cli.pro.ProducerConfig] (main) ProducerConfig values: 
	acks = -1
	auto.include.jmx.reporter = true
	batch.size = 16384
	bootstrap.servers = [PLAINTEXT://localhost:32769]
	buffer.memory = 33554432
	client.dns.lookup = use_all_dns_ips
	client.id = Producer-topic-c406bbc7_b0b8_4480_8748_9468b51a3608
	compression.gzip.level = -1
	compression.lz4.level = 9
	compression.type = none
	compression.zstd.level = 3
	connections.max.idle.ms = 10000
	delivery.timeout.ms = 120000
	enable.idempotence = true
	enable.metrics.push = true
	interceptor.classes = []
	key.serializer = class org.apache.kafka.common.serialization.StringSerializer
	linger.ms = 0
	max.block.ms = 60000
	max.in.flight.requests.per.connection = 5
	max.request.size = 1048576
	metadata.max.age.ms = 300000
	metadata.max.idle.ms = 300000
	metadata.recovery.strategy = none
	metric.reporters = []
	metrics.num.samples = 2
	metrics.recording.level = INFO
	metrics.sample.window.ms = 30000
	partitioner.adaptive.partitioning.enable = true
	partitioner.availability.timeout.ms = 0
	partitioner.class = null
	partitioner.ignore.keys = false
	receive.buffer.bytes = 32768
	reconnect.backoff.max.ms = 1000
	reconnect.backoff.ms = 50
	request.timeout.ms = 5000
	retries = 2147483647
	retry.backoff.max.ms = 1000
	retry.backoff.ms = 100
	sasl.client.callback.handler.class = null
	sasl.jaas.config = null
	sasl.kerberos.kinit.cmd = /usr/bin/kinit
	sasl.kerberos.min.time.before.relogin = 60000
	sasl.kerberos.service.name = null
	sasl.kerberos.ticket.renew.jitter = 0.05
	sasl.kerberos.ticket.renew.window.factor = 0.8
	sasl.login.callback.handler.class = null
	sasl.login.class = null
	sasl.login.connect.timeout.ms = null
	sasl.login.read.timeout.ms = null
	sasl.login.refresh.buffer.seconds = 300
	sasl.login.refresh.min.period.seconds = 60
	sasl.login.refresh.window.factor = 0.8
	sasl.login.refresh.window.jitter = 0.05
	sasl.login.retry.backoff.max.ms = 10000
	sasl.login.retry.backoff.ms = 100
	sasl.mechanism = GSSAPI
	sasl.oauthbearer.clock.skew.seconds = 30
	sasl.oauthbearer.expected.audience = null
	sasl.oauthbearer.expected.issuer = null
	sasl.oauthbearer.header.urlencode = false
	sasl.oauthbearer.jwks.endpoint.refresh.ms = 3600000
	sasl.oauthbearer.jwks.endpoint.retry.backoff.max.ms = 10000
	sasl.oauthbearer.jwks.endpoint.retry.backoff.ms = 100
	sasl.oauthbearer.jwks.endpoint.url = null
	sasl.oauthbearer.scope.claim.name = scope
	sasl.oauthbearer.sub.claim.name = sub
	sasl.oauthbearer.token.endpoint.url = null
	security.protocol = PLAINTEXT
	security.providers = null
	send.buffer.bytes = 131072
	socket.connection.setup.timeout.max.ms = 30000
	socket.connection.setup.timeout.ms = 10000
	ssl.cipher.suites = null
	ssl.enabled.protocols = [TLSv1.2, TLSv1.3]
	ssl.endpoint.identification.algorithm = https
	ssl.engine.factory.class = null
	ssl.key.password = null
	ssl.keymanager.algorithm = SunX509
	ssl.keystore.certificate.chain = null
	ssl.keystore.key = null
	ssl.keystore.location = null
	ssl.keystore.password = null
	ssl.keystore.type = JKS
	ssl.protocol = TLSv1.3
	ssl.provider = null
	ssl.secure.random.implementation = null
	ssl.trustmanager.algorithm = PKIX
	ssl.truststore.certificates = null
	ssl.truststore.location = null
	ssl.truststore.password = null
	ssl.truststore.type = JKS
	transaction.timeout.ms = 60000
	transactional.id = null
	value.serializer = class io.apicurio.registry.serde.avro.AvroKafkaSerializer

2025-08-12 14:50:10,262 INFO  [org.apa.kaf.com.tel.int.KafkaMetricsCollector] (main) initializing Kafka metrics collector
2025-08-12 14:50:10,270 INFO  [org.apa.kaf.cli.pro.KafkaProducer] (main) [Producer clientId=Producer-topic-c406bbc7_b0b8_4480_8748_9468b51a3608] Instantiated an idempotent producer.
2025-08-12 14:50:10,272 INFO  [org.apa.kaf.cli.pro.ProducerConfig] (main) These configurations '[apicurio.registry.url, apicurio.registry.auto-register, apicurio.registry.use-id, apicurio.registry.artifact-resolver-strategy]' were supplied but are not used yet.
2025-08-12 14:50:10,272 INFO  [org.apa.kaf.com.uti.AppInfoParser] (main) Kafka version: 3.9.1
2025-08-12 14:50:10,272 INFO  [org.apa.kaf.com.uti.AppInfoParser] (main) Kafka commitId: f745dfdcee2b9851
2025-08-12 14:50:10,272 INFO  [org.apa.kaf.com.uti.AppInfoParser] (main) Kafka startTimeMs: 1755010210272
2025-08-12 14:50:10,273 INFO  [io.api.tes.ser.api.SimpleSerdesTesterBuilder$SimpleSerdesTester] (main) Using producer configuration: {apicurio.registry.url=http://registry-app-inmemory.apps.ci419.apicurio-testing.org:80/apis/registry/v3, apicurio.registry.auto-register=true, apicurio.registry.use-id=globalId, apicurio.registry.artifact-resolver-strategy=io.apicurio.registry.serde.strategy.TopicIdStrategy, value.serializer=io.apicurio.registry.serde.avro.AvroKafkaSerializer, request.timeout.ms=5000, acks=all, bootstrap.servers=PLAINTEXT://localhost:32769, connections.max.idle.ms=10000, key.serializer=org.apache.kafka.common.serialization.StringSerializer, client.id=Producer-topic-c406bbc7_b0b8_4480_8748_9468b51a3608}
2025-08-12 14:50:10,273 INFO  [io.api.tes.ser.api.SimpleSerdesTesterBuilder$SimpleSerdesTester] (main) Using consumer configuration: {apicurio.registry.use-id=globalId}
2025-08-12 14:50:10,274 INFO  [io.api.tes.ser.api.KafkaSerdesTester] (Thread-741) Sending message {"key11755010210260": "value-0"} to topic topic-c406bbc7_b0b8_4480_8748_9468b51a3608
2025-08-12 14:50:10,278 WARN  [org.apa.kaf.cli.NetworkClient] (kafka-producer-network-thread | Producer-topic-c406bbc7_b0b8_4480_8748_9468b51a3608) [Producer clientId=Producer-topic-c406bbc7_b0b8_4480_8748_9468b51a3608] The metadata response from the cluster reported a recoverable issue with correlation id 1 : {topic-c406bbc7_b0b8_4480_8748_9468b51a3608=UNKNOWN_TOPIC_OR_PARTITION}
2025-08-12 14:50:10,278 INFO  [org.apa.kaf.cli.Metadata] (kafka-producer-network-thread | Producer-topic-c406bbc7_b0b8_4480_8748_9468b51a3608) [Producer clientId=Producer-topic-c406bbc7_b0b8_4480_8748_9468b51a3608] Cluster ID: 2kzKdHjlS02ID15h9rF1bw
2025-08-12 14:50:10,279 INFO  [org.apa.kaf.cli.pro.int.TransactionManager] (kafka-producer-network-thread | Producer-topic-c406bbc7_b0b8_4480_8748_9468b51a3608) [Producer clientId=Producer-topic-c406bbc7_b0b8_4480_8748_9468b51a3608] ProducerId set to 25 with epoch 0
2025-08-12 14:50:10,557 INFO  [io.api.tes.ser.api.KafkaSerdesTester] (Thread-741) Sending message {"key11755010210260": "value-1"} to topic topic-c406bbc7_b0b8_4480_8748_9468b51a3608
2025-08-12 14:50:10,559 INFO  [io.api.tes.ser.api.KafkaSerdesTester] (Thread-741) Sending message {"key11755010210260": "value-2"} to topic topic-c406bbc7_b0b8_4480_8748_9468b51a3608
2025-08-12 14:50:10,560 INFO  [io.api.tes.ser.api.KafkaSerdesTester] (Thread-741) Sending message {"key11755010210260": "value-3"} to topic topic-c406bbc7_b0b8_4480_8748_9468b51a3608
2025-08-12 14:50:10,563 INFO  [io.api.tes.ser.api.KafkaSerdesTester] (Thread-741) Sending message {"key11755010210260": "value-4"} to topic topic-c406bbc7_b0b8_4480_8748_9468b51a3608
2025-08-12 14:50:10,564 INFO  [io.api.tes.ser.api.KafkaSerdesTester] (Thread-741) Sending message {"key11755010210260": "value-5"} to topic topic-c406bbc7_b0b8_4480_8748_9468b51a3608
2025-08-12 14:50:10,566 INFO  [io.api.tes.ser.api.KafkaSerdesTester] (Thread-741) Sending message {"key11755010210260": "value-6"} to topic topic-c406bbc7_b0b8_4480_8748_9468b51a3608
2025-08-12 14:50:10,571 INFO  [io.api.tes.ser.api.KafkaSerdesTester] (Thread-741) Sending message {"key11755010210260": "value-7"} to topic topic-c406bbc7_b0b8_4480_8748_9468b51a3608
2025-08-12 14:50:10,573 INFO  [io.api.tes.ser.api.KafkaSerdesTester] (Thread-741) Sending message {"key11755010210260": "value-8"} to topic topic-c406bbc7_b0b8_4480_8748_9468b51a3608
2025-08-12 14:50:10,575 INFO  [io.api.tes.ser.api.KafkaSerdesTester] (Thread-741) Sending message {"key11755010210260": "value-9"} to topic topic-c406bbc7_b0b8_4480_8748_9468b51a3608
2025-08-12 14:50:10,576 INFO  [io.api.tes.ser.api.KafkaSerdesTester] (Thread-741) Produced 10 messages
2025-08-12 14:50:10,576 INFO  [org.apa.kaf.cli.pro.KafkaProducer] (Thread-741) [Producer clientId=Producer-topic-c406bbc7_b0b8_4480_8748_9468b51a3608] Closing the Kafka producer with timeoutMillis = 9223372036854775807 ms.
2025-08-12 14:50:10,578 INFO  [org.apa.kaf.com.met.Metrics] (Thread-741) Metrics scheduler closed
2025-08-12 14:50:10,578 INFO  [org.apa.kaf.com.met.Metrics] (Thread-741) Closing reporter org.apache.kafka.common.metrics.JmxReporter
2025-08-12 14:50:10,578 INFO  [org.apa.kaf.com.met.Metrics] (Thread-741) Closing reporter org.apache.kafka.common.telemetry.internals.ClientTelemetryReporter
2025-08-12 14:50:10,578 INFO  [org.apa.kaf.com.met.Metrics] (Thread-741) Metrics reporters closed
2025-08-12 14:50:10,579 INFO  [org.apa.kaf.com.uti.AppInfoParser] (Thread-741) App info kafka.producer for Producer-topic-c406bbc7_b0b8_4480_8748_9468b51a3608 unregistered
**** Registry Base URL: http://registry-app-inmemory.apps.ci419.apicurio-testing.org:80
2025-08-12 14:50:10,734 INFO  [org.apa.kaf.cli.con.ConsumerConfig] (main) ConsumerConfig values: 
	allow.auto.create.topics = true
	auto.commit.interval.ms = 500
	auto.include.jmx.reporter = true
	auto.offset.reset = earliest
	bootstrap.servers = [PLAINTEXT://localhost:32769]
	check.crcs = true
	client.dns.lookup = use_all_dns_ips
	client.id = consumer-Consumer-topic-c406bbc7_b0b8_4480_8748_9468b51a3608-18
	client.rack = 
	connections.max.idle.ms = 10000
	default.api.timeout.ms = 60000
	enable.auto.commit = true
	enable.metrics.push = true
	exclude.internal.topics = true
	fetch.max.bytes = 52428800
	fetch.max.wait.ms = 500
	fetch.min.bytes = 1
	group.id = Consumer-topic-c406bbc7_b0b8_4480_8748_9468b51a3608
	group.instance.id = null
	group.protocol = classic
	group.remote.assignor = null
	heartbeat.interval.ms = 3000
	interceptor.classes = []
	internal.leave.group.on.close = true
	internal.throw.on.fetch.stable.offset.unsupported = false
	isolation.level = read_uncommitted
	key.deserializer = class org.apache.kafka.common.serialization.StringDeserializer
	max.partition.fetch.bytes = 1048576
	max.poll.interval.ms = 300000
	max.poll.records = 500
	metadata.max.age.ms = 300000
	metadata.recovery.strategy = none
	metric.reporters = []
	metrics.num.samples = 2
	metrics.recording.level = INFO
	metrics.sample.window.ms = 30000
	partition.assignment.strategy = [class org.apache.kafka.clients.consumer.RangeAssignor, class org.apache.kafka.clients.consumer.CooperativeStickyAssignor]
	receive.buffer.bytes = 65536
	reconnect.backoff.max.ms = 1000
	reconnect.backoff.ms = 50
	request.timeout.ms = 5000
	retry.backoff.max.ms = 1000
	retry.backoff.ms = 100
	sasl.client.callback.handler.class = null
	sasl.jaas.config = null
	sasl.kerberos.kinit.cmd = /usr/bin/kinit
	sasl.kerberos.min.time.before.relogin = 60000
	sasl.kerberos.service.name = null
	sasl.kerberos.ticket.renew.jitter = 0.05
	sasl.kerberos.ticket.renew.window.factor = 0.8
	sasl.login.callback.handler.class = null
	sasl.login.class = null
	sasl.login.connect.timeout.ms = null
	sasl.login.read.timeout.ms = null
	sasl.login.refresh.buffer.seconds = 300
	sasl.login.refresh.min.period.seconds = 60
	sasl.login.refresh.window.factor = 0.8
	sasl.login.refresh.window.jitter = 0.05
	sasl.login.retry.backoff.max.ms = 10000
	sasl.login.retry.backoff.ms = 100
	sasl.mechanism = GSSAPI
	sasl.oauthbearer.clock.skew.seconds = 30
	sasl.oauthbearer.expected.audience = null
	sasl.oauthbearer.expected.issuer = null
	sasl.oauthbearer.header.urlencode = false
	sasl.oauthbearer.jwks.endpoint.refresh.ms = 3600000
	sasl.oauthbearer.jwks.endpoint.retry.backoff.max.ms = 10000
	sasl.oauthbearer.jwks.endpoint.retry.backoff.ms = 100
	sasl.oauthbearer.jwks.endpoint.url = null
	sasl.oauthbearer.scope.claim.name = scope
	sasl.oauthbearer.sub.claim.name = sub
	sasl.oauthbearer.token.endpoint.url = null
	security.protocol = PLAINTEXT
	security.providers = null
	send.buffer.bytes = 131072
	session.timeout.ms = 45000
	socket.connection.setup.timeout.max.ms = 30000
	socket.connection.setup.timeout.ms = 10000
	ssl.cipher.suites = null
	ssl.enabled.protocols = [TLSv1.2, TLSv1.3]
	ssl.endpoint.identification.algorithm = https
	ssl.engine.factory.class = null
	ssl.key.password = null
	ssl.keymanager.algorithm = SunX509
	ssl.keystore.certificate.chain = null
	ssl.keystore.key = null
	ssl.keystore.location = null
	ssl.keystore.password = null
	ssl.keystore.type = JKS
	ssl.protocol = TLSv1.3
	ssl.provider = null
	ssl.secure.random.implementation = null
	ssl.trustmanager.algorithm = PKIX
	ssl.truststore.certificates = null
	ssl.truststore.location = null
	ssl.truststore.password = null
	ssl.truststore.type = JKS
	value.deserializer = class io.apicurio.registry.serde.avro.AvroKafkaDeserializer

2025-08-12 14:50:10,734 INFO  [org.apa.kaf.com.tel.int.KafkaMetricsCollector] (main) initializing Kafka metrics collector
2025-08-12 14:50:10,740 INFO  [org.apa.kaf.cli.con.ConsumerConfig] (main) These configurations '[apicurio.registry.url, apicurio.registry.use-id]' were supplied but are not used yet.
2025-08-12 14:50:10,740 INFO  [org.apa.kaf.com.uti.AppInfoParser] (main) Kafka version: 3.9.1
2025-08-12 14:50:10,740 INFO  [org.apa.kaf.com.uti.AppInfoParser] (main) Kafka commitId: f745dfdcee2b9851
2025-08-12 14:50:10,740 INFO  [org.apa.kaf.com.uti.AppInfoParser] (main) Kafka startTimeMs: 1755010210740
2025-08-12 14:50:10,740 INFO  [org.apa.kaf.cli.con.int.ClassicKafkaConsumer] (Thread-744) [Consumer clientId=consumer-Consumer-topic-c406bbc7_b0b8_4480_8748_9468b51a3608-18, groupId=Consumer-topic-c406bbc7_b0b8_4480_8748_9468b51a3608] Subscribed to topic(s): topic-c406bbc7_b0b8_4480_8748_9468b51a3608
2025-08-12 14:50:10,745 INFO  [org.apa.kaf.cli.Metadata] (Thread-744) [Consumer clientId=consumer-Consumer-topic-c406bbc7_b0b8_4480_8748_9468b51a3608-18, groupId=Consumer-topic-c406bbc7_b0b8_4480_8748_9468b51a3608] Cluster ID: 2kzKdHjlS02ID15h9rF1bw
2025-08-12 14:50:10,746 INFO  [org.apa.kaf.cli.con.int.ConsumerCoordinator] (Thread-744) [Consumer clientId=consumer-Consumer-topic-c406bbc7_b0b8_4480_8748_9468b51a3608-18, groupId=Consumer-topic-c406bbc7_b0b8_4480_8748_9468b51a3608] Discovered group coordinator localhost:32769 (id: 2147483647 rack: null)
2025-08-12 14:50:10,747 INFO  [org.apa.kaf.cli.con.int.ConsumerCoordinator] (Thread-744) [Consumer clientId=consumer-Consumer-topic-c406bbc7_b0b8_4480_8748_9468b51a3608-18, groupId=Consumer-topic-c406bbc7_b0b8_4480_8748_9468b51a3608] (Re-)joining group
2025-08-12 14:50:10,750 INFO  [org.apa.kaf.cli.con.int.ConsumerCoordinator] (Thread-744) [Consumer clientId=consumer-Consumer-topic-c406bbc7_b0b8_4480_8748_9468b51a3608-18, groupId=Consumer-topic-c406bbc7_b0b8_4480_8748_9468b51a3608] Request joining group due to: need to re-join with the given member-id: consumer-Consumer-topic-c406bbc7_b0b8_4480_8748_9468b51a3608-18-b4db5f78-f28d-4979-8054-5880aae2325d
2025-08-12 14:50:10,750 INFO  [org.apa.kaf.cli.con.int.ConsumerCoordinator] (Thread-744) [Consumer clientId=consumer-Consumer-topic-c406bbc7_b0b8_4480_8748_9468b51a3608-18, groupId=Consumer-topic-c406bbc7_b0b8_4480_8748_9468b51a3608] (Re-)joining group
2025-08-12 14:50:11,740 INFO  [io.api.tes.ser.api.KafkaSerdesTester] (Thread-744) None found
2025-08-12 14:50:12,741 INFO  [io.api.tes.ser.api.KafkaSerdesTester] (Thread-744) None found
2025-08-12 14:50:13,741 INFO  [io.api.tes.ser.api.KafkaSerdesTester] (Thread-744) None found
2025-08-12 14:50:13,752 INFO  [org.apa.kaf.cli.con.int.ConsumerCoordinator] (Thread-744) [Consumer clientId=consumer-Consumer-topic-c406bbc7_b0b8_4480_8748_9468b51a3608-18, groupId=Consumer-topic-c406bbc7_b0b8_4480_8748_9468b51a3608] Successfully joined group with generation Generation{generationId=1, memberId='consumer-Consumer-topic-c406bbc7_b0b8_4480_8748_9468b51a3608-18-b4db5f78-f28d-4979-8054-5880aae2325d', protocol='range'}
2025-08-12 14:50:13,752 INFO  [org.apa.kaf.cli.con.int.ConsumerCoordinator] (Thread-744) [Consumer clientId=consumer-Consumer-topic-c406bbc7_b0b8_4480_8748_9468b51a3608-18, groupId=Consumer-topic-c406bbc7_b0b8_4480_8748_9468b51a3608] Finished assignment for group at generation 1: {consumer-Consumer-topic-c406bbc7_b0b8_4480_8748_9468b51a3608-18-b4db5f78-f28d-4979-8054-5880aae2325d=Assignment(partitions=[topic-c406bbc7_b0b8_4480_8748_9468b51a3608-0])}
2025-08-12 14:50:13,758 INFO  [org.apa.kaf.cli.con.int.ConsumerCoordinator] (Thread-744) [Consumer clientId=consumer-Consumer-topic-c406bbc7_b0b8_4480_8748_9468b51a3608-18, groupId=Consumer-topic-c406bbc7_b0b8_4480_8748_9468b51a3608] Successfully synced group in generation Generation{generationId=1, memberId='consumer-Consumer-topic-c406bbc7_b0b8_4480_8748_9468b51a3608-18-b4db5f78-f28d-4979-8054-5880aae2325d', protocol='range'}
2025-08-12 14:50:13,758 INFO  [org.apa.kaf.cli.con.int.ConsumerCoordinator] (Thread-744) [Consumer clientId=consumer-Consumer-topic-c406bbc7_b0b8_4480_8748_9468b51a3608-18, groupId=Consumer-topic-c406bbc7_b0b8_4480_8748_9468b51a3608] Notifying assignor about the new Assignment(partitions=[topic-c406bbc7_b0b8_4480_8748_9468b51a3608-0])
2025-08-12 14:50:13,758 INFO  [org.apa.kaf.cli.con.int.ConsumerRebalanceListenerInvoker] (Thread-744) [Consumer clientId=consumer-Consumer-topic-c406bbc7_b0b8_4480_8748_9468b51a3608-18, groupId=Consumer-topic-c406bbc7_b0b8_4480_8748_9468b51a3608] Adding newly assigned partitions: topic-c406bbc7_b0b8_4480_8748_9468b51a3608-0
2025-08-12 14:50:13,759 INFO  [org.apa.kaf.cli.con.int.ConsumerCoordinator] (Thread-744) [Consumer clientId=consumer-Consumer-topic-c406bbc7_b0b8_4480_8748_9468b51a3608-18, groupId=Consumer-topic-c406bbc7_b0b8_4480_8748_9468b51a3608] Found no committed offset for partition topic-c406bbc7_b0b8_4480_8748_9468b51a3608-0
2025-08-12 14:50:13,762 INFO  [org.apa.kaf.cli.con.int.SubscriptionState] (Thread-744) [Consumer clientId=consumer-Consumer-topic-c406bbc7_b0b8_4480_8748_9468b51a3608-18, groupId=Consumer-topic-c406bbc7_b0b8_4480_8748_9468b51a3608] Resetting offset for partition topic-c406bbc7_b0b8_4480_8748_9468b51a3608-0 to position FetchPosition{offset=0, offsetEpoch=Optional.empty, currentLeader=LeaderAndEpoch{leader=Optional[localhost:32769 (id: 0 rack: null)], epoch=0}}.
2025-08-12 14:50:13,995 INFO  [io.api.tes.ser.api.KafkaSerdesTester] (Thread-744) topic-c406bbc7_b0b8_4480_8748_9468b51a3608 0 0 {"key11755010210260": "value-0"}
2025-08-12 14:50:13,995 INFO  [io.api.tes.ser.api.KafkaSerdesTester] (Thread-744) topic-c406bbc7_b0b8_4480_8748_9468b51a3608 0 1 {"key11755010210260": "value-1"}
2025-08-12 14:50:13,995 INFO  [io.api.tes.ser.api.KafkaSerdesTester] (Thread-744) topic-c406bbc7_b0b8_4480_8748_9468b51a3608 0 2 {"key11755010210260": "value-2"}
2025-08-12 14:50:13,995 INFO  [io.api.tes.ser.api.KafkaSerdesTester] (Thread-744) topic-c406bbc7_b0b8_4480_8748_9468b51a3608 0 3 {"key11755010210260": "value-3"}
2025-08-12 14:50:13,995 INFO  [io.api.tes.ser.api.KafkaSerdesTester] (Thread-744) topic-c406bbc7_b0b8_4480_8748_9468b51a3608 0 4 {"key11755010210260": "value-4"}
2025-08-12 14:50:13,995 INFO  [io.api.tes.ser.api.KafkaSerdesTester] (Thread-744) topic-c406bbc7_b0b8_4480_8748_9468b51a3608 0 5 {"key11755010210260": "value-5"}
2025-08-12 14:50:13,995 INFO  [io.api.tes.ser.api.KafkaSerdesTester] (Thread-744) topic-c406bbc7_b0b8_4480_8748_9468b51a3608 0 6 {"key11755010210260": "value-6"}
2025-08-12 14:50:13,995 INFO  [io.api.tes.ser.api.KafkaSerdesTester] (Thread-744) topic-c406bbc7_b0b8_4480_8748_9468b51a3608 0 7 {"key11755010210260": "value-7"}
2025-08-12 14:50:13,995 INFO  [io.api.tes.ser.api.KafkaSerdesTester] (Thread-744) topic-c406bbc7_b0b8_4480_8748_9468b51a3608 0 8 {"key11755010210260": "value-8"}
2025-08-12 14:50:13,995 INFO  [io.api.tes.ser.api.KafkaSerdesTester] (Thread-744) topic-c406bbc7_b0b8_4480_8748_9468b51a3608 0 9 {"key11755010210260": "value-9"}
2025-08-12 14:50:13,995 INFO  [io.api.tes.ser.api.KafkaSerdesTester] (Thread-744) Consumed 10 messages
2025-08-12 14:50:14,002 INFO  [org.apa.kaf.cli.con.int.ConsumerRebalanceListenerInvoker] (Thread-744) [Consumer clientId=consumer-Consumer-topic-c406bbc7_b0b8_4480_8748_9468b51a3608-18, groupId=Consumer-topic-c406bbc7_b0b8_4480_8748_9468b51a3608] Revoke previously assigned partitions topic-c406bbc7_b0b8_4480_8748_9468b51a3608-0
2025-08-12 14:50:14,002 INFO  [org.apa.kaf.cli.con.int.ConsumerCoordinator] (Thread-744) [Consumer clientId=consumer-Consumer-topic-c406bbc7_b0b8_4480_8748_9468b51a3608-18, groupId=Consumer-topic-c406bbc7_b0b8_4480_8748_9468b51a3608] Member consumer-Consumer-topic-c406bbc7_b0b8_4480_8748_9468b51a3608-18-b4db5f78-f28d-4979-8054-5880aae2325d sending LeaveGroup request to coordinator localhost:32769 (id: 2147483647 rack: null) due to the consumer is being closed
2025-08-12 14:50:14,003 INFO  [org.apa.kaf.cli.con.int.ConsumerCoordinator] (Thread-744) [Consumer clientId=consumer-Consumer-topic-c406bbc7_b0b8_4480_8748_9468b51a3608-18, groupId=Consumer-topic-c406bbc7_b0b8_4480_8748_9468b51a3608] Resetting generation and member id due to: consumer pro-actively leaving the group
2025-08-12 14:50:14,003 INFO  [org.apa.kaf.cli.con.int.ConsumerCoordinator] (Thread-744) [Consumer clientId=consumer-Consumer-topic-c406bbc7_b0b8_4480_8748_9468b51a3608-18, groupId=Consumer-topic-c406bbc7_b0b8_4480_8748_9468b51a3608] Request joining group due to: consumer pro-actively leaving the group
2025-08-12 14:50:14,497 INFO  [org.apa.kaf.com.met.Metrics] (Thread-744) Metrics scheduler closed
2025-08-12 14:50:14,497 INFO  [org.apa.kaf.com.met.Metrics] (Thread-744) Closing reporter org.apache.kafka.common.metrics.JmxReporter
2025-08-12 14:50:14,497 INFO  [org.apa.kaf.com.met.Metrics] (Thread-744) Closing reporter org.apache.kafka.common.telemetry.internals.ClientTelemetryReporter
2025-08-12 14:50:14,497 INFO  [org.apa.kaf.com.met.Metrics] (Thread-744) Metrics reporters closed
2025-08-12 14:50:14,498 INFO  [org.apa.kaf.com.uti.AppInfoParser] (Thread-744) App info kafka.consumer for consumer-Consumer-topic-c406bbc7_b0b8_4480_8748_9468b51a3608-18 unregistered
2025-08-12 14:50:14,499 INFO  [io.api.tes.uti.TestSeparator] (main) io.apicurio.tests.serdes.apicurio.AvroSerdeIT.testGlobalIdInBody-FINISHED
2025-08-12 14:50:14,499 INFO  [io.api.tes.uti.TestSeparator] (main) ############################################################################
Test passed: testGlobalIdInBody
]]></system-out>
  </testcase>
  <testcase name="testProducerUsesGlobalIdConsumerUsesDefault" classname="io.apicurio.tests.serdes.apicurio.AvroSerdeIT" time="0.0">
    <skipped message="void io.apicurio.tests.serdes.apicurio.AvroSerdeIT.testProducerUsesGlobalIdConsumerUsesDefault() throws java.lang.Exception is @Disabled"/>
  </testcase>
</testsuite>